2022-12-27T01:50:53.8716639Z Requested labels: self-hosted, macOS, X64
2022-12-27T01:50:53.8716721Z Job defined at: kilnbuild/python.build/.github/workflows/mac_arm_build.yml@refs/heads/main
2022-12-27T01:50:53.8716750Z Waiting for a runner to pick up this job...
2022-12-27T01:52:42.5216773Z Job is about to start running on the runner: kr1 (organization)
2022-12-27T01:52:47.0719770Z Current runner version: '2.300.2'
2022-12-27T01:52:47.0727730Z Runner name: 'kr1'
2022-12-27T01:52:47.0728160Z Runner group name: 'Default'
2022-12-27T01:52:47.0729010Z Machine name: 'kr1'
2022-12-27T01:52:47.0731770Z ##[group]GITHUB_TOKEN Permissions
2022-12-27T01:52:47.0732460Z Actions: write
2022-12-27T01:52:47.0732760Z Checks: write
2022-12-27T01:52:47.0733080Z Contents: write
2022-12-27T01:52:47.0733470Z Deployments: write
2022-12-27T01:52:47.0733780Z Discussions: write
2022-12-27T01:52:47.0734070Z Issues: write
2022-12-27T01:52:47.0734340Z Metadata: read
2022-12-27T01:52:47.0734630Z Packages: write
2022-12-27T01:52:47.0734930Z Pages: write
2022-12-27T01:52:47.0735220Z PullRequests: write
2022-12-27T01:52:47.0735560Z RepositoryProjects: write
2022-12-27T01:52:47.0735900Z SecurityEvents: write
2022-12-27T01:52:47.0736200Z Statuses: write
2022-12-27T01:52:47.0736490Z ##[endgroup]
2022-12-27T01:52:47.0740250Z Secret source: Actions
2022-12-27T01:52:47.0740740Z Prepare workflow directory
2022-12-27T01:52:47.1927130Z Prepare all required actions
2022-12-27T01:52:47.2153550Z Getting action download info
2022-12-27T01:52:47.7383930Z Download action repository 'actions/setup-python@v4' (SHA:5ccb29d8773c3f3f653e1705f474dfaa8a06a912)
2022-12-27T01:52:49.1344330Z Download action repository 'actions/upload-artifact@v3' (SHA:83fd05a356d7e2593de66fc9913b3002723633cb)
2022-12-27T01:52:50.5615540Z ##[group]Run echo '{
2022-12-27T01:52:50.5616030Z [36;1mecho '{[0m
2022-12-27T01:52:50.5616440Z [36;1m  "environment_variables": "GRPC_PYTHON_BUILD_WITH_CYTHON=1 GRPC_BUILD_WITH_BORING_SSL_ASM='' GRPC_PYTHON_BUILD_SYSTEM_OPENSSL=TRUE",[0m
2022-12-27T01:52:50.5616910Z [36;1m  "package_name": "grpcio",[0m
2022-12-27T01:52:50.5617430Z [36;1m  "package_url": "https://files.pythonhosted.org/packages/d2/71/378525c18c36d2323aebe9c1a448a49f19ef14afa8e174be1e608850ba26/grpcio-1.0.2.tar.gz",[0m
2022-12-27T01:52:50.5617840Z [36;1m  "package_version": "1.0.2",[0m
2022-12-27T01:52:50.5618110Z [36;1m  "python_version": "3.11",[0m
2022-12-27T01:52:50.5618330Z [36;1m  "use_ccache": "true"[0m
2022-12-27T01:52:50.5618520Z [36;1m}'[0m
2022-12-27T01:52:50.5647010Z shell: /bin/bash -e {0}
2022-12-27T01:52:50.5647290Z ##[endgroup]
2022-12-27T01:52:50.6020180Z {
2022-12-27T01:52:50.6022980Z   "environment_variables": "GRPC_PYTHON_BUILD_WITH_CYTHON=1 GRPC_BUILD_WITH_BORING_SSL_ASM= GRPC_PYTHON_BUILD_SYSTEM_OPENSSL=TRUE",
2022-12-27T01:52:50.6023530Z   "package_name": "grpcio",
2022-12-27T01:52:50.6024470Z   "package_url": "https://files.pythonhosted.org/packages/d2/71/378525c18c36d2323aebe9c1a448a49f19ef14afa8e174be1e608850ba26/grpcio-1.0.2.tar.gz",
2022-12-27T01:52:50.6025050Z   "package_version": "1.0.2",
2022-12-27T01:52:50.6025400Z   "python_version": "3.11",
2022-12-27T01:52:50.6025760Z   "use_ccache": "true"
2022-12-27T01:52:50.6026070Z }
2022-12-27T01:52:50.6368690Z ##[group]Run actions/setup-python@v4
2022-12-27T01:52:50.6369030Z with:
2022-12-27T01:52:50.6369330Z   python-version: 3.11
2022-12-27T01:52:50.6369790Z   check-latest: false
2022-12-27T01:52:50.6370300Z   token: ***
2022-12-27T01:52:50.6370600Z   update-environment: true
2022-12-27T01:52:50.6370920Z ##[endgroup]
2022-12-27T01:52:50.8567220Z ##[group]Installed versions
2022-12-27T01:52:50.8630370Z Successfully set up CPython (3.11.1)
2022-12-27T01:52:50.8631750Z ##[endgroup]
2022-12-27T01:52:50.8871610Z ##[group]Run if [ "true" == "true" ]
2022-12-27T01:52:50.8871980Z [36;1mif [ "true" == "true" ][0m
2022-12-27T01:52:50.8872330Z [36;1mthen[0m
2022-12-27T01:52:50.8872740Z [36;1m  echo "CCACHE_PATH_PREPEND=/usr/local/opt/ccache/libexec" >> $GITHUB_OUTPUT[0m
2022-12-27T01:52:50.8873140Z [36;1melse[0m
2022-12-27T01:52:50.8873520Z [36;1m  echo "CCACHE_PATH_PREPEND=" >> $GITHUB_OUTPUT[0m
2022-12-27T01:52:50.8873890Z [36;1mfi[0m
2022-12-27T01:52:50.8908000Z shell: /bin/bash -e {0}
2022-12-27T01:52:50.8908290Z env:
2022-12-27T01:52:50.8908800Z   pythonLocation: /Users/runner/hostedtoolcache/Python/3.11.1/x64
2022-12-27T01:52:50.8909350Z   PKG_CONFIG_PATH: /Users/runner/hostedtoolcache/Python/3.11.1/x64/lib/pkgconfig
2022-12-27T01:52:50.8910410Z   Python_ROOT_DIR: /Users/runner/hostedtoolcache/Python/3.11.1/x64
2022-12-27T01:52:50.8910860Z   Python2_ROOT_DIR: /Users/runner/hostedtoolcache/Python/3.11.1/x64
2022-12-27T01:52:50.8911520Z   Python3_ROOT_DIR: /Users/runner/hostedtoolcache/Python/3.11.1/x64
2022-12-27T01:52:50.8911840Z ##[endgroup]
2022-12-27T01:52:50.9191470Z ##[group]Run echo "BUILD_NAME=$(echo grpcio_1.0.2_3.11 | tr -dc '[:alnum:]\n\r' | tr '[:upper:]' '[:lower:]')" >> $GITHUB_OUTPUT
2022-12-27T01:52:50.9192060Z [36;1mecho "BUILD_NAME=$(echo grpcio_1.0.2_3.11 | tr -dc '[:alnum:]\n\r' | tr '[:upper:]' '[:lower:]')" >> $GITHUB_OUTPUT[0m
2022-12-27T01:52:50.9220920Z shell: /bin/bash -e {0}
2022-12-27T01:52:50.9221150Z env:
2022-12-27T01:52:50.9221390Z   pythonLocation: /Users/runner/hostedtoolcache/Python/3.11.1/x64
2022-12-27T01:52:50.9221810Z   PKG_CONFIG_PATH: /Users/runner/hostedtoolcache/Python/3.11.1/x64/lib/pkgconfig
2022-12-27T01:52:50.9222210Z   Python_ROOT_DIR: /Users/runner/hostedtoolcache/Python/3.11.1/x64
2022-12-27T01:52:50.9222660Z   Python2_ROOT_DIR: /Users/runner/hostedtoolcache/Python/3.11.1/x64
2022-12-27T01:52:50.9223020Z   Python3_ROOT_DIR: /Users/runner/hostedtoolcache/Python/3.11.1/x64
2022-12-27T01:52:50.9223260Z ##[endgroup]
2022-12-27T01:52:50.9476390Z ##[group]Run echo "PYTHON_NO_DOTS=$(echo 3.11 | tr -dc '[:alnum:]\n\r' | tr '[:upper:]' '[:lower:]')" >> $GITHUB_OUTPUT
2022-12-27T01:52:50.9477330Z [36;1mecho "PYTHON_NO_DOTS=$(echo 3.11 | tr -dc '[:alnum:]\n\r' | tr '[:upper:]' '[:lower:]')" >> $GITHUB_OUTPUT[0m
2022-12-27T01:52:50.9509670Z shell: /bin/bash -e {0}
2022-12-27T01:52:50.9510080Z env:
2022-12-27T01:52:50.9510490Z   pythonLocation: /Users/runner/hostedtoolcache/Python/3.11.1/x64
2022-12-27T01:52:50.9511180Z   PKG_CONFIG_PATH: /Users/runner/hostedtoolcache/Python/3.11.1/x64/lib/pkgconfig
2022-12-27T01:52:50.9511600Z   Python_ROOT_DIR: /Users/runner/hostedtoolcache/Python/3.11.1/x64
2022-12-27T01:52:50.9512060Z   Python2_ROOT_DIR: /Users/runner/hostedtoolcache/Python/3.11.1/x64
2022-12-27T01:52:50.9513500Z   Python3_ROOT_DIR: /Users/runner/hostedtoolcache/Python/3.11.1/x64
2022-12-27T01:52:50.9513960Z ##[endgroup]
2022-12-27T01:52:50.9758160Z ##[group]Run rm -rf build_grpcio102311
2022-12-27T01:52:50.9758790Z [36;1mrm -rf build_grpcio102311[0m
2022-12-27T01:52:50.9759080Z [36;1mmkdir build_grpcio102311[0m
2022-12-27T01:52:50.9759490Z [36;1mcd build_grpcio102311[0m
2022-12-27T01:52:50.9760030Z [36;1m/usr/local/bin/wget --quiet https://files.pythonhosted.org/packages/d2/71/378525c18c36d2323aebe9c1a448a49f19ef14afa8e174be1e608850ba26/grpcio-1.0.2.tar.gz[0m
2022-12-27T01:52:50.9760510Z [36;1mtar xf *.tar.gz[0m
2022-12-27T01:52:50.9760780Z [36;1mcd grpcio-*/[0m
2022-12-27T01:52:50.9761140Z [36;1mpython -m pip install cibuildwheel==2.11.3[0m
2022-12-27T01:52:50.9761610Z [36;1mpython -m cibuildwheel --output-dir ../wheelsout[0m
2022-12-27T01:52:50.9791200Z shell: /bin/bash -e {0}
2022-12-27T01:52:50.9791520Z env:
2022-12-27T01:52:50.9792040Z   pythonLocation: /Users/runner/hostedtoolcache/Python/3.11.1/x64
2022-12-27T01:52:50.9792540Z   PKG_CONFIG_PATH: /Users/runner/hostedtoolcache/Python/3.11.1/x64/lib/pkgconfig
2022-12-27T01:52:50.9793000Z   Python_ROOT_DIR: /Users/runner/hostedtoolcache/Python/3.11.1/x64
2022-12-27T01:52:50.9793370Z   Python2_ROOT_DIR: /Users/runner/hostedtoolcache/Python/3.11.1/x64
2022-12-27T01:52:50.9793800Z   Python3_ROOT_DIR: /Users/runner/hostedtoolcache/Python/3.11.1/x64
2022-12-27T01:52:50.9794280Z   CIBW_ARCHS_MACOS: arm64
2022-12-27T01:52:50.9794540Z   CIBW_TEST_SKIP: *_arm64
2022-12-27T01:52:50.9794870Z   CIBW_BUILD: cp311-macosx_arm64
2022-12-27T01:52:50.9795210Z   CIBW_BUILD_FRONTEND: pip
2022-12-27T01:52:50.9795480Z   CIBW_BUILD_VERBOSITY: 3
2022-12-27T01:52:50.9796220Z   CIBW_ENVIRONMENT_MACOS: GRPC_PYTHON_BUILD_WITH_CYTHON=1 GRPC_BUILD_WITH_BORING_SSL_ASM='' GRPC_PYTHON_BUILD_SYSTEM_OPENSSL=TRUE CFLAGS="-I/usr/local/opt/openssl@3/include" LDFLAGS="-L/usr/local/opt/openssl@3/lib" CPPFLAGS="-I/usr/local/opt/openssl@3/include" MAKEFLAGS="-j$(sysctl -n hw.logicalcpu)" PATH=/usr/local/opt/ccache/libexec:$PATH
2022-12-27T01:52:50.9797290Z   CIBW_BEFORE_BUILD: pip install Cython; if [[ -f requirements.txt ]]; then pip install -r requirements.txt; fi
2022-12-27T01:52:50.9798380Z   MAKEFLAGS: -j$(sysctl -n hw.logicalcpu)
2022-12-27T01:52:50.9798860Z ##[endgroup]
2022-12-27T01:52:52.3047330Z Requirement already satisfied: cibuildwheel==2.11.3 in /Library/Frameworks/Python.framework/Versions/3.11/lib/python3.11/site-packages (2.11.3)
2022-12-27T01:52:52.3632920Z Requirement already satisfied: bashlex!=0.13 in /Library/Frameworks/Python.framework/Versions/3.11/lib/python3.11/site-packages (from cibuildwheel==2.11.3) (0.16)
2022-12-27T01:52:52.3643030Z Requirement already satisfied: bracex in /Library/Frameworks/Python.framework/Versions/3.11/lib/python3.11/site-packages (from cibuildwheel==2.11.3) (2.3.post1)
2022-12-27T01:52:52.3652510Z Requirement already satisfied: certifi in /Library/Frameworks/Python.framework/Versions/3.11/lib/python3.11/site-packages (from cibuildwheel==2.11.3) (2022.12.7)
2022-12-27T01:52:52.3661480Z Requirement already satisfied: filelock in /Library/Frameworks/Python.framework/Versions/3.11/lib/python3.11/site-packages (from cibuildwheel==2.11.3) (3.8.2)
2022-12-27T01:52:52.3676270Z Requirement already satisfied: packaging>=20.9 in /Library/Frameworks/Python.framework/Versions/3.11/lib/python3.11/site-packages (from cibuildwheel==2.11.3) (22.0)
2022-12-27T01:52:52.3688380Z Requirement already satisfied: platformdirs in /Library/Frameworks/Python.framework/Versions/3.11/lib/python3.11/site-packages (from cibuildwheel==2.11.3) (2.6.0)
2022-12-27T01:52:52.7727230Z 
2022-12-27T01:52:52.7727750Z      _ _       _ _   _       _           _
2022-12-27T01:52:52.7728780Z  ___|_| |_ _ _|_| |_| |_ _ _| |_ ___ ___| |
2022-12-27T01:52:52.7730340Z |  _| | . | | | | | . | | | |   | -_| -_| |
2022-12-27T01:52:52.7731320Z |___|_|___|___|_|_|___|_____|_|_|___|___|_|
2022-12-27T01:52:52.7731750Z 
2022-12-27T01:52:52.7732600Z cibuildwheel version 2.11.3
2022-12-27T01:52:52.7733060Z 
2022-12-27T01:52:52.7733360Z Build options:
2022-12-27T01:52:52.7733910Z   platform: macos
2022-12-27T01:52:52.7916230Z   architectures: arm64[0m
2022-12-27T01:52:52.7917600Z   build_selector: 
2022-12-27T01:52:52.7923180Z     build_config: cp311-macosx_arm64
2022-12-27T01:52:52.7923980Z     skip_config: 
2022-12-27T01:52:52.7924680Z     requires_python: None
2022-12-27T01:52:52.7925510Z     prerelease_pythons: False[0m
2022-12-27T01:52:52.7926630Z   [38;5;244mcontainer_engine: docker[0m
2022-12-27T01:52:52.7928180Z   output_dir: /Users/runner/actions-runner/_work/python.build/python.build/build_grpcio102311/wheelsout[0m
2022-12-27T01:52:52.7929480Z   package_dir: /Users/runner/actions-runner/_work/python.build/python.build/build_grpcio102311/grpcio-1.0.2[0m
2022-12-27T01:52:52.7930160Z   test_selector: 
2022-12-27T01:52:52.7930980Z     skip_config: *_arm64[0m
2022-12-27T01:52:52.7931870Z   [38;5;244mbefore_all: [0m
2022-12-27T01:52:52.7933170Z   before_build: pip install Cython; if [[ -f requirements.txt ]]; then pip install -r requirements.txt; fi[0m
2022-12-27T01:52:52.7934230Z   [38;5;244mbefore_test: [0m
2022-12-27T01:52:52.7935070Z   [38;5;244mbuild_frontend: pip[0m
2022-12-27T01:52:52.7935540Z   build_verbosity: 3[0m
2022-12-27T01:52:52.7936150Z   [38;5;244mconfig_settings: [0m
2022-12-27T01:52:52.7936710Z   [38;5;244mdependency_constraints: pinned[0m
2022-12-27T01:52:52.7937060Z   environment: 
2022-12-27T01:52:52.7937430Z     GRPC_PYTHON_BUILD_WITH_CYTHON=1
2022-12-27T01:52:52.7937980Z     GRPC_BUILD_WITH_BORING_SSL_ASM=''
2022-12-27T01:52:52.7938630Z     GRPC_PYTHON_BUILD_SYSTEM_OPENSSL=TRUE
2022-12-27T01:52:52.7939120Z     CFLAGS="-I/usr/local/opt/openssl@3/include"
2022-12-27T01:52:52.7939580Z     LDFLAGS="-L/usr/local/opt/openssl@3/lib"
2022-12-27T01:52:52.7940040Z     CPPFLAGS="-I/usr/local/opt/openssl@3/include"
2022-12-27T01:52:52.7940440Z     MAKEFLAGS="-j$(sysctl -n hw.logicalcpu)"
2022-12-27T01:52:52.7941950Z     PATH=/usr/local/opt/ccache/libexec:$PATH[0m
2022-12-27T01:52:52.7942400Z   [38;5;244mmanylinux_images: None[0m
2022-12-27T01:52:52.7942770Z   [38;5;244mmusllinux_images: None[0m
2022-12-27T01:52:52.7943370Z   [38;5;244mrepair_command: delocate-wheel --require-archs {delocate_archs} -w {dest_dir} -v {wheel}[0m
2022-12-27T01:52:52.7944170Z   [38;5;244mtest_command: [0m
2022-12-27T01:52:52.7944550Z   [38;5;244mtest_extras: [0m
2022-12-27T01:52:52.7945020Z   [38;5;244mtest_requires: [0m
2022-12-27T01:52:52.7945230Z 
2022-12-27T01:52:52.7945450Z Cache folder: /Users/runner/Library/Caches/cibuildwheel
2022-12-27T01:52:52.7945700Z 
2022-12-27T01:52:52.7945840Z Here we go!
2022-12-27T01:52:52.7946030Z 
2022-12-27T01:52:52.8021690Z 
2022-12-27T01:52:52.8023300Z [1m[34mBuilding cp311-macosx_arm64 wheel[0m
2022-12-27T01:52:52.8024360Z CPython 3.11 macOS arm64 - Apple Silicon
2022-12-27T01:52:52.8024820Z 
2022-12-27T01:52:52.8027080Z ##[group]Installing Python cp311...
2022-12-27T01:52:52.8027530Z 
2022-12-27T01:52:52.8028710Z + pkgutil --pkgs
2022-12-27T01:52:52.8216450Z ##[endgroup]
2022-12-27T01:52:52.8219320Z                                                               [32m✓ [0m0.02s
2022-12-27T01:52:52.8220070Z ##[group]Setting up build environment...
2022-12-27T01:52:52.8220290Z 
2022-12-27T01:52:52.8244050Z + /Library/Frameworks/Python.framework/Versions/3.11/bin/python -sS /Users/runner/Library/Caches/cibuildwheel/virtualenv-20.17.0.pyz --activators= --no-periodic-update --pip=22.3.1 --setuptools=65.6.3 --wheel=0.38.4 --symlink-app-data --python /Library/Frameworks/Python.framework/Versions/3.11/bin/python3 /private/var/folders/51/hd414ycd67n82196sw51xqtc0000gn/T/cibw-run-4zt575w1/cp311-macosx_arm64/build/venv
2022-12-27T01:52:53.1203100Z created virtual environment CPython3.11.1.final.0-64 in 77ms
2022-12-27T01:52:53.1204060Z   creator CPython3Posix(dest=/private/var/folders/51/hd414ycd67n82196sw51xqtc0000gn/T/cibw-run-4zt575w1/cp311-macosx_arm64/build/venv, clear=False, no_vcs_ignore=False, global=False)
2022-12-27T01:52:53.1205270Z   seeder FromAppData(download=False, pip=22.3.1, setuptools=65.6.3, wheel=0.38.4, via=symlink, app_data_dir=/Users/runner/Library/Application Support/virtualenv)
2022-12-27T01:52:53.1205840Z     added seed packages: pip==22.3.1, setuptools==65.6.3, wheel==0.38.4
2022-12-27T01:52:53.1446690Z + python -m pip install --upgrade pip -c /Library/Frameworks/Python.framework/Versions/3.11/lib/python3.11/site-packages/cibuildwheel/resources/constraints-python311.txt
2022-12-27T01:52:53.5877150Z Requirement already satisfied: pip in ./lib/python3.11/site-packages (22.3.1)
2022-12-27T01:52:53.8049700Z + which pip
2022-12-27T01:52:53.8090190Z /private/var/folders/51/hd414ycd67n82196sw51xqtc0000gn/T/cibw-run-4zt575w1/cp311-macosx_arm64/build/venv/bin/pip
2022-12-27T01:52:53.8095480Z + pip --version
2022-12-27T01:52:54.1163100Z pip 22.3.1 from /private/var/folders/51/hd414ycd67n82196sw51xqtc0000gn/T/cibw-run-4zt575w1/cp311-macosx_arm64/build/venv/lib/python3.11/site-packages/pip (python 3.11)
2022-12-27T01:52:54.1797140Z + which pip
2022-12-27T01:52:54.1845440Z + which python
2022-12-27T01:52:54.1887530Z /private/var/folders/51/hd414ycd67n82196sw51xqtc0000gn/T/cibw-run-4zt575w1/cp311-macosx_arm64/build/venv/bin/python
2022-12-27T01:52:54.1892770Z + python --version
2022-12-27T01:52:54.2022660Z Python 3.11.1
2022-12-27T01:52:54.2030280Z + which python
2022-12-27T01:52:54.2133650Z ##[endgroup]
2022-12-27T01:52:54.2135100Z                                                               [32m✓ [0m1.39s
2022-12-27T01:52:54.2136570Z ##[group]Installing build tools...
2022-12-27T01:52:54.2137040Z 
2022-12-27T01:52:54.2138340Z + pip install --upgrade setuptools wheel delocate -c /Library/Frameworks/Python.framework/Versions/3.11/lib/python3.11/site-packages/cibuildwheel/resources/constraints-python311.txt
2022-12-27T01:52:54.6518060Z Requirement already satisfied: setuptools in /private/var/folders/51/hd414ycd67n82196sw51xqtc0000gn/T/cibw-run-4zt575w1/cp311-macosx_arm64/build/venv/lib/python3.11/site-packages (65.6.3)
2022-12-27T01:52:54.9209010Z Requirement already satisfied: wheel in /private/var/folders/51/hd414ycd67n82196sw51xqtc0000gn/T/cibw-run-4zt575w1/cp311-macosx_arm64/build/venv/lib/python3.11/site-packages (0.38.4)
2022-12-27T01:52:54.9836520Z Collecting delocate
2022-12-27T01:52:54.9881710Z   Using cached delocate-0.10.3-py3-none-any.whl (142 kB)
2022-12-27T01:52:55.0285620Z Collecting packaging>=20.9
2022-12-27T01:52:55.0321870Z   Using cached packaging-21.3-py3-none-any.whl (40 kB)
2022-12-27T01:52:55.0557210Z Collecting typing-extensions
2022-12-27T01:52:55.0589450Z   Using cached typing_extensions-4.4.0-py3-none-any.whl (26 kB)
2022-12-27T01:52:55.1114340Z Collecting pyparsing!=3.0.5,>=2.0.2
2022-12-27T01:52:55.1150130Z   Using cached pyparsing-3.0.9-py3-none-any.whl (98 kB)
2022-12-27T01:52:55.2019510Z Installing collected packages: typing-extensions, pyparsing, packaging, delocate
2022-12-27T01:52:55.4188760Z Successfully installed delocate-0.10.3 packaging-21.3 pyparsing-3.0.9 typing-extensions-4.4.0
2022-12-27T01:52:55.5398450Z ##[endgroup]
2022-12-27T01:52:55.5399560Z                                                               [32m✓ [0m1.33s
2022-12-27T01:52:55.5400180Z ##[group]Running before_build...
2022-12-27T01:52:55.5400380Z 
2022-12-27T01:52:55.5406250Z + pip install Cython; if [[ -f requirements.txt ]]; then pip install -r requirements.txt; fi
2022-12-27T01:52:56.5029220Z Collecting Cython
2022-12-27T01:52:56.5099980Z   Using cached Cython-0.29.32-py2.py3-none-any.whl (986 kB)
2022-12-27T01:52:56.5749430Z Installing collected packages: Cython
2022-12-27T01:52:57.2909600Z Successfully installed Cython-0.29.32
2022-12-27T01:52:58.4437980Z Collecting coverage>=4.0
2022-12-27T01:52:58.4491310Z   Using cached coverage-7.0.1-cp311-cp311-macosx_10_9_x86_64.whl (188 kB)
2022-12-27T01:52:58.4626290Z Requirement already satisfied: cython>=0.23 in /private/var/folders/51/hd414ycd67n82196sw51xqtc0000gn/T/cibw-run-4zt575w1/cp311-macosx_arm64/build/venv/lib/python3.11/site-packages (from -r requirements.txt (line 3)) (0.29.32)
2022-12-27T01:52:58.4828610Z Collecting enum34>=1.0.4
2022-12-27T01:52:58.4863100Z   Using cached enum34-1.1.10-py3-none-any.whl (11 kB)
2022-12-27T01:52:58.5075610Z Collecting futures>=2.2.0
2022-12-27T01:52:58.5077390Z   Using cached futures-3.0.5-py3-none-any.whl
2022-12-27T01:52:58.8801440Z Collecting protobuf>=3.0.0
2022-12-27T01:52:58.8852910Z   Using cached protobuf-4.21.12-cp37-abi3-macosx_10_9_universal2.whl (486 kB)
2022-12-27T01:52:58.9120010Z Collecting six>=1.10
2022-12-27T01:52:58.9149670Z   Using cached six-1.16.0-py2.py3-none-any.whl (11 kB)
2022-12-27T01:52:58.9181580Z Requirement already satisfied: wheel>=0.29 in /private/var/folders/51/hd414ycd67n82196sw51xqtc0000gn/T/cibw-run-4zt575w1/cp311-macosx_arm64/build/venv/lib/python3.11/site-packages (from -r requirements.txt (line 8)) (0.38.4)
2022-12-27T01:52:58.9903830Z Installing collected packages: futures, enum34, six, protobuf, coverage
2022-12-27T01:52:59.4155300Z Successfully installed coverage-7.0.1 enum34-1.1.10 futures-3.0.5 protobuf-4.21.12 six-1.16.0
2022-12-27T01:52:59.5695670Z ##[endgroup]
2022-12-27T01:52:59.5696900Z                                                               [32m✓ [0m4.03s
2022-12-27T01:52:59.5697540Z ##[group]Building wheel...
2022-12-27T01:52:59.5697800Z 
2022-12-27T01:52:59.5704870Z + python -m pip wheel /Users/runner/actions-runner/_work/python.build/python.build/build_grpcio102311/grpcio-1.0.2 --wheel-dir=/private/var/folders/51/hd414ycd67n82196sw51xqtc0000gn/T/cibw-run-4zt575w1/cp311-macosx_arm64/built_wheel --no-deps -vvv
2022-12-27T01:52:59.9610070Z Created temporary directory: /private/var/folders/51/hd414ycd67n82196sw51xqtc0000gn/T/pip-ephem-wheel-cache-t3acnr_1
2022-12-27T01:52:59.9615500Z Created temporary directory: /private/var/folders/51/hd414ycd67n82196sw51xqtc0000gn/T/pip-build-tracker-8aigqri1
2022-12-27T01:52:59.9618920Z Initialized build tracking at /private/var/folders/51/hd414ycd67n82196sw51xqtc0000gn/T/pip-build-tracker-8aigqri1
2022-12-27T01:52:59.9620960Z Created build tracker: /private/var/folders/51/hd414ycd67n82196sw51xqtc0000gn/T/pip-build-tracker-8aigqri1
2022-12-27T01:52:59.9622390Z Entered build tracker: /private/var/folders/51/hd414ycd67n82196sw51xqtc0000gn/T/pip-build-tracker-8aigqri1
2022-12-27T01:52:59.9626910Z Created temporary directory: /private/var/folders/51/hd414ycd67n82196sw51xqtc0000gn/T/pip-wheel-qo12eq54
2022-12-27T01:52:59.9636540Z Created temporary directory: /private/var/folders/51/hd414ycd67n82196sw51xqtc0000gn/T/pip-ephem-wheel-cache-5mh_s3hm
2022-12-27T01:52:59.9760280Z Processing /Users/runner/actions-runner/_work/python.build/python.build/build_grpcio102311/grpcio-1.0.2
2022-12-27T01:52:59.9768440Z   Added file:///Users/runner/actions-runner/_work/python.build/python.build/build_grpcio102311/grpcio-1.0.2 to build tracker '/private/var/folders/51/hd414ycd67n82196sw51xqtc0000gn/T/pip-build-tracker-8aigqri1'
2022-12-27T01:52:59.9773600Z   Running setup.py (path:/Users/runner/actions-runner/_work/python.build/python.build/build_grpcio102311/grpcio-1.0.2/setup.py) egg_info for package from file:///Users/runner/actions-runner/_work/python.build/python.build/build_grpcio102311/grpcio-1.0.2
2022-12-27T01:52:59.9778710Z   Created temporary directory: /private/var/folders/51/hd414ycd67n82196sw51xqtc0000gn/T/pip-pip-egg-info-cmeplcxw
2022-12-27T01:52:59.9780560Z   Preparing metadata (setup.py): started
2022-12-27T01:52:59.9783340Z   Running command python setup.py egg_info
2022-12-27T01:53:00.6569490Z   /private/var/folders/51/hd414ycd67n82196sw51xqtc0000gn/T/cibw-run-4zt575w1/cp311-macosx_arm64/build/venv/lib/python3.11/site-packages/Cython/Compiler/Main.py:369: FutureWarning: Cython directive 'language_level' not set, using 2 for now (Py2). This will change in a later release! File: /Users/runner/actions-runner/_work/python.build/python.build/build_grpcio102311/grpcio-1.0.2/src/python/grpcio/grpc/_cython/cygrpc.pxd
2022-12-27T01:53:00.6571080Z     tree = Parsing.p_module(s, pxd, full_module_name)
2022-12-27T01:53:00.7269520Z   warning: src/python/grpcio/grpc/_cython/_cygrpc/grpc.pxi:141:13: 'GRPC_ARG_PRIMARY_USER_AGENT_STRING' redeclared
2022-12-27T01:53:01.9756190Z   Compiling src/python/grpcio/grpc/_cython/cygrpc.pyx because it depends on /private/var/folders/51/hd414ycd67n82196sw51xqtc0000gn/T/cibw-run-4zt575w1/cp311-macosx_arm64/build/venv/lib/python3.11/site-packages/Cython/Includes/libc/time.pxd.
2022-12-27T01:53:01.9757080Z   [1/1] Cythonizing src/python/grpcio/grpc/_cython/cygrpc.pyx
2022-12-27T01:53:01.9984120Z   /private/var/folders/51/hd414ycd67n82196sw51xqtc0000gn/T/cibw-run-4zt575w1/cp311-macosx_arm64/build/venv/lib/python3.11/site-packages/setuptools/installer.py:27: SetuptoolsDeprecationWarning: setuptools.installer is deprecated. Requirements should be satisfied by a PEP 517 installer.
2022-12-27T01:53:01.9986750Z     warnings.warn(
2022-12-27T01:53:23.9119490Z   running egg_info
2022-12-27T01:53:23.9121940Z   creating /private/var/folders/51/hd414ycd67n82196sw51xqtc0000gn/T/pip-pip-egg-info-cmeplcxw/grpcio.egg-info
2022-12-27T01:53:23.9284820Z   writing /private/var/folders/51/hd414ycd67n82196sw51xqtc0000gn/T/pip-pip-egg-info-cmeplcxw/grpcio.egg-info/PKG-INFO
2022-12-27T01:53:23.9288300Z   writing dependency_links to /private/var/folders/51/hd414ycd67n82196sw51xqtc0000gn/T/pip-pip-egg-info-cmeplcxw/grpcio.egg-info/dependency_links.txt
2022-12-27T01:53:23.9293540Z   writing requirements to /private/var/folders/51/hd414ycd67n82196sw51xqtc0000gn/T/pip-pip-egg-info-cmeplcxw/grpcio.egg-info/requires.txt
2022-12-27T01:53:23.9299510Z   writing top-level names to /private/var/folders/51/hd414ycd67n82196sw51xqtc0000gn/T/pip-pip-egg-info-cmeplcxw/grpcio.egg-info/top_level.txt
2022-12-27T01:53:23.9301990Z   writing manifest file '/private/var/folders/51/hd414ycd67n82196sw51xqtc0000gn/T/pip-pip-egg-info-cmeplcxw/grpcio.egg-info/SOURCES.txt'
2022-12-27T01:53:23.9761730Z   reading manifest file '/private/var/folders/51/hd414ycd67n82196sw51xqtc0000gn/T/pip-pip-egg-info-cmeplcxw/grpcio.egg-info/SOURCES.txt'
2022-12-27T01:53:23.9767230Z   reading manifest template 'PYTHON-MANIFEST.in'
2022-12-27T01:53:23.9835370Z   warning: no files found matching '*.h' under directory 'src/python/grpcio/grpc'
2022-12-27T01:53:23.9992740Z   warning: no files found matching '*.python' under directory 'src/python/grpcio/grpc'
2022-12-27T01:53:24.0025310Z   warning: no previously-included files matching '*.so' found under directory 'src/python/grpcio/grpc/_cython'
2022-12-27T01:53:24.0032670Z   warning: no previously-included files matching '*.pyd' found under directory 'src/python/grpcio/grpc/_cython'
2022-12-27T01:53:24.0758430Z   warning: no files found matching 'src/python/grpcio/precompiled.py'
2022-12-27T01:53:24.1216520Z   writing manifest file '/private/var/folders/51/hd414ycd67n82196sw51xqtc0000gn/T/pip-pip-egg-info-cmeplcxw/grpcio.egg-info/SOURCES.txt'
2022-12-27T01:53:24.2589730Z   Preparing metadata (setup.py): finished with status 'done'
2022-12-27T01:53:24.2635310Z   Source in /Users/runner/actions-runner/_work/python.build/python.build/build_grpcio102311/grpcio-1.0.2 has version 1.0.2, which satisfies requirement grpcio==1.0.2 from file:///Users/runner/actions-runner/_work/python.build/python.build/build_grpcio102311/grpcio-1.0.2
2022-12-27T01:53:24.2640180Z   Removed grpcio==1.0.2 from file:///Users/runner/actions-runner/_work/python.build/python.build/build_grpcio102311/grpcio-1.0.2 from build tracker '/private/var/folders/51/hd414ycd67n82196sw51xqtc0000gn/T/pip-build-tracker-8aigqri1'
2022-12-27T01:53:24.2669470Z Created temporary directory: /private/var/folders/51/hd414ycd67n82196sw51xqtc0000gn/T/pip-unpack-ppvgoiiz
2022-12-27T01:53:24.2673490Z Building wheels for collected packages: grpcio
2022-12-27T01:53:24.2688480Z   Created temporary directory: /private/var/folders/51/hd414ycd67n82196sw51xqtc0000gn/T/pip-wheel-usld0g0v
2022-12-27T01:53:24.2690520Z   Building wheel for grpcio (setup.py): started
2022-12-27T01:53:24.2693830Z   Destination directory: /private/var/folders/51/hd414ycd67n82196sw51xqtc0000gn/T/pip-wheel-usld0g0v
2022-12-27T01:53:24.2696660Z   Running command python setup.py bdist_wheel
2022-12-27T01:53:24.8906340Z   /private/var/folders/51/hd414ycd67n82196sw51xqtc0000gn/T/cibw-run-4zt575w1/cp311-macosx_arm64/build/venv/lib/python3.11/site-packages/setuptools/installer.py:27: SetuptoolsDeprecationWarning: setuptools.installer is deprecated. Requirements should be satisfied by a PEP 517 installer.
2022-12-27T01:53:24.8907600Z     warnings.warn(
2022-12-27T01:53:25.1893600Z   running bdist_wheel
2022-12-27T01:53:25.2244670Z   running build
2022-12-27T01:53:25.2247400Z   running build_py
2022-12-27T01:53:25.2251770Z   running build_project_metadata
2022-12-27T01:53:25.2256400Z   creating python_build
2022-12-27T01:53:25.2261880Z   creating python_build/lib.macosx-11.0-arm64-cpython-311
2022-12-27T01:53:25.2265210Z   creating python_build/lib.macosx-11.0-arm64-cpython-311/grpc
2022-12-27T01:53:25.2269740Z   copying src/python/grpcio/grpc/_channel.py -> python_build/lib.macosx-11.0-arm64-cpython-311/grpc
2022-12-27T01:53:25.2274180Z   copying src/python/grpcio/grpc/_common.py -> python_build/lib.macosx-11.0-arm64-cpython-311/grpc
2022-12-27T01:53:25.2278800Z   copying src/python/grpcio/grpc/__init__.py -> python_build/lib.macosx-11.0-arm64-cpython-311/grpc
2022-12-27T01:53:25.2284100Z   copying src/python/grpcio/grpc/_utilities.py -> python_build/lib.macosx-11.0-arm64-cpython-311/grpc
2022-12-27T01:53:25.2443690Z   copying src/python/grpcio/grpc/_plugin_wrapping.py -> python_build/lib.macosx-11.0-arm64-cpython-311/grpc
2022-12-27T01:53:25.2445690Z   copying src/python/grpcio/grpc/_grpcio_metadata.py -> python_build/lib.macosx-11.0-arm64-cpython-311/grpc
2022-12-27T01:53:25.2446660Z   copying src/python/grpcio/grpc/_server.py -> python_build/lib.macosx-11.0-arm64-cpython-311/grpc
2022-12-27T01:53:25.2447380Z   copying src/python/grpcio/grpc/_auth.py -> python_build/lib.macosx-11.0-arm64-cpython-311/grpc
2022-12-27T01:53:25.2448090Z   copying src/python/grpcio/grpc/_credential_composition.py -> python_build/lib.macosx-11.0-arm64-cpython-311/grpc
2022-12-27T01:53:25.2449630Z   creating python_build/lib.macosx-11.0-arm64-cpython-311/grpc/beta
2022-12-27T01:53:25.2450590Z   copying src/python/grpcio/grpc/beta/_server_adaptations.py -> python_build/lib.macosx-11.0-arm64-cpython-311/grpc/beta
2022-12-27T01:53:25.2455840Z   copying src/python/grpcio/grpc/beta/interfaces.py -> python_build/lib.macosx-11.0-arm64-cpython-311/grpc/beta
2022-12-27T01:53:25.2456510Z   copying src/python/grpcio/grpc/beta/_connectivity_channel.py -> python_build/lib.macosx-11.0-arm64-cpython-311/grpc/beta
2022-12-27T01:53:25.2457250Z   copying src/python/grpcio/grpc/beta/__init__.py -> python_build/lib.macosx-11.0-arm64-cpython-311/grpc/beta
2022-12-27T01:53:25.2457950Z   copying src/python/grpcio/grpc/beta/utilities.py -> python_build/lib.macosx-11.0-arm64-cpython-311/grpc/beta
2022-12-27T01:53:25.2458650Z   copying src/python/grpcio/grpc/beta/implementations.py -> python_build/lib.macosx-11.0-arm64-cpython-311/grpc/beta
2022-12-27T01:53:25.2459280Z   copying src/python/grpcio/grpc/beta/_client_adaptations.py -> python_build/lib.macosx-11.0-arm64-cpython-311/grpc/beta
2022-12-27T01:53:25.2459830Z   creating python_build/lib.macosx-11.0-arm64-cpython-311/grpc/framework
2022-12-27T01:53:25.2460540Z   copying src/python/grpcio/grpc/framework/__init__.py -> python_build/lib.macosx-11.0-arm64-cpython-311/grpc/framework
2022-12-27T01:53:25.2461040Z   creating python_build/lib.macosx-11.0-arm64-cpython-311/grpc/_cython
2022-12-27T01:53:25.2461750Z   copying src/python/grpcio/grpc/_cython/__init__.py -> python_build/lib.macosx-11.0-arm64-cpython-311/grpc/_cython
2022-12-27T01:53:25.2462380Z   creating python_build/lib.macosx-11.0-arm64-cpython-311/grpc/framework/foundation
2022-12-27T01:53:25.2463160Z   copying src/python/grpcio/grpc/framework/foundation/callable_util.py -> python_build/lib.macosx-11.0-arm64-cpython-311/grpc/framework/foundation
2022-12-27T01:53:25.2463890Z   copying src/python/grpcio/grpc/framework/foundation/abandonment.py -> python_build/lib.macosx-11.0-arm64-cpython-311/grpc/framework/foundation
2022-12-27T01:53:25.2467360Z   copying src/python/grpcio/grpc/framework/foundation/__init__.py -> python_build/lib.macosx-11.0-arm64-cpython-311/grpc/framework/foundation
2022-12-27T01:53:25.2468770Z   copying src/python/grpcio/grpc/framework/foundation/stream.py -> python_build/lib.macosx-11.0-arm64-cpython-311/grpc/framework/foundation
2022-12-27T01:53:25.2470100Z   copying src/python/grpcio/grpc/framework/foundation/stream_util.py -> python_build/lib.macosx-11.0-arm64-cpython-311/grpc/framework/foundation
2022-12-27T01:53:25.2471740Z   copying src/python/grpcio/grpc/framework/foundation/future.py -> python_build/lib.macosx-11.0-arm64-cpython-311/grpc/framework/foundation
2022-12-27T01:53:25.2473070Z   copying src/python/grpcio/grpc/framework/foundation/logging_pool.py -> python_build/lib.macosx-11.0-arm64-cpython-311/grpc/framework/foundation
2022-12-27T01:53:25.2474110Z   creating python_build/lib.macosx-11.0-arm64-cpython-311/grpc/framework/common
2022-12-27T01:53:25.2475300Z   copying src/python/grpcio/grpc/framework/common/style.py -> python_build/lib.macosx-11.0-arm64-cpython-311/grpc/framework/common
2022-12-27T01:53:25.2476680Z   copying src/python/grpcio/grpc/framework/common/cardinality.py -> python_build/lib.macosx-11.0-arm64-cpython-311/grpc/framework/common
2022-12-27T01:53:25.2477830Z   copying src/python/grpcio/grpc/framework/common/__init__.py -> python_build/lib.macosx-11.0-arm64-cpython-311/grpc/framework/common
2022-12-27T01:53:25.2478790Z   creating python_build/lib.macosx-11.0-arm64-cpython-311/grpc/framework/interfaces
2022-12-27T01:53:25.2479780Z   copying src/python/grpcio/grpc/framework/interfaces/__init__.py -> python_build/lib.macosx-11.0-arm64-cpython-311/grpc/framework/interfaces
2022-12-27T01:53:25.2480840Z   creating python_build/lib.macosx-11.0-arm64-cpython-311/grpc/framework/interfaces/face
2022-12-27T01:53:25.2482020Z   copying src/python/grpcio/grpc/framework/interfaces/face/__init__.py -> python_build/lib.macosx-11.0-arm64-cpython-311/grpc/framework/interfaces/face
2022-12-27T01:53:25.2483680Z   copying src/python/grpcio/grpc/framework/interfaces/face/utilities.py -> python_build/lib.macosx-11.0-arm64-cpython-311/grpc/framework/interfaces/face
2022-12-27T01:53:25.2484900Z   copying src/python/grpcio/grpc/framework/interfaces/face/face.py -> python_build/lib.macosx-11.0-arm64-cpython-311/grpc/framework/interfaces/face
2022-12-27T01:53:25.2486050Z   creating python_build/lib.macosx-11.0-arm64-cpython-311/grpc/framework/interfaces/base
2022-12-27T01:53:25.2487230Z   copying src/python/grpcio/grpc/framework/interfaces/base/__init__.py -> python_build/lib.macosx-11.0-arm64-cpython-311/grpc/framework/interfaces/base
2022-12-27T01:53:25.2488370Z   copying src/python/grpcio/grpc/framework/interfaces/base/utilities.py -> python_build/lib.macosx-11.0-arm64-cpython-311/grpc/framework/interfaces/base
2022-12-27T01:53:25.2489570Z   copying src/python/grpcio/grpc/framework/interfaces/base/base.py -> python_build/lib.macosx-11.0-arm64-cpython-311/grpc/framework/interfaces/base
2022-12-27T01:53:25.2498940Z   creating python_build/lib.macosx-11.0-arm64-cpython-311/grpc/_cython/_cygrpc
2022-12-27T01:53:25.2501420Z   copying src/python/grpcio/grpc/_cython/_cygrpc/__init__.py -> python_build/lib.macosx-11.0-arm64-cpython-311/grpc/_cython/_cygrpc
2022-12-27T01:53:25.2511020Z   creating python_build/lib.macosx-11.0-arm64-cpython-311/grpc/_cython/_credentials
2022-12-27T01:53:25.2513320Z   copying src/python/grpcio/grpc/_cython/_credentials/roots.pem -> python_build/lib.macosx-11.0-arm64-cpython-311/grpc/_cython/_credentials
2022-12-27T01:53:25.2558320Z   running build_ext
2022-12-27T01:53:25.2576560Z   building 'grpc._cython.cygrpc' extension
2022-12-27T01:53:25.2608760Z   creating python_build/temp.macosx-11.0-arm64-cpython-311
2022-12-27T01:53:25.2612090Z   creating python_build/temp.macosx-11.0-arm64-cpython-311/src
2022-12-27T01:53:25.2614080Z   creating python_build/temp.macosx-11.0-arm64-cpython-311/src/boringssl
2022-12-27T01:53:25.2616380Z   creating python_build/temp.macosx-11.0-arm64-cpython-311/src/core
2022-12-27T01:53:25.2618620Z   creating python_build/temp.macosx-11.0-arm64-cpython-311/src/core/ext
2022-12-27T01:53:25.2621110Z   creating python_build/temp.macosx-11.0-arm64-cpython-311/src/core/ext/census
2022-12-27T01:53:25.2623500Z   creating python_build/temp.macosx-11.0-arm64-cpython-311/src/core/ext/census/gen
2022-12-27T01:53:25.2625430Z   creating python_build/temp.macosx-11.0-arm64-cpython-311/src/core/ext/client_config
2022-12-27T01:53:25.2631230Z   creating python_build/temp.macosx-11.0-arm64-cpython-311/src/core/ext/lb_policy
2022-12-27T01:53:25.2633840Z   creating python_build/temp.macosx-11.0-arm64-cpython-311/src/core/ext/lb_policy/grpclb
2022-12-27T01:53:25.2635800Z   creating python_build/temp.macosx-11.0-arm64-cpython-311/src/core/ext/lb_policy/grpclb/proto
2022-12-27T01:53:25.2638190Z   creating python_build/temp.macosx-11.0-arm64-cpython-311/src/core/ext/lb_policy/grpclb/proto/grpc
2022-12-27T01:53:25.2640920Z   creating python_build/temp.macosx-11.0-arm64-cpython-311/src/core/ext/lb_policy/grpclb/proto/grpc/lb
2022-12-27T01:53:25.2642610Z   creating python_build/temp.macosx-11.0-arm64-cpython-311/src/core/ext/lb_policy/grpclb/proto/grpc/lb/v1
2022-12-27T01:53:25.2644690Z   creating python_build/temp.macosx-11.0-arm64-cpython-311/src/core/ext/lb_policy/pick_first
2022-12-27T01:53:25.2647710Z   creating python_build/temp.macosx-11.0-arm64-cpython-311/src/core/ext/lb_policy/round_robin
2022-12-27T01:53:25.2653140Z   creating python_build/temp.macosx-11.0-arm64-cpython-311/src/core/ext/load_reporting
2022-12-27T01:53:25.2655270Z   creating python_build/temp.macosx-11.0-arm64-cpython-311/src/core/ext/resolver
2022-12-27T01:53:25.2657060Z   creating python_build/temp.macosx-11.0-arm64-cpython-311/src/core/ext/resolver/dns
2022-12-27T01:53:25.2659790Z   creating python_build/temp.macosx-11.0-arm64-cpython-311/src/core/ext/resolver/dns/native
2022-12-27T01:53:25.2661560Z   creating python_build/temp.macosx-11.0-arm64-cpython-311/src/core/ext/resolver/sockaddr
2022-12-27T01:53:25.2663680Z   creating python_build/temp.macosx-11.0-arm64-cpython-311/src/core/ext/transport
2022-12-27T01:53:25.2665650Z   creating python_build/temp.macosx-11.0-arm64-cpython-311/src/core/ext/transport/chttp2
2022-12-27T01:53:25.2668160Z   creating python_build/temp.macosx-11.0-arm64-cpython-311/src/core/ext/transport/chttp2/alpn
2022-12-27T01:53:25.2670050Z   creating python_build/temp.macosx-11.0-arm64-cpython-311/src/core/ext/transport/chttp2/client
2022-12-27T01:53:25.2672540Z   creating python_build/temp.macosx-11.0-arm64-cpython-311/src/core/ext/transport/chttp2/client/insecure
2022-12-27T01:53:25.2674490Z   creating python_build/temp.macosx-11.0-arm64-cpython-311/src/core/ext/transport/chttp2/client/secure
2022-12-27T01:53:25.2680300Z   creating python_build/temp.macosx-11.0-arm64-cpython-311/src/core/ext/transport/chttp2/server
2022-12-27T01:53:25.2682050Z   creating python_build/temp.macosx-11.0-arm64-cpython-311/src/core/ext/transport/chttp2/server/insecure
2022-12-27T01:53:25.2684440Z   creating python_build/temp.macosx-11.0-arm64-cpython-311/src/core/ext/transport/chttp2/server/secure
2022-12-27T01:53:25.2687140Z   creating python_build/temp.macosx-11.0-arm64-cpython-311/src/core/ext/transport/chttp2/transport
2022-12-27T01:53:25.2692880Z   creating python_build/temp.macosx-11.0-arm64-cpython-311/src/core/lib
2022-12-27T01:53:25.2696710Z   creating python_build/temp.macosx-11.0-arm64-cpython-311/src/core/lib/channel
2022-12-27T01:53:25.2699790Z   creating python_build/temp.macosx-11.0-arm64-cpython-311/src/core/lib/compression
2022-12-27T01:53:25.2703700Z   creating python_build/temp.macosx-11.0-arm64-cpython-311/src/core/lib/debug
2022-12-27T01:53:25.2705740Z   creating python_build/temp.macosx-11.0-arm64-cpython-311/src/core/lib/http
2022-12-27T01:53:25.2709070Z   creating python_build/temp.macosx-11.0-arm64-cpython-311/src/core/lib/iomgr
2022-12-27T01:53:25.2718410Z   creating python_build/temp.macosx-11.0-arm64-cpython-311/src/core/lib/json
2022-12-27T01:53:25.2720830Z   creating python_build/temp.macosx-11.0-arm64-cpython-311/src/core/lib/profiling
2022-12-27T01:53:25.2726560Z   creating python_build/temp.macosx-11.0-arm64-cpython-311/src/core/lib/security
2022-12-27T01:53:25.2727630Z   creating python_build/temp.macosx-11.0-arm64-cpython-311/src/core/lib/security/context
2022-12-27T01:53:25.2729870Z   creating python_build/temp.macosx-11.0-arm64-cpython-311/src/core/lib/security/credentials
2022-12-27T01:53:25.2733290Z   creating python_build/temp.macosx-11.0-arm64-cpython-311/src/core/lib/security/credentials/composite
2022-12-27T01:53:25.2735010Z   creating python_build/temp.macosx-11.0-arm64-cpython-311/src/core/lib/security/credentials/fake
2022-12-27T01:53:25.2739000Z   creating python_build/temp.macosx-11.0-arm64-cpython-311/src/core/lib/security/credentials/google_default
2022-12-27T01:53:25.2740710Z   creating python_build/temp.macosx-11.0-arm64-cpython-311/src/core/lib/security/credentials/iam
2022-12-27T01:53:25.2743170Z   creating python_build/temp.macosx-11.0-arm64-cpython-311/src/core/lib/security/credentials/jwt
2022-12-27T01:53:25.2747440Z   creating python_build/temp.macosx-11.0-arm64-cpython-311/src/core/lib/security/credentials/oauth2
2022-12-27T01:53:25.2749710Z   creating python_build/temp.macosx-11.0-arm64-cpython-311/src/core/lib/security/credentials/plugin
2022-12-27T01:53:25.2753250Z   creating python_build/temp.macosx-11.0-arm64-cpython-311/src/core/lib/security/credentials/ssl
2022-12-27T01:53:25.2755370Z   creating python_build/temp.macosx-11.0-arm64-cpython-311/src/core/lib/security/transport
2022-12-27T01:53:25.2761590Z   creating python_build/temp.macosx-11.0-arm64-cpython-311/src/core/lib/security/util
2022-12-27T01:53:25.2764730Z   creating python_build/temp.macosx-11.0-arm64-cpython-311/src/core/lib/support
2022-12-27T01:53:25.2773220Z   creating python_build/temp.macosx-11.0-arm64-cpython-311/src/core/lib/surface
2022-12-27T01:53:25.2784140Z   creating python_build/temp.macosx-11.0-arm64-cpython-311/src/core/lib/transport
2022-12-27T01:53:25.2789960Z   creating python_build/temp.macosx-11.0-arm64-cpython-311/src/core/lib/tsi
2022-12-27T01:53:25.2792850Z   creating python_build/temp.macosx-11.0-arm64-cpython-311/src/core/plugin_registry
2022-12-27T01:53:25.2795660Z   creating python_build/temp.macosx-11.0-arm64-cpython-311/src/python
2022-12-27T01:53:25.2797570Z   creating python_build/temp.macosx-11.0-arm64-cpython-311/src/python/grpcio
2022-12-27T01:53:25.2800140Z   creating python_build/temp.macosx-11.0-arm64-cpython-311/src/python/grpcio/grpc
2022-12-27T01:53:25.2802150Z   creating python_build/temp.macosx-11.0-arm64-cpython-311/src/python/grpcio/grpc/_cython
2022-12-27T01:53:25.2804220Z   creating python_build/temp.macosx-11.0-arm64-cpython-311/third_party
2022-12-27T01:53:25.2806880Z   creating python_build/temp.macosx-11.0-arm64-cpython-311/third_party/boringssl
2022-12-27T01:53:25.2809000Z   creating python_build/temp.macosx-11.0-arm64-cpython-311/third_party/boringssl/crypto
2022-12-27T01:53:25.2811310Z   creating python_build/temp.macosx-11.0-arm64-cpython-311/third_party/boringssl/crypto/aes
2022-12-27T01:53:25.2813400Z   creating python_build/temp.macosx-11.0-arm64-cpython-311/third_party/boringssl/crypto/asn1
2022-12-27T01:53:25.2816200Z   creating python_build/temp.macosx-11.0-arm64-cpython-311/third_party/boringssl/crypto/base64
2022-12-27T01:53:25.2818340Z   creating python_build/temp.macosx-11.0-arm64-cpython-311/third_party/boringssl/crypto/bio
2022-12-27T01:53:25.2820590Z   creating python_build/temp.macosx-11.0-arm64-cpython-311/third_party/boringssl/crypto/bn
2022-12-27T01:53:25.2823160Z   creating python_build/temp.macosx-11.0-arm64-cpython-311/third_party/boringssl/crypto/bn/asm
2022-12-27T01:53:25.2829750Z   creating python_build/temp.macosx-11.0-arm64-cpython-311/third_party/boringssl/crypto/buf
2022-12-27T01:53:25.2832050Z   creating python_build/temp.macosx-11.0-arm64-cpython-311/third_party/boringssl/crypto/bytestring
2022-12-27T01:53:25.2834020Z   creating python_build/temp.macosx-11.0-arm64-cpython-311/third_party/boringssl/crypto/chacha
2022-12-27T01:53:25.2836330Z   creating python_build/temp.macosx-11.0-arm64-cpython-311/third_party/boringssl/crypto/cipher
2022-12-27T01:53:25.2838710Z   creating python_build/temp.macosx-11.0-arm64-cpython-311/third_party/boringssl/crypto/cmac
2022-12-27T01:53:25.2840610Z   creating python_build/temp.macosx-11.0-arm64-cpython-311/third_party/boringssl/crypto/conf
2022-12-27T01:53:25.2845270Z   creating python_build/temp.macosx-11.0-arm64-cpython-311/third_party/boringssl/crypto/curve25519
2022-12-27T01:53:25.2846710Z   creating python_build/temp.macosx-11.0-arm64-cpython-311/third_party/boringssl/crypto/des
2022-12-27T01:53:25.2849670Z   creating python_build/temp.macosx-11.0-arm64-cpython-311/third_party/boringssl/crypto/dh
2022-12-27T01:53:25.2852390Z   creating python_build/temp.macosx-11.0-arm64-cpython-311/third_party/boringssl/crypto/digest
2022-12-27T01:53:25.2854620Z   creating python_build/temp.macosx-11.0-arm64-cpython-311/third_party/boringssl/crypto/dsa
2022-12-27T01:53:25.2856730Z   creating python_build/temp.macosx-11.0-arm64-cpython-311/third_party/boringssl/crypto/ec
2022-12-27T01:53:25.2861490Z   creating python_build/temp.macosx-11.0-arm64-cpython-311/third_party/boringssl/crypto/ecdh
2022-12-27T01:53:25.2863220Z   creating python_build/temp.macosx-11.0-arm64-cpython-311/third_party/boringssl/crypto/ecdsa
2022-12-27T01:53:25.2865310Z   creating python_build/temp.macosx-11.0-arm64-cpython-311/third_party/boringssl/crypto/engine
2022-12-27T01:53:25.2867720Z   creating python_build/temp.macosx-11.0-arm64-cpython-311/third_party/boringssl/crypto/err
2022-12-27T01:53:25.2869880Z   creating python_build/temp.macosx-11.0-arm64-cpython-311/third_party/boringssl/crypto/evp
2022-12-27T01:53:25.2872620Z   creating python_build/temp.macosx-11.0-arm64-cpython-311/third_party/boringssl/crypto/hkdf
2022-12-27T01:53:25.2874560Z   creating python_build/temp.macosx-11.0-arm64-cpython-311/third_party/boringssl/crypto/hmac
2022-12-27T01:53:25.2876660Z   creating python_build/temp.macosx-11.0-arm64-cpython-311/third_party/boringssl/crypto/lhash
2022-12-27T01:53:25.2881070Z   creating python_build/temp.macosx-11.0-arm64-cpython-311/third_party/boringssl/crypto/md4
2022-12-27T01:53:25.2883130Z   creating python_build/temp.macosx-11.0-arm64-cpython-311/third_party/boringssl/crypto/md5
2022-12-27T01:53:25.2885530Z   creating python_build/temp.macosx-11.0-arm64-cpython-311/third_party/boringssl/crypto/modes
2022-12-27T01:53:25.2887720Z   creating python_build/temp.macosx-11.0-arm64-cpython-311/third_party/boringssl/crypto/obj
2022-12-27T01:53:25.2890410Z   creating python_build/temp.macosx-11.0-arm64-cpython-311/third_party/boringssl/crypto/pem
2022-12-27T01:53:25.2893590Z   creating python_build/temp.macosx-11.0-arm64-cpython-311/third_party/boringssl/crypto/pkcs8
2022-12-27T01:53:25.2897060Z   creating python_build/temp.macosx-11.0-arm64-cpython-311/third_party/boringssl/crypto/poly1305
2022-12-27T01:53:25.2898790Z   creating python_build/temp.macosx-11.0-arm64-cpython-311/third_party/boringssl/crypto/rand
2022-12-27T01:53:25.2900920Z   creating python_build/temp.macosx-11.0-arm64-cpython-311/third_party/boringssl/crypto/rc4
2022-12-27T01:53:25.2903420Z   creating python_build/temp.macosx-11.0-arm64-cpython-311/third_party/boringssl/crypto/rsa
2022-12-27T01:53:25.2905460Z   creating python_build/temp.macosx-11.0-arm64-cpython-311/third_party/boringssl/crypto/sha
2022-12-27T01:53:25.2908110Z   creating python_build/temp.macosx-11.0-arm64-cpython-311/third_party/boringssl/crypto/stack
2022-12-27T01:53:25.2911610Z   creating python_build/temp.macosx-11.0-arm64-cpython-311/third_party/boringssl/crypto/x509
2022-12-27T01:53:25.2919610Z   creating python_build/temp.macosx-11.0-arm64-cpython-311/third_party/boringssl/crypto/x509v3
2022-12-27T01:53:25.2925610Z   creating python_build/temp.macosx-11.0-arm64-cpython-311/third_party/boringssl/ssl
2022-12-27T01:53:25.2928070Z   creating python_build/temp.macosx-11.0-arm64-cpython-311/third_party/boringssl/ssl/pqueue
2022-12-27T01:53:25.2933360Z   creating python_build/temp.macosx-11.0-arm64-cpython-311/third_party/nanopb
2022-12-27T01:53:25.2934940Z   creating python_build/temp.macosx-11.0-arm64-cpython-311/third_party/zlib
2022-12-27T01:53:25.2942530Z   clang -Wsign-compare -Wunreachable-code -fno-common -dynamic -DNDEBUG -g -fwrapv -O3 -Wall -g -I/usr/local/opt/openssl@3/include -I/usr/local/opt/openssl@3/include -arch arm64 -DOPENSSL_NO_ASM=1 -D_WIN32_WINNT=1536 -DGPR_BACKWARDS_COMPATIBILITY_MODE=1 "-DPyMODINIT_FUNC=__attribute__((visibility (\"default\"))) PyObject*" -Isrc/python/grpcio -Iinclude -I. -Ithird_party/boringssl/include -Ithird_party/zlib -I/private/var/folders/51/hd414ycd67n82196sw51xqtc0000gn/T/cibw-run-4zt575w1/cp311-macosx_arm64/build/venv/include -I/Library/Frameworks/Python.framework/Versions/3.11/include/python3.11 -c src/boringssl/err_data.c -o python_build/temp.macosx-11.0-arm64-cpython-311/src/boringssl/err_data.o -fno-wrapv -fvisibility=hidden -pthread -std=gnu99
2022-12-27T01:53:25.3517350Z   In file included from src/boringssl/err_data.c:18:
2022-12-27T01:53:25.3518770Z   In file included from /usr/local/opt/openssl@3/include/openssl/err.h:16:
2022-12-27T01:53:25.3522100Z   In file included from /usr/local/opt/openssl@3/include/openssl/macros.h:15:
2022-12-27T01:53:25.3523220Z   /usr/local/opt/openssl@3/include/openssl/opensslv.h:99:10: warning: 'OPENSSL_VERSION_NUMBER' macro redefined [-Wmacro-redefined]
2022-12-27T01:53:25.3524920Z   # define OPENSSL_VERSION_NUMBER          \
2022-12-27T01:53:25.3526590Z            ^
2022-12-27T01:53:25.3528940Z   third_party/boringssl/include/openssl/base.h:112:9: note: previous definition is here
2022-12-27T01:53:25.3530460Z   #define OPENSSL_VERSION_NUMBER 0x10002000
2022-12-27T01:53:25.3532320Z           ^
2022-12-27T01:53:25.3534480Z   In file included from src/boringssl/err_data.c:18:
2022-12-27T01:53:25.3536320Z   In file included from /usr/local/opt/openssl@3/include/openssl/err.h:21:
2022-12-27T01:53:25.3538620Z   /usr/local/opt/openssl@3/include/openssl/e_os2.h:183:11: warning: 'OPENSSL_EXPORT' macro redefined [-Wmacro-redefined]
2022-12-27T01:53:25.3539980Z   #  define OPENSSL_EXPORT extern
2022-12-27T01:53:25.3541970Z             ^
2022-12-27T01:53:25.3544110Z   third_party/boringssl/include/openssl/base.h:137:9: note: previous definition is here
2022-12-27T01:53:25.3545710Z   #define OPENSSL_EXPORT
2022-12-27T01:53:25.3547740Z           ^
2022-12-27T01:53:25.3629720Z   In file included from src/boringssl/err_data.c:18:
2022-12-27T01:53:25.3632940Z   In file included from /usr/local/opt/openssl@3/include/openssl/err.h:28:
2022-12-27T01:53:25.3637680Z   /usr/local/opt/openssl@3/include/openssl/types.h:45:31: warning: redefinition of typedef 'ASN1_INTEGER' is a C11 feature [-Wtypedef-redefinition]
2022-12-27T01:53:25.3638790Z   typedef struct asn1_string_st ASN1_INTEGER;
2022-12-27T01:53:25.3640700Z                                 ^
2022-12-27T01:53:25.3642910Z   third_party/boringssl/include/openssl/base.h:164:31: note: previous definition is here
2022-12-27T01:53:25.3645220Z   typedef struct asn1_string_st ASN1_INTEGER;
2022-12-27T01:53:25.3646610Z                                 ^
2022-12-27T01:53:25.3648400Z   In file included from src/boringssl/err_data.c:18:
2022-12-27T01:53:25.3650470Z   In file included from /usr/local/opt/openssl@3/include/openssl/err.h:28:
2022-12-27T01:53:25.3652740Z   /usr/local/opt/openssl@3/include/openssl/types.h:46:31: warning: redefinition of typedef 'ASN1_ENUMERATED' is a C11 feature [-Wtypedef-redefinition]
2022-12-27T01:53:25.3654370Z   typedef struct asn1_string_st ASN1_ENUMERATED;
2022-12-27T01:53:25.3656410Z                                 ^
2022-12-27T01:53:25.3658270Z   third_party/boringssl/include/openssl/base.h:160:31: note: previous definition is here
2022-12-27T01:53:25.3659920Z   typedef struct asn1_string_st ASN1_ENUMERATED;
2022-12-27T01:53:25.3662310Z                                 ^
2022-12-27T01:53:25.3664030Z   In file included from src/boringssl/err_data.c:18:
2022-12-27T01:53:25.3665840Z   In file included from /usr/local/opt/openssl@3/include/openssl/err.h:28:
2022-12-27T01:53:25.3669080Z   /usr/local/opt/openssl@3/include/openssl/types.h:47:31: warning: redefinition of typedef 'ASN1_BIT_STRING' is a C11 feature [-Wtypedef-redefinition]
2022-12-27T01:53:25.3671150Z   typedef struct asn1_string_st ASN1_BIT_STRING;
2022-12-27T01:53:25.3671910Z                                 ^
2022-12-27T01:53:25.3674070Z   third_party/boringssl/include/openssl/base.h:158:31: note: previous definition is here
2022-12-27T01:53:25.3676220Z   typedef struct asn1_string_st ASN1_BIT_STRING;
2022-12-27T01:53:25.3677700Z                                 ^
2022-12-27T01:53:25.3679830Z   In file included from src/boringssl/err_data.c:18:
2022-12-27T01:53:25.3681990Z   In file included from /usr/local/opt/openssl@3/include/openssl/err.h:28:
2022-12-27T01:53:25.3684500Z   /usr/local/opt/openssl@3/include/openssl/types.h:48:31: warning: redefinition of typedef 'ASN1_OCTET_STRING' is a C11 feature [-Wtypedef-redefinition]
2022-12-27T01:53:25.3685960Z   typedef struct asn1_string_st ASN1_OCTET_STRING;
2022-12-27T01:53:25.3687500Z                                 ^
2022-12-27T01:53:25.3689710Z   third_party/boringssl/include/openssl/base.h:165:31: note: previous definition is here
2022-12-27T01:53:25.3691660Z   typedef struct asn1_string_st ASN1_OCTET_STRING;
2022-12-27T01:53:25.3693320Z                                 ^
2022-12-27T01:53:25.3695560Z   In file included from src/boringssl/err_data.c:18:
2022-12-27T01:53:25.3697320Z   In file included from /usr/local/opt/openssl@3/include/openssl/err.h:28:
2022-12-27T01:53:25.3699930Z   /usr/local/opt/openssl@3/include/openssl/types.h:49:31: warning: redefinition of typedef 'ASN1_PRINTABLESTRING' is a C11 feature [-Wtypedef-redefinition]
2022-12-27T01:53:25.3701410Z   typedef struct asn1_string_st ASN1_PRINTABLESTRING;
2022-12-27T01:53:25.3703250Z                                 ^
2022-12-27T01:53:25.3705510Z   third_party/boringssl/include/openssl/base.h:166:31: note: previous definition is here
2022-12-27T01:53:25.3707190Z   typedef struct asn1_string_st ASN1_PRINTABLESTRING;
2022-12-27T01:53:25.3709310Z                                 ^
2022-12-27T01:53:25.3711410Z   In file included from src/boringssl/err_data.c:18:
2022-12-27T01:53:25.3713250Z   In file included from /usr/local/opt/openssl@3/include/openssl/err.h:28:
2022-12-27T01:53:25.3715850Z   /usr/local/opt/openssl@3/include/openssl/types.h:50:31: warning: redefinition of typedef 'ASN1_T61STRING' is a C11 feature [-Wtypedef-redefinition]
2022-12-27T01:53:25.3717360Z   typedef struct asn1_string_st ASN1_T61STRING;
2022-12-27T01:53:25.3719640Z                                 ^
2022-12-27T01:53:25.3721890Z   third_party/boringssl/include/openssl/base.h:168:31: note: previous definition is here
2022-12-27T01:53:25.3723470Z   typedef struct asn1_string_st ASN1_T61STRING;
2022-12-27T01:53:25.3725940Z                                 ^
2022-12-27T01:53:25.3727600Z   In file included from src/boringssl/err_data.c:18:
2022-12-27T01:53:25.3729880Z   In file included from /usr/local/opt/openssl@3/include/openssl/err.h:28:
2022-12-27T01:53:25.3732060Z   /usr/local/opt/openssl@3/include/openssl/types.h:51:31: warning: redefinition of typedef 'ASN1_IA5STRING' is a C11 feature [-Wtypedef-redefinition]
2022-12-27T01:53:25.3733740Z   typedef struct asn1_string_st ASN1_IA5STRING;
2022-12-27T01:53:25.3735690Z                                 ^
2022-12-27T01:53:25.3737820Z   third_party/boringssl/include/openssl/base.h:163:31: note: previous definition is here
2022-12-27T01:53:25.3739580Z   typedef struct asn1_string_st ASN1_IA5STRING;
2022-12-27T01:53:25.3741530Z                                 ^
2022-12-27T01:53:25.3743490Z   In file included from src/boringssl/err_data.c:18:
2022-12-27T01:53:25.3745460Z   In file included from /usr/local/opt/openssl@3/include/openssl/err.h:28:
2022-12-27T01:53:25.3747900Z   /usr/local/opt/openssl@3/include/openssl/types.h:52:31: warning: redefinition of typedef 'ASN1_GENERALSTRING' is a C11 feature [-Wtypedef-redefinition]
2022-12-27T01:53:25.3749310Z   typedef struct asn1_string_st ASN1_GENERALSTRING;
2022-12-27T01:53:25.3751380Z                                 ^
2022-12-27T01:53:25.3753720Z   third_party/boringssl/include/openssl/base.h:162:31: note: previous definition is here
2022-12-27T01:53:25.3755050Z   typedef struct asn1_string_st ASN1_GENERALSTRING;
2022-12-27T01:53:25.3756990Z                                 ^
2022-12-27T01:53:25.3758860Z   In file included from src/boringssl/err_data.c:18:
2022-12-27T01:53:25.3760840Z   In file included from /usr/local/opt/openssl@3/include/openssl/err.h:28:
2022-12-27T01:53:25.3763410Z   /usr/local/opt/openssl@3/include/openssl/types.h:53:31: warning: redefinition of typedef 'ASN1_UNIVERSALSTRING' is a C11 feature [-Wtypedef-redefinition]
2022-12-27T01:53:25.3764600Z   typedef struct asn1_string_st ASN1_UNIVERSALSTRING;
2022-12-27T01:53:25.3766430Z                                 ^
2022-12-27T01:53:25.3768520Z   third_party/boringssl/include/openssl/base.h:170:31: note: previous definition is here
2022-12-27T01:53:25.3770300Z   typedef struct asn1_string_st ASN1_UNIVERSALSTRING;
2022-12-27T01:53:25.3772270Z                                 ^
2022-12-27T01:53:25.3774300Z   In file included from src/boringssl/err_data.c:18:
2022-12-27T01:53:25.3776240Z   In file included from /usr/local/opt/openssl@3/include/openssl/err.h:28:
2022-12-27T01:53:25.3778630Z   /usr/local/opt/openssl@3/include/openssl/types.h:54:31: warning: redefinition of typedef 'ASN1_BMPSTRING' is a C11 feature [-Wtypedef-redefinition]
2022-12-27T01:53:25.3779980Z   typedef struct asn1_string_st ASN1_BMPSTRING;
2022-12-27T01:53:25.3781950Z                                 ^
2022-12-27T01:53:25.3783900Z   third_party/boringssl/include/openssl/base.h:159:31: note: previous definition is here
2022-12-27T01:53:25.3785880Z   typedef struct asn1_string_st ASN1_BMPSTRING;
2022-12-27T01:53:25.3787580Z                                 ^
2022-12-27T01:53:25.3789530Z   In file included from src/boringssl/err_data.c:18:
2022-12-27T01:53:25.3791620Z   In file included from /usr/local/opt/openssl@3/include/openssl/err.h:28:
2022-12-27T01:53:25.3793880Z   /usr/local/opt/openssl@3/include/openssl/types.h:55:31: warning: redefinition of typedef 'ASN1_UTCTIME' is a C11 feature [-Wtypedef-redefinition]
2022-12-27T01:53:25.3795410Z   typedef struct asn1_string_st ASN1_UTCTIME;
2022-12-27T01:53:25.3797350Z                                 ^
2022-12-27T01:53:25.3799380Z   third_party/boringssl/include/openssl/base.h:171:31: note: previous definition is here
2022-12-27T01:53:25.3801090Z   typedef struct asn1_string_st ASN1_UTCTIME;
2022-12-27T01:53:25.3803020Z                                 ^
2022-12-27T01:53:25.3804900Z   In file included from src/boringssl/err_data.c:18:
2022-12-27T01:53:25.3806880Z   In file included from /usr/local/opt/openssl@3/include/openssl/err.h:28:
2022-12-27T01:53:25.3809170Z   /usr/local/opt/openssl@3/include/openssl/types.h:56:31: warning: redefinition of typedef 'ASN1_TIME' is a C11 feature [-Wtypedef-redefinition]
2022-12-27T01:53:25.3810640Z   typedef struct asn1_string_st ASN1_TIME;
2022-12-27T01:53:25.3812660Z                                 ^
2022-12-27T01:53:25.3814680Z   third_party/boringssl/include/openssl/base.h:169:31: note: previous definition is here
2022-12-27T01:53:25.3816360Z   typedef struct asn1_string_st ASN1_TIME;
2022-12-27T01:53:25.3818300Z                                 ^
2022-12-27T01:53:25.3820200Z   In file included from src/boringssl/err_data.c:18:
2022-12-27T01:53:25.3822190Z   In file included from /usr/local/opt/openssl@3/include/openssl/err.h:28:
2022-12-27T01:53:25.3824680Z   /usr/local/opt/openssl@3/include/openssl/types.h:57:31: warning: redefinition of typedef 'ASN1_GENERALIZEDTIME' is a C11 feature [-Wtypedef-redefinition]
2022-12-27T01:53:25.3826150Z   typedef struct asn1_string_st ASN1_GENERALIZEDTIME;
2022-12-27T01:53:25.3828100Z                                 ^
2022-12-27T01:53:25.3830090Z   third_party/boringssl/include/openssl/base.h:161:31: note: previous definition is here
2022-12-27T01:53:25.3832160Z   typedef struct asn1_string_st ASN1_GENERALIZEDTIME;
2022-12-27T01:53:25.3833830Z                                 ^
2022-12-27T01:53:25.3835820Z   In file included from src/boringssl/err_data.c:18:
2022-12-27T01:53:25.3838250Z   In file included from /usr/local/opt/openssl@3/include/openssl/err.h:28:
2022-12-27T01:53:25.3839960Z   /usr/local/opt/openssl@3/include/openssl/types.h:58:31: warning: redefinition of typedef 'ASN1_VISIBLESTRING' is a C11 feature [-Wtypedef-redefinition]
2022-12-27T01:53:25.3841520Z   typedef struct asn1_string_st ASN1_VISIBLESTRING;
2022-12-27T01:53:25.3843550Z                                 ^
2022-12-27T01:53:25.3845550Z   third_party/boringssl/include/openssl/base.h:173:31: note: previous definition is here
2022-12-27T01:53:25.3847270Z   typedef struct asn1_string_st ASN1_VISIBLESTRING;
2022-12-27T01:53:25.3849220Z                                 ^
2022-12-27T01:53:25.3851220Z   In file included from src/boringssl/err_data.c:18:
2022-12-27T01:53:25.3853100Z   In file included from /usr/local/opt/openssl@3/include/openssl/err.h:28:
2022-12-27T01:53:25.3855470Z   /usr/local/opt/openssl@3/include/openssl/types.h:59:31: warning: redefinition of typedef 'ASN1_UTF8STRING' is a C11 feature [-Wtypedef-redefinition]
2022-12-27T01:53:25.3856970Z   typedef struct asn1_string_st ASN1_UTF8STRING;
2022-12-27T01:53:25.3858930Z                                 ^
2022-12-27T01:53:25.3860850Z   third_party/boringssl/include/openssl/base.h:172:31: note: previous definition is here
2022-12-27T01:53:25.3862810Z   typedef struct asn1_string_st ASN1_UTF8STRING;
2022-12-27T01:53:25.3864490Z                                 ^
2022-12-27T01:53:25.3866450Z   In file included from src/boringssl/err_data.c:18:
2022-12-27T01:53:25.3868440Z   In file included from /usr/local/opt/openssl@3/include/openssl/err.h:28:
2022-12-27T01:53:25.3870810Z   /usr/local/opt/openssl@3/include/openssl/types.h:60:31: warning: redefinition of typedef 'ASN1_STRING' is a C11 feature [-Wtypedef-redefinition]
2022-12-27T01:53:25.3872260Z   typedef struct asn1_string_st ASN1_STRING;
2022-12-27T01:53:25.3874000Z                                 ^
2022-12-27T01:53:25.3876140Z   third_party/boringssl/include/openssl/base.h:167:31: note: previous definition is here
2022-12-27T01:53:25.3877840Z   typedef struct asn1_string_st ASN1_STRING;
2022-12-27T01:53:25.3879740Z                                 ^
2022-12-27T01:53:25.3881690Z   In file included from src/boringssl/err_data.c:18:
2022-12-27T01:53:25.3883460Z   In file included from /usr/local/opt/openssl@3/include/openssl/err.h:28:
2022-12-27T01:53:25.3886270Z   /usr/local/opt/openssl@3/include/openssl/types.h:61:13: warning: redefinition of typedef 'ASN1_BOOLEAN' is a C11 feature [-Wtypedef-redefinition]
2022-12-27T01:53:25.3887530Z   typedef int ASN1_BOOLEAN;
2022-12-27T01:53:25.3889340Z               ^
2022-12-27T01:53:25.3891460Z   third_party/boringssl/include/openssl/base.h:153:13: note: previous definition is here
2022-12-27T01:53:25.3893150Z   typedef int ASN1_BOOLEAN;
2022-12-27T01:53:25.3894970Z               ^
2022-12-27T01:53:25.3897260Z   In file included from src/boringssl/err_data.c:18:
2022-12-27T01:53:25.3898830Z   In file included from /usr/local/opt/openssl@3/include/openssl/err.h:28:
2022-12-27T01:53:25.3901290Z   /usr/local/opt/openssl@3/include/openssl/types.h:62:13: warning: redefinition of typedef 'ASN1_NULL' is a C11 feature [-Wtypedef-redefinition]
2022-12-27T01:53:25.3902690Z   typedef int ASN1_NULL;
2022-12-27T01:53:25.3904690Z               ^
2022-12-27T01:53:25.3906710Z   third_party/boringssl/include/openssl/base.h:154:13: note: previous definition is here
2022-12-27T01:53:25.3908550Z   typedef int ASN1_NULL;
2022-12-27T01:53:25.3910520Z               ^
2022-12-27T01:53:25.3912500Z   In file included from src/boringssl/err_data.c:18:
2022-12-27T01:53:25.3914540Z   In file included from /usr/local/opt/openssl@3/include/openssl/err.h:28:
2022-12-27T01:53:25.3917360Z   /usr/local/opt/openssl@3/include/openssl/types.h:66:31: warning: redefinition of typedef 'ASN1_OBJECT' is a C11 feature [-Wtypedef-redefinition]
2022-12-27T01:53:25.3918250Z   typedef struct asn1_object_st ASN1_OBJECT;
2022-12-27T01:53:25.3920540Z                                 ^
2022-12-27T01:53:25.3923530Z   third_party/boringssl/include/openssl/base.h:156:31: note: previous definition is here
2022-12-27T01:53:25.3924500Z   typedef struct asn1_object_st ASN1_OBJECT;
2022-12-27T01:53:25.3926420Z                                 ^
2022-12-27T01:53:25.3928550Z   In file included from src/boringssl/err_data.c:18:
2022-12-27T01:53:25.3930260Z   In file included from /usr/local/opt/openssl@3/include/openssl/err.h:28:
2022-12-27T01:53:25.3932850Z   /usr/local/opt/openssl@3/include/openssl/types.h:69:29: warning: redefinition of typedef 'ASN1_ITEM' is a C11 feature [-Wtypedef-redefinition]
2022-12-27T01:53:25.3934130Z   typedef struct ASN1_ITEM_st ASN1_ITEM;
2022-12-27T01:53:25.3936180Z                               ^
2022-12-27T01:53:25.3938210Z   third_party/boringssl/include/openssl/base.h:155:29: note: previous definition is here
2022-12-27T01:53:25.3940070Z   typedef struct ASN1_ITEM_st ASN1_ITEM;
2022-12-27T01:53:25.3941800Z                               ^
2022-12-27T01:53:25.3943890Z   In file included from src/boringssl/err_data.c:18:
2022-12-27T01:53:25.3945820Z   In file included from /usr/local/opt/openssl@3/include/openssl/err.h:28:
2022-12-27T01:53:25.3948450Z   /usr/local/opt/openssl@3/include/openssl/types.h:70:29: warning: redefinition of typedef 'ASN1_PCTX' is a C11 feature [-Wtypedef-redefinition]
2022-12-27T01:53:25.3949620Z   typedef struct asn1_pctx_st ASN1_PCTX;
2022-12-27T01:53:25.3951690Z                               ^
2022-12-27T01:53:25.3953700Z   third_party/boringssl/include/openssl/base.h:157:29: note: previous definition is here
2022-12-27T01:53:25.3955800Z   typedef struct asn1_pctx_st ASN1_PCTX;
2022-12-27T01:53:25.3957410Z                               ^
2022-12-27T01:53:25.3959460Z   In file included from src/boringssl/err_data.c:18:
2022-12-27T01:53:25.3961570Z   In file included from /usr/local/opt/openssl@3/include/openssl/err.h:28:
2022-12-27T01:53:25.3964200Z   /usr/local/opt/openssl@3/include/openssl/types.h:86:23: warning: redefinition of typedef 'BIO' is a C11 feature [-Wtypedef-redefinition]
2022-12-27T01:53:25.3965680Z   typedef struct bio_st BIO;
2022-12-27T01:53:25.3967580Z                         ^
2022-12-27T01:53:25.3969640Z   third_party/boringssl/include/openssl/base.h:205:23: note: previous definition is here
2022-12-27T01:53:25.3971570Z   typedef struct bio_st BIO;
2022-12-27T01:53:25.3973390Z                         ^
2022-12-27T01:53:25.3975480Z   In file included from src/boringssl/err_data.c:18:
2022-12-27T01:53:25.3977550Z   In file included from /usr/local/opt/openssl@3/include/openssl/err.h:28:
2022-12-27T01:53:25.3979750Z   /usr/local/opt/openssl@3/include/openssl/types.h:87:26: warning: redefinition of typedef 'BIGNUM' is a C11 feature [-Wtypedef-redefinition]
2022-12-27T01:53:25.3981450Z   typedef struct bignum_st BIGNUM;
2022-12-27T01:53:25.3983280Z                            ^
2022-12-27T01:53:25.3985490Z   third_party/boringssl/include/openssl/base.h:203:26: note: previous definition is here
2022-12-27T01:53:25.3987320Z   typedef struct bignum_st BIGNUM;
2022-12-27T01:53:25.3989180Z                            ^
2022-12-27T01:53:25.3991550Z   In file included from src/boringssl/err_data.c:18:
2022-12-27T01:53:25.3993900Z   In file included from /usr/local/opt/openssl@3/include/openssl/err.h:28:
2022-12-27T01:53:25.3995850Z   /usr/local/opt/openssl@3/include/openssl/types.h:88:27: warning: redefinition of typedef 'BN_CTX' is a C11 feature [-Wtypedef-redefinition]
2022-12-27T01:53:25.3997360Z   typedef struct bignum_ctx BN_CTX;
2022-12-27T01:53:25.3999310Z                             ^
2022-12-27T01:53:25.4001960Z   third_party/boringssl/include/openssl/base.h:202:27: note: previous definition is here
2022-12-27T01:53:25.4003160Z   typedef struct bignum_ctx BN_CTX;
2022-12-27T01:53:25.4005240Z                             ^
2022-12-27T01:53:25.4007290Z   In file included from src/boringssl/err_data.c:18:
2022-12-27T01:53:25.4009240Z   In file included from /usr/local/opt/openssl@3/include/openssl/err.h:28:
2022-12-27T01:53:25.4012620Z   /usr/local/opt/openssl@3/include/openssl/types.h:90:31: warning: redefinition of typedef 'BN_MONT_CTX' is a C11 feature [-Wtypedef-redefinition]
2022-12-27T01:53:25.4013290Z   typedef struct bn_mont_ctx_st BN_MONT_CTX;
2022-12-27T01:53:25.4015460Z                                 ^
2022-12-27T01:53:25.4017720Z   third_party/boringssl/include/openssl/base.h:207:31: note: previous definition is here
2022-12-27T01:53:25.4019470Z   typedef struct bn_mont_ctx_st BN_MONT_CTX;
2022-12-27T01:53:25.4021530Z                                 ^
2022-12-27T01:53:25.4023670Z   In file included from src/boringssl/err_data.c:18:
2022-12-27T01:53:25.4026110Z   In file included from /usr/local/opt/openssl@3/include/openssl/err.h:28:
2022-12-27T01:53:25.4028490Z   /usr/local/opt/openssl@3/include/openssl/types.h:92:28: warning: redefinition of typedef 'BN_GENCB' is a C11 feature [-Wtypedef-redefinition]
2022-12-27T01:53:25.4030030Z   typedef struct bn_gencb_st BN_GENCB;
2022-12-27T01:53:25.4032160Z                              ^
2022-12-27T01:53:25.4035050Z   third_party/boringssl/include/openssl/base.h:206:28: note: previous definition is here
2022-12-27T01:53:25.4036020Z   typedef struct bn_gencb_st BN_GENCB;
2022-12-27T01:53:25.4038210Z                              ^
2022-12-27T01:53:25.4040210Z   In file included from src/boringssl/err_data.c:18:
2022-12-27T01:53:25.4042400Z   In file included from /usr/local/opt/openssl@3/include/openssl/err.h:28:
2022-12-27T01:53:25.4045230Z   /usr/local/opt/openssl@3/include/openssl/types.h:94:27: warning: redefinition of typedef 'BUF_MEM' is a C11 feature [-Wtypedef-redefinition]
2022-12-27T01:53:25.4046260Z   typedef struct buf_mem_st BUF_MEM;
2022-12-27T01:53:25.4048490Z                             ^
2022-12-27T01:53:25.4050230Z   third_party/boringssl/include/openssl/base.h:208:27: note: previous definition is here
2022-12-27T01:53:25.4052120Z   typedef struct buf_mem_st BUF_MEM;
2022-12-27T01:53:25.4054090Z                             ^
2022-12-27T01:53:25.4056010Z   In file included from src/boringssl/err_data.c:18:
2022-12-27T01:53:25.4058070Z   In file included from /usr/local/opt/openssl@3/include/openssl/err.h:28:
2022-12-27T01:53:25.4060530Z   /usr/local/opt/openssl@3/include/openssl/types.h:101:30: warning: redefinition of typedef 'EVP_CIPHER' is a C11 feature [-Wtypedef-redefinition]
2022-12-27T01:53:25.4062090Z   typedef struct evp_cipher_st EVP_CIPHER;
2022-12-27T01:53:25.4064350Z                                ^
2022-12-27T01:53:25.4066670Z   third_party/boringssl/include/openssl/base.h:224:30: note: previous definition is here
2022-12-27T01:53:25.4068120Z   typedef struct evp_cipher_st EVP_CIPHER;
2022-12-27T01:53:25.4070180Z                                ^
2022-12-27T01:53:25.4072080Z   In file included from src/boringssl/err_data.c:18:
2022-12-27T01:53:25.4074170Z   In file included from /usr/local/opt/openssl@3/include/openssl/err.h:28:
2022-12-27T01:53:25.4076730Z   /usr/local/opt/openssl@3/include/openssl/types.h:102:34: warning: redefinition of typedef 'EVP_CIPHER_CTX' is a C11 feature [-Wtypedef-redefinition]
2022-12-27T01:53:25.4078130Z   typedef struct evp_cipher_ctx_st EVP_CIPHER_CTX;
2022-12-27T01:53:25.4079870Z                                    ^
2022-12-27T01:53:25.4082150Z   third_party/boringssl/include/openssl/base.h:223:34: note: previous definition is here
2022-12-27T01:53:25.4084020Z   typedef struct evp_cipher_ctx_st EVP_CIPHER_CTX;
2022-12-27T01:53:25.4085630Z                                    ^
2022-12-27T01:53:25.4087800Z   In file included from src/boringssl/err_data.c:18:
2022-12-27T01:53:25.4089630Z   In file included from /usr/local/opt/openssl@3/include/openssl/err.h:28:
2022-12-27T01:53:25.4092360Z   /usr/local/opt/openssl@3/include/openssl/types.h:103:26: error: typedef redefinition with different types ('struct evp_md_st' vs 'struct env_md_st')
2022-12-27T01:53:25.4093710Z   typedef struct evp_md_st EVP_MD;
2022-12-27T01:53:25.4095610Z                            ^
2022-12-27T01:53:25.4097910Z   third_party/boringssl/include/openssl/base.h:221:26: note: previous definition is here
2022-12-27T01:53:25.4100290Z   typedef struct env_md_st EVP_MD;
2022-12-27T01:53:25.4101570Z                            ^
2022-12-27T01:53:25.4103870Z   In file included from src/boringssl/err_data.c:18:
2022-12-27T01:53:25.4105670Z   In file included from /usr/local/opt/openssl@3/include/openssl/err.h:28:
2022-12-27T01:53:25.4108000Z   /usr/local/opt/openssl@3/include/openssl/types.h:104:30: error: typedef redefinition with different types ('struct evp_md_ctx_st' vs 'struct env_md_ctx_st')
2022-12-27T01:53:25.4109340Z   typedef struct evp_md_ctx_st EVP_MD_CTX;
2022-12-27T01:53:25.4111450Z                                ^
2022-12-27T01:53:25.4113610Z   third_party/boringssl/include/openssl/base.h:220:30: note: previous definition is here
2022-12-27T01:53:25.4115420Z   typedef struct env_md_ctx_st EVP_MD_CTX;
2022-12-27T01:53:25.4117220Z                                ^
2022-12-27T01:53:25.4119100Z   In file included from src/boringssl/err_data.c:18:
2022-12-27T01:53:25.4121180Z   In file included from /usr/local/opt/openssl@3/include/openssl/err.h:28:
2022-12-27T01:53:25.4123610Z   /usr/local/opt/openssl@3/include/openssl/types.h:107:28: warning: redefinition of typedef 'EVP_PKEY' is a C11 feature [-Wtypedef-redefinition]
2022-12-27T01:53:25.4125250Z   typedef struct evp_pkey_st EVP_PKEY;
2022-12-27T01:53:25.4126960Z                              ^
2022-12-27T01:53:25.4129490Z   third_party/boringssl/include/openssl/base.h:229:28: note: previous definition is here
2022-12-27T01:53:25.4131320Z   typedef struct evp_pkey_st EVP_PKEY;
2022-12-27T01:53:25.4132970Z                              ^
2022-12-27T01:53:25.4134980Z   In file included from src/boringssl/err_data.c:18:
2022-12-27T01:53:25.4136900Z   In file included from /usr/local/opt/openssl@3/include/openssl/err.h:28:
2022-12-27T01:53:25.4139360Z   /usr/local/opt/openssl@3/include/openssl/types.h:109:40: warning: redefinition of typedef 'EVP_PKEY_ASN1_METHOD' is a C11 feature [-Wtypedef-redefinition]
2022-12-27T01:53:25.4140900Z   typedef struct evp_pkey_asn1_method_st EVP_PKEY_ASN1_METHOD;
2022-12-27T01:53:25.4142670Z                                          ^
2022-12-27T01:53:25.4145030Z   third_party/boringssl/include/openssl/base.h:226:40: note: previous definition is here
2022-12-27T01:53:25.4146650Z   typedef struct evp_pkey_asn1_method_st EVP_PKEY_ASN1_METHOD;
2022-12-27T01:53:25.4148540Z                                          ^
2022-12-27T01:53:25.4150400Z   In file included from src/boringssl/err_data.c:18:
2022-12-27T01:53:25.4152790Z   In file included from /usr/local/opt/openssl@3/include/openssl/err.h:28:
2022-12-27T01:53:25.4155350Z   /usr/local/opt/openssl@3/include/openssl/types.h:111:35: warning: redefinition of typedef 'EVP_PKEY_METHOD' is a C11 feature [-Wtypedef-redefinition]
2022-12-27T01:53:25.4156780Z   typedef struct evp_pkey_method_st EVP_PKEY_METHOD;
2022-12-27T01:53:25.4158570Z                                     ^
2022-12-27T01:53:25.4160750Z   third_party/boringssl/include/openssl/base.h:228:35: note: previous definition is here
2022-12-27T01:53:25.4162570Z   typedef struct evp_pkey_method_st EVP_PKEY_METHOD;
2022-12-27T01:53:25.4164500Z                                     ^
2022-12-27T01:53:25.4166410Z   In file included from src/boringssl/err_data.c:18:
2022-12-27T01:53:25.4168480Z   In file included from /usr/local/opt/openssl@3/include/openssl/err.h:28:
2022-12-27T01:53:25.4170790Z   /usr/local/opt/openssl@3/include/openssl/types.h:112:32: warning: redefinition of typedef 'EVP_PKEY_CTX' is a C11 feature [-Wtypedef-redefinition]
2022-12-27T01:53:25.4172480Z   typedef struct evp_pkey_ctx_st EVP_PKEY_CTX;
2022-12-27T01:53:25.4174250Z                                  ^
2022-12-27T01:53:25.4176360Z   third_party/boringssl/include/openssl/base.h:227:32: note: previous definition is here
2022-12-27T01:53:25.4178200Z   typedef struct evp_pkey_ctx_st EVP_PKEY_CTX;
2022-12-27T01:53:25.4179990Z                                  ^
2022-12-27T01:53:25.4182350Z   In file included from src/boringssl/err_data.c:18:
2022-12-27T01:53:25.4184440Z   In file included from /usr/local/opt/openssl@3/include/openssl/err.h:28:
2022-12-27T01:53:25.4186690Z   /usr/local/opt/openssl@3/include/openssl/types.h:130:34: error: typedef redefinition with different types ('struct evp_Encode_Ctx_st' vs 'struct evp_encode_ctx_st')
2022-12-27T01:53:25.4187850Z   typedef struct evp_Encode_Ctx_st EVP_ENCODE_CTX;
2022-12-27T01:53:25.4190050Z                                    ^
2022-12-27T01:53:25.4192270Z   third_party/boringssl/include/openssl/base.h:225:34: note: previous definition is here
2022-12-27T01:53:25.4193940Z   typedef struct evp_encode_ctx_st EVP_ENCODE_CTX;
2022-12-27T01:53:25.4195840Z                                    ^
2022-12-27T01:53:25.4197880Z   In file included from src/boringssl/err_data.c:18:
2022-12-27T01:53:25.4199960Z   In file included from /usr/local/opt/openssl@3/include/openssl/err.h:28:
2022-12-27T01:53:25.4202360Z   /usr/local/opt/openssl@3/include/openssl/types.h:132:28: warning: redefinition of typedef 'HMAC_CTX' is a C11 feature [-Wtypedef-redefinition]
2022-12-27T01:53:25.4203990Z   typedef struct hmac_ctx_st HMAC_CTX;
2022-12-27T01:53:25.4205680Z                              ^
2022-12-27T01:53:25.4207870Z   third_party/boringssl/include/openssl/base.h:230:28: note: previous definition is here
2022-12-27T01:53:25.4209760Z   typedef struct hmac_ctx_st HMAC_CTX;
2022-12-27T01:53:25.4211590Z                              ^
2022-12-27T01:53:25.4213760Z   In file included from src/boringssl/err_data.c:18:
2022-12-27T01:53:25.4215580Z   In file included from /usr/local/opt/openssl@3/include/openssl/err.h:28:
2022-12-27T01:53:25.4218010Z   /usr/local/opt/openssl@3/include/openssl/types.h:134:22: warning: redefinition of typedef 'DH' is a C11 feature [-Wtypedef-redefinition]
2022-12-27T01:53:25.4219580Z   typedef struct dh_st DH;
2022-12-27T01:53:25.4221280Z                        ^
2022-12-27T01:53:25.4223350Z   third_party/boringssl/include/openssl/base.h:214:22: note: previous definition is here
2022-12-27T01:53:25.4225540Z   typedef struct dh_st DH;
2022-12-27T01:53:25.4227280Z                        ^
2022-12-27T01:53:25.4229350Z   In file included from src/boringssl/err_data.c:18:
2022-12-27T01:53:25.4231410Z   In file included from /usr/local/opt/openssl@3/include/openssl/err.h:28:
2022-12-27T01:53:25.4233750Z   /usr/local/opt/openssl@3/include/openssl/types.h:153:29: warning: redefinition of typedef 'RAND_METHOD' is a C11 feature [-Wtypedef-redefinition]
2022-12-27T01:53:25.4235270Z   typedef struct rand_meth_st RAND_METHOD;
2022-12-27T01:53:25.4237220Z                               ^
2022-12-27T01:53:25.4239270Z   third_party/boringssl/include/openssl/base.h:236:29: note: previous definition is here
2022-12-27T01:53:25.4241060Z   typedef struct rand_meth_st RAND_METHOD;
2022-12-27T01:53:25.4243040Z                               ^
2022-12-27T01:53:25.4245040Z   In file included from src/boringssl/err_data.c:18:
2022-12-27T01:53:25.4246870Z   In file included from /usr/local/opt/openssl@3/include/openssl/err.h:28:
2022-12-27T01:53:25.4249410Z   /usr/local/opt/openssl@3/include/openssl/types.h:157:24: warning: redefinition of typedef 'X509' is a C11 feature [-Wtypedef-redefinition]
2022-12-27T01:53:25.4250830Z   typedef struct x509_st X509;
2022-12-27T01:53:25.4252890Z                          ^
2022-12-27T01:53:25.4254990Z   third_party/boringssl/include/openssl/base.h:258:24: note: previous definition is here
2022-12-27T01:53:25.4256660Z   typedef struct x509_st X509;
2022-12-27T01:53:25.4258640Z                          ^
2022-12-27T01:53:25.4260660Z   In file included from src/boringssl/err_data.c:18:
2022-12-27T01:53:25.4262460Z   In file included from /usr/local/opt/openssl@3/include/openssl/err.h:28:
2022-12-27T01:53:25.4265000Z   /usr/local/opt/openssl@3/include/openssl/types.h:158:30: warning: redefinition of typedef 'X509_ALGOR' is a C11 feature [-Wtypedef-redefinition]
2022-12-27T01:53:25.4266400Z   typedef struct X509_algor_st X509_ALGOR;
2022-12-27T01:53:25.4268380Z                                ^
2022-12-27T01:53:25.4270860Z   third_party/boringssl/include/openssl/base.h:189:30: note: previous definition is here
2022-12-27T01:53:25.4272330Z   typedef struct X509_algor_st X509_ALGOR;
2022-12-27T01:53:25.4274250Z                                ^
2022-12-27T01:53:25.4276260Z   In file included from src/boringssl/err_data.c:18:
2022-12-27T01:53:25.4278260Z   In file included from /usr/local/opt/openssl@3/include/openssl/err.h:28:
2022-12-27T01:53:25.4280580Z   /usr/local/opt/openssl@3/include/openssl/types.h:159:28: warning: redefinition of typedef 'X509_CRL' is a C11 feature [-Wtypedef-redefinition]
2022-12-27T01:53:25.4282040Z   typedef struct X509_crl_st X509_CRL;
2022-12-27T01:53:25.4284040Z                              ^
2022-12-27T01:53:25.4286070Z   third_party/boringssl/include/openssl/base.h:191:28: note: previous definition is here
2022-12-27T01:53:25.4287820Z   typedef struct X509_crl_st X509_CRL;
2022-12-27T01:53:25.4289730Z                              ^
2022-12-27T01:53:25.4291710Z   In file included from src/boringssl/err_data.c:18:
2022-12-27T01:53:25.4294030Z   In file included from /usr/local/opt/openssl@3/include/openssl/err.h:28:
2022-12-27T01:53:25.4295950Z   /usr/local/opt/openssl@3/include/openssl/types.h:160:35: warning: redefinition of typedef 'X509_CRL_METHOD' is a C11 feature [-Wtypedef-redefinition]
2022-12-27T01:53:25.4297440Z   typedef struct x509_crl_method_st X509_CRL_METHOD;
2022-12-27T01:53:25.4299340Z                                     ^
2022-12-27T01:53:25.4301960Z   third_party/boringssl/include/openssl/base.h:256:35: note: previous definition is here
2022-12-27T01:53:25.4303120Z   typedef struct x509_crl_method_st X509_CRL_METHOD;
2022-12-27T01:53:25.4304960Z                                     ^
2022-12-27T01:53:25.4306840Z   In file included from src/boringssl/err_data.c:18:
2022-12-27T01:53:25.4308890Z   In file included from /usr/local/opt/openssl@3/include/openssl/err.h:28:
2022-12-27T01:53:25.4311150Z   /usr/local/opt/openssl@3/include/openssl/types.h:161:32: warning: redefinition of typedef 'X509_REVOKED' is a C11 feature [-Wtypedef-redefinition]
2022-12-27T01:53:25.4312720Z   typedef struct x509_revoked_st X509_REVOKED;
2022-12-27T01:53:25.4314610Z                                  ^
2022-12-27T01:53:25.4316610Z   third_party/boringssl/include/openssl/base.h:257:32: note: previous definition is here
2022-12-27T01:53:25.4318500Z   typedef struct x509_revoked_st X509_REVOKED;
2022-12-27T01:53:25.4320260Z                                  ^
2022-12-27T01:53:25.4322060Z   In file included from src/boringssl/err_data.c:18:
2022-12-27T01:53:25.4324160Z   In file included from /usr/local/opt/openssl@3/include/openssl/err.h:28:
2022-12-27T01:53:25.4326620Z   /usr/local/opt/openssl@3/include/openssl/types.h:162:29: warning: redefinition of typedef 'X509_NAME' is a C11 feature [-Wtypedef-redefinition]
2022-12-27T01:53:25.4328000Z   typedef struct X509_name_st X509_NAME;
2022-12-27T01:53:25.4329870Z                               ^
2022-12-27T01:53:25.4331840Z   third_party/boringssl/include/openssl/base.h:195:29: note: previous definition is here
2022-12-27T01:53:25.4333770Z   typedef struct X509_name_st X509_NAME;
2022-12-27T01:53:25.4335560Z                               ^
2022-12-27T01:53:25.4337450Z   In file included from src/boringssl/err_data.c:18:
2022-12-27T01:53:25.4339510Z   In file included from /usr/local/opt/openssl@3/include/openssl/err.h:28:
2022-12-27T01:53:25.4341790Z   /usr/local/opt/openssl@3/include/openssl/types.h:163:31: warning: redefinition of typedef 'X509_PUBKEY' is a C11 feature [-Wtypedef-redefinition]
2022-12-27T01:53:25.4343090Z   typedef struct X509_pubkey_st X509_PUBKEY;
2022-12-27T01:53:25.4345030Z                                 ^
2022-12-27T01:53:25.4347030Z   third_party/boringssl/include/openssl/base.h:197:31: note: previous definition is here
2022-12-27T01:53:25.4348750Z   typedef struct X509_pubkey_st X509_PUBKEY;
2022-12-27T01:53:25.4350780Z                                 ^
2022-12-27T01:53:25.4352750Z   In file included from src/boringssl/err_data.c:18:
2022-12-27T01:53:25.4354720Z   In file included from /usr/local/opt/openssl@3/include/openssl/err.h:28:
2022-12-27T01:53:25.4356950Z   /usr/local/opt/openssl@3/include/openssl/types.h:164:30: warning: redefinition of typedef 'X509_STORE' is a C11 feature [-Wtypedef-redefinition]
2022-12-27T01:53:25.4358370Z   typedef struct x509_store_st X509_STORE;
2022-12-27T01:53:25.4360280Z                                ^
2022-12-27T01:53:25.4362110Z   third_party/boringssl/include/openssl/base.h:260:30: note: previous definition is here
2022-12-27T01:53:25.4364020Z   typedef struct x509_store_st X509_STORE;
2022-12-27T01:53:25.4365750Z                                ^
2022-12-27T01:53:25.4367920Z   In file included from src/boringssl/err_data.c:18:
2022-12-27T01:53:25.4369540Z   In file included from /usr/local/opt/openssl@3/include/openssl/err.h:28:
2022-12-27T01:53:25.4372040Z   /usr/local/opt/openssl@3/include/openssl/types.h:165:34: warning: redefinition of typedef 'X509_STORE_CTX' is a C11 feature [-Wtypedef-redefinition]
2022-12-27T01:53:25.4373520Z   typedef struct x509_store_ctx_st X509_STORE_CTX;
2022-12-27T01:53:25.4375300Z                                    ^
2022-12-27T01:53:25.4377470Z   third_party/boringssl/include/openssl/base.h:259:34: note: previous definition is here
2022-12-27T01:53:25.4379280Z   typedef struct x509_store_ctx_st X509_STORE_CTX;
2022-12-27T01:53:25.4380970Z                                    ^
2022-12-27T01:53:25.4383000Z   In file included from src/boringssl/err_data.c:18:
2022-12-27T01:53:25.4384860Z   In file included from /usr/local/opt/openssl@3/include/openssl/err.h:28:
2022-12-27T01:53:25.4387090Z   /usr/local/opt/openssl@3/include/openssl/types.h:174:39: warning: redefinition of typedef 'PKCS8_PRIV_KEY_INFO' is a C11 feature [-Wtypedef-redefinition]
2022-12-27T01:53:25.4388840Z   typedef struct pkcs8_priv_key_info_st PKCS8_PRIV_KEY_INFO;
2022-12-27T01:53:25.4390560Z                                         ^
2022-12-27T01:53:25.4392890Z   third_party/boringssl/include/openssl/base.h:234:39: note: previous definition is here
2022-12-27T01:53:25.4394650Z   typedef struct pkcs8_priv_key_info_st PKCS8_PRIV_KEY_INFO;
2022-12-27T01:53:25.4396910Z                                         ^
2022-12-27T01:53:25.4398380Z   In file included from src/boringssl/err_data.c:18:
2022-12-27T01:53:25.4400410Z   In file included from /usr/local/opt/openssl@3/include/openssl/err.h:28:
2022-12-27T01:53:25.4402890Z   /usr/local/opt/openssl@3/include/openssl/types.h:176:27: warning: redefinition of typedef 'X509V3_CTX' is a C11 feature [-Wtypedef-redefinition]
2022-12-27T01:53:25.4404410Z   typedef struct v3_ext_ctx X509V3_CTX;
2022-12-27T01:53:25.4423990Z                             ^
2022-12-27T01:53:25.4424520Z   third_party/boringssl/include/openssl/base.h:251:27: note: previous definition is here
2022-12-27T01:53:25.4424820Z   typedef struct v3_ext_ctx X509V3_CTX;
2022-12-27T01:53:25.4425050Z                             ^
2022-12-27T01:53:25.4425290Z   In file included from src/boringssl/err_data.c:18:
2022-12-27T01:53:25.4425600Z   In file included from /usr/local/opt/openssl@3/include/openssl/err.h:28:
2022-12-27T01:53:25.4426230Z   /usr/local/opt/openssl@3/include/openssl/types.h:177:24: warning: redefinition of typedef 'CONF' is a C11 feature [-Wtypedef-redefinition]
2022-12-27T01:53:25.4426560Z   typedef struct conf_st CONF;
2022-12-27T01:53:25.4426760Z                          ^
2022-12-27T01:53:25.4427030Z   third_party/boringssl/include/openssl/base.h:212:24: note: previous definition is here
2022-12-27T01:53:25.4427300Z   typedef struct conf_st CONF;
2022-12-27T01:53:25.4427510Z                          ^
2022-12-27T01:53:25.4430630Z   In file included from src/boringssl/err_data.c:18:
2022-12-27T01:53:25.4432560Z   In file included from /usr/local/opt/openssl@3/include/openssl/err.h:28:
2022-12-27T01:53:25.4433960Z   /usr/local/opt/openssl@3/include/openssl/types.h:183:26: warning: redefinition of typedef 'ENGINE' is a C11 feature [-Wtypedef-redefinition]
2022-12-27T01:53:25.4435230Z   typedef struct engine_st ENGINE;
2022-12-27T01:53:25.4437350Z                            ^
2022-12-27T01:53:25.4439300Z   third_party/boringssl/include/openssl/base.h:219:26: note: previous definition is here
2022-12-27T01:53:25.4441000Z   typedef struct engine_st ENGINE;
2022-12-27T01:53:25.4442850Z                            ^
2022-12-27T01:53:25.4444980Z   In file included from src/boringssl/err_data.c:18:
2022-12-27T01:53:25.4446750Z   In file included from /usr/local/opt/openssl@3/include/openssl/err.h:28:
2022-12-27T01:53:25.4449710Z   /usr/local/opt/openssl@3/include/openssl/types.h:184:23: warning: redefinition of typedef 'SSL' is a C11 feature [-Wtypedef-redefinition]
2022-12-27T01:53:25.4450620Z   typedef struct ssl_st SSL;
2022-12-27T01:53:25.4452660Z                         ^
2022-12-27T01:53:25.4454500Z   third_party/boringssl/include/openssl/base.h:249:23: note: previous definition is here
2022-12-27T01:53:25.4456490Z   typedef struct ssl_st SSL;
2022-12-27T01:53:25.4458380Z                         ^
2022-12-27T01:53:25.4460400Z   In file included from src/boringssl/err_data.c:18:
2022-12-27T01:53:25.4462440Z   In file included from /usr/local/opt/openssl@3/include/openssl/err.h:28:
2022-12-27T01:53:25.4464990Z   /usr/local/opt/openssl@3/include/openssl/types.h:185:27: warning: redefinition of typedef 'SSL_CTX' is a C11 feature [-Wtypedef-redefinition]
2022-12-27T01:53:25.4466290Z   typedef struct ssl_ctx_st SSL_CTX;
2022-12-27T01:53:25.4468320Z                             ^
2022-12-27T01:53:25.4470430Z   third_party/boringssl/include/openssl/base.h:245:27: note: previous definition is here
2022-12-27T01:53:25.4472460Z   typedef struct ssl_ctx_st SSL_CTX;
2022-12-27T01:53:25.4474280Z                             ^
2022-12-27T01:53:25.4476510Z   In file included from src/boringssl/err_data.c:18:
2022-12-27T01:53:25.4478310Z   In file included from /usr/local/opt/openssl@3/include/openssl/err.h:28:
2022-12-27T01:53:25.4480800Z   /usr/local/opt/openssl@3/include/openssl/types.h:190:36: warning: redefinition of typedef 'X509_POLICY_NODE' is a C11 feature [-Wtypedef-redefinition]
2022-12-27T01:53:25.4482380Z   typedef struct X509_POLICY_NODE_st X509_POLICY_NODE;
2022-12-27T01:53:25.4484410Z                                      ^
2022-12-27T01:53:25.4486510Z   third_party/boringssl/include/openssl/base.h:187:36: note: previous definition is here
2022-12-27T01:53:25.4488620Z   typedef struct X509_POLICY_NODE_st X509_POLICY_NODE;
2022-12-27T01:53:25.4490930Z                                      ^
2022-12-27T01:53:25.4492430Z   In file included from src/boringssl/err_data.c:18:
2022-12-27T01:53:25.4494690Z   In file included from /usr/local/opt/openssl@3/include/openssl/err.h:28:
2022-12-27T01:53:25.4497320Z   /usr/local/opt/openssl@3/include/openssl/types.h:191:37: warning: redefinition of typedef 'X509_POLICY_LEVEL' is a C11 feature [-Wtypedef-redefinition]
2022-12-27T01:53:25.4498570Z   typedef struct X509_POLICY_LEVEL_st X509_POLICY_LEVEL;
2022-12-27T01:53:25.4500640Z                                       ^
2022-12-27T01:53:25.4502980Z   third_party/boringssl/include/openssl/base.h:186:37: note: previous definition is here
2022-12-27T01:53:25.4504670Z   typedef struct X509_POLICY_LEVEL_st X509_POLICY_LEVEL;
2022-12-27T01:53:25.4506720Z                                       ^
2022-12-27T01:53:25.4508570Z   In file included from src/boringssl/err_data.c:18:
2022-12-27T01:53:25.4510820Z   In file included from /usr/local/opt/openssl@3/include/openssl/err.h:28:
2022-12-27T01:53:25.4513160Z   /usr/local/opt/openssl@3/include/openssl/types.h:192:36: warning: redefinition of typedef 'X509_POLICY_TREE' is a C11 feature [-Wtypedef-redefinition]
2022-12-27T01:53:25.4514800Z   typedef struct X509_POLICY_TREE_st X509_POLICY_TREE;
2022-12-27T01:53:25.4516830Z                                      ^
2022-12-27T01:53:25.4518780Z   third_party/boringssl/include/openssl/base.h:188:36: note: previous definition is here
2022-12-27T01:53:25.4520950Z   typedef struct X509_POLICY_TREE_st X509_POLICY_TREE;
2022-12-27T01:53:25.4522740Z                                      ^
2022-12-27T01:53:25.4525510Z   In file included from src/boringssl/err_data.c:18:
2022-12-27T01:53:25.4527040Z   In file included from /usr/local/opt/openssl@3/include/openssl/err.h:28:
2022-12-27T01:53:25.4529610Z   /usr/local/opt/openssl@3/include/openssl/types.h:193:37: warning: redefinition of typedef 'X509_POLICY_CACHE' is a C11 feature [-Wtypedef-redefinition]
2022-12-27T01:53:25.4531220Z   typedef struct X509_POLICY_CACHE_st X509_POLICY_CACHE;
2022-12-27T01:53:25.4533400Z                                       ^
2022-12-27T01:53:25.4535490Z   third_party/boringssl/include/openssl/base.h:185:37: note: previous definition is here
2022-12-27T01:53:25.4537310Z   typedef struct X509_POLICY_CACHE_st X509_POLICY_CACHE;
2022-12-27T01:53:25.4539410Z                                       ^
2022-12-27T01:53:25.4541470Z   In file included from src/boringssl/err_data.c:18:
2022-12-27T01:53:25.4543090Z   In file included from /usr/local/opt/openssl@3/include/openssl/err.h:28:
2022-12-27T01:53:25.4545610Z   /usr/local/opt/openssl@3/include/openssl/types.h:195:35: warning: redefinition of typedef 'AUTHORITY_KEYID' is a C11 feature [-Wtypedef-redefinition]
2022-12-27T01:53:25.4547140Z   typedef struct AUTHORITY_KEYID_st AUTHORITY_KEYID;
2022-12-27T01:53:25.4549310Z                                     ^
2022-12-27T01:53:25.4551200Z   third_party/boringssl/include/openssl/base.h:175:35: note: previous definition is here
2022-12-27T01:53:25.4553120Z   typedef struct AUTHORITY_KEYID_st AUTHORITY_KEYID;
2022-12-27T01:53:25.4554950Z                                     ^
2022-12-27T01:53:25.4557070Z   In file included from src/boringssl/err_data.c:18:
2022-12-27T01:53:25.4559060Z   In file included from /usr/local/opt/openssl@3/include/openssl/err.h:28:
2022-12-27T01:53:25.4561350Z   /usr/local/opt/openssl@3/include/openssl/types.h:196:30: warning: redefinition of typedef 'DIST_POINT' is a C11 feature [-Wtypedef-redefinition]
2022-12-27T01:53:25.4562910Z   typedef struct DIST_POINT_st DIST_POINT;
2022-12-27T01:53:25.4564710Z                                ^
2022-12-27T01:53:25.4566870Z   third_party/boringssl/include/openssl/base.h:176:30: note: previous definition is here
2022-12-27T01:53:25.4568750Z   typedef struct DIST_POINT_st DIST_POINT;
2022-12-27T01:53:25.4570460Z                                ^
2022-12-27T01:53:25.4572670Z   In file included from src/boringssl/err_data.c:18:
2022-12-27T01:53:25.4574630Z   In file included from /usr/local/opt/openssl@3/include/openssl/err.h:28:
2022-12-27T01:53:25.4576890Z   /usr/local/opt/openssl@3/include/openssl/types.h:197:38: warning: redefinition of typedef 'ISSUING_DIST_POINT' is a C11 feature [-Wtypedef-redefinition]
2022-12-27T01:53:25.4578490Z   typedef struct ISSUING_DIST_POINT_st ISSUING_DIST_POINT;
2022-12-27T01:53:25.4580310Z                                        ^
2022-12-27T01:53:25.4582530Z   third_party/boringssl/include/openssl/base.h:177:38: note: previous definition is here
2022-12-27T01:53:25.4584410Z   typedef struct ISSUING_DIST_POINT_st ISSUING_DIST_POINT;
2022-12-27T01:53:25.4586130Z                                        ^
2022-12-27T01:53:25.4588220Z   In file included from src/boringssl/err_data.c:18:
2022-12-27T01:53:25.4590190Z   In file included from /usr/local/opt/openssl@3/include/openssl/err.h:28:
2022-12-27T01:53:25.4592780Z   /usr/local/opt/openssl@3/include/openssl/types.h:198:36: warning: redefinition of typedef 'NAME_CONSTRAINTS' is a C11 feature [-Wtypedef-redefinition]
2022-12-27T01:53:25.4594090Z   typedef struct NAME_CONSTRAINTS_st NAME_CONSTRAINTS;
2022-12-27T01:53:25.4596090Z                                      ^
2022-12-27T01:53:25.4598180Z   third_party/boringssl/include/openssl/base.h:178:36: note: previous definition is here
2022-12-27T01:53:25.4600050Z   typedef struct NAME_CONSTRAINTS_st NAME_CONSTRAINTS;
2022-12-27T01:53:25.4601770Z                                      ^
2022-12-27T01:53:25.4603870Z   In file included from src/boringssl/err_data.c:18:
2022-12-27T01:53:25.4605870Z   In file included from /usr/local/opt/openssl@3/include/openssl/err.h:29:
2022-12-27T01:53:25.4608820Z   /usr/local/opt/openssl@3/include/openssl/bio.h:296:30: warning: redefinition of typedef 'BIO_METHOD' is a C11 feature [-Wtypedef-redefinition]
2022-12-27T01:53:25.4609640Z   typedef struct bio_method_st BIO_METHOD;
2022-12-27T01:53:25.4611600Z                                ^
2022-12-27T01:53:25.4613760Z   third_party/boringssl/include/openssl/base.h:204:30: note: previous definition is here
2022-12-27T01:53:25.4615490Z   typedef struct bio_method_st BIO_METHOD;
2022-12-27T01:53:25.4617430Z                                ^
2022-12-27T01:53:25.4620020Z   src/boringssl/err_data.c:33:1: error: 'OPENSSL_COMPILE_ASSERT_library_values_changed_12' declared as an array with a negative size
2022-12-27T01:53:25.4621380Z   OPENSSL_COMPILE_ASSERT(ERR_LIB_ASN1 == 12, library_values_changed_12);
2022-12-27T01:53:25.4623100Z   ^~~~~~~~~~~~~~~~~~~~~~~~~~~~~~~~~~~~~~~~~~~~~~~~~~~~~~~~~~~~~~~~~~~~~
2022-12-27T01:53:25.4625930Z   third_party/boringssl/include/openssl/type_check.h:83:45: note: expanded from macro 'OPENSSL_COMPILE_ASSERT'
2022-12-27T01:53:25.4627390Z     typedef char OPENSSL_COMPILE_ASSERT_##msg[((cond) ? 1 : -1)]
2022-12-27T01:53:25.4629010Z                                               ^~~~~~~~~~~~~~~~~
2022-12-27T01:53:25.4631520Z   src/boringssl/err_data.c:34:1: error: 'OPENSSL_COMPILE_ASSERT_library_values_changed_13' declared as an array with a negative size
2022-12-27T01:53:25.4633130Z   OPENSSL_COMPILE_ASSERT(ERR_LIB_CONF == 13, library_values_changed_13);
2022-12-27T01:53:25.4635090Z   ^~~~~~~~~~~~~~~~~~~~~~~~~~~~~~~~~~~~~~~~~~~~~~~~~~~~~~~~~~~~~~~~~~~~~
2022-12-27T01:53:25.4637250Z   third_party/boringssl/include/openssl/type_check.h:83:45: note: expanded from macro 'OPENSSL_COMPILE_ASSERT'
2022-12-27T01:53:25.4639370Z     typedef char OPENSSL_COMPILE_ASSERT_##msg[((cond) ? 1 : -1)]
2022-12-27T01:53:25.4640770Z                                               ^~~~~~~~~~~~~~~~~
2022-12-27T01:53:25.4643020Z   src/boringssl/err_data.c:35:1: error: 'OPENSSL_COMPILE_ASSERT_library_values_changed_14' declared as an array with a negative size
2022-12-27T01:53:25.4644730Z   OPENSSL_COMPILE_ASSERT(ERR_LIB_CRYPTO == 14, library_values_changed_14);
2022-12-27T01:53:25.4646800Z   ^~~~~~~~~~~~~~~~~~~~~~~~~~~~~~~~~~~~~~~~~~~~~~~~~~~~~~~~~~~~~~~~~~~~~~~
2022-12-27T01:53:25.4649150Z   third_party/boringssl/include/openssl/type_check.h:83:45: note: expanded from macro 'OPENSSL_COMPILE_ASSERT'
2022-12-27T01:53:25.4650940Z     typedef char OPENSSL_COMPILE_ASSERT_##msg[((cond) ? 1 : -1)]
2022-12-27T01:53:25.4652850Z                                               ^~~~~~~~~~~~~~~~~
2022-12-27T01:53:25.4655280Z   src/boringssl/err_data.c:36:1: error: 'OPENSSL_COMPILE_ASSERT_library_values_changed_15' declared as an array with a negative size
2022-12-27T01:53:25.4656770Z   OPENSSL_COMPILE_ASSERT(ERR_LIB_EC == 15, library_values_changed_15);
2022-12-27T01:53:25.4658810Z   ^~~~~~~~~~~~~~~~~~~~~~~~~~~~~~~~~~~~~~~~~~~~~~~~~~~~~~~~~~~~~~~~~~~
2022-12-27T01:53:25.4661170Z   third_party/boringssl/include/openssl/type_check.h:83:45: note: expanded from macro 'OPENSSL_COMPILE_ASSERT'
2022-12-27T01:53:25.4662830Z     typedef char OPENSSL_COMPILE_ASSERT_##msg[((cond) ? 1 : -1)]
2022-12-27T01:53:25.4664550Z                                               ^~~~~~~~~~~~~~~~~
2022-12-27T01:53:25.4667030Z   src/boringssl/err_data.c:37:1: error: 'OPENSSL_COMPILE_ASSERT_library_values_changed_16' declared as an array with a negative size
2022-12-27T01:53:25.4668670Z   OPENSSL_COMPILE_ASSERT(ERR_LIB_SSL == 16, library_values_changed_16);
2022-12-27T01:53:25.4670600Z   ^~~~~~~~~~~~~~~~~~~~~~~~~~~~~~~~~~~~~~~~~~~~~~~~~~~~~~~~~~~~~~~~~~~~
2022-12-27T01:53:25.4672990Z   third_party/boringssl/include/openssl/type_check.h:83:45: note: expanded from macro 'OPENSSL_COMPILE_ASSERT'
2022-12-27T01:53:25.4674940Z     typedef char OPENSSL_COMPILE_ASSERT_##msg[((cond) ? 1 : -1)]
2022-12-27T01:53:25.4676730Z                                               ^~~~~~~~~~~~~~~~~
2022-12-27T01:53:25.4679460Z   src/boringssl/err_data.c:38:1: error: 'OPENSSL_COMPILE_ASSERT_library_values_changed_17' declared as an array with a negative size
2022-12-27T01:53:25.4680670Z   OPENSSL_COMPILE_ASSERT(ERR_LIB_BIO == 17, library_values_changed_17);
2022-12-27T01:53:25.4682650Z   ^~~~~~~~~~~~~~~~~~~~~~~~~~~~~~~~~~~~~~~~~~~~~~~~~~~~~~~~~~~~~~~~~~~~
2022-12-27T01:53:25.4684840Z   third_party/boringssl/include/openssl/type_check.h:83:45: note: expanded from macro 'OPENSSL_COMPILE_ASSERT'
2022-12-27T01:53:25.4686670Z     typedef char OPENSSL_COMPILE_ASSERT_##msg[((cond) ? 1 : -1)]
2022-12-27T01:53:25.4688340Z                                               ^~~~~~~~~~~~~~~~~
2022-12-27T01:53:25.4690980Z   src/boringssl/err_data.c:39:1: error: 'OPENSSL_COMPILE_ASSERT_library_values_changed_18' declared as an array with a negative size
2022-12-27T01:53:25.4692350Z   OPENSSL_COMPILE_ASSERT(ERR_LIB_PKCS7 == 18, library_values_changed_18);
2022-12-27T01:53:25.4694410Z   ^~~~~~~~~~~~~~~~~~~~~~~~~~~~~~~~~~~~~~~~~~~~~~~~~~~~~~~~~~~~~~~~~~~~~~
2022-12-27T01:53:25.4697340Z   third_party/boringssl/include/openssl/type_check.h:83:45: note: expanded from macro 'OPENSSL_COMPILE_ASSERT'
2022-12-27T01:53:25.4699170Z     typedef char OPENSSL_COMPILE_ASSERT_##msg[((cond) ? 1 : -1)]
2022-12-27T01:53:25.4700470Z                                               ^~~~~~~~~~~~~~~~~
2022-12-27T01:53:25.4703050Z   src/boringssl/err_data.c:40:24: error: use of undeclared identifier 'ERR_LIB_PKCS8'
2022-12-27T01:53:25.4705200Z   OPENSSL_COMPILE_ASSERT(ERR_LIB_PKCS8 == 19, library_values_changed_19);
2022-12-27T01:53:25.4707210Z                          ^
2022-12-27T01:53:25.4710570Z   src/boringssl/err_data.c:41:1: error: 'OPENSSL_COMPILE_ASSERT_library_values_changed_20' declared as an array with a negative size
2022-12-27T01:53:25.4712100Z   OPENSSL_COMPILE_ASSERT(ERR_LIB_X509V3 == 20, library_values_changed_20);
2022-12-27T01:53:25.4714260Z   ^~~~~~~~~~~~~~~~~~~~~~~~~~~~~~~~~~~~~~~~~~~~~~~~~~~~~~~~~~~~~~~~~~~~~~~
2022-12-27T01:53:25.4716650Z   third_party/boringssl/include/openssl/type_check.h:83:45: note: expanded from macro 'OPENSSL_COMPILE_ASSERT'
2022-12-27T01:53:25.4718750Z     typedef char OPENSSL_COMPILE_ASSERT_##msg[((cond) ? 1 : -1)]
2022-12-27T01:53:25.4720870Z                                               ^~~~~~~~~~~~~~~~~
2022-12-27T01:53:25.4723720Z   src/boringssl/err_data.c:42:1: error: 'OPENSSL_COMPILE_ASSERT_library_values_changed_21' declared as an array with a negative size
2022-12-27T01:53:25.4725560Z   OPENSSL_COMPILE_ASSERT(ERR_LIB_RAND == 21, library_values_changed_21);
2022-12-27T01:53:25.4727620Z   ^~~~~~~~~~~~~~~~~~~~~~~~~~~~~~~~~~~~~~~~~~~~~~~~~~~~~~~~~~~~~~~~~~~~~
2022-12-27T01:53:25.4730440Z   third_party/boringssl/include/openssl/type_check.h:83:45: note: expanded from macro 'OPENSSL_COMPILE_ASSERT'
2022-12-27T01:53:25.4732240Z     typedef char OPENSSL_COMPILE_ASSERT_##msg[((cond) ? 1 : -1)]
2022-12-27T01:53:25.4734290Z                                               ^~~~~~~~~~~~~~~~~
2022-12-27T01:53:25.4736990Z   src/boringssl/err_data.c:43:1: error: 'OPENSSL_COMPILE_ASSERT_library_values_changed_22' declared as an array with a negative size
2022-12-27T01:53:25.4738760Z   OPENSSL_COMPILE_ASSERT(ERR_LIB_ENGINE == 22, library_values_changed_22);
2022-12-27T01:53:25.4741060Z   ^~~~~~~~~~~~~~~~~~~~~~~~~~~~~~~~~~~~~~~~~~~~~~~~~~~~~~~~~~~~~~~~~~~~~~~
2022-12-27T01:53:25.4743700Z   third_party/boringssl/include/openssl/type_check.h:83:45: note: expanded from macro 'OPENSSL_COMPILE_ASSERT'
2022-12-27T01:53:25.4745510Z     typedef char OPENSSL_COMPILE_ASSERT_##msg[((cond) ? 1 : -1)]
2022-12-27T01:53:25.4747490Z                                               ^~~~~~~~~~~~~~~~~
2022-12-27T01:53:25.4750100Z   src/boringssl/err_data.c:44:1: error: 'OPENSSL_COMPILE_ASSERT_library_values_changed_23' declared as an array with a negative size
2022-12-27T01:53:25.4751850Z   OPENSSL_COMPILE_ASSERT(ERR_LIB_OCSP == 23, library_values_changed_23);
2022-12-27T01:53:25.4754200Z   ^~~~~~~~~~~~~~~~~~~~~~~~~~~~~~~~~~~~~~~~~~~~~~~~~~~~~~~~~~~~~~~~~~~~~
2022-12-27T01:53:25.4756970Z   third_party/boringssl/include/openssl/type_check.h:83:45: note: expanded from macro 'OPENSSL_COMPILE_ASSERT'
2022-12-27T01:53:25.4758650Z     typedef char OPENSSL_COMPILE_ASSERT_##msg[((cond) ? 1 : -1)]
2022-12-27T01:53:25.4760790Z                                               ^~~~~~~~~~~~~~~~~
2022-12-27T01:53:25.4763130Z   src/boringssl/err_data.c:45:1: error: 'OPENSSL_COMPILE_ASSERT_library_values_changed_24' declared as an array with a negative size
2022-12-27T01:53:25.4765340Z   OPENSSL_COMPILE_ASSERT(ERR_LIB_UI == 24, library_values_changed_24);
2022-12-27T01:53:25.4767250Z   ^~~~~~~~~~~~~~~~~~~~~~~~~~~~~~~~~~~~~~~~~~~~~~~~~~~~~~~~~~~~~~~~~~~
2022-12-27T01:53:25.4769890Z   third_party/boringssl/include/openssl/type_check.h:83:45: note: expanded from macro 'OPENSSL_COMPILE_ASSERT'
2022-12-27T01:53:25.4772190Z     typedef char OPENSSL_COMPILE_ASSERT_##msg[((cond) ? 1 : -1)]
2022-12-27T01:53:25.4774460Z                                               ^~~~~~~~~~~~~~~~~
2022-12-27T01:53:25.4776930Z   src/boringssl/err_data.c:46:1: error: 'OPENSSL_COMPILE_ASSERT_library_values_changed_25' declared as an array with a negative size
2022-12-27T01:53:25.4778920Z   OPENSSL_COMPILE_ASSERT(ERR_LIB_COMP == 25, library_values_changed_25);
2022-12-27T01:53:25.4780920Z   ^~~~~~~~~~~~~~~~~~~~~~~~~~~~~~~~~~~~~~~~~~~~~~~~~~~~~~~~~~~~~~~~~~~~~
2022-12-27T01:53:25.4783440Z   third_party/boringssl/include/openssl/type_check.h:83:45: note: expanded from macro 'OPENSSL_COMPILE_ASSERT'
2022-12-27T01:53:25.4785670Z     typedef char OPENSSL_COMPILE_ASSERT_##msg[((cond) ? 1 : -1)]
2022-12-27T01:53:25.4787510Z                                               ^~~~~~~~~~~~~~~~~
2022-12-27T01:53:25.4790100Z   src/boringssl/err_data.c:47:1: error: 'OPENSSL_COMPILE_ASSERT_library_values_changed_26' declared as an array with a negative size
2022-12-27T01:53:25.4791970Z   OPENSSL_COMPILE_ASSERT(ERR_LIB_ECDSA == 26, library_values_changed_26);
2022-12-27T01:53:25.4794230Z   ^~~~~~~~~~~~~~~~~~~~~~~~~~~~~~~~~~~~~~~~~~~~~~~~~~~~~~~~~~~~~~~~~~~~~~
2022-12-27T01:53:25.4796720Z   third_party/boringssl/include/openssl/type_check.h:83:45: note: expanded from macro 'OPENSSL_COMPILE_ASSERT'
2022-12-27T01:53:25.4798840Z     typedef char OPENSSL_COMPILE_ASSERT_##msg[((cond) ? 1 : -1)]
2022-12-27T01:53:25.4800690Z                                               ^~~~~~~~~~~~~~~~~
2022-12-27T01:53:25.4803230Z   src/boringssl/err_data.c:48:1: error: 'OPENSSL_COMPILE_ASSERT_library_values_changed_27' declared as an array with a negative size
2022-12-27T01:53:25.4805190Z   OPENSSL_COMPILE_ASSERT(ERR_LIB_ECDH == 27, library_values_changed_27);
2022-12-27T01:53:25.4807270Z   ^~~~~~~~~~~~~~~~~~~~~~~~~~~~~~~~~~~~~~~~~~~~~~~~~~~~~~~~~~~~~~~~~~~~~
2022-12-27T01:53:25.4809700Z   third_party/boringssl/include/openssl/type_check.h:83:45: note: expanded from macro 'OPENSSL_COMPILE_ASSERT'
2022-12-27T01:53:25.4811850Z     typedef char OPENSSL_COMPILE_ASSERT_##msg[((cond) ? 1 : -1)]
2022-12-27T01:53:25.4813700Z                                               ^~~~~~~~~~~~~~~~~
2022-12-27T01:53:25.4816220Z   fatal error: too many errors emitted, stopping now [-ferror-limit=]
2022-12-27T01:53:25.4818050Z   62 warnings and 20 errors generated.
2022-12-27T01:53:25.4820120Z   creating var
2022-12-27T01:53:25.4822190Z   creating var/folders
2022-12-27T01:53:25.4824250Z   creating var/folders/51
2022-12-27T01:53:25.4826730Z   creating var/folders/51/hd414ycd67n82196sw51xqtc0000gn
2022-12-27T01:53:25.4828850Z   creating var/folders/51/hd414ycd67n82196sw51xqtc0000gn/T
2022-12-27T01:53:25.4831020Z   creating var/folders/51/hd414ycd67n82196sw51xqtc0000gn/T/tmphdlil5kr
2022-12-27T01:53:25.4834650Z   clang -Wsign-compare -Wunreachable-code -fno-common -dynamic -DNDEBUG -g -fwrapv -O3 -Wall -g -I/usr/local/opt/openssl@3/include -I/usr/local/opt/openssl@3/include -arch arm64 -I/private/var/folders/51/hd414ycd67n82196sw51xqtc0000gn/T/cibw-run-4zt575w1/cp311-macosx_arm64/build/venv/include -I/Library/Frameworks/Python.framework/Versions/3.11/include/python3.11 -c /var/folders/51/hd414ycd67n82196sw51xqtc0000gn/T/tmphdlil5kr/a.c -o var/folders/51/hd414ycd67n82196sw51xqtc0000gn/T/tmphdlil5kr/a.o
2022-12-27T01:53:25.5384120Z   Traceback (most recent call last):
2022-12-27T01:53:25.5395850Z     File "/private/var/folders/51/hd414ycd67n82196sw51xqtc0000gn/T/cibw-run-4zt575w1/cp311-macosx_arm64/build/venv/lib/python3.11/site-packages/setuptools/_distutils/unixccompiler.py", line 186, in _compile
2022-12-27T01:53:25.5396580Z       self.spawn(compiler_so + cc_args + [src, '-o', obj] + extra_postargs)
2022-12-27T01:53:25.5397230Z     File "/Users/runner/actions-runner/_work/python.build/python.build/build_grpcio102311/grpcio-1.0.2/src/python/grpcio/_spawn_patch.py", line 67, in _commandfile_spawn
2022-12-27T01:53:25.5397600Z       _classic_spawn(self, command)
2022-12-27T01:53:25.5398210Z     File "/private/var/folders/51/hd414ycd67n82196sw51xqtc0000gn/T/cibw-run-4zt575w1/cp311-macosx_arm64/build/venv/lib/python3.11/site-packages/setuptools/_distutils/ccompiler.py", line 1007, in spawn
2022-12-27T01:53:25.5398640Z       spawn(cmd, dry_run=self.dry_run, **kwargs)
2022-12-27T01:53:25.5400000Z     File "/private/var/folders/51/hd414ycd67n82196sw51xqtc0000gn/T/cibw-run-4zt575w1/cp311-macosx_arm64/build/venv/lib/python3.11/site-packages/setuptools/_distutils/spawn.py", line 70, in spawn
2022-12-27T01:53:25.5401000Z       raise DistutilsExecError(
2022-12-27T01:53:25.5403570Z   distutils.errors.DistutilsExecError: command '/usr/bin/clang' failed with exit code 1
2022-12-27T01:53:25.5405070Z 
2022-12-27T01:53:25.5407720Z   During handling of the above exception, another exception occurred:
2022-12-27T01:53:25.5409380Z 
2022-12-27T01:53:25.5412130Z   Traceback (most recent call last):
2022-12-27T01:53:25.5415170Z     File "/Users/runner/actions-runner/_work/python.build/python.build/build_grpcio102311/grpcio-1.0.2/src/python/grpcio/commands.py", line 205, in build_extensions
2022-12-27T01:53:25.5416700Z       build_ext.build_ext.build_extensions(self)
2022-12-27T01:53:25.5419550Z     File "/private/var/folders/51/hd414ycd67n82196sw51xqtc0000gn/T/cibw-run-4zt575w1/cp311-macosx_arm64/build/venv/lib/python3.11/site-packages/Cython/Distutils/old_build_ext.py", line 195, in build_extensions
2022-12-27T01:53:25.5421260Z       _build_ext.build_ext.build_extensions(self)
2022-12-27T01:53:25.5424520Z     File "/private/var/folders/51/hd414ycd67n82196sw51xqtc0000gn/T/cibw-run-4zt575w1/cp311-macosx_arm64/build/venv/lib/python3.11/site-packages/setuptools/_distutils/command/build_ext.py", line 468, in build_extensions
2022-12-27T01:53:25.5426050Z       self._build_extensions_serial()
2022-12-27T01:53:25.5428950Z     File "/private/var/folders/51/hd414ycd67n82196sw51xqtc0000gn/T/cibw-run-4zt575w1/cp311-macosx_arm64/build/venv/lib/python3.11/site-packages/setuptools/_distutils/command/build_ext.py", line 494, in _build_extensions_serial
2022-12-27T01:53:25.5430390Z       self.build_extension(ext)
2022-12-27T01:53:25.5433850Z     File "/private/var/folders/51/hd414ycd67n82196sw51xqtc0000gn/T/cibw-run-4zt575w1/cp311-macosx_arm64/build/venv/lib/python3.11/site-packages/setuptools/command/build_ext.py", line 246, in build_extension
2022-12-27T01:53:25.5435240Z       _build_ext.build_extension(self, ext)
2022-12-27T01:53:25.5438840Z     File "/private/var/folders/51/hd414ycd67n82196sw51xqtc0000gn/T/cibw-run-4zt575w1/cp311-macosx_arm64/build/venv/lib/python3.11/site-packages/setuptools/_distutils/command/build_ext.py", line 549, in build_extension
2022-12-27T01:53:25.5439780Z       objects = self.compiler.compile(
2022-12-27T01:53:25.5442200Z                 ^^^^^^^^^^^^^^^^^^^^^^
2022-12-27T01:53:25.5444990Z     File "/private/var/folders/51/hd414ycd67n82196sw51xqtc0000gn/T/cibw-run-4zt575w1/cp311-macosx_arm64/build/venv/lib/python3.11/site-packages/setuptools/_distutils/ccompiler.py", line 599, in compile
2022-12-27T01:53:25.5446540Z       self._compile(obj, src, ext, cc_args, extra_postargs, pp_opts)
2022-12-27T01:53:25.5449610Z     File "/private/var/folders/51/hd414ycd67n82196sw51xqtc0000gn/T/cibw-run-4zt575w1/cp311-macosx_arm64/build/venv/lib/python3.11/site-packages/setuptools/_distutils/unixccompiler.py", line 188, in _compile
2022-12-27T01:53:25.5450820Z       raise CompileError(msg)
2022-12-27T01:53:25.5453640Z   distutils.errors.CompileError: command '/usr/bin/clang' failed with exit code 1
2022-12-27T01:53:25.5455200Z 
2022-12-27T01:53:25.5457700Z   During handling of the above exception, another exception occurred:
2022-12-27T01:53:25.5459600Z 
2022-12-27T01:53:25.5462030Z   Traceback (most recent call last):
2022-12-27T01:53:25.5464110Z     File "<string>", line 2, in <module>
2022-12-27T01:53:25.5466860Z     File "<pip-setuptools-caller>", line 34, in <module>
2022-12-27T01:53:25.5469050Z     File "/Users/runner/actions-runner/_work/python.build/python.build/build_grpcio102311/grpcio-1.0.2/setup.py", line 259, in <module>
2022-12-27T01:53:25.5470670Z       setuptools.setup(
2022-12-27T01:53:25.5473780Z     File "/private/var/folders/51/hd414ycd67n82196sw51xqtc0000gn/T/cibw-run-4zt575w1/cp311-macosx_arm64/build/venv/lib/python3.11/site-packages/setuptools/__init__.py", line 87, in setup
2022-12-27T01:53:25.5475340Z       return distutils.core.setup(**attrs)
2022-12-27T01:53:25.5477630Z              ^^^^^^^^^^^^^^^^^^^^^^^^^^^^^
2022-12-27T01:53:25.5480680Z     File "/private/var/folders/51/hd414ycd67n82196sw51xqtc0000gn/T/cibw-run-4zt575w1/cp311-macosx_arm64/build/venv/lib/python3.11/site-packages/setuptools/_distutils/core.py", line 185, in setup
2022-12-27T01:53:25.5482240Z       return run_commands(dist)
2022-12-27T01:53:25.5484460Z              ^^^^^^^^^^^^^^^^^^
2022-12-27T01:53:25.5487490Z     File "/private/var/folders/51/hd414ycd67n82196sw51xqtc0000gn/T/cibw-run-4zt575w1/cp311-macosx_arm64/build/venv/lib/python3.11/site-packages/setuptools/_distutils/core.py", line 201, in run_commands
2022-12-27T01:53:25.5488880Z       dist.run_commands()
2022-12-27T01:53:25.5491960Z     File "/private/var/folders/51/hd414ycd67n82196sw51xqtc0000gn/T/cibw-run-4zt575w1/cp311-macosx_arm64/build/venv/lib/python3.11/site-packages/setuptools/_distutils/dist.py", line 969, in run_commands
2022-12-27T01:53:25.5493410Z       self.run_command(cmd)
2022-12-27T01:53:25.5496640Z     File "/private/var/folders/51/hd414ycd67n82196sw51xqtc0000gn/T/cibw-run-4zt575w1/cp311-macosx_arm64/build/venv/lib/python3.11/site-packages/setuptools/dist.py", line 1208, in run_command
2022-12-27T01:53:25.5498450Z       super().run_command(command)
2022-12-27T01:53:25.5501420Z     File "/private/var/folders/51/hd414ycd67n82196sw51xqtc0000gn/T/cibw-run-4zt575w1/cp311-macosx_arm64/build/venv/lib/python3.11/site-packages/setuptools/_distutils/dist.py", line 988, in run_command
2022-12-27T01:53:25.5502830Z       cmd_obj.run()
2022-12-27T01:53:25.5506030Z     File "/private/var/folders/51/hd414ycd67n82196sw51xqtc0000gn/T/cibw-run-4zt575w1/cp311-macosx_arm64/build/venv/lib/python3.11/site-packages/wheel/bdist_wheel.py", line 325, in run
2022-12-27T01:53:25.5507520Z       self.run_command("build")
2022-12-27T01:53:25.5510540Z     File "/private/var/folders/51/hd414ycd67n82196sw51xqtc0000gn/T/cibw-run-4zt575w1/cp311-macosx_arm64/build/venv/lib/python3.11/site-packages/setuptools/_distutils/cmd.py", line 318, in run_command
2022-12-27T01:53:25.5512120Z       self.distribution.run_command(command)
2022-12-27T01:53:25.5515100Z     File "/private/var/folders/51/hd414ycd67n82196sw51xqtc0000gn/T/cibw-run-4zt575w1/cp311-macosx_arm64/build/venv/lib/python3.11/site-packages/setuptools/dist.py", line 1208, in run_command
2022-12-27T01:53:25.5516700Z       super().run_command(command)
2022-12-27T01:53:25.5519720Z     File "/private/var/folders/51/hd414ycd67n82196sw51xqtc0000gn/T/cibw-run-4zt575w1/cp311-macosx_arm64/build/venv/lib/python3.11/site-packages/setuptools/_distutils/dist.py", line 988, in run_command
2022-12-27T01:53:25.5521110Z       cmd_obj.run()
2022-12-27T01:53:25.5524190Z     File "/private/var/folders/51/hd414ycd67n82196sw51xqtc0000gn/T/cibw-run-4zt575w1/cp311-macosx_arm64/build/venv/lib/python3.11/site-packages/setuptools/_distutils/command/build.py", line 132, in run
2022-12-27T01:53:25.5525800Z       self.run_command(cmd_name)
2022-12-27T01:53:25.5528970Z     File "/private/var/folders/51/hd414ycd67n82196sw51xqtc0000gn/T/cibw-run-4zt575w1/cp311-macosx_arm64/build/venv/lib/python3.11/site-packages/setuptools/_distutils/cmd.py", line 318, in run_command
2022-12-27T01:53:25.5530330Z       self.distribution.run_command(command)
2022-12-27T01:53:25.5533330Z     File "/private/var/folders/51/hd414ycd67n82196sw51xqtc0000gn/T/cibw-run-4zt575w1/cp311-macosx_arm64/build/venv/lib/python3.11/site-packages/setuptools/dist.py", line 1208, in run_command
2022-12-27T01:53:25.5534860Z       super().run_command(command)
2022-12-27T01:53:25.5538060Z     File "/private/var/folders/51/hd414ycd67n82196sw51xqtc0000gn/T/cibw-run-4zt575w1/cp311-macosx_arm64/build/venv/lib/python3.11/site-packages/setuptools/_distutils/dist.py", line 988, in run_command
2022-12-27T01:53:25.5539460Z       cmd_obj.run()
2022-12-27T01:53:25.5542540Z     File "/private/var/folders/51/hd414ycd67n82196sw51xqtc0000gn/T/cibw-run-4zt575w1/cp311-macosx_arm64/build/venv/lib/python3.11/site-packages/setuptools/command/build_ext.py", line 84, in run
2022-12-27T01:53:25.5543920Z       _build_ext.run(self)
2022-12-27T01:53:25.5547210Z     File "/private/var/folders/51/hd414ycd67n82196sw51xqtc0000gn/T/cibw-run-4zt575w1/cp311-macosx_arm64/build/venv/lib/python3.11/site-packages/Cython/Distutils/old_build_ext.py", line 186, in run
2022-12-27T01:53:25.5548700Z       _build_ext.build_ext.run(self)
2022-12-27T01:53:25.5551780Z     File "/private/var/folders/51/hd414ycd67n82196sw51xqtc0000gn/T/cibw-run-4zt575w1/cp311-macosx_arm64/build/venv/lib/python3.11/site-packages/setuptools/_distutils/command/build_ext.py", line 346, in run
2022-12-27T01:53:25.5553260Z       self.build_extensions()
2022-12-27T01:53:25.5556150Z     File "/Users/runner/actions-runner/_work/python.build/python.build/build_grpcio102311/grpcio-1.0.2/src/python/grpcio/commands.py", line 209, in build_extensions
2022-12-27T01:53:25.5557880Z       raise CommandError(
2022-12-27T01:53:25.5560260Z   commands.CommandError: Failed `build_ext` step:
2022-12-27T01:53:25.5562170Z   Traceback (most recent call last):
2022-12-27T01:53:25.5565070Z     File "/private/var/folders/51/hd414ycd67n82196sw51xqtc0000gn/T/cibw-run-4zt575w1/cp311-macosx_arm64/build/venv/lib/python3.11/site-packages/setuptools/_distutils/unixccompiler.py", line 186, in _compile
2022-12-27T01:53:25.5566900Z       self.spawn(compiler_so + cc_args + [src, '-o', obj] + extra_postargs)
2022-12-27T01:53:25.5569640Z     File "/Users/runner/actions-runner/_work/python.build/python.build/build_grpcio102311/grpcio-1.0.2/src/python/grpcio/_spawn_patch.py", line 67, in _commandfile_spawn
2022-12-27T01:53:25.5571470Z       _classic_spawn(self, command)
2022-12-27T01:53:25.5574370Z     File "/private/var/folders/51/hd414ycd67n82196sw51xqtc0000gn/T/cibw-run-4zt575w1/cp311-macosx_arm64/build/venv/lib/python3.11/site-packages/setuptools/_distutils/ccompiler.py", line 1007, in spawn
2022-12-27T01:53:25.5575900Z       spawn(cmd, dry_run=self.dry_run, **kwargs)
2022-12-27T01:53:25.5578950Z     File "/private/var/folders/51/hd414ycd67n82196sw51xqtc0000gn/T/cibw-run-4zt575w1/cp311-macosx_arm64/build/venv/lib/python3.11/site-packages/setuptools/_distutils/spawn.py", line 70, in spawn
2022-12-27T01:53:25.5580710Z       raise DistutilsExecError(
2022-12-27T01:53:25.5583420Z   distutils.errors.DistutilsExecError: command '/usr/bin/clang' failed with exit code 1
2022-12-27T01:53:25.5584930Z 
2022-12-27T01:53:25.5587590Z   During handling of the above exception, another exception occurred:
2022-12-27T01:53:25.5589180Z 
2022-12-27T01:53:25.5592000Z   Traceback (most recent call last):
2022-12-27T01:53:25.5594680Z     File "/Users/runner/actions-runner/_work/python.build/python.build/build_grpcio102311/grpcio-1.0.2/src/python/grpcio/commands.py", line 205, in build_extensions
2022-12-27T01:53:25.5596180Z       build_ext.build_ext.build_extensions(self)
2022-12-27T01:53:25.5599430Z     File "/private/var/folders/51/hd414ycd67n82196sw51xqtc0000gn/T/cibw-run-4zt575w1/cp311-macosx_arm64/build/venv/lib/python3.11/site-packages/Cython/Distutils/old_build_ext.py", line 195, in build_extensions
2022-12-27T01:53:25.5600750Z       _build_ext.build_ext.build_extensions(self)
2022-12-27T01:53:25.5603950Z     File "/private/var/folders/51/hd414ycd67n82196sw51xqtc0000gn/T/cibw-run-4zt575w1/cp311-macosx_arm64/build/venv/lib/python3.11/site-packages/setuptools/_distutils/command/build_ext.py", line 468, in build_extensions
2022-12-27T01:53:25.5605290Z       self._build_extensions_serial()
2022-12-27T01:53:25.5608220Z     File "/private/var/folders/51/hd414ycd67n82196sw51xqtc0000gn/T/cibw-run-4zt575w1/cp311-macosx_arm64/build/venv/lib/python3.11/site-packages/setuptools/_distutils/command/build_ext.py", line 494, in _build_extensions_serial
2022-12-27T01:53:25.5609730Z       self.build_extension(ext)
2022-12-27T01:53:25.5613380Z     File "/private/var/folders/51/hd414ycd67n82196sw51xqtc0000gn/T/cibw-run-4zt575w1/cp311-macosx_arm64/build/venv/lib/python3.11/site-packages/setuptools/command/build_ext.py", line 246, in build_extension
2022-12-27T01:53:25.5614820Z       _build_ext.build_extension(self, ext)
2022-12-27T01:53:25.5617830Z     File "/private/var/folders/51/hd414ycd67n82196sw51xqtc0000gn/T/cibw-run-4zt575w1/cp311-macosx_arm64/build/venv/lib/python3.11/site-packages/setuptools/_distutils/command/build_ext.py", line 549, in build_extension
2022-12-27T01:53:25.5619240Z       objects = self.compiler.compile(
2022-12-27T01:53:25.5621650Z                 ^^^^^^^^^^^^^^^^^^^^^^
2022-12-27T01:53:25.5624590Z     File "/private/var/folders/51/hd414ycd67n82196sw51xqtc0000gn/T/cibw-run-4zt575w1/cp311-macosx_arm64/build/venv/lib/python3.11/site-packages/setuptools/_distutils/ccompiler.py", line 599, in compile
2022-12-27T01:53:25.5626830Z       self._compile(obj, src, ext, cc_args, extra_postargs, pp_opts)
2022-12-27T01:53:25.5628980Z     File "/private/var/folders/51/hd414ycd67n82196sw51xqtc0000gn/T/cibw-run-4zt575w1/cp311-macosx_arm64/build/venv/lib/python3.11/site-packages/setuptools/_distutils/unixccompiler.py", line 188, in _compile
2022-12-27T01:53:25.5630560Z       raise CompileError(msg)
2022-12-27T01:53:25.5633520Z   distutils.errors.CompileError: command '/usr/bin/clang' failed with exit code 1
2022-12-27T01:53:25.5635040Z 
2022-12-27T01:53:25.6919050Z   error: subprocess-exited-with-error
2022-12-27T01:53:25.6919600Z   
2022-12-27T01:53:25.6920390Z   × python setup.py bdist_wheel did not run successfully.
2022-12-27T01:53:25.6921030Z   │ exit code: 1
2022-12-27T01:53:25.6921580Z   ╰─> See above for output.
2022-12-27T01:53:25.6921970Z   
2022-12-27T01:53:25.6922510Z   note: This error originates from a subprocess, and is likely not a problem with pip.
2022-12-27T01:53:25.6931250Z   full command: /private/var/folders/51/hd414ycd67n82196sw51xqtc0000gn/T/cibw-run-4zt575w1/cp311-macosx_arm64/build/venv/bin/python -u -c '
2022-12-27T01:53:25.6931780Z   exec(compile('"'"''"'"''"'"'
2022-12-27T01:53:25.6932410Z   # This is <pip-setuptools-caller> -- a caller that pip uses to run setup.py
2022-12-27T01:53:25.6932770Z   #
2022-12-27T01:53:25.6933350Z   # - It imports setuptools before invoking setup.py, to enable projects that directly
2022-12-27T01:53:25.6933940Z   #   import from `distutils.core` to work with newer packaging standards.
2022-12-27T01:53:25.6934430Z   # - It provides a clear error message when setuptools is not installed.
2022-12-27T01:53:25.6934970Z   # - It sets `sys.argv[0]` to the underlying `setup.py`, when invoking `setup.py` so
2022-12-27T01:53:25.6935470Z   #   setuptools doesn'"'"'t think the script is `-c`. This avoids the following warning:
2022-12-27T01:53:25.6936040Z   #     manifest_maker: standard file '"'"'-c'"'"' not found".
2022-12-27T01:53:25.6936570Z   # - It generates a shim setup.py, for handling setup.cfg-only projects.
2022-12-27T01:53:25.6936910Z   import os, sys, tokenize
2022-12-27T01:53:25.6937130Z   
2022-12-27T01:53:25.6937340Z   try:
2022-12-27T01:53:25.6937590Z       import setuptools
2022-12-27T01:53:25.6937880Z   except ImportError as error:
2022-12-27T01:53:25.6938170Z       print(
2022-12-27T01:53:25.6939210Z           "ERROR: Can not execute `setup.py` since setuptools is not available in "
2022-12-27T01:53:25.6939560Z           "the build environment.",
2022-12-27T01:53:25.6939790Z           file=sys.stderr,
2022-12-27T01:53:25.6940020Z       )
2022-12-27T01:53:25.6940190Z       sys.exit(1)
2022-12-27T01:53:25.6940370Z   
2022-12-27T01:53:25.6940550Z   __file__ = %r
2022-12-27T01:53:25.6940780Z   sys.argv[0] = __file__
2022-12-27T01:53:25.6941010Z   
2022-12-27T01:53:25.6941250Z   if os.path.exists(__file__):
2022-12-27T01:53:25.6941480Z       filename = __file__
2022-12-27T01:53:25.6941760Z       with tokenize.open(__file__) as f:
2022-12-27T01:53:25.6942050Z           setup_py_code = f.read()
2022-12-27T01:53:25.6942550Z   Building wheel for grpcio (setup.py): finished with status 'error'
2022-12-27T01:53:25.6942860Z   Running setup.py clean for grpcio
2022-12-27T01:53:25.6951370Z   else:
2022-12-27T01:53:25.6951830Z       filename = "<auto-generated setuptools caller>"
2022-12-27T01:53:25.6952150Z       setup_py_code = "from setuptools import setup; setup()"
2022-12-27T01:53:25.6952360Z   
2022-12-27T01:53:25.6952570Z   exec(compile(setup_py_code, filename, "exec"))
2022-12-27T01:53:25.6953340Z   '"'"''"'"''"'"' % ('"'"'/Users/runner/actions-runner/_work/python.build/python.build/build_grpcio102311/grpcio-1.0.2/setup.py'"'"',), "<pip-setuptools-caller>", "exec"))' bdist_wheel -d /private/var/folders/51/hd414ycd67n82196sw51xqtc0000gn/T/pip-wheel-usld0g0v
2022-12-27T01:53:25.6954040Z   cwd: /Users/runner/actions-runner/_work/python.build/python.build/build_grpcio102311/grpcio-1.0.2/
2022-12-27T01:53:25.6954360Z   ERROR: Failed building wheel for grpcio
2022-12-27T01:53:25.6954600Z   Running command python setup.py clean
2022-12-27T01:53:26.3073580Z   /private/var/folders/51/hd414ycd67n82196sw51xqtc0000gn/T/cibw-run-4zt575w1/cp311-macosx_arm64/build/venv/lib/python3.11/site-packages/setuptools/installer.py:27: SetuptoolsDeprecationWarning: setuptools.installer is deprecated. Requirements should be satisfied by a PEP 517 installer.
2022-12-27T01:53:26.3075250Z     warnings.warn(
2022-12-27T01:53:26.6176920Z   running clean
2022-12-27T01:53:26.6436270Z   removing 'python_build/temp.macosx-11.0-arm64-cpython-311' (and everything under it)
2022-12-27T01:53:26.6584390Z   removing 'python_build/lib.macosx-11.0-arm64-cpython-311' (and everything under it)
2022-12-27T01:53:26.6646540Z   'python_build/bdist.macosx-11.0-arm64' does not exist -- can't clean it
2022-12-27T01:53:26.6648340Z   'python_build/scripts-3.11' does not exist -- can't clean it
2022-12-27T01:53:26.6650640Z   removing 'python_build'
2022-12-27T01:53:26.7395800Z Failed to build grpcio
2022-12-27T01:53:26.7401940Z ERROR: Failed to build one or more wheels
2022-12-27T01:53:26.7425350Z Exception information:
2022-12-27T01:53:26.7426540Z Traceback (most recent call last):
2022-12-27T01:53:26.7428450Z   File "/private/var/folders/51/hd414ycd67n82196sw51xqtc0000gn/T/cibw-run-4zt575w1/cp311-macosx_arm64/build/venv/lib/python3.11/site-packages/pip/_internal/cli/base_command.py", line 160, in exc_logging_wrapper
2022-12-27T01:53:26.7429350Z     status = run_func(*args)
2022-12-27T01:53:26.7429750Z              ^^^^^^^^^^^^^^^
2022-12-27T01:53:26.7431390Z   File "/private/var/folders/51/hd414ycd67n82196sw51xqtc0000gn/T/cibw-run-4zt575w1/cp311-macosx_arm64/build/venv/lib/python3.11/site-packages/pip/_internal/cli/req_command.py", line 247, in wrapper
2022-12-27T01:53:26.7432170Z     return func(self, options, args)
2022-12-27T01:53:26.7432570Z            ^^^^^^^^^^^^^^^^^^^^^^^^^
2022-12-27T01:53:26.7433760Z   File "/private/var/folders/51/hd414ycd67n82196sw51xqtc0000gn/T/cibw-run-4zt575w1/cp311-macosx_arm64/build/venv/lib/python3.11/site-packages/pip/_internal/commands/wheel.py", line 201, in run
2022-12-27T01:53:26.7434640Z     raise CommandError("Failed to build one or more wheels")
2022-12-27T01:53:26.7435460Z pip._internal.exceptions.CommandError: Failed to build one or more wheels
2022-12-27T01:53:26.7437080Z Removed build tracker: '/private/var/folders/51/hd414ycd67n82196sw51xqtc0000gn/T/pip-build-tracker-8aigqri1'
2022-12-27T01:53:26.8544750Z ##[error]Command ['python', '-m', 'pip', 'wheel', '/Users/runner/actions-runner/_work/python.build/python.build/build_grpcio102311/grpcio-1.0.2', '--wheel-dir=/private/var/folders/51/hd414ycd67n82196sw51xqtc0000gn/T/cibw-run-4zt575w1/cp311-macosx_arm64/built_wheel', '--no-deps', '-vvv'] failed with code 1. None
2022-12-27T01:53:26.8554030Z 
2022-12-27T01:53:26.8554420Z ##[endgroup]
2022-12-27T01:53:26.8554980Z                                                              [31m✕ [0m27.28s
2022-12-27T01:53:26.9789180Z ##[error]Process completed with exit code 1.
2022-12-27T01:53:26.9843470Z ##[group]Run rm -rf build_grpcio102311 wheelsout
2022-12-27T01:53:26.9843790Z [36;1mrm -rf build_grpcio102311 wheelsout[0m
2022-12-27T01:53:26.9872530Z shell: /bin/bash -e {0}
2022-12-27T01:53:26.9872750Z env:
2022-12-27T01:53:26.9872990Z   pythonLocation: /Users/runner/hostedtoolcache/Python/3.11.1/x64
2022-12-27T01:53:26.9873320Z   PKG_CONFIG_PATH: /Users/runner/hostedtoolcache/Python/3.11.1/x64/lib/pkgconfig
2022-12-27T01:53:26.9873660Z   Python_ROOT_DIR: /Users/runner/hostedtoolcache/Python/3.11.1/x64
2022-12-27T01:53:26.9873970Z   Python2_ROOT_DIR: /Users/runner/hostedtoolcache/Python/3.11.1/x64
2022-12-27T01:53:26.9874290Z   Python3_ROOT_DIR: /Users/runner/hostedtoolcache/Python/3.11.1/x64
2022-12-27T01:53:26.9874530Z ##[endgroup]
2022-12-27T01:53:27.6740150Z Cleaning up orphan processes
