2022-12-27T08:50:25.9882338Z Requested labels: self-hosted, macOS, X64
2022-12-27T08:50:25.9882427Z Job defined at: kilnbuild/python.build/.github/workflows/mac_arm_build.yml@refs/heads/main
2022-12-27T08:50:25.9882454Z Waiting for a runner to pick up this job...
2022-12-27T11:20:59.2618081Z Job is about to start running on the runner: k2 (organization)
2022-12-27T11:21:01.6045390Z Current runner version: '2.300.2'
2022-12-27T11:21:01.6050350Z Runner name: 'k2'
2022-12-27T11:21:01.6050590Z Runner group name: 'Default'
2022-12-27T11:21:01.6051020Z Machine name: 'k2'
2022-12-27T11:21:01.6052450Z ##[group]GITHUB_TOKEN Permissions
2022-12-27T11:21:01.6052890Z Actions: write
2022-12-27T11:21:01.6053020Z Checks: write
2022-12-27T11:21:01.6053150Z Contents: write
2022-12-27T11:21:01.6053340Z Deployments: write
2022-12-27T11:21:01.6053480Z Discussions: write
2022-12-27T11:21:01.6053610Z Issues: write
2022-12-27T11:21:01.6053740Z Metadata: read
2022-12-27T11:21:01.6053870Z Packages: write
2022-12-27T11:21:01.6054010Z Pages: write
2022-12-27T11:21:01.6054150Z PullRequests: write
2022-12-27T11:21:01.6054310Z RepositoryProjects: write
2022-12-27T11:21:01.6054470Z SecurityEvents: write
2022-12-27T11:21:01.6054610Z Statuses: write
2022-12-27T11:21:01.6054740Z ##[endgroup]
2022-12-27T11:21:01.6057330Z Secret source: Actions
2022-12-27T11:21:01.6057650Z Prepare workflow directory
2022-12-27T11:21:01.6703130Z Prepare all required actions
2022-12-27T11:21:01.6820840Z Getting action download info
2022-12-27T11:21:02.1586680Z Download action repository 'actions/setup-python@v4' (SHA:5ccb29d8773c3f3f653e1705f474dfaa8a06a912)
2022-12-27T11:21:04.9410500Z Download action repository 'actions/upload-artifact@v3' (SHA:83fd05a356d7e2593de66fc9913b3002723633cb)
2022-12-27T11:21:06.2735800Z ##[group]Run echo '{
2022-12-27T11:21:06.2736090Z [36;1mecho '{[0m
2022-12-27T11:21:06.2736280Z [36;1m  "package_name": "lxml",[0m
2022-12-27T11:21:06.2736560Z [36;1m  "package_url": "https://files.pythonhosted.org/packages/8e/69/40ac33a46901330d8b4a0a3e31159281d976fb99ef6bf948da3c1d421a82/lxml-1.1.2.tar.gz",[0m
2022-12-27T11:21:06.2736800Z [36;1m  "package_version": "1.1.2",[0m
2022-12-27T11:21:06.2736990Z [36;1m  "python_version": "3.8",[0m
2022-12-27T11:21:06.2737170Z [36;1m  "use_ccache": "true"[0m
2022-12-27T11:21:06.2737280Z [36;1m}'[0m
2022-12-27T11:21:06.2752890Z shell: /bin/bash -e {0}
2022-12-27T11:21:06.2753100Z ##[endgroup]
2022-12-27T11:21:06.2970940Z {
2022-12-27T11:21:06.2972240Z   "package_name": "lxml",
2022-12-27T11:21:06.2972940Z   "package_url": "https://files.pythonhosted.org/packages/8e/69/40ac33a46901330d8b4a0a3e31159281d976fb99ef6bf948da3c1d421a82/lxml-1.1.2.tar.gz",
2022-12-27T11:21:06.2973310Z   "package_version": "1.1.2",
2022-12-27T11:21:06.2973540Z   "python_version": "3.8",
2022-12-27T11:21:06.2973700Z   "use_ccache": "true"
2022-12-27T11:21:06.2973900Z }
2022-12-27T11:21:06.3185530Z ##[group]Run actions/setup-python@v4
2022-12-27T11:21:06.3185790Z with:
2022-12-27T11:21:06.3185940Z   python-version: 3.8
2022-12-27T11:21:06.3186130Z   check-latest: false
2022-12-27T11:21:06.3186490Z   token: ***
2022-12-27T11:21:06.3186670Z   update-environment: true
2022-12-27T11:21:06.3186850Z ##[endgroup]
2022-12-27T11:21:06.4381460Z ##[group]Installed versions
2022-12-27T11:21:06.4415430Z Successfully set up CPython (3.8.15)
2022-12-27T11:21:06.4416320Z ##[endgroup]
2022-12-27T11:21:06.4568720Z ##[group]Run if [ "true" == "true" ]
2022-12-27T11:21:06.4569160Z [36;1mif [ "true" == "true" ][0m
2022-12-27T11:21:06.4569350Z [36;1mthen[0m
2022-12-27T11:21:06.4569660Z [36;1m  echo "CCACHE_PATH_PREPEND=/usr/local/opt/ccache/libexec" >> $GITHUB_OUTPUT[0m
2022-12-27T11:21:06.4569850Z [36;1melse[0m
2022-12-27T11:21:06.4570040Z [36;1m  echo "CCACHE_PATH_PREPEND=" >> $GITHUB_OUTPUT[0m
2022-12-27T11:21:06.4570530Z [36;1mfi[0m
2022-12-27T11:21:06.4587340Z shell: /bin/bash -e {0}
2022-12-27T11:21:06.4587510Z env:
2022-12-27T11:21:06.4587750Z   pythonLocation: /Users/runner/hostedtoolcache/Python/3.8.15/x64
2022-12-27T11:21:06.4588020Z   PKG_CONFIG_PATH: /Users/runner/hostedtoolcache/Python/3.8.15/x64/lib/pkgconfig
2022-12-27T11:21:06.4588330Z   Python_ROOT_DIR: /Users/runner/hostedtoolcache/Python/3.8.15/x64
2022-12-27T11:21:06.4588700Z   Python2_ROOT_DIR: /Users/runner/hostedtoolcache/Python/3.8.15/x64
2022-12-27T11:21:06.4588980Z   Python3_ROOT_DIR: /Users/runner/hostedtoolcache/Python/3.8.15/x64
2022-12-27T11:21:06.4589470Z ##[endgroup]
2022-12-27T11:21:06.4700470Z ##[group]Run echo "BUILD_NAME=$(echo lxml_1.1.2_3.8 | tr -dc '[:alnum:]\n\r' | tr '[:upper:]' '[:lower:]')" >> $GITHUB_OUTPUT
2022-12-27T11:21:06.4701020Z [36;1mecho "BUILD_NAME=$(echo lxml_1.1.2_3.8 | tr -dc '[:alnum:]\n\r' | tr '[:upper:]' '[:lower:]')" >> $GITHUB_OUTPUT[0m
2022-12-27T11:21:06.4714470Z shell: /bin/bash -e {0}
2022-12-27T11:21:06.4759540Z env:
2022-12-27T11:21:06.4759720Z   pythonLocation: /Users/runner/hostedtoolcache/Python/3.8.15/x64
2022-12-27T11:21:06.4759950Z   PKG_CONFIG_PATH: /Users/runner/hostedtoolcache/Python/3.8.15/x64/lib/pkgconfig
2022-12-27T11:21:06.4760150Z   Python_ROOT_DIR: /Users/runner/hostedtoolcache/Python/3.8.15/x64
2022-12-27T11:21:06.4760330Z   Python2_ROOT_DIR: /Users/runner/hostedtoolcache/Python/3.8.15/x64
2022-12-27T11:21:06.4760500Z   Python3_ROOT_DIR: /Users/runner/hostedtoolcache/Python/3.8.15/x64
2022-12-27T11:21:06.4760640Z ##[endgroup]
2022-12-27T11:21:06.4863060Z ##[group]Run echo "PYTHON_NO_DOTS=$(echo 3.8 | tr -dc '[:alnum:]\n\r' | tr '[:upper:]' '[:lower:]')" >> $GITHUB_OUTPUT
2022-12-27T11:21:06.4863500Z [36;1mecho "PYTHON_NO_DOTS=$(echo 3.8 | tr -dc '[:alnum:]\n\r' | tr '[:upper:]' '[:lower:]')" >> $GITHUB_OUTPUT[0m
2022-12-27T11:21:06.4877120Z shell: /bin/bash -e {0}
2022-12-27T11:21:06.4877270Z env:
2022-12-27T11:21:06.4877470Z   pythonLocation: /Users/runner/hostedtoolcache/Python/3.8.15/x64
2022-12-27T11:21:06.4877770Z   PKG_CONFIG_PATH: /Users/runner/hostedtoolcache/Python/3.8.15/x64/lib/pkgconfig
2022-12-27T11:21:06.4877980Z   Python_ROOT_DIR: /Users/runner/hostedtoolcache/Python/3.8.15/x64
2022-12-27T11:21:06.4878210Z   Python2_ROOT_DIR: /Users/runner/hostedtoolcache/Python/3.8.15/x64
2022-12-27T11:21:06.4878440Z   Python3_ROOT_DIR: /Users/runner/hostedtoolcache/Python/3.8.15/x64
2022-12-27T11:21:06.4878600Z ##[endgroup]
2022-12-27T11:21:06.4986770Z ##[group]Run rm -rf build_lxml11238
2022-12-27T11:21:06.4987120Z [36;1mrm -rf build_lxml11238[0m
2022-12-27T11:21:06.4987270Z [36;1mmkdir build_lxml11238[0m
2022-12-27T11:21:06.4987480Z [36;1mcd build_lxml11238[0m
2022-12-27T11:21:06.4987800Z [36;1m/usr/local/bin/wget --quiet https://files.pythonhosted.org/packages/8e/69/40ac33a46901330d8b4a0a3e31159281d976fb99ef6bf948da3c1d421a82/lxml-1.1.2.tar.gz[0m
2022-12-27T11:21:06.4988080Z [36;1mtar xf *.tar.gz[0m
2022-12-27T11:21:06.4988210Z [36;1mcd *[0m
2022-12-27T11:21:06.4988400Z [36;1mpython -m pip install cibuildwheel==2.11.3[0m
2022-12-27T11:21:06.4988640Z [36;1mpython -m cibuildwheel --output-dir ../wheelsout[0m
2022-12-27T11:21:06.5002780Z shell: /bin/bash -e {0}
2022-12-27T11:21:06.5002970Z env:
2022-12-27T11:21:06.5003180Z   pythonLocation: /Users/runner/hostedtoolcache/Python/3.8.15/x64
2022-12-27T11:21:06.5003480Z   PKG_CONFIG_PATH: /Users/runner/hostedtoolcache/Python/3.8.15/x64/lib/pkgconfig
2022-12-27T11:21:06.5003750Z   Python_ROOT_DIR: /Users/runner/hostedtoolcache/Python/3.8.15/x64
2022-12-27T11:21:06.5003950Z   Python2_ROOT_DIR: /Users/runner/hostedtoolcache/Python/3.8.15/x64
2022-12-27T11:21:06.5004180Z   Python3_ROOT_DIR: /Users/runner/hostedtoolcache/Python/3.8.15/x64
2022-12-27T11:21:06.5004420Z   CIBW_ARCHS_MACOS: arm64
2022-12-27T11:21:06.5004560Z   CIBW_TEST_SKIP: *_arm64
2022-12-27T11:21:06.5004740Z   CIBW_BUILD: cp38-macosx_arm64
2022-12-27T11:21:06.5004910Z   CIBW_BUILD_FRONTEND: pip
2022-12-27T11:21:06.5005080Z   CIBW_BUILD_VERBOSITY: 3
2022-12-27T11:21:06.5005390Z   CIBW_ENVIRONMENT_MACOS:  CFLAGS="-I/usr/local/opt/openssl@3/include" LDFLAGS="-L/usr/local/opt/openssl@3/lib" CPPFLAGS="-I/usr/local/opt/openssl@3/include" MAKEFLAGS="-j$(sysctl -n hw.logicalcpu)" PATH=/usr/local/opt/ccache/libexec:$PATH
2022-12-27T11:21:06.5005750Z   CIBW_BEFORE_BUILD: pip install Cython; if [[ -f requirements.txt ]]; then pip install -r requirements.txt; fi
2022-12-27T11:21:06.5005990Z   MAKEFLAGS: -j$(sysctl -n hw.logicalcpu)
2022-12-27T11:21:06.5006160Z ##[endgroup]
2022-12-27T11:21:06.8444970Z Requirement already satisfied: cibuildwheel==2.11.3 in /Users/runner/hostedtoolcache/Python/3.8.15/x64/lib/python3.8/site-packages (2.11.3)
2022-12-27T11:21:06.8789550Z Requirement already satisfied: bracex in /Users/runner/hostedtoolcache/Python/3.8.15/x64/lib/python3.8/site-packages (from cibuildwheel==2.11.3) (2.3.post1)
2022-12-27T11:21:06.8792530Z Requirement already satisfied: platformdirs in /Users/runner/hostedtoolcache/Python/3.8.15/x64/lib/python3.8/site-packages (from cibuildwheel==2.11.3) (2.6.0)
2022-12-27T11:21:06.8797820Z Requirement already satisfied: bashlex!=0.13 in /Users/runner/hostedtoolcache/Python/3.8.15/x64/lib/python3.8/site-packages (from cibuildwheel==2.11.3) (0.16)
2022-12-27T11:21:06.8805800Z Requirement already satisfied: typing-extensions>=4.1.0 in /Users/runner/hostedtoolcache/Python/3.8.15/x64/lib/python3.8/site-packages (from cibuildwheel==2.11.3) (4.4.0)
2022-12-27T11:21:06.8812850Z Requirement already satisfied: tomli in /Users/runner/hostedtoolcache/Python/3.8.15/x64/lib/python3.8/site-packages (from cibuildwheel==2.11.3) (2.0.1)
2022-12-27T11:21:06.8817650Z Requirement already satisfied: packaging>=20.9 in /Users/runner/hostedtoolcache/Python/3.8.15/x64/lib/python3.8/site-packages (from cibuildwheel==2.11.3) (22.0)
2022-12-27T11:21:06.8820940Z Requirement already satisfied: certifi in /Users/runner/hostedtoolcache/Python/3.8.15/x64/lib/python3.8/site-packages (from cibuildwheel==2.11.3) (2022.12.7)
2022-12-27T11:21:06.8824170Z Requirement already satisfied: filelock in /Users/runner/hostedtoolcache/Python/3.8.15/x64/lib/python3.8/site-packages (from cibuildwheel==2.11.3) (3.8.2)
2022-12-27T11:21:07.0428140Z 
2022-12-27T11:21:07.0428270Z      _ _       _ _   _       _           _
2022-12-27T11:21:07.0428700Z  ___|_| |_ _ _|_| |_| |_ _ _| |_ ___ ___| |
2022-12-27T11:21:07.0429480Z |  _| | . | | | | | . | | | |   | -_| -_| |
2022-12-27T11:21:07.0429750Z |___|_|___|___|_|_|___|_____|_|_|___|___|_|
2022-12-27T11:21:07.0430530Z 
2022-12-27T11:21:07.0430690Z cibuildwheel version 2.11.3
2022-12-27T11:21:07.0430930Z 
2022-12-27T11:21:07.0431060Z Build options:
2022-12-27T11:21:07.0431330Z   platform: macos
2022-12-27T11:21:07.0497240Z   architectures: arm64[0m
2022-12-27T11:21:07.0497790Z   build_selector: 
2022-12-27T11:21:07.0499670Z     build_config: cp38-macosx_arm64
2022-12-27T11:21:07.0500110Z     skip_config: 
2022-12-27T11:21:07.0500510Z     requires_python: None
2022-12-27T11:21:07.0500890Z     prerelease_pythons: False[0m
2022-12-27T11:21:07.0501260Z   [38;5;244mcontainer_engine: docker[0m
2022-12-27T11:21:07.0502080Z   output_dir: /Users/runner/actions-runner/_work/python.build/python.build/build_lxml11238/wheelsout[0m
2022-12-27T11:21:07.0503160Z   package_dir: /Users/runner/actions-runner/_work/python.build/python.build/build_lxml11238/lxml-1.1.2[0m
2022-12-27T11:21:07.0503530Z   test_selector: 
2022-12-27T11:21:07.0503850Z     skip_config: *_arm64[0m
2022-12-27T11:21:07.0504360Z   [38;5;244mbefore_all: [0m
2022-12-27T11:21:07.0504860Z   before_build: pip install Cython; if [[ -f requirements.txt ]]; then pip install -r requirements.txt; fi[0m
2022-12-27T11:21:07.0505230Z   [38;5;244mbefore_test: [0m
2022-12-27T11:21:07.0505550Z   [38;5;244mbuild_frontend: pip[0m
2022-12-27T11:21:07.0506020Z   build_verbosity: 3[0m
2022-12-27T11:21:07.0506340Z   [38;5;244mconfig_settings: [0m
2022-12-27T11:21:07.0506690Z   [38;5;244mdependency_constraints: pinned[0m
2022-12-27T11:21:07.0506960Z   environment: 
2022-12-27T11:21:07.0507370Z     CFLAGS="-I/usr/local/opt/openssl@3/include"
2022-12-27T11:21:07.0507700Z     LDFLAGS="-L/usr/local/opt/openssl@3/lib"
2022-12-27T11:21:07.0508080Z     CPPFLAGS="-I/usr/local/opt/openssl@3/include"
2022-12-27T11:21:07.0508680Z     MAKEFLAGS="-j$(sysctl -n hw.logicalcpu)"
2022-12-27T11:21:07.0509140Z     PATH=/usr/local/opt/ccache/libexec:$PATH[0m
2022-12-27T11:21:07.0509520Z   [38;5;244mmanylinux_images: None[0m
2022-12-27T11:21:07.0509790Z   [38;5;244mmusllinux_images: None[0m
2022-12-27T11:21:07.0510110Z   [38;5;244mrepair_command: delocate-wheel --require-archs {delocate_archs} -w {dest_dir} -v {wheel}[0m
2022-12-27T11:21:07.0510720Z   [38;5;244mtest_command: [0m
2022-12-27T11:21:07.0511000Z   [38;5;244mtest_extras: [0m
2022-12-27T11:21:07.0511230Z   [38;5;244mtest_requires: [0m
2022-12-27T11:21:07.0511310Z 
2022-12-27T11:21:07.0511440Z Cache folder: /Users/runner/Library/Caches/cibuildwheel
2022-12-27T11:21:07.0517080Z 
2022-12-27T11:21:07.0517270Z Here we go!
2022-12-27T11:21:07.0517400Z 
2022-12-27T11:21:07.0642070Z 
2022-12-27T11:21:07.0642630Z [1m[34mBuilding cp38-macosx_arm64 wheel[0m
2022-12-27T11:21:07.0643110Z CPython 3.8 macOS arm64 - Apple Silicon
2022-12-27T11:21:07.0643310Z 
2022-12-27T11:21:07.0645800Z ##[group]Installing Python cp38...
2022-12-27T11:21:07.0646030Z 
2022-12-27T11:21:07.0646700Z + pkgutil --pkgs
2022-12-27T11:21:07.0742530Z ##[endgroup]
2022-12-27T11:21:07.0743470Z                                                               [32m✓ [0m0.01s
2022-12-27T11:21:07.0744060Z ##[group]Setting up build environment...
2022-12-27T11:21:07.0744240Z 
2022-12-27T11:21:07.0763790Z + /Users/runner/hostedtoolcache/Python/3.8.15/x64/bin/python -sS /Users/runner/Library/Caches/cibuildwheel/virtualenv-20.17.0.pyz --activators= --no-periodic-update --pip=22.3.1 --setuptools=65.6.3 --wheel=0.38.4 --symlink-app-data --python /Library/Frameworks/Python.framework/Versions/3.8/bin/python3 /private/var/folders/51/hd414ycd67n82196sw51xqtc0000gn/T/cibw-run-2wpx8q7a/cp38-macosx_arm64/build/venv
2022-12-27T11:21:07.2644670Z created virtual environment CPython3.8.10.final.0-64 in 51ms
2022-12-27T11:21:07.2645400Z   creator CPython3Posix(dest=/private/var/folders/51/hd414ycd67n82196sw51xqtc0000gn/T/cibw-run-2wpx8q7a/cp38-macosx_arm64/build/venv, clear=False, no_vcs_ignore=False, global=False)
2022-12-27T11:21:07.2646250Z   seeder FromAppData(download=False, pip=22.3.1, setuptools=65.6.3, wheel=0.38.4, via=symlink, app_data_dir=/Users/runner/Library/Application Support/virtualenv)
2022-12-27T11:21:07.2646690Z     added seed packages: pip==22.3.1, setuptools==65.6.3, wheel==0.38.4
2022-12-27T11:21:07.2762750Z + python -m pip install --upgrade pip -c /Users/runner/hostedtoolcache/Python/3.8.15/x64/lib/python3.8/site-packages/cibuildwheel/resources/constraints-python38.txt
2022-12-27T11:21:07.5744270Z Requirement already satisfied: pip in ./lib/python3.8/site-packages (22.3.1)
2022-12-27T11:21:07.7106990Z + which pip
2022-12-27T11:21:07.7126260Z /private/var/folders/51/hd414ycd67n82196sw51xqtc0000gn/T/cibw-run-2wpx8q7a/cp38-macosx_arm64/build/venv/bin/pip
2022-12-27T11:21:07.7128890Z + pip --version
2022-12-27T11:21:07.9473500Z pip 22.3.1 from /private/var/folders/51/hd414ycd67n82196sw51xqtc0000gn/T/cibw-run-2wpx8q7a/cp38-macosx_arm64/build/venv/lib/python3.8/site-packages/pip (python 3.8)
2022-12-27T11:21:07.9700800Z + which pip
2022-12-27T11:21:07.9727760Z + which python
2022-12-27T11:21:07.9745730Z /private/var/folders/51/hd414ycd67n82196sw51xqtc0000gn/T/cibw-run-2wpx8q7a/cp38-macosx_arm64/build/venv/bin/python
2022-12-27T11:21:07.9748150Z + python --version
2022-12-27T11:21:07.9794540Z Python 3.8.10
2022-12-27T11:21:07.9797360Z + which python
2022-12-27T11:21:07.9849650Z ##[endgroup]
2022-12-27T11:21:07.9850400Z                                                               [32m✓ [0m0.91s
2022-12-27T11:21:07.9851020Z ##[group]Installing build tools...
2022-12-27T11:21:07.9851160Z 
2022-12-27T11:21:07.9851730Z + pip install --upgrade setuptools wheel delocate -c /Users/runner/hostedtoolcache/Python/3.8.15/x64/lib/python3.8/site-packages/cibuildwheel/resources/constraints-python38.txt
2022-12-27T11:21:08.2791380Z Requirement already satisfied: setuptools in /private/var/folders/51/hd414ycd67n82196sw51xqtc0000gn/T/cibw-run-2wpx8q7a/cp38-macosx_arm64/build/venv/lib/python3.8/site-packages (65.6.3)
2022-12-27T11:21:08.4998840Z Requirement already satisfied: wheel in /private/var/folders/51/hd414ycd67n82196sw51xqtc0000gn/T/cibw-run-2wpx8q7a/cp38-macosx_arm64/build/venv/lib/python3.8/site-packages (0.38.4)
2022-12-27T11:21:08.5539360Z Collecting delocate
2022-12-27T11:21:08.5563350Z   Using cached delocate-0.10.3-py3-none-any.whl (142 kB)
2022-12-27T11:21:08.5879500Z Collecting packaging>=20.9
2022-12-27T11:21:08.5902700Z   Using cached packaging-21.3-py3-none-any.whl (40 kB)
2022-12-27T11:21:08.6086370Z Collecting typing-extensions
2022-12-27T11:21:08.6106860Z   Using cached typing_extensions-4.4.0-py3-none-any.whl (26 kB)
2022-12-27T11:21:08.6485870Z Collecting pyparsing!=3.0.5,>=2.0.2
2022-12-27T11:21:08.6508860Z   Using cached pyparsing-3.0.9-py3-none-any.whl (98 kB)
2022-12-27T11:21:08.6876530Z Installing collected packages: typing-extensions, pyparsing, packaging, delocate
2022-12-27T11:21:08.8167350Z Successfully installed delocate-0.10.3 packaging-21.3 pyparsing-3.0.9 typing-extensions-4.4.0
2022-12-27T11:21:08.8618180Z ##[endgroup]
2022-12-27T11:21:08.8619040Z                                                               [32m✓ [0m0.88s
2022-12-27T11:21:08.8619710Z ##[group]Running before_build...
2022-12-27T11:21:08.8619810Z 
2022-12-27T11:21:08.8625750Z + pip install Cython; if [[ -f requirements.txt ]]; then pip install -r requirements.txt; fi
2022-12-27T11:21:09.5190940Z Collecting Cython
2022-12-27T11:21:09.5239250Z   Using cached Cython-0.29.32-py2.py3-none-any.whl (986 kB)
2022-12-27T11:21:09.5663480Z Installing collected packages: Cython
2022-12-27T11:21:09.9887580Z Successfully installed Cython-0.29.32
2022-12-27T11:21:10.0323440Z ##[endgroup]
2022-12-27T11:21:10.0324380Z                                                               [32m✓ [0m1.17s
2022-12-27T11:21:10.0325020Z ##[group]Building wheel...
2022-12-27T11:21:10.0325140Z 
2022-12-27T11:21:10.0329600Z + python -m pip wheel /Users/runner/actions-runner/_work/python.build/python.build/build_lxml11238/lxml-1.1.2 --wheel-dir=/private/var/folders/51/hd414ycd67n82196sw51xqtc0000gn/T/cibw-run-2wpx8q7a/cp38-macosx_arm64/built_wheel --no-deps -vvv
2022-12-27T11:21:10.3107510Z Created temporary directory: /private/var/folders/51/hd414ycd67n82196sw51xqtc0000gn/T/pip-ephem-wheel-cache-8uhbhbd_
2022-12-27T11:21:10.3112450Z Created temporary directory: /private/var/folders/51/hd414ycd67n82196sw51xqtc0000gn/T/pip-build-tracker-nkd3yqyc
2022-12-27T11:21:10.3114080Z Initialized build tracking at /private/var/folders/51/hd414ycd67n82196sw51xqtc0000gn/T/pip-build-tracker-nkd3yqyc
2022-12-27T11:21:10.3115540Z Created build tracker: /private/var/folders/51/hd414ycd67n82196sw51xqtc0000gn/T/pip-build-tracker-nkd3yqyc
2022-12-27T11:21:10.3117060Z Entered build tracker: /private/var/folders/51/hd414ycd67n82196sw51xqtc0000gn/T/pip-build-tracker-nkd3yqyc
2022-12-27T11:21:10.3120730Z Created temporary directory: /private/var/folders/51/hd414ycd67n82196sw51xqtc0000gn/T/pip-wheel-fs02sk3t
2022-12-27T11:21:10.3126480Z Created temporary directory: /private/var/folders/51/hd414ycd67n82196sw51xqtc0000gn/T/pip-ephem-wheel-cache-j61r65kr
2022-12-27T11:21:10.3203970Z Processing /Users/runner/actions-runner/_work/python.build/python.build/build_lxml11238/lxml-1.1.2
2022-12-27T11:21:10.3209140Z   Added file:///Users/runner/actions-runner/_work/python.build/python.build/build_lxml11238/lxml-1.1.2 to build tracker '/private/var/folders/51/hd414ycd67n82196sw51xqtc0000gn/T/pip-build-tracker-nkd3yqyc'
2022-12-27T11:21:10.3212490Z   Running setup.py (path:/Users/runner/actions-runner/_work/python.build/python.build/build_lxml11238/lxml-1.1.2/setup.py) egg_info for package from file:///Users/runner/actions-runner/_work/python.build/python.build/build_lxml11238/lxml-1.1.2
2022-12-27T11:21:10.3215620Z   Created temporary directory: /private/var/folders/51/hd414ycd67n82196sw51xqtc0000gn/T/pip-pip-egg-info-g2_jjfse
2022-12-27T11:21:10.3217060Z   Preparing metadata (setup.py): started
2022-12-27T11:21:10.3218810Z   Running command python setup.py egg_info
2022-12-27T11:21:10.4800420Z   Traceback (most recent call last):
2022-12-27T11:21:10.4811480Z     File "<string>", line 2, in <module>
2022-12-27T11:21:10.4812330Z     File "<pip-setuptools-caller>", line 34, in <module>
2022-12-27T11:21:10.4813110Z     File "/Users/runner/actions-runner/_work/python.build/python.build/build_lxml11238/lxml-1.1.2/setup.py", line 30
2022-12-27T11:21:10.4813880Z       raise NotImplementedError, \
2022-12-27T11:21:10.4814150Z                                ^
2022-12-27T11:21:10.4814410Z   SyntaxError: invalid syntax
2022-12-27T11:21:10.5111260Z   error: subprocess-exited-with-error
2022-12-27T11:21:10.5111980Z   
2022-12-27T11:21:10.5112560Z   × python setup.py egg_info did not run successfully.
2022-12-27T11:21:10.5113110Z   │ exit code: 1
2022-12-27T11:21:10.5113500Z   ╰─> See above for output.
2022-12-27T11:21:10.5113740Z   
2022-12-27T11:21:10.5114140Z   note: This error originates from a subprocess, and is likely not a problem with pip.
2022-12-27T11:21:10.5120740Z   full command: /private/var/folders/51/hd414ycd67n82196sw51xqtc0000gn/T/cibw-run-2wpx8q7a/cp38-macosx_arm64/build/venv/bin/python -c '
2022-12-27T11:21:10.5121570Z   exec(compile('"'"''"'"''"'"'
2022-12-27T11:21:10.5122340Z   # This is <pip-setuptools-caller> -- a caller that pip uses to run setup.py
2022-12-27T11:21:10.5122950Z   #
2022-12-27T11:21:10.5123460Z   # - It imports setuptools before invoking setup.py, to enable projects that directly
2022-12-27T11:21:10.5124020Z   #   import from `distutils.core` to work with newer packaging standards.
2022-12-27T11:21:10.5124560Z   # - It provides a clear error message when setuptools is not installed.
2022-12-27T11:21:10.5125520Z   # - It sets `sys.argv[0]` to the underlying `setup.py`, when invoking `setup.py` so
2022-12-27T11:21:10.5126240Z   #   setuptools doesn'"'"'t think the script is `-c`. This avoids the following warning:
2022-12-27T11:21:10.5126790Z   #     manifest_maker: standard file '"'"'-c'"'"' not found".
2022-12-27T11:21:10.5127570Z   # - It generates a shim setup.py, for handling setup.cfg-only projects.
2022-12-27T11:21:10.5127930Z   import os, sys, tokenize
2022-12-27T11:21:10.5128180Z   
2022-12-27T11:21:10.5128410Z   try:
2022-12-27T11:21:10.5129110Z       import setuptools
2022-12-27T11:21:10.5129700Z   except ImportError as error:
2022-12-27T11:21:10.5129940Z       print(
2022-12-27T11:21:10.5130190Z           "ERROR: Can not execute `setup.py` since setuptools is not available in "
2022-12-27T11:21:10.5130520Z           "the build environment.",
2022-12-27T11:21:10.5130990Z           file=sys.stderr,
2022-12-27T11:21:10.5131170Z       )
2022-12-27T11:21:10.5131380Z       sys.exit(1)
2022-12-27T11:21:10.5131600Z   
2022-12-27T11:21:10.5131770Z   __file__ = %r
2022-12-27T11:21:10.5132290Z   sys.argv[0] = __file__
2022-12-27T11:21:10.5132520Z   
2022-12-27T11:21:10.5132720Z   if os.path.exists(__file__):
2022-12-27T11:21:10.5133110Z       filename = __file__
2022-12-27T11:21:10.5133380Z       with tokenize.open(__file__) as f:
2022-12-27T11:21:10.5133890Z           setup_py_code = f.read()
2022-12-27T11:21:10.5134140Z   else:
2022-12-27T11:21:10.5134470Z       filename = "<auto-generated setuptools caller>"
2022-12-27T11:21:10.5134840Z       setup_py_code = "from setuptools import setup; setup()"
2022-12-27T11:21:10.5135200Z   
2022-12-27T11:21:10.5135620Z   exec(compile(setup_py_code, filename, "exec"))
2022-12-27T11:21:10.5136310Z   '"'"''"'"''"'"' % ('"'"'/Users/runner/actions-runner/_work/python.build/python.build/build_lxml11238/lxml-1.1.2/setup.py'"'"',), "<pip-setuptools-caller>", "exec"))' egg_info --egg-base /private/var/folders/51/hd414ycd67n82196sw51xqtc0000gn/T/pip-pip-egg-info-g2_jjfse
2022-12-27T11:21:10.5137000Z   cwd: /Users/runner/actions-runner/_work/python.build/python.build/build_lxml11238/lxml-1.1.2/
2022-12-27T11:21:10.5137460Z   Preparing metadata (setup.py): finished with status 'error'
2022-12-27T11:21:10.5143790Z error: metadata-generation-failed
2022-12-27T11:21:10.5144120Z 
2022-12-27T11:21:10.5144420Z × Encountered error while generating package metadata.
2022-12-27T11:21:10.5144820Z ╰─> See above for output.
2022-12-27T11:21:10.5144990Z 
2022-12-27T11:21:10.5145180Z note: This is an issue with the package mentioned above, not pip.
2022-12-27T11:21:10.5145480Z hint: See above for details.
2022-12-27T11:21:10.5169740Z Exception information:
2022-12-27T11:21:10.5170250Z Traceback (most recent call last):
2022-12-27T11:21:10.5171850Z   File "/private/var/folders/51/hd414ycd67n82196sw51xqtc0000gn/T/cibw-run-2wpx8q7a/cp38-macosx_arm64/build/venv/lib/python3.8/site-packages/pip/_internal/operations/build/metadata_legacy.py", line 64, in generate_metadata
2022-12-27T11:21:10.5172600Z     call_subprocess(
2022-12-27T11:21:10.5173580Z   File "/private/var/folders/51/hd414ycd67n82196sw51xqtc0000gn/T/cibw-run-2wpx8q7a/cp38-macosx_arm64/build/venv/lib/python3.8/site-packages/pip/_internal/utils/subprocess.py", line 224, in call_subprocess
2022-12-27T11:21:10.5174160Z     raise error
2022-12-27T11:21:10.5174710Z pip._internal.exceptions.InstallationSubprocessError: python setup.py egg_info exited with 1
2022-12-27T11:21:10.5175080Z 
2022-12-27T11:21:10.5175310Z The above exception was the direct cause of the following exception:
2022-12-27T11:21:10.5175590Z 
2022-12-27T11:21:10.5175760Z Traceback (most recent call last):
2022-12-27T11:21:10.5176680Z   File "/private/var/folders/51/hd414ycd67n82196sw51xqtc0000gn/T/cibw-run-2wpx8q7a/cp38-macosx_arm64/build/venv/lib/python3.8/site-packages/pip/_internal/cli/base_command.py", line 160, in exc_logging_wrapper
2022-12-27T11:21:10.5177300Z     status = run_func(*args)
2022-12-27T11:21:10.5178150Z   File "/private/var/folders/51/hd414ycd67n82196sw51xqtc0000gn/T/cibw-run-2wpx8q7a/cp38-macosx_arm64/build/venv/lib/python3.8/site-packages/pip/_internal/cli/req_command.py", line 247, in wrapper
2022-12-27T11:21:10.5178710Z     return func(self, options, args)
2022-12-27T11:21:10.5179580Z   File "/private/var/folders/51/hd414ycd67n82196sw51xqtc0000gn/T/cibw-run-2wpx8q7a/cp38-macosx_arm64/build/venv/lib/python3.8/site-packages/pip/_internal/commands/wheel.py", line 170, in run
2022-12-27T11:21:10.5180180Z     requirement_set = resolver.resolve(reqs, check_supported_wheels=True)
2022-12-27T11:21:10.5181150Z   File "/private/var/folders/51/hd414ycd67n82196sw51xqtc0000gn/T/cibw-run-2wpx8q7a/cp38-macosx_arm64/build/venv/lib/python3.8/site-packages/pip/_internal/resolution/resolvelib/resolver.py", line 73, in resolve
2022-12-27T11:21:10.5181730Z     collected = self.factory.collect_root_requirements(root_reqs)
2022-12-27T11:21:10.5182560Z   File "/private/var/folders/51/hd414ycd67n82196sw51xqtc0000gn/T/cibw-run-2wpx8q7a/cp38-macosx_arm64/build/venv/lib/python3.8/site-packages/pip/_internal/resolution/resolvelib/factory.py", line 491, in collect_root_requirements
2022-12-27T11:21:10.5183100Z     req = self._make_requirement_from_install_req(
2022-12-27T11:21:10.5184050Z   File "/private/var/folders/51/hd414ycd67n82196sw51xqtc0000gn/T/cibw-run-2wpx8q7a/cp38-macosx_arm64/build/venv/lib/python3.8/site-packages/pip/_internal/resolution/resolvelib/factory.py", line 453, in _make_requirement_from_install_req
2022-12-27T11:21:10.5184570Z     cand = self._make_candidate_from_link(
2022-12-27T11:21:10.5185370Z   File "/private/var/folders/51/hd414ycd67n82196sw51xqtc0000gn/T/cibw-run-2wpx8q7a/cp38-macosx_arm64/build/venv/lib/python3.8/site-packages/pip/_internal/resolution/resolvelib/factory.py", line 206, in _make_candidate_from_link
2022-12-27T11:21:10.5185860Z     self._link_candidate_cache[link] = LinkCandidate(
2022-12-27T11:21:10.5186720Z   File "/private/var/folders/51/hd414ycd67n82196sw51xqtc0000gn/T/cibw-run-2wpx8q7a/cp38-macosx_arm64/build/venv/lib/python3.8/site-packages/pip/_internal/resolution/resolvelib/candidates.py", line 297, in __init__
2022-12-27T11:21:10.5187210Z     super().__init__(
2022-12-27T11:21:10.5187930Z   File "/private/var/folders/51/hd414ycd67n82196sw51xqtc0000gn/T/cibw-run-2wpx8q7a/cp38-macosx_arm64/build/venv/lib/python3.8/site-packages/pip/_internal/resolution/resolvelib/candidates.py", line 162, in __init__
2022-12-27T11:21:10.5188410Z     self.dist = self._prepare()
2022-12-27T11:21:10.5189100Z   File "/private/var/folders/51/hd414ycd67n82196sw51xqtc0000gn/T/cibw-run-2wpx8q7a/cp38-macosx_arm64/build/venv/lib/python3.8/site-packages/pip/_internal/resolution/resolvelib/candidates.py", line 231, in _prepare
2022-12-27T11:21:10.5189700Z     dist = self._prepare_distribution()
2022-12-27T11:21:10.5190660Z   File "/private/var/folders/51/hd414ycd67n82196sw51xqtc0000gn/T/cibw-run-2wpx8q7a/cp38-macosx_arm64/build/venv/lib/python3.8/site-packages/pip/_internal/resolution/resolvelib/candidates.py", line 308, in _prepare_distribution
2022-12-27T11:21:10.5191170Z     return preparer.prepare_linked_requirement(self._ireq, parallel_builds=True)
2022-12-27T11:21:10.5191880Z   File "/private/var/folders/51/hd414ycd67n82196sw51xqtc0000gn/T/cibw-run-2wpx8q7a/cp38-macosx_arm64/build/venv/lib/python3.8/site-packages/pip/_internal/operations/prepare.py", line 491, in prepare_linked_requirement
2022-12-27T11:21:10.5192440Z     return self._prepare_linked_requirement(req, parallel_builds)
2022-12-27T11:21:10.5193240Z   File "/private/var/folders/51/hd414ycd67n82196sw51xqtc0000gn/T/cibw-run-2wpx8q7a/cp38-macosx_arm64/build/venv/lib/python3.8/site-packages/pip/_internal/operations/prepare.py", line 577, in _prepare_linked_requirement
2022-12-27T11:21:10.5193650Z     dist = _get_prepared_distribution(
2022-12-27T11:21:10.5262360Z   File "/private/var/folders/51/hd414ycd67n82196sw51xqtc0000gn/T/cibw-run-2wpx8q7a/cp38-macosx_arm64/build/venv/lib/python3.8/site-packages/pip/_internal/operations/prepare.py", line 69, in _get_prepared_distribution
2022-12-27T11:21:10.5262940Z     abstract_dist.prepare_distribution_metadata(
2022-12-27T11:21:10.5264220Z   File "/private/var/folders/51/hd414ycd67n82196sw51xqtc0000gn/T/cibw-run-2wpx8q7a/cp38-macosx_arm64/build/venv/lib/python3.8/site-packages/pip/_internal/distributions/sdist.py", line 61, in prepare_distribution_metadata
2022-12-27T11:21:10.5264680Z     self.req.prepare_metadata()
2022-12-27T11:21:10.5265560Z   File "/private/var/folders/51/hd414ycd67n82196sw51xqtc0000gn/T/cibw-run-2wpx8q7a/cp38-macosx_arm64/build/venv/lib/python3.8/site-packages/pip/_internal/req/req_install.py", line 541, in prepare_metadata
2022-12-27T11:21:10.5265890Z     self.metadata_directory = generate_metadata_legacy(
2022-12-27T11:21:10.5266370Z   File "/private/var/folders/51/hd414ycd67n82196sw51xqtc0000gn/T/cibw-run-2wpx8q7a/cp38-macosx_arm64/build/venv/lib/python3.8/site-packages/pip/_internal/operations/build/metadata_legacy.py", line 71, in generate_metadata
2022-12-27T11:21:10.5266690Z     raise MetadataGenerationFailed(package_details=details) from error
2022-12-27T11:21:10.5266940Z pip._internal.exceptions.MetadataGenerationFailed: metadata generation failed
2022-12-27T11:21:10.5267420Z Removed file:///Users/runner/actions-runner/_work/python.build/python.build/build_lxml11238/lxml-1.1.2 from build tracker '/private/var/folders/51/hd414ycd67n82196sw51xqtc0000gn/T/pip-build-tracker-nkd3yqyc'
2022-12-27T11:21:10.5267840Z Removed build tracker: '/private/var/folders/51/hd414ycd67n82196sw51xqtc0000gn/T/pip-build-tracker-nkd3yqyc'
2022-12-27T11:21:10.5511980Z ##[endgroup]
2022-12-27T11:21:10.5512570Z                                                               [31m✕ [0m0.52s
2022-12-27T11:21:10.5848720Z ##[error]Command ['python', '-m', 'pip', 'wheel', '/Users/runner/actions-runner/_work/python.build/python.build/build_lxml11238/lxml-1.1.2', '--wheel-dir=/private/var/folders/51/hd414ycd67n82196sw51xqtc0000gn/T/cibw-run-2wpx8q7a/cp38-macosx_arm64/built_wheel', '--no-deps', '-vvv'] failed with code 1. None
2022-12-27T11:21:10.5854800Z 
2022-12-27T11:21:10.5949720Z ##[error]Process completed with exit code 1.
2022-12-27T11:21:10.5984420Z ##[group]Run rm -rf build_lxml11238 wheelsout
2022-12-27T11:21:10.5984670Z [36;1mrm -rf build_lxml11238 wheelsout[0m
2022-12-27T11:21:10.5999870Z shell: /bin/bash -e {0}
2022-12-27T11:21:10.6000020Z env:
2022-12-27T11:21:10.6000230Z   pythonLocation: /Users/runner/hostedtoolcache/Python/3.8.15/x64
2022-12-27T11:21:10.6000480Z   PKG_CONFIG_PATH: /Users/runner/hostedtoolcache/Python/3.8.15/x64/lib/pkgconfig
2022-12-27T11:21:10.6000700Z   Python_ROOT_DIR: /Users/runner/hostedtoolcache/Python/3.8.15/x64
2022-12-27T11:21:10.6000930Z   Python2_ROOT_DIR: /Users/runner/hostedtoolcache/Python/3.8.15/x64
2022-12-27T11:21:10.6001170Z   Python3_ROOT_DIR: /Users/runner/hostedtoolcache/Python/3.8.15/x64
2022-12-27T11:21:10.6001550Z ##[endgroup]
2022-12-27T11:21:10.6282960Z Cleaning up orphan processes
