2022-12-27T08:46:14.9847569Z Requested labels: self-hosted, macOS, X64
2022-12-27T08:46:14.9847655Z Job defined at: kilnbuild/python.build/.github/workflows/mac_arm_build.yml@refs/heads/main
2022-12-27T08:46:14.9847681Z Waiting for a runner to pick up this job...
2022-12-27T11:06:10.9819244Z Job is about to start running on the runner: k1 (organization)
2022-12-27T11:06:14.5253420Z Current runner version: '2.300.2'
2022-12-27T11:06:14.5258340Z Runner name: 'k1'
2022-12-27T11:06:14.5258590Z Runner group name: 'Default'
2022-12-27T11:06:14.5259020Z Machine name: 'k1'
2022-12-27T11:06:14.5260550Z ##[group]GITHUB_TOKEN Permissions
2022-12-27T11:06:14.5260970Z Actions: write
2022-12-27T11:06:14.5261110Z Checks: write
2022-12-27T11:06:14.5261240Z Contents: write
2022-12-27T11:06:14.5261380Z Deployments: write
2022-12-27T11:06:14.5261520Z Discussions: write
2022-12-27T11:06:14.5261660Z Issues: write
2022-12-27T11:06:14.5261780Z Metadata: read
2022-12-27T11:06:14.5261910Z Packages: write
2022-12-27T11:06:14.5262050Z Pages: write
2022-12-27T11:06:14.5262230Z PullRequests: write
2022-12-27T11:06:14.5262390Z RepositoryProjects: write
2022-12-27T11:06:14.5262550Z SecurityEvents: write
2022-12-27T11:06:14.5262680Z Statuses: write
2022-12-27T11:06:14.5262820Z ##[endgroup]
2022-12-27T11:06:14.5265460Z Secret source: Actions
2022-12-27T11:06:14.5265780Z Prepare workflow directory
2022-12-27T11:06:14.5937360Z Prepare all required actions
2022-12-27T11:06:14.6059270Z Getting action download info
2022-12-27T11:06:15.0425040Z Download action repository 'actions/setup-python@v4' (SHA:5ccb29d8773c3f3f653e1705f474dfaa8a06a912)
2022-12-27T11:06:16.8127490Z Download action repository 'actions/upload-artifact@v3' (SHA:83fd05a356d7e2593de66fc9913b3002723633cb)
2022-12-27T11:06:18.1169160Z ##[group]Run echo '{
2022-12-27T11:06:18.1169450Z [36;1mecho '{[0m
2022-12-27T11:06:18.1169570Z [36;1m  "package_name": "lxml",[0m
2022-12-27T11:06:18.1169840Z [36;1m  "package_url": "https://files.pythonhosted.org/packages/46/85/716bda83cbc683dc16297f0068a5f8e7ceead5a207d605eff181da7ec771/lxml-2.0beta1.tar.gz",[0m
2022-12-27T11:06:18.1170070Z [36;1m  "package_version": "2.0beta1",[0m
2022-12-27T11:06:18.1170190Z [36;1m  "python_version": "3.11",[0m
2022-12-27T11:06:18.1170310Z [36;1m  "use_ccache": "true"[0m
2022-12-27T11:06:18.1170420Z [36;1m}'[0m
2022-12-27T11:06:18.1186000Z shell: /bin/bash -e {0}
2022-12-27T11:06:18.1186170Z ##[endgroup]
2022-12-27T11:06:18.1407590Z {
2022-12-27T11:06:18.1408870Z   "package_name": "lxml",
2022-12-27T11:06:18.1409540Z   "package_url": "https://files.pythonhosted.org/packages/46/85/716bda83cbc683dc16297f0068a5f8e7ceead5a207d605eff181da7ec771/lxml-2.0beta1.tar.gz",
2022-12-27T11:06:18.1409820Z   "package_version": "2.0beta1",
2022-12-27T11:06:18.1410090Z   "python_version": "3.11",
2022-12-27T11:06:18.1410240Z   "use_ccache": "true"
2022-12-27T11:06:18.1410400Z }
2022-12-27T11:06:18.1620280Z ##[group]Run actions/setup-python@v4
2022-12-27T11:06:18.1620530Z with:
2022-12-27T11:06:18.1620760Z   python-version: 3.11
2022-12-27T11:06:18.1620920Z   check-latest: false
2022-12-27T11:06:18.1621220Z   token: ***
2022-12-27T11:06:18.1621400Z   update-environment: true
2022-12-27T11:06:18.1621580Z ##[endgroup]
2022-12-27T11:06:18.2841870Z ##[group]Installed versions
2022-12-27T11:06:18.2942420Z Successfully set up CPython (3.11.1)
2022-12-27T11:06:18.2943550Z ##[endgroup]
2022-12-27T11:06:18.3094180Z ##[group]Run if [ "true" == "true" ]
2022-12-27T11:06:18.3094490Z [36;1mif [ "true" == "true" ][0m
2022-12-27T11:06:18.3094650Z [36;1mthen[0m
2022-12-27T11:06:18.3094950Z [36;1m  echo "CCACHE_PATH_PREPEND=/usr/local/opt/ccache/libexec" >> $GITHUB_OUTPUT[0m
2022-12-27T11:06:18.3095170Z [36;1melse[0m
2022-12-27T11:06:18.3095370Z [36;1m  echo "CCACHE_PATH_PREPEND=" >> $GITHUB_OUTPUT[0m
2022-12-27T11:06:18.3095520Z [36;1mfi[0m
2022-12-27T11:06:18.3113450Z shell: /bin/bash -e {0}
2022-12-27T11:06:18.3113650Z env:
2022-12-27T11:06:18.3113850Z   pythonLocation: /Users/runner/hostedtoolcache/Python/3.11.1/x64
2022-12-27T11:06:18.3114120Z   PKG_CONFIG_PATH: /Users/runner/hostedtoolcache/Python/3.11.1/x64/lib/pkgconfig
2022-12-27T11:06:18.3114540Z   Python_ROOT_DIR: /Users/runner/hostedtoolcache/Python/3.11.1/x64
2022-12-27T11:06:18.3114790Z   Python2_ROOT_DIR: /Users/runner/hostedtoolcache/Python/3.11.1/x64
2022-12-27T11:06:18.3115060Z   Python3_ROOT_DIR: /Users/runner/hostedtoolcache/Python/3.11.1/x64
2022-12-27T11:06:18.3115490Z ##[endgroup]
2022-12-27T11:06:18.3225300Z ##[group]Run echo "BUILD_NAME=$(echo lxml_2.0beta1_3.11 | tr -dc '[:alnum:]\n\r' | tr '[:upper:]' '[:lower:]')" >> $GITHUB_OUTPUT
2022-12-27T11:06:18.3226150Z [36;1mecho "BUILD_NAME=$(echo lxml_2.0beta1_3.11 | tr -dc '[:alnum:]\n\r' | tr '[:upper:]' '[:lower:]')" >> $GITHUB_OUTPUT[0m
2022-12-27T11:06:18.3240700Z shell: /bin/bash -e {0}
2022-12-27T11:06:18.3240890Z env:
2022-12-27T11:06:18.3241140Z   pythonLocation: /Users/runner/hostedtoolcache/Python/3.11.1/x64
2022-12-27T11:06:18.3241410Z   PKG_CONFIG_PATH: /Users/runner/hostedtoolcache/Python/3.11.1/x64/lib/pkgconfig
2022-12-27T11:06:18.3241670Z   Python_ROOT_DIR: /Users/runner/hostedtoolcache/Python/3.11.1/x64
2022-12-27T11:06:18.3241890Z   Python2_ROOT_DIR: /Users/runner/hostedtoolcache/Python/3.11.1/x64
2022-12-27T11:06:18.3242130Z   Python3_ROOT_DIR: /Users/runner/hostedtoolcache/Python/3.11.1/x64
2022-12-27T11:06:18.3242380Z ##[endgroup]
2022-12-27T11:06:18.3398480Z ##[group]Run echo "PYTHON_NO_DOTS=$(echo 3.11 | tr -dc '[:alnum:]\n\r' | tr '[:upper:]' '[:lower:]')" >> $GITHUB_OUTPUT
2022-12-27T11:06:18.3398910Z [36;1mecho "PYTHON_NO_DOTS=$(echo 3.11 | tr -dc '[:alnum:]\n\r' | tr '[:upper:]' '[:lower:]')" >> $GITHUB_OUTPUT[0m
2022-12-27T11:06:18.3413370Z shell: /bin/bash -e {0}
2022-12-27T11:06:18.3413540Z env:
2022-12-27T11:06:18.3413810Z   pythonLocation: /Users/runner/hostedtoolcache/Python/3.11.1/x64
2022-12-27T11:06:18.3414090Z   PKG_CONFIG_PATH: /Users/runner/hostedtoolcache/Python/3.11.1/x64/lib/pkgconfig
2022-12-27T11:06:18.3414330Z   Python_ROOT_DIR: /Users/runner/hostedtoolcache/Python/3.11.1/x64
2022-12-27T11:06:18.3414580Z   Python2_ROOT_DIR: /Users/runner/hostedtoolcache/Python/3.11.1/x64
2022-12-27T11:06:18.3414880Z   Python3_ROOT_DIR: /Users/runner/hostedtoolcache/Python/3.11.1/x64
2022-12-27T11:06:18.3415110Z ##[endgroup]
2022-12-27T11:06:18.3533910Z ##[group]Run rm -rf build_lxml20beta1311
2022-12-27T11:06:18.3534240Z [36;1mrm -rf build_lxml20beta1311[0m
2022-12-27T11:06:18.3534430Z [36;1mmkdir build_lxml20beta1311[0m
2022-12-27T11:06:18.3534650Z [36;1mcd build_lxml20beta1311[0m
2022-12-27T11:06:18.3534940Z [36;1m/usr/local/bin/wget --quiet https://files.pythonhosted.org/packages/46/85/716bda83cbc683dc16297f0068a5f8e7ceead5a207d605eff181da7ec771/lxml-2.0beta1.tar.gz[0m
2022-12-27T11:06:18.3535210Z [36;1mtar xf *.tar.gz[0m
2022-12-27T11:06:18.3535330Z [36;1mcd *[0m
2022-12-27T11:06:18.3535560Z [36;1mpython -m pip install cibuildwheel==2.11.3[0m
2022-12-27T11:06:18.3535780Z [36;1mpython -m cibuildwheel --output-dir ../wheelsout[0m
2022-12-27T11:06:18.3550940Z shell: /bin/bash -e {0}
2022-12-27T11:06:18.3551120Z env:
2022-12-27T11:06:18.3551380Z   pythonLocation: /Users/runner/hostedtoolcache/Python/3.11.1/x64
2022-12-27T11:06:18.3551640Z   PKG_CONFIG_PATH: /Users/runner/hostedtoolcache/Python/3.11.1/x64/lib/pkgconfig
2022-12-27T11:06:18.3551870Z   Python_ROOT_DIR: /Users/runner/hostedtoolcache/Python/3.11.1/x64
2022-12-27T11:06:18.3552110Z   Python2_ROOT_DIR: /Users/runner/hostedtoolcache/Python/3.11.1/x64
2022-12-27T11:06:18.3552380Z   Python3_ROOT_DIR: /Users/runner/hostedtoolcache/Python/3.11.1/x64
2022-12-27T11:06:18.3552550Z   CIBW_ARCHS_MACOS: arm64
2022-12-27T11:06:18.3552730Z   CIBW_TEST_SKIP: *_arm64
2022-12-27T11:06:18.3552900Z   CIBW_BUILD: cp311-macosx_arm64
2022-12-27T11:06:18.3553050Z   CIBW_BUILD_FRONTEND: pip
2022-12-27T11:06:18.3553260Z   CIBW_BUILD_VERBOSITY: 3
2022-12-27T11:06:18.3553580Z   CIBW_ENVIRONMENT_MACOS:  CFLAGS="-I/usr/local/opt/openssl@3/include" LDFLAGS="-L/usr/local/opt/openssl@3/lib" CPPFLAGS="-I/usr/local/opt/openssl@3/include" MAKEFLAGS="-j$(sysctl -n hw.logicalcpu)" PATH=/usr/local/opt/ccache/libexec:$PATH
2022-12-27T11:06:18.3553960Z   CIBW_BEFORE_BUILD: pip install Cython; if [[ -f requirements.txt ]]; then pip install -r requirements.txt; fi
2022-12-27T11:06:18.3554170Z   MAKEFLAGS: -j$(sysctl -n hw.logicalcpu)
2022-12-27T11:06:18.3554400Z ##[endgroup]
2022-12-27T11:06:18.8092390Z Requirement already satisfied: cibuildwheel==2.11.3 in /Library/Frameworks/Python.framework/Versions/3.11/lib/python3.11/site-packages (2.11.3)
2022-12-27T11:06:18.8399230Z Requirement already satisfied: bashlex!=0.13 in /Library/Frameworks/Python.framework/Versions/3.11/lib/python3.11/site-packages (from cibuildwheel==2.11.3) (0.16)
2022-12-27T11:06:18.8405180Z Requirement already satisfied: bracex in /Library/Frameworks/Python.framework/Versions/3.11/lib/python3.11/site-packages (from cibuildwheel==2.11.3) (2.3.post1)
2022-12-27T11:06:18.8411540Z Requirement already satisfied: certifi in /Library/Frameworks/Python.framework/Versions/3.11/lib/python3.11/site-packages (from cibuildwheel==2.11.3) (2022.12.7)
2022-12-27T11:06:18.8417880Z Requirement already satisfied: filelock in /Library/Frameworks/Python.framework/Versions/3.11/lib/python3.11/site-packages (from cibuildwheel==2.11.3) (3.8.2)
2022-12-27T11:06:18.8426880Z Requirement already satisfied: packaging>=20.9 in /Library/Frameworks/Python.framework/Versions/3.11/lib/python3.11/site-packages (from cibuildwheel==2.11.3) (22.0)
2022-12-27T11:06:18.8434980Z Requirement already satisfied: platformdirs in /Library/Frameworks/Python.framework/Versions/3.11/lib/python3.11/site-packages (from cibuildwheel==2.11.3) (2.6.0)
2022-12-27T11:06:19.0625830Z 
2022-12-27T11:06:19.0626040Z      _ _       _ _   _       _           _
2022-12-27T11:06:19.0626360Z  ___|_| |_ _ _|_| |_| |_ _ _| |_ ___ ___| |
2022-12-27T11:06:19.0627160Z |  _| | . | | | | | . | | | |   | -_| -_| |
2022-12-27T11:06:19.0627480Z |___|_|___|___|_|_|___|_____|_|_|___|___|_|
2022-12-27T11:06:19.0627640Z 
2022-12-27T11:06:19.0627800Z cibuildwheel version 2.11.3
2022-12-27T11:06:19.0627970Z 
2022-12-27T11:06:19.0628090Z Build options:
2022-12-27T11:06:19.0628320Z   platform: macos
2022-12-27T11:06:19.0679380Z   architectures: arm64[0m
2022-12-27T11:06:19.0679660Z   build_selector: 
2022-12-27T11:06:19.0681250Z     build_config: cp311-macosx_arm64
2022-12-27T11:06:19.0681720Z     skip_config: 
2022-12-27T11:06:19.0682230Z     requires_python: None
2022-12-27T11:06:19.0682620Z     prerelease_pythons: False[0m
2022-12-27T11:06:19.0682990Z   [38;5;244mcontainer_engine: docker[0m
2022-12-27T11:06:19.0683490Z   output_dir: /Users/runner/actions-runner/_work/python.build/python.build/build_lxml20beta1311/wheelsout[0m
2022-12-27T11:06:19.0684070Z   package_dir: /Users/runner/actions-runner/_work/python.build/python.build/build_lxml20beta1311/lxml-2.0beta1[0m
2022-12-27T11:06:19.0684430Z   test_selector: 
2022-12-27T11:06:19.0684730Z     skip_config: *_arm64[0m
2022-12-27T11:06:19.0685040Z   [38;5;244mbefore_all: [0m
2022-12-27T11:06:19.0685480Z   before_build: pip install Cython; if [[ -f requirements.txt ]]; then pip install -r requirements.txt; fi[0m
2022-12-27T11:06:19.0685830Z   [38;5;244mbefore_test: [0m
2022-12-27T11:06:19.0686200Z   [38;5;244mbuild_frontend: pip[0m
2022-12-27T11:06:19.0686510Z   build_verbosity: 3[0m
2022-12-27T11:06:19.0686780Z   [38;5;244mconfig_settings: [0m
2022-12-27T11:06:19.0687120Z   [38;5;244mdependency_constraints: pinned[0m
2022-12-27T11:06:19.0687430Z   environment: 
2022-12-27T11:06:19.0687730Z     CFLAGS="-I/usr/local/opt/openssl@3/include"
2022-12-27T11:06:19.0688080Z     LDFLAGS="-L/usr/local/opt/openssl@3/lib"
2022-12-27T11:06:19.0688440Z     CPPFLAGS="-I/usr/local/opt/openssl@3/include"
2022-12-27T11:06:19.0688760Z     MAKEFLAGS="-j$(sysctl -n hw.logicalcpu)"
2022-12-27T11:06:19.0689170Z     PATH=/usr/local/opt/ccache/libexec:$PATH[0m
2022-12-27T11:06:19.0689500Z   [38;5;244mmanylinux_images: None[0m
2022-12-27T11:06:19.0689780Z   [38;5;244mmusllinux_images: None[0m
2022-12-27T11:06:19.0690230Z   [38;5;244mrepair_command: delocate-wheel --require-archs {delocate_archs} -w {dest_dir} -v {wheel}[0m
2022-12-27T11:06:19.0690600Z   [38;5;244mtest_command: [0m
2022-12-27T11:06:19.0690950Z   [38;5;244mtest_extras: [0m
2022-12-27T11:06:19.0691230Z   [38;5;244mtest_requires: [0m
2022-12-27T11:06:19.0691390Z 
2022-12-27T11:06:19.0691540Z Cache folder: /Users/runner/Library/Caches/cibuildwheel
2022-12-27T11:06:19.0693690Z 
2022-12-27T11:06:19.0694020Z Here we go!
2022-12-27T11:06:19.0694230Z 
2022-12-27T11:06:19.0805070Z 
2022-12-27T11:06:19.0805860Z [1m[34mBuilding cp311-macosx_arm64 wheel[0m
2022-12-27T11:06:19.0806470Z CPython 3.11 macOS arm64 - Apple Silicon
2022-12-27T11:06:19.0806740Z 
2022-12-27T11:06:19.0808300Z ##[group]Installing Python cp311...
2022-12-27T11:06:19.0808510Z 
2022-12-27T11:06:19.0808700Z + pkgutil --pkgs
2022-12-27T11:06:19.0915260Z ##[endgroup]
2022-12-27T11:06:19.0916070Z                                                               [32m✓ [0m0.01s
2022-12-27T11:06:19.0916510Z ##[group]Setting up build environment...
2022-12-27T11:06:19.0916660Z 
2022-12-27T11:06:19.0932930Z + /Library/Frameworks/Python.framework/Versions/3.11/bin/python -sS /Users/runner/Library/Caches/cibuildwheel/virtualenv-20.17.0.pyz --activators= --no-periodic-update --pip=22.3.1 --setuptools=65.6.3 --wheel=0.38.4 --symlink-app-data --python /Library/Frameworks/Python.framework/Versions/3.11/bin/python3 /private/var/folders/51/hd414ycd67n82196sw51xqtc0000gn/T/cibw-run-osgb58yq/cp311-macosx_arm64/build/venv
2022-12-27T11:06:19.2870530Z created virtual environment CPython3.11.1.final.0-64 in 53ms
2022-12-27T11:06:19.2871260Z   creator CPython3Posix(dest=/private/var/folders/51/hd414ycd67n82196sw51xqtc0000gn/T/cibw-run-osgb58yq/cp311-macosx_arm64/build/venv, clear=False, no_vcs_ignore=False, global=False)
2022-12-27T11:06:19.2871700Z   seeder FromAppData(download=False, pip=22.3.1, setuptools=65.6.3, wheel=0.38.4, via=symlink, app_data_dir=/Users/runner/Library/Application Support/virtualenv)
2022-12-27T11:06:19.2872050Z     added seed packages: pip==22.3.1, setuptools==65.6.3, wheel==0.38.4
2022-12-27T11:06:19.3020080Z + python -m pip install --upgrade pip -c /Library/Frameworks/Python.framework/Versions/3.11/lib/python3.11/site-packages/cibuildwheel/resources/constraints-python311.txt
2022-12-27T11:06:19.5629770Z Requirement already satisfied: pip in ./lib/python3.11/site-packages (22.3.1)
2022-12-27T11:06:19.6963780Z + which pip
2022-12-27T11:06:19.6981970Z /private/var/folders/51/hd414ycd67n82196sw51xqtc0000gn/T/cibw-run-osgb58yq/cp311-macosx_arm64/build/venv/bin/pip
2022-12-27T11:06:19.6984070Z + pip --version
2022-12-27T11:06:19.8860850Z pip 22.3.1 from /private/var/folders/51/hd414ycd67n82196sw51xqtc0000gn/T/cibw-run-osgb58yq/cp311-macosx_arm64/build/venv/lib/python3.11/site-packages/pip (python 3.11)
2022-12-27T11:06:19.9109660Z + which pip
2022-12-27T11:06:19.9138890Z + which python
2022-12-27T11:06:19.9160370Z /private/var/folders/51/hd414ycd67n82196sw51xqtc0000gn/T/cibw-run-osgb58yq/cp311-macosx_arm64/build/venv/bin/python
2022-12-27T11:06:19.9162650Z + python --version
2022-12-27T11:06:19.9224990Z Python 3.11.1
2022-12-27T11:06:19.9227500Z + which python
2022-12-27T11:06:19.9277660Z ##[endgroup]
2022-12-27T11:06:19.9278310Z                                                               [32m✓ [0m0.84s
2022-12-27T11:06:19.9278810Z ##[group]Installing build tools...
2022-12-27T11:06:19.9278950Z 
2022-12-27T11:06:19.9279440Z + pip install --upgrade setuptools wheel delocate -c /Library/Frameworks/Python.framework/Versions/3.11/lib/python3.11/site-packages/cibuildwheel/resources/constraints-python311.txt
2022-12-27T11:06:20.2030400Z Requirement already satisfied: setuptools in /private/var/folders/51/hd414ycd67n82196sw51xqtc0000gn/T/cibw-run-osgb58yq/cp311-macosx_arm64/build/venv/lib/python3.11/site-packages (65.6.3)
2022-12-27T11:06:20.3721900Z Requirement already satisfied: wheel in /private/var/folders/51/hd414ycd67n82196sw51xqtc0000gn/T/cibw-run-osgb58yq/cp311-macosx_arm64/build/venv/lib/python3.11/site-packages (0.38.4)
2022-12-27T11:06:20.4168850Z Collecting delocate
2022-12-27T11:06:20.4192710Z   Using cached delocate-0.10.3-py3-none-any.whl (142 kB)
2022-12-27T11:06:20.4462680Z Collecting packaging>=20.9
2022-12-27T11:06:20.4483320Z   Using cached packaging-21.3-py3-none-any.whl (40 kB)
2022-12-27T11:06:20.4637930Z Collecting typing-extensions
2022-12-27T11:06:20.4656970Z   Using cached typing_extensions-4.4.0-py3-none-any.whl (26 kB)
2022-12-27T11:06:20.4949080Z Collecting pyparsing!=3.0.5,>=2.0.2
2022-12-27T11:06:20.4966950Z   Using cached pyparsing-3.0.9-py3-none-any.whl (98 kB)
2022-12-27T11:06:20.5530600Z Installing collected packages: typing-extensions, pyparsing, packaging, delocate
2022-12-27T11:06:20.6838840Z Successfully installed delocate-0.10.3 packaging-21.3 pyparsing-3.0.9 typing-extensions-4.4.0
2022-12-27T11:06:20.7348710Z ##[endgroup]
2022-12-27T11:06:20.7349570Z                                                               [32m✓ [0m0.81s
2022-12-27T11:06:20.7350040Z ##[group]Running before_build...
2022-12-27T11:06:20.7350210Z 
2022-12-27T11:06:20.7355060Z + pip install Cython; if [[ -f requirements.txt ]]; then pip install -r requirements.txt; fi
2022-12-27T11:06:21.3005510Z Collecting Cython
2022-12-27T11:06:21.3049710Z   Using cached Cython-0.29.32-py2.py3-none-any.whl (986 kB)
2022-12-27T11:06:21.3515900Z Installing collected packages: Cython
2022-12-27T11:06:21.7505740Z Successfully installed Cython-0.29.32
2022-12-27T11:06:21.7968310Z ##[endgroup]
2022-12-27T11:06:21.7969070Z                                                               [32m✓ [0m1.06s
2022-12-27T11:06:21.7969590Z ##[group]Building wheel...
2022-12-27T11:06:21.7969890Z 
2022-12-27T11:06:21.7973800Z + python -m pip wheel /Users/runner/actions-runner/_work/python.build/python.build/build_lxml20beta1311/lxml-2.0beta1 --wheel-dir=/private/var/folders/51/hd414ycd67n82196sw51xqtc0000gn/T/cibw-run-osgb58yq/cp311-macosx_arm64/built_wheel --no-deps -vvv
2022-12-27T11:06:22.0394030Z Created temporary directory: /private/var/folders/51/hd414ycd67n82196sw51xqtc0000gn/T/pip-ephem-wheel-cache-hwijn5ug
2022-12-27T11:06:22.0397880Z Created temporary directory: /private/var/folders/51/hd414ycd67n82196sw51xqtc0000gn/T/pip-build-tracker-0_45chtw
2022-12-27T11:06:22.0399790Z Initialized build tracking at /private/var/folders/51/hd414ycd67n82196sw51xqtc0000gn/T/pip-build-tracker-0_45chtw
2022-12-27T11:06:22.0400930Z Created build tracker: /private/var/folders/51/hd414ycd67n82196sw51xqtc0000gn/T/pip-build-tracker-0_45chtw
2022-12-27T11:06:22.0402480Z Entered build tracker: /private/var/folders/51/hd414ycd67n82196sw51xqtc0000gn/T/pip-build-tracker-0_45chtw
2022-12-27T11:06:22.0406500Z Created temporary directory: /private/var/folders/51/hd414ycd67n82196sw51xqtc0000gn/T/pip-wheel-n9udjq98
2022-12-27T11:06:22.0411360Z Created temporary directory: /private/var/folders/51/hd414ycd67n82196sw51xqtc0000gn/T/pip-ephem-wheel-cache-q8atet_v
2022-12-27T11:06:22.0484590Z Processing /Users/runner/actions-runner/_work/python.build/python.build/build_lxml20beta1311/lxml-2.0beta1
2022-12-27T11:06:22.0489360Z   Added file:///Users/runner/actions-runner/_work/python.build/python.build/build_lxml20beta1311/lxml-2.0beta1 to build tracker '/private/var/folders/51/hd414ycd67n82196sw51xqtc0000gn/T/pip-build-tracker-0_45chtw'
2022-12-27T11:06:22.0492340Z   Running setup.py (path:/Users/runner/actions-runner/_work/python.build/python.build/build_lxml20beta1311/lxml-2.0beta1/setup.py) egg_info for package from file:///Users/runner/actions-runner/_work/python.build/python.build/build_lxml20beta1311/lxml-2.0beta1
2022-12-27T11:06:22.0494810Z   Created temporary directory: /private/var/folders/51/hd414ycd67n82196sw51xqtc0000gn/T/pip-pip-egg-info-m_x0e3x9
2022-12-27T11:06:22.0495860Z   Preparing metadata (setup.py): started
2022-12-27T11:06:22.0497280Z   Running command python setup.py egg_info
2022-12-27T11:06:22.3699770Z   /private/var/folders/51/hd414ycd67n82196sw51xqtc0000gn/T/cibw-run-osgb58yq/cp311-macosx_arm64/build/venv/lib/python3.11/site-packages/setuptools/dist.py:529: UserWarning: Normalizing '2.0beta1' to '2.0b1'
2022-12-27T11:06:22.3700410Z     warnings.warn(tmpl.format(**locals()))
2022-12-27T11:06:22.3751200Z   Building with Cython 0.29.32.
2022-12-27T11:06:22.3752170Z   Building lxml version 2.0.beta1.
2022-12-27T11:06:22.3753820Z   running egg_info
2022-12-27T11:06:22.3759630Z   creating /private/var/folders/51/hd414ycd67n82196sw51xqtc0000gn/T/pip-pip-egg-info-m_x0e3x9/lxml.egg-info
2022-12-27T11:06:22.3770920Z   writing /private/var/folders/51/hd414ycd67n82196sw51xqtc0000gn/T/pip-pip-egg-info-m_x0e3x9/lxml.egg-info/PKG-INFO
2022-12-27T11:06:22.3775440Z   writing dependency_links to /private/var/folders/51/hd414ycd67n82196sw51xqtc0000gn/T/pip-pip-egg-info-m_x0e3x9/lxml.egg-info/dependency_links.txt
2022-12-27T11:06:22.3778740Z   writing top-level names to /private/var/folders/51/hd414ycd67n82196sw51xqtc0000gn/T/pip-pip-egg-info-m_x0e3x9/lxml.egg-info/top_level.txt
2022-12-27T11:06:22.3781020Z   writing manifest file '/private/var/folders/51/hd414ycd67n82196sw51xqtc0000gn/T/pip-pip-egg-info-m_x0e3x9/lxml.egg-info/SOURCES.txt'
2022-12-27T11:06:22.3828920Z   reading manifest file '/private/var/folders/51/hd414ycd67n82196sw51xqtc0000gn/T/pip-pip-egg-info-m_x0e3x9/lxml.egg-info/SOURCES.txt'
2022-12-27T11:06:22.3832600Z   reading manifest template 'MANIFEST.in'
2022-12-27T11:06:22.4485860Z   warning: no previously-included files found matching 'doc/pyrex.txt'
2022-12-27T11:06:22.4487950Z   warning: no previously-included files found matching 'src/lxml/etree.pxi'
2022-12-27T11:06:22.4489010Z   adding license file 'LICENSES.txt'
2022-12-27T11:06:22.4531570Z   writing manifest file '/private/var/folders/51/hd414ycd67n82196sw51xqtc0000gn/T/pip-pip-egg-info-m_x0e3x9/lxml.egg-info/SOURCES.txt'
2022-12-27T11:06:22.4803740Z   Preparing metadata (setup.py): finished with status 'done'
2022-12-27T11:06:22.4826230Z   Source in /Users/runner/actions-runner/_work/python.build/python.build/build_lxml20beta1311/lxml-2.0beta1 has version 2.0b1, which satisfies requirement lxml==2.0b1 from file:///Users/runner/actions-runner/_work/python.build/python.build/build_lxml20beta1311/lxml-2.0beta1
2022-12-27T11:06:22.4829570Z   Removed lxml==2.0b1 from file:///Users/runner/actions-runner/_work/python.build/python.build/build_lxml20beta1311/lxml-2.0beta1 from build tracker '/private/var/folders/51/hd414ycd67n82196sw51xqtc0000gn/T/pip-build-tracker-0_45chtw'
2022-12-27T11:06:22.4845020Z Created temporary directory: /private/var/folders/51/hd414ycd67n82196sw51xqtc0000gn/T/pip-unpack-wr83arfj
2022-12-27T11:06:22.4846690Z Building wheels for collected packages: lxml
2022-12-27T11:06:22.4851920Z   Created temporary directory: /private/var/folders/51/hd414ycd67n82196sw51xqtc0000gn/T/pip-wheel-risk_z5z
2022-12-27T11:06:22.4852530Z   Building wheel for lxml (setup.py): started
2022-12-27T11:06:22.4854340Z   Destination directory: /private/var/folders/51/hd414ycd67n82196sw51xqtc0000gn/T/pip-wheel-risk_z5z
2022-12-27T11:06:22.4855040Z   Running command python setup.py bdist_wheel
2022-12-27T11:06:22.7148620Z   Building with Cython 0.29.32.
2022-12-27T11:06:22.7149730Z   Building lxml version 2.0.beta1.
2022-12-27T11:06:22.8078960Z   /private/var/folders/51/hd414ycd67n82196sw51xqtc0000gn/T/cibw-run-osgb58yq/cp311-macosx_arm64/build/venv/lib/python3.11/site-packages/setuptools/dist.py:529: UserWarning: Normalizing '2.0beta1' to '2.0b1'
2022-12-27T11:06:22.8079580Z     warnings.warn(tmpl.format(**locals()))
2022-12-27T11:06:22.8213620Z   running bdist_wheel
2022-12-27T11:06:22.8249580Z   running build
2022-12-27T11:06:22.8251300Z   running build_py
2022-12-27T11:06:22.8269400Z   creating build
2022-12-27T11:06:22.8271340Z   creating build/lib.macosx-11.0-arm64-cpython-311
2022-12-27T11:06:22.8272860Z   creating build/lib.macosx-11.0-arm64-cpython-311/lxml
2022-12-27T11:06:22.8274730Z   copying src/lxml/_elementpath.py -> build/lib.macosx-11.0-arm64-cpython-311/lxml
2022-12-27T11:06:22.8276070Z   copying src/lxml/sax.py -> build/lib.macosx-11.0-arm64-cpython-311/lxml
2022-12-27T11:06:22.8279230Z   copying src/lxml/__init__.py -> build/lib.macosx-11.0-arm64-cpython-311/lxml
2022-12-27T11:06:22.8280870Z   copying src/lxml/builder.py -> build/lib.macosx-11.0-arm64-cpython-311/lxml
2022-12-27T11:06:22.8284980Z   copying src/lxml/doctestcompare.py -> build/lib.macosx-11.0-arm64-cpython-311/lxml
2022-12-27T11:06:22.8287140Z   copying src/lxml/usedoctest.py -> build/lib.macosx-11.0-arm64-cpython-311/lxml
2022-12-27T11:06:22.8288670Z   copying src/lxml/cssselect.py -> build/lib.macosx-11.0-arm64-cpython-311/lxml
2022-12-27T11:06:22.8291500Z   copying src/lxml/htmlbuilder.py -> build/lib.macosx-11.0-arm64-cpython-311/lxml
2022-12-27T11:06:22.8294140Z   copying src/lxml/ElementInclude.py -> build/lib.macosx-11.0-arm64-cpython-311/lxml
2022-12-27T11:06:22.8299540Z   creating build/lib.macosx-11.0-arm64-cpython-311/lxml/html
2022-12-27T11:06:22.8300790Z   copying src/lxml/html/defs.py -> build/lib.macosx-11.0-arm64-cpython-311/lxml/html
2022-12-27T11:06:22.8302990Z   copying src/lxml/html/setmixin.py -> build/lib.macosx-11.0-arm64-cpython-311/lxml/html
2022-12-27T11:06:22.8305220Z   copying src/lxml/html/clean.py -> build/lib.macosx-11.0-arm64-cpython-311/lxml/html
2022-12-27T11:06:22.8308330Z   copying src/lxml/html/_diffcommand.py -> build/lib.macosx-11.0-arm64-cpython-311/lxml/html
2022-12-27T11:06:22.8310630Z   copying src/lxml/html/__init__.py -> build/lib.macosx-11.0-arm64-cpython-311/lxml/html
2022-12-27T11:06:22.8313320Z   copying src/lxml/html/formfill.py -> build/lib.macosx-11.0-arm64-cpython-311/lxml/html
2022-12-27T11:06:22.8315470Z   copying src/lxml/html/builder.py -> build/lib.macosx-11.0-arm64-cpython-311/lxml/html
2022-12-27T11:06:22.8317860Z   copying src/lxml/html/ElementSoup.py -> build/lib.macosx-11.0-arm64-cpython-311/lxml/html
2022-12-27T11:06:22.8320130Z   copying src/lxml/html/usedoctest.py -> build/lib.macosx-11.0-arm64-cpython-311/lxml/html
2022-12-27T11:06:22.8322770Z   copying src/lxml/html/diff.py -> build/lib.macosx-11.0-arm64-cpython-311/lxml/html
2022-12-27T11:06:22.8331620Z   running build_ext
2022-12-27T11:06:22.8447060Z   skipping 'src/lxml/lxml.etree.c' Cython extension (up-to-date)
2022-12-27T11:06:22.8448760Z   skipping 'src/lxml/lxml.objectify.c' Cython extension (up-to-date)
2022-12-27T11:06:22.8450510Z   skipping 'src/lxml/lxml.pyclasslookup.c' Cython extension (up-to-date)
2022-12-27T11:06:22.8451580Z   building 'lxml.etree' extension
2022-12-27T11:06:22.8453210Z   creating build/temp.macosx-11.0-arm64-cpython-311
2022-12-27T11:06:22.8454570Z   creating build/temp.macosx-11.0-arm64-cpython-311/src
2022-12-27T11:06:22.8455910Z   creating build/temp.macosx-11.0-arm64-cpython-311/src/lxml
2022-12-27T11:06:22.8458210Z   clang -Wsign-compare -Wunreachable-code -fno-common -dynamic -DNDEBUG -g -fwrapv -O3 -Wall -g -I/usr/local/opt/openssl@3/include -I/usr/local/opt/openssl@3/include -arch arm64 -I/private/var/folders/51/hd414ycd67n82196sw51xqtc0000gn/T/cibw-run-osgb58yq/cp311-macosx_arm64/build/venv/include -I/Library/Frameworks/Python.framework/Versions/3.11/include/python3.11 -c src/lxml/lxml.etree.c -o build/temp.macosx-11.0-arm64-cpython-311/src/lxml/lxml.etree.o -w b'-I/Library/Developer/CommandLineTools/SDKs/MacOSX12.1.sdk/usr/include\n'
2022-12-27T11:06:22.8655580Z   clang: error: no such file or directory: 'b'-I/Library/Developer/CommandLineTools/SDKs/MacOSX12.1.sdk/usr/include\n''
2022-12-27T11:06:22.8669360Z   error: command '/usr/bin/clang' failed with exit code 1
2022-12-27T11:06:22.9023070Z   error: subprocess-exited-with-error
2022-12-27T11:06:22.9023500Z   
2022-12-27T11:06:22.9023970Z   × python setup.py bdist_wheel did not run successfully.
2022-12-27T11:06:22.9024350Z   │ exit code: 1
2022-12-27T11:06:22.9024700Z   ╰─> See above for output.
2022-12-27T11:06:22.9025080Z   
2022-12-27T11:06:22.9025380Z   note: This error originates from a subprocess, and is likely not a problem with pip.
2022-12-27T11:06:22.9029340Z   full command: /private/var/folders/51/hd414ycd67n82196sw51xqtc0000gn/T/cibw-run-osgb58yq/cp311-macosx_arm64/build/venv/bin/python -u -c '
2022-12-27T11:06:22.9031440Z   exec(compile('"'"''"'"''"'"'
2022-12-27T11:06:22.9032480Z   # This is <pip-setuptools-caller> -- a caller that pip uses to run setup.py
2022-12-27T11:06:22.9032780Z   #
2022-12-27T11:06:22.9033360Z   # - It imports setuptools before invoking setup.py, to enable projects that directly
2022-12-27T11:06:22.9033820Z   #   import from `distutils.core` to work with newer packaging standards.
2022-12-27T11:06:22.9035120Z   # - It provides a clear error message when setuptools is not installed.
2022-12-27T11:06:22.9035820Z   # - It sets `sys.argv[0]` to the underlying `setup.py`, when invoking `setup.py` so
2022-12-27T11:06:22.9036410Z   #   setuptools doesn'"'"'t think the script is `-c`. This avoids the following warning:
2022-12-27T11:06:22.9036890Z   #     manifest_maker: standard file '"'"'-c'"'"' not found".
2022-12-27T11:06:22.9037490Z   # - It generates a shim setup.py, for handling setup.cfg-only projects.
2022-12-27T11:06:22.9037880Z   import os, sys, tokenize
2022-12-27T11:06:22.9038170Z   
2022-12-27T11:06:22.9038380Z   try:
2022-12-27T11:06:22.9038710Z       import setuptools
2022-12-27T11:06:22.9039030Z   except ImportError as error:
2022-12-27T11:06:22.9039340Z       print(
2022-12-27T11:06:22.9039730Z           "ERROR: Can not execute `setup.py` since setuptools is not available in "
2022-12-27T11:06:22.9040150Z           "the build environment.",
2022-12-27T11:06:22.9040830Z           file=sys.stderr,
2022-12-27T11:06:22.9041070Z       )
2022-12-27T11:06:22.9041410Z       sys.exit(1)
2022-12-27T11:06:22.9041680Z   
2022-12-27T11:06:22.9041890Z   __file__ = %r
2022-12-27T11:06:22.9042190Z   sys.argv[0] = __file__
2022-12-27T11:06:22.9042470Z   
2022-12-27T11:06:22.9042770Z   if os.path.exists(__file__):
2022-12-27T11:06:22.9043090Z       filename = __file__
2022-12-27T11:06:22.9107570Z       with tokenize.open(__file__) as f:
2022-12-27T11:06:22.9107760Z           setup_py_code = f.read()
2022-12-27T11:06:22.9107900Z   else:
2022-12-27T11:06:22.9108170Z       filename = "<auto-generated setuptools caller>"
2022-12-27T11:06:22.9108500Z       setup_py_code = "from setuptools import setup; setup()"
2022-12-27T11:06:22.9108650Z   
2022-12-27T11:06:22.9108780Z   exec(compile(setup_py_code, filename, "exec"))
2022-12-27T11:06:22.9109610Z   '"'"''"'"''"'"' % ('"'"'/Users/runner/actions-runner/_work/python.build/python.build/build_lxml20beta1311/lxml-2.0beta1/setup.py'"'"',), "<pip-setuptools-caller>", "exec"))' bdist_wheel -d /private/var/folders/51/hd414ycd67n82196sw51xqtc0000gn/T/pip-wheel-risk_z5z
2022-12-27T11:06:22.9110130Z   cwd: /Users/runner/actions-runner/_work/python.build/python.build/build_lxml20beta1311/lxml-2.0beta1/
2022-12-27T11:06:22.9110340Z   ERROR: Failed building wheel for lxml
2022-12-27T11:06:22.9110530Z   Running command python setup.py clean
2022-12-27T11:06:22.9110810Z   Building wheel for lxml (setup.py): finished with status 'error'
2022-12-27T11:06:22.9110990Z   Running setup.py clean for lxml
2022-12-27T11:06:23.1117120Z   Building with Cython 0.29.32.
2022-12-27T11:06:23.1118290Z   Building lxml version 2.0.beta1.
2022-12-27T11:06:23.2189750Z   /private/var/folders/51/hd414ycd67n82196sw51xqtc0000gn/T/cibw-run-osgb58yq/cp311-macosx_arm64/build/venv/lib/python3.11/site-packages/setuptools/dist.py:529: UserWarning: Normalizing '2.0beta1' to '2.0b1'
2022-12-27T11:06:23.2190450Z     warnings.warn(tmpl.format(**locals()))
2022-12-27T11:06:23.2218280Z   running clean
2022-12-27T11:06:23.2243110Z   removing 'build/temp.macosx-11.0-arm64-cpython-311' (and everything under it)
2022-12-27T11:06:23.2246600Z   removing 'build/lib.macosx-11.0-arm64-cpython-311' (and everything under it)
2022-12-27T11:06:23.2262150Z   'build/bdist.macosx-11.0-arm64' does not exist -- can't clean it
2022-12-27T11:06:23.2263310Z   'build/scripts-3.11' does not exist -- can't clean it
2022-12-27T11:06:23.2264630Z   removing 'build'
2022-12-27T11:06:23.2526790Z Failed to build lxml
2022-12-27T11:06:23.2530660Z ERROR: Failed to build one or more wheels
2022-12-27T11:06:23.2542910Z Exception information:
2022-12-27T11:06:23.2543170Z Traceback (most recent call last):
2022-12-27T11:06:23.2550480Z   File "/private/var/folders/51/hd414ycd67n82196sw51xqtc0000gn/T/cibw-run-osgb58yq/cp311-macosx_arm64/build/venv/lib/python3.11/site-packages/pip/_internal/cli/base_command.py", line 160, in exc_logging_wrapper
2022-12-27T11:06:23.2551070Z     status = run_func(*args)
2022-12-27T11:06:23.2551330Z              ^^^^^^^^^^^^^^^
2022-12-27T11:06:23.2552490Z   File "/private/var/folders/51/hd414ycd67n82196sw51xqtc0000gn/T/cibw-run-osgb58yq/cp311-macosx_arm64/build/venv/lib/python3.11/site-packages/pip/_internal/cli/req_command.py", line 247, in wrapper
2022-12-27T11:06:23.2552960Z     return func(self, options, args)
2022-12-27T11:06:23.2553180Z            ^^^^^^^^^^^^^^^^^^^^^^^^^
2022-12-27T11:06:23.2553820Z   File "/private/var/folders/51/hd414ycd67n82196sw51xqtc0000gn/T/cibw-run-osgb58yq/cp311-macosx_arm64/build/venv/lib/python3.11/site-packages/pip/_internal/commands/wheel.py", line 201, in run
2022-12-27T11:06:23.2554280Z     raise CommandError("Failed to build one or more wheels")
2022-12-27T11:06:23.2554580Z pip._internal.exceptions.CommandError: Failed to build one or more wheels
2022-12-27T11:06:23.2555010Z Removed build tracker: '/private/var/folders/51/hd414ycd67n82196sw51xqtc0000gn/T/pip-build-tracker-0_45chtw'
2022-12-27T11:06:23.2990190Z ##[endgroup]
2022-12-27T11:06:23.3013830Z ##[error]Command ['python', '-m', 'pip', 'wheel', '/Users/runner/actions-runner/_work/python.build/python.build/build_lxml20beta1311/lxml-2.0beta1', '--wheel-dir=/private/var/folders/51/hd414ycd67n82196sw51xqtc0000gn/T/cibw-run-osgb58yq/cp311-macosx_arm64/built_wheel', '--no-deps', '-vvv'] failed with code 1. None
2022-12-27T11:06:23.3020160Z 
2022-12-27T11:06:23.3020580Z                                                               [31m✕ [0m1.50s
2022-12-27T11:06:23.3490110Z ##[error]Process completed with exit code 1.
2022-12-27T11:06:23.3523630Z ##[group]Run rm -rf build_lxml20beta1311 wheelsout
2022-12-27T11:06:23.3523890Z [36;1mrm -rf build_lxml20beta1311 wheelsout[0m
2022-12-27T11:06:23.3539520Z shell: /bin/bash -e {0}
2022-12-27T11:06:23.3539700Z env:
2022-12-27T11:06:23.3539900Z   pythonLocation: /Users/runner/hostedtoolcache/Python/3.11.1/x64
2022-12-27T11:06:23.3540170Z   PKG_CONFIG_PATH: /Users/runner/hostedtoolcache/Python/3.11.1/x64/lib/pkgconfig
2022-12-27T11:06:23.3540370Z   Python_ROOT_DIR: /Users/runner/hostedtoolcache/Python/3.11.1/x64
2022-12-27T11:06:23.3540600Z   Python2_ROOT_DIR: /Users/runner/hostedtoolcache/Python/3.11.1/x64
2022-12-27T11:06:23.3540820Z   Python3_ROOT_DIR: /Users/runner/hostedtoolcache/Python/3.11.1/x64
2022-12-27T11:06:23.3540990Z ##[endgroup]
2022-12-27T11:06:23.4062140Z Cleaning up orphan processes
