2022-12-27T01:58:07.8403802Z Requested labels: self-hosted, macOS, X64
2022-12-27T01:58:07.8403865Z Job defined at: kilnbuild/python.build/.github/workflows/mac_arm_build.yml@refs/heads/main
2022-12-27T01:58:07.8403891Z Waiting for a runner to pick up this job...
2022-12-27T02:57:49.6234805Z Job is about to start running on the runner: k1 (organization)
2022-12-27T02:57:53.6171990Z Current runner version: '2.300.2'
2022-12-27T02:57:53.6176910Z Runner name: 'k1'
2022-12-27T02:57:53.6177150Z Runner group name: 'Default'
2022-12-27T02:57:53.6177600Z Machine name: 'k1'
2022-12-27T02:57:53.6179160Z ##[group]GITHUB_TOKEN Permissions
2022-12-27T02:57:53.6179600Z Actions: write
2022-12-27T02:57:53.6179740Z Checks: write
2022-12-27T02:57:53.6179880Z Contents: write
2022-12-27T02:57:53.6180020Z Deployments: write
2022-12-27T02:57:53.6180160Z Discussions: write
2022-12-27T02:57:53.6180290Z Issues: write
2022-12-27T02:57:53.6180420Z Metadata: read
2022-12-27T02:57:53.6180550Z Packages: write
2022-12-27T02:57:53.6180690Z Pages: write
2022-12-27T02:57:53.6180830Z PullRequests: write
2022-12-27T02:57:53.6180990Z RepositoryProjects: write
2022-12-27T02:57:53.6181150Z SecurityEvents: write
2022-12-27T02:57:53.6181290Z Statuses: write
2022-12-27T02:57:53.6181420Z ##[endgroup]
2022-12-27T02:57:53.6183870Z Secret source: Actions
2022-12-27T02:57:53.6184200Z Prepare workflow directory
2022-12-27T02:57:53.6838490Z Prepare all required actions
2022-12-27T02:57:53.6961110Z Getting action download info
2022-12-27T02:57:54.1828960Z Download action repository 'actions/setup-python@v4' (SHA:5ccb29d8773c3f3f653e1705f474dfaa8a06a912)
2022-12-27T02:57:55.9231670Z Download action repository 'actions/upload-artifact@v3' (SHA:83fd05a356d7e2593de66fc9913b3002723633cb)
2022-12-27T02:57:57.2303010Z ##[group]Run echo '{
2022-12-27T02:57:57.2303270Z [36;1mecho '{[0m
2022-12-27T02:57:57.2303460Z [36;1m  "environment_variables": "GRPC_PYTHON_BUILD_WITH_CYTHON=1 GRPC_BUILD_WITH_BORING_SSL_ASM='' GRPC_PYTHON_BUILD_SYSTEM_OPENSSL=TRUE",[0m
2022-12-27T02:57:57.2303660Z [36;1m  "package_name": "grpcio",[0m
2022-12-27T02:57:57.2303910Z [36;1m  "package_url": "https://files.pythonhosted.org/packages/a4/92/be89519c8328d78f88136a4b11951378a28525fd9606fc51c279fff48e5c/grpcio-1.14.2.tar.gz",[0m
2022-12-27T02:57:57.2304190Z [36;1m  "package_version": "1.14.2",[0m
2022-12-27T02:57:57.2304350Z [36;1m  "python_version": "3.9",[0m
2022-12-27T02:57:57.2304530Z [36;1m  "use_ccache": "true"[0m
2022-12-27T02:57:57.2304660Z [36;1m}'[0m
2022-12-27T02:57:57.2319790Z shell: /bin/bash -e {0}
2022-12-27T02:57:57.2319970Z ##[endgroup]
2022-12-27T02:57:57.2528920Z {
2022-12-27T02:57:57.2530460Z   "environment_variables": "GRPC_PYTHON_BUILD_WITH_CYTHON=1 GRPC_BUILD_WITH_BORING_SSL_ASM= GRPC_PYTHON_BUILD_SYSTEM_OPENSSL=TRUE",
2022-12-27T02:57:57.2530790Z   "package_name": "grpcio",
2022-12-27T02:57:57.2531350Z   "package_url": "https://files.pythonhosted.org/packages/a4/92/be89519c8328d78f88136a4b11951378a28525fd9606fc51c279fff48e5c/grpcio-1.14.2.tar.gz",
2022-12-27T02:57:57.2531630Z   "package_version": "1.14.2",
2022-12-27T02:57:57.2531810Z   "python_version": "3.9",
2022-12-27T02:57:57.2531970Z   "use_ccache": "true"
2022-12-27T02:57:57.2532160Z }
2022-12-27T02:57:57.2737860Z ##[group]Run actions/setup-python@v4
2022-12-27T02:57:57.2738060Z with:
2022-12-27T02:57:57.2738240Z   python-version: 3.9
2022-12-27T02:57:57.2738430Z   check-latest: false
2022-12-27T02:57:57.2738840Z   token: ***
2022-12-27T02:57:57.2739030Z   update-environment: true
2022-12-27T02:57:57.2739210Z ##[endgroup]
2022-12-27T02:57:57.3923110Z ##[group]Installed versions
2022-12-27T02:57:57.4029410Z Successfully set up CPython (3.9.16)
2022-12-27T02:57:57.4030580Z ##[endgroup]
2022-12-27T02:57:57.4173230Z ##[group]Run if [ "true" == "true" ]
2022-12-27T02:57:57.4173590Z [36;1mif [ "true" == "true" ][0m
2022-12-27T02:57:57.4173780Z [36;1mthen[0m
2022-12-27T02:57:57.4174010Z [36;1m  echo "CCACHE_PATH_PREPEND=/usr/local/opt/ccache/libexec" >> $GITHUB_OUTPUT[0m
2022-12-27T02:57:57.4174490Z [36;1melse[0m
2022-12-27T02:57:57.4174660Z [36;1m  echo "CCACHE_PATH_PREPEND=" >> $GITHUB_OUTPUT[0m
2022-12-27T02:57:57.4174920Z [36;1mfi[0m
2022-12-27T02:57:57.4191690Z shell: /bin/bash -e {0}
2022-12-27T02:57:57.4191860Z env:
2022-12-27T02:57:57.4192160Z   pythonLocation: /Users/runner/hostedtoolcache/Python/3.9.16/x64
2022-12-27T02:57:57.4192440Z   PKG_CONFIG_PATH: /Users/runner/hostedtoolcache/Python/3.9.16/x64/lib/pkgconfig
2022-12-27T02:57:57.4193050Z   Python_ROOT_DIR: /Users/runner/hostedtoolcache/Python/3.9.16/x64
2022-12-27T02:57:57.4193300Z   Python2_ROOT_DIR: /Users/runner/hostedtoolcache/Python/3.9.16/x64
2022-12-27T02:57:57.4193670Z   Python3_ROOT_DIR: /Users/runner/hostedtoolcache/Python/3.9.16/x64
2022-12-27T02:57:57.4193840Z ##[endgroup]
2022-12-27T02:57:57.4299220Z ##[group]Run echo "BUILD_NAME=$(echo grpcio_1.14.2_3.9 | tr -dc '[:alnum:]\n\r' | tr '[:upper:]' '[:lower:]')" >> $GITHUB_OUTPUT
2022-12-27T02:57:57.4299780Z [36;1mecho "BUILD_NAME=$(echo grpcio_1.14.2_3.9 | tr -dc '[:alnum:]\n\r' | tr '[:upper:]' '[:lower:]')" >> $GITHUB_OUTPUT[0m
2022-12-27T02:57:57.4313140Z shell: /bin/bash -e {0}
2022-12-27T02:57:57.4313290Z env:
2022-12-27T02:57:57.4313600Z   pythonLocation: /Users/runner/hostedtoolcache/Python/3.9.16/x64
2022-12-27T02:57:57.4313880Z   PKG_CONFIG_PATH: /Users/runner/hostedtoolcache/Python/3.9.16/x64/lib/pkgconfig
2022-12-27T02:57:57.4314150Z   Python_ROOT_DIR: /Users/runner/hostedtoolcache/Python/3.9.16/x64
2022-12-27T02:57:57.4314440Z   Python2_ROOT_DIR: /Users/runner/hostedtoolcache/Python/3.9.16/x64
2022-12-27T02:57:57.4314680Z   Python3_ROOT_DIR: /Users/runner/hostedtoolcache/Python/3.9.16/x64
2022-12-27T02:57:57.4314950Z ##[endgroup]
2022-12-27T02:57:57.4461440Z ##[group]Run echo "PYTHON_NO_DOTS=$(echo 3.9 | tr -dc '[:alnum:]\n\r' | tr '[:upper:]' '[:lower:]')" >> $GITHUB_OUTPUT
2022-12-27T02:57:57.4461890Z [36;1mecho "PYTHON_NO_DOTS=$(echo 3.9 | tr -dc '[:alnum:]\n\r' | tr '[:upper:]' '[:lower:]')" >> $GITHUB_OUTPUT[0m
2022-12-27T02:57:57.4475290Z shell: /bin/bash -e {0}
2022-12-27T02:57:57.4475490Z env:
2022-12-27T02:57:57.4475690Z   pythonLocation: /Users/runner/hostedtoolcache/Python/3.9.16/x64
2022-12-27T02:57:57.4475950Z   PKG_CONFIG_PATH: /Users/runner/hostedtoolcache/Python/3.9.16/x64/lib/pkgconfig
2022-12-27T02:57:57.4476160Z   Python_ROOT_DIR: /Users/runner/hostedtoolcache/Python/3.9.16/x64
2022-12-27T02:57:57.4476390Z   Python2_ROOT_DIR: /Users/runner/hostedtoolcache/Python/3.9.16/x64
2022-12-27T02:57:57.4476680Z   Python3_ROOT_DIR: /Users/runner/hostedtoolcache/Python/3.9.16/x64
2022-12-27T02:57:57.4476880Z ##[endgroup]
2022-12-27T02:57:57.4582520Z ##[group]Run rm -rf build_grpcio114239
2022-12-27T02:57:57.4582900Z [36;1mrm -rf build_grpcio114239[0m
2022-12-27T02:57:57.4583060Z [36;1mmkdir build_grpcio114239[0m
2022-12-27T02:57:57.4583240Z [36;1mcd build_grpcio114239[0m
2022-12-27T02:57:57.4583530Z [36;1m/usr/local/bin/wget --quiet https://files.pythonhosted.org/packages/a4/92/be89519c8328d78f88136a4b11951378a28525fd9606fc51c279fff48e5c/grpcio-1.14.2.tar.gz[0m
2022-12-27T02:57:57.4583790Z [36;1mtar xf *.tar.gz[0m
2022-12-27T02:57:57.4583960Z [36;1mcd grpcio-*/[0m
2022-12-27T02:57:57.4584160Z [36;1mpython -m pip install cibuildwheel==2.11.3[0m
2022-12-27T02:57:57.4584370Z [36;1mpython -m cibuildwheel --output-dir ../wheelsout[0m
2022-12-27T02:57:57.4597590Z shell: /bin/bash -e {0}
2022-12-27T02:57:57.4597830Z env:
2022-12-27T02:57:57.4598070Z   pythonLocation: /Users/runner/hostedtoolcache/Python/3.9.16/x64
2022-12-27T02:57:57.4598350Z   PKG_CONFIG_PATH: /Users/runner/hostedtoolcache/Python/3.9.16/x64/lib/pkgconfig
2022-12-27T02:57:57.4598670Z   Python_ROOT_DIR: /Users/runner/hostedtoolcache/Python/3.9.16/x64
2022-12-27T02:57:57.4598880Z   Python2_ROOT_DIR: /Users/runner/hostedtoolcache/Python/3.9.16/x64
2022-12-27T02:57:57.4599100Z   Python3_ROOT_DIR: /Users/runner/hostedtoolcache/Python/3.9.16/x64
2022-12-27T02:57:57.4599310Z   CIBW_ARCHS_MACOS: arm64
2022-12-27T02:57:57.4599450Z   CIBW_TEST_SKIP: *_arm64
2022-12-27T02:57:57.4599650Z   CIBW_BUILD: cp39-macosx_arm64
2022-12-27T02:57:57.4599830Z   CIBW_BUILD_FRONTEND: pip
2022-12-27T02:57:57.4599980Z   CIBW_BUILD_VERBOSITY: 3
2022-12-27T02:57:57.4600350Z   CIBW_ENVIRONMENT_MACOS: GRPC_PYTHON_BUILD_WITH_CYTHON=1 GRPC_BUILD_WITH_BORING_SSL_ASM='' GRPC_PYTHON_BUILD_SYSTEM_OPENSSL=TRUE CFLAGS="-I/usr/local/opt/openssl@3/include" LDFLAGS="-L/usr/local/opt/openssl@3/lib" CPPFLAGS="-I/usr/local/opt/openssl@3/include" MAKEFLAGS="-j$(sysctl -n hw.logicalcpu)" PATH=/usr/local/opt/ccache/libexec:$PATH
2022-12-27T02:57:57.4600970Z   CIBW_BEFORE_BUILD: pip install Cython; if [[ -f requirements.txt ]]; then pip install -r requirements.txt; fi
2022-12-27T02:57:57.4601260Z   MAKEFLAGS: -j$(sysctl -n hw.logicalcpu)
2022-12-27T02:57:57.4601440Z ##[endgroup]
2022-12-27T02:57:58.5800620Z Requirement already satisfied: cibuildwheel==2.11.3 in /Users/runner/hostedtoolcache/Python/3.9.16/x64/lib/python3.9/site-packages (2.11.3)
2022-12-27T02:57:58.6046180Z Requirement already satisfied: certifi in /Users/runner/hostedtoolcache/Python/3.9.16/x64/lib/python3.9/site-packages (from cibuildwheel==2.11.3) (2022.12.7)
2022-12-27T02:57:58.6051010Z Requirement already satisfied: packaging>=20.9 in /Users/runner/hostedtoolcache/Python/3.9.16/x64/lib/python3.9/site-packages (from cibuildwheel==2.11.3) (22.0)
2022-12-27T02:57:58.6054420Z Requirement already satisfied: bracex in /Users/runner/hostedtoolcache/Python/3.9.16/x64/lib/python3.9/site-packages (from cibuildwheel==2.11.3) (2.3.post1)
2022-12-27T02:57:58.6057680Z Requirement already satisfied: platformdirs in /Users/runner/hostedtoolcache/Python/3.9.16/x64/lib/python3.9/site-packages (from cibuildwheel==2.11.3) (2.6.0)
2022-12-27T02:57:58.6061150Z Requirement already satisfied: filelock in /Users/runner/hostedtoolcache/Python/3.9.16/x64/lib/python3.9/site-packages (from cibuildwheel==2.11.3) (3.8.2)
2022-12-27T02:57:58.6067810Z Requirement already satisfied: tomli in /Users/runner/hostedtoolcache/Python/3.9.16/x64/lib/python3.9/site-packages (from cibuildwheel==2.11.3) (2.0.1)
2022-12-27T02:57:58.6076320Z Requirement already satisfied: typing-extensions>=4.1.0 in /Users/runner/hostedtoolcache/Python/3.9.16/x64/lib/python3.9/site-packages (from cibuildwheel==2.11.3) (4.4.0)
2022-12-27T02:57:58.6081170Z Requirement already satisfied: bashlex!=0.13 in /Users/runner/hostedtoolcache/Python/3.9.16/x64/lib/python3.9/site-packages (from cibuildwheel==2.11.3) (0.16)
2022-12-27T02:57:58.7797460Z 
2022-12-27T02:57:58.7797670Z      _ _       _ _   _       _           _
2022-12-27T02:57:58.7798070Z  ___|_| |_ _ _|_| |_| |_ _ _| |_ ___ ___| |
2022-12-27T02:57:58.7799630Z |  _| | . | | | | | . | | | |   | -_| -_| |
2022-12-27T02:57:58.7800000Z |___|_|___|___|_|_|___|_____|_|_|___|___|_|
2022-12-27T02:57:58.7800110Z 
2022-12-27T02:57:58.7800280Z cibuildwheel version 2.11.3
2022-12-27T02:57:58.7800450Z 
2022-12-27T02:57:58.7800570Z Build options:
2022-12-27T02:57:58.7800880Z   platform: macos
2022-12-27T02:57:58.7965830Z   architectures: arm64[0m
2022-12-27T02:57:58.7966220Z   build_selector: 
2022-12-27T02:57:58.7967160Z     build_config: cp39-macosx_arm64
2022-12-27T02:57:58.7968060Z     skip_config: 
2022-12-27T02:57:58.7968330Z     requires_python: None
2022-12-27T02:57:58.7968880Z     prerelease_pythons: False[0m
2022-12-27T02:57:58.7969380Z   [38;5;244mcontainer_engine: docker[0m
2022-12-27T02:57:58.7969920Z   output_dir: /Users/runner/actions-runner/_work/python.build/python.build/build_grpcio114239/wheelsout[0m
2022-12-27T02:57:58.7970670Z   package_dir: /Users/runner/actions-runner/_work/python.build/python.build/build_grpcio114239/grpcio-1.14.2[0m
2022-12-27T02:57:58.7971070Z   test_selector: 
2022-12-27T02:57:58.7971400Z     skip_config: *_arm64[0m
2022-12-27T02:57:58.7971760Z   [38;5;244mbefore_all: [0m
2022-12-27T02:57:58.7972300Z   before_build: pip install Cython; if [[ -f requirements.txt ]]; then pip install -r requirements.txt; fi[0m
2022-12-27T02:57:58.7972840Z   [38;5;244mbefore_test: [0m
2022-12-27T02:57:58.7973170Z   [38;5;244mbuild_frontend: pip[0m
2022-12-27T02:57:58.7973540Z   build_verbosity: 3[0m
2022-12-27T02:57:58.7973900Z   [38;5;244mconfig_settings: [0m
2022-12-27T02:57:58.7974270Z   [38;5;244mdependency_constraints: pinned[0m
2022-12-27T02:57:58.7974620Z   environment: 
2022-12-27T02:57:58.7974940Z     GRPC_PYTHON_BUILD_WITH_CYTHON=1
2022-12-27T02:57:58.7975260Z     GRPC_BUILD_WITH_BORING_SSL_ASM=''
2022-12-27T02:57:58.7975590Z     GRPC_PYTHON_BUILD_SYSTEM_OPENSSL=TRUE
2022-12-27T02:57:58.7976360Z     CFLAGS="-I/usr/local/opt/openssl@3/include"
2022-12-27T02:57:58.7976670Z     LDFLAGS="-L/usr/local/opt/openssl@3/lib"
2022-12-27T02:57:58.7976980Z     CPPFLAGS="-I/usr/local/opt/openssl@3/include"
2022-12-27T02:57:58.7977270Z     MAKEFLAGS="-j$(sysctl -n hw.logicalcpu)"
2022-12-27T02:57:58.7977530Z     PATH=/usr/local/opt/ccache/libexec:$PATH[0m
2022-12-27T02:57:58.7977840Z   [38;5;244mmanylinux_images: None[0m
2022-12-27T02:57:58.7978100Z   [38;5;244mmusllinux_images: None[0m
2022-12-27T02:57:58.7978450Z   [38;5;244mrepair_command: delocate-wheel --require-archs {delocate_archs} -w {dest_dir} -v {wheel}[0m
2022-12-27T02:57:58.7978790Z   [38;5;244mtest_command: [0m
2022-12-27T02:57:58.7979040Z   [38;5;244mtest_extras: [0m
2022-12-27T02:57:58.7979310Z   [38;5;244mtest_requires: [0m
2022-12-27T02:57:58.7979430Z 
2022-12-27T02:57:58.7979520Z Cache folder: /Users/runner/Library/Caches/cibuildwheel
2022-12-27T02:57:58.7989100Z 
2022-12-27T02:57:58.7989420Z Here we go!
2022-12-27T02:57:58.7989630Z 
2022-12-27T02:57:58.8117130Z 
2022-12-27T02:57:58.8117760Z [1m[34mBuilding cp39-macosx_arm64 wheel[0m
2022-12-27T02:57:58.8118290Z CPython 3.9 macOS arm64 - Apple Silicon
2022-12-27T02:57:58.8118480Z 
2022-12-27T02:57:58.8120520Z ##[group]Installing Python cp39...
2022-12-27T02:57:58.8120730Z 
2022-12-27T02:57:58.8120900Z + pkgutil --pkgs
2022-12-27T02:57:58.8222900Z ##[endgroup]
2022-12-27T02:57:58.8223820Z                                                               [32m✓ [0m0.01s
2022-12-27T02:57:58.8224200Z ##[group]Setting up build environment...
2022-12-27T02:57:58.8224330Z 
2022-12-27T02:57:58.8243890Z + /Users/runner/hostedtoolcache/Python/3.9.16/x64/bin/python -sS /Users/runner/Library/Caches/cibuildwheel/virtualenv-20.17.0.pyz --activators= --no-periodic-update --pip=22.3.1 --setuptools=65.6.3 --wheel=0.38.4 --symlink-app-data --python /Library/Frameworks/Python.framework/Versions/3.9/bin/python3 /private/var/folders/51/hd414ycd67n82196sw51xqtc0000gn/T/cibw-run-8eyqiq8l/cp39-macosx_arm64/build/venv
2022-12-27T02:57:59.0107150Z created virtual environment CPython3.9.13.final.0-64 in 52ms
2022-12-27T02:57:59.0108300Z   creator CPython3Posix(dest=/private/var/folders/51/hd414ycd67n82196sw51xqtc0000gn/T/cibw-run-8eyqiq8l/cp39-macosx_arm64/build/venv, clear=False, no_vcs_ignore=False, global=False)
2022-12-27T02:57:59.0108950Z   seeder FromAppData(download=False, pip=22.3.1, setuptools=65.6.3, wheel=0.38.4, via=symlink, app_data_dir=/Users/runner/Library/Application Support/virtualenv)
2022-12-27T02:57:59.0109550Z     added seed packages: pip==22.3.1, setuptools==65.6.3, wheel==0.38.4
2022-12-27T02:57:59.0215460Z + python -m pip install --upgrade pip -c /Users/runner/hostedtoolcache/Python/3.9.16/x64/lib/python3.9/site-packages/cibuildwheel/resources/constraints-python39.txt
2022-12-27T02:57:59.3200870Z Requirement already satisfied: pip in ./lib/python3.9/site-packages (22.3.1)
2022-12-27T02:57:59.4621090Z + which pip
2022-12-27T02:57:59.4640670Z /private/var/folders/51/hd414ycd67n82196sw51xqtc0000gn/T/cibw-run-8eyqiq8l/cp39-macosx_arm64/build/venv/bin/pip
2022-12-27T02:57:59.4643250Z + pip --version
2022-12-27T02:57:59.6798720Z pip 22.3.1 from /private/var/folders/51/hd414ycd67n82196sw51xqtc0000gn/T/cibw-run-8eyqiq8l/cp39-macosx_arm64/build/venv/lib/python3.9/site-packages/pip (python 3.9)
2022-12-27T02:57:59.7015740Z + which pip
2022-12-27T02:57:59.7044040Z + which python
2022-12-27T02:57:59.7063150Z /private/var/folders/51/hd414ycd67n82196sw51xqtc0000gn/T/cibw-run-8eyqiq8l/cp39-macosx_arm64/build/venv/bin/python
2022-12-27T02:57:59.7066090Z + python --version
2022-12-27T02:57:59.7114780Z Python 3.9.13
2022-12-27T02:57:59.7118310Z + which python
2022-12-27T02:57:59.7170770Z ##[endgroup]
2022-12-27T02:57:59.7171280Z                                                               [32m✓ [0m0.89s
2022-12-27T02:57:59.7171810Z ##[group]Installing build tools...
2022-12-27T02:57:59.7171990Z 
2022-12-27T02:57:59.7172520Z + pip install --upgrade setuptools wheel delocate -c /Users/runner/hostedtoolcache/Python/3.9.16/x64/lib/python3.9/site-packages/cibuildwheel/resources/constraints-python39.txt
2022-12-27T02:58:00.0120470Z Requirement already satisfied: setuptools in /private/var/folders/51/hd414ycd67n82196sw51xqtc0000gn/T/cibw-run-8eyqiq8l/cp39-macosx_arm64/build/venv/lib/python3.9/site-packages (65.6.3)
2022-12-27T02:58:00.2784380Z Requirement already satisfied: wheel in /private/var/folders/51/hd414ycd67n82196sw51xqtc0000gn/T/cibw-run-8eyqiq8l/cp39-macosx_arm64/build/venv/lib/python3.9/site-packages (0.38.4)
2022-12-27T02:58:00.9078490Z Collecting delocate
2022-12-27T02:58:00.9103090Z   Using cached delocate-0.10.3-py3-none-any.whl (142 kB)
2022-12-27T02:58:00.9462660Z Collecting packaging>=20.9
2022-12-27T02:58:00.9484390Z   Using cached packaging-21.3-py3-none-any.whl (40 kB)
2022-12-27T02:58:00.9680240Z Collecting typing-extensions
2022-12-27T02:58:00.9700610Z   Using cached typing_extensions-4.4.0-py3-none-any.whl (26 kB)
2022-12-27T02:58:01.3390720Z Collecting pyparsing!=3.0.5,>=2.0.2
2022-12-27T02:58:01.3412030Z   Using cached pyparsing-3.0.9-py3-none-any.whl (98 kB)
2022-12-27T02:58:01.3778770Z Installing collected packages: typing-extensions, pyparsing, packaging, delocate
2022-12-27T02:58:01.5248150Z Successfully installed delocate-0.10.3 packaging-21.3 pyparsing-3.0.9 typing-extensions-4.4.0
2022-12-27T02:58:01.5718640Z ##[endgroup]
2022-12-27T02:58:01.5719360Z                                                               [32m✓ [0m1.85s
2022-12-27T02:58:01.5719900Z ##[group]Running before_build...
2022-12-27T02:58:01.5720080Z 
2022-12-27T02:58:01.5726180Z + pip install Cython; if [[ -f requirements.txt ]]; then pip install -r requirements.txt; fi
2022-12-27T02:58:02.8867310Z Collecting Cython
2022-12-27T02:58:02.8914190Z   Using cached Cython-0.29.32-py2.py3-none-any.whl (986 kB)
2022-12-27T02:58:02.9404660Z Installing collected packages: Cython
2022-12-27T02:58:03.4052220Z Successfully installed Cython-0.29.32
2022-12-27T02:58:04.3093310Z Collecting coverage>=4.0
2022-12-27T02:58:04.3123140Z   Using cached coverage-7.0.1-cp39-cp39-macosx_10_9_x86_64.whl (188 kB)
2022-12-27T02:58:04.9835580Z Collecting cython==0.28.3
2022-12-27T02:58:04.9898840Z   Using cached Cython-0.28.3.tar.gz (1.9 MB)
2022-12-27T02:58:05.4930250Z   Preparing metadata (setup.py): started
2022-12-27T02:58:13.2415590Z   Preparing metadata (setup.py): finished with status 'done'
2022-12-27T02:58:13.2685090Z Collecting enum34>=1.0.4
2022-12-27T02:58:13.2707810Z   Using cached enum34-1.1.10-py3-none-any.whl (11 kB)
2022-12-27T02:58:13.5884810Z Collecting protobuf>=3.5.0.post1
2022-12-27T02:58:13.5915080Z   Using cached protobuf-4.21.12-cp37-abi3-macosx_10_9_universal2.whl (486 kB)
2022-12-27T02:58:13.6115100Z Collecting six>=1.10
2022-12-27T02:58:13.6136500Z   Using cached six-1.16.0-py2.py3-none-any.whl (11 kB)
2022-12-27T02:58:13.6153380Z Requirement already satisfied: wheel>=0.29 in /private/var/folders/51/hd414ycd67n82196sw51xqtc0000gn/T/cibw-run-8eyqiq8l/cp39-macosx_arm64/build/venv/lib/python3.9/site-packages (from -r requirements.txt (line 7)) (0.38.4)
2022-12-27T02:58:13.6235800Z Building wheels for collected packages: cython
2022-12-27T02:58:13.6241120Z   Building wheel for cython (setup.py): started
2022-12-27T02:58:14.2902410Z   Building wheel for cython (setup.py): finished with status 'error'
2022-12-27T02:58:14.3189260Z   error: subprocess-exited-with-error
2022-12-27T02:58:14.3190200Z   
2022-12-27T02:58:14.3191270Z   × python setup.py bdist_wheel did not run successfully.
2022-12-27T02:58:14.3191730Z   │ exit code: 1
2022-12-27T02:58:14.3192160Z   ╰─> [560 lines of output]
2022-12-27T02:58:14.3193390Z       Unable to find pgen, not compiling formal grammar.
2022-12-27T02:58:14.3194070Z       running bdist_wheel
2022-12-27T02:58:14.3194480Z       running build
2022-12-27T02:58:14.3194820Z       running build_py
2022-12-27T02:58:14.3195270Z       creating build
2022-12-27T02:58:14.3195810Z       creating build/lib.macosx-11.0-arm64-cpython-39
2022-12-27T02:58:14.3196450Z       copying cython.py -> build/lib.macosx-11.0-arm64-cpython-39
2022-12-27T02:58:14.3198580Z       creating build/lib.macosx-11.0-arm64-cpython-39/Cython
2022-12-27T02:58:14.3199760Z       copying Cython/TestUtils.py -> build/lib.macosx-11.0-arm64-cpython-39/Cython
2022-12-27T02:58:14.3200720Z       copying Cython/StringIOTree.py -> build/lib.macosx-11.0-arm64-cpython-39/Cython
2022-12-27T02:58:14.3201820Z       copying Cython/__init__.py -> build/lib.macosx-11.0-arm64-cpython-39/Cython
2022-12-27T02:58:14.3202550Z       copying Cython/Coverage.py -> build/lib.macosx-11.0-arm64-cpython-39/Cython
2022-12-27T02:58:14.3203220Z       copying Cython/Debugging.py -> build/lib.macosx-11.0-arm64-cpython-39/Cython
2022-12-27T02:58:14.3204170Z       copying Cython/Utils.py -> build/lib.macosx-11.0-arm64-cpython-39/Cython
2022-12-27T02:58:14.3204850Z       copying Cython/Shadow.py -> build/lib.macosx-11.0-arm64-cpython-39/Cython
2022-12-27T02:58:14.3205930Z       copying Cython/CodeWriter.py -> build/lib.macosx-11.0-arm64-cpython-39/Cython
2022-12-27T02:58:14.3206620Z       creating build/lib.macosx-11.0-arm64-cpython-39/Cython/Build
2022-12-27T02:58:14.3207820Z       copying Cython/Build/Cythonize.py -> build/lib.macosx-11.0-arm64-cpython-39/Cython/Build
2022-12-27T02:58:14.3209040Z       copying Cython/Build/__init__.py -> build/lib.macosx-11.0-arm64-cpython-39/Cython/Build
2022-12-27T02:58:14.3209680Z       copying Cython/Build/IpythonMagic.py -> build/lib.macosx-11.0-arm64-cpython-39/Cython/Build
2022-12-27T02:58:14.3211300Z       copying Cython/Build/BuildExecutable.py -> build/lib.macosx-11.0-arm64-cpython-39/Cython/Build
2022-12-27T02:58:14.3212270Z       copying Cython/Build/Distutils.py -> build/lib.macosx-11.0-arm64-cpython-39/Cython/Build
2022-12-27T02:58:14.3213110Z       copying Cython/Build/Dependencies.py -> build/lib.macosx-11.0-arm64-cpython-39/Cython/Build
2022-12-27T02:58:14.3213860Z       copying Cython/Build/Inline.py -> build/lib.macosx-11.0-arm64-cpython-39/Cython/Build
2022-12-27T02:58:14.3214820Z       creating build/lib.macosx-11.0-arm64-cpython-39/Cython/Compiler
2022-12-27T02:58:14.3216040Z       copying Cython/Compiler/Optimize.py -> build/lib.macosx-11.0-arm64-cpython-39/Cython/Compiler
2022-12-27T02:58:14.3216950Z       copying Cython/Compiler/Options.py -> build/lib.macosx-11.0-arm64-cpython-39/Cython/Compiler
2022-12-27T02:58:14.3217770Z       copying Cython/Compiler/CodeGeneration.py -> build/lib.macosx-11.0-arm64-cpython-39/Cython/Compiler
2022-12-27T02:58:14.3218820Z       copying Cython/Compiler/ModuleNode.py -> build/lib.macosx-11.0-arm64-cpython-39/Cython/Compiler
2022-12-27T02:58:14.3219520Z       copying Cython/Compiler/DebugFlags.py -> build/lib.macosx-11.0-arm64-cpython-39/Cython/Compiler
2022-12-27T02:58:14.3220230Z       copying Cython/Compiler/TypeSlots.py -> build/lib.macosx-11.0-arm64-cpython-39/Cython/Compiler
2022-12-27T02:58:14.3220920Z       copying Cython/Compiler/Version.py -> build/lib.macosx-11.0-arm64-cpython-39/Cython/Compiler
2022-12-27T02:58:14.3221610Z       copying Cython/Compiler/Parsing.py -> build/lib.macosx-11.0-arm64-cpython-39/Cython/Compiler
2022-12-27T02:58:14.3222340Z       copying Cython/Compiler/Symtab.py -> build/lib.macosx-11.0-arm64-cpython-39/Cython/Compiler
2022-12-27T02:58:14.3223030Z       copying Cython/Compiler/UtilNodes.py -> build/lib.macosx-11.0-arm64-cpython-39/Cython/Compiler
2022-12-27T02:58:14.3223720Z       copying Cython/Compiler/Pythran.py -> build/lib.macosx-11.0-arm64-cpython-39/Cython/Compiler
2022-12-27T02:58:14.3224400Z       copying Cython/Compiler/Naming.py -> build/lib.macosx-11.0-arm64-cpython-39/Cython/Compiler
2022-12-27T02:58:14.3225030Z       copying Cython/Compiler/UtilityCode.py -> build/lib.macosx-11.0-arm64-cpython-39/Cython/Compiler
2022-12-27T02:58:14.3225810Z       copying Cython/Compiler/TreePath.py -> build/lib.macosx-11.0-arm64-cpython-39/Cython/Compiler
2022-12-27T02:58:14.3226280Z   Running setup.py clean for cython
2022-12-27T02:58:14.3227110Z       copying Cython/Compiler/CmdLine.py -> build/lib.macosx-11.0-arm64-cpython-39/Cython/Compiler
2022-12-27T02:58:14.3228090Z       copying Cython/Compiler/MemoryView.py -> build/lib.macosx-11.0-arm64-cpython-39/Cython/Compiler
2022-12-27T02:58:14.3228690Z       copying Cython/Compiler/Code.py -> build/lib.macosx-11.0-arm64-cpython-39/Cython/Compiler
2022-12-27T02:58:14.3229260Z       copying Cython/Compiler/__init__.py -> build/lib.macosx-11.0-arm64-cpython-39/Cython/Compiler
2022-12-27T02:58:14.3229830Z       copying Cython/Compiler/TreeFragment.py -> build/lib.macosx-11.0-arm64-cpython-39/Cython/Compiler
2022-12-27T02:58:14.3230380Z       copying Cython/Compiler/ParseTreeTransforms.py -> build/lib.macosx-11.0-arm64-cpython-39/Cython/Compiler
2022-12-27T02:58:14.3231060Z       copying Cython/Compiler/Annotate.py -> build/lib.macosx-11.0-arm64-cpython-39/Cython/Compiler
2022-12-27T02:58:14.3231630Z       copying Cython/Compiler/Lexicon.py -> build/lib.macosx-11.0-arm64-cpython-39/Cython/Compiler
2022-12-27T02:58:14.3232140Z       copying Cython/Compiler/Interpreter.py -> build/lib.macosx-11.0-arm64-cpython-39/Cython/Compiler
2022-12-27T02:58:14.3232750Z       copying Cython/Compiler/AutoDocTransforms.py -> build/lib.macosx-11.0-arm64-cpython-39/Cython/Compiler
2022-12-27T02:58:14.3233430Z       copying Cython/Compiler/Visitor.py -> build/lib.macosx-11.0-arm64-cpython-39/Cython/Compiler
2022-12-27T02:58:14.3233840Z       copying Cython/Compiler/Pipeline.py -> build/lib.macosx-11.0-arm64-cpython-39/Cython/Compiler
2022-12-27T02:58:14.3234180Z       copying Cython/Compiler/Buffer.py -> build/lib.macosx-11.0-arm64-cpython-39/Cython/Compiler
2022-12-27T02:58:14.3234560Z       copying Cython/Compiler/ExprNodes.py -> build/lib.macosx-11.0-arm64-cpython-39/Cython/Compiler
2022-12-27T02:58:14.3234950Z       copying Cython/Compiler/CythonScope.py -> build/lib.macosx-11.0-arm64-cpython-39/Cython/Compiler
2022-12-27T02:58:14.3235410Z       copying Cython/Compiler/Scanning.py -> build/lib.macosx-11.0-arm64-cpython-39/Cython/Compiler
2022-12-27T02:58:14.3235780Z       copying Cython/Compiler/FusedNode.py -> build/lib.macosx-11.0-arm64-cpython-39/Cython/Compiler
2022-12-27T02:58:14.3236340Z       copying Cython/Compiler/TypeInference.py -> build/lib.macosx-11.0-arm64-cpython-39/Cython/Compiler
2022-12-27T02:58:14.3236770Z       copying Cython/Compiler/Builtin.py -> build/lib.macosx-11.0-arm64-cpython-39/Cython/Compiler
2022-12-27T02:58:14.3237350Z       copying Cython/Compiler/Future.py -> build/lib.macosx-11.0-arm64-cpython-39/Cython/Compiler
2022-12-27T02:58:14.3237730Z       copying Cython/Compiler/Errors.py -> build/lib.macosx-11.0-arm64-cpython-39/Cython/Compiler
2022-12-27T02:58:14.3238060Z       copying Cython/Compiler/Nodes.py -> build/lib.macosx-11.0-arm64-cpython-39/Cython/Compiler
2022-12-27T02:58:14.3238430Z       copying Cython/Compiler/Main.py -> build/lib.macosx-11.0-arm64-cpython-39/Cython/Compiler
2022-12-27T02:58:14.3238810Z       copying Cython/Compiler/StringEncoding.py -> build/lib.macosx-11.0-arm64-cpython-39/Cython/Compiler
2022-12-27T02:58:14.3239240Z       copying Cython/Compiler/AnalysedTreeTransforms.py -> build/lib.macosx-11.0-arm64-cpython-39/Cython/Compiler
2022-12-27T02:58:14.3239640Z       copying Cython/Compiler/FlowControl.py -> build/lib.macosx-11.0-arm64-cpython-39/Cython/Compiler
2022-12-27T02:58:14.3240070Z       copying Cython/Compiler/PyrexTypes.py -> build/lib.macosx-11.0-arm64-cpython-39/Cython/Compiler
2022-12-27T02:58:14.3240420Z       creating build/lib.macosx-11.0-arm64-cpython-39/Cython/Runtime
2022-12-27T02:58:14.3240740Z       copying Cython/Runtime/__init__.py -> build/lib.macosx-11.0-arm64-cpython-39/Cython/Runtime
2022-12-27T02:58:14.3241150Z       creating build/lib.macosx-11.0-arm64-cpython-39/Cython/Distutils
2022-12-27T02:58:14.3241510Z       copying Cython/Distutils/old_build_ext.py -> build/lib.macosx-11.0-arm64-cpython-39/Cython/Distutils
2022-12-27T02:58:14.3241880Z       copying Cython/Distutils/build_ext.py -> build/lib.macosx-11.0-arm64-cpython-39/Cython/Distutils
2022-12-27T02:58:14.3242210Z       copying Cython/Distutils/__init__.py -> build/lib.macosx-11.0-arm64-cpython-39/Cython/Distutils
2022-12-27T02:58:14.3242870Z       copying Cython/Distutils/extension.py -> build/lib.macosx-11.0-arm64-cpython-39/Cython/Distutils
2022-12-27T02:58:14.3243290Z       creating build/lib.macosx-11.0-arm64-cpython-39/Cython/Debugger
2022-12-27T02:58:14.3243650Z       copying Cython/Debugger/libcython.py -> build/lib.macosx-11.0-arm64-cpython-39/Cython/Debugger
2022-12-27T02:58:14.3243980Z       copying Cython/Debugger/__init__.py -> build/lib.macosx-11.0-arm64-cpython-39/Cython/Debugger
2022-12-27T02:58:14.3244350Z       copying Cython/Debugger/Cygdb.py -> build/lib.macosx-11.0-arm64-cpython-39/Cython/Debugger
2022-12-27T02:58:14.3244810Z       copying Cython/Debugger/DebugWriter.py -> build/lib.macosx-11.0-arm64-cpython-39/Cython/Debugger
2022-12-27T02:58:14.3309960Z       copying Cython/Debugger/libpython.py -> build/lib.macosx-11.0-arm64-cpython-39/Cython/Debugger
2022-12-27T02:58:14.3310430Z       creating build/lib.macosx-11.0-arm64-cpython-39/Cython/Debugger/Tests
2022-12-27T02:58:14.3310900Z       copying Cython/Debugger/Tests/test_libcython_in_gdb.py -> build/lib.macosx-11.0-arm64-cpython-39/Cython/Debugger/Tests
2022-12-27T02:58:14.3311350Z       copying Cython/Debugger/Tests/TestLibCython.py -> build/lib.macosx-11.0-arm64-cpython-39/Cython/Debugger/Tests
2022-12-27T02:58:14.3311710Z       copying Cython/Debugger/Tests/__init__.py -> build/lib.macosx-11.0-arm64-cpython-39/Cython/Debugger/Tests
2022-12-27T02:58:14.3312090Z       copying Cython/Debugger/Tests/test_libpython_in_gdb.py -> build/lib.macosx-11.0-arm64-cpython-39/Cython/Debugger/Tests
2022-12-27T02:58:14.3312420Z       creating build/lib.macosx-11.0-arm64-cpython-39/Cython/Plex
2022-12-27T02:58:14.3312710Z       copying Cython/Plex/Machines.py -> build/lib.macosx-11.0-arm64-cpython-39/Cython/Plex
2022-12-27T02:58:14.3313010Z       copying Cython/Plex/Actions.py -> build/lib.macosx-11.0-arm64-cpython-39/Cython/Plex
2022-12-27T02:58:14.3313410Z       copying Cython/Plex/__init__.py -> build/lib.macosx-11.0-arm64-cpython-39/Cython/Plex
2022-12-27T02:58:14.3313740Z       copying Cython/Plex/Timing.py -> build/lib.macosx-11.0-arm64-cpython-39/Cython/Plex
2022-12-27T02:58:14.3314280Z       copying Cython/Plex/Transitions.py -> build/lib.macosx-11.0-arm64-cpython-39/Cython/Plex
2022-12-27T02:58:14.3314660Z       copying Cython/Plex/Regexps.py -> build/lib.macosx-11.0-arm64-cpython-39/Cython/Plex
2022-12-27T02:58:14.3315050Z       copying Cython/Plex/DFA.py -> build/lib.macosx-11.0-arm64-cpython-39/Cython/Plex
2022-12-27T02:58:14.3315380Z       copying Cython/Plex/Errors.py -> build/lib.macosx-11.0-arm64-cpython-39/Cython/Plex
2022-12-27T02:58:14.3315680Z       copying Cython/Plex/Traditional.py -> build/lib.macosx-11.0-arm64-cpython-39/Cython/Plex
2022-12-27T02:58:14.3316020Z       copying Cython/Plex/Lexicons.py -> build/lib.macosx-11.0-arm64-cpython-39/Cython/Plex
2022-12-27T02:58:14.3316340Z       copying Cython/Plex/Scanners.py -> build/lib.macosx-11.0-arm64-cpython-39/Cython/Plex
2022-12-27T02:58:14.3316620Z       creating build/lib.macosx-11.0-arm64-cpython-39/Cython/Tests
2022-12-27T02:58:14.3316960Z       copying Cython/Tests/TestStringIOTree.py -> build/lib.macosx-11.0-arm64-cpython-39/Cython/Tests
2022-12-27T02:58:14.3317300Z       copying Cython/Tests/TestCodeWriter.py -> build/lib.macosx-11.0-arm64-cpython-39/Cython/Tests
2022-12-27T02:58:14.3317610Z       copying Cython/Tests/TestJediTyper.py -> build/lib.macosx-11.0-arm64-cpython-39/Cython/Tests
2022-12-27T02:58:14.3317920Z       copying Cython/Tests/xmlrunner.py -> build/lib.macosx-11.0-arm64-cpython-39/Cython/Tests
2022-12-27T02:58:14.3318260Z       copying Cython/Tests/__init__.py -> build/lib.macosx-11.0-arm64-cpython-39/Cython/Tests
2022-12-27T02:58:14.3318560Z       creating build/lib.macosx-11.0-arm64-cpython-39/Cython/Build/Tests
2022-12-27T02:58:14.3318860Z       copying Cython/Build/Tests/TestInline.py -> build/lib.macosx-11.0-arm64-cpython-39/Cython/Build/Tests
2022-12-27T02:58:14.3319210Z       copying Cython/Build/Tests/__init__.py -> build/lib.macosx-11.0-arm64-cpython-39/Cython/Build/Tests
2022-12-27T02:58:14.3319800Z       copying Cython/Build/Tests/TestIpythonMagic.py -> build/lib.macosx-11.0-arm64-cpython-39/Cython/Build/Tests
2022-12-27T02:58:14.3320310Z       copying Cython/Build/Tests/TestStripLiterals.py -> build/lib.macosx-11.0-arm64-cpython-39/Cython/Build/Tests
2022-12-27T02:58:14.3320630Z       creating build/lib.macosx-11.0-arm64-cpython-39/Cython/Compiler/Tests
2022-12-27T02:58:14.3320980Z       copying Cython/Compiler/Tests/TestGrammar.py -> build/lib.macosx-11.0-arm64-cpython-39/Cython/Compiler/Tests
2022-12-27T02:58:14.3321360Z       copying Cython/Compiler/Tests/TestCmdLine.py -> build/lib.macosx-11.0-arm64-cpython-39/Cython/Compiler/Tests
2022-12-27T02:58:14.3321790Z       copying Cython/Compiler/Tests/TestSignatureMatching.py -> build/lib.macosx-11.0-arm64-cpython-39/Cython/Compiler/Tests
2022-12-27T02:58:14.3322160Z       copying Cython/Compiler/Tests/TestTreeFragment.py -> build/lib.macosx-11.0-arm64-cpython-39/Cython/Compiler/Tests
2022-12-27T02:58:14.3322550Z       copying Cython/Compiler/Tests/TestParseTreeTransforms.py -> build/lib.macosx-11.0-arm64-cpython-39/Cython/Compiler/Tests
2022-12-27T02:58:14.3322950Z       copying Cython/Compiler/Tests/TestBuffer.py -> build/lib.macosx-11.0-arm64-cpython-39/Cython/Compiler/Tests
2022-12-27T02:58:14.3323330Z       copying Cython/Compiler/Tests/TestUtilityLoad.py -> build/lib.macosx-11.0-arm64-cpython-39/Cython/Compiler/Tests
2022-12-27T02:58:14.3323650Z       copying Cython/Compiler/Tests/TestFlowControl.py -> build/lib.macosx-11.0-arm64-cpython-39/Cython/Compiler/Tests
2022-12-27T02:58:14.3324020Z       copying Cython/Compiler/Tests/__init__.py -> build/lib.macosx-11.0-arm64-cpython-39/Cython/Compiler/Tests
2022-12-27T02:58:14.3324370Z       copying Cython/Compiler/Tests/TestTreePath.py -> build/lib.macosx-11.0-arm64-cpython-39/Cython/Compiler/Tests
2022-12-27T02:58:14.3324740Z       copying Cython/Compiler/Tests/TestTypes.py -> build/lib.macosx-11.0-arm64-cpython-39/Cython/Compiler/Tests
2022-12-27T02:58:14.3325140Z       copying Cython/Compiler/Tests/TestVisitor.py -> build/lib.macosx-11.0-arm64-cpython-39/Cython/Compiler/Tests
2022-12-27T02:58:14.3325640Z       copying Cython/Compiler/Tests/TestMemView.py -> build/lib.macosx-11.0-arm64-cpython-39/Cython/Compiler/Tests
2022-12-27T02:58:14.3325990Z       creating build/lib.macosx-11.0-arm64-cpython-39/Cython/Utility
2022-12-27T02:58:14.3326320Z       copying Cython/Utility/__init__.py -> build/lib.macosx-11.0-arm64-cpython-39/Cython/Utility
2022-12-27T02:58:14.3326600Z       creating build/lib.macosx-11.0-arm64-cpython-39/Cython/Tempita
2022-12-27T02:58:14.3326970Z       copying Cython/Tempita/__init__.py -> build/lib.macosx-11.0-arm64-cpython-39/Cython/Tempita
2022-12-27T02:58:14.3327310Z       copying Cython/Tempita/_looper.py -> build/lib.macosx-11.0-arm64-cpython-39/Cython/Tempita
2022-12-27T02:58:14.3327620Z       copying Cython/Tempita/_tempita.py -> build/lib.macosx-11.0-arm64-cpython-39/Cython/Tempita
2022-12-27T02:58:14.3327950Z       copying Cython/Tempita/compat3.py -> build/lib.macosx-11.0-arm64-cpython-39/Cython/Tempita
2022-12-27T02:58:14.3328270Z       creating build/lib.macosx-11.0-arm64-cpython-39/pyximport
2022-12-27T02:58:14.3328560Z       copying pyximport/pyximport.py -> build/lib.macosx-11.0-arm64-cpython-39/pyximport
2022-12-27T02:58:14.3328840Z       copying pyximport/__init__.py -> build/lib.macosx-11.0-arm64-cpython-39/pyximport
2022-12-27T02:58:14.3329170Z       copying pyximport/pyxbuild.py -> build/lib.macosx-11.0-arm64-cpython-39/pyximport
2022-12-27T02:58:14.3329480Z       creating build/lib.macosx-11.0-arm64-cpython-39/Cython/Includes
2022-12-27T02:58:14.3329760Z       copying Cython/Includes/openmp.pxd -> build/lib.macosx-11.0-arm64-cpython-39/Cython/Includes
2022-12-27T02:58:14.3330080Z       creating build/lib.macosx-11.0-arm64-cpython-39/Cython/Includes/posix
2022-12-27T02:58:14.3330410Z       copying Cython/Includes/posix/types.pxd -> build/lib.macosx-11.0-arm64-cpython-39/Cython/Includes/posix
2022-12-27T02:58:14.3330930Z       copying Cython/Includes/posix/select.pxd -> build/lib.macosx-11.0-arm64-cpython-39/Cython/Includes/posix
2022-12-27T02:58:14.3331270Z       copying Cython/Includes/posix/resource.pxd -> build/lib.macosx-11.0-arm64-cpython-39/Cython/Includes/posix
2022-12-27T02:58:14.3331650Z       copying Cython/Includes/posix/wait.pxd -> build/lib.macosx-11.0-arm64-cpython-39/Cython/Includes/posix
2022-12-27T02:58:14.3332010Z       copying Cython/Includes/posix/stat.pxd -> build/lib.macosx-11.0-arm64-cpython-39/Cython/Includes/posix
2022-12-27T02:58:14.3332360Z       copying Cython/Includes/posix/dlfcn.pxd -> build/lib.macosx-11.0-arm64-cpython-39/Cython/Includes/posix
2022-12-27T02:58:14.3332690Z       copying Cython/Includes/posix/__init__.pxd -> build/lib.macosx-11.0-arm64-cpython-39/Cython/Includes/posix
2022-12-27T02:58:14.3333050Z       copying Cython/Includes/posix/strings.pxd -> build/lib.macosx-11.0-arm64-cpython-39/Cython/Includes/posix
2022-12-27T02:58:14.3333400Z       copying Cython/Includes/posix/stdio.pxd -> build/lib.macosx-11.0-arm64-cpython-39/Cython/Includes/posix
2022-12-27T02:58:14.3333750Z       copying Cython/Includes/posix/stdlib.pxd -> build/lib.macosx-11.0-arm64-cpython-39/Cython/Includes/posix
2022-12-27T02:58:14.3334070Z       copying Cython/Includes/posix/mman.pxd -> build/lib.macosx-11.0-arm64-cpython-39/Cython/Includes/posix
2022-12-27T02:58:14.3334390Z       copying Cython/Includes/posix/ioctl.pxd -> build/lib.macosx-11.0-arm64-cpython-39/Cython/Includes/posix
2022-12-27T02:58:14.3334690Z       copying Cython/Includes/posix/signal.pxd -> build/lib.macosx-11.0-arm64-cpython-39/Cython/Includes/posix
2022-12-27T02:58:14.3335020Z       copying Cython/Includes/posix/fcntl.pxd -> build/lib.macosx-11.0-arm64-cpython-39/Cython/Includes/posix
2022-12-27T02:58:14.3335310Z       copying Cython/Includes/posix/unistd.pxd -> build/lib.macosx-11.0-arm64-cpython-39/Cython/Includes/posix
2022-12-27T02:58:14.3335640Z       copying Cython/Includes/posix/time.pxd -> build/lib.macosx-11.0-arm64-cpython-39/Cython/Includes/posix
2022-12-27T02:58:14.3335950Z       creating build/lib.macosx-11.0-arm64-cpython-39/Cython/Includes/libc
2022-12-27T02:58:14.3336390Z       copying Cython/Includes/libc/locale.pxd -> build/lib.macosx-11.0-arm64-cpython-39/Cython/Includes/libc
2022-12-27T02:58:14.3336760Z       copying Cython/Includes/libc/__init__.pxd -> build/lib.macosx-11.0-arm64-cpython-39/Cython/Includes/libc
2022-12-27T02:58:14.3337110Z       copying Cython/Includes/libc/math.pxd -> build/lib.macosx-11.0-arm64-cpython-39/Cython/Includes/libc
2022-12-27T02:58:14.3337450Z       copying Cython/Includes/libc/limits.pxd -> build/lib.macosx-11.0-arm64-cpython-39/Cython/Includes/libc
2022-12-27T02:58:14.3337780Z       copying Cython/Includes/libc/setjmp.pxd -> build/lib.macosx-11.0-arm64-cpython-39/Cython/Includes/libc
2022-12-27T02:58:14.3338120Z       copying Cython/Includes/libc/string.pxd -> build/lib.macosx-11.0-arm64-cpython-39/Cython/Includes/libc
2022-12-27T02:58:14.3338460Z       copying Cython/Includes/libc/stdint.pxd -> build/lib.macosx-11.0-arm64-cpython-39/Cython/Includes/libc
2022-12-27T02:58:14.3338800Z       copying Cython/Includes/libc/stdio.pxd -> build/lib.macosx-11.0-arm64-cpython-39/Cython/Includes/libc
2022-12-27T02:58:14.3339130Z       copying Cython/Includes/libc/stdlib.pxd -> build/lib.macosx-11.0-arm64-cpython-39/Cython/Includes/libc
2022-12-27T02:58:14.3339480Z       copying Cython/Includes/libc/float.pxd -> build/lib.macosx-11.0-arm64-cpython-39/Cython/Includes/libc
2022-12-27T02:58:14.3339830Z       copying Cython/Includes/libc/signal.pxd -> build/lib.macosx-11.0-arm64-cpython-39/Cython/Includes/libc
2022-12-27T02:58:14.3340230Z       copying Cython/Includes/libc/stddef.pxd -> build/lib.macosx-11.0-arm64-cpython-39/Cython/Includes/libc
2022-12-27T02:58:14.3340540Z       copying Cython/Includes/libc/errno.pxd -> build/lib.macosx-11.0-arm64-cpython-39/Cython/Includes/libc
2022-12-27T02:58:14.3340920Z       copying Cython/Includes/libc/time.pxd -> build/lib.macosx-11.0-arm64-cpython-39/Cython/Includes/libc
2022-12-27T02:58:14.3341400Z       creating build/lib.macosx-11.0-arm64-cpython-39/Cython/Includes/numpy
2022-12-27T02:58:14.3341750Z       copying Cython/Includes/numpy/__init__.pxd -> build/lib.macosx-11.0-arm64-cpython-39/Cython/Includes/numpy
2022-12-27T02:58:14.3342080Z       copying Cython/Includes/numpy/math.pxd -> build/lib.macosx-11.0-arm64-cpython-39/Cython/Includes/numpy
2022-12-27T02:58:14.3342410Z       creating build/lib.macosx-11.0-arm64-cpython-39/Cython/Includes/cpython
2022-12-27T02:58:14.3342760Z       copying Cython/Includes/cpython/ref.pxd -> build/lib.macosx-11.0-arm64-cpython-39/Cython/Includes/cpython
2022-12-27T02:58:14.3343100Z       copying Cython/Includes/cpython/long.pxd -> build/lib.macosx-11.0-arm64-cpython-39/Cython/Includes/cpython
2022-12-27T02:58:14.3343470Z       copying Cython/Includes/cpython/iterator.pxd -> build/lib.macosx-11.0-arm64-cpython-39/Cython/Includes/cpython
2022-12-27T02:58:14.3343810Z       copying Cython/Includes/cpython/weakref.pxd -> build/lib.macosx-11.0-arm64-cpython-39/Cython/Includes/cpython
2022-12-27T02:58:14.3344180Z       copying Cython/Includes/cpython/cobject.pxd -> build/lib.macosx-11.0-arm64-cpython-39/Cython/Includes/cpython
2022-12-27T02:58:14.3344510Z       copying Cython/Includes/cpython/set.pxd -> build/lib.macosx-11.0-arm64-cpython-39/Cython/Includes/cpython
2022-12-27T02:58:14.3344850Z       copying Cython/Includes/cpython/__init__.pxd -> build/lib.macosx-11.0-arm64-cpython-39/Cython/Includes/cpython
2022-12-27T02:58:14.3345210Z       copying Cython/Includes/cpython/object.pxd -> build/lib.macosx-11.0-arm64-cpython-39/Cython/Includes/cpython
2022-12-27T02:58:14.3345580Z       copying Cython/Includes/cpython/slice.pxd -> build/lib.macosx-11.0-arm64-cpython-39/Cython/Includes/cpython
2022-12-27T02:58:14.3345930Z       copying Cython/Includes/cpython/getargs.pxd -> build/lib.macosx-11.0-arm64-cpython-39/Cython/Includes/cpython
2022-12-27T02:58:14.3346290Z       copying Cython/Includes/cpython/module.pxd -> build/lib.macosx-11.0-arm64-cpython-39/Cython/Includes/cpython
2022-12-27T02:58:14.3346770Z       copying Cython/Includes/cpython/version.pxd -> build/lib.macosx-11.0-arm64-cpython-39/Cython/Includes/cpython
2022-12-27T02:58:14.3347120Z       copying Cython/Includes/cpython/buffer.pxd -> build/lib.macosx-11.0-arm64-cpython-39/Cython/Includes/cpython
2022-12-27T02:58:14.3347440Z       copying Cython/Includes/cpython/bytes.pxd -> build/lib.macosx-11.0-arm64-cpython-39/Cython/Includes/cpython
2022-12-27T02:58:14.3347810Z       copying Cython/Includes/cpython/exc.pxd -> build/lib.macosx-11.0-arm64-cpython-39/Cython/Includes/cpython
2022-12-27T02:58:14.3348180Z       copying Cython/Includes/cpython/int.pxd -> build/lib.macosx-11.0-arm64-cpython-39/Cython/Includes/cpython
2022-12-27T02:58:14.3348550Z       copying Cython/Includes/cpython/mapping.pxd -> build/lib.macosx-11.0-arm64-cpython-39/Cython/Includes/cpython
2022-12-27T02:58:14.3348910Z       copying Cython/Includes/cpython/string.pxd -> build/lib.macosx-11.0-arm64-cpython-39/Cython/Includes/cpython
2022-12-27T02:58:14.3349280Z       copying Cython/Includes/cpython/dict.pxd -> build/lib.macosx-11.0-arm64-cpython-39/Cython/Includes/cpython
2022-12-27T02:58:14.3349610Z       copying Cython/Includes/cpython/float.pxd -> build/lib.macosx-11.0-arm64-cpython-39/Cython/Includes/cpython
2022-12-27T02:58:14.3349990Z       copying Cython/Includes/cpython/complex.pxd -> build/lib.macosx-11.0-arm64-cpython-39/Cython/Includes/cpython
2022-12-27T02:58:14.3350320Z       copying Cython/Includes/cpython/array.pxd -> build/lib.macosx-11.0-arm64-cpython-39/Cython/Includes/cpython
2022-12-27T02:58:14.3350690Z       copying Cython/Includes/cpython/function.pxd -> build/lib.macosx-11.0-arm64-cpython-39/Cython/Includes/cpython
2022-12-27T02:58:14.3351020Z       copying Cython/Includes/cpython/sequence.pxd -> build/lib.macosx-11.0-arm64-cpython-39/Cython/Includes/cpython
2022-12-27T02:58:14.3351390Z       copying Cython/Includes/cpython/method.pxd -> build/lib.macosx-11.0-arm64-cpython-39/Cython/Includes/cpython
2022-12-27T02:58:14.3351900Z       copying Cython/Includes/cpython/oldbuffer.pxd -> build/lib.macosx-11.0-arm64-cpython-39/Cython/Includes/cpython
2022-12-27T02:58:14.3352280Z       copying Cython/Includes/cpython/longintrepr.pxd -> build/lib.macosx-11.0-arm64-cpython-39/Cython/Includes/cpython
2022-12-27T02:58:14.3352630Z       copying Cython/Includes/cpython/pycapsule.pxd -> build/lib.macosx-11.0-arm64-cpython-39/Cython/Includes/cpython
2022-12-27T02:58:14.3352990Z       copying Cython/Includes/cpython/tuple.pxd -> build/lib.macosx-11.0-arm64-cpython-39/Cython/Includes/cpython
2022-12-27T02:58:14.3353360Z       copying Cython/Includes/cpython/list.pxd -> build/lib.macosx-11.0-arm64-cpython-39/Cython/Includes/cpython
2022-12-27T02:58:14.3353710Z       copying Cython/Includes/cpython/pystate.pxd -> build/lib.macosx-11.0-arm64-cpython-39/Cython/Includes/cpython
2022-12-27T02:58:14.3354040Z       copying Cython/Includes/cpython/mem.pxd -> build/lib.macosx-11.0-arm64-cpython-39/Cython/Includes/cpython
2022-12-27T02:58:14.3354420Z       copying Cython/Includes/cpython/datetime.pxd -> build/lib.macosx-11.0-arm64-cpython-39/Cython/Includes/cpython
2022-12-27T02:58:14.3354790Z       copying Cython/Includes/cpython/pythread.pxd -> build/lib.macosx-11.0-arm64-cpython-39/Cython/Includes/cpython
2022-12-27T02:58:14.3355140Z       copying Cython/Includes/cpython/instance.pxd -> build/lib.macosx-11.0-arm64-cpython-39/Cython/Includes/cpython
2022-12-27T02:58:14.3355450Z       copying Cython/Includes/cpython/unicode.pxd -> build/lib.macosx-11.0-arm64-cpython-39/Cython/Includes/cpython
2022-12-27T02:58:14.3355850Z       copying Cython/Includes/cpython/number.pxd -> build/lib.macosx-11.0-arm64-cpython-39/Cython/Includes/cpython
2022-12-27T02:58:14.3356220Z       copying Cython/Includes/cpython/type.pxd -> build/lib.macosx-11.0-arm64-cpython-39/Cython/Includes/cpython
2022-12-27T02:58:14.3356550Z       copying Cython/Includes/cpython/bool.pxd -> build/lib.macosx-11.0-arm64-cpython-39/Cython/Includes/cpython
2022-12-27T02:58:14.3356880Z       creating build/lib.macosx-11.0-arm64-cpython-39/Cython/Includes/libcpp
2022-12-27T02:58:14.3357350Z       copying Cython/Includes/libcpp/unordered_set.pxd -> build/lib.macosx-11.0-arm64-cpython-39/Cython/Includes/libcpp
2022-12-27T02:58:14.3357810Z       copying Cython/Includes/libcpp/memory.pxd -> build/lib.macosx-11.0-arm64-cpython-39/Cython/Includes/libcpp
2022-12-27T02:58:14.3358150Z       copying Cython/Includes/libcpp/iterator.pxd -> build/lib.macosx-11.0-arm64-cpython-39/Cython/Includes/libcpp
2022-12-27T02:58:14.3358530Z       copying Cython/Includes/libcpp/set.pxd -> build/lib.macosx-11.0-arm64-cpython-39/Cython/Includes/libcpp
2022-12-27T02:58:14.3358900Z       copying Cython/Includes/libcpp/__init__.pxd -> build/lib.macosx-11.0-arm64-cpython-39/Cython/Includes/libcpp
2022-12-27T02:58:14.3359300Z       copying Cython/Includes/libcpp/limits.pxd -> build/lib.macosx-11.0-arm64-cpython-39/Cython/Includes/libcpp
2022-12-27T02:58:14.3359640Z       copying Cython/Includes/libcpp/deque.pxd -> build/lib.macosx-11.0-arm64-cpython-39/Cython/Includes/libcpp
2022-12-27T02:58:14.3360060Z       copying Cython/Includes/libcpp/stack.pxd -> build/lib.macosx-11.0-arm64-cpython-39/Cython/Includes/libcpp
2022-12-27T02:58:14.3360430Z       copying Cython/Includes/libcpp/string.pxd -> build/lib.macosx-11.0-arm64-cpython-39/Cython/Includes/libcpp
2022-12-27T02:58:14.3360790Z       copying Cython/Includes/libcpp/typeindex.pxd -> build/lib.macosx-11.0-arm64-cpython-39/Cython/Includes/libcpp
2022-12-27T02:58:14.3361140Z       copying Cython/Includes/libcpp/map.pxd -> build/lib.macosx-11.0-arm64-cpython-39/Cython/Includes/libcpp
2022-12-27T02:58:14.3361480Z       copying Cython/Includes/libcpp/complex.pxd -> build/lib.macosx-11.0-arm64-cpython-39/Cython/Includes/libcpp
2022-12-27T02:58:14.3361840Z       copying Cython/Includes/libcpp/vector.pxd -> build/lib.macosx-11.0-arm64-cpython-39/Cython/Includes/libcpp
2022-12-27T02:58:14.3362170Z       copying Cython/Includes/libcpp/functional.pxd -> build/lib.macosx-11.0-arm64-cpython-39/Cython/Includes/libcpp
2022-12-27T02:58:14.3362640Z       copying Cython/Includes/libcpp/algorithm.pxd -> build/lib.macosx-11.0-arm64-cpython-39/Cython/Includes/libcpp
2022-12-27T02:58:14.3362970Z       copying Cython/Includes/libcpp/list.pxd -> build/lib.macosx-11.0-arm64-cpython-39/Cython/Includes/libcpp
2022-12-27T02:58:14.3363290Z       copying Cython/Includes/libcpp/queue.pxd -> build/lib.macosx-11.0-arm64-cpython-39/Cython/Includes/libcpp
2022-12-27T02:58:14.3363660Z       copying Cython/Includes/libcpp/unordered_map.pxd -> build/lib.macosx-11.0-arm64-cpython-39/Cython/Includes/libcpp
2022-12-27T02:58:14.3363990Z       copying Cython/Includes/libcpp/cast.pxd -> build/lib.macosx-11.0-arm64-cpython-39/Cython/Includes/libcpp
2022-12-27T02:58:14.3364370Z       copying Cython/Includes/libcpp/typeinfo.pxd -> build/lib.macosx-11.0-arm64-cpython-39/Cython/Includes/libcpp
2022-12-27T02:58:14.3364730Z       copying Cython/Includes/libcpp/pair.pxd -> build/lib.macosx-11.0-arm64-cpython-39/Cython/Includes/libcpp
2022-12-27T02:58:14.3365110Z       copying Cython/Includes/libcpp/utility.pxd -> build/lib.macosx-11.0-arm64-cpython-39/Cython/Includes/libcpp
2022-12-27T02:58:14.3365410Z       creating build/lib.macosx-11.0-arm64-cpython-39/Cython/Includes/Deprecated
2022-12-27T02:58:14.3365750Z       copying Cython/Includes/Deprecated/python_number.pxd -> build/lib.macosx-11.0-arm64-cpython-39/Cython/Includes/Deprecated
2022-12-27T02:58:14.3366090Z       copying Cython/Includes/Deprecated/python_unicode.pxd -> build/lib.macosx-11.0-arm64-cpython-39/Cython/Includes/Deprecated
2022-12-27T02:58:14.3366420Z       copying Cython/Includes/Deprecated/python_dict.pxd -> build/lib.macosx-11.0-arm64-cpython-39/Cython/Includes/Deprecated
2022-12-27T02:58:14.3366740Z       copying Cython/Includes/Deprecated/python_mem.pxd -> build/lib.macosx-11.0-arm64-cpython-39/Cython/Includes/Deprecated
2022-12-27T02:58:14.3367070Z       copying Cython/Includes/Deprecated/stl.pxd -> build/lib.macosx-11.0-arm64-cpython-39/Cython/Includes/Deprecated
2022-12-27T02:58:14.3367390Z       copying Cython/Includes/Deprecated/python2.5.pxd -> build/lib.macosx-11.0-arm64-cpython-39/Cython/Includes/Deprecated
2022-12-27T02:58:14.3367840Z       copying Cython/Includes/Deprecated/python_method.pxd -> build/lib.macosx-11.0-arm64-cpython-39/Cython/Includes/Deprecated
2022-12-27T02:58:14.3368200Z       copying Cython/Includes/Deprecated/python_pycapsule.pxd -> build/lib.macosx-11.0-arm64-cpython-39/Cython/Includes/Deprecated
2022-12-27T02:58:14.3368540Z       copying Cython/Includes/Deprecated/python_oldbuffer.pxd -> build/lib.macosx-11.0-arm64-cpython-39/Cython/Includes/Deprecated
2022-12-27T02:58:14.3368870Z       copying Cython/Includes/Deprecated/python_complex.pxd -> build/lib.macosx-11.0-arm64-cpython-39/Cython/Includes/Deprecated
2022-12-27T02:58:14.3369210Z       copying Cython/Includes/Deprecated/python_bytes.pxd -> build/lib.macosx-11.0-arm64-cpython-39/Cython/Includes/Deprecated
2022-12-27T02:58:14.3369540Z       copying Cython/Includes/Deprecated/python_iterator.pxd -> build/lib.macosx-11.0-arm64-cpython-39/Cython/Includes/Deprecated
2022-12-27T02:58:14.3369870Z       copying Cython/Includes/Deprecated/python_long.pxd -> build/lib.macosx-11.0-arm64-cpython-39/Cython/Includes/Deprecated
2022-12-27T02:58:14.3370190Z       copying Cython/Includes/Deprecated/stdio.pxd -> build/lib.macosx-11.0-arm64-cpython-39/Cython/Includes/Deprecated
2022-12-27T02:58:14.3370510Z       copying Cython/Includes/Deprecated/stdlib.pxd -> build/lib.macosx-11.0-arm64-cpython-39/Cython/Includes/Deprecated
2022-12-27T02:58:14.3370830Z       copying Cython/Includes/Deprecated/python_float.pxd -> build/lib.macosx-11.0-arm64-cpython-39/Cython/Includes/Deprecated
2022-12-27T02:58:14.3371160Z       copying Cython/Includes/Deprecated/python_buffer.pxd -> build/lib.macosx-11.0-arm64-cpython-39/Cython/Includes/Deprecated
2022-12-27T02:58:14.3371490Z       copying Cython/Includes/Deprecated/python_mapping.pxd -> build/lib.macosx-11.0-arm64-cpython-39/Cython/Includes/Deprecated
2022-12-27T02:58:14.3371960Z       copying Cython/Includes/Deprecated/python_instance.pxd -> build/lib.macosx-11.0-arm64-cpython-39/Cython/Includes/Deprecated
2022-12-27T02:58:14.3372290Z       copying Cython/Includes/Deprecated/python_int.pxd -> build/lib.macosx-11.0-arm64-cpython-39/Cython/Includes/Deprecated
2022-12-27T02:58:14.3372600Z       copying Cython/Includes/Deprecated/python_exc.pxd -> build/lib.macosx-11.0-arm64-cpython-39/Cython/Includes/Deprecated
2022-12-27T02:58:14.3372930Z       copying Cython/Includes/Deprecated/python_string.pxd -> build/lib.macosx-11.0-arm64-cpython-39/Cython/Includes/Deprecated
2022-12-27T02:58:14.3373250Z       copying Cython/Includes/Deprecated/python_object.pxd -> build/lib.macosx-11.0-arm64-cpython-39/Cython/Includes/Deprecated
2022-12-27T02:58:14.3373570Z       copying Cython/Includes/Deprecated/python_bool.pxd -> build/lib.macosx-11.0-arm64-cpython-39/Cython/Includes/Deprecated
2022-12-27T02:58:14.3373890Z       copying Cython/Includes/Deprecated/python_module.pxd -> build/lib.macosx-11.0-arm64-cpython-39/Cython/Includes/Deprecated
2022-12-27T02:58:14.3374210Z       copying Cython/Includes/Deprecated/python_set.pxd -> build/lib.macosx-11.0-arm64-cpython-39/Cython/Includes/Deprecated
2022-12-27T02:58:14.3374540Z       copying Cython/Includes/Deprecated/python_getargs.pxd -> build/lib.macosx-11.0-arm64-cpython-39/Cython/Includes/Deprecated
2022-12-27T02:58:14.3374860Z       copying Cython/Includes/Deprecated/python_type.pxd -> build/lib.macosx-11.0-arm64-cpython-39/Cython/Includes/Deprecated
2022-12-27T02:58:14.3375240Z       copying Cython/Includes/Deprecated/python_version.pxd -> build/lib.macosx-11.0-arm64-cpython-39/Cython/Includes/Deprecated
2022-12-27T02:58:14.3375620Z       copying Cython/Includes/Deprecated/python_tuple.pxd -> build/lib.macosx-11.0-arm64-cpython-39/Cython/Includes/Deprecated
2022-12-27T02:58:14.3375960Z       copying Cython/Includes/Deprecated/python_weakref.pxd -> build/lib.macosx-11.0-arm64-cpython-39/Cython/Includes/Deprecated
2022-12-27T02:58:14.3376280Z       copying Cython/Includes/Deprecated/python_ref.pxd -> build/lib.macosx-11.0-arm64-cpython-39/Cython/Includes/Deprecated
2022-12-27T02:58:14.3376710Z       copying Cython/Includes/Deprecated/python_cobject.pxd -> build/lib.macosx-11.0-arm64-cpython-39/Cython/Includes/Deprecated
2022-12-27T02:58:14.3377060Z       copying Cython/Includes/Deprecated/python_function.pxd -> build/lib.macosx-11.0-arm64-cpython-39/Cython/Includes/Deprecated
2022-12-27T02:58:14.3377390Z       copying Cython/Includes/Deprecated/python_sequence.pxd -> build/lib.macosx-11.0-arm64-cpython-39/Cython/Includes/Deprecated
2022-12-27T02:58:14.3377710Z       copying Cython/Includes/Deprecated/python.pxd -> build/lib.macosx-11.0-arm64-cpython-39/Cython/Includes/Deprecated
2022-12-27T02:58:14.3378030Z       copying Cython/Includes/Deprecated/python_list.pxd -> build/lib.macosx-11.0-arm64-cpython-39/Cython/Includes/Deprecated
2022-12-27T02:58:14.3378340Z       copying Cython/Compiler/ParseTreeTransforms.pxd -> build/lib.macosx-11.0-arm64-cpython-39/Cython/Compiler
2022-12-27T02:58:14.3378640Z       copying Cython/Compiler/Scanning.pxd -> build/lib.macosx-11.0-arm64-cpython-39/Cython/Compiler
2022-12-27T02:58:14.3378930Z       copying Cython/Compiler/Parsing.pxd -> build/lib.macosx-11.0-arm64-cpython-39/Cython/Compiler
2022-12-27T02:58:14.3379210Z       copying Cython/Compiler/FlowControl.pxd -> build/lib.macosx-11.0-arm64-cpython-39/Cython/Compiler
2022-12-27T02:58:14.3379490Z       copying Cython/Compiler/Code.pxd -> build/lib.macosx-11.0-arm64-cpython-39/Cython/Compiler
2022-12-27T02:58:14.3379770Z       copying Cython/Compiler/Visitor.pxd -> build/lib.macosx-11.0-arm64-cpython-39/Cython/Compiler
2022-12-27T02:58:14.3380300Z       copying Cython/Runtime/refnanny.pyx -> build/lib.macosx-11.0-arm64-cpython-39/Cython/Runtime
2022-12-27T02:58:14.3380640Z       copying Cython/Debugger/Tests/codefile -> build/lib.macosx-11.0-arm64-cpython-39/Cython/Debugger/Tests
2022-12-27T02:58:14.3380940Z       copying Cython/Debugger/Tests/cfuncs.c -> build/lib.macosx-11.0-arm64-cpython-39/Cython/Debugger/Tests
2022-12-27T02:58:14.3381420Z       copying Cython/Plex/Scanners.pxd -> build/lib.macosx-11.0-arm64-cpython-39/Cython/Plex
2022-12-27T02:58:14.3381680Z       copying Cython/Plex/Actions.pxd -> build/lib.macosx-11.0-arm64-cpython-39/Cython/Plex
2022-12-27T02:58:14.3381970Z       copying Cython/Utility/CpdefEnums.pyx -> build/lib.macosx-11.0-arm64-cpython-39/Cython/Utility
2022-12-27T02:58:14.3382270Z       copying Cython/Utility/TestCyUtilityLoader.pyx -> build/lib.macosx-11.0-arm64-cpython-39/Cython/Utility
2022-12-27T02:58:14.3382570Z       copying Cython/Utility/CppConvert.pyx -> build/lib.macosx-11.0-arm64-cpython-39/Cython/Utility
2022-12-27T02:58:14.3382850Z       copying Cython/Utility/TestCythonScope.pyx -> build/lib.macosx-11.0-arm64-cpython-39/Cython/Utility
2022-12-27T02:58:14.3383140Z       copying Cython/Utility/MemoryView.pyx -> build/lib.macosx-11.0-arm64-cpython-39/Cython/Utility
2022-12-27T02:58:14.3383420Z       copying Cython/Utility/CConvert.pyx -> build/lib.macosx-11.0-arm64-cpython-39/Cython/Utility
2022-12-27T02:58:14.3383700Z       copying Cython/Utility/ObjectHandling.c -> build/lib.macosx-11.0-arm64-cpython-39/Cython/Utility
2022-12-27T02:58:14.3383980Z       copying Cython/Utility/Buffer.c -> build/lib.macosx-11.0-arm64-cpython-39/Cython/Utility
2022-12-27T02:58:14.3384250Z       copying Cython/Utility/Builtins.c -> build/lib.macosx-11.0-arm64-cpython-39/Cython/Utility
2022-12-27T02:58:14.3384510Z       copying Cython/Utility/Overflow.c -> build/lib.macosx-11.0-arm64-cpython-39/Cython/Utility
2022-12-27T02:58:14.3384780Z       copying Cython/Utility/Capsule.c -> build/lib.macosx-11.0-arm64-cpython-39/Cython/Utility
2022-12-27T02:58:14.3385070Z       copying Cython/Utility/FunctionArguments.c -> build/lib.macosx-11.0-arm64-cpython-39/Cython/Utility
2022-12-27T02:58:14.3385360Z       copying Cython/Utility/TestUtilityLoader.c -> build/lib.macosx-11.0-arm64-cpython-39/Cython/Utility
2022-12-27T02:58:14.3385650Z       copying Cython/Utility/MemoryView_C.c -> build/lib.macosx-11.0-arm64-cpython-39/Cython/Utility
2022-12-27T02:58:14.3386050Z       copying Cython/Utility/Printing.c -> build/lib.macosx-11.0-arm64-cpython-39/Cython/Utility
2022-12-27T02:58:14.3386370Z       copying Cython/Utility/CythonFunction.c -> build/lib.macosx-11.0-arm64-cpython-39/Cython/Utility
2022-12-27T02:58:14.3386650Z       copying Cython/Utility/Complex.c -> build/lib.macosx-11.0-arm64-cpython-39/Cython/Utility
2022-12-27T02:58:14.3386920Z       copying Cython/Utility/StringTools.c -> build/lib.macosx-11.0-arm64-cpython-39/Cython/Utility
2022-12-27T02:58:14.3387200Z       copying Cython/Utility/ImportExport.c -> build/lib.macosx-11.0-arm64-cpython-39/Cython/Utility
2022-12-27T02:58:14.3387480Z       copying Cython/Utility/CMath.c -> build/lib.macosx-11.0-arm64-cpython-39/Cython/Utility
2022-12-27T02:58:14.3387760Z       copying Cython/Utility/CommonStructures.c -> build/lib.macosx-11.0-arm64-cpython-39/Cython/Utility
2022-12-27T02:58:14.3388030Z       copying Cython/Utility/Embed.c -> build/lib.macosx-11.0-arm64-cpython-39/Cython/Utility
2022-12-27T02:58:14.3388320Z       copying Cython/Utility/ExtensionTypes.c -> build/lib.macosx-11.0-arm64-cpython-39/Cython/Utility
2022-12-27T02:58:14.3388590Z       copying Cython/Utility/Optimize.c -> build/lib.macosx-11.0-arm64-cpython-39/Cython/Utility
2022-12-27T02:58:14.3388880Z       copying Cython/Utility/ModuleSetupCode.c -> build/lib.macosx-11.0-arm64-cpython-39/Cython/Utility
2022-12-27T02:58:14.3389150Z       copying Cython/Utility/Profile.c -> build/lib.macosx-11.0-arm64-cpython-39/Cython/Utility
2022-12-27T02:58:14.3389420Z       copying Cython/Utility/Exceptions.c -> build/lib.macosx-11.0-arm64-cpython-39/Cython/Utility
2022-12-27T02:58:14.3389700Z       copying Cython/Utility/AsyncGen.c -> build/lib.macosx-11.0-arm64-cpython-39/Cython/Utility
2022-12-27T02:58:14.3389980Z       copying Cython/Utility/TypeConversion.c -> build/lib.macosx-11.0-arm64-cpython-39/Cython/Utility
2022-12-27T02:58:14.3390250Z       copying Cython/Utility/Coroutine.c -> build/lib.macosx-11.0-arm64-cpython-39/Cython/Utility
2022-12-27T02:58:14.3390680Z       copying Cython/Utility/arrayarray.h -> build/lib.macosx-11.0-arm64-cpython-39/Cython/Utility
2022-12-27T02:58:14.3390960Z       copying Cython/Utility/CppSupport.cpp -> build/lib.macosx-11.0-arm64-cpython-39/Cython/Utility
2022-12-27T02:58:14.3391130Z       running build_ext
2022-12-27T02:58:14.3391310Z       building 'Cython.Plex.Scanners' extension
2022-12-27T02:58:14.3391520Z       creating build/temp.macosx-11.0-arm64-cpython-39
2022-12-27T02:58:14.3391750Z       creating build/temp.macosx-11.0-arm64-cpython-39/private
2022-12-27T02:58:14.3391970Z       creating build/temp.macosx-11.0-arm64-cpython-39/private/var
2022-12-27T02:58:14.3392210Z       creating build/temp.macosx-11.0-arm64-cpython-39/private/var/folders
2022-12-27T02:58:14.3392460Z       creating build/temp.macosx-11.0-arm64-cpython-39/private/var/folders/51
2022-12-27T02:58:14.3392750Z       creating build/temp.macosx-11.0-arm64-cpython-39/private/var/folders/51/hd414ycd67n82196sw51xqtc0000gn
2022-12-27T02:58:14.3393060Z       creating build/temp.macosx-11.0-arm64-cpython-39/private/var/folders/51/hd414ycd67n82196sw51xqtc0000gn/T
2022-12-27T02:58:14.3393400Z       creating build/temp.macosx-11.0-arm64-cpython-39/private/var/folders/51/hd414ycd67n82196sw51xqtc0000gn/T/pip-install-r7_4ars_
2022-12-27T02:58:14.3393790Z       creating build/temp.macosx-11.0-arm64-cpython-39/private/var/folders/51/hd414ycd67n82196sw51xqtc0000gn/T/pip-install-r7_4ars_/cython_cc7e276b81644ad79f856394fe005c8d
2022-12-27T02:58:14.3394190Z       creating build/temp.macosx-11.0-arm64-cpython-39/private/var/folders/51/hd414ycd67n82196sw51xqtc0000gn/T/pip-install-r7_4ars_/cython_cc7e276b81644ad79f856394fe005c8d/Cython
2022-12-27T02:58:14.3394600Z       creating build/temp.macosx-11.0-arm64-cpython-39/private/var/folders/51/hd414ycd67n82196sw51xqtc0000gn/T/pip-install-r7_4ars_/cython_cc7e276b81644ad79f856394fe005c8d/Cython/Plex
2022-12-27T02:58:14.3395730Z       gcc -Wno-unused-result -Wsign-compare -Wunreachable-code -fno-common -dynamic -DNDEBUG -g -fwrapv -O3 -Wall -g -I/usr/local/opt/openssl@3/include -I/usr/local/opt/openssl@3/include -arch arm64 -I/private/var/folders/51/hd414ycd67n82196sw51xqtc0000gn/T/cibw-run-8eyqiq8l/cp39-macosx_arm64/build/venv/include -I/Library/Frameworks/Python.framework/Versions/3.9/include/python3.9 -c /private/var/folders/51/hd414ycd67n82196sw51xqtc0000gn/T/pip-install-r7_4ars_/cython_cc7e276b81644ad79f856394fe005c8d/Cython/Plex/Scanners.c -o build/temp.macosx-11.0-arm64-cpython-39/private/var/folders/51/hd414ycd67n82196sw51xqtc0000gn/T/pip-install-r7_4ars_/cython_cc7e276b81644ad79f856394fe005c8d/Cython/Plex/Scanners.o
2022-12-27T02:58:14.3396580Z       /private/var/folders/51/hd414ycd67n82196sw51xqtc0000gn/T/pip-install-r7_4ars_/cython_cc7e276b81644ad79f856394fe005c8d/Cython/Plex/Scanners.c:3495:51: warning: '_PyUnicode_get_wstr_length' is deprecated [-Wdeprecated-declarations]
2022-12-27T02:58:14.3396860Z                 __pyx_t_8 = (__pyx_v_data != Py_None)&&(__Pyx_PyUnicode_IS_TRUE(__pyx_v_data) != 0);
2022-12-27T02:58:14.3397020Z                                                         ^
2022-12-27T02:58:14.3397360Z       /private/var/folders/51/hd414ycd67n82196sw51xqtc0000gn/T/pip-install-r7_4ars_/cython_cc7e276b81644ad79f856394fe005c8d/Cython/Plex/Scanners.c:422:108: note: expanded from macro '__Pyx_PyUnicode_IS_TRUE'
2022-12-27T02:58:14.3397650Z         #define __Pyx_PyUnicode_IS_TRUE(u)      (0 != (likely(PyUnicode_IS_READY(u)) ? PyUnicode_GET_LENGTH(u) : PyUnicode_GET_SIZE(u)))
2022-12-27T02:58:14.3397850Z                                                                                                                  ^
2022-12-27T02:58:14.3398160Z       /Library/Frameworks/Python.framework/Versions/3.9/include/python3.9/cpython/unicodeobject.h:261:7: note: expanded from macro 'PyUnicode_GET_SIZE'
2022-12-27T02:58:14.3398380Z             PyUnicode_WSTR_LENGTH(op) :                    \
2022-12-27T02:58:14.3398500Z             ^
2022-12-27T02:58:14.3398920Z       /Library/Frameworks/Python.framework/Versions/3.9/include/python3.9/cpython/unicodeobject.h:451:35: note: expanded from macro 'PyUnicode_WSTR_LENGTH'
2022-12-27T02:58:14.3399160Z       #define PyUnicode_WSTR_LENGTH(op) _PyUnicode_get_wstr_length((PyObject*)op)
2022-12-27T02:58:14.3399310Z                                         ^
2022-12-27T02:58:14.3399620Z       /Library/Frameworks/Python.framework/Versions/3.9/include/python3.9/cpython/unicodeobject.h:445:1: note: '_PyUnicode_get_wstr_length' has been explicitly marked deprecated here
2022-12-27T02:58:14.3399850Z       Py_DEPRECATED(3.3)
2022-12-27T02:58:14.3400010Z       ^
2022-12-27T02:58:14.3400260Z       /Library/Frameworks/Python.framework/Versions/3.9/include/python3.9/pyport.h:508:54: note: expanded from macro 'Py_DEPRECATED'
2022-12-27T02:58:14.3400480Z       #define Py_DEPRECATED(VERSION_UNUSED) __attribute__((__deprecated__))
2022-12-27T02:58:14.3400640Z                                                            ^
2022-12-27T02:58:14.3401010Z       /private/var/folders/51/hd414ycd67n82196sw51xqtc0000gn/T/pip-install-r7_4ars_/cython_cc7e276b81644ad79f856394fe005c8d/Cython/Plex/Scanners.c:3495:51: warning: 'PyUnicode_AsUnicode' is deprecated [-Wdeprecated-declarations]
2022-12-27T02:58:14.3401300Z                 __pyx_t_8 = (__pyx_v_data != Py_None)&&(__Pyx_PyUnicode_IS_TRUE(__pyx_v_data) != 0);
2022-12-27T02:58:14.3401450Z                                                         ^
2022-12-27T02:58:14.3401790Z       /private/var/folders/51/hd414ycd67n82196sw51xqtc0000gn/T/pip-install-r7_4ars_/cython_cc7e276b81644ad79f856394fe005c8d/Cython/Plex/Scanners.c:422:108: note: expanded from macro '__Pyx_PyUnicode_IS_TRUE'
2022-12-27T02:58:14.3402070Z         #define __Pyx_PyUnicode_IS_TRUE(u)      (0 != (likely(PyUnicode_IS_READY(u)) ? PyUnicode_GET_LENGTH(u) : PyUnicode_GET_SIZE(u)))
2022-12-27T02:58:14.3402280Z                                                                                                                  ^
2022-12-27T02:58:14.3402710Z       /Library/Frameworks/Python.framework/Versions/3.9/include/python3.9/cpython/unicodeobject.h:262:14: note: expanded from macro 'PyUnicode_GET_SIZE'
2022-12-27T02:58:14.3402950Z             ((void)PyUnicode_AsUnicode(_PyObject_CAST(op)),\
2022-12-27T02:58:14.3403080Z                    ^
2022-12-27T02:58:14.3403400Z       /Library/Frameworks/Python.framework/Versions/3.9/include/python3.9/cpython/unicodeobject.h:580:1: note: 'PyUnicode_AsUnicode' has been explicitly marked deprecated here
2022-12-27T02:58:14.3403650Z       Py_DEPRECATED(3.3) PyAPI_FUNC(Py_UNICODE *) PyUnicode_AsUnicode(
2022-12-27T02:58:14.3403800Z       ^
2022-12-27T02:58:14.3404050Z       /Library/Frameworks/Python.framework/Versions/3.9/include/python3.9/pyport.h:508:54: note: expanded from macro 'Py_DEPRECATED'
2022-12-27T02:58:14.3404260Z       #define Py_DEPRECATED(VERSION_UNUSED) __attribute__((__deprecated__))
2022-12-27T02:58:14.3404420Z                                                            ^
2022-12-27T02:58:14.3404790Z       /private/var/folders/51/hd414ycd67n82196sw51xqtc0000gn/T/pip-install-r7_4ars_/cython_cc7e276b81644ad79f856394fe005c8d/Cython/Plex/Scanners.c:3495:51: warning: '_PyUnicode_get_wstr_length' is deprecated [-Wdeprecated-declarations]
2022-12-27T02:58:14.3405080Z                 __pyx_t_8 = (__pyx_v_data != Py_None)&&(__Pyx_PyUnicode_IS_TRUE(__pyx_v_data) != 0);
2022-12-27T02:58:14.3405240Z                                                         ^
2022-12-27T02:58:14.3405570Z       /private/var/folders/51/hd414ycd67n82196sw51xqtc0000gn/T/pip-install-r7_4ars_/cython_cc7e276b81644ad79f856394fe005c8d/Cython/Plex/Scanners.c:422:108: note: expanded from macro '__Pyx_PyUnicode_IS_TRUE'
2022-12-27T02:58:14.3405850Z         #define __Pyx_PyUnicode_IS_TRUE(u)      (0 != (likely(PyUnicode_IS_READY(u)) ? PyUnicode_GET_LENGTH(u) : PyUnicode_GET_SIZE(u)))
2022-12-27T02:58:14.3406050Z                                                                                                                  ^
2022-12-27T02:58:14.3406490Z       /Library/Frameworks/Python.framework/Versions/3.9/include/python3.9/cpython/unicodeobject.h:264:8: note: expanded from macro 'PyUnicode_GET_SIZE'
2022-12-27T02:58:14.3406710Z              PyUnicode_WSTR_LENGTH(op)))
2022-12-27T02:58:14.3406820Z              ^
2022-12-27T02:58:14.3407090Z       /Library/Frameworks/Python.framework/Versions/3.9/include/python3.9/cpython/unicodeobject.h:451:35: note: expanded from macro 'PyUnicode_WSTR_LENGTH'
2022-12-27T02:58:14.3407330Z       #define PyUnicode_WSTR_LENGTH(op) _PyUnicode_get_wstr_length((PyObject*)op)
2022-12-27T02:58:14.3407490Z                                         ^
2022-12-27T02:58:14.3407790Z       /Library/Frameworks/Python.framework/Versions/3.9/include/python3.9/cpython/unicodeobject.h:445:1: note: '_PyUnicode_get_wstr_length' has been explicitly marked deprecated here
2022-12-27T02:58:14.3408010Z       Py_DEPRECATED(3.3)
2022-12-27T02:58:14.3408110Z       ^
2022-12-27T02:58:14.3408360Z       /Library/Frameworks/Python.framework/Versions/3.9/include/python3.9/pyport.h:508:54: note: expanded from macro 'Py_DEPRECATED'
2022-12-27T02:58:14.3408580Z       #define Py_DEPRECATED(VERSION_UNUSED) __attribute__((__deprecated__))
2022-12-27T02:58:14.3408740Z                                                            ^
2022-12-27T02:58:14.3409080Z       /private/var/folders/51/hd414ycd67n82196sw51xqtc0000gn/T/pip-install-r7_4ars_/cython_cc7e276b81644ad79f856394fe005c8d/Cython/Plex/Scanners.c:8518:46: error: no member named 'tp_print' in 'struct _typeobject'
2022-12-27T02:58:14.3409330Z         __pyx_type_6Cython_4Plex_8Scanners_Scanner.tp_print = 0;
2022-12-27T02:58:14.3409490Z         ~~~~~~~~~~~~~~~~~~~~~~~~~~~~~~~~~~~~~~~~~~ ^
2022-12-27T02:58:14.3409850Z       /private/var/folders/51/hd414ycd67n82196sw51xqtc0000gn/T/pip-install-r7_4ars_/cython_cc7e276b81644ad79f856394fe005c8d/Cython/Plex/Scanners.c:9075:22: warning: '_PyUnicode_get_wstr_length' is deprecated [-Wdeprecated-declarations]
2022-12-27T02:58:14.3410120Z                           (PyUnicode_GET_SIZE(**name) != PyUnicode_GET_SIZE(key)) ? 1 :
2022-12-27T02:58:14.3410260Z                            ^
2022-12-27T02:58:14.3410650Z       /Library/Frameworks/Python.framework/Versions/3.9/include/python3.9/cpython/unicodeobject.h:261:7: note: expanded from macro 'PyUnicode_GET_SIZE'
2022-12-27T02:58:14.3410880Z             PyUnicode_WSTR_LENGTH(op) :                    \
2022-12-27T02:58:14.3411000Z             ^
2022-12-27T02:58:14.3411390Z       /Library/Frameworks/Python.framework/Versions/3.9/include/python3.9/cpython/unicodeobject.h:451:35: note: expanded from macro 'PyUnicode_WSTR_LENGTH'
2022-12-27T02:58:14.3411630Z       #define PyUnicode_WSTR_LENGTH(op) _PyUnicode_get_wstr_length((PyObject*)op)
2022-12-27T02:58:14.3411780Z                                         ^
2022-12-27T02:58:14.3412090Z       /Library/Frameworks/Python.framework/Versions/3.9/include/python3.9/cpython/unicodeobject.h:445:1: note: '_PyUnicode_get_wstr_length' has been explicitly marked deprecated here
2022-12-27T02:58:14.3412300Z       Py_DEPRECATED(3.3)
2022-12-27T02:58:14.3412410Z       ^
2022-12-27T02:58:14.3412660Z       /Library/Frameworks/Python.framework/Versions/3.9/include/python3.9/pyport.h:508:54: note: expanded from macro 'Py_DEPRECATED'
2022-12-27T02:58:14.3412870Z       #define Py_DEPRECATED(VERSION_UNUSED) __attribute__((__deprecated__))
2022-12-27T02:58:14.3413030Z                                                            ^
2022-12-27T02:58:14.3413400Z       /private/var/folders/51/hd414ycd67n82196sw51xqtc0000gn/T/pip-install-r7_4ars_/cython_cc7e276b81644ad79f856394fe005c8d/Cython/Plex/Scanners.c:9075:22: warning: 'PyUnicode_AsUnicode' is deprecated [-Wdeprecated-declarations]
2022-12-27T02:58:14.3413670Z                           (PyUnicode_GET_SIZE(**name) != PyUnicode_GET_SIZE(key)) ? 1 :
2022-12-27T02:58:14.3413800Z                            ^
2022-12-27T02:58:14.3414080Z       /Library/Frameworks/Python.framework/Versions/3.9/include/python3.9/cpython/unicodeobject.h:262:14: note: expanded from macro 'PyUnicode_GET_SIZE'
2022-12-27T02:58:14.3414390Z             ((void)PyUnicode_AsUnicode(_PyObject_CAST(op)),\
2022-12-27T02:58:14.3414520Z                    ^
2022-12-27T02:58:14.3414830Z       /Library/Frameworks/Python.framework/Versions/3.9/include/python3.9/cpython/unicodeobject.h:580:1: note: 'PyUnicode_AsUnicode' has been explicitly marked deprecated here
2022-12-27T02:58:14.3415070Z       Py_DEPRECATED(3.3) PyAPI_FUNC(Py_UNICODE *) PyUnicode_AsUnicode(
2022-12-27T02:58:14.3415210Z       ^
2022-12-27T02:58:14.3415460Z       /Library/Frameworks/Python.framework/Versions/3.9/include/python3.9/pyport.h:508:54: note: expanded from macro 'Py_DEPRECATED'
2022-12-27T02:58:14.3415670Z       #define Py_DEPRECATED(VERSION_UNUSED) __attribute__((__deprecated__))
2022-12-27T02:58:14.3415830Z                                                            ^
2022-12-27T02:58:14.3416190Z       /private/var/folders/51/hd414ycd67n82196sw51xqtc0000gn/T/pip-install-r7_4ars_/cython_cc7e276b81644ad79f856394fe005c8d/Cython/Plex/Scanners.c:9075:22: warning: '_PyUnicode_get_wstr_length' is deprecated [-Wdeprecated-declarations]
2022-12-27T02:58:14.3416470Z                           (PyUnicode_GET_SIZE(**name) != PyUnicode_GET_SIZE(key)) ? 1 :
2022-12-27T02:58:14.3416610Z                            ^
2022-12-27T02:58:14.3416880Z       /Library/Frameworks/Python.framework/Versions/3.9/include/python3.9/cpython/unicodeobject.h:264:8: note: expanded from macro 'PyUnicode_GET_SIZE'
2022-12-27T02:58:14.3417090Z              PyUnicode_WSTR_LENGTH(op)))
2022-12-27T02:58:14.3417200Z              ^
2022-12-27T02:58:14.3417480Z       /Library/Frameworks/Python.framework/Versions/3.9/include/python3.9/cpython/unicodeobject.h:451:35: note: expanded from macro 'PyUnicode_WSTR_LENGTH'
2022-12-27T02:58:14.3417710Z       #define PyUnicode_WSTR_LENGTH(op) _PyUnicode_get_wstr_length((PyObject*)op)
2022-12-27T02:58:14.3417860Z                                         ^
2022-12-27T02:58:14.3418170Z       /Library/Frameworks/Python.framework/Versions/3.9/include/python3.9/cpython/unicodeobject.h:445:1: note: '_PyUnicode_get_wstr_length' has been explicitly marked deprecated here
2022-12-27T02:58:14.3418510Z       Py_DEPRECATED(3.3)
2022-12-27T02:58:14.3418620Z       ^
2022-12-27T02:58:14.3418890Z       /Library/Frameworks/Python.framework/Versions/3.9/include/python3.9/pyport.h:508:54: note: expanded from macro 'Py_DEPRECATED'
2022-12-27T02:58:14.3419110Z       #define Py_DEPRECATED(VERSION_UNUSED) __attribute__((__deprecated__))
2022-12-27T02:58:14.3419260Z                                                            ^
2022-12-27T02:58:14.3419620Z       /private/var/folders/51/hd414ycd67n82196sw51xqtc0000gn/T/pip-install-r7_4ars_/cython_cc7e276b81644ad79f856394fe005c8d/Cython/Plex/Scanners.c:9075:52: warning: '_PyUnicode_get_wstr_length' is deprecated [-Wdeprecated-declarations]
2022-12-27T02:58:14.3419900Z                           (PyUnicode_GET_SIZE(**name) != PyUnicode_GET_SIZE(key)) ? 1 :
2022-12-27T02:58:14.3420090Z                                                          ^
2022-12-27T02:58:14.3420380Z       /Library/Frameworks/Python.framework/Versions/3.9/include/python3.9/cpython/unicodeobject.h:261:7: note: expanded from macro 'PyUnicode_GET_SIZE'
2022-12-27T02:58:14.3420590Z             PyUnicode_WSTR_LENGTH(op) :                    \
2022-12-27T02:58:14.3420700Z             ^
2022-12-27T02:58:14.3420980Z       /Library/Frameworks/Python.framework/Versions/3.9/include/python3.9/cpython/unicodeobject.h:451:35: note: expanded from macro 'PyUnicode_WSTR_LENGTH'
2022-12-27T02:58:14.3421210Z       #define PyUnicode_WSTR_LENGTH(op) _PyUnicode_get_wstr_length((PyObject*)op)
2022-12-27T02:58:14.3421360Z                                         ^
2022-12-27T02:58:14.3421670Z       /Library/Frameworks/Python.framework/Versions/3.9/include/python3.9/cpython/unicodeobject.h:445:1: note: '_PyUnicode_get_wstr_length' has been explicitly marked deprecated here
2022-12-27T02:58:14.3421880Z       Py_DEPRECATED(3.3)
2022-12-27T02:58:14.3422070Z       ^
2022-12-27T02:58:14.3422330Z       /Library/Frameworks/Python.framework/Versions/3.9/include/python3.9/pyport.h:508:54: note: expanded from macro 'Py_DEPRECATED'
2022-12-27T02:58:14.3422550Z       #define Py_DEPRECATED(VERSION_UNUSED) __attribute__((__deprecated__))
2022-12-27T02:58:14.3422700Z                                                            ^
2022-12-27T02:58:14.3423070Z       /private/var/folders/51/hd414ycd67n82196sw51xqtc0000gn/T/pip-install-r7_4ars_/cython_cc7e276b81644ad79f856394fe005c8d/Cython/Plex/Scanners.c:9075:52: warning: 'PyUnicode_AsUnicode' is deprecated [-Wdeprecated-declarations]
2022-12-27T02:58:14.3423350Z                           (PyUnicode_GET_SIZE(**name) != PyUnicode_GET_SIZE(key)) ? 1 :
2022-12-27T02:58:14.3423500Z                                                          ^
2022-12-27T02:58:14.3423790Z       /Library/Frameworks/Python.framework/Versions/3.9/include/python3.9/cpython/unicodeobject.h:262:14: note: expanded from macro 'PyUnicode_GET_SIZE'
2022-12-27T02:58:14.3424020Z             ((void)PyUnicode_AsUnicode(_PyObject_CAST(op)),\
2022-12-27T02:58:14.3424150Z                    ^
2022-12-27T02:58:14.3424450Z       /Library/Frameworks/Python.framework/Versions/3.9/include/python3.9/cpython/unicodeobject.h:580:1: note: 'PyUnicode_AsUnicode' has been explicitly marked deprecated here
2022-12-27T02:58:14.3424690Z       Py_DEPRECATED(3.3) PyAPI_FUNC(Py_UNICODE *) PyUnicode_AsUnicode(
2022-12-27T02:58:14.3424830Z       ^
2022-12-27T02:58:14.3425080Z       /Library/Frameworks/Python.framework/Versions/3.9/include/python3.9/pyport.h:508:54: note: expanded from macro 'Py_DEPRECATED'
2022-12-27T02:58:14.3425290Z       #define Py_DEPRECATED(VERSION_UNUSED) __attribute__((__deprecated__))
2022-12-27T02:58:14.3425450Z                                                            ^
2022-12-27T02:58:14.3425820Z       /private/var/folders/51/hd414ycd67n82196sw51xqtc0000gn/T/pip-install-r7_4ars_/cython_cc7e276b81644ad79f856394fe005c8d/Cython/Plex/Scanners.c:9075:52: warning: '_PyUnicode_get_wstr_length' is deprecated [-Wdeprecated-declarations]
2022-12-27T02:58:14.3426150Z                           (PyUnicode_GET_SIZE(**name) != PyUnicode_GET_SIZE(key)) ? 1 :
2022-12-27T02:58:14.3426320Z                                                          ^
2022-12-27T02:58:14.3426610Z       /Library/Frameworks/Python.framework/Versions/3.9/include/python3.9/cpython/unicodeobject.h:264:8: note: expanded from macro 'PyUnicode_GET_SIZE'
2022-12-27T02:58:14.3426810Z              PyUnicode_WSTR_LENGTH(op)))
2022-12-27T02:58:14.3426930Z              ^
2022-12-27T02:58:14.3427200Z       /Library/Frameworks/Python.framework/Versions/3.9/include/python3.9/cpython/unicodeobject.h:451:35: note: expanded from macro 'PyUnicode_WSTR_LENGTH'
2022-12-27T02:58:14.3427430Z       #define PyUnicode_WSTR_LENGTH(op) _PyUnicode_get_wstr_length((PyObject*)op)
2022-12-27T02:58:14.3427580Z                                         ^
2022-12-27T02:58:14.3427890Z       /Library/Frameworks/Python.framework/Versions/3.9/include/python3.9/cpython/unicodeobject.h:445:1: note: '_PyUnicode_get_wstr_length' has been explicitly marked deprecated here
2022-12-27T02:58:14.3428100Z       Py_DEPRECATED(3.3)
2022-12-27T02:58:14.3428210Z       ^
2022-12-27T02:58:14.3428460Z       /Library/Frameworks/Python.framework/Versions/3.9/include/python3.9/pyport.h:508:54: note: expanded from macro 'Py_DEPRECATED'
2022-12-27T02:58:14.3428670Z       #define Py_DEPRECATED(VERSION_UNUSED) __attribute__((__deprecated__))
2022-12-27T02:58:14.3428830Z                                                            ^
2022-12-27T02:58:14.3429200Z       /private/var/folders/51/hd414ycd67n82196sw51xqtc0000gn/T/pip-install-r7_4ars_/cython_cc7e276b81644ad79f856394fe005c8d/Cython/Plex/Scanners.c:9091:26: warning: '_PyUnicode_get_wstr_length' is deprecated [-Wdeprecated-declarations]
2022-12-27T02:58:14.3429480Z                               (PyUnicode_GET_SIZE(**argname) != PyUnicode_GET_SIZE(key)) ? 1 :
2022-12-27T02:58:14.3429620Z                                ^
2022-12-27T02:58:14.3430000Z       /Library/Frameworks/Python.framework/Versions/3.9/include/python3.9/cpython/unicodeobject.h:261:7: note: expanded from macro 'PyUnicode_GET_SIZE'
2022-12-27T02:58:14.3430220Z             PyUnicode_WSTR_LENGTH(op) :                    \
2022-12-27T02:58:14.3430330Z             ^
2022-12-27T02:58:14.3430610Z       /Library/Frameworks/Python.framework/Versions/3.9/include/python3.9/cpython/unicodeobject.h:451:35: note: expanded from macro 'PyUnicode_WSTR_LENGTH'
2022-12-27T02:58:14.3430840Z       #define PyUnicode_WSTR_LENGTH(op) _PyUnicode_get_wstr_length((PyObject*)op)
2022-12-27T02:58:14.3430990Z                                         ^
2022-12-27T02:58:14.3431300Z       /Library/Frameworks/Python.framework/Versions/3.9/include/python3.9/cpython/unicodeobject.h:445:1: note: '_PyUnicode_get_wstr_length' has been explicitly marked deprecated here
2022-12-27T02:58:14.3431510Z       Py_DEPRECATED(3.3)
2022-12-27T02:58:14.3431620Z       ^
2022-12-27T02:58:14.3431860Z       /Library/Frameworks/Python.framework/Versions/3.9/include/python3.9/pyport.h:508:54: note: expanded from macro 'Py_DEPRECATED'
2022-12-27T02:58:14.3432080Z       #define Py_DEPRECATED(VERSION_UNUSED) __attribute__((__deprecated__))
2022-12-27T02:58:14.3432240Z                                                            ^
2022-12-27T02:58:14.3432610Z       /private/var/folders/51/hd414ycd67n82196sw51xqtc0000gn/T/pip-install-r7_4ars_/cython_cc7e276b81644ad79f856394fe005c8d/Cython/Plex/Scanners.c:9091:26: warning: 'PyUnicode_AsUnicode' is deprecated [-Wdeprecated-declarations]
2022-12-27T02:58:14.3432880Z                               (PyUnicode_GET_SIZE(**argname) != PyUnicode_GET_SIZE(key)) ? 1 :
2022-12-27T02:58:14.3433030Z                                ^
2022-12-27T02:58:14.3433310Z       /Library/Frameworks/Python.framework/Versions/3.9/include/python3.9/cpython/unicodeobject.h:262:14: note: expanded from macro 'PyUnicode_GET_SIZE'
2022-12-27T02:58:14.3433520Z             ((void)PyUnicode_AsUnicode(_PyObject_CAST(op)),\
2022-12-27T02:58:14.3433650Z                    ^
2022-12-27T02:58:14.3434010Z       /Library/Frameworks/Python.framework/Versions/3.9/include/python3.9/cpython/unicodeobject.h:580:1: note: 'PyUnicode_AsUnicode' has been explicitly marked deprecated here
2022-12-27T02:58:14.3434270Z       Py_DEPRECATED(3.3) PyAPI_FUNC(Py_UNICODE *) PyUnicode_AsUnicode(
2022-12-27T02:58:14.3434410Z       ^
2022-12-27T02:58:14.3434670Z       /Library/Frameworks/Python.framework/Versions/3.9/include/python3.9/pyport.h:508:54: note: expanded from macro 'Py_DEPRECATED'
2022-12-27T02:58:14.3434880Z       #define Py_DEPRECATED(VERSION_UNUSED) __attribute__((__deprecated__))
2022-12-27T02:58:14.3435040Z                                                            ^
2022-12-27T02:58:14.3435400Z       /private/var/folders/51/hd414ycd67n82196sw51xqtc0000gn/T/pip-install-r7_4ars_/cython_cc7e276b81644ad79f856394fe005c8d/Cython/Plex/Scanners.c:9091:26: warning: '_PyUnicode_get_wstr_length' is deprecated [-Wdeprecated-declarations]
2022-12-27T02:58:14.3435680Z                               (PyUnicode_GET_SIZE(**argname) != PyUnicode_GET_SIZE(key)) ? 1 :
2022-12-27T02:58:14.3435830Z                                ^
2022-12-27T02:58:14.3436110Z       /Library/Frameworks/Python.framework/Versions/3.9/include/python3.9/cpython/unicodeobject.h:264:8: note: expanded from macro 'PyUnicode_GET_SIZE'
2022-12-27T02:58:14.3436310Z              PyUnicode_WSTR_LENGTH(op)))
2022-12-27T02:58:14.3436430Z              ^
2022-12-27T02:58:14.3436700Z       /Library/Frameworks/Python.framework/Versions/3.9/include/python3.9/cpython/unicodeobject.h:451:35: note: expanded from macro 'PyUnicode_WSTR_LENGTH'
2022-12-27T02:58:14.3436940Z       #define PyUnicode_WSTR_LENGTH(op) _PyUnicode_get_wstr_length((PyObject*)op)
2022-12-27T02:58:14.3437090Z                                         ^
2022-12-27T02:58:14.3437400Z       /Library/Frameworks/Python.framework/Versions/3.9/include/python3.9/cpython/unicodeobject.h:445:1: note: '_PyUnicode_get_wstr_length' has been explicitly marked deprecated here
2022-12-27T02:58:14.3437680Z       Py_DEPRECATED(3.3)
2022-12-27T02:58:14.3437790Z       ^
2022-12-27T02:58:14.3438060Z       /Library/Frameworks/Python.framework/Versions/3.9/include/python3.9/pyport.h:508:54: note: expanded from macro 'Py_DEPRECATED'
2022-12-27T02:58:14.3438270Z       #define Py_DEPRECATED(VERSION_UNUSED) __attribute__((__deprecated__))
2022-12-27T02:58:14.3438430Z                                                            ^
2022-12-27T02:58:14.3438790Z       /private/var/folders/51/hd414ycd67n82196sw51xqtc0000gn/T/pip-install-r7_4ars_/cython_cc7e276b81644ad79f856394fe005c8d/Cython/Plex/Scanners.c:9091:59: warning: '_PyUnicode_get_wstr_length' is deprecated [-Wdeprecated-declarations]
2022-12-27T02:58:14.3439070Z                               (PyUnicode_GET_SIZE(**argname) != PyUnicode_GET_SIZE(key)) ? 1 :
2022-12-27T02:58:14.3439220Z                                                                 ^
2022-12-27T02:58:14.3439510Z       /Library/Frameworks/Python.framework/Versions/3.9/include/python3.9/cpython/unicodeobject.h:261:7: note: expanded from macro 'PyUnicode_GET_SIZE'
2022-12-27T02:58:14.3439720Z             PyUnicode_WSTR_LENGTH(op) :                    \
2022-12-27T02:58:14.3439840Z             ^
2022-12-27T02:58:14.3440150Z       /Library/Frameworks/Python.framework/Versions/3.9/include/python3.9/cpython/unicodeobject.h:451:35: note: expanded from macro 'PyUnicode_WSTR_LENGTH'
2022-12-27T02:58:14.3440390Z       #define PyUnicode_WSTR_LENGTH(op) _PyUnicode_get_wstr_length((PyObject*)op)
2022-12-27T02:58:14.3440550Z                                         ^
2022-12-27T02:58:14.3440870Z       /Library/Frameworks/Python.framework/Versions/3.9/include/python3.9/cpython/unicodeobject.h:445:1: note: '_PyUnicode_get_wstr_length' has been explicitly marked deprecated here
2022-12-27T02:58:14.3441080Z       Py_DEPRECATED(3.3)
2022-12-27T02:58:14.3441180Z       ^
2022-12-27T02:58:14.3441430Z       /Library/Frameworks/Python.framework/Versions/3.9/include/python3.9/pyport.h:508:54: note: expanded from macro 'Py_DEPRECATED'
2022-12-27T02:58:14.3441650Z       #define Py_DEPRECATED(VERSION_UNUSED) __attribute__((__deprecated__))
2022-12-27T02:58:14.3441860Z                                                            ^
2022-12-27T02:58:14.3442250Z       /private/var/folders/51/hd414ycd67n82196sw51xqtc0000gn/T/pip-install-r7_4ars_/cython_cc7e276b81644ad79f856394fe005c8d/Cython/Plex/Scanners.c:9091:59: warning: 'PyUnicode_AsUnicode' is deprecated [-Wdeprecated-declarations]
2022-12-27T02:58:14.3442530Z                               (PyUnicode_GET_SIZE(**argname) != PyUnicode_GET_SIZE(key)) ? 1 :
2022-12-27T02:58:14.3442680Z                                                                 ^
2022-12-27T02:58:14.3442970Z       /Library/Frameworks/Python.framework/Versions/3.9/include/python3.9/cpython/unicodeobject.h:262:14: note: expanded from macro 'PyUnicode_GET_SIZE'
2022-12-27T02:58:14.3443190Z             ((void)PyUnicode_AsUnicode(_PyObject_CAST(op)),\
2022-12-27T02:58:14.3443320Z                    ^
2022-12-27T02:58:14.3443630Z       /Library/Frameworks/Python.framework/Versions/3.9/include/python3.9/cpython/unicodeobject.h:580:1: note: 'PyUnicode_AsUnicode' has been explicitly marked deprecated here
2022-12-27T02:58:14.3443870Z       Py_DEPRECATED(3.3) PyAPI_FUNC(Py_UNICODE *) PyUnicode_AsUnicode(
2022-12-27T02:58:14.3444010Z       ^
2022-12-27T02:58:14.3444260Z       /Library/Frameworks/Python.framework/Versions/3.9/include/python3.9/pyport.h:508:54: note: expanded from macro 'Py_DEPRECATED'
2022-12-27T02:58:14.3444470Z       #define Py_DEPRECATED(VERSION_UNUSED) __attribute__((__deprecated__))
2022-12-27T02:58:14.3444620Z                                                            ^
2022-12-27T02:58:14.3444990Z       /private/var/folders/51/hd414ycd67n82196sw51xqtc0000gn/T/pip-install-r7_4ars_/cython_cc7e276b81644ad79f856394fe005c8d/Cython/Plex/Scanners.c:9091:59: warning: '_PyUnicode_get_wstr_length' is deprecated [-Wdeprecated-declarations]
2022-12-27T02:58:14.3445350Z                               (PyUnicode_GET_SIZE(**argname) != PyUnicode_GET_SIZE(key)) ? 1 :
2022-12-27T02:58:14.3445500Z                                                                 ^
2022-12-27T02:58:14.3445800Z       /Library/Frameworks/Python.framework/Versions/3.9/include/python3.9/cpython/unicodeobject.h:264:8: note: expanded from macro 'PyUnicode_GET_SIZE'
2022-12-27T02:58:14.3446000Z              PyUnicode_WSTR_LENGTH(op)))
2022-12-27T02:58:14.3446120Z              ^
2022-12-27T02:58:14.3446390Z       /Library/Frameworks/Python.framework/Versions/3.9/include/python3.9/cpython/unicodeobject.h:451:35: note: expanded from macro 'PyUnicode_WSTR_LENGTH'
2022-12-27T02:58:14.3446630Z       #define PyUnicode_WSTR_LENGTH(op) _PyUnicode_get_wstr_length((PyObject*)op)
2022-12-27T02:58:14.3446780Z                                         ^
2022-12-27T02:58:14.3447090Z       /Library/Frameworks/Python.framework/Versions/3.9/include/python3.9/cpython/unicodeobject.h:445:1: note: '_PyUnicode_get_wstr_length' has been explicitly marked deprecated here
2022-12-27T02:58:14.3447300Z       Py_DEPRECATED(3.3)
2022-12-27T02:58:14.3447410Z       ^
2022-12-27T02:58:14.3447660Z       /Library/Frameworks/Python.framework/Versions/3.9/include/python3.9/pyport.h:508:54: note: expanded from macro 'Py_DEPRECATED'
2022-12-27T02:58:14.3447870Z       #define Py_DEPRECATED(VERSION_UNUSED) __attribute__((__deprecated__))
2022-12-27T02:58:14.3448030Z                                                            ^
2022-12-27T02:58:14.3448400Z       /private/var/folders/51/hd414ycd67n82196sw51xqtc0000gn/T/pip-install-r7_4ars_/cython_cc7e276b81644ad79f856394fe005c8d/Cython/Plex/Scanners.c:9540:16: warning: 'PyUnicode_FromUnicode' is deprecated [-Wdeprecated-declarations]
2022-12-27T02:58:14.3448660Z               return PyUnicode_FromUnicode(NULL, 0);
2022-12-27T02:58:14.3448780Z                      ^
2022-12-27T02:58:14.3449090Z       /Library/Frameworks/Python.framework/Versions/3.9/include/python3.9/cpython/unicodeobject.h:551:1: note: 'PyUnicode_FromUnicode' has been explicitly marked deprecated here
2022-12-27T02:58:14.3449340Z       Py_DEPRECATED(3.3) PyAPI_FUNC(PyObject*) PyUnicode_FromUnicode(
2022-12-27T02:58:14.3449540Z       ^
2022-12-27T02:58:14.3449820Z       /Library/Frameworks/Python.framework/Versions/3.9/include/python3.9/pyport.h:508:54: note: expanded from macro 'Py_DEPRECATED'
2022-12-27T02:58:14.3450040Z       #define Py_DEPRECATED(VERSION_UNUSED) __attribute__((__deprecated__))
2022-12-27T02:58:14.3450190Z                                                            ^
2022-12-27T02:58:14.3450320Z       16 warnings and 1 error generated.
2022-12-27T02:58:14.3450510Z       error: command '/usr/bin/gcc' failed with exit code 1
2022-12-27T02:58:14.3450650Z       [end of output]
2022-12-27T02:58:14.3450750Z   
2022-12-27T02:58:14.3450900Z   note: This error originates from a subprocess, and is likely not a problem with pip.
2022-12-27T02:58:14.3451070Z   ERROR: Failed building wheel for cython
2022-12-27T02:58:14.5916960Z Failed to build cython
2022-12-27T02:58:14.6483250Z Installing collected packages: enum34, six, protobuf, cython, coverage
2022-12-27T02:58:14.8360730Z   Attempting uninstall: cython
2022-12-27T02:58:14.8367150Z     Found existing installation: Cython 0.29.32
2022-12-27T02:58:14.9881050Z     Uninstalling Cython-0.29.32:
2022-12-27T02:58:14.9985120Z       Successfully uninstalled Cython-0.29.32
2022-12-27T02:58:14.9998610Z   Running setup.py install for cython: started
2022-12-27T02:58:15.6672120Z   Running setup.py install for cython: finished with status 'error'
2022-12-27T02:58:15.6921670Z   error: subprocess-exited-with-error
2022-12-27T02:58:15.6922020Z   
2022-12-27T02:58:15.6922560Z   × Running setup.py install for cython did not run successfully.
2022-12-27T02:58:15.6923050Z   │ exit code: 1
2022-12-27T02:58:15.6923440Z   ╰─> [562 lines of output]
2022-12-27T02:58:15.6923840Z       Unable to find pgen, not compiling formal grammar.
2022-12-27T02:58:15.6924210Z       running install
2022-12-27T02:58:15.6925710Z       /private/var/folders/51/hd414ycd67n82196sw51xqtc0000gn/T/cibw-run-8eyqiq8l/cp39-macosx_arm64/build/venv/lib/python3.9/site-packages/setuptools/command/install.py:34: SetuptoolsDeprecationWarning: setup.py install is deprecated. Use build and pip and other standards-based tools.
2022-12-27T02:58:15.6926460Z         warnings.warn(
2022-12-27T02:58:15.6926820Z       running build
2022-12-27T02:58:15.6927000Z       running build_py
2022-12-27T02:58:15.6927190Z       creating build
2022-12-27T02:58:15.6927520Z       creating build/lib.macosx-11.0-arm64-cpython-39
2022-12-27T02:58:15.6927910Z       copying cython.py -> build/lib.macosx-11.0-arm64-cpython-39
2022-12-27T02:58:15.6928300Z       creating build/lib.macosx-11.0-arm64-cpython-39/Cython
2022-12-27T02:58:15.6928690Z       copying Cython/TestUtils.py -> build/lib.macosx-11.0-arm64-cpython-39/Cython
2022-12-27T02:58:15.6929090Z       copying Cython/StringIOTree.py -> build/lib.macosx-11.0-arm64-cpython-39/Cython
2022-12-27T02:58:15.6929490Z       copying Cython/__init__.py -> build/lib.macosx-11.0-arm64-cpython-39/Cython
2022-12-27T02:58:15.6929880Z       copying Cython/Coverage.py -> build/lib.macosx-11.0-arm64-cpython-39/Cython
2022-12-27T02:58:15.6930270Z       copying Cython/Debugging.py -> build/lib.macosx-11.0-arm64-cpython-39/Cython
2022-12-27T02:58:15.6930660Z       copying Cython/Utils.py -> build/lib.macosx-11.0-arm64-cpython-39/Cython
2022-12-27T02:58:15.6931050Z       copying Cython/Shadow.py -> build/lib.macosx-11.0-arm64-cpython-39/Cython
2022-12-27T02:58:15.6931440Z       copying Cython/CodeWriter.py -> build/lib.macosx-11.0-arm64-cpython-39/Cython
2022-12-27T02:58:15.6931970Z       creating build/lib.macosx-11.0-arm64-cpython-39/Cython/Build
2022-12-27T02:58:15.6932440Z       copying Cython/Build/Cythonize.py -> build/lib.macosx-11.0-arm64-cpython-39/Cython/Build
2022-12-27T02:58:15.6932860Z       copying Cython/Build/__init__.py -> build/lib.macosx-11.0-arm64-cpython-39/Cython/Build
2022-12-27T02:58:15.6933290Z       copying Cython/Build/IpythonMagic.py -> build/lib.macosx-11.0-arm64-cpython-39/Cython/Build
2022-12-27T02:58:15.6933910Z       copying Cython/Build/BuildExecutable.py -> build/lib.macosx-11.0-arm64-cpython-39/Cython/Build
2022-12-27T02:58:15.6934590Z       copying Cython/Build/Distutils.py -> build/lib.macosx-11.0-arm64-cpython-39/Cython/Build
2022-12-27T02:58:15.6935130Z       copying Cython/Build/Dependencies.py -> build/lib.macosx-11.0-arm64-cpython-39/Cython/Build
2022-12-27T02:58:15.6935680Z       copying Cython/Build/Inline.py -> build/lib.macosx-11.0-arm64-cpython-39/Cython/Build
2022-12-27T02:58:15.6936300Z       creating build/lib.macosx-11.0-arm64-cpython-39/Cython/Compiler
2022-12-27T02:58:15.6936930Z       copying Cython/Compiler/Optimize.py -> build/lib.macosx-11.0-arm64-cpython-39/Cython/Compiler
2022-12-27T02:58:15.6937510Z       copying Cython/Compiler/Options.py -> build/lib.macosx-11.0-arm64-cpython-39/Cython/Compiler
2022-12-27T02:58:15.6938020Z       copying Cython/Compiler/CodeGeneration.py -> build/lib.macosx-11.0-arm64-cpython-39/Cython/Compiler
2022-12-27T02:58:15.6938880Z       copying Cython/Compiler/ModuleNode.py -> build/lib.macosx-11.0-arm64-cpython-39/Cython/Compiler
2022-12-27T02:58:15.6939600Z       copying Cython/Compiler/DebugFlags.py -> build/lib.macosx-11.0-arm64-cpython-39/Cython/Compiler
2022-12-27T02:58:15.6940000Z       copying Cython/Compiler/TypeSlots.py -> build/lib.macosx-11.0-arm64-cpython-39/Cython/Compiler
2022-12-27T02:58:15.6940960Z       copying Cython/Compiler/Version.py -> build/lib.macosx-11.0-arm64-cpython-39/Cython/Compiler
2022-12-27T02:58:15.6941520Z       copying Cython/Compiler/Parsing.py -> build/lib.macosx-11.0-arm64-cpython-39/Cython/Compiler
2022-12-27T02:58:15.6942100Z       copying Cython/Compiler/Symtab.py -> build/lib.macosx-11.0-arm64-cpython-39/Cython/Compiler
2022-12-27T02:58:15.6942620Z       copying Cython/Compiler/UtilNodes.py -> build/lib.macosx-11.0-arm64-cpython-39/Cython/Compiler
2022-12-27T02:58:15.6943180Z       copying Cython/Compiler/Pythran.py -> build/lib.macosx-11.0-arm64-cpython-39/Cython/Compiler
2022-12-27T02:58:15.6956310Z       copying Cython/Compiler/Naming.py -> build/lib.macosx-11.0-arm64-cpython-39/Cython/Compiler
2022-12-27T02:58:15.6956830Z       copying Cython/Compiler/UtilityCode.py -> build/lib.macosx-11.0-arm64-cpython-39/Cython/Compiler
2022-12-27T02:58:15.6958840Z       copying Cython/Compiler/TreePath.py -> build/lib.macosx-11.0-arm64-cpython-39/Cython/Compiler
2022-12-27T02:58:15.6959220Z       copying Cython/Compiler/CmdLine.py -> build/lib.macosx-11.0-arm64-cpython-39/Cython/Compiler
2022-12-27T02:58:15.6959720Z       copying Cython/Compiler/MemoryView.py -> build/lib.macosx-11.0-arm64-cpython-39/Cython/Compiler
2022-12-27T02:58:15.6960270Z       copying Cython/Compiler/Code.py -> build/lib.macosx-11.0-arm64-cpython-39/Cython/Compiler
2022-12-27T02:58:15.6960830Z       copying Cython/Compiler/__init__.py -> build/lib.macosx-11.0-arm64-cpython-39/Cython/Compiler
2022-12-27T02:58:15.6961350Z       copying Cython/Compiler/TreeFragment.py -> build/lib.macosx-11.0-arm64-cpython-39/Cython/Compiler
2022-12-27T02:58:15.6961860Z       copying Cython/Compiler/ParseTreeTransforms.py -> build/lib.macosx-11.0-arm64-cpython-39/Cython/Compiler
2022-12-27T02:58:15.6962360Z       copying Cython/Compiler/Annotate.py -> build/lib.macosx-11.0-arm64-cpython-39/Cython/Compiler
2022-12-27T02:58:15.6962850Z       copying Cython/Compiler/Lexicon.py -> build/lib.macosx-11.0-arm64-cpython-39/Cython/Compiler
2022-12-27T02:58:15.6963350Z       copying Cython/Compiler/Interpreter.py -> build/lib.macosx-11.0-arm64-cpython-39/Cython/Compiler
2022-12-27T02:58:15.6963850Z       copying Cython/Compiler/AutoDocTransforms.py -> build/lib.macosx-11.0-arm64-cpython-39/Cython/Compiler
2022-12-27T02:58:15.6964340Z       copying Cython/Compiler/Visitor.py -> build/lib.macosx-11.0-arm64-cpython-39/Cython/Compiler
2022-12-27T02:58:15.6964830Z       copying Cython/Compiler/Pipeline.py -> build/lib.macosx-11.0-arm64-cpython-39/Cython/Compiler
2022-12-27T02:58:15.6965310Z       copying Cython/Compiler/Buffer.py -> build/lib.macosx-11.0-arm64-cpython-39/Cython/Compiler
2022-12-27T02:58:15.6966020Z       copying Cython/Compiler/ExprNodes.py -> build/lib.macosx-11.0-arm64-cpython-39/Cython/Compiler
2022-12-27T02:58:15.6966590Z       copying Cython/Compiler/CythonScope.py -> build/lib.macosx-11.0-arm64-cpython-39/Cython/Compiler
2022-12-27T02:58:15.6967090Z       copying Cython/Compiler/Scanning.py -> build/lib.macosx-11.0-arm64-cpython-39/Cython/Compiler
2022-12-27T02:58:15.6967580Z       copying Cython/Compiler/FusedNode.py -> build/lib.macosx-11.0-arm64-cpython-39/Cython/Compiler
2022-12-27T02:58:15.6968080Z       copying Cython/Compiler/TypeInference.py -> build/lib.macosx-11.0-arm64-cpython-39/Cython/Compiler
2022-12-27T02:58:15.6968570Z       copying Cython/Compiler/Builtin.py -> build/lib.macosx-11.0-arm64-cpython-39/Cython/Compiler
2022-12-27T02:58:15.6969060Z       copying Cython/Compiler/Future.py -> build/lib.macosx-11.0-arm64-cpython-39/Cython/Compiler
2022-12-27T02:58:15.6969550Z       copying Cython/Compiler/Errors.py -> build/lib.macosx-11.0-arm64-cpython-39/Cython/Compiler
2022-12-27T02:58:15.6970020Z       copying Cython/Compiler/Nodes.py -> build/lib.macosx-11.0-arm64-cpython-39/Cython/Compiler
2022-12-27T02:58:15.6970490Z       copying Cython/Compiler/Main.py -> build/lib.macosx-11.0-arm64-cpython-39/Cython/Compiler
2022-12-27T02:58:15.6970970Z       copying Cython/Compiler/StringEncoding.py -> build/lib.macosx-11.0-arm64-cpython-39/Cython/Compiler
2022-12-27T02:58:15.6971510Z       copying Cython/Compiler/AnalysedTreeTransforms.py -> build/lib.macosx-11.0-arm64-cpython-39/Cython/Compiler
2022-12-27T02:58:15.6972050Z       copying Cython/Compiler/FlowControl.py -> build/lib.macosx-11.0-arm64-cpython-39/Cython/Compiler
2022-12-27T02:58:15.6972550Z       copying Cython/Compiler/PyrexTypes.py -> build/lib.macosx-11.0-arm64-cpython-39/Cython/Compiler
2022-12-27T02:58:15.6972980Z       creating build/lib.macosx-11.0-arm64-cpython-39/Cython/Runtime
2022-12-27T02:58:15.6973430Z       copying Cython/Runtime/__init__.py -> build/lib.macosx-11.0-arm64-cpython-39/Cython/Runtime
2022-12-27T02:58:15.6974070Z       creating build/lib.macosx-11.0-arm64-cpython-39/Cython/Distutils
2022-12-27T02:58:15.6974550Z       copying Cython/Distutils/old_build_ext.py -> build/lib.macosx-11.0-arm64-cpython-39/Cython/Distutils
2022-12-27T02:58:15.6975050Z       copying Cython/Distutils/build_ext.py -> build/lib.macosx-11.0-arm64-cpython-39/Cython/Distutils
2022-12-27T02:58:15.6975560Z       copying Cython/Distutils/__init__.py -> build/lib.macosx-11.0-arm64-cpython-39/Cython/Distutils
2022-12-27T02:58:15.6976040Z       copying Cython/Distutils/extension.py -> build/lib.macosx-11.0-arm64-cpython-39/Cython/Distutils
2022-12-27T02:58:15.6976480Z       creating build/lib.macosx-11.0-arm64-cpython-39/Cython/Debugger
2022-12-27T02:58:15.6976950Z       copying Cython/Debugger/libcython.py -> build/lib.macosx-11.0-arm64-cpython-39/Cython/Debugger
2022-12-27T02:58:15.6977440Z       copying Cython/Debugger/__init__.py -> build/lib.macosx-11.0-arm64-cpython-39/Cython/Debugger
2022-12-27T02:58:15.6977940Z       copying Cython/Debugger/Cygdb.py -> build/lib.macosx-11.0-arm64-cpython-39/Cython/Debugger
2022-12-27T02:58:15.6978410Z       copying Cython/Debugger/DebugWriter.py -> build/lib.macosx-11.0-arm64-cpython-39/Cython/Debugger
2022-12-27T02:58:15.6978900Z       copying Cython/Debugger/libpython.py -> build/lib.macosx-11.0-arm64-cpython-39/Cython/Debugger
2022-12-27T02:58:15.6979360Z       creating build/lib.macosx-11.0-arm64-cpython-39/Cython/Debugger/Tests
2022-12-27T02:58:15.6979870Z       copying Cython/Debugger/Tests/test_libcython_in_gdb.py -> build/lib.macosx-11.0-arm64-cpython-39/Cython/Debugger/Tests
2022-12-27T02:58:15.6980470Z       copying Cython/Debugger/Tests/TestLibCython.py -> build/lib.macosx-11.0-arm64-cpython-39/Cython/Debugger/Tests
2022-12-27T02:58:15.6981010Z       copying Cython/Debugger/Tests/__init__.py -> build/lib.macosx-11.0-arm64-cpython-39/Cython/Debugger/Tests
2022-12-27T02:58:15.6981580Z       copying Cython/Debugger/Tests/test_libpython_in_gdb.py -> build/lib.macosx-11.0-arm64-cpython-39/Cython/Debugger/Tests
2022-12-27T02:58:15.6982180Z       creating build/lib.macosx-11.0-arm64-cpython-39/Cython/Plex
2022-12-27T02:58:15.6982680Z       copying Cython/Plex/Machines.py -> build/lib.macosx-11.0-arm64-cpython-39/Cython/Plex
2022-12-27T02:58:15.6983140Z       copying Cython/Plex/Actions.py -> build/lib.macosx-11.0-arm64-cpython-39/Cython/Plex
2022-12-27T02:58:15.6983600Z       copying Cython/Plex/__init__.py -> build/lib.macosx-11.0-arm64-cpython-39/Cython/Plex
2022-12-27T02:58:15.6984040Z       copying Cython/Plex/Timing.py -> build/lib.macosx-11.0-arm64-cpython-39/Cython/Plex
2022-12-27T02:58:15.6984500Z       copying Cython/Plex/Transitions.py -> build/lib.macosx-11.0-arm64-cpython-39/Cython/Plex
2022-12-27T02:58:15.6984950Z       copying Cython/Plex/Regexps.py -> build/lib.macosx-11.0-arm64-cpython-39/Cython/Plex
2022-12-27T02:58:15.6985380Z       copying Cython/Plex/DFA.py -> build/lib.macosx-11.0-arm64-cpython-39/Cython/Plex
2022-12-27T02:58:15.6985810Z       copying Cython/Plex/Errors.py -> build/lib.macosx-11.0-arm64-cpython-39/Cython/Plex
2022-12-27T02:58:15.6986260Z       copying Cython/Plex/Traditional.py -> build/lib.macosx-11.0-arm64-cpython-39/Cython/Plex
2022-12-27T02:58:15.6986720Z       copying Cython/Plex/Lexicons.py -> build/lib.macosx-11.0-arm64-cpython-39/Cython/Plex
2022-12-27T02:58:15.6987160Z       copying Cython/Plex/Scanners.py -> build/lib.macosx-11.0-arm64-cpython-39/Cython/Plex
2022-12-27T02:58:15.6987550Z       creating build/lib.macosx-11.0-arm64-cpython-39/Cython/Tests
2022-12-27T02:58:15.6988000Z       copying Cython/Tests/TestStringIOTree.py -> build/lib.macosx-11.0-arm64-cpython-39/Cython/Tests
2022-12-27T02:58:15.6988470Z       copying Cython/Tests/TestCodeWriter.py -> build/lib.macosx-11.0-arm64-cpython-39/Cython/Tests
2022-12-27T02:58:15.6988930Z       copying Cython/Tests/TestJediTyper.py -> build/lib.macosx-11.0-arm64-cpython-39/Cython/Tests
2022-12-27T02:58:15.6989630Z       copying Cython/Tests/xmlrunner.py -> build/lib.macosx-11.0-arm64-cpython-39/Cython/Tests
2022-12-27T02:58:15.6990100Z       copying Cython/Tests/__init__.py -> build/lib.macosx-11.0-arm64-cpython-39/Cython/Tests
2022-12-27T02:58:15.6990490Z       creating build/lib.macosx-11.0-arm64-cpython-39/Cython/Build/Tests
2022-12-27T02:58:15.6990770Z       copying Cython/Build/Tests/TestInline.py -> build/lib.macosx-11.0-arm64-cpython-39/Cython/Build/Tests
2022-12-27T02:58:15.6991270Z       copying Cython/Build/Tests/__init__.py -> build/lib.macosx-11.0-arm64-cpython-39/Cython/Build/Tests
2022-12-27T02:58:15.6991790Z       copying Cython/Build/Tests/TestIpythonMagic.py -> build/lib.macosx-11.0-arm64-cpython-39/Cython/Build/Tests
2022-12-27T02:58:15.6992330Z       copying Cython/Build/Tests/TestStripLiterals.py -> build/lib.macosx-11.0-arm64-cpython-39/Cython/Build/Tests
2022-12-27T02:58:15.6992800Z       creating build/lib.macosx-11.0-arm64-cpython-39/Cython/Compiler/Tests
2022-12-27T02:58:15.6993290Z       copying Cython/Compiler/Tests/TestGrammar.py -> build/lib.macosx-11.0-arm64-cpython-39/Cython/Compiler/Tests
2022-12-27T02:58:15.6993850Z       copying Cython/Compiler/Tests/TestCmdLine.py -> build/lib.macosx-11.0-arm64-cpython-39/Cython/Compiler/Tests
2022-12-27T02:58:15.6994400Z       copying Cython/Compiler/Tests/TestSignatureMatching.py -> build/lib.macosx-11.0-arm64-cpython-39/Cython/Compiler/Tests
2022-12-27T02:58:15.6994980Z       copying Cython/Compiler/Tests/TestTreeFragment.py -> build/lib.macosx-11.0-arm64-cpython-39/Cython/Compiler/Tests
2022-12-27T02:58:15.6995580Z       copying Cython/Compiler/Tests/TestParseTreeTransforms.py -> build/lib.macosx-11.0-arm64-cpython-39/Cython/Compiler/Tests
2022-12-27T02:58:15.6996170Z       copying Cython/Compiler/Tests/TestBuffer.py -> build/lib.macosx-11.0-arm64-cpython-39/Cython/Compiler/Tests
2022-12-27T02:58:15.6996730Z       copying Cython/Compiler/Tests/TestUtilityLoad.py -> build/lib.macosx-11.0-arm64-cpython-39/Cython/Compiler/Tests
2022-12-27T02:58:15.6997330Z       copying Cython/Compiler/Tests/TestFlowControl.py -> build/lib.macosx-11.0-arm64-cpython-39/Cython/Compiler/Tests
2022-12-27T02:58:15.6998020Z       copying Cython/Compiler/Tests/__init__.py -> build/lib.macosx-11.0-arm64-cpython-39/Cython/Compiler/Tests
2022-12-27T02:58:15.6998630Z       copying Cython/Compiler/Tests/TestTreePath.py -> build/lib.macosx-11.0-arm64-cpython-39/Cython/Compiler/Tests
2022-12-27T02:58:15.6999180Z       copying Cython/Compiler/Tests/TestTypes.py -> build/lib.macosx-11.0-arm64-cpython-39/Cython/Compiler/Tests
2022-12-27T02:58:15.6999740Z       copying Cython/Compiler/Tests/TestVisitor.py -> build/lib.macosx-11.0-arm64-cpython-39/Cython/Compiler/Tests
2022-12-27T02:58:15.7000360Z       copying Cython/Compiler/Tests/TestMemView.py -> build/lib.macosx-11.0-arm64-cpython-39/Cython/Compiler/Tests
2022-12-27T02:58:15.7000830Z       creating build/lib.macosx-11.0-arm64-cpython-39/Cython/Utility
2022-12-27T02:58:15.7001290Z       copying Cython/Utility/__init__.py -> build/lib.macosx-11.0-arm64-cpython-39/Cython/Utility
2022-12-27T02:58:15.7001750Z       creating build/lib.macosx-11.0-arm64-cpython-39/Cython/Tempita
2022-12-27T02:58:15.7002210Z       copying Cython/Tempita/__init__.py -> build/lib.macosx-11.0-arm64-cpython-39/Cython/Tempita
2022-12-27T02:58:15.7002690Z       copying Cython/Tempita/_looper.py -> build/lib.macosx-11.0-arm64-cpython-39/Cython/Tempita
2022-12-27T02:58:15.7003160Z       copying Cython/Tempita/_tempita.py -> build/lib.macosx-11.0-arm64-cpython-39/Cython/Tempita
2022-12-27T02:58:15.7003670Z       copying Cython/Tempita/compat3.py -> build/lib.macosx-11.0-arm64-cpython-39/Cython/Tempita
2022-12-27T02:58:15.7004110Z       creating build/lib.macosx-11.0-arm64-cpython-39/pyximport
2022-12-27T02:58:15.7004570Z       copying pyximport/pyximport.py -> build/lib.macosx-11.0-arm64-cpython-39/pyximport
2022-12-27T02:58:15.7005040Z       copying pyximport/__init__.py -> build/lib.macosx-11.0-arm64-cpython-39/pyximport
2022-12-27T02:58:15.7005510Z       copying pyximport/pyxbuild.py -> build/lib.macosx-11.0-arm64-cpython-39/pyximport
2022-12-27T02:58:15.7006200Z       creating build/lib.macosx-11.0-arm64-cpython-39/Cython/Includes
2022-12-27T02:58:15.7006680Z       copying Cython/Includes/openmp.pxd -> build/lib.macosx-11.0-arm64-cpython-39/Cython/Includes
2022-12-27T02:58:15.7007150Z       creating build/lib.macosx-11.0-arm64-cpython-39/Cython/Includes/posix
2022-12-27T02:58:15.7007660Z       copying Cython/Includes/posix/types.pxd -> build/lib.macosx-11.0-arm64-cpython-39/Cython/Includes/posix
2022-12-27T02:58:15.7008190Z       copying Cython/Includes/posix/select.pxd -> build/lib.macosx-11.0-arm64-cpython-39/Cython/Includes/posix
2022-12-27T02:58:15.7008730Z       copying Cython/Includes/posix/resource.pxd -> build/lib.macosx-11.0-arm64-cpython-39/Cython/Includes/posix
2022-12-27T02:58:15.7009280Z       copying Cython/Includes/posix/wait.pxd -> build/lib.macosx-11.0-arm64-cpython-39/Cython/Includes/posix
2022-12-27T02:58:15.7009810Z       copying Cython/Includes/posix/stat.pxd -> build/lib.macosx-11.0-arm64-cpython-39/Cython/Includes/posix
2022-12-27T02:58:15.7010340Z       copying Cython/Includes/posix/dlfcn.pxd -> build/lib.macosx-11.0-arm64-cpython-39/Cython/Includes/posix
2022-12-27T02:58:15.7010880Z       copying Cython/Includes/posix/__init__.pxd -> build/lib.macosx-11.0-arm64-cpython-39/Cython/Includes/posix
2022-12-27T02:58:15.7011420Z       copying Cython/Includes/posix/strings.pxd -> build/lib.macosx-11.0-arm64-cpython-39/Cython/Includes/posix
2022-12-27T02:58:15.7011960Z       copying Cython/Includes/posix/stdio.pxd -> build/lib.macosx-11.0-arm64-cpython-39/Cython/Includes/posix
2022-12-27T02:58:15.7012500Z       copying Cython/Includes/posix/stdlib.pxd -> build/lib.macosx-11.0-arm64-cpython-39/Cython/Includes/posix
2022-12-27T02:58:15.7013050Z       copying Cython/Includes/posix/mman.pxd -> build/lib.macosx-11.0-arm64-cpython-39/Cython/Includes/posix
2022-12-27T02:58:15.7013590Z       copying Cython/Includes/posix/ioctl.pxd -> build/lib.macosx-11.0-arm64-cpython-39/Cython/Includes/posix
2022-12-27T02:58:15.7014130Z       copying Cython/Includes/posix/signal.pxd -> build/lib.macosx-11.0-arm64-cpython-39/Cython/Includes/posix
2022-12-27T02:58:15.7014830Z       copying Cython/Includes/posix/fcntl.pxd -> build/lib.macosx-11.0-arm64-cpython-39/Cython/Includes/posix
2022-12-27T02:58:15.7015440Z       copying Cython/Includes/posix/unistd.pxd -> build/lib.macosx-11.0-arm64-cpython-39/Cython/Includes/posix
2022-12-27T02:58:15.7015970Z       copying Cython/Includes/posix/time.pxd -> build/lib.macosx-11.0-arm64-cpython-39/Cython/Includes/posix
2022-12-27T02:58:15.7016440Z       creating build/lib.macosx-11.0-arm64-cpython-39/Cython/Includes/libc
2022-12-27T02:58:15.7016930Z       copying Cython/Includes/libc/locale.pxd -> build/lib.macosx-11.0-arm64-cpython-39/Cython/Includes/libc
2022-12-27T02:58:15.7017480Z       copying Cython/Includes/libc/__init__.pxd -> build/lib.macosx-11.0-arm64-cpython-39/Cython/Includes/libc
2022-12-27T02:58:15.7018010Z       copying Cython/Includes/libc/math.pxd -> build/lib.macosx-11.0-arm64-cpython-39/Cython/Includes/libc
2022-12-27T02:58:15.7018550Z       copying Cython/Includes/libc/limits.pxd -> build/lib.macosx-11.0-arm64-cpython-39/Cython/Includes/libc
2022-12-27T02:58:15.7019060Z       copying Cython/Includes/libc/setjmp.pxd -> build/lib.macosx-11.0-arm64-cpython-39/Cython/Includes/libc
2022-12-27T02:58:15.7019580Z       copying Cython/Includes/libc/string.pxd -> build/lib.macosx-11.0-arm64-cpython-39/Cython/Includes/libc
2022-12-27T02:58:15.7020160Z       copying Cython/Includes/libc/stdint.pxd -> build/lib.macosx-11.0-arm64-cpython-39/Cython/Includes/libc
2022-12-27T02:58:15.7020680Z       copying Cython/Includes/libc/stdio.pxd -> build/lib.macosx-11.0-arm64-cpython-39/Cython/Includes/libc
2022-12-27T02:58:15.7021350Z       copying Cython/Includes/libc/stdlib.pxd -> build/lib.macosx-11.0-arm64-cpython-39/Cython/Includes/libc
2022-12-27T02:58:15.7021900Z       copying Cython/Includes/libc/float.pxd -> build/lib.macosx-11.0-arm64-cpython-39/Cython/Includes/libc
2022-12-27T02:58:15.7022620Z       copying Cython/Includes/libc/signal.pxd -> build/lib.macosx-11.0-arm64-cpython-39/Cython/Includes/libc
2022-12-27T02:58:15.7023120Z       copying Cython/Includes/libc/stddef.pxd -> build/lib.macosx-11.0-arm64-cpython-39/Cython/Includes/libc
2022-12-27T02:58:15.7023610Z       copying Cython/Includes/libc/errno.pxd -> build/lib.macosx-11.0-arm64-cpython-39/Cython/Includes/libc
2022-12-27T02:58:15.7024160Z       copying Cython/Includes/libc/time.pxd -> build/lib.macosx-11.0-arm64-cpython-39/Cython/Includes/libc
2022-12-27T02:58:15.7024640Z       creating build/lib.macosx-11.0-arm64-cpython-39/Cython/Includes/numpy
2022-12-27T02:58:15.7025140Z       copying Cython/Includes/numpy/__init__.pxd -> build/lib.macosx-11.0-arm64-cpython-39/Cython/Includes/numpy
2022-12-27T02:58:15.7025670Z       copying Cython/Includes/numpy/math.pxd -> build/lib.macosx-11.0-arm64-cpython-39/Cython/Includes/numpy
2022-12-27T02:58:15.7026150Z       creating build/lib.macosx-11.0-arm64-cpython-39/Cython/Includes/cpython
2022-12-27T02:58:15.7026680Z       copying Cython/Includes/cpython/ref.pxd -> build/lib.macosx-11.0-arm64-cpython-39/Cython/Includes/cpython
2022-12-27T02:58:15.7027220Z       copying Cython/Includes/cpython/long.pxd -> build/lib.macosx-11.0-arm64-cpython-39/Cython/Includes/cpython
2022-12-27T02:58:15.7027780Z       copying Cython/Includes/cpython/iterator.pxd -> build/lib.macosx-11.0-arm64-cpython-39/Cython/Includes/cpython
2022-12-27T02:58:15.7028310Z       copying Cython/Includes/cpython/weakref.pxd -> build/lib.macosx-11.0-arm64-cpython-39/Cython/Includes/cpython
2022-12-27T02:58:15.7028870Z       copying Cython/Includes/cpython/cobject.pxd -> build/lib.macosx-11.0-arm64-cpython-39/Cython/Includes/cpython
2022-12-27T02:58:15.7029460Z       copying Cython/Includes/cpython/set.pxd -> build/lib.macosx-11.0-arm64-cpython-39/Cython/Includes/cpython
2022-12-27T02:58:15.7029960Z       copying Cython/Includes/cpython/__init__.pxd -> build/lib.macosx-11.0-arm64-cpython-39/Cython/Includes/cpython
2022-12-27T02:58:15.7030530Z       copying Cython/Includes/cpython/object.pxd -> build/lib.macosx-11.0-arm64-cpython-39/Cython/Includes/cpython
2022-12-27T02:58:15.7031160Z       copying Cython/Includes/cpython/slice.pxd -> build/lib.macosx-11.0-arm64-cpython-39/Cython/Includes/cpython
2022-12-27T02:58:15.7031810Z       copying Cython/Includes/cpython/getargs.pxd -> build/lib.macosx-11.0-arm64-cpython-39/Cython/Includes/cpython
2022-12-27T02:58:15.7032330Z       copying Cython/Includes/cpython/module.pxd -> build/lib.macosx-11.0-arm64-cpython-39/Cython/Includes/cpython
2022-12-27T02:58:15.7032870Z       copying Cython/Includes/cpython/version.pxd -> build/lib.macosx-11.0-arm64-cpython-39/Cython/Includes/cpython
2022-12-27T02:58:15.7033390Z       copying Cython/Includes/cpython/buffer.pxd -> build/lib.macosx-11.0-arm64-cpython-39/Cython/Includes/cpython
2022-12-27T02:58:15.7033920Z       copying Cython/Includes/cpython/bytes.pxd -> build/lib.macosx-11.0-arm64-cpython-39/Cython/Includes/cpython
2022-12-27T02:58:15.7034440Z       copying Cython/Includes/cpython/exc.pxd -> build/lib.macosx-11.0-arm64-cpython-39/Cython/Includes/cpython
2022-12-27T02:58:15.7034960Z       copying Cython/Includes/cpython/int.pxd -> build/lib.macosx-11.0-arm64-cpython-39/Cython/Includes/cpython
2022-12-27T02:58:15.7035450Z       copying Cython/Includes/cpython/mapping.pxd -> build/lib.macosx-11.0-arm64-cpython-39/Cython/Includes/cpython
2022-12-27T02:58:15.7035950Z       copying Cython/Includes/cpython/string.pxd -> build/lib.macosx-11.0-arm64-cpython-39/Cython/Includes/cpython
2022-12-27T02:58:15.7036450Z       copying Cython/Includes/cpython/dict.pxd -> build/lib.macosx-11.0-arm64-cpython-39/Cython/Includes/cpython
2022-12-27T02:58:15.7036940Z       copying Cython/Includes/cpython/float.pxd -> build/lib.macosx-11.0-arm64-cpython-39/Cython/Includes/cpython
2022-12-27T02:58:15.7037420Z       copying Cython/Includes/cpython/complex.pxd -> build/lib.macosx-11.0-arm64-cpython-39/Cython/Includes/cpython
2022-12-27T02:58:15.7038110Z       copying Cython/Includes/cpython/array.pxd -> build/lib.macosx-11.0-arm64-cpython-39/Cython/Includes/cpython
2022-12-27T02:58:15.7038600Z       copying Cython/Includes/cpython/function.pxd -> build/lib.macosx-11.0-arm64-cpython-39/Cython/Includes/cpython
2022-12-27T02:58:15.7039090Z       copying Cython/Includes/cpython/sequence.pxd -> build/lib.macosx-11.0-arm64-cpython-39/Cython/Includes/cpython
2022-12-27T02:58:15.7039570Z       copying Cython/Includes/cpython/method.pxd -> build/lib.macosx-11.0-arm64-cpython-39/Cython/Includes/cpython
2022-12-27T02:58:15.7040120Z       copying Cython/Includes/cpython/oldbuffer.pxd -> build/lib.macosx-11.0-arm64-cpython-39/Cython/Includes/cpython
2022-12-27T02:58:15.7040630Z       copying Cython/Includes/cpython/longintrepr.pxd -> build/lib.macosx-11.0-arm64-cpython-39/Cython/Includes/cpython
2022-12-27T02:58:15.7041130Z       copying Cython/Includes/cpython/pycapsule.pxd -> build/lib.macosx-11.0-arm64-cpython-39/Cython/Includes/cpython
2022-12-27T02:58:15.7041610Z       copying Cython/Includes/cpython/tuple.pxd -> build/lib.macosx-11.0-arm64-cpython-39/Cython/Includes/cpython
2022-12-27T02:58:15.7041960Z       copying Cython/Includes/cpython/list.pxd -> build/lib.macosx-11.0-arm64-cpython-39/Cython/Includes/cpython
2022-12-27T02:58:15.7042470Z       copying Cython/Includes/cpython/pystate.pxd -> build/lib.macosx-11.0-arm64-cpython-39/Cython/Includes/cpython
2022-12-27T02:58:15.7042990Z       copying Cython/Includes/cpython/mem.pxd -> build/lib.macosx-11.0-arm64-cpython-39/Cython/Includes/cpython
2022-12-27T02:58:15.7043470Z       copying Cython/Includes/cpython/datetime.pxd -> build/lib.macosx-11.0-arm64-cpython-39/Cython/Includes/cpython
2022-12-27T02:58:15.7043980Z       copying Cython/Includes/cpython/pythread.pxd -> build/lib.macosx-11.0-arm64-cpython-39/Cython/Includes/cpython
2022-12-27T02:58:15.7044490Z       copying Cython/Includes/cpython/instance.pxd -> build/lib.macosx-11.0-arm64-cpython-39/Cython/Includes/cpython
2022-12-27T02:58:15.7044990Z       copying Cython/Includes/cpython/unicode.pxd -> build/lib.macosx-11.0-arm64-cpython-39/Cython/Includes/cpython
2022-12-27T02:58:15.7045640Z       copying Cython/Includes/cpython/number.pxd -> build/lib.macosx-11.0-arm64-cpython-39/Cython/Includes/cpython
2022-12-27T02:58:15.7046200Z       copying Cython/Includes/cpython/type.pxd -> build/lib.macosx-11.0-arm64-cpython-39/Cython/Includes/cpython
2022-12-27T02:58:15.7046700Z       copying Cython/Includes/cpython/bool.pxd -> build/lib.macosx-11.0-arm64-cpython-39/Cython/Includes/cpython
2022-12-27T02:58:15.7047150Z       creating build/lib.macosx-11.0-arm64-cpython-39/Cython/Includes/libcpp
2022-12-27T02:58:15.7047630Z       copying Cython/Includes/libcpp/unordered_set.pxd -> build/lib.macosx-11.0-arm64-cpython-39/Cython/Includes/libcpp
2022-12-27T02:58:15.7048140Z       copying Cython/Includes/libcpp/memory.pxd -> build/lib.macosx-11.0-arm64-cpython-39/Cython/Includes/libcpp
2022-12-27T02:58:15.7048650Z       copying Cython/Includes/libcpp/iterator.pxd -> build/lib.macosx-11.0-arm64-cpython-39/Cython/Includes/libcpp
2022-12-27T02:58:15.7049160Z       copying Cython/Includes/libcpp/set.pxd -> build/lib.macosx-11.0-arm64-cpython-39/Cython/Includes/libcpp
2022-12-27T02:58:15.7049640Z       copying Cython/Includes/libcpp/__init__.pxd -> build/lib.macosx-11.0-arm64-cpython-39/Cython/Includes/libcpp
2022-12-27T02:58:15.7050130Z       copying Cython/Includes/libcpp/limits.pxd -> build/lib.macosx-11.0-arm64-cpython-39/Cython/Includes/libcpp
2022-12-27T02:58:15.7050610Z       copying Cython/Includes/libcpp/deque.pxd -> build/lib.macosx-11.0-arm64-cpython-39/Cython/Includes/libcpp
2022-12-27T02:58:15.7051100Z       copying Cython/Includes/libcpp/stack.pxd -> build/lib.macosx-11.0-arm64-cpython-39/Cython/Includes/libcpp
2022-12-27T02:58:15.7051590Z       copying Cython/Includes/libcpp/string.pxd -> build/lib.macosx-11.0-arm64-cpython-39/Cython/Includes/libcpp
2022-12-27T02:58:15.7052090Z       copying Cython/Includes/libcpp/typeindex.pxd -> build/lib.macosx-11.0-arm64-cpython-39/Cython/Includes/libcpp
2022-12-27T02:58:15.7052770Z       copying Cython/Includes/libcpp/map.pxd -> build/lib.macosx-11.0-arm64-cpython-39/Cython/Includes/libcpp
2022-12-27T02:58:15.7053250Z       copying Cython/Includes/libcpp/complex.pxd -> build/lib.macosx-11.0-arm64-cpython-39/Cython/Includes/libcpp
2022-12-27T02:58:15.7053740Z       copying Cython/Includes/libcpp/vector.pxd -> build/lib.macosx-11.0-arm64-cpython-39/Cython/Includes/libcpp
2022-12-27T02:58:15.7054230Z       copying Cython/Includes/libcpp/functional.pxd -> build/lib.macosx-11.0-arm64-cpython-39/Cython/Includes/libcpp
2022-12-27T02:58:15.7054750Z       copying Cython/Includes/libcpp/algorithm.pxd -> build/lib.macosx-11.0-arm64-cpython-39/Cython/Includes/libcpp
2022-12-27T02:58:15.7055180Z       copying Cython/Includes/libcpp/list.pxd -> build/lib.macosx-11.0-arm64-cpython-39/Cython/Includes/libcpp
2022-12-27T02:58:15.7055650Z       copying Cython/Includes/libcpp/queue.pxd -> build/lib.macosx-11.0-arm64-cpython-39/Cython/Includes/libcpp
2022-12-27T02:58:15.7056110Z       copying Cython/Includes/libcpp/unordered_map.pxd -> build/lib.macosx-11.0-arm64-cpython-39/Cython/Includes/libcpp
2022-12-27T02:58:15.7056420Z       copying Cython/Includes/libcpp/cast.pxd -> build/lib.macosx-11.0-arm64-cpython-39/Cython/Includes/libcpp
2022-12-27T02:58:15.7056820Z       copying Cython/Includes/libcpp/typeinfo.pxd -> build/lib.macosx-11.0-arm64-cpython-39/Cython/Includes/libcpp
2022-12-27T02:58:15.7057330Z       copying Cython/Includes/libcpp/pair.pxd -> build/lib.macosx-11.0-arm64-cpython-39/Cython/Includes/libcpp
2022-12-27T02:58:15.7057840Z       copying Cython/Includes/libcpp/utility.pxd -> build/lib.macosx-11.0-arm64-cpython-39/Cython/Includes/libcpp
2022-12-27T02:58:15.7058280Z       creating build/lib.macosx-11.0-arm64-cpython-39/Cython/Includes/Deprecated
2022-12-27T02:58:15.7058770Z       copying Cython/Includes/Deprecated/python_number.pxd -> build/lib.macosx-11.0-arm64-cpython-39/Cython/Includes/Deprecated
2022-12-27T02:58:15.7059290Z       copying Cython/Includes/Deprecated/python_unicode.pxd -> build/lib.macosx-11.0-arm64-cpython-39/Cython/Includes/Deprecated
2022-12-27T02:58:15.7059910Z       copying Cython/Includes/Deprecated/python_dict.pxd -> build/lib.macosx-11.0-arm64-cpython-39/Cython/Includes/Deprecated
2022-12-27T02:58:15.7060360Z       copying Cython/Includes/Deprecated/python_mem.pxd -> build/lib.macosx-11.0-arm64-cpython-39/Cython/Includes/Deprecated
2022-12-27T02:58:15.7060680Z       copying Cython/Includes/Deprecated/stl.pxd -> build/lib.macosx-11.0-arm64-cpython-39/Cython/Includes/Deprecated
2022-12-27T02:58:15.7061010Z       copying Cython/Includes/Deprecated/python2.5.pxd -> build/lib.macosx-11.0-arm64-cpython-39/Cython/Includes/Deprecated
2022-12-27T02:58:15.7061470Z       copying Cython/Includes/Deprecated/python_method.pxd -> build/lib.macosx-11.0-arm64-cpython-39/Cython/Includes/Deprecated
2022-12-27T02:58:15.7062040Z       copying Cython/Includes/Deprecated/python_pycapsule.pxd -> build/lib.macosx-11.0-arm64-cpython-39/Cython/Includes/Deprecated
2022-12-27T02:58:15.7062660Z       copying Cython/Includes/Deprecated/python_oldbuffer.pxd -> build/lib.macosx-11.0-arm64-cpython-39/Cython/Includes/Deprecated
2022-12-27T02:58:15.7063220Z       copying Cython/Includes/Deprecated/python_complex.pxd -> build/lib.macosx-11.0-arm64-cpython-39/Cython/Includes/Deprecated
2022-12-27T02:58:15.7063750Z       copying Cython/Includes/Deprecated/python_bytes.pxd -> build/lib.macosx-11.0-arm64-cpython-39/Cython/Includes/Deprecated
2022-12-27T02:58:15.7064340Z       copying Cython/Includes/Deprecated/python_iterator.pxd -> build/lib.macosx-11.0-arm64-cpython-39/Cython/Includes/Deprecated
2022-12-27T02:58:15.7064890Z       copying Cython/Includes/Deprecated/python_long.pxd -> build/lib.macosx-11.0-arm64-cpython-39/Cython/Includes/Deprecated
2022-12-27T02:58:15.7065400Z       copying Cython/Includes/Deprecated/stdio.pxd -> build/lib.macosx-11.0-arm64-cpython-39/Cython/Includes/Deprecated
2022-12-27T02:58:15.7065920Z       copying Cython/Includes/Deprecated/stdlib.pxd -> build/lib.macosx-11.0-arm64-cpython-39/Cython/Includes/Deprecated
2022-12-27T02:58:15.7066630Z       copying Cython/Includes/Deprecated/python_float.pxd -> build/lib.macosx-11.0-arm64-cpython-39/Cython/Includes/Deprecated
2022-12-27T02:58:15.7067210Z       copying Cython/Includes/Deprecated/python_buffer.pxd -> build/lib.macosx-11.0-arm64-cpython-39/Cython/Includes/Deprecated
2022-12-27T02:58:15.7067750Z       copying Cython/Includes/Deprecated/python_mapping.pxd -> build/lib.macosx-11.0-arm64-cpython-39/Cython/Includes/Deprecated
2022-12-27T02:58:15.7068310Z       copying Cython/Includes/Deprecated/python_instance.pxd -> build/lib.macosx-11.0-arm64-cpython-39/Cython/Includes/Deprecated
2022-12-27T02:58:15.7068840Z       copying Cython/Includes/Deprecated/python_int.pxd -> build/lib.macosx-11.0-arm64-cpython-39/Cython/Includes/Deprecated
2022-12-27T02:58:15.7069370Z       copying Cython/Includes/Deprecated/python_exc.pxd -> build/lib.macosx-11.0-arm64-cpython-39/Cython/Includes/Deprecated
2022-12-27T02:58:15.7069910Z       copying Cython/Includes/Deprecated/python_string.pxd -> build/lib.macosx-11.0-arm64-cpython-39/Cython/Includes/Deprecated
2022-12-27T02:58:15.7070470Z       copying Cython/Includes/Deprecated/python_object.pxd -> build/lib.macosx-11.0-arm64-cpython-39/Cython/Includes/Deprecated
2022-12-27T02:58:15.7071080Z       copying Cython/Includes/Deprecated/python_bool.pxd -> build/lib.macosx-11.0-arm64-cpython-39/Cython/Includes/Deprecated
2022-12-27T02:58:15.7071680Z       copying Cython/Includes/Deprecated/python_module.pxd -> build/lib.macosx-11.0-arm64-cpython-39/Cython/Includes/Deprecated
2022-12-27T02:58:15.7072250Z       copying Cython/Includes/Deprecated/python_set.pxd -> build/lib.macosx-11.0-arm64-cpython-39/Cython/Includes/Deprecated
2022-12-27T02:58:15.7072820Z       copying Cython/Includes/Deprecated/python_getargs.pxd -> build/lib.macosx-11.0-arm64-cpython-39/Cython/Includes/Deprecated
2022-12-27T02:58:15.7073360Z       copying Cython/Includes/Deprecated/python_type.pxd -> build/lib.macosx-11.0-arm64-cpython-39/Cython/Includes/Deprecated
2022-12-27T02:58:15.7074010Z       copying Cython/Includes/Deprecated/python_version.pxd -> build/lib.macosx-11.0-arm64-cpython-39/Cython/Includes/Deprecated
2022-12-27T02:58:15.7074600Z       copying Cython/Includes/Deprecated/python_tuple.pxd -> build/lib.macosx-11.0-arm64-cpython-39/Cython/Includes/Deprecated
2022-12-27T02:58:15.7075160Z       copying Cython/Includes/Deprecated/python_weakref.pxd -> build/lib.macosx-11.0-arm64-cpython-39/Cython/Includes/Deprecated
2022-12-27T02:58:15.7075680Z       copying Cython/Includes/Deprecated/python_ref.pxd -> build/lib.macosx-11.0-arm64-cpython-39/Cython/Includes/Deprecated
2022-12-27T02:58:15.7076300Z       copying Cython/Includes/Deprecated/python_cobject.pxd -> build/lib.macosx-11.0-arm64-cpython-39/Cython/Includes/Deprecated
2022-12-27T02:58:15.7076900Z       copying Cython/Includes/Deprecated/python_function.pxd -> build/lib.macosx-11.0-arm64-cpython-39/Cython/Includes/Deprecated
2022-12-27T02:58:15.7077500Z       copying Cython/Includes/Deprecated/python_sequence.pxd -> build/lib.macosx-11.0-arm64-cpython-39/Cython/Includes/Deprecated
2022-12-27T02:58:15.7078090Z       copying Cython/Includes/Deprecated/python.pxd -> build/lib.macosx-11.0-arm64-cpython-39/Cython/Includes/Deprecated
2022-12-27T02:58:15.7078640Z       copying Cython/Includes/Deprecated/python_list.pxd -> build/lib.macosx-11.0-arm64-cpython-39/Cython/Includes/Deprecated
2022-12-27T02:58:15.7079220Z       copying Cython/Compiler/ParseTreeTransforms.pxd -> build/lib.macosx-11.0-arm64-cpython-39/Cython/Compiler
2022-12-27T02:58:15.7079820Z       copying Cython/Compiler/Scanning.pxd -> build/lib.macosx-11.0-arm64-cpython-39/Cython/Compiler
2022-12-27T02:58:15.7080370Z       copying Cython/Compiler/Parsing.pxd -> build/lib.macosx-11.0-arm64-cpython-39/Cython/Compiler
2022-12-27T02:58:15.7080840Z       copying Cython/Compiler/FlowControl.pxd -> build/lib.macosx-11.0-arm64-cpython-39/Cython/Compiler
2022-12-27T02:58:15.7081330Z       copying Cython/Compiler/Code.pxd -> build/lib.macosx-11.0-arm64-cpython-39/Cython/Compiler
2022-12-27T02:58:15.7082060Z       copying Cython/Compiler/Visitor.pxd -> build/lib.macosx-11.0-arm64-cpython-39/Cython/Compiler
2022-12-27T02:58:15.7082570Z       copying Cython/Runtime/refnanny.pyx -> build/lib.macosx-11.0-arm64-cpython-39/Cython/Runtime
2022-12-27T02:58:15.7083080Z       copying Cython/Debugger/Tests/codefile -> build/lib.macosx-11.0-arm64-cpython-39/Cython/Debugger/Tests
2022-12-27T02:58:15.7083580Z       copying Cython/Debugger/Tests/cfuncs.c -> build/lib.macosx-11.0-arm64-cpython-39/Cython/Debugger/Tests
2022-12-27T02:58:15.7084070Z       copying Cython/Plex/Scanners.pxd -> build/lib.macosx-11.0-arm64-cpython-39/Cython/Plex
2022-12-27T02:58:15.7084540Z       copying Cython/Plex/Actions.pxd -> build/lib.macosx-11.0-arm64-cpython-39/Cython/Plex
2022-12-27T02:58:15.7085030Z       copying Cython/Utility/CpdefEnums.pyx -> build/lib.macosx-11.0-arm64-cpython-39/Cython/Utility
2022-12-27T02:58:15.7085560Z       copying Cython/Utility/TestCyUtilityLoader.pyx -> build/lib.macosx-11.0-arm64-cpython-39/Cython/Utility
2022-12-27T02:58:15.7086100Z       copying Cython/Utility/CppConvert.pyx -> build/lib.macosx-11.0-arm64-cpython-39/Cython/Utility
2022-12-27T02:58:15.7086590Z       copying Cython/Utility/TestCythonScope.pyx -> build/lib.macosx-11.0-arm64-cpython-39/Cython/Utility
2022-12-27T02:58:15.7087120Z       copying Cython/Utility/MemoryView.pyx -> build/lib.macosx-11.0-arm64-cpython-39/Cython/Utility
2022-12-27T02:58:15.7087610Z       copying Cython/Utility/CConvert.pyx -> build/lib.macosx-11.0-arm64-cpython-39/Cython/Utility
2022-12-27T02:58:15.7088120Z       copying Cython/Utility/ObjectHandling.c -> build/lib.macosx-11.0-arm64-cpython-39/Cython/Utility
2022-12-27T02:58:15.7088600Z       copying Cython/Utility/Buffer.c -> build/lib.macosx-11.0-arm64-cpython-39/Cython/Utility
2022-12-27T02:58:15.7089110Z       copying Cython/Utility/Builtins.c -> build/lib.macosx-11.0-arm64-cpython-39/Cython/Utility
2022-12-27T02:58:15.7089610Z       copying Cython/Utility/Overflow.c -> build/lib.macosx-11.0-arm64-cpython-39/Cython/Utility
2022-12-27T02:58:15.7090210Z       copying Cython/Utility/Capsule.c -> build/lib.macosx-11.0-arm64-cpython-39/Cython/Utility
2022-12-27T02:58:15.7090790Z       copying Cython/Utility/FunctionArguments.c -> build/lib.macosx-11.0-arm64-cpython-39/Cython/Utility
2022-12-27T02:58:15.7091290Z       copying Cython/Utility/TestUtilityLoader.c -> build/lib.macosx-11.0-arm64-cpython-39/Cython/Utility
2022-12-27T02:58:15.7091780Z       copying Cython/Utility/MemoryView_C.c -> build/lib.macosx-11.0-arm64-cpython-39/Cython/Utility
2022-12-27T02:58:15.7092260Z       copying Cython/Utility/Printing.c -> build/lib.macosx-11.0-arm64-cpython-39/Cython/Utility
2022-12-27T02:58:15.7092760Z       copying Cython/Utility/CythonFunction.c -> build/lib.macosx-11.0-arm64-cpython-39/Cython/Utility
2022-12-27T02:58:15.7093240Z       copying Cython/Utility/Complex.c -> build/lib.macosx-11.0-arm64-cpython-39/Cython/Utility
2022-12-27T02:58:15.7093730Z       copying Cython/Utility/StringTools.c -> build/lib.macosx-11.0-arm64-cpython-39/Cython/Utility
2022-12-27T02:58:15.7094210Z       copying Cython/Utility/ImportExport.c -> build/lib.macosx-11.0-arm64-cpython-39/Cython/Utility
2022-12-27T02:58:15.7094760Z       copying Cython/Utility/CMath.c -> build/lib.macosx-11.0-arm64-cpython-39/Cython/Utility
2022-12-27T02:58:15.7095280Z       copying Cython/Utility/CommonStructures.c -> build/lib.macosx-11.0-arm64-cpython-39/Cython/Utility
2022-12-27T02:58:15.7095780Z       copying Cython/Utility/Embed.c -> build/lib.macosx-11.0-arm64-cpython-39/Cython/Utility
2022-12-27T02:58:15.7096280Z       copying Cython/Utility/ExtensionTypes.c -> build/lib.macosx-11.0-arm64-cpython-39/Cython/Utility
2022-12-27T02:58:15.7096780Z       copying Cython/Utility/Optimize.c -> build/lib.macosx-11.0-arm64-cpython-39/Cython/Utility
2022-12-27T02:58:15.7097300Z       copying Cython/Utility/ModuleSetupCode.c -> build/lib.macosx-11.0-arm64-cpython-39/Cython/Utility
2022-12-27T02:58:15.7098090Z       copying Cython/Utility/Profile.c -> build/lib.macosx-11.0-arm64-cpython-39/Cython/Utility
2022-12-27T02:58:15.7098580Z       copying Cython/Utility/Exceptions.c -> build/lib.macosx-11.0-arm64-cpython-39/Cython/Utility
2022-12-27T02:58:15.7099070Z       copying Cython/Utility/AsyncGen.c -> build/lib.macosx-11.0-arm64-cpython-39/Cython/Utility
2022-12-27T02:58:15.7099580Z       copying Cython/Utility/TypeConversion.c -> build/lib.macosx-11.0-arm64-cpython-39/Cython/Utility
2022-12-27T02:58:15.7100130Z       copying Cython/Utility/Coroutine.c -> build/lib.macosx-11.0-arm64-cpython-39/Cython/Utility
2022-12-27T02:58:15.7100620Z       copying Cython/Utility/arrayarray.h -> build/lib.macosx-11.0-arm64-cpython-39/Cython/Utility
2022-12-27T02:58:15.7101110Z       copying Cython/Utility/CppSupport.cpp -> build/lib.macosx-11.0-arm64-cpython-39/Cython/Utility
2022-12-27T02:58:15.7101390Z       running build_ext
2022-12-27T02:58:15.7101690Z       building 'Cython.Plex.Scanners' extension
2022-12-27T02:58:15.7102050Z       creating build/temp.macosx-11.0-arm64-cpython-39
2022-12-27T02:58:15.7102430Z       creating build/temp.macosx-11.0-arm64-cpython-39/private
2022-12-27T02:58:15.7102810Z       creating build/temp.macosx-11.0-arm64-cpython-39/private/var
2022-12-27T02:58:15.7103210Z       creating build/temp.macosx-11.0-arm64-cpython-39/private/var/folders
2022-12-27T02:58:15.7103640Z       creating build/temp.macosx-11.0-arm64-cpython-39/private/var/folders/51
2022-12-27T02:58:15.7104140Z       creating build/temp.macosx-11.0-arm64-cpython-39/private/var/folders/51/hd414ycd67n82196sw51xqtc0000gn
2022-12-27T02:58:15.7104680Z       creating build/temp.macosx-11.0-arm64-cpython-39/private/var/folders/51/hd414ycd67n82196sw51xqtc0000gn/T
2022-12-27T02:58:15.7105250Z       creating build/temp.macosx-11.0-arm64-cpython-39/private/var/folders/51/hd414ycd67n82196sw51xqtc0000gn/T/pip-install-r7_4ars_
2022-12-27T02:58:15.7105900Z       creating build/temp.macosx-11.0-arm64-cpython-39/private/var/folders/51/hd414ycd67n82196sw51xqtc0000gn/T/pip-install-r7_4ars_/cython_cc7e276b81644ad79f856394fe005c8d
2022-12-27T02:58:15.7106740Z       creating build/temp.macosx-11.0-arm64-cpython-39/private/var/folders/51/hd414ycd67n82196sw51xqtc0000gn/T/pip-install-r7_4ars_/cython_cc7e276b81644ad79f856394fe005c8d/Cython
2022-12-27T02:58:15.7107500Z       creating build/temp.macosx-11.0-arm64-cpython-39/private/var/folders/51/hd414ycd67n82196sw51xqtc0000gn/T/pip-install-r7_4ars_/cython_cc7e276b81644ad79f856394fe005c8d/Cython/Plex
2022-12-27T02:58:15.7109130Z       gcc -Wno-unused-result -Wsign-compare -Wunreachable-code -fno-common -dynamic -DNDEBUG -g -fwrapv -O3 -Wall -g -I/usr/local/opt/openssl@3/include -I/usr/local/opt/openssl@3/include -arch arm64 -I/private/var/folders/51/hd414ycd67n82196sw51xqtc0000gn/T/cibw-run-8eyqiq8l/cp39-macosx_arm64/build/venv/include -I/Library/Frameworks/Python.framework/Versions/3.9/include/python3.9 -c /private/var/folders/51/hd414ycd67n82196sw51xqtc0000gn/T/pip-install-r7_4ars_/cython_cc7e276b81644ad79f856394fe005c8d/Cython/Plex/Scanners.c -o build/temp.macosx-11.0-arm64-cpython-39/private/var/folders/51/hd414ycd67n82196sw51xqtc0000gn/T/pip-install-r7_4ars_/cython_cc7e276b81644ad79f856394fe005c8d/Cython/Plex/Scanners.o
2022-12-27T02:58:15.7110490Z       /private/var/folders/51/hd414ycd67n82196sw51xqtc0000gn/T/pip-install-r7_4ars_/cython_cc7e276b81644ad79f856394fe005c8d/Cython/Plex/Scanners.c:3495:51: warning: '_PyUnicode_get_wstr_length' is deprecated [-Wdeprecated-declarations]
2022-12-27T02:58:15.7110970Z                 __pyx_t_8 = (__pyx_v_data != Py_None)&&(__Pyx_PyUnicode_IS_TRUE(__pyx_v_data) != 0);
2022-12-27T02:58:15.7111230Z                                                         ^
2022-12-27T02:58:15.7111830Z       /private/var/folders/51/hd414ycd67n82196sw51xqtc0000gn/T/pip-install-r7_4ars_/cython_cc7e276b81644ad79f856394fe005c8d/Cython/Plex/Scanners.c:422:108: note: expanded from macro '__Pyx_PyUnicode_IS_TRUE'
2022-12-27T02:58:15.7112280Z         #define __Pyx_PyUnicode_IS_TRUE(u)      (0 != (likely(PyUnicode_IS_READY(u)) ? PyUnicode_GET_LENGTH(u) : PyUnicode_GET_SIZE(u)))
2022-12-27T02:58:15.7112790Z                                                                                                                  ^
2022-12-27T02:58:15.7113350Z       /Library/Frameworks/Python.framework/Versions/3.9/include/python3.9/cpython/unicodeobject.h:261:7: note: expanded from macro 'PyUnicode_GET_SIZE'
2022-12-27T02:58:15.7113700Z             PyUnicode_WSTR_LENGTH(op) :                    \
2022-12-27T02:58:15.7113890Z             ^
2022-12-27T02:58:15.7114380Z       /Library/Frameworks/Python.framework/Versions/3.9/include/python3.9/cpython/unicodeobject.h:451:35: note: expanded from macro 'PyUnicode_WSTR_LENGTH'
2022-12-27T02:58:15.7114780Z       #define PyUnicode_WSTR_LENGTH(op) _PyUnicode_get_wstr_length((PyObject*)op)
2022-12-27T02:58:15.7115020Z                                         ^
2022-12-27T02:58:15.7115580Z       /Library/Frameworks/Python.framework/Versions/3.9/include/python3.9/cpython/unicodeobject.h:445:1: note: '_PyUnicode_get_wstr_length' has been explicitly marked deprecated here
2022-12-27T02:58:15.7115970Z       Py_DEPRECATED(3.3)
2022-12-27T02:58:15.7116150Z       ^
2022-12-27T02:58:15.7116590Z       /Library/Frameworks/Python.framework/Versions/3.9/include/python3.9/pyport.h:508:54: note: expanded from macro 'Py_DEPRECATED'
2022-12-27T02:58:15.7116940Z       #define Py_DEPRECATED(VERSION_UNUSED) __attribute__((__deprecated__))
2022-12-27T02:58:15.7117200Z                                                            ^
2022-12-27T02:58:15.7117860Z       /private/var/folders/51/hd414ycd67n82196sw51xqtc0000gn/T/pip-install-r7_4ars_/cython_cc7e276b81644ad79f856394fe005c8d/Cython/Plex/Scanners.c:3495:51: warning: 'PyUnicode_AsUnicode' is deprecated [-Wdeprecated-declarations]
2022-12-27T02:58:15.7118320Z                 __pyx_t_8 = (__pyx_v_data != Py_None)&&(__Pyx_PyUnicode_IS_TRUE(__pyx_v_data) != 0);
2022-12-27T02:58:15.7118580Z                                                         ^
2022-12-27T02:58:15.7119540Z       /private/var/folders/51/hd414ycd67n82196sw51xqtc0000gn/T/pip-install-r7_4ars_/cython_cc7e276b81644ad79f856394fe005c8d/Cython/Plex/Scanners.c:422:108: note: expanded from macro '__Pyx_PyUnicode_IS_TRUE'
2022-12-27T02:58:15.7120140Z         #define __Pyx_PyUnicode_IS_TRUE(u)      (0 != (likely(PyUnicode_IS_READY(u)) ? PyUnicode_GET_LENGTH(u) : PyUnicode_GET_SIZE(u)))
2022-12-27T02:58:15.7120450Z                                                                                                                  ^
2022-12-27T02:58:15.7120990Z       /Library/Frameworks/Python.framework/Versions/3.9/include/python3.9/cpython/unicodeobject.h:262:14: note: expanded from macro 'PyUnicode_GET_SIZE'
2022-12-27T02:58:15.7121530Z             ((void)PyUnicode_AsUnicode(_PyObject_CAST(op)),\
2022-12-27T02:58:15.7121730Z                    ^
2022-12-27T02:58:15.7122270Z       /Library/Frameworks/Python.framework/Versions/3.9/include/python3.9/cpython/unicodeobject.h:580:1: note: 'PyUnicode_AsUnicode' has been explicitly marked deprecated here
2022-12-27T02:58:15.7122690Z       Py_DEPRECATED(3.3) PyAPI_FUNC(Py_UNICODE *) PyUnicode_AsUnicode(
2022-12-27T02:58:15.7122920Z       ^
2022-12-27T02:58:15.7123380Z       /Library/Frameworks/Python.framework/Versions/3.9/include/python3.9/pyport.h:508:54: note: expanded from macro 'Py_DEPRECATED'
2022-12-27T02:58:15.7123730Z       #define Py_DEPRECATED(VERSION_UNUSED) __attribute__((__deprecated__))
2022-12-27T02:58:15.7123990Z                                                            ^
2022-12-27T02:58:15.7124640Z       /private/var/folders/51/hd414ycd67n82196sw51xqtc0000gn/T/pip-install-r7_4ars_/cython_cc7e276b81644ad79f856394fe005c8d/Cython/Plex/Scanners.c:3495:51: warning: '_PyUnicode_get_wstr_length' is deprecated [-Wdeprecated-declarations]
2022-12-27T02:58:15.7125100Z                 __pyx_t_8 = (__pyx_v_data != Py_None)&&(__Pyx_PyUnicode_IS_TRUE(__pyx_v_data) != 0);
2022-12-27T02:58:15.7125360Z                                                         ^
2022-12-27T02:58:15.7126120Z       /private/var/folders/51/hd414ycd67n82196sw51xqtc0000gn/T/pip-install-r7_4ars_/cython_cc7e276b81644ad79f856394fe005c8d/Cython/Plex/Scanners.c:422:108: note: expanded from macro '__Pyx_PyUnicode_IS_TRUE'
2022-12-27T02:58:15.7126600Z         #define __Pyx_PyUnicode_IS_TRUE(u)      (0 != (likely(PyUnicode_IS_READY(u)) ? PyUnicode_GET_LENGTH(u) : PyUnicode_GET_SIZE(u)))
2022-12-27T02:58:15.7126910Z                                                                                                                  ^
2022-12-27T02:58:15.7127440Z       /Library/Frameworks/Python.framework/Versions/3.9/include/python3.9/cpython/unicodeobject.h:264:8: note: expanded from macro 'PyUnicode_GET_SIZE'
2022-12-27T02:58:15.7127770Z              PyUnicode_WSTR_LENGTH(op)))
2022-12-27T02:58:15.7127960Z              ^
2022-12-27T02:58:15.7128440Z       /Library/Frameworks/Python.framework/Versions/3.9/include/python3.9/cpython/unicodeobject.h:451:35: note: expanded from macro 'PyUnicode_WSTR_LENGTH'
2022-12-27T02:58:15.7128850Z       #define PyUnicode_WSTR_LENGTH(op) _PyUnicode_get_wstr_length((PyObject*)op)
2022-12-27T02:58:15.7129100Z                                         ^
2022-12-27T02:58:15.7129650Z       /Library/Frameworks/Python.framework/Versions/3.9/include/python3.9/cpython/unicodeobject.h:445:1: note: '_PyUnicode_get_wstr_length' has been explicitly marked deprecated here
2022-12-27T02:58:15.7130000Z       Py_DEPRECATED(3.3)
2022-12-27T02:58:15.7130160Z       ^
2022-12-27T02:58:15.7130620Z       /Library/Frameworks/Python.framework/Versions/3.9/include/python3.9/pyport.h:508:54: note: expanded from macro 'Py_DEPRECATED'
2022-12-27T02:58:15.7130960Z       #define Py_DEPRECATED(VERSION_UNUSED) __attribute__((__deprecated__))
2022-12-27T02:58:15.7131220Z                                                            ^
2022-12-27T02:58:15.7131820Z       /private/var/folders/51/hd414ycd67n82196sw51xqtc0000gn/T/pip-install-r7_4ars_/cython_cc7e276b81644ad79f856394fe005c8d/Cython/Plex/Scanners.c:8518:46: error: no member named 'tp_print' in 'struct _typeobject'
2022-12-27T02:58:15.7132240Z         __pyx_type_6Cython_4Plex_8Scanners_Scanner.tp_print = 0;
2022-12-27T02:58:15.7132600Z         ~~~~~~~~~~~~~~~~~~~~~~~~~~~~~~~~~~~~~~~~~~ ^
2022-12-27T02:58:15.7133290Z       /private/var/folders/51/hd414ycd67n82196sw51xqtc0000gn/T/pip-install-r7_4ars_/cython_cc7e276b81644ad79f856394fe005c8d/Cython/Plex/Scanners.c:9075:22: warning: '_PyUnicode_get_wstr_length' is deprecated [-Wdeprecated-declarations]
2022-12-27T02:58:15.7133760Z                           (PyUnicode_GET_SIZE(**name) != PyUnicode_GET_SIZE(key)) ? 1 :
2022-12-27T02:58:15.7133980Z                            ^
2022-12-27T02:58:15.7134480Z       /Library/Frameworks/Python.framework/Versions/3.9/include/python3.9/cpython/unicodeobject.h:261:7: note: expanded from macro 'PyUnicode_GET_SIZE'
2022-12-27T02:58:15.7134810Z             PyUnicode_WSTR_LENGTH(op) :                    \
2022-12-27T02:58:15.7135010Z             ^
2022-12-27T02:58:15.7135500Z       /Library/Frameworks/Python.framework/Versions/3.9/include/python3.9/cpython/unicodeobject.h:451:35: note: expanded from macro 'PyUnicode_WSTR_LENGTH'
2022-12-27T02:58:15.7135900Z       #define PyUnicode_WSTR_LENGTH(op) _PyUnicode_get_wstr_length((PyObject*)op)
2022-12-27T02:58:15.7136160Z                                         ^
2022-12-27T02:58:15.7136720Z       /Library/Frameworks/Python.framework/Versions/3.9/include/python3.9/cpython/unicodeobject.h:445:1: note: '_PyUnicode_get_wstr_length' has been explicitly marked deprecated here
2022-12-27T02:58:15.7137070Z       Py_DEPRECATED(3.3)
2022-12-27T02:58:15.7137240Z       ^
2022-12-27T02:58:15.7137690Z       /Library/Frameworks/Python.framework/Versions/3.9/include/python3.9/pyport.h:508:54: note: expanded from macro 'Py_DEPRECATED'
2022-12-27T02:58:15.7138030Z       #define Py_DEPRECATED(VERSION_UNUSED) __attribute__((__deprecated__))
2022-12-27T02:58:15.7138280Z                                                            ^
2022-12-27T02:58:15.7139120Z       /private/var/folders/51/hd414ycd67n82196sw51xqtc0000gn/T/pip-install-r7_4ars_/cython_cc7e276b81644ad79f856394fe005c8d/Cython/Plex/Scanners.c:9075:22: warning: 'PyUnicode_AsUnicode' is deprecated [-Wdeprecated-declarations]
2022-12-27T02:58:15.7139570Z                           (PyUnicode_GET_SIZE(**name) != PyUnicode_GET_SIZE(key)) ? 1 :
2022-12-27T02:58:15.7139790Z                            ^
2022-12-27T02:58:15.7140350Z       /Library/Frameworks/Python.framework/Versions/3.9/include/python3.9/cpython/unicodeobject.h:262:14: note: expanded from macro 'PyUnicode_GET_SIZE'
2022-12-27T02:58:15.7140710Z             ((void)PyUnicode_AsUnicode(_PyObject_CAST(op)),\
2022-12-27T02:58:15.7140920Z                    ^
2022-12-27T02:58:15.7141470Z       /Library/Frameworks/Python.framework/Versions/3.9/include/python3.9/cpython/unicodeobject.h:580:1: note: 'PyUnicode_AsUnicode' has been explicitly marked deprecated here
2022-12-27T02:58:15.7141860Z       Py_DEPRECATED(3.3) PyAPI_FUNC(Py_UNICODE *) PyUnicode_AsUnicode(
2022-12-27T02:58:15.7142090Z       ^
2022-12-27T02:58:15.7142530Z       /Library/Frameworks/Python.framework/Versions/3.9/include/python3.9/pyport.h:508:54: note: expanded from macro 'Py_DEPRECATED'
2022-12-27T02:58:15.7142890Z       #define Py_DEPRECATED(VERSION_UNUSED) __attribute__((__deprecated__))
2022-12-27T02:58:15.7143130Z                                                            ^
2022-12-27T02:58:15.7143780Z       /private/var/folders/51/hd414ycd67n82196sw51xqtc0000gn/T/pip-install-r7_4ars_/cython_cc7e276b81644ad79f856394fe005c8d/Cython/Plex/Scanners.c:9075:22: warning: '_PyUnicode_get_wstr_length' is deprecated [-Wdeprecated-declarations]
2022-12-27T02:58:15.7144230Z                           (PyUnicode_GET_SIZE(**name) != PyUnicode_GET_SIZE(key)) ? 1 :
2022-12-27T02:58:15.7144460Z                            ^
2022-12-27T02:58:15.7144950Z       /Library/Frameworks/Python.framework/Versions/3.9/include/python3.9/cpython/unicodeobject.h:264:8: note: expanded from macro 'PyUnicode_GET_SIZE'
2022-12-27T02:58:15.7145270Z              PyUnicode_WSTR_LENGTH(op)))
2022-12-27T02:58:15.7145460Z              ^
2022-12-27T02:58:15.7146070Z       /Library/Frameworks/Python.framework/Versions/3.9/include/python3.9/cpython/unicodeobject.h:451:35: note: expanded from macro 'PyUnicode_WSTR_LENGTH'
2022-12-27T02:58:15.7146510Z       #define PyUnicode_WSTR_LENGTH(op) _PyUnicode_get_wstr_length((PyObject*)op)
2022-12-27T02:58:15.7146740Z                                         ^
2022-12-27T02:58:15.7147290Z       /Library/Frameworks/Python.framework/Versions/3.9/include/python3.9/cpython/unicodeobject.h:445:1: note: '_PyUnicode_get_wstr_length' has been explicitly marked deprecated here
2022-12-27T02:58:15.7147650Z       Py_DEPRECATED(3.3)
2022-12-27T02:58:15.7147820Z       ^
2022-12-27T02:58:15.7148270Z       /Library/Frameworks/Python.framework/Versions/3.9/include/python3.9/pyport.h:508:54: note: expanded from macro 'Py_DEPRECATED'
2022-12-27T02:58:15.7148610Z       #define Py_DEPRECATED(VERSION_UNUSED) __attribute__((__deprecated__))
2022-12-27T02:58:15.7148870Z                                                            ^
2022-12-27T02:58:15.7149520Z       /private/var/folders/51/hd414ycd67n82196sw51xqtc0000gn/T/pip-install-r7_4ars_/cython_cc7e276b81644ad79f856394fe005c8d/Cython/Plex/Scanners.c:9075:52: warning: '_PyUnicode_get_wstr_length' is deprecated [-Wdeprecated-declarations]
2022-12-27T02:58:15.7149980Z                           (PyUnicode_GET_SIZE(**name) != PyUnicode_GET_SIZE(key)) ? 1 :
2022-12-27T02:58:15.7150220Z                                                          ^
2022-12-27T02:58:15.7150720Z       /Library/Frameworks/Python.framework/Versions/3.9/include/python3.9/cpython/unicodeobject.h:261:7: note: expanded from macro 'PyUnicode_GET_SIZE'
2022-12-27T02:58:15.7151060Z             PyUnicode_WSTR_LENGTH(op) :                    \
2022-12-27T02:58:15.7151250Z             ^
2022-12-27T02:58:15.7151750Z       /Library/Frameworks/Python.framework/Versions/3.9/include/python3.9/cpython/unicodeobject.h:451:35: note: expanded from macro 'PyUnicode_WSTR_LENGTH'
2022-12-27T02:58:15.7152300Z       #define PyUnicode_WSTR_LENGTH(op) _PyUnicode_get_wstr_length((PyObject*)op)
2022-12-27T02:58:15.7152550Z                                         ^
2022-12-27T02:58:15.7153110Z       /Library/Frameworks/Python.framework/Versions/3.9/include/python3.9/cpython/unicodeobject.h:445:1: note: '_PyUnicode_get_wstr_length' has been explicitly marked deprecated here
2022-12-27T02:58:15.7153450Z       Py_DEPRECATED(3.3)
2022-12-27T02:58:15.7153620Z       ^
2022-12-27T02:58:15.7154060Z       /Library/Frameworks/Python.framework/Versions/3.9/include/python3.9/pyport.h:508:54: note: expanded from macro 'Py_DEPRECATED'
2022-12-27T02:58:15.7154410Z       #define Py_DEPRECATED(VERSION_UNUSED) __attribute__((__deprecated__))
2022-12-27T02:58:15.7154660Z                                                            ^
2022-12-27T02:58:15.7155280Z       /private/var/folders/51/hd414ycd67n82196sw51xqtc0000gn/T/pip-install-r7_4ars_/cython_cc7e276b81644ad79f856394fe005c8d/Cython/Plex/Scanners.c:9075:52: warning: 'PyUnicode_AsUnicode' is deprecated [-Wdeprecated-declarations]
2022-12-27T02:58:15.7155750Z                           (PyUnicode_GET_SIZE(**name) != PyUnicode_GET_SIZE(key)) ? 1 :
2022-12-27T02:58:15.7156000Z                                                          ^
2022-12-27T02:58:15.7156500Z       /Library/Frameworks/Python.framework/Versions/3.9/include/python3.9/cpython/unicodeobject.h:262:14: note: expanded from macro 'PyUnicode_GET_SIZE'
2022-12-27T02:58:15.7156870Z             ((void)PyUnicode_AsUnicode(_PyObject_CAST(op)),\
2022-12-27T02:58:15.7157070Z                    ^
2022-12-27T02:58:15.7157600Z       /Library/Frameworks/Python.framework/Versions/3.9/include/python3.9/cpython/unicodeobject.h:580:1: note: 'PyUnicode_AsUnicode' has been explicitly marked deprecated here
2022-12-27T02:58:15.7157990Z       Py_DEPRECATED(3.3) PyAPI_FUNC(Py_UNICODE *) PyUnicode_AsUnicode(
2022-12-27T02:58:15.7158210Z       ^
2022-12-27T02:58:15.7158670Z       /Library/Frameworks/Python.framework/Versions/3.9/include/python3.9/pyport.h:508:54: note: expanded from macro 'Py_DEPRECATED'
2022-12-27T02:58:15.7159160Z       #define Py_DEPRECATED(VERSION_UNUSED) __attribute__((__deprecated__))
2022-12-27T02:58:15.7159450Z                                                            ^
2022-12-27T02:58:15.7160170Z       /private/var/folders/51/hd414ycd67n82196sw51xqtc0000gn/T/pip-install-r7_4ars_/cython_cc7e276b81644ad79f856394fe005c8d/Cython/Plex/Scanners.c:9075:52: warning: '_PyUnicode_get_wstr_length' is deprecated [-Wdeprecated-declarations]
2022-12-27T02:58:15.7160630Z                           (PyUnicode_GET_SIZE(**name) != PyUnicode_GET_SIZE(key)) ? 1 :
2022-12-27T02:58:15.7160870Z                                                          ^
2022-12-27T02:58:15.7161380Z       /Library/Frameworks/Python.framework/Versions/3.9/include/python3.9/cpython/unicodeobject.h:264:8: note: expanded from macro 'PyUnicode_GET_SIZE'
2022-12-27T02:58:15.7161730Z              PyUnicode_WSTR_LENGTH(op)))
2022-12-27T02:58:15.7161910Z              ^
2022-12-27T02:58:15.7162410Z       /Library/Frameworks/Python.framework/Versions/3.9/include/python3.9/cpython/unicodeobject.h:451:35: note: expanded from macro 'PyUnicode_WSTR_LENGTH'
2022-12-27T02:58:15.7162800Z       #define PyUnicode_WSTR_LENGTH(op) _PyUnicode_get_wstr_length((PyObject*)op)
2022-12-27T02:58:15.7163050Z                                         ^
2022-12-27T02:58:15.7163590Z       /Library/Frameworks/Python.framework/Versions/3.9/include/python3.9/cpython/unicodeobject.h:445:1: note: '_PyUnicode_get_wstr_length' has been explicitly marked deprecated here
2022-12-27T02:58:15.7163930Z       Py_DEPRECATED(3.3)
2022-12-27T02:58:15.7164090Z       ^
2022-12-27T02:58:15.7164540Z       /Library/Frameworks/Python.framework/Versions/3.9/include/python3.9/pyport.h:508:54: note: expanded from macro 'Py_DEPRECATED'
2022-12-27T02:58:15.7164880Z       #define Py_DEPRECATED(VERSION_UNUSED) __attribute__((__deprecated__))
2022-12-27T02:58:15.7165310Z                                                            ^
2022-12-27T02:58:15.7165970Z       /private/var/folders/51/hd414ycd67n82196sw51xqtc0000gn/T/pip-install-r7_4ars_/cython_cc7e276b81644ad79f856394fe005c8d/Cython/Plex/Scanners.c:9091:26: warning: '_PyUnicode_get_wstr_length' is deprecated [-Wdeprecated-declarations]
2022-12-27T02:58:15.7166440Z                               (PyUnicode_GET_SIZE(**argname) != PyUnicode_GET_SIZE(key)) ? 1 :
2022-12-27T02:58:15.7166660Z                                ^
2022-12-27T02:58:15.7167170Z       /Library/Frameworks/Python.framework/Versions/3.9/include/python3.9/cpython/unicodeobject.h:261:7: note: expanded from macro 'PyUnicode_GET_SIZE'
2022-12-27T02:58:15.7167520Z             PyUnicode_WSTR_LENGTH(op) :                    \
2022-12-27T02:58:15.7167710Z             ^
2022-12-27T02:58:15.7168200Z       /Library/Frameworks/Python.framework/Versions/3.9/include/python3.9/cpython/unicodeobject.h:451:35: note: expanded from macro 'PyUnicode_WSTR_LENGTH'
2022-12-27T02:58:15.7168600Z       #define PyUnicode_WSTR_LENGTH(op) _PyUnicode_get_wstr_length((PyObject*)op)
2022-12-27T02:58:15.7168850Z                                         ^
2022-12-27T02:58:15.7169390Z       /Library/Frameworks/Python.framework/Versions/3.9/include/python3.9/cpython/unicodeobject.h:445:1: note: '_PyUnicode_get_wstr_length' has been explicitly marked deprecated here
2022-12-27T02:58:15.7169750Z       Py_DEPRECATED(3.3)
2022-12-27T02:58:15.7169920Z       ^
2022-12-27T02:58:15.7170360Z       /Library/Frameworks/Python.framework/Versions/3.9/include/python3.9/pyport.h:508:54: note: expanded from macro 'Py_DEPRECATED'
2022-12-27T02:58:15.7170720Z       #define Py_DEPRECATED(VERSION_UNUSED) __attribute__((__deprecated__))
2022-12-27T02:58:15.7170970Z                                                            ^
2022-12-27T02:58:15.7171610Z       /private/var/folders/51/hd414ycd67n82196sw51xqtc0000gn/T/pip-install-r7_4ars_/cython_cc7e276b81644ad79f856394fe005c8d/Cython/Plex/Scanners.c:9091:26: warning: 'PyUnicode_AsUnicode' is deprecated [-Wdeprecated-declarations]
2022-12-27T02:58:15.7172200Z                               (PyUnicode_GET_SIZE(**argname) != PyUnicode_GET_SIZE(key)) ? 1 :
2022-12-27T02:58:15.7172470Z                                ^
2022-12-27T02:58:15.7172980Z       /Library/Frameworks/Python.framework/Versions/3.9/include/python3.9/cpython/unicodeobject.h:262:14: note: expanded from macro 'PyUnicode_GET_SIZE'
2022-12-27T02:58:15.7173350Z             ((void)PyUnicode_AsUnicode(_PyObject_CAST(op)),\
2022-12-27T02:58:15.7173550Z                    ^
2022-12-27T02:58:15.7174080Z       /Library/Frameworks/Python.framework/Versions/3.9/include/python3.9/cpython/unicodeobject.h:580:1: note: 'PyUnicode_AsUnicode' has been explicitly marked deprecated here
2022-12-27T02:58:15.7174470Z       Py_DEPRECATED(3.3) PyAPI_FUNC(Py_UNICODE *) PyUnicode_AsUnicode(
2022-12-27T02:58:15.7174690Z       ^
2022-12-27T02:58:15.7175140Z       /Library/Frameworks/Python.framework/Versions/3.9/include/python3.9/pyport.h:508:54: note: expanded from macro 'Py_DEPRECATED'
2022-12-27T02:58:15.7175500Z       #define Py_DEPRECATED(VERSION_UNUSED) __attribute__((__deprecated__))
2022-12-27T02:58:15.7175760Z                                                            ^
2022-12-27T02:58:15.7176420Z       /private/var/folders/51/hd414ycd67n82196sw51xqtc0000gn/T/pip-install-r7_4ars_/cython_cc7e276b81644ad79f856394fe005c8d/Cython/Plex/Scanners.c:9091:26: warning: '_PyUnicode_get_wstr_length' is deprecated [-Wdeprecated-declarations]
2022-12-27T02:58:15.7176900Z                               (PyUnicode_GET_SIZE(**argname) != PyUnicode_GET_SIZE(key)) ? 1 :
2022-12-27T02:58:15.7177130Z                                ^
2022-12-27T02:58:15.7177620Z       /Library/Frameworks/Python.framework/Versions/3.9/include/python3.9/cpython/unicodeobject.h:264:8: note: expanded from macro 'PyUnicode_GET_SIZE'
2022-12-27T02:58:15.7177950Z              PyUnicode_WSTR_LENGTH(op)))
2022-12-27T02:58:15.7178130Z              ^
2022-12-27T02:58:15.7178840Z       /Library/Frameworks/Python.framework/Versions/3.9/include/python3.9/cpython/unicodeobject.h:451:35: note: expanded from macro 'PyUnicode_WSTR_LENGTH'
2022-12-27T02:58:15.7179230Z       #define PyUnicode_WSTR_LENGTH(op) _PyUnicode_get_wstr_length((PyObject*)op)
2022-12-27T02:58:15.7179470Z                                         ^
2022-12-27T02:58:15.7180020Z       /Library/Frameworks/Python.framework/Versions/3.9/include/python3.9/cpython/unicodeobject.h:445:1: note: '_PyUnicode_get_wstr_length' has been explicitly marked deprecated here
2022-12-27T02:58:15.7180440Z       Py_DEPRECATED(3.3)
2022-12-27T02:58:15.7180610Z       ^
2022-12-27T02:58:15.7181060Z       /Library/Frameworks/Python.framework/Versions/3.9/include/python3.9/pyport.h:508:54: note: expanded from macro 'Py_DEPRECATED'
2022-12-27T02:58:15.7181420Z       #define Py_DEPRECATED(VERSION_UNUSED) __attribute__((__deprecated__))
2022-12-27T02:58:15.7181710Z                                                            ^
2022-12-27T02:58:15.7182370Z       /private/var/folders/51/hd414ycd67n82196sw51xqtc0000gn/T/pip-install-r7_4ars_/cython_cc7e276b81644ad79f856394fe005c8d/Cython/Plex/Scanners.c:9091:59: warning: '_PyUnicode_get_wstr_length' is deprecated [-Wdeprecated-declarations]
2022-12-27T02:58:15.7182840Z                               (PyUnicode_GET_SIZE(**argname) != PyUnicode_GET_SIZE(key)) ? 1 :
2022-12-27T02:58:15.7183100Z                                                                 ^
2022-12-27T02:58:15.7183620Z       /Library/Frameworks/Python.framework/Versions/3.9/include/python3.9/cpython/unicodeobject.h:261:7: note: expanded from macro 'PyUnicode_GET_SIZE'
2022-12-27T02:58:15.7183960Z             PyUnicode_WSTR_LENGTH(op) :                    \
2022-12-27T02:58:15.7184150Z             ^
2022-12-27T02:58:15.7184640Z       /Library/Frameworks/Python.framework/Versions/3.9/include/python3.9/cpython/unicodeobject.h:451:35: note: expanded from macro 'PyUnicode_WSTR_LENGTH'
2022-12-27T02:58:15.7185030Z       #define PyUnicode_WSTR_LENGTH(op) _PyUnicode_get_wstr_length((PyObject*)op)
2022-12-27T02:58:15.7185280Z                                         ^
2022-12-27T02:58:15.7185970Z       /Library/Frameworks/Python.framework/Versions/3.9/include/python3.9/cpython/unicodeobject.h:445:1: note: '_PyUnicode_get_wstr_length' has been explicitly marked deprecated here
2022-12-27T02:58:15.7186350Z       Py_DEPRECATED(3.3)
2022-12-27T02:58:15.7186520Z       ^
2022-12-27T02:58:15.7186990Z       /Library/Frameworks/Python.framework/Versions/3.9/include/python3.9/pyport.h:508:54: note: expanded from macro 'Py_DEPRECATED'
2022-12-27T02:58:15.7187350Z       #define Py_DEPRECATED(VERSION_UNUSED) __attribute__((__deprecated__))
2022-12-27T02:58:15.7187580Z                                                            ^
2022-12-27T02:58:15.7188210Z       /private/var/folders/51/hd414ycd67n82196sw51xqtc0000gn/T/pip-install-r7_4ars_/cython_cc7e276b81644ad79f856394fe005c8d/Cython/Plex/Scanners.c:9091:59: warning: 'PyUnicode_AsUnicode' is deprecated [-Wdeprecated-declarations]
2022-12-27T02:58:15.7188680Z                               (PyUnicode_GET_SIZE(**argname) != PyUnicode_GET_SIZE(key)) ? 1 :
2022-12-27T02:58:15.7188920Z                                                                 ^
2022-12-27T02:58:15.7189430Z       /Library/Frameworks/Python.framework/Versions/3.9/include/python3.9/cpython/unicodeobject.h:262:14: note: expanded from macro 'PyUnicode_GET_SIZE'
2022-12-27T02:58:15.7189780Z             ((void)PyUnicode_AsUnicode(_PyObject_CAST(op)),\
2022-12-27T02:58:15.7189990Z                    ^
2022-12-27T02:58:15.7190530Z       /Library/Frameworks/Python.framework/Versions/3.9/include/python3.9/cpython/unicodeobject.h:580:1: note: 'PyUnicode_AsUnicode' has been explicitly marked deprecated here
2022-12-27T02:58:15.7190920Z       Py_DEPRECATED(3.3) PyAPI_FUNC(Py_UNICODE *) PyUnicode_AsUnicode(
2022-12-27T02:58:15.7191140Z       ^
2022-12-27T02:58:15.7191600Z       /Library/Frameworks/Python.framework/Versions/3.9/include/python3.9/pyport.h:508:54: note: expanded from macro 'Py_DEPRECATED'
2022-12-27T02:58:15.7192130Z       #define Py_DEPRECATED(VERSION_UNUSED) __attribute__((__deprecated__))
2022-12-27T02:58:15.7192380Z                                                            ^
2022-12-27T02:58:15.7193060Z       /private/var/folders/51/hd414ycd67n82196sw51xqtc0000gn/T/pip-install-r7_4ars_/cython_cc7e276b81644ad79f856394fe005c8d/Cython/Plex/Scanners.c:9091:59: warning: '_PyUnicode_get_wstr_length' is deprecated [-Wdeprecated-declarations]
2022-12-27T02:58:15.7193500Z                               (PyUnicode_GET_SIZE(**argname) != PyUnicode_GET_SIZE(key)) ? 1 :
2022-12-27T02:58:15.7193740Z                                                                 ^
2022-12-27T02:58:15.7194250Z       /Library/Frameworks/Python.framework/Versions/3.9/include/python3.9/cpython/unicodeobject.h:264:8: note: expanded from macro 'PyUnicode_GET_SIZE'
2022-12-27T02:58:15.7194600Z              PyUnicode_WSTR_LENGTH(op)))
2022-12-27T02:58:15.7194780Z              ^
2022-12-27T02:58:15.7195300Z       /Library/Frameworks/Python.framework/Versions/3.9/include/python3.9/cpython/unicodeobject.h:451:35: note: expanded from macro 'PyUnicode_WSTR_LENGTH'
2022-12-27T02:58:15.7195690Z       #define PyUnicode_WSTR_LENGTH(op) _PyUnicode_get_wstr_length((PyObject*)op)
2022-12-27T02:58:15.7195940Z                                         ^
2022-12-27T02:58:15.7196480Z       /Library/Frameworks/Python.framework/Versions/3.9/include/python3.9/cpython/unicodeobject.h:445:1: note: '_PyUnicode_get_wstr_length' has been explicitly marked deprecated here
2022-12-27T02:58:15.7196820Z       Py_DEPRECATED(3.3)
2022-12-27T02:58:15.7197000Z       ^
2022-12-27T02:58:15.7197440Z       /Library/Frameworks/Python.framework/Versions/3.9/include/python3.9/pyport.h:508:54: note: expanded from macro 'Py_DEPRECATED'
2022-12-27T02:58:15.7197790Z       #define Py_DEPRECATED(VERSION_UNUSED) __attribute__((__deprecated__))
2022-12-27T02:58:15.7198040Z                                                            ^
2022-12-27T02:58:15.7198810Z       /private/var/folders/51/hd414ycd67n82196sw51xqtc0000gn/T/pip-install-r7_4ars_/cython_cc7e276b81644ad79f856394fe005c8d/Cython/Plex/Scanners.c:9540:16: warning: 'PyUnicode_FromUnicode' is deprecated [-Wdeprecated-declarations]
2022-12-27T02:58:15.7199290Z               return PyUnicode_FromUnicode(NULL, 0);
2022-12-27T02:58:15.7199480Z                      ^
2022-12-27T02:58:15.7200100Z       /Library/Frameworks/Python.framework/Versions/3.9/include/python3.9/cpython/unicodeobject.h:551:1: note: 'PyUnicode_FromUnicode' has been explicitly marked deprecated here
2022-12-27T02:58:15.7200500Z       Py_DEPRECATED(3.3) PyAPI_FUNC(PyObject*) PyUnicode_FromUnicode(
2022-12-27T02:58:15.7200710Z       ^
2022-12-27T02:58:15.7201150Z       /Library/Frameworks/Python.framework/Versions/3.9/include/python3.9/pyport.h:508:54: note: expanded from macro 'Py_DEPRECATED'
2022-12-27T02:58:15.7201500Z       #define Py_DEPRECATED(VERSION_UNUSED) __attribute__((__deprecated__))
2022-12-27T02:58:15.7201750Z                                                            ^
2022-12-27T02:58:15.7201940Z       16 warnings and 1 error generated.
2022-12-27T02:58:15.7202300Z       error: command '/usr/bin/gcc' failed with exit code 1
2022-12-27T02:58:15.7202510Z       [end of output]
2022-12-27T02:58:15.7202660Z   
2022-12-27T02:58:15.7202900Z   note: This error originates from a subprocess, and is likely not a problem with pip.
2022-12-27T02:58:15.7203290Z error: legacy-install-failure
2022-12-27T02:58:15.7203430Z 
2022-12-27T02:58:15.7203640Z × Encountered error while trying to install package.
2022-12-27T02:58:15.7203920Z ╰─> cython
2022-12-27T02:58:15.7204020Z 
2022-12-27T02:58:15.7204150Z note: This is an issue with the package mentioned above, not pip.
2022-12-27T02:58:15.7204420Z hint: See above for output from the failure.
2022-12-27T02:58:15.7204630Z   Rolling back uninstall of Cython
2022-12-27T02:58:15.7205100Z   Moving to /private/var/folders/51/hd414ycd67n82196sw51xqtc0000gn/T/cibw-run-8eyqiq8l/cp39-macosx_arm64/build/venv/bin/cygdb
2022-12-27T02:58:15.7205830Z    from /private/var/folders/51/hd414ycd67n82196sw51xqtc0000gn/T/pip-uninstall-iwh43bg5/cygdb
2022-12-27T02:58:15.7206390Z   Moving to /private/var/folders/51/hd414ycd67n82196sw51xqtc0000gn/T/cibw-run-8eyqiq8l/cp39-macosx_arm64/build/venv/bin/cython
2022-12-27T02:58:15.7206880Z    from /private/var/folders/51/hd414ycd67n82196sw51xqtc0000gn/T/pip-uninstall-iwh43bg5/cython
2022-12-27T02:58:15.7207410Z   Moving to /private/var/folders/51/hd414ycd67n82196sw51xqtc0000gn/T/cibw-run-8eyqiq8l/cp39-macosx_arm64/build/venv/bin/cythonize
2022-12-27T02:58:15.7207930Z    from /private/var/folders/51/hd414ycd67n82196sw51xqtc0000gn/T/pip-uninstall-iwh43bg5/cythonize
2022-12-27T02:58:15.7208540Z   Moving to /private/var/folders/51/hd414ycd67n82196sw51xqtc0000gn/T/cibw-run-8eyqiq8l/cp39-macosx_arm64/build/venv/lib/python3.9/site-packages/Cython-0.29.32.dist-info/
2022-12-27T02:58:15.7209210Z    from /private/var/folders/51/hd414ycd67n82196sw51xqtc0000gn/T/cibw-run-8eyqiq8l/cp39-macosx_arm64/build/venv/lib/python3.9/site-packages/~ython-0.29.32.dist-info
2022-12-27T02:58:15.7209860Z   Moving to /private/var/folders/51/hd414ycd67n82196sw51xqtc0000gn/T/cibw-run-8eyqiq8l/cp39-macosx_arm64/build/venv/lib/python3.9/site-packages/Cython/
2022-12-27T02:58:15.7210460Z    from /private/var/folders/51/hd414ycd67n82196sw51xqtc0000gn/T/cibw-run-8eyqiq8l/cp39-macosx_arm64/build/venv/lib/python3.9/site-packages/~ython
2022-12-27T02:58:15.7211110Z   Moving to /private/var/folders/51/hd414ycd67n82196sw51xqtc0000gn/T/cibw-run-8eyqiq8l/cp39-macosx_arm64/build/venv/lib/python3.9/site-packages/__pycache__/cython.cpython-39.pyc
2022-12-27T02:58:15.7211670Z    from /private/var/folders/51/hd414ycd67n82196sw51xqtc0000gn/T/pip-uninstall-tra645i9/cython.cpython-39.pyc
2022-12-27T02:58:15.7212270Z   Moving to /private/var/folders/51/hd414ycd67n82196sw51xqtc0000gn/T/cibw-run-8eyqiq8l/cp39-macosx_arm64/build/venv/lib/python3.9/site-packages/cython.py
2022-12-27T02:58:15.7212800Z    from /private/var/folders/51/hd414ycd67n82196sw51xqtc0000gn/T/pip-uninstall-mqglx23p/cython.py
2022-12-27T02:58:15.7213540Z   Moving to /private/var/folders/51/hd414ycd67n82196sw51xqtc0000gn/T/cibw-run-8eyqiq8l/cp39-macosx_arm64/build/venv/lib/python3.9/site-packages/pyximport/
2022-12-27T02:58:15.7214230Z    from /private/var/folders/51/hd414ycd67n82196sw51xqtc0000gn/T/cibw-run-8eyqiq8l/cp39-macosx_arm64/build/venv/lib/python3.9/site-packages/~yximport
2022-12-27T02:58:15.9425450Z ##[endgroup]
2022-12-27T02:58:15.9449190Z ##[error]Command pip install Cython; if [[ -f requirements.txt ]]; then pip install -r requirements.txt; fi failed with code 1. None
2022-12-27T02:58:15.9455090Z 
2022-12-27T02:58:15.9455480Z                                                              [31m✕ [0m14.37s
2022-12-27T02:58:16.0045020Z ##[error]Process completed with exit code 1.
2022-12-27T02:58:16.0087690Z ##[group]Run rm -rf build_grpcio114239 wheelsout
2022-12-27T02:58:16.0087880Z [36;1mrm -rf build_grpcio114239 wheelsout[0m
2022-12-27T02:58:16.0102670Z shell: /bin/bash -e {0}
2022-12-27T02:58:16.0102790Z env:
2022-12-27T02:58:16.0102940Z   pythonLocation: /Users/runner/hostedtoolcache/Python/3.9.16/x64
2022-12-27T02:58:16.0103150Z   PKG_CONFIG_PATH: /Users/runner/hostedtoolcache/Python/3.9.16/x64/lib/pkgconfig
2022-12-27T02:58:16.0103340Z   Python_ROOT_DIR: /Users/runner/hostedtoolcache/Python/3.9.16/x64
2022-12-27T02:58:16.0103530Z   Python2_ROOT_DIR: /Users/runner/hostedtoolcache/Python/3.9.16/x64
2022-12-27T02:58:16.0103710Z   Python3_ROOT_DIR: /Users/runner/hostedtoolcache/Python/3.9.16/x64
2022-12-27T02:58:16.0103850Z ##[endgroup]
2022-12-27T02:58:16.1353590Z Cleaning up orphan processes
