2022-12-27T01:50:48.6387356Z Requested labels: self-hosted, macOS, X64
2022-12-27T01:50:48.6387427Z Job defined at: kilnbuild/python.build/.github/workflows/mac_arm_build.yml@refs/heads/main
2022-12-27T01:50:48.6387455Z Waiting for a runner to pick up this job...
2022-12-27T01:50:49.3769989Z Job is about to start running on the runner: kr2 (organization)
2022-12-27T01:50:56.8795570Z Current runner version: '2.300.2'
2022-12-27T01:50:56.8802840Z Runner name: 'kr2'
2022-12-27T01:50:56.8803210Z Runner group name: 'Default'
2022-12-27T01:50:56.8804020Z Machine name: 'kr2'
2022-12-27T01:50:56.8806960Z ##[group]GITHUB_TOKEN Permissions
2022-12-27T01:50:56.8807550Z Actions: write
2022-12-27T01:50:56.8807800Z Checks: write
2022-12-27T01:50:56.8808040Z Contents: write
2022-12-27T01:50:56.8808280Z Deployments: write
2022-12-27T01:50:56.8808540Z Discussions: write
2022-12-27T01:50:56.8808780Z Issues: write
2022-12-27T01:50:56.8809070Z Metadata: read
2022-12-27T01:50:56.8809320Z Packages: write
2022-12-27T01:50:56.8809560Z Pages: write
2022-12-27T01:50:56.8809800Z PullRequests: write
2022-12-27T01:50:56.8810100Z RepositoryProjects: write
2022-12-27T01:50:56.8810380Z SecurityEvents: write
2022-12-27T01:50:56.8810630Z Statuses: write
2022-12-27T01:50:56.8810870Z ##[endgroup]
2022-12-27T01:50:56.8814820Z Secret source: Actions
2022-12-27T01:50:56.8815310Z Prepare workflow directory
2022-12-27T01:50:57.0082620Z Prepare all required actions
2022-12-27T01:50:57.0293210Z Getting action download info
2022-12-27T01:50:57.5016060Z Download action repository 'actions/setup-python@v4' (SHA:5ccb29d8773c3f3f653e1705f474dfaa8a06a912)
2022-12-27T01:50:58.9999120Z Download action repository 'actions/upload-artifact@v3' (SHA:83fd05a356d7e2593de66fc9913b3002723633cb)
2022-12-27T01:51:00.4298790Z ##[group]Run echo '{
2022-12-27T01:51:00.4299300Z [36;1mecho '{[0m
2022-12-27T01:51:00.4299720Z [36;1m  "environment_variables": "GRPC_PYTHON_BUILD_WITH_CYTHON=1 GRPC_BUILD_WITH_BORING_SSL_ASM='' GRPC_PYTHON_BUILD_SYSTEM_OPENSSL=TRUE",[0m
2022-12-27T01:51:00.4300060Z [36;1m  "package_name": "grpcio",[0m
2022-12-27T01:51:00.4300590Z [36;1m  "package_url": "https://files.pythonhosted.org/packages/65/43/5198cfbfa6737acc8b45f7196eacfb105d8c0167492244cd6cbd547d8de6/grpcio-0.4.0a5.tar.gz",[0m
2022-12-27T01:51:00.4300970Z [36;1m  "package_version": "0.4.0a5",[0m
2022-12-27T01:51:00.4301200Z [36;1m  "python_version": "3.11",[0m
2022-12-27T01:51:00.4301400Z [36;1m  "use_ccache": "true"[0m
2022-12-27T01:51:00.4301640Z [36;1m}'[0m
2022-12-27T01:51:00.4329720Z shell: /bin/bash -e {0}
2022-12-27T01:51:00.4330070Z ##[endgroup]
2022-12-27T01:51:00.4724430Z {
2022-12-27T01:51:00.4727400Z   "environment_variables": "GRPC_PYTHON_BUILD_WITH_CYTHON=1 GRPC_BUILD_WITH_BORING_SSL_ASM= GRPC_PYTHON_BUILD_SYSTEM_OPENSSL=TRUE",
2022-12-27T01:51:00.4727880Z   "package_name": "grpcio",
2022-12-27T01:51:00.4728940Z   "package_url": "https://files.pythonhosted.org/packages/65/43/5198cfbfa6737acc8b45f7196eacfb105d8c0167492244cd6cbd547d8de6/grpcio-0.4.0a5.tar.gz",
2022-12-27T01:51:00.4729560Z   "package_version": "0.4.0a5",
2022-12-27T01:51:00.4729840Z   "python_version": "3.11",
2022-12-27T01:51:00.4730340Z   "use_ccache": "true"
2022-12-27T01:51:00.4730700Z }
2022-12-27T01:51:00.5083240Z ##[group]Run actions/setup-python@v4
2022-12-27T01:51:00.5083750Z with:
2022-12-27T01:51:00.5084070Z   python-version: 3.11
2022-12-27T01:51:00.5084330Z   check-latest: false
2022-12-27T01:51:00.5084910Z   token: ***
2022-12-27T01:51:00.5085400Z   update-environment: true
2022-12-27T01:51:00.5085730Z ##[endgroup]
2022-12-27T01:51:01.0129540Z ##[group]Installed versions
2022-12-27T01:51:01.0258410Z Successfully set up CPython (3.11.1)
2022-12-27T01:51:01.0259490Z ##[endgroup]
2022-12-27T01:51:01.0481170Z ##[group]Run if [ "true" == "true" ]
2022-12-27T01:51:01.0481670Z [36;1mif [ "true" == "true" ][0m
2022-12-27T01:51:01.0482080Z [36;1mthen[0m
2022-12-27T01:51:01.0482490Z [36;1m  echo "CCACHE_PATH_PREPEND=/usr/local/opt/ccache/libexec" >> $GITHUB_OUTPUT[0m
2022-12-27T01:51:01.0482820Z [36;1melse[0m
2022-12-27T01:51:01.0483310Z [36;1m  echo "CCACHE_PATH_PREPEND=" >> $GITHUB_OUTPUT[0m
2022-12-27T01:51:01.0483800Z [36;1mfi[0m
2022-12-27T01:51:01.0542680Z shell: /bin/bash -e {0}
2022-12-27T01:51:01.0543110Z env:
2022-12-27T01:51:01.0543820Z   pythonLocation: /Users/runner/hostedtoolcache/Python/3.11.1/x64
2022-12-27T01:51:01.0544290Z   PKG_CONFIG_PATH: /Users/runner/hostedtoolcache/Python/3.11.1/x64/lib/pkgconfig
2022-12-27T01:51:01.0545340Z   Python_ROOT_DIR: /Users/runner/hostedtoolcache/Python/3.11.1/x64
2022-12-27T01:51:01.0545960Z   Python2_ROOT_DIR: /Users/runner/hostedtoolcache/Python/3.11.1/x64
2022-12-27T01:51:01.0546660Z   Python3_ROOT_DIR: /Users/runner/hostedtoolcache/Python/3.11.1/x64
2022-12-27T01:51:01.0546970Z ##[endgroup]
2022-12-27T01:51:01.0851450Z ##[group]Run echo "BUILD_NAME=$(echo grpcio_0.4.0a5_3.11 | tr -dc '[:alnum:]\n\r' | tr '[:upper:]' '[:lower:]')" >> $GITHUB_OUTPUT
2022-12-27T01:51:01.0852200Z [36;1mecho "BUILD_NAME=$(echo grpcio_0.4.0a5_3.11 | tr -dc '[:alnum:]\n\r' | tr '[:upper:]' '[:lower:]')" >> $GITHUB_OUTPUT[0m
2022-12-27T01:51:01.0881670Z shell: /bin/bash -e {0}
2022-12-27T01:51:01.0882080Z env:
2022-12-27T01:51:01.0882450Z   pythonLocation: /Users/runner/hostedtoolcache/Python/3.11.1/x64
2022-12-27T01:51:01.0882910Z   PKG_CONFIG_PATH: /Users/runner/hostedtoolcache/Python/3.11.1/x64/lib/pkgconfig
2022-12-27T01:51:01.0883330Z   Python_ROOT_DIR: /Users/runner/hostedtoolcache/Python/3.11.1/x64
2022-12-27T01:51:01.0883880Z   Python2_ROOT_DIR: /Users/runner/hostedtoolcache/Python/3.11.1/x64
2022-12-27T01:51:01.0884290Z   Python3_ROOT_DIR: /Users/runner/hostedtoolcache/Python/3.11.1/x64
2022-12-27T01:51:01.0884580Z ##[endgroup]
2022-12-27T01:51:01.1178460Z ##[group]Run echo "PYTHON_NO_DOTS=$(echo 3.11 | tr -dc '[:alnum:]\n\r' | tr '[:upper:]' '[:lower:]')" >> $GITHUB_OUTPUT
2022-12-27T01:51:01.1179160Z [36;1mecho "PYTHON_NO_DOTS=$(echo 3.11 | tr -dc '[:alnum:]\n\r' | tr '[:upper:]' '[:lower:]')" >> $GITHUB_OUTPUT[0m
2022-12-27T01:51:01.1207870Z shell: /bin/bash -e {0}
2022-12-27T01:51:01.1208240Z env:
2022-12-27T01:51:01.1208540Z   pythonLocation: /Users/runner/hostedtoolcache/Python/3.11.1/x64
2022-12-27T01:51:01.1210050Z   PKG_CONFIG_PATH: /Users/runner/hostedtoolcache/Python/3.11.1/x64/lib/pkgconfig
2022-12-27T01:51:01.1210560Z   Python_ROOT_DIR: /Users/runner/hostedtoolcache/Python/3.11.1/x64
2022-12-27T01:51:01.1210970Z   Python2_ROOT_DIR: /Users/runner/hostedtoolcache/Python/3.11.1/x64
2022-12-27T01:51:01.1211470Z   Python3_ROOT_DIR: /Users/runner/hostedtoolcache/Python/3.11.1/x64
2022-12-27T01:51:01.1211800Z ##[endgroup]
2022-12-27T01:51:01.1459170Z ##[group]Run rm -rf build_grpcio040a5311
2022-12-27T01:51:01.1459890Z [36;1mrm -rf build_grpcio040a5311[0m
2022-12-27T01:51:01.1460190Z [36;1mmkdir build_grpcio040a5311[0m
2022-12-27T01:51:01.1460590Z [36;1mcd build_grpcio040a5311[0m
2022-12-27T01:51:01.1461130Z [36;1m/usr/local/bin/wget --quiet https://files.pythonhosted.org/packages/65/43/5198cfbfa6737acc8b45f7196eacfb105d8c0167492244cd6cbd547d8de6/grpcio-0.4.0a5.tar.gz[0m
2022-12-27T01:51:01.1461570Z [36;1mtar xf *.tar.gz[0m
2022-12-27T01:51:01.1461990Z [36;1mcd grpcio-*/[0m
2022-12-27T01:51:01.1462370Z [36;1mpython -m pip install cibuildwheel==2.11.3[0m
2022-12-27T01:51:01.1462780Z [36;1mpython -m cibuildwheel --output-dir ../wheelsout[0m
2022-12-27T01:51:01.1495180Z shell: /bin/bash -e {0}
2022-12-27T01:51:01.1495580Z env:
2022-12-27T01:51:01.1495960Z   pythonLocation: /Users/runner/hostedtoolcache/Python/3.11.1/x64
2022-12-27T01:51:01.1496480Z   PKG_CONFIG_PATH: /Users/runner/hostedtoolcache/Python/3.11.1/x64/lib/pkgconfig
2022-12-27T01:51:01.1497020Z   Python_ROOT_DIR: /Users/runner/hostedtoolcache/Python/3.11.1/x64
2022-12-27T01:51:01.1497400Z   Python2_ROOT_DIR: /Users/runner/hostedtoolcache/Python/3.11.1/x64
2022-12-27T01:51:01.1497850Z   Python3_ROOT_DIR: /Users/runner/hostedtoolcache/Python/3.11.1/x64
2022-12-27T01:51:01.1498230Z   CIBW_ARCHS_MACOS: arm64
2022-12-27T01:51:01.1498500Z   CIBW_TEST_SKIP: *_arm64
2022-12-27T01:51:01.1498920Z   CIBW_BUILD: cp311-macosx_arm64
2022-12-27T01:51:01.1499270Z   CIBW_BUILD_FRONTEND: pip
2022-12-27T01:51:01.1499550Z   CIBW_BUILD_VERBOSITY: 3
2022-12-27T01:51:01.1500370Z   CIBW_ENVIRONMENT_MACOS: GRPC_PYTHON_BUILD_WITH_CYTHON=1 GRPC_BUILD_WITH_BORING_SSL_ASM='' GRPC_PYTHON_BUILD_SYSTEM_OPENSSL=TRUE CFLAGS="-I/usr/local/opt/openssl@3/include" LDFLAGS="-L/usr/local/opt/openssl@3/lib" CPPFLAGS="-I/usr/local/opt/openssl@3/include" MAKEFLAGS="-j$(sysctl -n hw.logicalcpu)" PATH=/usr/local/opt/ccache/libexec:$PATH
2022-12-27T01:51:01.1501520Z   CIBW_BEFORE_BUILD: pip install Cython; if [[ -f requirements.txt ]]; then pip install -r requirements.txt; fi
2022-12-27T01:51:01.1502060Z   MAKEFLAGS: -j$(sysctl -n hw.logicalcpu)
2022-12-27T01:51:01.1502340Z ##[endgroup]
2022-12-27T01:51:02.3133000Z Requirement already satisfied: cibuildwheel==2.11.3 in /Library/Frameworks/Python.framework/Versions/3.11/lib/python3.11/site-packages (2.11.3)
2022-12-27T01:51:02.3702860Z Requirement already satisfied: bashlex!=0.13 in /Library/Frameworks/Python.framework/Versions/3.11/lib/python3.11/site-packages (from cibuildwheel==2.11.3) (0.16)
2022-12-27T01:51:02.3710360Z Requirement already satisfied: bracex in /Library/Frameworks/Python.framework/Versions/3.11/lib/python3.11/site-packages (from cibuildwheel==2.11.3) (2.3.post1)
2022-12-27T01:51:02.3720150Z Requirement already satisfied: certifi in /Library/Frameworks/Python.framework/Versions/3.11/lib/python3.11/site-packages (from cibuildwheel==2.11.3) (2022.12.7)
2022-12-27T01:51:02.3729260Z Requirement already satisfied: filelock in /Library/Frameworks/Python.framework/Versions/3.11/lib/python3.11/site-packages (from cibuildwheel==2.11.3) (3.8.2)
2022-12-27T01:51:02.3742440Z Requirement already satisfied: packaging>=20.9 in /Library/Frameworks/Python.framework/Versions/3.11/lib/python3.11/site-packages (from cibuildwheel==2.11.3) (22.0)
2022-12-27T01:51:02.3755040Z Requirement already satisfied: platformdirs in /Library/Frameworks/Python.framework/Versions/3.11/lib/python3.11/site-packages (from cibuildwheel==2.11.3) (2.6.0)
2022-12-27T01:51:02.7706610Z 
2022-12-27T01:51:02.7708580Z      _ _       _ _   _       _           _
2022-12-27T01:51:02.7709950Z  ___|_| |_ _ _|_| |_| |_ _ _| |_ ___ ___| |
2022-12-27T01:51:02.7711200Z |  _| | . | | | | | . | | | |   | -_| -_| |
2022-12-27T01:51:02.7711910Z |___|_|___|___|_|_|___|_____|_|_|___|___|_|
2022-12-27T01:51:02.7712300Z 
2022-12-27T01:51:02.7712760Z cibuildwheel version 2.11.3
2022-12-27T01:51:02.7713280Z 
2022-12-27T01:51:02.7713550Z Build options:
2022-12-27T01:51:02.7714960Z   platform: macos
2022-12-27T01:51:02.7778510Z   architectures: arm64[0m
2022-12-27T01:51:02.7780790Z   build_selector: 
2022-12-27T01:51:02.7782010Z     build_config: cp311-macosx_arm64
2022-12-27T01:51:02.7783770Z     skip_config: 
2022-12-27T01:51:02.7784480Z     requires_python: None
2022-12-27T01:51:02.7785220Z     prerelease_pythons: False[0m
2022-12-27T01:51:02.7786070Z   [38;5;244mcontainer_engine: docker[0m
2022-12-27T01:51:02.7787190Z   output_dir: /Users/runner/actions-runner/_work/python.build/python.build/build_grpcio040a5311/wheelsout[0m
2022-12-27T01:51:02.7788780Z   package_dir: /Users/runner/actions-runner/_work/python.build/python.build/build_grpcio040a5311/grpcio-0.4.0a5[0m
2022-12-27T01:51:02.7789500Z   test_selector: 
2022-12-27T01:51:02.7790260Z     skip_config: *_arm64[0m
2022-12-27T01:51:02.7791180Z   [38;5;244mbefore_all: [0m
2022-12-27T01:51:02.7792480Z   before_build: pip install Cython; if [[ -f requirements.txt ]]; then pip install -r requirements.txt; fi[0m
2022-12-27T01:51:02.7793790Z   [38;5;244mbefore_test: [0m
2022-12-27T01:51:02.7794600Z   [38;5;244mbuild_frontend: pip[0m
2022-12-27T01:51:02.7795260Z   build_verbosity: 3[0m
2022-12-27T01:51:02.7796050Z   [38;5;244mconfig_settings: [0m
2022-12-27T01:51:02.7797140Z   [38;5;244mdependency_constraints: pinned[0m
2022-12-27T01:51:02.7797820Z   environment: 
2022-12-27T01:51:02.7798360Z     GRPC_PYTHON_BUILD_WITH_CYTHON=1
2022-12-27T01:51:02.7799410Z     GRPC_BUILD_WITH_BORING_SSL_ASM=''
2022-12-27T01:51:02.7800300Z     GRPC_PYTHON_BUILD_SYSTEM_OPENSSL=TRUE
2022-12-27T01:51:02.7801330Z     CFLAGS="-I/usr/local/opt/openssl@3/include"
2022-12-27T01:51:02.7802260Z     LDFLAGS="-L/usr/local/opt/openssl@3/lib"
2022-12-27T01:51:02.7803360Z     CPPFLAGS="-I/usr/local/opt/openssl@3/include"
2022-12-27T01:51:02.7804140Z     MAKEFLAGS="-j$(sysctl -n hw.logicalcpu)"
2022-12-27T01:51:02.7805740Z     PATH=/usr/local/opt/ccache/libexec:$PATH[0m
2022-12-27T01:51:02.7806830Z   [38;5;244mmanylinux_images: None[0m
2022-12-27T01:51:02.7807580Z   [38;5;244mmusllinux_images: None[0m
2022-12-27T01:51:02.7808650Z   [38;5;244mrepair_command: delocate-wheel --require-archs {delocate_archs} -w {dest_dir} -v {wheel}[0m
2022-12-27T01:51:02.7809600Z   [38;5;244mtest_command: [0m
2022-12-27T01:51:02.7810760Z   [38;5;244mtest_extras: [0m
2022-12-27T01:51:02.7811480Z   [38;5;244mtest_requires: [0m
2022-12-27T01:51:02.7811860Z 
2022-12-27T01:51:02.7812240Z Cache folder: /Users/runner/Library/Caches/cibuildwheel
2022-12-27T01:51:02.7812720Z 
2022-12-27T01:51:02.7812980Z Here we go!
2022-12-27T01:51:02.7813320Z 
2022-12-27T01:51:02.7877700Z 
2022-12-27T01:51:02.7878590Z [1m[34mBuilding cp311-macosx_arm64 wheel[0m
2022-12-27T01:51:02.7880450Z CPython 3.11 macOS arm64 - Apple Silicon
2022-12-27T01:51:02.7881080Z 
2022-12-27T01:51:02.7883650Z ##[group]Installing Python cp311...
2022-12-27T01:51:02.7884240Z 
2022-12-27T01:51:02.7884630Z + pkgutil --pkgs
2022-12-27T01:51:02.8270050Z ##[endgroup]
2022-12-27T01:51:02.8274220Z                                                               [32m✓ [0m0.04s
2022-12-27T01:51:02.8275830Z ##[group]Setting up build environment...
2022-12-27T01:51:02.8276230Z 
2022-12-27T01:51:02.8307690Z + /Library/Frameworks/Python.framework/Versions/3.11/bin/python -sS /Users/runner/Library/Caches/cibuildwheel/virtualenv-20.17.0.pyz --activators= --no-periodic-update --pip=22.3.1 --setuptools=65.6.3 --wheel=0.38.4 --symlink-app-data --python /Library/Frameworks/Python.framework/Versions/3.11/bin/python3 /private/var/folders/51/hd414ycd67n82196sw51xqtc0000gn/T/cibw-run-dtirrd52/cp311-macosx_arm64/build/venv
2022-12-27T01:51:03.1509880Z created virtual environment CPython3.11.1.final.0-64 in 89ms
2022-12-27T01:51:03.1510820Z   creator CPython3Posix(dest=/private/var/folders/51/hd414ycd67n82196sw51xqtc0000gn/T/cibw-run-dtirrd52/cp311-macosx_arm64/build/venv, clear=False, no_vcs_ignore=False, global=False)
2022-12-27T01:51:03.1512010Z   seeder FromAppData(download=False, pip=22.3.1, setuptools=65.6.3, wheel=0.38.4, via=symlink, app_data_dir=/Users/runner/Library/Application Support/virtualenv)
2022-12-27T01:51:03.1512530Z     added seed packages: pip==22.3.1, setuptools==65.6.3, wheel==0.38.4
2022-12-27T01:51:03.1806260Z + python -m pip install --upgrade pip -c /Library/Frameworks/Python.framework/Versions/3.11/lib/python3.11/site-packages/cibuildwheel/resources/constraints-python311.txt
2022-12-27T01:51:03.7351160Z Requirement already satisfied: pip in ./lib/python3.11/site-packages (22.3.1)
2022-12-27T01:51:03.9876650Z + which pip
2022-12-27T01:51:03.9942550Z /private/var/folders/51/hd414ycd67n82196sw51xqtc0000gn/T/cibw-run-dtirrd52/cp311-macosx_arm64/build/venv/bin/pip
2022-12-27T01:51:03.9950570Z + pip --version
2022-12-27T01:51:04.2992140Z pip 22.3.1 from /private/var/folders/51/hd414ycd67n82196sw51xqtc0000gn/T/cibw-run-dtirrd52/cp311-macosx_arm64/build/venv/lib/python3.11/site-packages/pip (python 3.11)
2022-12-27T01:51:04.3562680Z + which pip
2022-12-27T01:51:04.3628760Z + which python
2022-12-27T01:51:04.3679890Z /private/var/folders/51/hd414ycd67n82196sw51xqtc0000gn/T/cibw-run-dtirrd52/cp311-macosx_arm64/build/venv/bin/python
2022-12-27T01:51:04.3685020Z + python --version
2022-12-27T01:51:04.3786610Z Python 3.11.1
2022-12-27T01:51:04.3793430Z + which python
2022-12-27T01:51:04.3882030Z ##[endgroup]
2022-12-27T01:51:04.3884040Z                                                               [32m✓ [0m1.56s
2022-12-27T01:51:04.3884670Z ##[group]Installing build tools...
2022-12-27T01:51:04.3884890Z 
2022-12-27T01:51:04.3885460Z + pip install --upgrade setuptools wheel delocate -c /Library/Frameworks/Python.framework/Versions/3.11/lib/python3.11/site-packages/cibuildwheel/resources/constraints-python311.txt
2022-12-27T01:51:04.8144410Z Requirement already satisfied: setuptools in /private/var/folders/51/hd414ycd67n82196sw51xqtc0000gn/T/cibw-run-dtirrd52/cp311-macosx_arm64/build/venv/lib/python3.11/site-packages (65.6.3)
2022-12-27T01:51:05.0824080Z Requirement already satisfied: wheel in /private/var/folders/51/hd414ycd67n82196sw51xqtc0000gn/T/cibw-run-dtirrd52/cp311-macosx_arm64/build/venv/lib/python3.11/site-packages (0.38.4)
2022-12-27T01:51:05.1434810Z Collecting delocate
2022-12-27T01:51:05.1485630Z   Using cached delocate-0.10.3-py3-none-any.whl (142 kB)
2022-12-27T01:51:05.1898780Z Collecting packaging>=20.9
2022-12-27T01:51:05.1937900Z   Using cached packaging-21.3-py3-none-any.whl (40 kB)
2022-12-27T01:51:05.2175790Z Collecting typing-extensions
2022-12-27T01:51:05.2222740Z   Using cached typing_extensions-4.4.0-py3-none-any.whl (26 kB)
2022-12-27T01:51:05.2703490Z Collecting pyparsing!=3.0.5,>=2.0.2
2022-12-27T01:51:05.2755800Z   Using cached pyparsing-3.0.9-py3-none-any.whl (98 kB)
2022-12-27T01:51:05.3646680Z Installing collected packages: typing-extensions, pyparsing, packaging, delocate
2022-12-27T01:51:05.5756170Z Successfully installed delocate-0.10.3 packaging-21.3 pyparsing-3.0.9 typing-extensions-4.4.0
2022-12-27T01:51:05.7014780Z ##[endgroup]
2022-12-27T01:51:05.7019020Z                                                               [32m✓ [0m1.31s
2022-12-27T01:51:05.7020420Z ##[group]Running before_build...
2022-12-27T01:51:05.7020700Z 
2022-12-27T01:51:05.7023180Z + pip install Cython; if [[ -f requirements.txt ]]; then pip install -r requirements.txt; fi
2022-12-27T01:51:06.5673250Z Collecting Cython
2022-12-27T01:51:06.5836950Z   Using cached Cython-0.29.32-py2.py3-none-any.whl (986 kB)
2022-12-27T01:51:06.6537560Z Installing collected packages: Cython
2022-12-27T01:51:07.3418460Z Successfully installed Cython-0.29.32
2022-12-27T01:51:07.4714050Z ##[endgroup]
2022-12-27T01:51:07.4715290Z                                                               [32m✓ [0m1.77s
2022-12-27T01:51:07.4716580Z ##[group]Building wheel...
2022-12-27T01:51:07.4716970Z 
2022-12-27T01:51:07.4722420Z + python -m pip wheel /Users/runner/actions-runner/_work/python.build/python.build/build_grpcio040a5311/grpcio-0.4.0a5 --wheel-dir=/private/var/folders/51/hd414ycd67n82196sw51xqtc0000gn/T/cibw-run-dtirrd52/cp311-macosx_arm64/built_wheel --no-deps -vvv
2022-12-27T01:51:07.8511050Z Created temporary directory: /private/var/folders/51/hd414ycd67n82196sw51xqtc0000gn/T/pip-ephem-wheel-cache-qpf6ij22
2022-12-27T01:51:07.8512680Z Created temporary directory: /private/var/folders/51/hd414ycd67n82196sw51xqtc0000gn/T/pip-build-tracker-_cdjoqk5
2022-12-27T01:51:07.8515190Z Initialized build tracking at /private/var/folders/51/hd414ycd67n82196sw51xqtc0000gn/T/pip-build-tracker-_cdjoqk5
2022-12-27T01:51:07.8516570Z Created build tracker: /private/var/folders/51/hd414ycd67n82196sw51xqtc0000gn/T/pip-build-tracker-_cdjoqk5
2022-12-27T01:51:07.8519070Z Entered build tracker: /private/var/folders/51/hd414ycd67n82196sw51xqtc0000gn/T/pip-build-tracker-_cdjoqk5
2022-12-27T01:51:07.8522580Z Created temporary directory: /private/var/folders/51/hd414ycd67n82196sw51xqtc0000gn/T/pip-wheel-_cnym1zj
2022-12-27T01:51:07.8531360Z Created temporary directory: /private/var/folders/51/hd414ycd67n82196sw51xqtc0000gn/T/pip-ephem-wheel-cache-_kocpv4j
2022-12-27T01:51:07.8659790Z Processing /Users/runner/actions-runner/_work/python.build/python.build/build_grpcio040a5311/grpcio-0.4.0a5
2022-12-27T01:51:07.8663740Z   Added file:///Users/runner/actions-runner/_work/python.build/python.build/build_grpcio040a5311/grpcio-0.4.0a5 to build tracker '/private/var/folders/51/hd414ycd67n82196sw51xqtc0000gn/T/pip-build-tracker-_cdjoqk5'
2022-12-27T01:51:07.8670520Z   Running setup.py (path:/Users/runner/actions-runner/_work/python.build/python.build/build_grpcio040a5311/grpcio-0.4.0a5/setup.py) egg_info for package from file:///Users/runner/actions-runner/_work/python.build/python.build/build_grpcio040a5311/grpcio-0.4.0a5
2022-12-27T01:51:07.8673680Z   Created temporary directory: /private/var/folders/51/hd414ycd67n82196sw51xqtc0000gn/T/pip-pip-egg-info-q5clq9dz
2022-12-27T01:51:07.8675950Z   Preparing metadata (setup.py): started
2022-12-27T01:51:07.8679290Z   Running command python setup.py egg_info
2022-12-27T01:51:08.1555580Z   running egg_info
2022-12-27T01:51:08.1557650Z   creating /private/var/folders/51/hd414ycd67n82196sw51xqtc0000gn/T/pip-pip-egg-info-q5clq9dz/grpcio.egg-info
2022-12-27T01:51:08.1565820Z   writing /private/var/folders/51/hd414ycd67n82196sw51xqtc0000gn/T/pip-pip-egg-info-q5clq9dz/grpcio.egg-info/PKG-INFO
2022-12-27T01:51:08.1574670Z   writing dependency_links to /private/var/folders/51/hd414ycd67n82196sw51xqtc0000gn/T/pip-pip-egg-info-q5clq9dz/grpcio.egg-info/dependency_links.txt
2022-12-27T01:51:08.1579750Z   writing requirements to /private/var/folders/51/hd414ycd67n82196sw51xqtc0000gn/T/pip-pip-egg-info-q5clq9dz/grpcio.egg-info/requires.txt
2022-12-27T01:51:08.1583190Z   writing top-level names to /private/var/folders/51/hd414ycd67n82196sw51xqtc0000gn/T/pip-pip-egg-info-q5clq9dz/grpcio.egg-info/top_level.txt
2022-12-27T01:51:08.1586710Z   writing manifest file '/private/var/folders/51/hd414ycd67n82196sw51xqtc0000gn/T/pip-pip-egg-info-q5clq9dz/grpcio.egg-info/SOURCES.txt'
2022-12-27T01:51:08.2922070Z   reading manifest file '/private/var/folders/51/hd414ycd67n82196sw51xqtc0000gn/T/pip-pip-egg-info-q5clq9dz/grpcio.egg-info/SOURCES.txt'
2022-12-27T01:51:08.2925750Z   reading manifest template 'MANIFEST.in'
2022-12-27T01:51:08.2971220Z   writing manifest file '/private/var/folders/51/hd414ycd67n82196sw51xqtc0000gn/T/pip-pip-egg-info-q5clq9dz/grpcio.egg-info/SOURCES.txt'
2022-12-27T01:51:08.3549870Z   Preparing metadata (setup.py): finished with status 'done'
2022-12-27T01:51:08.3610340Z   Source in /Users/runner/actions-runner/_work/python.build/python.build/build_grpcio040a5311/grpcio-0.4.0a5 has version 0.4.0a5, which satisfies requirement grpcio==0.4.0a5 from file:///Users/runner/actions-runner/_work/python.build/python.build/build_grpcio040a5311/grpcio-0.4.0a5
2022-12-27T01:51:08.3615860Z   Removed grpcio==0.4.0a5 from file:///Users/runner/actions-runner/_work/python.build/python.build/build_grpcio040a5311/grpcio-0.4.0a5 from build tracker '/private/var/folders/51/hd414ycd67n82196sw51xqtc0000gn/T/pip-build-tracker-_cdjoqk5'
2022-12-27T01:51:08.3647700Z Created temporary directory: /private/var/folders/51/hd414ycd67n82196sw51xqtc0000gn/T/pip-unpack-reqt0jh_
2022-12-27T01:51:08.3649330Z Building wheels for collected packages: grpcio
2022-12-27T01:51:08.3657500Z   Created temporary directory: /private/var/folders/51/hd414ycd67n82196sw51xqtc0000gn/T/pip-wheel-1o65l7p_
2022-12-27T01:51:08.3659570Z   Building wheel for grpcio (setup.py): started
2022-12-27T01:51:08.3661360Z   Destination directory: /private/var/folders/51/hd414ycd67n82196sw51xqtc0000gn/T/pip-wheel-1o65l7p_
2022-12-27T01:51:08.3662900Z   Running command python setup.py bdist_wheel
2022-12-27T01:51:08.6275910Z   running bdist_wheel
2022-12-27T01:51:08.7489350Z   running build
2022-12-27T01:51:08.7490350Z   running build_py
2022-12-27T01:51:08.7518270Z   creating build
2022-12-27T01:51:08.7521540Z   creating build/lib.macosx-11.0-arm64-cpython-311
2022-12-27T01:51:08.7522580Z   creating build/lib.macosx-11.0-arm64-cpython-311/grpc
2022-12-27T01:51:08.7525010Z   copying grpc/__init__.py -> build/lib.macosx-11.0-arm64-cpython-311/grpc
2022-12-27T01:51:08.7536770Z   creating build/lib.macosx-11.0-arm64-cpython-311/grpc/_adapter
2022-12-27T01:51:08.7537800Z   copying grpc/_adapter/fore.py -> build/lib.macosx-11.0-arm64-cpython-311/grpc/_adapter
2022-12-27T01:51:08.7545480Z   copying grpc/_adapter/_event_invocation_synchronous_event_service_test.py -> build/lib.macosx-11.0-arm64-cpython-311/grpc/_adapter
2022-12-27T01:51:08.7547630Z   copying grpc/_adapter/_lonely_rear_link_test.py -> build/lib.macosx-11.0-arm64-cpython-311/grpc/_adapter
2022-12-27T01:51:08.7549900Z   copying grpc/_adapter/_face_test_case.py -> build/lib.macosx-11.0-arm64-cpython-311/grpc/_adapter
2022-12-27T01:51:08.7556510Z   copying grpc/_adapter/_future_invocation_asynchronous_event_service_test.py -> build/lib.macosx-11.0-arm64-cpython-311/grpc/_adapter
2022-12-27T01:51:08.7558990Z   copying grpc/_adapter/_common.py -> build/lib.macosx-11.0-arm64-cpython-311/grpc/_adapter
2022-12-27T01:51:08.7560640Z   copying grpc/_adapter/__init__.py -> build/lib.macosx-11.0-arm64-cpython-311/grpc/_adapter
2022-12-27T01:51:08.7565710Z   copying grpc/_adapter/_low.py -> build/lib.macosx-11.0-arm64-cpython-311/grpc/_adapter
2022-12-27T01:51:08.7569360Z   copying grpc/_adapter/_blocking_invocation_inline_service_test.py -> build/lib.macosx-11.0-arm64-cpython-311/grpc/_adapter
2022-12-27T01:51:08.7572190Z   copying grpc/_adapter/_test_links.py -> build/lib.macosx-11.0-arm64-cpython-311/grpc/_adapter
2022-12-27T01:51:08.7576780Z   copying grpc/_adapter/rear.py -> build/lib.macosx-11.0-arm64-cpython-311/grpc/_adapter
2022-12-27T01:51:08.7580540Z   copying grpc/_adapter/_proto_scenarios.py -> build/lib.macosx-11.0-arm64-cpython-311/grpc/_adapter
2022-12-27T01:51:08.7583490Z   copying grpc/_adapter/_low_test.py -> build/lib.macosx-11.0-arm64-cpython-311/grpc/_adapter
2022-12-27T01:51:08.7587980Z   copying grpc/_adapter/_datatypes.py -> build/lib.macosx-11.0-arm64-cpython-311/grpc/_adapter
2022-12-27T01:51:08.7590640Z   copying grpc/_adapter/_links_test.py -> build/lib.macosx-11.0-arm64-cpython-311/grpc/_adapter
2022-12-27T01:51:08.7597840Z   copying grpc/_adapter/_c_test.py -> build/lib.macosx-11.0-arm64-cpython-311/grpc/_adapter
2022-12-27T01:51:08.7601860Z   creating build/lib.macosx-11.0-arm64-cpython-311/grpc/_junkdrawer
2022-12-27T01:51:08.7603620Z   copying grpc/_junkdrawer/stock_pb2.py -> build/lib.macosx-11.0-arm64-cpython-311/grpc/_junkdrawer
2022-12-27T01:51:08.7610700Z   copying grpc/_junkdrawer/__init__.py -> build/lib.macosx-11.0-arm64-cpython-311/grpc/_junkdrawer
2022-12-27T01:51:08.7612820Z   copying grpc/_junkdrawer/math_pb2.py -> build/lib.macosx-11.0-arm64-cpython-311/grpc/_junkdrawer
2022-12-27T01:51:08.7618180Z   creating build/lib.macosx-11.0-arm64-cpython-311/grpc/early_adopter
2022-12-27T01:51:08.7620610Z   copying grpc/early_adopter/__init__.py -> build/lib.macosx-11.0-arm64-cpython-311/grpc/early_adopter
2022-12-27T01:51:08.7623990Z   copying grpc/early_adopter/implementations_test.py -> build/lib.macosx-11.0-arm64-cpython-311/grpc/early_adopter
2022-12-27T01:51:08.7628340Z   copying grpc/early_adopter/implementations.py -> build/lib.macosx-11.0-arm64-cpython-311/grpc/early_adopter
2022-12-27T01:51:08.7634140Z   creating build/lib.macosx-11.0-arm64-cpython-311/grpc/framework
2022-12-27T01:51:08.7635600Z   copying grpc/framework/__init__.py -> build/lib.macosx-11.0-arm64-cpython-311/grpc/framework
2022-12-27T01:51:08.7643660Z   creating build/lib.macosx-11.0-arm64-cpython-311/grpc/framework/alpha
2022-12-27T01:51:08.7769110Z   copying grpc/framework/alpha/interfaces.py -> build/lib.macosx-11.0-arm64-cpython-311/grpc/framework/alpha
2022-12-27T01:51:08.7770860Z   copying grpc/framework/alpha/_face_utilities.py -> build/lib.macosx-11.0-arm64-cpython-311/grpc/framework/alpha
2022-12-27T01:51:08.7771690Z   copying grpc/framework/alpha/__init__.py -> build/lib.macosx-11.0-arm64-cpython-311/grpc/framework/alpha
2022-12-27T01:51:08.7772520Z   copying grpc/framework/alpha/exceptions.py -> build/lib.macosx-11.0-arm64-cpython-311/grpc/framework/alpha
2022-12-27T01:51:08.7773130Z   copying grpc/framework/alpha/_reexport.py -> build/lib.macosx-11.0-arm64-cpython-311/grpc/framework/alpha
2022-12-27T01:51:08.7773760Z   copying grpc/framework/alpha/utilities.py -> build/lib.macosx-11.0-arm64-cpython-311/grpc/framework/alpha
2022-12-27T01:51:08.7774280Z   creating build/lib.macosx-11.0-arm64-cpython-311/grpc/framework/base
2022-12-27T01:51:08.7774800Z   copying grpc/framework/base/interfaces.py -> build/lib.macosx-11.0-arm64-cpython-311/grpc/framework/base
2022-12-27T01:51:08.7775510Z   copying grpc/framework/base/_constants.py -> build/lib.macosx-11.0-arm64-cpython-311/grpc/framework/base
2022-12-27T01:51:08.7776110Z   copying grpc/framework/base/_expiration.py -> build/lib.macosx-11.0-arm64-cpython-311/grpc/framework/base
2022-12-27T01:51:08.7776750Z   copying grpc/framework/base/_transmission.py -> build/lib.macosx-11.0-arm64-cpython-311/grpc/framework/base
2022-12-27T01:51:08.7778110Z   copying grpc/framework/base/_reception.py -> build/lib.macosx-11.0-arm64-cpython-311/grpc/framework/base
2022-12-27T01:51:08.7778850Z   copying grpc/framework/base/_ingestion.py -> build/lib.macosx-11.0-arm64-cpython-311/grpc/framework/base
2022-12-27T01:51:08.7779450Z   copying grpc/framework/base/util.py -> build/lib.macosx-11.0-arm64-cpython-311/grpc/framework/base
2022-12-27T01:51:08.7780100Z   copying grpc/framework/base/_termination.py -> build/lib.macosx-11.0-arm64-cpython-311/grpc/framework/base
2022-12-27T01:51:08.7780770Z   copying grpc/framework/base/null.py -> build/lib.macosx-11.0-arm64-cpython-311/grpc/framework/base
2022-12-27T01:51:08.7781420Z   copying grpc/framework/base/__init__.py -> build/lib.macosx-11.0-arm64-cpython-311/grpc/framework/base
2022-12-27T01:51:08.7782030Z   copying grpc/framework/base/_interfaces.py -> build/lib.macosx-11.0-arm64-cpython-311/grpc/framework/base
2022-12-27T01:51:08.7782700Z   copying grpc/framework/base/_context.py -> build/lib.macosx-11.0-arm64-cpython-311/grpc/framework/base
2022-12-27T01:51:08.7783430Z   copying grpc/framework/base/implementations_test.py -> build/lib.macosx-11.0-arm64-cpython-311/grpc/framework/base
2022-12-27T01:51:08.7784140Z   copying grpc/framework/base/interfaces_test_case.py -> build/lib.macosx-11.0-arm64-cpython-311/grpc/framework/base
2022-12-27T01:51:08.7784760Z   copying grpc/framework/base/exceptions.py -> build/lib.macosx-11.0-arm64-cpython-311/grpc/framework/base
2022-12-27T01:51:08.7785430Z   copying grpc/framework/base/_ends.py -> build/lib.macosx-11.0-arm64-cpython-311/grpc/framework/base
2022-12-27T01:51:08.7786060Z   copying grpc/framework/base/_emission.py -> build/lib.macosx-11.0-arm64-cpython-311/grpc/framework/base
2022-12-27T01:51:08.7786680Z   copying grpc/framework/base/implementations.py -> build/lib.macosx-11.0-arm64-cpython-311/grpc/framework/base
2022-12-27T01:51:08.7787350Z   copying grpc/framework/base/in_memory.py -> build/lib.macosx-11.0-arm64-cpython-311/grpc/framework/base
2022-12-27T01:51:08.7788030Z   copying grpc/framework/base/_cancellation.py -> build/lib.macosx-11.0-arm64-cpython-311/grpc/framework/base
2022-12-27T01:51:08.7788990Z   creating build/lib.macosx-11.0-arm64-cpython-311/grpc/framework/common
2022-12-27T01:51:08.7789590Z   copying grpc/framework/common/style.py -> build/lib.macosx-11.0-arm64-cpython-311/grpc/framework/common
2022-12-27T01:51:08.7790250Z   copying grpc/framework/common/cardinality.py -> build/lib.macosx-11.0-arm64-cpython-311/grpc/framework/common
2022-12-27T01:51:08.7791390Z   copying grpc/framework/common/__init__.py -> build/lib.macosx-11.0-arm64-cpython-311/grpc/framework/common
2022-12-27T01:51:08.7792020Z   creating build/lib.macosx-11.0-arm64-cpython-311/grpc/framework/face
2022-12-27T01:51:08.7796830Z   copying grpc/framework/face/_service.py -> build/lib.macosx-11.0-arm64-cpython-311/grpc/framework/face
2022-12-27T01:51:08.7798150Z   copying grpc/framework/face/interfaces.py -> build/lib.macosx-11.0-arm64-cpython-311/grpc/framework/face
2022-12-27T01:51:08.7802040Z   copying grpc/framework/face/_control.py -> build/lib.macosx-11.0-arm64-cpython-311/grpc/framework/face
2022-12-27T01:51:08.7803800Z   copying grpc/framework/face/blocking_invocation_inline_service_test.py -> build/lib.macosx-11.0-arm64-cpython-311/grpc/framework/face
2022-12-27T01:51:08.7805380Z   copying grpc/framework/face/__init__.py -> build/lib.macosx-11.0-arm64-cpython-311/grpc/framework/face
2022-12-27T01:51:08.7809730Z   copying grpc/framework/face/demonstration.py -> build/lib.macosx-11.0-arm64-cpython-311/grpc/framework/face
2022-12-27T01:51:08.7815030Z   copying grpc/framework/face/_calls.py -> build/lib.macosx-11.0-arm64-cpython-311/grpc/framework/face
2022-12-27T01:51:08.7818170Z   copying grpc/framework/face/exceptions.py -> build/lib.macosx-11.0-arm64-cpython-311/grpc/framework/face
2022-12-27T01:51:08.7820520Z   copying grpc/framework/face/utilities.py -> build/lib.macosx-11.0-arm64-cpython-311/grpc/framework/face
2022-12-27T01:51:08.7825730Z   copying grpc/framework/face/event_invocation_synchronous_event_service_test.py -> build/lib.macosx-11.0-arm64-cpython-311/grpc/framework/face
2022-12-27T01:51:08.7828260Z   copying grpc/framework/face/_test_case.py -> build/lib.macosx-11.0-arm64-cpython-311/grpc/framework/face
2022-12-27T01:51:08.7832850Z   copying grpc/framework/face/implementations.py -> build/lib.macosx-11.0-arm64-cpython-311/grpc/framework/face
2022-12-27T01:51:08.7838420Z   copying grpc/framework/face/future_invocation_asynchronous_event_service_test.py -> build/lib.macosx-11.0-arm64-cpython-311/grpc/framework/face
2022-12-27T01:51:08.7849020Z   creating build/lib.macosx-11.0-arm64-cpython-311/grpc/framework/face/testing
2022-12-27T01:51:08.7851120Z   copying grpc/framework/face/testing/callback.py -> build/lib.macosx-11.0-arm64-cpython-311/grpc/framework/face/testing
2022-12-27T01:51:08.7855180Z   copying grpc/framework/face/testing/digest.py -> build/lib.macosx-11.0-arm64-cpython-311/grpc/framework/face/testing
2022-12-27T01:51:08.7859530Z   copying grpc/framework/face/testing/interfaces.py -> build/lib.macosx-11.0-arm64-cpython-311/grpc/framework/face/testing
2022-12-27T01:51:08.7863300Z   copying grpc/framework/face/testing/stock_service.py -> build/lib.macosx-11.0-arm64-cpython-311/grpc/framework/face/testing
2022-12-27T01:51:08.7869790Z   copying grpc/framework/face/testing/service.py -> build/lib.macosx-11.0-arm64-cpython-311/grpc/framework/face/testing
2022-12-27T01:51:08.7871790Z   copying grpc/framework/face/testing/blocking_invocation_inline_service_test_case.py -> build/lib.macosx-11.0-arm64-cpython-311/grpc/framework/face/testing
2022-12-27T01:51:08.7876540Z   copying grpc/framework/face/testing/base_util.py -> build/lib.macosx-11.0-arm64-cpython-311/grpc/framework/face/testing
2022-12-27T01:51:08.7880870Z   copying grpc/framework/face/testing/control.py -> build/lib.macosx-11.0-arm64-cpython-311/grpc/framework/face/testing
2022-12-27T01:51:08.7884860Z   copying grpc/framework/face/testing/__init__.py -> build/lib.macosx-11.0-arm64-cpython-311/grpc/framework/face/testing
2022-12-27T01:51:08.7889400Z   copying grpc/framework/face/testing/coverage.py -> build/lib.macosx-11.0-arm64-cpython-311/grpc/framework/face/testing
2022-12-27T01:51:08.7893080Z   copying grpc/framework/face/testing/event_invocation_synchronous_event_service_test_case.py -> build/lib.macosx-11.0-arm64-cpython-311/grpc/framework/face/testing
2022-12-27T01:51:08.7897440Z   copying grpc/framework/face/testing/test_case.py -> build/lib.macosx-11.0-arm64-cpython-311/grpc/framework/face/testing
2022-12-27T01:51:08.7901570Z   copying grpc/framework/face/testing/serial.py -> build/lib.macosx-11.0-arm64-cpython-311/grpc/framework/face/testing
2022-12-27T01:51:08.7905710Z   copying grpc/framework/face/testing/future_invocation_asynchronous_event_service_test_case.py -> build/lib.macosx-11.0-arm64-cpython-311/grpc/framework/face/testing
2022-12-27T01:51:08.7916870Z   creating build/lib.macosx-11.0-arm64-cpython-311/grpc/framework/foundation
2022-12-27T01:51:08.7918450Z   copying grpc/framework/foundation/callable_util.py -> build/lib.macosx-11.0-arm64-cpython-311/grpc/framework/foundation
2022-12-27T01:51:08.7922170Z   copying grpc/framework/foundation/abandonment.py -> build/lib.macosx-11.0-arm64-cpython-311/grpc/framework/foundation
2022-12-27T01:51:08.7925120Z   copying grpc/framework/foundation/stream_testing.py -> build/lib.macosx-11.0-arm64-cpython-311/grpc/framework/foundation
2022-12-27T01:51:08.7929850Z   copying grpc/framework/foundation/__init__.py -> build/lib.macosx-11.0-arm64-cpython-311/grpc/framework/foundation
2022-12-27T01:51:08.7934360Z   copying grpc/framework/foundation/stream.py -> build/lib.macosx-11.0-arm64-cpython-311/grpc/framework/foundation
2022-12-27T01:51:08.7936240Z   copying grpc/framework/foundation/activated.py -> build/lib.macosx-11.0-arm64-cpython-311/grpc/framework/foundation
2022-12-27T01:51:08.7940770Z   copying grpc/framework/foundation/later.py -> build/lib.macosx-11.0-arm64-cpython-311/grpc/framework/foundation
2022-12-27T01:51:08.7944700Z   copying grpc/framework/foundation/_later_test.py -> build/lib.macosx-11.0-arm64-cpython-311/grpc/framework/foundation
2022-12-27T01:51:08.7947490Z   copying grpc/framework/foundation/_logging_pool_test.py -> build/lib.macosx-11.0-arm64-cpython-311/grpc/framework/foundation
2022-12-27T01:51:08.7952230Z   copying grpc/framework/foundation/stream_util.py -> build/lib.macosx-11.0-arm64-cpython-311/grpc/framework/foundation
2022-12-27T01:51:08.7955970Z   copying grpc/framework/foundation/future.py -> build/lib.macosx-11.0-arm64-cpython-311/grpc/framework/foundation
2022-12-27T01:51:08.7960490Z   copying grpc/framework/foundation/_timer_future.py -> build/lib.macosx-11.0-arm64-cpython-311/grpc/framework/foundation
2022-12-27T01:51:08.7964020Z   copying grpc/framework/foundation/logging_pool.py -> build/lib.macosx-11.0-arm64-cpython-311/grpc/framework/foundation
2022-12-27T01:51:08.8022330Z   running build_ext
2022-12-27T01:51:08.8065010Z   building 'grpc._adapter._c' extension
2022-12-27T01:51:08.8066690Z   creating build/temp.macosx-11.0-arm64-cpython-311
2022-12-27T01:51:08.8069310Z   creating build/temp.macosx-11.0-arm64-cpython-311/grpc
2022-12-27T01:51:08.8070940Z   creating build/temp.macosx-11.0-arm64-cpython-311/grpc/_adapter
2022-12-27T01:51:08.8073990Z   clang -Wsign-compare -Wunreachable-code -fno-common -dynamic -DNDEBUG -g -fwrapv -O3 -Wall -g -I/usr/local/opt/openssl@3/include -I/usr/local/opt/openssl@3/include -arch arm64 -I. -I/private/var/folders/51/hd414ycd67n82196sw51xqtc0000gn/T/cibw-run-dtirrd52/cp311-macosx_arm64/build/venv/include -I/Library/Frameworks/Python.framework/Versions/3.11/include/python3.11 -c grpc/_adapter/_c.c -o build/temp.macosx-11.0-arm64-cpython-311/grpc/_adapter/_c.o
2022-12-27T01:51:09.2979610Z   grpc/_adapter/_c.c:35:10: fatal error: 'grpc/grpc.h' file not found
2022-12-27T01:51:09.2980110Z   #include <grpc/grpc.h>
2022-12-27T01:51:09.2980430Z            ^~~~~~~~~~~~~
2022-12-27T01:51:09.3065380Z   1 error generated.
2022-12-27T01:51:09.3116310Z   error: command '/usr/bin/clang' failed with exit code 1
2022-12-27T01:51:09.4197230Z   error: subprocess-exited-with-error
2022-12-27T01:51:09.4197890Z   
2022-12-27T01:51:09.4199600Z   × python setup.py bdist_wheel did not run successfully.
2022-12-27T01:51:09.4200570Z   │ exit code: 1
2022-12-27T01:51:09.4201220Z   ╰─> See above for output.
2022-12-27T01:51:09.4201770Z   
2022-12-27T01:51:09.4202370Z   note: This error originates from a subprocess, and is likely not a problem with pip.
2022-12-27T01:51:09.4205880Z   full command: /private/var/folders/51/hd414ycd67n82196sw51xqtc0000gn/T/cibw-run-dtirrd52/cp311-macosx_arm64/build/venv/bin/python -u -c '
2022-12-27T01:51:09.4207730Z   exec(compile('"'"''"'"''"'"'
2022-12-27T01:51:09.4208480Z   # This is <pip-setuptools-caller> -- a caller that pip uses to run setup.py
2022-12-27T01:51:09.4209120Z   #
2022-12-27T01:51:09.4209920Z   # - It imports setuptools before invoking setup.py, to enable projects that directly
2022-12-27T01:51:09.4210650Z   #   import from `distutils.core` to work with newer packaging standards.
2022-12-27T01:51:09.4211480Z   # - It provides a clear error message when setuptools is not installed.
2022-12-27T01:51:09.4212310Z   # - It sets `sys.argv[0]` to the underlying `setup.py`, when invoking `setup.py` so
2022-12-27T01:51:09.4213230Z   #   setuptools doesn'"'"'t think the script is `-c`. This avoids the following warning:
2022-12-27T01:51:09.4213870Z   #     manifest_maker: standard file '"'"'-c'"'"' not found".
2022-12-27T01:51:09.4214690Z   # - It generates a shim setup.py, for handling setup.cfg-only projects.
2022-12-27T01:51:09.4215260Z   import os, sys, tokenize
2022-12-27T01:51:09.4215920Z   
2022-12-27T01:51:09.4216560Z   try:
2022-12-27T01:51:09.4217440Z       import setuptools
2022-12-27T01:51:09.4218280Z   except ImportError as error:
2022-12-27T01:51:09.4218920Z       print(
2022-12-27T01:51:09.4219650Z           "ERROR: Can not execute `setup.py` since setuptools is not available in "
2022-12-27T01:51:09.4220590Z           "the build environment.",
2022-12-27T01:51:09.4222240Z           file=sys.stderr,
2022-12-27T01:51:09.4222820Z       )
2022-12-27T01:51:09.4223390Z       sys.exit(1)
2022-12-27T01:51:09.4223830Z   
2022-12-27T01:51:09.4224400Z   __file__ = %r
2022-12-27T01:51:09.4224840Z   sys.argv[0] = __file__
2022-12-27T01:51:09.4225290Z   
2022-12-27T01:51:09.4225870Z   if os.path.exists(__file__):
2022-12-27T01:51:09.4226490Z       filename = __file__
2022-12-27T01:51:09.4226910Z       with tokenize.open(__file__) as f:
2022-12-27T01:51:09.4227470Z           setup_py_code = f.read()
2022-12-27T01:51:09.4228020Z   else:
2022-12-27T01:51:09.4228760Z       filename = "<auto-generated setuptools caller>"
2022-12-27T01:51:09.4229550Z       setup_py_code = "from setuptools import setup; setup()"
2022-12-27T01:51:09.4230200Z   
2022-12-27T01:51:09.4230840Z   exec(compile(setup_py_code, filename, "exec"))
2022-12-27T01:51:09.4232310Z   '"'"''"'"''"'"' % ('"'"'/Users/runner/actions-runner/_work/python.build/python.build/build_grpcio040a5311/grpcio-0.4.0a5/setup.py'"'"',), "<pip-setuptools-caller>", "exec"))' bdist_wheel -d /private/var/folders/51/hd414ycd67n82196sw51xqtc0000gn/T/pip-wheel-1o65l7p_
2022-12-27T01:51:09.4233970Z   cwd: /Users/runner/actions-runner/_work/python.build/python.build/build_grpcio040a5311/grpcio-0.4.0a5/
2022-12-27T01:51:09.4234750Z   ERROR: Failed building wheel for grpcio
2022-12-27T01:51:09.4235670Z   Building wheel for grpcio (setup.py): finished with status 'error'
2022-12-27T01:51:09.4236310Z   Running setup.py clean for grpcio
2022-12-27T01:51:09.4236880Z   Running command python setup.py clean
2022-12-27T01:51:09.6614240Z   running clean
2022-12-27T01:51:09.6649370Z   removing 'build/temp.macosx-11.0-arm64-cpython-311' (and everything under it)
2022-12-27T01:51:09.6650680Z   removing 'build/lib.macosx-11.0-arm64-cpython-311' (and everything under it)
2022-12-27T01:51:09.6774260Z   'build/bdist.macosx-11.0-arm64' does not exist -- can't clean it
2022-12-27T01:51:09.6776070Z   'build/scripts-3.11' does not exist -- can't clean it
2022-12-27T01:51:09.6776540Z   removing 'build'
2022-12-27T01:51:09.7332790Z Failed to build grpcio
2022-12-27T01:51:09.7338610Z ERROR: Failed to build one or more wheels
2022-12-27T01:51:09.7446160Z Exception information:
2022-12-27T01:51:09.7446590Z Traceback (most recent call last):
2022-12-27T01:51:09.7459900Z   File "/private/var/folders/51/hd414ycd67n82196sw51xqtc0000gn/T/cibw-run-dtirrd52/cp311-macosx_arm64/build/venv/lib/python3.11/site-packages/pip/_internal/cli/base_command.py", line 160, in exc_logging_wrapper
2022-12-27T01:51:09.7460480Z     status = run_func(*args)
2022-12-27T01:51:09.7460720Z              ^^^^^^^^^^^^^^^
2022-12-27T01:51:09.7461480Z   File "/private/var/folders/51/hd414ycd67n82196sw51xqtc0000gn/T/cibw-run-dtirrd52/cp311-macosx_arm64/build/venv/lib/python3.11/site-packages/pip/_internal/cli/req_command.py", line 247, in wrapper
2022-12-27T01:51:09.7461990Z     return func(self, options, args)
2022-12-27T01:51:09.7462300Z            ^^^^^^^^^^^^^^^^^^^^^^^^^
2022-12-27T01:51:09.7463110Z   File "/private/var/folders/51/hd414ycd67n82196sw51xqtc0000gn/T/cibw-run-dtirrd52/cp311-macosx_arm64/build/venv/lib/python3.11/site-packages/pip/_internal/commands/wheel.py", line 201, in run
2022-12-27T01:51:09.7463610Z     raise CommandError("Failed to build one or more wheels")
2022-12-27T01:51:09.7464030Z pip._internal.exceptions.CommandError: Failed to build one or more wheels
2022-12-27T01:51:09.7464630Z Removed build tracker: '/private/var/folders/51/hd414ycd67n82196sw51xqtc0000gn/T/pip-build-tracker-_cdjoqk5'
2022-12-27T01:51:09.8490150Z ##[endgroup]
2022-12-27T01:51:09.8545280Z ##[error]Command ['python', '-m', 'pip', 'wheel', '/Users/runner/actions-runner/_work/python.build/python.build/build_grpcio040a5311/grpcio-0.4.0a5', '--wheel-dir=/private/var/folders/51/hd414ycd67n82196sw51xqtc0000gn/T/cibw-run-dtirrd52/cp311-macosx_arm64/built_wheel', '--no-deps', '-vvv'] failed with code 1. None
2022-12-27T01:51:09.8554240Z 
2022-12-27T01:51:09.8554700Z                                                               [31m✕ [0m2.38s
2022-12-27T01:51:09.9415170Z ##[error]Process completed with exit code 1.
2022-12-27T01:51:09.9469550Z ##[group]Run rm -rf build_grpcio040a5311 wheelsout
2022-12-27T01:51:09.9469860Z [36;1mrm -rf build_grpcio040a5311 wheelsout[0m
2022-12-27T01:51:09.9500100Z shell: /bin/bash -e {0}
2022-12-27T01:51:09.9500400Z env:
2022-12-27T01:51:09.9500750Z   pythonLocation: /Users/runner/hostedtoolcache/Python/3.11.1/x64
2022-12-27T01:51:09.9501120Z   PKG_CONFIG_PATH: /Users/runner/hostedtoolcache/Python/3.11.1/x64/lib/pkgconfig
2022-12-27T01:51:09.9501550Z   Python_ROOT_DIR: /Users/runner/hostedtoolcache/Python/3.11.1/x64
2022-12-27T01:51:09.9501950Z   Python2_ROOT_DIR: /Users/runner/hostedtoolcache/Python/3.11.1/x64
2022-12-27T01:51:09.9502310Z   Python3_ROOT_DIR: /Users/runner/hostedtoolcache/Python/3.11.1/x64
2022-12-27T01:51:09.9502530Z ##[endgroup]
2022-12-27T01:51:09.9974780Z Cleaning up orphan processes
