2022-12-27T01:50:54.2406266Z Requested labels: self-hosted, macOS, X64
2022-12-27T01:50:54.2406331Z Job defined at: kilnbuild/python.build/.github/workflows/mac_arm_build.yml@refs/heads/main
2022-12-27T01:50:54.2406378Z Waiting for a runner to pick up this job...
2022-12-27T01:53:08.6112597Z Job is about to start running on the runner: k2 (organization)
2022-12-27T01:53:10.5733950Z Current runner version: '2.300.2'
2022-12-27T01:53:10.5738550Z Runner name: 'k2'
2022-12-27T01:53:10.5738780Z Runner group name: 'Default'
2022-12-27T01:53:10.5739170Z Machine name: 'k2'
2022-12-27T01:53:10.5740550Z ##[group]GITHUB_TOKEN Permissions
2022-12-27T01:53:10.5740930Z Actions: write
2022-12-27T01:53:10.5741060Z Checks: write
2022-12-27T01:53:10.5741180Z Contents: write
2022-12-27T01:53:10.5741300Z Deployments: write
2022-12-27T01:53:10.5741440Z Discussions: write
2022-12-27T01:53:10.5741570Z Issues: write
2022-12-27T01:53:10.5741680Z Metadata: read
2022-12-27T01:53:10.5741800Z Packages: write
2022-12-27T01:53:10.5741930Z Pages: write
2022-12-27T01:53:10.5742050Z PullRequests: write
2022-12-27T01:53:10.5742210Z RepositoryProjects: write
2022-12-27T01:53:10.5742360Z SecurityEvents: write
2022-12-27T01:53:10.5742490Z Statuses: write
2022-12-27T01:53:10.5742610Z ##[endgroup]
2022-12-27T01:53:10.5745070Z Secret source: Actions
2022-12-27T01:53:10.5745360Z Prepare workflow directory
2022-12-27T01:53:10.6372080Z Prepare all required actions
2022-12-27T01:53:10.6492770Z Getting action download info
2022-12-27T01:53:11.3059710Z Download action repository 'actions/setup-python@v4' (SHA:5ccb29d8773c3f3f653e1705f474dfaa8a06a912)
2022-12-27T01:53:14.0170180Z Download action repository 'actions/upload-artifact@v3' (SHA:83fd05a356d7e2593de66fc9913b3002723633cb)
2022-12-27T01:53:15.2682300Z ##[group]Run echo '{
2022-12-27T01:53:15.2682550Z [36;1mecho '{[0m
2022-12-27T01:53:15.2682800Z [36;1m  "environment_variables": "GRPC_PYTHON_BUILD_WITH_CYTHON=1 GRPC_BUILD_WITH_BORING_SSL_ASM='' GRPC_PYTHON_BUILD_SYSTEM_OPENSSL=TRUE",[0m
2022-12-27T01:53:15.2683060Z [36;1m  "package_name": "grpcio",[0m
2022-12-27T01:53:15.2683340Z [36;1m  "package_url": "https://files.pythonhosted.org/packages/b2/c5/9314dfc474d734563b07b93da8c3b7f6c46165227cb9fae9c98b0b6c9062/grpcio-1.0.4.tar.gz",[0m
2022-12-27T01:53:15.2683570Z [36;1m  "package_version": "1.0.4",[0m
2022-12-27T01:53:15.2683730Z [36;1m  "python_version": "3.11",[0m
2022-12-27T01:53:15.2683900Z [36;1m  "use_ccache": "true"[0m
2022-12-27T01:53:15.2684030Z [36;1m}'[0m
2022-12-27T01:53:15.2699350Z shell: /bin/bash -e {0}
2022-12-27T01:53:15.2699500Z ##[endgroup]
2022-12-27T01:53:15.2910240Z {
2022-12-27T01:53:15.2911660Z   "environment_variables": "GRPC_PYTHON_BUILD_WITH_CYTHON=1 GRPC_BUILD_WITH_BORING_SSL_ASM= GRPC_PYTHON_BUILD_SYSTEM_OPENSSL=TRUE",
2022-12-27T01:53:15.2911980Z   "package_name": "grpcio",
2022-12-27T01:53:15.2912590Z   "package_url": "https://files.pythonhosted.org/packages/b2/c5/9314dfc474d734563b07b93da8c3b7f6c46165227cb9fae9c98b0b6c9062/grpcio-1.0.4.tar.gz",
2022-12-27T01:53:15.2912870Z   "package_version": "1.0.4",
2022-12-27T01:53:15.2913020Z   "python_version": "3.11",
2022-12-27T01:53:15.2913230Z   "use_ccache": "true"
2022-12-27T01:53:15.2913380Z }
2022-12-27T01:53:15.3119830Z ##[group]Run actions/setup-python@v4
2022-12-27T01:53:15.3120080Z with:
2022-12-27T01:53:15.3120260Z   python-version: 3.11
2022-12-27T01:53:15.3120470Z   check-latest: false
2022-12-27T01:53:15.3120800Z   token: ***
2022-12-27T01:53:15.3120970Z   update-environment: true
2022-12-27T01:53:15.3121120Z ##[endgroup]
2022-12-27T01:53:15.4319270Z ##[group]Installed versions
2022-12-27T01:53:15.4342190Z Successfully set up CPython (3.11.1)
2022-12-27T01:53:15.4342840Z ##[endgroup]
2022-12-27T01:53:15.4477990Z ##[group]Run if [ "true" == "true" ]
2022-12-27T01:53:15.4478250Z [36;1mif [ "true" == "true" ][0m
2022-12-27T01:53:15.4478440Z [36;1mthen[0m
2022-12-27T01:53:15.4478670Z [36;1m  echo "CCACHE_PATH_PREPEND=/usr/local/opt/ccache/libexec" >> $GITHUB_OUTPUT[0m
2022-12-27T01:53:15.4479180Z [36;1melse[0m
2022-12-27T01:53:15.4479370Z [36;1m  echo "CCACHE_PATH_PREPEND=" >> $GITHUB_OUTPUT[0m
2022-12-27T01:53:15.4479560Z [36;1mfi[0m
2022-12-27T01:53:15.4496600Z shell: /bin/bash -e {0}
2022-12-27T01:53:15.4496890Z env:
2022-12-27T01:53:15.4497110Z   pythonLocation: /Users/runner/hostedtoolcache/Python/3.11.1/x64
2022-12-27T01:53:15.4497360Z   PKG_CONFIG_PATH: /Users/runner/hostedtoolcache/Python/3.11.1/x64/lib/pkgconfig
2022-12-27T01:53:15.4498070Z   Python_ROOT_DIR: /Users/runner/hostedtoolcache/Python/3.11.1/x64
2022-12-27T01:53:15.4498380Z   Python2_ROOT_DIR: /Users/runner/hostedtoolcache/Python/3.11.1/x64
2022-12-27T01:53:15.4498670Z   Python3_ROOT_DIR: /Users/runner/hostedtoolcache/Python/3.11.1/x64
2022-12-27T01:53:15.4498840Z ##[endgroup]
2022-12-27T01:53:15.4604920Z ##[group]Run echo "BUILD_NAME=$(echo grpcio_1.0.4_3.11 | tr -dc '[:alnum:]\n\r' | tr '[:upper:]' '[:lower:]')" >> $GITHUB_OUTPUT
2022-12-27T01:53:15.4605330Z [36;1mecho "BUILD_NAME=$(echo grpcio_1.0.4_3.11 | tr -dc '[:alnum:]\n\r' | tr '[:upper:]' '[:lower:]')" >> $GITHUB_OUTPUT[0m
2022-12-27T01:53:15.4620030Z shell: /bin/bash -e {0}
2022-12-27T01:53:15.4620220Z env:
2022-12-27T01:53:15.4620470Z   pythonLocation: /Users/runner/hostedtoolcache/Python/3.11.1/x64
2022-12-27T01:53:15.4620690Z   PKG_CONFIG_PATH: /Users/runner/hostedtoolcache/Python/3.11.1/x64/lib/pkgconfig
2022-12-27T01:53:15.4620930Z   Python_ROOT_DIR: /Users/runner/hostedtoolcache/Python/3.11.1/x64
2022-12-27T01:53:15.4621270Z   Python2_ROOT_DIR: /Users/runner/hostedtoolcache/Python/3.11.1/x64
2022-12-27T01:53:15.4621500Z   Python3_ROOT_DIR: /Users/runner/hostedtoolcache/Python/3.11.1/x64
2022-12-27T01:53:15.4621670Z ##[endgroup]
2022-12-27T01:53:15.4759850Z ##[group]Run echo "PYTHON_NO_DOTS=$(echo 3.11 | tr -dc '[:alnum:]\n\r' | tr '[:upper:]' '[:lower:]')" >> $GITHUB_OUTPUT
2022-12-27T01:53:15.4760180Z [36;1mecho "PYTHON_NO_DOTS=$(echo 3.11 | tr -dc '[:alnum:]\n\r' | tr '[:upper:]' '[:lower:]')" >> $GITHUB_OUTPUT[0m
2022-12-27T01:53:15.4774310Z shell: /bin/bash -e {0}
2022-12-27T01:53:15.4774440Z env:
2022-12-27T01:53:15.4774620Z   pythonLocation: /Users/runner/hostedtoolcache/Python/3.11.1/x64
2022-12-27T01:53:15.4774870Z   PKG_CONFIG_PATH: /Users/runner/hostedtoolcache/Python/3.11.1/x64/lib/pkgconfig
2022-12-27T01:53:15.4775090Z   Python_ROOT_DIR: /Users/runner/hostedtoolcache/Python/3.11.1/x64
2022-12-27T01:53:15.4775280Z   Python2_ROOT_DIR: /Users/runner/hostedtoolcache/Python/3.11.1/x64
2022-12-27T01:53:15.4775580Z   Python3_ROOT_DIR: /Users/runner/hostedtoolcache/Python/3.11.1/x64
2022-12-27T01:53:15.4775780Z ##[endgroup]
2022-12-27T01:53:15.4885400Z ##[group]Run rm -rf build_grpcio104311
2022-12-27T01:53:15.4885820Z [36;1mrm -rf build_grpcio104311[0m
2022-12-27T01:53:15.4885980Z [36;1mmkdir build_grpcio104311[0m
2022-12-27T01:53:15.4886260Z [36;1mcd build_grpcio104311[0m
2022-12-27T01:53:15.4886550Z [36;1m/usr/local/bin/wget --quiet https://files.pythonhosted.org/packages/b2/c5/9314dfc474d734563b07b93da8c3b7f6c46165227cb9fae9c98b0b6c9062/grpcio-1.0.4.tar.gz[0m
2022-12-27T01:53:15.4886880Z [36;1mtar xf *.tar.gz[0m
2022-12-27T01:53:15.4887050Z [36;1mcd grpcio-*/[0m
2022-12-27T01:53:15.4887240Z [36;1mpython -m pip install cibuildwheel==2.11.3[0m
2022-12-27T01:53:15.4887500Z [36;1mpython -m cibuildwheel --output-dir ../wheelsout[0m
2022-12-27T01:53:15.4904690Z shell: /bin/bash -e {0}
2022-12-27T01:53:15.4904850Z env:
2022-12-27T01:53:15.4905170Z   pythonLocation: /Users/runner/hostedtoolcache/Python/3.11.1/x64
2022-12-27T01:53:15.4905500Z   PKG_CONFIG_PATH: /Users/runner/hostedtoolcache/Python/3.11.1/x64/lib/pkgconfig
2022-12-27T01:53:15.4905750Z   Python_ROOT_DIR: /Users/runner/hostedtoolcache/Python/3.11.1/x64
2022-12-27T01:53:15.4906040Z   Python2_ROOT_DIR: /Users/runner/hostedtoolcache/Python/3.11.1/x64
2022-12-27T01:53:15.4906300Z   Python3_ROOT_DIR: /Users/runner/hostedtoolcache/Python/3.11.1/x64
2022-12-27T01:53:15.4906460Z   CIBW_ARCHS_MACOS: arm64
2022-12-27T01:53:15.4906640Z   CIBW_TEST_SKIP: *_arm64
2022-12-27T01:53:15.4906840Z   CIBW_BUILD: cp311-macosx_arm64
2022-12-27T01:53:15.4906990Z   CIBW_BUILD_FRONTEND: pip
2022-12-27T01:53:15.4907200Z   CIBW_BUILD_VERBOSITY: 3
2022-12-27T01:53:15.4907560Z   CIBW_ENVIRONMENT_MACOS: GRPC_PYTHON_BUILD_WITH_CYTHON=1 GRPC_BUILD_WITH_BORING_SSL_ASM='' GRPC_PYTHON_BUILD_SYSTEM_OPENSSL=TRUE CFLAGS="-I/usr/local/opt/openssl@3/include" LDFLAGS="-L/usr/local/opt/openssl@3/lib" CPPFLAGS="-I/usr/local/opt/openssl@3/include" MAKEFLAGS="-j$(sysctl -n hw.logicalcpu)" PATH=/usr/local/opt/ccache/libexec:$PATH
2022-12-27T01:53:15.4908160Z   CIBW_BEFORE_BUILD: pip install Cython; if [[ -f requirements.txt ]]; then pip install -r requirements.txt; fi
2022-12-27T01:53:15.4908390Z   MAKEFLAGS: -j$(sysctl -n hw.logicalcpu)
2022-12-27T01:53:15.4908540Z ##[endgroup]
2022-12-27T01:53:16.2716690Z Requirement already satisfied: cibuildwheel==2.11.3 in /Library/Frameworks/Python.framework/Versions/3.11/lib/python3.11/site-packages (2.11.3)
2022-12-27T01:53:16.3026660Z Requirement already satisfied: bashlex!=0.13 in /Library/Frameworks/Python.framework/Versions/3.11/lib/python3.11/site-packages (from cibuildwheel==2.11.3) (0.16)
2022-12-27T01:53:16.3033000Z Requirement already satisfied: bracex in /Library/Frameworks/Python.framework/Versions/3.11/lib/python3.11/site-packages (from cibuildwheel==2.11.3) (2.3.post1)
2022-12-27T01:53:16.3039170Z Requirement already satisfied: certifi in /Library/Frameworks/Python.framework/Versions/3.11/lib/python3.11/site-packages (from cibuildwheel==2.11.3) (2022.12.7)
2022-12-27T01:53:16.3045520Z Requirement already satisfied: filelock in /Library/Frameworks/Python.framework/Versions/3.11/lib/python3.11/site-packages (from cibuildwheel==2.11.3) (3.8.2)
2022-12-27T01:53:16.3054080Z Requirement already satisfied: packaging>=20.9 in /Library/Frameworks/Python.framework/Versions/3.11/lib/python3.11/site-packages (from cibuildwheel==2.11.3) (22.0)
2022-12-27T01:53:16.3062070Z Requirement already satisfied: platformdirs in /Library/Frameworks/Python.framework/Versions/3.11/lib/python3.11/site-packages (from cibuildwheel==2.11.3) (2.6.0)
2022-12-27T01:53:16.5465380Z 
2022-12-27T01:53:16.5465540Z      _ _       _ _   _       _           _
2022-12-27T01:53:16.5466170Z  ___|_| |_ _ _|_| |_| |_ _ _| |_ ___ ___| |
2022-12-27T01:53:16.5467090Z |  _| | . | | | | | . | | | |   | -_| -_| |
2022-12-27T01:53:16.5467740Z |___|_|___|___|_|_|___|_____|_|_|___|___|_|
2022-12-27T01:53:16.5467850Z 
2022-12-27T01:53:16.5468200Z cibuildwheel version 2.11.3
2022-12-27T01:53:16.5468600Z 
2022-12-27T01:53:16.5468810Z Build options:
2022-12-27T01:53:16.5469100Z   platform: macos
2022-12-27T01:53:16.5585630Z   architectures: arm64[0m
2022-12-27T01:53:16.5586790Z   build_selector: 
2022-12-27T01:53:16.5587460Z     build_config: cp311-macosx_arm64
2022-12-27T01:53:16.5587830Z     skip_config: 
2022-12-27T01:53:16.5588220Z     requires_python: None
2022-12-27T01:53:16.5588550Z     prerelease_pythons: False[0m
2022-12-27T01:53:16.5589000Z   [38;5;244mcontainer_engine: docker[0m
2022-12-27T01:53:16.5589530Z   output_dir: /Users/runner/actions-runner/_work/python.build/python.build/build_grpcio104311/wheelsout[0m
2022-12-27T01:53:16.5590100Z   package_dir: /Users/runner/actions-runner/_work/python.build/python.build/build_grpcio104311/grpcio-1.0.4[0m
2022-12-27T01:53:16.5590460Z   test_selector: 
2022-12-27T01:53:16.5590840Z     skip_config: *_arm64[0m
2022-12-27T01:53:16.5591120Z   [38;5;244mbefore_all: [0m
2022-12-27T01:53:16.5591650Z   before_build: pip install Cython; if [[ -f requirements.txt ]]; then pip install -r requirements.txt; fi[0m
2022-12-27T01:53:16.5592070Z   [38;5;244mbefore_test: [0m
2022-12-27T01:53:16.5592360Z   [38;5;244mbuild_frontend: pip[0m
2022-12-27T01:53:16.5592770Z   build_verbosity: 3[0m
2022-12-27T01:53:16.5593120Z   [38;5;244mconfig_settings: [0m
2022-12-27T01:53:16.5593500Z   [38;5;244mdependency_constraints: pinned[0m
2022-12-27T01:53:16.5593740Z   environment: 
2022-12-27T01:53:16.5594010Z     GRPC_PYTHON_BUILD_WITH_CYTHON=1
2022-12-27T01:53:16.5594410Z     GRPC_BUILD_WITH_BORING_SSL_ASM=''
2022-12-27T01:53:16.5594670Z     GRPC_PYTHON_BUILD_SYSTEM_OPENSSL=TRUE
2022-12-27T01:53:16.5595060Z     CFLAGS="-I/usr/local/opt/openssl@3/include"
2022-12-27T01:53:16.5595450Z     LDFLAGS="-L/usr/local/opt/openssl@3/lib"
2022-12-27T01:53:16.5595800Z     CPPFLAGS="-I/usr/local/opt/openssl@3/include"
2022-12-27T01:53:16.5596150Z     MAKEFLAGS="-j$(sysctl -n hw.logicalcpu)"
2022-12-27T01:53:16.5596670Z     PATH=/usr/local/opt/ccache/libexec:$PATH[0m
2022-12-27T01:53:16.5596900Z   [38;5;244mmanylinux_images: None[0m
2022-12-27T01:53:16.5597140Z   [38;5;244mmusllinux_images: None[0m
2022-12-27T01:53:16.5597530Z   [38;5;244mrepair_command: delocate-wheel --require-archs {delocate_archs} -w {dest_dir} -v {wheel}[0m
2022-12-27T01:53:16.5597810Z   [38;5;244mtest_command: [0m
2022-12-27T01:53:16.5598060Z   [38;5;244mtest_extras: [0m
2022-12-27T01:53:16.5598290Z   [38;5;244mtest_requires: [0m
2022-12-27T01:53:16.5598420Z 
2022-12-27T01:53:16.5598540Z Cache folder: /Users/runner/Library/Caches/cibuildwheel
2022-12-27T01:53:16.5602140Z 
2022-12-27T01:53:16.5602230Z Here we go!
2022-12-27T01:53:16.5602420Z 
2022-12-27T01:53:16.5649350Z 
2022-12-27T01:53:16.5649770Z [1m[34mBuilding cp311-macosx_arm64 wheel[0m
2022-12-27T01:53:16.5650190Z CPython 3.11 macOS arm64 - Apple Silicon
2022-12-27T01:53:16.5650370Z 
2022-12-27T01:53:16.5652660Z ##[group]Installing Python cp311...
2022-12-27T01:53:16.5652980Z 
2022-12-27T01:53:16.5653150Z + pkgutil --pkgs
2022-12-27T01:53:16.5757410Z ##[endgroup]
2022-12-27T01:53:16.5758240Z                                                               [32m✓ [0m0.01s
2022-12-27T01:53:16.5758690Z ##[group]Setting up build environment...
2022-12-27T01:53:16.5758930Z 
2022-12-27T01:53:16.5776380Z + /Library/Frameworks/Python.framework/Versions/3.11/bin/python -sS /Users/runner/Library/Caches/cibuildwheel/virtualenv-20.17.0.pyz --activators= --no-periodic-update --pip=22.3.1 --setuptools=65.6.3 --wheel=0.38.4 --symlink-app-data --python /Library/Frameworks/Python.framework/Versions/3.11/bin/python3 /private/var/folders/51/hd414ycd67n82196sw51xqtc0000gn/T/cibw-run-_9lf65jt/cp311-macosx_arm64/build/venv
2022-12-27T01:53:16.7648210Z created virtual environment CPython3.11.1.final.0-64 in 49ms
2022-12-27T01:53:16.7648870Z   creator CPython3Posix(dest=/private/var/folders/51/hd414ycd67n82196sw51xqtc0000gn/T/cibw-run-_9lf65jt/cp311-macosx_arm64/build/venv, clear=False, no_vcs_ignore=False, global=False)
2022-12-27T01:53:16.7649550Z   seeder FromAppData(download=False, pip=22.3.1, setuptools=65.6.3, wheel=0.38.4, via=symlink, app_data_dir=/Users/runner/Library/Application Support/virtualenv)
2022-12-27T01:53:16.7649930Z     added seed packages: pip==22.3.1, setuptools==65.6.3, wheel==0.38.4
2022-12-27T01:53:16.7792120Z + python -m pip install --upgrade pip -c /Library/Frameworks/Python.framework/Versions/3.11/lib/python3.11/site-packages/cibuildwheel/resources/constraints-python311.txt
2022-12-27T01:53:17.0579680Z Requirement already satisfied: pip in ./lib/python3.11/site-packages (22.3.1)
2022-12-27T01:53:17.1822860Z + which pip
2022-12-27T01:53:17.1840780Z /private/var/folders/51/hd414ycd67n82196sw51xqtc0000gn/T/cibw-run-_9lf65jt/cp311-macosx_arm64/build/venv/bin/pip
2022-12-27T01:53:17.1842900Z + pip --version
2022-12-27T01:53:17.3713430Z pip 22.3.1 from /private/var/folders/51/hd414ycd67n82196sw51xqtc0000gn/T/cibw-run-_9lf65jt/cp311-macosx_arm64/build/venv/lib/python3.11/site-packages/pip (python 3.11)
2022-12-27T01:53:17.3975270Z + which pip
2022-12-27T01:53:17.4002280Z + which python
2022-12-27T01:53:17.4020490Z /private/var/folders/51/hd414ycd67n82196sw51xqtc0000gn/T/cibw-run-_9lf65jt/cp311-macosx_arm64/build/venv/bin/python
2022-12-27T01:53:17.4022480Z + python --version
2022-12-27T01:53:17.4079450Z Python 3.11.1
2022-12-27T01:53:17.4082280Z + which python
2022-12-27T01:53:17.4133670Z ##[endgroup]
2022-12-27T01:53:17.4134220Z                                                               [32m✓ [0m0.84s
2022-12-27T01:53:17.4134950Z ##[group]Installing build tools...
2022-12-27T01:53:17.4135120Z 
2022-12-27T01:53:17.4135680Z + pip install --upgrade setuptools wheel delocate -c /Library/Frameworks/Python.framework/Versions/3.11/lib/python3.11/site-packages/cibuildwheel/resources/constraints-python311.txt
2022-12-27T01:53:17.6804920Z Requirement already satisfied: setuptools in /private/var/folders/51/hd414ycd67n82196sw51xqtc0000gn/T/cibw-run-_9lf65jt/cp311-macosx_arm64/build/venv/lib/python3.11/site-packages (65.6.3)
2022-12-27T01:53:17.8494550Z Requirement already satisfied: wheel in /private/var/folders/51/hd414ycd67n82196sw51xqtc0000gn/T/cibw-run-_9lf65jt/cp311-macosx_arm64/build/venv/lib/python3.11/site-packages (0.38.4)
2022-12-27T01:53:17.8869810Z Collecting delocate
2022-12-27T01:53:17.8892730Z   Using cached delocate-0.10.3-py3-none-any.whl (142 kB)
2022-12-27T01:53:17.9147880Z Collecting packaging>=20.9
2022-12-27T01:53:17.9165690Z   Using cached packaging-21.3-py3-none-any.whl (40 kB)
2022-12-27T01:53:17.9315400Z Collecting typing-extensions
2022-12-27T01:53:17.9332860Z   Using cached typing_extensions-4.4.0-py3-none-any.whl (26 kB)
2022-12-27T01:53:17.9646590Z Collecting pyparsing!=3.0.5,>=2.0.2
2022-12-27T01:53:17.9663740Z   Using cached pyparsing-3.0.9-py3-none-any.whl (98 kB)
2022-12-27T01:53:18.0218850Z Installing collected packages: typing-extensions, pyparsing, packaging, delocate
2022-12-27T01:53:18.1510570Z Successfully installed delocate-0.10.3 packaging-21.3 pyparsing-3.0.9 typing-extensions-4.4.0
2022-12-27T01:53:18.2009520Z ##[endgroup]
2022-12-27T01:53:18.2010160Z                                                               [32m✓ [0m0.79s
2022-12-27T01:53:18.2010720Z ##[group]Running before_build...
2022-12-27T01:53:18.2010900Z 
2022-12-27T01:53:18.2014530Z + pip install Cython; if [[ -f requirements.txt ]]; then pip install -r requirements.txt; fi
2022-12-27T01:53:18.7820130Z Collecting Cython
2022-12-27T01:53:18.7864920Z   Using cached Cython-0.29.32-py2.py3-none-any.whl (986 kB)
2022-12-27T01:53:18.8285520Z Installing collected packages: Cython
2022-12-27T01:53:19.2561990Z Successfully installed Cython-0.29.32
2022-12-27T01:53:19.8917410Z Collecting coverage>=4.0
2022-12-27T01:53:19.8943640Z   Using cached coverage-7.0.1-cp311-cp311-macosx_10_9_x86_64.whl (188 kB)
2022-12-27T01:53:19.8981750Z Requirement already satisfied: cython>=0.23 in /private/var/folders/51/hd414ycd67n82196sw51xqtc0000gn/T/cibw-run-_9lf65jt/cp311-macosx_arm64/build/venv/lib/python3.11/site-packages (from -r requirements.txt (line 3)) (0.29.32)
2022-12-27T01:53:19.9103130Z Collecting enum34>=1.0.4
2022-12-27T01:53:19.9121250Z   Using cached enum34-1.1.10-py3-none-any.whl (11 kB)
2022-12-27T01:53:19.9249850Z Collecting futures>=2.2.0
2022-12-27T01:53:19.9251120Z   Using cached futures-3.0.5-py3-none-any.whl
2022-12-27T01:53:20.1550630Z Collecting protobuf>=3.0.0
2022-12-27T01:53:20.1578300Z   Using cached protobuf-4.21.12-cp37-abi3-macosx_10_9_universal2.whl (486 kB)
2022-12-27T01:53:20.1739380Z Collecting six>=1.10
2022-12-27T01:53:20.1756950Z   Using cached six-1.16.0-py2.py3-none-any.whl (11 kB)
2022-12-27T01:53:20.1776860Z Requirement already satisfied: wheel>=0.29 in /private/var/folders/51/hd414ycd67n82196sw51xqtc0000gn/T/cibw-run-_9lf65jt/cp311-macosx_arm64/build/venv/lib/python3.11/site-packages (from -r requirements.txt (line 8)) (0.38.4)
2022-12-27T01:53:20.2169780Z Installing collected packages: futures, enum34, six, protobuf, coverage
2022-12-27T01:53:20.4526730Z Successfully installed coverage-7.0.1 enum34-1.1.10 futures-3.0.5 protobuf-4.21.12 six-1.16.0
2022-12-27T01:53:20.5105580Z ##[endgroup]
2022-12-27T01:53:20.5106380Z                                                               [32m✓ [0m2.31s
2022-12-27T01:53:20.5106860Z ##[group]Building wheel...
2022-12-27T01:53:20.5107030Z 
2022-12-27T01:53:20.5111040Z + python -m pip wheel /Users/runner/actions-runner/_work/python.build/python.build/build_grpcio104311/grpcio-1.0.4 --wheel-dir=/private/var/folders/51/hd414ycd67n82196sw51xqtc0000gn/T/cibw-run-_9lf65jt/cp311-macosx_arm64/built_wheel --no-deps -vvv
2022-12-27T01:53:20.7560490Z Created temporary directory: /private/var/folders/51/hd414ycd67n82196sw51xqtc0000gn/T/pip-ephem-wheel-cache-qoar7mgq
2022-12-27T01:53:20.7563860Z Created temporary directory: /private/var/folders/51/hd414ycd67n82196sw51xqtc0000gn/T/pip-build-tracker-la0xvctv
2022-12-27T01:53:20.7565660Z Initialized build tracking at /private/var/folders/51/hd414ycd67n82196sw51xqtc0000gn/T/pip-build-tracker-la0xvctv
2022-12-27T01:53:20.7567250Z Created build tracker: /private/var/folders/51/hd414ycd67n82196sw51xqtc0000gn/T/pip-build-tracker-la0xvctv
2022-12-27T01:53:20.7568550Z Entered build tracker: /private/var/folders/51/hd414ycd67n82196sw51xqtc0000gn/T/pip-build-tracker-la0xvctv
2022-12-27T01:53:20.7571430Z Created temporary directory: /private/var/folders/51/hd414ycd67n82196sw51xqtc0000gn/T/pip-wheel-3arozors
2022-12-27T01:53:20.7576350Z Created temporary directory: /private/var/folders/51/hd414ycd67n82196sw51xqtc0000gn/T/pip-ephem-wheel-cache-moh4eetx
2022-12-27T01:53:20.7646920Z Processing /Users/runner/actions-runner/_work/python.build/python.build/build_grpcio104311/grpcio-1.0.4
2022-12-27T01:53:20.7651480Z   Added file:///Users/runner/actions-runner/_work/python.build/python.build/build_grpcio104311/grpcio-1.0.4 to build tracker '/private/var/folders/51/hd414ycd67n82196sw51xqtc0000gn/T/pip-build-tracker-la0xvctv'
2022-12-27T01:53:20.7654500Z   Running setup.py (path:/Users/runner/actions-runner/_work/python.build/python.build/build_grpcio104311/grpcio-1.0.4/setup.py) egg_info for package from file:///Users/runner/actions-runner/_work/python.build/python.build/build_grpcio104311/grpcio-1.0.4
2022-12-27T01:53:20.7657970Z   Created temporary directory: /private/var/folders/51/hd414ycd67n82196sw51xqtc0000gn/T/pip-pip-egg-info-cl9azokt
2022-12-27T01:53:20.7658700Z   Preparing metadata (setup.py): started
2022-12-27T01:53:20.7660350Z   Running command python setup.py egg_info
2022-12-27T01:53:21.1325370Z   /private/var/folders/51/hd414ycd67n82196sw51xqtc0000gn/T/cibw-run-_9lf65jt/cp311-macosx_arm64/build/venv/lib/python3.11/site-packages/Cython/Compiler/Main.py:369: FutureWarning: Cython directive 'language_level' not set, using 2 for now (Py2). This will change in a later release! File: /Users/runner/actions-runner/_work/python.build/python.build/build_grpcio104311/grpcio-1.0.4/src/python/grpcio/grpc/_cython/cygrpc.pxd
2022-12-27T01:53:21.1326330Z     tree = Parsing.p_module(s, pxd, full_module_name)
2022-12-27T01:53:21.1719800Z   warning: src/python/grpcio/grpc/_cython/_cygrpc/grpc.pxi:141:13: 'GRPC_ARG_PRIMARY_USER_AGENT_STRING' redeclared
2022-12-27T01:53:21.8415130Z   Compiling src/python/grpcio/grpc/_cython/cygrpc.pyx because it depends on /private/var/folders/51/hd414ycd67n82196sw51xqtc0000gn/T/cibw-run-_9lf65jt/cp311-macosx_arm64/build/venv/lib/python3.11/site-packages/Cython/Includes/libc/time.pxd.
2022-12-27T01:53:21.8416210Z   [1/1] Cythonizing src/python/grpcio/grpc/_cython/cygrpc.pyx
2022-12-27T01:53:21.8539580Z   /private/var/folders/51/hd414ycd67n82196sw51xqtc0000gn/T/cibw-run-_9lf65jt/cp311-macosx_arm64/build/venv/lib/python3.11/site-packages/setuptools/installer.py:27: SetuptoolsDeprecationWarning: setuptools.installer is deprecated. Requirements should be satisfied by a PEP 517 installer.
2022-12-27T01:53:21.8540400Z     warnings.warn(
2022-12-27T01:53:33.1158960Z   running egg_info
2022-12-27T01:53:33.1161220Z   creating /private/var/folders/51/hd414ycd67n82196sw51xqtc0000gn/T/pip-pip-egg-info-cl9azokt/grpcio.egg-info
2022-12-27T01:53:33.1233080Z   writing /private/var/folders/51/hd414ycd67n82196sw51xqtc0000gn/T/pip-pip-egg-info-cl9azokt/grpcio.egg-info/PKG-INFO
2022-12-27T01:53:33.1236310Z   writing dependency_links to /private/var/folders/51/hd414ycd67n82196sw51xqtc0000gn/T/pip-pip-egg-info-cl9azokt/grpcio.egg-info/dependency_links.txt
2022-12-27T01:53:33.1238500Z   writing requirements to /private/var/folders/51/hd414ycd67n82196sw51xqtc0000gn/T/pip-pip-egg-info-cl9azokt/grpcio.egg-info/requires.txt
2022-12-27T01:53:33.1240550Z   writing top-level names to /private/var/folders/51/hd414ycd67n82196sw51xqtc0000gn/T/pip-pip-egg-info-cl9azokt/grpcio.egg-info/top_level.txt
2022-12-27T01:53:33.1242450Z   writing manifest file '/private/var/folders/51/hd414ycd67n82196sw51xqtc0000gn/T/pip-pip-egg-info-cl9azokt/grpcio.egg-info/SOURCES.txt'
2022-12-27T01:53:33.1441220Z   reading manifest file '/private/var/folders/51/hd414ycd67n82196sw51xqtc0000gn/T/pip-pip-egg-info-cl9azokt/grpcio.egg-info/SOURCES.txt'
2022-12-27T01:53:33.1443280Z   reading manifest template 'PYTHON-MANIFEST.in'
2022-12-27T01:53:33.1466500Z   warning: no files found matching '*.h' under directory 'src/python/grpcio/grpc'
2022-12-27T01:53:33.1524800Z   warning: no files found matching '*.python' under directory 'src/python/grpcio/grpc'
2022-12-27T01:53:33.1537760Z   warning: no previously-included files matching '*.so' found under directory 'src/python/grpcio/grpc/_cython'
2022-12-27T01:53:33.1539880Z   warning: no previously-included files matching '*.pyd' found under directory 'src/python/grpcio/grpc/_cython'
2022-12-27T01:53:33.1846190Z   warning: no files found matching 'src/python/grpcio/precompiled.py'
2022-12-27T01:53:33.2028580Z   writing manifest file '/private/var/folders/51/hd414ycd67n82196sw51xqtc0000gn/T/pip-pip-egg-info-cl9azokt/grpcio.egg-info/SOURCES.txt'
2022-12-27T01:53:33.2633020Z   Preparing metadata (setup.py): finished with status 'done'
2022-12-27T01:53:33.2654710Z   Source in /Users/runner/actions-runner/_work/python.build/python.build/build_grpcio104311/grpcio-1.0.4 has version 1.0.4, which satisfies requirement grpcio==1.0.4 from file:///Users/runner/actions-runner/_work/python.build/python.build/build_grpcio104311/grpcio-1.0.4
2022-12-27T01:53:33.2657680Z   Removed grpcio==1.0.4 from file:///Users/runner/actions-runner/_work/python.build/python.build/build_grpcio104311/grpcio-1.0.4 from build tracker '/private/var/folders/51/hd414ycd67n82196sw51xqtc0000gn/T/pip-build-tracker-la0xvctv'
2022-12-27T01:53:33.2672140Z Created temporary directory: /private/var/folders/51/hd414ycd67n82196sw51xqtc0000gn/T/pip-unpack-i0jwp6br
2022-12-27T01:53:33.2673750Z Building wheels for collected packages: grpcio
2022-12-27T01:53:33.2678930Z   Created temporary directory: /private/var/folders/51/hd414ycd67n82196sw51xqtc0000gn/T/pip-wheel-ihaqkg9x
2022-12-27T01:53:33.2680340Z   Building wheel for grpcio (setup.py): started
2022-12-27T01:53:33.2681980Z   Destination directory: /private/var/folders/51/hd414ycd67n82196sw51xqtc0000gn/T/pip-wheel-ihaqkg9x
2022-12-27T01:53:33.2683020Z   Running command python setup.py bdist_wheel
2022-12-27T01:53:33.6020870Z   /private/var/folders/51/hd414ycd67n82196sw51xqtc0000gn/T/cibw-run-_9lf65jt/cp311-macosx_arm64/build/venv/lib/python3.11/site-packages/setuptools/installer.py:27: SetuptoolsDeprecationWarning: setuptools.installer is deprecated. Requirements should be satisfied by a PEP 517 installer.
2022-12-27T01:53:33.6021550Z     warnings.warn(
2022-12-27T01:53:33.7707250Z   running bdist_wheel
2022-12-27T01:53:33.7918710Z   running build
2022-12-27T01:53:33.7919880Z   running build_py
2022-12-27T01:53:33.7921320Z   running build_project_metadata
2022-12-27T01:53:33.7925760Z   creating python_build
2022-12-27T01:53:33.7927290Z   creating python_build/lib.macosx-11.0-arm64-cpython-311
2022-12-27T01:53:33.7928380Z   creating python_build/lib.macosx-11.0-arm64-cpython-311/grpc
2022-12-27T01:53:33.7929610Z   copying src/python/grpcio/grpc/_channel.py -> python_build/lib.macosx-11.0-arm64-cpython-311/grpc
2022-12-27T01:53:33.7933800Z   copying src/python/grpcio/grpc/_common.py -> python_build/lib.macosx-11.0-arm64-cpython-311/grpc
2022-12-27T01:53:33.7935270Z   copying src/python/grpcio/grpc/__init__.py -> python_build/lib.macosx-11.0-arm64-cpython-311/grpc
2022-12-27T01:53:33.7937750Z   copying src/python/grpcio/grpc/_utilities.py -> python_build/lib.macosx-11.0-arm64-cpython-311/grpc
2022-12-27T01:53:33.7940540Z   copying src/python/grpcio/grpc/_plugin_wrapping.py -> python_build/lib.macosx-11.0-arm64-cpython-311/grpc
2022-12-27T01:53:33.7943180Z   copying src/python/grpcio/grpc/_grpcio_metadata.py -> python_build/lib.macosx-11.0-arm64-cpython-311/grpc
2022-12-27T01:53:33.7988890Z   copying src/python/grpcio/grpc/_server.py -> python_build/lib.macosx-11.0-arm64-cpython-311/grpc
2022-12-27T01:53:33.7993160Z   copying src/python/grpcio/grpc/_auth.py -> python_build/lib.macosx-11.0-arm64-cpython-311/grpc
2022-12-27T01:53:33.7995940Z   copying src/python/grpcio/grpc/_credential_composition.py -> python_build/lib.macosx-11.0-arm64-cpython-311/grpc
2022-12-27T01:53:33.8000920Z   creating python_build/lib.macosx-11.0-arm64-cpython-311/grpc/beta
2022-12-27T01:53:33.8001910Z   copying src/python/grpcio/grpc/beta/_server_adaptations.py -> python_build/lib.macosx-11.0-arm64-cpython-311/grpc/beta
2022-12-27T01:53:33.8004840Z   copying src/python/grpcio/grpc/beta/interfaces.py -> python_build/lib.macosx-11.0-arm64-cpython-311/grpc/beta
2022-12-27T01:53:33.8006870Z   copying src/python/grpcio/grpc/beta/_connectivity_channel.py -> python_build/lib.macosx-11.0-arm64-cpython-311/grpc/beta
2022-12-27T01:53:33.8009480Z   copying src/python/grpcio/grpc/beta/__init__.py -> python_build/lib.macosx-11.0-arm64-cpython-311/grpc/beta
2022-12-27T01:53:33.8012020Z   copying src/python/grpcio/grpc/beta/utilities.py -> python_build/lib.macosx-11.0-arm64-cpython-311/grpc/beta
2022-12-27T01:53:33.8014010Z   copying src/python/grpcio/grpc/beta/implementations.py -> python_build/lib.macosx-11.0-arm64-cpython-311/grpc/beta
2022-12-27T01:53:33.8015740Z   copying src/python/grpcio/grpc/beta/_client_adaptations.py -> python_build/lib.macosx-11.0-arm64-cpython-311/grpc/beta
2022-12-27T01:53:33.8019850Z   creating python_build/lib.macosx-11.0-arm64-cpython-311/grpc/framework
2022-12-27T01:53:33.8021030Z   copying src/python/grpcio/grpc/framework/__init__.py -> python_build/lib.macosx-11.0-arm64-cpython-311/grpc/framework
2022-12-27T01:53:33.8024360Z   creating python_build/lib.macosx-11.0-arm64-cpython-311/grpc/_cython
2022-12-27T01:53:33.8025560Z   copying src/python/grpcio/grpc/_cython/__init__.py -> python_build/lib.macosx-11.0-arm64-cpython-311/grpc/_cython
2022-12-27T01:53:33.8030210Z   creating python_build/lib.macosx-11.0-arm64-cpython-311/grpc/framework/foundation
2022-12-27T01:53:33.8031400Z   copying src/python/grpcio/grpc/framework/foundation/callable_util.py -> python_build/lib.macosx-11.0-arm64-cpython-311/grpc/framework/foundation
2022-12-27T01:53:33.8033860Z   copying src/python/grpcio/grpc/framework/foundation/abandonment.py -> python_build/lib.macosx-11.0-arm64-cpython-311/grpc/framework/foundation
2022-12-27T01:53:33.8036250Z   copying src/python/grpcio/grpc/framework/foundation/__init__.py -> python_build/lib.macosx-11.0-arm64-cpython-311/grpc/framework/foundation
2022-12-27T01:53:33.8038880Z   copying src/python/grpcio/grpc/framework/foundation/stream.py -> python_build/lib.macosx-11.0-arm64-cpython-311/grpc/framework/foundation
2022-12-27T01:53:33.8040690Z   copying src/python/grpcio/grpc/framework/foundation/stream_util.py -> python_build/lib.macosx-11.0-arm64-cpython-311/grpc/framework/foundation
2022-12-27T01:53:33.8042810Z   copying src/python/grpcio/grpc/framework/foundation/future.py -> python_build/lib.macosx-11.0-arm64-cpython-311/grpc/framework/foundation
2022-12-27T01:53:33.8044590Z   copying src/python/grpcio/grpc/framework/foundation/logging_pool.py -> python_build/lib.macosx-11.0-arm64-cpython-311/grpc/framework/foundation
2022-12-27T01:53:33.8048620Z   creating python_build/lib.macosx-11.0-arm64-cpython-311/grpc/framework/common
2022-12-27T01:53:33.8050140Z   copying src/python/grpcio/grpc/framework/common/style.py -> python_build/lib.macosx-11.0-arm64-cpython-311/grpc/framework/common
2022-12-27T01:53:33.8052310Z   copying src/python/grpcio/grpc/framework/common/cardinality.py -> python_build/lib.macosx-11.0-arm64-cpython-311/grpc/framework/common
2022-12-27T01:53:33.8054480Z   copying src/python/grpcio/grpc/framework/common/__init__.py -> python_build/lib.macosx-11.0-arm64-cpython-311/grpc/framework/common
2022-12-27T01:53:33.8057860Z   creating python_build/lib.macosx-11.0-arm64-cpython-311/grpc/framework/interfaces
2022-12-27T01:53:33.8059080Z   copying src/python/grpcio/grpc/framework/interfaces/__init__.py -> python_build/lib.macosx-11.0-arm64-cpython-311/grpc/framework/interfaces
2022-12-27T01:53:33.8062780Z   creating python_build/lib.macosx-11.0-arm64-cpython-311/grpc/framework/interfaces/face
2022-12-27T01:53:33.8064160Z   copying src/python/grpcio/grpc/framework/interfaces/face/__init__.py -> python_build/lib.macosx-11.0-arm64-cpython-311/grpc/framework/interfaces/face
2022-12-27T01:53:33.8066560Z   copying src/python/grpcio/grpc/framework/interfaces/face/utilities.py -> python_build/lib.macosx-11.0-arm64-cpython-311/grpc/framework/interfaces/face
2022-12-27T01:53:33.8068150Z   copying src/python/grpcio/grpc/framework/interfaces/face/face.py -> python_build/lib.macosx-11.0-arm64-cpython-311/grpc/framework/interfaces/face
2022-12-27T01:53:33.8072760Z   creating python_build/lib.macosx-11.0-arm64-cpython-311/grpc/framework/interfaces/base
2022-12-27T01:53:33.8073730Z   copying src/python/grpcio/grpc/framework/interfaces/base/__init__.py -> python_build/lib.macosx-11.0-arm64-cpython-311/grpc/framework/interfaces/base
2022-12-27T01:53:33.8075950Z   copying src/python/grpcio/grpc/framework/interfaces/base/utilities.py -> python_build/lib.macosx-11.0-arm64-cpython-311/grpc/framework/interfaces/base
2022-12-27T01:53:33.8078130Z   copying src/python/grpcio/grpc/framework/interfaces/base/base.py -> python_build/lib.macosx-11.0-arm64-cpython-311/grpc/framework/interfaces/base
2022-12-27T01:53:33.8081960Z   creating python_build/lib.macosx-11.0-arm64-cpython-311/grpc/_cython/_cygrpc
2022-12-27T01:53:33.8083330Z   copying src/python/grpcio/grpc/_cython/_cygrpc/__init__.py -> python_build/lib.macosx-11.0-arm64-cpython-311/grpc/_cython/_cygrpc
2022-12-27T01:53:33.8087740Z   creating python_build/lib.macosx-11.0-arm64-cpython-311/grpc/_cython/_credentials
2022-12-27T01:53:33.8088990Z   copying src/python/grpcio/grpc/_cython/_credentials/roots.pem -> python_build/lib.macosx-11.0-arm64-cpython-311/grpc/_cython/_credentials
2022-12-27T01:53:33.8108210Z   running build_ext
2022-12-27T01:53:33.8117690Z   building 'grpc._cython.cygrpc' extension
2022-12-27T01:53:33.8131490Z   creating python_build/temp.macosx-11.0-arm64-cpython-311
2022-12-27T01:53:33.8132560Z   creating python_build/temp.macosx-11.0-arm64-cpython-311/src
2022-12-27T01:53:33.8133710Z   creating python_build/temp.macosx-11.0-arm64-cpython-311/src/boringssl
2022-12-27T01:53:33.8134780Z   creating python_build/temp.macosx-11.0-arm64-cpython-311/src/core
2022-12-27T01:53:33.8135770Z   creating python_build/temp.macosx-11.0-arm64-cpython-311/src/core/ext
2022-12-27T01:53:33.8137400Z   creating python_build/temp.macosx-11.0-arm64-cpython-311/src/core/ext/census
2022-12-27T01:53:33.8138400Z   creating python_build/temp.macosx-11.0-arm64-cpython-311/src/core/ext/census/gen
2022-12-27T01:53:33.8139360Z   creating python_build/temp.macosx-11.0-arm64-cpython-311/src/core/ext/client_config
2022-12-27T01:53:33.8142610Z   creating python_build/temp.macosx-11.0-arm64-cpython-311/src/core/ext/lb_policy
2022-12-27T01:53:33.8144090Z   creating python_build/temp.macosx-11.0-arm64-cpython-311/src/core/ext/lb_policy/grpclb
2022-12-27T01:53:33.8145930Z   creating python_build/temp.macosx-11.0-arm64-cpython-311/src/core/ext/lb_policy/grpclb/proto
2022-12-27T01:53:33.8147300Z   creating python_build/temp.macosx-11.0-arm64-cpython-311/src/core/ext/lb_policy/grpclb/proto/grpc
2022-12-27T01:53:33.8148710Z   creating python_build/temp.macosx-11.0-arm64-cpython-311/src/core/ext/lb_policy/grpclb/proto/grpc/lb
2022-12-27T01:53:33.8150330Z   creating python_build/temp.macosx-11.0-arm64-cpython-311/src/core/ext/lb_policy/grpclb/proto/grpc/lb/v1
2022-12-27T01:53:33.8151670Z   creating python_build/temp.macosx-11.0-arm64-cpython-311/src/core/ext/lb_policy/pick_first
2022-12-27T01:53:33.8153070Z   creating python_build/temp.macosx-11.0-arm64-cpython-311/src/core/ext/lb_policy/round_robin
2022-12-27T01:53:33.8154460Z   creating python_build/temp.macosx-11.0-arm64-cpython-311/src/core/ext/load_reporting
2022-12-27T01:53:33.8156110Z   creating python_build/temp.macosx-11.0-arm64-cpython-311/src/core/ext/resolver
2022-12-27T01:53:33.8157780Z   creating python_build/temp.macosx-11.0-arm64-cpython-311/src/core/ext/resolver/dns
2022-12-27T01:53:33.8217960Z   creating python_build/temp.macosx-11.0-arm64-cpython-311/src/core/ext/resolver/dns/native
2022-12-27T01:53:33.8218670Z   creating python_build/temp.macosx-11.0-arm64-cpython-311/src/core/ext/resolver/sockaddr
2022-12-27T01:53:33.8220030Z   creating python_build/temp.macosx-11.0-arm64-cpython-311/src/core/ext/transport
2022-12-27T01:53:33.8220770Z   creating python_build/temp.macosx-11.0-arm64-cpython-311/src/core/ext/transport/chttp2
2022-12-27T01:53:33.8221620Z   creating python_build/temp.macosx-11.0-arm64-cpython-311/src/core/ext/transport/chttp2/alpn
2022-12-27T01:53:33.8222320Z   creating python_build/temp.macosx-11.0-arm64-cpython-311/src/core/ext/transport/chttp2/client
2022-12-27T01:53:33.8223780Z   creating python_build/temp.macosx-11.0-arm64-cpython-311/src/core/ext/transport/chttp2/client/insecure
2022-12-27T01:53:33.8224760Z   creating python_build/temp.macosx-11.0-arm64-cpython-311/src/core/ext/transport/chttp2/client/secure
2022-12-27T01:53:33.8225430Z   creating python_build/temp.macosx-11.0-arm64-cpython-311/src/core/ext/transport/chttp2/server
2022-12-27T01:53:33.8225880Z   creating python_build/temp.macosx-11.0-arm64-cpython-311/src/core/ext/transport/chttp2/server/insecure
2022-12-27T01:53:33.8226330Z   creating python_build/temp.macosx-11.0-arm64-cpython-311/src/core/ext/transport/chttp2/server/secure
2022-12-27T01:53:33.8227070Z   creating python_build/temp.macosx-11.0-arm64-cpython-311/src/core/ext/transport/chttp2/transport
2022-12-27T01:53:33.8228230Z   creating python_build/temp.macosx-11.0-arm64-cpython-311/src/core/lib
2022-12-27T01:53:33.8229060Z   creating python_build/temp.macosx-11.0-arm64-cpython-311/src/core/lib/channel
2022-12-27T01:53:33.8229910Z   creating python_build/temp.macosx-11.0-arm64-cpython-311/src/core/lib/compression
2022-12-27T01:53:33.8230480Z   creating python_build/temp.macosx-11.0-arm64-cpython-311/src/core/lib/debug
2022-12-27T01:53:33.8230920Z   creating python_build/temp.macosx-11.0-arm64-cpython-311/src/core/lib/http
2022-12-27T01:53:33.8231410Z   creating python_build/temp.macosx-11.0-arm64-cpython-311/src/core/lib/iomgr
2022-12-27T01:53:33.8231860Z   creating python_build/temp.macosx-11.0-arm64-cpython-311/src/core/lib/json
2022-12-27T01:53:33.8232610Z   creating python_build/temp.macosx-11.0-arm64-cpython-311/src/core/lib/profiling
2022-12-27T01:53:33.8233380Z   creating python_build/temp.macosx-11.0-arm64-cpython-311/src/core/lib/security
2022-12-27T01:53:33.8233980Z   creating python_build/temp.macosx-11.0-arm64-cpython-311/src/core/lib/security/context
2022-12-27T01:53:33.8234760Z   creating python_build/temp.macosx-11.0-arm64-cpython-311/src/core/lib/security/credentials
2022-12-27T01:53:33.8235320Z   creating python_build/temp.macosx-11.0-arm64-cpython-311/src/core/lib/security/credentials/composite
2022-12-27T01:53:33.8235810Z   creating python_build/temp.macosx-11.0-arm64-cpython-311/src/core/lib/security/credentials/fake
2022-12-27T01:53:33.8236350Z   creating python_build/temp.macosx-11.0-arm64-cpython-311/src/core/lib/security/credentials/google_default
2022-12-27T01:53:33.8236890Z   creating python_build/temp.macosx-11.0-arm64-cpython-311/src/core/lib/security/credentials/iam
2022-12-27T01:53:33.8237380Z   creating python_build/temp.macosx-11.0-arm64-cpython-311/src/core/lib/security/credentials/jwt
2022-12-27T01:53:33.8237910Z   creating python_build/temp.macosx-11.0-arm64-cpython-311/src/core/lib/security/credentials/oauth2
2022-12-27T01:53:33.8238460Z   creating python_build/temp.macosx-11.0-arm64-cpython-311/src/core/lib/security/credentials/plugin
2022-12-27T01:53:33.8238950Z   creating python_build/temp.macosx-11.0-arm64-cpython-311/src/core/lib/security/credentials/ssl
2022-12-27T01:53:33.8239420Z   creating python_build/temp.macosx-11.0-arm64-cpython-311/src/core/lib/security/transport
2022-12-27T01:53:33.8239860Z   creating python_build/temp.macosx-11.0-arm64-cpython-311/src/core/lib/security/util
2022-12-27T01:53:33.8240350Z   creating python_build/temp.macosx-11.0-arm64-cpython-311/src/core/lib/support
2022-12-27T01:53:33.8240810Z   creating python_build/temp.macosx-11.0-arm64-cpython-311/src/core/lib/surface
2022-12-27T01:53:33.8241240Z   creating python_build/temp.macosx-11.0-arm64-cpython-311/src/core/lib/transport
2022-12-27T01:53:33.8242000Z   creating python_build/temp.macosx-11.0-arm64-cpython-311/src/core/lib/tsi
2022-12-27T01:53:33.8242500Z   creating python_build/temp.macosx-11.0-arm64-cpython-311/src/core/plugin_registry
2022-12-27T01:53:33.8242960Z   creating python_build/temp.macosx-11.0-arm64-cpython-311/src/python
2022-12-27T01:53:33.8243370Z   creating python_build/temp.macosx-11.0-arm64-cpython-311/src/python/grpcio
2022-12-27T01:53:33.8243830Z   creating python_build/temp.macosx-11.0-arm64-cpython-311/src/python/grpcio/grpc
2022-12-27T01:53:33.8244310Z   creating python_build/temp.macosx-11.0-arm64-cpython-311/src/python/grpcio/grpc/_cython
2022-12-27T01:53:33.8244730Z   creating python_build/temp.macosx-11.0-arm64-cpython-311/third_party
2022-12-27T01:53:33.8245150Z   creating python_build/temp.macosx-11.0-arm64-cpython-311/third_party/boringssl
2022-12-27T01:53:33.8245600Z   creating python_build/temp.macosx-11.0-arm64-cpython-311/third_party/boringssl/crypto
2022-12-27T01:53:33.8246030Z   creating python_build/temp.macosx-11.0-arm64-cpython-311/third_party/boringssl/crypto/aes
2022-12-27T01:53:33.8246500Z   creating python_build/temp.macosx-11.0-arm64-cpython-311/third_party/boringssl/crypto/asn1
2022-12-27T01:53:33.8246940Z   creating python_build/temp.macosx-11.0-arm64-cpython-311/third_party/boringssl/crypto/base64
2022-12-27T01:53:33.8247390Z   creating python_build/temp.macosx-11.0-arm64-cpython-311/third_party/boringssl/crypto/bio
2022-12-27T01:53:33.8247850Z   creating python_build/temp.macosx-11.0-arm64-cpython-311/third_party/boringssl/crypto/bn
2022-12-27T01:53:33.8248360Z   creating python_build/temp.macosx-11.0-arm64-cpython-311/third_party/boringssl/crypto/bn/asm
2022-12-27T01:53:33.8248880Z   creating python_build/temp.macosx-11.0-arm64-cpython-311/third_party/boringssl/crypto/buf
2022-12-27T01:53:33.8249390Z   creating python_build/temp.macosx-11.0-arm64-cpython-311/third_party/boringssl/crypto/bytestring
2022-12-27T01:53:33.8249800Z   creating python_build/temp.macosx-11.0-arm64-cpython-311/third_party/boringssl/crypto/chacha
2022-12-27T01:53:33.8250170Z   creating python_build/temp.macosx-11.0-arm64-cpython-311/third_party/boringssl/crypto/cipher
2022-12-27T01:53:33.8250650Z   creating python_build/temp.macosx-11.0-arm64-cpython-311/third_party/boringssl/crypto/cmac
2022-12-27T01:53:33.8251090Z   creating python_build/temp.macosx-11.0-arm64-cpython-311/third_party/boringssl/crypto/conf
2022-12-27T01:53:33.8251440Z   creating python_build/temp.macosx-11.0-arm64-cpython-311/third_party/boringssl/crypto/curve25519
2022-12-27T01:53:33.8251780Z   creating python_build/temp.macosx-11.0-arm64-cpython-311/third_party/boringssl/crypto/des
2022-12-27T01:53:33.8252130Z   creating python_build/temp.macosx-11.0-arm64-cpython-311/third_party/boringssl/crypto/dh
2022-12-27T01:53:33.8252530Z   creating python_build/temp.macosx-11.0-arm64-cpython-311/third_party/boringssl/crypto/digest
2022-12-27T01:53:33.8252940Z   creating python_build/temp.macosx-11.0-arm64-cpython-311/third_party/boringssl/crypto/dsa
2022-12-27T01:53:33.8253280Z   creating python_build/temp.macosx-11.0-arm64-cpython-311/third_party/boringssl/crypto/ec
2022-12-27T01:53:33.8253680Z   creating python_build/temp.macosx-11.0-arm64-cpython-311/third_party/boringssl/crypto/ecdh
2022-12-27T01:53:33.8254100Z   creating python_build/temp.macosx-11.0-arm64-cpython-311/third_party/boringssl/crypto/ecdsa
2022-12-27T01:53:33.8254610Z   creating python_build/temp.macosx-11.0-arm64-cpython-311/third_party/boringssl/crypto/engine
2022-12-27T01:53:33.8255790Z   creating python_build/temp.macosx-11.0-arm64-cpython-311/third_party/boringssl/crypto/err
2022-12-27T01:53:33.8257370Z   creating python_build/temp.macosx-11.0-arm64-cpython-311/third_party/boringssl/crypto/evp
2022-12-27T01:53:33.8259010Z   creating python_build/temp.macosx-11.0-arm64-cpython-311/third_party/boringssl/crypto/hkdf
2022-12-27T01:53:33.8260310Z   creating python_build/temp.macosx-11.0-arm64-cpython-311/third_party/boringssl/crypto/hmac
2022-12-27T01:53:33.8262000Z   creating python_build/temp.macosx-11.0-arm64-cpython-311/third_party/boringssl/crypto/lhash
2022-12-27T01:53:33.8263550Z   creating python_build/temp.macosx-11.0-arm64-cpython-311/third_party/boringssl/crypto/md4
2022-12-27T01:53:33.8265230Z   creating python_build/temp.macosx-11.0-arm64-cpython-311/third_party/boringssl/crypto/md5
2022-12-27T01:53:33.8266630Z   creating python_build/temp.macosx-11.0-arm64-cpython-311/third_party/boringssl/crypto/modes
2022-12-27T01:53:33.8268290Z   creating python_build/temp.macosx-11.0-arm64-cpython-311/third_party/boringssl/crypto/obj
2022-12-27T01:53:33.8269770Z   creating python_build/temp.macosx-11.0-arm64-cpython-311/third_party/boringssl/crypto/pem
2022-12-27T01:53:33.8271480Z   creating python_build/temp.macosx-11.0-arm64-cpython-311/third_party/boringssl/crypto/pkcs8
2022-12-27T01:53:33.8272890Z   creating python_build/temp.macosx-11.0-arm64-cpython-311/third_party/boringssl/crypto/poly1305
2022-12-27T01:53:33.8274490Z   creating python_build/temp.macosx-11.0-arm64-cpython-311/third_party/boringssl/crypto/rand
2022-12-27T01:53:33.8275920Z   creating python_build/temp.macosx-11.0-arm64-cpython-311/third_party/boringssl/crypto/rc4
2022-12-27T01:53:33.8277540Z   creating python_build/temp.macosx-11.0-arm64-cpython-311/third_party/boringssl/crypto/rsa
2022-12-27T01:53:33.8279010Z   creating python_build/temp.macosx-11.0-arm64-cpython-311/third_party/boringssl/crypto/sha
2022-12-27T01:53:33.8280530Z   creating python_build/temp.macosx-11.0-arm64-cpython-311/third_party/boringssl/crypto/stack
2022-12-27T01:53:33.8281920Z   creating python_build/temp.macosx-11.0-arm64-cpython-311/third_party/boringssl/crypto/x509
2022-12-27T01:53:33.8283550Z   creating python_build/temp.macosx-11.0-arm64-cpython-311/third_party/boringssl/crypto/x509v3
2022-12-27T01:53:33.8284930Z   creating python_build/temp.macosx-11.0-arm64-cpython-311/third_party/boringssl/ssl
2022-12-27T01:53:33.8287170Z   creating python_build/temp.macosx-11.0-arm64-cpython-311/third_party/boringssl/ssl/pqueue
2022-12-27T01:53:33.8289540Z   creating python_build/temp.macosx-11.0-arm64-cpython-311/third_party/nanopb
2022-12-27T01:53:33.8290940Z   creating python_build/temp.macosx-11.0-arm64-cpython-311/third_party/zlib
2022-12-27T01:53:33.8294510Z   clang -Wsign-compare -Wunreachable-code -fno-common -dynamic -DNDEBUG -g -fwrapv -O3 -Wall -g -I/usr/local/opt/openssl@3/include -I/usr/local/opt/openssl@3/include -arch arm64 -DOPENSSL_NO_ASM=1 -D_WIN32_WINNT=1536 -DGPR_BACKWARDS_COMPATIBILITY_MODE=1 "-DPyMODINIT_FUNC=__attribute__((visibility (\"default\"))) PyObject*" -Isrc/python/grpcio -Iinclude -I. -Ithird_party/boringssl/include -Ithird_party/zlib -I/private/var/folders/51/hd414ycd67n82196sw51xqtc0000gn/T/cibw-run-_9lf65jt/cp311-macosx_arm64/build/venv/include -I/Library/Frameworks/Python.framework/Versions/3.11/include/python3.11 -c src/boringssl/err_data.c -o python_build/temp.macosx-11.0-arm64-cpython-311/src/boringssl/err_data.o -fno-wrapv -fvisibility=hidden -pthread -std=gnu99
2022-12-27T01:53:33.8600800Z   In file included from src/boringssl/err_data.c:18:
2022-12-27T01:53:33.8601380Z   In file included from /usr/local/opt/openssl@3/include/openssl/err.h:16:
2022-12-27T01:53:33.8602910Z   In file included from /usr/local/opt/openssl@3/include/openssl/macros.h:15:
2022-12-27T01:53:33.8604700Z   /usr/local/opt/openssl@3/include/openssl/opensslv.h:99:10: warning: 'OPENSSL_VERSION_NUMBER' macro redefined [-Wmacro-redefined]
2022-12-27T01:53:33.8605720Z   # define OPENSSL_VERSION_NUMBER          \
2022-12-27T01:53:33.8606720Z            ^
2022-12-27T01:53:33.8607750Z   third_party/boringssl/include/openssl/base.h:112:9: note: previous definition is here
2022-12-27T01:53:33.8608920Z   #define OPENSSL_VERSION_NUMBER 0x10002000
2022-12-27T01:53:33.8609780Z           ^
2022-12-27T01:53:33.8611000Z   In file included from src/boringssl/err_data.c:18:
2022-12-27T01:53:33.8611960Z   In file included from /usr/local/opt/openssl@3/include/openssl/err.h:21:
2022-12-27T01:53:33.8613100Z   /usr/local/opt/openssl@3/include/openssl/e_os2.h:183:11: warning: 'OPENSSL_EXPORT' macro redefined [-Wmacro-redefined]
2022-12-27T01:53:33.8614160Z   #  define OPENSSL_EXPORT extern
2022-12-27T01:53:33.8615160Z             ^
2022-12-27T01:53:33.8616360Z   third_party/boringssl/include/openssl/base.h:137:9: note: previous definition is here
2022-12-27T01:53:33.8617300Z   #define OPENSSL_EXPORT
2022-12-27T01:53:33.8618350Z           ^
2022-12-27T01:53:33.8661020Z   In file included from src/boringssl/err_data.c:18:
2022-12-27T01:53:33.8662260Z   In file included from /usr/local/opt/openssl@3/include/openssl/err.h:28:
2022-12-27T01:53:33.8663910Z   /usr/local/opt/openssl@3/include/openssl/types.h:45:31: warning: redefinition of typedef 'ASN1_INTEGER' is a C11 feature [-Wtypedef-redefinition]
2022-12-27T01:53:33.8665060Z   typedef struct asn1_string_st ASN1_INTEGER;
2022-12-27T01:53:33.8666430Z                                 ^
2022-12-27T01:53:33.8667430Z   third_party/boringssl/include/openssl/base.h:164:31: note: previous definition is here
2022-12-27T01:53:33.8668360Z   typedef struct asn1_string_st ASN1_INTEGER;
2022-12-27T01:53:33.8669510Z                                 ^
2022-12-27T01:53:33.8670960Z   In file included from src/boringssl/err_data.c:18:
2022-12-27T01:53:33.8671870Z   In file included from /usr/local/opt/openssl@3/include/openssl/err.h:28:
2022-12-27T01:53:33.8673580Z   /usr/local/opt/openssl@3/include/openssl/types.h:46:31: warning: redefinition of typedef 'ASN1_ENUMERATED' is a C11 feature [-Wtypedef-redefinition]
2022-12-27T01:53:33.8674320Z   typedef struct asn1_string_st ASN1_ENUMERATED;
2022-12-27T01:53:33.8675270Z                                 ^
2022-12-27T01:53:33.8676210Z   third_party/boringssl/include/openssl/base.h:160:31: note: previous definition is here
2022-12-27T01:53:33.8677340Z   typedef struct asn1_string_st ASN1_ENUMERATED;
2022-12-27T01:53:33.8678200Z                                 ^
2022-12-27T01:53:33.8679300Z   In file included from src/boringssl/err_data.c:18:
2022-12-27T01:53:33.8680360Z   In file included from /usr/local/opt/openssl@3/include/openssl/err.h:28:
2022-12-27T01:53:33.8681630Z   /usr/local/opt/openssl@3/include/openssl/types.h:47:31: warning: redefinition of typedef 'ASN1_BIT_STRING' is a C11 feature [-Wtypedef-redefinition]
2022-12-27T01:53:33.8682510Z   typedef struct asn1_string_st ASN1_BIT_STRING;
2022-12-27T01:53:33.8683300Z                                 ^
2022-12-27T01:53:33.8684560Z   third_party/boringssl/include/openssl/base.h:158:31: note: previous definition is here
2022-12-27T01:53:33.8685550Z   typedef struct asn1_string_st ASN1_BIT_STRING;
2022-12-27T01:53:33.8686480Z                                 ^
2022-12-27T01:53:33.8687540Z   In file included from src/boringssl/err_data.c:18:
2022-12-27T01:53:33.8688620Z   In file included from /usr/local/opt/openssl@3/include/openssl/err.h:28:
2022-12-27T01:53:33.8689820Z   /usr/local/opt/openssl@3/include/openssl/types.h:48:31: warning: redefinition of typedef 'ASN1_OCTET_STRING' is a C11 feature [-Wtypedef-redefinition]
2022-12-27T01:53:33.8690610Z   typedef struct asn1_string_st ASN1_OCTET_STRING;
2022-12-27T01:53:33.8691540Z                                 ^
2022-12-27T01:53:33.8692870Z   third_party/boringssl/include/openssl/base.h:165:31: note: previous definition is here
2022-12-27T01:53:33.8693840Z   typedef struct asn1_string_st ASN1_OCTET_STRING;
2022-12-27T01:53:33.8694820Z                                 ^
2022-12-27T01:53:33.8695870Z   In file included from src/boringssl/err_data.c:18:
2022-12-27T01:53:33.8697130Z   In file included from /usr/local/opt/openssl@3/include/openssl/err.h:28:
2022-12-27T01:53:33.8698470Z   /usr/local/opt/openssl@3/include/openssl/types.h:49:31: warning: redefinition of typedef 'ASN1_PRINTABLESTRING' is a C11 feature [-Wtypedef-redefinition]
2022-12-27T01:53:33.8699190Z   typedef struct asn1_string_st ASN1_PRINTABLESTRING;
2022-12-27T01:53:33.8700210Z                                 ^
2022-12-27T01:53:33.8701390Z   third_party/boringssl/include/openssl/base.h:166:31: note: previous definition is here
2022-12-27T01:53:33.8702370Z   typedef struct asn1_string_st ASN1_PRINTABLESTRING;
2022-12-27T01:53:33.8703430Z                                 ^
2022-12-27T01:53:33.8704650Z   In file included from src/boringssl/err_data.c:18:
2022-12-27T01:53:33.8705730Z   In file included from /usr/local/opt/openssl@3/include/openssl/err.h:28:
2022-12-27T01:53:33.8707160Z   /usr/local/opt/openssl@3/include/openssl/types.h:50:31: warning: redefinition of typedef 'ASN1_T61STRING' is a C11 feature [-Wtypedef-redefinition]
2022-12-27T01:53:33.8707930Z   typedef struct asn1_string_st ASN1_T61STRING;
2022-12-27T01:53:33.8708840Z                                 ^
2022-12-27T01:53:33.8710330Z   third_party/boringssl/include/openssl/base.h:168:31: note: previous definition is here
2022-12-27T01:53:33.8711160Z   typedef struct asn1_string_st ASN1_T61STRING;
2022-12-27T01:53:33.8712140Z                                 ^
2022-12-27T01:53:33.8713220Z   In file included from src/boringssl/err_data.c:18:
2022-12-27T01:53:33.8714200Z   In file included from /usr/local/opt/openssl@3/include/openssl/err.h:28:
2022-12-27T01:53:33.8715540Z   /usr/local/opt/openssl@3/include/openssl/types.h:51:31: warning: redefinition of typedef 'ASN1_IA5STRING' is a C11 feature [-Wtypedef-redefinition]
2022-12-27T01:53:33.8716430Z   typedef struct asn1_string_st ASN1_IA5STRING;
2022-12-27T01:53:33.8717590Z                                 ^
2022-12-27T01:53:33.8718710Z   third_party/boringssl/include/openssl/base.h:163:31: note: previous definition is here
2022-12-27T01:53:33.8719680Z   typedef struct asn1_string_st ASN1_IA5STRING;
2022-12-27T01:53:33.8720580Z                                 ^
2022-12-27T01:53:33.8721780Z   In file included from src/boringssl/err_data.c:18:
2022-12-27T01:53:33.8722740Z   In file included from /usr/local/opt/openssl@3/include/openssl/err.h:28:
2022-12-27T01:53:33.8724130Z   /usr/local/opt/openssl@3/include/openssl/types.h:52:31: warning: redefinition of typedef 'ASN1_GENERALSTRING' is a C11 feature [-Wtypedef-redefinition]
2022-12-27T01:53:33.8724790Z   typedef struct asn1_string_st ASN1_GENERALSTRING;
2022-12-27T01:53:33.8725740Z                                 ^
2022-12-27T01:53:33.8727110Z   third_party/boringssl/include/openssl/base.h:162:31: note: previous definition is here
2022-12-27T01:53:33.8727830Z   typedef struct asn1_string_st ASN1_GENERALSTRING;
2022-12-27T01:53:33.8728780Z                                 ^
2022-12-27T01:53:33.8729810Z   In file included from src/boringssl/err_data.c:18:
2022-12-27T01:53:33.8730810Z   In file included from /usr/local/opt/openssl@3/include/openssl/err.h:28:
2022-12-27T01:53:33.8732120Z   /usr/local/opt/openssl@3/include/openssl/types.h:53:31: warning: redefinition of typedef 'ASN1_UNIVERSALSTRING' is a C11 feature [-Wtypedef-redefinition]
2022-12-27T01:53:33.8732900Z   typedef struct asn1_string_st ASN1_UNIVERSALSTRING;
2022-12-27T01:53:33.8734120Z                                 ^
2022-12-27T01:53:33.8735280Z   third_party/boringssl/include/openssl/base.h:170:31: note: previous definition is here
2022-12-27T01:53:33.8736390Z   typedef struct asn1_string_st ASN1_UNIVERSALSTRING;
2022-12-27T01:53:33.8737380Z                                 ^
2022-12-27T01:53:33.8738540Z   In file included from src/boringssl/err_data.c:18:
2022-12-27T01:53:33.8739620Z   In file included from /usr/local/opt/openssl@3/include/openssl/err.h:28:
2022-12-27T01:53:33.8740910Z   /usr/local/opt/openssl@3/include/openssl/types.h:54:31: warning: redefinition of typedef 'ASN1_BMPSTRING' is a C11 feature [-Wtypedef-redefinition]
2022-12-27T01:53:33.8741610Z   typedef struct asn1_string_st ASN1_BMPSTRING;
2022-12-27T01:53:33.8742570Z                                 ^
2022-12-27T01:53:33.8743670Z   third_party/boringssl/include/openssl/base.h:159:31: note: previous definition is here
2022-12-27T01:53:33.8744810Z   typedef struct asn1_string_st ASN1_BMPSTRING;
2022-12-27T01:53:33.8745840Z                                 ^
2022-12-27T01:53:33.8747160Z   In file included from src/boringssl/err_data.c:18:
2022-12-27T01:53:33.8748090Z   In file included from /usr/local/opt/openssl@3/include/openssl/err.h:28:
2022-12-27T01:53:33.8749430Z   /usr/local/opt/openssl@3/include/openssl/types.h:55:31: warning: redefinition of typedef 'ASN1_UTCTIME' is a C11 feature [-Wtypedef-redefinition]
2022-12-27T01:53:33.8750100Z   typedef struct asn1_string_st ASN1_UTCTIME;
2022-12-27T01:53:33.8751030Z                                 ^
2022-12-27T01:53:33.8752230Z   third_party/boringssl/include/openssl/base.h:171:31: note: previous definition is here
2022-12-27T01:53:33.8753310Z   typedef struct asn1_string_st ASN1_UTCTIME;
2022-12-27T01:53:33.8754200Z                                 ^
2022-12-27T01:53:33.8755230Z   In file included from src/boringssl/err_data.c:18:
2022-12-27T01:53:33.8756270Z   In file included from /usr/local/opt/openssl@3/include/openssl/err.h:28:
2022-12-27T01:53:33.8757610Z   /usr/local/opt/openssl@3/include/openssl/types.h:56:31: warning: redefinition of typedef 'ASN1_TIME' is a C11 feature [-Wtypedef-redefinition]
2022-12-27T01:53:33.8758350Z   typedef struct asn1_string_st ASN1_TIME;
2022-12-27T01:53:33.8759390Z                                 ^
2022-12-27T01:53:33.8760520Z   third_party/boringssl/include/openssl/base.h:169:31: note: previous definition is here
2022-12-27T01:53:33.8761490Z   typedef struct asn1_string_st ASN1_TIME;
2022-12-27T01:53:33.8762440Z                                 ^
2022-12-27T01:53:33.8763850Z   In file included from src/boringssl/err_data.c:18:
2022-12-27T01:53:33.8764790Z   In file included from /usr/local/opt/openssl@3/include/openssl/err.h:28:
2022-12-27T01:53:33.8766120Z   /usr/local/opt/openssl@3/include/openssl/types.h:57:31: warning: redefinition of typedef 'ASN1_GENERALIZEDTIME' is a C11 feature [-Wtypedef-redefinition]
2022-12-27T01:53:33.8766900Z   typedef struct asn1_string_st ASN1_GENERALIZEDTIME;
2022-12-27T01:53:33.8767840Z                                 ^
2022-12-27T01:53:33.8768950Z   third_party/boringssl/include/openssl/base.h:161:31: note: previous definition is here
2022-12-27T01:53:33.8769870Z   typedef struct asn1_string_st ASN1_GENERALIZEDTIME;
2022-12-27T01:53:33.8771050Z                                 ^
2022-12-27T01:53:33.8772070Z   In file included from src/boringssl/err_data.c:18:
2022-12-27T01:53:33.8773320Z   In file included from /usr/local/opt/openssl@3/include/openssl/err.h:28:
2022-12-27T01:53:33.8774630Z   /usr/local/opt/openssl@3/include/openssl/types.h:58:31: warning: redefinition of typedef 'ASN1_VISIBLESTRING' is a C11 feature [-Wtypedef-redefinition]
2022-12-27T01:53:33.8775220Z   typedef struct asn1_string_st ASN1_VISIBLESTRING;
2022-12-27T01:53:33.8776210Z                                 ^
2022-12-27T01:53:33.8777650Z   third_party/boringssl/include/openssl/base.h:173:31: note: previous definition is here
2022-12-27T01:53:33.8778530Z   typedef struct asn1_string_st ASN1_VISIBLESTRING;
2022-12-27T01:53:33.8779500Z                                 ^
2022-12-27T01:53:33.8780540Z   In file included from src/boringssl/err_data.c:18:
2022-12-27T01:53:33.8781570Z   In file included from /usr/local/opt/openssl@3/include/openssl/err.h:28:
2022-12-27T01:53:33.8782890Z   /usr/local/opt/openssl@3/include/openssl/types.h:59:31: warning: redefinition of typedef 'ASN1_UTF8STRING' is a C11 feature [-Wtypedef-redefinition]
2022-12-27T01:53:33.8783600Z   typedef struct asn1_string_st ASN1_UTF8STRING;
2022-12-27T01:53:33.8784620Z                                 ^
2022-12-27T01:53:33.8785990Z   third_party/boringssl/include/openssl/base.h:172:31: note: previous definition is here
2022-12-27T01:53:33.8786710Z   typedef struct asn1_string_st ASN1_UTF8STRING;
2022-12-27T01:53:33.8787630Z                                 ^
2022-12-27T01:53:33.8788690Z   In file included from src/boringssl/err_data.c:18:
2022-12-27T01:53:33.8789750Z   In file included from /usr/local/opt/openssl@3/include/openssl/err.h:28:
2022-12-27T01:53:33.8791040Z   /usr/local/opt/openssl@3/include/openssl/types.h:60:31: warning: redefinition of typedef 'ASN1_STRING' is a C11 feature [-Wtypedef-redefinition]
2022-12-27T01:53:33.8791700Z   typedef struct asn1_string_st ASN1_STRING;
2022-12-27T01:53:33.8792840Z                                 ^
2022-12-27T01:53:33.8794110Z   third_party/boringssl/include/openssl/base.h:167:31: note: previous definition is here
2022-12-27T01:53:33.8794970Z   typedef struct asn1_string_st ASN1_STRING;
2022-12-27T01:53:33.8796020Z                                 ^
2022-12-27T01:53:33.8797130Z   In file included from src/boringssl/err_data.c:18:
2022-12-27T01:53:33.8798130Z   In file included from /usr/local/opt/openssl@3/include/openssl/err.h:28:
2022-12-27T01:53:33.8799440Z   /usr/local/opt/openssl@3/include/openssl/types.h:61:13: warning: redefinition of typedef 'ASN1_BOOLEAN' is a C11 feature [-Wtypedef-redefinition]
2022-12-27T01:53:33.8800190Z   typedef int ASN1_BOOLEAN;
2022-12-27T01:53:33.8801240Z               ^
2022-12-27T01:53:33.8802390Z   third_party/boringssl/include/openssl/base.h:153:13: note: previous definition is here
2022-12-27T01:53:33.8803560Z   typedef int ASN1_BOOLEAN;
2022-12-27T01:53:33.8804440Z               ^
2022-12-27T01:53:33.8805560Z   In file included from src/boringssl/err_data.c:18:
2022-12-27T01:53:33.8806670Z   In file included from /usr/local/opt/openssl@3/include/openssl/err.h:28:
2022-12-27T01:53:33.8807960Z   /usr/local/opt/openssl@3/include/openssl/types.h:62:13: warning: redefinition of typedef 'ASN1_NULL' is a C11 feature [-Wtypedef-redefinition]
2022-12-27T01:53:33.8808750Z   typedef int ASN1_NULL;
2022-12-27T01:53:33.8809610Z               ^
2022-12-27T01:53:33.8810980Z   third_party/boringssl/include/openssl/base.h:154:13: note: previous definition is here
2022-12-27T01:53:33.8811780Z   typedef int ASN1_NULL;
2022-12-27T01:53:33.8813020Z               ^
2022-12-27T01:53:33.8813980Z   In file included from src/boringssl/err_data.c:18:
2022-12-27T01:53:33.8815070Z   In file included from /usr/local/opt/openssl@3/include/openssl/err.h:28:
2022-12-27T01:53:33.8816270Z   /usr/local/opt/openssl@3/include/openssl/types.h:66:31: warning: redefinition of typedef 'ASN1_OBJECT' is a C11 feature [-Wtypedef-redefinition]
2022-12-27T01:53:33.8817060Z   typedef struct asn1_object_st ASN1_OBJECT;
2022-12-27T01:53:33.8818030Z                                 ^
2022-12-27T01:53:33.8819520Z   third_party/boringssl/include/openssl/base.h:156:31: note: previous definition is here
2022-12-27T01:53:33.8820230Z   typedef struct asn1_object_st ASN1_OBJECT;
2022-12-27T01:53:33.8821300Z                                 ^
2022-12-27T01:53:33.8822170Z   In file included from src/boringssl/err_data.c:18:
2022-12-27T01:53:33.8823410Z   In file included from /usr/local/opt/openssl@3/include/openssl/err.h:28:
2022-12-27T01:53:33.8824610Z   /usr/local/opt/openssl@3/include/openssl/types.h:69:29: warning: redefinition of typedef 'ASN1_ITEM' is a C11 feature [-Wtypedef-redefinition]
2022-12-27T01:53:33.8825690Z   typedef struct ASN1_ITEM_st ASN1_ITEM;
2022-12-27T01:53:33.8826780Z                               ^
2022-12-27T01:53:33.8827780Z   third_party/boringssl/include/openssl/base.h:155:29: note: previous definition is here
2022-12-27T01:53:33.8828840Z   typedef struct ASN1_ITEM_st ASN1_ITEM;
2022-12-27T01:53:33.8829840Z                               ^
2022-12-27T01:53:33.8830870Z   In file included from src/boringssl/err_data.c:18:
2022-12-27T01:53:33.8831880Z   In file included from /usr/local/opt/openssl@3/include/openssl/err.h:28:
2022-12-27T01:53:33.8833290Z   /usr/local/opt/openssl@3/include/openssl/types.h:70:29: warning: redefinition of typedef 'ASN1_PCTX' is a C11 feature [-Wtypedef-redefinition]
2022-12-27T01:53:33.8834160Z   typedef struct asn1_pctx_st ASN1_PCTX;
2022-12-27T01:53:33.8835220Z                               ^
2022-12-27T01:53:33.8836470Z   third_party/boringssl/include/openssl/base.h:157:29: note: previous definition is here
2022-12-27T01:53:33.8837300Z   typedef struct asn1_pctx_st ASN1_PCTX;
2022-12-27T01:53:33.8838380Z                               ^
2022-12-27T01:53:33.8839380Z   In file included from src/boringssl/err_data.c:18:
2022-12-27T01:53:33.8840350Z   In file included from /usr/local/opt/openssl@3/include/openssl/err.h:28:
2022-12-27T01:53:33.8841740Z   /usr/local/opt/openssl@3/include/openssl/types.h:86:23: warning: redefinition of typedef 'BIO' is a C11 feature [-Wtypedef-redefinition]
2022-12-27T01:53:33.8842460Z   typedef struct bio_st BIO;
2022-12-27T01:53:33.8843370Z                         ^
2022-12-27T01:53:33.8844580Z   third_party/boringssl/include/openssl/base.h:205:23: note: previous definition is here
2022-12-27T01:53:33.8845400Z   typedef struct bio_st BIO;
2022-12-27T01:53:33.8846340Z                         ^
2022-12-27T01:53:33.8847450Z   In file included from src/boringssl/err_data.c:18:
2022-12-27T01:53:33.8848690Z   In file included from /usr/local/opt/openssl@3/include/openssl/err.h:28:
2022-12-27T01:53:33.8849910Z   /usr/local/opt/openssl@3/include/openssl/types.h:87:26: warning: redefinition of typedef 'BIGNUM' is a C11 feature [-Wtypedef-redefinition]
2022-12-27T01:53:33.8850580Z   typedef struct bignum_st BIGNUM;
2022-12-27T01:53:33.8851540Z                            ^
2022-12-27T01:53:33.8852680Z   third_party/boringssl/include/openssl/base.h:203:26: note: previous definition is here
2022-12-27T01:53:33.8853660Z   typedef struct bignum_st BIGNUM;
2022-12-27T01:53:33.8854610Z                            ^
2022-12-27T01:53:33.8855690Z   In file included from src/boringssl/err_data.c:18:
2022-12-27T01:53:33.8856960Z   In file included from /usr/local/opt/openssl@3/include/openssl/err.h:28:
2022-12-27T01:53:33.8858110Z   /usr/local/opt/openssl@3/include/openssl/types.h:88:27: warning: redefinition of typedef 'BN_CTX' is a C11 feature [-Wtypedef-redefinition]
2022-12-27T01:53:33.8858830Z   typedef struct bignum_ctx BN_CTX;
2022-12-27T01:53:33.8859920Z                             ^
2022-12-27T01:53:33.8861010Z   third_party/boringssl/include/openssl/base.h:202:27: note: previous definition is here
2022-12-27T01:53:33.8862040Z   typedef struct bignum_ctx BN_CTX;
2022-12-27T01:53:33.8863120Z                             ^
2022-12-27T01:53:33.8864200Z   In file included from src/boringssl/err_data.c:18:
2022-12-27T01:53:33.8865120Z   In file included from /usr/local/opt/openssl@3/include/openssl/err.h:28:
2022-12-27T01:53:33.8866570Z   /usr/local/opt/openssl@3/include/openssl/types.h:90:31: warning: redefinition of typedef 'BN_MONT_CTX' is a C11 feature [-Wtypedef-redefinition]
2022-12-27T01:53:33.8867160Z   typedef struct bn_mont_ctx_st BN_MONT_CTX;
2022-12-27T01:53:33.8868100Z                                 ^
2022-12-27T01:53:33.8869340Z   third_party/boringssl/include/openssl/base.h:207:31: note: previous definition is here
2022-12-27T01:53:33.8870250Z   typedef struct bn_mont_ctx_st BN_MONT_CTX;
2022-12-27T01:53:33.8871140Z                                 ^
2022-12-27T01:53:33.8872210Z   In file included from src/boringssl/err_data.c:18:
2022-12-27T01:53:33.8873310Z   In file included from /usr/local/opt/openssl@3/include/openssl/err.h:28:
2022-12-27T01:53:33.8874660Z   /usr/local/opt/openssl@3/include/openssl/types.h:92:28: warning: redefinition of typedef 'BN_GENCB' is a C11 feature [-Wtypedef-redefinition]
2022-12-27T01:53:33.8875460Z   typedef struct bn_gencb_st BN_GENCB;
2022-12-27T01:53:33.8876420Z                              ^
2022-12-27T01:53:33.8877680Z   third_party/boringssl/include/openssl/base.h:206:28: note: previous definition is here
2022-12-27T01:53:33.8878670Z   typedef struct bn_gencb_st BN_GENCB;
2022-12-27T01:53:33.8879560Z                              ^
2022-12-27T01:53:33.8880630Z   In file included from src/boringssl/err_data.c:18:
2022-12-27T01:53:33.8881620Z   In file included from /usr/local/opt/openssl@3/include/openssl/err.h:28:
2022-12-27T01:53:33.8882820Z   /usr/local/opt/openssl@3/include/openssl/types.h:94:27: warning: redefinition of typedef 'BUF_MEM' is a C11 feature [-Wtypedef-redefinition]
2022-12-27T01:53:33.8883730Z   typedef struct buf_mem_st BUF_MEM;
2022-12-27T01:53:33.8884750Z                             ^
2022-12-27T01:53:33.8885900Z   third_party/boringssl/include/openssl/base.h:208:27: note: previous definition is here
2022-12-27T01:53:33.8886940Z   typedef struct buf_mem_st BUF_MEM;
2022-12-27T01:53:33.8887830Z                             ^
2022-12-27T01:53:33.8888910Z   In file included from src/boringssl/err_data.c:18:
2022-12-27T01:53:33.8889870Z   In file included from /usr/local/opt/openssl@3/include/openssl/err.h:28:
2022-12-27T01:53:33.8891130Z   /usr/local/opt/openssl@3/include/openssl/types.h:101:30: warning: redefinition of typedef 'EVP_CIPHER' is a C11 feature [-Wtypedef-redefinition]
2022-12-27T01:53:33.8892050Z   typedef struct evp_cipher_st EVP_CIPHER;
2022-12-27T01:53:33.8893050Z                                ^
2022-12-27T01:53:33.8894400Z   third_party/boringssl/include/openssl/base.h:224:30: note: previous definition is here
2022-12-27T01:53:33.8895390Z   typedef struct evp_cipher_st EVP_CIPHER;
2022-12-27T01:53:33.8896450Z                                ^
2022-12-27T01:53:33.8897630Z   In file included from src/boringssl/err_data.c:18:
2022-12-27T01:53:33.8898470Z   In file included from /usr/local/opt/openssl@3/include/openssl/err.h:28:
2022-12-27T01:53:33.8899790Z   /usr/local/opt/openssl@3/include/openssl/types.h:102:34: warning: redefinition of typedef 'EVP_CIPHER_CTX' is a C11 feature [-Wtypedef-redefinition]
2022-12-27T01:53:33.8900630Z   typedef struct evp_cipher_ctx_st EVP_CIPHER_CTX;
2022-12-27T01:53:33.8901510Z                                    ^
2022-12-27T01:53:33.8902620Z   third_party/boringssl/include/openssl/base.h:223:34: note: previous definition is here
2022-12-27T01:53:33.8903590Z   typedef struct evp_cipher_ctx_st EVP_CIPHER_CTX;
2022-12-27T01:53:33.8904500Z                                    ^
2022-12-27T01:53:33.8905570Z   In file included from src/boringssl/err_data.c:18:
2022-12-27T01:53:33.8906640Z   In file included from /usr/local/opt/openssl@3/include/openssl/err.h:28:
2022-12-27T01:53:33.8908060Z   /usr/local/opt/openssl@3/include/openssl/types.h:103:26: error: typedef redefinition with different types ('struct evp_md_st' vs 'struct env_md_st')
2022-12-27T01:53:33.8908710Z   typedef struct evp_md_st EVP_MD;
2022-12-27T01:53:33.8909640Z                            ^
2022-12-27T01:53:33.8910820Z   third_party/boringssl/include/openssl/base.h:221:26: note: previous definition is here
2022-12-27T01:53:33.8911870Z   typedef struct env_md_st EVP_MD;
2022-12-27T01:53:33.8912720Z                            ^
2022-12-27T01:53:33.8913740Z   In file included from src/boringssl/err_data.c:18:
2022-12-27T01:53:33.8914820Z   In file included from /usr/local/opt/openssl@3/include/openssl/err.h:28:
2022-12-27T01:53:33.8916210Z   /usr/local/opt/openssl@3/include/openssl/types.h:104:30: error: typedef redefinition with different types ('struct evp_md_ctx_st' vs 'struct env_md_ctx_st')
2022-12-27T01:53:33.8916740Z   typedef struct evp_md_ctx_st EVP_MD_CTX;
2022-12-27T01:53:33.8917890Z                                ^
2022-12-27T01:53:33.8919080Z   third_party/boringssl/include/openssl/base.h:220:30: note: previous definition is here
2022-12-27T01:53:33.8920000Z   typedef struct env_md_ctx_st EVP_MD_CTX;
2022-12-27T01:53:33.8920930Z                                ^
2022-12-27T01:53:33.8922020Z   In file included from src/boringssl/err_data.c:18:
2022-12-27T01:53:33.8923050Z   In file included from /usr/local/opt/openssl@3/include/openssl/err.h:28:
2022-12-27T01:53:33.8924450Z   /usr/local/opt/openssl@3/include/openssl/types.h:107:28: warning: redefinition of typedef 'EVP_PKEY' is a C11 feature [-Wtypedef-redefinition]
2022-12-27T01:53:33.8925320Z   typedef struct evp_pkey_st EVP_PKEY;
2022-12-27T01:53:33.8926280Z                              ^
2022-12-27T01:53:33.8927350Z   third_party/boringssl/include/openssl/base.h:229:28: note: previous definition is here
2022-12-27T01:53:33.8928200Z   typedef struct evp_pkey_st EVP_PKEY;
2022-12-27T01:53:33.8929140Z                              ^
2022-12-27T01:53:33.8930250Z   In file included from src/boringssl/err_data.c:18:
2022-12-27T01:53:33.8931270Z   In file included from /usr/local/opt/openssl@3/include/openssl/err.h:28:
2022-12-27T01:53:33.8932660Z   /usr/local/opt/openssl@3/include/openssl/types.h:109:40: warning: redefinition of typedef 'EVP_PKEY_ASN1_METHOD' is a C11 feature [-Wtypedef-redefinition]
2022-12-27T01:53:33.8933660Z   typedef struct evp_pkey_asn1_method_st EVP_PKEY_ASN1_METHOD;
2022-12-27T01:53:33.8934590Z                                          ^
2022-12-27T01:53:33.8935720Z   third_party/boringssl/include/openssl/base.h:226:40: note: previous definition is here
2022-12-27T01:53:33.8936850Z   typedef struct evp_pkey_asn1_method_st EVP_PKEY_ASN1_METHOD;
2022-12-27T01:53:33.8937890Z                                          ^
2022-12-27T01:53:33.8938830Z   In file included from src/boringssl/err_data.c:18:
2022-12-27T01:53:33.8939940Z   In file included from /usr/local/opt/openssl@3/include/openssl/err.h:28:
2022-12-27T01:53:33.8941270Z   /usr/local/opt/openssl@3/include/openssl/types.h:111:35: warning: redefinition of typedef 'EVP_PKEY_METHOD' is a C11 feature [-Wtypedef-redefinition]
2022-12-27T01:53:33.8942110Z   typedef struct evp_pkey_method_st EVP_PKEY_METHOD;
2022-12-27T01:53:33.8943210Z                                     ^
2022-12-27T01:53:33.8944430Z   third_party/boringssl/include/openssl/base.h:228:35: note: previous definition is here
2022-12-27T01:53:33.8945370Z   typedef struct evp_pkey_method_st EVP_PKEY_METHOD;
2022-12-27T01:53:33.8946230Z                                     ^
2022-12-27T01:53:33.8947390Z   In file included from src/boringssl/err_data.c:18:
2022-12-27T01:53:33.8948370Z   In file included from /usr/local/opt/openssl@3/include/openssl/err.h:28:
2022-12-27T01:53:33.8949680Z   /usr/local/opt/openssl@3/include/openssl/types.h:112:32: warning: redefinition of typedef 'EVP_PKEY_CTX' is a C11 feature [-Wtypedef-redefinition]
2022-12-27T01:53:33.8950360Z   typedef struct evp_pkey_ctx_st EVP_PKEY_CTX;
2022-12-27T01:53:33.8951370Z                                  ^
2022-12-27T01:53:33.8952570Z   third_party/boringssl/include/openssl/base.h:227:32: note: previous definition is here
2022-12-27T01:53:33.8953630Z   typedef struct evp_pkey_ctx_st EVP_PKEY_CTX;
2022-12-27T01:53:33.8954590Z                                  ^
2022-12-27T01:53:33.8955680Z   In file included from src/boringssl/err_data.c:18:
2022-12-27T01:53:33.8957030Z   In file included from /usr/local/opt/openssl@3/include/openssl/err.h:28:
2022-12-27T01:53:33.8958350Z   /usr/local/opt/openssl@3/include/openssl/types.h:130:34: error: typedef redefinition with different types ('struct evp_Encode_Ctx_st' vs 'struct evp_encode_ctx_st')
2022-12-27T01:53:33.8959060Z   typedef struct evp_Encode_Ctx_st EVP_ENCODE_CTX;
2022-12-27T01:53:33.8960210Z                                    ^
2022-12-27T01:53:33.8961320Z   third_party/boringssl/include/openssl/base.h:225:34: note: previous definition is here
2022-12-27T01:53:33.8962320Z   typedef struct evp_encode_ctx_st EVP_ENCODE_CTX;
2022-12-27T01:53:33.8963280Z                                    ^
2022-12-27T01:53:33.8964320Z   In file included from src/boringssl/err_data.c:18:
2022-12-27T01:53:33.8965330Z   In file included from /usr/local/opt/openssl@3/include/openssl/err.h:28:
2022-12-27T01:53:33.8966770Z   /usr/local/opt/openssl@3/include/openssl/types.h:132:28: warning: redefinition of typedef 'HMAC_CTX' is a C11 feature [-Wtypedef-redefinition]
2022-12-27T01:53:33.8967620Z   typedef struct hmac_ctx_st HMAC_CTX;
2022-12-27T01:53:33.8968650Z                              ^
2022-12-27T01:53:33.8969750Z   third_party/boringssl/include/openssl/base.h:230:28: note: previous definition is here
2022-12-27T01:53:33.8970900Z   typedef struct hmac_ctx_st HMAC_CTX;
2022-12-27T01:53:33.8972040Z                              ^
2022-12-27T01:53:33.8973170Z   In file included from src/boringssl/err_data.c:18:
2022-12-27T01:53:33.8974170Z   In file included from /usr/local/opt/openssl@3/include/openssl/err.h:28:
2022-12-27T01:53:33.8975380Z   /usr/local/opt/openssl@3/include/openssl/types.h:134:22: warning: redefinition of typedef 'DH' is a C11 feature [-Wtypedef-redefinition]
2022-12-27T01:53:33.8976080Z   typedef struct dh_st DH;
2022-12-27T01:53:33.8977110Z                        ^
2022-12-27T01:53:33.8978280Z   third_party/boringssl/include/openssl/base.h:214:22: note: previous definition is here
2022-12-27T01:53:33.8979300Z   typedef struct dh_st DH;
2022-12-27T01:53:33.8980270Z                        ^
2022-12-27T01:53:33.8981200Z   In file included from src/boringssl/err_data.c:18:
2022-12-27T01:53:33.8982370Z   In file included from /usr/local/opt/openssl@3/include/openssl/err.h:28:
2022-12-27T01:53:33.8983770Z   /usr/local/opt/openssl@3/include/openssl/types.h:153:29: warning: redefinition of typedef 'RAND_METHOD' is a C11 feature [-Wtypedef-redefinition]
2022-12-27T01:53:33.8984520Z   typedef struct rand_meth_st RAND_METHOD;
2022-12-27T01:53:33.8985550Z                               ^
2022-12-27T01:53:33.8986800Z   third_party/boringssl/include/openssl/base.h:236:29: note: previous definition is here
2022-12-27T01:53:33.8987780Z   typedef struct rand_meth_st RAND_METHOD;
2022-12-27T01:53:33.8988680Z                               ^
2022-12-27T01:53:33.8990030Z   In file included from src/boringssl/err_data.c:18:
2022-12-27T01:53:33.8990840Z   In file included from /usr/local/opt/openssl@3/include/openssl/err.h:28:
2022-12-27T01:53:33.8992180Z   /usr/local/opt/openssl@3/include/openssl/types.h:157:24: warning: redefinition of typedef 'X509' is a C11 feature [-Wtypedef-redefinition]
2022-12-27T01:53:33.8992970Z   typedef struct x509_st X509;
2022-12-27T01:53:33.8994220Z                          ^
2022-12-27T01:53:33.8995350Z   third_party/boringssl/include/openssl/base.h:258:24: note: previous definition is here
2022-12-27T01:53:33.8996310Z   typedef struct x509_st X509;
2022-12-27T01:53:33.8997430Z                          ^
2022-12-27T01:53:33.8998450Z   In file included from src/boringssl/err_data.c:18:
2022-12-27T01:53:33.8999550Z   In file included from /usr/local/opt/openssl@3/include/openssl/err.h:28:
2022-12-27T01:53:33.9001120Z   /usr/local/opt/openssl@3/include/openssl/types.h:158:30: warning: redefinition of typedef 'X509_ALGOR' is a C11 feature [-Wtypedef-redefinition]
2022-12-27T01:53:33.9001830Z   typedef struct X509_algor_st X509_ALGOR;
2022-12-27T01:53:33.9002960Z                                ^
2022-12-27T01:53:33.9004390Z   third_party/boringssl/include/openssl/base.h:189:30: note: previous definition is here
2022-12-27T01:53:33.9005010Z   typedef struct X509_algor_st X509_ALGOR;
2022-12-27T01:53:33.9006270Z                                ^
2022-12-27T01:53:33.9007170Z   In file included from src/boringssl/err_data.c:18:
2022-12-27T01:53:33.9008270Z   In file included from /usr/local/opt/openssl@3/include/openssl/err.h:28:
2022-12-27T01:53:33.9009540Z   /usr/local/opt/openssl@3/include/openssl/types.h:159:28: warning: redefinition of typedef 'X509_CRL' is a C11 feature [-Wtypedef-redefinition]
2022-12-27T01:53:33.9010180Z   typedef struct X509_crl_st X509_CRL;
2022-12-27T01:53:33.9011240Z                              ^
2022-12-27T01:53:33.9012360Z   third_party/boringssl/include/openssl/base.h:191:28: note: previous definition is here
2022-12-27T01:53:33.9013270Z   typedef struct X509_crl_st X509_CRL;
2022-12-27T01:53:33.9014220Z                              ^
2022-12-27T01:53:33.9015250Z   In file included from src/boringssl/err_data.c:18:
2022-12-27T01:53:33.9016380Z   In file included from /usr/local/opt/openssl@3/include/openssl/err.h:28:
2022-12-27T01:53:33.9017700Z   /usr/local/opt/openssl@3/include/openssl/types.h:160:35: warning: redefinition of typedef 'X509_CRL_METHOD' is a C11 feature [-Wtypedef-redefinition]
2022-12-27T01:53:33.9018620Z   typedef struct x509_crl_method_st X509_CRL_METHOD;
2022-12-27T01:53:33.9019550Z                                     ^
2022-12-27T01:53:33.9020760Z   third_party/boringssl/include/openssl/base.h:256:35: note: previous definition is here
2022-12-27T01:53:33.9021590Z   typedef struct x509_crl_method_st X509_CRL_METHOD;
2022-12-27T01:53:33.9022800Z                                     ^
2022-12-27T01:53:33.9024010Z   In file included from src/boringssl/err_data.c:18:
2022-12-27T01:53:33.9025030Z   In file included from /usr/local/opt/openssl@3/include/openssl/err.h:28:
2022-12-27T01:53:33.9026380Z   /usr/local/opt/openssl@3/include/openssl/types.h:161:32: warning: redefinition of typedef 'X509_REVOKED' is a C11 feature [-Wtypedef-redefinition]
2022-12-27T01:53:33.9027020Z   typedef struct x509_revoked_st X509_REVOKED;
2022-12-27T01:53:33.9027960Z                                  ^
2022-12-27T01:53:33.9029210Z   third_party/boringssl/include/openssl/base.h:257:32: note: previous definition is here
2022-12-27T01:53:33.9030060Z   typedef struct x509_revoked_st X509_REVOKED;
2022-12-27T01:53:33.9031010Z                                  ^
2022-12-27T01:53:33.9032050Z   In file included from src/boringssl/err_data.c:18:
2022-12-27T01:53:33.9033220Z   In file included from /usr/local/opt/openssl@3/include/openssl/err.h:28:
2022-12-27T01:53:33.9034580Z   /usr/local/opt/openssl@3/include/openssl/types.h:162:29: warning: redefinition of typedef 'X509_NAME' is a C11 feature [-Wtypedef-redefinition]
2022-12-27T01:53:33.9035310Z   typedef struct X509_name_st X509_NAME;
2022-12-27T01:53:33.9036240Z                               ^
2022-12-27T01:53:33.9037800Z   third_party/boringssl/include/openssl/base.h:195:29: note: previous definition is here
2022-12-27T01:53:33.9038700Z   typedef struct X509_name_st X509_NAME;
2022-12-27T01:53:33.9039610Z                               ^
2022-12-27T01:53:33.9040650Z   In file included from src/boringssl/err_data.c:18:
2022-12-27T01:53:33.9041670Z   In file included from /usr/local/opt/openssl@3/include/openssl/err.h:28:
2022-12-27T01:53:33.9042960Z   /usr/local/opt/openssl@3/include/openssl/types.h:163:31: warning: redefinition of typedef 'X509_PUBKEY' is a C11 feature [-Wtypedef-redefinition]
2022-12-27T01:53:33.9043670Z   typedef struct X509_pubkey_st X509_PUBKEY;
2022-12-27T01:53:33.9044620Z                                 ^
2022-12-27T01:53:33.9045800Z   third_party/boringssl/include/openssl/base.h:197:31: note: previous definition is here
2022-12-27T01:53:33.9046660Z   typedef struct X509_pubkey_st X509_PUBKEY;
2022-12-27T01:53:33.9047630Z                                 ^
2022-12-27T01:53:33.9048650Z   In file included from src/boringssl/err_data.c:18:
2022-12-27T01:53:33.9049820Z   In file included from /usr/local/opt/openssl@3/include/openssl/err.h:28:
2022-12-27T01:53:33.9051070Z   /usr/local/opt/openssl@3/include/openssl/types.h:164:30: warning: redefinition of typedef 'X509_STORE' is a C11 feature [-Wtypedef-redefinition]
2022-12-27T01:53:33.9051880Z   typedef struct x509_store_st X509_STORE;
2022-12-27T01:53:33.9052890Z                                ^
2022-12-27T01:53:33.9054350Z   third_party/boringssl/include/openssl/base.h:260:30: note: previous definition is here
2022-12-27T01:53:33.9055340Z   typedef struct x509_store_st X509_STORE;
2022-12-27T01:53:33.9056260Z                                ^
2022-12-27T01:53:33.9057500Z   In file included from src/boringssl/err_data.c:18:
2022-12-27T01:53:33.9058460Z   In file included from /usr/local/opt/openssl@3/include/openssl/err.h:28:
2022-12-27T01:53:33.9060010Z   /usr/local/opt/openssl@3/include/openssl/types.h:165:34: warning: redefinition of typedef 'X509_STORE_CTX' is a C11 feature [-Wtypedef-redefinition]
2022-12-27T01:53:33.9060650Z   typedef struct x509_store_ctx_st X509_STORE_CTX;
2022-12-27T01:53:33.9061610Z                                    ^
2022-12-27T01:53:33.9062620Z   third_party/boringssl/include/openssl/base.h:259:34: note: previous definition is here
2022-12-27T01:53:33.9063730Z   typedef struct x509_store_ctx_st X509_STORE_CTX;
2022-12-27T01:53:33.9064860Z                                    ^
2022-12-27T01:53:33.9065870Z   In file included from src/boringssl/err_data.c:18:
2022-12-27T01:53:33.9067010Z   In file included from /usr/local/opt/openssl@3/include/openssl/err.h:28:
2022-12-27T01:53:33.9068320Z   /usr/local/opt/openssl@3/include/openssl/types.h:174:39: warning: redefinition of typedef 'PKCS8_PRIV_KEY_INFO' is a C11 feature [-Wtypedef-redefinition]
2022-12-27T01:53:33.9069090Z   typedef struct pkcs8_priv_key_info_st PKCS8_PRIV_KEY_INFO;
2022-12-27T01:53:33.9070130Z                                         ^
2022-12-27T01:53:33.9071100Z   third_party/boringssl/include/openssl/base.h:234:39: note: previous definition is here
2022-12-27T01:53:33.9072200Z   typedef struct pkcs8_priv_key_info_st PKCS8_PRIV_KEY_INFO;
2022-12-27T01:53:33.9073400Z                                         ^
2022-12-27T01:53:33.9074440Z   In file included from src/boringssl/err_data.c:18:
2022-12-27T01:53:33.9075470Z   In file included from /usr/local/opt/openssl@3/include/openssl/err.h:28:
2022-12-27T01:53:33.9076830Z   /usr/local/opt/openssl@3/include/openssl/types.h:176:27: warning: redefinition of typedef 'X509V3_CTX' is a C11 feature [-Wtypedef-redefinition]
2022-12-27T01:53:33.9077540Z   typedef struct v3_ext_ctx X509V3_CTX;
2022-12-27T01:53:33.9078590Z                             ^
2022-12-27T01:53:33.9079680Z   third_party/boringssl/include/openssl/base.h:251:27: note: previous definition is here
2022-12-27T01:53:33.9080770Z   typedef struct v3_ext_ctx X509V3_CTX;
2022-12-27T01:53:33.9081870Z                             ^
2022-12-27T01:53:33.9083000Z   In file included from src/boringssl/err_data.c:18:
2022-12-27T01:53:33.9084250Z   In file included from /usr/local/opt/openssl@3/include/openssl/err.h:28:
2022-12-27T01:53:33.9085480Z   /usr/local/opt/openssl@3/include/openssl/types.h:177:24: warning: redefinition of typedef 'CONF' is a C11 feature [-Wtypedef-redefinition]
2022-12-27T01:53:33.9086280Z   typedef struct conf_st CONF;
2022-12-27T01:53:33.9087430Z                          ^
2022-12-27T01:53:33.9088420Z   third_party/boringssl/include/openssl/base.h:212:24: note: previous definition is here
2022-12-27T01:53:33.9089430Z   typedef struct conf_st CONF;
2022-12-27T01:53:33.9090390Z                          ^
2022-12-27T01:53:33.9091440Z   In file included from src/boringssl/err_data.c:18:
2022-12-27T01:53:33.9092520Z   In file included from /usr/local/opt/openssl@3/include/openssl/err.h:28:
2022-12-27T01:53:33.9093760Z   /usr/local/opt/openssl@3/include/openssl/types.h:183:26: warning: redefinition of typedef 'ENGINE' is a C11 feature [-Wtypedef-redefinition]
2022-12-27T01:53:33.9094440Z   typedef struct engine_st ENGINE;
2022-12-27T01:53:33.9095570Z                            ^
2022-12-27T01:53:33.9096540Z   third_party/boringssl/include/openssl/base.h:219:26: note: previous definition is here
2022-12-27T01:53:33.9097530Z   typedef struct engine_st ENGINE;
2022-12-27T01:53:33.9098450Z                            ^
2022-12-27T01:53:33.9099530Z   In file included from src/boringssl/err_data.c:18:
2022-12-27T01:53:33.9100530Z   In file included from /usr/local/opt/openssl@3/include/openssl/err.h:28:
2022-12-27T01:53:33.9101860Z   /usr/local/opt/openssl@3/include/openssl/types.h:184:23: warning: redefinition of typedef 'SSL' is a C11 feature [-Wtypedef-redefinition]
2022-12-27T01:53:33.9102800Z   typedef struct ssl_st SSL;
2022-12-27T01:53:33.9103940Z                         ^
2022-12-27T01:53:33.9104950Z   third_party/boringssl/include/openssl/base.h:249:23: note: previous definition is here
2022-12-27T01:53:33.9105900Z   typedef struct ssl_st SSL;
2022-12-27T01:53:33.9107030Z                         ^
2022-12-27T01:53:33.9108120Z   In file included from src/boringssl/err_data.c:18:
2022-12-27T01:53:33.9109010Z   In file included from /usr/local/opt/openssl@3/include/openssl/err.h:28:
2022-12-27T01:53:33.9110490Z   /usr/local/opt/openssl@3/include/openssl/types.h:185:27: warning: redefinition of typedef 'SSL_CTX' is a C11 feature [-Wtypedef-redefinition]
2022-12-27T01:53:33.9111120Z   typedef struct ssl_ctx_st SSL_CTX;
2022-12-27T01:53:33.9112230Z                             ^
2022-12-27T01:53:33.9113210Z   third_party/boringssl/include/openssl/base.h:245:27: note: previous definition is here
2022-12-27T01:53:33.9114150Z   typedef struct ssl_ctx_st SSL_CTX;
2022-12-27T01:53:33.9115250Z                             ^
2022-12-27T01:53:33.9116330Z   In file included from src/boringssl/err_data.c:18:
2022-12-27T01:53:33.9117310Z   In file included from /usr/local/opt/openssl@3/include/openssl/err.h:28:
2022-12-27T01:53:33.9118700Z   /usr/local/opt/openssl@3/include/openssl/types.h:190:36: warning: redefinition of typedef 'X509_POLICY_NODE' is a C11 feature [-Wtypedef-redefinition]
2022-12-27T01:53:33.9119390Z   typedef struct X509_POLICY_NODE_st X509_POLICY_NODE;
2022-12-27T01:53:33.9120340Z                                      ^
2022-12-27T01:53:33.9121490Z   third_party/boringssl/include/openssl/base.h:187:36: note: previous definition is here
2022-12-27T01:53:33.9122380Z   typedef struct X509_POLICY_NODE_st X509_POLICY_NODE;
2022-12-27T01:53:33.9123690Z                                      ^
2022-12-27T01:53:33.9124930Z   In file included from src/boringssl/err_data.c:18:
2022-12-27T01:53:33.9125850Z   In file included from /usr/local/opt/openssl@3/include/openssl/err.h:28:
2022-12-27T01:53:33.9127320Z   /usr/local/opt/openssl@3/include/openssl/types.h:191:37: warning: redefinition of typedef 'X509_POLICY_LEVEL' is a C11 feature [-Wtypedef-redefinition]
2022-12-27T01:53:33.9127980Z   typedef struct X509_POLICY_LEVEL_st X509_POLICY_LEVEL;
2022-12-27T01:53:33.9128940Z                                       ^
2022-12-27T01:53:33.9130140Z   third_party/boringssl/include/openssl/base.h:186:37: note: previous definition is here
2022-12-27T01:53:33.9131060Z   typedef struct X509_POLICY_LEVEL_st X509_POLICY_LEVEL;
2022-12-27T01:53:33.9131980Z                                       ^
2022-12-27T01:53:33.9133230Z   In file included from src/boringssl/err_data.c:18:
2022-12-27T01:53:33.9134320Z   In file included from /usr/local/opt/openssl@3/include/openssl/err.h:28:
2022-12-27T01:53:33.9135610Z   /usr/local/opt/openssl@3/include/openssl/types.h:192:36: warning: redefinition of typedef 'X509_POLICY_TREE' is a C11 feature [-Wtypedef-redefinition]
2022-12-27T01:53:33.9136440Z   typedef struct X509_POLICY_TREE_st X509_POLICY_TREE;
2022-12-27T01:53:33.9137630Z                                      ^
2022-12-27T01:53:33.9138770Z   third_party/boringssl/include/openssl/base.h:188:36: note: previous definition is here
2022-12-27T01:53:33.9139690Z   typedef struct X509_POLICY_TREE_st X509_POLICY_TREE;
2022-12-27T01:53:33.9140580Z                                      ^
2022-12-27T01:53:33.9155170Z   In file included from src/boringssl/err_data.c:18:
2022-12-27T01:53:33.9155510Z   In file included from /usr/local/opt/openssl@3/include/openssl/err.h:28:
2022-12-27T01:53:33.9156120Z   /usr/local/opt/openssl@3/include/openssl/types.h:193:37: warning: redefinition of typedef 'X509_POLICY_CACHE' is a C11 feature [-Wtypedef-redefinition]
2022-12-27T01:53:33.9156440Z   typedef struct X509_POLICY_CACHE_st X509_POLICY_CACHE;
2022-12-27T01:53:33.9156690Z                                       ^
2022-12-27T01:53:33.9156950Z   third_party/boringssl/include/openssl/base.h:185:37: note: previous definition is here
2022-12-27T01:53:33.9157210Z   typedef struct X509_POLICY_CACHE_st X509_POLICY_CACHE;
2022-12-27T01:53:33.9157470Z                                       ^
2022-12-27T01:53:33.9157660Z   In file included from src/boringssl/err_data.c:18:
2022-12-27T01:53:33.9157920Z   In file included from /usr/local/opt/openssl@3/include/openssl/err.h:28:
2022-12-27T01:53:33.9158450Z   /usr/local/opt/openssl@3/include/openssl/types.h:195:35: warning: redefinition of typedef 'AUTHORITY_KEYID' is a C11 feature [-Wtypedef-redefinition]
2022-12-27T01:53:33.9158810Z   typedef struct AUTHORITY_KEYID_st AUTHORITY_KEYID;
2022-12-27T01:53:33.9159030Z                                     ^
2022-12-27T01:53:33.9159270Z   third_party/boringssl/include/openssl/base.h:175:35: note: previous definition is here
2022-12-27T01:53:33.9159540Z   typedef struct AUTHORITY_KEYID_st AUTHORITY_KEYID;
2022-12-27T01:53:33.9159790Z                                     ^
2022-12-27T01:53:33.9160020Z   In file included from src/boringssl/err_data.c:18:
2022-12-27T01:53:33.9160290Z   In file included from /usr/local/opt/openssl@3/include/openssl/err.h:28:
2022-12-27T01:53:33.9162450Z   /usr/local/opt/openssl@3/include/openssl/types.h:196:30: warning: redefinition of typedef 'DIST_POINT' is a C11 feature [-Wtypedef-redefinition]
2022-12-27T01:53:33.9164100Z   typedef struct DIST_POINT_st DIST_POINT;
2022-12-27T01:53:33.9165180Z                                ^
2022-12-27T01:53:33.9167480Z   third_party/boringssl/include/openssl/base.h:176:30: note: previous definition is here
2022-12-27T01:53:33.9168970Z   typedef struct DIST_POINT_st DIST_POINT;
2022-12-27T01:53:33.9169870Z                                ^
2022-12-27T01:53:33.9170970Z   In file included from src/boringssl/err_data.c:18:
2022-12-27T01:53:33.9171960Z   In file included from /usr/local/opt/openssl@3/include/openssl/err.h:28:
2022-12-27T01:53:33.9173650Z   /usr/local/opt/openssl@3/include/openssl/types.h:197:38: warning: redefinition of typedef 'ISSUING_DIST_POINT' is a C11 feature [-Wtypedef-redefinition]
2022-12-27T01:53:33.9174240Z   typedef struct ISSUING_DIST_POINT_st ISSUING_DIST_POINT;
2022-12-27T01:53:33.9175230Z                                        ^
2022-12-27T01:53:33.9176330Z   third_party/boringssl/include/openssl/base.h:177:38: note: previous definition is here
2022-12-27T01:53:33.9177880Z   typedef struct ISSUING_DIST_POINT_st ISSUING_DIST_POINT;
2022-12-27T01:53:33.9178900Z                                        ^
2022-12-27T01:53:33.9179930Z   In file included from src/boringssl/err_data.c:18:
2022-12-27T01:53:33.9181380Z   In file included from /usr/local/opt/openssl@3/include/openssl/err.h:28:
2022-12-27T01:53:33.9182710Z   /usr/local/opt/openssl@3/include/openssl/types.h:198:36: warning: redefinition of typedef 'NAME_CONSTRAINTS' is a C11 feature [-Wtypedef-redefinition]
2022-12-27T01:53:33.9183480Z   typedef struct NAME_CONSTRAINTS_st NAME_CONSTRAINTS;
2022-12-27T01:53:33.9184490Z                                      ^
2022-12-27T01:53:33.9185660Z   third_party/boringssl/include/openssl/base.h:178:36: note: previous definition is here
2022-12-27T01:53:33.9186590Z   typedef struct NAME_CONSTRAINTS_st NAME_CONSTRAINTS;
2022-12-27T01:53:33.9187520Z                                      ^
2022-12-27T01:53:33.9188490Z   In file included from src/boringssl/err_data.c:18:
2022-12-27T01:53:33.9189560Z   In file included from /usr/local/opt/openssl@3/include/openssl/err.h:29:
2022-12-27T01:53:33.9191210Z   /usr/local/opt/openssl@3/include/openssl/bio.h:296:30: warning: redefinition of typedef 'BIO_METHOD' is a C11 feature [-Wtypedef-redefinition]
2022-12-27T01:53:33.9191930Z   typedef struct bio_method_st BIO_METHOD;
2022-12-27T01:53:33.9193100Z                                ^
2022-12-27T01:53:33.9194490Z   third_party/boringssl/include/openssl/base.h:204:30: note: previous definition is here
2022-12-27T01:53:33.9195420Z   typedef struct bio_method_st BIO_METHOD;
2022-12-27T01:53:33.9196330Z                                ^
2022-12-27T01:53:33.9197650Z   src/boringssl/err_data.c:33:1: error: 'OPENSSL_COMPILE_ASSERT_library_values_changed_12' declared as an array with a negative size
2022-12-27T01:53:33.9198640Z   OPENSSL_COMPILE_ASSERT(ERR_LIB_ASN1 == 12, library_values_changed_12);
2022-12-27T01:53:33.9199670Z   ^~~~~~~~~~~~~~~~~~~~~~~~~~~~~~~~~~~~~~~~~~~~~~~~~~~~~~~~~~~~~~~~~~~~~
2022-12-27T01:53:33.9201530Z   third_party/boringssl/include/openssl/type_check.h:83:45: note: expanded from macro 'OPENSSL_COMPILE_ASSERT'
2022-12-27T01:53:33.9202440Z     typedef char OPENSSL_COMPILE_ASSERT_##msg[((cond) ? 1 : -1)]
2022-12-27T01:53:33.9203240Z                                               ^~~~~~~~~~~~~~~~~
2022-12-27T01:53:33.9204510Z   src/boringssl/err_data.c:34:1: error: 'OPENSSL_COMPILE_ASSERT_library_values_changed_13' declared as an array with a negative size
2022-12-27T01:53:33.9205430Z   OPENSSL_COMPILE_ASSERT(ERR_LIB_CONF == 13, library_values_changed_13);
2022-12-27T01:53:33.9206530Z   ^~~~~~~~~~~~~~~~~~~~~~~~~~~~~~~~~~~~~~~~~~~~~~~~~~~~~~~~~~~~~~~~~~~~~
2022-12-27T01:53:33.9207760Z   third_party/boringssl/include/openssl/type_check.h:83:45: note: expanded from macro 'OPENSSL_COMPILE_ASSERT'
2022-12-27T01:53:33.9208800Z     typedef char OPENSSL_COMPILE_ASSERT_##msg[((cond) ? 1 : -1)]
2022-12-27T01:53:33.9209670Z                                               ^~~~~~~~~~~~~~~~~
2022-12-27T01:53:33.9211560Z   src/boringssl/err_data.c:35:1: error: 'OPENSSL_COMPILE_ASSERT_library_values_changed_14' declared as an array with a negative size
2022-12-27T01:53:33.9212330Z   OPENSSL_COMPILE_ASSERT(ERR_LIB_CRYPTO == 14, library_values_changed_14);
2022-12-27T01:53:33.9213440Z   ^~~~~~~~~~~~~~~~~~~~~~~~~~~~~~~~~~~~~~~~~~~~~~~~~~~~~~~~~~~~~~~~~~~~~~~
2022-12-27T01:53:33.9214720Z   third_party/boringssl/include/openssl/type_check.h:83:45: note: expanded from macro 'OPENSSL_COMPILE_ASSERT'
2022-12-27T01:53:33.9215770Z     typedef char OPENSSL_COMPILE_ASSERT_##msg[((cond) ? 1 : -1)]
2022-12-27T01:53:33.9216620Z                                               ^~~~~~~~~~~~~~~~~
2022-12-27T01:53:33.9218150Z   src/boringssl/err_data.c:36:1: error: 'OPENSSL_COMPILE_ASSERT_library_values_changed_15' declared as an array with a negative size
2022-12-27T01:53:33.9218950Z   OPENSSL_COMPILE_ASSERT(ERR_LIB_EC == 15, library_values_changed_15);
2022-12-27T01:53:33.9219840Z   ^~~~~~~~~~~~~~~~~~~~~~~~~~~~~~~~~~~~~~~~~~~~~~~~~~~~~~~~~~~~~~~~~~~
2022-12-27T01:53:33.9221600Z   third_party/boringssl/include/openssl/type_check.h:83:45: note: expanded from macro 'OPENSSL_COMPILE_ASSERT'
2022-12-27T01:53:33.9222710Z     typedef char OPENSSL_COMPILE_ASSERT_##msg[((cond) ? 1 : -1)]
2022-12-27T01:53:33.9223560Z                                               ^~~~~~~~~~~~~~~~~
2022-12-27T01:53:33.9225260Z   src/boringssl/err_data.c:37:1: error: 'OPENSSL_COMPILE_ASSERT_library_values_changed_16' declared as an array with a negative size
2022-12-27T01:53:33.9226320Z   OPENSSL_COMPILE_ASSERT(ERR_LIB_SSL == 16, library_values_changed_16);
2022-12-27T01:53:33.9227620Z   ^~~~~~~~~~~~~~~~~~~~~~~~~~~~~~~~~~~~~~~~~~~~~~~~~~~~~~~~~~~~~~~~~~~~
2022-12-27T01:53:33.9228900Z   third_party/boringssl/include/openssl/type_check.h:83:45: note: expanded from macro 'OPENSSL_COMPILE_ASSERT'
2022-12-27T01:53:33.9229950Z     typedef char OPENSSL_COMPILE_ASSERT_##msg[((cond) ? 1 : -1)]
2022-12-27T01:53:33.9230820Z                                               ^~~~~~~~~~~~~~~~~
2022-12-27T01:53:33.9232510Z   src/boringssl/err_data.c:38:1: error: 'OPENSSL_COMPILE_ASSERT_library_values_changed_17' declared as an array with a negative size
2022-12-27T01:53:33.9233270Z   OPENSSL_COMPILE_ASSERT(ERR_LIB_BIO == 17, library_values_changed_17);
2022-12-27T01:53:33.9234260Z   ^~~~~~~~~~~~~~~~~~~~~~~~~~~~~~~~~~~~~~~~~~~~~~~~~~~~~~~~~~~~~~~~~~~~
2022-12-27T01:53:33.9235550Z   third_party/boringssl/include/openssl/type_check.h:83:45: note: expanded from macro 'OPENSSL_COMPILE_ASSERT'
2022-12-27T01:53:33.9236450Z     typedef char OPENSSL_COMPILE_ASSERT_##msg[((cond) ? 1 : -1)]
2022-12-27T01:53:33.9237330Z                                               ^~~~~~~~~~~~~~~~~
2022-12-27T01:53:33.9238990Z   src/boringssl/err_data.c:39:1: error: 'OPENSSL_COMPILE_ASSERT_library_values_changed_18' declared as an array with a negative size
2022-12-27T01:53:33.9239870Z   OPENSSL_COMPILE_ASSERT(ERR_LIB_PKCS7 == 18, library_values_changed_18);
2022-12-27T01:53:33.9241100Z   ^~~~~~~~~~~~~~~~~~~~~~~~~~~~~~~~~~~~~~~~~~~~~~~~~~~~~~~~~~~~~~~~~~~~~~
2022-12-27T01:53:33.9242460Z   third_party/boringssl/include/openssl/type_check.h:83:45: note: expanded from macro 'OPENSSL_COMPILE_ASSERT'
2022-12-27T01:53:33.9243540Z     typedef char OPENSSL_COMPILE_ASSERT_##msg[((cond) ? 1 : -1)]
2022-12-27T01:53:33.9244320Z                                               ^~~~~~~~~~~~~~~~~
2022-12-27T01:53:33.9245610Z   src/boringssl/err_data.c:40:24: error: use of undeclared identifier 'ERR_LIB_PKCS8'
2022-12-27T01:53:33.9246450Z   OPENSSL_COMPILE_ASSERT(ERR_LIB_PKCS8 == 19, library_values_changed_19);
2022-12-27T01:53:33.9247350Z                          ^
2022-12-27T01:53:33.9248800Z   src/boringssl/err_data.c:41:1: error: 'OPENSSL_COMPILE_ASSERT_library_values_changed_20' declared as an array with a negative size
2022-12-27T01:53:33.9249720Z   OPENSSL_COMPILE_ASSERT(ERR_LIB_X509V3 == 20, library_values_changed_20);
2022-12-27T01:53:33.9251110Z   ^~~~~~~~~~~~~~~~~~~~~~~~~~~~~~~~~~~~~~~~~~~~~~~~~~~~~~~~~~~~~~~~~~~~~~~
2022-12-27T01:53:33.9252520Z   third_party/boringssl/include/openssl/type_check.h:83:45: note: expanded from macro 'OPENSSL_COMPILE_ASSERT'
2022-12-27T01:53:33.9253680Z     typedef char OPENSSL_COMPILE_ASSERT_##msg[((cond) ? 1 : -1)]
2022-12-27T01:53:33.9254510Z                                               ^~~~~~~~~~~~~~~~~
2022-12-27T01:53:33.9255870Z   src/boringssl/err_data.c:42:1: error: 'OPENSSL_COMPILE_ASSERT_library_values_changed_21' declared as an array with a negative size
2022-12-27T01:53:33.9256560Z   OPENSSL_COMPILE_ASSERT(ERR_LIB_RAND == 21, library_values_changed_21);
2022-12-27T01:53:33.9257660Z   ^~~~~~~~~~~~~~~~~~~~~~~~~~~~~~~~~~~~~~~~~~~~~~~~~~~~~~~~~~~~~~~~~~~~~
2022-12-27T01:53:33.9258870Z   third_party/boringssl/include/openssl/type_check.h:83:45: note: expanded from macro 'OPENSSL_COMPILE_ASSERT'
2022-12-27T01:53:33.9259980Z     typedef char OPENSSL_COMPILE_ASSERT_##msg[((cond) ? 1 : -1)]
2022-12-27T01:53:33.9261010Z                                               ^~~~~~~~~~~~~~~~~
2022-12-27T01:53:33.9262240Z   src/boringssl/err_data.c:43:1: error: 'OPENSSL_COMPILE_ASSERT_library_values_changed_22' declared as an array with a negative size
2022-12-27T01:53:33.9262990Z   OPENSSL_COMPILE_ASSERT(ERR_LIB_ENGINE == 22, library_values_changed_22);
2022-12-27T01:53:33.9264120Z   ^~~~~~~~~~~~~~~~~~~~~~~~~~~~~~~~~~~~~~~~~~~~~~~~~~~~~~~~~~~~~~~~~~~~~~~
2022-12-27T01:53:33.9265310Z   third_party/boringssl/include/openssl/type_check.h:83:45: note: expanded from macro 'OPENSSL_COMPILE_ASSERT'
2022-12-27T01:53:33.9266320Z     typedef char OPENSSL_COMPILE_ASSERT_##msg[((cond) ? 1 : -1)]
2022-12-27T01:53:33.9267350Z                                               ^~~~~~~~~~~~~~~~~
2022-12-27T01:53:33.9268760Z   src/boringssl/err_data.c:44:1: error: 'OPENSSL_COMPILE_ASSERT_library_values_changed_23' declared as an array with a negative size
2022-12-27T01:53:33.9269560Z   OPENSSL_COMPILE_ASSERT(ERR_LIB_OCSP == 23, library_values_changed_23);
2022-12-27T01:53:33.9270450Z   ^~~~~~~~~~~~~~~~~~~~~~~~~~~~~~~~~~~~~~~~~~~~~~~~~~~~~~~~~~~~~~~~~~~~~
2022-12-27T01:53:33.9271940Z   third_party/boringssl/include/openssl/type_check.h:83:45: note: expanded from macro 'OPENSSL_COMPILE_ASSERT'
2022-12-27T01:53:33.9272790Z     typedef char OPENSSL_COMPILE_ASSERT_##msg[((cond) ? 1 : -1)]
2022-12-27T01:53:33.9273700Z                                               ^~~~~~~~~~~~~~~~~
2022-12-27T01:53:33.9274920Z   src/boringssl/err_data.c:45:1: error: 'OPENSSL_COMPILE_ASSERT_library_values_changed_24' declared as an array with a negative size
2022-12-27T01:53:33.9275770Z   OPENSSL_COMPILE_ASSERT(ERR_LIB_UI == 24, library_values_changed_24);
2022-12-27T01:53:33.9276890Z   ^~~~~~~~~~~~~~~~~~~~~~~~~~~~~~~~~~~~~~~~~~~~~~~~~~~~~~~~~~~~~~~~~~~
2022-12-27T01:53:33.9278320Z   third_party/boringssl/include/openssl/type_check.h:83:45: note: expanded from macro 'OPENSSL_COMPILE_ASSERT'
2022-12-27T01:53:33.9279190Z     typedef char OPENSSL_COMPILE_ASSERT_##msg[((cond) ? 1 : -1)]
2022-12-27T01:53:33.9280070Z                                               ^~~~~~~~~~~~~~~~~
2022-12-27T01:53:33.9281460Z   src/boringssl/err_data.c:46:1: error: 'OPENSSL_COMPILE_ASSERT_library_values_changed_25' declared as an array with a negative size
2022-12-27T01:53:33.9282160Z   OPENSSL_COMPILE_ASSERT(ERR_LIB_COMP == 25, library_values_changed_25);
2022-12-27T01:53:33.9283120Z   ^~~~~~~~~~~~~~~~~~~~~~~~~~~~~~~~~~~~~~~~~~~~~~~~~~~~~~~~~~~~~~~~~~~~~
2022-12-27T01:53:33.9284510Z   third_party/boringssl/include/openssl/type_check.h:83:45: note: expanded from macro 'OPENSSL_COMPILE_ASSERT'
2022-12-27T01:53:33.9285540Z     typedef char OPENSSL_COMPILE_ASSERT_##msg[((cond) ? 1 : -1)]
2022-12-27T01:53:33.9286360Z                                               ^~~~~~~~~~~~~~~~~
2022-12-27T01:53:33.9287720Z   src/boringssl/err_data.c:47:1: error: 'OPENSSL_COMPILE_ASSERT_library_values_changed_26' declared as an array with a negative size
2022-12-27T01:53:33.9288430Z   OPENSSL_COMPILE_ASSERT(ERR_LIB_ECDSA == 26, library_values_changed_26);
2022-12-27T01:53:33.9289410Z   ^~~~~~~~~~~~~~~~~~~~~~~~~~~~~~~~~~~~~~~~~~~~~~~~~~~~~~~~~~~~~~~~~~~~~~
2022-12-27T01:53:33.9290690Z   third_party/boringssl/include/openssl/type_check.h:83:45: note: expanded from macro 'OPENSSL_COMPILE_ASSERT'
2022-12-27T01:53:33.9291540Z     typedef char OPENSSL_COMPILE_ASSERT_##msg[((cond) ? 1 : -1)]
2022-12-27T01:53:33.9292500Z                                               ^~~~~~~~~~~~~~~~~
2022-12-27T01:53:33.9293900Z   src/boringssl/err_data.c:48:1: error: 'OPENSSL_COMPILE_ASSERT_library_values_changed_27' declared as an array with a negative size
2022-12-27T01:53:33.9294750Z   OPENSSL_COMPILE_ASSERT(ERR_LIB_ECDH == 27, library_values_changed_27);
2022-12-27T01:53:33.9295620Z   ^~~~~~~~~~~~~~~~~~~~~~~~~~~~~~~~~~~~~~~~~~~~~~~~~~~~~~~~~~~~~~~~~~~~~
2022-12-27T01:53:33.9296970Z   third_party/boringssl/include/openssl/type_check.h:83:45: note: expanded from macro 'OPENSSL_COMPILE_ASSERT'
2022-12-27T01:53:33.9298070Z     typedef char OPENSSL_COMPILE_ASSERT_##msg[((cond) ? 1 : -1)]
2022-12-27T01:53:33.9298970Z                                               ^~~~~~~~~~~~~~~~~
2022-12-27T01:53:33.9300110Z   fatal error: too many errors emitted, stopping now [-ferror-limit=]
2022-12-27T01:53:33.9300940Z   62 warnings and 20 errors generated.
2022-12-27T01:53:33.9301950Z   creating var
2022-12-27T01:53:33.9303080Z   creating var/folders
2022-12-27T01:53:33.9304150Z   creating var/folders/51
2022-12-27T01:53:33.9305180Z   creating var/folders/51/hd414ycd67n82196sw51xqtc0000gn
2022-12-27T01:53:33.9306330Z   creating var/folders/51/hd414ycd67n82196sw51xqtc0000gn/T
2022-12-27T01:53:33.9307330Z   creating var/folders/51/hd414ycd67n82196sw51xqtc0000gn/T/tmpizspqi57
2022-12-27T01:53:33.9309200Z   clang -Wsign-compare -Wunreachable-code -fno-common -dynamic -DNDEBUG -g -fwrapv -O3 -Wall -g -I/usr/local/opt/openssl@3/include -I/usr/local/opt/openssl@3/include -arch arm64 -I/private/var/folders/51/hd414ycd67n82196sw51xqtc0000gn/T/cibw-run-_9lf65jt/cp311-macosx_arm64/build/venv/include -I/Library/Frameworks/Python.framework/Versions/3.11/include/python3.11 -c /var/folders/51/hd414ycd67n82196sw51xqtc0000gn/T/tmpizspqi57/a.c -o var/folders/51/hd414ycd67n82196sw51xqtc0000gn/T/tmpizspqi57/a.o
2022-12-27T01:53:33.9636950Z   Traceback (most recent call last):
2022-12-27T01:53:33.9645300Z     File "/private/var/folders/51/hd414ycd67n82196sw51xqtc0000gn/T/cibw-run-_9lf65jt/cp311-macosx_arm64/build/venv/lib/python3.11/site-packages/setuptools/_distutils/unixccompiler.py", line 186, in _compile
2022-12-27T01:53:33.9645870Z       self.spawn(compiler_so + cc_args + [src, '-o', obj] + extra_postargs)
2022-12-27T01:53:33.9646430Z     File "/Users/runner/actions-runner/_work/python.build/python.build/build_grpcio104311/grpcio-1.0.4/src/python/grpcio/_spawn_patch.py", line 67, in _commandfile_spawn
2022-12-27T01:53:33.9646760Z       _classic_spawn(self, command)
2022-12-27T01:53:33.9647300Z     File "/private/var/folders/51/hd414ycd67n82196sw51xqtc0000gn/T/cibw-run-_9lf65jt/cp311-macosx_arm64/build/venv/lib/python3.11/site-packages/setuptools/_distutils/ccompiler.py", line 1007, in spawn
2022-12-27T01:53:33.9647670Z       spawn(cmd, dry_run=self.dry_run, **kwargs)
2022-12-27T01:53:33.9648200Z     File "/private/var/folders/51/hd414ycd67n82196sw51xqtc0000gn/T/cibw-run-_9lf65jt/cp311-macosx_arm64/build/venv/lib/python3.11/site-packages/setuptools/_distutils/spawn.py", line 70, in spawn
2022-12-27T01:53:33.9648550Z       raise DistutilsExecError(
2022-12-27T01:53:33.9649140Z   distutils.errors.DistutilsExecError: command '/usr/bin/clang' failed with exit code 1
2022-12-27T01:53:33.9649800Z 
2022-12-27T01:53:33.9651290Z   During handling of the above exception, another exception occurred:
2022-12-27T01:53:33.9651970Z 
2022-12-27T01:53:33.9653250Z   Traceback (most recent call last):
2022-12-27T01:53:33.9654770Z     File "/Users/runner/actions-runner/_work/python.build/python.build/build_grpcio104311/grpcio-1.0.4/src/python/grpcio/commands.py", line 205, in build_extensions
2022-12-27T01:53:33.9655390Z       build_ext.build_ext.build_extensions(self)
2022-12-27T01:53:33.9657060Z     File "/private/var/folders/51/hd414ycd67n82196sw51xqtc0000gn/T/cibw-run-_9lf65jt/cp311-macosx_arm64/build/venv/lib/python3.11/site-packages/Cython/Distutils/old_build_ext.py", line 195, in build_extensions
2022-12-27T01:53:33.9657750Z       _build_ext.build_ext.build_extensions(self)
2022-12-27T01:53:33.9659410Z     File "/private/var/folders/51/hd414ycd67n82196sw51xqtc0000gn/T/cibw-run-_9lf65jt/cp311-macosx_arm64/build/venv/lib/python3.11/site-packages/setuptools/_distutils/command/build_ext.py", line 468, in build_extensions
2022-12-27T01:53:33.9659940Z       self._build_extensions_serial()
2022-12-27T01:53:33.9661600Z     File "/private/var/folders/51/hd414ycd67n82196sw51xqtc0000gn/T/cibw-run-_9lf65jt/cp311-macosx_arm64/build/venv/lib/python3.11/site-packages/setuptools/_distutils/command/build_ext.py", line 494, in _build_extensions_serial
2022-12-27T01:53:33.9662060Z       self.build_extension(ext)
2022-12-27T01:53:33.9663610Z     File "/private/var/folders/51/hd414ycd67n82196sw51xqtc0000gn/T/cibw-run-_9lf65jt/cp311-macosx_arm64/build/venv/lib/python3.11/site-packages/setuptools/command/build_ext.py", line 246, in build_extension
2022-12-27T01:53:33.9664120Z       _build_ext.build_extension(self, ext)
2022-12-27T01:53:33.9665650Z     File "/private/var/folders/51/hd414ycd67n82196sw51xqtc0000gn/T/cibw-run-_9lf65jt/cp311-macosx_arm64/build/venv/lib/python3.11/site-packages/setuptools/_distutils/command/build_ext.py", line 549, in build_extension
2022-12-27T01:53:33.9666230Z       objects = self.compiler.compile(
2022-12-27T01:53:33.9667270Z                 ^^^^^^^^^^^^^^^^^^^^^^
2022-12-27T01:53:33.9668630Z     File "/private/var/folders/51/hd414ycd67n82196sw51xqtc0000gn/T/cibw-run-_9lf65jt/cp311-macosx_arm64/build/venv/lib/python3.11/site-packages/setuptools/_distutils/ccompiler.py", line 599, in compile
2022-12-27T01:53:33.9669350Z       self._compile(obj, src, ext, cc_args, extra_postargs, pp_opts)
2022-12-27T01:53:33.9670890Z     File "/private/var/folders/51/hd414ycd67n82196sw51xqtc0000gn/T/cibw-run-_9lf65jt/cp311-macosx_arm64/build/venv/lib/python3.11/site-packages/setuptools/_distutils/unixccompiler.py", line 188, in _compile
2022-12-27T01:53:33.9671410Z       raise CompileError(msg)
2022-12-27T01:53:33.9672500Z   distutils.errors.CompileError: command '/usr/bin/clang' failed with exit code 1
2022-12-27T01:53:33.9673230Z 
2022-12-27T01:53:33.9674440Z   During handling of the above exception, another exception occurred:
2022-12-27T01:53:33.9675290Z 
2022-12-27T01:53:33.9676500Z   Traceback (most recent call last):
2022-12-27T01:53:33.9677520Z     File "<string>", line 2, in <module>
2022-12-27T01:53:33.9678700Z     File "<pip-setuptools-caller>", line 34, in <module>
2022-12-27T01:53:33.9679970Z     File "/Users/runner/actions-runner/_work/python.build/python.build/build_grpcio104311/grpcio-1.0.4/setup.py", line 259, in <module>
2022-12-27T01:53:33.9680680Z       setuptools.setup(
2022-12-27T01:53:33.9682300Z     File "/private/var/folders/51/hd414ycd67n82196sw51xqtc0000gn/T/cibw-run-_9lf65jt/cp311-macosx_arm64/build/venv/lib/python3.11/site-packages/setuptools/__init__.py", line 87, in setup
2022-12-27T01:53:33.9682890Z       return distutils.core.setup(**attrs)
2022-12-27T01:53:33.9683930Z              ^^^^^^^^^^^^^^^^^^^^^^^^^^^^^
2022-12-27T01:53:33.9685450Z     File "/private/var/folders/51/hd414ycd67n82196sw51xqtc0000gn/T/cibw-run-_9lf65jt/cp311-macosx_arm64/build/venv/lib/python3.11/site-packages/setuptools/_distutils/core.py", line 185, in setup
2022-12-27T01:53:33.9685870Z       return run_commands(dist)
2022-12-27T01:53:33.9686900Z              ^^^^^^^^^^^^^^^^^^
2022-12-27T01:53:33.9688300Z     File "/private/var/folders/51/hd414ycd67n82196sw51xqtc0000gn/T/cibw-run-_9lf65jt/cp311-macosx_arm64/build/venv/lib/python3.11/site-packages/setuptools/_distutils/core.py", line 201, in run_commands
2022-12-27T01:53:33.9688960Z       dist.run_commands()
2022-12-27T01:53:33.9690520Z     File "/private/var/folders/51/hd414ycd67n82196sw51xqtc0000gn/T/cibw-run-_9lf65jt/cp311-macosx_arm64/build/venv/lib/python3.11/site-packages/setuptools/_distutils/dist.py", line 969, in run_commands
2022-12-27T01:53:33.9691500Z       self.run_command(cmd)
2022-12-27T01:53:33.9692980Z     File "/private/var/folders/51/hd414ycd67n82196sw51xqtc0000gn/T/cibw-run-_9lf65jt/cp311-macosx_arm64/build/venv/lib/python3.11/site-packages/setuptools/dist.py", line 1208, in run_command
2022-12-27T01:53:33.9693760Z       super().run_command(command)
2022-12-27T01:53:33.9695140Z     File "/private/var/folders/51/hd414ycd67n82196sw51xqtc0000gn/T/cibw-run-_9lf65jt/cp311-macosx_arm64/build/venv/lib/python3.11/site-packages/setuptools/_distutils/dist.py", line 988, in run_command
2022-12-27T01:53:33.9695820Z       cmd_obj.run()
2022-12-27T01:53:33.9697380Z     File "/private/var/folders/51/hd414ycd67n82196sw51xqtc0000gn/T/cibw-run-_9lf65jt/cp311-macosx_arm64/build/venv/lib/python3.11/site-packages/wheel/bdist_wheel.py", line 325, in run
2022-12-27T01:53:33.9697930Z       self.run_command("build")
2022-12-27T01:53:33.9699370Z     File "/private/var/folders/51/hd414ycd67n82196sw51xqtc0000gn/T/cibw-run-_9lf65jt/cp311-macosx_arm64/build/venv/lib/python3.11/site-packages/setuptools/_distutils/cmd.py", line 318, in run_command
2022-12-27T01:53:33.9700120Z       self.distribution.run_command(command)
2022-12-27T01:53:33.9701600Z     File "/private/var/folders/51/hd414ycd67n82196sw51xqtc0000gn/T/cibw-run-_9lf65jt/cp311-macosx_arm64/build/venv/lib/python3.11/site-packages/setuptools/dist.py", line 1208, in run_command
2022-12-27T01:53:33.9702130Z       super().run_command(command)
2022-12-27T01:53:33.9703720Z     File "/private/var/folders/51/hd414ycd67n82196sw51xqtc0000gn/T/cibw-run-_9lf65jt/cp311-macosx_arm64/build/venv/lib/python3.11/site-packages/setuptools/_distutils/dist.py", line 988, in run_command
2022-12-27T01:53:33.9704380Z       cmd_obj.run()
2022-12-27T01:53:33.9705900Z     File "/private/var/folders/51/hd414ycd67n82196sw51xqtc0000gn/T/cibw-run-_9lf65jt/cp311-macosx_arm64/build/venv/lib/python3.11/site-packages/setuptools/_distutils/command/build.py", line 132, in run
2022-12-27T01:53:33.9706590Z       self.run_command(cmd_name)
2022-12-27T01:53:33.9708240Z     File "/private/var/folders/51/hd414ycd67n82196sw51xqtc0000gn/T/cibw-run-_9lf65jt/cp311-macosx_arm64/build/venv/lib/python3.11/site-packages/setuptools/_distutils/cmd.py", line 318, in run_command
2022-12-27T01:53:33.9708810Z       self.distribution.run_command(command)
2022-12-27T01:53:33.9710290Z     File "/private/var/folders/51/hd414ycd67n82196sw51xqtc0000gn/T/cibw-run-_9lf65jt/cp311-macosx_arm64/build/venv/lib/python3.11/site-packages/setuptools/dist.py", line 1208, in run_command
2022-12-27T01:53:33.9711080Z       super().run_command(command)
2022-12-27T01:53:33.9712550Z     File "/private/var/folders/51/hd414ycd67n82196sw51xqtc0000gn/T/cibw-run-_9lf65jt/cp311-macosx_arm64/build/venv/lib/python3.11/site-packages/setuptools/_distutils/dist.py", line 988, in run_command
2022-12-27T01:53:33.9713180Z       cmd_obj.run()
2022-12-27T01:53:33.9714710Z     File "/private/var/folders/51/hd414ycd67n82196sw51xqtc0000gn/T/cibw-run-_9lf65jt/cp311-macosx_arm64/build/venv/lib/python3.11/site-packages/setuptools/command/build_ext.py", line 84, in run
2022-12-27T01:53:33.9715270Z       _build_ext.run(self)
2022-12-27T01:53:33.9716990Z     File "/private/var/folders/51/hd414ycd67n82196sw51xqtc0000gn/T/cibw-run-_9lf65jt/cp311-macosx_arm64/build/venv/lib/python3.11/site-packages/Cython/Distutils/old_build_ext.py", line 186, in run
2022-12-27T01:53:33.9717490Z       _build_ext.build_ext.run(self)
2022-12-27T01:53:33.9718980Z     File "/private/var/folders/51/hd414ycd67n82196sw51xqtc0000gn/T/cibw-run-_9lf65jt/cp311-macosx_arm64/build/venv/lib/python3.11/site-packages/setuptools/_distutils/command/build_ext.py", line 346, in run
2022-12-27T01:53:33.9719700Z       self.build_extensions()
2022-12-27T01:53:33.9721080Z     File "/Users/runner/actions-runner/_work/python.build/python.build/build_grpcio104311/grpcio-1.0.4/src/python/grpcio/commands.py", line 209, in build_extensions
2022-12-27T01:53:33.9721790Z       raise CommandError(
2022-12-27T01:53:33.9722920Z   commands.CommandError: Failed `build_ext` step:
2022-12-27T01:53:33.9723870Z   Traceback (most recent call last):
2022-12-27T01:53:33.9725280Z     File "/private/var/folders/51/hd414ycd67n82196sw51xqtc0000gn/T/cibw-run-_9lf65jt/cp311-macosx_arm64/build/venv/lib/python3.11/site-packages/setuptools/_distutils/unixccompiler.py", line 186, in _compile
2022-12-27T01:53:33.9726120Z       self.spawn(compiler_so + cc_args + [src, '-o', obj] + extra_postargs)
2022-12-27T01:53:33.9727780Z     File "/Users/runner/actions-runner/_work/python.build/python.build/build_grpcio104311/grpcio-1.0.4/src/python/grpcio/_spawn_patch.py", line 67, in _commandfile_spawn
2022-12-27T01:53:33.9728290Z       _classic_spawn(self, command)
2022-12-27T01:53:33.9729760Z     File "/private/var/folders/51/hd414ycd67n82196sw51xqtc0000gn/T/cibw-run-_9lf65jt/cp311-macosx_arm64/build/venv/lib/python3.11/site-packages/setuptools/_distutils/ccompiler.py", line 1007, in spawn
2022-12-27T01:53:33.9730460Z       spawn(cmd, dry_run=self.dry_run, **kwargs)
2022-12-27T01:53:33.9731840Z     File "/private/var/folders/51/hd414ycd67n82196sw51xqtc0000gn/T/cibw-run-_9lf65jt/cp311-macosx_arm64/build/venv/lib/python3.11/site-packages/setuptools/_distutils/spawn.py", line 70, in spawn
2022-12-27T01:53:33.9732650Z       raise DistutilsExecError(
2022-12-27T01:53:33.9734190Z   distutils.errors.DistutilsExecError: command '/usr/bin/clang' failed with exit code 1
2022-12-27T01:53:33.9734940Z 
2022-12-27T01:53:33.9736230Z   During handling of the above exception, another exception occurred:
2022-12-27T01:53:33.9736940Z 
2022-12-27T01:53:33.9738200Z   Traceback (most recent call last):
2022-12-27T01:53:33.9739570Z     File "/Users/runner/actions-runner/_work/python.build/python.build/build_grpcio104311/grpcio-1.0.4/src/python/grpcio/commands.py", line 205, in build_extensions
2022-12-27T01:53:33.9740320Z       build_ext.build_ext.build_extensions(self)
2022-12-27T01:53:33.9741930Z     File "/private/var/folders/51/hd414ycd67n82196sw51xqtc0000gn/T/cibw-run-_9lf65jt/cp311-macosx_arm64/build/venv/lib/python3.11/site-packages/Cython/Distutils/old_build_ext.py", line 195, in build_extensions
2022-12-27T01:53:33.9742480Z       _build_ext.build_ext.build_extensions(self)
2022-12-27T01:53:33.9744490Z     File "/private/var/folders/51/hd414ycd67n82196sw51xqtc0000gn/T/cibw-run-_9lf65jt/cp311-macosx_arm64/build/venv/lib/python3.11/site-packages/setuptools/_distutils/command/build_ext.py", line 468, in build_extensions
2022-12-27T01:53:33.9745070Z       self._build_extensions_serial()
2022-12-27T01:53:33.9746540Z     File "/private/var/folders/51/hd414ycd67n82196sw51xqtc0000gn/T/cibw-run-_9lf65jt/cp311-macosx_arm64/build/venv/lib/python3.11/site-packages/setuptools/_distutils/command/build_ext.py", line 494, in _build_extensions_serial
2022-12-27T01:53:33.9747150Z       self.build_extension(ext)
2022-12-27T01:53:33.9748550Z     File "/private/var/folders/51/hd414ycd67n82196sw51xqtc0000gn/T/cibw-run-_9lf65jt/cp311-macosx_arm64/build/venv/lib/python3.11/site-packages/setuptools/command/build_ext.py", line 246, in build_extension
2022-12-27T01:53:33.9749240Z       _build_ext.build_extension(self, ext)
2022-12-27T01:53:33.9750650Z     File "/private/var/folders/51/hd414ycd67n82196sw51xqtc0000gn/T/cibw-run-_9lf65jt/cp311-macosx_arm64/build/venv/lib/python3.11/site-packages/setuptools/_distutils/command/build_ext.py", line 549, in build_extension
2022-12-27T01:53:33.9751330Z       objects = self.compiler.compile(
2022-12-27T01:53:33.9752260Z                 ^^^^^^^^^^^^^^^^^^^^^^
2022-12-27T01:53:33.9753830Z     File "/private/var/folders/51/hd414ycd67n82196sw51xqtc0000gn/T/cibw-run-_9lf65jt/cp311-macosx_arm64/build/venv/lib/python3.11/site-packages/setuptools/_distutils/ccompiler.py", line 599, in compile
2022-12-27T01:53:33.9754410Z       self._compile(obj, src, ext, cc_args, extra_postargs, pp_opts)
2022-12-27T01:53:33.9756020Z     File "/private/var/folders/51/hd414ycd67n82196sw51xqtc0000gn/T/cibw-run-_9lf65jt/cp311-macosx_arm64/build/venv/lib/python3.11/site-packages/setuptools/_distutils/unixccompiler.py", line 188, in _compile
2022-12-27T01:53:33.9756980Z       raise CompileError(msg)
2022-12-27T01:53:33.9758360Z   distutils.errors.CompileError: command '/usr/bin/clang' failed with exit code 1
2022-12-27T01:53:33.9759020Z 
2022-12-27T01:53:34.0328710Z   error: subprocess-exited-with-error
2022-12-27T01:53:34.0329060Z   
2022-12-27T01:53:34.0329530Z   × python setup.py bdist_wheel did not run successfully.
2022-12-27T01:53:34.0329910Z   │ exit code: 1
2022-12-27T01:53:34.0330180Z   ╰─> See above for output.
2022-12-27T01:53:34.0330370Z   
2022-12-27T01:53:34.0330630Z   note: This error originates from a subprocess, and is likely not a problem with pip.
2022-12-27T01:53:34.0335330Z   full command: /private/var/folders/51/hd414ycd67n82196sw51xqtc0000gn/T/cibw-run-_9lf65jt/cp311-macosx_arm64/build/venv/bin/python -u -c '
2022-12-27T01:53:34.0335900Z   exec(compile('"'"''"'"''"'"'
2022-12-27T01:53:34.0336350Z   # This is <pip-setuptools-caller> -- a caller that pip uses to run setup.py
2022-12-27T01:53:34.0336580Z   #
2022-12-27T01:53:34.0336900Z   # - It imports setuptools before invoking setup.py, to enable projects that directly
2022-12-27T01:53:34.0337200Z   #   import from `distutils.core` to work with newer packaging standards.
2022-12-27T01:53:34.0337730Z   # - It provides a clear error message when setuptools is not installed.
2022-12-27T01:53:34.0338110Z   # - It sets `sys.argv[0]` to the underlying `setup.py`, when invoking `setup.py` so
2022-12-27T01:53:34.0338500Z   #   setuptools doesn'"'"'t think the script is `-c`. This avoids the following warning:
2022-12-27T01:53:34.0338840Z   #     manifest_maker: standard file '"'"'-c'"'"' not found".
2022-12-27T01:53:34.0339180Z   # - It generates a shim setup.py, for handling setup.cfg-only projects.
2022-12-27T01:53:34.0339420Z   import os, sys, tokenize
2022-12-27T01:53:34.0339580Z   
2022-12-27T01:53:34.0339710Z   try:
2022-12-27T01:53:34.0339880Z       import setuptools
2022-12-27T01:53:34.0340060Z   except ImportError as error:
2022-12-27T01:53:34.0340230Z       print(
2022-12-27T01:53:34.0340810Z           "ERROR: Can not execute `setup.py` since setuptools is not available in "
2022-12-27T01:53:34.0341070Z           "the build environment.",
2022-12-27T01:53:34.0341260Z           file=sys.stderr,
2022-12-27T01:53:34.0341420Z       )
2022-12-27T01:53:34.0341560Z       sys.exit(1)
2022-12-27T01:53:34.0341710Z   
2022-12-27T01:53:34.0341850Z   __file__ = %r
2022-12-27T01:53:34.0342010Z   sys.argv[0] = __file__
2022-12-27T01:53:34.0342160Z   
2022-12-27T01:53:34.0342320Z   if os.path.exists(__file__):
2022-12-27T01:53:34.0342490Z       filename = __file__
2022-12-27T01:53:34.0342680Z       with tokenize.open(__file__) as f:
2022-12-27T01:53:34.0342870Z           setup_py_code = f.read()
2022-12-27T01:53:34.0343030Z   else:
2022-12-27T01:53:34.0343300Z       filename = "<auto-generated setuptools caller>"
2022-12-27T01:53:34.0343550Z       setup_py_code = "from setuptools import setup; setup()"
2022-12-27T01:53:34.0343750Z   
2022-12-27T01:53:34.0343920Z   exec(compile(setup_py_code, filename, "exec"))
2022-12-27T01:53:34.0344580Z   '"'"''"'"''"'"' % ('"'"'/Users/runner/actions-runner/_work/python.build/python.build/build_grpcio104311/grpcio-1.0.4/setup.py'"'"',), "<pip-setuptools-caller>", "exec"))' bdist_wheel -d /private/var/folders/51/hd414ycd67n82196sw51xqtc0000gn/T/pip-wheel-ihaqkg9x
2022-12-27T01:53:34.0345260Z   cwd: /Users/runner/actions-runner/_work/python.build/python.build/build_grpcio104311/grpcio-1.0.4/
2022-12-27T01:53:34.0345550Z   ERROR: Failed building wheel for grpcio
2022-12-27T01:53:34.0345760Z   Running command python setup.py clean
2022-12-27T01:53:34.0345980Z   Building wheel for grpcio (setup.py): finished with status 'error'
2022-12-27T01:53:34.0346140Z   Running setup.py clean for grpcio
2022-12-27T01:53:34.3787340Z   /private/var/folders/51/hd414ycd67n82196sw51xqtc0000gn/T/cibw-run-_9lf65jt/cp311-macosx_arm64/build/venv/lib/python3.11/site-packages/setuptools/installer.py:27: SetuptoolsDeprecationWarning: setuptools.installer is deprecated. Requirements should be satisfied by a PEP 517 installer.
2022-12-27T01:53:34.3788040Z     warnings.warn(
2022-12-27T01:53:34.5408610Z   running clean
2022-12-27T01:53:34.5553320Z   removing 'python_build/temp.macosx-11.0-arm64-cpython-311' (and everything under it)
2022-12-27T01:53:34.5629080Z   removing 'python_build/lib.macosx-11.0-arm64-cpython-311' (and everything under it)
2022-12-27T01:53:34.5664230Z   'python_build/bdist.macosx-11.0-arm64' does not exist -- can't clean it
2022-12-27T01:53:34.5665580Z   'python_build/scripts-3.11' does not exist -- can't clean it
2022-12-27T01:53:34.5667120Z   removing 'python_build'
2022-12-27T01:53:34.5985780Z Failed to build grpcio
2022-12-27T01:53:34.5989710Z ERROR: Failed to build one or more wheels
2022-12-27T01:53:34.6002190Z Exception information:
2022-12-27T01:53:34.6002340Z Traceback (most recent call last):
2022-12-27T01:53:34.6003200Z   File "/private/var/folders/51/hd414ycd67n82196sw51xqtc0000gn/T/cibw-run-_9lf65jt/cp311-macosx_arm64/build/venv/lib/python3.11/site-packages/pip/_internal/cli/base_command.py", line 160, in exc_logging_wrapper
2022-12-27T01:53:34.6003590Z     status = run_func(*args)
2022-12-27T01:53:34.6003760Z              ^^^^^^^^^^^^^^^
2022-12-27T01:53:34.6004320Z   File "/private/var/folders/51/hd414ycd67n82196sw51xqtc0000gn/T/cibw-run-_9lf65jt/cp311-macosx_arm64/build/venv/lib/python3.11/site-packages/pip/_internal/cli/req_command.py", line 247, in wrapper
2022-12-27T01:53:34.6004660Z     return func(self, options, args)
2022-12-27T01:53:34.6004880Z            ^^^^^^^^^^^^^^^^^^^^^^^^^
2022-12-27T01:53:34.6005360Z   File "/private/var/folders/51/hd414ycd67n82196sw51xqtc0000gn/T/cibw-run-_9lf65jt/cp311-macosx_arm64/build/venv/lib/python3.11/site-packages/pip/_internal/commands/wheel.py", line 201, in run
2022-12-27T01:53:34.6005770Z     raise CommandError("Failed to build one or more wheels")
2022-12-27T01:53:34.6006060Z pip._internal.exceptions.CommandError: Failed to build one or more wheels
2022-12-27T01:53:34.6006770Z Removed build tracker: '/private/var/folders/51/hd414ycd67n82196sw51xqtc0000gn/T/pip-build-tracker-la0xvctv'
2022-12-27T01:53:34.6435070Z ##[endgroup]
2022-12-27T01:53:34.6460030Z ##[error]Command ['python', '-m', 'pip', 'wheel', '/Users/runner/actions-runner/_work/python.build/python.build/build_grpcio104311/grpcio-1.0.4', '--wheel-dir=/private/var/folders/51/hd414ycd67n82196sw51xqtc0000gn/T/cibw-run-_9lf65jt/cp311-macosx_arm64/built_wheel', '--no-deps', '-vvv'] failed with code 1. None
2022-12-27T01:53:34.6465840Z 
2022-12-27T01:53:34.6466130Z                                                              [31m✕ [0m14.13s
2022-12-27T01:53:34.7094160Z ##[error]Process completed with exit code 1.
2022-12-27T01:53:34.7123110Z ##[group]Run rm -rf build_grpcio104311 wheelsout
2022-12-27T01:53:34.7123290Z [36;1mrm -rf build_grpcio104311 wheelsout[0m
2022-12-27T01:53:34.7139070Z shell: /bin/bash -e {0}
2022-12-27T01:53:34.7139200Z env:
2022-12-27T01:53:34.7139340Z   pythonLocation: /Users/runner/hostedtoolcache/Python/3.11.1/x64
2022-12-27T01:53:34.7139520Z   PKG_CONFIG_PATH: /Users/runner/hostedtoolcache/Python/3.11.1/x64/lib/pkgconfig
2022-12-27T01:53:34.7139700Z   Python_ROOT_DIR: /Users/runner/hostedtoolcache/Python/3.11.1/x64
2022-12-27T01:53:34.7139880Z   Python2_ROOT_DIR: /Users/runner/hostedtoolcache/Python/3.11.1/x64
2022-12-27T01:53:34.7140040Z   Python3_ROOT_DIR: /Users/runner/hostedtoolcache/Python/3.11.1/x64
2022-12-27T01:53:34.7140180Z ##[endgroup]
2022-12-27T01:53:35.0457720Z Cleaning up orphan processes
