2022-12-27T08:47:13.8798443Z Requested labels: self-hosted, macOS, X64
2022-12-27T08:47:13.8798528Z Job defined at: kilnbuild/python.build/.github/workflows/mac_arm_build.yml@refs/heads/main
2022-12-27T08:47:13.8798554Z Waiting for a runner to pick up this job...
2022-12-27T11:08:40.1089428Z Job is about to start running on the runner: kr2 (organization)
2022-12-27T11:08:46.4799650Z Current runner version: '2.300.2'
2022-12-27T11:08:46.4806940Z Runner name: 'kr2'
2022-12-27T11:08:46.4807340Z Runner group name: 'Default'
2022-12-27T11:08:46.4808090Z Machine name: 'kr2'
2022-12-27T11:08:46.4810640Z ##[group]GITHUB_TOKEN Permissions
2022-12-27T11:08:46.4811270Z Actions: write
2022-12-27T11:08:46.4811510Z Checks: write
2022-12-27T11:08:46.4811750Z Contents: write
2022-12-27T11:08:46.4812000Z Deployments: write
2022-12-27T11:08:46.4812320Z Discussions: write
2022-12-27T11:08:46.4812590Z Issues: write
2022-12-27T11:08:46.4812850Z Metadata: read
2022-12-27T11:08:46.4813100Z Packages: write
2022-12-27T11:08:46.4813370Z Pages: write
2022-12-27T11:08:46.4813620Z PullRequests: write
2022-12-27T11:08:46.4813910Z RepositoryProjects: write
2022-12-27T11:08:46.4814220Z SecurityEvents: write
2022-12-27T11:08:46.4814510Z Statuses: write
2022-12-27T11:08:46.4814750Z ##[endgroup]
2022-12-27T11:08:46.4818190Z Secret source: Actions
2022-12-27T11:08:46.4818650Z Prepare workflow directory
2022-12-27T11:08:46.5876240Z Prepare all required actions
2022-12-27T11:08:46.6083200Z Getting action download info
2022-12-27T11:08:47.0565030Z Download action repository 'actions/setup-python@v4' (SHA:5ccb29d8773c3f3f653e1705f474dfaa8a06a912)
2022-12-27T11:08:48.9355760Z Download action repository 'actions/upload-artifact@v3' (SHA:83fd05a356d7e2593de66fc9913b3002723633cb)
2022-12-27T11:08:50.3886560Z ##[group]Run echo '{
2022-12-27T11:08:50.3887040Z [36;1mecho '{[0m
2022-12-27T11:08:50.3887350Z [36;1m  "package_name": "lxml",[0m
2022-12-27T11:08:50.3887790Z [36;1m  "package_url": "https://files.pythonhosted.org/packages/29/87/79cb6ae920cdd631a4e773dee82655ace700d733d9e4bfeb5444ee83a91f/lxml-3.4.3.tar.gz",[0m
2022-12-27T11:08:50.3888190Z [36;1m  "package_version": "3.4.3",[0m
2022-12-27T11:08:50.3888490Z [36;1m  "python_version": "3.10",[0m
2022-12-27T11:08:50.3888790Z [36;1m  "use_ccache": "true"[0m
2022-12-27T11:08:50.3889050Z [36;1m}'[0m
2022-12-27T11:08:50.3916440Z shell: /bin/bash -e {0}
2022-12-27T11:08:50.3916800Z ##[endgroup]
2022-12-27T11:08:50.4326430Z {
2022-12-27T11:08:50.4330120Z   "package_name": "lxml",
2022-12-27T11:08:50.4331390Z   "package_url": "https://files.pythonhosted.org/packages/29/87/79cb6ae920cdd631a4e773dee82655ace700d733d9e4bfeb5444ee83a91f/lxml-3.4.3.tar.gz",
2022-12-27T11:08:50.4332120Z   "package_version": "3.4.3",
2022-12-27T11:08:50.4332590Z   "python_version": "3.10",
2022-12-27T11:08:50.4332920Z   "use_ccache": "true"
2022-12-27T11:08:50.4333240Z }
2022-12-27T11:08:50.4690050Z ##[group]Run actions/setup-python@v4
2022-12-27T11:08:50.4690570Z with:
2022-12-27T11:08:50.4690920Z   python-version: 3.10
2022-12-27T11:08:50.4691200Z   check-latest: false
2022-12-27T11:08:50.4691880Z   token: ***
2022-12-27T11:08:50.4692350Z   update-environment: true
2022-12-27T11:08:50.4692630Z ##[endgroup]
2022-12-27T11:08:50.6951870Z ##[group]Installed versions
2022-12-27T11:08:50.7025750Z Successfully set up CPython (3.10.9)
2022-12-27T11:08:50.7026830Z ##[endgroup]
2022-12-27T11:08:50.7244380Z ##[group]Run if [ "true" == "true" ]
2022-12-27T11:08:50.7245020Z [36;1mif [ "true" == "true" ][0m
2022-12-27T11:08:50.7245360Z [36;1mthen[0m
2022-12-27T11:08:50.7245680Z [36;1m  echo "CCACHE_PATH_PREPEND=/usr/local/opt/ccache/libexec" >> $GITHUB_OUTPUT[0m
2022-12-27T11:08:50.7246170Z [36;1melse[0m
2022-12-27T11:08:50.7246520Z [36;1m  echo "CCACHE_PATH_PREPEND=" >> $GITHUB_OUTPUT[0m
2022-12-27T11:08:50.7246800Z [36;1mfi[0m
2022-12-27T11:08:50.7274470Z shell: /bin/bash -e {0}
2022-12-27T11:08:50.7274810Z env:
2022-12-27T11:08:50.7275260Z   pythonLocation: /Users/runner/hostedtoolcache/Python/3.10.9/x64
2022-12-27T11:08:50.7275680Z   PKG_CONFIG_PATH: /Users/runner/hostedtoolcache/Python/3.10.9/x64/lib/pkgconfig
2022-12-27T11:08:50.7276240Z   Python_ROOT_DIR: /Users/runner/hostedtoolcache/Python/3.10.9/x64
2022-12-27T11:08:50.7276670Z   Python2_ROOT_DIR: /Users/runner/hostedtoolcache/Python/3.10.9/x64
2022-12-27T11:08:50.7277180Z   Python3_ROOT_DIR: /Users/runner/hostedtoolcache/Python/3.10.9/x64
2022-12-27T11:08:50.7278160Z ##[endgroup]
2022-12-27T11:08:50.7582730Z ##[group]Run echo "BUILD_NAME=$(echo lxml_3.4.3_3.10 | tr -dc '[:alnum:]\n\r' | tr '[:upper:]' '[:lower:]')" >> $GITHUB_OUTPUT
2022-12-27T11:08:50.7583470Z [36;1mecho "BUILD_NAME=$(echo lxml_3.4.3_3.10 | tr -dc '[:alnum:]\n\r' | tr '[:upper:]' '[:lower:]')" >> $GITHUB_OUTPUT[0m
2022-12-27T11:08:50.7611260Z shell: /bin/bash -e {0}
2022-12-27T11:08:50.7611600Z env:
2022-12-27T11:08:50.7611910Z   pythonLocation: /Users/runner/hostedtoolcache/Python/3.10.9/x64
2022-12-27T11:08:50.7612480Z   PKG_CONFIG_PATH: /Users/runner/hostedtoolcache/Python/3.10.9/x64/lib/pkgconfig
2022-12-27T11:08:50.7612940Z   Python_ROOT_DIR: /Users/runner/hostedtoolcache/Python/3.10.9/x64
2022-12-27T11:08:50.7613320Z   Python2_ROOT_DIR: /Users/runner/hostedtoolcache/Python/3.10.9/x64
2022-12-27T11:08:50.7613830Z   Python3_ROOT_DIR: /Users/runner/hostedtoolcache/Python/3.10.9/x64
2022-12-27T11:08:50.7614290Z ##[endgroup]
2022-12-27T11:08:50.7873200Z ##[group]Run echo "PYTHON_NO_DOTS=$(echo 3.10 | tr -dc '[:alnum:]\n\r' | tr '[:upper:]' '[:lower:]')" >> $GITHUB_OUTPUT
2022-12-27T11:08:50.7874100Z [36;1mecho "PYTHON_NO_DOTS=$(echo 3.10 | tr -dc '[:alnum:]\n\r' | tr '[:upper:]' '[:lower:]')" >> $GITHUB_OUTPUT[0m
2022-12-27T11:08:50.7901010Z shell: /bin/bash -e {0}
2022-12-27T11:08:50.7901330Z env:
2022-12-27T11:08:50.7901630Z   pythonLocation: /Users/runner/hostedtoolcache/Python/3.10.9/x64
2022-12-27T11:08:50.7903310Z   PKG_CONFIG_PATH: /Users/runner/hostedtoolcache/Python/3.10.9/x64/lib/pkgconfig
2022-12-27T11:08:50.7903750Z   Python_ROOT_DIR: /Users/runner/hostedtoolcache/Python/3.10.9/x64
2022-12-27T11:08:50.7904170Z   Python2_ROOT_DIR: /Users/runner/hostedtoolcache/Python/3.10.9/x64
2022-12-27T11:08:50.7904530Z   Python3_ROOT_DIR: /Users/runner/hostedtoolcache/Python/3.10.9/x64
2022-12-27T11:08:50.7904970Z ##[endgroup]
2022-12-27T11:08:50.8170520Z ##[group]Run rm -rf build_lxml343310
2022-12-27T11:08:50.8171130Z [36;1mrm -rf build_lxml343310[0m
2022-12-27T11:08:50.8171470Z [36;1mmkdir build_lxml343310[0m
2022-12-27T11:08:50.8171950Z [36;1mcd build_lxml343310[0m
2022-12-27T11:08:50.8172530Z [36;1m/usr/local/bin/wget --quiet https://files.pythonhosted.org/packages/29/87/79cb6ae920cdd631a4e773dee82655ace700d733d9e4bfeb5444ee83a91f/lxml-3.4.3.tar.gz[0m
2022-12-27T11:08:50.8173000Z [36;1mtar xf *.tar.gz[0m
2022-12-27T11:08:50.8173330Z [36;1mcd *[0m
2022-12-27T11:08:50.8173700Z [36;1mpython -m pip install cibuildwheel==2.11.3[0m
2022-12-27T11:08:50.8174160Z [36;1mpython -m cibuildwheel --output-dir ../wheelsout[0m
2022-12-27T11:08:50.8201130Z shell: /bin/bash -e {0}
2022-12-27T11:08:50.8201400Z env:
2022-12-27T11:08:50.8202090Z   pythonLocation: /Users/runner/hostedtoolcache/Python/3.10.9/x64
2022-12-27T11:08:50.8202570Z   PKG_CONFIG_PATH: /Users/runner/hostedtoolcache/Python/3.10.9/x64/lib/pkgconfig
2022-12-27T11:08:50.8203060Z   Python_ROOT_DIR: /Users/runner/hostedtoolcache/Python/3.10.9/x64
2022-12-27T11:08:50.8203510Z   Python2_ROOT_DIR: /Users/runner/hostedtoolcache/Python/3.10.9/x64
2022-12-27T11:08:50.8204130Z   Python3_ROOT_DIR: /Users/runner/hostedtoolcache/Python/3.10.9/x64
2022-12-27T11:08:50.8204530Z   CIBW_ARCHS_MACOS: arm64
2022-12-27T11:08:50.8204800Z   CIBW_TEST_SKIP: *_arm64
2022-12-27T11:08:50.8205150Z   CIBW_BUILD: cp310-macosx_arm64
2022-12-27T11:08:50.8205510Z   CIBW_BUILD_FRONTEND: pip
2022-12-27T11:08:50.8205880Z   CIBW_BUILD_VERBOSITY: 3
2022-12-27T11:08:50.8206460Z   CIBW_ENVIRONMENT_MACOS:  CFLAGS="-I/usr/local/opt/openssl@3/include" LDFLAGS="-L/usr/local/opt/openssl@3/lib" CPPFLAGS="-I/usr/local/opt/openssl@3/include" MAKEFLAGS="-j$(sysctl -n hw.logicalcpu)" PATH=/usr/local/opt/ccache/libexec:$PATH
2022-12-27T11:08:50.8207130Z   CIBW_BEFORE_BUILD: pip install Cython; if [[ -f requirements.txt ]]; then pip install -r requirements.txt; fi
2022-12-27T11:08:50.8207600Z   MAKEFLAGS: -j$(sysctl -n hw.logicalcpu)
2022-12-27T11:08:50.8207890Z ##[endgroup]
2022-12-27T11:08:51.6678730Z Requirement already satisfied: cibuildwheel==2.11.3 in /Users/runner/hostedtoolcache/Python/3.10.9/x64/lib/python3.10/site-packages (2.11.3)
2022-12-27T11:08:51.7068820Z Requirement already satisfied: tomli in /Users/runner/hostedtoolcache/Python/3.10.9/x64/lib/python3.10/site-packages (from cibuildwheel==2.11.3) (2.0.1)
2022-12-27T11:08:51.7081370Z Requirement already satisfied: typing-extensions>=4.1.0 in /Users/runner/hostedtoolcache/Python/3.10.9/x64/lib/python3.10/site-packages (from cibuildwheel==2.11.3) (4.4.0)
2022-12-27T11:08:51.7085550Z Requirement already satisfied: platformdirs in /Users/runner/hostedtoolcache/Python/3.10.9/x64/lib/python3.10/site-packages (from cibuildwheel==2.11.3) (2.6.0)
2022-12-27T11:08:51.7090410Z Requirement already satisfied: filelock in /Users/runner/hostedtoolcache/Python/3.10.9/x64/lib/python3.10/site-packages (from cibuildwheel==2.11.3) (3.8.2)
2022-12-27T11:08:51.7098090Z Requirement already satisfied: packaging>=20.9 in /Users/runner/hostedtoolcache/Python/3.10.9/x64/lib/python3.10/site-packages (from cibuildwheel==2.11.3) (22.0)
2022-12-27T11:08:51.7102700Z Requirement already satisfied: certifi in /Users/runner/hostedtoolcache/Python/3.10.9/x64/lib/python3.10/site-packages (from cibuildwheel==2.11.3) (2022.12.7)
2022-12-27T11:08:51.7109410Z Requirement already satisfied: bracex in /Users/runner/hostedtoolcache/Python/3.10.9/x64/lib/python3.10/site-packages (from cibuildwheel==2.11.3) (2.3.post1)
2022-12-27T11:08:51.7116260Z Requirement already satisfied: bashlex!=0.13 in /Users/runner/hostedtoolcache/Python/3.10.9/x64/lib/python3.10/site-packages (from cibuildwheel==2.11.3) (0.16)
2022-12-27T11:08:52.0783630Z 
2022-12-27T11:08:52.0784740Z      _ _       _ _   _       _           _
2022-12-27T11:08:52.0785760Z  ___|_| |_ _ _|_| |_| |_ _ _| |_ ___ ___| |
2022-12-27T11:08:52.0788420Z |  _| | . | | | | | . | | | |   | -_| -_| |
2022-12-27T11:08:52.0790710Z |___|_|___|___|_|_|___|_____|_|_|___|___|_|
2022-12-27T11:08:52.0791490Z 
2022-12-27T11:08:52.0791870Z cibuildwheel version 2.11.3
2022-12-27T11:08:52.0792270Z 
2022-12-27T11:08:52.0792590Z Build options:
2022-12-27T11:08:52.0793110Z   platform: macos
2022-12-27T11:08:52.0953620Z   architectures: arm64[0m
2022-12-27T11:08:52.0955240Z   build_selector: 
2022-12-27T11:08:52.0956400Z     build_config: cp310-macosx_arm64
2022-12-27T11:08:52.0959090Z     skip_config: 
2022-12-27T11:08:52.0960050Z     requires_python: None
2022-12-27T11:08:52.0961050Z     prerelease_pythons: False[0m
2022-12-27T11:08:52.0962610Z   [38;5;244mcontainer_engine: docker[0m
2022-12-27T11:08:52.0963920Z   output_dir: /Users/runner/actions-runner/_work/python.build/python.build/build_lxml343310/wheelsout[0m
2022-12-27T11:08:52.0964780Z   package_dir: /Users/runner/actions-runner/_work/python.build/python.build/build_lxml343310/lxml-3.4.3[0m
2022-12-27T11:08:52.0965230Z   test_selector: 
2022-12-27T11:08:52.0966450Z     skip_config: *_arm64[0m
2022-12-27T11:08:52.0966890Z   [38;5;244mbefore_all: [0m
2022-12-27T11:08:52.0967380Z   before_build: pip install Cython; if [[ -f requirements.txt ]]; then pip install -r requirements.txt; fi[0m
2022-12-27T11:08:52.0967890Z   [38;5;244mbefore_test: [0m
2022-12-27T11:08:52.0968300Z   [38;5;244mbuild_frontend: pip[0m
2022-12-27T11:08:52.0969190Z   build_verbosity: 3[0m
2022-12-27T11:08:52.0969540Z   [38;5;244mconfig_settings: [0m
2022-12-27T11:08:52.0969990Z   [38;5;244mdependency_constraints: pinned[0m
2022-12-27T11:08:52.0970340Z   environment: 
2022-12-27T11:08:52.0970730Z     CFLAGS="-I/usr/local/opt/openssl@3/include"
2022-12-27T11:08:52.0971560Z     LDFLAGS="-L/usr/local/opt/openssl@3/lib"
2022-12-27T11:08:52.0972030Z     CPPFLAGS="-I/usr/local/opt/openssl@3/include"
2022-12-27T11:08:52.0972440Z     MAKEFLAGS="-j$(sysctl -n hw.logicalcpu)"
2022-12-27T11:08:52.0972900Z     PATH=/usr/local/opt/ccache/libexec:$PATH[0m
2022-12-27T11:08:52.0973430Z   [38;5;244mmanylinux_images: None[0m
2022-12-27T11:08:52.0973880Z   [38;5;244mmusllinux_images: None[0m
2022-12-27T11:08:52.0974450Z   [38;5;244mrepair_command: delocate-wheel --require-archs {delocate_archs} -w {dest_dir} -v {wheel}[0m
2022-12-27T11:08:52.0975640Z   [38;5;244mtest_command: [0m
2022-12-27T11:08:52.0976070Z   [38;5;244mtest_extras: [0m
2022-12-27T11:08:52.0976480Z   [38;5;244mtest_requires: [0m
2022-12-27T11:08:52.0976670Z 
2022-12-27T11:08:52.0976870Z Cache folder: /Users/runner/Library/Caches/cibuildwheel
2022-12-27T11:08:52.0990490Z 
2022-12-27T11:08:52.0991010Z Here we go!
2022-12-27T11:08:52.0991190Z 
2022-12-27T11:08:52.1158620Z 
2022-12-27T11:08:52.1160940Z [1m[34mBuilding cp310-macosx_arm64 wheel[0m
2022-12-27T11:08:52.1161930Z CPython 3.10 macOS arm64 - Apple Silicon
2022-12-27T11:08:52.1162390Z 
2022-12-27T11:08:52.1167350Z ##[group]Installing Python cp310...
2022-12-27T11:08:52.1167770Z 
2022-12-27T11:08:52.1168150Z + pkgutil --pkgs
2022-12-27T11:08:52.1378560Z ##[endgroup]
2022-12-27T11:08:52.1380560Z                                                               [32mâœ“ [0m0.02s
2022-12-27T11:08:52.1381540Z ##[group]Setting up build environment...
2022-12-27T11:08:52.1381770Z 
2022-12-27T11:08:52.1417040Z + /Users/runner/hostedtoolcache/Python/3.10.9/x64/bin/python -sS /Users/runner/Library/Caches/cibuildwheel/virtualenv-20.17.0.pyz --activators= --no-periodic-update --pip=22.3.1 --setuptools=65.6.3 --wheel=0.38.4 --symlink-app-data --python /Library/Frameworks/Python.framework/Versions/3.10/bin/python3 /private/var/folders/51/hd414ycd67n82196sw51xqtc0000gn/T/cibw-run-8r0jjvov/cp310-macosx_arm64/build/venv
2022-12-27T11:08:52.4629960Z created virtual environment CPython3.10.8.final.0-64 in 86ms
2022-12-27T11:08:52.4631010Z   creator CPython3Posix(dest=/private/var/folders/51/hd414ycd67n82196sw51xqtc0000gn/T/cibw-run-8r0jjvov/cp310-macosx_arm64/build/venv, clear=False, no_vcs_ignore=False, global=False)
2022-12-27T11:08:52.4632310Z   seeder FromAppData(download=False, pip=22.3.1, setuptools=65.6.3, wheel=0.38.4, via=symlink, app_data_dir=/Users/runner/Library/Application Support/virtualenv)
2022-12-27T11:08:52.4632870Z     added seed packages: pip==22.3.1, setuptools==65.6.3, wheel==0.38.4
2022-12-27T11:08:52.4920380Z + python -m pip install --upgrade pip -c /Users/runner/hostedtoolcache/Python/3.10.9/x64/lib/python3.10/site-packages/cibuildwheel/resources/constraints-python310.txt
2022-12-27T11:08:52.9531650Z Requirement already satisfied: pip in ./lib/python3.10/site-packages (22.3.1)
2022-12-27T11:08:53.2120840Z + which pip
2022-12-27T11:08:53.2159100Z /private/var/folders/51/hd414ycd67n82196sw51xqtc0000gn/T/cibw-run-8r0jjvov/cp310-macosx_arm64/build/venv/bin/pip
2022-12-27T11:08:53.2166400Z + pip --version
2022-12-27T11:08:53.5454690Z pip 22.3.1 from /private/var/folders/51/hd414ycd67n82196sw51xqtc0000gn/T/cibw-run-8r0jjvov/cp310-macosx_arm64/build/venv/lib/python3.10/site-packages/pip (python 3.10)
2022-12-27T11:08:53.6103550Z + which pip
2022-12-27T11:08:53.6179570Z + which python
2022-12-27T11:08:53.6217780Z /private/var/folders/51/hd414ycd67n82196sw51xqtc0000gn/T/cibw-run-8r0jjvov/cp310-macosx_arm64/build/venv/bin/python
2022-12-27T11:08:53.6226480Z + python --version
2022-12-27T11:08:53.6327490Z Python 3.10.8
2022-12-27T11:08:53.6335710Z + which python
2022-12-27T11:08:53.6443720Z ##[endgroup]
2022-12-27T11:08:53.6446000Z                                                               [32mâœ“ [0m1.51s
2022-12-27T11:08:53.6448480Z ##[group]Installing build tools...
2022-12-27T11:08:53.6448920Z 
2022-12-27T11:08:53.6450010Z + pip install --upgrade setuptools wheel delocate -c /Users/runner/hostedtoolcache/Python/3.10.9/x64/lib/python3.10/site-packages/cibuildwheel/resources/constraints-python310.txt
2022-12-27T11:08:54.1036080Z Requirement already satisfied: setuptools in /private/var/folders/51/hd414ycd67n82196sw51xqtc0000gn/T/cibw-run-8r0jjvov/cp310-macosx_arm64/build/venv/lib/python3.10/site-packages (65.6.3)
2022-12-27T11:08:54.4185240Z Requirement already satisfied: wheel in /private/var/folders/51/hd414ycd67n82196sw51xqtc0000gn/T/cibw-run-8r0jjvov/cp310-macosx_arm64/build/venv/lib/python3.10/site-packages (0.38.4)
2022-12-27T11:08:54.4923650Z Collecting delocate
2022-12-27T11:08:54.4971750Z   Using cached delocate-0.10.3-py3-none-any.whl (142 kB)
2022-12-27T11:08:54.5491620Z Collecting packaging>=20.9
2022-12-27T11:08:54.5534400Z   Using cached packaging-21.3-py3-none-any.whl (40 kB)
2022-12-27T11:08:54.5827580Z Collecting typing-extensions
2022-12-27T11:08:54.5867630Z   Using cached typing_extensions-4.4.0-py3-none-any.whl (26 kB)
2022-12-27T11:08:54.6374390Z Collecting pyparsing!=3.0.5,>=2.0.2
2022-12-27T11:08:54.6412960Z   Using cached pyparsing-3.0.9-py3-none-any.whl (98 kB)
2022-12-27T11:08:54.6927640Z Installing collected packages: typing-extensions, pyparsing, packaging, delocate
2022-12-27T11:08:54.8972250Z Successfully installed delocate-0.10.3 packaging-21.3 pyparsing-3.0.9 typing-extensions-4.4.0
2022-12-27T11:08:55.0287910Z ##[endgroup]
2022-12-27T11:08:55.0289410Z                                                               [32mâœ“ [0m1.38s
2022-12-27T11:08:55.0290470Z ##[group]Running before_build...
2022-12-27T11:08:55.0290880Z 
2022-12-27T11:08:55.0298020Z + pip install Cython; if [[ -f requirements.txt ]]; then pip install -r requirements.txt; fi
2022-12-27T11:08:56.0140620Z Collecting Cython
2022-12-27T11:08:56.0226710Z   Using cached Cython-0.29.32-py2.py3-none-any.whl (986 kB)
2022-12-27T11:08:56.0878870Z Installing collected packages: Cython
2022-12-27T11:08:56.7687490Z Successfully installed Cython-0.29.32
2022-12-27T11:08:57.3467940Z Requirement already satisfied: Cython>=0.20 in /private/var/folders/51/hd414ycd67n82196sw51xqtc0000gn/T/cibw-run-8r0jjvov/cp310-macosx_arm64/build/venv/lib/python3.10/site-packages (from -r requirements.txt (line 1)) (0.29.32)
2022-12-27T11:08:57.4812480Z ##[endgroup]
2022-12-27T11:08:57.4814530Z                                                               [32mâœ“ [0m2.45s
2022-12-27T11:08:57.4816380Z ##[group]Building wheel...
2022-12-27T11:08:57.4816640Z 
2022-12-27T11:08:57.4835960Z + python -m pip wheel /Users/runner/actions-runner/_work/python.build/python.build/build_lxml343310/lxml-3.4.3 --wheel-dir=/private/var/folders/51/hd414ycd67n82196sw51xqtc0000gn/T/cibw-run-8r0jjvov/cp310-macosx_arm64/built_wheel --no-deps -vvv
2022-12-27T11:08:57.8873620Z Created temporary directory: /private/var/folders/51/hd414ycd67n82196sw51xqtc0000gn/T/pip-ephem-wheel-cache-ad_5cph7
2022-12-27T11:08:57.8881070Z Created temporary directory: /private/var/folders/51/hd414ycd67n82196sw51xqtc0000gn/T/pip-build-tracker-w4x6dny_
2022-12-27T11:08:57.8883350Z Initialized build tracking at /private/var/folders/51/hd414ycd67n82196sw51xqtc0000gn/T/pip-build-tracker-w4x6dny_
2022-12-27T11:08:57.8885240Z Created build tracker: /private/var/folders/51/hd414ycd67n82196sw51xqtc0000gn/T/pip-build-tracker-w4x6dny_
2022-12-27T11:08:57.8887310Z Entered build tracker: /private/var/folders/51/hd414ycd67n82196sw51xqtc0000gn/T/pip-build-tracker-w4x6dny_
2022-12-27T11:08:57.8893510Z Created temporary directory: /private/var/folders/51/hd414ycd67n82196sw51xqtc0000gn/T/pip-wheel-2la43nnq
2022-12-27T11:08:57.8903620Z Created temporary directory: /private/var/folders/51/hd414ycd67n82196sw51xqtc0000gn/T/pip-ephem-wheel-cache-z2e4h0c2
2022-12-27T11:08:57.9231710Z Processing /Users/runner/actions-runner/_work/python.build/python.build/build_lxml343310/lxml-3.4.3
2022-12-27T11:08:57.9240830Z   Added file:///Users/runner/actions-runner/_work/python.build/python.build/build_lxml343310/lxml-3.4.3 to build tracker '/private/var/folders/51/hd414ycd67n82196sw51xqtc0000gn/T/pip-build-tracker-w4x6dny_'
2022-12-27T11:08:57.9247010Z   Running setup.py (path:/Users/runner/actions-runner/_work/python.build/python.build/build_lxml343310/lxml-3.4.3/setup.py) egg_info for package from file:///Users/runner/actions-runner/_work/python.build/python.build/build_lxml343310/lxml-3.4.3
2022-12-27T11:08:57.9251720Z   Created temporary directory: /private/var/folders/51/hd414ycd67n82196sw51xqtc0000gn/T/pip-pip-egg-info-vjhyjm67
2022-12-27T11:08:57.9253600Z   Preparing metadata (setup.py): started
2022-12-27T11:08:57.9257330Z   Running command python setup.py egg_info
2022-12-27T11:08:58.5265640Z   /private/var/folders/51/hd414ycd67n82196sw51xqtc0000gn/T/cibw-run-8r0jjvov/cp310-macosx_arm64/build/venv/lib/python3.10/site-packages/setuptools/_distutils/dist.py:265: UserWarning: Unknown distribution option: 'bugtrack_url'
2022-12-27T11:08:58.5267790Z     warnings.warn(msg)
2022-12-27T11:08:58.5440280Z   Building lxml version 3.4.3.
2022-12-27T11:08:58.5441880Z   Building without Cython.
2022-12-27T11:08:58.5446080Z   Using build configuration of libxslt 1.1.29
2022-12-27T11:08:58.5447300Z   Building against libxml2/libxslt in the following directory: /Library/Developer/CommandLineTools/SDKs/MacOSX12.1.sdk/usr/lib
2022-12-27T11:08:58.5449540Z   running egg_info
2022-12-27T11:08:58.5452740Z   creating /private/var/folders/51/hd414ycd67n82196sw51xqtc0000gn/T/pip-pip-egg-info-vjhyjm67/lxml.egg-info
2022-12-27T11:08:58.5458870Z   writing /private/var/folders/51/hd414ycd67n82196sw51xqtc0000gn/T/pip-pip-egg-info-vjhyjm67/lxml.egg-info/PKG-INFO
2022-12-27T11:08:58.5465280Z   writing dependency_links to /private/var/folders/51/hd414ycd67n82196sw51xqtc0000gn/T/pip-pip-egg-info-vjhyjm67/lxml.egg-info/dependency_links.txt
2022-12-27T11:08:58.5470670Z   writing requirements to /private/var/folders/51/hd414ycd67n82196sw51xqtc0000gn/T/pip-pip-egg-info-vjhyjm67/lxml.egg-info/requires.txt
2022-12-27T11:08:58.5472290Z   writing top-level names to /private/var/folders/51/hd414ycd67n82196sw51xqtc0000gn/T/pip-pip-egg-info-vjhyjm67/lxml.egg-info/top_level.txt
2022-12-27T11:08:58.5483960Z   writing manifest file '/private/var/folders/51/hd414ycd67n82196sw51xqtc0000gn/T/pip-pip-egg-info-vjhyjm67/lxml.egg-info/SOURCES.txt'
2022-12-27T11:08:58.5608230Z   reading manifest file '/private/var/folders/51/hd414ycd67n82196sw51xqtc0000gn/T/pip-pip-egg-info-vjhyjm67/lxml.egg-info/SOURCES.txt'
2022-12-27T11:08:58.5610520Z   reading manifest template 'MANIFEST.in'
2022-12-27T11:08:58.7502840Z   adding license file 'LICENSES.txt'
2022-12-27T11:08:58.7620100Z   writing manifest file '/private/var/folders/51/hd414ycd67n82196sw51xqtc0000gn/T/pip-pip-egg-info-vjhyjm67/lxml.egg-info/SOURCES.txt'
2022-12-27T11:08:58.8239730Z   Preparing metadata (setup.py): finished with status 'done'
2022-12-27T11:08:58.8282540Z   Source in /Users/runner/actions-runner/_work/python.build/python.build/build_lxml343310/lxml-3.4.3 has version 3.4.3, which satisfies requirement lxml==3.4.3 from file:///Users/runner/actions-runner/_work/python.build/python.build/build_lxml343310/lxml-3.4.3
2022-12-27T11:08:58.8285120Z   Removed lxml==3.4.3 from file:///Users/runner/actions-runner/_work/python.build/python.build/build_lxml343310/lxml-3.4.3 from build tracker '/private/var/folders/51/hd414ycd67n82196sw51xqtc0000gn/T/pip-build-tracker-w4x6dny_'
2022-12-27T11:08:58.8313800Z Created temporary directory: /private/var/folders/51/hd414ycd67n82196sw51xqtc0000gn/T/pip-unpack-pq8rez9t
2022-12-27T11:08:58.8316280Z Building wheels for collected packages: lxml
2022-12-27T11:08:58.8328410Z   Created temporary directory: /private/var/folders/51/hd414ycd67n82196sw51xqtc0000gn/T/pip-wheel-9ht2w7_t
2022-12-27T11:08:58.8330230Z   Building wheel for lxml (setup.py): started
2022-12-27T11:08:58.8333630Z   Destination directory: /private/var/folders/51/hd414ycd67n82196sw51xqtc0000gn/T/pip-wheel-9ht2w7_t
2022-12-27T11:08:58.8337060Z   Running command python setup.py bdist_wheel
2022-12-27T11:08:59.1900420Z   Building lxml version 3.4.3.
2022-12-27T11:08:59.1900900Z   Building without Cython.
2022-12-27T11:08:59.2170190Z   Using build configuration of libxslt 1.1.29
2022-12-27T11:08:59.4160880Z   Building against libxml2/libxslt in the following directory: /Library/Developer/CommandLineTools/SDKs/MacOSX12.1.sdk/usr/lib
2022-12-27T11:08:59.4276440Z   /private/var/folders/51/hd414ycd67n82196sw51xqtc0000gn/T/cibw-run-8r0jjvov/cp310-macosx_arm64/build/venv/lib/python3.10/site-packages/setuptools/_distutils/dist.py:265: UserWarning: Unknown distribution option: 'bugtrack_url'
2022-12-27T11:08:59.4277720Z     warnings.warn(msg)
2022-12-27T11:08:59.4572390Z   running bdist_wheel
2022-12-27T11:08:59.4629750Z   running build
2022-12-27T11:08:59.4631460Z   running build_py
2022-12-27T11:08:59.4661370Z   creating build
2022-12-27T11:08:59.4666360Z   creating build/lib.macosx-11.0-arm64-cpython-310
2022-12-27T11:08:59.4669630Z   creating build/lib.macosx-11.0-arm64-cpython-310/lxml
2022-12-27T11:08:59.4672610Z   copying src/lxml/_elementpath.py -> build/lib.macosx-11.0-arm64-cpython-310/lxml
2022-12-27T11:08:59.4674440Z   copying src/lxml/sax.py -> build/lib.macosx-11.0-arm64-cpython-310/lxml
2022-12-27T11:08:59.4676760Z   copying src/lxml/pyclasslookup.py -> build/lib.macosx-11.0-arm64-cpython-310/lxml
2022-12-27T11:08:59.4679490Z   copying src/lxml/__init__.py -> build/lib.macosx-11.0-arm64-cpython-310/lxml
2022-12-27T11:08:59.4684480Z   copying src/lxml/builder.py -> build/lib.macosx-11.0-arm64-cpython-310/lxml
2022-12-27T11:08:59.4690610Z   copying src/lxml/doctestcompare.py -> build/lib.macosx-11.0-arm64-cpython-310/lxml
2022-12-27T11:08:59.4693250Z   copying src/lxml/usedoctest.py -> build/lib.macosx-11.0-arm64-cpython-310/lxml
2022-12-27T11:08:59.4695410Z   copying src/lxml/cssselect.py -> build/lib.macosx-11.0-arm64-cpython-310/lxml
2022-12-27T11:08:59.4705840Z   copying src/lxml/ElementInclude.py -> build/lib.macosx-11.0-arm64-cpython-310/lxml
2022-12-27T11:08:59.4710430Z   creating build/lib.macosx-11.0-arm64-cpython-310/lxml/includes
2022-12-27T11:08:59.4715990Z   copying src/lxml/includes/__init__.py -> build/lib.macosx-11.0-arm64-cpython-310/lxml/includes
2022-12-27T11:08:59.4720730Z   creating build/lib.macosx-11.0-arm64-cpython-310/lxml/html
2022-12-27T11:08:59.4722910Z   copying src/lxml/html/soupparser.py -> build/lib.macosx-11.0-arm64-cpython-310/lxml/html
2022-12-27T11:08:59.4725450Z   copying src/lxml/html/defs.py -> build/lib.macosx-11.0-arm64-cpython-310/lxml/html
2022-12-27T11:08:59.4733340Z   copying src/lxml/html/_setmixin.py -> build/lib.macosx-11.0-arm64-cpython-310/lxml/html
2022-12-27T11:08:59.4737550Z   copying src/lxml/html/clean.py -> build/lib.macosx-11.0-arm64-cpython-310/lxml/html
2022-12-27T11:08:59.4742210Z   copying src/lxml/html/_diffcommand.py -> build/lib.macosx-11.0-arm64-cpython-310/lxml/html
2022-12-27T11:08:59.4747310Z   copying src/lxml/html/html5parser.py -> build/lib.macosx-11.0-arm64-cpython-310/lxml/html
2022-12-27T11:08:59.4751820Z   copying src/lxml/html/__init__.py -> build/lib.macosx-11.0-arm64-cpython-310/lxml/html
2022-12-27T11:08:59.4756620Z   copying src/lxml/html/formfill.py -> build/lib.macosx-11.0-arm64-cpython-310/lxml/html
2022-12-27T11:08:59.4759560Z   copying src/lxml/html/builder.py -> build/lib.macosx-11.0-arm64-cpython-310/lxml/html
2022-12-27T11:08:59.4762370Z   copying src/lxml/html/ElementSoup.py -> build/lib.macosx-11.0-arm64-cpython-310/lxml/html
2022-12-27T11:08:59.4771520Z   copying src/lxml/html/_html5builder.py -> build/lib.macosx-11.0-arm64-cpython-310/lxml/html
2022-12-27T11:08:59.4774520Z   copying src/lxml/html/usedoctest.py -> build/lib.macosx-11.0-arm64-cpython-310/lxml/html
2022-12-27T11:08:59.4776980Z   copying src/lxml/html/diff.py -> build/lib.macosx-11.0-arm64-cpython-310/lxml/html
2022-12-27T11:08:59.4919650Z   creating build/lib.macosx-11.0-arm64-cpython-310/lxml/isoschematron
2022-12-27T11:08:59.4920280Z   copying src/lxml/isoschematron/__init__.py -> build/lib.macosx-11.0-arm64-cpython-310/lxml/isoschematron
2022-12-27T11:08:59.4921030Z   copying src/lxml/lxml.etree.h -> build/lib.macosx-11.0-arm64-cpython-310/lxml
2022-12-27T11:08:59.4922150Z   copying src/lxml/lxml.etree_api.h -> build/lib.macosx-11.0-arm64-cpython-310/lxml
2022-12-27T11:08:59.4922810Z   copying src/lxml/includes/xmlerror.pxd -> build/lib.macosx-11.0-arm64-cpython-310/lxml/includes
2022-12-27T11:08:59.4923390Z   copying src/lxml/includes/c14n.pxd -> build/lib.macosx-11.0-arm64-cpython-310/lxml/includes
2022-12-27T11:08:59.4924010Z   copying src/lxml/includes/xmlschema.pxd -> build/lib.macosx-11.0-arm64-cpython-310/lxml/includes
2022-12-27T11:08:59.4924650Z   copying src/lxml/includes/schematron.pxd -> build/lib.macosx-11.0-arm64-cpython-310/lxml/includes
2022-12-27T11:08:59.4925150Z   copying src/lxml/includes/tree.pxd -> build/lib.macosx-11.0-arm64-cpython-310/lxml/includes
2022-12-27T11:08:59.4926620Z   copying src/lxml/includes/uri.pxd -> build/lib.macosx-11.0-arm64-cpython-310/lxml/includes
2022-12-27T11:08:59.4927130Z   copying src/lxml/includes/etreepublic.pxd -> build/lib.macosx-11.0-arm64-cpython-310/lxml/includes
2022-12-27T11:08:59.4927600Z   copying src/lxml/includes/xpath.pxd -> build/lib.macosx-11.0-arm64-cpython-310/lxml/includes
2022-12-27T11:08:59.4928200Z   copying src/lxml/includes/htmlparser.pxd -> build/lib.macosx-11.0-arm64-cpython-310/lxml/includes
2022-12-27T11:08:59.4928820Z   copying src/lxml/includes/xslt.pxd -> build/lib.macosx-11.0-arm64-cpython-310/lxml/includes
2022-12-27T11:08:59.4929420Z   copying src/lxml/includes/config.pxd -> build/lib.macosx-11.0-arm64-cpython-310/lxml/includes
2022-12-27T11:08:59.4930060Z   copying src/lxml/includes/xmlparser.pxd -> build/lib.macosx-11.0-arm64-cpython-310/lxml/includes
2022-12-27T11:08:59.4930610Z   copying src/lxml/includes/xinclude.pxd -> build/lib.macosx-11.0-arm64-cpython-310/lxml/includes
2022-12-27T11:08:59.4931250Z   copying src/lxml/includes/dtdvalid.pxd -> build/lib.macosx-11.0-arm64-cpython-310/lxml/includes
2022-12-27T11:08:59.4931870Z   copying src/lxml/includes/relaxng.pxd -> build/lib.macosx-11.0-arm64-cpython-310/lxml/includes
2022-12-27T11:08:59.4932510Z   copying src/lxml/includes/lxml-version.h -> build/lib.macosx-11.0-arm64-cpython-310/lxml/includes
2022-12-27T11:08:59.4933240Z   copying src/lxml/includes/etree_defs.h -> build/lib.macosx-11.0-arm64-cpython-310/lxml/includes
2022-12-27T11:08:59.4933870Z   creating build/lib.macosx-11.0-arm64-cpython-310/lxml/isoschematron/resources
2022-12-27T11:08:59.4934470Z   creating build/lib.macosx-11.0-arm64-cpython-310/lxml/isoschematron/resources/rng
2022-12-27T11:08:59.4935740Z   copying src/lxml/isoschematron/resources/rng/iso-schematron.rng -> build/lib.macosx-11.0-arm64-cpython-310/lxml/isoschematron/resources/rng
2022-12-27T11:08:59.4936520Z   creating build/lib.macosx-11.0-arm64-cpython-310/lxml/isoschematron/resources/xsl
2022-12-27T11:08:59.4939440Z   copying src/lxml/isoschematron/resources/xsl/XSD2Schtrn.xsl -> build/lib.macosx-11.0-arm64-cpython-310/lxml/isoschematron/resources/xsl
2022-12-27T11:08:59.4945950Z   copying src/lxml/isoschematron/resources/xsl/RNG2Schtrn.xsl -> build/lib.macosx-11.0-arm64-cpython-310/lxml/isoschematron/resources/xsl
2022-12-27T11:08:59.4948610Z   creating build/lib.macosx-11.0-arm64-cpython-310/lxml/isoschematron/resources/xsl/iso-schematron-xslt1
2022-12-27T11:08:59.4950960Z   copying src/lxml/isoschematron/resources/xsl/iso-schematron-xslt1/iso_abstract_expand.xsl -> build/lib.macosx-11.0-arm64-cpython-310/lxml/isoschematron/resources/xsl/iso-schematron-xslt1
2022-12-27T11:08:59.4956030Z   copying src/lxml/isoschematron/resources/xsl/iso-schematron-xslt1/iso_dsdl_include.xsl -> build/lib.macosx-11.0-arm64-cpython-310/lxml/isoschematron/resources/xsl/iso-schematron-xslt1
2022-12-27T11:08:59.4964200Z   copying src/lxml/isoschematron/resources/xsl/iso-schematron-xslt1/iso_schematron_skeleton_for_xslt1.xsl -> build/lib.macosx-11.0-arm64-cpython-310/lxml/isoschematron/resources/xsl/iso-schematron-xslt1
2022-12-27T11:08:59.4966650Z   copying src/lxml/isoschematron/resources/xsl/iso-schematron-xslt1/iso_svrl_for_xslt1.xsl -> build/lib.macosx-11.0-arm64-cpython-310/lxml/isoschematron/resources/xsl/iso-schematron-xslt1
2022-12-27T11:08:59.4972600Z   copying src/lxml/isoschematron/resources/xsl/iso-schematron-xslt1/iso_schematron_message.xsl -> build/lib.macosx-11.0-arm64-cpython-310/lxml/isoschematron/resources/xsl/iso-schematron-xslt1
2022-12-27T11:08:59.4979030Z   copying src/lxml/isoschematron/resources/xsl/iso-schematron-xslt1/readme.txt -> build/lib.macosx-11.0-arm64-cpython-310/lxml/isoschematron/resources/xsl/iso-schematron-xslt1
2022-12-27T11:08:59.5002630Z   running build_ext
2022-12-27T11:08:59.5208930Z   building 'lxml.etree' extension
2022-12-27T11:08:59.5209930Z   creating build/temp.macosx-11.0-arm64-cpython-310
2022-12-27T11:08:59.5213810Z   creating build/temp.macosx-11.0-arm64-cpython-310/src
2022-12-27T11:08:59.5214950Z   creating build/temp.macosx-11.0-arm64-cpython-310/src/lxml
2022-12-27T11:08:59.5220070Z   clang -Wno-unused-result -Wsign-compare -Wunreachable-code -fno-common -dynamic -DNDEBUG -g -fwrapv -O3 -Wall -g -I/usr/local/opt/openssl@3/include -I/usr/local/opt/openssl@3/include -arch arm64 -I/Library/Developer/CommandLineTools/SDKs/MacOSX12.1.sdk/usr/include -I/Users/runner/actions-runner/_work/python.build/python.build/build_lxml343310/lxml-3.4.3/src/lxml/includes -I/private/var/folders/51/hd414ycd67n82196sw51xqtc0000gn/T/cibw-run-8r0jjvov/cp310-macosx_arm64/build/venv/include -I/Library/Frameworks/Python.framework/Versions/3.10/include/python3.10 -c src/lxml/lxml.etree.c -o build/temp.macosx-11.0-arm64-cpython-310/src/lxml/lxml.etree.o -w -flat_namespace
2022-12-27T11:09:00.6117660Z   src/lxml/lxml.etree.c:180871:5: error: expression is not assignable
2022-12-27T11:09:00.6119940Z       ++Py_REFCNT(o);
2022-12-27T11:09:00.6124890Z       ^ ~~~~~~~~~~~~
2022-12-27T11:09:00.6130330Z   src/lxml/lxml.etree.c:180873:5: error: expression is not assignable
2022-12-27T11:09:00.6134180Z       --Py_REFCNT(o);
2022-12-27T11:09:00.6139310Z       ^ ~~~~~~~~~~~~
2022-12-27T11:09:00.6142740Z   src/lxml/lxml.etree.c:180987:5: error: expression is not assignable
2022-12-27T11:09:00.6146900Z       ++Py_REFCNT(o);
2022-12-27T11:09:00.6151220Z       ^ ~~~~~~~~~~~~
2022-12-27T11:09:00.6155430Z   src/lxml/lxml.etree.c:180989:5: error: expression is not assignable
2022-12-27T11:09:00.6159620Z       --Py_REFCNT(o);
2022-12-27T11:09:00.6164260Z       ^ ~~~~~~~~~~~~
2022-12-27T11:09:00.6181530Z   src/lxml/lxml.etree.c:181611:5: error: expression is not assignable
2022-12-27T11:09:00.6183300Z       ++Py_REFCNT(o);
2022-12-27T11:09:00.6189120Z       ^ ~~~~~~~~~~~~
2022-12-27T11:09:00.6192890Z   src/lxml/lxml.etree.c:181613:5: error: expression is not assignable
2022-12-27T11:09:00.6196110Z       --Py_REFCNT(o);
2022-12-27T11:09:00.6200430Z       ^ ~~~~~~~~~~~~
2022-12-27T11:09:00.6319320Z   src/lxml/lxml.etree.c:183847:5: error: expression is not assignable
2022-12-27T11:09:00.6322420Z       ++Py_REFCNT(o);
2022-12-27T11:09:00.6327260Z       ^ ~~~~~~~~~~~~
2022-12-27T11:09:00.6333450Z   src/lxml/lxml.etree.c:183849:5: error: expression is not assignable
2022-12-27T11:09:00.6335790Z       --Py_REFCNT(o);
2022-12-27T11:09:00.6340550Z       ^ ~~~~~~~~~~~~
2022-12-27T11:09:00.6592380Z   src/lxml/lxml.etree.c:187684:5: error: expression is not assignable
2022-12-27T11:09:00.6593720Z       ++Py_REFCNT(o);
2022-12-27T11:09:00.6599030Z       ^ ~~~~~~~~~~~~
2022-12-27T11:09:00.6603250Z   src/lxml/lxml.etree.c:187686:5: error: expression is not assignable
2022-12-27T11:09:00.6608210Z       --Py_REFCNT(o);
2022-12-27T11:09:00.6611820Z       ^ ~~~~~~~~~~~~
2022-12-27T11:09:00.6622130Z   src/lxml/lxml.etree.c:188037:5: error: expression is not assignable
2022-12-27T11:09:00.6626410Z       ++Py_REFCNT(o);
2022-12-27T11:09:00.6630530Z       ^ ~~~~~~~~~~~~
2022-12-27T11:09:00.6634800Z   src/lxml/lxml.etree.c:188039:5: error: expression is not assignable
2022-12-27T11:09:00.6639340Z       --Py_REFCNT(o);
2022-12-27T11:09:00.6643200Z       ^ ~~~~~~~~~~~~
2022-12-27T11:09:00.6647710Z   src/lxml/lxml.etree.c:188268:5: error: expression is not assignable
2022-12-27T11:09:00.6651940Z       ++Py_REFCNT(o);
2022-12-27T11:09:00.6655910Z       ^ ~~~~~~~~~~~~
2022-12-27T11:09:00.6659650Z   src/lxml/lxml.etree.c:188270:5: error: expression is not assignable
2022-12-27T11:09:00.6661540Z       --Py_REFCNT(o);
2022-12-27T11:09:00.6663630Z       ^ ~~~~~~~~~~~~
2022-12-27T11:09:00.6665910Z   src/lxml/lxml.etree.c:188378:5: error: expression is not assignable
2022-12-27T11:09:00.6667810Z       ++Py_REFCNT(o);
2022-12-27T11:09:00.6669970Z       ^ ~~~~~~~~~~~~
2022-12-27T11:09:00.6672170Z   src/lxml/lxml.etree.c:188380:5: error: expression is not assignable
2022-12-27T11:09:00.6674360Z       --Py_REFCNT(o);
2022-12-27T11:09:00.6676320Z       ^ ~~~~~~~~~~~~
2022-12-27T11:09:00.6761030Z   src/lxml/lxml.etree.c:189810:5: error: expression is not assignable
2022-12-27T11:09:00.6764230Z       ++Py_REFCNT(o);
2022-12-27T11:09:00.6768340Z       ^ ~~~~~~~~~~~~
2022-12-27T11:09:00.6770860Z   src/lxml/lxml.etree.c:189812:5: error: expression is not assignable
2022-12-27T11:09:00.6773230Z       --Py_REFCNT(o);
2022-12-27T11:09:00.6775170Z       ^ ~~~~~~~~~~~~
2022-12-27T11:09:00.6880330Z   src/lxml/lxml.etree.c:191118:5: error: expression is not assignable
2022-12-27T11:09:00.6883130Z       ++Py_REFCNT(o);
2022-12-27T11:09:00.6884800Z       ^ ~~~~~~~~~~~~
2022-12-27T11:09:00.6888210Z   fatal error: too many errors emitted, stopping now [-ferror-limit=]
2022-12-27T11:09:00.8342430Z   20 errors generated.
2022-12-27T11:09:00.8426200Z   error: command '/usr/bin/clang' failed with exit code 1
2022-12-27T11:09:00.9262470Z   error: subprocess-exited-with-error
2022-12-27T11:09:00.9263640Z   
2022-12-27T11:09:00.9264770Z   Ã— python setup.py bdist_wheel did not run successfully.
2022-12-27T11:09:00.9265970Z   â”‚ exit code: 1
2022-12-27T11:09:00.9267030Z   â•°â”€> See above for output.
2022-12-27T11:09:00.9267760Z   
2022-12-27T11:09:00.9268540Z   note: This error originates from a subprocess, and is likely not a problem with pip.
2022-12-27T11:09:00.9274460Z   full command: /private/var/folders/51/hd414ycd67n82196sw51xqtc0000gn/T/cibw-run-8r0jjvov/cp310-macosx_arm64/build/venv/bin/python -u -c '
2022-12-27T11:09:00.9275090Z   exec(compile('"'"''"'"''"'"'
2022-12-27T11:09:00.9275580Z   # This is <pip-setuptools-caller> -- a caller that pip uses to run setup.py
2022-12-27T11:09:00.9275970Z   #
2022-12-27T11:09:00.9276580Z   # - It imports setuptools before invoking setup.py, to enable projects that directly
2022-12-27T11:09:00.9277110Z   #   import from `distutils.core` to work with newer packaging standards.
2022-12-27T11:09:00.9278670Z   # - It provides a clear error message when setuptools is not installed.
2022-12-27T11:09:00.9279350Z   # - It sets `sys.argv[0]` to the underlying `setup.py`, when invoking `setup.py` so
2022-12-27T11:09:00.9280000Z   #   setuptools doesn'"'"'t think the script is `-c`. This avoids the following warning:
2022-12-27T11:09:00.9280490Z   #     manifest_maker: standard file '"'"'-c'"'"' not found".
2022-12-27T11:09:00.9281030Z   # - It generates a shim setup.py, for handling setup.cfg-only projects.
2022-12-27T11:09:00.9281450Z   import os, sys, tokenize
2022-12-27T11:09:00.9281790Z   
2022-12-27T11:09:00.9282020Z   try:
2022-12-27T11:09:00.9282330Z       import setuptools
2022-12-27T11:09:00.9282660Z   except ImportError as error:
2022-12-27T11:09:00.9282920Z       print(
2022-12-27T11:09:00.9283310Z           "ERROR: Can not execute `setup.py` since setuptools is not available in "
2022-12-27T11:09:00.9283740Z           "the build environment.",
2022-12-27T11:09:00.9284020Z           file=sys.stderr,
2022-12-27T11:09:00.9284340Z       )
2022-12-27T11:09:00.9284670Z       sys.exit(1)
2022-12-27T11:09:00.9284890Z   
2022-12-27T11:09:00.9285210Z   __file__ = %r
2022-12-27T11:09:00.9285500Z   sys.argv[0] = __file__
2022-12-27T11:09:00.9285750Z   
2022-12-27T11:09:00.9286030Z   if os.path.exists(__file__):
2022-12-27T11:09:00.9286310Z       filename = __file__
2022-12-27T11:09:00.9286580Z       with tokenize.open(__file__) as f:
2022-12-27T11:09:00.9286860Z           setup_py_code = f.read()
2022-12-27T11:09:00.9287350Z   else:
2022-12-27T11:09:00.9288030Z       filename = "<auto-generated setuptools caller>"
2022-12-27T11:09:00.9288800Z       setup_py_code = "from setuptools import setup; setup()"
2022-12-27T11:09:00.9289450Z   
2022-12-27T11:09:00.9289950Z   exec(compile(setup_py_code, filename, "exec"))
2022-12-27T11:09:00.9291540Z   '"'"''"'"''"'"' % ('"'"'/Users/runner/actions-runner/_work/python.build/python.build/build_lxml343310/lxml-3.4.3/setup.py'"'"',), "<pip-setuptools-caller>", "exec"))' bdist_wheel -d /private/var/folders/51/hd414ycd67n82196sw51xqtc0000gn/T/pip-wheel-9ht2w7_t
2022-12-27T11:09:00.9293030Z   cwd: /Users/runner/actions-runner/_work/python.build/python.build/build_lxml343310/lxml-3.4.3/
2022-12-27T11:09:00.9294800Z   Building wheel for lxml (setup.py): finished with status 'error'
2022-12-27T11:09:00.9295570Z   ERROR: Failed building wheel for lxml
2022-12-27T11:09:00.9296180Z   Running command python setup.py clean
2022-12-27T11:09:00.9297060Z   Running setup.py clean for lxml
2022-12-27T11:09:01.2686370Z   Building lxml version 3.4.3.
2022-12-27T11:09:01.2687700Z   Building without Cython.
2022-12-27T11:09:01.2958570Z   Using build configuration of libxslt 1.1.29
2022-12-27T11:09:01.4898820Z   Building against libxml2/libxslt in the following directory: /Library/Developer/CommandLineTools/SDKs/MacOSX12.1.sdk/usr/lib
2022-12-27T11:09:01.5015410Z   /private/var/folders/51/hd414ycd67n82196sw51xqtc0000gn/T/cibw-run-8r0jjvov/cp310-macosx_arm64/build/venv/lib/python3.10/site-packages/setuptools/_distutils/dist.py:265: UserWarning: Unknown distribution option: 'bugtrack_url'
2022-12-27T11:09:01.5017340Z     warnings.warn(msg)
2022-12-27T11:09:01.5161220Z   running clean
2022-12-27T11:09:01.5200730Z   removing 'build/temp.macosx-11.0-arm64-cpython-310' (and everything under it)
2022-12-27T11:09:01.5201870Z   removing 'build/lib.macosx-11.0-arm64-cpython-310' (and everything under it)
2022-12-27T11:09:01.5299530Z   'build/bdist.macosx-11.0-arm64' does not exist -- can't clean it
2022-12-27T11:09:01.5300550Z   'build/scripts-3.10' does not exist -- can't clean it
2022-12-27T11:09:01.5303860Z   removing 'build'
2022-12-27T11:09:01.5897500Z Failed to build lxml
2022-12-27T11:09:01.5903020Z ERROR: Failed to build one or more wheels
2022-12-27T11:09:01.5916890Z Exception information:
2022-12-27T11:09:01.5917640Z Traceback (most recent call last):
2022-12-27T11:09:01.5934350Z   File "/private/var/folders/51/hd414ycd67n82196sw51xqtc0000gn/T/cibw-run-8r0jjvov/cp310-macosx_arm64/build/venv/lib/python3.10/site-packages/pip/_internal/cli/base_command.py", line 160, in exc_logging_wrapper
2022-12-27T11:09:01.5934990Z     status = run_func(*args)
2022-12-27T11:09:01.5935720Z   File "/private/var/folders/51/hd414ycd67n82196sw51xqtc0000gn/T/cibw-run-8r0jjvov/cp310-macosx_arm64/build/venv/lib/python3.10/site-packages/pip/_internal/cli/req_command.py", line 247, in wrapper
2022-12-27T11:09:01.5936230Z     return func(self, options, args)
2022-12-27T11:09:01.5937150Z   File "/private/var/folders/51/hd414ycd67n82196sw51xqtc0000gn/T/cibw-run-8r0jjvov/cp310-macosx_arm64/build/venv/lib/python3.10/site-packages/pip/_internal/commands/wheel.py", line 201, in run
2022-12-27T11:09:01.5937770Z     raise CommandError("Failed to build one or more wheels")
2022-12-27T11:09:01.5938240Z pip._internal.exceptions.CommandError: Failed to build one or more wheels
2022-12-27T11:09:01.5938810Z Removed build tracker: '/private/var/folders/51/hd414ycd67n82196sw51xqtc0000gn/T/pip-build-tracker-w4x6dny_'
2022-12-27T11:09:01.6714480Z ##[endgroup]
2022-12-27T11:09:01.6749420Z ##[error]Command ['python', '-m', 'pip', 'wheel', '/Users/runner/actions-runner/_work/python.build/python.build/build_lxml343310/lxml-3.4.3', '--wheel-dir=/private/var/folders/51/hd414ycd67n82196sw51xqtc0000gn/T/cibw-run-8r0jjvov/cp310-macosx_arm64/built_wheel', '--no-deps', '-vvv'] failed with code 1. None
2022-12-27T11:09:01.6759100Z 
2022-12-27T11:09:01.6759630Z                                                               [31mâœ• [0m4.19s
2022-12-27T11:09:01.7638350Z ##[error]Process completed with exit code 1.
2022-12-27T11:09:01.7696640Z ##[group]Run rm -rf build_lxml343310 wheelsout
2022-12-27T11:09:01.7696950Z [36;1mrm -rf build_lxml343310 wheelsout[0m
2022-12-27T11:09:01.7724870Z shell: /bin/bash -e {0}
2022-12-27T11:09:01.7725070Z env:
2022-12-27T11:09:01.7725310Z   pythonLocation: /Users/runner/hostedtoolcache/Python/3.10.9/x64
2022-12-27T11:09:01.7725610Z   PKG_CONFIG_PATH: /Users/runner/hostedtoolcache/Python/3.10.9/x64/lib/pkgconfig
2022-12-27T11:09:01.7725930Z   Python_ROOT_DIR: /Users/runner/hostedtoolcache/Python/3.10.9/x64
2022-12-27T11:09:01.7726220Z   Python2_ROOT_DIR: /Users/runner/hostedtoolcache/Python/3.10.9/x64
2022-12-27T11:09:01.7726520Z   Python3_ROOT_DIR: /Users/runner/hostedtoolcache/Python/3.10.9/x64
2022-12-27T11:09:01.7727040Z ##[endgroup]
2022-12-27T11:09:01.8825700Z Cleaning up orphan processes
