2022-12-27T01:50:54.5924640Z Requested labels: self-hosted, macOS, X64
2022-12-27T01:50:54.5924709Z Job defined at: kilnbuild/python.build/.github/workflows/mac_arm_build.yml@refs/heads/main
2022-12-27T01:50:54.5924736Z Waiting for a runner to pick up this job...
2022-12-27T01:53:29.8242424Z Job is about to start running on the runner: s1 (organization)
2022-12-27T01:53:33.4100960Z Current runner version: '2.300.2'
2022-12-27T01:53:33.4106120Z Runner name: 's1'
2022-12-27T01:53:33.4106370Z Runner group name: 'Default'
2022-12-27T01:53:33.4106800Z Machine name: 's1'
2022-12-27T01:53:33.4108330Z ##[group]GITHUB_TOKEN Permissions
2022-12-27T01:53:33.4108740Z Actions: write
2022-12-27T01:53:33.4108880Z Checks: write
2022-12-27T01:53:33.4109010Z Contents: write
2022-12-27T01:53:33.4109160Z Deployments: write
2022-12-27T01:53:33.4109300Z Discussions: write
2022-12-27T01:53:33.4109430Z Issues: write
2022-12-27T01:53:33.4109560Z Metadata: read
2022-12-27T01:53:33.4109690Z Packages: write
2022-12-27T01:53:33.4109830Z Pages: write
2022-12-27T01:53:33.4109970Z PullRequests: write
2022-12-27T01:53:33.4110130Z RepositoryProjects: write
2022-12-27T01:53:33.4110300Z SecurityEvents: write
2022-12-27T01:53:33.4110440Z Statuses: write
2022-12-27T01:53:33.4110570Z ##[endgroup]
2022-12-27T01:53:33.4113080Z Secret source: Actions
2022-12-27T01:53:33.4113390Z Prepare workflow directory
2022-12-27T01:53:33.4798640Z Prepare all required actions
2022-12-27T01:53:33.4924280Z Getting action download info
2022-12-27T01:53:33.9140570Z Download action repository 'actions/setup-python@v4' (SHA:5ccb29d8773c3f3f653e1705f474dfaa8a06a912)
2022-12-27T01:53:36.5771260Z Download action repository 'actions/upload-artifact@v3' (SHA:83fd05a356d7e2593de66fc9913b3002723633cb)
2022-12-27T01:53:37.8552670Z ##[group]Run echo '{
2022-12-27T01:53:37.8552990Z [36;1mecho '{[0m
2022-12-27T01:53:37.8553230Z [36;1m  "environment_variables": "GRPC_PYTHON_BUILD_WITH_CYTHON=1 GRPC_BUILD_WITH_BORING_SSL_ASM='' GRPC_PYTHON_BUILD_SYSTEM_OPENSSL=TRUE",[0m
2022-12-27T01:53:37.8553440Z [36;1m  "package_name": "grpcio",[0m
2022-12-27T01:53:37.8553740Z [36;1m  "package_url": "https://files.pythonhosted.org/packages/bd/4f/c6bc9d402ac9042853ec36d732d9de0a0a399ceb64a317f7eaacc10957eb/grpcio-1.6.0.tar.gz",[0m
2022-12-27T01:53:37.8553970Z [36;1m  "package_version": "1.6.0",[0m
2022-12-27T01:53:37.8554100Z [36;1m  "python_version": "3.11",[0m
2022-12-27T01:53:37.8554220Z [36;1m  "use_ccache": "true"[0m
2022-12-27T01:53:37.8554330Z [36;1m}'[0m
2022-12-27T01:53:37.8570570Z shell: /bin/bash -e {0}
2022-12-27T01:53:37.8570710Z ##[endgroup]
2022-12-27T01:53:37.8790310Z {
2022-12-27T01:53:37.8791850Z   "environment_variables": "GRPC_PYTHON_BUILD_WITH_CYTHON=1 GRPC_BUILD_WITH_BORING_SSL_ASM= GRPC_PYTHON_BUILD_SYSTEM_OPENSSL=TRUE",
2022-12-27T01:53:37.8792160Z   "package_name": "grpcio",
2022-12-27T01:53:37.8792820Z   "package_url": "https://files.pythonhosted.org/packages/bd/4f/c6bc9d402ac9042853ec36d732d9de0a0a399ceb64a317f7eaacc10957eb/grpcio-1.6.0.tar.gz",
2022-12-27T01:53:37.8793120Z   "package_version": "1.6.0",
2022-12-27T01:53:37.8793300Z   "python_version": "3.11",
2022-12-27T01:53:37.8793460Z   "use_ccache": "true"
2022-12-27T01:53:37.8793620Z }
2022-12-27T01:53:37.9009520Z ##[group]Run actions/setup-python@v4
2022-12-27T01:53:37.9009790Z with:
2022-12-27T01:53:37.9009950Z   python-version: 3.11
2022-12-27T01:53:37.9010140Z   check-latest: false
2022-12-27T01:53:37.9010480Z   token: ***
2022-12-27T01:53:37.9010720Z   update-environment: true
2022-12-27T01:53:37.9010880Z ##[endgroup]
2022-12-27T01:53:38.0296840Z ##[group]Installed versions
2022-12-27T01:53:38.0332670Z Successfully set up CPython (3.11.1)
2022-12-27T01:53:38.0333500Z ##[endgroup]
2022-12-27T01:53:38.0484690Z ##[group]Run if [ "true" == "true" ]
2022-12-27T01:53:38.0485010Z [36;1mif [ "true" == "true" ][0m
2022-12-27T01:53:38.0485210Z [36;1mthen[0m
2022-12-27T01:53:38.0485430Z [36;1m  echo "CCACHE_PATH_PREPEND=/usr/local/opt/ccache/libexec" >> $GITHUB_OUTPUT[0m
2022-12-27T01:53:38.0485890Z [36;1melse[0m
2022-12-27T01:53:38.0486090Z [36;1m  echo "CCACHE_PATH_PREPEND=" >> $GITHUB_OUTPUT[0m
2022-12-27T01:53:38.0486280Z [36;1mfi[0m
2022-12-27T01:53:38.0504340Z shell: /bin/bash -e {0}
2022-12-27T01:53:38.0504520Z env:
2022-12-27T01:53:38.0504820Z   pythonLocation: /Users/runner/hostedtoolcache/Python/3.11.1/x64
2022-12-27T01:53:38.0505090Z   PKG_CONFIG_PATH: /Users/runner/hostedtoolcache/Python/3.11.1/x64/lib/pkgconfig
2022-12-27T01:53:38.0505640Z   Python_ROOT_DIR: /Users/runner/hostedtoolcache/Python/3.11.1/x64
2022-12-27T01:53:38.0505890Z   Python2_ROOT_DIR: /Users/runner/hostedtoolcache/Python/3.11.1/x64
2022-12-27T01:53:38.0506210Z   Python3_ROOT_DIR: /Users/runner/hostedtoolcache/Python/3.11.1/x64
2022-12-27T01:53:38.0506390Z ##[endgroup]
2022-12-27T01:53:38.0621070Z ##[group]Run echo "BUILD_NAME=$(echo grpcio_1.6.0_3.11 | tr -dc '[:alnum:]\n\r' | tr '[:upper:]' '[:lower:]')" >> $GITHUB_OUTPUT
2022-12-27T01:53:38.0621560Z [36;1mecho "BUILD_NAME=$(echo grpcio_1.6.0_3.11 | tr -dc '[:alnum:]\n\r' | tr '[:upper:]' '[:lower:]')" >> $GITHUB_OUTPUT[0m
2022-12-27T01:53:38.0636780Z shell: /bin/bash -e {0}
2022-12-27T01:53:38.0637040Z env:
2022-12-27T01:53:38.0637280Z   pythonLocation: /Users/runner/hostedtoolcache/Python/3.11.1/x64
2022-12-27T01:53:38.0637560Z   PKG_CONFIG_PATH: /Users/runner/hostedtoolcache/Python/3.11.1/x64/lib/pkgconfig
2022-12-27T01:53:38.0637820Z   Python_ROOT_DIR: /Users/runner/hostedtoolcache/Python/3.11.1/x64
2022-12-27T01:53:38.0638090Z   Python2_ROOT_DIR: /Users/runner/hostedtoolcache/Python/3.11.1/x64
2022-12-27T01:53:38.0638400Z   Python3_ROOT_DIR: /Users/runner/hostedtoolcache/Python/3.11.1/x64
2022-12-27T01:53:38.0638610Z ##[endgroup]
2022-12-27T01:53:38.0781710Z ##[group]Run echo "PYTHON_NO_DOTS=$(echo 3.11 | tr -dc '[:alnum:]\n\r' | tr '[:upper:]' '[:lower:]')" >> $GITHUB_OUTPUT
2022-12-27T01:53:38.0782010Z [36;1mecho "PYTHON_NO_DOTS=$(echo 3.11 | tr -dc '[:alnum:]\n\r' | tr '[:upper:]' '[:lower:]')" >> $GITHUB_OUTPUT[0m
2022-12-27T01:53:38.0797210Z shell: /bin/bash -e {0}
2022-12-27T01:53:38.0797420Z env:
2022-12-27T01:53:38.0797630Z   pythonLocation: /Users/runner/hostedtoolcache/Python/3.11.1/x64
2022-12-27T01:53:38.0797880Z   PKG_CONFIG_PATH: /Users/runner/hostedtoolcache/Python/3.11.1/x64/lib/pkgconfig
2022-12-27T01:53:38.0798140Z   Python_ROOT_DIR: /Users/runner/hostedtoolcache/Python/3.11.1/x64
2022-12-27T01:53:38.0798390Z   Python2_ROOT_DIR: /Users/runner/hostedtoolcache/Python/3.11.1/x64
2022-12-27T01:53:38.0798630Z   Python3_ROOT_DIR: /Users/runner/hostedtoolcache/Python/3.11.1/x64
2022-12-27T01:53:38.0798820Z ##[endgroup]
2022-12-27T01:53:38.0909850Z ##[group]Run rm -rf build_grpcio160311
2022-12-27T01:53:38.0910190Z [36;1mrm -rf build_grpcio160311[0m
2022-12-27T01:53:38.0910360Z [36;1mmkdir build_grpcio160311[0m
2022-12-27T01:53:38.0910550Z [36;1mcd build_grpcio160311[0m
2022-12-27T01:53:38.0910920Z [36;1m/usr/local/bin/wget --quiet https://files.pythonhosted.org/packages/bd/4f/c6bc9d402ac9042853ec36d732d9de0a0a399ceb64a317f7eaacc10957eb/grpcio-1.6.0.tar.gz[0m
2022-12-27T01:53:38.0911210Z [36;1mtar xf *.tar.gz[0m
2022-12-27T01:53:38.0911380Z [36;1mcd grpcio-*/[0m
2022-12-27T01:53:38.0911580Z [36;1mpython -m pip install cibuildwheel==2.11.3[0m
2022-12-27T01:53:38.0911840Z [36;1mpython -m cibuildwheel --output-dir ../wheelsout[0m
2022-12-27T01:53:38.0927130Z shell: /bin/bash -e {0}
2022-12-27T01:53:38.0927340Z env:
2022-12-27T01:53:38.0927600Z   pythonLocation: /Users/runner/hostedtoolcache/Python/3.11.1/x64
2022-12-27T01:53:38.0927930Z   PKG_CONFIG_PATH: /Users/runner/hostedtoolcache/Python/3.11.1/x64/lib/pkgconfig
2022-12-27T01:53:38.0928190Z   Python_ROOT_DIR: /Users/runner/hostedtoolcache/Python/3.11.1/x64
2022-12-27T01:53:38.0928420Z   Python2_ROOT_DIR: /Users/runner/hostedtoolcache/Python/3.11.1/x64
2022-12-27T01:53:38.0928660Z   Python3_ROOT_DIR: /Users/runner/hostedtoolcache/Python/3.11.1/x64
2022-12-27T01:53:38.0928880Z   CIBW_ARCHS_MACOS: arm64
2022-12-27T01:53:38.0929050Z   CIBW_TEST_SKIP: *_arm64
2022-12-27T01:53:38.0929230Z   CIBW_BUILD: cp311-macosx_arm64
2022-12-27T01:53:38.0929390Z   CIBW_BUILD_FRONTEND: pip
2022-12-27T01:53:38.0929560Z   CIBW_BUILD_VERBOSITY: 3
2022-12-27T01:53:38.0929980Z   CIBW_ENVIRONMENT_MACOS: GRPC_PYTHON_BUILD_WITH_CYTHON=1 GRPC_BUILD_WITH_BORING_SSL_ASM='' GRPC_PYTHON_BUILD_SYSTEM_OPENSSL=TRUE CFLAGS="-I/usr/local/opt/openssl@3/include" LDFLAGS="-L/usr/local/opt/openssl@3/lib" CPPFLAGS="-I/usr/local/opt/openssl@3/include" MAKEFLAGS="-j$(sysctl -n hw.logicalcpu)" PATH=/usr/local/opt/ccache/libexec:$PATH
2022-12-27T01:53:38.0930630Z   CIBW_BEFORE_BUILD: pip install Cython; if [[ -f requirements.txt ]]; then pip install -r requirements.txt; fi
2022-12-27T01:53:38.0930850Z   MAKEFLAGS: -j$(sysctl -n hw.logicalcpu)
2022-12-27T01:53:38.0931030Z ##[endgroup]
2022-12-27T01:53:39.4963100Z Requirement already satisfied: cibuildwheel==2.11.3 in /Library/Frameworks/Python.framework/Versions/3.11/lib/python3.11/site-packages (2.11.3)
2022-12-27T01:53:39.5273090Z Requirement already satisfied: bashlex!=0.13 in /Library/Frameworks/Python.framework/Versions/3.11/lib/python3.11/site-packages (from cibuildwheel==2.11.3) (0.16)
2022-12-27T01:53:39.5280050Z Requirement already satisfied: bracex in /Library/Frameworks/Python.framework/Versions/3.11/lib/python3.11/site-packages (from cibuildwheel==2.11.3) (2.3.post1)
2022-12-27T01:53:39.5287030Z Requirement already satisfied: certifi in /Library/Frameworks/Python.framework/Versions/3.11/lib/python3.11/site-packages (from cibuildwheel==2.11.3) (2022.12.7)
2022-12-27T01:53:39.5293630Z Requirement already satisfied: filelock in /Library/Frameworks/Python.framework/Versions/3.11/lib/python3.11/site-packages (from cibuildwheel==2.11.3) (3.8.2)
2022-12-27T01:53:39.5302620Z Requirement already satisfied: packaging>=20.9 in /Library/Frameworks/Python.framework/Versions/3.11/lib/python3.11/site-packages (from cibuildwheel==2.11.3) (22.0)
2022-12-27T01:53:39.5311080Z Requirement already satisfied: platformdirs in /Library/Frameworks/Python.framework/Versions/3.11/lib/python3.11/site-packages (from cibuildwheel==2.11.3) (2.6.0)
2022-12-27T01:53:39.7645200Z 
2022-12-27T01:53:39.7645570Z      _ _       _ _   _       _           _
2022-12-27T01:53:39.7646020Z  ___|_| |_ _ _|_| |_| |_ _ _| |_ ___ ___| |
2022-12-27T01:53:39.7646940Z |  _| | . | | | | | . | | | |   | -_| -_| |
2022-12-27T01:53:39.7647190Z |___|_|___|___|_|_|___|_____|_|_|___|___|_|
2022-12-27T01:53:39.7647350Z 
2022-12-27T01:53:39.7647480Z cibuildwheel version 2.11.3
2022-12-27T01:53:39.7647640Z 
2022-12-27T01:53:39.7647730Z Build options:
2022-12-27T01:53:39.7649190Z   platform: macos
2022-12-27T01:53:39.7795970Z   architectures: arm64[0m
2022-12-27T01:53:39.7796480Z   build_selector: 
2022-12-27T01:53:39.7797010Z     build_config: cp311-macosx_arm64
2022-12-27T01:53:39.7797270Z     skip_config: 
2022-12-27T01:53:39.7797460Z     requires_python: None
2022-12-27T01:53:39.7797770Z     prerelease_pythons: False[0m
2022-12-27T01:53:39.7798250Z   [38;5;244mcontainer_engine: docker[0m
2022-12-27T01:53:39.7798630Z   output_dir: /Users/runner/actions-runner/_work/python.build/python.build/build_grpcio160311/wheelsout[0m
2022-12-27T01:53:39.7799120Z   package_dir: /Users/runner/actions-runner/_work/python.build/python.build/build_grpcio160311/grpcio-1.6.0[0m
2022-12-27T01:53:39.7799540Z   test_selector: 
2022-12-27T01:53:39.7799840Z     skip_config: *_arm64[0m
2022-12-27T01:53:39.7800080Z   [38;5;244mbefore_all: [0m
2022-12-27T01:53:39.7800600Z   before_build: pip install Cython; if [[ -f requirements.txt ]]; then pip install -r requirements.txt; fi[0m
2022-12-27T01:53:39.7801120Z   [38;5;244mbefore_test: [0m
2022-12-27T01:53:39.7801380Z   [38;5;244mbuild_frontend: pip[0m
2022-12-27T01:53:39.7801660Z   build_verbosity: 3[0m
2022-12-27T01:53:39.7801950Z   [38;5;244mconfig_settings: [0m
2022-12-27T01:53:39.7802230Z   [38;5;244mdependency_constraints: pinned[0m
2022-12-27T01:53:39.7802610Z   environment: 
2022-12-27T01:53:39.7802860Z     GRPC_PYTHON_BUILD_WITH_CYTHON=1
2022-12-27T01:53:39.7803100Z     GRPC_BUILD_WITH_BORING_SSL_ASM=''
2022-12-27T01:53:39.7803370Z     GRPC_PYTHON_BUILD_SYSTEM_OPENSSL=TRUE
2022-12-27T01:53:39.7803830Z     CFLAGS="-I/usr/local/opt/openssl@3/include"
2022-12-27T01:53:39.7804170Z     LDFLAGS="-L/usr/local/opt/openssl@3/lib"
2022-12-27T01:53:39.7804460Z     CPPFLAGS="-I/usr/local/opt/openssl@3/include"
2022-12-27T01:53:39.7804800Z     MAKEFLAGS="-j$(sysctl -n hw.logicalcpu)"
2022-12-27T01:53:39.7805450Z     PATH=/usr/local/opt/ccache/libexec:$PATH[0m
2022-12-27T01:53:39.7805900Z   [38;5;244mmanylinux_images: None[0m
2022-12-27T01:53:39.7806220Z   [38;5;244mmusllinux_images: None[0m
2022-12-27T01:53:39.7806630Z   [38;5;244mrepair_command: delocate-wheel --require-archs {delocate_archs} -w {dest_dir} -v {wheel}[0m
2022-12-27T01:53:39.7806930Z   [38;5;244mtest_command: [0m
2022-12-27T01:53:39.7807210Z   [38;5;244mtest_extras: [0m
2022-12-27T01:53:39.7807630Z   [38;5;244mtest_requires: [0m
2022-12-27T01:53:39.7807780Z 
2022-12-27T01:53:39.7807920Z Cache folder: /Users/runner/Library/Caches/cibuildwheel
2022-12-27T01:53:39.7818560Z 
2022-12-27T01:53:39.7818860Z Here we go!
2022-12-27T01:53:39.7819070Z 
2022-12-27T01:53:39.7870450Z 
2022-12-27T01:53:39.7870970Z [1m[34mBuilding cp311-macosx_arm64 wheel[0m
2022-12-27T01:53:39.7871490Z CPython 3.11 macOS arm64 - Apple Silicon
2022-12-27T01:53:39.7871660Z 
2022-12-27T01:53:39.7873730Z ##[group]Installing Python cp311...
2022-12-27T01:53:39.7873930Z 
2022-12-27T01:53:39.7874260Z + pkgutil --pkgs
2022-12-27T01:53:39.7977280Z ##[endgroup]
2022-12-27T01:53:39.7978160Z                                                               [32mâœ“ [0m0.01s
2022-12-27T01:53:39.7978620Z ##[group]Setting up build environment...
2022-12-27T01:53:39.7978750Z 
2022-12-27T01:53:39.7995330Z + /Library/Frameworks/Python.framework/Versions/3.11/bin/python -sS /Users/runner/Library/Caches/cibuildwheel/virtualenv-20.17.0.pyz --activators= --no-periodic-update --pip=22.3.1 --setuptools=65.6.3 --wheel=0.38.4 --symlink-app-data --python /Library/Frameworks/Python.framework/Versions/3.11/bin/python3 /private/var/folders/51/hd414ycd67n82196sw51xqtc0000gn/T/cibw-run-hneeyiu3/cp311-macosx_arm64/build/venv
2022-12-27T01:53:39.9868130Z created virtual environment CPython3.11.1.final.0-64 in 47ms
2022-12-27T01:53:39.9868630Z   creator CPython3Posix(dest=/private/var/folders/51/hd414ycd67n82196sw51xqtc0000gn/T/cibw-run-hneeyiu3/cp311-macosx_arm64/build/venv, clear=False, no_vcs_ignore=False, global=False)
2022-12-27T01:53:39.9869430Z   seeder FromAppData(download=False, pip=22.3.1, setuptools=65.6.3, wheel=0.38.4, via=symlink, app_data_dir=/Users/runner/Library/Application Support/virtualenv)
2022-12-27T01:53:39.9869810Z     added seed packages: pip==22.3.1, setuptools==65.6.3, wheel==0.38.4
2022-12-27T01:53:40.0003160Z + python -m pip install --upgrade pip -c /Library/Frameworks/Python.framework/Versions/3.11/lib/python3.11/site-packages/cibuildwheel/resources/constraints-python311.txt
2022-12-27T01:53:40.2750510Z Requirement already satisfied: pip in ./lib/python3.11/site-packages (22.3.1)
2022-12-27T01:53:40.4054760Z + which pip
2022-12-27T01:53:40.4071740Z /private/var/folders/51/hd414ycd67n82196sw51xqtc0000gn/T/cibw-run-hneeyiu3/cp311-macosx_arm64/build/venv/bin/pip
2022-12-27T01:53:40.4074180Z + pip --version
2022-12-27T01:53:40.6083630Z pip 22.3.1 from /private/var/folders/51/hd414ycd67n82196sw51xqtc0000gn/T/cibw-run-hneeyiu3/cp311-macosx_arm64/build/venv/lib/python3.11/site-packages/pip (python 3.11)
2022-12-27T01:53:40.6329800Z + which pip
2022-12-27T01:53:40.6356130Z + which python
2022-12-27T01:53:40.6373420Z /private/var/folders/51/hd414ycd67n82196sw51xqtc0000gn/T/cibw-run-hneeyiu3/cp311-macosx_arm64/build/venv/bin/python
2022-12-27T01:53:40.6375960Z + python --version
2022-12-27T01:53:40.6429850Z Python 3.11.1
2022-12-27T01:53:40.6433070Z + which python
2022-12-27T01:53:40.6482220Z ##[endgroup]
2022-12-27T01:53:40.6482840Z                                                               [32mâœ“ [0m0.85s
2022-12-27T01:53:40.6483510Z ##[group]Installing build tools...
2022-12-27T01:53:40.6483940Z 
2022-12-27T01:53:40.6484590Z + pip install --upgrade setuptools wheel delocate -c /Library/Frameworks/Python.framework/Versions/3.11/lib/python3.11/site-packages/cibuildwheel/resources/constraints-python311.txt
2022-12-27T01:53:40.9253340Z Requirement already satisfied: setuptools in /private/var/folders/51/hd414ycd67n82196sw51xqtc0000gn/T/cibw-run-hneeyiu3/cp311-macosx_arm64/build/venv/lib/python3.11/site-packages (65.6.3)
2022-12-27T01:53:41.1004790Z Requirement already satisfied: wheel in /private/var/folders/51/hd414ycd67n82196sw51xqtc0000gn/T/cibw-run-hneeyiu3/cp311-macosx_arm64/build/venv/lib/python3.11/site-packages (0.38.4)
2022-12-27T01:53:41.1407550Z Collecting delocate
2022-12-27T01:53:41.1428810Z   Using cached delocate-0.10.3-py3-none-any.whl (142 kB)
2022-12-27T01:53:41.1694190Z Collecting packaging>=20.9
2022-12-27T01:53:41.1713430Z   Using cached packaging-21.3-py3-none-any.whl (40 kB)
2022-12-27T01:53:41.1867150Z Collecting typing-extensions
2022-12-27T01:53:41.1885500Z   Using cached typing_extensions-4.4.0-py3-none-any.whl (26 kB)
2022-12-27T01:53:41.2205800Z Collecting pyparsing!=3.0.5,>=2.0.2
2022-12-27T01:53:41.2222960Z   Using cached pyparsing-3.0.9-py3-none-any.whl (98 kB)
2022-12-27T01:53:41.2807060Z Installing collected packages: typing-extensions, pyparsing, packaging, delocate
2022-12-27T01:53:41.4182160Z Successfully installed delocate-0.10.3 packaging-21.3 pyparsing-3.0.9 typing-extensions-4.4.0
2022-12-27T01:53:41.4653020Z ##[endgroup]
2022-12-27T01:53:41.4653820Z                                                               [32mâœ“ [0m0.82s
2022-12-27T01:53:41.4654630Z ##[group]Running before_build...
2022-12-27T01:53:41.4654760Z 
2022-12-27T01:53:41.4658920Z + pip install Cython; if [[ -f requirements.txt ]]; then pip install -r requirements.txt; fi
2022-12-27T01:53:42.0522060Z Collecting Cython
2022-12-27T01:53:42.0566120Z   Using cached Cython-0.29.32-py2.py3-none-any.whl (986 kB)
2022-12-27T01:53:42.0987270Z Installing collected packages: Cython
2022-12-27T01:53:42.5274690Z Successfully installed Cython-0.29.32
2022-12-27T01:53:43.1945320Z Collecting coverage>=4.0
2022-12-27T01:53:43.1970450Z   Using cached coverage-7.0.1-cp311-cp311-macosx_10_9_x86_64.whl (188 kB)
2022-12-27T01:53:43.2011020Z Requirement already satisfied: cython>=0.23 in /private/var/folders/51/hd414ycd67n82196sw51xqtc0000gn/T/cibw-run-hneeyiu3/cp311-macosx_arm64/build/venv/lib/python3.11/site-packages (from -r requirements.txt (line 3)) (0.29.32)
2022-12-27T01:53:43.2136210Z Collecting enum34>=1.0.4
2022-12-27T01:53:43.2154030Z   Using cached enum34-1.1.10-py3-none-any.whl (11 kB)
2022-12-27T01:53:43.2286810Z Collecting futures>=2.2.0
2022-12-27T01:53:43.2288150Z   Using cached futures-3.0.5-py3-none-any.whl
2022-12-27T01:53:43.4625150Z Collecting protobuf>=3.2.0
2022-12-27T01:53:43.4653560Z   Using cached protobuf-4.21.12-cp37-abi3-macosx_10_9_universal2.whl (486 kB)
2022-12-27T01:53:43.4827790Z Collecting six>=1.10
2022-12-27T01:53:43.4845840Z   Using cached six-1.16.0-py2.py3-none-any.whl (11 kB)
2022-12-27T01:53:43.4866360Z Requirement already satisfied: wheel>=0.29 in /private/var/folders/51/hd414ycd67n82196sw51xqtc0000gn/T/cibw-run-hneeyiu3/cp311-macosx_arm64/build/venv/lib/python3.11/site-packages (from -r requirements.txt (line 8)) (0.38.4)
2022-12-27T01:53:43.5286590Z Installing collected packages: futures, enum34, six, protobuf, coverage
2022-12-27T01:53:43.7770590Z Successfully installed coverage-7.0.1 enum34-1.1.10 futures-3.0.5 protobuf-4.21.12 six-1.16.0
2022-12-27T01:53:43.8297770Z ##[endgroup]
2022-12-27T01:53:43.8298430Z                                                               [32mâœ“ [0m2.36s
2022-12-27T01:53:43.8298950Z ##[group]Building wheel...
2022-12-27T01:53:43.8299090Z 
2022-12-27T01:53:43.8302860Z + python -m pip wheel /Users/runner/actions-runner/_work/python.build/python.build/build_grpcio160311/grpcio-1.6.0 --wheel-dir=/private/var/folders/51/hd414ycd67n82196sw51xqtc0000gn/T/cibw-run-hneeyiu3/cp311-macosx_arm64/built_wheel --no-deps -vvv
2022-12-27T01:53:44.0879730Z Created temporary directory: /private/var/folders/51/hd414ycd67n82196sw51xqtc0000gn/T/pip-ephem-wheel-cache-qjrvvx86
2022-12-27T01:53:44.0883930Z Created temporary directory: /private/var/folders/51/hd414ycd67n82196sw51xqtc0000gn/T/pip-build-tracker-x8kv9v8_
2022-12-27T01:53:44.0885650Z Initialized build tracking at /private/var/folders/51/hd414ycd67n82196sw51xqtc0000gn/T/pip-build-tracker-x8kv9v8_
2022-12-27T01:53:44.0887410Z Created build tracker: /private/var/folders/51/hd414ycd67n82196sw51xqtc0000gn/T/pip-build-tracker-x8kv9v8_
2022-12-27T01:53:44.0888810Z Entered build tracker: /private/var/folders/51/hd414ycd67n82196sw51xqtc0000gn/T/pip-build-tracker-x8kv9v8_
2022-12-27T01:53:44.0891660Z Created temporary directory: /private/var/folders/51/hd414ycd67n82196sw51xqtc0000gn/T/pip-wheel-arb9faq6
2022-12-27T01:53:44.0897020Z Created temporary directory: /private/var/folders/51/hd414ycd67n82196sw51xqtc0000gn/T/pip-ephem-wheel-cache-mwcb19ob
2022-12-27T01:53:44.0973300Z Processing /Users/runner/actions-runner/_work/python.build/python.build/build_grpcio160311/grpcio-1.6.0
2022-12-27T01:53:44.0977940Z   Added file:///Users/runner/actions-runner/_work/python.build/python.build/build_grpcio160311/grpcio-1.6.0 to build tracker '/private/var/folders/51/hd414ycd67n82196sw51xqtc0000gn/T/pip-build-tracker-x8kv9v8_'
2022-12-27T01:53:44.0981330Z   Running setup.py (path:/Users/runner/actions-runner/_work/python.build/python.build/build_grpcio160311/grpcio-1.6.0/setup.py) egg_info for package from file:///Users/runner/actions-runner/_work/python.build/python.build/build_grpcio160311/grpcio-1.6.0
2022-12-27T01:53:44.0983860Z   Created temporary directory: /private/var/folders/51/hd414ycd67n82196sw51xqtc0000gn/T/pip-pip-egg-info-n49z86nt
2022-12-27T01:53:44.0985150Z   Preparing metadata (setup.py): started
2022-12-27T01:53:44.0986720Z   Running command python setup.py egg_info
2022-12-27T01:53:44.4841810Z   /private/var/folders/51/hd414ycd67n82196sw51xqtc0000gn/T/cibw-run-hneeyiu3/cp311-macosx_arm64/build/venv/lib/python3.11/site-packages/Cython/Compiler/Main.py:369: FutureWarning: Cython directive 'language_level' not set, using 2 for now (Py2). This will change in a later release! File: /Users/runner/actions-runner/_work/python.build/python.build/build_grpcio160311/grpcio-1.6.0/src/python/grpcio/grpc/_cython/cygrpc.pxd
2022-12-27T01:53:44.4842490Z     tree = Parsing.p_module(s, pxd, full_module_name)
2022-12-27T01:53:44.5240520Z   warning: src/python/grpcio/grpc/_cython/_cygrpc/grpc.pxi:135:13: 'GRPC_ARG_PRIMARY_USER_AGENT_STRING' redeclared
2022-12-27T01:53:45.2707640Z   Compiling src/python/grpcio/grpc/_cython/cygrpc.pyx because it depends on /private/var/folders/51/hd414ycd67n82196sw51xqtc0000gn/T/cibw-run-hneeyiu3/cp311-macosx_arm64/build/venv/lib/python3.11/site-packages/Cython/Includes/libc/time.pxd.
2022-12-27T01:53:45.2709160Z   [1/1] Cythonizing src/python/grpcio/grpc/_cython/cygrpc.pyx
2022-12-27T01:53:45.2888950Z   running egg_info
2022-12-27T01:53:45.2893290Z   creating /private/var/folders/51/hd414ycd67n82196sw51xqtc0000gn/T/pip-pip-egg-info-n49z86nt/grpcio.egg-info
2022-12-27T01:53:45.2910390Z   writing /private/var/folders/51/hd414ycd67n82196sw51xqtc0000gn/T/pip-pip-egg-info-n49z86nt/grpcio.egg-info/PKG-INFO
2022-12-27T01:53:45.2913710Z   writing dependency_links to /private/var/folders/51/hd414ycd67n82196sw51xqtc0000gn/T/pip-pip-egg-info-n49z86nt/grpcio.egg-info/dependency_links.txt
2022-12-27T01:53:45.2916470Z   writing requirements to /private/var/folders/51/hd414ycd67n82196sw51xqtc0000gn/T/pip-pip-egg-info-n49z86nt/grpcio.egg-info/requires.txt
2022-12-27T01:53:45.2919130Z   writing top-level names to /private/var/folders/51/hd414ycd67n82196sw51xqtc0000gn/T/pip-pip-egg-info-n49z86nt/grpcio.egg-info/top_level.txt
2022-12-27T01:53:45.2921200Z   writing manifest file '/private/var/folders/51/hd414ycd67n82196sw51xqtc0000gn/T/pip-pip-egg-info-n49z86nt/grpcio.egg-info/SOURCES.txt'
2022-12-27T01:53:45.2975010Z   reading manifest file '/private/var/folders/51/hd414ycd67n82196sw51xqtc0000gn/T/pip-pip-egg-info-n49z86nt/grpcio.egg-info/SOURCES.txt'
2022-12-27T01:53:45.2977500Z   reading manifest template 'PYTHON-MANIFEST.in'
2022-12-27T01:53:45.3002940Z   warning: no files found matching '*.h' under directory 'src/python/grpcio/grpc'
2022-12-27T01:53:45.3066720Z   warning: no files found matching '*.python' under directory 'src/python/grpcio/grpc'
2022-12-27T01:53:45.3079870Z   warning: no previously-included files matching '*.so' found under directory 'src/python/grpcio/grpc/_cython'
2022-12-27T01:53:45.3081820Z   warning: no previously-included files matching '*.pyd' found under directory 'src/python/grpcio/grpc/_cython'
2022-12-27T01:53:45.3786220Z   warning: no files found matching 'src/python/grpcio/precompiled.py'
2022-12-27T01:53:45.4202570Z   writing manifest file '/private/var/folders/51/hd414ycd67n82196sw51xqtc0000gn/T/pip-pip-egg-info-n49z86nt/grpcio.egg-info/SOURCES.txt'
2022-12-27T01:53:45.4919580Z   Preparing metadata (setup.py): finished with status 'done'
2022-12-27T01:53:45.4944320Z   Source in /Users/runner/actions-runner/_work/python.build/python.build/build_grpcio160311/grpcio-1.6.0 has version 1.6.0, which satisfies requirement grpcio==1.6.0 from file:///Users/runner/actions-runner/_work/python.build/python.build/build_grpcio160311/grpcio-1.6.0
2022-12-27T01:53:45.4947620Z   Removed grpcio==1.6.0 from file:///Users/runner/actions-runner/_work/python.build/python.build/build_grpcio160311/grpcio-1.6.0 from build tracker '/private/var/folders/51/hd414ycd67n82196sw51xqtc0000gn/T/pip-build-tracker-x8kv9v8_'
2022-12-27T01:53:45.4964810Z Created temporary directory: /private/var/folders/51/hd414ycd67n82196sw51xqtc0000gn/T/pip-unpack-dpfdje11
2022-12-27T01:53:45.4966760Z Building wheels for collected packages: grpcio
2022-12-27T01:53:45.4973840Z   Created temporary directory: /private/var/folders/51/hd414ycd67n82196sw51xqtc0000gn/T/pip-wheel-nm39vhuy
2022-12-27T01:53:45.4975670Z   Building wheel for grpcio (setup.py): started
2022-12-27T01:53:45.4977550Z   Destination directory: /private/var/folders/51/hd414ycd67n82196sw51xqtc0000gn/T/pip-wheel-nm39vhuy
2022-12-27T01:53:45.4979230Z   Running command python setup.py bdist_wheel
2022-12-27T01:53:45.8685770Z   running bdist_wheel
2022-12-27T01:53:45.8712770Z   running build
2022-12-27T01:53:45.8851000Z   running build_py
2022-12-27T01:53:45.8852830Z   running build_project_metadata
2022-12-27T01:53:45.8854910Z   creating python_build
2022-12-27T01:53:45.8857220Z   creating python_build/lib.macosx-11.0-arm64-cpython-311
2022-12-27T01:53:45.8858940Z   creating python_build/lib.macosx-11.0-arm64-cpython-311/grpc
2022-12-27T01:53:45.8861870Z   copying src/python/grpcio/grpc/_channel.py -> python_build/lib.macosx-11.0-arm64-cpython-311/grpc
2022-12-27T01:53:45.8863330Z   copying src/python/grpcio/grpc/_common.py -> python_build/lib.macosx-11.0-arm64-cpython-311/grpc
2022-12-27T01:53:45.8865750Z   copying src/python/grpcio/grpc/__init__.py -> python_build/lib.macosx-11.0-arm64-cpython-311/grpc
2022-12-27T01:53:45.8867180Z   copying src/python/grpcio/grpc/_utilities.py -> python_build/lib.macosx-11.0-arm64-cpython-311/grpc
2022-12-27T01:53:45.8869470Z   copying src/python/grpcio/grpc/_plugin_wrapping.py -> python_build/lib.macosx-11.0-arm64-cpython-311/grpc
2022-12-27T01:53:45.8871350Z   copying src/python/grpcio/grpc/_grpcio_metadata.py -> python_build/lib.macosx-11.0-arm64-cpython-311/grpc
2022-12-27T01:53:45.8873450Z   copying src/python/grpcio/grpc/_server.py -> python_build/lib.macosx-11.0-arm64-cpython-311/grpc
2022-12-27T01:53:45.8875210Z   copying src/python/grpcio/grpc/_auth.py -> python_build/lib.macosx-11.0-arm64-cpython-311/grpc
2022-12-27T01:53:45.8877080Z   copying src/python/grpcio/grpc/_credential_composition.py -> python_build/lib.macosx-11.0-arm64-cpython-311/grpc
2022-12-27T01:53:45.8878450Z   creating python_build/lib.macosx-11.0-arm64-cpython-311/grpc/beta
2022-12-27T01:53:45.8880450Z   copying src/python/grpcio/grpc/beta/_server_adaptations.py -> python_build/lib.macosx-11.0-arm64-cpython-311/grpc/beta
2022-12-27T01:53:45.8882390Z   copying src/python/grpcio/grpc/beta/interfaces.py -> python_build/lib.macosx-11.0-arm64-cpython-311/grpc/beta
2022-12-27T01:53:45.8884020Z   copying src/python/grpcio/grpc/beta/__init__.py -> python_build/lib.macosx-11.0-arm64-cpython-311/grpc/beta
2022-12-27T01:53:45.8885970Z   copying src/python/grpcio/grpc/beta/utilities.py -> python_build/lib.macosx-11.0-arm64-cpython-311/grpc/beta
2022-12-27T01:53:45.8887580Z   copying src/python/grpcio/grpc/beta/implementations.py -> python_build/lib.macosx-11.0-arm64-cpython-311/grpc/beta
2022-12-27T01:53:45.8889380Z   copying src/python/grpcio/grpc/beta/_client_adaptations.py -> python_build/lib.macosx-11.0-arm64-cpython-311/grpc/beta
2022-12-27T01:53:45.8890940Z   creating python_build/lib.macosx-11.0-arm64-cpython-311/grpc/framework
2022-12-27T01:53:45.8892640Z   copying src/python/grpcio/grpc/framework/__init__.py -> python_build/lib.macosx-11.0-arm64-cpython-311/grpc/framework
2022-12-27T01:53:45.8894310Z   creating python_build/lib.macosx-11.0-arm64-cpython-311/grpc/_cython
2022-12-27T01:53:45.8895980Z   copying src/python/grpcio/grpc/_cython/__init__.py -> python_build/lib.macosx-11.0-arm64-cpython-311/grpc/_cython
2022-12-27T01:53:45.8897520Z   creating python_build/lib.macosx-11.0-arm64-cpython-311/grpc/framework/foundation
2022-12-27T01:53:45.8899400Z   copying src/python/grpcio/grpc/framework/foundation/callable_util.py -> python_build/lib.macosx-11.0-arm64-cpython-311/grpc/framework/foundation
2022-12-27T01:53:45.8900890Z   copying src/python/grpcio/grpc/framework/foundation/abandonment.py -> python_build/lib.macosx-11.0-arm64-cpython-311/grpc/framework/foundation
2022-12-27T01:53:45.8902890Z   copying src/python/grpcio/grpc/framework/foundation/__init__.py -> python_build/lib.macosx-11.0-arm64-cpython-311/grpc/framework/foundation
2022-12-27T01:53:45.8905020Z   copying src/python/grpcio/grpc/framework/foundation/stream.py -> python_build/lib.macosx-11.0-arm64-cpython-311/grpc/framework/foundation
2022-12-27T01:53:45.8906500Z   copying src/python/grpcio/grpc/framework/foundation/stream_util.py -> python_build/lib.macosx-11.0-arm64-cpython-311/grpc/framework/foundation
2022-12-27T01:53:45.8908390Z   copying src/python/grpcio/grpc/framework/foundation/future.py -> python_build/lib.macosx-11.0-arm64-cpython-311/grpc/framework/foundation
2022-12-27T01:53:45.8909870Z   copying src/python/grpcio/grpc/framework/foundation/logging_pool.py -> python_build/lib.macosx-11.0-arm64-cpython-311/grpc/framework/foundation
2022-12-27T01:53:45.8911410Z   creating python_build/lib.macosx-11.0-arm64-cpython-311/grpc/framework/common
2022-12-27T01:53:45.8913850Z   copying src/python/grpcio/grpc/framework/common/style.py -> python_build/lib.macosx-11.0-arm64-cpython-311/grpc/framework/common
2022-12-27T01:53:45.8914800Z   copying src/python/grpcio/grpc/framework/common/cardinality.py -> python_build/lib.macosx-11.0-arm64-cpython-311/grpc/framework/common
2022-12-27T01:53:45.8916490Z   copying src/python/grpcio/grpc/framework/common/__init__.py -> python_build/lib.macosx-11.0-arm64-cpython-311/grpc/framework/common
2022-12-27T01:53:45.8917980Z   creating python_build/lib.macosx-11.0-arm64-cpython-311/grpc/framework/interfaces
2022-12-27T01:53:45.8919820Z   copying src/python/grpcio/grpc/framework/interfaces/__init__.py -> python_build/lib.macosx-11.0-arm64-cpython-311/grpc/framework/interfaces
2022-12-27T01:53:45.8921460Z   creating python_build/lib.macosx-11.0-arm64-cpython-311/grpc/framework/interfaces/face
2022-12-27T01:53:45.8923100Z   copying src/python/grpcio/grpc/framework/interfaces/face/__init__.py -> python_build/lib.macosx-11.0-arm64-cpython-311/grpc/framework/interfaces/face
2022-12-27T01:53:45.8924800Z   copying src/python/grpcio/grpc/framework/interfaces/face/utilities.py -> python_build/lib.macosx-11.0-arm64-cpython-311/grpc/framework/interfaces/face
2022-12-27T01:53:45.8926500Z   copying src/python/grpcio/grpc/framework/interfaces/face/face.py -> python_build/lib.macosx-11.0-arm64-cpython-311/grpc/framework/interfaces/face
2022-12-27T01:53:45.8928030Z   creating python_build/lib.macosx-11.0-arm64-cpython-311/grpc/framework/interfaces/base
2022-12-27T01:53:45.8930270Z   copying src/python/grpcio/grpc/framework/interfaces/base/__init__.py -> python_build/lib.macosx-11.0-arm64-cpython-311/grpc/framework/interfaces/base
2022-12-27T01:53:45.8931920Z   copying src/python/grpcio/grpc/framework/interfaces/base/utilities.py -> python_build/lib.macosx-11.0-arm64-cpython-311/grpc/framework/interfaces/base
2022-12-27T01:53:45.8933910Z   copying src/python/grpcio/grpc/framework/interfaces/base/base.py -> python_build/lib.macosx-11.0-arm64-cpython-311/grpc/framework/interfaces/base
2022-12-27T01:53:45.8935480Z   creating python_build/lib.macosx-11.0-arm64-cpython-311/grpc/_cython/_cygrpc
2022-12-27T01:53:45.8936960Z   copying src/python/grpcio/grpc/_cython/_cygrpc/__init__.py -> python_build/lib.macosx-11.0-arm64-cpython-311/grpc/_cython/_cygrpc
2022-12-27T01:53:45.8938790Z   creating python_build/lib.macosx-11.0-arm64-cpython-311/grpc/_cython/_credentials
2022-12-27T01:53:45.8940610Z   copying src/python/grpcio/grpc/_cython/_credentials/roots.pem -> python_build/lib.macosx-11.0-arm64-cpython-311/grpc/_cython/_credentials
2022-12-27T01:53:45.8942110Z   running build_ext
2022-12-27T01:53:48.8509550Z   b'[C]       Compiling third_party/cares/cares/ares__close_sockets.c\n[C]       Compiling third_party/cares/cares/ares__get_hostent.c\n[C]       Compiling third_party/cares/cares/ares__read_line.c\n[C]       Compiling third_party/cares/cares/ares__timeval.c\n[C]       Compiling third_party/cares/cares/ares_cancel.c\n[C]       Compiling third_party/cares/cares/ares_create_query.c\n[C]       Compiling third_party/cares/cares/ares_data.c\n[C]       Compiling third_party/cares/cares/ares_destroy.c\n[C]       Compiling third_party/cares/cares/ares_expand_name.c\n[C]       Compiling third_party/cares/cares/ares_expand_string.c\n[C]       Compiling third_party/cares/cares/ares_fds.c\n[C]       Compiling third_party/cares/cares/ares_free_hostent.c\n[C]       Compiling third_party/cares/cares/ares_free_string.c\n[C]       Compiling third_party/cares/cares/ares_getenv.c\n[C]       Compiling third_party/cares/cares/ares_gethostbyaddr.c\n[C]       Compiling third_party/cares/cares/ares_gethostbyname.c\n[C]       Compiling third_party/cares/cares/ares_getnameinfo.c\n[C]       Compiling third_party/cares/cares/ares_getopt.c\n[C]       Compiling third_party/cares/cares/ares_getsock.c\n[C]       Compiling third_party/cares/cares/ares_init.c\n[C]       Compiling third_party/cares/cares/ares_library_init.c\n[C]       Compiling third_party/cares/cares/ares_llist.c\n[C]       Compiling third_party/cares/cares/ares_mkquery.c\n[C]       Compiling third_party/cares/cares/ares_nowarn.c\n[C]       Compiling third_party/cares/cares/ares_options.c\n[C]       Compiling third_party/cares/cares/ares_parse_a_reply.c\n[C]       Compiling third_party/cares/cares/ares_parse_aaaa_reply.c\n[C]       Compiling third_party/cares/cares/ares_parse_mx_reply.c\n[C]       Compiling third_party/cares/cares/ares_parse_naptr_reply.c\n[C]       Compiling third_party/cares/cares/ares_parse_ns_reply.c\n[C]       Compiling third_party/cares/cares/ares_parse_ptr_reply.c\n[C]       Compiling third_party/cares/cares/ares_parse_soa_reply.c\n[C]       Compiling third_party/cares/cares/ares_parse_srv_reply.c\n[C]       Compiling third_party/cares/cares/ares_parse_txt_reply.c\n[C]       Compiling third_party/cares/cares/ares_platform.c\n[C]       Compiling third_party/cares/cares/ares_process.c\n[C]       Compiling third_party/cares/cares/ares_query.c\n[C]       Compiling third_party/cares/cares/ares_search.c\n[C]       Compiling third_party/cares/cares/ares_send.c\n[C]       Compiling third_party/cares/cares/ares_strcasecmp.c\n[C]       Compiling third_party/cares/cares/ares_strdup.c\n[C]       Compiling third_party/cares/cares/ares_strerror.c\n[C]       Compiling third_party/cares/cares/ares_timeout.c\n[C]       Compiling third_party/cares/cares/ares_version.c\n[C]       Compiling third_party/cares/cares/ares_writev.c\n[C]       Compiling third_party/cares/cares/bitncmp.c\n[C]       Compiling third_party/cares/cares/inet_net_pton.c\n[C]       Compiling third_party/cares/cares/inet_ntop.c\n[C]       Compiling third_party/cares/cares/windows_port.c\n[C]       Compiling third_party/zlib/adler32.c\n[C]       Compiling third_party/zlib/compress.c\n[C]       Compiling third_party/zlib/crc32.c\n[C]       Compiling third_party/zlib/gzclose.c\n[C]       Compiling third_party/zlib/deflate.c\n[C]       Compiling third_party/zlib/gzlib.c\n[C]       Compiling third_party/zlib/gzread.c\n[C]       Compiling third_party/zlib/gzwrite.c\n[C]       Compiling third_party/zlib/infback.c\n[C]       Compiling third_party/zlib/inffast.c\n[C]       Compiling third_party/zlib/inflate.c\n[C]       Compiling third_party/zlib/inftrees.c\n[C]       Compiling third_party/zlib/trees.c\n[C]       Compiling third_party/zlib/uncompr.c\n[C]       Compiling third_party/zlib/zutil.c\n[C]       Compiling src/boringssl/err_data.c\n[C]       Compiling third_party/boringssl/crypto/aes/aes.c\n[C]       Compiling third_party/boringssl/crypto/aes/key_wrap.c\n[C]       Compiling third_party/boringssl/crypto/aes/mode_wrappers.c\n[C]       Compiling third_party/boringssl/crypto/asn1/a_bitstr.c\n'
2022-12-27T01:53:48.8544350Z   b"make: Circular /Users/runner/actions-runner/_work/python.build/python.build/build_grpcio160311/grpcio-1.6.0/libs/opt/libares.a <- /Users/runner/actions-runner/_work/python.build/python.build/build_grpcio160311/grpcio-1.6.0/libs/opt/libz.a dependency dropped.\nIn file included from src/boringssl/err_data.c:17:\nthird_party/boringssl/include/openssl/base.h:133:9: error: 'OPENSSL_VERSION_NUMBER' macro redefined [-Werror,-Wmacro-redefined]\n#define OPENSSL_VERSION_NUMBER 0x100020af\n        ^\n/usr/local/opt/openssl@3/include/openssl/opensslv.h:99:10: note: previous definition is here\n# define OPENSSL_VERSION_NUMBER          \\\n         ^\nIn file included from src/boringssl/err_data.c:18:\nIn file included from /usr/local/opt/openssl@3/include/openssl/err.h:21:\n/usr/local/opt/openssl@3/include/openssl/e_os2.h:183:11: error: 'OPENSSL_EXPORT' macro redefined [-Werror,-Wmacro-redefined]\n#  define OPENSSL_EXPORT extern\n          ^\nthird_party/boringssl/include/openssl/base.h:168:9: note: previous definition is here\n#define OPENSSL_EXPORT\n        ^\nIn file included from src/boringssl/err_data.c:18:\nIn file included from /usr/local/opt/openssl@3/include/openssl/err.h:28:\nIn file included from /usr/local/opt/openssl@3/include/openssl/types.h:21:\n/usr/local/opt/openssl@3/include/openssl/safestack.h:264:15: error: redefinition of typedef 'OPENSSL_BLOCK' is a C11 feature [-Werror,-Wtypedef-redefinition]\ntypedef void *OPENSSL_BLOCK;\n              ^\nthird_party/boringssl/include/openssl/base.h:322:15: note: previous definition is here\ntypedef void *OPENSSL_BLOCK;\n              ^\nIn file included from src/boringssl/err_data.c:18:\nIn file included from /usr/local/opt/openssl@3/include/openssl/err.h:28:\n/usr/local/opt/openssl@3/include/openssl/types.h:45:31: error: redefinition of typedef 'ASN1_INTEGER' is a C11 feature [-Werror,-Wtypedef-redefinition]\ntypedef struct asn1_string_st ASN1_INTEGER;\n                              ^\nthird_party/boringssl/include/openssl/base.h:215:31: note: previous definition is here\ntypedef struct asn1_string_st ASN1_INTEGER;\n                              ^\nIn file included from src/boringssl/err_data.c:18:\nIn file included from /usr/local/opt/openssl@3/include/openssl/err.h:28:\n/usr/local/opt/openssl@3/include/openssl/types.h:46:31: error: redefinition of typedef 'ASN1_ENUMERATED' is a C11 feature [-Werror,-Wtypedef-redefinition]\ntypedef struct asn1_string_st ASN1_ENUMERATED;\n                              ^\nthird_party/boringssl/include/openssl/base.h:211:31: note: previous definition is here\ntypedef struct asn1_string_st ASN1_ENUMERATED;\n                              ^\nIn file included from src/boringssl/err_data.c:18:\nIn file included from /usr/local/opt/openssl@3/include/openssl/err.h:28:\n/usr/local/opt/openssl@3/include/openssl/types.h:47:31: error: redefinition of typedef 'ASN1_BIT_STRING' is a C11 feature [-Werror,-Wtypedef-redefinition]\ntypedef struct asn1_string_st ASN1_BIT_STRING;\n                              ^\nthird_party/boringssl/include/openssl/base.h:209:31: note: previous definition is here\ntypedef struct asn1_string_st ASN1_BIT_STRING;\n                              ^\nIn file included from src/boringssl/err_data.c:18:\nIn file included from /usr/local/opt/openssl@3/include/openssl/err.h:28:\n/usr/local/opt/openssl@3/include/openssl/types.h:48:31: error: redefinition of typedef 'ASN1_OCTET_STRING' is a C11 feature [-Werror,-Wtypedef-redefinition]\ntypedef struct asn1_string_st ASN1_OCTET_STRING;\n                              ^\nthird_party/boringssl/include/openssl/base.h:216:31: note: previous definition is here\ntypedef struct asn1_string_st ASN1_OCTET_STRING;\n                              ^\nIn file included from src/boringssl/err_data.c:18:\nIn file included from /usr/local/opt/openssl@3/include/openssl/err.h:28:\n/usr/local/opt/openssl@3/include/openssl/types.h:49:31: error: redefinition of typedef 'ASN1_PRINTABLESTRING' is a C11 feature [-Werror,-Wtypedef-redefinition]\ntypedef struct asn1_string_st ASN1_PRINTABLESTRING;\n                              ^\nthird_party/boringssl/include/openssl/base.h:217:31: note: previous definition is here\ntypedef struct asn1_string_st ASN1_PRINTABLESTRING;\n                              ^\nIn file included from src/boringssl/err_data.c:18:\nIn file included from /usr/local/opt/openssl@3/include/openssl/err.h:28:\n/usr/local/opt/openssl@3/include/openssl/types.h:50:31: error: redefinition of typedef 'ASN1_T61STRING' is a C11 feature [-Werror,-Wtypedef-redefinition]\ntypedef struct asn1_string_st ASN1_T61STRING;\n                              ^\nthird_party/boringssl/include/openssl/base.h:219:31: note: previous definition is here\ntypedef struct asn1_string_st ASN1_T61STRING;\n                              ^\nIn file included from src/boringssl/err_data.c:18:\nIn file included from /usr/local/opt/openssl@3/include/openssl/err.h:28:\n/usr/local/opt/openssl@3/include/openssl/types.h:51:31: error: redefinition of typedef 'ASN1_IA5STRING' is a C11 feature [-Werror,-Wtypedef-redefinition]\ntypedef struct asn1_string_st ASN1_IA5STRING;\n                              ^\nthird_party/boringssl/include/openssl/base.h:214:31: note: previous definition is here\ntypedef struct asn1_string_st ASN1_IA5STRING;\n                              ^\nIn file included from src/boringssl/err_data.c:18:\nIn file included from /usr/local/opt/openssl@3/include/openssl/err.h:28:\n/usr/local/opt/openssl@3/include/openssl/types.h:52:31: error: redefinition of typedef 'ASN1_GENERALSTRING' is a C11 feature [-Werror,-Wtypedef-redefinition]\ntypedef struct asn1_string_st ASN1_GENERALSTRING;\n                              ^\nthird_party/boringssl/include/openssl/base.h:213:31: note: previous definition is here\ntypedef struct asn1_string_st ASN1_GENERALSTRING;\n                              ^\nIn file included from src/boringssl/err_data.c:18:\nIn file included from /usr/local/opt/openssl@3/include/openssl/err.h:28:\n/usr/local/opt/openssl@3/include/openssl/types.h:53:31: error: redefinition of typedef 'ASN1_UNIVERSALSTRING' is a C11 feature [-Werror,-Wtypedef-redefinition]\ntypedef struct asn1_string_st ASN1_UNIVERSALSTRING;\n                              ^\nthird_party/boringssl/include/openssl/base.h:221:31: note: previous definition is here\ntypedef struct asn1_string_st ASN1_UNIVERSALSTRING;\n                              ^\nIn file included from src/boringssl/err_data.c:18:\nIn file included from /usr/local/opt/openssl@3/include/openssl/err.h:28:\n/usr/local/opt/openssl@3/include/openssl/types.h:54:31: error: redefinition of typedef 'ASN1_BMPSTRING' is a C11 feature [-Werror,-Wtypedef-redefinition]\ntypedef struct asn1_string_st ASN1_BMPSTRING;\n                              ^\nthird_party/boringssl/include/openssl/base.h:210:31: note: previous definition is here\ntypedef struct asn1_string_st ASN1_BMPSTRING;\n                              ^\nIn file included from src/boringssl/err_data.c:18:\nIn file included from /usr/local/opt/openssl@3/include/openssl/err.h:28:\n/usr/local/opt/openssl@3/include/openssl/types.h:55:31: error: redefinition of typedef 'ASN1_UTCTIME' is a C11 feature [-Werror,-Wtypedef-redefinition]\ntypedef struct asn1_string_st ASN1_UTCTIME;\n                              ^\nthird_party/boringssl/include/openssl/base.h:222:31: note: previous definition is here\ntypedef struct asn1_string_st ASN1_UTCTIME;\n                              ^\nIn file included from src/boringssl/err_data.c:18:\nIn file included from /usr/local/opt/openssl@3/include/openssl/err.h:28:\n/usr/local/opt/openssl@3/include/openssl/types.h:56:31: error: redefinition of typedef 'ASN1_TIME' is a C11 feature [-Werror,-Wtypedef-redefinition]\ntypedef struct asn1_string_st ASN1_TIME;\n                              ^\nthird_party/boringssl/include/openssl/base.h:220:31: note: previous definition is here\ntypedef struct asn1_string_st ASN1_TIME;\n                              ^\nIn file included from src/boringssl/err_data.c:18:\nIn file included from /usr/local/opt/openssl@3/include/openssl/err.h:28:\n/usr/local/opt/openssl@3/include/openssl/types.h:57:31: error: redefinition of typedef 'ASN1_GENERALIZEDTIME' is a C11 feature [-Werror,-Wtypedef-redefinition]\ntypedef struct asn1_string_st ASN1_GENERALIZEDTIME;\n                              ^\nthird_party/boringssl/include/openssl/base.h:212:31: note: previous definition is here\ntypedef struct asn1_string_st ASN1_GENERALIZEDTIME;\n                              ^\nIn file included from src/boringssl/err_data.c:18:\nIn file included from /usr/local/opt/openssl@3/include/openssl/err.h:28:\n/usr/local/opt/openssl@3/include/openssl/types.h:58:31: error: redefinition of typedef 'ASN1_VISIBLESTRING' is a C11 feature [-Werror,-Wtypedef-redefinition]\ntypedef struct asn1_string_st ASN1_VISIBLESTRING;\n                              ^\nthird_party/boringssl/include/openssl/base.h:224:31: note: previous definition is here\ntypedef struct asn1_string_st ASN1_VISIBLESTRING;\n                              ^\nIn file included from src/boringssl/err_data.c:18:\nIn file included from /usr/local/opt/openssl@3/include/openssl/err.h:28:\n/usr/local/opt/openssl@3/include/openssl/types.h:59:31: error: redefinition of typedef 'ASN1_UTF8STRING' is a C11 feature [-Werror,-Wtypedef-redefinition]\ntypedef struct asn1_string_st ASN1_UTF8STRING;\n                              ^\nthird_party/boringssl/include/openssl/base.h:223:31: note: previous definition is here\ntypedef struct asn1_string_st ASN1_UTF8STRING;\n                              ^\nIn file included from src/boringssl/err_data.c:18:\nIn file included from /usr/local/opt/openssl@3/include/openssl/err.h:28:\n/usr/local/opt/openssl@3/include/openssl/types.h:60:31: error: redefinition of typedef 'ASN1_STRING' is a C11 feature [-Werror,-Wtypedef-redefinition]\ntypedef struct asn1_string_st ASN1_STRING;\n                              ^\nthird_party/boringssl/include/openssl/base.h:218:31: note: previous definition is here\ntypedef struct asn1_string_st ASN1_STRING;\n                              ^\nfatal error: too many errors emitted, stopping now [-ferror-limit=]\n20 errors generated.\nIn file included from third_party/boringssl/crypto/aes/aes.c:54:\nIn file included from third_party/boringssl/include/openssl/cpu.h:64:\nthird_party/boringssl/include/openssl/base.h:133:9: error: 'OPENSSL_VERSION_NUMBER' macro redefined [-Werror,-Wmacro-redefined]\n#define OPENSSL_VERSION_NUMBER 0x100020af\n        ^\n/usr/local/opt/openssl@3/include/openssl/opensslv.h:99:10: note: previous definition is here\n# define OPENSSL_VERSION_NUMBER          \\\n         ^\nmake: *** [/Users/runner/actions-runner/_work/python.build/python.build/build_grpcio160311/grpcio-1.6.0/objs/opt/src/boringssl/err_data.o] Error 1\nmake: *** Waiting for unfinished jobs....\nthird_party/boringssl/crypto/aes/aes.c:537:5: error: conflicting types for 'AES_set_encrypt_key'\nint AES_set_encrypt_key(const uint8_t *key, unsigned bits, AES_KEY *aeskey) {\n    ^\n/usr/local/opt/openssl@3/include/openssl/aes.h:51:5: note: previous declaration is here\nint AES_set_encrypt_key(const unsigned char *userKey, const int bits,\n    ^\nthird_party/boringssl/crypto/aes/aes.c:632:5: error: conflicting types for 'AES_set_decrypt_key'\nint AES_set_decrypt_key(const uint8_t *key, unsigned bits, AES_KEY *aeskey) {\n    ^\n/usr/local/opt/openssl@3/include/openssl/aes.h:54:5: note: previous declaration is here\nint AES_set_decrypt_key(const unsigned char *userKey, const int bits,\n    ^\nthird_party/boringssl/crypto/aes/aes.c:638:12: error: 'AES_set_encrypt_key' is deprecated [-Werror,-Wdeprecated-declarations]\n  status = AES_set_encrypt_key(key, bits, aeskey);\n           ^\n/usr/local/opt/openssl@3/include/openssl/aes.h:50:1: note: 'AES_set_encrypt_key' has been explicitly marked deprecated here\nOSSL_DEPRECATEDIN_3_0\n^\n/usr/local/opt/openssl@3/include/openssl/macros.h:182:49: note: expanded from macro 'OSSL_DEPRECATEDIN_3_0'\n#   define OSSL_DEPRECATEDIN_3_0                OSSL_DEPRECATED(3.0)\n                                                ^\n/usr/local/opt/openssl@3/include/openssl/macros.h:62:52: note: expanded from macro 'OSSL_DEPRECATED'\n#     define OSSL_DEPRECATED(since) __attribute__((deprecated))\n                                                   ^\n4 errors generated.\nmake: *** [/Users/runner/actions-runner/_work/python.build/python.build/build_grpcio160311/grpcio-1.6.0/objs/opt/third_party/boringssl/crypto/aes/aes.o] Error 1\nIn file included from third_party/boringssl/crypto/aes/key_wrap.c:54:\nIn file included from third_party/boringssl/include/openssl/mem.h:60:\nthird_party/boringssl/include/openssl/base.h:133:9: error: 'OPENSSL_VERSION_NUMBER' macro redefined [-Werror,-Wmacro-redefined]\n#define OPENSSL_VERSION_NUMBER 0x100020af\n        ^\n/usr/local/opt/openssl@3/include/openssl/opensslv.h:99:10: note: previous definition is here\n# define OPENSSL_VERSION_NUMBER          \\\n         ^\nIn file included from third_party/boringssl/crypto/aes/key_wrap.c:56:\nIn file included from third_party/boringssl/crypto/aes/../internal.h:112:\nthird_party/boringssl/include/openssl/ex_data.h:205:3: error: type name requires a specifier or qualifier\n  STACK_OF(void) *sk;\n  ^\nthird_party/boringssl/include/openssl/ex_data.h:205:17: error: expected ';' at end of declaration list\n  STACK_OF(void) *sk;\n                ^\n                ;\nIn file included from third_party/boringssl/crypto/aes/mode_wrappers.c:53:\nIn file included from third_party/boringssl/crypto/aes/../modes/internal.h:52:\nthird_party/boringssl/include/openssl/base.h:133:9: error: 'OPENSSL_VERSION_NUMBER' macro redefined [-Werror,-Wmacro-redefined]\n#define OPENSSL_VERSION_NUMBER 0x100020af\n        ^\n/usr/local/opt/openssl@3/include/openssl/opensslv.h:99:10: note: previous definition is here\n# define OPENSSL_VERSION_NUMBER          \\\n         ^\nIn file included from third_party/boringssl/crypto/aes/mode_wrappers.c:53:\nIn file included from third_party/boringssl/crypto/aes/../modes/internal.h:56:\nIn file included from third_party/boringssl/crypto/aes/../modes/../internal.h:112:\nthird_party/boringssl/include/openssl/ex_data.h:205:3: error: type name requires a specifier or qualifier\n  STACK_OF(void) *sk;\n  ^\nthird_party/boringssl/include/openssl/ex_data.h:205:17: error: expected ';' at end of declaration list\n  STACK_OF(void) *sk;\n                ^\n                ;\nIn file included from third_party/boringssl/crypto/aes/key_wrap.c:56:\nthird_party/boringssl/crypto/aes/../internal.h:481:3: error: type name requires a specifier or qualifier\n  STACK_OF(CRYPTO_EX_DATA_FUNCS) *meth;\n  ^\nthird_party/boringssl/crypto/aes/../internal.h:481:33: error: expected ';' at end of declaration list\n  STACK_OF(CRYPTO_EX_DATA_FUNCS) *meth;\n                                ^\n                                ;\nthird_party/boringssl/crypto/aes/key_wrap.c:66:5: error: conflicting types for 'AES_wrap_key'\nint AES_wrap_key(const AES_KEY *key, const uint8_t *iv, uint8_t *out,\n    ^\n/usr/local/opt/openssl@3/include/openssl/aes.h:97:5: note: previous declaration is here\nint AES_wrap_key(AES_KEY *key, const unsigned char *iv,\n    ^\nthird_party/boringssl/crypto/aes/key_wrap.c:87:7: error: 'AES_encrypt' is deprecated [-Werror,-Wdeprecated-declarations]\n      AES_encrypt(A, A, key);\n      ^\n/usr/local/opt/openssl@3/include/openssl/aes.h:56:1: note: 'AES_encrypt' has been explicitly marked deprecated here\nOSSL_DEPRECATEDIN_3_0\n^\n/usr/local/opt/openssl@3/include/openssl/macros.h:182:49: note: expanded from macro 'OSSL_DEPRECATEDIN_3_0'\n#   define OSSL_DEPRECATEDIN_3_0                OSSL_DEPRECATED(3.0)\n                                                ^\n/usr/local/opt/openssl@3/include/openssl/macros.h:In file included from third_party/boringssl/crypto/aes/mode_wrappers.c62:53:\nIn file included from third_party/boringssl/crypto/aes/../modes/internal.h:56:\nthird_party/boringssl/crypto/aes/../modes/../internal.h:481:3: error: type name requires a specifier or qualifier\n:  STACK_OF(CRYPTO_EX_DATA_FUNCS) *meth;\n  ^\n52:third_party/boringssl/crypto/aes/../modes/../internal.h:481:33: error: expected ';' at end of declaration list\n  STACK_OF(CRYPTO_EX_DATA_FUNCS) *meth;\n                                ^\n                                ;\n note: expanded from macro 'OSSL_DEPRECATED'\n#     define OSSL_DEPRECATED(since) __attribute__((deprecated))\n                                                   ^\nthird_party/boringssl/crypto/aes/key_wrap.c:102:5: error: conflicting types for 'AES_unwrap_key'\nint AES_unwrap_key(const AES_KEY *key, const uint8_t *iv, uint8_t *out,\n    ^\n/usr/local/opt/openssl@3/include/openssl/aes.h:101:5: note: previous declaration is here\nint AES_unwrap_key(AES_KEY *key, const unsigned char *iv,third_party/boringssl/crypto/aes/mode_wrappers.c:60:37: error: 'AES_encrypt' is deprecated [-Werror,-Wdeprecated-declarations]\n\n                        (block128_f)AES_encrypt);\n                                    ^\n/usr/local/opt/openssl@3/include/openssl/aes.h:56    ^:1: note: 'AES_encrypt' has been explicitly marked deprecated here\nOSSL_DEPRECATEDIN_3_0\n^\n/usr/local/opt/openssl@3/include/openssl/macros.h:182:49: note: expanded from macro 'OSSL_DEPRECATEDIN_3_0'\n\n#   define OSSL_DEPRECATEDIN_3_0                OSSL_DEPRECATED(3.0)\n                                                ^\n/usr/local/opt/openssl@3/include/openssl/macros.h:62:52: note: expanded from macro 'OSSL_DEPRECATED'\n#     define OSSL_DEPRECATED(since) __attribute__((deprecated))\n                                                   ^\nthird_party/boringssl/crypto/aes/key_wrap.c:128:7: error: 'AES_decrypt' is deprecated [-Werror,-Wdeprecated-declarations]\n      AES_decrypt(A, A, key);\n      ^\n/usr/local/opt/openssl@3/include/openssl/aes.h:59:1: note6 errors generated.\n: 'AES_decrypt' has been explicitly marked deprecated here\nOSSL_DEPRECATEDIN_3_0\n^\n/usr/local/opt/openssl@3/include/openssl/macros.h:182:49: note: expanded from macro 'OSSL_DEPRECATEDIN_3_0'\n#   define OSSL_DEPRECATEDIN_3_0                OSSL_DEPRECATED(3.0)\n                                                ^\n/usr/local/opt/openssl@3/include/openssl/macros.h:62:52: note: expanded from macro 'OSSL_DEPRECATED'\n#     define OSSL_DEPRECATED(since) __attribute__((deprecated))\n                                                   ^\n9 errors generated.\nmake: *** [/Users/runner/actions-runner/_work/python.build/python.build/build_grpcio160311/grpcio-1.6.0/objs/opt/third_party/boringssl/crypto/aes/mode_wrappers.o] Error 1\nmake: *** [/Users/runner/actions-runner/_work/python.build/python.build/build_grpcio160311/grpcio-1.6.0/objs/opt/third_party/boringssl/crypto/aes/key_wrap.o] Error 1\nIn file included from third_party/boringssl/crypto/asn1/a_bitstr.c:62:\nIn file included from third_party/boringssl/include/openssl/mem.h:60:\nthird_party/boringssl/include/openssl/base.h:133:9: error: 'OPENSSL_VERSION_NUMBER' macro redefined [-Werror,-Wmacro-redefined]\n#define OPENSSL_VERSION_NUMBER 0x100020af\n        ^\n/usr/local/opt/openssl@3/include/openssl/opensslv.h:99:10: note: previous definition is here\n# define OPENSSL_VERSION_NUMBER          \\\n         ^\nIn file included from third_party/boringssl/crypto/asn1/a_bitstr.c:62:\nIn file included from third_party/boringssl/include/openssl/mem.h:60:\nthird_party/boringssl/include/openssl/base.h:168:9: error: 'OPENSSL_EXPORT' macro redefined [-Werror,-Wmacro-redefined]\n#define OPENSSL_EXPORT\n        ^\n/usr/local/opt/openssl@3/include/openssl/e_os2.h:183:11: note: previous definition is here\n#  define OPENSSL_EXPORT extern\n          ^\nIn file included from third_party/boringssl/crypto/asn1/a_bitstr.c:62:\nIn file included from third_party/boringssl/include/openssl/mem.h:60:\nthird_party/boringssl/include/openssl/base.h:202:13: error: typedef redefinition with different types ('int' vs 'struct crypto_threadid_st')\ntypedef int CRYPTO_THREADID;\n            ^\n/usr/local/opt/openssl@3/include/openssl/crypto.h:308:3: note: previous definition is here\n} CRYPTO_THREADID;\n  ^\nIn file included from third_party/boringssl/crypto/asn1/a_bitstr.c:62:\nIn file included from third_party/boringssl/include/openssl/mem.h:60:\nthird_party/boringssl/include/openssl/base.h:204:13: error: redefinition of typedef 'ASN1_BOOLEAN' is a C11 feature [-Werror,-Wtypedef-redefinition]\ntypedef int ASN1_BOOLEAN;\n            ^\n/usr/local/opt/openssl@3/include/openssl/types.h:61:13: note: previous definition is here\ntypedef int ASN1_BOOLEAN;\n            ^\nIn file included from third_party/boringssl/crypto/asn1/a_bitstr.c:62:\nIn file included from third_party/boringssl/include/openssl/mem.h:60:\nthird_party/boringssl/include/openssl/base.h:205:13: error: redefinition of typedef 'ASN1_NULL' is a C11 feature [-Werror,-Wtypedef-redefinition]\ntypedef int ASN1_NULL;\n            ^\n/usr/local/opt/openssl@3/include/openssl/types.h:62:13: note: previous definition is here\ntypedef int ASN1_NULL;\n            ^\nIn file included from third_party/boringssl/crypto/asn1/a_bitstr.c:62:\nIn file included from third_party/boringssl/include/openssl/mem.h:60:\nthird_party/boringssl/include/openssl/base.h:206:29: error: redefinition of typedef 'ASN1_ITEM' is a C11 feature [-Werror,-Wtypedef-redefinition]\ntypedef struct ASN1_ITEM_st ASN1_ITEM;\n                            ^\n/usr/local/opt/openssl@3/include/openssl/types.h:69:29: note: previous definition is here\ntypedef struct ASN1_ITEM_st ASN1_ITEM;\n                            ^\nIn file included from third_party/boringssl/crypto/asn1/a_bitstr.c:62:\nIn file included from third_party/boringssl/include/openssl/mem.h:60:\nthird_party/boringssl/include/openssl/base.h:207:31: error: redefinition of typedef 'ASN1_OBJECT' is a C11 feature [-Werror,-Wtypedef-redefinition]\ntypedef struct asn1_object_st ASN1_OBJECT;\n                              ^\n/usr/local/opt/openssl@3/include/openssl/types.h:66:31: note: previous definition is here\ntypedef struct asn1_object_st ASN1_OBJECT;\n                              ^\nIn file included from third_party/boringssl/crypto/asn1/a_bitstr.c:62:\nIn file included from third_party/boringssl/include/openssl/mem.h:60:\nthird_party/boringssl/include/openssl/base.h:208:29: error: redefinition of typedef 'ASN1_PCTX' is a C11 feature [-Werror,-Wtypedef-redefinition]\ntypedef struct asn1_pctx_st ASN1_PCTX;\n                            ^\n/usr/local/opt/openssl@3/include/openssl/types.h:70:29: note: previous definition is here\ntypedef struct asn1_pctx_st ASN1_PCTX;\n                            ^\nIn file included from third_party/boringssl/crypto/asn1/a_bitstr.c:62:\nIn file included from third_party/boringssl/include/openssl/mem.h:60:\nthird_party/boringssl/include/openssl/base.h:209:31: error: redefinition of typedef 'ASN1_BIT_STRING' is a C11 feature [-Werror,-Wtypedef-redefinition]\ntypedef struct asn1_string_st ASN1_BIT_STRING;\n                              ^\n/usr/local/opt/openssl@3/include/openssl/types.h:47:31: note: previous definition is here\ntypedef struct asn1_string_st ASN1_BIT_STRING;\n                              ^\nIn file included from third_party/boringssl/crypto/asn1/a_bitstr.c:62:\nIn file included from third_party/boringssl/include/openssl/mem.h:60:\nthird_party/boringssl/include/openssl/base.h:210:31: error: redefinition of typedef 'ASN1_BMPSTRING' is a C11 feature [-Werror,-Wtypedef-redefinition]\ntypedef struct asn1_string_st ASN1_BMPSTRING;\n                              ^\n/usr/local/opt/openssl@3/include/openssl/types.h:54:31: note: previous definition is here\ntypedef struct asn1_string_st ASN1_BMPSTRING;\n                              ^\nIn file included from third_party/boringssl/crypto/asn1/a_bitstr.c:62:\nIn file included from third_party/boringssl/include/openssl/mem.h:60:\nthird_party/boringssl/include/openssl/base.h:211:31: error: redefinition of typedef 'ASN1_ENUMERATED' is a C11 feature [-Werror,-Wtypedef-redefinition]\ntypedef struct asn1_string_st ASN1_ENUMERATED;\n                              ^\n/usr/local/opt/openssl@3/include/openssl/types.h:46:31: note: previous definition is here\ntypedef struct asn1_string_st ASN1_ENUMERATED;\n                              ^\nIn file included from third_party/boringssl/crypto/asn1/a_bitstr.c:62:\nIn file included from third_party/boringssl/include/openssl/mem.h:60:\nthird_party/boringssl/include/openssl/base.h:212:31: error: redefinition of typedef 'ASN1_GENERALIZEDTIME' is a C11 feature [-Werror,-Wtypedef-redefinition]\ntypedef struct asn1_string_st ASN1_GENERALIZEDTIME;\n                              ^\n/usr/local/opt/openssl@3/include/openssl/types.h:57:31: note: previous definition is here\ntypedef struct asn1_string_st ASN1_GENERALIZEDTIME;\n                              ^\nIn file included from third_party/boringssl/crypto/asn1/a_bitstr.c:62:\nIn file included from third_party/boringssl/include/openssl/mem.h:60:\nthird_party/boringssl/include/openssl/base.h:213:31: error: redefinition of typedef 'ASN1_GENERALSTRING' is a C11 feature [-Werror,-Wtypedef-redefinition]\ntypedef struct asn1_string_st ASN1_GENERALSTRING;\n                              ^\n/usr/local/opt/openssl@3/include/openssl/types.h:52:31: note: previous definition is here\ntypedef struct asn1_string_st ASN1_GENERALSTRING;\n                              ^\nIn file included from third_party/boringssl/crypto/asn1/a_bitstr.c:62:\nIn file included from third_party/boringssl/include/openssl/mem.h:60:\nthird_party/boringssl/include/openssl/base.h:214:31: error: redefinition of typedef 'ASN1_IA5STRING' is a C11 feature [-Werror,-Wtypedef-redefinition]\ntypedef struct asn1_string_st ASN1_IA5STRING;\n                              ^\n/usr/local/opt/openssl@3/include/openssl/types.h:51:31: note: previous definition is here\ntypedef struct asn1_string_st ASN1_IA5STRING;\n                              ^\nIn file included from third_party/boringssl/crypto/asn1/a_bitstr.c:62:\nIn file included from third_party/boringssl/include/openssl/mem.h:60:\nthird_party/boringssl/include/openssl/base.h:215:31: error: redefinition of typedef 'ASN1_INTEGER' is a C11 feature [-Werror,-Wtypedef-redefinition]\ntypedef struct asn1_string_st ASN1_INTEGER;\n                              ^\n/usr/local/opt/openssl@3/include/openssl/types.h:45:31: note: previous definition is here\ntypedef struct asn1_string_st ASN1_INTEGER;\n                              ^\nIn file included from third_party/boringssl/crypto/asn1/a_bitstr.c:62:\nIn file included from third_party/boringssl/include/openssl/mem.h:60:\nthird_party/boringssl/include/openssl/base.h:216:31: error: redefinition of typedef 'ASN1_OCTET_STRING' is a C11 feature [-Werror,-Wtypedef-redefinition]\ntypedef struct asn1_string_st ASN1_OCTET_STRING;\n                              ^\n/usr/local/opt/openssl@3/include/openssl/types.h:48:31: note: previous definition is here\ntypedef struct asn1_string_st ASN1_OCTET_STRING;\n                              ^\nIn file included from third_party/boringssl/crypto/asn1/a_bitstr.c:62:\nIn file included from third_party/boringssl/include/openssl/mem.h:60:\nthird_party/boringssl/include/openssl/base.h:217:31: error: redefinition of typedef 'ASN1_PRINTABLESTRING' is a C11 feature [-Werror,-Wtypedef-redefinition]\ntypedef struct asn1_string_st ASN1_PRINTABLESTRING;\n                              ^\n/usr/local/opt/openssl@3/include/openssl/types.h:49:31: note: previous definition is here\ntypedef struct asn1_string_st ASN1_PRINTABLESTRING;\n                              ^\nIn file included from third_party/boringssl/crypto/asn1/a_bitstr.c:62:\nIn file included from third_party/boringssl/include/openssl/mem.h:60:\nthird_party/boringssl/include/openssl/base.h:218:31: error: redefinition of typedef 'ASN1_STRING' is a C11 feature [-Werror,-Wtypedef-redefinition]\ntypedef struct asn1_string_st ASN1_STRING;\n                              ^\n/usr/local/opt/openssl@3/include/openssl/types.h:60:31: note: previous definition is here\ntypedef struct asn1_string_st ASN1_STRING;\n                              ^\nIn file included from third_party/boringssl/crypto/asn1/a_bitstr.c:62:\nIn file included from third_party/boringssl/include/openssl/mem.h:60:\nthird_party/boringssl/include/openssl/base.h:219:31: error: redefinition of typedef 'ASN1_T61STRING' is a C11 feature [-Werror,-Wtypedef-redefinition]\ntypedef struct asn1_string_st ASN1_T61STRING;\n                              ^\n/usr/local/opt/openssl@3/include/openssl/types.h:50:31: note: previous definition is here\ntypedef struct asn1_string_st ASN1_T61STRING;\n                              ^\nfatal error: too many errors emitted, stopping now [-ferror-limit=]\n20 errors generated.\nmake: *** [/Users/runner/actions-runner/_work/python.build/python.build/build_grpcio160311/grpcio-1.6.0/objs/opt/third_party/boringssl/crypto/asn1/a_bitstr.o] Error 1\n"
2022-12-27T01:53:48.8628900Z   Traceback (most recent call last):
2022-12-27T01:53:48.8635410Z     File "<string>", line 2, in <module>
2022-12-27T01:53:48.8636160Z     File "<pip-setuptools-caller>", line 34, in <module>
2022-12-27T01:53:48.8636590Z     File "/Users/runner/actions-runner/_work/python.build/python.build/build_grpcio160311/grpcio-1.6.0/setup.py", line 290, in <module>
2022-12-27T01:53:48.8636800Z       setuptools.setup(
2022-12-27T01:53:48.8637370Z     File "/private/var/folders/51/hd414ycd67n82196sw51xqtc0000gn/T/cibw-run-hneeyiu3/cp311-macosx_arm64/build/venv/lib/python3.11/site-packages/setuptools/__init__.py", line 87, in setup
2022-12-27T01:53:48.8638070Z       return distutils.core.setup(**attrs)
2022-12-27T01:53:48.8638320Z              ^^^^^^^^^^^^^^^^^^^^^^^^^^^^^
2022-12-27T01:53:48.8638760Z     File "/private/var/folders/51/hd414ycd67n82196sw51xqtc0000gn/T/cibw-run-hneeyiu3/cp311-macosx_arm64/build/venv/lib/python3.11/site-packages/setuptools/_distutils/core.py", line 185, in setup
2022-12-27T01:53:48.8639440Z       return run_commands(dist)
2022-12-27T01:53:48.8639670Z              ^^^^^^^^^^^^^^^^^^
2022-12-27T01:53:48.8640140Z     File "/private/var/folders/51/hd414ycd67n82196sw51xqtc0000gn/T/cibw-run-hneeyiu3/cp311-macosx_arm64/build/venv/lib/python3.11/site-packages/setuptools/_distutils/core.py", line 201, in run_commands
2022-12-27T01:53:48.8640400Z       dist.run_commands()
2022-12-27T01:53:48.8640900Z     File "/private/var/folders/51/hd414ycd67n82196sw51xqtc0000gn/T/cibw-run-hneeyiu3/cp311-macosx_arm64/build/venv/lib/python3.11/site-packages/setuptools/_distutils/dist.py", line 969, in run_commands
2022-12-27T01:53:48.8641200Z       self.run_command(cmd)
2022-12-27T01:53:48.8641610Z     File "/private/var/folders/51/hd414ycd67n82196sw51xqtc0000gn/T/cibw-run-hneeyiu3/cp311-macosx_arm64/build/venv/lib/python3.11/site-packages/setuptools/dist.py", line 1208, in run_command
2022-12-27T01:53:48.8641900Z       super().run_command(command)
2022-12-27T01:53:48.8642330Z     File "/private/var/folders/51/hd414ycd67n82196sw51xqtc0000gn/T/cibw-run-hneeyiu3/cp311-macosx_arm64/build/venv/lib/python3.11/site-packages/setuptools/_distutils/dist.py", line 988, in run_command
2022-12-27T01:53:48.8642590Z       cmd_obj.run()
2022-12-27T01:53:48.8643010Z     File "/private/var/folders/51/hd414ycd67n82196sw51xqtc0000gn/T/cibw-run-hneeyiu3/cp311-macosx_arm64/build/venv/lib/python3.11/site-packages/wheel/bdist_wheel.py", line 325, in run
2022-12-27T01:53:48.8643270Z       self.run_command("build")
2022-12-27T01:53:48.8643680Z     File "/private/var/folders/51/hd414ycd67n82196sw51xqtc0000gn/T/cibw-run-hneeyiu3/cp311-macosx_arm64/build/venv/lib/python3.11/site-packages/setuptools/_distutils/cmd.py", line 318, in run_command
2022-12-27T01:53:48.8643990Z       self.distribution.run_command(command)
2022-12-27T01:53:48.8644390Z     File "/private/var/folders/51/hd414ycd67n82196sw51xqtc0000gn/T/cibw-run-hneeyiu3/cp311-macosx_arm64/build/venv/lib/python3.11/site-packages/setuptools/dist.py", line 1208, in run_command
2022-12-27T01:53:48.8644900Z       super().run_command(command)
2022-12-27T01:53:48.8645350Z     File "/private/var/folders/51/hd414ycd67n82196sw51xqtc0000gn/T/cibw-run-hneeyiu3/cp311-macosx_arm64/build/venv/lib/python3.11/site-packages/setuptools/_distutils/dist.py", line 988, in run_command
2022-12-27T01:53:48.8645620Z       cmd_obj.run()
2022-12-27T01:53:48.8646030Z     File "/private/var/folders/51/hd414ycd67n82196sw51xqtc0000gn/T/cibw-run-hneeyiu3/cp311-macosx_arm64/build/venv/lib/python3.11/site-packages/setuptools/_distutils/command/build.py", line 132, in run
2022-12-27T01:53:48.8646280Z       self.run_command(cmd_name)
2022-12-27T01:53:48.8646710Z     File "/private/var/folders/51/hd414ycd67n82196sw51xqtc0000gn/T/cibw-run-hneeyiu3/cp311-macosx_arm64/build/venv/lib/python3.11/site-packages/setuptools/_distutils/cmd.py", line 318, in run_command
2022-12-27T01:53:48.8647010Z       self.distribution.run_command(command)
2022-12-27T01:53:48.8647440Z     File "/private/var/folders/51/hd414ycd67n82196sw51xqtc0000gn/T/cibw-run-hneeyiu3/cp311-macosx_arm64/build/venv/lib/python3.11/site-packages/setuptools/dist.py", line 1208, in run_command
2022-12-27T01:53:48.8647700Z       super().run_command(command)
2022-12-27T01:53:48.8648060Z     File "/private/var/folders/51/hd414ycd67n82196sw51xqtc0000gn/T/cibw-run-hneeyiu3/cp311-macosx_arm64/build/venv/lib/python3.11/site-packages/setuptools/_distutils/dist.py", line 988, in run_command
2022-12-27T01:53:48.8648300Z       cmd_obj.run()
2022-12-27T01:53:48.8648630Z     File "/private/var/folders/51/hd414ycd67n82196sw51xqtc0000gn/T/cibw-run-hneeyiu3/cp311-macosx_arm64/build/venv/lib/python3.11/site-packages/setuptools/command/build_ext.py", line 84, in run
2022-12-27T01:53:48.8648910Z       _build_ext.run(self)
2022-12-27T01:53:48.8649300Z     File "/private/var/folders/51/hd414ycd67n82196sw51xqtc0000gn/T/cibw-run-hneeyiu3/cp311-macosx_arm64/build/venv/lib/python3.11/site-packages/Cython/Distutils/old_build_ext.py", line 186, in run
2022-12-27T01:53:48.8649590Z       _build_ext.build_ext.run(self)
2022-12-27T01:53:48.8650140Z     File "/private/var/folders/51/hd414ycd67n82196sw51xqtc0000gn/T/cibw-run-hneeyiu3/cp311-macosx_arm64/build/venv/lib/python3.11/site-packages/setuptools/_distutils/command/build_ext.py", line 346, in run
2022-12-27T01:53:48.8650460Z       self.build_extensions()
2022-12-27T01:53:48.8650860Z     File "/Users/runner/actions-runner/_work/python.build/python.build/build_grpcio160311/grpcio-1.6.0/src/python/grpcio/commands.py", line 276, in build_extensions
2022-12-27T01:53:48.8651150Z       raise Exception("make command failed!")
2022-12-27T01:53:48.8651330Z   Exception: make command failed!
2022-12-27T01:53:48.9028680Z   error: subprocess-exited-with-error
2022-12-27T01:53:48.9029090Z   
2022-12-27T01:53:48.9029640Z   Ã— python setup.py bdist_wheel did not run successfully.
2022-12-27T01:53:48.9030090Z   â”‚ exit code: 1
2022-12-27T01:53:48.9030550Z   â•°â”€> See above for output.
2022-12-27T01:53:48.9030860Z   
2022-12-27T01:53:48.9031230Z   note: This error originates from a subprocess, and is likely not a problem with pip.
2022-12-27T01:53:48.9038170Z   full command: /private/var/folders/51/hd414ycd67n82196sw51xqtc0000gn/T/cibw-run-hneeyiu3/cp311-macosx_arm64/build/venv/bin/python -u -c '
2022-12-27T01:53:48.9038980Z   exec(compile('"'"''"'"''"'"'
2022-12-27T01:53:48.9039340Z   # This is <pip-setuptools-caller> -- a caller that pip uses to run setup.py
2022-12-27T01:53:48.9039540Z   #
2022-12-27T01:53:48.9039840Z   # - It imports setuptools before invoking setup.py, to enable projects that directly
2022-12-27T01:53:48.9040130Z   #   import from `distutils.core` to work with newer packaging standards.
2022-12-27T01:53:48.9040460Z   # - It provides a clear error message when setuptools is not installed.
2022-12-27T01:53:48.9040830Z   # - It sets `sys.argv[0]` to the underlying `setup.py`, when invoking `setup.py` so
2022-12-27T01:53:48.9041510Z   #   setuptools doesn'"'"'t think the script is `-c`. This avoids the following warning:
2022-12-27T01:53:48.9041850Z   #     manifest_maker: standard file '"'"'-c'"'"' not found".
2022-12-27T01:53:48.9042130Z   # - It generates a shim setup.py, for handling setup.cfg-only projects.
2022-12-27T01:53:48.9042360Z   import os, sys, tokenize
2022-12-27T01:53:48.9042800Z   
2022-12-27T01:53:48.9042940Z   try:
2022-12-27T01:53:48.9043080Z       import setuptools
2022-12-27T01:53:48.9043280Z   except ImportError as error:
2022-12-27T01:53:48.9043470Z       print(
2022-12-27T01:53:48.9043680Z           "ERROR: Can not execute `setup.py` since setuptools is not available in "
2022-12-27T01:53:48.9043920Z           "the build environment.",
2022-12-27T01:53:48.9044110Z           file=sys.stderr,
2022-12-27T01:53:48.9044300Z       )
2022-12-27T01:53:48.9044430Z       sys.exit(1)
2022-12-27T01:53:48.9044590Z   
2022-12-27T01:53:48.9044750Z   __file__ = %r
2022-12-27T01:53:48.9044890Z   sys.argv[0] = __file__
2022-12-27T01:53:48.9045070Z   
2022-12-27T01:53:48.9045250Z   if os.path.exists(__file__):
2022-12-27T01:53:48.9045410Z       filename = __file__
2022-12-27T01:53:48.9045620Z       with tokenize.open(__file__) as f:
2022-12-27T01:53:48.9045830Z           setup_py_code = f.read()
2022-12-27T01:53:48.9045980Z   else:
2022-12-27T01:53:48.9046250Z       filename = "<auto-generated setuptools caller>"
2022-12-27T01:53:48.9046470Z       setup_py_code = "from setuptools import setup; setup()"
2022-12-27T01:53:48.9046640Z   
2022-12-27T01:53:48.9046840Z   exec(compile(setup_py_code, filename, "exec"))
2022-12-27T01:53:48.9047370Z   '"'"''"'"''"'"' % ('"'"'/Users/runner/actions-runner/_work/python.build/python.build/build_grpcio160311/grpcio-1.6.0/setup.py'"'"',), "<pip-setuptools-caller>", "exec"))' bdist_wheel -d /private/var/folders/51/hd414ycd67n82196sw51xqtc0000gn/T/pip-wheel-nm39vhuy
2022-12-27T01:53:48.9047890Z   cwd: /Users/runner/actions-runner/_work/python.build/python.build/build_grpcio160311/grpcio-1.6.0/
2022-12-27T01:53:48.9048240Z   Building wheel for grpcio (setup.py): finished with status 'error'
2022-12-27T01:53:48.9048720Z   ERROR: Failed building wheel for grpcio
2022-12-27T01:53:48.9048970Z   Running setup.py clean for grpcio
2022-12-27T01:53:48.9049510Z   Running command python setup.py clean
2022-12-27T01:53:49.2651670Z   running clean
2022-12-27T01:53:49.2666030Z   removing 'python_build/lib.macosx-11.0-arm64-cpython-311' (and everything under it)
2022-12-27T01:53:49.2703040Z   'python_build/bdist.macosx-11.0-arm64' does not exist -- can't clean it
2022-12-27T01:53:49.2704940Z   'python_build/scripts-3.11' does not exist -- can't clean it
2022-12-27T01:53:49.2706710Z   removing 'python_build'
2022-12-27T01:53:49.3031180Z Failed to build grpcio
2022-12-27T01:53:49.3035720Z ERROR: Failed to build one or more wheels
2022-12-27T01:53:49.3049240Z Exception information:
2022-12-27T01:53:49.3049380Z Traceback (most recent call last):
2022-12-27T01:53:49.3050280Z   File "/private/var/folders/51/hd414ycd67n82196sw51xqtc0000gn/T/cibw-run-hneeyiu3/cp311-macosx_arm64/build/venv/lib/python3.11/site-packages/pip/_internal/cli/base_command.py", line 160, in exc_logging_wrapper
2022-12-27T01:53:49.3051100Z     status = run_func(*args)
2022-12-27T01:53:49.3051380Z              ^^^^^^^^^^^^^^^
2022-12-27T01:53:49.3052100Z   File "/private/var/folders/51/hd414ycd67n82196sw51xqtc0000gn/T/cibw-run-hneeyiu3/cp311-macosx_arm64/build/venv/lib/python3.11/site-packages/pip/_internal/cli/req_command.py", line 247, in wrapper
2022-12-27T01:53:49.3052480Z     return func(self, options, args)
2022-12-27T01:53:49.3052710Z            ^^^^^^^^^^^^^^^^^^^^^^^^^
2022-12-27T01:53:49.3053220Z   File "/private/var/folders/51/hd414ycd67n82196sw51xqtc0000gn/T/cibw-run-hneeyiu3/cp311-macosx_arm64/build/venv/lib/python3.11/site-packages/pip/_internal/commands/wheel.py", line 201, in run
2022-12-27T01:53:49.3053590Z     raise CommandError("Failed to build one or more wheels")
2022-12-27T01:53:49.3053840Z pip._internal.exceptions.CommandError: Failed to build one or more wheels
2022-12-27T01:53:49.3054470Z Removed build tracker: '/private/var/folders/51/hd414ycd67n82196sw51xqtc0000gn/T/pip-build-tracker-x8kv9v8_'
2022-12-27T01:53:49.3501610Z ##[endgroup]
2022-12-27T01:53:49.3525110Z ##[error]Command ['python', '-m', 'pip', 'wheel', '/Users/runner/actions-runner/_work/python.build/python.build/build_grpcio160311/grpcio-1.6.0', '--wheel-dir=/private/var/folders/51/hd414ycd67n82196sw51xqtc0000gn/T/cibw-run-hneeyiu3/cp311-macosx_arm64/built_wheel', '--no-deps', '-vvv'] failed with code 1. None
2022-12-27T01:53:49.3532430Z 
2022-12-27T01:53:49.3532830Z                                                               [31mâœ• [0m5.52s
2022-12-27T01:53:49.4143530Z ##[error]Process completed with exit code 1.
2022-12-27T01:53:49.4176820Z ##[group]Run rm -rf build_grpcio160311 wheelsout
2022-12-27T01:53:49.4177030Z [36;1mrm -rf build_grpcio160311 wheelsout[0m
2022-12-27T01:53:49.4193320Z shell: /bin/bash -e {0}
2022-12-27T01:53:49.4193440Z env:
2022-12-27T01:53:49.4193610Z   pythonLocation: /Users/runner/hostedtoolcache/Python/3.11.1/x64
2022-12-27T01:53:49.4193820Z   PKG_CONFIG_PATH: /Users/runner/hostedtoolcache/Python/3.11.1/x64/lib/pkgconfig
2022-12-27T01:53:49.4194010Z   Python_ROOT_DIR: /Users/runner/hostedtoolcache/Python/3.11.1/x64
2022-12-27T01:53:49.4194190Z   Python2_ROOT_DIR: /Users/runner/hostedtoolcache/Python/3.11.1/x64
2022-12-27T01:53:49.4194370Z   Python3_ROOT_DIR: /Users/runner/hostedtoolcache/Python/3.11.1/x64
2022-12-27T01:53:49.4194510Z ##[endgroup]
2022-12-27T01:53:49.7086510Z Cleaning up orphan processes
