2022-12-27T08:57:32.9904035Z Requested labels: self-hosted, macOS, X64
2022-12-27T08:57:32.9904109Z Job defined at: kilnbuild/python.build/.github/workflows/mac_arm_build.yml@refs/heads/main
2022-12-27T08:57:32.9904136Z Waiting for a runner to pick up this job...
2022-12-27T11:40:30.8846370Z Job is about to start running on the runner: k2 (organization)
2022-12-27T11:40:31.7662980Z Current runner version: '2.300.2'
2022-12-27T11:40:31.7667820Z Runner name: 'k2'
2022-12-27T11:40:31.7668060Z Runner group name: 'Default'
2022-12-27T11:40:31.7668490Z Machine name: 'k2'
2022-12-27T11:40:31.7669930Z ##[group]GITHUB_TOKEN Permissions
2022-12-27T11:40:31.7670330Z Actions: write
2022-12-27T11:40:31.7670470Z Checks: write
2022-12-27T11:40:31.7670600Z Contents: write
2022-12-27T11:40:31.7670740Z Deployments: write
2022-12-27T11:40:31.7670880Z Discussions: write
2022-12-27T11:40:31.7671010Z Issues: write
2022-12-27T11:40:31.7671130Z Metadata: read
2022-12-27T11:40:31.7671260Z Packages: write
2022-12-27T11:40:31.7671400Z Pages: write
2022-12-27T11:40:31.7671530Z PullRequests: write
2022-12-27T11:40:31.7671700Z RepositoryProjects: write
2022-12-27T11:40:31.7671850Z SecurityEvents: write
2022-12-27T11:40:31.7671990Z Statuses: write
2022-12-27T11:40:31.7672130Z ##[endgroup]
2022-12-27T11:40:31.7674550Z Secret source: Actions
2022-12-27T11:40:31.7674860Z Prepare workflow directory
2022-12-27T11:40:31.8316210Z Prepare all required actions
2022-12-27T11:40:31.8434420Z Getting action download info
2022-12-27T11:40:32.2685980Z Download action repository 'actions/setup-python@v4' (SHA:5ccb29d8773c3f3f653e1705f474dfaa8a06a912)
2022-12-27T11:40:34.0395120Z Download action repository 'actions/upload-artifact@v3' (SHA:83fd05a356d7e2593de66fc9913b3002723633cb)
2022-12-27T11:40:35.3599300Z ##[group]Run echo '{
2022-12-27T11:40:35.3599570Z [36;1mecho '{[0m
2022-12-27T11:40:35.3599690Z [36;1m  "package_name": "lxml",[0m
2022-12-27T11:40:35.3599940Z [36;1m  "package_url": "https://files.pythonhosted.org/packages/e8/5d/98f56e274bdf17f2e0d9016d1788ca80d26d8987dcd5e1d9416d86ee0625/lxml-4.2.1.tar.gz",[0m
2022-12-27T11:40:35.3600190Z [36;1m  "package_version": "4.2.1",[0m
2022-12-27T11:40:35.3600330Z [36;1m  "python_version": "3.9",[0m
2022-12-27T11:40:35.3600510Z [36;1m  "use_ccache": "true"[0m
2022-12-27T11:40:35.3600630Z [36;1m}'[0m
2022-12-27T11:40:35.3616020Z shell: /bin/bash -e {0}
2022-12-27T11:40:35.3616230Z ##[endgroup]
2022-12-27T11:40:35.3824920Z {
2022-12-27T11:40:35.3826210Z   "package_name": "lxml",
2022-12-27T11:40:35.3826800Z   "package_url": "https://files.pythonhosted.org/packages/e8/5d/98f56e274bdf17f2e0d9016d1788ca80d26d8987dcd5e1d9416d86ee0625/lxml-4.2.1.tar.gz",
2022-12-27T11:40:35.3827090Z   "package_version": "4.2.1",
2022-12-27T11:40:35.3827320Z   "python_version": "3.9",
2022-12-27T11:40:35.3827510Z   "use_ccache": "true"
2022-12-27T11:40:35.3827670Z }
2022-12-27T11:40:35.4034420Z ##[group]Run actions/setup-python@v4
2022-12-27T11:40:35.4034680Z with:
2022-12-27T11:40:35.4034900Z   python-version: 3.9
2022-12-27T11:40:35.4035090Z   check-latest: false
2022-12-27T11:40:35.4035380Z   token: ***
2022-12-27T11:40:35.4035560Z   update-environment: true
2022-12-27T11:40:35.4035710Z ##[endgroup]
2022-12-27T11:40:35.5259620Z ##[group]Installed versions
2022-12-27T11:40:35.5363990Z Successfully set up CPython (3.9.16)
2022-12-27T11:40:35.5364880Z ##[endgroup]
2022-12-27T11:40:35.5507010Z ##[group]Run if [ "true" == "true" ]
2022-12-27T11:40:35.5507350Z [36;1mif [ "true" == "true" ][0m
2022-12-27T11:40:35.5507610Z [36;1mthen[0m
2022-12-27T11:40:35.5507800Z [36;1m  echo "CCACHE_PATH_PREPEND=/usr/local/opt/ccache/libexec" >> $GITHUB_OUTPUT[0m
2022-12-27T11:40:35.5508010Z [36;1melse[0m
2022-12-27T11:40:35.5508220Z [36;1m  echo "CCACHE_PATH_PREPEND=" >> $GITHUB_OUTPUT[0m
2022-12-27T11:40:35.5508740Z [36;1mfi[0m
2022-12-27T11:40:35.5525030Z shell: /bin/bash -e {0}
2022-12-27T11:40:35.5525250Z env:
2022-12-27T11:40:35.5525470Z   pythonLocation: /Users/runner/hostedtoolcache/Python/3.9.16/x64
2022-12-27T11:40:35.5525790Z   PKG_CONFIG_PATH: /Users/runner/hostedtoolcache/Python/3.9.16/x64/lib/pkgconfig
2022-12-27T11:40:35.5526050Z   Python_ROOT_DIR: /Users/runner/hostedtoolcache/Python/3.9.16/x64
2022-12-27T11:40:35.5526300Z   Python2_ROOT_DIR: /Users/runner/hostedtoolcache/Python/3.9.16/x64
2022-12-27T11:40:35.5526560Z   Python3_ROOT_DIR: /Users/runner/hostedtoolcache/Python/3.9.16/x64
2022-12-27T11:40:35.5527190Z ##[endgroup]
2022-12-27T11:40:35.5632220Z ##[group]Run echo "BUILD_NAME=$(echo lxml_4.2.1_3.9 | tr -dc '[:alnum:]\n\r' | tr '[:upper:]' '[:lower:]')" >> $GITHUB_OUTPUT
2022-12-27T11:40:35.5632710Z [36;1mecho "BUILD_NAME=$(echo lxml_4.2.1_3.9 | tr -dc '[:alnum:]\n\r' | tr '[:upper:]' '[:lower:]')" >> $GITHUB_OUTPUT[0m
2022-12-27T11:40:35.5646460Z shell: /bin/bash -e {0}
2022-12-27T11:40:35.5646630Z env:
2022-12-27T11:40:35.5646930Z   pythonLocation: /Users/runner/hostedtoolcache/Python/3.9.16/x64
2022-12-27T11:40:35.5647210Z   PKG_CONFIG_PATH: /Users/runner/hostedtoolcache/Python/3.9.16/x64/lib/pkgconfig
2022-12-27T11:40:35.5647420Z   Python_ROOT_DIR: /Users/runner/hostedtoolcache/Python/3.9.16/x64
2022-12-27T11:40:35.5647660Z   Python2_ROOT_DIR: /Users/runner/hostedtoolcache/Python/3.9.16/x64
2022-12-27T11:40:35.5647950Z   Python3_ROOT_DIR: /Users/runner/hostedtoolcache/Python/3.9.16/x64
2022-12-27T11:40:35.5648120Z ##[endgroup]
2022-12-27T11:40:35.5789690Z ##[group]Run echo "PYTHON_NO_DOTS=$(echo 3.9 | tr -dc '[:alnum:]\n\r' | tr '[:upper:]' '[:lower:]')" >> $GITHUB_OUTPUT
2022-12-27T11:40:35.5790190Z [36;1mecho "PYTHON_NO_DOTS=$(echo 3.9 | tr -dc '[:alnum:]\n\r' | tr '[:upper:]' '[:lower:]')" >> $GITHUB_OUTPUT[0m
2022-12-27T11:40:35.5803830Z shell: /bin/bash -e {0}
2022-12-27T11:40:35.5803980Z env:
2022-12-27T11:40:35.5804180Z   pythonLocation: /Users/runner/hostedtoolcache/Python/3.9.16/x64
2022-12-27T11:40:35.5804480Z   PKG_CONFIG_PATH: /Users/runner/hostedtoolcache/Python/3.9.16/x64/lib/pkgconfig
2022-12-27T11:40:35.5804690Z   Python_ROOT_DIR: /Users/runner/hostedtoolcache/Python/3.9.16/x64
2022-12-27T11:40:35.5804920Z   Python2_ROOT_DIR: /Users/runner/hostedtoolcache/Python/3.9.16/x64
2022-12-27T11:40:35.5805150Z   Python3_ROOT_DIR: /Users/runner/hostedtoolcache/Python/3.9.16/x64
2022-12-27T11:40:35.5805370Z ##[endgroup]
2022-12-27T11:40:35.5913290Z ##[group]Run rm -rf build_lxml42139
2022-12-27T11:40:35.5913600Z [36;1mrm -rf build_lxml42139[0m
2022-12-27T11:40:35.5913750Z [36;1mmkdir build_lxml42139[0m
2022-12-27T11:40:35.5913960Z [36;1mcd build_lxml42139[0m
2022-12-27T11:40:35.5914280Z [36;1m/usr/local/bin/wget --quiet https://files.pythonhosted.org/packages/e8/5d/98f56e274bdf17f2e0d9016d1788ca80d26d8987dcd5e1d9416d86ee0625/lxml-4.2.1.tar.gz[0m
2022-12-27T11:40:35.5914520Z [36;1mtar xf *.tar.gz[0m
2022-12-27T11:40:35.5914690Z [36;1mcd *[0m
2022-12-27T11:40:35.5914870Z [36;1mpython -m pip install cibuildwheel==2.11.3[0m
2022-12-27T11:40:35.5915090Z [36;1mpython -m cibuildwheel --output-dir ../wheelsout[0m
2022-12-27T11:40:35.5928500Z shell: /bin/bash -e {0}
2022-12-27T11:40:35.5928680Z env:
2022-12-27T11:40:35.5928890Z   pythonLocation: /Users/runner/hostedtoolcache/Python/3.9.16/x64
2022-12-27T11:40:35.5929110Z   PKG_CONFIG_PATH: /Users/runner/hostedtoolcache/Python/3.9.16/x64/lib/pkgconfig
2022-12-27T11:40:35.5929450Z   Python_ROOT_DIR: /Users/runner/hostedtoolcache/Python/3.9.16/x64
2022-12-27T11:40:35.5929650Z   Python2_ROOT_DIR: /Users/runner/hostedtoolcache/Python/3.9.16/x64
2022-12-27T11:40:35.5929880Z   Python3_ROOT_DIR: /Users/runner/hostedtoolcache/Python/3.9.16/x64
2022-12-27T11:40:35.5930090Z   CIBW_ARCHS_MACOS: arm64
2022-12-27T11:40:35.5930270Z   CIBW_TEST_SKIP: *_arm64
2022-12-27T11:40:35.5930440Z   CIBW_BUILD: cp39-macosx_arm64
2022-12-27T11:40:35.5930620Z   CIBW_BUILD_FRONTEND: pip
2022-12-27T11:40:35.5930770Z   CIBW_BUILD_VERBOSITY: 3
2022-12-27T11:40:35.5931080Z   CIBW_ENVIRONMENT_MACOS:  CFLAGS="-I/usr/local/opt/openssl@3/include" LDFLAGS="-L/usr/local/opt/openssl@3/lib" CPPFLAGS="-I/usr/local/opt/openssl@3/include" MAKEFLAGS="-j$(sysctl -n hw.logicalcpu)" PATH=/usr/local/opt/ccache/libexec:$PATH
2022-12-27T11:40:35.5931470Z   CIBW_BEFORE_BUILD: pip install Cython; if [[ -f requirements.txt ]]; then pip install -r requirements.txt; fi
2022-12-27T11:40:35.5931710Z   MAKEFLAGS: -j$(sysctl -n hw.logicalcpu)
2022-12-27T11:40:35.5931860Z ##[endgroup]
2022-12-27T11:40:36.1107930Z Requirement already satisfied: cibuildwheel==2.11.3 in /Users/runner/hostedtoolcache/Python/3.9.16/x64/lib/python3.9/site-packages (2.11.3)
2022-12-27T11:40:36.1357600Z Requirement already satisfied: certifi in /Users/runner/hostedtoolcache/Python/3.9.16/x64/lib/python3.9/site-packages (from cibuildwheel==2.11.3) (2022.12.7)
2022-12-27T11:40:36.1362510Z Requirement already satisfied: bashlex!=0.13 in /Users/runner/hostedtoolcache/Python/3.9.16/x64/lib/python3.9/site-packages (from cibuildwheel==2.11.3) (0.16)
2022-12-27T11:40:36.1368210Z Requirement already satisfied: tomli in /Users/runner/hostedtoolcache/Python/3.9.16/x64/lib/python3.9/site-packages (from cibuildwheel==2.11.3) (2.0.1)
2022-12-27T11:40:36.1371440Z Requirement already satisfied: bracex in /Users/runner/hostedtoolcache/Python/3.9.16/x64/lib/python3.9/site-packages (from cibuildwheel==2.11.3) (2.3.post1)
2022-12-27T11:40:36.1374990Z Requirement already satisfied: filelock in /Users/runner/hostedtoolcache/Python/3.9.16/x64/lib/python3.9/site-packages (from cibuildwheel==2.11.3) (3.8.2)
2022-12-27T11:40:36.1384450Z Requirement already satisfied: typing-extensions>=4.1.0 in /Users/runner/hostedtoolcache/Python/3.9.16/x64/lib/python3.9/site-packages (from cibuildwheel==2.11.3) (4.4.0)
2022-12-27T11:40:36.1387610Z Requirement already satisfied: platformdirs in /Users/runner/hostedtoolcache/Python/3.9.16/x64/lib/python3.9/site-packages (from cibuildwheel==2.11.3) (2.6.0)
2022-12-27T11:40:36.1392300Z Requirement already satisfied: packaging>=20.9 in /Users/runner/hostedtoolcache/Python/3.9.16/x64/lib/python3.9/site-packages (from cibuildwheel==2.11.3) (22.0)
2022-12-27T11:40:36.3097020Z 
2022-12-27T11:40:36.3097620Z      _ _       _ _   _       _           _
2022-12-27T11:40:36.3098220Z  ___|_| |_ _ _|_| |_| |_ _ _| |_ ___ ___| |
2022-12-27T11:40:36.3098790Z |  _| | . | | | | | . | | | |   | -_| -_| |
2022-12-27T11:40:36.3099210Z |___|_|___|___|_|_|___|_____|_|_|___|___|_|
2022-12-27T11:40:36.3099970Z 
2022-12-27T11:40:36.3100120Z cibuildwheel version 2.11.3
2022-12-27T11:40:36.3100290Z 
2022-12-27T11:40:36.3100410Z Build options:
2022-12-27T11:40:36.3100630Z   platform: macos
2022-12-27T11:40:36.3207360Z   architectures: arm64[0m
2022-12-27T11:40:36.3207790Z   build_selector: 
2022-12-27T11:40:36.3208840Z     build_config: cp39-macosx_arm64
2022-12-27T11:40:36.3209230Z     skip_config: 
2022-12-27T11:40:36.3209830Z     requires_python: None
2022-12-27T11:40:36.3210200Z     prerelease_pythons: False[0m
2022-12-27T11:40:36.3210580Z   [38;5;244mcontainer_engine: docker[0m
2022-12-27T11:40:36.3211100Z   output_dir: /Users/runner/actions-runner/_work/python.build/python.build/build_lxml42139/wheelsout[0m
2022-12-27T11:40:36.3211850Z   package_dir: /Users/runner/actions-runner/_work/python.build/python.build/build_lxml42139/lxml-4.2.1[0m
2022-12-27T11:40:36.3212190Z   test_selector: 
2022-12-27T11:40:36.3212540Z     skip_config: *_arm64[0m
2022-12-27T11:40:36.3212880Z   [38;5;244mbefore_all: [0m
2022-12-27T11:40:36.3213350Z   before_build: pip install Cython; if [[ -f requirements.txt ]]; then pip install -r requirements.txt; fi[0m
2022-12-27T11:40:36.3213860Z   [38;5;244mbefore_test: [0m
2022-12-27T11:40:36.3214220Z   [38;5;244mbuild_frontend: pip[0m
2022-12-27T11:40:36.3214520Z   build_verbosity: 3[0m
2022-12-27T11:40:36.3214870Z   [38;5;244mconfig_settings: [0m
2022-12-27T11:40:36.3215250Z   [38;5;244mdependency_constraints: pinned[0m
2022-12-27T11:40:36.3215590Z   environment: 
2022-12-27T11:40:36.3215940Z     CFLAGS="-I/usr/local/opt/openssl@3/include"
2022-12-27T11:40:36.3216260Z     LDFLAGS="-L/usr/local/opt/openssl@3/lib"
2022-12-27T11:40:36.3216580Z     CPPFLAGS="-I/usr/local/opt/openssl@3/include"
2022-12-27T11:40:36.3216850Z     MAKEFLAGS="-j$(sysctl -n hw.logicalcpu)"
2022-12-27T11:40:36.3217300Z     PATH=/usr/local/opt/ccache/libexec:$PATH[0m
2022-12-27T11:40:36.3217600Z   [38;5;244mmanylinux_images: None[0m
2022-12-27T11:40:36.3217840Z   [38;5;244mmusllinux_images: None[0m
2022-12-27T11:40:36.3218280Z   [38;5;244mrepair_command: delocate-wheel --require-archs {delocate_archs} -w {dest_dir} -v {wheel}[0m
2022-12-27T11:40:36.3218970Z   [38;5;244mtest_command: [0m
2022-12-27T11:40:36.3219200Z   [38;5;244mtest_extras: [0m
2022-12-27T11:40:36.3219450Z   [38;5;244mtest_requires: [0m
2022-12-27T11:40:36.3219580Z 
2022-12-27T11:40:36.3219710Z Cache folder: /Users/runner/Library/Caches/cibuildwheel
2022-12-27T11:40:36.3225450Z 
2022-12-27T11:40:36.3225710Z Here we go!
2022-12-27T11:40:36.3226010Z 
2022-12-27T11:40:36.3348480Z 
2022-12-27T11:40:36.3349040Z [1m[34mBuilding cp39-macosx_arm64 wheel[0m
2022-12-27T11:40:36.3349560Z CPython 3.9 macOS arm64 - Apple Silicon
2022-12-27T11:40:36.3349740Z 
2022-12-27T11:40:36.3352250Z ##[group]Installing Python cp39...
2022-12-27T11:40:36.3352530Z 
2022-12-27T11:40:36.3352740Z + pkgutil --pkgs
2022-12-27T11:40:36.3457220Z ##[endgroup]
2022-12-27T11:40:36.3458050Z                                                               [32mâœ“ [0m0.01s
2022-12-27T11:40:36.3458520Z ##[group]Setting up build environment...
2022-12-27T11:40:36.3458670Z 
2022-12-27T11:40:36.3478500Z + /Users/runner/hostedtoolcache/Python/3.9.16/x64/bin/python -sS /Users/runner/Library/Caches/cibuildwheel/virtualenv-20.17.0.pyz --activators= --no-periodic-update --pip=22.3.1 --setuptools=65.6.3 --wheel=0.38.4 --symlink-app-data --python /Library/Frameworks/Python.framework/Versions/3.9/bin/python3 /private/var/folders/51/hd414ycd67n82196sw51xqtc0000gn/T/cibw-run-p28vxgc6/cp39-macosx_arm64/build/venv
2022-12-27T11:40:36.5379920Z created virtual environment CPython3.9.13.final.0-64 in 52ms
2022-12-27T11:40:36.5380510Z   creator CPython3Posix(dest=/private/var/folders/51/hd414ycd67n82196sw51xqtc0000gn/T/cibw-run-p28vxgc6/cp39-macosx_arm64/build/venv, clear=False, no_vcs_ignore=False, global=False)
2022-12-27T11:40:36.5381180Z   seeder FromAppData(download=False, pip=22.3.1, setuptools=65.6.3, wheel=0.38.4, via=symlink, app_data_dir=/Users/runner/Library/Application Support/virtualenv)
2022-12-27T11:40:36.5381540Z     added seed packages: pip==22.3.1, setuptools==65.6.3, wheel==0.38.4
2022-12-27T11:40:36.5477240Z + python -m pip install --upgrade pip -c /Users/runner/hostedtoolcache/Python/3.9.16/x64/lib/python3.9/site-packages/cibuildwheel/resources/constraints-python39.txt
2022-12-27T11:40:36.8495110Z Requirement already satisfied: pip in ./lib/python3.9/site-packages (22.3.1)
2022-12-27T11:40:36.9900050Z + which pip
2022-12-27T11:40:36.9919580Z /private/var/folders/51/hd414ycd67n82196sw51xqtc0000gn/T/cibw-run-p28vxgc6/cp39-macosx_arm64/build/venv/bin/pip
2022-12-27T11:40:36.9922150Z + pip --version
2022-12-27T11:40:37.2149140Z pip 22.3.1 from /private/var/folders/51/hd414ycd67n82196sw51xqtc0000gn/T/cibw-run-p28vxgc6/cp39-macosx_arm64/build/venv/lib/python3.9/site-packages/pip (python 3.9)
2022-12-27T11:40:37.2374730Z + which pip
2022-12-27T11:40:37.2403430Z + which python
2022-12-27T11:40:37.2421960Z /private/var/folders/51/hd414ycd67n82196sw51xqtc0000gn/T/cibw-run-p28vxgc6/cp39-macosx_arm64/build/venv/bin/python
2022-12-27T11:40:37.2424650Z + python --version
2022-12-27T11:40:37.2475390Z Python 3.9.13
2022-12-27T11:40:37.2478590Z + which python
2022-12-27T11:40:37.2533440Z ##[endgroup]
2022-12-27T11:40:37.2534030Z                                                               [32mâœ“ [0m0.91s
2022-12-27T11:40:37.2534600Z ##[group]Installing build tools...
2022-12-27T11:40:37.2534730Z 
2022-12-27T11:40:37.2535240Z + pip install --upgrade setuptools wheel delocate -c /Users/runner/hostedtoolcache/Python/3.9.16/x64/lib/python3.9/site-packages/cibuildwheel/resources/constraints-python39.txt
2022-12-27T11:40:37.5499100Z Requirement already satisfied: setuptools in /private/var/folders/51/hd414ycd67n82196sw51xqtc0000gn/T/cibw-run-p28vxgc6/cp39-macosx_arm64/build/venv/lib/python3.9/site-packages (65.6.3)
2022-12-27T11:40:37.7786550Z Requirement already satisfied: wheel in /private/var/folders/51/hd414ycd67n82196sw51xqtc0000gn/T/cibw-run-p28vxgc6/cp39-macosx_arm64/build/venv/lib/python3.9/site-packages (0.38.4)
2022-12-27T11:40:37.8332770Z Collecting delocate
2022-12-27T11:40:37.8358890Z   Using cached delocate-0.10.3-py3-none-any.whl (142 kB)
2022-12-27T11:40:37.8597570Z Collecting typing-extensions
2022-12-27T11:40:37.8618320Z   Using cached typing_extensions-4.4.0-py3-none-any.whl (26 kB)
2022-12-27T11:40:37.8881790Z Collecting packaging>=20.9
2022-12-27T11:40:37.8903840Z   Using cached packaging-21.3-py3-none-any.whl (40 kB)
2022-12-27T11:40:37.9295270Z Collecting pyparsing!=3.0.5,>=2.0.2
2022-12-27T11:40:37.9315640Z   Using cached pyparsing-3.0.9-py3-none-any.whl (98 kB)
2022-12-27T11:40:37.9685340Z Installing collected packages: typing-extensions, pyparsing, packaging, delocate
2022-12-27T11:40:38.1127960Z Successfully installed delocate-0.10.3 packaging-21.3 pyparsing-3.0.9 typing-extensions-4.4.0
2022-12-27T11:40:38.1573080Z ##[endgroup]
2022-12-27T11:40:38.1573670Z                                                               [32mâœ“ [0m0.90s
2022-12-27T11:40:38.1574080Z ##[group]Running before_build...
2022-12-27T11:40:38.1574230Z 
2022-12-27T11:40:38.1582520Z + pip install Cython; if [[ -f requirements.txt ]]; then pip install -r requirements.txt; fi
2022-12-27T11:40:38.8493300Z Collecting Cython
2022-12-27T11:40:38.8540750Z   Using cached Cython-0.29.32-py2.py3-none-any.whl (986 kB)
2022-12-27T11:40:38.9033560Z Installing collected packages: Cython
2022-12-27T11:40:39.3794040Z Successfully installed Cython-0.29.32
2022-12-27T11:40:39.7204490Z Requirement already satisfied: Cython>=0.26.1 in /private/var/folders/51/hd414ycd67n82196sw51xqtc0000gn/T/cibw-run-p28vxgc6/cp39-macosx_arm64/build/venv/lib/python3.9/site-packages (from -r requirements.txt (line 1)) (0.29.32)
2022-12-27T11:40:39.7838660Z ##[endgroup]
2022-12-27T11:40:39.7839350Z                                                               [32mâœ“ [0m1.63s
2022-12-27T11:40:39.7839910Z ##[group]Building wheel...
2022-12-27T11:40:39.7840080Z 
2022-12-27T11:40:39.7844460Z + python -m pip wheel /Users/runner/actions-runner/_work/python.build/python.build/build_lxml42139/lxml-4.2.1 --wheel-dir=/private/var/folders/51/hd414ycd67n82196sw51xqtc0000gn/T/cibw-run-p28vxgc6/cp39-macosx_arm64/built_wheel --no-deps -vvv
2022-12-27T11:40:40.0639960Z Created temporary directory: /private/var/folders/51/hd414ycd67n82196sw51xqtc0000gn/T/pip-ephem-wheel-cache-gebuh0qn
2022-12-27T11:40:40.0645930Z Created temporary directory: /private/var/folders/51/hd414ycd67n82196sw51xqtc0000gn/T/pip-build-tracker-9rwiglkr
2022-12-27T11:40:40.0647890Z Initialized build tracking at /private/var/folders/51/hd414ycd67n82196sw51xqtc0000gn/T/pip-build-tracker-9rwiglkr
2022-12-27T11:40:40.0649550Z Created build tracker: /private/var/folders/51/hd414ycd67n82196sw51xqtc0000gn/T/pip-build-tracker-9rwiglkr
2022-12-27T11:40:40.0651170Z Entered build tracker: /private/var/folders/51/hd414ycd67n82196sw51xqtc0000gn/T/pip-build-tracker-9rwiglkr
2022-12-27T11:40:40.0654390Z Created temporary directory: /private/var/folders/51/hd414ycd67n82196sw51xqtc0000gn/T/pip-wheel-99jjbz0b
2022-12-27T11:40:40.0660540Z Created temporary directory: /private/var/folders/51/hd414ycd67n82196sw51xqtc0000gn/T/pip-ephem-wheel-cache-8yrg6rxk
2022-12-27T11:40:40.0820930Z Processing /Users/runner/actions-runner/_work/python.build/python.build/build_lxml42139/lxml-4.2.1
2022-12-27T11:40:40.0826220Z   Added file:///Users/runner/actions-runner/_work/python.build/python.build/build_lxml42139/lxml-4.2.1 to build tracker '/private/var/folders/51/hd414ycd67n82196sw51xqtc0000gn/T/pip-build-tracker-9rwiglkr'
2022-12-27T11:40:40.0829670Z   Running setup.py (path:/Users/runner/actions-runner/_work/python.build/python.build/build_lxml42139/lxml-4.2.1/setup.py) egg_info for package from file:///Users/runner/actions-runner/_work/python.build/python.build/build_lxml42139/lxml-4.2.1
2022-12-27T11:40:40.0833100Z   Created temporary directory: /private/var/folders/51/hd414ycd67n82196sw51xqtc0000gn/T/pip-pip-egg-info-hxajdvhl
2022-12-27T11:40:40.0835170Z   Preparing metadata (setup.py): started
2022-12-27T11:40:40.0837370Z   Running command python setup.py egg_info
2022-12-27T11:40:40.3881580Z   Building lxml version 4.2.1.
2022-12-27T11:40:40.3883680Z   Building without Cython.
2022-12-27T11:40:40.3886290Z   Using build configuration of libxslt 1.1.29
2022-12-27T11:40:40.3889280Z   Building against libxml2/libxslt in the following directory: /Library/Developer/CommandLineTools/SDKs/MacOSX12.1.sdk/usr/lib
2022-12-27T11:40:40.3891140Z   running egg_info
2022-12-27T11:40:40.3894180Z   creating /private/var/folders/51/hd414ycd67n82196sw51xqtc0000gn/T/pip-pip-egg-info-hxajdvhl/lxml.egg-info
2022-12-27T11:40:40.3896710Z   writing /private/var/folders/51/hd414ycd67n82196sw51xqtc0000gn/T/pip-pip-egg-info-hxajdvhl/lxml.egg-info/PKG-INFO
2022-12-27T11:40:40.3899860Z   writing dependency_links to /private/var/folders/51/hd414ycd67n82196sw51xqtc0000gn/T/pip-pip-egg-info-hxajdvhl/lxml.egg-info/dependency_links.txt
2022-12-27T11:40:40.3904620Z   writing requirements to /private/var/folders/51/hd414ycd67n82196sw51xqtc0000gn/T/pip-pip-egg-info-hxajdvhl/lxml.egg-info/requires.txt
2022-12-27T11:40:40.3907470Z   writing top-level names to /private/var/folders/51/hd414ycd67n82196sw51xqtc0000gn/T/pip-pip-egg-info-hxajdvhl/lxml.egg-info/top_level.txt
2022-12-27T11:40:40.3909970Z   writing manifest file '/private/var/folders/51/hd414ycd67n82196sw51xqtc0000gn/T/pip-pip-egg-info-hxajdvhl/lxml.egg-info/SOURCES.txt'
2022-12-27T11:40:40.4010200Z   reading manifest file '/private/var/folders/51/hd414ycd67n82196sw51xqtc0000gn/T/pip-pip-egg-info-hxajdvhl/lxml.egg-info/SOURCES.txt'
2022-12-27T11:40:40.4012910Z   reading manifest template 'MANIFEST.in'
2022-12-27T11:40:40.5122890Z   adding license file 'LICENSES.txt'
2022-12-27T11:40:40.5194300Z   writing manifest file '/private/var/folders/51/hd414ycd67n82196sw51xqtc0000gn/T/pip-pip-egg-info-hxajdvhl/lxml.egg-info/SOURCES.txt'
2022-12-27T11:40:40.5448740Z   Preparing metadata (setup.py): finished with status 'done'
2022-12-27T11:40:40.5475890Z   Source in /Users/runner/actions-runner/_work/python.build/python.build/build_lxml42139/lxml-4.2.1 has version 4.2.1, which satisfies requirement lxml==4.2.1 from file:///Users/runner/actions-runner/_work/python.build/python.build/build_lxml42139/lxml-4.2.1
2022-12-27T11:40:40.5479150Z   Removed lxml==4.2.1 from file:///Users/runner/actions-runner/_work/python.build/python.build/build_lxml42139/lxml-4.2.1 from build tracker '/private/var/folders/51/hd414ycd67n82196sw51xqtc0000gn/T/pip-build-tracker-9rwiglkr'
2022-12-27T11:40:40.5497760Z Created temporary directory: /private/var/folders/51/hd414ycd67n82196sw51xqtc0000gn/T/pip-unpack-s28jqkm2
2022-12-27T11:40:40.5500200Z Building wheels for collected packages: lxml
2022-12-27T11:40:40.5507720Z   Created temporary directory: /private/var/folders/51/hd414ycd67n82196sw51xqtc0000gn/T/pip-wheel-3x70vlnc
2022-12-27T11:40:40.5509580Z   Building wheel for lxml (setup.py): started
2022-12-27T11:40:40.5511630Z   Destination directory: /private/var/folders/51/hd414ycd67n82196sw51xqtc0000gn/T/pip-wheel-3x70vlnc
2022-12-27T11:40:40.5513150Z   Running command python setup.py bdist_wheel
2022-12-27T11:40:40.7100160Z   Building lxml version 4.2.1.
2022-12-27T11:40:40.7102000Z   Building without Cython.
2022-12-27T11:40:40.7234100Z   Using build configuration of libxslt 1.1.29
2022-12-27T11:40:40.8271480Z   Building against libxml2/libxslt in the following directory: /Library/Developer/CommandLineTools/SDKs/MacOSX12.1.sdk/usr/lib
2022-12-27T11:40:40.8549210Z   running bdist_wheel
2022-12-27T11:40:40.8593020Z   running build
2022-12-27T11:40:40.8595540Z   running build_py
2022-12-27T11:40:40.8616960Z   creating build
2022-12-27T11:40:40.8619160Z   creating build/lib.macosx-11.0-arm64-cpython-39
2022-12-27T11:40:40.8620510Z   creating build/lib.macosx-11.0-arm64-cpython-39/lxml
2022-12-27T11:40:40.8622200Z   copying src/lxml/_elementpath.py -> build/lib.macosx-11.0-arm64-cpython-39/lxml
2022-12-27T11:40:40.8626510Z   copying src/lxml/sax.py -> build/lib.macosx-11.0-arm64-cpython-39/lxml
2022-12-27T11:40:40.8630200Z   copying src/lxml/pyclasslookup.py -> build/lib.macosx-11.0-arm64-cpython-39/lxml
2022-12-27T11:40:40.8632420Z   copying src/lxml/__init__.py -> build/lib.macosx-11.0-arm64-cpython-39/lxml
2022-12-27T11:40:40.8634650Z   copying src/lxml/builder.py -> build/lib.macosx-11.0-arm64-cpython-39/lxml
2022-12-27T11:40:40.8637190Z   copying src/lxml/doctestcompare.py -> build/lib.macosx-11.0-arm64-cpython-39/lxml
2022-12-27T11:40:40.8640360Z   copying src/lxml/usedoctest.py -> build/lib.macosx-11.0-arm64-cpython-39/lxml
2022-12-27T11:40:40.8642620Z   copying src/lxml/cssselect.py -> build/lib.macosx-11.0-arm64-cpython-39/lxml
2022-12-27T11:40:40.8645380Z   copying src/lxml/ElementInclude.py -> build/lib.macosx-11.0-arm64-cpython-39/lxml
2022-12-27T11:40:40.8649970Z   creating build/lib.macosx-11.0-arm64-cpython-39/lxml/includes
2022-12-27T11:40:40.8651560Z   copying src/lxml/includes/__init__.py -> build/lib.macosx-11.0-arm64-cpython-39/lxml/includes
2022-12-27T11:40:40.8658220Z   creating build/lib.macosx-11.0-arm64-cpython-39/lxml/html
2022-12-27T11:40:40.8659880Z   copying src/lxml/html/soupparser.py -> build/lib.macosx-11.0-arm64-cpython-39/lxml/html
2022-12-27T11:40:40.8662680Z   copying src/lxml/html/defs.py -> build/lib.macosx-11.0-arm64-cpython-39/lxml/html
2022-12-27T11:40:40.8665730Z   copying src/lxml/html/_setmixin.py -> build/lib.macosx-11.0-arm64-cpython-39/lxml/html
2022-12-27T11:40:40.8667810Z   copying src/lxml/html/clean.py -> build/lib.macosx-11.0-arm64-cpython-39/lxml/html
2022-12-27T11:40:40.8670380Z   copying src/lxml/html/_diffcommand.py -> build/lib.macosx-11.0-arm64-cpython-39/lxml/html
2022-12-27T11:40:40.8673010Z   copying src/lxml/html/html5parser.py -> build/lib.macosx-11.0-arm64-cpython-39/lxml/html
2022-12-27T11:40:40.8675860Z   copying src/lxml/html/__init__.py -> build/lib.macosx-11.0-arm64-cpython-39/lxml/html
2022-12-27T11:40:40.8678670Z   copying src/lxml/html/formfill.py -> build/lib.macosx-11.0-arm64-cpython-39/lxml/html
2022-12-27T11:40:40.8681580Z   copying src/lxml/html/builder.py -> build/lib.macosx-11.0-arm64-cpython-39/lxml/html
2022-12-27T11:40:40.8683860Z   copying src/lxml/html/ElementSoup.py -> build/lib.macosx-11.0-arm64-cpython-39/lxml/html
2022-12-27T11:40:40.8686270Z   copying src/lxml/html/_html5builder.py -> build/lib.macosx-11.0-arm64-cpython-39/lxml/html
2022-12-27T11:40:40.8688950Z   copying src/lxml/html/usedoctest.py -> build/lib.macosx-11.0-arm64-cpython-39/lxml/html
2022-12-27T11:40:40.8691330Z   copying src/lxml/html/diff.py -> build/lib.macosx-11.0-arm64-cpython-39/lxml/html
2022-12-27T11:40:40.8696080Z   creating build/lib.macosx-11.0-arm64-cpython-39/lxml/isoschematron
2022-12-27T11:40:40.8697630Z   copying src/lxml/isoschematron/__init__.py -> build/lib.macosx-11.0-arm64-cpython-39/lxml/isoschematron
2022-12-27T11:40:40.8724800Z   copying src/lxml/etree.h -> build/lib.macosx-11.0-arm64-cpython-39/lxml
2022-12-27T11:40:40.8728540Z   copying src/lxml/etree_api.h -> build/lib.macosx-11.0-arm64-cpython-39/lxml
2022-12-27T11:40:40.8731570Z   copying src/lxml/lxml.etree.h -> build/lib.macosx-11.0-arm64-cpython-39/lxml
2022-12-27T11:40:40.8734450Z   copying src/lxml/lxml.etree_api.h -> build/lib.macosx-11.0-arm64-cpython-39/lxml
2022-12-27T11:40:40.8737310Z   copying src/lxml/includes/xmlerror.pxd -> build/lib.macosx-11.0-arm64-cpython-39/lxml/includes
2022-12-27T11:40:40.8740500Z   copying src/lxml/includes/c14n.pxd -> build/lib.macosx-11.0-arm64-cpython-39/lxml/includes
2022-12-27T11:40:40.8743560Z   copying src/lxml/includes/xmlschema.pxd -> build/lib.macosx-11.0-arm64-cpython-39/lxml/includes
2022-12-27T11:40:40.8746320Z   copying src/lxml/includes/__init__.pxd -> build/lib.macosx-11.0-arm64-cpython-39/lxml/includes
2022-12-27T11:40:40.8748550Z   copying src/lxml/includes/schematron.pxd -> build/lib.macosx-11.0-arm64-cpython-39/lxml/includes
2022-12-27T11:40:40.8751330Z   copying src/lxml/includes/tree.pxd -> build/lib.macosx-11.0-arm64-cpython-39/lxml/includes
2022-12-27T11:40:40.8754360Z   copying src/lxml/includes/uri.pxd -> build/lib.macosx-11.0-arm64-cpython-39/lxml/includes
2022-12-27T11:40:40.8757250Z   copying src/lxml/includes/etreepublic.pxd -> build/lib.macosx-11.0-arm64-cpython-39/lxml/includes
2022-12-27T11:40:40.8760620Z   copying src/lxml/includes/xpath.pxd -> build/lib.macosx-11.0-arm64-cpython-39/lxml/includes
2022-12-27T11:40:40.8763330Z   copying src/lxml/includes/htmlparser.pxd -> build/lib.macosx-11.0-arm64-cpython-39/lxml/includes
2022-12-27T11:40:40.8765920Z   copying src/lxml/includes/xslt.pxd -> build/lib.macosx-11.0-arm64-cpython-39/lxml/includes
2022-12-27T11:40:40.8769210Z   copying src/lxml/includes/config.pxd -> build/lib.macosx-11.0-arm64-cpython-39/lxml/includes
2022-12-27T11:40:40.8771630Z   copying src/lxml/includes/xmlparser.pxd -> build/lib.macosx-11.0-arm64-cpython-39/lxml/includes
2022-12-27T11:40:40.8774730Z   copying src/lxml/includes/xinclude.pxd -> build/lib.macosx-11.0-arm64-cpython-39/lxml/includes
2022-12-27T11:40:40.8777530Z   copying src/lxml/includes/dtdvalid.pxd -> build/lib.macosx-11.0-arm64-cpython-39/lxml/includes
2022-12-27T11:40:40.8780250Z   copying src/lxml/includes/relaxng.pxd -> build/lib.macosx-11.0-arm64-cpython-39/lxml/includes
2022-12-27T11:40:40.8783060Z   copying src/lxml/includes/lxml-version.h -> build/lib.macosx-11.0-arm64-cpython-39/lxml/includes
2022-12-27T11:40:40.8785710Z   copying src/lxml/includes/etree_defs.h -> build/lib.macosx-11.0-arm64-cpython-39/lxml/includes
2022-12-27T11:40:40.8789080Z   creating build/lib.macosx-11.0-arm64-cpython-39/lxml/isoschematron/resources
2022-12-27T11:40:40.8790700Z   creating build/lib.macosx-11.0-arm64-cpython-39/lxml/isoschematron/resources/rng
2022-12-27T11:40:40.8792430Z   copying src/lxml/isoschematron/resources/rng/iso-schematron.rng -> build/lib.macosx-11.0-arm64-cpython-39/lxml/isoschematron/resources/rng
2022-12-27T11:40:40.8795380Z   creating build/lib.macosx-11.0-arm64-cpython-39/lxml/isoschematron/resources/xsl
2022-12-27T11:40:40.8797450Z   copying src/lxml/isoschematron/resources/xsl/XSD2Schtrn.xsl -> build/lib.macosx-11.0-arm64-cpython-39/lxml/isoschematron/resources/xsl
2022-12-27T11:40:40.8799790Z   copying src/lxml/isoschematron/resources/xsl/RNG2Schtrn.xsl -> build/lib.macosx-11.0-arm64-cpython-39/lxml/isoschematron/resources/xsl
2022-12-27T11:40:40.8802220Z   creating build/lib.macosx-11.0-arm64-cpython-39/lxml/isoschematron/resources/xsl/iso-schematron-xslt1
2022-12-27T11:40:40.8804410Z   copying src/lxml/isoschematron/resources/xsl/iso-schematron-xslt1/iso_abstract_expand.xsl -> build/lib.macosx-11.0-arm64-cpython-39/lxml/isoschematron/resources/xsl/iso-schematron-xslt1
2022-12-27T11:40:40.8806170Z   copying src/lxml/isoschematron/resources/xsl/iso-schematron-xslt1/iso_dsdl_include.xsl -> build/lib.macosx-11.0-arm64-cpython-39/lxml/isoschematron/resources/xsl/iso-schematron-xslt1
2022-12-27T11:40:40.8809610Z   copying src/lxml/isoschematron/resources/xsl/iso-schematron-xslt1/iso_schematron_skeleton_for_xslt1.xsl -> build/lib.macosx-11.0-arm64-cpython-39/lxml/isoschematron/resources/xsl/iso-schematron-xslt1
2022-12-27T11:40:40.8813520Z   copying src/lxml/isoschematron/resources/xsl/iso-schematron-xslt1/iso_svrl_for_xslt1.xsl -> build/lib.macosx-11.0-arm64-cpython-39/lxml/isoschematron/resources/xsl/iso-schematron-xslt1
2022-12-27T11:40:40.8816950Z   copying src/lxml/isoschematron/resources/xsl/iso-schematron-xslt1/iso_schematron_message.xsl -> build/lib.macosx-11.0-arm64-cpython-39/lxml/isoschematron/resources/xsl/iso-schematron-xslt1
2022-12-27T11:40:40.8819790Z   copying src/lxml/isoschematron/resources/xsl/iso-schematron-xslt1/readme.txt -> build/lib.macosx-11.0-arm64-cpython-39/lxml/isoschematron/resources/xsl/iso-schematron-xslt1
2022-12-27T11:40:40.8887500Z   running build_ext
2022-12-27T11:40:40.9137030Z   building 'lxml.etree' extension
2022-12-27T11:40:40.9139350Z   creating build/temp.macosx-11.0-arm64-cpython-39
2022-12-27T11:40:40.9140930Z   creating build/temp.macosx-11.0-arm64-cpython-39/src
2022-12-27T11:40:40.9142800Z   creating build/temp.macosx-11.0-arm64-cpython-39/src/lxml
2022-12-27T11:40:40.9146100Z   gcc -Wno-unused-result -Wsign-compare -Wunreachable-code -fno-common -dynamic -DNDEBUG -g -fwrapv -O3 -Wall -g -I/usr/local/opt/openssl@3/include -I/usr/local/opt/openssl@3/include -arch arm64 -DCYTHON_CLINE_IN_TRACEBACK=0 -I/Library/Developer/CommandLineTools/SDKs/MacOSX12.1.sdk/usr/include -Isrc -Isrc/lxml/includes -I/private/var/folders/51/hd414ycd67n82196sw51xqtc0000gn/T/cibw-run-p28vxgc6/cp39-macosx_arm64/build/venv/include -I/Library/Frameworks/Python.framework/Versions/3.9/include/python3.9 -c src/lxml/etree.c -o build/temp.macosx-11.0-arm64-cpython-39/src/lxml/etree.o -w -flat_namespace
2022-12-27T11:40:41.7769590Z   src/lxml/etree.c:233825:33: error: no member named 'tp_print' in 'struct _typeobject'
2022-12-27T11:40:41.7770510Z     __pyx_type_4lxml_5etree_Error.tp_print = 0;
2022-12-27T11:40:41.7772660Z     ~~~~~~~~~~~~~~~~~~~~~~~~~~~~~ ^
2022-12-27T11:40:41.7774620Z   src/lxml/etree.c:233833:37: error: no member named 'tp_print' in 'struct _typeobject'
2022-12-27T11:40:41.7776200Z     __pyx_type_4lxml_5etree_LxmlError.tp_print = 0;
2022-12-27T11:40:41.7777460Z     ~~~~~~~~~~~~~~~~~~~~~~~~~~~~~~~~~ ^
2022-12-27T11:40:41.7779500Z   src/lxml/etree.c:233841:37: error: no member named 'tp_print' in 'struct _typeobject'
2022-12-27T11:40:41.7780390Z     __pyx_type_4lxml_5etree_C14NError.tp_print = 0;
2022-12-27T11:40:41.7781740Z     ~~~~~~~~~~~~~~~~~~~~~~~~~~~~~~~~~ ^
2022-12-27T11:40:41.7783410Z   src/lxml/etree.c:233851:38: error: no member named 'tp_print' in 'struct _typeobject'
2022-12-27T11:40:41.7784640Z     __pyx_type_4lxml_5etree__TempStore.tp_print = 0;
2022-12-27T11:40:41.7785940Z     ~~~~~~~~~~~~~~~~~~~~~~~~~~~~~~~~~~ ^
2022-12-27T11:40:41.7787740Z   src/lxml/etree.c:233864:45: error: no member named 'tp_print' in 'struct _typeobject'
2022-12-27T11:40:41.7789160Z     __pyx_type_4lxml_5etree__ExceptionContext.tp_print = 0;
2022-12-27T11:40:41.7790420Z     ~~~~~~~~~~~~~~~~~~~~~~~~~~~~~~~~~~~~~~~~~ ^
2022-12-27T11:40:41.7792000Z   src/lxml/etree.c:233874:37: error: no member named 'tp_print' in 'struct _typeobject'
2022-12-27T11:40:41.7793780Z     __pyx_type_4lxml_5etree__LogEntry.tp_print = 0;
2022-12-27T11:40:41.7794550Z     ~~~~~~~~~~~~~~~~~~~~~~~~~~~~~~~~~ ^
2022-12-27T11:40:41.7796170Z   src/lxml/etree.c:233889:41: error: no member named 'tp_print' in 'struct _typeobject'
2022-12-27T11:40:41.7797470Z     __pyx_type_4lxml_5etree__BaseErrorLog.tp_print = 0;
2022-12-27T11:40:41.7798950Z     ~~~~~~~~~~~~~~~~~~~~~~~~~~~~~~~~~~~~~ ^
2022-12-27T11:40:41.7800560Z   src/lxml/etree.c:233901:41: error: no member named 'tp_print' in 'struct _typeobject'
2022-12-27T11:40:41.7801880Z     __pyx_type_4lxml_5etree__ListErrorLog.tp_print = 0;
2022-12-27T11:40:41.7803220Z     ~~~~~~~~~~~~~~~~~~~~~~~~~~~~~~~~~~~~~ ^
2022-12-27T11:40:41.7804820Z   src/lxml/etree.c:233912:44: error: no member named 'tp_print' in 'struct _typeobject'
2022-12-27T11:40:41.7806130Z     __pyx_type_4lxml_5etree__ErrorLogContext.tp_print = 0;
2022-12-27T11:40:41.7807460Z     ~~~~~~~~~~~~~~~~~~~~~~~~~~~~~~~~~~~~~~~~ ^
2022-12-27T11:40:41.7809060Z   src/lxml/etree.c:233928:37: error: no member named 'tp_print' in 'struct _typeobject'
2022-12-27T11:40:41.7810300Z     __pyx_type_4lxml_5etree__ErrorLog.tp_print = 0;
2022-12-27T11:40:41.7811610Z     ~~~~~~~~~~~~~~~~~~~~~~~~~~~~~~~~~ ^
2022-12-27T11:40:41.7813170Z   src/lxml/etree.c:233940:43: error: no member named 'tp_print' in 'struct _typeobject'
2022-12-27T11:40:41.7814440Z     __pyx_type_4lxml_5etree__DomainErrorLog.tp_print = 0;
2022-12-27T11:40:41.7815790Z     ~~~~~~~~~~~~~~~~~~~~~~~~~~~~~~~~~~~~~~~ ^
2022-12-27T11:40:41.7817350Z   src/lxml/etree.c:233952:45: error: no member named 'tp_print' in 'struct _typeobject'
2022-12-27T11:40:41.7818730Z     __pyx_type_4lxml_5etree__RotatingErrorLog.tp_print = 0;
2022-12-27T11:40:41.7820010Z     ~~~~~~~~~~~~~~~~~~~~~~~~~~~~~~~~~~~~~~~~~ ^
2022-12-27T11:40:41.7821700Z   src/lxml/etree.c:233965:38: error: no member named 'tp_print' in 'struct _typeobject'
2022-12-27T11:40:41.7822920Z     __pyx_type_4lxml_5etree_PyErrorLog.tp_print = 0;
2022-12-27T11:40:41.7824230Z     ~~~~~~~~~~~~~~~~~~~~~~~~~~~~~~~~~~ ^
2022-12-27T11:40:41.7825780Z   src/lxml/etree.c:233982:20: error: no member named 'tp_print' in 'struct _typeobject'
2022-12-27T11:40:41.7827150Z     LxmlDocumentType.tp_print = 0;
2022-12-27T11:40:41.7828520Z     ~~~~~~~~~~~~~~~~ ^
2022-12-27T11:40:41.7830130Z   src/lxml/etree.c:233992:35: error: no member named 'tp_print' in 'struct _typeobject'
2022-12-27T11:40:41.7831400Z     __pyx_type_4lxml_5etree_DocInfo.tp_print = 0;
2022-12-27T11:40:41.7832720Z     ~~~~~~~~~~~~~~~~~~~~~~~~~~~~~~~ ^
2022-12-27T11:40:41.7834300Z   src/lxml/etree.c:234000:19: error: no member named 'tp_print' in 'struct _typeobject'
2022-12-27T11:40:41.7835560Z     LxmlElementType.tp_print = 0;
2022-12-27T11:40:41.7836870Z     ~~~~~~~~~~~~~~~ ^
2022-12-27T11:40:41.7838520Z   src/lxml/etree.c:234080:48: error: no member named 'tp_print' in 'struct _typeobject'
2022-12-27T11:40:41.7839810Z     __pyx_type_4lxml_5etree___ContentOnlyElement.tp_print = 0;
2022-12-27T11:40:41.7841090Z     ~~~~~~~~~~~~~~~~~~~~~~~~~~~~~~~~~~~~~~~~~~~~ ^
2022-12-27T11:40:41.7842760Z   src/lxml/etree.c:234120:36: error: no member named 'tp_print' in 'struct _typeobject'
2022-12-27T11:40:41.7843980Z     __pyx_type_4lxml_5etree__Comment.tp_print = 0;
2022-12-27T11:40:41.7845290Z     ~~~~~~~~~~~~~~~~~~~~~~~~~~~~~~~~ ^
2022-12-27T11:40:41.7846900Z   src/lxml/etree.c:234131:50: error: no member named 'tp_print' in 'struct _typeobject'
2022-12-27T11:40:41.7848240Z     __pyx_type_4lxml_5etree__ProcessingInstruction.tp_print = 0;
2022-12-27T11:40:41.7849550Z     ~~~~~~~~~~~~~~~~~~~~~~~~~~~~~~~~~~~~~~~~~~~~~~ ^
2022-12-27T11:40:41.7851080Z   fatal error: too many errors emitted, stopping now [-ferror-limit=]
2022-12-27T11:40:41.8897960Z   20 errors generated.
2022-12-27T11:40:41.8947770Z   Compile failed: command '/usr/bin/gcc' failed with exit code 1
2022-12-27T11:40:41.9606680Z   creating var
2022-12-27T11:40:41.9608450Z   creating var/folders
2022-12-27T11:40:41.9610270Z   creating var/folders/51
2022-12-27T11:40:41.9612350Z   creating var/folders/51/hd414ycd67n82196sw51xqtc0000gn
2022-12-27T11:40:41.9614050Z   creating var/folders/51/hd414ycd67n82196sw51xqtc0000gn/T
2022-12-27T11:40:41.9616950Z   cc -arch arm64 -I/Library/Developer/CommandLineTools/SDKs/MacOSX12.1.sdk/usr/include -I/usr/include/libxml2 -c /var/folders/51/hd414ycd67n82196sw51xqtc0000gn/T/xmlXPathInitd_it3dyx.c -o var/folders/51/hd414ycd67n82196sw51xqtc0000gn/T/xmlXPathInitd_it3dyx.o
2022-12-27T11:40:42.0040300Z   cc -arch arm64 var/folders/51/hd414ycd67n82196sw51xqtc0000gn/T/xmlXPathInitd_it3dyx.o -L/Library/Developer/CommandLineTools/SDKs/MacOSX12.1.sdk/usr/lib -lxml2 -o a.out
2022-12-27T11:40:42.0438200Z   error: command '/usr/bin/gcc' failed with exit code 1
2022-12-27T11:40:42.0758340Z   error: subprocess-exited-with-error
2022-12-27T11:40:42.0758730Z   
2022-12-27T11:40:42.0759150Z   Ã— python setup.py bdist_wheel did not run successfully.
2022-12-27T11:40:42.0759490Z   â”‚ exit code: 1
2022-12-27T11:40:42.0759820Z   â•°â”€> See above for output.
2022-12-27T11:40:42.0760030Z   
2022-12-27T11:40:42.0760390Z   note: This error originates from a subprocess, and is likely not a problem with pip.
2022-12-27T11:40:42.0767600Z   full command: /private/var/folders/51/hd414ycd67n82196sw51xqtc0000gn/T/cibw-run-p28vxgc6/cp39-macosx_arm64/build/venv/bin/python -u -c '
2022-12-27T11:40:42.0768220Z   exec(compile('"'"''"'"''"'"'
2022-12-27T11:40:42.0768850Z   # This is <pip-setuptools-caller> -- a caller that pip uses to run setup.py
2022-12-27T11:40:42.0769290Z   #
2022-12-27T11:40:42.0769740Z   # - It imports setuptools before invoking setup.py, to enable projects that directly
2022-12-27T11:40:42.0770070Z   #   import from `distutils.core` to work with newer packaging standards.
2022-12-27T11:40:42.0770450Z   # - It provides a clear error message when setuptools is not installed.
2022-12-27T11:40:42.0770810Z   # - It sets `sys.argv[0]` to the underlying `setup.py`, when invoking `setup.py` so
2022-12-27T11:40:42.0771160Z   #   setuptools doesn'"'"'t think the script is `-c`. This avoids the following warning:
2022-12-27T11:40:42.0771810Z   #     manifest_maker: standard file '"'"'-c'"'"' not found".
2022-12-27T11:40:42.0772490Z   # - It generates a shim setup.py, for handling setup.cfg-only projects.
2022-12-27T11:40:42.0773500Z   import os, sys, tokenize
2022-12-27T11:40:42.0773750Z   
2022-12-27T11:40:42.0774050Z   try:
2022-12-27T11:40:42.0774350Z       import setuptools
2022-12-27T11:40:42.0774640Z   except ImportError as error:
2022-12-27T11:40:42.0774970Z       print(
2022-12-27T11:40:42.0775360Z           "ERROR: Can not execute `setup.py` since setuptools is not available in "
2022-12-27T11:40:42.0775940Z           "the build environment.",
2022-12-27T11:40:42.0776210Z           file=sys.stderr,
2022-12-27T11:40:42.0776480Z       )
2022-12-27T11:40:42.0776670Z       sys.exit(1)
2022-12-27T11:40:42.0776830Z   
2022-12-27T11:40:42.0777020Z   __file__ = %r
2022-12-27T11:40:42.0777230Z   sys.argv[0] = __file__
2022-12-27T11:40:42.0777390Z   
2022-12-27T11:40:42.0777590Z   if os.path.exists(__file__):
2022-12-27T11:40:42.0777840Z       filename = __file__
2022-12-27T11:40:42.0778040Z       with tokenize.open(__file__) as f:
2022-12-27T11:40:42.0778280Z           setup_py_code = f.read()
2022-12-27T11:40:42.0778470Z   else:
2022-12-27T11:40:42.0778730Z       filename = "<auto-generated setuptools caller>"
2022-12-27T11:40:42.0779020Z       setup_py_code = "from setuptools import setup; setup()"
2022-12-27T11:40:42.0779250Z   
2022-12-27T11:40:42.0779440Z   exec(compile(setup_py_code, filename, "exec"))
2022-12-27T11:40:42.0780060Z   '"'"''"'"''"'"' % ('"'"'/Users/runner/actions-runner/_work/python.build/python.build/build_lxml42139/lxml-4.2.1/setup.py'"'"',), "<pip-setuptools-caller>", "exec"))' bdist_wheel -d /private/var/folders/51/hd414ycd67n82196sw51xqtc0000gn/T/pip-wheel-3x70vlnc
2022-12-27T11:40:42.0780620Z   cwd: /Users/runner/actions-runner/_work/python.build/python.build/build_lxml42139/lxml-4.2.1/
2022-12-27T11:40:42.0781030Z   Building wheel for lxml (setup.py): finished with status 'error'
2022-12-27T11:40:42.0781540Z   ERROR: Failed building wheel for lxml
2022-12-27T11:40:42.0781810Z   Running command python setup.py clean
2022-12-27T11:40:42.0782050Z   Running setup.py clean for lxml
2022-12-27T11:40:42.2374360Z   Building lxml version 4.2.1.
2022-12-27T11:40:42.2376170Z   Building without Cython.
2022-12-27T11:40:42.2510170Z   Using build configuration of libxslt 1.1.29
2022-12-27T11:40:42.3554960Z   Building against libxml2/libxslt in the following directory: /Library/Developer/CommandLineTools/SDKs/MacOSX12.1.sdk/usr/lib
2022-12-27T11:40:42.3736640Z   running clean
2022-12-27T11:40:42.3767030Z   removing 'build/temp.macosx-11.0-arm64-cpython-39' (and everything under it)
2022-12-27T11:40:42.3770960Z   removing 'build/lib.macosx-11.0-arm64-cpython-39' (and everything under it)
2022-12-27T11:40:42.3822310Z   'build/bdist.macosx-11.0-arm64' does not exist -- can't clean it
2022-12-27T11:40:42.3824250Z   'build/scripts-3.9' does not exist -- can't clean it
2022-12-27T11:40:42.3826020Z   removing 'build'
2022-12-27T11:40:42.4078920Z Failed to build lxml
2022-12-27T11:40:42.4084250Z ERROR: Failed to build one or more wheels
2022-12-27T11:40:42.4094890Z Exception information:
2022-12-27T11:40:42.4095190Z Traceback (most recent call last):
2022-12-27T11:40:42.4101840Z   File "/private/var/folders/51/hd414ycd67n82196sw51xqtc0000gn/T/cibw-run-p28vxgc6/cp39-macosx_arm64/build/venv/lib/python3.9/site-packages/pip/_internal/cli/base_command.py", line 160, in exc_logging_wrapper
2022-12-27T11:40:42.4102330Z     status = run_func(*args)
2022-12-27T11:40:42.4102990Z   File "/private/var/folders/51/hd414ycd67n82196sw51xqtc0000gn/T/cibw-run-p28vxgc6/cp39-macosx_arm64/build/venv/lib/python3.9/site-packages/pip/_internal/cli/req_command.py", line 247, in wrapper
2022-12-27T11:40:42.4103370Z     return func(self, options, args)
2022-12-27T11:40:42.4103950Z   File "/private/var/folders/51/hd414ycd67n82196sw51xqtc0000gn/T/cibw-run-p28vxgc6/cp39-macosx_arm64/build/venv/lib/python3.9/site-packages/pip/_internal/commands/wheel.py", line 201, in run
2022-12-27T11:40:42.4104380Z     raise CommandError("Failed to build one or more wheels")
2022-12-27T11:40:42.4104670Z pip._internal.exceptions.CommandError: Failed to build one or more wheels
2022-12-27T11:40:42.4105610Z Removed build tracker: '/private/var/folders/51/hd414ycd67n82196sw51xqtc0000gn/T/pip-build-tracker-9rwiglkr'
2022-12-27T11:40:42.4615060Z ##[endgroup]
2022-12-27T11:40:42.4615610Z                                                               [31mâœ• [0m2.68s
2022-12-27T11:40:42.4638830Z ##[error]Command ['python', '-m', 'pip', 'wheel', '/Users/runner/actions-runner/_work/python.build/python.build/build_lxml42139/lxml-4.2.1', '--wheel-dir=/private/var/folders/51/hd414ycd67n82196sw51xqtc0000gn/T/cibw-run-p28vxgc6/cp39-macosx_arm64/built_wheel', '--no-deps', '-vvv'] failed with code 1. None
2022-12-27T11:40:42.4645150Z 
2022-12-27T11:40:42.5105280Z ##[error]Process completed with exit code 1.
2022-12-27T11:40:42.5137340Z ##[group]Run rm -rf build_lxml42139 wheelsout
2022-12-27T11:40:42.5137520Z [36;1mrm -rf build_lxml42139 wheelsout[0m
2022-12-27T11:40:42.5152220Z shell: /bin/bash -e {0}
2022-12-27T11:40:42.5152330Z env:
2022-12-27T11:40:42.5152470Z   pythonLocation: /Users/runner/hostedtoolcache/Python/3.9.16/x64
2022-12-27T11:40:42.5152670Z   PKG_CONFIG_PATH: /Users/runner/hostedtoolcache/Python/3.9.16/x64/lib/pkgconfig
2022-12-27T11:40:42.5152850Z   Python_ROOT_DIR: /Users/runner/hostedtoolcache/Python/3.9.16/x64
2022-12-27T11:40:42.5153020Z   Python2_ROOT_DIR: /Users/runner/hostedtoolcache/Python/3.9.16/x64
2022-12-27T11:40:42.5153180Z   Python3_ROOT_DIR: /Users/runner/hostedtoolcache/Python/3.9.16/x64
2022-12-27T11:40:42.5153310Z ##[endgroup]
2022-12-27T11:40:42.5725180Z Cleaning up orphan processes
