2022-12-27T08:51:24.5678484Z Requested labels: self-hosted, macOS, X64
2022-12-27T08:51:24.5678581Z Job defined at: kilnbuild/python.build/.github/workflows/mac_arm_build.yml@refs/heads/main
2022-12-27T08:51:24.5678607Z Waiting for a runner to pick up this job...
2022-12-27T11:22:41.4392233Z Job is about to start running on the runner: kr1 (organization)
2022-12-27T11:22:45.3657400Z Current runner version: '2.300.2'
2022-12-27T11:22:45.3665290Z Runner name: 'kr1'
2022-12-27T11:22:45.3665700Z Runner group name: 'Default'
2022-12-27T11:22:45.3666650Z Machine name: 'kr1'
2022-12-27T11:22:45.3669450Z ##[group]GITHUB_TOKEN Permissions
2022-12-27T11:22:45.3670180Z Actions: write
2022-12-27T11:22:45.3670450Z Checks: write
2022-12-27T11:22:45.3670720Z Contents: write
2022-12-27T11:22:45.3671010Z Deployments: write
2022-12-27T11:22:45.3671300Z Discussions: write
2022-12-27T11:22:45.3671570Z Issues: write
2022-12-27T11:22:45.3671840Z Metadata: read
2022-12-27T11:22:45.3672110Z Packages: write
2022-12-27T11:22:45.3672390Z Pages: write
2022-12-27T11:22:45.3672680Z PullRequests: write
2022-12-27T11:22:45.3673050Z RepositoryProjects: write
2022-12-27T11:22:45.3673470Z SecurityEvents: write
2022-12-27T11:22:45.3673770Z Statuses: write
2022-12-27T11:22:45.3674050Z ##[endgroup]
2022-12-27T11:22:45.3678010Z Secret source: Actions
2022-12-27T11:22:45.3678560Z Prepare workflow directory
2022-12-27T11:22:45.4852590Z Prepare all required actions
2022-12-27T11:22:45.5072700Z Getting action download info
2022-12-27T11:22:46.0090260Z Download action repository 'actions/setup-python@v4' (SHA:5ccb29d8773c3f3f653e1705f474dfaa8a06a912)
2022-12-27T11:22:47.9919080Z Download action repository 'actions/upload-artifact@v3' (SHA:83fd05a356d7e2593de66fc9913b3002723633cb)
2022-12-27T11:22:49.4556290Z ##[group]Run echo '{
2022-12-27T11:22:49.4556700Z [36;1mecho '{[0m
2022-12-27T11:22:49.4556900Z [36;1m  "package_name": "lxml",[0m
2022-12-27T11:22:49.4557280Z [36;1m  "package_url": "https://files.pythonhosted.org/packages/96/83/6cc7426f8ef4aadc314d0cabc5dc2bf90a219414bcc478bbb17fc770daff/lxml-1.3.6.tar.gz",[0m
2022-12-27T11:22:49.4557680Z [36;1m  "package_version": "1.3.6",[0m
2022-12-27T11:22:49.4557880Z [36;1m  "python_version": "3.10",[0m
2022-12-27T11:22:49.4558070Z [36;1m  "use_ccache": "true"[0m
2022-12-27T11:22:49.4558260Z [36;1m}'[0m
2022-12-27T11:22:49.4584970Z shell: /bin/bash -e {0}
2022-12-27T11:22:49.4585320Z ##[endgroup]
2022-12-27T11:22:49.4989250Z {
2022-12-27T11:22:49.4991940Z   "package_name": "lxml",
2022-12-27T11:22:49.4993270Z   "package_url": "https://files.pythonhosted.org/packages/96/83/6cc7426f8ef4aadc314d0cabc5dc2bf90a219414bcc478bbb17fc770daff/lxml-1.3.6.tar.gz",
2022-12-27T11:22:49.4993840Z   "package_version": "1.3.6",
2022-12-27T11:22:49.4994320Z   "python_version": "3.10",
2022-12-27T11:22:49.4994700Z   "use_ccache": "true"
2022-12-27T11:22:49.4995030Z }
2022-12-27T11:22:49.5347930Z ##[group]Run actions/setup-python@v4
2022-12-27T11:22:49.5348500Z with:
2022-12-27T11:22:49.5348820Z   python-version: 3.10
2022-12-27T11:22:49.5349080Z   check-latest: false
2022-12-27T11:22:49.5349640Z   token: ***
2022-12-27T11:22:49.5350070Z   update-environment: true
2022-12-27T11:22:49.5350350Z ##[endgroup]
2022-12-27T11:22:49.7588900Z ##[group]Installed versions
2022-12-27T11:22:49.7621720Z Successfully set up CPython (3.10.9)
2022-12-27T11:22:49.7622540Z ##[endgroup]
2022-12-27T11:22:49.7847450Z ##[group]Run if [ "true" == "true" ]
2022-12-27T11:22:49.7848180Z [36;1mif [ "true" == "true" ][0m
2022-12-27T11:22:49.7848560Z [36;1mthen[0m
2022-12-27T11:22:49.7848990Z [36;1m  echo "CCACHE_PATH_PREPEND=/usr/local/opt/ccache/libexec" >> $GITHUB_OUTPUT[0m
2022-12-27T11:22:49.7849470Z [36;1melse[0m
2022-12-27T11:22:49.7849870Z [36;1m  echo "CCACHE_PATH_PREPEND=" >> $GITHUB_OUTPUT[0m
2022-12-27T11:22:49.7850260Z [36;1mfi[0m
2022-12-27T11:22:49.7886850Z shell: /bin/bash -e {0}
2022-12-27T11:22:49.7887440Z env:
2022-12-27T11:22:49.7887840Z   pythonLocation: /Users/runner/hostedtoolcache/Python/3.10.9/x64
2022-12-27T11:22:49.7888320Z   PKG_CONFIG_PATH: /Users/runner/hostedtoolcache/Python/3.10.9/x64/lib/pkgconfig
2022-12-27T11:22:49.7888730Z   Python_ROOT_DIR: /Users/runner/hostedtoolcache/Python/3.10.9/x64
2022-12-27T11:22:49.7889270Z   Python2_ROOT_DIR: /Users/runner/hostedtoolcache/Python/3.10.9/x64
2022-12-27T11:22:49.7889840Z   Python3_ROOT_DIR: /Users/runner/hostedtoolcache/Python/3.10.9/x64
2022-12-27T11:22:49.7890620Z ##[endgroup]
2022-12-27T11:22:49.8196060Z ##[group]Run echo "BUILD_NAME=$(echo lxml_1.3.6_3.10 | tr -dc '[:alnum:]\n\r' | tr '[:upper:]' '[:lower:]')" >> $GITHUB_OUTPUT
2022-12-27T11:22:49.8196610Z [36;1mecho "BUILD_NAME=$(echo lxml_1.3.6_3.10 | tr -dc '[:alnum:]\n\r' | tr '[:upper:]' '[:lower:]')" >> $GITHUB_OUTPUT[0m
2022-12-27T11:22:49.8223490Z shell: /bin/bash -e {0}
2022-12-27T11:22:49.8223680Z env:
2022-12-27T11:22:49.8223900Z   pythonLocation: /Users/runner/hostedtoolcache/Python/3.10.9/x64
2022-12-27T11:22:49.8224300Z   PKG_CONFIG_PATH: /Users/runner/hostedtoolcache/Python/3.10.9/x64/lib/pkgconfig
2022-12-27T11:22:49.8224660Z   Python_ROOT_DIR: /Users/runner/hostedtoolcache/Python/3.10.9/x64
2022-12-27T11:22:49.8224960Z   Python2_ROOT_DIR: /Users/runner/hostedtoolcache/Python/3.10.9/x64
2022-12-27T11:22:49.8225290Z   Python3_ROOT_DIR: /Users/runner/hostedtoolcache/Python/3.10.9/x64
2022-12-27T11:22:49.8225530Z ##[endgroup]
2022-12-27T11:22:49.8465110Z ##[group]Run echo "PYTHON_NO_DOTS=$(echo 3.10 | tr -dc '[:alnum:]\n\r' | tr '[:upper:]' '[:lower:]')" >> $GITHUB_OUTPUT
2022-12-27T11:22:49.8465840Z [36;1mecho "PYTHON_NO_DOTS=$(echo 3.10 | tr -dc '[:alnum:]\n\r' | tr '[:upper:]' '[:lower:]')" >> $GITHUB_OUTPUT[0m
2022-12-27T11:22:49.8493790Z shell: /bin/bash -e {0}
2022-12-27T11:22:49.8494110Z env:
2022-12-27T11:22:49.8494490Z   pythonLocation: /Users/runner/hostedtoolcache/Python/3.10.9/x64
2022-12-27T11:22:49.8496070Z   PKG_CONFIG_PATH: /Users/runner/hostedtoolcache/Python/3.10.9/x64/lib/pkgconfig
2022-12-27T11:22:49.8496450Z   Python_ROOT_DIR: /Users/runner/hostedtoolcache/Python/3.10.9/x64
2022-12-27T11:22:49.8496950Z   Python2_ROOT_DIR: /Users/runner/hostedtoolcache/Python/3.10.9/x64
2022-12-27T11:22:49.8497390Z   Python3_ROOT_DIR: /Users/runner/hostedtoolcache/Python/3.10.9/x64
2022-12-27T11:22:49.8497690Z ##[endgroup]
2022-12-27T11:22:49.8810370Z ##[group]Run rm -rf build_lxml136310
2022-12-27T11:22:49.8811090Z [36;1mrm -rf build_lxml136310[0m
2022-12-27T11:22:49.8811390Z [36;1mmkdir build_lxml136310[0m
2022-12-27T11:22:49.8811850Z [36;1mcd build_lxml136310[0m
2022-12-27T11:22:49.8812380Z [36;1m/usr/local/bin/wget --quiet https://files.pythonhosted.org/packages/96/83/6cc7426f8ef4aadc314d0cabc5dc2bf90a219414bcc478bbb17fc770daff/lxml-1.3.6.tar.gz[0m
2022-12-27T11:22:49.8812940Z [36;1mtar xf *.tar.gz[0m
2022-12-27T11:22:49.8813190Z [36;1mcd *[0m
2022-12-27T11:22:49.8813530Z [36;1mpython -m pip install cibuildwheel==2.11.3[0m
2022-12-27T11:22:49.8813920Z [36;1mpython -m cibuildwheel --output-dir ../wheelsout[0m
2022-12-27T11:22:49.8840690Z shell: /bin/bash -e {0}
2022-12-27T11:22:49.8841010Z env:
2022-12-27T11:22:49.8841380Z   pythonLocation: /Users/runner/hostedtoolcache/Python/3.10.9/x64
2022-12-27T11:22:49.8841760Z   PKG_CONFIG_PATH: /Users/runner/hostedtoolcache/Python/3.10.9/x64/lib/pkgconfig
2022-12-27T11:22:49.8842410Z   Python_ROOT_DIR: /Users/runner/hostedtoolcache/Python/3.10.9/x64
2022-12-27T11:22:49.8842780Z   Python2_ROOT_DIR: /Users/runner/hostedtoolcache/Python/3.10.9/x64
2022-12-27T11:22:49.8843390Z   Python3_ROOT_DIR: /Users/runner/hostedtoolcache/Python/3.10.9/x64
2022-12-27T11:22:49.8843770Z   CIBW_ARCHS_MACOS: arm64
2022-12-27T11:22:49.8844020Z   CIBW_TEST_SKIP: *_arm64
2022-12-27T11:22:49.8844420Z   CIBW_BUILD: cp310-macosx_arm64
2022-12-27T11:22:49.8844750Z   CIBW_BUILD_FRONTEND: pip
2022-12-27T11:22:49.8845010Z   CIBW_BUILD_VERBOSITY: 3
2022-12-27T11:22:49.8845560Z   CIBW_ENVIRONMENT_MACOS:  CFLAGS="-I/usr/local/opt/openssl@3/include" LDFLAGS="-L/usr/local/opt/openssl@3/lib" CPPFLAGS="-I/usr/local/opt/openssl@3/include" MAKEFLAGS="-j$(sysctl -n hw.logicalcpu)" PATH=/usr/local/opt/ccache/libexec:$PATH
2022-12-27T11:22:49.8846330Z   CIBW_BEFORE_BUILD: pip install Cython; if [[ -f requirements.txt ]]; then pip install -r requirements.txt; fi
2022-12-27T11:22:49.8846770Z   MAKEFLAGS: -j$(sysctl -n hw.logicalcpu)
2022-12-27T11:22:49.8847030Z ##[endgroup]
2022-12-27T11:22:50.5365100Z Requirement already satisfied: cibuildwheel==2.11.3 in /Users/runner/hostedtoolcache/Python/3.10.9/x64/lib/python3.10/site-packages (2.11.3)
2022-12-27T11:22:50.5785510Z Requirement already satisfied: typing-extensions>=4.1.0 in /Users/runner/hostedtoolcache/Python/3.10.9/x64/lib/python3.10/site-packages (from cibuildwheel==2.11.3) (4.4.0)
2022-12-27T11:22:50.5792340Z Requirement already satisfied: packaging>=20.9 in /Users/runner/hostedtoolcache/Python/3.10.9/x64/lib/python3.10/site-packages (from cibuildwheel==2.11.3) (22.0)
2022-12-27T11:22:50.5797260Z Requirement already satisfied: bracex in /Users/runner/hostedtoolcache/Python/3.10.9/x64/lib/python3.10/site-packages (from cibuildwheel==2.11.3) (2.3.post1)
2022-12-27T11:22:50.5801860Z Requirement already satisfied: certifi in /Users/runner/hostedtoolcache/Python/3.10.9/x64/lib/python3.10/site-packages (from cibuildwheel==2.11.3) (2022.12.7)
2022-12-27T11:22:50.5811460Z Requirement already satisfied: bashlex!=0.13 in /Users/runner/hostedtoolcache/Python/3.10.9/x64/lib/python3.10/site-packages (from cibuildwheel==2.11.3) (0.16)
2022-12-27T11:22:50.5815540Z Requirement already satisfied: platformdirs in /Users/runner/hostedtoolcache/Python/3.10.9/x64/lib/python3.10/site-packages (from cibuildwheel==2.11.3) (2.6.0)
2022-12-27T11:22:50.5821520Z Requirement already satisfied: filelock in /Users/runner/hostedtoolcache/Python/3.10.9/x64/lib/python3.10/site-packages (from cibuildwheel==2.11.3) (3.8.2)
2022-12-27T11:22:50.5830790Z Requirement already satisfied: tomli in /Users/runner/hostedtoolcache/Python/3.10.9/x64/lib/python3.10/site-packages (from cibuildwheel==2.11.3) (2.0.1)
2022-12-27T11:22:50.9102640Z 
2022-12-27T11:22:50.9103460Z      _ _       _ _   _       _           _
2022-12-27T11:22:50.9104220Z  ___|_| |_ _ _|_| |_| |_ _ _| |_ ___ ___| |
2022-12-27T11:22:50.9105390Z |  _| | . | | | | | . | | | |   | -_| -_| |
2022-12-27T11:22:50.9108680Z |___|_|___|___|_|_|___|_____|_|_|___|___|_|
2022-12-27T11:22:50.9108990Z 
2022-12-27T11:22:50.9109200Z cibuildwheel version 2.11.3
2022-12-27T11:22:50.9109460Z 
2022-12-27T11:22:50.9109670Z Build options:
2022-12-27T11:22:50.9109940Z   platform: macos
2022-12-27T11:22:50.9164820Z   architectures: arm64[0m
2022-12-27T11:22:50.9166810Z   build_selector: 
2022-12-27T11:22:50.9168170Z     build_config: cp310-macosx_arm64
2022-12-27T11:22:50.9169180Z     skip_config: 
2022-12-27T11:22:50.9169850Z     requires_python: None
2022-12-27T11:22:50.9172280Z     prerelease_pythons: False[0m
2022-12-27T11:22:50.9173190Z   [38;5;244mcontainer_engine: docker[0m
2022-12-27T11:22:50.9174540Z   output_dir: /Users/runner/actions-runner/_work/python.build/python.build/build_lxml136310/wheelsout[0m
2022-12-27T11:22:50.9176010Z   package_dir: /Users/runner/actions-runner/_work/python.build/python.build/build_lxml136310/lxml-1.3.6[0m
2022-12-27T11:22:50.9177880Z   test_selector: 
2022-12-27T11:22:50.9178610Z     skip_config: *_arm64[0m
2022-12-27T11:22:50.9179420Z   [38;5;244mbefore_all: [0m
2022-12-27T11:22:50.9180490Z   before_build: pip install Cython; if [[ -f requirements.txt ]]; then pip install -r requirements.txt; fi[0m
2022-12-27T11:22:50.9181360Z   [38;5;244mbefore_test: [0m
2022-12-27T11:22:50.9182340Z   [38;5;244mbuild_frontend: pip[0m
2022-12-27T11:22:50.9183130Z   build_verbosity: 3[0m
2022-12-27T11:22:50.9183790Z   [38;5;244mconfig_settings: [0m
2022-12-27T11:22:50.9184650Z   [38;5;244mdependency_constraints: pinned[0m
2022-12-27T11:22:50.9185420Z   environment: 
2022-12-27T11:22:50.9185950Z     CFLAGS="-I/usr/local/opt/openssl@3/include"
2022-12-27T11:22:50.9186660Z     LDFLAGS="-L/usr/local/opt/openssl@3/lib"
2022-12-27T11:22:50.9187260Z     CPPFLAGS="-I/usr/local/opt/openssl@3/include"
2022-12-27T11:22:50.9187780Z     MAKEFLAGS="-j$(sysctl -n hw.logicalcpu)"
2022-12-27T11:22:50.9188300Z     PATH=/usr/local/opt/ccache/libexec:$PATH[0m
2022-12-27T11:22:50.9188770Z   [38;5;244mmanylinux_images: None[0m
2022-12-27T11:22:50.9189220Z   [38;5;244mmusllinux_images: None[0m
2022-12-27T11:22:50.9189720Z   [38;5;244mrepair_command: delocate-wheel --require-archs {delocate_archs} -w {dest_dir} -v {wheel}[0m
2022-12-27T11:22:50.9191060Z   [38;5;244mtest_command: [0m
2022-12-27T11:22:50.9191580Z   [38;5;244mtest_extras: [0m
2022-12-27T11:22:50.9191930Z   [38;5;244mtest_requires: [0m
2022-12-27T11:22:50.9192140Z 
2022-12-27T11:22:50.9192340Z Cache folder: /Users/runner/Library/Caches/cibuildwheel
2022-12-27T11:22:50.9192890Z 
2022-12-27T11:22:50.9194210Z Here we go!
2022-12-27T11:22:50.9194480Z 
2022-12-27T11:22:50.9303610Z 
2022-12-27T11:22:50.9305520Z [1m[34mBuilding cp310-macosx_arm64 wheel[0m
2022-12-27T11:22:50.9306650Z CPython 3.10 macOS arm64 - Apple Silicon
2022-12-27T11:22:50.9307080Z 
2022-12-27T11:22:50.9309850Z ##[group]Installing Python cp310...
2022-12-27T11:22:50.9310300Z 
2022-12-27T11:22:50.9310750Z + pkgutil --pkgs
2022-12-27T11:22:50.9504790Z ##[endgroup]
2022-12-27T11:22:50.9506870Z                                                               [32mâœ“ [0m0.02s
2022-12-27T11:22:50.9507540Z ##[group]Setting up build environment...
2022-12-27T11:22:50.9507770Z 
2022-12-27T11:22:50.9541650Z + /Users/runner/hostedtoolcache/Python/3.10.9/x64/bin/python -sS /Users/runner/Library/Caches/cibuildwheel/virtualenv-20.17.0.pyz --activators= --no-periodic-update --pip=22.3.1 --setuptools=65.6.3 --wheel=0.38.4 --symlink-app-data --python /Library/Frameworks/Python.framework/Versions/3.10/bin/python3 /private/var/folders/51/hd414ycd67n82196sw51xqtc0000gn/T/cibw-run-rh57s79j/cp310-macosx_arm64/build/venv
2022-12-27T11:22:51.2668460Z created virtual environment CPython3.10.8.final.0-64 in 83ms
2022-12-27T11:22:51.2669330Z   creator CPython3Posix(dest=/private/var/folders/51/hd414ycd67n82196sw51xqtc0000gn/T/cibw-run-rh57s79j/cp310-macosx_arm64/build/venv, clear=False, no_vcs_ignore=False, global=False)
2022-12-27T11:22:51.2670490Z   seeder FromAppData(download=False, pip=22.3.1, setuptools=65.6.3, wheel=0.38.4, via=symlink, app_data_dir=/Users/runner/Library/Application Support/virtualenv)
2022-12-27T11:22:51.2671080Z     added seed packages: pip==22.3.1, setuptools==65.6.3, wheel==0.38.4
2022-12-27T11:22:51.2957310Z + python -m pip install --upgrade pip -c /Users/runner/hostedtoolcache/Python/3.10.9/x64/lib/python3.10/site-packages/cibuildwheel/resources/constraints-python310.txt
2022-12-27T11:22:51.7432320Z Requirement already satisfied: pip in ./lib/python3.10/site-packages (22.3.1)
2022-12-27T11:22:52.0073620Z + which pip
2022-12-27T11:22:52.0120340Z /private/var/folders/51/hd414ycd67n82196sw51xqtc0000gn/T/cibw-run-rh57s79j/cp310-macosx_arm64/build/venv/bin/pip
2022-12-27T11:22:52.0124010Z + pip --version
2022-12-27T11:22:52.3371150Z pip 22.3.1 from /private/var/folders/51/hd414ycd67n82196sw51xqtc0000gn/T/cibw-run-rh57s79j/cp310-macosx_arm64/build/venv/lib/python3.10/site-packages/pip (python 3.10)
2022-12-27T11:22:52.3953020Z + which pip
2022-12-27T11:22:52.4019290Z + which python
2022-12-27T11:22:52.4075290Z /private/var/folders/51/hd414ycd67n82196sw51xqtc0000gn/T/cibw-run-rh57s79j/cp310-macosx_arm64/build/venv/bin/python
2022-12-27T11:22:52.4080570Z + python --version
2022-12-27T11:22:52.4205480Z Python 3.10.8
2022-12-27T11:22:52.4214940Z + which python
2022-12-27T11:22:52.4323520Z ##[endgroup]
2022-12-27T11:22:52.4324520Z                                                               [32mâœ“ [0m1.48s
2022-12-27T11:22:52.4325610Z ##[group]Installing build tools...
2022-12-27T11:22:52.4325850Z 
2022-12-27T11:22:52.4326570Z + pip install --upgrade setuptools wheel delocate -c /Users/runner/hostedtoolcache/Python/3.10.9/x64/lib/python3.10/site-packages/cibuildwheel/resources/constraints-python310.txt
2022-12-27T11:22:52.8931190Z Requirement already satisfied: setuptools in /private/var/folders/51/hd414ycd67n82196sw51xqtc0000gn/T/cibw-run-rh57s79j/cp310-macosx_arm64/build/venv/lib/python3.10/site-packages (65.6.3)
2022-12-27T11:22:53.2077290Z Requirement already satisfied: wheel in /private/var/folders/51/hd414ycd67n82196sw51xqtc0000gn/T/cibw-run-rh57s79j/cp310-macosx_arm64/build/venv/lib/python3.10/site-packages (0.38.4)
2022-12-27T11:22:53.2767690Z Collecting delocate
2022-12-27T11:22:53.2829980Z   Using cached delocate-0.10.3-py3-none-any.whl (142 kB)
2022-12-27T11:22:53.3374660Z Collecting packaging>=20.9
2022-12-27T11:22:53.3426010Z   Using cached packaging-21.3-py3-none-any.whl (40 kB)
2022-12-27T11:22:53.3701320Z Collecting typing-extensions
2022-12-27T11:22:53.3738210Z   Using cached typing_extensions-4.4.0-py3-none-any.whl (26 kB)
2022-12-27T11:22:53.4264600Z Collecting pyparsing!=3.0.5,>=2.0.2
2022-12-27T11:22:53.4307510Z   Using cached pyparsing-3.0.9-py3-none-any.whl (98 kB)
2022-12-27T11:22:53.4837900Z Installing collected packages: typing-extensions, pyparsing, packaging, delocate
2022-12-27T11:22:53.6930000Z Successfully installed delocate-0.10.3 packaging-21.3 pyparsing-3.0.9 typing-extensions-4.4.0
2022-12-27T11:22:53.8289990Z ##[endgroup]
2022-12-27T11:22:53.8291470Z                                                               [32mâœ“ [0m1.40s
2022-12-27T11:22:53.8292610Z ##[group]Running before_build...
2022-12-27T11:22:53.8293240Z 
2022-12-27T11:22:53.8302560Z + pip install Cython; if [[ -f requirements.txt ]]; then pip install -r requirements.txt; fi
2022-12-27T11:22:54.7884580Z Collecting Cython
2022-12-27T11:22:54.7970930Z   Using cached Cython-0.29.32-py2.py3-none-any.whl (986 kB)
2022-12-27T11:22:54.8709370Z Installing collected packages: Cython
2022-12-27T11:22:55.5564450Z Successfully installed Cython-0.29.32
2022-12-27T11:22:55.6842760Z ##[endgroup]
2022-12-27T11:22:55.6844310Z                                                               [32mâœ“ [0m1.86s
2022-12-27T11:22:55.6846090Z ##[group]Building wheel...
2022-12-27T11:22:55.6846370Z 
2022-12-27T11:22:55.6852090Z + python -m pip wheel /Users/runner/actions-runner/_work/python.build/python.build/build_lxml136310/lxml-1.3.6 --wheel-dir=/private/var/folders/51/hd414ycd67n82196sw51xqtc0000gn/T/cibw-run-rh57s79j/cp310-macosx_arm64/built_wheel --no-deps -vvv
2022-12-27T11:22:56.1103420Z Created temporary directory: /private/var/folders/51/hd414ycd67n82196sw51xqtc0000gn/T/pip-ephem-wheel-cache-v14757_y
2022-12-27T11:22:56.1110460Z Created temporary directory: /private/var/folders/51/hd414ycd67n82196sw51xqtc0000gn/T/pip-build-tracker-bqbwu7z7
2022-12-27T11:22:56.1115630Z Initialized build tracking at /private/var/folders/51/hd414ycd67n82196sw51xqtc0000gn/T/pip-build-tracker-bqbwu7z7
2022-12-27T11:22:56.1122140Z Created build tracker: /private/var/folders/51/hd414ycd67n82196sw51xqtc0000gn/T/pip-build-tracker-bqbwu7z7
2022-12-27T11:22:56.1124660Z Entered build tracker: /private/var/folders/51/hd414ycd67n82196sw51xqtc0000gn/T/pip-build-tracker-bqbwu7z7
2022-12-27T11:22:56.1136060Z Created temporary directory: /private/var/folders/51/hd414ycd67n82196sw51xqtc0000gn/T/pip-wheel-z3mq3ksn
2022-12-27T11:22:56.1156470Z Created temporary directory: /private/var/folders/51/hd414ycd67n82196sw51xqtc0000gn/T/pip-ephem-wheel-cache-1gg3djn9
2022-12-27T11:22:56.1503480Z Processing /Users/runner/actions-runner/_work/python.build/python.build/build_lxml136310/lxml-1.3.6
2022-12-27T11:22:56.1511770Z   Added file:///Users/runner/actions-runner/_work/python.build/python.build/build_lxml136310/lxml-1.3.6 to build tracker '/private/var/folders/51/hd414ycd67n82196sw51xqtc0000gn/T/pip-build-tracker-bqbwu7z7'
2022-12-27T11:22:56.1517630Z   Running setup.py (path:/Users/runner/actions-runner/_work/python.build/python.build/build_lxml136310/lxml-1.3.6/setup.py) egg_info for package from file:///Users/runner/actions-runner/_work/python.build/python.build/build_lxml136310/lxml-1.3.6
2022-12-27T11:22:56.1523360Z   Created temporary directory: /private/var/folders/51/hd414ycd67n82196sw51xqtc0000gn/T/pip-pip-egg-info-age_u7or
2022-12-27T11:22:56.1526170Z   Preparing metadata (setup.py): started
2022-12-27T11:22:56.1529380Z   Running command python setup.py egg_info
2022-12-27T11:22:56.3859690Z   Traceback (most recent call last):
2022-12-27T11:22:56.3876160Z     File "<string>", line 2, in <module>
2022-12-27T11:22:56.3876880Z     File "<pip-setuptools-caller>", line 34, in <module>
2022-12-27T11:22:56.3877460Z     File "/Users/runner/actions-runner/_work/python.build/python.build/build_lxml136310/lxml-1.3.6/setup.py", line 7
2022-12-27T11:22:56.3878700Z       except pkg_resources.VersionConflict, e:
2022-12-27T11:22:56.3879060Z              ^^^^^^^^^^^^^^^^^^^^^^^^^^^^^^^^
2022-12-27T11:22:56.3879380Z   SyntaxError: multiple exception types must be parenthesized
2022-12-27T11:22:56.4351020Z   error: subprocess-exited-with-error
2022-12-27T11:22:56.4352130Z   
2022-12-27T11:22:56.4353260Z   Ã— python setup.py egg_info did not run successfully.
2022-12-27T11:22:56.4354000Z   â”‚ exit code: 1
2022-12-27T11:22:56.4354770Z   â•°â”€> See above for output.
2022-12-27T11:22:56.4355490Z   
2022-12-27T11:22:56.4356750Z   note: This error originates from a subprocess, and is likely not a problem with pip.
2022-12-27T11:22:56.4364190Z   full command: /private/var/folders/51/hd414ycd67n82196sw51xqtc0000gn/T/cibw-run-rh57s79j/cp310-macosx_arm64/build/venv/bin/python -c '
2022-12-27T11:22:56.4364950Z   exec(compile('"'"''"'"''"'"'
2022-12-27T11:22:56.4365600Z   # This is <pip-setuptools-caller> -- a caller that pip uses to run setup.py
2022-12-27T11:22:56.4366600Z   #
2022-12-27T11:22:56.4367180Z   # - It imports setuptools before invoking setup.py, to enable projects that directly
2022-12-27T11:22:56.4367930Z   #   import from `distutils.core` to work with newer packaging standards.
2022-12-27T11:22:56.4369190Z   # - It provides a clear error message when setuptools is not installed.
2022-12-27T11:22:56.4371340Z   # - It sets `sys.argv[0]` to the underlying `setup.py`, when invoking `setup.py` so
2022-12-27T11:22:56.4374330Z   #   setuptools doesn'"'"'t think the script is `-c`. This avoids the following warning:
2022-12-27T11:22:56.4375020Z   #     manifest_maker: standard file '"'"'-c'"'"' not found".
2022-12-27T11:22:56.4375580Z   # - It generates a shim setup.py, for handling setup.cfg-only projects.
2022-12-27T11:22:56.4376720Z   import os, sys, tokenize
2022-12-27T11:22:56.4377100Z   
2022-12-27T11:22:56.4377540Z   try:
2022-12-27T11:22:56.4377810Z       import setuptools
2022-12-27T11:22:56.4378190Z   except ImportError as error:
2022-12-27T11:22:56.4378540Z       print(
2022-12-27T11:22:56.4378880Z           "ERROR: Can not execute `setup.py` since setuptools is not available in "
2022-12-27T11:22:56.4379410Z           "the build environment.",
2022-12-27T11:22:56.4379780Z           file=sys.stderr,
2022-12-27T11:22:56.4380120Z       )
2022-12-27T11:22:56.4380370Z       sys.exit(1)
2022-12-27T11:22:56.4380780Z   
2022-12-27T11:22:56.4381100Z   __file__ = %r
2022-12-27T11:22:56.4381350Z   sys.argv[0] = __file__
2022-12-27T11:22:56.4381670Z   
2022-12-27T11:22:56.4382010Z   if os.path.exists(__file__):
2022-12-27T11:22:56.4382390Z       filename = __file__
2022-12-27T11:22:56.4382750Z       with tokenize.open(__file__) as f:
2022-12-27T11:22:56.4383120Z           setup_py_code = f.read()
2022-12-27T11:22:56.4383390Z   else:
2022-12-27T11:22:56.4383870Z       filename = "<auto-generated setuptools caller>"
2022-12-27T11:22:56.4384410Z       setup_py_code = "from setuptools import setup; setup()"
2022-12-27T11:22:56.4384710Z   
2022-12-27T11:22:56.4385070Z   exec(compile(setup_py_code, filename, "exec"))
2022-12-27T11:22:56.4385980Z   '"'"''"'"''"'"' % ('"'"'/Users/runner/actions-runner/_work/python.build/python.build/build_lxml136310/lxml-1.3.6/setup.py'"'"',), "<pip-setuptools-caller>", "exec"))' egg_info --egg-base /private/var/folders/51/hd414ycd67n82196sw51xqtc0000gn/T/pip-pip-egg-info-age_u7or
2022-12-27T11:22:56.4387040Z   cwd: /Users/runner/actions-runner/_work/python.build/python.build/build_lxml136310/lxml-1.3.6/
2022-12-27T11:22:56.4387580Z   Preparing metadata (setup.py): finished with status 'error'
2022-12-27T11:22:56.4391110Z error: metadata-generation-failed
2022-12-27T11:22:56.4391370Z 
2022-12-27T11:22:56.4392540Z Ã— Encountered error while generating package metadata.
2022-12-27T11:22:56.4393090Z â•°â”€> See above for output.
2022-12-27T11:22:56.4393920Z 
2022-12-27T11:22:56.4394150Z note: This is an issue with the package mentioned above, not pip.
2022-12-27T11:22:56.4394500Z hint: See above for details.
2022-12-27T11:22:56.4434320Z Exception information:
2022-12-27T11:22:56.4435150Z Traceback (most recent call last):
2022-12-27T11:22:56.4437830Z   File "/private/var/folders/51/hd414ycd67n82196sw51xqtc0000gn/T/cibw-run-rh57s79j/cp310-macosx_arm64/build/venv/lib/python3.10/site-packages/pip/_internal/operations/build/metadata_legacy.py", line 64, in generate_metadata
2022-12-27T11:22:56.4438480Z     call_subprocess(
2022-12-27T11:22:56.4439410Z   File "/private/var/folders/51/hd414ycd67n82196sw51xqtc0000gn/T/cibw-run-rh57s79j/cp310-macosx_arm64/build/venv/lib/python3.10/site-packages/pip/_internal/utils/subprocess.py", line 224, in call_subprocess
2022-12-27T11:22:56.4440000Z     raise error
2022-12-27T11:22:56.4441010Z pip._internal.exceptions.InstallationSubprocessError: python setup.py egg_info exited with 1
2022-12-27T11:22:56.4441360Z 
2022-12-27T11:22:56.4441600Z The above exception was the direct cause of the following exception:
2022-12-27T11:22:56.4443010Z 
2022-12-27T11:22:56.4443250Z Traceback (most recent call last):
2022-12-27T11:22:56.4444200Z   File "/private/var/folders/51/hd414ycd67n82196sw51xqtc0000gn/T/cibw-run-rh57s79j/cp310-macosx_arm64/build/venv/lib/python3.10/site-packages/pip/_internal/cli/base_command.py", line 160, in exc_logging_wrapper
2022-12-27T11:22:56.4446180Z     status = run_func(*args)
2022-12-27T11:22:56.4610940Z   File "/private/var/folders/51/hd414ycd67n82196sw51xqtc0000gn/T/cibw-run-rh57s79j/cp310-macosx_arm64/build/venv/lib/python3.10/site-packages/pip/_internal/cli/req_command.py", line 247, in wrapper
2022-12-27T11:22:56.4611620Z     return func(self, options, args)
2022-12-27T11:22:56.4612340Z   File "/private/var/folders/51/hd414ycd67n82196sw51xqtc0000gn/T/cibw-run-rh57s79j/cp310-macosx_arm64/build/venv/lib/python3.10/site-packages/pip/_internal/commands/wheel.py", line 170, in run
2022-12-27T11:22:56.4614080Z     requirement_set = resolver.resolve(reqs, check_supported_wheels=True)
2022-12-27T11:22:56.4615120Z   File "/private/var/folders/51/hd414ycd67n82196sw51xqtc0000gn/T/cibw-run-rh57s79j/cp310-macosx_arm64/build/venv/lib/python3.10/site-packages/pip/_internal/resolution/resolvelib/resolver.py", line 73, in resolve
2022-12-27T11:22:56.4615680Z     collected = self.factory.collect_root_requirements(root_reqs)
2022-12-27T11:22:56.4616570Z   File "/private/var/folders/51/hd414ycd67n82196sw51xqtc0000gn/T/cibw-run-rh57s79j/cp310-macosx_arm64/build/venv/lib/python3.10/site-packages/pip/_internal/resolution/resolvelib/factory.py", line 491, in collect_root_requirements
2022-12-27T11:22:56.4617120Z     req = self._make_requirement_from_install_req(
2022-12-27T11:22:56.4618100Z   File "/private/var/folders/51/hd414ycd67n82196sw51xqtc0000gn/T/cibw-run-rh57s79j/cp310-macosx_arm64/build/venv/lib/python3.10/site-packages/pip/_internal/resolution/resolvelib/factory.py", line 453, in _make_requirement_from_install_req
2022-12-27T11:22:56.4618710Z     cand = self._make_candidate_from_link(
2022-12-27T11:22:56.4619520Z   File "/private/var/folders/51/hd414ycd67n82196sw51xqtc0000gn/T/cibw-run-rh57s79j/cp310-macosx_arm64/build/venv/lib/python3.10/site-packages/pip/_internal/resolution/resolvelib/factory.py", line 206, in _make_candidate_from_link
2022-12-27T11:22:56.4620140Z     self._link_candidate_cache[link] = LinkCandidate(
2022-12-27T11:22:56.4621070Z   File "/private/var/folders/51/hd414ycd67n82196sw51xqtc0000gn/T/cibw-run-rh57s79j/cp310-macosx_arm64/build/venv/lib/python3.10/site-packages/pip/_internal/resolution/resolvelib/candidates.py", line 297, in __init__
2022-12-27T11:22:56.4621550Z     super().__init__(
2022-12-27T11:22:56.4622330Z   File "/private/var/folders/51/hd414ycd67n82196sw51xqtc0000gn/T/cibw-run-rh57s79j/cp310-macosx_arm64/build/venv/lib/python3.10/site-packages/pip/_internal/resolution/resolvelib/candidates.py", line 162, in __init__
2022-12-27T11:22:56.4622890Z     self.dist = self._prepare()
2022-12-27T11:22:56.4623690Z   File "/private/var/folders/51/hd414ycd67n82196sw51xqtc0000gn/T/cibw-run-rh57s79j/cp310-macosx_arm64/build/venv/lib/python3.10/site-packages/pip/_internal/resolution/resolvelib/candidates.py", line 231, in _prepare
2022-12-27T11:22:56.4624730Z     dist = self._prepare_distribution()
2022-12-27T11:22:56.4625630Z   File "/private/var/folders/51/hd414ycd67n82196sw51xqtc0000gn/T/cibw-run-rh57s79j/cp310-macosx_arm64/build/venv/lib/python3.10/site-packages/pip/_internal/resolution/resolvelib/candidates.py", line 308, in _prepare_distribution
2022-12-27T11:22:56.4626210Z     return preparer.prepare_linked_requirement(self._ireq, parallel_builds=True)
2022-12-27T11:22:56.4627180Z   File "/private/var/folders/51/hd414ycd67n82196sw51xqtc0000gn/T/cibw-run-rh57s79j/cp310-macosx_arm64/build/venv/lib/python3.10/site-packages/pip/_internal/operations/prepare.py", line 491, in prepare_linked_requirement
2022-12-27T11:22:56.4627890Z     return self._prepare_linked_requirement(req, parallel_builds)
2022-12-27T11:22:56.4628750Z   File "/private/var/folders/51/hd414ycd67n82196sw51xqtc0000gn/T/cibw-run-rh57s79j/cp310-macosx_arm64/build/venv/lib/python3.10/site-packages/pip/_internal/operations/prepare.py", line 577, in _prepare_linked_requirement
2022-12-27T11:22:56.4629340Z     dist = _get_prepared_distribution(
2022-12-27T11:22:56.4630230Z   File "/private/var/folders/51/hd414ycd67n82196sw51xqtc0000gn/T/cibw-run-rh57s79j/cp310-macosx_arm64/build/venv/lib/python3.10/site-packages/pip/_internal/operations/prepare.py", line 69, in _get_prepared_distribution
2022-12-27T11:22:56.4630730Z     abstract_dist.prepare_distribution_metadata(
2022-12-27T11:22:56.4631630Z   File "/private/var/folders/51/hd414ycd67n82196sw51xqtc0000gn/T/cibw-run-rh57s79j/cp310-macosx_arm64/build/venv/lib/python3.10/site-packages/pip/_internal/distributions/sdist.py", line 61, in prepare_distribution_metadata
2022-12-27T11:22:56.4632180Z     self.req.prepare_metadata()
2022-12-27T11:22:56.4633170Z   File "/private/var/folders/51/hd414ycd67n82196sw51xqtc0000gn/T/cibw-run-rh57s79j/cp310-macosx_arm64/build/venv/lib/python3.10/site-packages/pip/_internal/req/req_install.py", line 541, in prepare_metadata
2022-12-27T11:22:56.4633760Z     self.metadata_directory = generate_metadata_legacy(
2022-12-27T11:22:56.4634560Z   File "/private/var/folders/51/hd414ycd67n82196sw51xqtc0000gn/T/cibw-run-rh57s79j/cp310-macosx_arm64/build/venv/lib/python3.10/site-packages/pip/_internal/operations/build/metadata_legacy.py", line 71, in generate_metadata
2022-12-27T11:22:56.4635110Z     raise MetadataGenerationFailed(package_details=details) from error
2022-12-27T11:22:56.4635620Z pip._internal.exceptions.MetadataGenerationFailed: metadata generation failed
2022-12-27T11:22:56.4636470Z Removed file:///Users/runner/actions-runner/_work/python.build/python.build/build_lxml136310/lxml-1.3.6 from build tracker '/private/var/folders/51/hd414ycd67n82196sw51xqtc0000gn/T/pip-build-tracker-bqbwu7z7'
2022-12-27T11:22:56.4637220Z Removed build tracker: '/private/var/folders/51/hd414ycd67n82196sw51xqtc0000gn/T/pip-build-tracker-bqbwu7z7'
2022-12-27T11:22:56.5437940Z ##[endgroup]
2022-12-27T11:22:56.5497490Z ##[error]Command ['python', '-m', 'pip', 'wheel', '/Users/runner/actions-runner/_work/python.build/python.build/build_lxml136310/lxml-1.3.6', '--wheel-dir=/private/var/folders/51/hd414ycd67n82196sw51xqtc0000gn/T/cibw-run-rh57s79j/cp310-macosx_arm64/built_wheel', '--no-deps', '-vvv'] failed with code 1. None
2022-12-27T11:22:56.5507460Z 
2022-12-27T11:22:56.5507940Z                                                               [31mâœ• [0m0.86s
2022-12-27T11:22:56.6297620Z ##[error]Process completed with exit code 1.
2022-12-27T11:22:56.6351250Z ##[group]Run rm -rf build_lxml136310 wheelsout
2022-12-27T11:22:56.6351590Z [36;1mrm -rf build_lxml136310 wheelsout[0m
2022-12-27T11:22:56.6378610Z shell: /bin/bash -e {0}
2022-12-27T11:22:56.6378890Z env:
2022-12-27T11:22:56.6379200Z   pythonLocation: /Users/runner/hostedtoolcache/Python/3.10.9/x64
2022-12-27T11:22:56.6379610Z   PKG_CONFIG_PATH: /Users/runner/hostedtoolcache/Python/3.10.9/x64/lib/pkgconfig
2022-12-27T11:22:56.6380030Z   Python_ROOT_DIR: /Users/runner/hostedtoolcache/Python/3.10.9/x64
2022-12-27T11:22:56.6380720Z   Python2_ROOT_DIR: /Users/runner/hostedtoolcache/Python/3.10.9/x64
2022-12-27T11:22:56.6381060Z   Python3_ROOT_DIR: /Users/runner/hostedtoolcache/Python/3.10.9/x64
2022-12-27T11:22:56.6381320Z ##[endgroup]
2022-12-27T11:22:56.7083170Z Cleaning up orphan processes
