2022-12-27T01:58:03.9525712Z Requested labels: self-hosted, macOS, X64
2022-12-27T01:58:03.9525774Z Job defined at: kilnbuild/python.build/.github/workflows/mac_arm_build.yml@refs/heads/main
2022-12-27T01:58:03.9525803Z Waiting for a runner to pick up this job...
2022-12-27T02:55:12.4382984Z Job is about to start running on the runner: k1 (organization)
2022-12-27T02:55:17.1460150Z Current runner version: '2.300.2'
2022-12-27T02:55:17.1465140Z Runner name: 'k1'
2022-12-27T02:55:17.1465380Z Runner group name: 'Default'
2022-12-27T02:55:17.1465820Z Machine name: 'k1'
2022-12-27T02:55:17.1467270Z ##[group]GITHUB_TOKEN Permissions
2022-12-27T02:55:17.1467730Z Actions: write
2022-12-27T02:55:17.1467870Z Checks: write
2022-12-27T02:55:17.1468010Z Contents: write
2022-12-27T02:55:17.1468140Z Deployments: write
2022-12-27T02:55:17.1468280Z Discussions: write
2022-12-27T02:55:17.1468420Z Issues: write
2022-12-27T02:55:17.1468540Z Metadata: read
2022-12-27T02:55:17.1468670Z Packages: write
2022-12-27T02:55:17.1468810Z Pages: write
2022-12-27T02:55:17.1468940Z PullRequests: write
2022-12-27T02:55:17.1469100Z RepositoryProjects: write
2022-12-27T02:55:17.1469260Z SecurityEvents: write
2022-12-27T02:55:17.1469400Z Statuses: write
2022-12-27T02:55:17.1469540Z ##[endgroup]
2022-12-27T02:55:17.1471970Z Secret source: Actions
2022-12-27T02:55:17.1472280Z Prepare workflow directory
2022-12-27T02:55:17.2131600Z Prepare all required actions
2022-12-27T02:55:17.2249910Z Getting action download info
2022-12-27T02:55:17.6458990Z Download action repository 'actions/setup-python@v4' (SHA:5ccb29d8773c3f3f653e1705f474dfaa8a06a912)
2022-12-27T02:55:19.4393730Z Download action repository 'actions/upload-artifact@v3' (SHA:83fd05a356d7e2593de66fc9913b3002723633cb)
2022-12-27T02:55:20.7420580Z ##[group]Run echo '{
2022-12-27T02:55:20.7420880Z [36;1mecho '{[0m
2022-12-27T02:55:20.7421080Z [36;1m  "environment_variables": "GRPC_PYTHON_BUILD_WITH_CYTHON=1 GRPC_BUILD_WITH_BORING_SSL_ASM='' GRPC_PYTHON_BUILD_SYSTEM_OPENSSL=TRUE",[0m
2022-12-27T02:55:20.7421270Z [36;1m  "package_name": "grpcio",[0m
2022-12-27T02:55:20.7421570Z [36;1m  "package_url": "https://files.pythonhosted.org/packages/7e/54/aff0f03318f7aceef3ca1b1a1e0e869d8291f4796f0042883c3e98d58c44/grpcio-0.13.0.tar.gz",[0m
2022-12-27T02:55:20.7421870Z [36;1m  "package_version": "0.13.0",[0m
2022-12-27T02:55:20.7422010Z [36;1m  "python_version": "3.9",[0m
2022-12-27T02:55:20.7422160Z [36;1m  "use_ccache": "true"[0m
2022-12-27T02:55:20.7422320Z [36;1m}'[0m
2022-12-27T02:55:20.7437740Z shell: /bin/bash -e {0}
2022-12-27T02:55:20.7437880Z ##[endgroup]
2022-12-27T02:55:20.7650480Z {
2022-12-27T02:55:20.7652070Z   "environment_variables": "GRPC_PYTHON_BUILD_WITH_CYTHON=1 GRPC_BUILD_WITH_BORING_SSL_ASM= GRPC_PYTHON_BUILD_SYSTEM_OPENSSL=TRUE",
2022-12-27T02:55:20.7652400Z   "package_name": "grpcio",
2022-12-27T02:55:20.7653050Z   "package_url": "https://files.pythonhosted.org/packages/7e/54/aff0f03318f7aceef3ca1b1a1e0e869d8291f4796f0042883c3e98d58c44/grpcio-0.13.0.tar.gz",
2022-12-27T02:55:20.7653360Z   "package_version": "0.13.0",
2022-12-27T02:55:20.7653530Z   "python_version": "3.9",
2022-12-27T02:55:20.7653680Z   "use_ccache": "true"
2022-12-27T02:55:20.7653870Z }
2022-12-27T02:55:20.7860770Z ##[group]Run actions/setup-python@v4
2022-12-27T02:55:20.7861010Z with:
2022-12-27T02:55:20.7861190Z   python-version: 3.9
2022-12-27T02:55:20.7861420Z   check-latest: false
2022-12-27T02:55:20.7861710Z   token: ***
2022-12-27T02:55:20.7861890Z   update-environment: true
2022-12-27T02:55:20.7862070Z ##[endgroup]
2022-12-27T02:55:20.9087280Z ##[group]Installed versions
2022-12-27T02:55:20.9124290Z Successfully set up CPython (3.9.16)
2022-12-27T02:55:20.9125240Z ##[endgroup]
2022-12-27T02:55:20.9269210Z ##[group]Run if [ "true" == "true" ]
2022-12-27T02:55:20.9269420Z [36;1mif [ "true" == "true" ][0m
2022-12-27T02:55:20.9269630Z [36;1mthen[0m
2022-12-27T02:55:20.9269850Z [36;1m  echo "CCACHE_PATH_PREPEND=/usr/local/opt/ccache/libexec" >> $GITHUB_OUTPUT[0m
2022-12-27T02:55:20.9270480Z [36;1melse[0m
2022-12-27T02:55:20.9270690Z [36;1m  echo "CCACHE_PATH_PREPEND=" >> $GITHUB_OUTPUT[0m
2022-12-27T02:55:20.9270880Z [36;1mfi[0m
2022-12-27T02:55:20.9287400Z shell: /bin/bash -e {0}
2022-12-27T02:55:20.9287710Z env:
2022-12-27T02:55:20.9287930Z   pythonLocation: /Users/runner/hostedtoolcache/Python/3.9.16/x64
2022-12-27T02:55:20.9288160Z   PKG_CONFIG_PATH: /Users/runner/hostedtoolcache/Python/3.9.16/x64/lib/pkgconfig
2022-12-27T02:55:20.9288660Z   Python_ROOT_DIR: /Users/runner/hostedtoolcache/Python/3.9.16/x64
2022-12-27T02:55:20.9288970Z   Python2_ROOT_DIR: /Users/runner/hostedtoolcache/Python/3.9.16/x64
2022-12-27T02:55:20.9289220Z   Python3_ROOT_DIR: /Users/runner/hostedtoolcache/Python/3.9.16/x64
2022-12-27T02:55:20.9289420Z ##[endgroup]
2022-12-27T02:55:20.9393310Z ##[group]Run echo "BUILD_NAME=$(echo grpcio_0.13.0_3.9 | tr -dc '[:alnum:]\n\r' | tr '[:upper:]' '[:lower:]')" >> $GITHUB_OUTPUT
2022-12-27T02:55:20.9393740Z [36;1mecho "BUILD_NAME=$(echo grpcio_0.13.0_3.9 | tr -dc '[:alnum:]\n\r' | tr '[:upper:]' '[:lower:]')" >> $GITHUB_OUTPUT[0m
2022-12-27T02:55:20.9407470Z shell: /bin/bash -e {0}
2022-12-27T02:55:20.9407660Z env:
2022-12-27T02:55:20.9407850Z   pythonLocation: /Users/runner/hostedtoolcache/Python/3.9.16/x64
2022-12-27T02:55:20.9408110Z   PKG_CONFIG_PATH: /Users/runner/hostedtoolcache/Python/3.9.16/x64/lib/pkgconfig
2022-12-27T02:55:20.9408430Z   Python_ROOT_DIR: /Users/runner/hostedtoolcache/Python/3.9.16/x64
2022-12-27T02:55:20.9408680Z   Python2_ROOT_DIR: /Users/runner/hostedtoolcache/Python/3.9.16/x64
2022-12-27T02:55:20.9408920Z   Python3_ROOT_DIR: /Users/runner/hostedtoolcache/Python/3.9.16/x64
2022-12-27T02:55:20.9409130Z ##[endgroup]
2022-12-27T02:55:20.9554260Z ##[group]Run echo "PYTHON_NO_DOTS=$(echo 3.9 | tr -dc '[:alnum:]\n\r' | tr '[:upper:]' '[:lower:]')" >> $GITHUB_OUTPUT
2022-12-27T02:55:20.9554590Z [36;1mecho "PYTHON_NO_DOTS=$(echo 3.9 | tr -dc '[:alnum:]\n\r' | tr '[:upper:]' '[:lower:]')" >> $GITHUB_OUTPUT[0m
2022-12-27T02:55:20.9568930Z shell: /bin/bash -e {0}
2022-12-27T02:55:20.9569110Z env:
2022-12-27T02:55:20.9569290Z   pythonLocation: /Users/runner/hostedtoolcache/Python/3.9.16/x64
2022-12-27T02:55:20.9569510Z   PKG_CONFIG_PATH: /Users/runner/hostedtoolcache/Python/3.9.16/x64/lib/pkgconfig
2022-12-27T02:55:20.9569750Z   Python_ROOT_DIR: /Users/runner/hostedtoolcache/Python/3.9.16/x64
2022-12-27T02:55:20.9570030Z   Python2_ROOT_DIR: /Users/runner/hostedtoolcache/Python/3.9.16/x64
2022-12-27T02:55:20.9570280Z   Python3_ROOT_DIR: /Users/runner/hostedtoolcache/Python/3.9.16/x64
2022-12-27T02:55:20.9570480Z ##[endgroup]
2022-12-27T02:55:20.9686160Z ##[group]Run rm -rf build_grpcio013039
2022-12-27T02:55:20.9686420Z [36;1mrm -rf build_grpcio013039[0m
2022-12-27T02:55:20.9686710Z [36;1mmkdir build_grpcio013039[0m
2022-12-27T02:55:20.9686890Z [36;1mcd build_grpcio013039[0m
2022-12-27T02:55:20.9687190Z [36;1m/usr/local/bin/wget --quiet https://files.pythonhosted.org/packages/7e/54/aff0f03318f7aceef3ca1b1a1e0e869d8291f4796f0042883c3e98d58c44/grpcio-0.13.0.tar.gz[0m
2022-12-27T02:55:20.9687460Z [36;1mtar xf *.tar.gz[0m
2022-12-27T02:55:20.9687640Z [36;1mcd grpcio-*/[0m
2022-12-27T02:55:20.9687920Z [36;1mpython -m pip install cibuildwheel==2.11.3[0m
2022-12-27T02:55:20.9688140Z [36;1mpython -m cibuildwheel --output-dir ../wheelsout[0m
2022-12-27T02:55:20.9701880Z shell: /bin/bash -e {0}
2022-12-27T02:55:20.9702100Z env:
2022-12-27T02:55:20.9702340Z   pythonLocation: /Users/runner/hostedtoolcache/Python/3.9.16/x64
2022-12-27T02:55:20.9702640Z   PKG_CONFIG_PATH: /Users/runner/hostedtoolcache/Python/3.9.16/x64/lib/pkgconfig
2022-12-27T02:55:20.9702860Z   Python_ROOT_DIR: /Users/runner/hostedtoolcache/Python/3.9.16/x64
2022-12-27T02:55:20.9703240Z   Python2_ROOT_DIR: /Users/runner/hostedtoolcache/Python/3.9.16/x64
2022-12-27T02:55:20.9703500Z   Python3_ROOT_DIR: /Users/runner/hostedtoolcache/Python/3.9.16/x64
2022-12-27T02:55:20.9703700Z   CIBW_ARCHS_MACOS: arm64
2022-12-27T02:55:20.9703850Z   CIBW_TEST_SKIP: *_arm64
2022-12-27T02:55:20.9704030Z   CIBW_BUILD: cp39-macosx_arm64
2022-12-27T02:55:20.9704240Z   CIBW_BUILD_FRONTEND: pip
2022-12-27T02:55:20.9704390Z   CIBW_BUILD_VERBOSITY: 3
2022-12-27T02:55:20.9704780Z   CIBW_ENVIRONMENT_MACOS: GRPC_PYTHON_BUILD_WITH_CYTHON=1 GRPC_BUILD_WITH_BORING_SSL_ASM='' GRPC_PYTHON_BUILD_SYSTEM_OPENSSL=TRUE CFLAGS="-I/usr/local/opt/openssl@3/include" LDFLAGS="-L/usr/local/opt/openssl@3/lib" CPPFLAGS="-I/usr/local/opt/openssl@3/include" MAKEFLAGS="-j$(sysctl -n hw.logicalcpu)" PATH=/usr/local/opt/ccache/libexec:$PATH
2022-12-27T02:55:20.9705410Z   CIBW_BEFORE_BUILD: pip install Cython; if [[ -f requirements.txt ]]; then pip install -r requirements.txt; fi
2022-12-27T02:55:20.9705690Z   MAKEFLAGS: -j$(sysctl -n hw.logicalcpu)
2022-12-27T02:55:20.9705840Z ##[endgroup]
2022-12-27T02:55:21.8311680Z Requirement already satisfied: cibuildwheel==2.11.3 in /Users/runner/hostedtoolcache/Python/3.9.16/x64/lib/python3.9/site-packages (2.11.3)
2022-12-27T02:55:21.8564800Z Requirement already satisfied: packaging>=20.9 in /Users/runner/hostedtoolcache/Python/3.9.16/x64/lib/python3.9/site-packages (from cibuildwheel==2.11.3) (22.0)
2022-12-27T02:55:21.8570480Z Requirement already satisfied: tomli in /Users/runner/hostedtoolcache/Python/3.9.16/x64/lib/python3.9/site-packages (from cibuildwheel==2.11.3) (2.0.1)
2022-12-27T02:55:21.8574230Z Requirement already satisfied: filelock in /Users/runner/hostedtoolcache/Python/3.9.16/x64/lib/python3.9/site-packages (from cibuildwheel==2.11.3) (3.8.2)
2022-12-27T02:55:21.8583630Z Requirement already satisfied: typing-extensions>=4.1.0 in /Users/runner/hostedtoolcache/Python/3.9.16/x64/lib/python3.9/site-packages (from cibuildwheel==2.11.3) (4.4.0)
2022-12-27T02:55:21.8586850Z Requirement already satisfied: bracex in /Users/runner/hostedtoolcache/Python/3.9.16/x64/lib/python3.9/site-packages (from cibuildwheel==2.11.3) (2.3.post1)
2022-12-27T02:55:21.8590130Z Requirement already satisfied: platformdirs in /Users/runner/hostedtoolcache/Python/3.9.16/x64/lib/python3.9/site-packages (from cibuildwheel==2.11.3) (2.6.0)
2022-12-27T02:55:21.8593470Z Requirement already satisfied: certifi in /Users/runner/hostedtoolcache/Python/3.9.16/x64/lib/python3.9/site-packages (from cibuildwheel==2.11.3) (2022.12.7)
2022-12-27T02:55:21.8598440Z Requirement already satisfied: bashlex!=0.13 in /Users/runner/hostedtoolcache/Python/3.9.16/x64/lib/python3.9/site-packages (from cibuildwheel==2.11.3) (0.16)
2022-12-27T02:55:22.0278640Z 
2022-12-27T02:55:22.0279430Z      _ _       _ _   _       _           _
2022-12-27T02:55:22.0280080Z  ___|_| |_ _ _|_| |_| |_ _ _| |_ ___ ___| |
2022-12-27T02:55:22.0282040Z |  _| | . | | | | | . | | | |   | -_| -_| |
2022-12-27T02:55:22.0282400Z |___|_|___|___|_|_|___|_____|_|_|___|___|_|
2022-12-27T02:55:22.0282520Z 
2022-12-27T02:55:22.0282650Z cibuildwheel version 2.11.3
2022-12-27T02:55:22.0282820Z 
2022-12-27T02:55:22.0282970Z Build options:
2022-12-27T02:55:22.0283290Z   platform: macos
2022-12-27T02:55:22.0380280Z   architectures: arm64[0m
2022-12-27T02:55:22.0380690Z   build_selector: 
2022-12-27T02:55:22.0381410Z     build_config: cp39-macosx_arm64
2022-12-27T02:55:22.0381770Z     skip_config: 
2022-12-27T02:55:22.0382490Z     requires_python: None
2022-12-27T02:55:22.0383280Z     prerelease_pythons: False[0m
2022-12-27T02:55:22.0383800Z   [38;5;244mcontainer_engine: docker[0m
2022-12-27T02:55:22.0384580Z   output_dir: /Users/runner/actions-runner/_work/python.build/python.build/build_grpcio013039/wheelsout[0m
2022-12-27T02:55:22.0385230Z   package_dir: /Users/runner/actions-runner/_work/python.build/python.build/build_grpcio013039/grpcio-0.13.0[0m
2022-12-27T02:55:22.0385660Z   test_selector: 
2022-12-27T02:55:22.0385960Z     skip_config: *_arm64[0m
2022-12-27T02:55:22.0386300Z   [38;5;244mbefore_all: [0m
2022-12-27T02:55:22.0386800Z   before_build: pip install Cython; if [[ -f requirements.txt ]]; then pip install -r requirements.txt; fi[0m
2022-12-27T02:55:22.0387300Z   [38;5;244mbefore_test: [0m
2022-12-27T02:55:22.0387610Z   [38;5;244mbuild_frontend: pip[0m
2022-12-27T02:55:22.0387950Z   build_verbosity: 3[0m
2022-12-27T02:55:22.0388290Z   [38;5;244mconfig_settings: [0m
2022-12-27T02:55:22.0388630Z   [38;5;244mdependency_constraints: pinned[0m
2022-12-27T02:55:22.0388950Z   environment: 
2022-12-27T02:55:22.0389240Z     GRPC_PYTHON_BUILD_WITH_CYTHON=1
2022-12-27T02:55:22.0389520Z     GRPC_BUILD_WITH_BORING_SSL_ASM=''
2022-12-27T02:55:22.0389750Z     GRPC_PYTHON_BUILD_SYSTEM_OPENSSL=TRUE
2022-12-27T02:55:22.0390380Z     CFLAGS="-I/usr/local/opt/openssl@3/include"
2022-12-27T02:55:22.0390710Z     LDFLAGS="-L/usr/local/opt/openssl@3/lib"
2022-12-27T02:55:22.0391030Z     CPPFLAGS="-I/usr/local/opt/openssl@3/include"
2022-12-27T02:55:22.0391350Z     MAKEFLAGS="-j$(sysctl -n hw.logicalcpu)"
2022-12-27T02:55:22.0391640Z     PATH=/usr/local/opt/ccache/libexec:$PATH[0m
2022-12-27T02:55:22.0391930Z   [38;5;244mmanylinux_images: None[0m
2022-12-27T02:55:22.0392260Z   [38;5;244mmusllinux_images: None[0m
2022-12-27T02:55:22.0392660Z   [38;5;244mrepair_command: delocate-wheel --require-archs {delocate_archs} -w {dest_dir} -v {wheel}[0m
2022-12-27T02:55:22.0392970Z   [38;5;244mtest_command: [0m
2022-12-27T02:55:22.0393230Z   [38;5;244mtest_extras: [0m
2022-12-27T02:55:22.0393540Z   [38;5;244mtest_requires: [0m
2022-12-27T02:55:22.0393640Z 
2022-12-27T02:55:22.0393770Z Cache folder: /Users/runner/Library/Caches/cibuildwheel
2022-12-27T02:55:22.0402440Z 
2022-12-27T02:55:22.0402700Z Here we go!
2022-12-27T02:55:22.0402850Z 
2022-12-27T02:55:22.0531010Z 
2022-12-27T02:55:22.0531410Z [1m[34mBuilding cp39-macosx_arm64 wheel[0m
2022-12-27T02:55:22.0531830Z CPython 3.9 macOS arm64 - Apple Silicon
2022-12-27T02:55:22.0532010Z 
2022-12-27T02:55:22.0534700Z ##[group]Installing Python cp39...
2022-12-27T02:55:22.0534950Z 
2022-12-27T02:55:22.0535150Z + pkgutil --pkgs
2022-12-27T02:55:22.0638580Z ##[endgroup]
2022-12-27T02:55:22.0639920Z                                                               [32mâœ“ [0m0.01s
2022-12-27T02:55:22.0640500Z ##[group]Setting up build environment...
2022-12-27T02:55:22.0640620Z 
2022-12-27T02:55:22.0659650Z + /Users/runner/hostedtoolcache/Python/3.9.16/x64/bin/python -sS /Users/runner/Library/Caches/cibuildwheel/virtualenv-20.17.0.pyz --activators= --no-periodic-update --pip=22.3.1 --setuptools=65.6.3 --wheel=0.38.4 --symlink-app-data --python /Library/Frameworks/Python.framework/Versions/3.9/bin/python3 /private/var/folders/51/hd414ycd67n82196sw51xqtc0000gn/T/cibw-run-jxo6qmz2/cp39-macosx_arm64/build/venv
2022-12-27T02:55:22.2466360Z created virtual environment CPython3.9.13.final.0-64 in 45ms
2022-12-27T02:55:22.2468030Z   creator CPython3Posix(dest=/private/var/folders/51/hd414ycd67n82196sw51xqtc0000gn/T/cibw-run-jxo6qmz2/cp39-macosx_arm64/build/venv, clear=False, no_vcs_ignore=False, global=False)
2022-12-27T02:55:22.2468750Z   seeder FromAppData(download=False, pip=22.3.1, setuptools=65.6.3, wheel=0.38.4, via=symlink, app_data_dir=/Users/runner/Library/Application Support/virtualenv)
2022-12-27T02:55:22.2469240Z     added seed packages: pip==22.3.1, setuptools==65.6.3, wheel==0.38.4
2022-12-27T02:55:22.2573770Z + python -m pip install --upgrade pip -c /Users/runner/hostedtoolcache/Python/3.9.16/x64/lib/python3.9/site-packages/cibuildwheel/resources/constraints-python39.txt
2022-12-27T02:55:22.5585530Z Requirement already satisfied: pip in ./lib/python3.9/site-packages (22.3.1)
2022-12-27T02:55:22.8825180Z + which pip
2022-12-27T02:55:22.8843370Z /private/var/folders/51/hd414ycd67n82196sw51xqtc0000gn/T/cibw-run-jxo6qmz2/cp39-macosx_arm64/build/venv/bin/pip
2022-12-27T02:55:22.8845480Z + pip --version
2022-12-27T02:55:23.1066870Z pip 22.3.1 from /private/var/folders/51/hd414ycd67n82196sw51xqtc0000gn/T/cibw-run-jxo6qmz2/cp39-macosx_arm64/build/venv/lib/python3.9/site-packages/pip (python 3.9)
2022-12-27T02:55:23.1300770Z + which pip
2022-12-27T02:55:23.1329320Z + which python
2022-12-27T02:55:23.1348030Z /private/var/folders/51/hd414ycd67n82196sw51xqtc0000gn/T/cibw-run-jxo6qmz2/cp39-macosx_arm64/build/venv/bin/python
2022-12-27T02:55:23.1350460Z + python --version
2022-12-27T02:55:23.1398980Z Python 3.9.13
2022-12-27T02:55:23.1402560Z + which python
2022-12-27T02:55:23.1459010Z ##[endgroup]
2022-12-27T02:55:23.1459650Z                                                               [32mâœ“ [0m1.08s
2022-12-27T02:55:23.1460210Z ##[group]Installing build tools...
2022-12-27T02:55:23.1460360Z 
2022-12-27T02:55:23.1460800Z + pip install --upgrade setuptools wheel delocate -c /Users/runner/hostedtoolcache/Python/3.9.16/x64/lib/python3.9/site-packages/cibuildwheel/resources/constraints-python39.txt
2022-12-27T02:55:23.4472280Z Requirement already satisfied: setuptools in /private/var/folders/51/hd414ycd67n82196sw51xqtc0000gn/T/cibw-run-jxo6qmz2/cp39-macosx_arm64/build/venv/lib/python3.9/site-packages (65.6.3)
2022-12-27T02:55:23.6753400Z Requirement already satisfied: wheel in /private/var/folders/51/hd414ycd67n82196sw51xqtc0000gn/T/cibw-run-jxo6qmz2/cp39-macosx_arm64/build/venv/lib/python3.9/site-packages (0.38.4)
2022-12-27T02:55:23.9316200Z Collecting delocate
2022-12-27T02:55:23.9342370Z   Using cached delocate-0.10.3-py3-none-any.whl (142 kB)
2022-12-27T02:55:23.9648520Z Collecting packaging>=20.9
2022-12-27T02:55:23.9669950Z   Using cached packaging-21.3-py3-none-any.whl (40 kB)
2022-12-27T02:55:23.9839210Z Collecting typing-extensions
2022-12-27T02:55:23.9859040Z   Using cached typing_extensions-4.4.0-py3-none-any.whl (26 kB)
2022-12-27T02:55:24.0244120Z Collecting pyparsing!=3.0.5,>=2.0.2
2022-12-27T02:55:24.0264560Z   Using cached pyparsing-3.0.9-py3-none-any.whl (98 kB)
2022-12-27T02:55:24.0626270Z Installing collected packages: typing-extensions, pyparsing, packaging, delocate
2022-12-27T02:55:24.2041650Z Successfully installed delocate-0.10.3 packaging-21.3 pyparsing-3.0.9 typing-extensions-4.4.0
2022-12-27T02:55:24.2460610Z ##[endgroup]
2022-12-27T02:55:24.2461180Z                                                               [32mâœ“ [0m1.10s
2022-12-27T02:55:24.2461570Z ##[group]Running before_build...
2022-12-27T02:55:24.2461660Z 
2022-12-27T02:55:24.2467650Z + pip install Cython; if [[ -f requirements.txt ]]; then pip install -r requirements.txt; fi
2022-12-27T02:55:24.9295800Z Collecting Cython
2022-12-27T02:55:24.9342240Z   Using cached Cython-0.29.32-py2.py3-none-any.whl (986 kB)
2022-12-27T02:55:24.9831090Z Installing collected packages: Cython
2022-12-27T02:55:25.4431640Z Successfully installed Cython-0.29.32
2022-12-27T02:55:25.8111760Z Collecting enum34>=1.0.4
2022-12-27T02:55:25.8131800Z   Using cached enum34-1.1.10-py3-none-any.whl (11 kB)
2022-12-27T02:55:25.8425560Z Collecting futures>=2.2.0
2022-12-27T02:55:25.8427540Z   Using cached futures-3.0.5-py3-none-any.whl
2022-12-27T02:55:25.8461470Z Requirement already satisfied: cython>=0.23 in /private/var/folders/51/hd414ycd67n82196sw51xqtc0000gn/T/cibw-run-jxo6qmz2/cp39-macosx_arm64/build/venv/lib/python3.9/site-packages (from -r requirements.txt (line 4)) (0.29.32)
2022-12-27T02:55:26.2588680Z Collecting coverage>=4.0
2022-12-27T02:55:26.2616180Z   Using cached coverage-7.0.1-cp39-cp39-macosx_10_9_x86_64.whl (188 kB)
2022-12-27T02:55:26.2866920Z Collecting six>=1.10
2022-12-27T02:55:26.2886470Z   Using cached six-1.16.0-py2.py3-none-any.whl (11 kB)
2022-12-27T02:55:26.2902970Z Requirement already satisfied: wheel>=0.29 in /private/var/folders/51/hd414ycd67n82196sw51xqtc0000gn/T/cibw-run-jxo6qmz2/cp39-macosx_arm64/build/venv/lib/python3.9/site-packages (from -r requirements.txt (line 7)) (0.38.4)
2022-12-27T02:55:26.3272270Z Installing collected packages: futures, enum34, six, coverage
2022-12-27T02:55:26.4305700Z Successfully installed coverage-7.0.1 enum34-1.1.10 futures-3.0.5 six-1.16.0
2022-12-27T02:55:26.4733450Z ##[endgroup]
2022-12-27T02:55:26.4734190Z                                                               [32mâœ“ [0m2.23s
2022-12-27T02:55:26.4734690Z ##[group]Building wheel...
2022-12-27T02:55:26.4734830Z 
2022-12-27T02:55:26.4740780Z + python -m pip wheel /Users/runner/actions-runner/_work/python.build/python.build/build_grpcio013039/grpcio-0.13.0 --wheel-dir=/private/var/folders/51/hd414ycd67n82196sw51xqtc0000gn/T/cibw-run-jxo6qmz2/cp39-macosx_arm64/built_wheel --no-deps -vvv
2022-12-27T02:55:26.7416750Z Created temporary directory: /private/var/folders/51/hd414ycd67n82196sw51xqtc0000gn/T/pip-ephem-wheel-cache-dm9i8k0g
2022-12-27T02:55:26.7421400Z Created temporary directory: /private/var/folders/51/hd414ycd67n82196sw51xqtc0000gn/T/pip-build-tracker-tiqbjoom
2022-12-27T02:55:26.7423340Z Initialized build tracking at /private/var/folders/51/hd414ycd67n82196sw51xqtc0000gn/T/pip-build-tracker-tiqbjoom
2022-12-27T02:55:26.7425180Z Created build tracker: /private/var/folders/51/hd414ycd67n82196sw51xqtc0000gn/T/pip-build-tracker-tiqbjoom
2022-12-27T02:55:26.7426580Z Entered build tracker: /private/var/folders/51/hd414ycd67n82196sw51xqtc0000gn/T/pip-build-tracker-tiqbjoom
2022-12-27T02:55:26.7429880Z Created temporary directory: /private/var/folders/51/hd414ycd67n82196sw51xqtc0000gn/T/pip-wheel-9u7z0va8
2022-12-27T02:55:26.7435500Z Created temporary directory: /private/var/folders/51/hd414ycd67n82196sw51xqtc0000gn/T/pip-ephem-wheel-cache-dg4v4oe4
2022-12-27T02:55:26.7581430Z Processing /Users/runner/actions-runner/_work/python.build/python.build/build_grpcio013039/grpcio-0.13.0
2022-12-27T02:55:26.7586490Z   Added file:///Users/runner/actions-runner/_work/python.build/python.build/build_grpcio013039/grpcio-0.13.0 to build tracker '/private/var/folders/51/hd414ycd67n82196sw51xqtc0000gn/T/pip-build-tracker-tiqbjoom'
2022-12-27T02:55:26.7590010Z   Running setup.py (path:/Users/runner/actions-runner/_work/python.build/python.build/build_grpcio013039/grpcio-0.13.0/setup.py) egg_info for package from file:///Users/runner/actions-runner/_work/python.build/python.build/build_grpcio013039/grpcio-0.13.0
2022-12-27T02:55:26.7593080Z   Created temporary directory: /private/var/folders/51/hd414ycd67n82196sw51xqtc0000gn/T/pip-pip-egg-info-yz4acx19
2022-12-27T02:55:26.7594680Z   Preparing metadata (setup.py): started
2022-12-27T02:55:26.7597040Z   Running command python setup.py egg_info
2022-12-27T02:55:27.1668610Z   /private/var/folders/51/hd414ycd67n82196sw51xqtc0000gn/T/cibw-run-jxo6qmz2/cp39-macosx_arm64/build/venv/lib/python3.9/site-packages/Cython/Compiler/Main.py:369: FutureWarning: Cython directive 'language_level' not set, using 2 for now (Py2). This will change in a later release! File: /Users/runner/actions-runner/_work/python.build/python.build/build_grpcio013039/grpcio-0.13.0/src/python/grpcio/grpc/_cython/cygrpc.pxd
2022-12-27T02:55:27.1669520Z     tree = Parsing.p_module(s, pxd, full_module_name)
2022-12-27T02:55:27.2176360Z   warning: ./src/python/grpcio/grpc/_cython/_cygrpc/grpc.pxi:128:13: 'GRPC_ARG_PRIMARY_USER_AGENT_STRING' redeclared
2022-12-27T02:55:28.0977590Z   Compiling ./src/python/grpcio/grpc/_cython/cygrpc.pyx because it depends on /private/var/folders/51/hd414ycd67n82196sw51xqtc0000gn/T/cibw-run-jxo6qmz2/cp39-macosx_arm64/build/venv/lib/python3.9/site-packages/Cython/Includes/libc/time.pxd.
2022-12-27T02:55:28.0978440Z   [1/1] Cythonizing ./src/python/grpcio/grpc/_cython/cygrpc.pyx
2022-12-27T02:55:28.5378650Z   could not download precompiled extension: https://storage.googleapis.com/grpc-precompiled-binaries/python/cygrpc-0.13.0-Darwin-x86_64-ucs4.so
2022-12-27T02:55:28.5508360Z   /private/var/folders/51/hd414ycd67n82196sw51xqtc0000gn/T/cibw-run-jxo6qmz2/cp39-macosx_arm64/build/venv/lib/python3.9/site-packages/setuptools/installer.py:27: SetuptoolsDeprecationWarning: setuptools.installer is deprecated. Requirements should be satisfied by a PEP 517 installer.
2022-12-27T02:55:28.5509110Z     warnings.warn(
2022-12-27T02:55:28.5520490Z   /private/var/folders/51/hd414ycd67n82196sw51xqtc0000gn/T/cibw-run-jxo6qmz2/cp39-macosx_arm64/build/venv/lib/python3.9/site-packages/setuptools/installer.py:60: UserWarning: Unbuilt egg for grpcio [unknown version] (/Users/runner/actions-runner/_work/python.build/python.build/build_grpcio013039/grpcio-0.13.0/src/python/grpcio)
2022-12-27T02:55:28.5521050Z     environment = pkg_resources.Environment()
2022-12-27T02:55:43.4732900Z   running egg_info
2022-12-27T02:55:43.4735320Z   creating /private/var/folders/51/hd414ycd67n82196sw51xqtc0000gn/T/pip-pip-egg-info-yz4acx19/grpcio.egg-info
2022-12-27T02:55:43.4837820Z   writing /private/var/folders/51/hd414ycd67n82196sw51xqtc0000gn/T/pip-pip-egg-info-yz4acx19/grpcio.egg-info/PKG-INFO
2022-12-27T02:55:43.4841000Z   writing dependency_links to /private/var/folders/51/hd414ycd67n82196sw51xqtc0000gn/T/pip-pip-egg-info-yz4acx19/grpcio.egg-info/dependency_links.txt
2022-12-27T02:55:43.4843500Z   writing requirements to /private/var/folders/51/hd414ycd67n82196sw51xqtc0000gn/T/pip-pip-egg-info-yz4acx19/grpcio.egg-info/requires.txt
2022-12-27T02:55:43.4845720Z   writing top-level names to /private/var/folders/51/hd414ycd67n82196sw51xqtc0000gn/T/pip-pip-egg-info-yz4acx19/grpcio.egg-info/top_level.txt
2022-12-27T02:55:43.4847370Z   writing manifest file '/private/var/folders/51/hd414ycd67n82196sw51xqtc0000gn/T/pip-pip-egg-info-yz4acx19/grpcio.egg-info/SOURCES.txt'
2022-12-27T02:55:43.5149630Z   reading manifest file '/private/var/folders/51/hd414ycd67n82196sw51xqtc0000gn/T/pip-pip-egg-info-yz4acx19/grpcio.egg-info/SOURCES.txt'
2022-12-27T02:55:43.5152950Z   reading manifest template 'PYTHON-MANIFEST.in'
2022-12-27T02:55:43.5716050Z   writing manifest file '/private/var/folders/51/hd414ycd67n82196sw51xqtc0000gn/T/pip-pip-egg-info-yz4acx19/grpcio.egg-info/SOURCES.txt'
2022-12-27T02:55:43.6323640Z   Preparing metadata (setup.py): finished with status 'done'
2022-12-27T02:55:43.6348320Z   Source in /Users/runner/actions-runner/_work/python.build/python.build/build_grpcio013039/grpcio-0.13.0 has version 0.13.0, which satisfies requirement grpcio==0.13.0 from file:///Users/runner/actions-runner/_work/python.build/python.build/build_grpcio013039/grpcio-0.13.0
2022-12-27T02:55:43.6351430Z   Removed grpcio==0.13.0 from file:///Users/runner/actions-runner/_work/python.build/python.build/build_grpcio013039/grpcio-0.13.0 from build tracker '/private/var/folders/51/hd414ycd67n82196sw51xqtc0000gn/T/pip-build-tracker-tiqbjoom'
2022-12-27T02:55:43.6368700Z Created temporary directory: /private/var/folders/51/hd414ycd67n82196sw51xqtc0000gn/T/pip-unpack-7l2zu3wp
2022-12-27T02:55:43.6370750Z Building wheels for collected packages: grpcio
2022-12-27T02:55:43.6383650Z   Created temporary directory: /private/var/folders/51/hd414ycd67n82196sw51xqtc0000gn/T/pip-wheel-bnv0zbwj
2022-12-27T02:55:43.6384880Z   Building wheel for grpcio (setup.py): started
2022-12-27T02:55:43.6387020Z   Destination directory: /private/var/folders/51/hd414ycd67n82196sw51xqtc0000gn/T/pip-wheel-bnv0zbwj
2022-12-27T02:55:43.6388630Z   Running command python setup.py bdist_wheel
2022-12-27T02:55:44.4896120Z   could not download precompiled extension: https://storage.googleapis.com/grpc-precompiled-binaries/python/cygrpc-0.13.0-Darwin-x86_64-ucs4.so
2022-12-27T02:55:44.5038190Z   /private/var/folders/51/hd414ycd67n82196sw51xqtc0000gn/T/cibw-run-jxo6qmz2/cp39-macosx_arm64/build/venv/lib/python3.9/site-packages/setuptools/installer.py:27: SetuptoolsDeprecationWarning: setuptools.installer is deprecated. Requirements should be satisfied by a PEP 517 installer.
2022-12-27T02:55:44.5039040Z     warnings.warn(
2022-12-27T02:55:44.5048800Z   /private/var/folders/51/hd414ycd67n82196sw51xqtc0000gn/T/cibw-run-jxo6qmz2/cp39-macosx_arm64/build/venv/lib/python3.9/site-packages/setuptools/installer.py:60: UserWarning: Unbuilt egg for grpcio [unknown version] (/Users/runner/actions-runner/_work/python.build/python.build/build_grpcio013039/grpcio-0.13.0/src/python/grpcio)
2022-12-27T02:55:44.5049530Z     environment = pkg_resources.Environment()
2022-12-27T02:55:44.7571960Z   running bdist_wheel
2022-12-27T02:55:44.7888910Z   running build
2022-12-27T02:55:44.7890260Z   running build_py
2022-12-27T02:55:44.7892140Z   running build_proto_modules
2022-12-27T02:55:44.7893630Z   Traceback (most recent call last):
2022-12-27T02:55:44.7900670Z     File "/Users/runner/actions-runner/_work/python.build/python.build/build_grpcio013039/grpcio-0.13.0/src/python/grpcio/commands.py", line 210, in run
2022-12-27T02:55:44.7901420Z       self.run_command('build_proto_modules')
2022-12-27T02:55:44.7902130Z     File "/private/var/folders/51/hd414ycd67n82196sw51xqtc0000gn/T/cibw-run-jxo6qmz2/cp39-macosx_arm64/build/venv/lib/python3.9/site-packages/setuptools/_distutils/cmd.py", line 318, in run_command
2022-12-27T02:55:44.7902530Z       self.distribution.run_command(command)
2022-12-27T02:55:44.7903140Z     File "/private/var/folders/51/hd414ycd67n82196sw51xqtc0000gn/T/cibw-run-jxo6qmz2/cp39-macosx_arm64/build/venv/lib/python3.9/site-packages/setuptools/dist.py", line 1208, in run_command
2022-12-27T02:55:44.7903920Z       super().run_command(command)
2022-12-27T02:55:44.7905360Z     File "/private/var/folders/51/hd414ycd67n82196sw51xqtc0000gn/T/cibw-run-jxo6qmz2/cp39-macosx_arm64/build/venv/lib/python3.9/site-packages/setuptools/_distutils/dist.py", line 988, in run_command
2022-12-27T02:55:44.7906170Z       cmd_obj.run()
2022-12-27T02:55:44.7907900Z     File "/Users/runner/actions-runner/_work/python.build/python.build/build_grpcio013039/grpcio-0.13.0/src/python/grpcio/commands.py", line 157, in run
2022-12-27T02:55:44.7944040Z ##[error]      raise CommandError('could not find protoc')
2022-12-27T02:55:44.7949940Z   commands.CommandError: could not find protoc
2022-12-27T02:55:44.7950090Z 
2022-12-27T02:55:44.7950310Z   During handling of the above exception, another exception occurred:
2022-12-27T02:55:44.7950430Z 
2022-12-27T02:55:44.7950530Z   Traceback (most recent call last):
2022-12-27T02:55:44.7950780Z     File "<string>", line 2, in <module>
2022-12-27T02:55:44.7951150Z     File "<pip-setuptools-caller>", line 34, in <module>
2022-12-27T02:55:44.7951570Z     File "/Users/runner/actions-runner/_work/python.build/python.build/build_grpcio013039/grpcio-0.13.0/setup.py", line 242, in <module>
2022-12-27T02:55:44.7951890Z       setuptools.setup(**setup_arguments)
2022-12-27T02:55:44.7952340Z     File "/private/var/folders/51/hd414ycd67n82196sw51xqtc0000gn/T/cibw-run-jxo6qmz2/cp39-macosx_arm64/build/venv/lib/python3.9/site-packages/setuptools/__init__.py", line 87, in setup
2022-12-27T02:55:44.7952650Z       return distutils.core.setup(**attrs)
2022-12-27T02:55:44.7953130Z     File "/private/var/folders/51/hd414ycd67n82196sw51xqtc0000gn/T/cibw-run-jxo6qmz2/cp39-macosx_arm64/build/venv/lib/python3.9/site-packages/setuptools/_distutils/core.py", line 185, in setup
2022-12-27T02:55:44.7953670Z       return run_commands(dist)
2022-12-27T02:55:44.7954360Z     File "/private/var/folders/51/hd414ycd67n82196sw51xqtc0000gn/T/cibw-run-jxo6qmz2/cp39-macosx_arm64/build/venv/lib/python3.9/site-packages/setuptools/_distutils/core.py", line 201, in run_commands
2022-12-27T02:55:44.7954670Z       dist.run_commands()
2022-12-27T02:55:44.7955120Z     File "/private/var/folders/51/hd414ycd67n82196sw51xqtc0000gn/T/cibw-run-jxo6qmz2/cp39-macosx_arm64/build/venv/lib/python3.9/site-packages/setuptools/_distutils/dist.py", line 969, in run_commands
2022-12-27T02:55:44.7955410Z       self.run_command(cmd)
2022-12-27T02:55:44.7955930Z     File "/private/var/folders/51/hd414ycd67n82196sw51xqtc0000gn/T/cibw-run-jxo6qmz2/cp39-macosx_arm64/build/venv/lib/python3.9/site-packages/setuptools/dist.py", line 1208, in run_command
2022-12-27T02:55:44.7956220Z       super().run_command(command)
2022-12-27T02:55:44.7956610Z     File "/private/var/folders/51/hd414ycd67n82196sw51xqtc0000gn/T/cibw-run-jxo6qmz2/cp39-macosx_arm64/build/venv/lib/python3.9/site-packages/setuptools/_distutils/dist.py", line 988, in run_command
2022-12-27T02:55:44.7956900Z       cmd_obj.run()
2022-12-27T02:55:44.7957370Z     File "/private/var/folders/51/hd414ycd67n82196sw51xqtc0000gn/T/cibw-run-jxo6qmz2/cp39-macosx_arm64/build/venv/lib/python3.9/site-packages/wheel/bdist_wheel.py", line 325, in run
2022-12-27T02:55:44.7957650Z       self.run_command("build")
2022-12-27T02:55:44.7958070Z     File "/private/var/folders/51/hd414ycd67n82196sw51xqtc0000gn/T/cibw-run-jxo6qmz2/cp39-macosx_arm64/build/venv/lib/python3.9/site-packages/setuptools/_distutils/cmd.py", line 318, in run_command
2022-12-27T02:55:44.7958350Z       self.distribution.run_command(command)
2022-12-27T02:55:44.7958770Z     File "/private/var/folders/51/hd414ycd67n82196sw51xqtc0000gn/T/cibw-run-jxo6qmz2/cp39-macosx_arm64/build/venv/lib/python3.9/site-packages/setuptools/dist.py", line 1208, in run_command
2022-12-27T02:55:44.7959120Z       super().run_command(command)
2022-12-27T02:55:44.7959540Z     File "/private/var/folders/51/hd414ycd67n82196sw51xqtc0000gn/T/cibw-run-jxo6qmz2/cp39-macosx_arm64/build/venv/lib/python3.9/site-packages/setuptools/_distutils/dist.py", line 988, in run_command
2022-12-27T02:55:44.7960000Z       cmd_obj.run()
2022-12-27T02:55:44.7960410Z     File "/private/var/folders/51/hd414ycd67n82196sw51xqtc0000gn/T/cibw-run-jxo6qmz2/cp39-macosx_arm64/build/venv/lib/python3.9/site-packages/setuptools/_distutils/command/build.py", line 132, in run
2022-12-27T02:55:44.7960770Z       self.run_command(cmd_name)
2022-12-27T02:55:44.7961190Z     File "/private/var/folders/51/hd414ycd67n82196sw51xqtc0000gn/T/cibw-run-jxo6qmz2/cp39-macosx_arm64/build/venv/lib/python3.9/site-packages/setuptools/_distutils/cmd.py", line 318, in run_command
2022-12-27T02:55:44.7961490Z       self.distribution.run_command(command)
2022-12-27T02:55:44.7961910Z     File "/private/var/folders/51/hd414ycd67n82196sw51xqtc0000gn/T/cibw-run-jxo6qmz2/cp39-macosx_arm64/build/venv/lib/python3.9/site-packages/setuptools/dist.py", line 1208, in run_command
2022-12-27T02:55:44.7962260Z       super().run_command(command)
2022-12-27T02:55:44.7962670Z     File "/private/var/folders/51/hd414ycd67n82196sw51xqtc0000gn/T/cibw-run-jxo6qmz2/cp39-macosx_arm64/build/venv/lib/python3.9/site-packages/setuptools/_distutils/dist.py", line 988, in run_command
2022-12-27T02:55:44.7962950Z       cmd_obj.run()
2022-12-27T02:55:44.8027390Z     File "/Users/runner/actions-runner/_work/python.build/python.build/build_grpcio013039/grpcio-0.13.0/src/python/grpcio/commands.py", line 212, in run
2022-12-27T02:55:44.8027800Z       sys.stderr.write('warning: %s\n' % error.message)
2022-12-27T02:55:44.8028060Z   AttributeError: 'CommandError' object has no attribute 'message'
2022-12-27T02:55:44.8539990Z   error: subprocess-exited-with-error
2022-12-27T02:55:44.8540300Z   
2022-12-27T02:55:44.8540740Z   Ã— python setup.py bdist_wheel did not run successfully.
2022-12-27T02:55:44.8541120Z   â”‚ exit code: 1
2022-12-27T02:55:44.8541480Z   â•°â”€> See above for output.
2022-12-27T02:55:44.8541690Z   
2022-12-27T02:55:44.8542160Z   note: This error originates from a subprocess, and is likely not a problem with pip.
2022-12-27T02:55:44.8549110Z   full command: /private/var/folders/51/hd414ycd67n82196sw51xqtc0000gn/T/cibw-run-jxo6qmz2/cp39-macosx_arm64/build/venv/bin/python -u -c '
2022-12-27T02:55:44.8549710Z   exec(compile('"'"''"'"''"'"'
2022-12-27T02:55:44.8550420Z   # This is <pip-setuptools-caller> -- a caller that pip uses to run setup.py
2022-12-27T02:55:44.8550770Z   #
2022-12-27T02:55:44.8551170Z   # - It imports setuptools before invoking setup.py, to enable projects that directly
2022-12-27T02:55:44.8551600Z   #   import from `distutils.core` to work with newer packaging standards.
2022-12-27T02:55:44.8552420Z   # - It provides a clear error message when setuptools is not installed.
2022-12-27T02:55:44.8552880Z   # - It sets `sys.argv[0]` to the underlying `setup.py`, when invoking `setup.py` so
2022-12-27T02:55:44.8553330Z   #   setuptools doesn'"'"'t think the script is `-c`. This avoids the following warning:
2022-12-27T02:55:44.8553700Z   #     manifest_maker: standard file '"'"'-c'"'"' not found".
2022-12-27T02:55:44.8554140Z   # - It generates a shim setup.py, for handling setup.cfg-only projects.
2022-12-27T02:55:44.8554450Z   import os, sys, tokenize
2022-12-27T02:55:44.8554780Z   
2022-12-27T02:55:44.8554990Z   try:
2022-12-27T02:55:44.8555200Z       import setuptools
2022-12-27T02:55:44.8555410Z   except ImportError as error:
2022-12-27T02:55:44.8555810Z       print(
2022-12-27T02:55:44.8556090Z           "ERROR: Can not execute `setup.py` since setuptools is not available in "
2022-12-27T02:55:44.8556490Z   Building wheel for grpcio (setup.py): finished with status 'error'
2022-12-27T02:55:44.8556790Z           "the build environment.",
2022-12-27T02:55:44.8557020Z           file=sys.stderr,
2022-12-27T02:55:44.8557240Z       )
2022-12-27T02:55:44.8557400Z       sys.exit(1)
2022-12-27T02:55:44.8557600Z   
2022-12-27T02:55:44.8557790Z   __file__ = %r
2022-12-27T02:55:44.8557980Z   sys.argv[0] = __file__
2022-12-27T02:55:44.8558480Z   
2022-12-27T02:55:44.8558700Z   if os.path.exists(__file__):
2022-12-27T02:55:44.8558910Z       filename = __file__
2022-12-27T02:55:44.8559150Z       with tokenize.open(__file__) as f:
2022-12-27T02:55:44.8559440Z           setup_py_code = f.read()
2022-12-27T02:55:44.8559620Z   else:
2022-12-27T02:55:44.8559950Z       filename = "<auto-generated setuptools caller>"
2022-12-27T02:55:44.8560250Z       setup_py_code = "from setuptools import setup; setup()"
2022-12-27T02:55:44.8560460Z   
2022-12-27T02:55:44.8560700Z   exec(compile(setup_py_code, filename, "exec"))
2022-12-27T02:55:44.8561400Z   '"'"''"'"''"'"' % ('"'"'/Users/runner/actions-runner/_work/python.build/python.build/build_grpcio013039/grpcio-0.13.0/setup.py'"'"',), "<pip-setuptools-caller>", "exec"))' bdist_wheel -d /private/var/folders/51/hd414ycd67n82196sw51xqtc0000gn/T/pip-wheel-bnv0zbwj
2022-12-27T02:55:44.8562040Z   cwd: /Users/runner/actions-runner/_work/python.build/python.build/build_grpcio013039/grpcio-0.13.0/
2022-12-27T02:55:44.8562350Z   ERROR: Failed building wheel for grpcio
2022-12-27T02:55:44.8562610Z   Running command python setup.py clean
2022-12-27T02:55:44.8562780Z   Running setup.py clean for grpcio
2022-12-27T02:55:45.6755160Z   could not download precompiled extension: https://storage.googleapis.com/grpc-precompiled-binaries/python/cygrpc-0.13.0-Darwin-x86_64-ucs4.so
2022-12-27T02:55:45.6890590Z   /private/var/folders/51/hd414ycd67n82196sw51xqtc0000gn/T/cibw-run-jxo6qmz2/cp39-macosx_arm64/build/venv/lib/python3.9/site-packages/setuptools/installer.py:27: SetuptoolsDeprecationWarning: setuptools.installer is deprecated. Requirements should be satisfied by a PEP 517 installer.
2022-12-27T02:55:45.6891420Z     warnings.warn(
2022-12-27T02:55:45.6900300Z   /private/var/folders/51/hd414ycd67n82196sw51xqtc0000gn/T/cibw-run-jxo6qmz2/cp39-macosx_arm64/build/venv/lib/python3.9/site-packages/setuptools/installer.py:60: UserWarning: Unbuilt egg for grpcio [unknown version] (/Users/runner/actions-runner/_work/python.build/python.build/build_grpcio013039/grpcio-0.13.0/src/python/grpcio)
2022-12-27T02:55:45.6901060Z     environment = pkg_resources.Environment()
2022-12-27T02:55:45.9200140Z   running clean
2022-12-27T02:55:45.9399030Z   'python_build/lib.macosx-11.0-arm64-cpython-39' does not exist -- can't clean it
2022-12-27T02:55:45.9400950Z   'python_build/bdist.macosx-11.0-arm64' does not exist -- can't clean it
2022-12-27T02:55:45.9402670Z   'python_build/scripts-3.9' does not exist -- can't clean it
2022-12-27T02:55:45.9804290Z Failed to build grpcio
2022-12-27T02:55:45.9808460Z ERROR: Failed to build one or more wheels
2022-12-27T02:55:45.9818110Z Exception information:
2022-12-27T02:55:45.9818410Z Traceback (most recent call last):
2022-12-27T02:55:45.9819530Z   File "/private/var/folders/51/hd414ycd67n82196sw51xqtc0000gn/T/cibw-run-jxo6qmz2/cp39-macosx_arm64/build/venv/lib/python3.9/site-packages/pip/_internal/cli/base_command.py", line 160, in exc_logging_wrapper
2022-12-27T02:55:45.9820080Z     status = run_func(*args)
2022-12-27T02:55:45.9820680Z   File "/private/var/folders/51/hd414ycd67n82196sw51xqtc0000gn/T/cibw-run-jxo6qmz2/cp39-macosx_arm64/build/venv/lib/python3.9/site-packages/pip/_internal/cli/req_command.py", line 247, in wrapper
2022-12-27T02:55:45.9821100Z     return func(self, options, args)
2022-12-27T02:55:45.9821680Z   File "/private/var/folders/51/hd414ycd67n82196sw51xqtc0000gn/T/cibw-run-jxo6qmz2/cp39-macosx_arm64/build/venv/lib/python3.9/site-packages/pip/_internal/commands/wheel.py", line 201, in run
2022-12-27T02:55:45.9822100Z     raise CommandError("Failed to build one or more wheels")
2022-12-27T02:55:45.9822400Z pip._internal.exceptions.CommandError: Failed to build one or more wheels
2022-12-27T02:55:45.9822930Z Removed build tracker: '/private/var/folders/51/hd414ycd67n82196sw51xqtc0000gn/T/pip-build-tracker-tiqbjoom'
2022-12-27T02:55:46.0221020Z ##[endgroup]
2022-12-27T02:55:46.0239100Z ##[error]Command ['python', '-m', 'pip', 'wheel', '/Users/runner/actions-runner/_work/python.build/python.build/build_grpcio013039/grpcio-0.13.0', '--wheel-dir=/private/var/folders/51/hd414ycd67n82196sw51xqtc0000gn/T/cibw-run-jxo6qmz2/cp39-macosx_arm64/built_wheel', '--no-deps', '-vvv'] failed with code 1. None
2022-12-27T02:55:46.0240120Z 
2022-12-27T02:55:46.0240430Z                                                              [31mâœ• [0m19.55s
2022-12-27T02:55:46.0955630Z ##[error]Process completed with exit code 1.
2022-12-27T02:55:46.0991140Z ##[group]Run rm -rf build_grpcio013039 wheelsout
2022-12-27T02:55:46.0991370Z [36;1mrm -rf build_grpcio013039 wheelsout[0m
2022-12-27T02:55:46.1006800Z shell: /bin/bash -e {0}
2022-12-27T02:55:46.1006970Z env:
2022-12-27T02:55:46.1007150Z   pythonLocation: /Users/runner/hostedtoolcache/Python/3.9.16/x64
2022-12-27T02:55:46.1007400Z   PKG_CONFIG_PATH: /Users/runner/hostedtoolcache/Python/3.9.16/x64/lib/pkgconfig
2022-12-27T02:55:46.1007640Z   Python_ROOT_DIR: /Users/runner/hostedtoolcache/Python/3.9.16/x64
2022-12-27T02:55:46.1007880Z   Python2_ROOT_DIR: /Users/runner/hostedtoolcache/Python/3.9.16/x64
2022-12-27T02:55:46.1008090Z   Python3_ROOT_DIR: /Users/runner/hostedtoolcache/Python/3.9.16/x64
2022-12-27T02:55:46.1008270Z ##[endgroup]
2022-12-27T02:55:46.4553120Z Cleaning up orphan processes
