2022-12-27T08:46:15.4622922Z Requested labels: self-hosted, macOS, X64
2022-12-27T08:46:15.4623002Z Job defined at: kilnbuild/python.build/.github/workflows/mac_arm_build.yml@refs/heads/main
2022-12-27T08:46:15.4623036Z Waiting for a runner to pick up this job...
2022-12-27T11:06:26.5895643Z Job is about to start running on the runner: k1 (organization)
2022-12-27T11:06:29.9046460Z Current runner version: '2.300.2'
2022-12-27T11:06:29.9051480Z Runner name: 'k1'
2022-12-27T11:06:29.9051740Z Runner group name: 'Default'
2022-12-27T11:06:29.9052200Z Machine name: 'k1'
2022-12-27T11:06:29.9053700Z ##[group]GITHUB_TOKEN Permissions
2022-12-27T11:06:29.9054120Z Actions: write
2022-12-27T11:06:29.9054250Z Checks: write
2022-12-27T11:06:29.9054390Z Contents: write
2022-12-27T11:06:29.9054530Z Deployments: write
2022-12-27T11:06:29.9054660Z Discussions: write
2022-12-27T11:06:29.9054800Z Issues: write
2022-12-27T11:06:29.9054930Z Metadata: read
2022-12-27T11:06:29.9055060Z Packages: write
2022-12-27T11:06:29.9055200Z Pages: write
2022-12-27T11:06:29.9055340Z PullRequests: write
2022-12-27T11:06:29.9055500Z RepositoryProjects: write
2022-12-27T11:06:29.9055660Z SecurityEvents: write
2022-12-27T11:06:29.9055800Z Statuses: write
2022-12-27T11:06:29.9055930Z ##[endgroup]
2022-12-27T11:06:29.9058380Z Secret source: Actions
2022-12-27T11:06:29.9058690Z Prepare workflow directory
2022-12-27T11:06:29.9715380Z Prepare all required actions
2022-12-27T11:06:29.9840210Z Getting action download info
2022-12-27T11:06:30.4247470Z Download action repository 'actions/setup-python@v4' (SHA:5ccb29d8773c3f3f653e1705f474dfaa8a06a912)
2022-12-27T11:06:32.1803990Z Download action repository 'actions/upload-artifact@v3' (SHA:83fd05a356d7e2593de66fc9913b3002723633cb)
2022-12-27T11:06:33.4884600Z ##[group]Run echo '{
2022-12-27T11:06:33.4884910Z [36;1mecho '{[0m
2022-12-27T11:06:33.4885050Z [36;1m  "package_name": "lxml",[0m
2022-12-27T11:06:33.4885360Z [36;1m  "package_url": "https://files.pythonhosted.org/packages/8a/fe/011b3ee8ef8685186427be41cf82892b17a9176b37585e01692e7f0fd862/lxml-2.0.1.tar.gz",[0m
2022-12-27T11:06:33.4885640Z [36;1m  "package_version": "2.0.1",[0m
2022-12-27T11:06:33.4885790Z [36;1m  "python_version": "3.11",[0m
2022-12-27T11:06:33.4885980Z [36;1m  "use_ccache": "true"[0m
2022-12-27T11:06:33.4886140Z [36;1m}'[0m
2022-12-27T11:06:33.4901640Z shell: /bin/bash -e {0}
2022-12-27T11:06:33.4901810Z ##[endgroup]
2022-12-27T11:06:33.5117250Z {
2022-12-27T11:06:33.5118510Z   "package_name": "lxml",
2022-12-27T11:06:33.5119100Z   "package_url": "https://files.pythonhosted.org/packages/8a/fe/011b3ee8ef8685186427be41cf82892b17a9176b37585e01692e7f0fd862/lxml-2.0.1.tar.gz",
2022-12-27T11:06:33.5119400Z   "package_version": "2.0.1",
2022-12-27T11:06:33.5119690Z   "python_version": "3.11",
2022-12-27T11:06:33.5119870Z   "use_ccache": "true"
2022-12-27T11:06:33.5120050Z }
2022-12-27T11:06:33.5329250Z ##[group]Run actions/setup-python@v4
2022-12-27T11:06:33.5329580Z with:
2022-12-27T11:06:33.5329770Z   python-version: 3.11
2022-12-27T11:06:33.5329940Z   check-latest: false
2022-12-27T11:06:33.5330240Z   token: ***
2022-12-27T11:06:33.5330490Z   update-environment: true
2022-12-27T11:06:33.5330690Z ##[endgroup]
2022-12-27T11:06:33.6537560Z ##[group]Installed versions
2022-12-27T11:06:33.6639050Z Successfully set up CPython (3.11.1)
2022-12-27T11:06:33.6639990Z ##[endgroup]
2022-12-27T11:06:33.6786770Z ##[group]Run if [ "true" == "true" ]
2022-12-27T11:06:33.6787120Z [36;1mif [ "true" == "true" ][0m
2022-12-27T11:06:33.6787330Z [36;1mthen[0m
2022-12-27T11:06:33.6787570Z [36;1m  echo "CCACHE_PATH_PREPEND=/usr/local/opt/ccache/libexec" >> $GITHUB_OUTPUT[0m
2022-12-27T11:06:33.6787910Z [36;1melse[0m
2022-12-27T11:06:33.6788080Z [36;1m  echo "CCACHE_PATH_PREPEND=" >> $GITHUB_OUTPUT[0m
2022-12-27T11:06:33.6788290Z [36;1mfi[0m
2022-12-27T11:06:33.6806040Z shell: /bin/bash -e {0}
2022-12-27T11:06:33.6806300Z env:
2022-12-27T11:06:33.6806530Z   pythonLocation: /Users/runner/hostedtoolcache/Python/3.11.1/x64
2022-12-27T11:06:33.6806850Z   PKG_CONFIG_PATH: /Users/runner/hostedtoolcache/Python/3.11.1/x64/lib/pkgconfig
2022-12-27T11:06:33.6807120Z   Python_ROOT_DIR: /Users/runner/hostedtoolcache/Python/3.11.1/x64
2022-12-27T11:06:33.6807430Z   Python2_ROOT_DIR: /Users/runner/hostedtoolcache/Python/3.11.1/x64
2022-12-27T11:06:33.6807760Z   Python3_ROOT_DIR: /Users/runner/hostedtoolcache/Python/3.11.1/x64
2022-12-27T11:06:33.6808420Z ##[endgroup]
2022-12-27T11:06:33.6924020Z ##[group]Run echo "BUILD_NAME=$(echo lxml_2.0.1_3.11 | tr -dc '[:alnum:]\n\r' | tr '[:upper:]' '[:lower:]')" >> $GITHUB_OUTPUT
2022-12-27T11:06:33.6924370Z [36;1mecho "BUILD_NAME=$(echo lxml_2.0.1_3.11 | tr -dc '[:alnum:]\n\r' | tr '[:upper:]' '[:lower:]')" >> $GITHUB_OUTPUT[0m
2022-12-27T11:06:33.6938920Z shell: /bin/bash -e {0}
2022-12-27T11:06:33.6939120Z env:
2022-12-27T11:06:33.6939360Z   pythonLocation: /Users/runner/hostedtoolcache/Python/3.11.1/x64
2022-12-27T11:06:33.6939610Z   PKG_CONFIG_PATH: /Users/runner/hostedtoolcache/Python/3.11.1/x64/lib/pkgconfig
2022-12-27T11:06:33.6939970Z   Python_ROOT_DIR: /Users/runner/hostedtoolcache/Python/3.11.1/x64
2022-12-27T11:06:33.6940230Z   Python2_ROOT_DIR: /Users/runner/hostedtoolcache/Python/3.11.1/x64
2022-12-27T11:06:33.6940840Z   Python3_ROOT_DIR: /Users/runner/hostedtoolcache/Python/3.11.1/x64
2022-12-27T11:06:33.6941030Z ##[endgroup]
2022-12-27T11:06:33.7103450Z ##[group]Run echo "PYTHON_NO_DOTS=$(echo 3.11 | tr -dc '[:alnum:]\n\r' | tr '[:upper:]' '[:lower:]')" >> $GITHUB_OUTPUT
2022-12-27T11:06:33.7103900Z [36;1mecho "PYTHON_NO_DOTS=$(echo 3.11 | tr -dc '[:alnum:]\n\r' | tr '[:upper:]' '[:lower:]')" >> $GITHUB_OUTPUT[0m
2022-12-27T11:06:33.7119540Z shell: /bin/bash -e {0}
2022-12-27T11:06:33.7119710Z env:
2022-12-27T11:06:33.7119980Z   pythonLocation: /Users/runner/hostedtoolcache/Python/3.11.1/x64
2022-12-27T11:06:33.7120250Z   PKG_CONFIG_PATH: /Users/runner/hostedtoolcache/Python/3.11.1/x64/lib/pkgconfig
2022-12-27T11:06:33.7120480Z   Python_ROOT_DIR: /Users/runner/hostedtoolcache/Python/3.11.1/x64
2022-12-27T11:06:33.7120730Z   Python2_ROOT_DIR: /Users/runner/hostedtoolcache/Python/3.11.1/x64
2022-12-27T11:06:33.7121020Z   Python3_ROOT_DIR: /Users/runner/hostedtoolcache/Python/3.11.1/x64
2022-12-27T11:06:33.7121240Z ##[endgroup]
2022-12-27T11:06:33.7242270Z ##[group]Run rm -rf build_lxml201311
2022-12-27T11:06:33.7242590Z [36;1mrm -rf build_lxml201311[0m
2022-12-27T11:06:33.7242810Z [36;1mmkdir build_lxml201311[0m
2022-12-27T11:06:33.7243040Z [36;1mcd build_lxml201311[0m
2022-12-27T11:06:33.7243340Z [36;1m/usr/local/bin/wget --quiet https://files.pythonhosted.org/packages/8a/fe/011b3ee8ef8685186427be41cf82892b17a9176b37585e01692e7f0fd862/lxml-2.0.1.tar.gz[0m
2022-12-27T11:06:33.7243620Z [36;1mtar xf *.tar.gz[0m
2022-12-27T11:06:33.7243770Z [36;1mcd *[0m
2022-12-27T11:06:33.7244010Z [36;1mpython -m pip install cibuildwheel==2.11.3[0m
2022-12-27T11:06:33.7244250Z [36;1mpython -m cibuildwheel --output-dir ../wheelsout[0m
2022-12-27T11:06:33.7259140Z shell: /bin/bash -e {0}
2022-12-27T11:06:33.7259400Z env:
2022-12-27T11:06:33.7259630Z   pythonLocation: /Users/runner/hostedtoolcache/Python/3.11.1/x64
2022-12-27T11:06:33.7259900Z   PKG_CONFIG_PATH: /Users/runner/hostedtoolcache/Python/3.11.1/x64/lib/pkgconfig
2022-12-27T11:06:33.7260200Z   Python_ROOT_DIR: /Users/runner/hostedtoolcache/Python/3.11.1/x64
2022-12-27T11:06:33.7260420Z   Python2_ROOT_DIR: /Users/runner/hostedtoolcache/Python/3.11.1/x64
2022-12-27T11:06:33.7260700Z   Python3_ROOT_DIR: /Users/runner/hostedtoolcache/Python/3.11.1/x64
2022-12-27T11:06:33.7260920Z   CIBW_ARCHS_MACOS: arm64
2022-12-27T11:06:33.7261070Z   CIBW_TEST_SKIP: *_arm64
2022-12-27T11:06:33.7261270Z   CIBW_BUILD: cp311-macosx_arm64
2022-12-27T11:06:33.7261490Z   CIBW_BUILD_FRONTEND: pip
2022-12-27T11:06:33.7261660Z   CIBW_BUILD_VERBOSITY: 3
2022-12-27T11:06:33.7261980Z   CIBW_ENVIRONMENT_MACOS:  CFLAGS="-I/usr/local/opt/openssl@3/include" LDFLAGS="-L/usr/local/opt/openssl@3/lib" CPPFLAGS="-I/usr/local/opt/openssl@3/include" MAKEFLAGS="-j$(sysctl -n hw.logicalcpu)" PATH=/usr/local/opt/ccache/libexec:$PATH
2022-12-27T11:06:33.7262350Z   CIBW_BEFORE_BUILD: pip install Cython; if [[ -f requirements.txt ]]; then pip install -r requirements.txt; fi
2022-12-27T11:06:33.7262600Z   MAKEFLAGS: -j$(sysctl -n hw.logicalcpu)
2022-12-27T11:06:33.7262830Z ##[endgroup]
2022-12-27T11:06:34.1556430Z Requirement already satisfied: cibuildwheel==2.11.3 in /Library/Frameworks/Python.framework/Versions/3.11/lib/python3.11/site-packages (2.11.3)
2022-12-27T11:06:34.1872110Z Requirement already satisfied: bashlex!=0.13 in /Library/Frameworks/Python.framework/Versions/3.11/lib/python3.11/site-packages (from cibuildwheel==2.11.3) (0.16)
2022-12-27T11:06:34.1878330Z Requirement already satisfied: bracex in /Library/Frameworks/Python.framework/Versions/3.11/lib/python3.11/site-packages (from cibuildwheel==2.11.3) (2.3.post1)
2022-12-27T11:06:34.1884660Z Requirement already satisfied: certifi in /Library/Frameworks/Python.framework/Versions/3.11/lib/python3.11/site-packages (from cibuildwheel==2.11.3) (2022.12.7)
2022-12-27T11:06:34.1890710Z Requirement already satisfied: filelock in /Library/Frameworks/Python.framework/Versions/3.11/lib/python3.11/site-packages (from cibuildwheel==2.11.3) (3.8.2)
2022-12-27T11:06:34.1899600Z Requirement already satisfied: packaging>=20.9 in /Library/Frameworks/Python.framework/Versions/3.11/lib/python3.11/site-packages (from cibuildwheel==2.11.3) (22.0)
2022-12-27T11:06:34.1907510Z Requirement already satisfied: platformdirs in /Library/Frameworks/Python.framework/Versions/3.11/lib/python3.11/site-packages (from cibuildwheel==2.11.3) (2.6.0)
2022-12-27T11:06:34.4120010Z 
2022-12-27T11:06:34.4121090Z      _ _       _ _   _       _           _
2022-12-27T11:06:34.4121830Z  ___|_| |_ _ _|_| |_| |_ _ _| |_ ___ ___| |
2022-12-27T11:06:34.4122400Z |  _| | . | | | | | . | | | |   | -_| -_| |
2022-12-27T11:06:34.4122630Z |___|_|___|___|_|_|___|_____|_|_|___|___|_|
2022-12-27T11:06:34.4123010Z 
2022-12-27T11:06:34.4123140Z cibuildwheel version 2.11.3
2022-12-27T11:06:34.4123310Z 
2022-12-27T11:06:34.4123440Z Build options:
2022-12-27T11:06:34.4123710Z   platform: macos
2022-12-27T11:06:34.4171160Z   architectures: arm64[0m
2022-12-27T11:06:34.4171910Z   build_selector: 
2022-12-27T11:06:34.4173550Z     build_config: cp311-macosx_arm64
2022-12-27T11:06:34.4173930Z     skip_config: 
2022-12-27T11:06:34.4174200Z     requires_python: None
2022-12-27T11:06:34.4174770Z     prerelease_pythons: False[0m
2022-12-27T11:06:34.4175130Z   [38;5;244mcontainer_engine: docker[0m
2022-12-27T11:06:34.4175560Z   output_dir: /Users/runner/actions-runner/_work/python.build/python.build/build_lxml201311/wheelsout[0m
2022-12-27T11:06:34.4176050Z   package_dir: /Users/runner/actions-runner/_work/python.build/python.build/build_lxml201311/lxml-2.0.1[0m
2022-12-27T11:06:34.4176360Z   test_selector: 
2022-12-27T11:06:34.4176650Z     skip_config: *_arm64[0m
2022-12-27T11:06:34.4176920Z   [38;5;244mbefore_all: [0m
2022-12-27T11:06:34.4177330Z   before_build: pip install Cython; if [[ -f requirements.txt ]]; then pip install -r requirements.txt; fi[0m
2022-12-27T11:06:34.4177650Z   [38;5;244mbefore_test: [0m
2022-12-27T11:06:34.4177920Z   [38;5;244mbuild_frontend: pip[0m
2022-12-27T11:06:34.4178250Z   build_verbosity: 3[0m
2022-12-27T11:06:34.4178530Z   [38;5;244mconfig_settings: [0m
2022-12-27T11:06:34.4178810Z   [38;5;244mdependency_constraints: pinned[0m
2022-12-27T11:06:34.4179050Z   environment: 
2022-12-27T11:06:34.4179400Z     CFLAGS="-I/usr/local/opt/openssl@3/include"
2022-12-27T11:06:34.4179680Z     LDFLAGS="-L/usr/local/opt/openssl@3/lib"
2022-12-27T11:06:34.4180020Z     CPPFLAGS="-I/usr/local/opt/openssl@3/include"
2022-12-27T11:06:34.4180330Z     MAKEFLAGS="-j$(sysctl -n hw.logicalcpu)"
2022-12-27T11:06:34.4180620Z     PATH=/usr/local/opt/ccache/libexec:$PATH[0m
2022-12-27T11:06:34.4180970Z   [38;5;244mmanylinux_images: None[0m
2022-12-27T11:06:34.4181260Z   [38;5;244mmusllinux_images: None[0m
2022-12-27T11:06:34.4181630Z   [38;5;244mrepair_command: delocate-wheel --require-archs {delocate_archs} -w {dest_dir} -v {wheel}[0m
2022-12-27T11:06:34.4181970Z   [38;5;244mtest_command: [0m
2022-12-27T11:06:34.4182240Z   [38;5;244mtest_extras: [0m
2022-12-27T11:06:34.4182560Z   [38;5;244mtest_requires: [0m
2022-12-27T11:06:34.4182670Z 
2022-12-27T11:06:34.4182810Z Cache folder: /Users/runner/Library/Caches/cibuildwheel
2022-12-27T11:06:34.4184960Z 
2022-12-27T11:06:34.4185430Z Here we go!
2022-12-27T11:06:34.4185600Z 
2022-12-27T11:06:34.4297870Z 
2022-12-27T11:06:34.4298360Z [1m[34mBuilding cp311-macosx_arm64 wheel[0m
2022-12-27T11:06:34.4299120Z CPython 3.11 macOS arm64 - Apple Silicon
2022-12-27T11:06:34.4299390Z 
2022-12-27T11:06:34.4301230Z ##[group]Installing Python cp311...
2022-12-27T11:06:34.4301460Z 
2022-12-27T11:06:34.4301720Z + pkgutil --pkgs
2022-12-27T11:06:34.4404930Z ##[endgroup]
2022-12-27T11:06:34.4406680Z                                                               [32mâœ“ [0m0.01s
2022-12-27T11:06:34.4407330Z ##[group]Setting up build environment...
2022-12-27T11:06:34.4407490Z 
2022-12-27T11:06:34.4422460Z + /Library/Frameworks/Python.framework/Versions/3.11/bin/python -sS /Users/runner/Library/Caches/cibuildwheel/virtualenv-20.17.0.pyz --activators= --no-periodic-update --pip=22.3.1 --setuptools=65.6.3 --wheel=0.38.4 --symlink-app-data --python /Library/Frameworks/Python.framework/Versions/3.11/bin/python3 /private/var/folders/51/hd414ycd67n82196sw51xqtc0000gn/T/cibw-run-_5qk7b7c/cp311-macosx_arm64/build/venv
2022-12-27T11:06:34.6369620Z created virtual environment CPython3.11.1.final.0-64 in 55ms
2022-12-27T11:06:34.6370220Z   creator CPython3Posix(dest=/private/var/folders/51/hd414ycd67n82196sw51xqtc0000gn/T/cibw-run-_5qk7b7c/cp311-macosx_arm64/build/venv, clear=False, no_vcs_ignore=False, global=False)
2022-12-27T11:06:34.6370700Z   seeder FromAppData(download=False, pip=22.3.1, setuptools=65.6.3, wheel=0.38.4, via=symlink, app_data_dir=/Users/runner/Library/Application Support/virtualenv)
2022-12-27T11:06:34.6371170Z     added seed packages: pip==22.3.1, setuptools==65.6.3, wheel==0.38.4
2022-12-27T11:06:34.6527750Z + python -m pip install --upgrade pip -c /Library/Frameworks/Python.framework/Versions/3.11/lib/python3.11/site-packages/cibuildwheel/resources/constraints-python311.txt
2022-12-27T11:06:34.9318250Z Requirement already satisfied: pip in ./lib/python3.11/site-packages (22.3.1)
2022-12-27T11:06:35.0544490Z + which pip
2022-12-27T11:06:35.0566080Z /private/var/folders/51/hd414ycd67n82196sw51xqtc0000gn/T/cibw-run-_5qk7b7c/cp311-macosx_arm64/build/venv/bin/pip
2022-12-27T11:06:35.0568790Z + pip --version
2022-12-27T11:06:35.2519330Z pip 22.3.1 from /private/var/folders/51/hd414ycd67n82196sw51xqtc0000gn/T/cibw-run-_5qk7b7c/cp311-macosx_arm64/build/venv/lib/python3.11/site-packages/pip (python 3.11)
2022-12-27T11:06:35.2774610Z + which pip
2022-12-27T11:06:35.2801890Z + which python
2022-12-27T11:06:35.2821350Z /private/var/folders/51/hd414ycd67n82196sw51xqtc0000gn/T/cibw-run-_5qk7b7c/cp311-macosx_arm64/build/venv/bin/python
2022-12-27T11:06:35.2824010Z + python --version
2022-12-27T11:06:35.2881780Z Python 3.11.1
2022-12-27T11:06:35.2884180Z + which python
2022-12-27T11:06:35.2940120Z ##[endgroup]
2022-12-27T11:06:35.2940790Z                                                               [32mâœ“ [0m0.85s
2022-12-27T11:06:35.2941440Z ##[group]Installing build tools...
2022-12-27T11:06:35.2941620Z 
2022-12-27T11:06:35.2942100Z + pip install --upgrade setuptools wheel delocate -c /Library/Frameworks/Python.framework/Versions/3.11/lib/python3.11/site-packages/cibuildwheel/resources/constraints-python311.txt
2022-12-27T11:06:35.5624210Z Requirement already satisfied: setuptools in /private/var/folders/51/hd414ycd67n82196sw51xqtc0000gn/T/cibw-run-_5qk7b7c/cp311-macosx_arm64/build/venv/lib/python3.11/site-packages (65.6.3)
2022-12-27T11:06:35.7299150Z Requirement already satisfied: wheel in /private/var/folders/51/hd414ycd67n82196sw51xqtc0000gn/T/cibw-run-_5qk7b7c/cp311-macosx_arm64/build/venv/lib/python3.11/site-packages (0.38.4)
2022-12-27T11:06:35.7736430Z Collecting delocate
2022-12-27T11:06:35.7756880Z   Using cached delocate-0.10.3-py3-none-any.whl (142 kB)
2022-12-27T11:06:35.8003950Z Collecting packaging>=20.9
2022-12-27T11:06:35.8022610Z   Using cached packaging-21.3-py3-none-any.whl (40 kB)
2022-12-27T11:06:35.8174200Z Collecting typing-extensions
2022-12-27T11:06:35.8193610Z   Using cached typing_extensions-4.4.0-py3-none-any.whl (26 kB)
2022-12-27T11:06:35.8496660Z Collecting pyparsing!=3.0.5,>=2.0.2
2022-12-27T11:06:35.8513620Z   Using cached pyparsing-3.0.9-py3-none-any.whl (98 kB)
2022-12-27T11:06:35.9079980Z Installing collected packages: typing-extensions, pyparsing, packaging, delocate
2022-12-27T11:06:36.0362390Z Successfully installed delocate-0.10.3 packaging-21.3 pyparsing-3.0.9 typing-extensions-4.4.0
2022-12-27T11:06:36.0821180Z ##[endgroup]
2022-12-27T11:06:36.0821740Z                                                               [32mâœ“ [0m0.79s
2022-12-27T11:06:36.0822200Z ##[group]Running before_build...
2022-12-27T11:06:36.0822380Z 
2022-12-27T11:06:36.0826460Z + pip install Cython; if [[ -f requirements.txt ]]; then pip install -r requirements.txt; fi
2022-12-27T11:06:36.6498380Z Collecting Cython
2022-12-27T11:06:36.6541750Z   Using cached Cython-0.29.32-py2.py3-none-any.whl (986 kB)
2022-12-27T11:06:36.7009160Z Installing collected packages: Cython
2022-12-27T11:06:37.1092810Z Successfully installed Cython-0.29.32
2022-12-27T11:06:37.1540250Z ##[endgroup]
2022-12-27T11:06:37.1540900Z                                                               [32mâœ“ [0m1.07s
2022-12-27T11:06:37.1541470Z ##[group]Building wheel...
2022-12-27T11:06:37.1541610Z 
2022-12-27T11:06:37.1547520Z + python -m pip wheel /Users/runner/actions-runner/_work/python.build/python.build/build_lxml201311/lxml-2.0.1 --wheel-dir=/private/var/folders/51/hd414ycd67n82196sw51xqtc0000gn/T/cibw-run-_5qk7b7c/cp311-macosx_arm64/built_wheel --no-deps -vvv
2022-12-27T11:06:37.3944060Z Created temporary directory: /private/var/folders/51/hd414ycd67n82196sw51xqtc0000gn/T/pip-ephem-wheel-cache-m9xjrich
2022-12-27T11:06:37.3948710Z Created temporary directory: /private/var/folders/51/hd414ycd67n82196sw51xqtc0000gn/T/pip-build-tracker-dgsd2s0k
2022-12-27T11:06:37.3950890Z Initialized build tracking at /private/var/folders/51/hd414ycd67n82196sw51xqtc0000gn/T/pip-build-tracker-dgsd2s0k
2022-12-27T11:06:37.3951780Z Created build tracker: /private/var/folders/51/hd414ycd67n82196sw51xqtc0000gn/T/pip-build-tracker-dgsd2s0k
2022-12-27T11:06:37.3953270Z Entered build tracker: /private/var/folders/51/hd414ycd67n82196sw51xqtc0000gn/T/pip-build-tracker-dgsd2s0k
2022-12-27T11:06:37.3956030Z Created temporary directory: /private/var/folders/51/hd414ycd67n82196sw51xqtc0000gn/T/pip-wheel-2g9ah0u9
2022-12-27T11:06:37.3961050Z Created temporary directory: /private/var/folders/51/hd414ycd67n82196sw51xqtc0000gn/T/pip-ephem-wheel-cache-j5gnb007
2022-12-27T11:06:37.4032820Z Processing /Users/runner/actions-runner/_work/python.build/python.build/build_lxml201311/lxml-2.0.1
2022-12-27T11:06:37.4037370Z   Added file:///Users/runner/actions-runner/_work/python.build/python.build/build_lxml201311/lxml-2.0.1 to build tracker '/private/var/folders/51/hd414ycd67n82196sw51xqtc0000gn/T/pip-build-tracker-dgsd2s0k'
2022-12-27T11:06:37.4040390Z   Running setup.py (path:/Users/runner/actions-runner/_work/python.build/python.build/build_lxml201311/lxml-2.0.1/setup.py) egg_info for package from file:///Users/runner/actions-runner/_work/python.build/python.build/build_lxml201311/lxml-2.0.1
2022-12-27T11:06:37.4042800Z   Created temporary directory: /private/var/folders/51/hd414ycd67n82196sw51xqtc0000gn/T/pip-pip-egg-info-wqdoz92e
2022-12-27T11:06:37.4043910Z   Preparing metadata (setup.py): started
2022-12-27T11:06:37.4045270Z   Running command python setup.py egg_info
2022-12-27T11:06:37.7303920Z   Building with Cython 0.29.32.
2022-12-27T11:06:37.7304580Z   Building lxml version 2.0.1.
2022-12-27T11:06:37.7305690Z   running egg_info
2022-12-27T11:06:37.7307770Z   creating /private/var/folders/51/hd414ycd67n82196sw51xqtc0000gn/T/pip-pip-egg-info-wqdoz92e/lxml.egg-info
2022-12-27T11:06:37.7313200Z   writing /private/var/folders/51/hd414ycd67n82196sw51xqtc0000gn/T/pip-pip-egg-info-wqdoz92e/lxml.egg-info/PKG-INFO
2022-12-27T11:06:37.7317460Z   writing dependency_links to /private/var/folders/51/hd414ycd67n82196sw51xqtc0000gn/T/pip-pip-egg-info-wqdoz92e/lxml.egg-info/dependency_links.txt
2022-12-27T11:06:37.7319950Z   writing top-level names to /private/var/folders/51/hd414ycd67n82196sw51xqtc0000gn/T/pip-pip-egg-info-wqdoz92e/lxml.egg-info/top_level.txt
2022-12-27T11:06:37.7322270Z   writing manifest file '/private/var/folders/51/hd414ycd67n82196sw51xqtc0000gn/T/pip-pip-egg-info-wqdoz92e/lxml.egg-info/SOURCES.txt'
2022-12-27T11:06:37.7369550Z   reading manifest file '/private/var/folders/51/hd414ycd67n82196sw51xqtc0000gn/T/pip-pip-egg-info-wqdoz92e/lxml.egg-info/SOURCES.txt'
2022-12-27T11:06:37.7371920Z   reading manifest template 'MANIFEST.in'
2022-12-27T11:06:37.7907690Z   warning: no previously-included files found matching 'doc/pyrex.txt'
2022-12-27T11:06:37.7908700Z   adding license file 'LICENSES.txt'
2022-12-27T11:06:37.7942340Z   writing manifest file '/private/var/folders/51/hd414ycd67n82196sw51xqtc0000gn/T/pip-pip-egg-info-wqdoz92e/lxml.egg-info/SOURCES.txt'
2022-12-27T11:06:37.8231420Z   Preparing metadata (setup.py): finished with status 'done'
2022-12-27T11:06:37.8255020Z   Source in /Users/runner/actions-runner/_work/python.build/python.build/build_lxml201311/lxml-2.0.1 has version 2.0.1, which satisfies requirement lxml==2.0.1 from file:///Users/runner/actions-runner/_work/python.build/python.build/build_lxml201311/lxml-2.0.1
2022-12-27T11:06:37.8258140Z   Removed lxml==2.0.1 from file:///Users/runner/actions-runner/_work/python.build/python.build/build_lxml201311/lxml-2.0.1 from build tracker '/private/var/folders/51/hd414ycd67n82196sw51xqtc0000gn/T/pip-build-tracker-dgsd2s0k'
2022-12-27T11:06:37.8274560Z Created temporary directory: /private/var/folders/51/hd414ycd67n82196sw51xqtc0000gn/T/pip-unpack-t7yxxqgk
2022-12-27T11:06:37.8276690Z Building wheels for collected packages: lxml
2022-12-27T11:06:37.8283430Z   Created temporary directory: /private/var/folders/51/hd414ycd67n82196sw51xqtc0000gn/T/pip-wheel-qja0hlua
2022-12-27T11:06:37.8284900Z   Building wheel for lxml (setup.py): started
2022-12-27T11:06:37.8286080Z   Destination directory: /private/var/folders/51/hd414ycd67n82196sw51xqtc0000gn/T/pip-wheel-qja0hlua
2022-12-27T11:06:37.8287170Z   Running command python setup.py bdist_wheel
2022-12-27T11:06:38.0401520Z   Building with Cython 0.29.32.
2022-12-27T11:06:38.0531980Z   Building lxml version 2.0.1.
2022-12-27T11:06:38.1571160Z   running bdist_wheel
2022-12-27T11:06:38.1607170Z   running build
2022-12-27T11:06:38.1608350Z   running build_py
2022-12-27T11:06:38.1626190Z   creating build
2022-12-27T11:06:38.1627820Z   creating build/lib.macosx-11.0-arm64-cpython-311
2022-12-27T11:06:38.1629010Z   creating build/lib.macosx-11.0-arm64-cpython-311/lxml
2022-12-27T11:06:38.1630590Z   copying src/lxml/_elementpath.py -> build/lib.macosx-11.0-arm64-cpython-311/lxml
2022-12-27T11:06:38.1633630Z   copying src/lxml/sax.py -> build/lib.macosx-11.0-arm64-cpython-311/lxml
2022-12-27T11:06:38.1636360Z   copying src/lxml/__init__.py -> build/lib.macosx-11.0-arm64-cpython-311/lxml
2022-12-27T11:06:38.1638090Z   copying src/lxml/builder.py -> build/lib.macosx-11.0-arm64-cpython-311/lxml
2022-12-27T11:06:38.1640390Z   copying src/lxml/doctestcompare.py -> build/lib.macosx-11.0-arm64-cpython-311/lxml
2022-12-27T11:06:38.1643530Z   copying src/lxml/usedoctest.py -> build/lib.macosx-11.0-arm64-cpython-311/lxml
2022-12-27T11:06:38.1645930Z   copying src/lxml/cssselect.py -> build/lib.macosx-11.0-arm64-cpython-311/lxml
2022-12-27T11:06:38.1648520Z   copying src/lxml/ElementInclude.py -> build/lib.macosx-11.0-arm64-cpython-311/lxml
2022-12-27T11:06:38.1654250Z   creating build/lib.macosx-11.0-arm64-cpython-311/lxml/html
2022-12-27T11:06:38.1655470Z   copying src/lxml/html/defs.py -> build/lib.macosx-11.0-arm64-cpython-311/lxml/html
2022-12-27T11:06:38.1657860Z   copying src/lxml/html/_setmixin.py -> build/lib.macosx-11.0-arm64-cpython-311/lxml/html
2022-12-27T11:06:38.1660120Z   copying src/lxml/html/clean.py -> build/lib.macosx-11.0-arm64-cpython-311/lxml/html
2022-12-27T11:06:38.1662820Z   copying src/lxml/html/_diffcommand.py -> build/lib.macosx-11.0-arm64-cpython-311/lxml/html
2022-12-27T11:06:38.1664860Z   copying src/lxml/html/__init__.py -> build/lib.macosx-11.0-arm64-cpython-311/lxml/html
2022-12-27T11:06:38.1667640Z   copying src/lxml/html/formfill.py -> build/lib.macosx-11.0-arm64-cpython-311/lxml/html
2022-12-27T11:06:38.1670560Z   copying src/lxml/html/builder.py -> build/lib.macosx-11.0-arm64-cpython-311/lxml/html
2022-12-27T11:06:38.1673450Z   copying src/lxml/html/ElementSoup.py -> build/lib.macosx-11.0-arm64-cpython-311/lxml/html
2022-12-27T11:06:38.1676260Z   copying src/lxml/html/usedoctest.py -> build/lib.macosx-11.0-arm64-cpython-311/lxml/html
2022-12-27T11:06:38.1678670Z   copying src/lxml/html/diff.py -> build/lib.macosx-11.0-arm64-cpython-311/lxml/html
2022-12-27T11:06:38.1681390Z   copying src/lxml/html/_dictmixin.py -> build/lib.macosx-11.0-arm64-cpython-311/lxml/html
2022-12-27T11:06:38.1689770Z   running build_ext
2022-12-27T11:06:38.1804730Z   skipping 'src/lxml/lxml.etree.c' Cython extension (up-to-date)
2022-12-27T11:06:38.1806300Z   skipping 'src/lxml/lxml.objectify.c' Cython extension (up-to-date)
2022-12-27T11:06:38.1807720Z   skipping 'src/lxml/lxml.pyclasslookup.c' Cython extension (up-to-date)
2022-12-27T11:06:38.1809000Z   building 'lxml.etree' extension
2022-12-27T11:06:38.1809940Z   creating build/temp.macosx-11.0-arm64-cpython-311
2022-12-27T11:06:38.1811200Z   creating build/temp.macosx-11.0-arm64-cpython-311/src
2022-12-27T11:06:38.1812280Z   creating build/temp.macosx-11.0-arm64-cpython-311/src/lxml
2022-12-27T11:06:38.1814920Z   clang -Wsign-compare -Wunreachable-code -fno-common -dynamic -DNDEBUG -g -fwrapv -O3 -Wall -g -I/usr/local/opt/openssl@3/include -I/usr/local/opt/openssl@3/include -arch arm64 -I/private/var/folders/51/hd414ycd67n82196sw51xqtc0000gn/T/cibw-run-_5qk7b7c/cp311-macosx_arm64/build/venv/include -I/Library/Frameworks/Python.framework/Versions/3.11/include/python3.11 -c src/lxml/lxml.etree.c -o build/temp.macosx-11.0-arm64-cpython-311/src/lxml/lxml.etree.o -w b'-I/Library/Developer/CommandLineTools/SDKs/MacOSX12.1.sdk/usr/include\n'
2022-12-27T11:06:38.2014160Z   clang: error: no such file or directory: 'b'-I/Library/Developer/CommandLineTools/SDKs/MacOSX12.1.sdk/usr/include\n''
2022-12-27T11:06:38.2026970Z   error: command '/usr/bin/clang' failed with exit code 1
2022-12-27T11:06:38.2379610Z   error: subprocess-exited-with-error
2022-12-27T11:06:38.2380090Z   
2022-12-27T11:06:38.2380980Z   Ã— python setup.py bdist_wheel did not run successfully.
2022-12-27T11:06:38.2381360Z   â”‚ exit code: 1
2022-12-27T11:06:38.2381700Z   â•°â”€> See above for output.
2022-12-27T11:06:38.2381940Z   
2022-12-27T11:06:38.2382280Z   note: This error originates from a subprocess, and is likely not a problem with pip.
2022-12-27T11:06:38.2386700Z   full command: /private/var/folders/51/hd414ycd67n82196sw51xqtc0000gn/T/cibw-run-_5qk7b7c/cp311-macosx_arm64/build/venv/bin/python -u -c '
2022-12-27T11:06:38.2387570Z   exec(compile('"'"''"'"''"'"'
2022-12-27T11:06:38.2388150Z   # This is <pip-setuptools-caller> -- a caller that pip uses to run setup.py
2022-12-27T11:06:38.2388530Z   #
2022-12-27T11:06:38.2389250Z   # - It imports setuptools before invoking setup.py, to enable projects that directly
2022-12-27T11:06:38.2390730Z   #   import from `distutils.core` to work with newer packaging standards.
2022-12-27T11:06:38.2391990Z   # - It provides a clear error message when setuptools is not installed.
2022-12-27T11:06:38.2392450Z   # - It sets `sys.argv[0]` to the underlying `setup.py`, when invoking `setup.py` so
2022-12-27T11:06:38.2393070Z   #   setuptools doesn'"'"'t think the script is `-c`. This avoids the following warning:
2022-12-27T11:06:38.2393420Z   #     manifest_maker: standard file '"'"'-c'"'"' not found".
2022-12-27T11:06:38.2393790Z   # - It generates a shim setup.py, for handling setup.cfg-only projects.
2022-12-27T11:06:38.2394070Z   import os, sys, tokenize
2022-12-27T11:06:38.2394310Z   
2022-12-27T11:06:38.2394510Z   try:
2022-12-27T11:06:38.2394770Z       import setuptools
2022-12-27T11:06:38.2395010Z   except ImportError as error:
2022-12-27T11:06:38.2395350Z       print(
2022-12-27T11:06:38.2395810Z           "ERROR: Can not execute `setup.py` since setuptools is not available in "
2022-12-27T11:06:38.2396840Z           "the build environment.",
2022-12-27T11:06:38.2397160Z           file=sys.stderr,
2022-12-27T11:06:38.2397370Z       )
2022-12-27T11:06:38.2397730Z       sys.exit(1)
2022-12-27T11:06:38.2397950Z   
2022-12-27T11:06:38.2398120Z   __file__ = %r
2022-12-27T11:06:38.2398390Z   sys.argv[0] = __file__
2022-12-27T11:06:38.2398580Z   
2022-12-27T11:06:38.2398740Z   if os.path.exists(__file__):
2022-12-27T11:06:38.2398950Z       filename = __file__
2022-12-27T11:06:38.2399330Z       with tokenize.open(__file__) as f:
2022-12-27T11:06:38.2399520Z           setup_py_code = f.read()
2022-12-27T11:06:38.2399720Z   else:
2022-12-27T11:06:38.2400020Z       filename = "<auto-generated setuptools caller>"
2022-12-27T11:06:38.2469860Z       setup_py_code = "from setuptools import setup; setup()"
2022-12-27T11:06:38.2470050Z   
2022-12-27T11:06:38.2470220Z   exec(compile(setup_py_code, filename, "exec"))
2022-12-27T11:06:38.2470870Z   '"'"''"'"''"'"' % ('"'"'/Users/runner/actions-runner/_work/python.build/python.build/build_lxml201311/lxml-2.0.1/setup.py'"'"',), "<pip-setuptools-caller>", "exec"))' bdist_wheel -d /private/var/folders/51/hd414ycd67n82196sw51xqtc0000gn/T/pip-wheel-qja0hlua
2022-12-27T11:06:38.2471290Z   cwd: /Users/runner/actions-runner/_work/python.build/python.build/build_lxml201311/lxml-2.0.1/
2022-12-27T11:06:38.2471520Z   ERROR: Failed building wheel for lxml
2022-12-27T11:06:38.2471760Z   Building wheel for lxml (setup.py): finished with status 'error'
2022-12-27T11:06:38.2471970Z   Running setup.py clean for lxml
2022-12-27T11:06:38.2472140Z   Running command python setup.py clean
2022-12-27T11:06:38.4614540Z   Building with Cython 0.29.32.
2022-12-27T11:06:38.4615420Z   Building lxml version 2.0.1.
2022-12-27T11:06:38.5679000Z   running clean
2022-12-27T11:06:38.5701510Z   removing 'build/temp.macosx-11.0-arm64-cpython-311' (and everything under it)
2022-12-27T11:06:38.5703960Z   removing 'build/lib.macosx-11.0-arm64-cpython-311' (and everything under it)
2022-12-27T11:06:38.5720360Z   'build/bdist.macosx-11.0-arm64' does not exist -- can't clean it
2022-12-27T11:06:38.5721920Z   'build/scripts-3.11' does not exist -- can't clean it
2022-12-27T11:06:38.5723160Z   removing 'build'
2022-12-27T11:06:38.6009380Z Failed to build lxml
2022-12-27T11:06:38.6012670Z ERROR: Failed to build one or more wheels
2022-12-27T11:06:38.6025150Z Exception information:
2022-12-27T11:06:38.6025380Z Traceback (most recent call last):
2022-12-27T11:06:38.6034200Z   File "/private/var/folders/51/hd414ycd67n82196sw51xqtc0000gn/T/cibw-run-_5qk7b7c/cp311-macosx_arm64/build/venv/lib/python3.11/site-packages/pip/_internal/cli/base_command.py", line 160, in exc_logging_wrapper
2022-12-27T11:06:38.6034690Z     status = run_func(*args)
2022-12-27T11:06:38.6034960Z              ^^^^^^^^^^^^^^^
2022-12-27T11:06:38.6035660Z   File "/private/var/folders/51/hd414ycd67n82196sw51xqtc0000gn/T/cibw-run-_5qk7b7c/cp311-macosx_arm64/build/venv/lib/python3.11/site-packages/pip/_internal/cli/req_command.py", line 247, in wrapper
2022-12-27T11:06:38.6036190Z     return func(self, options, args)
2022-12-27T11:06:38.6036420Z            ^^^^^^^^^^^^^^^^^^^^^^^^^
2022-12-27T11:06:38.6036920Z   File "/private/var/folders/51/hd414ycd67n82196sw51xqtc0000gn/T/cibw-run-_5qk7b7c/cp311-macosx_arm64/build/venv/lib/python3.11/site-packages/pip/_internal/commands/wheel.py", line 201, in run
2022-12-27T11:06:38.6037290Z     raise CommandError("Failed to build one or more wheels")
2022-12-27T11:06:38.6037570Z pip._internal.exceptions.CommandError: Failed to build one or more wheels
2022-12-27T11:06:38.6037940Z Removed build tracker: '/private/var/folders/51/hd414ycd67n82196sw51xqtc0000gn/T/pip-build-tracker-dgsd2s0k'
2022-12-27T11:06:38.6500050Z ##[endgroup]
2022-12-27T11:06:38.6523530Z ##[error]Command ['python', '-m', 'pip', 'wheel', '/Users/runner/actions-runner/_work/python.build/python.build/build_lxml201311/lxml-2.0.1', '--wheel-dir=/private/var/folders/51/hd414ycd67n82196sw51xqtc0000gn/T/cibw-run-_5qk7b7c/cp311-macosx_arm64/built_wheel', '--no-deps', '-vvv'] failed with code 1. None
2022-12-27T11:06:38.6530430Z 
2022-12-27T11:06:38.6530770Z                                                               [31mâœ• [0m1.50s
2022-12-27T11:06:38.6991540Z ##[error]Process completed with exit code 1.
2022-12-27T11:06:38.7024610Z ##[group]Run rm -rf build_lxml201311 wheelsout
2022-12-27T11:06:38.7024840Z [36;1mrm -rf build_lxml201311 wheelsout[0m
2022-12-27T11:06:38.7040800Z shell: /bin/bash -e {0}
2022-12-27T11:06:38.7041010Z env:
2022-12-27T11:06:38.7041220Z   pythonLocation: /Users/runner/hostedtoolcache/Python/3.11.1/x64
2022-12-27T11:06:38.7041460Z   PKG_CONFIG_PATH: /Users/runner/hostedtoolcache/Python/3.11.1/x64/lib/pkgconfig
2022-12-27T11:06:38.7041700Z   Python_ROOT_DIR: /Users/runner/hostedtoolcache/Python/3.11.1/x64
2022-12-27T11:06:38.7041950Z   Python2_ROOT_DIR: /Users/runner/hostedtoolcache/Python/3.11.1/x64
2022-12-27T11:06:38.7042160Z   Python3_ROOT_DIR: /Users/runner/hostedtoolcache/Python/3.11.1/x64
2022-12-27T11:06:38.7042340Z ##[endgroup]
2022-12-27T11:06:38.7476650Z Cleaning up orphan processes
