2022-12-27T08:46:12.5647825Z Requested labels: self-hosted, macOS, X64
2022-12-27T08:46:12.5647909Z Job defined at: kilnbuild/python.build/.github/workflows/mac_arm_build.yml@refs/heads/main
2022-12-27T08:46:12.5647939Z Waiting for a runner to pick up this job...
2022-12-27T11:05:25.6822903Z Job is about to start running on the runner: k1 (organization)
2022-12-27T11:05:29.3817670Z Current runner version: '2.300.2'
2022-12-27T11:05:29.3822340Z Runner name: 'k1'
2022-12-27T11:05:29.3822580Z Runner group name: 'Default'
2022-12-27T11:05:29.3822990Z Machine name: 'k1'
2022-12-27T11:05:29.3824420Z ##[group]GITHUB_TOKEN Permissions
2022-12-27T11:05:29.3824830Z Actions: write
2022-12-27T11:05:29.3824960Z Checks: write
2022-12-27T11:05:29.3825100Z Contents: write
2022-12-27T11:05:29.3825230Z Deployments: write
2022-12-27T11:05:29.3825370Z Discussions: write
2022-12-27T11:05:29.3825500Z Issues: write
2022-12-27T11:05:29.3825630Z Metadata: read
2022-12-27T11:05:29.3825760Z Packages: write
2022-12-27T11:05:29.3825890Z Pages: write
2022-12-27T11:05:29.3826010Z PullRequests: write
2022-12-27T11:05:29.3826180Z RepositoryProjects: write
2022-12-27T11:05:29.3826340Z SecurityEvents: write
2022-12-27T11:05:29.3826480Z Statuses: write
2022-12-27T11:05:29.3826610Z ##[endgroup]
2022-12-27T11:05:29.3829290Z Secret source: Actions
2022-12-27T11:05:29.3829610Z Prepare workflow directory
2022-12-27T11:05:29.4465450Z Prepare all required actions
2022-12-27T11:05:29.4592200Z Getting action download info
2022-12-27T11:05:29.8989640Z Download action repository 'actions/setup-python@v4' (SHA:5ccb29d8773c3f3f653e1705f474dfaa8a06a912)
2022-12-27T11:05:32.2905540Z Download action repository 'actions/upload-artifact@v3' (SHA:83fd05a356d7e2593de66fc9913b3002723633cb)
2022-12-27T11:05:33.6080000Z ##[group]Run echo '{
2022-12-27T11:05:33.6080310Z [36;1mecho '{[0m
2022-12-27T11:05:33.6080450Z [36;1m  "package_name": "lxml",[0m
2022-12-27T11:05:33.6080710Z [36;1m  "package_url": "https://files.pythonhosted.org/packages/94/c5/9ac3a75b3e879f0be6717cae4308dd768be66d348e14ed94c56f0c368fc1/lxml-1.2.tar.gz",[0m
2022-12-27T11:05:33.6080930Z [36;1m  "package_version": "1.2",[0m
2022-12-27T11:05:33.6081050Z [36;1m  "python_version": "3.11",[0m
2022-12-27T11:05:33.6081180Z [36;1m  "use_ccache": "true"[0m
2022-12-27T11:05:33.6081280Z [36;1m}'[0m
2022-12-27T11:05:33.6095740Z shell: /bin/bash -e {0}
2022-12-27T11:05:33.6095890Z ##[endgroup]
2022-12-27T11:05:33.6303700Z {
2022-12-27T11:05:33.6304990Z   "package_name": "lxml",
2022-12-27T11:05:33.6305740Z   "package_url": "https://files.pythonhosted.org/packages/94/c5/9ac3a75b3e879f0be6717cae4308dd768be66d348e14ed94c56f0c368fc1/lxml-1.2.tar.gz",
2022-12-27T11:05:33.6306040Z   "package_version": "1.2",
2022-12-27T11:05:33.6306280Z   "python_version": "3.11",
2022-12-27T11:05:33.6306470Z   "use_ccache": "true"
2022-12-27T11:05:33.6306590Z }
2022-12-27T11:05:33.6507830Z ##[group]Run actions/setup-python@v4
2022-12-27T11:05:33.6508140Z with:
2022-12-27T11:05:33.6508290Z   python-version: 3.11
2022-12-27T11:05:33.6508470Z   check-latest: false
2022-12-27T11:05:33.6508750Z   token: ***
2022-12-27T11:05:33.6508900Z   update-environment: true
2022-12-27T11:05:33.6509120Z ##[endgroup]
2022-12-27T11:05:33.7715830Z ##[group]Installed versions
2022-12-27T11:05:33.7813590Z Successfully set up CPython (3.11.1)
2022-12-27T11:05:33.7814260Z ##[endgroup]
2022-12-27T11:05:33.7957260Z ##[group]Run if [ "true" == "true" ]
2022-12-27T11:05:33.7957580Z [36;1mif [ "true" == "true" ][0m
2022-12-27T11:05:33.7957730Z [36;1mthen[0m
2022-12-27T11:05:33.7958020Z [36;1m  echo "CCACHE_PATH_PREPEND=/usr/local/opt/ccache/libexec" >> $GITHUB_OUTPUT[0m
2022-12-27T11:05:33.7958230Z [36;1melse[0m
2022-12-27T11:05:33.7958390Z [36;1m  echo "CCACHE_PATH_PREPEND=" >> $GITHUB_OUTPUT[0m
2022-12-27T11:05:33.7958570Z [36;1mfi[0m
2022-12-27T11:05:33.7975820Z shell: /bin/bash -e {0}
2022-12-27T11:05:33.7975990Z env:
2022-12-27T11:05:33.7976210Z   pythonLocation: /Users/runner/hostedtoolcache/Python/3.11.1/x64
2022-12-27T11:05:33.7976540Z   PKG_CONFIG_PATH: /Users/runner/hostedtoolcache/Python/3.11.1/x64/lib/pkgconfig
2022-12-27T11:05:33.7976870Z   Python_ROOT_DIR: /Users/runner/hostedtoolcache/Python/3.11.1/x64
2022-12-27T11:05:33.7977080Z   Python2_ROOT_DIR: /Users/runner/hostedtoolcache/Python/3.11.1/x64
2022-12-27T11:05:33.7977390Z   Python3_ROOT_DIR: /Users/runner/hostedtoolcache/Python/3.11.1/x64
2022-12-27T11:05:33.7977970Z ##[endgroup]
2022-12-27T11:05:33.8085040Z ##[group]Run echo "BUILD_NAME=$(echo lxml_1.2_3.11 | tr -dc '[:alnum:]\n\r' | tr '[:upper:]' '[:lower:]')" >> $GITHUB_OUTPUT
2022-12-27T11:05:33.8085430Z [36;1mecho "BUILD_NAME=$(echo lxml_1.2_3.11 | tr -dc '[:alnum:]\n\r' | tr '[:upper:]' '[:lower:]')" >> $GITHUB_OUTPUT[0m
2022-12-27T11:05:33.8099820Z shell: /bin/bash -e {0}
2022-12-27T11:05:33.8100010Z env:
2022-12-27T11:05:33.8100190Z   pythonLocation: /Users/runner/hostedtoolcache/Python/3.11.1/x64
2022-12-27T11:05:33.8100520Z   PKG_CONFIG_PATH: /Users/runner/hostedtoolcache/Python/3.11.1/x64/lib/pkgconfig
2022-12-27T11:05:33.8100780Z   Python_ROOT_DIR: /Users/runner/hostedtoolcache/Python/3.11.1/x64
2022-12-27T11:05:33.8101010Z   Python2_ROOT_DIR: /Users/runner/hostedtoolcache/Python/3.11.1/x64
2022-12-27T11:05:33.8101200Z   Python3_ROOT_DIR: /Users/runner/hostedtoolcache/Python/3.11.1/x64
2022-12-27T11:05:33.8101430Z ##[endgroup]
2022-12-27T11:05:33.8261830Z ##[group]Run echo "PYTHON_NO_DOTS=$(echo 3.11 | tr -dc '[:alnum:]\n\r' | tr '[:upper:]' '[:lower:]')" >> $GITHUB_OUTPUT
2022-12-27T11:05:33.8262240Z [36;1mecho "PYTHON_NO_DOTS=$(echo 3.11 | tr -dc '[:alnum:]\n\r' | tr '[:upper:]' '[:lower:]')" >> $GITHUB_OUTPUT[0m
2022-12-27T11:05:33.8277720Z shell: /bin/bash -e {0}
2022-12-27T11:05:33.8277860Z env:
2022-12-27T11:05:33.8278110Z   pythonLocation: /Users/runner/hostedtoolcache/Python/3.11.1/x64
2022-12-27T11:05:33.8278750Z   PKG_CONFIG_PATH: /Users/runner/hostedtoolcache/Python/3.11.1/x64/lib/pkgconfig
2022-12-27T11:05:33.8278990Z   Python_ROOT_DIR: /Users/runner/hostedtoolcache/Python/3.11.1/x64
2022-12-27T11:05:33.8279190Z   Python2_ROOT_DIR: /Users/runner/hostedtoolcache/Python/3.11.1/x64
2022-12-27T11:05:33.8279450Z   Python3_ROOT_DIR: /Users/runner/hostedtoolcache/Python/3.11.1/x64
2022-12-27T11:05:33.8279640Z ##[endgroup]
2022-12-27T11:05:33.8397880Z ##[group]Run rm -rf build_lxml12311
2022-12-27T11:05:33.8398230Z [36;1mrm -rf build_lxml12311[0m
2022-12-27T11:05:33.8398450Z [36;1mmkdir build_lxml12311[0m
2022-12-27T11:05:33.8398620Z [36;1mcd build_lxml12311[0m
2022-12-27T11:05:33.8398910Z [36;1m/usr/local/bin/wget --quiet https://files.pythonhosted.org/packages/94/c5/9ac3a75b3e879f0be6717cae4308dd768be66d348e14ed94c56f0c368fc1/lxml-1.2.tar.gz[0m
2022-12-27T11:05:33.8399170Z [36;1mtar xf *.tar.gz[0m
2022-12-27T11:05:33.8399300Z [36;1mcd *[0m
2022-12-27T11:05:33.8399510Z [36;1mpython -m pip install cibuildwheel==2.11.3[0m
2022-12-27T11:05:33.8399720Z [36;1mpython -m cibuildwheel --output-dir ../wheelsout[0m
2022-12-27T11:05:33.8413810Z shell: /bin/bash -e {0}
2022-12-27T11:05:33.8413950Z env:
2022-12-27T11:05:33.8414210Z   pythonLocation: /Users/runner/hostedtoolcache/Python/3.11.1/x64
2022-12-27T11:05:33.8414470Z   PKG_CONFIG_PATH: /Users/runner/hostedtoolcache/Python/3.11.1/x64/lib/pkgconfig
2022-12-27T11:05:33.8414750Z   Python_ROOT_DIR: /Users/runner/hostedtoolcache/Python/3.11.1/x64
2022-12-27T11:05:33.8415030Z   Python2_ROOT_DIR: /Users/runner/hostedtoolcache/Python/3.11.1/x64
2022-12-27T11:05:33.8415230Z   Python3_ROOT_DIR: /Users/runner/hostedtoolcache/Python/3.11.1/x64
2022-12-27T11:05:33.8415430Z   CIBW_ARCHS_MACOS: arm64
2022-12-27T11:05:33.8415600Z   CIBW_TEST_SKIP: *_arm64
2022-12-27T11:05:33.8415750Z   CIBW_BUILD: cp311-macosx_arm64
2022-12-27T11:05:33.8415970Z   CIBW_BUILD_FRONTEND: pip
2022-12-27T11:05:33.8416150Z   CIBW_BUILD_VERBOSITY: 3
2022-12-27T11:05:33.8416480Z   CIBW_ENVIRONMENT_MACOS:  CFLAGS="-I/usr/local/opt/openssl@3/include" LDFLAGS="-L/usr/local/opt/openssl@3/lib" CPPFLAGS="-I/usr/local/opt/openssl@3/include" MAKEFLAGS="-j$(sysctl -n hw.logicalcpu)" PATH=/usr/local/opt/ccache/libexec:$PATH
2022-12-27T11:05:33.8416840Z   CIBW_BEFORE_BUILD: pip install Cython; if [[ -f requirements.txt ]]; then pip install -r requirements.txt; fi
2022-12-27T11:05:33.8417080Z   MAKEFLAGS: -j$(sysctl -n hw.logicalcpu)
2022-12-27T11:05:33.8417300Z ##[endgroup]
2022-12-27T11:05:34.1828220Z Requirement already satisfied: cibuildwheel==2.11.3 in /Library/Frameworks/Python.framework/Versions/3.11/lib/python3.11/site-packages (2.11.3)
2022-12-27T11:05:34.2116540Z Requirement already satisfied: bashlex!=0.13 in /Library/Frameworks/Python.framework/Versions/3.11/lib/python3.11/site-packages (from cibuildwheel==2.11.3) (0.16)
2022-12-27T11:05:34.2123640Z Requirement already satisfied: bracex in /Library/Frameworks/Python.framework/Versions/3.11/lib/python3.11/site-packages (from cibuildwheel==2.11.3) (2.3.post1)
2022-12-27T11:05:34.2129280Z Requirement already satisfied: certifi in /Library/Frameworks/Python.framework/Versions/3.11/lib/python3.11/site-packages (from cibuildwheel==2.11.3) (2022.12.7)
2022-12-27T11:05:34.2135430Z Requirement already satisfied: filelock in /Library/Frameworks/Python.framework/Versions/3.11/lib/python3.11/site-packages (from cibuildwheel==2.11.3) (3.8.2)
2022-12-27T11:05:34.2144080Z Requirement already satisfied: packaging>=20.9 in /Library/Frameworks/Python.framework/Versions/3.11/lib/python3.11/site-packages (from cibuildwheel==2.11.3) (22.0)
2022-12-27T11:05:34.2151590Z Requirement already satisfied: platformdirs in /Library/Frameworks/Python.framework/Versions/3.11/lib/python3.11/site-packages (from cibuildwheel==2.11.3) (2.6.0)
2022-12-27T11:05:34.4267400Z 
2022-12-27T11:05:34.4267720Z      _ _       _ _   _       _           _
2022-12-27T11:05:34.4268200Z  ___|_| |_ _ _|_| |_| |_ _ _| |_ ___ ___| |
2022-12-27T11:05:34.4268880Z |  _| | . | | | | | . | | | |   | -_| -_| |
2022-12-27T11:05:34.4269200Z |___|_|___|___|_|_|___|_____|_|_|___|___|_|
2022-12-27T11:05:34.4269420Z 
2022-12-27T11:05:34.4269550Z cibuildwheel version 2.11.3
2022-12-27T11:05:34.4269730Z 
2022-12-27T11:05:34.4269850Z Build options:
2022-12-27T11:05:34.4270290Z   platform: macos
2022-12-27T11:05:34.4300180Z   architectures: arm64[0m
2022-12-27T11:05:34.4300510Z   build_selector: 
2022-12-27T11:05:34.4301700Z     build_config: cp311-macosx_arm64
2022-12-27T11:05:34.4302390Z     skip_config: 
2022-12-27T11:05:34.4302680Z     requires_python: None
2022-12-27T11:05:34.4303090Z     prerelease_pythons: False[0m
2022-12-27T11:05:34.4303470Z   [38;5;244mcontainer_engine: docker[0m
2022-12-27T11:05:34.4303950Z   output_dir: /Users/runner/actions-runner/_work/python.build/python.build/build_lxml12311/wheelsout[0m
2022-12-27T11:05:34.4304590Z   package_dir: /Users/runner/actions-runner/_work/python.build/python.build/build_lxml12311/lxml-1.2[0m
2022-12-27T11:05:34.4304960Z   test_selector: 
2022-12-27T11:05:34.4305250Z     skip_config: *_arm64[0m
2022-12-27T11:05:34.4305580Z   [38;5;244mbefore_all: [0m
2022-12-27T11:05:34.4306160Z   before_build: pip install Cython; if [[ -f requirements.txt ]]; then pip install -r requirements.txt; fi[0m
2022-12-27T11:05:34.4306610Z   [38;5;244mbefore_test: [0m
2022-12-27T11:05:34.4306920Z   [38;5;244mbuild_frontend: pip[0m
2022-12-27T11:05:34.4307220Z   build_verbosity: 3[0m
2022-12-27T11:05:34.4307530Z   [38;5;244mconfig_settings: [0m
2022-12-27T11:05:34.4307900Z   [38;5;244mdependency_constraints: pinned[0m
2022-12-27T11:05:34.4308180Z   environment: 
2022-12-27T11:05:34.4308520Z     CFLAGS="-I/usr/local/opt/openssl@3/include"
2022-12-27T11:05:34.4308850Z     LDFLAGS="-L/usr/local/opt/openssl@3/lib"
2022-12-27T11:05:34.4309260Z     CPPFLAGS="-I/usr/local/opt/openssl@3/include"
2022-12-27T11:05:34.4309690Z     MAKEFLAGS="-j$(sysctl -n hw.logicalcpu)"
2022-12-27T11:05:34.4310030Z     PATH=/usr/local/opt/ccache/libexec:$PATH[0m
2022-12-27T11:05:34.4310390Z   [38;5;244mmanylinux_images: None[0m
2022-12-27T11:05:34.4310710Z   [38;5;244mmusllinux_images: None[0m
2022-12-27T11:05:34.4311160Z   [38;5;244mrepair_command: delocate-wheel --require-archs {delocate_archs} -w {dest_dir} -v {wheel}[0m
2022-12-27T11:05:34.4311600Z   [38;5;244mtest_command: [0m
2022-12-27T11:05:34.4311910Z   [38;5;244mtest_extras: [0m
2022-12-27T11:05:34.4312220Z   [38;5;244mtest_requires: [0m
2022-12-27T11:05:34.4312340Z 
2022-12-27T11:05:34.4312500Z Cache folder: /Users/runner/Library/Caches/cibuildwheel
2022-12-27T11:05:34.4314190Z 
2022-12-27T11:05:34.4314530Z Here we go!
2022-12-27T11:05:34.4314980Z 
2022-12-27T11:05:34.4425030Z 
2022-12-27T11:05:34.4425510Z [1m[34mBuilding cp311-macosx_arm64 wheel[0m
2022-12-27T11:05:34.4425880Z CPython 3.11 macOS arm64 - Apple Silicon
2022-12-27T11:05:34.4426050Z 
2022-12-27T11:05:34.4428360Z ##[group]Installing Python cp311...
2022-12-27T11:05:34.4428530Z 
2022-12-27T11:05:34.4428930Z + pkgutil --pkgs
2022-12-27T11:05:34.4526730Z ##[endgroup]
2022-12-27T11:05:34.4527740Z                                                               [32m✓ [0m0.01s
2022-12-27T11:05:34.4528230Z ##[group]Setting up build environment...
2022-12-27T11:05:34.4528460Z 
2022-12-27T11:05:34.4544300Z + /Library/Frameworks/Python.framework/Versions/3.11/bin/python -sS /Users/runner/Library/Caches/cibuildwheel/virtualenv-20.17.0.pyz --activators= --no-periodic-update --pip=22.3.1 --setuptools=65.6.3 --wheel=0.38.4 --symlink-app-data --python /Library/Frameworks/Python.framework/Versions/3.11/bin/python3 /private/var/folders/51/hd414ycd67n82196sw51xqtc0000gn/T/cibw-run-36yz3ly8/cp311-macosx_arm64/build/venv
2022-12-27T11:05:34.6420140Z created virtual environment CPython3.11.1.final.0-64 in 54ms
2022-12-27T11:05:34.6421110Z   creator CPython3Posix(dest=/private/var/folders/51/hd414ycd67n82196sw51xqtc0000gn/T/cibw-run-36yz3ly8/cp311-macosx_arm64/build/venv, clear=False, no_vcs_ignore=False, global=False)
2022-12-27T11:05:34.6421850Z   seeder FromAppData(download=False, pip=22.3.1, setuptools=65.6.3, wheel=0.38.4, via=symlink, app_data_dir=/Users/runner/Library/Application Support/virtualenv)
2022-12-27T11:05:34.6422580Z     added seed packages: pip==22.3.1, setuptools==65.6.3, wheel==0.38.4
2022-12-27T11:05:34.6566480Z + python -m pip install --upgrade pip -c /Library/Frameworks/Python.framework/Versions/3.11/lib/python3.11/site-packages/cibuildwheel/resources/constraints-python311.txt
2022-12-27T11:05:34.9275570Z Requirement already satisfied: pip in ./lib/python3.11/site-packages (22.3.1)
2022-12-27T11:05:35.0530040Z + which pip
2022-12-27T11:05:35.0549050Z /private/var/folders/51/hd414ycd67n82196sw51xqtc0000gn/T/cibw-run-36yz3ly8/cp311-macosx_arm64/build/venv/bin/pip
2022-12-27T11:05:35.0550220Z + pip --version
2022-12-27T11:05:35.2374470Z pip 22.3.1 from /private/var/folders/51/hd414ycd67n82196sw51xqtc0000gn/T/cibw-run-36yz3ly8/cp311-macosx_arm64/build/venv/lib/python3.11/site-packages/pip (python 3.11)
2022-12-27T11:05:35.2618750Z + which pip
2022-12-27T11:05:35.2643950Z + which python
2022-12-27T11:05:35.2660470Z /private/var/folders/51/hd414ycd67n82196sw51xqtc0000gn/T/cibw-run-36yz3ly8/cp311-macosx_arm64/build/venv/bin/python
2022-12-27T11:05:35.2662680Z + python --version
2022-12-27T11:05:35.2716750Z Python 3.11.1
2022-12-27T11:05:35.2719380Z + which python
2022-12-27T11:05:35.2767960Z ##[endgroup]
2022-12-27T11:05:35.2768400Z                                                               [32m✓ [0m0.82s
2022-12-27T11:05:35.2768740Z ##[group]Installing build tools...
2022-12-27T11:05:35.2768860Z 
2022-12-27T11:05:35.2769210Z + pip install --upgrade setuptools wheel delocate -c /Library/Frameworks/Python.framework/Versions/3.11/lib/python3.11/site-packages/cibuildwheel/resources/constraints-python311.txt
2022-12-27T11:05:35.5369520Z Requirement already satisfied: setuptools in /private/var/folders/51/hd414ycd67n82196sw51xqtc0000gn/T/cibw-run-36yz3ly8/cp311-macosx_arm64/build/venv/lib/python3.11/site-packages (65.6.3)
2022-12-27T11:05:35.7045720Z Requirement already satisfied: wheel in /private/var/folders/51/hd414ycd67n82196sw51xqtc0000gn/T/cibw-run-36yz3ly8/cp311-macosx_arm64/build/venv/lib/python3.11/site-packages (0.38.4)
2022-12-27T11:05:35.7497180Z Collecting delocate
2022-12-27T11:05:35.7519420Z   Using cached delocate-0.10.3-py3-none-any.whl (142 kB)
2022-12-27T11:05:35.7760200Z Collecting packaging>=20.9
2022-12-27T11:05:35.7777770Z   Using cached packaging-21.3-py3-none-any.whl (40 kB)
2022-12-27T11:05:35.7923950Z Collecting typing-extensions
2022-12-27T11:05:35.7941360Z   Using cached typing_extensions-4.4.0-py3-none-any.whl (26 kB)
2022-12-27T11:05:35.8207640Z Collecting pyparsing!=3.0.5,>=2.0.2
2022-12-27T11:05:35.8223570Z   Using cached pyparsing-3.0.9-py3-none-any.whl (98 kB)
2022-12-27T11:05:35.8752180Z Installing collected packages: typing-extensions, pyparsing, packaging, delocate
2022-12-27T11:05:35.9990080Z Successfully installed delocate-0.10.3 packaging-21.3 pyparsing-3.0.9 typing-extensions-4.4.0
2022-12-27T11:05:36.0513550Z ##[endgroup]
2022-12-27T11:05:36.0514310Z                                                               [32m✓ [0m0.77s
2022-12-27T11:05:36.0514830Z ##[group]Running before_build...
2022-12-27T11:05:36.0515010Z 
2022-12-27T11:05:36.0518140Z + pip install Cython; if [[ -f requirements.txt ]]; then pip install -r requirements.txt; fi
2022-12-27T11:05:36.6148800Z Collecting Cython
2022-12-27T11:05:36.6192870Z   Using cached Cython-0.29.32-py2.py3-none-any.whl (986 kB)
2022-12-27T11:05:36.6693180Z Installing collected packages: Cython
2022-12-27T11:05:37.0773220Z Successfully installed Cython-0.29.32
2022-12-27T11:05:37.1265730Z ##[endgroup]
2022-12-27T11:05:37.1266410Z                                                               [32m✓ [0m1.08s
2022-12-27T11:05:37.1266890Z ##[group]Building wheel...
2022-12-27T11:05:37.1267020Z 
2022-12-27T11:05:37.1271220Z + python -m pip wheel /Users/runner/actions-runner/_work/python.build/python.build/build_lxml12311/lxml-1.2 --wheel-dir=/private/var/folders/51/hd414ycd67n82196sw51xqtc0000gn/T/cibw-run-36yz3ly8/cp311-macosx_arm64/built_wheel --no-deps -vvv
2022-12-27T11:05:37.3707800Z Created temporary directory: /private/var/folders/51/hd414ycd67n82196sw51xqtc0000gn/T/pip-ephem-wheel-cache-dtql04yh
2022-12-27T11:05:37.3711170Z Created temporary directory: /private/var/folders/51/hd414ycd67n82196sw51xqtc0000gn/T/pip-build-tracker-8z6x81k9
2022-12-27T11:05:37.3712890Z Initialized build tracking at /private/var/folders/51/hd414ycd67n82196sw51xqtc0000gn/T/pip-build-tracker-8z6x81k9
2022-12-27T11:05:37.3714310Z Created build tracker: /private/var/folders/51/hd414ycd67n82196sw51xqtc0000gn/T/pip-build-tracker-8z6x81k9
2022-12-27T11:05:37.3715180Z Entered build tracker: /private/var/folders/51/hd414ycd67n82196sw51xqtc0000gn/T/pip-build-tracker-8z6x81k9
2022-12-27T11:05:37.3718190Z Created temporary directory: /private/var/folders/51/hd414ycd67n82196sw51xqtc0000gn/T/pip-wheel-t0hnq3gw
2022-12-27T11:05:37.3722960Z Created temporary directory: /private/var/folders/51/hd414ycd67n82196sw51xqtc0000gn/T/pip-ephem-wheel-cache-4nupeqqb
2022-12-27T11:05:37.3797420Z Processing /Users/runner/actions-runner/_work/python.build/python.build/build_lxml12311/lxml-1.2
2022-12-27T11:05:37.3802190Z   Added file:///Users/runner/actions-runner/_work/python.build/python.build/build_lxml12311/lxml-1.2 to build tracker '/private/var/folders/51/hd414ycd67n82196sw51xqtc0000gn/T/pip-build-tracker-8z6x81k9'
2022-12-27T11:05:37.3805120Z   Running setup.py (path:/Users/runner/actions-runner/_work/python.build/python.build/build_lxml12311/lxml-1.2/setup.py) egg_info for package from file:///Users/runner/actions-runner/_work/python.build/python.build/build_lxml12311/lxml-1.2
2022-12-27T11:05:37.3807090Z   Created temporary directory: /private/var/folders/51/hd414ycd67n82196sw51xqtc0000gn/T/pip-pip-egg-info-0t5anhd0
2022-12-27T11:05:37.3808370Z   Preparing metadata (setup.py): started
2022-12-27T11:05:37.3809680Z   Running command python setup.py egg_info
2022-12-27T11:05:37.5179430Z   Traceback (most recent call last):
2022-12-27T11:05:37.5187680Z     File "<string>", line 2, in <module>
2022-12-27T11:05:37.5188280Z     File "<pip-setuptools-caller>", line 34, in <module>
2022-12-27T11:05:37.5188860Z     File "/Users/runner/actions-runner/_work/python.build/python.build/build_lxml12311/lxml-1.2/setup.py", line 25
2022-12-27T11:05:37.5189160Z       print "Building lxml version", svn_version
2022-12-27T11:05:37.5189400Z       ^^^^^^^^^^^^^^^^^^^^^^^^^^^^^^^^^^^^^^^^^^
2022-12-27T11:05:37.5189760Z   SyntaxError: Missing parentheses in call to 'print'. Did you mean print(...)?
2022-12-27T11:05:37.5534300Z   error: subprocess-exited-with-error
2022-12-27T11:05:37.5535210Z   
2022-12-27T11:05:37.5535580Z   × python setup.py egg_info did not run successfully.
2022-12-27T11:05:37.5535950Z   │ exit code: 1
2022-12-27T11:05:37.5536240Z   ╰─> See above for output.
2022-12-27T11:05:37.5536460Z   
2022-12-27T11:05:37.5536700Z   note: This error originates from a subprocess, and is likely not a problem with pip.
2022-12-27T11:05:37.5540690Z   full command: /private/var/folders/51/hd414ycd67n82196sw51xqtc0000gn/T/cibw-run-36yz3ly8/cp311-macosx_arm64/build/venv/bin/python -c '
2022-12-27T11:05:37.5541510Z   exec(compile('"'"''"'"''"'"'
2022-12-27T11:05:37.5543490Z   # This is <pip-setuptools-caller> -- a caller that pip uses to run setup.py
2022-12-27T11:05:37.5543760Z   #
2022-12-27T11:05:37.5544340Z   # - It imports setuptools before invoking setup.py, to enable projects that directly
2022-12-27T11:05:37.5544790Z   #   import from `distutils.core` to work with newer packaging standards.
2022-12-27T11:05:37.5545200Z   # - It provides a clear error message when setuptools is not installed.
2022-12-27T11:05:37.5545760Z   # - It sets `sys.argv[0]` to the underlying `setup.py`, when invoking `setup.py` so
2022-12-27T11:05:37.5546240Z   #   setuptools doesn'"'"'t think the script is `-c`. This avoids the following warning:
2022-12-27T11:05:37.5546840Z   #     manifest_maker: standard file '"'"'-c'"'"' not found".
2022-12-27T11:05:37.5547290Z   # - It generates a shim setup.py, for handling setup.cfg-only projects.
2022-12-27T11:05:37.5547830Z   import os, sys, tokenize
2022-12-27T11:05:37.5548100Z   
2022-12-27T11:05:37.5548320Z   try:
2022-12-27T11:05:37.5548660Z       import setuptools
2022-12-27T11:05:37.5548980Z   except ImportError as error:
2022-12-27T11:05:37.5549260Z       print(
2022-12-27T11:05:37.5549630Z           "ERROR: Can not execute `setup.py` since setuptools is not available in "
2022-12-27T11:05:37.5550740Z           "the build environment.",
2022-12-27T11:05:37.5551060Z           file=sys.stderr,
2022-12-27T11:05:37.5551280Z       )
2022-12-27T11:05:37.5551810Z       sys.exit(1)
2022-12-27T11:05:37.5552050Z   
2022-12-27T11:05:37.5552250Z   __file__ = %r
2022-12-27T11:05:37.5552520Z   sys.argv[0] = __file__
2022-12-27T11:05:37.5552770Z   
2022-12-27T11:05:37.5553280Z   if os.path.exists(__file__):
2022-12-27T11:05:37.5553560Z       filename = __file__
2022-12-27T11:05:37.5553860Z       with tokenize.open(__file__) as f:
2022-12-27T11:05:37.5554140Z           setup_py_code = f.read()
2022-12-27T11:05:37.5554410Z   else:
2022-12-27T11:05:37.5555050Z       filename = "<auto-generated setuptools caller>"
2022-12-27T11:05:37.5555390Z       setup_py_code = "from setuptools import setup; setup()"
2022-12-27T11:05:37.5555680Z   
2022-12-27T11:05:37.5555960Z   exec(compile(setup_py_code, filename, "exec"))
2022-12-27T11:05:37.5557050Z   '"'"''"'"''"'"' % ('"'"'/Users/runner/actions-runner/_work/python.build/python.build/build_lxml12311/lxml-1.2/setup.py'"'"',), "<pip-setuptools-caller>", "exec"))' egg_info --egg-base /private/var/folders/51/hd414ycd67n82196sw51xqtc0000gn/T/pip-pip-egg-info-0t5anhd0
2022-12-27T11:05:37.5557550Z   cwd: /Users/runner/actions-runner/_work/python.build/python.build/build_lxml12311/lxml-1.2/
2022-12-27T11:05:37.5557850Z error: metadata-generation-failed
2022-12-27T11:05:37.5557970Z 
2022-12-27T11:05:37.5558140Z × Encountered error while generating package metadata.
2022-12-27T11:05:37.5558390Z ╰─> See above for output.
2022-12-27T11:05:37.5558470Z 
2022-12-27T11:05:37.5558620Z note: This is an issue with the package mentioned above, not pip.
2022-12-27T11:05:37.5558840Z hint: See above for details.
2022-12-27T11:05:37.5559120Z   Preparing metadata (setup.py): finished with status 'error'
2022-12-27T11:05:37.5583730Z Exception information:
2022-12-27T11:05:37.5584100Z Traceback (most recent call last):
2022-12-27T11:05:37.5585490Z   File "/private/var/folders/51/hd414ycd67n82196sw51xqtc0000gn/T/cibw-run-36yz3ly8/cp311-macosx_arm64/build/venv/lib/python3.11/site-packages/pip/_internal/operations/build/metadata_legacy.py", line 64, in generate_metadata
2022-12-27T11:05:37.5586590Z     call_subprocess(
2022-12-27T11:05:37.5587290Z   File "/private/var/folders/51/hd414ycd67n82196sw51xqtc0000gn/T/cibw-run-36yz3ly8/cp311-macosx_arm64/build/venv/lib/python3.11/site-packages/pip/_internal/utils/subprocess.py", line 224, in call_subprocess
2022-12-27T11:05:37.5587980Z     raise error
2022-12-27T11:05:37.5588410Z pip._internal.exceptions.InstallationSubprocessError: python setup.py egg_info exited with 1
2022-12-27T11:05:37.5588670Z 
2022-12-27T11:05:37.5588830Z The above exception was the direct cause of the following exception:
2022-12-27T11:05:37.5589030Z 
2022-12-27T11:05:37.5589160Z Traceback (most recent call last):
2022-12-27T11:05:37.5590530Z   File "/private/var/folders/51/hd414ycd67n82196sw51xqtc0000gn/T/cibw-run-36yz3ly8/cp311-macosx_arm64/build/venv/lib/python3.11/site-packages/pip/_internal/cli/base_command.py", line 160, in exc_logging_wrapper
2022-12-27T11:05:37.5590970Z     status = run_func(*args)
2022-12-27T11:05:37.5591160Z              ^^^^^^^^^^^^^^^
2022-12-27T11:05:37.5591750Z   File "/private/var/folders/51/hd414ycd67n82196sw51xqtc0000gn/T/cibw-run-36yz3ly8/cp311-macosx_arm64/build/venv/lib/python3.11/site-packages/pip/_internal/cli/req_command.py", line 247, in wrapper
2022-12-27T11:05:37.5592630Z     return func(self, options, args)
2022-12-27T11:05:37.5592890Z            ^^^^^^^^^^^^^^^^^^^^^^^^^
2022-12-27T11:05:37.5593890Z   File "/private/var/folders/51/hd414ycd67n82196sw51xqtc0000gn/T/cibw-run-36yz3ly8/cp311-macosx_arm64/build/venv/lib/python3.11/site-packages/pip/_internal/commands/wheel.py", line 170, in run
2022-12-27T11:05:37.5594280Z     requirement_set = resolver.resolve(reqs, check_supported_wheels=True)
2022-12-27T11:05:37.5594930Z                       ^^^^^^^^^^^^^^^^^^^^^^^^^^^^^^^^^^^^^^^^^^^^^^^^^^^
2022-12-27T11:05:37.5595790Z   File "/private/var/folders/51/hd414ycd67n82196sw51xqtc0000gn/T/cibw-run-36yz3ly8/cp311-macosx_arm64/build/venv/lib/python3.11/site-packages/pip/_internal/resolution/resolvelib/resolver.py", line 73, in resolve
2022-12-27T11:05:37.5596280Z     collected = self.factory.collect_root_requirements(root_reqs)
2022-12-27T11:05:37.5596560Z                 ^^^^^^^^^^^^^^^^^^^^^^^^^^^^^^^^^^^^^^^^^^^^^^^^^
2022-12-27T11:05:37.5597440Z   File "/private/var/folders/51/hd414ycd67n82196sw51xqtc0000gn/T/cibw-run-36yz3ly8/cp311-macosx_arm64/build/venv/lib/python3.11/site-packages/pip/_internal/resolution/resolvelib/factory.py", line 491, in collect_root_requirements
2022-12-27T11:05:37.5598220Z     req = self._make_requirement_from_install_req(
2022-12-27T11:05:37.5598490Z           ^^^^^^^^^^^^^^^^^^^^^^^^^^^^^^^^^^^^^^^^
2022-12-27T11:05:37.5599150Z   File "/private/var/folders/51/hd414ycd67n82196sw51xqtc0000gn/T/cibw-run-36yz3ly8/cp311-macosx_arm64/build/venv/lib/python3.11/site-packages/pip/_internal/resolution/resolvelib/factory.py", line 453, in _make_requirement_from_install_req
2022-12-27T11:05:37.5599610Z     cand = self._make_candidate_from_link(
2022-12-27T11:05:37.5599940Z            ^^^^^^^^^^^^^^^^^^^^^^^^^^^^^^^
2022-12-27T11:05:37.5600600Z   File "/private/var/folders/51/hd414ycd67n82196sw51xqtc0000gn/T/cibw-run-36yz3ly8/cp311-macosx_arm64/build/venv/lib/python3.11/site-packages/pip/_internal/resolution/resolvelib/factory.py", line 206, in _make_candidate_from_link
2022-12-27T11:05:37.5601060Z     self._link_candidate_cache[link] = LinkCandidate(
2022-12-27T11:05:37.5601290Z                                        ^^^^^^^^^^^^^^
2022-12-27T11:05:37.5601910Z   File "/private/var/folders/51/hd414ycd67n82196sw51xqtc0000gn/T/cibw-run-36yz3ly8/cp311-macosx_arm64/build/venv/lib/python3.11/site-packages/pip/_internal/resolution/resolvelib/candidates.py", line 297, in __init__
2022-12-27T11:05:37.5602530Z     super().__init__(
2022-12-27T11:05:37.5603200Z   File "/private/var/folders/51/hd414ycd67n82196sw51xqtc0000gn/T/cibw-run-36yz3ly8/cp311-macosx_arm64/build/venv/lib/python3.11/site-packages/pip/_internal/resolution/resolvelib/candidates.py", line 162, in __init__
2022-12-27T11:05:37.5603620Z     self.dist = self._prepare()
2022-12-27T11:05:37.5604040Z                 ^^^^^^^^^^^^^^^
2022-12-27T11:05:37.5604750Z   File "/private/var/folders/51/hd414ycd67n82196sw51xqtc0000gn/T/cibw-run-36yz3ly8/cp311-macosx_arm64/build/venv/lib/python3.11/site-packages/pip/_internal/resolution/resolvelib/candidates.py", line 231, in _prepare
2022-12-27T11:05:37.5605180Z     dist = self._prepare_distribution()
2022-12-27T11:05:37.5605430Z            ^^^^^^^^^^^^^^^^^^^^^^^^^^^^
2022-12-27T11:05:37.5606070Z   File "/private/var/folders/51/hd414ycd67n82196sw51xqtc0000gn/T/cibw-run-36yz3ly8/cp311-macosx_arm64/build/venv/lib/python3.11/site-packages/pip/_internal/resolution/resolvelib/candidates.py", line 308, in _prepare_distribution
2022-12-27T11:05:37.5606600Z     return preparer.prepare_linked_requirement(self._ireq, parallel_builds=True)
2022-12-27T11:05:37.5606950Z            ^^^^^^^^^^^^^^^^^^^^^^^^^^^^^^^^^^^^^^^^^^^^^^^^^^^^^^^^^^^^^^^^^^^^^
2022-12-27T11:05:37.5607430Z   File "/private/var/folders/51/hd414ycd67n82196sw51xqtc0000gn/T/cibw-run-36yz3ly8/cp311-macosx_arm64/build/venv/lib/python3.11/site-packages/pip/_internal/operations/prepare.py", line 491, in prepare_linked_requirement
2022-12-27T11:05:37.5607780Z     return self._prepare_linked_requirement(req, parallel_builds)
2022-12-27T11:05:37.5607970Z            ^^^^^^^^^^^^^^^^^^^^^^^^^^^^^^^^^^^^^^^^^^^^^^^^^^^^^^
2022-12-27T11:05:37.5608490Z   File "/private/var/folders/51/hd414ycd67n82196sw51xqtc0000gn/T/cibw-run-36yz3ly8/cp311-macosx_arm64/build/venv/lib/python3.11/site-packages/pip/_internal/operations/prepare.py", line 577, in _prepare_linked_requirement
2022-12-27T11:05:37.5608810Z     dist = _get_prepared_distribution(
2022-12-27T11:05:37.5609010Z            ^^^^^^^^^^^^^^^^^^^^^^^^^^^
2022-12-27T11:05:37.5609610Z   File "/private/var/folders/51/hd414ycd67n82196sw51xqtc0000gn/T/cibw-run-36yz3ly8/cp311-macosx_arm64/build/venv/lib/python3.11/site-packages/pip/_internal/operations/prepare.py", line 69, in _get_prepared_distribution
2022-12-27T11:05:37.5609950Z     abstract_dist.prepare_distribution_metadata(
2022-12-27T11:05:37.5610540Z   File "/private/var/folders/51/hd414ycd67n82196sw51xqtc0000gn/T/cibw-run-36yz3ly8/cp311-macosx_arm64/build/venv/lib/python3.11/site-packages/pip/_internal/distributions/sdist.py", line 61, in prepare_distribution_metadata
2022-12-27T11:05:37.5610860Z     self.req.prepare_metadata()
2022-12-27T11:05:37.5611320Z   File "/private/var/folders/51/hd414ycd67n82196sw51xqtc0000gn/T/cibw-run-36yz3ly8/cp311-macosx_arm64/build/venv/lib/python3.11/site-packages/pip/_internal/req/req_install.py", line 541, in prepare_metadata
2022-12-27T11:05:37.5611650Z     self.metadata_directory = generate_metadata_legacy(
2022-12-27T11:05:37.5611900Z                               ^^^^^^^^^^^^^^^^^^^^^^^^^
2022-12-27T11:05:37.5612390Z   File "/private/var/folders/51/hd414ycd67n82196sw51xqtc0000gn/T/cibw-run-36yz3ly8/cp311-macosx_arm64/build/venv/lib/python3.11/site-packages/pip/_internal/operations/build/metadata_legacy.py", line 71, in generate_metadata
2022-12-27T11:05:37.5612900Z     raise MetadataGenerationFailed(package_details=details) from error
2022-12-27T11:05:37.5613200Z pip._internal.exceptions.MetadataGenerationFailed: metadata generation failed
2022-12-27T11:05:37.5613680Z Removed file:///Users/runner/actions-runner/_work/python.build/python.build/build_lxml12311/lxml-1.2 from build tracker '/private/var/folders/51/hd414ycd67n82196sw51xqtc0000gn/T/pip-build-tracker-8z6x81k9'
2022-12-27T11:05:37.5614220Z Removed build tracker: '/private/var/folders/51/hd414ycd67n82196sw51xqtc0000gn/T/pip-build-tracker-8z6x81k9'
2022-12-27T11:05:37.5969370Z ##[endgroup]
2022-12-27T11:05:37.5992470Z ##[error]Command ['python', '-m', 'pip', 'wheel', '/Users/runner/actions-runner/_work/python.build/python.build/build_lxml12311/lxml-1.2', '--wheel-dir=/private/var/folders/51/hd414ycd67n82196sw51xqtc0000gn/T/cibw-run-36yz3ly8/cp311-macosx_arm64/built_wheel', '--no-deps', '-vvv'] failed with code 1. None
2022-12-27T11:05:37.6064910Z 
2022-12-27T11:05:37.6065210Z                                                               [31m✕ [0m0.47s
2022-12-27T11:05:37.6450310Z ##[error]Process completed with exit code 1.
2022-12-27T11:05:37.6482090Z ##[group]Run rm -rf build_lxml12311 wheelsout
2022-12-27T11:05:37.6482350Z [36;1mrm -rf build_lxml12311 wheelsout[0m
2022-12-27T11:05:37.6497790Z shell: /bin/bash -e {0}
2022-12-27T11:05:37.6497960Z env:
2022-12-27T11:05:37.6498130Z   pythonLocation: /Users/runner/hostedtoolcache/Python/3.11.1/x64
2022-12-27T11:05:37.6498350Z   PKG_CONFIG_PATH: /Users/runner/hostedtoolcache/Python/3.11.1/x64/lib/pkgconfig
2022-12-27T11:05:37.6498590Z   Python_ROOT_DIR: /Users/runner/hostedtoolcache/Python/3.11.1/x64
2022-12-27T11:05:37.6498810Z   Python2_ROOT_DIR: /Users/runner/hostedtoolcache/Python/3.11.1/x64
2022-12-27T11:05:37.6499020Z   Python3_ROOT_DIR: /Users/runner/hostedtoolcache/Python/3.11.1/x64
2022-12-27T11:05:37.6499170Z ##[endgroup]
2022-12-27T11:05:37.6783680Z Cleaning up orphan processes
