2022-12-27T01:50:55.2583197Z Requested labels: self-hosted, macOS, X64
2022-12-27T01:50:55.2583268Z Job defined at: kilnbuild/python.build/.github/workflows/mac_arm_build.yml@refs/heads/main
2022-12-27T01:50:55.2583294Z Waiting for a runner to pick up this job...
2022-12-27T01:53:48.3274780Z Job is about to start running on the runner: kr2 (organization)
2022-12-27T01:53:53.4754040Z Current runner version: '2.300.2'
2022-12-27T01:53:53.4762530Z Runner name: 'kr2'
2022-12-27T01:53:53.4762980Z Runner group name: 'Default'
2022-12-27T01:53:53.4763840Z Machine name: 'kr2'
2022-12-27T01:53:53.4766520Z ##[group]GITHUB_TOKEN Permissions
2022-12-27T01:53:53.4767240Z Actions: write
2022-12-27T01:53:53.4767500Z Checks: write
2022-12-27T01:53:53.4767760Z Contents: write
2022-12-27T01:53:53.4768030Z Deployments: write
2022-12-27T01:53:53.4768300Z Discussions: write
2022-12-27T01:53:53.4768570Z Issues: write
2022-12-27T01:53:53.4768830Z Metadata: read
2022-12-27T01:53:53.4769080Z Packages: write
2022-12-27T01:53:53.4769350Z Pages: write
2022-12-27T01:53:53.4769620Z PullRequests: write
2022-12-27T01:53:53.4769930Z RepositoryProjects: write
2022-12-27T01:53:53.4770240Z SecurityEvents: write
2022-12-27T01:53:53.4770510Z Statuses: write
2022-12-27T01:53:53.4770760Z ##[endgroup]
2022-12-27T01:53:53.4775150Z Secret source: Actions
2022-12-27T01:53:53.4775680Z Prepare workflow directory
2022-12-27T01:53:53.5886270Z Prepare all required actions
2022-12-27T01:53:53.6092640Z Getting action download info
2022-12-27T01:53:54.0537120Z Download action repository 'actions/setup-python@v4' (SHA:5ccb29d8773c3f3f653e1705f474dfaa8a06a912)
2022-12-27T01:53:55.7870710Z Download action repository 'actions/upload-artifact@v3' (SHA:83fd05a356d7e2593de66fc9913b3002723633cb)
2022-12-27T01:53:57.2006740Z ##[group]Run echo '{
2022-12-27T01:53:57.2007200Z [36;1mecho '{[0m
2022-12-27T01:53:57.2007570Z [36;1m  "environment_variables": "GRPC_PYTHON_BUILD_WITH_CYTHON=1 GRPC_BUILD_WITH_BORING_SSL_ASM='' GRPC_PYTHON_BUILD_SYSTEM_OPENSSL=TRUE",[0m
2022-12-27T01:53:57.2007980Z [36;1m  "package_name": "grpcio",[0m
2022-12-27T01:53:57.2008430Z [36;1m  "package_url": "https://files.pythonhosted.org/packages/1b/40/3e89d778c9a5a5a59bc6ef80c8f096ea8b9e02a30e163479d1501257b8a6/grpcio-1.4.0.tar.gz",[0m
2022-12-27T01:53:57.2008870Z [36;1m  "package_version": "1.4.0",[0m
2022-12-27T01:53:57.2009140Z [36;1m  "python_version": "3.11",[0m
2022-12-27T01:53:57.2009420Z [36;1m  "use_ccache": "true"[0m
2022-12-27T01:53:57.2009700Z [36;1m}'[0m
2022-12-27T01:53:57.2036680Z shell: /bin/bash -e {0}
2022-12-27T01:53:57.2036890Z ##[endgroup]
2022-12-27T01:53:57.2447140Z {
2022-12-27T01:53:57.2450710Z   "environment_variables": "GRPC_PYTHON_BUILD_WITH_CYTHON=1 GRPC_BUILD_WITH_BORING_SSL_ASM= GRPC_PYTHON_BUILD_SYSTEM_OPENSSL=TRUE",
2022-12-27T01:53:57.2451160Z   "package_name": "grpcio",
2022-12-27T01:53:57.2452610Z   "package_url": "https://files.pythonhosted.org/packages/1b/40/3e89d778c9a5a5a59bc6ef80c8f096ea8b9e02a30e163479d1501257b8a6/grpcio-1.4.0.tar.gz",
2022-12-27T01:53:57.2453240Z   "package_version": "1.4.0",
2022-12-27T01:53:57.2453520Z   "python_version": "3.11",
2022-12-27T01:53:57.2453860Z   "use_ccache": "true"
2022-12-27T01:53:57.2454160Z }
2022-12-27T01:53:57.2809160Z ##[group]Run actions/setup-python@v4
2022-12-27T01:53:57.2809590Z with:
2022-12-27T01:53:57.2809900Z   python-version: 3.11
2022-12-27T01:53:57.2810320Z   check-latest: false
2022-12-27T01:53:57.2810850Z   token: ***
2022-12-27T01:53:57.2811180Z   update-environment: true
2022-12-27T01:53:57.2811520Z ##[endgroup]
2022-12-27T01:53:57.4880710Z ##[group]Installed versions
2022-12-27T01:53:57.5004670Z Successfully set up CPython (3.11.1)
2022-12-27T01:53:57.5007740Z ##[endgroup]
2022-12-27T01:53:57.5239110Z ##[group]Run if [ "true" == "true" ]
2022-12-27T01:53:57.5239530Z [36;1mif [ "true" == "true" ][0m
2022-12-27T01:53:57.5239860Z [36;1mthen[0m
2022-12-27T01:53:57.5240290Z [36;1m  echo "CCACHE_PATH_PREPEND=/usr/local/opt/ccache/libexec" >> $GITHUB_OUTPUT[0m
2022-12-27T01:53:57.5240700Z [36;1melse[0m
2022-12-27T01:53:57.5241050Z [36;1m  echo "CCACHE_PATH_PREPEND=" >> $GITHUB_OUTPUT[0m
2022-12-27T01:53:57.5241400Z [36;1mfi[0m
2022-12-27T01:53:57.5271470Z shell: /bin/bash -e {0}
2022-12-27T01:53:57.5271800Z env:
2022-12-27T01:53:57.5272250Z   pythonLocation: /Users/runner/hostedtoolcache/Python/3.11.1/x64
2022-12-27T01:53:57.5272640Z   PKG_CONFIG_PATH: /Users/runner/hostedtoolcache/Python/3.11.1/x64/lib/pkgconfig
2022-12-27T01:53:57.5273740Z   Python_ROOT_DIR: /Users/runner/hostedtoolcache/Python/3.11.1/x64
2022-12-27T01:53:57.5274180Z   Python2_ROOT_DIR: /Users/runner/hostedtoolcache/Python/3.11.1/x64
2022-12-27T01:53:57.5274630Z   Python3_ROOT_DIR: /Users/runner/hostedtoolcache/Python/3.11.1/x64
2022-12-27T01:53:57.5274990Z ##[endgroup]
2022-12-27T01:53:57.5588560Z ##[group]Run echo "BUILD_NAME=$(echo grpcio_1.4.0_3.11 | tr -dc '[:alnum:]\n\r' | tr '[:upper:]' '[:lower:]')" >> $GITHUB_OUTPUT
2022-12-27T01:53:57.5589190Z [36;1mecho "BUILD_NAME=$(echo grpcio_1.4.0_3.11 | tr -dc '[:alnum:]\n\r' | tr '[:upper:]' '[:lower:]')" >> $GITHUB_OUTPUT[0m
2022-12-27T01:53:57.5616920Z shell: /bin/bash -e {0}
2022-12-27T01:53:57.5617160Z env:
2022-12-27T01:53:57.5617490Z   pythonLocation: /Users/runner/hostedtoolcache/Python/3.11.1/x64
2022-12-27T01:53:57.5617940Z   PKG_CONFIG_PATH: /Users/runner/hostedtoolcache/Python/3.11.1/x64/lib/pkgconfig
2022-12-27T01:53:57.5618320Z   Python_ROOT_DIR: /Users/runner/hostedtoolcache/Python/3.11.1/x64
2022-12-27T01:53:57.5618810Z   Python2_ROOT_DIR: /Users/runner/hostedtoolcache/Python/3.11.1/x64
2022-12-27T01:53:57.5619220Z   Python3_ROOT_DIR: /Users/runner/hostedtoolcache/Python/3.11.1/x64
2022-12-27T01:53:57.5619500Z ##[endgroup]
2022-12-27T01:53:57.5855680Z ##[group]Run echo "PYTHON_NO_DOTS=$(echo 3.11 | tr -dc '[:alnum:]\n\r' | tr '[:upper:]' '[:lower:]')" >> $GITHUB_OUTPUT
2022-12-27T01:53:57.5856200Z [36;1mecho "PYTHON_NO_DOTS=$(echo 3.11 | tr -dc '[:alnum:]\n\r' | tr '[:upper:]' '[:lower:]')" >> $GITHUB_OUTPUT[0m
2022-12-27T01:53:57.5884460Z shell: /bin/bash -e {0}
2022-12-27T01:53:57.5884760Z env:
2022-12-27T01:53:57.5885210Z   pythonLocation: /Users/runner/hostedtoolcache/Python/3.11.1/x64
2022-12-27T01:53:57.5885600Z   PKG_CONFIG_PATH: /Users/runner/hostedtoolcache/Python/3.11.1/x64/lib/pkgconfig
2022-12-27T01:53:57.5886970Z   Python_ROOT_DIR: /Users/runner/hostedtoolcache/Python/3.11.1/x64
2022-12-27T01:53:57.5887400Z   Python2_ROOT_DIR: /Users/runner/hostedtoolcache/Python/3.11.1/x64
2022-12-27T01:53:57.5887950Z   Python3_ROOT_DIR: /Users/runner/hostedtoolcache/Python/3.11.1/x64
2022-12-27T01:53:57.5888250Z ##[endgroup]
2022-12-27T01:53:57.6137360Z ##[group]Run rm -rf build_grpcio140311
2022-12-27T01:53:57.6137940Z [36;1mrm -rf build_grpcio140311[0m
2022-12-27T01:53:57.6138280Z [36;1mmkdir build_grpcio140311[0m
2022-12-27T01:53:57.6138600Z [36;1mcd build_grpcio140311[0m
2022-12-27T01:53:57.6139110Z [36;1m/usr/local/bin/wget --quiet https://files.pythonhosted.org/packages/1b/40/3e89d778c9a5a5a59bc6ef80c8f096ea8b9e02a30e163479d1501257b8a6/grpcio-1.4.0.tar.gz[0m
2022-12-27T01:53:57.6139610Z [36;1mtar xf *.tar.gz[0m
2022-12-27T01:53:57.6139870Z [36;1mcd grpcio-*/[0m
2022-12-27T01:53:57.6140300Z [36;1mpython -m pip install cibuildwheel==2.11.3[0m
2022-12-27T01:53:57.6140700Z [36;1mpython -m cibuildwheel --output-dir ../wheelsout[0m
2022-12-27T01:53:57.6169370Z shell: /bin/bash -e {0}
2022-12-27T01:53:57.6169780Z env:
2022-12-27T01:53:57.6170190Z   pythonLocation: /Users/runner/hostedtoolcache/Python/3.11.1/x64
2022-12-27T01:53:57.6170680Z   PKG_CONFIG_PATH: /Users/runner/hostedtoolcache/Python/3.11.1/x64/lib/pkgconfig
2022-12-27T01:53:57.6171130Z   Python_ROOT_DIR: /Users/runner/hostedtoolcache/Python/3.11.1/x64
2022-12-27T01:53:57.6171550Z   Python2_ROOT_DIR: /Users/runner/hostedtoolcache/Python/3.11.1/x64
2022-12-27T01:53:57.6171970Z   Python3_ROOT_DIR: /Users/runner/hostedtoolcache/Python/3.11.1/x64
2022-12-27T01:53:57.6172330Z   CIBW_ARCHS_MACOS: arm64
2022-12-27T01:53:57.6172570Z   CIBW_TEST_SKIP: *_arm64
2022-12-27T01:53:57.6172880Z   CIBW_BUILD: cp311-macosx_arm64
2022-12-27T01:53:57.6173280Z   CIBW_BUILD_FRONTEND: pip
2022-12-27T01:53:57.6173540Z   CIBW_BUILD_VERBOSITY: 3
2022-12-27T01:53:57.6174180Z   CIBW_ENVIRONMENT_MACOS: GRPC_PYTHON_BUILD_WITH_CYTHON=1 GRPC_BUILD_WITH_BORING_SSL_ASM='' GRPC_PYTHON_BUILD_SYSTEM_OPENSSL=TRUE CFLAGS="-I/usr/local/opt/openssl@3/include" LDFLAGS="-L/usr/local/opt/openssl@3/lib" CPPFLAGS="-I/usr/local/opt/openssl@3/include" MAKEFLAGS="-j$(sysctl -n hw.logicalcpu)" PATH=/usr/local/opt/ccache/libexec:$PATH
2022-12-27T01:53:57.6175430Z   CIBW_BEFORE_BUILD: pip install Cython; if [[ -f requirements.txt ]]; then pip install -r requirements.txt; fi
2022-12-27T01:53:57.6175940Z   MAKEFLAGS: -j$(sysctl -n hw.logicalcpu)
2022-12-27T01:53:57.6176260Z ##[endgroup]
2022-12-27T01:53:59.6996370Z Requirement already satisfied: cibuildwheel==2.11.3 in /Library/Frameworks/Python.framework/Versions/3.11/lib/python3.11/site-packages (2.11.3)
2022-12-27T01:53:59.7565970Z Requirement already satisfied: bashlex!=0.13 in /Library/Frameworks/Python.framework/Versions/3.11/lib/python3.11/site-packages (from cibuildwheel==2.11.3) (0.16)
2022-12-27T01:53:59.7570030Z Requirement already satisfied: bracex in /Library/Frameworks/Python.framework/Versions/3.11/lib/python3.11/site-packages (from cibuildwheel==2.11.3) (2.3.post1)
2022-12-27T01:53:59.7580320Z Requirement already satisfied: certifi in /Library/Frameworks/Python.framework/Versions/3.11/lib/python3.11/site-packages (from cibuildwheel==2.11.3) (2022.12.7)
2022-12-27T01:53:59.7588290Z Requirement already satisfied: filelock in /Library/Frameworks/Python.framework/Versions/3.11/lib/python3.11/site-packages (from cibuildwheel==2.11.3) (3.8.2)
2022-12-27T01:53:59.7601470Z Requirement already satisfied: packaging>=20.9 in /Library/Frameworks/Python.framework/Versions/3.11/lib/python3.11/site-packages (from cibuildwheel==2.11.3) (22.0)
2022-12-27T01:53:59.7614500Z Requirement already satisfied: platformdirs in /Library/Frameworks/Python.framework/Versions/3.11/lib/python3.11/site-packages (from cibuildwheel==2.11.3) (2.6.0)
2022-12-27T01:54:00.1649030Z 
2022-12-27T01:54:00.1650460Z      _ _       _ _   _       _           _
2022-12-27T01:54:00.1651570Z  ___|_| |_ _ _|_| |_| |_ _ _| |_ ___ ___| |
2022-12-27T01:54:00.1653190Z |  _| | . | | | | | . | | | |   | -_| -_| |
2022-12-27T01:54:00.1655420Z |___|_|___|___|_|_|___|_____|_|_|___|___|_|
2022-12-27T01:54:00.1655860Z 
2022-12-27T01:54:00.1656240Z cibuildwheel version 2.11.3
2022-12-27T01:54:00.1656570Z 
2022-12-27T01:54:00.1656790Z Build options:
2022-12-27T01:54:00.1657480Z   platform: macos
2022-12-27T01:54:00.1882790Z   architectures: arm64[0m
2022-12-27T01:54:00.1885850Z   build_selector: 
2022-12-27T01:54:00.1888520Z     build_config: cp311-macosx_arm64
2022-12-27T01:54:00.1889640Z     skip_config: 
2022-12-27T01:54:00.1890250Z     requires_python: None
2022-12-27T01:54:00.1891050Z     prerelease_pythons: False[0m
2022-12-27T01:54:00.1891770Z   [38;5;244mcontainer_engine: docker[0m
2022-12-27T01:54:00.1892920Z   output_dir: /Users/runner/actions-runner/_work/python.build/python.build/build_grpcio140311/wheelsout[0m
2022-12-27T01:54:00.1894430Z   package_dir: /Users/runner/actions-runner/_work/python.build/python.build/build_grpcio140311/grpcio-1.4.0[0m
2022-12-27T01:54:00.1895130Z   test_selector: 
2022-12-27T01:54:00.1895650Z     skip_config: *_arm64[0m
2022-12-27T01:54:00.1896150Z   [38;5;244mbefore_all: [0m
2022-12-27T01:54:00.1896790Z   before_build: pip install Cython; if [[ -f requirements.txt ]]; then pip install -r requirements.txt; fi[0m
2022-12-27T01:54:00.1897550Z   [38;5;244mbefore_test: [0m
2022-12-27T01:54:00.1897980Z   [38;5;244mbuild_frontend: pip[0m
2022-12-27T01:54:00.1898330Z   build_verbosity: 3[0m
2022-12-27T01:54:00.1898740Z   [38;5;244mconfig_settings: [0m
2022-12-27T01:54:00.1899320Z   [38;5;244mdependency_constraints: pinned[0m
2022-12-27T01:54:00.1899690Z   environment: 
2022-12-27T01:54:00.1899970Z     GRPC_PYTHON_BUILD_WITH_CYTHON=1
2022-12-27T01:54:00.1900360Z     GRPC_BUILD_WITH_BORING_SSL_ASM=''
2022-12-27T01:54:00.1900740Z     GRPC_PYTHON_BUILD_SYSTEM_OPENSSL=TRUE
2022-12-27T01:54:00.1901260Z     CFLAGS="-I/usr/local/opt/openssl@3/include"
2022-12-27T01:54:00.1901720Z     LDFLAGS="-L/usr/local/opt/openssl@3/lib"
2022-12-27T01:54:00.1902180Z     CPPFLAGS="-I/usr/local/opt/openssl@3/include"
2022-12-27T01:54:00.1902670Z     MAKEFLAGS="-j$(sysctl -n hw.logicalcpu)"
2022-12-27T01:54:00.1903890Z     PATH=/usr/local/opt/ccache/libexec:$PATH[0m
2022-12-27T01:54:00.1904520Z   [38;5;244mmanylinux_images: None[0m
2022-12-27T01:54:00.1904940Z   [38;5;244mmusllinux_images: None[0m
2022-12-27T01:54:00.1905440Z   [38;5;244mrepair_command: delocate-wheel --require-archs {delocate_archs} -w {dest_dir} -v {wheel}[0m
2022-12-27T01:54:00.1905940Z   [38;5;244mtest_command: [0m
2022-12-27T01:54:00.1906500Z   [38;5;244mtest_extras: [0m
2022-12-27T01:54:00.1906840Z   [38;5;244mtest_requires: [0m
2022-12-27T01:54:00.1907040Z 
2022-12-27T01:54:00.1907230Z Cache folder: /Users/runner/Library/Caches/cibuildwheel
2022-12-27T01:54:00.1907480Z 
2022-12-27T01:54:00.1907910Z Here we go!
2022-12-27T01:54:00.1908560Z 
2022-12-27T01:54:00.2007630Z 
2022-12-27T01:54:00.2010150Z [1m[34mBuilding cp311-macosx_arm64 wheel[0m
2022-12-27T01:54:00.2011310Z CPython 3.11 macOS arm64 - Apple Silicon
2022-12-27T01:54:00.2011780Z 
2022-12-27T01:54:00.2013750Z ##[group]Installing Python cp311...
2022-12-27T01:54:00.2014230Z 
2022-12-27T01:54:00.2014680Z + pkgutil --pkgs
2022-12-27T01:54:00.2227380Z ##[endgroup]
2022-12-27T01:54:00.2229570Z                                                               [32mâœ“ [0m0.02s
2022-12-27T01:54:00.2230290Z ##[group]Setting up build environment...
2022-12-27T01:54:00.2230520Z 
2022-12-27T01:54:00.2258930Z + /Library/Frameworks/Python.framework/Versions/3.11/bin/python -sS /Users/runner/Library/Caches/cibuildwheel/virtualenv-20.17.0.pyz --activators= --no-periodic-update --pip=22.3.1 --setuptools=65.6.3 --wheel=0.38.4 --symlink-app-data --python /Library/Frameworks/Python.framework/Versions/3.11/bin/python3 /private/var/folders/51/hd414ycd67n82196sw51xqtc0000gn/T/cibw-run-cpqgadf0/cp311-macosx_arm64/build/venv
2022-12-27T01:54:00.5405170Z created virtual environment CPython3.11.1.final.0-64 in 82ms
2022-12-27T01:54:00.5406460Z   creator CPython3Posix(dest=/private/var/folders/51/hd414ycd67n82196sw51xqtc0000gn/T/cibw-run-cpqgadf0/cp311-macosx_arm64/build/venv, clear=False, no_vcs_ignore=False, global=False)
2022-12-27T01:54:00.5407910Z   seeder FromAppData(download=False, pip=22.3.1, setuptools=65.6.3, wheel=0.38.4, via=symlink, app_data_dir=/Users/runner/Library/Application Support/virtualenv)
2022-12-27T01:54:00.5408670Z     added seed packages: pip==22.3.1, setuptools==65.6.3, wheel==0.38.4
2022-12-27T01:54:00.5741110Z + python -m pip install --upgrade pip -c /Library/Frameworks/Python.framework/Versions/3.11/lib/python3.11/site-packages/cibuildwheel/resources/constraints-python311.txt
2022-12-27T01:54:01.0248670Z Requirement already satisfied: pip in ./lib/python3.11/site-packages (22.3.1)
2022-12-27T01:54:01.2635380Z + which pip
2022-12-27T01:54:01.2675790Z /private/var/folders/51/hd414ycd67n82196sw51xqtc0000gn/T/cibw-run-cpqgadf0/cp311-macosx_arm64/build/venv/bin/pip
2022-12-27T01:54:01.2683380Z + pip --version
2022-12-27T01:54:01.5818450Z pip 22.3.1 from /private/var/folders/51/hd414ycd67n82196sw51xqtc0000gn/T/cibw-run-cpqgadf0/cp311-macosx_arm64/build/venv/lib/python3.11/site-packages/pip (python 3.11)
2022-12-27T01:54:01.6448870Z + which pip
2022-12-27T01:54:01.6512970Z + which python
2022-12-27T01:54:01.6555160Z /private/var/folders/51/hd414ycd67n82196sw51xqtc0000gn/T/cibw-run-cpqgadf0/cp311-macosx_arm64/build/venv/bin/python
2022-12-27T01:54:01.6558300Z + python --version
2022-12-27T01:54:01.6667150Z Python 3.11.1
2022-12-27T01:54:01.6673260Z + which python
2022-12-27T01:54:01.6769530Z ##[endgroup]
2022-12-27T01:54:01.6770680Z                                                               [32mâœ“ [0m1.45s
2022-12-27T01:54:01.6772870Z ##[group]Installing build tools...
2022-12-27T01:54:01.6773530Z 
2022-12-27T01:54:01.6774630Z + pip install --upgrade setuptools wheel delocate -c /Library/Frameworks/Python.framework/Versions/3.11/lib/python3.11/site-packages/cibuildwheel/resources/constraints-python311.txt
2022-12-27T01:54:02.1154680Z Requirement already satisfied: setuptools in /private/var/folders/51/hd414ycd67n82196sw51xqtc0000gn/T/cibw-run-cpqgadf0/cp311-macosx_arm64/build/venv/lib/python3.11/site-packages (65.6.3)
2022-12-27T01:54:02.3939510Z Requirement already satisfied: wheel in /private/var/folders/51/hd414ycd67n82196sw51xqtc0000gn/T/cibw-run-cpqgadf0/cp311-macosx_arm64/build/venv/lib/python3.11/site-packages (0.38.4)
2022-12-27T01:54:02.4538350Z Collecting delocate
2022-12-27T01:54:02.4585710Z   Using cached delocate-0.10.3-py3-none-any.whl (142 kB)
2022-12-27T01:54:02.5002220Z Collecting packaging>=20.9
2022-12-27T01:54:02.5044500Z   Using cached packaging-21.3-py3-none-any.whl (40 kB)
2022-12-27T01:54:02.5276600Z Collecting typing-extensions
2022-12-27T01:54:02.5318680Z   Using cached typing_extensions-4.4.0-py3-none-any.whl (26 kB)
2022-12-27T01:54:02.5803650Z Collecting pyparsing!=3.0.5,>=2.0.2
2022-12-27T01:54:02.5845310Z   Using cached pyparsing-3.0.9-py3-none-any.whl (98 kB)
2022-12-27T01:54:02.6727980Z Installing collected packages: typing-extensions, pyparsing, packaging, delocate
2022-12-27T01:54:02.8802600Z Successfully installed delocate-0.10.3 packaging-21.3 pyparsing-3.0.9 typing-extensions-4.4.0
2022-12-27T01:54:03.0274250Z ##[endgroup]
2022-12-27T01:54:03.0275830Z                                                               [32mâœ“ [0m1.35s
2022-12-27T01:54:03.0277490Z ##[group]Running before_build...
2022-12-27T01:54:03.0277960Z 
2022-12-27T01:54:03.0284110Z + pip install Cython; if [[ -f requirements.txt ]]; then pip install -r requirements.txt; fi
2022-12-27T01:54:03.9975290Z Collecting Cython
2022-12-27T01:54:04.0076500Z   Using cached Cython-0.29.32-py2.py3-none-any.whl (986 kB)
2022-12-27T01:54:04.0879500Z Installing collected packages: Cython
2022-12-27T01:54:04.8181860Z Successfully installed Cython-0.29.32
2022-12-27T01:54:05.8491830Z Collecting coverage>=4.0
2022-12-27T01:54:05.8538660Z   Using cached coverage-7.0.1-cp311-cp311-macosx_10_9_x86_64.whl (188 kB)
2022-12-27T01:54:05.8613670Z Requirement already satisfied: cython>=0.23 in /private/var/folders/51/hd414ycd67n82196sw51xqtc0000gn/T/cibw-run-cpqgadf0/cp311-macosx_arm64/build/venv/lib/python3.11/site-packages (from -r requirements.txt (line 3)) (0.29.32)
2022-12-27T01:54:05.8826500Z Collecting enum34>=1.0.4
2022-12-27T01:54:05.8873330Z   Using cached enum34-1.1.10-py3-none-any.whl (11 kB)
2022-12-27T01:54:05.9101080Z Collecting futures>=2.2.0
2022-12-27T01:54:05.9103050Z   Using cached futures-3.0.5-py3-none-any.whl
2022-12-27T01:54:06.2529280Z Collecting protobuf>=3.2.0
2022-12-27T01:54:06.2614570Z   Using cached protobuf-4.21.12-cp37-abi3-macosx_10_9_universal2.whl (486 kB)
2022-12-27T01:54:06.2869200Z Collecting six>=1.10
2022-12-27T01:54:06.2903510Z   Using cached six-1.16.0-py2.py3-none-any.whl (11 kB)
2022-12-27T01:54:06.2963370Z Requirement already satisfied: wheel>=0.29 in /private/var/folders/51/hd414ycd67n82196sw51xqtc0000gn/T/cibw-run-cpqgadf0/cp311-macosx_arm64/build/venv/lib/python3.11/site-packages (from -r requirements.txt (line 8)) (0.38.4)
2022-12-27T01:54:06.3561540Z Installing collected packages: futures, enum34, six, protobuf, coverage
2022-12-27T01:54:06.7457850Z Successfully installed coverage-7.0.1 enum34-1.1.10 futures-3.0.5 protobuf-4.21.12 six-1.16.0
2022-12-27T01:54:06.8898190Z ##[endgroup]
2022-12-27T01:54:06.8901010Z                                                               [32mâœ“ [0m3.86s
2022-12-27T01:54:06.8903270Z ##[group]Building wheel...
2022-12-27T01:54:06.8903680Z 
2022-12-27T01:54:06.8910220Z + python -m pip wheel /Users/runner/actions-runner/_work/python.build/python.build/build_grpcio140311/grpcio-1.4.0 --wheel-dir=/private/var/folders/51/hd414ycd67n82196sw51xqtc0000gn/T/cibw-run-cpqgadf0/cp311-macosx_arm64/built_wheel --no-deps -vvv
2022-12-27T01:54:07.2705200Z Created temporary directory: /private/var/folders/51/hd414ycd67n82196sw51xqtc0000gn/T/pip-ephem-wheel-cache-t1hhz838
2022-12-27T01:54:07.2710520Z Created temporary directory: /private/var/folders/51/hd414ycd67n82196sw51xqtc0000gn/T/pip-build-tracker-v2ndhvoi
2022-12-27T01:54:07.2712690Z Initialized build tracking at /private/var/folders/51/hd414ycd67n82196sw51xqtc0000gn/T/pip-build-tracker-v2ndhvoi
2022-12-27T01:54:07.2714340Z Created build tracker: /private/var/folders/51/hd414ycd67n82196sw51xqtc0000gn/T/pip-build-tracker-v2ndhvoi
2022-12-27T01:54:07.2717760Z Entered build tracker: /private/var/folders/51/hd414ycd67n82196sw51xqtc0000gn/T/pip-build-tracker-v2ndhvoi
2022-12-27T01:54:07.2720880Z Created temporary directory: /private/var/folders/51/hd414ycd67n82196sw51xqtc0000gn/T/pip-wheel-nx5i8yw4
2022-12-27T01:54:07.2729090Z Created temporary directory: /private/var/folders/51/hd414ycd67n82196sw51xqtc0000gn/T/pip-ephem-wheel-cache-iii286em
2022-12-27T01:54:07.2892060Z Processing /Users/runner/actions-runner/_work/python.build/python.build/build_grpcio140311/grpcio-1.4.0
2022-12-27T01:54:07.2900590Z   Added file:///Users/runner/actions-runner/_work/python.build/python.build/build_grpcio140311/grpcio-1.4.0 to build tracker '/private/var/folders/51/hd414ycd67n82196sw51xqtc0000gn/T/pip-build-tracker-v2ndhvoi'
2022-12-27T01:54:07.2905390Z   Running setup.py (path:/Users/runner/actions-runner/_work/python.build/python.build/build_grpcio140311/grpcio-1.4.0/setup.py) egg_info for package from file:///Users/runner/actions-runner/_work/python.build/python.build/build_grpcio140311/grpcio-1.4.0
2022-12-27T01:54:07.2909930Z   Created temporary directory: /private/var/folders/51/hd414ycd67n82196sw51xqtc0000gn/T/pip-pip-egg-info-w9a_x683
2022-12-27T01:54:07.2911410Z   Preparing metadata (setup.py): started
2022-12-27T01:54:07.2913760Z   Running command python setup.py egg_info
2022-12-27T01:54:07.9003120Z   /private/var/folders/51/hd414ycd67n82196sw51xqtc0000gn/T/cibw-run-cpqgadf0/cp311-macosx_arm64/build/venv/lib/python3.11/site-packages/Cython/Compiler/Main.py:369: FutureWarning: Cython directive 'language_level' not set, using 2 for now (Py2). This will change in a later release! File: /Users/runner/actions-runner/_work/python.build/python.build/build_grpcio140311/grpcio-1.4.0/src/python/grpcio/grpc/_cython/cygrpc.pxd
2022-12-27T01:54:07.9005030Z     tree = Parsing.p_module(s, pxd, full_module_name)
2022-12-27T01:54:07.9601090Z   warning: src/python/grpcio/grpc/_cython/_cygrpc/grpc.pxi:150:13: 'GRPC_ARG_PRIMARY_USER_AGENT_STRING' redeclared
2022-12-27T01:54:09.0917540Z   Compiling src/python/grpcio/grpc/_cython/cygrpc.pyx because it depends on /private/var/folders/51/hd414ycd67n82196sw51xqtc0000gn/T/cibw-run-cpqgadf0/cp311-macosx_arm64/build/venv/lib/python3.11/site-packages/Cython/Includes/libc/time.pxd.
2022-12-27T01:54:09.0919030Z   [1/1] Cythonizing src/python/grpcio/grpc/_cython/cygrpc.pyx
2022-12-27T01:54:09.1168060Z   running egg_info
2022-12-27T01:54:09.1180130Z   creating /private/var/folders/51/hd414ycd67n82196sw51xqtc0000gn/T/pip-pip-egg-info-w9a_x683/grpcio.egg-info
2022-12-27T01:54:09.1205770Z   writing /private/var/folders/51/hd414ycd67n82196sw51xqtc0000gn/T/pip-pip-egg-info-w9a_x683/grpcio.egg-info/PKG-INFO
2022-12-27T01:54:09.1209800Z   writing dependency_links to /private/var/folders/51/hd414ycd67n82196sw51xqtc0000gn/T/pip-pip-egg-info-w9a_x683/grpcio.egg-info/dependency_links.txt
2022-12-27T01:54:09.1212110Z   writing requirements to /private/var/folders/51/hd414ycd67n82196sw51xqtc0000gn/T/pip-pip-egg-info-w9a_x683/grpcio.egg-info/requires.txt
2022-12-27T01:54:09.1213680Z   writing top-level names to /private/var/folders/51/hd414ycd67n82196sw51xqtc0000gn/T/pip-pip-egg-info-w9a_x683/grpcio.egg-info/top_level.txt
2022-12-27T01:54:09.1215970Z   writing manifest file '/private/var/folders/51/hd414ycd67n82196sw51xqtc0000gn/T/pip-pip-egg-info-w9a_x683/grpcio.egg-info/SOURCES.txt'
2022-12-27T01:54:09.1297440Z   reading manifest file '/private/var/folders/51/hd414ycd67n82196sw51xqtc0000gn/T/pip-pip-egg-info-w9a_x683/grpcio.egg-info/SOURCES.txt'
2022-12-27T01:54:09.1298100Z   reading manifest template 'PYTHON-MANIFEST.in'
2022-12-27T01:54:09.1338010Z   warning: no files found matching '*.h' under directory 'src/python/grpcio/grpc'
2022-12-27T01:54:09.1443950Z   warning: no files found matching '*.python' under directory 'src/python/grpcio/grpc'
2022-12-27T01:54:09.1464510Z   warning: no previously-included files matching '*.so' found under directory 'src/python/grpcio/grpc/_cython'
2022-12-27T01:54:09.1466820Z   warning: no previously-included files matching '*.pyd' found under directory 'src/python/grpcio/grpc/_cython'
2022-12-27T01:54:09.2432420Z   warning: no files found matching 'src/python/grpcio/precompiled.py'
2022-12-27T01:54:09.2972530Z   writing manifest file '/private/var/folders/51/hd414ycd67n82196sw51xqtc0000gn/T/pip-pip-egg-info-w9a_x683/grpcio.egg-info/SOURCES.txt'
2022-12-27T01:54:09.4642510Z   Preparing metadata (setup.py): finished with status 'done'
2022-12-27T01:54:09.4676070Z   Source in /Users/runner/actions-runner/_work/python.build/python.build/build_grpcio140311/grpcio-1.4.0 has version 1.4.0, which satisfies requirement grpcio==1.4.0 from file:///Users/runner/actions-runner/_work/python.build/python.build/build_grpcio140311/grpcio-1.4.0
2022-12-27T01:54:09.4678640Z   Removed grpcio==1.4.0 from file:///Users/runner/actions-runner/_work/python.build/python.build/build_grpcio140311/grpcio-1.4.0 from build tracker '/private/var/folders/51/hd414ycd67n82196sw51xqtc0000gn/T/pip-build-tracker-v2ndhvoi'
2022-12-27T01:54:09.4706640Z Created temporary directory: /private/var/folders/51/hd414ycd67n82196sw51xqtc0000gn/T/pip-unpack-m7vf03ki
2022-12-27T01:54:09.4707860Z Building wheels for collected packages: grpcio
2022-12-27T01:54:09.4723050Z   Created temporary directory: /private/var/folders/51/hd414ycd67n82196sw51xqtc0000gn/T/pip-wheel-q0g4rfm9
2022-12-27T01:54:09.4725630Z   Building wheel for grpcio (setup.py): started
2022-12-27T01:54:09.4727290Z   Destination directory: /private/var/folders/51/hd414ycd67n82196sw51xqtc0000gn/T/pip-wheel-q0g4rfm9
2022-12-27T01:54:09.4730680Z   Running command python setup.py bdist_wheel
2022-12-27T01:54:10.0646290Z   running bdist_wheel
2022-12-27T01:54:10.0673850Z   running build
2022-12-27T01:54:10.0676850Z   running build_py
2022-12-27T01:54:10.0680800Z   running build_project_metadata
2022-12-27T01:54:10.0684490Z   creating python_build
2022-12-27T01:54:10.0688770Z   creating python_build/lib.macosx-11.0-arm64-cpython-311
2022-12-27T01:54:10.0692620Z   creating python_build/lib.macosx-11.0-arm64-cpython-311/grpc
2022-12-27T01:54:10.0698160Z   copying src/python/grpcio/grpc/_channel.py -> python_build/lib.macosx-11.0-arm64-cpython-311/grpc
2022-12-27T01:54:10.0700140Z   copying src/python/grpcio/grpc/_common.py -> python_build/lib.macosx-11.0-arm64-cpython-311/grpc
2022-12-27T01:54:10.0704920Z   copying src/python/grpcio/grpc/__init__.py -> python_build/lib.macosx-11.0-arm64-cpython-311/grpc
2022-12-27T01:54:10.0716470Z   copying src/python/grpcio/grpc/_utilities.py -> python_build/lib.macosx-11.0-arm64-cpython-311/grpc
2022-12-27T01:54:10.0722410Z   copying src/python/grpcio/grpc/_plugin_wrapping.py -> python_build/lib.macosx-11.0-arm64-cpython-311/grpc
2022-12-27T01:54:10.0729730Z   copying src/python/grpcio/grpc/_grpcio_metadata.py -> python_build/lib.macosx-11.0-arm64-cpython-311/grpc
2022-12-27T01:54:10.0738020Z   copying src/python/grpcio/grpc/_server.py -> python_build/lib.macosx-11.0-arm64-cpython-311/grpc
2022-12-27T01:54:10.0744450Z   copying src/python/grpcio/grpc/_auth.py -> python_build/lib.macosx-11.0-arm64-cpython-311/grpc
2022-12-27T01:54:10.0752140Z   copying src/python/grpcio/grpc/_credential_composition.py -> python_build/lib.macosx-11.0-arm64-cpython-311/grpc
2022-12-27T01:54:10.0765750Z   creating python_build/lib.macosx-11.0-arm64-cpython-311/grpc/beta
2022-12-27T01:54:10.0767650Z   copying src/python/grpcio/grpc/beta/_server_adaptations.py -> python_build/lib.macosx-11.0-arm64-cpython-311/grpc/beta
2022-12-27T01:54:10.0775950Z   copying src/python/grpcio/grpc/beta/interfaces.py -> python_build/lib.macosx-11.0-arm64-cpython-311/grpc/beta
2022-12-27T01:54:10.0784950Z   copying src/python/grpcio/grpc/beta/__init__.py -> python_build/lib.macosx-11.0-arm64-cpython-311/grpc/beta
2022-12-27T01:54:10.0793570Z   copying src/python/grpcio/grpc/beta/utilities.py -> python_build/lib.macosx-11.0-arm64-cpython-311/grpc/beta
2022-12-27T01:54:10.0795850Z   copying src/python/grpcio/grpc/beta/implementations.py -> python_build/lib.macosx-11.0-arm64-cpython-311/grpc/beta
2022-12-27T01:54:10.0797890Z   copying src/python/grpcio/grpc/beta/_client_adaptations.py -> python_build/lib.macosx-11.0-arm64-cpython-311/grpc/beta
2022-12-27T01:54:10.0805320Z   creating python_build/lib.macosx-11.0-arm64-cpython-311/grpc/framework
2022-12-27T01:54:10.0807510Z   copying src/python/grpcio/grpc/framework/__init__.py -> python_build/lib.macosx-11.0-arm64-cpython-311/grpc/framework
2022-12-27T01:54:10.0813410Z   creating python_build/lib.macosx-11.0-arm64-cpython-311/grpc/_cython
2022-12-27T01:54:10.0815340Z   copying src/python/grpcio/grpc/_cython/__init__.py -> python_build/lib.macosx-11.0-arm64-cpython-311/grpc/_cython
2022-12-27T01:54:10.0937870Z   creating python_build/lib.macosx-11.0-arm64-cpython-311/grpc/framework/foundation
2022-12-27T01:54:10.0939080Z   copying src/python/grpcio/grpc/framework/foundation/callable_util.py -> python_build/lib.macosx-11.0-arm64-cpython-311/grpc/framework/foundation
2022-12-27T01:54:10.0940470Z   copying src/python/grpcio/grpc/framework/foundation/abandonment.py -> python_build/lib.macosx-11.0-arm64-cpython-311/grpc/framework/foundation
2022-12-27T01:54:10.0941980Z   copying src/python/grpcio/grpc/framework/foundation/__init__.py -> python_build/lib.macosx-11.0-arm64-cpython-311/grpc/framework/foundation
2022-12-27T01:54:10.0943000Z   copying src/python/grpcio/grpc/framework/foundation/stream.py -> python_build/lib.macosx-11.0-arm64-cpython-311/grpc/framework/foundation
2022-12-27T01:54:10.0944060Z   copying src/python/grpcio/grpc/framework/foundation/stream_util.py -> python_build/lib.macosx-11.0-arm64-cpython-311/grpc/framework/foundation
2022-12-27T01:54:10.0945050Z   copying src/python/grpcio/grpc/framework/foundation/future.py -> python_build/lib.macosx-11.0-arm64-cpython-311/grpc/framework/foundation
2022-12-27T01:54:10.0946330Z   copying src/python/grpcio/grpc/framework/foundation/logging_pool.py -> python_build/lib.macosx-11.0-arm64-cpython-311/grpc/framework/foundation
2022-12-27T01:54:10.0947010Z   creating python_build/lib.macosx-11.0-arm64-cpython-311/grpc/framework/common
2022-12-27T01:54:10.0948110Z   copying src/python/grpcio/grpc/framework/common/style.py -> python_build/lib.macosx-11.0-arm64-cpython-311/grpc/framework/common
2022-12-27T01:54:10.0948860Z   copying src/python/grpcio/grpc/framework/common/cardinality.py -> python_build/lib.macosx-11.0-arm64-cpython-311/grpc/framework/common
2022-12-27T01:54:10.0949590Z   copying src/python/grpcio/grpc/framework/common/__init__.py -> python_build/lib.macosx-11.0-arm64-cpython-311/grpc/framework/common
2022-12-27T01:54:10.0950320Z   creating python_build/lib.macosx-11.0-arm64-cpython-311/grpc/framework/interfaces
2022-12-27T01:54:10.0951020Z   copying src/python/grpcio/grpc/framework/interfaces/__init__.py -> python_build/lib.macosx-11.0-arm64-cpython-311/grpc/framework/interfaces
2022-12-27T01:54:10.0951630Z   creating python_build/lib.macosx-11.0-arm64-cpython-311/grpc/framework/interfaces/face
2022-12-27T01:54:10.0952370Z   copying src/python/grpcio/grpc/framework/interfaces/face/__init__.py -> python_build/lib.macosx-11.0-arm64-cpython-311/grpc/framework/interfaces/face
2022-12-27T01:54:10.0953170Z   copying src/python/grpcio/grpc/framework/interfaces/face/utilities.py -> python_build/lib.macosx-11.0-arm64-cpython-311/grpc/framework/interfaces/face
2022-12-27T01:54:10.0953960Z   copying src/python/grpcio/grpc/framework/interfaces/face/face.py -> python_build/lib.macosx-11.0-arm64-cpython-311/grpc/framework/interfaces/face
2022-12-27T01:54:10.0954580Z   creating python_build/lib.macosx-11.0-arm64-cpython-311/grpc/framework/interfaces/base
2022-12-27T01:54:10.0955300Z   copying src/python/grpcio/grpc/framework/interfaces/base/__init__.py -> python_build/lib.macosx-11.0-arm64-cpython-311/grpc/framework/interfaces/base
2022-12-27T01:54:10.0956100Z   copying src/python/grpcio/grpc/framework/interfaces/base/utilities.py -> python_build/lib.macosx-11.0-arm64-cpython-311/grpc/framework/interfaces/base
2022-12-27T01:54:10.0957230Z   copying src/python/grpcio/grpc/framework/interfaces/base/base.py -> python_build/lib.macosx-11.0-arm64-cpython-311/grpc/framework/interfaces/base
2022-12-27T01:54:10.0957830Z   creating python_build/lib.macosx-11.0-arm64-cpython-311/grpc/_cython/_cygrpc
2022-12-27T01:54:10.0958500Z   copying src/python/grpcio/grpc/_cython/_cygrpc/__init__.py -> python_build/lib.macosx-11.0-arm64-cpython-311/grpc/_cython/_cygrpc
2022-12-27T01:54:10.0959130Z   creating python_build/lib.macosx-11.0-arm64-cpython-311/grpc/_cython/_credentials
2022-12-27T01:54:10.0959820Z   copying src/python/grpcio/grpc/_cython/_credentials/roots.pem -> python_build/lib.macosx-11.0-arm64-cpython-311/grpc/_cython/_credentials
2022-12-27T01:54:10.0971870Z   running build_ext
2022-12-27T01:54:15.8139920Z   b'[C]       Compiling third_party/cares/cares/ares__close_sockets.c\n[C]       Compiling third_party/cares/cares/ares__get_hostent.c\n[C]       Compiling third_party/cares/cares/ares__read_line.c\n[C]       Compiling third_party/cares/cares/ares__timeval.c\n[C]       Compiling third_party/cares/cares/ares_cancel.c\n[C]       Compiling third_party/cares/cares/ares_create_query.c\n[C]       Compiling third_party/cares/cares/ares_data.c\n[C]       Compiling third_party/cares/cares/ares_destroy.c\n[C]       Compiling third_party/cares/cares/ares_expand_name.c\n[C]       Compiling third_party/cares/cares/ares_expand_string.c\n[C]       Compiling third_party/cares/cares/ares_fds.c\n[C]       Compiling third_party/cares/cares/ares_free_hostent.c\n[C]       Compiling third_party/cares/cares/ares_free_string.c\n[C]       Compiling third_party/cares/cares/ares_getenv.c\n[C]       Compiling third_party/cares/cares/ares_gethostbyaddr.c\n[C]       Compiling third_party/cares/cares/ares_gethostbyname.c\n[C]       Compiling third_party/cares/cares/ares_getnameinfo.c\n[C]       Compiling third_party/cares/cares/ares_getopt.c\n[C]       Compiling third_party/cares/cares/ares_getsock.c\n[C]       Compiling third_party/cares/cares/ares_init.c\n[C]       Compiling third_party/cares/cares/ares_library_init.c\n[C]       Compiling third_party/cares/cares/ares_llist.c\n[C]       Compiling third_party/cares/cares/ares_mkquery.c\n[C]       Compiling third_party/cares/cares/ares_nowarn.c\n[C]       Compiling third_party/cares/cares/ares_options.c\n[C]       Compiling third_party/cares/cares/ares_parse_a_reply.c\n[C]       Compiling third_party/cares/cares/ares_parse_aaaa_reply.c\n[C]       Compiling third_party/cares/cares/ares_parse_mx_reply.c\n[C]       Compiling third_party/cares/cares/ares_parse_naptr_reply.c\n[C]       Compiling third_party/cares/cares/ares_parse_ns_reply.c\n[C]       Compiling third_party/cares/cares/ares_parse_ptr_reply.c\n[C]       Compiling third_party/cares/cares/ares_parse_soa_reply.c\n[C]       Compiling third_party/cares/cares/ares_parse_srv_reply.c\n[C]       Compiling third_party/cares/cares/ares_parse_txt_reply.c\n[C]       Compiling third_party/cares/cares/ares_platform.c\n[C]       Compiling third_party/cares/cares/ares_process.c\n[C]       Compiling third_party/cares/cares/ares_query.c\n[C]       Compiling third_party/cares/cares/ares_search.c\n[C]       Compiling third_party/cares/cares/ares_send.c\n[C]       Compiling third_party/cares/cares/ares_strcasecmp.c\n[C]       Compiling third_party/cares/cares/ares_strdup.c\n[C]       Compiling third_party/cares/cares/ares_strerror.c\n[C]       Compiling third_party/cares/cares/ares_timeout.c\n[C]       Compiling third_party/cares/cares/ares_version.c\n[C]       Compiling third_party/cares/cares/ares_writev.c\n[C]       Compiling third_party/cares/cares/bitncmp.c\n[C]       Compiling third_party/cares/cares/inet_net_pton.c\n[C]       Compiling third_party/cares/cares/inet_ntop.c\n[C]       Compiling third_party/cares/cares/windows_port.c\n[C]       Compiling third_party/zlib/adler32.c\n[C]       Compiling third_party/zlib/compress.c\n[C]       Compiling third_party/zlib/crc32.c\n[C]       Compiling third_party/zlib/gzclose.c\n[C]       Compiling third_party/zlib/deflate.c\n[C]       Compiling third_party/zlib/gzlib.c\n[C]       Compiling third_party/zlib/gzwrite.c\n[C]       Compiling third_party/zlib/gzread.c\n[C]       Compiling third_party/zlib/infback.c\n[C]       Compiling third_party/zlib/inffast.c\n[C]       Compiling third_party/zlib/inftrees.c\n[C]       Compiling third_party/zlib/inflate.c\n[C]       Compiling third_party/zlib/trees.c\n[C]       Compiling third_party/zlib/uncompr.c\n[C]       Compiling src/boringssl/err_data.c\n[C]       Compiling third_party/zlib/zutil.c\n[C]       Compiling third_party/boringssl/crypto/aes/aes.c\n[C]       Compiling third_party/boringssl/crypto/aes/mode_wrappers.c\n[C]       Compiling third_party/boringssl/crypto/asn1/a_bitstr.c\n[C]       Compiling third_party/boringssl/crypto/asn1/a_bool.c\n[C]       Compiling third_party/boringssl/crypto/asn1/a_d2i_fp.c\n[C]       Compiling third_party/boringssl/crypto/asn1/a_dup.c\n[C]       Compiling third_party/boringssl/crypto/asn1/a_enum.c\n[C]       Compiling third_party/boringssl/crypto/asn1/a_gentm.c\n[C]       Compiling third_party/boringssl/crypto/asn1/a_i2d_fp.c\n[C]       Compiling third_party/boringssl/crypto/asn1/a_int.c\n[C]       Compiling third_party/boringssl/crypto/asn1/a_object.c\n[C]       Compiling third_party/boringssl/crypto/asn1/a_mbstr.c\n[C]       Compiling third_party/boringssl/crypto/asn1/a_octet.c\n[C]       Compiling third_party/boringssl/crypto/asn1/a_print.c\n[C]       Compiling third_party/boringssl/crypto/asn1/a_strnid.c\n[C]       Compiling third_party/boringssl/crypto/asn1/a_time.c\n'
2022-12-27T01:54:15.8498460Z   b"make: Circular /Users/runner/actions-runner/_work/python.build/python.build/build_grpcio140311/grpcio-1.4.0/libs/opt/libares.a <- /Users/runner/actions-runner/_work/python.build/python.build/build_grpcio140311/grpcio-1.4.0/libs/opt/libz.a dependency dropped.\nIn file included from third_party/boringssl/crypto/aes/mode_wrappers.c:53:\nIn file included from third_party/boringssl/crypto/aes/../modes/internal.h:52:\nthird_party/boringssl/include/openssl/base.h:120:9: error: 'OPENSSL_VERSION_NUMBER' macro redefined [-Werror,-Wmacro-redefined]\n#define OPENSSL_VERSION_NUMBER 0x10002000\n        ^\n/usr/local/opt/openssl@3/include/openssl/opensslv.h:99:10: note: previous definition is here\n# define OPENSSL_VERSION_NUMBER          \\\n         ^\nthird_party/boringssl/crypto/aes/mode_wrappers.c:60:37: error: 'AES_encrypt' is deprecated [-Werror,-Wdeprecated-declarations]\n                        (block128_f)AES_encrypt);\n                                    ^\n/usr/local/opt/openssl@3/include/openssl/aes.h:56:1: note: 'AES_encrypt' has been explicitly marked deprecated here\nOSSL_DEPRECATEDIN_3_0\n^\n/usr/local/opt/openssl@3/include/openssl/macros.h:182:49: note: expanded from macro 'OSSL_DEPRECATEDIN_3_0'\n#   define OSSL_DEPRECATEDIN_3_0                OSSL_DEPRECATED(3.0)\n                                                ^\n/usr/local/opt/openssl@3/include/openssl/macros.h:62:52: note: expanded from macro 'OSSL_DEPRECATED'\n#     define OSSL_DEPRECATED(since) __attribute__((deprecated))\n                                                   ^\nIn file included from third_party/boringssl/crypto/aes/aes.c:54:\nIn file included from third_party/boringssl/include/openssl/cpu.h:64:\nthird_party/boringssl/include/openssl/base.h:120:9: error: 'OPENSSL_VERSION_NUMBER' macro redefined [-Werror,-Wmacro-redefined]\n#define OPENSSL_VERSION_NUMBER 0x10002000\n        ^\n/usr/local/opt/openssl@3/include/openssl/opensslv.h:99:10: note: previous definition is here\n# define OPENSSL_VERSION_NUMBER          \\\n         ^\n2 errors generated.\nthird_party/boringssl/crypto/aes/aes.c:537:5: error: conflicting types for 'AES_set_encrypt_key'\nint AES_set_encrypt_key(const uint8_t *key, unsigned bits, AES_KEY *aeskey) {\n    ^\n/usr/local/opt/openssl@3/include/openssl/aes.h:51:5: note: previous declaration is here\nint AES_set_encrypt_key(const unsigned char *userKey, const int bits,\n    ^\nthird_party/boringssl/crypto/aes/aes.c:632:5: error: conflicting types for 'AES_set_decrypt_key'\nint AES_set_decrypt_key(const uint8_t *key, unsigned bits, AES_KEY *aeskey) {\n    ^\n/usr/local/opt/openssl@3/include/openssl/aes.h:54:5: note: previous declaration is here\nint AES_set_decrypt_key(const unsigned char *userKey, const int bits,\n    ^\nthird_party/boringssl/crypto/aes/aes.c:638:12: error: 'AES_set_encrypt_key' is deprecated [-Werror,-Wdeprecated-declarations]\n  status = AES_set_encrypt_key(key, bits, aeskey);\n           ^\n/usr/local/opt/openssl@3/include/openssl/aes.h:50:1: note: 'AES_set_encrypt_key' has been explicitly marked deprecated here\nOSSL_DEPRECATEDIN_3_0\n^\n/usr/local/opt/openssl@3/include/openssl/macros.h:182:49: note: expanded from macro 'OSSL_DEPRECATEDIN_3_0'\n#   define OSSL_DEPRECATEDIN_3_0                OSSL_DEPRECATED(3.0)\n                                                ^\nIn file included from /usr/local/opt/openssl@3/include/openssl/macros.hsrc/boringssl/err_data.c::6217::\n52: third_party/boringssl/include/openssl/base.h:120:9: errornote: expanded from macro 'OSSL_DEPRECATED'\n#     define OSSL_DEPRECATED(since) __attribute__((deprecated))\n                                                   ^\n: 'OPENSSL_VERSION_NUMBER' macro redefined [-Werror,-Wmacro-redefined]\n#define OPENSSL_VERSION_NUMBER 0x10002000\n        ^\n/usr/local/opt/openssl@3/include/openssl/opensslv.h:99:10: note: previous definition is here\n# define OPENSSL_VERSION_NUMBER          \\\n         ^\nmake: *** [/Users/runner/actions-runner/_work/python.build/python.build/build_grpcio140311/grpcio-1.4.0/objs/opt/third_party/boringssl/crypto/aes/mode_wrappers.o] Error 1\nmake: *** Waiting for unfinished jobs....\nIn file included from src/boringssl/err_data.c:18:\nIn file included from /usr/local/opt/openssl@3/include/openssl/err.h:21:\n/usr/local/opt/openssl@3/include/openssl/e_os2.h:183:11: error: 'OPENSSL_EXPORT' macro redefined [-Werror,-Wmacro-redefined]\n#  define OPENSSL_EXPORT extern\n          ^\nthird_party/boringssl/include/openssl/base.h:155:9: note: previous definition is here\n#define OPENSSL_EXPORT\n        ^\n4 errors generated.\nmake: *** [/Users/runner/actions-runner/_work/python.build/python.build/build_grpcio140311/grpcio-1.4.0/objs/opt/third_party/boringssl/crypto/aes/aes.o] Error 1\nIn file included from src/boringssl/err_data.c:18:\nIn file included from /usr/local/opt/openssl@3/include/openssl/err.h:28:\nIn file included from /usr/local/opt/openssl@3/include/openssl/types.h:21:\n/usr/local/opt/openssl@3/include/openssl/safestack.h:264:15: error: redefinition of typedef 'OPENSSL_BLOCK' is a C11 feature [-Werror,-Wtypedef-redefinition]\ntypedef void *OPENSSL_BLOCK;\n              ^\nthird_party/boringssl/include/openssl/base.h:298:15: note: previous definition is here\ntypedef void *OPENSSL_BLOCK;\n              ^\nIn file included from src/boringssl/err_data.c:18:\nIn file included from /usr/local/opt/openssl@3/include/openssl/err.h:28:\n/usr/local/opt/openssl@3/include/openssl/types.h:45:31: error: redefinition of typedef 'ASN1_INTEGER' is a C11 feature [-Werror,-Wtypedef-redefinition]\ntypedef struct asn1_string_st ASN1_INTEGER;\n                              ^\nthird_party/boringssl/include/openssl/base.h:189:31: note: previous definition is here\ntypedef struct asn1_string_st ASN1_INTEGER;\n                              ^\nIn file included from src/boringssl/err_data.c:18:\nIn file included from /usr/local/opt/openssl@3/include/openssl/err.h:28:\n/usr/local/opt/openssl@3/include/openssl/types.h:46:31: error: redefinition of typedef 'ASN1_ENUMERATED' is a C11 feature [-Werror,-Wtypedef-redefinition]\ntypedef struct asn1_string_st ASN1_ENUMERATED;\n                              ^\nthird_party/boringssl/include/openssl/base.h:185:31: note: previous definition is here\ntypedef struct asn1_string_st ASN1_ENUMERATED;\n                              ^\nIn file included from src/boringssl/err_data.c:18:\nIn file included from /usr/local/opt/openssl@3/include/openssl/err.h:28:\n/usr/local/opt/openssl@3/include/openssl/types.h:47:31: error: redefinition of typedef 'ASN1_BIT_STRING' is a C11 feature [-Werror,-Wtypedef-redefinition]\ntypedef struct asn1_string_st ASN1_BIT_STRING;\n                              ^\nthird_party/boringssl/include/openssl/base.h:183:31: note: previous definition is here\ntypedef struct asn1_string_st ASN1_BIT_STRING;\n                              ^\nIn file included from src/boringssl/err_data.c:18:\nIn file included from /usr/local/opt/openssl@3/include/openssl/err.h:28:\n/usr/local/opt/openssl@3/include/openssl/types.h:48:31: error: redefinition of typedef 'ASN1_OCTET_STRING' is a C11 feature [-Werror,-Wtypedef-redefinition]\ntypedef struct asn1_string_st ASN1_OCTET_STRING;\n                              ^\nthird_party/boringssl/include/openssl/base.h:190:31: note: previous definition is here\ntypedef struct asn1_string_st ASN1_OCTET_STRING;\n                              ^\nIn file included from src/boringssl/err_data.c:18:\nIn file included from /usr/local/opt/openssl@3/include/openssl/err.h:28:\n/usr/local/opt/openssl@3/include/openssl/types.h:49:31: error: redefinition of typedef 'ASN1_PRINTABLESTRING' is a C11 feature [-Werror,-Wtypedef-redefinition]\ntypedef struct asn1_string_st ASN1_PRINTABLESTRING;\n                              ^\nthird_party/boringssl/include/openssl/base.h:191:31: note: previous definition is here\ntypedef struct asn1_string_st ASN1_PRINTABLESTRING;\n                              ^\nIn file included from src/boringssl/err_data.c:18:\nIn file included from /usr/local/opt/openssl@3/include/openssl/err.h:28:\n/usr/local/opt/openssl@3/include/openssl/types.h:50:31: error: redefinition of typedef 'ASN1_T61STRING' is a C11 feature [-Werror,-Wtypedef-redefinition]\ntypedef struct asn1_string_st ASN1_T61STRING;\n                              ^\nthird_party/boringssl/include/openssl/base.h:193:31: note: previous definition is here\ntypedef struct asn1_string_st ASN1_T61STRING;\n                              ^\nIn file included from src/boringssl/err_data.c:18:\nIn file included from /usr/local/opt/openssl@3/include/openssl/err.h:28:\n/usr/local/opt/openssl@3/include/openssl/types.h:51:31: error: redefinition of typedef 'ASN1_IA5STRING' is a C11 feature [-Werror,-Wtypedef-redefinition]\ntypedef struct asn1_string_st ASN1_IA5STRING;\n                              ^\nthird_party/boringssl/include/openssl/base.h:188:31: note: previous definition is here\ntypedef struct asn1_string_st ASN1_IA5STRING;\n                              ^\nIn file included from src/boringssl/err_data.c:18:\nIn file included from /usr/local/opt/openssl@3/include/openssl/err.h:28:\n/usr/local/opt/openssl@3/include/openssl/types.h:52:31: error: redefinition of typedef 'ASN1_GENERALSTRING' is a C11 feature [-Werror,-Wtypedef-redefinition]\ntypedef struct asn1_string_st ASN1_GENERALSTRING;\n                              ^\nthird_party/boringssl/include/openssl/base.h:187:31: note: previous definition is here\ntypedef struct asn1_string_st ASN1_GENERALSTRING;\n                              ^\nIn file included from src/boringssl/err_data.c:18:\nIn file included from /usr/local/opt/openssl@3/include/openssl/err.h:28:\n/usr/local/opt/openssl@3/include/openssl/types.h:53:31: error: redefinition of typedef 'ASN1_UNIVERSALSTRING' is a C11 feature [-Werror,-Wtypedef-redefinition]\ntypedef struct asn1_string_st ASN1_UNIVERSALSTRING;\n                              ^\nthird_party/boringssl/include/openssl/base.h:195:31: note: previous definition is here\ntypedef struct asn1_string_st ASN1_UNIVERSALSTRING;\n                              ^\nIn file included from src/boringssl/err_data.c:18:\nIn file included from /usr/local/opt/openssl@3/include/openssl/err.h:28:\n/usr/local/opt/openssl@3/include/openssl/types.h:54:31: error: redefinition of typedef 'ASN1_BMPSTRING' is a C11 feature [-Werror,-Wtypedef-redefinition]\ntypedef struct asn1_string_st ASN1_BMPSTRING;\n                              ^\nthird_party/boringssl/include/openssl/base.h:184:31: note: previous definition is here\ntypedef struct asn1_string_st ASN1_BMPSTRING;\n                              ^\nIn file included from src/boringssl/err_data.c:18:\nIn file included from /usr/local/opt/openssl@3/include/openssl/err.h:28:\n/usr/local/opt/openssl@3/include/openssl/types.h:55:31: error: redefinition of typedef 'ASN1_UTCTIME' is a C11 feature [-Werror,-Wtypedef-redefinition]\ntypedef struct asn1_string_st ASN1_UTCTIME;\n                              ^\nthird_party/boringssl/include/openssl/base.h:196:31: note: previous definition is here\ntypedef struct asn1_string_st ASN1_UTCTIME;\n                              ^\nIn file included from src/boringssl/err_data.c:18:\nIn file included from /usr/local/opt/openssl@3/include/openssl/err.h:28:\n/usr/local/opt/openssl@3/include/openssl/types.h:56:31: error: redefinition of typedef 'ASN1_TIME' is a C11 feature [-Werror,-Wtypedef-redefinition]\ntypedef struct asn1_string_st ASN1_TIME;\n                              ^\nthird_party/boringssl/include/openssl/base.h:194:31: note: previous definition is here\ntypedef struct asn1_string_st ASN1_TIME;\n                              ^\nIn file included from src/boringssl/err_data.c:18:\nIn file included from /usr/local/opt/openssl@3/include/openssl/err.h:28:\n/usr/local/opt/openssl@3/include/openssl/types.h:57:31: error: redefinition of typedef 'ASN1_GENERALIZEDTIME' is a C11 feature [-Werror,-Wtypedef-redefinition]\ntypedef struct asn1_string_st ASN1_GENERALIZEDTIME;\n                              ^\nthird_party/boringssl/include/openssl/base.h:186:31: note: previous definition is here\ntypedef struct asn1_string_st ASN1_GENERALIZEDTIME;\n                              ^\nIn file included from src/boringssl/err_data.c:18:\nIn file included from /usr/local/opt/openssl@3/include/openssl/err.h:28:\n/usr/local/opt/openssl@3/include/openssl/types.h:58:31: error: redefinition of typedef 'ASN1_VISIBLESTRING' is a C11 feature [-Werror,-Wtypedef-redefinition]\ntypedef struct asn1_string_st ASN1_VISIBLESTRING;\n                              ^\nthird_party/boringssl/include/openssl/base.h:198:31: note: previous definition is here\ntypedef struct asn1_string_st ASN1_VISIBLESTRING;\n                              ^\nIn file included from src/boringssl/err_data.c:18:\nIn file included from /usr/local/opt/openssl@3/include/openssl/err.h:28:\n/usr/local/opt/openssl@3/include/openssl/types.h:59:31: error: redefinition of typedef 'ASN1_UTF8STRING' is a C11 feature [-Werror,-Wtypedef-redefinition]\ntypedef struct asn1_string_st ASN1_UTF8STRING;\n                              ^\nthird_party/boringssl/include/openssl/base.h:197:31: note: previous definition is here\ntypedef struct asn1_string_st ASN1_UTF8STRING;\n                              ^\nIn file included from src/boringssl/err_data.c:18:\nIn file included from /usr/local/opt/openssl@3/include/openssl/err.h:28:\n/usr/local/opt/openssl@3/include/openssl/types.h:60:31: error: redefinition of typedef 'ASN1_STRING' is a C11 feature [-Werror,-Wtypedef-redefinition]\ntypedef struct asn1_string_st ASN1_STRING;\n                              ^\nthird_party/boringssl/include/openssl/base.h:192:31: note: previous definition is here\ntypedef struct asn1_string_st ASN1_STRING;\n                              ^\nfatal error: too many errors emitted, stopping now [-ferror-limit=]\nIn file included from third_party/boringssl/crypto/asn1/a_bitstr.c:62:\nIn file included from third_party/boringssl/include/openssl/mem.h:60:\nthird_party/boringssl/include/openssl/base.h:120:9: error: 'OPENSSL_VERSION_NUMBER' macro redefined [-Werror,-Wmacro-redefined]\n#define OPENSSL_VERSION_NUMBER 0x10002000\n        ^\n/usr/local/opt/openssl@3/include/openssl/opensslv.h:99:10: note: previous definition is here\n# define OPENSSL_VERSION_NUMBER          \\\n         ^\nIn file included from third_party/boringssl/crypto/asn1/a_bitstr.c:62:\nIn file included from third_party/boringssl/include/openssl/mem.h:60:\nthird_party/boringssl/include/openssl/base.h:155:9: error: 'OPENSSL_EXPORT' macro redefined [-Werror,-Wmacro-redefined]\n#define OPENSSL_EXPORT\n        ^\n/usr/local/opt/openssl@3/include/openssl/e_os2.h:183:11: note: previous definition is here\n#  define OPENSSL_EXPORT extern\n          ^\nIn file included from third_party/boringssl/crypto/asn1/a_bitstr.c:62:\nIn file included from third_party/boringssl/include/openssl/mem.h:60:\nthird_party/boringssl/include/openssl/base.h:176:13: error: typedef redefinition with different types ('int' vs 'struct crypto_threadid_st')\ntypedef int CRYPTO_THREADID;\n            ^\n/usr/local/opt/openssl@3/include/openssl/crypto.h:308:3: note: previous definition is here\n} CRYPTO_THREADID;\n  ^\nIn file included from third_party/boringssl/crypto/asn1/a_bitstr.c:62:\nIn file included from third_party/boringssl/include/openssl/mem.h:60:\nthird_party/boringssl/include/openssl/base.h:178:13: error: redefinition of typedef 'ASN1_BOOLEAN' is a C11 feature [-Werror,-Wtypedef-redefinition]\ntypedef int ASN1_BOOLEAN;\n            ^\n/usr/local/opt/openssl@3/include/openssl/types.h:61:13: note: previous definition is here\ntypedef int ASN1_BOOLEAN;\n            ^\nIn file included from third_party/boringssl/crypto/asn1/a_bitstr.c:62:\nIn file included from third_party/boringssl/include/openssl/mem.h:60:\nthird_party/boringssl/include/openssl/base.h:179:13: error: redefinition of typedef 'ASN1_NULL' is a C11 feature [-Werror,-Wtypedef-redefinition]\ntypedef int ASN1_NULL;\n            ^\n/usr/local/opt/openssl@3/include/openssl/types.h:62:13: note: previous definition is here\ntypedef int ASN1_NULL;\n            ^\nIn file included from third_party/boringssl/crypto/asn1/a_bitstr.c:62:\nIn file included from third_party/boringssl/include/openssl/mem.h:60:\nthird_party/boringssl/include/openssl/base.h:180:29: error: redefinition of typedef 'ASN1_ITEM' is a C11 feature [-Werror,-Wtypedef-redefinition]\ntypedef struct ASN1_ITEM_st ASN1_ITEM;\n                            ^\n/usr/local/opt/openssl@3/include/openssl/types.h:69:29: note: previous definition is here\ntypedef struct ASN1_ITEM_st ASN1_ITEM;\n                            ^\nIn file included from third_party/boringssl/crypto/asn1/a_bitstr.c:62:\nIn file included from third_party/boringssl/include/openssl/mem.h:60:\nthird_party/boringssl/include/openssl/base.h:181:31: error: redefinition of typedef 'ASN1_OBJECT' is a C11 feature [-Werror,-Wtypedef-redefinition]\ntypedef struct asn1_object_st ASN1_OBJECT;\n                              ^\n/usr/local/opt/openssl@3/include/openssl/types.h:66:31: note: previous definition is here\ntypedef struct asn1_object_st ASN1_OBJECT;\n                              ^\nIn file included from third_party/boringssl/crypto/asn1/a_bitstr.c:62:\nIn file included from third_party/boringssl/include/openssl/mem.h:60:\nthird_party/boringssl/include/openssl/base.h:182:29: error: redefinition of typedef 'ASN1_PCTX' is a C11 feature [-Werror,-Wtypedef-redefinition]\ntypedef struct asn1_pctx_st ASN1_PCTX;\n                            ^\n/usr/local/opt/openssl@3/include/openssl/types.h:70:29: note: previous definition is here\ntypedef struct asn1_pctx_st ASN1_PCTX;\n                            ^\nIn file included from third_party/boringssl/crypto/asn1/a_bitstr.c:62:\nIn file included from third_party/boringssl/include/openssl/mem.h:60:\nthird_party/boringssl/include/openssl/base.h:183:31: error: redefinition of typedef 'ASN1_BIT_STRING' is a C11 feature [-Werror,-Wtypedef-redefinition]\ntypedef struct asn1_string_st ASN1_BIT_STRING;\n                              ^\n/usr/local/opt/openssl@3/include/openssl/types.h:47:31: note: previous definition is here\ntypedef struct asn1_string_st ASN1_BIT_STRING;\n                              ^\nIn file included from third_party/boringssl/crypto/asn1/a_bitstr.c:62:\nIn file included from third_party/boringssl/include/openssl/mem.h:60:\nthird_party/boringssl/include/openssl/base.h:184:31: error: redefinition of typedef 'ASN1_BMPSTRING' is a C11 feature [-Werror,-Wtypedef-redefinition]\ntypedef struct asn1_string_st ASN1_BMPSTRING;\n                              ^\n/usr/local/opt/openssl@3/include/openssl/types.h:54:31: note: previous definition is here\ntypedef struct asn1_string_st ASN1_BMPSTRING;\n                              ^\nIn file included from third_party/boringssl/crypto/asn1/a_bitstr.c:62:\nIn file included from third_party/boringssl/include/openssl/mem.h:60:\nthird_party/boringssl/include/openssl/base.h:185:31: error: redefinition of typedef 'ASN1_ENUMERATED' is a C11 feature [-Werror,-Wtypedef-redefinition]\ntypedef struct asn1_string_st ASN1_ENUMERATED;\n                              ^\n/usr/local/opt/openssl@3/include/openssl/types.h:46:31: note: previous definition is here\ntypedef struct asn1_string_st ASN1_ENUMERATED;\n                              ^\nIn file included from third_party/boringssl/crypto/asn1/a_bitstr.c:62:\nIn file included from third_party/boringssl/include/openssl/mem.h:60:\nthird_party/boringssl/include/openssl/base.h:186:31: error: redefinition of typedef 'ASN1_GENERALIZEDTIME' is a C11 feature [-Werror,-Wtypedef-redefinition]\ntypedef struct asn1_string_st ASN1_GENERALIZEDTIME;\n                              ^\n/usr/local/opt/openssl@3/include/openssl/types.h:57:31: note: previous definition is here\ntypedef struct asn1_string_st ASN1_GENERALIZEDTIME;\n                              ^\nIn file included from third_party/boringssl/crypto/asn1/a_bitstr.c:62:\nIn file included from third_party/boringssl/include/openssl/mem.h:60:\nthird_party/boringssl/include/openssl/base.h:187:31: error: redefinition of typedef 'ASN1_GENERALSTRING' is a C11 feature [-Werror,-Wtypedef-redefinition]\ntypedef struct asn1_string_st ASN1_GENERALSTRING;\n                              ^\n/usr/local/opt/openssl@3/include/openssl/types.h:52:31: note: previous definition is here\ntypedef struct asn1_string_st ASN1_GENERALSTRING;\n                              ^\nIn file included from third_party/boringssl/crypto/asn1/a_bitstr.c:62:\nIn file included from third_party/boringssl/include/openssl/mem.h:60:\nthird_party/boringssl/include/openssl/base.h:188:31: error: redefinition of typedef 'ASN1_IA5STRING' is a C11 feature [-Werror,-Wtypedef-redefinition]\ntypedef struct asn1_string_st ASN1_IA5STRING;\n                              ^\n/usr/local/opt/openssl@3/include/openssl/types.h:51:31: note: previous definition is here\ntypedef struct asn1_string_st ASN1_IA5STRING;\n                              ^\nIn file included from third_party/boringssl/crypto/asn1/a_bitstr.c:62:\nIn file included from third_party/boringssl/include/openssl/mem.h:60:\nthird_party/boringssl/include/openssl/base.h:189:31: error: redefinition of typedef 'ASN1_INTEGER' is a C11 feature [-Werror,-Wtypedef-redefinition]\ntypedef struct asn1_string_st ASN1_INTEGER;\n                              ^\n/usr/local/opt/openssl@3/include/openssl/types.h:45:31: note: previous definition is here\ntypedef struct asn1_string_st ASN1_INTEGER;\n                              ^\nIn file included from third_party/boringssl/crypto/asn1/a_bitstr.c:62:\nIn file included from third_party/boringssl/include/openssl/mem.h:60:\nthird_party/boringssl/include/openssl/base.h:190:31: error: redefinition of typedef 'ASN1_OCTET_STRING' is a C11 feature [-Werror,-Wtypedef-redefinition]\ntypedef struct asn1_string_st ASN1_OCTET_STRING;\n                              ^\n/usr/local/opt/openssl@3/include/openssl/types.h:48:31: note: previous definition is here\ntypedef struct asn1_string_st ASN1_OCTET_STRING;\n                              ^\nIn file included from third_party/boringssl/crypto/asn1/a_bitstr.c:62:\nIn file included from third_party/boringssl/include/openssl/mem.h:60:\nthird_party/boringssl/include/openssl/base.h:191:31: error: redefinition of typedef 'ASN1_PRINTABLESTRING' is a C11 feature [-Werror,-Wtypedef-redefinition]\ntypedef struct asn1_string_st ASN1_PRINTABLESTRING;\n                              ^\n/usr/local/opt/openssl@3/include/openssl/types.h:49:31: note: previous definition is here\ntypedef struct asn1_string_st ASN1_PRINTABLESTRING;\n                              ^\nIn file included from third_party/boringssl/crypto/asn1/a_bitstr.c:62:\nIn file included from third_party/boringssl/include/openssl/mem.h:60:\nthird_party/boringssl/include/openssl/base.h:192:31: error: redefinition of typedef 'ASN1_STRING' is a C11 feature [-Werror,-Wtypedef-redefinition]\ntypedef struct asn1_string_st ASN1_STRING;\n                              ^\n/usr/local/opt/openssl@3/include/openssl/types.h:60:31: note: previous definition is here\ntypedef struct asn1_string_st ASN1_STRING;\n                              ^\nIn file included from third_party/boringssl/crypto/asn1/a_bitstr.c:62:\nIn file included from third_party/boringssl/include/openssl/mem.h:60:\nthird_party/boringssl/include/openssl/base.h:193:31: error: redefinition of typedef 'ASN1_T61STRING' is a C11 feature [-Werror,-Wtypedef-redefinition]\ntypedef struct asn1_string_st ASN1_T61STRING;\n                              ^\n/usr/local/opt/openssl@3/include/openssl/types.h:50:31: note: previous definition is here\ntypedef struct asn1_string_st ASN1_T61STRING;\n                              ^\nfatal error: too many errors emitted, stopping now [-ferror-limit=]\n20 errors generated.\nIn file included from third_party/boringssl/crypto/asn1/a_d2i_fp.c:61:\nIn file included from third_party/boringssl/include/openssl/buf.h:60:\nthird_party/boringssl/include/openssl/base.h:120:9: error: 'OPENSSL_VERSION_NUMBER' macro redefined [-Werror,-Wmacro-redefined]\n#define OPENSSL_VERSION_NUMBER 0x10002000\n        ^\n/usr/local/opt/openssl@3/include/openssl/opensslv.h:99:10: note: previous definition is here\n# define OPENSSL_VERSION_NUMBER          \\\n         ^\nIn file included from third_party/boringssl/crypto/asn1/a_d2i_fp.c:61:\nIn file included from third_party/boringssl/include/openssl/buf.h:60:\nthird_party/boringssl/include/openssl/base.h:155:9: error: 'OPENSSL_EXPORT' macro redefined [-Werror,-Wmacro-redefined]\n#define OPENSSL_EXPORT\n        ^\n/usr/local/opt/openssl@3/include/openssl/e_os2.h:183:11: note: previous definition is here\n#  define OPENSSL_EXPORT extern\n          ^\nIn file included from third_party/boringssl/crypto/asn1/a_d2i_fp.c:61:\nIn file included from third_party/boringssl/include/openssl/buf.h:60:\nthird_party/boringssl/include/openssl/base.h:176:13: error: typedef redefinition with different types ('int' vs 'struct crypto_threadid_st')\ntypedef int CRYPTO_THREADID;\n            ^\n/usr/local/opt/openssl@3/include/openssl/crypto.h:308:3: note: previous definition is here\n} CRYPTO_THREADID;\n  ^\nIn file included from third_party/boringssl/crypto/asn1/a_d2i_fp.c:61:\nIn file included from third_party/boringssl/include/openssl/buf.h:60:\nthird_party/boringssl/include/openssl/base.h:178:13: error: redefinition of typedef 'ASN1_BOOLEAN' is a C11 feature [-Werror,-Wtypedef-redefinition]\ntypedef int ASN1_BOOLEAN;\n            ^\n/usr/local/opt/openssl@3/include/openssl/types.h:61:13: note: previous definition is here\ntypedef int ASN1_BOOLEAN;\n            ^\nIn file included from third_party/boringssl/crypto/asn1/a_d2i_fp.c:61:\nIn file included from third_party/boringssl/include/openssl/buf.h:60:\nthird_party/boringssl/include/openssl/base.h:179:13: error: redefinition of typedef 'ASN1_NULL' is a C11 feature [-Werror,-Wtypedef-redefinition]\ntypedef int ASN1_NULL;\n            ^\n/usr/local/opt/openssl@3/include/openssl/types.h:62:13: note: previous definition is here\ntypedef int ASN1_NULL;\n            ^\nIn file included from third_party/boringssl/crypto/asn1/a_d2i_fp.c:61:\nIn file included from third_party/boringssl/include/openssl/buf.h:60:\nthird_party/boringssl/include/openssl/base.h:180:29: error: redefinition of typedef 'ASN1_ITEM' is a C11 feature [-Werror,-Wtypedef-redefinition]\ntypedef struct ASN1_ITEM_st ASN1_ITEM;\n                            ^\n/usr/local/opt/openssl@3/include/openssl/types.h:69:29: note: previous definition is here\ntypedef struct ASN1_ITEM_st ASN1_ITEM;\n                            ^\nIn file included from third_party/boringssl/crypto/asn1/a_d2i_fp.c:61:\nIn file included from third_party/boringssl/include/openssl/buf.h:60:\nthird_party/boringssl/include/openssl/base.h:181:31: error: redefinition of typedef 'ASN1_OBJECT' is a C11 feature [-Werror,-Wtypedef-redefinition]\ntypedef struct asn1_object_st ASN1_OBJECT;\n                              ^\n/usr/local/opt/openssl@3/include/openssl/types.h:66:31: note: previous definition is here\ntypedef struct asn1_object_st ASN1_OBJECT;\n                              ^\nIn file included from third_party/boringssl/crypto/asn1/a_d2i_fp.c:61:\nIn file included from third_party/boringssl/include/openssl/buf.h:60:\nthird_party/boringssl/include/openssl/base.h:182:29: error: redefinition of typedef 'ASN1_PCTX' is a C11 feature [-Werror,-Wtypedef-redefinition]\ntypedef struct asn1_pctx_st ASN1_PCTX;\n                            ^\n/usr/local/opt/openssl@3/include/openssl/types.h:70:29: note: previous definition is here\ntypedef struct asn1_pctx_st ASN1_PCTX;\n                            ^\nIn file included from third_party/boringssl/crypto/asn1/a_d2i_fp.c:61:\nIn file included from third_party/boringssl/include/openssl/buf.h:60:\nthird_party/boringssl/include/openssl/base.h:183:31: error: redefinition of typedef 'ASN1_BIT_STRING' is a C11 feature [-Werror,-Wtypedef-redefinition]\ntypedef struct asn1_string_st ASN1_BIT_STRING;\n                              ^\n/usr/local/opt/openssl@3/include/openssl/types.h:47:31: note: previous definition is here\ntypedef struct asn1_string_st ASN1_BIT_STRING;\n                              ^\nIn file included from third_party/boringssl/crypto/asn1/a_d2i_fp.c:61:\nIn file included from third_party/boringssl/include/openssl/buf.h:60:\nthird_party/boringssl/include/openssl/base.h:184:31: error: redefinition of typedef 'ASN1_BMPSTRING' is a C11 feature [-Werror,-Wtypedef-redefinition]\ntypedef struct asn1_string_st ASN1_BMPSTRING;\n                              ^\n/usr/local/opt/openssl@3/include/openssl/types.h:54:31: note: previous definition is here\ntypedef struct asn1_string_st ASN1_BMPSTRING;\n                              ^\nIn file included from third_party/boringssl/crypto/asn1/a_d2i_fp.c:61:\nIn file included from third_party/boringssl/include/openssl/buf.h:60:\nthird_party/boringssl/include/openssl/base.h:185:31: error: redefinition of typedef 'ASN1_ENUMERATED' is a C11 feature [-Werror,-Wtypedef-redefinition]\ntypedef struct asn1_string_st ASN1_ENUMERATED;\n                              ^\n/usr/local/opt/openssl@3/include/openssl/types.h:46:31: note: previous definition is here\ntypedef struct asn1_string_st ASN1_ENUMERATED;\n                              ^\nIn file included from third_party/boringssl/crypto/asn1/a_d2i_fp.c:61:\nIn file included from third_party/boringssl/include/openssl/buf.h:60:\nthird_party/boringssl/include/openssl/base.h:186:31: error: redefinition of typedef 'ASN1_GENERALIZEDTIME' is a C11 feature [-Werror,-Wtypedef-redefinition]\ntypedef struct asn1_string_st ASN1_GENERALIZEDTIME;\n                              ^\n/usr/local/opt/openssl@3/include/openssl/types.h:57:31: note: previous definition is here\ntypedef struct asn1_string_st ASN1_GENERALIZEDTIME;\n                              ^\nIn file included from third_party/boringssl/crypto/asn1/a_d2i_fp.c:61:\nIn file included from third_party/boringssl/include/openssl/buf.h:60:\nthird_party/boringssl/include/openssl/base.h:187:31: error: redefinition of typedef 'ASN1_GENERALSTRING' is a C11 feature [-Werror,-Wtypedef-redefinition]\ntypedef struct asn1_string_st ASN1_GENERALSTRING;\n                              ^\n/usr/local/opt/openssl@3/include/openssl/types.h:52:31: note: previous definition is here\ntypedef struct asn1_string_st ASN1_GENERALSTRING;\n                              ^\nIn file included from third_party/boringssl/crypto/asn1/a_d2i_fp.c:61:\nIn file included from third_party/boringssl/include/openssl/buf.h:60:\nthird_party/boringssl/include/openssl/base.h:188:In file included from 31third_party/boringssl/crypto/asn1/a_int.c:62:\n:In file included from third_party/boringssl/include/openssl/mem.h:60:\n third_party/boringssl/include/openssl/base.h:120error:: 9:redefinition of typedef 'ASN1_IA5STRING' is a C11 feature [-Werror,-Wtypedef-redefinition] \nerror: 'OPENSSL_VERSION_NUMBER' macro redefined [-Werror,-Wmacro-redefined]\ntypedef struct asn1_string_st ASN1_IA5STRING;\n                              ^\n/usr/local/opt/openssl@3/include/openssl/types.h:51:31: note: previous definition is here#define OPENSSL_VERSION_NUMBER 0x10002000\n        ^\n\ntypedef struct asn1_string_st ASN1_IA5STRING;\n/usr/local/opt/openssl@3/include/openssl/opensslv.h:99                              ^\n:In file included from 10third_party/boringssl/crypto/asn1/a_d2i_fp.c:: 61note: previous definition is here:\n\nIn file included from third_party/boringssl/include/openssl/buf.h:60:\nthird_party/boringssl/include/openssl/base.h:189:31: # define OPENSSL_VERSION_NUMBER          \\error\n         ^\n: redefinition of typedef 'ASN1_INTEGER' is a C11 feature [-Werror,-Wtypedef-redefinition]\ntypedef struct asn1_string_st ASN1_INTEGER;In file included from \nthird_party/boringssl/crypto/asn1/a_int.c                              ^:62:\nIn file included from \nthird_party/boringssl/include/openssl/mem.h:/usr/local/opt/openssl@3/include/openssl/types.h60:\nthird_party/boringssl/include/openssl/base.h::15545:9:: error: 'OPENSSL_EXPORT' macro redefined [-Werror,-Wmacro-redefined]\n31: note#define OPENSSL_EXPORT: \n        ^\nprevious definition is here/usr/local/opt/openssl@3/include/openssl/e_os2.h:183\ntypedef struct asn1_string_st ASN1_INTEGER;\n                              ^:\n11: In file included from notethird_party/boringssl/crypto/asn1/a_d2i_fp.c: :previous definition is here61\n:\nIn file included from third_party/boringssl/include/openssl/buf.h#  define OPENSSL_EXPORT extern:\n60          ^:\n\nthird_party/boringssl/include/openssl/base.h:190:31: error: redefinition of typedef 'ASN1_OCTET_STRING' is a C11 feature [-Werror,-Wtypedef-redefinition]\ntypedef struct asn1_string_st ASN1_OCTET_STRING;\n                              ^\n/usr/local/opt/openssl@3/include/openssl/types.h:48:31: note: previous definition is here\ntypedef struct asn1_string_st ASN1_OCTET_STRING;\n                              ^\nIn file included from third_party/boringssl/crypto/asn1/a_d2i_fp.c:61:\nIn file included from third_party/boringssl/include/openssl/buf.h:60:\nthird_party/boringssl/include/openssl/base.h:191:31: error: redefinition of typedef 'ASN1_PRINTABLESTRING' is a C11 feature [-Werror,-Wtypedef-redefinition]\nIn file included from typedef struct asn1_string_st ASN1_PRINTABLESTRING;third_party/boringssl/crypto/asn1/a_int.c\n:                              ^62:\nIn file included from \n/usr/local/opt/openssl@3/include/openssl/types.hthird_party/boringssl/include/openssl/mem.h::60:\nthird_party/boringssl/include/openssl/base.h49::17631:13: :error : typedef redefinition with different types ('int' vs 'struct crypto_threadid_st')\nnote: previous definition is here\ntypedef int CRYPTO_THREADID;\n            ^typedef struct asn1_string_st ASN1_PRINTABLESTRING;\n                              ^\n\nIn file included from third_party/boringssl/crypto/asn1/a_d2i_fp.c:61:\nIn file included from third_party/boringssl/include/openssl/buf.h:60:\nthird_party/boringssl/include/openssl/base.h:192:31: errorIn file included from third_party/boringssl/crypto/asn1/a_i2d_fp.c:/usr/local/opt/openssl@3/include/openssl/crypto.h:308:: 3redefinition of typedef 'ASN1_STRING' is a C11 feature [-Werror,-Wtypedef-redefinition]:\n note: previous definition is heretypedef struct asn1_string_st ASN1_STRING;\n\n                              ^60} CRYPTO_THREADID;:\n\nIn file included from   ^\nIn file included from third_party/boringssl/crypto/asn1/a_bool.cthird_party/boringssl/include/openssl/mem.h::\n60:\nIn file included from third_party/boringssl/include/openssl/base.hthird_party/boringssl/crypto/asn1/a_int.c::6062:\n:\n/usr/local/opt/openssl@3/include/openssl/types.hIn file included from :60120:31In file included from :9third_party/boringssl/include/openssl/mem.h::third_party/boringssl/include/openssl/mem.h60 :\nnote::  error:previous definition is here: \n60'OPENSSL_VERSION_NUMBER' macro redefined [-Werror,-Wmacro-redefined]:\n\nthird_party/boringssl/include/openssl/base.h:third_party/boringssl/include/openssl/base.h:178:13: errortypedef struct asn1_string_st ASN1_STRING;\n                              ^\n: 120redefinition of typedef 'ASN1_BOOLEAN' is a C11 feature [-Werror,-Wtypedef-redefinition]:\n9: error: In file included from 'OPENSSL_VERSION_NUMBER' macro redefined [-Werror,-Wmacro-redefined]third_party/boringssl/crypto/asn1/a_d2i_fp.c\n:61:\nIn file included from third_party/boringssl/include/openssl/buf.h:60:\nthird_party/boringssl/include/openssl/base.h:193typedef int ASN1_BOOLEAN;:\n31            ^:\n error: redefinition of typedef 'ASN1_T61STRING' is a C11 feature [-Werror,-Wtypedef-redefinition]\n/usr/local/opt/openssl@3/include/openssl/types.h:61:13: note: #define OPENSSL_VERSION_NUMBER 0x10002000previous definition is here\n\n        ^\ntypedef struct asn1_string_st ASN1_T61STRING;\n                              ^typedef int ASN1_BOOLEAN;\n/usr/local/opt/openssl@3/include/openssl/opensslv.h            ^:\n99#define OPENSSL_VERSION_NUMBER 0x10002000\n\n        ^\n/usr/local/opt/openssl@3/include/openssl/types.h:In file included from third_party/boringssl/crypto/asn1/a_int.c/usr/local/opt/openssl@3/include/openssl/opensslv.h::62:50:3110:\n99In file included from :: note: previous definition is here third_party/boringssl/include/openssl/mem.hnote:60: :\n:third_party/boringssl/include/openssl/base.h:10179previous definition is here:\n13::  \nnote: errorprevious definition is here: \nredefinition of typedef 'ASN1_NULL' is a C11 feature [-Werror,-Wtypedef-redefinition]\ntypedef struct asn1_string_st ASN1_T61STRING;\n                              ^# define OPENSSL_VERSION_NUMBER          \\\n\n         ^\nfatal error: too many errors emitted, stopping now [-ferror-limit=]# define OPENSSL_VERSION_NUMBER          \\\n         ^\ntypedef int ASN1_NULL;In file included from third_party/boringssl/crypto/asn1/a_i2d_fp.c\n:\n60:\nIn file included from In file included from third_party/boringssl/crypto/asn1/a_bool.c20: error60            ^\n:\nIn file included from sthird_party/boringssl/include/openssl/mem.h: generated/usr/local/opt/openssl@3/include/openssl/types.h:62third_party/boringssl/include/openssl/mem.h::13.\n:60In file included from 60third_party/boringssl/crypto/asn1/a_dup.c:\n:third_party/boringssl/include/openssl/base.h60:155 :9note::  errorprevious definition is here: \n'OPENSSL_EXPORT' macro redefined [-Werror,-Wmacro-redefined]\n:\nIn file included from :\ntypedef int ASN1_NULL;\n#define OPENSSL_EXPORTthird_party/boringssl/include/openssl/mem.h\n:        ^            ^third_party/boringssl/include/openssl/base.h\n:155\n:9: /usr/local/opt/openssl@3/include/openssl/e_os2.herror60In file included from third_party/boringssl/crypto/asn1/a_int.c:62:\nIn file included from third_party/boringssl/include/openssl/mem.h:\n:: :'OPENSSL_EXPORT' macro redefined [-Werror,-Wmacro-redefined]\n60third_party/boringssl/include/openssl/base.hmake: 183::11120::\n:9#define OPENSSL_EXPORT:*** [/Users/runner/actions-runner/_work/python.build/python.build/build_grpcio140311/grpcio-1.4.0/objs/opt/third_party/boringssl/crypto/asn1/a_bitstr.o] Error 1 errorthird_party/boringssl/include/openssl/base.h: : \n\n180        ^:'OPENSSL_VERSION_NUMBER' macro redefined [-Werror,-Wmacro-redefined]29:\n errornote: previous definition is here\n\n: redefinition of typedef 'ASN1_ITEM' is a C11 feature [-Werror,-Wtypedef-redefinition]/usr/local/opt/openssl@3/include/openssl/e_os2.h\n:183:11:#  define OPENSSL_EXPORT extern \nnote          ^: \nprevious definition is here#define OPENSSL_VERSION_NUMBER 0x10002000\n\n        ^\ntypedef struct ASN1_ITEM_st ASN1_ITEM;\n#  define OPENSSL_EXPORT extern                            ^/usr/local/opt/openssl@3/include/openssl/opensslv.h\n:99/usr/local/opt/openssl@3/include/openssl/types.h:69::\n10          ^29\n: :note : note: previous definition is here\nprevious definition is here\ntypedef struct ASN1_ITEM_st ASN1_ITEM;\n                            ^\n# define OPENSSL_VERSION_NUMBER          \\\n         ^\nIn file included from third_party/boringssl/crypto/asn1/a_int.c:62:\nIn file included from In file included from In file included from third_party/boringssl/crypto/asn1/a_dup.c:60third_party/boringssl/include/openssl/mem.h:60:\nthird_party/boringssl/crypto/asn1/a_i2d_fp.c:\nIn file included from :third_party/boringssl/include/openssl/base.h:60:\n181In file included from third_party/boringssl/include/openssl/mem.hthird_party/boringssl/include/openssl/mem.h:::6060In file included from 31: :\nerror:\nthird_party/boringssl/crypto/asn1/a_bool.cthird_party/boringssl/include/openssl/base.h: :176:third_party/boringssl/include/openssl/base.h::60redefinition of typedef 'ASN1_OBJECT' is a C11 feature [-Werror,-Wtypedef-redefinition]\n13155::\n:9 :error : errortypedef redefinition with different types ('int' vs 'struct crypto_threadid_st')\ntypedef struct asn1_object_st ASN1_OBJECT;\n                              ^In file included from third_party/boringssl/include/openssl/mem.h: :\n60:\nthird_party/boringssl/include/openssl/base.htypedef int CRYPTO_THREADID;/usr/local/opt/openssl@3/include/openssl/types.h:\n'OPENSSL_EXPORT' macro redefined [-Werror,-Wmacro-redefined]            ^\n176::66\n13::31 :error#define OPENSSL_EXPORT : \nnotetypedef redefinition with different types ('int' vs 'struct crypto_threadid_st'): \nprevious definition is here        ^\n\n/usr/local/opt/openssl@3/include/openssl/e_os2.h:183:11/usr/local/opt/openssl@3/include/openssl/crypto.h::typedef struct asn1_object_st ASN1_OBJECT;308\n:                              ^3 :typedef int CRYPTO_THREADID; notenote\n: \nprevious definition is here: \n            ^In file included from \nthird_party/boringssl/crypto/asn1/a_int.c} CRYPTO_THREADID;\n  ^\n:previous definition is here62:\n\nIn file included from third_party/boringssl/include/openssl/mem.h:60:\nthird_party/boringssl/include/openssl/base.h:/usr/local/opt/openssl@3/include/openssl/crypto.h#  define OPENSSL_EXPORT extern:In file included from 182third_party/boringssl/crypto/asn1/a_i2d_fp.c308:3:::29:60\n          ^ \nnote:  :\nprevious definition is hereerror\n: In file included from redefinition of typedef 'ASN1_PCTX' is a C11 feature [-Werror,-Wtypedef-redefinition]\n} CRYPTO_THREADID;\n  ^third_party/boringssl/include/openssl/mem.h\n:60:\nthird_party/boringssl/include/openssl/base.h:178:13typedef struct asn1_pctx_st ASN1_PCTX;:\n                             ^error\nIn file included from : /usr/local/opt/openssl@3/include/openssl/types.h:redefinition of typedef 'ASN1_BOOLEAN' is a C11 feature [-Werror,-Wtypedef-redefinition]70\n:29:typedef int ASN1_BOOLEAN;\n            ^\n third_party/boringssl/crypto/asn1/a_bool.c:60note:\n: In file included from third_party/boringssl/include/openssl/mem.hprevious definition is here\n:/usr/local/opt/openssl@3/include/openssl/types.hIn file included from third_party/boringssl/crypto/asn1/a_dup.c::606061:\n:13:\ntypedef struct asn1_pctx_st ASN1_PCTX;\n                            ^: note: \nprevious definition is herethird_party/boringssl/include/openssl/base.h\n:178:13:typedef int ASN1_BOOLEAN;In file included from  \nIn file included from error: third_party/boringssl/include/openssl/mem.h:third_party/boringssl/crypto/asn1/a_int.c            ^:\n6260:\nredefinition of typedef 'ASN1_BOOLEAN' is a C11 feature [-Werror,-Wtypedef-redefinition]In file included from \nthird_party/boringssl/include/openssl/mem.h:\n:third_party/boringssl/include/openssl/base.h:176In file included from :third_party/boringssl/crypto/asn1/a_i2d_fp.c60::\n60:\n13third_party/boringssl/include/openssl/base.h:typedef int ASN1_BOOLEAN;183\n::31 In file included from             ^\nerror: typedef redefinition with different types ('int' vs 'struct crypto_threadid_st')\n: third_party/boringssl/include/openssl/mem.h/usr/local/opt/openssl@3/include/openssl/types.h::6160::\n13third_party/boringssl/include/openssl/base.h:: typedef int CRYPTO_THREADID;179:13error: : error\nredefinition of typedef 'ASN1_BIT_STRING' is a C11 feature [-Werror,-Wtypedef-redefinition]note: : redefinition of typedef 'ASN1_NULL' is a C11 feature [-Werror,-Wtypedef-redefinition]\nprevious definition is here            ^\n\n\ntypedef struct asn1_string_st ASN1_BIT_STRING;\ntypedef int ASN1_NULL;typedef int ASN1_BOOLEAN;\n                              ^            ^\n\n\n            ^\n/usr/local/opt/openssl@3/include/openssl/types.h/usr/local/opt/openssl@3/include/openssl/types.h:47In file included from third_party/boringssl/crypto/asn1/a_bool.c::60/usr/local/opt/openssl@3/include/openssl/crypto.h::\n31:: 62:13In file included from : notethird_party/boringssl/include/openssl/mem.h308note: : :previous definition is here:\nprevious definition is here603: notetypedef struct asn1_string_st ASN1_BIT_STRING;\n                              ^\n\n:\nthird_party/boringssl/include/openssl/base.h:179:: 13previous definition is here\nIn file included from third_party/boringssl/crypto/asn1/a_int.c:62: typedef int ASN1_NULL;error\n:             ^\nredefinition of typedef 'ASN1_NULL' is a C11 feature [-Werror,-Wtypedef-redefinition]\n} CRYPTO_THREADID;\n  ^:\nIn file included from third_party/boringssl/include/openssl/mem.h\n:typedef int ASN1_NULL;\n            ^60\n:\nthird_party/boringssl/include/openssl/base.h/usr/local/opt/openssl@3/include/openssl/types.hIn file included from :third_party/boringssl/crypto/asn1/a_i2d_fp.c62:60In file included from :\n:13:In file included from : third_party/boringssl/crypto/asn1/a_dup.c:60:\nthird_party/boringssl/include/openssl/mem.hIn file included from :18460notethird_party/boringssl/include/openssl/mem.h:::\n60: :\n31: errorthird_party/boringssl/include/openssl/base.h: third_party/boringssl/include/openssl/base.hprevious definition is here:\nredefinition of typedef 'ASN1_BMPSTRING' is a C11 feature [-Werror,-Wtypedef-redefinition]178\ntypedef int ASN1_NULL;:\n180            ^:typedef struct asn1_string_st ASN1_BMPSTRING;29:\n13:\n error                              ^:In file included from  \nerrorthird_party/boringssl/crypto/asn1/a_bool.c/usr/local/opt/openssl@3/include/openssl/types.h: :redefinition of typedef 'ASN1_BOOLEAN' is a C11 feature [-Werror,-Wtypedef-redefinition]\n:: 60redefinition of typedef 'ASN1_ITEM' is a C11 feature [-Werror,-Wtypedef-redefinition]typedef int ASN1_BOOLEAN;\n:\n54:31\n: note: previous definition is here            ^\n\ntypedef struct ASN1_ITEM_st ASN1_ITEM;In file included from \n                            ^\nthird_party/boringssl/include/openssl/mem.h/usr/local/opt/openssl@3/include/openssl/types.htypedef struct asn1_string_st ASN1_BMPSTRING;:\n/usr/local/opt/openssl@3/include/openssl/types.h                              ^:\n:6160:\n:third_party/boringssl/include/openssl/base.h69In file included from 13third_party/boringssl/crypto/asn1/a_int.c:::29::180 : 62note:\n29: :note previous definition is hereIn file included from \n: third_party/boringssl/include/openssl/mem.herror:typedef int ASN1_BOOLEAN;\nprevious definition is here            ^\n\n: 60redefinition of typedef 'ASN1_ITEM' is a C11 feature [-Werror,-Wtypedef-redefinition]:\nIn file included from typedef struct ASN1_ITEM_st ASN1_ITEM;\nthird_party/boringssl/crypto/asn1/a_dup.c:typedef struct ASN1_ITEM_st ASN1_ITEM;\n                            ^\nthird_party/boringssl/include/openssl/base.h\n:60185::\n31In file included from :third_party/boringssl/include/openssl/mem.h                            ^\n /usr/local/opt/openssl@3/include/openssl/types.h:error60: :\nredefinition of typedef 'ASN1_ENUMERATED' is a C11 feature [-Werror,-Wtypedef-redefinition]:third_party/boringssl/include/openssl/base.h:69:179\n:13:29In file included from third_party/boringssl/crypto/asn1/a_i2d_fp.c :error : noteredefinition of typedef 'ASN1_NULL' is a C11 feature [-Werror,-Wtypedef-redefinition]:\n60:\n: typedef int ASN1_NULL;\n            ^previous definition is hereIn file included from \nthird_party/boringssl/include/openssl/mem.htypedef struct asn1_string_st ASN1_ENUMERATED;\n\n                              ^\n/usr/local/opt/openssl@3/include/openssl/types.h::/usr/local/opt/openssl@3/include/openssl/types.h60::\nthird_party/boringssl/include/openssl/base.h:181typedef struct ASN1_ITEM_st ASN1_ITEM;\n62                            ^\n46:::3131:13:In file included from  :  errornote: : previous definition is herethird_party/boringssl/crypto/asn1/a_bool.cnote:\n60:\nIn file included from redefinition of typedef 'ASN1_OBJECT' is a C11 feature [-Werror,-Wtypedef-redefinition]\n: third_party/boringssl/include/openssl/mem.h:60typedef struct asn1_string_st ASN1_ENUMERATED;:\n\nthird_party/boringssl/include/openssl/base.h                              ^\ntypedef struct asn1_object_st ASN1_OBJECT;\n                              ^\n:previous definition is here181:/usr/local/opt/openssl@3/include/openssl/types.h:66\n31:typedef int ASN1_NULL;:31: In file included from note\nthird_party/boringssl/crypto/asn1/a_int.c            ^: 62error: redefinition of typedef 'ASN1_OBJECT' is a C11 feature [-Werror,-Wtypedef-redefinition]\n: \nprevious definition is here:\n\nIn file included from third_party/boringssl/include/openssl/mem.h:typedef struct asn1_object_st ASN1_OBJECT;typedef struct asn1_object_st ASN1_OBJECT;\n\n                              ^60\n:\n/usr/local/opt/openssl@3/include/openssl/types.hthird_party/boringssl/include/openssl/base.h:                              ^\n:186In file included from :third_party/boringssl/crypto/asn1/a_dup.c31::66In file included from third_party/boringssl/crypto/asn1/a_i2d_fp.c: error: redefinition of typedef 'ASN1_GENERALIZEDTIME' is a C11 feature [-Werror,-Wtypedef-redefinition]\n60::\n31In file included from 60third_party/boringssl/include/openssl/mem.h:60:\nIn file included from ::\n third_party/boringssl/include/openssl/base.hthird_party/boringssl/include/openssl/mem.h:182:note: :previous definition is here\n60typedef struct asn1_string_st ASN1_GENERALIZEDTIME;\n                              ^29typedef struct asn1_object_st ASN1_OBJECT;:\n: third_party/boringssl/include/openssl/base.h\n:180error                              ^: \nredefinition of typedef 'ASN1_PCTX' is a C11 feature [-Werror,-Wtypedef-redefinition]\n:\n29: error: /usr/local/opt/openssl@3/include/openssl/types.hredefinition of typedef 'ASN1_ITEM' is a C11 feature [-Werror,-Wtypedef-redefinition]\ntypedef struct asn1_pctx_st ASN1_PCTX;\n                            ^\n:In file included from /usr/local/opt/openssl@3/include/openssl/types.hthird_party/boringssl/crypto/asn1/a_bool.ctypedef struct ASN1_ITEM_st ASN1_ITEM;57::3170::29:  note: noteprevious definition is here:\n60                            ^:\n\n: \nprevious definition is here/usr/local/opt/openssl@3/include/openssl/types.hIn file included from third_party/boringssl/include/openssl/mem.h\n:69:29:: note60: previous definition is here\ntypedef struct asn1_string_st ASN1_GENERALIZEDTIME;:\ntypedef struct asn1_pctx_st ASN1_PCTX;typedef struct ASN1_ITEM_st ASN1_ITEM;\n\n                            ^\n\n                            ^\n                              ^\nthird_party/boringssl/include/openssl/base.h:182:29: error: redefinition of typedef 'ASN1_PCTX' is a C11 feature [-Werror,-Wtypedef-redefinition]\nIn file included from In file included from third_party/boringssl/crypto/asn1/a_i2d_fp.ctypedef struct asn1_pctx_st ASN1_PCTX;:In file included from 60third_party/boringssl/crypto/asn1/a_dup.c\nthird_party/boringssl/crypto/asn1/a_int.c:                            ^62\n:\n:In file included from :\nthird_party/boringssl/include/openssl/mem.h60:\n:In file included from 60third_party/boringssl/include/openssl/mem.hIn file included from :60third_party/boringssl/include/openssl/mem.h:\n/usr/local/opt/openssl@3/include/openssl/types.hthird_party/boringssl/include/openssl/base.h::70:6029:\n:: 181note:: 31previous definition is here:\n third_party/boringssl/include/openssl/base.herror:: 187:31typedef struct asn1_pctx_st ASN1_PCTX;redefinition of typedef 'ASN1_OBJECT' is a C11 feature [-Werror,-Wtypedef-redefinition]:\n\nthird_party/boringssl/include/openssl/base.h\n:183: typedef struct asn1_object_st ASN1_OBJECT;error:: 31                            ^:\n error\nredefinition of typedef 'ASN1_GENERALSTRING' is a C11 feature [-Werror,-Wtypedef-redefinition]                              ^\n\n: /usr/local/opt/openssl@3/include/openssl/types.hredefinition of typedef 'ASN1_BIT_STRING' is a C11 feature [-Werror,-Wtypedef-redefinition]:\ntypedef struct asn1_string_st ASN1_GENERALSTRING;\n                              ^In file included from third_party/boringssl/crypto/asn1/a_bool.ctypedef struct asn1_string_st ASN1_BIT_STRING;:\n6066                              ^\n:\n\n/usr/local/opt/openssl@3/include/openssl/types.h::47In file included from 31/usr/local/opt/openssl@3/include/openssl/types.h:31: note: previous definition is here\nthird_party/boringssl/include/openssl/mem.h:::typedef struct asn1_string_st ASN1_BIT_STRING; \nnote                              ^: \n52:previous definition is here60\n:\nIn file included from typedef struct asn1_object_st ASN1_OBJECT;third_party/boringssl/crypto/asn1/a_i2d_fp.c:third_party/boringssl/include/openssl/base.h\n:31                              ^60\n183:\n:In file included from  noteIn file included from :third_party/boringssl/include/openssl/mem.h:: third_party/boringssl/crypto/asn1/a_dup.cprevious definition is here6031::\n third_party/boringssl/include/openssl/base.herror\n: :redefinition of typedef 'ASN1_BIT_STRING' is a C11 feature [-Werror,-Wtypedef-redefinition]\n:60:\n184In file included from :third_party/boringssl/include/openssl/mem.h:60:\nthird_party/boringssl/include/openssl/base.h:31182::29 : error: redefinition of typedef 'ASN1_PCTX' is a C11 feature [-Werror,-Wtypedef-redefinition]\ntypedef struct asn1_string_st ASN1_GENERALSTRING;error\ntypedef struct asn1_pctx_st ASN1_PCTX;                              ^\n\ntypedef struct asn1_string_st ASN1_BIT_STRING;                            ^\n: In file included from redefinition of typedef 'ASN1_BMPSTRING' is a C11 feature [-Werror,-Wtypedef-redefinition]                              ^\n\n\nthird_party/boringssl/crypto/asn1/a_int.c/usr/local/opt/openssl@3/include/openssl/types.h::/usr/local/opt/openssl@3/include/openssl/types.h47::6231:\n: notetypedef struct asn1_string_st ASN1_BMPSTRING;: previous definition is here\n70In file included from :29third_party/boringssl/include/openssl/mem.h                              ^:: 60\n:\nthird_party/boringssl/include/openssl/base.hnote:: 188previous definition is here:\n31: error: typedef struct asn1_pctx_st ASN1_PCTX;\n\n                            ^redefinition of typedef 'ASN1_IA5STRING' is a C11 feature [-Werror,-Wtypedef-redefinition]\n\ntypedef struct asn1_string_st ASN1_IA5STRING;typedef struct asn1_string_st ASN1_BIT_STRING;\n/usr/local/opt/openssl@3/include/openssl/types.hIn file included from :54third_party/boringssl/crypto/asn1/a_dup.c:60:\n:In file included from                               ^third_party/boringssl/include/openssl/mem.h31:: \n\n                              ^60\n:\nthird_party/boringssl/include/openssl/base.h/usr/local/opt/openssl@3/include/openssl/types.h:51:31: :183:note31: previous definition is hereIn file included from \n: noteerror: redefinition of typedef 'ASN1_BIT_STRING' is a C11 feature [-Werror,-Wtypedef-redefinition]\ntypedef struct asn1_string_st ASN1_BIT_STRING;\n                              ^: third_party/boringssl/crypto/asn1/a_bool.c:60previous definition is here\ntypedef struct asn1_string_st ASN1_IA5STRING;\n                              ^\n\n:\n/usr/local/opt/openssl@3/include/openssl/types.h:In file included from 4720third_party/boringssl/include/openssl/mem.h: errortypedef struct asn1_string_st ASN1_BMPSTRING;s\n generated:31:60.\n:\n                              ^third_party/boringssl/include/openssl/base.h\n note: In file included from :third_party/boringssl/crypto/asn1/a_int.cprevious definition is here:\n62In file included from :\nthird_party/boringssl/crypto/asn1/a_i2d_fp.cIn file included from 184:third_party/boringssl/include/openssl/mem.h60::\nIn file included from third_party/boringssl/include/openssl/mem.htypedef struct asn1_string_st ASN1_BIT_STRING;\n:                              ^\n60::\n31: 60third_party/boringssl/include/openssl/base.h:\n:third_party/boringssl/include/openssl/base.herror189:In file included from 31:third_party/boringssl/crypto/asn1/a_dup.c : redefinition of typedef 'ASN1_BMPSTRING' is a C11 feature [-Werror,-Wtypedef-redefinition]:error60::\nIn file included from third_party/boringssl/include/openssl/mem.h185::6031:\n:third_party/boringssl/include/openssl/base.h :error184:31: : error\nredefinition of typedef 'ASN1_INTEGER' is a C11 feature [-Werror,-Wtypedef-redefinition]\n: : redefinition of typedef 'ASN1_ENUMERATED' is a C11 feature [-Werror,-Wtypedef-redefinition]\nredefinition of typedef 'ASN1_BMPSTRING' is a C11 feature [-Werror,-Wtypedef-redefinition]\ntypedef struct asn1_string_st ASN1_BMPSTRING;\n                              ^\n/usr/local/opt/openssl@3/include/openssl/types.h:typedef struct asn1_string_st ASN1_BMPSTRING;\n                              ^\n54typedef struct asn1_string_st ASN1_ENUMERATED;\n                              ^\ntypedef struct asn1_string_st ASN1_INTEGER;\n/usr/local/opt/openssl@3/include/openssl/types.h                              ^/usr/local/opt/openssl@3/include/openssl/types.h:54::46:31: note31:: \n: 31:previous definition is here notenote: previous definition is here\n/usr/local/opt/openssl@3/include/openssl/types.h\n:45: :31previous definition is here:\n note: typedef struct asn1_string_st ASN1_BMPSTRING;typedef struct asn1_string_st ASN1_BMPSTRING;\n                              ^\nprevious definition is here\n\n                              ^typedef struct asn1_string_st ASN1_ENUMERATED;\n\n                              ^\ntypedef struct asn1_string_st ASN1_INTEGER;\n                              ^\nIn file included from third_party/boringssl/crypto/asn1/a_dup.c:In file included from 60In file included from third_party/boringssl/crypto/asn1/a_int.cthird_party/boringssl/crypto/asn1/a_i2d_fp.c::60:\n:\nIn file included from In file included from third_party/boringssl/crypto/asn1/a_bool.cIn file included from 62:\nthird_party/boringssl/include/openssl/mem.h::third_party/boringssl/include/openssl/mem.h:In file included from 60third_party/boringssl/include/openssl/mem.h60:\n:\nIn file included from third_party/boringssl/include/openssl/base.h60::\nthird_party/boringssl/include/openssl/mem.h:60186:\n::third_party/boringssl/include/openssl/base.h31third_party/boringssl/include/openssl/base.h::185185:31: error60: :\nredefinition of typedef 'ASN1_ENUMERATED' is a C11 feature [-Werror,-Wtypedef-redefinition]:\n error: third_party/boringssl/include/openssl/base.hredefinition of typedef 'ASN1_GENERALIZEDTIME' is a C11 feature [-Werror,-Wtypedef-redefinition]\n::typedef struct asn1_string_st ASN1_ENUMERATED;31190\n:typedef struct asn1_string_st ASN1_GENERALIZEDTIME;\n                              ^\n:                              ^/usr/local/opt/openssl@3/include/openssl/types.h31 error: \n::/usr/local/opt/openssl@3/include/openssl/types.h:46:redefinition of typedef 'ASN1_ENUMERATED' is a C11 feature [-Werror,-Wtypedef-redefinition]\n57:3131:: notetypedef struct asn1_string_st ASN1_ENUMERATED;: \nprevious definition is here                              ^\n\n/usr/local/opt/openssl@3/include/openssl/types.h: 46: 31:typedef struct asn1_string_st ASN1_GENERALIZEDTIME; note: errorprevious definition is herenote\n: \n                              ^: \nprevious definition is hereredefinition of typedef 'ASN1_OCTET_STRING' is a C11 feature [-Werror,-Wtypedef-redefinition]typedef struct asn1_string_st ASN1_ENUMERATED;\n\n                              ^\n\ntypedef struct asn1_string_st ASN1_OCTET_STRING;In file included from \nthird_party/boringssl/crypto/asn1/a_i2d_fp.c:60:\ntypedef struct asn1_string_st ASN1_ENUMERATED;In file included from \nthird_party/boringssl/include/openssl/mem.h                              ^\n:/usr/local/opt/openssl@3/include/openssl/types.h:4860:\nthird_party/boringssl/include/openssl/base.h::                              ^31:\n187:make: 31 :*** [/Users/runner/actions-runner/_work/python.build/python.build/build_grpcio140311/grpcio-1.4.0/objs/opt/src/boringssl/err_data.o] Error 1note\n: previous definition is here \nerrorIn file included from : third_party/boringssl/crypto/asn1/a_bool.c:60:\nIn file included from typedef struct asn1_string_st ASN1_OCTET_STRING;third_party/boringssl/include/openssl/mem.hredefinition of typedef 'ASN1_GENERALSTRING' is a C11 feature [-Werror,-Wtypedef-redefinition]:60:\nthird_party/boringssl/include/openssl/base.h:186\nIn file included from                               ^\nthird_party/boringssl/crypto/asn1/a_dup.c:60:\n:31: In file included from In file included from \nthird_party/boringssl/include/openssl/mem.herrorthird_party/boringssl/crypto/asn1/a_int.c: typedef struct asn1_string_st ASN1_GENERALSTRING;:\nredefinition of typedef 'ASN1_GENERALIZEDTIME' is a C11 feature [-Werror,-Wtypedef-redefinition]\n:60:\nthird_party/boringssl/include/openssl/base.h:186                              ^62\n:\nIn file included from :third_party/boringssl/include/openssl/mem.h/usr/local/opt/openssl@3/include/openssl/types.h31:typedef struct asn1_string_st ASN1_GENERALIZEDTIME;52::3160:\n                              ^\n::\n error/usr/local/opt/openssl@3/include/openssl/types.h: :redefinition of typedef 'ASN1_GENERALIZEDTIME' is a C11 feature [-Werror,-Wtypedef-redefinition]third_party/boringssl/include/openssl/base.h\n 57:31:: note: noteprevious definition is here: \n191:31typedef struct asn1_string_st ASN1_GENERALIZEDTIME;\nprevious definition is here                              ^typedef struct asn1_string_st ASN1_GENERALIZEDTIME;\n: \n/usr/local/opt/openssl@3/include/openssl/types.h\n                              ^error\n: redefinition of typedef 'ASN1_PRINTABLESTRING' is a C11 feature [-Werror,-Wtypedef-redefinition]\ntypedef struct asn1_string_st ASN1_GENERALSTRING;\n                              ^\n:57:In file included from 31: typedef struct asn1_string_st ASN1_PRINTABLESTRING;note\n:                               ^previous definition is here\n\nIn file included from third_party/boringssl/crypto/asn1/a_i2d_fp.cthird_party/boringssl/crypto/asn1/a_bool.c/usr/local/opt/openssl@3/include/openssl/types.h::6049:\nIn file included from third_party/boringssl/include/openssl/mem.h::60:\n31third_party/boringssl/include/openssl/base.h::187:: 3160:\n:In file included from  error: noteredefinition of typedef 'ASN1_GENERALSTRING' is a C11 feature [-Werror,-Wtypedef-redefinition]\n: previous definition is herethird_party/boringssl/include/openssl/mem.htypedef struct asn1_string_st ASN1_GENERALSTRING;\ntypedef struct asn1_string_st ASN1_GENERALIZEDTIME;\n                              ^:\n\n60:\nthird_party/boringssl/include/openssl/base.h:                              ^188\n:31: In file included from errorthird_party/boringssl/crypto/asn1/a_dup.c:/usr/local/opt/openssl@3/include/openssl/types.h60::\n52In file included from : typedef struct asn1_string_st ASN1_PRINTABLESTRING;redefinition of typedef 'ASN1_IA5STRING' is a C11 feature [-Werror,-Wtypedef-redefinition]\n                              ^\n\n:third_party/boringssl/include/openssl/mem.h31:60:\n:third_party/boringssl/include/openssl/base.h note: :typedef struct asn1_string_st ASN1_IA5STRING;187In file included from :\n                              ^\nprevious definition is herethird_party/boringssl/crypto/asn1/a_int.c/usr/local/opt/openssl@3/include/openssl/types.h\n:5131: error: :redefinition of typedef 'ASN1_GENERALSTRING' is a C11 feature [-Werror,-Wtypedef-redefinition]31\n: :62note: typedef struct asn1_string_st ASN1_GENERALSTRING;:\nIn file included from typedef struct asn1_string_st ASN1_GENERALSTRING;previous definition is here\n\n                              ^\n\n                              ^\nthird_party/boringssl/include/openssl/mem.h:/usr/local/opt/openssl@3/include/openssl/types.h60In file included from :\nthird_party/boringssl/crypto/asn1/a_bool.cthird_party/boringssl/include/openssl/base.h::60192:31: error: redefinition of typedef 'ASN1_STRING' is a C11 feature [-Werror,-Wtypedef-redefinition]\n:\n:In file included from 52third_party/boringssl/include/openssl/mem.h::31: note: typedef struct asn1_string_st ASN1_STRING;previous definition is here\n\ntypedef struct asn1_string_st ASN1_IA5STRING;\n                              ^\ntypedef struct asn1_string_st ASN1_GENERALSTRING;\n                              ^\n60:\n                              ^third_party/boringssl/include/openssl/base.hIn file included from \nthird_party/boringssl/crypto/asn1/a_dup.c:60:\nIn file included from third_party/boringssl/include/openssl/mem.hIn file included from :third_party/boringssl/crypto/asn1/a_i2d_fp.c60/usr/local/opt/openssl@3/include/openssl/types.h::60::\nthird_party/boringssl/include/openssl/base.h60:\n:In file included from 31:188::18831::31 :error : errorthird_party/boringssl/include/openssl/mem.h:60:\nthird_party/boringssl/include/openssl/base.h: redefinition of typedef 'ASN1_IA5STRING' is a C11 feature [-Werror,-Wtypedef-redefinition]: noteredefinition of typedef 'ASN1_IA5STRING' is a C11 feature [-Werror,-Wtypedef-redefinition]: \n\nprevious definition is here\n189:31:typedef struct asn1_string_st ASN1_STRING;typedef struct asn1_string_st ASN1_IA5STRING;\n                              ^\n\n                              ^\n error: /usr/local/opt/openssl@3/include/openssl/types.hredefinition of typedef 'ASN1_INTEGER' is a C11 feature [-Werror,-Wtypedef-redefinition]:\n51:31: notetypedef struct asn1_string_st ASN1_IA5STRING;: \nprevious definition is here                              ^\n\nIn file included from typedef struct asn1_string_st ASN1_INTEGER;third_party/boringssl/crypto/asn1/a_int.c/usr/local/opt/openssl@3/include/openssl/types.h\n:62:\n:In file included from third_party/boringssl/include/openssl/mem.h:60:\nthird_party/boringssl/include/openssl/base.h:                              ^51\n:31: note: /usr/local/opt/openssl@3/include/openssl/types.hprevious definition is heretypedef struct asn1_string_st ASN1_IA5STRING;193\n::                              ^3145::\n\n error: redefinition of typedef 'ASN1_T61STRING' is a C11 feature [-Werror,-Wtypedef-redefinition]\n31: In file included from typedef struct asn1_string_st ASN1_IA5STRING;third_party/boringssl/crypto/asn1/a_dup.c\n:note60: typedef struct asn1_string_st ASN1_T61STRING;previous definition is here\n\n                              ^:\n\nIn file included from typedef struct asn1_string_st ASN1_INTEGER;\n                              ^\n                              ^\nthird_party/boringssl/include/openssl/mem.h/usr/local/opt/openssl@3/include/openssl/types.h::In file included from 60third_party/boringssl/crypto/asn1/a_bool.cIn file included from 50third_party/boringssl/crypto/asn1/a_i2d_fp.c::\n31third_party/boringssl/include/openssl/base.h:: 189note:: 31:: :60previous definition is here60:\nIn file included from errorthird_party/boringssl/include/openssl/mem.h: :redefinition of typedef 'ASN1_INTEGER' is a C11 feature [-Werror,-Wtypedef-redefinition]60\n:\n:\nIn file included from third_party/boringssl/include/openssl/mem.h\nthird_party/boringssl/include/openssl/base.h:189:31:: error: 60:\nthird_party/boringssl/include/openssl/base.hredefinition of typedef 'ASN1_INTEGER' is a C11 feature [-Werror,-Wtypedef-redefinition]\ntypedef struct asn1_string_st ASN1_T61STRING;In file included from \nthird_party/boringssl/crypto/asn1/a_octet.c                              ^::190\n:6031::\n error: fatal error: redefinition of typedef 'ASN1_OCTET_STRING' is a C11 feature [-Werror,-Wtypedef-redefinition]too many errors emitted, stopping now [-ferror-limit=]typedef struct asn1_string_st ASN1_INTEGER;\nIn file included from \n                              ^typedef struct asn1_string_st ASN1_INTEGER;third_party/boringssl/include/openssl/mem.h\n                              ^\n\n:60\n/usr/local/opt/openssl@3/include/openssl/types.h/usr/local/opt/openssl@3/include/openssl/types.h:45:31: note: ::\n45:previous definition is here31typedef struct asn1_string_st ASN1_OCTET_STRING;third_party/boringssl/include/openssl/base.h:: note120\n\n                              ^\n:: 9previous definition is here\n/usr/local/opt/openssl@3/include/openssl/types.h:48: typedef struct asn1_string_st ASN1_INTEGER;error\n:                              ^\n31typedef struct asn1_string_st ASN1_INTEGER;: note: previous definition is here\n: \n'OPENSSL_VERSION_NUMBER' macro redefined [-Werror,-Wmacro-redefined]                              ^\n\nIn file included from third_party/boringssl/crypto/asn1/a_dup.c:typedef struct asn1_string_st ASN1_OCTET_STRING;60\n:\n                              ^In file included from \nthird_party/boringssl/include/openssl/mem.h:60:\nthird_party/boringssl/include/openssl/base.h:190:31: error: In file included from redefinition of typedef 'ASN1_OCTET_STRING' is a C11 feature [-Werror,-Wtypedef-redefinition]third_party/boringssl/crypto/asn1/a_bool.c\n:60:\nIn file included from In file included from third_party/boringssl/include/openssl/mem.hthird_party/boringssl/crypto/asn1/a_i2d_fp.c::6060:\n:\nthird_party/boringssl/include/openssl/base.h:typedef struct asn1_string_st ASN1_OCTET_STRING;\n                              ^\n#define OPENSSL_VERSION_NUMBER 0x10002000In file included from 190third_party/boringssl/include/openssl/mem.h/usr/local/opt/openssl@3/include/openssl/types.h::6048:\nthird_party/boringssl/include/openssl/base.h\n:191        ^::31: :error: \nredefinition of typedef 'ASN1_OCTET_STRING' is a C11 feature [-Werror,-Wtypedef-redefinition]\n31: 31note: : previous definition is hereerror\n/usr/local/opt/openssl@3/include/openssl/opensslv.h: :redefinition of typedef 'ASN1_PRINTABLESTRING' is a C11 feature [-Werror,-Wtypedef-redefinition]\ntypedef struct asn1_string_st ASN1_OCTET_STRING;\n                              ^99:10\n:typedef struct asn1_string_st ASN1_OCTET_STRING; /usr/local/opt/openssl@3/include/openssl/types.hnote: previous definition is here\n\n:typedef struct asn1_string_st ASN1_PRINTABLESTRING;48\n:                              ^31\n: # define OPENSSL_VERSION_NUMBER          \\                              ^\n\n         ^\n/usr/local/opt/openssl@3/include/openssl/types.hnote:49:31: note: In file included from third_party/boringssl/crypto/asn1/a_octet.cprevious definition is here: :In file included from 60:\nthird_party/boringssl/crypto/asn1/a_dup.cIn file included from :third_party/boringssl/include/openssl/mem.h60:\nprevious definition is here\n:\nIn file included from third_party/boringssl/include/openssl/mem.h60::\n60:\nthird_party/boringssl/include/openssl/base.htypedef struct asn1_string_st ASN1_PRINTABLESTRING;:\n155                              ^third_party/boringssl/include/openssl/base.h\n:typedef struct asn1_string_st ASN1_OCTET_STRING;:\n                              ^9\n: 191:31error:In file included from  third_party/boringssl/crypto/asn1/a_bool.cIn file included from :third_party/boringssl/crypto/asn1/a_i2d_fp.c: error: :60redefinition of typedef 'ASN1_PRINTABLESTRING' is a C11 feature [-Werror,-Wtypedef-redefinition]:\n\nIn file included from 60third_party/boringssl/include/openssl/mem.h::\n60'OPENSSL_EXPORT' macro redefined [-Werror,-Wmacro-redefined]\ntypedef struct asn1_string_st ASN1_PRINTABLESTRING;\n                              ^\nIn file included from :\n#define OPENSSL_EXPORT/usr/local/opt/openssl@3/include/openssl/types.h\n:third_party/boringssl/include/openssl/mem.h49::3160:        ^third_party/boringssl/include/openssl/base.h:\n:\nthird_party/boringssl/include/openssl/base.h:191 :31note:: previous definition is here\n/usr/local/opt/openssl@3/include/openssl/e_os2.h192::18331:typedef struct asn1_string_st ASN1_PRINTABLESTRING;: 11error:  \nnoteerror: redefinition of typedef 'ASN1_PRINTABLESTRING' is a C11 feature [-Werror,-Wtypedef-redefinition]\n:                               ^: redefinition of typedef 'ASN1_STRING' is a C11 feature [-Werror,-Wtypedef-redefinition]\n\nprevious definition is here\ntypedef struct asn1_string_st ASN1_PRINTABLESTRING;\n                              ^\ntypedef struct asn1_string_st ASN1_STRING;#  define OPENSSL_EXPORT extern\n\n                              ^          ^\nIn file included from \n/usr/local/opt/openssl@3/include/openssl/types.hthird_party/boringssl/crypto/asn1/a_dup.c::6049:\n:In file included from 31third_party/boringssl/include/openssl/mem.h:60:\nthird_party/boringssl/include/openssl/base.h:192/usr/local/opt/openssl@3/include/openssl/types.h::3160:31: : notenote::  previous definition is hereerror\n: redefinition of typedef 'ASN1_STRING' is a C11 feature [-Werror,-Wtypedef-redefinition]\n: previous definition is heretypedef struct asn1_string_st ASN1_STRING;\n                              ^\n\ntypedef struct asn1_string_st ASN1_PRINTABLESTRING;\n/usr/local/opt/openssl@3/include/openssl/types.h                              ^\n:60:31:In file included from third_party/boringssl/crypto/asn1/a_octet.c:60:\n In file included from typedef struct asn1_string_st ASN1_STRING;third_party/boringssl/crypto/asn1/a_bool.c\n:60:\nIn file included from third_party/boringssl/include/openssl/mem.h                              ^:60In file included from :\nthird_party/boringssl/include/openssl/base.h:192:third_party/boringssl/include/openssl/mem.h31note:60: :\nthird_party/boringssl/include/openssl/base.hprevious definition is here\n\n: error: redefinition of typedef 'ASN1_STRING' is a C11 feature [-Werror,-Wtypedef-redefinition]\ntypedef struct asn1_string_st ASN1_STRING;\n                              ^\n:In file included from third_party/boringssl/crypto/asn1/a_i2d_fp.c176:13:In file included from typedef struct asn1_string_st ASN1_STRING;third_party/boringssl/crypto/asn1/a_dup.c\n::                              ^\n60:\n60 In file included from :\nthird_party/boringssl/include/openssl/mem.herror:: typedef redefinition with different types ('int' vs 'struct crypto_threadid_st')\n/usr/local/opt/openssl@3/include/openssl/types.h:60:31: In file included from third_party/boringssl/include/openssl/mem.h:60:\nthird_party/boringssl/include/openssl/base.h:60193:\n:third_party/boringssl/include/openssl/base.h31:typedef int CRYPTO_THREADID;193\nnote            ^::\n31:  errorprevious definition is here: \nredefinition of typedef 'ASN1_T61STRING' is a C11 feature [-Werror,-Wtypedef-redefinition]\n: errortypedef struct asn1_string_st ASN1_STRING;\ntypedef struct asn1_string_st ASN1_T61STRING;: \n                              ^                              ^\n\n/usr/local/opt/openssl@3/include/openssl/types.hredefinition of typedef 'ASN1_T61STRING' is a C11 feature [-Werror,-Wtypedef-redefinition]:50\n/usr/local/opt/openssl@3/include/openssl/crypto.h:308::3: 31note::  previous definition is herenote\n: In file included from previous definition is herethird_party/boringssl/crypto/asn1/a_bool.c:60} CRYPTO_THREADID;\n  ^\n:\n\ntypedef struct asn1_string_st ASN1_T61STRING;\n                              ^In file included from \nthird_party/boringssl/include/openssl/mem.htypedef struct asn1_string_st ASN1_T61STRING;\nIn file included from                               ^/usr/local/opt/openssl@3/include/openssl/types.h\n::third_party/boringssl/crypto/asn1/a_octet.c50::6031:\n: note: previous definition is here\nfatal error: In file included from 60third_party/boringssl/include/openssl/mem.h:\nthird_party/boringssl/include/openssl/base.h:too many errors emitted, stopping now [-ferror-limit=]:193\ntypedef struct asn1_string_st ASN1_T61STRING;60:\n:third_party/boringssl/include/openssl/base.h:\n                              ^\n31: errorfatal error: : 178redefinition of typedef 'ASN1_T61STRING' is a C11 feature [-Werror,-Wtypedef-redefinition]\n:13too many errors emitted, stopping now [-ferror-limit=]: error: redefinition of typedef 'ASN1_BOOLEAN' is a C11 feature [-Werror,-Wtypedef-redefinition]\n\ntypedef struct asn1_string_st ASN1_T61STRING;\n                              ^\ntypedef int ASN1_BOOLEAN;/usr/local/opt/openssl@3/include/openssl/types.h\n:50            ^:\n31: note: previous definition is here\ntypedef struct asn1_string_st ASN1_T61STRING;\n                              ^/usr/local/opt/openssl@3/include/openssl/types.h:61:13: \nnotefatal error: : too many errors emitted, stopping now [-ferror-limit=]previous definition is here\nmake: *** [/Users/runner/actions-runner/_work/python.build/python.build/build_grpcio140311/grpcio-1.4.0/objs/opt/third_party/boringssl/crypto/asn1/a_d2i_fp.o] Error 1\n\ntypedef int ASN1_BOOLEAN;\n            ^\nIn file included from third_party/boringssl/crypto/asn1/a_octet.c:60:\nIn file included from third_party/boringssl/include/openssl/mem.h:60:\nthird_party/boringssl/include/openssl/base.h:179:13: error: redefinition of typedef 'ASN1_NULL' is a C11 feature [-Werror,-Wtypedef-redefinition]\ntypedef int ASN1_NULL;\n            ^\n/usr/local/opt/openssl@3/include/openssl/types.h:62:13: note: previous definition is here\ntypedef int ASN1_NULL;\n            ^\nIn file included from third_party/boringssl/crypto/asn1/a_octet.c:60:\nIn file included from third_party/boringssl/include/openssl/mem.h:60:\nthird_party/boringssl/include/openssl/base.h:180:29: error: redefinition of typedef 'ASN1_ITEM' is a C11 feature [-Werror,-Wtypedef-redefinition]\ntypedef struct ASN1_ITEM_st ASN1_ITEM;\n                            ^\n/usr/local/opt/openssl@3/include/openssl/types.h:69:29: note: previous definition is here\ntypedef struct ASN1_ITEM_st ASN1_ITEM;\n                            ^\nIn file included from third_party/boringssl/crypto/asn1/a_octet.c:60:\nIn file included from third_party/boringssl/include/openssl/mem.h:60:\nthird_party/boringssl/include/openssl/base.h:181:31: error: redefinition of typedef 'ASN1_OBJECT' is a C11 feature [-Werror,-Wtypedef-redefinition]\ntypedef struct asn1_object_st ASN1_OBJECT;\n                              ^\n/usr/local/opt/openssl@3/include/openssl/types.h:66:31: note: previous definition is here\ntypedef struct asn1_object_st ASN1_OBJECT;\n                              ^\nIn file included from third_party/boringssl/crypto/asn1/a_octet.c:60:\nIn file included from third_party/boringssl/include/openssl/mem.h:60:\nthird_party/boringssl/include/openssl/base.h:182:29: error: redefinition of typedef 'ASN1_PCTX' is a C11 feature [-Werror,-Wtypedef-redefinition]\ntypedef struct asn1_pctx_st ASN1_PCTX;\n                            ^\n/usr/local/opt/openssl@3/include/openssl/types.h:70:29: note: previous definition is here\ntypedef struct asn1_pctx_st ASN1_PCTX;\n                            ^\nIn file included from third_party/boringssl/crypto/asn1/a_octet.c:60:\nIn file included from third_party/boringssl/include/openssl/mem.h:60:\nthird_party/boringssl/include/openssl/base.h:183:31: error: redefinition of typedef 'ASN1_BIT_STRING' is a C11 feature [-Werror,-Wtypedef-redefinition]\ntypedef struct asn1_string_st ASN1_BIT_STRING;\n                              ^\n/usr/local/opt/openssl@3/include/openssl/types.h:47:31: note: previous definition is here\ntypedef struct asn1_string_st ASN1_BIT_STRING;\n                              ^\nIn file included from third_party/boringssl/crypto/asn1/a_octet.c:60:\nIn file included from third_party/boringssl/include/openssl/mem.h:60:\nthird_party/boringssl/include/openssl/base.h:184:31: error: redefinition of typedef 'ASN1_BMPSTRING' is a C11 feature [-Werror,-Wtypedef-redefinition]\ntypedef struct asn1_string_st ASN1_BMPSTRING;\n                              ^\n/usr/local/opt/openssl@3/include/openssl/types.h:54:31: note: previous definition is here\ntypedef struct asn1_string_st ASN1_BMPSTRING;\n                              ^\nIn file included from third_party/boringssl/crypto/asn1/a_octet.c:60:\nIn file included from third_party/boringssl/include/openssl/mem.h:60:\nthird_party/boringssl/include/openssl/base.h:185:31: error: redefinition of typedef 'ASN1_ENUMERATED' is a C11 feature [-Werror,-Wtypedef-redefinition]\ntypedef struct asn1_string_st ASN1_ENUMERATED;\n                              ^\n/usr/local/opt/openssl@3/include/openssl/types.h:46:31: note: previous definition is here\ntypedef struct asn1_string_st ASN1_ENUMERATED;\n                              ^\nIn file included from third_party/boringssl/crypto/asn1/a_octet.c:60:\nIn file included from third_party/boringssl/include/openssl/mem.h:6020 errors generated:\nthird_party/boringssl/include/openssl/base.h:186:31: .\nerror: redefinition of typedef 'ASN1_GENERALIZEDTIME' is a C11 feature [-Werror,-Wtypedef-redefinition]\nIn file included from third_party/boringssl/crypto/asn1/a_mbstr.c:62:\nIn file included from third_party/boringssl/include/openssl/mem.h:60:\nthird_party/boringssl/include/openssl/base.h:120typedef struct asn1_string_st ASN1_GENERALIZEDTIME;:\n9: error                              ^: 'OPENSSL_VERSION_NUMBER' macro redefined [-Werror,-Wmacro-redefined]\n\n/usr/local/opt/openssl@3/include/openssl/types.h:57:31: note: previous definition is here\n#define OPENSSL_VERSION_NUMBER 0x10002000\n        ^\ntypedef struct asn1_string_st ASN1_GENERALIZEDTIME;20\n error/usr/local/opt/openssl@3/include/openssl/opensslv.hs:                              ^\n generated.\n99:10: In file included from third_party/boringssl/crypto/asn1/a_octet.c:60:\nIn file included from third_party/boringssl/include/openssl/mem.h:60:\nthird_party/boringssl/include/openssl/base.h:187:note: previous definition is here\n31: error: redefinition of typedef 'ASN1_GENERALSTRING' is a C11 feature [-Werror,-Wtypedef-redefinition]\n# define OPENSSL_VERSION_NUMBER          \\typedef struct asn1_string_st ASN1_GENERALSTRING;\n         ^\n\n                              ^\n/usr/local/opt/openssl@3/include/openssl/types.h:In file included from 20third_party/boringssl/crypto/asn1/a_mbstr.c error:s62 generated:\n.\nIn file included from third_party/boringssl/include/openssl/mem.h:60:\nthird_party/boringssl/include/openssl/base.h:52155:31: note: previous definition is here:\n9: error: 'OPENSSL_EXPORT' macro redefined [-Werror,-Wmacro-redefined]typedef struct asn1_string_st ASN1_GENERALSTRING;\n\n                              ^\n#define OPENSSL_EXPORT\n        ^\n/usr/local/opt/openssl@3/include/openssl/e_os2.h:183:11: In file included from notethird_party/boringssl/crypto/asn1/a_octet.c: :previous definition is here60:\n\nIn file included from 20third_party/boringssl/include/openssl/mem.h errors generated.\n#  define OPENSSL_EXPORT extern\n          ^:\n60:\nthird_party/boringssl/include/openssl/base.h:188:31: error: redefinition of typedef 'ASN1_IA5STRING' is a C11 feature [-Werror,-Wtypedef-redefinition]\ntypedef struct asn1_string_st ASN1_IA5STRING;\n                              ^\n/usr/local/opt/openssl@3/include/openssl/types.h:51:31: note: previous definition is here\ntypedef struct asn1_string_st ASN1_IA5STRING;\n                              ^\nIn file included from third_party/boringssl/crypto/asn1/a_octet.c:60:\nIn file included from third_party/boringssl/include/openssl/mem.h:60:\nthird_party/boringssl/include/openssl/base.h:189:31: error: redefinition of typedef 'ASN1_INTEGER' is a C11 feature [-Werror,-Wtypedef-redefinition]\ntypedef struct asn1_string_st ASN1_INTEGER;\n                              ^\n/usr/local/opt/openssl@3/include/openssl/types.hIn file included from third_party/boringssl/crypto/asn1/a_mbstr.c:62:\n:In file included from 45third_party/boringssl/include/openssl/mem.h::6031:\n: note: previous definition is here\nthird_party/boringssl/include/openssl/base.h:typedef struct asn1_string_st ASN1_INTEGER;176:13\n:                              ^ \nerror: typedef redefinition with different types ('int' vs 'struct crypto_threadid_st')In file included from \nthird_party/boringssl/crypto/asn1/a_octet.c:60:\nIn file included from third_party/boringssl/include/openssl/mem.h:60:\nthird_party/boringssl/include/openssl/base.h:190:31: typedef int CRYPTO_THREADID;\nerror            ^: \nredefinition of typedef 'ASN1_OCTET_STRING' is a C11 feature [-Werror,-Wtypedef-redefinition]\ntypedef struct asn1_string_st ASN1_OCTET_STRING;\n                              ^\n/usr/local/opt/openssl@3/include/openssl/types.h:48:31: note: previous definition is here\ntypedef struct asn1_string_st ASN1_OCTET_STRING;\n                              ^\nIn file included from third_party/boringssl/crypto/asn1/a_octet.c:60/usr/local/opt/openssl@3/include/openssl/crypto.h::\nIn file included from third_party/boringssl/include/openssl/mem.h:60:\nthird_party/boringssl/include/openssl/base.h308::3:191 :note: previous definition is here31:\n error: redefinition of typedef 'ASN1_PRINTABLESTRING' is a C11 feature [-Werror,-Wtypedef-redefinition]\n} CRYPTO_THREADID;\n  ^\nIn file included from third_party/boringssl/crypto/asn1/a_mbstr.c:62:\nIn file included from third_party/boringssl/include/openssl/mem.h:60:\nthird_party/boringssl/include/openssl/base.h:178typedef struct asn1_string_st ASN1_PRINTABLESTRING;:\n                              ^\n13: error: redefinition of typedef 'ASN1_BOOLEAN' is a C11 feature [-Werror,-Wtypedef-redefinition]\n/usr/local/opt/openssl@3/include/openssl/types.h:49:31: note: typedef int ASN1_BOOLEAN;previous definition is here\n\n            ^\ntypedef struct asn1_string_st ASN1_PRINTABLESTRING;\n                              ^/usr/local/opt/openssl@3/include/openssl/types.h\n:61:13: note: previous definition is here\ntypedef int ASN1_BOOLEAN;\n            ^\nIn file included from third_party/boringssl/crypto/asn1/a_mbstr.c:62In file included from third_party/boringssl/crypto/asn1/a_octet.c:60:\n:\nIn file included from third_party/boringssl/include/openssl/mem.h:60:\nthird_party/boringssl/include/openssl/base.hIn file included from :179third_party/boringssl/include/openssl/mem.h::60:\n13: error: redefinition of typedef 'ASN1_NULL' is a C11 feature [-Werror,-Wtypedef-redefinition]third_party/boringssl/include/openssl/base.h\n:192typedef int ASN1_NULL;\n:31:            ^\n error: /usr/local/opt/openssl@3/include/openssl/types.hredefinition of typedef 'ASN1_STRING' is a C11 feature [-Werror,-Wtypedef-redefinition]\n:typedef struct asn1_string_st ASN1_STRING;\n                              ^\n62:13:/usr/local/opt/openssl@3/include/openssl/types.h :note60:31: note: previous definition is here\n: typedef struct asn1_string_st ASN1_STRING;\n                              ^\nprevious definition is here\nIn file included from third_party/boringssl/crypto/asn1/a_octet.c:60:\nIn file included from third_party/boringssl/include/openssl/mem.h:60:\nthird_party/boringssl/include/openssl/base.h:193typedef int ASN1_NULL;:\n            ^31\n: error: redefinition of typedef 'ASN1_T61STRING' is a C11 feature [-Werror,-Wtypedef-redefinition]\ntypedef struct asn1_string_st ASN1_T61STRING;\n                              ^\n/usr/local/opt/openssl@3/include/openssl/types.h:50:In file included from 31third_party/boringssl/crypto/asn1/a_mbstr.c::62:\n In file included from note: previous definition is here\nthird_party/boringssl/include/openssl/mem.h:60:\ntypedef struct asn1_string_st ASN1_T61STRING;third_party/boringssl/include/openssl/base.h\n:                              ^180\n:29: errorfatal error: : too many errors emitted, stopping now [-ferror-limit=]redefinition of typedef 'ASN1_ITEM' is a C11 feature [-Werror,-Wtypedef-redefinition]\n\ntypedef struct ASN1_ITEM_st ASN1_ITEM;\n                            ^\n/usr/local/opt/openssl@3/include/openssl/types.h:69:29: note: previous definition is here\ntypedef struct ASN1_ITEM_st ASN1_ITEM;\n                            ^\nIn file included from third_party/boringssl/crypto/asn1/a_mbstr.c:62:\nIn file included from third_party/boringssl/include/openssl/mem.h:60:\nthird_party/boringssl/include/openssl/base.h:181:31: error: redefinition of typedef 'ASN1_OBJECT' is a C11 feature [-Werror,-Wtypedef-redefinition]\ntypedef struct asn1_object_st ASN1_OBJECT;\n                              ^\n/usr/local/opt/openssl@3/include/openssl/types.h:66:31: note: previous definition is here\ntypedef struct asn1_object_st ASN1_OBJECT;\n                              ^\nIn file included from third_party/boringssl/crypto/asn1/a_mbstr.c:62:\nIn file included from third_party/boringssl/include/openssl/mem.h:60:\nthird_party/boringssl/include/openssl/base.h:182:29: error: redefinition of typedef 'ASN1_PCTX' is a C11 feature [-Werror,-Wtypedef-redefinition]\ntypedef struct asn1_pctx_st ASN1_PCTX;\n                            ^\n/usr/local/opt/openssl@3/include/openssl/types.h:70:29: note: previous definition is here\ntypedef struct asn1_pctx_st ASN1_PCTX;\n                            ^\nIn file included from third_party/boringssl/crypto/asn1/a_mbstr.c:62:\nIn file included from third_party/boringssl/include/openssl/mem.h:60:\nthird_party/boringssl/include/openssl/base.h:183:31: error: redefinition of typedef 'ASN1_BIT_STRING' is a C11 feature [-Werror,-Wtypedef-redefinition]\ntypedef struct asn1_string_st ASN1_BIT_STRING;\n                              ^\n/usr/local/opt/openssl@3/include/openssl/types.h:47:31: note: previous definition is here\ntypedef struct asn1_string_st ASN1_BIT_STRING;\n                              ^\nIn file included from third_party/boringssl/crypto/asn1/a_mbstr.c:62:\nIn file included from third_party/boringssl/include/openssl/mem.h:60:\nthird_party/boringssl/include/openssl/base.h:184:31: error: redefinition of typedef 'ASN1_BMPSTRING' is a C11 feature [-Werror,-Wtypedef-redefinition]\ntypedef struct asn1_string_st ASN1_BMPSTRING;\n                              ^\n/usr/local/opt/openssl@3/include/openssl/types.h:54:31: note: previous definition is here\ntypedef struct asn1_string_st ASN1_BMPSTRING;\n                              ^\nIn file included from third_party/boringssl/crypto/asn1/a_mbstr.c:62:\nIn file included from third_party/boringssl/include/openssl/mem.h:60:\nthird_party/boringssl/include/openssl/base.h:185:31: error: redefinition of typedef 'ASN1_ENUMERATED' is a C11 feature [-Werror,-Wtypedef-redefinition]\ntypedef struct asn1_string_st ASN1_ENUMERATED;\n                              ^\n/usr/local/opt/openssl@3/include/openssl/types.h:46:31: note: previous definition is here\ntypedef struct asn1_string_st ASN1_ENUMERATED;\n                              ^\nIn file included from third_party/boringssl/crypto/asn1/a_mbstr.c:62:\nIn file included from third_party/boringssl/include/openssl/mem.h:60:\nthird_party/boringssl/include/openssl/base.h:186:31: error: redefinition of typedef 'ASN1_GENERALIZEDTIME' is a C11 feature [-Werror,-Wtypedef-redefinition]\ntypedef struct asn1_string_st ASN1_GENERALIZEDTIME;\n                              ^\n/usr/local/opt/openssl@3/include/openssl/types.h:57:31: note: previous definition is here\ntypedef struct asn1_string_st ASN1_GENERALIZEDTIME;\n                              ^\nIn file included from third_party/boringssl/crypto/asn1/a_mbstr.c20: error62s:\n generatedIn file included from third_party/boringssl/include/openssl/mem.h:.\n60:\nthird_party/boringssl/include/openssl/base.h:187:31: error: redefinition of typedef 'ASN1_GENERALSTRING' is a C11 feature [-Werror,-Wtypedef-redefinition]\ntypedef struct asn1_string_st ASN1_GENERALSTRING;\n                              ^\n/usr/local/opt/openssl@3/include/openssl/types.h:52:31: note: previous definition is here\ntypedef struct asn1_string_st ASN1_GENERALSTRING;\n                              ^\nIn file included from third_party/boringssl/crypto/asn1/a_mbstr.c:62:\nIn file included from third_party/boringssl/include/openssl/mem.h:60:\nthird_party/boringssl/include/openssl/base.h:188:31: error: redefinition of typedef 'ASN1_IA5STRING' is a C11 feature [-Werror,-Wtypedef-redefinition]\ntypedef struct asn1_string_st ASN1_IA5STRING;\n                              ^\n/usr/local/opt/openssl@3/include/openssl/types.h:51:31: note: previous definition is here\ntypedef struct asn1_string_st ASN1_IA5STRING;\n                              ^\nIn file included from third_party/boringssl/crypto/asn1/a_mbstr.c:62:\nIn file included from third_party/boringssl/include/openssl/mem.h:60:\nthird_party/boringssl/include/openssl/base.h:189:31: error: redefinition of typedef 'ASN1_INTEGER' is a C11 feature [-Werror,-Wtypedef-redefinition]\ntypedef struct asn1_string_st ASN1_INTEGER;\n                              ^\n/usr/local/opt/openssl@3/include/openssl/types.h:45:31: note: previous definition is here\ntypedef struct asn1_string_st ASN1_INTEGER;\n                              ^\nIn file included from third_party/boringssl/crypto/asn1/a_mbstr.c:62:\nIn file included from third_party/boringssl/include/openssl/mem.h:60:\nthird_party/boringssl/include/openssl/base.h:190:31: error: redefinition of typedef 'ASN1_OCTET_STRING' is a C11 feature [-Werror,-Wtypedef-redefinition]\ntypedef struct asn1_string_st ASN1_OCTET_STRING;\n                              ^\n/usr/local/opt/openssl@3/include/openssl/types.h:48:31: note: previous definition is here\ntypedef struct asn1_string_st ASN1_OCTET_STRING;\n                              ^\nIn file included from third_party/boringssl/crypto/asn1/a_mbstr.c:62:\nIn file included from third_party/boringssl/include/openssl/mem.h:60:\nthird_party/boringssl/include/openssl/base.h:191:31: error: redefinition of typedef 'ASN1_PRINTABLESTRING' is a C11 feature [-Werror,-Wtypedef-redefinition]\ntypedef struct asn1_string_st ASN1_PRINTABLESTRING;\n                              ^\n/usr/local/opt/openssl@3/include/openssl/types.h:49:31: note: previous definition is here\ntypedef struct asn1_string_st ASN1_PRINTABLESTRING;\n                              ^\nIn file included from third_party/boringssl/crypto/asn1/a_mbstr.c:62:\nIn file included from third_party/boringssl/include/openssl/mem.h:60:\nthird_party/boringssl/include/openssl/base.h:192:31: error: redefinition of typedef 'ASN1_STRING' is a C11 feature [-Werror,-Wtypedef-redefinition]\ntypedef struct asn1_string_st ASN1_STRING;\n                              ^\n/usr/local/opt/openssl@3/include/openssl/types.h:60:31: note: previous definition is here\ntypedef struct asn1_string_st ASN1_STRING;\n                              ^\nIn file included from third_party/boringssl/crypto/asn1/a_mbstr.c:62:\nIn file included from third_party/boringssl/include/openssl/mem.h:60:\nthird_party/boringssl/include/openssl/base.h:193:31: error: redefinition of typedef 'ASN1_T61STRING' is a C11 feature [-Werror,-Wtypedef-redefinition]\ntypedef struct asn1_string_st ASN1_T61STRING;\n                              ^\n/usr/local/opt/openssl@3/include/openssl/types.h:50:31: note: previous definition is here\ntypedef struct asn1_string_st ASN1_T61STRING;\n                              ^\nfatal error: too many errors emitted, stopping now [-ferror-limit=]\nIn file included from third_party/boringssl/crypto/asn1/a_object.c:63:\nIn file included from third_party/boringssl/include/openssl/mem.h:60:\nthird_party/boringssl/include/openssl/base.h:120:9: error: 'OPENSSL_VERSION_NUMBER' macro redefined [-Werror,-Wmacro-redefined]\n#define OPENSSL_VERSION_NUMBER 0x10002000\n        ^\n/usr/local/opt/openssl@3/include/openssl/opensslv.h:99:10: note: previous definition is here\n# define OPENSSL_VERSION_NUMBER          \\\n         ^\nIn file included from third_party/boringssl/crypto/asn1/a_object.c:63:\nIn file included from third_party/boringssl/include/openssl/mem.h:60:\nthird_party/boringssl/include/openssl/base.h:155:9: error: 'OPENSSL_EXPORT' macro redefined [-Werror,-Wmacro-redefined]\n#define OPENSSL_EXPORT\n        ^\n/usr/local/opt/openssl@3/include/openssl/e_os2.h:183:11: note: previous definition is here\n#  define OPENSSL_EXPORT extern\n          ^\nmake: *** [/Users/runner/actions-runner/_work/python.build/python.build/build_grpcio140311/grpcio-1.4.0/objs/opt/third_party/boringssl/crypto/asn1/a_i2d_fp.o] Error 1\nIn file included from third_party/boringssl/crypto/asn1/a_object.c:63:\nIn file included from third_party/boringssl/include/openssl/mem.h:60:\nthird_party/boringssl/include/openssl/base.h:176:13: error: typedef redefinition with different types ('int' vs 'struct crypto_threadid_st')\ntypedef int CRYPTO_THREADID;\n            ^\n/usr/local/opt/openssl@3/include/openssl/crypto.h:308:3: note: previous definition is here\n} CRYPTO_THREADID;\n  ^\nIn file included from third_party/boringssl/crypto/asn1/a_object.c:63:\nIn file included from third_party/boringssl/include/openssl/mem.h:60:\nthird_party/boringssl/include/openssl/base.h:178:13: error: redefinition of typedef 'ASN1_BOOLEAN' is a C11 feature [-Werror,-Wtypedef-redefinition]\ntypedef int ASN1_BOOLEAN;\n            ^\n/usr/local/opt/openssl@3/include/openssl/types.h:61:13: note: previous definition is here\ntypedef int ASN1_BOOLEAN;\n            ^\nIn file included from third_party/boringssl/crypto/asn1/a_object.c:63:\nIn file included from third_party/boringssl/include/openssl/mem.h:60:\nthird_party/boringssl/include/openssl/base.h:179:13: error: redefinition of typedef 'ASN1_NULL' is a C11 feature [-Werror,-Wtypedef-redefinition]\ntypedef int ASN1_NULL;\n            ^\n/usr/local/opt/openssl@3/include/openssl/types.h:62:13: note: previous definition is here\ntypedef int ASN1_NULL;\n            ^\nIn file included from third_party/boringssl/crypto/asn1/a_object.c:63:\nIn file included from third_party/boringssl/include/openssl/mem.h:60:\nthird_party/boringssl/include/openssl/base.h:180:29: error: redefinition of typedef 'ASN1_ITEM' is a C11 feature [-Werror,-Wtypedef-redefinition]\ntypedef struct ASN1_ITEM_st ASN1_ITEM;\n                            ^\n/usr/local/opt/openssl@3/include/openssl/types.h:69:29: note: previous definition is here\ntypedef struct ASN1_ITEM_st ASN1_ITEM;\n                            ^\nIn file included from third_party/boringssl/crypto/asn1/a_object.c:63:\nIn file included from third_party/boringssl/include/openssl/mem.h:60:\nthird_party/boringssl/include/openssl/base.h:181:31: error: redefinition of typedef 'ASN1_OBJECT' is a C11 feature [-Werror,-Wtypedef-redefinition]\ntypedef struct asn1_object_st ASN1_OBJECT;\n                              ^\n/usr/local/opt/openssl@3/include/openssl/types.h:66:31: note: previous definition is here\ntypedef struct asn1_object_st ASN1_OBJECT;\n                              ^\nIn file included from third_party/boringssl/crypto/asn1/a_object.c:63:\nIn file included from third_party/boringssl/include/openssl/mem.h:60:\nthird_party/boringssl/include/openssl/base.h:182:29: error: redefinition of typedef 'ASN1_PCTX' is a C11 feature [-Werror,-Wtypedef-redefinition]\ntypedef struct asn1_pctx_st ASN1_PCTX;\n                            ^\n/usr/local/opt/openssl@3/include/openssl/types.hmake: :70:29: note: *** [/Users/runner/actions-runner/_work/python.build/python.build/build_grpcio140311/grpcio-1.4.0/objs/opt/third_party/boringssl/crypto/asn1/a_bool.o] Error 1\nprevious definition is here\ntypedef struct asn1_pctx_st ASN1_PCTX;\n                            ^\nIn file included from third_party/boringssl/crypto/asn1/a_object.c:63:\nIn file included from third_party/boringssl/include/openssl/mem.h:60:\nthird_party/boringssl/include/openssl/base.h:183:31: error: redefinition of typedef 'ASN1_BIT_STRING' is a C11 feature [-Werror,-Wtypedef-redefinition]\ntypedef struct asn1_string_st ASN1_BIT_STRING;\n                              ^\n/usr/local/opt/openssl@3/include/openssl/types.h:47:31: note: previous definition is here\ntypedef struct asn1_string_st ASN1_BIT_STRING;\n                              ^\nIn file included from third_party/boringssl/crypto/asn1/a_object.c:63:\nIn file included from third_party/boringssl/include/openssl/mem.h:60:\nthird_party/boringssl/include/openssl/base.h:184:31: error: redefinition of typedef 'ASN1_BMPSTRING' is a C11 feature [-Werror,-Wtypedef-redefinition]\ntypedef struct asn1_string_st ASN1_BMPSTRING;\n                              ^\n/usr/local/opt/openssl@3/include/openssl/types.h:54:31: note: previous definition is here\nmake: typedef struct asn1_string_st ASN1_BMPSTRING;\n                              ^*** [/Users/runner/actions-runner/_work/python.build/python.build/build_grpcio140311/grpcio-1.4.0/objs/opt/third_party/boringssl/crypto/asn1/a_int.o] Error 1\n\nIn file included from third_party/boringssl/crypto/asn1/a_object.c:63:\nIn file included from third_party/boringssl/include/openssl/mem.h:60:\nthird_party/boringssl/include/openssl/base.h:185:31: error: redefinition of typedef 'ASN1_ENUMERATED' is a C11 feature [-Werror,-Wtypedef-redefinition]\ntypedef struct asn1_string_st ASN1_ENUMERATED;\n                              ^\n/usr/local/opt/openssl@3/include/openssl/types.h:46:31: note: previous definition is here\ntypedef struct asn1_string_st ASN1_ENUMERATED;\n                              ^\nIn file included from third_party/boringssl/crypto/asn1/a_object.c:63:\nIn file included from third_party/boringssl/include/openssl/mem.h:60:\nthird_party/boringssl/include/openssl/base.h:186:31: error: redefinition of typedef 'ASN1_GENERALIZEDTIME' is a C11 feature [-Werror,-Wtypedef-redefinition]\nmake: typedef struct asn1_string_st ASN1_GENERALIZEDTIME;\n                              ^\n/usr/local/opt/openssl@3/include/openssl/types.h:57:31: note: previous definition is here*** [/Users/runner/actions-runner/_work/python.build/python.build/build_grpcio140311/grpcio-1.4.0/objs/opt/third_party/boringssl/crypto/asn1/a_dup.o] Error 1\n\ntypedef struct asn1_string_st ASN1_GENERALIZEDTIME;\n                              ^\nIn file included from third_party/boringssl/crypto/asn1/a_object.c:63:\nIn file included from third_party/boringssl/include/openssl/mem.h:60:\nthird_party/boringssl/include/openssl/base.h:187:31: error: redefinition of typedef 'ASN1_GENERALSTRING' is a C11 feature [-Werror,-Wtypedef-redefinition]\ntypedef struct asn1_string_st ASN1_GENERALSTRING;\n                              ^\n/usr/local/opt/openssl@3/include/openssl/types.h:52:31: note: previous definition is here\ntypedef struct asn1_string_st ASN1_GENERALSTRING;\n                              ^\nIn file included from third_party/boringssl/crypto/asn1/a_object.c:63:\nIn file included from third_party/boringssl/include/openssl/mem.h:60:\nthird_party/boringssl/include/openssl/base.h:188:31: error: redefinition of typedef 'ASN1_IA5STRING' is a C11 feature [-Werror,-Wtypedef-redefinition]\ntypedef struct asn1_string_st ASN1_IA5STRING;\n                              ^\n/usr/local/opt/openssl@3/include/openssl/types.h:51:31: note: previous definition is here\ntypedef struct asn1_string_st ASN1_IA5STRING;\n                              ^\nIn file included from third_party/boringssl/crypto/asn1/a_object.c:63:\nIn file included from third_party/boringssl/include/openssl/mem.h:60:\nthird_party/boringssl/include/openssl/base.h:189:31: error: redefinition of typedef 'ASN1_INTEGER' is a C11 feature [-Werror,-Wtypedef-redefinition]\ntypedef struct asn1_string_st ASN1_INTEGER;\n                              ^\n/usr/local/opt/openssl@3/include/openssl/types.h:45:31: note: previous definition is here\ntypedef struct asn1_string_st ASN1_INTEGER;\n                              ^\nIn file included from third_party/boringssl/crypto/asn1/a_object.c:63:\nIn file included from third_party/boringssl/include/openssl/mem.h:60:\nthird_party/boringssl/include/openssl/base.h:190:31: error: redefinition of typedef 'ASN1_OCTET_STRING' is a C11 feature [-Werror,-Wtypedef-redefinition]\ntypedef struct asn1_string_st ASN1_OCTET_STRING;\n                              ^\n/usr/local/opt/openssl@3/include/openssl/types.h:48:31: note: previous definition is here\ntypedef struct asn1_string_st ASN1_OCTET_STRING;\n                              ^\nIn file included from third_party/boringssl/crypto/asn1/a_object.c:63:\nIn file included from third_party/boringssl/include/openssl/mem.h:60:\nthird_party/boringssl/include/openssl/base.h:191:31: error: redefinition of typedef 'ASN1_PRINTABLESTRING' is a C11 feature [-Werror,-Wtypedef-redefinition]\ntypedef struct asn1_string_st ASN1_PRINTABLESTRING;\n                              ^\n/usr/local/opt/openssl@3/include/openssl/types.h:49:31: note: previous definition is here\ntypedef struct asn1_string_st ASN1_PRINTABLESTRING;\n                              ^\nIn file included from third_party/boringssl/crypto/asn1/a_object.c:63:\nIn file included from third_party/boringssl/include/openssl/mem.h:60:\nthird_party/boringssl/include/openssl/base.h:192:31: error: redefinition of typedef 'ASN1_STRING' is a C11 feature [-Werror,-Wtypedef-redefinition]\ntypedef struct asn1_string_st ASN1_STRING;\n                              ^\n/usr/local/opt/openssl@3/include/openssl/types.h:60:31: note: previous definition is here\ntypedef struct asn1_string_st ASN1_STRING;\n                              ^\nIn file included from third_party/boringssl/crypto/asn1/a_object.c:63:\nIn file included from third_party/boringssl/include/openssl/mem.h:60:\nthird_party/boringssl/include/openssl/base.h:193:31: error: redefinition of typedef 'ASN1_T61STRING' is a C11 feature [-Werror,-Wtypedef-redefinition]\ntypedef struct asn1_string_st ASN1_T61STRING;\n                              ^\n/usr/local/opt/openssl@3/include/openssl/types.h:50:31: note: previous definition is here\ntypedef struct asn1_string_st ASN1_T61STRING;\n                              ^\nfatal error: too many errors emitted, stopping now [-ferror-limit=]\n20 errors generated.\nmake: *** [/Users/runner/actions-runner/_work/python.build/python.build/build_grpcio140311/grpcio-1.4.0/objs/opt/third_party/boringssl/crypto/asn1/a_octet.o] Error 1\nIn file included from third_party/boringssl/crypto/asn1/a_enum.c:62:\nIn file included from third_party/boringssl/include/openssl/mem.h:60:\nthird_party/boringssl/include/openssl/base.h:120:9: error: 'OPENSSL_VERSION_NUMBER' macro redefined [-Werror,-Wmacro-redefined]\n#define OPENSSL_VERSION_NUMBER 0x10002000\n        ^\n/usr/local/opt/openssl@3/include/openssl/opensslv.h:99:10: note: previous definition is here\n# define OPENSSL_VERSION_NUMBER          \\\n         ^\nIn file included from third_party/boringssl/crypto/asn1/a_enum.c:62:\nIn file included from third_party/boringssl/include/openssl/mem.h:60:\nthird_party/boringssl/include/openssl/base.h:155:9: error: 'OPENSSL_EXPORT' macro redefined [-Werror,-Wmacro-redefined]\n#define OPENSSL_EXPORT\n        ^\n/usr/local/opt/openssl@3/include/openssl/e_os2.h:183:11: note: In file included from previous definition is herethird_party/boringssl/crypto/asn1/a_print.c\n:60:\nIn file included from third_party/boringssl/include/openssl/mem.h:60:\nthird_party/boringssl/include/openssl/base.h:120#  define OPENSSL_EXPORT extern:\n9:          ^ \nerror: 'OPENSSL_VERSION_NUMBER' macro redefined [-Werror,-Wmacro-redefined]\n#define OPENSSL_VERSION_NUMBER 0x10002000\n        ^\n/usr/local/opt/openssl@3/include/openssl/opensslv.h:99:In file included from third_party/boringssl/crypto/asn1/a_gentm.c:6310:\n:In file included from  third_party/boringssl/include/openssl/mem.hnote: In file included from :third_party/boringssl/crypto/asn1/a_enum.c60:\nthird_party/boringssl/include/openssl/base.h:120:9:: error: 'OPENSSL_VERSION_NUMBER' macro redefined [-Werror,-Wmacro-redefined]62previous definition is here\n\n:\nIn file included from third_party/boringssl/include/openssl/mem.h:60:\nthird_party/boringssl/include/openssl/base.h:# define OPENSSL_VERSION_NUMBER          \\176\n:         ^13: error: typedef redefinition with different types ('int' vs 'struct crypto_threadid_st')\n#define OPENSSL_VERSION_NUMBER 0x10002000\n        ^\ntypedef int CRYPTO_THREADID;\n            ^\n\n/usr/local/opt/openssl@3/include/openssl/opensslv.h:99:In file included from third_party/boringssl/crypto/asn1/a_print.c:6010: note: previous definition is here:\nIn file included from /usr/local/opt/openssl@3/include/openssl/crypto.hthird_party/boringssl/include/openssl/mem.h:\n# define OPENSSL_VERSION_NUMBER          \\60::\nthird_party/boringssl/include/openssl/base.h:308:\n3         ^\n155: In file included from third_party/boringssl/crypto/asn1/a_gentm.c:63:\nIn file included from third_party/boringssl/include/openssl/mem.h:60:\nthird_party/boringssl/include/openssl/base.h:155note:9: : :previous definition is here\n9} CRYPTO_THREADID;\n  ^\n:error error: : 'OPENSSL_EXPORT' macro redefined [-Werror,-Wmacro-redefined]\nIn file included from third_party/boringssl/crypto/asn1/a_enum.c:#define OPENSSL_EXPORT'OPENSSL_EXPORT' macro redefined [-Werror,-Wmacro-redefined]62:\nIn file included from \nthird_party/boringssl/include/openssl/mem.h\n#define OPENSSL_EXPORT\n:        ^        ^60\n/usr/local/opt/openssl@3/include/openssl/e_os2.h:183:11: \nnote: previous definition is here\n/usr/local/opt/openssl@3/include/openssl/e_os2.h:\n:third_party/boringssl/include/openssl/base.h183:178#  define OPENSSL_EXPORT extern::1311:\n          ^\n: note: previous definition is here error: \nredefinition of typedef 'ASN1_BOOLEAN' is a C11 feature [-Werror,-Wtypedef-redefinition]\ntypedef int ASN1_BOOLEAN;\n            ^#  define OPENSSL_EXPORT extern\n\n          ^\nIn file included from /usr/local/opt/openssl@3/include/openssl/types.h:61third_party/boringssl/crypto/asn1/a_gentm.c::1363::\n In file included from note: previous definition is herethird_party/boringssl/include/openssl/mem.h\n:60:\nthird_party/boringssl/include/openssl/base.h:176:13: error: typedef redefinition with different types ('int' vs 'struct crypto_threadid_st')\ntypedef int CRYPTO_THREADID;typedef int ASN1_BOOLEAN;\n            ^\n\n            ^In file included from \nthird_party/boringssl/crypto/asn1/a_print.c:60:\nIn file included from third_party/boringssl/include/openssl/mem.h:60:\nthird_party/boringssl/include/openssl/base.h:176/usr/local/opt/openssl@3/include/openssl/crypto.h::30813::3 :error : notetypedef redefinition with different types ('int' vs 'struct crypto_threadid_st'): \nprevious definition is here\n} CRYPTO_THREADID;typedef int CRYPTO_THREADID;\n\n            ^\n  ^\nIn file included from third_party/boringssl/crypto/asn1/a_enum.cIn file included from :third_party/boringssl/crypto/asn1/a_gentm.c:63:\nIn file included from third_party/boringssl/include/openssl/mem.h/usr/local/opt/openssl@3/include/openssl/crypto.h:308:3:62:\nIn file included from 60third_party/boringssl/include/openssl/mem.h:60:\nthird_party/boringssl/include/openssl/base.h:179:\n:third_party/boringssl/include/openssl/base.h:178:13:: error: 13redefinition of typedef 'ASN1_BOOLEAN' is a C11 feature [-Werror,-Wtypedef-redefinition]: error: \nredefinition of typedef 'ASN1_NULL' is a C11 feature [-Werror,-Wtypedef-redefinition]\ntypedef int ASN1_NULL;\n            ^\ntypedef int ASN1_BOOLEAN;/usr/local/opt/openssl@3/include/openssl/types.h\n:            ^ \nnote: previous definition is here\n62/usr/local/opt/openssl@3/include/openssl/types.h:} CRYPTO_THREADID;:1361::13 \nnote:   ^previous definition is here\n: note: previous definition is here\nIn file included from \nthird_party/boringssl/crypto/asn1/a_print.c:60:\nIn file included from third_party/boringssl/include/openssl/mem.h:60:\nthird_party/boringssl/include/openssl/base.h:178:13: error: typedef int ASN1_NULL;typedef int ASN1_BOOLEAN;\n            ^\n\n            ^\nredefinition of typedef 'ASN1_BOOLEAN' is a C11 feature [-Werror,-Wtypedef-redefinition]\ntypedef int ASN1_BOOLEAN;\n            ^\nIn file included from third_party/boringssl/crypto/asn1/a_gentm.c:63:\nIn file included from third_party/boringssl/include/openssl/mem.h:60/usr/local/opt/openssl@3/include/openssl/types.h:\n:third_party/boringssl/include/openssl/base.h61::17913In file included from :third_party/boringssl/crypto/asn1/a_enum.c :note62: :\n:In file included from third_party/boringssl/include/openssl/mem.h:60:\nprevious definition is here\n13third_party/boringssl/include/openssl/base.h: :error: 180redefinition of typedef 'ASN1_NULL' is a C11 feature [-Werror,-Wtypedef-redefinition]:\ntypedef int ASN1_NULL;\n            ^\n29/usr/local/opt/openssl@3/include/openssl/types.htypedef int ASN1_BOOLEAN;:\n62:: error: 13:            ^\nredefinition of typedef 'ASN1_ITEM' is a C11 feature [-Werror,-Wtypedef-redefinition] \nnote: In file included from third_party/boringssl/crypto/asn1/a_print.cprevious definition is here:\n60:\nIn file included from third_party/boringssl/include/openssl/mem.h:60typedef int ASN1_NULL;:\n\ntypedef struct ASN1_ITEM_st ASN1_ITEM;            ^third_party/boringssl/include/openssl/base.h\n:179:\n                            ^\nIn file included from 13third_party/boringssl/crypto/asn1/a_gentm.c: /usr/local/opt/openssl@3/include/openssl/types.herror:: 63:\n:69redefinition of typedef 'ASN1_NULL' is a C11 feature [-Werror,-Wtypedef-redefinition]:In file included from \n29third_party/boringssl/include/openssl/mem.h: note: previous definition is here\n:typedef int ASN1_NULL;60:\nthird_party/boringssl/include/openssl/base.h\n:            ^180\n:29:typedef struct ASN1_ITEM_st ASN1_ITEM; \nerror/usr/local/opt/openssl@3/include/openssl/types.h:62                            ^:: 13redefinition of typedef 'ASN1_ITEM' is a C11 feature [-Werror,-Wtypedef-redefinition]:\n note\n: previous definition is here\ntypedef int ASN1_NULL;typedef struct ASN1_ITEM_st ASN1_ITEM;\n\n            ^                            ^\n\n/usr/local/opt/openssl@3/include/openssl/types.h:69:29: note: In file included from third_party/boringssl/crypto/asn1/a_print.c:60:\nIn file included from previous definition is here\nIn file included from third_party/boringssl/include/openssl/mem.htypedef struct ASN1_ITEM_st ASN1_ITEM;:\n60third_party/boringssl/crypto/asn1/a_enum.c:\n:third_party/boringssl/include/openssl/base.h:62180                            ^:\n29: :\nerror: In file included from third_party/boringssl/crypto/asn1/a_gentm.c:63:\nIn file included from third_party/boringssl/include/openssl/mem.h:redefinition of typedef 'ASN1_ITEM' is a C11 feature [-Werror,-Wtypedef-redefinition]60\n:\nthird_party/boringssl/include/openssl/base.hIn file included from :third_party/boringssl/include/openssl/mem.h181:typedef struct ASN1_ITEM_st ASN1_ITEM;31\n                            ^:\n: error: redefinition of typedef 'ASN1_OBJECT' is a C11 feature [-Werror,-Wtypedef-redefinition]\n60/usr/local/opt/openssl@3/include/openssl/types.h:\n:typedef struct asn1_object_st ASN1_OBJECT;69\n                              ^third_party/boringssl/include/openssl/base.h:181::3129: error: redefinition of typedef 'ASN1_OBJECT' is a C11 feature [-Werror,-Wtypedef-redefinition]\n\n: note/usr/local/opt/openssl@3/include/openssl/types.h: :typedef struct asn1_object_st ASN1_OBJECT;previous definition is here\n66\n:                              ^31\n: note/usr/local/opt/openssl@3/include/openssl/types.h: :previous definition is here66\n:typedef struct ASN1_ITEM_st ASN1_ITEM;typedef struct asn1_object_st ASN1_OBJECT;\n                              ^\n\n31: note: In file included from previous definition is herethird_party/boringssl/crypto/asn1/a_gentm.c\n:63:\nIn file included from third_party/boringssl/include/openssl/mem.h:60:\n                            ^\ntypedef struct asn1_object_st ASN1_OBJECT;\n                              ^third_party/boringssl/include/openssl/base.h\n:182:29In file included from :third_party/boringssl/crypto/asn1/a_print.c:60:\nIn file included from third_party/boringssl/include/openssl/mem.h :error60:\nthird_party/boringssl/include/openssl/base.h: :181In file included from third_party/boringssl/crypto/asn1/a_enum.credefinition of typedef 'ASN1_PCTX' is a C11 feature [-Werror,-Wtypedef-redefinition]:\n62:\nIn file included from :third_party/boringssl/include/openssl/mem.h31::60 :\nerrorthird_party/boringssl/include/openssl/base.htypedef struct asn1_pctx_st ASN1_PCTX;:\n182: redefinition of typedef 'ASN1_OBJECT' is a C11 feature [-Werror,-Wtypedef-redefinition]\n                            ^:\n29typedef struct asn1_object_st ASN1_OBJECT;\n                              ^\n/usr/local/opt/openssl@3/include/openssl/types.h:/usr/local/opt/openssl@3/include/openssl/types.h: 70::6629::31 :note: previous definition is here\n error: typedef struct asn1_pctx_st ASN1_PCTX;\nredefinition of typedef 'ASN1_PCTX' is a C11 feature [-Werror,-Wtypedef-redefinition]note\n:                             ^previous definition is here\n\ntypedef struct asn1_pctx_st ASN1_PCTX;\ntypedef struct asn1_object_st ASN1_OBJECT;                            ^\n\n/usr/local/opt/openssl@3/include/openssl/types.h                              ^In file included from third_party/boringssl/crypto/asn1/a_gentm.c:\n:7063:29: note:\n: In file included from third_party/boringssl/include/openssl/mem.h:60:\nthird_party/boringssl/include/openssl/base.hprevious definition is here:\nIn file included from third_party/boringssl/crypto/asn1/a_print.c:60183typedef struct asn1_pctx_st ASN1_PCTX;:\n31:\n:In file included from                              ^third_party/boringssl/include/openssl/mem.h:error: redefinition of typedef 'ASN1_BIT_STRING' is a C11 feature [-Werror,-Wtypedef-redefinition]\n60\ntypedef struct asn1_string_st ASN1_BIT_STRING;:\nthird_party/boringssl/include/openssl/base.h:182\n:29: error                              ^: \nredefinition of typedef 'ASN1_PCTX' is a C11 feature [-Werror,-Wtypedef-redefinition]\n/usr/local/opt/openssl@3/include/openssl/types.h:In file included from 47third_party/boringssl/crypto/asn1/a_enum.c::6231::\n In file included from note: typedef struct asn1_pctx_st ASN1_PCTX;previous definition is here\n                            ^\nthird_party/boringssl/include/openssl/mem.h\n:/usr/local/opt/openssl@3/include/openssl/types.h:60:\n70third_party/boringssl/include/openssl/base.h:29: :note: previous definition is here183\n:31: error: redefinition of typedef 'ASN1_BIT_STRING' is a C11 feature [-Werror,-Wtypedef-redefinition]\ntypedef struct asn1_string_st ASN1_BIT_STRING;\n                              ^typedef struct asn1_pctx_st ASN1_PCTX;\n                            ^\n\nIn file included from third_party/boringssl/crypto/asn1/a_print.c:60:\nIn file included from third_party/boringssl/crypto/asn1/a_gentm.c:63:\nIn file included from third_party/boringssl/include/openssl/mem.h:In file included from 60third_party/boringssl/include/openssl/mem.h:\n:60third_party/boringssl/include/openssl/base.htypedef struct asn1_string_st ASN1_BIT_STRING;:\n\nthird_party/boringssl/include/openssl/base.h                              ^:\n184:/usr/local/opt/openssl@3/include/openssl/types.h:47:3131:: note::  previous definition is hereerror\n183:31: : error: redefinition of typedef 'ASN1_BMPSTRING' is a C11 feature [-Werror,-Wtypedef-redefinition]redefinition of typedef 'ASN1_BIT_STRING' is a C11 feature [-Werror,-Wtypedef-redefinition]\n\ntypedef struct asn1_string_st ASN1_BIT_STRING;\n                              ^\ntypedef struct asn1_string_st ASN1_BIT_STRING;In file included from \nthird_party/boringssl/crypto/asn1/a_enum.c                              ^:62:\ntypedef struct asn1_string_st ASN1_BMPSTRING;In file included from \n                              ^\nthird_party/boringssl/include/openssl/mem.h:60/usr/local/opt/openssl@3/include/openssl/types.h:\nthird_party/boringssl/include/openssl/base.h:184:31\n: error: redefinition of typedef 'ASN1_BMPSTRING' is a C11 feature [-Werror,-Wtypedef-redefinition]/usr/local/opt/openssl@3/include/openssl/types.h\n:47::3154::typedef struct asn1_string_st ASN1_BMPSTRING;31:  \nnote                              ^: \nprevious definition is here\n/usr/local/opt/openssl@3/include/openssl/types.hnotetypedef struct asn1_string_st ASN1_BIT_STRING;:\n                              ^54\n:31: noteIn file included from : : third_party/boringssl/crypto/asn1/a_print.c:previous definition is here60:\nprevious definition is hereIn file included from \n\nthird_party/boringssl/include/openssl/mem.htypedef struct asn1_string_st ASN1_BMPSTRING;\n:                              ^\n60:\ntypedef struct asn1_string_st ASN1_BMPSTRING;third_party/boringssl/include/openssl/base.h:\n                              ^\nIn file included from third_party/boringssl/crypto/asn1/a_enum.c184::62:\n31In file included from In file included from third_party/boringssl/include/openssl/mem.hthird_party/boringssl/crypto/asn1/a_gentm.c:: 60::\n63third_party/boringssl/include/openssl/base.h:\n:error185:In file included from 31:: redefinition of typedef 'ASN1_BMPSTRING' is a C11 feature [-Werror,-Wtypedef-redefinition]third_party/boringssl/include/openssl/mem.h\n: 60:\nthird_party/boringssl/include/openssl/base.h:185:error31typedef struct asn1_string_st ASN1_BMPSTRING;\n                              ^\n: redefinition of typedef 'ASN1_ENUMERATED' is a C11 feature [-Werror,-Wtypedef-redefinition]\n: /usr/local/opt/openssl@3/include/openssl/types.htypedef struct asn1_string_st ASN1_ENUMERATED;\n:                              ^54\nmake: /usr/local/opt/openssl@3/include/openssl/types.h:46:31: note: previous definition is here\nerrortypedef struct asn1_string_st ASN1_ENUMERATED;\n*** [/Users/runner/actions-runner/_work/python.build/python.build/build_grpcio140311/grpcio-1.4.0/objs/opt/third_party/boringssl/crypto/asn1/a_mbstr.o] Error 1:\n31:                               ^redefinition of typedef 'ASN1_ENUMERATED' is a C11 feature [-Werror,-Wtypedef-redefinition]\n:typedef struct asn1_string_st ASN1_ENUMERATED;\n                              ^\n/usr/local/opt/openssl@3/include/openssl/types.h\n:46: 31:note note: previous definition is here\n: In file included from previous definition is here\ntypedef struct asn1_string_st ASN1_ENUMERATED;\ntypedef struct asn1_string_st ASN1_BMPSTRING;\n                              ^\n                              ^\nthird_party/boringssl/crypto/asn1/a_enum.cIn file included from third_party/boringssl/crypto/asn1/a_gentm.c:In file included from 63third_party/boringssl/crypto/asn1/a_print.c:\n:In file included from 60::\n62In file included from third_party/boringssl/include/openssl/mem.hthird_party/boringssl/include/openssl/mem.h:::\nIn file included from 6060third_party/boringssl/include/openssl/mem.h:\nthird_party/boringssl/include/openssl/base.h:186:31:\n::third_party/boringssl/include/openssl/base.h:18560::\n31third_party/boringssl/include/openssl/base.h:186:31: error: redefinition of typedef 'ASN1_GENERALIZEDTIME' is a C11 feature [-Werror,-Wtypedef-redefinition]\n :error : error: typedef struct asn1_string_st ASN1_GENERALIZEDTIME;\nredefinition of typedef 'ASN1_ENUMERATED' is a C11 feature [-Werror,-Wtypedef-redefinition]                              ^\nredefinition of typedef 'ASN1_GENERALIZEDTIME' is a C11 feature [-Werror,-Wtypedef-redefinition]/usr/local/opt/openssl@3/include/openssl/types.h:\n57:31:\n note: previous definition is here\ntypedef struct asn1_string_st ASN1_GENERALIZEDTIME;\n                              ^\ntypedef struct asn1_string_st ASN1_ENUMERATED;typedef struct asn1_string_st ASN1_GENERALIZEDTIME;\n                              ^\n\n/usr/local/opt/openssl@3/include/openssl/types.h                              ^:In file included from \nthird_party/boringssl/crypto/asn1/a_gentm.c:63:\n/usr/local/opt/openssl@3/include/openssl/types.h57:46::In file included from third_party/boringssl/include/openssl/mem.h:60:\nthird_party/boringssl/include/openssl/base.h:187:31: error31: :redefinition of typedef 'ASN1_GENERALSTRING' is a C11 feature [-Werror,-Wtypedef-redefinition] \n31: notetypedef struct asn1_string_st ASN1_GENERALSTRING;: \n                              ^previous definition is here\nnote/usr/local/opt/openssl@3/include/openssl/types.h\n: :52:31: previous definition is herenote: previous definition is heretypedef struct asn1_string_st ASN1_GENERALIZEDTIME;\n\n                              ^\n\ntypedef struct asn1_string_st ASN1_GENERALSTRING;\n                              ^In file included from \nthird_party/boringssl/crypto/asn1/a_enum.c:62:\nIn file included from third_party/boringssl/include/openssl/mem.htypedef struct asn1_string_st ASN1_ENUMERATED;In file included from \nthird_party/boringssl/crypto/asn1/a_gentm.c:                              ^63:60\n:\nIn file included from :\nthird_party/boringssl/include/openssl/mem.hthird_party/boringssl/include/openssl/base.h::In file included from 187third_party/boringssl/crypto/asn1/a_print.c60::\n:60:\nIn file included from third_party/boringssl/include/openssl/mem.h:60:\nthird_party/boringssl/include/openssl/base.h:186third_party/boringssl/include/openssl/base.h:31: error: :redefinition of typedef 'ASN1_GENERALIZEDTIME' is a C11 feature [-Werror,-Wtypedef-redefinition]\n188:31: typedef struct asn1_string_st ASN1_GENERALIZEDTIME;\n                              ^\n31/usr/local/opt/openssl@3/include/openssl/types.herror:: error: redefinition of typedef 'ASN1_IA5STRING' is a C11 feature [-Werror,-Wtypedef-redefinition]\n57:: typedef struct asn1_string_st ASN1_IA5STRING;\nredefinition of typedef 'ASN1_GENERALSTRING' is a C11 feature [-Werror,-Wtypedef-redefinition]                              ^\n\n31/usr/local/opt/openssl@3/include/openssl/types.h:typedef struct asn1_string_st ASN1_GENERALSTRING;51\n:                              ^:\n/usr/local/opt/openssl@3/include/openssl/types.h:52: 3131note::  note: :previous definition is here note: \nprevious definition is here\nprevious definition is here\ntypedef struct asn1_string_st ASN1_GENERALSTRING;typedef struct asn1_string_st ASN1_GENERALIZEDTIME;\ntypedef struct asn1_string_st ASN1_IA5STRING;                              ^\n\n                              ^\n                              ^\n\nIn file included from third_party/boringssl/crypto/asn1/a_print.c:60:\nIn file included from third_party/boringssl/include/openssl/mem.h:60:\nthird_party/boringssl/include/openssl/base.h:187:31: error: redefinition of typedef 'ASN1_GENERALSTRING' is a C11 feature [-Werror,-Wtypedef-redefinition]\nIn file included from typedef struct asn1_string_st ASN1_GENERALSTRING;\nthird_party/boringssl/crypto/asn1/a_enum.c:62:\n                              ^In file included from \nthird_party/boringssl/include/openssl/mem.hIn file included from /usr/local/opt/openssl@3/include/openssl/types.h::52:6031:\n:third_party/boringssl/include/openssl/base.h: 188note:: 31previous definition is here:\n errorthird_party/boringssl/crypto/asn1/a_gentm.ctypedef struct asn1_string_st ASN1_GENERALSTRING;:\n: redefinition of typedef 'ASN1_IA5STRING' is a C11 feature [-Werror,-Wtypedef-redefinition]\n63:\n                              ^In file included from third_party/boringssl/include/openssl/mem.h\n:60:\nthird_party/boringssl/include/openssl/base.h:189:31: error: redefinition of typedef 'ASN1_INTEGER' is a C11 feature [-Werror,-Wtypedef-redefinition]\ntypedef struct asn1_string_st ASN1_INTEGER;\nIn file included from                               ^\nthird_party/boringssl/crypto/asn1/a_print.c:/usr/local/opt/openssl@3/include/openssl/types.h60::\n45In file included from :31third_party/boringssl/include/openssl/mem.h:typedef struct asn1_string_st ASN1_IA5STRING;: note: previous definition is here\n\n                              ^typedef struct asn1_string_st ASN1_INTEGER;\n\n60                              ^:\n\nthird_party/boringssl/include/openssl/base.h/usr/local/opt/openssl@3/include/openssl/types.h:51::31:188 :note31: :previous definition is here \nerrorIn file included from : typedef struct asn1_string_st ASN1_IA5STRING;\n                              ^\nthird_party/boringssl/crypto/asn1/a_gentm.credefinition of typedef 'ASN1_IA5STRING' is a C11 feature [-Werror,-Wtypedef-redefinition]:In file included from 63:\nIn file included from third_party/boringssl/include/openssl/mem.h:60\nthird_party/boringssl/crypto/asn1/a_enum.c:\n:third_party/boringssl/include/openssl/base.h62::\n190In file included from typedef struct asn1_string_st ASN1_IA5STRING;third_party/boringssl/include/openssl/mem.h\n:                              ^60\n:\nthird_party/boringssl/include/openssl/base.h:189:/usr/local/opt/openssl@3/include/openssl/types.h:51:31:31 :note : previous definition is hereerror\n: redefinition of typedef 'ASN1_INTEGER' is a C11 feature [-Werror,-Wtypedef-redefinition]\n:typedef struct asn1_string_st ASN1_IA5STRING;31\n:                              ^ \ntypedef struct asn1_string_st ASN1_INTEGER;\n                              ^\nerror: /usr/local/opt/openssl@3/include/openssl/types.hredefinition of typedef 'ASN1_OCTET_STRING' is a C11 feature [-Werror,-Wtypedef-redefinition]:\n45:31: noteIn file included from : third_party/boringssl/crypto/asn1/a_print.c:60:\ntypedef struct asn1_string_st ASN1_OCTET_STRING;In file included from \nthird_party/boringssl/include/openssl/mem.h                              ^:\nprevious definition is here/usr/local/opt/openssl@3/include/openssl/types.h60::\n48third_party/boringssl/include/openssl/base.h:189::31: note\n31: : error: previous definition is hereredefinition of typedef 'ASN1_INTEGER' is a C11 feature [-Werror,-Wtypedef-redefinition]\n\ntypedef struct asn1_string_st ASN1_INTEGER;\n                              ^\ntypedef struct asn1_string_st ASN1_INTEGER;\ntypedef struct asn1_string_st ASN1_OCTET_STRING;In file included from third_party/boringssl/crypto/asn1/a_enum.c\n:                              ^62\n:\nIn file included from third_party/boringssl/include/openssl/mem.h:                              ^60\n:\nthird_party/boringssl/include/openssl/base.hIn file included from /usr/local/opt/openssl@3/include/openssl/types.hthird_party/boringssl/crypto/asn1/a_gentm.c::4563::\n31:190:In file included from third_party/boringssl/include/openssl/mem.h:60:\n31third_party/boringssl/include/openssl/base.h: error: :redefinition of typedef 'ASN1_OCTET_STRING' is a C11 feature [-Werror,-Wtypedef-redefinition] :191:31:\n error: redefinition of typedef 'ASN1_PRINTABLESTRING' is a C11 feature [-Werror,-Wtypedef-redefinition]note\n: previous definition is here\ntypedef struct asn1_string_st ASN1_OCTET_STRING;typedef struct asn1_string_st ASN1_PRINTABLESTRING;\n                              ^\n\n/usr/local/opt/openssl@3/include/openssl/types.h                              ^:\n48typedef struct asn1_string_st ASN1_INTEGER;/usr/local/opt/openssl@3/include/openssl/types.h\n:                              ^\n49::3131::  notenoteIn file included from : third_party/boringssl/crypto/asn1/a_print.cprevious definition is here:\n60:\n: In file included from third_party/boringssl/include/openssl/mem.hprevious definition is here:\ntypedef struct asn1_string_st ASN1_PRINTABLESTRING;\n                              ^typedef struct asn1_string_st ASN1_OCTET_STRING;\n\n                              ^In file included from third_party/boringssl/crypto/asn1/a_gentm.c:63\n60:\n:\nIn file included from third_party/boringssl/include/openssl/mem.h:60:\nthird_party/boringssl/include/openssl/base.hthird_party/boringssl/include/openssl/base.h:192:31In file included from :third_party/boringssl/crypto/asn1/a_enum.c :error62: :\nredefinition of typedef 'ASN1_STRING' is a C11 feature [-Werror,-Wtypedef-redefinition]In file included from third_party/boringssl/include/openssl/mem.h:60:\nthird_party/boringssl/include/openssl/base.h::191\n:31: error: 190redefinition of typedef 'ASN1_PRINTABLESTRING' is a C11 feature [-Werror,-Wtypedef-redefinition]\n:31: typedef struct asn1_string_st ASN1_STRING;error\n:                               ^redefinition of typedef 'ASN1_OCTET_STRING' is a C11 feature [-Werror,-Wtypedef-redefinition]\n\ntypedef struct asn1_string_st ASN1_PRINTABLESTRING;20 errors/usr/local/opt/openssl@3/include/openssl/types.h:typedef struct asn1_string_st ASN1_OCTET_STRING;60:\n generated                              ^\n.\n                              ^\n31/usr/local/opt/openssl@3/include/openssl/types.h::\n note: 48previous definition is here:\n31: /usr/local/opt/openssl@3/include/openssl/types.hnote: previous definition is here\n:typedef struct asn1_string_st ASN1_STRING;\n                              ^\ntypedef struct asn1_string_st ASN1_OCTET_STRING;\n                              ^\nIn file included from third_party/boringssl/crypto/asn1/a_gentm.c:63:\nIn file included from In file included from third_party/boringssl/include/openssl/mem.hthird_party/boringssl/crypto/asn1/a_print.c::6060:\n:\nthird_party/boringssl/include/openssl/base.hIn file included from :third_party/boringssl/include/openssl/mem.h193::6031:\n:third_party/boringssl/include/openssl/base.h:191 :error3149::: 31redefinition of typedef 'ASN1_T61STRING' is a C11 feature [-Werror,-Wtypedef-redefinition]:\n note : previous definition is heretypedef struct asn1_string_st ASN1_T61STRING;\n                              ^error\n\n: /usr/local/opt/openssl@3/include/openssl/types.hredefinition of typedef 'ASN1_PRINTABLESTRING' is a C11 feature [-Werror,-Wtypedef-redefinition]:\n50:31: typedef struct asn1_string_st ASN1_PRINTABLESTRING;\n                              ^typedef struct asn1_string_st ASN1_PRINTABLESTRING;\n                              ^\n\nnote/usr/local/opt/openssl@3/include/openssl/types.h: :previous definition is here\n49In file included from typedef struct asn1_string_st ASN1_T61STRING;\n                              ^third_party/boringssl/crypto/asn1/a_enum.c\n::62:\n31In file included from :third_party/boringssl/include/openssl/mem.hfatal error :: note60too many errors emitted, stopping now [-ferror-limit=]\n: :\nprevious definition is here\nthird_party/boringssl/include/openssl/base.h:192:31: error: redefinition of typedef 'ASN1_STRING' is a C11 feature [-Werror,-Wtypedef-redefinition]\ntypedef struct asn1_string_st ASN1_PRINTABLESTRING;typedef struct asn1_string_st ASN1_STRING;\n                              ^\n\n                              ^\n/usr/local/opt/openssl@3/include/openssl/types.h:60:31:In file included from third_party/boringssl/crypto/asn1/a_print.c :note60: :\nIn file included from previous definition is herethird_party/boringssl/include/openssl/mem.h\n:60:\nthird_party/boringssl/include/openssl/base.h:192:typedef struct asn1_string_st ASN1_STRING;\n                              ^\n31: errorIn file included from : third_party/boringssl/crypto/asn1/a_enum.credefinition of typedef 'ASN1_STRING' is a C11 feature [-Werror,-Wtypedef-redefinition]:\n62:\nIn file included from third_party/boringssl/include/openssl/mem.h:60typedef struct asn1_string_st ASN1_STRING;\n                              ^\n:\n/usr/local/opt/openssl@3/include/openssl/types.h:60:31third_party/boringssl/include/openssl/base.h::193: 31note::  error: redefinition of typedef 'ASN1_T61STRING' is a C11 feature [-Werror,-Wtypedef-redefinition]\nprevious definition is here\ntypedef struct asn1_string_st ASN1_T61STRING;typedef struct asn1_string_st ASN1_STRING;\n\n                              ^                              ^\n\n/usr/local/opt/openssl@3/include/openssl/types.hIn file included from third_party/boringssl/crypto/asn1/a_print.c::50:3160:\nIn file included from :third_party/boringssl/include/openssl/mem.h :note60: :\nprevious definition is here\nthird_party/boringssl/include/openssl/base.h:193:typedef struct asn1_string_st ASN1_T61STRING;31\n:                              ^\n error: redefinition of typedef 'ASN1_T61STRING' is a C11 feature [-Werror,-Wtypedef-redefinition]\nfatal error: typedef struct asn1_string_st ASN1_T61STRING;too many errors emitted, stopping now [-ferror-limit=]\n\n                              ^\n/usr/local/opt/openssl@3/include/openssl/types.h:50:31: note: previous definition is here\ntypedef struct asn1_string_st ASN1_T61STRING;\n                              ^\nfatal error: too many errors emitted, stopping now [-ferror-limit=]\n20 errors generated.\n20 errors generated.\n20 errors generated.\nmake: *** [/Users/runner/actions-runner/_work/python.build/python.build/build_grpcio140311/grpcio-1.4.0/objs/opt/third_party/boringssl/crypto/asn1/a_object.o] Error 1\nmake: *** [/Users/runner/actions-runner/_work/python.build/python.build/build_grpcio140311/grpcio-1.4.0/objs/opt/third_party/boringssl/crypto/asn1/a_enum.o] Error 1\nmake: *** [/Users/runner/actions-runner/_work/python.build/python.build/build_grpcio140311/grpcio-1.4.0/objs/opt/third_party/boringssl/crypto/asn1/a_gentm.o] Error 1\nmake: *** [/Users/runner/actions-runner/_work/python.build/python.build/build_grpcio140311/grpcio-1.4.0/objs/opt/third_party/boringssl/crypto/asn1/a_print.o] Error 1\nIn file included from third_party/boringssl/crypto/asn1/a_strnid.c:63:\nIn file included from third_party/boringssl/include/openssl/mem.h:60:\nthird_party/boringssl/include/openssl/base.h:120:9: error: 'OPENSSL_VERSION_NUMBER' macro redefined [-Werror,-Wmacro-redefined]\n#define OPENSSL_VERSION_NUMBER 0x10002000\n        ^\n/usr/local/opt/openssl@3/include/openssl/opensslv.h:99:10: note: previous definition is here\n# define OPENSSL_VERSION_NUMBER          \\\n         ^\nIn file included from third_party/boringssl/crypto/asn1/a_strnid.c:63:\nIn file included from third_party/boringssl/include/openssl/mem.h:60:\nthird_party/boringssl/include/openssl/base.h:155:9: error: 'OPENSSL_EXPORT' macro redefined [-Werror,-Wmacro-redefined]\n#define OPENSSL_EXPORT\n        ^\n/usr/local/opt/openssl@3/include/openssl/e_os2.h:183:11: note: previous definition is here\n#  define OPENSSL_EXPORT extern\n          ^\nIn file included from third_party/boringssl/crypto/asn1/a_strnid.c:63:\nIn file included from third_party/boringssl/include/openssl/mem.h:60:\nthird_party/boringssl/include/openssl/base.h:176:13: error: typedef redefinition with different types ('int' vs 'struct crypto_threadid_st')\ntypedef int CRYPTO_THREADID;\n            ^\n/usr/local/opt/openssl@3/include/openssl/crypto.h:308:3: note: previous definition is here\n} CRYPTO_THREADID;\n  ^\nIn file included from third_party/boringssl/crypto/asn1/a_strnid.c:63:\nIn file included from third_party/boringssl/include/openssl/mem.h:60:\nthird_party/boringssl/include/openssl/base.h:178:13: error: redefinition of typedef 'ASN1_BOOLEAN' is a C11 feature [-Werror,-Wtypedef-redefinition]\ntypedef int ASN1_BOOLEAN;\n            ^\n/usr/local/opt/openssl@3/include/openssl/types.h:61:13: note: previous definition is here\ntypedef int ASN1_BOOLEAN;\n            ^\nIn file included from third_party/boringssl/crypto/asn1/a_strnid.c:63:\nIn file included from third_party/boringssl/include/openssl/mem.h:60:\nthird_party/boringssl/include/openssl/base.h:179:13: error: redefinition of typedef 'ASN1_NULL' is a C11 feature [-Werror,-Wtypedef-redefinition]\ntypedef int ASN1_NULL;\n            ^\n/usr/local/opt/openssl@3/include/openssl/types.h:62:13: note: previous definition is here\ntypedef int ASN1_NULL;\n            ^\nIn file included from third_party/boringssl/crypto/asn1/a_strnid.c:63:\nIn file included from third_party/boringssl/include/openssl/mem.h:60:\nthird_party/boringssl/include/openssl/base.h:180:29: error: redefinition of typedef 'ASN1_ITEM' is a C11 feature [-Werror,-Wtypedef-redefinition]\ntypedef struct ASN1_ITEM_st ASN1_ITEM;\n                            ^\n/usr/local/opt/openssl@3/include/openssl/types.h:69:29: note: previous definition is here\ntypedef struct ASN1_ITEM_st ASN1_ITEM;\n                            ^\nIn file included from third_party/boringssl/crypto/asn1/a_strnid.c:63:\nIn file included from third_party/boringssl/include/openssl/mem.h:60:\nthird_party/boringssl/include/openssl/base.h:181:31: error: redefinition of typedef 'ASN1_OBJECT' is a C11 feature [-Werror,-Wtypedef-redefinition]\ntypedef struct asn1_object_st ASN1_OBJECT;\n                              ^\n/usr/local/opt/openssl@3/include/openssl/types.h:66:31: note: previous definition is here\ntypedef struct asn1_object_st ASN1_OBJECT;\n                              ^\nIn file included from third_party/boringssl/crypto/asn1/a_strnid.c:63:\nIn file included from third_party/boringssl/include/openssl/mem.h:60:\nthird_party/boringssl/include/openssl/base.h:182:29: error: redefinition of typedef 'ASN1_PCTX' is a C11 feature [-Werror,-Wtypedef-redefinition]\ntypedef struct asn1_pctx_st ASN1_PCTX;\n                            ^\n/usr/local/opt/openssl@3/include/openssl/types.h:70:29: note: previous definition is here\ntypedef struct asn1_pctx_st ASN1_PCTX;\n                            ^\nIn file included from third_party/boringssl/crypto/asn1/a_strnid.c:63:\nIn file included from third_party/boringssl/include/openssl/mem.h:60:\nthird_party/boringssl/include/openssl/base.h:183:31: error: redefinition of typedef 'ASN1_BIT_STRING' is a C11 feature [-Werror,-Wtypedef-redefinition]\ntypedef struct asn1_string_st ASN1_BIT_STRING;\n                              ^\n/usr/local/opt/openssl@3/include/openssl/types.h:47:31: note: previous definition is here\ntypedef struct asn1_string_st ASN1_BIT_STRING;\n                              ^\nIn file included from third_party/boringssl/crypto/asn1/a_strnid.c:63:\nIn file included from third_party/boringssl/include/openssl/mem.h:60:\nthird_party/boringssl/include/openssl/base.h:184:31: error: redefinition of typedef 'ASN1_BMPSTRING' is a C11 feature [-Werror,-Wtypedef-redefinition]\ntypedef struct asn1_string_st ASN1_BMPSTRING;\n                              ^\n/usr/local/opt/openssl@3/include/openssl/types.h:54:31: note: previous definition is here\ntypedef struct asn1_string_st ASN1_BMPSTRING;\n                              ^\nIn file included from third_party/boringssl/crypto/asn1/a_strnid.c:63:\nIn file included from third_party/boringssl/include/openssl/mem.h:60:\nthird_party/boringssl/include/openssl/base.h:185:31: error: redefinition of typedef 'ASN1_ENUMERATED' is a C11 feature [-Werror,-Wtypedef-redefinition]\ntypedef struct asn1_string_st ASN1_ENUMERATED;\n                              ^\n/usr/local/opt/openssl@3/include/openssl/types.h:46:31: note: previous definition is here\ntypedef struct asn1_string_st ASN1_ENUMERATED;\n                              ^\nIn file included from third_party/boringssl/crypto/asn1/a_strnid.c:63:\nIn file included from third_party/boringssl/include/openssl/mem.h:60:\nthird_party/boringssl/include/openssl/base.h:186:31: error: redefinition of typedef 'ASN1_GENERALIZEDTIME' is a C11 feature [-Werror,-Wtypedef-redefinition]\ntypedef struct asn1_string_st ASN1_GENERALIZEDTIME;\n                              ^\n/usr/local/opt/openssl@3/include/openssl/types.h:57:31: note: previous definition is here\ntypedef struct asn1_string_st ASN1_GENERALIZEDTIME;\n                              ^\nIn file included from third_party/boringssl/crypto/asn1/a_strnid.c:63:\nIn file included from third_party/boringssl/include/openssl/mem.h:60:\nthird_party/boringssl/include/openssl/base.h:187:31: error: redefinition of typedef 'ASN1_GENERALSTRING' is a C11 feature [-Werror,-Wtypedef-redefinition]\ntypedef struct asn1_string_st ASN1_GENERALSTRING;\n                              ^\n/usr/local/opt/openssl@3/include/openssl/types.h:52:31: note: previous definition is here\ntypedef struct asn1_string_st ASN1_GENERALSTRING;\n                              ^\nIn file included from third_party/boringssl/crypto/asn1/a_strnid.c:63:\nIn file included from third_party/boringssl/include/openssl/mem.h:60:\nthird_party/boringssl/include/openssl/base.h:188:31: error: redefinition of typedef 'ASN1_IA5STRING' is a C11 feature [-Werror,-Wtypedef-redefinition]\ntypedef struct asn1_string_st ASN1_IA5STRING;\n                              ^\n/usr/local/opt/openssl@3/include/openssl/types.h:51:31: note: previous definition is here\ntypedef struct asn1_string_st ASN1_IA5STRING;\n                              ^\nIn file included from third_party/boringssl/crypto/asn1/a_strnid.c:63:\nIn file included from third_party/boringssl/include/openssl/mem.h:60:\nthird_party/boringssl/include/openssl/base.h:189:31: error: redefinition of typedef 'ASN1_INTEGER' is a C11 feature [-Werror,-Wtypedef-redefinition]\ntypedef struct asn1_string_st ASN1_INTEGER;\n                              ^\n/usr/local/opt/openssl@3/include/openssl/types.h:45:31: note: previous definition is here\ntypedef struct asn1_string_st ASN1_INTEGER;\n                              ^\nIn file included from third_party/boringssl/crypto/asn1/a_strnid.c:63:\nIn file included from third_party/boringssl/include/openssl/mem.h:60:\nthird_party/boringssl/include/openssl/base.h:190:31: error: redefinition of typedef 'ASN1_OCTET_STRING' is a C11 feature [-Werror,-Wtypedef-redefinition]\ntypedef struct asn1_string_st ASN1_OCTET_STRING;\n                              ^\n/usr/local/opt/openssl@3/include/openssl/types.h:48:31: note: previous definition is here\ntypedef struct asn1_string_st ASN1_OCTET_STRING;\n                              ^\nIn file included from third_party/boringssl/crypto/asn1/a_strnid.c:63:\nIn file included from third_party/boringssl/include/openssl/mem.h:60:\nthird_party/boringssl/include/openssl/base.h:191:31: error: redefinition of typedef 'ASN1_PRINTABLESTRING' is a C11 feature [-Werror,-Wtypedef-redefinition]\ntypedef struct asn1_string_st ASN1_PRINTABLESTRING;\n                              ^\n/usr/local/opt/openssl@3/include/openssl/types.h:49:31: note: previous definition is here\ntypedef struct asn1_string_st ASN1_PRINTABLESTRING;\n                              ^\nIn file included from third_party/boringssl/crypto/asn1/a_strnid.c:63:\nIn file included from third_party/boringssl/include/openssl/mem.h:60:\nthird_party/boringssl/include/openssl/base.h:192:31: error: redefinition of typedef 'ASN1_STRING' is a C11 feature [-Werror,-Wtypedef-redefinition]\ntypedef struct asn1_string_st ASN1_STRING;\n                              ^\n/usr/local/opt/openssl@3/include/openssl/types.h:60:31: note: previous definition is here\ntypedef struct asn1_string_st ASN1_STRING;\n                              ^\nIn file included from third_party/boringssl/crypto/asn1/a_strnid.c:63:\nIn file included from third_party/boringssl/include/openssl/mem.h:60:\nthird_party/boringssl/include/openssl/base.h:193:31: error: redefinition of typedef 'ASN1_T61STRING' is a C11 feature [-Werror,-Wtypedef-redefinition]\ntypedef struct asn1_string_st ASN1_T61STRING;\n                              ^\n/usr/local/opt/openssl@3/include/openssl/types.h:50:31: note: previous definition is here\ntypedef struct asn1_string_st ASN1_T61STRING;\n                              ^\nfatal error: too many errors emitted, stopping now [-ferror-limit=]\n20 errors generated.\nIn file included from third_party/boringssl/crypto/asn1/a_time.c:63:\nIn file included from third_party/boringssl/include/openssl/buf.h:60:\nthird_party/boringssl/include/openssl/base.h:120:9: error: 'OPENSSL_VERSION_NUMBER' macro redefined [-Werror,-Wmacro-redefined]\n#define OPENSSL_VERSION_NUMBER 0x10002000\n        ^\n/usr/local/opt/openssl@3/include/openssl/opensslv.h:99:10: note: previous definition is here\n# define OPENSSL_VERSION_NUMBER          \\\n         ^\nIn file included from third_party/boringssl/crypto/asn1/a_time.c:63:\nIn file included from third_party/boringssl/include/openssl/buf.h:60:\nthird_party/boringssl/include/openssl/base.h:155:9: error: 'OPENSSL_EXPORT' macro redefined [-Werror,-Wmacro-redefined]\n#define OPENSSL_EXPORT\n        ^\n/usr/local/opt/openssl@3/include/openssl/e_os2.h:183:11: note: previous definition is here\n#  define OPENSSL_EXPORT extern\n          ^\nIn file included from third_party/boringssl/crypto/asn1/a_time.c:63:\nIn file included from third_party/boringssl/include/openssl/buf.h:60:\nthird_party/boringssl/include/openssl/base.h:176:13: error: typedef redefinition with different types ('int' vs 'struct crypto_threadid_st')\ntypedef int CRYPTO_THREADID;\n            ^\n/usr/local/opt/openssl@3/include/openssl/crypto.h:308:3: note: previous definition is here\n} CRYPTO_THREADID;\n  ^\nIn file included from third_party/boringssl/crypto/asn1/a_time.c:63:\nIn file included from third_party/boringssl/include/openssl/buf.h:60:\nthird_party/boringssl/include/openssl/base.h:178:13: error: redefinition of typedef 'ASN1_BOOLEAN' is a C11 feature [-Werror,-Wtypedef-redefinition]\ntypedef int ASN1_BOOLEAN;\n            ^\n/usr/local/opt/openssl@3/include/openssl/types.h:61:13: note: previous definition is here\ntypedef int ASN1_BOOLEAN;\n            ^\nIn file included from third_party/boringssl/crypto/asn1/a_time.c:63:\nIn file included from third_party/boringssl/include/openssl/buf.h:60:\nthird_party/boringssl/include/openssl/base.h:179:13: error: redefinition of typedef 'ASN1_NULL' is a C11 feature [-Werror,-Wtypedef-redefinition]\ntypedef int ASN1_NULL;\n            ^\n/usr/local/opt/openssl@3/include/openssl/types.h:62:13: note: previous definition is here\ntypedef int ASN1_NULL;\n            ^\nIn file included from third_party/boringssl/crypto/asn1/a_time.c:63:\nIn file included from third_party/boringssl/include/openssl/buf.h:60:\nthird_party/boringssl/include/openssl/base.h:180:29: error: redefinition of typedef 'ASN1_ITEM' is a C11 feature [-Werror,-Wtypedef-redefinition]\ntypedef struct ASN1_ITEM_st ASN1_ITEM;\n                            ^\n/usr/local/opt/openssl@3/include/openssl/types.h:69:29: note: previous definition is here\ntypedef struct ASN1_ITEM_st ASN1_ITEM;\n                            ^\nIn file included from third_party/boringssl/crypto/asn1/a_time.c:63:\nIn file included from third_party/boringssl/include/openssl/buf.h:60:\nthird_party/boringssl/include/openssl/base.h:181:31: error: redefinition of typedef 'ASN1_OBJECT' is a C11 feature [-Werror,-Wtypedef-redefinition]\ntypedef struct asn1_object_st ASN1_OBJECT;\n                              ^\n/usr/local/opt/openssl@3/include/openssl/types.h:66:31: note: previous definition is here\ntypedef struct asn1_object_st ASN1_OBJECT;\n                              ^\nIn file included from third_party/boringssl/crypto/asn1/a_time.c:63:\nIn file included from third_party/boringssl/include/openssl/buf.h:60:\nthird_party/boringssl/include/openssl/base.h:182:29: error: redefinition of typedef 'ASN1_PCTX' is a C11 feature [-Werror,-Wtypedef-redefinition]\ntypedef struct asn1_pctx_st ASN1_PCTX;\n                            ^\n/usr/local/opt/openssl@3/include/openssl/types.h:70:29: note: previous definition is here\ntypedef struct asn1_pctx_st ASN1_PCTX;\n                            ^\nIn file included from third_party/boringssl/crypto/asn1/a_time.c:63:\nIn file included from third_party/boringssl/include/openssl/buf.h:60:\nthird_party/boringssl/include/openssl/base.h:183:31: error: redefinition of typedef 'ASN1_BIT_STRING' is a C11 feature [-Werror,-Wtypedef-redefinition]\ntypedef struct asn1_string_st ASN1_BIT_STRING;\n                              ^\n/usr/local/opt/openssl@3/include/openssl/types.h:47:31: note: previous definition is here\ntypedef struct asn1_string_st ASN1_BIT_STRING;\n                              ^\nIn file included from third_party/boringssl/crypto/asn1/a_time.c:63:\nIn file included from third_party/boringssl/include/openssl/buf.h:60:\nthird_party/boringssl/include/openssl/base.h:184:31: error: redefinition of typedef 'ASN1_BMPSTRING' is a C11 feature [-Werror,-Wtypedef-redefinition]\ntypedef struct asn1_string_st ASN1_BMPSTRING;\n                              ^\n/usr/local/opt/openssl@3/include/openssl/types.h:54:31: note: previous definition is here\ntypedef struct asn1_string_st ASN1_BMPSTRING;\n                              ^\nIn file included from third_party/boringssl/crypto/asn1/a_time.c:63:\nIn file included from third_party/boringssl/include/openssl/buf.h:60:\nthird_party/boringssl/include/openssl/base.h:185:31: error: redefinition of typedef 'ASN1_ENUMERATED' is a C11 feature [-Werror,-Wtypedef-redefinition]\ntypedef struct asn1_string_st ASN1_ENUMERATED;\n                              ^\n/usr/local/opt/openssl@3/include/openssl/types.h:46:31: note: previous definition is here\ntypedef struct asn1_string_st ASN1_ENUMERATED;\n                              ^\nIn file included from third_party/boringssl/crypto/asn1/a_time.c:63:\nIn file included from third_party/boringssl/include/openssl/buf.h:60:\nthird_party/boringssl/include/openssl/base.h:186:31: error: redefinition of typedef 'ASN1_GENERALIZEDTIME' is a C11 feature [-Werror,-Wtypedef-redefinition]\ntypedef struct asn1_string_st ASN1_GENERALIZEDTIME;\n                              ^\n/usr/local/opt/openssl@3/include/openssl/types.h:57:31: note: previous definition is here\ntypedef struct asn1_string_st ASN1_GENERALIZEDTIME;\n                              ^\nIn file included from third_party/boringssl/crypto/asn1/a_time.c:63:\nIn file included from third_party/boringssl/include/openssl/buf.h:60:\nthird_party/boringssl/include/openssl/base.h:187:31: error: redefinition of typedef 'ASN1_GENERALSTRING' is a C11 feature [-Werror,-Wtypedef-redefinition]\ntypedef struct asn1_string_st ASN1_GENERALSTRING;\n                              ^\n/usr/local/opt/openssl@3/include/openssl/types.h:52:31: note: previous definition is here\ntypedef struct asn1_string_st ASN1_GENERALSTRING;\n                              ^\nIn file included from third_party/boringssl/crypto/asn1/a_time.c:63:\nIn file included from third_party/boringssl/include/openssl/buf.h:60:\nthird_party/boringssl/include/openssl/base.h:188:31: error: redefinition of typedef 'ASN1_IA5STRING' is a C11 feature [-Werror,-Wtypedef-redefinition]\ntypedef struct asn1_string_st ASN1_IA5STRING;\n                              ^\n/usr/local/opt/openssl@3/include/openssl/types.h:51:31: note: previous definition is here\ntypedef struct asn1_string_st ASN1_IA5STRING;\n                              ^\nIn file included from third_party/boringssl/crypto/asn1/a_time.c:63:\nIn file included from third_party/boringssl/include/openssl/buf.h:60:\nthird_party/boringssl/include/openssl/base.h:189:31: error: redefinition of typedef 'ASN1_INTEGER' is a C11 feature [-Werror,-Wtypedef-redefinition]\ntypedef struct asn1_string_st ASN1_INTEGER;\n                              ^\n/usr/local/opt/openssl@3/include/openssl/types.h:45:31: note: previous definition is here\ntypedef struct asn1_string_st ASN1_INTEGER;\n                              ^\nIn file included from third_party/boringssl/crypto/asn1/a_time.c:63:\nIn file included from third_party/boringssl/include/openssl/buf.h:60:\nthird_party/boringssl/include/openssl/base.h:190:31: error: redefinition of typedef 'ASN1_OCTET_STRING' is a C11 feature [-Werror,-Wtypedef-redefinition]\ntypedef struct asn1_string_st ASN1_OCTET_STRING;\n                              ^\n/usr/local/opt/openssl@3/include/openssl/types.h:48:31: note: previous definition is here\ntypedef struct asn1_string_st ASN1_OCTET_STRING;\n                              ^\nIn file included from third_party/boringssl/crypto/asn1/a_time.c:63:\nIn file included from third_party/boringssl/include/openssl/buf.h:60:\nthird_party/boringssl/include/openssl/base.h:191:31: error: redefinition of typedef 'ASN1_PRINTABLESTRING' is a C11 feature [-Werror,-Wtypedef-redefinition]\ntypedef struct asn1_string_st ASN1_PRINTABLESTRING;\n                              ^\n/usr/local/opt/openssl@3/include/openssl/types.h:49:31: note: previous definition is here\ntypedef struct asn1_string_st ASN1_PRINTABLESTRING;\n                              ^\nIn file included from third_party/boringssl/crypto/asn1/a_time.c:63:\nIn file included from third_party/boringssl/include/openssl/buf.h:60:\nthird_party/boringssl/include/openssl/base.h:192:31: error: redefinition of typedef 'ASN1_STRING' is a C11 feature [-Werror,-Wtypedef-redefinition]\ntypedef struct asn1_string_st ASN1_STRING;\n                              ^\n/usr/local/opt/openssl@3/include/openssl/types.h:60:31: note: previous definition is here\ntypedef struct asn1_string_st ASN1_STRING;\n                              ^\nIn file included from third_party/boringssl/crypto/asn1/a_time.c:63:\nIn file included from third_party/boringssl/include/openssl/buf.h:60:\nthird_party/boringssl/include/openssl/base.h:193:31: error: redefinition of typedef 'ASN1_T61STRING' is a C11 feature [-Werror,-Wtypedef-redefinition]\ntypedef struct asn1_string_st ASN1_T61STRING;\n                              ^\n/usr/local/opt/openssl@3/include/openssl/types.h:50:31: note: previous definition is here\nmake: typedef struct asn1_string_st ASN1_T61STRING;\n*** [/Users/runner/actions-runner/_work/python.build/python.build/build_grpcio140311/grpcio-1.4.0/objs/opt/third_party/boringssl/crypto/asn1/a_strnid.o] Error 1                              ^\n\nfatal error: too many errors emitted, stopping now [-ferror-limit=]\n20 errors generated.\nmake: *** [/Users/runner/actions-runner/_work/python.build/python.build/build_grpcio140311/grpcio-1.4.0/objs/opt/third_party/boringssl/crypto/asn1/a_time.o] Error 1\n"
2022-12-27T01:54:15.8672530Z   Traceback (most recent call last):
2022-12-27T01:54:15.8684630Z     File "<string>", line 2, in <module>
2022-12-27T01:54:15.8685370Z     File "<pip-setuptools-caller>", line 34, in <module>
2022-12-27T01:54:15.8686160Z     File "/Users/runner/actions-runner/_work/python.build/python.build/build_grpcio140311/grpcio-1.4.0/setup.py", line 293, in <module>
2022-12-27T01:54:15.8686610Z       setuptools.setup(
2022-12-27T01:54:15.8687390Z     File "/private/var/folders/51/hd414ycd67n82196sw51xqtc0000gn/T/cibw-run-cpqgadf0/cp311-macosx_arm64/build/venv/lib/python3.11/site-packages/setuptools/__init__.py", line 87, in setup
2022-12-27T01:54:15.8687910Z       return distutils.core.setup(**attrs)
2022-12-27T01:54:15.8688280Z              ^^^^^^^^^^^^^^^^^^^^^^^^^^^^^
2022-12-27T01:54:15.8689010Z     File "/private/var/folders/51/hd414ycd67n82196sw51xqtc0000gn/T/cibw-run-cpqgadf0/cp311-macosx_arm64/build/venv/lib/python3.11/site-packages/setuptools/_distutils/core.py", line 185, in setup
2022-12-27T01:54:15.8689510Z       return run_commands(dist)
2022-12-27T01:54:15.8689810Z              ^^^^^^^^^^^^^^^^^^
2022-12-27T01:54:15.8690460Z     File "/private/var/folders/51/hd414ycd67n82196sw51xqtc0000gn/T/cibw-run-cpqgadf0/cp311-macosx_arm64/build/venv/lib/python3.11/site-packages/setuptools/_distutils/core.py", line 201, in run_commands
2022-12-27T01:54:15.8690970Z       dist.run_commands()
2022-12-27T01:54:15.8691610Z     File "/private/var/folders/51/hd414ycd67n82196sw51xqtc0000gn/T/cibw-run-cpqgadf0/cp311-macosx_arm64/build/venv/lib/python3.11/site-packages/setuptools/_distutils/dist.py", line 969, in run_commands
2022-12-27T01:54:15.8692110Z       self.run_command(cmd)
2022-12-27T01:54:15.8692790Z     File "/private/var/folders/51/hd414ycd67n82196sw51xqtc0000gn/T/cibw-run-cpqgadf0/cp311-macosx_arm64/build/venv/lib/python3.11/site-packages/setuptools/dist.py", line 1208, in run_command
2022-12-27T01:54:15.8693500Z       super().run_command(command)
2022-12-27T01:54:15.8694190Z     File "/private/var/folders/51/hd414ycd67n82196sw51xqtc0000gn/T/cibw-run-cpqgadf0/cp311-macosx_arm64/build/venv/lib/python3.11/site-packages/setuptools/_distutils/dist.py", line 988, in run_command
2022-12-27T01:54:15.8694670Z       cmd_obj.run()
2022-12-27T01:54:15.8695370Z     File "/private/var/folders/51/hd414ycd67n82196sw51xqtc0000gn/T/cibw-run-cpqgadf0/cp311-macosx_arm64/build/venv/lib/python3.11/site-packages/wheel/bdist_wheel.py", line 325, in run
2022-12-27T01:54:15.8695980Z       self.run_command("build")
2022-12-27T01:54:15.8696640Z     File "/private/var/folders/51/hd414ycd67n82196sw51xqtc0000gn/T/cibw-run-cpqgadf0/cp311-macosx_arm64/build/venv/lib/python3.11/site-packages/setuptools/_distutils/cmd.py", line 318, in run_command
2022-12-27T01:54:15.8697170Z       self.distribution.run_command(command)
2022-12-27T01:54:15.8697890Z     File "/private/var/folders/51/hd414ycd67n82196sw51xqtc0000gn/T/cibw-run-cpqgadf0/cp311-macosx_arm64/build/venv/lib/python3.11/site-packages/setuptools/dist.py", line 1208, in run_command
2022-12-27T01:54:15.8698380Z       super().run_command(command)
2022-12-27T01:54:15.8699100Z     File "/private/var/folders/51/hd414ycd67n82196sw51xqtc0000gn/T/cibw-run-cpqgadf0/cp311-macosx_arm64/build/venv/lib/python3.11/site-packages/setuptools/_distutils/dist.py", line 988, in run_command
2022-12-27T01:54:15.8699530Z       cmd_obj.run()
2022-12-27T01:54:15.8700220Z     File "/private/var/folders/51/hd414ycd67n82196sw51xqtc0000gn/T/cibw-run-cpqgadf0/cp311-macosx_arm64/build/venv/lib/python3.11/site-packages/setuptools/_distutils/command/build.py", line 132, in run
2022-12-27T01:54:15.8700730Z       self.run_command(cmd_name)
2022-12-27T01:54:15.8701450Z     File "/private/var/folders/51/hd414ycd67n82196sw51xqtc0000gn/T/cibw-run-cpqgadf0/cp311-macosx_arm64/build/venv/lib/python3.11/site-packages/setuptools/_distutils/cmd.py", line 318, in run_command
2022-12-27T01:54:15.8701970Z       self.distribution.run_command(command)
2022-12-27T01:54:15.8702800Z     File "/private/var/folders/51/hd414ycd67n82196sw51xqtc0000gn/T/cibw-run-cpqgadf0/cp311-macosx_arm64/build/venv/lib/python3.11/site-packages/setuptools/dist.py", line 1208, in run_command
2022-12-27T01:54:15.8703280Z       super().run_command(command)
2022-12-27T01:54:15.8704000Z     File "/private/var/folders/51/hd414ycd67n82196sw51xqtc0000gn/T/cibw-run-cpqgadf0/cp311-macosx_arm64/build/venv/lib/python3.11/site-packages/setuptools/_distutils/dist.py", line 988, in run_command
2022-12-27T01:54:15.8704480Z       cmd_obj.run()
2022-12-27T01:54:15.8705140Z     File "/private/var/folders/51/hd414ycd67n82196sw51xqtc0000gn/T/cibw-run-cpqgadf0/cp311-macosx_arm64/build/venv/lib/python3.11/site-packages/setuptools/command/build_ext.py", line 84, in run
2022-12-27T01:54:15.8705620Z       _build_ext.run(self)
2022-12-27T01:54:15.8706260Z     File "/private/var/folders/51/hd414ycd67n82196sw51xqtc0000gn/T/cibw-run-cpqgadf0/cp311-macosx_arm64/build/venv/lib/python3.11/site-packages/Cython/Distutils/old_build_ext.py", line 186, in run
2022-12-27T01:54:15.8706770Z       _build_ext.build_ext.run(self)
2022-12-27T01:54:15.8707560Z     File "/private/var/folders/51/hd414ycd67n82196sw51xqtc0000gn/T/cibw-run-cpqgadf0/cp311-macosx_arm64/build/venv/lib/python3.11/site-packages/setuptools/_distutils/command/build_ext.py", line 346, in run
2022-12-27T01:54:15.8708070Z       self.build_extensions()
2022-12-27T01:54:15.8708730Z     File "/Users/runner/actions-runner/_work/python.build/python.build/build_grpcio140311/grpcio-1.4.0/src/python/grpcio/commands.py", line 291, in build_extensions
2022-12-27T01:54:15.8709160Z       raise Exception("make command failed!")
2022-12-27T01:54:15.8709490Z   Exception: make command failed!
2022-12-27T01:54:15.9447110Z   error: subprocess-exited-with-error
2022-12-27T01:54:15.9447770Z   
2022-12-27T01:54:15.9448560Z   Ã— python setup.py bdist_wheel did not run successfully.
2022-12-27T01:54:15.9450190Z   â”‚ exit code: 1
2022-12-27T01:54:15.9450920Z   â•°â”€> See above for output.
2022-12-27T01:54:15.9451440Z   
2022-12-27T01:54:15.9452080Z   note: This error originates from a subprocess, and is likely not a problem with pip.
2022-12-27T01:54:15.9457460Z   full command: /private/var/folders/51/hd414ycd67n82196sw51xqtc0000gn/T/cibw-run-cpqgadf0/cp311-macosx_arm64/build/venv/bin/python -u -c '
2022-12-27T01:54:15.9458460Z   exec(compile('"'"''"'"''"'"'
2022-12-27T01:54:15.9459310Z   # This is <pip-setuptools-caller> -- a caller that pip uses to run setup.py
2022-12-27T01:54:15.9459920Z   #
2022-12-27T01:54:15.9460610Z   # - It imports setuptools before invoking setup.py, to enable projects that directly
2022-12-27T01:54:15.9461440Z   #   import from `distutils.core` to work with newer packaging standards.
2022-12-27T01:54:15.9462300Z   # - It provides a clear error message when setuptools is not installed.
2022-12-27T01:54:15.9463230Z   # - It sets `sys.argv[0]` to the underlying `setup.py`, when invoking `setup.py` so
2022-12-27T01:54:15.9464330Z   #   setuptools doesn'"'"'t think the script is `-c`. This avoids the following warning:
2022-12-27T01:54:15.9465280Z   #     manifest_maker: standard file '"'"'-c'"'"' not found".
2022-12-27T01:54:15.9466130Z   # - It generates a shim setup.py, for handling setup.cfg-only projects.
2022-12-27T01:54:15.9466850Z   import os, sys, tokenize
2022-12-27T01:54:15.9467550Z   
2022-12-27T01:54:15.9467950Z   try:
2022-12-27T01:54:15.9468450Z       import setuptools
2022-12-27T01:54:15.9469050Z   except ImportError as error:
2022-12-27T01:54:15.9469540Z       print(
2022-12-27T01:54:15.9470190Z           "ERROR: Can not execute `setup.py` since setuptools is not available in "
2022-12-27T01:54:15.9470910Z           "the build environment.",
2022-12-27T01:54:15.9471420Z           file=sys.stderr,
2022-12-27T01:54:15.9471980Z       )
2022-12-27T01:54:15.9472510Z       sys.exit(1)
2022-12-27T01:54:15.9472900Z   
2022-12-27T01:54:15.9473420Z   __file__ = %r
2022-12-27T01:54:15.9474470Z   sys.argv[0] = __file__
2022-12-27T01:54:15.9474920Z   
2022-12-27T01:54:15.9475490Z   if os.path.exists(__file__):
2022-12-27T01:54:15.9476480Z       filename = __file__
2022-12-27T01:54:15.9477070Z       with tokenize.open(__file__) as f:
2022-12-27T01:54:15.9477770Z           setup_py_code = f.read()
2022-12-27T01:54:15.9478330Z   else:
2022-12-27T01:54:15.9479010Z       filename = "<auto-generated setuptools caller>"
2022-12-27T01:54:15.9479690Z       setup_py_code = "from setuptools import setup; setup()"
2022-12-27T01:54:15.9480320Z   
2022-12-27T01:54:15.9480870Z   exec(compile(setup_py_code, filename, "exec"))
2022-12-27T01:54:15.9482240Z   '"'"''"'"''"'"' % ('"'"'/Users/runner/actions-runner/_work/python.build/python.build/build_grpcio140311/grpcio-1.4.0/setup.py'"'"',), "<pip-setuptools-caller>", "exec"))' bdist_wheel -d /private/var/folders/51/hd414ycd67n82196sw51xqtc0000gn/T/pip-wheel-q0g4rfm9
2022-12-27T01:54:15.9483750Z   cwd: /Users/runner/actions-runner/_work/python.build/python.build/build_grpcio140311/grpcio-1.4.0/
2022-12-27T01:54:15.9484880Z   Building wheel for grpcio (setup.py): finished with status 'error'
2022-12-27T01:54:15.9485700Z   ERROR: Failed building wheel for grpcio
2022-12-27T01:54:15.9486290Z   Running command python setup.py clean
2022-12-27T01:54:15.9486990Z   Running setup.py clean for grpcio
2022-12-27T01:54:16.5318080Z   running clean
2022-12-27T01:54:16.5339280Z   removing 'python_build/lib.macosx-11.0-arm64-cpython-311' (and everything under it)
2022-12-27T01:54:16.5396990Z   'python_build/bdist.macosx-11.0-arm64' does not exist -- can't clean it
2022-12-27T01:54:16.5398300Z   'python_build/scripts-3.11' does not exist -- can't clean it
2022-12-27T01:54:16.5399170Z   removing 'python_build'
2022-12-27T01:54:16.6154350Z Failed to build grpcio
2022-12-27T01:54:16.6166530Z ERROR: Failed to build one or more wheels
2022-12-27T01:54:16.6202140Z Exception information:
2022-12-27T01:54:16.6202740Z Traceback (most recent call last):
2022-12-27T01:54:16.6205100Z   File "/private/var/folders/51/hd414ycd67n82196sw51xqtc0000gn/T/cibw-run-cpqgadf0/cp311-macosx_arm64/build/venv/lib/python3.11/site-packages/pip/_internal/cli/base_command.py", line 160, in exc_logging_wrapper
2022-12-27T01:54:16.6206190Z     status = run_func(*args)
2022-12-27T01:54:16.6206780Z              ^^^^^^^^^^^^^^^
2022-12-27T01:54:16.6209940Z   File "/private/var/folders/51/hd414ycd67n82196sw51xqtc0000gn/T/cibw-run-cpqgadf0/cp311-macosx_arm64/build/venv/lib/python3.11/site-packages/pip/_internal/cli/req_command.py", line 247, in wrapper
2022-12-27T01:54:16.6210970Z     return func(self, options, args)
2022-12-27T01:54:16.6211600Z            ^^^^^^^^^^^^^^^^^^^^^^^^^
2022-12-27T01:54:16.6213260Z   File "/private/var/folders/51/hd414ycd67n82196sw51xqtc0000gn/T/cibw-run-cpqgadf0/cp311-macosx_arm64/build/venv/lib/python3.11/site-packages/pip/_internal/commands/wheel.py", line 201, in run
2022-12-27T01:54:16.6214400Z     raise CommandError("Failed to build one or more wheels")
2022-12-27T01:54:16.6215180Z pip._internal.exceptions.CommandError: Failed to build one or more wheels
2022-12-27T01:54:16.6216150Z Removed build tracker: '/private/var/folders/51/hd414ycd67n82196sw51xqtc0000gn/T/pip-build-tracker-v2ndhvoi'
2022-12-27T01:54:16.7160180Z ##[error]Command ['python', '-m', 'pip', 'wheel', '/Users/runner/actions-runner/_work/python.build/python.build/build_grpcio140311/grpcio-1.4.0', '--wheel-dir=/private/var/folders/51/hd414ycd67n82196sw51xqtc0000gn/T/cibw-run-cpqgadf0/cp311-macosx_arm64/built_wheel', '--no-deps', '-vvv'] failed with code 1. None
2022-12-27T01:54:16.7169370Z ##[endgroup]
2022-12-27T01:54:16.7170100Z                                                               [31mâœ• [0m9.82s
2022-12-27T01:54:16.7170330Z 
2022-12-27T01:54:16.8291780Z ##[error]Process completed with exit code 1.
2022-12-27T01:54:16.8349830Z ##[group]Run rm -rf build_grpcio140311 wheelsout
2022-12-27T01:54:16.8350150Z [36;1mrm -rf build_grpcio140311 wheelsout[0m
2022-12-27T01:54:16.8382790Z shell: /bin/bash -e {0}
2022-12-27T01:54:16.8383010Z env:
2022-12-27T01:54:16.8383280Z   pythonLocation: /Users/runner/hostedtoolcache/Python/3.11.1/x64
2022-12-27T01:54:16.8383630Z   PKG_CONFIG_PATH: /Users/runner/hostedtoolcache/Python/3.11.1/x64/lib/pkgconfig
2022-12-27T01:54:16.8383980Z   Python_ROOT_DIR: /Users/runner/hostedtoolcache/Python/3.11.1/x64
2022-12-27T01:54:16.8384310Z   Python2_ROOT_DIR: /Users/runner/hostedtoolcache/Python/3.11.1/x64
2022-12-27T01:54:16.8384640Z   Python3_ROOT_DIR: /Users/runner/hostedtoolcache/Python/3.11.1/x64
2022-12-27T01:54:16.8384980Z ##[endgroup]
2022-12-27T01:54:17.2861120Z Cleaning up orphan processes
