2022-12-27T08:55:28.7546772Z Requested labels: self-hosted, macOS, X64
2022-12-27T08:55:28.7546881Z Job defined at: kilnbuild/python.build/.github/workflows/mac_arm_build.yml@refs/heads/main
2022-12-27T08:55:28.7546912Z Waiting for a runner to pick up this job...
2022-12-27T11:33:37.5977176Z Job is about to start running on the runner: kr1 (organization)
2022-12-27T11:33:41.6963510Z Current runner version: '2.300.2'
2022-12-27T11:33:41.6971190Z Runner name: 'kr1'
2022-12-27T11:33:41.6971570Z Runner group name: 'Default'
2022-12-27T11:33:41.6972370Z Machine name: 'kr1'
2022-12-27T11:33:41.6974900Z ##[group]GITHUB_TOKEN Permissions
2022-12-27T11:33:41.6975550Z Actions: write
2022-12-27T11:33:41.6975800Z Checks: write
2022-12-27T11:33:41.6976050Z Contents: write
2022-12-27T11:33:41.6976290Z Deployments: write
2022-12-27T11:33:41.6976550Z Discussions: write
2022-12-27T11:33:41.6976790Z Issues: write
2022-12-27T11:33:41.6977030Z Metadata: read
2022-12-27T11:33:41.6977270Z Packages: write
2022-12-27T11:33:41.6977530Z Pages: write
2022-12-27T11:33:41.6977770Z PullRequests: write
2022-12-27T11:33:41.6978070Z RepositoryProjects: write
2022-12-27T11:33:41.6978360Z SecurityEvents: write
2022-12-27T11:33:41.6978610Z Statuses: write
2022-12-27T11:33:41.6978850Z ##[endgroup]
2022-12-27T11:33:41.6982890Z Secret source: Actions
2022-12-27T11:33:41.6983380Z Prepare workflow directory
2022-12-27T11:33:41.8097280Z Prepare all required actions
2022-12-27T11:33:41.8300560Z Getting action download info
2022-12-27T11:33:42.2637310Z Download action repository 'actions/setup-python@v4' (SHA:5ccb29d8773c3f3f653e1705f474dfaa8a06a912)
2022-12-27T11:33:45.1860470Z Download action repository 'actions/upload-artifact@v3' (SHA:83fd05a356d7e2593de66fc9913b3002723633cb)
2022-12-27T11:33:46.6405450Z ##[group]Run echo '{
2022-12-27T11:33:46.6406010Z [36;1mecho '{[0m
2022-12-27T11:33:46.6406230Z [36;1m  "package_name": "lxml",[0m
2022-12-27T11:33:46.6406640Z [36;1m  "package_url": "https://files.pythonhosted.org/packages/ea/f8/c62f5857ca8274d89932696cb0876dab40385e2293a709a359f92793141e/lxml-2.3.tar.gz",[0m
2022-12-27T11:33:46.6406970Z [36;1m  "package_version": "2.3",[0m
2022-12-27T11:33:46.6407170Z [36;1m  "python_version": "3.9",[0m
2022-12-27T11:33:46.6407450Z [36;1m  "use_ccache": "true"[0m
2022-12-27T11:33:46.6407700Z [36;1m}'[0m
2022-12-27T11:33:46.6435480Z shell: /bin/bash -e {0}
2022-12-27T11:33:46.6435780Z ##[endgroup]
2022-12-27T11:33:46.6843290Z {
2022-12-27T11:33:46.6845780Z   "package_name": "lxml",
2022-12-27T11:33:46.6847210Z   "package_url": "https://files.pythonhosted.org/packages/ea/f8/c62f5857ca8274d89932696cb0876dab40385e2293a709a359f92793141e/lxml-2.3.tar.gz",
2022-12-27T11:33:46.6847780Z   "package_version": "2.3",
2022-12-27T11:33:46.6848250Z   "python_version": "3.9",
2022-12-27T11:33:46.6848540Z   "use_ccache": "true"
2022-12-27T11:33:46.6848840Z }
2022-12-27T11:33:46.7195850Z ##[group]Run actions/setup-python@v4
2022-12-27T11:33:46.7196410Z with:
2022-12-27T11:33:46.7196740Z   python-version: 3.9
2022-12-27T11:33:46.7197010Z   check-latest: false
2022-12-27T11:33:46.7197560Z   token: ***
2022-12-27T11:33:46.7197970Z   update-environment: true
2022-12-27T11:33:46.7198250Z ##[endgroup]
2022-12-27T11:33:46.9275410Z ##[group]Installed versions
2022-12-27T11:33:46.9337000Z Successfully set up CPython (3.9.16)
2022-12-27T11:33:46.9338120Z ##[endgroup]
2022-12-27T11:33:46.9579770Z ##[group]Run if [ "true" == "true" ]
2022-12-27T11:33:46.9580490Z [36;1mif [ "true" == "true" ][0m
2022-12-27T11:33:46.9580870Z [36;1mthen[0m
2022-12-27T11:33:46.9581300Z [36;1m  echo "CCACHE_PATH_PREPEND=/usr/local/opt/ccache/libexec" >> $GITHUB_OUTPUT[0m
2022-12-27T11:33:46.9581640Z [36;1melse[0m
2022-12-27T11:33:46.9582030Z [36;1m  echo "CCACHE_PATH_PREPEND=" >> $GITHUB_OUTPUT[0m
2022-12-27T11:33:46.9582500Z [36;1mfi[0m
2022-12-27T11:33:46.9613230Z shell: /bin/bash -e {0}
2022-12-27T11:33:46.9613580Z env:
2022-12-27T11:33:46.9614130Z   pythonLocation: /Users/runner/hostedtoolcache/Python/3.9.16/x64
2022-12-27T11:33:46.9614630Z   PKG_CONFIG_PATH: /Users/runner/hostedtoolcache/Python/3.9.16/x64/lib/pkgconfig
2022-12-27T11:33:46.9615040Z   Python_ROOT_DIR: /Users/runner/hostedtoolcache/Python/3.9.16/x64
2022-12-27T11:33:46.9615520Z   Python2_ROOT_DIR: /Users/runner/hostedtoolcache/Python/3.9.16/x64
2022-12-27T11:33:46.9616210Z   Python3_ROOT_DIR: /Users/runner/hostedtoolcache/Python/3.9.16/x64
2022-12-27T11:33:46.9617190Z ##[endgroup]
2022-12-27T11:33:46.9900260Z ##[group]Run echo "BUILD_NAME=$(echo lxml_2.3_3.9 | tr -dc '[:alnum:]\n\r' | tr '[:upper:]' '[:lower:]')" >> $GITHUB_OUTPUT
2022-12-27T11:33:46.9900950Z [36;1mecho "BUILD_NAME=$(echo lxml_2.3_3.9 | tr -dc '[:alnum:]\n\r' | tr '[:upper:]' '[:lower:]')" >> $GITHUB_OUTPUT[0m
2022-12-27T11:33:46.9930550Z shell: /bin/bash -e {0}
2022-12-27T11:33:46.9931050Z env:
2022-12-27T11:33:46.9931380Z   pythonLocation: /Users/runner/hostedtoolcache/Python/3.9.16/x64
2022-12-27T11:33:46.9931870Z   PKG_CONFIG_PATH: /Users/runner/hostedtoolcache/Python/3.9.16/x64/lib/pkgconfig
2022-12-27T11:33:46.9932340Z   Python_ROOT_DIR: /Users/runner/hostedtoolcache/Python/3.9.16/x64
2022-12-27T11:33:46.9932800Z   Python2_ROOT_DIR: /Users/runner/hostedtoolcache/Python/3.9.16/x64
2022-12-27T11:33:46.9933200Z   Python3_ROOT_DIR: /Users/runner/hostedtoolcache/Python/3.9.16/x64
2022-12-27T11:33:46.9933530Z ##[endgroup]
2022-12-27T11:33:47.0196360Z ##[group]Run echo "PYTHON_NO_DOTS=$(echo 3.9 | tr -dc '[:alnum:]\n\r' | tr '[:upper:]' '[:lower:]')" >> $GITHUB_OUTPUT
2022-12-27T11:33:47.0197060Z [36;1mecho "PYTHON_NO_DOTS=$(echo 3.9 | tr -dc '[:alnum:]\n\r' | tr '[:upper:]' '[:lower:]')" >> $GITHUB_OUTPUT[0m
2022-12-27T11:33:47.0224290Z shell: /bin/bash -e {0}
2022-12-27T11:33:47.0224620Z env:
2022-12-27T11:33:47.0225030Z   pythonLocation: /Users/runner/hostedtoolcache/Python/3.9.16/x64
2022-12-27T11:33:47.0226720Z   PKG_CONFIG_PATH: /Users/runner/hostedtoolcache/Python/3.9.16/x64/lib/pkgconfig
2022-12-27T11:33:47.0227180Z   Python_ROOT_DIR: /Users/runner/hostedtoolcache/Python/3.9.16/x64
2022-12-27T11:33:47.0227630Z   Python2_ROOT_DIR: /Users/runner/hostedtoolcache/Python/3.9.16/x64
2022-12-27T11:33:47.0228130Z   Python3_ROOT_DIR: /Users/runner/hostedtoolcache/Python/3.9.16/x64
2022-12-27T11:33:47.0228430Z ##[endgroup]
2022-12-27T11:33:47.0487310Z ##[group]Run rm -rf build_lxml2339
2022-12-27T11:33:47.0488000Z [36;1mrm -rf build_lxml2339[0m
2022-12-27T11:33:47.0488270Z [36;1mmkdir build_lxml2339[0m
2022-12-27T11:33:47.0488730Z [36;1mcd build_lxml2339[0m
2022-12-27T11:33:47.0489240Z [36;1m/usr/local/bin/wget --quiet https://files.pythonhosted.org/packages/ea/f8/c62f5857ca8274d89932696cb0876dab40385e2293a709a359f92793141e/lxml-2.3.tar.gz[0m
2022-12-27T11:33:47.0489650Z [36;1mtar xf *.tar.gz[0m
2022-12-27T11:33:47.0489960Z [36;1mcd *[0m
2022-12-27T11:33:47.0490390Z [36;1mpython -m pip install cibuildwheel==2.11.3[0m
2022-12-27T11:33:47.0490790Z [36;1mpython -m cibuildwheel --output-dir ../wheelsout[0m
2022-12-27T11:33:47.0517840Z shell: /bin/bash -e {0}
2022-12-27T11:33:47.0518090Z env:
2022-12-27T11:33:47.0518550Z   pythonLocation: /Users/runner/hostedtoolcache/Python/3.9.16/x64
2022-12-27T11:33:47.0519010Z   PKG_CONFIG_PATH: /Users/runner/hostedtoolcache/Python/3.9.16/x64/lib/pkgconfig
2022-12-27T11:33:47.0519500Z   Python_ROOT_DIR: /Users/runner/hostedtoolcache/Python/3.9.16/x64
2022-12-27T11:33:47.0519880Z   Python2_ROOT_DIR: /Users/runner/hostedtoolcache/Python/3.9.16/x64
2022-12-27T11:33:47.0520460Z   Python3_ROOT_DIR: /Users/runner/hostedtoolcache/Python/3.9.16/x64
2022-12-27T11:33:47.0520840Z   CIBW_ARCHS_MACOS: arm64
2022-12-27T11:33:47.0521170Z   CIBW_TEST_SKIP: *_arm64
2022-12-27T11:33:47.0521440Z   CIBW_BUILD: cp39-macosx_arm64
2022-12-27T11:33:47.0521770Z   CIBW_BUILD_FRONTEND: pip
2022-12-27T11:33:47.0522170Z   CIBW_BUILD_VERBOSITY: 3
2022-12-27T11:33:47.0522670Z   CIBW_ENVIRONMENT_MACOS:  CFLAGS="-I/usr/local/opt/openssl@3/include" LDFLAGS="-L/usr/local/opt/openssl@3/lib" CPPFLAGS="-I/usr/local/opt/openssl@3/include" MAKEFLAGS="-j$(sysctl -n hw.logicalcpu)" PATH=/usr/local/opt/ccache/libexec:$PATH
2022-12-27T11:33:47.0524770Z   CIBW_BEFORE_BUILD: pip install Cython; if [[ -f requirements.txt ]]; then pip install -r requirements.txt; fi
2022-12-27T11:33:47.0525220Z   MAKEFLAGS: -j$(sysctl -n hw.logicalcpu)
2022-12-27T11:33:47.0526550Z ##[endgroup]
2022-12-27T11:33:47.8433220Z Requirement already satisfied: cibuildwheel==2.11.3 in /Users/runner/hostedtoolcache/Python/3.9.16/x64/lib/python3.9/site-packages (2.11.3)
2022-12-27T11:33:47.8825240Z Requirement already satisfied: packaging>=20.9 in /Users/runner/hostedtoolcache/Python/3.9.16/x64/lib/python3.9/site-packages (from cibuildwheel==2.11.3) (22.0)
2022-12-27T11:33:47.8834110Z Requirement already satisfied: tomli in /Users/runner/hostedtoolcache/Python/3.9.16/x64/lib/python3.9/site-packages (from cibuildwheel==2.11.3) (2.0.1)
2022-12-27T11:33:47.8849630Z Requirement already satisfied: bashlex!=0.13 in /Users/runner/hostedtoolcache/Python/3.9.16/x64/lib/python3.9/site-packages (from cibuildwheel==2.11.3) (0.16)
2022-12-27T11:33:47.8859260Z Requirement already satisfied: certifi in /Users/runner/hostedtoolcache/Python/3.9.16/x64/lib/python3.9/site-packages (from cibuildwheel==2.11.3) (2022.12.7)
2022-12-27T11:33:47.8870020Z Requirement already satisfied: filelock in /Users/runner/hostedtoolcache/Python/3.9.16/x64/lib/python3.9/site-packages (from cibuildwheel==2.11.3) (3.8.2)
2022-12-27T11:33:47.8874350Z Requirement already satisfied: platformdirs in /Users/runner/hostedtoolcache/Python/3.9.16/x64/lib/python3.9/site-packages (from cibuildwheel==2.11.3) (2.6.0)
2022-12-27T11:33:47.8879030Z Requirement already satisfied: bracex in /Users/runner/hostedtoolcache/Python/3.9.16/x64/lib/python3.9/site-packages (from cibuildwheel==2.11.3) (2.3.post1)
2022-12-27T11:33:47.8892270Z Requirement already satisfied: typing-extensions>=4.1.0 in /Users/runner/hostedtoolcache/Python/3.9.16/x64/lib/python3.9/site-packages (from cibuildwheel==2.11.3) (4.4.0)
2022-12-27T11:33:48.2024400Z 
2022-12-27T11:33:48.2025650Z      _ _       _ _   _       _           _
2022-12-27T11:33:48.2026790Z  ___|_| |_ _ _|_| |_| |_ _ _| |_ ___ ___| |
2022-12-27T11:33:48.2028200Z |  _| | . | | | | | . | | | |   | -_| -_| |
2022-12-27T11:33:48.2029530Z |___|_|___|___|_|_|___|_____|_|_|___|___|_|
2022-12-27T11:33:48.2031340Z 
2022-12-27T11:33:48.2031720Z cibuildwheel version 2.11.3
2022-12-27T11:33:48.2032450Z 
2022-12-27T11:33:48.2032770Z Build options:
2022-12-27T11:33:48.2033280Z   platform: macos
2022-12-27T11:33:48.2132100Z   architectures: arm64[0m
2022-12-27T11:33:48.2132800Z   build_selector: 
2022-12-27T11:33:48.2134560Z     build_config: cp39-macosx_arm64
2022-12-27T11:33:48.2136650Z     skip_config: 
2022-12-27T11:33:48.2137920Z     requires_python: None
2022-12-27T11:33:48.2139190Z     prerelease_pythons: False[0m
2022-12-27T11:33:48.2142600Z   [38;5;244mcontainer_engine: docker[0m
2022-12-27T11:33:48.2144560Z   output_dir: /Users/runner/actions-runner/_work/python.build/python.build/build_lxml2339/wheelsout[0m
2022-12-27T11:33:48.2145870Z   package_dir: /Users/runner/actions-runner/_work/python.build/python.build/build_lxml2339/lxml-2.3[0m
2022-12-27T11:33:48.2146560Z   test_selector: 
2022-12-27T11:33:48.2147350Z     skip_config: *_arm64[0m
2022-12-27T11:33:48.2148370Z   [38;5;244mbefore_all: [0m
2022-12-27T11:33:48.2149380Z   before_build: pip install Cython; if [[ -f requirements.txt ]]; then pip install -r requirements.txt; fi[0m
2022-12-27T11:33:48.2150370Z   [38;5;244mbefore_test: [0m
2022-12-27T11:33:48.2151170Z   [38;5;244mbuild_frontend: pip[0m
2022-12-27T11:33:48.2151830Z   build_verbosity: 3[0m
2022-12-27T11:33:48.2152820Z   [38;5;244mconfig_settings: [0m
2022-12-27T11:33:48.2153720Z   [38;5;244mdependency_constraints: pinned[0m
2022-12-27T11:33:48.2154380Z   environment: 
2022-12-27T11:33:48.2155140Z     CFLAGS="-I/usr/local/opt/openssl@3/include"
2022-12-27T11:33:48.2156070Z     LDFLAGS="-L/usr/local/opt/openssl@3/lib"
2022-12-27T11:33:48.2157210Z     CPPFLAGS="-I/usr/local/opt/openssl@3/include"
2022-12-27T11:33:48.2157990Z     MAKEFLAGS="-j$(sysctl -n hw.logicalcpu)"
2022-12-27T11:33:48.2158880Z     PATH=/usr/local/opt/ccache/libexec:$PATH[0m
2022-12-27T11:33:48.2159740Z   [38;5;244mmanylinux_images: None[0m
2022-12-27T11:33:48.2160560Z   [38;5;244mmusllinux_images: None[0m
2022-12-27T11:33:48.2161980Z   [38;5;244mrepair_command: delocate-wheel --require-archs {delocate_archs} -w {dest_dir} -v {wheel}[0m
2022-12-27T11:33:48.2162940Z   [38;5;244mtest_command: [0m
2022-12-27T11:33:48.2164570Z   [38;5;244mtest_extras: [0m
2022-12-27T11:33:48.2165220Z   [38;5;244mtest_requires: [0m
2022-12-27T11:33:48.2165610Z 
2022-12-27T11:33:48.2166210Z Cache folder: /Users/runner/Library/Caches/cibuildwheel
2022-12-27T11:33:48.2166690Z 
2022-12-27T11:33:48.2166950Z Here we go!
2022-12-27T11:33:48.2167310Z 
2022-12-27T11:33:48.2271650Z 
2022-12-27T11:33:48.2273430Z [1m[34mBuilding cp39-macosx_arm64 wheel[0m
2022-12-27T11:33:48.2274340Z CPython 3.9 macOS arm64 - Apple Silicon
2022-12-27T11:33:48.2274750Z 
2022-12-27T11:33:48.2277630Z ##[group]Installing Python cp39...
2022-12-27T11:33:48.2277970Z 
2022-12-27T11:33:48.2278790Z + pkgutil --pkgs
2022-12-27T11:33:48.2480780Z ##[endgroup]
2022-12-27T11:33:48.2484160Z                                                               [32mâœ“ [0m0.02s
2022-12-27T11:33:48.2484870Z ##[group]Setting up build environment...
2022-12-27T11:33:48.2485250Z 
2022-12-27T11:33:48.2517960Z + /Users/runner/hostedtoolcache/Python/3.9.16/x64/bin/python -sS /Users/runner/Library/Caches/cibuildwheel/virtualenv-20.17.0.pyz --activators= --no-periodic-update --pip=22.3.1 --setuptools=65.6.3 --wheel=0.38.4 --symlink-app-data --python /Library/Frameworks/Python.framework/Versions/3.9/bin/python3 /private/var/folders/51/hd414ycd67n82196sw51xqtc0000gn/T/cibw-run-gkapyw9h/cp39-macosx_arm64/build/venv
2022-12-27T11:33:48.5568980Z created virtual environment CPython3.9.13.final.0-64 in 79ms
2022-12-27T11:33:48.5569930Z   creator CPython3Posix(dest=/private/var/folders/51/hd414ycd67n82196sw51xqtc0000gn/T/cibw-run-gkapyw9h/cp39-macosx_arm64/build/venv, clear=False, no_vcs_ignore=False, global=False)
2022-12-27T11:33:48.5571170Z   seeder FromAppData(download=False, pip=22.3.1, setuptools=65.6.3, wheel=0.38.4, via=symlink, app_data_dir=/Users/runner/Library/Application Support/virtualenv)
2022-12-27T11:33:48.5571730Z     added seed packages: pip==22.3.1, setuptools==65.6.3, wheel==0.38.4
2022-12-27T11:33:48.5799970Z + python -m pip install --upgrade pip -c /Users/runner/hostedtoolcache/Python/3.9.16/x64/lib/python3.9/site-packages/cibuildwheel/resources/constraints-python39.txt
2022-12-27T11:33:49.0901350Z Requirement already satisfied: pip in ./lib/python3.9/site-packages (22.3.1)
2022-12-27T11:33:49.3773840Z + which pip
2022-12-27T11:33:49.3820270Z /private/var/folders/51/hd414ycd67n82196sw51xqtc0000gn/T/cibw-run-gkapyw9h/cp39-macosx_arm64/build/venv/bin/pip
2022-12-27T11:33:49.3826390Z + pip --version
2022-12-27T11:33:49.7585320Z pip 22.3.1 from /private/var/folders/51/hd414ycd67n82196sw51xqtc0000gn/T/cibw-run-gkapyw9h/cp39-macosx_arm64/build/venv/lib/python3.9/site-packages/pip (python 3.9)
2022-12-27T11:33:49.8048900Z + which pip
2022-12-27T11:33:49.8119690Z + which python
2022-12-27T11:33:49.8169640Z /private/var/folders/51/hd414ycd67n82196sw51xqtc0000gn/T/cibw-run-gkapyw9h/cp39-macosx_arm64/build/venv/bin/python
2022-12-27T11:33:49.8177290Z + python --version
2022-12-27T11:33:49.8271850Z Python 3.9.13
2022-12-27T11:33:49.8280270Z + which python
2022-12-27T11:33:49.8394680Z ##[endgroup]
2022-12-27T11:33:49.8396070Z                                                               [32mâœ“ [0m1.59s
2022-12-27T11:33:49.8397590Z ##[group]Installing build tools...
2022-12-27T11:33:49.8398030Z 
2022-12-27T11:33:49.8399150Z + pip install --upgrade setuptools wheel delocate -c /Users/runner/hostedtoolcache/Python/3.9.16/x64/lib/python3.9/site-packages/cibuildwheel/resources/constraints-python39.txt
2022-12-27T11:33:50.3550800Z Requirement already satisfied: setuptools in /private/var/folders/51/hd414ycd67n82196sw51xqtc0000gn/T/cibw-run-gkapyw9h/cp39-macosx_arm64/build/venv/lib/python3.9/site-packages (65.6.3)
2022-12-27T11:33:50.7716200Z Requirement already satisfied: wheel in /private/var/folders/51/hd414ycd67n82196sw51xqtc0000gn/T/cibw-run-gkapyw9h/cp39-macosx_arm64/build/venv/lib/python3.9/site-packages (0.38.4)
2022-12-27T11:33:50.8705600Z Collecting delocate
2022-12-27T11:33:50.8765790Z   Using cached delocate-0.10.3-py3-none-any.whl (142 kB)
2022-12-27T11:33:50.9359430Z Collecting packaging>=20.9
2022-12-27T11:33:50.9429960Z   Using cached packaging-21.3-py3-none-any.whl (40 kB)
2022-12-27T11:33:50.9762680Z Collecting typing-extensions
2022-12-27T11:33:50.9804690Z   Using cached typing_extensions-4.4.0-py3-none-any.whl (26 kB)
2022-12-27T11:33:51.0544720Z Collecting pyparsing!=3.0.5,>=2.0.2
2022-12-27T11:33:51.0591230Z   Using cached pyparsing-3.0.9-py3-none-any.whl (98 kB)
2022-12-27T11:33:51.1267280Z Installing collected packages: typing-extensions, pyparsing, packaging, delocate
2022-12-27T11:33:51.3748140Z Successfully installed delocate-0.10.3 packaging-21.3 pyparsing-3.0.9 typing-extensions-4.4.0
2022-12-27T11:33:51.5105270Z ##[endgroup]
2022-12-27T11:33:51.5106530Z                                                               [32mâœ“ [0m1.67s
2022-12-27T11:33:51.5107740Z ##[group]Running before_build...
2022-12-27T11:33:51.5108140Z 
2022-12-27T11:33:51.5119790Z + pip install Cython; if [[ -f requirements.txt ]]; then pip install -r requirements.txt; fi
2022-12-27T11:33:52.7758080Z Collecting Cython
2022-12-27T11:33:52.7856800Z   Using cached Cython-0.29.32-py2.py3-none-any.whl (986 kB)
2022-12-27T11:33:52.8679140Z Installing collected packages: Cython
2022-12-27T11:33:53.7264860Z Successfully installed Cython-0.29.32
2022-12-27T11:33:53.8514670Z ##[endgroup]
2022-12-27T11:33:53.8515720Z                                                               [32mâœ“ [0m2.34s
2022-12-27T11:33:53.8516690Z ##[group]Building wheel...
2022-12-27T11:33:53.8516910Z 
2022-12-27T11:33:53.8525010Z + python -m pip wheel /Users/runner/actions-runner/_work/python.build/python.build/build_lxml2339/lxml-2.3 --wheel-dir=/private/var/folders/51/hd414ycd67n82196sw51xqtc0000gn/T/cibw-run-gkapyw9h/cp39-macosx_arm64/built_wheel --no-deps -vvv
2022-12-27T11:33:54.3274550Z Created temporary directory: /private/var/folders/51/hd414ycd67n82196sw51xqtc0000gn/T/pip-ephem-wheel-cache-ui65sblg
2022-12-27T11:33:54.3284850Z Created temporary directory: /private/var/folders/51/hd414ycd67n82196sw51xqtc0000gn/T/pip-build-tracker-vqpd253e
2022-12-27T11:33:54.3287170Z Initialized build tracking at /private/var/folders/51/hd414ycd67n82196sw51xqtc0000gn/T/pip-build-tracker-vqpd253e
2022-12-27T11:33:54.3289380Z Created build tracker: /private/var/folders/51/hd414ycd67n82196sw51xqtc0000gn/T/pip-build-tracker-vqpd253e
2022-12-27T11:33:54.3292410Z Entered build tracker: /private/var/folders/51/hd414ycd67n82196sw51xqtc0000gn/T/pip-build-tracker-vqpd253e
2022-12-27T11:33:54.3298020Z Created temporary directory: /private/var/folders/51/hd414ycd67n82196sw51xqtc0000gn/T/pip-wheel-212chr6f
2022-12-27T11:33:54.3309400Z Created temporary directory: /private/var/folders/51/hd414ycd67n82196sw51xqtc0000gn/T/pip-ephem-wheel-cache-lemncfsi
2022-12-27T11:33:54.3651800Z Processing /Users/runner/actions-runner/_work/python.build/python.build/build_lxml2339/lxml-2.3
2022-12-27T11:33:54.3661860Z   Added file:///Users/runner/actions-runner/_work/python.build/python.build/build_lxml2339/lxml-2.3 to build tracker '/private/var/folders/51/hd414ycd67n82196sw51xqtc0000gn/T/pip-build-tracker-vqpd253e'
2022-12-27T11:33:54.3667100Z   Running setup.py (path:/Users/runner/actions-runner/_work/python.build/python.build/build_lxml2339/lxml-2.3/setup.py) egg_info for package from file:///Users/runner/actions-runner/_work/python.build/python.build/build_lxml2339/lxml-2.3
2022-12-27T11:33:54.3673540Z   Created temporary directory: /private/var/folders/51/hd414ycd67n82196sw51xqtc0000gn/T/pip-pip-egg-info-y6cjaw5c
2022-12-27T11:33:54.3675000Z   Preparing metadata (setup.py): started
2022-12-27T11:33:54.3678940Z   Running command python setup.py egg_info
2022-12-27T11:33:55.0627360Z   Building lxml version 2.3.
2022-12-27T11:33:55.0628460Z   Building with Cython 0.29.32.
2022-12-27T11:33:55.0631840Z   Using build configuration of libxslt 1.1.29
2022-12-27T11:33:55.0634720Z   Building against libxml2/libxslt in the following directory: /Library/Developer/CommandLineTools/SDKs/MacOSX12.1.sdk/usr/lib
2022-12-27T11:33:55.0636420Z   running egg_info
2022-12-27T11:33:55.0640130Z   creating /private/var/folders/51/hd414ycd67n82196sw51xqtc0000gn/T/pip-pip-egg-info-y6cjaw5c/lxml.egg-info
2022-12-27T11:33:55.0650510Z   writing /private/var/folders/51/hd414ycd67n82196sw51xqtc0000gn/T/pip-pip-egg-info-y6cjaw5c/lxml.egg-info/PKG-INFO
2022-12-27T11:33:55.0654070Z   writing dependency_links to /private/var/folders/51/hd414ycd67n82196sw51xqtc0000gn/T/pip-pip-egg-info-y6cjaw5c/lxml.egg-info/dependency_links.txt
2022-12-27T11:33:55.0656770Z   writing top-level names to /private/var/folders/51/hd414ycd67n82196sw51xqtc0000gn/T/pip-pip-egg-info-y6cjaw5c/lxml.egg-info/top_level.txt
2022-12-27T11:33:55.0667380Z   writing manifest file '/private/var/folders/51/hd414ycd67n82196sw51xqtc0000gn/T/pip-pip-egg-info-y6cjaw5c/lxml.egg-info/SOURCES.txt'
2022-12-27T11:33:55.0780360Z   reading manifest file '/private/var/folders/51/hd414ycd67n82196sw51xqtc0000gn/T/pip-pip-egg-info-y6cjaw5c/lxml.egg-info/SOURCES.txt'
2022-12-27T11:33:55.0785180Z   reading manifest template 'MANIFEST.in'
2022-12-27T11:33:55.2666620Z   adding license file 'LICENSES.txt'
2022-12-27T11:33:55.2793270Z   writing manifest file '/private/var/folders/51/hd414ycd67n82196sw51xqtc0000gn/T/pip-pip-egg-info-y6cjaw5c/lxml.egg-info/SOURCES.txt'
2022-12-27T11:33:55.3373770Z   Preparing metadata (setup.py): finished with status 'done'
2022-12-27T11:33:55.3449790Z   Source in /Users/runner/actions-runner/_work/python.build/python.build/build_lxml2339/lxml-2.3 has version 2.3, which satisfies requirement lxml==2.3 from file:///Users/runner/actions-runner/_work/python.build/python.build/build_lxml2339/lxml-2.3
2022-12-27T11:33:55.3456100Z   Removed lxml==2.3 from file:///Users/runner/actions-runner/_work/python.build/python.build/build_lxml2339/lxml-2.3 from build tracker '/private/var/folders/51/hd414ycd67n82196sw51xqtc0000gn/T/pip-build-tracker-vqpd253e'
2022-12-27T11:33:55.3484550Z Created temporary directory: /private/var/folders/51/hd414ycd67n82196sw51xqtc0000gn/T/pip-unpack-5c4d1_wb
2022-12-27T11:33:55.3487350Z Building wheels for collected packages: lxml
2022-12-27T11:33:55.3497430Z   Created temporary directory: /private/var/folders/51/hd414ycd67n82196sw51xqtc0000gn/T/pip-wheel-4ojn9z1g
2022-12-27T11:33:55.3499450Z   Building wheel for lxml (setup.py): started
2022-12-27T11:33:55.3503620Z   Destination directory: /private/var/folders/51/hd414ycd67n82196sw51xqtc0000gn/T/pip-wheel-4ojn9z1g
2022-12-27T11:33:55.3505230Z   Running command python setup.py bdist_wheel
2022-12-27T11:33:55.8070480Z   Building lxml version 2.3.
2022-12-27T11:33:55.8073130Z   Building with Cython 0.29.32.
2022-12-27T11:33:55.8347640Z   Using build configuration of libxslt 1.1.29
2022-12-27T11:33:56.0318640Z   Building against libxml2/libxslt in the following directory: /Library/Developer/CommandLineTools/SDKs/MacOSX12.1.sdk/usr/lib
2022-12-27T11:33:56.0740580Z   running bdist_wheel
2022-12-27T11:33:56.0813240Z   running build
2022-12-27T11:33:56.0815040Z   running build_py
2022-12-27T11:33:56.0849150Z   creating build
2022-12-27T11:33:56.0852000Z   creating build/lib.macosx-11.0-arm64-cpython-39
2022-12-27T11:33:56.0855590Z   creating build/lib.macosx-11.0-arm64-cpython-39/lxml
2022-12-27T11:33:56.0858580Z   copying src/lxml/_elementpath.py -> build/lib.macosx-11.0-arm64-cpython-39/lxml
2022-12-27T11:33:56.0862520Z   copying src/lxml/sax.py -> build/lib.macosx-11.0-arm64-cpython-39/lxml
2022-12-27T11:33:56.0866070Z   copying src/lxml/pyclasslookup.py -> build/lib.macosx-11.0-arm64-cpython-39/lxml
2022-12-27T11:33:56.0870490Z   copying src/lxml/__init__.py -> build/lib.macosx-11.0-arm64-cpython-39/lxml
2022-12-27T11:33:56.0877990Z   copying src/lxml/builder.py -> build/lib.macosx-11.0-arm64-cpython-39/lxml
2022-12-27T11:33:56.0880700Z   copying src/lxml/doctestcompare.py -> build/lib.macosx-11.0-arm64-cpython-39/lxml
2022-12-27T11:33:56.0896650Z   copying src/lxml/usedoctest.py -> build/lib.macosx-11.0-arm64-cpython-39/lxml
2022-12-27T11:33:56.0899330Z   copying src/lxml/cssselect.py -> build/lib.macosx-11.0-arm64-cpython-39/lxml
2022-12-27T11:33:56.0910920Z   copying src/lxml/ElementInclude.py -> build/lib.macosx-11.0-arm64-cpython-39/lxml
2022-12-27T11:33:56.0921480Z   creating build/lib.macosx-11.0-arm64-cpython-39/lxml/html
2022-12-27T11:33:56.0924590Z   copying src/lxml/html/soupparser.py -> build/lib.macosx-11.0-arm64-cpython-39/lxml/html
2022-12-27T11:33:56.0927820Z   copying src/lxml/html/defs.py -> build/lib.macosx-11.0-arm64-cpython-39/lxml/html
2022-12-27T11:33:56.0933650Z   copying src/lxml/html/_setmixin.py -> build/lib.macosx-11.0-arm64-cpython-39/lxml/html
2022-12-27T11:33:56.0936220Z   copying src/lxml/html/clean.py -> build/lib.macosx-11.0-arm64-cpython-39/lxml/html
2022-12-27T11:33:56.0945200Z   copying src/lxml/html/_diffcommand.py -> build/lib.macosx-11.0-arm64-cpython-39/lxml/html
2022-12-27T11:33:56.0948220Z   copying src/lxml/html/html5parser.py -> build/lib.macosx-11.0-arm64-cpython-39/lxml/html
2022-12-27T11:33:56.0950900Z   copying src/lxml/html/__init__.py -> build/lib.macosx-11.0-arm64-cpython-39/lxml/html
2022-12-27T11:33:56.0953960Z   copying src/lxml/html/formfill.py -> build/lib.macosx-11.0-arm64-cpython-39/lxml/html
2022-12-27T11:33:56.0959580Z   copying src/lxml/html/builder.py -> build/lib.macosx-11.0-arm64-cpython-39/lxml/html
2022-12-27T11:33:56.0963310Z   copying src/lxml/html/ElementSoup.py -> build/lib.macosx-11.0-arm64-cpython-39/lxml/html
2022-12-27T11:33:56.0969290Z   copying src/lxml/html/_html5builder.py -> build/lib.macosx-11.0-arm64-cpython-39/lxml/html
2022-12-27T11:33:56.0973890Z   copying src/lxml/html/usedoctest.py -> build/lib.macosx-11.0-arm64-cpython-39/lxml/html
2022-12-27T11:33:56.0976530Z   copying src/lxml/html/diff.py -> build/lib.macosx-11.0-arm64-cpython-39/lxml/html
2022-12-27T11:33:56.0982530Z   copying src/lxml/html/_dictmixin.py -> build/lib.macosx-11.0-arm64-cpython-39/lxml/html
2022-12-27T11:33:56.0989500Z   creating build/lib.macosx-11.0-arm64-cpython-39/lxml/isoschematron
2022-12-27T11:33:56.0991430Z   copying src/lxml/isoschematron/__init__.py -> build/lib.macosx-11.0-arm64-cpython-39/lxml/isoschematron
2022-12-27T11:33:56.1010300Z   creating build/lib.macosx-11.0-arm64-cpython-39/lxml/isoschematron/resources
2022-12-27T11:33:56.1012680Z   creating build/lib.macosx-11.0-arm64-cpython-39/lxml/isoschematron/resources/rng
2022-12-27T11:33:56.1015650Z   copying src/lxml/isoschematron/resources/rng/iso-schematron.rng -> build/lib.macosx-11.0-arm64-cpython-39/lxml/isoschematron/resources/rng
2022-12-27T11:33:56.1025410Z   creating build/lib.macosx-11.0-arm64-cpython-39/lxml/isoschematron/resources/xsl
2022-12-27T11:33:56.1030270Z   copying src/lxml/isoschematron/resources/xsl/XSD2Schtrn.xsl -> build/lib.macosx-11.0-arm64-cpython-39/lxml/isoschematron/resources/xsl
2022-12-27T11:33:56.1169400Z   copying src/lxml/isoschematron/resources/xsl/RNG2Schtrn.xsl -> build/lib.macosx-11.0-arm64-cpython-39/lxml/isoschematron/resources/xsl
2022-12-27T11:33:56.1172320Z   creating build/lib.macosx-11.0-arm64-cpython-39/lxml/isoschematron/resources/xsl/iso-schematron-xslt1
2022-12-27T11:33:56.1173230Z   copying src/lxml/isoschematron/resources/xsl/iso-schematron-xslt1/iso_abstract_expand.xsl -> build/lib.macosx-11.0-arm64-cpython-39/lxml/isoschematron/resources/xsl/iso-schematron-xslt1
2022-12-27T11:33:56.1174210Z   copying src/lxml/isoschematron/resources/xsl/iso-schematron-xslt1/iso_dsdl_include.xsl -> build/lib.macosx-11.0-arm64-cpython-39/lxml/isoschematron/resources/xsl/iso-schematron-xslt1
2022-12-27T11:33:56.1175240Z   copying src/lxml/isoschematron/resources/xsl/iso-schematron-xslt1/iso_schematron_skeleton_for_xslt1.xsl -> build/lib.macosx-11.0-arm64-cpython-39/lxml/isoschematron/resources/xsl/iso-schematron-xslt1
2022-12-27T11:33:56.1176100Z   copying src/lxml/isoschematron/resources/xsl/iso-schematron-xslt1/iso_svrl_for_xslt1.xsl -> build/lib.macosx-11.0-arm64-cpython-39/lxml/isoschematron/resources/xsl/iso-schematron-xslt1
2022-12-27T11:33:56.1176940Z   copying src/lxml/isoschematron/resources/xsl/iso-schematron-xslt1/iso_schematron_message.xsl -> build/lib.macosx-11.0-arm64-cpython-39/lxml/isoschematron/resources/xsl/iso-schematron-xslt1
2022-12-27T11:33:56.1178570Z   copying src/lxml/isoschematron/resources/xsl/iso-schematron-xslt1/readme.txt -> build/lib.macosx-11.0-arm64-cpython-39/lxml/isoschematron/resources/xsl/iso-schematron-xslt1
2022-12-27T11:33:56.1179080Z   running build_ext
2022-12-27T11:33:56.1857420Z   skipping 'src/lxml/lxml.etree.c' Cython extension (up-to-date)
2022-12-27T11:33:56.1858440Z   skipping 'src/lxml/lxml.objectify.c' Cython extension (up-to-date)
2022-12-27T11:33:56.1860690Z   building 'lxml.etree' extension
2022-12-27T11:33:56.1862760Z   creating build/temp.macosx-11.0-arm64-cpython-39
2022-12-27T11:33:56.1865670Z   creating build/temp.macosx-11.0-arm64-cpython-39/src
2022-12-27T11:33:56.1868380Z   creating build/temp.macosx-11.0-arm64-cpython-39/src/lxml
2022-12-27T11:33:56.1872480Z   gcc -Wno-unused-result -Wsign-compare -Wunreachable-code -fno-common -dynamic -DNDEBUG -g -fwrapv -O3 -Wall -g -I/usr/local/opt/openssl@3/include -I/usr/local/opt/openssl@3/include -arch arm64 -I/Library/Developer/CommandLineTools/SDKs/MacOSX12.1.sdk/usr/include -I/private/var/folders/51/hd414ycd67n82196sw51xqtc0000gn/T/cibw-run-gkapyw9h/cp39-macosx_arm64/build/venv/include -I/Library/Frameworks/Python.framework/Versions/3.9/include/python3.9 -c src/lxml/lxml.etree.c -o build/temp.macosx-11.0-arm64-cpython-39/src/lxml/lxml.etree.o -w -flat_namespace
2022-12-27T11:33:57.2547730Z   src/lxml/lxml.etree.c:160383:24: error: no member named 'exc_type' in 'struct _ts'
2022-12-27T11:33:57.2549480Z       tmp_type = tstate->exc_type;
2022-12-27T11:33:57.2552510Z                  ~~~~~~  ^
2022-12-27T11:33:57.2555240Z   src/lxml/lxml.etree.c:160384:25: error: no member named 'exc_value' in 'struct _ts'; did you mean 'curexc_value'?
2022-12-27T11:33:57.2557350Z       tmp_value = tstate->exc_value;
2022-12-27T11:33:57.2561650Z                           ^~~~~~~~~
2022-12-27T11:33:57.2562540Z                           curexc_value
2022-12-27T11:33:57.2566190Z   /Library/Frameworks/Python.framework/Versions/3.9/include/python3.9/cpython/pystate.h:78:15: note: 'curexc_value' declared here
2022-12-27T11:33:57.2567420Z       PyObject *curexc_value;
2022-12-27T11:33:57.2569890Z                 ^
2022-12-27T11:33:57.2573630Z   src/lxml/lxml.etree.c:160385:22: error: no member named 'exc_traceback' in 'struct _ts'; did you mean 'curexc_traceback'?
2022-12-27T11:33:57.2575720Z       tmp_tb = tstate->exc_traceback;
2022-12-27T11:33:57.2577290Z                        ^~~~~~~~~~~~~
2022-12-27T11:33:57.2580090Z                        curexc_traceback
2022-12-27T11:33:57.2583020Z   /Library/Frameworks/Python.framework/Versions/3.9/include/python3.9/cpython/pystate.h:79:15: note: 'curexc_traceback' declared here
2022-12-27T11:33:57.2585320Z       PyObject *curexc_traceback;
2022-12-27T11:33:57.2587940Z                 ^
2022-12-27T11:33:57.2590510Z   src/lxml/lxml.etree.c:160386:13: error: no member named 'exc_type' in 'struct _ts'
2022-12-27T11:33:57.2592900Z       tstate->exc_type = local_type;
2022-12-27T11:33:57.2595460Z       ~~~~~~  ^
2022-12-27T11:33:57.2599390Z   src/lxml/lxml.etree.c:160387:13: error: no member named 'exc_value' in 'struct _ts'; did you mean 'curexc_value'?
2022-12-27T11:33:57.2600790Z       tstate->exc_value = local_value;
2022-12-27T11:33:57.2604240Z               ^~~~~~~~~
2022-12-27T11:33:57.2606240Z               curexc_value
2022-12-27T11:33:57.2609320Z   /Library/Frameworks/Python.framework/Versions/3.9/include/python3.9/cpython/pystate.h:78:15: note: 'curexc_value' declared here
2022-12-27T11:33:57.2612240Z       PyObject *curexc_value;
2022-12-27T11:33:57.2614820Z                 ^
2022-12-27T11:33:57.2617930Z   src/lxml/lxml.etree.c:160388:13: error: no member named 'exc_traceback' in 'struct _ts'; did you mean 'curexc_traceback'?
2022-12-27T11:33:57.2620170Z       tstate->exc_traceback = local_tb;
2022-12-27T11:33:57.2622360Z               ^~~~~~~~~~~~~
2022-12-27T11:33:57.2625450Z               curexc_traceback
2022-12-27T11:33:57.2628510Z   /Library/Frameworks/Python.framework/Versions/3.9/include/python3.9/cpython/pystate.h:79:15: note: 'curexc_traceback' declared here
2022-12-27T11:33:57.2630480Z       PyObject *curexc_traceback;
2022-12-27T11:33:57.2632800Z                 ^
2022-12-27T11:33:57.2636930Z   src/lxml/lxml.etree.c:160552:21: error: no member named 'exc_type' in 'struct _ts'
2022-12-27T11:33:57.2638810Z       *type = tstate->exc_type;
2022-12-27T11:33:57.2641420Z               ~~~~~~  ^
2022-12-27T11:33:57.2644480Z   src/lxml/lxml.etree.c:160553:22: error: no member named 'exc_value' in 'struct _ts'; did you mean 'curexc_value'?
2022-12-27T11:33:57.2647120Z       *value = tstate->exc_value;
2022-12-27T11:33:57.2649360Z                        ^~~~~~~~~
2022-12-27T11:33:57.2651950Z                        curexc_value
2022-12-27T11:33:57.2655070Z   /Library/Frameworks/Python.framework/Versions/3.9/include/python3.9/cpython/pystate.h:78:15: note: 'curexc_value' declared here
2022-12-27T11:33:57.2657330Z       PyObject *curexc_value;
2022-12-27T11:33:57.2659810Z                 ^
2022-12-27T11:33:57.2663130Z   src/lxml/lxml.etree.c:160554:19: error: no member named 'exc_traceback' in 'struct _ts'; did you mean 'curexc_traceback'?
2022-12-27T11:33:57.2665570Z       *tb = tstate->exc_traceback;
2022-12-27T11:33:57.2668090Z                     ^~~~~~~~~~~~~
2022-12-27T11:33:57.2670430Z                     curexc_traceback
2022-12-27T11:33:57.2673370Z   /Library/Frameworks/Python.framework/Versions/3.9/include/python3.9/cpython/pystate.h:79:15: note: 'curexc_traceback' declared here
2022-12-27T11:33:57.2675380Z       PyObject *curexc_traceback;
2022-12-27T11:33:57.2677760Z                 ^
2022-12-27T11:33:57.2680490Z   src/lxml/lxml.etree.c:160563:24: error: no member named 'exc_type' in 'struct _ts'
2022-12-27T11:33:57.2683000Z       tmp_type = tstate->exc_type;
2022-12-27T11:33:57.2685200Z                  ~~~~~~  ^
2022-12-27T11:33:57.2688350Z   src/lxml/lxml.etree.c:160564:25: error: no member named 'exc_value' in 'struct _ts'; did you mean 'curexc_value'?
2022-12-27T11:33:57.2690660Z       tmp_value = tstate->exc_value;
2022-12-27T11:33:57.2692630Z                           ^~~~~~~~~
2022-12-27T11:33:57.2695000Z                           curexc_value
2022-12-27T11:33:57.2697910Z   /Library/Frameworks/Python.framework/Versions/3.9/include/python3.9/cpython/pystate.h:78:15: note: 'curexc_value' declared here
2022-12-27T11:33:57.2699900Z       PyObject *curexc_value;
2022-12-27T11:33:57.2702460Z                 ^
2022-12-27T11:33:57.2705380Z   src/lxml/lxml.etree.c:160565:22: error: no member named 'exc_traceback' in 'struct _ts'; did you mean 'curexc_traceback'?
2022-12-27T11:33:57.2707520Z       tmp_tb = tstate->exc_traceback;
2022-12-27T11:33:57.2709870Z                        ^~~~~~~~~~~~~
2022-12-27T11:33:57.2712390Z                        curexc_traceback
2022-12-27T11:33:57.2715310Z   /Library/Frameworks/Python.framework/Versions/3.9/include/python3.9/cpython/pystate.h:79:15: note: 'curexc_traceback' declared here
2022-12-27T11:33:57.2717440Z       PyObject *curexc_traceback;
2022-12-27T11:33:57.2719810Z                 ^
2022-12-27T11:33:57.2722530Z   src/lxml/lxml.etree.c:160566:13: error: no member named 'exc_type' in 'struct _ts'
2022-12-27T11:33:57.2725140Z       tstate->exc_type = type;
2022-12-27T11:33:57.2727360Z       ~~~~~~  ^
2022-12-27T11:33:57.2730440Z   src/lxml/lxml.etree.c:160567:13: error: no member named 'exc_value' in 'struct _ts'; did you mean 'curexc_value'?
2022-12-27T11:33:57.2732860Z       tstate->exc_value = value;
2022-12-27T11:33:57.2735620Z               ^~~~~~~~~
2022-12-27T11:33:57.2738110Z               curexc_value
2022-12-27T11:33:57.2741300Z   /Library/Frameworks/Python.framework/Versions/3.9/include/python3.9/cpython/pystate.h:78:15: note: 'curexc_value' declared here
2022-12-27T11:33:57.2743320Z       PyObject *curexc_value;
2022-12-27T11:33:57.2745800Z                 ^
2022-12-27T11:33:57.2748530Z   src/lxml/lxml.etree.c:160568:13: error: no member named 'exc_traceback' in 'struct _ts'; did you mean 'curexc_traceback'?
2022-12-27T11:33:57.2750820Z       tstate->exc_traceback = tb;
2022-12-27T11:33:57.2753060Z               ^~~~~~~~~~~~~
2022-12-27T11:33:57.2755640Z               curexc_traceback
2022-12-27T11:33:57.2758520Z   /Library/Frameworks/Python.framework/Versions/3.9/include/python3.9/cpython/pystate.h:79:15: note: 'curexc_traceback' declared here
2022-12-27T11:33:57.2760560Z       PyObject *curexc_traceback;
2022-12-27T11:33:57.2764280Z                 ^
2022-12-27T11:33:57.2765480Z   15 errors generated.
2022-12-27T11:33:57.2797230Z   error: command '/usr/bin/gcc' failed with exit code 1
2022-12-27T11:33:57.3582140Z   error: subprocess-exited-with-error
2022-12-27T11:33:57.3582500Z   
2022-12-27T11:33:57.3583590Z   Ã— python setup.py bdist_wheel did not run successfully.
2022-12-27T11:33:57.3584030Z   â”‚ exit code: 1
2022-12-27T11:33:57.3584460Z   â•°â”€> See above for output.
2022-12-27T11:33:57.3584740Z   
2022-12-27T11:33:57.3585160Z   note: This error originates from a subprocess, and is likely not a problem with pip.
2022-12-27T11:33:57.3601200Z   full command: /private/var/folders/51/hd414ycd67n82196sw51xqtc0000gn/T/cibw-run-gkapyw9h/cp39-macosx_arm64/build/venv/bin/python -u -c '
2022-12-27T11:33:57.3601830Z   exec(compile('"'"''"'"''"'"'
2022-12-27T11:33:57.3602220Z   # This is <pip-setuptools-caller> -- a caller that pip uses to run setup.py
2022-12-27T11:33:57.3602650Z   #
2022-12-27T11:33:57.3603200Z   # - It imports setuptools before invoking setup.py, to enable projects that directly
2022-12-27T11:33:57.3603660Z   #   import from `distutils.core` to work with newer packaging standards.
2022-12-27T11:33:57.3604190Z   # - It provides a clear error message when setuptools is not installed.
2022-12-27T11:33:57.3604730Z   # - It sets `sys.argv[0]` to the underlying `setup.py`, when invoking `setup.py` so
2022-12-27T11:33:57.3605880Z   #   setuptools doesn'"'"'t think the script is `-c`. This avoids the following warning:
2022-12-27T11:33:57.3606430Z   #     manifest_maker: standard file '"'"'-c'"'"' not found".
2022-12-27T11:33:57.3607010Z   # - It generates a shim setup.py, for handling setup.cfg-only projects.
2022-12-27T11:33:57.3607460Z   import os, sys, tokenize
2022-12-27T11:33:57.3607820Z   
2022-12-27T11:33:57.3608030Z   try:
2022-12-27T11:33:57.3608350Z       import setuptools
2022-12-27T11:33:57.3608700Z   except ImportError as error:
2022-12-27T11:33:57.3608960Z       print(
2022-12-27T11:33:57.3609360Z           "ERROR: Can not execute `setup.py` since setuptools is not available in "
2022-12-27T11:33:57.3609760Z           "the build environment.",
2022-12-27T11:33:57.3610000Z           file=sys.stderr,
2022-12-27T11:33:57.3610260Z       )
2022-12-27T11:33:57.3610450Z       sys.exit(1)
2022-12-27T11:33:57.3610660Z   
2022-12-27T11:33:57.3610960Z   __file__ = %r
2022-12-27T11:33:57.3611260Z   sys.argv[0] = __file__
2022-12-27T11:33:57.3611510Z   
2022-12-27T11:33:57.3611840Z   if os.path.exists(__file__):
2022-12-27T11:33:57.3612170Z       filename = __file__
2022-12-27T11:33:57.3612470Z       with tokenize.open(__file__) as f:
2022-12-27T11:33:57.3612820Z           setup_py_code = f.read()
2022-12-27T11:33:57.3613190Z   else:
2022-12-27T11:33:57.3613560Z       filename = "<auto-generated setuptools caller>"
2022-12-27T11:33:57.3613980Z       setup_py_code = "from setuptools import setup; setup()"
2022-12-27T11:33:57.3614350Z   
2022-12-27T11:33:57.3614630Z   exec(compile(setup_py_code, filename, "exec"))
2022-12-27T11:33:57.3615570Z   '"'"''"'"''"'"' % ('"'"'/Users/runner/actions-runner/_work/python.build/python.build/build_lxml2339/lxml-2.3/setup.py'"'"',), "<pip-setuptools-caller>", "exec"))' bdist_wheel -d /private/var/folders/51/hd414ycd67n82196sw51xqtc0000gn/T/pip-wheel-4ojn9z1g
2022-12-27T11:33:57.3616370Z   cwd: /Users/runner/actions-runner/_work/python.build/python.build/build_lxml2339/lxml-2.3/
2022-12-27T11:33:57.3616840Z   ERROR: Failed building wheel for lxml
2022-12-27T11:33:57.3617320Z   Building wheel for lxml (setup.py): finished with status 'error'
2022-12-27T11:33:57.3618820Z   Running setup.py clean for lxml
2022-12-27T11:33:57.3622290Z   Running command python setup.py clean
2022-12-27T11:33:57.7959710Z   Building lxml version 2.3.
2022-12-27T11:33:57.7962080Z   Building with Cython 0.29.32.
2022-12-27T11:33:57.8267030Z   Using build configuration of libxslt 1.1.29
2022-12-27T11:33:58.0175260Z   Building against libxml2/libxslt in the following directory: /Library/Developer/CommandLineTools/SDKs/MacOSX12.1.sdk/usr/lib
2022-12-27T11:33:58.0407080Z   running clean
2022-12-27T11:33:58.0452490Z   removing 'build/temp.macosx-11.0-arm64-cpython-39' (and everything under it)
2022-12-27T11:33:58.0458570Z   removing 'build/lib.macosx-11.0-arm64-cpython-39' (and everything under it)
2022-12-27T11:33:58.0513110Z   'build/bdist.macosx-11.0-arm64' does not exist -- can't clean it
2022-12-27T11:33:58.0514180Z   'build/scripts-3.9' does not exist -- can't clean it
2022-12-27T11:33:58.0516240Z   removing 'build'
2022-12-27T11:33:58.1115270Z Failed to build lxml
2022-12-27T11:33:58.1122380Z ERROR: Failed to build one or more wheels
2022-12-27T11:33:58.1138900Z Exception information:
2022-12-27T11:33:58.1139570Z Traceback (most recent call last):
2022-12-27T11:33:58.1150900Z   File "/private/var/folders/51/hd414ycd67n82196sw51xqtc0000gn/T/cibw-run-gkapyw9h/cp39-macosx_arm64/build/venv/lib/python3.9/site-packages/pip/_internal/cli/base_command.py", line 160, in exc_logging_wrapper
2022-12-27T11:33:58.1151570Z     status = run_func(*args)
2022-12-27T11:33:58.1152460Z   File "/private/var/folders/51/hd414ycd67n82196sw51xqtc0000gn/T/cibw-run-gkapyw9h/cp39-macosx_arm64/build/venv/lib/python3.9/site-packages/pip/_internal/cli/req_command.py", line 247, in wrapper
2022-12-27T11:33:58.1153000Z     return func(self, options, args)
2022-12-27T11:33:58.1154590Z   File "/private/var/folders/51/hd414ycd67n82196sw51xqtc0000gn/T/cibw-run-gkapyw9h/cp39-macosx_arm64/build/venv/lib/python3.9/site-packages/pip/_internal/commands/wheel.py", line 201, in run
2022-12-27T11:33:58.1155240Z     raise CommandError("Failed to build one or more wheels")
2022-12-27T11:33:58.1155650Z pip._internal.exceptions.CommandError: Failed to build one or more wheels
2022-12-27T11:33:58.1156330Z Removed build tracker: '/private/var/folders/51/hd414ycd67n82196sw51xqtc0000gn/T/pip-build-tracker-vqpd253e'
2022-12-27T11:33:58.2159290Z ##[endgroup]
2022-12-27T11:33:58.2160710Z                                                               [31mâœ• [0m4.36s
2022-12-27T11:33:58.2197350Z ##[error]Command ['python', '-m', 'pip', 'wheel', '/Users/runner/actions-runner/_work/python.build/python.build/build_lxml2339/lxml-2.3', '--wheel-dir=/private/var/folders/51/hd414ycd67n82196sw51xqtc0000gn/T/cibw-run-gkapyw9h/cp39-macosx_arm64/built_wheel', '--no-deps', '-vvv'] failed with code 1. None
2022-12-27T11:33:58.2206060Z 
2022-12-27T11:33:58.2994400Z ##[error]Process completed with exit code 1.
2022-12-27T11:33:58.3047350Z ##[group]Run rm -rf build_lxml2339 wheelsout
2022-12-27T11:33:58.3047640Z [36;1mrm -rf build_lxml2339 wheelsout[0m
2022-12-27T11:33:58.3073870Z shell: /bin/bash -e {0}
2022-12-27T11:33:58.3074050Z env:
2022-12-27T11:33:58.3074310Z   pythonLocation: /Users/runner/hostedtoolcache/Python/3.9.16/x64
2022-12-27T11:33:58.3074620Z   PKG_CONFIG_PATH: /Users/runner/hostedtoolcache/Python/3.9.16/x64/lib/pkgconfig
2022-12-27T11:33:58.3074940Z   Python_ROOT_DIR: /Users/runner/hostedtoolcache/Python/3.9.16/x64
2022-12-27T11:33:58.3075250Z   Python2_ROOT_DIR: /Users/runner/hostedtoolcache/Python/3.9.16/x64
2022-12-27T11:33:58.3075540Z   Python3_ROOT_DIR: /Users/runner/hostedtoolcache/Python/3.9.16/x64
2022-12-27T11:33:58.3075770Z ##[endgroup]
2022-12-27T11:33:58.4135950Z Cleaning up orphan processes
