2022-12-27T08:51:25.3851964Z Requested labels: self-hosted, macOS, X64
2022-12-27T08:51:25.3852051Z Job defined at: kilnbuild/python.build/.github/workflows/mac_arm_build.yml@refs/heads/main
2022-12-27T08:51:25.3852080Z Waiting for a runner to pick up this job...
2022-12-27T11:23:01.3273827Z Job is about to start running on the runner: k2 (organization)
2022-12-27T11:23:02.5957190Z Current runner version: '2.300.2'
2022-12-27T11:23:02.5962040Z Runner name: 'k2'
2022-12-27T11:23:02.5962280Z Runner group name: 'Default'
2022-12-27T11:23:02.5962720Z Machine name: 'k2'
2022-12-27T11:23:02.5964170Z ##[group]GITHUB_TOKEN Permissions
2022-12-27T11:23:02.5964660Z Actions: write
2022-12-27T11:23:02.5964800Z Checks: write
2022-12-27T11:23:02.5964930Z Contents: write
2022-12-27T11:23:02.5965070Z Deployments: write
2022-12-27T11:23:02.5965210Z Discussions: write
2022-12-27T11:23:02.5965350Z Issues: write
2022-12-27T11:23:02.5965480Z Metadata: read
2022-12-27T11:23:02.5965620Z Packages: write
2022-12-27T11:23:02.5965760Z Pages: write
2022-12-27T11:23:02.5965890Z PullRequests: write
2022-12-27T11:23:02.5966060Z RepositoryProjects: write
2022-12-27T11:23:02.5966230Z SecurityEvents: write
2022-12-27T11:23:02.5966360Z Statuses: write
2022-12-27T11:23:02.5966500Z ##[endgroup]
2022-12-27T11:23:02.5968970Z Secret source: Actions
2022-12-27T11:23:02.5969280Z Prepare workflow directory
2022-12-27T11:23:02.6624050Z Prepare all required actions
2022-12-27T11:23:02.6741260Z Getting action download info
2022-12-27T11:23:03.1143540Z Download action repository 'actions/setup-python@v4' (SHA:5ccb29d8773c3f3f653e1705f474dfaa8a06a912)
2022-12-27T11:23:04.9259580Z Download action repository 'actions/upload-artifact@v3' (SHA:83fd05a356d7e2593de66fc9913b3002723633cb)
2022-12-27T11:23:06.2381640Z ##[group]Run echo '{
2022-12-27T11:23:06.2381970Z [36;1mecho '{[0m
2022-12-27T11:23:06.2382130Z [36;1m  "package_name": "lxml",[0m
2022-12-27T11:23:06.2382420Z [36;1m  "package_url": "https://files.pythonhosted.org/packages/39/af/e517a56b6f27a0fc8065fe5df38988d039d7892cca5fdb25248291e33d41/lxml-2.0alpha1.tar.gz",[0m
2022-12-27T11:23:06.2382670Z [36;1m  "package_version": "2.0alpha1",[0m
2022-12-27T11:23:06.2382790Z [36;1m  "python_version": "3.8",[0m
2022-12-27T11:23:06.2382920Z [36;1m  "use_ccache": "true"[0m
2022-12-27T11:23:06.2383020Z [36;1m}'[0m
2022-12-27T11:23:06.2399030Z shell: /bin/bash -e {0}
2022-12-27T11:23:06.2399270Z ##[endgroup]
2022-12-27T11:23:06.2624540Z {
2022-12-27T11:23:06.2625900Z   "package_name": "lxml",
2022-12-27T11:23:06.2626600Z   "package_url": "https://files.pythonhosted.org/packages/39/af/e517a56b6f27a0fc8065fe5df38988d039d7892cca5fdb25248291e33d41/lxml-2.0alpha1.tar.gz",
2022-12-27T11:23:06.2626850Z   "package_version": "2.0alpha1",
2022-12-27T11:23:06.2627150Z   "python_version": "3.8",
2022-12-27T11:23:06.2627350Z   "use_ccache": "true"
2022-12-27T11:23:06.2627480Z }
2022-12-27T11:23:06.2838150Z ##[group]Run actions/setup-python@v4
2022-12-27T11:23:06.2838400Z with:
2022-12-27T11:23:06.2838580Z   python-version: 3.8
2022-12-27T11:23:06.2838730Z   check-latest: false
2022-12-27T11:23:06.2839070Z   token: ***
2022-12-27T11:23:06.2839270Z   update-environment: true
2022-12-27T11:23:06.2839420Z ##[endgroup]
2022-12-27T11:23:06.4044200Z ##[group]Installed versions
2022-12-27T11:23:06.4147480Z Successfully set up CPython (3.8.15)
2022-12-27T11:23:06.4148410Z ##[endgroup]
2022-12-27T11:23:06.4294950Z ##[group]Run if [ "true" == "true" ]
2022-12-27T11:23:06.4295220Z [36;1mif [ "true" == "true" ][0m
2022-12-27T11:23:06.4295380Z [36;1mthen[0m
2022-12-27T11:23:06.4295810Z [36;1m  echo "CCACHE_PATH_PREPEND=/usr/local/opt/ccache/libexec" >> $GITHUB_OUTPUT[0m
2022-12-27T11:23:06.4296100Z [36;1melse[0m
2022-12-27T11:23:06.4296270Z [36;1m  echo "CCACHE_PATH_PREPEND=" >> $GITHUB_OUTPUT[0m
2022-12-27T11:23:06.4296710Z [36;1mfi[0m
2022-12-27T11:23:06.4313230Z shell: /bin/bash -e {0}
2022-12-27T11:23:06.4313450Z env:
2022-12-27T11:23:06.4313640Z   pythonLocation: /Users/runner/hostedtoolcache/Python/3.8.15/x64
2022-12-27T11:23:06.4313910Z   PKG_CONFIG_PATH: /Users/runner/hostedtoolcache/Python/3.8.15/x64/lib/pkgconfig
2022-12-27T11:23:06.4314180Z   Python_ROOT_DIR: /Users/runner/hostedtoolcache/Python/3.8.15/x64
2022-12-27T11:23:06.4314450Z   Python2_ROOT_DIR: /Users/runner/hostedtoolcache/Python/3.8.15/x64
2022-12-27T11:23:06.4314750Z   Python3_ROOT_DIR: /Users/runner/hostedtoolcache/Python/3.8.15/x64
2022-12-27T11:23:06.4315180Z ##[endgroup]
2022-12-27T11:23:06.4421250Z ##[group]Run echo "BUILD_NAME=$(echo lxml_2.0alpha1_3.8 | tr -dc '[:alnum:]\n\r' | tr '[:upper:]' '[:lower:]')" >> $GITHUB_OUTPUT
2022-12-27T11:23:06.4421770Z [36;1mecho "BUILD_NAME=$(echo lxml_2.0alpha1_3.8 | tr -dc '[:alnum:]\n\r' | tr '[:upper:]' '[:lower:]')" >> $GITHUB_OUTPUT[0m
2022-12-27T11:23:06.4435100Z shell: /bin/bash -e {0}
2022-12-27T11:23:06.4435280Z env:
2022-12-27T11:23:06.4474900Z   pythonLocation: /Users/runner/hostedtoolcache/Python/3.8.15/x64
2022-12-27T11:23:06.4475110Z   PKG_CONFIG_PATH: /Users/runner/hostedtoolcache/Python/3.8.15/x64/lib/pkgconfig
2022-12-27T11:23:06.4475320Z   Python_ROOT_DIR: /Users/runner/hostedtoolcache/Python/3.8.15/x64
2022-12-27T11:23:06.4475500Z   Python2_ROOT_DIR: /Users/runner/hostedtoolcache/Python/3.8.15/x64
2022-12-27T11:23:06.4475660Z   Python3_ROOT_DIR: /Users/runner/hostedtoolcache/Python/3.8.15/x64
2022-12-27T11:23:06.4475790Z ##[endgroup]
2022-12-27T11:23:06.4585170Z ##[group]Run echo "PYTHON_NO_DOTS=$(echo 3.8 | tr -dc '[:alnum:]\n\r' | tr '[:upper:]' '[:lower:]')" >> $GITHUB_OUTPUT
2022-12-27T11:23:06.4585620Z [36;1mecho "PYTHON_NO_DOTS=$(echo 3.8 | tr -dc '[:alnum:]\n\r' | tr '[:upper:]' '[:lower:]')" >> $GITHUB_OUTPUT[0m
2022-12-27T11:23:06.4598980Z shell: /bin/bash -e {0}
2022-12-27T11:23:06.4599210Z env:
2022-12-27T11:23:06.4599410Z   pythonLocation: /Users/runner/hostedtoolcache/Python/3.8.15/x64
2022-12-27T11:23:06.4599650Z   PKG_CONFIG_PATH: /Users/runner/hostedtoolcache/Python/3.8.15/x64/lib/pkgconfig
2022-12-27T11:23:06.4599880Z   Python_ROOT_DIR: /Users/runner/hostedtoolcache/Python/3.8.15/x64
2022-12-27T11:23:06.4600110Z   Python2_ROOT_DIR: /Users/runner/hostedtoolcache/Python/3.8.15/x64
2022-12-27T11:23:06.4600380Z   Python3_ROOT_DIR: /Users/runner/hostedtoolcache/Python/3.8.15/x64
2022-12-27T11:23:06.4600540Z ##[endgroup]
2022-12-27T11:23:06.4708830Z ##[group]Run rm -rf build_lxml20alpha138
2022-12-27T11:23:06.4709210Z [36;1mrm -rf build_lxml20alpha138[0m
2022-12-27T11:23:06.4709470Z [36;1mmkdir build_lxml20alpha138[0m
2022-12-27T11:23:06.4709630Z [36;1mcd build_lxml20alpha138[0m
2022-12-27T11:23:06.4709970Z [36;1m/usr/local/bin/wget --quiet https://files.pythonhosted.org/packages/39/af/e517a56b6f27a0fc8065fe5df38988d039d7892cca5fdb25248291e33d41/lxml-2.0alpha1.tar.gz[0m
2022-12-27T11:23:06.4710240Z [36;1mtar xf *.tar.gz[0m
2022-12-27T11:23:06.4710370Z [36;1mcd *[0m
2022-12-27T11:23:06.4710580Z [36;1mpython -m pip install cibuildwheel==2.11.3[0m
2022-12-27T11:23:06.4710800Z [36;1mpython -m cibuildwheel --output-dir ../wheelsout[0m
2022-12-27T11:23:06.4724500Z shell: /bin/bash -e {0}
2022-12-27T11:23:06.4724650Z env:
2022-12-27T11:23:06.4724900Z   pythonLocation: /Users/runner/hostedtoolcache/Python/3.8.15/x64
2022-12-27T11:23:06.4725190Z   PKG_CONFIG_PATH: /Users/runner/hostedtoolcache/Python/3.8.15/x64/lib/pkgconfig
2022-12-27T11:23:06.4725410Z   Python_ROOT_DIR: /Users/runner/hostedtoolcache/Python/3.8.15/x64
2022-12-27T11:23:06.4725630Z   Python2_ROOT_DIR: /Users/runner/hostedtoolcache/Python/3.8.15/x64
2022-12-27T11:23:06.4725900Z   Python3_ROOT_DIR: /Users/runner/hostedtoolcache/Python/3.8.15/x64
2022-12-27T11:23:06.4726070Z   CIBW_ARCHS_MACOS: arm64
2022-12-27T11:23:06.4726230Z   CIBW_TEST_SKIP: *_arm64
2022-12-27T11:23:06.4726400Z   CIBW_BUILD: cp38-macosx_arm64
2022-12-27T11:23:06.4726560Z   CIBW_BUILD_FRONTEND: pip
2022-12-27T11:23:06.4726760Z   CIBW_BUILD_VERBOSITY: 3
2022-12-27T11:23:06.4727110Z   CIBW_ENVIRONMENT_MACOS:  CFLAGS="-I/usr/local/opt/openssl@3/include" LDFLAGS="-L/usr/local/opt/openssl@3/lib" CPPFLAGS="-I/usr/local/opt/openssl@3/include" MAKEFLAGS="-j$(sysctl -n hw.logicalcpu)" PATH=/usr/local/opt/ccache/libexec:$PATH
2022-12-27T11:23:06.4727470Z   CIBW_BEFORE_BUILD: pip install Cython; if [[ -f requirements.txt ]]; then pip install -r requirements.txt; fi
2022-12-27T11:23:06.4727690Z   MAKEFLAGS: -j$(sysctl -n hw.logicalcpu)
2022-12-27T11:23:06.4727890Z ##[endgroup]
2022-12-27T11:23:06.9072630Z Requirement already satisfied: cibuildwheel==2.11.3 in /Users/runner/hostedtoolcache/Python/3.8.15/x64/lib/python3.8/site-packages (2.11.3)
2022-12-27T11:23:06.9415360Z Requirement already satisfied: tomli in /Users/runner/hostedtoolcache/Python/3.8.15/x64/lib/python3.8/site-packages (from cibuildwheel==2.11.3) (2.0.1)
2022-12-27T11:23:06.9423090Z Requirement already satisfied: typing-extensions>=4.1.0 in /Users/runner/hostedtoolcache/Python/3.8.15/x64/lib/python3.8/site-packages (from cibuildwheel==2.11.3) (4.4.0)
2022-12-27T11:23:06.9429350Z Requirement already satisfied: packaging>=20.9 in /Users/runner/hostedtoolcache/Python/3.8.15/x64/lib/python3.8/site-packages (from cibuildwheel==2.11.3) (22.0)
2022-12-27T11:23:06.9433870Z Requirement already satisfied: bashlex!=0.13 in /Users/runner/hostedtoolcache/Python/3.8.15/x64/lib/python3.8/site-packages (from cibuildwheel==2.11.3) (0.16)
2022-12-27T11:23:06.9437300Z Requirement already satisfied: bracex in /Users/runner/hostedtoolcache/Python/3.8.15/x64/lib/python3.8/site-packages (from cibuildwheel==2.11.3) (2.3.post1)
2022-12-27T11:23:06.9440290Z Requirement already satisfied: filelock in /Users/runner/hostedtoolcache/Python/3.8.15/x64/lib/python3.8/site-packages (from cibuildwheel==2.11.3) (3.8.2)
2022-12-27T11:23:06.9443700Z Requirement already satisfied: platformdirs in /Users/runner/hostedtoolcache/Python/3.8.15/x64/lib/python3.8/site-packages (from cibuildwheel==2.11.3) (2.6.0)
2022-12-27T11:23:06.9446710Z Requirement already satisfied: certifi in /Users/runner/hostedtoolcache/Python/3.8.15/x64/lib/python3.8/site-packages (from cibuildwheel==2.11.3) (2022.12.7)
2022-12-27T11:23:07.1160210Z 
2022-12-27T11:23:07.1160830Z      _ _       _ _   _       _           _
2022-12-27T11:23:07.1161240Z  ___|_| |_ _ _|_| |_| |_ _ _| |_ ___ ___| |
2022-12-27T11:23:07.1161740Z |  _| | . | | | | | . | | | |   | -_| -_| |
2022-12-27T11:23:07.1162650Z |___|_|___|___|_|_|___|_____|_|_|___|___|_|
2022-12-27T11:23:07.1162840Z 
2022-12-27T11:23:07.1163080Z cibuildwheel version 2.11.3
2022-12-27T11:23:07.1163210Z 
2022-12-27T11:23:07.1163400Z Build options:
2022-12-27T11:23:07.1163660Z   platform: macos
2022-12-27T11:23:07.1233570Z   architectures: arm64[0m
2022-12-27T11:23:07.1233840Z   build_selector: 
2022-12-27T11:23:07.1234400Z     build_config: cp38-macosx_arm64
2022-12-27T11:23:07.1235190Z     skip_config: 
2022-12-27T11:23:07.1235550Z     requires_python: None
2022-12-27T11:23:07.1235930Z     prerelease_pythons: False[0m
2022-12-27T11:23:07.1236480Z   [38;5;244mcontainer_engine: docker[0m
2022-12-27T11:23:07.1237050Z   output_dir: /Users/runner/actions-runner/_work/python.build/python.build/build_lxml20alpha138/wheelsout[0m
2022-12-27T11:23:07.1237650Z   package_dir: /Users/runner/actions-runner/_work/python.build/python.build/build_lxml20alpha138/lxml-2.0alpha1[0m
2022-12-27T11:23:07.1238010Z   test_selector: 
2022-12-27T11:23:07.1238370Z     skip_config: *_arm64[0m
2022-12-27T11:23:07.1238720Z   [38;5;244mbefore_all: [0m
2022-12-27T11:23:07.1239240Z   before_build: pip install Cython; if [[ -f requirements.txt ]]; then pip install -r requirements.txt; fi[0m
2022-12-27T11:23:07.1239670Z   [38;5;244mbefore_test: [0m
2022-12-27T11:23:07.1239970Z   [38;5;244mbuild_frontend: pip[0m
2022-12-27T11:23:07.1240310Z   build_verbosity: 3[0m
2022-12-27T11:23:07.1240700Z   [38;5;244mconfig_settings: [0m
2022-12-27T11:23:07.1241080Z   [38;5;244mdependency_constraints: pinned[0m
2022-12-27T11:23:07.1241330Z   environment: 
2022-12-27T11:23:07.1241740Z     CFLAGS="-I/usr/local/opt/openssl@3/include"
2022-12-27T11:23:07.1242190Z     LDFLAGS="-L/usr/local/opt/openssl@3/lib"
2022-12-27T11:23:07.1242550Z     CPPFLAGS="-I/usr/local/opt/openssl@3/include"
2022-12-27T11:23:07.1242950Z     MAKEFLAGS="-j$(sysctl -n hw.logicalcpu)"
2022-12-27T11:23:07.1243320Z     PATH=/usr/local/opt/ccache/libexec:$PATH[0m
2022-12-27T11:23:07.1243590Z   [38;5;244mmanylinux_images: None[0m
2022-12-27T11:23:07.1243890Z   [38;5;244mmusllinux_images: None[0m
2022-12-27T11:23:07.1244280Z   [38;5;244mrepair_command: delocate-wheel --require-archs {delocate_archs} -w {dest_dir} -v {wheel}[0m
2022-12-27T11:23:07.1244860Z   [38;5;244mtest_command: [0m
2022-12-27T11:23:07.1245130Z   [38;5;244mtest_extras: [0m
2022-12-27T11:23:07.1245380Z   [38;5;244mtest_requires: [0m
2022-12-27T11:23:07.1245560Z 
2022-12-27T11:23:07.1245690Z Cache folder: /Users/runner/Library/Caches/cibuildwheel
2022-12-27T11:23:07.1251230Z 
2022-12-27T11:23:07.1251550Z Here we go!
2022-12-27T11:23:07.1251710Z 
2022-12-27T11:23:07.1311130Z 
2022-12-27T11:23:07.1311650Z [1m[34mBuilding cp38-macosx_arm64 wheel[0m
2022-12-27T11:23:07.1312090Z CPython 3.8 macOS arm64 - Apple Silicon
2022-12-27T11:23:07.1312350Z 
2022-12-27T11:23:07.1314790Z ##[group]Installing Python cp38...
2022-12-27T11:23:07.1315000Z 
2022-12-27T11:23:07.1315430Z + pkgutil --pkgs
2022-12-27T11:23:07.1421250Z ##[endgroup]
2022-12-27T11:23:07.1422180Z                                                               [32mâœ“ [0m0.01s
2022-12-27T11:23:07.1422860Z ##[group]Setting up build environment...
2022-12-27T11:23:07.1423150Z 
2022-12-27T11:23:07.1441410Z + /Users/runner/hostedtoolcache/Python/3.8.15/x64/bin/python -sS /Users/runner/Library/Caches/cibuildwheel/virtualenv-20.17.0.pyz --activators= --no-periodic-update --pip=22.3.1 --setuptools=65.6.3 --wheel=0.38.4 --symlink-app-data --python /Library/Frameworks/Python.framework/Versions/3.8/bin/python3 /private/var/folders/51/hd414ycd67n82196sw51xqtc0000gn/T/cibw-run-e6_jukcn/cp38-macosx_arm64/build/venv
2022-12-27T11:23:07.3316220Z created virtual environment CPython3.8.10.final.0-64 in 46ms
2022-12-27T11:23:07.3316950Z   creator CPython3Posix(dest=/private/var/folders/51/hd414ycd67n82196sw51xqtc0000gn/T/cibw-run-e6_jukcn/cp38-macosx_arm64/build/venv, clear=False, no_vcs_ignore=False, global=False)
2022-12-27T11:23:07.3317920Z   seeder FromAppData(download=False, pip=22.3.1, setuptools=65.6.3, wheel=0.38.4, via=symlink, app_data_dir=/Users/runner/Library/Application Support/virtualenv)
2022-12-27T11:23:07.3318490Z     added seed packages: pip==22.3.1, setuptools==65.6.3, wheel==0.38.4
2022-12-27T11:23:07.3436400Z + python -m pip install --upgrade pip -c /Users/runner/hostedtoolcache/Python/3.8.15/x64/lib/python3.8/site-packages/cibuildwheel/resources/constraints-python38.txt
2022-12-27T11:23:07.6526090Z Requirement already satisfied: pip in ./lib/python3.8/site-packages (22.3.1)
2022-12-27T11:23:07.7946580Z + which pip
2022-12-27T11:23:07.7965450Z /private/var/folders/51/hd414ycd67n82196sw51xqtc0000gn/T/cibw-run-e6_jukcn/cp38-macosx_arm64/build/venv/bin/pip
2022-12-27T11:23:07.7967830Z + pip --version
2022-12-27T11:23:08.0270010Z pip 22.3.1 from /private/var/folders/51/hd414ycd67n82196sw51xqtc0000gn/T/cibw-run-e6_jukcn/cp38-macosx_arm64/build/venv/lib/python3.8/site-packages/pip (python 3.8)
2022-12-27T11:23:08.0524030Z + which pip
2022-12-27T11:23:08.0555000Z + which python
2022-12-27T11:23:08.0578180Z /private/var/folders/51/hd414ycd67n82196sw51xqtc0000gn/T/cibw-run-e6_jukcn/cp38-macosx_arm64/build/venv/bin/python
2022-12-27T11:23:08.0580730Z + python --version
2022-12-27T11:23:08.0630240Z Python 3.8.10
2022-12-27T11:23:08.0633530Z + which python
2022-12-27T11:23:08.0688740Z ##[endgroup]
2022-12-27T11:23:08.0689270Z                                                               [32mâœ“ [0m0.93s
2022-12-27T11:23:08.0689740Z ##[group]Installing build tools...
2022-12-27T11:23:08.0689910Z 
2022-12-27T11:23:08.0690510Z + pip install --upgrade setuptools wheel delocate -c /Users/runner/hostedtoolcache/Python/3.8.15/x64/lib/python3.8/site-packages/cibuildwheel/resources/constraints-python38.txt
2022-12-27T11:23:08.3706040Z Requirement already satisfied: setuptools in /private/var/folders/51/hd414ycd67n82196sw51xqtc0000gn/T/cibw-run-e6_jukcn/cp38-macosx_arm64/build/venv/lib/python3.8/site-packages (65.6.3)
2022-12-27T11:23:08.5865430Z Requirement already satisfied: wheel in /private/var/folders/51/hd414ycd67n82196sw51xqtc0000gn/T/cibw-run-e6_jukcn/cp38-macosx_arm64/build/venv/lib/python3.8/site-packages (0.38.4)
2022-12-27T11:23:08.6409670Z Collecting delocate
2022-12-27T11:23:08.6437060Z   Using cached delocate-0.10.3-py3-none-any.whl (142 kB)
2022-12-27T11:23:08.6670170Z Collecting typing-extensions
2022-12-27T11:23:08.6693670Z   Using cached typing_extensions-4.4.0-py3-none-any.whl (26 kB)
2022-12-27T11:23:08.6944140Z Collecting packaging>=20.9
2022-12-27T11:23:08.6967030Z   Using cached packaging-21.3-py3-none-any.whl (40 kB)
2022-12-27T11:23:08.7350880Z Collecting pyparsing!=3.0.5,>=2.0.2
2022-12-27T11:23:08.7378130Z   Using cached pyparsing-3.0.9-py3-none-any.whl (98 kB)
2022-12-27T11:23:08.7758390Z Installing collected packages: typing-extensions, pyparsing, packaging, delocate
2022-12-27T11:23:08.9115530Z Successfully installed delocate-0.10.3 packaging-21.3 pyparsing-3.0.9 typing-extensions-4.4.0
2022-12-27T11:23:08.9731740Z ##[endgroup]
2022-12-27T11:23:08.9732460Z                                                               [32mâœ“ [0m0.90s
2022-12-27T11:23:08.9733040Z ##[group]Running before_build...
2022-12-27T11:23:08.9733230Z 
2022-12-27T11:23:08.9739850Z + pip install Cython; if [[ -f requirements.txt ]]; then pip install -r requirements.txt; fi
2022-12-27T11:23:09.6895890Z Collecting Cython
2022-12-27T11:23:09.6948480Z   Using cached Cython-0.29.32-py2.py3-none-any.whl (986 kB)
2022-12-27T11:23:09.7381870Z Installing collected packages: Cython
2022-12-27T11:23:10.2200900Z Successfully installed Cython-0.29.32
2022-12-27T11:23:10.2649590Z ##[endgroup]
2022-12-27T11:23:10.2650210Z                                                               [32mâœ“ [0m1.29s
2022-12-27T11:23:10.2650880Z ##[group]Building wheel...
2022-12-27T11:23:10.2651040Z 
2022-12-27T11:23:10.2655830Z + python -m pip wheel /Users/runner/actions-runner/_work/python.build/python.build/build_lxml20alpha138/lxml-2.0alpha1 --wheel-dir=/private/var/folders/51/hd414ycd67n82196sw51xqtc0000gn/T/cibw-run-e6_jukcn/cp38-macosx_arm64/built_wheel --no-deps -vvv
2022-12-27T11:23:10.5510400Z Created temporary directory: /private/var/folders/51/hd414ycd67n82196sw51xqtc0000gn/T/pip-ephem-wheel-cache-bytrn6c1
2022-12-27T11:23:10.5514880Z Created temporary directory: /private/var/folders/51/hd414ycd67n82196sw51xqtc0000gn/T/pip-build-tracker-b_qijd3u
2022-12-27T11:23:10.5517190Z Initialized build tracking at /private/var/folders/51/hd414ycd67n82196sw51xqtc0000gn/T/pip-build-tracker-b_qijd3u
2022-12-27T11:23:10.5518250Z Created build tracker: /private/var/folders/51/hd414ycd67n82196sw51xqtc0000gn/T/pip-build-tracker-b_qijd3u
2022-12-27T11:23:10.5519700Z Entered build tracker: /private/var/folders/51/hd414ycd67n82196sw51xqtc0000gn/T/pip-build-tracker-b_qijd3u
2022-12-27T11:23:10.5523600Z Created temporary directory: /private/var/folders/51/hd414ycd67n82196sw51xqtc0000gn/T/pip-wheel-qi7r002q
2022-12-27T11:23:10.5530110Z Created temporary directory: /private/var/folders/51/hd414ycd67n82196sw51xqtc0000gn/T/pip-ephem-wheel-cache-qk29thkm
2022-12-27T11:23:10.5613540Z Processing /Users/runner/actions-runner/_work/python.build/python.build/build_lxml20alpha138/lxml-2.0alpha1
2022-12-27T11:23:10.5618690Z   Added file:///Users/runner/actions-runner/_work/python.build/python.build/build_lxml20alpha138/lxml-2.0alpha1 to build tracker '/private/var/folders/51/hd414ycd67n82196sw51xqtc0000gn/T/pip-build-tracker-b_qijd3u'
2022-12-27T11:23:10.5622290Z   Running setup.py (path:/Users/runner/actions-runner/_work/python.build/python.build/build_lxml20alpha138/lxml-2.0alpha1/setup.py) egg_info for package from file:///Users/runner/actions-runner/_work/python.build/python.build/build_lxml20alpha138/lxml-2.0alpha1
2022-12-27T11:23:10.5625250Z   Created temporary directory: /private/var/folders/51/hd414ycd67n82196sw51xqtc0000gn/T/pip-pip-egg-info-n0cv2xwr
2022-12-27T11:23:10.5626750Z   Preparing metadata (setup.py): started
2022-12-27T11:23:10.5628860Z   Running command python setup.py egg_info
2022-12-27T11:23:10.7233990Z   Traceback (most recent call last):
2022-12-27T11:23:10.7243770Z     File "<string>", line 2, in <module>
2022-12-27T11:23:10.7244490Z     File "<pip-setuptools-caller>", line 34, in <module>
2022-12-27T11:23:10.7245070Z     File "/Users/runner/actions-runner/_work/python.build/python.build/build_lxml20alpha138/lxml-2.0alpha1/setup.py", line 41
2022-12-27T11:23:10.7245760Z       print "Building lxml version", svn_version
2022-12-27T11:23:10.7245960Z             ^
2022-12-27T11:23:10.7246430Z   SyntaxError: Missing parentheses in call to 'print'. Did you mean print("Building lxml version", svn_version)?
2022-12-27T11:23:10.7529100Z   error: subprocess-exited-with-error
2022-12-27T11:23:10.7529490Z   
2022-12-27T11:23:10.7529940Z   Ã— python setup.py egg_info did not run successfully.
2022-12-27T11:23:10.7530320Z   â”‚ exit code: 1
2022-12-27T11:23:10.7530840Z   â•°â”€> See above for output.
2022-12-27T11:23:10.7531060Z   
2022-12-27T11:23:10.7531440Z   note: This error originates from a subprocess, and is likely not a problem with pip.
2022-12-27T11:23:10.7538030Z   full command: /private/var/folders/51/hd414ycd67n82196sw51xqtc0000gn/T/cibw-run-e6_jukcn/cp38-macosx_arm64/build/venv/bin/python -c '
2022-12-27T11:23:10.7539060Z   exec(compile('"'"''"'"''"'"'
2022-12-27T11:23:10.7539450Z   # This is <pip-setuptools-caller> -- a caller that pip uses to run setup.py
2022-12-27T11:23:10.7539740Z   #
2022-12-27T11:23:10.7540120Z   # - It imports setuptools before invoking setup.py, to enable projects that directly
2022-12-27T11:23:10.7540580Z   #   import from `distutils.core` to work with newer packaging standards.
2022-12-27T11:23:10.7541090Z   # - It provides a clear error message when setuptools is not installed.
2022-12-27T11:23:10.7541540Z   # - It sets `sys.argv[0]` to the underlying `setup.py`, when invoking `setup.py` so
2022-12-27T11:23:10.7542020Z   #   setuptools doesn'"'"'t think the script is `-c`. This avoids the following warning:
2022-12-27T11:23:10.7543340Z   #     manifest_maker: standard file '"'"'-c'"'"' not found".
2022-12-27T11:23:10.7544350Z   # - It generates a shim setup.py, for handling setup.cfg-only projects.
2022-12-27T11:23:10.7544720Z   import os, sys, tokenize
2022-12-27T11:23:10.7545230Z   
2022-12-27T11:23:10.7545510Z   try:
2022-12-27T11:23:10.7545790Z       import setuptools
2022-12-27T11:23:10.7546070Z   except ImportError as error:
2022-12-27T11:23:10.7546390Z       print(
2022-12-27T11:23:10.7546670Z           "ERROR: Can not execute `setup.py` since setuptools is not available in "
2022-12-27T11:23:10.7547280Z           "the build environment.",
2022-12-27T11:23:10.7547600Z           file=sys.stderr,
2022-12-27T11:23:10.7548250Z       )
2022-12-27T11:23:10.7548600Z       sys.exit(1)
2022-12-27T11:23:10.7548840Z   
2022-12-27T11:23:10.7549030Z   __file__ = %r
2022-12-27T11:23:10.7549240Z   sys.argv[0] = __file__
2022-12-27T11:23:10.7549690Z   Preparing metadata (setup.py): finished with status 'error'
2022-12-27T11:23:10.7549960Z   
2022-12-27T11:23:10.7550170Z   if os.path.exists(__file__):
2022-12-27T11:23:10.7550360Z       filename = __file__
2022-12-27T11:23:10.7550610Z       with tokenize.open(__file__) as f:
2022-12-27T11:23:10.7550920Z           setup_py_code = f.read()
2022-12-27T11:23:10.7551150Z   else:
2022-12-27T11:23:10.7551460Z       filename = "<auto-generated setuptools caller>"
2022-12-27T11:23:10.7551760Z       setup_py_code = "from setuptools import setup; setup()"
2022-12-27T11:23:10.7552060Z   
2022-12-27T11:23:10.7552260Z   exec(compile(setup_py_code, filename, "exec"))
2022-12-27T11:23:10.7552950Z   '"'"''"'"''"'"' % ('"'"'/Users/runner/actions-runner/_work/python.build/python.build/build_lxml20alpha138/lxml-2.0alpha1/setup.py'"'"',), "<pip-setuptools-caller>", "exec"))' egg_info --egg-base /private/var/folders/51/hd414ycd67n82196sw51xqtc0000gn/T/pip-pip-egg-info-n0cv2xwr
2022-12-27T11:23:10.7553600Z   cwd: /Users/runner/actions-runner/_work/python.build/python.build/build_lxml20alpha138/lxml-2.0alpha1/
2022-12-27T11:23:10.7554300Z error: metadata-generation-failed
2022-12-27T11:23:10.7554520Z 
2022-12-27T11:23:10.7554740Z Ã— Encountered error while generating package metadata.
2022-12-27T11:23:10.7555030Z â•°â”€> See above for output.
2022-12-27T11:23:10.7555140Z 
2022-12-27T11:23:10.7555260Z note: This is an issue with the package mentioned above, not pip.
2022-12-27T11:23:10.7555750Z hint: See above for details.
2022-12-27T11:23:10.7578850Z Exception information:
2022-12-27T11:23:10.7579470Z Traceback (most recent call last):
2022-12-27T11:23:10.7581060Z   File "/private/var/folders/51/hd414ycd67n82196sw51xqtc0000gn/T/cibw-run-e6_jukcn/cp38-macosx_arm64/build/venv/lib/python3.8/site-packages/pip/_internal/operations/build/metadata_legacy.py", line 64, in generate_metadata
2022-12-27T11:23:10.7582120Z     call_subprocess(
2022-12-27T11:23:10.7583010Z   File "/private/var/folders/51/hd414ycd67n82196sw51xqtc0000gn/T/cibw-run-e6_jukcn/cp38-macosx_arm64/build/venv/lib/python3.8/site-packages/pip/_internal/utils/subprocess.py", line 224, in call_subprocess
2022-12-27T11:23:10.7583430Z     raise error
2022-12-27T11:23:10.7583750Z pip._internal.exceptions.InstallationSubprocessError: python setup.py egg_info exited with 1
2022-12-27T11:23:10.7584100Z 
2022-12-27T11:23:10.7584270Z The above exception was the direct cause of the following exception:
2022-12-27T11:23:10.7584560Z 
2022-12-27T11:23:10.7584700Z Traceback (most recent call last):
2022-12-27T11:23:10.7585470Z   File "/private/var/folders/51/hd414ycd67n82196sw51xqtc0000gn/T/cibw-run-e6_jukcn/cp38-macosx_arm64/build/venv/lib/python3.8/site-packages/pip/_internal/cli/base_command.py", line 160, in exc_logging_wrapper
2022-12-27T11:23:10.7586040Z     status = run_func(*args)
2022-12-27T11:23:10.7587010Z   File "/private/var/folders/51/hd414ycd67n82196sw51xqtc0000gn/T/cibw-run-e6_jukcn/cp38-macosx_arm64/build/venv/lib/python3.8/site-packages/pip/_internal/cli/req_command.py", line 247, in wrapper
2022-12-27T11:23:10.7587480Z     return func(self, options, args)
2022-12-27T11:23:10.7588370Z   File "/private/var/folders/51/hd414ycd67n82196sw51xqtc0000gn/T/cibw-run-e6_jukcn/cp38-macosx_arm64/build/venv/lib/python3.8/site-packages/pip/_internal/commands/wheel.py", line 170, in run
2022-12-27T11:23:10.7588950Z     requirement_set = resolver.resolve(reqs, check_supported_wheels=True)
2022-12-27T11:23:10.7589640Z   File "/private/var/folders/51/hd414ycd67n82196sw51xqtc0000gn/T/cibw-run-e6_jukcn/cp38-macosx_arm64/build/venv/lib/python3.8/site-packages/pip/_internal/resolution/resolvelib/resolver.py", line 73, in resolve
2022-12-27T11:23:10.7590070Z     collected = self.factory.collect_root_requirements(root_reqs)
2022-12-27T11:23:10.7590780Z   File "/private/var/folders/51/hd414ycd67n82196sw51xqtc0000gn/T/cibw-run-e6_jukcn/cp38-macosx_arm64/build/venv/lib/python3.8/site-packages/pip/_internal/resolution/resolvelib/factory.py", line 491, in collect_root_requirements
2022-12-27T11:23:10.7591310Z     req = self._make_requirement_from_install_req(
2022-12-27T11:23:10.7592050Z   File "/private/var/folders/51/hd414ycd67n82196sw51xqtc0000gn/T/cibw-run-e6_jukcn/cp38-macosx_arm64/build/venv/lib/python3.8/site-packages/pip/_internal/resolution/resolvelib/factory.py", line 453, in _make_requirement_from_install_req
2022-12-27T11:23:10.7592500Z     cand = self._make_candidate_from_link(
2022-12-27T11:23:10.7593170Z   File "/private/var/folders/51/hd414ycd67n82196sw51xqtc0000gn/T/cibw-run-e6_jukcn/cp38-macosx_arm64/build/venv/lib/python3.8/site-packages/pip/_internal/resolution/resolvelib/factory.py", line 206, in _make_candidate_from_link
2022-12-27T11:23:10.7593600Z     self._link_candidate_cache[link] = LinkCandidate(
2022-12-27T11:23:10.7594160Z   File "/private/var/folders/51/hd414ycd67n82196sw51xqtc0000gn/T/cibw-run-e6_jukcn/cp38-macosx_arm64/build/venv/lib/python3.8/site-packages/pip/_internal/resolution/resolvelib/candidates.py", line 297, in __init__
2022-12-27T11:23:10.7594450Z     super().__init__(
2022-12-27T11:23:10.7594860Z   File "/private/var/folders/51/hd414ycd67n82196sw51xqtc0000gn/T/cibw-run-e6_jukcn/cp38-macosx_arm64/build/venv/lib/python3.8/site-packages/pip/_internal/resolution/resolvelib/candidates.py", line 162, in __init__
2022-12-27T11:23:10.7595150Z     self.dist = self._prepare()
2022-12-27T11:23:10.7595650Z   File "/private/var/folders/51/hd414ycd67n82196sw51xqtc0000gn/T/cibw-run-e6_jukcn/cp38-macosx_arm64/build/venv/lib/python3.8/site-packages/pip/_internal/resolution/resolvelib/candidates.py", line 231, in _prepare
2022-12-27T11:23:10.7596110Z     dist = self._prepare_distribution()
2022-12-27T11:23:10.7659440Z   File "/private/var/folders/51/hd414ycd67n82196sw51xqtc0000gn/T/cibw-run-e6_jukcn/cp38-macosx_arm64/build/venv/lib/python3.8/site-packages/pip/_internal/resolution/resolvelib/candidates.py", line 308, in _prepare_distribution
2022-12-27T11:23:10.7659890Z     return preparer.prepare_linked_requirement(self._ireq, parallel_builds=True)
2022-12-27T11:23:10.7660360Z   File "/private/var/folders/51/hd414ycd67n82196sw51xqtc0000gn/T/cibw-run-e6_jukcn/cp38-macosx_arm64/build/venv/lib/python3.8/site-packages/pip/_internal/operations/prepare.py", line 491, in prepare_linked_requirement
2022-12-27T11:23:10.7660690Z     return self._prepare_linked_requirement(req, parallel_builds)
2022-12-27T11:23:10.7661080Z   File "/private/var/folders/51/hd414ycd67n82196sw51xqtc0000gn/T/cibw-run-e6_jukcn/cp38-macosx_arm64/build/venv/lib/python3.8/site-packages/pip/_internal/operations/prepare.py", line 577, in _prepare_linked_requirement
2022-12-27T11:23:10.7661370Z     dist = _get_prepared_distribution(
2022-12-27T11:23:10.7661810Z   File "/private/var/folders/51/hd414ycd67n82196sw51xqtc0000gn/T/cibw-run-e6_jukcn/cp38-macosx_arm64/build/venv/lib/python3.8/site-packages/pip/_internal/operations/prepare.py", line 69, in _get_prepared_distribution
2022-12-27T11:23:10.7662110Z     abstract_dist.prepare_distribution_metadata(
2022-12-27T11:23:10.7662560Z   File "/private/var/folders/51/hd414ycd67n82196sw51xqtc0000gn/T/cibw-run-e6_jukcn/cp38-macosx_arm64/build/venv/lib/python3.8/site-packages/pip/_internal/distributions/sdist.py", line 61, in prepare_distribution_metadata
2022-12-27T11:23:10.7662830Z     self.req.prepare_metadata()
2022-12-27T11:23:10.7663440Z   File "/private/var/folders/51/hd414ycd67n82196sw51xqtc0000gn/T/cibw-run-e6_jukcn/cp38-macosx_arm64/build/venv/lib/python3.8/site-packages/pip/_internal/req/req_install.py", line 541, in prepare_metadata
2022-12-27T11:23:10.7663710Z     self.metadata_directory = generate_metadata_legacy(
2022-12-27T11:23:10.7664180Z   File "/private/var/folders/51/hd414ycd67n82196sw51xqtc0000gn/T/cibw-run-e6_jukcn/cp38-macosx_arm64/build/venv/lib/python3.8/site-packages/pip/_internal/operations/build/metadata_legacy.py", line 71, in generate_metadata
2022-12-27T11:23:10.7664530Z     raise MetadataGenerationFailed(package_details=details) from error
2022-12-27T11:23:10.7664810Z pip._internal.exceptions.MetadataGenerationFailed: metadata generation failed
2022-12-27T11:23:10.7665260Z Removed file:///Users/runner/actions-runner/_work/python.build/python.build/build_lxml20alpha138/lxml-2.0alpha1 from build tracker '/private/var/folders/51/hd414ycd67n82196sw51xqtc0000gn/T/pip-build-tracker-b_qijd3u'
2022-12-27T11:23:10.7665680Z Removed build tracker: '/private/var/folders/51/hd414ycd67n82196sw51xqtc0000gn/T/pip-build-tracker-b_qijd3u'
2022-12-27T11:23:10.7911380Z ##[endgroup]
2022-12-27T11:23:10.7911860Z                                                               [31mâœ• [0m0.53s
2022-12-27T11:23:10.8265020Z ##[error]Command ['python', '-m', 'pip', 'wheel', '/Users/runner/actions-runner/_work/python.build/python.build/build_lxml20alpha138/lxml-2.0alpha1', '--wheel-dir=/private/var/folders/51/hd414ycd67n82196sw51xqtc0000gn/T/cibw-run-e6_jukcn/cp38-macosx_arm64/built_wheel', '--no-deps', '-vvv'] failed with code 1. None
2022-12-27T11:23:10.8271030Z 
2022-12-27T11:23:10.8385280Z ##[error]Process completed with exit code 1.
2022-12-27T11:23:10.8421410Z ##[group]Run rm -rf build_lxml20alpha138 wheelsout
2022-12-27T11:23:10.8421680Z [36;1mrm -rf build_lxml20alpha138 wheelsout[0m
2022-12-27T11:23:10.8436790Z shell: /bin/bash -e {0}
2022-12-27T11:23:10.8436920Z env:
2022-12-27T11:23:10.8437130Z   pythonLocation: /Users/runner/hostedtoolcache/Python/3.8.15/x64
2022-12-27T11:23:10.8437390Z   PKG_CONFIG_PATH: /Users/runner/hostedtoolcache/Python/3.8.15/x64/lib/pkgconfig
2022-12-27T11:23:10.8437760Z   Python_ROOT_DIR: /Users/runner/hostedtoolcache/Python/3.8.15/x64
2022-12-27T11:23:10.8437990Z   Python2_ROOT_DIR: /Users/runner/hostedtoolcache/Python/3.8.15/x64
2022-12-27T11:23:10.8438220Z   Python3_ROOT_DIR: /Users/runner/hostedtoolcache/Python/3.8.15/x64
2022-12-27T11:23:10.8438410Z ##[endgroup]
2022-12-27T11:23:10.8931130Z Cleaning up orphan processes
