2022-12-27T08:47:22.7024236Z Requested labels: self-hosted, macOS, X64
2022-12-27T08:47:22.7024313Z Job defined at: kilnbuild/python.build/.github/workflows/mac_arm_build.yml@refs/heads/main
2022-12-27T08:47:22.7024337Z Waiting for a runner to pick up this job...
2022-12-27T11:11:30.0742949Z Job is about to start running on the runner: k1 (organization)
2022-12-27T11:11:34.1003030Z Current runner version: '2.300.2'
2022-12-27T11:11:34.1007560Z Runner name: 'k1'
2022-12-27T11:11:34.1007790Z Runner group name: 'Default'
2022-12-27T11:11:34.1008210Z Machine name: 'k1'
2022-12-27T11:11:34.1009630Z ##[group]GITHUB_TOKEN Permissions
2022-12-27T11:11:34.1010030Z Actions: write
2022-12-27T11:11:34.1010160Z Checks: write
2022-12-27T11:11:34.1010290Z Contents: write
2022-12-27T11:11:34.1010420Z Deployments: write
2022-12-27T11:11:34.1010560Z Discussions: write
2022-12-27T11:11:34.1010690Z Issues: write
2022-12-27T11:11:34.1010810Z Metadata: read
2022-12-27T11:11:34.1010940Z Packages: write
2022-12-27T11:11:34.1011080Z Pages: write
2022-12-27T11:11:34.1011200Z PullRequests: write
2022-12-27T11:11:34.1011370Z RepositoryProjects: write
2022-12-27T11:11:34.1011520Z SecurityEvents: write
2022-12-27T11:11:34.1011650Z Statuses: write
2022-12-27T11:11:34.1011780Z ##[endgroup]
2022-12-27T11:11:34.1014060Z Secret source: Actions
2022-12-27T11:11:34.1014360Z Prepare workflow directory
2022-12-27T11:11:34.1637130Z Prepare all required actions
2022-12-27T11:11:34.1763270Z Getting action download info
2022-12-27T11:11:34.6910790Z Download action repository 'actions/setup-python@v4' (SHA:5ccb29d8773c3f3f653e1705f474dfaa8a06a912)
2022-12-27T11:11:36.4435630Z Download action repository 'actions/upload-artifact@v3' (SHA:83fd05a356d7e2593de66fc9913b3002723633cb)
2022-12-27T11:11:37.7932310Z ##[group]Run echo '{
2022-12-27T11:11:37.7932540Z [36;1mecho '{[0m
2022-12-27T11:11:37.7932700Z [36;1m  "package_name": "lxml",[0m
2022-12-27T11:11:37.7932940Z [36;1m  "package_url": "https://files.pythonhosted.org/packages/e1/4c/d83979fbc66a2154850f472e69405572d89d2e6a6daee30d18e83e39ef3a/lxml-4.1.1.tar.gz",[0m
2022-12-27T11:11:37.7933150Z [36;1m  "package_version": "4.1.1",[0m
2022-12-27T11:11:37.7933270Z [36;1m  "python_version": "3.9",[0m
2022-12-27T11:11:37.7933380Z [36;1m  "use_ccache": "true"[0m
2022-12-27T11:11:37.7933470Z [36;1m}'[0m
2022-12-27T11:11:37.7948410Z shell: /bin/bash -e {0}
2022-12-27T11:11:37.7948630Z ##[endgroup]
2022-12-27T11:11:37.8161020Z {
2022-12-27T11:11:37.8162260Z   "package_name": "lxml",
2022-12-27T11:11:37.8162920Z   "package_url": "https://files.pythonhosted.org/packages/e1/4c/d83979fbc66a2154850f472e69405572d89d2e6a6daee30d18e83e39ef3a/lxml-4.1.1.tar.gz",
2022-12-27T11:11:37.8163240Z   "package_version": "4.1.1",
2022-12-27T11:11:37.8163460Z   "python_version": "3.9",
2022-12-27T11:11:37.8163610Z   "use_ccache": "true"
2022-12-27T11:11:37.8163760Z }
2022-12-27T11:11:37.8363640Z ##[group]Run actions/setup-python@v4
2022-12-27T11:11:37.8363870Z with:
2022-12-27T11:11:37.8364040Z   python-version: 3.9
2022-12-27T11:11:37.8364220Z   check-latest: false
2022-12-27T11:11:37.8364460Z   token: ***
2022-12-27T11:11:37.8364690Z   update-environment: true
2022-12-27T11:11:37.8364860Z ##[endgroup]
2022-12-27T11:11:37.9601090Z ##[group]Installed versions
2022-12-27T11:11:37.9703670Z Successfully set up CPython (3.9.16)
2022-12-27T11:11:37.9705260Z ##[endgroup]
2022-12-27T11:11:37.9847570Z ##[group]Run if [ "true" == "true" ]
2022-12-27T11:11:37.9847850Z [36;1mif [ "true" == "true" ][0m
2022-12-27T11:11:37.9848050Z [36;1mthen[0m
2022-12-27T11:11:37.9848370Z [36;1m  echo "CCACHE_PATH_PREPEND=/usr/local/opt/ccache/libexec" >> $GITHUB_OUTPUT[0m
2022-12-27T11:11:37.9848580Z [36;1melse[0m
2022-12-27T11:11:37.9848740Z [36;1m  echo "CCACHE_PATH_PREPEND=" >> $GITHUB_OUTPUT[0m
2022-12-27T11:11:37.9848930Z [36;1mfi[0m
2022-12-27T11:11:37.9865460Z shell: /bin/bash -e {0}
2022-12-27T11:11:37.9865630Z env:
2022-12-27T11:11:37.9865850Z   pythonLocation: /Users/runner/hostedtoolcache/Python/3.9.16/x64
2022-12-27T11:11:37.9866120Z   PKG_CONFIG_PATH: /Users/runner/hostedtoolcache/Python/3.9.16/x64/lib/pkgconfig
2022-12-27T11:11:37.9866430Z   Python_ROOT_DIR: /Users/runner/hostedtoolcache/Python/3.9.16/x64
2022-12-27T11:11:37.9866670Z   Python2_ROOT_DIR: /Users/runner/hostedtoolcache/Python/3.9.16/x64
2022-12-27T11:11:37.9866960Z   Python3_ROOT_DIR: /Users/runner/hostedtoolcache/Python/3.9.16/x64
2022-12-27T11:11:37.9867410Z ##[endgroup]
2022-12-27T11:11:37.9979090Z ##[group]Run echo "BUILD_NAME=$(echo lxml_4.1.1_3.9 | tr -dc '[:alnum:]\n\r' | tr '[:upper:]' '[:lower:]')" >> $GITHUB_OUTPUT
2022-12-27T11:11:37.9979540Z [36;1mecho "BUILD_NAME=$(echo lxml_4.1.1_3.9 | tr -dc '[:alnum:]\n\r' | tr '[:upper:]' '[:lower:]')" >> $GITHUB_OUTPUT[0m
2022-12-27T11:11:37.9993090Z shell: /bin/bash -e {0}
2022-12-27T11:11:37.9993280Z env:
2022-12-27T11:11:37.9993470Z   pythonLocation: /Users/runner/hostedtoolcache/Python/3.9.16/x64
2022-12-27T11:11:37.9993860Z   PKG_CONFIG_PATH: /Users/runner/hostedtoolcache/Python/3.9.16/x64/lib/pkgconfig
2022-12-27T11:11:37.9994140Z   Python_ROOT_DIR: /Users/runner/hostedtoolcache/Python/3.9.16/x64
2022-12-27T11:11:37.9994380Z   Python2_ROOT_DIR: /Users/runner/hostedtoolcache/Python/3.9.16/x64
2022-12-27T11:11:37.9994590Z   Python3_ROOT_DIR: /Users/runner/hostedtoolcache/Python/3.9.16/x64
2022-12-27T11:11:37.9994840Z ##[endgroup]
2022-12-27T11:11:38.0150380Z ##[group]Run echo "PYTHON_NO_DOTS=$(echo 3.9 | tr -dc '[:alnum:]\n\r' | tr '[:upper:]' '[:lower:]')" >> $GITHUB_OUTPUT
2022-12-27T11:11:38.0150780Z [36;1mecho "PYTHON_NO_DOTS=$(echo 3.9 | tr -dc '[:alnum:]\n\r' | tr '[:upper:]' '[:lower:]')" >> $GITHUB_OUTPUT[0m
2022-12-27T11:11:38.0165370Z shell: /bin/bash -e {0}
2022-12-27T11:11:38.0165590Z env:
2022-12-27T11:11:38.0165840Z   pythonLocation: /Users/runner/hostedtoolcache/Python/3.9.16/x64
2022-12-27T11:11:38.0166530Z   PKG_CONFIG_PATH: /Users/runner/hostedtoolcache/Python/3.9.16/x64/lib/pkgconfig
2022-12-27T11:11:38.0166780Z   Python_ROOT_DIR: /Users/runner/hostedtoolcache/Python/3.9.16/x64
2022-12-27T11:11:38.0167010Z   Python2_ROOT_DIR: /Users/runner/hostedtoolcache/Python/3.9.16/x64
2022-12-27T11:11:38.0167310Z   Python3_ROOT_DIR: /Users/runner/hostedtoolcache/Python/3.9.16/x64
2022-12-27T11:11:38.0167470Z ##[endgroup]
2022-12-27T11:11:38.0280510Z ##[group]Run rm -rf build_lxml41139
2022-12-27T11:11:38.0280910Z [36;1mrm -rf build_lxml41139[0m
2022-12-27T11:11:38.0281070Z [36;1mmkdir build_lxml41139[0m
2022-12-27T11:11:38.0281320Z [36;1mcd build_lxml41139[0m
2022-12-27T11:11:38.0281620Z [36;1m/usr/local/bin/wget --quiet https://files.pythonhosted.org/packages/e1/4c/d83979fbc66a2154850f472e69405572d89d2e6a6daee30d18e83e39ef3a/lxml-4.1.1.tar.gz[0m
2022-12-27T11:11:38.0281880Z [36;1mtar xf *.tar.gz[0m
2022-12-27T11:11:38.0282010Z [36;1mcd *[0m
2022-12-27T11:11:38.0282230Z [36;1mpython -m pip install cibuildwheel==2.11.3[0m
2022-12-27T11:11:38.0282450Z [36;1mpython -m cibuildwheel --output-dir ../wheelsout[0m
2022-12-27T11:11:38.0295970Z shell: /bin/bash -e {0}
2022-12-27T11:11:38.0296150Z env:
2022-12-27T11:11:38.0296400Z   pythonLocation: /Users/runner/hostedtoolcache/Python/3.9.16/x64
2022-12-27T11:11:38.0296620Z   PKG_CONFIG_PATH: /Users/runner/hostedtoolcache/Python/3.9.16/x64/lib/pkgconfig
2022-12-27T11:11:38.0296920Z   Python_ROOT_DIR: /Users/runner/hostedtoolcache/Python/3.9.16/x64
2022-12-27T11:11:38.0297120Z   Python2_ROOT_DIR: /Users/runner/hostedtoolcache/Python/3.9.16/x64
2022-12-27T11:11:38.0297380Z   Python3_ROOT_DIR: /Users/runner/hostedtoolcache/Python/3.9.16/x64
2022-12-27T11:11:38.0297580Z   CIBW_ARCHS_MACOS: arm64
2022-12-27T11:11:38.0297730Z   CIBW_TEST_SKIP: *_arm64
2022-12-27T11:11:38.0297900Z   CIBW_BUILD: cp39-macosx_arm64
2022-12-27T11:11:38.0298150Z   CIBW_BUILD_FRONTEND: pip
2022-12-27T11:11:38.0298300Z   CIBW_BUILD_VERBOSITY: 3
2022-12-27T11:11:38.0298610Z   CIBW_ENVIRONMENT_MACOS:  CFLAGS="-I/usr/local/opt/openssl@3/include" LDFLAGS="-L/usr/local/opt/openssl@3/lib" CPPFLAGS="-I/usr/local/opt/openssl@3/include" MAKEFLAGS="-j$(sysctl -n hw.logicalcpu)" PATH=/usr/local/opt/ccache/libexec:$PATH
2022-12-27T11:11:38.0298950Z   CIBW_BEFORE_BUILD: pip install Cython; if [[ -f requirements.txt ]]; then pip install -r requirements.txt; fi
2022-12-27T11:11:38.0299200Z   MAKEFLAGS: -j$(sysctl -n hw.logicalcpu)
2022-12-27T11:11:38.0299370Z ##[endgroup]
2022-12-27T11:11:38.4514890Z Requirement already satisfied: cibuildwheel==2.11.3 in /Users/runner/hostedtoolcache/Python/3.9.16/x64/lib/python3.9/site-packages (2.11.3)
2022-12-27T11:11:38.4758410Z Requirement already satisfied: bashlex!=0.13 in /Users/runner/hostedtoolcache/Python/3.9.16/x64/lib/python3.9/site-packages (from cibuildwheel==2.11.3) (0.16)
2022-12-27T11:11:38.4762210Z Requirement already satisfied: platformdirs in /Users/runner/hostedtoolcache/Python/3.9.16/x64/lib/python3.9/site-packages (from cibuildwheel==2.11.3) (2.6.0)
2022-12-27T11:11:38.4765380Z Requirement already satisfied: filelock in /Users/runner/hostedtoolcache/Python/3.9.16/x64/lib/python3.9/site-packages (from cibuildwheel==2.11.3) (3.8.2)
2022-12-27T11:11:38.4773910Z Requirement already satisfied: typing-extensions>=4.1.0 in /Users/runner/hostedtoolcache/Python/3.9.16/x64/lib/python3.9/site-packages (from cibuildwheel==2.11.3) (4.4.0)
2022-12-27T11:11:38.4779650Z Requirement already satisfied: tomli in /Users/runner/hostedtoolcache/Python/3.9.16/x64/lib/python3.9/site-packages (from cibuildwheel==2.11.3) (2.0.1)
2022-12-27T11:11:38.4784260Z Requirement already satisfied: packaging>=20.9 in /Users/runner/hostedtoolcache/Python/3.9.16/x64/lib/python3.9/site-packages (from cibuildwheel==2.11.3) (22.0)
2022-12-27T11:11:38.4787470Z Requirement already satisfied: certifi in /Users/runner/hostedtoolcache/Python/3.9.16/x64/lib/python3.9/site-packages (from cibuildwheel==2.11.3) (2022.12.7)
2022-12-27T11:11:38.4790510Z Requirement already satisfied: bracex in /Users/runner/hostedtoolcache/Python/3.9.16/x64/lib/python3.9/site-packages (from cibuildwheel==2.11.3) (2.3.post1)
2022-12-27T11:11:38.6420750Z 
2022-12-27T11:11:38.6421130Z      _ _       _ _   _       _           _
2022-12-27T11:11:38.6421670Z  ___|_| |_ _ _|_| |_| |_ _ _| |_ ___ ___| |
2022-12-27T11:11:38.6422460Z |  _| | . | | | | | . | | | |   | -_| -_| |
2022-12-27T11:11:38.6422830Z |___|_|___|___|_|_|___|_____|_|_|___|___|_|
2022-12-27T11:11:38.6423640Z 
2022-12-27T11:11:38.6423800Z cibuildwheel version 2.11.3
2022-12-27T11:11:38.6424030Z 
2022-12-27T11:11:38.6424160Z Build options:
2022-12-27T11:11:38.6424590Z   platform: macos
2022-12-27T11:11:38.6526610Z   architectures: arm64[0m
2022-12-27T11:11:38.6526910Z   build_selector: 
2022-12-27T11:11:38.6527280Z     build_config: cp39-macosx_arm64
2022-12-27T11:11:38.6527750Z     skip_config: 
2022-12-27T11:11:38.6528350Z     requires_python: None
2022-12-27T11:11:38.6528640Z     prerelease_pythons: False[0m
2022-12-27T11:11:38.6528990Z   [38;5;244mcontainer_engine: docker[0m
2022-12-27T11:11:38.6529430Z   output_dir: /Users/runner/actions-runner/_work/python.build/python.build/build_lxml41139/wheelsout[0m
2022-12-27T11:11:38.6529980Z   package_dir: /Users/runner/actions-runner/_work/python.build/python.build/build_lxml41139/lxml-4.1.1[0m
2022-12-27T11:11:38.6530240Z   test_selector: 
2022-12-27T11:11:38.6530540Z     skip_config: *_arm64[0m
2022-12-27T11:11:38.6530830Z   [38;5;244mbefore_all: [0m
2022-12-27T11:11:38.6531190Z   before_build: pip install Cython; if [[ -f requirements.txt ]]; then pip install -r requirements.txt; fi[0m
2022-12-27T11:11:38.6531660Z   [38;5;244mbefore_test: [0m
2022-12-27T11:11:38.6532000Z   [38;5;244mbuild_frontend: pip[0m
2022-12-27T11:11:38.6532270Z   build_verbosity: 3[0m
2022-12-27T11:11:38.6532520Z   [38;5;244mconfig_settings: [0m
2022-12-27T11:11:38.6532830Z   [38;5;244mdependency_constraints: pinned[0m
2022-12-27T11:11:38.6533110Z   environment: 
2022-12-27T11:11:38.6533380Z     CFLAGS="-I/usr/local/opt/openssl@3/include"
2022-12-27T11:11:38.6533900Z     LDFLAGS="-L/usr/local/opt/openssl@3/lib"
2022-12-27T11:11:38.6534250Z     CPPFLAGS="-I/usr/local/opt/openssl@3/include"
2022-12-27T11:11:38.6534540Z     MAKEFLAGS="-j$(sysctl -n hw.logicalcpu)"
2022-12-27T11:11:38.6534920Z     PATH=/usr/local/opt/ccache/libexec:$PATH[0m
2022-12-27T11:11:38.6535230Z   [38;5;244mmanylinux_images: None[0m
2022-12-27T11:11:38.6535500Z   [38;5;244mmusllinux_images: None[0m
2022-12-27T11:11:38.6535890Z   [38;5;244mrepair_command: delocate-wheel --require-archs {delocate_archs} -w {dest_dir} -v {wheel}[0m
2022-12-27T11:11:38.6536560Z   [38;5;244mtest_command: [0m
2022-12-27T11:11:38.6536810Z   [38;5;244mtest_extras: [0m
2022-12-27T11:11:38.6537090Z   [38;5;244mtest_requires: [0m
2022-12-27T11:11:38.6537220Z 
2022-12-27T11:11:38.6537360Z Cache folder: /Users/runner/Library/Caches/cibuildwheel
2022-12-27T11:11:38.6543520Z 
2022-12-27T11:11:38.6543910Z Here we go!
2022-12-27T11:11:38.6544170Z 
2022-12-27T11:11:38.6662230Z 
2022-12-27T11:11:38.6663230Z [1m[34mBuilding cp39-macosx_arm64 wheel[0m
2022-12-27T11:11:38.6663750Z CPython 3.9 macOS arm64 - Apple Silicon
2022-12-27T11:11:38.6663930Z 
2022-12-27T11:11:38.6665690Z ##[group]Installing Python cp39...
2022-12-27T11:11:38.6665880Z 
2022-12-27T11:11:38.6666100Z + pkgutil --pkgs
2022-12-27T11:11:38.6760180Z ##[endgroup]
2022-12-27T11:11:38.6760950Z                                                               [32m✓ [0m0.01s
2022-12-27T11:11:38.6761420Z ##[group]Setting up build environment...
2022-12-27T11:11:38.6761570Z 
2022-12-27T11:11:38.6780060Z + /Users/runner/hostedtoolcache/Python/3.9.16/x64/bin/python -sS /Users/runner/Library/Caches/cibuildwheel/virtualenv-20.17.0.pyz --activators= --no-periodic-update --pip=22.3.1 --setuptools=65.6.3 --wheel=0.38.4 --symlink-app-data --python /Library/Frameworks/Python.framework/Versions/3.9/bin/python3 /private/var/folders/51/hd414ycd67n82196sw51xqtc0000gn/T/cibw-run-n0bw8xlk/cp39-macosx_arm64/build/venv
2022-12-27T11:11:38.8536060Z created virtual environment CPython3.9.13.final.0-64 in 45ms
2022-12-27T11:11:38.8536600Z   creator CPython3Posix(dest=/private/var/folders/51/hd414ycd67n82196sw51xqtc0000gn/T/cibw-run-n0bw8xlk/cp39-macosx_arm64/build/venv, clear=False, no_vcs_ignore=False, global=False)
2022-12-27T11:11:38.8537260Z   seeder FromAppData(download=False, pip=22.3.1, setuptools=65.6.3, wheel=0.38.4, via=symlink, app_data_dir=/Users/runner/Library/Application Support/virtualenv)
2022-12-27T11:11:38.8537700Z     added seed packages: pip==22.3.1, setuptools==65.6.3, wheel==0.38.4
2022-12-27T11:11:38.8629170Z + python -m pip install --upgrade pip -c /Users/runner/hostedtoolcache/Python/3.9.16/x64/lib/python3.9/site-packages/cibuildwheel/resources/constraints-python39.txt
2022-12-27T11:11:39.1591010Z Requirement already satisfied: pip in ./lib/python3.9/site-packages (22.3.1)
2022-12-27T11:11:39.3003840Z + which pip
2022-12-27T11:11:39.3022210Z /private/var/folders/51/hd414ycd67n82196sw51xqtc0000gn/T/cibw-run-n0bw8xlk/cp39-macosx_arm64/build/venv/bin/pip
2022-12-27T11:11:39.3025360Z + pip --version
2022-12-27T11:11:39.5175420Z pip 22.3.1 from /private/var/folders/51/hd414ycd67n82196sw51xqtc0000gn/T/cibw-run-n0bw8xlk/cp39-macosx_arm64/build/venv/lib/python3.9/site-packages/pip (python 3.9)
2022-12-27T11:11:39.5401750Z + which pip
2022-12-27T11:11:39.5430280Z + which python
2022-12-27T11:11:39.5449780Z /private/var/folders/51/hd414ycd67n82196sw51xqtc0000gn/T/cibw-run-n0bw8xlk/cp39-macosx_arm64/build/venv/bin/python
2022-12-27T11:11:39.5453860Z + python --version
2022-12-27T11:11:39.5507980Z Python 3.9.13
2022-12-27T11:11:39.5512270Z + which python
2022-12-27T11:11:39.5566970Z ##[endgroup]
2022-12-27T11:11:39.5567510Z                                                               [32m✓ [0m0.88s
2022-12-27T11:11:39.5568240Z ##[group]Installing build tools...
2022-12-27T11:11:39.5568420Z 
2022-12-27T11:11:39.5568970Z + pip install --upgrade setuptools wheel delocate -c /Users/runner/hostedtoolcache/Python/3.9.16/x64/lib/python3.9/site-packages/cibuildwheel/resources/constraints-python39.txt
2022-12-27T11:11:39.8568980Z Requirement already satisfied: setuptools in /private/var/folders/51/hd414ycd67n82196sw51xqtc0000gn/T/cibw-run-n0bw8xlk/cp39-macosx_arm64/build/venv/lib/python3.9/site-packages (65.6.3)
2022-12-27T11:11:40.0827860Z Requirement already satisfied: wheel in /private/var/folders/51/hd414ycd67n82196sw51xqtc0000gn/T/cibw-run-n0bw8xlk/cp39-macosx_arm64/build/venv/lib/python3.9/site-packages (0.38.4)
2022-12-27T11:11:40.1370580Z Collecting delocate
2022-12-27T11:11:40.1395170Z   Using cached delocate-0.10.3-py3-none-any.whl (142 kB)
2022-12-27T11:11:40.1710640Z Collecting packaging>=20.9
2022-12-27T11:11:40.1731090Z   Using cached packaging-21.3-py3-none-any.whl (40 kB)
2022-12-27T11:11:40.1903830Z Collecting typing-extensions
2022-12-27T11:11:40.1923450Z   Using cached typing_extensions-4.4.0-py3-none-any.whl (26 kB)
2022-12-27T11:11:40.2312340Z Collecting pyparsing!=3.0.5,>=2.0.2
2022-12-27T11:11:40.2337320Z   Using cached pyparsing-3.0.9-py3-none-any.whl (98 kB)
2022-12-27T11:11:40.2716770Z Installing collected packages: typing-extensions, pyparsing, packaging, delocate
2022-12-27T11:11:40.4180830Z Successfully installed delocate-0.10.3 packaging-21.3 pyparsing-3.0.9 typing-extensions-4.4.0
2022-12-27T11:11:40.4636170Z ##[endgroup]
2022-12-27T11:11:40.4636720Z                                                               [32m✓ [0m0.91s
2022-12-27T11:11:40.4637140Z ##[group]Running before_build...
2022-12-27T11:11:40.4637250Z 
2022-12-27T11:11:40.4644160Z + pip install Cython; if [[ -f requirements.txt ]]; then pip install -r requirements.txt; fi
2022-12-27T11:11:41.1625990Z Collecting Cython
2022-12-27T11:11:41.1675900Z   Using cached Cython-0.29.32-py2.py3-none-any.whl (986 kB)
2022-12-27T11:11:41.2154890Z Installing collected packages: Cython
2022-12-27T11:11:41.6724790Z Successfully installed Cython-0.29.32
2022-12-27T11:11:42.0009850Z Requirement already satisfied: Cython>=0.26.1 in /private/var/folders/51/hd414ycd67n82196sw51xqtc0000gn/T/cibw-run-n0bw8xlk/cp39-macosx_arm64/build/venv/lib/python3.9/site-packages (from -r requirements.txt (line 1)) (0.29.32)
2022-12-27T11:11:42.0630860Z ##[endgroup]
2022-12-27T11:11:42.0631720Z                                                               [32m✓ [0m1.60s
2022-12-27T11:11:42.0632200Z ##[group]Building wheel...
2022-12-27T11:11:42.0632490Z 
2022-12-27T11:11:42.0637890Z + python -m pip wheel /Users/runner/actions-runner/_work/python.build/python.build/build_lxml41139/lxml-4.1.1 --wheel-dir=/private/var/folders/51/hd414ycd67n82196sw51xqtc0000gn/T/cibw-run-n0bw8xlk/cp39-macosx_arm64/built_wheel --no-deps -vvv
2022-12-27T11:11:42.3366740Z Created temporary directory: /private/var/folders/51/hd414ycd67n82196sw51xqtc0000gn/T/pip-ephem-wheel-cache-9swq5isu
2022-12-27T11:11:42.3372270Z Created temporary directory: /private/var/folders/51/hd414ycd67n82196sw51xqtc0000gn/T/pip-build-tracker-m2edbf4e
2022-12-27T11:11:42.3375130Z Initialized build tracking at /private/var/folders/51/hd414ycd67n82196sw51xqtc0000gn/T/pip-build-tracker-m2edbf4e
2022-12-27T11:11:42.3375900Z Created build tracker: /private/var/folders/51/hd414ycd67n82196sw51xqtc0000gn/T/pip-build-tracker-m2edbf4e
2022-12-27T11:11:42.3377730Z Entered build tracker: /private/var/folders/51/hd414ycd67n82196sw51xqtc0000gn/T/pip-build-tracker-m2edbf4e
2022-12-27T11:11:42.3380800Z Created temporary directory: /private/var/folders/51/hd414ycd67n82196sw51xqtc0000gn/T/pip-wheel-8iabnu3r
2022-12-27T11:11:42.3386840Z Created temporary directory: /private/var/folders/51/hd414ycd67n82196sw51xqtc0000gn/T/pip-ephem-wheel-cache-r74nlb3u
2022-12-27T11:11:42.3543820Z Processing /Users/runner/actions-runner/_work/python.build/python.build/build_lxml41139/lxml-4.1.1
2022-12-27T11:11:42.3548860Z   Added file:///Users/runner/actions-runner/_work/python.build/python.build/build_lxml41139/lxml-4.1.1 to build tracker '/private/var/folders/51/hd414ycd67n82196sw51xqtc0000gn/T/pip-build-tracker-m2edbf4e'
2022-12-27T11:11:42.3552760Z   Running setup.py (path:/Users/runner/actions-runner/_work/python.build/python.build/build_lxml41139/lxml-4.1.1/setup.py) egg_info for package from file:///Users/runner/actions-runner/_work/python.build/python.build/build_lxml41139/lxml-4.1.1
2022-12-27T11:11:42.3555670Z   Created temporary directory: /private/var/folders/51/hd414ycd67n82196sw51xqtc0000gn/T/pip-pip-egg-info-626fff09
2022-12-27T11:11:42.3556800Z   Preparing metadata (setup.py): started
2022-12-27T11:11:42.3559110Z   Running command python setup.py egg_info
2022-12-27T11:11:42.6499660Z   Building lxml version 4.1.1.
2022-12-27T11:11:42.6500620Z   Building without Cython.
2022-12-27T11:11:42.6502040Z   Using build configuration of libxslt 1.1.29
2022-12-27T11:11:42.6503980Z   Building against libxml2/libxslt in the following directory: /Library/Developer/CommandLineTools/SDKs/MacOSX12.1.sdk/usr/lib
2022-12-27T11:11:42.6505430Z   running egg_info
2022-12-27T11:11:42.6507230Z   creating /private/var/folders/51/hd414ycd67n82196sw51xqtc0000gn/T/pip-pip-egg-info-626fff09/lxml.egg-info
2022-12-27T11:11:42.6508820Z   writing /private/var/folders/51/hd414ycd67n82196sw51xqtc0000gn/T/pip-pip-egg-info-626fff09/lxml.egg-info/PKG-INFO
2022-12-27T11:11:42.6514480Z   writing dependency_links to /private/var/folders/51/hd414ycd67n82196sw51xqtc0000gn/T/pip-pip-egg-info-626fff09/lxml.egg-info/dependency_links.txt
2022-12-27T11:11:42.6516230Z   writing requirements to /private/var/folders/51/hd414ycd67n82196sw51xqtc0000gn/T/pip-pip-egg-info-626fff09/lxml.egg-info/requires.txt
2022-12-27T11:11:42.6518200Z   writing top-level names to /private/var/folders/51/hd414ycd67n82196sw51xqtc0000gn/T/pip-pip-egg-info-626fff09/lxml.egg-info/top_level.txt
2022-12-27T11:11:42.6519950Z   writing manifest file '/private/var/folders/51/hd414ycd67n82196sw51xqtc0000gn/T/pip-pip-egg-info-626fff09/lxml.egg-info/SOURCES.txt'
2022-12-27T11:11:42.6619620Z   reading manifest file '/private/var/folders/51/hd414ycd67n82196sw51xqtc0000gn/T/pip-pip-egg-info-626fff09/lxml.egg-info/SOURCES.txt'
2022-12-27T11:11:42.6622870Z   reading manifest template 'MANIFEST.in'
2022-12-27T11:11:42.7069520Z   warning: no files found matching '*.html' under directory 'doc'
2022-12-27T11:11:42.7152370Z   adding license file 'LICENSES.txt'
2022-12-27T11:11:42.7181710Z   writing manifest file '/private/var/folders/51/hd414ycd67n82196sw51xqtc0000gn/T/pip-pip-egg-info-626fff09/lxml.egg-info/SOURCES.txt'
2022-12-27T11:11:42.7447660Z   Preparing metadata (setup.py): finished with status 'done'
2022-12-27T11:11:42.7473160Z   Source in /Users/runner/actions-runner/_work/python.build/python.build/build_lxml41139/lxml-4.1.1 has version 4.1.1, which satisfies requirement lxml==4.1.1 from file:///Users/runner/actions-runner/_work/python.build/python.build/build_lxml41139/lxml-4.1.1
2022-12-27T11:11:42.7476330Z   Removed lxml==4.1.1 from file:///Users/runner/actions-runner/_work/python.build/python.build/build_lxml41139/lxml-4.1.1 from build tracker '/private/var/folders/51/hd414ycd67n82196sw51xqtc0000gn/T/pip-build-tracker-m2edbf4e'
2022-12-27T11:11:42.7494260Z Created temporary directory: /private/var/folders/51/hd414ycd67n82196sw51xqtc0000gn/T/pip-unpack-4xfnoa3d
2022-12-27T11:11:42.7496250Z Building wheels for collected packages: lxml
2022-12-27T11:11:42.7502010Z   Created temporary directory: /private/var/folders/51/hd414ycd67n82196sw51xqtc0000gn/T/pip-wheel-jlx00um6
2022-12-27T11:11:42.7503720Z   Building wheel for lxml (setup.py): started
2022-12-27T11:11:42.7505700Z   Destination directory: /private/var/folders/51/hd414ycd67n82196sw51xqtc0000gn/T/pip-wheel-jlx00um6
2022-12-27T11:11:42.7506710Z   Running command python setup.py bdist_wheel
2022-12-27T11:11:42.9080480Z   Building lxml version 4.1.1.
2022-12-27T11:11:42.9082280Z   Building without Cython.
2022-12-27T11:11:42.9214680Z   Using build configuration of libxslt 1.1.29
2022-12-27T11:11:43.0166080Z   Building against libxml2/libxslt in the following directory: /Library/Developer/CommandLineTools/SDKs/MacOSX12.1.sdk/usr/lib
2022-12-27T11:11:43.0433270Z   running bdist_wheel
2022-12-27T11:11:43.0476010Z   running build
2022-12-27T11:11:43.0478150Z   running build_py
2022-12-27T11:11:43.0499050Z   creating build
2022-12-27T11:11:43.0500930Z   creating build/lib.macosx-11.0-arm64-cpython-39
2022-12-27T11:11:43.0502890Z   creating build/lib.macosx-11.0-arm64-cpython-39/lxml
2022-12-27T11:11:43.0504350Z   copying src/lxml/_elementpath.py -> build/lib.macosx-11.0-arm64-cpython-39/lxml
2022-12-27T11:11:43.0505660Z   copying src/lxml/sax.py -> build/lib.macosx-11.0-arm64-cpython-39/lxml
2022-12-27T11:11:43.0509190Z   copying src/lxml/pyclasslookup.py -> build/lib.macosx-11.0-arm64-cpython-39/lxml
2022-12-27T11:11:43.0510860Z   copying src/lxml/__init__.py -> build/lib.macosx-11.0-arm64-cpython-39/lxml
2022-12-27T11:11:43.0514240Z   copying src/lxml/builder.py -> build/lib.macosx-11.0-arm64-cpython-39/lxml
2022-12-27T11:11:43.0516460Z   copying src/lxml/doctestcompare.py -> build/lib.macosx-11.0-arm64-cpython-39/lxml
2022-12-27T11:11:43.0520860Z   copying src/lxml/usedoctest.py -> build/lib.macosx-11.0-arm64-cpython-39/lxml
2022-12-27T11:11:43.0522940Z   copying src/lxml/cssselect.py -> build/lib.macosx-11.0-arm64-cpython-39/lxml
2022-12-27T11:11:43.0524450Z   copying src/lxml/ElementInclude.py -> build/lib.macosx-11.0-arm64-cpython-39/lxml
2022-12-27T11:11:43.0528290Z   creating build/lib.macosx-11.0-arm64-cpython-39/lxml/includes
2022-12-27T11:11:43.0529960Z   copying src/lxml/includes/__init__.py -> build/lib.macosx-11.0-arm64-cpython-39/lxml/includes
2022-12-27T11:11:43.0536340Z   creating build/lib.macosx-11.0-arm64-cpython-39/lxml/html
2022-12-27T11:11:43.0537830Z   copying src/lxml/html/soupparser.py -> build/lib.macosx-11.0-arm64-cpython-39/lxml/html
2022-12-27T11:11:43.0540840Z   copying src/lxml/html/defs.py -> build/lib.macosx-11.0-arm64-cpython-39/lxml/html
2022-12-27T11:11:43.0543080Z   copying src/lxml/html/_setmixin.py -> build/lib.macosx-11.0-arm64-cpython-39/lxml/html
2022-12-27T11:11:43.0545750Z   copying src/lxml/html/clean.py -> build/lib.macosx-11.0-arm64-cpython-39/lxml/html
2022-12-27T11:11:43.0549590Z   copying src/lxml/html/_diffcommand.py -> build/lib.macosx-11.0-arm64-cpython-39/lxml/html
2022-12-27T11:11:43.0552350Z   copying src/lxml/html/html5parser.py -> build/lib.macosx-11.0-arm64-cpython-39/lxml/html
2022-12-27T11:11:43.0553890Z   copying src/lxml/html/__init__.py -> build/lib.macosx-11.0-arm64-cpython-39/lxml/html
2022-12-27T11:11:43.0556740Z   copying src/lxml/html/formfill.py -> build/lib.macosx-11.0-arm64-cpython-39/lxml/html
2022-12-27T11:11:43.0559140Z   copying src/lxml/html/builder.py -> build/lib.macosx-11.0-arm64-cpython-39/lxml/html
2022-12-27T11:11:43.0562620Z   copying src/lxml/html/ElementSoup.py -> build/lib.macosx-11.0-arm64-cpython-39/lxml/html
2022-12-27T11:11:43.0564790Z   copying src/lxml/html/_html5builder.py -> build/lib.macosx-11.0-arm64-cpython-39/lxml/html
2022-12-27T11:11:43.0566950Z   copying src/lxml/html/usedoctest.py -> build/lib.macosx-11.0-arm64-cpython-39/lxml/html
2022-12-27T11:11:43.0570330Z   copying src/lxml/html/diff.py -> build/lib.macosx-11.0-arm64-cpython-39/lxml/html
2022-12-27T11:11:43.0574650Z   creating build/lib.macosx-11.0-arm64-cpython-39/lxml/isoschematron
2022-12-27T11:11:43.0576160Z   copying src/lxml/isoschematron/__init__.py -> build/lib.macosx-11.0-arm64-cpython-39/lxml/isoschematron
2022-12-27T11:11:43.0603470Z   copying src/lxml/etree.h -> build/lib.macosx-11.0-arm64-cpython-39/lxml
2022-12-27T11:11:43.0607380Z   copying src/lxml/etree_api.h -> build/lib.macosx-11.0-arm64-cpython-39/lxml
2022-12-27T11:11:43.0610160Z   copying src/lxml/lxml.etree.h -> build/lib.macosx-11.0-arm64-cpython-39/lxml
2022-12-27T11:11:43.0613080Z   copying src/lxml/lxml.etree_api.h -> build/lib.macosx-11.0-arm64-cpython-39/lxml
2022-12-27T11:11:43.0616400Z   copying src/lxml/includes/xmlerror.pxd -> build/lib.macosx-11.0-arm64-cpython-39/lxml/includes
2022-12-27T11:11:43.0619790Z   copying src/lxml/includes/c14n.pxd -> build/lib.macosx-11.0-arm64-cpython-39/lxml/includes
2022-12-27T11:11:43.0622780Z   copying src/lxml/includes/xmlschema.pxd -> build/lib.macosx-11.0-arm64-cpython-39/lxml/includes
2022-12-27T11:11:43.0625410Z   copying src/lxml/includes/__init__.pxd -> build/lib.macosx-11.0-arm64-cpython-39/lxml/includes
2022-12-27T11:11:43.0628200Z   copying src/lxml/includes/schematron.pxd -> build/lib.macosx-11.0-arm64-cpython-39/lxml/includes
2022-12-27T11:11:43.0630590Z   copying src/lxml/includes/tree.pxd -> build/lib.macosx-11.0-arm64-cpython-39/lxml/includes
2022-12-27T11:11:43.0634250Z   copying src/lxml/includes/uri.pxd -> build/lib.macosx-11.0-arm64-cpython-39/lxml/includes
2022-12-27T11:11:43.0637040Z   copying src/lxml/includes/etreepublic.pxd -> build/lib.macosx-11.0-arm64-cpython-39/lxml/includes
2022-12-27T11:11:43.0639250Z   copying src/lxml/includes/xpath.pxd -> build/lib.macosx-11.0-arm64-cpython-39/lxml/includes
2022-12-27T11:11:43.0642830Z   copying src/lxml/includes/htmlparser.pxd -> build/lib.macosx-11.0-arm64-cpython-39/lxml/includes
2022-12-27T11:11:43.0645370Z   copying src/lxml/includes/xslt.pxd -> build/lib.macosx-11.0-arm64-cpython-39/lxml/includes
2022-12-27T11:11:43.0647980Z   copying src/lxml/includes/config.pxd -> build/lib.macosx-11.0-arm64-cpython-39/lxml/includes
2022-12-27T11:11:43.0651310Z   copying src/lxml/includes/xmlparser.pxd -> build/lib.macosx-11.0-arm64-cpython-39/lxml/includes
2022-12-27T11:11:43.0653820Z   copying src/lxml/includes/xinclude.pxd -> build/lib.macosx-11.0-arm64-cpython-39/lxml/includes
2022-12-27T11:11:43.0656510Z   copying src/lxml/includes/dtdvalid.pxd -> build/lib.macosx-11.0-arm64-cpython-39/lxml/includes
2022-12-27T11:11:43.0660010Z   copying src/lxml/includes/relaxng.pxd -> build/lib.macosx-11.0-arm64-cpython-39/lxml/includes
2022-12-27T11:11:43.0662860Z   copying src/lxml/includes/lxml-version.h -> build/lib.macosx-11.0-arm64-cpython-39/lxml/includes
2022-12-27T11:11:43.0665630Z   copying src/lxml/includes/etree_defs.h -> build/lib.macosx-11.0-arm64-cpython-39/lxml/includes
2022-12-27T11:11:43.0668480Z   creating build/lib.macosx-11.0-arm64-cpython-39/lxml/isoschematron/resources
2022-12-27T11:11:43.0669970Z   creating build/lib.macosx-11.0-arm64-cpython-39/lxml/isoschematron/resources/rng
2022-12-27T11:11:43.0671690Z   copying src/lxml/isoschematron/resources/rng/iso-schematron.rng -> build/lib.macosx-11.0-arm64-cpython-39/lxml/isoschematron/resources/rng
2022-12-27T11:11:43.0674480Z   creating build/lib.macosx-11.0-arm64-cpython-39/lxml/isoschematron/resources/xsl
2022-12-27T11:11:43.0676810Z   copying src/lxml/isoschematron/resources/xsl/XSD2Schtrn.xsl -> build/lib.macosx-11.0-arm64-cpython-39/lxml/isoschematron/resources/xsl
2022-12-27T11:11:43.0678080Z   copying src/lxml/isoschematron/resources/xsl/RNG2Schtrn.xsl -> build/lib.macosx-11.0-arm64-cpython-39/lxml/isoschematron/resources/xsl
2022-12-27T11:11:43.0681740Z   creating build/lib.macosx-11.0-arm64-cpython-39/lxml/isoschematron/resources/xsl/iso-schematron-xslt1
2022-12-27T11:11:43.0683400Z   copying src/lxml/isoschematron/resources/xsl/iso-schematron-xslt1/iso_abstract_expand.xsl -> build/lib.macosx-11.0-arm64-cpython-39/lxml/isoschematron/resources/xsl/iso-schematron-xslt1
2022-12-27T11:11:43.0685840Z   copying src/lxml/isoschematron/resources/xsl/iso-schematron-xslt1/iso_dsdl_include.xsl -> build/lib.macosx-11.0-arm64-cpython-39/lxml/isoschematron/resources/xsl/iso-schematron-xslt1
2022-12-27T11:11:43.0689620Z   copying src/lxml/isoschematron/resources/xsl/iso-schematron-xslt1/iso_schematron_skeleton_for_xslt1.xsl -> build/lib.macosx-11.0-arm64-cpython-39/lxml/isoschematron/resources/xsl/iso-schematron-xslt1
2022-12-27T11:11:43.0693020Z   copying src/lxml/isoschematron/resources/xsl/iso-schematron-xslt1/iso_svrl_for_xslt1.xsl -> build/lib.macosx-11.0-arm64-cpython-39/lxml/isoschematron/resources/xsl/iso-schematron-xslt1
2022-12-27T11:11:43.0695780Z   copying src/lxml/isoschematron/resources/xsl/iso-schematron-xslt1/iso_schematron_message.xsl -> build/lib.macosx-11.0-arm64-cpython-39/lxml/isoschematron/resources/xsl/iso-schematron-xslt1
2022-12-27T11:11:43.0698710Z   copying src/lxml/isoschematron/resources/xsl/iso-schematron-xslt1/readme.txt -> build/lib.macosx-11.0-arm64-cpython-39/lxml/isoschematron/resources/xsl/iso-schematron-xslt1
2022-12-27T11:11:43.0711980Z   running build_ext
2022-12-27T11:11:43.1004950Z   building 'lxml.etree' extension
2022-12-27T11:11:43.1006980Z   creating build/temp.macosx-11.0-arm64-cpython-39
2022-12-27T11:11:43.1009110Z   creating build/temp.macosx-11.0-arm64-cpython-39/src
2022-12-27T11:11:43.1010930Z   creating build/temp.macosx-11.0-arm64-cpython-39/src/lxml
2022-12-27T11:11:43.1014020Z   gcc -Wno-unused-result -Wsign-compare -Wunreachable-code -fno-common -dynamic -DNDEBUG -g -fwrapv -O3 -Wall -g -I/usr/local/opt/openssl@3/include -I/usr/local/opt/openssl@3/include -arch arm64 -DCYTHON_CLINE_IN_TRACEBACK=1 -I/Library/Developer/CommandLineTools/SDKs/MacOSX12.1.sdk/usr/include -Isrc -Isrc/lxml/includes -I/private/var/folders/51/hd414ycd67n82196sw51xqtc0000gn/T/cibw-run-n0bw8xlk/cp39-macosx_arm64/build/venv/include -I/Library/Frameworks/Python.framework/Versions/3.9/include/python3.9 -c src/lxml/etree.c -o build/temp.macosx-11.0-arm64-cpython-39/src/lxml/etree.o -w -flat_namespace
2022-12-27T11:11:43.9131510Z   src/lxml/etree.c:233169:33: error: no member named 'tp_print' in 'struct _typeobject'
2022-12-27T11:11:43.9132150Z     __pyx_type_4lxml_5etree_Error.tp_print = 0;
2022-12-27T11:11:43.9133820Z     ~~~~~~~~~~~~~~~~~~~~~~~~~~~~~ ^
2022-12-27T11:11:43.9135970Z   src/lxml/etree.c:233174:37: error: no member named 'tp_print' in 'struct _typeobject'
2022-12-27T11:11:43.9136510Z     __pyx_type_4lxml_5etree_LxmlError.tp_print = 0;
2022-12-27T11:11:43.9137910Z     ~~~~~~~~~~~~~~~~~~~~~~~~~~~~~~~~~ ^
2022-12-27T11:11:43.9139570Z   src/lxml/etree.c:233179:37: error: no member named 'tp_print' in 'struct _typeobject'
2022-12-27T11:11:43.9140730Z     __pyx_type_4lxml_5etree_C14NError.tp_print = 0;
2022-12-27T11:11:43.9141930Z     ~~~~~~~~~~~~~~~~~~~~~~~~~~~~~~~~~ ^
2022-12-27T11:11:43.9143590Z   src/lxml/etree.c:233186:38: error: no member named 'tp_print' in 'struct _typeobject'
2022-12-27T11:11:43.9144750Z     __pyx_type_4lxml_5etree__TempStore.tp_print = 0;
2022-12-27T11:11:43.9146020Z     ~~~~~~~~~~~~~~~~~~~~~~~~~~~~~~~~~~ ^
2022-12-27T11:11:43.9147700Z   src/lxml/etree.c:233196:45: error: no member named 'tp_print' in 'struct _typeobject'
2022-12-27T11:11:43.9148990Z     __pyx_type_4lxml_5etree__ExceptionContext.tp_print = 0;
2022-12-27T11:11:43.9150210Z     ~~~~~~~~~~~~~~~~~~~~~~~~~~~~~~~~~~~~~~~~~ ^
2022-12-27T11:11:43.9152490Z   src/lxml/etree.c:233203:37: error: no member named 'tp_print' in 'struct _typeobject'
2022-12-27T11:11:43.9153190Z     __pyx_type_4lxml_5etree__LogEntry.tp_print = 0;
2022-12-27T11:11:43.9154660Z     ~~~~~~~~~~~~~~~~~~~~~~~~~~~~~~~~~ ^
2022-12-27T11:11:43.9156260Z   src/lxml/etree.c:233215:41: error: no member named 'tp_print' in 'struct _typeobject'
2022-12-27T11:11:43.9157250Z     __pyx_type_4lxml_5etree__BaseErrorLog.tp_print = 0;
2022-12-27T11:11:43.9158580Z     ~~~~~~~~~~~~~~~~~~~~~~~~~~~~~~~~~~~~~ ^
2022-12-27T11:11:43.9160210Z   src/lxml/etree.c:233224:41: error: no member named 'tp_print' in 'struct _typeobject'
2022-12-27T11:11:43.9161460Z     __pyx_type_4lxml_5etree__ListErrorLog.tp_print = 0;
2022-12-27T11:11:43.9162740Z     ~~~~~~~~~~~~~~~~~~~~~~~~~~~~~~~~~~~~~ ^
2022-12-27T11:11:43.9164290Z   src/lxml/etree.c:233229:44: error: no member named 'tp_print' in 'struct _typeobject'
2022-12-27T11:11:43.9165520Z     __pyx_type_4lxml_5etree__ErrorLogContext.tp_print = 0;
2022-12-27T11:11:43.9166830Z     ~~~~~~~~~~~~~~~~~~~~~~~~~~~~~~~~~~~~~~~~ ^
2022-12-27T11:11:43.9168310Z   src/lxml/etree.c:233241:37: error: no member named 'tp_print' in 'struct _typeobject'
2022-12-27T11:11:43.9169560Z     __pyx_type_4lxml_5etree__ErrorLog.tp_print = 0;
2022-12-27T11:11:43.9170790Z     ~~~~~~~~~~~~~~~~~~~~~~~~~~~~~~~~~ ^
2022-12-27T11:11:43.9172350Z   src/lxml/etree.c:233250:43: error: no member named 'tp_print' in 'struct _typeobject'
2022-12-27T11:11:43.9173510Z     __pyx_type_4lxml_5etree__DomainErrorLog.tp_print = 0;
2022-12-27T11:11:43.9174810Z     ~~~~~~~~~~~~~~~~~~~~~~~~~~~~~~~~~~~~~~~ ^
2022-12-27T11:11:43.9176320Z   src/lxml/etree.c:233259:45: error: no member named 'tp_print' in 'struct _typeobject'
2022-12-27T11:11:43.9177560Z     __pyx_type_4lxml_5etree__RotatingErrorLog.tp_print = 0;
2022-12-27T11:11:43.9178810Z     ~~~~~~~~~~~~~~~~~~~~~~~~~~~~~~~~~~~~~~~~~ ^
2022-12-27T11:11:43.9180570Z   src/lxml/etree.c:233269:38: error: no member named 'tp_print' in 'struct _typeobject'
2022-12-27T11:11:43.9181690Z     __pyx_type_4lxml_5etree_PyErrorLog.tp_print = 0;
2022-12-27T11:11:43.9182960Z     ~~~~~~~~~~~~~~~~~~~~~~~~~~~~~~~~~~ ^
2022-12-27T11:11:43.9184410Z   src/lxml/etree.c:233283:20: error: no member named 'tp_print' in 'struct _typeobject'
2022-12-27T11:11:43.9185730Z     LxmlDocumentType.tp_print = 0;
2022-12-27T11:11:43.9187150Z     ~~~~~~~~~~~~~~~~ ^
2022-12-27T11:11:43.9188640Z   src/lxml/etree.c:233290:35: error: no member named 'tp_print' in 'struct _typeobject'
2022-12-27T11:11:43.9189790Z     __pyx_type_4lxml_5etree_DocInfo.tp_print = 0;
2022-12-27T11:11:43.9191040Z     ~~~~~~~~~~~~~~~~~~~~~~~~~~~~~~~ ^
2022-12-27T11:11:43.9192580Z   src/lxml/etree.c:233295:19: error: no member named 'tp_print' in 'struct _typeobject'
2022-12-27T11:11:43.9193760Z     LxmlElementType.tp_print = 0;
2022-12-27T11:11:43.9195060Z     ~~~~~~~~~~~~~~~ ^
2022-12-27T11:11:43.9196570Z   src/lxml/etree.c:233372:48: error: no member named 'tp_print' in 'struct _typeobject'
2022-12-27T11:11:43.9197800Z     __pyx_type_4lxml_5etree___ContentOnlyElement.tp_print = 0;
2022-12-27T11:11:43.9199130Z     ~~~~~~~~~~~~~~~~~~~~~~~~~~~~~~~~~~~~~~~~~~~~ ^
2022-12-27T11:11:43.9200960Z   src/lxml/etree.c:233409:36: error: no member named 'tp_print' in 'struct _typeobject'
2022-12-27T11:11:43.9202070Z     __pyx_type_4lxml_5etree__Comment.tp_print = 0;
2022-12-27T11:11:43.9203340Z     ~~~~~~~~~~~~~~~~~~~~~~~~~~~~~~~~ ^
2022-12-27T11:11:43.9204850Z   src/lxml/etree.c:233417:50: error: no member named 'tp_print' in 'struct _typeobject'
2022-12-27T11:11:43.9206150Z     __pyx_type_4lxml_5etree__ProcessingInstruction.tp_print = 0;
2022-12-27T11:11:43.9207430Z     ~~~~~~~~~~~~~~~~~~~~~~~~~~~~~~~~~~~~~~~~~~~~~~ ^
2022-12-27T11:11:43.9208860Z   fatal error: too many errors emitted, stopping now [-ferror-limit=]
2022-12-27T11:11:44.0140140Z   20 errors generated.
2022-12-27T11:11:44.0185180Z   Compile failed: command '/usr/bin/gcc' failed with exit code 1
2022-12-27T11:11:44.0880250Z   creating var
2022-12-27T11:11:44.0882210Z   creating var/folders
2022-12-27T11:11:44.0884720Z   creating var/folders/51
2022-12-27T11:11:44.0885410Z   creating var/folders/51/hd414ycd67n82196sw51xqtc0000gn
2022-12-27T11:11:44.0887220Z   creating var/folders/51/hd414ycd67n82196sw51xqtc0000gn/T
2022-12-27T11:11:44.0889430Z   cc -arch arm64 -I/Library/Developer/CommandLineTools/SDKs/MacOSX12.1.sdk/usr/include -I/usr/include/libxml2 -c /var/folders/51/hd414ycd67n82196sw51xqtc0000gn/T/xmlXPathInitognk7mwn.c -o var/folders/51/hd414ycd67n82196sw51xqtc0000gn/T/xmlXPathInitognk7mwn.o
2022-12-27T11:11:44.1326540Z   cc -arch arm64 var/folders/51/hd414ycd67n82196sw51xqtc0000gn/T/xmlXPathInitognk7mwn.o -L/Library/Developer/CommandLineTools/SDKs/MacOSX12.1.sdk/usr/lib -lxml2 -o a.out
2022-12-27T11:11:44.1734610Z   error: command '/usr/bin/gcc' failed with exit code 1
2022-12-27T11:11:44.2063670Z   error: subprocess-exited-with-error
2022-12-27T11:11:44.2064010Z   
2022-12-27T11:11:44.2064530Z   × python setup.py bdist_wheel did not run successfully.
2022-12-27T11:11:44.2065000Z   │ exit code: 1
2022-12-27T11:11:44.2065380Z   ╰─> See above for output.
2022-12-27T11:11:44.2065710Z   
2022-12-27T11:11:44.2066120Z   note: This error originates from a subprocess, and is likely not a problem with pip.
2022-12-27T11:11:44.2072890Z   full command: /private/var/folders/51/hd414ycd67n82196sw51xqtc0000gn/T/cibw-run-n0bw8xlk/cp39-macosx_arm64/build/venv/bin/python -u -c '
2022-12-27T11:11:44.2073360Z   exec(compile('"'"''"'"''"'"'
2022-12-27T11:11:44.2073830Z   # This is <pip-setuptools-caller> -- a caller that pip uses to run setup.py
2022-12-27T11:11:44.2074230Z   #
2022-12-27T11:11:44.2074560Z   # - It imports setuptools before invoking setup.py, to enable projects that directly
2022-12-27T11:11:44.2074970Z   #   import from `distutils.core` to work with newer packaging standards.
2022-12-27T11:11:44.2075440Z   # - It provides a clear error message when setuptools is not installed.
2022-12-27T11:11:44.2075910Z   # - It sets `sys.argv[0]` to the underlying `setup.py`, when invoking `setup.py` so
2022-12-27T11:11:44.2076360Z   #   setuptools doesn'"'"'t think the script is `-c`. This avoids the following warning:
2022-12-27T11:11:44.2076940Z   #     manifest_maker: standard file '"'"'-c'"'"' not found".
2022-12-27T11:11:44.2077950Z   # - It generates a shim setup.py, for handling setup.cfg-only projects.
2022-12-27T11:11:44.2078270Z   import os, sys, tokenize
2022-12-27T11:11:44.2078480Z   
2022-12-27T11:11:44.2078710Z   try:
2022-12-27T11:11:44.2079060Z       import setuptools
2022-12-27T11:11:44.2079440Z   except ImportError as error:
2022-12-27T11:11:44.2079860Z       print(
2022-12-27T11:11:44.2080150Z           "ERROR: Can not execute `setup.py` since setuptools is not available in "
2022-12-27T11:11:44.2081110Z   Building wheel for lxml (setup.py): finished with status 'error'
2022-12-27T11:11:44.2081610Z           "the build environment.",
2022-12-27T11:11:44.2081960Z           file=sys.stderr,
2022-12-27T11:11:44.2082240Z       )
2022-12-27T11:11:44.2082490Z       sys.exit(1)
2022-12-27T11:11:44.2083630Z   
2022-12-27T11:11:44.2084750Z   __file__ = %r
2022-12-27T11:11:44.2085610Z   sys.argv[0] = __file__
2022-12-27T11:11:44.2086440Z   
2022-12-27T11:11:44.2087160Z   if os.path.exists(__file__):
2022-12-27T11:11:44.2087920Z       filename = __file__
2022-12-27T11:11:44.2088380Z       with tokenize.open(__file__) as f:
2022-12-27T11:11:44.2088870Z   Running setup.py clean for lxml
2022-12-27T11:11:44.2089280Z           setup_py_code = f.read()
2022-12-27T11:11:44.2089850Z   else:
2022-12-27T11:11:44.2090720Z       filename = "<auto-generated setuptools caller>"
2022-12-27T11:11:44.2091210Z       setup_py_code = "from setuptools import setup; setup()"
2022-12-27T11:11:44.2091610Z   
2022-12-27T11:11:44.2092070Z   exec(compile(setup_py_code, filename, "exec"))
2022-12-27T11:11:44.2093090Z   '"'"''"'"''"'"' % ('"'"'/Users/runner/actions-runner/_work/python.build/python.build/build_lxml41139/lxml-4.1.1/setup.py'"'"',), "<pip-setuptools-caller>", "exec"))' bdist_wheel -d /private/var/folders/51/hd414ycd67n82196sw51xqtc0000gn/T/pip-wheel-jlx00um6
2022-12-27T11:11:44.2094800Z   cwd: /Users/runner/actions-runner/_work/python.build/python.build/build_lxml41139/lxml-4.1.1/
2022-12-27T11:11:44.2095410Z   ERROR: Failed building wheel for lxml
2022-12-27T11:11:44.2095810Z   Running command python setup.py clean
2022-12-27T11:11:44.3698870Z   Building lxml version 4.1.1.
2022-12-27T11:11:44.3700460Z   Building without Cython.
2022-12-27T11:11:44.3861790Z   Using build configuration of libxslt 1.1.29
2022-12-27T11:11:44.4850700Z   Building against libxml2/libxslt in the following directory: /Library/Developer/CommandLineTools/SDKs/MacOSX12.1.sdk/usr/lib
2022-12-27T11:11:44.5040770Z   running clean
2022-12-27T11:11:44.5070990Z   removing 'build/temp.macosx-11.0-arm64-cpython-39' (and everything under it)
2022-12-27T11:11:44.5076060Z   removing 'build/lib.macosx-11.0-arm64-cpython-39' (and everything under it)
2022-12-27T11:11:44.5127040Z   'build/bdist.macosx-11.0-arm64' does not exist -- can't clean it
2022-12-27T11:11:44.5129200Z   'build/scripts-3.9' does not exist -- can't clean it
2022-12-27T11:11:44.5131710Z   removing 'build'
2022-12-27T11:11:44.5399480Z Failed to build lxml
2022-12-27T11:11:44.5405210Z ERROR: Failed to build one or more wheels
2022-12-27T11:11:44.5416020Z Exception information:
2022-12-27T11:11:44.5416300Z Traceback (most recent call last):
2022-12-27T11:11:44.5423750Z   File "/private/var/folders/51/hd414ycd67n82196sw51xqtc0000gn/T/cibw-run-n0bw8xlk/cp39-macosx_arm64/build/venv/lib/python3.9/site-packages/pip/_internal/cli/base_command.py", line 160, in exc_logging_wrapper
2022-12-27T11:11:44.5424200Z     status = run_func(*args)
2022-12-27T11:11:44.5424870Z   File "/private/var/folders/51/hd414ycd67n82196sw51xqtc0000gn/T/cibw-run-n0bw8xlk/cp39-macosx_arm64/build/venv/lib/python3.9/site-packages/pip/_internal/cli/req_command.py", line 247, in wrapper
2022-12-27T11:11:44.5425260Z     return func(self, options, args)
2022-12-27T11:11:44.5425850Z   File "/private/var/folders/51/hd414ycd67n82196sw51xqtc0000gn/T/cibw-run-n0bw8xlk/cp39-macosx_arm64/build/venv/lib/python3.9/site-packages/pip/_internal/commands/wheel.py", line 201, in run
2022-12-27T11:11:44.5426280Z     raise CommandError("Failed to build one or more wheels")
2022-12-27T11:11:44.5426950Z pip._internal.exceptions.CommandError: Failed to build one or more wheels
2022-12-27T11:11:44.5427690Z Removed build tracker: '/private/var/folders/51/hd414ycd67n82196sw51xqtc0000gn/T/pip-build-tracker-m2edbf4e'
2022-12-27T11:11:44.5876310Z ##[endgroup]
2022-12-27T11:11:44.5898150Z ##[error]Command ['python', '-m', 'pip', 'wheel', '/Users/runner/actions-runner/_work/python.build/python.build/build_lxml41139/lxml-4.1.1', '--wheel-dir=/private/var/folders/51/hd414ycd67n82196sw51xqtc0000gn/T/cibw-run-n0bw8xlk/cp39-macosx_arm64/built_wheel', '--no-deps', '-vvv'] failed with code 1. None
2022-12-27T11:11:44.5903860Z 
2022-12-27T11:11:44.5904110Z                                                               [31m✕ [0m2.52s
2022-12-27T11:11:44.6400600Z ##[error]Process completed with exit code 1.
2022-12-27T11:11:44.6433630Z ##[group]Run rm -rf build_lxml41139 wheelsout
2022-12-27T11:11:44.6433810Z [36;1mrm -rf build_lxml41139 wheelsout[0m
2022-12-27T11:11:44.6449070Z shell: /bin/bash -e {0}
2022-12-27T11:11:44.6449190Z env:
2022-12-27T11:11:44.6449340Z   pythonLocation: /Users/runner/hostedtoolcache/Python/3.9.16/x64
2022-12-27T11:11:44.6449540Z   PKG_CONFIG_PATH: /Users/runner/hostedtoolcache/Python/3.9.16/x64/lib/pkgconfig
2022-12-27T11:11:44.6449720Z   Python_ROOT_DIR: /Users/runner/hostedtoolcache/Python/3.9.16/x64
2022-12-27T11:11:44.6449890Z   Python2_ROOT_DIR: /Users/runner/hostedtoolcache/Python/3.9.16/x64
2022-12-27T11:11:44.6450070Z   Python3_ROOT_DIR: /Users/runner/hostedtoolcache/Python/3.9.16/x64
2022-12-27T11:11:44.6450200Z ##[endgroup]
2022-12-27T11:11:44.6807940Z Cleaning up orphan processes
