2022-12-27T08:57:31.3675737Z Requested labels: self-hosted, macOS, X64
2022-12-27T08:57:31.3675809Z Job defined at: kilnbuild/python.build/.github/workflows/mac_arm_build.yml@refs/heads/main
2022-12-27T08:57:31.3675833Z Waiting for a runner to pick up this job...
2022-12-27T11:39:40.8950741Z Job is about to start running on the runner: kr1 (organization)
2022-12-27T11:39:45.3059340Z Current runner version: '2.300.2'
2022-12-27T11:39:45.3066910Z Runner name: 'kr1'
2022-12-27T11:39:45.3067280Z Runner group name: 'Default'
2022-12-27T11:39:45.3068060Z Machine name: 'kr1'
2022-12-27T11:39:45.3070520Z ##[group]GITHUB_TOKEN Permissions
2022-12-27T11:39:45.3071160Z Actions: write
2022-12-27T11:39:45.3071400Z Checks: write
2022-12-27T11:39:45.3071640Z Contents: write
2022-12-27T11:39:45.3071870Z Deployments: write
2022-12-27T11:39:45.3072120Z Discussions: write
2022-12-27T11:39:45.3072360Z Issues: write
2022-12-27T11:39:45.3072580Z Metadata: read
2022-12-27T11:39:45.3072820Z Packages: write
2022-12-27T11:39:45.3073070Z Pages: write
2022-12-27T11:39:45.3073300Z PullRequests: write
2022-12-27T11:39:45.3073590Z RepositoryProjects: write
2022-12-27T11:39:45.3073870Z SecurityEvents: write
2022-12-27T11:39:45.3074110Z Statuses: write
2022-12-27T11:39:45.3074360Z ##[endgroup]
2022-12-27T11:39:45.3077880Z Secret source: Actions
2022-12-27T11:39:45.3078350Z Prepare workflow directory
2022-12-27T11:39:45.4245440Z Prepare all required actions
2022-12-27T11:39:45.4443730Z Getting action download info
2022-12-27T11:39:45.9004700Z Download action repository 'actions/setup-python@v4' (SHA:5ccb29d8773c3f3f653e1705f474dfaa8a06a912)
2022-12-27T11:39:47.7641800Z Download action repository 'actions/upload-artifact@v3' (SHA:83fd05a356d7e2593de66fc9913b3002723633cb)
2022-12-27T11:39:49.2400000Z ##[group]Run echo '{
2022-12-27T11:39:49.2400420Z [36;1mecho '{[0m
2022-12-27T11:39:49.2400680Z [36;1m  "package_name": "lxml",[0m
2022-12-27T11:39:49.2401110Z [36;1m  "package_url": "https://files.pythonhosted.org/packages/76/a6/90af8ad550008c90a34e391953e03bb7604276a662e032b7d2afe2750cc6/lxml-3.3.0.tar.gz",[0m
2022-12-27T11:39:49.2401560Z [36;1m  "package_version": "3.3.0",[0m
2022-12-27T11:39:49.2401830Z [36;1m  "python_version": "3.8",[0m
2022-12-27T11:39:49.2402090Z [36;1m  "use_ccache": "true"[0m
2022-12-27T11:39:49.2402330Z [36;1m}'[0m
2022-12-27T11:39:49.2430260Z shell: /bin/bash -e {0}
2022-12-27T11:39:49.2430530Z ##[endgroup]
2022-12-27T11:39:49.2846340Z {
2022-12-27T11:39:49.2849150Z   "package_name": "lxml",
2022-12-27T11:39:49.2850270Z   "package_url": "https://files.pythonhosted.org/packages/76/a6/90af8ad550008c90a34e391953e03bb7604276a662e032b7d2afe2750cc6/lxml-3.3.0.tar.gz",
2022-12-27T11:39:49.2850780Z   "package_version": "3.3.0",
2022-12-27T11:39:49.2851270Z   "python_version": "3.8",
2022-12-27T11:39:49.2851640Z   "use_ccache": "true"
2022-12-27T11:39:49.2851940Z }
2022-12-27T11:39:49.3208080Z ##[group]Run actions/setup-python@v4
2022-12-27T11:39:49.3208550Z with:
2022-12-27T11:39:49.3208870Z   python-version: 3.8
2022-12-27T11:39:49.3209300Z   check-latest: false
2022-12-27T11:39:49.3209870Z   token: ***
2022-12-27T11:39:49.3210190Z   update-environment: true
2022-12-27T11:39:49.3210510Z ##[endgroup]
2022-12-27T11:39:49.5235980Z ##[group]Installed versions
2022-12-27T11:39:49.5301710Z Successfully set up CPython (3.8.15)
2022-12-27T11:39:49.5305490Z ##[endgroup]
2022-12-27T11:39:49.5582970Z ##[group]Run if [ "true" == "true" ]
2022-12-27T11:39:49.5583590Z [36;1mif [ "true" == "true" ][0m
2022-12-27T11:39:49.5583940Z [36;1mthen[0m
2022-12-27T11:39:49.5584460Z [36;1m  echo "CCACHE_PATH_PREPEND=/usr/local/opt/ccache/libexec" >> $GITHUB_OUTPUT[0m
2022-12-27T11:39:49.5584790Z [36;1melse[0m
2022-12-27T11:39:49.5585150Z [36;1m  echo "CCACHE_PATH_PREPEND=" >> $GITHUB_OUTPUT[0m
2022-12-27T11:39:49.5585510Z [36;1mfi[0m
2022-12-27T11:39:49.5614810Z shell: /bin/bash -e {0}
2022-12-27T11:39:49.5615160Z env:
2022-12-27T11:39:49.5615550Z   pythonLocation: /Users/runner/hostedtoolcache/Python/3.8.15/x64
2022-12-27T11:39:49.5616140Z   PKG_CONFIG_PATH: /Users/runner/hostedtoolcache/Python/3.8.15/x64/lib/pkgconfig
2022-12-27T11:39:49.5616790Z   Python_ROOT_DIR: /Users/runner/hostedtoolcache/Python/3.8.15/x64
2022-12-27T11:39:49.5617370Z   Python2_ROOT_DIR: /Users/runner/hostedtoolcache/Python/3.8.15/x64
2022-12-27T11:39:49.5617930Z   Python3_ROOT_DIR: /Users/runner/hostedtoolcache/Python/3.8.15/x64
2022-12-27T11:39:49.5618730Z ##[endgroup]
2022-12-27T11:39:49.5964720Z ##[group]Run echo "BUILD_NAME=$(echo lxml_3.3.0_3.8 | tr -dc '[:alnum:]\n\r' | tr '[:upper:]' '[:lower:]')" >> $GITHUB_OUTPUT
2022-12-27T11:39:49.5965400Z [36;1mecho "BUILD_NAME=$(echo lxml_3.3.0_3.8 | tr -dc '[:alnum:]\n\r' | tr '[:upper:]' '[:lower:]')" >> $GITHUB_OUTPUT[0m
2022-12-27T11:39:49.5993870Z shell: /bin/bash -e {0}
2022-12-27T11:39:49.5994300Z env:
2022-12-27T11:39:49.5994650Z   pythonLocation: /Users/runner/hostedtoolcache/Python/3.8.15/x64
2022-12-27T11:39:49.5995090Z   PKG_CONFIG_PATH: /Users/runner/hostedtoolcache/Python/3.8.15/x64/lib/pkgconfig
2022-12-27T11:39:49.5995460Z   Python_ROOT_DIR: /Users/runner/hostedtoolcache/Python/3.8.15/x64
2022-12-27T11:39:49.5995950Z   Python2_ROOT_DIR: /Users/runner/hostedtoolcache/Python/3.8.15/x64
2022-12-27T11:39:49.5996370Z   Python3_ROOT_DIR: /Users/runner/hostedtoolcache/Python/3.8.15/x64
2022-12-27T11:39:49.5996730Z ##[endgroup]
2022-12-27T11:39:49.6250840Z ##[group]Run echo "PYTHON_NO_DOTS=$(echo 3.8 | tr -dc '[:alnum:]\n\r' | tr '[:upper:]' '[:lower:]')" >> $GITHUB_OUTPUT
2022-12-27T11:39:49.6251590Z [36;1mecho "PYTHON_NO_DOTS=$(echo 3.8 | tr -dc '[:alnum:]\n\r' | tr '[:upper:]' '[:lower:]')" >> $GITHUB_OUTPUT[0m
2022-12-27T11:39:49.6278610Z shell: /bin/bash -e {0}
2022-12-27T11:39:49.6278920Z env:
2022-12-27T11:39:49.6279210Z   pythonLocation: /Users/runner/hostedtoolcache/Python/3.8.15/x64
2022-12-27T11:39:49.6280800Z   PKG_CONFIG_PATH: /Users/runner/hostedtoolcache/Python/3.8.15/x64/lib/pkgconfig
2022-12-27T11:39:49.6281250Z   Python_ROOT_DIR: /Users/runner/hostedtoolcache/Python/3.8.15/x64
2022-12-27T11:39:49.6281750Z   Python2_ROOT_DIR: /Users/runner/hostedtoolcache/Python/3.8.15/x64
2022-12-27T11:39:49.6282110Z   Python3_ROOT_DIR: /Users/runner/hostedtoolcache/Python/3.8.15/x64
2022-12-27T11:39:49.6282480Z ##[endgroup]
2022-12-27T11:39:49.6540080Z ##[group]Run rm -rf build_lxml33038
2022-12-27T11:39:49.6540570Z [36;1mrm -rf build_lxml33038[0m
2022-12-27T11:39:49.6540840Z [36;1mmkdir build_lxml33038[0m
2022-12-27T11:39:49.6541230Z [36;1mcd build_lxml33038[0m
2022-12-27T11:39:49.6541720Z [36;1m/usr/local/bin/wget --quiet https://files.pythonhosted.org/packages/76/a6/90af8ad550008c90a34e391953e03bb7604276a662e032b7d2afe2750cc6/lxml-3.3.0.tar.gz[0m
2022-12-27T11:39:49.6542260Z [36;1mtar xf *.tar.gz[0m
2022-12-27T11:39:49.6542500Z [36;1mcd *[0m
2022-12-27T11:39:49.6542840Z [36;1mpython -m pip install cibuildwheel==2.11.3[0m
2022-12-27T11:39:49.6543230Z [36;1mpython -m cibuildwheel --output-dir ../wheelsout[0m
2022-12-27T11:39:49.6570390Z shell: /bin/bash -e {0}
2022-12-27T11:39:49.6570710Z env:
2022-12-27T11:39:49.6571090Z   pythonLocation: /Users/runner/hostedtoolcache/Python/3.8.15/x64
2022-12-27T11:39:49.6571470Z   PKG_CONFIG_PATH: /Users/runner/hostedtoolcache/Python/3.8.15/x64/lib/pkgconfig
2022-12-27T11:39:49.6572130Z   Python_ROOT_DIR: /Users/runner/hostedtoolcache/Python/3.8.15/x64
2022-12-27T11:39:49.6572490Z   Python2_ROOT_DIR: /Users/runner/hostedtoolcache/Python/3.8.15/x64
2022-12-27T11:39:49.6572940Z   Python3_ROOT_DIR: /Users/runner/hostedtoolcache/Python/3.8.15/x64
2022-12-27T11:39:49.6573320Z   CIBW_ARCHS_MACOS: arm64
2022-12-27T11:39:49.6573640Z   CIBW_TEST_SKIP: *_arm64
2022-12-27T11:39:49.6574140Z   CIBW_BUILD: cp38-macosx_arm64
2022-12-27T11:39:49.6574480Z   CIBW_BUILD_FRONTEND: pip
2022-12-27T11:39:49.6574740Z   CIBW_BUILD_VERBOSITY: 3
2022-12-27T11:39:49.6575300Z   CIBW_ENVIRONMENT_MACOS:  CFLAGS="-I/usr/local/opt/openssl@3/include" LDFLAGS="-L/usr/local/opt/openssl@3/lib" CPPFLAGS="-I/usr/local/opt/openssl@3/include" MAKEFLAGS="-j$(sysctl -n hw.logicalcpu)" PATH=/usr/local/opt/ccache/libexec:$PATH
2022-12-27T11:39:49.6576060Z   CIBW_BEFORE_BUILD: pip install Cython; if [[ -f requirements.txt ]]; then pip install -r requirements.txt; fi
2022-12-27T11:39:49.6576590Z   MAKEFLAGS: -j$(sysctl -n hw.logicalcpu)
2022-12-27T11:39:49.6576860Z ##[endgroup]
2022-12-27T11:39:50.4637270Z Requirement already satisfied: cibuildwheel==2.11.3 in /Users/runner/hostedtoolcache/Python/3.8.15/x64/lib/python3.8/site-packages (2.11.3)
2022-12-27T11:39:50.5271200Z Requirement already satisfied: packaging>=20.9 in /Users/runner/hostedtoolcache/Python/3.8.15/x64/lib/python3.8/site-packages (from cibuildwheel==2.11.3) (22.0)
2022-12-27T11:39:50.5274880Z Requirement already satisfied: bracex in /Users/runner/hostedtoolcache/Python/3.8.15/x64/lib/python3.8/site-packages (from cibuildwheel==2.11.3) (2.3.post1)
2022-12-27T11:39:50.5279800Z Requirement already satisfied: platformdirs in /Users/runner/hostedtoolcache/Python/3.8.15/x64/lib/python3.8/site-packages (from cibuildwheel==2.11.3) (2.6.0)
2022-12-27T11:39:50.5286750Z Requirement already satisfied: bashlex!=0.13 in /Users/runner/hostedtoolcache/Python/3.8.15/x64/lib/python3.8/site-packages (from cibuildwheel==2.11.3) (0.16)
2022-12-27T11:39:50.5297670Z Requirement already satisfied: tomli in /Users/runner/hostedtoolcache/Python/3.8.15/x64/lib/python3.8/site-packages (from cibuildwheel==2.11.3) (2.0.1)
2022-12-27T11:39:50.5311870Z Requirement already satisfied: typing-extensions>=4.1.0 in /Users/runner/hostedtoolcache/Python/3.8.15/x64/lib/python3.8/site-packages (from cibuildwheel==2.11.3) (4.4.0)
2022-12-27T11:39:50.5316650Z Requirement already satisfied: certifi in /Users/runner/hostedtoolcache/Python/3.8.15/x64/lib/python3.8/site-packages (from cibuildwheel==2.11.3) (2022.12.7)
2022-12-27T11:39:50.5321630Z Requirement already satisfied: filelock in /Users/runner/hostedtoolcache/Python/3.8.15/x64/lib/python3.8/site-packages (from cibuildwheel==2.11.3) (3.8.2)
2022-12-27T11:39:50.8360410Z 
2022-12-27T11:39:50.8361860Z      _ _       _ _   _       _           _
2022-12-27T11:39:50.8362600Z  ___|_| |_ _ _|_| |_| |_ _ _| |_ ___ ___| |
2022-12-27T11:39:50.8364660Z |  _| | . | | | | | . | | | |   | -_| -_| |
2022-12-27T11:39:50.8365710Z |___|_|___|___|_|_|___|_____|_|_|___|___|_|
2022-12-27T11:39:50.8367900Z 
2022-12-27T11:39:50.8368310Z cibuildwheel version 2.11.3
2022-12-27T11:39:50.8368720Z 
2022-12-27T11:39:50.8368990Z Build options:
2022-12-27T11:39:50.8369860Z   platform: macos
2022-12-27T11:39:50.8615870Z   architectures: arm64[0m
2022-12-27T11:39:50.8619510Z   build_selector: 
2022-12-27T11:39:50.8620540Z     build_config: cp38-macosx_arm64
2022-12-27T11:39:50.8621130Z     skip_config: 
2022-12-27T11:39:50.8622900Z     requires_python: None
2022-12-27T11:39:50.8623640Z     prerelease_pythons: False[0m
2022-12-27T11:39:50.8624220Z   [38;5;244mcontainer_engine: docker[0m
2022-12-27T11:39:50.8625050Z   output_dir: /Users/runner/actions-runner/_work/python.build/python.build/build_lxml33038/wheelsout[0m
2022-12-27T11:39:50.8626350Z   package_dir: /Users/runner/actions-runner/_work/python.build/python.build/build_lxml33038/lxml-3.3.0[0m
2022-12-27T11:39:50.8626970Z   test_selector: 
2022-12-27T11:39:50.8627560Z     skip_config: *_arm64[0m
2022-12-27T11:39:50.8628320Z   [38;5;244mbefore_all: [0m
2022-12-27T11:39:50.8628960Z   before_build: pip install Cython; if [[ -f requirements.txt ]]; then pip install -r requirements.txt; fi[0m
2022-12-27T11:39:50.8629640Z   [38;5;244mbefore_test: [0m
2022-12-27T11:39:50.8630070Z   [38;5;244mbuild_frontend: pip[0m
2022-12-27T11:39:50.8630490Z   build_verbosity: 3[0m
2022-12-27T11:39:50.8630830Z   [38;5;244mconfig_settings: [0m
2022-12-27T11:39:50.8631320Z   [38;5;244mdependency_constraints: pinned[0m
2022-12-27T11:39:50.8631900Z   environment: 
2022-12-27T11:39:50.8632380Z     CFLAGS="-I/usr/local/opt/openssl@3/include"
2022-12-27T11:39:50.8632780Z     LDFLAGS="-L/usr/local/opt/openssl@3/lib"
2022-12-27T11:39:50.8633260Z     CPPFLAGS="-I/usr/local/opt/openssl@3/include"
2022-12-27T11:39:50.8633940Z     MAKEFLAGS="-j$(sysctl -n hw.logicalcpu)"
2022-12-27T11:39:50.8634510Z     PATH=/usr/local/opt/ccache/libexec:$PATH[0m
2022-12-27T11:39:50.8635000Z   [38;5;244mmanylinux_images: None[0m
2022-12-27T11:39:50.8635440Z   [38;5;244mmusllinux_images: None[0m
2022-12-27T11:39:50.8635940Z   [38;5;244mrepair_command: delocate-wheel --require-archs {delocate_archs} -w {dest_dir} -v {wheel}[0m
2022-12-27T11:39:50.8637900Z   [38;5;244mtest_command: [0m
2022-12-27T11:39:50.8638320Z   [38;5;244mtest_extras: [0m
2022-12-27T11:39:50.8638740Z   [38;5;244mtest_requires: [0m
2022-12-27T11:39:50.8638870Z 
2022-12-27T11:39:50.8639070Z Cache folder: /Users/runner/Library/Caches/cibuildwheel
2022-12-27T11:39:50.8639780Z 
2022-12-27T11:39:50.8640950Z Here we go!
2022-12-27T11:39:50.8641440Z 
2022-12-27T11:39:50.8830790Z 
2022-12-27T11:39:50.8832550Z [1m[34mBuilding cp38-macosx_arm64 wheel[0m
2022-12-27T11:39:50.8834280Z CPython 3.8 macOS arm64 - Apple Silicon
2022-12-27T11:39:50.8834870Z 
2022-12-27T11:39:50.8837300Z ##[group]Installing Python cp38...
2022-12-27T11:39:50.8837750Z 
2022-12-27T11:39:50.8838790Z + pkgutil --pkgs
2022-12-27T11:39:50.9037690Z ##[endgroup]
2022-12-27T11:39:50.9039740Z                                                               [32mâœ“ [0m0.02s
2022-12-27T11:39:50.9040380Z ##[group]Setting up build environment...
2022-12-27T11:39:50.9040600Z 
2022-12-27T11:39:50.9073980Z + /Users/runner/hostedtoolcache/Python/3.8.15/x64/bin/python -sS /Users/runner/Library/Caches/cibuildwheel/virtualenv-20.17.0.pyz --activators= --no-periodic-update --pip=22.3.1 --setuptools=65.6.3 --wheel=0.38.4 --symlink-app-data --python /Library/Frameworks/Python.framework/Versions/3.8/bin/python3 /private/var/folders/51/hd414ycd67n82196sw51xqtc0000gn/T/cibw-run-1d9auy6t/cp38-macosx_arm64/build/venv
2022-12-27T11:39:51.2223290Z created virtual environment CPython3.8.10.final.0-64 in 81ms
2022-12-27T11:39:51.2224520Z   creator CPython3Posix(dest=/private/var/folders/51/hd414ycd67n82196sw51xqtc0000gn/T/cibw-run-1d9auy6t/cp38-macosx_arm64/build/venv, clear=False, no_vcs_ignore=False, global=False)
2022-12-27T11:39:51.2225710Z   seeder FromAppData(download=False, pip=22.3.1, setuptools=65.6.3, wheel=0.38.4, via=symlink, app_data_dir=/Users/runner/Library/Application Support/virtualenv)
2022-12-27T11:39:51.2226270Z     added seed packages: pip==22.3.1, setuptools==65.6.3, wheel==0.38.4
2022-12-27T11:39:51.2485840Z + python -m pip install --upgrade pip -c /Users/runner/hostedtoolcache/Python/3.8.15/x64/lib/python3.8/site-packages/cibuildwheel/resources/constraints-python38.txt
2022-12-27T11:39:51.7894380Z Requirement already satisfied: pip in ./lib/python3.8/site-packages (22.3.1)
2022-12-27T11:39:52.0595500Z + which pip
2022-12-27T11:39:52.0630510Z /private/var/folders/51/hd414ycd67n82196sw51xqtc0000gn/T/cibw-run-1d9auy6t/cp38-macosx_arm64/build/venv/bin/pip
2022-12-27T11:39:52.0638190Z + pip --version
2022-12-27T11:39:52.4535710Z pip 22.3.1 from /private/var/folders/51/hd414ycd67n82196sw51xqtc0000gn/T/cibw-run-1d9auy6t/cp38-macosx_arm64/build/venv/lib/python3.8/site-packages/pip (python 3.8)
2022-12-27T11:39:52.5085680Z + which pip
2022-12-27T11:39:52.5155380Z + which python
2022-12-27T11:39:52.5200000Z /private/var/folders/51/hd414ycd67n82196sw51xqtc0000gn/T/cibw-run-1d9auy6t/cp38-macosx_arm64/build/venv/bin/python
2022-12-27T11:39:52.5204430Z + python --version
2022-12-27T11:39:52.5302240Z Python 3.8.10
2022-12-27T11:39:52.5308560Z + which python
2022-12-27T11:39:52.5424260Z ##[endgroup]
2022-12-27T11:39:52.5425800Z                                                               [32mâœ“ [0m1.64s
2022-12-27T11:39:52.5427040Z ##[group]Installing build tools...
2022-12-27T11:39:52.5427810Z 
2022-12-27T11:39:52.5428950Z + pip install --upgrade setuptools wheel delocate -c /Users/runner/hostedtoolcache/Python/3.8.15/x64/lib/python3.8/site-packages/cibuildwheel/resources/constraints-python38.txt
2022-12-27T11:39:53.0551710Z Requirement already satisfied: setuptools in /private/var/folders/51/hd414ycd67n82196sw51xqtc0000gn/T/cibw-run-1d9auy6t/cp38-macosx_arm64/build/venv/lib/python3.8/site-packages (65.6.3)
2022-12-27T11:39:53.4574460Z Requirement already satisfied: wheel in /private/var/folders/51/hd414ycd67n82196sw51xqtc0000gn/T/cibw-run-1d9auy6t/cp38-macosx_arm64/build/venv/lib/python3.8/site-packages (0.38.4)
2022-12-27T11:39:53.5537400Z Collecting delocate
2022-12-27T11:39:53.5596660Z   Using cached delocate-0.10.3-py3-none-any.whl (142 kB)
2022-12-27T11:39:53.6241330Z Collecting packaging>=20.9
2022-12-27T11:39:53.6296310Z   Using cached packaging-21.3-py3-none-any.whl (40 kB)
2022-12-27T11:39:53.6616980Z Collecting typing-extensions
2022-12-27T11:39:53.6669480Z   Using cached typing_extensions-4.4.0-py3-none-any.whl (26 kB)
2022-12-27T11:39:53.7351390Z Collecting pyparsing!=3.0.5,>=2.0.2
2022-12-27T11:39:53.7403320Z   Using cached pyparsing-3.0.9-py3-none-any.whl (98 kB)
2022-12-27T11:39:53.8079430Z Installing collected packages: typing-extensions, pyparsing, packaging, delocate
2022-12-27T11:39:54.0295830Z Successfully installed delocate-0.10.3 packaging-21.3 pyparsing-3.0.9 typing-extensions-4.4.0
2022-12-27T11:39:54.1322790Z ##[endgroup]
2022-12-27T11:39:54.1323660Z                                                               [32mâœ“ [0m1.59s
2022-12-27T11:39:54.1324200Z ##[group]Running before_build...
2022-12-27T11:39:54.1324400Z 
2022-12-27T11:39:54.1334150Z + pip install Cython; if [[ -f requirements.txt ]]; then pip install -r requirements.txt; fi
2022-12-27T11:39:55.2941260Z Collecting Cython
2022-12-27T11:39:55.3054320Z   Using cached Cython-0.29.32-py2.py3-none-any.whl (986 kB)
2022-12-27T11:39:55.3885930Z Installing collected packages: Cython
2022-12-27T11:39:56.1410110Z Successfully installed Cython-0.29.32
2022-12-27T11:39:56.2681570Z ##[endgroup]
2022-12-27T11:39:56.2682750Z                                                               [32mâœ“ [0m2.14s
2022-12-27T11:39:56.2683650Z ##[group]Building wheel...
2022-12-27T11:39:56.2683870Z 
2022-12-27T11:39:56.2692020Z + python -m pip wheel /Users/runner/actions-runner/_work/python.build/python.build/build_lxml33038/lxml-3.3.0 --wheel-dir=/private/var/folders/51/hd414ycd67n82196sw51xqtc0000gn/T/cibw-run-1d9auy6t/cp38-macosx_arm64/built_wheel --no-deps -vvv
2022-12-27T11:39:56.7634340Z Created temporary directory: /private/var/folders/51/hd414ycd67n82196sw51xqtc0000gn/T/pip-ephem-wheel-cache-ufu0rz_5
2022-12-27T11:39:56.7639530Z Created temporary directory: /private/var/folders/51/hd414ycd67n82196sw51xqtc0000gn/T/pip-build-tracker-zn7ere6i
2022-12-27T11:39:56.7640800Z Initialized build tracking at /private/var/folders/51/hd414ycd67n82196sw51xqtc0000gn/T/pip-build-tracker-zn7ere6i
2022-12-27T11:39:56.7641930Z Created build tracker: /private/var/folders/51/hd414ycd67n82196sw51xqtc0000gn/T/pip-build-tracker-zn7ere6i
2022-12-27T11:39:56.7646360Z Entered build tracker: /private/var/folders/51/hd414ycd67n82196sw51xqtc0000gn/T/pip-build-tracker-zn7ere6i
2022-12-27T11:39:56.7651530Z Created temporary directory: /private/var/folders/51/hd414ycd67n82196sw51xqtc0000gn/T/pip-wheel-ye8kqce4
2022-12-27T11:39:56.7663760Z Created temporary directory: /private/var/folders/51/hd414ycd67n82196sw51xqtc0000gn/T/pip-ephem-wheel-cache-v7pu6qs3
2022-12-27T11:39:56.7812890Z Processing /Users/runner/actions-runner/_work/python.build/python.build/build_lxml33038/lxml-3.3.0
2022-12-27T11:39:56.7821590Z   Added file:///Users/runner/actions-runner/_work/python.build/python.build/build_lxml33038/lxml-3.3.0 to build tracker '/private/var/folders/51/hd414ycd67n82196sw51xqtc0000gn/T/pip-build-tracker-zn7ere6i'
2022-12-27T11:39:56.7827860Z   Running setup.py (path:/Users/runner/actions-runner/_work/python.build/python.build/build_lxml33038/lxml-3.3.0/setup.py) egg_info for package from file:///Users/runner/actions-runner/_work/python.build/python.build/build_lxml33038/lxml-3.3.0
2022-12-27T11:39:56.7833570Z   Created temporary directory: /private/var/folders/51/hd414ycd67n82196sw51xqtc0000gn/T/pip-pip-egg-info-5v0y_8dh
2022-12-27T11:39:56.7837170Z   Preparing metadata (setup.py): started
2022-12-27T11:39:56.7839800Z   Running command python setup.py egg_info
2022-12-27T11:39:57.4369770Z   Building lxml version 3.3.0.
2022-12-27T11:39:57.4370590Z   Building without Cython.
2022-12-27T11:39:57.4373120Z   Using build configuration of libxslt 1.1.29
2022-12-27T11:39:57.4375790Z   Building against libxml2/libxslt in the following directory: /Library/Developer/CommandLineTools/SDKs/MacOSX12.1.sdk/usr/lib
2022-12-27T11:39:57.4378630Z   running egg_info
2022-12-27T11:39:57.4382530Z   creating /private/var/folders/51/hd414ycd67n82196sw51xqtc0000gn/T/pip-pip-egg-info-5v0y_8dh/lxml.egg-info
2022-12-27T11:39:57.4394420Z   writing /private/var/folders/51/hd414ycd67n82196sw51xqtc0000gn/T/pip-pip-egg-info-5v0y_8dh/lxml.egg-info/PKG-INFO
2022-12-27T11:39:57.4396240Z   writing dependency_links to /private/var/folders/51/hd414ycd67n82196sw51xqtc0000gn/T/pip-pip-egg-info-5v0y_8dh/lxml.egg-info/dependency_links.txt
2022-12-27T11:39:57.4405960Z   writing top-level names to /private/var/folders/51/hd414ycd67n82196sw51xqtc0000gn/T/pip-pip-egg-info-5v0y_8dh/lxml.egg-info/top_level.txt
2022-12-27T11:39:57.4409330Z   writing manifest file '/private/var/folders/51/hd414ycd67n82196sw51xqtc0000gn/T/pip-pip-egg-info-5v0y_8dh/lxml.egg-info/SOURCES.txt'
2022-12-27T11:39:57.4569360Z   reading manifest file '/private/var/folders/51/hd414ycd67n82196sw51xqtc0000gn/T/pip-pip-egg-info-5v0y_8dh/lxml.egg-info/SOURCES.txt'
2022-12-27T11:39:57.4570840Z   reading manifest template 'MANIFEST.in'
2022-12-27T11:39:57.6625460Z   adding license file 'LICENSES.txt'
2022-12-27T11:39:57.6756060Z   writing manifest file '/private/var/folders/51/hd414ycd67n82196sw51xqtc0000gn/T/pip-pip-egg-info-5v0y_8dh/lxml.egg-info/SOURCES.txt'
2022-12-27T11:39:57.6762630Z   /private/var/folders/51/hd414ycd67n82196sw51xqtc0000gn/T/cibw-run-1d9auy6t/cp38-macosx_arm64/build/venv/lib/python3.8/site-packages/setuptools/_distutils/dist.py:265: UserWarning: Unknown distribution option: 'bugtrack_url'
2022-12-27T11:39:57.6765010Z     warnings.warn(msg)
2022-12-27T11:39:57.7299490Z   Preparing metadata (setup.py): finished with status 'done'
2022-12-27T11:39:57.7343050Z   Source in /Users/runner/actions-runner/_work/python.build/python.build/build_lxml33038/lxml-3.3.0 has version 3.3.0, which satisfies requirement lxml==3.3.0 from file:///Users/runner/actions-runner/_work/python.build/python.build/build_lxml33038/lxml-3.3.0
2022-12-27T11:39:57.7346830Z   Removed lxml==3.3.0 from file:///Users/runner/actions-runner/_work/python.build/python.build/build_lxml33038/lxml-3.3.0 from build tracker '/private/var/folders/51/hd414ycd67n82196sw51xqtc0000gn/T/pip-build-tracker-zn7ere6i'
2022-12-27T11:39:57.7606290Z Created temporary directory: /private/var/folders/51/hd414ycd67n82196sw51xqtc0000gn/T/pip-unpack-5puziwd9
2022-12-27T11:39:57.7607720Z Building wheels for collected packages: lxml
2022-12-27T11:39:57.7618720Z   Created temporary directory: /private/var/folders/51/hd414ycd67n82196sw51xqtc0000gn/T/pip-wheel-o5bp56wb
2022-12-27T11:39:57.7620390Z   Building wheel for lxml (setup.py): started
2022-12-27T11:39:57.7624930Z   Destination directory: /private/var/folders/51/hd414ycd67n82196sw51xqtc0000gn/T/pip-wheel-o5bp56wb
2022-12-27T11:39:57.7625880Z   Running command python setup.py bdist_wheel
2022-12-27T11:39:58.1785020Z   Building lxml version 3.3.0.
2022-12-27T11:39:58.1787560Z   Building without Cython.
2022-12-27T11:39:58.2075040Z   Using build configuration of libxslt 1.1.29
2022-12-27T11:39:58.4010220Z   Building against libxml2/libxslt in the following directory: /Library/Developer/CommandLineTools/SDKs/MacOSX12.1.sdk/usr/lib
2022-12-27T11:39:58.4140080Z   /private/var/folders/51/hd414ycd67n82196sw51xqtc0000gn/T/cibw-run-1d9auy6t/cp38-macosx_arm64/build/venv/lib/python3.8/site-packages/setuptools/_distutils/dist.py:265: UserWarning: Unknown distribution option: 'bugtrack_url'
2022-12-27T11:39:58.4141530Z     warnings.warn(msg)
2022-12-27T11:39:58.4429830Z   running bdist_wheel
2022-12-27T11:39:58.4501250Z   running build
2022-12-27T11:39:58.4507190Z   running build_py
2022-12-27T11:39:58.4539830Z   creating build
2022-12-27T11:39:58.4543870Z   creating build/lib.macosx-11.0-arm64-cpython-38
2022-12-27T11:39:58.4546700Z   creating build/lib.macosx-11.0-arm64-cpython-38/lxml
2022-12-27T11:39:58.4548740Z   copying src/lxml/_elementpath.py -> build/lib.macosx-11.0-arm64-cpython-38/lxml
2022-12-27T11:39:58.4551740Z   copying src/lxml/sax.py -> build/lib.macosx-11.0-arm64-cpython-38/lxml
2022-12-27T11:39:58.4555560Z   copying src/lxml/pyclasslookup.py -> build/lib.macosx-11.0-arm64-cpython-38/lxml
2022-12-27T11:39:58.4559720Z   copying src/lxml/__init__.py -> build/lib.macosx-11.0-arm64-cpython-38/lxml
2022-12-27T11:39:58.4568390Z   copying src/lxml/builder.py -> build/lib.macosx-11.0-arm64-cpython-38/lxml
2022-12-27T11:39:58.4572350Z   copying src/lxml/doctestcompare.py -> build/lib.macosx-11.0-arm64-cpython-38/lxml
2022-12-27T11:39:58.4574700Z   copying src/lxml/usedoctest.py -> build/lib.macosx-11.0-arm64-cpython-38/lxml
2022-12-27T11:39:58.4577990Z   copying src/lxml/cssselect.py -> build/lib.macosx-11.0-arm64-cpython-38/lxml
2022-12-27T11:39:58.4583380Z   copying src/lxml/ElementInclude.py -> build/lib.macosx-11.0-arm64-cpython-38/lxml
2022-12-27T11:39:58.4591420Z   creating build/lib.macosx-11.0-arm64-cpython-38/lxml/includes
2022-12-27T11:39:58.4593140Z   copying src/lxml/includes/__init__.py -> build/lib.macosx-11.0-arm64-cpython-38/lxml/includes
2022-12-27T11:39:58.4604730Z   creating build/lib.macosx-11.0-arm64-cpython-38/lxml/html
2022-12-27T11:39:58.4607400Z   copying src/lxml/html/soupparser.py -> build/lib.macosx-11.0-arm64-cpython-38/lxml/html
2022-12-27T11:39:58.4615190Z   copying src/lxml/html/defs.py -> build/lib.macosx-11.0-arm64-cpython-38/lxml/html
2022-12-27T11:39:58.4618480Z   copying src/lxml/html/_setmixin.py -> build/lib.macosx-11.0-arm64-cpython-38/lxml/html
2022-12-27T11:39:58.4621290Z   copying src/lxml/html/clean.py -> build/lib.macosx-11.0-arm64-cpython-38/lxml/html
2022-12-27T11:39:58.4626510Z   copying src/lxml/html/_diffcommand.py -> build/lib.macosx-11.0-arm64-cpython-38/lxml/html
2022-12-27T11:39:58.4633350Z   copying src/lxml/html/html5parser.py -> build/lib.macosx-11.0-arm64-cpython-38/lxml/html
2022-12-27T11:39:58.4636040Z   copying src/lxml/html/__init__.py -> build/lib.macosx-11.0-arm64-cpython-38/lxml/html
2022-12-27T11:39:58.4641290Z   copying src/lxml/html/formfill.py -> build/lib.macosx-11.0-arm64-cpython-38/lxml/html
2022-12-27T11:39:58.4645920Z   copying src/lxml/html/builder.py -> build/lib.macosx-11.0-arm64-cpython-38/lxml/html
2022-12-27T11:39:58.4650100Z   copying src/lxml/html/ElementSoup.py -> build/lib.macosx-11.0-arm64-cpython-38/lxml/html
2022-12-27T11:39:58.4655650Z   copying src/lxml/html/_html5builder.py -> build/lib.macosx-11.0-arm64-cpython-38/lxml/html
2022-12-27T11:39:58.4658030Z   copying src/lxml/html/usedoctest.py -> build/lib.macosx-11.0-arm64-cpython-38/lxml/html
2022-12-27T11:39:58.4664790Z   copying src/lxml/html/diff.py -> build/lib.macosx-11.0-arm64-cpython-38/lxml/html
2022-12-27T11:39:58.4671440Z   creating build/lib.macosx-11.0-arm64-cpython-38/lxml/isoschematron
2022-12-27T11:39:58.4808550Z   copying src/lxml/isoschematron/__init__.py -> build/lib.macosx-11.0-arm64-cpython-38/lxml/isoschematron
2022-12-27T11:39:58.4810340Z   copying src/lxml/lxml.etree.h -> build/lib.macosx-11.0-arm64-cpython-38/lxml
2022-12-27T11:39:58.4811250Z   copying src/lxml/lxml.etree_api.h -> build/lib.macosx-11.0-arm64-cpython-38/lxml
2022-12-27T11:39:58.4812400Z   copying src/lxml/includes/xmlerror.pxd -> build/lib.macosx-11.0-arm64-cpython-38/lxml/includes
2022-12-27T11:39:58.4813310Z   copying src/lxml/includes/c14n.pxd -> build/lib.macosx-11.0-arm64-cpython-38/lxml/includes
2022-12-27T11:39:58.4814200Z   copying src/lxml/includes/xmlschema.pxd -> build/lib.macosx-11.0-arm64-cpython-38/lxml/includes
2022-12-27T11:39:58.4815040Z   copying src/lxml/includes/schematron.pxd -> build/lib.macosx-11.0-arm64-cpython-38/lxml/includes
2022-12-27T11:39:58.4815740Z   copying src/lxml/includes/tree.pxd -> build/lib.macosx-11.0-arm64-cpython-38/lxml/includes
2022-12-27T11:39:58.4816680Z   copying src/lxml/includes/uri.pxd -> build/lib.macosx-11.0-arm64-cpython-38/lxml/includes
2022-12-27T11:39:58.4817330Z   copying src/lxml/includes/etreepublic.pxd -> build/lib.macosx-11.0-arm64-cpython-38/lxml/includes
2022-12-27T11:39:58.4817890Z   copying src/lxml/includes/xpath.pxd -> build/lib.macosx-11.0-arm64-cpython-38/lxml/includes
2022-12-27T11:39:58.4818630Z   copying src/lxml/includes/htmlparser.pxd -> build/lib.macosx-11.0-arm64-cpython-38/lxml/includes
2022-12-27T11:39:58.4820260Z   copying src/lxml/includes/xslt.pxd -> build/lib.macosx-11.0-arm64-cpython-38/lxml/includes
2022-12-27T11:39:58.4820880Z   copying src/lxml/includes/config.pxd -> build/lib.macosx-11.0-arm64-cpython-38/lxml/includes
2022-12-27T11:39:58.4821440Z   copying src/lxml/includes/xmlparser.pxd -> build/lib.macosx-11.0-arm64-cpython-38/lxml/includes
2022-12-27T11:39:58.4822000Z   copying src/lxml/includes/xinclude.pxd -> build/lib.macosx-11.0-arm64-cpython-38/lxml/includes
2022-12-27T11:39:58.4822820Z   copying src/lxml/includes/dtdvalid.pxd -> build/lib.macosx-11.0-arm64-cpython-38/lxml/includes
2022-12-27T11:39:58.4823400Z   copying src/lxml/includes/relaxng.pxd -> build/lib.macosx-11.0-arm64-cpython-38/lxml/includes
2022-12-27T11:39:58.4824020Z   copying src/lxml/includes/lxml-version.h -> build/lib.macosx-11.0-arm64-cpython-38/lxml/includes
2022-12-27T11:39:58.4824660Z   copying src/lxml/includes/etree_defs.h -> build/lib.macosx-11.0-arm64-cpython-38/lxml/includes
2022-12-27T11:39:58.4825420Z   creating build/lib.macosx-11.0-arm64-cpython-38/lxml/isoschematron/resources
2022-12-27T11:39:58.4826120Z   creating build/lib.macosx-11.0-arm64-cpython-38/lxml/isoschematron/resources/rng
2022-12-27T11:39:58.4828830Z   copying src/lxml/isoschematron/resources/rng/iso-schematron.rng -> build/lib.macosx-11.0-arm64-cpython-38/lxml/isoschematron/resources/rng
2022-12-27T11:39:58.4831680Z   creating build/lib.macosx-11.0-arm64-cpython-38/lxml/isoschematron/resources/xsl
2022-12-27T11:39:58.4834690Z   copying src/lxml/isoschematron/resources/xsl/XSD2Schtrn.xsl -> build/lib.macosx-11.0-arm64-cpython-38/lxml/isoschematron/resources/xsl
2022-12-27T11:39:58.4838820Z   copying src/lxml/isoschematron/resources/xsl/RNG2Schtrn.xsl -> build/lib.macosx-11.0-arm64-cpython-38/lxml/isoschematron/resources/xsl
2022-12-27T11:39:58.4843140Z   creating build/lib.macosx-11.0-arm64-cpython-38/lxml/isoschematron/resources/xsl/iso-schematron-xslt1
2022-12-27T11:39:58.4847460Z   copying src/lxml/isoschematron/resources/xsl/iso-schematron-xslt1/iso_abstract_expand.xsl -> build/lib.macosx-11.0-arm64-cpython-38/lxml/isoschematron/resources/xsl/iso-schematron-xslt1
2022-12-27T11:39:58.4851770Z   copying src/lxml/isoschematron/resources/xsl/iso-schematron-xslt1/iso_dsdl_include.xsl -> build/lib.macosx-11.0-arm64-cpython-38/lxml/isoschematron/resources/xsl/iso-schematron-xslt1
2022-12-27T11:39:58.4856630Z   copying src/lxml/isoschematron/resources/xsl/iso-schematron-xslt1/iso_schematron_skeleton_for_xslt1.xsl -> build/lib.macosx-11.0-arm64-cpython-38/lxml/isoschematron/resources/xsl/iso-schematron-xslt1
2022-12-27T11:39:58.4863120Z   copying src/lxml/isoschematron/resources/xsl/iso-schematron-xslt1/iso_svrl_for_xslt1.xsl -> build/lib.macosx-11.0-arm64-cpython-38/lxml/isoschematron/resources/xsl/iso-schematron-xslt1
2022-12-27T11:39:58.4869690Z   copying src/lxml/isoschematron/resources/xsl/iso-schematron-xslt1/iso_schematron_message.xsl -> build/lib.macosx-11.0-arm64-cpython-38/lxml/isoschematron/resources/xsl/iso-schematron-xslt1
2022-12-27T11:39:58.4875250Z   copying src/lxml/isoschematron/resources/xsl/iso-schematron-xslt1/readme.txt -> build/lib.macosx-11.0-arm64-cpython-38/lxml/isoschematron/resources/xsl/iso-schematron-xslt1
2022-12-27T11:39:58.4900630Z   running build_ext
2022-12-27T11:39:58.5746500Z   building 'lxml.etree' extension
2022-12-27T11:39:58.5747560Z   creating build/temp.macosx-11.0-arm64-cpython-38
2022-12-27T11:39:58.5749330Z   creating build/temp.macosx-11.0-arm64-cpython-38/src
2022-12-27T11:39:58.5753960Z   creating build/temp.macosx-11.0-arm64-cpython-38/src/lxml
2022-12-27T11:39:58.5759770Z   gcc -Wno-unused-result -Wsign-compare -Wunreachable-code -fno-common -dynamic -DNDEBUG -g -fwrapv -O3 -Wall -g -I/usr/local/opt/openssl@3/include -I/usr/local/opt/openssl@3/include -arch arm64 -I/Library/Developer/CommandLineTools/SDKs/MacOSX12.1.sdk/usr/include -I/Users/runner/actions-runner/_work/python.build/python.build/build_lxml33038/lxml-3.3.0/src/lxml/includes -I/private/var/folders/51/hd414ycd67n82196sw51xqtc0000gn/T/cibw-run-1d9auy6t/cp38-macosx_arm64/build/venv/include -I/Library/Frameworks/Python.framework/Versions/3.8/include/python3.8 -c src/lxml/lxml.etree.c -o build/temp.macosx-11.0-arm64-cpython-38/src/lxml/lxml.etree.o -w -flat_namespace
2022-12-27T11:39:59.9555760Z   src/lxml/lxml.etree.c:194006:21: error: no member named 'exc_type' in 'struct _ts'
2022-12-27T11:39:59.9560140Z       *type = tstate->exc_type;
2022-12-27T11:39:59.9564160Z               ~~~~~~  ^
2022-12-27T11:39:59.9570660Z   src/lxml/lxml.etree.c:194007:22: error: no member named 'exc_value' in 'struct _ts'; did you mean 'curexc_value'?
2022-12-27T11:39:59.9575540Z       *value = tstate->exc_value;
2022-12-27T11:39:59.9579750Z                        ^~~~~~~~~
2022-12-27T11:39:59.9585090Z                        curexc_value
2022-12-27T11:39:59.9590100Z   /Library/Frameworks/Python.framework/Versions/3.8/include/python3.8/cpython/pystate.h:80:15: note: 'curexc_value' declared here
2022-12-27T11:39:59.9595260Z       PyObject *curexc_value;
2022-12-27T11:39:59.9599720Z                 ^
2022-12-27T11:39:59.9606030Z   src/lxml/lxml.etree.c:194008:19: error: no member named 'exc_traceback' in 'struct _ts'; did you mean 'curexc_traceback'?
2022-12-27T11:39:59.9610240Z       *tb = tstate->exc_traceback;
2022-12-27T11:39:59.9613230Z                     ^~~~~~~~~~~~~
2022-12-27T11:39:59.9615980Z                     curexc_traceback
2022-12-27T11:39:59.9619830Z   /Library/Frameworks/Python.framework/Versions/3.8/include/python3.8/cpython/pystate.h:81:15: note: 'curexc_traceback' declared here
2022-12-27T11:39:59.9622030Z       PyObject *curexc_traceback;
2022-12-27T11:39:59.9624720Z                 ^
2022-12-27T11:39:59.9627560Z   src/lxml/lxml.etree.c:194020:24: error: no member named 'exc_type' in 'struct _ts'
2022-12-27T11:39:59.9630640Z       tmp_type = tstate->exc_type;
2022-12-27T11:39:59.9632090Z                  ~~~~~~  ^
2022-12-27T11:39:59.9635350Z   src/lxml/lxml.etree.c:194021:25: error: no member named 'exc_value' in 'struct _ts'; did you mean 'curexc_value'?
2022-12-27T11:39:59.9637560Z       tmp_value = tstate->exc_value;
2022-12-27T11:39:59.9640090Z                           ^~~~~~~~~
2022-12-27T11:39:59.9642540Z                           curexc_value
2022-12-27T11:39:59.9645720Z   /Library/Frameworks/Python.framework/Versions/3.8/include/python3.8/cpython/pystate.h:80:15: note: 'curexc_value' declared here
2022-12-27T11:39:59.9648000Z       PyObject *curexc_value;
2022-12-27T11:39:59.9650480Z                 ^
2022-12-27T11:39:59.9653270Z   src/lxml/lxml.etree.c:194022:22: error: no member named 'exc_traceback' in 'struct _ts'; did you mean 'curexc_traceback'?
2022-12-27T11:39:59.9655730Z       tmp_tb = tstate->exc_traceback;
2022-12-27T11:39:59.9658650Z                        ^~~~~~~~~~~~~
2022-12-27T11:39:59.9661200Z                        curexc_traceback
2022-12-27T11:39:59.9664200Z   /Library/Frameworks/Python.framework/Versions/3.8/include/python3.8/cpython/pystate.h:81:15: note: 'curexc_traceback' declared here
2022-12-27T11:39:59.9666350Z       PyObject *curexc_traceback;
2022-12-27T11:39:59.9668860Z                 ^
2022-12-27T11:39:59.9671700Z   src/lxml/lxml.etree.c:194023:13: error: no member named 'exc_type' in 'struct _ts'
2022-12-27T11:39:59.9674160Z       tstate->exc_type = type;
2022-12-27T11:39:59.9676790Z       ~~~~~~  ^
2022-12-27T11:39:59.9679600Z   src/lxml/lxml.etree.c:194024:13: error: no member named 'exc_value' in 'struct _ts'; did you mean 'curexc_value'?
2022-12-27T11:39:59.9681860Z       tstate->exc_value = value;
2022-12-27T11:39:59.9684170Z               ^~~~~~~~~
2022-12-27T11:39:59.9686760Z               curexc_value
2022-12-27T11:39:59.9689860Z   /Library/Frameworks/Python.framework/Versions/3.8/include/python3.8/cpython/pystate.h:80:15: note: 'curexc_value' declared here
2022-12-27T11:39:59.9692020Z       PyObject *curexc_value;
2022-12-27T11:39:59.9694470Z                 ^
2022-12-27T11:39:59.9697610Z   src/lxml/lxml.etree.c:194025:13: error: no member named 'exc_traceback' in 'struct _ts'; did you mean 'curexc_traceback'?
2022-12-27T11:39:59.9700010Z       tstate->exc_traceback = tb;
2022-12-27T11:39:59.9702380Z               ^~~~~~~~~~~~~
2022-12-27T11:39:59.9704810Z               curexc_traceback
2022-12-27T11:39:59.9708000Z   /Library/Frameworks/Python.framework/Versions/3.8/include/python3.8/cpython/pystate.h:81:15: note: 'curexc_traceback' declared here
2022-12-27T11:39:59.9710130Z       PyObject *curexc_traceback;
2022-12-27T11:39:59.9712650Z                 ^
2022-12-27T11:39:59.9715830Z   src/lxml/lxml.etree.c:194068:24: error: no member named 'exc_type' in 'struct _ts'
2022-12-27T11:39:59.9718170Z       tmp_type = tstate->exc_type;
2022-12-27T11:39:59.9720670Z                  ~~~~~~  ^
2022-12-27T11:39:59.9723450Z   src/lxml/lxml.etree.c:194069:25: error: no member named 'exc_value' in 'struct _ts'; did you mean 'curexc_value'?
2022-12-27T11:39:59.9726050Z       tmp_value = tstate->exc_value;
2022-12-27T11:39:59.9728480Z                           ^~~~~~~~~
2022-12-27T11:39:59.9730920Z                           curexc_value
2022-12-27T11:39:59.9733870Z   /Library/Frameworks/Python.framework/Versions/3.8/include/python3.8/cpython/pystate.h:80:15: note: 'curexc_value' declared here
2022-12-27T11:39:59.9736300Z       PyObject *curexc_value;
2022-12-27T11:39:59.9738870Z                 ^
2022-12-27T11:39:59.9742150Z   src/lxml/lxml.etree.c:194070:22: error: no member named 'exc_traceback' in 'struct _ts'; did you mean 'curexc_traceback'?
2022-12-27T11:39:59.9744560Z       tmp_tb = tstate->exc_traceback;
2022-12-27T11:39:59.9746870Z                        ^~~~~~~~~~~~~
2022-12-27T11:39:59.9749540Z                        curexc_traceback
2022-12-27T11:39:59.9753470Z   /Library/Frameworks/Python.framework/Versions/3.8/include/python3.8/cpython/pystate.h:81:15: note: 'curexc_traceback' declared here
2022-12-27T11:39:59.9754750Z       PyObject *curexc_traceback;
2022-12-27T11:39:59.9757620Z                 ^
2022-12-27T11:39:59.9760450Z   src/lxml/lxml.etree.c:194071:13: error: no member named 'exc_type' in 'struct _ts'
2022-12-27T11:39:59.9762870Z       tstate->exc_type = local_type;
2022-12-27T11:39:59.9765370Z       ~~~~~~  ^
2022-12-27T11:39:59.9768300Z   src/lxml/lxml.etree.c:194072:13: error: no member named 'exc_value' in 'struct _ts'; did you mean 'curexc_value'?
2022-12-27T11:39:59.9771050Z       tstate->exc_value = local_value;
2022-12-27T11:39:59.9773090Z               ^~~~~~~~~
2022-12-27T11:39:59.9775700Z               curexc_value
2022-12-27T11:39:59.9778880Z   /Library/Frameworks/Python.framework/Versions/3.8/include/python3.8/cpython/pystate.h:80:15: note: 'curexc_value' declared here
2022-12-27T11:39:59.9781180Z       PyObject *curexc_value;
2022-12-27T11:39:59.9783640Z                 ^
2022-12-27T11:39:59.9786660Z   src/lxml/lxml.etree.c:194073:13: error: no member named 'exc_traceback' in 'struct _ts'; did you mean 'curexc_traceback'?
2022-12-27T11:39:59.9789210Z       tstate->exc_traceback = local_tb;
2022-12-27T11:39:59.9791680Z               ^~~~~~~~~~~~~
2022-12-27T11:39:59.9794290Z               curexc_traceback
2022-12-27T11:39:59.9797500Z   /Library/Frameworks/Python.framework/Versions/3.8/include/python3.8/cpython/pystate.h:81:15: note: 'curexc_traceback' declared here
2022-12-27T11:39:59.9799660Z       PyObject *curexc_traceback;
2022-12-27T11:39:59.9802280Z                 ^
2022-12-27T11:39:59.9805190Z   src/lxml/lxml.etree.c:194272:24: error: no member named 'exc_type' in 'struct _ts'
2022-12-27T11:39:59.9807820Z       tmp_type = tstate->exc_type;
2022-12-27T11:39:59.9810080Z                  ~~~~~~  ^
2022-12-27T11:39:59.9813210Z   src/lxml/lxml.etree.c:194273:25: error: no member named 'exc_value' in 'struct _ts'; did you mean 'curexc_value'?
2022-12-27T11:39:59.9815500Z       tmp_value = tstate->exc_value;
2022-12-27T11:39:59.9818220Z                           ^~~~~~~~~
2022-12-27T11:39:59.9820670Z                           curexc_value
2022-12-27T11:39:59.9823820Z   /Library/Frameworks/Python.framework/Versions/3.8/include/python3.8/cpython/pystate.h:80:15: note: 'curexc_value' declared here
2022-12-27T11:39:59.9825990Z       PyObject *curexc_value;
2022-12-27T11:39:59.9828640Z                 ^
2022-12-27T11:39:59.9831850Z   src/lxml/lxml.etree.c:194274:22: error: no member named 'exc_traceback' in 'struct _ts'; did you mean 'curexc_traceback'?
2022-12-27T11:39:59.9834320Z       tmp_tb = tstate->exc_traceback;
2022-12-27T11:39:59.9836800Z                        ^~~~~~~~~~~~~
2022-12-27T11:39:59.9839380Z                        curexc_traceback
2022-12-27T11:39:59.9842420Z   /Library/Frameworks/Python.framework/Versions/3.8/include/python3.8/cpython/pystate.h:81:15: note: 'curexc_traceback' declared here
2022-12-27T11:39:59.9844860Z       PyObject *curexc_traceback;
2022-12-27T11:39:59.9847450Z                 ^
2022-12-27T11:39:59.9850280Z   src/lxml/lxml.etree.c:194275:13: error: no member named 'exc_type' in 'struct _ts'
2022-12-27T11:39:59.9852660Z       tstate->exc_type = *type;
2022-12-27T11:39:59.9855210Z       ~~~~~~  ^
2022-12-27T11:39:59.9858120Z   fatal error: too many errors emitted, stopping now [-ferror-limit=]
2022-12-27T11:39:59.9937390Z   20 errors generated.
2022-12-27T11:40:00.0034830Z   error: command '/usr/bin/gcc' failed with exit code 1
2022-12-27T11:40:00.0871850Z   error: subprocess-exited-with-error
2022-12-27T11:40:00.0872630Z   
2022-12-27T11:40:00.0873880Z   Ã— python setup.py bdist_wheel did not run successfully.
2022-12-27T11:40:00.0874790Z   â”‚ exit code: 1
2022-12-27T11:40:00.0875420Z   â•°â”€> See above for output.
2022-12-27T11:40:00.0875860Z   
2022-12-27T11:40:00.0876760Z   note: This error originates from a subprocess, and is likely not a problem with pip.
2022-12-27T11:40:00.0887630Z   full command: /private/var/folders/51/hd414ycd67n82196sw51xqtc0000gn/T/cibw-run-1d9auy6t/cp38-macosx_arm64/build/venv/bin/python -u -c '
2022-12-27T11:40:00.0889350Z   exec(compile('"'"''"'"''"'"'
2022-12-27T11:40:00.0889990Z   # This is <pip-setuptools-caller> -- a caller that pip uses to run setup.py
2022-12-27T11:40:00.0891430Z   #
2022-12-27T11:40:00.0891950Z   # - It imports setuptools before invoking setup.py, to enable projects that directly
2022-12-27T11:40:00.0892510Z   #   import from `distutils.core` to work with newer packaging standards.
2022-12-27T11:40:00.0893110Z   # - It provides a clear error message when setuptools is not installed.
2022-12-27T11:40:00.0893660Z   # - It sets `sys.argv[0]` to the underlying `setup.py`, when invoking `setup.py` so
2022-12-27T11:40:00.0894320Z   #   setuptools doesn'"'"'t think the script is `-c`. This avoids the following warning:
2022-12-27T11:40:00.0894930Z   #     manifest_maker: standard file '"'"'-c'"'"' not found".
2022-12-27T11:40:00.0895510Z   # - It generates a shim setup.py, for handling setup.cfg-only projects.
2022-12-27T11:40:00.0895850Z   import os, sys, tokenize
2022-12-27T11:40:00.0896190Z   
2022-12-27T11:40:00.0896660Z   try:
2022-12-27T11:40:00.0896940Z       import setuptools
2022-12-27T11:40:00.0897300Z   except ImportError as error:
2022-12-27T11:40:00.0897680Z       print(
2022-12-27T11:40:00.0898600Z           "ERROR: Can not execute `setup.py` since setuptools is not available in "
2022-12-27T11:40:00.0899020Z           "the build environment.",
2022-12-27T11:40:00.0899300Z           file=sys.stderr,
2022-12-27T11:40:00.0901070Z       )
2022-12-27T11:40:00.0901460Z       sys.exit(1)
2022-12-27T11:40:00.0901770Z   
2022-12-27T11:40:00.0902090Z   __file__ = %r
2022-12-27T11:40:00.0902440Z   sys.argv[0] = __file__
2022-12-27T11:40:00.0902680Z   
2022-12-27T11:40:00.0903030Z   if os.path.exists(__file__):
2022-12-27T11:40:00.0903400Z       filename = __file__
2022-12-27T11:40:00.0903700Z       with tokenize.open(__file__) as f:
2022-12-27T11:40:00.0904070Z           setup_py_code = f.read()
2022-12-27T11:40:00.0904440Z   else:
2022-12-27T11:40:00.0904890Z       filename = "<auto-generated setuptools caller>"
2022-12-27T11:40:00.0905340Z       setup_py_code = "from setuptools import setup; setup()"
2022-12-27T11:40:00.0905710Z   
2022-12-27T11:40:00.0906070Z   exec(compile(setup_py_code, filename, "exec"))
2022-12-27T11:40:00.0907430Z   '"'"''"'"''"'"' % ('"'"'/Users/runner/actions-runner/_work/python.build/python.build/build_lxml33038/lxml-3.3.0/setup.py'"'"',), "<pip-setuptools-caller>", "exec"))' bdist_wheel -d /private/var/folders/51/hd414ycd67n82196sw51xqtc0000gn/T/pip-wheel-o5bp56wb
2022-12-27T11:40:00.0908320Z   cwd: /Users/runner/actions-runner/_work/python.build/python.build/build_lxml33038/lxml-3.3.0/
2022-12-27T11:40:00.0908800Z   ERROR: Failed building wheel for lxml
2022-12-27T11:40:00.0909290Z   Building wheel for lxml (setup.py): finished with status 'error'
2022-12-27T11:40:00.0909700Z   Running setup.py clean for lxml
2022-12-27T11:40:00.0911560Z   Running command python setup.py clean
2022-12-27T11:40:00.5298430Z   Building lxml version 3.3.0.
2022-12-27T11:40:00.5304560Z   Building without Cython.
2022-12-27T11:40:00.5593360Z   Using build configuration of libxslt 1.1.29
2022-12-27T11:40:00.7582690Z   Building against libxml2/libxslt in the following directory: /Library/Developer/CommandLineTools/SDKs/MacOSX12.1.sdk/usr/lib
2022-12-27T11:40:00.7717230Z   /private/var/folders/51/hd414ycd67n82196sw51xqtc0000gn/T/cibw-run-1d9auy6t/cp38-macosx_arm64/build/venv/lib/python3.8/site-packages/setuptools/_distutils/dist.py:265: UserWarning: Unknown distribution option: 'bugtrack_url'
2022-12-27T11:40:00.7719560Z     warnings.warn(msg)
2022-12-27T11:40:00.7821960Z   running clean
2022-12-27T11:40:00.7870250Z   removing 'build/temp.macosx-11.0-arm64-cpython-38' (and everything under it)
2022-12-27T11:40:00.7878050Z   removing 'build/lib.macosx-11.0-arm64-cpython-38' (and everything under it)
2022-12-27T11:40:00.7972990Z   'build/bdist.macosx-11.0-arm64' does not exist -- can't clean it
2022-12-27T11:40:00.7974390Z   'build/scripts-3.8' does not exist -- can't clean it
2022-12-27T11:40:00.7978560Z   removing 'build'
2022-12-27T11:40:00.8503110Z Failed to build lxml
2022-12-27T11:40:00.8521370Z ERROR: Failed to build one or more wheels
2022-12-27T11:40:00.8554000Z Exception information:
2022-12-27T11:40:00.8554720Z Traceback (most recent call last):
2022-12-27T11:40:00.8575440Z   File "/private/var/folders/51/hd414ycd67n82196sw51xqtc0000gn/T/cibw-run-1d9auy6t/cp38-macosx_arm64/build/venv/lib/python3.8/site-packages/pip/_internal/cli/base_command.py", line 160, in exc_logging_wrapper
2022-12-27T11:40:00.8576720Z     status = run_func(*args)
2022-12-27T11:40:00.8578200Z   File "/private/var/folders/51/hd414ycd67n82196sw51xqtc0000gn/T/cibw-run-1d9auy6t/cp38-macosx_arm64/build/venv/lib/python3.8/site-packages/pip/_internal/cli/req_command.py", line 247, in wrapper
2022-12-27T11:40:00.8579290Z     return func(self, options, args)
2022-12-27T11:40:00.8580770Z   File "/private/var/folders/51/hd414ycd67n82196sw51xqtc0000gn/T/cibw-run-1d9auy6t/cp38-macosx_arm64/build/venv/lib/python3.8/site-packages/pip/_internal/commands/wheel.py", line 201, in run
2022-12-27T11:40:00.8581920Z     raise CommandError("Failed to build one or more wheels")
2022-12-27T11:40:00.8582700Z pip._internal.exceptions.CommandError: Failed to build one or more wheels
2022-12-27T11:40:00.8583800Z Removed build tracker: '/private/var/folders/51/hd414ycd67n82196sw51xqtc0000gn/T/pip-build-tracker-zn7ere6i'
2022-12-27T11:40:00.9529770Z ##[endgroup]
2022-12-27T11:40:00.9530880Z                                                               [31mâœ• [0m4.68s
2022-12-27T11:40:01.0200460Z ##[error]Command ['python', '-m', 'pip', 'wheel', '/Users/runner/actions-runner/_work/python.build/python.build/build_lxml33038/lxml-3.3.0', '--wheel-dir=/private/var/folders/51/hd414ycd67n82196sw51xqtc0000gn/T/cibw-run-1d9auy6t/cp38-macosx_arm64/built_wheel', '--no-deps', '-vvv'] failed with code 1. None
2022-12-27T11:40:01.0209700Z 
2022-12-27T11:40:01.0448950Z ##[error]Process completed with exit code 1.
2022-12-27T11:40:01.0500840Z ##[group]Run rm -rf build_lxml33038 wheelsout
2022-12-27T11:40:01.0501130Z [36;1mrm -rf build_lxml33038 wheelsout[0m
2022-12-27T11:40:01.0527960Z shell: /bin/bash -e {0}
2022-12-27T11:40:01.0528140Z env:
2022-12-27T11:40:01.0528720Z   pythonLocation: /Users/runner/hostedtoolcache/Python/3.8.15/x64
2022-12-27T11:40:01.0529040Z   PKG_CONFIG_PATH: /Users/runner/hostedtoolcache/Python/3.8.15/x64/lib/pkgconfig
2022-12-27T11:40:01.0529340Z   Python_ROOT_DIR: /Users/runner/hostedtoolcache/Python/3.8.15/x64
2022-12-27T11:40:01.0529640Z   Python2_ROOT_DIR: /Users/runner/hostedtoolcache/Python/3.8.15/x64
2022-12-27T11:40:01.0529920Z   Python3_ROOT_DIR: /Users/runner/hostedtoolcache/Python/3.8.15/x64
2022-12-27T11:40:01.0530150Z ##[endgroup]
2022-12-27T11:40:01.1665520Z Cleaning up orphan processes
