2022-12-27T08:51:23.9833657Z Requested labels: self-hosted, macOS, X64
2022-12-27T08:51:23.9833740Z Job defined at: kilnbuild/python.build/.github/workflows/mac_arm_build.yml@refs/heads/main
2022-12-27T08:51:23.9833767Z Waiting for a runner to pick up this job...
2022-12-27T11:22:32.6908295Z Job is about to start running on the runner: k2 (organization)
2022-12-27T11:22:33.8927540Z Current runner version: '2.300.2'
2022-12-27T11:22:33.8932450Z Runner name: 'k2'
2022-12-27T11:22:33.8932690Z Runner group name: 'Default'
2022-12-27T11:22:33.8933110Z Machine name: 'k2'
2022-12-27T11:22:33.8934580Z ##[group]GITHUB_TOKEN Permissions
2022-12-27T11:22:33.8934990Z Actions: write
2022-12-27T11:22:33.8935130Z Checks: write
2022-12-27T11:22:33.8935260Z Contents: write
2022-12-27T11:22:33.8935400Z Deployments: write
2022-12-27T11:22:33.8935540Z Discussions: write
2022-12-27T11:22:33.8935670Z Issues: write
2022-12-27T11:22:33.8935790Z Metadata: read
2022-12-27T11:22:33.8935910Z Packages: write
2022-12-27T11:22:33.8936040Z Pages: write
2022-12-27T11:22:33.8936180Z PullRequests: write
2022-12-27T11:22:33.8936330Z RepositoryProjects: write
2022-12-27T11:22:33.8936490Z SecurityEvents: write
2022-12-27T11:22:33.8936630Z Statuses: write
2022-12-27T11:22:33.8936750Z ##[endgroup]
2022-12-27T11:22:33.8939160Z Secret source: Actions
2022-12-27T11:22:33.8939460Z Prepare workflow directory
2022-12-27T11:22:33.9584620Z Prepare all required actions
2022-12-27T11:22:33.9704130Z Getting action download info
2022-12-27T11:22:34.4015350Z Download action repository 'actions/setup-python@v4' (SHA:5ccb29d8773c3f3f653e1705f474dfaa8a06a912)
2022-12-27T11:22:36.1406820Z Download action repository 'actions/upload-artifact@v3' (SHA:83fd05a356d7e2593de66fc9913b3002723633cb)
2022-12-27T11:22:37.4464320Z ##[group]Run echo '{
2022-12-27T11:22:37.4464570Z [36;1mecho '{[0m
2022-12-27T11:22:37.4464690Z [36;1m  "package_name": "lxml",[0m
2022-12-27T11:22:37.4464940Z [36;1m  "package_url": "https://files.pythonhosted.org/packages/e5/31/d34953640bcd05526de46e0a6aa77e694eb98f2d780b24dd8deb480147c4/lxml-1.3.5.tar.gz",[0m
2022-12-27T11:22:37.4465150Z [36;1m  "package_version": "1.3.5",[0m
2022-12-27T11:22:37.4465330Z [36;1m  "python_version": "3.9",[0m
2022-12-27T11:22:37.4465520Z [36;1m  "use_ccache": "true"[0m
2022-12-27T11:22:37.4465640Z [36;1m}'[0m
2022-12-27T11:22:37.4481350Z shell: /bin/bash -e {0}
2022-12-27T11:22:37.4481570Z ##[endgroup]
2022-12-27T11:22:37.4693750Z {
2022-12-27T11:22:37.4695160Z   "package_name": "lxml",
2022-12-27T11:22:37.4695870Z   "package_url": "https://files.pythonhosted.org/packages/e5/31/d34953640bcd05526de46e0a6aa77e694eb98f2d780b24dd8deb480147c4/lxml-1.3.5.tar.gz",
2022-12-27T11:22:37.4696120Z   "package_version": "1.3.5",
2022-12-27T11:22:37.4696340Z   "python_version": "3.9",
2022-12-27T11:22:37.4696520Z   "use_ccache": "true"
2022-12-27T11:22:37.4696720Z }
2022-12-27T11:22:37.4905460Z ##[group]Run actions/setup-python@v4
2022-12-27T11:22:37.4905720Z with:
2022-12-27T11:22:37.4905860Z   python-version: 3.9
2022-12-27T11:22:37.4906040Z   check-latest: false
2022-12-27T11:22:37.4906400Z   token: ***
2022-12-27T11:22:37.4906550Z   update-environment: true
2022-12-27T11:22:37.4906730Z ##[endgroup]
2022-12-27T11:22:37.6110210Z ##[group]Installed versions
2022-12-27T11:22:37.6154310Z Successfully set up CPython (3.9.16)
2022-12-27T11:22:37.6155390Z ##[endgroup]
2022-12-27T11:22:37.6299050Z ##[group]Run if [ "true" == "true" ]
2022-12-27T11:22:37.6299390Z [36;1mif [ "true" == "true" ][0m
2022-12-27T11:22:37.6299610Z [36;1mthen[0m
2022-12-27T11:22:37.6299880Z [36;1m  echo "CCACHE_PATH_PREPEND=/usr/local/opt/ccache/libexec" >> $GITHUB_OUTPUT[0m
2022-12-27T11:22:37.6300090Z [36;1melse[0m
2022-12-27T11:22:37.6300290Z [36;1m  echo "CCACHE_PATH_PREPEND=" >> $GITHUB_OUTPUT[0m
2022-12-27T11:22:37.6300750Z [36;1mfi[0m
2022-12-27T11:22:37.6317350Z shell: /bin/bash -e {0}
2022-12-27T11:22:37.6317610Z env:
2022-12-27T11:22:37.6317840Z   pythonLocation: /Users/runner/hostedtoolcache/Python/3.9.16/x64
2022-12-27T11:22:37.6318110Z   PKG_CONFIG_PATH: /Users/runner/hostedtoolcache/Python/3.9.16/x64/lib/pkgconfig
2022-12-27T11:22:37.6318420Z   Python_ROOT_DIR: /Users/runner/hostedtoolcache/Python/3.9.16/x64
2022-12-27T11:22:37.6318660Z   Python2_ROOT_DIR: /Users/runner/hostedtoolcache/Python/3.9.16/x64
2022-12-27T11:22:37.6318960Z   Python3_ROOT_DIR: /Users/runner/hostedtoolcache/Python/3.9.16/x64
2022-12-27T11:22:37.6319460Z ##[endgroup]
2022-12-27T11:22:37.6423720Z ##[group]Run echo "BUILD_NAME=$(echo lxml_1.3.5_3.9 | tr -dc '[:alnum:]\n\r' | tr '[:upper:]' '[:lower:]')" >> $GITHUB_OUTPUT
2022-12-27T11:22:37.6424250Z [36;1mecho "BUILD_NAME=$(echo lxml_1.3.5_3.9 | tr -dc '[:alnum:]\n\r' | tr '[:upper:]' '[:lower:]')" >> $GITHUB_OUTPUT[0m
2022-12-27T11:22:37.6437900Z shell: /bin/bash -e {0}
2022-12-27T11:22:37.6438050Z env:
2022-12-27T11:22:37.6438270Z   pythonLocation: /Users/runner/hostedtoolcache/Python/3.9.16/x64
2022-12-27T11:22:37.6438630Z   PKG_CONFIG_PATH: /Users/runner/hostedtoolcache/Python/3.9.16/x64/lib/pkgconfig
2022-12-27T11:22:37.6438880Z   Python_ROOT_DIR: /Users/runner/hostedtoolcache/Python/3.9.16/x64
2022-12-27T11:22:37.6439130Z   Python2_ROOT_DIR: /Users/runner/hostedtoolcache/Python/3.9.16/x64
2022-12-27T11:22:37.6439530Z   Python3_ROOT_DIR: /Users/runner/hostedtoolcache/Python/3.9.16/x64
2022-12-27T11:22:37.6439800Z ##[endgroup]
2022-12-27T11:22:37.6583840Z ##[group]Run echo "PYTHON_NO_DOTS=$(echo 3.9 | tr -dc '[:alnum:]\n\r' | tr '[:upper:]' '[:lower:]')" >> $GITHUB_OUTPUT
2022-12-27T11:22:37.6584300Z [36;1mecho "PYTHON_NO_DOTS=$(echo 3.9 | tr -dc '[:alnum:]\n\r' | tr '[:upper:]' '[:lower:]')" >> $GITHUB_OUTPUT[0m
2022-12-27T11:22:37.6597960Z shell: /bin/bash -e {0}
2022-12-27T11:22:37.6598110Z env:
2022-12-27T11:22:37.6598310Z   pythonLocation: /Users/runner/hostedtoolcache/Python/3.9.16/x64
2022-12-27T11:22:37.6598600Z   PKG_CONFIG_PATH: /Users/runner/hostedtoolcache/Python/3.9.16/x64/lib/pkgconfig
2022-12-27T11:22:37.6598820Z   Python_ROOT_DIR: /Users/runner/hostedtoolcache/Python/3.9.16/x64
2022-12-27T11:22:37.6599050Z   Python2_ROOT_DIR: /Users/runner/hostedtoolcache/Python/3.9.16/x64
2022-12-27T11:22:37.6599270Z   Python3_ROOT_DIR: /Users/runner/hostedtoolcache/Python/3.9.16/x64
2022-12-27T11:22:37.6599500Z ##[endgroup]
2022-12-27T11:22:37.6703980Z ##[group]Run rm -rf build_lxml13539
2022-12-27T11:22:37.6704330Z [36;1mrm -rf build_lxml13539[0m
2022-12-27T11:22:37.6704510Z [36;1mmkdir build_lxml13539[0m
2022-12-27T11:22:37.6704690Z [36;1mcd build_lxml13539[0m
2022-12-27T11:22:37.6705060Z [36;1m/usr/local/bin/wget --quiet https://files.pythonhosted.org/packages/e5/31/d34953640bcd05526de46e0a6aa77e694eb98f2d780b24dd8deb480147c4/lxml-1.3.5.tar.gz[0m
2022-12-27T11:22:37.6705320Z [36;1mtar xf *.tar.gz[0m
2022-12-27T11:22:37.6705480Z [36;1mcd *[0m
2022-12-27T11:22:37.6705640Z [36;1mpython -m pip install cibuildwheel==2.11.3[0m
2022-12-27T11:22:37.6705910Z [36;1mpython -m cibuildwheel --output-dir ../wheelsout[0m
2022-12-27T11:22:37.6719520Z shell: /bin/bash -e {0}
2022-12-27T11:22:37.6719670Z env:
2022-12-27T11:22:37.6719870Z   pythonLocation: /Users/runner/hostedtoolcache/Python/3.9.16/x64
2022-12-27T11:22:37.6720170Z   PKG_CONFIG_PATH: /Users/runner/hostedtoolcache/Python/3.9.16/x64/lib/pkgconfig
2022-12-27T11:22:37.6720440Z   Python_ROOT_DIR: /Users/runner/hostedtoolcache/Python/3.9.16/x64
2022-12-27T11:22:37.6720670Z   Python2_ROOT_DIR: /Users/runner/hostedtoolcache/Python/3.9.16/x64
2022-12-27T11:22:37.6720890Z   Python3_ROOT_DIR: /Users/runner/hostedtoolcache/Python/3.9.16/x64
2022-12-27T11:22:37.6721130Z   CIBW_ARCHS_MACOS: arm64
2022-12-27T11:22:37.6721270Z   CIBW_TEST_SKIP: *_arm64
2022-12-27T11:22:37.6721440Z   CIBW_BUILD: cp39-macosx_arm64
2022-12-27T11:22:37.6721620Z   CIBW_BUILD_FRONTEND: pip
2022-12-27T11:22:37.6721760Z   CIBW_BUILD_VERBOSITY: 3
2022-12-27T11:22:37.6722090Z   CIBW_ENVIRONMENT_MACOS:  CFLAGS="-I/usr/local/opt/openssl@3/include" LDFLAGS="-L/usr/local/opt/openssl@3/lib" CPPFLAGS="-I/usr/local/opt/openssl@3/include" MAKEFLAGS="-j$(sysctl -n hw.logicalcpu)" PATH=/usr/local/opt/ccache/libexec:$PATH
2022-12-27T11:22:37.6722440Z   CIBW_BEFORE_BUILD: pip install Cython; if [[ -f requirements.txt ]]; then pip install -r requirements.txt; fi
2022-12-27T11:22:37.6722670Z   MAKEFLAGS: -j$(sysctl -n hw.logicalcpu)
2022-12-27T11:22:37.6722820Z ##[endgroup]
2022-12-27T11:22:38.0497080Z Requirement already satisfied: cibuildwheel==2.11.3 in /Users/runner/hostedtoolcache/Python/3.9.16/x64/lib/python3.9/site-packages (2.11.3)
2022-12-27T11:22:38.0744880Z Requirement already satisfied: platformdirs in /Users/runner/hostedtoolcache/Python/3.9.16/x64/lib/python3.9/site-packages (from cibuildwheel==2.11.3) (2.6.0)
2022-12-27T11:22:38.0748020Z Requirement already satisfied: bracex in /Users/runner/hostedtoolcache/Python/3.9.16/x64/lib/python3.9/site-packages (from cibuildwheel==2.11.3) (2.3.post1)
2022-12-27T11:22:38.0751650Z Requirement already satisfied: filelock in /Users/runner/hostedtoolcache/Python/3.9.16/x64/lib/python3.9/site-packages (from cibuildwheel==2.11.3) (3.8.2)
2022-12-27T11:22:38.0756270Z Requirement already satisfied: packaging>=20.9 in /Users/runner/hostedtoolcache/Python/3.9.16/x64/lib/python3.9/site-packages (from cibuildwheel==2.11.3) (22.0)
2022-12-27T11:22:38.0759650Z Requirement already satisfied: certifi in /Users/runner/hostedtoolcache/Python/3.9.16/x64/lib/python3.9/site-packages (from cibuildwheel==2.11.3) (2022.12.7)
2022-12-27T11:22:38.0766150Z Requirement already satisfied: tomli in /Users/runner/hostedtoolcache/Python/3.9.16/x64/lib/python3.9/site-packages (from cibuildwheel==2.11.3) (2.0.1)
2022-12-27T11:22:38.0774950Z Requirement already satisfied: typing-extensions>=4.1.0 in /Users/runner/hostedtoolcache/Python/3.9.16/x64/lib/python3.9/site-packages (from cibuildwheel==2.11.3) (4.4.0)
2022-12-27T11:22:38.0779830Z Requirement already satisfied: bashlex!=0.13 in /Users/runner/hostedtoolcache/Python/3.9.16/x64/lib/python3.9/site-packages (from cibuildwheel==2.11.3) (0.16)
2022-12-27T11:22:38.2412220Z 
2022-12-27T11:22:38.2412590Z      _ _       _ _   _       _           _
2022-12-27T11:22:38.2413250Z  ___|_| |_ _ _|_| |_| |_ _ _| |_ ___ ___| |
2022-12-27T11:22:38.2414100Z |  _| | . | | | | | . | | | |   | -_| -_| |
2022-12-27T11:22:38.2414560Z |___|_|___|___|_|_|___|_____|_|_|___|___|_|
2022-12-27T11:22:38.2415340Z 
2022-12-27T11:22:38.2415500Z cibuildwheel version 2.11.3
2022-12-27T11:22:38.2415680Z 
2022-12-27T11:22:38.2415810Z Build options:
2022-12-27T11:22:38.2416120Z   platform: macos
2022-12-27T11:22:38.2447650Z   architectures: arm64[0m
2022-12-27T11:22:38.2448000Z   build_selector: 
2022-12-27T11:22:38.2448750Z     build_config: cp39-macosx_arm64
2022-12-27T11:22:38.2449280Z     skip_config: 
2022-12-27T11:22:38.2449540Z     requires_python: None
2022-12-27T11:22:38.2449880Z     prerelease_pythons: False[0m
2022-12-27T11:22:38.2450220Z   [38;5;244mcontainer_engine: docker[0m
2022-12-27T11:22:38.2450690Z   output_dir: /Users/runner/actions-runner/_work/python.build/python.build/build_lxml13539/wheelsout[0m
2022-12-27T11:22:38.2451270Z   package_dir: /Users/runner/actions-runner/_work/python.build/python.build/build_lxml13539/lxml-1.3.5[0m
2022-12-27T11:22:38.2451590Z   test_selector: 
2022-12-27T11:22:38.2451860Z     skip_config: *_arm64[0m
2022-12-27T11:22:38.2452160Z   [38;5;244mbefore_all: [0m
2022-12-27T11:22:38.2452690Z   before_build: pip install Cython; if [[ -f requirements.txt ]]; then pip install -r requirements.txt; fi[0m
2022-12-27T11:22:38.2453080Z   [38;5;244mbefore_test: [0m
2022-12-27T11:22:38.2453350Z   [38;5;244mbuild_frontend: pip[0m
2022-12-27T11:22:38.2453640Z   build_verbosity: 3[0m
2022-12-27T11:22:38.2453940Z   [38;5;244mconfig_settings: [0m
2022-12-27T11:22:38.2454280Z   [38;5;244mdependency_constraints: pinned[0m
2022-12-27T11:22:38.2454540Z   environment: 
2022-12-27T11:22:38.2454880Z     CFLAGS="-I/usr/local/opt/openssl@3/include"
2022-12-27T11:22:38.2455180Z     LDFLAGS="-L/usr/local/opt/openssl@3/lib"
2022-12-27T11:22:38.2455530Z     CPPFLAGS="-I/usr/local/opt/openssl@3/include"
2022-12-27T11:22:38.2455860Z     MAKEFLAGS="-j$(sysctl -n hw.logicalcpu)"
2022-12-27T11:22:38.2456120Z     PATH=/usr/local/opt/ccache/libexec:$PATH[0m
2022-12-27T11:22:38.2456400Z   [38;5;244mmanylinux_images: None[0m
2022-12-27T11:22:38.2456660Z   [38;5;244mmusllinux_images: None[0m
2022-12-27T11:22:38.2457000Z   [38;5;244mrepair_command: delocate-wheel --require-archs {delocate_archs} -w {dest_dir} -v {wheel}[0m
2022-12-27T11:22:38.2457650Z   [38;5;244mtest_command: [0m
2022-12-27T11:22:38.2457910Z   [38;5;244mtest_extras: [0m
2022-12-27T11:22:38.2458150Z   [38;5;244mtest_requires: [0m
2022-12-27T11:22:38.2458240Z 
2022-12-27T11:22:38.2458370Z Cache folder: /Users/runner/Library/Caches/cibuildwheel
2022-12-27T11:22:38.2464900Z 
2022-12-27T11:22:38.2465220Z Here we go!
2022-12-27T11:22:38.2465340Z 
2022-12-27T11:22:38.2516840Z 
2022-12-27T11:22:38.2517590Z [1m[34mBuilding cp39-macosx_arm64 wheel[0m
2022-12-27T11:22:38.2518230Z CPython 3.9 macOS arm64 - Apple Silicon
2022-12-27T11:22:38.2518400Z 
2022-12-27T11:22:38.2520310Z ##[group]Installing Python cp39...
2022-12-27T11:22:38.2520580Z 
2022-12-27T11:22:38.2520970Z + pkgutil --pkgs
2022-12-27T11:22:38.2618330Z ##[endgroup]
2022-12-27T11:22:38.2619340Z                                                               [32m✓ [0m0.01s
2022-12-27T11:22:38.2619920Z ##[group]Setting up build environment...
2022-12-27T11:22:38.2620140Z 
2022-12-27T11:22:38.2638140Z + /Users/runner/hostedtoolcache/Python/3.9.16/x64/bin/python -sS /Users/runner/Library/Caches/cibuildwheel/virtualenv-20.17.0.pyz --activators= --no-periodic-update --pip=22.3.1 --setuptools=65.6.3 --wheel=0.38.4 --symlink-app-data --python /Library/Frameworks/Python.framework/Versions/3.9/bin/python3 /private/var/folders/51/hd414ycd67n82196sw51xqtc0000gn/T/cibw-run-y0yr525v/cp39-macosx_arm64/build/venv
2022-12-27T11:22:38.4437830Z created virtual environment CPython3.9.13.final.0-64 in 45ms
2022-12-27T11:22:38.4438630Z   creator CPython3Posix(dest=/private/var/folders/51/hd414ycd67n82196sw51xqtc0000gn/T/cibw-run-y0yr525v/cp39-macosx_arm64/build/venv, clear=False, no_vcs_ignore=False, global=False)
2022-12-27T11:22:38.4439350Z   seeder FromAppData(download=False, pip=22.3.1, setuptools=65.6.3, wheel=0.38.4, via=symlink, app_data_dir=/Users/runner/Library/Application Support/virtualenv)
2022-12-27T11:22:38.4439690Z     added seed packages: pip==22.3.1, setuptools==65.6.3, wheel==0.38.4
2022-12-27T11:22:38.4548760Z + python -m pip install --upgrade pip -c /Users/runner/hostedtoolcache/Python/3.9.16/x64/lib/python3.9/site-packages/cibuildwheel/resources/constraints-python39.txt
2022-12-27T11:22:38.7453120Z Requirement already satisfied: pip in ./lib/python3.9/site-packages (22.3.1)
2022-12-27T11:22:38.8851580Z + which pip
2022-12-27T11:22:38.8870900Z /private/var/folders/51/hd414ycd67n82196sw51xqtc0000gn/T/cibw-run-y0yr525v/cp39-macosx_arm64/build/venv/bin/pip
2022-12-27T11:22:38.8872480Z + pip --version
2022-12-27T11:22:39.1028570Z pip 22.3.1 from /private/var/folders/51/hd414ycd67n82196sw51xqtc0000gn/T/cibw-run-y0yr525v/cp39-macosx_arm64/build/venv/lib/python3.9/site-packages/pip (python 3.9)
2022-12-27T11:22:39.1263330Z + which pip
2022-12-27T11:22:39.1292140Z + which python
2022-12-27T11:22:39.1312570Z /private/var/folders/51/hd414ycd67n82196sw51xqtc0000gn/T/cibw-run-y0yr525v/cp39-macosx_arm64/build/venv/bin/python
2022-12-27T11:22:39.1314870Z + python --version
2022-12-27T11:22:39.1363040Z Python 3.9.13
2022-12-27T11:22:39.1366090Z + which python
2022-12-27T11:22:39.1426440Z ##[endgroup]
2022-12-27T11:22:39.1427040Z                                                               [32m✓ [0m0.88s
2022-12-27T11:22:39.1427860Z ##[group]Installing build tools...
2022-12-27T11:22:39.1428030Z 
2022-12-27T11:22:39.1428530Z + pip install --upgrade setuptools wheel delocate -c /Users/runner/hostedtoolcache/Python/3.9.16/x64/lib/python3.9/site-packages/cibuildwheel/resources/constraints-python39.txt
2022-12-27T11:22:39.4340330Z Requirement already satisfied: setuptools in /private/var/folders/51/hd414ycd67n82196sw51xqtc0000gn/T/cibw-run-y0yr525v/cp39-macosx_arm64/build/venv/lib/python3.9/site-packages (65.6.3)
2022-12-27T11:22:39.6604380Z Requirement already satisfied: wheel in /private/var/folders/51/hd414ycd67n82196sw51xqtc0000gn/T/cibw-run-y0yr525v/cp39-macosx_arm64/build/venv/lib/python3.9/site-packages (0.38.4)
2022-12-27T11:22:39.7079890Z Collecting delocate
2022-12-27T11:22:39.7105970Z   Using cached delocate-0.10.3-py3-none-any.whl (142 kB)
2022-12-27T11:22:39.7416530Z Collecting packaging>=20.9
2022-12-27T11:22:39.7439940Z   Using cached packaging-21.3-py3-none-any.whl (40 kB)
2022-12-27T11:22:39.7620940Z Collecting typing-extensions
2022-12-27T11:22:39.7642820Z   Using cached typing_extensions-4.4.0-py3-none-any.whl (26 kB)
2022-12-27T11:22:39.8013250Z Collecting pyparsing!=3.0.5,>=2.0.2
2022-12-27T11:22:39.8034840Z   Using cached pyparsing-3.0.9-py3-none-any.whl (98 kB)
2022-12-27T11:22:39.8407790Z Installing collected packages: typing-extensions, pyparsing, packaging, delocate
2022-12-27T11:22:39.9850450Z Successfully installed delocate-0.10.3 packaging-21.3 pyparsing-3.0.9 typing-extensions-4.4.0
2022-12-27T11:22:40.0314120Z ##[endgroup]
2022-12-27T11:22:40.0314770Z                                                               [32m✓ [0m0.89s
2022-12-27T11:22:40.0315230Z ##[group]Running before_build...
2022-12-27T11:22:40.0315360Z 
2022-12-27T11:22:40.0320910Z + pip install Cython; if [[ -f requirements.txt ]]; then pip install -r requirements.txt; fi
2022-12-27T11:22:40.7297910Z Collecting Cython
2022-12-27T11:22:40.7345160Z   Using cached Cython-0.29.32-py2.py3-none-any.whl (986 kB)
2022-12-27T11:22:40.7772770Z Installing collected packages: Cython
2022-12-27T11:22:41.2441650Z Successfully installed Cython-0.29.32
2022-12-27T11:22:41.2890900Z ##[endgroup]
2022-12-27T11:22:41.2891790Z                                                               [32m✓ [0m1.26s
2022-12-27T11:22:41.2892210Z ##[group]Building wheel...
2022-12-27T11:22:41.2892360Z 
2022-12-27T11:22:41.2899980Z + python -m pip wheel /Users/runner/actions-runner/_work/python.build/python.build/build_lxml13539/lxml-1.3.5 --wheel-dir=/private/var/folders/51/hd414ycd67n82196sw51xqtc0000gn/T/cibw-run-y0yr525v/cp39-macosx_arm64/built_wheel --no-deps -vvv
2022-12-27T11:22:41.5581360Z Created temporary directory: /private/var/folders/51/hd414ycd67n82196sw51xqtc0000gn/T/pip-ephem-wheel-cache-0px1g82i
2022-12-27T11:22:41.5585450Z Created temporary directory: /private/var/folders/51/hd414ycd67n82196sw51xqtc0000gn/T/pip-build-tracker-0953v_dk
2022-12-27T11:22:41.5587170Z Initialized build tracking at /private/var/folders/51/hd414ycd67n82196sw51xqtc0000gn/T/pip-build-tracker-0953v_dk
2022-12-27T11:22:41.5589070Z Created build tracker: /private/var/folders/51/hd414ycd67n82196sw51xqtc0000gn/T/pip-build-tracker-0953v_dk
2022-12-27T11:22:41.5590480Z Entered build tracker: /private/var/folders/51/hd414ycd67n82196sw51xqtc0000gn/T/pip-build-tracker-0953v_dk
2022-12-27T11:22:41.5593530Z Created temporary directory: /private/var/folders/51/hd414ycd67n82196sw51xqtc0000gn/T/pip-wheel-b9t9n3_7
2022-12-27T11:22:41.5599760Z Created temporary directory: /private/var/folders/51/hd414ycd67n82196sw51xqtc0000gn/T/pip-ephem-wheel-cache-fv0sizs1
2022-12-27T11:22:41.5759120Z Processing /Users/runner/actions-runner/_work/python.build/python.build/build_lxml13539/lxml-1.3.5
2022-12-27T11:22:41.5764260Z   Added file:///Users/runner/actions-runner/_work/python.build/python.build/build_lxml13539/lxml-1.3.5 to build tracker '/private/var/folders/51/hd414ycd67n82196sw51xqtc0000gn/T/pip-build-tracker-0953v_dk'
2022-12-27T11:22:41.5767810Z   Running setup.py (path:/Users/runner/actions-runner/_work/python.build/python.build/build_lxml13539/lxml-1.3.5/setup.py) egg_info for package from file:///Users/runner/actions-runner/_work/python.build/python.build/build_lxml13539/lxml-1.3.5
2022-12-27T11:22:41.5771080Z   Created temporary directory: /private/var/folders/51/hd414ycd67n82196sw51xqtc0000gn/T/pip-pip-egg-info-_i1zij_o
2022-12-27T11:22:41.5772690Z   Preparing metadata (setup.py): started
2022-12-27T11:22:41.5774790Z   Running command python setup.py egg_info
2022-12-27T11:22:41.7294930Z   Traceback (most recent call last):
2022-12-27T11:22:41.7304260Z     File "<string>", line 2, in <module>
2022-12-27T11:22:41.7305040Z     File "<pip-setuptools-caller>", line 34, in <module>
2022-12-27T11:22:41.7305530Z     File "/Users/runner/actions-runner/_work/python.build/python.build/build_lxml13539/lxml-1.3.5/setup.py", line 7
2022-12-27T11:22:41.7306170Z       except pkg_resources.VersionConflict, e:
2022-12-27T11:22:41.7306350Z                                           ^
2022-12-27T11:22:41.7306600Z   SyntaxError: invalid syntax
2022-12-27T11:22:41.7461290Z   error: subprocess-exited-with-error
2022-12-27T11:22:41.7461710Z   
2022-12-27T11:22:41.7462180Z   × python setup.py egg_info did not run successfully.
2022-12-27T11:22:41.7462520Z   │ exit code: 1
2022-12-27T11:22:41.7462950Z   ╰─> See above for output.
2022-12-27T11:22:41.7463160Z   
2022-12-27T11:22:41.7463500Z   note: This error originates from a subprocess, and is likely not a problem with pip.
2022-12-27T11:22:41.7470720Z   full command: /private/var/folders/51/hd414ycd67n82196sw51xqtc0000gn/T/cibw-run-y0yr525v/cp39-macosx_arm64/build/venv/bin/python -c '
2022-12-27T11:22:41.7471560Z   exec(compile('"'"''"'"''"'"'
2022-12-27T11:22:41.7472240Z   # This is <pip-setuptools-caller> -- a caller that pip uses to run setup.py
2022-12-27T11:22:41.7472710Z   #
2022-12-27T11:22:41.7473190Z   # - It imports setuptools before invoking setup.py, to enable projects that directly
2022-12-27T11:22:41.7473850Z   #   import from `distutils.core` to work with newer packaging standards.
2022-12-27T11:22:41.7474630Z   # - It provides a clear error message when setuptools is not installed.
2022-12-27T11:22:41.7475230Z   # - It sets `sys.argv[0]` to the underlying `setup.py`, when invoking `setup.py` so
2022-12-27T11:22:41.7476090Z   #   setuptools doesn'"'"'t think the script is `-c`. This avoids the following warning:
2022-12-27T11:22:41.7476610Z   #     manifest_maker: standard file '"'"'-c'"'"' not found".
2022-12-27T11:22:41.7477200Z   # - It generates a shim setup.py, for handling setup.cfg-only projects.
2022-12-27T11:22:41.7477500Z   import os, sys, tokenize
2022-12-27T11:22:41.7477670Z   
2022-12-27T11:22:41.7478230Z   try:
2022-12-27T11:22:41.7478440Z       import setuptools
2022-12-27T11:22:41.7478630Z   except ImportError as error:
2022-12-27T11:22:41.7478850Z       print(
2022-12-27T11:22:41.7479120Z           "ERROR: Can not execute `setup.py` since setuptools is not available in "
2022-12-27T11:22:41.7479430Z           "the build environment.",
2022-12-27T11:22:41.7479620Z           file=sys.stderr,
2022-12-27T11:22:41.7479810Z       )
2022-12-27T11:22:41.7479990Z       sys.exit(1)
2022-12-27T11:22:41.7480150Z   
2022-12-27T11:22:41.7480370Z   __file__ = %r
2022-12-27T11:22:41.7480570Z   sys.argv[0] = __file__
2022-12-27T11:22:41.7480730Z   
2022-12-27T11:22:41.7480920Z   if os.path.exists(__file__):
2022-12-27T11:22:41.7481190Z       filename = __file__
2022-12-27T11:22:41.7481380Z       with tokenize.open(__file__) as f:
2022-12-27T11:22:41.7481620Z           setup_py_code = f.read()
2022-12-27T11:22:41.7481810Z   else:
2022-12-27T11:22:41.7482090Z       filename = "<auto-generated setuptools caller>"
2022-12-27T11:22:41.7482420Z       setup_py_code = "from setuptools import setup; setup()"
2022-12-27T11:22:41.7482650Z   
2022-12-27T11:22:41.7482830Z   exec(compile(setup_py_code, filename, "exec"))
2022-12-27T11:22:41.7483480Z   '"'"''"'"''"'"' % ('"'"'/Users/runner/actions-runner/_work/python.build/python.build/build_lxml13539/lxml-1.3.5/setup.py'"'"',), "<pip-setuptools-caller>", "exec"))' egg_info --egg-base /private/var/folders/51/hd414ycd67n82196sw51xqtc0000gn/T/pip-pip-egg-info-_i1zij_o
2022-12-27T11:22:41.7484070Z   cwd: /Users/runner/actions-runner/_work/python.build/python.build/build_lxml13539/lxml-1.3.5/
2022-12-27T11:22:41.7484490Z   Preparing metadata (setup.py): finished with status 'error'
2022-12-27T11:22:41.7489330Z error: metadata-generation-failed
2022-12-27T11:22:41.7489460Z 
2022-12-27T11:22:41.7489640Z × Encountered error while generating package metadata.
2022-12-27T11:22:41.7489970Z ╰─> See above for output.
2022-12-27T11:22:41.7490070Z 
2022-12-27T11:22:41.7490300Z note: This is an issue with the package mentioned above, not pip.
2022-12-27T11:22:41.7490520Z hint: See above for details.
2022-12-27T11:22:41.7515170Z Exception information:
2022-12-27T11:22:41.7515790Z Traceback (most recent call last):
2022-12-27T11:22:41.7517300Z   File "/private/var/folders/51/hd414ycd67n82196sw51xqtc0000gn/T/cibw-run-y0yr525v/cp39-macosx_arm64/build/venv/lib/python3.9/site-packages/pip/_internal/operations/build/metadata_legacy.py", line 64, in generate_metadata
2022-12-27T11:22:41.7518460Z     call_subprocess(
2022-12-27T11:22:41.7519780Z   File "/private/var/folders/51/hd414ycd67n82196sw51xqtc0000gn/T/cibw-run-y0yr525v/cp39-macosx_arm64/build/venv/lib/python3.9/site-packages/pip/_internal/utils/subprocess.py", line 224, in call_subprocess
2022-12-27T11:22:41.7520360Z     raise error
2022-12-27T11:22:41.7520920Z pip._internal.exceptions.InstallationSubprocessError: python setup.py egg_info exited with 1
2022-12-27T11:22:41.7521480Z 
2022-12-27T11:22:41.7521770Z The above exception was the direct cause of the following exception:
2022-12-27T11:22:41.7522070Z 
2022-12-27T11:22:41.7522250Z Traceback (most recent call last):
2022-12-27T11:22:41.7523490Z   File "/private/var/folders/51/hd414ycd67n82196sw51xqtc0000gn/T/cibw-run-y0yr525v/cp39-macosx_arm64/build/venv/lib/python3.9/site-packages/pip/_internal/cli/base_command.py", line 160, in exc_logging_wrapper
2022-12-27T11:22:41.7524080Z     status = run_func(*args)
2022-12-27T11:22:41.7524770Z   File "/private/var/folders/51/hd414ycd67n82196sw51xqtc0000gn/T/cibw-run-y0yr525v/cp39-macosx_arm64/build/venv/lib/python3.9/site-packages/pip/_internal/cli/req_command.py", line 247, in wrapper
2022-12-27T11:22:41.7525160Z     return func(self, options, args)
2022-12-27T11:22:41.7525700Z   File "/private/var/folders/51/hd414ycd67n82196sw51xqtc0000gn/T/cibw-run-y0yr525v/cp39-macosx_arm64/build/venv/lib/python3.9/site-packages/pip/_internal/commands/wheel.py", line 170, in run
2022-12-27T11:22:41.7526280Z     requirement_set = resolver.resolve(reqs, check_supported_wheels=True)
2022-12-27T11:22:41.7527140Z   File "/private/var/folders/51/hd414ycd67n82196sw51xqtc0000gn/T/cibw-run-y0yr525v/cp39-macosx_arm64/build/venv/lib/python3.9/site-packages/pip/_internal/resolution/resolvelib/resolver.py", line 73, in resolve
2022-12-27T11:22:41.7527600Z     collected = self.factory.collect_root_requirements(root_reqs)
2022-12-27T11:22:41.7528320Z   File "/private/var/folders/51/hd414ycd67n82196sw51xqtc0000gn/T/cibw-run-y0yr525v/cp39-macosx_arm64/build/venv/lib/python3.9/site-packages/pip/_internal/resolution/resolvelib/factory.py", line 491, in collect_root_requirements
2022-12-27T11:22:41.7528820Z     req = self._make_requirement_from_install_req(
2022-12-27T11:22:41.7529460Z   File "/private/var/folders/51/hd414ycd67n82196sw51xqtc0000gn/T/cibw-run-y0yr525v/cp39-macosx_arm64/build/venv/lib/python3.9/site-packages/pip/_internal/resolution/resolvelib/factory.py", line 453, in _make_requirement_from_install_req
2022-12-27T11:22:41.7529870Z     cand = self._make_candidate_from_link(
2022-12-27T11:22:41.7530470Z   File "/private/var/folders/51/hd414ycd67n82196sw51xqtc0000gn/T/cibw-run-y0yr525v/cp39-macosx_arm64/build/venv/lib/python3.9/site-packages/pip/_internal/resolution/resolvelib/factory.py", line 206, in _make_candidate_from_link
2022-12-27T11:22:41.7530890Z     self._link_candidate_cache[link] = LinkCandidate(
2022-12-27T11:22:41.7531540Z   File "/private/var/folders/51/hd414ycd67n82196sw51xqtc0000gn/T/cibw-run-y0yr525v/cp39-macosx_arm64/build/venv/lib/python3.9/site-packages/pip/_internal/resolution/resolvelib/candidates.py", line 297, in __init__
2022-12-27T11:22:41.7531910Z     super().__init__(
2022-12-27T11:22:41.7532440Z   File "/private/var/folders/51/hd414ycd67n82196sw51xqtc0000gn/T/cibw-run-y0yr525v/cp39-macosx_arm64/build/venv/lib/python3.9/site-packages/pip/_internal/resolution/resolvelib/candidates.py", line 162, in __init__
2022-12-27T11:22:41.7532830Z     self.dist = self._prepare()
2022-12-27T11:22:41.7533620Z   File "/private/var/folders/51/hd414ycd67n82196sw51xqtc0000gn/T/cibw-run-y0yr525v/cp39-macosx_arm64/build/venv/lib/python3.9/site-packages/pip/_internal/resolution/resolvelib/candidates.py", line 231, in _prepare
2022-12-27T11:22:41.7534010Z     dist = self._prepare_distribution()
2022-12-27T11:22:41.7534820Z   File "/private/var/folders/51/hd414ycd67n82196sw51xqtc0000gn/T/cibw-run-y0yr525v/cp39-macosx_arm64/build/venv/lib/python3.9/site-packages/pip/_internal/resolution/resolvelib/candidates.py", line 308, in _prepare_distribution
2022-12-27T11:22:41.7535220Z     return preparer.prepare_linked_requirement(self._ireq, parallel_builds=True)
2022-12-27T11:22:41.7535690Z   File "/private/var/folders/51/hd414ycd67n82196sw51xqtc0000gn/T/cibw-run-y0yr525v/cp39-macosx_arm64/build/venv/lib/python3.9/site-packages/pip/_internal/operations/prepare.py", line 491, in prepare_linked_requirement
2022-12-27T11:22:41.7536070Z     return self._prepare_linked_requirement(req, parallel_builds)
2022-12-27T11:22:41.7536530Z   File "/private/var/folders/51/hd414ycd67n82196sw51xqtc0000gn/T/cibw-run-y0yr525v/cp39-macosx_arm64/build/venv/lib/python3.9/site-packages/pip/_internal/operations/prepare.py", line 577, in _prepare_linked_requirement
2022-12-27T11:22:41.7536820Z     dist = _get_prepared_distribution(
2022-12-27T11:22:41.7537250Z   File "/private/var/folders/51/hd414ycd67n82196sw51xqtc0000gn/T/cibw-run-y0yr525v/cp39-macosx_arm64/build/venv/lib/python3.9/site-packages/pip/_internal/operations/prepare.py", line 69, in _get_prepared_distribution
2022-12-27T11:22:41.7537580Z     abstract_dist.prepare_distribution_metadata(
2022-12-27T11:22:41.7538030Z   File "/private/var/folders/51/hd414ycd67n82196sw51xqtc0000gn/T/cibw-run-y0yr525v/cp39-macosx_arm64/build/venv/lib/python3.9/site-packages/pip/_internal/distributions/sdist.py", line 61, in prepare_distribution_metadata
2022-12-27T11:22:41.7538330Z     self.req.prepare_metadata()
2022-12-27T11:22:41.7538870Z   File "/private/var/folders/51/hd414ycd67n82196sw51xqtc0000gn/T/cibw-run-y0yr525v/cp39-macosx_arm64/build/venv/lib/python3.9/site-packages/pip/_internal/req/req_install.py", line 541, in prepare_metadata
2022-12-27T11:22:41.7539260Z     self.metadata_directory = generate_metadata_legacy(
2022-12-27T11:22:41.7539710Z   File "/private/var/folders/51/hd414ycd67n82196sw51xqtc0000gn/T/cibw-run-y0yr525v/cp39-macosx_arm64/build/venv/lib/python3.9/site-packages/pip/_internal/operations/build/metadata_legacy.py", line 71, in generate_metadata
2022-12-27T11:22:41.7540030Z     raise MetadataGenerationFailed(package_details=details) from error
2022-12-27T11:22:41.7540310Z pip._internal.exceptions.MetadataGenerationFailed: metadata generation failed
2022-12-27T11:22:41.7540780Z Removed file:///Users/runner/actions-runner/_work/python.build/python.build/build_lxml13539/lxml-1.3.5 from build tracker '/private/var/folders/51/hd414ycd67n82196sw51xqtc0000gn/T/pip-build-tracker-0953v_dk'
2022-12-27T11:22:41.7541250Z Removed build tracker: '/private/var/folders/51/hd414ycd67n82196sw51xqtc0000gn/T/pip-build-tracker-0953v_dk'
2022-12-27T11:22:41.7934810Z ##[endgroup]
2022-12-27T11:22:41.7958950Z ##[error]Command ['python', '-m', 'pip', 'wheel', '/Users/runner/actions-runner/_work/python.build/python.build/build_lxml13539/lxml-1.3.5', '--wheel-dir=/private/var/folders/51/hd414ycd67n82196sw51xqtc0000gn/T/cibw-run-y0yr525v/cp39-macosx_arm64/built_wheel', '--no-deps', '-vvv'] failed with code 1. None
2022-12-27T11:22:41.7964920Z 
2022-12-27T11:22:41.7965380Z                                                               [31m✕ [0m0.50s
2022-12-27T11:22:41.8463540Z ##[error]Process completed with exit code 1.
2022-12-27T11:22:41.8495290Z ##[group]Run rm -rf build_lxml13539 wheelsout
2022-12-27T11:22:41.8495480Z [36;1mrm -rf build_lxml13539 wheelsout[0m
2022-12-27T11:22:41.8510450Z shell: /bin/bash -e {0}
2022-12-27T11:22:41.8510630Z env:
2022-12-27T11:22:41.8510830Z   pythonLocation: /Users/runner/hostedtoolcache/Python/3.9.16/x64
2022-12-27T11:22:41.8511040Z   PKG_CONFIG_PATH: /Users/runner/hostedtoolcache/Python/3.9.16/x64/lib/pkgconfig
2022-12-27T11:22:41.8511340Z   Python_ROOT_DIR: /Users/runner/hostedtoolcache/Python/3.9.16/x64
2022-12-27T11:22:41.8511560Z   Python2_ROOT_DIR: /Users/runner/hostedtoolcache/Python/3.9.16/x64
2022-12-27T11:22:41.8511910Z   Python3_ROOT_DIR: /Users/runner/hostedtoolcache/Python/3.9.16/x64
2022-12-27T11:22:41.8512090Z ##[endgroup]
2022-12-27T11:22:41.8861550Z Cleaning up orphan processes
