2022-12-27T08:57:31.9653771Z Requested labels: self-hosted, macOS, X64
2022-12-27T08:57:31.9653878Z Job defined at: kilnbuild/python.build/.github/workflows/mac_arm_build.yml@refs/heads/main
2022-12-27T08:57:31.9653907Z Waiting for a runner to pick up this job...
2022-12-27T11:39:52.7943194Z Job is about to start running on the runner: k1 (organization)
2022-12-27T11:39:55.5877600Z Current runner version: '2.300.2'
2022-12-27T11:39:55.5882200Z Runner name: 'k1'
2022-12-27T11:39:55.5882430Z Runner group name: 'Default'
2022-12-27T11:39:55.5882830Z Machine name: 'k1'
2022-12-27T11:39:55.5884260Z ##[group]GITHUB_TOKEN Permissions
2022-12-27T11:39:55.5884650Z Actions: write
2022-12-27T11:39:55.5884780Z Checks: write
2022-12-27T11:39:55.5884910Z Contents: write
2022-12-27T11:39:55.5885040Z Deployments: write
2022-12-27T11:39:55.5885170Z Discussions: write
2022-12-27T11:39:55.5885300Z Issues: write
2022-12-27T11:39:55.5885420Z Metadata: read
2022-12-27T11:39:55.5885540Z Packages: write
2022-12-27T11:39:55.5885670Z Pages: write
2022-12-27T11:39:55.5885790Z PullRequests: write
2022-12-27T11:39:55.5885940Z RepositoryProjects: write
2022-12-27T11:39:55.5886100Z SecurityEvents: write
2022-12-27T11:39:55.5886240Z Statuses: write
2022-12-27T11:39:55.5886360Z ##[endgroup]
2022-12-27T11:39:55.5888650Z Secret source: Actions
2022-12-27T11:39:55.5888960Z Prepare workflow directory
2022-12-27T11:39:55.6517620Z Prepare all required actions
2022-12-27T11:39:55.6630040Z Getting action download info
2022-12-27T11:39:56.0752230Z Download action repository 'actions/setup-python@v4' (SHA:5ccb29d8773c3f3f653e1705f474dfaa8a06a912)
2022-12-27T11:39:58.3717470Z Download action repository 'actions/upload-artifact@v3' (SHA:83fd05a356d7e2593de66fc9913b3002723633cb)
2022-12-27T11:39:59.6732270Z ##[group]Run echo '{
2022-12-27T11:39:59.6732500Z [36;1mecho '{[0m
2022-12-27T11:39:59.6732620Z [36;1m  "package_name": "lxml",[0m
2022-12-27T11:39:59.6732850Z [36;1m  "package_url": "https://files.pythonhosted.org/packages/13/99/682edea21944d8760b0e02adbd90cbd2cf041a373ccc1c7d30c05e72724a/lxml-3.3.1.tar.gz",[0m
2022-12-27T11:39:59.6733130Z [36;1m  "package_version": "3.3.1",[0m
2022-12-27T11:39:59.6733260Z [36;1m  "python_version": "3.8",[0m
2022-12-27T11:39:59.6733370Z [36;1m  "use_ccache": "true"[0m
2022-12-27T11:39:59.6733480Z [36;1m}'[0m
2022-12-27T11:39:59.6748800Z shell: /bin/bash -e {0}
2022-12-27T11:39:59.6748950Z ##[endgroup]
2022-12-27T11:39:59.6968370Z {
2022-12-27T11:39:59.6969750Z   "package_name": "lxml",
2022-12-27T11:39:59.6970420Z   "package_url": "https://files.pythonhosted.org/packages/13/99/682edea21944d8760b0e02adbd90cbd2cf041a373ccc1c7d30c05e72724a/lxml-3.3.1.tar.gz",
2022-12-27T11:39:59.6970740Z   "package_version": "3.3.1",
2022-12-27T11:39:59.6970940Z   "python_version": "3.8",
2022-12-27T11:39:59.6971110Z   "use_ccache": "true"
2022-12-27T11:39:59.6971260Z }
2022-12-27T11:39:59.7178020Z ##[group]Run actions/setup-python@v4
2022-12-27T11:39:59.7178320Z with:
2022-12-27T11:39:59.7178510Z   python-version: 3.8
2022-12-27T11:39:59.7178660Z   check-latest: false
2022-12-27T11:39:59.7178930Z   token: ***
2022-12-27T11:39:59.7179160Z   update-environment: true
2022-12-27T11:39:59.7179340Z ##[endgroup]
2022-12-27T11:39:59.8424370Z ##[group]Installed versions
2022-12-27T11:39:59.8529010Z Successfully set up CPython (3.8.15)
2022-12-27T11:39:59.8529760Z ##[endgroup]
2022-12-27T11:39:59.8671650Z ##[group]Run if [ "true" == "true" ]
2022-12-27T11:39:59.8672000Z [36;1mif [ "true" == "true" ][0m
2022-12-27T11:39:59.8672160Z [36;1mthen[0m
2022-12-27T11:39:59.8672350Z [36;1m  echo "CCACHE_PATH_PREPEND=/usr/local/opt/ccache/libexec" >> $GITHUB_OUTPUT[0m
2022-12-27T11:39:59.8672760Z [36;1melse[0m
2022-12-27T11:39:59.8672960Z [36;1m  echo "CCACHE_PATH_PREPEND=" >> $GITHUB_OUTPUT[0m
2022-12-27T11:39:59.8673110Z [36;1mfi[0m
2022-12-27T11:39:59.8689310Z shell: /bin/bash -e {0}
2022-12-27T11:39:59.8689510Z env:
2022-12-27T11:39:59.8689700Z   pythonLocation: /Users/runner/hostedtoolcache/Python/3.8.15/x64
2022-12-27T11:39:59.8689960Z   PKG_CONFIG_PATH: /Users/runner/hostedtoolcache/Python/3.8.15/x64/lib/pkgconfig
2022-12-27T11:39:59.8690210Z   Python_ROOT_DIR: /Users/runner/hostedtoolcache/Python/3.8.15/x64
2022-12-27T11:39:59.8690500Z   Python2_ROOT_DIR: /Users/runner/hostedtoolcache/Python/3.8.15/x64
2022-12-27T11:39:59.8690770Z   Python3_ROOT_DIR: /Users/runner/hostedtoolcache/Python/3.8.15/x64
2022-12-27T11:39:59.8691340Z ##[endgroup]
2022-12-27T11:39:59.8800760Z ##[group]Run echo "BUILD_NAME=$(echo lxml_3.3.1_3.8 | tr -dc '[:alnum:]\n\r' | tr '[:upper:]' '[:lower:]')" >> $GITHUB_OUTPUT
2022-12-27T11:39:59.8801220Z [36;1mecho "BUILD_NAME=$(echo lxml_3.3.1_3.8 | tr -dc '[:alnum:]\n\r' | tr '[:upper:]' '[:lower:]')" >> $GITHUB_OUTPUT[0m
2022-12-27T11:39:59.8816060Z shell: /bin/bash -e {0}
2022-12-27T11:39:59.8816250Z env:
2022-12-27T11:39:59.8816470Z   pythonLocation: /Users/runner/hostedtoolcache/Python/3.8.15/x64
2022-12-27T11:39:59.8816820Z   PKG_CONFIG_PATH: /Users/runner/hostedtoolcache/Python/3.8.15/x64/lib/pkgconfig
2022-12-27T11:39:59.8817050Z   Python_ROOT_DIR: /Users/runner/hostedtoolcache/Python/3.8.15/x64
2022-12-27T11:39:59.8817300Z   Python2_ROOT_DIR: /Users/runner/hostedtoolcache/Python/3.8.15/x64
2022-12-27T11:39:59.8817530Z   Python3_ROOT_DIR: /Users/runner/hostedtoolcache/Python/3.8.15/x64
2022-12-27T11:39:59.8817700Z ##[endgroup]
2022-12-27T11:39:59.8976740Z ##[group]Run echo "PYTHON_NO_DOTS=$(echo 3.8 | tr -dc '[:alnum:]\n\r' | tr '[:upper:]' '[:lower:]')" >> $GITHUB_OUTPUT
2022-12-27T11:39:59.8977130Z [36;1mecho "PYTHON_NO_DOTS=$(echo 3.8 | tr -dc '[:alnum:]\n\r' | tr '[:upper:]' '[:lower:]')" >> $GITHUB_OUTPUT[0m
2022-12-27T11:39:59.8990340Z shell: /bin/bash -e {0}
2022-12-27T11:39:59.8990540Z env:
2022-12-27T11:39:59.8990750Z   pythonLocation: /Users/runner/hostedtoolcache/Python/3.8.15/x64
2022-12-27T11:39:59.8991080Z   PKG_CONFIG_PATH: /Users/runner/hostedtoolcache/Python/3.8.15/x64/lib/pkgconfig
2022-12-27T11:39:59.8991700Z   Python_ROOT_DIR: /Users/runner/hostedtoolcache/Python/3.8.15/x64
2022-12-27T11:39:59.8991960Z   Python2_ROOT_DIR: /Users/runner/hostedtoolcache/Python/3.8.15/x64
2022-12-27T11:39:59.8992180Z   Python3_ROOT_DIR: /Users/runner/hostedtoolcache/Python/3.8.15/x64
2022-12-27T11:39:59.8992370Z ##[endgroup]
2022-12-27T11:39:59.9112760Z ##[group]Run rm -rf build_lxml33138
2022-12-27T11:39:59.9113210Z [36;1mrm -rf build_lxml33138[0m
2022-12-27T11:39:59.9113370Z [36;1mmkdir build_lxml33138[0m
2022-12-27T11:39:59.9113590Z [36;1mcd build_lxml33138[0m
2022-12-27T11:39:59.9113960Z [36;1m/usr/local/bin/wget --quiet https://files.pythonhosted.org/packages/13/99/682edea21944d8760b0e02adbd90cbd2cf041a373ccc1c7d30c05e72724a/lxml-3.3.1.tar.gz[0m
2022-12-27T11:39:59.9114230Z [36;1mtar xf *.tar.gz[0m
2022-12-27T11:39:59.9114360Z [36;1mcd *[0m
2022-12-27T11:39:59.9114610Z [36;1mpython -m pip install cibuildwheel==2.11.3[0m
2022-12-27T11:39:59.9114930Z [36;1mpython -m cibuildwheel --output-dir ../wheelsout[0m
2022-12-27T11:39:59.9128750Z shell: /bin/bash -e {0}
2022-12-27T11:39:59.9128940Z env:
2022-12-27T11:39:59.9129170Z   pythonLocation: /Users/runner/hostedtoolcache/Python/3.8.15/x64
2022-12-27T11:39:59.9129490Z   PKG_CONFIG_PATH: /Users/runner/hostedtoolcache/Python/3.8.15/x64/lib/pkgconfig
2022-12-27T11:39:59.9129770Z   Python_ROOT_DIR: /Users/runner/hostedtoolcache/Python/3.8.15/x64
2022-12-27T11:39:59.9129980Z   Python2_ROOT_DIR: /Users/runner/hostedtoolcache/Python/3.8.15/x64
2022-12-27T11:39:59.9130210Z   Python3_ROOT_DIR: /Users/runner/hostedtoolcache/Python/3.8.15/x64
2022-12-27T11:39:59.9130460Z   CIBW_ARCHS_MACOS: arm64
2022-12-27T11:39:59.9130610Z   CIBW_TEST_SKIP: *_arm64
2022-12-27T11:39:59.9130800Z   CIBW_BUILD: cp38-macosx_arm64
2022-12-27T11:39:59.9130980Z   CIBW_BUILD_FRONTEND: pip
2022-12-27T11:39:59.9131130Z   CIBW_BUILD_VERBOSITY: 3
2022-12-27T11:39:59.9131490Z   CIBW_ENVIRONMENT_MACOS:  CFLAGS="-I/usr/local/opt/openssl@3/include" LDFLAGS="-L/usr/local/opt/openssl@3/lib" CPPFLAGS="-I/usr/local/opt/openssl@3/include" MAKEFLAGS="-j$(sysctl -n hw.logicalcpu)" PATH=/usr/local/opt/ccache/libexec:$PATH
2022-12-27T11:39:59.9131860Z   CIBW_BEFORE_BUILD: pip install Cython; if [[ -f requirements.txt ]]; then pip install -r requirements.txt; fi
2022-12-27T11:39:59.9132100Z   MAKEFLAGS: -j$(sysctl -n hw.logicalcpu)
2022-12-27T11:39:59.9132290Z ##[endgroup]
2022-12-27T11:40:00.4091490Z Requirement already satisfied: cibuildwheel==2.11.3 in /Users/runner/hostedtoolcache/Python/3.8.15/x64/lib/python3.8/site-packages (2.11.3)
2022-12-27T11:40:00.4412930Z Requirement already satisfied: platformdirs in /Users/runner/hostedtoolcache/Python/3.8.15/x64/lib/python3.8/site-packages (from cibuildwheel==2.11.3) (2.6.0)
2022-12-27T11:40:00.4416140Z Requirement already satisfied: bracex in /Users/runner/hostedtoolcache/Python/3.8.15/x64/lib/python3.8/site-packages (from cibuildwheel==2.11.3) (2.3.post1)
2022-12-27T11:40:00.4419230Z Requirement already satisfied: certifi in /Users/runner/hostedtoolcache/Python/3.8.15/x64/lib/python3.8/site-packages (from cibuildwheel==2.11.3) (2022.12.7)
2022-12-27T11:40:00.4425190Z Requirement already satisfied: tomli in /Users/runner/hostedtoolcache/Python/3.8.15/x64/lib/python3.8/site-packages (from cibuildwheel==2.11.3) (2.0.1)
2022-12-27T11:40:00.4429840Z Requirement already satisfied: bashlex!=0.13 in /Users/runner/hostedtoolcache/Python/3.8.15/x64/lib/python3.8/site-packages (from cibuildwheel==2.11.3) (0.16)
2022-12-27T11:40:00.4439060Z Requirement already satisfied: typing-extensions>=4.1.0 in /Users/runner/hostedtoolcache/Python/3.8.15/x64/lib/python3.8/site-packages (from cibuildwheel==2.11.3) (4.4.0)
2022-12-27T11:40:00.4443700Z Requirement already satisfied: packaging>=20.9 in /Users/runner/hostedtoolcache/Python/3.8.15/x64/lib/python3.8/site-packages (from cibuildwheel==2.11.3) (22.0)
2022-12-27T11:40:00.4447170Z Requirement already satisfied: filelock in /Users/runner/hostedtoolcache/Python/3.8.15/x64/lib/python3.8/site-packages (from cibuildwheel==2.11.3) (3.8.2)
2022-12-27T11:40:00.6212640Z 
2022-12-27T11:40:00.6212880Z      _ _       _ _   _       _           _
2022-12-27T11:40:00.6213370Z  ___|_| |_ _ _|_| |_| |_ _ _| |_ ___ ___| |
2022-12-27T11:40:00.6214620Z |  _| | . | | | | | . | | | |   | -_| -_| |
2022-12-27T11:40:00.6214950Z |___|_|___|___|_|_|___|_____|_|_|___|___|_|
2022-12-27T11:40:00.6215790Z 
2022-12-27T11:40:00.6215900Z cibuildwheel version 2.11.3
2022-12-27T11:40:00.6216160Z 
2022-12-27T11:40:00.6216280Z Build options:
2022-12-27T11:40:00.6216640Z   platform: macos
2022-12-27T11:40:00.6354460Z   architectures: arm64[0m
2022-12-27T11:40:00.6355100Z   build_selector: 
2022-12-27T11:40:00.6356090Z     build_config: cp38-macosx_arm64
2022-12-27T11:40:00.6356540Z     skip_config: 
2022-12-27T11:40:00.6356760Z     requires_python: None
2022-12-27T11:40:00.6357140Z     prerelease_pythons: False[0m
2022-12-27T11:40:00.6357500Z   [38;5;244mcontainer_engine: docker[0m
2022-12-27T11:40:00.6357940Z   output_dir: /Users/runner/actions-runner/_work/python.build/python.build/build_lxml33138/wheelsout[0m
2022-12-27T11:40:00.6358550Z   package_dir: /Users/runner/actions-runner/_work/python.build/python.build/build_lxml33138/lxml-3.3.1[0m
2022-12-27T11:40:00.6358900Z   test_selector: 
2022-12-27T11:40:00.6359200Z     skip_config: *_arm64[0m
2022-12-27T11:40:00.6359590Z   [38;5;244mbefore_all: [0m
2022-12-27T11:40:00.6360540Z   before_build: pip install Cython; if [[ -f requirements.txt ]]; then pip install -r requirements.txt; fi[0m
2022-12-27T11:40:00.6361220Z   [38;5;244mbefore_test: [0m
2022-12-27T11:40:00.6361510Z   [38;5;244mbuild_frontend: pip[0m
2022-12-27T11:40:00.6361820Z   build_verbosity: 3[0m
2022-12-27T11:40:00.6362190Z   [38;5;244mconfig_settings: [0m
2022-12-27T11:40:00.6362510Z   [38;5;244mdependency_constraints: pinned[0m
2022-12-27T11:40:00.6362830Z   environment: 
2022-12-27T11:40:00.6363170Z     CFLAGS="-I/usr/local/opt/openssl@3/include"
2022-12-27T11:40:00.6363500Z     LDFLAGS="-L/usr/local/opt/openssl@3/lib"
2022-12-27T11:40:00.6363880Z     CPPFLAGS="-I/usr/local/opt/openssl@3/include"
2022-12-27T11:40:00.6364310Z     MAKEFLAGS="-j$(sysctl -n hw.logicalcpu)"
2022-12-27T11:40:00.6364650Z     PATH=/usr/local/opt/ccache/libexec:$PATH[0m
2022-12-27T11:40:00.6365000Z   [38;5;244mmanylinux_images: None[0m
2022-12-27T11:40:00.6365320Z   [38;5;244mmusllinux_images: None[0m
2022-12-27T11:40:00.6365790Z   [38;5;244mrepair_command: delocate-wheel --require-archs {delocate_archs} -w {dest_dir} -v {wheel}[0m
2022-12-27T11:40:00.6366500Z   [38;5;244mtest_command: [0m
2022-12-27T11:40:00.6366790Z   [38;5;244mtest_extras: [0m
2022-12-27T11:40:00.6367100Z   [38;5;244mtest_requires: [0m
2022-12-27T11:40:00.6367220Z 
2022-12-27T11:40:00.6367370Z Cache folder: /Users/runner/Library/Caches/cibuildwheel
2022-12-27T11:40:00.6372660Z 
2022-12-27T11:40:00.6372880Z Here we go!
2022-12-27T11:40:00.6373060Z 
2022-12-27T11:40:00.6494300Z 
2022-12-27T11:40:00.6494730Z [1m[34mBuilding cp38-macosx_arm64 wheel[0m
2022-12-27T11:40:00.6495210Z CPython 3.8 macOS arm64 - Apple Silicon
2022-12-27T11:40:00.6495410Z 
2022-12-27T11:40:00.6498170Z ##[group]Installing Python cp38...
2022-12-27T11:40:00.6498380Z 
2022-12-27T11:40:00.6499000Z + pkgutil --pkgs
2022-12-27T11:40:00.6602160Z ##[endgroup]
2022-12-27T11:40:00.6603040Z                                                               [32m✓ [0m0.01s
2022-12-27T11:40:00.6603460Z ##[group]Setting up build environment...
2022-12-27T11:40:00.6603600Z 
2022-12-27T11:40:00.6622550Z + /Users/runner/hostedtoolcache/Python/3.8.15/x64/bin/python -sS /Users/runner/Library/Caches/cibuildwheel/virtualenv-20.17.0.pyz --activators= --no-periodic-update --pip=22.3.1 --setuptools=65.6.3 --wheel=0.38.4 --symlink-app-data --python /Library/Frameworks/Python.framework/Versions/3.8/bin/python3 /private/var/folders/51/hd414ycd67n82196sw51xqtc0000gn/T/cibw-run-n1zodojk/cp38-macosx_arm64/build/venv
2022-12-27T11:40:00.8547420Z created virtual environment CPython3.8.10.final.0-64 in 52ms
2022-12-27T11:40:00.8548130Z   creator CPython3Posix(dest=/private/var/folders/51/hd414ycd67n82196sw51xqtc0000gn/T/cibw-run-n1zodojk/cp38-macosx_arm64/build/venv, clear=False, no_vcs_ignore=False, global=False)
2022-12-27T11:40:00.8548930Z   seeder FromAppData(download=False, pip=22.3.1, setuptools=65.6.3, wheel=0.38.4, via=symlink, app_data_dir=/Users/runner/Library/Application Support/virtualenv)
2022-12-27T11:40:00.8549310Z     added seed packages: pip==22.3.1, setuptools==65.6.3, wheel==0.38.4
2022-12-27T11:40:00.8677700Z + python -m pip install --upgrade pip -c /Users/runner/hostedtoolcache/Python/3.8.15/x64/lib/python3.8/site-packages/cibuildwheel/resources/constraints-python38.txt
2022-12-27T11:40:01.1666380Z Requirement already satisfied: pip in ./lib/python3.8/site-packages (22.3.1)
2022-12-27T11:40:01.3143750Z + which pip
2022-12-27T11:40:01.3165850Z /private/var/folders/51/hd414ycd67n82196sw51xqtc0000gn/T/cibw-run-n1zodojk/cp38-macosx_arm64/build/venv/bin/pip
2022-12-27T11:40:01.3168130Z + pip --version
2022-12-27T11:40:01.5391380Z pip 22.3.1 from /private/var/folders/51/hd414ycd67n82196sw51xqtc0000gn/T/cibw-run-n1zodojk/cp38-macosx_arm64/build/venv/lib/python3.8/site-packages/pip (python 3.8)
2022-12-27T11:40:01.5635440Z + which pip
2022-12-27T11:40:01.5663090Z + which python
2022-12-27T11:40:01.5682550Z /private/var/folders/51/hd414ycd67n82196sw51xqtc0000gn/T/cibw-run-n1zodojk/cp38-macosx_arm64/build/venv/bin/python
2022-12-27T11:40:01.5685910Z + python --version
2022-12-27T11:40:01.5739080Z Python 3.8.10
2022-12-27T11:40:01.5743190Z + which python
2022-12-27T11:40:01.5797720Z ##[endgroup]
2022-12-27T11:40:01.5798470Z                                                               [32m✓ [0m0.92s
2022-12-27T11:40:01.5799110Z ##[group]Installing build tools...
2022-12-27T11:40:01.5799280Z 
2022-12-27T11:40:01.5799740Z + pip install --upgrade setuptools wheel delocate -c /Users/runner/hostedtoolcache/Python/3.8.15/x64/lib/python3.8/site-packages/cibuildwheel/resources/constraints-python38.txt
2022-12-27T11:40:01.8839080Z Requirement already satisfied: setuptools in /private/var/folders/51/hd414ycd67n82196sw51xqtc0000gn/T/cibw-run-n1zodojk/cp38-macosx_arm64/build/venv/lib/python3.8/site-packages (65.6.3)
2022-12-27T11:40:02.0978810Z Requirement already satisfied: wheel in /private/var/folders/51/hd414ycd67n82196sw51xqtc0000gn/T/cibw-run-n1zodojk/cp38-macosx_arm64/build/venv/lib/python3.8/site-packages (0.38.4)
2022-12-27T11:40:02.1493290Z Collecting delocate
2022-12-27T11:40:02.1519660Z   Using cached delocate-0.10.3-py3-none-any.whl (142 kB)
2022-12-27T11:40:02.1741240Z Collecting typing-extensions
2022-12-27T11:40:02.1762450Z   Using cached typing_extensions-4.4.0-py3-none-any.whl (26 kB)
2022-12-27T11:40:02.2011830Z Collecting packaging>=20.9
2022-12-27T11:40:02.2033400Z   Using cached packaging-21.3-py3-none-any.whl (40 kB)
2022-12-27T11:40:02.2724350Z Collecting pyparsing!=3.0.5,>=2.0.2
2022-12-27T11:40:02.2751580Z   Using cached pyparsing-3.0.9-py3-none-any.whl (98 kB)
2022-12-27T11:40:02.3118120Z Installing collected packages: typing-extensions, pyparsing, packaging, delocate
2022-12-27T11:40:02.4474320Z Successfully installed delocate-0.10.3 packaging-21.3 pyparsing-3.0.9 typing-extensions-4.4.0
2022-12-27T11:40:02.4892480Z ##[endgroup]
2022-12-27T11:40:02.4893260Z                                                               [32m✓ [0m0.91s
2022-12-27T11:40:02.4893670Z ##[group]Running before_build...
2022-12-27T11:40:02.4893810Z 
2022-12-27T11:40:02.4901580Z + pip install Cython; if [[ -f requirements.txt ]]; then pip install -r requirements.txt; fi
2022-12-27T11:40:03.1552580Z Collecting Cython
2022-12-27T11:40:03.1602110Z   Using cached Cython-0.29.32-py2.py3-none-any.whl (986 kB)
2022-12-27T11:40:03.2031930Z Installing collected packages: Cython
2022-12-27T11:40:03.6186740Z Successfully installed Cython-0.29.32
2022-12-27T11:40:03.9423310Z Requirement already satisfied: Cython>=0.20 in /private/var/folders/51/hd414ycd67n82196sw51xqtc0000gn/T/cibw-run-n1zodojk/cp38-macosx_arm64/build/venv/lib/python3.8/site-packages (from -r requirements.txt (line 1)) (0.29.32)
2022-12-27T11:40:04.0134940Z ##[endgroup]
2022-12-27T11:40:04.0135460Z                                                               [32m✓ [0m1.52s
2022-12-27T11:40:04.0136000Z ##[group]Building wheel...
2022-12-27T11:40:04.0136280Z 
2022-12-27T11:40:04.0141640Z + python -m pip wheel /Users/runner/actions-runner/_work/python.build/python.build/build_lxml33138/lxml-3.3.1 --wheel-dir=/private/var/folders/51/hd414ycd67n82196sw51xqtc0000gn/T/cibw-run-n1zodojk/cp38-macosx_arm64/built_wheel --no-deps -vvv
2022-12-27T11:40:04.2973630Z Created temporary directory: /private/var/folders/51/hd414ycd67n82196sw51xqtc0000gn/T/pip-ephem-wheel-cache-4ynwhleq
2022-12-27T11:40:04.2978170Z Created temporary directory: /private/var/folders/51/hd414ycd67n82196sw51xqtc0000gn/T/pip-build-tracker-n5vb91qf
2022-12-27T11:40:04.2980750Z Initialized build tracking at /private/var/folders/51/hd414ycd67n82196sw51xqtc0000gn/T/pip-build-tracker-n5vb91qf
2022-12-27T11:40:04.2981860Z Created build tracker: /private/var/folders/51/hd414ycd67n82196sw51xqtc0000gn/T/pip-build-tracker-n5vb91qf
2022-12-27T11:40:04.2983210Z Entered build tracker: /private/var/folders/51/hd414ycd67n82196sw51xqtc0000gn/T/pip-build-tracker-n5vb91qf
2022-12-27T11:40:04.2986370Z Created temporary directory: /private/var/folders/51/hd414ycd67n82196sw51xqtc0000gn/T/pip-wheel-d_1rd6cl
2022-12-27T11:40:04.2992800Z Created temporary directory: /private/var/folders/51/hd414ycd67n82196sw51xqtc0000gn/T/pip-ephem-wheel-cache-_fbzcf0e
2022-12-27T11:40:04.3076610Z Processing /Users/runner/actions-runner/_work/python.build/python.build/build_lxml33138/lxml-3.3.1
2022-12-27T11:40:04.3081940Z   Added file:///Users/runner/actions-runner/_work/python.build/python.build/build_lxml33138/lxml-3.3.1 to build tracker '/private/var/folders/51/hd414ycd67n82196sw51xqtc0000gn/T/pip-build-tracker-n5vb91qf'
2022-12-27T11:40:04.3085610Z   Running setup.py (path:/Users/runner/actions-runner/_work/python.build/python.build/build_lxml33138/lxml-3.3.1/setup.py) egg_info for package from file:///Users/runner/actions-runner/_work/python.build/python.build/build_lxml33138/lxml-3.3.1
2022-12-27T11:40:04.3088570Z   Created temporary directory: /private/var/folders/51/hd414ycd67n82196sw51xqtc0000gn/T/pip-pip-egg-info-1ex86dup
2022-12-27T11:40:04.3089810Z   Preparing metadata (setup.py): started
2022-12-27T11:40:04.3091930Z   Running command python setup.py egg_info
2022-12-27T11:40:04.6666990Z   Building lxml version 3.3.1.
2022-12-27T11:40:04.6668230Z   Building without Cython.
2022-12-27T11:40:04.6669870Z   Using build configuration of libxslt 1.1.29
2022-12-27T11:40:04.6671550Z   Building against libxml2/libxslt in the following directory: /Library/Developer/CommandLineTools/SDKs/MacOSX12.1.sdk/usr/lib
2022-12-27T11:40:04.6672680Z   running egg_info
2022-12-27T11:40:04.6674890Z   creating /private/var/folders/51/hd414ycd67n82196sw51xqtc0000gn/T/pip-pip-egg-info-1ex86dup/lxml.egg-info
2022-12-27T11:40:04.6677180Z   writing /private/var/folders/51/hd414ycd67n82196sw51xqtc0000gn/T/pip-pip-egg-info-1ex86dup/lxml.egg-info/PKG-INFO
2022-12-27T11:40:04.6682090Z   writing dependency_links to /private/var/folders/51/hd414ycd67n82196sw51xqtc0000gn/T/pip-pip-egg-info-1ex86dup/lxml.egg-info/dependency_links.txt
2022-12-27T11:40:04.6685950Z   writing top-level names to /private/var/folders/51/hd414ycd67n82196sw51xqtc0000gn/T/pip-pip-egg-info-1ex86dup/lxml.egg-info/top_level.txt
2022-12-27T11:40:04.6690810Z   writing manifest file '/private/var/folders/51/hd414ycd67n82196sw51xqtc0000gn/T/pip-pip-egg-info-1ex86dup/lxml.egg-info/SOURCES.txt'
2022-12-27T11:40:04.6777910Z   reading manifest file '/private/var/folders/51/hd414ycd67n82196sw51xqtc0000gn/T/pip-pip-egg-info-1ex86dup/lxml.egg-info/SOURCES.txt'
2022-12-27T11:40:04.6779770Z   reading manifest template 'MANIFEST.in'
2022-12-27T11:40:04.7826540Z   adding license file 'LICENSES.txt'
2022-12-27T11:40:04.7893520Z   writing manifest file '/private/var/folders/51/hd414ycd67n82196sw51xqtc0000gn/T/pip-pip-egg-info-1ex86dup/lxml.egg-info/SOURCES.txt'
2022-12-27T11:40:04.7896010Z   /private/var/folders/51/hd414ycd67n82196sw51xqtc0000gn/T/cibw-run-n1zodojk/cp38-macosx_arm64/build/venv/lib/python3.8/site-packages/setuptools/_distutils/dist.py:265: UserWarning: Unknown distribution option: 'bugtrack_url'
2022-12-27T11:40:04.7897500Z     warnings.warn(msg)
2022-12-27T11:40:04.7900720Z   /private/var/folders/51/hd414ycd67n82196sw51xqtc0000gn/T/cibw-run-n1zodojk/cp38-macosx_arm64/build/venv/lib/python3.8/site-packages/setuptools/_distutils/dist.py:265: UserWarning: Unknown distribution option: 'extra_require'
2022-12-27T11:40:04.7901420Z     warnings.warn(msg)
2022-12-27T11:40:04.8147740Z   Preparing metadata (setup.py): finished with status 'done'
2022-12-27T11:40:04.8172310Z   Source in /Users/runner/actions-runner/_work/python.build/python.build/build_lxml33138/lxml-3.3.1 has version 3.3.1, which satisfies requirement lxml==3.3.1 from file:///Users/runner/actions-runner/_work/python.build/python.build/build_lxml33138/lxml-3.3.1
2022-12-27T11:40:04.8175620Z   Removed lxml==3.3.1 from file:///Users/runner/actions-runner/_work/python.build/python.build/build_lxml33138/lxml-3.3.1 from build tracker '/private/var/folders/51/hd414ycd67n82196sw51xqtc0000gn/T/pip-build-tracker-n5vb91qf'
2022-12-27T11:40:04.8306830Z Created temporary directory: /private/var/folders/51/hd414ycd67n82196sw51xqtc0000gn/T/pip-unpack-nv8aeqfl
2022-12-27T11:40:04.8308690Z Building wheels for collected packages: lxml
2022-12-27T11:40:04.8315040Z   Created temporary directory: /private/var/folders/51/hd414ycd67n82196sw51xqtc0000gn/T/pip-wheel-nrbpfwll
2022-12-27T11:40:04.8316830Z   Building wheel for lxml (setup.py): started
2022-12-27T11:40:04.8318820Z   Destination directory: /private/var/folders/51/hd414ycd67n82196sw51xqtc0000gn/T/pip-wheel-nrbpfwll
2022-12-27T11:40:04.8319650Z   Running command python setup.py bdist_wheel
2022-12-27T11:40:05.0623050Z   Building lxml version 3.3.1.
2022-12-27T11:40:05.0624900Z   Building without Cython.
2022-12-27T11:40:05.0766470Z   Using build configuration of libxslt 1.1.29
2022-12-27T11:40:05.1737750Z   Building against libxml2/libxslt in the following directory: /Library/Developer/CommandLineTools/SDKs/MacOSX12.1.sdk/usr/lib
2022-12-27T11:40:05.1813400Z   /private/var/folders/51/hd414ycd67n82196sw51xqtc0000gn/T/cibw-run-n1zodojk/cp38-macosx_arm64/build/venv/lib/python3.8/site-packages/setuptools/_distutils/dist.py:265: UserWarning: Unknown distribution option: 'bugtrack_url'
2022-12-27T11:40:05.1814520Z     warnings.warn(msg)
2022-12-27T11:40:05.1817430Z   /private/var/folders/51/hd414ycd67n82196sw51xqtc0000gn/T/cibw-run-n1zodojk/cp38-macosx_arm64/build/venv/lib/python3.8/site-packages/setuptools/_distutils/dist.py:265: UserWarning: Unknown distribution option: 'extra_require'
2022-12-27T11:40:05.1818130Z     warnings.warn(msg)
2022-12-27T11:40:05.1977550Z   running bdist_wheel
2022-12-27T11:40:05.2023320Z   running build
2022-12-27T11:40:05.2025010Z   running build_py
2022-12-27T11:40:05.2045780Z   creating build
2022-12-27T11:40:05.2047720Z   creating build/lib.macosx-11.0-arm64-cpython-38
2022-12-27T11:40:05.2049510Z   creating build/lib.macosx-11.0-arm64-cpython-38/lxml
2022-12-27T11:40:05.2051280Z   copying src/lxml/_elementpath.py -> build/lib.macosx-11.0-arm64-cpython-38/lxml
2022-12-27T11:40:05.2052830Z   copying src/lxml/sax.py -> build/lib.macosx-11.0-arm64-cpython-38/lxml
2022-12-27T11:40:05.2055260Z   copying src/lxml/pyclasslookup.py -> build/lib.macosx-11.0-arm64-cpython-38/lxml
2022-12-27T11:40:05.2057160Z   copying src/lxml/__init__.py -> build/lib.macosx-11.0-arm64-cpython-38/lxml
2022-12-27T11:40:05.2059820Z   copying src/lxml/builder.py -> build/lib.macosx-11.0-arm64-cpython-38/lxml
2022-12-27T11:40:05.2062020Z   copying src/lxml/doctestcompare.py -> build/lib.macosx-11.0-arm64-cpython-38/lxml
2022-12-27T11:40:05.2064720Z   copying src/lxml/usedoctest.py -> build/lib.macosx-11.0-arm64-cpython-38/lxml
2022-12-27T11:40:05.2067020Z   copying src/lxml/cssselect.py -> build/lib.macosx-11.0-arm64-cpython-38/lxml
2022-12-27T11:40:05.2070100Z   copying src/lxml/ElementInclude.py -> build/lib.macosx-11.0-arm64-cpython-38/lxml
2022-12-27T11:40:05.2074260Z   creating build/lib.macosx-11.0-arm64-cpython-38/lxml/includes
2022-12-27T11:40:05.2076010Z   copying src/lxml/includes/__init__.py -> build/lib.macosx-11.0-arm64-cpython-38/lxml/includes
2022-12-27T11:40:05.2082590Z   creating build/lib.macosx-11.0-arm64-cpython-38/lxml/html
2022-12-27T11:40:05.2084000Z   copying src/lxml/html/soupparser.py -> build/lib.macosx-11.0-arm64-cpython-38/lxml/html
2022-12-27T11:40:05.2087480Z   copying src/lxml/html/defs.py -> build/lib.macosx-11.0-arm64-cpython-38/lxml/html
2022-12-27T11:40:05.2089410Z   copying src/lxml/html/_setmixin.py -> build/lib.macosx-11.0-arm64-cpython-38/lxml/html
2022-12-27T11:40:05.2090830Z   copying src/lxml/html/clean.py -> build/lib.macosx-11.0-arm64-cpython-38/lxml/html
2022-12-27T11:40:05.2094420Z   copying src/lxml/html/_diffcommand.py -> build/lib.macosx-11.0-arm64-cpython-38/lxml/html
2022-12-27T11:40:05.2097070Z   copying src/lxml/html/html5parser.py -> build/lib.macosx-11.0-arm64-cpython-38/lxml/html
2022-12-27T11:40:05.2099350Z   copying src/lxml/html/__init__.py -> build/lib.macosx-11.0-arm64-cpython-38/lxml/html
2022-12-27T11:40:05.2102600Z   copying src/lxml/html/formfill.py -> build/lib.macosx-11.0-arm64-cpython-38/lxml/html
2022-12-27T11:40:05.2104680Z   copying src/lxml/html/builder.py -> build/lib.macosx-11.0-arm64-cpython-38/lxml/html
2022-12-27T11:40:05.2107090Z   copying src/lxml/html/ElementSoup.py -> build/lib.macosx-11.0-arm64-cpython-38/lxml/html
2022-12-27T11:40:05.2109780Z   copying src/lxml/html/_html5builder.py -> build/lib.macosx-11.0-arm64-cpython-38/lxml/html
2022-12-27T11:40:05.2112780Z   copying src/lxml/html/usedoctest.py -> build/lib.macosx-11.0-arm64-cpython-38/lxml/html
2022-12-27T11:40:05.2114900Z   copying src/lxml/html/diff.py -> build/lib.macosx-11.0-arm64-cpython-38/lxml/html
2022-12-27T11:40:05.2119620Z   creating build/lib.macosx-11.0-arm64-cpython-38/lxml/isoschematron
2022-12-27T11:40:05.2121730Z   copying src/lxml/isoschematron/__init__.py -> build/lib.macosx-11.0-arm64-cpython-38/lxml/isoschematron
2022-12-27T11:40:05.2145260Z   copying src/lxml/lxml.etree.h -> build/lib.macosx-11.0-arm64-cpython-38/lxml
2022-12-27T11:40:05.2148900Z   copying src/lxml/lxml.etree_api.h -> build/lib.macosx-11.0-arm64-cpython-38/lxml
2022-12-27T11:40:05.2151900Z   copying src/lxml/includes/xmlerror.pxd -> build/lib.macosx-11.0-arm64-cpython-38/lxml/includes
2022-12-27T11:40:05.2154740Z   copying src/lxml/includes/c14n.pxd -> build/lib.macosx-11.0-arm64-cpython-38/lxml/includes
2022-12-27T11:40:05.2157800Z   copying src/lxml/includes/xmlschema.pxd -> build/lib.macosx-11.0-arm64-cpython-38/lxml/includes
2022-12-27T11:40:05.2161430Z   copying src/lxml/includes/schematron.pxd -> build/lib.macosx-11.0-arm64-cpython-38/lxml/includes
2022-12-27T11:40:05.2163710Z   copying src/lxml/includes/tree.pxd -> build/lib.macosx-11.0-arm64-cpython-38/lxml/includes
2022-12-27T11:40:05.2165780Z   copying src/lxml/includes/uri.pxd -> build/lib.macosx-11.0-arm64-cpython-38/lxml/includes
2022-12-27T11:40:05.2169920Z   copying src/lxml/includes/etreepublic.pxd -> build/lib.macosx-11.0-arm64-cpython-38/lxml/includes
2022-12-27T11:40:05.2171790Z   copying src/lxml/includes/xpath.pxd -> build/lib.macosx-11.0-arm64-cpython-38/lxml/includes
2022-12-27T11:40:05.2175130Z   copying src/lxml/includes/htmlparser.pxd -> build/lib.macosx-11.0-arm64-cpython-38/lxml/includes
2022-12-27T11:40:05.2177270Z   copying src/lxml/includes/xslt.pxd -> build/lib.macosx-11.0-arm64-cpython-38/lxml/includes
2022-12-27T11:40:05.2179840Z   copying src/lxml/includes/config.pxd -> build/lib.macosx-11.0-arm64-cpython-38/lxml/includes
2022-12-27T11:40:05.2182910Z   copying src/lxml/includes/xmlparser.pxd -> build/lib.macosx-11.0-arm64-cpython-38/lxml/includes
2022-12-27T11:40:05.2185630Z   copying src/lxml/includes/xinclude.pxd -> build/lib.macosx-11.0-arm64-cpython-38/lxml/includes
2022-12-27T11:40:05.2188180Z   copying src/lxml/includes/dtdvalid.pxd -> build/lib.macosx-11.0-arm64-cpython-38/lxml/includes
2022-12-27T11:40:05.2190840Z   copying src/lxml/includes/relaxng.pxd -> build/lib.macosx-11.0-arm64-cpython-38/lxml/includes
2022-12-27T11:40:05.2193860Z   copying src/lxml/includes/lxml-version.h -> build/lib.macosx-11.0-arm64-cpython-38/lxml/includes
2022-12-27T11:40:05.2196440Z   copying src/lxml/includes/etree_defs.h -> build/lib.macosx-11.0-arm64-cpython-38/lxml/includes
2022-12-27T11:40:05.2199720Z   creating build/lib.macosx-11.0-arm64-cpython-38/lxml/isoschematron/resources
2022-12-27T11:40:05.2201400Z   creating build/lib.macosx-11.0-arm64-cpython-38/lxml/isoschematron/resources/rng
2022-12-27T11:40:05.2202860Z   copying src/lxml/isoschematron/resources/rng/iso-schematron.rng -> build/lib.macosx-11.0-arm64-cpython-38/lxml/isoschematron/resources/rng
2022-12-27T11:40:05.2206000Z   creating build/lib.macosx-11.0-arm64-cpython-38/lxml/isoschematron/resources/xsl
2022-12-27T11:40:05.2208020Z   copying src/lxml/isoschematron/resources/xsl/XSD2Schtrn.xsl -> build/lib.macosx-11.0-arm64-cpython-38/lxml/isoschematron/resources/xsl
2022-12-27T11:40:05.2209980Z   copying src/lxml/isoschematron/resources/xsl/RNG2Schtrn.xsl -> build/lib.macosx-11.0-arm64-cpython-38/lxml/isoschematron/resources/xsl
2022-12-27T11:40:05.2213130Z   creating build/lib.macosx-11.0-arm64-cpython-38/lxml/isoschematron/resources/xsl/iso-schematron-xslt1
2022-12-27T11:40:05.2214650Z   copying src/lxml/isoschematron/resources/xsl/iso-schematron-xslt1/iso_abstract_expand.xsl -> build/lib.macosx-11.0-arm64-cpython-38/lxml/isoschematron/resources/xsl/iso-schematron-xslt1
2022-12-27T11:40:05.2216790Z   copying src/lxml/isoschematron/resources/xsl/iso-schematron-xslt1/iso_dsdl_include.xsl -> build/lib.macosx-11.0-arm64-cpython-38/lxml/isoschematron/resources/xsl/iso-schematron-xslt1
2022-12-27T11:40:05.2220650Z   copying src/lxml/isoschematron/resources/xsl/iso-schematron-xslt1/iso_schematron_skeleton_for_xslt1.xsl -> build/lib.macosx-11.0-arm64-cpython-38/lxml/isoschematron/resources/xsl/iso-schematron-xslt1
2022-12-27T11:40:05.2224140Z   copying src/lxml/isoschematron/resources/xsl/iso-schematron-xslt1/iso_svrl_for_xslt1.xsl -> build/lib.macosx-11.0-arm64-cpython-38/lxml/isoschematron/resources/xsl/iso-schematron-xslt1
2022-12-27T11:40:05.2227420Z   copying src/lxml/isoschematron/resources/xsl/iso-schematron-xslt1/iso_schematron_message.xsl -> build/lib.macosx-11.0-arm64-cpython-38/lxml/isoschematron/resources/xsl/iso-schematron-xslt1
2022-12-27T11:40:05.2229760Z   copying src/lxml/isoschematron/resources/xsl/iso-schematron-xslt1/readme.txt -> build/lib.macosx-11.0-arm64-cpython-38/lxml/isoschematron/resources/xsl/iso-schematron-xslt1
2022-12-27T11:40:05.2242870Z   running build_ext
2022-12-27T11:40:05.2655100Z   building 'lxml.etree' extension
2022-12-27T11:40:05.2656600Z   creating build/temp.macosx-11.0-arm64-cpython-38
2022-12-27T11:40:05.2658970Z   creating build/temp.macosx-11.0-arm64-cpython-38/src
2022-12-27T11:40:05.2660550Z   creating build/temp.macosx-11.0-arm64-cpython-38/src/lxml
2022-12-27T11:40:05.2663840Z   gcc -Wno-unused-result -Wsign-compare -Wunreachable-code -fno-common -dynamic -DNDEBUG -g -fwrapv -O3 -Wall -g -I/usr/local/opt/openssl@3/include -I/usr/local/opt/openssl@3/include -arch arm64 -I/Library/Developer/CommandLineTools/SDKs/MacOSX12.1.sdk/usr/include -I/Users/runner/actions-runner/_work/python.build/python.build/build_lxml33138/lxml-3.3.1/src/lxml/includes -I/private/var/folders/51/hd414ycd67n82196sw51xqtc0000gn/T/cibw-run-n1zodojk/cp38-macosx_arm64/build/venv/include -I/Library/Frameworks/Python.framework/Versions/3.8/include/python3.8 -c src/lxml/lxml.etree.c -o build/temp.macosx-11.0-arm64-cpython-38/src/lxml/lxml.etree.o -w -flat_namespace
2022-12-27T11:40:06.0075410Z   src/lxml/lxml.etree.c:194462:21: error: no member named 'exc_type' in 'struct _ts'
2022-12-27T11:40:06.0076910Z       *type = tstate->exc_type;
2022-12-27T11:40:06.0078860Z               ~~~~~~  ^
2022-12-27T11:40:06.0080970Z   src/lxml/lxml.etree.c:194463:22: error: no member named 'exc_value' in 'struct _ts'; did you mean 'curexc_value'?
2022-12-27T11:40:06.0082110Z       *value = tstate->exc_value;
2022-12-27T11:40:06.0083880Z                        ^~~~~~~~~
2022-12-27T11:40:06.0085120Z                        curexc_value
2022-12-27T11:40:06.0087330Z   /Library/Frameworks/Python.framework/Versions/3.8/include/python3.8/cpython/pystate.h:80:15: note: 'curexc_value' declared here
2022-12-27T11:40:06.0088100Z       PyObject *curexc_value;
2022-12-27T11:40:06.0089450Z                 ^
2022-12-27T11:40:06.0091330Z   src/lxml/lxml.etree.c:194464:19: error: no member named 'exc_traceback' in 'struct _ts'; did you mean 'curexc_traceback'?
2022-12-27T11:40:06.0092440Z       *tb = tstate->exc_traceback;
2022-12-27T11:40:06.0093680Z                     ^~~~~~~~~~~~~
2022-12-27T11:40:06.0094940Z                     curexc_traceback
2022-12-27T11:40:06.0096560Z   /Library/Frameworks/Python.framework/Versions/3.8/include/python3.8/cpython/pystate.h:81:15: note: 'curexc_traceback' declared here
2022-12-27T11:40:06.0097760Z       PyObject *curexc_traceback;
2022-12-27T11:40:06.0099010Z                 ^
2022-12-27T11:40:06.0100560Z   src/lxml/lxml.etree.c:194476:24: error: no member named 'exc_type' in 'struct _ts'
2022-12-27T11:40:06.0101840Z       tmp_type = tstate->exc_type;
2022-12-27T11:40:06.0103070Z                  ~~~~~~  ^
2022-12-27T11:40:06.0104740Z   src/lxml/lxml.etree.c:194477:25: error: no member named 'exc_value' in 'struct _ts'; did you mean 'curexc_value'?
2022-12-27T11:40:06.0105910Z       tmp_value = tstate->exc_value;
2022-12-27T11:40:06.0107180Z                           ^~~~~~~~~
2022-12-27T11:40:06.0108480Z                           curexc_value
2022-12-27T11:40:06.0110300Z   /Library/Frameworks/Python.framework/Versions/3.8/include/python3.8/cpython/pystate.h:80:15: note: 'curexc_value' declared here
2022-12-27T11:40:06.0111390Z       PyObject *curexc_value;
2022-12-27T11:40:06.0112740Z                 ^
2022-12-27T11:40:06.0114290Z   src/lxml/lxml.etree.c:194478:22: error: no member named 'exc_traceback' in 'struct _ts'; did you mean 'curexc_traceback'?
2022-12-27T11:40:06.0115430Z       tmp_tb = tstate->exc_traceback;
2022-12-27T11:40:06.0116690Z                        ^~~~~~~~~~~~~
2022-12-27T11:40:06.0118020Z                        curexc_traceback
2022-12-27T11:40:06.0119660Z   /Library/Frameworks/Python.framework/Versions/3.8/include/python3.8/cpython/pystate.h:81:15: note: 'curexc_traceback' declared here
2022-12-27T11:40:06.0120720Z       PyObject *curexc_traceback;
2022-12-27T11:40:06.0122010Z                 ^
2022-12-27T11:40:06.0123740Z   src/lxml/lxml.etree.c:194479:13: error: no member named 'exc_type' in 'struct _ts'
2022-12-27T11:40:06.0124920Z       tstate->exc_type = type;
2022-12-27T11:40:06.0126090Z       ~~~~~~  ^
2022-12-27T11:40:06.0127670Z   src/lxml/lxml.etree.c:194480:13: error: no member named 'exc_value' in 'struct _ts'; did you mean 'curexc_value'?
2022-12-27T11:40:06.0128890Z       tstate->exc_value = value;
2022-12-27T11:40:06.0130160Z               ^~~~~~~~~
2022-12-27T11:40:06.0131440Z               curexc_value
2022-12-27T11:40:06.0133000Z   /Library/Frameworks/Python.framework/Versions/3.8/include/python3.8/cpython/pystate.h:80:15: note: 'curexc_value' declared here
2022-12-27T11:40:06.0134110Z       PyObject *curexc_value;
2022-12-27T11:40:06.0135380Z                 ^
2022-12-27T11:40:06.0136950Z   src/lxml/lxml.etree.c:194481:13: error: no member named 'exc_traceback' in 'struct _ts'; did you mean 'curexc_traceback'?
2022-12-27T11:40:06.0138130Z       tstate->exc_traceback = tb;
2022-12-27T11:40:06.0139350Z               ^~~~~~~~~~~~~
2022-12-27T11:40:06.0140640Z               curexc_traceback
2022-12-27T11:40:06.0142280Z   /Library/Frameworks/Python.framework/Versions/3.8/include/python3.8/cpython/pystate.h:81:15: note: 'curexc_traceback' declared here
2022-12-27T11:40:06.0143510Z       PyObject *curexc_traceback;
2022-12-27T11:40:06.0144780Z                 ^
2022-12-27T11:40:06.0146250Z   src/lxml/lxml.etree.c:194524:24: error: no member named 'exc_type' in 'struct _ts'
2022-12-27T11:40:06.0147520Z       tmp_type = tstate->exc_type;
2022-12-27T11:40:06.0148810Z                  ~~~~~~  ^
2022-12-27T11:40:06.0150300Z   src/lxml/lxml.etree.c:194525:25: error: no member named 'exc_value' in 'struct _ts'; did you mean 'curexc_value'?
2022-12-27T11:40:06.0151470Z       tmp_value = tstate->exc_value;
2022-12-27T11:40:06.0152940Z                           ^~~~~~~~~
2022-12-27T11:40:06.0154220Z                           curexc_value
2022-12-27T11:40:06.0155710Z   /Library/Frameworks/Python.framework/Versions/3.8/include/python3.8/cpython/pystate.h:80:15: note: 'curexc_value' declared here
2022-12-27T11:40:06.0156830Z       PyObject *curexc_value;
2022-12-27T11:40:06.0158090Z                 ^
2022-12-27T11:40:06.0159670Z   src/lxml/lxml.etree.c:194526:22: error: no member named 'exc_traceback' in 'struct _ts'; did you mean 'curexc_traceback'?
2022-12-27T11:40:06.0160870Z       tmp_tb = tstate->exc_traceback;
2022-12-27T11:40:06.0162120Z                        ^~~~~~~~~~~~~
2022-12-27T11:40:06.0163630Z                        curexc_traceback
2022-12-27T11:40:06.0165250Z   /Library/Frameworks/Python.framework/Versions/3.8/include/python3.8/cpython/pystate.h:81:15: note: 'curexc_traceback' declared here
2022-12-27T11:40:06.0166370Z       PyObject *curexc_traceback;
2022-12-27T11:40:06.0167670Z                 ^
2022-12-27T11:40:06.0169180Z   src/lxml/lxml.etree.c:194527:13: error: no member named 'exc_type' in 'struct _ts'
2022-12-27T11:40:06.0170610Z       tstate->exc_type = local_type;
2022-12-27T11:40:06.0171850Z       ~~~~~~  ^
2022-12-27T11:40:06.0173350Z   src/lxml/lxml.etree.c:194528:13: error: no member named 'exc_value' in 'struct _ts'; did you mean 'curexc_value'?
2022-12-27T11:40:06.0174610Z       tstate->exc_value = local_value;
2022-12-27T11:40:06.0175820Z               ^~~~~~~~~
2022-12-27T11:40:06.0177110Z               curexc_value
2022-12-27T11:40:06.0178700Z   /Library/Frameworks/Python.framework/Versions/3.8/include/python3.8/cpython/pystate.h:80:15: note: 'curexc_value' declared here
2022-12-27T11:40:06.0179840Z       PyObject *curexc_value;
2022-12-27T11:40:06.0181090Z                 ^
2022-12-27T11:40:06.0182760Z   src/lxml/lxml.etree.c:194529:13: error: no member named 'exc_traceback' in 'struct _ts'; did you mean 'curexc_traceback'?
2022-12-27T11:40:06.0184100Z       tstate->exc_traceback = local_tb;
2022-12-27T11:40:06.0185340Z               ^~~~~~~~~~~~~
2022-12-27T11:40:06.0186650Z               curexc_traceback
2022-12-27T11:40:06.0188250Z   /Library/Frameworks/Python.framework/Versions/3.8/include/python3.8/cpython/pystate.h:81:15: note: 'curexc_traceback' declared here
2022-12-27T11:40:06.0189310Z       PyObject *curexc_traceback;
2022-12-27T11:40:06.0190640Z                 ^
2022-12-27T11:40:06.0192200Z   src/lxml/lxml.etree.c:194728:24: error: no member named 'exc_type' in 'struct _ts'
2022-12-27T11:40:06.0193350Z       tmp_type = tstate->exc_type;
2022-12-27T11:40:06.0194600Z                  ~~~~~~  ^
2022-12-27T11:40:06.0196150Z   src/lxml/lxml.etree.c:194729:25: error: no member named 'exc_value' in 'struct _ts'; did you mean 'curexc_value'?
2022-12-27T11:40:06.0197360Z       tmp_value = tstate->exc_value;
2022-12-27T11:40:06.0198590Z                           ^~~~~~~~~
2022-12-27T11:40:06.0199900Z                           curexc_value
2022-12-27T11:40:06.0201490Z   /Library/Frameworks/Python.framework/Versions/3.8/include/python3.8/cpython/pystate.h:80:15: note: 'curexc_value' declared here
2022-12-27T11:40:06.0202610Z       PyObject *curexc_value;
2022-12-27T11:40:06.0203980Z                 ^
2022-12-27T11:40:06.0205580Z   src/lxml/lxml.etree.c:194730:22: error: no member named 'exc_traceback' in 'struct _ts'; did you mean 'curexc_traceback'?
2022-12-27T11:40:06.0206790Z       tmp_tb = tstate->exc_traceback;
2022-12-27T11:40:06.0208020Z                        ^~~~~~~~~~~~~
2022-12-27T11:40:06.0209330Z                        curexc_traceback
2022-12-27T11:40:06.0210940Z   /Library/Frameworks/Python.framework/Versions/3.8/include/python3.8/cpython/pystate.h:81:15: note: 'curexc_traceback' declared here
2022-12-27T11:40:06.0212050Z       PyObject *curexc_traceback;
2022-12-27T11:40:06.0213320Z                 ^
2022-12-27T11:40:06.0214820Z   src/lxml/lxml.etree.c:194731:13: error: no member named 'exc_type' in 'struct _ts'
2022-12-27T11:40:06.0216090Z       tstate->exc_type = *type;
2022-12-27T11:40:06.0217840Z       ~~~~~~  ^
2022-12-27T11:40:06.0219270Z   fatal error: too many errors emitted, stopping now [-ferror-limit=]
2022-12-27T11:40:06.0295620Z   20 errors generated.
2022-12-27T11:40:06.0345530Z   error: command '/usr/bin/gcc' failed with exit code 1
2022-12-27T11:40:06.0691120Z   error: subprocess-exited-with-error
2022-12-27T11:40:06.0691430Z   
2022-12-27T11:40:06.0692480Z   × python setup.py bdist_wheel did not run successfully.
2022-12-27T11:40:06.0692850Z   │ exit code: 1
2022-12-27T11:40:06.0693170Z   ╰─> See above for output.
2022-12-27T11:40:06.0693420Z   
2022-12-27T11:40:06.0693680Z   note: This error originates from a subprocess, and is likely not a problem with pip.
2022-12-27T11:40:06.0700630Z   full command: /private/var/folders/51/hd414ycd67n82196sw51xqtc0000gn/T/cibw-run-n1zodojk/cp38-macosx_arm64/build/venv/bin/python -u -c '
2022-12-27T11:40:06.0701180Z   exec(compile('"'"''"'"''"'"'
2022-12-27T11:40:06.0701700Z   # This is <pip-setuptools-caller> -- a caller that pip uses to run setup.py
2022-12-27T11:40:06.0702030Z   #
2022-12-27T11:40:06.0702430Z   # - It imports setuptools before invoking setup.py, to enable projects that directly
2022-12-27T11:40:06.0702820Z   #   import from `distutils.core` to work with newer packaging standards.
2022-12-27T11:40:06.0703400Z   # - It provides a clear error message when setuptools is not installed.
2022-12-27T11:40:06.0703830Z   # - It sets `sys.argv[0]` to the underlying `setup.py`, when invoking `setup.py` so
2022-12-27T11:40:06.0704820Z   #   setuptools doesn'"'"'t think the script is `-c`. This avoids the following warning:
2022-12-27T11:40:06.0705530Z   #     manifest_maker: standard file '"'"'-c'"'"' not found".
2022-12-27T11:40:06.0705950Z   # - It generates a shim setup.py, for handling setup.cfg-only projects.
2022-12-27T11:40:06.0706240Z   import os, sys, tokenize
2022-12-27T11:40:06.0706460Z   
2022-12-27T11:40:06.0706660Z   try:
2022-12-27T11:40:06.0706840Z       import setuptools
2022-12-27T11:40:06.0707090Z   except ImportError as error:
2022-12-27T11:40:06.0707320Z       print(
2022-12-27T11:40:06.0707550Z           "ERROR: Can not execute `setup.py` since setuptools is not available in "
2022-12-27T11:40:06.0708350Z           "the build environment.",
2022-12-27T11:40:06.0708890Z           file=sys.stderr,
2022-12-27T11:40:06.0709060Z       )
2022-12-27T11:40:06.0709250Z       sys.exit(1)
2022-12-27T11:40:06.0709440Z   
2022-12-27T11:40:06.0709600Z   __file__ = %r
2022-12-27T11:40:06.0710060Z   sys.argv[0] = __file__
2022-12-27T11:40:06.0710410Z   Building wheel for lxml (setup.py): finished with status 'error'
2022-12-27T11:40:06.0710630Z   
2022-12-27T11:40:06.0710900Z   if os.path.exists(__file__):
2022-12-27T11:40:06.0711140Z       filename = __file__
2022-12-27T11:40:06.0711340Z       with tokenize.open(__file__) as f:
2022-12-27T11:40:06.0711530Z           setup_py_code = f.read()
2022-12-27T11:40:06.0711710Z   else:
2022-12-27T11:40:06.0711900Z       filename = "<auto-generated setuptools caller>"
2022-12-27T11:40:06.0712080Z       setup_py_code = "from setuptools import setup; setup()"
2022-12-27T11:40:06.0712220Z   
2022-12-27T11:40:06.0712350Z   exec(compile(setup_py_code, filename, "exec"))
2022-12-27T11:40:06.0712840Z   '"'"''"'"''"'"' % ('"'"'/Users/runner/actions-runner/_work/python.build/python.build/build_lxml33138/lxml-3.3.1/setup.py'"'"',), "<pip-setuptools-caller>", "exec"))' bdist_wheel -d /private/var/folders/51/hd414ycd67n82196sw51xqtc0000gn/T/pip-wheel-nrbpfwll
2022-12-27T11:40:06.0713400Z   cwd: /Users/runner/actions-runner/_work/python.build/python.build/build_lxml33138/lxml-3.3.1/
2022-12-27T11:40:06.0713650Z   ERROR: Failed building wheel for lxml
2022-12-27T11:40:06.0713860Z   Running command python setup.py clean
2022-12-27T11:40:06.0714040Z   Running setup.py clean for lxml
2022-12-27T11:40:06.2983250Z   Building lxml version 3.3.1.
2022-12-27T11:40:06.2984400Z   Building without Cython.
2022-12-27T11:40:06.3121490Z   Using build configuration of libxslt 1.1.29
2022-12-27T11:40:06.4086070Z   Building against libxml2/libxslt in the following directory: /Library/Developer/CommandLineTools/SDKs/MacOSX12.1.sdk/usr/lib
2022-12-27T11:40:06.4164870Z   /private/var/folders/51/hd414ycd67n82196sw51xqtc0000gn/T/cibw-run-n1zodojk/cp38-macosx_arm64/build/venv/lib/python3.8/site-packages/setuptools/_distutils/dist.py:265: UserWarning: Unknown distribution option: 'bugtrack_url'
2022-12-27T11:40:06.4166290Z     warnings.warn(msg)
2022-12-27T11:40:06.4169210Z   /private/var/folders/51/hd414ycd67n82196sw51xqtc0000gn/T/cibw-run-n1zodojk/cp38-macosx_arm64/build/venv/lib/python3.8/site-packages/setuptools/_distutils/dist.py:265: UserWarning: Unknown distribution option: 'extra_require'
2022-12-27T11:40:06.4170480Z     warnings.warn(msg)
2022-12-27T11:40:06.4222320Z   running clean
2022-12-27T11:40:06.4250120Z   removing 'build/temp.macosx-11.0-arm64-cpython-38' (and everything under it)
2022-12-27T11:40:06.4253900Z   removing 'build/lib.macosx-11.0-arm64-cpython-38' (and everything under it)
2022-12-27T11:40:06.4303150Z   'build/bdist.macosx-11.0-arm64' does not exist -- can't clean it
2022-12-27T11:40:06.4305200Z   'build/scripts-3.8' does not exist -- can't clean it
2022-12-27T11:40:06.4306970Z   removing 'build'
2022-12-27T11:40:06.4524950Z Failed to build lxml
2022-12-27T11:40:06.4529760Z ERROR: Failed to build one or more wheels
2022-12-27T11:40:06.4539120Z Exception information:
2022-12-27T11:40:06.4539320Z Traceback (most recent call last):
2022-12-27T11:40:06.4547110Z   File "/private/var/folders/51/hd414ycd67n82196sw51xqtc0000gn/T/cibw-run-n1zodojk/cp38-macosx_arm64/build/venv/lib/python3.8/site-packages/pip/_internal/cli/base_command.py", line 160, in exc_logging_wrapper
2022-12-27T11:40:06.4547490Z     status = run_func(*args)
2022-12-27T11:40:06.4548050Z   File "/private/var/folders/51/hd414ycd67n82196sw51xqtc0000gn/T/cibw-run-n1zodojk/cp38-macosx_arm64/build/venv/lib/python3.8/site-packages/pip/_internal/cli/req_command.py", line 247, in wrapper
2022-12-27T11:40:06.4548380Z     return func(self, options, args)
2022-12-27T11:40:06.4548870Z   File "/private/var/folders/51/hd414ycd67n82196sw51xqtc0000gn/T/cibw-run-n1zodojk/cp38-macosx_arm64/build/venv/lib/python3.8/site-packages/pip/_internal/commands/wheel.py", line 201, in run
2022-12-27T11:40:06.4549550Z     raise CommandError("Failed to build one or more wheels")
2022-12-27T11:40:06.4549800Z pip._internal.exceptions.CommandError: Failed to build one or more wheels
2022-12-27T11:40:06.4550220Z Removed build tracker: '/private/var/folders/51/hd414ycd67n82196sw51xqtc0000gn/T/pip-build-tracker-n5vb91qf'
2022-12-27T11:40:06.4913960Z ##[endgroup]
2022-12-27T11:40:06.4914460Z                                                               [31m✕ [0m2.48s
2022-12-27T11:40:06.5254910Z ##[error]Command ['python', '-m', 'pip', 'wheel', '/Users/runner/actions-runner/_work/python.build/python.build/build_lxml33138/lxml-3.3.1', '--wheel-dir=/private/var/folders/51/hd414ycd67n82196sw51xqtc0000gn/T/cibw-run-n1zodojk/cp38-macosx_arm64/built_wheel', '--no-deps', '-vvv'] failed with code 1. None
2022-12-27T11:40:06.5260520Z 
2022-12-27T11:40:06.5360910Z ##[error]Process completed with exit code 1.
2022-12-27T11:40:06.5390990Z ##[group]Run rm -rf build_lxml33138 wheelsout
2022-12-27T11:40:06.5391180Z [36;1mrm -rf build_lxml33138 wheelsout[0m
2022-12-27T11:40:06.5405900Z shell: /bin/bash -e {0}
2022-12-27T11:40:06.5406010Z env:
2022-12-27T11:40:06.5406150Z   pythonLocation: /Users/runner/hostedtoolcache/Python/3.8.15/x64
2022-12-27T11:40:06.5406340Z   PKG_CONFIG_PATH: /Users/runner/hostedtoolcache/Python/3.8.15/x64/lib/pkgconfig
2022-12-27T11:40:06.5406510Z   Python_ROOT_DIR: /Users/runner/hostedtoolcache/Python/3.8.15/x64
2022-12-27T11:40:06.5406690Z   Python2_ROOT_DIR: /Users/runner/hostedtoolcache/Python/3.8.15/x64
2022-12-27T11:40:06.5406860Z   Python3_ROOT_DIR: /Users/runner/hostedtoolcache/Python/3.8.15/x64
2022-12-27T11:40:06.5406990Z ##[endgroup]
2022-12-27T11:40:06.5944820Z Cleaning up orphan processes
