2022-12-27T02:00:12.3816636Z Requested labels: self-hosted, macOS, X64
2022-12-27T02:00:12.3816714Z Job defined at: kilnbuild/python.build/.github/workflows/mac_arm_build.yml@refs/heads/main
2022-12-27T02:00:12.3816740Z Waiting for a runner to pick up this job...
2022-12-27T03:23:28.6134938Z Job is about to start running on the runner: k2 (organization)
2022-12-27T03:23:31.9980760Z Current runner version: '2.300.2'
2022-12-27T03:23:31.9985820Z Runner name: 'k2'
2022-12-27T03:23:31.9986070Z Runner group name: 'Default'
2022-12-27T03:23:31.9986570Z Machine name: 'k2'
2022-12-27T03:23:31.9988140Z ##[group]GITHUB_TOKEN Permissions
2022-12-27T03:23:31.9988570Z Actions: write
2022-12-27T03:23:31.9988710Z Checks: write
2022-12-27T03:23:31.9988840Z Contents: write
2022-12-27T03:23:31.9988960Z Deployments: write
2022-12-27T03:23:31.9989100Z Discussions: write
2022-12-27T03:23:31.9989220Z Issues: write
2022-12-27T03:23:31.9989390Z Metadata: read
2022-12-27T03:23:31.9989520Z Packages: write
2022-12-27T03:23:31.9989650Z Pages: write
2022-12-27T03:23:31.9989780Z PullRequests: write
2022-12-27T03:23:31.9989930Z RepositoryProjects: write
2022-12-27T03:23:31.9990090Z SecurityEvents: write
2022-12-27T03:23:31.9990220Z Statuses: write
2022-12-27T03:23:31.9990340Z ##[endgroup]
2022-12-27T03:23:31.9992840Z Secret source: Actions
2022-12-27T03:23:31.9993170Z Prepare workflow directory
2022-12-27T03:23:32.0635060Z Prepare all required actions
2022-12-27T03:23:32.0759170Z Getting action download info
2022-12-27T03:23:32.5110890Z Download action repository 'actions/setup-python@v4' (SHA:5ccb29d8773c3f3f653e1705f474dfaa8a06a912)
2022-12-27T03:23:34.3288820Z Download action repository 'actions/upload-artifact@v3' (SHA:83fd05a356d7e2593de66fc9913b3002723633cb)
2022-12-27T03:23:35.7062730Z ##[group]Run echo '{
2022-12-27T03:23:35.7063100Z [36;1mecho '{[0m
2022-12-27T03:23:35.7063320Z [36;1m  "environment_variables": "GRPC_PYTHON_BUILD_WITH_CYTHON=1 GRPC_BUILD_WITH_BORING_SSL_ASM='' GRPC_PYTHON_BUILD_SYSTEM_OPENSSL=TRUE",[0m
2022-12-27T03:23:35.7063520Z [36;1m  "package_name": "grpcio",[0m
2022-12-27T03:23:35.7063800Z [36;1m  "package_url": "https://files.pythonhosted.org/packages/b1/4a/2486d8af1c64757459e08b25ae8295d45d447257fb05f6758d48c79c0a73/grpcio-1.8.6.tar.gz",[0m
2022-12-27T03:23:35.7064020Z [36;1m  "package_version": "1.8.6",[0m
2022-12-27T03:23:35.7064150Z [36;1m  "python_version": "3.10",[0m
2022-12-27T03:23:35.7064280Z [36;1m  "use_ccache": "true"[0m
2022-12-27T03:23:35.7064450Z [36;1m}'[0m
2022-12-27T03:23:35.7081450Z shell: /bin/bash -e {0}
2022-12-27T03:23:35.7081620Z ##[endgroup]
2022-12-27T03:23:35.7321110Z {
2022-12-27T03:23:35.7322780Z   "environment_variables": "GRPC_PYTHON_BUILD_WITH_CYTHON=1 GRPC_BUILD_WITH_BORING_SSL_ASM= GRPC_PYTHON_BUILD_SYSTEM_OPENSSL=TRUE",
2022-12-27T03:23:35.7323100Z   "package_name": "grpcio",
2022-12-27T03:23:35.7323760Z   "package_url": "https://files.pythonhosted.org/packages/b1/4a/2486d8af1c64757459e08b25ae8295d45d447257fb05f6758d48c79c0a73/grpcio-1.8.6.tar.gz",
2022-12-27T03:23:35.7324050Z   "package_version": "1.8.6",
2022-12-27T03:23:35.7324230Z   "python_version": "3.10",
2022-12-27T03:23:35.7324430Z   "use_ccache": "true"
2022-12-27T03:23:35.7324600Z }
2022-12-27T03:23:35.7542440Z ##[group]Run actions/setup-python@v4
2022-12-27T03:23:35.7542690Z with:
2022-12-27T03:23:35.7542840Z   python-version: 3.10
2022-12-27T03:23:35.7543090Z   check-latest: false
2022-12-27T03:23:35.7543450Z   token: ***
2022-12-27T03:23:35.7543630Z   update-environment: true
2022-12-27T03:23:35.7543790Z ##[endgroup]
2022-12-27T03:23:35.8776620Z ##[group]Installed versions
2022-12-27T03:23:35.8813540Z Successfully set up CPython (3.10.9)
2022-12-27T03:23:35.8814410Z ##[endgroup]
2022-12-27T03:23:35.8962830Z ##[group]Run if [ "true" == "true" ]
2022-12-27T03:23:35.8963280Z [36;1mif [ "true" == "true" ][0m
2022-12-27T03:23:35.8963470Z [36;1mthen[0m
2022-12-27T03:23:35.8963680Z [36;1m  echo "CCACHE_PATH_PREPEND=/usr/local/opt/ccache/libexec" >> $GITHUB_OUTPUT[0m
2022-12-27T03:23:35.8963870Z [36;1melse[0m
2022-12-27T03:23:35.8964070Z [36;1m  echo "CCACHE_PATH_PREPEND=" >> $GITHUB_OUTPUT[0m
2022-12-27T03:23:35.8964330Z [36;1mfi[0m
2022-12-27T03:23:35.8981160Z shell: /bin/bash -e {0}
2022-12-27T03:23:35.8981340Z env:
2022-12-27T03:23:35.8981660Z   pythonLocation: /Users/runner/hostedtoolcache/Python/3.10.9/x64
2022-12-27T03:23:35.8981930Z   PKG_CONFIG_PATH: /Users/runner/hostedtoolcache/Python/3.10.9/x64/lib/pkgconfig
2022-12-27T03:23:35.8982530Z   Python_ROOT_DIR: /Users/runner/hostedtoolcache/Python/3.10.9/x64
2022-12-27T03:23:35.8982780Z   Python2_ROOT_DIR: /Users/runner/hostedtoolcache/Python/3.10.9/x64
2022-12-27T03:23:35.8983150Z   Python3_ROOT_DIR: /Users/runner/hostedtoolcache/Python/3.10.9/x64
2022-12-27T03:23:35.8983320Z ##[endgroup]
2022-12-27T03:23:35.9101220Z ##[group]Run echo "BUILD_NAME=$(echo grpcio_1.8.6_3.10 | tr -dc '[:alnum:]\n\r' | tr '[:upper:]' '[:lower:]')" >> $GITHUB_OUTPUT
2022-12-27T03:23:35.9101700Z [36;1mecho "BUILD_NAME=$(echo grpcio_1.8.6_3.10 | tr -dc '[:alnum:]\n\r' | tr '[:upper:]' '[:lower:]')" >> $GITHUB_OUTPUT[0m
2022-12-27T03:23:35.9116950Z shell: /bin/bash -e {0}
2022-12-27T03:23:35.9117250Z env:
2022-12-27T03:23:35.9117480Z   pythonLocation: /Users/runner/hostedtoolcache/Python/3.10.9/x64
2022-12-27T03:23:35.9117740Z   PKG_CONFIG_PATH: /Users/runner/hostedtoolcache/Python/3.10.9/x64/lib/pkgconfig
2022-12-27T03:23:35.9118010Z   Python_ROOT_DIR: /Users/runner/hostedtoolcache/Python/3.10.9/x64
2022-12-27T03:23:35.9118340Z   Python2_ROOT_DIR: /Users/runner/hostedtoolcache/Python/3.10.9/x64
2022-12-27T03:23:35.9118650Z   Python3_ROOT_DIR: /Users/runner/hostedtoolcache/Python/3.10.9/x64
2022-12-27T03:23:35.9118830Z ##[endgroup]
2022-12-27T03:23:35.9283430Z ##[group]Run echo "PYTHON_NO_DOTS=$(echo 3.10 | tr -dc '[:alnum:]\n\r' | tr '[:upper:]' '[:lower:]')" >> $GITHUB_OUTPUT
2022-12-27T03:23:35.9283760Z [36;1mecho "PYTHON_NO_DOTS=$(echo 3.10 | tr -dc '[:alnum:]\n\r' | tr '[:upper:]' '[:lower:]')" >> $GITHUB_OUTPUT[0m
2022-12-27T03:23:35.9297930Z shell: /bin/bash -e {0}
2022-12-27T03:23:35.9298170Z env:
2022-12-27T03:23:35.9298370Z   pythonLocation: /Users/runner/hostedtoolcache/Python/3.10.9/x64
2022-12-27T03:23:35.9299030Z   PKG_CONFIG_PATH: /Users/runner/hostedtoolcache/Python/3.10.9/x64/lib/pkgconfig
2022-12-27T03:23:35.9299290Z   Python_ROOT_DIR: /Users/runner/hostedtoolcache/Python/3.10.9/x64
2022-12-27T03:23:35.9299540Z   Python2_ROOT_DIR: /Users/runner/hostedtoolcache/Python/3.10.9/x64
2022-12-27T03:23:35.9299800Z   Python3_ROOT_DIR: /Users/runner/hostedtoolcache/Python/3.10.9/x64
2022-12-27T03:23:35.9299960Z ##[endgroup]
2022-12-27T03:23:35.9417470Z ##[group]Run rm -rf build_grpcio186310
2022-12-27T03:23:35.9417800Z [36;1mrm -rf build_grpcio186310[0m
2022-12-27T03:23:35.9417960Z [36;1mmkdir build_grpcio186310[0m
2022-12-27T03:23:35.9418140Z [36;1mcd build_grpcio186310[0m
2022-12-27T03:23:35.9418450Z [36;1m/usr/local/bin/wget --quiet https://files.pythonhosted.org/packages/b1/4a/2486d8af1c64757459e08b25ae8295d45d447257fb05f6758d48c79c0a73/grpcio-1.8.6.tar.gz[0m
2022-12-27T03:23:35.9418720Z [36;1mtar xf *.tar.gz[0m
2022-12-27T03:23:35.9418910Z [36;1mcd grpcio-*/[0m
2022-12-27T03:23:35.9419100Z [36;1mpython -m pip install cibuildwheel==2.11.3[0m
2022-12-27T03:23:35.9419320Z [36;1mpython -m cibuildwheel --output-dir ../wheelsout[0m
2022-12-27T03:23:35.9433050Z shell: /bin/bash -e {0}
2022-12-27T03:23:35.9433230Z env:
2022-12-27T03:23:35.9433480Z   pythonLocation: /Users/runner/hostedtoolcache/Python/3.10.9/x64
2022-12-27T03:23:35.9433770Z   PKG_CONFIG_PATH: /Users/runner/hostedtoolcache/Python/3.10.9/x64/lib/pkgconfig
2022-12-27T03:23:35.9434060Z   Python_ROOT_DIR: /Users/runner/hostedtoolcache/Python/3.10.9/x64
2022-12-27T03:23:35.9434260Z   Python2_ROOT_DIR: /Users/runner/hostedtoolcache/Python/3.10.9/x64
2022-12-27T03:23:35.9434490Z   Python3_ROOT_DIR: /Users/runner/hostedtoolcache/Python/3.10.9/x64
2022-12-27T03:23:35.9434690Z   CIBW_ARCHS_MACOS: arm64
2022-12-27T03:23:35.9434830Z   CIBW_TEST_SKIP: *_arm64
2022-12-27T03:23:35.9435040Z   CIBW_BUILD: cp310-macosx_arm64
2022-12-27T03:23:35.9435220Z   CIBW_BUILD_FRONTEND: pip
2022-12-27T03:23:35.9435370Z   CIBW_BUILD_VERBOSITY: 3
2022-12-27T03:23:35.9435750Z   CIBW_ENVIRONMENT_MACOS: GRPC_PYTHON_BUILD_WITH_CYTHON=1 GRPC_BUILD_WITH_BORING_SSL_ASM='' GRPC_PYTHON_BUILD_SYSTEM_OPENSSL=TRUE CFLAGS="-I/usr/local/opt/openssl@3/include" LDFLAGS="-L/usr/local/opt/openssl@3/lib" CPPFLAGS="-I/usr/local/opt/openssl@3/include" MAKEFLAGS="-j$(sysctl -n hw.logicalcpu)" PATH=/usr/local/opt/ccache/libexec:$PATH
2022-12-27T03:23:35.9436400Z   CIBW_BEFORE_BUILD: pip install Cython; if [[ -f requirements.txt ]]; then pip install -r requirements.txt; fi
2022-12-27T03:23:35.9436640Z   MAKEFLAGS: -j$(sysctl -n hw.logicalcpu)
2022-12-27T03:23:35.9436790Z ##[endgroup]
2022-12-27T03:23:37.3870250Z Requirement already satisfied: cibuildwheel==2.11.3 in /Users/runner/hostedtoolcache/Python/3.10.9/x64/lib/python3.10/site-packages (2.11.3)
2022-12-27T03:23:37.4117780Z Requirement already satisfied: filelock in /Users/runner/hostedtoolcache/Python/3.10.9/x64/lib/python3.10/site-packages (from cibuildwheel==2.11.3) (3.8.2)
2022-12-27T03:23:37.4122980Z Requirement already satisfied: tomli in /Users/runner/hostedtoolcache/Python/3.10.9/x64/lib/python3.10/site-packages (from cibuildwheel==2.11.3) (2.0.1)
2022-12-27T03:23:37.4128900Z Requirement already satisfied: packaging>=20.9 in /Users/runner/hostedtoolcache/Python/3.10.9/x64/lib/python3.10/site-packages (from cibuildwheel==2.11.3) (22.0)
2022-12-27T03:23:37.4132420Z Requirement already satisfied: platformdirs in /Users/runner/hostedtoolcache/Python/3.10.9/x64/lib/python3.10/site-packages (from cibuildwheel==2.11.3) (2.6.0)
2022-12-27T03:23:37.4140650Z Requirement already satisfied: typing-extensions>=4.1.0 in /Users/runner/hostedtoolcache/Python/3.10.9/x64/lib/python3.10/site-packages (from cibuildwheel==2.11.3) (4.4.0)
2022-12-27T03:23:37.4145470Z Requirement already satisfied: bashlex!=0.13 in /Users/runner/hostedtoolcache/Python/3.10.9/x64/lib/python3.10/site-packages (from cibuildwheel==2.11.3) (0.16)
2022-12-27T03:23:37.4148770Z Requirement already satisfied: certifi in /Users/runner/hostedtoolcache/Python/3.10.9/x64/lib/python3.10/site-packages (from cibuildwheel==2.11.3) (2022.12.7)
2022-12-27T03:23:37.4151950Z Requirement already satisfied: bracex in /Users/runner/hostedtoolcache/Python/3.10.9/x64/lib/python3.10/site-packages (from cibuildwheel==2.11.3) (2.3.post1)
2022-12-27T03:23:37.6023780Z 
2022-12-27T03:23:37.6024240Z      _ _       _ _   _       _           _
2022-12-27T03:23:37.6024560Z  ___|_| |_ _ _|_| |_| |_ _ _| |_ ___ ___| |
2022-12-27T03:23:37.6025960Z |  _| | . | | | | | . | | | |   | -_| -_| |
2022-12-27T03:23:37.6026270Z |___|_|___|___|_|_|___|_____|_|_|___|___|_|
2022-12-27T03:23:37.6026420Z 
2022-12-27T03:23:37.6026570Z cibuildwheel version 2.11.3
2022-12-27T03:23:37.6026740Z 
2022-12-27T03:23:37.6026860Z Build options:
2022-12-27T03:23:37.6027080Z   platform: macos
2022-12-27T03:23:37.6175950Z   architectures: arm64[0m
2022-12-27T03:23:37.6176330Z   build_selector: 
2022-12-27T03:23:37.6176800Z     build_config: cp310-macosx_arm64
2022-12-27T03:23:37.6177230Z     skip_config: 
2022-12-27T03:23:37.6178180Z     requires_python: None
2022-12-27T03:23:37.6178500Z     prerelease_pythons: False[0m
2022-12-27T03:23:37.6178860Z   [38;5;244mcontainer_engine: docker[0m
2022-12-27T03:23:37.6179340Z   output_dir: /Users/runner/actions-runner/_work/python.build/python.build/build_grpcio186310/wheelsout[0m
2022-12-27T03:23:37.6179990Z   package_dir: /Users/runner/actions-runner/_work/python.build/python.build/build_grpcio186310/grpcio-1.8.6[0m
2022-12-27T03:23:37.6180320Z   test_selector: 
2022-12-27T03:23:37.6180600Z     skip_config: *_arm64[0m
2022-12-27T03:23:37.6180860Z   [38;5;244mbefore_all: [0m
2022-12-27T03:23:37.6181230Z   before_build: pip install Cython; if [[ -f requirements.txt ]]; then pip install -r requirements.txt; fi[0m
2022-12-27T03:23:37.6181670Z   [38;5;244mbefore_test: [0m
2022-12-27T03:23:37.6181960Z   [38;5;244mbuild_frontend: pip[0m
2022-12-27T03:23:37.6182200Z   build_verbosity: 3[0m
2022-12-27T03:23:37.6182470Z   [38;5;244mconfig_settings: [0m
2022-12-27T03:23:37.6182770Z   [38;5;244mdependency_constraints: pinned[0m
2022-12-27T03:23:37.6183050Z   environment: 
2022-12-27T03:23:37.6183270Z     GRPC_PYTHON_BUILD_WITH_CYTHON=1
2022-12-27T03:23:37.6183540Z     GRPC_BUILD_WITH_BORING_SSL_ASM=''
2022-12-27T03:23:37.6183820Z     GRPC_PYTHON_BUILD_SYSTEM_OPENSSL=TRUE
2022-12-27T03:23:37.6184550Z     CFLAGS="-I/usr/local/opt/openssl@3/include"
2022-12-27T03:23:37.6184950Z     LDFLAGS="-L/usr/local/opt/openssl@3/lib"
2022-12-27T03:23:37.6185280Z     CPPFLAGS="-I/usr/local/opt/openssl@3/include"
2022-12-27T03:23:37.6185570Z     MAKEFLAGS="-j$(sysctl -n hw.logicalcpu)"
2022-12-27T03:23:37.6185890Z     PATH=/usr/local/opt/ccache/libexec:$PATH[0m
2022-12-27T03:23:37.6186250Z   [38;5;244mmanylinux_images: None[0m
2022-12-27T03:23:37.6186500Z   [38;5;244mmusllinux_images: None[0m
2022-12-27T03:23:37.6186900Z   [38;5;244mrepair_command: delocate-wheel --require-archs {delocate_archs} -w {dest_dir} -v {wheel}[0m
2022-12-27T03:23:37.6187240Z   [38;5;244mtest_command: [0m
2022-12-27T03:23:37.6187520Z   [38;5;244mtest_extras: [0m
2022-12-27T03:23:37.6187810Z   [38;5;244mtest_requires: [0m
2022-12-27T03:23:37.6187940Z 
2022-12-27T03:23:37.6188080Z Cache folder: /Users/runner/Library/Caches/cibuildwheel
2022-12-27T03:23:37.6199750Z 
2022-12-27T03:23:37.6199910Z Here we go!
2022-12-27T03:23:37.6200070Z 
2022-12-27T03:23:37.6329300Z 
2022-12-27T03:23:37.6329970Z [1m[34mBuilding cp310-macosx_arm64 wheel[0m
2022-12-27T03:23:37.6330480Z CPython 3.10 macOS arm64 - Apple Silicon
2022-12-27T03:23:37.6330830Z 
2022-12-27T03:23:37.6332980Z ##[group]Installing Python cp310...
2022-12-27T03:23:37.6333260Z 
2022-12-27T03:23:37.6333490Z + pkgutil --pkgs
2022-12-27T03:23:37.6432210Z ##[endgroup]
2022-12-27T03:23:37.6433240Z                                                               [32m✓ [0m0.01s
2022-12-27T03:23:37.6433640Z ##[group]Setting up build environment...
2022-12-27T03:23:37.6433760Z 
2022-12-27T03:23:37.6451490Z + /Users/runner/hostedtoolcache/Python/3.10.9/x64/bin/python -sS /Users/runner/Library/Caches/cibuildwheel/virtualenv-20.17.0.pyz --activators= --no-periodic-update --pip=22.3.1 --setuptools=65.6.3 --wheel=0.38.4 --symlink-app-data --python /Library/Frameworks/Python.framework/Versions/3.10/bin/python3 /private/var/folders/51/hd414ycd67n82196sw51xqtc0000gn/T/cibw-run-3vntcooy/cp310-macosx_arm64/build/venv
2022-12-27T03:23:37.8375270Z created virtual environment CPython3.10.8.final.0-64 in 54ms
2022-12-27T03:23:37.8376230Z   creator CPython3Posix(dest=/private/var/folders/51/hd414ycd67n82196sw51xqtc0000gn/T/cibw-run-3vntcooy/cp310-macosx_arm64/build/venv, clear=False, no_vcs_ignore=False, global=False)
2022-12-27T03:23:37.8376730Z   seeder FromAppData(download=False, pip=22.3.1, setuptools=65.6.3, wheel=0.38.4, via=symlink, app_data_dir=/Users/runner/Library/Application Support/virtualenv)
2022-12-27T03:23:37.8377110Z     added seed packages: pip==22.3.1, setuptools==65.6.3, wheel==0.38.4
2022-12-27T03:23:37.8507950Z + python -m pip install --upgrade pip -c /Users/runner/hostedtoolcache/Python/3.10.9/x64/lib/python3.10/site-packages/cibuildwheel/resources/constraints-python310.txt
2022-12-27T03:23:38.1257610Z Requirement already satisfied: pip in ./lib/python3.10/site-packages (22.3.1)
2022-12-27T03:23:38.2706170Z + which pip
2022-12-27T03:23:38.2726180Z /private/var/folders/51/hd414ycd67n82196sw51xqtc0000gn/T/cibw-run-3vntcooy/cp310-macosx_arm64/build/venv/bin/pip
2022-12-27T03:23:38.2728790Z + pip --version
2022-12-27T03:23:38.4688780Z pip 22.3.1 from /private/var/folders/51/hd414ycd67n82196sw51xqtc0000gn/T/cibw-run-3vntcooy/cp310-macosx_arm64/build/venv/lib/python3.10/site-packages/pip (python 3.10)
2022-12-27T03:23:38.4917210Z + which pip
2022-12-27T03:23:38.4944340Z + which python
2022-12-27T03:23:38.4962400Z /private/var/folders/51/hd414ycd67n82196sw51xqtc0000gn/T/cibw-run-3vntcooy/cp310-macosx_arm64/build/venv/bin/python
2022-12-27T03:23:38.4964610Z + python --version
2022-12-27T03:23:38.5017820Z Python 3.10.8
2022-12-27T03:23:38.5021280Z + which python
2022-12-27T03:23:38.5076450Z ##[endgroup]
2022-12-27T03:23:38.5076930Z                                                               [32m✓ [0m0.86s
2022-12-27T03:23:38.5077340Z ##[group]Installing build tools...
2022-12-27T03:23:38.5077500Z 
2022-12-27T03:23:38.5078010Z + pip install --upgrade setuptools wheel delocate -c /Users/runner/hostedtoolcache/Python/3.10.9/x64/lib/python3.10/site-packages/cibuildwheel/resources/constraints-python310.txt
2022-12-27T03:23:38.7762310Z Requirement already satisfied: setuptools in /private/var/folders/51/hd414ycd67n82196sw51xqtc0000gn/T/cibw-run-3vntcooy/cp310-macosx_arm64/build/venv/lib/python3.10/site-packages (65.6.3)
2022-12-27T03:23:38.9556460Z Requirement already satisfied: wheel in /private/var/folders/51/hd414ycd67n82196sw51xqtc0000gn/T/cibw-run-3vntcooy/cp310-macosx_arm64/build/venv/lib/python3.10/site-packages (0.38.4)
2022-12-27T03:23:39.0010170Z Collecting delocate
2022-12-27T03:23:39.0031590Z   Using cached delocate-0.10.3-py3-none-any.whl (142 kB)
2022-12-27T03:23:39.0227100Z Collecting typing-extensions
2022-12-27T03:23:39.0246710Z   Using cached typing_extensions-4.4.0-py3-none-any.whl (26 kB)
2022-12-27T03:23:39.0459170Z Collecting packaging>=20.9
2022-12-27T03:23:39.0476780Z   Using cached packaging-21.3-py3-none-any.whl (40 kB)
2022-12-27T03:23:39.0783240Z Collecting pyparsing!=3.0.5,>=2.0.2
2022-12-27T03:23:39.0801280Z   Using cached pyparsing-3.0.9-py3-none-any.whl (98 kB)
2022-12-27T03:23:39.1107260Z Installing collected packages: typing-extensions, pyparsing, packaging, delocate
2022-12-27T03:23:39.2329420Z Successfully installed delocate-0.10.3 packaging-21.3 pyparsing-3.0.9 typing-extensions-4.4.0
2022-12-27T03:23:39.2758070Z ##[endgroup]
2022-12-27T03:23:39.2758680Z                                                               [32m✓ [0m0.77s
2022-12-27T03:23:39.2759040Z ##[group]Running before_build...
2022-12-27T03:23:39.2759220Z 
2022-12-27T03:23:39.2766000Z + pip install Cython; if [[ -f requirements.txt ]]; then pip install -r requirements.txt; fi
2022-12-27T03:23:39.9493190Z Collecting Cython
2022-12-27T03:23:39.9533790Z   Using cached Cython-0.29.32-py2.py3-none-any.whl (986 kB)
2022-12-27T03:23:39.9970690Z Installing collected packages: Cython
2022-12-27T03:23:40.3890580Z Successfully installed Cython-0.29.32
2022-12-27T03:23:41.2652330Z Collecting coverage>=4.0
2022-12-27T03:23:41.2717050Z   Using cached coverage-7.0.1-cp310-cp310-macosx_10_9_x86_64.whl (188 kB)
2022-12-27T03:23:41.2816630Z Requirement already satisfied: cython>=0.23 in /private/var/folders/51/hd414ycd67n82196sw51xqtc0000gn/T/cibw-run-3vntcooy/cp310-macosx_arm64/build/venv/lib/python3.10/site-packages (from -r requirements.txt (line 3)) (0.29.32)
2022-12-27T03:23:41.2939840Z Collecting enum34>=1.0.4
2022-12-27T03:23:41.2956090Z   Using cached enum34-1.1.10-py3-none-any.whl (11 kB)
2022-12-27T03:23:41.3084940Z Collecting futures>=2.2.0
2022-12-27T03:23:41.3086500Z   Using cached futures-3.0.5-py3-none-any.whl
2022-12-27T03:23:41.5525760Z Collecting protobuf>=3.5.0.post1
2022-12-27T03:23:41.5551150Z   Using cached protobuf-4.21.12-cp37-abi3-macosx_10_9_universal2.whl (486 kB)
2022-12-27T03:23:41.5776110Z Collecting six>=1.10
2022-12-27T03:23:41.5792990Z   Using cached six-1.16.0-py2.py3-none-any.whl (11 kB)
2022-12-27T03:23:41.5807870Z Requirement already satisfied: wheel>=0.29 in /private/var/folders/51/hd414ycd67n82196sw51xqtc0000gn/T/cibw-run-3vntcooy/cp310-macosx_arm64/build/venv/lib/python3.10/site-packages (from -r requirements.txt (line 8)) (0.38.4)
2022-12-27T03:23:41.6150580Z Installing collected packages: futures, enum34, six, protobuf, coverage
2022-12-27T03:23:41.8415850Z Successfully installed coverage-7.0.1 enum34-1.1.10 futures-3.0.5 protobuf-4.21.12 six-1.16.0
2022-12-27T03:23:41.8905180Z ##[endgroup]
2022-12-27T03:23:41.8906040Z                                                               [32m✓ [0m2.61s
2022-12-27T03:23:41.8906620Z ##[group]Building wheel...
2022-12-27T03:23:41.8906780Z 
2022-12-27T03:23:41.8910830Z + python -m pip wheel /Users/runner/actions-runner/_work/python.build/python.build/build_grpcio186310/grpcio-1.8.6 --wheel-dir=/private/var/folders/51/hd414ycd67n82196sw51xqtc0000gn/T/cibw-run-3vntcooy/cp310-macosx_arm64/built_wheel --no-deps -vvv
2022-12-27T03:23:42.1408640Z Created temporary directory: /private/var/folders/51/hd414ycd67n82196sw51xqtc0000gn/T/pip-ephem-wheel-cache-7c0yfjkt
2022-12-27T03:23:42.1413110Z Created temporary directory: /private/var/folders/51/hd414ycd67n82196sw51xqtc0000gn/T/pip-build-tracker-bxcitzpe
2022-12-27T03:23:42.1414670Z Initialized build tracking at /private/var/folders/51/hd414ycd67n82196sw51xqtc0000gn/T/pip-build-tracker-bxcitzpe
2022-12-27T03:23:42.1416100Z Created build tracker: /private/var/folders/51/hd414ycd67n82196sw51xqtc0000gn/T/pip-build-tracker-bxcitzpe
2022-12-27T03:23:42.1417620Z Entered build tracker: /private/var/folders/51/hd414ycd67n82196sw51xqtc0000gn/T/pip-build-tracker-bxcitzpe
2022-12-27T03:23:42.1420540Z Created temporary directory: /private/var/folders/51/hd414ycd67n82196sw51xqtc0000gn/T/pip-wheel-38g6158i
2022-12-27T03:23:42.1426030Z Created temporary directory: /private/var/folders/51/hd414ycd67n82196sw51xqtc0000gn/T/pip-ephem-wheel-cache-fo28187m
2022-12-27T03:23:42.1561850Z Processing /Users/runner/actions-runner/_work/python.build/python.build/build_grpcio186310/grpcio-1.8.6
2022-12-27T03:23:42.1566840Z   Added file:///Users/runner/actions-runner/_work/python.build/python.build/build_grpcio186310/grpcio-1.8.6 to build tracker '/private/var/folders/51/hd414ycd67n82196sw51xqtc0000gn/T/pip-build-tracker-bxcitzpe'
2022-12-27T03:23:42.1570310Z   Running setup.py (path:/Users/runner/actions-runner/_work/python.build/python.build/build_grpcio186310/grpcio-1.8.6/setup.py) egg_info for package from file:///Users/runner/actions-runner/_work/python.build/python.build/build_grpcio186310/grpcio-1.8.6
2022-12-27T03:23:42.1572870Z   Created temporary directory: /private/var/folders/51/hd414ycd67n82196sw51xqtc0000gn/T/pip-pip-egg-info-95xzfwar
2022-12-27T03:23:42.1574280Z   Preparing metadata (setup.py): started
2022-12-27T03:23:42.1576000Z   Running command python setup.py egg_info
2022-12-27T03:23:42.5448820Z   /private/var/folders/51/hd414ycd67n82196sw51xqtc0000gn/T/cibw-run-3vntcooy/cp310-macosx_arm64/build/venv/lib/python3.10/site-packages/Cython/Compiler/Main.py:369: FutureWarning: Cython directive 'language_level' not set, using 2 for now (Py2). This will change in a later release! File: /Users/runner/actions-runner/_work/python.build/python.build/build_grpcio186310/grpcio-1.8.6/src/python/grpcio/grpc/_cython/cygrpc.pxd
2022-12-27T03:23:42.5449640Z     tree = Parsing.p_module(s, pxd, full_module_name)
2022-12-27T03:23:42.5939490Z   warning: src/python/grpcio/grpc/_cython/_cygrpc/grpc.pxi:576:2: 'grpc_compression_level' redeclared
2022-12-27T03:23:42.6056670Z   warning: src/python/grpcio/grpc/_cython/_cygrpc/grpc.pxi:138:13: 'GRPC_ARG_PRIMARY_USER_AGENT_STRING' redeclared
2022-12-27T03:23:42.6097670Z   warning: src/python/grpcio/grpc/_cython/_cygrpc/grpc.pxi:577:4: 'GRPC_COMPRESS_LEVEL_NONE' redeclared
2022-12-27T03:23:42.6099180Z   warning: src/python/grpcio/grpc/_cython/_cygrpc/grpc.pxi:578:4: 'GRPC_COMPRESS_LEVEL_LOW' redeclared
2022-12-27T03:23:42.6101280Z   warning: src/python/grpcio/grpc/_cython/_cygrpc/grpc.pxi:579:4: 'GRPC_COMPRESS_LEVEL_MED' redeclared
2022-12-27T03:23:42.6102180Z   warning: src/python/grpcio/grpc/_cython/_cygrpc/grpc.pxi:580:4: 'GRPC_COMPRESS_LEVEL_HIGH' redeclared
2022-12-27T03:23:43.4629530Z   Compiling src/python/grpcio/grpc/_cython/cygrpc.pyx because it depends on /private/var/folders/51/hd414ycd67n82196sw51xqtc0000gn/T/cibw-run-3vntcooy/cp310-macosx_arm64/build/venv/lib/python3.10/site-packages/Cython/Includes/libc/time.pxd.
2022-12-27T03:23:43.4630380Z   [1/1] Cythonizing src/python/grpcio/grpc/_cython/cygrpc.pyx
2022-12-27T03:23:43.4813470Z   running egg_info
2022-12-27T03:23:43.4818330Z   creating /private/var/folders/51/hd414ycd67n82196sw51xqtc0000gn/T/pip-pip-egg-info-95xzfwar/grpcio.egg-info
2022-12-27T03:23:43.4830370Z   writing /private/var/folders/51/hd414ycd67n82196sw51xqtc0000gn/T/pip-pip-egg-info-95xzfwar/grpcio.egg-info/PKG-INFO
2022-12-27T03:23:43.4834030Z   writing dependency_links to /private/var/folders/51/hd414ycd67n82196sw51xqtc0000gn/T/pip-pip-egg-info-95xzfwar/grpcio.egg-info/dependency_links.txt
2022-12-27T03:23:43.4836530Z   writing requirements to /private/var/folders/51/hd414ycd67n82196sw51xqtc0000gn/T/pip-pip-egg-info-95xzfwar/grpcio.egg-info/requires.txt
2022-12-27T03:23:43.4838370Z   writing top-level names to /private/var/folders/51/hd414ycd67n82196sw51xqtc0000gn/T/pip-pip-egg-info-95xzfwar/grpcio.egg-info/top_level.txt
2022-12-27T03:23:43.4840980Z   writing manifest file '/private/var/folders/51/hd414ycd67n82196sw51xqtc0000gn/T/pip-pip-egg-info-95xzfwar/grpcio.egg-info/SOURCES.txt'
2022-12-27T03:23:43.4898730Z   reading manifest file '/private/var/folders/51/hd414ycd67n82196sw51xqtc0000gn/T/pip-pip-egg-info-95xzfwar/grpcio.egg-info/SOURCES.txt'
2022-12-27T03:23:43.4901400Z   reading manifest template 'PYTHON-MANIFEST.in'
2022-12-27T03:23:43.4929950Z   warning: no files found matching '*.h' under directory 'src/python/grpcio/grpc'
2022-12-27T03:23:43.5002490Z   warning: no files found matching '*.python' under directory 'src/python/grpcio/grpc'
2022-12-27T03:23:43.5017430Z   warning: no previously-included files matching '*.so' found under directory 'src/python/grpcio/grpc/_cython'
2022-12-27T03:23:43.5018800Z   warning: no previously-included files matching '*.pyd' found under directory 'src/python/grpcio/grpc/_cython'
2022-12-27T03:23:43.5791470Z   warning: no files found matching 'src/python/grpcio/precompiled.py'
2022-12-27T03:23:43.6275840Z   writing manifest file '/private/var/folders/51/hd414ycd67n82196sw51xqtc0000gn/T/pip-pip-egg-info-95xzfwar/grpcio.egg-info/SOURCES.txt'
2022-12-27T03:23:43.7020670Z   Preparing metadata (setup.py): finished with status 'done'
2022-12-27T03:23:43.7041560Z   Source in /Users/runner/actions-runner/_work/python.build/python.build/build_grpcio186310/grpcio-1.8.6 has version 1.8.6, which satisfies requirement grpcio==1.8.6 from file:///Users/runner/actions-runner/_work/python.build/python.build/build_grpcio186310/grpcio-1.8.6
2022-12-27T03:23:43.7044710Z   Removed grpcio==1.8.6 from file:///Users/runner/actions-runner/_work/python.build/python.build/build_grpcio186310/grpcio-1.8.6 from build tracker '/private/var/folders/51/hd414ycd67n82196sw51xqtc0000gn/T/pip-build-tracker-bxcitzpe'
2022-12-27T03:23:43.7060640Z Created temporary directory: /private/var/folders/51/hd414ycd67n82196sw51xqtc0000gn/T/pip-unpack-dupg6bxc
2022-12-27T03:23:43.7062630Z Building wheels for collected packages: grpcio
2022-12-27T03:23:43.7069190Z   Created temporary directory: /private/var/folders/51/hd414ycd67n82196sw51xqtc0000gn/T/pip-wheel-22hc4a_7
2022-12-27T03:23:43.7070470Z   Building wheel for grpcio (setup.py): started
2022-12-27T03:23:43.7071930Z   Destination directory: /private/var/folders/51/hd414ycd67n82196sw51xqtc0000gn/T/pip-wheel-22hc4a_7
2022-12-27T03:23:43.7073510Z   Running command python setup.py bdist_wheel
2022-12-27T03:23:44.0857300Z   running bdist_wheel
2022-12-27T03:23:44.0879290Z   running build
2022-12-27T03:23:44.0880360Z   running build_py
2022-12-27T03:23:44.0882370Z   running build_project_metadata
2022-12-27T03:23:44.0887940Z   creating python_build
2022-12-27T03:23:44.0890180Z   creating python_build/lib.macosx-11.0-arm64-cpython-310
2022-12-27T03:23:44.0892110Z   creating python_build/lib.macosx-11.0-arm64-cpython-310/grpc
2022-12-27T03:23:44.0893000Z   copying src/python/grpcio/grpc/_channel.py -> python_build/lib.macosx-11.0-arm64-cpython-310/grpc
2022-12-27T03:23:44.0894340Z   copying src/python/grpcio/grpc/_common.py -> python_build/lib.macosx-11.0-arm64-cpython-310/grpc
2022-12-27T03:23:44.0898510Z   copying src/python/grpcio/grpc/__init__.py -> python_build/lib.macosx-11.0-arm64-cpython-310/grpc
2022-12-27T03:23:44.0900730Z   copying src/python/grpcio/grpc/_utilities.py -> python_build/lib.macosx-11.0-arm64-cpython-310/grpc
2022-12-27T03:23:44.0903580Z   copying src/python/grpcio/grpc/_plugin_wrapping.py -> python_build/lib.macosx-11.0-arm64-cpython-310/grpc
2022-12-27T03:23:44.0906510Z   copying src/python/grpcio/grpc/_interceptor.py -> python_build/lib.macosx-11.0-arm64-cpython-310/grpc
2022-12-27T03:23:44.0908220Z   copying src/python/grpcio/grpc/_grpcio_metadata.py -> python_build/lib.macosx-11.0-arm64-cpython-310/grpc
2022-12-27T03:23:44.0910750Z   copying src/python/grpcio/grpc/_server.py -> python_build/lib.macosx-11.0-arm64-cpython-310/grpc
2022-12-27T03:23:44.0913540Z   copying src/python/grpcio/grpc/_auth.py -> python_build/lib.macosx-11.0-arm64-cpython-310/grpc
2022-12-27T03:23:44.0919430Z   creating python_build/lib.macosx-11.0-arm64-cpython-310/grpc/beta
2022-12-27T03:23:44.0921750Z   copying src/python/grpcio/grpc/beta/_server_adaptations.py -> python_build/lib.macosx-11.0-arm64-cpython-310/grpc/beta
2022-12-27T03:23:44.0923810Z   copying src/python/grpcio/grpc/beta/interfaces.py -> python_build/lib.macosx-11.0-arm64-cpython-310/grpc/beta
2022-12-27T03:23:44.0926800Z   copying src/python/grpcio/grpc/beta/_metadata.py -> python_build/lib.macosx-11.0-arm64-cpython-310/grpc/beta
2022-12-27T03:23:44.0929130Z   copying src/python/grpcio/grpc/beta/__init__.py -> python_build/lib.macosx-11.0-arm64-cpython-310/grpc/beta
2022-12-27T03:23:44.0933830Z   copying src/python/grpcio/grpc/beta/utilities.py -> python_build/lib.macosx-11.0-arm64-cpython-310/grpc/beta
2022-12-27T03:23:44.0935530Z   copying src/python/grpcio/grpc/beta/implementations.py -> python_build/lib.macosx-11.0-arm64-cpython-310/grpc/beta
2022-12-27T03:23:44.0936990Z   copying src/python/grpcio/grpc/beta/_client_adaptations.py -> python_build/lib.macosx-11.0-arm64-cpython-310/grpc/beta
2022-12-27T03:23:44.0940990Z   creating python_build/lib.macosx-11.0-arm64-cpython-310/grpc/framework
2022-12-27T03:23:44.0942360Z   copying src/python/grpcio/grpc/framework/__init__.py -> python_build/lib.macosx-11.0-arm64-cpython-310/grpc/framework
2022-12-27T03:23:44.0946000Z   creating python_build/lib.macosx-11.0-arm64-cpython-310/grpc/_cython
2022-12-27T03:23:44.0947330Z   copying src/python/grpcio/grpc/_cython/__init__.py -> python_build/lib.macosx-11.0-arm64-cpython-310/grpc/_cython
2022-12-27T03:23:44.0952990Z   creating python_build/lib.macosx-11.0-arm64-cpython-310/grpc/framework/foundation
2022-12-27T03:23:44.0954450Z   copying src/python/grpcio/grpc/framework/foundation/callable_util.py -> python_build/lib.macosx-11.0-arm64-cpython-310/grpc/framework/foundation
2022-12-27T03:23:44.0957160Z   copying src/python/grpcio/grpc/framework/foundation/abandonment.py -> python_build/lib.macosx-11.0-arm64-cpython-310/grpc/framework/foundation
2022-12-27T03:23:44.0959840Z   copying src/python/grpcio/grpc/framework/foundation/__init__.py -> python_build/lib.macosx-11.0-arm64-cpython-310/grpc/framework/foundation
2022-12-27T03:23:44.0962980Z   copying src/python/grpcio/grpc/framework/foundation/stream.py -> python_build/lib.macosx-11.0-arm64-cpython-310/grpc/framework/foundation
2022-12-27T03:23:44.0965080Z   copying src/python/grpcio/grpc/framework/foundation/stream_util.py -> python_build/lib.macosx-11.0-arm64-cpython-310/grpc/framework/foundation
2022-12-27T03:23:44.0968230Z   copying src/python/grpcio/grpc/framework/foundation/future.py -> python_build/lib.macosx-11.0-arm64-cpython-310/grpc/framework/foundation
2022-12-27T03:23:44.0970650Z   copying src/python/grpcio/grpc/framework/foundation/logging_pool.py -> python_build/lib.macosx-11.0-arm64-cpython-310/grpc/framework/foundation
2022-12-27T03:23:44.0974660Z   creating python_build/lib.macosx-11.0-arm64-cpython-310/grpc/framework/common
2022-12-27T03:23:44.0976500Z   copying src/python/grpcio/grpc/framework/common/style.py -> python_build/lib.macosx-11.0-arm64-cpython-310/grpc/framework/common
2022-12-27T03:23:44.0978340Z   copying src/python/grpcio/grpc/framework/common/cardinality.py -> python_build/lib.macosx-11.0-arm64-cpython-310/grpc/framework/common
2022-12-27T03:23:44.0980890Z   copying src/python/grpcio/grpc/framework/common/__init__.py -> python_build/lib.macosx-11.0-arm64-cpython-310/grpc/framework/common
2022-12-27T03:23:44.0985200Z   creating python_build/lib.macosx-11.0-arm64-cpython-310/grpc/framework/interfaces
2022-12-27T03:23:44.0986730Z   copying src/python/grpcio/grpc/framework/interfaces/__init__.py -> python_build/lib.macosx-11.0-arm64-cpython-310/grpc/framework/interfaces
2022-12-27T03:23:44.0990780Z   creating python_build/lib.macosx-11.0-arm64-cpython-310/grpc/framework/interfaces/face
2022-12-27T03:23:44.0992330Z   copying src/python/grpcio/grpc/framework/interfaces/face/__init__.py -> python_build/lib.macosx-11.0-arm64-cpython-310/grpc/framework/interfaces/face
2022-12-27T03:23:44.0995180Z   copying src/python/grpcio/grpc/framework/interfaces/face/utilities.py -> python_build/lib.macosx-11.0-arm64-cpython-310/grpc/framework/interfaces/face
2022-12-27T03:23:44.0997750Z   copying src/python/grpcio/grpc/framework/interfaces/face/face.py -> python_build/lib.macosx-11.0-arm64-cpython-310/grpc/framework/interfaces/face
2022-12-27T03:23:44.1002840Z   creating python_build/lib.macosx-11.0-arm64-cpython-310/grpc/framework/interfaces/base
2022-12-27T03:23:44.1004630Z   copying src/python/grpcio/grpc/framework/interfaces/base/__init__.py -> python_build/lib.macosx-11.0-arm64-cpython-310/grpc/framework/interfaces/base
2022-12-27T03:23:44.1006750Z   copying src/python/grpcio/grpc/framework/interfaces/base/utilities.py -> python_build/lib.macosx-11.0-arm64-cpython-310/grpc/framework/interfaces/base
2022-12-27T03:23:44.1009900Z   copying src/python/grpcio/grpc/framework/interfaces/base/base.py -> python_build/lib.macosx-11.0-arm64-cpython-310/grpc/framework/interfaces/base
2022-12-27T03:23:44.1013430Z   creating python_build/lib.macosx-11.0-arm64-cpython-310/grpc/_cython/_cygrpc
2022-12-27T03:23:44.1015140Z   copying src/python/grpcio/grpc/_cython/_cygrpc/__init__.py -> python_build/lib.macosx-11.0-arm64-cpython-310/grpc/_cython/_cygrpc
2022-12-27T03:23:44.1019710Z   creating python_build/lib.macosx-11.0-arm64-cpython-310/grpc/_cython/_credentials
2022-12-27T03:23:44.1021400Z   copying src/python/grpcio/grpc/_cython/_credentials/roots.pem -> python_build/lib.macosx-11.0-arm64-cpython-310/grpc/_cython/_credentials
2022-12-27T03:23:44.1043800Z   running build_ext
2022-12-27T03:23:48.2661020Z   b'[C]       Compiling third_party/cares/cares/ares__close_sockets.c\n[C]       Compiling third_party/cares/cares/ares__get_hostent.c\n[C]       Compiling third_party/cares/cares/ares__read_line.c\n[C]       Compiling third_party/cares/cares/ares__timeval.c\n[C]       Compiling third_party/cares/cares/ares_cancel.c\n[C]       Compiling third_party/cares/cares/ares_create_query.c\n[C]       Compiling third_party/cares/cares/ares_data.c\n[C]       Compiling third_party/cares/cares/ares_destroy.c\n[C]       Compiling third_party/cares/cares/ares_expand_name.c\n[C]       Compiling third_party/cares/cares/ares_expand_string.c\n[C]       Compiling third_party/cares/cares/ares_fds.c\n[C]       Compiling third_party/cares/cares/ares_free_hostent.c\n[C]       Compiling third_party/cares/cares/ares_free_string.c\n[C]       Compiling third_party/cares/cares/ares_getenv.c\n[C]       Compiling third_party/cares/cares/ares_gethostbyaddr.c\n[C]       Compiling third_party/cares/cares/ares_gethostbyname.c\n[C]       Compiling third_party/cares/cares/ares_getnameinfo.c\n[C]       Compiling third_party/cares/cares/ares_getopt.c\n[C]       Compiling third_party/cares/cares/ares_getsock.c\n[C]       Compiling third_party/cares/cares/ares_init.c\n[C]       Compiling third_party/cares/cares/ares_library_init.c\n[C]       Compiling third_party/cares/cares/ares_llist.c\n[C]       Compiling third_party/cares/cares/ares_mkquery.c\n[C]       Compiling third_party/cares/cares/ares_nowarn.c\n[C]       Compiling third_party/cares/cares/ares_options.c\n[C]       Compiling third_party/cares/cares/ares_parse_a_reply.c\n[C]       Compiling third_party/cares/cares/ares_parse_aaaa_reply.c\n[C]       Compiling third_party/cares/cares/ares_parse_mx_reply.c\n[C]       Compiling third_party/cares/cares/ares_parse_naptr_reply.c\n[C]       Compiling third_party/cares/cares/ares_parse_ns_reply.c\n[C]       Compiling third_party/cares/cares/ares_parse_ptr_reply.c\n[C]       Compiling third_party/cares/cares/ares_parse_soa_reply.c\n[C]       Compiling third_party/cares/cares/ares_parse_srv_reply.c\n[C]       Compiling third_party/cares/cares/ares_parse_txt_reply.c\n[C]       Compiling third_party/cares/cares/ares_platform.c\n[C]       Compiling third_party/cares/cares/ares_process.c\n[C]       Compiling third_party/cares/cares/ares_query.c\n[C]       Compiling third_party/cares/cares/ares_search.c\n[C]       Compiling third_party/cares/cares/ares_send.c\n[C]       Compiling third_party/cares/cares/ares_strcasecmp.c\n[C]       Compiling third_party/cares/cares/ares_strdup.c\n[C]       Compiling third_party/cares/cares/ares_strerror.c\n[C]       Compiling third_party/cares/cares/ares_timeout.c\n[C]       Compiling third_party/cares/cares/ares_version.c\n[C]       Compiling third_party/cares/cares/ares_writev.c\n[C]       Compiling third_party/cares/cares/bitncmp.c\n[C]       Compiling third_party/cares/cares/inet_net_pton.c\n[C]       Compiling third_party/cares/cares/inet_ntop.c\n[C]       Compiling third_party/cares/cares/windows_port.c\n[C]       Compiling third_party/zlib/adler32.c\n[C]       Compiling third_party/zlib/compress.c\n[C]       Compiling third_party/zlib/crc32.c\n[C]       Compiling third_party/zlib/deflate.c\n[C]       Compiling third_party/zlib/gzclose.c\n[C]       Compiling third_party/zlib/gzlib.c\n[C]       Compiling third_party/zlib/gzread.c\n[C]       Compiling third_party/zlib/gzwrite.c\n[C]       Compiling third_party/zlib/infback.c\n[C]       Compiling third_party/zlib/inffast.c\n[C]       Compiling third_party/zlib/inflate.c\n[C]       Compiling third_party/zlib/inftrees.c\n[C]       Compiling third_party/zlib/trees.c\n[C]       Compiling third_party/zlib/uncompr.c\n[C]       Compiling third_party/zlib/zutil.c\n[C]       Compiling src/boringssl/err_data.c\n[C]       Compiling third_party/boringssl/crypto/aes/aes.c\n[C]       Compiling third_party/boringssl/crypto/aes/mode_wrappers.c\n[C]       Compiling third_party/boringssl/crypto/aes/key_wrap.c\n[C]       Compiling third_party/boringssl/crypto/asn1/a_bitstr.c\n[C]       Compiling third_party/boringssl/crypto/asn1/a_bool.c\n'
2022-12-27T03:23:48.2710660Z   b"make: Circular /Users/runner/actions-runner/_work/python.build/python.build/build_grpcio186310/grpcio-1.8.6/libs/opt/libares.a <- /Users/runner/actions-runner/_work/python.build/python.build/build_grpcio186310/grpcio-1.8.6/libs/opt/libz.a dependency dropped.\nIn file included from third_party/boringssl/crypto/aes/aes.c:54:\nIn file included from third_party/boringssl/include/openssl/cpu.h:64:\nthird_party/boringssl/include/openssl/base.h:133:9: error: 'OPENSSL_VERSION_NUMBER' macro redefined [-Werror,-Wmacro-redefined]\n#define OPENSSL_VERSION_NUMBER 0x100020af\n        ^\n/usr/local/opt/openssl@3/include/openssl/opensslv.h:99:10: note: previous definition is here\n# define OPENSSL_VERSION_NUMBER          \\\n         ^\nthird_party/boringssl/crypto/aes/aes.c:537:5: error: conflicting types for 'AES_set_encrypt_key'\nint AES_set_encrypt_key(const uint8_t *key, unsigned bits, AES_KEY *aeskey) {\n    ^\n/usr/local/opt/openssl@3/include/openssl/aes.h:51:5: note: previous declaration is here\nint AES_set_encrypt_key(const unsigned char *userKey, const int bits,\n    ^\nIn file included from src/boringssl/err_data.c:17:\nthird_party/boringssl/include/openssl/base.h:133:9: error: 'OPENSSL_VERSION_NUMBER' macro redefined [-Werror,-Wmacro-redefined]\n#define OPENSSL_VERSION_NUMBER 0x100020af\n        ^\n/usr/local/opt/openssl@3/include/openssl/opensslv.h:99:10: note: previous definition is here\n# define OPENSSL_VERSION_NUMBER          \\\n         ^\nthird_party/boringssl/crypto/aes/aes.c:632:5: error: conflicting types for 'AES_set_decrypt_key'\nint AES_set_decrypt_key(const uint8_t *key, unsigned bits, AES_KEY *aeskey) {\n    ^\n/usr/local/opt/openssl@3/include/openssl/aes.h:54:5: note: previous declaration is here\nint AES_set_decrypt_key(const unsigned char *userKey, const int bits,\n    ^\nthird_party/boringssl/crypto/aes/aes.c:638:12: error: 'AES_set_encrypt_key' is deprecated [-Werror,-Wdeprecated-declarations]\n  status = AES_set_encrypt_key(key, bits, aeskey);\n           ^\n/usr/local/opt/openssl@3/include/openssl/aes.h:50:1: note: 'AES_set_encrypt_key' has been explicitly marked deprecated here\nOSSL_DEPRECATEDIN_3_0\n^\n/usr/local/opt/openssl@3/include/openssl/macros.h:182:49: note: expanded from macro 'OSSL_DEPRECATEDIN_3_0'\n#   define OSSL_DEPRECATEDIN_3_0                OSSL_DEPRECATED(3.0)\n                                                ^\n/usr/local/opt/openssl@3/include/openssl/macros.h:62:52: note: expanded from macro 'OSSL_DEPRECATED'\n#     define OSSL_DEPRECATED(since) __attribute__((deprecated))\n                                                   ^\nIn file included from src/boringssl/err_data.c:18:\nIn file included from /usr/local/opt/openssl@3/include/openssl/err.h:21:\n/usr/local/opt/openssl@3/include/openssl/e_os2.h:183:11: error: 'OPENSSL_EXPORT' macro redefined [-Werror,-Wmacro-redefined]\n#  define OPENSSL_EXPORT extern\n          ^\nthird_party/boringssl/include/openssl/base.h:168:9: note: previous definition is here\n#define OPENSSL_EXPORT\n        ^\n4 errors generated.\nmake: *** [/Users/runner/actions-runner/_work/python.build/python.build/build_grpcio186310/grpcio-1.8.6/objs/opt/third_party/boringssl/crypto/aes/aes.o] Error 1\nmake: *** Waiting for unfinished jobs....\nIn file included from third_party/boringssl/crypto/aes/key_wrap.c:54:\nIn file included from third_party/boringssl/include/openssl/mem.h:60:\nthird_party/boringssl/include/openssl/base.h:133:9: error: 'OPENSSL_VERSION_NUMBER' macro redefined [-Werror,-Wmacro-redefined]\n#define OPENSSL_VERSION_NUMBER 0x100020af\n        ^\n/usr/local/opt/openssl@3/include/openssl/opensslv.h:99:10: note: previous definition is here\n# define OPENSSL_VERSION_NUMBER          \\\n         ^\nIn file included from src/boringssl/err_data.c:18:\nIn file included from /usr/local/opt/openssl@3/include/openssl/err.h:28:\nIn file included from /usr/local/opt/openssl@3/include/openssl/types.h:21:\n/usr/local/opt/openssl@3/include/openssl/safestack.h:264:15: error: redefinition of typedef 'OPENSSL_BLOCK' is a C11 feature [-Werror,-Wtypedef-redefinition]\ntypedef void *OPENSSL_BLOCK;\n              ^\nthird_party/boringssl/include/openssl/base.h:322:15: note: previous definition is here\ntypedef void *OPENSSL_BLOCK;\n              ^\nIn file included from src/boringssl/err_data.c:18:\nIn file included from /usr/local/opt/openssl@3/include/openssl/err.h:28:\n/usr/local/opt/openssl@3/include/openssl/types.h:45:31: error: redefinition of typedef 'ASN1_INTEGER' is a C11 feature [-Werror,-Wtypedef-redefinition]\ntypedef struct asn1_string_st ASN1_INTEGER;\n                              ^\nthird_party/boringssl/include/openssl/base.h:215:31: note: previous definition is here\ntypedef struct asn1_string_st ASN1_INTEGER;\n                              ^\nIn file included from src/boringssl/err_data.c:18:\nIn file included from /usr/local/opt/openssl@3/include/openssl/err.h:28:\n/usr/local/opt/openssl@3/include/openssl/types.h:46:31: error: redefinition of typedef 'ASN1_ENUMERATED' is a C11 feature [-Werror,-Wtypedef-redefinition]\ntypedef struct asn1_string_st ASN1_ENUMERATED;\n                              ^\nthird_party/boringssl/include/openssl/base.h:211:31: note: previous definition is here\ntypedef struct asn1_string_st ASN1_ENUMERATED;\n                              ^\nIn file included from src/boringssl/err_data.c:18:\nIn file included from /usr/local/opt/openssl@3/include/openssl/err.h:28:\n/usr/local/opt/openssl@3/include/openssl/types.h:47:31: error: redefinition of typedef 'ASN1_BIT_STRING' is a C11 feature [-Werror,-Wtypedef-redefinition]\ntypedef struct asn1_string_st ASN1_BIT_STRING;\n                              ^\nthird_party/boringssl/include/openssl/base.h:209:31: note: previous definition is here\ntypedef struct asn1_string_st ASN1_BIT_STRING;\n                              ^\nIn file included from src/boringssl/err_data.c:18:\nIn file included from /usr/local/opt/openssl@3/include/openssl/err.h:28:\n/usr/local/opt/openssl@3/include/openssl/types.h:48:31: error: redefinition of typedef 'ASN1_OCTET_STRING' is a C11 feature [-Werror,-Wtypedef-redefinition]\ntypedef struct asn1_string_st ASN1_OCTET_STRING;\n                              ^\nthird_party/boringssl/include/openssl/base.h:216:31: note: previous definition is here\ntypedef struct asn1_string_st ASN1_OCTET_STRING;\n                              ^\nIn file included from src/boringssl/err_data.c:18:\nIn file included from /usr/local/opt/openssl@3/include/openssl/err.h:28:\n/usr/local/opt/openssl@3/include/openssl/types.h:49:31: error: redefinition of typedef 'ASN1_PRINTABLESTRING' is a C11 feature [-Werror,-Wtypedef-redefinition]\nIn file included from typedef struct asn1_string_st ASN1_PRINTABLESTRING;third_party/boringssl/crypto/aes/key_wrap.c\n:56                              ^:\nIn file included from \nthird_party/boringssl/crypto/aes/../internal.h:112:\nthird_party/boringssl/include/openssl/ex_data.h:205:3:third_party/boringssl/include/openssl/base.h :error217: :type name requires a specifier or qualifier31\n: note: previous definition is here\n  STACK_OF(void) *sk;\n  ^\ntypedef struct asn1_string_st ASN1_PRINTABLESTRING;\n                              ^\nIn file included from src/boringssl/err_data.c:18:\nIn file included from /usr/local/opt/openssl@3/include/openssl/err.h:28:\n/usr/local/opt/openssl@3/include/openssl/types.h:50:31: error: redefinition of typedef 'ASN1_T61STRING' is a C11 feature [-Werror,-Wtypedef-redefinition]\ntypedef struct asn1_string_st ASN1_T61STRING;\n                              ^\nthird_party/boringssl/include/openssl/base.h:219:31: note: previous definition is here\ntypedef struct asn1_string_st ASN1_T61STRING;\n                              ^\nIn file included from src/boringssl/err_data.c:18:\nIn file included from /usr/local/opt/openssl@3/include/openssl/err.h:28:\n/usr/local/opt/openssl@3/include/openssl/types.h:51:31: error: redefinition of typedef 'ASN1_IA5STRING' is a C11 feature [-Werror,-Wtypedef-redefinition]\ntypedef struct asn1_string_st ASN1_IA5STRING;third_party/boringssl/include/openssl/ex_data.h\n:                              ^205\n:17: error: expected ';' at end of declaration list\nthird_party/boringssl/include/openssl/base.h:214:31  STACK_OF(void) *sk;\n                ^\n                ;\n: note: previous definition is here\ntypedef struct asn1_string_st ASN1_IA5STRING;\n                              ^\nIn file included from src/boringssl/err_data.c:18:\nIn file included from /usr/local/opt/openssl@3/include/openssl/err.h:28:\n/usr/local/opt/openssl@3/include/openssl/types.h:52:31: error: redefinition of typedef 'ASN1_GENERALSTRING' is a C11 feature [-Werror,-Wtypedef-redefinition]\ntypedef struct asn1_string_st ASN1_GENERALSTRING;\n                              ^\nthird_party/boringssl/include/openssl/base.h:213:31: note: previous definition is here\ntypedef struct asn1_string_st ASN1_GENERALSTRING;\n                              ^\nIn file included from src/boringssl/err_data.c:18:\nIn file included from /usr/local/opt/openssl@3/include/openssl/err.h:28:\n/usr/local/opt/openssl@3/include/openssl/types.h:53:31: error: redefinition of typedef 'ASN1_UNIVERSALSTRING' is a C11 feature [-Werror,-Wtypedef-redefinition]\ntypedef struct asn1_string_st ASN1_UNIVERSALSTRING;\n                              ^\nthird_party/boringssl/include/openssl/base.h:221:31: note: previous definition is here\ntypedef struct asn1_string_st ASN1_UNIVERSALSTRING;\n                              ^\nIn file included from src/boringssl/err_data.c:18:\nIn file included from /usr/local/opt/openssl@3/include/openssl/err.h:28:\n/usr/local/opt/openssl@3/include/openssl/types.h:54:31: error: redefinition of typedef 'ASN1_BMPSTRING' is a C11 feature [-Werror,-Wtypedef-redefinition]\ntypedef struct asn1_string_st ASN1_BMPSTRING;\n                              ^\nthird_party/boringssl/include/openssl/base.h:210:31: note: previous definition is here\ntypedef struct asn1_string_st ASN1_BMPSTRING;\n                              ^\nIn file included from src/boringssl/err_data.c:18:\nIn file included from /usr/local/opt/openssl@3/include/openssl/err.h:28:\n/usr/local/opt/openssl@3/include/openssl/types.h:55:31: error: redefinition of typedef 'ASN1_UTCTIME' is a C11 feature [-Werror,-Wtypedef-redefinition]\ntypedef struct asn1_string_st ASN1_UTCTIME;\n                              ^\nthird_party/boringssl/include/openssl/base.h:222:31: note: previous definition is here\ntypedef struct asn1_string_st ASN1_UTCTIME;\n                              ^\nIn file included from src/boringssl/err_data.c:18:\nIn file included from /usr/local/opt/openssl@3/include/openssl/err.h:28:\n/usr/local/opt/openssl@3/include/openssl/types.h:56:31: error: redefinition of typedef 'ASN1_TIME' is a C11 feature [-Werror,-Wtypedef-redefinition]\ntypedef struct asn1_string_st ASN1_TIME;\n                              ^\nthird_party/boringssl/include/openssl/base.h:220:31: note: previous definition is here\ntypedef struct asn1_string_st ASN1_TIME;\n                              ^\nIn file included from src/boringssl/err_data.c:18:\nIn file included from /usr/local/opt/openssl@3/include/openssl/err.h:28:\n/usr/local/opt/openssl@3/include/openssl/types.h:57:31: error: redefinition of typedef 'ASN1_GENERALIZEDTIME' is a C11 feature [-Werror,-Wtypedef-redefinition]\ntypedef struct asn1_string_st ASN1_GENERALIZEDTIME;\n                              ^\nthird_party/boringssl/include/openssl/base.h:212:31: note: previous definition is here\ntypedef struct asn1_string_st ASN1_GENERALIZEDTIME;\n                              ^\nIn file included from src/boringssl/err_data.c:18:\nIn file included from /usr/local/opt/openssl@3/include/openssl/err.h:28:\n/usr/local/opt/openssl@3/include/openssl/types.h:58:31: error: redefinition of typedef 'ASN1_VISIBLESTRING' is a C11 feature [-Werror,-Wtypedef-redefinition]\ntypedef struct asn1_string_st ASN1_VISIBLESTRING;\n                              ^\nthird_party/boringssl/include/openssl/base.h:224:31: note: previous definition is here\ntypedef struct asn1_string_st ASN1_VISIBLESTRING;\n                              ^\nIn file included from src/boringssl/err_data.c:18:\nIn file included from /usr/local/opt/openssl@3/include/openssl/err.h:28:\n/usr/local/opt/openssl@3/include/openssl/types.h:59:31: error: redefinition of typedef 'ASN1_UTF8STRING' is a C11 feature [-Werror,-Wtypedef-redefinition]\ntypedef struct asn1_string_st ASN1_UTF8STRING;\nIn file included from                               ^third_party/boringssl/crypto/aes/mode_wrappers.c\n:53third_party/boringssl/include/openssl/base.h:\n:In file included from 223third_party/boringssl/crypto/aes/../modes/internal.h::3152::\n notethird_party/boringssl/include/openssl/base.h:133:9: : error: previous definition is here'OPENSSL_VERSION_NUMBER' macro redefined [-Werror,-Wmacro-redefined]\n\ntypedef struct asn1_string_st ASN1_UTF8STRING;\n                              ^\nIn file included from #define OPENSSL_VERSION_NUMBER 0x100020afsrc/boringssl/err_data.c\n:        ^18\n:\nIn file included from /usr/local/opt/openssl@3/include/openssl/err.h:28:\n/usr/local/opt/openssl@3/include/openssl/types.h:60:/usr/local/opt/openssl@3/include/openssl/opensslv.h31::99 :error10: :redefinition of typedef 'ASN1_STRING' is a C11 feature [-Werror,-Wtypedef-redefinition] \nnote: previous definition is here\ntypedef struct asn1_string_st ASN1_STRING;\n                              ^\nthird_party/boringssl/include/openssl/base.h:218:31: note: previous definition is here\ntypedef struct asn1_string_st ASN1_STRING;\n                              ^\nfatal error: too many errors emitted, stopping now [-ferror-limit=]\n# define OPENSSL_VERSION_NUMBER          \\\n         ^\nIn file included from third_party/boringssl/crypto/aes/mode_wrappers.c:53:\nIn file included from third_party/boringssl/crypto/aes/../modes/internal.h:56:\nIn file included from third_party/boringssl/crypto/aes/../modes/../internal.h:112:\nthird_party/boringssl/include/openssl/ex_data.h:205:3: error: type name requires a specifier or qualifier\n  STACK_OF(void) *sk;\n  ^\nthird_party/boringssl/include/openssl/ex_data.h:205:17: error: expected ';' at end of declaration list\n  STACK_OF(void) *sk;\n                ^\n                ;\nIn file included from third_party/boringssl/crypto/aes/key_wrap.c:56:\nthird_party/boringssl/crypto/aes/../internal.h:481:3: error: type name requires a specifier or qualifier\n  STACK_OF(CRYPTO_EX_DATA_FUNCS) *meth;\n  ^\nthird_party/boringssl/crypto/aes/../internal.h:481:33: error: expected ';' at end of declaration list\n  STACK_OF(CRYPTO_EX_DATA_FUNCS) *meth;\n                                ^\n                                ;\nthird_party/boringssl/crypto/aes/key_wrap.c:66:5: error: conflicting types for 'AES_wrap_key'\nint AES_wrap_key(const AES_KEY *key, const uint8_t *iv, uint8_t *out,\n    ^\n/usr/local/opt/openssl@3/include/openssl/aes.h:97:5: note: previous declaration is here\nint AES_wrap_key(AES_KEY *key, const unsigned char *iv,\n    ^\nthird_party/boringssl/crypto/aes/key_wrap.c:87:7: error: 'AES_encrypt' is deprecated [-Werror,-Wdeprecated-declarations]\n      AES_encrypt(A, A, key);\n      ^\n/usr/local/opt/openssl@3/include/openssl/aes.h:56:1: note: 'AES_encrypt' has been explicitly marked deprecated here\nOSSL_DEPRECATEDIN_3_0\n^\n/usr/local/opt/openssl@3/include/openssl/macros.h:182:49: note: expanded from macro 'OSSL_DEPRECATEDIN_3_0'\n#   define OSSL_DEPRECATEDIN_3_0                OSSL_DEPRECATED(3.0)\n                                                ^\n/usr/local/opt/openssl@3/include/openssl/macros.h:62:52: note: expanded from macro 'OSSL_DEPRECATED'\n#     define OSSL_DEPRECATED(since) __attribute__((deprecated))\n                                                   ^\nthird_party/boringssl/crypto/aes/key_wrap.c:102:5: error: conflicting types for 'AES_unwrap_key'\nint AES_unwrap_key(const AES_KEY *key, const uint8_t *iv, uint8_t *out,\n    ^\n/usr/local/opt/openssl@3/include/openssl/aes.h:101:5: note: previous declaration is here\nint AES_unwrap_key(AES_KEY *key, const unsigned char *iv,\n    ^\nthird_party/boringssl/crypto/aes/key_wrap.c:128:7: error: 'AES_decrypt' is deprecated [-Werror,-Wdeprecated-declarations]\n      AES_decrypt(A, A, key);\n      ^\n/usr/local/opt/openssl@3/include/openssl/aes.h:59:1: note: 'AES_decrypt' has been explicitly marked deprecated here\nOSSL_DEPRECATEDIN_3_0\n^\n/usr/local/opt/openssl@3/include/openssl/macros.h:182:49: note: expanded from macro 'OSSL_DEPRECATEDIN_3_0'\n#   define OSSL_DEPRECATEDIN_3_0                OSSL_DEPRECATED(3.0)\n                                                ^\n/usr/local/opt/openssl@3/include/openssl/macros.h:62:52: note: expanded from macro 'OSSL_DEPRECATED'\n#     define OSSL_DEPRECATED(since) __attribute__((deprecated))\n                                                   ^\n9 errors generated.\nIn file included from third_party/boringssl/crypto/aes/mode_wrappers.c:53:\nIn file included from third_party/boringssl/crypto/aes/../modes/internal.h:56:\nthird_party/boringssl/crypto/aes/../modes/../internal.h:481:3: error: type name requires a specifier or qualifier\n  STACK_OF(CRYPTO_EX_DATA_FUNCS) *meth;\n  ^\nthird_party/boringssl/crypto/aes/../modes/../internal.h:481:33: error: expected ';' at end of declaration list\n  STACK_OF(CRYPTO_EX_DATA_FUNCS) *meth;\n                                ^\n                                ;\n20 errors generated.\nthird_party/boringssl/crypto/aes/mode_wrappers.c:60:37: error: 'AES_encrypt' is deprecated [-Werror,-Wdeprecated-declarations]\n                        (block128_f)AES_encrypt);\n                                    ^\n/usr/local/opt/openssl@3/include/openssl/aes.h:56:1: note: 'AES_encrypt' has been explicitly marked deprecated here\nOSSL_DEPRECATEDIN_3_0\n^\n/usr/local/opt/openssl@3/include/openssl/macros.h:182:49: note: expanded from macro 'OSSL_DEPRECATEDIN_3_0'\n#   define OSSL_DEPRECATEDIN_3_0                OSSL_DEPRECATED(3.0)\n                                                ^\n/usr/local/opt/openssl@3/include/openssl/macros.h:62:52: note: expanded from macro 'OSSL_DEPRECATED'\n#     define OSSL_DEPRECATED(since) __attribute__((deprecated))\n                                                   ^\nmake: *** [/Users/runner/actions-runner/_work/python.build/python.build/build_grpcio186310/grpcio-1.8.6/objs/opt/third_party/boringssl/crypto/aes/key_wrap.o] Error 1\n6 errors generated.\nmake: *** [/Users/runner/actions-runner/_work/python.build/python.build/build_grpcio186310/grpcio-1.8.6/objs/opt/src/boringssl/err_data.o] Error 1\nmake: *** [/Users/runner/actions-runner/_work/python.build/python.build/build_grpcio186310/grpcio-1.8.6/objs/opt/third_party/boringssl/crypto/aes/mode_wrappers.o] Error 1\nIn file included from third_party/boringssl/crypto/asn1/a_bitstr.c:62:\nIn file included from third_party/boringssl/include/openssl/mem.h:60:\nthird_party/boringssl/include/openssl/base.h:133:9: error: 'OPENSSL_VERSION_NUMBER' macro redefined [-Werror,-Wmacro-redefined]\n#define OPENSSL_VERSION_NUMBER 0x100020af\n        ^\n/usr/local/opt/openssl@3/include/openssl/opensslv.h:99:10: note: previous definition is here\n# define OPENSSL_VERSION_NUMBER          \\\n         ^\nIn file included from third_party/boringssl/crypto/asn1/a_bitstr.c:62:\nIn file included from third_party/boringssl/include/openssl/mem.h:60:\nthird_party/boringssl/include/openssl/base.h:168:9: error: 'OPENSSL_EXPORT' macro redefined [-Werror,-Wmacro-redefined]\n#define OPENSSL_EXPORT\n        ^\n/usr/local/opt/openssl@3/include/openssl/e_os2.h:183:11: note: previous definition is here\n#  define OPENSSL_EXPORT extern\n          ^\nIn file included from third_party/boringssl/crypto/asn1/a_bitstr.c:62:\nIn file included from third_party/boringssl/include/openssl/mem.h:60:\nthird_party/boringssl/include/openssl/base.h:202:13: error: typedef redefinition with different types ('int' vs 'struct crypto_threadid_st')\ntypedef int CRYPTO_THREADID;\n            ^\n/usr/local/opt/openssl@3/include/openssl/crypto.h:308:3: note: previous definition is here\n} CRYPTO_THREADID;\n  ^\nIn file included from third_party/boringssl/crypto/asn1/a_bitstr.c:62:\nIn file included from third_party/boringssl/include/openssl/mem.h:60:\nthird_party/boringssl/include/openssl/base.h:204:13: error: redefinition of typedef 'ASN1_BOOLEAN' is a C11 feature [-Werror,-Wtypedef-redefinition]\ntypedef int ASN1_BOOLEAN;\n            ^\n/usr/local/opt/openssl@3/include/openssl/types.h:61:13: note: previous definition is here\ntypedef int ASN1_BOOLEAN;\n            ^\nIn file included from third_party/boringssl/crypto/asn1/a_bitstr.c:62:\nIn file included from third_party/boringssl/include/openssl/mem.h:60:\nthird_party/boringssl/include/openssl/base.h:205:13: error: redefinition of typedef 'ASN1_NULL' is a C11 feature [-Werror,-Wtypedef-redefinition]\ntypedef int ASN1_NULL;\n            ^\n/usr/local/opt/openssl@3/include/openssl/types.h:62:13: note: previous definition is here\ntypedef int ASN1_NULL;\n            ^\nIn file included from third_party/boringssl/crypto/asn1/a_bitstr.c:62:\nIn file included from third_party/boringssl/include/openssl/mem.h:60:\nthird_party/boringssl/include/openssl/base.h:206:29: error: redefinition of typedef 'ASN1_ITEM' is a C11 feature [-Werror,-Wtypedef-redefinition]\ntypedef struct ASN1_ITEM_st ASN1_ITEM;\n                            ^\n/usr/local/opt/openssl@3/include/openssl/types.h:69:29: note: previous definition is here\ntypedef struct ASN1_ITEM_st ASN1_ITEM;\n                            ^\nIn file included from third_party/boringssl/crypto/asn1/a_bitstr.c:62:\nIn file included from third_party/boringssl/include/openssl/mem.h:60:\nthird_party/boringssl/include/openssl/base.h:207:31: error: redefinition of typedef 'ASN1_OBJECT' is a C11 feature [-Werror,-Wtypedef-redefinition]\ntypedef struct asn1_object_st ASN1_OBJECT;\n                              ^\n/usr/local/opt/openssl@3/include/openssl/types.h:66:31: note: previous definition is here\ntypedef struct asn1_object_st ASN1_OBJECT;\n                              ^\nIn file included from third_party/boringssl/crypto/asn1/a_bitstr.c:62:\nIn file included from third_party/boringssl/include/openssl/mem.h:60:\nthird_party/boringssl/include/openssl/base.h:208:29: error: redefinition of typedef 'ASN1_PCTX' is a C11 feature [-Werror,-Wtypedef-redefinition]\ntypedef struct asn1_pctx_st ASN1_PCTX;\n                            ^\n/usr/local/opt/openssl@3/include/openssl/types.h:70:29: note: previous definition is here\ntypedef struct asn1_pctx_st ASN1_PCTX;\n                            ^\nIn file included from third_party/boringssl/crypto/asn1/a_bitstr.c:62:\nIn file included from third_party/boringssl/include/openssl/mem.h:60:\nthird_party/boringssl/include/openssl/base.h:209:31: error: redefinition of typedef 'ASN1_BIT_STRING' is a C11 feature [-Werror,-Wtypedef-redefinition]\ntypedef struct asn1_string_st ASN1_BIT_STRING;\n                              ^\n/usr/local/opt/openssl@3/include/openssl/types.h:47:31: note: previous definition is here\ntypedef struct asn1_string_st ASN1_BIT_STRING;\n                              ^\nIn file included from third_party/boringssl/crypto/asn1/a_bitstr.c:62:\nIn file included from third_party/boringssl/include/openssl/mem.h:60:\nthird_party/boringssl/include/openssl/base.h:210:31: error: redefinition of typedef 'ASN1_BMPSTRING' is a C11 feature [-Werror,-Wtypedef-redefinition]\ntypedef struct asn1_string_st ASN1_BMPSTRING;\n                              ^\n/usr/local/opt/openssl@3/include/openssl/types.h:54:31: note: previous definition is here\ntypedef struct asn1_string_st ASN1_BMPSTRING;\n                              ^\nIn file included from third_party/boringssl/crypto/asn1/a_bitstr.c:62:\nIn file included from third_party/boringssl/include/openssl/mem.h:60:\nthird_party/boringssl/include/openssl/base.h:211:31: error: redefinition of typedef 'ASN1_ENUMERATED' is a C11 feature [-Werror,-Wtypedef-redefinition]\ntypedef struct asn1_string_st ASN1_ENUMERATED;\n                              ^\n/usr/local/opt/openssl@3/include/openssl/types.h:46:31: note: previous definition is here\ntypedef struct asn1_string_st ASN1_ENUMERATED;\n                              ^\nIn file included from third_party/boringssl/crypto/asn1/a_bitstr.c:62:\nIn file included from third_party/boringssl/include/openssl/mem.h:60:\nthird_party/boringssl/include/openssl/base.h:212:31: error: redefinition of typedef 'ASN1_GENERALIZEDTIME' is a C11 feature [-Werror,-Wtypedef-redefinition]\ntypedef struct asn1_string_st ASN1_GENERALIZEDTIME;\n                              ^\n/usr/local/opt/openssl@3/include/openssl/types.h:57:31: note: previous definition is here\ntypedef struct asn1_string_st ASN1_GENERALIZEDTIME;\n                              ^\nIn file included from third_party/boringssl/crypto/asn1/a_bitstr.c:62:\nIn file included from third_party/boringssl/include/openssl/mem.h:60:\nthird_party/boringssl/include/openssl/base.h:213:31: error: redefinition of typedef 'ASN1_GENERALSTRING' is a C11 feature [-Werror,-Wtypedef-redefinition]\ntypedef struct asn1_string_st ASN1_GENERALSTRING;\n                              ^\n/usr/local/opt/openssl@3/include/openssl/types.h:52:31: note: previous definition is here\ntypedef struct asn1_string_st ASN1_GENERALSTRING;\n                              ^\nIn file included from third_party/boringssl/crypto/asn1/a_bitstr.c:62:\nIn file included from third_party/boringssl/include/openssl/mem.h:60:\nthird_party/boringssl/include/openssl/base.h:214:31: error: redefinition of typedef 'ASN1_IA5STRING' is a C11 feature [-Werror,-Wtypedef-redefinition]\ntypedef struct asn1_string_st ASN1_IA5STRING;\n                              ^\n/usr/local/opt/openssl@3/include/openssl/types.h:51:31: note: previous definition is here\ntypedef struct asn1_string_st ASN1_IA5STRING;\n                              ^\nIn file included from third_party/boringssl/crypto/asn1/a_bitstr.c:62:\nIn file included from third_party/boringssl/include/openssl/mem.h:60:\nthird_party/boringssl/include/openssl/base.h:215:31: error: redefinition of typedef 'ASN1_INTEGER' is a C11 feature [-Werror,-Wtypedef-redefinition]\ntypedef struct asn1_string_st ASN1_INTEGER;\n                              ^\n/usr/local/opt/openssl@3/include/openssl/types.h:45:31: note: previous definition is here\ntypedef struct asn1_string_st ASN1_INTEGER;\n                              ^\nIn file included from third_party/boringssl/crypto/asn1/a_bitstr.c:62:\nIn file included from third_party/boringssl/include/openssl/mem.h:60:\nthird_party/boringssl/include/openssl/base.h:216:31: error: redefinition of typedef 'ASN1_OCTET_STRING' is a C11 feature [-Werror,-Wtypedef-redefinition]\ntypedef struct asn1_string_st ASN1_OCTET_STRING;\n                              ^\n/usr/local/opt/openssl@3/include/openssl/types.h:48:31: note: previous definition is here\ntypedef struct asn1_string_st ASN1_OCTET_STRING;\n                              ^\nIn file included from third_party/boringssl/crypto/asn1/a_bitstr.c:62:\nIn file included from third_party/boringssl/include/openssl/mem.h:60:\nthird_party/boringssl/include/openssl/base.h:217:31: error: redefinition of typedef 'ASN1_PRINTABLESTRING' is a C11 feature [-Werror,-Wtypedef-redefinition]\ntypedef struct asn1_string_st ASN1_PRINTABLESTRING;\n                              ^\n/usr/local/opt/openssl@3/include/openssl/types.h:49:31: note: previous definition is here\ntypedef struct asn1_string_st ASN1_PRINTABLESTRING;\n                              ^\nIn file included from third_party/boringssl/crypto/asn1/a_bitstr.c:62:\nIn file included from third_party/boringssl/include/openssl/mem.h:60:\nthird_party/boringssl/include/openssl/base.h:218:31: error: redefinition of typedef 'ASN1_STRING' is a C11 feature [-Werror,-Wtypedef-redefinition]\ntypedef struct asn1_string_st ASN1_STRING;\n                              ^\n/usr/local/opt/openssl@3/include/openssl/types.h:60:31: note: previous definition is here\ntypedef struct asn1_string_st ASN1_STRING;\n                              ^\nIn file included from third_party/boringssl/crypto/asn1/a_bitstr.c:62:\nIn file included from third_party/boringssl/include/openssl/mem.h:60:\nthird_party/boringssl/include/openssl/base.h:219:31: error: redefinition of typedef 'ASN1_T61STRING' is a C11 feature [-Werror,-Wtypedef-redefinition]\ntypedef struct asn1_string_st ASN1_T61STRING;\n                              ^\n/usr/local/opt/openssl@3/include/openssl/types.h:50:31: note: previous definition is here\ntypedef struct asn1_string_st ASN1_T61STRING;\n                              ^\nfatal error: too many errors emitted, stopping now [-ferror-limit=]\n20 errors generated.\nmake: *** [/Users/runner/actions-runner/_work/python.build/python.build/build_grpcio186310/grpcio-1.8.6/objs/opt/third_party/boringssl/crypto/asn1/a_bitstr.o] Error 1\nIn file included from third_party/boringssl/crypto/asn1/a_bool.c:60:\nIn file included from third_party/boringssl/include/openssl/mem.h:60:\nthird_party/boringssl/include/openssl/base.h:133:9: error: 'OPENSSL_VERSION_NUMBER' macro redefined [-Werror,-Wmacro-redefined]\n#define OPENSSL_VERSION_NUMBER 0x100020af\n        ^\n/usr/local/opt/openssl@3/include/openssl/opensslv.h:99:10: note: previous definition is here\n# define OPENSSL_VERSION_NUMBER          \\\n         ^\nIn file included from third_party/boringssl/crypto/asn1/a_bool.c:60:\nIn file included from third_party/boringssl/include/openssl/mem.h:60:\nthird_party/boringssl/include/openssl/base.h:168:9: error: 'OPENSSL_EXPORT' macro redefined [-Werror,-Wmacro-redefined]\n#define OPENSSL_EXPORT\n        ^\n/usr/local/opt/openssl@3/include/openssl/e_os2.h:183:11: note: previous definition is here\n#  define OPENSSL_EXPORT extern\n          ^\nIn file included from third_party/boringssl/crypto/asn1/a_bool.c:60:\nIn file included from third_party/boringssl/include/openssl/mem.h:60:\nthird_party/boringssl/include/openssl/base.h:202:13: error: typedef redefinition with different types ('int' vs 'struct crypto_threadid_st')\ntypedef int CRYPTO_THREADID;\n            ^\n/usr/local/opt/openssl@3/include/openssl/crypto.h:308:3: note: previous definition is here\n} CRYPTO_THREADID;\n  ^\nIn file included from third_party/boringssl/crypto/asn1/a_bool.c:60:\nIn file included from third_party/boringssl/include/openssl/mem.h:60:\nthird_party/boringssl/include/openssl/base.h:204:13: error: redefinition of typedef 'ASN1_BOOLEAN' is a C11 feature [-Werror,-Wtypedef-redefinition]\ntypedef int ASN1_BOOLEAN;\n            ^\n/usr/local/opt/openssl@3/include/openssl/types.h:61:13: note: previous definition is here\ntypedef int ASN1_BOOLEAN;\n            ^\nIn file included from third_party/boringssl/crypto/asn1/a_bool.c:60:\nIn file included from third_party/boringssl/include/openssl/mem.h:60:\nthird_party/boringssl/include/openssl/base.h:205:13: error: redefinition of typedef 'ASN1_NULL' is a C11 feature [-Werror,-Wtypedef-redefinition]\ntypedef int ASN1_NULL;\n            ^\n/usr/local/opt/openssl@3/include/openssl/types.h:62:13: note: previous definition is here\ntypedef int ASN1_NULL;\n            ^\nIn file included from third_party/boringssl/crypto/asn1/a_bool.c:60:\nIn file included from third_party/boringssl/include/openssl/mem.h:60:\nthird_party/boringssl/include/openssl/base.h:206:29: error: redefinition of typedef 'ASN1_ITEM' is a C11 feature [-Werror,-Wtypedef-redefinition]\ntypedef struct ASN1_ITEM_st ASN1_ITEM;\n                            ^\n/usr/local/opt/openssl@3/include/openssl/types.h:69:29: note: previous definition is here\ntypedef struct ASN1_ITEM_st ASN1_ITEM;\n                            ^\nIn file included from third_party/boringssl/crypto/asn1/a_bool.c:60:\nIn file included from third_party/boringssl/include/openssl/mem.h:60:\nthird_party/boringssl/include/openssl/base.h:207:31: error: redefinition of typedef 'ASN1_OBJECT' is a C11 feature [-Werror,-Wtypedef-redefinition]\ntypedef struct asn1_object_st ASN1_OBJECT;\n                              ^\n/usr/local/opt/openssl@3/include/openssl/types.h:66:31: note: previous definition is here\ntypedef struct asn1_object_st ASN1_OBJECT;\n                              ^\nIn file included from third_party/boringssl/crypto/asn1/a_bool.c:60:\nIn file included from third_party/boringssl/include/openssl/mem.h:60:\nthird_party/boringssl/include/openssl/base.h:208:29: error: redefinition of typedef 'ASN1_PCTX' is a C11 feature [-Werror,-Wtypedef-redefinition]\ntypedef struct asn1_pctx_st ASN1_PCTX;\n                            ^\n/usr/local/opt/openssl@3/include/openssl/types.h:70:29: note: previous definition is here\ntypedef struct asn1_pctx_st ASN1_PCTX;\n                            ^\nIn file included from third_party/boringssl/crypto/asn1/a_bool.c:60:\nIn file included from third_party/boringssl/include/openssl/mem.h:60:\nthird_party/boringssl/include/openssl/base.h:209:31: error: redefinition of typedef 'ASN1_BIT_STRING' is a C11 feature [-Werror,-Wtypedef-redefinition]\ntypedef struct asn1_string_st ASN1_BIT_STRING;\n                              ^\n/usr/local/opt/openssl@3/include/openssl/types.h:47:31: note: previous definition is here\ntypedef struct asn1_string_st ASN1_BIT_STRING;\n                              ^\nIn file included from third_party/boringssl/crypto/asn1/a_bool.c:60:\nIn file included from third_party/boringssl/include/openssl/mem.h:60:\nthird_party/boringssl/include/openssl/base.h:210:31: error: redefinition of typedef 'ASN1_BMPSTRING' is a C11 feature [-Werror,-Wtypedef-redefinition]\ntypedef struct asn1_string_st ASN1_BMPSTRING;\n                              ^\n/usr/local/opt/openssl@3/include/openssl/types.h:54:31: note: previous definition is here\ntypedef struct asn1_string_st ASN1_BMPSTRING;\n                              ^\nIn file included from third_party/boringssl/crypto/asn1/a_bool.c:60:\nIn file included from third_party/boringssl/include/openssl/mem.h:60:\nthird_party/boringssl/include/openssl/base.h:211:31: error: redefinition of typedef 'ASN1_ENUMERATED' is a C11 feature [-Werror,-Wtypedef-redefinition]\ntypedef struct asn1_string_st ASN1_ENUMERATED;\n                              ^\n/usr/local/opt/openssl@3/include/openssl/types.h:46:31: note: previous definition is here\ntypedef struct asn1_string_st ASN1_ENUMERATED;\n                              ^\nIn file included from third_party/boringssl/crypto/asn1/a_bool.c:60:\nIn file included from third_party/boringssl/include/openssl/mem.h:60:\nthird_party/boringssl/include/openssl/base.h:212:31: error: redefinition of typedef 'ASN1_GENERALIZEDTIME' is a C11 feature [-Werror,-Wtypedef-redefinition]\ntypedef struct asn1_string_st ASN1_GENERALIZEDTIME;\n                              ^\n/usr/local/opt/openssl@3/include/openssl/types.h:57:31: note: previous definition is here\ntypedef struct asn1_string_st ASN1_GENERALIZEDTIME;\n                              ^\nIn file included from third_party/boringssl/crypto/asn1/a_bool.c:60:\nIn file included from third_party/boringssl/include/openssl/mem.h:60:\nthird_party/boringssl/include/openssl/base.h:213:31: error: redefinition of typedef 'ASN1_GENERALSTRING' is a C11 feature [-Werror,-Wtypedef-redefinition]\ntypedef struct asn1_string_st ASN1_GENERALSTRING;\n                              ^\n/usr/local/opt/openssl@3/include/openssl/types.h:52:31: note: previous definition is here\ntypedef struct asn1_string_st ASN1_GENERALSTRING;\n                              ^\nIn file included from third_party/boringssl/crypto/asn1/a_bool.c:60:\nIn file included from third_party/boringssl/include/openssl/mem.h:60:\nthird_party/boringssl/include/openssl/base.h:214:31: error: redefinition of typedef 'ASN1_IA5STRING' is a C11 feature [-Werror,-Wtypedef-redefinition]\ntypedef struct asn1_string_st ASN1_IA5STRING;\n                              ^\n/usr/local/opt/openssl@3/include/openssl/types.h:51:31: note: previous definition is here\ntypedef struct asn1_string_st ASN1_IA5STRING;\n                              ^\nIn file included from third_party/boringssl/crypto/asn1/a_bool.c:60:\nIn file included from third_party/boringssl/include/openssl/mem.h:60:\nthird_party/boringssl/include/openssl/base.h:215:31: error: redefinition of typedef 'ASN1_INTEGER' is a C11 feature [-Werror,-Wtypedef-redefinition]\ntypedef struct asn1_string_st ASN1_INTEGER;\n                              ^\n/usr/local/opt/openssl@3/include/openssl/types.h:45:31: note: previous definition is here\ntypedef struct asn1_string_st ASN1_INTEGER;\n                              ^\nIn file included from third_party/boringssl/crypto/asn1/a_bool.c:60:\nIn file included from third_party/boringssl/include/openssl/mem.h:60:\nthird_party/boringssl/include/openssl/base.h:216:31: error: redefinition of typedef 'ASN1_OCTET_STRING' is a C11 feature [-Werror,-Wtypedef-redefinition]\ntypedef struct asn1_string_st ASN1_OCTET_STRING;\n                              ^\n/usr/local/opt/openssl@3/include/openssl/types.h:48:31: note: previous definition is here\ntypedef struct asn1_string_st ASN1_OCTET_STRING;\n                              ^\nIn file included from third_party/boringssl/crypto/asn1/a_bool.c:60:\nIn file included from third_party/boringssl/include/openssl/mem.h:60:\nthird_party/boringssl/include/openssl/base.h:217:31: error: redefinition of typedef 'ASN1_PRINTABLESTRING' is a C11 feature [-Werror,-Wtypedef-redefinition]\ntypedef struct asn1_string_st ASN1_PRINTABLESTRING;\n                              ^\n/usr/local/opt/openssl@3/include/openssl/types.h:49:31: note: previous definition is here\ntypedef struct asn1_string_st ASN1_PRINTABLESTRING;\n                              ^\nIn file included from third_party/boringssl/crypto/asn1/a_bool.c:60:\nIn file included from third_party/boringssl/include/openssl/mem.h:60:\nthird_party/boringssl/include/openssl/base.h:218:31: error: redefinition of typedef 'ASN1_STRING' is a C11 feature [-Werror,-Wtypedef-redefinition]\ntypedef struct asn1_string_st ASN1_STRING;\n                              ^\n/usr/local/opt/openssl@3/include/openssl/types.h:60:31: note: previous definition is here\ntypedef struct asn1_string_st ASN1_STRING;\n                              ^\nIn file included from third_party/boringssl/crypto/asn1/a_bool.c:60:\nIn file included from third_party/boringssl/include/openssl/mem.h:60:\nthird_party/boringssl/include/openssl/base.h:219:31: error: redefinition of typedef 'ASN1_T61STRING' is a C11 feature [-Werror,-Wtypedef-redefinition]\ntypedef struct asn1_string_st ASN1_T61STRING;\n                              ^\n/usr/local/opt/openssl@3/include/openssl/types.h:50:31: note: previous definition is here\ntypedef struct asn1_string_st ASN1_T61STRING;\n                              ^\nfatal error: too many errors emitted, stopping now [-ferror-limit=]\n20 errors generated.\nmake: *** [/Users/runner/actions-runner/_work/python.build/python.build/build_grpcio186310/grpcio-1.8.6/objs/opt/third_party/boringssl/crypto/asn1/a_bool.o] Error 1\n"
2022-12-27T03:23:48.2735550Z   Traceback (most recent call last):
2022-12-27T03:23:48.2740660Z     File "<string>", line 2, in <module>
2022-12-27T03:23:48.2741090Z     File "<pip-setuptools-caller>", line 34, in <module>
2022-12-27T03:23:48.2741470Z     File "/Users/runner/actions-runner/_work/python.build/python.build/build_grpcio186310/grpcio-1.8.6/setup.py", line 293, in <module>
2022-12-27T03:23:48.2741740Z       setuptools.setup(
2022-12-27T03:23:48.2742160Z     File "/private/var/folders/51/hd414ycd67n82196sw51xqtc0000gn/T/cibw-run-3vntcooy/cp310-macosx_arm64/build/venv/lib/python3.10/site-packages/setuptools/__init__.py", line 87, in setup
2022-12-27T03:23:48.2742420Z       return distutils.core.setup(**attrs)
2022-12-27T03:23:48.2742860Z     File "/private/var/folders/51/hd414ycd67n82196sw51xqtc0000gn/T/cibw-run-3vntcooy/cp310-macosx_arm64/build/venv/lib/python3.10/site-packages/setuptools/_distutils/core.py", line 185, in setup
2022-12-27T03:23:48.2743140Z       return run_commands(dist)
2022-12-27T03:23:48.2743560Z     File "/private/var/folders/51/hd414ycd67n82196sw51xqtc0000gn/T/cibw-run-3vntcooy/cp310-macosx_arm64/build/venv/lib/python3.10/site-packages/setuptools/_distutils/core.py", line 201, in run_commands
2022-12-27T03:23:48.2743840Z       dist.run_commands()
2022-12-27T03:23:48.2744210Z     File "/private/var/folders/51/hd414ycd67n82196sw51xqtc0000gn/T/cibw-run-3vntcooy/cp310-macosx_arm64/build/venv/lib/python3.10/site-packages/setuptools/_distutils/dist.py", line 969, in run_commands
2022-12-27T03:23:48.2744470Z       self.run_command(cmd)
2022-12-27T03:23:48.2744850Z     File "/private/var/folders/51/hd414ycd67n82196sw51xqtc0000gn/T/cibw-run-3vntcooy/cp310-macosx_arm64/build/venv/lib/python3.10/site-packages/setuptools/dist.py", line 1208, in run_command
2022-12-27T03:23:48.2745110Z       super().run_command(command)
2022-12-27T03:23:48.2745620Z     File "/private/var/folders/51/hd414ycd67n82196sw51xqtc0000gn/T/cibw-run-3vntcooy/cp310-macosx_arm64/build/venv/lib/python3.10/site-packages/setuptools/_distutils/dist.py", line 988, in run_command
2022-12-27T03:23:48.2745880Z       cmd_obj.run()
2022-12-27T03:23:48.2746270Z     File "/private/var/folders/51/hd414ycd67n82196sw51xqtc0000gn/T/cibw-run-3vntcooy/cp310-macosx_arm64/build/venv/lib/python3.10/site-packages/wheel/bdist_wheel.py", line 325, in run
2022-12-27T03:23:48.2746510Z       self.run_command("build")
2022-12-27T03:23:48.2746900Z     File "/private/var/folders/51/hd414ycd67n82196sw51xqtc0000gn/T/cibw-run-3vntcooy/cp310-macosx_arm64/build/venv/lib/python3.10/site-packages/setuptools/_distutils/cmd.py", line 318, in run_command
2022-12-27T03:23:48.2747180Z       self.distribution.run_command(command)
2022-12-27T03:23:48.2747580Z     File "/private/var/folders/51/hd414ycd67n82196sw51xqtc0000gn/T/cibw-run-3vntcooy/cp310-macosx_arm64/build/venv/lib/python3.10/site-packages/setuptools/dist.py", line 1208, in run_command
2022-12-27T03:23:48.2747820Z       super().run_command(command)
2022-12-27T03:23:48.2748230Z     File "/private/var/folders/51/hd414ycd67n82196sw51xqtc0000gn/T/cibw-run-3vntcooy/cp310-macosx_arm64/build/venv/lib/python3.10/site-packages/setuptools/_distutils/dist.py", line 988, in run_command
2022-12-27T03:23:48.2748560Z       cmd_obj.run()
2022-12-27T03:23:48.2748960Z     File "/private/var/folders/51/hd414ycd67n82196sw51xqtc0000gn/T/cibw-run-3vntcooy/cp310-macosx_arm64/build/venv/lib/python3.10/site-packages/setuptools/_distutils/command/build.py", line 132, in run
2022-12-27T03:23:48.2749230Z       self.run_command(cmd_name)
2022-12-27T03:23:48.2749610Z     File "/private/var/folders/51/hd414ycd67n82196sw51xqtc0000gn/T/cibw-run-3vntcooy/cp310-macosx_arm64/build/venv/lib/python3.10/site-packages/setuptools/_distutils/cmd.py", line 318, in run_command
2022-12-27T03:23:48.2749900Z       self.distribution.run_command(command)
2022-12-27T03:23:48.2750450Z     File "/private/var/folders/51/hd414ycd67n82196sw51xqtc0000gn/T/cibw-run-3vntcooy/cp310-macosx_arm64/build/venv/lib/python3.10/site-packages/setuptools/dist.py", line 1208, in run_command
2022-12-27T03:23:48.2750720Z       super().run_command(command)
2022-12-27T03:23:48.2751130Z     File "/private/var/folders/51/hd414ycd67n82196sw51xqtc0000gn/T/cibw-run-3vntcooy/cp310-macosx_arm64/build/venv/lib/python3.10/site-packages/setuptools/_distutils/dist.py", line 988, in run_command
2022-12-27T03:23:48.2751420Z       cmd_obj.run()
2022-12-27T03:23:48.2751820Z     File "/private/var/folders/51/hd414ycd67n82196sw51xqtc0000gn/T/cibw-run-3vntcooy/cp310-macosx_arm64/build/venv/lib/python3.10/site-packages/setuptools/command/build_ext.py", line 84, in run
2022-12-27T03:23:48.2752080Z       _build_ext.run(self)
2022-12-27T03:23:48.2752490Z     File "/private/var/folders/51/hd414ycd67n82196sw51xqtc0000gn/T/cibw-run-3vntcooy/cp310-macosx_arm64/build/venv/lib/python3.10/site-packages/Cython/Distutils/old_build_ext.py", line 186, in run
2022-12-27T03:23:48.2752780Z       _build_ext.build_ext.run(self)
2022-12-27T03:23:48.2753170Z     File "/private/var/folders/51/hd414ycd67n82196sw51xqtc0000gn/T/cibw-run-3vntcooy/cp310-macosx_arm64/build/venv/lib/python3.10/site-packages/setuptools/_distutils/command/build_ext.py", line 346, in run
2022-12-27T03:23:48.2753450Z       self.build_extensions()
2022-12-27T03:23:48.2753820Z     File "/Users/runner/actions-runner/_work/python.build/python.build/build_grpcio186310/grpcio-1.8.6/src/python/grpcio/commands.py", line 276, in build_extensions
2022-12-27T03:23:48.2754070Z       raise Exception("make command failed!")
2022-12-27T03:23:48.2754280Z   Exception: make command failed!
2022-12-27T03:23:48.3103080Z   error: subprocess-exited-with-error
2022-12-27T03:23:48.3103390Z   
2022-12-27T03:23:48.3103880Z   × python setup.py bdist_wheel did not run successfully.
2022-12-27T03:23:48.3104240Z   │ exit code: 1
2022-12-27T03:23:48.3104660Z   ╰─> See above for output.
2022-12-27T03:23:48.3104870Z   
2022-12-27T03:23:48.3105110Z   note: This error originates from a subprocess, and is likely not a problem with pip.
2022-12-27T03:23:48.3111480Z   full command: /private/var/folders/51/hd414ycd67n82196sw51xqtc0000gn/T/cibw-run-3vntcooy/cp310-macosx_arm64/build/venv/bin/python -u -c '
2022-12-27T03:23:48.3112300Z   exec(compile('"'"''"'"''"'"'
2022-12-27T03:23:48.3112770Z   # This is <pip-setuptools-caller> -- a caller that pip uses to run setup.py
2022-12-27T03:23:48.3113140Z   #
2022-12-27T03:23:48.3114750Z   # - It imports setuptools before invoking setup.py, to enable projects that directly
2022-12-27T03:23:48.3115320Z   #   import from `distutils.core` to work with newer packaging standards.
2022-12-27T03:23:48.3115870Z   # - It provides a clear error message when setuptools is not installed.
2022-12-27T03:23:48.3116820Z   # - It sets `sys.argv[0]` to the underlying `setup.py`, when invoking `setup.py` so
2022-12-27T03:23:48.3117450Z   #   setuptools doesn'"'"'t think the script is `-c`. This avoids the following warning:
2022-12-27T03:23:48.3118010Z   #     manifest_maker: standard file '"'"'-c'"'"' not found".
2022-12-27T03:23:48.3118500Z   # - It generates a shim setup.py, for handling setup.cfg-only projects.
2022-12-27T03:23:48.3118900Z   import os, sys, tokenize
2022-12-27T03:23:48.3119200Z   
2022-12-27T03:23:48.3119490Z   try:
2022-12-27T03:23:48.3120180Z       import setuptools
2022-12-27T03:23:48.3120480Z   except ImportError as error:
2022-12-27T03:23:48.3120760Z       print(
2022-12-27T03:23:48.3121050Z           "ERROR: Can not execute `setup.py` since setuptools is not available in "
2022-12-27T03:23:48.3121400Z           "the build environment.",
2022-12-27T03:23:48.3121660Z           file=sys.stderr,
2022-12-27T03:23:48.3122260Z       )
2022-12-27T03:23:48.3122460Z       sys.exit(1)
2022-12-27T03:23:48.3122710Z   
2022-12-27T03:23:48.3122960Z   __file__ = %r
2022-12-27T03:23:48.3123180Z   sys.argv[0] = __file__
2022-12-27T03:23:48.3123960Z   
2022-12-27T03:23:48.3124240Z   if os.path.exists(__file__):
2022-12-27T03:23:48.3124500Z       filename = __file__
2022-12-27T03:23:48.3124800Z       with tokenize.open(__file__) as f:
2022-12-27T03:23:48.3125400Z           setup_py_code = f.read()
2022-12-27T03:23:48.3125640Z   else:
2022-12-27T03:23:48.3126070Z       filename = "<auto-generated setuptools caller>"
2022-12-27T03:23:48.3126460Z       setup_py_code = "from setuptools import setup; setup()"
2022-12-27T03:23:48.3126730Z   
2022-12-27T03:23:48.3127040Z   exec(compile(setup_py_code, filename, "exec"))
2022-12-27T03:23:48.3127850Z   '"'"''"'"''"'"' % ('"'"'/Users/runner/actions-runner/_work/python.build/python.build/build_grpcio186310/grpcio-1.8.6/setup.py'"'"',), "<pip-setuptools-caller>", "exec"))' bdist_wheel -d /private/var/folders/51/hd414ycd67n82196sw51xqtc0000gn/T/pip-wheel-22hc4a_7
2022-12-27T03:23:48.3128690Z   cwd: /Users/runner/actions-runner/_work/python.build/python.build/build_grpcio186310/grpcio-1.8.6/
2022-12-27T03:23:48.3129050Z   ERROR: Failed building wheel for grpcio
2022-12-27T03:23:48.3129490Z   Building wheel for grpcio (setup.py): finished with status 'error'
2022-12-27T03:23:48.3129810Z   Running setup.py clean for grpcio
2022-12-27T03:23:48.3130070Z   Running command python setup.py clean
2022-12-27T03:23:48.6874660Z   running clean
2022-12-27T03:23:48.6885400Z   removing 'python_build/lib.macosx-11.0-arm64-cpython-310' (and everything under it)
2022-12-27T03:23:48.6925210Z   'python_build/bdist.macosx-11.0-arm64' does not exist -- can't clean it
2022-12-27T03:23:48.6926980Z   'python_build/scripts-3.10' does not exist -- can't clean it
2022-12-27T03:23:48.6929160Z   removing 'python_build'
2022-12-27T03:23:48.7230220Z Failed to build grpcio
2022-12-27T03:23:48.7233920Z ERROR: Failed to build one or more wheels
2022-12-27T03:23:48.7242940Z Exception information:
2022-12-27T03:23:48.7243440Z Traceback (most recent call last):
2022-12-27T03:23:48.7245550Z   File "/private/var/folders/51/hd414ycd67n82196sw51xqtc0000gn/T/cibw-run-3vntcooy/cp310-macosx_arm64/build/venv/lib/python3.10/site-packages/pip/_internal/cli/base_command.py", line 160, in exc_logging_wrapper
2022-12-27T03:23:48.7246720Z     status = run_func(*args)
2022-12-27T03:23:48.7248040Z   File "/private/var/folders/51/hd414ycd67n82196sw51xqtc0000gn/T/cibw-run-3vntcooy/cp310-macosx_arm64/build/venv/lib/python3.10/site-packages/pip/_internal/cli/req_command.py", line 247, in wrapper
2022-12-27T03:23:48.7248720Z     return func(self, options, args)
2022-12-27T03:23:48.7249710Z   File "/private/var/folders/51/hd414ycd67n82196sw51xqtc0000gn/T/cibw-run-3vntcooy/cp310-macosx_arm64/build/venv/lib/python3.10/site-packages/pip/_internal/commands/wheel.py", line 201, in run
2022-12-27T03:23:48.7250490Z     raise CommandError("Failed to build one or more wheels")
2022-12-27T03:23:48.7251130Z pip._internal.exceptions.CommandError: Failed to build one or more wheels
2022-12-27T03:23:48.7252050Z Removed build tracker: '/private/var/folders/51/hd414ycd67n82196sw51xqtc0000gn/T/pip-build-tracker-bxcitzpe'
2022-12-27T03:23:48.7632460Z ##[endgroup]
2022-12-27T03:23:48.7658110Z ##[error]Command ['python', '-m', 'pip', 'wheel', '/Users/runner/actions-runner/_work/python.build/python.build/build_grpcio186310/grpcio-1.8.6', '--wheel-dir=/private/var/folders/51/hd414ycd67n82196sw51xqtc0000gn/T/cibw-run-3vntcooy/cp310-macosx_arm64/built_wheel', '--no-deps', '-vvv'] failed with code 1. None
2022-12-27T03:23:48.7664210Z 
2022-12-27T03:23:48.7664490Z                                                               [31m✕ [0m6.87s
2022-12-27T03:23:48.8259720Z ##[error]Process completed with exit code 1.
2022-12-27T03:23:48.8292670Z ##[group]Run rm -rf build_grpcio186310 wheelsout
2022-12-27T03:23:48.8292860Z [36;1mrm -rf build_grpcio186310 wheelsout[0m
2022-12-27T03:23:48.8307650Z shell: /bin/bash -e {0}
2022-12-27T03:23:48.8307760Z env:
2022-12-27T03:23:48.8307910Z   pythonLocation: /Users/runner/hostedtoolcache/Python/3.10.9/x64
2022-12-27T03:23:48.8308110Z   PKG_CONFIG_PATH: /Users/runner/hostedtoolcache/Python/3.10.9/x64/lib/pkgconfig
2022-12-27T03:23:48.8308390Z   Python_ROOT_DIR: /Users/runner/hostedtoolcache/Python/3.10.9/x64
2022-12-27T03:23:48.8308620Z   Python2_ROOT_DIR: /Users/runner/hostedtoolcache/Python/3.10.9/x64
2022-12-27T03:23:48.8308790Z   Python3_ROOT_DIR: /Users/runner/hostedtoolcache/Python/3.10.9/x64
2022-12-27T03:23:48.8308930Z ##[endgroup]
2022-12-27T03:23:49.1210560Z Cleaning up orphan processes
