2022-12-27T08:49:21.7351098Z Requested labels: self-hosted, macOS, X64
2022-12-27T08:49:21.7351227Z Job defined at: kilnbuild/python.build/.github/workflows/mac_arm_build.yml@refs/heads/main
2022-12-27T08:49:21.7351260Z Waiting for a runner to pick up this job...
2022-12-27T11:16:09.4392398Z Job is about to start running on the runner: k2 (organization)
2022-12-27T11:16:11.6537640Z Current runner version: '2.300.2'
2022-12-27T11:16:11.6542670Z Runner name: 'k2'
2022-12-27T11:16:11.6542920Z Runner group name: 'Default'
2022-12-27T11:16:11.6543330Z Machine name: 'k2'
2022-12-27T11:16:11.6544790Z ##[group]GITHUB_TOKEN Permissions
2022-12-27T11:16:11.6545210Z Actions: write
2022-12-27T11:16:11.6545340Z Checks: write
2022-12-27T11:16:11.6545470Z Contents: write
2022-12-27T11:16:11.6545600Z Deployments: write
2022-12-27T11:16:11.6545740Z Discussions: write
2022-12-27T11:16:11.6545870Z Issues: write
2022-12-27T11:16:11.6545990Z Metadata: read
2022-12-27T11:16:11.6546120Z Packages: write
2022-12-27T11:16:11.6546250Z Pages: write
2022-12-27T11:16:11.6546380Z PullRequests: write
2022-12-27T11:16:11.6546540Z RepositoryProjects: write
2022-12-27T11:16:11.6546690Z SecurityEvents: write
2022-12-27T11:16:11.6546830Z Statuses: write
2022-12-27T11:16:11.6546950Z ##[endgroup]
2022-12-27T11:16:11.6549490Z Secret source: Actions
2022-12-27T11:16:11.6549800Z Prepare workflow directory
2022-12-27T11:16:11.7209700Z Prepare all required actions
2022-12-27T11:16:11.7336130Z Getting action download info
2022-12-27T11:16:12.1737830Z Download action repository 'actions/setup-python@v4' (SHA:5ccb29d8773c3f3f653e1705f474dfaa8a06a912)
2022-12-27T11:16:13.9086500Z Download action repository 'actions/upload-artifact@v3' (SHA:83fd05a356d7e2593de66fc9913b3002723633cb)
2022-12-27T11:16:15.2199820Z ##[group]Run echo '{
2022-12-27T11:16:15.2200110Z [36;1mecho '{[0m
2022-12-27T11:16:15.2200260Z [36;1m  "package_name": "lxml",[0m
2022-12-27T11:16:15.2200560Z [36;1m  "package_url": "https://files.pythonhosted.org/packages/e4/19/8dfeef50623892577dc05245093e090bb2bab4c8aed5cad5b03208959563/lxml-4.4.2.tar.gz",[0m
2022-12-27T11:16:15.2200790Z [36;1m  "package_version": "4.4.2",[0m
2022-12-27T11:16:15.2200930Z [36;1m  "python_version": "3.11",[0m
2022-12-27T11:16:15.2201040Z [36;1m  "use_ccache": "true"[0m
2022-12-27T11:16:15.2201170Z [36;1m}'[0m
2022-12-27T11:16:15.2216770Z shell: /bin/bash -e {0}
2022-12-27T11:16:15.2217010Z ##[endgroup]
2022-12-27T11:16:15.2432830Z {
2022-12-27T11:16:15.2434090Z   "package_name": "lxml",
2022-12-27T11:16:15.2434750Z   "package_url": "https://files.pythonhosted.org/packages/e4/19/8dfeef50623892577dc05245093e090bb2bab4c8aed5cad5b03208959563/lxml-4.4.2.tar.gz",
2022-12-27T11:16:15.2435030Z   "package_version": "4.4.2",
2022-12-27T11:16:15.2435260Z   "python_version": "3.11",
2022-12-27T11:16:15.2435450Z   "use_ccache": "true"
2022-12-27T11:16:15.2435610Z }
2022-12-27T11:16:15.2642490Z ##[group]Run actions/setup-python@v4
2022-12-27T11:16:15.2642690Z with:
2022-12-27T11:16:15.2642860Z   python-version: 3.11
2022-12-27T11:16:15.2643040Z   check-latest: false
2022-12-27T11:16:15.2643350Z   token: ***
2022-12-27T11:16:15.2643530Z   update-environment: true
2022-12-27T11:16:15.2643710Z ##[endgroup]
2022-12-27T11:16:15.3872780Z ##[group]Installed versions
2022-12-27T11:16:15.3974170Z Successfully set up CPython (3.11.1)
2022-12-27T11:16:15.3975050Z ##[endgroup]
2022-12-27T11:16:15.4122840Z ##[group]Run if [ "true" == "true" ]
2022-12-27T11:16:15.4123270Z [36;1mif [ "true" == "true" ][0m
2022-12-27T11:16:15.4123420Z [36;1mthen[0m
2022-12-27T11:16:15.4123640Z [36;1m  echo "CCACHE_PATH_PREPEND=/usr/local/opt/ccache/libexec" >> $GITHUB_OUTPUT[0m
2022-12-27T11:16:15.4123920Z [36;1melse[0m
2022-12-27T11:16:15.4124100Z [36;1m  echo "CCACHE_PATH_PREPEND=" >> $GITHUB_OUTPUT[0m
2022-12-27T11:16:15.4124260Z [36;1mfi[0m
2022-12-27T11:16:15.4141380Z shell: /bin/bash -e {0}
2022-12-27T11:16:15.4141660Z env:
2022-12-27T11:16:15.4141850Z   pythonLocation: /Users/runner/hostedtoolcache/Python/3.11.1/x64
2022-12-27T11:16:15.4142100Z   PKG_CONFIG_PATH: /Users/runner/hostedtoolcache/Python/3.11.1/x64/lib/pkgconfig
2022-12-27T11:16:15.4142360Z   Python_ROOT_DIR: /Users/runner/hostedtoolcache/Python/3.11.1/x64
2022-12-27T11:16:15.4142650Z   Python2_ROOT_DIR: /Users/runner/hostedtoolcache/Python/3.11.1/x64
2022-12-27T11:16:15.4142920Z   Python3_ROOT_DIR: /Users/runner/hostedtoolcache/Python/3.11.1/x64
2022-12-27T11:16:15.4143510Z ##[endgroup]
2022-12-27T11:16:15.4254860Z ##[group]Run echo "BUILD_NAME=$(echo lxml_4.4.2_3.11 | tr -dc '[:alnum:]\n\r' | tr '[:upper:]' '[:lower:]')" >> $GITHUB_OUTPUT
2022-12-27T11:16:15.4255610Z [36;1mecho "BUILD_NAME=$(echo lxml_4.4.2_3.11 | tr -dc '[:alnum:]\n\r' | tr '[:upper:]' '[:lower:]')" >> $GITHUB_OUTPUT[0m
2022-12-27T11:16:15.4271120Z shell: /bin/bash -e {0}
2022-12-27T11:16:15.4271300Z env:
2022-12-27T11:16:15.4271520Z   pythonLocation: /Users/runner/hostedtoolcache/Python/3.11.1/x64
2022-12-27T11:16:15.4271750Z   PKG_CONFIG_PATH: /Users/runner/hostedtoolcache/Python/3.11.1/x64/lib/pkgconfig
2022-12-27T11:16:15.4272080Z   Python_ROOT_DIR: /Users/runner/hostedtoolcache/Python/3.11.1/x64
2022-12-27T11:16:15.4272320Z   Python2_ROOT_DIR: /Users/runner/hostedtoolcache/Python/3.11.1/x64
2022-12-27T11:16:15.4272520Z   Python3_ROOT_DIR: /Users/runner/hostedtoolcache/Python/3.11.1/x64
2022-12-27T11:16:15.4272720Z ##[endgroup]
2022-12-27T11:16:15.4421310Z ##[group]Run echo "PYTHON_NO_DOTS=$(echo 3.11 | tr -dc '[:alnum:]\n\r' | tr '[:upper:]' '[:lower:]')" >> $GITHUB_OUTPUT
2022-12-27T11:16:15.4421770Z [36;1mecho "PYTHON_NO_DOTS=$(echo 3.11 | tr -dc '[:alnum:]\n\r' | tr '[:upper:]' '[:lower:]')" >> $GITHUB_OUTPUT[0m
2022-12-27T11:16:15.4436840Z shell: /bin/bash -e {0}
2022-12-27T11:16:15.4436980Z env:
2022-12-27T11:16:15.4437240Z   pythonLocation: /Users/runner/hostedtoolcache/Python/3.11.1/x64
2022-12-27T11:16:15.4437500Z   PKG_CONFIG_PATH: /Users/runner/hostedtoolcache/Python/3.11.1/x64/lib/pkgconfig
2022-12-27T11:16:15.4437710Z   Python_ROOT_DIR: /Users/runner/hostedtoolcache/Python/3.11.1/x64
2022-12-27T11:16:15.4437940Z   Python2_ROOT_DIR: /Users/runner/hostedtoolcache/Python/3.11.1/x64
2022-12-27T11:16:15.4438160Z   Python3_ROOT_DIR: /Users/runner/hostedtoolcache/Python/3.11.1/x64
2022-12-27T11:16:15.4438390Z ##[endgroup]
2022-12-27T11:16:15.4547710Z ##[group]Run rm -rf build_lxml442311
2022-12-27T11:16:15.4547980Z [36;1mrm -rf build_lxml442311[0m
2022-12-27T11:16:15.4548130Z [36;1mmkdir build_lxml442311[0m
2022-12-27T11:16:15.4548440Z [36;1mcd build_lxml442311[0m
2022-12-27T11:16:15.4548710Z [36;1m/usr/local/bin/wget --quiet https://files.pythonhosted.org/packages/e4/19/8dfeef50623892577dc05245093e090bb2bab4c8aed5cad5b03208959563/lxml-4.4.2.tar.gz[0m
2022-12-27T11:16:15.4548970Z [36;1mtar xf *.tar.gz[0m
2022-12-27T11:16:15.4549100Z [36;1mcd *[0m
2022-12-27T11:16:15.4549280Z [36;1mpython -m pip install cibuildwheel==2.11.3[0m
2022-12-27T11:16:15.4549520Z [36;1mpython -m cibuildwheel --output-dir ../wheelsout[0m
2022-12-27T11:16:15.4563630Z shell: /bin/bash -e {0}
2022-12-27T11:16:15.4563820Z env:
2022-12-27T11:16:15.4564080Z   pythonLocation: /Users/runner/hostedtoolcache/Python/3.11.1/x64
2022-12-27T11:16:15.4564300Z   PKG_CONFIG_PATH: /Users/runner/hostedtoolcache/Python/3.11.1/x64/lib/pkgconfig
2022-12-27T11:16:15.4564610Z   Python_ROOT_DIR: /Users/runner/hostedtoolcache/Python/3.11.1/x64
2022-12-27T11:16:15.4564920Z   Python2_ROOT_DIR: /Users/runner/hostedtoolcache/Python/3.11.1/x64
2022-12-27T11:16:15.4565310Z   Python3_ROOT_DIR: /Users/runner/hostedtoolcache/Python/3.11.1/x64
2022-12-27T11:16:15.4565620Z   CIBW_ARCHS_MACOS: arm64
2022-12-27T11:16:15.4565830Z   CIBW_TEST_SKIP: *_arm64
2022-12-27T11:16:15.4566100Z   CIBW_BUILD: cp311-macosx_arm64
2022-12-27T11:16:15.4566300Z   CIBW_BUILD_FRONTEND: pip
2022-12-27T11:16:15.4566560Z   CIBW_BUILD_VERBOSITY: 3
2022-12-27T11:16:15.4567040Z   CIBW_ENVIRONMENT_MACOS:  CFLAGS="-I/usr/local/opt/openssl@3/include" LDFLAGS="-L/usr/local/opt/openssl@3/lib" CPPFLAGS="-I/usr/local/opt/openssl@3/include" MAKEFLAGS="-j$(sysctl -n hw.logicalcpu)" PATH=/usr/local/opt/ccache/libexec:$PATH
2022-12-27T11:16:15.4567410Z   CIBW_BEFORE_BUILD: pip install Cython; if [[ -f requirements.txt ]]; then pip install -r requirements.txt; fi
2022-12-27T11:16:15.4567690Z   MAKEFLAGS: -j$(sysctl -n hw.logicalcpu)
2022-12-27T11:16:15.4567850Z ##[endgroup]
2022-12-27T11:16:15.8668600Z Requirement already satisfied: cibuildwheel==2.11.3 in /Library/Frameworks/Python.framework/Versions/3.11/lib/python3.11/site-packages (2.11.3)
2022-12-27T11:16:15.8987730Z Requirement already satisfied: bashlex!=0.13 in /Library/Frameworks/Python.framework/Versions/3.11/lib/python3.11/site-packages (from cibuildwheel==2.11.3) (0.16)
2022-12-27T11:16:15.8994720Z Requirement already satisfied: bracex in /Library/Frameworks/Python.framework/Versions/3.11/lib/python3.11/site-packages (from cibuildwheel==2.11.3) (2.3.post1)
2022-12-27T11:16:15.9000760Z Requirement already satisfied: certifi in /Library/Frameworks/Python.framework/Versions/3.11/lib/python3.11/site-packages (from cibuildwheel==2.11.3) (2022.12.7)
2022-12-27T11:16:15.9007100Z Requirement already satisfied: filelock in /Library/Frameworks/Python.framework/Versions/3.11/lib/python3.11/site-packages (from cibuildwheel==2.11.3) (3.8.2)
2022-12-27T11:16:15.9015960Z Requirement already satisfied: packaging>=20.9 in /Library/Frameworks/Python.framework/Versions/3.11/lib/python3.11/site-packages (from cibuildwheel==2.11.3) (22.0)
2022-12-27T11:16:15.9023610Z Requirement already satisfied: platformdirs in /Library/Frameworks/Python.framework/Versions/3.11/lib/python3.11/site-packages (from cibuildwheel==2.11.3) (2.6.0)
2022-12-27T11:16:16.1340510Z 
2022-12-27T11:16:16.1340860Z      _ _       _ _   _       _           _
2022-12-27T11:16:16.1341230Z  ___|_| |_ _ _|_| |_| |_ _ _| |_ ___ ___| |
2022-12-27T11:16:16.1342190Z |  _| | . | | | | | . | | | |   | -_| -_| |
2022-12-27T11:16:16.1342520Z |___|_|___|___|_|_|___|_____|_|_|___|___|_|
2022-12-27T11:16:16.1342730Z 
2022-12-27T11:16:16.1342810Z cibuildwheel version 2.11.3
2022-12-27T11:16:16.1343030Z 
2022-12-27T11:16:16.1343130Z Build options:
2022-12-27T11:16:16.1343410Z   platform: macos
2022-12-27T11:16:16.1440750Z   architectures: arm64[0m
2022-12-27T11:16:16.1440970Z   build_selector: 
2022-12-27T11:16:16.1441760Z     build_config: cp311-macosx_arm64
2022-12-27T11:16:16.1442050Z     skip_config: 
2022-12-27T11:16:16.1442290Z     requires_python: None
2022-12-27T11:16:16.1442930Z     prerelease_pythons: False[0m
2022-12-27T11:16:16.1443360Z   [38;5;244mcontainer_engine: docker[0m
2022-12-27T11:16:16.1443820Z   output_dir: /Users/runner/actions-runner/_work/python.build/python.build/build_lxml442311/wheelsout[0m
2022-12-27T11:16:16.1444290Z   package_dir: /Users/runner/actions-runner/_work/python.build/python.build/build_lxml442311/lxml-4.4.2[0m
2022-12-27T11:16:16.1444670Z   test_selector: 
2022-12-27T11:16:16.1444960Z     skip_config: *_arm64[0m
2022-12-27T11:16:16.1445210Z   [38;5;244mbefore_all: [0m
2022-12-27T11:16:16.1445650Z   before_build: pip install Cython; if [[ -f requirements.txt ]]; then pip install -r requirements.txt; fi[0m
2022-12-27T11:16:16.1446030Z   [38;5;244mbefore_test: [0m
2022-12-27T11:16:16.1446340Z   [38;5;244mbuild_frontend: pip[0m
2022-12-27T11:16:16.1446640Z   build_verbosity: 3[0m
2022-12-27T11:16:16.1446930Z   [38;5;244mconfig_settings: [0m
2022-12-27T11:16:16.1447250Z   [38;5;244mdependency_constraints: pinned[0m
2022-12-27T11:16:16.1447460Z   environment: 
2022-12-27T11:16:16.1447910Z     CFLAGS="-I/usr/local/opt/openssl@3/include"
2022-12-27T11:16:16.1448250Z     LDFLAGS="-L/usr/local/opt/openssl@3/lib"
2022-12-27T11:16:16.1448560Z     CPPFLAGS="-I/usr/local/opt/openssl@3/include"
2022-12-27T11:16:16.1448890Z     MAKEFLAGS="-j$(sysctl -n hw.logicalcpu)"
2022-12-27T11:16:16.1449270Z     PATH=/usr/local/opt/ccache/libexec:$PATH[0m
2022-12-27T11:16:16.1449560Z   [38;5;244mmanylinux_images: None[0m
2022-12-27T11:16:16.1449870Z   [38;5;244mmusllinux_images: None[0m
2022-12-27T11:16:16.1450290Z   [38;5;244mrepair_command: delocate-wheel --require-archs {delocate_archs} -w {dest_dir} -v {wheel}[0m
2022-12-27T11:16:16.1450610Z   [38;5;244mtest_command: [0m
2022-12-27T11:16:16.1450940Z   [38;5;244mtest_extras: [0m
2022-12-27T11:16:16.1451220Z   [38;5;244mtest_requires: [0m
2022-12-27T11:16:16.1451370Z 
2022-12-27T11:16:16.1451510Z Cache folder: /Users/runner/Library/Caches/cibuildwheel
2022-12-27T11:16:16.1454970Z 
2022-12-27T11:16:16.1455600Z Here we go!
2022-12-27T11:16:16.1455790Z 
2022-12-27T11:16:16.1568660Z 
2022-12-27T11:16:16.1569270Z [1m[34mBuilding cp311-macosx_arm64 wheel[0m
2022-12-27T11:16:16.1569750Z CPython 3.11 macOS arm64 - Apple Silicon
2022-12-27T11:16:16.1569960Z 
2022-12-27T11:16:16.1572200Z ##[group]Installing Python cp311...
2022-12-27T11:16:16.1572470Z 
2022-12-27T11:16:16.1572800Z + pkgutil --pkgs
2022-12-27T11:16:16.1680930Z ##[endgroup]
2022-12-27T11:16:16.1681950Z                                                               [32mâœ“ [0m0.01s
2022-12-27T11:16:16.1682500Z ##[group]Setting up build environment...
2022-12-27T11:16:16.1682650Z 
2022-12-27T11:16:16.1699680Z + /Library/Frameworks/Python.framework/Versions/3.11/bin/python -sS /Users/runner/Library/Caches/cibuildwheel/virtualenv-20.17.0.pyz --activators= --no-periodic-update --pip=22.3.1 --setuptools=65.6.3 --wheel=0.38.4 --symlink-app-data --python /Library/Frameworks/Python.framework/Versions/3.11/bin/python3 /private/var/folders/51/hd414ycd67n82196sw51xqtc0000gn/T/cibw-run-eswrypi9/cp311-macosx_arm64/build/venv
2022-12-27T11:16:16.3625240Z created virtual environment CPython3.11.1.final.0-64 in 47ms
2022-12-27T11:16:16.3625920Z   creator CPython3Posix(dest=/private/var/folders/51/hd414ycd67n82196sw51xqtc0000gn/T/cibw-run-eswrypi9/cp311-macosx_arm64/build/venv, clear=False, no_vcs_ignore=False, global=False)
2022-12-27T11:16:16.3626470Z   seeder FromAppData(download=False, pip=22.3.1, setuptools=65.6.3, wheel=0.38.4, via=symlink, app_data_dir=/Users/runner/Library/Application Support/virtualenv)
2022-12-27T11:16:16.3626850Z     added seed packages: pip==22.3.1, setuptools==65.6.3, wheel==0.38.4
2022-12-27T11:16:16.3777360Z + python -m pip install --upgrade pip -c /Library/Frameworks/Python.framework/Versions/3.11/lib/python3.11/site-packages/cibuildwheel/resources/constraints-python311.txt
2022-12-27T11:16:16.6635350Z Requirement already satisfied: pip in ./lib/python3.11/site-packages (22.3.1)
2022-12-27T11:16:16.7915120Z + which pip
2022-12-27T11:16:16.7935820Z /private/var/folders/51/hd414ycd67n82196sw51xqtc0000gn/T/cibw-run-eswrypi9/cp311-macosx_arm64/build/venv/bin/pip
2022-12-27T11:16:16.7939380Z + pip --version
2022-12-27T11:16:16.9919380Z pip 22.3.1 from /private/var/folders/51/hd414ycd67n82196sw51xqtc0000gn/T/cibw-run-eswrypi9/cp311-macosx_arm64/build/venv/lib/python3.11/site-packages/pip (python 3.11)
2022-12-27T11:16:17.0176440Z + which pip
2022-12-27T11:16:17.0203040Z + which python
2022-12-27T11:16:17.0224670Z /private/var/folders/51/hd414ycd67n82196sw51xqtc0000gn/T/cibw-run-eswrypi9/cp311-macosx_arm64/build/venv/bin/python
2022-12-27T11:16:17.0227060Z + python --version
2022-12-27T11:16:17.0287900Z Python 3.11.1
2022-12-27T11:16:17.0291410Z + which python
2022-12-27T11:16:17.0345470Z ##[endgroup]
2022-12-27T11:16:17.0346150Z                                                               [32mâœ“ [0m0.87s
2022-12-27T11:16:17.0346680Z ##[group]Installing build tools...
2022-12-27T11:16:17.0346810Z 
2022-12-27T11:16:17.0347440Z + pip install --upgrade setuptools wheel delocate -c /Library/Frameworks/Python.framework/Versions/3.11/lib/python3.11/site-packages/cibuildwheel/resources/constraints-python311.txt
2022-12-27T11:16:17.3075700Z Requirement already satisfied: setuptools in /private/var/folders/51/hd414ycd67n82196sw51xqtc0000gn/T/cibw-run-eswrypi9/cp311-macosx_arm64/build/venv/lib/python3.11/site-packages (65.6.3)
2022-12-27T11:16:17.4888340Z Requirement already satisfied: wheel in /private/var/folders/51/hd414ycd67n82196sw51xqtc0000gn/T/cibw-run-eswrypi9/cp311-macosx_arm64/build/venv/lib/python3.11/site-packages (0.38.4)
2022-12-27T11:16:17.5292950Z Collecting delocate
2022-12-27T11:16:17.5368100Z   Using cached delocate-0.10.3-py3-none-any.whl (142 kB)
2022-12-27T11:16:17.5627330Z Collecting packaging>=20.9
2022-12-27T11:16:17.5647420Z   Using cached packaging-21.3-py3-none-any.whl (40 kB)
2022-12-27T11:16:17.5806760Z Collecting typing-extensions
2022-12-27T11:16:17.5825920Z   Using cached typing_extensions-4.4.0-py3-none-any.whl (26 kB)
2022-12-27T11:16:17.6151200Z Collecting pyparsing!=3.0.5,>=2.0.2
2022-12-27T11:16:17.6169390Z   Using cached pyparsing-3.0.9-py3-none-any.whl (98 kB)
2022-12-27T11:16:17.6725570Z Installing collected packages: typing-extensions, pyparsing, packaging, delocate
2022-12-27T11:16:17.8022580Z Successfully installed delocate-0.10.3 packaging-21.3 pyparsing-3.0.9 typing-extensions-4.4.0
2022-12-27T11:16:17.8540340Z ##[endgroup]
2022-12-27T11:16:17.8541070Z                                                               [32mâœ“ [0m0.82s
2022-12-27T11:16:17.8541520Z ##[group]Running before_build...
2022-12-27T11:16:17.8541770Z 
2022-12-27T11:16:17.8545140Z + pip install Cython; if [[ -f requirements.txt ]]; then pip install -r requirements.txt; fi
2022-12-27T11:16:18.4589900Z Collecting Cython
2022-12-27T11:16:18.4633800Z   Using cached Cython-0.29.32-py2.py3-none-any.whl (986 kB)
2022-12-27T11:16:18.5030150Z Installing collected packages: Cython
2022-12-27T11:16:18.9110880Z Successfully installed Cython-0.29.32
2022-12-27T11:16:19.2143600Z Requirement already satisfied: Cython>=0.29.7 in /private/var/folders/51/hd414ycd67n82196sw51xqtc0000gn/T/cibw-run-eswrypi9/cp311-macosx_arm64/build/venv/lib/python3.11/site-packages (from -r requirements.txt (line 1)) (0.29.32)
2022-12-27T11:16:19.2863350Z ##[endgroup]
2022-12-27T11:16:19.2864310Z                                                               [32mâœ“ [0m1.43s
2022-12-27T11:16:19.2864740Z ##[group]Building wheel...
2022-12-27T11:16:19.2864860Z 
2022-12-27T11:16:19.2868840Z + python -m pip wheel /Users/runner/actions-runner/_work/python.build/python.build/build_lxml442311/lxml-4.4.2 --wheel-dir=/private/var/folders/51/hd414ycd67n82196sw51xqtc0000gn/T/cibw-run-eswrypi9/cp311-macosx_arm64/built_wheel --no-deps -vvv
2022-12-27T11:16:19.5360080Z Created temporary directory: /private/var/folders/51/hd414ycd67n82196sw51xqtc0000gn/T/pip-ephem-wheel-cache-ux6kpr_l
2022-12-27T11:16:19.5364320Z Created temporary directory: /private/var/folders/51/hd414ycd67n82196sw51xqtc0000gn/T/pip-build-tracker-8g_okip1
2022-12-27T11:16:19.5365980Z Initialized build tracking at /private/var/folders/51/hd414ycd67n82196sw51xqtc0000gn/T/pip-build-tracker-8g_okip1
2022-12-27T11:16:19.5367510Z Created build tracker: /private/var/folders/51/hd414ycd67n82196sw51xqtc0000gn/T/pip-build-tracker-8g_okip1
2022-12-27T11:16:19.5368850Z Entered build tracker: /private/var/folders/51/hd414ycd67n82196sw51xqtc0000gn/T/pip-build-tracker-8g_okip1
2022-12-27T11:16:19.5371940Z Created temporary directory: /private/var/folders/51/hd414ycd67n82196sw51xqtc0000gn/T/pip-wheel-9xgd1196
2022-12-27T11:16:19.5376890Z Created temporary directory: /private/var/folders/51/hd414ycd67n82196sw51xqtc0000gn/T/pip-ephem-wheel-cache-po9cnir0
2022-12-27T11:16:19.5450400Z Processing /Users/runner/actions-runner/_work/python.build/python.build/build_lxml442311/lxml-4.4.2
2022-12-27T11:16:19.5455150Z   Added file:///Users/runner/actions-runner/_work/python.build/python.build/build_lxml442311/lxml-4.4.2 to build tracker '/private/var/folders/51/hd414ycd67n82196sw51xqtc0000gn/T/pip-build-tracker-8g_okip1'
2022-12-27T11:16:19.5458340Z   Running setup.py (path:/Users/runner/actions-runner/_work/python.build/python.build/build_lxml442311/lxml-4.4.2/setup.py) egg_info for package from file:///Users/runner/actions-runner/_work/python.build/python.build/build_lxml442311/lxml-4.4.2
2022-12-27T11:16:19.5461030Z   Created temporary directory: /private/var/folders/51/hd414ycd67n82196sw51xqtc0000gn/T/pip-pip-egg-info-4sb8575b
2022-12-27T11:16:19.5462000Z   Preparing metadata (setup.py): started
2022-12-27T11:16:19.5463370Z   Running command python setup.py egg_info
2022-12-27T11:16:19.8306160Z   Building lxml version 4.4.2.
2022-12-27T11:16:19.8306820Z   Building without Cython.
2022-12-27T11:16:19.8308580Z   Using build configuration of libxslt 1.1.29
2022-12-27T11:16:19.8310740Z   Building against libxml2/libxslt in the following directory: /Library/Developer/CommandLineTools/SDKs/MacOSX12.1.sdk/usr/lib
2022-12-27T11:16:19.8311900Z   running egg_info
2022-12-27T11:16:19.8314690Z   creating /private/var/folders/51/hd414ycd67n82196sw51xqtc0000gn/T/pip-pip-egg-info-4sb8575b/lxml.egg-info
2022-12-27T11:16:19.8315880Z   writing /private/var/folders/51/hd414ycd67n82196sw51xqtc0000gn/T/pip-pip-egg-info-4sb8575b/lxml.egg-info/PKG-INFO
2022-12-27T11:16:19.8318190Z   writing dependency_links to /private/var/folders/51/hd414ycd67n82196sw51xqtc0000gn/T/pip-pip-egg-info-4sb8575b/lxml.egg-info/dependency_links.txt
2022-12-27T11:16:19.8319510Z   writing requirements to /private/var/folders/51/hd414ycd67n82196sw51xqtc0000gn/T/pip-pip-egg-info-4sb8575b/lxml.egg-info/requires.txt
2022-12-27T11:16:19.8321200Z   writing top-level names to /private/var/folders/51/hd414ycd67n82196sw51xqtc0000gn/T/pip-pip-egg-info-4sb8575b/lxml.egg-info/top_level.txt
2022-12-27T11:16:19.8322930Z   writing manifest file '/private/var/folders/51/hd414ycd67n82196sw51xqtc0000gn/T/pip-pip-egg-info-4sb8575b/lxml.egg-info/SOURCES.txt'
2022-12-27T11:16:19.8408220Z   reading manifest file '/private/var/folders/51/hd414ycd67n82196sw51xqtc0000gn/T/pip-pip-egg-info-4sb8575b/lxml.egg-info/SOURCES.txt'
2022-12-27T11:16:19.8411300Z   reading manifest template 'MANIFEST.in'
2022-12-27T11:16:19.8930670Z   warning: no files found matching '*.html' under directory 'doc'
2022-12-27T11:16:19.9000760Z   adding license file 'LICENSES.txt'
2022-12-27T11:16:19.9027860Z   writing manifest file '/private/var/folders/51/hd414ycd67n82196sw51xqtc0000gn/T/pip-pip-egg-info-4sb8575b/lxml.egg-info/SOURCES.txt'
2022-12-27T11:16:19.9295680Z   Preparing metadata (setup.py): finished with status 'done'
2022-12-27T11:16:19.9320360Z   Source in /Users/runner/actions-runner/_work/python.build/python.build/build_lxml442311/lxml-4.4.2 has version 4.4.2, which satisfies requirement lxml==4.4.2 from file:///Users/runner/actions-runner/_work/python.build/python.build/build_lxml442311/lxml-4.4.2
2022-12-27T11:16:19.9323920Z   Removed lxml==4.4.2 from file:///Users/runner/actions-runner/_work/python.build/python.build/build_lxml442311/lxml-4.4.2 from build tracker '/private/var/folders/51/hd414ycd67n82196sw51xqtc0000gn/T/pip-build-tracker-8g_okip1'
2022-12-27T11:16:19.9483060Z Created temporary directory: /private/var/folders/51/hd414ycd67n82196sw51xqtc0000gn/T/pip-unpack-cua7tm85
2022-12-27T11:16:19.9484690Z Building wheels for collected packages: lxml
2022-12-27T11:16:19.9491200Z   Created temporary directory: /private/var/folders/51/hd414ycd67n82196sw51xqtc0000gn/T/pip-wheel-yknlyugo
2022-12-27T11:16:19.9492780Z   Building wheel for lxml (setup.py): started
2022-12-27T11:16:19.9494520Z   Destination directory: /private/var/folders/51/hd414ycd67n82196sw51xqtc0000gn/T/pip-wheel-yknlyugo
2022-12-27T11:16:19.9496080Z   Running command python setup.py bdist_wheel
2022-12-27T11:16:20.0908100Z   Building lxml version 4.4.2.
2022-12-27T11:16:20.0910080Z   Building without Cython.
2022-12-27T11:16:20.1042050Z   Using build configuration of libxslt 1.1.29
2022-12-27T11:16:20.2098630Z   Building against libxml2/libxslt in the following directory: /Library/Developer/CommandLineTools/SDKs/MacOSX12.1.sdk/usr/lib
2022-12-27T11:16:20.2342760Z   running bdist_wheel
2022-12-27T11:16:20.2380920Z   running build
2022-12-27T11:16:20.2382770Z   running build_py
2022-12-27T11:16:20.2401250Z   creating build
2022-12-27T11:16:20.2403420Z   creating build/lib.macosx-11.0-arm64-cpython-311
2022-12-27T11:16:20.2405450Z   creating build/lib.macosx-11.0-arm64-cpython-311/lxml
2022-12-27T11:16:20.2407820Z   copying src/lxml/_elementpath.py -> build/lib.macosx-11.0-arm64-cpython-311/lxml
2022-12-27T11:16:20.2410290Z   copying src/lxml/sax.py -> build/lib.macosx-11.0-arm64-cpython-311/lxml
2022-12-27T11:16:20.2412800Z   copying src/lxml/pyclasslookup.py -> build/lib.macosx-11.0-arm64-cpython-311/lxml
2022-12-27T11:16:20.2414120Z   copying src/lxml/__init__.py -> build/lib.macosx-11.0-arm64-cpython-311/lxml
2022-12-27T11:16:20.2416080Z   copying src/lxml/builder.py -> build/lib.macosx-11.0-arm64-cpython-311/lxml
2022-12-27T11:16:20.2419420Z   copying src/lxml/doctestcompare.py -> build/lib.macosx-11.0-arm64-cpython-311/lxml
2022-12-27T11:16:20.2421600Z   copying src/lxml/usedoctest.py -> build/lib.macosx-11.0-arm64-cpython-311/lxml
2022-12-27T11:16:20.2424700Z   copying src/lxml/cssselect.py -> build/lib.macosx-11.0-arm64-cpython-311/lxml
2022-12-27T11:16:20.2426500Z   copying src/lxml/ElementInclude.py -> build/lib.macosx-11.0-arm64-cpython-311/lxml
2022-12-27T11:16:20.2430580Z   creating build/lib.macosx-11.0-arm64-cpython-311/lxml/includes
2022-12-27T11:16:20.2431760Z   copying src/lxml/includes/__init__.py -> build/lib.macosx-11.0-arm64-cpython-311/lxml/includes
2022-12-27T11:16:20.2437550Z   creating build/lib.macosx-11.0-arm64-cpython-311/lxml/html
2022-12-27T11:16:20.2438740Z   copying src/lxml/html/soupparser.py -> build/lib.macosx-11.0-arm64-cpython-311/lxml/html
2022-12-27T11:16:20.2441290Z   copying src/lxml/html/defs.py -> build/lib.macosx-11.0-arm64-cpython-311/lxml/html
2022-12-27T11:16:20.2444110Z   copying src/lxml/html/_setmixin.py -> build/lib.macosx-11.0-arm64-cpython-311/lxml/html
2022-12-27T11:16:20.2446140Z   copying src/lxml/html/clean.py -> build/lib.macosx-11.0-arm64-cpython-311/lxml/html
2022-12-27T11:16:20.2449070Z   copying src/lxml/html/_diffcommand.py -> build/lib.macosx-11.0-arm64-cpython-311/lxml/html
2022-12-27T11:16:20.2451270Z   copying src/lxml/html/html5parser.py -> build/lib.macosx-11.0-arm64-cpython-311/lxml/html
2022-12-27T11:16:20.2453830Z   copying src/lxml/html/__init__.py -> build/lib.macosx-11.0-arm64-cpython-311/lxml/html
2022-12-27T11:16:20.2456580Z   copying src/lxml/html/formfill.py -> build/lib.macosx-11.0-arm64-cpython-311/lxml/html
2022-12-27T11:16:20.2459350Z   copying src/lxml/html/builder.py -> build/lib.macosx-11.0-arm64-cpython-311/lxml/html
2022-12-27T11:16:20.2461340Z   copying src/lxml/html/ElementSoup.py -> build/lib.macosx-11.0-arm64-cpython-311/lxml/html
2022-12-27T11:16:20.2464280Z   copying src/lxml/html/_html5builder.py -> build/lib.macosx-11.0-arm64-cpython-311/lxml/html
2022-12-27T11:16:20.2466390Z   copying src/lxml/html/usedoctest.py -> build/lib.macosx-11.0-arm64-cpython-311/lxml/html
2022-12-27T11:16:20.2468700Z   copying src/lxml/html/diff.py -> build/lib.macosx-11.0-arm64-cpython-311/lxml/html
2022-12-27T11:16:20.2472410Z   creating build/lib.macosx-11.0-arm64-cpython-311/lxml/isoschematron
2022-12-27T11:16:20.2474830Z   copying src/lxml/isoschematron/__init__.py -> build/lib.macosx-11.0-arm64-cpython-311/lxml/isoschematron
2022-12-27T11:16:20.2496370Z   copying src/lxml/etree.h -> build/lib.macosx-11.0-arm64-cpython-311/lxml
2022-12-27T11:16:20.2500840Z   copying src/lxml/etree_api.h -> build/lib.macosx-11.0-arm64-cpython-311/lxml
2022-12-27T11:16:20.2502600Z   copying src/lxml/lxml.etree.h -> build/lib.macosx-11.0-arm64-cpython-311/lxml
2022-12-27T11:16:20.2505660Z   copying src/lxml/lxml.etree_api.h -> build/lib.macosx-11.0-arm64-cpython-311/lxml
2022-12-27T11:16:20.2508400Z   copying src/lxml/includes/xmlerror.pxd -> build/lib.macosx-11.0-arm64-cpython-311/lxml/includes
2022-12-27T11:16:20.2511610Z   copying src/lxml/includes/c14n.pxd -> build/lib.macosx-11.0-arm64-cpython-311/lxml/includes
2022-12-27T11:16:20.2514840Z   copying src/lxml/includes/xmlschema.pxd -> build/lib.macosx-11.0-arm64-cpython-311/lxml/includes
2022-12-27T11:16:20.2517220Z   copying src/lxml/includes/__init__.pxd -> build/lib.macosx-11.0-arm64-cpython-311/lxml/includes
2022-12-27T11:16:20.2518420Z   copying src/lxml/includes/schematron.pxd -> build/lib.macosx-11.0-arm64-cpython-311/lxml/includes
2022-12-27T11:16:20.2521300Z   copying src/lxml/includes/tree.pxd -> build/lib.macosx-11.0-arm64-cpython-311/lxml/includes
2022-12-27T11:16:20.2524610Z   copying src/lxml/includes/uri.pxd -> build/lib.macosx-11.0-arm64-cpython-311/lxml/includes
2022-12-27T11:16:20.2526800Z   copying src/lxml/includes/etreepublic.pxd -> build/lib.macosx-11.0-arm64-cpython-311/lxml/includes
2022-12-27T11:16:20.2530000Z   copying src/lxml/includes/xpath.pxd -> build/lib.macosx-11.0-arm64-cpython-311/lxml/includes
2022-12-27T11:16:20.2533140Z   copying src/lxml/includes/htmlparser.pxd -> build/lib.macosx-11.0-arm64-cpython-311/lxml/includes
2022-12-27T11:16:20.2535130Z   copying src/lxml/includes/xslt.pxd -> build/lib.macosx-11.0-arm64-cpython-311/lxml/includes
2022-12-27T11:16:20.2537710Z   copying src/lxml/includes/config.pxd -> build/lib.macosx-11.0-arm64-cpython-311/lxml/includes
2022-12-27T11:16:20.2541170Z   copying src/lxml/includes/xmlparser.pxd -> build/lib.macosx-11.0-arm64-cpython-311/lxml/includes
2022-12-27T11:16:20.2543360Z   copying src/lxml/includes/xinclude.pxd -> build/lib.macosx-11.0-arm64-cpython-311/lxml/includes
2022-12-27T11:16:20.2546020Z   copying src/lxml/includes/dtdvalid.pxd -> build/lib.macosx-11.0-arm64-cpython-311/lxml/includes
2022-12-27T11:16:20.2548780Z   copying src/lxml/includes/relaxng.pxd -> build/lib.macosx-11.0-arm64-cpython-311/lxml/includes
2022-12-27T11:16:20.2551770Z   copying src/lxml/includes/lxml-version.h -> build/lib.macosx-11.0-arm64-cpython-311/lxml/includes
2022-12-27T11:16:20.2554560Z   copying src/lxml/includes/etree_defs.h -> build/lib.macosx-11.0-arm64-cpython-311/lxml/includes
2022-12-27T11:16:20.2557080Z   creating build/lib.macosx-11.0-arm64-cpython-311/lxml/isoschematron/resources
2022-12-27T11:16:20.2558600Z   creating build/lib.macosx-11.0-arm64-cpython-311/lxml/isoschematron/resources/rng
2022-12-27T11:16:20.2560430Z   copying src/lxml/isoschematron/resources/rng/iso-schematron.rng -> build/lib.macosx-11.0-arm64-cpython-311/lxml/isoschematron/resources/rng
2022-12-27T11:16:20.2562200Z   creating build/lib.macosx-11.0-arm64-cpython-311/lxml/isoschematron/resources/xsl
2022-12-27T11:16:20.2564000Z   copying src/lxml/isoschematron/resources/xsl/XSD2Schtrn.xsl -> build/lib.macosx-11.0-arm64-cpython-311/lxml/isoschematron/resources/xsl
2022-12-27T11:16:20.2566060Z   copying src/lxml/isoschematron/resources/xsl/RNG2Schtrn.xsl -> build/lib.macosx-11.0-arm64-cpython-311/lxml/isoschematron/resources/xsl
2022-12-27T11:16:20.2569040Z   creating build/lib.macosx-11.0-arm64-cpython-311/lxml/isoschematron/resources/xsl/iso-schematron-xslt1
2022-12-27T11:16:20.2570920Z   copying src/lxml/isoschematron/resources/xsl/iso-schematron-xslt1/iso_abstract_expand.xsl -> build/lib.macosx-11.0-arm64-cpython-311/lxml/isoschematron/resources/xsl/iso-schematron-xslt1
2022-12-27T11:16:20.2572740Z   copying src/lxml/isoschematron/resources/xsl/iso-schematron-xslt1/iso_dsdl_include.xsl -> build/lib.macosx-11.0-arm64-cpython-311/lxml/isoschematron/resources/xsl/iso-schematron-xslt1
2022-12-27T11:16:20.2576110Z   copying src/lxml/isoschematron/resources/xsl/iso-schematron-xslt1/iso_schematron_skeleton_for_xslt1.xsl -> build/lib.macosx-11.0-arm64-cpython-311/lxml/isoschematron/resources/xsl/iso-schematron-xslt1
2022-12-27T11:16:20.2579350Z   copying src/lxml/isoschematron/resources/xsl/iso-schematron-xslt1/iso_svrl_for_xslt1.xsl -> build/lib.macosx-11.0-arm64-cpython-311/lxml/isoschematron/resources/xsl/iso-schematron-xslt1
2022-12-27T11:16:20.2656440Z   copying src/lxml/isoschematron/resources/xsl/iso-schematron-xslt1/iso_schematron_message.xsl -> build/lib.macosx-11.0-arm64-cpython-311/lxml/isoschematron/resources/xsl/iso-schematron-xslt1
2022-12-27T11:16:20.2657540Z   copying src/lxml/isoschematron/resources/xsl/iso-schematron-xslt1/readme.txt -> build/lib.macosx-11.0-arm64-cpython-311/lxml/isoschematron/resources/xsl/iso-schematron-xslt1
2022-12-27T11:16:20.2658060Z   running build_ext
2022-12-27T11:16:20.2658370Z   building 'lxml.etree' extension
2022-12-27T11:16:20.2658770Z   creating build/temp.macosx-11.0-arm64-cpython-311
2022-12-27T11:16:20.2659210Z   creating build/temp.macosx-11.0-arm64-cpython-311/src
2022-12-27T11:16:20.2659650Z   creating build/temp.macosx-11.0-arm64-cpython-311/src/lxml
2022-12-27T11:16:20.2661010Z   clang -Wsign-compare -Wunreachable-code -fno-common -dynamic -DNDEBUG -g -fwrapv -O3 -Wall -g -I/usr/local/opt/openssl@3/include -I/usr/local/opt/openssl@3/include -arch arm64 -DCYTHON_CLINE_IN_TRACEBACK=0 -I/Library/Developer/CommandLineTools/SDKs/MacOSX12.1.sdk/usr/include -Isrc -Isrc/lxml/includes -I/private/var/folders/51/hd414ycd67n82196sw51xqtc0000gn/T/cibw-run-eswrypi9/cp311-macosx_arm64/build/venv/include -I/Library/Frameworks/Python.framework/Versions/3.11/include/python3.11 -c src/lxml/etree.c -o build/temp.macosx-11.0-arm64-cpython-311/src/lxml/etree.o -w -flat_namespace
2022-12-27T11:16:20.3433320Z   src/lxml/etree.c:289:12: fatal error: 'longintrepr.h' file not found
2022-12-27T11:16:20.3433890Z     #include "longintrepr.h"
2022-12-27T11:16:20.3435110Z              ^~~~~~~~~~~~~~~
2022-12-27T11:16:21.2673920Z   1 error generated.
2022-12-27T11:16:21.2728390Z   Compile failed: command '/usr/bin/clang' failed with exit code 1
2022-12-27T11:16:21.3389400Z   creating var
2022-12-27T11:16:21.3390400Z   creating var/folders
2022-12-27T11:16:21.3392230Z   creating var/folders/51
2022-12-27T11:16:21.3393680Z   creating var/folders/51/hd414ycd67n82196sw51xqtc0000gn
2022-12-27T11:16:21.3395990Z   creating var/folders/51/hd414ycd67n82196sw51xqtc0000gn/T
2022-12-27T11:16:21.3398360Z   cc -arch arm64 -I/Library/Developer/CommandLineTools/SDKs/MacOSX12.1.sdk/usr/include -I/usr/include/libxml2 -c /var/folders/51/hd414ycd67n82196sw51xqtc0000gn/T/xmlXPathInit156eqz0w.c -o var/folders/51/hd414ycd67n82196sw51xqtc0000gn/T/xmlXPathInit156eqz0w.o
2022-12-27T11:16:21.3851780Z   cc -arch arm64 var/folders/51/hd414ycd67n82196sw51xqtc0000gn/T/xmlXPathInit156eqz0w.o -L/Library/Developer/CommandLineTools/SDKs/MacOSX12.1.sdk/usr/lib -lxml2 -o a.out
2022-12-27T11:16:21.4276420Z   error: command '/usr/bin/clang' failed with exit code 1
2022-12-27T11:16:21.4640020Z   error: subprocess-exited-with-error
2022-12-27T11:16:21.4640370Z   
2022-12-27T11:16:21.4640820Z   Ã— python setup.py bdist_wheel did not run successfully.
2022-12-27T11:16:21.4641170Z   â”‚ exit code: 1
2022-12-27T11:16:21.4641530Z   â•°â”€> See above for output.
2022-12-27T11:16:21.4641850Z   
2022-12-27T11:16:21.4642690Z   note: This error originates from a subprocess, and is likely not a problem with pip.
2022-12-27T11:16:21.4648420Z   full command: /private/var/folders/51/hd414ycd67n82196sw51xqtc0000gn/T/cibw-run-eswrypi9/cp311-macosx_arm64/build/venv/bin/python -u -c '
2022-12-27T11:16:21.4650330Z   exec(compile('"'"''"'"''"'"'
2022-12-27T11:16:21.4650830Z   # This is <pip-setuptools-caller> -- a caller that pip uses to run setup.py
2022-12-27T11:16:21.4651120Z   #
2022-12-27T11:16:21.4651560Z   # - It imports setuptools before invoking setup.py, to enable projects that directly
2022-12-27T11:16:21.4651970Z   #   import from `distutils.core` to work with newer packaging standards.
2022-12-27T11:16:21.4652580Z   # - It provides a clear error message when setuptools is not installed.
2022-12-27T11:16:21.4653070Z   # - It sets `sys.argv[0]` to the underlying `setup.py`, when invoking `setup.py` so
2022-12-27T11:16:21.4653730Z   #   setuptools doesn'"'"'t think the script is `-c`. This avoids the following warning:
2022-12-27T11:16:21.4654180Z   #     manifest_maker: standard file '"'"'-c'"'"' not found".
2022-12-27T11:16:21.4654590Z   # - It generates a shim setup.py, for handling setup.cfg-only projects.
2022-12-27T11:16:21.4654900Z   import os, sys, tokenize
2022-12-27T11:16:21.4655140Z   
2022-12-27T11:16:21.4655310Z   try:
2022-12-27T11:16:21.4655580Z       import setuptools
2022-12-27T11:16:21.4655970Z   except ImportError as error:
2022-12-27T11:16:21.4656250Z       print(
2022-12-27T11:16:21.4656770Z           "ERROR: Can not execute `setup.py` since setuptools is not available in "
2022-12-27T11:16:21.4657230Z           "the build environment.",
2022-12-27T11:16:21.4657560Z           file=sys.stderr,
2022-12-27T11:16:21.4657950Z       )
2022-12-27T11:16:21.4658210Z       sys.exit(1)
2022-12-27T11:16:21.4658440Z   
2022-12-27T11:16:21.4658620Z   __file__ = %r
2022-12-27T11:16:21.4658870Z   sys.argv[0] = __file__
2022-12-27T11:16:21.4659190Z   
2022-12-27T11:16:21.4659500Z   if os.path.exists(__file__):
2022-12-27T11:16:21.4659870Z       filename = __file__
2022-12-27T11:16:21.4660120Z       with tokenize.open(__file__) as f:
2022-12-27T11:16:21.4660360Z           setup_py_code = f.read()
2022-12-27T11:16:21.4660570Z   else:
2022-12-27T11:16:21.4661310Z       filename = "<auto-generated setuptools caller>"
2022-12-27T11:16:21.4661590Z       setup_py_code = "from setuptools import setup; setup()"
2022-12-27T11:16:21.4661850Z   
2022-12-27T11:16:21.4662090Z   exec(compile(setup_py_code, filename, "exec"))
2022-12-27T11:16:21.4662840Z   '"'"''"'"''"'"' % ('"'"'/Users/runner/actions-runner/_work/python.build/python.build/build_lxml442311/lxml-4.4.2/setup.py'"'"',), "<pip-setuptools-caller>", "exec"))' bdist_wheel -d /private/var/folders/51/hd414ycd67n82196sw51xqtc0000gn/T/pip-wheel-yknlyugo
2022-12-27T11:16:21.4663240Z   cwd: /Users/runner/actions-runner/_work/python.build/python.build/build_lxml442311/lxml-4.4.2/
2022-12-27T11:16:21.4663540Z   Building wheel for lxml (setup.py): finished with status 'error'
2022-12-27T11:16:21.4663740Z   Running setup.py clean for lxml
2022-12-27T11:16:21.4663920Z   ERROR: Failed building wheel for lxml
2022-12-27T11:16:21.4664110Z   Running command python setup.py clean
2022-12-27T11:16:21.6059850Z   Building lxml version 4.4.2.
2022-12-27T11:16:21.6061080Z   Building without Cython.
2022-12-27T11:16:21.6192150Z   Using build configuration of libxslt 1.1.29
2022-12-27T11:16:21.7249300Z   Building against libxml2/libxslt in the following directory: /Library/Developer/CommandLineTools/SDKs/MacOSX12.1.sdk/usr/lib
2022-12-27T11:16:21.7400290Z   running clean
2022-12-27T11:16:21.7427550Z   removing 'build/temp.macosx-11.0-arm64-cpython-311' (and everything under it)
2022-12-27T11:16:21.7431600Z   removing 'build/lib.macosx-11.0-arm64-cpython-311' (and everything under it)
2022-12-27T11:16:21.7481570Z   'build/bdist.macosx-11.0-arm64' does not exist -- can't clean it
2022-12-27T11:16:21.7482740Z   'build/scripts-3.11' does not exist -- can't clean it
2022-12-27T11:16:21.7483840Z   removing 'build'
2022-12-27T11:16:21.7769870Z Failed to build lxml
2022-12-27T11:16:21.7774430Z ERROR: Failed to build one or more wheels
2022-12-27T11:16:21.7790520Z Exception information:
2022-12-27T11:16:21.7790830Z Traceback (most recent call last):
2022-12-27T11:16:21.7799250Z   File "/private/var/folders/51/hd414ycd67n82196sw51xqtc0000gn/T/cibw-run-eswrypi9/cp311-macosx_arm64/build/venv/lib/python3.11/site-packages/pip/_internal/cli/base_command.py", line 160, in exc_logging_wrapper
2022-12-27T11:16:21.7799810Z     status = run_func(*args)
2022-12-27T11:16:21.7800090Z              ^^^^^^^^^^^^^^^
2022-12-27T11:16:21.7800860Z   File "/private/var/folders/51/hd414ycd67n82196sw51xqtc0000gn/T/cibw-run-eswrypi9/cp311-macosx_arm64/build/venv/lib/python3.11/site-packages/pip/_internal/cli/req_command.py", line 247, in wrapper
2022-12-27T11:16:21.7801340Z     return func(self, options, args)
2022-12-27T11:16:21.7801560Z            ^^^^^^^^^^^^^^^^^^^^^^^^^
2022-12-27T11:16:21.7802230Z   File "/private/var/folders/51/hd414ycd67n82196sw51xqtc0000gn/T/cibw-run-eswrypi9/cp311-macosx_arm64/build/venv/lib/python3.11/site-packages/pip/_internal/commands/wheel.py", line 201, in run
2022-12-27T11:16:21.7802670Z     raise CommandError("Failed to build one or more wheels")
2022-12-27T11:16:21.7802930Z pip._internal.exceptions.CommandError: Failed to build one or more wheels
2022-12-27T11:16:21.7803270Z Removed build tracker: '/private/var/folders/51/hd414ycd67n82196sw51xqtc0000gn/T/pip-build-tracker-8g_okip1'
2022-12-27T11:16:21.8227400Z ##[endgroup]
2022-12-27T11:16:21.8251250Z ##[error]Command ['python', '-m', 'pip', 'wheel', '/Users/runner/actions-runner/_work/python.build/python.build/build_lxml442311/lxml-4.4.2', '--wheel-dir=/private/var/folders/51/hd414ycd67n82196sw51xqtc0000gn/T/cibw-run-eswrypi9/cp311-macosx_arm64/built_wheel', '--no-deps', '-vvv'] failed with code 1. None
2022-12-27T11:16:21.8257140Z 
2022-12-27T11:16:21.8257510Z                                                               [31mâœ• [0m2.54s
2022-12-27T11:16:21.8750200Z ##[error]Process completed with exit code 1.
2022-12-27T11:16:21.8782310Z ##[group]Run rm -rf build_lxml442311 wheelsout
2022-12-27T11:16:21.8782490Z [36;1mrm -rf build_lxml442311 wheelsout[0m
2022-12-27T11:16:21.8798780Z shell: /bin/bash -e {0}
2022-12-27T11:16:21.8798890Z env:
2022-12-27T11:16:21.8799040Z   pythonLocation: /Users/runner/hostedtoolcache/Python/3.11.1/x64
2022-12-27T11:16:21.8799240Z   PKG_CONFIG_PATH: /Users/runner/hostedtoolcache/Python/3.11.1/x64/lib/pkgconfig
2022-12-27T11:16:21.8799420Z   Python_ROOT_DIR: /Users/runner/hostedtoolcache/Python/3.11.1/x64
2022-12-27T11:16:21.8799590Z   Python2_ROOT_DIR: /Users/runner/hostedtoolcache/Python/3.11.1/x64
2022-12-27T11:16:21.8799770Z   Python3_ROOT_DIR: /Users/runner/hostedtoolcache/Python/3.11.1/x64
2022-12-27T11:16:21.8799900Z ##[endgroup]
2022-12-27T11:16:21.9192690Z Cleaning up orphan processes
