2022-12-27T08:52:27.7651404Z Requested labels: self-hosted, macOS, X64
2022-12-27T08:52:27.7651491Z Job defined at: kilnbuild/python.build/.github/workflows/mac_arm_build.yml@refs/heads/main
2022-12-27T08:52:27.7651518Z Waiting for a runner to pick up this job...
2022-12-27T11:26:10.9307838Z Job is about to start running on the runner: k1 (organization)
2022-12-27T11:26:14.4429000Z Current runner version: '2.300.2'
2022-12-27T11:26:14.4433660Z Runner name: 'k1'
2022-12-27T11:26:14.4433910Z Runner group name: 'Default'
2022-12-27T11:26:14.4434320Z Machine name: 'k1'
2022-12-27T11:26:14.4435740Z ##[group]GITHUB_TOKEN Permissions
2022-12-27T11:26:14.4436150Z Actions: write
2022-12-27T11:26:14.4436270Z Checks: write
2022-12-27T11:26:14.4436400Z Contents: write
2022-12-27T11:26:14.4436530Z Deployments: write
2022-12-27T11:26:14.4436660Z Discussions: write
2022-12-27T11:26:14.4436790Z Issues: write
2022-12-27T11:26:14.4436910Z Metadata: read
2022-12-27T11:26:14.4437040Z Packages: write
2022-12-27T11:26:14.4437160Z Pages: write
2022-12-27T11:26:14.4437290Z PullRequests: write
2022-12-27T11:26:14.4437440Z RepositoryProjects: write
2022-12-27T11:26:14.4437590Z SecurityEvents: write
2022-12-27T11:26:14.4437720Z Statuses: write
2022-12-27T11:26:14.4437840Z ##[endgroup]
2022-12-27T11:26:14.4440460Z Secret source: Actions
2022-12-27T11:26:14.4440820Z Prepare workflow directory
2022-12-27T11:26:14.5068670Z Prepare all required actions
2022-12-27T11:26:14.5183620Z Getting action download info
2022-12-27T11:26:14.9401790Z Download action repository 'actions/setup-python@v4' (SHA:5ccb29d8773c3f3f653e1705f474dfaa8a06a912)
2022-12-27T11:26:16.6873230Z Download action repository 'actions/upload-artifact@v3' (SHA:83fd05a356d7e2593de66fc9913b3002723633cb)
2022-12-27T11:26:18.0018150Z ##[group]Run echo '{
2022-12-27T11:26:18.0018460Z [36;1mecho '{[0m
2022-12-27T11:26:18.0018610Z [36;1m  "package_name": "lxml",[0m
2022-12-27T11:26:18.0018890Z [36;1m  "package_url": "https://files.pythonhosted.org/packages/1a/51/2f8d52d75ea2f570d655810dd96ad39429f3686968c1c9505aa565e1208c/lxml-2.0.6.tar.gz",[0m
2022-12-27T11:26:18.0019120Z [36;1m  "package_version": "2.0.6",[0m
2022-12-27T11:26:18.0019240Z [36;1m  "python_version": "3.9",[0m
2022-12-27T11:26:18.0019430Z [36;1m  "use_ccache": "true"[0m
2022-12-27T11:26:18.0019590Z [36;1m}'[0m
2022-12-27T11:26:18.0035150Z shell: /bin/bash -e {0}
2022-12-27T11:26:18.0035370Z ##[endgroup]
2022-12-27T11:26:18.0273820Z {
2022-12-27T11:26:18.0275900Z   "package_name": "lxml",
2022-12-27T11:26:18.0276960Z   "package_url": "https://files.pythonhosted.org/packages/1a/51/2f8d52d75ea2f570d655810dd96ad39429f3686968c1c9505aa565e1208c/lxml-2.0.6.tar.gz",
2022-12-27T11:26:18.0277430Z   "package_version": "2.0.6",
2022-12-27T11:26:18.0277810Z   "python_version": "3.9",
2022-12-27T11:26:18.0278090Z   "use_ccache": "true"
2022-12-27T11:26:18.0278420Z }
2022-12-27T11:26:18.0592720Z ##[group]Run actions/setup-python@v4
2022-12-27T11:26:18.0593040Z with:
2022-12-27T11:26:18.0593270Z   python-version: 3.9
2022-12-27T11:26:18.0593520Z   check-latest: false
2022-12-27T11:26:18.0593940Z   token: ***
2022-12-27T11:26:18.0594180Z   update-environment: true
2022-12-27T11:26:18.0594410Z ##[endgroup]
2022-12-27T11:26:18.1860460Z ##[group]Installed versions
2022-12-27T11:26:18.1963820Z Successfully set up CPython (3.9.16)
2022-12-27T11:26:18.1964830Z ##[endgroup]
2022-12-27T11:26:18.2109130Z ##[group]Run if [ "true" == "true" ]
2022-12-27T11:26:18.2109420Z [36;1mif [ "true" == "true" ][0m
2022-12-27T11:26:18.2109610Z [36;1mthen[0m
2022-12-27T11:26:18.2109900Z [36;1m  echo "CCACHE_PATH_PREPEND=/usr/local/opt/ccache/libexec" >> $GITHUB_OUTPUT[0m
2022-12-27T11:26:18.2110120Z [36;1melse[0m
2022-12-27T11:26:18.2110280Z [36;1m  echo "CCACHE_PATH_PREPEND=" >> $GITHUB_OUTPUT[0m
2022-12-27T11:26:18.2110470Z [36;1mfi[0m
2022-12-27T11:26:18.2127240Z shell: /bin/bash -e {0}
2022-12-27T11:26:18.2127420Z env:
2022-12-27T11:26:18.2127640Z   pythonLocation: /Users/runner/hostedtoolcache/Python/3.9.16/x64
2022-12-27T11:26:18.2127920Z   PKG_CONFIG_PATH: /Users/runner/hostedtoolcache/Python/3.9.16/x64/lib/pkgconfig
2022-12-27T11:26:18.2128140Z   Python_ROOT_DIR: /Users/runner/hostedtoolcache/Python/3.9.16/x64
2022-12-27T11:26:18.2128460Z   Python2_ROOT_DIR: /Users/runner/hostedtoolcache/Python/3.9.16/x64
2022-12-27T11:26:18.2128750Z   Python3_ROOT_DIR: /Users/runner/hostedtoolcache/Python/3.9.16/x64
2022-12-27T11:26:18.2129210Z ##[endgroup]
2022-12-27T11:26:18.2238700Z ##[group]Run echo "BUILD_NAME=$(echo lxml_2.0.6_3.9 | tr -dc '[:alnum:]\n\r' | tr '[:upper:]' '[:lower:]')" >> $GITHUB_OUTPUT
2022-12-27T11:26:18.2239680Z [36;1mecho "BUILD_NAME=$(echo lxml_2.0.6_3.9 | tr -dc '[:alnum:]\n\r' | tr '[:upper:]' '[:lower:]')" >> $GITHUB_OUTPUT[0m
2022-12-27T11:26:18.2253590Z shell: /bin/bash -e {0}
2022-12-27T11:26:18.2253770Z env:
2022-12-27T11:26:18.2253960Z   pythonLocation: /Users/runner/hostedtoolcache/Python/3.9.16/x64
2022-12-27T11:26:18.2254300Z   PKG_CONFIG_PATH: /Users/runner/hostedtoolcache/Python/3.9.16/x64/lib/pkgconfig
2022-12-27T11:26:18.2254580Z   Python_ROOT_DIR: /Users/runner/hostedtoolcache/Python/3.9.16/x64
2022-12-27T11:26:18.2254820Z   Python2_ROOT_DIR: /Users/runner/hostedtoolcache/Python/3.9.16/x64
2022-12-27T11:26:18.2255020Z   Python3_ROOT_DIR: /Users/runner/hostedtoolcache/Python/3.9.16/x64
2022-12-27T11:26:18.2255220Z ##[endgroup]
2022-12-27T11:26:18.2404240Z ##[group]Run echo "PYTHON_NO_DOTS=$(echo 3.9 | tr -dc '[:alnum:]\n\r' | tr '[:upper:]' '[:lower:]')" >> $GITHUB_OUTPUT
2022-12-27T11:26:18.2404750Z [36;1mecho "PYTHON_NO_DOTS=$(echo 3.9 | tr -dc '[:alnum:]\n\r' | tr '[:upper:]' '[:lower:]')" >> $GITHUB_OUTPUT[0m
2022-12-27T11:26:18.2418290Z shell: /bin/bash -e {0}
2022-12-27T11:26:18.2418440Z env:
2022-12-27T11:26:18.2418680Z   pythonLocation: /Users/runner/hostedtoolcache/Python/3.9.16/x64
2022-12-27T11:26:18.2418940Z   PKG_CONFIG_PATH: /Users/runner/hostedtoolcache/Python/3.9.16/x64/lib/pkgconfig
2022-12-27T11:26:18.2419150Z   Python_ROOT_DIR: /Users/runner/hostedtoolcache/Python/3.9.16/x64
2022-12-27T11:26:18.2419380Z   Python2_ROOT_DIR: /Users/runner/hostedtoolcache/Python/3.9.16/x64
2022-12-27T11:26:18.2419600Z   Python3_ROOT_DIR: /Users/runner/hostedtoolcache/Python/3.9.16/x64
2022-12-27T11:26:18.2419800Z ##[endgroup]
2022-12-27T11:26:18.2529820Z ##[group]Run rm -rf build_lxml20639
2022-12-27T11:26:18.2530170Z [36;1mrm -rf build_lxml20639[0m
2022-12-27T11:26:18.2530330Z [36;1mmkdir build_lxml20639[0m
2022-12-27T11:26:18.2530560Z [36;1mcd build_lxml20639[0m
2022-12-27T11:26:18.2530870Z [36;1m/usr/local/bin/wget --quiet https://files.pythonhosted.org/packages/1a/51/2f8d52d75ea2f570d655810dd96ad39429f3686968c1c9505aa565e1208c/lxml-2.0.6.tar.gz[0m
2022-12-27T11:26:18.2531130Z [36;1mtar xf *.tar.gz[0m
2022-12-27T11:26:18.2531260Z [36;1mcd *[0m
2022-12-27T11:26:18.2531480Z [36;1mpython -m pip install cibuildwheel==2.11.3[0m
2022-12-27T11:26:18.2531690Z [36;1mpython -m cibuildwheel --output-dir ../wheelsout[0m
2022-12-27T11:26:18.2545160Z shell: /bin/bash -e {0}
2022-12-27T11:26:18.2545340Z env:
2022-12-27T11:26:18.2545580Z   pythonLocation: /Users/runner/hostedtoolcache/Python/3.9.16/x64
2022-12-27T11:26:18.2545800Z   PKG_CONFIG_PATH: /Users/runner/hostedtoolcache/Python/3.9.16/x64/lib/pkgconfig
2022-12-27T11:26:18.2546100Z   Python_ROOT_DIR: /Users/runner/hostedtoolcache/Python/3.9.16/x64
2022-12-27T11:26:18.2546300Z   Python2_ROOT_DIR: /Users/runner/hostedtoolcache/Python/3.9.16/x64
2022-12-27T11:26:18.2546550Z   Python3_ROOT_DIR: /Users/runner/hostedtoolcache/Python/3.9.16/x64
2022-12-27T11:26:18.2546750Z   CIBW_ARCHS_MACOS: arm64
2022-12-27T11:26:18.2546890Z   CIBW_TEST_SKIP: *_arm64
2022-12-27T11:26:18.2547060Z   CIBW_BUILD: cp39-macosx_arm64
2022-12-27T11:26:18.2547240Z   CIBW_BUILD_FRONTEND: pip
2022-12-27T11:26:18.2547410Z   CIBW_BUILD_VERBOSITY: 3
2022-12-27T11:26:18.2547710Z   CIBW_ENVIRONMENT_MACOS:  CFLAGS="-I/usr/local/opt/openssl@3/include" LDFLAGS="-L/usr/local/opt/openssl@3/lib" CPPFLAGS="-I/usr/local/opt/openssl@3/include" MAKEFLAGS="-j$(sysctl -n hw.logicalcpu)" PATH=/usr/local/opt/ccache/libexec:$PATH
2022-12-27T11:26:18.2548070Z   CIBW_BEFORE_BUILD: pip install Cython; if [[ -f requirements.txt ]]; then pip install -r requirements.txt; fi
2022-12-27T11:26:18.2548310Z   MAKEFLAGS: -j$(sysctl -n hw.logicalcpu)
2022-12-27T11:26:18.2548450Z ##[endgroup]
2022-12-27T11:26:18.6721920Z Requirement already satisfied: cibuildwheel==2.11.3 in /Users/runner/hostedtoolcache/Python/3.9.16/x64/lib/python3.9/site-packages (2.11.3)
2022-12-27T11:26:18.6969390Z Requirement already satisfied: bashlex!=0.13 in /Users/runner/hostedtoolcache/Python/3.9.16/x64/lib/python3.9/site-packages (from cibuildwheel==2.11.3) (0.16)
2022-12-27T11:26:18.6974630Z Requirement already satisfied: tomli in /Users/runner/hostedtoolcache/Python/3.9.16/x64/lib/python3.9/site-packages (from cibuildwheel==2.11.3) (2.0.1)
2022-12-27T11:26:18.6983840Z Requirement already satisfied: typing-extensions>=4.1.0 in /Users/runner/hostedtoolcache/Python/3.9.16/x64/lib/python3.9/site-packages (from cibuildwheel==2.11.3) (4.4.0)
2022-12-27T11:26:18.6987220Z Requirement already satisfied: platformdirs in /Users/runner/hostedtoolcache/Python/3.9.16/x64/lib/python3.9/site-packages (from cibuildwheel==2.11.3) (2.6.0)
2022-12-27T11:26:18.6992240Z Requirement already satisfied: packaging>=20.9 in /Users/runner/hostedtoolcache/Python/3.9.16/x64/lib/python3.9/site-packages (from cibuildwheel==2.11.3) (22.0)
2022-12-27T11:26:18.6995570Z Requirement already satisfied: bracex in /Users/runner/hostedtoolcache/Python/3.9.16/x64/lib/python3.9/site-packages (from cibuildwheel==2.11.3) (2.3.post1)
2022-12-27T11:26:18.6998960Z Requirement already satisfied: certifi in /Users/runner/hostedtoolcache/Python/3.9.16/x64/lib/python3.9/site-packages (from cibuildwheel==2.11.3) (2022.12.7)
2022-12-27T11:26:18.7002350Z Requirement already satisfied: filelock in /Users/runner/hostedtoolcache/Python/3.9.16/x64/lib/python3.9/site-packages (from cibuildwheel==2.11.3) (3.8.2)
2022-12-27T11:26:18.8671660Z 
2022-12-27T11:26:18.8672140Z      _ _       _ _   _       _           _
2022-12-27T11:26:18.8672520Z  ___|_| |_ _ _|_| |_| |_ _ _| |_ ___ ___| |
2022-12-27T11:26:18.8673640Z |  _| | . | | | | | . | | | |   | -_| -_| |
2022-12-27T11:26:18.8673930Z |___|_|___|___|_|_|___|_____|_|_|___|___|_|
2022-12-27T11:26:18.8674840Z 
2022-12-27T11:26:18.8675020Z cibuildwheel version 2.11.3
2022-12-27T11:26:18.8675170Z 
2022-12-27T11:26:18.8675310Z Build options:
2022-12-27T11:26:18.8675600Z   platform: macos
2022-12-27T11:26:18.8731010Z   architectures: arm64[0m
2022-12-27T11:26:18.8731380Z   build_selector: 
2022-12-27T11:26:18.8732390Z     build_config: cp39-macosx_arm64
2022-12-27T11:26:18.8732860Z     skip_config: 
2022-12-27T11:26:18.8733190Z     requires_python: None
2022-12-27T11:26:18.8733590Z     prerelease_pythons: False[0m
2022-12-27T11:26:18.8734060Z   [38;5;244mcontainer_engine: docker[0m
2022-12-27T11:26:18.8734590Z   output_dir: /Users/runner/actions-runner/_work/python.build/python.build/build_lxml20639/wheelsout[0m
2022-12-27T11:26:18.8735160Z   package_dir: /Users/runner/actions-runner/_work/python.build/python.build/build_lxml20639/lxml-2.0.6[0m
2022-12-27T11:26:18.8735520Z   test_selector: 
2022-12-27T11:26:18.8735890Z     skip_config: *_arm64[0m
2022-12-27T11:26:18.8736250Z   [38;5;244mbefore_all: [0m
2022-12-27T11:26:18.8736760Z   before_build: pip install Cython; if [[ -f requirements.txt ]]; then pip install -r requirements.txt; fi[0m
2022-12-27T11:26:18.8737190Z   [38;5;244mbefore_test: [0m
2022-12-27T11:26:18.8737530Z   [38;5;244mbuild_frontend: pip[0m
2022-12-27T11:26:18.8737820Z   build_verbosity: 3[0m
2022-12-27T11:26:18.8738210Z   [38;5;244mconfig_settings: [0m
2022-12-27T11:26:18.8738590Z   [38;5;244mdependency_constraints: pinned[0m
2022-12-27T11:26:18.8738840Z   environment: 
2022-12-27T11:26:18.8739180Z     CFLAGS="-I/usr/local/opt/openssl@3/include"
2022-12-27T11:26:18.8739530Z     LDFLAGS="-L/usr/local/opt/openssl@3/lib"
2022-12-27T11:26:18.8739800Z     CPPFLAGS="-I/usr/local/opt/openssl@3/include"
2022-12-27T11:26:18.8740090Z     MAKEFLAGS="-j$(sysctl -n hw.logicalcpu)"
2022-12-27T11:26:18.8740420Z     PATH=/usr/local/opt/ccache/libexec:$PATH[0m
2022-12-27T11:26:18.8740670Z   [38;5;244mmanylinux_images: None[0m
2022-12-27T11:26:18.8741010Z   [38;5;244mmusllinux_images: None[0m
2022-12-27T11:26:18.8741430Z   [38;5;244mrepair_command: delocate-wheel --require-archs {delocate_archs} -w {dest_dir} -v {wheel}[0m
2022-12-27T11:26:18.8742030Z   [38;5;244mtest_command: [0m
2022-12-27T11:26:18.8742250Z   [38;5;244mtest_extras: [0m
2022-12-27T11:26:18.8742500Z   [38;5;244mtest_requires: [0m
2022-12-27T11:26:18.8742670Z 
2022-12-27T11:26:18.8742800Z Cache folder: /Users/runner/Library/Caches/cibuildwheel
2022-12-27T11:26:18.8749230Z 
2022-12-27T11:26:18.8749610Z Here we go!
2022-12-27T11:26:18.8749810Z 
2022-12-27T11:26:18.8869900Z 
2022-12-27T11:26:18.8870540Z [1m[34mBuilding cp39-macosx_arm64 wheel[0m
2022-12-27T11:26:18.8871110Z CPython 3.9 macOS arm64 - Apple Silicon
2022-12-27T11:26:18.8871380Z 
2022-12-27T11:26:18.8874210Z ##[group]Installing Python cp39...
2022-12-27T11:26:18.8874490Z 
2022-12-27T11:26:18.8874740Z + pkgutil --pkgs
2022-12-27T11:26:18.8971310Z ##[endgroup]
2022-12-27T11:26:18.8972470Z                                                               [32mâœ“ [0m0.01s
2022-12-27T11:26:18.8973000Z ##[group]Setting up build environment...
2022-12-27T11:26:18.8973190Z 
2022-12-27T11:26:18.8991250Z + /Users/runner/hostedtoolcache/Python/3.9.16/x64/bin/python -sS /Users/runner/Library/Caches/cibuildwheel/virtualenv-20.17.0.pyz --activators= --no-periodic-update --pip=22.3.1 --setuptools=65.6.3 --wheel=0.38.4 --symlink-app-data --python /Library/Frameworks/Python.framework/Versions/3.9/bin/python3 /private/var/folders/51/hd414ycd67n82196sw51xqtc0000gn/T/cibw-run-bsryg7ht/cp39-macosx_arm64/build/venv
2022-12-27T11:26:19.0792550Z created virtual environment CPython3.9.13.final.0-64 in 46ms
2022-12-27T11:26:19.0793140Z   creator CPython3Posix(dest=/private/var/folders/51/hd414ycd67n82196sw51xqtc0000gn/T/cibw-run-bsryg7ht/cp39-macosx_arm64/build/venv, clear=False, no_vcs_ignore=False, global=False)
2022-12-27T11:26:19.0793840Z   seeder FromAppData(download=False, pip=22.3.1, setuptools=65.6.3, wheel=0.38.4, via=symlink, app_data_dir=/Users/runner/Library/Application Support/virtualenv)
2022-12-27T11:26:19.0794190Z     added seed packages: pip==22.3.1, setuptools==65.6.3, wheel==0.38.4
2022-12-27T11:26:19.0897280Z + python -m pip install --upgrade pip -c /Users/runner/hostedtoolcache/Python/3.9.16/x64/lib/python3.9/site-packages/cibuildwheel/resources/constraints-python39.txt
2022-12-27T11:26:19.3939940Z Requirement already satisfied: pip in ./lib/python3.9/site-packages (22.3.1)
2022-12-27T11:26:19.5351440Z + which pip
2022-12-27T11:26:19.5368330Z /private/var/folders/51/hd414ycd67n82196sw51xqtc0000gn/T/cibw-run-bsryg7ht/cp39-macosx_arm64/build/venv/bin/pip
2022-12-27T11:26:19.5370350Z + pip --version
2022-12-27T11:26:19.7521930Z pip 22.3.1 from /private/var/folders/51/hd414ycd67n82196sw51xqtc0000gn/T/cibw-run-bsryg7ht/cp39-macosx_arm64/build/venv/lib/python3.9/site-packages/pip (python 3.9)
2022-12-27T11:26:19.7755620Z + which pip
2022-12-27T11:26:19.7785210Z + which python
2022-12-27T11:26:19.7804380Z /private/var/folders/51/hd414ycd67n82196sw51xqtc0000gn/T/cibw-run-bsryg7ht/cp39-macosx_arm64/build/venv/bin/python
2022-12-27T11:26:19.7807230Z + python --version
2022-12-27T11:26:19.7855210Z Python 3.9.13
2022-12-27T11:26:19.7858030Z + which python
2022-12-27T11:26:19.7916290Z ##[endgroup]
2022-12-27T11:26:19.7916790Z                                                               [32mâœ“ [0m0.89s
2022-12-27T11:26:19.7917290Z ##[group]Installing build tools...
2022-12-27T11:26:19.7917430Z 
2022-12-27T11:26:19.7917880Z + pip install --upgrade setuptools wheel delocate -c /Users/runner/hostedtoolcache/Python/3.9.16/x64/lib/python3.9/site-packages/cibuildwheel/resources/constraints-python39.txt
2022-12-27T11:26:20.0873370Z Requirement already satisfied: setuptools in /private/var/folders/51/hd414ycd67n82196sw51xqtc0000gn/T/cibw-run-bsryg7ht/cp39-macosx_arm64/build/venv/lib/python3.9/site-packages (65.6.3)
2022-12-27T11:26:20.3140810Z Requirement already satisfied: wheel in /private/var/folders/51/hd414ycd67n82196sw51xqtc0000gn/T/cibw-run-bsryg7ht/cp39-macosx_arm64/build/venv/lib/python3.9/site-packages (0.38.4)
2022-12-27T11:26:20.3632980Z Collecting delocate
2022-12-27T11:26:20.3658350Z   Using cached delocate-0.10.3-py3-none-any.whl (142 kB)
2022-12-27T11:26:20.3888810Z Collecting typing-extensions
2022-12-27T11:26:20.3910410Z   Using cached typing_extensions-4.4.0-py3-none-any.whl (26 kB)
2022-12-27T11:26:20.4178890Z Collecting packaging>=20.9
2022-12-27T11:26:20.4200270Z   Using cached packaging-21.3-py3-none-any.whl (40 kB)
2022-12-27T11:26:20.4596700Z Collecting pyparsing!=3.0.5,>=2.0.2
2022-12-27T11:26:20.4618550Z   Using cached pyparsing-3.0.9-py3-none-any.whl (98 kB)
2022-12-27T11:26:20.4987070Z Installing collected packages: typing-extensions, pyparsing, packaging, delocate
2022-12-27T11:26:20.6419930Z Successfully installed delocate-0.10.3 packaging-21.3 pyparsing-3.0.9 typing-extensions-4.4.0
2022-12-27T11:26:20.6875410Z ##[endgroup]
2022-12-27T11:26:20.6876240Z                                                               [32mâœ“ [0m0.90s
2022-12-27T11:26:20.6876730Z ##[group]Running before_build...
2022-12-27T11:26:20.6876910Z 
2022-12-27T11:26:20.6883820Z + pip install Cython; if [[ -f requirements.txt ]]; then pip install -r requirements.txt; fi
2022-12-27T11:26:21.3827160Z Collecting Cython
2022-12-27T11:26:21.3872210Z   Using cached Cython-0.29.32-py2.py3-none-any.whl (986 kB)
2022-12-27T11:26:21.4281730Z Installing collected packages: Cython
2022-12-27T11:26:21.8760130Z Successfully installed Cython-0.29.32
2022-12-27T11:26:21.9202350Z ##[endgroup]
2022-12-27T11:26:21.9203170Z                                                               [32mâœ“ [0m1.23s
2022-12-27T11:26:21.9203780Z ##[group]Building wheel...
2022-12-27T11:26:21.9203950Z 
2022-12-27T11:26:21.9208630Z + python -m pip wheel /Users/runner/actions-runner/_work/python.build/python.build/build_lxml20639/lxml-2.0.6 --wheel-dir=/private/var/folders/51/hd414ycd67n82196sw51xqtc0000gn/T/cibw-run-bsryg7ht/cp39-macosx_arm64/built_wheel --no-deps -vvv
2022-12-27T11:26:22.1882660Z Created temporary directory: /private/var/folders/51/hd414ycd67n82196sw51xqtc0000gn/T/pip-ephem-wheel-cache-56j7zi66
2022-12-27T11:26:22.1886130Z Created temporary directory: /private/var/folders/51/hd414ycd67n82196sw51xqtc0000gn/T/pip-build-tracker-ccsk_7lr
2022-12-27T11:26:22.1888220Z Initialized build tracking at /private/var/folders/51/hd414ycd67n82196sw51xqtc0000gn/T/pip-build-tracker-ccsk_7lr
2022-12-27T11:26:22.1889640Z Created build tracker: /private/var/folders/51/hd414ycd67n82196sw51xqtc0000gn/T/pip-build-tracker-ccsk_7lr
2022-12-27T11:26:22.1890960Z Entered build tracker: /private/var/folders/51/hd414ycd67n82196sw51xqtc0000gn/T/pip-build-tracker-ccsk_7lr
2022-12-27T11:26:22.1894110Z Created temporary directory: /private/var/folders/51/hd414ycd67n82196sw51xqtc0000gn/T/pip-wheel-walzvn5j
2022-12-27T11:26:22.1900030Z Created temporary directory: /private/var/folders/51/hd414ycd67n82196sw51xqtc0000gn/T/pip-ephem-wheel-cache-swbocgj7
2022-12-27T11:26:22.2052150Z Processing /Users/runner/actions-runner/_work/python.build/python.build/build_lxml20639/lxml-2.0.6
2022-12-27T11:26:22.2057200Z   Added file:///Users/runner/actions-runner/_work/python.build/python.build/build_lxml20639/lxml-2.0.6 to build tracker '/private/var/folders/51/hd414ycd67n82196sw51xqtc0000gn/T/pip-build-tracker-ccsk_7lr'
2022-12-27T11:26:22.2060380Z   Running setup.py (path:/Users/runner/actions-runner/_work/python.build/python.build/build_lxml20639/lxml-2.0.6/setup.py) egg_info for package from file:///Users/runner/actions-runner/_work/python.build/python.build/build_lxml20639/lxml-2.0.6
2022-12-27T11:26:22.2063800Z   Created temporary directory: /private/var/folders/51/hd414ycd67n82196sw51xqtc0000gn/T/pip-pip-egg-info-rwsph23e
2022-12-27T11:26:22.2065020Z   Preparing metadata (setup.py): started
2022-12-27T11:26:22.2066900Z   Running command python setup.py egg_info
2022-12-27T11:26:22.4883130Z   Traceback (most recent call last):
2022-12-27T11:26:22.4891980Z     File "<string>", line 2, in <module>
2022-12-27T11:26:22.4892750Z     File "<pip-setuptools-caller>", line 34, in <module>
2022-12-27T11:26:22.4893410Z     File "/Users/runner/actions-runner/_work/python.build/python.build/build_lxml20639/lxml-2.0.6/setup.py", line 104, in <module>
2022-12-27T11:26:22.4894220Z       ext_modules = setupinfo.ext_modules(
2022-12-27T11:26:22.4894930Z     File "/Users/runner/actions-runner/_work/python.build/python.build/build_lxml20639/lxml-2.0.6/setupinfo.py", line 42, in ext_modules
2022-12-27T11:26:22.4895400Z       _include_dirs = include_dirs(static_include_dirs)
2022-12-27T11:26:22.4896020Z     File "/Users/runner/actions-runner/_work/python.build/python.build/build_lxml20639/lxml-2.0.6/setupinfo.py", line 120, in include_dirs
2022-12-27T11:26:22.4896560Z       if possible_include_dir.startswith('-I'):
2022-12-27T11:26:22.4897010Z   TypeError: startswith first arg must be bytes or a tuple of bytes, not str
2022-12-27T11:26:22.4897590Z   Building lxml version 2.0.6.
2022-12-27T11:26:22.4898990Z   Building with Cython 0.29.32.
2022-12-27T11:26:22.4900400Z   Using build configuration of libxslt b'1.1.29'
2022-12-27T11:26:22.5153450Z   error: subprocess-exited-with-error
2022-12-27T11:26:22.5154050Z   
2022-12-27T11:26:22.5154550Z   Ã— python setup.py egg_info did not run successfully.
2022-12-27T11:26:22.5155010Z   â”‚ exit code: 1
2022-12-27T11:26:22.5155320Z   â•°â”€> See above for output.
2022-12-27T11:26:22.5155490Z   
2022-12-27T11:26:22.5155880Z   note: This error originates from a subprocess, and is likely not a problem with pip.
2022-12-27T11:26:22.5162320Z   full command: /private/var/folders/51/hd414ycd67n82196sw51xqtc0000gn/T/cibw-run-bsryg7ht/cp39-macosx_arm64/build/venv/bin/python -c '
2022-12-27T11:26:22.5162630Z   exec(compile('"'"''"'"''"'"'
2022-12-27T11:26:22.5162950Z   # This is <pip-setuptools-caller> -- a caller that pip uses to run setup.py
2022-12-27T11:26:22.5163900Z   #
2022-12-27T11:26:22.5164200Z   # - It imports setuptools before invoking setup.py, to enable projects that directly
2022-12-27T11:26:22.5164950Z   #   import from `distutils.core` to work with newer packaging standards.
2022-12-27T11:26:22.5165400Z   # - It provides a clear error message when setuptools is not installed.
2022-12-27T11:26:22.5165920Z   # - It sets `sys.argv[0]` to the underlying `setup.py`, when invoking `setup.py` so
2022-12-27T11:26:22.5166400Z   #   setuptools doesn'"'"'t think the script is `-c`. This avoids the following warning:
2022-12-27T11:26:22.5166680Z   #     manifest_maker: standard file '"'"'-c'"'"' not found".
2022-12-27T11:26:22.5167090Z   # - It generates a shim setup.py, for handling setup.cfg-only projects.
2022-12-27T11:26:22.5167320Z   import os, sys, tokenize
2022-12-27T11:26:22.5167470Z   
2022-12-27T11:26:22.5167620Z   try:
2022-12-27T11:26:22.5167910Z       import setuptools
2022-12-27T11:26:22.5168070Z   except ImportError as error:
2022-12-27T11:26:22.5168260Z       print(
2022-12-27T11:26:22.5168480Z           "ERROR: Can not execute `setup.py` since setuptools is not available in "
2022-12-27T11:26:22.5168730Z           "the build environment.",
2022-12-27T11:26:22.5168930Z           file=sys.stderr,
2022-12-27T11:26:22.5169140Z       )
2022-12-27T11:26:22.5169460Z       sys.exit(1)
2022-12-27T11:26:22.5169660Z   
2022-12-27T11:26:22.5169900Z   __file__ = %r
2022-12-27T11:26:22.5170150Z   sys.argv[0] = __file__
2022-12-27T11:26:22.5170360Z   
2022-12-27T11:26:22.5170710Z   if os.path.exists(__file__):
2022-12-27T11:26:22.5170980Z       filename = __file__
2022-12-27T11:26:22.5171320Z       with tokenize.open(__file__) as f:
2022-12-27T11:26:22.5171850Z           setup_py_code = f.read()
2022-12-27T11:26:22.5172150Z   else:
2022-12-27T11:26:22.5172500Z       filename = "<auto-generated setuptools caller>"
2022-12-27T11:26:22.5172860Z       setup_py_code = "from setuptools import setup; setup()"
2022-12-27T11:26:22.5173310Z   Preparing metadata (setup.py): finished with status 'error'
2022-12-27T11:26:22.5173580Z   
2022-12-27T11:26:22.5173880Z   exec(compile(setup_py_code, filename, "exec"))
2022-12-27T11:26:22.5174770Z   '"'"''"'"''"'"' % ('"'"'/Users/runner/actions-runner/_work/python.build/python.build/build_lxml20639/lxml-2.0.6/setup.py'"'"',), "<pip-setuptools-caller>", "exec"))' egg_info --egg-base /private/var/folders/51/hd414ycd67n82196sw51xqtc0000gn/T/pip-pip-egg-info-rwsph23e
2022-12-27T11:26:22.5175970Z   cwd: /Users/runner/actions-runner/_work/python.build/python.build/build_lxml20639/lxml-2.0.6/
2022-12-27T11:26:22.5180910Z error: metadata-generation-failed
2022-12-27T11:26:22.5181150Z 
2022-12-27T11:26:22.5181440Z Ã— Encountered error while generating package metadata.
2022-12-27T11:26:22.5182040Z â•°â”€> See above for output.
2022-12-27T11:26:22.5182220Z 
2022-12-27T11:26:22.5182360Z note: This is an issue with the package mentioned above, not pip.
2022-12-27T11:26:22.5182600Z hint: See above for details.
2022-12-27T11:26:22.5206330Z Exception information:
2022-12-27T11:26:22.5207010Z Traceback (most recent call last):
2022-12-27T11:26:22.5208670Z   File "/private/var/folders/51/hd414ycd67n82196sw51xqtc0000gn/T/cibw-run-bsryg7ht/cp39-macosx_arm64/build/venv/lib/python3.9/site-packages/pip/_internal/operations/build/metadata_legacy.py", line 64, in generate_metadata
2022-12-27T11:26:22.5209330Z     call_subprocess(
2022-12-27T11:26:22.5210370Z   File "/private/var/folders/51/hd414ycd67n82196sw51xqtc0000gn/T/cibw-run-bsryg7ht/cp39-macosx_arm64/build/venv/lib/python3.9/site-packages/pip/_internal/utils/subprocess.py", line 224, in call_subprocess
2022-12-27T11:26:22.5210950Z     raise error
2022-12-27T11:26:22.5211380Z pip._internal.exceptions.InstallationSubprocessError: python setup.py egg_info exited with 1
2022-12-27T11:26:22.5211710Z 
2022-12-27T11:26:22.5211940Z The above exception was the direct cause of the following exception:
2022-12-27T11:26:22.5212190Z 
2022-12-27T11:26:22.5212350Z Traceback (most recent call last):
2022-12-27T11:26:22.5213480Z   File "/private/var/folders/51/hd414ycd67n82196sw51xqtc0000gn/T/cibw-run-bsryg7ht/cp39-macosx_arm64/build/venv/lib/python3.9/site-packages/pip/_internal/cli/base_command.py", line 160, in exc_logging_wrapper
2022-12-27T11:26:22.5213870Z     status = run_func(*args)
2022-12-27T11:26:22.5214470Z   File "/private/var/folders/51/hd414ycd67n82196sw51xqtc0000gn/T/cibw-run-bsryg7ht/cp39-macosx_arm64/build/venv/lib/python3.9/site-packages/pip/_internal/cli/req_command.py", line 247, in wrapper
2022-12-27T11:26:22.5214860Z     return func(self, options, args)
2022-12-27T11:26:22.5215580Z   File "/private/var/folders/51/hd414ycd67n82196sw51xqtc0000gn/T/cibw-run-bsryg7ht/cp39-macosx_arm64/build/venv/lib/python3.9/site-packages/pip/_internal/commands/wheel.py", line 170, in run
2022-12-27T11:26:22.5216010Z     requirement_set = resolver.resolve(reqs, check_supported_wheels=True)
2022-12-27T11:26:22.5216600Z   File "/private/var/folders/51/hd414ycd67n82196sw51xqtc0000gn/T/cibw-run-bsryg7ht/cp39-macosx_arm64/build/venv/lib/python3.9/site-packages/pip/_internal/resolution/resolvelib/resolver.py", line 73, in resolve
2022-12-27T11:26:22.5217040Z     collected = self.factory.collect_root_requirements(root_reqs)
2022-12-27T11:26:22.5217700Z   File "/private/var/folders/51/hd414ycd67n82196sw51xqtc0000gn/T/cibw-run-bsryg7ht/cp39-macosx_arm64/build/venv/lib/python3.9/site-packages/pip/_internal/resolution/resolvelib/factory.py", line 491, in collect_root_requirements
2022-12-27T11:26:22.5218220Z     req = self._make_requirement_from_install_req(
2022-12-27T11:26:22.5218870Z   File "/private/var/folders/51/hd414ycd67n82196sw51xqtc0000gn/T/cibw-run-bsryg7ht/cp39-macosx_arm64/build/venv/lib/python3.9/site-packages/pip/_internal/resolution/resolvelib/factory.py", line 453, in _make_requirement_from_install_req
2022-12-27T11:26:22.5219290Z     cand = self._make_candidate_from_link(
2022-12-27T11:26:22.5219830Z   File "/private/var/folders/51/hd414ycd67n82196sw51xqtc0000gn/T/cibw-run-bsryg7ht/cp39-macosx_arm64/build/venv/lib/python3.9/site-packages/pip/_internal/resolution/resolvelib/factory.py", line 206, in _make_candidate_from_link
2022-12-27T11:26:22.5220250Z     self._link_candidate_cache[link] = LinkCandidate(
2022-12-27T11:26:22.5220750Z   File "/private/var/folders/51/hd414ycd67n82196sw51xqtc0000gn/T/cibw-run-bsryg7ht/cp39-macosx_arm64/build/venv/lib/python3.9/site-packages/pip/_internal/resolution/resolvelib/candidates.py", line 297, in __init__
2022-12-27T11:26:22.5221230Z     super().__init__(
2022-12-27T11:26:22.5221700Z   File "/private/var/folders/51/hd414ycd67n82196sw51xqtc0000gn/T/cibw-run-bsryg7ht/cp39-macosx_arm64/build/venv/lib/python3.9/site-packages/pip/_internal/resolution/resolvelib/candidates.py", line 162, in __init__
2022-12-27T11:26:22.5222180Z     self.dist = self._prepare()
2022-12-27T11:26:22.5222630Z   File "/private/var/folders/51/hd414ycd67n82196sw51xqtc0000gn/T/cibw-run-bsryg7ht/cp39-macosx_arm64/build/venv/lib/python3.9/site-packages/pip/_internal/resolution/resolvelib/candidates.py", line 231, in _prepare
2022-12-27T11:26:22.5222950Z     dist = self._prepare_distribution()
2022-12-27T11:26:22.5223430Z   File "/private/var/folders/51/hd414ycd67n82196sw51xqtc0000gn/T/cibw-run-bsryg7ht/cp39-macosx_arm64/build/venv/lib/python3.9/site-packages/pip/_internal/resolution/resolvelib/candidates.py", line 308, in _prepare_distribution
2022-12-27T11:26:22.5223790Z     return preparer.prepare_linked_requirement(self._ireq, parallel_builds=True)
2022-12-27T11:26:22.5224370Z   File "/private/var/folders/51/hd414ycd67n82196sw51xqtc0000gn/T/cibw-run-bsryg7ht/cp39-macosx_arm64/build/venv/lib/python3.9/site-packages/pip/_internal/operations/prepare.py", line 491, in prepare_linked_requirement
2022-12-27T11:26:22.5224670Z     return self._prepare_linked_requirement(req, parallel_builds)
2022-12-27T11:26:22.5225160Z   File "/private/var/folders/51/hd414ycd67n82196sw51xqtc0000gn/T/cibw-run-bsryg7ht/cp39-macosx_arm64/build/venv/lib/python3.9/site-packages/pip/_internal/operations/prepare.py", line 577, in _prepare_linked_requirement
2022-12-27T11:26:22.5225470Z     dist = _get_prepared_distribution(
2022-12-27T11:26:22.5226150Z   File "/private/var/folders/51/hd414ycd67n82196sw51xqtc0000gn/T/cibw-run-bsryg7ht/cp39-macosx_arm64/build/venv/lib/python3.9/site-packages/pip/_internal/operations/prepare.py", line 69, in _get_prepared_distribution
2022-12-27T11:26:22.5226500Z     abstract_dist.prepare_distribution_metadata(
2022-12-27T11:26:22.5227000Z   File "/private/var/folders/51/hd414ycd67n82196sw51xqtc0000gn/T/cibw-run-bsryg7ht/cp39-macosx_arm64/build/venv/lib/python3.9/site-packages/pip/_internal/distributions/sdist.py", line 61, in prepare_distribution_metadata
2022-12-27T11:26:22.5227290Z     self.req.prepare_metadata()
2022-12-27T11:26:22.5227760Z   File "/private/var/folders/51/hd414ycd67n82196sw51xqtc0000gn/T/cibw-run-bsryg7ht/cp39-macosx_arm64/build/venv/lib/python3.9/site-packages/pip/_internal/req/req_install.py", line 541, in prepare_metadata
2022-12-27T11:26:22.5228150Z     self.metadata_directory = generate_metadata_legacy(
2022-12-27T11:26:22.5228630Z   File "/private/var/folders/51/hd414ycd67n82196sw51xqtc0000gn/T/cibw-run-bsryg7ht/cp39-macosx_arm64/build/venv/lib/python3.9/site-packages/pip/_internal/operations/build/metadata_legacy.py", line 71, in generate_metadata
2022-12-27T11:26:22.5229010Z     raise MetadataGenerationFailed(package_details=details) from error
2022-12-27T11:26:22.5229270Z pip._internal.exceptions.MetadataGenerationFailed: metadata generation failed
2022-12-27T11:26:22.5229840Z Removed file:///Users/runner/actions-runner/_work/python.build/python.build/build_lxml20639/lxml-2.0.6 from build tracker '/private/var/folders/51/hd414ycd67n82196sw51xqtc0000gn/T/pip-build-tracker-ccsk_7lr'
2022-12-27T11:26:22.5230260Z Removed build tracker: '/private/var/folders/51/hd414ycd67n82196sw51xqtc0000gn/T/pip-build-tracker-ccsk_7lr'
2022-12-27T11:26:22.5628030Z ##[endgroup]
2022-12-27T11:26:22.5628660Z                                                               [31mâœ• [0m0.64s
2022-12-27T11:26:22.5650470Z ##[error]Command ['python', '-m', 'pip', 'wheel', '/Users/runner/actions-runner/_work/python.build/python.build/build_lxml20639/lxml-2.0.6', '--wheel-dir=/private/var/folders/51/hd414ycd67n82196sw51xqtc0000gn/T/cibw-run-bsryg7ht/cp39-macosx_arm64/built_wheel', '--no-deps', '-vvv'] failed with code 1. None
2022-12-27T11:26:22.5656670Z 
2022-12-27T11:26:22.6053030Z ##[error]Process completed with exit code 1.
2022-12-27T11:26:22.6084300Z ##[group]Run rm -rf build_lxml20639 wheelsout
2022-12-27T11:26:22.6084510Z [36;1mrm -rf build_lxml20639 wheelsout[0m
2022-12-27T11:26:22.6098640Z shell: /bin/bash -e {0}
2022-12-27T11:26:22.6098830Z env:
2022-12-27T11:26:22.6099030Z   pythonLocation: /Users/runner/hostedtoolcache/Python/3.9.16/x64
2022-12-27T11:26:22.6099280Z   PKG_CONFIG_PATH: /Users/runner/hostedtoolcache/Python/3.9.16/x64/lib/pkgconfig
2022-12-27T11:26:22.6099480Z   Python_ROOT_DIR: /Users/runner/hostedtoolcache/Python/3.9.16/x64
2022-12-27T11:26:22.6099700Z   Python2_ROOT_DIR: /Users/runner/hostedtoolcache/Python/3.9.16/x64
2022-12-27T11:26:22.6099930Z   Python3_ROOT_DIR: /Users/runner/hostedtoolcache/Python/3.9.16/x64
2022-12-27T11:26:22.6100120Z ##[endgroup]
2022-12-27T11:26:22.6517800Z Cleaning up orphan processes
