2022-12-27T08:48:20.4502793Z Requested labels: self-hosted, macOS, X64
2022-12-27T08:48:20.4502917Z Job defined at: kilnbuild/python.build/.github/workflows/mac_arm_build.yml@refs/heads/main
2022-12-27T08:48:20.4502947Z Waiting for a runner to pick up this job...
2022-12-27T11:13:34.1408630Z Job is about to start running on the runner: k2 (organization)
2022-12-27T11:13:37.3406270Z Current runner version: '2.300.2'
2022-12-27T11:13:37.3411300Z Runner name: 'k2'
2022-12-27T11:13:37.3411550Z Runner group name: 'Default'
2022-12-27T11:13:37.3411950Z Machine name: 'k2'
2022-12-27T11:13:37.3413430Z ##[group]GITHUB_TOKEN Permissions
2022-12-27T11:13:37.3413840Z Actions: write
2022-12-27T11:13:37.3413990Z Checks: write
2022-12-27T11:13:37.3414120Z Contents: write
2022-12-27T11:13:37.3414260Z Deployments: write
2022-12-27T11:13:37.3414400Z Discussions: write
2022-12-27T11:13:37.3414530Z Issues: write
2022-12-27T11:13:37.3414660Z Metadata: read
2022-12-27T11:13:37.3414790Z Packages: write
2022-12-27T11:13:37.3414930Z Pages: write
2022-12-27T11:13:37.3415080Z PullRequests: write
2022-12-27T11:13:37.3415240Z RepositoryProjects: write
2022-12-27T11:13:37.3415400Z SecurityEvents: write
2022-12-27T11:13:37.3415540Z Statuses: write
2022-12-27T11:13:37.3415660Z ##[endgroup]
2022-12-27T11:13:37.3418310Z Secret source: Actions
2022-12-27T11:13:37.3418640Z Prepare workflow directory
2022-12-27T11:13:37.4072220Z Prepare all required actions
2022-12-27T11:13:37.4191990Z Getting action download info
2022-12-27T11:13:37.8496180Z Download action repository 'actions/setup-python@v4' (SHA:5ccb29d8773c3f3f653e1705f474dfaa8a06a912)
2022-12-27T11:13:39.7390750Z Download action repository 'actions/upload-artifact@v3' (SHA:83fd05a356d7e2593de66fc9913b3002723633cb)
2022-12-27T11:13:41.0543700Z ##[group]Run echo '{
2022-12-27T11:13:41.0544140Z [36;1mecho '{[0m
2022-12-27T11:13:41.0544450Z [36;1m  "package_name": "lxml",[0m
2022-12-27T11:13:41.0544950Z [36;1m  "package_url": "https://files.pythonhosted.org/packages/3c/a7/1ad34ce59fbcc62eb72daf11309420fef690321a77c2f4dedaa41126c46f/lxml-3.2.0.tar.gz",[0m
2022-12-27T11:13:41.0545250Z [36;1m  "package_version": "3.2.0",[0m
2022-12-27T11:13:41.0545410Z [36;1m  "python_version": "3.11",[0m
2022-12-27T11:13:41.0545560Z [36;1m  "use_ccache": "true"[0m
2022-12-27T11:13:41.0545690Z [36;1m}'[0m
2022-12-27T11:13:41.0562060Z shell: /bin/bash -e {0}
2022-12-27T11:13:41.0562330Z ##[endgroup]
2022-12-27T11:13:41.0785310Z {
2022-12-27T11:13:41.0786710Z   "package_name": "lxml",
2022-12-27T11:13:41.0787410Z   "package_url": "https://files.pythonhosted.org/packages/3c/a7/1ad34ce59fbcc62eb72daf11309420fef690321a77c2f4dedaa41126c46f/lxml-3.2.0.tar.gz",
2022-12-27T11:13:41.0787710Z   "package_version": "3.2.0",
2022-12-27T11:13:41.0787920Z   "python_version": "3.11",
2022-12-27T11:13:41.0788150Z   "use_ccache": "true"
2022-12-27T11:13:41.0788340Z }
2022-12-27T11:13:41.1036130Z ##[group]Run actions/setup-python@v4
2022-12-27T11:13:41.1036390Z with:
2022-12-27T11:13:41.1036640Z   python-version: 3.11
2022-12-27T11:13:41.1036800Z   check-latest: false
2022-12-27T11:13:41.1037110Z   token: ***
2022-12-27T11:13:41.1037290Z   update-environment: true
2022-12-27T11:13:41.1037480Z ##[endgroup]
2022-12-27T11:13:41.2259630Z ##[group]Installed versions
2022-12-27T11:13:41.2365710Z Successfully set up CPython (3.11.1)
2022-12-27T11:13:41.2366330Z ##[endgroup]
2022-12-27T11:13:41.2510850Z ##[group]Run if [ "true" == "true" ]
2022-12-27T11:13:41.2511250Z [36;1mif [ "true" == "true" ][0m
2022-12-27T11:13:41.2511410Z [36;1mthen[0m
2022-12-27T11:13:41.2511630Z [36;1m  echo "CCACHE_PATH_PREPEND=/usr/local/opt/ccache/libexec" >> $GITHUB_OUTPUT[0m
2022-12-27T11:13:41.2511840Z [36;1melse[0m
2022-12-27T11:13:41.2512000Z [36;1m  echo "CCACHE_PATH_PREPEND=" >> $GITHUB_OUTPUT[0m
2022-12-27T11:13:41.2512240Z [36;1mfi[0m
2022-12-27T11:13:41.2529860Z shell: /bin/bash -e {0}
2022-12-27T11:13:41.2530030Z env:
2022-12-27T11:13:41.2530250Z   pythonLocation: /Users/runner/hostedtoolcache/Python/3.11.1/x64
2022-12-27T11:13:41.2530640Z   PKG_CONFIG_PATH: /Users/runner/hostedtoolcache/Python/3.11.1/x64/lib/pkgconfig
2022-12-27T11:13:41.2530900Z   Python_ROOT_DIR: /Users/runner/hostedtoolcache/Python/3.11.1/x64
2022-12-27T11:13:41.2531100Z   Python2_ROOT_DIR: /Users/runner/hostedtoolcache/Python/3.11.1/x64
2022-12-27T11:13:41.2531390Z   Python3_ROOT_DIR: /Users/runner/hostedtoolcache/Python/3.11.1/x64
2022-12-27T11:13:41.2532040Z ##[endgroup]
2022-12-27T11:13:41.2641790Z ##[group]Run echo "BUILD_NAME=$(echo lxml_3.2.0_3.11 | tr -dc '[:alnum:]\n\r' | tr '[:upper:]' '[:lower:]')" >> $GITHUB_OUTPUT
2022-12-27T11:13:41.2642180Z [36;1mecho "BUILD_NAME=$(echo lxml_3.2.0_3.11 | tr -dc '[:alnum:]\n\r' | tr '[:upper:]' '[:lower:]')" >> $GITHUB_OUTPUT[0m
2022-12-27T11:13:41.2656870Z shell: /bin/bash -e {0}
2022-12-27T11:13:41.2657160Z env:
2022-12-27T11:13:41.2657370Z   pythonLocation: /Users/runner/hostedtoolcache/Python/3.11.1/x64
2022-12-27T11:13:41.2657630Z   PKG_CONFIG_PATH: /Users/runner/hostedtoolcache/Python/3.11.1/x64/lib/pkgconfig
2022-12-27T11:13:41.2657870Z   Python_ROOT_DIR: /Users/runner/hostedtoolcache/Python/3.11.1/x64
2022-12-27T11:13:41.2658110Z   Python2_ROOT_DIR: /Users/runner/hostedtoolcache/Python/3.11.1/x64
2022-12-27T11:13:41.2699960Z   Python3_ROOT_DIR: /Users/runner/hostedtoolcache/Python/3.11.1/x64
2022-12-27T11:13:41.2700230Z ##[endgroup]
2022-12-27T11:13:41.2808580Z ##[group]Run echo "PYTHON_NO_DOTS=$(echo 3.11 | tr -dc '[:alnum:]\n\r' | tr '[:upper:]' '[:lower:]')" >> $GITHUB_OUTPUT
2022-12-27T11:13:41.2809030Z [36;1mecho "PYTHON_NO_DOTS=$(echo 3.11 | tr -dc '[:alnum:]\n\r' | tr '[:upper:]' '[:lower:]')" >> $GITHUB_OUTPUT[0m
2022-12-27T11:13:41.2823770Z shell: /bin/bash -e {0}
2022-12-27T11:13:41.2823920Z env:
2022-12-27T11:13:41.2824130Z   pythonLocation: /Users/runner/hostedtoolcache/Python/3.11.1/x64
2022-12-27T11:13:41.2824650Z   PKG_CONFIG_PATH: /Users/runner/hostedtoolcache/Python/3.11.1/x64/lib/pkgconfig
2022-12-27T11:13:41.2824930Z   Python_ROOT_DIR: /Users/runner/hostedtoolcache/Python/3.11.1/x64
2022-12-27T11:13:41.2825130Z   Python2_ROOT_DIR: /Users/runner/hostedtoolcache/Python/3.11.1/x64
2022-12-27T11:13:41.2825370Z   Python3_ROOT_DIR: /Users/runner/hostedtoolcache/Python/3.11.1/x64
2022-12-27T11:13:41.2825560Z ##[endgroup]
2022-12-27T11:13:41.2936230Z ##[group]Run rm -rf build_lxml320311
2022-12-27T11:13:41.2936610Z [36;1mrm -rf build_lxml320311[0m
2022-12-27T11:13:41.2936770Z [36;1mmkdir build_lxml320311[0m
2022-12-27T11:13:41.2936980Z [36;1mcd build_lxml320311[0m
2022-12-27T11:13:41.2937270Z [36;1m/usr/local/bin/wget --quiet https://files.pythonhosted.org/packages/3c/a7/1ad34ce59fbcc62eb72daf11309420fef690321a77c2f4dedaa41126c46f/lxml-3.2.0.tar.gz[0m
2022-12-27T11:13:41.2937580Z [36;1mtar xf *.tar.gz[0m
2022-12-27T11:13:41.2937710Z [36;1mcd *[0m
2022-12-27T11:13:41.2937890Z [36;1mpython -m pip install cibuildwheel==2.11.3[0m
2022-12-27T11:13:41.2938100Z [36;1mpython -m cibuildwheel --output-dir ../wheelsout[0m
2022-12-27T11:13:41.2952660Z shell: /bin/bash -e {0}
2022-12-27T11:13:41.2952840Z env:
2022-12-27T11:13:41.2953040Z   pythonLocation: /Users/runner/hostedtoolcache/Python/3.11.1/x64
2022-12-27T11:13:41.2953260Z   PKG_CONFIG_PATH: /Users/runner/hostedtoolcache/Python/3.11.1/x64/lib/pkgconfig
2022-12-27T11:13:41.2953600Z   Python_ROOT_DIR: /Users/runner/hostedtoolcache/Python/3.11.1/x64
2022-12-27T11:13:41.2953800Z   Python2_ROOT_DIR: /Users/runner/hostedtoolcache/Python/3.11.1/x64
2022-12-27T11:13:41.2954030Z   Python3_ROOT_DIR: /Users/runner/hostedtoolcache/Python/3.11.1/x64
2022-12-27T11:13:41.2954220Z   CIBW_ARCHS_MACOS: arm64
2022-12-27T11:13:41.2954360Z   CIBW_TEST_SKIP: *_arm64
2022-12-27T11:13:41.2954560Z   CIBW_BUILD: cp311-macosx_arm64
2022-12-27T11:13:41.2954730Z   CIBW_BUILD_FRONTEND: pip
2022-12-27T11:13:41.2954870Z   CIBW_BUILD_VERBOSITY: 3
2022-12-27T11:13:41.2955170Z   CIBW_ENVIRONMENT_MACOS:  CFLAGS="-I/usr/local/opt/openssl@3/include" LDFLAGS="-L/usr/local/opt/openssl@3/lib" CPPFLAGS="-I/usr/local/opt/openssl@3/include" MAKEFLAGS="-j$(sysctl -n hw.logicalcpu)" PATH=/usr/local/opt/ccache/libexec:$PATH
2022-12-27T11:13:41.2955630Z   CIBW_BEFORE_BUILD: pip install Cython; if [[ -f requirements.txt ]]; then pip install -r requirements.txt; fi
2022-12-27T11:13:41.2955880Z   MAKEFLAGS: -j$(sysctl -n hw.logicalcpu)
2022-12-27T11:13:41.2956020Z ##[endgroup]
2022-12-27T11:13:41.7928140Z Requirement already satisfied: cibuildwheel==2.11.3 in /Library/Frameworks/Python.framework/Versions/3.11/lib/python3.11/site-packages (2.11.3)
2022-12-27T11:13:41.8234990Z Requirement already satisfied: bashlex!=0.13 in /Library/Frameworks/Python.framework/Versions/3.11/lib/python3.11/site-packages (from cibuildwheel==2.11.3) (0.16)
2022-12-27T11:13:41.8241940Z Requirement already satisfied: bracex in /Library/Frameworks/Python.framework/Versions/3.11/lib/python3.11/site-packages (from cibuildwheel==2.11.3) (2.3.post1)
2022-12-27T11:13:41.8248510Z Requirement already satisfied: certifi in /Library/Frameworks/Python.framework/Versions/3.11/lib/python3.11/site-packages (from cibuildwheel==2.11.3) (2022.12.7)
2022-12-27T11:13:41.8255220Z Requirement already satisfied: filelock in /Library/Frameworks/Python.framework/Versions/3.11/lib/python3.11/site-packages (from cibuildwheel==2.11.3) (3.8.2)
2022-12-27T11:13:41.8264890Z Requirement already satisfied: packaging>=20.9 in /Library/Frameworks/Python.framework/Versions/3.11/lib/python3.11/site-packages (from cibuildwheel==2.11.3) (22.0)
2022-12-27T11:13:41.8273210Z Requirement already satisfied: platformdirs in /Library/Frameworks/Python.framework/Versions/3.11/lib/python3.11/site-packages (from cibuildwheel==2.11.3) (2.6.0)
2022-12-27T11:13:42.0504170Z 
2022-12-27T11:13:42.0504550Z      _ _       _ _   _       _           _
2022-12-27T11:13:42.0505090Z  ___|_| |_ _ _|_| |_| |_ _ _| |_ ___ ___| |
2022-12-27T11:13:42.0506150Z |  _| | . | | | | | . | | | |   | -_| -_| |
2022-12-27T11:13:42.0506520Z |___|_|___|___|_|_|___|_____|_|_|___|___|_|
2022-12-27T11:13:42.0506710Z 
2022-12-27T11:13:42.0506850Z cibuildwheel version 2.11.3
2022-12-27T11:13:42.0507060Z 
2022-12-27T11:13:42.0507170Z Build options:
2022-12-27T11:13:42.0507470Z   platform: macos
2022-12-27T11:13:42.0595570Z   architectures: arm64[0m
2022-12-27T11:13:42.0595950Z   build_selector: 
2022-12-27T11:13:42.0597440Z     build_config: cp311-macosx_arm64
2022-12-27T11:13:42.0597900Z     skip_config: 
2022-12-27T11:13:42.0598300Z     requires_python: None
2022-12-27T11:13:42.0598660Z     prerelease_pythons: False[0m
2022-12-27T11:13:42.0599030Z   [38;5;244mcontainer_engine: docker[0m
2022-12-27T11:13:42.0599470Z   output_dir: /Users/runner/actions-runner/_work/python.build/python.build/build_lxml320311/wheelsout[0m
2022-12-27T11:13:42.0600000Z   package_dir: /Users/runner/actions-runner/_work/python.build/python.build/build_lxml320311/lxml-3.2.0[0m
2022-12-27T11:13:42.0600380Z   test_selector: 
2022-12-27T11:13:42.0600670Z     skip_config: *_arm64[0m
2022-12-27T11:13:42.0600930Z   [38;5;244mbefore_all: [0m
2022-12-27T11:13:42.0601380Z   before_build: pip install Cython; if [[ -f requirements.txt ]]; then pip install -r requirements.txt; fi[0m
2022-12-27T11:13:42.0601810Z   [38;5;244mbefore_test: [0m
2022-12-27T11:13:42.0602110Z   [38;5;244mbuild_frontend: pip[0m
2022-12-27T11:13:42.0602410Z   build_verbosity: 3[0m
2022-12-27T11:13:42.0602710Z   [38;5;244mconfig_settings: [0m
2022-12-27T11:13:42.0603010Z   [38;5;244mdependency_constraints: pinned[0m
2022-12-27T11:13:42.0603310Z   environment: 
2022-12-27T11:13:42.0603640Z     CFLAGS="-I/usr/local/opt/openssl@3/include"
2022-12-27T11:13:42.0603940Z     LDFLAGS="-L/usr/local/opt/openssl@3/lib"
2022-12-27T11:13:42.0604300Z     CPPFLAGS="-I/usr/local/opt/openssl@3/include"
2022-12-27T11:13:42.0604650Z     MAKEFLAGS="-j$(sysctl -n hw.logicalcpu)"
2022-12-27T11:13:42.0605060Z     PATH=/usr/local/opt/ccache/libexec:$PATH[0m
2022-12-27T11:13:42.0605350Z   [38;5;244mmanylinux_images: None[0m
2022-12-27T11:13:42.0605670Z   [38;5;244mmusllinux_images: None[0m
2022-12-27T11:13:42.0606110Z   [38;5;244mrepair_command: delocate-wheel --require-archs {delocate_archs} -w {dest_dir} -v {wheel}[0m
2022-12-27T11:13:42.0606440Z   [38;5;244mtest_command: [0m
2022-12-27T11:13:42.0606780Z   [38;5;244mtest_extras: [0m
2022-12-27T11:13:42.0607080Z   [38;5;244mtest_requires: [0m
2022-12-27T11:13:42.0607220Z 
2022-12-27T11:13:42.0607330Z Cache folder: /Users/runner/Library/Caches/cibuildwheel
2022-12-27T11:13:42.0610030Z 
2022-12-27T11:13:42.0610440Z Here we go!
2022-12-27T11:13:42.0610580Z 
2022-12-27T11:13:42.0723320Z 
2022-12-27T11:13:42.0723900Z [1m[34mBuilding cp311-macosx_arm64 wheel[0m
2022-12-27T11:13:42.0724260Z CPython 3.11 macOS arm64 - Apple Silicon
2022-12-27T11:13:42.0724430Z 
2022-12-27T11:13:42.0727010Z ##[group]Installing Python cp311...
2022-12-27T11:13:42.0727210Z 
2022-12-27T11:13:42.0727590Z + pkgutil --pkgs
2022-12-27T11:13:42.0827830Z ##[endgroup]
2022-12-27T11:13:42.0828770Z                                                               [32m✓ [0m0.01s
2022-12-27T11:13:42.0829310Z ##[group]Setting up build environment...
2022-12-27T11:13:42.0829470Z 
2022-12-27T11:13:42.0845270Z + /Library/Frameworks/Python.framework/Versions/3.11/bin/python -sS /Users/runner/Library/Caches/cibuildwheel/virtualenv-20.17.0.pyz --activators= --no-periodic-update --pip=22.3.1 --setuptools=65.6.3 --wheel=0.38.4 --symlink-app-data --python /Library/Frameworks/Python.framework/Versions/3.11/bin/python3 /private/var/folders/51/hd414ycd67n82196sw51xqtc0000gn/T/cibw-run-opga9moa/cp311-macosx_arm64/build/venv
2022-12-27T11:13:42.2713070Z created virtual environment CPython3.11.1.final.0-64 in 51ms
2022-12-27T11:13:42.2713590Z   creator CPython3Posix(dest=/private/var/folders/51/hd414ycd67n82196sw51xqtc0000gn/T/cibw-run-opga9moa/cp311-macosx_arm64/build/venv, clear=False, no_vcs_ignore=False, global=False)
2022-12-27T11:13:42.2714140Z   seeder FromAppData(download=False, pip=22.3.1, setuptools=65.6.3, wheel=0.38.4, via=symlink, app_data_dir=/Users/runner/Library/Application Support/virtualenv)
2022-12-27T11:13:42.2714480Z     added seed packages: pip==22.3.1, setuptools==65.6.3, wheel==0.38.4
2022-12-27T11:13:42.2839250Z + python -m pip install --upgrade pip -c /Library/Frameworks/Python.framework/Versions/3.11/lib/python3.11/site-packages/cibuildwheel/resources/constraints-python311.txt
2022-12-27T11:13:42.5694660Z Requirement already satisfied: pip in ./lib/python3.11/site-packages (22.3.1)
2022-12-27T11:13:42.6988730Z + which pip
2022-12-27T11:13:42.7007020Z /private/var/folders/51/hd414ycd67n82196sw51xqtc0000gn/T/cibw-run-opga9moa/cp311-macosx_arm64/build/venv/bin/pip
2022-12-27T11:13:42.7009540Z + pip --version
2022-12-27T11:13:42.8922280Z pip 22.3.1 from /private/var/folders/51/hd414ycd67n82196sw51xqtc0000gn/T/cibw-run-opga9moa/cp311-macosx_arm64/build/venv/lib/python3.11/site-packages/pip (python 3.11)
2022-12-27T11:13:42.9186590Z + which pip
2022-12-27T11:13:42.9214520Z + which python
2022-12-27T11:13:42.9233890Z /private/var/folders/51/hd414ycd67n82196sw51xqtc0000gn/T/cibw-run-opga9moa/cp311-macosx_arm64/build/venv/bin/python
2022-12-27T11:13:42.9236380Z + python --version
2022-12-27T11:13:42.9290600Z Python 3.11.1
2022-12-27T11:13:42.9294020Z + which python
2022-12-27T11:13:42.9346790Z ##[endgroup]
2022-12-27T11:13:42.9347470Z                                                               [32m✓ [0m0.85s
2022-12-27T11:13:42.9347920Z ##[group]Installing build tools...
2022-12-27T11:13:42.9348090Z 
2022-12-27T11:13:42.9348610Z + pip install --upgrade setuptools wheel delocate -c /Library/Frameworks/Python.framework/Versions/3.11/lib/python3.11/site-packages/cibuildwheel/resources/constraints-python311.txt
2022-12-27T11:13:43.1980780Z Requirement already satisfied: setuptools in /private/var/folders/51/hd414ycd67n82196sw51xqtc0000gn/T/cibw-run-opga9moa/cp311-macosx_arm64/build/venv/lib/python3.11/site-packages (65.6.3)
2022-12-27T11:13:43.3699080Z Requirement already satisfied: wheel in /private/var/folders/51/hd414ycd67n82196sw51xqtc0000gn/T/cibw-run-opga9moa/cp311-macosx_arm64/build/venv/lib/python3.11/site-packages (0.38.4)
2022-12-27T11:13:43.4141150Z Collecting delocate
2022-12-27T11:13:43.4162290Z   Using cached delocate-0.10.3-py3-none-any.whl (142 kB)
2022-12-27T11:13:43.4418360Z Collecting packaging>=20.9
2022-12-27T11:13:43.4436720Z   Using cached packaging-21.3-py3-none-any.whl (40 kB)
2022-12-27T11:13:43.4582600Z Collecting typing-extensions
2022-12-27T11:13:43.4600060Z   Using cached typing_extensions-4.4.0-py3-none-any.whl (26 kB)
2022-12-27T11:13:43.4906940Z Collecting pyparsing!=3.0.5,>=2.0.2
2022-12-27T11:13:43.4923780Z   Using cached pyparsing-3.0.9-py3-none-any.whl (98 kB)
2022-12-27T11:13:43.5472570Z Installing collected packages: typing-extensions, pyparsing, packaging, delocate
2022-12-27T11:13:43.6747320Z Successfully installed delocate-0.10.3 packaging-21.3 pyparsing-3.0.9 typing-extensions-4.4.0
2022-12-27T11:13:43.7235050Z ##[endgroup]
2022-12-27T11:13:43.7235750Z                                                               [32m✓ [0m0.79s
2022-12-27T11:13:43.7236200Z ##[group]Running before_build...
2022-12-27T11:13:43.7236790Z 
2022-12-27T11:13:43.7240950Z + pip install Cython; if [[ -f requirements.txt ]]; then pip install -r requirements.txt; fi
2022-12-27T11:13:44.2869600Z Collecting Cython
2022-12-27T11:13:44.2912500Z   Using cached Cython-0.29.32-py2.py3-none-any.whl (986 kB)
2022-12-27T11:13:44.3374540Z Installing collected packages: Cython
2022-12-27T11:13:44.7487100Z Successfully installed Cython-0.29.32
2022-12-27T11:13:44.7968370Z ##[endgroup]
2022-12-27T11:13:44.7969130Z                                                               [32m✓ [0m1.07s
2022-12-27T11:13:44.7969790Z ##[group]Building wheel...
2022-12-27T11:13:44.7969960Z 
2022-12-27T11:13:44.7973980Z + python -m pip wheel /Users/runner/actions-runner/_work/python.build/python.build/build_lxml320311/lxml-3.2.0 --wheel-dir=/private/var/folders/51/hd414ycd67n82196sw51xqtc0000gn/T/cibw-run-opga9moa/cp311-macosx_arm64/built_wheel --no-deps -vvv
2022-12-27T11:13:45.0362300Z Created temporary directory: /private/var/folders/51/hd414ycd67n82196sw51xqtc0000gn/T/pip-ephem-wheel-cache-tqmcrmgx
2022-12-27T11:13:45.0365750Z Created temporary directory: /private/var/folders/51/hd414ycd67n82196sw51xqtc0000gn/T/pip-build-tracker-vdzhl6dx
2022-12-27T11:13:45.0367640Z Initialized build tracking at /private/var/folders/51/hd414ycd67n82196sw51xqtc0000gn/T/pip-build-tracker-vdzhl6dx
2022-12-27T11:13:45.0368930Z Created build tracker: /private/var/folders/51/hd414ycd67n82196sw51xqtc0000gn/T/pip-build-tracker-vdzhl6dx
2022-12-27T11:13:45.0370150Z Entered build tracker: /private/var/folders/51/hd414ycd67n82196sw51xqtc0000gn/T/pip-build-tracker-vdzhl6dx
2022-12-27T11:13:45.0372940Z Created temporary directory: /private/var/folders/51/hd414ycd67n82196sw51xqtc0000gn/T/pip-wheel-vbam2e3q
2022-12-27T11:13:45.0378280Z Created temporary directory: /private/var/folders/51/hd414ycd67n82196sw51xqtc0000gn/T/pip-ephem-wheel-cache-d1e8mskr
2022-12-27T11:13:45.0449290Z Processing /Users/runner/actions-runner/_work/python.build/python.build/build_lxml320311/lxml-3.2.0
2022-12-27T11:13:45.0453930Z   Added file:///Users/runner/actions-runner/_work/python.build/python.build/build_lxml320311/lxml-3.2.0 to build tracker '/private/var/folders/51/hd414ycd67n82196sw51xqtc0000gn/T/pip-build-tracker-vdzhl6dx'
2022-12-27T11:13:45.0457200Z   Running setup.py (path:/Users/runner/actions-runner/_work/python.build/python.build/build_lxml320311/lxml-3.2.0/setup.py) egg_info for package from file:///Users/runner/actions-runner/_work/python.build/python.build/build_lxml320311/lxml-3.2.0
2022-12-27T11:13:45.0460680Z   Created temporary directory: /private/var/folders/51/hd414ycd67n82196sw51xqtc0000gn/T/pip-pip-egg-info-otay7yf7
2022-12-27T11:13:45.0462030Z   Preparing metadata (setup.py): started
2022-12-27T11:13:45.0463500Z   Running command python setup.py egg_info
2022-12-27T11:13:45.3546910Z   /private/var/folders/51/hd414ycd67n82196sw51xqtc0000gn/T/cibw-run-opga9moa/cp311-macosx_arm64/build/venv/lib/python3.11/site-packages/setuptools/_distutils/dist.py:265: UserWarning: Unknown distribution option: 'bugtrack_url'
2022-12-27T11:13:45.3547560Z     warnings.warn(msg)
2022-12-27T11:13:45.3621390Z   Building lxml version 3.2.0.
2022-12-27T11:13:45.3622420Z   Building without Cython.
2022-12-27T11:13:45.3623840Z   Using build configuration of libxslt 1.1.29
2022-12-27T11:13:45.3625240Z   Building against libxml2/libxslt in the following directory: /Library/Developer/CommandLineTools/SDKs/MacOSX12.1.sdk/usr/lib
2022-12-27T11:13:45.3626250Z   running egg_info
2022-12-27T11:13:45.3629590Z   creating /private/var/folders/51/hd414ycd67n82196sw51xqtc0000gn/T/pip-pip-egg-info-otay7yf7/lxml.egg-info
2022-12-27T11:13:45.3641420Z   writing /private/var/folders/51/hd414ycd67n82196sw51xqtc0000gn/T/pip-pip-egg-info-otay7yf7/lxml.egg-info/PKG-INFO
2022-12-27T11:13:45.3645990Z   writing dependency_links to /private/var/folders/51/hd414ycd67n82196sw51xqtc0000gn/T/pip-pip-egg-info-otay7yf7/lxml.egg-info/dependency_links.txt
2022-12-27T11:13:45.3648660Z   writing top-level names to /private/var/folders/51/hd414ycd67n82196sw51xqtc0000gn/T/pip-pip-egg-info-otay7yf7/lxml.egg-info/top_level.txt
2022-12-27T11:13:45.3650590Z   writing manifest file '/private/var/folders/51/hd414ycd67n82196sw51xqtc0000gn/T/pip-pip-egg-info-otay7yf7/lxml.egg-info/SOURCES.txt'
2022-12-27T11:13:45.3727790Z   reading manifest file '/private/var/folders/51/hd414ycd67n82196sw51xqtc0000gn/T/pip-pip-egg-info-otay7yf7/lxml.egg-info/SOURCES.txt'
2022-12-27T11:13:45.3731010Z   reading manifest template 'MANIFEST.in'
2022-12-27T11:13:45.4038130Z   warning: no files found matching '*.txt' under directory 'src/lxml/tests'
2022-12-27T11:13:45.4593940Z   adding license file 'LICENSES.txt'
2022-12-27T11:13:45.4647860Z   writing manifest file '/private/var/folders/51/hd414ycd67n82196sw51xqtc0000gn/T/pip-pip-egg-info-otay7yf7/lxml.egg-info/SOURCES.txt'
2022-12-27T11:13:45.4909020Z   Preparing metadata (setup.py): finished with status 'done'
2022-12-27T11:13:45.4931460Z   Source in /Users/runner/actions-runner/_work/python.build/python.build/build_lxml320311/lxml-3.2.0 has version 3.2.0, which satisfies requirement lxml==3.2.0 from file:///Users/runner/actions-runner/_work/python.build/python.build/build_lxml320311/lxml-3.2.0
2022-12-27T11:13:45.4934660Z   Removed lxml==3.2.0 from file:///Users/runner/actions-runner/_work/python.build/python.build/build_lxml320311/lxml-3.2.0 from build tracker '/private/var/folders/51/hd414ycd67n82196sw51xqtc0000gn/T/pip-build-tracker-vdzhl6dx'
2022-12-27T11:13:45.4950210Z Created temporary directory: /private/var/folders/51/hd414ycd67n82196sw51xqtc0000gn/T/pip-unpack-cbjfr5xy
2022-12-27T11:13:45.4951830Z Building wheels for collected packages: lxml
2022-12-27T11:13:45.4958180Z   Created temporary directory: /private/var/folders/51/hd414ycd67n82196sw51xqtc0000gn/T/pip-wheel-s_e2ckk5
2022-12-27T11:13:45.5068300Z   Building wheel for lxml (setup.py): started
2022-12-27T11:13:45.5070070Z   Destination directory: /private/var/folders/51/hd414ycd67n82196sw51xqtc0000gn/T/pip-wheel-s_e2ckk5
2022-12-27T11:13:45.5070960Z   Running command python setup.py bdist_wheel
2022-12-27T11:13:45.6952250Z   Building lxml version 3.2.0.
2022-12-27T11:13:45.6953060Z   Building without Cython.
2022-12-27T11:13:45.7084430Z   Using build configuration of libxslt 1.1.29
2022-12-27T11:13:45.8023880Z   Building against libxml2/libxslt in the following directory: /Library/Developer/CommandLineTools/SDKs/MacOSX12.1.sdk/usr/lib
2022-12-27T11:13:45.8091850Z   /private/var/folders/51/hd414ycd67n82196sw51xqtc0000gn/T/cibw-run-opga9moa/cp311-macosx_arm64/build/venv/lib/python3.11/site-packages/setuptools/_distutils/dist.py:265: UserWarning: Unknown distribution option: 'bugtrack_url'
2022-12-27T11:13:45.8092640Z     warnings.warn(msg)
2022-12-27T11:13:45.8245570Z   running bdist_wheel
2022-12-27T11:13:45.8281850Z   running build
2022-12-27T11:13:45.8283260Z   running build_py
2022-12-27T11:13:45.8302170Z   creating build
2022-12-27T11:13:45.8304010Z   creating build/lib.macosx-11.0-arm64-cpython-311
2022-12-27T11:13:45.8305270Z   creating build/lib.macosx-11.0-arm64-cpython-311/lxml
2022-12-27T11:13:45.8306930Z   copying src/lxml/_elementpath.py -> build/lib.macosx-11.0-arm64-cpython-311/lxml
2022-12-27T11:13:45.8309300Z   copying src/lxml/sax.py -> build/lib.macosx-11.0-arm64-cpython-311/lxml
2022-12-27T11:13:45.8311590Z   copying src/lxml/pyclasslookup.py -> build/lib.macosx-11.0-arm64-cpython-311/lxml
2022-12-27T11:13:45.8313620Z   copying src/lxml/__init__.py -> build/lib.macosx-11.0-arm64-cpython-311/lxml
2022-12-27T11:13:45.8316610Z   copying src/lxml/builder.py -> build/lib.macosx-11.0-arm64-cpython-311/lxml
2022-12-27T11:13:45.8319290Z   copying src/lxml/doctestcompare.py -> build/lib.macosx-11.0-arm64-cpython-311/lxml
2022-12-27T11:13:45.8322490Z   copying src/lxml/usedoctest.py -> build/lib.macosx-11.0-arm64-cpython-311/lxml
2022-12-27T11:13:45.8324330Z   copying src/lxml/cssselect.py -> build/lib.macosx-11.0-arm64-cpython-311/lxml
2022-12-27T11:13:45.8326710Z   copying src/lxml/ElementInclude.py -> build/lib.macosx-11.0-arm64-cpython-311/lxml
2022-12-27T11:13:45.8330820Z   creating build/lib.macosx-11.0-arm64-cpython-311/lxml/includes
2022-12-27T11:13:45.8331930Z   copying src/lxml/includes/__init__.py -> build/lib.macosx-11.0-arm64-cpython-311/lxml/includes
2022-12-27T11:13:45.8337290Z   creating build/lib.macosx-11.0-arm64-cpython-311/lxml/html
2022-12-27T11:13:45.8338600Z   copying src/lxml/html/soupparser.py -> build/lib.macosx-11.0-arm64-cpython-311/lxml/html
2022-12-27T11:13:45.8341810Z   copying src/lxml/html/defs.py -> build/lib.macosx-11.0-arm64-cpython-311/lxml/html
2022-12-27T11:13:45.8343520Z   copying src/lxml/html/_setmixin.py -> build/lib.macosx-11.0-arm64-cpython-311/lxml/html
2022-12-27T11:13:45.8345530Z   copying src/lxml/html/clean.py -> build/lib.macosx-11.0-arm64-cpython-311/lxml/html
2022-12-27T11:13:45.8348480Z   copying src/lxml/html/_diffcommand.py -> build/lib.macosx-11.0-arm64-cpython-311/lxml/html
2022-12-27T11:13:45.8351060Z   copying src/lxml/html/html5parser.py -> build/lib.macosx-11.0-arm64-cpython-311/lxml/html
2022-12-27T11:13:45.8353420Z   copying src/lxml/html/__init__.py -> build/lib.macosx-11.0-arm64-cpython-311/lxml/html
2022-12-27T11:13:45.8356410Z   copying src/lxml/html/formfill.py -> build/lib.macosx-11.0-arm64-cpython-311/lxml/html
2022-12-27T11:13:45.8359360Z   copying src/lxml/html/builder.py -> build/lib.macosx-11.0-arm64-cpython-311/lxml/html
2022-12-27T11:13:45.8361210Z   copying src/lxml/html/ElementSoup.py -> build/lib.macosx-11.0-arm64-cpython-311/lxml/html
2022-12-27T11:13:45.8363300Z   copying src/lxml/html/_html5builder.py -> build/lib.macosx-11.0-arm64-cpython-311/lxml/html
2022-12-27T11:13:45.8365950Z   copying src/lxml/html/usedoctest.py -> build/lib.macosx-11.0-arm64-cpython-311/lxml/html
2022-12-27T11:13:45.8367860Z   copying src/lxml/html/diff.py -> build/lib.macosx-11.0-arm64-cpython-311/lxml/html
2022-12-27T11:13:45.8372040Z   creating build/lib.macosx-11.0-arm64-cpython-311/lxml/isoschematron
2022-12-27T11:13:45.8373080Z   copying src/lxml/isoschematron/__init__.py -> build/lib.macosx-11.0-arm64-cpython-311/lxml/isoschematron
2022-12-27T11:13:45.8393740Z   copying src/lxml/lxml.etree.h -> build/lib.macosx-11.0-arm64-cpython-311/lxml
2022-12-27T11:13:45.8397190Z   copying src/lxml/lxml.etree_api.h -> build/lib.macosx-11.0-arm64-cpython-311/lxml
2022-12-27T11:13:45.8400020Z   copying src/lxml/includes/xmlerror.pxd -> build/lib.macosx-11.0-arm64-cpython-311/lxml/includes
2022-12-27T11:13:45.8402960Z   copying src/lxml/includes/c14n.pxd -> build/lib.macosx-11.0-arm64-cpython-311/lxml/includes
2022-12-27T11:13:45.8405790Z   copying src/lxml/includes/xmlschema.pxd -> build/lib.macosx-11.0-arm64-cpython-311/lxml/includes
2022-12-27T11:13:45.8408510Z   copying src/lxml/includes/schematron.pxd -> build/lib.macosx-11.0-arm64-cpython-311/lxml/includes
2022-12-27T11:13:45.8410600Z   copying src/lxml/includes/tree.pxd -> build/lib.macosx-11.0-arm64-cpython-311/lxml/includes
2022-12-27T11:13:45.8413830Z   copying src/lxml/includes/uri.pxd -> build/lib.macosx-11.0-arm64-cpython-311/lxml/includes
2022-12-27T11:13:45.8416260Z   copying src/lxml/includes/etreepublic.pxd -> build/lib.macosx-11.0-arm64-cpython-311/lxml/includes
2022-12-27T11:13:45.8419240Z   copying src/lxml/includes/xpath.pxd -> build/lib.macosx-11.0-arm64-cpython-311/lxml/includes
2022-12-27T11:13:45.8422210Z   copying src/lxml/includes/htmlparser.pxd -> build/lib.macosx-11.0-arm64-cpython-311/lxml/includes
2022-12-27T11:13:45.8424240Z   copying src/lxml/includes/xslt.pxd -> build/lib.macosx-11.0-arm64-cpython-311/lxml/includes
2022-12-27T11:13:45.8426610Z   copying src/lxml/includes/config.pxd -> build/lib.macosx-11.0-arm64-cpython-311/lxml/includes
2022-12-27T11:13:45.8429370Z   copying src/lxml/includes/xmlparser.pxd -> build/lib.macosx-11.0-arm64-cpython-311/lxml/includes
2022-12-27T11:13:45.8432770Z   copying src/lxml/includes/xinclude.pxd -> build/lib.macosx-11.0-arm64-cpython-311/lxml/includes
2022-12-27T11:13:45.8435950Z   copying src/lxml/includes/dtdvalid.pxd -> build/lib.macosx-11.0-arm64-cpython-311/lxml/includes
2022-12-27T11:13:45.8439020Z   copying src/lxml/includes/relaxng.pxd -> build/lib.macosx-11.0-arm64-cpython-311/lxml/includes
2022-12-27T11:13:45.8442030Z   copying src/lxml/includes/lxml-version.h -> build/lib.macosx-11.0-arm64-cpython-311/lxml/includes
2022-12-27T11:13:45.8444740Z   copying src/lxml/includes/etree_defs.h -> build/lib.macosx-11.0-arm64-cpython-311/lxml/includes
2022-12-27T11:13:45.8447700Z   creating build/lib.macosx-11.0-arm64-cpython-311/lxml/isoschematron/resources
2022-12-27T11:13:45.8448910Z   creating build/lib.macosx-11.0-arm64-cpython-311/lxml/isoschematron/resources/rng
2022-12-27T11:13:45.8450170Z   copying src/lxml/isoschematron/resources/rng/iso-schematron.rng -> build/lib.macosx-11.0-arm64-cpython-311/lxml/isoschematron/resources/rng
2022-12-27T11:13:45.8452750Z   creating build/lib.macosx-11.0-arm64-cpython-311/lxml/isoschematron/resources/xsl
2022-12-27T11:13:45.8453830Z   copying src/lxml/isoschematron/resources/xsl/XSD2Schtrn.xsl -> build/lib.macosx-11.0-arm64-cpython-311/lxml/isoschematron/resources/xsl
2022-12-27T11:13:45.8457370Z   copying src/lxml/isoschematron/resources/xsl/RNG2Schtrn.xsl -> build/lib.macosx-11.0-arm64-cpython-311/lxml/isoschematron/resources/xsl
2022-12-27T11:13:45.8459520Z   creating build/lib.macosx-11.0-arm64-cpython-311/lxml/isoschematron/resources/xsl/iso-schematron-xslt1
2022-12-27T11:13:45.8460720Z   copying src/lxml/isoschematron/resources/xsl/iso-schematron-xslt1/iso_abstract_expand.xsl -> build/lib.macosx-11.0-arm64-cpython-311/lxml/isoschematron/resources/xsl/iso-schematron-xslt1
2022-12-27T11:13:45.8463080Z   copying src/lxml/isoschematron/resources/xsl/iso-schematron-xslt1/iso_dsdl_include.xsl -> build/lib.macosx-11.0-arm64-cpython-311/lxml/isoschematron/resources/xsl/iso-schematron-xslt1
2022-12-27T11:13:45.8466090Z   copying src/lxml/isoschematron/resources/xsl/iso-schematron-xslt1/iso_schematron_skeleton_for_xslt1.xsl -> build/lib.macosx-11.0-arm64-cpython-311/lxml/isoschematron/resources/xsl/iso-schematron-xslt1
2022-12-27T11:13:45.8469040Z   copying src/lxml/isoschematron/resources/xsl/iso-schematron-xslt1/iso_svrl_for_xslt1.xsl -> build/lib.macosx-11.0-arm64-cpython-311/lxml/isoschematron/resources/xsl/iso-schematron-xslt1
2022-12-27T11:13:45.8471930Z   copying src/lxml/isoschematron/resources/xsl/iso-schematron-xslt1/iso_schematron_message.xsl -> build/lib.macosx-11.0-arm64-cpython-311/lxml/isoschematron/resources/xsl/iso-schematron-xslt1
2022-12-27T11:13:45.8474790Z   copying src/lxml/isoschematron/resources/xsl/iso-schematron-xslt1/readme.txt -> build/lib.macosx-11.0-arm64-cpython-311/lxml/isoschematron/resources/xsl/iso-schematron-xslt1
2022-12-27T11:13:45.8485170Z   running build_ext
2022-12-27T11:13:45.8598590Z   building 'lxml.etree' extension
2022-12-27T11:13:45.8600320Z   creating build/temp.macosx-11.0-arm64-cpython-311
2022-12-27T11:13:45.8601810Z   creating build/temp.macosx-11.0-arm64-cpython-311/src
2022-12-27T11:13:45.8603100Z   creating build/temp.macosx-11.0-arm64-cpython-311/src/lxml
2022-12-27T11:13:45.8606740Z   clang -Wsign-compare -Wunreachable-code -fno-common -dynamic -DNDEBUG -g -fwrapv -O3 -Wall -g -I/usr/local/opt/openssl@3/include -I/usr/local/opt/openssl@3/include -arch arm64 -I/Library/Developer/CommandLineTools/SDKs/MacOSX12.1.sdk/usr/include -I/Users/runner/actions-runner/_work/python.build/python.build/build_lxml320311/lxml-3.2.0/src/lxml/includes -I/private/var/folders/51/hd414ycd67n82196sw51xqtc0000gn/T/cibw-run-opga9moa/cp311-macosx_arm64/build/venv/include -I/Library/Frameworks/Python.framework/Versions/3.11/include/python3.11 -c src/lxml/lxml.etree.c -o build/temp.macosx-11.0-arm64-cpython-311/src/lxml/lxml.etree.o -flat_namespace
2022-12-27T11:13:45.8763240Z   clang: warning: argument unused during compilation: '-flat_namespace' [-Wunused-command-line-argument]
2022-12-27T11:13:45.9565280Z   src/lxml/lxml.etree.c:4117:23: error: expression is not assignable
2022-12-27T11:13:45.9566490Z           Py_SIZE(list) = len+1;
2022-12-27T11:13:45.9568210Z           ~~~~~~~~~~~~~ ^
2022-12-27T11:13:45.9569430Z   src/lxml/lxml.etree.c:4236:23: error: expression is not assignable
2022-12-27T11:13:45.9570820Z           Py_SIZE(list) = len+1;
2022-12-27T11:13:45.9571890Z           ~~~~~~~~~~~~~ ^
2022-12-27T11:13:46.0627200Z   src/lxml/lxml.etree.c:41796:33: warning: equality comparison with extraneous parentheses [-Wparentheses-equality]
2022-12-27T11:13:46.0627940Z         if ((__pyx_v_c_ns->prefix == NULL)) {
2022-12-27T11:13:46.0629630Z              ~~~~~~~~~~~~~~~~~~~~~^~~~~~~
2022-12-27T11:13:46.0631140Z   src/lxml/lxml.etree.c:41796:33: note: remove extraneous parentheses around the comparison to silence this warning
2022-12-27T11:13:46.0632190Z         if ((__pyx_v_c_ns->prefix == NULL)) {
2022-12-27T11:13:46.0633240Z             ~                     ^      ~
2022-12-27T11:13:46.0634460Z   src/lxml/lxml.etree.c:41796:33: note: use '=' to turn this equality comparison into an assignment
2022-12-27T11:13:46.0635620Z         if ((__pyx_v_c_ns->prefix == NULL)) {
2022-12-27T11:13:46.0636550Z                                   ^~
2022-12-27T11:13:46.0637640Z                                   =
2022-12-27T11:13:46.0639080Z   src/lxml/lxml.etree.c:41826:33: warning: equality comparison with extraneous parentheses [-Wparentheses-equality]
2022-12-27T11:13:46.0639840Z           if ((__pyx_v_c_ns->href == NULL)) {
2022-12-27T11:13:46.0641050Z                ~~~~~~~~~~~~~~~~~~~^~~~~~~
2022-12-27T11:13:46.0642080Z   src/lxml/lxml.etree.c:41826:33: note: remove extraneous parentheses around the comparison to silence this warning
2022-12-27T11:13:46.0643160Z           if ((__pyx_v_c_ns->href == NULL)) {
2022-12-27T11:13:46.0643920Z               ~                   ^      ~
2022-12-27T11:13:46.0645320Z   src/lxml/lxml.etree.c:41826:33: note: use '=' to turn this equality comparison into an assignment
2022-12-27T11:13:46.0646140Z           if ((__pyx_v_c_ns->href == NULL)) {
2022-12-27T11:13:46.0647020Z                                   ^~
2022-12-27T11:13:46.0648050Z                                   =
2022-12-27T11:13:46.2020630Z   src/lxml/lxml.etree.c:80553:15: warning: 'PyUnicode_GET_DATA_SIZE' is deprecated [-Wdeprecated-declarations]
2022-12-27T11:13:46.2021370Z     __pyx_v_l = PyUnicode_GET_DATA_SIZE(((PyObject *)__pyx_v_utext));
2022-12-27T11:13:46.2022720Z                 ^
2022-12-27T11:13:46.2024660Z   /Library/Frameworks/Python.framework/Versions/3.11/include/python3.11/cpython/unicodeobject.h:676:39: note: expanded from macro 'PyUnicode_GET_DATA_SIZE'
2022-12-27T11:13:46.2025580Z   #  define PyUnicode_GET_DATA_SIZE(op) PyUnicode_GET_DATA_SIZE(_PyObject_CAST(op))
2022-12-27T11:13:46.2026480Z                                         ^
2022-12-27T11:13:46.2028230Z   /Library/Frameworks/Python.framework/Versions/3.11/include/python3.11/cpython/unicodeobject.h:667:1: note: 'PyUnicode_GET_DATA_SIZE' has been explicitly marked deprecated here
2022-12-27T11:13:46.2028740Z   Py_DEPRECATED(3.3)
2022-12-27T11:13:46.2030160Z   ^
2022-12-27T11:13:46.2031680Z   /Library/Frameworks/Python.framework/Versions/3.11/include/python3.11/pyport.h:336:54: note: expanded from macro 'Py_DEPRECATED'
2022-12-27T11:13:46.2032530Z   #define Py_DEPRECATED(VERSION_UNUSED) __attribute__((__deprecated__))
2022-12-27T11:13:46.2033280Z                                                        ^
2022-12-27T11:13:46.2034890Z   src/lxml/lxml.etree.c:80562:20: warning: 'PyUnicode_AS_DATA' is deprecated [-Wdeprecated-declarations]
2022-12-27T11:13:46.2035610Z     __pyx_v_buffer = PyUnicode_AS_DATA(((PyObject *)__pyx_v_utext));
2022-12-27T11:13:46.2036640Z                      ^
2022-12-27T11:13:46.2037940Z   /Library/Frameworks/Python.framework/Versions/3.11/include/python3.11/cpython/unicodeobject.h:712:33: note: expanded from macro 'PyUnicode_AS_DATA'
2022-12-27T11:13:46.2038800Z   #  define PyUnicode_AS_DATA(op) PyUnicode_AS_DATA(_PyObject_CAST(op))
2022-12-27T11:13:46.2039630Z                                   ^
2022-12-27T11:13:46.2041100Z   /Library/Frameworks/Python.framework/Versions/3.11/include/python3.11/cpython/unicodeobject.h:701:1: note: 'PyUnicode_AS_DATA' has been explicitly marked deprecated here
2022-12-27T11:13:46.2041750Z   Py_DEPRECATED(3.3)
2022-12-27T11:13:46.2042750Z   ^
2022-12-27T11:13:46.2044080Z   /Library/Frameworks/Python.framework/Versions/3.11/include/python3.11/pyport.h:336:54: note: expanded from macro 'Py_DEPRECATED'
2022-12-27T11:13:46.2044870Z   #define Py_DEPRECATED(VERSION_UNUSED) __attribute__((__deprecated__))
2022-12-27T11:13:46.2045730Z                                                        ^
2022-12-27T11:13:46.2199530Z   src/lxml/lxml.etree.c:87711:27: warning: 'PyUnicode_GET_DATA_SIZE' is deprecated [-Wdeprecated-declarations]
2022-12-27T11:13:46.2200470Z     __pyx_v_py_buffer_len = PyUnicode_GET_DATA_SIZE(__pyx_v_utext);
2022-12-27T11:13:46.2202200Z                             ^
2022-12-27T11:13:46.2203550Z   /Library/Frameworks/Python.framework/Versions/3.11/include/python3.11/cpython/unicodeobject.h:676:39: note: expanded from macro 'PyUnicode_GET_DATA_SIZE'
2022-12-27T11:13:46.2204640Z   #  define PyUnicode_GET_DATA_SIZE(op) PyUnicode_GET_DATA_SIZE(_PyObject_CAST(op))
2022-12-27T11:13:46.2205530Z                                         ^
2022-12-27T11:13:46.2207480Z   /Library/Frameworks/Python.framework/Versions/3.11/include/python3.11/cpython/unicodeobject.h:667:1: note: 'PyUnicode_GET_DATA_SIZE' has been explicitly marked deprecated here
2022-12-27T11:13:46.2208070Z   Py_DEPRECATED(3.3)
2022-12-27T11:13:46.2209050Z   ^
2022-12-27T11:13:46.2210240Z   /Library/Frameworks/Python.framework/Versions/3.11/include/python3.11/pyport.h:336:54: note: expanded from macro 'Py_DEPRECATED'
2022-12-27T11:13:46.2211000Z   #define Py_DEPRECATED(VERSION_UNUSED) __attribute__((__deprecated__))
2022-12-27T11:13:46.2211980Z                                                        ^
2022-12-27T11:13:46.2213510Z   src/lxml/lxml.etree.c:87829:22: warning: 'PyUnicode_AS_DATA' is deprecated [-Wdeprecated-declarations]
2022-12-27T11:13:46.2214230Z       __pyx_v_c_text = PyUnicode_AS_DATA(__pyx_v_utext);
2022-12-27T11:13:46.2215170Z                        ^
2022-12-27T11:13:46.2216680Z   /Library/Frameworks/Python.framework/Versions/3.11/include/python3.11/cpython/unicodeobject.h:712:33: note: expanded from macro 'PyUnicode_AS_DATA'
2022-12-27T11:13:46.2217430Z   #  define PyUnicode_AS_DATA(op) PyUnicode_AS_DATA(_PyObject_CAST(op))
2022-12-27T11:13:46.2218350Z                                   ^
2022-12-27T11:13:46.2219790Z   /Library/Frameworks/Python.framework/Versions/3.11/include/python3.11/cpython/unicodeobject.h:701:1: note: 'PyUnicode_AS_DATA' has been explicitly marked deprecated here
2022-12-27T11:13:46.2220400Z   Py_DEPRECATED(3.3)
2022-12-27T11:13:46.2221420Z   ^
2022-12-27T11:13:46.2222780Z   /Library/Frameworks/Python.framework/Versions/3.11/include/python3.11/pyport.h:336:54: note: expanded from macro 'Py_DEPRECATED'
2022-12-27T11:13:46.2223510Z   #define Py_DEPRECATED(VERSION_UNUSED) __attribute__((__deprecated__))
2022-12-27T11:13:46.2224480Z                                                        ^
2022-12-27T11:13:46.2232780Z   src/lxml/lxml.etree.c:89163:22: warning: 'PyUnicode_AS_DATA' is deprecated [-Wdeprecated-declarations]
2022-12-27T11:13:46.2233730Z       __pyx_v_c_data = PyUnicode_AS_DATA(__pyx_v_data);
2022-12-27T11:13:46.2234800Z                        ^
2022-12-27T11:13:46.2237100Z   /Library/Frameworks/Python.framework/Versions/3.11/include/python3.11/cpython/unicodeobject.h:712:33: note: expanded from macro 'PyUnicode_AS_DATA'
2022-12-27T11:13:46.2238110Z   #  define PyUnicode_AS_DATA(op) PyUnicode_AS_DATA(_PyObject_CAST(op))
2022-12-27T11:13:46.2239030Z                                   ^
2022-12-27T11:13:46.2240570Z   /Library/Frameworks/Python.framework/Versions/3.11/include/python3.11/cpython/unicodeobject.h:701:1: note: 'PyUnicode_AS_DATA' has been explicitly marked deprecated here
2022-12-27T11:13:46.2241270Z   Py_DEPRECATED(3.3)
2022-12-27T11:13:46.2242160Z   ^
2022-12-27T11:13:46.2243600Z   /Library/Frameworks/Python.framework/Versions/3.11/include/python3.11/pyport.h:336:54: note: expanded from macro 'Py_DEPRECATED'
2022-12-27T11:13:46.2244380Z   #define Py_DEPRECATED(VERSION_UNUSED) __attribute__((__deprecated__))
2022-12-27T11:13:46.2245290Z                                                        ^
2022-12-27T11:13:46.2246660Z   src/lxml/lxml.etree.c:89172:29: warning: 'PyUnicode_GET_DATA_SIZE' is deprecated [-Wdeprecated-declarations]
2022-12-27T11:13:46.2247450Z       __pyx_v_py_buffer_len = PyUnicode_GET_DATA_SIZE(__pyx_v_data);
2022-12-27T11:13:46.2248340Z                               ^
2022-12-27T11:13:46.2249820Z   /Library/Frameworks/Python.framework/Versions/3.11/include/python3.11/cpython/unicodeobject.h:676:39: note: expanded from macro 'PyUnicode_GET_DATA_SIZE'
2022-12-27T11:13:46.2250600Z   #  define PyUnicode_GET_DATA_SIZE(op) PyUnicode_GET_DATA_SIZE(_PyObject_CAST(op))
2022-12-27T11:13:46.2251490Z                                         ^
2022-12-27T11:13:46.2252950Z   /Library/Frameworks/Python.framework/Versions/3.11/include/python3.11/cpython/unicodeobject.h:667:1: note: 'PyUnicode_GET_DATA_SIZE' has been explicitly marked deprecated here
2022-12-27T11:13:46.2253550Z   Py_DEPRECATED(3.3)
2022-12-27T11:13:46.2254610Z   ^
2022-12-27T11:13:46.2256130Z   /Library/Frameworks/Python.framework/Versions/3.11/include/python3.11/pyport.h:336:54: note: expanded from macro 'Py_DEPRECATED'
2022-12-27T11:13:46.2257090Z   #define Py_DEPRECATED(VERSION_UNUSED) __attribute__((__deprecated__))
2022-12-27T11:13:46.2257890Z                                                        ^
2022-12-27T11:13:46.2306470Z   src/lxml/lxml.etree.c:91530:21: warning: 'PyUnicode_GET_DATA_SIZE' is deprecated [-Wdeprecated-declarations]
2022-12-27T11:13:46.2307680Z       __pyx_v_c_len = PyUnicode_GET_DATA_SIZE(__pyx_v_text);
2022-12-27T11:13:46.2309070Z                       ^
2022-12-27T11:13:46.2310760Z   /Library/Frameworks/Python.framework/Versions/3.11/include/python3.11/cpython/unicodeobject.h:676:39: note: expanded from macro 'PyUnicode_GET_DATA_SIZE'
2022-12-27T11:13:46.2311550Z   #  define PyUnicode_GET_DATA_SIZE(op) PyUnicode_GET_DATA_SIZE(_PyObject_CAST(op))
2022-12-27T11:13:46.2312560Z                                         ^
2022-12-27T11:13:46.2314180Z   /Library/Frameworks/Python.framework/Versions/3.11/include/python3.11/cpython/unicodeobject.h:667:1: note: 'PyUnicode_GET_DATA_SIZE' has been explicitly marked deprecated here
2022-12-27T11:13:46.2314910Z   Py_DEPRECATED(3.3)
2022-12-27T11:13:46.2315990Z   ^
2022-12-27T11:13:46.2317680Z   /Library/Frameworks/Python.framework/Versions/3.11/include/python3.11/pyport.h:336:54: note: expanded from macro 'Py_DEPRECATED'
2022-12-27T11:13:46.2318450Z   #define Py_DEPRECATED(VERSION_UNUSED) __attribute__((__deprecated__))
2022-12-27T11:13:46.2319500Z                                                        ^
2022-12-27T11:13:46.3357750Z   src/lxml/lxml.etree.c:123597:25: warning: equality comparison with extraneous parentheses [-Wparentheses-equality]
2022-12-27T11:13:46.3358340Z     if ((__pyx_v_c_ns_uri == NULL)) {
2022-12-27T11:13:46.3360160Z          ~~~~~~~~~~~~~~~~~^~~~~~~
2022-12-27T11:13:46.3361050Z   src/lxml/lxml.etree.c:123597:25: note: remove extraneous parentheses around the comparison to silence this warning
2022-12-27T11:13:46.3362120Z     if ((__pyx_v_c_ns_uri == NULL)) {
2022-12-27T11:13:46.3363240Z         ~                 ^      ~
2022-12-27T11:13:46.3364670Z   src/lxml/lxml.etree.c:123597:25: note: use '=' to turn this equality comparison into an assignment
2022-12-27T11:13:46.3365340Z     if ((__pyx_v_c_ns_uri == NULL)) {
2022-12-27T11:13:46.3366290Z                           ^~
2022-12-27T11:13:46.3367320Z                           =
2022-12-27T11:13:46.3791180Z   src/lxml/lxml.etree.c:135356:17: warning: enumeration value '__pyx_e_4lxml_5etree_PARSER_DATA_INVALID' not handled in switch [-Wswitch]
2022-12-27T11:13:46.3791930Z           switch (__pyx_v_doc_ref->_type) {
2022-12-27T11:13:46.3793270Z                   ^
2022-12-27T11:13:46.3795040Z   src/lxml/lxml.etree.c:135356:17: note: add missing switch cases
2022-12-27T11:13:46.3796190Z           switch (__pyx_v_doc_ref->_type) {
2022-12-27T11:13:46.3797220Z                   ^
2022-12-27T11:13:46.3941920Z   src/lxml/lxml.etree.c:139435:72: warning: incompatible pointer types passing 'struct __pyx_obj_4lxml_5etree__BaseContext *' to parameter of type 'struct __pyx_obj_4lxml_5etree__XSLTContext *' [-Wincompatible-pointer-types]
2022-12-27T11:13:46.3943520Z       __pyx_t_1 = ((PyObject *)__pyx_f_4lxml_5etree_12_XSLTContext__copy(((struct __pyx_obj_4lxml_5etree__BaseContext *)__pyx_v_self->_context))); if (unlikely(!__pyx_t_1)) {__pyx_filename = __pyx_f[2]; __pyx_lineno = 543; __pyx_clineno = __LINE__; goto __pyx_L9;}
2022-12-27T11:13:46.3944780Z                                                                          ^~~~~~~~~~~~~~~~~~~~~~~~~~~~~~~~~~~~~~~~~~~~~~~~~~~~~~~~~~~~~~~~~~~~~~
2022-12-27T11:13:46.3946740Z   src/lxml/lxml.etree.c:137370:138: note: passing argument to parameter '__pyx_v_self' here
2022-12-27T11:13:46.3947800Z   static struct __pyx_obj_4lxml_5etree__BaseContext *__pyx_f_4lxml_5etree_12_XSLTContext__copy(struct __pyx_obj_4lxml_5etree__XSLTContext *__pyx_v_self) {
2022-12-27T11:13:46.3951070Z                                                                                                                                            ^
2022-12-27T11:13:46.3979900Z   src/lxml/lxml.etree.c:140833:70: warning: incompatible pointer types passing 'struct __pyx_obj_4lxml_5etree__BaseContext *' to parameter of type 'struct __pyx_obj_4lxml_5etree__XSLTContext *' [-Wincompatible-pointer-types]
2022-12-27T11:13:46.3981490Z     __pyx_t_1 = ((PyObject *)__pyx_f_4lxml_5etree_12_XSLTContext__copy(((struct __pyx_obj_4lxml_5etree__BaseContext *)__pyx_v_stylesheet->_context))); if (unlikely(!__pyx_t_1)) {__pyx_filename = __pyx_f[2]; __pyx_lineno = 680; __pyx_clineno = __LINE__; goto __pyx_L1_error;}
2022-12-27T11:13:46.3982510Z                                                                        ^~~~~~~~~~~~~~~~~~~~~~~~~~~~~~~~~~~~~~~~~~~~~~~~~~~~~~~~~~~~~~~~~~~~~~~~~~~~
2022-12-27T11:13:46.3984180Z   src/lxml/lxml.etree.c:137370:138: note: passing argument to parameter '__pyx_v_self' here
2022-12-27T11:13:46.3986020Z   static struct __pyx_obj_4lxml_5etree__BaseContext *__pyx_f_4lxml_5etree_12_XSLTContext__copy(struct __pyx_obj_4lxml_5etree__XSLTContext *__pyx_v_self) {
2022-12-27T11:13:46.3988690Z                                                                                                                                            ^
2022-12-27T11:13:46.4111560Z   src/lxml/lxml.etree.c:144961:73: warning: format string is not a string literal (potentially insecure) [-Wformat-security]
2022-12-27T11:13:46.4113100Z             xsltTransformError(__pyx_v_c_ctxt, NULL, __pyx_v_c_inst_node, __pyx_t_23);
2022-12-27T11:13:46.4114870Z                                                                           ^~~~~~~~~~
2022-12-27T11:13:46.4116560Z   src/lxml/lxml.etree.c:144961:73: note: treat the string as an argument to avoid this
2022-12-27T11:13:46.4117960Z             xsltTransformError(__pyx_v_c_ctxt, NULL, __pyx_v_c_inst_node, __pyx_t_23);
2022-12-27T11:13:46.4119150Z                                                                           ^
2022-12-27T11:13:46.4120050Z                                                                           "%s",
2022-12-27T11:13:46.4121600Z   src/lxml/lxml.etree.c:145011:73: warning: format string is not a string literal (potentially insecure) [-Wformat-security]
2022-12-27T11:13:46.4122410Z             xsltTransformError(__pyx_v_c_ctxt, NULL, __pyx_v_c_inst_node, __pyx_t_23);
2022-12-27T11:13:46.4123560Z                                                                           ^~~~~~~~~~
2022-12-27T11:13:46.4124710Z   src/lxml/lxml.etree.c:145011:73: note: treat the string as an argument to avoid this
2022-12-27T11:13:46.4125790Z             xsltTransformError(__pyx_v_c_ctxt, NULL, __pyx_v_c_inst_node, __pyx_t_23);
2022-12-27T11:13:46.4126690Z                                                                           ^
2022-12-27T11:13:46.4127780Z                                                                           "%s",
2022-12-27T11:13:46.4129070Z   src/lxml/lxml.etree.c:145075:69: warning: format string is not a string literal (potentially insecure) [-Wformat-security]
2022-12-27T11:13:46.4129850Z         xsltTransformError(__pyx_v_c_ctxt, NULL, __pyx_v_c_inst_node, __pyx_k_383);
2022-12-27T11:13:46.4131040Z                                                                       ^~~~~~~~~~~
2022-12-27T11:13:46.4132110Z   src/lxml/lxml.etree.c:145075:69: note: treat the string as an argument to avoid this
2022-12-27T11:13:46.4133140Z         xsltTransformError(__pyx_v_c_ctxt, NULL, __pyx_v_c_inst_node, __pyx_k_383);
2022-12-27T11:13:46.4134050Z                                                                       ^
2022-12-27T11:13:46.4135120Z                                                                       "%s",
2022-12-27T11:13:46.4579020Z   src/lxml/lxml.etree.c:158851:5: error: expression is not assignable
2022-12-27T11:13:46.4579970Z       ++Py_REFCNT(o);
2022-12-27T11:13:46.4581470Z       ^ ~~~~~~~~~~~~
2022-12-27T11:13:46.4582960Z   src/lxml/lxml.etree.c:158854:5: error: expression is not assignable
2022-12-27T11:13:46.4584360Z       --Py_REFCNT(o);
2022-12-27T11:13:46.4585470Z       ^ ~~~~~~~~~~~~
2022-12-27T11:13:46.4586960Z   src/lxml/lxml.etree.c:159061:5: error: expression is not assignable
2022-12-27T11:13:46.4588480Z       ++Py_REFCNT(o);
2022-12-27T11:13:46.4589260Z       ^ ~~~~~~~~~~~~
2022-12-27T11:13:46.4590500Z   src/lxml/lxml.etree.c:159064:5: error: expression is not assignable
2022-12-27T11:13:46.4591490Z       --Py_REFCNT(o);
2022-12-27T11:13:46.4592520Z       ^ ~~~~~~~~~~~~
2022-12-27T11:13:46.4717010Z   src/lxml/lxml.etree.c:163819:5: error: expression is not assignable
2022-12-27T11:13:46.4718440Z       ++Py_REFCNT(o);
2022-12-27T11:13:46.4720020Z       ^ ~~~~~~~~~~~~
2022-12-27T11:13:46.4720900Z   src/lxml/lxml.etree.c:163822:5: error: expression is not assignable
2022-12-27T11:13:46.4722140Z       --Py_REFCNT(o);
2022-12-27T11:13:46.4722950Z       ^ ~~~~~~~~~~~~
2022-12-27T11:13:46.4889350Z   src/lxml/lxml.etree.c:171444:5: error: expression is not assignable
2022-12-27T11:13:46.4890740Z       ++Py_REFCNT(o);
2022-12-27T11:13:46.4892350Z       ^ ~~~~~~~~~~~~
2022-12-27T11:13:46.4893650Z   src/lxml/lxml.etree.c:171447:5: error: expression is not assignable
2022-12-27T11:13:46.4895420Z       --Py_REFCNT(o);
2022-12-27T11:13:46.4896250Z       ^ ~~~~~~~~~~~~
2022-12-27T11:13:46.4905210Z   src/lxml/lxml.etree.c:172055:5: error: expression is not assignable
2022-12-27T11:13:46.4906330Z       ++Py_REFCNT(o);
2022-12-27T11:13:46.4907690Z       ^ ~~~~~~~~~~~~
2022-12-27T11:13:46.4908480Z   src/lxml/lxml.etree.c:172058:5: error: expression is not assignable
2022-12-27T11:13:46.4909620Z       --Py_REFCNT(o);
2022-12-27T11:13:46.4910700Z       ^ ~~~~~~~~~~~~
2022-12-27T11:13:46.4917560Z   src/lxml/lxml.etree.c:172471:5: error: expression is not assignable
2022-12-27T11:13:46.4918530Z       ++Py_REFCNT(o);
2022-12-27T11:13:46.4919670Z       ^ ~~~~~~~~~~~~
2022-12-27T11:13:46.4920880Z   src/lxml/lxml.etree.c:172474:5: error: expression is not assignable
2022-12-27T11:13:46.4921920Z       --Py_REFCNT(o);
2022-12-27T11:13:46.4922900Z       ^ ~~~~~~~~~~~~
2022-12-27T11:13:46.4924050Z   src/lxml/lxml.etree.c:172661:5: error: expression is not assignable
2022-12-27T11:13:46.4924950Z       ++Py_REFCNT(o);
2022-12-27T11:13:46.4926000Z       ^ ~~~~~~~~~~~~
2022-12-27T11:13:46.4927060Z   src/lxml/lxml.etree.c:172664:5: error: expression is not assignable
2022-12-27T11:13:46.4928060Z       --Py_REFCNT(o);
2022-12-27T11:13:46.4929020Z       ^ ~~~~~~~~~~~~
2022-12-27T11:13:46.4987080Z   src/lxml/lxml.etree.c:174886:5: error: expression is not assignable
2022-12-27T11:13:46.4988460Z       ++Py_REFCNT(o);
2022-12-27T11:13:46.4989790Z       ^ ~~~~~~~~~~~~
2022-12-27T11:13:46.4991260Z   src/lxml/lxml.etree.c:174889:5: error: expression is not assignable
2022-12-27T11:13:46.4992590Z       --Py_REFCNT(o);
2022-12-27T11:13:46.4993710Z       ^ ~~~~~~~~~~~~
2022-12-27T11:13:46.5073790Z   src/lxml/lxml.etree.c:177405:5: error: expression is not assignable
2022-12-27T11:13:46.5075200Z       ++Py_REFCNT(o);
2022-12-27T11:13:46.5076620Z       ^ ~~~~~~~~~~~~
2022-12-27T11:13:46.5078310Z   fatal error: too many errors emitted, stopping now [-ferror-limit=]
2022-12-27T11:13:46.5920010Z   16 warnings and 20 errors generated.
2022-12-27T11:13:46.5965880Z   error: command '/usr/bin/clang' failed with exit code 1
2022-12-27T11:13:46.6344290Z   error: subprocess-exited-with-error
2022-12-27T11:13:46.6344680Z   
2022-12-27T11:13:46.6345150Z   × python setup.py bdist_wheel did not run successfully.
2022-12-27T11:13:46.6345600Z   │ exit code: 1
2022-12-27T11:13:46.6345950Z   ╰─> See above for output.
2022-12-27T11:13:46.6346150Z   
2022-12-27T11:13:46.6346410Z   note: This error originates from a subprocess, and is likely not a problem with pip.
2022-12-27T11:13:46.6351420Z   full command: /private/var/folders/51/hd414ycd67n82196sw51xqtc0000gn/T/cibw-run-opga9moa/cp311-macosx_arm64/build/venv/bin/python -u -c '
2022-12-27T11:13:46.6351860Z   exec(compile('"'"''"'"''"'"'
2022-12-27T11:13:46.6352320Z   # This is <pip-setuptools-caller> -- a caller that pip uses to run setup.py
2022-12-27T11:13:46.6352540Z   #
2022-12-27T11:13:46.6352940Z   # - It imports setuptools before invoking setup.py, to enable projects that directly
2022-12-27T11:13:46.6353730Z   #   import from `distutils.core` to work with newer packaging standards.
2022-12-27T11:13:46.6354120Z   # - It provides a clear error message when setuptools is not installed.
2022-12-27T11:13:46.6354500Z   # - It sets `sys.argv[0]` to the underlying `setup.py`, when invoking `setup.py` so
2022-12-27T11:13:46.6354890Z   #   setuptools doesn'"'"'t think the script is `-c`. This avoids the following warning:
2022-12-27T11:13:46.6355220Z   #     manifest_maker: standard file '"'"'-c'"'"' not found".
2022-12-27T11:13:46.6355600Z   # - It generates a shim setup.py, for handling setup.cfg-only projects.
2022-12-27T11:13:46.6355830Z   import os, sys, tokenize
2022-12-27T11:13:46.6355990Z   
2022-12-27T11:13:46.6356120Z   try:
2022-12-27T11:13:46.6356270Z       import setuptools
2022-12-27T11:13:46.6356450Z   except ImportError as error:
2022-12-27T11:13:46.6356620Z       print(
2022-12-27T11:13:46.6356840Z           "ERROR: Can not execute `setup.py` since setuptools is not available in "
2022-12-27T11:13:46.6357080Z           "the build environment.",
2022-12-27T11:13:46.6357260Z           file=sys.stderr,
2022-12-27T11:13:46.6357410Z       )
2022-12-27T11:13:46.6357550Z       sys.exit(1)
2022-12-27T11:13:46.6357690Z   
2022-12-27T11:13:46.6357830Z   __file__ = %r
2022-12-27T11:13:46.6357990Z   sys.argv[0] = __file__
2022-12-27T11:13:46.6358130Z   
2022-12-27T11:13:46.6358290Z   if os.path.exists(__file__):
2022-12-27T11:13:46.6358470Z       filename = __file__
2022-12-27T11:13:46.6358650Z       with tokenize.open(__file__) as f:
2022-12-27T11:13:46.6358840Z           setup_py_code = f.read()
2022-12-27T11:13:46.6359000Z   else:
2022-12-27T11:13:46.6359250Z       filename = "<auto-generated setuptools caller>"
2022-12-27T11:13:46.6359490Z       setup_py_code = "from setuptools import setup; setup()"
2022-12-27T11:13:46.6359680Z   
2022-12-27T11:13:46.6359790Z   exec(compile(setup_py_code, filename, "exec"))
2022-12-27T11:13:46.6360210Z   '"'"''"'"''"'"' % ('"'"'/Users/runner/actions-runner/_work/python.build/python.build/build_lxml320311/lxml-3.2.0/setup.py'"'"',), "<pip-setuptools-caller>", "exec"))' bdist_wheel -d /private/var/folders/51/hd414ycd67n82196sw51xqtc0000gn/T/pip-wheel-s_e2ckk5
2022-12-27T11:13:46.6360810Z   cwd: /Users/runner/actions-runner/_work/python.build/python.build/build_lxml320311/lxml-3.2.0/
2022-12-27T11:13:46.6360980Z   ERROR: Failed building wheel for lxml
2022-12-27T11:13:46.6361110Z   Running command python setup.py clean
2022-12-27T11:13:46.6361330Z   Building wheel for lxml (setup.py): finished with status 'error'
2022-12-27T11:13:46.6361480Z   Running setup.py clean for lxml
2022-12-27T11:13:46.8222340Z   Building lxml version 3.2.0.
2022-12-27T11:13:46.8223560Z   Building without Cython.
2022-12-27T11:13:46.8352850Z   Using build configuration of libxslt 1.1.29
2022-12-27T11:13:46.9289620Z   Building against libxml2/libxslt in the following directory: /Library/Developer/CommandLineTools/SDKs/MacOSX12.1.sdk/usr/lib
2022-12-27T11:13:46.9359150Z   /private/var/folders/51/hd414ycd67n82196sw51xqtc0000gn/T/cibw-run-opga9moa/cp311-macosx_arm64/build/venv/lib/python3.11/site-packages/setuptools/_distutils/dist.py:265: UserWarning: Unknown distribution option: 'bugtrack_url'
2022-12-27T11:13:46.9359790Z     warnings.warn(msg)
2022-12-27T11:13:46.9410210Z   running clean
2022-12-27T11:13:46.9435180Z   removing 'build/temp.macosx-11.0-arm64-cpython-311' (and everything under it)
2022-12-27T11:13:46.9438510Z   removing 'build/lib.macosx-11.0-arm64-cpython-311' (and everything under it)
2022-12-27T11:13:46.9481960Z   'build/bdist.macosx-11.0-arm64' does not exist -- can't clean it
2022-12-27T11:13:46.9483200Z   'build/scripts-3.11' does not exist -- can't clean it
2022-12-27T11:13:46.9484070Z   removing 'build'
2022-12-27T11:13:46.9768530Z Failed to build lxml
2022-12-27T11:13:46.9773260Z ERROR: Failed to build one or more wheels
2022-12-27T11:13:46.9786080Z Exception information:
2022-12-27T11:13:46.9786280Z Traceback (most recent call last):
2022-12-27T11:13:46.9795150Z   File "/private/var/folders/51/hd414ycd67n82196sw51xqtc0000gn/T/cibw-run-opga9moa/cp311-macosx_arm64/build/venv/lib/python3.11/site-packages/pip/_internal/cli/base_command.py", line 160, in exc_logging_wrapper
2022-12-27T11:13:46.9795710Z     status = run_func(*args)
2022-12-27T11:13:46.9795900Z              ^^^^^^^^^^^^^^^
2022-12-27T11:13:46.9796620Z   File "/private/var/folders/51/hd414ycd67n82196sw51xqtc0000gn/T/cibw-run-opga9moa/cp311-macosx_arm64/build/venv/lib/python3.11/site-packages/pip/_internal/cli/req_command.py", line 247, in wrapper
2022-12-27T11:13:46.9797040Z     return func(self, options, args)
2022-12-27T11:13:46.9797250Z            ^^^^^^^^^^^^^^^^^^^^^^^^^
2022-12-27T11:13:46.9797830Z   File "/private/var/folders/51/hd414ycd67n82196sw51xqtc0000gn/T/cibw-run-opga9moa/cp311-macosx_arm64/build/venv/lib/python3.11/site-packages/pip/_internal/commands/wheel.py", line 201, in run
2022-12-27T11:13:46.9798280Z     raise CommandError("Failed to build one or more wheels")
2022-12-27T11:13:46.9798600Z pip._internal.exceptions.CommandError: Failed to build one or more wheels
2022-12-27T11:13:46.9799090Z Removed build tracker: '/private/var/folders/51/hd414ycd67n82196sw51xqtc0000gn/T/pip-build-tracker-vdzhl6dx'
2022-12-27T11:13:47.0272850Z ##[error]Command ['python', '-m', 'pip', 'wheel', '/Users/runner/actions-runner/_work/python.build/python.build/build_lxml320311/lxml-3.2.0', '--wheel-dir=/private/var/folders/51/hd414ycd67n82196sw51xqtc0000gn/T/cibw-run-opga9moa/cp311-macosx_arm64/built_wheel', '--no-deps', '-vvv'] failed with code 1. None
2022-12-27T11:13:47.0279230Z 
2022-12-27T11:13:47.0279470Z ##[endgroup]
2022-12-27T11:13:47.0279830Z                                                               [31m✕ [0m2.23s
2022-12-27T11:13:47.0741380Z ##[error]Process completed with exit code 1.
2022-12-27T11:13:47.0772060Z ##[group]Run rm -rf build_lxml320311 wheelsout
2022-12-27T11:13:47.0772250Z [36;1mrm -rf build_lxml320311 wheelsout[0m
2022-12-27T11:13:47.0788270Z shell: /bin/bash -e {0}
2022-12-27T11:13:47.0788380Z env:
2022-12-27T11:13:47.0788530Z   pythonLocation: /Users/runner/hostedtoolcache/Python/3.11.1/x64
2022-12-27T11:13:47.0788720Z   PKG_CONFIG_PATH: /Users/runner/hostedtoolcache/Python/3.11.1/x64/lib/pkgconfig
2022-12-27T11:13:47.0789060Z   Python_ROOT_DIR: /Users/runner/hostedtoolcache/Python/3.11.1/x64
2022-12-27T11:13:47.0789230Z   Python2_ROOT_DIR: /Users/runner/hostedtoolcache/Python/3.11.1/x64
2022-12-27T11:13:47.0789400Z   Python3_ROOT_DIR: /Users/runner/hostedtoolcache/Python/3.11.1/x64
2022-12-27T11:13:47.0789540Z ##[endgroup]
2022-12-27T11:13:47.1311460Z Cleaning up orphan processes
