2022-12-27T08:50:21.4654511Z Requested labels: self-hosted, macOS, X64
2022-12-27T08:50:21.4654580Z Job defined at: kilnbuild/python.build/.github/workflows/mac_arm_build.yml@refs/heads/main
2022-12-27T08:50:21.4654602Z Waiting for a runner to pick up this job...
2022-12-27T11:19:12.2687773Z Job is about to start running on the runner: k2 (organization)
2022-12-27T11:19:13.1894350Z Current runner version: '2.300.2'
2022-12-27T11:19:13.1899070Z Runner name: 'k2'
2022-12-27T11:19:13.1899320Z Runner group name: 'Default'
2022-12-27T11:19:13.1899830Z Machine name: 'k2'
2022-12-27T11:19:13.1901240Z ##[group]GITHUB_TOKEN Permissions
2022-12-27T11:19:13.1901630Z Actions: write
2022-12-27T11:19:13.1901760Z Checks: write
2022-12-27T11:19:13.1901890Z Contents: write
2022-12-27T11:19:13.1902020Z Deployments: write
2022-12-27T11:19:13.1902150Z Discussions: write
2022-12-27T11:19:13.1902280Z Issues: write
2022-12-27T11:19:13.1902400Z Metadata: read
2022-12-27T11:19:13.1902530Z Packages: write
2022-12-27T11:19:13.1902660Z Pages: write
2022-12-27T11:19:13.1902800Z PullRequests: write
2022-12-27T11:19:13.1902960Z RepositoryProjects: write
2022-12-27T11:19:13.1903110Z SecurityEvents: write
2022-12-27T11:19:13.1903240Z Statuses: write
2022-12-27T11:19:13.1903370Z ##[endgroup]
2022-12-27T11:19:13.1905700Z Secret source: Actions
2022-12-27T11:19:13.1905990Z Prepare workflow directory
2022-12-27T11:19:13.2558450Z Prepare all required actions
2022-12-27T11:19:13.2679090Z Getting action download info
2022-12-27T11:19:13.7035110Z Download action repository 'actions/setup-python@v4' (SHA:5ccb29d8773c3f3f653e1705f474dfaa8a06a912)
2022-12-27T11:19:16.4709390Z Download action repository 'actions/upload-artifact@v3' (SHA:83fd05a356d7e2593de66fc9913b3002723633cb)
2022-12-27T11:19:18.3780820Z ##[group]Run echo '{
2022-12-27T11:19:18.3781110Z [36;1mecho '{[0m
2022-12-27T11:19:18.3781240Z [36;1m  "package_name": "lxml",[0m
2022-12-27T11:19:18.3781580Z [36;1m  "package_url": "https://files.pythonhosted.org/packages/45/ad/7bfdd5a2e5d1fdc7cfdfa1e01c208de1bb5c975d39d8f962d7516d79bd34/lxml-1.0.1.tar.gz",[0m
2022-12-27T11:19:18.3781860Z [36;1m  "package_version": "1.0.1",[0m
2022-12-27T11:19:18.3782020Z [36;1m  "python_version": "3.10",[0m
2022-12-27T11:19:18.3782160Z [36;1m  "use_ccache": "true"[0m
2022-12-27T11:19:18.3782330Z [36;1m}'[0m
2022-12-27T11:19:18.3797780Z shell: /bin/bash -e {0}
2022-12-27T11:19:18.3797930Z ##[endgroup]
2022-12-27T11:19:18.4015480Z {
2022-12-27T11:19:18.4016860Z   "package_name": "lxml",
2022-12-27T11:19:18.4017450Z   "package_url": "https://files.pythonhosted.org/packages/45/ad/7bfdd5a2e5d1fdc7cfdfa1e01c208de1bb5c975d39d8f962d7516d79bd34/lxml-1.0.1.tar.gz",
2022-12-27T11:19:18.4017800Z   "package_version": "1.0.1",
2022-12-27T11:19:18.4018040Z   "python_version": "3.10",
2022-12-27T11:19:18.4018190Z   "use_ccache": "true"
2022-12-27T11:19:18.4018350Z }
2022-12-27T11:19:18.4229660Z ##[group]Run actions/setup-python@v4
2022-12-27T11:19:18.4229910Z with:
2022-12-27T11:19:18.4230080Z   python-version: 3.10
2022-12-27T11:19:18.4230230Z   check-latest: false
2022-12-27T11:19:18.4230520Z   token: ***
2022-12-27T11:19:18.4230750Z   update-environment: true
2022-12-27T11:19:18.4230900Z ##[endgroup]
2022-12-27T11:19:18.5434360Z ##[group]Installed versions
2022-12-27T11:19:18.5539420Z Successfully set up CPython (3.10.9)
2022-12-27T11:19:18.5540400Z ##[endgroup]
2022-12-27T11:19:18.5690220Z ##[group]Run if [ "true" == "true" ]
2022-12-27T11:19:18.5690640Z [36;1mif [ "true" == "true" ][0m
2022-12-27T11:19:18.5690840Z [36;1mthen[0m
2022-12-27T11:19:18.5691020Z [36;1m  echo "CCACHE_PATH_PREPEND=/usr/local/opt/ccache/libexec" >> $GITHUB_OUTPUT[0m
2022-12-27T11:19:18.5691240Z [36;1melse[0m
2022-12-27T11:19:18.5691430Z [36;1m  echo "CCACHE_PATH_PREPEND=" >> $GITHUB_OUTPUT[0m
2022-12-27T11:19:18.5691690Z [36;1mfi[0m
2022-12-27T11:19:18.5708120Z shell: /bin/bash -e {0}
2022-12-27T11:19:18.5708340Z env:
2022-12-27T11:19:18.5708650Z   pythonLocation: /Users/runner/hostedtoolcache/Python/3.10.9/x64
2022-12-27T11:19:18.5708900Z   PKG_CONFIG_PATH: /Users/runner/hostedtoolcache/Python/3.10.9/x64/lib/pkgconfig
2022-12-27T11:19:18.5709160Z   Python_ROOT_DIR: /Users/runner/hostedtoolcache/Python/3.10.9/x64
2022-12-27T11:19:18.5709410Z   Python2_ROOT_DIR: /Users/runner/hostedtoolcache/Python/3.10.9/x64
2022-12-27T11:19:18.5709660Z   Python3_ROOT_DIR: /Users/runner/hostedtoolcache/Python/3.10.9/x64
2022-12-27T11:19:18.5710190Z ##[endgroup]
2022-12-27T11:19:18.5824060Z ##[group]Run echo "BUILD_NAME=$(echo lxml_1.0.1_3.10 | tr -dc '[:alnum:]\n\r' | tr '[:upper:]' '[:lower:]')" >> $GITHUB_OUTPUT
2022-12-27T11:19:18.5824400Z [36;1mecho "BUILD_NAME=$(echo lxml_1.0.1_3.10 | tr -dc '[:alnum:]\n\r' | tr '[:upper:]' '[:lower:]')" >> $GITHUB_OUTPUT[0m
2022-12-27T11:19:18.5837960Z shell: /bin/bash -e {0}
2022-12-27T11:19:18.5838150Z env:
2022-12-27T11:19:18.5838500Z   pythonLocation: /Users/runner/hostedtoolcache/Python/3.10.9/x64
2022-12-27T11:19:18.5838740Z   PKG_CONFIG_PATH: /Users/runner/hostedtoolcache/Python/3.10.9/x64/lib/pkgconfig
2022-12-27T11:19:18.5838990Z   Python_ROOT_DIR: /Users/runner/hostedtoolcache/Python/3.10.9/x64
2022-12-27T11:19:18.5839240Z   Python2_ROOT_DIR: /Users/runner/hostedtoolcache/Python/3.10.9/x64
2022-12-27T11:19:18.5839450Z   Python3_ROOT_DIR: /Users/runner/hostedtoolcache/Python/3.10.9/x64
2022-12-27T11:19:18.5839710Z ##[endgroup]
2022-12-27T11:19:18.5991330Z ##[group]Run echo "PYTHON_NO_DOTS=$(echo 3.10 | tr -dc '[:alnum:]\n\r' | tr '[:upper:]' '[:lower:]')" >> $GITHUB_OUTPUT
2022-12-27T11:19:18.5991760Z [36;1mecho "PYTHON_NO_DOTS=$(echo 3.10 | tr -dc '[:alnum:]\n\r' | tr '[:upper:]' '[:lower:]')" >> $GITHUB_OUTPUT[0m
2022-12-27T11:19:18.6005430Z shell: /bin/bash -e {0}
2022-12-27T11:19:18.6005580Z env:
2022-12-27T11:19:18.6005830Z   pythonLocation: /Users/runner/hostedtoolcache/Python/3.10.9/x64
2022-12-27T11:19:18.6006090Z   PKG_CONFIG_PATH: /Users/runner/hostedtoolcache/Python/3.10.9/x64/lib/pkgconfig
2022-12-27T11:19:18.6006310Z   Python_ROOT_DIR: /Users/runner/hostedtoolcache/Python/3.10.9/x64
2022-12-27T11:19:18.6006550Z   Python2_ROOT_DIR: /Users/runner/hostedtoolcache/Python/3.10.9/x64
2022-12-27T11:19:18.6007270Z   Python3_ROOT_DIR: /Users/runner/hostedtoolcache/Python/3.10.9/x64
2022-12-27T11:19:18.6007460Z ##[endgroup]
2022-12-27T11:19:18.6118980Z ##[group]Run rm -rf build_lxml101310
2022-12-27T11:19:18.6119360Z [36;1mrm -rf build_lxml101310[0m
2022-12-27T11:19:18.6119580Z [36;1mmkdir build_lxml101310[0m
2022-12-27T11:19:18.6119760Z [36;1mcd build_lxml101310[0m
2022-12-27T11:19:18.6120060Z [36;1m/usr/local/bin/wget --quiet https://files.pythonhosted.org/packages/45/ad/7bfdd5a2e5d1fdc7cfdfa1e01c208de1bb5c975d39d8f962d7516d79bd34/lxml-1.0.1.tar.gz[0m
2022-12-27T11:19:18.6120350Z [36;1mtar xf *.tar.gz[0m
2022-12-27T11:19:18.6120510Z [36;1mcd *[0m
2022-12-27T11:19:18.6120710Z [36;1mpython -m pip install cibuildwheel==2.11.3[0m
2022-12-27T11:19:18.6120930Z [36;1mpython -m cibuildwheel --output-dir ../wheelsout[0m
2022-12-27T11:19:18.6134230Z shell: /bin/bash -e {0}
2022-12-27T11:19:18.6134380Z env:
2022-12-27T11:19:18.6134640Z   pythonLocation: /Users/runner/hostedtoolcache/Python/3.10.9/x64
2022-12-27T11:19:18.6134900Z   PKG_CONFIG_PATH: /Users/runner/hostedtoolcache/Python/3.10.9/x64/lib/pkgconfig
2022-12-27T11:19:18.6135170Z   Python_ROOT_DIR: /Users/runner/hostedtoolcache/Python/3.10.9/x64
2022-12-27T11:19:18.6135410Z   Python2_ROOT_DIR: /Users/runner/hostedtoolcache/Python/3.10.9/x64
2022-12-27T11:19:18.6135680Z   Python3_ROOT_DIR: /Users/runner/hostedtoolcache/Python/3.10.9/x64
2022-12-27T11:19:18.6135890Z   CIBW_ARCHS_MACOS: arm64
2022-12-27T11:19:18.6136030Z   CIBW_TEST_SKIP: *_arm64
2022-12-27T11:19:18.6136230Z   CIBW_BUILD: cp310-macosx_arm64
2022-12-27T11:19:18.6136450Z   CIBW_BUILD_FRONTEND: pip
2022-12-27T11:19:18.6136590Z   CIBW_BUILD_VERBOSITY: 3
2022-12-27T11:19:18.6136900Z   CIBW_ENVIRONMENT_MACOS:  CFLAGS="-I/usr/local/opt/openssl@3/include" LDFLAGS="-L/usr/local/opt/openssl@3/lib" CPPFLAGS="-I/usr/local/opt/openssl@3/include" MAKEFLAGS="-j$(sysctl -n hw.logicalcpu)" PATH=/usr/local/opt/ccache/libexec:$PATH
2022-12-27T11:19:18.6137260Z   CIBW_BEFORE_BUILD: pip install Cython; if [[ -f requirements.txt ]]; then pip install -r requirements.txt; fi
2022-12-27T11:19:18.6137510Z   MAKEFLAGS: -j$(sysctl -n hw.logicalcpu)
2022-12-27T11:19:18.6137700Z ##[endgroup]
2022-12-27T11:19:18.9595580Z Requirement already satisfied: cibuildwheel==2.11.3 in /Users/runner/hostedtoolcache/Python/3.10.9/x64/lib/python3.10/site-packages (2.11.3)
2022-12-27T11:19:18.9847240Z Requirement already satisfied: bracex in /Users/runner/hostedtoolcache/Python/3.10.9/x64/lib/python3.10/site-packages (from cibuildwheel==2.11.3) (2.3.post1)
2022-12-27T11:19:18.9850150Z Requirement already satisfied: platformdirs in /Users/runner/hostedtoolcache/Python/3.10.9/x64/lib/python3.10/site-packages (from cibuildwheel==2.11.3) (2.6.0)
2022-12-27T11:19:18.9855090Z Requirement already satisfied: packaging>=20.9 in /Users/runner/hostedtoolcache/Python/3.10.9/x64/lib/python3.10/site-packages (from cibuildwheel==2.11.3) (22.0)
2022-12-27T11:19:18.9862110Z Requirement already satisfied: tomli in /Users/runner/hostedtoolcache/Python/3.10.9/x64/lib/python3.10/site-packages (from cibuildwheel==2.11.3) (2.0.1)
2022-12-27T11:19:18.9866010Z Requirement already satisfied: certifi in /Users/runner/hostedtoolcache/Python/3.10.9/x64/lib/python3.10/site-packages (from cibuildwheel==2.11.3) (2022.12.7)
2022-12-27T11:19:18.9868790Z Requirement already satisfied: filelock in /Users/runner/hostedtoolcache/Python/3.10.9/x64/lib/python3.10/site-packages (from cibuildwheel==2.11.3) (3.8.2)
2022-12-27T11:19:18.9877840Z Requirement already satisfied: typing-extensions>=4.1.0 in /Users/runner/hostedtoolcache/Python/3.10.9/x64/lib/python3.10/site-packages (from cibuildwheel==2.11.3) (4.4.0)
2022-12-27T11:19:18.9882520Z Requirement already satisfied: bashlex!=0.13 in /Users/runner/hostedtoolcache/Python/3.10.9/x64/lib/python3.10/site-packages (from cibuildwheel==2.11.3) (0.16)
2022-12-27T11:19:19.1644160Z 
2022-12-27T11:19:19.1644290Z      _ _       _ _   _       _           _
2022-12-27T11:19:19.1644820Z  ___|_| |_ _ _|_| |_| |_ _ _| |_ ___ ___| |
2022-12-27T11:19:19.1646320Z |  _| | . | | | | | . | | | |   | -_| -_| |
2022-12-27T11:19:19.1647380Z |___|_|___|___|_|_|___|_____|_|_|___|___|_|
2022-12-27T11:19:19.1647530Z 
2022-12-27T11:19:19.1647690Z cibuildwheel version 2.11.3
2022-12-27T11:19:19.1647890Z 
2022-12-27T11:19:19.1648000Z Build options:
2022-12-27T11:19:19.1648250Z   platform: macos
2022-12-27T11:19:19.1681380Z   architectures: arm64[0m
2022-12-27T11:19:19.1681870Z   build_selector: 
2022-12-27T11:19:19.1682620Z     build_config: cp310-macosx_arm64
2022-12-27T11:19:19.1683180Z     skip_config: 
2022-12-27T11:19:19.1683590Z     requires_python: None
2022-12-27T11:19:19.1683970Z     prerelease_pythons: False[0m
2022-12-27T11:19:19.1684350Z   [38;5;244mcontainer_engine: docker[0m
2022-12-27T11:19:19.1684830Z   output_dir: /Users/runner/actions-runner/_work/python.build/python.build/build_lxml101310/wheelsout[0m
2022-12-27T11:19:19.1685280Z   package_dir: /Users/runner/actions-runner/_work/python.build/python.build/build_lxml101310/lxml-1.0.1[0m
2022-12-27T11:19:19.1685660Z   test_selector: 
2022-12-27T11:19:19.1685900Z     skip_config: *_arm64[0m
2022-12-27T11:19:19.1686180Z   [38;5;244mbefore_all: [0m
2022-12-27T11:19:19.1686560Z   before_build: pip install Cython; if [[ -f requirements.txt ]]; then pip install -r requirements.txt; fi[0m
2022-12-27T11:19:19.1686980Z   [38;5;244mbefore_test: [0m
2022-12-27T11:19:19.1687220Z   [38;5;244mbuild_frontend: pip[0m
2022-12-27T11:19:19.1687490Z   build_verbosity: 3[0m
2022-12-27T11:19:19.1687760Z   [38;5;244mconfig_settings: [0m
2022-12-27T11:19:19.1688010Z   [38;5;244mdependency_constraints: pinned[0m
2022-12-27T11:19:19.1688320Z   environment: 
2022-12-27T11:19:19.1688630Z     CFLAGS="-I/usr/local/opt/openssl@3/include"
2022-12-27T11:19:19.1688900Z     LDFLAGS="-L/usr/local/opt/openssl@3/lib"
2022-12-27T11:19:19.1689360Z     CPPFLAGS="-I/usr/local/opt/openssl@3/include"
2022-12-27T11:19:19.1689860Z     MAKEFLAGS="-j$(sysctl -n hw.logicalcpu)"
2022-12-27T11:19:19.1690140Z     PATH=/usr/local/opt/ccache/libexec:$PATH[0m
2022-12-27T11:19:19.1690440Z   [38;5;244mmanylinux_images: None[0m
2022-12-27T11:19:19.1690730Z   [38;5;244mmusllinux_images: None[0m
2022-12-27T11:19:19.1691120Z   [38;5;244mrepair_command: delocate-wheel --require-archs {delocate_archs} -w {dest_dir} -v {wheel}[0m
2022-12-27T11:19:19.1691850Z   [38;5;244mtest_command: [0m
2022-12-27T11:19:19.1692120Z   [38;5;244mtest_extras: [0m
2022-12-27T11:19:19.1692380Z   [38;5;244mtest_requires: [0m
2022-12-27T11:19:19.1692480Z 
2022-12-27T11:19:19.1692620Z Cache folder: /Users/runner/Library/Caches/cibuildwheel
2022-12-27T11:19:19.1699330Z 
2022-12-27T11:19:19.1699600Z Here we go!
2022-12-27T11:19:19.1700000Z 
2022-12-27T11:19:19.1830410Z 
2022-12-27T11:19:19.1830760Z [1m[34mBuilding cp310-macosx_arm64 wheel[0m
2022-12-27T11:19:19.1831640Z CPython 3.10 macOS arm64 - Apple Silicon
2022-12-27T11:19:19.1831980Z 
2022-12-27T11:19:19.1835570Z ##[group]Installing Python cp310...
2022-12-27T11:19:19.1835830Z 
2022-12-27T11:19:19.1836180Z + pkgutil --pkgs
2022-12-27T11:19:19.1938310Z ##[endgroup]
2022-12-27T11:19:19.1939110Z                                                               [32mâœ“ [0m0.01s
2022-12-27T11:19:19.1939570Z ##[group]Setting up build environment...
2022-12-27T11:19:19.1939700Z 
2022-12-27T11:19:19.1958180Z + /Users/runner/hostedtoolcache/Python/3.10.9/x64/bin/python -sS /Users/runner/Library/Caches/cibuildwheel/virtualenv-20.17.0.pyz --activators= --no-periodic-update --pip=22.3.1 --setuptools=65.6.3 --wheel=0.38.4 --symlink-app-data --python /Library/Frameworks/Python.framework/Versions/3.10/bin/python3 /private/var/folders/51/hd414ycd67n82196sw51xqtc0000gn/T/cibw-run-ngl27k00/cp310-macosx_arm64/build/venv
2022-12-27T11:19:19.3880580Z created virtual environment CPython3.10.8.final.0-64 in 53ms
2022-12-27T11:19:19.3881250Z   creator CPython3Posix(dest=/private/var/folders/51/hd414ycd67n82196sw51xqtc0000gn/T/cibw-run-ngl27k00/cp310-macosx_arm64/build/venv, clear=False, no_vcs_ignore=False, global=False)
2022-12-27T11:19:19.3881960Z   seeder FromAppData(download=False, pip=22.3.1, setuptools=65.6.3, wheel=0.38.4, via=symlink, app_data_dir=/Users/runner/Library/Application Support/virtualenv)
2022-12-27T11:19:19.3882350Z     added seed packages: pip==22.3.1, setuptools==65.6.3, wheel==0.38.4
2022-12-27T11:19:19.4000200Z + python -m pip install --upgrade pip -c /Users/runner/hostedtoolcache/Python/3.10.9/x64/lib/python3.10/site-packages/cibuildwheel/resources/constraints-python310.txt
2022-12-27T11:19:19.6728570Z Requirement already satisfied: pip in ./lib/python3.10/site-packages (22.3.1)
2022-12-27T11:19:19.8027740Z + which pip
2022-12-27T11:19:19.8046530Z /private/var/folders/51/hd414ycd67n82196sw51xqtc0000gn/T/cibw-run-ngl27k00/cp310-macosx_arm64/build/venv/bin/pip
2022-12-27T11:19:19.8048160Z + pip --version
2022-12-27T11:19:20.0040560Z pip 22.3.1 from /private/var/folders/51/hd414ycd67n82196sw51xqtc0000gn/T/cibw-run-ngl27k00/cp310-macosx_arm64/build/venv/lib/python3.10/site-packages/pip (python 3.10)
2022-12-27T11:19:20.0284730Z + which pip
2022-12-27T11:19:20.0314080Z + which python
2022-12-27T11:19:20.0335510Z /private/var/folders/51/hd414ycd67n82196sw51xqtc0000gn/T/cibw-run-ngl27k00/cp310-macosx_arm64/build/venv/bin/python
2022-12-27T11:19:20.0338950Z + python --version
2022-12-27T11:19:20.0386740Z Python 3.10.8
2022-12-27T11:19:20.0390130Z + which python
2022-12-27T11:19:20.0441280Z ##[endgroup]
2022-12-27T11:19:20.0441760Z                                                               [32mâœ“ [0m0.85s
2022-12-27T11:19:20.0442560Z ##[group]Installing build tools...
2022-12-27T11:19:20.0442730Z 
2022-12-27T11:19:20.0443260Z + pip install --upgrade setuptools wheel delocate -c /Users/runner/hostedtoolcache/Python/3.10.9/x64/lib/python3.10/site-packages/cibuildwheel/resources/constraints-python310.txt
2022-12-27T11:19:20.3154580Z Requirement already satisfied: setuptools in /private/var/folders/51/hd414ycd67n82196sw51xqtc0000gn/T/cibw-run-ngl27k00/cp310-macosx_arm64/build/venv/lib/python3.10/site-packages (65.6.3)
2022-12-27T11:19:20.5049430Z Requirement already satisfied: wheel in /private/var/folders/51/hd414ycd67n82196sw51xqtc0000gn/T/cibw-run-ngl27k00/cp310-macosx_arm64/build/venv/lib/python3.10/site-packages (0.38.4)
2022-12-27T11:19:20.5466610Z Collecting delocate
2022-12-27T11:19:20.5493550Z   Using cached delocate-0.10.3-py3-none-any.whl (142 kB)
2022-12-27T11:19:20.5771480Z Collecting packaging>=20.9
2022-12-27T11:19:20.5791500Z   Using cached packaging-21.3-py3-none-any.whl (40 kB)
2022-12-27T11:19:20.5945810Z Collecting typing-extensions
2022-12-27T11:19:20.5964400Z   Using cached typing_extensions-4.4.0-py3-none-any.whl (26 kB)
2022-12-27T11:19:20.6272810Z Collecting pyparsing!=3.0.5,>=2.0.2
2022-12-27T11:19:20.6294390Z   Using cached pyparsing-3.0.9-py3-none-any.whl (98 kB)
2022-12-27T11:19:20.6612910Z Installing collected packages: typing-extensions, pyparsing, packaging, delocate
2022-12-27T11:19:20.7878500Z Successfully installed delocate-0.10.3 packaging-21.3 pyparsing-3.0.9 typing-extensions-4.4.0
2022-12-27T11:19:20.8354580Z ##[endgroup]
2022-12-27T11:19:20.8355380Z                                                               [32mâœ“ [0m0.79s
2022-12-27T11:19:20.8355850Z ##[group]Running before_build...
2022-12-27T11:19:20.8356000Z 
2022-12-27T11:19:20.8362290Z + pip install Cython; if [[ -f requirements.txt ]]; then pip install -r requirements.txt; fi
2022-12-27T11:19:21.4292440Z Collecting Cython
2022-12-27T11:19:21.4338120Z   Using cached Cython-0.29.32-py2.py3-none-any.whl (986 kB)
2022-12-27T11:19:21.4707640Z Installing collected packages: Cython
2022-12-27T11:19:21.8701750Z Successfully installed Cython-0.29.32
2022-12-27T11:19:21.9128860Z ##[endgroup]
2022-12-27T11:19:21.9129720Z                                                               [32mâœ“ [0m1.08s
2022-12-27T11:19:21.9130450Z ##[group]Building wheel...
2022-12-27T11:19:21.9130750Z 
2022-12-27T11:19:21.9136320Z + python -m pip wheel /Users/runner/actions-runner/_work/python.build/python.build/build_lxml101310/lxml-1.0.1 --wheel-dir=/private/var/folders/51/hd414ycd67n82196sw51xqtc0000gn/T/cibw-run-ngl27k00/cp310-macosx_arm64/built_wheel --no-deps -vvv
2022-12-27T11:19:22.1620550Z Created temporary directory: /private/var/folders/51/hd414ycd67n82196sw51xqtc0000gn/T/pip-ephem-wheel-cache-c86tfyvw
2022-12-27T11:19:22.1624090Z Created temporary directory: /private/var/folders/51/hd414ycd67n82196sw51xqtc0000gn/T/pip-build-tracker-6kvasq55
2022-12-27T11:19:22.1625610Z Initialized build tracking at /private/var/folders/51/hd414ycd67n82196sw51xqtc0000gn/T/pip-build-tracker-6kvasq55
2022-12-27T11:19:22.1627450Z Created build tracker: /private/var/folders/51/hd414ycd67n82196sw51xqtc0000gn/T/pip-build-tracker-6kvasq55
2022-12-27T11:19:22.1628410Z Entered build tracker: /private/var/folders/51/hd414ycd67n82196sw51xqtc0000gn/T/pip-build-tracker-6kvasq55
2022-12-27T11:19:22.1632010Z Created temporary directory: /private/var/folders/51/hd414ycd67n82196sw51xqtc0000gn/T/pip-wheel-won8oast
2022-12-27T11:19:22.1637280Z Created temporary directory: /private/var/folders/51/hd414ycd67n82196sw51xqtc0000gn/T/pip-ephem-wheel-cache-p0_ypeti
2022-12-27T11:19:22.1782110Z Processing /Users/runner/actions-runner/_work/python.build/python.build/build_lxml101310/lxml-1.0.1
2022-12-27T11:19:22.1787050Z   Added file:///Users/runner/actions-runner/_work/python.build/python.build/build_lxml101310/lxml-1.0.1 to build tracker '/private/var/folders/51/hd414ycd67n82196sw51xqtc0000gn/T/pip-build-tracker-6kvasq55'
2022-12-27T11:19:22.1791360Z   Running setup.py (path:/Users/runner/actions-runner/_work/python.build/python.build/build_lxml101310/lxml-1.0.1/setup.py) egg_info for package from file:///Users/runner/actions-runner/_work/python.build/python.build/build_lxml101310/lxml-1.0.1
2022-12-27T11:19:22.1794480Z   Created temporary directory: /private/var/folders/51/hd414ycd67n82196sw51xqtc0000gn/T/pip-pip-egg-info-wqt9knir
2022-12-27T11:19:22.1795420Z   Preparing metadata (setup.py): started
2022-12-27T11:19:22.1797630Z   Running command python setup.py egg_info
2022-12-27T11:19:22.3236240Z   Traceback (most recent call last):
2022-12-27T11:19:22.3243800Z     File "<string>", line 2, in <module>
2022-12-27T11:19:22.3244390Z     File "<pip-setuptools-caller>", line 34, in <module>
2022-12-27T11:19:22.3244890Z     File "/Users/runner/actions-runner/_work/python.build/python.build/build_lxml101310/lxml-1.0.1/setup.py", line 22
2022-12-27T11:19:22.3245520Z       raise NotImplementedError, \
2022-12-27T11:19:22.3245840Z                                ^
2022-12-27T11:19:22.3246050Z   SyntaxError: invalid syntax
2022-12-27T11:19:22.3430180Z   error: subprocess-exited-with-error
2022-12-27T11:19:22.3430360Z   
2022-12-27T11:19:22.3430800Z   Ã— python setup.py egg_info did not run successfully.
2022-12-27T11:19:22.3431060Z   â”‚ exit code: 1
2022-12-27T11:19:22.3431270Z   â•°â”€> See above for output.
2022-12-27T11:19:22.3431470Z   
2022-12-27T11:19:22.3431690Z   note: This error originates from a subprocess, and is likely not a problem with pip.
2022-12-27T11:19:22.3439440Z   full command: /private/var/folders/51/hd414ycd67n82196sw51xqtc0000gn/T/cibw-run-ngl27k00/cp310-macosx_arm64/build/venv/bin/python -c '
2022-12-27T11:19:22.3439880Z   exec(compile('"'"''"'"''"'"'
2022-12-27T11:19:22.3440300Z   # This is <pip-setuptools-caller> -- a caller that pip uses to run setup.py
2022-12-27T11:19:22.3441230Z   #
2022-12-27T11:19:22.3441630Z   # - It imports setuptools before invoking setup.py, to enable projects that directly
2022-12-27T11:19:22.3441980Z   #   import from `distutils.core` to work with newer packaging standards.
2022-12-27T11:19:22.3442380Z   # - It provides a clear error message when setuptools is not installed.
2022-12-27T11:19:22.3442880Z   # - It sets `sys.argv[0]` to the underlying `setup.py`, when invoking `setup.py` so
2022-12-27T11:19:22.3443280Z   #   setuptools doesn'"'"'t think the script is `-c`. This avoids the following warning:
2022-12-27T11:19:22.3443700Z   #     manifest_maker: standard file '"'"'-c'"'"' not found".
2022-12-27T11:19:22.3444120Z   # - It generates a shim setup.py, for handling setup.cfg-only projects.
2022-12-27T11:19:22.3444380Z   import os, sys, tokenize
2022-12-27T11:19:22.3444720Z   
2022-12-27T11:19:22.3445190Z   try:
2022-12-27T11:19:22.3445540Z   Preparing metadata (setup.py): finished with status 'error'
2022-12-27T11:19:22.3446730Z       import setuptools
2022-12-27T11:19:22.3447370Z   except ImportError as error:
2022-12-27T11:19:22.3448110Z       print(
2022-12-27T11:19:22.3448590Z           "ERROR: Can not execute `setup.py` since setuptools is not available in "
2022-12-27T11:19:22.3449120Z           "the build environment.",
2022-12-27T11:19:22.3449530Z           file=sys.stderr,
2022-12-27T11:19:22.3450190Z       )
2022-12-27T11:19:22.3450530Z       sys.exit(1)
2022-12-27T11:19:22.3450910Z   
2022-12-27T11:19:22.3451190Z   __file__ = %r
2022-12-27T11:19:22.3451900Z   sys.argv[0] = __file__
2022-12-27T11:19:22.3452260Z   
2022-12-27T11:19:22.3452570Z   if os.path.exists(__file__):
2022-12-27T11:19:22.3453000Z       filename = __file__
2022-12-27T11:19:22.3453900Z       with tokenize.open(__file__) as f:
2022-12-27T11:19:22.3454190Z           setup_py_code = f.read()
2022-12-27T11:19:22.3454500Z   else:
2022-12-27T11:19:22.3455290Z       filename = "<auto-generated setuptools caller>"
2022-12-27T11:19:22.3455900Z       setup_py_code = "from setuptools import setup; setup()"
2022-12-27T11:19:22.3456240Z   
2022-12-27T11:19:22.3457000Z   exec(compile(setup_py_code, filename, "exec"))
2022-12-27T11:19:22.3457920Z   '"'"''"'"''"'"' % ('"'"'/Users/runner/actions-runner/_work/python.build/python.build/build_lxml101310/lxml-1.0.1/setup.py'"'"',), "<pip-setuptools-caller>", "exec"))' egg_info --egg-base /private/var/folders/51/hd414ycd67n82196sw51xqtc0000gn/T/pip-pip-egg-info-wqt9knir
2022-12-27T11:19:22.3458680Z   cwd: /Users/runner/actions-runner/_work/python.build/python.build/build_lxml101310/lxml-1.0.1/
2022-12-27T11:19:22.3460540Z error: metadata-generation-failed
2022-12-27T11:19:22.3460750Z 
2022-12-27T11:19:22.3461020Z Ã— Encountered error while generating package metadata.
2022-12-27T11:19:22.3461370Z â•°â”€> See above for output.
2022-12-27T11:19:22.3461520Z 
2022-12-27T11:19:22.3461710Z note: This is an issue with the package mentioned above, not pip.
2022-12-27T11:19:22.3462070Z hint: See above for details.
2022-12-27T11:19:22.3483450Z Exception information:
2022-12-27T11:19:22.3484260Z Traceback (most recent call last):
2022-12-27T11:19:22.3485380Z   File "/private/var/folders/51/hd414ycd67n82196sw51xqtc0000gn/T/cibw-run-ngl27k00/cp310-macosx_arm64/build/venv/lib/python3.10/site-packages/pip/_internal/operations/build/metadata_legacy.py", line 64, in generate_metadata
2022-12-27T11:19:22.3485890Z     call_subprocess(
2022-12-27T11:19:22.3486560Z   File "/private/var/folders/51/hd414ycd67n82196sw51xqtc0000gn/T/cibw-run-ngl27k00/cp310-macosx_arm64/build/venv/lib/python3.10/site-packages/pip/_internal/utils/subprocess.py", line 224, in call_subprocess
2022-12-27T11:19:22.3487100Z     raise error
2022-12-27T11:19:22.3488440Z pip._internal.exceptions.InstallationSubprocessError: python setup.py egg_info exited with 1
2022-12-27T11:19:22.3488860Z 
2022-12-27T11:19:22.3489140Z The above exception was the direct cause of the following exception:
2022-12-27T11:19:22.3489430Z 
2022-12-27T11:19:22.3489620Z Traceback (most recent call last):
2022-12-27T11:19:22.3491190Z   File "/private/var/folders/51/hd414ycd67n82196sw51xqtc0000gn/T/cibw-run-ngl27k00/cp310-macosx_arm64/build/venv/lib/python3.10/site-packages/pip/_internal/cli/base_command.py", line 160, in exc_logging_wrapper
2022-12-27T11:19:22.3491900Z     status = run_func(*args)
2022-12-27T11:19:22.3492870Z   File "/private/var/folders/51/hd414ycd67n82196sw51xqtc0000gn/T/cibw-run-ngl27k00/cp310-macosx_arm64/build/venv/lib/python3.10/site-packages/pip/_internal/cli/req_command.py", line 247, in wrapper
2022-12-27T11:19:22.3493500Z     return func(self, options, args)
2022-12-27T11:19:22.3494720Z   File "/private/var/folders/51/hd414ycd67n82196sw51xqtc0000gn/T/cibw-run-ngl27k00/cp310-macosx_arm64/build/venv/lib/python3.10/site-packages/pip/_internal/commands/wheel.py", line 170, in run
2022-12-27T11:19:22.3495500Z     requirement_set = resolver.resolve(reqs, check_supported_wheels=True)
2022-12-27T11:19:22.3496350Z   File "/private/var/folders/51/hd414ycd67n82196sw51xqtc0000gn/T/cibw-run-ngl27k00/cp310-macosx_arm64/build/venv/lib/python3.10/site-packages/pip/_internal/resolution/resolvelib/resolver.py", line 73, in resolve
2022-12-27T11:19:22.3496890Z     collected = self.factory.collect_root_requirements(root_reqs)
2022-12-27T11:19:22.3498030Z   File "/private/var/folders/51/hd414ycd67n82196sw51xqtc0000gn/T/cibw-run-ngl27k00/cp310-macosx_arm64/build/venv/lib/python3.10/site-packages/pip/_internal/resolution/resolvelib/factory.py", line 491, in collect_root_requirements
2022-12-27T11:19:22.3498700Z     req = self._make_requirement_from_install_req(
2022-12-27T11:19:22.3499610Z   File "/private/var/folders/51/hd414ycd67n82196sw51xqtc0000gn/T/cibw-run-ngl27k00/cp310-macosx_arm64/build/venv/lib/python3.10/site-packages/pip/_internal/resolution/resolvelib/factory.py", line 453, in _make_requirement_from_install_req
2022-12-27T11:19:22.3500160Z     cand = self._make_candidate_from_link(
2022-12-27T11:19:22.3500910Z   File "/private/var/folders/51/hd414ycd67n82196sw51xqtc0000gn/T/cibw-run-ngl27k00/cp310-macosx_arm64/build/venv/lib/python3.10/site-packages/pip/_internal/resolution/resolvelib/factory.py", line 206, in _make_candidate_from_link
2022-12-27T11:19:22.3501670Z     self._link_candidate_cache[link] = LinkCandidate(
2022-12-27T11:19:22.3502440Z   File "/private/var/folders/51/hd414ycd67n82196sw51xqtc0000gn/T/cibw-run-ngl27k00/cp310-macosx_arm64/build/venv/lib/python3.10/site-packages/pip/_internal/resolution/resolvelib/candidates.py", line 297, in __init__
2022-12-27T11:19:22.3502880Z     super().__init__(
2022-12-27T11:19:22.3503590Z   File "/private/var/folders/51/hd414ycd67n82196sw51xqtc0000gn/T/cibw-run-ngl27k00/cp310-macosx_arm64/build/venv/lib/python3.10/site-packages/pip/_internal/resolution/resolvelib/candidates.py", line 162, in __init__
2022-12-27T11:19:22.3504150Z     self.dist = self._prepare()
2022-12-27T11:19:22.3504850Z   File "/private/var/folders/51/hd414ycd67n82196sw51xqtc0000gn/T/cibw-run-ngl27k00/cp310-macosx_arm64/build/venv/lib/python3.10/site-packages/pip/_internal/resolution/resolvelib/candidates.py", line 231, in _prepare
2022-12-27T11:19:22.3505540Z     dist = self._prepare_distribution()
2022-12-27T11:19:22.3506270Z   File "/private/var/folders/51/hd414ycd67n82196sw51xqtc0000gn/T/cibw-run-ngl27k00/cp310-macosx_arm64/build/venv/lib/python3.10/site-packages/pip/_internal/resolution/resolvelib/candidates.py", line 308, in _prepare_distribution
2022-12-27T11:19:22.3506730Z     return preparer.prepare_linked_requirement(self._ireq, parallel_builds=True)
2022-12-27T11:19:22.3507550Z   File "/private/var/folders/51/hd414ycd67n82196sw51xqtc0000gn/T/cibw-run-ngl27k00/cp310-macosx_arm64/build/venv/lib/python3.10/site-packages/pip/_internal/operations/prepare.py", line 491, in prepare_linked_requirement
2022-12-27T11:19:22.3508020Z     return self._prepare_linked_requirement(req, parallel_builds)
2022-12-27T11:19:22.3508720Z   File "/private/var/folders/51/hd414ycd67n82196sw51xqtc0000gn/T/cibw-run-ngl27k00/cp310-macosx_arm64/build/venv/lib/python3.10/site-packages/pip/_internal/operations/prepare.py", line 577, in _prepare_linked_requirement
2022-12-27T11:19:22.3509170Z     dist = _get_prepared_distribution(
2022-12-27T11:19:22.3509930Z   File "/private/var/folders/51/hd414ycd67n82196sw51xqtc0000gn/T/cibw-run-ngl27k00/cp310-macosx_arm64/build/venv/lib/python3.10/site-packages/pip/_internal/operations/prepare.py", line 69, in _get_prepared_distribution
2022-12-27T11:19:22.3510350Z     abstract_dist.prepare_distribution_metadata(
2022-12-27T11:19:22.3511310Z   File "/private/var/folders/51/hd414ycd67n82196sw51xqtc0000gn/T/cibw-run-ngl27k00/cp310-macosx_arm64/build/venv/lib/python3.10/site-packages/pip/_internal/distributions/sdist.py", line 61, in prepare_distribution_metadata
2022-12-27T11:19:22.3511880Z     self.req.prepare_metadata()
2022-12-27T11:19:22.3513190Z   File "/private/var/folders/51/hd414ycd67n82196sw51xqtc0000gn/T/cibw-run-ngl27k00/cp310-macosx_arm64/build/venv/lib/python3.10/site-packages/pip/_internal/req/req_install.py", line 541, in prepare_metadata
2022-12-27T11:19:22.3513750Z     self.metadata_directory = generate_metadata_legacy(
2022-12-27T11:19:22.3514580Z   File "/private/var/folders/51/hd414ycd67n82196sw51xqtc0000gn/T/cibw-run-ngl27k00/cp310-macosx_arm64/build/venv/lib/python3.10/site-packages/pip/_internal/operations/build/metadata_legacy.py", line 71, in generate_metadata
2022-12-27T11:19:22.3515350Z     raise MetadataGenerationFailed(package_details=details) from error
2022-12-27T11:19:22.3515790Z pip._internal.exceptions.MetadataGenerationFailed: metadata generation failed
2022-12-27T11:19:22.3516650Z Removed file:///Users/runner/actions-runner/_work/python.build/python.build/build_lxml101310/lxml-1.0.1 from build tracker '/private/var/folders/51/hd414ycd67n82196sw51xqtc0000gn/T/pip-build-tracker-6kvasq55'
2022-12-27T11:19:22.3517310Z Removed build tracker: '/private/var/folders/51/hd414ycd67n82196sw51xqtc0000gn/T/pip-build-tracker-6kvasq55'
2022-12-27T11:19:22.3939970Z ##[endgroup]
2022-12-27T11:19:22.3962520Z ##[error]Command ['python', '-m', 'pip', 'wheel', '/Users/runner/actions-runner/_work/python.build/python.build/build_lxml101310/lxml-1.0.1', '--wheel-dir=/private/var/folders/51/hd414ycd67n82196sw51xqtc0000gn/T/cibw-run-ngl27k00/cp310-macosx_arm64/built_wheel', '--no-deps', '-vvv'] failed with code 1. None
2022-12-27T11:19:22.3968720Z 
2022-12-27T11:19:22.3969030Z                                                               [31mâœ• [0m0.48s
2022-12-27T11:19:22.4441490Z ##[error]Process completed with exit code 1.
2022-12-27T11:19:22.4472970Z ##[group]Run rm -rf build_lxml101310 wheelsout
2022-12-27T11:19:22.4473190Z [36;1mrm -rf build_lxml101310 wheelsout[0m
2022-12-27T11:19:22.4488370Z shell: /bin/bash -e {0}
2022-12-27T11:19:22.4488550Z env:
2022-12-27T11:19:22.4488760Z   pythonLocation: /Users/runner/hostedtoolcache/Python/3.10.9/x64
2022-12-27T11:19:22.4488980Z   PKG_CONFIG_PATH: /Users/runner/hostedtoolcache/Python/3.10.9/x64/lib/pkgconfig
2022-12-27T11:19:22.4489190Z   Python_ROOT_DIR: /Users/runner/hostedtoolcache/Python/3.10.9/x64
2022-12-27T11:19:22.4489440Z   Python2_ROOT_DIR: /Users/runner/hostedtoolcache/Python/3.10.9/x64
2022-12-27T11:19:22.4489870Z   Python3_ROOT_DIR: /Users/runner/hostedtoolcache/Python/3.10.9/x64
2022-12-27T11:19:22.4490030Z ##[endgroup]
2022-12-27T11:19:22.4753180Z Cleaning up orphan processes
