2022-12-27T01:57:07.0702047Z Requested labels: self-hosted, macOS, X64
2022-12-27T01:57:07.0702185Z Job defined at: kilnbuild/python.build/.github/workflows/mac_arm_build.yml@refs/heads/main
2022-12-27T01:57:07.0702239Z Waiting for a runner to pick up this job...
2022-12-27T02:52:48.2534122Z Job is about to start running on the runner: s1 (organization)
2022-12-27T02:52:51.6388170Z Current runner version: '2.300.2'
2022-12-27T02:52:51.6393190Z Runner name: 's1'
2022-12-27T02:52:51.6393450Z Runner group name: 'Default'
2022-12-27T02:52:51.6393890Z Machine name: 's1'
2022-12-27T02:52:51.6395460Z ##[group]GITHUB_TOKEN Permissions
2022-12-27T02:52:51.6395880Z Actions: write
2022-12-27T02:52:51.6396030Z Checks: write
2022-12-27T02:52:51.6396170Z Contents: write
2022-12-27T02:52:51.6396320Z Deployments: write
2022-12-27T02:52:51.6396460Z Discussions: write
2022-12-27T02:52:51.6396600Z Issues: write
2022-12-27T02:52:51.6396730Z Metadata: read
2022-12-27T02:52:51.6396860Z Packages: write
2022-12-27T02:52:51.6397000Z Pages: write
2022-12-27T02:52:51.6397150Z PullRequests: write
2022-12-27T02:52:51.6397310Z RepositoryProjects: write
2022-12-27T02:52:51.6397470Z SecurityEvents: write
2022-12-27T02:52:51.6397680Z Statuses: write
2022-12-27T02:52:51.6397820Z ##[endgroup]
2022-12-27T02:52:51.6400540Z Secret source: Actions
2022-12-27T02:52:51.6400880Z Prepare workflow directory
2022-12-27T02:52:51.7067510Z Prepare all required actions
2022-12-27T02:52:51.7191760Z Getting action download info
2022-12-27T02:52:52.2123740Z Download action repository 'actions/setup-python@v4' (SHA:5ccb29d8773c3f3f653e1705f474dfaa8a06a912)
2022-12-27T02:52:54.1760990Z Download action repository 'actions/upload-artifact@v3' (SHA:83fd05a356d7e2593de66fc9913b3002723633cb)
2022-12-27T02:52:55.4754450Z ##[group]Run echo '{
2022-12-27T02:52:55.4754690Z [36;1mecho '{[0m
2022-12-27T02:52:55.4754900Z [36;1m  "environment_variables": "GRPC_PYTHON_BUILD_WITH_CYTHON=1 GRPC_BUILD_WITH_BORING_SSL_ASM='' GRPC_PYTHON_BUILD_SYSTEM_OPENSSL=TRUE",[0m
2022-12-27T02:52:55.4755140Z [36;1m  "package_name": "grpcio",[0m
2022-12-27T02:52:55.4755420Z [36;1m  "package_url": "https://files.pythonhosted.org/packages/e9/5a/dd141c6f1dcc3547a045d553701a8c3283cf1cd6b1ff16388b51f2587f32/grpcio-0.4.0a1.tar.gz",[0m
2022-12-27T02:52:55.4755710Z [36;1m  "package_version": "0.4.0a1",[0m
2022-12-27T02:52:55.4755890Z [36;1m  "python_version": "3.9",[0m
2022-12-27T02:52:55.4756020Z [36;1m  "use_ccache": "true"[0m
2022-12-27T02:52:55.4756190Z [36;1m}'[0m
2022-12-27T02:52:55.4771900Z shell: /bin/bash -e {0}
2022-12-27T02:52:55.4772040Z ##[endgroup]
2022-12-27T02:52:55.4983000Z {
2022-12-27T02:52:55.4984390Z   "environment_variables": "GRPC_PYTHON_BUILD_WITH_CYTHON=1 GRPC_BUILD_WITH_BORING_SSL_ASM= GRPC_PYTHON_BUILD_SYSTEM_OPENSSL=TRUE",
2022-12-27T02:52:55.4984690Z   "package_name": "grpcio",
2022-12-27T02:52:55.4985340Z   "package_url": "https://files.pythonhosted.org/packages/e9/5a/dd141c6f1dcc3547a045d553701a8c3283cf1cd6b1ff16388b51f2587f32/grpcio-0.4.0a1.tar.gz",
2022-12-27T02:52:55.4985680Z   "package_version": "0.4.0a1",
2022-12-27T02:52:55.4985850Z   "python_version": "3.9",
2022-12-27T02:52:55.4986020Z   "use_ccache": "true"
2022-12-27T02:52:55.4986190Z }
2022-12-27T02:52:55.5202610Z ##[group]Run actions/setup-python@v4
2022-12-27T02:52:55.5202970Z with:
2022-12-27T02:52:55.5203130Z   python-version: 3.9
2022-12-27T02:52:55.5203320Z   check-latest: false
2022-12-27T02:52:55.5203650Z   token: ***
2022-12-27T02:52:55.5203850Z   update-environment: true
2022-12-27T02:52:55.5204050Z ##[endgroup]
2022-12-27T02:52:55.6479140Z ##[group]Installed versions
2022-12-27T02:52:55.6529650Z Successfully set up CPython (3.9.16)
2022-12-27T02:52:55.6530440Z ##[endgroup]
2022-12-27T02:52:55.6676380Z ##[group]Run if [ "true" == "true" ]
2022-12-27T02:52:55.6676660Z [36;1mif [ "true" == "true" ][0m
2022-12-27T02:52:55.6676820Z [36;1mthen[0m
2022-12-27T02:52:55.6677060Z [36;1m  echo "CCACHE_PATH_PREPEND=/usr/local/opt/ccache/libexec" >> $GITHUB_OUTPUT[0m
2022-12-27T02:52:55.6677530Z [36;1melse[0m
2022-12-27T02:52:55.6677790Z [36;1m  echo "CCACHE_PATH_PREPEND=" >> $GITHUB_OUTPUT[0m
2022-12-27T02:52:55.6678010Z [36;1mfi[0m
2022-12-27T02:52:55.6695090Z shell: /bin/bash -e {0}
2022-12-27T02:52:55.6695410Z env:
2022-12-27T02:52:55.6695620Z   pythonLocation: /Users/runner/hostedtoolcache/Python/3.9.16/x64
2022-12-27T02:52:55.6695890Z   PKG_CONFIG_PATH: /Users/runner/hostedtoolcache/Python/3.9.16/x64/lib/pkgconfig
2022-12-27T02:52:55.6696470Z   Python_ROOT_DIR: /Users/runner/hostedtoolcache/Python/3.9.16/x64
2022-12-27T02:52:55.6696690Z   Python2_ROOT_DIR: /Users/runner/hostedtoolcache/Python/3.9.16/x64
2022-12-27T02:52:55.6697080Z   Python3_ROOT_DIR: /Users/runner/hostedtoolcache/Python/3.9.16/x64
2022-12-27T02:52:55.6697290Z ##[endgroup]
2022-12-27T02:52:55.6805270Z ##[group]Run echo "BUILD_NAME=$(echo grpcio_0.4.0a1_3.9 | tr -dc '[:alnum:]\n\r' | tr '[:upper:]' '[:lower:]')" >> $GITHUB_OUTPUT
2022-12-27T02:52:55.6805770Z [36;1mecho "BUILD_NAME=$(echo grpcio_0.4.0a1_3.9 | tr -dc '[:alnum:]\n\r' | tr '[:upper:]' '[:lower:]')" >> $GITHUB_OUTPUT[0m
2022-12-27T02:52:55.6819910Z shell: /bin/bash -e {0}
2022-12-27T02:52:55.6820080Z env:
2022-12-27T02:52:55.6820300Z   pythonLocation: /Users/runner/hostedtoolcache/Python/3.9.16/x64
2022-12-27T02:52:55.6820570Z   PKG_CONFIG_PATH: /Users/runner/hostedtoolcache/Python/3.9.16/x64/lib/pkgconfig
2022-12-27T02:52:55.6820830Z   Python_ROOT_DIR: /Users/runner/hostedtoolcache/Python/3.9.16/x64
2022-12-27T02:52:55.6821160Z   Python2_ROOT_DIR: /Users/runner/hostedtoolcache/Python/3.9.16/x64
2022-12-27T02:52:55.6821400Z   Python3_ROOT_DIR: /Users/runner/hostedtoolcache/Python/3.9.16/x64
2022-12-27T02:52:55.6821610Z ##[endgroup]
2022-12-27T02:52:55.6963620Z ##[group]Run echo "PYTHON_NO_DOTS=$(echo 3.9 | tr -dc '[:alnum:]\n\r' | tr '[:upper:]' '[:lower:]')" >> $GITHUB_OUTPUT
2022-12-27T02:52:55.6963930Z [36;1mecho "PYTHON_NO_DOTS=$(echo 3.9 | tr -dc '[:alnum:]\n\r' | tr '[:upper:]' '[:lower:]')" >> $GITHUB_OUTPUT[0m
2022-12-27T02:52:55.6978130Z shell: /bin/bash -e {0}
2022-12-27T02:52:55.6978310Z env:
2022-12-27T02:52:55.6978520Z   pythonLocation: /Users/runner/hostedtoolcache/Python/3.9.16/x64
2022-12-27T02:52:55.6978760Z   PKG_CONFIG_PATH: /Users/runner/hostedtoolcache/Python/3.9.16/x64/lib/pkgconfig
2022-12-27T02:52:55.6979010Z   Python_ROOT_DIR: /Users/runner/hostedtoolcache/Python/3.9.16/x64
2022-12-27T02:52:55.6979230Z   Python2_ROOT_DIR: /Users/runner/hostedtoolcache/Python/3.9.16/x64
2022-12-27T02:52:55.6979460Z   Python3_ROOT_DIR: /Users/runner/hostedtoolcache/Python/3.9.16/x64
2022-12-27T02:52:55.6979630Z ##[endgroup]
2022-12-27T02:52:55.7087490Z ##[group]Run rm -rf build_grpcio040a139
2022-12-27T02:52:55.7087840Z [36;1mrm -rf build_grpcio040a139[0m
2022-12-27T02:52:55.7088050Z [36;1mmkdir build_grpcio040a139[0m
2022-12-27T02:52:55.7088260Z [36;1mcd build_grpcio040a139[0m
2022-12-27T02:52:55.7088580Z [36;1m/usr/local/bin/wget --quiet https://files.pythonhosted.org/packages/e9/5a/dd141c6f1dcc3547a045d553701a8c3283cf1cd6b1ff16388b51f2587f32/grpcio-0.4.0a1.tar.gz[0m
2022-12-27T02:52:55.7088850Z [36;1mtar xf *.tar.gz[0m
2022-12-27T02:52:55.7089060Z [36;1mcd grpcio-*/[0m
2022-12-27T02:52:55.7089290Z [36;1mpython -m pip install cibuildwheel==2.11.3[0m
2022-12-27T02:52:55.7089480Z [36;1mpython -m cibuildwheel --output-dir ../wheelsout[0m
2022-12-27T02:52:55.7103600Z shell: /bin/bash -e {0}
2022-12-27T02:52:55.7103790Z env:
2022-12-27T02:52:55.7104060Z   pythonLocation: /Users/runner/hostedtoolcache/Python/3.9.16/x64
2022-12-27T02:52:55.7104360Z   PKG_CONFIG_PATH: /Users/runner/hostedtoolcache/Python/3.9.16/x64/lib/pkgconfig
2022-12-27T02:52:55.7104610Z   Python_ROOT_DIR: /Users/runner/hostedtoolcache/Python/3.9.16/x64
2022-12-27T02:52:55.7104840Z   Python2_ROOT_DIR: /Users/runner/hostedtoolcache/Python/3.9.16/x64
2022-12-27T02:52:55.7105110Z   Python3_ROOT_DIR: /Users/runner/hostedtoolcache/Python/3.9.16/x64
2022-12-27T02:52:55.7105290Z   CIBW_ARCHS_MACOS: arm64
2022-12-27T02:52:55.7105480Z   CIBW_TEST_SKIP: *_arm64
2022-12-27T02:52:55.7105660Z   CIBW_BUILD: cp39-macosx_arm64
2022-12-27T02:52:55.7105810Z   CIBW_BUILD_FRONTEND: pip
2022-12-27T02:52:55.7106020Z   CIBW_BUILD_VERBOSITY: 3
2022-12-27T02:52:55.7106400Z   CIBW_ENVIRONMENT_MACOS: GRPC_PYTHON_BUILD_WITH_CYTHON=1 GRPC_BUILD_WITH_BORING_SSL_ASM='' GRPC_PYTHON_BUILD_SYSTEM_OPENSSL=TRUE CFLAGS="-I/usr/local/opt/openssl@3/include" LDFLAGS="-L/usr/local/opt/openssl@3/lib" CPPFLAGS="-I/usr/local/opt/openssl@3/include" MAKEFLAGS="-j$(sysctl -n hw.logicalcpu)" PATH=/usr/local/opt/ccache/libexec:$PATH
2022-12-27T02:52:55.7107010Z   CIBW_BEFORE_BUILD: pip install Cython; if [[ -f requirements.txt ]]; then pip install -r requirements.txt; fi
2022-12-27T02:52:55.7107260Z   MAKEFLAGS: -j$(sysctl -n hw.logicalcpu)
2022-12-27T02:52:55.7107450Z ##[endgroup]
2022-12-27T02:52:56.0457430Z Requirement already satisfied: cibuildwheel==2.11.3 in /Users/runner/hostedtoolcache/Python/3.9.16/x64/lib/python3.9/site-packages (2.11.3)
2022-12-27T02:52:56.0718290Z Requirement already satisfied: bashlex!=0.13 in /Users/runner/hostedtoolcache/Python/3.9.16/x64/lib/python3.9/site-packages (from cibuildwheel==2.11.3) (0.16)
2022-12-27T02:52:56.0724190Z Requirement already satisfied: tomli in /Users/runner/hostedtoolcache/Python/3.9.16/x64/lib/python3.9/site-packages (from cibuildwheel==2.11.3) (2.0.1)
2022-12-27T02:52:56.0730510Z Requirement already satisfied: packaging>=20.9 in /Users/runner/hostedtoolcache/Python/3.9.16/x64/lib/python3.9/site-packages (from cibuildwheel==2.11.3) (22.0)
2022-12-27T02:52:56.0734200Z Requirement already satisfied: filelock in /Users/runner/hostedtoolcache/Python/3.9.16/x64/lib/python3.9/site-packages (from cibuildwheel==2.11.3) (3.8.2)
2022-12-27T02:52:56.0737710Z Requirement already satisfied: certifi in /Users/runner/hostedtoolcache/Python/3.9.16/x64/lib/python3.9/site-packages (from cibuildwheel==2.11.3) (2022.12.7)
2022-12-27T02:52:56.0746270Z Requirement already satisfied: typing-extensions>=4.1.0 in /Users/runner/hostedtoolcache/Python/3.9.16/x64/lib/python3.9/site-packages (from cibuildwheel==2.11.3) (4.4.0)
2022-12-27T02:52:56.0749980Z Requirement already satisfied: platformdirs in /Users/runner/hostedtoolcache/Python/3.9.16/x64/lib/python3.9/site-packages (from cibuildwheel==2.11.3) (2.6.0)
2022-12-27T02:52:56.0753460Z Requirement already satisfied: bracex in /Users/runner/hostedtoolcache/Python/3.9.16/x64/lib/python3.9/site-packages (from cibuildwheel==2.11.3) (2.3.post1)
2022-12-27T02:52:56.2414060Z 
2022-12-27T02:52:56.2414180Z      _ _       _ _   _       _           _
2022-12-27T02:52:56.2414790Z  ___|_| |_ _ _|_| |_| |_ _ _| |_ ___ ___| |
2022-12-27T02:52:56.2415900Z |  _| | . | | | | | . | | | |   | -_| -_| |
2022-12-27T02:52:56.2416200Z |___|_|___|___|_|_|___|_____|_|_|___|___|_|
2022-12-27T02:52:56.2416330Z 
2022-12-27T02:52:56.2416400Z cibuildwheel version 2.11.3
2022-12-27T02:52:56.2416550Z 
2022-12-27T02:52:56.2416660Z Build options:
2022-12-27T02:52:56.2417020Z   platform: macos
2022-12-27T02:52:56.2469320Z   architectures: arm64[0m
2022-12-27T02:52:56.2469650Z   build_selector: 
2022-12-27T02:52:56.2470020Z     build_config: cp39-macosx_arm64
2022-12-27T02:52:56.2470960Z     skip_config: 
2022-12-27T02:52:56.2471300Z     requires_python: None
2022-12-27T02:52:56.2471870Z     prerelease_pythons: False[0m
2022-12-27T02:52:56.2472630Z   [38;5;244mcontainer_engine: docker[0m
2022-12-27T02:52:56.2473280Z   output_dir: /Users/runner/actions-runner/_work/python.build/python.build/build_grpcio040a139/wheelsout[0m
2022-12-27T02:52:56.2474130Z   package_dir: /Users/runner/actions-runner/_work/python.build/python.build/build_grpcio040a139/grpcio-0.4.0a1[0m
2022-12-27T02:52:56.2474720Z   test_selector: 
2022-12-27T02:52:56.2475140Z     skip_config: *_arm64[0m
2022-12-27T02:52:56.2475560Z   [38;5;244mbefore_all: [0m
2022-12-27T02:52:56.2476270Z   before_build: pip install Cython; if [[ -f requirements.txt ]]; then pip install -r requirements.txt; fi[0m
2022-12-27T02:52:56.2476740Z   [38;5;244mbefore_test: [0m
2022-12-27T02:52:56.2477060Z   [38;5;244mbuild_frontend: pip[0m
2022-12-27T02:52:56.2477500Z   build_verbosity: 3[0m
2022-12-27T02:52:56.2477870Z   [38;5;244mconfig_settings: [0m
2022-12-27T02:52:56.2478390Z   [38;5;244mdependency_constraints: pinned[0m
2022-12-27T02:52:56.2478690Z   environment: 
2022-12-27T02:52:56.2479000Z     GRPC_PYTHON_BUILD_WITH_CYTHON=1
2022-12-27T02:52:56.2479310Z     GRPC_BUILD_WITH_BORING_SSL_ASM=''
2022-12-27T02:52:56.2479630Z     GRPC_PYTHON_BUILD_SYSTEM_OPENSSL=TRUE
2022-12-27T02:52:56.2480560Z     CFLAGS="-I/usr/local/opt/openssl@3/include"
2022-12-27T02:52:56.2480990Z     LDFLAGS="-L/usr/local/opt/openssl@3/lib"
2022-12-27T02:52:56.2481360Z     CPPFLAGS="-I/usr/local/opt/openssl@3/include"
2022-12-27T02:52:56.2481780Z     MAKEFLAGS="-j$(sysctl -n hw.logicalcpu)"
2022-12-27T02:52:56.2482370Z     PATH=/usr/local/opt/ccache/libexec:$PATH[0m
2022-12-27T02:52:56.2482740Z   [38;5;244mmanylinux_images: None[0m
2022-12-27T02:52:56.2483120Z   [38;5;244mmusllinux_images: None[0m
2022-12-27T02:52:56.2483650Z   [38;5;244mrepair_command: delocate-wheel --require-archs {delocate_archs} -w {dest_dir} -v {wheel}[0m
2022-12-27T02:52:56.2483980Z   [38;5;244mtest_command: [0m
2022-12-27T02:52:56.2484280Z   [38;5;244mtest_extras: [0m
2022-12-27T02:52:56.2484520Z   [38;5;244mtest_requires: [0m
2022-12-27T02:52:56.2484640Z 
2022-12-27T02:52:56.2484750Z Cache folder: /Users/runner/Library/Caches/cibuildwheel
2022-12-27T02:52:56.2497660Z 
2022-12-27T02:52:56.2497990Z Here we go!
2022-12-27T02:52:56.2498190Z 
2022-12-27T02:52:56.2565270Z 
2022-12-27T02:52:56.2565690Z [1m[34mBuilding cp39-macosx_arm64 wheel[0m
2022-12-27T02:52:56.2566220Z CPython 3.9 macOS arm64 - Apple Silicon
2022-12-27T02:52:56.2566390Z 
2022-12-27T02:52:56.2569400Z ##[group]Installing Python cp39...
2022-12-27T02:52:56.2569580Z 
2022-12-27T02:52:56.2569770Z + pkgutil --pkgs
2022-12-27T02:52:56.2670320Z ##[endgroup]
2022-12-27T02:52:56.2671320Z                                                               [32mâœ“ [0m0.01s
2022-12-27T02:52:56.2671800Z ##[group]Setting up build environment...
2022-12-27T02:52:56.2671960Z 
2022-12-27T02:52:56.2692060Z + /Users/runner/hostedtoolcache/Python/3.9.16/x64/bin/python -sS /Users/runner/Library/Caches/cibuildwheel/virtualenv-20.17.0.pyz --activators= --no-periodic-update --pip=22.3.1 --setuptools=65.6.3 --wheel=0.38.4 --symlink-app-data --python /Library/Frameworks/Python.framework/Versions/3.9/bin/python3 /private/var/folders/51/hd414ycd67n82196sw51xqtc0000gn/T/cibw-run-z7u5ft5j/cp39-macosx_arm64/build/venv
2022-12-27T02:52:56.4562920Z created virtual environment CPython3.9.13.final.0-64 in 47ms
2022-12-27T02:52:56.4563770Z   creator CPython3Posix(dest=/private/var/folders/51/hd414ycd67n82196sw51xqtc0000gn/T/cibw-run-z7u5ft5j/cp39-macosx_arm64/build/venv, clear=False, no_vcs_ignore=False, global=False)
2022-12-27T02:52:56.4564350Z   seeder FromAppData(download=False, pip=22.3.1, setuptools=65.6.3, wheel=0.38.4, via=symlink, app_data_dir=/Users/runner/Library/Application Support/virtualenv)
2022-12-27T02:52:56.4564810Z     added seed packages: pip==22.3.1, setuptools==65.6.3, wheel==0.38.4
2022-12-27T02:52:56.4668910Z + python -m pip install --upgrade pip -c /Users/runner/hostedtoolcache/Python/3.9.16/x64/lib/python3.9/site-packages/cibuildwheel/resources/constraints-python39.txt
2022-12-27T02:52:56.7776820Z Requirement already satisfied: pip in ./lib/python3.9/site-packages (22.3.1)
2022-12-27T02:52:56.9220210Z + which pip
2022-12-27T02:52:56.9236620Z /private/var/folders/51/hd414ycd67n82196sw51xqtc0000gn/T/cibw-run-z7u5ft5j/cp39-macosx_arm64/build/venv/bin/pip
2022-12-27T02:52:56.9238800Z + pip --version
2022-12-27T02:52:57.1479050Z pip 22.3.1 from /private/var/folders/51/hd414ycd67n82196sw51xqtc0000gn/T/cibw-run-z7u5ft5j/cp39-macosx_arm64/build/venv/lib/python3.9/site-packages/pip (python 3.9)
2022-12-27T02:52:57.1686530Z + which pip
2022-12-27T02:52:57.1713860Z + which python
2022-12-27T02:52:57.1731100Z /private/var/folders/51/hd414ycd67n82196sw51xqtc0000gn/T/cibw-run-z7u5ft5j/cp39-macosx_arm64/build/venv/bin/python
2022-12-27T02:52:57.1732870Z + python --version
2022-12-27T02:52:57.1777520Z Python 3.9.13
2022-12-27T02:52:57.1779920Z + which python
2022-12-27T02:52:57.1830000Z ##[endgroup]
2022-12-27T02:52:57.1830550Z                                                               [32mâœ“ [0m0.92s
2022-12-27T02:52:57.1831200Z ##[group]Installing build tools...
2022-12-27T02:52:57.1831350Z 
2022-12-27T02:52:57.1831760Z + pip install --upgrade setuptools wheel delocate -c /Users/runner/hostedtoolcache/Python/3.9.16/x64/lib/python3.9/site-packages/cibuildwheel/resources/constraints-python39.txt
2022-12-27T02:52:57.4858800Z Requirement already satisfied: setuptools in /private/var/folders/51/hd414ycd67n82196sw51xqtc0000gn/T/cibw-run-z7u5ft5j/cp39-macosx_arm64/build/venv/lib/python3.9/site-packages (65.6.3)
2022-12-27T02:52:57.7198380Z Requirement already satisfied: wheel in /private/var/folders/51/hd414ycd67n82196sw51xqtc0000gn/T/cibw-run-z7u5ft5j/cp39-macosx_arm64/build/venv/lib/python3.9/site-packages (0.38.4)
2022-12-27T02:52:57.7695820Z Collecting delocate
2022-12-27T02:52:57.7720580Z   Using cached delocate-0.10.3-py3-none-any.whl (142 kB)
2022-12-27T02:52:57.8046120Z Collecting packaging>=20.9
2022-12-27T02:52:57.8069360Z   Using cached packaging-21.3-py3-none-any.whl (40 kB)
2022-12-27T02:52:57.8248920Z Collecting typing-extensions
2022-12-27T02:52:57.8270030Z   Using cached typing_extensions-4.4.0-py3-none-any.whl (26 kB)
2022-12-27T02:52:57.8644210Z Collecting pyparsing!=3.0.5,>=2.0.2
2022-12-27T02:52:57.8667260Z   Using cached pyparsing-3.0.9-py3-none-any.whl (98 kB)
2022-12-27T02:52:57.9038190Z Installing collected packages: typing-extensions, pyparsing, packaging, delocate
2022-12-27T02:52:58.0546170Z Successfully installed delocate-0.10.3 packaging-21.3 pyparsing-3.0.9 typing-extensions-4.4.0
2022-12-27T02:52:58.0986370Z ##[endgroup]
2022-12-27T02:52:58.0987010Z                                                               [32mâœ“ [0m0.92s
2022-12-27T02:52:58.0987460Z ##[group]Running before_build...
2022-12-27T02:52:58.0987600Z 
2022-12-27T02:52:58.0993060Z + pip install Cython; if [[ -f requirements.txt ]]; then pip install -r requirements.txt; fi
2022-12-27T02:52:58.8178380Z Collecting Cython
2022-12-27T02:52:58.8224810Z   Using cached Cython-0.29.32-py2.py3-none-any.whl (986 kB)
2022-12-27T02:52:58.8660530Z Installing collected packages: Cython
2022-12-27T02:52:59.3635490Z Successfully installed Cython-0.29.32
2022-12-27T02:52:59.4053790Z ##[endgroup]
2022-12-27T02:52:59.4054440Z                                                               [32mâœ“ [0m1.31s
2022-12-27T02:52:59.4055050Z ##[group]Building wheel...
2022-12-27T02:52:59.4055510Z 
2022-12-27T02:52:59.4060110Z + python -m pip wheel /Users/runner/actions-runner/_work/python.build/python.build/build_grpcio040a139/grpcio-0.4.0a1 --wheel-dir=/private/var/folders/51/hd414ycd67n82196sw51xqtc0000gn/T/cibw-run-z7u5ft5j/cp39-macosx_arm64/built_wheel --no-deps -vvv
2022-12-27T02:52:59.6883550Z Created temporary directory: /private/var/folders/51/hd414ycd67n82196sw51xqtc0000gn/T/pip-ephem-wheel-cache-uwlqmqc9
2022-12-27T02:52:59.6888070Z Created temporary directory: /private/var/folders/51/hd414ycd67n82196sw51xqtc0000gn/T/pip-build-tracker-kjhzf4sg
2022-12-27T02:52:59.6890210Z Initialized build tracking at /private/var/folders/51/hd414ycd67n82196sw51xqtc0000gn/T/pip-build-tracker-kjhzf4sg
2022-12-27T02:52:59.6891780Z Created build tracker: /private/var/folders/51/hd414ycd67n82196sw51xqtc0000gn/T/pip-build-tracker-kjhzf4sg
2022-12-27T02:52:59.6893480Z Entered build tracker: /private/var/folders/51/hd414ycd67n82196sw51xqtc0000gn/T/pip-build-tracker-kjhzf4sg
2022-12-27T02:52:59.6897100Z Created temporary directory: /private/var/folders/51/hd414ycd67n82196sw51xqtc0000gn/T/pip-wheel-56__jbv2
2022-12-27T02:52:59.6903780Z Created temporary directory: /private/var/folders/51/hd414ycd67n82196sw51xqtc0000gn/T/pip-ephem-wheel-cache-wt2j3nai
2022-12-27T02:52:59.7053090Z Processing /Users/runner/actions-runner/_work/python.build/python.build/build_grpcio040a139/grpcio-0.4.0a1
2022-12-27T02:52:59.7058650Z   Added file:///Users/runner/actions-runner/_work/python.build/python.build/build_grpcio040a139/grpcio-0.4.0a1 to build tracker '/private/var/folders/51/hd414ycd67n82196sw51xqtc0000gn/T/pip-build-tracker-kjhzf4sg'
2022-12-27T02:52:59.7062380Z   Running setup.py (path:/Users/runner/actions-runner/_work/python.build/python.build/build_grpcio040a139/grpcio-0.4.0a1/setup.py) egg_info for package from file:///Users/runner/actions-runner/_work/python.build/python.build/build_grpcio040a139/grpcio-0.4.0a1
2022-12-27T02:52:59.7065940Z   Created temporary directory: /private/var/folders/51/hd414ycd67n82196sw51xqtc0000gn/T/pip-pip-egg-info-1i4dz9_m
2022-12-27T02:52:59.7067630Z   Preparing metadata (setup.py): started
2022-12-27T02:52:59.7069700Z   Running command python setup.py egg_info
2022-12-27T02:52:59.9986200Z   Preparing metadata (setup.py): finished with status 'done'
2022-12-27T02:53:00.0011620Z   Source in /Users/runner/actions-runner/_work/python.build/python.build/build_grpcio040a139/grpcio-0.4.0a1 has version 0.4.0a1, which satisfies requirement grpcio==0.4.0a1 from file:///Users/runner/actions-runner/_work/python.build/python.build/build_grpcio040a139/grpcio-0.4.0a1
2022-12-27T02:53:00.0015070Z   Removed grpcio==0.4.0a1 from file:///Users/runner/actions-runner/_work/python.build/python.build/build_grpcio040a139/grpcio-0.4.0a1 from build tracker '/private/var/folders/51/hd414ycd67n82196sw51xqtc0000gn/T/pip-build-tracker-kjhzf4sg'
2022-12-27T02:53:00.0032850Z Created temporary directory: /private/var/folders/51/hd414ycd67n82196sw51xqtc0000gn/T/pip-unpack-8xrenpnj
2022-12-27T02:53:00.0035390Z Building wheels for collected packages: grpcio
2022-12-27T02:53:00.0043190Z   Created temporary directory: /private/var/folders/51/hd414ycd67n82196sw51xqtc0000gn/T/pip-wheel-po93nqo0
2022-12-27T02:53:00.0045080Z   Building wheel for grpcio (setup.py): started
2022-12-27T02:53:00.0047070Z   Destination directory: /private/var/folders/51/hd414ycd67n82196sw51xqtc0000gn/T/pip-wheel-po93nqo0
2022-12-27T02:53:00.0049090Z   Running command python setup.py bdist_wheel
2022-12-27T02:53:00.4055580Z   grpc/_adapter/_c.c:35:10: fatal error: 'grpc/grpc.h' file not found
2022-12-27T02:53:00.4057000Z   #include <grpc/grpc.h>
2022-12-27T02:53:00.4059120Z            ^~~~~~~~~~~~~
2022-12-27T02:53:00.4060950Z   1 error generated.
2022-12-27T02:53:00.4074100Z   error: command '/usr/bin/gcc' failed with exit code 1
2022-12-27T02:53:00.4357930Z   error: subprocess-exited-with-error
2022-12-27T02:53:00.4358380Z   
2022-12-27T02:53:00.4358920Z   Ã— python setup.py bdist_wheel did not run successfully.
2022-12-27T02:53:00.4359880Z   â”‚ exit code: 1
2022-12-27T02:53:00.4360380Z   â•°â”€> See above for output.
2022-12-27T02:53:00.4360880Z   
2022-12-27T02:53:00.4361240Z   note: This error originates from a subprocess, and is likely not a problem with pip.
2022-12-27T02:53:00.4368300Z   full command: /private/var/folders/51/hd414ycd67n82196sw51xqtc0000gn/T/cibw-run-z7u5ft5j/cp39-macosx_arm64/build/venv/bin/python -u -c '
2022-12-27T02:53:00.4368840Z   exec(compile('"'"''"'"''"'"'
2022-12-27T02:53:00.4369400Z   # This is <pip-setuptools-caller> -- a caller that pip uses to run setup.py
2022-12-27T02:53:00.4369680Z   #
2022-12-27T02:53:00.4370130Z   # - It imports setuptools before invoking setup.py, to enable projects that directly
2022-12-27T02:53:00.4370570Z   #   import from `distutils.core` to work with newer packaging standards.
2022-12-27T02:53:00.4371190Z   # - It provides a clear error message when setuptools is not installed.
2022-12-27T02:53:00.4371740Z   # - It sets `sys.argv[0]` to the underlying `setup.py`, when invoking `setup.py` so
2022-12-27T02:53:00.4372270Z   #   setuptools doesn'"'"'t think the script is `-c`. This avoids the following warning:
2022-12-27T02:53:00.4372740Z   #     manifest_maker: standard file '"'"'-c'"'"' not found".
2022-12-27T02:53:00.4373160Z   # - It generates a shim setup.py, for handling setup.cfg-only projects.
2022-12-27T02:53:00.4373640Z   import os, sys, tokenize
2022-12-27T02:53:00.4373910Z   
2022-12-27T02:53:00.4374090Z   try:
2022-12-27T02:53:00.4374340Z       import setuptools
2022-12-27T02:53:00.4374760Z   except ImportError as error:
2022-12-27T02:53:00.4374990Z       print(
2022-12-27T02:53:00.4375320Z           "ERROR: Can not execute `setup.py` since setuptools is not available in "
2022-12-27T02:53:00.4375660Z           "the build environment.",
2022-12-27T02:53:00.4375890Z           file=sys.stderr,
2022-12-27T02:53:00.4376610Z       )
2022-12-27T02:53:00.4376870Z       sys.exit(1)
2022-12-27T02:53:00.4377070Z   
2022-12-27T02:53:00.4377380Z   __file__ = %r
2022-12-27T02:53:00.4377640Z   sys.argv[0] = __file__
2022-12-27T02:53:00.4377990Z   
2022-12-27T02:53:00.4378260Z   if os.path.exists(__file__):
2022-12-27T02:53:00.4378540Z       filename = __file__
2022-12-27T02:53:00.4378780Z       with tokenize.open(__file__) as f:
2022-12-27T02:53:00.4379080Z           setup_py_code = f.read()
2022-12-27T02:53:00.4379500Z   else:
2022-12-27T02:53:00.4379910Z       filename = "<auto-generated setuptools caller>"
2022-12-27T02:53:00.4380190Z       setup_py_code = "from setuptools import setup; setup()"
2022-12-27T02:53:00.4380410Z   
2022-12-27T02:53:00.4380650Z   exec(compile(setup_py_code, filename, "exec"))
2022-12-27T02:53:00.4381130Z   '"'"''"'"''"'"' % ('"'"'/Users/runner/actions-runner/_work/python.build/python.build/build_grpcio040a139/grpcio-0.4.0a1/setup.py'"'"',), "<pip-setuptools-caller>", "exec"))' bdist_wheel -d /private/var/folders/51/hd414ycd67n82196sw51xqtc0000gn/T/pip-wheel-po93nqo0
2022-12-27T02:53:00.4381740Z   cwd: /Users/runner/actions-runner/_work/python.build/python.build/build_grpcio040a139/grpcio-0.4.0a1/
2022-12-27T02:53:00.4382010Z   ERROR: Failed building wheel for grpcio
2022-12-27T02:53:00.4382300Z   Building wheel for grpcio (setup.py): finished with status 'error'
2022-12-27T02:53:00.4382550Z   Running setup.py clean for grpcio
2022-12-27T02:53:00.4383040Z   Running command python setup.py clean
2022-12-27T02:53:00.6213920Z   'build/bdist.macosx-11.0-arm64' does not exist -- can't clean it
2022-12-27T02:53:00.6215290Z   'build/scripts-3.9' does not exist -- can't clean it
2022-12-27T02:53:00.6347620Z Failed to build grpcio
2022-12-27T02:53:00.6352850Z ERROR: Failed to build one or more wheels
2022-12-27T02:53:00.6363460Z Exception information:
2022-12-27T02:53:00.6363940Z Traceback (most recent call last):
2022-12-27T02:53:00.6372550Z   File "/private/var/folders/51/hd414ycd67n82196sw51xqtc0000gn/T/cibw-run-z7u5ft5j/cp39-macosx_arm64/build/venv/lib/python3.9/site-packages/pip/_internal/cli/base_command.py", line 160, in exc_logging_wrapper
2022-12-27T02:53:00.6373550Z     status = run_func(*args)
2022-12-27T02:53:00.6374200Z   File "/private/var/folders/51/hd414ycd67n82196sw51xqtc0000gn/T/cibw-run-z7u5ft5j/cp39-macosx_arm64/build/venv/lib/python3.9/site-packages/pip/_internal/cli/req_command.py", line 247, in wrapper
2022-12-27T02:53:00.6374590Z     return func(self, options, args)
2022-12-27T02:53:00.6375050Z   File "/private/var/folders/51/hd414ycd67n82196sw51xqtc0000gn/T/cibw-run-z7u5ft5j/cp39-macosx_arm64/build/venv/lib/python3.9/site-packages/pip/_internal/commands/wheel.py", line 201, in run
2022-12-27T02:53:00.6375390Z     raise CommandError("Failed to build one or more wheels")
2022-12-27T02:53:00.6375620Z pip._internal.exceptions.CommandError: Failed to build one or more wheels
2022-12-27T02:53:00.6376060Z Removed build tracker: '/private/var/folders/51/hd414ycd67n82196sw51xqtc0000gn/T/pip-build-tracker-kjhzf4sg'
2022-12-27T02:53:00.6764520Z ##[endgroup]
2022-12-27T02:53:00.6787170Z ##[error]Command ['python', '-m', 'pip', 'wheel', '/Users/runner/actions-runner/_work/python.build/python.build/build_grpcio040a139/grpcio-0.4.0a1', '--wheel-dir=/private/var/folders/51/hd414ycd67n82196sw51xqtc0000gn/T/cibw-run-z7u5ft5j/cp39-macosx_arm64/built_wheel', '--no-deps', '-vvv'] failed with code 1. None
2022-12-27T02:53:00.6793660Z 
2022-12-27T02:53:00.6793980Z                                                               [31mâœ• [0m1.27s
2022-12-27T02:53:00.7212560Z ##[error]Process completed with exit code 1.
2022-12-27T02:53:00.7245950Z ##[group]Run rm -rf build_grpcio040a139 wheelsout
2022-12-27T02:53:00.7246240Z [36;1mrm -rf build_grpcio040a139 wheelsout[0m
2022-12-27T02:53:00.7323980Z shell: /bin/bash -e {0}
2022-12-27T02:53:00.7324130Z env:
2022-12-27T02:53:00.7324290Z   pythonLocation: /Users/runner/hostedtoolcache/Python/3.9.16/x64
2022-12-27T02:53:00.7324550Z   PKG_CONFIG_PATH: /Users/runner/hostedtoolcache/Python/3.9.16/x64/lib/pkgconfig
2022-12-27T02:53:00.7324930Z   Python_ROOT_DIR: /Users/runner/hostedtoolcache/Python/3.9.16/x64
2022-12-27T02:53:00.7325100Z   Python2_ROOT_DIR: /Users/runner/hostedtoolcache/Python/3.9.16/x64
2022-12-27T02:53:00.7325300Z   Python3_ROOT_DIR: /Users/runner/hostedtoolcache/Python/3.9.16/x64
2022-12-27T02:53:00.7325440Z ##[endgroup]
2022-12-27T02:53:00.7582080Z Cleaning up orphan processes
