2022-12-27T02:00:06.0901237Z Requested labels: self-hosted, macOS, X64
2022-12-27T02:00:06.0901301Z Job defined at: kilnbuild/python.build/.github/workflows/mac_arm_build.yml@refs/heads/main
2022-12-27T02:00:06.0901333Z Waiting for a runner to pick up this job...
2022-12-27T03:20:14.1428459Z Job is about to start running on the runner: kr2 (organization)
2022-12-27T03:20:19.3093880Z Current runner version: '2.300.2'
2022-12-27T03:20:19.3102270Z Runner name: 'kr2'
2022-12-27T03:20:19.3102650Z Runner group name: 'Default'
2022-12-27T03:20:19.3103540Z Machine name: 'kr2'
2022-12-27T03:20:19.3106140Z ##[group]GITHUB_TOKEN Permissions
2022-12-27T03:20:19.3106960Z Actions: write
2022-12-27T03:20:19.3107210Z Checks: write
2022-12-27T03:20:19.3107460Z Contents: write
2022-12-27T03:20:19.3107720Z Deployments: write
2022-12-27T03:20:19.3107980Z Discussions: write
2022-12-27T03:20:19.3108240Z Issues: write
2022-12-27T03:20:19.3108480Z Metadata: read
2022-12-27T03:20:19.3108730Z Packages: write
2022-12-27T03:20:19.3108990Z Pages: write
2022-12-27T03:20:19.3109250Z PullRequests: write
2022-12-27T03:20:19.3109540Z RepositoryProjects: write
2022-12-27T03:20:19.3109840Z SecurityEvents: write
2022-12-27T03:20:19.3110120Z Statuses: write
2022-12-27T03:20:19.3110360Z ##[endgroup]
2022-12-27T03:20:19.3114090Z Secret source: Actions
2022-12-27T03:20:19.3114600Z Prepare workflow directory
2022-12-27T03:20:19.4233460Z Prepare all required actions
2022-12-27T03:20:19.4436240Z Getting action download info
2022-12-27T03:20:19.9181040Z Download action repository 'actions/setup-python@v4' (SHA:5ccb29d8773c3f3f653e1705f474dfaa8a06a912)
2022-12-27T03:20:21.8288470Z Download action repository 'actions/upload-artifact@v3' (SHA:83fd05a356d7e2593de66fc9913b3002723633cb)
2022-12-27T03:20:23.3044540Z ##[group]Run echo '{
2022-12-27T03:20:23.3045110Z [36;1mecho '{[0m
2022-12-27T03:20:23.3045540Z [36;1m  "environment_variables": "GRPC_PYTHON_BUILD_WITH_CYTHON=1 GRPC_BUILD_WITH_BORING_SSL_ASM='' GRPC_PYTHON_BUILD_SYSTEM_OPENSSL=TRUE",[0m
2022-12-27T03:20:23.3045930Z [36;1m  "package_name": "grpcio",[0m
2022-12-27T03:20:23.3046350Z [36;1m  "package_url": "https://files.pythonhosted.org/packages/63/dc/bad4a497221adcd828e0025ef4491a40eb09576938bd6f739ca07ca16d36/grpcio-0.4.0a7.tar.gz",[0m
2022-12-27T03:20:23.3046760Z [36;1m  "package_version": "0.4.0a7",[0m
2022-12-27T03:20:23.3047040Z [36;1m  "python_version": "3.10",[0m
2022-12-27T03:20:23.3047370Z [36;1m  "use_ccache": "true"[0m
2022-12-27T03:20:23.3047590Z [36;1m}'[0m
2022-12-27T03:20:23.3075080Z shell: /bin/bash -e {0}
2022-12-27T03:20:23.3075340Z ##[endgroup]
2022-12-27T03:20:23.3464830Z {
2022-12-27T03:20:23.3467910Z   "environment_variables": "GRPC_PYTHON_BUILD_WITH_CYTHON=1 GRPC_BUILD_WITH_BORING_SSL_ASM= GRPC_PYTHON_BUILD_SYSTEM_OPENSSL=TRUE",
2022-12-27T03:20:23.3468360Z   "package_name": "grpcio",
2022-12-27T03:20:23.3469430Z   "package_url": "https://files.pythonhosted.org/packages/63/dc/bad4a497221adcd828e0025ef4491a40eb09576938bd6f739ca07ca16d36/grpcio-0.4.0a7.tar.gz",
2022-12-27T03:20:23.3469960Z   "package_version": "0.4.0a7",
2022-12-27T03:20:23.3470230Z   "python_version": "3.10",
2022-12-27T03:20:23.3470640Z   "use_ccache": "true"
2022-12-27T03:20:23.3470960Z }
2022-12-27T03:20:23.3815040Z ##[group]Run actions/setup-python@v4
2022-12-27T03:20:23.3815380Z with:
2022-12-27T03:20:23.3815700Z   python-version: 3.10
2022-12-27T03:20:23.3816130Z   check-latest: false
2022-12-27T03:20:23.3816650Z   token: ***
2022-12-27T03:20:23.3816980Z   update-environment: true
2022-12-27T03:20:23.3817310Z ##[endgroup]
2022-12-27T03:20:23.5943150Z ##[group]Installed versions
2022-12-27T03:20:23.5994160Z Successfully set up CPython (3.10.9)
2022-12-27T03:20:23.5995270Z ##[endgroup]
2022-12-27T03:20:23.6261360Z ##[group]Run if [ "true" == "true" ]
2022-12-27T03:20:23.6261900Z [36;1mif [ "true" == "true" ][0m
2022-12-27T03:20:23.6262240Z [36;1mthen[0m
2022-12-27T03:20:23.6262720Z [36;1m  echo "CCACHE_PATH_PREPEND=/usr/local/opt/ccache/libexec" >> $GITHUB_OUTPUT[0m
2022-12-27T03:20:23.6263300Z [36;1melse[0m
2022-12-27T03:20:23.6263730Z [36;1m  echo "CCACHE_PATH_PREPEND=" >> $GITHUB_OUTPUT[0m
2022-12-27T03:20:23.6264050Z [36;1mfi[0m
2022-12-27T03:20:23.6298400Z shell: /bin/bash -e {0}
2022-12-27T03:20:23.6298920Z env:
2022-12-27T03:20:23.6299270Z   pythonLocation: /Users/runner/hostedtoolcache/Python/3.10.9/x64
2022-12-27T03:20:23.6299760Z   PKG_CONFIG_PATH: /Users/runner/hostedtoolcache/Python/3.10.9/x64/lib/pkgconfig
2022-12-27T03:20:23.6301080Z   Python_ROOT_DIR: /Users/runner/hostedtoolcache/Python/3.10.9/x64
2022-12-27T03:20:23.6301680Z   Python2_ROOT_DIR: /Users/runner/hostedtoolcache/Python/3.10.9/x64
2022-12-27T03:20:23.6302280Z   Python3_ROOT_DIR: /Users/runner/hostedtoolcache/Python/3.10.9/x64
2022-12-27T03:20:23.6302700Z ##[endgroup]
2022-12-27T03:20:23.6526880Z ##[group]Run echo "BUILD_NAME=$(echo grpcio_0.4.0a7_3.10 | tr -dc '[:alnum:]\n\r' | tr '[:upper:]' '[:lower:]')" >> $GITHUB_OUTPUT
2022-12-27T03:20:23.6527600Z [36;1mecho "BUILD_NAME=$(echo grpcio_0.4.0a7_3.10 | tr -dc '[:alnum:]\n\r' | tr '[:upper:]' '[:lower:]')" >> $GITHUB_OUTPUT[0m
2022-12-27T03:20:23.6556120Z shell: /bin/bash -e {0}
2022-12-27T03:20:23.6556520Z env:
2022-12-27T03:20:23.6556960Z   pythonLocation: /Users/runner/hostedtoolcache/Python/3.10.9/x64
2022-12-27T03:20:23.6557480Z   PKG_CONFIG_PATH: /Users/runner/hostedtoolcache/Python/3.10.9/x64/lib/pkgconfig
2022-12-27T03:20:23.6557910Z   Python_ROOT_DIR: /Users/runner/hostedtoolcache/Python/3.10.9/x64
2022-12-27T03:20:23.6558840Z   Python2_ROOT_DIR: /Users/runner/hostedtoolcache/Python/3.10.9/x64
2022-12-27T03:20:23.6559330Z   Python3_ROOT_DIR: /Users/runner/hostedtoolcache/Python/3.10.9/x64
2022-12-27T03:20:23.6559660Z ##[endgroup]
2022-12-27T03:20:23.6897940Z ##[group]Run echo "PYTHON_NO_DOTS=$(echo 3.10 | tr -dc '[:alnum:]\n\r' | tr '[:upper:]' '[:lower:]')" >> $GITHUB_OUTPUT
2022-12-27T03:20:23.6898580Z [36;1mecho "PYTHON_NO_DOTS=$(echo 3.10 | tr -dc '[:alnum:]\n\r' | tr '[:upper:]' '[:lower:]')" >> $GITHUB_OUTPUT[0m
2022-12-27T03:20:23.6926220Z shell: /bin/bash -e {0}
2022-12-27T03:20:23.6926480Z env:
2022-12-27T03:20:23.6926850Z   pythonLocation: /Users/runner/hostedtoolcache/Python/3.10.9/x64
2022-12-27T03:20:23.6927320Z   PKG_CONFIG_PATH: /Users/runner/hostedtoolcache/Python/3.10.9/x64/lib/pkgconfig
2022-12-27T03:20:23.6927720Z   Python_ROOT_DIR: /Users/runner/hostedtoolcache/Python/3.10.9/x64
2022-12-27T03:20:23.6928330Z   Python2_ROOT_DIR: /Users/runner/hostedtoolcache/Python/3.10.9/x64
2022-12-27T03:20:23.6928920Z   Python3_ROOT_DIR: /Users/runner/hostedtoolcache/Python/3.10.9/x64
2022-12-27T03:20:23.6929290Z ##[endgroup]
2022-12-27T03:20:23.7174560Z ##[group]Run rm -rf build_grpcio040a7310
2022-12-27T03:20:23.7175140Z [36;1mrm -rf build_grpcio040a7310[0m
2022-12-27T03:20:23.7175420Z [36;1mmkdir build_grpcio040a7310[0m
2022-12-27T03:20:23.7175750Z [36;1mcd build_grpcio040a7310[0m
2022-12-27T03:20:23.7176260Z [36;1m/usr/local/bin/wget --quiet https://files.pythonhosted.org/packages/63/dc/bad4a497221adcd828e0025ef4491a40eb09576938bd6f739ca07ca16d36/grpcio-0.4.0a7.tar.gz[0m
2022-12-27T03:20:23.7176810Z [36;1mtar xf *.tar.gz[0m
2022-12-27T03:20:23.7177080Z [36;1mcd grpcio-*/[0m
2022-12-27T03:20:23.7177430Z [36;1mpython -m pip install cibuildwheel==2.11.3[0m
2022-12-27T03:20:23.7177830Z [36;1mpython -m cibuildwheel --output-dir ../wheelsout[0m
2022-12-27T03:20:23.7204510Z shell: /bin/bash -e {0}
2022-12-27T03:20:23.7204910Z env:
2022-12-27T03:20:23.7205280Z   pythonLocation: /Users/runner/hostedtoolcache/Python/3.10.9/x64
2022-12-27T03:20:23.7205780Z   PKG_CONFIG_PATH: /Users/runner/hostedtoolcache/Python/3.10.9/x64/lib/pkgconfig
2022-12-27T03:20:23.7206310Z   Python_ROOT_DIR: /Users/runner/hostedtoolcache/Python/3.10.9/x64
2022-12-27T03:20:23.7206680Z   Python2_ROOT_DIR: /Users/runner/hostedtoolcache/Python/3.10.9/x64
2022-12-27T03:20:23.7207300Z   Python3_ROOT_DIR: /Users/runner/hostedtoolcache/Python/3.10.9/x64
2022-12-27T03:20:23.7207680Z   CIBW_ARCHS_MACOS: arm64
2022-12-27T03:20:23.7207990Z   CIBW_TEST_SKIP: *_arm64
2022-12-27T03:20:23.7208390Z   CIBW_BUILD: cp310-macosx_arm64
2022-12-27T03:20:23.7208710Z   CIBW_BUILD_FRONTEND: pip
2022-12-27T03:20:23.7208970Z   CIBW_BUILD_VERBOSITY: 3
2022-12-27T03:20:23.7209610Z   CIBW_ENVIRONMENT_MACOS: GRPC_PYTHON_BUILD_WITH_CYTHON=1 GRPC_BUILD_WITH_BORING_SSL_ASM='' GRPC_PYTHON_BUILD_SYSTEM_OPENSSL=TRUE CFLAGS="-I/usr/local/opt/openssl@3/include" LDFLAGS="-L/usr/local/opt/openssl@3/lib" CPPFLAGS="-I/usr/local/opt/openssl@3/include" MAKEFLAGS="-j$(sysctl -n hw.logicalcpu)" PATH=/usr/local/opt/ccache/libexec:$PATH
2022-12-27T03:20:23.7210670Z   CIBW_BEFORE_BUILD: pip install Cython; if [[ -f requirements.txt ]]; then pip install -r requirements.txt; fi
2022-12-27T03:20:23.7211920Z   MAKEFLAGS: -j$(sysctl -n hw.logicalcpu)
2022-12-27T03:20:23.7212250Z ##[endgroup]
2022-12-27T03:20:24.2560350Z Requirement already satisfied: cibuildwheel==2.11.3 in /Users/runner/hostedtoolcache/Python/3.10.9/x64/lib/python3.10/site-packages (2.11.3)
2022-12-27T03:20:24.3031300Z Requirement already satisfied: tomli in /Users/runner/hostedtoolcache/Python/3.10.9/x64/lib/python3.10/site-packages (from cibuildwheel==2.11.3) (2.0.1)
2022-12-27T03:20:24.3036770Z Requirement already satisfied: bracex in /Users/runner/hostedtoolcache/Python/3.10.9/x64/lib/python3.10/site-packages (from cibuildwheel==2.11.3) (2.3.post1)
2022-12-27T03:20:24.3045090Z Requirement already satisfied: certifi in /Users/runner/hostedtoolcache/Python/3.10.9/x64/lib/python3.10/site-packages (from cibuildwheel==2.11.3) (2022.12.7)
2022-12-27T03:20:24.3054860Z Requirement already satisfied: packaging>=20.9 in /Users/runner/hostedtoolcache/Python/3.10.9/x64/lib/python3.10/site-packages (from cibuildwheel==2.11.3) (22.0)
2022-12-27T03:20:24.3060360Z Requirement already satisfied: filelock in /Users/runner/hostedtoolcache/Python/3.10.9/x64/lib/python3.10/site-packages (from cibuildwheel==2.11.3) (3.8.2)
2022-12-27T03:20:24.3069380Z Requirement already satisfied: bashlex!=0.13 in /Users/runner/hostedtoolcache/Python/3.10.9/x64/lib/python3.10/site-packages (from cibuildwheel==2.11.3) (0.16)
2022-12-27T03:20:24.3084170Z Requirement already satisfied: typing-extensions>=4.1.0 in /Users/runner/hostedtoolcache/Python/3.10.9/x64/lib/python3.10/site-packages (from cibuildwheel==2.11.3) (4.4.0)
2022-12-27T03:20:24.3088460Z Requirement already satisfied: platformdirs in /Users/runner/hostedtoolcache/Python/3.10.9/x64/lib/python3.10/site-packages (from cibuildwheel==2.11.3) (2.6.0)
2022-12-27T03:20:24.6293550Z 
2022-12-27T03:20:24.6294900Z      _ _       _ _   _       _           _
2022-12-27T03:20:24.6296080Z  ___|_| |_ _ _|_| |_| |_ _ _| |_ ___ ___| |
2022-12-27T03:20:24.6299010Z |  _| | . | | | | | . | | | |   | -_| -_| |
2022-12-27T03:20:24.6299770Z |___|_|___|___|_|_|___|_____|_|_|___|___|_|
2022-12-27T03:20:24.6300140Z 
2022-12-27T03:20:24.6300450Z cibuildwheel version 2.11.3
2022-12-27T03:20:24.6300850Z 
2022-12-27T03:20:24.6301160Z Build options:
2022-12-27T03:20:24.6301830Z   platform: macos
2022-12-27T03:20:24.6385780Z   architectures: arm64[0m
2022-12-27T03:20:24.6386480Z   build_selector: 
2022-12-27T03:20:24.6387420Z     build_config: cp310-macosx_arm64
2022-12-27T03:20:24.6388460Z     skip_config: 
2022-12-27T03:20:24.6390030Z     requires_python: None
2022-12-27T03:20:24.6390950Z     prerelease_pythons: False[0m
2022-12-27T03:20:24.6391880Z   [38;5;244mcontainer_engine: docker[0m
2022-12-27T03:20:24.6393110Z   output_dir: /Users/runner/actions-runner/_work/python.build/python.build/build_grpcio040a7310/wheelsout[0m
2022-12-27T03:20:24.6394990Z   package_dir: /Users/runner/actions-runner/_work/python.build/python.build/build_grpcio040a7310/grpcio-0.4.0a7[0m
2022-12-27T03:20:24.6395720Z   test_selector: 
2022-12-27T03:20:24.6396510Z     skip_config: *_arm64[0m
2022-12-27T03:20:24.6397350Z   [38;5;244mbefore_all: [0m
2022-12-27T03:20:24.6398510Z   before_build: pip install Cython; if [[ -f requirements.txt ]]; then pip install -r requirements.txt; fi[0m
2022-12-27T03:20:24.6399680Z   [38;5;244mbefore_test: [0m
2022-12-27T03:20:24.6400510Z   [38;5;244mbuild_frontend: pip[0m
2022-12-27T03:20:24.6401320Z   build_verbosity: 3[0m
2022-12-27T03:20:24.6401980Z   [38;5;244mconfig_settings: [0m
2022-12-27T03:20:24.6403010Z   [38;5;244mdependency_constraints: pinned[0m
2022-12-27T03:20:24.6403700Z   environment: 
2022-12-27T03:20:24.6404270Z     GRPC_PYTHON_BUILD_WITH_CYTHON=1
2022-12-27T03:20:24.6405120Z     GRPC_BUILD_WITH_BORING_SSL_ASM=''
2022-12-27T03:20:24.6406960Z     GRPC_PYTHON_BUILD_SYSTEM_OPENSSL=TRUE
2022-12-27T03:20:24.6407910Z     CFLAGS="-I/usr/local/opt/openssl@3/include"
2022-12-27T03:20:24.6408990Z     LDFLAGS="-L/usr/local/opt/openssl@3/lib"
2022-12-27T03:20:24.6409930Z     CPPFLAGS="-I/usr/local/opt/openssl@3/include"
2022-12-27T03:20:24.6410720Z     MAKEFLAGS="-j$(sysctl -n hw.logicalcpu)"
2022-12-27T03:20:24.6411640Z     PATH=/usr/local/opt/ccache/libexec:$PATH[0m
2022-12-27T03:20:24.6412650Z   [38;5;244mmanylinux_images: None[0m
2022-12-27T03:20:24.6413370Z   [38;5;244mmusllinux_images: None[0m
2022-12-27T03:20:24.6414460Z   [38;5;244mrepair_command: delocate-wheel --require-archs {delocate_archs} -w {dest_dir} -v {wheel}[0m
2022-12-27T03:20:24.6415430Z   [38;5;244mtest_command: [0m
2022-12-27T03:20:24.6416340Z   [38;5;244mtest_extras: [0m
2022-12-27T03:20:24.6417020Z   [38;5;244mtest_requires: [0m
2022-12-27T03:20:24.6417400Z 
2022-12-27T03:20:24.6417790Z Cache folder: /Users/runner/Library/Caches/cibuildwheel
2022-12-27T03:20:24.6421870Z 
2022-12-27T03:20:24.6423110Z Here we go!
2022-12-27T03:20:24.6423590Z 
2022-12-27T03:20:24.6529810Z 
2022-12-27T03:20:24.6530940Z [1m[34mBuilding cp310-macosx_arm64 wheel[0m
2022-12-27T03:20:24.6532310Z CPython 3.10 macOS arm64 - Apple Silicon
2022-12-27T03:20:24.6532610Z 
2022-12-27T03:20:24.6534360Z ##[group]Installing Python cp310...
2022-12-27T03:20:24.6534800Z 
2022-12-27T03:20:24.6535250Z + pkgutil --pkgs
2022-12-27T03:20:24.6734520Z ##[endgroup]
2022-12-27T03:20:24.6736340Z                                                               [32m✓ [0m0.02s
2022-12-27T03:20:24.6737080Z ##[group]Setting up build environment...
2022-12-27T03:20:24.6737320Z 
2022-12-27T03:20:24.6768360Z + /Users/runner/hostedtoolcache/Python/3.10.9/x64/bin/python -sS /Users/runner/Library/Caches/cibuildwheel/virtualenv-20.17.0.pyz --activators= --no-periodic-update --pip=22.3.1 --setuptools=65.6.3 --wheel=0.38.4 --symlink-app-data --python /Library/Frameworks/Python.framework/Versions/3.10/bin/python3 /private/var/folders/51/hd414ycd67n82196sw51xqtc0000gn/T/cibw-run-fspceozp/cp310-macosx_arm64/build/venv
2022-12-27T03:20:24.9891320Z created virtual environment CPython3.10.8.final.0-64 in 78ms
2022-12-27T03:20:24.9893950Z   creator CPython3Posix(dest=/private/var/folders/51/hd414ycd67n82196sw51xqtc0000gn/T/cibw-run-fspceozp/cp310-macosx_arm64/build/venv, clear=False, no_vcs_ignore=False, global=False)
2022-12-27T03:20:24.9895390Z   seeder FromAppData(download=False, pip=22.3.1, setuptools=65.6.3, wheel=0.38.4, via=symlink, app_data_dir=/Users/runner/Library/Application Support/virtualenv)
2022-12-27T03:20:24.9896740Z     added seed packages: pip==22.3.1, setuptools==65.6.3, wheel==0.38.4
2022-12-27T03:20:25.0235640Z + python -m pip install --upgrade pip -c /Users/runner/hostedtoolcache/Python/3.10.9/x64/lib/python3.10/site-packages/cibuildwheel/resources/constraints-python310.txt
2022-12-27T03:20:25.4609740Z Requirement already satisfied: pip in ./lib/python3.10/site-packages (22.3.1)
2022-12-27T03:20:25.6964580Z + which pip
2022-12-27T03:20:25.7002540Z /private/var/folders/51/hd414ycd67n82196sw51xqtc0000gn/T/cibw-run-fspceozp/cp310-macosx_arm64/build/venv/bin/pip
2022-12-27T03:20:25.7009760Z + pip --version
2022-12-27T03:20:26.0279210Z pip 22.3.1 from /private/var/folders/51/hd414ycd67n82196sw51xqtc0000gn/T/cibw-run-fspceozp/cp310-macosx_arm64/build/venv/lib/python3.10/site-packages/pip (python 3.10)
2022-12-27T03:20:26.0827680Z + which pip
2022-12-27T03:20:26.0876370Z + which python
2022-12-27T03:20:26.0912260Z /private/var/folders/51/hd414ycd67n82196sw51xqtc0000gn/T/cibw-run-fspceozp/cp310-macosx_arm64/build/venv/bin/python
2022-12-27T03:20:26.0923930Z + python --version
2022-12-27T03:20:26.1015170Z Python 3.10.8
2022-12-27T03:20:26.1021430Z + which python
2022-12-27T03:20:26.1134920Z ##[endgroup]
2022-12-27T03:20:26.1136420Z                                                               [32m✓ [0m1.44s
2022-12-27T03:20:26.1138280Z ##[group]Installing build tools...
2022-12-27T03:20:26.1138740Z 
2022-12-27T03:20:26.1140680Z + pip install --upgrade setuptools wheel delocate -c /Users/runner/hostedtoolcache/Python/3.10.9/x64/lib/python3.10/site-packages/cibuildwheel/resources/constraints-python310.txt
2022-12-27T03:20:26.5519400Z Requirement already satisfied: setuptools in /private/var/folders/51/hd414ycd67n82196sw51xqtc0000gn/T/cibw-run-fspceozp/cp310-macosx_arm64/build/venv/lib/python3.10/site-packages (65.6.3)
2022-12-27T03:20:26.8696660Z Requirement already satisfied: wheel in /private/var/folders/51/hd414ycd67n82196sw51xqtc0000gn/T/cibw-run-fspceozp/cp310-macosx_arm64/build/venv/lib/python3.10/site-packages (0.38.4)
2022-12-27T03:20:26.9360110Z Collecting delocate
2022-12-27T03:20:26.9398650Z   Using cached delocate-0.10.3-py3-none-any.whl (142 kB)
2022-12-27T03:20:26.9875130Z Collecting packaging>=20.9
2022-12-27T03:20:26.9912850Z   Using cached packaging-21.3-py3-none-any.whl (40 kB)
2022-12-27T03:20:27.0164600Z Collecting typing-extensions
2022-12-27T03:20:27.0198980Z   Using cached typing_extensions-4.4.0-py3-none-any.whl (26 kB)
2022-12-27T03:20:27.0799980Z Collecting pyparsing!=3.0.5,>=2.0.2
2022-12-27T03:20:27.0840360Z   Using cached pyparsing-3.0.9-py3-none-any.whl (98 kB)
2022-12-27T03:20:27.1410080Z Installing collected packages: typing-extensions, pyparsing, packaging, delocate
2022-12-27T03:20:27.3529020Z Successfully installed delocate-0.10.3 packaging-21.3 pyparsing-3.0.9 typing-extensions-4.4.0
2022-12-27T03:20:27.4595140Z ##[endgroup]
2022-12-27T03:20:27.4596390Z                                                               [32m✓ [0m1.35s
2022-12-27T03:20:27.4597020Z ##[group]Running before_build...
2022-12-27T03:20:27.4597240Z 
2022-12-27T03:20:27.4605900Z + pip install Cython; if [[ -f requirements.txt ]]; then pip install -r requirements.txt; fi
2022-12-27T03:20:28.4271940Z Collecting Cython
2022-12-27T03:20:28.4343010Z   Using cached Cython-0.29.32-py2.py3-none-any.whl (986 kB)
2022-12-27T03:20:28.4987540Z Installing collected packages: Cython
2022-12-27T03:20:29.2220690Z Successfully installed Cython-0.29.32
2022-12-27T03:20:29.3178180Z ##[endgroup]
2022-12-27T03:20:29.3179260Z                                                               [32m✓ [0m1.86s
2022-12-27T03:20:29.3180880Z ##[group]Building wheel...
2022-12-27T03:20:29.3181400Z 
2022-12-27T03:20:29.3188830Z + python -m pip wheel /Users/runner/actions-runner/_work/python.build/python.build/build_grpcio040a7310/grpcio-0.4.0a7 --wheel-dir=/private/var/folders/51/hd414ycd67n82196sw51xqtc0000gn/T/cibw-run-fspceozp/cp310-macosx_arm64/built_wheel --no-deps -vvv
2022-12-27T03:20:29.7221580Z Created temporary directory: /private/var/folders/51/hd414ycd67n82196sw51xqtc0000gn/T/pip-ephem-wheel-cache-tby6c653
2022-12-27T03:20:29.7228360Z Created temporary directory: /private/var/folders/51/hd414ycd67n82196sw51xqtc0000gn/T/pip-build-tracker-kjkmoqdg
2022-12-27T03:20:29.7231110Z Initialized build tracking at /private/var/folders/51/hd414ycd67n82196sw51xqtc0000gn/T/pip-build-tracker-kjkmoqdg
2022-12-27T03:20:29.7232760Z Created build tracker: /private/var/folders/51/hd414ycd67n82196sw51xqtc0000gn/T/pip-build-tracker-kjkmoqdg
2022-12-27T03:20:29.7236280Z Entered build tracker: /private/var/folders/51/hd414ycd67n82196sw51xqtc0000gn/T/pip-build-tracker-kjkmoqdg
2022-12-27T03:20:29.7240050Z Created temporary directory: /private/var/folders/51/hd414ycd67n82196sw51xqtc0000gn/T/pip-wheel-0bfhjkqg
2022-12-27T03:20:29.7250710Z Created temporary directory: /private/var/folders/51/hd414ycd67n82196sw51xqtc0000gn/T/pip-ephem-wheel-cache-pilg0k43
2022-12-27T03:20:29.7522120Z Processing /Users/runner/actions-runner/_work/python.build/python.build/build_grpcio040a7310/grpcio-0.4.0a7
2022-12-27T03:20:29.7529390Z   Added file:///Users/runner/actions-runner/_work/python.build/python.build/build_grpcio040a7310/grpcio-0.4.0a7 to build tracker '/private/var/folders/51/hd414ycd67n82196sw51xqtc0000gn/T/pip-build-tracker-kjkmoqdg'
2022-12-27T03:20:29.7534860Z   Running setup.py (path:/Users/runner/actions-runner/_work/python.build/python.build/build_grpcio040a7310/grpcio-0.4.0a7/setup.py) egg_info for package from file:///Users/runner/actions-runner/_work/python.build/python.build/build_grpcio040a7310/grpcio-0.4.0a7
2022-12-27T03:20:29.7539940Z   Created temporary directory: /private/var/folders/51/hd414ycd67n82196sw51xqtc0000gn/T/pip-pip-egg-info-_vukrgzg
2022-12-27T03:20:29.7541910Z   Preparing metadata (setup.py): started
2022-12-27T03:20:29.7545960Z   Running command python setup.py egg_info
2022-12-27T03:20:30.0091140Z   running egg_info
2022-12-27T03:20:30.0093440Z   creating /private/var/folders/51/hd414ycd67n82196sw51xqtc0000gn/T/pip-pip-egg-info-_vukrgzg/grpcio.egg-info
2022-12-27T03:20:30.0097010Z   writing /private/var/folders/51/hd414ycd67n82196sw51xqtc0000gn/T/pip-pip-egg-info-_vukrgzg/grpcio.egg-info/PKG-INFO
2022-12-27T03:20:30.0103110Z   writing dependency_links to /private/var/folders/51/hd414ycd67n82196sw51xqtc0000gn/T/pip-pip-egg-info-_vukrgzg/grpcio.egg-info/dependency_links.txt
2022-12-27T03:20:30.0106290Z   writing requirements to /private/var/folders/51/hd414ycd67n82196sw51xqtc0000gn/T/pip-pip-egg-info-_vukrgzg/grpcio.egg-info/requires.txt
2022-12-27T03:20:30.0110270Z   writing top-level names to /private/var/folders/51/hd414ycd67n82196sw51xqtc0000gn/T/pip-pip-egg-info-_vukrgzg/grpcio.egg-info/top_level.txt
2022-12-27T03:20:30.0112490Z   writing manifest file '/private/var/folders/51/hd414ycd67n82196sw51xqtc0000gn/T/pip-pip-egg-info-_vukrgzg/grpcio.egg-info/SOURCES.txt'
2022-12-27T03:20:30.1777710Z   reading manifest file '/private/var/folders/51/hd414ycd67n82196sw51xqtc0000gn/T/pip-pip-egg-info-_vukrgzg/grpcio.egg-info/SOURCES.txt'
2022-12-27T03:20:30.1779190Z   reading manifest template 'MANIFEST.in'
2022-12-27T03:20:30.1837690Z   writing manifest file '/private/var/folders/51/hd414ycd67n82196sw51xqtc0000gn/T/pip-pip-egg-info-_vukrgzg/grpcio.egg-info/SOURCES.txt'
2022-12-27T03:20:30.2280650Z   Preparing metadata (setup.py): finished with status 'done'
2022-12-27T03:20:30.2319880Z   Source in /Users/runner/actions-runner/_work/python.build/python.build/build_grpcio040a7310/grpcio-0.4.0a7 has version 0.4.0a7, which satisfies requirement grpcio==0.4.0a7 from file:///Users/runner/actions-runner/_work/python.build/python.build/build_grpcio040a7310/grpcio-0.4.0a7
2022-12-27T03:20:30.2322950Z   Removed grpcio==0.4.0a7 from file:///Users/runner/actions-runner/_work/python.build/python.build/build_grpcio040a7310/grpcio-0.4.0a7 from build tracker '/private/var/folders/51/hd414ycd67n82196sw51xqtc0000gn/T/pip-build-tracker-kjkmoqdg'
2022-12-27T03:20:30.2346900Z Created temporary directory: /private/var/folders/51/hd414ycd67n82196sw51xqtc0000gn/T/pip-unpack-1lrythe8
2022-12-27T03:20:30.2352090Z Building wheels for collected packages: grpcio
2022-12-27T03:20:30.2361320Z   Created temporary directory: /private/var/folders/51/hd414ycd67n82196sw51xqtc0000gn/T/pip-wheel-peoknkrp
2022-12-27T03:20:30.2364700Z   Building wheel for grpcio (setup.py): started
2022-12-27T03:20:30.2368630Z   Destination directory: /private/var/folders/51/hd414ycd67n82196sw51xqtc0000gn/T/pip-wheel-peoknkrp
2022-12-27T03:20:30.2371760Z   Running command python setup.py bdist_wheel
2022-12-27T03:20:30.4978630Z   running bdist_wheel
2022-12-27T03:20:30.6355650Z   running build
2022-12-27T03:20:30.6359180Z   running build_py
2022-12-27T03:20:30.6391350Z   creating build
2022-12-27T03:20:30.6393150Z   creating build/lib.macosx-11.0-arm64-cpython-310
2022-12-27T03:20:30.6396790Z   creating build/lib.macosx-11.0-arm64-cpython-310/grpc
2022-12-27T03:20:30.6400810Z   copying grpc/__init__.py -> build/lib.macosx-11.0-arm64-cpython-310/grpc
2022-12-27T03:20:30.6417570Z   creating build/lib.macosx-11.0-arm64-cpython-310/grpc/_adapter
2022-12-27T03:20:30.6421670Z   copying grpc/_adapter/fore.py -> build/lib.macosx-11.0-arm64-cpython-310/grpc/_adapter
2022-12-27T03:20:30.6427990Z   copying grpc/_adapter/_event_invocation_synchronous_event_service_test.py -> build/lib.macosx-11.0-arm64-cpython-310/grpc/_adapter
2022-12-27T03:20:30.6430690Z   copying grpc/_adapter/_lonely_rear_link_test.py -> build/lib.macosx-11.0-arm64-cpython-310/grpc/_adapter
2022-12-27T03:20:30.6433400Z   copying grpc/_adapter/_face_test_case.py -> build/lib.macosx-11.0-arm64-cpython-310/grpc/_adapter
2022-12-27T03:20:30.6444920Z   copying grpc/_adapter/_future_invocation_asynchronous_event_service_test.py -> build/lib.macosx-11.0-arm64-cpython-310/grpc/_adapter
2022-12-27T03:20:30.6448180Z   copying grpc/_adapter/_common.py -> build/lib.macosx-11.0-arm64-cpython-310/grpc/_adapter
2022-12-27T03:20:30.6451720Z   copying grpc/_adapter/__init__.py -> build/lib.macosx-11.0-arm64-cpython-310/grpc/_adapter
2022-12-27T03:20:30.6454040Z   copying grpc/_adapter/_low.py -> build/lib.macosx-11.0-arm64-cpython-310/grpc/_adapter
2022-12-27T03:20:30.6457070Z   copying grpc/_adapter/_blocking_invocation_inline_service_test.py -> build/lib.macosx-11.0-arm64-cpython-310/grpc/_adapter
2022-12-27T03:20:30.6465380Z   copying grpc/_adapter/_test_links.py -> build/lib.macosx-11.0-arm64-cpython-310/grpc/_adapter
2022-12-27T03:20:30.6468440Z   copying grpc/_adapter/rear.py -> build/lib.macosx-11.0-arm64-cpython-310/grpc/_adapter
2022-12-27T03:20:30.6470760Z   copying grpc/_adapter/_proto_scenarios.py -> build/lib.macosx-11.0-arm64-cpython-310/grpc/_adapter
2022-12-27T03:20:30.6473430Z   copying grpc/_adapter/_low_test.py -> build/lib.macosx-11.0-arm64-cpython-310/grpc/_adapter
2022-12-27T03:20:30.6479220Z   copying grpc/_adapter/_datatypes.py -> build/lib.macosx-11.0-arm64-cpython-310/grpc/_adapter
2022-12-27T03:20:30.6483390Z   copying grpc/_adapter/_links_test.py -> build/lib.macosx-11.0-arm64-cpython-310/grpc/_adapter
2022-12-27T03:20:30.6491680Z   copying grpc/_adapter/_c_test.py -> build/lib.macosx-11.0-arm64-cpython-310/grpc/_adapter
2022-12-27T03:20:30.6496450Z   creating build/lib.macosx-11.0-arm64-cpython-310/grpc/_junkdrawer
2022-12-27T03:20:30.6498990Z   copying grpc/_junkdrawer/stock_pb2.py -> build/lib.macosx-11.0-arm64-cpython-310/grpc/_junkdrawer
2022-12-27T03:20:30.6508370Z   copying grpc/_junkdrawer/__init__.py -> build/lib.macosx-11.0-arm64-cpython-310/grpc/_junkdrawer
2022-12-27T03:20:30.6510910Z   copying grpc/_junkdrawer/math_pb2.py -> build/lib.macosx-11.0-arm64-cpython-310/grpc/_junkdrawer
2022-12-27T03:20:30.6518720Z   creating build/lib.macosx-11.0-arm64-cpython-310/grpc/early_adopter
2022-12-27T03:20:30.6520580Z   copying grpc/early_adopter/__init__.py -> build/lib.macosx-11.0-arm64-cpython-310/grpc/early_adopter
2022-12-27T03:20:30.6528010Z   copying grpc/early_adopter/implementations_test.py -> build/lib.macosx-11.0-arm64-cpython-310/grpc/early_adopter
2022-12-27T03:20:30.6531390Z   copying grpc/early_adopter/implementations.py -> build/lib.macosx-11.0-arm64-cpython-310/grpc/early_adopter
2022-12-27T03:20:30.6538870Z   creating build/lib.macosx-11.0-arm64-cpython-310/grpc/framework
2022-12-27T03:20:30.6540910Z   copying grpc/framework/__init__.py -> build/lib.macosx-11.0-arm64-cpython-310/grpc/framework
2022-12-27T03:20:30.6551550Z   creating build/lib.macosx-11.0-arm64-cpython-310/grpc/framework/alpha
2022-12-27T03:20:30.6553800Z   copying grpc/framework/alpha/interfaces.py -> build/lib.macosx-11.0-arm64-cpython-310/grpc/framework/alpha
2022-12-27T03:20:30.6558030Z   copying grpc/framework/alpha/_face_utilities.py -> build/lib.macosx-11.0-arm64-cpython-310/grpc/framework/alpha
2022-12-27T03:20:30.6563290Z   copying grpc/framework/alpha/__init__.py -> build/lib.macosx-11.0-arm64-cpython-310/grpc/framework/alpha
2022-12-27T03:20:30.6567940Z   copying grpc/framework/alpha/exceptions.py -> build/lib.macosx-11.0-arm64-cpython-310/grpc/framework/alpha
2022-12-27T03:20:30.6572920Z   copying grpc/framework/alpha/_reexport.py -> build/lib.macosx-11.0-arm64-cpython-310/grpc/framework/alpha
2022-12-27T03:20:30.6578540Z   copying grpc/framework/alpha/utilities.py -> build/lib.macosx-11.0-arm64-cpython-310/grpc/framework/alpha
2022-12-27T03:20:30.6597500Z   creating build/lib.macosx-11.0-arm64-cpython-310/grpc/framework/base
2022-12-27T03:20:30.6598870Z   copying grpc/framework/base/interfaces.py -> build/lib.macosx-11.0-arm64-cpython-310/grpc/framework/base
2022-12-27T03:20:30.6605410Z   copying grpc/framework/base/_constants.py -> build/lib.macosx-11.0-arm64-cpython-310/grpc/framework/base
2022-12-27T03:20:30.6613970Z   copying grpc/framework/base/_expiration.py -> build/lib.macosx-11.0-arm64-cpython-310/grpc/framework/base
2022-12-27T03:20:30.6618260Z   copying grpc/framework/base/_transmission.py -> build/lib.macosx-11.0-arm64-cpython-310/grpc/framework/base
2022-12-27T03:20:30.6620090Z   copying grpc/framework/base/_reception.py -> build/lib.macosx-11.0-arm64-cpython-310/grpc/framework/base
2022-12-27T03:20:30.6625090Z   copying grpc/framework/base/_ingestion.py -> build/lib.macosx-11.0-arm64-cpython-310/grpc/framework/base
2022-12-27T03:20:30.6630670Z   copying grpc/framework/base/util.py -> build/lib.macosx-11.0-arm64-cpython-310/grpc/framework/base
2022-12-27T03:20:30.6634140Z   copying grpc/framework/base/_termination.py -> build/lib.macosx-11.0-arm64-cpython-310/grpc/framework/base
2022-12-27T03:20:30.6639320Z   copying grpc/framework/base/null.py -> build/lib.macosx-11.0-arm64-cpython-310/grpc/framework/base
2022-12-27T03:20:30.6643200Z   copying grpc/framework/base/__init__.py -> build/lib.macosx-11.0-arm64-cpython-310/grpc/framework/base
2022-12-27T03:20:30.6647810Z   copying grpc/framework/base/_interfaces.py -> build/lib.macosx-11.0-arm64-cpython-310/grpc/framework/base
2022-12-27T03:20:30.6653300Z   copying grpc/framework/base/_context.py -> build/lib.macosx-11.0-arm64-cpython-310/grpc/framework/base
2022-12-27T03:20:30.6657630Z   copying grpc/framework/base/implementations_test.py -> build/lib.macosx-11.0-arm64-cpython-310/grpc/framework/base
2022-12-27T03:20:30.6660800Z   copying grpc/framework/base/interfaces_test_case.py -> build/lib.macosx-11.0-arm64-cpython-310/grpc/framework/base
2022-12-27T03:20:30.6665840Z   copying grpc/framework/base/exceptions.py -> build/lib.macosx-11.0-arm64-cpython-310/grpc/framework/base
2022-12-27T03:20:30.6670250Z   copying grpc/framework/base/_ends.py -> build/lib.macosx-11.0-arm64-cpython-310/grpc/framework/base
2022-12-27T03:20:30.6677610Z   copying grpc/framework/base/_emission.py -> build/lib.macosx-11.0-arm64-cpython-310/grpc/framework/base
2022-12-27T03:20:30.6683170Z   copying grpc/framework/base/implementations.py -> build/lib.macosx-11.0-arm64-cpython-310/grpc/framework/base
2022-12-27T03:20:30.6687630Z   copying grpc/framework/base/in_memory.py -> build/lib.macosx-11.0-arm64-cpython-310/grpc/framework/base
2022-12-27T03:20:30.6690480Z   copying grpc/framework/base/_cancellation.py -> build/lib.macosx-11.0-arm64-cpython-310/grpc/framework/base
2022-12-27T03:20:30.6697730Z   creating build/lib.macosx-11.0-arm64-cpython-310/grpc/framework/common
2022-12-27T03:20:30.6699650Z   copying grpc/framework/common/style.py -> build/lib.macosx-11.0-arm64-cpython-310/grpc/framework/common
2022-12-27T03:20:30.6708300Z   copying grpc/framework/common/cardinality.py -> build/lib.macosx-11.0-arm64-cpython-310/grpc/framework/common
2022-12-27T03:20:30.6712790Z   copying grpc/framework/common/__init__.py -> build/lib.macosx-11.0-arm64-cpython-310/grpc/framework/common
2022-12-27T03:20:30.6727510Z   creating build/lib.macosx-11.0-arm64-cpython-310/grpc/framework/face
2022-12-27T03:20:30.6731730Z   copying grpc/framework/face/_service.py -> build/lib.macosx-11.0-arm64-cpython-310/grpc/framework/face
2022-12-27T03:20:30.6735200Z   copying grpc/framework/face/interfaces.py -> build/lib.macosx-11.0-arm64-cpython-310/grpc/framework/face
2022-12-27T03:20:30.6740170Z   copying grpc/framework/face/_control.py -> build/lib.macosx-11.0-arm64-cpython-310/grpc/framework/face
2022-12-27T03:20:30.6745520Z   copying grpc/framework/face/blocking_invocation_inline_service_test.py -> build/lib.macosx-11.0-arm64-cpython-310/grpc/framework/face
2022-12-27T03:20:30.6753000Z   copying grpc/framework/face/__init__.py -> build/lib.macosx-11.0-arm64-cpython-310/grpc/framework/face
2022-12-27T03:20:30.6756330Z   copying grpc/framework/face/demonstration.py -> build/lib.macosx-11.0-arm64-cpython-310/grpc/framework/face
2022-12-27T03:20:30.6762090Z   copying grpc/framework/face/_calls.py -> build/lib.macosx-11.0-arm64-cpython-310/grpc/framework/face
2022-12-27T03:20:30.6766440Z   copying grpc/framework/face/exceptions.py -> build/lib.macosx-11.0-arm64-cpython-310/grpc/framework/face
2022-12-27T03:20:30.6771630Z   copying grpc/framework/face/utilities.py -> build/lib.macosx-11.0-arm64-cpython-310/grpc/framework/face
2022-12-27T03:20:30.6776590Z   copying grpc/framework/face/event_invocation_synchronous_event_service_test.py -> build/lib.macosx-11.0-arm64-cpython-310/grpc/framework/face
2022-12-27T03:20:30.6780760Z   copying grpc/framework/face/_test_case.py -> build/lib.macosx-11.0-arm64-cpython-310/grpc/framework/face
2022-12-27T03:20:30.6786780Z   copying grpc/framework/face/implementations.py -> build/lib.macosx-11.0-arm64-cpython-310/grpc/framework/face
2022-12-27T03:20:30.6791800Z   copying grpc/framework/face/future_invocation_asynchronous_event_service_test.py -> build/lib.macosx-11.0-arm64-cpython-310/grpc/framework/face
2022-12-27T03:20:30.6805320Z   creating build/lib.macosx-11.0-arm64-cpython-310/grpc/framework/face/testing
2022-12-27T03:20:30.6807850Z   copying grpc/framework/face/testing/callback.py -> build/lib.macosx-11.0-arm64-cpython-310/grpc/framework/face/testing
2022-12-27T03:20:30.6813290Z   copying grpc/framework/face/testing/digest.py -> build/lib.macosx-11.0-arm64-cpython-310/grpc/framework/face/testing
2022-12-27T03:20:30.6821380Z   copying grpc/framework/face/testing/interfaces.py -> build/lib.macosx-11.0-arm64-cpython-310/grpc/framework/face/testing
2022-12-27T03:20:30.6824350Z   copying grpc/framework/face/testing/stock_service.py -> build/lib.macosx-11.0-arm64-cpython-310/grpc/framework/face/testing
2022-12-27T03:20:30.6829990Z   copying grpc/framework/face/testing/service.py -> build/lib.macosx-11.0-arm64-cpython-310/grpc/framework/face/testing
2022-12-27T03:20:30.6834670Z   copying grpc/framework/face/testing/blocking_invocation_inline_service_test_case.py -> build/lib.macosx-11.0-arm64-cpython-310/grpc/framework/face/testing
2022-12-27T03:20:30.6840070Z   copying grpc/framework/face/testing/base_util.py -> build/lib.macosx-11.0-arm64-cpython-310/grpc/framework/face/testing
2022-12-27T03:20:30.6844030Z   copying grpc/framework/face/testing/control.py -> build/lib.macosx-11.0-arm64-cpython-310/grpc/framework/face/testing
2022-12-27T03:20:30.6851370Z   copying grpc/framework/face/testing/__init__.py -> build/lib.macosx-11.0-arm64-cpython-310/grpc/framework/face/testing
2022-12-27T03:20:30.6855110Z   copying grpc/framework/face/testing/coverage.py -> build/lib.macosx-11.0-arm64-cpython-310/grpc/framework/face/testing
2022-12-27T03:20:30.6862200Z   copying grpc/framework/face/testing/event_invocation_synchronous_event_service_test_case.py -> build/lib.macosx-11.0-arm64-cpython-310/grpc/framework/face/testing
2022-12-27T03:20:30.6867380Z   copying grpc/framework/face/testing/test_case.py -> build/lib.macosx-11.0-arm64-cpython-310/grpc/framework/face/testing
2022-12-27T03:20:30.6873190Z   copying grpc/framework/face/testing/serial.py -> build/lib.macosx-11.0-arm64-cpython-310/grpc/framework/face/testing
2022-12-27T03:20:30.6878130Z   copying grpc/framework/face/testing/future_invocation_asynchronous_event_service_test_case.py -> build/lib.macosx-11.0-arm64-cpython-310/grpc/framework/face/testing
2022-12-27T03:20:30.6890820Z   creating build/lib.macosx-11.0-arm64-cpython-310/grpc/framework/foundation
2022-12-27T03:20:30.6893020Z   copying grpc/framework/foundation/callable_util.py -> build/lib.macosx-11.0-arm64-cpython-310/grpc/framework/foundation
2022-12-27T03:20:30.6899950Z   copying grpc/framework/foundation/abandonment.py -> build/lib.macosx-11.0-arm64-cpython-310/grpc/framework/foundation
2022-12-27T03:20:30.6901850Z   copying grpc/framework/foundation/stream_testing.py -> build/lib.macosx-11.0-arm64-cpython-310/grpc/framework/foundation
2022-12-27T03:20:30.6908700Z   copying grpc/framework/foundation/__init__.py -> build/lib.macosx-11.0-arm64-cpython-310/grpc/framework/foundation
2022-12-27T03:20:30.6913100Z   copying grpc/framework/foundation/stream.py -> build/lib.macosx-11.0-arm64-cpython-310/grpc/framework/foundation
2022-12-27T03:20:30.6917850Z   copying grpc/framework/foundation/activated.py -> build/lib.macosx-11.0-arm64-cpython-310/grpc/framework/foundation
2022-12-27T03:20:30.6922090Z   copying grpc/framework/foundation/later.py -> build/lib.macosx-11.0-arm64-cpython-310/grpc/framework/foundation
2022-12-27T03:20:30.6927310Z   copying grpc/framework/foundation/_later_test.py -> build/lib.macosx-11.0-arm64-cpython-310/grpc/framework/foundation
2022-12-27T03:20:30.6930970Z   copying grpc/framework/foundation/_logging_pool_test.py -> build/lib.macosx-11.0-arm64-cpython-310/grpc/framework/foundation
2022-12-27T03:20:30.6939730Z   copying grpc/framework/foundation/stream_util.py -> build/lib.macosx-11.0-arm64-cpython-310/grpc/framework/foundation
2022-12-27T03:20:30.6944290Z   copying grpc/framework/foundation/future.py -> build/lib.macosx-11.0-arm64-cpython-310/grpc/framework/foundation
2022-12-27T03:20:30.6949880Z   copying grpc/framework/foundation/_timer_future.py -> build/lib.macosx-11.0-arm64-cpython-310/grpc/framework/foundation
2022-12-27T03:20:30.6955530Z   copying grpc/framework/foundation/logging_pool.py -> build/lib.macosx-11.0-arm64-cpython-310/grpc/framework/foundation
2022-12-27T03:20:30.7033820Z   running build_ext
2022-12-27T03:20:30.7057780Z   building 'grpc._adapter._c' extension
2022-12-27T03:20:30.7061300Z   creating build/temp.macosx-11.0-arm64-cpython-310
2022-12-27T03:20:30.7062720Z   creating build/temp.macosx-11.0-arm64-cpython-310/grpc
2022-12-27T03:20:30.7065610Z   creating build/temp.macosx-11.0-arm64-cpython-310/grpc/_adapter
2022-12-27T03:20:30.7072840Z   clang -Wno-unused-result -Wsign-compare -Wunreachable-code -fno-common -dynamic -DNDEBUG -g -fwrapv -O3 -Wall -g -I/usr/local/opt/openssl@3/include -I/usr/local/opt/openssl@3/include -arch arm64 -I. -I/private/var/folders/51/hd414ycd67n82196sw51xqtc0000gn/T/cibw-run-fspceozp/cp310-macosx_arm64/build/venv/include -I/Library/Frameworks/Python.framework/Versions/3.10/include/python3.10 -c grpc/_adapter/_c.c -o build/temp.macosx-11.0-arm64-cpython-310/grpc/_adapter/_c.o
2022-12-27T03:20:30.8271360Z   grpc/_adapter/_c.c:35:10: fatal error: 'grpc/grpc.h' file not found
2022-12-27T03:20:30.8273010Z   #include <grpc/grpc.h>
2022-12-27T03:20:30.8273680Z            ^~~~~~~~~~~~~
2022-12-27T03:20:30.8281770Z   1 error generated.
2022-12-27T03:20:30.8316040Z   error: command '/usr/bin/clang' failed with exit code 1
2022-12-27T03:20:30.8940680Z   error: subprocess-exited-with-error
2022-12-27T03:20:30.8941730Z   
2022-12-27T03:20:30.8942720Z   × python setup.py bdist_wheel did not run successfully.
2022-12-27T03:20:30.8943480Z   │ exit code: 1
2022-12-27T03:20:30.8944310Z   ╰─> See above for output.
2022-12-27T03:20:30.8945160Z   
2022-12-27T03:20:30.8945830Z   note: This error originates from a subprocess, and is likely not a problem with pip.
2022-12-27T03:20:30.8953940Z   full command: /private/var/folders/51/hd414ycd67n82196sw51xqtc0000gn/T/cibw-run-fspceozp/cp310-macosx_arm64/build/venv/bin/python -u -c '
2022-12-27T03:20:30.8954960Z   exec(compile('"'"''"'"''"'"'
2022-12-27T03:20:30.8955910Z   # This is <pip-setuptools-caller> -- a caller that pip uses to run setup.py
2022-12-27T03:20:30.8956820Z   #
2022-12-27T03:20:30.8957880Z   # - It imports setuptools before invoking setup.py, to enable projects that directly
2022-12-27T03:20:30.8958930Z   #   import from `distutils.core` to work with newer packaging standards.
2022-12-27T03:20:30.8960710Z   # - It provides a clear error message when setuptools is not installed.
2022-12-27T03:20:30.8962780Z   # - It sets `sys.argv[0]` to the underlying `setup.py`, when invoking `setup.py` so
2022-12-27T03:20:30.8963710Z   #   setuptools doesn'"'"'t think the script is `-c`. This avoids the following warning:
2022-12-27T03:20:30.8964550Z   #     manifest_maker: standard file '"'"'-c'"'"' not found".
2022-12-27T03:20:30.8965270Z   # - It generates a shim setup.py, for handling setup.cfg-only projects.
2022-12-27T03:20:30.8965930Z   import os, sys, tokenize
2022-12-27T03:20:30.8967380Z   
2022-12-27T03:20:30.8967800Z   try:
2022-12-27T03:20:30.9081100Z       import setuptools
2022-12-27T03:20:30.9081460Z   except ImportError as error:
2022-12-27T03:20:30.9081950Z       print(
2022-12-27T03:20:30.9082330Z           "ERROR: Can not execute `setup.py` since setuptools is not available in "
2022-12-27T03:20:30.9082930Z           "the build environment.",
2022-12-27T03:20:30.9083360Z           file=sys.stderr,
2022-12-27T03:20:30.9083950Z       )
2022-12-27T03:20:30.9084330Z       sys.exit(1)
2022-12-27T03:20:30.9084610Z   
2022-12-27T03:20:30.9085250Z   __file__ = %r
2022-12-27T03:20:30.9085690Z   sys.argv[0] = __file__
2022-12-27T03:20:30.9086000Z   
2022-12-27T03:20:30.9086260Z   if os.path.exists(__file__):
2022-12-27T03:20:30.9086610Z       filename = __file__
2022-12-27T03:20:30.9086950Z       with tokenize.open(__file__) as f:
2022-12-27T03:20:30.9087310Z           setup_py_code = f.read()
2022-12-27T03:20:30.9087580Z   else:
2022-12-27T03:20:30.9088160Z       filename = "<auto-generated setuptools caller>"
2022-12-27T03:20:30.9088590Z       setup_py_code = "from setuptools import setup; setup()"
2022-12-27T03:20:30.9088860Z   
2022-12-27T03:20:30.9089210Z   exec(compile(setup_py_code, filename, "exec"))
2022-12-27T03:20:30.9090310Z   '"'"''"'"''"'"' % ('"'"'/Users/runner/actions-runner/_work/python.build/python.build/build_grpcio040a7310/grpcio-0.4.0a7/setup.py'"'"',), "<pip-setuptools-caller>", "exec"))' bdist_wheel -d /private/var/folders/51/hd414ycd67n82196sw51xqtc0000gn/T/pip-wheel-peoknkrp
2022-12-27T03:20:30.9091280Z   cwd: /Users/runner/actions-runner/_work/python.build/python.build/build_grpcio040a7310/grpcio-0.4.0a7/
2022-12-27T03:20:30.9091770Z   Building wheel for grpcio (setup.py): finished with status 'error'
2022-12-27T03:20:30.9092220Z   ERROR: Failed building wheel for grpcio
2022-12-27T03:20:30.9092530Z   Running command python setup.py clean
2022-12-27T03:20:30.9092830Z   Running setup.py clean for grpcio
2022-12-27T03:20:31.1504280Z   running clean
2022-12-27T03:20:31.1521980Z   removing 'build/temp.macosx-11.0-arm64-cpython-310' (and everything under it)
2022-12-27T03:20:31.1529610Z   removing 'build/lib.macosx-11.0-arm64-cpython-310' (and everything under it)
2022-12-27T03:20:31.1681770Z   'build/bdist.macosx-11.0-arm64' does not exist -- can't clean it
2022-12-27T03:20:31.1685600Z   'build/scripts-3.10' does not exist -- can't clean it
2022-12-27T03:20:31.1688500Z   removing 'build'
2022-12-27T03:20:31.2156020Z Failed to build grpcio
2022-12-27T03:20:31.2160040Z ERROR: Failed to build one or more wheels
2022-12-27T03:20:31.2175340Z Exception information:
2022-12-27T03:20:31.2176230Z Traceback (most recent call last):
2022-12-27T03:20:31.2192690Z   File "/private/var/folders/51/hd414ycd67n82196sw51xqtc0000gn/T/cibw-run-fspceozp/cp310-macosx_arm64/build/venv/lib/python3.10/site-packages/pip/_internal/cli/base_command.py", line 160, in exc_logging_wrapper
2022-12-27T03:20:31.2193280Z     status = run_func(*args)
2022-12-27T03:20:31.2194160Z   File "/private/var/folders/51/hd414ycd67n82196sw51xqtc0000gn/T/cibw-run-fspceozp/cp310-macosx_arm64/build/venv/lib/python3.10/site-packages/pip/_internal/cli/req_command.py", line 247, in wrapper
2022-12-27T03:20:31.2194740Z     return func(self, options, args)
2022-12-27T03:20:31.2195550Z   File "/private/var/folders/51/hd414ycd67n82196sw51xqtc0000gn/T/cibw-run-fspceozp/cp310-macosx_arm64/build/venv/lib/python3.10/site-packages/pip/_internal/commands/wheel.py", line 201, in run
2022-12-27T03:20:31.2196150Z     raise CommandError("Failed to build one or more wheels")
2022-12-27T03:20:31.2196530Z pip._internal.exceptions.CommandError: Failed to build one or more wheels
2022-12-27T03:20:31.2197140Z Removed build tracker: '/private/var/folders/51/hd414ycd67n82196sw51xqtc0000gn/T/pip-build-tracker-kjkmoqdg'
2022-12-27T03:20:31.3177870Z ##[endgroup]
2022-12-27T03:20:31.3214290Z ##[error]Command ['python', '-m', 'pip', 'wheel', '/Users/runner/actions-runner/_work/python.build/python.build/build_grpcio040a7310/grpcio-0.4.0a7', '--wheel-dir=/private/var/folders/51/hd414ycd67n82196sw51xqtc0000gn/T/cibw-run-fspceozp/cp310-macosx_arm64/built_wheel', '--no-deps', '-vvv'] failed with code 1. None
2022-12-27T03:20:31.3224660Z 
2022-12-27T03:20:31.3225070Z                                                               [31m✕ [0m2.00s
2022-12-27T03:20:31.4056540Z ##[error]Process completed with exit code 1.
2022-12-27T03:20:31.4111390Z ##[group]Run rm -rf build_grpcio040a7310 wheelsout
2022-12-27T03:20:31.4111770Z [36;1mrm -rf build_grpcio040a7310 wheelsout[0m
2022-12-27T03:20:31.4138850Z shell: /bin/bash -e {0}
2022-12-27T03:20:31.4139130Z env:
2022-12-27T03:20:31.4139490Z   pythonLocation: /Users/runner/hostedtoolcache/Python/3.10.9/x64
2022-12-27T03:20:31.4139970Z   PKG_CONFIG_PATH: /Users/runner/hostedtoolcache/Python/3.10.9/x64/lib/pkgconfig
2022-12-27T03:20:31.4140410Z   Python_ROOT_DIR: /Users/runner/hostedtoolcache/Python/3.10.9/x64
2022-12-27T03:20:31.4140830Z   Python2_ROOT_DIR: /Users/runner/hostedtoolcache/Python/3.10.9/x64
2022-12-27T03:20:31.4141210Z   Python3_ROOT_DIR: /Users/runner/hostedtoolcache/Python/3.10.9/x64
2022-12-27T03:20:31.4141570Z ##[endgroup]
2022-12-27T03:20:31.4613230Z Cleaning up orphan processes
