2022-12-27T01:56:02.0056697Z Requested labels: self-hosted, macOS, X64
2022-12-27T01:56:02.0056777Z Job defined at: kilnbuild/python.build/.github/workflows/mac_arm_build.yml@refs/heads/main
2022-12-27T01:56:02.0056809Z Waiting for a runner to pick up this job...
2022-12-27T02:27:09.9412429Z Job is about to start running on the runner: k1 (organization)
2022-12-27T02:27:14.2665420Z Current runner version: '2.300.2'
2022-12-27T02:27:14.2670350Z Runner name: 'k1'
2022-12-27T02:27:14.2670600Z Runner group name: 'Default'
2022-12-27T02:27:14.2671060Z Machine name: 'k1'
2022-12-27T02:27:14.2672550Z ##[group]GITHUB_TOKEN Permissions
2022-12-27T02:27:14.2672980Z Actions: write
2022-12-27T02:27:14.2673120Z Checks: write
2022-12-27T02:27:14.2673250Z Contents: write
2022-12-27T02:27:14.2673390Z Deployments: write
2022-12-27T02:27:14.2673540Z Discussions: write
2022-12-27T02:27:14.2673670Z Issues: write
2022-12-27T02:27:14.2673810Z Metadata: read
2022-12-27T02:27:14.2673940Z Packages: write
2022-12-27T02:27:14.2674080Z Pages: write
2022-12-27T02:27:14.2674220Z PullRequests: write
2022-12-27T02:27:14.2674390Z RepositoryProjects: write
2022-12-27T02:27:14.2674550Z SecurityEvents: write
2022-12-27T02:27:14.2674700Z Statuses: write
2022-12-27T02:27:14.2674830Z ##[endgroup]
2022-12-27T02:27:14.2677380Z Secret source: Actions
2022-12-27T02:27:14.2677700Z Prepare workflow directory
2022-12-27T02:27:14.3350220Z Prepare all required actions
2022-12-27T02:27:14.3474250Z Getting action download info
2022-12-27T02:27:14.7619670Z Download action repository 'actions/setup-python@v4' (SHA:5ccb29d8773c3f3f653e1705f474dfaa8a06a912)
2022-12-27T02:27:18.0619630Z Download action repository 'actions/upload-artifact@v3' (SHA:83fd05a356d7e2593de66fc9913b3002723633cb)
2022-12-27T02:27:19.9704980Z ##[group]Run echo '{
2022-12-27T02:27:19.9705210Z [36;1mecho '{[0m
2022-12-27T02:27:19.9705390Z [36;1m  "environment_variables": "GRPC_PYTHON_BUILD_WITH_CYTHON=1 GRPC_BUILD_WITH_BORING_SSL_ASM='' GRPC_PYTHON_BUILD_SYSTEM_OPENSSL=TRUE",[0m
2022-12-27T02:27:19.9705580Z [36;1m  "package_name": "grpcio",[0m
2022-12-27T02:27:19.9705820Z [36;1m  "package_url": "https://files.pythonhosted.org/packages/98/a7/ed04cac8175cbec56cf08da37b54a3d482021dc5a8fc180308e50c4a604c/grpcio-1.9.0.tar.gz",[0m
2022-12-27T02:27:19.9706030Z [36;1m  "package_version": "1.9.0",[0m
2022-12-27T02:27:19.9706150Z [36;1m  "python_version": "3.8",[0m
2022-12-27T02:27:19.9706260Z [36;1m  "use_ccache": "true"[0m
2022-12-27T02:27:19.9706400Z [36;1m}'[0m
2022-12-27T02:27:19.9721460Z shell: /bin/bash -e {0}
2022-12-27T02:27:19.9721630Z ##[endgroup]
2022-12-27T02:27:19.9929090Z {
2022-12-27T02:27:19.9930690Z   "environment_variables": "GRPC_PYTHON_BUILD_WITH_CYTHON=1 GRPC_BUILD_WITH_BORING_SSL_ASM= GRPC_PYTHON_BUILD_SYSTEM_OPENSSL=TRUE",
2022-12-27T02:27:19.9930970Z   "package_name": "grpcio",
2022-12-27T02:27:19.9931630Z   "package_url": "https://files.pythonhosted.org/packages/98/a7/ed04cac8175cbec56cf08da37b54a3d482021dc5a8fc180308e50c4a604c/grpcio-1.9.0.tar.gz",
2022-12-27T02:27:19.9931910Z   "package_version": "1.9.0",
2022-12-27T02:27:19.9932050Z   "python_version": "3.8",
2022-12-27T02:27:19.9932210Z   "use_ccache": "true"
2022-12-27T02:27:19.9932370Z }
2022-12-27T02:27:20.0132110Z ##[group]Run actions/setup-python@v4
2022-12-27T02:27:20.0132410Z with:
2022-12-27T02:27:20.0132550Z   python-version: 3.8
2022-12-27T02:27:20.0132730Z   check-latest: false
2022-12-27T02:27:20.0133030Z   token: ***
2022-12-27T02:27:20.0133250Z   update-environment: true
2022-12-27T02:27:20.0133390Z ##[endgroup]
2022-12-27T02:27:20.1330310Z ##[group]Installed versions
2022-12-27T02:27:20.1437060Z Successfully set up CPython (3.8.15)
2022-12-27T02:27:20.1437730Z ##[endgroup]
2022-12-27T02:27:20.1576500Z ##[group]Run if [ "true" == "true" ]
2022-12-27T02:27:20.1576750Z [36;1mif [ "true" == "true" ][0m
2022-12-27T02:27:20.1577000Z [36;1mthen[0m
2022-12-27T02:27:20.1577220Z [36;1m  echo "CCACHE_PATH_PREPEND=/usr/local/opt/ccache/libexec" >> $GITHUB_OUTPUT[0m
2022-12-27T02:27:20.1577450Z [36;1melse[0m
2022-12-27T02:27:20.1577630Z [36;1m  echo "CCACHE_PATH_PREPEND=" >> $GITHUB_OUTPUT[0m
2022-12-27T02:27:20.1577880Z [36;1mfi[0m
2022-12-27T02:27:20.1593640Z shell: /bin/bash -e {0}
2022-12-27T02:27:20.1593830Z env:
2022-12-27T02:27:20.1594040Z   pythonLocation: /Users/runner/hostedtoolcache/Python/3.8.15/x64
2022-12-27T02:27:20.1594340Z   PKG_CONFIG_PATH: /Users/runner/hostedtoolcache/Python/3.8.15/x64/lib/pkgconfig
2022-12-27T02:27:20.1594970Z   Python_ROOT_DIR: /Users/runner/hostedtoolcache/Python/3.8.15/x64
2022-12-27T02:27:20.1595190Z   Python2_ROOT_DIR: /Users/runner/hostedtoolcache/Python/3.8.15/x64
2022-12-27T02:27:20.1595440Z   Python3_ROOT_DIR: /Users/runner/hostedtoolcache/Python/3.8.15/x64
2022-12-27T02:27:20.1595750Z ##[endgroup]
2022-12-27T02:27:20.1699540Z ##[group]Run echo "BUILD_NAME=$(echo grpcio_1.9.0_3.8 | tr -dc '[:alnum:]\n\r' | tr '[:upper:]' '[:lower:]')" >> $GITHUB_OUTPUT
2022-12-27T02:27:20.1700020Z [36;1mecho "BUILD_NAME=$(echo grpcio_1.9.0_3.8 | tr -dc '[:alnum:]\n\r' | tr '[:upper:]' '[:lower:]')" >> $GITHUB_OUTPUT[0m
2022-12-27T02:27:20.1713120Z shell: /bin/bash -e {0}
2022-12-27T02:27:20.1713270Z env:
2022-12-27T02:27:20.1713550Z   pythonLocation: /Users/runner/hostedtoolcache/Python/3.8.15/x64
2022-12-27T02:27:20.1713800Z   PKG_CONFIG_PATH: /Users/runner/hostedtoolcache/Python/3.8.15/x64/lib/pkgconfig
2022-12-27T02:27:20.1714050Z   Python_ROOT_DIR: /Users/runner/hostedtoolcache/Python/3.8.15/x64
2022-12-27T02:27:20.1714280Z   Python2_ROOT_DIR: /Users/runner/hostedtoolcache/Python/3.8.15/x64
2022-12-27T02:27:20.1714500Z   Python3_ROOT_DIR: /Users/runner/hostedtoolcache/Python/3.8.15/x64
2022-12-27T02:27:20.1714750Z ##[endgroup]
2022-12-27T02:27:20.1857430Z ##[group]Run echo "PYTHON_NO_DOTS=$(echo 3.8 | tr -dc '[:alnum:]\n\r' | tr '[:upper:]' '[:lower:]')" >> $GITHUB_OUTPUT
2022-12-27T02:27:20.1857800Z [36;1mecho "PYTHON_NO_DOTS=$(echo 3.8 | tr -dc '[:alnum:]\n\r' | tr '[:upper:]' '[:lower:]')" >> $GITHUB_OUTPUT[0m
2022-12-27T02:27:20.1870750Z shell: /bin/bash -e {0}
2022-12-27T02:27:20.1870930Z env:
2022-12-27T02:27:20.1871130Z   pythonLocation: /Users/runner/hostedtoolcache/Python/3.8.15/x64
2022-12-27T02:27:20.1871370Z   PKG_CONFIG_PATH: /Users/runner/hostedtoolcache/Python/3.8.15/x64/lib/pkgconfig
2022-12-27T02:27:20.1871950Z   Python_ROOT_DIR: /Users/runner/hostedtoolcache/Python/3.8.15/x64
2022-12-27T02:27:20.1872170Z   Python2_ROOT_DIR: /Users/runner/hostedtoolcache/Python/3.8.15/x64
2022-12-27T02:27:20.1872450Z   Python3_ROOT_DIR: /Users/runner/hostedtoolcache/Python/3.8.15/x64
2022-12-27T02:27:20.1872640Z ##[endgroup]
2022-12-27T02:27:20.1976870Z ##[group]Run rm -rf build_grpcio19038
2022-12-27T02:27:20.1977220Z [36;1mrm -rf build_grpcio19038[0m
2022-12-27T02:27:20.1977430Z [36;1mmkdir build_grpcio19038[0m
2022-12-27T02:27:20.1977600Z [36;1mcd build_grpcio19038[0m
2022-12-27T02:27:20.1977880Z [36;1m/usr/local/bin/wget --quiet https://files.pythonhosted.org/packages/98/a7/ed04cac8175cbec56cf08da37b54a3d482021dc5a8fc180308e50c4a604c/grpcio-1.9.0.tar.gz[0m
2022-12-27T02:27:20.1978190Z [36;1mtar xf *.tar.gz[0m
2022-12-27T02:27:20.1978330Z [36;1mcd grpcio-*/[0m
2022-12-27T02:27:20.1978510Z [36;1mpython -m pip install cibuildwheel==2.11.3[0m
2022-12-27T02:27:20.1978710Z [36;1mpython -m cibuildwheel --output-dir ../wheelsout[0m
2022-12-27T02:27:20.1991830Z shell: /bin/bash -e {0}
2022-12-27T02:27:20.1992020Z env:
2022-12-27T02:27:20.1992230Z   pythonLocation: /Users/runner/hostedtoolcache/Python/3.8.15/x64
2022-12-27T02:27:20.1992500Z   PKG_CONFIG_PATH: /Users/runner/hostedtoolcache/Python/3.8.15/x64/lib/pkgconfig
2022-12-27T02:27:20.1992760Z   Python_ROOT_DIR: /Users/runner/hostedtoolcache/Python/3.8.15/x64
2022-12-27T02:27:20.1992960Z   Python2_ROOT_DIR: /Users/runner/hostedtoolcache/Python/3.8.15/x64
2022-12-27T02:27:20.1993170Z   Python3_ROOT_DIR: /Users/runner/hostedtoolcache/Python/3.8.15/x64
2022-12-27T02:27:20.1993360Z   CIBW_ARCHS_MACOS: arm64
2022-12-27T02:27:20.1993490Z   CIBW_TEST_SKIP: *_arm64
2022-12-27T02:27:20.1993730Z   CIBW_BUILD: cp38-macosx_arm64
2022-12-27T02:27:20.1993980Z   CIBW_BUILD_FRONTEND: pip
2022-12-27T02:27:20.1994120Z   CIBW_BUILD_VERBOSITY: 3
2022-12-27T02:27:20.1994470Z   CIBW_ENVIRONMENT_MACOS: GRPC_PYTHON_BUILD_WITH_CYTHON=1 GRPC_BUILD_WITH_BORING_SSL_ASM='' GRPC_PYTHON_BUILD_SYSTEM_OPENSSL=TRUE CFLAGS="-I/usr/local/opt/openssl@3/include" LDFLAGS="-L/usr/local/opt/openssl@3/lib" CPPFLAGS="-I/usr/local/opt/openssl@3/include" MAKEFLAGS="-j$(sysctl -n hw.logicalcpu)" PATH=/usr/local/opt/ccache/libexec:$PATH
2022-12-27T02:27:20.1995080Z   CIBW_BEFORE_BUILD: pip install Cython; if [[ -f requirements.txt ]]; then pip install -r requirements.txt; fi
2022-12-27T02:27:20.1995340Z   MAKEFLAGS: -j$(sysctl -n hw.logicalcpu)
2022-12-27T02:27:20.1995510Z ##[endgroup]
2022-12-27T02:27:21.8507040Z Requirement already satisfied: cibuildwheel==2.11.3 in /Users/runner/hostedtoolcache/Python/3.8.15/x64/lib/python3.8/site-packages (2.11.3)
2022-12-27T02:27:21.8843730Z Requirement already satisfied: bashlex!=0.13 in /Users/runner/hostedtoolcache/Python/3.8.15/x64/lib/python3.8/site-packages (from cibuildwheel==2.11.3) (0.16)
2022-12-27T02:27:21.8848980Z Requirement already satisfied: packaging>=20.9 in /Users/runner/hostedtoolcache/Python/3.8.15/x64/lib/python3.8/site-packages (from cibuildwheel==2.11.3) (22.0)
2022-12-27T02:27:21.8851390Z Requirement already satisfied: certifi in /Users/runner/hostedtoolcache/Python/3.8.15/x64/lib/python3.8/site-packages (from cibuildwheel==2.11.3) (2022.12.7)
2022-12-27T02:27:21.8861170Z Requirement already satisfied: typing-extensions>=4.1.0 in /Users/runner/hostedtoolcache/Python/3.8.15/x64/lib/python3.8/site-packages (from cibuildwheel==2.11.3) (4.4.0)
2022-12-27T02:27:21.8864670Z Requirement already satisfied: filelock in /Users/runner/hostedtoolcache/Python/3.8.15/x64/lib/python3.8/site-packages (from cibuildwheel==2.11.3) (3.8.2)
2022-12-27T02:27:21.8867960Z Requirement already satisfied: bracex in /Users/runner/hostedtoolcache/Python/3.8.15/x64/lib/python3.8/site-packages (from cibuildwheel==2.11.3) (2.3.post1)
2022-12-27T02:27:21.8871190Z Requirement already satisfied: platformdirs in /Users/runner/hostedtoolcache/Python/3.8.15/x64/lib/python3.8/site-packages (from cibuildwheel==2.11.3) (2.6.0)
2022-12-27T02:27:21.8876910Z Requirement already satisfied: tomli in /Users/runner/hostedtoolcache/Python/3.8.15/x64/lib/python3.8/site-packages (from cibuildwheel==2.11.3) (2.0.1)
2022-12-27T02:27:22.0640590Z 
2022-12-27T02:27:22.0641090Z      _ _       _ _   _       _           _
2022-12-27T02:27:22.0642220Z  ___|_| |_ _ _|_| |_| |_ _ _| |_ ___ ___| |
2022-12-27T02:27:22.0643510Z |  _| | . | | | | | . | | | |   | -_| -_| |
2022-12-27T02:27:22.0643910Z |___|_|___|___|_|_|___|_____|_|_|___|___|_|
2022-12-27T02:27:22.0644050Z 
2022-12-27T02:27:22.0644130Z cibuildwheel version 2.11.3
2022-12-27T02:27:22.0644280Z 
2022-12-27T02:27:22.0644410Z Build options:
2022-12-27T02:27:22.0644730Z   platform: macos
2022-12-27T02:27:22.0816550Z   architectures: arm64[0m
2022-12-27T02:27:22.0817020Z   build_selector: 
2022-12-27T02:27:22.0817600Z     build_config: cp38-macosx_arm64
2022-12-27T02:27:22.0818180Z     skip_config: 
2022-12-27T02:27:22.0818930Z     requires_python: None
2022-12-27T02:27:22.0819610Z     prerelease_pythons: False[0m
2022-12-27T02:27:22.0820080Z   [38;5;244mcontainer_engine: docker[0m
2022-12-27T02:27:22.0820730Z   output_dir: /Users/runner/actions-runner/_work/python.build/python.build/build_grpcio19038/wheelsout[0m
2022-12-27T02:27:22.0821380Z   package_dir: /Users/runner/actions-runner/_work/python.build/python.build/build_grpcio19038/grpcio-1.9.0[0m
2022-12-27T02:27:22.0821750Z   test_selector: 
2022-12-27T02:27:22.0822070Z     skip_config: *_arm64[0m
2022-12-27T02:27:22.0822390Z   [38;5;244mbefore_all: [0m
2022-12-27T02:27:22.0822880Z   before_build: pip install Cython; if [[ -f requirements.txt ]]; then pip install -r requirements.txt; fi[0m
2022-12-27T02:27:22.0823280Z   [38;5;244mbefore_test: [0m
2022-12-27T02:27:22.0823530Z   [38;5;244mbuild_frontend: pip[0m
2022-12-27T02:27:22.0823820Z   build_verbosity: 3[0m
2022-12-27T02:27:22.0824150Z   [38;5;244mconfig_settings: [0m
2022-12-27T02:27:22.0824450Z   [38;5;244mdependency_constraints: pinned[0m
2022-12-27T02:27:22.0824700Z   environment: 
2022-12-27T02:27:22.0824950Z     GRPC_PYTHON_BUILD_WITH_CYTHON=1
2022-12-27T02:27:22.0825200Z     GRPC_BUILD_WITH_BORING_SSL_ASM=''
2022-12-27T02:27:22.0825510Z     GRPC_PYTHON_BUILD_SYSTEM_OPENSSL=TRUE
2022-12-27T02:27:22.0826170Z     CFLAGS="-I/usr/local/opt/openssl@3/include"
2022-12-27T02:27:22.0826470Z     LDFLAGS="-L/usr/local/opt/openssl@3/lib"
2022-12-27T02:27:22.0826810Z     CPPFLAGS="-I/usr/local/opt/openssl@3/include"
2022-12-27T02:27:22.0827150Z     MAKEFLAGS="-j$(sysctl -n hw.logicalcpu)"
2022-12-27T02:27:22.0827540Z     PATH=/usr/local/opt/ccache/libexec:$PATH[0m
2022-12-27T02:27:22.0827830Z   [38;5;244mmanylinux_images: None[0m
2022-12-27T02:27:22.0828130Z   [38;5;244mmusllinux_images: None[0m
2022-12-27T02:27:22.0828560Z   [38;5;244mrepair_command: delocate-wheel --require-archs {delocate_archs} -w {dest_dir} -v {wheel}[0m
2022-12-27T02:27:22.0828880Z   [38;5;244mtest_command: [0m
2022-12-27T02:27:22.0829200Z   [38;5;244mtest_extras: [0m
2022-12-27T02:27:22.0829490Z   [38;5;244mtest_requires: [0m
2022-12-27T02:27:22.0829610Z 
2022-12-27T02:27:22.0829690Z Cache folder: /Users/runner/Library/Caches/cibuildwheel
2022-12-27T02:27:22.0838500Z 
2022-12-27T02:27:22.0838840Z Here we go!
2022-12-27T02:27:22.0839010Z 
2022-12-27T02:27:22.0970160Z 
2022-12-27T02:27:22.0970580Z [1m[34mBuilding cp38-macosx_arm64 wheel[0m
2022-12-27T02:27:22.0971290Z CPython 3.8 macOS arm64 - Apple Silicon
2022-12-27T02:27:22.0971540Z 
2022-12-27T02:27:22.0974140Z ##[group]Installing Python cp38...
2022-12-27T02:27:22.0974390Z 
2022-12-27T02:27:22.0974960Z + pkgutil --pkgs
2022-12-27T02:27:22.1082760Z ##[endgroup]
2022-12-27T02:27:22.1083640Z                                                               [32m✓ [0m0.01s
2022-12-27T02:27:22.1084030Z ##[group]Setting up build environment...
2022-12-27T02:27:22.1084170Z 
2022-12-27T02:27:22.1103070Z + /Users/runner/hostedtoolcache/Python/3.8.15/x64/bin/python -sS /Users/runner/Library/Caches/cibuildwheel/virtualenv-20.17.0.pyz --activators= --no-periodic-update --pip=22.3.1 --setuptools=65.6.3 --wheel=0.38.4 --symlink-app-data --python /Library/Frameworks/Python.framework/Versions/3.8/bin/python3 /private/var/folders/51/hd414ycd67n82196sw51xqtc0000gn/T/cibw-run-tpvyw8td/cp38-macosx_arm64/build/venv
2022-12-27T02:27:22.3007070Z created virtual environment CPython3.8.10.final.0-64 in 52ms
2022-12-27T02:27:22.3008080Z   creator CPython3Posix(dest=/private/var/folders/51/hd414ycd67n82196sw51xqtc0000gn/T/cibw-run-tpvyw8td/cp38-macosx_arm64/build/venv, clear=False, no_vcs_ignore=False, global=False)
2022-12-27T02:27:22.3008630Z   seeder FromAppData(download=False, pip=22.3.1, setuptools=65.6.3, wheel=0.38.4, via=symlink, app_data_dir=/Users/runner/Library/Application Support/virtualenv)
2022-12-27T02:27:22.3008980Z     added seed packages: pip==22.3.1, setuptools==65.6.3, wheel==0.38.4
2022-12-27T02:27:22.3126160Z + python -m pip install --upgrade pip -c /Users/runner/hostedtoolcache/Python/3.8.15/x64/lib/python3.8/site-packages/cibuildwheel/resources/constraints-python38.txt
2022-12-27T02:27:22.6128060Z Requirement already satisfied: pip in ./lib/python3.8/site-packages (22.3.1)
2022-12-27T02:27:22.7470060Z + which pip
2022-12-27T02:27:22.7490370Z /private/var/folders/51/hd414ycd67n82196sw51xqtc0000gn/T/cibw-run-tpvyw8td/cp38-macosx_arm64/build/venv/bin/pip
2022-12-27T02:27:22.7493610Z + pip --version
2022-12-27T02:27:22.9710240Z pip 22.3.1 from /private/var/folders/51/hd414ycd67n82196sw51xqtc0000gn/T/cibw-run-tpvyw8td/cp38-macosx_arm64/build/venv/lib/python3.8/site-packages/pip (python 3.8)
2022-12-27T02:27:22.9935330Z + which pip
2022-12-27T02:27:22.9962050Z + which python
2022-12-27T02:27:22.9981990Z /private/var/folders/51/hd414ycd67n82196sw51xqtc0000gn/T/cibw-run-tpvyw8td/cp38-macosx_arm64/build/venv/bin/python
2022-12-27T02:27:22.9984670Z + python --version
2022-12-27T02:27:23.0034510Z Python 3.8.10
2022-12-27T02:27:23.0037280Z + which python
2022-12-27T02:27:23.0095760Z ##[endgroup]
2022-12-27T02:27:23.0096280Z                                                               [32m✓ [0m0.90s
2022-12-27T02:27:23.0096940Z ##[group]Installing build tools...
2022-12-27T02:27:23.0097110Z 
2022-12-27T02:27:23.0097650Z + pip install --upgrade setuptools wheel delocate -c /Users/runner/hostedtoolcache/Python/3.8.15/x64/lib/python3.8/site-packages/cibuildwheel/resources/constraints-python38.txt
2022-12-27T02:27:23.3043380Z Requirement already satisfied: setuptools in /private/var/folders/51/hd414ycd67n82196sw51xqtc0000gn/T/cibw-run-tpvyw8td/cp38-macosx_arm64/build/venv/lib/python3.8/site-packages (65.6.3)
2022-12-27T02:27:23.5152390Z Requirement already satisfied: wheel in /private/var/folders/51/hd414ycd67n82196sw51xqtc0000gn/T/cibw-run-tpvyw8td/cp38-macosx_arm64/build/venv/lib/python3.8/site-packages (0.38.4)
2022-12-27T02:27:23.5831640Z Collecting delocate
2022-12-27T02:27:23.5916400Z   Using cached delocate-0.10.3-py3-none-any.whl (142 kB)
2022-12-27T02:27:23.6218120Z Collecting packaging>=20.9
2022-12-27T02:27:23.6239920Z   Using cached packaging-21.3-py3-none-any.whl (40 kB)
2022-12-27T02:27:23.6409490Z Collecting typing-extensions
2022-12-27T02:27:23.6431780Z   Using cached typing_extensions-4.4.0-py3-none-any.whl (26 kB)
2022-12-27T02:27:23.6769040Z Collecting pyparsing!=3.0.5,>=2.0.2
2022-12-27T02:27:23.6791750Z   Using cached pyparsing-3.0.9-py3-none-any.whl (98 kB)
2022-12-27T02:27:23.7146490Z Installing collected packages: typing-extensions, pyparsing, packaging, delocate
2022-12-27T02:27:23.8434370Z Successfully installed delocate-0.10.3 packaging-21.3 pyparsing-3.0.9 typing-extensions-4.4.0
2022-12-27T02:27:23.8913440Z ##[endgroup]
2022-12-27T02:27:23.8914390Z                                                               [32m✓ [0m0.88s
2022-12-27T02:27:23.8914890Z ##[group]Running before_build...
2022-12-27T02:27:23.8915000Z 
2022-12-27T02:27:23.8919730Z + pip install Cython; if [[ -f requirements.txt ]]; then pip install -r requirements.txt; fi
2022-12-27T02:27:24.5513440Z Collecting Cython
2022-12-27T02:27:24.5563890Z   Using cached Cython-0.29.32-py2.py3-none-any.whl (986 kB)
2022-12-27T02:27:24.6047720Z Installing collected packages: Cython
2022-12-27T02:27:25.0352710Z Successfully installed Cython-0.29.32
2022-12-27T02:27:25.7645010Z Collecting coverage>=4.0
2022-12-27T02:27:25.7675370Z   Using cached coverage-7.0.1-cp38-cp38-macosx_10_9_x86_64.whl (187 kB)
2022-12-27T02:27:25.7774760Z Requirement already satisfied: cython>=0.27 in /private/var/folders/51/hd414ycd67n82196sw51xqtc0000gn/T/cibw-run-tpvyw8td/cp38-macosx_arm64/build/venv/lib/python3.8/site-packages (from -r requirements.txt (line 3)) (0.29.32)
2022-12-27T02:27:25.8004010Z Collecting enum34>=1.0.4
2022-12-27T02:27:25.8034150Z   Using cached enum34-1.1.10-py3-none-any.whl (11 kB)
2022-12-27T02:27:25.8267170Z Collecting futures>=2.2.0
2022-12-27T02:27:25.8269730Z   Using cached futures-3.0.5-py3-none-any.whl
2022-12-27T02:27:26.1137990Z Collecting protobuf>=3.5.0.post1
2022-12-27T02:27:26.1170290Z   Using cached protobuf-4.21.12-cp37-abi3-macosx_10_9_universal2.whl (486 kB)
2022-12-27T02:27:26.1419240Z Collecting six>=1.10
2022-12-27T02:27:26.1439410Z   Using cached six-1.16.0-py2.py3-none-any.whl (11 kB)
2022-12-27T02:27:26.1455710Z Requirement already satisfied: wheel>=0.29 in /private/var/folders/51/hd414ycd67n82196sw51xqtc0000gn/T/cibw-run-tpvyw8td/cp38-macosx_arm64/build/venv/lib/python3.8/site-packages (from -r requirements.txt (line 8)) (0.38.4)
2022-12-27T02:27:26.1847770Z Installing collected packages: futures, enum34, six, protobuf, coverage
2022-12-27T02:27:26.4236120Z Successfully installed coverage-7.0.1 enum34-1.1.10 futures-3.0.5 protobuf-4.21.12 six-1.16.0
2022-12-27T02:27:26.4727500Z ##[endgroup]
2022-12-27T02:27:26.4728300Z                                                               [32m✓ [0m2.58s
2022-12-27T02:27:26.4729210Z ##[group]Building wheel...
2022-12-27T02:27:26.4729430Z 
2022-12-27T02:27:26.4733070Z + python -m pip wheel /Users/runner/actions-runner/_work/python.build/python.build/build_grpcio19038/grpcio-1.9.0 --wheel-dir=/private/var/folders/51/hd414ycd67n82196sw51xqtc0000gn/T/cibw-run-tpvyw8td/cp38-macosx_arm64/built_wheel --no-deps -vvv
2022-12-27T02:27:26.7445950Z Created temporary directory: /private/var/folders/51/hd414ycd67n82196sw51xqtc0000gn/T/pip-ephem-wheel-cache-dbgfyyin
2022-12-27T02:27:26.7451460Z Created temporary directory: /private/var/folders/51/hd414ycd67n82196sw51xqtc0000gn/T/pip-build-tracker-fedovg7z
2022-12-27T02:27:26.7453350Z Initialized build tracking at /private/var/folders/51/hd414ycd67n82196sw51xqtc0000gn/T/pip-build-tracker-fedovg7z
2022-12-27T02:27:26.7455000Z Created build tracker: /private/var/folders/51/hd414ycd67n82196sw51xqtc0000gn/T/pip-build-tracker-fedovg7z
2022-12-27T02:27:26.7456750Z Entered build tracker: /private/var/folders/51/hd414ycd67n82196sw51xqtc0000gn/T/pip-build-tracker-fedovg7z
2022-12-27T02:27:26.7459870Z Created temporary directory: /private/var/folders/51/hd414ycd67n82196sw51xqtc0000gn/T/pip-wheel-dokms3q4
2022-12-27T02:27:26.7466270Z Created temporary directory: /private/var/folders/51/hd414ycd67n82196sw51xqtc0000gn/T/pip-ephem-wheel-cache-icqahp8g
2022-12-27T02:27:26.7542250Z Processing /Users/runner/actions-runner/_work/python.build/python.build/build_grpcio19038/grpcio-1.9.0
2022-12-27T02:27:26.7547210Z   Added file:///Users/runner/actions-runner/_work/python.build/python.build/build_grpcio19038/grpcio-1.9.0 to build tracker '/private/var/folders/51/hd414ycd67n82196sw51xqtc0000gn/T/pip-build-tracker-fedovg7z'
2022-12-27T02:27:26.7550420Z   Running setup.py (path:/Users/runner/actions-runner/_work/python.build/python.build/build_grpcio19038/grpcio-1.9.0/setup.py) egg_info for package from file:///Users/runner/actions-runner/_work/python.build/python.build/build_grpcio19038/grpcio-1.9.0
2022-12-27T02:27:26.7553290Z   Created temporary directory: /private/var/folders/51/hd414ycd67n82196sw51xqtc0000gn/T/pip-pip-egg-info-rs_s2kdz
2022-12-27T02:27:26.7554700Z   Preparing metadata (setup.py): started
2022-12-27T02:27:26.7556430Z   Running command python setup.py egg_info
2022-12-27T02:27:28.2782230Z   Compiling src/python/grpcio/grpc/_cython/cygrpc.pyx because it depends on /private/var/folders/51/hd414ycd67n82196sw51xqtc0000gn/T/cibw-run-tpvyw8td/cp38-macosx_arm64/build/venv/lib/python3.8/site-packages/Cython/Includes/libc/time.pxd.
2022-12-27T02:27:28.2782850Z   [1/1] Cythonizing src/python/grpcio/grpc/_cython/cygrpc.pyx
2022-12-27T02:27:28.2972280Z   running egg_info
2022-12-27T02:27:28.2977300Z   creating /private/var/folders/51/hd414ycd67n82196sw51xqtc0000gn/T/pip-pip-egg-info-rs_s2kdz/grpcio.egg-info
2022-12-27T02:27:28.2990960Z   writing /private/var/folders/51/hd414ycd67n82196sw51xqtc0000gn/T/pip-pip-egg-info-rs_s2kdz/grpcio.egg-info/PKG-INFO
2022-12-27T02:27:28.2995050Z   writing dependency_links to /private/var/folders/51/hd414ycd67n82196sw51xqtc0000gn/T/pip-pip-egg-info-rs_s2kdz/grpcio.egg-info/dependency_links.txt
2022-12-27T02:27:28.3000920Z   writing requirements to /private/var/folders/51/hd414ycd67n82196sw51xqtc0000gn/T/pip-pip-egg-info-rs_s2kdz/grpcio.egg-info/requires.txt
2022-12-27T02:27:28.3003600Z   writing top-level names to /private/var/folders/51/hd414ycd67n82196sw51xqtc0000gn/T/pip-pip-egg-info-rs_s2kdz/grpcio.egg-info/top_level.txt
2022-12-27T02:27:28.3006680Z   writing manifest file '/private/var/folders/51/hd414ycd67n82196sw51xqtc0000gn/T/pip-pip-egg-info-rs_s2kdz/grpcio.egg-info/SOURCES.txt'
2022-12-27T02:27:28.3064990Z   reading manifest file '/private/var/folders/51/hd414ycd67n82196sw51xqtc0000gn/T/pip-pip-egg-info-rs_s2kdz/grpcio.egg-info/SOURCES.txt'
2022-12-27T02:27:28.3067690Z   reading manifest template 'PYTHON-MANIFEST.in'
2022-12-27T02:27:28.3100660Z   /private/var/folders/51/hd414ycd67n82196sw51xqtc0000gn/T/cibw-run-tpvyw8td/cp38-macosx_arm64/build/venv/lib/python3.8/site-packages/Cython/Compiler/Main.py:369: FutureWarning: Cython directive 'language_level' not set, using 2 for now (Py2). This will change in a later release! File: /Users/runner/actions-runner/_work/python.build/python.build/build_grpcio19038/grpcio-1.9.0/src/python/grpcio/grpc/_cython/cygrpc.pxd
2022-12-27T02:27:28.3101810Z     tree = Parsing.p_module(s, pxd, full_module_name)
2022-12-27T02:27:28.3103930Z   warning: src/python/grpcio/grpc/_cython/_cygrpc/grpc.pxi:569:2: 'grpc_compression_level' redeclared
2022-12-27T02:27:28.3105960Z   warning: src/python/grpcio/grpc/_cython/_cygrpc/grpc.pxi:131:13: 'GRPC_ARG_PRIMARY_USER_AGENT_STRING' redeclared
2022-12-27T02:27:28.3107640Z   warning: src/python/grpcio/grpc/_cython/_cygrpc/grpc.pxi:570:4: 'GRPC_COMPRESS_LEVEL_NONE' redeclared
2022-12-27T02:27:28.3109400Z   warning: src/python/grpcio/grpc/_cython/_cygrpc/grpc.pxi:571:4: 'GRPC_COMPRESS_LEVEL_LOW' redeclared
2022-12-27T02:27:28.3111030Z   warning: src/python/grpcio/grpc/_cython/_cygrpc/grpc.pxi:572:4: 'GRPC_COMPRESS_LEVEL_MED' redeclared
2022-12-27T02:27:28.3112630Z   warning: src/python/grpcio/grpc/_cython/_cygrpc/grpc.pxi:573:4: 'GRPC_COMPRESS_LEVEL_HIGH' redeclared
2022-12-27T02:27:28.3113860Z   warning: no files found matching '*.h' under directory 'src/python/grpcio/grpc'
2022-12-27T02:27:28.3180850Z   warning: no files found matching '*.python' under directory 'src/python/grpcio/grpc'
2022-12-27T02:27:28.3198170Z   warning: no previously-included files matching '*.so' found under directory 'src/python/grpcio/grpc/_cython'
2022-12-27T02:27:28.3200460Z   warning: no previously-included files matching '*.pyd' found under directory 'src/python/grpcio/grpc/_cython'
2022-12-27T02:27:28.3963470Z   warning: no files found matching 'src/python/grpcio/precompiled.py'
2022-12-27T02:27:28.4445430Z   writing manifest file '/private/var/folders/51/hd414ycd67n82196sw51xqtc0000gn/T/pip-pip-egg-info-rs_s2kdz/grpcio.egg-info/SOURCES.txt'
2022-12-27T02:27:28.5155350Z   Preparing metadata (setup.py): finished with status 'done'
2022-12-27T02:27:28.5179350Z   Source in /Users/runner/actions-runner/_work/python.build/python.build/build_grpcio19038/grpcio-1.9.0 has version 1.9.0, which satisfies requirement grpcio==1.9.0 from file:///Users/runner/actions-runner/_work/python.build/python.build/build_grpcio19038/grpcio-1.9.0
2022-12-27T02:27:28.5182420Z   Removed grpcio==1.9.0 from file:///Users/runner/actions-runner/_work/python.build/python.build/build_grpcio19038/grpcio-1.9.0 from build tracker '/private/var/folders/51/hd414ycd67n82196sw51xqtc0000gn/T/pip-build-tracker-fedovg7z'
2022-12-27T02:27:28.5296510Z Created temporary directory: /private/var/folders/51/hd414ycd67n82196sw51xqtc0000gn/T/pip-unpack-spsyhg_n
2022-12-27T02:27:28.5298750Z Building wheels for collected packages: grpcio
2022-12-27T02:27:28.5305340Z   Created temporary directory: /private/var/folders/51/hd414ycd67n82196sw51xqtc0000gn/T/pip-wheel-vdn3qz9i
2022-12-27T02:27:28.5306580Z   Building wheel for grpcio (setup.py): started
2022-12-27T02:27:28.5308640Z   Destination directory: /private/var/folders/51/hd414ycd67n82196sw51xqtc0000gn/T/pip-wheel-vdn3qz9i
2022-12-27T02:27:28.5309780Z   Running command python setup.py bdist_wheel
2022-12-27T02:27:28.9685790Z   running bdist_wheel
2022-12-27T02:27:28.9717740Z   running build
2022-12-27T02:27:28.9719690Z   running build_py
2022-12-27T02:27:28.9721290Z   running build_project_metadata
2022-12-27T02:27:28.9724710Z   creating python_build
2022-12-27T02:27:28.9726980Z   creating python_build/lib.macosx-11.0-arm64-cpython-38
2022-12-27T02:27:28.9728640Z   creating python_build/lib.macosx-11.0-arm64-cpython-38/grpc
2022-12-27T02:27:28.9730330Z   copying src/python/grpcio/grpc/_channel.py -> python_build/lib.macosx-11.0-arm64-cpython-38/grpc
2022-12-27T02:27:28.9732970Z   copying src/python/grpcio/grpc/_common.py -> python_build/lib.macosx-11.0-arm64-cpython-38/grpc
2022-12-27T02:27:28.9735270Z   copying src/python/grpcio/grpc/__init__.py -> python_build/lib.macosx-11.0-arm64-cpython-38/grpc
2022-12-27T02:27:28.9738880Z   copying src/python/grpcio/grpc/_utilities.py -> python_build/lib.macosx-11.0-arm64-cpython-38/grpc
2022-12-27T02:27:28.9741590Z   copying src/python/grpcio/grpc/_plugin_wrapping.py -> python_build/lib.macosx-11.0-arm64-cpython-38/grpc
2022-12-27T02:27:28.9744320Z   copying src/python/grpcio/grpc/_interceptor.py -> python_build/lib.macosx-11.0-arm64-cpython-38/grpc
2022-12-27T02:27:28.9747030Z   copying src/python/grpcio/grpc/_grpcio_metadata.py -> python_build/lib.macosx-11.0-arm64-cpython-38/grpc
2022-12-27T02:27:28.9749850Z   copying src/python/grpcio/grpc/_server.py -> python_build/lib.macosx-11.0-arm64-cpython-38/grpc
2022-12-27T02:27:28.9752930Z   copying src/python/grpcio/grpc/_auth.py -> python_build/lib.macosx-11.0-arm64-cpython-38/grpc
2022-12-27T02:27:28.9759110Z   creating python_build/lib.macosx-11.0-arm64-cpython-38/grpc/beta
2022-12-27T02:27:28.9761740Z   copying src/python/grpcio/grpc/beta/_server_adaptations.py -> python_build/lib.macosx-11.0-arm64-cpython-38/grpc/beta
2022-12-27T02:27:28.9763890Z   copying src/python/grpcio/grpc/beta/interfaces.py -> python_build/lib.macosx-11.0-arm64-cpython-38/grpc/beta
2022-12-27T02:27:28.9766940Z   copying src/python/grpcio/grpc/beta/_metadata.py -> python_build/lib.macosx-11.0-arm64-cpython-38/grpc/beta
2022-12-27T02:27:28.9769910Z   copying src/python/grpcio/grpc/beta/__init__.py -> python_build/lib.macosx-11.0-arm64-cpython-38/grpc/beta
2022-12-27T02:27:28.9771790Z   copying src/python/grpcio/grpc/beta/utilities.py -> python_build/lib.macosx-11.0-arm64-cpython-38/grpc/beta
2022-12-27T02:27:28.9775380Z   copying src/python/grpcio/grpc/beta/implementations.py -> python_build/lib.macosx-11.0-arm64-cpython-38/grpc/beta
2022-12-27T02:27:28.9777730Z   copying src/python/grpcio/grpc/beta/_client_adaptations.py -> python_build/lib.macosx-11.0-arm64-cpython-38/grpc/beta
2022-12-27T02:27:28.9781650Z   creating python_build/lib.macosx-11.0-arm64-cpython-38/grpc/framework
2022-12-27T02:27:28.9783540Z   copying src/python/grpcio/grpc/framework/__init__.py -> python_build/lib.macosx-11.0-arm64-cpython-38/grpc/framework
2022-12-27T02:27:28.9787070Z   creating python_build/lib.macosx-11.0-arm64-cpython-38/grpc/_cython
2022-12-27T02:27:28.9788940Z   copying src/python/grpcio/grpc/_cython/__init__.py -> python_build/lib.macosx-11.0-arm64-cpython-38/grpc/_cython
2022-12-27T02:27:28.9794170Z   creating python_build/lib.macosx-11.0-arm64-cpython-38/grpc/framework/foundation
2022-12-27T02:27:28.9796670Z   copying src/python/grpcio/grpc/framework/foundation/callable_util.py -> python_build/lib.macosx-11.0-arm64-cpython-38/grpc/framework/foundation
2022-12-27T02:27:28.9798670Z   copying src/python/grpcio/grpc/framework/foundation/abandonment.py -> python_build/lib.macosx-11.0-arm64-cpython-38/grpc/framework/foundation
2022-12-27T02:27:28.9802910Z   copying src/python/grpcio/grpc/framework/foundation/__init__.py -> python_build/lib.macosx-11.0-arm64-cpython-38/grpc/framework/foundation
2022-12-27T02:27:28.9805440Z   copying src/python/grpcio/grpc/framework/foundation/stream.py -> python_build/lib.macosx-11.0-arm64-cpython-38/grpc/framework/foundation
2022-12-27T02:27:28.9807760Z   copying src/python/grpcio/grpc/framework/foundation/stream_util.py -> python_build/lib.macosx-11.0-arm64-cpython-38/grpc/framework/foundation
2022-12-27T02:27:28.9809640Z   copying src/python/grpcio/grpc/framework/foundation/future.py -> python_build/lib.macosx-11.0-arm64-cpython-38/grpc/framework/foundation
2022-12-27T02:27:28.9812860Z   copying src/python/grpcio/grpc/framework/foundation/logging_pool.py -> python_build/lib.macosx-11.0-arm64-cpython-38/grpc/framework/foundation
2022-12-27T02:27:28.9817330Z   creating python_build/lib.macosx-11.0-arm64-cpython-38/grpc/framework/common
2022-12-27T02:27:28.9819410Z   copying src/python/grpcio/grpc/framework/common/style.py -> python_build/lib.macosx-11.0-arm64-cpython-38/grpc/framework/common
2022-12-27T02:27:28.9821450Z   copying src/python/grpcio/grpc/framework/common/cardinality.py -> python_build/lib.macosx-11.0-arm64-cpython-38/grpc/framework/common
2022-12-27T02:27:28.9823790Z   copying src/python/grpcio/grpc/framework/common/__init__.py -> python_build/lib.macosx-11.0-arm64-cpython-38/grpc/framework/common
2022-12-27T02:27:28.9827960Z   creating python_build/lib.macosx-11.0-arm64-cpython-38/grpc/framework/interfaces
2022-12-27T02:27:28.9829700Z   copying src/python/grpcio/grpc/framework/interfaces/__init__.py -> python_build/lib.macosx-11.0-arm64-cpython-38/grpc/framework/interfaces
2022-12-27T02:27:28.9834230Z   creating python_build/lib.macosx-11.0-arm64-cpython-38/grpc/framework/interfaces/face
2022-12-27T02:27:28.9835810Z   copying src/python/grpcio/grpc/framework/interfaces/face/__init__.py -> python_build/lib.macosx-11.0-arm64-cpython-38/grpc/framework/interfaces/face
2022-12-27T02:27:28.9838710Z   copying src/python/grpcio/grpc/framework/interfaces/face/utilities.py -> python_build/lib.macosx-11.0-arm64-cpython-38/grpc/framework/interfaces/face
2022-12-27T02:27:28.9840770Z   copying src/python/grpcio/grpc/framework/interfaces/face/face.py -> python_build/lib.macosx-11.0-arm64-cpython-38/grpc/framework/interfaces/face
2022-12-27T02:27:28.9846320Z   creating python_build/lib.macosx-11.0-arm64-cpython-38/grpc/framework/interfaces/base
2022-12-27T02:27:28.9848050Z   copying src/python/grpcio/grpc/framework/interfaces/base/__init__.py -> python_build/lib.macosx-11.0-arm64-cpython-38/grpc/framework/interfaces/base
2022-12-27T02:27:28.9852330Z   copying src/python/grpcio/grpc/framework/interfaces/base/utilities.py -> python_build/lib.macosx-11.0-arm64-cpython-38/grpc/framework/interfaces/base
2022-12-27T02:27:28.9854570Z   copying src/python/grpcio/grpc/framework/interfaces/base/base.py -> python_build/lib.macosx-11.0-arm64-cpython-38/grpc/framework/interfaces/base
2022-12-27T02:27:28.9859900Z   creating python_build/lib.macosx-11.0-arm64-cpython-38/grpc/_cython/_cygrpc
2022-12-27T02:27:28.9861870Z   copying src/python/grpcio/grpc/_cython/_cygrpc/__init__.py -> python_build/lib.macosx-11.0-arm64-cpython-38/grpc/_cython/_cygrpc
2022-12-27T02:27:28.9866710Z   creating python_build/lib.macosx-11.0-arm64-cpython-38/grpc/_cython/_credentials
2022-12-27T02:27:28.9930220Z   copying src/python/grpcio/grpc/_cython/_credentials/roots.pem -> python_build/lib.macosx-11.0-arm64-cpython-38/grpc/_cython/_credentials
2022-12-27T02:27:28.9930470Z   running build_ext
2022-12-27T02:27:32.9568370Z   b'[C]       Compiling third_party/cares/cares/ares__close_sockets.c\n[C]       Compiling third_party/cares/cares/ares__get_hostent.c\n[C]       Compiling third_party/cares/cares/ares__read_line.c\n[C]       Compiling third_party/cares/cares/ares__timeval.c\n[C]       Compiling third_party/cares/cares/ares_cancel.c\n[C]       Compiling third_party/cares/cares/ares_create_query.c\n[C]       Compiling third_party/cares/cares/ares_data.c\n[C]       Compiling third_party/cares/cares/ares_destroy.c\n[C]       Compiling third_party/cares/cares/ares_expand_name.c\n[C]       Compiling third_party/cares/cares/ares_expand_string.c\n[C]       Compiling third_party/cares/cares/ares_fds.c\n[C]       Compiling third_party/cares/cares/ares_free_hostent.c\n[C]       Compiling third_party/cares/cares/ares_free_string.c\n[C]       Compiling third_party/cares/cares/ares_getenv.c\n[C]       Compiling third_party/cares/cares/ares_gethostbyaddr.c\n[C]       Compiling third_party/cares/cares/ares_gethostbyname.c\n[C]       Compiling third_party/cares/cares/ares_getnameinfo.c\n[C]       Compiling third_party/cares/cares/ares_getopt.c\n[C]       Compiling third_party/cares/cares/ares_getsock.c\n[C]       Compiling third_party/cares/cares/ares_init.c\n[C]       Compiling third_party/cares/cares/ares_library_init.c\n[C]       Compiling third_party/cares/cares/ares_llist.c\n[C]       Compiling third_party/cares/cares/ares_mkquery.c\n[C]       Compiling third_party/cares/cares/ares_nowarn.c\n[C]       Compiling third_party/cares/cares/ares_options.c\n[C]       Compiling third_party/cares/cares/ares_parse_a_reply.c\n[C]       Compiling third_party/cares/cares/ares_parse_aaaa_reply.c\n[C]       Compiling third_party/cares/cares/ares_parse_mx_reply.c\n[C]       Compiling third_party/cares/cares/ares_parse_naptr_reply.c\n[C]       Compiling third_party/cares/cares/ares_parse_ns_reply.c\n[C]       Compiling third_party/cares/cares/ares_parse_ptr_reply.c\n[C]       Compiling third_party/cares/cares/ares_parse_soa_reply.c\n[C]       Compiling third_party/cares/cares/ares_parse_srv_reply.c\n[C]       Compiling third_party/cares/cares/ares_parse_txt_reply.c\n[C]       Compiling third_party/cares/cares/ares_platform.c\n[C]       Compiling third_party/cares/cares/ares_process.c\n[C]       Compiling third_party/cares/cares/ares_query.c\n[C]       Compiling third_party/cares/cares/ares_search.c\n[C]       Compiling third_party/cares/cares/ares_send.c\n[C]       Compiling third_party/cares/cares/ares_strcasecmp.c\n[C]       Compiling third_party/cares/cares/ares_strdup.c\n[C]       Compiling third_party/cares/cares/ares_strerror.c\n[C]       Compiling third_party/cares/cares/ares_timeout.c\n[C]       Compiling third_party/cares/cares/ares_version.c\n[C]       Compiling third_party/cares/cares/ares_writev.c\n[C]       Compiling third_party/cares/cares/bitncmp.c\n[C]       Compiling third_party/cares/cares/inet_net_pton.c\n[C]       Compiling third_party/cares/cares/inet_ntop.c\n[C]       Compiling third_party/cares/cares/windows_port.c\n[C]       Compiling third_party/zlib/adler32.c\n[C]       Compiling third_party/zlib/compress.c\n[C]       Compiling third_party/zlib/crc32.c\n[C]       Compiling third_party/zlib/deflate.c\n[C]       Compiling third_party/zlib/gzclose.c\n[C]       Compiling third_party/zlib/gzlib.c\n[C]       Compiling third_party/zlib/gzread.c\n[C]       Compiling third_party/zlib/gzwrite.c\n[C]       Compiling third_party/zlib/infback.c\n[C]       Compiling third_party/zlib/inffast.c\n[C]       Compiling third_party/zlib/inflate.c\n[C]       Compiling third_party/zlib/inftrees.c\n[C]       Compiling third_party/zlib/trees.c\n[C]       Compiling third_party/zlib/uncompr.c\n[C]       Compiling third_party/zlib/zutil.c\n[C]       Compiling src/boringssl/err_data.c\n[C]       Compiling third_party/boringssl/crypto/aes/aes.c\n[C]       Compiling third_party/boringssl/crypto/aes/key_wrap.c\n[C]       Compiling third_party/boringssl/crypto/aes/mode_wrappers.c\n[C]       Compiling third_party/boringssl/crypto/asn1/a_bitstr.c\n[C]       Compiling third_party/boringssl/crypto/asn1/a_bool.c\n[C]       Compiling third_party/boringssl/crypto/asn1/a_d2i_fp.c\n[C]       Compiling third_party/boringssl/crypto/asn1/a_dup.c\n'
2022-12-27T02:27:32.9643460Z   b"make: Circular /Users/runner/actions-runner/_work/python.build/python.build/build_grpcio19038/grpcio-1.9.0/libs/opt/libares.a <- /Users/runner/actions-runner/_work/python.build/python.build/build_grpcio19038/grpcio-1.9.0/libs/opt/libz.a dependency dropped.\nIn file included from third_party/boringssl/crypto/aes/key_wrap.c:54:\nIn file included from third_party/boringssl/include/openssl/mem.h:60:\nthird_party/boringssl/include/openssl/base.h:133:9: error: 'OPENSSL_VERSION_NUMBER' macro redefined [-Werror,-Wmacro-redefined]\n#define OPENSSL_VERSION_NUMBER 0x100020af\n        ^\n/usr/local/opt/openssl@3/include/openssl/opensslv.h:99:10: note: previous definition is here\n# define OPENSSL_VERSION_NUMBER          \\\n         ^\nIn file included from src/boringssl/err_data.c:17:\nthird_party/boringssl/include/openssl/base.h:133:9: error: 'OPENSSL_VERSION_NUMBER' macro redefined [-Werror,-Wmacro-redefined]\n#define OPENSSL_VERSION_NUMBER 0x100020af\n        ^\n/usr/local/opt/openssl@3/include/openssl/opensslv.h:99:10: note: previous definition is here\n# define OPENSSL_VERSION_NUMBER          \\\n         ^\nIn file included from src/boringssl/err_data.c:18:\nIn file included from /usr/local/opt/openssl@3/include/openssl/err.h:21:\n/usr/local/opt/openssl@3/include/openssl/e_os2.h:183:11: error: 'OPENSSL_EXPORT' macro redefined [-Werror,-Wmacro-redefined]\n#  define OPENSSL_EXPORT extern\n          ^\nthird_party/boringssl/include/openssl/base.h:168:9: note: previous definition is here\n#define OPENSSL_EXPORT\n        ^\nIn file included from third_party/boringssl/crypto/aes/aes.c:54:\nIn file included from third_party/boringssl/include/openssl/cpu.h:64:\nthird_party/boringssl/include/openssl/base.h:133:9: error: 'OPENSSL_VERSION_NUMBER' macro redefined [-Werror,-Wmacro-redefined]\n#define OPENSSL_VERSION_NUMBER 0x100020af\n        ^\n/usr/local/opt/openssl@3/include/openssl/opensslv.h:99:10: note: previous definition is here\n# define OPENSSL_VERSION_NUMBER          \\\n         ^\nIn file included from third_party/boringssl/crypto/aes/key_wrap.c:56:\nIn file included from third_party/boringssl/crypto/aes/../internal.h:112:\nthird_party/boringssl/include/openssl/ex_data.h:205:3: error: type name requires a specifier or qualifier\n  STACK_OF(void) *sk;\n  ^\nthird_party/boringssl/include/openssl/ex_data.h:205:17: error: expected ';' at end of declaration list\n  STACK_OF(void) *sk;\n                ^\n                ;\nthird_party/boringssl/crypto/aes/aes.c:537:5: error: conflicting types for 'AES_set_encrypt_key'\nint AES_set_encrypt_key(const uint8_t *key, unsigned bits, AES_KEY *aeskey) {\n    ^\n/usr/local/opt/openssl@3/include/openssl/aes.h:51:5: note: previous declaration is here\nint AES_set_encrypt_key(const unsigned char *userKey, const int bits,\n    ^\nIn file included from src/boringssl/err_data.c:18:\nIn file included from /usr/local/opt/openssl@3/include/openssl/err.h:28:\nIn file included from /usr/local/opt/openssl@3/include/openssl/types.h:21:\n/usr/local/opt/openssl@3/include/openssl/safestack.h:264:15: error: redefinition of typedef 'OPENSSL_BLOCK' is a C11 feature [-Werror,-Wtypedef-redefinition]\ntypedef void *OPENSSL_BLOCK;\n              ^\nthird_party/boringssl/include/openssl/base.h:322:15: note: previous definition is here\ntypedef void *OPENSSL_BLOCK;\n              ^\nthird_party/boringssl/crypto/aes/aes.c:632:5: error: conflicting types for 'AES_set_decrypt_key'\nint AES_set_decrypt_key(const uint8_t *key, unsigned bits, AES_KEY *aeskey) {\n    ^\n/usr/local/opt/openssl@3/include/openssl/aes.h:54:5: note: previous declaration is here\nint AES_set_decrypt_key(const unsigned char *userKey, const int bits,\n    ^\nIn file included from src/boringssl/err_data.c:18:\nIn file included from /usr/local/opt/openssl@3/include/openssl/err.h:28:\n/usr/local/opt/openssl@3/include/openssl/types.h:45:31: error: redefinition of typedef 'ASN1_INTEGER' is a C11 feature [-Werror,-Wtypedef-redefinition]\ntypedef struct asn1_string_st ASN1_INTEGER;\n                              ^\nthird_party/boringssl/include/openssl/base.h:215:31: note: previous definition is here\ntypedef struct asn1_string_st ASN1_INTEGER;\n                              ^\nIn file included from src/boringssl/err_data.c:18:\nIn file included from /usr/local/opt/openssl@3/include/openssl/err.h:28:\n/usr/local/opt/openssl@3/include/openssl/types.h:46:31: error: redefinition of typedef 'ASN1_ENUMERATED' is a C11 feature [-Werror,-Wtypedef-redefinition]\ntypedef struct asn1_string_st ASN1_ENUMERATED;\n                              ^\nthird_party/boringssl/include/openssl/base.h:211:31: note: previous definition is here\ntypedef struct asn1_string_st ASN1_ENUMERATED;\n                              ^\nIn file included from src/boringssl/err_data.c:18:\nIn file included from /usr/local/opt/openssl@3/include/openssl/err.h:28:\n/usr/local/opt/openssl@3/include/openssl/types.h:47:31: error: redefinition of typedef 'ASN1_BIT_STRING' is a C11 feature [-Werror,-Wtypedef-redefinition]\ntypedef struct asn1_string_st ASN1_BIT_STRING;\n                              ^\nthird_party/boringssl/include/openssl/base.h:209:31: note: previous definition is here\ntypedef struct asn1_string_st ASN1_BIT_STRING;\n                              ^\nIn file included from src/boringssl/err_data.c:18:\nIn file included from /usr/local/opt/openssl@3/include/openssl/err.h:28:\n/usr/local/opt/openssl@3/include/openssl/types.h:48:31: error: redefinition of typedef 'ASN1_OCTET_STRING' is a C11 feature [-Werror,-Wtypedef-redefinition]\ntypedef struct asn1_string_st ASN1_OCTET_STRING;\n                              ^\nthird_party/boringssl/include/openssl/base.h:216:31: note: previous definition is here\ntypedef struct asn1_string_st ASN1_OCTET_STRING;\n                              ^\nIn file included from src/boringssl/err_data.c:18:\nIn file included from /usr/local/opt/openssl@3/include/openssl/err.h:28:\n/usr/local/opt/openssl@3/include/openssl/types.h:49:31: error: redefinition of typedef 'ASN1_PRINTABLESTRING' is a C11 feature [-Werror,-Wtypedef-redefinition]\ntypedef struct asn1_string_st ASN1_PRINTABLESTRING;\n                              ^\nthird_party/boringssl/include/openssl/base.h:217:31: note: previous definition is here\ntypedef struct asn1_string_st ASN1_PRINTABLESTRING;\n                              ^\nIn file included from src/boringssl/err_data.c:18:\nIn file included from /usr/local/opt/openssl@3/include/openssl/err.h:28:\n/usr/local/opt/openssl@3/include/openssl/types.h:50:31: error: redefinition of typedef 'ASN1_T61STRING' is a C11 feature [-Werror,-Wtypedef-redefinition]\ntypedef struct asn1_string_st ASN1_T61STRING;\n                              ^\nthird_party/boringssl/include/openssl/base.h:219:31: note: previous definition is here\ntypedef struct asn1_string_st ASN1_T61STRING;\n                              ^\nIn file included from src/boringssl/err_data.c:18:\nIn file included from /usr/local/opt/openssl@3/include/openssl/err.h:28:\n/usr/local/opt/openssl@3/include/openssl/types.h:51:31: error: redefinition of typedef 'ASN1_IA5STRING' is a C11 feature [-Werror,-Wtypedef-redefinition]\ntypedef struct asn1_string_st ASN1_IA5STRING;\n                              ^\nthird_party/boringssl/include/openssl/base.h:214:31: note: previous definition is here\ntypedef struct asn1_string_st ASN1_IA5STRING;\n                              ^\nIn file included from src/boringssl/err_data.c:18:\nIn file included from /usr/local/opt/openssl@3/include/openssl/err.h:28:\n/usr/local/opt/openssl@3/include/openssl/types.h:52:31: error: redefinition of typedef 'ASN1_GENERALSTRING' is a C11 feature [-Werror,-Wtypedef-redefinition]\ntypedef struct asn1_string_st ASN1_GENERALSTRING;\n                              ^\nthird_party/boringssl/include/openssl/base.h:213:31: note: previous definition is here\ntypedef struct asn1_string_st ASN1_GENERALSTRING;\n                              ^\nIn file included from src/boringssl/err_data.c:18:\nIn file included from /usr/local/opt/openssl@3/include/openssl/err.h:28:\n/usr/local/opt/openssl@3/include/openssl/types.h:53:31: error: redefinition of typedef 'ASN1_UNIVERSALSTRING' is a C11 feature [-Werror,-Wtypedef-redefinition]\ntypedef struct asn1_string_st ASN1_UNIVERSALSTRING;\n                              ^\nthird_party/boringssl/include/openssl/base.h:221:31: note: previous definition is here\ntypedef struct asn1_string_st ASN1_UNIVERSALSTRING;\n                              ^\nIn file included from src/boringssl/err_data.c:18:\nIn file included from /usr/local/opt/openssl@3/include/openssl/err.h:28:\n/usr/local/opt/openssl@3/include/openssl/types.h:54:31: error: redefinition of typedef 'ASN1_BMPSTRING' is a C11 feature [-Werror,-Wtypedef-redefinition]\ntypedef struct asn1_string_st ASN1_BMPSTRING;\n                              ^\nthird_party/boringssl/include/openssl/base.h:210:31: note: previous definition is here\ntypedef struct asn1_string_st ASN1_BMPSTRING;\n                              ^\nIn file included from src/boringssl/err_data.c:18:\nIn file included from /usr/local/opt/openssl@3/include/openssl/err.h:28:\n/usr/local/opt/openssl@3/include/openssl/types.h:55:31: error: redefinition of typedef 'ASN1_UTCTIME' is a C11 feature [-Werror,-Wtypedef-redefinition]\ntypedef struct asn1_string_st ASN1_UTCTIME;\n                              ^\nthird_party/boringssl/include/openssl/base.h:222:31: note: previous definition is here\ntypedef struct asn1_string_st ASN1_UTCTIME;\n                              ^\nIn file included from src/boringssl/err_data.c:18:\nIn file included from /usr/local/opt/openssl@3/include/openssl/err.h:28:\n/usr/local/opt/openssl@3/include/openssl/types.h:56:31: error: redefinition of typedef 'ASN1_TIME' is a C11 feature [-Werror,-Wtypedef-redefinition]\ntypedef struct asn1_string_st ASN1_TIME;\n                              ^\nthird_party/boringssl/include/openssl/base.h:220:31: note: previous definition is here\ntypedef struct asn1_string_st ASN1_TIME;\n                              ^\nIn file included from src/boringssl/err_data.c:18:\nIn file included from /usr/local/opt/openssl@3/include/openssl/err.h:28:\n/usr/local/opt/openssl@3/include/openssl/types.h:57:31: error: redefinition of typedef 'ASN1_GENERALIZEDTIME' is a C11 feature [-Werror,-Wtypedef-redefinition]\ntypedef struct asn1_string_st ASN1_GENERALIZEDTIME;\n                              ^\nthird_party/boringssl/include/openssl/base.h:212:31: note: previous definition is here\ntypedef struct asn1_string_st ASN1_GENERALIZEDTIME;\n                              ^\nIn file included from src/boringssl/err_data.c:18:\nIn file included from /usr/local/opt/openssl@3/include/openssl/err.h:28:\n/usr/local/opt/openssl@3/include/openssl/types.h:58:31: error: redefinition of typedef 'ASN1_VISIBLESTRING' is a C11 feature [-Werror,-Wtypedef-redefinition]\ntypedef struct asn1_string_st ASN1_VISIBLESTRING;\n                              ^\nthird_party/boringssl/include/openssl/base.h:224:31: note: previous definition is here\ntypedef struct asn1_string_st ASN1_VISIBLESTRING;\n                              ^\nIn file included from src/boringssl/err_data.c:18:\nIn file included from /usr/local/opt/openssl@3/include/openssl/err.h:28:\n/usr/local/opt/openssl@3/include/openssl/types.h:59:31: error: redefinition of typedef 'ASN1_UTF8STRING' is a C11 feature [-Werror,-Wtypedef-redefinition]\ntypedef struct asn1_string_st ASN1_UTF8STRING;\n                              ^\nthird_party/boringssl/include/openssl/base.h:223:31: note: previous definition is here\ntypedef struct asn1_string_st ASN1_UTF8STRING;\n                              ^\nIn file included from src/boringssl/err_data.c:18:\nIn file included from /usr/local/opt/openssl@3/include/openssl/err.h:28:\n/usr/local/opt/openssl@3/include/openssl/types.h:60:31: error: redefinition of typedef 'ASN1_STRING' is a C11 feature [-Werror,-Wtypedef-redefinition]\ntypedef struct asn1_string_st ASN1_STRING;\n                              ^\nthird_party/boringssl/include/openssl/base.h:218:31: note: previous definition is here\ntypedef struct asn1_string_st ASN1_STRING;\n                              ^\nfatal error: too many errors emitted, stopping now [-ferror-limit=]\n3 errors generated.\nIn file included from third_party/boringssl/crypto/aes/key_wrap.c:56:\nthird_party/boringssl/crypto/aes/../internal.h:481:3: error: type name requires a specifier or qualifier\n  STACK_OF(CRYPTO_EX_DATA_FUNCS) *meth;\n  ^\nthird_party/boringssl/crypto/aes/../internal.h:481:33: error: expected ';' at end of declaration list\n  STACK_OF(CRYPTO_EX_DATA_FUNCS) *meth;\n                                ^\n                                ;\nthird_party/boringssl/crypto/aes/key_wrap.c:66:5: error: conflicting types for 'AES_wrap_key'\nint AES_wrap_key(const AES_KEY *key, const uint8_t *iv, uint8_t *out,\n    ^\n/usr/local/opt/openssl@3/include/openssl/aes.h:97:5: note: previous declaration is here\nint AES_wrap_key(AES_KEY *key, const unsigned char *iv,\n    ^\nthird_party/boringssl/crypto/aes/key_wrap.c:102:5: error: conflicting types for 'AES_unwrap_key'\nint AES_unwrap_key(const AES_KEY *key, const uint8_t *iv, uint8_t *out,\n    ^\n/usr/local/opt/openssl@3/include/openssl/aes.h:101:5: note: previous declaration is here\nint AES_unwrap_key(AES_KEY *key, const unsigned char *iv,\n    ^\nmake: *** [/Users/runner/actions-runner/_work/python.build/python.build/build_grpcio19038/grpcio-1.9.0/objs/opt/third_party/boringssl/crypto/aes/aes.o] Error 1\nmake: *** Waiting for unfinished jobs....\n7 errors generated.\nIn file included from third_party/boringssl/crypto/aes/mode_wrappers.c:53:\nIn file included from third_party/boringssl/crypto/aes/../modes/internal.h:52:\nthird_party/boringssl/include/openssl/base.h:133:9: error: 'OPENSSL_VERSION_NUMBER' macro redefined [-Werror,-Wmacro-redefined]\n#define OPENSSL_VERSION_NUMBER 0x100020af\n        ^\n/usr/local/opt/openssl@3/include/openssl/opensslv.h:99:10: note: previous definition is here\n# define OPENSSL_VERSION_NUMBER          \\\n         ^\nmake: *** [/Users/runner/actions-runner/_work/python.build/python.build/build_grpcio19038/grpcio-1.9.0/objs/opt/third_party/boringssl/crypto/aes/key_wrap.o] Error 1\nIn file included from third_party/boringssl/crypto/aes/mode_wrappers.c:53:\nIn file included from third_party/boringssl/crypto/aes/../modes/internal.h:56:\nIn file included from third_party/boringssl/crypto/aes/../modes/../internal.h:112:\nthird_party/boringssl/include/openssl/ex_data.h:205:3: error: type name requires a specifier or qualifier\n  STACK_OF(void) *sk;\n  ^\nthird_party/boringssl/include/openssl/ex_data.h:205:17: error: expected ';' at end of declaration list\n  STACK_OF(void) *sk;\n                ^\n                ;\n20 errors generated.\nmake: *** [/Users/runner/actions-runner/_work/python.build/python.build/build_grpcio19038/grpcio-1.9.0/objs/opt/src/boringssl/err_data.o] Error 1\nIn file included from third_party/boringssl/crypto/aes/mode_wrappers.c:53:\nIn file included from third_party/boringssl/crypto/aes/../modes/internal.h:56:\nthird_party/boringssl/crypto/aes/../modes/../internal.h:481:3: error: type name requires a specifier or qualifier\n  STACK_OF(CRYPTO_EX_DATA_FUNCS) *meth;\n  ^\nthird_party/boringssl/crypto/aes/../modes/../internal.h:481:33: error: expected ';' at end of declaration list\n  STACK_OF(CRYPTO_EX_DATA_FUNCS) *meth;\n                                ^\n                                ;\n5 errors generated.\nmake: *** [/Users/runner/actions-runner/_work/python.build/python.build/build_grpcio19038/grpcio-1.9.0/objs/opt/third_party/boringssl/crypto/aes/mode_wrappers.o] Error 1\nIn file included from third_party/boringssl/crypto/asn1/a_bitstr.c:62:\nIn file included from third_party/boringssl/include/openssl/mem.h:60:\nthird_party/boringssl/include/openssl/base.h:133:9: error: 'OPENSSL_VERSION_NUMBER' macro redefined [-Werror,-Wmacro-redefined]\n#define OPENSSL_VERSION_NUMBER 0x100020af\n        ^\n/usr/local/opt/openssl@3/include/openssl/opensslv.h:99:10: note: previous definition is here\n# define OPENSSL_VERSION_NUMBER          \\\n         ^\nIn file included from third_party/boringssl/crypto/asn1/a_bitstr.c:62:\nIn file included from third_party/boringssl/include/openssl/mem.h:60:\nthird_party/boringssl/include/openssl/base.h:168:9: error: 'OPENSSL_EXPORT' macro redefined [-Werror,-Wmacro-redefined]\n#define OPENSSL_EXPORT\n        ^\n/usr/local/opt/openssl@3/include/openssl/e_os2.h:183:11: note: previous definition is here\n#  define OPENSSL_EXPORT extern\n          ^\nIn file included from third_party/boringssl/crypto/asn1/a_bitstr.c:62:\nIn file included from third_party/boringssl/include/openssl/mem.h:60:\nthird_party/boringssl/include/openssl/base.h:202:13: error: typedef redefinition with different types ('int' vs 'struct crypto_threadid_st')\ntypedef int CRYPTO_THREADID;\n            ^\n/usr/local/opt/openssl@3/include/openssl/crypto.h:308:3: note: previous definition is here\n} CRYPTO_THREADID;\n  ^\nIn file included from third_party/boringssl/crypto/asn1/a_bitstr.c:62:\nIn file included from third_party/boringssl/include/openssl/mem.h:60:\nthird_party/boringssl/include/openssl/base.h:204:13: error: redefinition of typedef 'ASN1_BOOLEAN' is a C11 feature [-Werror,-Wtypedef-redefinition]\ntypedef int ASN1_BOOLEAN;\n            ^\n/usr/local/opt/openssl@3/include/openssl/types.h:61:13: note: previous definition is here\ntypedef int ASN1_BOOLEAN;\n            ^\nIn file included from third_party/boringssl/crypto/asn1/a_bitstr.c:62:\nIn file included from third_party/boringssl/include/openssl/mem.h:60:\nthird_party/boringssl/include/openssl/base.h:205:13: error: redefinition of typedef 'ASN1_NULL' is a C11 feature [-Werror,-Wtypedef-redefinition]\ntypedef int ASN1_NULL;\n            ^\n/usr/local/opt/openssl@3/include/openssl/types.h:62:13: note: previous definition is here\ntypedef int ASN1_NULL;\n            ^\nIn file included from third_party/boringssl/crypto/asn1/a_bitstr.c:62:\nIn file included from third_party/boringssl/include/openssl/mem.h:60:\nthird_party/boringssl/include/openssl/base.h:206:29: error: redefinition of typedef 'ASN1_ITEM' is a C11 feature [-Werror,-Wtypedef-redefinition]\ntypedef struct ASN1_ITEM_st ASN1_ITEM;\n                            ^\n/usr/local/opt/openssl@3/include/openssl/types.h:69:29: note: previous definition is here\ntypedef struct ASN1_ITEM_st ASN1_ITEM;\n                            ^\nIn file included from third_party/boringssl/crypto/asn1/a_bitstr.c:62:\nIn file included from third_party/boringssl/include/openssl/mem.h:60:\nthird_party/boringssl/include/openssl/base.h:207:31: error: redefinition of typedef 'ASN1_OBJECT' is a C11 feature [-Werror,-Wtypedef-redefinition]\ntypedef struct asn1_object_st ASN1_OBJECT;\n                              ^\n/usr/local/opt/openssl@3/include/openssl/types.h:66:31: note: previous definition is here\ntypedef struct asn1_object_st ASN1_OBJECT;\n                              ^\nIn file included from third_party/boringssl/crypto/asn1/a_bitstr.c:62:\nIn file included from third_party/boringssl/include/openssl/mem.h:60:\nthird_party/boringssl/include/openssl/base.h:208:29: error: redefinition of typedef 'ASN1_PCTX' is a C11 feature [-Werror,-Wtypedef-redefinition]\ntypedef struct asn1_pctx_st ASN1_PCTX;\n                            ^\n/usr/local/opt/openssl@3/include/openssl/types.h:70:29: note: previous definition is here\ntypedef struct asn1_pctx_st ASN1_PCTX;\n                            ^\nIn file included from third_party/boringssl/crypto/asn1/a_bitstr.c:62:\nIn file included from third_party/boringssl/include/openssl/mem.h:60:\nthird_party/boringssl/include/openssl/base.h:209:31: error: redefinition of typedef 'ASN1_BIT_STRING' is a C11 feature [-Werror,-Wtypedef-redefinition]\ntypedef struct asn1_string_st ASN1_BIT_STRING;\n                              ^\n/usr/local/opt/openssl@3/include/openssl/types.h:47:31: note: previous definition is here\ntypedef struct asn1_string_st ASN1_BIT_STRING;\n                              ^\nIn file included from third_party/boringssl/crypto/asn1/a_bitstr.c:62:\nIn file included from third_party/boringssl/include/openssl/mem.h:60:\nthird_party/boringssl/include/openssl/base.h:210:31: error: redefinition of typedef 'ASN1_BMPSTRING' is a C11 feature [-Werror,-Wtypedef-redefinition]\ntypedef struct asn1_string_st ASN1_BMPSTRING;\n                              ^\n/usr/local/opt/openssl@3/include/openssl/types.h:54:31: note: previous definition is here\ntypedef struct asn1_string_st ASN1_BMPSTRING;\n                              ^\nIn file included from third_party/boringssl/crypto/asn1/a_bitstr.c:62:\nIn file included from third_party/boringssl/include/openssl/mem.h:60:\nthird_party/boringssl/include/openssl/base.h:211:31: error: redefinition of typedef 'ASN1_ENUMERATED' is a C11 feature [-Werror,-Wtypedef-redefinition]\ntypedef struct asn1_string_st ASN1_ENUMERATED;\n                              ^\n/usr/local/opt/openssl@3/include/openssl/types.h:46:31: note: previous definition is here\ntypedef struct asn1_string_st ASN1_ENUMERATED;\n                              ^\nIn file included from third_party/boringssl/crypto/asn1/a_bitstr.c:62:\nIn file included from third_party/boringssl/include/openssl/mem.h:60:\nthird_party/boringssl/include/openssl/base.h:212:31: error: redefinition of typedef 'ASN1_GENERALIZEDTIME' is a C11 feature [-Werror,-Wtypedef-redefinition]\ntypedef struct asn1_string_st ASN1_GENERALIZEDTIME;\n                              ^\n/usr/local/opt/openssl@3/include/openssl/types.h:57:31: note: previous definition is here\ntypedef struct asn1_string_st ASN1_GENERALIZEDTIME;\n                              ^\nIn file included from third_party/boringssl/crypto/asn1/a_bitstr.c:62:\nIn file included from third_party/boringssl/include/openssl/mem.h:60:\nthird_party/boringssl/include/openssl/base.h:213:31: error: redefinition of typedef 'ASN1_GENERALSTRING' is a C11 feature [-Werror,-Wtypedef-redefinition]\ntypedef struct asn1_string_st ASN1_GENERALSTRING;\n                              ^\n/usr/local/opt/openssl@3/include/openssl/types.h:52:31: note: previous definition is here\ntypedef struct asn1_string_st ASN1_GENERALSTRING;\n                              ^\nIn file included from third_party/boringssl/crypto/asn1/a_bitstr.c:62:\nIn file included from third_party/boringssl/include/openssl/mem.h:60:\nthird_party/boringssl/include/openssl/base.h:214:31: error: redefinition of typedef 'ASN1_IA5STRING' is a C11 feature [-Werror,-Wtypedef-redefinition]\ntypedef struct asn1_string_st ASN1_IA5STRING;\n                              ^\n/usr/local/opt/openssl@3/include/openssl/types.h:51:31: note: previous definition is here\ntypedef struct asn1_string_st ASN1_IA5STRING;\n                              ^\nIn file included from third_party/boringssl/crypto/asn1/a_bitstr.c:62:\nIn file included from third_party/boringssl/include/openssl/mem.h:60:\nthird_party/boringssl/include/openssl/base.h:215:31: error: redefinition of typedef 'ASN1_INTEGER' is a C11 feature [-Werror,-Wtypedef-redefinition]\ntypedef struct asn1_string_st ASN1_INTEGER;\n                              ^\n/usr/local/opt/openssl@3/include/openssl/types.h:45:31: note: previous definition is here\ntypedef struct asn1_string_st ASN1_INTEGER;\n                              ^\nIn file included from third_party/boringssl/crypto/asn1/a_bitstr.c:62:\nIn file included from third_party/boringssl/include/openssl/mem.h:60:\nthird_party/boringssl/include/openssl/base.h:216:31: error: redefinition of typedef 'ASN1_OCTET_STRING' is a C11 feature [-Werror,-Wtypedef-redefinition]\ntypedef struct asn1_string_st ASN1_OCTET_STRING;\n                              ^\n/usr/local/opt/openssl@3/include/openssl/types.h:48:31: note: previous definition is here\ntypedef struct asn1_string_st ASN1_OCTET_STRING;\n                              ^\nIn file included from third_party/boringssl/crypto/asn1/a_bitstr.c:62:\nIn file included from third_party/boringssl/include/openssl/mem.h:60:\nthird_party/boringssl/include/openssl/base.h:217:31: error: redefinition of typedef 'ASN1_PRINTABLESTRING' is a C11 feature [-Werror,-Wtypedef-redefinition]\ntypedef struct asn1_string_st ASN1_PRINTABLESTRING;\n                              ^\n/usr/local/opt/openssl@3/include/openssl/types.h:49:31: note: previous definition is here\ntypedef struct asn1_string_st ASN1_PRINTABLESTRING;\n                              ^\nIn file included from third_party/boringssl/crypto/asn1/a_bitstr.c:62:\nIn file included from third_party/boringssl/include/openssl/mem.h:60:\nthird_party/boringssl/include/openssl/base.h:218:31: error: redefinition of typedef 'ASN1_STRING' is a C11 feature [-Werror,-Wtypedef-redefinition]\ntypedef struct asn1_string_st ASN1_STRING;\n                              ^\n/usr/local/opt/openssl@3/include/openssl/types.h:60:31: note: previous definition is here\ntypedef struct asn1_string_st ASN1_STRING;\n                              ^\nIn file included from third_party/boringssl/crypto/asn1/a_bitstr.c:62:\nIn file included from third_party/boringssl/include/openssl/mem.h:60:\nthird_party/boringssl/include/openssl/base.h:219:31: error: redefinition of typedef 'ASN1_T61STRING' is a C11 feature [-Werror,-Wtypedef-redefinition]\ntypedef struct asn1_string_st ASN1_T61STRING;\n                              ^\n/usr/local/opt/openssl@3/include/openssl/types.h:50:31: note: previous definition is here\ntypedef struct asn1_string_st ASN1_T61STRING;\n                              ^\nfatal error: too many errors emitted, stopping now [-ferror-limit=]\n20 errors generated.\nmake: *** [/Users/runner/actions-runner/_work/python.build/python.build/build_grpcio19038/grpcio-1.9.0/objs/opt/third_party/boringssl/crypto/asn1/a_bitstr.o] Error 1\nIn file included from third_party/boringssl/crypto/asn1/a_bool.c:60:\nIn file included from third_party/boringssl/include/openssl/mem.h:60:\nthird_party/boringssl/include/openssl/base.h:133:9: error: 'OPENSSL_VERSION_NUMBER' macro redefined [-Werror,-Wmacro-redefined]\n#define OPENSSL_VERSION_NUMBER 0x100020af\n        ^\n/usr/local/opt/openssl@3/include/openssl/opensslv.h:99:10: note: previous definition is here\n# define OPENSSL_VERSION_NUMBER          \\\n         ^\nIn file included from third_party/boringssl/crypto/asn1/a_bool.c:60:\nIn file included from third_party/boringssl/include/openssl/mem.h:60:\nthird_party/boringssl/include/openssl/base.h:168:9: error: 'OPENSSL_EXPORT' macro redefined [-Werror,-Wmacro-redefined]\n#define OPENSSL_EXPORT\n        ^\n/usr/local/opt/openssl@3/include/openssl/e_os2.h:183:11: note: previous definition is here\n#  define OPENSSL_EXPORT extern\n          ^\nIn file included from third_party/boringssl/crypto/asn1/a_bool.c:60:\nIn file included from third_party/boringssl/include/openssl/mem.h:60:\nthird_party/boringssl/include/openssl/base.h:202:13: error: typedef redefinition with different types ('int' vs 'struct crypto_threadid_st')\ntypedef int CRYPTO_THREADID;\n            ^\n/usr/local/opt/openssl@3/include/openssl/crypto.h:308:3: note: previous definition is here\n} CRYPTO_THREADID;\n  ^\nIn file included from third_party/boringssl/crypto/asn1/a_bool.c:60:\nIn file included from third_party/boringssl/include/openssl/mem.h:60:\nthird_party/boringssl/include/openssl/base.h:204:13: error: redefinition of typedef 'ASN1_BOOLEAN' is a C11 feature [-Werror,-Wtypedef-redefinition]\ntypedef int ASN1_BOOLEAN;\n            ^\n/usr/local/opt/openssl@3/include/openssl/types.h:61:13: note: previous definition is here\ntypedef int ASN1_BOOLEAN;\n            ^\nIn file included from third_party/boringssl/crypto/asn1/a_bool.c:60:\nIn file included from third_party/boringssl/include/openssl/mem.h:60:\nthird_party/boringssl/include/openssl/base.h:205:13: error: redefinition of typedef 'ASN1_NULL' is a C11 feature [-Werror,-Wtypedef-redefinition]\ntypedef int ASN1_NULL;\n            ^\n/usr/local/opt/openssl@3/include/openssl/types.h:62:13: note: previous definition is here\ntypedef int ASN1_NULL;\n            ^\nIn file included from third_party/boringssl/crypto/asn1/a_bool.c:60:\nIn file included from third_party/boringssl/include/openssl/mem.h:60:\nthird_party/boringssl/include/openssl/base.h:206:29: error: redefinition of typedef 'ASN1_ITEM' is a C11 feature [-Werror,-Wtypedef-redefinition]\ntypedef struct ASN1_ITEM_st ASN1_ITEM;\n                            ^\n/usr/local/opt/openssl@3/include/openssl/types.h:69:29: note: previous definition is here\ntypedef struct ASN1_ITEM_st ASN1_ITEM;\n                            ^\nIn file included from third_party/boringssl/crypto/asn1/a_bool.c:60:\nIn file included from third_party/boringssl/include/openssl/mem.h:60:\nthird_party/boringssl/include/openssl/base.h:207:31: error: redefinition of typedef 'ASN1_OBJECT' is a C11 feature [-Werror,-Wtypedef-redefinition]\ntypedef struct asn1_object_st ASN1_OBJECT;\n                              ^\n/usr/local/opt/openssl@3/include/openssl/types.h:66:31: note: previous definition is here\ntypedef struct asn1_object_st ASN1_OBJECT;\n                              ^\nIn file included from third_party/boringssl/crypto/asn1/a_bool.c:60:\nIn file included from third_party/boringssl/include/openssl/mem.h:60:\nthird_party/boringssl/include/openssl/base.h:208:29: error: redefinition of typedef 'ASN1_PCTX' is a C11 feature [-Werror,-Wtypedef-redefinition]\ntypedef struct asn1_pctx_st ASN1_PCTX;\n                            ^\n/usr/local/opt/openssl@3/include/openssl/types.h:70:29: note: previous definition is here\ntypedef struct asn1_pctx_st ASN1_PCTX;\n                            ^\nIn file included from third_party/boringssl/crypto/asn1/a_bool.c:60:\nIn file included from third_party/boringssl/include/openssl/mem.h:60:\nthird_party/boringssl/include/openssl/base.h:209:31: error: redefinition of typedef 'ASN1_BIT_STRING' is a C11 feature [-Werror,-Wtypedef-redefinition]\ntypedef struct asn1_string_st ASN1_BIT_STRING;\n                              ^\n/usr/local/opt/openssl@3/include/openssl/types.h:47:31: note: previous definition is here\ntypedef struct asn1_string_st ASN1_BIT_STRING;\n                              ^\nIn file included from third_party/boringssl/crypto/asn1/a_bool.c:60:\nIn file included from third_party/boringssl/include/openssl/mem.h:60:\nthird_party/boringssl/include/openssl/base.h:210:31: error: redefinition of typedef 'ASN1_BMPSTRING' is a C11 feature [-Werror,-Wtypedef-redefinition]\ntypedef struct asn1_string_st ASN1_BMPSTRING;\n                              ^\n/usr/local/opt/openssl@3/include/openssl/types.h:54:31: note: previous definition is here\ntypedef struct asn1_string_st ASN1_BMPSTRING;\n                              ^\nIn file included from third_party/boringssl/crypto/asn1/a_bool.c:60:\nIn file included from third_party/boringssl/include/openssl/mem.h:60:\nthird_party/boringssl/include/openssl/base.h:211:31: error: redefinition of typedef 'ASN1_ENUMERATED' is a C11 feature [-Werror,-Wtypedef-redefinition]\ntypedef struct asn1_string_st ASN1_ENUMERATED;\n                              ^\n/usr/local/opt/openssl@3/include/openssl/types.h:46:31: note: previous definition is here\ntypedef struct asn1_string_st ASN1_ENUMERATED;\n                              ^\nIn file included from third_party/boringssl/crypto/asn1/a_bool.c:60:\nIn file included from third_party/boringssl/include/openssl/mem.h:60:\nthird_party/boringssl/include/openssl/base.h:212:31: error: redefinition of typedef 'ASN1_GENERALIZEDTIME' is a C11 feature [-Werror,-Wtypedef-redefinition]\ntypedef struct asn1_string_st ASN1_GENERALIZEDTIME;\n                              ^\n/usr/local/opt/openssl@3/include/openssl/types.h:57:31: note: previous definition is here\ntypedef struct asn1_string_st ASN1_GENERALIZEDTIME;\n                              ^\nIn file included from third_party/boringssl/crypto/asn1/a_bool.c:60:\nIn file included from third_party/boringssl/include/openssl/mem.h:60:\nthird_party/boringssl/include/openssl/base.h:213:31: error: redefinition of typedef 'ASN1_GENERALSTRING' is a C11 feature [-Werror,-Wtypedef-redefinition]\ntypedef struct asn1_string_st ASN1_GENERALSTRING;\n                              ^\n/usr/local/opt/openssl@3/include/openssl/types.h:52:31: note: previous definition is here\ntypedef struct asn1_string_st ASN1_GENERALSTRING;\n                              ^\nIn file included from third_party/boringssl/crypto/asn1/a_bool.c:60:\nIn file included from third_party/boringssl/include/openssl/mem.h:60:\nthird_party/boringssl/include/openssl/base.h:214:31: error: redefinition of typedef 'ASN1_IA5STRING' is a C11 feature [-Werror,-Wtypedef-redefinition]\ntypedef struct asn1_string_st ASN1_IA5STRING;\n                              ^\n/usr/local/opt/openssl@3/include/openssl/types.h:51:31: note: previous definition is here\ntypedef struct asn1_string_st ASN1_IA5STRING;\n                              ^\nIn file included from third_party/boringssl/crypto/asn1/a_bool.c:60:\nIn file included from third_party/boringssl/include/openssl/mem.h:60:\nthird_party/boringssl/include/openssl/base.h:215:31: error: redefinition of typedef 'ASN1_INTEGER' is a C11 feature [-Werror,-Wtypedef-redefinition]\ntypedef struct asn1_string_st ASN1_INTEGER;\n                              ^\n/usr/local/opt/openssl@3/include/openssl/types.h:45:31: note: previous definition is here\ntypedef struct asn1_string_st ASN1_INTEGER;\n                              ^\nIn file included from third_party/boringssl/crypto/asn1/a_bool.c:60:\nIn file included from third_party/boringssl/include/openssl/mem.h:60:\nthird_party/boringssl/include/openssl/base.h:216:31: error: redefinition of typedef 'ASN1_OCTET_STRING' is a C11 feature [-Werror,-Wtypedef-redefinition]\ntypedef struct asn1_string_st ASN1_OCTET_STRING;\n                              ^\n/usr/local/opt/openssl@3/include/openssl/types.h:48:31: note: previous definition is here\ntypedef struct asn1_string_st ASN1_OCTET_STRING;\n                              ^\nIn file included from third_party/boringssl/crypto/asn1/a_bool.c:60:\nIn file included from third_party/boringssl/include/openssl/mem.h:60:\nthird_party/boringssl/include/openssl/base.h:217:31: error: redefinition of typedef 'ASN1_PRINTABLESTRING' is a C11 feature [-Werror,-Wtypedef-redefinition]\ntypedef struct asn1_string_st ASN1_PRINTABLESTRING;\n                              ^\n/usr/local/opt/openssl@3/include/openssl/types.h:49:31: note: previous definition is here\ntypedef struct asn1_string_st ASN1_PRINTABLESTRING;\n                              ^\nIn file included from third_party/boringssl/crypto/asn1/a_bool.c:60:\nIn file included from third_party/boringssl/include/openssl/mem.h:60:\nthird_party/boringssl/include/openssl/base.h:218:31: error: redefinition of typedef 'ASN1_STRING' is a C11 feature [-Werror,-Wtypedef-redefinition]\ntypedef struct asn1_string_st ASN1_STRING;\n                              ^\n/usr/local/opt/openssl@3/include/openssl/types.h:60:31: note: previous definition is here\ntypedef struct asn1_string_st ASN1_STRING;\n                              ^\nIn file included from third_party/boringssl/crypto/asn1/a_bool.c:60:\nIn file included from third_party/boringssl/include/openssl/mem.h:60:\nthird_party/boringssl/include/openssl/base.h:219:31: error: redefinition of typedef 'ASN1_T61STRING' is a C11 feature [-Werror,-Wtypedef-redefinition]\ntypedef struct asn1_string_st ASN1_T61STRING;\n                              ^\n/usr/local/opt/openssl@3/include/openssl/types.h:50:31: note: previous definition is here\ntypedef struct asn1_string_st ASN1_T61STRING;\n                              ^\nfatal error: too many errors emitted, stopping now [-ferror-limit=]\n20 errors generated.\nIn file included from third_party/boringssl/crypto/asn1/a_d2i_fp.c:61:\nIn file included from third_party/boringssl/include/openssl/buf.h:60:\nthird_party/boringssl/include/openssl/base.h:133:9: error: 'OPENSSL_VERSION_NUMBER' macro redefined [-Werror,-Wmacro-redefined]\n#define OPENSSL_VERSION_NUMBER 0x100020af\n        ^\n/usr/local/opt/openssl@3/include/openssl/opensslv.h:99:10: note: previous definition is here\n# define OPENSSL_VERSION_NUMBER          \\\n         ^\nIn file included from third_party/boringssl/crypto/asn1/a_d2i_fp.c:61:\nIn file included from third_party/boringssl/include/openssl/buf.h:60:\nthird_party/boringssl/include/openssl/base.h:168:9: error: 'OPENSSL_EXPORT' macro redefined [-Werror,-Wmacro-redefined]\n#define OPENSSL_EXPORT\n        ^\n/usr/local/opt/openssl@3/include/openssl/e_os2.h:183:11: note: previous definition is here\n#  define OPENSSL_EXPORT extern\n          ^\nIn file included from third_party/boringssl/crypto/asn1/a_d2i_fp.c:61:\nIn file included from third_party/boringssl/include/openssl/buf.h:60:\nthird_party/boringssl/include/openssl/base.h:202:13: error: typedef redefinition with different types ('int' vs 'struct crypto_threadid_st')\ntypedef int CRYPTO_THREADID;\n            ^\n/usr/local/opt/openssl@3/include/openssl/crypto.h:308:3: note: previous definition is here\n} CRYPTO_THREADID;\n  ^\nIn file included from third_party/boringssl/crypto/asn1/a_d2i_fp.c:61:\nIn file included from third_party/boringssl/include/openssl/buf.h:60:\nthird_party/boringssl/include/openssl/base.h:204:13: error: redefinition of typedef 'ASN1_BOOLEAN' is a C11 feature [-Werror,-Wtypedef-redefinition]\ntypedef int ASN1_BOOLEAN;\n            ^\n/usr/local/opt/openssl@3/include/openssl/types.h:61:13: note: previous definition is here\ntypedef int ASN1_BOOLEAN;\n            ^\nIn file included from third_party/boringssl/crypto/asn1/a_d2i_fp.c:61:\nIn file included from third_party/boringssl/include/openssl/buf.h:60:\nthird_party/boringssl/include/openssl/base.h:205:13: error: redefinition of typedef 'ASN1_NULL' is a C11 feature [-Werror,-Wtypedef-redefinition]\ntypedef int ASN1_NULL;\n            ^\n/usr/local/opt/openssl@3/include/openssl/types.h:62:13: note: previous definition is here\ntypedef int ASN1_NULL;\n            ^\nIn file included from third_party/boringssl/crypto/asn1/a_d2i_fp.c:61:\nIn file included from third_party/boringssl/include/openssl/buf.h:60:\nthird_party/boringssl/include/openssl/base.h:206:29: error: redefinition of typedef 'ASN1_ITEM' is a C11 feature [-Werror,-Wtypedef-redefinition]\ntypedef struct ASN1_ITEM_st ASN1_ITEM;\n                            ^\n/usr/local/opt/openssl@3/include/openssl/types.h:69:29: note: previous definition is here\ntypedef struct ASN1_ITEM_st ASN1_ITEM;\n                            ^\nIn file included from third_party/boringssl/crypto/asn1/a_d2i_fp.c:61:\nIn file included from third_party/boringssl/include/openssl/buf.h:60:\nthird_party/boringssl/include/openssl/base.h:207:31: error: redefinition of typedef 'ASN1_OBJECT' is a C11 feature [-Werror,-Wtypedef-redefinition]\ntypedef struct asn1_object_st ASN1_OBJECT;\n                              ^\n/usr/local/opt/openssl@3/include/openssl/types.h:66:31: note: previous definition is here\ntypedef struct asn1_object_st ASN1_OBJECT;\n                              ^\nIn file included from third_party/boringssl/crypto/asn1/a_d2i_fp.c:61:\nIn file included from third_party/boringssl/include/openssl/buf.h:60:\nthird_party/boringssl/include/openssl/base.h:208:29: error: redefinition of typedef 'ASN1_PCTX' is a C11 feature [-Werror,-Wtypedef-redefinition]\ntypedef struct asn1_pctx_st ASN1_PCTX;\n                            ^\n/usr/local/opt/openssl@3/include/openssl/types.h:70:29: note: previous definition is here\ntypedef struct asn1_pctx_st ASN1_PCTX;\n                            ^\nIn file included from third_party/boringssl/crypto/asn1/a_d2i_fp.c:61:\nIn file included from third_party/boringssl/include/openssl/buf.h:60:\nthird_party/boringssl/include/openssl/base.h:209:31: error: redefinition of typedef 'ASN1_BIT_STRING' is a C11 feature [-Werror,-Wtypedef-redefinition]\ntypedef struct asn1_string_st ASN1_BIT_STRING;\n                              ^\n/usr/local/opt/openssl@3/include/openssl/types.h:47:31: note: previous definition is here\ntypedef struct asn1_string_st ASN1_BIT_STRING;\n                              ^\nIn file included from third_party/boringssl/crypto/asn1/a_d2i_fp.c:61:\nIn file included from third_party/boringssl/include/openssl/buf.h:60:\nthird_party/boringssl/include/openssl/base.h:210:31: error: redefinition of typedef 'ASN1_BMPSTRING' is a C11 feature [-Werror,-Wtypedef-redefinition]\ntypedef struct asn1_string_st ASN1_BMPSTRING;\n                              ^\n/usr/local/opt/openssl@3/include/openssl/types.h:54:31: note: previous definition is here\ntypedef struct asn1_string_st ASN1_BMPSTRING;\n                              ^\nIn file included from third_party/boringssl/crypto/asn1/a_d2i_fp.c:61:\nIn file included from third_party/boringssl/include/openssl/buf.h:60:\nthird_party/boringssl/include/openssl/base.h:211:31: error: redefinition of typedef 'ASN1_ENUMERATED' is a C11 feature [-Werror,-Wtypedef-redefinition]\ntypedef struct asn1_string_st ASN1_ENUMERATED;\n                              ^\n/usr/local/opt/openssl@3/include/openssl/types.h:46:31: note: previous definition is here\ntypedef struct asn1_string_st ASN1_ENUMERATED;\n                              ^\nIn file included from third_party/boringssl/crypto/asn1/a_d2i_fp.c:61:\nIn file included from third_party/boringssl/include/openssl/buf.h:60:\nthird_party/boringssl/include/openssl/base.h:212:31: error: redefinition of typedef 'ASN1_GENERALIZEDTIME' is a C11 feature [-Werror,-Wtypedef-redefinition]\ntypedef struct asn1_string_st ASN1_GENERALIZEDTIME;\n                              ^\n/usr/local/opt/openssl@3/include/openssl/types.h:57:31: note: previous definition is here\ntypedef struct asn1_string_st ASN1_GENERALIZEDTIME;\n                              ^\nIn file included from third_party/boringssl/crypto/asn1/a_d2i_fp.c:61:\nIn file included from third_party/boringssl/include/openssl/buf.h:60:\nthird_party/boringssl/include/openssl/base.h:213:31: error: redefinition of typedef 'ASN1_GENERALSTRING' is a C11 feature [-Werror,-Wtypedef-redefinition]\ntypedef struct asn1_string_st ASN1_GENERALSTRING;\n                              ^\n/usr/local/opt/openssl@3/include/openssl/types.h:52:31: note: previous definition is here\ntypedef struct asn1_string_st ASN1_GENERALSTRING;\n                              ^\nIn file included from third_party/boringssl/crypto/asn1/a_d2i_fp.c:61:\nIn file included from third_party/boringssl/include/openssl/buf.h:60:\nthird_party/boringssl/include/openssl/base.h:214:31: error: redefinition of typedef 'ASN1_IA5STRING' is a C11 feature [-Werror,-Wtypedef-redefinition]\ntypedef struct asn1_string_st ASN1_IA5STRING;\n                              ^\n/usr/local/opt/openssl@3/include/openssl/types.h:51:31: note: previous definition is here\ntypedef struct asn1_string_st ASN1_IA5STRING;\n                              ^\nIn file included from third_party/boringssl/crypto/asn1/a_d2i_fp.c:61:\nIn file included from third_party/boringssl/include/openssl/buf.h:60:\nthird_party/boringssl/include/openssl/base.h:215:31: error: redefinition of typedef 'ASN1_INTEGER' is a C11 feature [-Werror,-Wtypedef-redefinition]\ntypedef struct asn1_string_st ASN1_INTEGER;\n                              ^\n/usr/local/opt/openssl@3/include/openssl/types.h:45:31: note: previous definition is here\ntypedef struct asn1_string_st ASN1_INTEGER;\n                              ^\nIn file included from third_party/boringssl/crypto/asn1/a_d2i_fp.c:61:\nIn file included from third_party/boringssl/include/openssl/buf.h:60:\nthird_party/boringssl/include/openssl/base.h:216:31: error: redefinition of typedef 'ASN1_OCTET_STRING' is a C11 feature [-Werror,-Wtypedef-redefinition]\nmake: *** [/Users/runner/actions-runner/_work/python.build/python.build/build_grpcio19038/grpcio-1.9.0/objs/opt/third_party/boringssl/crypto/asn1/a_bool.o] Error 1\ntypedef struct asn1_string_st ASN1_OCTET_STRING;\n                              ^\n/usr/local/opt/openssl@3/include/openssl/types.h:48:31: note: previous definition is here\ntypedef struct asn1_string_st ASN1_OCTET_STRING;\n                              ^\nIn file included from third_party/boringssl/crypto/asn1/a_d2i_fp.c:61:\nIn file included from third_party/boringssl/include/openssl/buf.h:60:\nthird_party/boringssl/include/openssl/base.h:217:31: error: redefinition of typedef 'ASN1_PRINTABLESTRING' is a C11 feature [-Werror,-Wtypedef-redefinition]\ntypedef struct asn1_string_st ASN1_PRINTABLESTRING;\n                              ^\n/usr/local/opt/openssl@3/include/openssl/types.h:49:31: note: previous definition is here\ntypedef struct asn1_string_st ASN1_PRINTABLESTRING;\n                              ^\nIn file included from third_party/boringssl/crypto/asn1/a_d2i_fp.c:61:\nIn file included from third_party/boringssl/include/openssl/buf.h:60:\nthird_party/boringssl/include/openssl/base.h:218:31: error: redefinition of typedef 'ASN1_STRING' is a C11 feature [-Werror,-Wtypedef-redefinition]\ntypedef struct asn1_string_st ASN1_STRING;\n                              ^\n/usr/local/opt/openssl@3/include/openssl/types.h:60:31: note: previous definition is here\ntypedef struct asn1_string_st ASN1_STRING;\n                              ^\nIn file included from third_party/boringssl/crypto/asn1/a_d2i_fp.c:61:\nIn file included from third_party/boringssl/include/openssl/buf.h:60:\nthird_party/boringssl/include/openssl/base.h:219:31: error: redefinition of typedef 'ASN1_T61STRING' is a C11 feature [-Werror,-Wtypedef-redefinition]\ntypedef struct asn1_string_st ASN1_T61STRING;\n                              ^\n/usr/local/opt/openssl@3/include/openssl/types.h:50:31: note: previous definition is here\ntypedef struct asn1_string_st ASN1_T61STRING;\n                              ^\nfatal error: too many errors emitted, stopping now [-ferror-limit=]\n20 errors generated.\nmake: *** [/Users/runner/actions-runner/_work/python.build/python.build/build_grpcio19038/grpcio-1.9.0/objs/opt/third_party/boringssl/crypto/asn1/a_d2i_fp.o] Error 1\nIn file included from third_party/boringssl/crypto/asn1/a_dup.c:60:\nIn file included from third_party/boringssl/include/openssl/mem.h:60:\nthird_party/boringssl/include/openssl/base.h:133:9: error: 'OPENSSL_VERSION_NUMBER' macro redefined [-Werror,-Wmacro-redefined]\n#define OPENSSL_VERSION_NUMBER 0x100020af\n        ^\n/usr/local/opt/openssl@3/include/openssl/opensslv.h:99:10: note: previous definition is here\n# define OPENSSL_VERSION_NUMBER          \\\n         ^\nIn file included from third_party/boringssl/crypto/asn1/a_dup.c:60:\nIn file included from third_party/boringssl/include/openssl/mem.h:60:\nthird_party/boringssl/include/openssl/base.h:168:9: error: 'OPENSSL_EXPORT' macro redefined [-Werror,-Wmacro-redefined]\n#define OPENSSL_EXPORT\n        ^\n/usr/local/opt/openssl@3/include/openssl/e_os2.h:183:11: note: previous definition is here\n#  define OPENSSL_EXPORT extern\n          ^\nIn file included from third_party/boringssl/crypto/asn1/a_dup.c:60:\nIn file included from third_party/boringssl/include/openssl/mem.h:60:\nthird_party/boringssl/include/openssl/base.h:202:13: error: typedef redefinition with different types ('int' vs 'struct crypto_threadid_st')\ntypedef int CRYPTO_THREADID;\n            ^\n/usr/local/opt/openssl@3/include/openssl/crypto.h:308:3: note: previous definition is here\n} CRYPTO_THREADID;\n  ^\nIn file included from third_party/boringssl/crypto/asn1/a_dup.c:60:\nIn file included from third_party/boringssl/include/openssl/mem.h:60:\nthird_party/boringssl/include/openssl/base.h:204:13: error: redefinition of typedef 'ASN1_BOOLEAN' is a C11 feature [-Werror,-Wtypedef-redefinition]\ntypedef int ASN1_BOOLEAN;\n            ^\n/usr/local/opt/openssl@3/include/openssl/types.h:61:13: note: previous definition is here\ntypedef int ASN1_BOOLEAN;\n            ^\nIn file included from third_party/boringssl/crypto/asn1/a_dup.c:60:\nIn file included from third_party/boringssl/include/openssl/mem.h:60:\nthird_party/boringssl/include/openssl/base.h:205:13: error: redefinition of typedef 'ASN1_NULL' is a C11 feature [-Werror,-Wtypedef-redefinition]\ntypedef int ASN1_NULL;\n            ^\n/usr/local/opt/openssl@3/include/openssl/types.h:62:13: note: previous definition is here\ntypedef int ASN1_NULL;\n            ^\nIn file included from third_party/boringssl/crypto/asn1/a_dup.c:60:\nIn file included from third_party/boringssl/include/openssl/mem.h:60:\nthird_party/boringssl/include/openssl/base.h:206:29: error: redefinition of typedef 'ASN1_ITEM' is a C11 feature [-Werror,-Wtypedef-redefinition]\ntypedef struct ASN1_ITEM_st ASN1_ITEM;\n                            ^\n/usr/local/opt/openssl@3/include/openssl/types.h:69:29: note: previous definition is here\ntypedef struct ASN1_ITEM_st ASN1_ITEM;\n                            ^\nIn file included from third_party/boringssl/crypto/asn1/a_dup.c:60:\nIn file included from third_party/boringssl/include/openssl/mem.h:60:\nthird_party/boringssl/include/openssl/base.h:207:31: error: redefinition of typedef 'ASN1_OBJECT' is a C11 feature [-Werror,-Wtypedef-redefinition]\ntypedef struct asn1_object_st ASN1_OBJECT;\n                              ^\n/usr/local/opt/openssl@3/include/openssl/types.h:66:31: note: previous definition is here\ntypedef struct asn1_object_st ASN1_OBJECT;\n                              ^\nIn file included from third_party/boringssl/crypto/asn1/a_dup.c:60:\nIn file included from third_party/boringssl/include/openssl/mem.h:60:\nthird_party/boringssl/include/openssl/base.h:208:29: error: redefinition of typedef 'ASN1_PCTX' is a C11 feature [-Werror,-Wtypedef-redefinition]\ntypedef struct asn1_pctx_st ASN1_PCTX;\n                            ^\n/usr/local/opt/openssl@3/include/openssl/types.h:70:29: note: previous definition is here\ntypedef struct asn1_pctx_st ASN1_PCTX;\n                            ^\nIn file included from third_party/boringssl/crypto/asn1/a_dup.c:60:\nIn file included from third_party/boringssl/include/openssl/mem.h:60:\nthird_party/boringssl/include/openssl/base.h:209:31: error: redefinition of typedef 'ASN1_BIT_STRING' is a C11 feature [-Werror,-Wtypedef-redefinition]\ntypedef struct asn1_string_st ASN1_BIT_STRING;\n                              ^\n/usr/local/opt/openssl@3/include/openssl/types.h:47:31: note: previous definition is here\ntypedef struct asn1_string_st ASN1_BIT_STRING;\n                              ^\nIn file included from third_party/boringssl/crypto/asn1/a_dup.c:60:\nIn file included from third_party/boringssl/include/openssl/mem.h:60:\nthird_party/boringssl/include/openssl/base.h:210:31: error: redefinition of typedef 'ASN1_BMPSTRING' is a C11 feature [-Werror,-Wtypedef-redefinition]\ntypedef struct asn1_string_st ASN1_BMPSTRING;\n                              ^\n/usr/local/opt/openssl@3/include/openssl/types.h:54:31: note: previous definition is here\ntypedef struct asn1_string_st ASN1_BMPSTRING;\n                              ^\nIn file included from third_party/boringssl/crypto/asn1/a_dup.c:60:\nIn file included from third_party/boringssl/include/openssl/mem.h:60:\nthird_party/boringssl/include/openssl/base.h:211:31: error: redefinition of typedef 'ASN1_ENUMERATED' is a C11 feature [-Werror,-Wtypedef-redefinition]\ntypedef struct asn1_string_st ASN1_ENUMERATED;\n                              ^\n/usr/local/opt/openssl@3/include/openssl/types.h:46:31: note: previous definition is here\ntypedef struct asn1_string_st ASN1_ENUMERATED;\n                              ^\nIn file included from third_party/boringssl/crypto/asn1/a_dup.c:60:\nIn file included from third_party/boringssl/include/openssl/mem.h:60:\nthird_party/boringssl/include/openssl/base.h:212:31: error: redefinition of typedef 'ASN1_GENERALIZEDTIME' is a C11 feature [-Werror,-Wtypedef-redefinition]\ntypedef struct asn1_string_st ASN1_GENERALIZEDTIME;\n                              ^\n/usr/local/opt/openssl@3/include/openssl/types.h:57:31: note: previous definition is here\ntypedef struct asn1_string_st ASN1_GENERALIZEDTIME;\n                              ^\nIn file included from third_party/boringssl/crypto/asn1/a_dup.c:60:\nIn file included from third_party/boringssl/include/openssl/mem.h:60:\nthird_party/boringssl/include/openssl/base.h:213:31: error: redefinition of typedef 'ASN1_GENERALSTRING' is a C11 feature [-Werror,-Wtypedef-redefinition]\ntypedef struct asn1_string_st ASN1_GENERALSTRING;\n                              ^\n/usr/local/opt/openssl@3/include/openssl/types.h:52:31: note: previous definition is here\ntypedef struct asn1_string_st ASN1_GENERALSTRING;\n                              ^\nIn file included from third_party/boringssl/crypto/asn1/a_dup.c:60:\nIn file included from third_party/boringssl/include/openssl/mem.h:60:\nthird_party/boringssl/include/openssl/base.h:214:31: error: redefinition of typedef 'ASN1_IA5STRING' is a C11 feature [-Werror,-Wtypedef-redefinition]\ntypedef struct asn1_string_st ASN1_IA5STRING;\n                              ^\n/usr/local/opt/openssl@3/include/openssl/types.h:51:31: note: previous definition is here\ntypedef struct asn1_string_st ASN1_IA5STRING;\n                              ^\nIn file included from third_party/boringssl/crypto/asn1/a_dup.c:60:\nIn file included from third_party/boringssl/include/openssl/mem.h:60:\nthird_party/boringssl/include/openssl/base.h:215:31: error: redefinition of typedef 'ASN1_INTEGER' is a C11 feature [-Werror,-Wtypedef-redefinition]\ntypedef struct asn1_string_st ASN1_INTEGER;\n                              ^\n/usr/local/opt/openssl@3/include/openssl/types.h:45:31: note: previous definition is here\ntypedef struct asn1_string_st ASN1_INTEGER;\n                              ^\nIn file included from third_party/boringssl/crypto/asn1/a_dup.c:60:\nIn file included from third_party/boringssl/include/openssl/mem.h:60:\nthird_party/boringssl/include/openssl/base.h:216:31: error: redefinition of typedef 'ASN1_OCTET_STRING' is a C11 feature [-Werror,-Wtypedef-redefinition]\ntypedef struct asn1_string_st ASN1_OCTET_STRING;\n                              ^\n/usr/local/opt/openssl@3/include/openssl/types.h:48:31: note: previous definition is here\ntypedef struct asn1_string_st ASN1_OCTET_STRING;\n                              ^\nIn file included from third_party/boringssl/crypto/asn1/a_dup.c:60:\nIn file included from third_party/boringssl/include/openssl/mem.h:60:\nthird_party/boringssl/include/openssl/base.h:217:31: error: redefinition of typedef 'ASN1_PRINTABLESTRING' is a C11 feature [-Werror,-Wtypedef-redefinition]\ntypedef struct asn1_string_st ASN1_PRINTABLESTRING;\n                              ^\n/usr/local/opt/openssl@3/include/openssl/types.h:49:31: note: previous definition is here\ntypedef struct asn1_string_st ASN1_PRINTABLESTRING;\n                              ^\nIn file included from third_party/boringssl/crypto/asn1/a_dup.c:60:\nIn file included from third_party/boringssl/include/openssl/mem.h:60:\nthird_party/boringssl/include/openssl/base.h:218:31: error: redefinition of typedef 'ASN1_STRING' is a C11 feature [-Werror,-Wtypedef-redefinition]\ntypedef struct asn1_string_st ASN1_STRING;\n                              ^\n/usr/local/opt/openssl@3/include/openssl/types.h:60:31: note: previous definition is here\ntypedef struct asn1_string_st ASN1_STRING;\n                              ^\nIn file included from third_party/boringssl/crypto/asn1/a_dup.c:60:\nIn file included from third_party/boringssl/include/openssl/mem.h:60:\nthird_party/boringssl/include/openssl/base.h:219:31: error: redefinition of typedef 'ASN1_T61STRING' is a C11 feature [-Werror,-Wtypedef-redefinition]\ntypedef struct asn1_string_st ASN1_T61STRING;\n                              ^\n/usr/local/opt/openssl@3/include/openssl/types.h:50:31: note: previous definition is here\ntypedef struct asn1_string_st ASN1_T61STRING;\n                              ^\nfatal error: too many errors emitted, stopping now [-ferror-limit=]\n20 errors generated.\nmake: *** [/Users/runner/actions-runner/_work/python.build/python.build/build_grpcio19038/grpcio-1.9.0/objs/opt/third_party/boringssl/crypto/asn1/a_dup.o] Error 1\n"
2022-12-27T02:27:32.9678460Z   Traceback (most recent call last):
2022-12-27T02:27:32.9684790Z     File "<string>", line 2, in <module>
2022-12-27T02:27:32.9685220Z     File "<pip-setuptools-caller>", line 34, in <module>
2022-12-27T02:27:32.9685610Z     File "/Users/runner/actions-runner/_work/python.build/python.build/build_grpcio19038/grpcio-1.9.0/setup.py", line 294, in <module>
2022-12-27T02:27:32.9685860Z       setuptools.setup(
2022-12-27T02:27:32.9686290Z     File "/private/var/folders/51/hd414ycd67n82196sw51xqtc0000gn/T/cibw-run-tpvyw8td/cp38-macosx_arm64/build/venv/lib/python3.8/site-packages/setuptools/__init__.py", line 87, in setup
2022-12-27T02:27:32.9686610Z       return distutils.core.setup(**attrs)
2022-12-27T02:27:32.9687020Z     File "/private/var/folders/51/hd414ycd67n82196sw51xqtc0000gn/T/cibw-run-tpvyw8td/cp38-macosx_arm64/build/venv/lib/python3.8/site-packages/setuptools/_distutils/core.py", line 185, in setup
2022-12-27T02:27:32.9687270Z       return run_commands(dist)
2022-12-27T02:27:32.9687840Z     File "/private/var/folders/51/hd414ycd67n82196sw51xqtc0000gn/T/cibw-run-tpvyw8td/cp38-macosx_arm64/build/venv/lib/python3.8/site-packages/setuptools/_distutils/core.py", line 201, in run_commands
2022-12-27T02:27:32.9688210Z       dist.run_commands()
2022-12-27T02:27:32.9688640Z     File "/private/var/folders/51/hd414ycd67n82196sw51xqtc0000gn/T/cibw-run-tpvyw8td/cp38-macosx_arm64/build/venv/lib/python3.8/site-packages/setuptools/_distutils/dist.py", line 969, in run_commands
2022-12-27T02:27:32.9688930Z       self.run_command(cmd)
2022-12-27T02:27:32.9689310Z     File "/private/var/folders/51/hd414ycd67n82196sw51xqtc0000gn/T/cibw-run-tpvyw8td/cp38-macosx_arm64/build/venv/lib/python3.8/site-packages/setuptools/dist.py", line 1208, in run_command
2022-12-27T02:27:32.9689650Z       super().run_command(command)
2022-12-27T02:27:32.9690060Z     File "/private/var/folders/51/hd414ycd67n82196sw51xqtc0000gn/T/cibw-run-tpvyw8td/cp38-macosx_arm64/build/venv/lib/python3.8/site-packages/setuptools/_distutils/dist.py", line 988, in run_command
2022-12-27T02:27:32.9690340Z       cmd_obj.run()
2022-12-27T02:27:32.9690760Z     File "/private/var/folders/51/hd414ycd67n82196sw51xqtc0000gn/T/cibw-run-tpvyw8td/cp38-macosx_arm64/build/venv/lib/python3.8/site-packages/wheel/bdist_wheel.py", line 325, in run
2022-12-27T02:27:32.9691010Z       self.run_command("build")
2022-12-27T02:27:32.9691400Z     File "/private/var/folders/51/hd414ycd67n82196sw51xqtc0000gn/T/cibw-run-tpvyw8td/cp38-macosx_arm64/build/venv/lib/python3.8/site-packages/setuptools/_distutils/cmd.py", line 318, in run_command
2022-12-27T02:27:32.9691700Z       self.distribution.run_command(command)
2022-12-27T02:27:32.9692290Z     File "/private/var/folders/51/hd414ycd67n82196sw51xqtc0000gn/T/cibw-run-tpvyw8td/cp38-macosx_arm64/build/venv/lib/python3.8/site-packages/setuptools/dist.py", line 1208, in run_command
2022-12-27T02:27:32.9692570Z       super().run_command(command)
2022-12-27T02:27:32.9692980Z     File "/private/var/folders/51/hd414ycd67n82196sw51xqtc0000gn/T/cibw-run-tpvyw8td/cp38-macosx_arm64/build/venv/lib/python3.8/site-packages/setuptools/_distutils/dist.py", line 988, in run_command
2022-12-27T02:27:32.9693380Z       cmd_obj.run()
2022-12-27T02:27:32.9693790Z     File "/private/var/folders/51/hd414ycd67n82196sw51xqtc0000gn/T/cibw-run-tpvyw8td/cp38-macosx_arm64/build/venv/lib/python3.8/site-packages/setuptools/_distutils/command/build.py", line 132, in run
2022-12-27T02:27:32.9694080Z       self.run_command(cmd_name)
2022-12-27T02:27:32.9694570Z     File "/private/var/folders/51/hd414ycd67n82196sw51xqtc0000gn/T/cibw-run-tpvyw8td/cp38-macosx_arm64/build/venv/lib/python3.8/site-packages/setuptools/_distutils/cmd.py", line 318, in run_command
2022-12-27T02:27:32.9694830Z       self.distribution.run_command(command)
2022-12-27T02:27:32.9695260Z     File "/private/var/folders/51/hd414ycd67n82196sw51xqtc0000gn/T/cibw-run-tpvyw8td/cp38-macosx_arm64/build/venv/lib/python3.8/site-packages/setuptools/dist.py", line 1208, in run_command
2022-12-27T02:27:32.9695540Z       super().run_command(command)
2022-12-27T02:27:32.9695950Z     File "/private/var/folders/51/hd414ycd67n82196sw51xqtc0000gn/T/cibw-run-tpvyw8td/cp38-macosx_arm64/build/venv/lib/python3.8/site-packages/setuptools/_distutils/dist.py", line 988, in run_command
2022-12-27T02:27:32.9696210Z       cmd_obj.run()
2022-12-27T02:27:32.9696550Z     File "/private/var/folders/51/hd414ycd67n82196sw51xqtc0000gn/T/cibw-run-tpvyw8td/cp38-macosx_arm64/build/venv/lib/python3.8/site-packages/setuptools/command/build_ext.py", line 84, in run
2022-12-27T02:27:32.9696840Z       _build_ext.run(self)
2022-12-27T02:27:32.9697240Z     File "/private/var/folders/51/hd414ycd67n82196sw51xqtc0000gn/T/cibw-run-tpvyw8td/cp38-macosx_arm64/build/venv/lib/python3.8/site-packages/Cython/Distutils/old_build_ext.py", line 186, in run
2022-12-27T02:27:32.9697490Z       _build_ext.build_ext.run(self)
2022-12-27T02:27:32.9697880Z     File "/private/var/folders/51/hd414ycd67n82196sw51xqtc0000gn/T/cibw-run-tpvyw8td/cp38-macosx_arm64/build/venv/lib/python3.8/site-packages/setuptools/_distutils/command/build_ext.py", line 346, in run
2022-12-27T02:27:32.9698240Z       self.build_extensions()
2022-12-27T02:27:32.9698700Z     File "/Users/runner/actions-runner/_work/python.build/python.build/build_grpcio19038/grpcio-1.9.0/src/python/grpcio/commands.py", line 278, in build_extensions
2022-12-27T02:27:32.9699000Z       raise Exception("make command failed!")
2022-12-27T02:27:32.9699210Z   Exception: make command failed!
2022-12-27T02:27:33.0086110Z   error: subprocess-exited-with-error
2022-12-27T02:27:33.0086410Z   
2022-12-27T02:27:33.0086800Z   × python setup.py bdist_wheel did not run successfully.
2022-12-27T02:27:33.0087130Z   │ exit code: 1
2022-12-27T02:27:33.0087410Z   ╰─> See above for output.
2022-12-27T02:27:33.0087630Z   
2022-12-27T02:27:33.0087940Z   note: This error originates from a subprocess, and is likely not a problem with pip.
2022-12-27T02:27:33.0102670Z   full command: /private/var/folders/51/hd414ycd67n82196sw51xqtc0000gn/T/cibw-run-tpvyw8td/cp38-macosx_arm64/build/venv/bin/python -u -c '
2022-12-27T02:27:33.0103160Z   exec(compile('"'"''"'"''"'"'
2022-12-27T02:27:33.0103690Z   # This is <pip-setuptools-caller> -- a caller that pip uses to run setup.py
2022-12-27T02:27:33.0103970Z   #
2022-12-27T02:27:33.0104360Z   # - It imports setuptools before invoking setup.py, to enable projects that directly
2022-12-27T02:27:33.0104810Z   #   import from `distutils.core` to work with newer packaging standards.
2022-12-27T02:27:33.0105280Z   # - It provides a clear error message when setuptools is not installed.
2022-12-27T02:27:33.0105760Z   # - It sets `sys.argv[0]` to the underlying `setup.py`, when invoking `setup.py` so
2022-12-27T02:27:33.0106200Z   #   setuptools doesn'"'"'t think the script is `-c`. This avoids the following warning:
2022-12-27T02:27:33.0106630Z   #     manifest_maker: standard file '"'"'-c'"'"' not found".
2022-12-27T02:27:33.0107080Z   # - It generates a shim setup.py, for handling setup.cfg-only projects.
2022-12-27T02:27:33.0107730Z   import os, sys, tokenize
2022-12-27T02:27:33.0107970Z   
2022-12-27T02:27:33.0108140Z   try:
2022-12-27T02:27:33.0108670Z       import setuptools
2022-12-27T02:27:33.0108910Z   except ImportError as error:
2022-12-27T02:27:33.0109170Z       print(
2022-12-27T02:27:33.0109480Z           "ERROR: Can not execute `setup.py` since setuptools is not available in "
2022-12-27T02:27:33.0109780Z           "the build environment.",
2022-12-27T02:27:33.0110110Z           file=sys.stderr,
2022-12-27T02:27:33.0110360Z       )
2022-12-27T02:27:33.0110550Z       sys.exit(1)
2022-12-27T02:27:33.0110790Z   
2022-12-27T02:27:33.0111020Z   __file__ = %r
2022-12-27T02:27:33.0111330Z   sys.argv[0] = __file__
2022-12-27T02:27:33.0111570Z   
2022-12-27T02:27:33.0111730Z   if os.path.exists(__file__):
2022-12-27T02:27:33.0111900Z       filename = __file__
2022-12-27T02:27:33.0112120Z       with tokenize.open(__file__) as f:
2022-12-27T02:27:33.0112330Z           setup_py_code = f.read()
2022-12-27T02:27:33.0112490Z   else:
2022-12-27T02:27:33.0112760Z       filename = "<auto-generated setuptools caller>"
2022-12-27T02:27:33.0113030Z       setup_py_code = "from setuptools import setup; setup()"
2022-12-27T02:27:33.0113270Z   
2022-12-27T02:27:33.0113440Z   exec(compile(setup_py_code, filename, "exec"))
2022-12-27T02:27:33.0114020Z   '"'"''"'"''"'"' % ('"'"'/Users/runner/actions-runner/_work/python.build/python.build/build_grpcio19038/grpcio-1.9.0/setup.py'"'"',), "<pip-setuptools-caller>", "exec"))' bdist_wheel -d /private/var/folders/51/hd414ycd67n82196sw51xqtc0000gn/T/pip-wheel-vdn3qz9i
2022-12-27T02:27:33.0114570Z   cwd: /Users/runner/actions-runner/_work/python.build/python.build/build_grpcio19038/grpcio-1.9.0/
2022-12-27T02:27:33.0114870Z   ERROR: Failed building wheel for grpcio
2022-12-27T02:27:33.0115180Z   Building wheel for grpcio (setup.py): finished with status 'error'
2022-12-27T02:27:33.0115590Z   Running setup.py clean for grpcio
2022-12-27T02:27:33.0118090Z   Running command python setup.py clean
2022-12-27T02:27:33.4808550Z   running clean
2022-12-27T02:27:33.4825420Z   removing 'python_build/lib.macosx-11.0-arm64-cpython-38' (and everything under it)
2022-12-27T02:27:33.4866570Z   'python_build/bdist.macosx-11.0-arm64' does not exist -- can't clean it
2022-12-27T02:27:33.4868680Z   'python_build/scripts-3.8' does not exist -- can't clean it
2022-12-27T02:27:33.4870130Z   removing 'python_build'
2022-12-27T02:27:33.5156030Z Failed to build grpcio
2022-12-27T02:27:33.5161050Z ERROR: Failed to build one or more wheels
2022-12-27T02:27:33.5170800Z Exception information:
2022-12-27T02:27:33.5171120Z Traceback (most recent call last):
2022-12-27T02:27:33.5172200Z   File "/private/var/folders/51/hd414ycd67n82196sw51xqtc0000gn/T/cibw-run-tpvyw8td/cp38-macosx_arm64/build/venv/lib/python3.8/site-packages/pip/_internal/cli/base_command.py", line 160, in exc_logging_wrapper
2022-12-27T02:27:33.5172730Z     status = run_func(*args)
2022-12-27T02:27:33.5173900Z   File "/private/var/folders/51/hd414ycd67n82196sw51xqtc0000gn/T/cibw-run-tpvyw8td/cp38-macosx_arm64/build/venv/lib/python3.8/site-packages/pip/_internal/cli/req_command.py", line 247, in wrapper
2022-12-27T02:27:33.5174590Z     return func(self, options, args)
2022-12-27T02:27:33.5175340Z   File "/private/var/folders/51/hd414ycd67n82196sw51xqtc0000gn/T/cibw-run-tpvyw8td/cp38-macosx_arm64/build/venv/lib/python3.8/site-packages/pip/_internal/commands/wheel.py", line 201, in run
2022-12-27T02:27:33.5175920Z     raise CommandError("Failed to build one or more wheels")
2022-12-27T02:27:33.5176350Z pip._internal.exceptions.CommandError: Failed to build one or more wheels
2022-12-27T02:27:33.5177090Z Removed build tracker: '/private/var/folders/51/hd414ycd67n82196sw51xqtc0000gn/T/pip-build-tracker-fedovg7z'
2022-12-27T02:27:33.5569230Z ##[endgroup]
2022-12-27T02:27:33.5569870Z                                                               [31m✕ [0m7.08s
2022-12-27T02:27:33.6058930Z ##[error]Command ['python', '-m', 'pip', 'wheel', '/Users/runner/actions-runner/_work/python.build/python.build/build_grpcio19038/grpcio-1.9.0', '--wheel-dir=/private/var/folders/51/hd414ycd67n82196sw51xqtc0000gn/T/cibw-run-tpvyw8td/cp38-macosx_arm64/built_wheel', '--no-deps', '-vvv'] failed with code 1. None
2022-12-27T02:27:33.6065410Z 
2022-12-27T02:27:33.6173160Z ##[error]Process completed with exit code 1.
2022-12-27T02:27:33.6206630Z ##[group]Run rm -rf build_grpcio19038 wheelsout
2022-12-27T02:27:33.6206840Z [36;1mrm -rf build_grpcio19038 wheelsout[0m
2022-12-27T02:27:33.6222030Z shell: /bin/bash -e {0}
2022-12-27T02:27:33.6222140Z env:
2022-12-27T02:27:33.6222290Z   pythonLocation: /Users/runner/hostedtoolcache/Python/3.8.15/x64
2022-12-27T02:27:33.6222480Z   PKG_CONFIG_PATH: /Users/runner/hostedtoolcache/Python/3.8.15/x64/lib/pkgconfig
2022-12-27T02:27:33.6222670Z   Python_ROOT_DIR: /Users/runner/hostedtoolcache/Python/3.8.15/x64
2022-12-27T02:27:33.6222840Z   Python2_ROOT_DIR: /Users/runner/hostedtoolcache/Python/3.8.15/x64
2022-12-27T02:27:33.6223020Z   Python3_ROOT_DIR: /Users/runner/hostedtoolcache/Python/3.8.15/x64
2022-12-27T02:27:33.6223160Z ##[endgroup]
2022-12-27T02:27:33.9108150Z Cleaning up orphan processes
