2022-12-27T01:55:05.7861870Z Requested labels: self-hosted, macOS, X64
2022-12-27T01:55:05.7861941Z Job defined at: kilnbuild/python.build/.github/workflows/mac_arm_build.yml@refs/heads/main
2022-12-27T01:55:05.7861971Z Waiting for a runner to pick up this job...
2022-12-27T02:25:25.0658758Z Job is about to start running on the runner: k1 (organization)
2022-12-27T02:25:28.0561830Z Current runner version: '2.300.2'
2022-12-27T02:25:28.0566710Z Runner name: 'k1'
2022-12-27T02:25:28.0566960Z Runner group name: 'Default'
2022-12-27T02:25:28.0567420Z Machine name: 'k1'
2022-12-27T02:25:28.0568930Z ##[group]GITHUB_TOKEN Permissions
2022-12-27T02:25:28.0569340Z Actions: write
2022-12-27T02:25:28.0569480Z Checks: write
2022-12-27T02:25:28.0569610Z Contents: write
2022-12-27T02:25:28.0569750Z Deployments: write
2022-12-27T02:25:28.0569890Z Discussions: write
2022-12-27T02:25:28.0570020Z Issues: write
2022-12-27T02:25:28.0570140Z Metadata: read
2022-12-27T02:25:28.0570270Z Packages: write
2022-12-27T02:25:28.0570400Z Pages: write
2022-12-27T02:25:28.0570540Z PullRequests: write
2022-12-27T02:25:28.0570690Z RepositoryProjects: write
2022-12-27T02:25:28.0570850Z SecurityEvents: write
2022-12-27T02:25:28.0570980Z Statuses: write
2022-12-27T02:25:28.0571120Z ##[endgroup]
2022-12-27T02:25:28.0573560Z Secret source: Actions
2022-12-27T02:25:28.0574040Z Prepare workflow directory
2022-12-27T02:25:28.1228320Z Prepare all required actions
2022-12-27T02:25:28.1349360Z Getting action download info
2022-12-27T02:25:28.5766990Z Download action repository 'actions/setup-python@v4' (SHA:5ccb29d8773c3f3f653e1705f474dfaa8a06a912)
2022-12-27T02:25:30.7237180Z Download action repository 'actions/upload-artifact@v3' (SHA:83fd05a356d7e2593de66fc9913b3002723633cb)
2022-12-27T02:25:31.9829360Z ##[group]Run echo '{
2022-12-27T02:25:31.9829700Z [36;1mecho '{[0m
2022-12-27T02:25:31.9829960Z [36;1m  "environment_variables": "GRPC_PYTHON_BUILD_WITH_CYTHON=1 GRPC_BUILD_WITH_BORING_SSL_ASM='' GRPC_PYTHON_BUILD_SYSTEM_OPENSSL=TRUE",[0m
2022-12-27T02:25:31.9830200Z [36;1m  "package_name": "grpcio",[0m
2022-12-27T02:25:31.9830450Z [36;1m  "package_url": "https://files.pythonhosted.org/packages/f5/d6/926ca14ef469c744119ee5dd10784cb9bfc88f165de46616e6c82386c304/grpcio-1.1.0.tar.gz",[0m
2022-12-27T02:25:31.9830720Z [36;1m  "package_version": "1.1.0",[0m
2022-12-27T02:25:31.9830890Z [36;1m  "python_version": "3.8",[0m
2022-12-27T02:25:31.9831010Z [36;1m  "use_ccache": "true"[0m
2022-12-27T02:25:31.9831110Z [36;1m}'[0m
2022-12-27T02:25:31.9846500Z shell: /bin/bash -e {0}
2022-12-27T02:25:31.9846700Z ##[endgroup]
2022-12-27T02:25:32.0064170Z {
2022-12-27T02:25:32.0065740Z   "environment_variables": "GRPC_PYTHON_BUILD_WITH_CYTHON=1 GRPC_BUILD_WITH_BORING_SSL_ASM= GRPC_PYTHON_BUILD_SYSTEM_OPENSSL=TRUE",
2022-12-27T02:25:32.0066060Z   "package_name": "grpcio",
2022-12-27T02:25:32.0066730Z   "package_url": "https://files.pythonhosted.org/packages/f5/d6/926ca14ef469c744119ee5dd10784cb9bfc88f165de46616e6c82386c304/grpcio-1.1.0.tar.gz",
2022-12-27T02:25:32.0067020Z   "package_version": "1.1.0",
2022-12-27T02:25:32.0067190Z   "python_version": "3.8",
2022-12-27T02:25:32.0067380Z   "use_ccache": "true"
2022-12-27T02:25:32.0067540Z }
2022-12-27T02:25:32.0280200Z ##[group]Run actions/setup-python@v4
2022-12-27T02:25:32.0280470Z with:
2022-12-27T02:25:32.0280630Z   python-version: 3.8
2022-12-27T02:25:32.0280850Z   check-latest: false
2022-12-27T02:25:32.0281180Z   token: ***
2022-12-27T02:25:32.0281360Z   update-environment: true
2022-12-27T02:25:32.0281510Z ##[endgroup]
2022-12-27T02:25:32.1555010Z ##[group]Installed versions
2022-12-27T02:25:32.1590530Z Successfully set up CPython (3.8.15)
2022-12-27T02:25:32.1591360Z ##[endgroup]
2022-12-27T02:25:32.1734990Z ##[group]Run if [ "true" == "true" ]
2022-12-27T02:25:32.1735210Z [36;1mif [ "true" == "true" ][0m
2022-12-27T02:25:32.1735510Z [36;1mthen[0m
2022-12-27T02:25:32.1735730Z [36;1m  echo "CCACHE_PATH_PREPEND=/usr/local/opt/ccache/libexec" >> $GITHUB_OUTPUT[0m
2022-12-27T02:25:32.1735970Z [36;1melse[0m
2022-12-27T02:25:32.1736260Z [36;1m  echo "CCACHE_PATH_PREPEND=" >> $GITHUB_OUTPUT[0m
2022-12-27T02:25:32.1736620Z [36;1mfi[0m
2022-12-27T02:25:32.1753670Z shell: /bin/bash -e {0}
2022-12-27T02:25:32.1753840Z env:
2022-12-27T02:25:32.1754060Z   pythonLocation: /Users/runner/hostedtoolcache/Python/3.8.15/x64
2022-12-27T02:25:32.1754420Z   PKG_CONFIG_PATH: /Users/runner/hostedtoolcache/Python/3.8.15/x64/lib/pkgconfig
2022-12-27T02:25:32.1754960Z   Python_ROOT_DIR: /Users/runner/hostedtoolcache/Python/3.8.15/x64
2022-12-27T02:25:32.1755200Z   Python2_ROOT_DIR: /Users/runner/hostedtoolcache/Python/3.8.15/x64
2022-12-27T02:25:32.1755510Z   Python3_ROOT_DIR: /Users/runner/hostedtoolcache/Python/3.8.15/x64
2022-12-27T02:25:32.1755760Z ##[endgroup]
2022-12-27T02:25:32.1869360Z ##[group]Run echo "BUILD_NAME=$(echo grpcio_1.1.0_3.8 | tr -dc '[:alnum:]\n\r' | tr '[:upper:]' '[:lower:]')" >> $GITHUB_OUTPUT
2022-12-27T02:25:32.1869880Z [36;1mecho "BUILD_NAME=$(echo grpcio_1.1.0_3.8 | tr -dc '[:alnum:]\n\r' | tr '[:upper:]' '[:lower:]')" >> $GITHUB_OUTPUT[0m
2022-12-27T02:25:32.1884530Z shell: /bin/bash -e {0}
2022-12-27T02:25:32.1884740Z env:
2022-12-27T02:25:32.1885060Z   pythonLocation: /Users/runner/hostedtoolcache/Python/3.8.15/x64
2022-12-27T02:25:32.1885340Z   PKG_CONFIG_PATH: /Users/runner/hostedtoolcache/Python/3.8.15/x64/lib/pkgconfig
2022-12-27T02:25:32.1885570Z   Python_ROOT_DIR: /Users/runner/hostedtoolcache/Python/3.8.15/x64
2022-12-27T02:25:32.1885880Z   Python2_ROOT_DIR: /Users/runner/hostedtoolcache/Python/3.8.15/x64
2022-12-27T02:25:32.1886120Z   Python3_ROOT_DIR: /Users/runner/hostedtoolcache/Python/3.8.15/x64
2022-12-27T02:25:32.1886430Z ##[endgroup]
2022-12-27T02:25:32.2047730Z ##[group]Run echo "PYTHON_NO_DOTS=$(echo 3.8 | tr -dc '[:alnum:]\n\r' | tr '[:upper:]' '[:lower:]')" >> $GITHUB_OUTPUT
2022-12-27T02:25:32.2048160Z [36;1mecho "PYTHON_NO_DOTS=$(echo 3.8 | tr -dc '[:alnum:]\n\r' | tr '[:upper:]' '[:lower:]')" >> $GITHUB_OUTPUT[0m
2022-12-27T02:25:32.2062360Z shell: /bin/bash -e {0}
2022-12-27T02:25:32.2062530Z env:
2022-12-27T02:25:32.2062740Z   pythonLocation: /Users/runner/hostedtoolcache/Python/3.8.15/x64
2022-12-27T02:25:32.2063490Z   PKG_CONFIG_PATH: /Users/runner/hostedtoolcache/Python/3.8.15/x64/lib/pkgconfig
2022-12-27T02:25:32.2063740Z   Python_ROOT_DIR: /Users/runner/hostedtoolcache/Python/3.8.15/x64
2022-12-27T02:25:32.2063980Z   Python2_ROOT_DIR: /Users/runner/hostedtoolcache/Python/3.8.15/x64
2022-12-27T02:25:32.2064230Z   Python3_ROOT_DIR: /Users/runner/hostedtoolcache/Python/3.8.15/x64
2022-12-27T02:25:32.2064390Z ##[endgroup]
2022-12-27T02:25:32.2186000Z ##[group]Run rm -rf build_grpcio11038
2022-12-27T02:25:32.2186350Z [36;1mrm -rf build_grpcio11038[0m
2022-12-27T02:25:32.2186500Z [36;1mmkdir build_grpcio11038[0m
2022-12-27T02:25:32.2186710Z [36;1mcd build_grpcio11038[0m
2022-12-27T02:25:32.2187050Z [36;1m/usr/local/bin/wget --quiet https://files.pythonhosted.org/packages/f5/d6/926ca14ef469c744119ee5dd10784cb9bfc88f165de46616e6c82386c304/grpcio-1.1.0.tar.gz[0m
2022-12-27T02:25:32.2187290Z [36;1mtar xf *.tar.gz[0m
2022-12-27T02:25:32.2187480Z [36;1mcd grpcio-*/[0m
2022-12-27T02:25:32.2187670Z [36;1mpython -m pip install cibuildwheel==2.11.3[0m
2022-12-27T02:25:32.2187980Z [36;1mpython -m cibuildwheel --output-dir ../wheelsout[0m
2022-12-27T02:25:32.2201370Z shell: /bin/bash -e {0}
2022-12-27T02:25:32.2201550Z env:
2022-12-27T02:25:32.2201820Z   pythonLocation: /Users/runner/hostedtoolcache/Python/3.8.15/x64
2022-12-27T02:25:32.2202100Z   PKG_CONFIG_PATH: /Users/runner/hostedtoolcache/Python/3.8.15/x64/lib/pkgconfig
2022-12-27T02:25:32.2202320Z   Python_ROOT_DIR: /Users/runner/hostedtoolcache/Python/3.8.15/x64
2022-12-27T02:25:32.2202540Z   Python2_ROOT_DIR: /Users/runner/hostedtoolcache/Python/3.8.15/x64
2022-12-27T02:25:32.2202770Z   Python3_ROOT_DIR: /Users/runner/hostedtoolcache/Python/3.8.15/x64
2022-12-27T02:25:32.2203000Z   CIBW_ARCHS_MACOS: arm64
2022-12-27T02:25:32.2203140Z   CIBW_TEST_SKIP: *_arm64
2022-12-27T02:25:32.2203310Z   CIBW_BUILD: cp38-macosx_arm64
2022-12-27T02:25:32.2203490Z   CIBW_BUILD_FRONTEND: pip
2022-12-27T02:25:32.2203630Z   CIBW_BUILD_VERBOSITY: 3
2022-12-27T02:25:32.2204030Z   CIBW_ENVIRONMENT_MACOS: GRPC_PYTHON_BUILD_WITH_CYTHON=1 GRPC_BUILD_WITH_BORING_SSL_ASM='' GRPC_PYTHON_BUILD_SYSTEM_OPENSSL=TRUE CFLAGS="-I/usr/local/opt/openssl@3/include" LDFLAGS="-L/usr/local/opt/openssl@3/lib" CPPFLAGS="-I/usr/local/opt/openssl@3/include" MAKEFLAGS="-j$(sysctl -n hw.logicalcpu)" PATH=/usr/local/opt/ccache/libexec:$PATH
2022-12-27T02:25:32.2204620Z   CIBW_BEFORE_BUILD: pip install Cython; if [[ -f requirements.txt ]]; then pip install -r requirements.txt; fi
2022-12-27T02:25:32.2204860Z   MAKEFLAGS: -j$(sysctl -n hw.logicalcpu)
2022-12-27T02:25:32.2205010Z ##[endgroup]
2022-12-27T02:25:33.7507530Z Requirement already satisfied: cibuildwheel==2.11.3 in /Users/runner/hostedtoolcache/Python/3.8.15/x64/lib/python3.8/site-packages (2.11.3)
2022-12-27T02:25:33.7854800Z Requirement already satisfied: filelock in /Users/runner/hostedtoolcache/Python/3.8.15/x64/lib/python3.8/site-packages (from cibuildwheel==2.11.3) (3.8.2)
2022-12-27T02:25:33.7859930Z Requirement already satisfied: packaging>=20.9 in /Users/runner/hostedtoolcache/Python/3.8.15/x64/lib/python3.8/site-packages (from cibuildwheel==2.11.3) (22.0)
2022-12-27T02:25:33.7863120Z Requirement already satisfied: platformdirs in /Users/runner/hostedtoolcache/Python/3.8.15/x64/lib/python3.8/site-packages (from cibuildwheel==2.11.3) (2.6.0)
2022-12-27T02:25:33.7868680Z Requirement already satisfied: tomli in /Users/runner/hostedtoolcache/Python/3.8.15/x64/lib/python3.8/site-packages (from cibuildwheel==2.11.3) (2.0.1)
2022-12-27T02:25:33.7871960Z Requirement already satisfied: bracex in /Users/runner/hostedtoolcache/Python/3.8.15/x64/lib/python3.8/site-packages (from cibuildwheel==2.11.3) (2.3.post1)
2022-12-27T02:25:33.7875060Z Requirement already satisfied: certifi in /Users/runner/hostedtoolcache/Python/3.8.15/x64/lib/python3.8/site-packages (from cibuildwheel==2.11.3) (2022.12.7)
2022-12-27T02:25:33.7884900Z Requirement already satisfied: typing-extensions>=4.1.0 in /Users/runner/hostedtoolcache/Python/3.8.15/x64/lib/python3.8/site-packages (from cibuildwheel==2.11.3) (4.4.0)
2022-12-27T02:25:33.7890050Z Requirement already satisfied: bashlex!=0.13 in /Users/runner/hostedtoolcache/Python/3.8.15/x64/lib/python3.8/site-packages (from cibuildwheel==2.11.3) (0.16)
2022-12-27T02:25:33.9660430Z 
2022-12-27T02:25:33.9661040Z      _ _       _ _   _       _           _
2022-12-27T02:25:33.9661770Z  ___|_| |_ _ _|_| |_| |_ _ _| |_ ___ ___| |
2022-12-27T02:25:33.9663040Z |  _| | . | | | | | . | | | |   | -_| -_| |
2022-12-27T02:25:33.9663350Z |___|_|___|___|_|_|___|_____|_|_|___|___|_|
2022-12-27T02:25:33.9663570Z 
2022-12-27T02:25:33.9663700Z cibuildwheel version 2.11.3
2022-12-27T02:25:33.9663830Z 
2022-12-27T02:25:33.9663970Z Build options:
2022-12-27T02:25:33.9664210Z   platform: macos
2022-12-27T02:25:33.9834340Z   architectures: arm64[0m
2022-12-27T02:25:33.9834620Z   build_selector: 
2022-12-27T02:25:33.9835420Z     build_config: cp38-macosx_arm64
2022-12-27T02:25:33.9835730Z     skip_config: 
2022-12-27T02:25:33.9836030Z     requires_python: None
2022-12-27T02:25:33.9836820Z     prerelease_pythons: False[0m
2022-12-27T02:25:33.9837210Z   [38;5;244mcontainer_engine: docker[0m
2022-12-27T02:25:33.9837830Z   output_dir: /Users/runner/actions-runner/_work/python.build/python.build/build_grpcio11038/wheelsout[0m
2022-12-27T02:25:33.9838600Z   package_dir: /Users/runner/actions-runner/_work/python.build/python.build/build_grpcio11038/grpcio-1.1.0[0m
2022-12-27T02:25:33.9838970Z   test_selector: 
2022-12-27T02:25:33.9839360Z     skip_config: *_arm64[0m
2022-12-27T02:25:33.9839810Z   [38;5;244mbefore_all: [0m
2022-12-27T02:25:33.9840310Z   before_build: pip install Cython; if [[ -f requirements.txt ]]; then pip install -r requirements.txt; fi[0m
2022-12-27T02:25:33.9840780Z   [38;5;244mbefore_test: [0m
2022-12-27T02:25:33.9841140Z   [38;5;244mbuild_frontend: pip[0m
2022-12-27T02:25:33.9841450Z   build_verbosity: 3[0m
2022-12-27T02:25:33.9842010Z   [38;5;244mconfig_settings: [0m
2022-12-27T02:25:33.9842420Z   [38;5;244mdependency_constraints: pinned[0m
2022-12-27T02:25:33.9842670Z   environment: 
2022-12-27T02:25:33.9842980Z     GRPC_PYTHON_BUILD_WITH_CYTHON=1
2022-12-27T02:25:33.9843440Z     GRPC_BUILD_WITH_BORING_SSL_ASM=''
2022-12-27T02:25:33.9843760Z     GRPC_PYTHON_BUILD_SYSTEM_OPENSSL=TRUE
2022-12-27T02:25:33.9844510Z     CFLAGS="-I/usr/local/opt/openssl@3/include"
2022-12-27T02:25:33.9844920Z     LDFLAGS="-L/usr/local/opt/openssl@3/lib"
2022-12-27T02:25:33.9845340Z     CPPFLAGS="-I/usr/local/opt/openssl@3/include"
2022-12-27T02:25:33.9845780Z     MAKEFLAGS="-j$(sysctl -n hw.logicalcpu)"
2022-12-27T02:25:33.9846210Z     PATH=/usr/local/opt/ccache/libexec:$PATH[0m
2022-12-27T02:25:33.9846600Z   [38;5;244mmanylinux_images: None[0m
2022-12-27T02:25:33.9846920Z   [38;5;244mmusllinux_images: None[0m
2022-12-27T02:25:33.9847440Z   [38;5;244mrepair_command: delocate-wheel --require-archs {delocate_archs} -w {dest_dir} -v {wheel}[0m
2022-12-27T02:25:33.9847930Z   [38;5;244mtest_command: [0m
2022-12-27T02:25:33.9848280Z   [38;5;244mtest_extras: [0m
2022-12-27T02:25:33.9848550Z   [38;5;244mtest_requires: [0m
2022-12-27T02:25:33.9848680Z 
2022-12-27T02:25:33.9848820Z Cache folder: /Users/runner/Library/Caches/cibuildwheel
2022-12-27T02:25:33.9857740Z 
2022-12-27T02:25:33.9858090Z Here we go!
2022-12-27T02:25:33.9858210Z 
2022-12-27T02:25:33.9991830Z 
2022-12-27T02:25:33.9992430Z [1m[34mBuilding cp38-macosx_arm64 wheel[0m
2022-12-27T02:25:33.9992860Z CPython 3.8 macOS arm64 - Apple Silicon
2022-12-27T02:25:33.9993030Z 
2022-12-27T02:25:33.9995560Z ##[group]Installing Python cp38...
2022-12-27T02:25:33.9995770Z 
2022-12-27T02:25:33.9996760Z + pkgutil --pkgs
2022-12-27T02:25:34.0103610Z ##[endgroup]
2022-12-27T02:25:34.0105290Z                                                               [32m✓ [0m0.01s
2022-12-27T02:25:34.0105780Z ##[group]Setting up build environment...
2022-12-27T02:25:34.0105970Z 
2022-12-27T02:25:34.0125320Z + /Users/runner/hostedtoolcache/Python/3.8.15/x64/bin/python -sS /Users/runner/Library/Caches/cibuildwheel/virtualenv-20.17.0.pyz --activators= --no-periodic-update --pip=22.3.1 --setuptools=65.6.3 --wheel=0.38.4 --symlink-app-data --python /Library/Frameworks/Python.framework/Versions/3.8/bin/python3 /private/var/folders/51/hd414ycd67n82196sw51xqtc0000gn/T/cibw-run-wsst_5jz/cp38-macosx_arm64/build/venv
2022-12-27T02:25:34.2016120Z created virtual environment CPython3.8.10.final.0-64 in 47ms
2022-12-27T02:25:34.2017170Z   creator CPython3Posix(dest=/private/var/folders/51/hd414ycd67n82196sw51xqtc0000gn/T/cibw-run-wsst_5jz/cp38-macosx_arm64/build/venv, clear=False, no_vcs_ignore=False, global=False)
2022-12-27T02:25:34.2017750Z   seeder FromAppData(download=False, pip=22.3.1, setuptools=65.6.3, wheel=0.38.4, via=symlink, app_data_dir=/Users/runner/Library/Application Support/virtualenv)
2022-12-27T02:25:34.2018210Z     added seed packages: pip==22.3.1, setuptools==65.6.3, wheel==0.38.4
2022-12-27T02:25:34.2147290Z + python -m pip install --upgrade pip -c /Users/runner/hostedtoolcache/Python/3.8.15/x64/lib/python3.8/site-packages/cibuildwheel/resources/constraints-python38.txt
2022-12-27T02:25:34.5264310Z Requirement already satisfied: pip in ./lib/python3.8/site-packages (22.3.1)
2022-12-27T02:25:34.6632440Z + which pip
2022-12-27T02:25:34.6651140Z /private/var/folders/51/hd414ycd67n82196sw51xqtc0000gn/T/cibw-run-wsst_5jz/cp38-macosx_arm64/build/venv/bin/pip
2022-12-27T02:25:34.6653330Z + pip --version
2022-12-27T02:25:34.8878440Z pip 22.3.1 from /private/var/folders/51/hd414ycd67n82196sw51xqtc0000gn/T/cibw-run-wsst_5jz/cp38-macosx_arm64/build/venv/lib/python3.8/site-packages/pip (python 3.8)
2022-12-27T02:25:34.9123940Z + which pip
2022-12-27T02:25:34.9153820Z + which python
2022-12-27T02:25:34.9176690Z /private/var/folders/51/hd414ycd67n82196sw51xqtc0000gn/T/cibw-run-wsst_5jz/cp38-macosx_arm64/build/venv/bin/python
2022-12-27T02:25:34.9179120Z + python --version
2022-12-27T02:25:34.9232840Z Python 3.8.10
2022-12-27T02:25:34.9236860Z + which python
2022-12-27T02:25:34.9295780Z ##[endgroup]
2022-12-27T02:25:34.9296670Z                                                               [32m✓ [0m0.92s
2022-12-27T02:25:34.9297280Z ##[group]Installing build tools...
2022-12-27T02:25:34.9297460Z 
2022-12-27T02:25:34.9298030Z + pip install --upgrade setuptools wheel delocate -c /Users/runner/hostedtoolcache/Python/3.8.15/x64/lib/python3.8/site-packages/cibuildwheel/resources/constraints-python38.txt
2022-12-27T02:25:35.2366740Z Requirement already satisfied: setuptools in /private/var/folders/51/hd414ycd67n82196sw51xqtc0000gn/T/cibw-run-wsst_5jz/cp38-macosx_arm64/build/venv/lib/python3.8/site-packages (65.6.3)
2022-12-27T02:25:35.7406060Z Requirement already satisfied: wheel in /private/var/folders/51/hd414ycd67n82196sw51xqtc0000gn/T/cibw-run-wsst_5jz/cp38-macosx_arm64/build/venv/lib/python3.8/site-packages (0.38.4)
2022-12-27T02:25:35.7927660Z Collecting delocate
2022-12-27T02:25:35.7955800Z   Using cached delocate-0.10.3-py3-none-any.whl (142 kB)
2022-12-27T02:25:35.8178200Z Collecting typing-extensions
2022-12-27T02:25:35.8203970Z   Using cached typing_extensions-4.4.0-py3-none-any.whl (26 kB)
2022-12-27T02:25:35.8457320Z Collecting packaging>=20.9
2022-12-27T02:25:35.8479830Z   Using cached packaging-21.3-py3-none-any.whl (40 kB)
2022-12-27T02:25:35.8862420Z Collecting pyparsing!=3.0.5,>=2.0.2
2022-12-27T02:25:35.8886270Z   Using cached pyparsing-3.0.9-py3-none-any.whl (98 kB)
2022-12-27T02:25:35.9243220Z Installing collected packages: typing-extensions, pyparsing, packaging, delocate
2022-12-27T02:25:36.0555570Z Successfully installed delocate-0.10.3 packaging-21.3 pyparsing-3.0.9 typing-extensions-4.4.0
2022-12-27T02:25:36.0972650Z ##[endgroup]
2022-12-27T02:25:36.0973180Z                                                               [32m✓ [0m1.17s
2022-12-27T02:25:36.0973540Z ##[group]Running before_build...
2022-12-27T02:25:36.0973660Z 
2022-12-27T02:25:36.0982020Z + pip install Cython; if [[ -f requirements.txt ]]; then pip install -r requirements.txt; fi
2022-12-27T02:25:36.7710290Z Collecting Cython
2022-12-27T02:25:36.7759480Z   Using cached Cython-0.29.32-py2.py3-none-any.whl (986 kB)
2022-12-27T02:25:36.8244390Z Installing collected packages: Cython
2022-12-27T02:25:37.2513480Z Successfully installed Cython-0.29.32
2022-12-27T02:25:38.0519830Z Collecting coverage>=4.0
2022-12-27T02:25:38.0549760Z   Using cached coverage-7.0.1-cp38-cp38-macosx_10_9_x86_64.whl (187 kB)
2022-12-27T02:25:38.0584420Z Requirement already satisfied: cython>=0.23 in /private/var/folders/51/hd414ycd67n82196sw51xqtc0000gn/T/cibw-run-wsst_5jz/cp38-macosx_arm64/build/venv/lib/python3.8/site-packages (from -r requirements.txt (line 3)) (0.29.32)
2022-12-27T02:25:38.0735630Z Collecting enum34>=1.0.4
2022-12-27T02:25:38.0757370Z   Using cached enum34-1.1.10-py3-none-any.whl (11 kB)
2022-12-27T02:25:38.0905160Z Collecting futures>=2.2.0
2022-12-27T02:25:38.0906870Z   Using cached futures-3.0.5-py3-none-any.whl
2022-12-27T02:25:38.3791560Z Collecting protobuf>=3.0.0
2022-12-27T02:25:38.3824900Z   Using cached protobuf-4.21.12-cp37-abi3-macosx_10_9_universal2.whl (486 kB)
2022-12-27T02:25:38.4057870Z Collecting six>=1.10
2022-12-27T02:25:38.4077960Z   Using cached six-1.16.0-py2.py3-none-any.whl (11 kB)
2022-12-27T02:25:38.4094650Z Requirement already satisfied: wheel>=0.29 in /private/var/folders/51/hd414ycd67n82196sw51xqtc0000gn/T/cibw-run-wsst_5jz/cp38-macosx_arm64/build/venv/lib/python3.8/site-packages (from -r requirements.txt (line 8)) (0.38.4)
2022-12-27T02:25:38.4497790Z Installing collected packages: futures, enum34, six, protobuf, coverage
2022-12-27T02:25:38.6933550Z Successfully installed coverage-7.0.1 enum34-1.1.10 futures-3.0.5 protobuf-4.21.12 six-1.16.0
2022-12-27T02:25:38.7432240Z ##[endgroup]
2022-12-27T02:25:38.7432880Z                                                               [32m✓ [0m2.65s
2022-12-27T02:25:38.7433330Z ##[group]Building wheel...
2022-12-27T02:25:38.7433480Z 
2022-12-27T02:25:38.7438890Z + python -m pip wheel /Users/runner/actions-runner/_work/python.build/python.build/build_grpcio11038/grpcio-1.1.0 --wheel-dir=/private/var/folders/51/hd414ycd67n82196sw51xqtc0000gn/T/cibw-run-wsst_5jz/cp38-macosx_arm64/built_wheel --no-deps -vvv
2022-12-27T02:25:39.0194020Z Created temporary directory: /private/var/folders/51/hd414ycd67n82196sw51xqtc0000gn/T/pip-ephem-wheel-cache-poqmv6pz
2022-12-27T02:25:39.0199800Z Created temporary directory: /private/var/folders/51/hd414ycd67n82196sw51xqtc0000gn/T/pip-build-tracker-e26w10gr
2022-12-27T02:25:39.0201640Z Initialized build tracking at /private/var/folders/51/hd414ycd67n82196sw51xqtc0000gn/T/pip-build-tracker-e26w10gr
2022-12-27T02:25:39.0203480Z Created build tracker: /private/var/folders/51/hd414ycd67n82196sw51xqtc0000gn/T/pip-build-tracker-e26w10gr
2022-12-27T02:25:39.0204610Z Entered build tracker: /private/var/folders/51/hd414ycd67n82196sw51xqtc0000gn/T/pip-build-tracker-e26w10gr
2022-12-27T02:25:39.0208050Z Created temporary directory: /private/var/folders/51/hd414ycd67n82196sw51xqtc0000gn/T/pip-wheel-5t7o5g_e
2022-12-27T02:25:39.0214180Z Created temporary directory: /private/var/folders/51/hd414ycd67n82196sw51xqtc0000gn/T/pip-ephem-wheel-cache-4vub2hyw
2022-12-27T02:25:39.0293380Z Processing /Users/runner/actions-runner/_work/python.build/python.build/build_grpcio11038/grpcio-1.1.0
2022-12-27T02:25:39.0298640Z   Added file:///Users/runner/actions-runner/_work/python.build/python.build/build_grpcio11038/grpcio-1.1.0 to build tracker '/private/var/folders/51/hd414ycd67n82196sw51xqtc0000gn/T/pip-build-tracker-e26w10gr'
2022-12-27T02:25:39.0302130Z   Running setup.py (path:/Users/runner/actions-runner/_work/python.build/python.build/build_grpcio11038/grpcio-1.1.0/setup.py) egg_info for package from file:///Users/runner/actions-runner/_work/python.build/python.build/build_grpcio11038/grpcio-1.1.0
2022-12-27T02:25:39.0305150Z   Created temporary directory: /private/var/folders/51/hd414ycd67n82196sw51xqtc0000gn/T/pip-pip-egg-info-mjagmq6n
2022-12-27T02:25:39.0306650Z   Preparing metadata (setup.py): started
2022-12-27T02:25:39.0308310Z   Running command python setup.py egg_info
2022-12-27T02:25:40.4684990Z   Compiling src/python/grpcio/grpc/_cython/cygrpc.pyx because it depends on /private/var/folders/51/hd414ycd67n82196sw51xqtc0000gn/T/cibw-run-wsst_5jz/cp38-macosx_arm64/build/venv/lib/python3.8/site-packages/Cython/Includes/libc/time.pxd.
2022-12-27T02:25:40.4685780Z   [1/1] Cythonizing src/python/grpcio/grpc/_cython/cygrpc.pyx
2022-12-27T02:25:40.4903140Z   running egg_info
2022-12-27T02:25:40.4908280Z   creating /private/var/folders/51/hd414ycd67n82196sw51xqtc0000gn/T/pip-pip-egg-info-mjagmq6n/grpcio.egg-info
2022-12-27T02:25:40.4922660Z   writing /private/var/folders/51/hd414ycd67n82196sw51xqtc0000gn/T/pip-pip-egg-info-mjagmq6n/grpcio.egg-info/PKG-INFO
2022-12-27T02:25:40.4926610Z   writing dependency_links to /private/var/folders/51/hd414ycd67n82196sw51xqtc0000gn/T/pip-pip-egg-info-mjagmq6n/grpcio.egg-info/dependency_links.txt
2022-12-27T02:25:40.4929960Z   writing requirements to /private/var/folders/51/hd414ycd67n82196sw51xqtc0000gn/T/pip-pip-egg-info-mjagmq6n/grpcio.egg-info/requires.txt
2022-12-27T02:25:40.4931770Z   writing top-level names to /private/var/folders/51/hd414ycd67n82196sw51xqtc0000gn/T/pip-pip-egg-info-mjagmq6n/grpcio.egg-info/top_level.txt
2022-12-27T02:25:40.4933340Z   writing manifest file '/private/var/folders/51/hd414ycd67n82196sw51xqtc0000gn/T/pip-pip-egg-info-mjagmq6n/grpcio.egg-info/SOURCES.txt'
2022-12-27T02:25:40.5028060Z   reading manifest file '/private/var/folders/51/hd414ycd67n82196sw51xqtc0000gn/T/pip-pip-egg-info-mjagmq6n/grpcio.egg-info/SOURCES.txt'
2022-12-27T02:25:40.5030980Z   reading manifest template 'PYTHON-MANIFEST.in'
2022-12-27T02:25:40.5060590Z   /private/var/folders/51/hd414ycd67n82196sw51xqtc0000gn/T/cibw-run-wsst_5jz/cp38-macosx_arm64/build/venv/lib/python3.8/site-packages/Cython/Compiler/Main.py:369: FutureWarning: Cython directive 'language_level' not set, using 2 for now (Py2). This will change in a later release! File: /Users/runner/actions-runner/_work/python.build/python.build/build_grpcio11038/grpcio-1.1.0/src/python/grpcio/grpc/_cython/cygrpc.pxd
2022-12-27T02:25:40.5061500Z     tree = Parsing.p_module(s, pxd, full_module_name)
2022-12-27T02:25:40.5063800Z   warning: src/python/grpcio/grpc/_cython/_cygrpc/grpc.pxi:142:13: 'GRPC_ARG_PRIMARY_USER_AGENT_STRING' redeclared
2022-12-27T02:25:40.5065370Z   warning: no files found matching '*.h' under directory 'src/python/grpcio/grpc'
2022-12-27T02:25:40.5136450Z   warning: no files found matching '*.python' under directory 'src/python/grpcio/grpc'
2022-12-27T02:25:40.5156360Z   warning: no previously-included files matching '*.so' found under directory 'src/python/grpcio/grpc/_cython'
2022-12-27T02:25:40.5159580Z   warning: no previously-included files matching '*.pyd' found under directory 'src/python/grpcio/grpc/_cython'
2022-12-27T02:25:40.5696740Z   warning: no files found matching 'src/python/grpcio/precompiled.py'
2022-12-27T02:25:40.6047480Z   writing manifest file '/private/var/folders/51/hd414ycd67n82196sw51xqtc0000gn/T/pip-pip-egg-info-mjagmq6n/grpcio.egg-info/SOURCES.txt'
2022-12-27T02:25:40.6735740Z   Preparing metadata (setup.py): finished with status 'done'
2022-12-27T02:25:40.6760370Z   Source in /Users/runner/actions-runner/_work/python.build/python.build/build_grpcio11038/grpcio-1.1.0 has version 1.1.0, which satisfies requirement grpcio==1.1.0 from file:///Users/runner/actions-runner/_work/python.build/python.build/build_grpcio11038/grpcio-1.1.0
2022-12-27T02:25:40.6763730Z   Removed grpcio==1.1.0 from file:///Users/runner/actions-runner/_work/python.build/python.build/build_grpcio11038/grpcio-1.1.0 from build tracker '/private/var/folders/51/hd414ycd67n82196sw51xqtc0000gn/T/pip-build-tracker-e26w10gr'
2022-12-27T02:25:40.6878390Z Created temporary directory: /private/var/folders/51/hd414ycd67n82196sw51xqtc0000gn/T/pip-unpack-6agfi4nz
2022-12-27T02:25:40.6880010Z Building wheels for collected packages: grpcio
2022-12-27T02:25:40.6886480Z   Created temporary directory: /private/var/folders/51/hd414ycd67n82196sw51xqtc0000gn/T/pip-wheel-lgenmoik
2022-12-27T02:25:40.6887920Z   Building wheel for grpcio (setup.py): started
2022-12-27T02:25:40.6889750Z   Destination directory: /private/var/folders/51/hd414ycd67n82196sw51xqtc0000gn/T/pip-wheel-lgenmoik
2022-12-27T02:25:40.6891330Z   Running command python setup.py bdist_wheel
2022-12-27T02:25:41.1232670Z   running bdist_wheel
2022-12-27T02:25:41.1263360Z   running build
2022-12-27T02:25:41.1265220Z   running build_py
2022-12-27T02:25:41.1267190Z   running build_project_metadata
2022-12-27T02:25:41.1271430Z   creating python_build
2022-12-27T02:25:41.1273340Z   creating python_build/lib.macosx-11.0-arm64-cpython-38
2022-12-27T02:25:41.1274630Z   creating python_build/lib.macosx-11.0-arm64-cpython-38/grpc
2022-12-27T02:25:41.1276620Z   copying src/python/grpcio/grpc/_channel.py -> python_build/lib.macosx-11.0-arm64-cpython-38/grpc
2022-12-27T02:25:41.1279900Z   copying src/python/grpcio/grpc/_common.py -> python_build/lib.macosx-11.0-arm64-cpython-38/grpc
2022-12-27T02:25:41.1281830Z   copying src/python/grpcio/grpc/__init__.py -> python_build/lib.macosx-11.0-arm64-cpython-38/grpc
2022-12-27T02:25:41.1284420Z   copying src/python/grpcio/grpc/_utilities.py -> python_build/lib.macosx-11.0-arm64-cpython-38/grpc
2022-12-27T02:25:41.1288050Z   copying src/python/grpcio/grpc/_plugin_wrapping.py -> python_build/lib.macosx-11.0-arm64-cpython-38/grpc
2022-12-27T02:25:41.1290230Z   copying src/python/grpcio/grpc/_grpcio_metadata.py -> python_build/lib.macosx-11.0-arm64-cpython-38/grpc
2022-12-27T02:25:41.1292050Z   copying src/python/grpcio/grpc/_server.py -> python_build/lib.macosx-11.0-arm64-cpython-38/grpc
2022-12-27T02:25:41.1295890Z   copying src/python/grpcio/grpc/_auth.py -> python_build/lib.macosx-11.0-arm64-cpython-38/grpc
2022-12-27T02:25:41.1298000Z   copying src/python/grpcio/grpc/_credential_composition.py -> python_build/lib.macosx-11.0-arm64-cpython-38/grpc
2022-12-27T02:25:41.1303210Z   creating python_build/lib.macosx-11.0-arm64-cpython-38/grpc/beta
2022-12-27T02:25:41.1305400Z   copying src/python/grpcio/grpc/beta/_server_adaptations.py -> python_build/lib.macosx-11.0-arm64-cpython-38/grpc/beta
2022-12-27T02:25:41.1308160Z   copying src/python/grpcio/grpc/beta/interfaces.py -> python_build/lib.macosx-11.0-arm64-cpython-38/grpc/beta
2022-12-27T02:25:41.1309850Z   copying src/python/grpcio/grpc/beta/_connectivity_channel.py -> python_build/lib.macosx-11.0-arm64-cpython-38/grpc/beta
2022-12-27T02:25:41.1312720Z   copying src/python/grpcio/grpc/beta/__init__.py -> python_build/lib.macosx-11.0-arm64-cpython-38/grpc/beta
2022-12-27T02:25:41.1315190Z   copying src/python/grpcio/grpc/beta/utilities.py -> python_build/lib.macosx-11.0-arm64-cpython-38/grpc/beta
2022-12-27T02:25:41.1317810Z   copying src/python/grpcio/grpc/beta/implementations.py -> python_build/lib.macosx-11.0-arm64-cpython-38/grpc/beta
2022-12-27T02:25:41.1321510Z   copying src/python/grpcio/grpc/beta/_client_adaptations.py -> python_build/lib.macosx-11.0-arm64-cpython-38/grpc/beta
2022-12-27T02:25:41.1324500Z   creating python_build/lib.macosx-11.0-arm64-cpython-38/grpc/framework
2022-12-27T02:25:41.1327010Z   copying src/python/grpcio/grpc/framework/__init__.py -> python_build/lib.macosx-11.0-arm64-cpython-38/grpc/framework
2022-12-27T02:25:41.1330800Z   creating python_build/lib.macosx-11.0-arm64-cpython-38/grpc/_cython
2022-12-27T02:25:41.1333250Z   copying src/python/grpcio/grpc/_cython/__init__.py -> python_build/lib.macosx-11.0-arm64-cpython-38/grpc/_cython
2022-12-27T02:25:41.1337300Z   creating python_build/lib.macosx-11.0-arm64-cpython-38/grpc/framework/foundation
2022-12-27T02:25:41.1339440Z   copying src/python/grpcio/grpc/framework/foundation/callable_util.py -> python_build/lib.macosx-11.0-arm64-cpython-38/grpc/framework/foundation
2022-12-27T02:25:41.1341180Z   copying src/python/grpcio/grpc/framework/foundation/abandonment.py -> python_build/lib.macosx-11.0-arm64-cpython-38/grpc/framework/foundation
2022-12-27T02:25:41.1343570Z   copying src/python/grpcio/grpc/framework/foundation/__init__.py -> python_build/lib.macosx-11.0-arm64-cpython-38/grpc/framework/foundation
2022-12-27T02:25:41.1345680Z   copying src/python/grpcio/grpc/framework/foundation/stream.py -> python_build/lib.macosx-11.0-arm64-cpython-38/grpc/framework/foundation
2022-12-27T02:25:41.1349160Z   copying src/python/grpcio/grpc/framework/foundation/stream_util.py -> python_build/lib.macosx-11.0-arm64-cpython-38/grpc/framework/foundation
2022-12-27T02:25:41.1351270Z   copying src/python/grpcio/grpc/framework/foundation/future.py -> python_build/lib.macosx-11.0-arm64-cpython-38/grpc/framework/foundation
2022-12-27T02:25:41.1353470Z   copying src/python/grpcio/grpc/framework/foundation/logging_pool.py -> python_build/lib.macosx-11.0-arm64-cpython-38/grpc/framework/foundation
2022-12-27T02:25:41.1357950Z   creating python_build/lib.macosx-11.0-arm64-cpython-38/grpc/framework/common
2022-12-27T02:25:41.1359630Z   copying src/python/grpcio/grpc/framework/common/style.py -> python_build/lib.macosx-11.0-arm64-cpython-38/grpc/framework/common
2022-12-27T02:25:41.1362400Z   copying src/python/grpcio/grpc/framework/common/cardinality.py -> python_build/lib.macosx-11.0-arm64-cpython-38/grpc/framework/common
2022-12-27T02:25:41.1364670Z   copying src/python/grpcio/grpc/framework/common/__init__.py -> python_build/lib.macosx-11.0-arm64-cpython-38/grpc/framework/common
2022-12-27T02:25:41.1368770Z   creating python_build/lib.macosx-11.0-arm64-cpython-38/grpc/framework/interfaces
2022-12-27T02:25:41.1370470Z   copying src/python/grpcio/grpc/framework/interfaces/__init__.py -> python_build/lib.macosx-11.0-arm64-cpython-38/grpc/framework/interfaces
2022-12-27T02:25:41.1374360Z   creating python_build/lib.macosx-11.0-arm64-cpython-38/grpc/framework/interfaces/face
2022-12-27T02:25:41.1376430Z   copying src/python/grpcio/grpc/framework/interfaces/face/__init__.py -> python_build/lib.macosx-11.0-arm64-cpython-38/grpc/framework/interfaces/face
2022-12-27T02:25:41.1378370Z   copying src/python/grpcio/grpc/framework/interfaces/face/utilities.py -> python_build/lib.macosx-11.0-arm64-cpython-38/grpc/framework/interfaces/face
2022-12-27T02:25:41.1380970Z   copying src/python/grpcio/grpc/framework/interfaces/face/face.py -> python_build/lib.macosx-11.0-arm64-cpython-38/grpc/framework/interfaces/face
2022-12-27T02:25:41.1386310Z   creating python_build/lib.macosx-11.0-arm64-cpython-38/grpc/framework/interfaces/base
2022-12-27T02:25:41.1387990Z   copying src/python/grpcio/grpc/framework/interfaces/base/__init__.py -> python_build/lib.macosx-11.0-arm64-cpython-38/grpc/framework/interfaces/base
2022-12-27T02:25:41.1390280Z   copying src/python/grpcio/grpc/framework/interfaces/base/utilities.py -> python_build/lib.macosx-11.0-arm64-cpython-38/grpc/framework/interfaces/base
2022-12-27T02:25:41.1392690Z   copying src/python/grpcio/grpc/framework/interfaces/base/base.py -> python_build/lib.macosx-11.0-arm64-cpython-38/grpc/framework/interfaces/base
2022-12-27T02:25:41.1396890Z   creating python_build/lib.macosx-11.0-arm64-cpython-38/grpc/_cython/_cygrpc
2022-12-27T02:25:41.1398790Z   copying src/python/grpcio/grpc/_cython/_cygrpc/__init__.py -> python_build/lib.macosx-11.0-arm64-cpython-38/grpc/_cython/_cygrpc
2022-12-27T02:25:41.1403540Z   creating python_build/lib.macosx-11.0-arm64-cpython-38/grpc/_cython/_credentials
2022-12-27T02:25:41.1405490Z   copying src/python/grpcio/grpc/_cython/_credentials/roots.pem -> python_build/lib.macosx-11.0-arm64-cpython-38/grpc/_cython/_credentials
2022-12-27T02:25:41.1428160Z   running build_ext
2022-12-27T02:25:41.1713180Z   Found cython-generated files...
2022-12-27T02:25:41.1719690Z   building 'grpc._cython.cygrpc' extension
2022-12-27T02:25:41.1744500Z   creating python_build/temp.macosx-11.0-arm64-cpython-38
2022-12-27T02:25:41.1746720Z   creating python_build/temp.macosx-11.0-arm64-cpython-38/src
2022-12-27T02:25:41.1748940Z   creating python_build/temp.macosx-11.0-arm64-cpython-38/src/boringssl
2022-12-27T02:25:41.1750350Z   creating python_build/temp.macosx-11.0-arm64-cpython-38/src/core
2022-12-27T02:25:41.1820300Z   creating python_build/temp.macosx-11.0-arm64-cpython-38/src/core/ext
2022-12-27T02:25:41.1820640Z   creating python_build/temp.macosx-11.0-arm64-cpython-38/src/core/ext/census
2022-12-27T02:25:41.1821110Z   creating python_build/temp.macosx-11.0-arm64-cpython-38/src/core/ext/census/gen
2022-12-27T02:25:41.1821670Z   creating python_build/temp.macosx-11.0-arm64-cpython-38/src/core/ext/client_channel
2022-12-27T02:25:41.1824500Z   creating python_build/temp.macosx-11.0-arm64-cpython-38/src/core/ext/lb_policy
2022-12-27T02:25:41.1825330Z   creating python_build/temp.macosx-11.0-arm64-cpython-38/src/core/ext/lb_policy/grpclb
2022-12-27T02:25:41.1826030Z   creating python_build/temp.macosx-11.0-arm64-cpython-38/src/core/ext/lb_policy/grpclb/proto
2022-12-27T02:25:41.1826690Z   creating python_build/temp.macosx-11.0-arm64-cpython-38/src/core/ext/lb_policy/grpclb/proto/grpc
2022-12-27T02:25:41.1827250Z   creating python_build/temp.macosx-11.0-arm64-cpython-38/src/core/ext/lb_policy/grpclb/proto/grpc/lb
2022-12-27T02:25:41.1827870Z   creating python_build/temp.macosx-11.0-arm64-cpython-38/src/core/ext/lb_policy/grpclb/proto/grpc/lb/v1
2022-12-27T02:25:41.1828450Z   creating python_build/temp.macosx-11.0-arm64-cpython-38/src/core/ext/lb_policy/pick_first
2022-12-27T02:25:41.1829100Z   creating python_build/temp.macosx-11.0-arm64-cpython-38/src/core/ext/lb_policy/round_robin
2022-12-27T02:25:41.1829560Z   creating python_build/temp.macosx-11.0-arm64-cpython-38/src/core/ext/load_reporting
2022-12-27T02:25:41.1830050Z   creating python_build/temp.macosx-11.0-arm64-cpython-38/src/core/ext/resolver
2022-12-27T02:25:41.1830350Z   creating python_build/temp.macosx-11.0-arm64-cpython-38/src/core/ext/resolver/dns
2022-12-27T02:25:41.1830660Z   creating python_build/temp.macosx-11.0-arm64-cpython-38/src/core/ext/resolver/dns/native
2022-12-27T02:25:41.1831010Z   creating python_build/temp.macosx-11.0-arm64-cpython-38/src/core/ext/resolver/sockaddr
2022-12-27T02:25:41.1831340Z   creating python_build/temp.macosx-11.0-arm64-cpython-38/src/core/ext/transport
2022-12-27T02:25:41.1831680Z   creating python_build/temp.macosx-11.0-arm64-cpython-38/src/core/ext/transport/chttp2
2022-12-27T02:25:41.1832060Z   creating python_build/temp.macosx-11.0-arm64-cpython-38/src/core/ext/transport/chttp2/alpn
2022-12-27T02:25:41.1832400Z   creating python_build/temp.macosx-11.0-arm64-cpython-38/src/core/ext/transport/chttp2/client
2022-12-27T02:25:41.1833060Z   creating python_build/temp.macosx-11.0-arm64-cpython-38/src/core/ext/transport/chttp2/client/insecure
2022-12-27T02:25:41.1833410Z   creating python_build/temp.macosx-11.0-arm64-cpython-38/src/core/ext/transport/chttp2/client/secure
2022-12-27T02:25:41.1833720Z   creating python_build/temp.macosx-11.0-arm64-cpython-38/src/core/ext/transport/chttp2/server
2022-12-27T02:25:41.1834040Z   creating python_build/temp.macosx-11.0-arm64-cpython-38/src/core/ext/transport/chttp2/server/insecure
2022-12-27T02:25:41.1834380Z   creating python_build/temp.macosx-11.0-arm64-cpython-38/src/core/ext/transport/chttp2/server/secure
2022-12-27T02:25:41.1834680Z   creating python_build/temp.macosx-11.0-arm64-cpython-38/src/core/ext/transport/chttp2/transport
2022-12-27T02:25:41.1834960Z   creating python_build/temp.macosx-11.0-arm64-cpython-38/src/core/lib
2022-12-27T02:25:41.1835260Z   creating python_build/temp.macosx-11.0-arm64-cpython-38/src/core/lib/channel
2022-12-27T02:25:41.1835600Z   creating python_build/temp.macosx-11.0-arm64-cpython-38/src/core/lib/compression
2022-12-27T02:25:41.1835880Z   creating python_build/temp.macosx-11.0-arm64-cpython-38/src/core/lib/debug
2022-12-27T02:25:41.1836210Z   creating python_build/temp.macosx-11.0-arm64-cpython-38/src/core/lib/http
2022-12-27T02:25:41.1836510Z   creating python_build/temp.macosx-11.0-arm64-cpython-38/src/core/lib/iomgr
2022-12-27T02:25:41.1836830Z   creating python_build/temp.macosx-11.0-arm64-cpython-38/src/core/lib/json
2022-12-27T02:25:41.1837110Z   creating python_build/temp.macosx-11.0-arm64-cpython-38/src/core/lib/profiling
2022-12-27T02:25:41.1837510Z   creating python_build/temp.macosx-11.0-arm64-cpython-38/src/core/lib/security
2022-12-27T02:25:41.1837840Z   creating python_build/temp.macosx-11.0-arm64-cpython-38/src/core/lib/security/context
2022-12-27T02:25:41.1838150Z   creating python_build/temp.macosx-11.0-arm64-cpython-38/src/core/lib/security/credentials
2022-12-27T02:25:41.1838500Z   creating python_build/temp.macosx-11.0-arm64-cpython-38/src/core/lib/security/credentials/composite
2022-12-27T02:25:41.1839050Z   creating python_build/temp.macosx-11.0-arm64-cpython-38/src/core/lib/security/credentials/fake
2022-12-27T02:25:41.1839500Z   creating python_build/temp.macosx-11.0-arm64-cpython-38/src/core/lib/security/credentials/google_default
2022-12-27T02:25:41.1839840Z   creating python_build/temp.macosx-11.0-arm64-cpython-38/src/core/lib/security/credentials/iam
2022-12-27T02:25:41.1840200Z   creating python_build/temp.macosx-11.0-arm64-cpython-38/src/core/lib/security/credentials/jwt
2022-12-27T02:25:41.1840560Z   creating python_build/temp.macosx-11.0-arm64-cpython-38/src/core/lib/security/credentials/oauth2
2022-12-27T02:25:41.1840910Z   creating python_build/temp.macosx-11.0-arm64-cpython-38/src/core/lib/security/credentials/plugin
2022-12-27T02:25:41.1841200Z   creating python_build/temp.macosx-11.0-arm64-cpython-38/src/core/lib/security/credentials/ssl
2022-12-27T02:25:41.1841550Z   creating python_build/temp.macosx-11.0-arm64-cpython-38/src/core/lib/security/transport
2022-12-27T02:25:41.1841910Z   creating python_build/temp.macosx-11.0-arm64-cpython-38/src/core/lib/security/util
2022-12-27T02:25:41.1842230Z   creating python_build/temp.macosx-11.0-arm64-cpython-38/src/core/lib/slice
2022-12-27T02:25:41.1842490Z   creating python_build/temp.macosx-11.0-arm64-cpython-38/src/core/lib/support
2022-12-27T02:25:41.1845580Z   creating python_build/temp.macosx-11.0-arm64-cpython-38/src/core/lib/surface
2022-12-27T02:25:41.1848910Z   creating python_build/temp.macosx-11.0-arm64-cpython-38/src/core/lib/transport
2022-12-27T02:25:41.1852040Z   creating python_build/temp.macosx-11.0-arm64-cpython-38/src/core/lib/tsi
2022-12-27T02:25:41.1853810Z   creating python_build/temp.macosx-11.0-arm64-cpython-38/src/core/plugin_registry
2022-12-27T02:25:41.1855510Z   creating python_build/temp.macosx-11.0-arm64-cpython-38/src/python
2022-12-27T02:25:41.1857200Z   creating python_build/temp.macosx-11.0-arm64-cpython-38/src/python/grpcio
2022-12-27T02:25:41.1858960Z   creating python_build/temp.macosx-11.0-arm64-cpython-38/src/python/grpcio/grpc
2022-12-27T02:25:41.1860460Z   creating python_build/temp.macosx-11.0-arm64-cpython-38/src/python/grpcio/grpc/_cython
2022-12-27T02:25:41.1861770Z   creating python_build/temp.macosx-11.0-arm64-cpython-38/third_party
2022-12-27T02:25:41.1863270Z   creating python_build/temp.macosx-11.0-arm64-cpython-38/third_party/boringssl
2022-12-27T02:25:41.1864690Z   creating python_build/temp.macosx-11.0-arm64-cpython-38/third_party/boringssl/crypto
2022-12-27T02:25:41.1866670Z   creating python_build/temp.macosx-11.0-arm64-cpython-38/third_party/boringssl/crypto/aes
2022-12-27T02:25:41.1868150Z   creating python_build/temp.macosx-11.0-arm64-cpython-38/third_party/boringssl/crypto/asn1
2022-12-27T02:25:41.1872180Z   creating python_build/temp.macosx-11.0-arm64-cpython-38/third_party/boringssl/crypto/base64
2022-12-27T02:25:41.1875350Z   creating python_build/temp.macosx-11.0-arm64-cpython-38/third_party/boringssl/crypto/bio
2022-12-27T02:25:41.1877910Z   creating python_build/temp.macosx-11.0-arm64-cpython-38/third_party/boringssl/crypto/bn
2022-12-27T02:25:41.1880310Z   creating python_build/temp.macosx-11.0-arm64-cpython-38/third_party/boringssl/crypto/bn/asm
2022-12-27T02:25:41.1883870Z   creating python_build/temp.macosx-11.0-arm64-cpython-38/third_party/boringssl/crypto/buf
2022-12-27T02:25:41.1885830Z   creating python_build/temp.macosx-11.0-arm64-cpython-38/third_party/boringssl/crypto/bytestring
2022-12-27T02:25:41.1887580Z   creating python_build/temp.macosx-11.0-arm64-cpython-38/third_party/boringssl/crypto/chacha
2022-12-27T02:25:41.1889590Z   creating python_build/temp.macosx-11.0-arm64-cpython-38/third_party/boringssl/crypto/cipher
2022-12-27T02:25:41.1892460Z   creating python_build/temp.macosx-11.0-arm64-cpython-38/third_party/boringssl/crypto/cmac
2022-12-27T02:25:41.1894050Z   creating python_build/temp.macosx-11.0-arm64-cpython-38/third_party/boringssl/crypto/conf
2022-12-27T02:25:41.1895790Z   creating python_build/temp.macosx-11.0-arm64-cpython-38/third_party/boringssl/crypto/curve25519
2022-12-27T02:25:41.1897580Z   creating python_build/temp.macosx-11.0-arm64-cpython-38/third_party/boringssl/crypto/des
2022-12-27T02:25:41.1898900Z   creating python_build/temp.macosx-11.0-arm64-cpython-38/third_party/boringssl/crypto/dh
2022-12-27T02:25:41.1900370Z   creating python_build/temp.macosx-11.0-arm64-cpython-38/third_party/boringssl/crypto/digest
2022-12-27T02:25:41.1901950Z   creating python_build/temp.macosx-11.0-arm64-cpython-38/third_party/boringssl/crypto/dsa
2022-12-27T02:25:41.1904390Z   creating python_build/temp.macosx-11.0-arm64-cpython-38/third_party/boringssl/crypto/ec
2022-12-27T02:25:41.1906580Z   creating python_build/temp.macosx-11.0-arm64-cpython-38/third_party/boringssl/crypto/ecdh
2022-12-27T02:25:41.1908080Z   creating python_build/temp.macosx-11.0-arm64-cpython-38/third_party/boringssl/crypto/ecdsa
2022-12-27T02:25:41.1910340Z   creating python_build/temp.macosx-11.0-arm64-cpython-38/third_party/boringssl/crypto/engine
2022-12-27T02:25:41.1912030Z   creating python_build/temp.macosx-11.0-arm64-cpython-38/third_party/boringssl/crypto/err
2022-12-27T02:25:41.1913670Z   creating python_build/temp.macosx-11.0-arm64-cpython-38/third_party/boringssl/crypto/evp
2022-12-27T02:25:41.1916380Z   creating python_build/temp.macosx-11.0-arm64-cpython-38/third_party/boringssl/crypto/hkdf
2022-12-27T02:25:41.1918320Z   creating python_build/temp.macosx-11.0-arm64-cpython-38/third_party/boringssl/crypto/hmac
2022-12-27T02:25:41.1919950Z   creating python_build/temp.macosx-11.0-arm64-cpython-38/third_party/boringssl/crypto/lhash
2022-12-27T02:25:41.1921530Z   creating python_build/temp.macosx-11.0-arm64-cpython-38/third_party/boringssl/crypto/md4
2022-12-27T02:25:41.1922930Z   creating python_build/temp.macosx-11.0-arm64-cpython-38/third_party/boringssl/crypto/md5
2022-12-27T02:25:41.1924650Z   creating python_build/temp.macosx-11.0-arm64-cpython-38/third_party/boringssl/crypto/modes
2022-12-27T02:25:41.1926940Z   creating python_build/temp.macosx-11.0-arm64-cpython-38/third_party/boringssl/crypto/newhope
2022-12-27T02:25:41.1928770Z   creating python_build/temp.macosx-11.0-arm64-cpython-38/third_party/boringssl/crypto/obj
2022-12-27T02:25:41.1930890Z   creating python_build/temp.macosx-11.0-arm64-cpython-38/third_party/boringssl/crypto/pem
2022-12-27T02:25:41.1933180Z   creating python_build/temp.macosx-11.0-arm64-cpython-38/third_party/boringssl/crypto/pkcs8
2022-12-27T02:25:41.1934980Z   creating python_build/temp.macosx-11.0-arm64-cpython-38/third_party/boringssl/crypto/poly1305
2022-12-27T02:25:41.1937060Z   creating python_build/temp.macosx-11.0-arm64-cpython-38/third_party/boringssl/crypto/rand
2022-12-27T02:25:41.1938930Z   creating python_build/temp.macosx-11.0-arm64-cpython-38/third_party/boringssl/crypto/rc4
2022-12-27T02:25:41.1940720Z   creating python_build/temp.macosx-11.0-arm64-cpython-38/third_party/boringssl/crypto/rsa
2022-12-27T02:25:41.1942940Z   creating python_build/temp.macosx-11.0-arm64-cpython-38/third_party/boringssl/crypto/sha
2022-12-27T02:25:41.1944630Z   creating python_build/temp.macosx-11.0-arm64-cpython-38/third_party/boringssl/crypto/stack
2022-12-27T02:25:41.1947020Z   creating python_build/temp.macosx-11.0-arm64-cpython-38/third_party/boringssl/crypto/x509
2022-12-27T02:25:41.1953140Z   creating python_build/temp.macosx-11.0-arm64-cpython-38/third_party/boringssl/crypto/x509v3
2022-12-27T02:25:41.1957500Z   creating python_build/temp.macosx-11.0-arm64-cpython-38/third_party/boringssl/ssl
2022-12-27T02:25:41.1962040Z   creating python_build/temp.macosx-11.0-arm64-cpython-38/third_party/nanopb
2022-12-27T02:25:41.1964060Z   creating python_build/temp.macosx-11.0-arm64-cpython-38/third_party/zlib
2022-12-27T02:25:41.1969260Z   gcc -Wno-unused-result -Wsign-compare -Wunreachable-code -fno-common -dynamic -DNDEBUG -g -fwrapv -O3 -Wall -g -I/usr/local/opt/openssl@3/include -I/usr/local/opt/openssl@3/include -arch arm64 -DOPENSSL_NO_ASM=1 -D_WIN32_WINNT=1536 -DGPR_BACKWARDS_COMPATIBILITY_MODE=1 "-DPyMODINIT_FUNC=__attribute__((visibility (\"default\"))) PyObject*" -Isrc/python/grpcio -Iinclude -I. -Ithird_party/boringssl/include -Ithird_party/zlib -I/private/var/folders/51/hd414ycd67n82196sw51xqtc0000gn/T/cibw-run-wsst_5jz/cp38-macosx_arm64/build/venv/include -I/Library/Frameworks/Python.framework/Versions/3.8/include/python3.8 -c src/boringssl/err_data.c -o python_build/temp.macosx-11.0-arm64-cpython-38/src/boringssl/err_data.o -fvisibility=hidden -fno-wrapv -pthread -std=gnu99
2022-12-27T02:25:41.2327720Z   In file included from src/boringssl/err_data.c:17:
2022-12-27T02:25:41.2329590Z   third_party/boringssl/include/openssl/base.h:120:9: warning: 'OPENSSL_VERSION_NUMBER' macro redefined [-Wmacro-redefined]
2022-12-27T02:25:41.2331310Z   #define OPENSSL_VERSION_NUMBER 0x10002000
2022-12-27T02:25:41.2333090Z           ^
2022-12-27T02:25:41.2335310Z   /usr/local/opt/openssl@3/include/openssl/opensslv.h:99:10: note: previous definition is here
2022-12-27T02:25:41.2336770Z   # define OPENSSL_VERSION_NUMBER          \
2022-12-27T02:25:41.2338180Z            ^
2022-12-27T02:25:41.2339640Z   In file included from src/boringssl/err_data.c:18:
2022-12-27T02:25:41.2341060Z   In file included from /usr/local/opt/openssl@3/include/openssl/err.h:21:
2022-12-27T02:25:41.2342630Z   /usr/local/opt/openssl@3/include/openssl/e_os2.h:183:11: warning: 'OPENSSL_EXPORT' macro redefined [-Wmacro-redefined]
2022-12-27T02:25:41.2343740Z   #  define OPENSSL_EXPORT extern
2022-12-27T02:25:41.2345300Z             ^
2022-12-27T02:25:41.2346580Z   third_party/boringssl/include/openssl/base.h:155:9: note: previous definition is here
2022-12-27T02:25:41.2347980Z   #define OPENSSL_EXPORT
2022-12-27T02:25:41.2349260Z           ^
2022-12-27T02:25:41.2389700Z   In file included from src/boringssl/err_data.c:18:
2022-12-27T02:25:41.2391470Z   In file included from /usr/local/opt/openssl@3/include/openssl/err.h:28:
2022-12-27T02:25:41.2393120Z   In file included from /usr/local/opt/openssl@3/include/openssl/types.h:21:
2022-12-27T02:25:41.2395490Z   /usr/local/opt/openssl@3/include/openssl/safestack.h:264:15: warning: redefinition of typedef 'OPENSSL_BLOCK' is a C11 feature [-Wtypedef-redefinition]
2022-12-27T02:25:41.2396890Z   typedef void *OPENSSL_BLOCK;
2022-12-27T02:25:41.2398590Z                 ^
2022-12-27T02:25:41.2400150Z   third_party/boringssl/include/openssl/base.h:298:15: note: previous definition is here
2022-12-27T02:25:41.2401350Z   typedef void *OPENSSL_BLOCK;
2022-12-27T02:25:41.2402630Z                 ^
2022-12-27T02:25:41.2404060Z   In file included from src/boringssl/err_data.c:18:
2022-12-27T02:25:41.2405380Z   In file included from /usr/local/opt/openssl@3/include/openssl/err.h:28:
2022-12-27T02:25:41.2407100Z   /usr/local/opt/openssl@3/include/openssl/types.h:45:31: warning: redefinition of typedef 'ASN1_INTEGER' is a C11 feature [-Wtypedef-redefinition]
2022-12-27T02:25:41.2408070Z   typedef struct asn1_string_st ASN1_INTEGER;
2022-12-27T02:25:41.2409390Z                                 ^
2022-12-27T02:25:41.2410840Z   third_party/boringssl/include/openssl/base.h:189:31: note: previous definition is here
2022-12-27T02:25:41.2412130Z   typedef struct asn1_string_st ASN1_INTEGER;
2022-12-27T02:25:41.2413410Z                                 ^
2022-12-27T02:25:41.2414870Z   In file included from src/boringssl/err_data.c:18:
2022-12-27T02:25:41.2416140Z   In file included from /usr/local/opt/openssl@3/include/openssl/err.h:28:
2022-12-27T02:25:41.2417770Z   /usr/local/opt/openssl@3/include/openssl/types.h:46:31: warning: redefinition of typedef 'ASN1_ENUMERATED' is a C11 feature [-Wtypedef-redefinition]
2022-12-27T02:25:41.2418840Z   typedef struct asn1_string_st ASN1_ENUMERATED;
2022-12-27T02:25:41.2420100Z                                 ^
2022-12-27T02:25:41.2421510Z   third_party/boringssl/include/openssl/base.h:185:31: note: previous definition is here
2022-12-27T02:25:41.2422840Z   typedef struct asn1_string_st ASN1_ENUMERATED;
2022-12-27T02:25:41.2424100Z                                 ^
2022-12-27T02:25:41.2425490Z   In file included from src/boringssl/err_data.c:18:
2022-12-27T02:25:41.2427010Z   In file included from /usr/local/opt/openssl@3/include/openssl/err.h:28:
2022-12-27T02:25:41.2428460Z   /usr/local/opt/openssl@3/include/openssl/types.h:47:31: warning: redefinition of typedef 'ASN1_BIT_STRING' is a C11 feature [-Wtypedef-redefinition]
2022-12-27T02:25:41.2429630Z   typedef struct asn1_string_st ASN1_BIT_STRING;
2022-12-27T02:25:41.2430920Z                                 ^
2022-12-27T02:25:41.2432430Z   third_party/boringssl/include/openssl/base.h:183:31: note: previous definition is here
2022-12-27T02:25:41.2433650Z   typedef struct asn1_string_st ASN1_BIT_STRING;
2022-12-27T02:25:41.2434890Z                                 ^
2022-12-27T02:25:41.2436290Z   In file included from src/boringssl/err_data.c:18:
2022-12-27T02:25:41.2437650Z   In file included from /usr/local/opt/openssl@3/include/openssl/err.h:28:
2022-12-27T02:25:41.2439270Z   /usr/local/opt/openssl@3/include/openssl/types.h:48:31: warning: redefinition of typedef 'ASN1_OCTET_STRING' is a C11 feature [-Wtypedef-redefinition]
2022-12-27T02:25:41.2440360Z   typedef struct asn1_string_st ASN1_OCTET_STRING;
2022-12-27T02:25:41.2441680Z                                 ^
2022-12-27T02:25:41.2443140Z   third_party/boringssl/include/openssl/base.h:190:31: note: previous definition is here
2022-12-27T02:25:41.2444470Z   typedef struct asn1_string_st ASN1_OCTET_STRING;
2022-12-27T02:25:41.2445710Z                                 ^
2022-12-27T02:25:41.2447120Z   In file included from src/boringssl/err_data.c:18:
2022-12-27T02:25:41.2448480Z   In file included from /usr/local/opt/openssl@3/include/openssl/err.h:28:
2022-12-27T02:25:41.2450190Z   /usr/local/opt/openssl@3/include/openssl/types.h:49:31: warning: redefinition of typedef 'ASN1_PRINTABLESTRING' is a C11 feature [-Wtypedef-redefinition]
2022-12-27T02:25:41.2451290Z   typedef struct asn1_string_st ASN1_PRINTABLESTRING;
2022-12-27T02:25:41.2452570Z                                 ^
2022-12-27T02:25:41.2454040Z   third_party/boringssl/include/openssl/base.h:191:31: note: previous definition is here
2022-12-27T02:25:41.2455360Z   typedef struct asn1_string_st ASN1_PRINTABLESTRING;
2022-12-27T02:25:41.2456610Z                                 ^
2022-12-27T02:25:41.2458030Z   In file included from src/boringssl/err_data.c:18:
2022-12-27T02:25:41.2459410Z   In file included from /usr/local/opt/openssl@3/include/openssl/err.h:28:
2022-12-27T02:25:41.2461010Z   /usr/local/opt/openssl@3/include/openssl/types.h:50:31: warning: redefinition of typedef 'ASN1_T61STRING' is a C11 feature [-Wtypedef-redefinition]
2022-12-27T02:25:41.2462280Z   typedef struct asn1_string_st ASN1_T61STRING;
2022-12-27T02:25:41.2463600Z                                 ^
2022-12-27T02:25:41.2465080Z   third_party/boringssl/include/openssl/base.h:193:31: note: previous definition is here
2022-12-27T02:25:41.2466390Z   typedef struct asn1_string_st ASN1_T61STRING;
2022-12-27T02:25:41.2467660Z                                 ^
2022-12-27T02:25:41.2469110Z   In file included from src/boringssl/err_data.c:18:
2022-12-27T02:25:41.2470470Z   In file included from /usr/local/opt/openssl@3/include/openssl/err.h:28:
2022-12-27T02:25:41.2472070Z   /usr/local/opt/openssl@3/include/openssl/types.h:51:31: warning: redefinition of typedef 'ASN1_IA5STRING' is a C11 feature [-Wtypedef-redefinition]
2022-12-27T02:25:41.2473210Z   typedef struct asn1_string_st ASN1_IA5STRING;
2022-12-27T02:25:41.2474480Z                                 ^
2022-12-27T02:25:41.2475920Z   third_party/boringssl/include/openssl/base.h:188:31: note: previous definition is here
2022-12-27T02:25:41.2477230Z   typedef struct asn1_string_st ASN1_IA5STRING;
2022-12-27T02:25:41.2478490Z                                 ^
2022-12-27T02:25:41.2479850Z   In file included from src/boringssl/err_data.c:18:
2022-12-27T02:25:41.2481220Z   In file included from /usr/local/opt/openssl@3/include/openssl/err.h:28:
2022-12-27T02:25:41.2482790Z   /usr/local/opt/openssl@3/include/openssl/types.h:52:31: warning: redefinition of typedef 'ASN1_GENERALSTRING' is a C11 feature [-Wtypedef-redefinition]
2022-12-27T02:25:41.2484090Z   typedef struct asn1_string_st ASN1_GENERALSTRING;
2022-12-27T02:25:41.2485220Z                                 ^
2022-12-27T02:25:41.2486620Z   third_party/boringssl/include/openssl/base.h:187:31: note: previous definition is here
2022-12-27T02:25:41.2488070Z   typedef struct asn1_string_st ASN1_GENERALSTRING;
2022-12-27T02:25:41.2489430Z                                 ^
2022-12-27T02:25:41.2490790Z   In file included from src/boringssl/err_data.c:18:
2022-12-27T02:25:41.2492150Z   In file included from /usr/local/opt/openssl@3/include/openssl/err.h:28:
2022-12-27T02:25:41.2493770Z   /usr/local/opt/openssl@3/include/openssl/types.h:53:31: warning: redefinition of typedef 'ASN1_UNIVERSALSTRING' is a C11 feature [-Wtypedef-redefinition]
2022-12-27T02:25:41.2494920Z   typedef struct asn1_string_st ASN1_UNIVERSALSTRING;
2022-12-27T02:25:41.2496190Z                                 ^
2022-12-27T02:25:41.2497620Z   third_party/boringssl/include/openssl/base.h:195:31: note: previous definition is here
2022-12-27T02:25:41.2498930Z   typedef struct asn1_string_st ASN1_UNIVERSALSTRING;
2022-12-27T02:25:41.2500210Z                                 ^
2022-12-27T02:25:41.2501570Z   In file included from src/boringssl/err_data.c:18:
2022-12-27T02:25:41.2502920Z   In file included from /usr/local/opt/openssl@3/include/openssl/err.h:28:
2022-12-27T02:25:41.2504550Z   /usr/local/opt/openssl@3/include/openssl/types.h:54:31: warning: redefinition of typedef 'ASN1_BMPSTRING' is a C11 feature [-Wtypedef-redefinition]
2022-12-27T02:25:41.2505710Z   typedef struct asn1_string_st ASN1_BMPSTRING;
2022-12-27T02:25:41.2506980Z                                 ^
2022-12-27T02:25:41.2508420Z   third_party/boringssl/include/openssl/base.h:184:31: note: previous definition is here
2022-12-27T02:25:41.2509810Z   typedef struct asn1_string_st ASN1_BMPSTRING;
2022-12-27T02:25:41.2511110Z                                 ^
2022-12-27T02:25:41.2512560Z   In file included from src/boringssl/err_data.c:18:
2022-12-27T02:25:41.2513910Z   In file included from /usr/local/opt/openssl@3/include/openssl/err.h:28:
2022-12-27T02:25:41.2515540Z   /usr/local/opt/openssl@3/include/openssl/types.h:55:31: warning: redefinition of typedef 'ASN1_UTCTIME' is a C11 feature [-Wtypedef-redefinition]
2022-12-27T02:25:41.2516650Z   typedef struct asn1_string_st ASN1_UTCTIME;
2022-12-27T02:25:41.2517930Z                                 ^
2022-12-27T02:25:41.2519360Z   third_party/boringssl/include/openssl/base.h:196:31: note: previous definition is here
2022-12-27T02:25:41.2520660Z   typedef struct asn1_string_st ASN1_UTCTIME;
2022-12-27T02:25:41.2521950Z                                 ^
2022-12-27T02:25:41.2523320Z   In file included from src/boringssl/err_data.c:18:
2022-12-27T02:25:41.2524680Z   In file included from /usr/local/opt/openssl@3/include/openssl/err.h:28:
2022-12-27T02:25:41.2526310Z   /usr/local/opt/openssl@3/include/openssl/types.h:56:31: warning: redefinition of typedef 'ASN1_TIME' is a C11 feature [-Wtypedef-redefinition]
2022-12-27T02:25:41.2527490Z   typedef struct asn1_string_st ASN1_TIME;
2022-12-27T02:25:41.2528810Z                                 ^
2022-12-27T02:25:41.2530270Z   third_party/boringssl/include/openssl/base.h:194:31: note: previous definition is here
2022-12-27T02:25:41.2531570Z   typedef struct asn1_string_st ASN1_TIME;
2022-12-27T02:25:41.2532850Z                                 ^
2022-12-27T02:25:41.2534260Z   In file included from src/boringssl/err_data.c:18:
2022-12-27T02:25:41.2535650Z   In file included from /usr/local/opt/openssl@3/include/openssl/err.h:28:
2022-12-27T02:25:41.2537380Z   /usr/local/opt/openssl@3/include/openssl/types.h:57:31: warning: redefinition of typedef 'ASN1_GENERALIZEDTIME' is a C11 feature [-Wtypedef-redefinition]
2022-12-27T02:25:41.2538500Z   typedef struct asn1_string_st ASN1_GENERALIZEDTIME;
2022-12-27T02:25:41.2539760Z                                 ^
2022-12-27T02:25:41.2541240Z   third_party/boringssl/include/openssl/base.h:186:31: note: previous definition is here
2022-12-27T02:25:41.2542730Z   typedef struct asn1_string_st ASN1_GENERALIZEDTIME;
2022-12-27T02:25:41.2543820Z                                 ^
2022-12-27T02:25:41.2545160Z   In file included from src/boringssl/err_data.c:18:
2022-12-27T02:25:41.2546520Z   In file included from /usr/local/opt/openssl@3/include/openssl/err.h:28:
2022-12-27T02:25:41.2548170Z   /usr/local/opt/openssl@3/include/openssl/types.h:58:31: warning: redefinition of typedef 'ASN1_VISIBLESTRING' is a C11 feature [-Wtypedef-redefinition]
2022-12-27T02:25:41.2549530Z   typedef struct asn1_string_st ASN1_VISIBLESTRING;
2022-12-27T02:25:41.2551440Z                                 ^
2022-12-27T02:25:41.2553410Z   third_party/boringssl/include/openssl/base.h:198:31: note: previous definition is here
2022-12-27T02:25:41.2555260Z   typedef struct asn1_string_st ASN1_VISIBLESTRING;
2022-12-27T02:25:41.2556580Z                                 ^
2022-12-27T02:25:41.2557950Z   In file included from src/boringssl/err_data.c:18:
2022-12-27T02:25:41.2559300Z   In file included from /usr/local/opt/openssl@3/include/openssl/err.h:28:
2022-12-27T02:25:41.2560890Z   /usr/local/opt/openssl@3/include/openssl/types.h:59:31: warning: redefinition of typedef 'ASN1_UTF8STRING' is a C11 feature [-Wtypedef-redefinition]
2022-12-27T02:25:41.2562040Z   typedef struct asn1_string_st ASN1_UTF8STRING;
2022-12-27T02:25:41.2563300Z                                 ^
2022-12-27T02:25:41.2564730Z   third_party/boringssl/include/openssl/base.h:197:31: note: previous definition is here
2022-12-27T02:25:41.2566120Z   typedef struct asn1_string_st ASN1_UTF8STRING;
2022-12-27T02:25:41.2567420Z                                 ^
2022-12-27T02:25:41.2568800Z   In file included from src/boringssl/err_data.c:18:
2022-12-27T02:25:41.2570180Z   In file included from /usr/local/opt/openssl@3/include/openssl/err.h:28:
2022-12-27T02:25:41.2571780Z   /usr/local/opt/openssl@3/include/openssl/types.h:60:31: warning: redefinition of typedef 'ASN1_STRING' is a C11 feature [-Wtypedef-redefinition]
2022-12-27T02:25:41.2572950Z   typedef struct asn1_string_st ASN1_STRING;
2022-12-27T02:25:41.2574190Z                                 ^
2022-12-27T02:25:41.2575610Z   third_party/boringssl/include/openssl/base.h:192:31: note: previous definition is here
2022-12-27T02:25:41.2576910Z   typedef struct asn1_string_st ASN1_STRING;
2022-12-27T02:25:41.2578180Z                                 ^
2022-12-27T02:25:41.2579560Z   In file included from src/boringssl/err_data.c:18:
2022-12-27T02:25:41.2580950Z   In file included from /usr/local/opt/openssl@3/include/openssl/err.h:28:
2022-12-27T02:25:41.2582550Z   /usr/local/opt/openssl@3/include/openssl/types.h:61:13: warning: redefinition of typedef 'ASN1_BOOLEAN' is a C11 feature [-Wtypedef-redefinition]
2022-12-27T02:25:41.2583660Z   typedef int ASN1_BOOLEAN;
2022-12-27T02:25:41.2584960Z               ^
2022-12-27T02:25:41.2586660Z   third_party/boringssl/include/openssl/base.h:178:13: note: previous definition is here
2022-12-27T02:25:41.2588030Z   typedef int ASN1_BOOLEAN;
2022-12-27T02:25:41.2589270Z               ^
2022-12-27T02:25:41.2591130Z   In file included from src/boringssl/err_data.c:18:
2022-12-27T02:25:41.2592010Z   In file included from /usr/local/opt/openssl@3/include/openssl/err.h:28:
2022-12-27T02:25:41.2593680Z   /usr/local/opt/openssl@3/include/openssl/types.h:62:13: warning: redefinition of typedef 'ASN1_NULL' is a C11 feature [-Wtypedef-redefinition]
2022-12-27T02:25:41.2594790Z   typedef int ASN1_NULL;
2022-12-27T02:25:41.2596100Z               ^
2022-12-27T02:25:41.2597570Z   third_party/boringssl/include/openssl/base.h:179:13: note: previous definition is here
2022-12-27T02:25:41.2598780Z   typedef int ASN1_NULL;
2022-12-27T02:25:41.2600020Z               ^
2022-12-27T02:25:41.2601390Z   In file included from src/boringssl/err_data.c:18:
2022-12-27T02:25:41.2602750Z   In file included from /usr/local/opt/openssl@3/include/openssl/err.h:28:
2022-12-27T02:25:41.2604640Z   /usr/local/opt/openssl@3/include/openssl/types.h:65:29: warning: redefinition of typedef 'ASN1_TYPE' is a C11 feature [-Wtypedef-redefinition]
2022-12-27T02:25:41.2605420Z   typedef struct asn1_type_st ASN1_TYPE;
2022-12-27T02:25:41.2606730Z                               ^
2022-12-27T02:25:41.2608130Z   third_party/boringssl/include/openssl/base.h:199:29: note: previous definition is here
2022-12-27T02:25:41.2609540Z   typedef struct asn1_type_st ASN1_TYPE;
2022-12-27T02:25:41.2610810Z                               ^
2022-12-27T02:25:41.2612160Z   In file included from src/boringssl/err_data.c:18:
2022-12-27T02:25:41.2613510Z   In file included from /usr/local/opt/openssl@3/include/openssl/err.h:28:
2022-12-27T02:25:41.2615110Z   /usr/local/opt/openssl@3/include/openssl/types.h:66:31: warning: redefinition of typedef 'ASN1_OBJECT' is a C11 feature [-Wtypedef-redefinition]
2022-12-27T02:25:41.2616380Z   typedef struct asn1_object_st ASN1_OBJECT;
2022-12-27T02:25:41.2617700Z                                 ^
2022-12-27T02:25:41.2618970Z   third_party/boringssl/include/openssl/base.h:181:31: note: previous definition is here
2022-12-27T02:25:41.2620370Z   typedef struct asn1_object_st ASN1_OBJECT;
2022-12-27T02:25:41.2621630Z                                 ^
2022-12-27T02:25:41.2623050Z   In file included from src/boringssl/err_data.c:18:
2022-12-27T02:25:41.2624350Z   In file included from /usr/local/opt/openssl@3/include/openssl/err.h:28:
2022-12-27T02:25:41.2625930Z   /usr/local/opt/openssl@3/include/openssl/types.h:69:29: warning: redefinition of typedef 'ASN1_ITEM' is a C11 feature [-Wtypedef-redefinition]
2022-12-27T02:25:41.2626990Z   typedef struct ASN1_ITEM_st ASN1_ITEM;
2022-12-27T02:25:41.2628260Z                               ^
2022-12-27T02:25:41.2629800Z   third_party/boringssl/include/openssl/base.h:180:29: note: previous definition is here
2022-12-27T02:25:41.2631060Z   typedef struct ASN1_ITEM_st ASN1_ITEM;
2022-12-27T02:25:41.2632310Z                               ^
2022-12-27T02:25:41.2633710Z   In file included from src/boringssl/err_data.c:18:
2022-12-27T02:25:41.2635030Z   In file included from /usr/local/opt/openssl@3/include/openssl/err.h:28:
2022-12-27T02:25:41.2636610Z   /usr/local/opt/openssl@3/include/openssl/types.h:70:29: warning: redefinition of typedef 'ASN1_PCTX' is a C11 feature [-Wtypedef-redefinition]
2022-12-27T02:25:41.2637700Z   typedef struct asn1_pctx_st ASN1_PCTX;
2022-12-27T02:25:41.2638970Z                               ^
2022-12-27T02:25:41.2640380Z   third_party/boringssl/include/openssl/base.h:182:29: note: previous definition is here
2022-12-27T02:25:41.2641750Z   typedef struct asn1_pctx_st ASN1_PCTX;
2022-12-27T02:25:41.2643030Z                               ^
2022-12-27T02:25:41.2644390Z   In file included from src/boringssl/err_data.c:18:
2022-12-27T02:25:41.2645730Z   In file included from /usr/local/opt/openssl@3/include/openssl/err.h:28:
2022-12-27T02:25:41.2647290Z   /usr/local/opt/openssl@3/include/openssl/types.h:86:23: warning: redefinition of typedef 'BIO' is a C11 feature [-Wtypedef-redefinition]
2022-12-27T02:25:41.2648480Z   typedef struct bio_st BIO;
2022-12-27T02:25:41.2649850Z                         ^
2022-12-27T02:25:41.2651310Z   third_party/boringssl/include/openssl/base.h:235:23: note: previous definition is here
2022-12-27T02:25:41.2652480Z   typedef struct bio_st BIO;
2022-12-27T02:25:41.2653790Z                         ^
2022-12-27T02:25:41.2655230Z   In file included from src/boringssl/err_data.c:18:
2022-12-27T02:25:41.2656520Z   In file included from /usr/local/opt/openssl@3/include/openssl/err.h:28:
2022-12-27T02:25:41.2658140Z   /usr/local/opt/openssl@3/include/openssl/types.h:87:26: warning: redefinition of typedef 'BIGNUM' is a C11 feature [-Wtypedef-redefinition]
2022-12-27T02:25:41.2659100Z   typedef struct bignum_st BIGNUM;
2022-12-27T02:25:41.2660390Z                            ^
2022-12-27T02:25:41.2661820Z   third_party/boringssl/include/openssl/base.h:233:26: note: previous definition is here
2022-12-27T02:25:41.2663090Z   typedef struct bignum_st BIGNUM;
2022-12-27T02:25:41.2664400Z                            ^
2022-12-27T02:25:41.2665960Z   In file included from src/boringssl/err_data.c:18:
2022-12-27T02:25:41.2667220Z   In file included from /usr/local/opt/openssl@3/include/openssl/err.h:28:
2022-12-27T02:25:41.2668790Z   /usr/local/opt/openssl@3/include/openssl/types.h:88:27: warning: redefinition of typedef 'BN_CTX' is a C11 feature [-Wtypedef-redefinition]
2022-12-27T02:25:41.2669990Z   typedef struct bignum_ctx BN_CTX;
2022-12-27T02:25:41.2671270Z                             ^
2022-12-27T02:25:41.2672700Z   third_party/boringssl/include/openssl/base.h:232:27: note: previous definition is here
2022-12-27T02:25:41.2673880Z   typedef struct bignum_ctx BN_CTX;
2022-12-27T02:25:41.2675200Z                             ^
2022-12-27T02:25:41.2676640Z   In file included from src/boringssl/err_data.c:18:
2022-12-27T02:25:41.2677970Z   In file included from /usr/local/opt/openssl@3/include/openssl/err.h:28:
2022-12-27T02:25:41.2679690Z   /usr/local/opt/openssl@3/include/openssl/types.h:90:31: warning: redefinition of typedef 'BN_MONT_CTX' is a C11 feature [-Wtypedef-redefinition]
2022-12-27T02:25:41.2680540Z   typedef struct bn_mont_ctx_st BN_MONT_CTX;
2022-12-27T02:25:41.2681840Z                                 ^
2022-12-27T02:25:41.2683330Z   third_party/boringssl/include/openssl/base.h:237:31: note: previous definition is here
2022-12-27T02:25:41.2684640Z   typedef struct bn_mont_ctx_st BN_MONT_CTX;
2022-12-27T02:25:41.2685860Z                                 ^
2022-12-27T02:25:41.2687250Z   In file included from src/boringssl/err_data.c:18:
2022-12-27T02:25:41.2688750Z   In file included from /usr/local/opt/openssl@3/include/openssl/err.h:28:
2022-12-27T02:25:41.2690450Z   /usr/local/opt/openssl@3/include/openssl/types.h:92:28: warning: redefinition of typedef 'BN_GENCB' is a C11 feature [-Wtypedef-redefinition]
2022-12-27T02:25:41.2691500Z   typedef struct bn_gencb_st BN_GENCB;
2022-12-27T02:25:41.2692770Z                              ^
2022-12-27T02:25:41.2694210Z   third_party/boringssl/include/openssl/base.h:236:28: note: previous definition is here
2022-12-27T02:25:41.2695470Z   typedef struct bn_gencb_st BN_GENCB;
2022-12-27T02:25:41.2696740Z                              ^
2022-12-27T02:25:41.2698110Z   In file included from src/boringssl/err_data.c:18:
2022-12-27T02:25:41.2699470Z   In file included from /usr/local/opt/openssl@3/include/openssl/err.h:28:
2022-12-27T02:25:41.2701200Z   /usr/local/opt/openssl@3/include/openssl/types.h:94:27: warning: redefinition of typedef 'BUF_MEM' is a C11 feature [-Wtypedef-redefinition]
2022-12-27T02:25:41.2702180Z   typedef struct buf_mem_st BUF_MEM;
2022-12-27T02:25:41.2703550Z                             ^
2022-12-27T02:25:41.2705020Z   third_party/boringssl/include/openssl/base.h:238:27: note: previous definition is here
2022-12-27T02:25:41.2706300Z   typedef struct buf_mem_st BUF_MEM;
2022-12-27T02:25:41.2707530Z                             ^
2022-12-27T02:25:41.2708910Z   In file included from src/boringssl/err_data.c:18:
2022-12-27T02:25:41.2710360Z   In file included from /usr/local/opt/openssl@3/include/openssl/err.h:28:
2022-12-27T02:25:41.2711840Z   /usr/local/opt/openssl@3/include/openssl/types.h:101:30: warning: redefinition of typedef 'EVP_CIPHER' is a C11 feature [-Wtypedef-redefinition]
2022-12-27T02:25:41.2712940Z   typedef struct evp_cipher_st EVP_CIPHER;
2022-12-27T02:25:41.2714220Z                                ^
2022-12-27T02:25:41.2715640Z   third_party/boringssl/include/openssl/base.h:256:30: note: previous definition is here
2022-12-27T02:25:41.2716940Z   typedef struct evp_cipher_st EVP_CIPHER;
2022-12-27T02:25:41.2718200Z                                ^
2022-12-27T02:25:41.2719580Z   In file included from src/boringssl/err_data.c:18:
2022-12-27T02:25:41.2720900Z   In file included from /usr/local/opt/openssl@3/include/openssl/err.h:28:
2022-12-27T02:25:41.2722900Z   /usr/local/opt/openssl@3/include/openssl/types.h:102:34: warning: redefinition of typedef 'EVP_CIPHER_CTX' is a C11 feature [-Wtypedef-redefinition]
2022-12-27T02:25:41.2723870Z   typedef struct evp_cipher_ctx_st EVP_CIPHER_CTX;
2022-12-27T02:25:41.2725320Z                                    ^
2022-12-27T02:25:41.2726550Z   third_party/boringssl/include/openssl/base.h:255:34: note: previous definition is here
2022-12-27T02:25:41.2727850Z   typedef struct evp_cipher_ctx_st EVP_CIPHER_CTX;
2022-12-27T02:25:41.2729180Z                                    ^
2022-12-27T02:25:41.2730540Z   In file included from src/boringssl/err_data.c:18:
2022-12-27T02:25:41.2731870Z   In file included from /usr/local/opt/openssl@3/include/openssl/err.h:28:
2022-12-27T02:25:41.2733470Z   /usr/local/opt/openssl@3/include/openssl/types.h:103:26: error: typedef redefinition with different types ('struct evp_md_st' vs 'struct env_md_st')
2022-12-27T02:25:41.2734720Z   typedef struct evp_md_st EVP_MD;
2022-12-27T02:25:41.2736000Z                            ^
2022-12-27T02:25:41.2737410Z   third_party/boringssl/include/openssl/base.h:253:26: note: previous definition is here
2022-12-27T02:25:41.2738720Z   typedef struct env_md_st EVP_MD;
2022-12-27T02:25:41.2739980Z                            ^
2022-12-27T02:25:41.2741360Z   In file included from src/boringssl/err_data.c:18:
2022-12-27T02:25:41.2742700Z   In file included from /usr/local/opt/openssl@3/include/openssl/err.h:28:
2022-12-27T02:25:41.2744270Z   /usr/local/opt/openssl@3/include/openssl/types.h:104:30: error: typedef redefinition with different types ('struct evp_md_ctx_st' vs 'struct env_md_ctx_st')
2022-12-27T02:25:41.2745400Z   typedef struct evp_md_ctx_st EVP_MD_CTX;
2022-12-27T02:25:41.2746670Z                                ^
2022-12-27T02:25:41.2748090Z   third_party/boringssl/include/openssl/base.h:252:30: note: previous definition is here
2022-12-27T02:25:41.2749470Z   typedef struct env_md_ctx_st EVP_MD_CTX;
2022-12-27T02:25:41.2750740Z                                ^
2022-12-27T02:25:41.2752090Z   In file included from src/boringssl/err_data.c:18:
2022-12-27T02:25:41.2753460Z   In file included from /usr/local/opt/openssl@3/include/openssl/err.h:28:
2022-12-27T02:25:41.2755020Z   /usr/local/opt/openssl@3/include/openssl/types.h:107:28: warning: redefinition of typedef 'EVP_PKEY' is a C11 feature [-Wtypedef-redefinition]
2022-12-27T02:25:41.2756140Z   typedef struct evp_pkey_st EVP_PKEY;
2022-12-27T02:25:41.2757400Z                              ^
2022-12-27T02:25:41.2758830Z   third_party/boringssl/include/openssl/base.h:261:28: note: previous definition is here
2022-12-27T02:25:41.2760120Z   typedef struct evp_pkey_st EVP_PKEY;
2022-12-27T02:25:41.2761400Z                              ^
2022-12-27T02:25:41.2762760Z   In file included from src/boringssl/err_data.c:18:
2022-12-27T02:25:41.2764110Z   In file included from /usr/local/opt/openssl@3/include/openssl/err.h:28:
2022-12-27T02:25:41.2765710Z   /usr/local/opt/openssl@3/include/openssl/types.h:109:40: warning: redefinition of typedef 'EVP_PKEY_ASN1_METHOD' is a C11 feature [-Wtypedef-redefinition]
2022-12-27T02:25:41.2766910Z   typedef struct evp_pkey_asn1_method_st EVP_PKEY_ASN1_METHOD;
2022-12-27T02:25:41.2768160Z                                          ^
2022-12-27T02:25:41.2769980Z   third_party/boringssl/include/openssl/base.h:258:40: note: previous definition is here
2022-12-27T02:25:41.2771920Z   typedef struct evp_pkey_asn1_method_st EVP_PKEY_ASN1_METHOD;
2022-12-27T02:25:41.2773660Z                                          ^
2022-12-27T02:25:41.2775260Z   In file included from src/boringssl/err_data.c:18:
2022-12-27T02:25:41.2776620Z   In file included from /usr/local/opt/openssl@3/include/openssl/err.h:28:
2022-12-27T02:25:41.2778230Z   /usr/local/opt/openssl@3/include/openssl/types.h:111:35: warning: redefinition of typedef 'EVP_PKEY_METHOD' is a C11 feature [-Wtypedef-redefinition]
2022-12-27T02:25:41.2779400Z   typedef struct evp_pkey_method_st EVP_PKEY_METHOD;
2022-12-27T02:25:41.2780610Z                                     ^
2022-12-27T02:25:41.2782060Z   third_party/boringssl/include/openssl/base.h:260:35: note: previous definition is here
2022-12-27T02:25:41.2783370Z   typedef struct evp_pkey_method_st EVP_PKEY_METHOD;
2022-12-27T02:25:41.2784840Z                                     ^
2022-12-27T02:25:41.2786060Z   In file included from src/boringssl/err_data.c:18:
2022-12-27T02:25:41.2787400Z   In file included from /usr/local/opt/openssl@3/include/openssl/err.h:28:
2022-12-27T02:25:41.2789190Z   /usr/local/opt/openssl@3/include/openssl/types.h:112:32: warning: redefinition of typedef 'EVP_PKEY_CTX' is a C11 feature [-Wtypedef-redefinition]
2022-12-27T02:25:41.2790310Z   typedef struct evp_pkey_ctx_st EVP_PKEY_CTX;
2022-12-27T02:25:41.2791570Z                                  ^
2022-12-27T02:25:41.2793050Z   third_party/boringssl/include/openssl/base.h:259:32: note: previous definition is here
2022-12-27T02:25:41.2794360Z   typedef struct evp_pkey_ctx_st EVP_PKEY_CTX;
2022-12-27T02:25:41.2795630Z                                  ^
2022-12-27T02:25:41.2796990Z   In file included from src/boringssl/err_data.c:18:
2022-12-27T02:25:41.2798360Z   In file included from /usr/local/opt/openssl@3/include/openssl/err.h:28:
2022-12-27T02:25:41.2799970Z   /usr/local/opt/openssl@3/include/openssl/types.h:130:34: error: typedef redefinition with different types ('struct evp_Encode_Ctx_st' vs 'struct evp_encode_ctx_st')
2022-12-27T02:25:41.2801080Z   typedef struct evp_Encode_Ctx_st EVP_ENCODE_CTX;
2022-12-27T02:25:41.2802330Z                                    ^
2022-12-27T02:25:41.2803760Z   third_party/boringssl/include/openssl/base.h:257:34: note: previous definition is here
2022-12-27T02:25:41.2805070Z   typedef struct evp_encode_ctx_st EVP_ENCODE_CTX;
2022-12-27T02:25:41.2806340Z                                    ^
2022-12-27T02:25:41.2807690Z   In file included from src/boringssl/err_data.c:18:
2022-12-27T02:25:41.2809110Z   In file included from /usr/local/opt/openssl@3/include/openssl/err.h:28:
2022-12-27T02:25:41.2810690Z   /usr/local/opt/openssl@3/include/openssl/types.h:132:28: warning: redefinition of typedef 'HMAC_CTX' is a C11 feature [-Wtypedef-redefinition]
2022-12-27T02:25:41.2811840Z   typedef struct hmac_ctx_st HMAC_CTX;
2022-12-27T02:25:41.2813100Z                              ^
2022-12-27T02:25:41.2814520Z   third_party/boringssl/include/openssl/base.h:262:28: note: previous definition is here
2022-12-27T02:25:41.2815810Z   typedef struct hmac_ctx_st HMAC_CTX;
2022-12-27T02:25:41.2817090Z                              ^
2022-12-27T02:25:41.2818450Z   In file included from src/boringssl/err_data.c:18:
2022-12-27T02:25:41.2819810Z   In file included from /usr/local/opt/openssl@3/include/openssl/err.h:28:
2022-12-27T02:25:41.2821570Z   /usr/local/opt/openssl@3/include/openssl/types.h:134:22: warning: redefinition of typedef 'DH' is a C11 feature [-Wtypedef-redefinition]
2022-12-27T02:25:41.2822610Z   typedef struct dh_st DH;
2022-12-27T02:25:41.2823890Z                        ^
2022-12-27T02:25:41.2825780Z   third_party/boringssl/include/openssl/base.h:244:22: note: previous definition is here
2022-12-27T02:25:41.2826690Z   typedef struct dh_st DH;
2022-12-27T02:25:41.2828160Z                        ^
2022-12-27T02:25:41.2829520Z   In file included from src/boringssl/err_data.c:18:
2022-12-27T02:25:41.2830810Z   In file included from /usr/local/opt/openssl@3/include/openssl/err.h:28:
2022-12-27T02:25:41.2832710Z   /usr/local/opt/openssl@3/include/openssl/types.h:138:23: warning: redefinition of typedef 'DSA' is a C11 feature [-Wtypedef-redefinition]
2022-12-27T02:25:41.2833480Z   typedef struct dsa_st DSA;
2022-12-27T02:25:41.2834750Z                         ^
2022-12-27T02:25:41.2836200Z   third_party/boringssl/include/openssl/base.h:245:23: note: previous definition is here
2022-12-27T02:25:41.2837430Z   typedef struct dsa_st DSA;
2022-12-27T02:25:41.2838710Z                         ^
2022-12-27T02:25:41.2840050Z   In file included from src/boringssl/err_data.c:18:
2022-12-27T02:25:41.2841420Z   In file included from /usr/local/opt/openssl@3/include/openssl/err.h:28:
2022-12-27T02:25:41.2843000Z   /usr/local/opt/openssl@3/include/openssl/types.h:143:23: warning: redefinition of typedef 'RSA' is a C11 feature [-Wtypedef-redefinition]
2022-12-27T02:25:41.2844200Z   typedef struct rsa_st RSA;
2022-12-27T02:25:41.2845370Z                         ^
2022-12-27T02:25:41.2846800Z   third_party/boringssl/include/openssl/base.h:272:23: note: previous definition is here
2022-12-27T02:25:41.2848060Z   typedef struct rsa_st RSA;
2022-12-27T02:25:41.2849420Z                         ^
2022-12-27T02:25:41.2850780Z   In file included from src/boringssl/err_data.c:18:
2022-12-27T02:25:41.2852170Z   In file included from /usr/local/opt/openssl@3/include/openssl/err.h:28:
2022-12-27T02:25:41.2853830Z   /usr/local/opt/openssl@3/include/openssl/types.h:144:28: warning: redefinition of typedef 'RSA_METHOD' is a C11 feature [-Wtypedef-redefinition]
2022-12-27T02:25:41.2854910Z   typedef struct rsa_meth_st RSA_METHOD;
2022-12-27T02:25:41.2856180Z                              ^
2022-12-27T02:25:41.2857590Z   third_party/boringssl/include/openssl/base.h:271:28: note: previous definition is here
2022-12-27T02:25:41.2858890Z   typedef struct rsa_meth_st RSA_METHOD;
2022-12-27T02:25:41.2860240Z                              ^
2022-12-27T02:25:41.2861590Z   In file included from src/boringssl/err_data.c:18:
2022-12-27T02:25:41.2862940Z   In file included from /usr/local/opt/openssl@3/include/openssl/err.h:28:
2022-12-27T02:25:41.2864500Z   /usr/local/opt/openssl@3/include/openssl/types.h:149:26: warning: redefinition of typedef 'EC_KEY' is a C11 feature [-Wtypedef-redefinition]
2022-12-27T02:25:41.2865620Z   typedef struct ec_key_st EC_KEY;
2022-12-27T02:25:41.2866900Z                            ^
2022-12-27T02:25:41.2868320Z   third_party/boringssl/include/openssl/base.h:247:26: note: previous definition is here
2022-12-27T02:25:41.2869700Z   typedef struct ec_key_st EC_KEY;
2022-12-27T02:25:41.2870960Z                            ^
2022-12-27T02:25:41.2872340Z   In file included from src/boringssl/err_data.c:18:
2022-12-27T02:25:41.2873730Z   In file included from /usr/local/opt/openssl@3/include/openssl/err.h:28:
2022-12-27T02:25:41.2875330Z   /usr/local/opt/openssl@3/include/openssl/types.h:153:29: warning: redefinition of typedef 'RAND_METHOD' is a C11 feature [-Wtypedef-redefinition]
2022-12-27T02:25:41.2876430Z   typedef struct rand_meth_st RAND_METHOD;
2022-12-27T02:25:41.2877700Z                               ^
2022-12-27T02:25:41.2879130Z   third_party/boringssl/include/openssl/base.h:269:29: note: previous definition is here
2022-12-27T02:25:41.2880410Z   typedef struct rand_meth_st RAND_METHOD;
2022-12-27T02:25:41.2881670Z                               ^
2022-12-27T02:25:41.2883040Z   In file included from src/boringssl/err_data.c:18:
2022-12-27T02:25:41.2884390Z   In file included from /usr/local/opt/openssl@3/include/openssl/err.h:28:
2022-12-27T02:25:41.2885950Z   /usr/local/opt/openssl@3/include/openssl/types.h:157:24: warning: redefinition of typedef 'X509' is a C11 feature [-Wtypedef-redefinition]
2022-12-27T02:25:41.2887060Z   typedef struct x509_st X509;
2022-12-27T02:25:41.2888490Z                          ^
2022-12-27T02:25:41.2890030Z   third_party/boringssl/include/openssl/base.h:293:24: note: previous definition is here
2022-12-27T02:25:41.2891270Z   typedef struct x509_st X509;
2022-12-27T02:25:41.2892540Z                          ^
2022-12-27T02:25:41.2893920Z   In file included from src/boringssl/err_data.c:18:
2022-12-27T02:25:41.2895270Z   In file included from /usr/local/opt/openssl@3/include/openssl/err.h:28:
2022-12-27T02:25:41.2896850Z   /usr/local/opt/openssl@3/include/openssl/types.h:158:30: warning: redefinition of typedef 'X509_ALGOR' is a C11 feature [-Wtypedef-redefinition]
2022-12-27T02:25:41.2897970Z   typedef struct X509_algor_st X509_ALGOR;
2022-12-27T02:25:41.2899250Z                                ^
2022-12-27T02:25:41.2900790Z   third_party/boringssl/include/openssl/base.h:219:30: note: previous definition is here
2022-12-27T02:25:41.2901950Z   typedef struct X509_algor_st X509_ALGOR;
2022-12-27T02:25:41.2903220Z                                ^
2022-12-27T02:25:41.2904570Z   In file included from src/boringssl/err_data.c:18:
2022-12-27T02:25:41.2906000Z   In file included from /usr/local/opt/openssl@3/include/openssl/err.h:28:
2022-12-27T02:25:41.2907510Z   /usr/local/opt/openssl@3/include/openssl/types.h:159:28: warning: redefinition of typedef 'X509_CRL' is a C11 feature [-Wtypedef-redefinition]
2022-12-27T02:25:41.2908580Z   typedef struct X509_crl_st X509_CRL;
2022-12-27T02:25:41.2909900Z                              ^
2022-12-27T02:25:41.2911320Z   third_party/boringssl/include/openssl/base.h:221:28: note: previous definition is here
2022-12-27T02:25:41.2912580Z   typedef struct X509_crl_st X509_CRL;
2022-12-27T02:25:41.2913860Z                              ^
2022-12-27T02:25:41.2915210Z   In file included from src/boringssl/err_data.c:18:
2022-12-27T02:25:41.2916550Z   In file included from /usr/local/opt/openssl@3/include/openssl/err.h:28:
2022-12-27T02:25:41.2918160Z   /usr/local/opt/openssl@3/include/openssl/types.h:160:35: warning: redefinition of typedef 'X509_CRL_METHOD' is a C11 feature [-Wtypedef-redefinition]
2022-12-27T02:25:41.2919300Z   typedef struct x509_crl_method_st X509_CRL_METHOD;
2022-12-27T02:25:41.2920560Z                                     ^
2022-12-27T02:25:41.2921970Z   third_party/boringssl/include/openssl/base.h:290:35: note: previous definition is here
2022-12-27T02:25:41.2923280Z   typedef struct x509_crl_method_st X509_CRL_METHOD;
2022-12-27T02:25:41.2924530Z                                     ^
2022-12-27T02:25:41.2925880Z   In file included from src/boringssl/err_data.c:18:
2022-12-27T02:25:41.2927240Z   In file included from /usr/local/opt/openssl@3/include/openssl/err.h:28:
2022-12-27T02:25:41.2928850Z   /usr/local/opt/openssl@3/include/openssl/types.h:161:32: warning: redefinition of typedef 'X509_REVOKED' is a C11 feature [-Wtypedef-redefinition]
2022-12-27T02:25:41.2930030Z   typedef struct x509_revoked_st X509_REVOKED;
2022-12-27T02:25:41.2931280Z                                  ^
2022-12-27T02:25:41.2932730Z   third_party/boringssl/include/openssl/base.h:292:32: note: previous definition is here
2022-12-27T02:25:41.2934000Z   typedef struct x509_revoked_st X509_REVOKED;
2022-12-27T02:25:41.2935280Z                                  ^
2022-12-27T02:25:41.2936640Z   In file included from src/boringssl/err_data.c:18:
2022-12-27T02:25:41.2937980Z   In file included from /usr/local/opt/openssl@3/include/openssl/err.h:28:
2022-12-27T02:25:41.2939550Z   /usr/local/opt/openssl@3/include/openssl/types.h:162:29: warning: redefinition of typedef 'X509_NAME' is a C11 feature [-Wtypedef-redefinition]
2022-12-27T02:25:41.2940680Z   typedef struct X509_name_st X509_NAME;
2022-12-27T02:25:41.2941960Z                               ^
2022-12-27T02:25:41.2943370Z   third_party/boringssl/include/openssl/base.h:225:29: note: previous definition is here
2022-12-27T02:25:41.2944660Z   typedef struct X509_name_st X509_NAME;
2022-12-27T02:25:41.2945940Z                               ^
2022-12-27T02:25:41.2947300Z   In file included from src/boringssl/err_data.c:18:
2022-12-27T02:25:41.2948690Z   In file included from /usr/local/opt/openssl@3/include/openssl/err.h:28:
2022-12-27T02:25:41.2950280Z   /usr/local/opt/openssl@3/include/openssl/types.h:163:31: warning: redefinition of typedef 'X509_PUBKEY' is a C11 feature [-Wtypedef-redefinition]
2022-12-27T02:25:41.2951410Z   typedef struct X509_pubkey_st X509_PUBKEY;
2022-12-27T02:25:41.2952680Z                                 ^
2022-12-27T02:25:41.2954250Z   third_party/boringssl/include/openssl/base.h:227:31: note: previous definition is here
2022-12-27T02:25:41.2955530Z   typedef struct X509_pubkey_st X509_PUBKEY;
2022-12-27T02:25:41.2956770Z                                 ^
2022-12-27T02:25:41.2958130Z   In file included from src/boringssl/err_data.c:18:
2022-12-27T02:25:41.2959470Z   In file included from /usr/local/opt/openssl@3/include/openssl/err.h:28:
2022-12-27T02:25:41.2961070Z   /usr/local/opt/openssl@3/include/openssl/types.h:164:30: warning: redefinition of typedef 'X509_STORE' is a C11 feature [-Wtypedef-redefinition]
2022-12-27T02:25:41.2962160Z   typedef struct x509_store_st X509_STORE;
2022-12-27T02:25:41.2963550Z                                ^
2022-12-27T02:25:41.2964880Z   third_party/boringssl/include/openssl/base.h:295:30: note: previous definition is here
2022-12-27T02:25:41.2966140Z   typedef struct x509_store_st X509_STORE;
2022-12-27T02:25:41.2967420Z                                ^
2022-12-27T02:25:41.2968830Z   In file included from src/boringssl/err_data.c:18:
2022-12-27T02:25:41.2970190Z   In file included from /usr/local/opt/openssl@3/include/openssl/err.h:28:
2022-12-27T02:25:41.2971810Z   /usr/local/opt/openssl@3/include/openssl/types.h:165:34: warning: redefinition of typedef 'X509_STORE_CTX' is a C11 feature [-Wtypedef-redefinition]
2022-12-27T02:25:41.2972920Z   typedef struct x509_store_ctx_st X509_STORE_CTX;
2022-12-27T02:25:41.2974180Z                                    ^
2022-12-27T02:25:41.2975580Z   third_party/boringssl/include/openssl/base.h:294:34: note: previous definition is here
2022-12-27T02:25:41.2976890Z   typedef struct x509_store_ctx_st X509_STORE_CTX;
2022-12-27T02:25:41.2978160Z                                    ^
2022-12-27T02:25:41.2979510Z   In file included from src/boringssl/err_data.c:18:
2022-12-27T02:25:41.2980890Z   In file included from /usr/local/opt/openssl@3/include/openssl/err.h:28:
2022-12-27T02:25:41.2982510Z   /usr/local/opt/openssl@3/include/openssl/types.h:168:31: warning: redefinition of typedef 'X509_LOOKUP' is a C11 feature [-Wtypedef-redefinition]
2022-12-27T02:25:41.2983640Z   typedef struct x509_lookup_st X509_LOOKUP;
2022-12-27T02:25:41.2984910Z                                 ^
2022-12-27T02:25:41.2986330Z   third_party/boringssl/include/openssl/base.h:291:31: note: previous definition is here
2022-12-27T02:25:41.2987630Z   typedef struct x509_lookup_st X509_LOOKUP;
2022-12-27T02:25:41.2989200Z                                 ^
2022-12-27T02:25:41.2991150Z   In file included from src/boringssl/err_data.c:18:
2022-12-27T02:25:41.3005240Z   In file included from /usr/local/opt/openssl@3/include/openssl/err.h:28:
2022-12-27T02:25:41.3005870Z   /usr/local/opt/openssl@3/include/openssl/types.h:170:37: warning: redefinition of typedef 'X509_VERIFY_PARAM' is a C11 feature [-Wtypedef-redefinition]
2022-12-27T02:25:41.3006260Z   typedef struct X509_VERIFY_PARAM_st X509_VERIFY_PARAM;
2022-12-27T02:25:41.3006490Z                                       ^
2022-12-27T02:25:41.3006700Z   third_party/boringssl/include/openssl/base.h:218:37: note: previous definition is here
2022-12-27T02:25:41.3006930Z   typedef struct X509_VERIFY_PARAM_st X509_VERIFY_PARAM;
2022-12-27T02:25:41.3007100Z                                       ^
2022-12-27T02:25:41.3007260Z   In file included from src/boringssl/err_data.c:18:
2022-12-27T02:25:41.3007480Z   In file included from /usr/local/opt/openssl@3/include/openssl/err.h:28:
2022-12-27T02:25:41.3007920Z   /usr/local/opt/openssl@3/include/openssl/types.h:174:39: warning: redefinition of typedef 'PKCS8_PRIV_KEY_INFO' is a C11 feature [-Wtypedef-redefinition]
2022-12-27T02:25:41.3008220Z   typedef struct pkcs8_priv_key_info_st PKCS8_PRIV_KEY_INFO;
2022-12-27T02:25:41.3008540Z                                         ^
2022-12-27T02:25:41.3010120Z   third_party/boringssl/include/openssl/base.h:267:39: note: previous definition is here
2022-12-27T02:25:41.3011340Z   typedef struct pkcs8_priv_key_info_st PKCS8_PRIV_KEY_INFO;
2022-12-27T02:25:41.3012640Z                                         ^
2022-12-27T02:25:41.3014010Z   In file included from src/boringssl/err_data.c:18:
2022-12-27T02:25:41.3015340Z   In file included from /usr/local/opt/openssl@3/include/openssl/err.h:28:
2022-12-27T02:25:41.3017020Z   /usr/local/opt/openssl@3/include/openssl/types.h:176:27: warning: redefinition of typedef 'X509V3_CTX' is a C11 feature [-Wtypedef-redefinition]
2022-12-27T02:25:41.3017940Z   typedef struct v3_ext_ctx X509V3_CTX;
2022-12-27T02:25:41.3019200Z                             ^
2022-12-27T02:25:41.3020680Z   third_party/boringssl/include/openssl/base.h:285:27: note: previous definition is here
2022-12-27T02:25:41.3022040Z   typedef struct v3_ext_ctx X509V3_CTX;
2022-12-27T02:25:41.3023200Z                             ^
2022-12-27T02:25:41.3024550Z   In file included from src/boringssl/err_data.c:18:
2022-12-27T02:25:41.3025930Z   In file included from /usr/local/opt/openssl@3/include/openssl/err.h:28:
2022-12-27T02:25:41.3027540Z   /usr/local/opt/openssl@3/include/openssl/types.h:177:24: warning: redefinition of typedef 'CONF' is a C11 feature [-Wtypedef-redefinition]
2022-12-27T02:25:41.3028600Z   typedef struct conf_st CONF;
2022-12-27T02:25:41.3029940Z                          ^
2022-12-27T02:25:41.3031360Z   third_party/boringssl/include/openssl/base.h:242:24: note: previous definition is here
2022-12-27T02:25:41.3032630Z   typedef struct conf_st CONF;
2022-12-27T02:25:41.3033910Z                          ^
2022-12-27T02:25:41.3035290Z   In file included from src/boringssl/err_data.c:18:
2022-12-27T02:25:41.3036640Z   In file included from /usr/local/opt/openssl@3/include/openssl/err.h:28:
2022-12-27T02:25:41.3038230Z   /usr/local/opt/openssl@3/include/openssl/types.h:183:26: warning: redefinition of typedef 'ENGINE' is a C11 feature [-Wtypedef-redefinition]
2022-12-27T02:25:41.3039330Z   typedef struct engine_st ENGINE;
2022-12-27T02:25:41.3040610Z                            ^
2022-12-27T02:25:41.3042040Z   third_party/boringssl/include/openssl/base.h:251:26: note: previous definition is here
2022-12-27T02:25:41.3043320Z   typedef struct engine_st ENGINE;
2022-12-27T02:25:41.3044600Z                            ^
2022-12-27T02:25:41.3045960Z   In file included from src/boringssl/err_data.c:18:
2022-12-27T02:25:41.3047320Z   In file included from /usr/local/opt/openssl@3/include/openssl/err.h:28:
2022-12-27T02:25:41.3048930Z   /usr/local/opt/openssl@3/include/openssl/types.h:184:23: warning: redefinition of typedef 'SSL' is a C11 feature [-Wtypedef-redefinition]
2022-12-27T02:25:41.3050090Z   typedef struct ssl_st SSL;
2022-12-27T02:25:41.3051340Z                         ^
2022-12-27T02:25:41.3052780Z   third_party/boringssl/include/openssl/base.h:283:23: note: previous definition is here
2022-12-27T02:25:41.3054040Z   typedef struct ssl_st SSL;
2022-12-27T02:25:41.3055310Z                         ^
2022-12-27T02:25:41.3056720Z   In file included from src/boringssl/err_data.c:18:
2022-12-27T02:25:41.3058080Z   In file included from /usr/local/opt/openssl@3/include/openssl/err.h:28:
2022-12-27T02:25:41.3059640Z   /usr/local/opt/openssl@3/include/openssl/types.h:185:27: warning: redefinition of typedef 'SSL_CTX' is a C11 feature [-Wtypedef-redefinition]
2022-12-27T02:25:41.3060760Z   typedef struct ssl_ctx_st SSL_CTX;
2022-12-27T02:25:41.3062030Z                             ^
2022-12-27T02:25:41.3063450Z   third_party/boringssl/include/openssl/base.h:279:27: note: previous definition is here
2022-12-27T02:25:41.3064720Z   typedef struct ssl_ctx_st SSL_CTX;
2022-12-27T02:25:41.3066090Z                             ^
2022-12-27T02:25:41.3067440Z   In file included from src/boringssl/err_data.c:18:
2022-12-27T02:25:41.3068870Z   In file included from /usr/local/opt/openssl@3/include/openssl/err.h:28:
2022-12-27T02:25:41.3070490Z   /usr/local/opt/openssl@3/include/openssl/types.h:190:36: warning: redefinition of typedef 'X509_POLICY_NODE' is a C11 feature [-Wtypedef-redefinition]
2022-12-27T02:25:41.3071580Z   typedef struct X509_POLICY_NODE_st X509_POLICY_NODE;
2022-12-27T02:25:41.3072910Z                                      ^
2022-12-27T02:25:41.3074440Z   third_party/boringssl/include/openssl/base.h:216:36: note: previous definition is here
2022-12-27T02:25:41.3075690Z   typedef struct X509_POLICY_NODE_st X509_POLICY_NODE;
2022-12-27T02:25:41.3076930Z                                      ^
2022-12-27T02:25:41.3078290Z   In file included from src/boringssl/err_data.c:18:
2022-12-27T02:25:41.3079590Z   In file included from /usr/local/opt/openssl@3/include/openssl/err.h:28:
2022-12-27T02:25:41.3081310Z   /usr/local/opt/openssl@3/include/openssl/types.h:191:37: warning: redefinition of typedef 'X509_POLICY_LEVEL' is a C11 feature [-Wtypedef-redefinition]
2022-12-27T02:25:41.3082380Z   typedef struct X509_POLICY_LEVEL_st X509_POLICY_LEVEL;
2022-12-27T02:25:41.3083550Z                                       ^
2022-12-27T02:25:41.3084990Z   third_party/boringssl/include/openssl/base.h:215:37: note: previous definition is here
2022-12-27T02:25:41.3086250Z   typedef struct X509_POLICY_LEVEL_st X509_POLICY_LEVEL;
2022-12-27T02:25:41.3087520Z                                       ^
2022-12-27T02:25:41.3089080Z   In file included from src/boringssl/err_data.c:18:
2022-12-27T02:25:41.3090460Z   In file included from /usr/local/opt/openssl@3/include/openssl/err.h:28:
2022-12-27T02:25:41.3092060Z   /usr/local/opt/openssl@3/include/openssl/types.h:192:36: warning: redefinition of typedef 'X509_POLICY_TREE' is a C11 feature [-Wtypedef-redefinition]
2022-12-27T02:25:41.3093180Z   typedef struct X509_POLICY_TREE_st X509_POLICY_TREE;
2022-12-27T02:25:41.3094450Z                                      ^
2022-12-27T02:25:41.3095880Z   third_party/boringssl/include/openssl/base.h:217:36: note: previous definition is here
2022-12-27T02:25:41.3097190Z   typedef struct X509_POLICY_TREE_st X509_POLICY_TREE;
2022-12-27T02:25:41.3098470Z                                      ^
2022-12-27T02:25:41.3099820Z   In file included from src/boringssl/err_data.c:18:
2022-12-27T02:25:41.3101170Z   In file included from /usr/local/opt/openssl@3/include/openssl/err.h:28:
2022-12-27T02:25:41.3102760Z   /usr/local/opt/openssl@3/include/openssl/types.h:193:37: warning: redefinition of typedef 'X509_POLICY_CACHE' is a C11 feature [-Wtypedef-redefinition]
2022-12-27T02:25:41.3103910Z   typedef struct X509_POLICY_CACHE_st X509_POLICY_CACHE;
2022-12-27T02:25:41.3105160Z                                       ^
2022-12-27T02:25:41.3106640Z   third_party/boringssl/include/openssl/base.h:214:37: note: previous definition is here
2022-12-27T02:25:41.3107990Z   typedef struct X509_POLICY_CACHE_st X509_POLICY_CACHE;
2022-12-27T02:25:41.3109320Z                                       ^
2022-12-27T02:25:41.3110680Z   In file included from src/boringssl/err_data.c:18:
2022-12-27T02:25:41.3112020Z   In file included from /usr/local/opt/openssl@3/include/openssl/err.h:28:
2022-12-27T02:25:41.3113620Z   /usr/local/opt/openssl@3/include/openssl/types.h:195:35: warning: redefinition of typedef 'AUTHORITY_KEYID' is a C11 feature [-Wtypedef-redefinition]
2022-12-27T02:25:41.3114750Z   typedef struct AUTHORITY_KEYID_st AUTHORITY_KEYID;
2022-12-27T02:25:41.3116000Z                                     ^
2022-12-27T02:25:41.3117420Z   third_party/boringssl/include/openssl/base.h:201:35: note: previous definition is here
2022-12-27T02:25:41.3118740Z   typedef struct AUTHORITY_KEYID_st AUTHORITY_KEYID;
2022-12-27T02:25:41.3120000Z                                     ^
2022-12-27T02:25:41.3121360Z   In file included from src/boringssl/err_data.c:18:
2022-12-27T02:25:41.3122720Z   In file included from /usr/local/opt/openssl@3/include/openssl/err.h:28:
2022-12-27T02:25:41.3124300Z   /usr/local/opt/openssl@3/include/openssl/types.h:196:30: warning: redefinition of typedef 'DIST_POINT' is a C11 feature [-Wtypedef-redefinition]
2022-12-27T02:25:41.3125430Z   typedef struct DIST_POINT_st DIST_POINT;
2022-12-27T02:25:41.3126700Z                                ^
2022-12-27T02:25:41.3128210Z   third_party/boringssl/include/openssl/base.h:203:30: note: previous definition is here
2022-12-27T02:25:41.3129580Z   typedef struct DIST_POINT_st DIST_POINT;
2022-12-27T02:25:41.3130840Z                                ^
2022-12-27T02:25:41.3132200Z   In file included from src/boringssl/err_data.c:18:
2022-12-27T02:25:41.3133530Z   In file included from /usr/local/opt/openssl@3/include/openssl/err.h:28:
2022-12-27T02:25:41.3135130Z   /usr/local/opt/openssl@3/include/openssl/types.h:197:38: warning: redefinition of typedef 'ISSUING_DIST_POINT' is a C11 feature [-Wtypedef-redefinition]
2022-12-27T02:25:41.3136280Z   typedef struct ISSUING_DIST_POINT_st ISSUING_DIST_POINT;
2022-12-27T02:25:41.3137510Z                                        ^
2022-12-27T02:25:41.3139050Z   third_party/boringssl/include/openssl/base.h:205:38: note: previous definition is here
2022-12-27T02:25:41.3140250Z   typedef struct ISSUING_DIST_POINT_st ISSUING_DIST_POINT;
2022-12-27T02:25:41.3141510Z                                        ^
2022-12-27T02:25:41.3142860Z   In file included from src/boringssl/err_data.c:18:
2022-12-27T02:25:41.3144210Z   In file included from /usr/local/opt/openssl@3/include/openssl/err.h:28:
2022-12-27T02:25:41.3145800Z   /usr/local/opt/openssl@3/include/openssl/types.h:198:36: warning: redefinition of typedef 'NAME_CONSTRAINTS' is a C11 feature [-Wtypedef-redefinition]
2022-12-27T02:25:41.3146930Z   typedef struct NAME_CONSTRAINTS_st NAME_CONSTRAINTS;
2022-12-27T02:25:41.3148190Z                                      ^
2022-12-27T02:25:41.3149690Z   third_party/boringssl/include/openssl/base.h:206:36: note: previous definition is here
2022-12-27T02:25:41.3150980Z   typedef struct NAME_CONSTRAINTS_st NAME_CONSTRAINTS;
2022-12-27T02:25:41.3152240Z                                      ^
2022-12-27T02:25:41.3153590Z   In file included from src/boringssl/err_data.c:18:
2022-12-27T02:25:41.3154940Z   In file included from /usr/local/opt/openssl@3/include/openssl/err.h:29:
2022-12-27T02:25:41.3156270Z   In file included from /usr/local/opt/openssl@3/include/openssl/bio.h:30:
2022-12-27T02:25:41.3157870Z   /usr/local/opt/openssl@3/include/openssl/crypto.h:308:3: error: typedef redefinition with different types ('struct crypto_threadid_st' vs 'int')
2022-12-27T02:25:41.3158970Z   } CRYPTO_THREADID;
2022-12-27T02:25:41.3160250Z     ^
2022-12-27T02:25:41.3161680Z   third_party/boringssl/include/openssl/base.h:176:13: note: previous definition is here
2022-12-27T02:25:41.3162970Z   typedef int CRYPTO_THREADID;
2022-12-27T02:25:41.3164240Z               ^
2022-12-27T02:25:41.3165620Z   In file included from src/boringssl/err_data.c:18:
2022-12-27T02:25:41.3167000Z   In file included from /usr/local/opt/openssl@3/include/openssl/err.h:29:
2022-12-27T02:25:41.3168570Z   /usr/local/opt/openssl@3/include/openssl/bio.h:296:30: warning: redefinition of typedef 'BIO_METHOD' is a C11 feature [-Wtypedef-redefinition]
2022-12-27T02:25:41.3169770Z   typedef struct bio_method_st BIO_METHOD;
2022-12-27T02:25:41.3171040Z                                ^
2022-12-27T02:25:41.3172560Z   third_party/boringssl/include/openssl/base.h:234:30: note: previous definition is here
2022-12-27T02:25:41.3173870Z   typedef struct bio_method_st BIO_METHOD;
2022-12-27T02:25:41.3175130Z                                ^
2022-12-27T02:25:41.3176750Z   src/boringssl/err_data.c:33:1: error: 'OPENSSL_COMPILE_ASSERT_library_values_changed_12' declared as an array with a negative size
2022-12-27T02:25:41.3177990Z   OPENSSL_COMPILE_ASSERT(ERR_LIB_ASN1 == 12, library_values_changed_12);
2022-12-27T02:25:41.3179280Z   ^~~~~~~~~~~~~~~~~~~~~~~~~~~~~~~~~~~~~~~~~~~~~~~~~~~~~~~~~~~~~~~~~~~~~
2022-12-27T02:25:41.3180840Z   third_party/boringssl/include/openssl/type_check.h:83:45: note: expanded from macro 'OPENSSL_COMPILE_ASSERT'
2022-12-27T02:25:41.3182140Z     typedef char OPENSSL_COMPILE_ASSERT_##msg[((cond) ? 1 : -1)]
2022-12-27T02:25:41.3183350Z                                               ^~~~~~~~~~~~~~~~~
2022-12-27T02:25:41.3184920Z   src/boringssl/err_data.c:34:1: error: 'OPENSSL_COMPILE_ASSERT_library_values_changed_13' declared as an array with a negative size
2022-12-27T02:25:41.3186120Z   OPENSSL_COMPILE_ASSERT(ERR_LIB_CONF == 13, library_values_changed_13);
2022-12-27T02:25:41.3187390Z   ^~~~~~~~~~~~~~~~~~~~~~~~~~~~~~~~~~~~~~~~~~~~~~~~~~~~~~~~~~~~~~~~~~~~~
2022-12-27T02:25:41.3189150Z   third_party/boringssl/include/openssl/type_check.h:83:45: note: expanded from macro 'OPENSSL_COMPILE_ASSERT'
2022-12-27T02:25:41.3190450Z     typedef char OPENSSL_COMPILE_ASSERT_##msg[((cond) ? 1 : -1)]
2022-12-27T02:25:41.3191660Z                                               ^~~~~~~~~~~~~~~~~
2022-12-27T02:25:41.3193340Z   src/boringssl/err_data.c:35:1: error: 'OPENSSL_COMPILE_ASSERT_library_values_changed_14' declared as an array with a negative size
2022-12-27T02:25:41.3194470Z   OPENSSL_COMPILE_ASSERT(ERR_LIB_CRYPTO == 14, library_values_changed_14);
2022-12-27T02:25:41.3195730Z   ^~~~~~~~~~~~~~~~~~~~~~~~~~~~~~~~~~~~~~~~~~~~~~~~~~~~~~~~~~~~~~~~~~~~~~~
2022-12-27T02:25:41.3197280Z   third_party/boringssl/include/openssl/type_check.h:83:45: note: expanded from macro 'OPENSSL_COMPILE_ASSERT'
2022-12-27T02:25:41.3198550Z     typedef char OPENSSL_COMPILE_ASSERT_##msg[((cond) ? 1 : -1)]
2022-12-27T02:25:41.3199760Z                                               ^~~~~~~~~~~~~~~~~
2022-12-27T02:25:41.3201340Z   src/boringssl/err_data.c:36:1: error: 'OPENSSL_COMPILE_ASSERT_library_values_changed_15' declared as an array with a negative size
2022-12-27T02:25:41.3202550Z   OPENSSL_COMPILE_ASSERT(ERR_LIB_EC == 15, library_values_changed_15);
2022-12-27T02:25:41.3203810Z   ^~~~~~~~~~~~~~~~~~~~~~~~~~~~~~~~~~~~~~~~~~~~~~~~~~~~~~~~~~~~~~~~~~~
2022-12-27T02:25:41.3205420Z   third_party/boringssl/include/openssl/type_check.h:83:45: note: expanded from macro 'OPENSSL_COMPILE_ASSERT'
2022-12-27T02:25:41.3206720Z     typedef char OPENSSL_COMPILE_ASSERT_##msg[((cond) ? 1 : -1)]
2022-12-27T02:25:41.3207930Z                                               ^~~~~~~~~~~~~~~~~
2022-12-27T02:25:41.3209820Z   src/boringssl/err_data.c:37:1: error: 'OPENSSL_COMPILE_ASSERT_library_values_changed_16' declared as an array with a negative size
2022-12-27T02:25:41.3211630Z   OPENSSL_COMPILE_ASSERT(ERR_LIB_SSL == 16, library_values_changed_16);
2022-12-27T02:25:41.3213380Z   ^~~~~~~~~~~~~~~~~~~~~~~~~~~~~~~~~~~~~~~~~~~~~~~~~~~~~~~~~~~~~~~~~~~~
2022-12-27T02:25:41.3215260Z   third_party/boringssl/include/openssl/type_check.h:83:45: note: expanded from macro 'OPENSSL_COMPILE_ASSERT'
2022-12-27T02:25:41.3216570Z     typedef char OPENSSL_COMPILE_ASSERT_##msg[((cond) ? 1 : -1)]
2022-12-27T02:25:41.3217800Z                                               ^~~~~~~~~~~~~~~~~
2022-12-27T02:25:41.3219420Z   src/boringssl/err_data.c:38:1: error: 'OPENSSL_COMPILE_ASSERT_library_values_changed_17' declared as an array with a negative size
2022-12-27T02:25:41.3220600Z   OPENSSL_COMPILE_ASSERT(ERR_LIB_BIO == 17, library_values_changed_17);
2022-12-27T02:25:41.3221840Z   ^~~~~~~~~~~~~~~~~~~~~~~~~~~~~~~~~~~~~~~~~~~~~~~~~~~~~~~~~~~~~~~~~~~~
2022-12-27T02:25:41.3223400Z   third_party/boringssl/include/openssl/type_check.h:83:45: note: expanded from macro 'OPENSSL_COMPILE_ASSERT'
2022-12-27T02:25:41.3224700Z     typedef char OPENSSL_COMPILE_ASSERT_##msg[((cond) ? 1 : -1)]
2022-12-27T02:25:41.3225900Z                                               ^~~~~~~~~~~~~~~~~
2022-12-27T02:25:41.3227490Z   src/boringssl/err_data.c:39:1: error: 'OPENSSL_COMPILE_ASSERT_library_values_changed_18' declared as an array with a negative size
2022-12-27T02:25:41.3228750Z   OPENSSL_COMPILE_ASSERT(ERR_LIB_PKCS7 == 18, library_values_changed_18);
2022-12-27T02:25:41.3230030Z   ^~~~~~~~~~~~~~~~~~~~~~~~~~~~~~~~~~~~~~~~~~~~~~~~~~~~~~~~~~~~~~~~~~~~~~
2022-12-27T02:25:41.3231580Z   third_party/boringssl/include/openssl/type_check.h:83:45: note: expanded from macro 'OPENSSL_COMPILE_ASSERT'
2022-12-27T02:25:41.3232880Z     typedef char OPENSSL_COMPILE_ASSERT_##msg[((cond) ? 1 : -1)]
2022-12-27T02:25:41.3234100Z                                               ^~~~~~~~~~~~~~~~~
2022-12-27T02:25:41.3235580Z   src/boringssl/err_data.c:40:24: error: use of undeclared identifier 'ERR_LIB_PKCS8'
2022-12-27T02:25:41.3236860Z   OPENSSL_COMPILE_ASSERT(ERR_LIB_PKCS8 == 19, library_values_changed_19);
2022-12-27T02:25:41.3238110Z                          ^
2022-12-27T02:25:41.3239680Z   src/boringssl/err_data.c:41:1: error: 'OPENSSL_COMPILE_ASSERT_library_values_changed_20' declared as an array with a negative size
2022-12-27T02:25:41.3240910Z   OPENSSL_COMPILE_ASSERT(ERR_LIB_X509V3 == 20, library_values_changed_20);
2022-12-27T02:25:41.3242180Z   ^~~~~~~~~~~~~~~~~~~~~~~~~~~~~~~~~~~~~~~~~~~~~~~~~~~~~~~~~~~~~~~~~~~~~~~
2022-12-27T02:25:41.3243770Z   third_party/boringssl/include/openssl/type_check.h:83:45: note: expanded from macro 'OPENSSL_COMPILE_ASSERT'
2022-12-27T02:25:41.3245150Z     typedef char OPENSSL_COMPILE_ASSERT_##msg[((cond) ? 1 : -1)]
2022-12-27T02:25:41.3246300Z                                               ^~~~~~~~~~~~~~~~~
2022-12-27T02:25:41.3247860Z   src/boringssl/err_data.c:42:1: error: 'OPENSSL_COMPILE_ASSERT_library_values_changed_21' declared as an array with a negative size
2022-12-27T02:25:41.3249140Z   OPENSSL_COMPILE_ASSERT(ERR_LIB_RAND == 21, library_values_changed_21);
2022-12-27T02:25:41.3250400Z   ^~~~~~~~~~~~~~~~~~~~~~~~~~~~~~~~~~~~~~~~~~~~~~~~~~~~~~~~~~~~~~~~~~~~~
2022-12-27T02:25:41.3251950Z   third_party/boringssl/include/openssl/type_check.h:83:45: note: expanded from macro 'OPENSSL_COMPILE_ASSERT'
2022-12-27T02:25:41.3253240Z     typedef char OPENSSL_COMPILE_ASSERT_##msg[((cond) ? 1 : -1)]
2022-12-27T02:25:41.3254460Z                                               ^~~~~~~~~~~~~~~~~
2022-12-27T02:25:41.3256020Z   src/boringssl/err_data.c:43:1: error: 'OPENSSL_COMPILE_ASSERT_library_values_changed_22' declared as an array with a negative size
2022-12-27T02:25:41.3257240Z   OPENSSL_COMPILE_ASSERT(ERR_LIB_ENGINE == 22, library_values_changed_22);
2022-12-27T02:25:41.3258500Z   ^~~~~~~~~~~~~~~~~~~~~~~~~~~~~~~~~~~~~~~~~~~~~~~~~~~~~~~~~~~~~~~~~~~~~~~
2022-12-27T02:25:41.3260050Z   third_party/boringssl/include/openssl/type_check.h:83:45: note: expanded from macro 'OPENSSL_COMPILE_ASSERT'
2022-12-27T02:25:41.3261350Z     typedef char OPENSSL_COMPILE_ASSERT_##msg[((cond) ? 1 : -1)]
2022-12-27T02:25:41.3262550Z                                               ^~~~~~~~~~~~~~~~~
2022-12-27T02:25:41.3264120Z   src/boringssl/err_data.c:44:1: error: 'OPENSSL_COMPILE_ASSERT_library_values_changed_23' declared as an array with a negative size
2022-12-27T02:25:41.3265340Z   OPENSSL_COMPILE_ASSERT(ERR_LIB_OCSP == 23, library_values_changed_23);
2022-12-27T02:25:41.3266600Z   ^~~~~~~~~~~~~~~~~~~~~~~~~~~~~~~~~~~~~~~~~~~~~~~~~~~~~~~~~~~~~~~~~~~~~
2022-12-27T02:25:41.3268190Z   third_party/boringssl/include/openssl/type_check.h:83:45: note: expanded from macro 'OPENSSL_COMPILE_ASSERT'
2022-12-27T02:25:41.3269540Z     typedef char OPENSSL_COMPILE_ASSERT_##msg[((cond) ? 1 : -1)]
2022-12-27T02:25:41.3270740Z                                               ^~~~~~~~~~~~~~~~~
2022-12-27T02:25:41.3272310Z   src/boringssl/err_data.c:45:1: error: 'OPENSSL_COMPILE_ASSERT_library_values_changed_24' declared as an array with a negative size
2022-12-27T02:25:41.3273520Z   OPENSSL_COMPILE_ASSERT(ERR_LIB_UI == 24, library_values_changed_24);
2022-12-27T02:25:41.3274790Z   ^~~~~~~~~~~~~~~~~~~~~~~~~~~~~~~~~~~~~~~~~~~~~~~~~~~~~~~~~~~~~~~~~~~
2022-12-27T02:25:41.3276330Z   third_party/boringssl/include/openssl/type_check.h:83:45: note: expanded from macro 'OPENSSL_COMPILE_ASSERT'
2022-12-27T02:25:41.3277630Z     typedef char OPENSSL_COMPILE_ASSERT_##msg[((cond) ? 1 : -1)]
2022-12-27T02:25:41.3278840Z                                               ^~~~~~~~~~~~~~~~~
2022-12-27T02:25:41.3280470Z   src/boringssl/err_data.c:46:1: error: 'OPENSSL_COMPILE_ASSERT_library_values_changed_25' declared as an array with a negative size
2022-12-27T02:25:41.3281640Z   OPENSSL_COMPILE_ASSERT(ERR_LIB_COMP == 25, library_values_changed_25);
2022-12-27T02:25:41.3282900Z   ^~~~~~~~~~~~~~~~~~~~~~~~~~~~~~~~~~~~~~~~~~~~~~~~~~~~~~~~~~~~~~~~~~~~~
2022-12-27T02:25:41.3284440Z   third_party/boringssl/include/openssl/type_check.h:83:45: note: expanded from macro 'OPENSSL_COMPILE_ASSERT'
2022-12-27T02:25:41.3285830Z     typedef char OPENSSL_COMPILE_ASSERT_##msg[((cond) ? 1 : -1)]
2022-12-27T02:25:41.3287000Z                                               ^~~~~~~~~~~~~~~~~
2022-12-27T02:25:41.3288720Z   src/boringssl/err_data.c:47:1: error: 'OPENSSL_COMPILE_ASSERT_library_values_changed_26' declared as an array with a negative size
2022-12-27T02:25:41.3289960Z   OPENSSL_COMPILE_ASSERT(ERR_LIB_ECDSA == 26, library_values_changed_26);
2022-12-27T02:25:41.3291230Z   ^~~~~~~~~~~~~~~~~~~~~~~~~~~~~~~~~~~~~~~~~~~~~~~~~~~~~~~~~~~~~~~~~~~~~~
2022-12-27T02:25:41.3292890Z   third_party/boringssl/include/openssl/type_check.h:83:45: note: expanded from macro 'OPENSSL_COMPILE_ASSERT'
2022-12-27T02:25:41.3294090Z     typedef char OPENSSL_COMPILE_ASSERT_##msg[((cond) ? 1 : -1)]
2022-12-27T02:25:41.3295270Z                                               ^~~~~~~~~~~~~~~~~
2022-12-27T02:25:41.3296700Z   fatal error: too many errors emitted, stopping now [-ferror-limit=]
2022-12-27T02:25:41.3297930Z   70 warnings and 20 errors generated.
2022-12-27T02:25:41.3299210Z   creating var
2022-12-27T02:25:41.3300510Z   creating var/folders
2022-12-27T02:25:41.3301840Z   creating var/folders/51
2022-12-27T02:25:41.3303200Z   creating var/folders/51/hd414ycd67n82196sw51xqtc0000gn
2022-12-27T02:25:41.3304540Z   creating var/folders/51/hd414ycd67n82196sw51xqtc0000gn/T
2022-12-27T02:25:41.3305900Z   creating var/folders/51/hd414ycd67n82196sw51xqtc0000gn/T/tmpxz06e3ru
2022-12-27T02:25:41.3308150Z   gcc -Wno-unused-result -Wsign-compare -Wunreachable-code -fno-common -dynamic -DNDEBUG -g -fwrapv -O3 -Wall -g -I/usr/local/opt/openssl@3/include -I/usr/local/opt/openssl@3/include -arch arm64 -I/private/var/folders/51/hd414ycd67n82196sw51xqtc0000gn/T/cibw-run-wsst_5jz/cp38-macosx_arm64/build/venv/include -I/Library/Frameworks/Python.framework/Versions/3.8/include/python3.8 -c /var/folders/51/hd414ycd67n82196sw51xqtc0000gn/T/tmpxz06e3ru/a.c -o var/folders/51/hd414ycd67n82196sw51xqtc0000gn/T/tmpxz06e3ru/a.o
2022-12-27T02:25:41.3308870Z   Traceback (most recent call last):
2022-12-27T02:25:41.3316960Z     File "/private/var/folders/51/hd414ycd67n82196sw51xqtc0000gn/T/cibw-run-wsst_5jz/cp38-macosx_arm64/build/venv/lib/python3.8/site-packages/setuptools/_distutils/unixccompiler.py", line 186, in _compile
2022-12-27T02:25:41.3317460Z       self.spawn(compiler_so + cc_args + [src, '-o', obj] + extra_postargs)
2022-12-27T02:25:41.3317920Z     File "/Users/runner/actions-runner/_work/python.build/python.build/build_grpcio11038/grpcio-1.1.0/src/python/grpcio/_spawn_patch.py", line 69, in _commandfile_spawn
2022-12-27T02:25:41.3318350Z       _classic_spawn(self, command)
2022-12-27T02:25:41.3318810Z     File "/private/var/folders/51/hd414ycd67n82196sw51xqtc0000gn/T/cibw-run-wsst_5jz/cp38-macosx_arm64/build/venv/lib/python3.8/site-packages/setuptools/_distutils/ccompiler.py", line 1007, in spawn
2022-12-27T02:25:41.3319100Z       spawn(cmd, dry_run=self.dry_run, **kwargs)
2022-12-27T02:25:41.3319490Z     File "/private/var/folders/51/hd414ycd67n82196sw51xqtc0000gn/T/cibw-run-wsst_5jz/cp38-macosx_arm64/build/venv/lib/python3.8/site-packages/setuptools/_distutils/spawn.py", line 70, in spawn
2022-12-27T02:25:41.3320020Z       raise DistutilsExecError(
2022-12-27T02:25:41.3321570Z   distutils.errors.DistutilsExecError: command '/usr/bin/gcc' failed with exit code 1
2022-12-27T02:25:41.3322640Z 
2022-12-27T02:25:41.3324160Z   During handling of the above exception, another exception occurred:
2022-12-27T02:25:41.3325300Z 
2022-12-27T02:25:41.3326780Z   Traceback (most recent call last):
2022-12-27T02:25:41.3328500Z     File "/Users/runner/actions-runner/_work/python.build/python.build/build_grpcio11038/grpcio-1.1.0/src/python/grpcio/commands.py", line 283, in build_extensions
2022-12-27T02:25:41.3329470Z       build_ext.build_ext.build_extensions(self)
2022-12-27T02:25:41.3331220Z     File "/private/var/folders/51/hd414ycd67n82196sw51xqtc0000gn/T/cibw-run-wsst_5jz/cp38-macosx_arm64/build/venv/lib/python3.8/site-packages/Cython/Distutils/old_build_ext.py", line 195, in build_extensions
2022-12-27T02:25:41.3332360Z       _build_ext.build_ext.build_extensions(self)
2022-12-27T02:25:41.3334130Z     File "/private/var/folders/51/hd414ycd67n82196sw51xqtc0000gn/T/cibw-run-wsst_5jz/cp38-macosx_arm64/build/venv/lib/python3.8/site-packages/setuptools/_distutils/command/build_ext.py", line 468, in build_extensions
2022-12-27T02:25:41.3335170Z       self._build_extensions_serial()
2022-12-27T02:25:41.3337010Z     File "/private/var/folders/51/hd414ycd67n82196sw51xqtc0000gn/T/cibw-run-wsst_5jz/cp38-macosx_arm64/build/venv/lib/python3.8/site-packages/setuptools/_distutils/command/build_ext.py", line 494, in _build_extensions_serial
2022-12-27T02:25:41.3337880Z       self.build_extension(ext)
2022-12-27T02:25:41.3339660Z     File "/private/var/folders/51/hd414ycd67n82196sw51xqtc0000gn/T/cibw-run-wsst_5jz/cp38-macosx_arm64/build/venv/lib/python3.8/site-packages/setuptools/command/build_ext.py", line 246, in build_extension
2022-12-27T02:25:41.3340690Z       _build_ext.build_extension(self, ext)
2022-12-27T02:25:41.3342440Z     File "/private/var/folders/51/hd414ycd67n82196sw51xqtc0000gn/T/cibw-run-wsst_5jz/cp38-macosx_arm64/build/venv/lib/python3.8/site-packages/setuptools/_distutils/command/build_ext.py", line 549, in build_extension
2022-12-27T02:25:41.3343510Z       objects = self.compiler.compile(
2022-12-27T02:25:41.3345270Z     File "/private/var/folders/51/hd414ycd67n82196sw51xqtc0000gn/T/cibw-run-wsst_5jz/cp38-macosx_arm64/build/venv/lib/python3.8/site-packages/setuptools/_distutils/ccompiler.py", line 599, in compile
2022-12-27T02:25:41.3346190Z       self._compile(obj, src, ext, cc_args, extra_postargs, pp_opts)
2022-12-27T02:25:41.3347990Z     File "/private/var/folders/51/hd414ycd67n82196sw51xqtc0000gn/T/cibw-run-wsst_5jz/cp38-macosx_arm64/build/venv/lib/python3.8/site-packages/setuptools/_distutils/unixccompiler.py", line 188, in _compile
2022-12-27T02:25:41.3349080Z       raise CompileError(msg)
2022-12-27T02:25:41.3350540Z   distutils.errors.CompileError: command '/usr/bin/gcc' failed with exit code 1
2022-12-27T02:25:41.3351620Z 
2022-12-27T02:25:41.3353130Z   During handling of the above exception, another exception occurred:
2022-12-27T02:25:41.3354320Z 
2022-12-27T02:25:41.3355670Z   Traceback (most recent call last):
2022-12-27T02:25:41.3357090Z     File "<string>", line 2, in <module>
2022-12-27T02:25:41.3358490Z     File "<pip-setuptools-caller>", line 34, in <module>
2022-12-27T02:25:41.3360030Z     File "/Users/runner/actions-runner/_work/python.build/python.build/build_grpcio11038/grpcio-1.1.0/setup.py", line 265, in <module>
2022-12-27T02:25:41.3361090Z       setuptools.setup(
2022-12-27T02:25:41.3362830Z     File "/private/var/folders/51/hd414ycd67n82196sw51xqtc0000gn/T/cibw-run-wsst_5jz/cp38-macosx_arm64/build/venv/lib/python3.8/site-packages/setuptools/__init__.py", line 87, in setup
2022-12-27T02:25:41.3363890Z       return distutils.core.setup(**attrs)
2022-12-27T02:25:41.3365560Z     File "/private/var/folders/51/hd414ycd67n82196sw51xqtc0000gn/T/cibw-run-wsst_5jz/cp38-macosx_arm64/build/venv/lib/python3.8/site-packages/setuptools/_distutils/core.py", line 185, in setup
2022-12-27T02:25:41.3366590Z       return run_commands(dist)
2022-12-27T02:25:41.3368290Z     File "/private/var/folders/51/hd414ycd67n82196sw51xqtc0000gn/T/cibw-run-wsst_5jz/cp38-macosx_arm64/build/venv/lib/python3.8/site-packages/setuptools/_distutils/core.py", line 201, in run_commands
2022-12-27T02:25:41.3369380Z       dist.run_commands()
2022-12-27T02:25:41.3371090Z     File "/private/var/folders/51/hd414ycd67n82196sw51xqtc0000gn/T/cibw-run-wsst_5jz/cp38-macosx_arm64/build/venv/lib/python3.8/site-packages/setuptools/_distutils/dist.py", line 969, in run_commands
2022-12-27T02:25:41.3372160Z       self.run_command(cmd)
2022-12-27T02:25:41.3373840Z     File "/private/var/folders/51/hd414ycd67n82196sw51xqtc0000gn/T/cibw-run-wsst_5jz/cp38-macosx_arm64/build/venv/lib/python3.8/site-packages/setuptools/dist.py", line 1208, in run_command
2022-12-27T02:25:41.3374880Z       super().run_command(command)
2022-12-27T02:25:41.3376550Z     File "/private/var/folders/51/hd414ycd67n82196sw51xqtc0000gn/T/cibw-run-wsst_5jz/cp38-macosx_arm64/build/venv/lib/python3.8/site-packages/setuptools/_distutils/dist.py", line 988, in run_command
2022-12-27T02:25:41.3377560Z       cmd_obj.run()
2022-12-27T02:25:41.3379240Z     File "/private/var/folders/51/hd414ycd67n82196sw51xqtc0000gn/T/cibw-run-wsst_5jz/cp38-macosx_arm64/build/venv/lib/python3.8/site-packages/wheel/bdist_wheel.py", line 325, in run
2022-12-27T02:25:41.3380310Z       self.run_command("build")
2022-12-27T02:25:41.3382130Z     File "/private/var/folders/51/hd414ycd67n82196sw51xqtc0000gn/T/cibw-run-wsst_5jz/cp38-macosx_arm64/build/venv/lib/python3.8/site-packages/setuptools/_distutils/cmd.py", line 318, in run_command
2022-12-27T02:25:41.3383050Z       self.distribution.run_command(command)
2022-12-27T02:25:41.3384750Z     File "/private/var/folders/51/hd414ycd67n82196sw51xqtc0000gn/T/cibw-run-wsst_5jz/cp38-macosx_arm64/build/venv/lib/python3.8/site-packages/setuptools/dist.py", line 1208, in run_command
2022-12-27T02:25:41.3385790Z       super().run_command(command)
2022-12-27T02:25:41.3387480Z     File "/private/var/folders/51/hd414ycd67n82196sw51xqtc0000gn/T/cibw-run-wsst_5jz/cp38-macosx_arm64/build/venv/lib/python3.8/site-packages/setuptools/_distutils/dist.py", line 988, in run_command
2022-12-27T02:25:41.3388840Z       cmd_obj.run()
2022-12-27T02:25:41.3390570Z     File "/private/var/folders/51/hd414ycd67n82196sw51xqtc0000gn/T/cibw-run-wsst_5jz/cp38-macosx_arm64/build/venv/lib/python3.8/site-packages/setuptools/_distutils/command/build.py", line 132, in run
2022-12-27T02:25:41.3391650Z       self.run_command(cmd_name)
2022-12-27T02:25:41.3393380Z     File "/private/var/folders/51/hd414ycd67n82196sw51xqtc0000gn/T/cibw-run-wsst_5jz/cp38-macosx_arm64/build/venv/lib/python3.8/site-packages/setuptools/_distutils/cmd.py", line 318, in run_command
2022-12-27T02:25:41.3394310Z       self.distribution.run_command(command)
2022-12-27T02:25:41.3396010Z     File "/private/var/folders/51/hd414ycd67n82196sw51xqtc0000gn/T/cibw-run-wsst_5jz/cp38-macosx_arm64/build/venv/lib/python3.8/site-packages/setuptools/dist.py", line 1208, in run_command
2022-12-27T02:25:41.3397050Z       super().run_command(command)
2022-12-27T02:25:41.3398720Z     File "/private/var/folders/51/hd414ycd67n82196sw51xqtc0000gn/T/cibw-run-wsst_5jz/cp38-macosx_arm64/build/venv/lib/python3.8/site-packages/setuptools/_distutils/dist.py", line 988, in run_command
2022-12-27T02:25:41.3399710Z       cmd_obj.run()
2022-12-27T02:25:41.3401500Z     File "/private/var/folders/51/hd414ycd67n82196sw51xqtc0000gn/T/cibw-run-wsst_5jz/cp38-macosx_arm64/build/venv/lib/python3.8/site-packages/setuptools/command/build_ext.py", line 84, in run
2022-12-27T02:25:41.3402460Z       _build_ext.run(self)
2022-12-27T02:25:41.3404190Z     File "/private/var/folders/51/hd414ycd67n82196sw51xqtc0000gn/T/cibw-run-wsst_5jz/cp38-macosx_arm64/build/venv/lib/python3.8/site-packages/Cython/Distutils/old_build_ext.py", line 186, in run
2022-12-27T02:25:41.3405220Z       _build_ext.build_ext.run(self)
2022-12-27T02:25:41.3406910Z     File "/private/var/folders/51/hd414ycd67n82196sw51xqtc0000gn/T/cibw-run-wsst_5jz/cp38-macosx_arm64/build/venv/lib/python3.8/site-packages/setuptools/_distutils/command/build_ext.py", line 346, in run
2022-12-27T02:25:41.3407920Z       self.build_extensions()
2022-12-27T02:25:41.3409650Z     File "/Users/runner/actions-runner/_work/python.build/python.build/build_grpcio11038/grpcio-1.1.0/src/python/grpcio/commands.py", line 287, in build_extensions
2022-12-27T02:25:41.3410710Z       raise CommandError(
2022-12-27T02:25:41.3412080Z   commands.CommandError: Failed `build_ext` step:
2022-12-27T02:25:41.3413350Z   Traceback (most recent call last):
2022-12-27T02:25:41.3415070Z     File "/private/var/folders/51/hd414ycd67n82196sw51xqtc0000gn/T/cibw-run-wsst_5jz/cp38-macosx_arm64/build/venv/lib/python3.8/site-packages/setuptools/_distutils/unixccompiler.py", line 186, in _compile
2022-12-27T02:25:41.3416290Z       self.spawn(compiler_so + cc_args + [src, '-o', obj] + extra_postargs)
2022-12-27T02:25:41.3417940Z     File "/Users/runner/actions-runner/_work/python.build/python.build/build_grpcio11038/grpcio-1.1.0/src/python/grpcio/_spawn_patch.py", line 69, in _commandfile_spawn
2022-12-27T02:25:41.3419030Z       _classic_spawn(self, command)
2022-12-27T02:25:41.3420740Z     File "/private/var/folders/51/hd414ycd67n82196sw51xqtc0000gn/T/cibw-run-wsst_5jz/cp38-macosx_arm64/build/venv/lib/python3.8/site-packages/setuptools/_distutils/ccompiler.py", line 1007, in spawn
2022-12-27T02:25:41.3421780Z       spawn(cmd, dry_run=self.dry_run, **kwargs)
2022-12-27T02:25:41.3423560Z     File "/private/var/folders/51/hd414ycd67n82196sw51xqtc0000gn/T/cibw-run-wsst_5jz/cp38-macosx_arm64/build/venv/lib/python3.8/site-packages/setuptools/_distutils/spawn.py", line 70, in spawn
2022-12-27T02:25:41.3424490Z       raise DistutilsExecError(
2022-12-27T02:25:41.3426050Z   distutils.errors.DistutilsExecError: command '/usr/bin/gcc' failed with exit code 1
2022-12-27T02:25:41.3427080Z 
2022-12-27T02:25:41.3428550Z   During handling of the above exception, another exception occurred:
2022-12-27T02:25:41.3430140Z 
2022-12-27T02:25:41.3432100Z   Traceback (most recent call last):
2022-12-27T02:25:41.3434350Z     File "/Users/runner/actions-runner/_work/python.build/python.build/build_grpcio11038/grpcio-1.1.0/src/python/grpcio/commands.py", line 283, in build_extensions
2022-12-27T02:25:41.3435930Z       build_ext.build_ext.build_extensions(self)
2022-12-27T02:25:41.3437710Z     File "/private/var/folders/51/hd414ycd67n82196sw51xqtc0000gn/T/cibw-run-wsst_5jz/cp38-macosx_arm64/build/venv/lib/python3.8/site-packages/Cython/Distutils/old_build_ext.py", line 195, in build_extensions
2022-12-27T02:25:41.3438680Z       _build_ext.build_ext.build_extensions(self)
2022-12-27T02:25:41.3440490Z     File "/private/var/folders/51/hd414ycd67n82196sw51xqtc0000gn/T/cibw-run-wsst_5jz/cp38-macosx_arm64/build/venv/lib/python3.8/site-packages/setuptools/_distutils/command/build_ext.py", line 468, in build_extensions
2022-12-27T02:25:41.3441620Z       self._build_extensions_serial()
2022-12-27T02:25:41.3443250Z     File "/private/var/folders/51/hd414ycd67n82196sw51xqtc0000gn/T/cibw-run-wsst_5jz/cp38-macosx_arm64/build/venv/lib/python3.8/site-packages/setuptools/_distutils/command/build_ext.py", line 494, in _build_extensions_serial
2022-12-27T02:25:41.3444200Z       self.build_extension(ext)
2022-12-27T02:25:41.3445970Z     File "/private/var/folders/51/hd414ycd67n82196sw51xqtc0000gn/T/cibw-run-wsst_5jz/cp38-macosx_arm64/build/venv/lib/python3.8/site-packages/setuptools/command/build_ext.py", line 246, in build_extension
2022-12-27T02:25:41.3446950Z       _build_ext.build_extension(self, ext)
2022-12-27T02:25:41.3448760Z     File "/private/var/folders/51/hd414ycd67n82196sw51xqtc0000gn/T/cibw-run-wsst_5jz/cp38-macosx_arm64/build/venv/lib/python3.8/site-packages/setuptools/_distutils/command/build_ext.py", line 549, in build_extension
2022-12-27T02:25:41.3449840Z       objects = self.compiler.compile(
2022-12-27T02:25:41.3451520Z     File "/private/var/folders/51/hd414ycd67n82196sw51xqtc0000gn/T/cibw-run-wsst_5jz/cp38-macosx_arm64/build/venv/lib/python3.8/site-packages/setuptools/_distutils/ccompiler.py", line 599, in compile
2022-12-27T02:25:41.3452580Z       self._compile(obj, src, ext, cc_args, extra_postargs, pp_opts)
2022-12-27T02:25:41.3454290Z     File "/private/var/folders/51/hd414ycd67n82196sw51xqtc0000gn/T/cibw-run-wsst_5jz/cp38-macosx_arm64/build/venv/lib/python3.8/site-packages/setuptools/_distutils/unixccompiler.py", line 188, in _compile
2022-12-27T02:25:41.3455310Z       raise CompileError(msg)
2022-12-27T02:25:41.3456750Z   distutils.errors.CompileError: command '/usr/bin/gcc' failed with exit code 1
2022-12-27T02:25:41.3457840Z 
2022-12-27T02:25:41.3798450Z   error: subprocess-exited-with-error
2022-12-27T02:25:41.3798750Z   
2022-12-27T02:25:41.3799090Z   × python setup.py bdist_wheel did not run successfully.
2022-12-27T02:25:41.3799360Z   │ exit code: 1
2022-12-27T02:25:41.3799580Z   ╰─> See above for output.
2022-12-27T02:25:41.3799750Z   
2022-12-27T02:25:41.3799990Z   note: This error originates from a subprocess, and is likely not a problem with pip.
2022-12-27T02:25:41.3808240Z   full command: /private/var/folders/51/hd414ycd67n82196sw51xqtc0000gn/T/cibw-run-wsst_5jz/cp38-macosx_arm64/build/venv/bin/python -u -c '
2022-12-27T02:25:41.3808870Z   exec(compile('"'"''"'"''"'"'
2022-12-27T02:25:41.3809290Z   # This is <pip-setuptools-caller> -- a caller that pip uses to run setup.py
2022-12-27T02:25:41.3809610Z   #
2022-12-27T02:25:41.3810100Z   # - It imports setuptools before invoking setup.py, to enable projects that directly
2022-12-27T02:25:41.3810390Z   #   import from `distutils.core` to work with newer packaging standards.
2022-12-27T02:25:41.3810730Z   # - It provides a clear error message when setuptools is not installed.
2022-12-27T02:25:41.3811070Z   # - It sets `sys.argv[0]` to the underlying `setup.py`, when invoking `setup.py` so
2022-12-27T02:25:41.3811420Z   #   setuptools doesn'"'"'t think the script is `-c`. This avoids the following warning:
2022-12-27T02:25:41.3811730Z   #     manifest_maker: standard file '"'"'-c'"'"' not found".
2022-12-27T02:25:41.3812030Z   # - It generates a shim setup.py, for handling setup.cfg-only projects.
2022-12-27T02:25:41.3812260Z   import os, sys, tokenize
2022-12-27T02:25:41.3812410Z   
2022-12-27T02:25:41.3812530Z   try:
2022-12-27T02:25:41.3812660Z       import setuptools
2022-12-27T02:25:41.3812840Z   except ImportError as error:
2022-12-27T02:25:41.3813000Z       print(
2022-12-27T02:25:41.3813200Z           "ERROR: Can not execute `setup.py` since setuptools is not available in "
2022-12-27T02:25:41.3813420Z           "the build environment.",
2022-12-27T02:25:41.3813580Z           file=sys.stderr,
2022-12-27T02:25:41.3813720Z       )
2022-12-27T02:25:41.3813850Z       sys.exit(1)
2022-12-27T02:25:41.3813980Z   
2022-12-27T02:25:41.3814100Z   __file__ = %r
2022-12-27T02:25:41.3814250Z   sys.argv[0] = __file__
2022-12-27T02:25:41.3814390Z   
2022-12-27T02:25:41.3814530Z   if os.path.exists(__file__):
2022-12-27T02:25:41.3814690Z       filename = __file__
2022-12-27T02:25:41.3814860Z       with tokenize.open(__file__) as f:
2022-12-27T02:25:41.3815030Z           setup_py_code = f.read()
2022-12-27T02:25:41.3815180Z   else:
2022-12-27T02:25:41.3815410Z       filename = "<auto-generated setuptools caller>"
2022-12-27T02:25:41.3815640Z       setup_py_code = "from setuptools import setup; setup()"
2022-12-27T02:25:41.3815930Z   
2022-12-27T02:25:41.3816090Z   exec(compile(setup_py_code, filename, "exec"))
2022-12-27T02:25:41.3816700Z   '"'"''"'"''"'"' % ('"'"'/Users/runner/actions-runner/_work/python.build/python.build/build_grpcio11038/grpcio-1.1.0/setup.py'"'"',), "<pip-setuptools-caller>", "exec"))' bdist_wheel -d /private/var/folders/51/hd414ycd67n82196sw51xqtc0000gn/T/pip-wheel-lgenmoik
2022-12-27T02:25:41.3817240Z   cwd: /Users/runner/actions-runner/_work/python.build/python.build/build_grpcio11038/grpcio-1.1.0/
2022-12-27T02:25:41.3817490Z   ERROR: Failed building wheel for grpcio
2022-12-27T02:25:41.3817800Z   Building wheel for grpcio (setup.py): finished with status 'error'
2022-12-27T02:25:41.3818010Z   Running setup.py clean for grpcio
2022-12-27T02:25:41.3818320Z   Running command python setup.py clean
2022-12-27T02:25:41.8145740Z   running clean
2022-12-27T02:25:41.8159820Z   removing 'python_build/temp.macosx-11.0-arm64-cpython-38' (and everything under it)
2022-12-27T02:25:41.8253250Z   removing 'python_build/lib.macosx-11.0-arm64-cpython-38' (and everything under it)
2022-12-27T02:25:41.8293490Z   'python_build/bdist.macosx-11.0-arm64' does not exist -- can't clean it
2022-12-27T02:25:41.8295300Z   'python_build/scripts-3.8' does not exist -- can't clean it
2022-12-27T02:25:41.8296940Z   removing 'python_build'
2022-12-27T02:25:41.8613490Z Failed to build grpcio
2022-12-27T02:25:41.8617880Z ERROR: Failed to build one or more wheels
2022-12-27T02:25:41.8627770Z Exception information:
2022-12-27T02:25:41.8627950Z Traceback (most recent call last):
2022-12-27T02:25:41.8628850Z   File "/private/var/folders/51/hd414ycd67n82196sw51xqtc0000gn/T/cibw-run-wsst_5jz/cp38-macosx_arm64/build/venv/lib/python3.8/site-packages/pip/_internal/cli/base_command.py", line 160, in exc_logging_wrapper
2022-12-27T02:25:41.8629270Z     status = run_func(*args)
2022-12-27T02:25:41.8629900Z   File "/private/var/folders/51/hd414ycd67n82196sw51xqtc0000gn/T/cibw-run-wsst_5jz/cp38-macosx_arm64/build/venv/lib/python3.8/site-packages/pip/_internal/cli/req_command.py", line 247, in wrapper
2022-12-27T02:25:41.8630310Z     return func(self, options, args)
2022-12-27T02:25:41.8631150Z   File "/private/var/folders/51/hd414ycd67n82196sw51xqtc0000gn/T/cibw-run-wsst_5jz/cp38-macosx_arm64/build/venv/lib/python3.8/site-packages/pip/_internal/commands/wheel.py", line 201, in run
2022-12-27T02:25:41.8631620Z     raise CommandError("Failed to build one or more wheels")
2022-12-27T02:25:41.8631940Z pip._internal.exceptions.CommandError: Failed to build one or more wheels
2022-12-27T02:25:41.8632460Z Removed build tracker: '/private/var/folders/51/hd414ycd67n82196sw51xqtc0000gn/T/pip-build-tracker-e26w10gr'
2022-12-27T02:25:41.9006790Z ##[endgroup]
2022-12-27T02:25:41.9007420Z                                                               [31m✕ [0m3.16s
2022-12-27T02:25:41.9493290Z ##[error]Command ['python', '-m', 'pip', 'wheel', '/Users/runner/actions-runner/_work/python.build/python.build/build_grpcio11038/grpcio-1.1.0', '--wheel-dir=/private/var/folders/51/hd414ycd67n82196sw51xqtc0000gn/T/cibw-run-wsst_5jz/cp38-macosx_arm64/built_wheel', '--no-deps', '-vvv'] failed with code 1. None
2022-12-27T02:25:41.9499430Z 
2022-12-27T02:25:41.9621280Z ##[error]Process completed with exit code 1.
2022-12-27T02:25:41.9654370Z ##[group]Run rm -rf build_grpcio11038 wheelsout
2022-12-27T02:25:41.9654550Z [36;1mrm -rf build_grpcio11038 wheelsout[0m
2022-12-27T02:25:41.9669840Z shell: /bin/bash -e {0}
2022-12-27T02:25:41.9669960Z env:
2022-12-27T02:25:41.9670100Z   pythonLocation: /Users/runner/hostedtoolcache/Python/3.8.15/x64
2022-12-27T02:25:41.9670300Z   PKG_CONFIG_PATH: /Users/runner/hostedtoolcache/Python/3.8.15/x64/lib/pkgconfig
2022-12-27T02:25:41.9670490Z   Python_ROOT_DIR: /Users/runner/hostedtoolcache/Python/3.8.15/x64
2022-12-27T02:25:41.9670660Z   Python2_ROOT_DIR: /Users/runner/hostedtoolcache/Python/3.8.15/x64
2022-12-27T02:25:41.9670830Z   Python3_ROOT_DIR: /Users/runner/hostedtoolcache/Python/3.8.15/x64
2022-12-27T02:25:41.9671130Z ##[endgroup]
2022-12-27T02:25:42.1537490Z Cleaning up orphan processes
