2022-12-27T08:53:24.1189451Z Requested labels: self-hosted, macOS, X64
2022-12-27T08:53:24.1189537Z Job defined at: kilnbuild/python.build/.github/workflows/mac_arm_build.yml@refs/heads/main
2022-12-27T08:53:24.1189562Z Waiting for a runner to pick up this job...
2022-12-27T11:27:07.3597856Z Job is about to start running on the runner: kr2 (organization)
2022-12-27T11:27:13.8957650Z Current runner version: '2.300.2'
2022-12-27T11:27:13.8965120Z Runner name: 'kr2'
2022-12-27T11:27:13.8965500Z Runner group name: 'Default'
2022-12-27T11:27:13.8966280Z Machine name: 'kr2'
2022-12-27T11:27:13.8968810Z ##[group]GITHUB_TOKEN Permissions
2022-12-27T11:27:13.8969460Z Actions: write
2022-12-27T11:27:13.8969700Z Checks: write
2022-12-27T11:27:13.8969940Z Contents: write
2022-12-27T11:27:13.8970200Z Deployments: write
2022-12-27T11:27:13.8970450Z Discussions: write
2022-12-27T11:27:13.8970700Z Issues: write
2022-12-27T11:27:13.8970950Z Metadata: read
2022-12-27T11:27:13.8971190Z Packages: write
2022-12-27T11:27:13.8971440Z Pages: write
2022-12-27T11:27:13.8971700Z PullRequests: write
2022-12-27T11:27:13.8971990Z RepositoryProjects: write
2022-12-27T11:27:13.8972280Z SecurityEvents: write
2022-12-27T11:27:13.8972540Z Statuses: write
2022-12-27T11:27:13.8972780Z ##[endgroup]
2022-12-27T11:27:13.8976150Z Secret source: Actions
2022-12-27T11:27:13.8976630Z Prepare workflow directory
2022-12-27T11:27:14.0145510Z Prepare all required actions
2022-12-27T11:27:14.0350820Z Getting action download info
2022-12-27T11:27:14.4924610Z Download action repository 'actions/setup-python@v4' (SHA:5ccb29d8773c3f3f653e1705f474dfaa8a06a912)
2022-12-27T11:27:16.3532250Z Download action repository 'actions/upload-artifact@v3' (SHA:83fd05a356d7e2593de66fc9913b3002723633cb)
2022-12-27T11:27:17.8036710Z ##[group]Run echo '{
2022-12-27T11:27:17.8037080Z [36;1mecho '{[0m
2022-12-27T11:27:17.8037270Z [36;1m  "package_name": "lxml",[0m
2022-12-27T11:27:17.8037650Z [36;1m  "package_url": "https://files.pythonhosted.org/packages/3a/0c/f9d8bffa9b1091be500bf4be5a562cd4356a9ec169c3a06e69873cdcce2e/lxml-2.0.10.tar.gz",[0m
2022-12-27T11:27:17.8037990Z [36;1m  "package_version": "2.0.10",[0m
2022-12-27T11:27:17.8038190Z [36;1m  "python_version": "3.9",[0m
2022-12-27T11:27:17.8038390Z [36;1m  "use_ccache": "true"[0m
2022-12-27T11:27:17.8038560Z [36;1m}'[0m
2022-12-27T11:27:17.8064790Z shell: /bin/bash -e {0}
2022-12-27T11:27:17.8065080Z ##[endgroup]
2022-12-27T11:27:17.8466010Z {
2022-12-27T11:27:17.8469120Z   "package_name": "lxml",
2022-12-27T11:27:17.8470440Z   "package_url": "https://files.pythonhosted.org/packages/3a/0c/f9d8bffa9b1091be500bf4be5a562cd4356a9ec169c3a06e69873cdcce2e/lxml-2.0.10.tar.gz",
2022-12-27T11:27:17.8471040Z   "package_version": "2.0.10",
2022-12-27T11:27:17.8471630Z   "python_version": "3.9",
2022-12-27T11:27:17.8471980Z   "use_ccache": "true"
2022-12-27T11:27:17.8472330Z }
2022-12-27T11:27:17.8839250Z ##[group]Run actions/setup-python@v4
2022-12-27T11:27:17.8839680Z with:
2022-12-27T11:27:17.8839940Z   python-version: 3.9
2022-12-27T11:27:17.8840350Z   check-latest: false
2022-12-27T11:27:17.8840870Z   token: ***
2022-12-27T11:27:17.8841200Z   update-environment: true
2022-12-27T11:27:17.8841570Z ##[endgroup]
2022-12-27T11:27:18.0890200Z ##[group]Installed versions
2022-12-27T11:27:18.0957970Z Successfully set up CPython (3.9.16)
2022-12-27T11:27:18.0959480Z ##[endgroup]
2022-12-27T11:27:18.1200910Z ##[group]Run if [ "true" == "true" ]
2022-12-27T11:27:18.1201910Z [36;1mif [ "true" == "true" ][0m
2022-12-27T11:27:18.1202400Z [36;1mthen[0m
2022-12-27T11:27:18.1202930Z [36;1m  echo "CCACHE_PATH_PREPEND=/usr/local/opt/ccache/libexec" >> $GITHUB_OUTPUT[0m
2022-12-27T11:27:18.1203540Z [36;1melse[0m
2022-12-27T11:27:18.1204030Z [36;1m  echo "CCACHE_PATH_PREPEND=" >> $GITHUB_OUTPUT[0m
2022-12-27T11:27:18.1204670Z [36;1mfi[0m
2022-12-27T11:27:18.1251700Z shell: /bin/bash -e {0}
2022-12-27T11:27:18.1252290Z env:
2022-12-27T11:27:18.1253170Z   pythonLocation: /Users/runner/hostedtoolcache/Python/3.9.16/x64
2022-12-27T11:27:18.1254110Z   PKG_CONFIG_PATH: /Users/runner/hostedtoolcache/Python/3.9.16/x64/lib/pkgconfig
2022-12-27T11:27:18.1255050Z   Python_ROOT_DIR: /Users/runner/hostedtoolcache/Python/3.9.16/x64
2022-12-27T11:27:18.1256820Z   Python2_ROOT_DIR: /Users/runner/hostedtoolcache/Python/3.9.16/x64
2022-12-27T11:27:18.1258850Z   Python3_ROOT_DIR: /Users/runner/hostedtoolcache/Python/3.9.16/x64
2022-12-27T11:27:18.1261520Z ##[endgroup]
2022-12-27T11:27:18.1550710Z ##[group]Run echo "BUILD_NAME=$(echo lxml_2.0.10_3.9 | tr -dc '[:alnum:]\n\r' | tr '[:upper:]' '[:lower:]')" >> $GITHUB_OUTPUT
2022-12-27T11:27:18.1551330Z [36;1mecho "BUILD_NAME=$(echo lxml_2.0.10_3.9 | tr -dc '[:alnum:]\n\r' | tr '[:upper:]' '[:lower:]')" >> $GITHUB_OUTPUT[0m
2022-12-27T11:27:18.1579080Z shell: /bin/bash -e {0}
2022-12-27T11:27:18.1579410Z env:
2022-12-27T11:27:18.1579720Z   pythonLocation: /Users/runner/hostedtoolcache/Python/3.9.16/x64
2022-12-27T11:27:18.1580370Z   PKG_CONFIG_PATH: /Users/runner/hostedtoolcache/Python/3.9.16/x64/lib/pkgconfig
2022-12-27T11:27:18.1580810Z   Python_ROOT_DIR: /Users/runner/hostedtoolcache/Python/3.9.16/x64
2022-12-27T11:27:18.1581160Z   Python2_ROOT_DIR: /Users/runner/hostedtoolcache/Python/3.9.16/x64
2022-12-27T11:27:18.1581700Z   Python3_ROOT_DIR: /Users/runner/hostedtoolcache/Python/3.9.16/x64
2022-12-27T11:27:18.1582070Z ##[endgroup]
2022-12-27T11:27:18.1818130Z ##[group]Run echo "PYTHON_NO_DOTS=$(echo 3.9 | tr -dc '[:alnum:]\n\r' | tr '[:upper:]' '[:lower:]')" >> $GITHUB_OUTPUT
2022-12-27T11:27:18.1818780Z [36;1mecho "PYTHON_NO_DOTS=$(echo 3.9 | tr -dc '[:alnum:]\n\r' | tr '[:upper:]' '[:lower:]')" >> $GITHUB_OUTPUT[0m
2022-12-27T11:27:18.1845430Z shell: /bin/bash -e {0}
2022-12-27T11:27:18.1845750Z env:
2022-12-27T11:27:18.1846110Z   pythonLocation: /Users/runner/hostedtoolcache/Python/3.9.16/x64
2022-12-27T11:27:18.1847550Z   PKG_CONFIG_PATH: /Users/runner/hostedtoolcache/Python/3.9.16/x64/lib/pkgconfig
2022-12-27T11:27:18.1848010Z   Python_ROOT_DIR: /Users/runner/hostedtoolcache/Python/3.9.16/x64
2022-12-27T11:27:18.1848440Z   Python2_ROOT_DIR: /Users/runner/hostedtoolcache/Python/3.9.16/x64
2022-12-27T11:27:18.1848870Z   Python3_ROOT_DIR: /Users/runner/hostedtoolcache/Python/3.9.16/x64
2022-12-27T11:27:18.1849170Z ##[endgroup]
2022-12-27T11:27:18.2082020Z ##[group]Run rm -rf build_lxml201039
2022-12-27T11:27:18.2082650Z [36;1mrm -rf build_lxml201039[0m
2022-12-27T11:27:18.2083000Z [36;1mmkdir build_lxml201039[0m
2022-12-27T11:27:18.2083350Z [36;1mcd build_lxml201039[0m
2022-12-27T11:27:18.2084020Z [36;1m/usr/local/bin/wget --quiet https://files.pythonhosted.org/packages/3a/0c/f9d8bffa9b1091be500bf4be5a562cd4356a9ec169c3a06e69873cdcce2e/lxml-2.0.10.tar.gz[0m
2022-12-27T11:27:18.2084520Z [36;1mtar xf *.tar.gz[0m
2022-12-27T11:27:18.2084840Z [36;1mcd *[0m
2022-12-27T11:27:18.2085130Z [36;1mpython -m pip install cibuildwheel==2.11.3[0m
2022-12-27T11:27:18.2085550Z [36;1mpython -m cibuildwheel --output-dir ../wheelsout[0m
2022-12-27T11:27:18.2112550Z shell: /bin/bash -e {0}
2022-12-27T11:27:18.2112810Z env:
2022-12-27T11:27:18.2113200Z   pythonLocation: /Users/runner/hostedtoolcache/Python/3.9.16/x64
2022-12-27T11:27:18.2113760Z   PKG_CONFIG_PATH: /Users/runner/hostedtoolcache/Python/3.9.16/x64/lib/pkgconfig
2022-12-27T11:27:18.2114320Z   Python_ROOT_DIR: /Users/runner/hostedtoolcache/Python/3.9.16/x64
2022-12-27T11:27:18.2114920Z   Python2_ROOT_DIR: /Users/runner/hostedtoolcache/Python/3.9.16/x64
2022-12-27T11:27:18.2115490Z   Python3_ROOT_DIR: /Users/runner/hostedtoolcache/Python/3.9.16/x64
2022-12-27T11:27:18.2116020Z   CIBW_ARCHS_MACOS: arm64
2022-12-27T11:27:18.2116290Z   CIBW_TEST_SKIP: *_arm64
2022-12-27T11:27:18.2116760Z   CIBW_BUILD: cp39-macosx_arm64
2022-12-27T11:27:18.2117590Z   CIBW_BUILD_FRONTEND: pip
2022-12-27T11:27:18.2118150Z   CIBW_BUILD_VERBOSITY: 3
2022-12-27T11:27:18.2118900Z   CIBW_ENVIRONMENT_MACOS:  CFLAGS="-I/usr/local/opt/openssl@3/include" LDFLAGS="-L/usr/local/opt/openssl@3/lib" CPPFLAGS="-I/usr/local/opt/openssl@3/include" MAKEFLAGS="-j$(sysctl -n hw.logicalcpu)" PATH=/usr/local/opt/ccache/libexec:$PATH
2022-12-27T11:27:18.2119730Z   CIBW_BEFORE_BUILD: pip install Cython; if [[ -f requirements.txt ]]; then pip install -r requirements.txt; fi
2022-12-27T11:27:18.2120420Z   MAKEFLAGS: -j$(sysctl -n hw.logicalcpu)
2022-12-27T11:27:18.2120720Z ##[endgroup]
2022-12-27T11:27:18.9409090Z Requirement already satisfied: cibuildwheel==2.11.3 in /Users/runner/hostedtoolcache/Python/3.9.16/x64/lib/python3.9/site-packages (2.11.3)
2022-12-27T11:27:18.9807140Z Requirement already satisfied: certifi in /Users/runner/hostedtoolcache/Python/3.9.16/x64/lib/python3.9/site-packages (from cibuildwheel==2.11.3) (2022.12.7)
2022-12-27T11:27:18.9808730Z Requirement already satisfied: bracex in /Users/runner/hostedtoolcache/Python/3.9.16/x64/lib/python3.9/site-packages (from cibuildwheel==2.11.3) (2.3.post1)
2022-12-27T11:27:18.9812060Z Requirement already satisfied: filelock in /Users/runner/hostedtoolcache/Python/3.9.16/x64/lib/python3.9/site-packages (from cibuildwheel==2.11.3) (3.8.2)
2022-12-27T11:27:18.9827440Z Requirement already satisfied: typing-extensions>=4.1.0 in /Users/runner/hostedtoolcache/Python/3.9.16/x64/lib/python3.9/site-packages (from cibuildwheel==2.11.3) (4.4.0)
2022-12-27T11:27:18.9837960Z Requirement already satisfied: tomli in /Users/runner/hostedtoolcache/Python/3.9.16/x64/lib/python3.9/site-packages (from cibuildwheel==2.11.3) (2.0.1)
2022-12-27T11:27:18.9845850Z Requirement already satisfied: bashlex!=0.13 in /Users/runner/hostedtoolcache/Python/3.9.16/x64/lib/python3.9/site-packages (from cibuildwheel==2.11.3) (0.16)
2022-12-27T11:27:18.9852540Z Requirement already satisfied: packaging>=20.9 in /Users/runner/hostedtoolcache/Python/3.9.16/x64/lib/python3.9/site-packages (from cibuildwheel==2.11.3) (22.0)
2022-12-27T11:27:18.9859260Z Requirement already satisfied: platformdirs in /Users/runner/hostedtoolcache/Python/3.9.16/x64/lib/python3.9/site-packages (from cibuildwheel==2.11.3) (2.6.0)
2022-12-27T11:27:19.3003450Z 
2022-12-27T11:27:19.3004250Z      _ _       _ _   _       _           _
2022-12-27T11:27:19.3004650Z  ___|_| |_ _ _|_| |_| |_ _ _| |_ ___ ___| |
2022-12-27T11:27:19.3006850Z |  _| | . | | | | | . | | | |   | -_| -_| |
2022-12-27T11:27:19.3010030Z |___|_|___|___|_|_|___|_____|_|_|___|___|_|
2022-12-27T11:27:19.3010440Z 
2022-12-27T11:27:19.3010640Z cibuildwheel version 2.11.3
2022-12-27T11:27:19.3011010Z 
2022-12-27T11:27:19.3011240Z Build options:
2022-12-27T11:27:19.3011870Z   platform: macos
2022-12-27T11:27:19.3103340Z   architectures: arm64[0m
2022-12-27T11:27:19.3103920Z   build_selector: 
2022-12-27T11:27:19.3105070Z     build_config: cp39-macosx_arm64
2022-12-27T11:27:19.3106220Z     skip_config: 
2022-12-27T11:27:19.3107460Z     requires_python: None
2022-12-27T11:27:19.3109390Z     prerelease_pythons: False[0m
2022-12-27T11:27:19.3110050Z   [38;5;244mcontainer_engine: docker[0m
2022-12-27T11:27:19.3111970Z   output_dir: /Users/runner/actions-runner/_work/python.build/python.build/build_lxml201039/wheelsout[0m
2022-12-27T11:27:19.3112670Z   package_dir: /Users/runner/actions-runner/_work/python.build/python.build/build_lxml201039/lxml-2.0.10[0m
2022-12-27T11:27:19.3113810Z   test_selector: 
2022-12-27T11:27:19.3114250Z     skip_config: *_arm64[0m
2022-12-27T11:27:19.3114650Z   [38;5;244mbefore_all: [0m
2022-12-27T11:27:19.3115210Z   before_build: pip install Cython; if [[ -f requirements.txt ]]; then pip install -r requirements.txt; fi[0m
2022-12-27T11:27:19.3115990Z   [38;5;244mbefore_test: [0m
2022-12-27T11:27:19.3116360Z   [38;5;244mbuild_frontend: pip[0m
2022-12-27T11:27:19.3116770Z   build_verbosity: 3[0m
2022-12-27T11:27:19.3117180Z   [38;5;244mconfig_settings: [0m
2022-12-27T11:27:19.3117560Z   [38;5;244mdependency_constraints: pinned[0m
2022-12-27T11:27:19.3118110Z   environment: 
2022-12-27T11:27:19.3118580Z     CFLAGS="-I/usr/local/opt/openssl@3/include"
2022-12-27T11:27:19.3118980Z     LDFLAGS="-L/usr/local/opt/openssl@3/lib"
2022-12-27T11:27:19.3119450Z     CPPFLAGS="-I/usr/local/opt/openssl@3/include"
2022-12-27T11:27:19.3119920Z     MAKEFLAGS="-j$(sysctl -n hw.logicalcpu)"
2022-12-27T11:27:19.3120530Z     PATH=/usr/local/opt/ccache/libexec:$PATH[0m
2022-12-27T11:27:19.3120910Z   [38;5;244mmanylinux_images: None[0m
2022-12-27T11:27:19.3121340Z   [38;5;244mmusllinux_images: None[0m
2022-12-27T11:27:19.3121960Z   [38;5;244mrepair_command: delocate-wheel --require-archs {delocate_archs} -w {dest_dir} -v {wheel}[0m
2022-12-27T11:27:19.3123010Z   [38;5;244mtest_command: [0m
2022-12-27T11:27:19.3123660Z   [38;5;244mtest_extras: [0m
2022-12-27T11:27:19.3124060Z   [38;5;244mtest_requires: [0m
2022-12-27T11:27:19.3124260Z 
2022-12-27T11:27:19.3124400Z Cache folder: /Users/runner/Library/Caches/cibuildwheel
2022-12-27T11:27:19.3140710Z 
2022-12-27T11:27:19.3141810Z Here we go!
2022-12-27T11:27:19.3142380Z 
2022-12-27T11:27:19.3238340Z 
2022-12-27T11:27:19.3240920Z [1m[34mBuilding cp39-macosx_arm64 wheel[0m
2022-12-27T11:27:19.3242240Z CPython 3.9 macOS arm64 - Apple Silicon
2022-12-27T11:27:19.3243210Z 
2022-12-27T11:27:19.3245390Z ##[group]Installing Python cp39...
2022-12-27T11:27:19.3245700Z 
2022-12-27T11:27:19.3246010Z + pkgutil --pkgs
2022-12-27T11:27:19.3445110Z ##[endgroup]
2022-12-27T11:27:19.3447580Z                                                               [32m✓ [0m0.02s
2022-12-27T11:27:19.3448260Z ##[group]Setting up build environment...
2022-12-27T11:27:19.3448490Z 
2022-12-27T11:27:19.3509860Z + /Users/runner/hostedtoolcache/Python/3.9.16/x64/bin/python -sS /Users/runner/Library/Caches/cibuildwheel/virtualenv-20.17.0.pyz --activators= --no-periodic-update --pip=22.3.1 --setuptools=65.6.3 --wheel=0.38.4 --symlink-app-data --python /Library/Frameworks/Python.framework/Versions/3.9/bin/python3 /private/var/folders/51/hd414ycd67n82196sw51xqtc0000gn/T/cibw-run-uzpfqnsj/cp39-macosx_arm64/build/venv
2022-12-27T11:27:19.6439320Z created virtual environment CPython3.9.13.final.0-64 in 76ms
2022-12-27T11:27:19.6440320Z   creator CPython3Posix(dest=/private/var/folders/51/hd414ycd67n82196sw51xqtc0000gn/T/cibw-run-uzpfqnsj/cp39-macosx_arm64/build/venv, clear=False, no_vcs_ignore=False, global=False)
2022-12-27T11:27:19.6441660Z   seeder FromAppData(download=False, pip=22.3.1, setuptools=65.6.3, wheel=0.38.4, via=symlink, app_data_dir=/Users/runner/Library/Application Support/virtualenv)
2022-12-27T11:27:19.6442350Z     added seed packages: pip==22.3.1, setuptools==65.6.3, wheel==0.38.4
2022-12-27T11:27:19.6667150Z + python -m pip install --upgrade pip -c /Users/runner/hostedtoolcache/Python/3.9.16/x64/lib/python3.9/site-packages/cibuildwheel/resources/constraints-python39.txt
2022-12-27T11:27:20.1787910Z Requirement already satisfied: pip in ./lib/python3.9/site-packages (22.3.1)
2022-12-27T11:27:20.4564450Z + which pip
2022-12-27T11:27:20.4598960Z /private/var/folders/51/hd414ycd67n82196sw51xqtc0000gn/T/cibw-run-uzpfqnsj/cp39-macosx_arm64/build/venv/bin/pip
2022-12-27T11:27:20.4603400Z + pip --version
2022-12-27T11:27:20.8461880Z pip 22.3.1 from /private/var/folders/51/hd414ycd67n82196sw51xqtc0000gn/T/cibw-run-uzpfqnsj/cp39-macosx_arm64/build/venv/lib/python3.9/site-packages/pip (python 3.9)
2022-12-27T11:27:20.9047370Z + which pip
2022-12-27T11:27:20.9115480Z + which python
2022-12-27T11:27:20.9168180Z /private/var/folders/51/hd414ycd67n82196sw51xqtc0000gn/T/cibw-run-uzpfqnsj/cp39-macosx_arm64/build/venv/bin/python
2022-12-27T11:27:20.9176320Z + python --version
2022-12-27T11:27:20.9270410Z Python 3.9.13
2022-12-27T11:27:20.9277230Z + which python
2022-12-27T11:27:20.9383080Z ##[endgroup]
2022-12-27T11:27:20.9385070Z                                                               [32m✓ [0m1.59s
2022-12-27T11:27:20.9386900Z ##[group]Installing build tools...
2022-12-27T11:27:20.9387540Z 
2022-12-27T11:27:20.9389280Z + pip install --upgrade setuptools wheel delocate -c /Users/runner/hostedtoolcache/Python/3.9.16/x64/lib/python3.9/site-packages/cibuildwheel/resources/constraints-python39.txt
2022-12-27T11:27:21.4731460Z Requirement already satisfied: setuptools in /private/var/folders/51/hd414ycd67n82196sw51xqtc0000gn/T/cibw-run-uzpfqnsj/cp39-macosx_arm64/build/venv/lib/python3.9/site-packages (65.6.3)
2022-12-27T11:27:21.9083690Z Requirement already satisfied: wheel in /private/var/folders/51/hd414ycd67n82196sw51xqtc0000gn/T/cibw-run-uzpfqnsj/cp39-macosx_arm64/build/venv/lib/python3.9/site-packages (0.38.4)
2022-12-27T11:27:21.9945870Z Collecting delocate
2022-12-27T11:27:21.9992210Z   Using cached delocate-0.10.3-py3-none-any.whl (142 kB)
2022-12-27T11:27:22.0553700Z Collecting packaging>=20.9
2022-12-27T11:27:22.0598620Z   Using cached packaging-21.3-py3-none-any.whl (40 kB)
2022-12-27T11:27:22.0925750Z Collecting typing-extensions
2022-12-27T11:27:22.0967800Z   Using cached typing_extensions-4.4.0-py3-none-any.whl (26 kB)
2022-12-27T11:27:22.1729520Z Collecting pyparsing!=3.0.5,>=2.0.2
2022-12-27T11:27:22.1770270Z   Using cached pyparsing-3.0.9-py3-none-any.whl (98 kB)
2022-12-27T11:27:22.2426290Z Installing collected packages: typing-extensions, pyparsing, packaging, delocate
2022-12-27T11:27:22.4960600Z Successfully installed delocate-0.10.3 packaging-21.3 pyparsing-3.0.9 typing-extensions-4.4.0
2022-12-27T11:27:22.5999370Z ##[endgroup]
2022-12-27T11:27:22.6001090Z                                                               [32m✓ [0m1.66s
2022-12-27T11:27:22.6002510Z ##[group]Running before_build...
2022-12-27T11:27:22.6003290Z 
2022-12-27T11:27:22.6023270Z + pip install Cython; if [[ -f requirements.txt ]]; then pip install -r requirements.txt; fi
2022-12-27T11:27:23.8289860Z Collecting Cython
2022-12-27T11:27:23.8371290Z   Using cached Cython-0.29.32-py2.py3-none-any.whl (986 kB)
2022-12-27T11:27:23.9148120Z Installing collected packages: Cython
2022-12-27T11:27:24.7725980Z Successfully installed Cython-0.29.32
2022-12-27T11:27:24.8750440Z ##[endgroup]
2022-12-27T11:27:24.8752280Z                                                               [32m✓ [0m2.27s
2022-12-27T11:27:24.8753970Z ##[group]Building wheel...
2022-12-27T11:27:24.8754350Z 
2022-12-27T11:27:24.8765690Z + python -m pip wheel /Users/runner/actions-runner/_work/python.build/python.build/build_lxml201039/lxml-2.0.10 --wheel-dir=/private/var/folders/51/hd414ycd67n82196sw51xqtc0000gn/T/cibw-run-uzpfqnsj/cp39-macosx_arm64/built_wheel --no-deps -vvv
2022-12-27T11:27:25.3273290Z Created temporary directory: /private/var/folders/51/hd414ycd67n82196sw51xqtc0000gn/T/pip-ephem-wheel-cache-4kfgcvnm
2022-12-27T11:27:25.3278300Z Created temporary directory: /private/var/folders/51/hd414ycd67n82196sw51xqtc0000gn/T/pip-build-tracker-xget3g37
2022-12-27T11:27:25.3281280Z Initialized build tracking at /private/var/folders/51/hd414ycd67n82196sw51xqtc0000gn/T/pip-build-tracker-xget3g37
2022-12-27T11:27:25.3284410Z Created build tracker: /private/var/folders/51/hd414ycd67n82196sw51xqtc0000gn/T/pip-build-tracker-xget3g37
2022-12-27T11:27:25.3286750Z Entered build tracker: /private/var/folders/51/hd414ycd67n82196sw51xqtc0000gn/T/pip-build-tracker-xget3g37
2022-12-27T11:27:25.3293390Z Created temporary directory: /private/var/folders/51/hd414ycd67n82196sw51xqtc0000gn/T/pip-wheel-11ien095
2022-12-27T11:27:25.3303790Z Created temporary directory: /private/var/folders/51/hd414ycd67n82196sw51xqtc0000gn/T/pip-ephem-wheel-cache-mgygea95
2022-12-27T11:27:25.3607170Z Processing /Users/runner/actions-runner/_work/python.build/python.build/build_lxml201039/lxml-2.0.10
2022-12-27T11:27:25.3614160Z   Added file:///Users/runner/actions-runner/_work/python.build/python.build/build_lxml201039/lxml-2.0.10 to build tracker '/private/var/folders/51/hd414ycd67n82196sw51xqtc0000gn/T/pip-build-tracker-xget3g37'
2022-12-27T11:27:25.3619340Z   Running setup.py (path:/Users/runner/actions-runner/_work/python.build/python.build/build_lxml201039/lxml-2.0.10/setup.py) egg_info for package from file:///Users/runner/actions-runner/_work/python.build/python.build/build_lxml201039/lxml-2.0.10
2022-12-27T11:27:25.3624510Z   Created temporary directory: /private/var/folders/51/hd414ycd67n82196sw51xqtc0000gn/T/pip-pip-egg-info-6kytl2y7
2022-12-27T11:27:25.3627510Z   Preparing metadata (setup.py): started
2022-12-27T11:27:25.3630930Z   Running command python setup.py egg_info
2022-12-27T11:27:25.9044750Z   Traceback (most recent call last):
2022-12-27T11:27:25.9058440Z     File "<string>", line 2, in <module>
2022-12-27T11:27:25.9059280Z     File "<pip-setuptools-caller>", line 34, in <module>
2022-12-27T11:27:25.9060090Z     File "/Users/runner/actions-runner/_work/python.build/python.build/build_lxml201039/lxml-2.0.10/setup.py", line 104, in <module>
2022-12-27T11:27:25.9061220Z       ext_modules = setupinfo.ext_modules(
2022-12-27T11:27:25.9062070Z     File "/Users/runner/actions-runner/_work/python.build/python.build/build_lxml201039/lxml-2.0.10/setupinfo.py", line 42, in ext_modules
2022-12-27T11:27:25.9062520Z       _include_dirs = include_dirs(static_include_dirs)
2022-12-27T11:27:25.9063240Z     File "/Users/runner/actions-runner/_work/python.build/python.build/build_lxml201039/lxml-2.0.10/setupinfo.py", line 120, in include_dirs
2022-12-27T11:27:25.9064630Z       if possible_include_dir.startswith('-I'):
2022-12-27T11:27:25.9068160Z   TypeError: startswith first arg must be bytes or a tuple of bytes, not str
2022-12-27T11:27:25.9069820Z   Building lxml version 2.0.10.
2022-12-27T11:27:25.9072230Z   Building with Cython 0.29.32.
2022-12-27T11:27:25.9075170Z   Using build configuration of libxslt b'1.1.29'
2022-12-27T11:27:25.9538820Z   error: subprocess-exited-with-error
2022-12-27T11:27:25.9539640Z   
2022-12-27T11:27:25.9540430Z   × python setup.py egg_info did not run successfully.
2022-12-27T11:27:25.9542000Z   │ exit code: 1
2022-12-27T11:27:25.9542940Z   ╰─> See above for output.
2022-12-27T11:27:25.9543600Z   
2022-12-27T11:27:25.9544420Z   note: This error originates from a subprocess, and is likely not a problem with pip.
2022-12-27T11:27:25.9556480Z   full command: /private/var/folders/51/hd414ycd67n82196sw51xqtc0000gn/T/cibw-run-uzpfqnsj/cp39-macosx_arm64/build/venv/bin/python -c '
2022-12-27T11:27:25.9559240Z   exec(compile('"'"''"'"''"'"'
2022-12-27T11:27:25.9561210Z   # This is <pip-setuptools-caller> -- a caller that pip uses to run setup.py
2022-12-27T11:27:25.9561880Z   #
2022-12-27T11:27:25.9563260Z   # - It imports setuptools before invoking setup.py, to enable projects that directly
2022-12-27T11:27:25.9565200Z   #   import from `distutils.core` to work with newer packaging standards.
2022-12-27T11:27:25.9565950Z   # - It provides a clear error message when setuptools is not installed.
2022-12-27T11:27:25.9566730Z   # - It sets `sys.argv[0]` to the underlying `setup.py`, when invoking `setup.py` so
2022-12-27T11:27:25.9567390Z   #   setuptools doesn'"'"'t think the script is `-c`. This avoids the following warning:
2022-12-27T11:27:25.9567990Z   #     manifest_maker: standard file '"'"'-c'"'"' not found".
2022-12-27T11:27:25.9568550Z   # - It generates a shim setup.py, for handling setup.cfg-only projects.
2022-12-27T11:27:25.9568980Z   import os, sys, tokenize
2022-12-27T11:27:25.9569310Z   
2022-12-27T11:27:25.9569540Z   try:
2022-12-27T11:27:25.9569990Z       import setuptools
2022-12-27T11:27:25.9570360Z   except ImportError as error:
2022-12-27T11:27:25.9570650Z       print(
2022-12-27T11:27:25.9571060Z           "ERROR: Can not execute `setup.py` since setuptools is not available in "
2022-12-27T11:27:25.9571680Z           "the build environment.",
2022-12-27T11:27:25.9571970Z           file=sys.stderr,
2022-12-27T11:27:25.9572290Z       )
2022-12-27T11:27:25.9572610Z       sys.exit(1)
2022-12-27T11:27:25.9572860Z   
2022-12-27T11:27:25.9573270Z   __file__ = %r
2022-12-27T11:27:25.9573600Z   sys.argv[0] = __file__
2022-12-27T11:27:25.9573860Z   
2022-12-27T11:27:25.9574200Z   if os.path.exists(__file__):
2022-12-27T11:27:25.9574560Z       filename = __file__
2022-12-27T11:27:25.9574950Z       with tokenize.open(__file__) as f:
2022-12-27T11:27:25.9575320Z           setup_py_code = f.read()
2022-12-27T11:27:25.9575680Z   else:
2022-12-27T11:27:25.9576070Z       filename = "<auto-generated setuptools caller>"
2022-12-27T11:27:25.9576520Z       setup_py_code = "from setuptools import setup; setup()"
2022-12-27T11:27:25.9577010Z   
2022-12-27T11:27:25.9577380Z   exec(compile(setup_py_code, filename, "exec"))
2022-12-27T11:27:25.9578190Z   '"'"''"'"''"'"' % ('"'"'/Users/runner/actions-runner/_work/python.build/python.build/build_lxml201039/lxml-2.0.10/setup.py'"'"',), "<pip-setuptools-caller>", "exec"))' egg_info --egg-base /private/var/folders/51/hd414ycd67n82196sw51xqtc0000gn/T/pip-pip-egg-info-6kytl2y7
2022-12-27T11:27:25.9579410Z   cwd: /Users/runner/actions-runner/_work/python.build/python.build/build_lxml201039/lxml-2.0.10/
2022-12-27T11:27:25.9580130Z   Preparing metadata (setup.py): finished with status 'error'
2022-12-27T11:27:25.9624680Z error: metadata-generation-failed
2022-12-27T11:27:25.9625170Z 
2022-12-27T11:27:25.9626150Z × Encountered error while generating package metadata.
2022-12-27T11:27:25.9627430Z ╰─> See above for output.
2022-12-27T11:27:25.9628200Z 
2022-12-27T11:27:25.9628860Z note: This is an issue with the package mentioned above, not pip.
2022-12-27T11:27:25.9630040Z hint: See above for details.
2022-12-27T11:27:25.9680210Z Exception information:
2022-12-27T11:27:25.9681220Z Traceback (most recent call last):
2022-12-27T11:27:25.9683250Z   File "/private/var/folders/51/hd414ycd67n82196sw51xqtc0000gn/T/cibw-run-uzpfqnsj/cp39-macosx_arm64/build/venv/lib/python3.9/site-packages/pip/_internal/operations/build/metadata_legacy.py", line 64, in generate_metadata
2022-12-27T11:27:25.9855720Z     call_subprocess(
2022-12-27T11:27:25.9857480Z   File "/private/var/folders/51/hd414ycd67n82196sw51xqtc0000gn/T/cibw-run-uzpfqnsj/cp39-macosx_arm64/build/venv/lib/python3.9/site-packages/pip/_internal/utils/subprocess.py", line 224, in call_subprocess
2022-12-27T11:27:25.9857960Z     raise error
2022-12-27T11:27:25.9858410Z pip._internal.exceptions.InstallationSubprocessError: python setup.py egg_info exited with 1
2022-12-27T11:27:25.9858790Z 
2022-12-27T11:27:25.9858990Z The above exception was the direct cause of the following exception:
2022-12-27T11:27:25.9859230Z 
2022-12-27T11:27:25.9859340Z Traceback (most recent call last):
2022-12-27T11:27:25.9861280Z   File "/private/var/folders/51/hd414ycd67n82196sw51xqtc0000gn/T/cibw-run-uzpfqnsj/cp39-macosx_arm64/build/venv/lib/python3.9/site-packages/pip/_internal/cli/base_command.py", line 160, in exc_logging_wrapper
2022-12-27T11:27:25.9861850Z     status = run_func(*args)
2022-12-27T11:27:25.9862630Z   File "/private/var/folders/51/hd414ycd67n82196sw51xqtc0000gn/T/cibw-run-uzpfqnsj/cp39-macosx_arm64/build/venv/lib/python3.9/site-packages/pip/_internal/cli/req_command.py", line 247, in wrapper
2022-12-27T11:27:25.9863160Z     return func(self, options, args)
2022-12-27T11:27:25.9864120Z   File "/private/var/folders/51/hd414ycd67n82196sw51xqtc0000gn/T/cibw-run-uzpfqnsj/cp39-macosx_arm64/build/venv/lib/python3.9/site-packages/pip/_internal/commands/wheel.py", line 170, in run
2022-12-27T11:27:25.9864620Z     requirement_set = resolver.resolve(reqs, check_supported_wheels=True)
2022-12-27T11:27:25.9866160Z   File "/private/var/folders/51/hd414ycd67n82196sw51xqtc0000gn/T/cibw-run-uzpfqnsj/cp39-macosx_arm64/build/venv/lib/python3.9/site-packages/pip/_internal/resolution/resolvelib/resolver.py", line 73, in resolve
2022-12-27T11:27:25.9866700Z     collected = self.factory.collect_root_requirements(root_reqs)
2022-12-27T11:27:25.9867550Z   File "/private/var/folders/51/hd414ycd67n82196sw51xqtc0000gn/T/cibw-run-uzpfqnsj/cp39-macosx_arm64/build/venv/lib/python3.9/site-packages/pip/_internal/resolution/resolvelib/factory.py", line 491, in collect_root_requirements
2022-12-27T11:27:25.9868360Z     req = self._make_requirement_from_install_req(
2022-12-27T11:27:25.9869230Z   File "/private/var/folders/51/hd414ycd67n82196sw51xqtc0000gn/T/cibw-run-uzpfqnsj/cp39-macosx_arm64/build/venv/lib/python3.9/site-packages/pip/_internal/resolution/resolvelib/factory.py", line 453, in _make_requirement_from_install_req
2022-12-27T11:27:25.9869810Z     cand = self._make_candidate_from_link(
2022-12-27T11:27:25.9870630Z   File "/private/var/folders/51/hd414ycd67n82196sw51xqtc0000gn/T/cibw-run-uzpfqnsj/cp39-macosx_arm64/build/venv/lib/python3.9/site-packages/pip/_internal/resolution/resolvelib/factory.py", line 206, in _make_candidate_from_link
2022-12-27T11:27:25.9871250Z     self._link_candidate_cache[link] = LinkCandidate(
2022-12-27T11:27:25.9872040Z   File "/private/var/folders/51/hd414ycd67n82196sw51xqtc0000gn/T/cibw-run-uzpfqnsj/cp39-macosx_arm64/build/venv/lib/python3.9/site-packages/pip/_internal/resolution/resolvelib/candidates.py", line 297, in __init__
2022-12-27T11:27:25.9873050Z     super().__init__(
2022-12-27T11:27:25.9873830Z   File "/private/var/folders/51/hd414ycd67n82196sw51xqtc0000gn/T/cibw-run-uzpfqnsj/cp39-macosx_arm64/build/venv/lib/python3.9/site-packages/pip/_internal/resolution/resolvelib/candidates.py", line 162, in __init__
2022-12-27T11:27:25.9874350Z     self.dist = self._prepare()
2022-12-27T11:27:25.9875090Z   File "/private/var/folders/51/hd414ycd67n82196sw51xqtc0000gn/T/cibw-run-uzpfqnsj/cp39-macosx_arm64/build/venv/lib/python3.9/site-packages/pip/_internal/resolution/resolvelib/candidates.py", line 231, in _prepare
2022-12-27T11:27:25.9875580Z     dist = self._prepare_distribution()
2022-12-27T11:27:25.9876400Z   File "/private/var/folders/51/hd414ycd67n82196sw51xqtc0000gn/T/cibw-run-uzpfqnsj/cp39-macosx_arm64/build/venv/lib/python3.9/site-packages/pip/_internal/resolution/resolvelib/candidates.py", line 308, in _prepare_distribution
2022-12-27T11:27:25.9877020Z     return preparer.prepare_linked_requirement(self._ireq, parallel_builds=True)
2022-12-27T11:27:25.9877970Z   File "/private/var/folders/51/hd414ycd67n82196sw51xqtc0000gn/T/cibw-run-uzpfqnsj/cp39-macosx_arm64/build/venv/lib/python3.9/site-packages/pip/_internal/operations/prepare.py", line 491, in prepare_linked_requirement
2022-12-27T11:27:25.9878570Z     return self._prepare_linked_requirement(req, parallel_builds)
2022-12-27T11:27:25.9879410Z   File "/private/var/folders/51/hd414ycd67n82196sw51xqtc0000gn/T/cibw-run-uzpfqnsj/cp39-macosx_arm64/build/venv/lib/python3.9/site-packages/pip/_internal/operations/prepare.py", line 577, in _prepare_linked_requirement
2022-12-27T11:27:25.9879900Z     dist = _get_prepared_distribution(
2022-12-27T11:27:25.9881280Z   File "/private/var/folders/51/hd414ycd67n82196sw51xqtc0000gn/T/cibw-run-uzpfqnsj/cp39-macosx_arm64/build/venv/lib/python3.9/site-packages/pip/_internal/operations/prepare.py", line 69, in _get_prepared_distribution
2022-12-27T11:27:25.9881910Z     abstract_dist.prepare_distribution_metadata(
2022-12-27T11:27:25.9882770Z   File "/private/var/folders/51/hd414ycd67n82196sw51xqtc0000gn/T/cibw-run-uzpfqnsj/cp39-macosx_arm64/build/venv/lib/python3.9/site-packages/pip/_internal/distributions/sdist.py", line 61, in prepare_distribution_metadata
2022-12-27T11:27:25.9883330Z     self.req.prepare_metadata()
2022-12-27T11:27:25.9884250Z   File "/private/var/folders/51/hd414ycd67n82196sw51xqtc0000gn/T/cibw-run-uzpfqnsj/cp39-macosx_arm64/build/venv/lib/python3.9/site-packages/pip/_internal/req/req_install.py", line 541, in prepare_metadata
2022-12-27T11:27:25.9884760Z     self.metadata_directory = generate_metadata_legacy(
2022-12-27T11:27:25.9885590Z   File "/private/var/folders/51/hd414ycd67n82196sw51xqtc0000gn/T/cibw-run-uzpfqnsj/cp39-macosx_arm64/build/venv/lib/python3.9/site-packages/pip/_internal/operations/build/metadata_legacy.py", line 71, in generate_metadata
2022-12-27T11:27:25.9886240Z     raise MetadataGenerationFailed(package_details=details) from error
2022-12-27T11:27:25.9886730Z pip._internal.exceptions.MetadataGenerationFailed: metadata generation failed
2022-12-27T11:27:25.9887490Z Removed file:///Users/runner/actions-runner/_work/python.build/python.build/build_lxml201039/lxml-2.0.10 from build tracker '/private/var/folders/51/hd414ycd67n82196sw51xqtc0000gn/T/pip-build-tracker-xget3g37'
2022-12-27T11:27:25.9888450Z Removed build tracker: '/private/var/folders/51/hd414ycd67n82196sw51xqtc0000gn/T/pip-build-tracker-xget3g37'
2022-12-27T11:27:26.0715370Z ##[endgroup]
2022-12-27T11:27:26.0716040Z                                                               [31m✕ [0m1.20s
2022-12-27T11:27:26.0754910Z ##[error]Command ['python', '-m', 'pip', 'wheel', '/Users/runner/actions-runner/_work/python.build/python.build/build_lxml201039/lxml-2.0.10', '--wheel-dir=/private/var/folders/51/hd414ycd67n82196sw51xqtc0000gn/T/cibw-run-uzpfqnsj/cp39-macosx_arm64/built_wheel', '--no-deps', '-vvv'] failed with code 1. None
2022-12-27T11:27:26.0764120Z 
2022-12-27T11:27:26.1506660Z ##[error]Process completed with exit code 1.
2022-12-27T11:27:26.1556620Z ##[group]Run rm -rf build_lxml201039 wheelsout
2022-12-27T11:27:26.1557040Z [36;1mrm -rf build_lxml201039 wheelsout[0m
2022-12-27T11:27:26.1584440Z shell: /bin/bash -e {0}
2022-12-27T11:27:26.1584690Z env:
2022-12-27T11:27:26.1585220Z   pythonLocation: /Users/runner/hostedtoolcache/Python/3.9.16/x64
2022-12-27T11:27:26.1585680Z   PKG_CONFIG_PATH: /Users/runner/hostedtoolcache/Python/3.9.16/x64/lib/pkgconfig
2022-12-27T11:27:26.1586070Z   Python_ROOT_DIR: /Users/runner/hostedtoolcache/Python/3.9.16/x64
2022-12-27T11:27:26.1586490Z   Python2_ROOT_DIR: /Users/runner/hostedtoolcache/Python/3.9.16/x64
2022-12-27T11:27:26.1586930Z   Python3_ROOT_DIR: /Users/runner/hostedtoolcache/Python/3.9.16/x64
2022-12-27T11:27:26.1587290Z ##[endgroup]
2022-12-27T11:27:26.2424330Z Cleaning up orphan processes
