2022-12-27T01:50:55.8373065Z Requested labels: self-hosted, macOS, X64
2022-12-27T01:50:55.8373147Z Job defined at: kilnbuild/python.build/.github/workflows/mac_arm_build.yml@refs/heads/main
2022-12-27T01:50:55.8373180Z Waiting for a runner to pick up this job...
2022-12-27T01:53:53.8637800Z Job is about to start running on the runner: s1 (organization)
2022-12-27T01:53:57.4735290Z Current runner version: '2.300.2'
2022-12-27T01:53:57.4740680Z Runner name: 's1'
2022-12-27T01:53:57.4740930Z Runner group name: 'Default'
2022-12-27T01:53:57.4741450Z Machine name: 's1'
2022-12-27T01:53:57.4743040Z ##[group]GITHUB_TOKEN Permissions
2022-12-27T01:53:57.4743480Z Actions: write
2022-12-27T01:53:57.4743620Z Checks: write
2022-12-27T01:53:57.4743760Z Contents: write
2022-12-27T01:53:57.4743900Z Deployments: write
2022-12-27T01:53:57.4744040Z Discussions: write
2022-12-27T01:53:57.4744180Z Issues: write
2022-12-27T01:53:57.4744310Z Metadata: read
2022-12-27T01:53:57.4744440Z Packages: write
2022-12-27T01:53:57.4744580Z Pages: write
2022-12-27T01:53:57.4744720Z PullRequests: write
2022-12-27T01:53:57.4744880Z RepositoryProjects: write
2022-12-27T01:53:57.4745040Z SecurityEvents: write
2022-12-27T01:53:57.4745190Z Statuses: write
2022-12-27T01:53:57.4745330Z ##[endgroup]
2022-12-27T01:53:57.4747860Z Secret source: Actions
2022-12-27T01:53:57.4748190Z Prepare workflow directory
2022-12-27T01:53:57.5413530Z Prepare all required actions
2022-12-27T01:53:57.5537610Z Getting action download info
2022-12-27T01:53:57.9826440Z Download action repository 'actions/setup-python@v4' (SHA:5ccb29d8773c3f3f653e1705f474dfaa8a06a912)
2022-12-27T01:53:59.3385230Z Download action repository 'actions/upload-artifact@v3' (SHA:83fd05a356d7e2593de66fc9913b3002723633cb)
2022-12-27T01:54:00.6304270Z ##[group]Run echo '{
2022-12-27T01:54:00.6304630Z [36;1mecho '{[0m
2022-12-27T01:54:00.6304900Z [36;1m  "environment_variables": "GRPC_PYTHON_BUILD_WITH_CYTHON=1 GRPC_BUILD_WITH_BORING_SSL_ASM='' GRPC_PYTHON_BUILD_SYSTEM_OPENSSL=TRUE",[0m
2022-12-27T01:54:00.6305110Z [36;1m  "package_name": "grpcio",[0m
2022-12-27T01:54:00.6305370Z [36;1m  "package_url": "https://files.pythonhosted.org/packages/ed/38/2171e323136ad6cab50d6cadbdc8fecd468c6aa2795b4a699743d283bed6/grpcio-1.2.1.tar.gz",[0m
2022-12-27T01:54:00.6305590Z [36;1m  "package_version": "1.2.1",[0m
2022-12-27T01:54:00.6305710Z [36;1m  "python_version": "3.11",[0m
2022-12-27T01:54:00.6305840Z [36;1m  "use_ccache": "true"[0m
2022-12-27T01:54:00.6305940Z [36;1m}'[0m
2022-12-27T01:54:00.6324990Z shell: /bin/bash -e {0}
2022-12-27T01:54:00.6325170Z ##[endgroup]
2022-12-27T01:54:00.6541840Z {
2022-12-27T01:54:00.6543340Z   "environment_variables": "GRPC_PYTHON_BUILD_WITH_CYTHON=1 GRPC_BUILD_WITH_BORING_SSL_ASM= GRPC_PYTHON_BUILD_SYSTEM_OPENSSL=TRUE",
2022-12-27T01:54:00.6543630Z   "package_name": "grpcio",
2022-12-27T01:54:00.6544380Z   "package_url": "https://files.pythonhosted.org/packages/ed/38/2171e323136ad6cab50d6cadbdc8fecd468c6aa2795b4a699743d283bed6/grpcio-1.2.1.tar.gz",
2022-12-27T01:54:00.6544720Z   "package_version": "1.2.1",
2022-12-27T01:54:00.6544890Z   "python_version": "3.11",
2022-12-27T01:54:00.6545070Z   "use_ccache": "true"
2022-12-27T01:54:00.6545230Z }
2022-12-27T01:54:00.6759760Z ##[group]Run actions/setup-python@v4
2022-12-27T01:54:00.6760030Z with:
2022-12-27T01:54:00.6760250Z   python-version: 3.11
2022-12-27T01:54:00.6760450Z   check-latest: false
2022-12-27T01:54:00.6760790Z   token: ***
2022-12-27T01:54:00.6760980Z   update-environment: true
2022-12-27T01:54:00.6761140Z ##[endgroup]
2022-12-27T01:54:00.8003630Z ##[group]Installed versions
2022-12-27T01:54:00.8045020Z Successfully set up CPython (3.11.1)
2022-12-27T01:54:00.8045960Z ##[endgroup]
2022-12-27T01:54:00.8193300Z ##[group]Run if [ "true" == "true" ]
2022-12-27T01:54:00.8193570Z [36;1mif [ "true" == "true" ][0m
2022-12-27T01:54:00.8193760Z [36;1mthen[0m
2022-12-27T01:54:00.8194060Z [36;1m  echo "CCACHE_PATH_PREPEND=/usr/local/opt/ccache/libexec" >> $GITHUB_OUTPUT[0m
2022-12-27T01:54:00.8194250Z [36;1melse[0m
2022-12-27T01:54:00.8194460Z [36;1m  echo "CCACHE_PATH_PREPEND=" >> $GITHUB_OUTPUT[0m
2022-12-27T01:54:00.8194660Z [36;1mfi[0m
2022-12-27T01:54:00.8212890Z shell: /bin/bash -e {0}
2022-12-27T01:54:00.8213070Z env:
2022-12-27T01:54:00.8213300Z   pythonLocation: /Users/runner/hostedtoolcache/Python/3.11.1/x64
2022-12-27T01:54:00.8213570Z   PKG_CONFIG_PATH: /Users/runner/hostedtoolcache/Python/3.11.1/x64/lib/pkgconfig
2022-12-27T01:54:00.8214280Z   Python_ROOT_DIR: /Users/runner/hostedtoolcache/Python/3.11.1/x64
2022-12-27T01:54:00.8214580Z   Python2_ROOT_DIR: /Users/runner/hostedtoolcache/Python/3.11.1/x64
2022-12-27T01:54:00.8214870Z   Python3_ROOT_DIR: /Users/runner/hostedtoolcache/Python/3.11.1/x64
2022-12-27T01:54:00.8215050Z ##[endgroup]
2022-12-27T01:54:00.8323050Z ##[group]Run echo "BUILD_NAME=$(echo grpcio_1.2.1_3.11 | tr -dc '[:alnum:]\n\r' | tr '[:upper:]' '[:lower:]')" >> $GITHUB_OUTPUT
2022-12-27T01:54:00.8323410Z [36;1mecho "BUILD_NAME=$(echo grpcio_1.2.1_3.11 | tr -dc '[:alnum:]\n\r' | tr '[:upper:]' '[:lower:]')" >> $GITHUB_OUTPUT[0m
2022-12-27T01:54:00.8338700Z shell: /bin/bash -e {0}
2022-12-27T01:54:00.8338900Z env:
2022-12-27T01:54:00.8339130Z   pythonLocation: /Users/runner/hostedtoolcache/Python/3.11.1/x64
2022-12-27T01:54:00.8339370Z   PKG_CONFIG_PATH: /Users/runner/hostedtoolcache/Python/3.11.1/x64/lib/pkgconfig
2022-12-27T01:54:00.8339710Z   Python_ROOT_DIR: /Users/runner/hostedtoolcache/Python/3.11.1/x64
2022-12-27T01:54:00.8340010Z   Python2_ROOT_DIR: /Users/runner/hostedtoolcache/Python/3.11.1/x64
2022-12-27T01:54:00.8340230Z   Python3_ROOT_DIR: /Users/runner/hostedtoolcache/Python/3.11.1/x64
2022-12-27T01:54:00.8340440Z ##[endgroup]
2022-12-27T01:54:00.8485790Z ##[group]Run echo "PYTHON_NO_DOTS=$(echo 3.11 | tr -dc '[:alnum:]\n\r' | tr '[:upper:]' '[:lower:]')" >> $GITHUB_OUTPUT
2022-12-27T01:54:00.8486250Z [36;1mecho "PYTHON_NO_DOTS=$(echo 3.11 | tr -dc '[:alnum:]\n\r' | tr '[:upper:]' '[:lower:]')" >> $GITHUB_OUTPUT[0m
2022-12-27T01:54:00.8501910Z shell: /bin/bash -e {0}
2022-12-27T01:54:00.8502130Z env:
2022-12-27T01:54:00.8502320Z   pythonLocation: /Users/runner/hostedtoolcache/Python/3.11.1/x64
2022-12-27T01:54:00.8502560Z   PKG_CONFIG_PATH: /Users/runner/hostedtoolcache/Python/3.11.1/x64/lib/pkgconfig
2022-12-27T01:54:00.8503230Z   Python_ROOT_DIR: /Users/runner/hostedtoolcache/Python/3.11.1/x64
2022-12-27T01:54:00.8503460Z   Python2_ROOT_DIR: /Users/runner/hostedtoolcache/Python/3.11.1/x64
2022-12-27T01:54:00.8503730Z   Python3_ROOT_DIR: /Users/runner/hostedtoolcache/Python/3.11.1/x64
2022-12-27T01:54:00.8503900Z ##[endgroup]
2022-12-27T01:54:00.8617840Z ##[group]Run rm -rf build_grpcio121311
2022-12-27T01:54:00.8618170Z [36;1mrm -rf build_grpcio121311[0m
2022-12-27T01:54:00.8618370Z [36;1mmkdir build_grpcio121311[0m
2022-12-27T01:54:00.8618520Z [36;1mcd build_grpcio121311[0m
2022-12-27T01:54:00.8618870Z [36;1m/usr/local/bin/wget --quiet https://files.pythonhosted.org/packages/ed/38/2171e323136ad6cab50d6cadbdc8fecd468c6aa2795b4a699743d283bed6/grpcio-1.2.1.tar.gz[0m
2022-12-27T01:54:00.8619170Z [36;1mtar xf *.tar.gz[0m
2022-12-27T01:54:00.8619320Z [36;1mcd grpcio-*/[0m
2022-12-27T01:54:00.8619510Z [36;1mpython -m pip install cibuildwheel==2.11.3[0m
2022-12-27T01:54:00.8619730Z [36;1mpython -m cibuildwheel --output-dir ../wheelsout[0m
2022-12-27T01:54:00.8634910Z shell: /bin/bash -e {0}
2022-12-27T01:54:00.8635070Z env:
2022-12-27T01:54:00.8635310Z   pythonLocation: /Users/runner/hostedtoolcache/Python/3.11.1/x64
2022-12-27T01:54:00.8635680Z   PKG_CONFIG_PATH: /Users/runner/hostedtoolcache/Python/3.11.1/x64/lib/pkgconfig
2022-12-27T01:54:00.8635900Z   Python_ROOT_DIR: /Users/runner/hostedtoolcache/Python/3.11.1/x64
2022-12-27T01:54:00.8636140Z   Python2_ROOT_DIR: /Users/runner/hostedtoolcache/Python/3.11.1/x64
2022-12-27T01:54:00.8636380Z   Python3_ROOT_DIR: /Users/runner/hostedtoolcache/Python/3.11.1/x64
2022-12-27T01:54:00.8636560Z   CIBW_ARCHS_MACOS: arm64
2022-12-27T01:54:00.8636760Z   CIBW_TEST_SKIP: *_arm64
2022-12-27T01:54:00.8636940Z   CIBW_BUILD: cp311-macosx_arm64
2022-12-27T01:54:00.8637100Z   CIBW_BUILD_FRONTEND: pip
2022-12-27T01:54:00.8637270Z   CIBW_BUILD_VERBOSITY: 3
2022-12-27T01:54:00.8637680Z   CIBW_ENVIRONMENT_MACOS: GRPC_PYTHON_BUILD_WITH_CYTHON=1 GRPC_BUILD_WITH_BORING_SSL_ASM='' GRPC_PYTHON_BUILD_SYSTEM_OPENSSL=TRUE CFLAGS="-I/usr/local/opt/openssl@3/include" LDFLAGS="-L/usr/local/opt/openssl@3/lib" CPPFLAGS="-I/usr/local/opt/openssl@3/include" MAKEFLAGS="-j$(sysctl -n hw.logicalcpu)" PATH=/usr/local/opt/ccache/libexec:$PATH
2022-12-27T01:54:00.8638300Z   CIBW_BEFORE_BUILD: pip install Cython; if [[ -f requirements.txt ]]; then pip install -r requirements.txt; fi
2022-12-27T01:54:00.8638540Z   MAKEFLAGS: -j$(sysctl -n hw.logicalcpu)
2022-12-27T01:54:00.8638690Z ##[endgroup]
2022-12-27T01:54:01.9346940Z Requirement already satisfied: cibuildwheel==2.11.3 in /Library/Frameworks/Python.framework/Versions/3.11/lib/python3.11/site-packages (2.11.3)
2022-12-27T01:54:01.9663430Z Requirement already satisfied: bashlex!=0.13 in /Library/Frameworks/Python.framework/Versions/3.11/lib/python3.11/site-packages (from cibuildwheel==2.11.3) (0.16)
2022-12-27T01:54:01.9670130Z Requirement already satisfied: bracex in /Library/Frameworks/Python.framework/Versions/3.11/lib/python3.11/site-packages (from cibuildwheel==2.11.3) (2.3.post1)
2022-12-27T01:54:01.9677000Z Requirement already satisfied: certifi in /Library/Frameworks/Python.framework/Versions/3.11/lib/python3.11/site-packages (from cibuildwheel==2.11.3) (2022.12.7)
2022-12-27T01:54:01.9684200Z Requirement already satisfied: filelock in /Library/Frameworks/Python.framework/Versions/3.11/lib/python3.11/site-packages (from cibuildwheel==2.11.3) (3.8.2)
2022-12-27T01:54:01.9693820Z Requirement already satisfied: packaging>=20.9 in /Library/Frameworks/Python.framework/Versions/3.11/lib/python3.11/site-packages (from cibuildwheel==2.11.3) (22.0)
2022-12-27T01:54:01.9702830Z Requirement already satisfied: platformdirs in /Library/Frameworks/Python.framework/Versions/3.11/lib/python3.11/site-packages (from cibuildwheel==2.11.3) (2.6.0)
2022-12-27T01:54:02.2028310Z 
2022-12-27T01:54:02.2028580Z      _ _       _ _   _       _           _
2022-12-27T01:54:02.2029040Z  ___|_| |_ _ _|_| |_| |_ _ _| |_ ___ ___| |
2022-12-27T01:54:02.2029730Z |  _| | . | | | | | . | | | |   | -_| -_| |
2022-12-27T01:54:02.2029970Z |___|_|___|___|_|_|___|_____|_|_|___|___|_|
2022-12-27T01:54:02.2030850Z 
2022-12-27T01:54:02.2031050Z cibuildwheel version 2.11.3
2022-12-27T01:54:02.2031200Z 
2022-12-27T01:54:02.2031790Z Build options:
2022-12-27T01:54:02.2032120Z   platform: macos
2022-12-27T01:54:02.2153540Z   architectures: arm64[0m
2022-12-27T01:54:02.2153980Z   build_selector: 
2022-12-27T01:54:02.2154440Z     build_config: cp311-macosx_arm64
2022-12-27T01:54:02.2154940Z     skip_config: 
2022-12-27T01:54:02.2155310Z     requires_python: None
2022-12-27T01:54:02.2155740Z     prerelease_pythons: False[0m
2022-12-27T01:54:02.2156640Z   [38;5;244mcontainer_engine: docker[0m
2022-12-27T01:54:02.2157470Z   output_dir: /Users/runner/actions-runner/_work/python.build/python.build/build_grpcio121311/wheelsout[0m
2022-12-27T01:54:02.2158330Z   package_dir: /Users/runner/actions-runner/_work/python.build/python.build/build_grpcio121311/grpcio-1.2.1[0m
2022-12-27T01:54:02.2158850Z   test_selector: 
2022-12-27T01:54:02.2159310Z     skip_config: *_arm64[0m
2022-12-27T01:54:02.2159790Z   [38;5;244mbefore_all: [0m
2022-12-27T01:54:02.2160510Z   before_build: pip install Cython; if [[ -f requirements.txt ]]; then pip install -r requirements.txt; fi[0m
2022-12-27T01:54:02.2161110Z   [38;5;244mbefore_test: [0m
2022-12-27T01:54:02.2161580Z   [38;5;244mbuild_frontend: pip[0m
2022-12-27T01:54:02.2162140Z   build_verbosity: 3[0m
2022-12-27T01:54:02.2162530Z   [38;5;244mconfig_settings: [0m
2022-12-27T01:54:02.2163240Z   [38;5;244mdependency_constraints: pinned[0m
2022-12-27T01:54:02.2163600Z   environment: 
2022-12-27T01:54:02.2163900Z     GRPC_PYTHON_BUILD_WITH_CYTHON=1
2022-12-27T01:54:02.2164330Z     GRPC_BUILD_WITH_BORING_SSL_ASM=''
2022-12-27T01:54:02.2164930Z     GRPC_PYTHON_BUILD_SYSTEM_OPENSSL=TRUE
2022-12-27T01:54:02.2165400Z     CFLAGS="-I/usr/local/opt/openssl@3/include"
2022-12-27T01:54:02.2165930Z     LDFLAGS="-L/usr/local/opt/openssl@3/lib"
2022-12-27T01:54:02.2166390Z     CPPFLAGS="-I/usr/local/opt/openssl@3/include"
2022-12-27T01:54:02.2166760Z     MAKEFLAGS="-j$(sysctl -n hw.logicalcpu)"
2022-12-27T01:54:02.2167740Z     PATH=/usr/local/opt/ccache/libexec:$PATH[0m
2022-12-27T01:54:02.2168170Z   [38;5;244mmanylinux_images: None[0m
2022-12-27T01:54:02.2168560Z   [38;5;244mmusllinux_images: None[0m
2022-12-27T01:54:02.2169030Z   [38;5;244mrepair_command: delocate-wheel --require-archs {delocate_archs} -w {dest_dir} -v {wheel}[0m
2022-12-27T01:54:02.2169480Z   [38;5;244mtest_command: [0m
2022-12-27T01:54:02.2170010Z   [38;5;244mtest_extras: [0m
2022-12-27T01:54:02.2170330Z   [38;5;244mtest_requires: [0m
2022-12-27T01:54:02.2170450Z 
2022-12-27T01:54:02.2170570Z Cache folder: /Users/runner/Library/Caches/cibuildwheel
2022-12-27T01:54:02.2176710Z 
2022-12-27T01:54:02.2176990Z Here we go!
2022-12-27T01:54:02.2177160Z 
2022-12-27T01:54:02.2226290Z 
2022-12-27T01:54:02.2226960Z [1m[34mBuilding cp311-macosx_arm64 wheel[0m
2022-12-27T01:54:02.2227310Z CPython 3.11 macOS arm64 - Apple Silicon
2022-12-27T01:54:02.2227460Z 
2022-12-27T01:54:02.2230180Z ##[group]Installing Python cp311...
2022-12-27T01:54:02.2230380Z 
2022-12-27T01:54:02.2230540Z + pkgutil --pkgs
2022-12-27T01:54:02.2328520Z ##[endgroup]
2022-12-27T01:54:02.2329550Z                                                               [32mâœ“ [0m0.01s
2022-12-27T01:54:02.2329990Z ##[group]Setting up build environment...
2022-12-27T01:54:02.2330110Z 
2022-12-27T01:54:02.2348290Z + /Library/Frameworks/Python.framework/Versions/3.11/bin/python -sS /Users/runner/Library/Caches/cibuildwheel/virtualenv-20.17.0.pyz --activators= --no-periodic-update --pip=22.3.1 --setuptools=65.6.3 --wheel=0.38.4 --symlink-app-data --python /Library/Frameworks/Python.framework/Versions/3.11/bin/python3 /private/var/folders/51/hd414ycd67n82196sw51xqtc0000gn/T/cibw-run-0f12njtv/cp311-macosx_arm64/build/venv
2022-12-27T01:54:02.4220390Z created virtual environment CPython3.11.1.final.0-64 in 48ms
2022-12-27T01:54:02.4221120Z   creator CPython3Posix(dest=/private/var/folders/51/hd414ycd67n82196sw51xqtc0000gn/T/cibw-run-0f12njtv/cp311-macosx_arm64/build/venv, clear=False, no_vcs_ignore=False, global=False)
2022-12-27T01:54:02.4221840Z   seeder FromAppData(download=False, pip=22.3.1, setuptools=65.6.3, wheel=0.38.4, via=symlink, app_data_dir=/Users/runner/Library/Application Support/virtualenv)
2022-12-27T01:54:02.4222270Z     added seed packages: pip==22.3.1, setuptools==65.6.3, wheel==0.38.4
2022-12-27T01:54:02.4348340Z + python -m pip install --upgrade pip -c /Library/Frameworks/Python.framework/Versions/3.11/lib/python3.11/site-packages/cibuildwheel/resources/constraints-python311.txt
2022-12-27T01:54:02.7088770Z Requirement already satisfied: pip in ./lib/python3.11/site-packages (22.3.1)
2022-12-27T01:54:02.8366730Z + which pip
2022-12-27T01:54:02.8383080Z /private/var/folders/51/hd414ycd67n82196sw51xqtc0000gn/T/cibw-run-0f12njtv/cp311-macosx_arm64/build/venv/bin/pip
2022-12-27T01:54:02.8385560Z + pip --version
2022-12-27T01:54:03.0351470Z pip 22.3.1 from /private/var/folders/51/hd414ycd67n82196sw51xqtc0000gn/T/cibw-run-0f12njtv/cp311-macosx_arm64/build/venv/lib/python3.11/site-packages/pip (python 3.11)
2022-12-27T01:54:03.0578510Z + which pip
2022-12-27T01:54:03.0603580Z + which python
2022-12-27T01:54:03.0620560Z /private/var/folders/51/hd414ycd67n82196sw51xqtc0000gn/T/cibw-run-0f12njtv/cp311-macosx_arm64/build/venv/bin/python
2022-12-27T01:54:03.0622120Z + python --version
2022-12-27T01:54:03.0675660Z Python 3.11.1
2022-12-27T01:54:03.0678540Z + which python
2022-12-27T01:54:03.0727530Z ##[endgroup]
2022-12-27T01:54:03.0728030Z                                                               [32mâœ“ [0m0.84s
2022-12-27T01:54:03.0728570Z ##[group]Installing build tools...
2022-12-27T01:54:03.0728680Z 
2022-12-27T01:54:03.0729100Z + pip install --upgrade setuptools wheel delocate -c /Library/Frameworks/Python.framework/Versions/3.11/lib/python3.11/site-packages/cibuildwheel/resources/constraints-python311.txt
2022-12-27T01:54:03.3639160Z Requirement already satisfied: setuptools in /private/var/folders/51/hd414ycd67n82196sw51xqtc0000gn/T/cibw-run-0f12njtv/cp311-macosx_arm64/build/venv/lib/python3.11/site-packages (65.6.3)
2022-12-27T01:54:03.5411910Z Requirement already satisfied: wheel in /private/var/folders/51/hd414ycd67n82196sw51xqtc0000gn/T/cibw-run-0f12njtv/cp311-macosx_arm64/build/venv/lib/python3.11/site-packages (0.38.4)
2022-12-27T01:54:03.5797830Z Collecting delocate
2022-12-27T01:54:03.5818830Z   Using cached delocate-0.10.3-py3-none-any.whl (142 kB)
2022-12-27T01:54:03.6073280Z Collecting packaging>=20.9
2022-12-27T01:54:03.6091890Z   Using cached packaging-21.3-py3-none-any.whl (40 kB)
2022-12-27T01:54:03.6240970Z Collecting typing-extensions
2022-12-27T01:54:03.6259780Z   Using cached typing_extensions-4.4.0-py3-none-any.whl (26 kB)
2022-12-27T01:54:03.6572760Z Collecting pyparsing!=3.0.5,>=2.0.2
2022-12-27T01:54:03.6590700Z   Using cached pyparsing-3.0.9-py3-none-any.whl (98 kB)
2022-12-27T01:54:03.7170000Z Installing collected packages: typing-extensions, pyparsing, packaging, delocate
2022-12-27T01:54:03.8520410Z Successfully installed delocate-0.10.3 packaging-21.3 pyparsing-3.0.9 typing-extensions-4.4.0
2022-12-27T01:54:03.8972020Z ##[endgroup]
2022-12-27T01:54:03.8972850Z                                                               [32mâœ“ [0m0.82s
2022-12-27T01:54:03.8973380Z ##[group]Running before_build...
2022-12-27T01:54:03.8973530Z 
2022-12-27T01:54:03.8978690Z + pip install Cython; if [[ -f requirements.txt ]]; then pip install -r requirements.txt; fi
2022-12-27T01:54:04.4803260Z Collecting Cython
2022-12-27T01:54:04.4846020Z   Using cached Cython-0.29.32-py2.py3-none-any.whl (986 kB)
2022-12-27T01:54:04.5257500Z Installing collected packages: Cython
2022-12-27T01:54:04.9418380Z Successfully installed Cython-0.29.32
2022-12-27T01:54:05.5924180Z Collecting coverage>=4.0
2022-12-27T01:54:05.5949570Z   Using cached coverage-7.0.1-cp311-cp311-macosx_10_9_x86_64.whl (188 kB)
2022-12-27T01:54:05.5989300Z Requirement already satisfied: cython>=0.23 in /private/var/folders/51/hd414ycd67n82196sw51xqtc0000gn/T/cibw-run-0f12njtv/cp311-macosx_arm64/build/venv/lib/python3.11/site-packages (from -r requirements.txt (line 3)) (0.29.32)
2022-12-27T01:54:05.6117550Z Collecting enum34>=1.0.4
2022-12-27T01:54:05.6136050Z   Using cached enum34-1.1.10-py3-none-any.whl (11 kB)
2022-12-27T01:54:05.6263280Z Collecting futures>=2.2.0
2022-12-27T01:54:05.6264680Z   Using cached futures-3.0.5-py3-none-any.whl
2022-12-27T01:54:05.8592700Z Collecting protobuf>=3.2.0
2022-12-27T01:54:05.8622000Z   Using cached protobuf-4.21.12-cp37-abi3-macosx_10_9_universal2.whl (486 kB)
2022-12-27T01:54:05.8793790Z Collecting six>=1.10
2022-12-27T01:54:05.8811500Z   Using cached six-1.16.0-py2.py3-none-any.whl (11 kB)
2022-12-27T01:54:05.8831530Z Requirement already satisfied: wheel>=0.29 in /private/var/folders/51/hd414ycd67n82196sw51xqtc0000gn/T/cibw-run-0f12njtv/cp311-macosx_arm64/build/venv/lib/python3.11/site-packages (from -r requirements.txt (line 8)) (0.38.4)
2022-12-27T01:54:05.9245270Z Installing collected packages: futures, enum34, six, protobuf, coverage
2022-12-27T01:54:06.1732370Z Successfully installed coverage-7.0.1 enum34-1.1.10 futures-3.0.5 protobuf-4.21.12 six-1.16.0
2022-12-27T01:54:06.2253630Z ##[endgroup]
2022-12-27T01:54:06.2254350Z                                                               [32mâœ“ [0m2.33s
2022-12-27T01:54:06.2255010Z ##[group]Building wheel...
2022-12-27T01:54:06.2255150Z 
2022-12-27T01:54:06.2259300Z + python -m pip wheel /Users/runner/actions-runner/_work/python.build/python.build/build_grpcio121311/grpcio-1.2.1 --wheel-dir=/private/var/folders/51/hd414ycd67n82196sw51xqtc0000gn/T/cibw-run-0f12njtv/cp311-macosx_arm64/built_wheel --no-deps -vvv
2022-12-27T01:54:06.4852110Z Created temporary directory: /private/var/folders/51/hd414ycd67n82196sw51xqtc0000gn/T/pip-ephem-wheel-cache-cqwr8ko0
2022-12-27T01:54:06.4857110Z Created temporary directory: /private/var/folders/51/hd414ycd67n82196sw51xqtc0000gn/T/pip-build-tracker-258ci44r
2022-12-27T01:54:06.4859190Z Initialized build tracking at /private/var/folders/51/hd414ycd67n82196sw51xqtc0000gn/T/pip-build-tracker-258ci44r
2022-12-27T01:54:06.4860650Z Created build tracker: /private/var/folders/51/hd414ycd67n82196sw51xqtc0000gn/T/pip-build-tracker-258ci44r
2022-12-27T01:54:06.4862030Z Entered build tracker: /private/var/folders/51/hd414ycd67n82196sw51xqtc0000gn/T/pip-build-tracker-258ci44r
2022-12-27T01:54:06.4865160Z Created temporary directory: /private/var/folders/51/hd414ycd67n82196sw51xqtc0000gn/T/pip-wheel-m7983e2u
2022-12-27T01:54:06.4870450Z Created temporary directory: /private/var/folders/51/hd414ycd67n82196sw51xqtc0000gn/T/pip-ephem-wheel-cache-svp5prlx
2022-12-27T01:54:06.4946380Z Processing /Users/runner/actions-runner/_work/python.build/python.build/build_grpcio121311/grpcio-1.2.1
2022-12-27T01:54:06.4953290Z   Added file:///Users/runner/actions-runner/_work/python.build/python.build/build_grpcio121311/grpcio-1.2.1 to build tracker '/private/var/folders/51/hd414ycd67n82196sw51xqtc0000gn/T/pip-build-tracker-258ci44r'
2022-12-27T01:54:06.4957540Z   Running setup.py (path:/Users/runner/actions-runner/_work/python.build/python.build/build_grpcio121311/grpcio-1.2.1/setup.py) egg_info for package from file:///Users/runner/actions-runner/_work/python.build/python.build/build_grpcio121311/grpcio-1.2.1
2022-12-27T01:54:06.4960760Z   Created temporary directory: /private/var/folders/51/hd414ycd67n82196sw51xqtc0000gn/T/pip-pip-egg-info-e4hz4_js
2022-12-27T01:54:06.4962350Z   Preparing metadata (setup.py): started
2022-12-27T01:54:06.4964380Z   Running command python setup.py egg_info
2022-12-27T01:54:06.8788510Z   /private/var/folders/51/hd414ycd67n82196sw51xqtc0000gn/T/cibw-run-0f12njtv/cp311-macosx_arm64/build/venv/lib/python3.11/site-packages/Cython/Compiler/Main.py:369: FutureWarning: Cython directive 'language_level' not set, using 2 for now (Py2). This will change in a later release! File: /Users/runner/actions-runner/_work/python.build/python.build/build_grpcio121311/grpcio-1.2.1/src/python/grpcio/grpc/_cython/cygrpc.pxd
2022-12-27T01:54:06.8789340Z     tree = Parsing.p_module(s, pxd, full_module_name)
2022-12-27T01:54:06.9194110Z   warning: src/python/grpcio/grpc/_cython/_cygrpc/grpc.pxi:150:13: 'GRPC_ARG_PRIMARY_USER_AGENT_STRING' redeclared
2022-12-27T01:54:07.6479520Z   Compiling src/python/grpcio/grpc/_cython/cygrpc.pyx because it depends on /private/var/folders/51/hd414ycd67n82196sw51xqtc0000gn/T/cibw-run-0f12njtv/cp311-macosx_arm64/build/venv/lib/python3.11/site-packages/Cython/Includes/libc/time.pxd.
2022-12-27T01:54:07.6480370Z   [1/1] Cythonizing src/python/grpcio/grpc/_cython/cygrpc.pyx
2022-12-27T01:54:07.6675460Z   running egg_info
2022-12-27T01:54:07.6680690Z   creating /private/var/folders/51/hd414ycd67n82196sw51xqtc0000gn/T/pip-pip-egg-info-e4hz4_js/grpcio.egg-info
2022-12-27T01:54:07.6694970Z   writing /private/var/folders/51/hd414ycd67n82196sw51xqtc0000gn/T/pip-pip-egg-info-e4hz4_js/grpcio.egg-info/PKG-INFO
2022-12-27T01:54:07.6698770Z   writing dependency_links to /private/var/folders/51/hd414ycd67n82196sw51xqtc0000gn/T/pip-pip-egg-info-e4hz4_js/grpcio.egg-info/dependency_links.txt
2022-12-27T01:54:07.6702420Z   writing requirements to /private/var/folders/51/hd414ycd67n82196sw51xqtc0000gn/T/pip-pip-egg-info-e4hz4_js/grpcio.egg-info/requires.txt
2022-12-27T01:54:07.6705100Z   writing top-level names to /private/var/folders/51/hd414ycd67n82196sw51xqtc0000gn/T/pip-pip-egg-info-e4hz4_js/grpcio.egg-info/top_level.txt
2022-12-27T01:54:07.6707640Z   writing manifest file '/private/var/folders/51/hd414ycd67n82196sw51xqtc0000gn/T/pip-pip-egg-info-e4hz4_js/grpcio.egg-info/SOURCES.txt'
2022-12-27T01:54:07.6794020Z   reading manifest file '/private/var/folders/51/hd414ycd67n82196sw51xqtc0000gn/T/pip-pip-egg-info-e4hz4_js/grpcio.egg-info/SOURCES.txt'
2022-12-27T01:54:07.6797020Z   reading manifest template 'PYTHON-MANIFEST.in'
2022-12-27T01:54:07.6823730Z   warning: no files found matching '*.h' under directory 'src/python/grpcio/grpc'
2022-12-27T01:54:07.6885870Z   warning: no files found matching '*.python' under directory 'src/python/grpcio/grpc'
2022-12-27T01:54:07.6900620Z   warning: no previously-included files matching '*.so' found under directory 'src/python/grpcio/grpc/_cython'
2022-12-27T01:54:07.6903650Z   warning: no previously-included files matching '*.pyd' found under directory 'src/python/grpcio/grpc/_cython'
2022-12-27T01:54:07.7379530Z   warning: no files found matching 'src/python/grpcio/precompiled.py'
2022-12-27T01:54:07.7678280Z   writing manifest file '/private/var/folders/51/hd414ycd67n82196sw51xqtc0000gn/T/pip-pip-egg-info-e4hz4_js/grpcio.egg-info/SOURCES.txt'
2022-12-27T01:54:07.8394840Z   Preparing metadata (setup.py): finished with status 'done'
2022-12-27T01:54:07.8416550Z   Source in /Users/runner/actions-runner/_work/python.build/python.build/build_grpcio121311/grpcio-1.2.1 has version 1.2.1, which satisfies requirement grpcio==1.2.1 from file:///Users/runner/actions-runner/_work/python.build/python.build/build_grpcio121311/grpcio-1.2.1
2022-12-27T01:54:07.8419260Z   Removed grpcio==1.2.1 from file:///Users/runner/actions-runner/_work/python.build/python.build/build_grpcio121311/grpcio-1.2.1 from build tracker '/private/var/folders/51/hd414ycd67n82196sw51xqtc0000gn/T/pip-build-tracker-258ci44r'
2022-12-27T01:54:07.8435610Z Created temporary directory: /private/var/folders/51/hd414ycd67n82196sw51xqtc0000gn/T/pip-unpack-_huqfpl2
2022-12-27T01:54:07.8437310Z Building wheels for collected packages: grpcio
2022-12-27T01:54:07.8442490Z   Created temporary directory: /private/var/folders/51/hd414ycd67n82196sw51xqtc0000gn/T/pip-wheel-9v7pipgr
2022-12-27T01:54:07.8443830Z   Building wheel for grpcio (setup.py): started
2022-12-27T01:54:07.8445470Z   Destination directory: /private/var/folders/51/hd414ycd67n82196sw51xqtc0000gn/T/pip-wheel-9v7pipgr
2022-12-27T01:54:07.8446410Z   Running command python setup.py bdist_wheel
2022-12-27T01:54:08.2190650Z   running bdist_wheel
2022-12-27T01:54:08.2217240Z   running build
2022-12-27T01:54:08.2218800Z   running build_py
2022-12-27T01:54:08.2220340Z   running build_project_metadata
2022-12-27T01:54:08.2225790Z   creating python_build
2022-12-27T01:54:08.2228040Z   creating python_build/lib.macosx-11.0-arm64-cpython-311
2022-12-27T01:54:08.2229060Z   creating python_build/lib.macosx-11.0-arm64-cpython-311/grpc
2022-12-27T01:54:08.2232340Z   copying src/python/grpcio/grpc/_channel.py -> python_build/lib.macosx-11.0-arm64-cpython-311/grpc
2022-12-27T01:54:08.2235130Z   copying src/python/grpcio/grpc/_common.py -> python_build/lib.macosx-11.0-arm64-cpython-311/grpc
2022-12-27T01:54:08.2238730Z   copying src/python/grpcio/grpc/__init__.py -> python_build/lib.macosx-11.0-arm64-cpython-311/grpc
2022-12-27T01:54:08.2244370Z   copying src/python/grpcio/grpc/_utilities.py -> python_build/lib.macosx-11.0-arm64-cpython-311/grpc
2022-12-27T01:54:08.2247510Z   copying src/python/grpcio/grpc/_plugin_wrapping.py -> python_build/lib.macosx-11.0-arm64-cpython-311/grpc
2022-12-27T01:54:08.2250000Z   copying src/python/grpcio/grpc/_grpcio_metadata.py -> python_build/lib.macosx-11.0-arm64-cpython-311/grpc
2022-12-27T01:54:08.2252100Z   copying src/python/grpcio/grpc/_server.py -> python_build/lib.macosx-11.0-arm64-cpython-311/grpc
2022-12-27T01:54:08.2255310Z   copying src/python/grpcio/grpc/_auth.py -> python_build/lib.macosx-11.0-arm64-cpython-311/grpc
2022-12-27T01:54:08.2257820Z   copying src/python/grpcio/grpc/_credential_composition.py -> python_build/lib.macosx-11.0-arm64-cpython-311/grpc
2022-12-27T01:54:08.2263050Z   creating python_build/lib.macosx-11.0-arm64-cpython-311/grpc/beta
2022-12-27T01:54:08.2264760Z   copying src/python/grpcio/grpc/beta/_server_adaptations.py -> python_build/lib.macosx-11.0-arm64-cpython-311/grpc/beta
2022-12-27T01:54:08.2268050Z   copying src/python/grpcio/grpc/beta/interfaces.py -> python_build/lib.macosx-11.0-arm64-cpython-311/grpc/beta
2022-12-27T01:54:08.2271040Z   copying src/python/grpcio/grpc/beta/__init__.py -> python_build/lib.macosx-11.0-arm64-cpython-311/grpc/beta
2022-12-27T01:54:08.2273920Z   copying src/python/grpcio/grpc/beta/utilities.py -> python_build/lib.macosx-11.0-arm64-cpython-311/grpc/beta
2022-12-27T01:54:08.2276950Z   copying src/python/grpcio/grpc/beta/implementations.py -> python_build/lib.macosx-11.0-arm64-cpython-311/grpc/beta
2022-12-27T01:54:08.2280100Z   copying src/python/grpcio/grpc/beta/_client_adaptations.py -> python_build/lib.macosx-11.0-arm64-cpython-311/grpc/beta
2022-12-27T01:54:08.2285310Z   creating python_build/lib.macosx-11.0-arm64-cpython-311/grpc/framework
2022-12-27T01:54:08.2287110Z   copying src/python/grpcio/grpc/framework/__init__.py -> python_build/lib.macosx-11.0-arm64-cpython-311/grpc/framework
2022-12-27T01:54:08.2290220Z   creating python_build/lib.macosx-11.0-arm64-cpython-311/grpc/_cython
2022-12-27T01:54:08.2292110Z   copying src/python/grpcio/grpc/_cython/__init__.py -> python_build/lib.macosx-11.0-arm64-cpython-311/grpc/_cython
2022-12-27T01:54:08.2296680Z   creating python_build/lib.macosx-11.0-arm64-cpython-311/grpc/framework/foundation
2022-12-27T01:54:08.2298500Z   copying src/python/grpcio/grpc/framework/foundation/callable_util.py -> python_build/lib.macosx-11.0-arm64-cpython-311/grpc/framework/foundation
2022-12-27T01:54:08.2301440Z   copying src/python/grpcio/grpc/framework/foundation/abandonment.py -> python_build/lib.macosx-11.0-arm64-cpython-311/grpc/framework/foundation
2022-12-27T01:54:08.2303640Z   copying src/python/grpcio/grpc/framework/foundation/__init__.py -> python_build/lib.macosx-11.0-arm64-cpython-311/grpc/framework/foundation
2022-12-27T01:54:08.2305820Z   copying src/python/grpcio/grpc/framework/foundation/stream.py -> python_build/lib.macosx-11.0-arm64-cpython-311/grpc/framework/foundation
2022-12-27T01:54:08.2308590Z   copying src/python/grpcio/grpc/framework/foundation/stream_util.py -> python_build/lib.macosx-11.0-arm64-cpython-311/grpc/framework/foundation
2022-12-27T01:54:08.2310900Z   copying src/python/grpcio/grpc/framework/foundation/future.py -> python_build/lib.macosx-11.0-arm64-cpython-311/grpc/framework/foundation
2022-12-27T01:54:08.2313730Z   copying src/python/grpcio/grpc/framework/foundation/logging_pool.py -> python_build/lib.macosx-11.0-arm64-cpython-311/grpc/framework/foundation
2022-12-27T01:54:08.2318420Z   creating python_build/lib.macosx-11.0-arm64-cpython-311/grpc/framework/common
2022-12-27T01:54:08.2319810Z   copying src/python/grpcio/grpc/framework/common/style.py -> python_build/lib.macosx-11.0-arm64-cpython-311/grpc/framework/common
2022-12-27T01:54:08.2323680Z   copying src/python/grpcio/grpc/framework/common/cardinality.py -> python_build/lib.macosx-11.0-arm64-cpython-311/grpc/framework/common
2022-12-27T01:54:08.2327440Z   copying src/python/grpcio/grpc/framework/common/__init__.py -> python_build/lib.macosx-11.0-arm64-cpython-311/grpc/framework/common
2022-12-27T01:54:08.2332920Z   creating python_build/lib.macosx-11.0-arm64-cpython-311/grpc/framework/interfaces
2022-12-27T01:54:08.2335440Z   copying src/python/grpcio/grpc/framework/interfaces/__init__.py -> python_build/lib.macosx-11.0-arm64-cpython-311/grpc/framework/interfaces
2022-12-27T01:54:08.2340870Z   creating python_build/lib.macosx-11.0-arm64-cpython-311/grpc/framework/interfaces/face
2022-12-27T01:54:08.2343230Z   copying src/python/grpcio/grpc/framework/interfaces/face/__init__.py -> python_build/lib.macosx-11.0-arm64-cpython-311/grpc/framework/interfaces/face
2022-12-27T01:54:08.2346060Z   copying src/python/grpcio/grpc/framework/interfaces/face/utilities.py -> python_build/lib.macosx-11.0-arm64-cpython-311/grpc/framework/interfaces/face
2022-12-27T01:54:08.2349440Z   copying src/python/grpcio/grpc/framework/interfaces/face/face.py -> python_build/lib.macosx-11.0-arm64-cpython-311/grpc/framework/interfaces/face
2022-12-27T01:54:08.2354660Z   creating python_build/lib.macosx-11.0-arm64-cpython-311/grpc/framework/interfaces/base
2022-12-27T01:54:08.2355890Z   copying src/python/grpcio/grpc/framework/interfaces/base/__init__.py -> python_build/lib.macosx-11.0-arm64-cpython-311/grpc/framework/interfaces/base
2022-12-27T01:54:08.2358990Z   copying src/python/grpcio/grpc/framework/interfaces/base/utilities.py -> python_build/lib.macosx-11.0-arm64-cpython-311/grpc/framework/interfaces/base
2022-12-27T01:54:08.2362310Z   copying src/python/grpcio/grpc/framework/interfaces/base/base.py -> python_build/lib.macosx-11.0-arm64-cpython-311/grpc/framework/interfaces/base
2022-12-27T01:54:08.2367000Z   creating python_build/lib.macosx-11.0-arm64-cpython-311/grpc/_cython/_cygrpc
2022-12-27T01:54:08.2369180Z   copying src/python/grpcio/grpc/_cython/_cygrpc/__init__.py -> python_build/lib.macosx-11.0-arm64-cpython-311/grpc/_cython/_cygrpc
2022-12-27T01:54:08.2374370Z   creating python_build/lib.macosx-11.0-arm64-cpython-311/grpc/_cython/_credentials
2022-12-27T01:54:08.2375350Z   copying src/python/grpcio/grpc/_cython/_credentials/roots.pem -> python_build/lib.macosx-11.0-arm64-cpython-311/grpc/_cython/_credentials
2022-12-27T01:54:08.2397680Z   running build_ext
2022-12-27T01:54:08.2405700Z   Found cython-generated files...
2022-12-27T01:54:08.2411610Z   building 'grpc._cython.cygrpc' extension
2022-12-27T01:54:08.2428830Z   creating python_build/temp.macosx-11.0-arm64-cpython-311
2022-12-27T01:54:08.2429880Z   creating python_build/temp.macosx-11.0-arm64-cpython-311/src
2022-12-27T01:54:08.2431070Z   creating python_build/temp.macosx-11.0-arm64-cpython-311/src/boringssl
2022-12-27T01:54:08.2433160Z   creating python_build/temp.macosx-11.0-arm64-cpython-311/src/core
2022-12-27T01:54:08.2434390Z   creating python_build/temp.macosx-11.0-arm64-cpython-311/src/core/ext
2022-12-27T01:54:08.2435410Z   creating python_build/temp.macosx-11.0-arm64-cpython-311/src/core/ext/census
2022-12-27T01:54:08.2437750Z   creating python_build/temp.macosx-11.0-arm64-cpython-311/src/core/ext/census/gen
2022-12-27T01:54:08.2441130Z   creating python_build/temp.macosx-11.0-arm64-cpython-311/src/core/ext/client_channel
2022-12-27T01:54:08.2444180Z   creating python_build/temp.macosx-11.0-arm64-cpython-311/src/core/ext/lb_policy
2022-12-27T01:54:08.2445440Z   creating python_build/temp.macosx-11.0-arm64-cpython-311/src/core/ext/lb_policy/grpclb
2022-12-27T01:54:08.2447140Z   creating python_build/temp.macosx-11.0-arm64-cpython-311/src/core/ext/lb_policy/grpclb/proto
2022-12-27T01:54:08.2448630Z   creating python_build/temp.macosx-11.0-arm64-cpython-311/src/core/ext/lb_policy/grpclb/proto/grpc
2022-12-27T01:54:08.2450050Z   creating python_build/temp.macosx-11.0-arm64-cpython-311/src/core/ext/lb_policy/grpclb/proto/grpc/lb
2022-12-27T01:54:08.2451010Z   creating python_build/temp.macosx-11.0-arm64-cpython-311/src/core/ext/lb_policy/grpclb/proto/grpc/lb/v1
2022-12-27T01:54:08.2453220Z   creating python_build/temp.macosx-11.0-arm64-cpython-311/src/core/ext/lb_policy/pick_first
2022-12-27T01:54:08.2455170Z   creating python_build/temp.macosx-11.0-arm64-cpython-311/src/core/ext/lb_policy/round_robin
2022-12-27T01:54:08.2456970Z   creating python_build/temp.macosx-11.0-arm64-cpython-311/src/core/ext/load_reporting
2022-12-27T01:54:08.2459740Z   creating python_build/temp.macosx-11.0-arm64-cpython-311/src/core/ext/resolver
2022-12-27T01:54:08.2461120Z   creating python_build/temp.macosx-11.0-arm64-cpython-311/src/core/ext/resolver/dns
2022-12-27T01:54:08.2462200Z   creating python_build/temp.macosx-11.0-arm64-cpython-311/src/core/ext/resolver/dns/native
2022-12-27T01:54:08.2465190Z   creating python_build/temp.macosx-11.0-arm64-cpython-311/src/core/ext/resolver/sockaddr
2022-12-27T01:54:08.2467150Z   creating python_build/temp.macosx-11.0-arm64-cpython-311/src/core/ext/transport
2022-12-27T01:54:08.2469240Z   creating python_build/temp.macosx-11.0-arm64-cpython-311/src/core/ext/transport/chttp2
2022-12-27T01:54:08.2471440Z   creating python_build/temp.macosx-11.0-arm64-cpython-311/src/core/ext/transport/chttp2/alpn
2022-12-27T01:54:08.2473570Z   creating python_build/temp.macosx-11.0-arm64-cpython-311/src/core/ext/transport/chttp2/client
2022-12-27T01:54:08.2475670Z   creating python_build/temp.macosx-11.0-arm64-cpython-311/src/core/ext/transport/chttp2/client/insecure
2022-12-27T01:54:08.2477910Z   creating python_build/temp.macosx-11.0-arm64-cpython-311/src/core/ext/transport/chttp2/client/secure
2022-12-27T01:54:08.2480080Z   creating python_build/temp.macosx-11.0-arm64-cpython-311/src/core/ext/transport/chttp2/server
2022-12-27T01:54:08.2482310Z   creating python_build/temp.macosx-11.0-arm64-cpython-311/src/core/ext/transport/chttp2/server/insecure
2022-12-27T01:54:08.2484200Z   creating python_build/temp.macosx-11.0-arm64-cpython-311/src/core/ext/transport/chttp2/server/secure
2022-12-27T01:54:08.2486270Z   creating python_build/temp.macosx-11.0-arm64-cpython-311/src/core/ext/transport/chttp2/transport
2022-12-27T01:54:08.2490450Z   creating python_build/temp.macosx-11.0-arm64-cpython-311/src/core/lib
2022-12-27T01:54:08.2492290Z   creating python_build/temp.macosx-11.0-arm64-cpython-311/src/core/lib/channel
2022-12-27T01:54:08.2494600Z   creating python_build/temp.macosx-11.0-arm64-cpython-311/src/core/lib/compression
2022-12-27T01:54:08.2497090Z   creating python_build/temp.macosx-11.0-arm64-cpython-311/src/core/lib/debug
2022-12-27T01:54:08.2499470Z   creating python_build/temp.macosx-11.0-arm64-cpython-311/src/core/lib/http
2022-12-27T01:54:08.2502520Z   creating python_build/temp.macosx-11.0-arm64-cpython-311/src/core/lib/iomgr
2022-12-27T01:54:08.2507550Z   creating python_build/temp.macosx-11.0-arm64-cpython-311/src/core/lib/json
2022-12-27T01:54:08.2509250Z   creating python_build/temp.macosx-11.0-arm64-cpython-311/src/core/lib/profiling
2022-12-27T01:54:08.2510500Z   creating python_build/temp.macosx-11.0-arm64-cpython-311/src/core/lib/security
2022-12-27T01:54:08.2511740Z   creating python_build/temp.macosx-11.0-arm64-cpython-311/src/core/lib/security/context
2022-12-27T01:54:08.2513040Z   creating python_build/temp.macosx-11.0-arm64-cpython-311/src/core/lib/security/credentials
2022-12-27T01:54:08.2514270Z   creating python_build/temp.macosx-11.0-arm64-cpython-311/src/core/lib/security/credentials/composite
2022-12-27T01:54:08.2515480Z   creating python_build/temp.macosx-11.0-arm64-cpython-311/src/core/lib/security/credentials/fake
2022-12-27T01:54:08.2516690Z   creating python_build/temp.macosx-11.0-arm64-cpython-311/src/core/lib/security/credentials/google_default
2022-12-27T01:54:08.2519100Z   creating python_build/temp.macosx-11.0-arm64-cpython-311/src/core/lib/security/credentials/iam
2022-12-27T01:54:08.2520910Z   creating python_build/temp.macosx-11.0-arm64-cpython-311/src/core/lib/security/credentials/jwt
2022-12-27T01:54:08.2522450Z   creating python_build/temp.macosx-11.0-arm64-cpython-311/src/core/lib/security/credentials/oauth2
2022-12-27T01:54:08.2524180Z   creating python_build/temp.macosx-11.0-arm64-cpython-311/src/core/lib/security/credentials/plugin
2022-12-27T01:54:08.2525920Z   creating python_build/temp.macosx-11.0-arm64-cpython-311/src/core/lib/security/credentials/ssl
2022-12-27T01:54:08.2527470Z   creating python_build/temp.macosx-11.0-arm64-cpython-311/src/core/lib/security/transport
2022-12-27T01:54:08.2529440Z   creating python_build/temp.macosx-11.0-arm64-cpython-311/src/core/lib/security/util
2022-12-27T01:54:08.2531090Z   creating python_build/temp.macosx-11.0-arm64-cpython-311/src/core/lib/slice
2022-12-27T01:54:08.2598510Z   creating python_build/temp.macosx-11.0-arm64-cpython-311/src/core/lib/support
2022-12-27T01:54:08.2599470Z   creating python_build/temp.macosx-11.0-arm64-cpython-311/src/core/lib/surface
2022-12-27T01:54:08.2600130Z   creating python_build/temp.macosx-11.0-arm64-cpython-311/src/core/lib/transport
2022-12-27T01:54:08.2600560Z   creating python_build/temp.macosx-11.0-arm64-cpython-311/src/core/lib/tsi
2022-12-27T01:54:08.2601000Z   creating python_build/temp.macosx-11.0-arm64-cpython-311/src/core/plugin_registry
2022-12-27T01:54:08.2601370Z   creating python_build/temp.macosx-11.0-arm64-cpython-311/src/python
2022-12-27T01:54:08.2601970Z   creating python_build/temp.macosx-11.0-arm64-cpython-311/src/python/grpcio
2022-12-27T01:54:08.2602480Z   creating python_build/temp.macosx-11.0-arm64-cpython-311/src/python/grpcio/grpc
2022-12-27T01:54:08.2602860Z   creating python_build/temp.macosx-11.0-arm64-cpython-311/src/python/grpcio/grpc/_cython
2022-12-27T01:54:08.2603270Z   creating python_build/temp.macosx-11.0-arm64-cpython-311/third_party
2022-12-27T01:54:08.2604020Z   creating python_build/temp.macosx-11.0-arm64-cpython-311/third_party/boringssl
2022-12-27T01:54:08.2604430Z   creating python_build/temp.macosx-11.0-arm64-cpython-311/third_party/boringssl/crypto
2022-12-27T01:54:08.2605210Z   creating python_build/temp.macosx-11.0-arm64-cpython-311/third_party/boringssl/crypto/aes
2022-12-27T01:54:08.2605900Z   creating python_build/temp.macosx-11.0-arm64-cpython-311/third_party/boringssl/crypto/asn1
2022-12-27T01:54:08.2606590Z   creating python_build/temp.macosx-11.0-arm64-cpython-311/third_party/boringssl/crypto/base64
2022-12-27T01:54:08.2607240Z   creating python_build/temp.macosx-11.0-arm64-cpython-311/third_party/boringssl/crypto/bio
2022-12-27T01:54:08.2607810Z   creating python_build/temp.macosx-11.0-arm64-cpython-311/third_party/boringssl/crypto/bn
2022-12-27T01:54:08.2608460Z   creating python_build/temp.macosx-11.0-arm64-cpython-311/third_party/boringssl/crypto/bn/asm
2022-12-27T01:54:08.2609120Z   creating python_build/temp.macosx-11.0-arm64-cpython-311/third_party/boringssl/crypto/buf
2022-12-27T01:54:08.2609720Z   creating python_build/temp.macosx-11.0-arm64-cpython-311/third_party/boringssl/crypto/bytestring
2022-12-27T01:54:08.2610410Z   creating python_build/temp.macosx-11.0-arm64-cpython-311/third_party/boringssl/crypto/chacha
2022-12-27T01:54:08.2611050Z   creating python_build/temp.macosx-11.0-arm64-cpython-311/third_party/boringssl/crypto/cipher
2022-12-27T01:54:08.2611700Z   creating python_build/temp.macosx-11.0-arm64-cpython-311/third_party/boringssl/crypto/cmac
2022-12-27T01:54:08.2612310Z   creating python_build/temp.macosx-11.0-arm64-cpython-311/third_party/boringssl/crypto/conf
2022-12-27T01:54:08.2612960Z   creating python_build/temp.macosx-11.0-arm64-cpython-311/third_party/boringssl/crypto/curve25519
2022-12-27T01:54:08.2613590Z   creating python_build/temp.macosx-11.0-arm64-cpython-311/third_party/boringssl/crypto/des
2022-12-27T01:54:08.2614230Z   creating python_build/temp.macosx-11.0-arm64-cpython-311/third_party/boringssl/crypto/dh
2022-12-27T01:54:08.2614810Z   creating python_build/temp.macosx-11.0-arm64-cpython-311/third_party/boringssl/crypto/digest
2022-12-27T01:54:08.2615680Z   creating python_build/temp.macosx-11.0-arm64-cpython-311/third_party/boringssl/crypto/dsa
2022-12-27T01:54:08.2616350Z   creating python_build/temp.macosx-11.0-arm64-cpython-311/third_party/boringssl/crypto/ec
2022-12-27T01:54:08.2616880Z   creating python_build/temp.macosx-11.0-arm64-cpython-311/third_party/boringssl/crypto/ecdh
2022-12-27T01:54:08.2617530Z   creating python_build/temp.macosx-11.0-arm64-cpython-311/third_party/boringssl/crypto/ecdsa
2022-12-27T01:54:08.2618050Z   creating python_build/temp.macosx-11.0-arm64-cpython-311/third_party/boringssl/crypto/engine
2022-12-27T01:54:08.2618710Z   creating python_build/temp.macosx-11.0-arm64-cpython-311/third_party/boringssl/crypto/err
2022-12-27T01:54:08.2619320Z   creating python_build/temp.macosx-11.0-arm64-cpython-311/third_party/boringssl/crypto/evp
2022-12-27T01:54:08.2619920Z   creating python_build/temp.macosx-11.0-arm64-cpython-311/third_party/boringssl/crypto/hkdf
2022-12-27T01:54:08.2620570Z   creating python_build/temp.macosx-11.0-arm64-cpython-311/third_party/boringssl/crypto/hmac
2022-12-27T01:54:08.2621170Z   creating python_build/temp.macosx-11.0-arm64-cpython-311/third_party/boringssl/crypto/lhash
2022-12-27T01:54:08.2621740Z   creating python_build/temp.macosx-11.0-arm64-cpython-311/third_party/boringssl/crypto/md4
2022-12-27T01:54:08.2622440Z   creating python_build/temp.macosx-11.0-arm64-cpython-311/third_party/boringssl/crypto/md5
2022-12-27T01:54:08.2623090Z   creating python_build/temp.macosx-11.0-arm64-cpython-311/third_party/boringssl/crypto/modes
2022-12-27T01:54:08.2623710Z   creating python_build/temp.macosx-11.0-arm64-cpython-311/third_party/boringssl/crypto/newhope
2022-12-27T01:54:08.2624320Z   creating python_build/temp.macosx-11.0-arm64-cpython-311/third_party/boringssl/crypto/obj
2022-12-27T01:54:08.2624940Z   creating python_build/temp.macosx-11.0-arm64-cpython-311/third_party/boringssl/crypto/pem
2022-12-27T01:54:08.2625920Z   creating python_build/temp.macosx-11.0-arm64-cpython-311/third_party/boringssl/crypto/pkcs8
2022-12-27T01:54:08.2626530Z   creating python_build/temp.macosx-11.0-arm64-cpython-311/third_party/boringssl/crypto/poly1305
2022-12-27T01:54:08.2627190Z   creating python_build/temp.macosx-11.0-arm64-cpython-311/third_party/boringssl/crypto/rand
2022-12-27T01:54:08.2628130Z   creating python_build/temp.macosx-11.0-arm64-cpython-311/third_party/boringssl/crypto/rc4
2022-12-27T01:54:08.2629610Z   creating python_build/temp.macosx-11.0-arm64-cpython-311/third_party/boringssl/crypto/rsa
2022-12-27T01:54:08.2631400Z   creating python_build/temp.macosx-11.0-arm64-cpython-311/third_party/boringssl/crypto/sha
2022-12-27T01:54:08.2633110Z   creating python_build/temp.macosx-11.0-arm64-cpython-311/third_party/boringssl/crypto/stack
2022-12-27T01:54:08.2634740Z   creating python_build/temp.macosx-11.0-arm64-cpython-311/third_party/boringssl/crypto/x509
2022-12-27T01:54:08.2636850Z   creating python_build/temp.macosx-11.0-arm64-cpython-311/third_party/boringssl/crypto/x509v3
2022-12-27T01:54:08.2639870Z   creating python_build/temp.macosx-11.0-arm64-cpython-311/third_party/boringssl/ssl
2022-12-27T01:54:08.2645380Z   creating python_build/temp.macosx-11.0-arm64-cpython-311/third_party/nanopb
2022-12-27T01:54:08.2647160Z   creating python_build/temp.macosx-11.0-arm64-cpython-311/third_party/zlib
2022-12-27T01:54:08.2651620Z   clang -Wsign-compare -Wunreachable-code -fno-common -dynamic -DNDEBUG -g -fwrapv -O3 -Wall -g -I/usr/local/opt/openssl@3/include -I/usr/local/opt/openssl@3/include -arch arm64 -DOPENSSL_NO_ASM=1 -D_WIN32_WINNT=1536 -DGPR_BACKWARDS_COMPATIBILITY_MODE=1 "-DPyMODINIT_FUNC=__attribute__((visibility (\"default\"))) PyObject*" -Isrc/python/grpcio -Iinclude -I. -Ithird_party/boringssl/include -Ithird_party/zlib -I/private/var/folders/51/hd414ycd67n82196sw51xqtc0000gn/T/cibw-run-0f12njtv/cp311-macosx_arm64/build/venv/include -I/Library/Frameworks/Python.framework/Versions/3.11/include/python3.11 -c src/boringssl/err_data.c -o python_build/temp.macosx-11.0-arm64-cpython-311/src/boringssl/err_data.o -fvisibility=hidden -fno-wrapv -pthread -std=gnu99
2022-12-27T01:54:08.2979870Z   In file included from src/boringssl/err_data.c:17:
2022-12-27T01:54:08.2981560Z   third_party/boringssl/include/openssl/base.h:120:9: warning: 'OPENSSL_VERSION_NUMBER' macro redefined [-Wmacro-redefined]
2022-12-27T01:54:08.2982600Z   #define OPENSSL_VERSION_NUMBER 0x10002000
2022-12-27T01:54:08.2983690Z           ^
2022-12-27T01:54:08.2985170Z   /usr/local/opt/openssl@3/include/openssl/opensslv.h:99:10: note: previous definition is here
2022-12-27T01:54:08.2986080Z   # define OPENSSL_VERSION_NUMBER          \
2022-12-27T01:54:08.2987080Z            ^
2022-12-27T01:54:08.2988480Z   In file included from src/boringssl/err_data.c:18:
2022-12-27T01:54:08.2989580Z   In file included from /usr/local/opt/openssl@3/include/openssl/err.h:21:
2022-12-27T01:54:08.2991100Z   /usr/local/opt/openssl@3/include/openssl/e_os2.h:183:11: warning: 'OPENSSL_EXPORT' macro redefined [-Wmacro-redefined]
2022-12-27T01:54:08.2992200Z   #  define OPENSSL_EXPORT extern
2022-12-27T01:54:08.2993110Z             ^
2022-12-27T01:54:08.2994470Z   third_party/boringssl/include/openssl/base.h:155:9: note: previous definition is here
2022-12-27T01:54:08.2995270Z   #define OPENSSL_EXPORT
2022-12-27T01:54:08.2996450Z           ^
2022-12-27T01:54:08.3052750Z   In file included from src/boringssl/err_data.c:18:
2022-12-27T01:54:08.3054280Z   In file included from /usr/local/opt/openssl@3/include/openssl/err.h:28:
2022-12-27T01:54:08.3055550Z   In file included from /usr/local/opt/openssl@3/include/openssl/types.h:21:
2022-12-27T01:54:08.3057160Z   /usr/local/opt/openssl@3/include/openssl/safestack.h:264:15: warning: redefinition of typedef 'OPENSSL_BLOCK' is a C11 feature [-Wtypedef-redefinition]
2022-12-27T01:54:08.3058240Z   typedef void *OPENSSL_BLOCK;
2022-12-27T01:54:08.3059690Z                 ^
2022-12-27T01:54:08.3060910Z   third_party/boringssl/include/openssl/base.h:298:15: note: previous definition is here
2022-12-27T01:54:08.3062200Z   typedef void *OPENSSL_BLOCK;
2022-12-27T01:54:08.3063590Z                 ^
2022-12-27T01:54:08.3065110Z   In file included from src/boringssl/err_data.c:18:
2022-12-27T01:54:08.3066060Z   In file included from /usr/local/opt/openssl@3/include/openssl/err.h:28:
2022-12-27T01:54:08.3067660Z   /usr/local/opt/openssl@3/include/openssl/types.h:45:31: warning: redefinition of typedef 'ASN1_INTEGER' is a C11 feature [-Wtypedef-redefinition]
2022-12-27T01:54:08.3068290Z   typedef struct asn1_string_st ASN1_INTEGER;
2022-12-27T01:54:08.3069420Z                                 ^
2022-12-27T01:54:08.3070610Z   third_party/boringssl/include/openssl/base.h:189:31: note: previous definition is here
2022-12-27T01:54:08.3071630Z   typedef struct asn1_string_st ASN1_INTEGER;
2022-12-27T01:54:08.3072590Z                                 ^
2022-12-27T01:54:08.3073790Z   In file included from src/boringssl/err_data.c:18:
2022-12-27T01:54:08.3074750Z   In file included from /usr/local/opt/openssl@3/include/openssl/err.h:28:
2022-12-27T01:54:08.3076320Z   /usr/local/opt/openssl@3/include/openssl/types.h:46:31: warning: redefinition of typedef 'ASN1_ENUMERATED' is a C11 feature [-Wtypedef-redefinition]
2022-12-27T01:54:08.3076990Z   typedef struct asn1_string_st ASN1_ENUMERATED;
2022-12-27T01:54:08.3078030Z                                 ^
2022-12-27T01:54:08.3079330Z   third_party/boringssl/include/openssl/base.h:185:31: note: previous definition is here
2022-12-27T01:54:08.3080200Z   typedef struct asn1_string_st ASN1_ENUMERATED;
2022-12-27T01:54:08.3081390Z                                 ^
2022-12-27T01:54:08.3082420Z   In file included from src/boringssl/err_data.c:18:
2022-12-27T01:54:08.3083650Z   In file included from /usr/local/opt/openssl@3/include/openssl/err.h:28:
2022-12-27T01:54:08.3085000Z   /usr/local/opt/openssl@3/include/openssl/types.h:47:31: warning: redefinition of typedef 'ASN1_BIT_STRING' is a C11 feature [-Wtypedef-redefinition]
2022-12-27T01:54:08.3085830Z   typedef struct asn1_string_st ASN1_BIT_STRING;
2022-12-27T01:54:08.3087080Z                                 ^
2022-12-27T01:54:08.3088010Z   third_party/boringssl/include/openssl/base.h:183:31: note: previous definition is here
2022-12-27T01:54:08.3089260Z   typedef struct asn1_string_st ASN1_BIT_STRING;
2022-12-27T01:54:08.3090140Z                                 ^
2022-12-27T01:54:08.3091410Z   In file included from src/boringssl/err_data.c:18:
2022-12-27T01:54:08.3092370Z   In file included from /usr/local/opt/openssl@3/include/openssl/err.h:28:
2022-12-27T01:54:08.3093880Z   /usr/local/opt/openssl@3/include/openssl/types.h:48:31: warning: redefinition of typedef 'ASN1_OCTET_STRING' is a C11 feature [-Wtypedef-redefinition]
2022-12-27T01:54:08.3094590Z   typedef struct asn1_string_st ASN1_OCTET_STRING;
2022-12-27T01:54:08.3095680Z                                 ^
2022-12-27T01:54:08.3096850Z   third_party/boringssl/include/openssl/base.h:190:31: note: previous definition is here
2022-12-27T01:54:08.3097800Z   typedef struct asn1_string_st ASN1_OCTET_STRING;
2022-12-27T01:54:08.3098880Z                                 ^
2022-12-27T01:54:08.3099980Z   In file included from src/boringssl/err_data.c:18:
2022-12-27T01:54:08.3101010Z   In file included from /usr/local/opt/openssl@3/include/openssl/err.h:28:
2022-12-27T01:54:08.3102610Z   /usr/local/opt/openssl@3/include/openssl/types.h:49:31: warning: redefinition of typedef 'ASN1_PRINTABLESTRING' is a C11 feature [-Wtypedef-redefinition]
2022-12-27T01:54:08.3103400Z   typedef struct asn1_string_st ASN1_PRINTABLESTRING;
2022-12-27T01:54:08.3104550Z                                 ^
2022-12-27T01:54:08.3105740Z   third_party/boringssl/include/openssl/base.h:191:31: note: previous definition is here
2022-12-27T01:54:08.3106640Z   typedef struct asn1_string_st ASN1_PRINTABLESTRING;
2022-12-27T01:54:08.3107730Z                                 ^
2022-12-27T01:54:08.3108790Z   In file included from src/boringssl/err_data.c:18:
2022-12-27T01:54:08.3109960Z   In file included from /usr/local/opt/openssl@3/include/openssl/err.h:28:
2022-12-27T01:54:08.3111280Z   /usr/local/opt/openssl@3/include/openssl/types.h:50:31: warning: redefinition of typedef 'ASN1_T61STRING' is a C11 feature [-Wtypedef-redefinition]
2022-12-27T01:54:08.3112090Z   typedef struct asn1_string_st ASN1_T61STRING;
2022-12-27T01:54:08.3113190Z                                 ^
2022-12-27T01:54:08.3114390Z   third_party/boringssl/include/openssl/base.h:193:31: note: previous definition is here
2022-12-27T01:54:08.3115350Z   typedef struct asn1_string_st ASN1_T61STRING;
2022-12-27T01:54:08.3116490Z                                 ^
2022-12-27T01:54:08.3117630Z   In file included from src/boringssl/err_data.c:18:
2022-12-27T01:54:08.3118600Z   In file included from /usr/local/opt/openssl@3/include/openssl/err.h:28:
2022-12-27T01:54:08.3120070Z   /usr/local/opt/openssl@3/include/openssl/types.h:51:31: warning: redefinition of typedef 'ASN1_IA5STRING' is a C11 feature [-Wtypedef-redefinition]
2022-12-27T01:54:08.3120810Z   typedef struct asn1_string_st ASN1_IA5STRING;
2022-12-27T01:54:08.3121910Z                                 ^
2022-12-27T01:54:08.3123140Z   third_party/boringssl/include/openssl/base.h:188:31: note: previous definition is here
2022-12-27T01:54:08.3124110Z   typedef struct asn1_string_st ASN1_IA5STRING;
2022-12-27T01:54:08.3125210Z                                 ^
2022-12-27T01:54:08.3126320Z   In file included from src/boringssl/err_data.c:18:
2022-12-27T01:54:08.3127340Z   In file included from /usr/local/opt/openssl@3/include/openssl/err.h:28:
2022-12-27T01:54:08.3128820Z   /usr/local/opt/openssl@3/include/openssl/types.h:52:31: warning: redefinition of typedef 'ASN1_GENERALSTRING' is a C11 feature [-Wtypedef-redefinition]
2022-12-27T01:54:08.3129570Z   typedef struct asn1_string_st ASN1_GENERALSTRING;
2022-12-27T01:54:08.3130720Z                                 ^
2022-12-27T01:54:08.3131750Z   third_party/boringssl/include/openssl/base.h:187:31: note: previous definition is here
2022-12-27T01:54:08.3132820Z   typedef struct asn1_string_st ASN1_GENERALSTRING;
2022-12-27T01:54:08.3134120Z                                 ^
2022-12-27T01:54:08.3134990Z   In file included from src/boringssl/err_data.c:18:
2022-12-27T01:54:08.3136160Z   In file included from /usr/local/opt/openssl@3/include/openssl/err.h:28:
2022-12-27T01:54:08.3137470Z   /usr/local/opt/openssl@3/include/openssl/types.h:53:31: warning: redefinition of typedef 'ASN1_UNIVERSALSTRING' is a C11 feature [-Wtypedef-redefinition]
2022-12-27T01:54:08.3138310Z   typedef struct asn1_string_st ASN1_UNIVERSALSTRING;
2022-12-27T01:54:08.3139410Z                                 ^
2022-12-27T01:54:08.3140610Z   third_party/boringssl/include/openssl/base.h:195:31: note: previous definition is here
2022-12-27T01:54:08.3141670Z   typedef struct asn1_string_st ASN1_UNIVERSALSTRING;
2022-12-27T01:54:08.3142880Z                                 ^
2022-12-27T01:54:08.3144000Z   In file included from src/boringssl/err_data.c:18:
2022-12-27T01:54:08.3145040Z   In file included from /usr/local/opt/openssl@3/include/openssl/err.h:28:
2022-12-27T01:54:08.3146520Z   /usr/local/opt/openssl@3/include/openssl/types.h:54:31: warning: redefinition of typedef 'ASN1_BMPSTRING' is a C11 feature [-Wtypedef-redefinition]
2022-12-27T01:54:08.3147280Z   typedef struct asn1_string_st ASN1_BMPSTRING;
2022-12-27T01:54:08.3148370Z                                 ^
2022-12-27T01:54:08.3149590Z   third_party/boringssl/include/openssl/base.h:184:31: note: previous definition is here
2022-12-27T01:54:08.3150610Z   typedef struct asn1_string_st ASN1_BMPSTRING;
2022-12-27T01:54:08.3151940Z                                 ^
2022-12-27T01:54:08.3152940Z   In file included from src/boringssl/err_data.c:18:
2022-12-27T01:54:08.3154140Z   In file included from /usr/local/opt/openssl@3/include/openssl/err.h:28:
2022-12-27T01:54:08.3155450Z   /usr/local/opt/openssl@3/include/openssl/types.h:55:31: warning: redefinition of typedef 'ASN1_UTCTIME' is a C11 feature [-Wtypedef-redefinition]
2022-12-27T01:54:08.3156290Z   typedef struct asn1_string_st ASN1_UTCTIME;
2022-12-27T01:54:08.3157270Z                                 ^
2022-12-27T01:54:08.3158530Z   third_party/boringssl/include/openssl/base.h:196:31: note: previous definition is here
2022-12-27T01:54:08.3159500Z   typedef struct asn1_string_st ASN1_UTCTIME;
2022-12-27T01:54:08.3160590Z                                 ^
2022-12-27T01:54:08.3161700Z   In file included from src/boringssl/err_data.c:18:
2022-12-27T01:54:08.3162950Z   In file included from /usr/local/opt/openssl@3/include/openssl/err.h:28:
2022-12-27T01:54:08.3164210Z   /usr/local/opt/openssl@3/include/openssl/types.h:56:31: warning: redefinition of typedef 'ASN1_TIME' is a C11 feature [-Wtypedef-redefinition]
2022-12-27T01:54:08.3165040Z   typedef struct asn1_string_st ASN1_TIME;
2022-12-27T01:54:08.3166130Z                                 ^
2022-12-27T01:54:08.3167310Z   third_party/boringssl/include/openssl/base.h:194:31: note: previous definition is here
2022-12-27T01:54:08.3168280Z   typedef struct asn1_string_st ASN1_TIME;
2022-12-27T01:54:08.3169380Z                                 ^
2022-12-27T01:54:08.3170490Z   In file included from src/boringssl/err_data.c:18:
2022-12-27T01:54:08.3171520Z   In file included from /usr/local/opt/openssl@3/include/openssl/err.h:28:
2022-12-27T01:54:08.3173050Z   /usr/local/opt/openssl@3/include/openssl/types.h:57:31: warning: redefinition of typedef 'ASN1_GENERALIZEDTIME' is a C11 feature [-Wtypedef-redefinition]
2022-12-27T01:54:08.3173780Z   typedef struct asn1_string_st ASN1_GENERALIZEDTIME;
2022-12-27T01:54:08.3174930Z                                 ^
2022-12-27T01:54:08.3176250Z   third_party/boringssl/include/openssl/base.h:186:31: note: previous definition is here
2022-12-27T01:54:08.3177220Z   typedef struct asn1_string_st ASN1_GENERALIZEDTIME;
2022-12-27T01:54:08.3178330Z                                 ^
2022-12-27T01:54:08.3179440Z   In file included from src/boringssl/err_data.c:18:
2022-12-27T01:54:08.3180590Z   In file included from /usr/local/opt/openssl@3/include/openssl/err.h:28:
2022-12-27T01:54:08.3182360Z   /usr/local/opt/openssl@3/include/openssl/types.h:58:31: warning: redefinition of typedef 'ASN1_VISIBLESTRING' is a C11 feature [-Wtypedef-redefinition]
2022-12-27T01:54:08.3182890Z   typedef struct asn1_string_st ASN1_VISIBLESTRING;
2022-12-27T01:54:08.3183840Z                                 ^
2022-12-27T01:54:08.3185130Z   third_party/boringssl/include/openssl/base.h:198:31: note: previous definition is here
2022-12-27T01:54:08.3186080Z   typedef struct asn1_string_st ASN1_VISIBLESTRING;
2022-12-27T01:54:08.3187210Z                                 ^
2022-12-27T01:54:08.3188330Z   In file included from src/boringssl/err_data.c:18:
2022-12-27T01:54:08.3189560Z   In file included from /usr/local/opt/openssl@3/include/openssl/err.h:28:
2022-12-27T01:54:08.3190770Z   /usr/local/opt/openssl@3/include/openssl/types.h:59:31: warning: redefinition of typedef 'ASN1_UTF8STRING' is a C11 feature [-Wtypedef-redefinition]
2022-12-27T01:54:08.3191590Z   typedef struct asn1_string_st ASN1_UTF8STRING;
2022-12-27T01:54:08.3192710Z                                 ^
2022-12-27T01:54:08.3193890Z   third_party/boringssl/include/openssl/base.h:197:31: note: previous definition is here
2022-12-27T01:54:08.3194850Z   typedef struct asn1_string_st ASN1_UTF8STRING;
2022-12-27T01:54:08.3195960Z                                 ^
2022-12-27T01:54:08.3197070Z   In file included from src/boringssl/err_data.c:18:
2022-12-27T01:54:08.3198080Z   In file included from /usr/local/opt/openssl@3/include/openssl/err.h:28:
2022-12-27T01:54:08.3199540Z   /usr/local/opt/openssl@3/include/openssl/types.h:60:31: warning: redefinition of typedef 'ASN1_STRING' is a C11 feature [-Wtypedef-redefinition]
2022-12-27T01:54:08.3200280Z   typedef struct asn1_string_st ASN1_STRING;
2022-12-27T01:54:08.3201380Z                                 ^
2022-12-27T01:54:08.3202620Z   third_party/boringssl/include/openssl/base.h:192:31: note: previous definition is here
2022-12-27T01:54:08.3203600Z   typedef struct asn1_string_st ASN1_STRING;
2022-12-27T01:54:08.3204700Z                                 ^
2022-12-27T01:54:08.3205830Z   In file included from src/boringssl/err_data.c:18:
2022-12-27T01:54:08.3206830Z   In file included from /usr/local/opt/openssl@3/include/openssl/err.h:28:
2022-12-27T01:54:08.3208310Z   /usr/local/opt/openssl@3/include/openssl/types.h:61:13: warning: redefinition of typedef 'ASN1_BOOLEAN' is a C11 feature [-Wtypedef-redefinition]
2022-12-27T01:54:08.3208980Z   typedef int ASN1_BOOLEAN;
2022-12-27T01:54:08.3210090Z               ^
2022-12-27T01:54:08.3211300Z   third_party/boringssl/include/openssl/base.h:178:13: note: previous definition is here
2022-12-27T01:54:08.3212340Z   typedef int ASN1_BOOLEAN;
2022-12-27T01:54:08.3213280Z               ^
2022-12-27T01:54:08.3214480Z   In file included from src/boringssl/err_data.c:18:
2022-12-27T01:54:08.3215500Z   In file included from /usr/local/opt/openssl@3/include/openssl/err.h:28:
2022-12-27T01:54:08.3217010Z   /usr/local/opt/openssl@3/include/openssl/types.h:62:13: warning: redefinition of typedef 'ASN1_NULL' is a C11 feature [-Wtypedef-redefinition]
2022-12-27T01:54:08.3217730Z   typedef int ASN1_NULL;
2022-12-27T01:54:08.3218890Z               ^
2022-12-27T01:54:08.3220050Z   third_party/boringssl/include/openssl/base.h:179:13: note: previous definition is here
2022-12-27T01:54:08.3221060Z   typedef int ASN1_NULL;
2022-12-27T01:54:08.3222200Z               ^
2022-12-27T01:54:08.3223300Z   In file included from src/boringssl/err_data.c:18:
2022-12-27T01:54:08.3224470Z   In file included from /usr/local/opt/openssl@3/include/openssl/err.h:28:
2022-12-27T01:54:08.3225640Z   /usr/local/opt/openssl@3/include/openssl/types.h:65:29: warning: redefinition of typedef 'ASN1_TYPE' is a C11 feature [-Wtypedef-redefinition]
2022-12-27T01:54:08.3226590Z   typedef struct asn1_type_st ASN1_TYPE;
2022-12-27T01:54:08.3227690Z                               ^
2022-12-27T01:54:08.3228960Z   third_party/boringssl/include/openssl/base.h:199:29: note: previous definition is here
2022-12-27T01:54:08.3230010Z   typedef struct asn1_type_st ASN1_TYPE;
2022-12-27T01:54:08.3230980Z                               ^
2022-12-27T01:54:08.3232020Z   In file included from src/boringssl/err_data.c:18:
2022-12-27T01:54:08.3233340Z   In file included from /usr/local/opt/openssl@3/include/openssl/err.h:28:
2022-12-27T01:54:08.3234400Z   /usr/local/opt/openssl@3/include/openssl/types.h:66:31: warning: redefinition of typedef 'ASN1_OBJECT' is a C11 feature [-Wtypedef-redefinition]
2022-12-27T01:54:08.3235410Z   typedef struct asn1_object_st ASN1_OBJECT;
2022-12-27T01:54:08.3236340Z                                 ^
2022-12-27T01:54:08.3237830Z   third_party/boringssl/include/openssl/base.h:181:31: note: previous definition is here
2022-12-27T01:54:08.3238550Z   typedef struct asn1_object_st ASN1_OBJECT;
2022-12-27T01:54:08.3239750Z                                 ^
2022-12-27T01:54:08.3240780Z   In file included from src/boringssl/err_data.c:18:
2022-12-27T01:54:08.3242090Z   In file included from /usr/local/opt/openssl@3/include/openssl/err.h:28:
2022-12-27T01:54:08.3243210Z   /usr/local/opt/openssl@3/include/openssl/types.h:69:29: warning: redefinition of typedef 'ASN1_ITEM' is a C11 feature [-Wtypedef-redefinition]
2022-12-27T01:54:08.3244230Z   typedef struct ASN1_ITEM_st ASN1_ITEM;
2022-12-27T01:54:08.3245190Z                               ^
2022-12-27T01:54:08.3246550Z   third_party/boringssl/include/openssl/base.h:180:29: note: previous definition is here
2022-12-27T01:54:08.3247380Z   typedef struct ASN1_ITEM_st ASN1_ITEM;
2022-12-27T01:54:08.3248580Z                               ^
2022-12-27T01:54:08.3249550Z   In file included from src/boringssl/err_data.c:18:
2022-12-27T01:54:08.3250790Z   In file included from /usr/local/opt/openssl@3/include/openssl/err.h:28:
2022-12-27T01:54:08.3252220Z   /usr/local/opt/openssl@3/include/openssl/types.h:70:29: warning: redefinition of typedef 'ASN1_PCTX' is a C11 feature [-Wtypedef-redefinition]
2022-12-27T01:54:08.3253030Z   typedef struct asn1_pctx_st ASN1_PCTX;
2022-12-27T01:54:08.3254170Z                               ^
2022-12-27T01:54:08.3255350Z   third_party/boringssl/include/openssl/base.h:182:29: note: previous definition is here
2022-12-27T01:54:08.3256510Z   typedef struct asn1_pctx_st ASN1_PCTX;
2022-12-27T01:54:08.3257430Z                               ^
2022-12-27T01:54:08.3258630Z   In file included from src/boringssl/err_data.c:18:
2022-12-27T01:54:08.3259680Z   In file included from /usr/local/opt/openssl@3/include/openssl/err.h:28:
2022-12-27T01:54:08.3261300Z   /usr/local/opt/openssl@3/include/openssl/types.h:86:23: warning: redefinition of typedef 'BIO' is a C11 feature [-Wtypedef-redefinition]
2022-12-27T01:54:08.3261810Z   typedef struct bio_st BIO;
2022-12-27T01:54:08.3263230Z                         ^
2022-12-27T01:54:08.3264290Z   third_party/boringssl/include/openssl/base.h:235:23: note: previous definition is here
2022-12-27T01:54:08.3265330Z   typedef struct bio_st BIO;
2022-12-27T01:54:08.3266360Z                         ^
2022-12-27T01:54:08.3267550Z   In file included from src/boringssl/err_data.c:18:
2022-12-27T01:54:08.3268750Z   In file included from /usr/local/opt/openssl@3/include/openssl/err.h:28:
2022-12-27T01:54:08.3270060Z   /usr/local/opt/openssl@3/include/openssl/types.h:87:26: warning: redefinition of typedef 'BIGNUM' is a C11 feature [-Wtypedef-redefinition]
2022-12-27T01:54:08.3270830Z   typedef struct bignum_st BIGNUM;
2022-12-27T01:54:08.3271850Z                            ^
2022-12-27T01:54:08.3273040Z   third_party/boringssl/include/openssl/base.h:233:26: note: previous definition is here
2022-12-27T01:54:08.3274210Z   typedef struct bignum_st BIGNUM;
2022-12-27T01:54:08.3275110Z                            ^
2022-12-27T01:54:08.3276440Z   In file included from src/boringssl/err_data.c:18:
2022-12-27T01:54:08.3277340Z   In file included from /usr/local/opt/openssl@3/include/openssl/err.h:28:
2022-12-27T01:54:08.3278740Z   /usr/local/opt/openssl@3/include/openssl/types.h:88:27: warning: redefinition of typedef 'BN_CTX' is a C11 feature [-Wtypedef-redefinition]
2022-12-27T01:54:08.3279740Z   typedef struct bignum_ctx BN_CTX;
2022-12-27T01:54:08.3280580Z                             ^
2022-12-27T01:54:08.3282040Z   third_party/boringssl/include/openssl/base.h:232:27: note: previous definition is here
2022-12-27T01:54:08.3282910Z   typedef struct bignum_ctx BN_CTX;
2022-12-27T01:54:08.3284220Z                             ^
2022-12-27T01:54:08.3285350Z   In file included from src/boringssl/err_data.c:18:
2022-12-27T01:54:08.3286410Z   In file included from /usr/local/opt/openssl@3/include/openssl/err.h:28:
2022-12-27T01:54:08.3288010Z   /usr/local/opt/openssl@3/include/openssl/types.h:90:31: warning: redefinition of typedef 'BN_MONT_CTX' is a C11 feature [-Wtypedef-redefinition]
2022-12-27T01:54:08.3288650Z   typedef struct bn_mont_ctx_st BN_MONT_CTX;
2022-12-27T01:54:08.3289660Z                                 ^
2022-12-27T01:54:08.3290920Z   third_party/boringssl/include/openssl/base.h:237:31: note: previous definition is here
2022-12-27T01:54:08.3291870Z   typedef struct bn_mont_ctx_st BN_MONT_CTX;
2022-12-27T01:54:08.3293070Z                                 ^
2022-12-27T01:54:08.3294090Z   In file included from src/boringssl/err_data.c:18:
2022-12-27T01:54:08.3295220Z   In file included from /usr/local/opt/openssl@3/include/openssl/err.h:28:
2022-12-27T01:54:08.3296570Z   /usr/local/opt/openssl@3/include/openssl/types.h:92:28: warning: redefinition of typedef 'BN_GENCB' is a C11 feature [-Wtypedef-redefinition]
2022-12-27T01:54:08.3297430Z   typedef struct bn_gencb_st BN_GENCB;
2022-12-27T01:54:08.3298420Z                              ^
2022-12-27T01:54:08.3299740Z   third_party/boringssl/include/openssl/base.h:236:28: note: previous definition is here
2022-12-27T01:54:08.3300700Z   typedef struct bn_gencb_st BN_GENCB;
2022-12-27T01:54:08.3301840Z                              ^
2022-12-27T01:54:08.3303010Z   In file included from src/boringssl/err_data.c:18:
2022-12-27T01:54:08.3304150Z   In file included from /usr/local/opt/openssl@3/include/openssl/err.h:28:
2022-12-27T01:54:08.3305870Z   /usr/local/opt/openssl@3/include/openssl/types.h:94:27: warning: redefinition of typedef 'BUF_MEM' is a C11 feature [-Wtypedef-redefinition]
2022-12-27T01:54:08.3306500Z   typedef struct buf_mem_st BUF_MEM;
2022-12-27T01:54:08.3307580Z                             ^
2022-12-27T01:54:08.3308860Z   third_party/boringssl/include/openssl/base.h:238:27: note: previous definition is here
2022-12-27T01:54:08.3309720Z   typedef struct buf_mem_st BUF_MEM;
2022-12-27T01:54:08.3310860Z                             ^
2022-12-27T01:54:08.3311990Z   In file included from src/boringssl/err_data.c:18:
2022-12-27T01:54:08.3313030Z   In file included from /usr/local/opt/openssl@3/include/openssl/err.h:28:
2022-12-27T01:54:08.3314600Z   /usr/local/opt/openssl@3/include/openssl/types.h:101:30: warning: redefinition of typedef 'EVP_CIPHER' is a C11 feature [-Wtypedef-redefinition]
2022-12-27T01:54:08.3315220Z   typedef struct evp_cipher_st EVP_CIPHER;
2022-12-27T01:54:08.3316390Z                                ^
2022-12-27T01:54:08.3317540Z   third_party/boringssl/include/openssl/base.h:256:30: note: previous definition is here
2022-12-27T01:54:08.3318550Z   typedef struct evp_cipher_st EVP_CIPHER;
2022-12-27T01:54:08.3319660Z                                ^
2022-12-27T01:54:08.3320740Z   In file included from src/boringssl/err_data.c:18:
2022-12-27T01:54:08.3322060Z   In file included from /usr/local/opt/openssl@3/include/openssl/err.h:28:
2022-12-27T01:54:08.3323430Z   /usr/local/opt/openssl@3/include/openssl/types.h:102:34: warning: redefinition of typedef 'EVP_CIPHER_CTX' is a C11 feature [-Wtypedef-redefinition]
2022-12-27T01:54:08.3324430Z   typedef struct evp_cipher_ctx_st EVP_CIPHER_CTX;
2022-12-27T01:54:08.3325420Z                                    ^
2022-12-27T01:54:08.3326530Z   third_party/boringssl/include/openssl/base.h:255:34: note: previous definition is here
2022-12-27T01:54:08.3327680Z   typedef struct evp_cipher_ctx_st EVP_CIPHER_CTX;
2022-12-27T01:54:08.3328750Z                                    ^
2022-12-27T01:54:08.3330080Z   In file included from src/boringssl/err_data.c:18:
2022-12-27T01:54:08.3330990Z   In file included from /usr/local/opt/openssl@3/include/openssl/err.h:28:
2022-12-27T01:54:08.3332470Z   /usr/local/opt/openssl@3/include/openssl/types.h:103:26: error: typedef redefinition with different types ('struct evp_md_st' vs 'struct env_md_st')
2022-12-27T01:54:08.3333180Z   typedef struct evp_md_st EVP_MD;
2022-12-27T01:54:08.3334370Z                            ^
2022-12-27T01:54:08.3335550Z   third_party/boringssl/include/openssl/base.h:253:26: note: previous definition is here
2022-12-27T01:54:08.3336470Z   typedef struct env_md_st EVP_MD;
2022-12-27T01:54:08.3337630Z                            ^
2022-12-27T01:54:08.3338780Z   In file included from src/boringssl/err_data.c:18:
2022-12-27T01:54:08.3339780Z   In file included from /usr/local/opt/openssl@3/include/openssl/err.h:28:
2022-12-27T01:54:08.3341280Z   /usr/local/opt/openssl@3/include/openssl/types.h:104:30: error: typedef redefinition with different types ('struct evp_md_ctx_st' vs 'struct env_md_ctx_st')
2022-12-27T01:54:08.3341990Z   typedef struct evp_md_ctx_st EVP_MD_CTX;
2022-12-27T01:54:08.3343310Z                                ^
2022-12-27T01:54:08.3344520Z   third_party/boringssl/include/openssl/base.h:252:30: note: previous definition is here
2022-12-27T01:54:08.3345470Z   typedef struct env_md_ctx_st EVP_MD_CTX;
2022-12-27T01:54:08.3346610Z                                ^
2022-12-27T01:54:08.3347740Z   In file included from src/boringssl/err_data.c:18:
2022-12-27T01:54:08.3348760Z   In file included from /usr/local/opt/openssl@3/include/openssl/err.h:28:
2022-12-27T01:54:08.3350250Z   /usr/local/opt/openssl@3/include/openssl/types.h:107:28: warning: redefinition of typedef 'EVP_PKEY' is a C11 feature [-Wtypedef-redefinition]
2022-12-27T01:54:08.3350970Z   typedef struct evp_pkey_st EVP_PKEY;
2022-12-27T01:54:08.3352210Z                              ^
2022-12-27T01:54:08.3353420Z   third_party/boringssl/include/openssl/base.h:261:28: note: previous definition is here
2022-12-27T01:54:08.3354370Z   typedef struct evp_pkey_st EVP_PKEY;
2022-12-27T01:54:08.3355500Z                              ^
2022-12-27T01:54:08.3356630Z   In file included from src/boringssl/err_data.c:18:
2022-12-27T01:54:08.3357660Z   In file included from /usr/local/opt/openssl@3/include/openssl/err.h:28:
2022-12-27T01:54:08.3359190Z   /usr/local/opt/openssl@3/include/openssl/types.h:109:40: warning: redefinition of typedef 'EVP_PKEY_ASN1_METHOD' is a C11 feature [-Wtypedef-redefinition]
2022-12-27T01:54:08.3359920Z   typedef struct evp_pkey_asn1_method_st EVP_PKEY_ASN1_METHOD;
2022-12-27T01:54:08.3360920Z                                          ^
2022-12-27T01:54:08.3362260Z   third_party/boringssl/include/openssl/base.h:258:40: note: previous definition is here
2022-12-27T01:54:08.3363260Z   typedef struct evp_pkey_asn1_method_st EVP_PKEY_ASN1_METHOD;
2022-12-27T01:54:08.3364420Z                                          ^
2022-12-27T01:54:08.3365400Z   In file included from src/boringssl/err_data.c:18:
2022-12-27T01:54:08.3366610Z   In file included from /usr/local/opt/openssl@3/include/openssl/err.h:28:
2022-12-27T01:54:08.3368070Z   /usr/local/opt/openssl@3/include/openssl/types.h:111:35: warning: redefinition of typedef 'EVP_PKEY_METHOD' is a C11 feature [-Wtypedef-redefinition]
2022-12-27T01:54:08.3368810Z   typedef struct evp_pkey_method_st EVP_PKEY_METHOD;
2022-12-27T01:54:08.3369950Z                                     ^
2022-12-27T01:54:08.3371170Z   third_party/boringssl/include/openssl/base.h:260:35: note: previous definition is here
2022-12-27T01:54:08.3372200Z   typedef struct evp_pkey_method_st EVP_PKEY_METHOD;
2022-12-27T01:54:08.3373510Z                                     ^
2022-12-27T01:54:08.3374520Z   In file included from src/boringssl/err_data.c:18:
2022-12-27T01:54:08.3375500Z   In file included from /usr/local/opt/openssl@3/include/openssl/err.h:28:
2022-12-27T01:54:08.3377280Z   /usr/local/opt/openssl@3/include/openssl/types.h:112:32: warning: redefinition of typedef 'EVP_PKEY_CTX' is a C11 feature [-Wtypedef-redefinition]
2022-12-27T01:54:08.3377780Z   typedef struct evp_pkey_ctx_st EVP_PKEY_CTX;
2022-12-27T01:54:08.3378800Z                                  ^
2022-12-27T01:54:08.3380040Z   third_party/boringssl/include/openssl/base.h:259:32: note: previous definition is here
2022-12-27T01:54:08.3381010Z   typedef struct evp_pkey_ctx_st EVP_PKEY_CTX;
2022-12-27T01:54:08.3382180Z                                  ^
2022-12-27T01:54:08.3383330Z   In file included from src/boringssl/err_data.c:18:
2022-12-27T01:54:08.3384400Z   In file included from /usr/local/opt/openssl@3/include/openssl/err.h:28:
2022-12-27T01:54:08.3385780Z   /usr/local/opt/openssl@3/include/openssl/types.h:130:34: error: typedef redefinition with different types ('struct evp_Encode_Ctx_st' vs 'struct evp_encode_ctx_st')
2022-12-27T01:54:08.3386840Z   typedef struct evp_Encode_Ctx_st EVP_ENCODE_CTX;
2022-12-27T01:54:08.3387670Z                                    ^
2022-12-27T01:54:08.3388910Z   third_party/boringssl/include/openssl/base.h:257:34: note: previous definition is here
2022-12-27T01:54:08.3389910Z   typedef struct evp_encode_ctx_st EVP_ENCODE_CTX;
2022-12-27T01:54:08.3390960Z                                    ^
2022-12-27T01:54:08.3392060Z   In file included from src/boringssl/err_data.c:18:
2022-12-27T01:54:08.3393190Z   In file included from /usr/local/opt/openssl@3/include/openssl/err.h:28:
2022-12-27T01:54:08.3394600Z   /usr/local/opt/openssl@3/include/openssl/types.h:132:28: warning: redefinition of typedef 'HMAC_CTX' is a C11 feature [-Wtypedef-redefinition]
2022-12-27T01:54:08.3395570Z   typedef struct hmac_ctx_st HMAC_CTX;
2022-12-27T01:54:08.3396470Z                              ^
2022-12-27T01:54:08.3397790Z   third_party/boringssl/include/openssl/base.h:262:28: note: previous definition is here
2022-12-27T01:54:08.3398740Z   typedef struct hmac_ctx_st HMAC_CTX;
2022-12-27T01:54:08.3399790Z                              ^
2022-12-27T01:54:08.3401040Z   In file included from src/boringssl/err_data.c:18:
2022-12-27T01:54:08.3402100Z   In file included from /usr/local/opt/openssl@3/include/openssl/err.h:28:
2022-12-27T01:54:08.3403660Z   /usr/local/opt/openssl@3/include/openssl/types.h:134:22: warning: redefinition of typedef 'DH' is a C11 feature [-Wtypedef-redefinition]
2022-12-27T01:54:08.3404360Z   typedef struct dh_st DH;
2022-12-27T01:54:08.3405390Z                        ^
2022-12-27T01:54:08.3406690Z   third_party/boringssl/include/openssl/base.h:244:22: note: previous definition is here
2022-12-27T01:54:08.3407610Z   typedef struct dh_st DH;
2022-12-27T01:54:08.3408760Z                        ^
2022-12-27T01:54:08.3409800Z   In file included from src/boringssl/err_data.c:18:
2022-12-27T01:54:08.3410910Z   In file included from /usr/local/opt/openssl@3/include/openssl/err.h:28:
2022-12-27T01:54:08.3412300Z   /usr/local/opt/openssl@3/include/openssl/types.h:138:23: warning: redefinition of typedef 'DSA' is a C11 feature [-Wtypedef-redefinition]
2022-12-27T01:54:08.3413090Z   typedef struct dsa_st DSA;
2022-12-27T01:54:08.3414240Z                         ^
2022-12-27T01:54:08.3415480Z   third_party/boringssl/include/openssl/base.h:245:23: note: previous definition is here
2022-12-27T01:54:08.3416350Z   typedef struct dsa_st DSA;
2022-12-27T01:54:08.3417510Z                         ^
2022-12-27T01:54:08.3418560Z   In file included from src/boringssl/err_data.c:18:
2022-12-27T01:54:08.3419760Z   In file included from /usr/local/opt/openssl@3/include/openssl/err.h:28:
2022-12-27T01:54:08.3421040Z   /usr/local/opt/openssl@3/include/openssl/types.h:143:23: warning: redefinition of typedef 'RSA' is a C11 feature [-Wtypedef-redefinition]
2022-12-27T01:54:08.3421820Z   typedef struct rsa_st RSA;
2022-12-27T01:54:08.3422960Z                         ^
2022-12-27T01:54:08.3424160Z   third_party/boringssl/include/openssl/base.h:272:23: note: previous definition is here
2022-12-27T01:54:08.3425210Z   typedef struct rsa_st RSA;
2022-12-27T01:54:08.3426390Z                         ^
2022-12-27T01:54:08.3427470Z   In file included from src/boringssl/err_data.c:18:
2022-12-27T01:54:08.3428440Z   In file included from /usr/local/opt/openssl@3/include/openssl/err.h:28:
2022-12-27T01:54:08.3429850Z   /usr/local/opt/openssl@3/include/openssl/types.h:144:28: warning: redefinition of typedef 'RSA_METHOD' is a C11 feature [-Wtypedef-redefinition]
2022-12-27T01:54:08.3430640Z   typedef struct rsa_meth_st RSA_METHOD;
2022-12-27T01:54:08.3431650Z                              ^
2022-12-27T01:54:08.3433010Z   third_party/boringssl/include/openssl/base.h:271:28: note: previous definition is here
2022-12-27T01:54:08.3433920Z   typedef struct rsa_meth_st RSA_METHOD;
2022-12-27T01:54:08.3435160Z                              ^
2022-12-27T01:54:08.3436080Z   In file included from src/boringssl/err_data.c:18:
2022-12-27T01:54:08.3437250Z   In file included from /usr/local/opt/openssl@3/include/openssl/err.h:28:
2022-12-27T01:54:08.3438710Z   /usr/local/opt/openssl@3/include/openssl/types.h:149:26: warning: redefinition of typedef 'EC_KEY' is a C11 feature [-Wtypedef-redefinition]
2022-12-27T01:54:08.3439330Z   typedef struct ec_key_st EC_KEY;
2022-12-27T01:54:08.3440470Z                            ^
2022-12-27T01:54:08.3441600Z   third_party/boringssl/include/openssl/base.h:247:26: note: previous definition is here
2022-12-27T01:54:08.3442990Z   typedef struct ec_key_st EC_KEY;
2022-12-27T01:54:08.3443700Z                            ^
2022-12-27T01:54:08.3444930Z   In file included from src/boringssl/err_data.c:18:
2022-12-27T01:54:08.3445940Z   In file included from /usr/local/opt/openssl@3/include/openssl/err.h:28:
2022-12-27T01:54:08.3447440Z   /usr/local/opt/openssl@3/include/openssl/types.h:153:29: warning: redefinition of typedef 'RAND_METHOD' is a C11 feature [-Wtypedef-redefinition]
2022-12-27T01:54:08.3448130Z   typedef struct rand_meth_st RAND_METHOD;
2022-12-27T01:54:08.3449180Z                               ^
2022-12-27T01:54:08.3450490Z   third_party/boringssl/include/openssl/base.h:269:29: note: previous definition is here
2022-12-27T01:54:08.3451520Z   typedef struct rand_meth_st RAND_METHOD;
2022-12-27T01:54:08.3452560Z                               ^
2022-12-27T01:54:08.3453740Z   In file included from src/boringssl/err_data.c:18:
2022-12-27T01:54:08.3454860Z   In file included from /usr/local/opt/openssl@3/include/openssl/err.h:28:
2022-12-27T01:54:08.3456210Z   /usr/local/opt/openssl@3/include/openssl/types.h:157:24: warning: redefinition of typedef 'X509' is a C11 feature [-Wtypedef-redefinition]
2022-12-27T01:54:08.3457000Z   typedef struct x509_st X509;
2022-12-27T01:54:08.3458070Z                          ^
2022-12-27T01:54:08.3459240Z   third_party/boringssl/include/openssl/base.h:293:24: note: previous definition is here
2022-12-27T01:54:08.3460270Z   typedef struct x509_st X509;
2022-12-27T01:54:08.3461380Z                          ^
2022-12-27T01:54:08.3462520Z   In file included from src/boringssl/err_data.c:18:
2022-12-27T01:54:08.3463650Z   In file included from /usr/local/opt/openssl@3/include/openssl/err.h:28:
2022-12-27T01:54:08.3465050Z   /usr/local/opt/openssl@3/include/openssl/types.h:158:30: warning: redefinition of typedef 'X509_ALGOR' is a C11 feature [-Wtypedef-redefinition]
2022-12-27T01:54:08.3465830Z   typedef struct X509_algor_st X509_ALGOR;
2022-12-27T01:54:08.3466920Z                                ^
2022-12-27T01:54:08.3468150Z   third_party/boringssl/include/openssl/base.h:219:30: note: previous definition is here
2022-12-27T01:54:08.3469080Z   typedef struct X509_algor_st X509_ALGOR;
2022-12-27T01:54:08.3470230Z                                ^
2022-12-27T01:54:08.3471400Z   In file included from src/boringssl/err_data.c:18:
2022-12-27T01:54:08.3472580Z   In file included from /usr/local/opt/openssl@3/include/openssl/err.h:28:
2022-12-27T01:54:08.3473890Z   /usr/local/opt/openssl@3/include/openssl/types.h:159:28: warning: redefinition of typedef 'X509_CRL' is a C11 feature [-Wtypedef-redefinition]
2022-12-27T01:54:08.3474700Z   typedef struct X509_crl_st X509_CRL;
2022-12-27T01:54:08.3475950Z                              ^
2022-12-27T01:54:08.3476980Z   third_party/boringssl/include/openssl/base.h:221:28: note: previous definition is here
2022-12-27T01:54:08.3477980Z   typedef struct X509_crl_st X509_CRL;
2022-12-27T01:54:08.3479080Z                              ^
2022-12-27T01:54:08.3480240Z   In file included from src/boringssl/err_data.c:18:
2022-12-27T01:54:08.3481250Z   In file included from /usr/local/opt/openssl@3/include/openssl/err.h:28:
2022-12-27T01:54:08.3482820Z   /usr/local/opt/openssl@3/include/openssl/types.h:160:35: warning: redefinition of typedef 'X509_CRL_METHOD' is a C11 feature [-Wtypedef-redefinition]
2022-12-27T01:54:08.3483550Z   typedef struct x509_crl_method_st X509_CRL_METHOD;
2022-12-27T01:54:08.3484650Z                                     ^
2022-12-27T01:54:08.3485860Z   third_party/boringssl/include/openssl/base.h:290:35: note: previous definition is here
2022-12-27T01:54:08.3486840Z   typedef struct x509_crl_method_st X509_CRL_METHOD;
2022-12-27T01:54:08.3487940Z                                     ^
2022-12-27T01:54:08.3489060Z   In file included from src/boringssl/err_data.c:18:
2022-12-27T01:54:08.3490110Z   In file included from /usr/local/opt/openssl@3/include/openssl/err.h:28:
2022-12-27T01:54:08.3491580Z   /usr/local/opt/openssl@3/include/openssl/types.h:161:32: warning: redefinition of typedef 'X509_REVOKED' is a C11 feature [-Wtypedef-redefinition]
2022-12-27T01:54:08.3492320Z   typedef struct x509_revoked_st X509_REVOKED;
2022-12-27T01:54:08.3493420Z                                  ^
2022-12-27T01:54:08.3494620Z   third_party/boringssl/include/openssl/base.h:292:32: note: previous definition is here
2022-12-27T01:54:08.3495600Z   typedef struct x509_revoked_st X509_REVOKED;
2022-12-27T01:54:08.3496740Z                                  ^
2022-12-27T01:54:08.3497790Z   In file included from src/boringssl/err_data.c:18:
2022-12-27T01:54:08.3498980Z   In file included from /usr/local/opt/openssl@3/include/openssl/err.h:28:
2022-12-27T01:54:08.3500270Z   /usr/local/opt/openssl@3/include/openssl/types.h:162:29: warning: redefinition of typedef 'X509_NAME' is a C11 feature [-Wtypedef-redefinition]
2022-12-27T01:54:08.3501090Z   typedef struct X509_name_st X509_NAME;
2022-12-27T01:54:08.3502460Z                               ^
2022-12-27T01:54:08.3503380Z   third_party/boringssl/include/openssl/base.h:225:29: note: previous definition is here
2022-12-27T01:54:08.3504440Z   typedef struct X509_name_st X509_NAME;
2022-12-27T01:54:08.3505530Z                               ^
2022-12-27T01:54:08.3506670Z   In file included from src/boringssl/err_data.c:18:
2022-12-27T01:54:08.3507720Z   In file included from /usr/local/opt/openssl@3/include/openssl/err.h:28:
2022-12-27T01:54:08.3509230Z   /usr/local/opt/openssl@3/include/openssl/types.h:163:31: warning: redefinition of typedef 'X509_PUBKEY' is a C11 feature [-Wtypedef-redefinition]
2022-12-27T01:54:08.3509960Z   typedef struct X509_pubkey_st X509_PUBKEY;
2022-12-27T01:54:08.3511090Z                                 ^
2022-12-27T01:54:08.3512290Z   third_party/boringssl/include/openssl/base.h:227:31: note: previous definition is here
2022-12-27T01:54:08.3513250Z   typedef struct X509_pubkey_st X509_PUBKEY;
2022-12-27T01:54:08.3514340Z                                 ^
2022-12-27T01:54:08.3515480Z   In file included from src/boringssl/err_data.c:18:
2022-12-27T01:54:08.3516510Z   In file included from /usr/local/opt/openssl@3/include/openssl/err.h:28:
2022-12-27T01:54:08.3518000Z   /usr/local/opt/openssl@3/include/openssl/types.h:164:30: warning: redefinition of typedef 'X509_STORE' is a C11 feature [-Wtypedef-redefinition]
2022-12-27T01:54:08.3518690Z   typedef struct x509_store_st X509_STORE;
2022-12-27T01:54:08.3519850Z                                ^
2022-12-27T01:54:08.3521010Z   third_party/boringssl/include/openssl/base.h:295:30: note: previous definition is here
2022-12-27T01:54:08.3521970Z   typedef struct x509_store_st X509_STORE;
2022-12-27T01:54:08.3523160Z                                ^
2022-12-27T01:54:08.3524420Z   In file included from src/boringssl/err_data.c:18:
2022-12-27T01:54:08.3525330Z   In file included from /usr/local/opt/openssl@3/include/openssl/err.h:28:
2022-12-27T01:54:08.3526810Z   /usr/local/opt/openssl@3/include/openssl/types.h:165:34: warning: redefinition of typedef 'X509_STORE_CTX' is a C11 feature [-Wtypedef-redefinition]
2022-12-27T01:54:08.3527530Z   typedef struct x509_store_ctx_st X509_STORE_CTX;
2022-12-27T01:54:08.3528650Z                                    ^
2022-12-27T01:54:08.3529840Z   third_party/boringssl/include/openssl/base.h:294:34: note: previous definition is here
2022-12-27T01:54:08.3530800Z   typedef struct x509_store_ctx_st X509_STORE_CTX;
2022-12-27T01:54:08.3531960Z                                    ^
2022-12-27T01:54:08.3532960Z   In file included from src/boringssl/err_data.c:18:
2022-12-27T01:54:08.3534190Z   In file included from /usr/local/opt/openssl@3/include/openssl/err.h:28:
2022-12-27T01:54:08.3535500Z   /usr/local/opt/openssl@3/include/openssl/types.h:168:31: warning: redefinition of typedef 'X509_LOOKUP' is a C11 feature [-Wtypedef-redefinition]
2022-12-27T01:54:08.3536330Z   typedef struct x509_lookup_st X509_LOOKUP;
2022-12-27T01:54:08.3537450Z                                 ^
2022-12-27T01:54:08.3538660Z   third_party/boringssl/include/openssl/base.h:291:31: note: previous definition is here
2022-12-27T01:54:08.3539600Z   typedef struct x509_lookup_st X509_LOOKUP;
2022-12-27T01:54:08.3540710Z                                 ^
2022-12-27T01:54:08.3541830Z   In file included from src/boringssl/err_data.c:18:
2022-12-27T01:54:08.3542950Z   In file included from /usr/local/opt/openssl@3/include/openssl/err.h:28:
2022-12-27T01:54:08.3544440Z   /usr/local/opt/openssl@3/include/openssl/types.h:170:37: warning: redefinition of typedef 'X509_VERIFY_PARAM' is a C11 feature [-Wtypedef-redefinition]
2022-12-27T01:54:08.3545220Z   typedef struct X509_VERIFY_PARAM_st X509_VERIFY_PARAM;
2022-12-27T01:54:08.3546220Z                                       ^
2022-12-27T01:54:08.3547520Z   third_party/boringssl/include/openssl/base.h:218:37: note: previous definition is here
2022-12-27T01:54:08.3548510Z   typedef struct X509_VERIFY_PARAM_st X509_VERIFY_PARAM;
2022-12-27T01:54:08.3549610Z                                       ^
2022-12-27T01:54:08.3550730Z   In file included from src/boringssl/err_data.c:18:
2022-12-27T01:54:08.3552010Z   In file included from /usr/local/opt/openssl@3/include/openssl/err.h:28:
2022-12-27T01:54:08.3553350Z   /usr/local/opt/openssl@3/include/openssl/types.h:174:39: warning: redefinition of typedef 'PKCS8_PRIV_KEY_INFO' is a C11 feature [-Wtypedef-redefinition]
2022-12-27T01:54:08.3554210Z   typedef struct pkcs8_priv_key_info_st PKCS8_PRIV_KEY_INFO;
2022-12-27T01:54:08.3555230Z                                         ^
2022-12-27T01:54:08.3556500Z   third_party/boringssl/include/openssl/base.h:267:39: note: previous definition is here
2022-12-27T01:54:08.3557500Z   typedef struct pkcs8_priv_key_info_st PKCS8_PRIV_KEY_INFO;
2022-12-27T01:54:08.3558620Z                                         ^
2022-12-27T01:54:08.3559740Z   In file included from src/boringssl/err_data.c:18:
2022-12-27T01:54:08.3560790Z   In file included from /usr/local/opt/openssl@3/include/openssl/err.h:28:
2022-12-27T01:54:08.3562310Z   /usr/local/opt/openssl@3/include/openssl/types.h:176:27: warning: redefinition of typedef 'X509V3_CTX' is a C11 feature [-Wtypedef-redefinition]
2022-12-27T01:54:08.3563080Z   typedef struct v3_ext_ctx X509V3_CTX;
2022-12-27T01:54:08.3564230Z                             ^
2022-12-27T01:54:08.3565430Z   third_party/boringssl/include/openssl/base.h:285:27: note: previous definition is here
2022-12-27T01:54:08.3566370Z   typedef struct v3_ext_ctx X509V3_CTX;
2022-12-27T01:54:08.3567520Z                             ^
2022-12-27T01:54:08.3568670Z   In file included from src/boringssl/err_data.c:18:
2022-12-27T01:54:08.3569700Z   In file included from /usr/local/opt/openssl@3/include/openssl/err.h:28:
2022-12-27T01:54:08.3571320Z   /usr/local/opt/openssl@3/include/openssl/types.h:177:24: warning: redefinition of typedef 'CONF' is a C11 feature [-Wtypedef-redefinition]
2022-12-27T01:54:08.3571940Z   typedef struct conf_st CONF;
2022-12-27T01:54:08.3573060Z                          ^
2022-12-27T01:54:08.3574250Z   third_party/boringssl/include/openssl/base.h:242:24: note: previous definition is here
2022-12-27T01:54:08.3575180Z   typedef struct conf_st CONF;
2022-12-27T01:54:08.3576330Z                          ^
2022-12-27T01:54:08.3577480Z   In file included from src/boringssl/err_data.c:18:
2022-12-27T01:54:08.3578520Z   In file included from /usr/local/opt/openssl@3/include/openssl/err.h:28:
2022-12-27T01:54:08.3580000Z   /usr/local/opt/openssl@3/include/openssl/types.h:183:26: warning: redefinition of typedef 'ENGINE' is a C11 feature [-Wtypedef-redefinition]
2022-12-27T01:54:08.3580730Z   typedef struct engine_st ENGINE;
2022-12-27T01:54:08.3581890Z                            ^
2022-12-27T01:54:08.3583180Z   third_party/boringssl/include/openssl/base.h:251:26: note: previous definition is here
2022-12-27T01:54:08.3584130Z   typedef struct engine_st ENGINE;
2022-12-27T01:54:08.3585310Z                            ^
2022-12-27T01:54:08.3586470Z   In file included from src/boringssl/err_data.c:18:
2022-12-27T01:54:08.3587490Z   In file included from /usr/local/opt/openssl@3/include/openssl/err.h:28:
2022-12-27T01:54:08.3588950Z   /usr/local/opt/openssl@3/include/openssl/types.h:184:23: warning: redefinition of typedef 'SSL' is a C11 feature [-Wtypedef-redefinition]
2022-12-27T01:54:08.3589680Z   typedef struct ssl_st SSL;
2022-12-27T01:54:08.3590830Z                         ^
2022-12-27T01:54:08.3592040Z   third_party/boringssl/include/openssl/base.h:283:23: note: previous definition is here
2022-12-27T01:54:08.3592990Z   typedef struct ssl_st SSL;
2022-12-27T01:54:08.3594070Z                         ^
2022-12-27T01:54:08.3595340Z   In file included from src/boringssl/err_data.c:18:
2022-12-27T01:54:08.3596370Z   In file included from /usr/local/opt/openssl@3/include/openssl/err.h:28:
2022-12-27T01:54:08.3597950Z   /usr/local/opt/openssl@3/include/openssl/types.h:185:27: warning: redefinition of typedef 'SSL_CTX' is a C11 feature [-Wtypedef-redefinition]
2022-12-27T01:54:08.3598960Z   typedef struct ssl_ctx_st SSL_CTX;
2022-12-27T01:54:08.3612640Z                             ^
2022-12-27T01:54:08.3613160Z   third_party/boringssl/include/openssl/base.h:279:27: note: previous definition is here
2022-12-27T01:54:08.3613500Z   typedef struct ssl_ctx_st SSL_CTX;
2022-12-27T01:54:08.3613910Z                             ^
2022-12-27T01:54:08.3614180Z   In file included from src/boringssl/err_data.c:18:
2022-12-27T01:54:08.3614480Z   In file included from /usr/local/opt/openssl@3/include/openssl/err.h:28:
2022-12-27T01:54:08.3615170Z   /usr/local/opt/openssl@3/include/openssl/types.h:190:36: warning: redefinition of typedef 'X509_POLICY_NODE' is a C11 feature [-Wtypedef-redefinition]
2022-12-27T01:54:08.3615560Z   typedef struct X509_POLICY_NODE_st X509_POLICY_NODE;
2022-12-27T01:54:08.3615770Z                                      ^
2022-12-27T01:54:08.3616020Z   third_party/boringssl/include/openssl/base.h:216:36: note: previous definition is here
2022-12-27T01:54:08.3616310Z   typedef struct X509_POLICY_NODE_st X509_POLICY_NODE;
2022-12-27T01:54:08.3616520Z                                      ^
2022-12-27T01:54:08.3616730Z   In file included from src/boringssl/err_data.c:18:
2022-12-27T01:54:08.3617010Z   In file included from /usr/local/opt/openssl@3/include/openssl/err.h:28:
2022-12-27T01:54:08.3617570Z   /usr/local/opt/openssl@3/include/openssl/types.h:191:37: warning: redefinition of typedef 'X509_POLICY_LEVEL' is a C11 feature [-Wtypedef-redefinition]
2022-12-27T01:54:08.3617920Z   typedef struct X509_POLICY_LEVEL_st X509_POLICY_LEVEL;
2022-12-27T01:54:08.3618130Z                                       ^
2022-12-27T01:54:08.3618570Z   third_party/boringssl/include/openssl/base.h:215:37: note: previous definition is here
2022-12-27T01:54:08.3619830Z   typedef struct X509_POLICY_LEVEL_st X509_POLICY_LEVEL;
2022-12-27T01:54:08.3620740Z                                       ^
2022-12-27T01:54:08.3621840Z   In file included from src/boringssl/err_data.c:18:
2022-12-27T01:54:08.3623100Z   In file included from /usr/local/opt/openssl@3/include/openssl/err.h:28:
2022-12-27T01:54:08.3624510Z   /usr/local/opt/openssl@3/include/openssl/types.h:192:36: warning: redefinition of typedef 'X509_POLICY_TREE' is a C11 feature [-Wtypedef-redefinition]
2022-12-27T01:54:08.3625320Z   typedef struct X509_POLICY_TREE_st X509_POLICY_TREE;
2022-12-27T01:54:08.3626310Z                                      ^
2022-12-27T01:54:08.3627590Z   third_party/boringssl/include/openssl/base.h:217:36: note: previous definition is here
2022-12-27T01:54:08.3628620Z   typedef struct X509_POLICY_TREE_st X509_POLICY_TREE;
2022-12-27T01:54:08.3629620Z                                      ^
2022-12-27T01:54:08.3630720Z   In file included from src/boringssl/err_data.c:18:
2022-12-27T01:54:08.3631860Z   In file included from /usr/local/opt/openssl@3/include/openssl/err.h:28:
2022-12-27T01:54:08.3633280Z   /usr/local/opt/openssl@3/include/openssl/types.h:193:37: warning: redefinition of typedef 'X509_POLICY_CACHE' is a C11 feature [-Wtypedef-redefinition]
2022-12-27T01:54:08.3634130Z   typedef struct X509_POLICY_CACHE_st X509_POLICY_CACHE;
2022-12-27T01:54:08.3635210Z                                       ^
2022-12-27T01:54:08.3636450Z   third_party/boringssl/include/openssl/base.h:214:37: note: previous definition is here
2022-12-27T01:54:08.3637380Z   typedef struct X509_POLICY_CACHE_st X509_POLICY_CACHE;
2022-12-27T01:54:08.3638370Z                                       ^
2022-12-27T01:54:08.3639820Z   In file included from src/boringssl/err_data.c:18:
2022-12-27T01:54:08.3640940Z   In file included from /usr/local/opt/openssl@3/include/openssl/err.h:28:
2022-12-27T01:54:08.3642500Z   /usr/local/opt/openssl@3/include/openssl/types.h:195:35: warning: redefinition of typedef 'AUTHORITY_KEYID' is a C11 feature [-Wtypedef-redefinition]
2022-12-27T01:54:08.3643240Z   typedef struct AUTHORITY_KEYID_st AUTHORITY_KEYID;
2022-12-27T01:54:08.3644230Z                                     ^
2022-12-27T01:54:08.3645680Z   third_party/boringssl/include/openssl/base.h:201:35: note: previous definition is here
2022-12-27T01:54:08.3646710Z   typedef struct AUTHORITY_KEYID_st AUTHORITY_KEYID;
2022-12-27T01:54:08.3647650Z                                     ^
2022-12-27T01:54:08.3648770Z   In file included from src/boringssl/err_data.c:18:
2022-12-27T01:54:08.3649770Z   In file included from /usr/local/opt/openssl@3/include/openssl/err.h:28:
2022-12-27T01:54:08.3651380Z   /usr/local/opt/openssl@3/include/openssl/types.h:196:30: warning: redefinition of typedef 'DIST_POINT' is a C11 feature [-Wtypedef-redefinition]
2022-12-27T01:54:08.3652250Z   typedef struct DIST_POINT_st DIST_POINT;
2022-12-27T01:54:08.3653230Z                                ^
2022-12-27T01:54:08.3654560Z   third_party/boringssl/include/openssl/base.h:203:30: note: previous definition is here
2022-12-27T01:54:08.3655520Z   typedef struct DIST_POINT_st DIST_POINT;
2022-12-27T01:54:08.3656680Z                                ^
2022-12-27T01:54:08.3657790Z   In file included from src/boringssl/err_data.c:18:
2022-12-27T01:54:08.3659030Z   In file included from /usr/local/opt/openssl@3/include/openssl/err.h:28:
2022-12-27T01:54:08.3660270Z   /usr/local/opt/openssl@3/include/openssl/types.h:197:38: warning: redefinition of typedef 'ISSUING_DIST_POINT' is a C11 feature [-Wtypedef-redefinition]
2022-12-27T01:54:08.3661070Z   typedef struct ISSUING_DIST_POINT_st ISSUING_DIST_POINT;
2022-12-27T01:54:08.3662220Z                                        ^
2022-12-27T01:54:08.3663470Z   third_party/boringssl/include/openssl/base.h:205:38: note: previous definition is here
2022-12-27T01:54:08.3664440Z   typedef struct ISSUING_DIST_POINT_st ISSUING_DIST_POINT;
2022-12-27T01:54:08.3665570Z                                        ^
2022-12-27T01:54:08.3666830Z   In file included from src/boringssl/err_data.c:18:
2022-12-27T01:54:08.3667750Z   In file included from /usr/local/opt/openssl@3/include/openssl/err.h:28:
2022-12-27T01:54:08.3669260Z   /usr/local/opt/openssl@3/include/openssl/types.h:198:36: warning: redefinition of typedef 'NAME_CONSTRAINTS' is a C11 feature [-Wtypedef-redefinition]
2022-12-27T01:54:08.3669960Z   typedef struct NAME_CONSTRAINTS_st NAME_CONSTRAINTS;
2022-12-27T01:54:08.3671060Z                                      ^
2022-12-27T01:54:08.3672280Z   third_party/boringssl/include/openssl/base.h:206:36: note: previous definition is here
2022-12-27T01:54:08.3673250Z   typedef struct NAME_CONSTRAINTS_st NAME_CONSTRAINTS;
2022-12-27T01:54:08.3674360Z                                      ^
2022-12-27T01:54:08.3675500Z   In file included from src/boringssl/err_data.c:18:
2022-12-27T01:54:08.3676520Z   In file included from /usr/local/opt/openssl@3/include/openssl/err.h:29:
2022-12-27T01:54:08.3677730Z   In file included from /usr/local/opt/openssl@3/include/openssl/bio.h:30:
2022-12-27T01:54:08.3679030Z   /usr/local/opt/openssl@3/include/openssl/crypto.h:308:3: error: typedef redefinition with different types ('struct crypto_threadid_st' vs 'int')
2022-12-27T01:54:08.3679800Z   } CRYPTO_THREADID;
2022-12-27T01:54:08.3680940Z     ^
2022-12-27T01:54:08.3682220Z   third_party/boringssl/include/openssl/base.h:176:13: note: previous definition is here
2022-12-27T01:54:08.3683200Z   typedef int CRYPTO_THREADID;
2022-12-27T01:54:08.3684340Z               ^
2022-12-27T01:54:08.3685490Z   In file included from src/boringssl/err_data.c:18:
2022-12-27T01:54:08.3686530Z   In file included from /usr/local/opt/openssl@3/include/openssl/err.h:29:
2022-12-27T01:54:08.3688010Z   /usr/local/opt/openssl@3/include/openssl/bio.h:296:30: warning: redefinition of typedef 'BIO_METHOD' is a C11 feature [-Wtypedef-redefinition]
2022-12-27T01:54:08.3688770Z   typedef struct bio_method_st BIO_METHOD;
2022-12-27T01:54:08.3689870Z                                ^
2022-12-27T01:54:08.3691080Z   third_party/boringssl/include/openssl/base.h:234:30: note: previous definition is here
2022-12-27T01:54:08.3692030Z   typedef struct bio_method_st BIO_METHOD;
2022-12-27T01:54:08.3693160Z                                ^
2022-12-27T01:54:08.3694650Z   src/boringssl/err_data.c:33:1: error: 'OPENSSL_COMPILE_ASSERT_library_values_changed_12' declared as an array with a negative size
2022-12-27T01:54:08.3695490Z   OPENSSL_COMPILE_ASSERT(ERR_LIB_ASN1 == 12, library_values_changed_12);
2022-12-27T01:54:08.3696630Z   ^~~~~~~~~~~~~~~~~~~~~~~~~~~~~~~~~~~~~~~~~~~~~~~~~~~~~~~~~~~~~~~~~~~~~
2022-12-27T01:54:08.3698000Z   third_party/boringssl/include/openssl/type_check.h:83:45: note: expanded from macro 'OPENSSL_COMPILE_ASSERT'
2022-12-27T01:54:08.3698930Z     typedef char OPENSSL_COMPILE_ASSERT_##msg[((cond) ? 1 : -1)]
2022-12-27T01:54:08.3699860Z                                               ^~~~~~~~~~~~~~~~~
2022-12-27T01:54:08.3701360Z   src/boringssl/err_data.c:34:1: error: 'OPENSSL_COMPILE_ASSERT_library_values_changed_13' declared as an array with a negative size
2022-12-27T01:54:08.3702220Z   OPENSSL_COMPILE_ASSERT(ERR_LIB_CONF == 13, library_values_changed_13);
2022-12-27T01:54:08.3703380Z   ^~~~~~~~~~~~~~~~~~~~~~~~~~~~~~~~~~~~~~~~~~~~~~~~~~~~~~~~~~~~~~~~~~~~~
2022-12-27T01:54:08.3704760Z   third_party/boringssl/include/openssl/type_check.h:83:45: note: expanded from macro 'OPENSSL_COMPILE_ASSERT'
2022-12-27T01:54:08.3705690Z     typedef char OPENSSL_COMPILE_ASSERT_##msg[((cond) ? 1 : -1)]
2022-12-27T01:54:08.3706620Z                                               ^~~~~~~~~~~~~~~~~
2022-12-27T01:54:08.3708140Z   src/boringssl/err_data.c:35:1: error: 'OPENSSL_COMPILE_ASSERT_library_values_changed_14' declared as an array with a negative size
2022-12-27T01:54:08.3708970Z   OPENSSL_COMPILE_ASSERT(ERR_LIB_CRYPTO == 14, library_values_changed_14);
2022-12-27T01:54:08.3710150Z   ^~~~~~~~~~~~~~~~~~~~~~~~~~~~~~~~~~~~~~~~~~~~~~~~~~~~~~~~~~~~~~~~~~~~~~~
2022-12-27T01:54:08.3711630Z   third_party/boringssl/include/openssl/type_check.h:83:45: note: expanded from macro 'OPENSSL_COMPILE_ASSERT'
2022-12-27T01:54:08.3712480Z     typedef char OPENSSL_COMPILE_ASSERT_##msg[((cond) ? 1 : -1)]
2022-12-27T01:54:08.3713360Z                                               ^~~~~~~~~~~~~~~~~
2022-12-27T01:54:08.3714860Z   src/boringssl/err_data.c:36:1: error: 'OPENSSL_COMPILE_ASSERT_library_values_changed_15' declared as an array with a negative size
2022-12-27T01:54:08.3715640Z   OPENSSL_COMPILE_ASSERT(ERR_LIB_EC == 15, library_values_changed_15);
2022-12-27T01:54:08.3716780Z   ^~~~~~~~~~~~~~~~~~~~~~~~~~~~~~~~~~~~~~~~~~~~~~~~~~~~~~~~~~~~~~~~~~~
2022-12-27T01:54:08.3718160Z   third_party/boringssl/include/openssl/type_check.h:83:45: note: expanded from macro 'OPENSSL_COMPILE_ASSERT'
2022-12-27T01:54:08.3719080Z     typedef char OPENSSL_COMPILE_ASSERT_##msg[((cond) ? 1 : -1)]
2022-12-27T01:54:08.3720000Z                                               ^~~~~~~~~~~~~~~~~
2022-12-27T01:54:08.3721500Z   src/boringssl/err_data.c:37:1: error: 'OPENSSL_COMPILE_ASSERT_library_values_changed_16' declared as an array with a negative size
2022-12-27T01:54:08.3722450Z   OPENSSL_COMPILE_ASSERT(ERR_LIB_SSL == 16, library_values_changed_16);
2022-12-27T01:54:08.3723630Z   ^~~~~~~~~~~~~~~~~~~~~~~~~~~~~~~~~~~~~~~~~~~~~~~~~~~~~~~~~~~~~~~~~~~~
2022-12-27T01:54:08.3725020Z   third_party/boringssl/include/openssl/type_check.h:83:45: note: expanded from macro 'OPENSSL_COMPILE_ASSERT'
2022-12-27T01:54:08.3725950Z     typedef char OPENSSL_COMPILE_ASSERT_##msg[((cond) ? 1 : -1)]
2022-12-27T01:54:08.3726860Z                                               ^~~~~~~~~~~~~~~~~
2022-12-27T01:54:08.3728350Z   src/boringssl/err_data.c:38:1: error: 'OPENSSL_COMPILE_ASSERT_library_values_changed_17' declared as an array with a negative size
2022-12-27T01:54:08.3729170Z   OPENSSL_COMPILE_ASSERT(ERR_LIB_BIO == 17, library_values_changed_17);
2022-12-27T01:54:08.3730210Z   ^~~~~~~~~~~~~~~~~~~~~~~~~~~~~~~~~~~~~~~~~~~~~~~~~~~~~~~~~~~~~~~~~~~~
2022-12-27T01:54:08.3731660Z   third_party/boringssl/include/openssl/type_check.h:83:45: note: expanded from macro 'OPENSSL_COMPILE_ASSERT'
2022-12-27T01:54:08.3732570Z     typedef char OPENSSL_COMPILE_ASSERT_##msg[((cond) ? 1 : -1)]
2022-12-27T01:54:08.3733570Z                                               ^~~~~~~~~~~~~~~~~
2022-12-27T01:54:08.3735080Z   src/boringssl/err_data.c:39:1: error: 'OPENSSL_COMPILE_ASSERT_library_values_changed_18' declared as an array with a negative size
2022-12-27T01:54:08.3735890Z   OPENSSL_COMPILE_ASSERT(ERR_LIB_PKCS7 == 18, library_values_changed_18);
2022-12-27T01:54:08.3736890Z   ^~~~~~~~~~~~~~~~~~~~~~~~~~~~~~~~~~~~~~~~~~~~~~~~~~~~~~~~~~~~~~~~~~~~~~
2022-12-27T01:54:08.3738390Z   third_party/boringssl/include/openssl/type_check.h:83:45: note: expanded from macro 'OPENSSL_COMPILE_ASSERT'
2022-12-27T01:54:08.3739330Z     typedef char OPENSSL_COMPILE_ASSERT_##msg[((cond) ? 1 : -1)]
2022-12-27T01:54:08.3740260Z                                               ^~~~~~~~~~~~~~~~~
2022-12-27T01:54:08.3741680Z   src/boringssl/err_data.c:40:24: error: use of undeclared identifier 'ERR_LIB_PKCS8'
2022-12-27T01:54:08.3742720Z   OPENSSL_COMPILE_ASSERT(ERR_LIB_PKCS8 == 19, library_values_changed_19);
2022-12-27T01:54:08.3743870Z                          ^
2022-12-27T01:54:08.3745240Z   src/boringssl/err_data.c:41:1: error: 'OPENSSL_COMPILE_ASSERT_library_values_changed_20' declared as an array with a negative size
2022-12-27T01:54:08.3746060Z   OPENSSL_COMPILE_ASSERT(ERR_LIB_X509V3 == 20, library_values_changed_20);
2022-12-27T01:54:08.3747190Z   ^~~~~~~~~~~~~~~~~~~~~~~~~~~~~~~~~~~~~~~~~~~~~~~~~~~~~~~~~~~~~~~~~~~~~~~
2022-12-27T01:54:08.3748540Z   third_party/boringssl/include/openssl/type_check.h:83:45: note: expanded from macro 'OPENSSL_COMPILE_ASSERT'
2022-12-27T01:54:08.3749490Z     typedef char OPENSSL_COMPILE_ASSERT_##msg[((cond) ? 1 : -1)]
2022-12-27T01:54:08.3750410Z                                               ^~~~~~~~~~~~~~~~~
2022-12-27T01:54:08.3752140Z   src/boringssl/err_data.c:42:1: error: 'OPENSSL_COMPILE_ASSERT_library_values_changed_21' declared as an array with a negative size
2022-12-27T01:54:08.3752880Z   OPENSSL_COMPILE_ASSERT(ERR_LIB_RAND == 21, library_values_changed_21);
2022-12-27T01:54:08.3753880Z   ^~~~~~~~~~~~~~~~~~~~~~~~~~~~~~~~~~~~~~~~~~~~~~~~~~~~~~~~~~~~~~~~~~~~~
2022-12-27T01:54:08.3755320Z   third_party/boringssl/include/openssl/type_check.h:83:45: note: expanded from macro 'OPENSSL_COMPILE_ASSERT'
2022-12-27T01:54:08.3756260Z     typedef char OPENSSL_COMPILE_ASSERT_##msg[((cond) ? 1 : -1)]
2022-12-27T01:54:08.3757180Z                                               ^~~~~~~~~~~~~~~~~
2022-12-27T01:54:08.3758670Z   src/boringssl/err_data.c:43:1: error: 'OPENSSL_COMPILE_ASSERT_library_values_changed_22' declared as an array with a negative size
2022-12-27T01:54:08.3759470Z   OPENSSL_COMPILE_ASSERT(ERR_LIB_ENGINE == 22, library_values_changed_22);
2022-12-27T01:54:08.3760500Z   ^~~~~~~~~~~~~~~~~~~~~~~~~~~~~~~~~~~~~~~~~~~~~~~~~~~~~~~~~~~~~~~~~~~~~~~
2022-12-27T01:54:08.3761950Z   third_party/boringssl/include/openssl/type_check.h:83:45: note: expanded from macro 'OPENSSL_COMPILE_ASSERT'
2022-12-27T01:54:08.3762970Z     typedef char OPENSSL_COMPILE_ASSERT_##msg[((cond) ? 1 : -1)]
2022-12-27T01:54:08.3763890Z                                               ^~~~~~~~~~~~~~~~~
2022-12-27T01:54:08.3765400Z   src/boringssl/err_data.c:44:1: error: 'OPENSSL_COMPILE_ASSERT_library_values_changed_23' declared as an array with a negative size
2022-12-27T01:54:08.3766220Z   OPENSSL_COMPILE_ASSERT(ERR_LIB_OCSP == 23, library_values_changed_23);
2022-12-27T01:54:08.3767400Z   ^~~~~~~~~~~~~~~~~~~~~~~~~~~~~~~~~~~~~~~~~~~~~~~~~~~~~~~~~~~~~~~~~~~~~
2022-12-27T01:54:08.3768790Z   third_party/boringssl/include/openssl/type_check.h:83:45: note: expanded from macro 'OPENSSL_COMPILE_ASSERT'
2022-12-27T01:54:08.3769720Z     typedef char OPENSSL_COMPILE_ASSERT_##msg[((cond) ? 1 : -1)]
2022-12-27T01:54:08.3770680Z                                               ^~~~~~~~~~~~~~~~~
2022-12-27T01:54:08.3772150Z   src/boringssl/err_data.c:45:1: error: 'OPENSSL_COMPILE_ASSERT_library_values_changed_24' declared as an array with a negative size
2022-12-27T01:54:08.3772940Z   OPENSSL_COMPILE_ASSERT(ERR_LIB_UI == 24, library_values_changed_24);
2022-12-27T01:54:08.3773940Z   ^~~~~~~~~~~~~~~~~~~~~~~~~~~~~~~~~~~~~~~~~~~~~~~~~~~~~~~~~~~~~~~~~~~
2022-12-27T01:54:08.3775400Z   third_party/boringssl/include/openssl/type_check.h:83:45: note: expanded from macro 'OPENSSL_COMPILE_ASSERT'
2022-12-27T01:54:08.3776330Z     typedef char OPENSSL_COMPILE_ASSERT_##msg[((cond) ? 1 : -1)]
2022-12-27T01:54:08.3777250Z                                               ^~~~~~~~~~~~~~~~~
2022-12-27T01:54:08.3778740Z   src/boringssl/err_data.c:46:1: error: 'OPENSSL_COMPILE_ASSERT_library_values_changed_25' declared as an array with a negative size
2022-12-27T01:54:08.3779540Z   OPENSSL_COMPILE_ASSERT(ERR_LIB_COMP == 25, library_values_changed_25);
2022-12-27T01:54:08.3780770Z   ^~~~~~~~~~~~~~~~~~~~~~~~~~~~~~~~~~~~~~~~~~~~~~~~~~~~~~~~~~~~~~~~~~~~~
2022-12-27T01:54:08.3781950Z   third_party/boringssl/include/openssl/type_check.h:83:45: note: expanded from macro 'OPENSSL_COMPILE_ASSERT'
2022-12-27T01:54:08.3783020Z     typedef char OPENSSL_COMPILE_ASSERT_##msg[((cond) ? 1 : -1)]
2022-12-27T01:54:08.3783980Z                                               ^~~~~~~~~~~~~~~~~
2022-12-27T01:54:08.3785480Z   src/boringssl/err_data.c:47:1: error: 'OPENSSL_COMPILE_ASSERT_library_values_changed_26' declared as an array with a negative size
2022-12-27T01:54:08.3786280Z   OPENSSL_COMPILE_ASSERT(ERR_LIB_ECDSA == 26, library_values_changed_26);
2022-12-27T01:54:08.3787280Z   ^~~~~~~~~~~~~~~~~~~~~~~~~~~~~~~~~~~~~~~~~~~~~~~~~~~~~~~~~~~~~~~~~~~~~~
2022-12-27T01:54:08.3788760Z   third_party/boringssl/include/openssl/type_check.h:83:45: note: expanded from macro 'OPENSSL_COMPILE_ASSERT'
2022-12-27T01:54:08.3789700Z     typedef char OPENSSL_COMPILE_ASSERT_##msg[((cond) ? 1 : -1)]
2022-12-27T01:54:08.3790620Z                                               ^~~~~~~~~~~~~~~~~
2022-12-27T01:54:08.3792090Z   fatal error: too many errors emitted, stopping now [-ferror-limit=]
2022-12-27T01:54:08.3792850Z   70 warnings and 20 errors generated.
2022-12-27T01:54:08.3793960Z   creating var
2022-12-27T01:54:08.3795040Z   creating var/folders
2022-12-27T01:54:08.3796130Z   creating var/folders/51
2022-12-27T01:54:08.3797280Z   creating var/folders/51/hd414ycd67n82196sw51xqtc0000gn
2022-12-27T01:54:08.3798310Z   creating var/folders/51/hd414ycd67n82196sw51xqtc0000gn/T
2022-12-27T01:54:08.3799560Z   creating var/folders/51/hd414ycd67n82196sw51xqtc0000gn/T/tmpn8n_5ipj
2022-12-27T01:54:08.3801660Z   clang -Wsign-compare -Wunreachable-code -fno-common -dynamic -DNDEBUG -g -fwrapv -O3 -Wall -g -I/usr/local/opt/openssl@3/include -I/usr/local/opt/openssl@3/include -arch arm64 -I/private/var/folders/51/hd414ycd67n82196sw51xqtc0000gn/T/cibw-run-0f12njtv/cp311-macosx_arm64/build/venv/include -I/Library/Frameworks/Python.framework/Versions/3.11/include/python3.11 -c /var/folders/51/hd414ycd67n82196sw51xqtc0000gn/T/tmpn8n_5ipj/a.c -o var/folders/51/hd414ycd67n82196sw51xqtc0000gn/T/tmpn8n_5ipj/a.o
2022-12-27T01:54:08.4074490Z   Traceback (most recent call last):
2022-12-27T01:54:08.4085930Z     File "/private/var/folders/51/hd414ycd67n82196sw51xqtc0000gn/T/cibw-run-0f12njtv/cp311-macosx_arm64/build/venv/lib/python3.11/site-packages/setuptools/_distutils/unixccompiler.py", line 186, in _compile
2022-12-27T01:54:08.4086620Z       self.spawn(compiler_so + cc_args + [src, '-o', obj] + extra_postargs)
2022-12-27T01:54:08.4087320Z     File "/Users/runner/actions-runner/_work/python.build/python.build/build_grpcio121311/grpcio-1.2.1/src/python/grpcio/_spawn_patch.py", line 69, in _commandfile_spawn
2022-12-27T01:54:08.4087710Z       _classic_spawn(self, command)
2022-12-27T01:54:08.4088380Z     File "/private/var/folders/51/hd414ycd67n82196sw51xqtc0000gn/T/cibw-run-0f12njtv/cp311-macosx_arm64/build/venv/lib/python3.11/site-packages/setuptools/_distutils/ccompiler.py", line 1007, in spawn
2022-12-27T01:54:08.4089040Z       spawn(cmd, dry_run=self.dry_run, **kwargs)
2022-12-27T01:54:08.4089710Z     File "/private/var/folders/51/hd414ycd67n82196sw51xqtc0000gn/T/cibw-run-0f12njtv/cp311-macosx_arm64/build/venv/lib/python3.11/site-packages/setuptools/_distutils/spawn.py", line 70, in spawn
2022-12-27T01:54:08.4090110Z       raise DistutilsExecError(
2022-12-27T01:54:08.4090570Z   distutils.errors.DistutilsExecError: command '/usr/bin/clang' failed with exit code 1
2022-12-27T01:54:08.4090790Z 
2022-12-27T01:54:08.4090940Z   During handling of the above exception, another exception occurred:
2022-12-27T01:54:08.4091110Z 
2022-12-27T01:54:08.4091220Z   Traceback (most recent call last):
2022-12-27T01:54:08.4092740Z     File "/Users/runner/actions-runner/_work/python.build/python.build/build_grpcio121311/grpcio-1.2.1/src/python/grpcio/commands.py", line 281, in build_extensions
2022-12-27T01:54:08.4093590Z       build_ext.build_ext.build_extensions(self)
2022-12-27T01:54:08.4095070Z     File "/private/var/folders/51/hd414ycd67n82196sw51xqtc0000gn/T/cibw-run-0f12njtv/cp311-macosx_arm64/build/venv/lib/python3.11/site-packages/Cython/Distutils/old_build_ext.py", line 195, in build_extensions
2022-12-27T01:54:08.4095880Z       _build_ext.build_ext.build_extensions(self)
2022-12-27T01:54:08.4097560Z     File "/private/var/folders/51/hd414ycd67n82196sw51xqtc0000gn/T/cibw-run-0f12njtv/cp311-macosx_arm64/build/venv/lib/python3.11/site-packages/setuptools/_distutils/command/build_ext.py", line 468, in build_extensions
2022-12-27T01:54:08.4098170Z       self._build_extensions_serial()
2022-12-27T01:54:08.4099550Z     File "/private/var/folders/51/hd414ycd67n82196sw51xqtc0000gn/T/cibw-run-0f12njtv/cp311-macosx_arm64/build/venv/lib/python3.11/site-packages/setuptools/_distutils/command/build_ext.py", line 494, in _build_extensions_serial
2022-12-27T01:54:08.4100320Z       self.build_extension(ext)
2022-12-27T01:54:08.4101960Z     File "/private/var/folders/51/hd414ycd67n82196sw51xqtc0000gn/T/cibw-run-0f12njtv/cp311-macosx_arm64/build/venv/lib/python3.11/site-packages/setuptools/command/build_ext.py", line 246, in build_extension
2022-12-27T01:54:08.4102720Z       _build_ext.build_extension(self, ext)
2022-12-27T01:54:08.4104110Z     File "/private/var/folders/51/hd414ycd67n82196sw51xqtc0000gn/T/cibw-run-0f12njtv/cp311-macosx_arm64/build/venv/lib/python3.11/site-packages/setuptools/_distutils/command/build_ext.py", line 549, in build_extension
2022-12-27T01:54:08.4105000Z       objects = self.compiler.compile(
2022-12-27T01:54:08.4105910Z                 ^^^^^^^^^^^^^^^^^^^^^^
2022-12-27T01:54:08.4107730Z     File "/private/var/folders/51/hd414ycd67n82196sw51xqtc0000gn/T/cibw-run-0f12njtv/cp311-macosx_arm64/build/venv/lib/python3.11/site-packages/setuptools/_distutils/ccompiler.py", line 599, in compile
2022-12-27T01:54:08.4108280Z       self._compile(obj, src, ext, cc_args, extra_postargs, pp_opts)
2022-12-27T01:54:08.4109720Z     File "/private/var/folders/51/hd414ycd67n82196sw51xqtc0000gn/T/cibw-run-0f12njtv/cp311-macosx_arm64/build/venv/lib/python3.11/site-packages/setuptools/_distutils/unixccompiler.py", line 188, in _compile
2022-12-27T01:54:08.4110490Z       raise CompileError(msg)
2022-12-27T01:54:08.4111650Z   distutils.errors.CompileError: command '/usr/bin/clang' failed with exit code 1
2022-12-27T01:54:08.4112490Z 
2022-12-27T01:54:08.4113890Z   During handling of the above exception, another exception occurred:
2022-12-27T01:54:08.4114600Z 
2022-12-27T01:54:08.4115800Z   Traceback (most recent call last):
2022-12-27T01:54:08.4117070Z     File "<string>", line 2, in <module>
2022-12-27T01:54:08.4118020Z     File "<pip-setuptools-caller>", line 34, in <module>
2022-12-27T01:54:08.4119320Z     File "/Users/runner/actions-runner/_work/python.build/python.build/build_grpcio121311/grpcio-1.2.1/setup.py", line 265, in <module>
2022-12-27T01:54:08.4120310Z       setuptools.setup(
2022-12-27T01:54:08.4121820Z     File "/private/var/folders/51/hd414ycd67n82196sw51xqtc0000gn/T/cibw-run-0f12njtv/cp311-macosx_arm64/build/venv/lib/python3.11/site-packages/setuptools/__init__.py", line 87, in setup
2022-12-27T01:54:08.4122580Z       return distutils.core.setup(**attrs)
2022-12-27T01:54:08.4123660Z              ^^^^^^^^^^^^^^^^^^^^^^^^^^^^^
2022-12-27T01:54:08.4125140Z     File "/private/var/folders/51/hd414ycd67n82196sw51xqtc0000gn/T/cibw-run-0f12njtv/cp311-macosx_arm64/build/venv/lib/python3.11/site-packages/setuptools/_distutils/core.py", line 185, in setup
2022-12-27T01:54:08.4125830Z       return run_commands(dist)
2022-12-27T01:54:08.4126860Z              ^^^^^^^^^^^^^^^^^^
2022-12-27T01:54:08.4128310Z     File "/private/var/folders/51/hd414ycd67n82196sw51xqtc0000gn/T/cibw-run-0f12njtv/cp311-macosx_arm64/build/venv/lib/python3.11/site-packages/setuptools/_distutils/core.py", line 201, in run_commands
2022-12-27T01:54:08.4129170Z       dist.run_commands()
2022-12-27T01:54:08.4130670Z     File "/private/var/folders/51/hd414ycd67n82196sw51xqtc0000gn/T/cibw-run-0f12njtv/cp311-macosx_arm64/build/venv/lib/python3.11/site-packages/setuptools/_distutils/dist.py", line 969, in run_commands
2022-12-27T01:54:08.4131280Z       self.run_command(cmd)
2022-12-27T01:54:08.4133020Z     File "/private/var/folders/51/hd414ycd67n82196sw51xqtc0000gn/T/cibw-run-0f12njtv/cp311-macosx_arm64/build/venv/lib/python3.11/site-packages/setuptools/dist.py", line 1208, in run_command
2022-12-27T01:54:08.4133550Z       super().run_command(command)
2022-12-27T01:54:08.4135130Z     File "/private/var/folders/51/hd414ycd67n82196sw51xqtc0000gn/T/cibw-run-0f12njtv/cp311-macosx_arm64/build/venv/lib/python3.11/site-packages/setuptools/_distutils/dist.py", line 988, in run_command
2022-12-27T01:54:08.4135690Z       cmd_obj.run()
2022-12-27T01:54:08.4137190Z     File "/private/var/folders/51/hd414ycd67n82196sw51xqtc0000gn/T/cibw-run-0f12njtv/cp311-macosx_arm64/build/venv/lib/python3.11/site-packages/wheel/bdist_wheel.py", line 325, in run
2022-12-27T01:54:08.4137940Z       self.run_command("build")
2022-12-27T01:54:08.4139530Z     File "/private/var/folders/51/hd414ycd67n82196sw51xqtc0000gn/T/cibw-run-0f12njtv/cp311-macosx_arm64/build/venv/lib/python3.11/site-packages/setuptools/_distutils/cmd.py", line 318, in run_command
2022-12-27T01:54:08.4140300Z       self.distribution.run_command(command)
2022-12-27T01:54:08.4141650Z     File "/private/var/folders/51/hd414ycd67n82196sw51xqtc0000gn/T/cibw-run-0f12njtv/cp311-macosx_arm64/build/venv/lib/python3.11/site-packages/setuptools/dist.py", line 1208, in run_command
2022-12-27T01:54:08.4142510Z       super().run_command(command)
2022-12-27T01:54:08.4144150Z     File "/private/var/folders/51/hd414ycd67n82196sw51xqtc0000gn/T/cibw-run-0f12njtv/cp311-macosx_arm64/build/venv/lib/python3.11/site-packages/setuptools/_distutils/dist.py", line 988, in run_command
2022-12-27T01:54:08.4144910Z       cmd_obj.run()
2022-12-27T01:54:08.4146380Z     File "/private/var/folders/51/hd414ycd67n82196sw51xqtc0000gn/T/cibw-run-0f12njtv/cp311-macosx_arm64/build/venv/lib/python3.11/site-packages/setuptools/_distutils/command/build.py", line 132, in run
2022-12-27T01:54:08.4147180Z       self.run_command(cmd_name)
2022-12-27T01:54:08.4148600Z     File "/private/var/folders/51/hd414ycd67n82196sw51xqtc0000gn/T/cibw-run-0f12njtv/cp311-macosx_arm64/build/venv/lib/python3.11/site-packages/setuptools/_distutils/cmd.py", line 318, in run_command
2022-12-27T01:54:08.4149400Z       self.distribution.run_command(command)
2022-12-27T01:54:08.4150980Z     File "/private/var/folders/51/hd414ycd67n82196sw51xqtc0000gn/T/cibw-run-0f12njtv/cp311-macosx_arm64/build/venv/lib/python3.11/site-packages/setuptools/dist.py", line 1208, in run_command
2022-12-27T01:54:08.4152490Z       super().run_command(command)
2022-12-27T01:54:08.4153270Z     File "/private/var/folders/51/hd414ycd67n82196sw51xqtc0000gn/T/cibw-run-0f12njtv/cp311-macosx_arm64/build/venv/lib/python3.11/site-packages/setuptools/_distutils/dist.py", line 988, in run_command
2022-12-27T01:54:08.4153870Z       cmd_obj.run()
2022-12-27T01:54:08.4155500Z     File "/private/var/folders/51/hd414ycd67n82196sw51xqtc0000gn/T/cibw-run-0f12njtv/cp311-macosx_arm64/build/venv/lib/python3.11/site-packages/setuptools/command/build_ext.py", line 84, in run
2022-12-27T01:54:08.4156130Z       _build_ext.run(self)
2022-12-27T01:54:08.4157470Z     File "/private/var/folders/51/hd414ycd67n82196sw51xqtc0000gn/T/cibw-run-0f12njtv/cp311-macosx_arm64/build/venv/lib/python3.11/site-packages/Cython/Distutils/old_build_ext.py", line 186, in run
2022-12-27T01:54:08.4158520Z       _build_ext.build_ext.run(self)
2022-12-27T01:54:08.4159980Z     File "/private/var/folders/51/hd414ycd67n82196sw51xqtc0000gn/T/cibw-run-0f12njtv/cp311-macosx_arm64/build/venv/lib/python3.11/site-packages/setuptools/_distutils/command/build_ext.py", line 346, in run
2022-12-27T01:54:08.4160600Z       self.build_extensions()
2022-12-27T01:54:08.4162220Z     File "/Users/runner/actions-runner/_work/python.build/python.build/build_grpcio121311/grpcio-1.2.1/src/python/grpcio/commands.py", line 285, in build_extensions
2022-12-27T01:54:08.4162990Z       raise CommandError(
2022-12-27T01:54:08.4164180Z   commands.CommandError: Failed `build_ext` step:
2022-12-27T01:54:08.4165120Z   Traceback (most recent call last):
2022-12-27T01:54:08.4166790Z     File "/private/var/folders/51/hd414ycd67n82196sw51xqtc0000gn/T/cibw-run-0f12njtv/cp311-macosx_arm64/build/venv/lib/python3.11/site-packages/setuptools/_distutils/unixccompiler.py", line 186, in _compile
2022-12-27T01:54:08.4167570Z       self.spawn(compiler_so + cc_args + [src, '-o', obj] + extra_postargs)
2022-12-27T01:54:08.4168950Z     File "/Users/runner/actions-runner/_work/python.build/python.build/build_grpcio121311/grpcio-1.2.1/src/python/grpcio/_spawn_patch.py", line 69, in _commandfile_spawn
2022-12-27T01:54:08.4169700Z       _classic_spawn(self, command)
2022-12-27T01:54:08.4171310Z     File "/private/var/folders/51/hd414ycd67n82196sw51xqtc0000gn/T/cibw-run-0f12njtv/cp311-macosx_arm64/build/venv/lib/python3.11/site-packages/setuptools/_distutils/ccompiler.py", line 1007, in spawn
2022-12-27T01:54:08.4171940Z       spawn(cmd, dry_run=self.dry_run, **kwargs)
2022-12-27T01:54:08.4173830Z     File "/private/var/folders/51/hd414ycd67n82196sw51xqtc0000gn/T/cibw-run-0f12njtv/cp311-macosx_arm64/build/venv/lib/python3.11/site-packages/setuptools/_distutils/spawn.py", line 70, in spawn
2022-12-27T01:54:08.4174360Z       raise DistutilsExecError(
2022-12-27T01:54:08.4175620Z   distutils.errors.DistutilsExecError: command '/usr/bin/clang' failed with exit code 1
2022-12-27T01:54:08.4176350Z 
2022-12-27T01:54:08.4177650Z   During handling of the above exception, another exception occurred:
2022-12-27T01:54:08.4178480Z 
2022-12-27T01:54:08.4179740Z   Traceback (most recent call last):
2022-12-27T01:54:08.4181220Z     File "/Users/runner/actions-runner/_work/python.build/python.build/build_grpcio121311/grpcio-1.2.1/src/python/grpcio/commands.py", line 281, in build_extensions
2022-12-27T01:54:08.4181890Z       build_ext.build_ext.build_extensions(self)
2022-12-27T01:54:08.4183620Z     File "/private/var/folders/51/hd414ycd67n82196sw51xqtc0000gn/T/cibw-run-0f12njtv/cp311-macosx_arm64/build/venv/lib/python3.11/site-packages/Cython/Distutils/old_build_ext.py", line 195, in build_extensions
2022-12-27T01:54:08.4184220Z       _build_ext.build_ext.build_extensions(self)
2022-12-27T01:54:08.4185840Z     File "/private/var/folders/51/hd414ycd67n82196sw51xqtc0000gn/T/cibw-run-0f12njtv/cp311-macosx_arm64/build/venv/lib/python3.11/site-packages/setuptools/_distutils/command/build_ext.py", line 468, in build_extensions
2022-12-27T01:54:08.4186410Z       self._build_extensions_serial()
2022-12-27T01:54:08.4188080Z     File "/private/var/folders/51/hd414ycd67n82196sw51xqtc0000gn/T/cibw-run-0f12njtv/cp311-macosx_arm64/build/venv/lib/python3.11/site-packages/setuptools/_distutils/command/build_ext.py", line 494, in _build_extensions_serial
2022-12-27T01:54:08.4188640Z       self.build_extension(ext)
2022-12-27T01:54:08.4190270Z     File "/private/var/folders/51/hd414ycd67n82196sw51xqtc0000gn/T/cibw-run-0f12njtv/cp311-macosx_arm64/build/venv/lib/python3.11/site-packages/setuptools/command/build_ext.py", line 246, in build_extension
2022-12-27T01:54:08.4190930Z       _build_ext.build_extension(self, ext)
2022-12-27T01:54:08.4192450Z     File "/private/var/folders/51/hd414ycd67n82196sw51xqtc0000gn/T/cibw-run-0f12njtv/cp311-macosx_arm64/build/venv/lib/python3.11/site-packages/setuptools/_distutils/command/build_ext.py", line 549, in build_extension
2022-12-27T01:54:08.4193120Z       objects = self.compiler.compile(
2022-12-27T01:54:08.4194110Z                 ^^^^^^^^^^^^^^^^^^^^^^
2022-12-27T01:54:08.4195740Z     File "/private/var/folders/51/hd414ycd67n82196sw51xqtc0000gn/T/cibw-run-0f12njtv/cp311-macosx_arm64/build/venv/lib/python3.11/site-packages/setuptools/_distutils/ccompiler.py", line 599, in compile
2022-12-27T01:54:08.4196410Z       self._compile(obj, src, ext, cc_args, extra_postargs, pp_opts)
2022-12-27T01:54:08.4197880Z     File "/private/var/folders/51/hd414ycd67n82196sw51xqtc0000gn/T/cibw-run-0f12njtv/cp311-macosx_arm64/build/venv/lib/python3.11/site-packages/setuptools/_distutils/unixccompiler.py", line 188, in _compile
2022-12-27T01:54:08.4198570Z       raise CompileError(msg)
2022-12-27T01:54:08.4199960Z   distutils.errors.CompileError: command '/usr/bin/clang' failed with exit code 1
2022-12-27T01:54:08.4200620Z 
2022-12-27T01:54:08.4766860Z   error: subprocess-exited-with-error
2022-12-27T01:54:08.4767110Z   
2022-12-27T01:54:08.4767380Z   Ã— python setup.py bdist_wheel did not run successfully.
2022-12-27T01:54:08.4767740Z   â”‚ exit code: 1
2022-12-27T01:54:08.4767990Z   â•°â”€> See above for output.
2022-12-27T01:54:08.4768130Z   
2022-12-27T01:54:08.4768320Z   note: This error originates from a subprocess, and is likely not a problem with pip.
2022-12-27T01:54:08.4773360Z   full command: /private/var/folders/51/hd414ycd67n82196sw51xqtc0000gn/T/cibw-run-0f12njtv/cp311-macosx_arm64/build/venv/bin/python -u -c '
2022-12-27T01:54:08.4773900Z   exec(compile('"'"''"'"''"'"'
2022-12-27T01:54:08.4774200Z   # This is <pip-setuptools-caller> -- a caller that pip uses to run setup.py
2022-12-27T01:54:08.4774480Z   #
2022-12-27T01:54:08.4775150Z   # - It imports setuptools before invoking setup.py, to enable projects that directly
2022-12-27T01:54:08.4775430Z   #   import from `distutils.core` to work with newer packaging standards.
2022-12-27T01:54:08.4775740Z   # - It provides a clear error message when setuptools is not installed.
2022-12-27T01:54:08.4776090Z   # - It sets `sys.argv[0]` to the underlying `setup.py`, when invoking `setup.py` so
2022-12-27T01:54:08.4776530Z   #   setuptools doesn'"'"'t think the script is `-c`. This avoids the following warning:
2022-12-27T01:54:08.4776770Z   #     manifest_maker: standard file '"'"'-c'"'"' not found".
2022-12-27T01:54:08.4776990Z   # - It generates a shim setup.py, for handling setup.cfg-only projects.
2022-12-27T01:54:08.4777150Z   import os, sys, tokenize
2022-12-27T01:54:08.4777260Z   
2022-12-27T01:54:08.4777350Z   try:
2022-12-27T01:54:08.4777480Z       import setuptools
2022-12-27T01:54:08.4777670Z   except ImportError as error:
2022-12-27T01:54:08.4777850Z       print(
2022-12-27T01:54:08.4778090Z           "ERROR: Can not execute `setup.py` since setuptools is not available in "
2022-12-27T01:54:08.4778260Z           "the build environment.",
2022-12-27T01:54:08.4778380Z           file=sys.stderr,
2022-12-27T01:54:08.4778480Z       )
2022-12-27T01:54:08.4778590Z       sys.exit(1)
2022-12-27T01:54:08.4778690Z   
2022-12-27T01:54:08.4778780Z   __file__ = %r
2022-12-27T01:54:08.4778900Z   sys.argv[0] = __file__
2022-12-27T01:54:08.4779010Z   
2022-12-27T01:54:08.4779170Z   if os.path.exists(__file__):
2022-12-27T01:54:08.4779360Z       filename = __file__
2022-12-27T01:54:08.4779560Z       with tokenize.open(__file__) as f:
2022-12-27T01:54:08.4779750Z           setup_py_code = f.read()
2022-12-27T01:54:08.4779920Z   else:
2022-12-27T01:54:08.4780160Z       filename = "<auto-generated setuptools caller>"
2022-12-27T01:54:08.4780370Z       setup_py_code = "from setuptools import setup; setup()"
2022-12-27T01:54:08.4780780Z   
2022-12-27T01:54:08.4780970Z   exec(compile(setup_py_code, filename, "exec"))
2022-12-27T01:54:08.4781660Z   '"'"''"'"''"'"' % ('"'"'/Users/runner/actions-runner/_work/python.build/python.build/build_grpcio121311/grpcio-1.2.1/setup.py'"'"',), "<pip-setuptools-caller>", "exec"))' bdist_wheel -d /private/var/folders/51/hd414ycd67n82196sw51xqtc0000gn/T/pip-wheel-9v7pipgr
2022-12-27T01:54:08.4782280Z   cwd: /Users/runner/actions-runner/_work/python.build/python.build/build_grpcio121311/grpcio-1.2.1/
2022-12-27T01:54:08.4782480Z   ERROR: Failed building wheel for grpcio
2022-12-27T01:54:08.4782620Z   Running command python setup.py clean
2022-12-27T01:54:08.4782850Z   Building wheel for grpcio (setup.py): finished with status 'error'
2022-12-27T01:54:08.4783010Z   Running setup.py clean for grpcio
2022-12-27T01:54:08.8551500Z   running clean
2022-12-27T01:54:08.8566640Z   removing 'python_build/temp.macosx-11.0-arm64-cpython-311' (and everything under it)
2022-12-27T01:54:08.8650720Z   removing 'python_build/lib.macosx-11.0-arm64-cpython-311' (and everything under it)
2022-12-27T01:54:08.8688040Z   'python_build/bdist.macosx-11.0-arm64' does not exist -- can't clean it
2022-12-27T01:54:08.8689960Z   'python_build/scripts-3.11' does not exist -- can't clean it
2022-12-27T01:54:08.8691910Z   removing 'python_build'
2022-12-27T01:54:08.9056020Z Failed to build grpcio
2022-12-27T01:54:08.9059660Z ERROR: Failed to build one or more wheels
2022-12-27T01:54:08.9072430Z Exception information:
2022-12-27T01:54:08.9072650Z Traceback (most recent call last):
2022-12-27T01:54:08.9073510Z   File "/private/var/folders/51/hd414ycd67n82196sw51xqtc0000gn/T/cibw-run-0f12njtv/cp311-macosx_arm64/build/venv/lib/python3.11/site-packages/pip/_internal/cli/base_command.py", line 160, in exc_logging_wrapper
2022-12-27T01:54:08.9073860Z     status = run_func(*args)
2022-12-27T01:54:08.9073980Z              ^^^^^^^^^^^^^^^
2022-12-27T01:54:08.9074830Z   File "/private/var/folders/51/hd414ycd67n82196sw51xqtc0000gn/T/cibw-run-0f12njtv/cp311-macosx_arm64/build/venv/lib/python3.11/site-packages/pip/_internal/cli/req_command.py", line 247, in wrapper
2022-12-27T01:54:08.9075180Z     return func(self, options, args)
2022-12-27T01:54:08.9075340Z            ^^^^^^^^^^^^^^^^^^^^^^^^^
2022-12-27T01:54:08.9075810Z   File "/private/var/folders/51/hd414ycd67n82196sw51xqtc0000gn/T/cibw-run-0f12njtv/cp311-macosx_arm64/build/venv/lib/python3.11/site-packages/pip/_internal/commands/wheel.py", line 201, in run
2022-12-27T01:54:08.9076140Z     raise CommandError("Failed to build one or more wheels")
2022-12-27T01:54:08.9076380Z pip._internal.exceptions.CommandError: Failed to build one or more wheels
2022-12-27T01:54:08.9076770Z Removed build tracker: '/private/var/folders/51/hd414ycd67n82196sw51xqtc0000gn/T/pip-build-tracker-258ci44r'
2022-12-27T01:54:08.9499120Z ##[endgroup]
2022-12-27T01:54:08.9523480Z ##[error]Command ['python', '-m', 'pip', 'wheel', '/Users/runner/actions-runner/_work/python.build/python.build/build_grpcio121311/grpcio-1.2.1', '--wheel-dir=/private/var/folders/51/hd414ycd67n82196sw51xqtc0000gn/T/cibw-run-0f12njtv/cp311-macosx_arm64/built_wheel', '--no-deps', '-vvv'] failed with code 1. None
2022-12-27T01:54:08.9529860Z 
2022-12-27T01:54:08.9530190Z                                                               [31mâœ• [0m2.72s
2022-12-27T01:54:09.0170230Z ##[error]Process completed with exit code 1.
2022-12-27T01:54:09.0200910Z ##[group]Run rm -rf build_grpcio121311 wheelsout
2022-12-27T01:54:09.0201110Z [36;1mrm -rf build_grpcio121311 wheelsout[0m
2022-12-27T01:54:09.0217040Z shell: /bin/bash -e {0}
2022-12-27T01:54:09.0217150Z env:
2022-12-27T01:54:09.0217300Z   pythonLocation: /Users/runner/hostedtoolcache/Python/3.11.1/x64
2022-12-27T01:54:09.0217500Z   PKG_CONFIG_PATH: /Users/runner/hostedtoolcache/Python/3.11.1/x64/lib/pkgconfig
2022-12-27T01:54:09.0217680Z   Python_ROOT_DIR: /Users/runner/hostedtoolcache/Python/3.11.1/x64
2022-12-27T01:54:09.0217860Z   Python2_ROOT_DIR: /Users/runner/hostedtoolcache/Python/3.11.1/x64
2022-12-27T01:54:09.0218190Z   Python3_ROOT_DIR: /Users/runner/hostedtoolcache/Python/3.11.1/x64
2022-12-27T01:54:09.0218330Z ##[endgroup]
2022-12-27T01:54:09.2520160Z Cleaning up orphan processes
