2022-12-27T08:49:17.3185289Z Requested labels: self-hosted, macOS, X64
2022-12-27T08:49:17.3185364Z Job defined at: kilnbuild/python.build/.github/workflows/mac_arm_build.yml@refs/heads/main
2022-12-27T08:49:17.3185389Z Waiting for a runner to pick up this job...
2022-12-27T11:14:41.3357522Z Job is about to start running on the runner: k2 (organization)
2022-12-27T11:14:43.6097950Z Current runner version: '2.300.2'
2022-12-27T11:14:43.6102860Z Runner name: 'k2'
2022-12-27T11:14:43.6103100Z Runner group name: 'Default'
2022-12-27T11:14:43.6103560Z Machine name: 'k2'
2022-12-27T11:14:43.6105090Z ##[group]GITHUB_TOKEN Permissions
2022-12-27T11:14:43.6105510Z Actions: write
2022-12-27T11:14:43.6105640Z Checks: write
2022-12-27T11:14:43.6105760Z Contents: write
2022-12-27T11:14:43.6105890Z Deployments: write
2022-12-27T11:14:43.6106020Z Discussions: write
2022-12-27T11:14:43.6106160Z Issues: write
2022-12-27T11:14:43.6106280Z Metadata: read
2022-12-27T11:14:43.6106400Z Packages: write
2022-12-27T11:14:43.6106540Z Pages: write
2022-12-27T11:14:43.6106670Z PullRequests: write
2022-12-27T11:14:43.6106830Z RepositoryProjects: write
2022-12-27T11:14:43.6106990Z SecurityEvents: write
2022-12-27T11:14:43.6107130Z Statuses: write
2022-12-27T11:14:43.6107250Z ##[endgroup]
2022-12-27T11:14:43.6109680Z Secret source: Actions
2022-12-27T11:14:43.6109990Z Prepare workflow directory
2022-12-27T11:14:43.6766120Z Prepare all required actions
2022-12-27T11:14:43.6886640Z Getting action download info
2022-12-27T11:14:44.3667220Z Download action repository 'actions/setup-python@v4' (SHA:5ccb29d8773c3f3f653e1705f474dfaa8a06a912)
2022-12-27T11:14:46.1174590Z Download action repository 'actions/upload-artifact@v3' (SHA:83fd05a356d7e2593de66fc9913b3002723633cb)
2022-12-27T11:14:47.4257540Z ##[group]Run echo '{
2022-12-27T11:14:47.4257870Z [36;1mecho '{[0m
2022-12-27T11:14:47.4258000Z [36;1m  "package_name": "lxml",[0m
2022-12-27T11:14:47.4258230Z [36;1m  "package_url": "https://files.pythonhosted.org/packages/59/a1/bb5fecb3aed33e8455057e455e90d6b7e9246cfb8b0e9b2cd7b7e9310a46/lxml-3.6.3.tar.gz",[0m
2022-12-27T11:14:47.4258450Z [36;1m  "package_version": "3.6.3",[0m
2022-12-27T11:14:47.4258640Z [36;1m  "python_version": "3.11",[0m
2022-12-27T11:14:47.4258820Z [36;1m  "use_ccache": "true"[0m
2022-12-27T11:14:47.4258930Z [36;1m}'[0m
2022-12-27T11:14:47.4274610Z shell: /bin/bash -e {0}
2022-12-27T11:14:47.4274770Z ##[endgroup]
2022-12-27T11:14:47.4497040Z {
2022-12-27T11:14:47.4498450Z   "package_name": "lxml",
2022-12-27T11:14:47.4499130Z   "package_url": "https://files.pythonhosted.org/packages/59/a1/bb5fecb3aed33e8455057e455e90d6b7e9246cfb8b0e9b2cd7b7e9310a46/lxml-3.6.3.tar.gz",
2022-12-27T11:14:47.4499420Z   "package_version": "3.6.3",
2022-12-27T11:14:47.4499710Z   "python_version": "3.11",
2022-12-27T11:14:47.4499890Z   "use_ccache": "true"
2022-12-27T11:14:47.4500070Z }
2022-12-27T11:14:47.4709620Z ##[group]Run actions/setup-python@v4
2022-12-27T11:14:47.4709860Z with:
2022-12-27T11:14:47.4710090Z   python-version: 3.11
2022-12-27T11:14:47.4710240Z   check-latest: false
2022-12-27T11:14:47.4710530Z   token: ***
2022-12-27T11:14:47.4710700Z   update-environment: true
2022-12-27T11:14:47.4710920Z ##[endgroup]
2022-12-27T11:14:47.5939080Z ##[group]Installed versions
2022-12-27T11:14:47.6037990Z Successfully set up CPython (3.11.1)
2022-12-27T11:14:47.6039530Z ##[endgroup]
2022-12-27T11:14:47.6173620Z ##[group]Run if [ "true" == "true" ]
2022-12-27T11:14:47.6173920Z [36;1mif [ "true" == "true" ][0m
2022-12-27T11:14:47.6174060Z [36;1mthen[0m
2022-12-27T11:14:47.6174270Z [36;1m  echo "CCACHE_PATH_PREPEND=/usr/local/opt/ccache/libexec" >> $GITHUB_OUTPUT[0m
2022-12-27T11:14:47.6174480Z [36;1melse[0m
2022-12-27T11:14:47.6174710Z [36;1m  echo "CCACHE_PATH_PREPEND=" >> $GITHUB_OUTPUT[0m
2022-12-27T11:14:47.6174890Z [36;1mfi[0m
2022-12-27T11:14:47.6191700Z shell: /bin/bash -e {0}
2022-12-27T11:14:47.6191870Z env:
2022-12-27T11:14:47.6192220Z   pythonLocation: /Users/runner/hostedtoolcache/Python/3.11.1/x64
2022-12-27T11:14:47.6192470Z   PKG_CONFIG_PATH: /Users/runner/hostedtoolcache/Python/3.11.1/x64/lib/pkgconfig
2022-12-27T11:14:47.6192720Z   Python_ROOT_DIR: /Users/runner/hostedtoolcache/Python/3.11.1/x64
2022-12-27T11:14:47.6192920Z   Python2_ROOT_DIR: /Users/runner/hostedtoolcache/Python/3.11.1/x64
2022-12-27T11:14:47.6193260Z   Python3_ROOT_DIR: /Users/runner/hostedtoolcache/Python/3.11.1/x64
2022-12-27T11:14:47.6193870Z ##[endgroup]
2022-12-27T11:14:47.6303020Z ##[group]Run echo "BUILD_NAME=$(echo lxml_3.6.3_3.11 | tr -dc '[:alnum:]\n\r' | tr '[:upper:]' '[:lower:]')" >> $GITHUB_OUTPUT
2022-12-27T11:14:47.6303340Z [36;1mecho "BUILD_NAME=$(echo lxml_3.6.3_3.11 | tr -dc '[:alnum:]\n\r' | tr '[:upper:]' '[:lower:]')" >> $GITHUB_OUTPUT[0m
2022-12-27T11:14:47.6318940Z shell: /bin/bash -e {0}
2022-12-27T11:14:47.6319160Z env:
2022-12-27T11:14:47.6319350Z   pythonLocation: /Users/runner/hostedtoolcache/Python/3.11.1/x64
2022-12-27T11:14:47.6319680Z   PKG_CONFIG_PATH: /Users/runner/hostedtoolcache/Python/3.11.1/x64/lib/pkgconfig
2022-12-27T11:14:47.6319950Z   Python_ROOT_DIR: /Users/runner/hostedtoolcache/Python/3.11.1/x64
2022-12-27T11:14:47.6320280Z   Python2_ROOT_DIR: /Users/runner/hostedtoolcache/Python/3.11.1/x64
2022-12-27T11:14:47.6320500Z   Python3_ROOT_DIR: /Users/runner/hostedtoolcache/Python/3.11.1/x64
2022-12-27T11:14:47.6320720Z ##[endgroup]
2022-12-27T11:14:47.6479310Z ##[group]Run echo "PYTHON_NO_DOTS=$(echo 3.11 | tr -dc '[:alnum:]\n\r' | tr '[:upper:]' '[:lower:]')" >> $GITHUB_OUTPUT
2022-12-27T11:14:47.6479670Z [36;1mecho "PYTHON_NO_DOTS=$(echo 3.11 | tr -dc '[:alnum:]\n\r' | tr '[:upper:]' '[:lower:]')" >> $GITHUB_OUTPUT[0m
2022-12-27T11:14:47.6494590Z shell: /bin/bash -e {0}
2022-12-27T11:14:47.6494760Z env:
2022-12-27T11:14:47.6494960Z   pythonLocation: /Users/runner/hostedtoolcache/Python/3.11.1/x64
2022-12-27T11:14:47.6495600Z   PKG_CONFIG_PATH: /Users/runner/hostedtoolcache/Python/3.11.1/x64/lib/pkgconfig
2022-12-27T11:14:47.6495840Z   Python_ROOT_DIR: /Users/runner/hostedtoolcache/Python/3.11.1/x64
2022-12-27T11:14:47.6496110Z   Python2_ROOT_DIR: /Users/runner/hostedtoolcache/Python/3.11.1/x64
2022-12-27T11:14:47.6496350Z   Python3_ROOT_DIR: /Users/runner/hostedtoolcache/Python/3.11.1/x64
2022-12-27T11:14:47.6496510Z ##[endgroup]
2022-12-27T11:14:47.6620000Z ##[group]Run rm -rf build_lxml363311
2022-12-27T11:14:47.6620380Z [36;1mrm -rf build_lxml363311[0m
2022-12-27T11:14:47.6620530Z [36;1mmkdir build_lxml363311[0m
2022-12-27T11:14:47.6620730Z [36;1mcd build_lxml363311[0m
2022-12-27T11:14:47.6621030Z [36;1m/usr/local/bin/wget --quiet https://files.pythonhosted.org/packages/59/a1/bb5fecb3aed33e8455057e455e90d6b7e9246cfb8b0e9b2cd7b7e9310a46/lxml-3.6.3.tar.gz[0m
2022-12-27T11:14:47.6621290Z [36;1mtar xf *.tar.gz[0m
2022-12-27T11:14:47.6621460Z [36;1mcd *[0m
2022-12-27T11:14:47.6621640Z [36;1mpython -m pip install cibuildwheel==2.11.3[0m
2022-12-27T11:14:47.6621850Z [36;1mpython -m cibuildwheel --output-dir ../wheelsout[0m
2022-12-27T11:14:47.6636400Z shell: /bin/bash -e {0}
2022-12-27T11:14:47.6636640Z env:
2022-12-27T11:14:47.6636870Z   pythonLocation: /Users/runner/hostedtoolcache/Python/3.11.1/x64
2022-12-27T11:14:47.6637110Z   PKG_CONFIG_PATH: /Users/runner/hostedtoolcache/Python/3.11.1/x64/lib/pkgconfig
2022-12-27T11:14:47.6637460Z   Python_ROOT_DIR: /Users/runner/hostedtoolcache/Python/3.11.1/x64
2022-12-27T11:14:47.6637690Z   Python2_ROOT_DIR: /Users/runner/hostedtoolcache/Python/3.11.1/x64
2022-12-27T11:14:47.6637930Z   Python3_ROOT_DIR: /Users/runner/hostedtoolcache/Python/3.11.1/x64
2022-12-27T11:14:47.6638150Z   CIBW_ARCHS_MACOS: arm64
2022-12-27T11:14:47.6638310Z   CIBW_TEST_SKIP: *_arm64
2022-12-27T11:14:47.6638540Z   CIBW_BUILD: cp311-macosx_arm64
2022-12-27T11:14:47.6638740Z   CIBW_BUILD_FRONTEND: pip
2022-12-27T11:14:47.6638900Z   CIBW_BUILD_VERBOSITY: 3
2022-12-27T11:14:47.6639220Z   CIBW_ENVIRONMENT_MACOS:  CFLAGS="-I/usr/local/opt/openssl@3/include" LDFLAGS="-L/usr/local/opt/openssl@3/lib" CPPFLAGS="-I/usr/local/opt/openssl@3/include" MAKEFLAGS="-j$(sysctl -n hw.logicalcpu)" PATH=/usr/local/opt/ccache/libexec:$PATH
2022-12-27T11:14:47.6639590Z   CIBW_BEFORE_BUILD: pip install Cython; if [[ -f requirements.txt ]]; then pip install -r requirements.txt; fi
2022-12-27T11:14:47.6639880Z   MAKEFLAGS: -j$(sysctl -n hw.logicalcpu)
2022-12-27T11:14:47.6640050Z ##[endgroup]
2022-12-27T11:14:48.1663880Z Requirement already satisfied: cibuildwheel==2.11.3 in /Library/Frameworks/Python.framework/Versions/3.11/lib/python3.11/site-packages (2.11.3)
2022-12-27T11:14:48.1957040Z Requirement already satisfied: bashlex!=0.13 in /Library/Frameworks/Python.framework/Versions/3.11/lib/python3.11/site-packages (from cibuildwheel==2.11.3) (0.16)
2022-12-27T11:14:48.1963070Z Requirement already satisfied: bracex in /Library/Frameworks/Python.framework/Versions/3.11/lib/python3.11/site-packages (from cibuildwheel==2.11.3) (2.3.post1)
2022-12-27T11:14:48.1969590Z Requirement already satisfied: certifi in /Library/Frameworks/Python.framework/Versions/3.11/lib/python3.11/site-packages (from cibuildwheel==2.11.3) (2022.12.7)
2022-12-27T11:14:48.1976360Z Requirement already satisfied: filelock in /Library/Frameworks/Python.framework/Versions/3.11/lib/python3.11/site-packages (from cibuildwheel==2.11.3) (3.8.2)
2022-12-27T11:14:48.1984710Z Requirement already satisfied: packaging>=20.9 in /Library/Frameworks/Python.framework/Versions/3.11/lib/python3.11/site-packages (from cibuildwheel==2.11.3) (22.0)
2022-12-27T11:14:48.1991790Z Requirement already satisfied: platformdirs in /Library/Frameworks/Python.framework/Versions/3.11/lib/python3.11/site-packages (from cibuildwheel==2.11.3) (2.6.0)
2022-12-27T11:14:48.4256600Z 
2022-12-27T11:14:48.4257200Z      _ _       _ _   _       _           _
2022-12-27T11:14:48.4257670Z  ___|_| |_ _ _|_| |_| |_ _ _| |_ ___ ___| |
2022-12-27T11:14:48.4258400Z |  _| | . | | | | | . | | | |   | -_| -_| |
2022-12-27T11:14:48.4258650Z |___|_|___|___|_|_|___|_____|_|_|___|___|_|
2022-12-27T11:14:48.4258810Z 
2022-12-27T11:14:48.4259090Z cibuildwheel version 2.11.3
2022-12-27T11:14:48.4259270Z 
2022-12-27T11:14:48.4259390Z Build options:
2022-12-27T11:14:48.4259670Z   platform: macos
2022-12-27T11:14:48.4359310Z   architectures: arm64[0m
2022-12-27T11:14:48.4359630Z   build_selector: 
2022-12-27T11:14:48.4361170Z     build_config: cp311-macosx_arm64
2022-12-27T11:14:48.4361710Z     skip_config: 
2022-12-27T11:14:48.4362130Z     requires_python: None
2022-12-27T11:14:48.4362650Z     prerelease_pythons: False[0m
2022-12-27T11:14:48.4363270Z   [38;5;244mcontainer_engine: docker[0m
2022-12-27T11:14:48.4363750Z   output_dir: /Users/runner/actions-runner/_work/python.build/python.build/build_lxml363311/wheelsout[0m
2022-12-27T11:14:48.4364330Z   package_dir: /Users/runner/actions-runner/_work/python.build/python.build/build_lxml363311/lxml-3.6.3[0m
2022-12-27T11:14:48.4364690Z   test_selector: 
2022-12-27T11:14:48.4364970Z     skip_config: *_arm64[0m
2022-12-27T11:14:48.4365360Z   [38;5;244mbefore_all: [0m
2022-12-27T11:14:48.4365880Z   before_build: pip install Cython; if [[ -f requirements.txt ]]; then pip install -r requirements.txt; fi[0m
2022-12-27T11:14:48.4366270Z   [38;5;244mbefore_test: [0m
2022-12-27T11:14:48.4366630Z   [38;5;244mbuild_frontend: pip[0m
2022-12-27T11:14:48.4366960Z   build_verbosity: 3[0m
2022-12-27T11:14:48.4367260Z   [38;5;244mconfig_settings: [0m
2022-12-27T11:14:48.4367550Z   [38;5;244mdependency_constraints: pinned[0m
2022-12-27T11:14:48.4367790Z   environment: 
2022-12-27T11:14:48.4368090Z     CFLAGS="-I/usr/local/opt/openssl@3/include"
2022-12-27T11:14:48.4368440Z     LDFLAGS="-L/usr/local/opt/openssl@3/lib"
2022-12-27T11:14:48.4368780Z     CPPFLAGS="-I/usr/local/opt/openssl@3/include"
2022-12-27T11:14:48.4369120Z     MAKEFLAGS="-j$(sysctl -n hw.logicalcpu)"
2022-12-27T11:14:48.4369430Z     PATH=/usr/local/opt/ccache/libexec:$PATH[0m
2022-12-27T11:14:48.4369780Z   [38;5;244mmanylinux_images: None[0m
2022-12-27T11:14:48.4370130Z   [38;5;244mmusllinux_images: None[0m
2022-12-27T11:14:48.4370530Z   [38;5;244mrepair_command: delocate-wheel --require-archs {delocate_archs} -w {dest_dir} -v {wheel}[0m
2022-12-27T11:14:48.4370890Z   [38;5;244mtest_command: [0m
2022-12-27T11:14:48.4371170Z   [38;5;244mtest_extras: [0m
2022-12-27T11:14:48.4371490Z   [38;5;244mtest_requires: [0m
2022-12-27T11:14:48.4371600Z 
2022-12-27T11:14:48.4371740Z Cache folder: /Users/runner/Library/Caches/cibuildwheel
2022-12-27T11:14:48.4373260Z 
2022-12-27T11:14:48.4373720Z Here we go!
2022-12-27T11:14:48.4373870Z 
2022-12-27T11:14:48.4482040Z 
2022-12-27T11:14:48.4482990Z [1m[34mBuilding cp311-macosx_arm64 wheel[0m
2022-12-27T11:14:48.4483360Z CPython 3.11 macOS arm64 - Apple Silicon
2022-12-27T11:14:48.4483600Z 
2022-12-27T11:14:48.4485260Z ##[group]Installing Python cp311...
2022-12-27T11:14:48.4485470Z 
2022-12-27T11:14:48.4485720Z + pkgutil --pkgs
2022-12-27T11:14:48.4591590Z ##[endgroup]
2022-12-27T11:14:48.4592670Z                                                               [32m✓ [0m0.01s
2022-12-27T11:14:48.4593300Z ##[group]Setting up build environment...
2022-12-27T11:14:48.4593470Z 
2022-12-27T11:14:48.4611090Z + /Library/Frameworks/Python.framework/Versions/3.11/bin/python -sS /Users/runner/Library/Caches/cibuildwheel/virtualenv-20.17.0.pyz --activators= --no-periodic-update --pip=22.3.1 --setuptools=65.6.3 --wheel=0.38.4 --symlink-app-data --python /Library/Frameworks/Python.framework/Versions/3.11/bin/python3 /private/var/folders/51/hd414ycd67n82196sw51xqtc0000gn/T/cibw-run-mamcbz4f/cp311-macosx_arm64/build/venv
2022-12-27T11:14:48.6552960Z created virtual environment CPython3.11.1.final.0-64 in 54ms
2022-12-27T11:14:48.6553720Z   creator CPython3Posix(dest=/private/var/folders/51/hd414ycd67n82196sw51xqtc0000gn/T/cibw-run-mamcbz4f/cp311-macosx_arm64/build/venv, clear=False, no_vcs_ignore=False, global=False)
2022-12-27T11:14:48.6554340Z   seeder FromAppData(download=False, pip=22.3.1, setuptools=65.6.3, wheel=0.38.4, via=symlink, app_data_dir=/Users/runner/Library/Application Support/virtualenv)
2022-12-27T11:14:48.6554910Z     added seed packages: pip==22.3.1, setuptools==65.6.3, wheel==0.38.4
2022-12-27T11:14:48.6691210Z + python -m pip install --upgrade pip -c /Library/Frameworks/Python.framework/Versions/3.11/lib/python3.11/site-packages/cibuildwheel/resources/constraints-python311.txt
2022-12-27T11:14:48.9409240Z Requirement already satisfied: pip in ./lib/python3.11/site-packages (22.3.1)
2022-12-27T11:14:49.0680620Z + which pip
2022-12-27T11:14:49.0702200Z /private/var/folders/51/hd414ycd67n82196sw51xqtc0000gn/T/cibw-run-mamcbz4f/cp311-macosx_arm64/build/venv/bin/pip
2022-12-27T11:14:49.0704460Z + pip --version
2022-12-27T11:14:49.2649470Z pip 22.3.1 from /private/var/folders/51/hd414ycd67n82196sw51xqtc0000gn/T/cibw-run-mamcbz4f/cp311-macosx_arm64/build/venv/lib/python3.11/site-packages/pip (python 3.11)
2022-12-27T11:14:49.2913730Z + which pip
2022-12-27T11:14:49.2941560Z + which python
2022-12-27T11:14:49.2963260Z /private/var/folders/51/hd414ycd67n82196sw51xqtc0000gn/T/cibw-run-mamcbz4f/cp311-macosx_arm64/build/venv/bin/python
2022-12-27T11:14:49.2966230Z + python --version
2022-12-27T11:14:49.3024610Z Python 3.11.1
2022-12-27T11:14:49.3028210Z + which python
2022-12-27T11:14:49.3079310Z ##[endgroup]
2022-12-27T11:14:49.3079780Z                                                               [32m✓ [0m0.85s
2022-12-27T11:14:49.3080370Z ##[group]Installing build tools...
2022-12-27T11:14:49.3080480Z 
2022-12-27T11:14:49.3080930Z + pip install --upgrade setuptools wheel delocate -c /Library/Frameworks/Python.framework/Versions/3.11/lib/python3.11/site-packages/cibuildwheel/resources/constraints-python311.txt
2022-12-27T11:14:49.5812560Z Requirement already satisfied: setuptools in /private/var/folders/51/hd414ycd67n82196sw51xqtc0000gn/T/cibw-run-mamcbz4f/cp311-macosx_arm64/build/venv/lib/python3.11/site-packages (65.6.3)
2022-12-27T11:14:49.7485540Z Requirement already satisfied: wheel in /private/var/folders/51/hd414ycd67n82196sw51xqtc0000gn/T/cibw-run-mamcbz4f/cp311-macosx_arm64/build/venv/lib/python3.11/site-packages (0.38.4)
2022-12-27T11:14:49.7923610Z Collecting delocate
2022-12-27T11:14:49.7945470Z   Using cached delocate-0.10.3-py3-none-any.whl (142 kB)
2022-12-27T11:14:49.8207740Z Collecting packaging>=20.9
2022-12-27T11:14:49.8228570Z   Using cached packaging-21.3-py3-none-any.whl (40 kB)
2022-12-27T11:14:49.8381240Z Collecting typing-extensions
2022-12-27T11:14:49.8399270Z   Using cached typing_extensions-4.4.0-py3-none-any.whl (26 kB)
2022-12-27T11:14:49.8693790Z Collecting pyparsing!=3.0.5,>=2.0.2
2022-12-27T11:14:49.8711030Z   Using cached pyparsing-3.0.9-py3-none-any.whl (98 kB)
2022-12-27T11:14:49.9240590Z Installing collected packages: typing-extensions, pyparsing, packaging, delocate
2022-12-27T11:14:50.0480200Z Successfully installed delocate-0.10.3 packaging-21.3 pyparsing-3.0.9 typing-extensions-4.4.0
2022-12-27T11:14:50.0945490Z ##[endgroup]
2022-12-27T11:14:50.0946270Z                                                               [32m✓ [0m0.79s
2022-12-27T11:14:50.0946870Z ##[group]Running before_build...
2022-12-27T11:14:50.0947050Z 
2022-12-27T11:14:50.0951200Z + pip install Cython; if [[ -f requirements.txt ]]; then pip install -r requirements.txt; fi
2022-12-27T11:14:50.6582570Z Collecting Cython
2022-12-27T11:14:50.6627920Z   Using cached Cython-0.29.32-py2.py3-none-any.whl (986 kB)
2022-12-27T11:14:50.7023460Z Installing collected packages: Cython
2022-12-27T11:14:51.0994190Z Successfully installed Cython-0.29.32
2022-12-27T11:14:51.4076440Z Requirement already satisfied: Cython>=0.20 in /private/var/folders/51/hd414ycd67n82196sw51xqtc0000gn/T/cibw-run-mamcbz4f/cp311-macosx_arm64/build/venv/lib/python3.11/site-packages (from -r requirements.txt (line 1)) (0.29.32)
2022-12-27T11:14:51.4889130Z ##[endgroup]
2022-12-27T11:14:51.4890080Z                                                               [32m✓ [0m1.39s
2022-12-27T11:14:51.4890660Z ##[group]Building wheel...
2022-12-27T11:14:51.4890830Z 
2022-12-27T11:14:51.4894170Z + python -m pip wheel /Users/runner/actions-runner/_work/python.build/python.build/build_lxml363311/lxml-3.6.3 --wheel-dir=/private/var/folders/51/hd414ycd67n82196sw51xqtc0000gn/T/cibw-run-mamcbz4f/cp311-macosx_arm64/built_wheel --no-deps -vvv
2022-12-27T11:14:51.7316450Z Created temporary directory: /private/var/folders/51/hd414ycd67n82196sw51xqtc0000gn/T/pip-ephem-wheel-cache-80361rpy
2022-12-27T11:14:51.7320180Z Created temporary directory: /private/var/folders/51/hd414ycd67n82196sw51xqtc0000gn/T/pip-build-tracker-ca845p2g
2022-12-27T11:14:51.7321210Z Initialized build tracking at /private/var/folders/51/hd414ycd67n82196sw51xqtc0000gn/T/pip-build-tracker-ca845p2g
2022-12-27T11:14:51.7323290Z Created build tracker: /private/var/folders/51/hd414ycd67n82196sw51xqtc0000gn/T/pip-build-tracker-ca845p2g
2022-12-27T11:14:51.7324120Z Entered build tracker: /private/var/folders/51/hd414ycd67n82196sw51xqtc0000gn/T/pip-build-tracker-ca845p2g
2022-12-27T11:14:51.7327180Z Created temporary directory: /private/var/folders/51/hd414ycd67n82196sw51xqtc0000gn/T/pip-wheel-n7ugk_j1
2022-12-27T11:14:51.7332250Z Created temporary directory: /private/var/folders/51/hd414ycd67n82196sw51xqtc0000gn/T/pip-ephem-wheel-cache-m803zpcm
2022-12-27T11:14:51.7403930Z Processing /Users/runner/actions-runner/_work/python.build/python.build/build_lxml363311/lxml-3.6.3
2022-12-27T11:14:51.7408540Z   Added file:///Users/runner/actions-runner/_work/python.build/python.build/build_lxml363311/lxml-3.6.3 to build tracker '/private/var/folders/51/hd414ycd67n82196sw51xqtc0000gn/T/pip-build-tracker-ca845p2g'
2022-12-27T11:14:51.7412340Z   Running setup.py (path:/Users/runner/actions-runner/_work/python.build/python.build/build_lxml363311/lxml-3.6.3/setup.py) egg_info for package from file:///Users/runner/actions-runner/_work/python.build/python.build/build_lxml363311/lxml-3.6.3
2022-12-27T11:14:51.7414790Z   Created temporary directory: /private/var/folders/51/hd414ycd67n82196sw51xqtc0000gn/T/pip-pip-egg-info-2p1fc4tq
2022-12-27T11:14:51.7415480Z   Preparing metadata (setup.py): started
2022-12-27T11:14:51.7417100Z   Running command python setup.py egg_info
2022-12-27T11:14:52.0125370Z   Building lxml version 3.6.3.
2022-12-27T11:14:52.0126000Z   Building without Cython.
2022-12-27T11:14:52.0127130Z   Using build configuration of libxslt 1.1.29
2022-12-27T11:14:52.0128780Z   Building against libxml2/libxslt in the following directory: /Library/Developer/CommandLineTools/SDKs/MacOSX12.1.sdk/usr/lib
2022-12-27T11:14:52.0129570Z   running egg_info
2022-12-27T11:14:52.0132130Z   creating /private/var/folders/51/hd414ycd67n82196sw51xqtc0000gn/T/pip-pip-egg-info-2p1fc4tq/lxml.egg-info
2022-12-27T11:14:52.0133000Z   writing /private/var/folders/51/hd414ycd67n82196sw51xqtc0000gn/T/pip-pip-egg-info-2p1fc4tq/lxml.egg-info/PKG-INFO
2022-12-27T11:14:52.0136560Z   writing dependency_links to /private/var/folders/51/hd414ycd67n82196sw51xqtc0000gn/T/pip-pip-egg-info-2p1fc4tq/lxml.egg-info/dependency_links.txt
2022-12-27T11:14:52.0137960Z   writing requirements to /private/var/folders/51/hd414ycd67n82196sw51xqtc0000gn/T/pip-pip-egg-info-2p1fc4tq/lxml.egg-info/requires.txt
2022-12-27T11:14:52.0139470Z   writing top-level names to /private/var/folders/51/hd414ycd67n82196sw51xqtc0000gn/T/pip-pip-egg-info-2p1fc4tq/lxml.egg-info/top_level.txt
2022-12-27T11:14:52.0141540Z   writing manifest file '/private/var/folders/51/hd414ycd67n82196sw51xqtc0000gn/T/pip-pip-egg-info-2p1fc4tq/lxml.egg-info/SOURCES.txt'
2022-12-27T11:14:52.0227860Z   reading manifest file '/private/var/folders/51/hd414ycd67n82196sw51xqtc0000gn/T/pip-pip-egg-info-2p1fc4tq/lxml.egg-info/SOURCES.txt'
2022-12-27T11:14:52.0231470Z   reading manifest template 'MANIFEST.in'
2022-12-27T11:14:52.1133450Z   adding license file 'LICENSES.txt'
2022-12-27T11:14:52.1187160Z   writing manifest file '/private/var/folders/51/hd414ycd67n82196sw51xqtc0000gn/T/pip-pip-egg-info-2p1fc4tq/lxml.egg-info/SOURCES.txt'
2022-12-27T11:14:52.1444560Z   Preparing metadata (setup.py): finished with status 'done'
2022-12-27T11:14:52.1468750Z   Source in /Users/runner/actions-runner/_work/python.build/python.build/build_lxml363311/lxml-3.6.3 has version 3.6.3, which satisfies requirement lxml==3.6.3 from file:///Users/runner/actions-runner/_work/python.build/python.build/build_lxml363311/lxml-3.6.3
2022-12-27T11:14:52.1472390Z   Removed lxml==3.6.3 from file:///Users/runner/actions-runner/_work/python.build/python.build/build_lxml363311/lxml-3.6.3 from build tracker '/private/var/folders/51/hd414ycd67n82196sw51xqtc0000gn/T/pip-build-tracker-ca845p2g'
2022-12-27T11:14:52.1488360Z Created temporary directory: /private/var/folders/51/hd414ycd67n82196sw51xqtc0000gn/T/pip-unpack-8xa_2sz2
2022-12-27T11:14:52.1489820Z Building wheels for collected packages: lxml
2022-12-27T11:14:52.1496490Z   Created temporary directory: /private/var/folders/51/hd414ycd67n82196sw51xqtc0000gn/T/pip-wheel-6aslcsqc
2022-12-27T11:14:52.1612560Z   Building wheel for lxml (setup.py): started
2022-12-27T11:14:52.1614210Z   Destination directory: /private/var/folders/51/hd414ycd67n82196sw51xqtc0000gn/T/pip-wheel-6aslcsqc
2022-12-27T11:14:52.1615120Z   Running command python setup.py bdist_wheel
2022-12-27T11:14:52.3028640Z   Building lxml version 3.6.3.
2022-12-27T11:14:52.3029540Z   Building without Cython.
2022-12-27T11:14:52.3164870Z   Using build configuration of libxslt 1.1.29
2022-12-27T11:14:52.4102230Z   Building against libxml2/libxslt in the following directory: /Library/Developer/CommandLineTools/SDKs/MacOSX12.1.sdk/usr/lib
2022-12-27T11:14:52.4342570Z   running bdist_wheel
2022-12-27T11:14:52.4379250Z   running build
2022-12-27T11:14:52.4381100Z   running build_py
2022-12-27T11:14:52.4400290Z   creating build
2022-12-27T11:14:52.4402200Z   creating build/lib.macosx-11.0-arm64-cpython-311
2022-12-27T11:14:52.4403490Z   creating build/lib.macosx-11.0-arm64-cpython-311/lxml
2022-12-27T11:14:52.4404880Z   copying src/lxml/_elementpath.py -> build/lib.macosx-11.0-arm64-cpython-311/lxml
2022-12-27T11:14:52.4406640Z   copying src/lxml/sax.py -> build/lib.macosx-11.0-arm64-cpython-311/lxml
2022-12-27T11:14:52.4408720Z   copying src/lxml/pyclasslookup.py -> build/lib.macosx-11.0-arm64-cpython-311/lxml
2022-12-27T11:14:52.4411610Z   copying src/lxml/__init__.py -> build/lib.macosx-11.0-arm64-cpython-311/lxml
2022-12-27T11:14:52.4413640Z   copying src/lxml/builder.py -> build/lib.macosx-11.0-arm64-cpython-311/lxml
2022-12-27T11:14:52.4417430Z   copying src/lxml/doctestcompare.py -> build/lib.macosx-11.0-arm64-cpython-311/lxml
2022-12-27T11:14:52.4418860Z   copying src/lxml/usedoctest.py -> build/lib.macosx-11.0-arm64-cpython-311/lxml
2022-12-27T11:14:52.4421240Z   copying src/lxml/cssselect.py -> build/lib.macosx-11.0-arm64-cpython-311/lxml
2022-12-27T11:14:52.4424180Z   copying src/lxml/ElementInclude.py -> build/lib.macosx-11.0-arm64-cpython-311/lxml
2022-12-27T11:14:52.4427900Z   creating build/lib.macosx-11.0-arm64-cpython-311/lxml/includes
2022-12-27T11:14:52.4429310Z   copying src/lxml/includes/__init__.py -> build/lib.macosx-11.0-arm64-cpython-311/lxml/includes
2022-12-27T11:14:52.4434610Z   creating build/lib.macosx-11.0-arm64-cpython-311/lxml/html
2022-12-27T11:14:52.4435660Z   copying src/lxml/html/soupparser.py -> build/lib.macosx-11.0-arm64-cpython-311/lxml/html
2022-12-27T11:14:52.4438410Z   copying src/lxml/html/defs.py -> build/lib.macosx-11.0-arm64-cpython-311/lxml/html
2022-12-27T11:14:52.4440410Z   copying src/lxml/html/_setmixin.py -> build/lib.macosx-11.0-arm64-cpython-311/lxml/html
2022-12-27T11:14:52.4442770Z   copying src/lxml/html/clean.py -> build/lib.macosx-11.0-arm64-cpython-311/lxml/html
2022-12-27T11:14:52.4445560Z   copying src/lxml/html/_diffcommand.py -> build/lib.macosx-11.0-arm64-cpython-311/lxml/html
2022-12-27T11:14:52.4448020Z   copying src/lxml/html/html5parser.py -> build/lib.macosx-11.0-arm64-cpython-311/lxml/html
2022-12-27T11:14:52.4449740Z   copying src/lxml/html/__init__.py -> build/lib.macosx-11.0-arm64-cpython-311/lxml/html
2022-12-27T11:14:52.4452630Z   copying src/lxml/html/formfill.py -> build/lib.macosx-11.0-arm64-cpython-311/lxml/html
2022-12-27T11:14:52.4455520Z   copying src/lxml/html/builder.py -> build/lib.macosx-11.0-arm64-cpython-311/lxml/html
2022-12-27T11:14:52.4457970Z   copying src/lxml/html/ElementSoup.py -> build/lib.macosx-11.0-arm64-cpython-311/lxml/html
2022-12-27T11:14:52.4460250Z   copying src/lxml/html/_html5builder.py -> build/lib.macosx-11.0-arm64-cpython-311/lxml/html
2022-12-27T11:14:52.4462530Z   copying src/lxml/html/usedoctest.py -> build/lib.macosx-11.0-arm64-cpython-311/lxml/html
2022-12-27T11:14:52.4464920Z   copying src/lxml/html/diff.py -> build/lib.macosx-11.0-arm64-cpython-311/lxml/html
2022-12-27T11:14:52.4468450Z   creating build/lib.macosx-11.0-arm64-cpython-311/lxml/isoschematron
2022-12-27T11:14:52.4469710Z   copying src/lxml/isoschematron/__init__.py -> build/lib.macosx-11.0-arm64-cpython-311/lxml/isoschematron
2022-12-27T11:14:52.4491050Z   copying src/lxml/lxml.etree.h -> build/lib.macosx-11.0-arm64-cpython-311/lxml
2022-12-27T11:14:52.4494610Z   copying src/lxml/lxml.etree_api.h -> build/lib.macosx-11.0-arm64-cpython-311/lxml
2022-12-27T11:14:52.4497090Z   copying src/lxml/includes/xmlerror.pxd -> build/lib.macosx-11.0-arm64-cpython-311/lxml/includes
2022-12-27T11:14:52.4500130Z   copying src/lxml/includes/c14n.pxd -> build/lib.macosx-11.0-arm64-cpython-311/lxml/includes
2022-12-27T11:14:52.4503220Z   copying src/lxml/includes/xmlschema.pxd -> build/lib.macosx-11.0-arm64-cpython-311/lxml/includes
2022-12-27T11:14:52.4505260Z   copying src/lxml/includes/schematron.pxd -> build/lib.macosx-11.0-arm64-cpython-311/lxml/includes
2022-12-27T11:14:52.4507640Z   copying src/lxml/includes/tree.pxd -> build/lib.macosx-11.0-arm64-cpython-311/lxml/includes
2022-12-27T11:14:52.4510590Z   copying src/lxml/includes/uri.pxd -> build/lib.macosx-11.0-arm64-cpython-311/lxml/includes
2022-12-27T11:14:52.4513360Z   copying src/lxml/includes/etreepublic.pxd -> build/lib.macosx-11.0-arm64-cpython-311/lxml/includes
2022-12-27T11:14:52.4515730Z   copying src/lxml/includes/xpath.pxd -> build/lib.macosx-11.0-arm64-cpython-311/lxml/includes
2022-12-27T11:14:52.4518750Z   copying src/lxml/includes/htmlparser.pxd -> build/lib.macosx-11.0-arm64-cpython-311/lxml/includes
2022-12-27T11:14:52.4520820Z   copying src/lxml/includes/xslt.pxd -> build/lib.macosx-11.0-arm64-cpython-311/lxml/includes
2022-12-27T11:14:52.4523620Z   copying src/lxml/includes/config.pxd -> build/lib.macosx-11.0-arm64-cpython-311/lxml/includes
2022-12-27T11:14:52.4526530Z   copying src/lxml/includes/xmlparser.pxd -> build/lib.macosx-11.0-arm64-cpython-311/lxml/includes
2022-12-27T11:14:52.4528590Z   copying src/lxml/includes/xinclude.pxd -> build/lib.macosx-11.0-arm64-cpython-311/lxml/includes
2022-12-27T11:14:52.4531300Z   copying src/lxml/includes/dtdvalid.pxd -> build/lib.macosx-11.0-arm64-cpython-311/lxml/includes
2022-12-27T11:14:52.4533880Z   copying src/lxml/includes/relaxng.pxd -> build/lib.macosx-11.0-arm64-cpython-311/lxml/includes
2022-12-27T11:14:52.4536330Z   copying src/lxml/includes/lxml-version.h -> build/lib.macosx-11.0-arm64-cpython-311/lxml/includes
2022-12-27T11:14:52.4538840Z   copying src/lxml/includes/etree_defs.h -> build/lib.macosx-11.0-arm64-cpython-311/lxml/includes
2022-12-27T11:14:52.4541860Z   creating build/lib.macosx-11.0-arm64-cpython-311/lxml/isoschematron/resources
2022-12-27T11:14:52.4543000Z   creating build/lib.macosx-11.0-arm64-cpython-311/lxml/isoschematron/resources/rng
2022-12-27T11:14:52.4544350Z   copying src/lxml/isoschematron/resources/rng/iso-schematron.rng -> build/lib.macosx-11.0-arm64-cpython-311/lxml/isoschematron/resources/rng
2022-12-27T11:14:52.4546590Z   creating build/lib.macosx-11.0-arm64-cpython-311/lxml/isoschematron/resources/xsl
2022-12-27T11:14:52.4548280Z   copying src/lxml/isoschematron/resources/xsl/XSD2Schtrn.xsl -> build/lib.macosx-11.0-arm64-cpython-311/lxml/isoschematron/resources/xsl
2022-12-27T11:14:52.4550730Z   copying src/lxml/isoschematron/resources/xsl/RNG2Schtrn.xsl -> build/lib.macosx-11.0-arm64-cpython-311/lxml/isoschematron/resources/xsl
2022-12-27T11:14:52.4553410Z   creating build/lib.macosx-11.0-arm64-cpython-311/lxml/isoschematron/resources/xsl/iso-schematron-xslt1
2022-12-27T11:14:52.4554870Z   copying src/lxml/isoschematron/resources/xsl/iso-schematron-xslt1/iso_abstract_expand.xsl -> build/lib.macosx-11.0-arm64-cpython-311/lxml/isoschematron/resources/xsl/iso-schematron-xslt1
2022-12-27T11:14:52.4557830Z   copying src/lxml/isoschematron/resources/xsl/iso-schematron-xslt1/iso_dsdl_include.xsl -> build/lib.macosx-11.0-arm64-cpython-311/lxml/isoschematron/resources/xsl/iso-schematron-xslt1
2022-12-27T11:14:52.4561070Z   copying src/lxml/isoschematron/resources/xsl/iso-schematron-xslt1/iso_schematron_skeleton_for_xslt1.xsl -> build/lib.macosx-11.0-arm64-cpython-311/lxml/isoschematron/resources/xsl/iso-schematron-xslt1
2022-12-27T11:14:52.4564330Z   copying src/lxml/isoschematron/resources/xsl/iso-schematron-xslt1/iso_svrl_for_xslt1.xsl -> build/lib.macosx-11.0-arm64-cpython-311/lxml/isoschematron/resources/xsl/iso-schematron-xslt1
2022-12-27T11:14:52.4567220Z   copying src/lxml/isoschematron/resources/xsl/iso-schematron-xslt1/iso_schematron_message.xsl -> build/lib.macosx-11.0-arm64-cpython-311/lxml/isoschematron/resources/xsl/iso-schematron-xslt1
2022-12-27T11:14:52.4569780Z   copying src/lxml/isoschematron/resources/xsl/iso-schematron-xslt1/readme.txt -> build/lib.macosx-11.0-arm64-cpython-311/lxml/isoschematron/resources/xsl/iso-schematron-xslt1
2022-12-27T11:14:52.4580110Z   running build_ext
2022-12-27T11:14:52.4609360Z   building 'lxml.etree' extension
2022-12-27T11:14:52.4610940Z   creating build/temp.macosx-11.0-arm64-cpython-311
2022-12-27T11:14:52.4612240Z   creating build/temp.macosx-11.0-arm64-cpython-311/src
2022-12-27T11:14:52.4613670Z   creating build/temp.macosx-11.0-arm64-cpython-311/src/lxml
2022-12-27T11:14:52.4616170Z   clang -Wsign-compare -Wunreachable-code -fno-common -dynamic -DNDEBUG -g -fwrapv -O3 -Wall -g -I/usr/local/opt/openssl@3/include -I/usr/local/opt/openssl@3/include -arch arm64 -I/Library/Developer/CommandLineTools/SDKs/MacOSX12.1.sdk/usr/include -Isrc/lxml/includes -I/private/var/folders/51/hd414ycd67n82196sw51xqtc0000gn/T/cibw-run-mamcbz4f/cp311-macosx_arm64/build/venv/include -I/Library/Frameworks/Python.framework/Versions/3.11/include/python3.11 -c src/lxml/lxml.etree.c -o build/temp.macosx-11.0-arm64-cpython-311/src/lxml/lxml.etree.o -w -flat_namespace
2022-12-27T11:14:52.5582390Z   src/lxml/lxml.etree.c:4323:23: error: expression is not assignable
2022-12-27T11:14:52.5582870Z           Py_SIZE(list) = len+1;
2022-12-27T11:14:52.5584400Z           ~~~~~~~~~~~~~ ^
2022-12-27T11:14:52.5585960Z   src/lxml/lxml.etree.c:4379:23: error: expression is not assignable
2022-12-27T11:14:52.5586920Z           Py_SIZE(list) = len+1;
2022-12-27T11:14:52.5588000Z           ~~~~~~~~~~~~~ ^
2022-12-27T11:14:53.1081010Z   src/lxml/lxml.etree.c:198040:5: error: expression is not assignable
2022-12-27T11:14:53.1081540Z       ++Py_REFCNT(o);
2022-12-27T11:14:53.1082930Z       ^ ~~~~~~~~~~~~
2022-12-27T11:14:53.1085020Z   src/lxml/lxml.etree.c:198042:5: error: expression is not assignable
2022-12-27T11:14:53.1086650Z       --Py_REFCNT(o);
2022-12-27T11:14:53.1087570Z       ^ ~~~~~~~~~~~~
2022-12-27T11:14:53.1118240Z   src/lxml/lxml.etree.c:199015:5: error: expression is not assignable
2022-12-27T11:14:53.1119270Z       ++Py_REFCNT(o);
2022-12-27T11:14:53.1183360Z       ^ ~~~~~~~~~~~~
2022-12-27T11:14:53.1183860Z   src/lxml/lxml.etree.c:199017:5: error: expression is not assignable
2022-12-27T11:14:53.1184530Z       --Py_REFCNT(o);
2022-12-27T11:14:53.1184790Z       ^ ~~~~~~~~~~~~
2022-12-27T11:14:53.1185060Z   src/lxml/lxml.etree.c:199325:5: error: expression is not assignable
2022-12-27T11:14:53.1185420Z       ++Py_REFCNT(o);
2022-12-27T11:14:53.1185640Z       ^ ~~~~~~~~~~~~
2022-12-27T11:14:53.1185940Z   src/lxml/lxml.etree.c:199327:5: error: expression is not assignable
2022-12-27T11:14:53.1186300Z       --Py_REFCNT(o);
2022-12-27T11:14:53.1186540Z       ^ ~~~~~~~~~~~~
2022-12-27T11:14:53.1192740Z   src/lxml/lxml.etree.c:200885:5: error: expression is not assignable
2022-12-27T11:14:53.1194310Z       ++Py_REFCNT(o);
2022-12-27T11:14:53.1195760Z       ^ ~~~~~~~~~~~~
2022-12-27T11:14:53.1197210Z   src/lxml/lxml.etree.c:200887:5: error: expression is not assignable
2022-12-27T11:14:53.1198160Z       --Py_REFCNT(o);
2022-12-27T11:14:53.1199220Z       ^ ~~~~~~~~~~~~
2022-12-27T11:14:53.1337220Z   src/lxml/lxml.etree.c:204760:5: error: expression is not assignable
2022-12-27T11:14:53.1338180Z       ++Py_REFCNT(o);
2022-12-27T11:14:53.1339620Z       ^ ~~~~~~~~~~~~
2022-12-27T11:14:53.1341210Z   src/lxml/lxml.etree.c:204762:5: error: expression is not assignable
2022-12-27T11:14:53.1342690Z       --Py_REFCNT(o);
2022-12-27T11:14:53.1344060Z       ^ ~~~~~~~~~~~~
2022-12-27T11:14:53.1355900Z   src/lxml/lxml.etree.c:205116:5: error: expression is not assignable
2022-12-27T11:14:53.1356860Z       ++Py_REFCNT(o);
2022-12-27T11:14:53.1358110Z       ^ ~~~~~~~~~~~~
2022-12-27T11:14:53.1359520Z   src/lxml/lxml.etree.c:205118:5: error: expression is not assignable
2022-12-27T11:14:53.1360950Z       --Py_REFCNT(o);
2022-12-27T11:14:53.1362230Z       ^ ~~~~~~~~~~~~
2022-12-27T11:14:53.1367350Z   src/lxml/lxml.etree.c:205349:5: error: expression is not assignable
2022-12-27T11:14:53.1368230Z       ++Py_REFCNT(o);
2022-12-27T11:14:53.1369410Z       ^ ~~~~~~~~~~~~
2022-12-27T11:14:53.1370480Z   src/lxml/lxml.etree.c:205351:5: error: expression is not assignable
2022-12-27T11:14:53.1371510Z       --Py_REFCNT(o);
2022-12-27T11:14:53.1372610Z       ^ ~~~~~~~~~~~~
2022-12-27T11:14:53.1373790Z   src/lxml/lxml.etree.c:205460:5: error: expression is not assignable
2022-12-27T11:14:53.1374840Z       ++Py_REFCNT(o);
2022-12-27T11:14:53.1375720Z       ^ ~~~~~~~~~~~~
2022-12-27T11:14:53.1376930Z   src/lxml/lxml.etree.c:205462:5: error: expression is not assignable
2022-12-27T11:14:53.1377930Z       --Py_REFCNT(o);
2022-12-27T11:14:53.1378960Z       ^ ~~~~~~~~~~~~
2022-12-27T11:14:53.1451650Z   src/lxml/lxml.etree.c:207084:5: error: expression is not assignable
2022-12-27T11:14:53.1452830Z       ++Py_REFCNT(o);
2022-12-27T11:14:53.1454400Z       ^ ~~~~~~~~~~~~
2022-12-27T11:14:53.1456110Z   fatal error: too many errors emitted, stopping now [-ferror-limit=]
2022-12-27T11:14:53.2538860Z   20 errors generated.
2022-12-27T11:14:53.2584400Z   Compile failed: command '/usr/bin/clang' failed with exit code 1
2022-12-27T11:14:53.3309650Z   creating var
2022-12-27T11:14:53.3310380Z   creating var/folders
2022-12-27T11:14:53.3311550Z   creating var/folders/51
2022-12-27T11:14:53.3312670Z   creating var/folders/51/hd414ycd67n82196sw51xqtc0000gn
2022-12-27T11:14:53.3313800Z   creating var/folders/51/hd414ycd67n82196sw51xqtc0000gn/T
2022-12-27T11:14:53.3315940Z   cc -arch arm64 -I/Library/Developer/CommandLineTools/SDKs/MacOSX12.1.sdk/usr/include -I/usr/include/libxml2 -c /var/folders/51/hd414ycd67n82196sw51xqtc0000gn/T/xmlXPathInit0lagv7sj.c -o var/folders/51/hd414ycd67n82196sw51xqtc0000gn/T/xmlXPathInit0lagv7sj.o
2022-12-27T11:14:53.3741580Z   cc -arch arm64 var/folders/51/hd414ycd67n82196sw51xqtc0000gn/T/xmlXPathInit0lagv7sj.o -L/Library/Developer/CommandLineTools/SDKs/MacOSX12.1.sdk/usr/lib -lxml2 -o a.out
2022-12-27T11:14:53.4142550Z   error: command '/usr/bin/clang' failed with exit code 1
2022-12-27T11:14:53.4500880Z   error: subprocess-exited-with-error
2022-12-27T11:14:53.4501210Z   
2022-12-27T11:14:53.4501580Z   × python setup.py bdist_wheel did not run successfully.
2022-12-27T11:14:53.4501900Z   │ exit code: 1
2022-12-27T11:14:53.4502200Z   ╰─> See above for output.
2022-12-27T11:14:53.4502440Z   
2022-12-27T11:14:53.4502700Z   note: This error originates from a subprocess, and is likely not a problem with pip.
2022-12-27T11:14:53.4507950Z   full command: /private/var/folders/51/hd414ycd67n82196sw51xqtc0000gn/T/cibw-run-mamcbz4f/cp311-macosx_arm64/build/venv/bin/python -u -c '
2022-12-27T11:14:53.4508630Z   exec(compile('"'"''"'"''"'"'
2022-12-27T11:14:53.4509250Z   # This is <pip-setuptools-caller> -- a caller that pip uses to run setup.py
2022-12-27T11:14:53.4509780Z   #
2022-12-27T11:14:53.4510420Z   # - It imports setuptools before invoking setup.py, to enable projects that directly
2022-12-27T11:14:53.4510880Z   #   import from `distutils.core` to work with newer packaging standards.
2022-12-27T11:14:53.4511510Z   # - It provides a clear error message when setuptools is not installed.
2022-12-27T11:14:53.4512710Z   # - It sets `sys.argv[0]` to the underlying `setup.py`, when invoking `setup.py` so
2022-12-27T11:14:53.4513550Z   #   setuptools doesn'"'"'t think the script is `-c`. This avoids the following warning:
2022-12-27T11:14:53.4514260Z   #     manifest_maker: standard file '"'"'-c'"'"' not found".
2022-12-27T11:14:53.4514810Z   # - It generates a shim setup.py, for handling setup.cfg-only projects.
2022-12-27T11:14:53.4515220Z   import os, sys, tokenize
2022-12-27T11:14:53.4515540Z   
2022-12-27T11:14:53.4515790Z   try:
2022-12-27T11:14:53.4516120Z       import setuptools
2022-12-27T11:14:53.4516430Z   except ImportError as error:
2022-12-27T11:14:53.4516660Z       print(
2022-12-27T11:14:53.4516890Z           "ERROR: Can not execute `setup.py` since setuptools is not available in "
2022-12-27T11:14:53.4517130Z           "the build environment.",
2022-12-27T11:14:53.4517390Z           file=sys.stderr,
2022-12-27T11:14:53.4517550Z       )
2022-12-27T11:14:53.4517710Z       sys.exit(1)
2022-12-27T11:14:53.4517880Z   
2022-12-27T11:14:53.4518020Z   __file__ = %r
2022-12-27T11:14:53.4518220Z   sys.argv[0] = __file__
2022-12-27T11:14:53.4518400Z   
2022-12-27T11:14:53.4518540Z   if os.path.exists(__file__):
2022-12-27T11:14:53.4518700Z       filename = __file__
2022-12-27T11:14:53.4518920Z       with tokenize.open(__file__) as f:
2022-12-27T11:14:53.4519100Z           setup_py_code = f.read()
2022-12-27T11:14:53.4519280Z   else:
2022-12-27T11:14:53.4519530Z       filename = "<auto-generated setuptools caller>"
2022-12-27T11:14:53.4519750Z       setup_py_code = "from setuptools import setup; setup()"
2022-12-27T11:14:53.4519970Z   
2022-12-27T11:14:53.4520170Z   exec(compile(setup_py_code, filename, "exec"))
2022-12-27T11:14:53.4520740Z   '"'"''"'"''"'"' % ('"'"'/Users/runner/actions-runner/_work/python.build/python.build/build_lxml363311/lxml-3.6.3/setup.py'"'"',), "<pip-setuptools-caller>", "exec"))' bdist_wheel -d /private/var/folders/51/hd414ycd67n82196sw51xqtc0000gn/T/pip-wheel-6aslcsqc
2022-12-27T11:14:53.4521210Z   cwd: /Users/runner/actions-runner/_work/python.build/python.build/build_lxml363311/lxml-3.6.3/
2022-12-27T11:14:53.4521460Z   ERROR: Failed building wheel for lxml
2022-12-27T11:14:53.4521710Z   Running command python setup.py clean
2022-12-27T11:14:53.4522230Z   Building wheel for lxml (setup.py): finished with status 'error'
2022-12-27T11:14:53.4522480Z   Running setup.py clean for lxml
2022-12-27T11:14:53.5926360Z   Building lxml version 3.6.3.
2022-12-27T11:14:53.5927050Z   Building without Cython.
2022-12-27T11:14:53.6061420Z   Using build configuration of libxslt 1.1.29
2022-12-27T11:14:53.7030900Z   Building against libxml2/libxslt in the following directory: /Library/Developer/CommandLineTools/SDKs/MacOSX12.1.sdk/usr/lib
2022-12-27T11:14:53.7174700Z   running clean
2022-12-27T11:14:53.7206270Z   removing 'build/temp.macosx-11.0-arm64-cpython-311' (and everything under it)
2022-12-27T11:14:53.7209360Z   removing 'build/lib.macosx-11.0-arm64-cpython-311' (and everything under it)
2022-12-27T11:14:53.7254130Z   'build/bdist.macosx-11.0-arm64' does not exist -- can't clean it
2022-12-27T11:14:53.7255490Z   'build/scripts-3.11' does not exist -- can't clean it
2022-12-27T11:14:53.7256740Z   removing 'build'
2022-12-27T11:14:53.7527320Z Failed to build lxml
2022-12-27T11:14:53.7532170Z ERROR: Failed to build one or more wheels
2022-12-27T11:14:53.7544780Z Exception information:
2022-12-27T11:14:53.7545070Z Traceback (most recent call last):
2022-12-27T11:14:53.7553180Z   File "/private/var/folders/51/hd414ycd67n82196sw51xqtc0000gn/T/cibw-run-mamcbz4f/cp311-macosx_arm64/build/venv/lib/python3.11/site-packages/pip/_internal/cli/base_command.py", line 160, in exc_logging_wrapper
2022-12-27T11:14:53.7553790Z     status = run_func(*args)
2022-12-27T11:14:53.7554050Z              ^^^^^^^^^^^^^^^
2022-12-27T11:14:53.7554790Z   File "/private/var/folders/51/hd414ycd67n82196sw51xqtc0000gn/T/cibw-run-mamcbz4f/cp311-macosx_arm64/build/venv/lib/python3.11/site-packages/pip/_internal/cli/req_command.py", line 247, in wrapper
2022-12-27T11:14:53.7555200Z     return func(self, options, args)
2022-12-27T11:14:53.7555980Z            ^^^^^^^^^^^^^^^^^^^^^^^^^
2022-12-27T11:14:53.7556530Z   File "/private/var/folders/51/hd414ycd67n82196sw51xqtc0000gn/T/cibw-run-mamcbz4f/cp311-macosx_arm64/build/venv/lib/python3.11/site-packages/pip/_internal/commands/wheel.py", line 201, in run
2022-12-27T11:14:53.7556940Z     raise CommandError("Failed to build one or more wheels")
2022-12-27T11:14:53.7557210Z pip._internal.exceptions.CommandError: Failed to build one or more wheels
2022-12-27T11:14:53.7557670Z Removed build tracker: '/private/var/folders/51/hd414ycd67n82196sw51xqtc0000gn/T/pip-build-tracker-ca845p2g'
2022-12-27T11:14:53.8005840Z ##[endgroup]
2022-12-27T11:14:53.8030470Z ##[error]Command ['python', '-m', 'pip', 'wheel', '/Users/runner/actions-runner/_work/python.build/python.build/build_lxml363311/lxml-3.6.3', '--wheel-dir=/private/var/folders/51/hd414ycd67n82196sw51xqtc0000gn/T/cibw-run-mamcbz4f/cp311-macosx_arm64/built_wheel', '--no-deps', '-vvv'] failed with code 1. None
2022-12-27T11:14:53.8036350Z 
2022-12-27T11:14:53.8036640Z                                                               [31m✕ [0m2.31s
2022-12-27T11:14:53.8508380Z ##[error]Process completed with exit code 1.
2022-12-27T11:14:53.8539960Z ##[group]Run rm -rf build_lxml363311 wheelsout
2022-12-27T11:14:53.8540160Z [36;1mrm -rf build_lxml363311 wheelsout[0m
2022-12-27T11:14:53.8556260Z shell: /bin/bash -e {0}
2022-12-27T11:14:53.8556370Z env:
2022-12-27T11:14:53.8556510Z   pythonLocation: /Users/runner/hostedtoolcache/Python/3.11.1/x64
2022-12-27T11:14:53.8556700Z   PKG_CONFIG_PATH: /Users/runner/hostedtoolcache/Python/3.11.1/x64/lib/pkgconfig
2022-12-27T11:14:53.8556890Z   Python_ROOT_DIR: /Users/runner/hostedtoolcache/Python/3.11.1/x64
2022-12-27T11:14:53.8557060Z   Python2_ROOT_DIR: /Users/runner/hostedtoolcache/Python/3.11.1/x64
2022-12-27T11:14:53.8557230Z   Python3_ROOT_DIR: /Users/runner/hostedtoolcache/Python/3.11.1/x64
2022-12-27T11:14:53.8557370Z ##[endgroup]
2022-12-27T11:14:53.9117330Z Cleaning up orphan processes
