2022-12-27T01:57:07.1466613Z Requested labels: self-hosted, macOS, X64
2022-12-27T01:57:07.1466703Z Job defined at: kilnbuild/python.build/.github/workflows/mac_arm_build.yml@refs/heads/main
2022-12-27T01:57:07.1466729Z Waiting for a runner to pick up this job...
2022-12-27T02:53:04.6358160Z Job is about to start running on the runner: s1 (organization)
2022-12-27T02:53:07.2030190Z Current runner version: '2.300.2'
2022-12-27T02:53:07.2035120Z Runner name: 's1'
2022-12-27T02:53:07.2035370Z Runner group name: 'Default'
2022-12-27T02:53:07.2035800Z Machine name: 's1'
2022-12-27T02:53:07.2037400Z ##[group]GITHUB_TOKEN Permissions
2022-12-27T02:53:07.2037820Z Actions: write
2022-12-27T02:53:07.2037970Z Checks: write
2022-12-27T02:53:07.2038110Z Contents: write
2022-12-27T02:53:07.2038250Z Deployments: write
2022-12-27T02:53:07.2038390Z Discussions: write
2022-12-27T02:53:07.2038530Z Issues: write
2022-12-27T02:53:07.2038650Z Metadata: read
2022-12-27T02:53:07.2038790Z Packages: write
2022-12-27T02:53:07.2038930Z Pages: write
2022-12-27T02:53:07.2039060Z PullRequests: write
2022-12-27T02:53:07.2039230Z RepositoryProjects: write
2022-12-27T02:53:07.2039390Z SecurityEvents: write
2022-12-27T02:53:07.2039530Z Statuses: write
2022-12-27T02:53:07.2039660Z ##[endgroup]
2022-12-27T02:53:07.2042380Z Secret source: Actions
2022-12-27T02:53:07.2042710Z Prepare workflow directory
2022-12-27T02:53:07.2715180Z Prepare all required actions
2022-12-27T02:53:07.2836010Z Getting action download info
2022-12-27T02:53:07.7062800Z Download action repository 'actions/setup-python@v4' (SHA:5ccb29d8773c3f3f653e1705f474dfaa8a06a912)
2022-12-27T02:53:09.4942560Z Download action repository 'actions/upload-artifact@v3' (SHA:83fd05a356d7e2593de66fc9913b3002723633cb)
2022-12-27T02:53:10.9098380Z ##[group]Run echo '{
2022-12-27T02:53:10.9098690Z [36;1mecho '{[0m
2022-12-27T02:53:10.9098890Z [36;1m  "environment_variables": "GRPC_PYTHON_BUILD_WITH_CYTHON=1 GRPC_BUILD_WITH_BORING_SSL_ASM='' GRPC_PYTHON_BUILD_SYSTEM_OPENSSL=TRUE",[0m
2022-12-27T02:53:10.9099120Z [36;1m  "package_name": "grpcio",[0m
2022-12-27T02:53:10.9099360Z [36;1m  "package_url": "https://files.pythonhosted.org/packages/cc/49/941df1587033b70a8b85549701d8954975f4ff49644110e70f3b78d8b909/grpcio-0.4.0a3.tar.gz",[0m
2022-12-27T02:53:10.9099590Z [36;1m  "package_version": "0.4.0a3",[0m
2022-12-27T02:53:10.9099720Z [36;1m  "python_version": "3.9",[0m
2022-12-27T02:53:10.9099840Z [36;1m  "use_ccache": "true"[0m
2022-12-27T02:53:10.9099940Z [36;1m}'[0m
2022-12-27T02:53:10.9115380Z shell: /bin/bash -e {0}
2022-12-27T02:53:10.9115570Z ##[endgroup]
2022-12-27T02:53:10.9338960Z {
2022-12-27T02:53:10.9340440Z   "environment_variables": "GRPC_PYTHON_BUILD_WITH_CYTHON=1 GRPC_BUILD_WITH_BORING_SSL_ASM= GRPC_PYTHON_BUILD_SYSTEM_OPENSSL=TRUE",
2022-12-27T02:53:10.9340760Z   "package_name": "grpcio",
2022-12-27T02:53:10.9341340Z   "package_url": "https://files.pythonhosted.org/packages/cc/49/941df1587033b70a8b85549701d8954975f4ff49644110e70f3b78d8b909/grpcio-0.4.0a3.tar.gz",
2022-12-27T02:53:10.9341620Z   "package_version": "0.4.0a3",
2022-12-27T02:53:10.9341810Z   "python_version": "3.9",
2022-12-27T02:53:10.9341960Z   "use_ccache": "true"
2022-12-27T02:53:10.9342160Z }
2022-12-27T02:53:10.9558480Z ##[group]Run actions/setup-python@v4
2022-12-27T02:53:10.9558710Z with:
2022-12-27T02:53:10.9558900Z   python-version: 3.9
2022-12-27T02:53:10.9559080Z   check-latest: false
2022-12-27T02:53:10.9559370Z   token: ***
2022-12-27T02:53:10.9559620Z   update-environment: true
2022-12-27T02:53:10.9559810Z ##[endgroup]
2022-12-27T02:53:11.0840370Z ##[group]Installed versions
2022-12-27T02:53:11.0882610Z Successfully set up CPython (3.9.16)
2022-12-27T02:53:11.0883320Z ##[endgroup]
2022-12-27T02:53:11.1030310Z ##[group]Run if [ "true" == "true" ]
2022-12-27T02:53:11.1030580Z [36;1mif [ "true" == "true" ][0m
2022-12-27T02:53:11.1030730Z [36;1mthen[0m
2022-12-27T02:53:11.1030950Z [36;1m  echo "CCACHE_PATH_PREPEND=/usr/local/opt/ccache/libexec" >> $GITHUB_OUTPUT[0m
2022-12-27T02:53:11.1031210Z [36;1melse[0m
2022-12-27T02:53:11.1031400Z [36;1m  echo "CCACHE_PATH_PREPEND=" >> $GITHUB_OUTPUT[0m
2022-12-27T02:53:11.1031550Z [36;1mfi[0m
2022-12-27T02:53:11.1048260Z shell: /bin/bash -e {0}
2022-12-27T02:53:11.1048460Z env:
2022-12-27T02:53:11.1048650Z   pythonLocation: /Users/runner/hostedtoolcache/Python/3.9.16/x64
2022-12-27T02:53:11.1048900Z   PKG_CONFIG_PATH: /Users/runner/hostedtoolcache/Python/3.9.16/x64/lib/pkgconfig
2022-12-27T02:53:11.1049580Z   Python_ROOT_DIR: /Users/runner/hostedtoolcache/Python/3.9.16/x64
2022-12-27T02:53:11.1049880Z   Python2_ROOT_DIR: /Users/runner/hostedtoolcache/Python/3.9.16/x64
2022-12-27T02:53:11.1050140Z   Python3_ROOT_DIR: /Users/runner/hostedtoolcache/Python/3.9.16/x64
2022-12-27T02:53:11.1050360Z ##[endgroup]
2022-12-27T02:53:11.1158490Z ##[group]Run echo "BUILD_NAME=$(echo grpcio_0.4.0a3_3.9 | tr -dc '[:alnum:]\n\r' | tr '[:upper:]' '[:lower:]')" >> $GITHUB_OUTPUT
2022-12-27T02:53:11.1158950Z [36;1mecho "BUILD_NAME=$(echo grpcio_0.4.0a3_3.9 | tr -dc '[:alnum:]\n\r' | tr '[:upper:]' '[:lower:]')" >> $GITHUB_OUTPUT[0m
2022-12-27T02:53:11.1173020Z shell: /bin/bash -e {0}
2022-12-27T02:53:11.1173220Z env:
2022-12-27T02:53:11.1173410Z   pythonLocation: /Users/runner/hostedtoolcache/Python/3.9.16/x64
2022-12-27T02:53:11.1173690Z   PKG_CONFIG_PATH: /Users/runner/hostedtoolcache/Python/3.9.16/x64/lib/pkgconfig
2022-12-27T02:53:11.1174030Z   Python_ROOT_DIR: /Users/runner/hostedtoolcache/Python/3.9.16/x64
2022-12-27T02:53:11.1174350Z   Python2_ROOT_DIR: /Users/runner/hostedtoolcache/Python/3.9.16/x64
2022-12-27T02:53:11.1174560Z   Python3_ROOT_DIR: /Users/runner/hostedtoolcache/Python/3.9.16/x64
2022-12-27T02:53:11.1174770Z ##[endgroup]
2022-12-27T02:53:11.1319900Z ##[group]Run echo "PYTHON_NO_DOTS=$(echo 3.9 | tr -dc '[:alnum:]\n\r' | tr '[:upper:]' '[:lower:]')" >> $GITHUB_OUTPUT
2022-12-27T02:53:11.1320290Z [36;1mecho "PYTHON_NO_DOTS=$(echo 3.9 | tr -dc '[:alnum:]\n\r' | tr '[:upper:]' '[:lower:]')" >> $GITHUB_OUTPUT[0m
2022-12-27T02:53:11.1334800Z shell: /bin/bash -e {0}
2022-12-27T02:53:11.1335060Z env:
2022-12-27T02:53:11.1335280Z   pythonLocation: /Users/runner/hostedtoolcache/Python/3.9.16/x64
2022-12-27T02:53:11.1335950Z   PKG_CONFIG_PATH: /Users/runner/hostedtoolcache/Python/3.9.16/x64/lib/pkgconfig
2022-12-27T02:53:11.1336170Z   Python_ROOT_DIR: /Users/runner/hostedtoolcache/Python/3.9.16/x64
2022-12-27T02:53:11.1336420Z   Python2_ROOT_DIR: /Users/runner/hostedtoolcache/Python/3.9.16/x64
2022-12-27T02:53:11.1336750Z   Python3_ROOT_DIR: /Users/runner/hostedtoolcache/Python/3.9.16/x64
2022-12-27T02:53:11.1336930Z ##[endgroup]
2022-12-27T02:53:11.1449900Z ##[group]Run rm -rf build_grpcio040a339
2022-12-27T02:53:11.1450270Z [36;1mrm -rf build_grpcio040a339[0m
2022-12-27T02:53:11.1450440Z [36;1mmkdir build_grpcio040a339[0m
2022-12-27T02:53:11.1450630Z [36;1mcd build_grpcio040a339[0m
2022-12-27T02:53:11.1450950Z [36;1m/usr/local/bin/wget --quiet https://files.pythonhosted.org/packages/cc/49/941df1587033b70a8b85549701d8954975f4ff49644110e70f3b78d8b909/grpcio-0.4.0a3.tar.gz[0m
2022-12-27T02:53:11.1451220Z [36;1mtar xf *.tar.gz[0m
2022-12-27T02:53:11.1451360Z [36;1mcd grpcio-*/[0m
2022-12-27T02:53:11.1451560Z [36;1mpython -m pip install cibuildwheel==2.11.3[0m
2022-12-27T02:53:11.1451780Z [36;1mpython -m cibuildwheel --output-dir ../wheelsout[0m
2022-12-27T02:53:11.1465790Z shell: /bin/bash -e {0}
2022-12-27T02:53:11.1465990Z env:
2022-12-27T02:53:11.1466240Z   pythonLocation: /Users/runner/hostedtoolcache/Python/3.9.16/x64
2022-12-27T02:53:11.1466550Z   PKG_CONFIG_PATH: /Users/runner/hostedtoolcache/Python/3.9.16/x64/lib/pkgconfig
2022-12-27T02:53:11.1466800Z   Python_ROOT_DIR: /Users/runner/hostedtoolcache/Python/3.9.16/x64
2022-12-27T02:53:11.1467050Z   Python2_ROOT_DIR: /Users/runner/hostedtoolcache/Python/3.9.16/x64
2022-12-27T02:53:11.1467290Z   Python3_ROOT_DIR: /Users/runner/hostedtoolcache/Python/3.9.16/x64
2022-12-27T02:53:11.1467460Z   CIBW_ARCHS_MACOS: arm64
2022-12-27T02:53:11.1467670Z   CIBW_TEST_SKIP: *_arm64
2022-12-27T02:53:11.1467850Z   CIBW_BUILD: cp39-macosx_arm64
2022-12-27T02:53:11.1467990Z   CIBW_BUILD_FRONTEND: pip
2022-12-27T02:53:11.1468170Z   CIBW_BUILD_VERBOSITY: 3
2022-12-27T02:53:11.1468570Z   CIBW_ENVIRONMENT_MACOS: GRPC_PYTHON_BUILD_WITH_CYTHON=1 GRPC_BUILD_WITH_BORING_SSL_ASM='' GRPC_PYTHON_BUILD_SYSTEM_OPENSSL=TRUE CFLAGS="-I/usr/local/opt/openssl@3/include" LDFLAGS="-L/usr/local/opt/openssl@3/lib" CPPFLAGS="-I/usr/local/opt/openssl@3/include" MAKEFLAGS="-j$(sysctl -n hw.logicalcpu)" PATH=/usr/local/opt/ccache/libexec:$PATH
2022-12-27T02:53:11.1469190Z   CIBW_BEFORE_BUILD: pip install Cython; if [[ -f requirements.txt ]]; then pip install -r requirements.txt; fi
2022-12-27T02:53:11.1469410Z   MAKEFLAGS: -j$(sysctl -n hw.logicalcpu)
2022-12-27T02:53:11.1469590Z ##[endgroup]
2022-12-27T02:53:11.4790250Z Requirement already satisfied: cibuildwheel==2.11.3 in /Users/runner/hostedtoolcache/Python/3.9.16/x64/lib/python3.9/site-packages (2.11.3)
2022-12-27T02:53:11.5050510Z Requirement already satisfied: packaging>=20.9 in /Users/runner/hostedtoolcache/Python/3.9.16/x64/lib/python3.9/site-packages (from cibuildwheel==2.11.3) (22.0)
2022-12-27T02:53:11.5060430Z Requirement already satisfied: typing-extensions>=4.1.0 in /Users/runner/hostedtoolcache/Python/3.9.16/x64/lib/python3.9/site-packages (from cibuildwheel==2.11.3) (4.4.0)
2022-12-27T02:53:11.5063940Z Requirement already satisfied: platformdirs in /Users/runner/hostedtoolcache/Python/3.9.16/x64/lib/python3.9/site-packages (from cibuildwheel==2.11.3) (2.6.0)
2022-12-27T02:53:11.5067420Z Requirement already satisfied: certifi in /Users/runner/hostedtoolcache/Python/3.9.16/x64/lib/python3.9/site-packages (from cibuildwheel==2.11.3) (2022.12.7)
2022-12-27T02:53:11.5073250Z Requirement already satisfied: tomli in /Users/runner/hostedtoolcache/Python/3.9.16/x64/lib/python3.9/site-packages (from cibuildwheel==2.11.3) (2.0.1)
2022-12-27T02:53:11.5078430Z Requirement already satisfied: bashlex!=0.13 in /Users/runner/hostedtoolcache/Python/3.9.16/x64/lib/python3.9/site-packages (from cibuildwheel==2.11.3) (0.16)
2022-12-27T02:53:11.5081810Z Requirement already satisfied: filelock in /Users/runner/hostedtoolcache/Python/3.9.16/x64/lib/python3.9/site-packages (from cibuildwheel==2.11.3) (3.8.2)
2022-12-27T02:53:11.5085300Z Requirement already satisfied: bracex in /Users/runner/hostedtoolcache/Python/3.9.16/x64/lib/python3.9/site-packages (from cibuildwheel==2.11.3) (2.3.post1)
2022-12-27T02:53:11.6791540Z 
2022-12-27T02:53:11.6791820Z      _ _       _ _   _       _           _
2022-12-27T02:53:11.6792350Z  ___|_| |_ _ _|_| |_| |_ _ _| |_ ___ ___| |
2022-12-27T02:53:11.6793640Z |  _| | . | | | | | . | | | |   | -_| -_| |
2022-12-27T02:53:11.6793890Z |___|_|___|___|_|_|___|_____|_|_|___|___|_|
2022-12-27T02:53:11.6794080Z 
2022-12-27T02:53:11.6794450Z cibuildwheel version 2.11.3
2022-12-27T02:53:11.6794610Z 
2022-12-27T02:53:11.6794720Z Build options:
2022-12-27T02:53:11.6794930Z   platform: macos
2022-12-27T02:53:11.6842310Z   architectures: arm64[0m
2022-12-27T02:53:11.6842570Z   build_selector: 
2022-12-27T02:53:11.6843230Z     build_config: cp39-macosx_arm64
2022-12-27T02:53:11.6843450Z     skip_config: 
2022-12-27T02:53:11.6843810Z     requires_python: None
2022-12-27T02:53:11.6844100Z     prerelease_pythons: False[0m
2022-12-27T02:53:11.6844410Z   [38;5;244mcontainer_engine: docker[0m
2022-12-27T02:53:11.6844800Z   output_dir: /Users/runner/actions-runner/_work/python.build/python.build/build_grpcio040a339/wheelsout[0m
2022-12-27T02:53:11.6845590Z   package_dir: /Users/runner/actions-runner/_work/python.build/python.build/build_grpcio040a339/grpcio-0.4.0a3[0m
2022-12-27T02:53:11.6845900Z   test_selector: 
2022-12-27T02:53:11.6846150Z     skip_config: *_arm64[0m
2022-12-27T02:53:11.6846550Z   [38;5;244mbefore_all: [0m
2022-12-27T02:53:11.6846940Z   before_build: pip install Cython; if [[ -f requirements.txt ]]; then pip install -r requirements.txt; fi[0m
2022-12-27T02:53:11.6847240Z   [38;5;244mbefore_test: [0m
2022-12-27T02:53:11.6847510Z   [38;5;244mbuild_frontend: pip[0m
2022-12-27T02:53:11.6847910Z   build_verbosity: 3[0m
2022-12-27T02:53:11.6848210Z   [38;5;244mconfig_settings: [0m
2022-12-27T02:53:11.6848470Z   [38;5;244mdependency_constraints: pinned[0m
2022-12-27T02:53:11.6848680Z   environment: 
2022-12-27T02:53:11.6848990Z     GRPC_PYTHON_BUILD_WITH_CYTHON=1
2022-12-27T02:53:11.6849180Z     GRPC_BUILD_WITH_BORING_SSL_ASM=''
2022-12-27T02:53:11.6849380Z     GRPC_PYTHON_BUILD_SYSTEM_OPENSSL=TRUE
2022-12-27T02:53:11.6849930Z     CFLAGS="-I/usr/local/opt/openssl@3/include"
2022-12-27T02:53:11.6850160Z     LDFLAGS="-L/usr/local/opt/openssl@3/lib"
2022-12-27T02:53:11.6850560Z     CPPFLAGS="-I/usr/local/opt/openssl@3/include"
2022-12-27T02:53:11.6850820Z     MAKEFLAGS="-j$(sysctl -n hw.logicalcpu)"
2022-12-27T02:53:11.6851080Z     PATH=/usr/local/opt/ccache/libexec:$PATH[0m
2022-12-27T02:53:11.6851290Z   [38;5;244mmanylinux_images: None[0m
2022-12-27T02:53:11.6851640Z   [38;5;244mmusllinux_images: None[0m
2022-12-27T02:53:11.6851950Z   [38;5;244mrepair_command: delocate-wheel --require-archs {delocate_archs} -w {dest_dir} -v {wheel}[0m
2022-12-27T02:53:11.6852190Z   [38;5;244mtest_command: [0m
2022-12-27T02:53:11.6852410Z   [38;5;244mtest_extras: [0m
2022-12-27T02:53:11.6852630Z   [38;5;244mtest_requires: [0m
2022-12-27T02:53:11.6852850Z 
2022-12-27T02:53:11.6852930Z Cache folder: /Users/runner/Library/Caches/cibuildwheel
2022-12-27T02:53:11.6865160Z 
2022-12-27T02:53:11.6865530Z Here we go!
2022-12-27T02:53:11.6865730Z 
2022-12-27T02:53:11.6933510Z 
2022-12-27T02:53:11.6934180Z [1m[34mBuilding cp39-macosx_arm64 wheel[0m
2022-12-27T02:53:11.6934580Z CPython 3.9 macOS arm64 - Apple Silicon
2022-12-27T02:53:11.6934750Z 
2022-12-27T02:53:11.6937300Z ##[group]Installing Python cp39...
2022-12-27T02:53:11.6937510Z 
2022-12-27T02:53:11.6937760Z + pkgutil --pkgs
2022-12-27T02:53:11.7038070Z ##[endgroup]
2022-12-27T02:53:11.7038990Z                                                               [32m✓ [0m0.01s
2022-12-27T02:53:11.7039420Z ##[group]Setting up build environment...
2022-12-27T02:53:11.7039620Z 
2022-12-27T02:53:11.7058510Z + /Users/runner/hostedtoolcache/Python/3.9.16/x64/bin/python -sS /Users/runner/Library/Caches/cibuildwheel/virtualenv-20.17.0.pyz --activators= --no-periodic-update --pip=22.3.1 --setuptools=65.6.3 --wheel=0.38.4 --symlink-app-data --python /Library/Frameworks/Python.framework/Versions/3.9/bin/python3 /private/var/folders/51/hd414ycd67n82196sw51xqtc0000gn/T/cibw-run-l2gk411z/cp39-macosx_arm64/build/venv
2022-12-27T02:53:11.8929000Z created virtual environment CPython3.9.13.final.0-64 in 48ms
2022-12-27T02:53:11.8929850Z   creator CPython3Posix(dest=/private/var/folders/51/hd414ycd67n82196sw51xqtc0000gn/T/cibw-run-l2gk411z/cp39-macosx_arm64/build/venv, clear=False, no_vcs_ignore=False, global=False)
2022-12-27T02:53:11.8930300Z   seeder FromAppData(download=False, pip=22.3.1, setuptools=65.6.3, wheel=0.38.4, via=symlink, app_data_dir=/Users/runner/Library/Application Support/virtualenv)
2022-12-27T02:53:11.8930670Z     added seed packages: pip==22.3.1, setuptools==65.6.3, wheel==0.38.4
2022-12-27T02:53:11.9025750Z + python -m pip install --upgrade pip -c /Users/runner/hostedtoolcache/Python/3.9.16/x64/lib/python3.9/site-packages/cibuildwheel/resources/constraints-python39.txt
2022-12-27T02:53:12.2081540Z Requirement already satisfied: pip in ./lib/python3.9/site-packages (22.3.1)
2022-12-27T02:53:12.3519530Z + which pip
2022-12-27T02:53:12.3537340Z /private/var/folders/51/hd414ycd67n82196sw51xqtc0000gn/T/cibw-run-l2gk411z/cp39-macosx_arm64/build/venv/bin/pip
2022-12-27T02:53:12.3539460Z + pip --version
2022-12-27T02:53:12.5826370Z pip 22.3.1 from /private/var/folders/51/hd414ycd67n82196sw51xqtc0000gn/T/cibw-run-l2gk411z/cp39-macosx_arm64/build/venv/lib/python3.9/site-packages/pip (python 3.9)
2022-12-27T02:53:12.6028160Z + which pip
2022-12-27T02:53:12.6056280Z + which python
2022-12-27T02:53:12.6074050Z /private/var/folders/51/hd414ycd67n82196sw51xqtc0000gn/T/cibw-run-l2gk411z/cp39-macosx_arm64/build/venv/bin/python
2022-12-27T02:53:12.6076280Z + python --version
2022-12-27T02:53:12.6122260Z Python 3.9.13
2022-12-27T02:53:12.6125180Z + which python
2022-12-27T02:53:12.6179390Z ##[endgroup]
2022-12-27T02:53:12.6179970Z                                                               [32m✓ [0m0.91s
2022-12-27T02:53:12.6180400Z ##[group]Installing build tools...
2022-12-27T02:53:12.6180550Z 
2022-12-27T02:53:12.6180960Z + pip install --upgrade setuptools wheel delocate -c /Users/runner/hostedtoolcache/Python/3.9.16/x64/lib/python3.9/site-packages/cibuildwheel/resources/constraints-python39.txt
2022-12-27T02:53:12.9187230Z Requirement already satisfied: setuptools in /private/var/folders/51/hd414ycd67n82196sw51xqtc0000gn/T/cibw-run-l2gk411z/cp39-macosx_arm64/build/venv/lib/python3.9/site-packages (65.6.3)
2022-12-27T02:53:13.1500590Z Requirement already satisfied: wheel in /private/var/folders/51/hd414ycd67n82196sw51xqtc0000gn/T/cibw-run-l2gk411z/cp39-macosx_arm64/build/venv/lib/python3.9/site-packages (0.38.4)
2022-12-27T02:53:13.2002790Z Collecting delocate
2022-12-27T02:53:13.2028140Z   Using cached delocate-0.10.3-py3-none-any.whl (142 kB)
2022-12-27T02:53:13.2255790Z Collecting typing-extensions
2022-12-27T02:53:13.2278270Z   Using cached typing_extensions-4.4.0-py3-none-any.whl (26 kB)
2022-12-27T02:53:13.2553100Z Collecting packaging>=20.9
2022-12-27T02:53:13.2574690Z   Using cached packaging-21.3-py3-none-any.whl (40 kB)
2022-12-27T02:53:13.2967310Z Collecting pyparsing!=3.0.5,>=2.0.2
2022-12-27T02:53:13.2988620Z   Using cached pyparsing-3.0.9-py3-none-any.whl (98 kB)
2022-12-27T02:53:13.3377810Z Installing collected packages: typing-extensions, pyparsing, packaging, delocate
2022-12-27T02:53:13.4899930Z Successfully installed delocate-0.10.3 packaging-21.3 pyparsing-3.0.9 typing-extensions-4.4.0
2022-12-27T02:53:13.5326810Z ##[endgroup]
2022-12-27T02:53:13.5327400Z                                                               [32m✓ [0m0.91s
2022-12-27T02:53:13.5327970Z ##[group]Running before_build...
2022-12-27T02:53:13.5328120Z 
2022-12-27T02:53:13.5334180Z + pip install Cython; if [[ -f requirements.txt ]]; then pip install -r requirements.txt; fi
2022-12-27T02:53:14.2367310Z Collecting Cython
2022-12-27T02:53:14.2413840Z   Using cached Cython-0.29.32-py2.py3-none-any.whl (986 kB)
2022-12-27T02:53:14.2858060Z Installing collected packages: Cython
2022-12-27T02:53:14.7716990Z Successfully installed Cython-0.29.32
2022-12-27T02:53:14.8130600Z ##[endgroup]
2022-12-27T02:53:14.8131170Z                                                               [32m✓ [0m1.28s
2022-12-27T02:53:14.8131710Z ##[group]Building wheel...
2022-12-27T02:53:14.8132190Z 
2022-12-27T02:53:14.8137060Z + python -m pip wheel /Users/runner/actions-runner/_work/python.build/python.build/build_grpcio040a339/grpcio-0.4.0a3 --wheel-dir=/private/var/folders/51/hd414ycd67n82196sw51xqtc0000gn/T/cibw-run-l2gk411z/cp39-macosx_arm64/built_wheel --no-deps -vvv
2022-12-27T02:53:15.0960240Z Created temporary directory: /private/var/folders/51/hd414ycd67n82196sw51xqtc0000gn/T/pip-ephem-wheel-cache-z7x1h7cx
2022-12-27T02:53:15.0964860Z Created temporary directory: /private/var/folders/51/hd414ycd67n82196sw51xqtc0000gn/T/pip-build-tracker-fbdyj_8d
2022-12-27T02:53:15.0966940Z Initialized build tracking at /private/var/folders/51/hd414ycd67n82196sw51xqtc0000gn/T/pip-build-tracker-fbdyj_8d
2022-12-27T02:53:15.0968420Z Created build tracker: /private/var/folders/51/hd414ycd67n82196sw51xqtc0000gn/T/pip-build-tracker-fbdyj_8d
2022-12-27T02:53:15.0970080Z Entered build tracker: /private/var/folders/51/hd414ycd67n82196sw51xqtc0000gn/T/pip-build-tracker-fbdyj_8d
2022-12-27T02:53:15.0973470Z Created temporary directory: /private/var/folders/51/hd414ycd67n82196sw51xqtc0000gn/T/pip-wheel-21ys59d6
2022-12-27T02:53:15.0980020Z Created temporary directory: /private/var/folders/51/hd414ycd67n82196sw51xqtc0000gn/T/pip-ephem-wheel-cache-d8hd5li8
2022-12-27T02:53:15.1129610Z Processing /Users/runner/actions-runner/_work/python.build/python.build/build_grpcio040a339/grpcio-0.4.0a3
2022-12-27T02:53:15.1135020Z   Added file:///Users/runner/actions-runner/_work/python.build/python.build/build_grpcio040a339/grpcio-0.4.0a3 to build tracker '/private/var/folders/51/hd414ycd67n82196sw51xqtc0000gn/T/pip-build-tracker-fbdyj_8d'
2022-12-27T02:53:15.1138930Z   Running setup.py (path:/Users/runner/actions-runner/_work/python.build/python.build/build_grpcio040a339/grpcio-0.4.0a3/setup.py) egg_info for package from file:///Users/runner/actions-runner/_work/python.build/python.build/build_grpcio040a339/grpcio-0.4.0a3
2022-12-27T02:53:15.1142370Z   Created temporary directory: /private/var/folders/51/hd414ycd67n82196sw51xqtc0000gn/T/pip-pip-egg-info-2tctbsch
2022-12-27T02:53:15.1144000Z   Preparing metadata (setup.py): started
2022-12-27T02:53:15.1145830Z   Running command python setup.py egg_info
2022-12-27T02:53:15.2901890Z   running egg_info
2022-12-27T02:53:15.2904010Z   creating /private/var/folders/51/hd414ycd67n82196sw51xqtc0000gn/T/pip-pip-egg-info-2tctbsch/grpcio.egg-info
2022-12-27T02:53:15.2910540Z   writing /private/var/folders/51/hd414ycd67n82196sw51xqtc0000gn/T/pip-pip-egg-info-2tctbsch/grpcio.egg-info/PKG-INFO
2022-12-27T02:53:15.2914040Z   writing dependency_links to /private/var/folders/51/hd414ycd67n82196sw51xqtc0000gn/T/pip-pip-egg-info-2tctbsch/grpcio.egg-info/dependency_links.txt
2022-12-27T02:53:15.2917810Z   writing requirements to /private/var/folders/51/hd414ycd67n82196sw51xqtc0000gn/T/pip-pip-egg-info-2tctbsch/grpcio.egg-info/requires.txt
2022-12-27T02:53:15.2919790Z   writing top-level names to /private/var/folders/51/hd414ycd67n82196sw51xqtc0000gn/T/pip-pip-egg-info-2tctbsch/grpcio.egg-info/top_level.txt
2022-12-27T02:53:15.2921690Z   writing manifest file '/private/var/folders/51/hd414ycd67n82196sw51xqtc0000gn/T/pip-pip-egg-info-2tctbsch/grpcio.egg-info/SOURCES.txt'
2022-12-27T02:53:15.3871410Z   reading manifest file '/private/var/folders/51/hd414ycd67n82196sw51xqtc0000gn/T/pip-pip-egg-info-2tctbsch/grpcio.egg-info/SOURCES.txt'
2022-12-27T02:53:15.3874020Z   reading manifest template 'MANIFEST.in'
2022-12-27T02:53:15.3909640Z   writing manifest file '/private/var/folders/51/hd414ycd67n82196sw51xqtc0000gn/T/pip-pip-egg-info-2tctbsch/grpcio.egg-info/SOURCES.txt'
2022-12-27T02:53:15.4129380Z   Preparing metadata (setup.py): finished with status 'done'
2022-12-27T02:53:15.4154770Z   Source in /Users/runner/actions-runner/_work/python.build/python.build/build_grpcio040a339/grpcio-0.4.0a3 has version 0.4.0a3, which satisfies requirement grpcio==0.4.0a3 from file:///Users/runner/actions-runner/_work/python.build/python.build/build_grpcio040a339/grpcio-0.4.0a3
2022-12-27T02:53:15.4158530Z   Removed grpcio==0.4.0a3 from file:///Users/runner/actions-runner/_work/python.build/python.build/build_grpcio040a339/grpcio-0.4.0a3 from build tracker '/private/var/folders/51/hd414ycd67n82196sw51xqtc0000gn/T/pip-build-tracker-fbdyj_8d'
2022-12-27T02:53:15.4175600Z Created temporary directory: /private/var/folders/51/hd414ycd67n82196sw51xqtc0000gn/T/pip-unpack-fob5qmg4
2022-12-27T02:53:15.4178140Z Building wheels for collected packages: grpcio
2022-12-27T02:53:15.4183860Z   Created temporary directory: /private/var/folders/51/hd414ycd67n82196sw51xqtc0000gn/T/pip-wheel-ejothz06
2022-12-27T02:53:15.4185750Z   Building wheel for grpcio (setup.py): started
2022-12-27T02:53:15.4187740Z   Destination directory: /private/var/folders/51/hd414ycd67n82196sw51xqtc0000gn/T/pip-wheel-ejothz06
2022-12-27T02:53:15.4189240Z   Running command python setup.py bdist_wheel
2022-12-27T02:53:15.6011660Z   running bdist_wheel
2022-12-27T02:53:15.6881090Z   running build
2022-12-27T02:53:15.6883190Z   running build_py
2022-12-27T02:53:15.6904260Z   creating build
2022-12-27T02:53:15.6906510Z   creating build/lib.macosx-11.0-arm64-cpython-39
2022-12-27T02:53:15.6908330Z   creating build/lib.macosx-11.0-arm64-cpython-39/grpc
2022-12-27T02:53:15.6910440Z   copying grpc/__init__.py -> build/lib.macosx-11.0-arm64-cpython-39/grpc
2022-12-27T02:53:15.6917650Z   creating build/lib.macosx-11.0-arm64-cpython-39/grpc/_adapter
2022-12-27T02:53:15.6919410Z   copying grpc/_adapter/fore.py -> build/lib.macosx-11.0-arm64-cpython-39/grpc/_adapter
2022-12-27T02:53:15.6922140Z   copying grpc/_adapter/_event_invocation_synchronous_event_service_test.py -> build/lib.macosx-11.0-arm64-cpython-39/grpc/_adapter
2022-12-27T02:53:15.6924390Z   copying grpc/_adapter/_lonely_rear_link_test.py -> build/lib.macosx-11.0-arm64-cpython-39/grpc/_adapter
2022-12-27T02:53:15.6927570Z   copying grpc/_adapter/_face_test_case.py -> build/lib.macosx-11.0-arm64-cpython-39/grpc/_adapter
2022-12-27T02:53:15.6930420Z   copying grpc/_adapter/_future_invocation_asynchronous_event_service_test.py -> build/lib.macosx-11.0-arm64-cpython-39/grpc/_adapter
2022-12-27T02:53:15.6932530Z   copying grpc/_adapter/_common.py -> build/lib.macosx-11.0-arm64-cpython-39/grpc/_adapter
2022-12-27T02:53:15.6935220Z   copying grpc/_adapter/__init__.py -> build/lib.macosx-11.0-arm64-cpython-39/grpc/_adapter
2022-12-27T02:53:15.6937650Z   copying grpc/_adapter/_low.py -> build/lib.macosx-11.0-arm64-cpython-39/grpc/_adapter
2022-12-27T02:53:15.6940730Z   copying grpc/_adapter/_blocking_invocation_inline_service_test.py -> build/lib.macosx-11.0-arm64-cpython-39/grpc/_adapter
2022-12-27T02:53:15.6944330Z   copying grpc/_adapter/_test_links.py -> build/lib.macosx-11.0-arm64-cpython-39/grpc/_adapter
2022-12-27T02:53:15.6947050Z   copying grpc/_adapter/rear.py -> build/lib.macosx-11.0-arm64-cpython-39/grpc/_adapter
2022-12-27T02:53:15.6949770Z   copying grpc/_adapter/_proto_scenarios.py -> build/lib.macosx-11.0-arm64-cpython-39/grpc/_adapter
2022-12-27T02:53:15.6952440Z   copying grpc/_adapter/_low_test.py -> build/lib.macosx-11.0-arm64-cpython-39/grpc/_adapter
2022-12-27T02:53:15.6955390Z   copying grpc/_adapter/_datatypes.py -> build/lib.macosx-11.0-arm64-cpython-39/grpc/_adapter
2022-12-27T02:53:15.6958230Z   copying grpc/_adapter/_links_test.py -> build/lib.macosx-11.0-arm64-cpython-39/grpc/_adapter
2022-12-27T02:53:15.6960860Z   copying grpc/_adapter/_c_test.py -> build/lib.macosx-11.0-arm64-cpython-39/grpc/_adapter
2022-12-27T02:53:15.6965730Z   creating build/lib.macosx-11.0-arm64-cpython-39/grpc/_junkdrawer
2022-12-27T02:53:15.6967610Z   copying grpc/_junkdrawer/stock_pb2.py -> build/lib.macosx-11.0-arm64-cpython-39/grpc/_junkdrawer
2022-12-27T02:53:15.6969710Z   copying grpc/_junkdrawer/__init__.py -> build/lib.macosx-11.0-arm64-cpython-39/grpc/_junkdrawer
2022-12-27T02:53:15.6972280Z   copying grpc/_junkdrawer/math_pb2.py -> build/lib.macosx-11.0-arm64-cpython-39/grpc/_junkdrawer
2022-12-27T02:53:15.6977230Z   creating build/lib.macosx-11.0-arm64-cpython-39/grpc/early_adopter
2022-12-27T02:53:15.6979800Z   copying grpc/early_adopter/__init__.py -> build/lib.macosx-11.0-arm64-cpython-39/grpc/early_adopter
2022-12-27T02:53:15.6982070Z   copying grpc/early_adopter/implementations_test.py -> build/lib.macosx-11.0-arm64-cpython-39/grpc/early_adopter
2022-12-27T02:53:15.6984730Z   copying grpc/early_adopter/implementations.py -> build/lib.macosx-11.0-arm64-cpython-39/grpc/early_adopter
2022-12-27T02:53:15.6989170Z   creating build/lib.macosx-11.0-arm64-cpython-39/grpc/framework
2022-12-27T02:53:15.6991280Z   copying grpc/framework/__init__.py -> build/lib.macosx-11.0-arm64-cpython-39/grpc/framework
2022-12-27T02:53:15.6996500Z   creating build/lib.macosx-11.0-arm64-cpython-39/grpc/framework/alpha
2022-12-27T02:53:15.6998290Z   copying grpc/framework/alpha/interfaces.py -> build/lib.macosx-11.0-arm64-cpython-39/grpc/framework/alpha
2022-12-27T02:53:15.7000730Z   copying grpc/framework/alpha/_face_utilities.py -> build/lib.macosx-11.0-arm64-cpython-39/grpc/framework/alpha
2022-12-27T02:53:15.7003970Z   copying grpc/framework/alpha/__init__.py -> build/lib.macosx-11.0-arm64-cpython-39/grpc/framework/alpha
2022-12-27T02:53:15.7007330Z   copying grpc/framework/alpha/exceptions.py -> build/lib.macosx-11.0-arm64-cpython-39/grpc/framework/alpha
2022-12-27T02:53:15.7010550Z   copying grpc/framework/alpha/_reexport.py -> build/lib.macosx-11.0-arm64-cpython-39/grpc/framework/alpha
2022-12-27T02:53:15.7013010Z   copying grpc/framework/alpha/utilities.py -> build/lib.macosx-11.0-arm64-cpython-39/grpc/framework/alpha
2022-12-27T02:53:15.7023180Z   creating build/lib.macosx-11.0-arm64-cpython-39/grpc/framework/base
2022-12-27T02:53:15.7025170Z   copying grpc/framework/base/interfaces.py -> build/lib.macosx-11.0-arm64-cpython-39/grpc/framework/base
2022-12-27T02:53:15.7027520Z   copying grpc/framework/base/_constants.py -> build/lib.macosx-11.0-arm64-cpython-39/grpc/framework/base
2022-12-27T02:53:15.7030150Z   copying grpc/framework/base/_expiration.py -> build/lib.macosx-11.0-arm64-cpython-39/grpc/framework/base
2022-12-27T02:53:15.7033040Z   copying grpc/framework/base/_transmission.py -> build/lib.macosx-11.0-arm64-cpython-39/grpc/framework/base
2022-12-27T02:53:15.7036080Z   copying grpc/framework/base/_reception.py -> build/lib.macosx-11.0-arm64-cpython-39/grpc/framework/base
2022-12-27T02:53:15.7038930Z   copying grpc/framework/base/_ingestion.py -> build/lib.macosx-11.0-arm64-cpython-39/grpc/framework/base
2022-12-27T02:53:15.7042020Z   copying grpc/framework/base/util.py -> build/lib.macosx-11.0-arm64-cpython-39/grpc/framework/base
2022-12-27T02:53:15.7045190Z   copying grpc/framework/base/_termination.py -> build/lib.macosx-11.0-arm64-cpython-39/grpc/framework/base
2022-12-27T02:53:15.7047680Z   copying grpc/framework/base/null.py -> build/lib.macosx-11.0-arm64-cpython-39/grpc/framework/base
2022-12-27T02:53:15.7050420Z   copying grpc/framework/base/__init__.py -> build/lib.macosx-11.0-arm64-cpython-39/grpc/framework/base
2022-12-27T02:53:15.7053220Z   copying grpc/framework/base/_interfaces.py -> build/lib.macosx-11.0-arm64-cpython-39/grpc/framework/base
2022-12-27T02:53:15.7055990Z   copying grpc/framework/base/_context.py -> build/lib.macosx-11.0-arm64-cpython-39/grpc/framework/base
2022-12-27T02:53:15.7058980Z   copying grpc/framework/base/implementations_test.py -> build/lib.macosx-11.0-arm64-cpython-39/grpc/framework/base
2022-12-27T02:53:15.7061980Z   copying grpc/framework/base/interfaces_test_case.py -> build/lib.macosx-11.0-arm64-cpython-39/grpc/framework/base
2022-12-27T02:53:15.7064860Z   copying grpc/framework/base/exceptions.py -> build/lib.macosx-11.0-arm64-cpython-39/grpc/framework/base
2022-12-27T02:53:15.7067470Z   copying grpc/framework/base/_ends.py -> build/lib.macosx-11.0-arm64-cpython-39/grpc/framework/base
2022-12-27T02:53:15.7070570Z   copying grpc/framework/base/_emission.py -> build/lib.macosx-11.0-arm64-cpython-39/grpc/framework/base
2022-12-27T02:53:15.7073320Z   copying grpc/framework/base/implementations.py -> build/lib.macosx-11.0-arm64-cpython-39/grpc/framework/base
2022-12-27T02:53:15.7076060Z   copying grpc/framework/base/in_memory.py -> build/lib.macosx-11.0-arm64-cpython-39/grpc/framework/base
2022-12-27T02:53:15.7078630Z   copying grpc/framework/base/_cancellation.py -> build/lib.macosx-11.0-arm64-cpython-39/grpc/framework/base
2022-12-27T02:53:15.7083650Z   creating build/lib.macosx-11.0-arm64-cpython-39/grpc/framework/common
2022-12-27T02:53:15.7085290Z   copying grpc/framework/common/style.py -> build/lib.macosx-11.0-arm64-cpython-39/grpc/framework/common
2022-12-27T02:53:15.7087740Z   copying grpc/framework/common/cardinality.py -> build/lib.macosx-11.0-arm64-cpython-39/grpc/framework/common
2022-12-27T02:53:15.7090200Z   copying grpc/framework/common/__init__.py -> build/lib.macosx-11.0-arm64-cpython-39/grpc/framework/common
2022-12-27T02:53:15.7097740Z   creating build/lib.macosx-11.0-arm64-cpython-39/grpc/framework/face
2022-12-27T02:53:15.7099510Z   copying grpc/framework/face/_service.py -> build/lib.macosx-11.0-arm64-cpython-39/grpc/framework/face
2022-12-27T02:53:15.7102060Z   copying grpc/framework/face/interfaces.py -> build/lib.macosx-11.0-arm64-cpython-39/grpc/framework/face
2022-12-27T02:53:15.7104950Z   copying grpc/framework/face/_control.py -> build/lib.macosx-11.0-arm64-cpython-39/grpc/framework/face
2022-12-27T02:53:15.7107690Z   copying grpc/framework/face/blocking_invocation_inline_service_test.py -> build/lib.macosx-11.0-arm64-cpython-39/grpc/framework/face
2022-12-27T02:53:15.7109970Z   copying grpc/framework/face/__init__.py -> build/lib.macosx-11.0-arm64-cpython-39/grpc/framework/face
2022-12-27T02:53:15.7112700Z   copying grpc/framework/face/demonstration.py -> build/lib.macosx-11.0-arm64-cpython-39/grpc/framework/face
2022-12-27T02:53:15.7115590Z   copying grpc/framework/face/_calls.py -> build/lib.macosx-11.0-arm64-cpython-39/grpc/framework/face
2022-12-27T02:53:15.7118260Z   copying grpc/framework/face/exceptions.py -> build/lib.macosx-11.0-arm64-cpython-39/grpc/framework/face
2022-12-27T02:53:15.7120930Z   copying grpc/framework/face/utilities.py -> build/lib.macosx-11.0-arm64-cpython-39/grpc/framework/face
2022-12-27T02:53:15.7123760Z   copying grpc/framework/face/event_invocation_synchronous_event_service_test.py -> build/lib.macosx-11.0-arm64-cpython-39/grpc/framework/face
2022-12-27T02:53:15.7126770Z   copying grpc/framework/face/_test_case.py -> build/lib.macosx-11.0-arm64-cpython-39/grpc/framework/face
2022-12-27T02:53:15.7129550Z   copying grpc/framework/face/implementations.py -> build/lib.macosx-11.0-arm64-cpython-39/grpc/framework/face
2022-12-27T02:53:15.7131990Z   copying grpc/framework/face/future_invocation_asynchronous_event_service_test.py -> build/lib.macosx-11.0-arm64-cpython-39/grpc/framework/face
2022-12-27T02:53:15.7140160Z   creating build/lib.macosx-11.0-arm64-cpython-39/grpc/framework/face/testing
2022-12-27T02:53:15.7142150Z   copying grpc/framework/face/testing/callback.py -> build/lib.macosx-11.0-arm64-cpython-39/grpc/framework/face/testing
2022-12-27T02:53:15.7143920Z   copying grpc/framework/face/testing/digest.py -> build/lib.macosx-11.0-arm64-cpython-39/grpc/framework/face/testing
2022-12-27T02:53:15.7146940Z   copying grpc/framework/face/testing/interfaces.py -> build/lib.macosx-11.0-arm64-cpython-39/grpc/framework/face/testing
2022-12-27T02:53:15.7149360Z   copying grpc/framework/face/testing/stock_service.py -> build/lib.macosx-11.0-arm64-cpython-39/grpc/framework/face/testing
2022-12-27T02:53:15.7151850Z   copying grpc/framework/face/testing/service.py -> build/lib.macosx-11.0-arm64-cpython-39/grpc/framework/face/testing
2022-12-27T02:53:15.7154610Z   copying grpc/framework/face/testing/blocking_invocation_inline_service_test_case.py -> build/lib.macosx-11.0-arm64-cpython-39/grpc/framework/face/testing
2022-12-27T02:53:15.7157210Z   copying grpc/framework/face/testing/base_util.py -> build/lib.macosx-11.0-arm64-cpython-39/grpc/framework/face/testing
2022-12-27T02:53:15.7160190Z   copying grpc/framework/face/testing/control.py -> build/lib.macosx-11.0-arm64-cpython-39/grpc/framework/face/testing
2022-12-27T02:53:15.7163150Z   copying grpc/framework/face/testing/__init__.py -> build/lib.macosx-11.0-arm64-cpython-39/grpc/framework/face/testing
2022-12-27T02:53:15.7165680Z   copying grpc/framework/face/testing/coverage.py -> build/lib.macosx-11.0-arm64-cpython-39/grpc/framework/face/testing
2022-12-27T02:53:15.7168410Z   copying grpc/framework/face/testing/event_invocation_synchronous_event_service_test_case.py -> build/lib.macosx-11.0-arm64-cpython-39/grpc/framework/face/testing
2022-12-27T02:53:15.7170950Z   copying grpc/framework/face/testing/test_case.py -> build/lib.macosx-11.0-arm64-cpython-39/grpc/framework/face/testing
2022-12-27T02:53:15.7173640Z   copying grpc/framework/face/testing/serial.py -> build/lib.macosx-11.0-arm64-cpython-39/grpc/framework/face/testing
2022-12-27T02:53:15.7176560Z   copying grpc/framework/face/testing/future_invocation_asynchronous_event_service_test_case.py -> build/lib.macosx-11.0-arm64-cpython-39/grpc/framework/face/testing
2022-12-27T02:53:15.7184240Z   creating build/lib.macosx-11.0-arm64-cpython-39/grpc/framework/foundation
2022-12-27T02:53:15.7186020Z   copying grpc/framework/foundation/callable_util.py -> build/lib.macosx-11.0-arm64-cpython-39/grpc/framework/foundation
2022-12-27T02:53:15.7188300Z   copying grpc/framework/foundation/abandonment.py -> build/lib.macosx-11.0-arm64-cpython-39/grpc/framework/foundation
2022-12-27T02:53:15.7191000Z   copying grpc/framework/foundation/stream_testing.py -> build/lib.macosx-11.0-arm64-cpython-39/grpc/framework/foundation
2022-12-27T02:53:15.7193480Z   copying grpc/framework/foundation/__init__.py -> build/lib.macosx-11.0-arm64-cpython-39/grpc/framework/foundation
2022-12-27T02:53:15.7196540Z   copying grpc/framework/foundation/stream.py -> build/lib.macosx-11.0-arm64-cpython-39/grpc/framework/foundation
2022-12-27T02:53:15.7200060Z   copying grpc/framework/foundation/activated.py -> build/lib.macosx-11.0-arm64-cpython-39/grpc/framework/foundation
2022-12-27T02:53:15.7201810Z   copying grpc/framework/foundation/later.py -> build/lib.macosx-11.0-arm64-cpython-39/grpc/framework/foundation
2022-12-27T02:53:15.7204460Z   copying grpc/framework/foundation/_later_test.py -> build/lib.macosx-11.0-arm64-cpython-39/grpc/framework/foundation
2022-12-27T02:53:15.7206900Z   copying grpc/framework/foundation/_logging_pool_test.py -> build/lib.macosx-11.0-arm64-cpython-39/grpc/framework/foundation
2022-12-27T02:53:15.7209460Z   copying grpc/framework/foundation/stream_util.py -> build/lib.macosx-11.0-arm64-cpython-39/grpc/framework/foundation
2022-12-27T02:53:15.7212380Z   copying grpc/framework/foundation/future.py -> build/lib.macosx-11.0-arm64-cpython-39/grpc/framework/foundation
2022-12-27T02:53:15.7215120Z   copying grpc/framework/foundation/_timer_future.py -> build/lib.macosx-11.0-arm64-cpython-39/grpc/framework/foundation
2022-12-27T02:53:15.7282850Z   copying grpc/framework/foundation/logging_pool.py -> build/lib.macosx-11.0-arm64-cpython-39/grpc/framework/foundation
2022-12-27T02:53:15.7283580Z   running build_ext
2022-12-27T02:53:15.7549860Z   building 'grpc._adapter._c' extension
2022-12-27T02:53:15.7551600Z   creating build/temp.macosx-11.0-arm64-cpython-39
2022-12-27T02:53:15.7553420Z   creating build/temp.macosx-11.0-arm64-cpython-39/grpc
2022-12-27T02:53:15.7555480Z   creating build/temp.macosx-11.0-arm64-cpython-39/grpc/_adapter
2022-12-27T02:53:15.7557830Z   gcc -Wno-unused-result -Wsign-compare -Wunreachable-code -fno-common -dynamic -DNDEBUG -g -fwrapv -O3 -Wall -g -I/usr/local/opt/openssl@3/include -I/usr/local/opt/openssl@3/include -arch arm64 -I. -I/private/var/folders/51/hd414ycd67n82196sw51xqtc0000gn/T/cibw-run-l2gk411z/cp39-macosx_arm64/build/venv/include -I/Library/Frameworks/Python.framework/Versions/3.9/include/python3.9 -c grpc/_adapter/_c.c -o build/temp.macosx-11.0-arm64-cpython-39/grpc/_adapter/_c.o
2022-12-27T02:53:15.8257490Z   grpc/_adapter/_c.c:35:10: fatal error: 'grpc/grpc.h' file not found
2022-12-27T02:53:15.8258340Z   #include <grpc/grpc.h>
2022-12-27T02:53:15.8259880Z            ^~~~~~~~~~~~~
2022-12-27T02:53:15.8263410Z   1 error generated.
2022-12-27T02:53:15.8282990Z   error: command '/usr/bin/gcc' failed with exit code 1
2022-12-27T02:53:15.8628660Z   error: subprocess-exited-with-error
2022-12-27T02:53:15.8628920Z   
2022-12-27T02:53:15.8629830Z   × python setup.py bdist_wheel did not run successfully.
2022-12-27T02:53:15.8630300Z   │ exit code: 1
2022-12-27T02:53:15.8630730Z   ╰─> See above for output.
2022-12-27T02:53:15.8631070Z   
2022-12-27T02:53:15.8631420Z   note: This error originates from a subprocess, and is likely not a problem with pip.
2022-12-27T02:53:15.8637630Z   full command: /private/var/folders/51/hd414ycd67n82196sw51xqtc0000gn/T/cibw-run-l2gk411z/cp39-macosx_arm64/build/venv/bin/python -u -c '
2022-12-27T02:53:15.8637930Z   exec(compile('"'"''"'"''"'"'
2022-12-27T02:53:15.8638250Z   # This is <pip-setuptools-caller> -- a caller that pip uses to run setup.py
2022-12-27T02:53:15.8638470Z   #
2022-12-27T02:53:15.8638760Z   # - It imports setuptools before invoking setup.py, to enable projects that directly
2022-12-27T02:53:15.8639060Z   #   import from `distutils.core` to work with newer packaging standards.
2022-12-27T02:53:15.8639520Z   # - It provides a clear error message when setuptools is not installed.
2022-12-27T02:53:15.8639890Z   # - It sets `sys.argv[0]` to the underlying `setup.py`, when invoking `setup.py` so
2022-12-27T02:53:15.8640190Z   #   setuptools doesn'"'"'t think the script is `-c`. This avoids the following warning:
2022-12-27T02:53:15.8640520Z   #     manifest_maker: standard file '"'"'-c'"'"' not found".
2022-12-27T02:53:15.8640800Z   # - It generates a shim setup.py, for handling setup.cfg-only projects.
2022-12-27T02:53:15.8640970Z   import os, sys, tokenize
2022-12-27T02:53:15.8641140Z   
2022-12-27T02:53:15.8641300Z   try:
2022-12-27T02:53:15.8641430Z       import setuptools
2022-12-27T02:53:15.8641600Z   except ImportError as error:
2022-12-27T02:53:15.8642190Z       print(
2022-12-27T02:53:15.8642420Z           "ERROR: Can not execute `setup.py` since setuptools is not available in "
2022-12-27T02:53:15.8642650Z           "the build environment.",
2022-12-27T02:53:15.8642830Z           file=sys.stderr,
2022-12-27T02:53:15.8643010Z       )
2022-12-27T02:53:15.8643130Z       sys.exit(1)
2022-12-27T02:53:15.8643280Z   
2022-12-27T02:53:15.8643420Z   __file__ = %r
2022-12-27T02:53:15.8643550Z   sys.argv[0] = __file__
2022-12-27T02:53:15.8643720Z   
2022-12-27T02:53:15.8643830Z   if os.path.exists(__file__):
2022-12-27T02:53:15.8643950Z       filename = __file__
2022-12-27T02:53:15.8644140Z       with tokenize.open(__file__) as f:
2022-12-27T02:53:15.8644290Z           setup_py_code = f.read()
2022-12-27T02:53:15.8644420Z   else:
2022-12-27T02:53:15.8644630Z       filename = "<auto-generated setuptools caller>"
2022-12-27T02:53:15.8644840Z       setup_py_code = "from setuptools import setup; setup()"
2022-12-27T02:53:15.8645000Z   
2022-12-27T02:53:15.8645160Z   exec(compile(setup_py_code, filename, "exec"))
2022-12-27T02:53:15.8645650Z   '"'"''"'"''"'"' % ('"'"'/Users/runner/actions-runner/_work/python.build/python.build/build_grpcio040a339/grpcio-0.4.0a3/setup.py'"'"',), "<pip-setuptools-caller>", "exec"))' bdist_wheel -d /private/var/folders/51/hd414ycd67n82196sw51xqtc0000gn/T/pip-wheel-ejothz06
2022-12-27T02:53:15.8646190Z   cwd: /Users/runner/actions-runner/_work/python.build/python.build/build_grpcio040a339/grpcio-0.4.0a3/
2022-12-27T02:53:15.8646550Z   Building wheel for grpcio (setup.py): finished with status 'error'
2022-12-27T02:53:15.8646740Z   ERROR: Failed building wheel for grpcio
2022-12-27T02:53:15.8646930Z   Running setup.py clean for grpcio
2022-12-27T02:53:15.8648480Z   Running command python setup.py clean
2022-12-27T02:53:16.0413020Z   running clean
2022-12-27T02:53:16.0432850Z   removing 'build/temp.macosx-11.0-arm64-cpython-39' (and everything under it)
2022-12-27T02:53:16.0437290Z   removing 'build/lib.macosx-11.0-arm64-cpython-39' (and everything under it)
2022-12-27T02:53:16.0526500Z   'build/bdist.macosx-11.0-arm64' does not exist -- can't clean it
2022-12-27T02:53:16.0528960Z   'build/scripts-3.9' does not exist -- can't clean it
2022-12-27T02:53:16.0530720Z   removing 'build'
2022-12-27T02:53:16.0713640Z Failed to build grpcio
2022-12-27T02:53:16.0718120Z ERROR: Failed to build one or more wheels
2022-12-27T02:53:16.0728510Z Exception information:
2022-12-27T02:53:16.0728740Z Traceback (most recent call last):
2022-12-27T02:53:16.0736140Z   File "/private/var/folders/51/hd414ycd67n82196sw51xqtc0000gn/T/cibw-run-l2gk411z/cp39-macosx_arm64/build/venv/lib/python3.9/site-packages/pip/_internal/cli/base_command.py", line 160, in exc_logging_wrapper
2022-12-27T02:53:16.0736680Z     status = run_func(*args)
2022-12-27T02:53:16.0737320Z   File "/private/var/folders/51/hd414ycd67n82196sw51xqtc0000gn/T/cibw-run-l2gk411z/cp39-macosx_arm64/build/venv/lib/python3.9/site-packages/pip/_internal/cli/req_command.py", line 247, in wrapper
2022-12-27T02:53:16.0737680Z     return func(self, options, args)
2022-12-27T02:53:16.0738230Z   File "/private/var/folders/51/hd414ycd67n82196sw51xqtc0000gn/T/cibw-run-l2gk411z/cp39-macosx_arm64/build/venv/lib/python3.9/site-packages/pip/_internal/commands/wheel.py", line 201, in run
2022-12-27T02:53:16.0738640Z     raise CommandError("Failed to build one or more wheels")
2022-12-27T02:53:16.0738960Z pip._internal.exceptions.CommandError: Failed to build one or more wheels
2022-12-27T02:53:16.0739390Z Removed build tracker: '/private/var/folders/51/hd414ycd67n82196sw51xqtc0000gn/T/pip-build-tracker-fbdyj_8d'
2022-12-27T02:53:16.1122830Z ##[endgroup]
2022-12-27T02:53:16.1123430Z                                                               [31m✕ [0m1.30s
2022-12-27T02:53:16.1145900Z ##[error]Command ['python', '-m', 'pip', 'wheel', '/Users/runner/actions-runner/_work/python.build/python.build/build_grpcio040a339/grpcio-0.4.0a3', '--wheel-dir=/private/var/folders/51/hd414ycd67n82196sw51xqtc0000gn/T/cibw-run-l2gk411z/cp39-macosx_arm64/built_wheel', '--no-deps', '-vvv'] failed with code 1. None
2022-12-27T02:53:16.1154220Z 
2022-12-27T02:53:16.1583190Z ##[error]Process completed with exit code 1.
2022-12-27T02:53:16.1615450Z ##[group]Run rm -rf build_grpcio040a339 wheelsout
2022-12-27T02:53:16.1615660Z [36;1mrm -rf build_grpcio040a339 wheelsout[0m
2022-12-27T02:53:16.1630690Z shell: /bin/bash -e {0}
2022-12-27T02:53:16.1630800Z env:
2022-12-27T02:53:16.1631000Z   pythonLocation: /Users/runner/hostedtoolcache/Python/3.9.16/x64
2022-12-27T02:53:16.1631270Z   PKG_CONFIG_PATH: /Users/runner/hostedtoolcache/Python/3.9.16/x64/lib/pkgconfig
2022-12-27T02:53:16.1631490Z   Python_ROOT_DIR: /Users/runner/hostedtoolcache/Python/3.9.16/x64
2022-12-27T02:53:16.1631670Z   Python2_ROOT_DIR: /Users/runner/hostedtoolcache/Python/3.9.16/x64
2022-12-27T02:53:16.1631850Z   Python3_ROOT_DIR: /Users/runner/hostedtoolcache/Python/3.9.16/x64
2022-12-27T02:53:16.1631990Z ##[endgroup]
2022-12-27T02:53:16.1887150Z Cleaning up orphan processes
