2022-12-27T02:00:12.6185548Z Requested labels: self-hosted, macOS, X64
2022-12-27T02:00:12.6185613Z Job defined at: kilnbuild/python.build/.github/workflows/mac_arm_build.yml@refs/heads/main
2022-12-27T02:00:12.6185644Z Waiting for a runner to pick up this job...
2022-12-27T03:23:41.9067990Z Job is about to start running on the runner: k1 (organization)
2022-12-27T03:23:45.8508480Z Current runner version: '2.300.2'
2022-12-27T03:23:45.8513500Z Runner name: 'k1'
2022-12-27T03:23:45.8513770Z Runner group name: 'Default'
2022-12-27T03:23:45.8514220Z Machine name: 'k1'
2022-12-27T03:23:45.8515730Z ##[group]GITHUB_TOKEN Permissions
2022-12-27T03:23:45.8516120Z Actions: write
2022-12-27T03:23:45.8516260Z Checks: write
2022-12-27T03:23:45.8516390Z Contents: write
2022-12-27T03:23:45.8516530Z Deployments: write
2022-12-27T03:23:45.8516680Z Discussions: write
2022-12-27T03:23:45.8516810Z Issues: write
2022-12-27T03:23:45.8516940Z Metadata: read
2022-12-27T03:23:45.8517080Z Packages: write
2022-12-27T03:23:45.8517220Z Pages: write
2022-12-27T03:23:45.8517360Z PullRequests: write
2022-12-27T03:23:45.8517520Z RepositoryProjects: write
2022-12-27T03:23:45.8517690Z SecurityEvents: write
2022-12-27T03:23:45.8517830Z Statuses: write
2022-12-27T03:23:45.8517960Z ##[endgroup]
2022-12-27T03:23:45.8520420Z Secret source: Actions
2022-12-27T03:23:45.8520740Z Prepare workflow directory
2022-12-27T03:23:45.9190130Z Prepare all required actions
2022-12-27T03:23:45.9313590Z Getting action download info
2022-12-27T03:23:46.5156290Z Download action repository 'actions/setup-python@v4' (SHA:5ccb29d8773c3f3f653e1705f474dfaa8a06a912)
2022-12-27T03:23:48.3398890Z Download action repository 'actions/upload-artifact@v3' (SHA:83fd05a356d7e2593de66fc9913b3002723633cb)
2022-12-27T03:23:49.7478950Z ##[group]Run echo '{
2022-12-27T03:23:49.7479260Z [36;1mecho '{[0m
2022-12-27T03:23:49.7479460Z [36;1m  "environment_variables": "GRPC_PYTHON_BUILD_WITH_CYTHON=1 GRPC_BUILD_WITH_BORING_SSL_ASM='' GRPC_PYTHON_BUILD_SYSTEM_OPENSSL=TRUE",[0m
2022-12-27T03:23:49.7479680Z [36;1m  "package_name": "grpcio",[0m
2022-12-27T03:23:49.7479970Z [36;1m  "package_url": "https://files.pythonhosted.org/packages/01/0b/7033eb8a2b8e7f8eaf849490ee27c9b121b1b5624d644c3b5b988d7386cf/grpcio-1.9.1.tar.gz",[0m
2022-12-27T03:23:49.7480220Z [36;1m  "package_version": "1.9.1",[0m
2022-12-27T03:23:49.7480340Z [36;1m  "python_version": "3.10",[0m
2022-12-27T03:23:49.7480470Z [36;1m  "use_ccache": "true"[0m
2022-12-27T03:23:49.7480570Z [36;1m}'[0m
2022-12-27T03:23:49.7496100Z shell: /bin/bash -e {0}
2022-12-27T03:23:49.7496250Z ##[endgroup]
2022-12-27T03:23:49.7714690Z {
2022-12-27T03:23:49.7716110Z   "environment_variables": "GRPC_PYTHON_BUILD_WITH_CYTHON=1 GRPC_BUILD_WITH_BORING_SSL_ASM= GRPC_PYTHON_BUILD_SYSTEM_OPENSSL=TRUE",
2022-12-27T03:23:49.7716430Z   "package_name": "grpcio",
2022-12-27T03:23:49.7717140Z   "package_url": "https://files.pythonhosted.org/packages/01/0b/7033eb8a2b8e7f8eaf849490ee27c9b121b1b5624d644c3b5b988d7386cf/grpcio-1.9.1.tar.gz",
2022-12-27T03:23:49.7717420Z   "package_version": "1.9.1",
2022-12-27T03:23:49.7717560Z   "python_version": "3.10",
2022-12-27T03:23:49.7717760Z   "use_ccache": "true"
2022-12-27T03:23:49.7717970Z }
2022-12-27T03:23:49.7938830Z ##[group]Run actions/setup-python@v4
2022-12-27T03:23:49.7939100Z with:
2022-12-27T03:23:49.7939250Z   python-version: 3.10
2022-12-27T03:23:49.7939430Z   check-latest: false
2022-12-27T03:23:49.7939840Z   token: ***
2022-12-27T03:23:49.7940020Z   update-environment: true
2022-12-27T03:23:49.7940170Z ##[endgroup]
2022-12-27T03:23:49.9198590Z ##[group]Installed versions
2022-12-27T03:23:49.9278480Z Successfully set up CPython (3.10.9)
2022-12-27T03:23:49.9279230Z ##[endgroup]
2022-12-27T03:23:49.9422140Z ##[group]Run if [ "true" == "true" ]
2022-12-27T03:23:49.9422410Z [36;1mif [ "true" == "true" ][0m
2022-12-27T03:23:49.9422600Z [36;1mthen[0m
2022-12-27T03:23:49.9422930Z [36;1m  echo "CCACHE_PATH_PREPEND=/usr/local/opt/ccache/libexec" >> $GITHUB_OUTPUT[0m
2022-12-27T03:23:49.9423170Z [36;1melse[0m
2022-12-27T03:23:49.9423340Z [36;1m  echo "CCACHE_PATH_PREPEND=" >> $GITHUB_OUTPUT[0m
2022-12-27T03:23:49.9423540Z [36;1mfi[0m
2022-12-27T03:23:49.9440280Z shell: /bin/bash -e {0}
2022-12-27T03:23:49.9440460Z env:
2022-12-27T03:23:49.9440700Z   pythonLocation: /Users/runner/hostedtoolcache/Python/3.10.9/x64
2022-12-27T03:23:49.9440990Z   PKG_CONFIG_PATH: /Users/runner/hostedtoolcache/Python/3.10.9/x64/lib/pkgconfig
2022-12-27T03:23:49.9441770Z   Python_ROOT_DIR: /Users/runner/hostedtoolcache/Python/3.10.9/x64
2022-12-27T03:23:49.9442000Z   Python2_ROOT_DIR: /Users/runner/hostedtoolcache/Python/3.10.9/x64
2022-12-27T03:23:49.9442310Z   Python3_ROOT_DIR: /Users/runner/hostedtoolcache/Python/3.10.9/x64
2022-12-27T03:23:49.9442530Z ##[endgroup]
2022-12-27T03:23:49.9556150Z ##[group]Run echo "BUILD_NAME=$(echo grpcio_1.9.1_3.10 | tr -dc '[:alnum:]\n\r' | tr '[:upper:]' '[:lower:]')" >> $GITHUB_OUTPUT
2022-12-27T03:23:49.9556590Z [36;1mecho "BUILD_NAME=$(echo grpcio_1.9.1_3.10 | tr -dc '[:alnum:]\n\r' | tr '[:upper:]' '[:lower:]')" >> $GITHUB_OUTPUT[0m
2022-12-27T03:23:49.9570520Z shell: /bin/bash -e {0}
2022-12-27T03:23:49.9570710Z env:
2022-12-27T03:23:49.9570890Z   pythonLocation: /Users/runner/hostedtoolcache/Python/3.10.9/x64
2022-12-27T03:23:49.9571240Z   PKG_CONFIG_PATH: /Users/runner/hostedtoolcache/Python/3.10.9/x64/lib/pkgconfig
2022-12-27T03:23:49.9571510Z   Python_ROOT_DIR: /Users/runner/hostedtoolcache/Python/3.10.9/x64
2022-12-27T03:23:49.9571770Z   Python2_ROOT_DIR: /Users/runner/hostedtoolcache/Python/3.10.9/x64
2022-12-27T03:23:49.9572020Z   Python3_ROOT_DIR: /Users/runner/hostedtoolcache/Python/3.10.9/x64
2022-12-27T03:23:49.9572220Z ##[endgroup]
2022-12-27T03:23:49.9721200Z ##[group]Run echo "PYTHON_NO_DOTS=$(echo 3.10 | tr -dc '[:alnum:]\n\r' | tr '[:upper:]' '[:lower:]')" >> $GITHUB_OUTPUT
2022-12-27T03:23:49.9721610Z [36;1mecho "PYTHON_NO_DOTS=$(echo 3.10 | tr -dc '[:alnum:]\n\r' | tr '[:upper:]' '[:lower:]')" >> $GITHUB_OUTPUT[0m
2022-12-27T03:23:49.9735440Z shell: /bin/bash -e {0}
2022-12-27T03:23:49.9735610Z env:
2022-12-27T03:23:49.9735900Z   pythonLocation: /Users/runner/hostedtoolcache/Python/3.10.9/x64
2022-12-27T03:23:49.9736190Z   PKG_CONFIG_PATH: /Users/runner/hostedtoolcache/Python/3.10.9/x64/lib/pkgconfig
2022-12-27T03:23:49.9736430Z   Python_ROOT_DIR: /Users/runner/hostedtoolcache/Python/3.10.9/x64
2022-12-27T03:23:49.9736680Z   Python2_ROOT_DIR: /Users/runner/hostedtoolcache/Python/3.10.9/x64
2022-12-27T03:23:49.9736970Z   Python3_ROOT_DIR: /Users/runner/hostedtoolcache/Python/3.10.9/x64
2022-12-27T03:23:49.9737130Z ##[endgroup]
2022-12-27T03:23:49.9861220Z ##[group]Run rm -rf build_grpcio191310
2022-12-27T03:23:49.9861710Z [36;1mrm -rf build_grpcio191310[0m
2022-12-27T03:23:49.9861940Z [36;1mmkdir build_grpcio191310[0m
2022-12-27T03:23:49.9862250Z [36;1mcd build_grpcio191310[0m
2022-12-27T03:23:49.9862700Z [36;1m/usr/local/bin/wget --quiet https://files.pythonhosted.org/packages/01/0b/7033eb8a2b8e7f8eaf849490ee27c9b121b1b5624d644c3b5b988d7386cf/grpcio-1.9.1.tar.gz[0m
2022-12-27T03:23:49.9863060Z [36;1mtar xf *.tar.gz[0m
2022-12-27T03:23:49.9863330Z [36;1mcd grpcio-*/[0m
2022-12-27T03:23:49.9863660Z [36;1mpython -m pip install cibuildwheel==2.11.3[0m
2022-12-27T03:23:49.9863950Z [36;1mpython -m cibuildwheel --output-dir ../wheelsout[0m
2022-12-27T03:23:49.9885270Z shell: /bin/bash -e {0}
2022-12-27T03:23:49.9885530Z env:
2022-12-27T03:23:49.9885930Z   pythonLocation: /Users/runner/hostedtoolcache/Python/3.10.9/x64
2022-12-27T03:23:49.9886330Z   PKG_CONFIG_PATH: /Users/runner/hostedtoolcache/Python/3.10.9/x64/lib/pkgconfig
2022-12-27T03:23:49.9886650Z   Python_ROOT_DIR: /Users/runner/hostedtoolcache/Python/3.10.9/x64
2022-12-27T03:23:49.9886980Z   Python2_ROOT_DIR: /Users/runner/hostedtoolcache/Python/3.10.9/x64
2022-12-27T03:23:49.9887410Z   Python3_ROOT_DIR: /Users/runner/hostedtoolcache/Python/3.10.9/x64
2022-12-27T03:23:49.9887690Z   CIBW_ARCHS_MACOS: arm64
2022-12-27T03:23:49.9887910Z   CIBW_TEST_SKIP: *_arm64
2022-12-27T03:23:49.9888150Z   CIBW_BUILD: cp310-macosx_arm64
2022-12-27T03:23:49.9888440Z   CIBW_BUILD_FRONTEND: pip
2022-12-27T03:23:49.9888650Z   CIBW_BUILD_VERBOSITY: 3
2022-12-27T03:23:49.9889170Z   CIBW_ENVIRONMENT_MACOS: GRPC_PYTHON_BUILD_WITH_CYTHON=1 GRPC_BUILD_WITH_BORING_SSL_ASM='' GRPC_PYTHON_BUILD_SYSTEM_OPENSSL=TRUE CFLAGS="-I/usr/local/opt/openssl@3/include" LDFLAGS="-L/usr/local/opt/openssl@3/lib" CPPFLAGS="-I/usr/local/opt/openssl@3/include" MAKEFLAGS="-j$(sysctl -n hw.logicalcpu)" PATH=/usr/local/opt/ccache/libexec:$PATH
2022-12-27T03:23:49.9890150Z   CIBW_BEFORE_BUILD: pip install Cython; if [[ -f requirements.txt ]]; then pip install -r requirements.txt; fi
2022-12-27T03:23:49.9890520Z   MAKEFLAGS: -j$(sysctl -n hw.logicalcpu)
2022-12-27T03:23:49.9890800Z ##[endgroup]
2022-12-27T03:23:51.3259830Z Requirement already satisfied: cibuildwheel==2.11.3 in /Users/runner/hostedtoolcache/Python/3.10.9/x64/lib/python3.10/site-packages (2.11.3)
2022-12-27T03:23:51.3495720Z Requirement already satisfied: bracex in /Users/runner/hostedtoolcache/Python/3.10.9/x64/lib/python3.10/site-packages (from cibuildwheel==2.11.3) (2.3.post1)
2022-12-27T03:23:51.3500610Z Requirement already satisfied: bashlex!=0.13 in /Users/runner/hostedtoolcache/Python/3.10.9/x64/lib/python3.10/site-packages (from cibuildwheel==2.11.3) (0.16)
2022-12-27T03:23:51.3503610Z Requirement already satisfied: certifi in /Users/runner/hostedtoolcache/Python/3.10.9/x64/lib/python3.10/site-packages (from cibuildwheel==2.11.3) (2022.12.7)
2022-12-27T03:23:51.3510420Z Requirement already satisfied: tomli in /Users/runner/hostedtoolcache/Python/3.10.9/x64/lib/python3.10/site-packages (from cibuildwheel==2.11.3) (2.0.1)
2022-12-27T03:23:51.3518110Z Requirement already satisfied: typing-extensions>=4.1.0 in /Users/runner/hostedtoolcache/Python/3.10.9/x64/lib/python3.10/site-packages (from cibuildwheel==2.11.3) (4.4.0)
2022-12-27T03:23:51.3521570Z Requirement already satisfied: filelock in /Users/runner/hostedtoolcache/Python/3.10.9/x64/lib/python3.10/site-packages (from cibuildwheel==2.11.3) (3.8.2)
2022-12-27T03:23:51.3526410Z Requirement already satisfied: packaging>=20.9 in /Users/runner/hostedtoolcache/Python/3.10.9/x64/lib/python3.10/site-packages (from cibuildwheel==2.11.3) (22.0)
2022-12-27T03:23:51.3529600Z Requirement already satisfied: platformdirs in /Users/runner/hostedtoolcache/Python/3.10.9/x64/lib/python3.10/site-packages (from cibuildwheel==2.11.3) (2.6.0)
2022-12-27T03:23:51.5320060Z 
2022-12-27T03:23:51.5320900Z      _ _       _ _   _       _           _
2022-12-27T03:23:51.5321310Z  ___|_| |_ _ _|_| |_| |_ _ _| |_ ___ ___| |
2022-12-27T03:23:51.5322830Z |  _| | . | | | | | . | | | |   | -_| -_| |
2022-12-27T03:23:51.5323230Z |___|_|___|___|_|_|___|_____|_|_|___|___|_|
2022-12-27T03:23:51.5323410Z 
2022-12-27T03:23:51.5323540Z cibuildwheel version 2.11.3
2022-12-27T03:23:51.5323680Z 
2022-12-27T03:23:51.5323790Z Build options:
2022-12-27T03:23:51.5323970Z   platform: macos
2022-12-27T03:23:51.5470020Z   architectures: arm64[0m
2022-12-27T03:23:51.5470330Z   build_selector: 
2022-12-27T03:23:51.5470870Z     build_config: cp310-macosx_arm64
2022-12-27T03:23:51.5473610Z     skip_config: 
2022-12-27T03:23:51.5474310Z     requires_python: None
2022-12-27T03:23:51.5474820Z     prerelease_pythons: False[0m
2022-12-27T03:23:51.5475150Z   [38;5;244mcontainer_engine: docker[0m
2022-12-27T03:23:51.5475910Z   output_dir: /Users/runner/actions-runner/_work/python.build/python.build/build_grpcio191310/wheelsout[0m
2022-12-27T03:23:51.5477100Z   package_dir: /Users/runner/actions-runner/_work/python.build/python.build/build_grpcio191310/grpcio-1.9.1[0m
2022-12-27T03:23:51.5477520Z   test_selector: 
2022-12-27T03:23:51.5477990Z     skip_config: *_arm64[0m
2022-12-27T03:23:51.5478420Z   [38;5;244mbefore_all: [0m
2022-12-27T03:23:51.5479410Z   before_build: pip install Cython; if [[ -f requirements.txt ]]; then pip install -r requirements.txt; fi[0m
2022-12-27T03:23:51.5480010Z   [38;5;244mbefore_test: [0m
2022-12-27T03:23:51.5480490Z   [38;5;244mbuild_frontend: pip[0m
2022-12-27T03:23:51.5481100Z   build_verbosity: 3[0m
2022-12-27T03:23:51.5481530Z   [38;5;244mconfig_settings: [0m
2022-12-27T03:23:51.5482050Z   [38;5;244mdependency_constraints: pinned[0m
2022-12-27T03:23:51.5482570Z   environment: 
2022-12-27T03:23:51.5482890Z     GRPC_PYTHON_BUILD_WITH_CYTHON=1
2022-12-27T03:23:51.5483320Z     GRPC_BUILD_WITH_BORING_SSL_ASM=''
2022-12-27T03:23:51.5483670Z     GRPC_PYTHON_BUILD_SYSTEM_OPENSSL=TRUE
2022-12-27T03:23:51.5484310Z     CFLAGS="-I/usr/local/opt/openssl@3/include"
2022-12-27T03:23:51.5484650Z     LDFLAGS="-L/usr/local/opt/openssl@3/lib"
2022-12-27T03:23:51.5485040Z     CPPFLAGS="-I/usr/local/opt/openssl@3/include"
2022-12-27T03:23:51.5485350Z     MAKEFLAGS="-j$(sysctl -n hw.logicalcpu)"
2022-12-27T03:23:51.5485690Z     PATH=/usr/local/opt/ccache/libexec:$PATH[0m
2022-12-27T03:23:51.5486070Z   [38;5;244mmanylinux_images: None[0m
2022-12-27T03:23:51.5486400Z   [38;5;244mmusllinux_images: None[0m
2022-12-27T03:23:51.5486790Z   [38;5;244mrepair_command: delocate-wheel --require-archs {delocate_archs} -w {dest_dir} -v {wheel}[0m
2022-12-27T03:23:51.5487140Z   [38;5;244mtest_command: [0m
2022-12-27T03:23:51.5487540Z   [38;5;244mtest_extras: [0m
2022-12-27T03:23:51.5487790Z   [38;5;244mtest_requires: [0m
2022-12-27T03:23:51.5487930Z 
2022-12-27T03:23:51.5488070Z Cache folder: /Users/runner/Library/Caches/cibuildwheel
2022-12-27T03:23:51.5495990Z 
2022-12-27T03:23:51.5496260Z Here we go!
2022-12-27T03:23:51.5496430Z 
2022-12-27T03:23:51.5623210Z 
2022-12-27T03:23:51.5623660Z [1m[34mBuilding cp310-macosx_arm64 wheel[0m
2022-12-27T03:23:51.5624160Z CPython 3.10 macOS arm64 - Apple Silicon
2022-12-27T03:23:51.5624310Z 
2022-12-27T03:23:51.5626460Z ##[group]Installing Python cp310...
2022-12-27T03:23:51.5626640Z 
2022-12-27T03:23:51.5626820Z + pkgutil --pkgs
2022-12-27T03:23:51.5723490Z ##[endgroup]
2022-12-27T03:23:51.5724440Z                                                               [32mâœ“ [0m0.01s
2022-12-27T03:23:51.5724920Z ##[group]Setting up build environment...
2022-12-27T03:23:51.5725040Z 
2022-12-27T03:23:51.5742700Z + /Users/runner/hostedtoolcache/Python/3.10.9/x64/bin/python -sS /Users/runner/Library/Caches/cibuildwheel/virtualenv-20.17.0.pyz --activators= --no-periodic-update --pip=22.3.1 --setuptools=65.6.3 --wheel=0.38.4 --symlink-app-data --python /Library/Frameworks/Python.framework/Versions/3.10/bin/python3 /private/var/folders/51/hd414ycd67n82196sw51xqtc0000gn/T/cibw-run-2u90hk4n/cp310-macosx_arm64/build/venv
2022-12-27T03:23:51.7610580Z created virtual environment CPython3.10.8.final.0-64 in 53ms
2022-12-27T03:23:51.7611670Z   creator CPython3Posix(dest=/private/var/folders/51/hd414ycd67n82196sw51xqtc0000gn/T/cibw-run-2u90hk4n/cp310-macosx_arm64/build/venv, clear=False, no_vcs_ignore=False, global=False)
2022-12-27T03:23:51.7612240Z   seeder FromAppData(download=False, pip=22.3.1, setuptools=65.6.3, wheel=0.38.4, via=symlink, app_data_dir=/Users/runner/Library/Application Support/virtualenv)
2022-12-27T03:23:51.7612670Z     added seed packages: pip==22.3.1, setuptools==65.6.3, wheel==0.38.4
2022-12-27T03:23:51.7730190Z + python -m pip install --upgrade pip -c /Users/runner/hostedtoolcache/Python/3.10.9/x64/lib/python3.10/site-packages/cibuildwheel/resources/constraints-python310.txt
2022-12-27T03:23:52.0366700Z Requirement already satisfied: pip in ./lib/python3.10/site-packages (22.3.1)
2022-12-27T03:23:52.1572920Z + which pip
2022-12-27T03:23:52.1590620Z /private/var/folders/51/hd414ycd67n82196sw51xqtc0000gn/T/cibw-run-2u90hk4n/cp310-macosx_arm64/build/venv/bin/pip
2022-12-27T03:23:52.1593250Z + pip --version
2022-12-27T03:23:52.3478920Z pip 22.3.1 from /private/var/folders/51/hd414ycd67n82196sw51xqtc0000gn/T/cibw-run-2u90hk4n/cp310-macosx_arm64/build/venv/lib/python3.10/site-packages/pip (python 3.10)
2022-12-27T03:23:52.3689800Z + which pip
2022-12-27T03:23:52.3717000Z + which python
2022-12-27T03:23:52.3734330Z /private/var/folders/51/hd414ycd67n82196sw51xqtc0000gn/T/cibw-run-2u90hk4n/cp310-macosx_arm64/build/venv/bin/python
2022-12-27T03:23:52.3736390Z + python --version
2022-12-27T03:23:52.3781970Z Python 3.10.8
2022-12-27T03:23:52.3785290Z + which python
2022-12-27T03:23:52.3833430Z ##[endgroup]
2022-12-27T03:23:52.3833990Z                                                               [32mâœ“ [0m0.81s
2022-12-27T03:23:52.3834550Z ##[group]Installing build tools...
2022-12-27T03:23:52.3834670Z 
2022-12-27T03:23:52.3835120Z + pip install --upgrade setuptools wheel delocate -c /Users/runner/hostedtoolcache/Python/3.10.9/x64/lib/python3.10/site-packages/cibuildwheel/resources/constraints-python310.txt
2022-12-27T03:23:52.6454650Z Requirement already satisfied: setuptools in /private/var/folders/51/hd414ycd67n82196sw51xqtc0000gn/T/cibw-run-2u90hk4n/cp310-macosx_arm64/build/venv/lib/python3.10/site-packages (65.6.3)
2022-12-27T03:23:52.8289820Z Requirement already satisfied: wheel in /private/var/folders/51/hd414ycd67n82196sw51xqtc0000gn/T/cibw-run-2u90hk4n/cp310-macosx_arm64/build/venv/lib/python3.10/site-packages (0.38.4)
2022-12-27T03:23:52.8756150Z Collecting delocate
2022-12-27T03:23:52.8779370Z   Using cached delocate-0.10.3-py3-none-any.whl (142 kB)
2022-12-27T03:23:52.8973470Z Collecting typing-extensions
2022-12-27T03:23:52.8990690Z   Using cached typing_extensions-4.4.0-py3-none-any.whl (26 kB)
2022-12-27T03:23:52.9215680Z Collecting packaging>=20.9
2022-12-27T03:23:52.9234750Z   Using cached packaging-21.3-py3-none-any.whl (40 kB)
2022-12-27T03:23:52.9569000Z Collecting pyparsing!=3.0.5,>=2.0.2
2022-12-27T03:23:52.9585410Z   Using cached pyparsing-3.0.9-py3-none-any.whl (98 kB)
2022-12-27T03:23:52.9900060Z Installing collected packages: typing-extensions, pyparsing, packaging, delocate
2022-12-27T03:23:53.1102330Z Successfully installed delocate-0.10.3 packaging-21.3 pyparsing-3.0.9 typing-extensions-4.4.0
2022-12-27T03:23:53.1559730Z ##[endgroup]
2022-12-27T03:23:53.1560550Z                                                               [32mâœ“ [0m0.77s
2022-12-27T03:23:53.1561100Z ##[group]Running before_build...
2022-12-27T03:23:53.1561260Z 
2022-12-27T03:23:53.1566930Z + pip install Cython; if [[ -f requirements.txt ]]; then pip install -r requirements.txt; fi
2022-12-27T03:23:53.7373450Z Collecting Cython
2022-12-27T03:23:53.7417440Z   Using cached Cython-0.29.32-py2.py3-none-any.whl (986 kB)
2022-12-27T03:23:53.7847670Z Installing collected packages: Cython
2022-12-27T03:23:54.1801170Z Successfully installed Cython-0.29.32
2022-12-27T03:23:54.8344180Z Collecting coverage>=4.0
2022-12-27T03:23:54.8369370Z   Using cached coverage-7.0.1-cp310-cp310-macosx_10_9_x86_64.whl (188 kB)
2022-12-27T03:23:54.8468520Z Requirement already satisfied: cython>=0.27 in /private/var/folders/51/hd414ycd67n82196sw51xqtc0000gn/T/cibw-run-2u90hk4n/cp310-macosx_arm64/build/venv/lib/python3.10/site-packages (from -r requirements.txt (line 3)) (0.29.32)
2022-12-27T03:23:54.8592350Z Collecting enum34>=1.0.4
2022-12-27T03:23:54.8608780Z   Using cached enum34-1.1.10-py3-none-any.whl (11 kB)
2022-12-27T03:23:54.8731240Z Collecting futures>=2.2.0
2022-12-27T03:23:54.8733000Z   Using cached futures-3.0.5-py3-none-any.whl
2022-12-27T03:23:55.1090040Z Collecting protobuf>=3.5.0.post1
2022-12-27T03:23:55.1119790Z   Using cached protobuf-4.21.12-cp37-abi3-macosx_10_9_universal2.whl (486 kB)
2022-12-27T03:23:55.1353200Z Collecting six>=1.10
2022-12-27T03:23:55.1370270Z   Using cached six-1.16.0-py2.py3-none-any.whl (11 kB)
2022-12-27T03:23:55.1385870Z Requirement already satisfied: wheel>=0.29 in /private/var/folders/51/hd414ycd67n82196sw51xqtc0000gn/T/cibw-run-2u90hk4n/cp310-macosx_arm64/build/venv/lib/python3.10/site-packages (from -r requirements.txt (line 8)) (0.38.4)
2022-12-27T03:23:55.1714170Z Installing collected packages: futures, enum34, six, protobuf, coverage
2022-12-27T03:23:55.3907270Z Successfully installed coverage-7.0.1 enum34-1.1.10 futures-3.0.5 protobuf-4.21.12 six-1.16.0
2022-12-27T03:23:55.4439700Z ##[endgroup]
2022-12-27T03:23:55.4440490Z                                                               [32mâœ“ [0m2.29s
2022-12-27T03:23:55.4440940Z ##[group]Building wheel...
2022-12-27T03:23:55.4441060Z 
2022-12-27T03:23:55.4445530Z + python -m pip wheel /Users/runner/actions-runner/_work/python.build/python.build/build_grpcio191310/grpcio-1.9.1 --wheel-dir=/private/var/folders/51/hd414ycd67n82196sw51xqtc0000gn/T/cibw-run-2u90hk4n/cp310-macosx_arm64/built_wheel --no-deps -vvv
2022-12-27T03:23:55.6836750Z Created temporary directory: /private/var/folders/51/hd414ycd67n82196sw51xqtc0000gn/T/pip-ephem-wheel-cache-8y4u2len
2022-12-27T03:23:55.6841700Z Created temporary directory: /private/var/folders/51/hd414ycd67n82196sw51xqtc0000gn/T/pip-build-tracker-xv82nrz2
2022-12-27T03:23:55.6843540Z Initialized build tracking at /private/var/folders/51/hd414ycd67n82196sw51xqtc0000gn/T/pip-build-tracker-xv82nrz2
2022-12-27T03:23:55.6844910Z Created build tracker: /private/var/folders/51/hd414ycd67n82196sw51xqtc0000gn/T/pip-build-tracker-xv82nrz2
2022-12-27T03:23:55.6846370Z Entered build tracker: /private/var/folders/51/hd414ycd67n82196sw51xqtc0000gn/T/pip-build-tracker-xv82nrz2
2022-12-27T03:23:55.6849540Z Created temporary directory: /private/var/folders/51/hd414ycd67n82196sw51xqtc0000gn/T/pip-wheel-y66gwtdb
2022-12-27T03:23:55.6854930Z Created temporary directory: /private/var/folders/51/hd414ycd67n82196sw51xqtc0000gn/T/pip-ephem-wheel-cache-2mu24fip
2022-12-27T03:23:55.7001100Z Processing /Users/runner/actions-runner/_work/python.build/python.build/build_grpcio191310/grpcio-1.9.1
2022-12-27T03:23:55.7006940Z   Added file:///Users/runner/actions-runner/_work/python.build/python.build/build_grpcio191310/grpcio-1.9.1 to build tracker '/private/var/folders/51/hd414ycd67n82196sw51xqtc0000gn/T/pip-build-tracker-xv82nrz2'
2022-12-27T03:23:55.7010270Z   Running setup.py (path:/Users/runner/actions-runner/_work/python.build/python.build/build_grpcio191310/grpcio-1.9.1/setup.py) egg_info for package from file:///Users/runner/actions-runner/_work/python.build/python.build/build_grpcio191310/grpcio-1.9.1
2022-12-27T03:23:55.7013310Z   Created temporary directory: /private/var/folders/51/hd414ycd67n82196sw51xqtc0000gn/T/pip-pip-egg-info-sqdojyip
2022-12-27T03:23:55.7014880Z   Preparing metadata (setup.py): started
2022-12-27T03:23:55.7016740Z   Running command python setup.py egg_info
2022-12-27T03:23:56.0791920Z   /private/var/folders/51/hd414ycd67n82196sw51xqtc0000gn/T/cibw-run-2u90hk4n/cp310-macosx_arm64/build/venv/lib/python3.10/site-packages/Cython/Compiler/Main.py:369: FutureWarning: Cython directive 'language_level' not set, using 2 for now (Py2). This will change in a later release! File: /Users/runner/actions-runner/_work/python.build/python.build/build_grpcio191310/grpcio-1.9.1/src/python/grpcio/grpc/_cython/cygrpc.pxd
2022-12-27T03:23:56.0792710Z     tree = Parsing.p_module(s, pxd, full_module_name)
2022-12-27T03:23:56.1301120Z   warning: src/python/grpcio/grpc/_cython/_cygrpc/grpc.pxi:569:2: 'grpc_compression_level' redeclared
2022-12-27T03:23:56.1415430Z   warning: src/python/grpcio/grpc/_cython/_cygrpc/grpc.pxi:131:13: 'GRPC_ARG_PRIMARY_USER_AGENT_STRING' redeclared
2022-12-27T03:23:56.1454800Z   warning: src/python/grpcio/grpc/_cython/_cygrpc/grpc.pxi:570:4: 'GRPC_COMPRESS_LEVEL_NONE' redeclared
2022-12-27T03:23:56.1457040Z   warning: src/python/grpcio/grpc/_cython/_cygrpc/grpc.pxi:571:4: 'GRPC_COMPRESS_LEVEL_LOW' redeclared
2022-12-27T03:23:56.1458480Z   warning: src/python/grpcio/grpc/_cython/_cygrpc/grpc.pxi:572:4: 'GRPC_COMPRESS_LEVEL_MED' redeclared
2022-12-27T03:23:56.1459920Z   warning: src/python/grpcio/grpc/_cython/_cygrpc/grpc.pxi:573:4: 'GRPC_COMPRESS_LEVEL_HIGH' redeclared
2022-12-27T03:23:56.9995270Z   Compiling src/python/grpcio/grpc/_cython/cygrpc.pyx because it depends on /private/var/folders/51/hd414ycd67n82196sw51xqtc0000gn/T/cibw-run-2u90hk4n/cp310-macosx_arm64/build/venv/lib/python3.10/site-packages/Cython/Includes/libc/time.pxd.
2022-12-27T03:23:56.9996410Z   [1/1] Cythonizing src/python/grpcio/grpc/_cython/cygrpc.pyx
2022-12-27T03:23:57.0164560Z   running egg_info
2022-12-27T03:23:57.0168840Z   creating /private/var/folders/51/hd414ycd67n82196sw51xqtc0000gn/T/pip-pip-egg-info-sqdojyip/grpcio.egg-info
2022-12-27T03:23:57.0180250Z   writing /private/var/folders/51/hd414ycd67n82196sw51xqtc0000gn/T/pip-pip-egg-info-sqdojyip/grpcio.egg-info/PKG-INFO
2022-12-27T03:23:57.0183170Z   writing dependency_links to /private/var/folders/51/hd414ycd67n82196sw51xqtc0000gn/T/pip-pip-egg-info-sqdojyip/grpcio.egg-info/dependency_links.txt
2022-12-27T03:23:57.0186000Z   writing requirements to /private/var/folders/51/hd414ycd67n82196sw51xqtc0000gn/T/pip-pip-egg-info-sqdojyip/grpcio.egg-info/requires.txt
2022-12-27T03:23:57.0188240Z   writing top-level names to /private/var/folders/51/hd414ycd67n82196sw51xqtc0000gn/T/pip-pip-egg-info-sqdojyip/grpcio.egg-info/top_level.txt
2022-12-27T03:23:57.0190170Z   writing manifest file '/private/var/folders/51/hd414ycd67n82196sw51xqtc0000gn/T/pip-pip-egg-info-sqdojyip/grpcio.egg-info/SOURCES.txt'
2022-12-27T03:23:57.0240600Z   reading manifest file '/private/var/folders/51/hd414ycd67n82196sw51xqtc0000gn/T/pip-pip-egg-info-sqdojyip/grpcio.egg-info/SOURCES.txt'
2022-12-27T03:23:57.0242980Z   reading manifest template 'PYTHON-MANIFEST.in'
2022-12-27T03:23:57.0269290Z   warning: no files found matching '*.h' under directory 'src/python/grpcio/grpc'
2022-12-27T03:23:57.0337660Z   warning: no files found matching '*.python' under directory 'src/python/grpcio/grpc'
2022-12-27T03:23:57.0351790Z   warning: no previously-included files matching '*.so' found under directory 'src/python/grpcio/grpc/_cython'
2022-12-27T03:23:57.0353560Z   warning: no previously-included files matching '*.pyd' found under directory 'src/python/grpcio/grpc/_cython'
2022-12-27T03:23:57.1065660Z   warning: no files found matching 'src/python/grpcio/precompiled.py'
2022-12-27T03:23:57.1932000Z   writing manifest file '/private/var/folders/51/hd414ycd67n82196sw51xqtc0000gn/T/pip-pip-egg-info-sqdojyip/grpcio.egg-info/SOURCES.txt'
2022-12-27T03:23:57.2507720Z   Preparing metadata (setup.py): finished with status 'done'
2022-12-27T03:23:57.2529280Z   Source in /Users/runner/actions-runner/_work/python.build/python.build/build_grpcio191310/grpcio-1.9.1 has version 1.9.1, which satisfies requirement grpcio==1.9.1 from file:///Users/runner/actions-runner/_work/python.build/python.build/build_grpcio191310/grpcio-1.9.1
2022-12-27T03:23:57.2532730Z   Removed grpcio==1.9.1 from file:///Users/runner/actions-runner/_work/python.build/python.build/build_grpcio191310/grpcio-1.9.1 from build tracker '/private/var/folders/51/hd414ycd67n82196sw51xqtc0000gn/T/pip-build-tracker-xv82nrz2'
2022-12-27T03:23:57.2551280Z Created temporary directory: /private/var/folders/51/hd414ycd67n82196sw51xqtc0000gn/T/pip-unpack-axexwyge
2022-12-27T03:23:57.2554810Z Building wheels for collected packages: grpcio
2022-12-27T03:23:57.2563790Z   Created temporary directory: /private/var/folders/51/hd414ycd67n82196sw51xqtc0000gn/T/pip-wheel-3y1zudsc
2022-12-27T03:23:57.2565430Z   Building wheel for grpcio (setup.py): started
2022-12-27T03:23:57.2567160Z   Destination directory: /private/var/folders/51/hd414ycd67n82196sw51xqtc0000gn/T/pip-wheel-3y1zudsc
2022-12-27T03:23:57.2568500Z   Running command python setup.py bdist_wheel
2022-12-27T03:23:57.6375160Z   running bdist_wheel
2022-12-27T03:23:57.6397780Z   running build
2022-12-27T03:23:57.6399860Z   running build_py
2022-12-27T03:23:57.6401610Z   running build_project_metadata
2022-12-27T03:23:57.6407010Z   creating python_build
2022-12-27T03:23:57.6409210Z   creating python_build/lib.macosx-11.0-arm64-cpython-310
2022-12-27T03:23:57.6410810Z   creating python_build/lib.macosx-11.0-arm64-cpython-310/grpc
2022-12-27T03:23:57.6413280Z   copying src/python/grpcio/grpc/_channel.py -> python_build/lib.macosx-11.0-arm64-cpython-310/grpc
2022-12-27T03:23:57.6414140Z   copying src/python/grpcio/grpc/_common.py -> python_build/lib.macosx-11.0-arm64-cpython-310/grpc
2022-12-27T03:23:57.6416170Z   copying src/python/grpcio/grpc/__init__.py -> python_build/lib.macosx-11.0-arm64-cpython-310/grpc
2022-12-27T03:23:57.6419510Z   copying src/python/grpcio/grpc/_utilities.py -> python_build/lib.macosx-11.0-arm64-cpython-310/grpc
2022-12-27T03:23:57.6422320Z   copying src/python/grpcio/grpc/_plugin_wrapping.py -> python_build/lib.macosx-11.0-arm64-cpython-310/grpc
2022-12-27T03:23:57.6425550Z   copying src/python/grpcio/grpc/_interceptor.py -> python_build/lib.macosx-11.0-arm64-cpython-310/grpc
2022-12-27T03:23:57.6427380Z   copying src/python/grpcio/grpc/_grpcio_metadata.py -> python_build/lib.macosx-11.0-arm64-cpython-310/grpc
2022-12-27T03:23:57.6430230Z   copying src/python/grpcio/grpc/_server.py -> python_build/lib.macosx-11.0-arm64-cpython-310/grpc
2022-12-27T03:23:57.6433630Z   copying src/python/grpcio/grpc/_auth.py -> python_build/lib.macosx-11.0-arm64-cpython-310/grpc
2022-12-27T03:23:57.6439360Z   creating python_build/lib.macosx-11.0-arm64-cpython-310/grpc/beta
2022-12-27T03:23:57.6440840Z   copying src/python/grpcio/grpc/beta/_server_adaptations.py -> python_build/lib.macosx-11.0-arm64-cpython-310/grpc/beta
2022-12-27T03:23:57.6444840Z   copying src/python/grpcio/grpc/beta/interfaces.py -> python_build/lib.macosx-11.0-arm64-cpython-310/grpc/beta
2022-12-27T03:23:57.6446530Z   copying src/python/grpcio/grpc/beta/_metadata.py -> python_build/lib.macosx-11.0-arm64-cpython-310/grpc/beta
2022-12-27T03:23:57.6448160Z   copying src/python/grpcio/grpc/beta/__init__.py -> python_build/lib.macosx-11.0-arm64-cpython-310/grpc/beta
2022-12-27T03:23:57.6451250Z   copying src/python/grpcio/grpc/beta/utilities.py -> python_build/lib.macosx-11.0-arm64-cpython-310/grpc/beta
2022-12-27T03:23:57.6453520Z   copying src/python/grpcio/grpc/beta/implementations.py -> python_build/lib.macosx-11.0-arm64-cpython-310/grpc/beta
2022-12-27T03:23:57.6455620Z   copying src/python/grpcio/grpc/beta/_client_adaptations.py -> python_build/lib.macosx-11.0-arm64-cpython-310/grpc/beta
2022-12-27T03:23:57.6460200Z   creating python_build/lib.macosx-11.0-arm64-cpython-310/grpc/framework
2022-12-27T03:23:57.6461520Z   copying src/python/grpcio/grpc/framework/__init__.py -> python_build/lib.macosx-11.0-arm64-cpython-310/grpc/framework
2022-12-27T03:23:57.6465430Z   creating python_build/lib.macosx-11.0-arm64-cpython-310/grpc/_cython
2022-12-27T03:23:57.6466680Z   copying src/python/grpcio/grpc/_cython/__init__.py -> python_build/lib.macosx-11.0-arm64-cpython-310/grpc/_cython
2022-12-27T03:23:57.6472340Z   creating python_build/lib.macosx-11.0-arm64-cpython-310/grpc/framework/foundation
2022-12-27T03:23:57.6473540Z   copying src/python/grpcio/grpc/framework/foundation/callable_util.py -> python_build/lib.macosx-11.0-arm64-cpython-310/grpc/framework/foundation
2022-12-27T03:23:57.6477130Z   copying src/python/grpcio/grpc/framework/foundation/abandonment.py -> python_build/lib.macosx-11.0-arm64-cpython-310/grpc/framework/foundation
2022-12-27T03:23:57.6479180Z   copying src/python/grpcio/grpc/framework/foundation/__init__.py -> python_build/lib.macosx-11.0-arm64-cpython-310/grpc/framework/foundation
2022-12-27T03:23:57.6481880Z   copying src/python/grpcio/grpc/framework/foundation/stream.py -> python_build/lib.macosx-11.0-arm64-cpython-310/grpc/framework/foundation
2022-12-27T03:23:57.6484580Z   copying src/python/grpcio/grpc/framework/foundation/stream_util.py -> python_build/lib.macosx-11.0-arm64-cpython-310/grpc/framework/foundation
2022-12-27T03:23:57.6486480Z   copying src/python/grpcio/grpc/framework/foundation/future.py -> python_build/lib.macosx-11.0-arm64-cpython-310/grpc/framework/foundation
2022-12-27T03:23:57.6488990Z   copying src/python/grpcio/grpc/framework/foundation/logging_pool.py -> python_build/lib.macosx-11.0-arm64-cpython-310/grpc/framework/foundation
2022-12-27T03:23:57.6493570Z   creating python_build/lib.macosx-11.0-arm64-cpython-310/grpc/framework/common
2022-12-27T03:23:57.6495120Z   copying src/python/grpcio/grpc/framework/common/style.py -> python_build/lib.macosx-11.0-arm64-cpython-310/grpc/framework/common
2022-12-27T03:23:57.6497610Z   copying src/python/grpcio/grpc/framework/common/cardinality.py -> python_build/lib.macosx-11.0-arm64-cpython-310/grpc/framework/common
2022-12-27T03:23:57.6500100Z   copying src/python/grpcio/grpc/framework/common/__init__.py -> python_build/lib.macosx-11.0-arm64-cpython-310/grpc/framework/common
2022-12-27T03:23:57.6504300Z   creating python_build/lib.macosx-11.0-arm64-cpython-310/grpc/framework/interfaces
2022-12-27T03:23:57.6505580Z   copying src/python/grpcio/grpc/framework/interfaces/__init__.py -> python_build/lib.macosx-11.0-arm64-cpython-310/grpc/framework/interfaces
2022-12-27T03:23:57.6510190Z   creating python_build/lib.macosx-11.0-arm64-cpython-310/grpc/framework/interfaces/face
2022-12-27T03:23:57.6511720Z   copying src/python/grpcio/grpc/framework/interfaces/face/__init__.py -> python_build/lib.macosx-11.0-arm64-cpython-310/grpc/framework/interfaces/face
2022-12-27T03:23:57.6514220Z   copying src/python/grpcio/grpc/framework/interfaces/face/utilities.py -> python_build/lib.macosx-11.0-arm64-cpython-310/grpc/framework/interfaces/face
2022-12-27T03:23:57.6516690Z   copying src/python/grpcio/grpc/framework/interfaces/face/face.py -> python_build/lib.macosx-11.0-arm64-cpython-310/grpc/framework/interfaces/face
2022-12-27T03:23:57.6521770Z   creating python_build/lib.macosx-11.0-arm64-cpython-310/grpc/framework/interfaces/base
2022-12-27T03:23:57.6523390Z   copying src/python/grpcio/grpc/framework/interfaces/base/__init__.py -> python_build/lib.macosx-11.0-arm64-cpython-310/grpc/framework/interfaces/base
2022-12-27T03:23:57.6525420Z   copying src/python/grpcio/grpc/framework/interfaces/base/utilities.py -> python_build/lib.macosx-11.0-arm64-cpython-310/grpc/framework/interfaces/base
2022-12-27T03:23:57.6528010Z   copying src/python/grpcio/grpc/framework/interfaces/base/base.py -> python_build/lib.macosx-11.0-arm64-cpython-310/grpc/framework/interfaces/base
2022-12-27T03:23:57.6532190Z   creating python_build/lib.macosx-11.0-arm64-cpython-310/grpc/_cython/_cygrpc
2022-12-27T03:23:57.6534120Z   copying src/python/grpcio/grpc/_cython/_cygrpc/__init__.py -> python_build/lib.macosx-11.0-arm64-cpython-310/grpc/_cython/_cygrpc
2022-12-27T03:23:57.6538730Z   creating python_build/lib.macosx-11.0-arm64-cpython-310/grpc/_cython/_credentials
2022-12-27T03:23:57.6606380Z   copying src/python/grpcio/grpc/_cython/_credentials/roots.pem -> python_build/lib.macosx-11.0-arm64-cpython-310/grpc/_cython/_credentials
2022-12-27T03:23:57.6606780Z   running build_ext
2022-12-27T03:24:01.8240600Z   b'[C]       Compiling third_party/cares/cares/ares__close_sockets.c\n[C]       Compiling third_party/cares/cares/ares__get_hostent.c\n[C]       Compiling third_party/cares/cares/ares__read_line.c\n[C]       Compiling third_party/cares/cares/ares__timeval.c\n[C]       Compiling third_party/cares/cares/ares_cancel.c\n[C]       Compiling third_party/cares/cares/ares_create_query.c\n[C]       Compiling third_party/cares/cares/ares_data.c\n[C]       Compiling third_party/cares/cares/ares_destroy.c\n[C]       Compiling third_party/cares/cares/ares_expand_name.c\n[C]       Compiling third_party/cares/cares/ares_expand_string.c\n[C]       Compiling third_party/cares/cares/ares_fds.c\n[C]       Compiling third_party/cares/cares/ares_free_hostent.c\n[C]       Compiling third_party/cares/cares/ares_free_string.c\n[C]       Compiling third_party/cares/cares/ares_getenv.c\n[C]       Compiling third_party/cares/cares/ares_gethostbyaddr.c\n[C]       Compiling third_party/cares/cares/ares_gethostbyname.c\n[C]       Compiling third_party/cares/cares/ares_getnameinfo.c\n[C]       Compiling third_party/cares/cares/ares_getopt.c\n[C]       Compiling third_party/cares/cares/ares_getsock.c\n[C]       Compiling third_party/cares/cares/ares_init.c\n[C]       Compiling third_party/cares/cares/ares_library_init.c\n[C]       Compiling third_party/cares/cares/ares_llist.c\n[C]       Compiling third_party/cares/cares/ares_mkquery.c\n[C]       Compiling third_party/cares/cares/ares_nowarn.c\n[C]       Compiling third_party/cares/cares/ares_options.c\n[C]       Compiling third_party/cares/cares/ares_parse_a_reply.c\n[C]       Compiling third_party/cares/cares/ares_parse_aaaa_reply.c\n[C]       Compiling third_party/cares/cares/ares_parse_mx_reply.c\n[C]       Compiling third_party/cares/cares/ares_parse_naptr_reply.c\n[C]       Compiling third_party/cares/cares/ares_parse_ns_reply.c\n[C]       Compiling third_party/cares/cares/ares_parse_ptr_reply.c\n[C]       Compiling third_party/cares/cares/ares_parse_soa_reply.c\n[C]       Compiling third_party/cares/cares/ares_parse_srv_reply.c\n[C]       Compiling third_party/cares/cares/ares_parse_txt_reply.c\n[C]       Compiling third_party/cares/cares/ares_platform.c\n[C]       Compiling third_party/cares/cares/ares_process.c\n[C]       Compiling third_party/cares/cares/ares_query.c\n[C]       Compiling third_party/cares/cares/ares_search.c\n[C]       Compiling third_party/cares/cares/ares_send.c\n[C]       Compiling third_party/cares/cares/ares_strcasecmp.c\n[C]       Compiling third_party/cares/cares/ares_strdup.c\n[C]       Compiling third_party/cares/cares/ares_strerror.c\n[C]       Compiling third_party/cares/cares/ares_timeout.c\n[C]       Compiling third_party/cares/cares/ares_version.c\n[C]       Compiling third_party/cares/cares/ares_writev.c\n[C]       Compiling third_party/cares/cares/bitncmp.c\n[C]       Compiling third_party/cares/cares/inet_net_pton.c\n[C]       Compiling third_party/cares/cares/inet_ntop.c\n[C]       Compiling third_party/cares/cares/windows_port.c\n[C]       Compiling third_party/zlib/adler32.c\n[C]       Compiling third_party/zlib/compress.c\n[C]       Compiling third_party/zlib/deflate.c\n[C]       Compiling third_party/zlib/crc32.c\n[C]       Compiling third_party/zlib/gzlib.c\n[C]       Compiling third_party/zlib/gzclose.c\n[C]       Compiling third_party/zlib/gzread.c\n[C]       Compiling third_party/zlib/gzwrite.c\n[C]       Compiling third_party/zlib/infback.c\n[C]       Compiling third_party/zlib/inffast.c\n[C]       Compiling third_party/zlib/inflate.c\n[C]       Compiling third_party/zlib/inftrees.c\n[C]       Compiling third_party/zlib/trees.c\n[C]       Compiling third_party/zlib/uncompr.c\n[C]       Compiling third_party/zlib/zutil.c\n[C]       Compiling src/boringssl/err_data.c\n[C]       Compiling third_party/boringssl/crypto/aes/aes.c\n[C]       Compiling third_party/boringssl/crypto/aes/key_wrap.c\n[C]       Compiling third_party/boringssl/crypto/aes/mode_wrappers.c\n[C]       Compiling third_party/boringssl/crypto/asn1/a_bitstr.c\n[C]       Compiling third_party/boringssl/crypto/asn1/a_bool.c\n[C]       Compiling third_party/boringssl/crypto/asn1/a_d2i_fp.c\n[C]       Compiling third_party/boringssl/crypto/asn1/a_dup.c\n'
2022-12-27T03:24:01.8315630Z   b"make: Circular /Users/runner/actions-runner/_work/python.build/python.build/build_grpcio191310/grpcio-1.9.1/libs/opt/libares.a <- /Users/runner/actions-runner/_work/python.build/python.build/build_grpcio191310/grpcio-1.9.1/libs/opt/libz.a dependency dropped.\nIn file included from src/boringssl/err_data.c:17:\nthird_party/boringssl/include/openssl/base.h:133:9: error: 'OPENSSL_VERSION_NUMBER' macro redefined [-Werror,-Wmacro-redefined]\n#define OPENSSL_VERSION_NUMBER 0x100020af\n        ^\n/usr/local/opt/openssl@3/include/openssl/opensslv.h:99:10: note: previous definition is here\n# define OPENSSL_VERSION_NUMBER          \\\n         ^\nIn file included from src/boringssl/err_data.c:18:\nIn file included from /usr/local/opt/openssl@3/include/openssl/err.h:21:\n/usr/local/opt/openssl@3/include/openssl/e_os2.h:183:11: error: 'OPENSSL_EXPORT' macro redefined [-Werror,-Wmacro-redefined]\n#  define OPENSSL_EXPORT extern\n          ^\nthird_party/boringssl/include/openssl/base.h:168:9: note: previous definition is here\n#define OPENSSL_EXPORT\n        ^\nIn file included from src/boringssl/err_data.c:18:\nIn file included from /usr/local/opt/openssl@3/include/openssl/err.h:28:\nIn file included from /usr/local/opt/openssl@3/include/openssl/types.h:21:\n/usr/local/opt/openssl@3/include/openssl/safestack.h:264:15: error: redefinition of typedef 'OPENSSL_BLOCK' is a C11 feature [-Werror,-Wtypedef-redefinition]\ntypedef void *OPENSSL_BLOCK;\n              ^\nthird_party/boringssl/include/openssl/base.h:322:15: note: previous definition is here\ntypedef void *OPENSSL_BLOCK;\n              ^\nIn file included from src/boringssl/err_data.c:18:\nIn file included from /usr/local/opt/openssl@3/include/openssl/err.h:28:\n/usr/local/opt/openssl@3/include/openssl/types.h:45:31: error: redefinition of typedef 'ASN1_INTEGER' is a C11 feature [-Werror,-Wtypedef-redefinition]\ntypedef struct asn1_string_st ASN1_INTEGER;\n                              ^\nthird_party/boringssl/include/openssl/base.h:215:31: note: previous definition is here\ntypedef struct asn1_string_st ASN1_INTEGER;\n                              ^\nIn file included from src/boringssl/err_data.c:18:\nIn file included from /usr/local/opt/openssl@3/include/openssl/err.h:28:\n/usr/local/opt/openssl@3/include/openssl/types.h:46:31: error: redefinition of typedef 'ASN1_ENUMERATED' is a C11 feature [-Werror,-Wtypedef-redefinition]\ntypedef struct asn1_string_st ASN1_ENUMERATED;\n                              ^\nthird_party/boringssl/include/openssl/base.h:211:31: note: previous definition is here\ntypedef struct asn1_string_st ASN1_ENUMERATED;\n                              ^\nIn file included from src/boringssl/err_data.c:18:\nIn file included from /usr/local/opt/openssl@3/include/openssl/err.h:28:\n/usr/local/opt/openssl@3/include/openssl/types.h:47:31: error: redefinition of typedef 'ASN1_BIT_STRING' is a C11 feature [-Werror,-Wtypedef-redefinition]\ntypedef struct asn1_string_st ASN1_BIT_STRING;\n                              ^\nthird_party/boringssl/include/openssl/base.h:209:31: note: previous definition is here\ntypedef struct asn1_string_st ASN1_BIT_STRING;\n                              ^\nIn file included from src/boringssl/err_data.c:18:\nIn file included from /usr/local/opt/openssl@3/include/openssl/err.h:28:\n/usr/local/opt/openssl@3/include/openssl/types.h:48:31: error: redefinition of typedef 'ASN1_OCTET_STRING' is a C11 feature [-Werror,-Wtypedef-redefinition]\ntypedef struct asn1_string_st ASN1_OCTET_STRING;\n                              ^\nthird_party/boringssl/include/openssl/base.h:216:31: note: previous definition is here\ntypedef struct asn1_string_st ASN1_OCTET_STRING;\n                              ^\nIn file included from src/boringssl/err_data.c:18:\nIn file included from /usr/local/opt/openssl@3/include/openssl/err.h:28:\n/usr/local/opt/openssl@3/include/openssl/types.h:49:31: error: redefinition of typedef 'ASN1_PRINTABLESTRING' is a C11 feature [-Werror,-Wtypedef-redefinition]\ntypedef struct asn1_string_st ASN1_PRINTABLESTRING;\n                              ^\nthird_party/boringssl/include/openssl/base.h:217:31: note: previous definition is here\ntypedef struct asn1_string_st ASN1_PRINTABLESTRING;\n                              ^\nIn file included from src/boringssl/err_data.c:18:\nIn file included from /usr/local/opt/openssl@3/include/openssl/err.h:28:\n/usr/local/opt/openssl@3/include/openssl/types.h:50:31: error: redefinition of typedef 'ASN1_T61STRING' is a C11 feature [-Werror,-Wtypedef-redefinition]\ntypedef struct asn1_string_st ASN1_T61STRING;\n                              ^\nthird_party/boringssl/include/openssl/base.h:219In file included from :third_party/boringssl/crypto/aes/aes.c31::54 :\nnoteIn file included from : previous definition is here\ntypedef struct asn1_string_st ASN1_T61STRING;\n                              ^\nIn file included from src/boringssl/err_data.c:18:\nIn file included from /usr/local/opt/openssl@3/include/openssl/err.h:28:\n/usr/local/opt/openssl@3/include/openssl/types.h:51:31: error: redefinition of typedef 'ASN1_IA5STRING' is a C11 feature [-Werror,-Wtypedef-redefinition]\ntypedef struct asn1_string_st ASN1_IA5STRING;\n                              ^\nthird_party/boringssl/include/openssl/base.h:214:31: note: previous definition is here\ntypedef struct asn1_string_st ASN1_IA5STRING;\n                              ^\nIn file included from src/boringssl/err_data.c:18:\nIn file included from /usr/local/opt/openssl@3/include/openssl/err.h:28:\n/usr/local/opt/openssl@3/include/openssl/types.h:52:31: error: redefinition of typedef 'ASN1_GENERALSTRING' is a C11 feature [-Werror,-Wtypedef-redefinition]\nthird_party/boringssl/include/openssl/cpu.htypedef struct asn1_string_st ASN1_GENERALSTRING;\n                              ^\nthird_party/boringssl/include/openssl/base.h:213:31: note: previous definition is here\ntypedef struct asn1_string_st ASN1_GENERALSTRING;\n                              ^\nIn file included from src/boringssl/err_data.c:18:\nIn file included from /usr/local/opt/openssl@3/include/openssl/err.h:28:\n/usr/local/opt/openssl@3/include/openssl/types.h:53:31: error: redefinition of typedef 'ASN1_UNIVERSALSTRING' is a C11 feature [-Werror,-Wtypedef-redefinition]\ntypedef struct asn1_string_st ASN1_UNIVERSALSTRING;\n                              ^\nthird_party/boringssl/include/openssl/base.h:221:31: note: previous definition is here\ntypedef struct asn1_string_st ASN1_UNIVERSALSTRING;\n                              ^\nIn file included from src/boringssl/err_data.c:18:\nIn file included from /usr/local/opt/openssl@3/include/openssl/err.h:28:\n/usr/local/opt/openssl@3/include/openssl/types.h:54:31: error: redefinition of typedef 'ASN1_BMPSTRING' is a C11 feature [-Werror,-Wtypedef-redefinition]\ntypedef struct asn1_string_st ASN1_BMPSTRING;\n                              ^\nthird_party/boringssl/include/openssl/base.h:210:31: note: previous definition is here\ntypedef struct asn1_string_st ASN1_BMPSTRING;\n                              ^\nIn file included from src/boringssl/err_data.c:18:\nIn file included from /usr/local/opt/openssl@3/include/openssl/err.h::64:\n28:\nthird_party/boringssl/include/openssl/base.h/usr/local/opt/openssl@3/include/openssl/types.h::13355::319::  errorerror: : 'OPENSSL_VERSION_NUMBER' macro redefined [-Werror,-Wmacro-redefined]\nredefinition of typedef 'ASN1_UTCTIME' is a C11 feature [-Werror,-Wtypedef-redefinition]\ntypedef struct asn1_string_st ASN1_UTCTIME;\n                              ^\nthird_party/boringssl/include/openssl/base.h:222:31: note: previous definition is here\n#define OPENSSL_VERSION_NUMBER 0x100020af\ntypedef struct asn1_string_st ASN1_UTCTIME;        ^\n\n                              ^\nIn file included from src/boringssl/err_data.c:18:\nIn file included from /usr/local/opt/openssl@3/include/openssl/err.h:28:\n/usr/local/opt/openssl@3/include/openssl/types.h:56:31: error: redefinition of typedef 'ASN1_TIME' is a C11 feature [-Werror,-Wtypedef-redefinition]\ntypedef struct asn1_string_st ASN1_TIME;\n                              ^\nthird_party/boringssl/include/openssl/base.h/usr/local/opt/openssl@3/include/openssl/opensslv.h:220:31: note: previous definition is here\ntypedef struct asn1_string_st ASN1_TIME;\n                              ^\nIn file included from src/boringssl/err_data.c:18:\nIn file included from /usr/local/opt/openssl@3/include/openssl/err.h:28:\n/usr/local/opt/openssl@3/include/openssl/types.h:57:31: error: redefinition of typedef 'ASN1_GENERALIZEDTIME' is a C11 feature [-Werror,-Wtypedef-redefinition]\ntypedef struct asn1_string_st ASN1_GENERALIZEDTIME;\n                              ^\nthird_party/boringssl/include/openssl/base.h:212:31: note: previous definition is here\ntypedef struct asn1_string_st ASN1_GENERALIZEDTIME;\n                              ^\nIn file included from src/boringssl/err_data.c:18:\nIn file included from /usr/local/opt/openssl@3/include/openssl/err.h:28:\n/usr/local/opt/openssl@3/include/openssl/types.h:58:31: error: redefinition of typedef 'ASN1_VISIBLESTRING' is a C11 feature [-Werror,-Wtypedef-redefinition]\ntypedef struct asn1_string_st ASN1_VISIBLESTRING;\n                              ^\nthird_party/boringssl/include/openssl/base.h:224:31: note: previous definition is here\n:99:10: note: previous definition is here\ntypedef struct asn1_string_st ASN1_VISIBLESTRING;\n                              ^\n# define OPENSSL_VERSION_NUMBER          \\In file included from src/boringssl/err_data.c:18:\nIn file included from /usr/local/opt/openssl@3/include/openssl/err.h:28:\n/usr/local/opt/openssl@3/include/openssl/types.h:59:31: error: redefinition of typedef 'ASN1_UTF8STRING' is a C11 feature [-Werror,-Wtypedef-redefinition]\ntypedef struct asn1_string_st ASN1_UTF8STRING;\n                              ^\nthird_party/boringssl/include/openssl/base.h:223:31: note: previous definition is here\n\ntypedef struct asn1_string_st ASN1_UTF8STRING;\n                              ^\nIn file included from src/boringssl/err_data.c:18:\nIn file included from /usr/local/opt/openssl@3/include/openssl/err.h:28:\n/usr/local/opt/openssl@3/include/openssl/types.h:60:31: error: redefinition of typedef 'ASN1_STRING' is a C11 feature [-Werror,-Wtypedef-redefinition]\ntypedef struct asn1_string_st ASN1_STRING;\n                              ^\nthird_party/boringssl/include/openssl/base.h:218:31: note: previous definition is here\n         ^\ntypedef struct asn1_string_st ASN1_STRING;\n                              ^\nfatal error: too many errors emitted, stopping now [-ferror-limit=]\nthird_party/boringssl/crypto/aes/aes.c:537:5: error: conflicting types for 'AES_set_encrypt_key'\nint AES_set_encrypt_key(const uint8_t *key, unsigned bits, AES_KEY *aeskey) {\n    ^\n/usr/local/opt/openssl@3/include/openssl/aes.h:51:5: note: previous declaration is here\nint AES_set_encrypt_key(const unsigned char *userKey, const int bits,\n    ^\nthird_party/boringssl/crypto/aes/aes.c:632:5: error: conflicting types for 'AES_set_decrypt_key'\nint AES_set_decrypt_key(const uint8_t *key, unsigned bits, AES_KEY *aeskey) {\n    ^\n/usr/local/opt/openssl@3/include/openssl/aes.h:54:5: note: previous declaration is here\nint AES_set_decrypt_key(const unsigned char *userKey, const int bits,\n    ^\nIn file included from third_party/boringssl/crypto/aes/mode_wrappers.c:53:\nIn file included from third_party/boringssl/crypto/aes/../modes/internal.h:52:\nthird_party/boringssl/include/openssl/base.h:133:9: error: 'OPENSSL_VERSION_NUMBER' macro redefined [-Werror,-Wmacro-redefined]\n#define OPENSSL_VERSION_NUMBER 0x100020af\n        ^\n/usr/local/opt/openssl@3/include/openssl/opensslv.h:99:10: note: previous definition is here\n# define OPENSSL_VERSION_NUMBER          \\\n         ^\n3 errors generated.\nIn file included from third_party/boringssl/crypto/aes/mode_wrappers.c:53:\nIn file included from third_party/boringssl/crypto/aes/../modes/internal.h:56:\nIn file included from third_party/boringssl/crypto/aes/../modes/../internal.h:112:\nthird_party/boringssl/include/openssl/ex_data.h:205:3: error: type name requires a specifier or qualifier\n  STACK_OF(void) *sk;\n  ^\nthird_party/boringssl/include/openssl/ex_data.h:205:17: error: expected ';' at end of declaration list\n  STACK_OF(void) *sk;\n                ^\n                ;\nIn file included from third_party/boringssl/crypto/aes/key_wrap.c:54:\nIn file included from third_party/boringssl/include/openssl/mem.h:60:\nthird_party/boringssl/include/openssl/base.h:133:9: error: 'OPENSSL_VERSION_NUMBER' macro redefined [-Werror,-Wmacro-redefined]\n#define OPENSSL_VERSION_NUMBER 0x100020af\n        ^\n/usr/local/opt/openssl@3/include/openssl/opensslv.h:99:10: note: previous definition is here\n# define OPENSSL_VERSION_NUMBER          \\\n         ^\nmake: *** [/Users/runner/actions-runner/_work/python.build/python.build/build_grpcio191310/grpcio-1.9.1/objs/opt/third_party/boringssl/crypto/aes/aes.o] Error 1\nmake: *** Waiting for unfinished jobs....\nIn file included from third_party/boringssl/crypto/aes/mode_wrappers.c:53:\nIn file included from third_party/boringssl/crypto/aes/../modes/internal.h:56:\nthird_party/boringssl/crypto/aes/../modes/../internal.h:481:3: error: type name requires a specifier or qualifier\n  STACK_OF(CRYPTO_EX_DATA_FUNCS) *meth;\n  ^\nthird_party/boringssl/crypto/aes/../modes/../internal.h:481:33: error: expected ';' at end of declaration list\n  STACK_OF(CRYPTO_EX_DATA_FUNCS) *meth;\n                                ^\n                                ;\n5 errors generated.\nIn file included from third_party/boringssl/crypto/aes/key_wrap.c:56:\nIn file included from third_party/boringssl/crypto/aes/../internal.h:112:\nthird_party/boringssl/include/openssl/ex_data.h:205:3: error: type name requires a specifier or qualifier\n  STACK_OF(void) *sk;\n  ^\nthird_party/boringssl/include/openssl/ex_data.h:205:17: error: expected ';' at end of declaration list\n  STACK_OF(void) *sk;\n                ^\n                ;\n20 errors generated.\nmake: *** [/Users/runner/actions-runner/_work/python.build/python.build/build_grpcio191310/grpcio-1.9.1/objs/opt/third_party/boringssl/crypto/aes/mode_wrappers.o] Error 1\nmake: *** [/Users/runner/actions-runner/_work/python.build/python.build/build_grpcio191310/grpcio-1.9.1/objs/opt/src/boringssl/err_data.o] Error 1\nIn file included from third_party/boringssl/crypto/aes/key_wrap.c:56:\nthird_party/boringssl/crypto/aes/../internal.h:481:3: error: type name requires a specifier or qualifier\n  STACK_OF(CRYPTO_EX_DATA_FUNCS) *meth;\n  ^\nthird_party/boringssl/crypto/aes/../internal.h:481:33: error: expected ';' at end of declaration list\n  STACK_OF(CRYPTO_EX_DATA_FUNCS) *meth;\n                                ^\n                                ;\nthird_party/boringssl/crypto/aes/key_wrap.c:66:5: error: conflicting types for 'AES_wrap_key'\nint AES_wrap_key(const AES_KEY *key, const uint8_t *iv, uint8_t *out,\n    ^\n/usr/local/opt/openssl@3/include/openssl/aes.h:97:5: note: previous declaration is here\nint AES_wrap_key(AES_KEY *key, const unsigned char *iv,\n    ^\nthird_party/boringssl/crypto/aes/key_wrap.c:102:5: error: conflicting types for 'AES_unwrap_key'\nint AES_unwrap_key(const AES_KEY *key, const uint8_t *iv, uint8_t *out,\n    ^\n/usr/local/opt/openssl@3/include/openssl/aes.h:101:5: note: previous declaration is here\nint AES_unwrap_key(AES_KEY *key, const unsigned char *iv,\n    ^\n7 errors generated.\nmake: *** [/Users/runner/actions-runner/_work/python.build/python.build/build_grpcio191310/grpcio-1.9.1/objs/opt/third_party/boringssl/crypto/aes/key_wrap.o] Error 1\nIn file included from third_party/boringssl/crypto/asn1/a_bitstr.c:62:\nIn file included from third_party/boringssl/include/openssl/mem.h:60:\nthird_party/boringssl/include/openssl/base.h:133:9: error: 'OPENSSL_VERSION_NUMBER' macro redefined [-Werror,-Wmacro-redefined]\n#define OPENSSL_VERSION_NUMBER 0x100020af\n        ^\n/usr/local/opt/openssl@3/include/openssl/opensslv.h:99:10: note: previous definition is here\n# define OPENSSL_VERSION_NUMBER          \\\n         ^\nIn file included from third_party/boringssl/crypto/asn1/a_bitstr.c:62:\nIn file included from third_party/boringssl/include/openssl/mem.h:60:\nthird_party/boringssl/include/openssl/base.h:168:9: error: 'OPENSSL_EXPORT' macro redefined [-Werror,-Wmacro-redefined]\n#define OPENSSL_EXPORT\n        ^\n/usr/local/opt/openssl@3/include/openssl/e_os2.h:183:11: note: previous definition is here\n#  define OPENSSL_EXPORT extern\n          ^\nIn file included from third_party/boringssl/crypto/asn1/a_bitstr.c:62:\nIn file included from third_party/boringssl/include/openssl/mem.h:60:\nthird_party/boringssl/include/openssl/base.h:202:13: error: typedef redefinition with different types ('int' vs 'struct crypto_threadid_st')\ntypedef int CRYPTO_THREADID;\n            ^\n/usr/local/opt/openssl@3/include/openssl/crypto.h:308:3: note: previous definition is here\n} CRYPTO_THREADID;\n  ^\nIn file included from third_party/boringssl/crypto/asn1/a_bitstr.c:62:\nIn file included from third_party/boringssl/include/openssl/mem.h:60:\nthird_party/boringssl/include/openssl/base.h:204:13: error: redefinition of typedef 'ASN1_BOOLEAN' is a C11 feature [-Werror,-Wtypedef-redefinition]\ntypedef int ASN1_BOOLEAN;\n            ^\n/usr/local/opt/openssl@3/include/openssl/types.h:61:13: note: previous definition is here\ntypedef int ASN1_BOOLEAN;\n            ^\nIn file included from third_party/boringssl/crypto/asn1/a_bitstr.c:62:\nIn file included from third_party/boringssl/include/openssl/mem.h:60:\nthird_party/boringssl/include/openssl/base.h:205:13: error: redefinition of typedef 'ASN1_NULL' is a C11 feature [-Werror,-Wtypedef-redefinition]\ntypedef int ASN1_NULL;\n            ^\n/usr/local/opt/openssl@3/include/openssl/types.h:62:13: note: previous definition is here\ntypedef int ASN1_NULL;\n            ^\nIn file included from third_party/boringssl/crypto/asn1/a_bitstr.c:62:\nIn file included from third_party/boringssl/include/openssl/mem.h:60:\nthird_party/boringssl/include/openssl/base.h:206:29: error: redefinition of typedef 'ASN1_ITEM' is a C11 feature [-Werror,-Wtypedef-redefinition]\ntypedef struct ASN1_ITEM_st ASN1_ITEM;\n                            ^\n/usr/local/opt/openssl@3/include/openssl/types.h:69:29: note: previous definition is here\ntypedef struct ASN1_ITEM_st ASN1_ITEM;\n                            ^\nIn file included from third_party/boringssl/crypto/asn1/a_bitstr.c:62:\nIn file included from third_party/boringssl/include/openssl/mem.h:60:\nthird_party/boringssl/include/openssl/base.h:207:31: error: redefinition of typedef 'ASN1_OBJECT' is a C11 feature [-Werror,-Wtypedef-redefinition]\ntypedef struct asn1_object_st ASN1_OBJECT;\n                              ^\n/usr/local/opt/openssl@3/include/openssl/types.h:66:31: note: previous definition is here\ntypedef struct asn1_object_st ASN1_OBJECT;\n                              ^\nIn file included from third_party/boringssl/crypto/asn1/a_bitstr.c:62:\nIn file included from third_party/boringssl/include/openssl/mem.h:60:\nthird_party/boringssl/include/openssl/base.h:208:29: error: redefinition of typedef 'ASN1_PCTX' is a C11 feature [-Werror,-Wtypedef-redefinition]\ntypedef struct asn1_pctx_st ASN1_PCTX;\n                            ^\n/usr/local/opt/openssl@3/include/openssl/types.h:70:29: note: previous definition is here\ntypedef struct asn1_pctx_st ASN1_PCTX;\n                            ^\nIn file included from third_party/boringssl/crypto/asn1/a_bitstr.c:62:\nIn file included from third_party/boringssl/include/openssl/mem.h:60:\nthird_party/boringssl/include/openssl/base.h:209:31: error: redefinition of typedef 'ASN1_BIT_STRING' is a C11 feature [-Werror,-Wtypedef-redefinition]\ntypedef struct asn1_string_st ASN1_BIT_STRING;\n                              ^\n/usr/local/opt/openssl@3/include/openssl/types.h:47:31: note: previous definition is here\ntypedef struct asn1_string_st ASN1_BIT_STRING;\n                              ^\nIn file included from third_party/boringssl/crypto/asn1/a_bitstr.c:62:\nIn file included from third_party/boringssl/include/openssl/mem.h:60:\nthird_party/boringssl/include/openssl/base.h:210:31: error: redefinition of typedef 'ASN1_BMPSTRING' is a C11 feature [-Werror,-Wtypedef-redefinition]\ntypedef struct asn1_string_st ASN1_BMPSTRING;\n                              ^\n/usr/local/opt/openssl@3/include/openssl/types.h:54:31: note: previous definition is here\ntypedef struct asn1_string_st ASN1_BMPSTRING;\n                              ^\nIn file included from third_party/boringssl/crypto/asn1/a_bitstr.c:62:\nIn file included from third_party/boringssl/include/openssl/mem.h:60:\nthird_party/boringssl/include/openssl/base.h:211:31: error: redefinition of typedef 'ASN1_ENUMERATED' is a C11 feature [-Werror,-Wtypedef-redefinition]\ntypedef struct asn1_string_st ASN1_ENUMERATED;\n                              ^\n/usr/local/opt/openssl@3/include/openssl/types.h:46:31: note: previous definition is here\ntypedef struct asn1_string_st ASN1_ENUMERATED;\n                              ^\nIn file included from third_party/boringssl/crypto/asn1/a_bitstr.c:62:\nIn file included from third_party/boringssl/include/openssl/mem.h:60:\nthird_party/boringssl/include/openssl/base.h:212:31: error: redefinition of typedef 'ASN1_GENERALIZEDTIME' is a C11 feature [-Werror,-Wtypedef-redefinition]\ntypedef struct asn1_string_st ASN1_GENERALIZEDTIME;\n                              ^\n/usr/local/opt/openssl@3/include/openssl/types.h:57:31: note: previous definition is here\ntypedef struct asn1_string_st ASN1_GENERALIZEDTIME;\n                              ^\nIn file included from third_party/boringssl/crypto/asn1/a_bitstr.c:62:\nIn file included from third_party/boringssl/include/openssl/mem.h:60:\nthird_party/boringssl/include/openssl/base.h:213:31: error: redefinition of typedef 'ASN1_GENERALSTRING' is a C11 feature [-Werror,-Wtypedef-redefinition]\ntypedef struct asn1_string_st ASN1_GENERALSTRING;\n                              ^\n/usr/local/opt/openssl@3/include/openssl/types.h:52:31: note: previous definition is here\ntypedef struct asn1_string_st ASN1_GENERALSTRING;\n                              ^\nIn file included from third_party/boringssl/crypto/asn1/a_bitstr.c:62:\nIn file included from third_party/boringssl/include/openssl/mem.h:60:\nthird_party/boringssl/include/openssl/base.h:214:31: error: redefinition of typedef 'ASN1_IA5STRING' is a C11 feature [-Werror,-Wtypedef-redefinition]\ntypedef struct asn1_string_st ASN1_IA5STRING;\n                              ^\n/usr/local/opt/openssl@3/include/openssl/types.h:51:31: note: previous definition is here\ntypedef struct asn1_string_st ASN1_IA5STRING;\n                              ^\nIn file included from third_party/boringssl/crypto/asn1/a_bitstr.c:62:\nIn file included from third_party/boringssl/include/openssl/mem.h:60:\nthird_party/boringssl/include/openssl/base.h:215:31: error: redefinition of typedef 'ASN1_INTEGER' is a C11 feature [-Werror,-Wtypedef-redefinition]\ntypedef struct asn1_string_st ASN1_INTEGER;\n                              ^\n/usr/local/opt/openssl@3/include/openssl/types.h:45:31: note: previous definition is here\ntypedef struct asn1_string_st ASN1_INTEGER;\n                              ^\nIn file included from third_party/boringssl/crypto/asn1/a_bitstr.c:62:\nIn file included from third_party/boringssl/include/openssl/mem.h:60:\nthird_party/boringssl/include/openssl/base.h:216:31: error: redefinition of typedef 'ASN1_OCTET_STRING' is a C11 feature [-Werror,-Wtypedef-redefinition]\ntypedef struct asn1_string_st ASN1_OCTET_STRING;\n                              ^\n/usr/local/opt/openssl@3/include/openssl/types.h:48:31: note: previous definition is here\ntypedef struct asn1_string_st ASN1_OCTET_STRING;\n                              ^\nIn file included from third_party/boringssl/crypto/asn1/a_bitstr.c:62:\nIn file included from third_party/boringssl/include/openssl/mem.h:60:\nthird_party/boringssl/include/openssl/base.h:217:31: error: redefinition of typedef 'ASN1_PRINTABLESTRING' is a C11 feature [-Werror,-Wtypedef-redefinition]\ntypedef struct asn1_string_st ASN1_PRINTABLESTRING;\n                              ^\n/usr/local/opt/openssl@3/include/openssl/types.h:49:31: note: previous definition is here\ntypedef struct asn1_string_st ASN1_PRINTABLESTRING;\n                              ^\nIn file included from third_party/boringssl/crypto/asn1/a_bitstr.c:62:\nIn file included from third_party/boringssl/include/openssl/mem.h:60:\nthird_party/boringssl/include/openssl/base.h:218:31: error: redefinition of typedef 'ASN1_STRING' is a C11 feature [-Werror,-Wtypedef-redefinition]\ntypedef struct asn1_string_st ASN1_STRING;\n                              ^\n/usr/local/opt/openssl@3/include/openssl/types.h:60:31: note: previous definition is here\ntypedef struct asn1_string_st ASN1_STRING;\n                              ^\nIn file included from third_party/boringssl/crypto/asn1/a_bitstr.c:62:\nIn file included from third_party/boringssl/include/openssl/mem.h:60:\nthird_party/boringssl/include/openssl/base.h:219:31: error: redefinition of typedef 'ASN1_T61STRING' is a C11 feature [-Werror,-Wtypedef-redefinition]\ntypedef struct asn1_string_st ASN1_T61STRING;\n                              ^\n/usr/local/opt/openssl@3/include/openssl/types.h:50:31: note: previous definition is here\ntypedef struct asn1_string_st ASN1_T61STRING;\n                              ^\nfatal error: too many errors emitted, stopping now [-ferror-limit=]\n20 errors generated.\nmake: *** [/Users/runner/actions-runner/_work/python.build/python.build/build_grpcio191310/grpcio-1.9.1/objs/opt/third_party/boringssl/crypto/asn1/a_bitstr.o] Error 1\nIn file included from third_party/boringssl/crypto/asn1/a_bool.c:60:\nIn file included from third_party/boringssl/include/openssl/mem.h:60:\nthird_party/boringssl/include/openssl/base.h:133:9: error: 'OPENSSL_VERSION_NUMBER' macro redefined [-Werror,-Wmacro-redefined]\n#define OPENSSL_VERSION_NUMBER 0x100020af\n        ^\n/usr/local/opt/openssl@3/include/openssl/opensslv.h:99:10: note: previous definition is here\n# define OPENSSL_VERSION_NUMBER          \\\n         ^\nIn file included from third_party/boringssl/crypto/asn1/a_bool.c:60:\nIn file included from third_party/boringssl/include/openssl/mem.h:60:\nthird_party/boringssl/include/openssl/base.h:168:9: error: 'OPENSSL_EXPORT' macro redefined [-Werror,-Wmacro-redefined]\n#define OPENSSL_EXPORT\n        ^\n/usr/local/opt/openssl@3/include/openssl/e_os2.h:183:11: note: previous definition is here\n#  define OPENSSL_EXPORT extern\n          ^\nIn file included from third_party/boringssl/crypto/asn1/a_bool.c:60:\nIn file included from third_party/boringssl/include/openssl/mem.h:60:\nthird_party/boringssl/include/openssl/base.h:202:13: error: typedef redefinition with different types ('int' vs 'struct crypto_threadid_st')\ntypedef int CRYPTO_THREADID;\n            ^\n/usr/local/opt/openssl@3/include/openssl/crypto.h:308:3: note: previous definition is here\n} CRYPTO_THREADID;\n  ^\nIn file included from third_party/boringssl/crypto/asn1/a_bool.c:60:\nIn file included from third_party/boringssl/include/openssl/mem.h:60:\nthird_party/boringssl/include/openssl/base.h:204:13: error: redefinition of typedef 'ASN1_BOOLEAN' is a C11 feature [-Werror,-Wtypedef-redefinition]\ntypedef int ASN1_BOOLEAN;\n            ^\n/usr/local/opt/openssl@3/include/openssl/types.h:61:13: note: previous definition is here\ntypedef int ASN1_BOOLEAN;\n            ^\nIn file included from third_party/boringssl/crypto/asn1/a_bool.c:60:\nIn file included from third_party/boringssl/include/openssl/mem.h:60:\nthird_party/boringssl/include/openssl/base.h:205:13: error: redefinition of typedef 'ASN1_NULL' is a C11 feature [-Werror,-Wtypedef-redefinition]\ntypedef int ASN1_NULL;\n            ^\n/usr/local/opt/openssl@3/include/openssl/types.h:62:13: note: previous definition is here\ntypedef int ASN1_NULL;\n            ^\nIn file included from third_party/boringssl/crypto/asn1/a_bool.c:60:\nIn file included from third_party/boringssl/include/openssl/mem.h:60:\nthird_party/boringssl/include/openssl/base.h:206:29: error: redefinition of typedef 'ASN1_ITEM' is a C11 feature [-Werror,-Wtypedef-redefinition]\ntypedef struct ASN1_ITEM_st ASN1_ITEM;\n                            ^\n/usr/local/opt/openssl@3/include/openssl/types.h:69:29: note: previous definition is here\ntypedef struct ASN1_ITEM_st ASN1_ITEM;\n                            ^\nIn file included from third_party/boringssl/crypto/asn1/a_bool.c:60:\nIn file included from third_party/boringssl/include/openssl/mem.h:60:\nthird_party/boringssl/include/openssl/base.h:207:31: error: redefinition of typedef 'ASN1_OBJECT' is a C11 feature [-Werror,-Wtypedef-redefinition]\ntypedef struct asn1_object_st ASN1_OBJECT;\n                              ^\n/usr/local/opt/openssl@3/include/openssl/types.h:66:31: note: previous definition is here\ntypedef struct asn1_object_st ASN1_OBJECT;\n                              ^\nIn file included from third_party/boringssl/crypto/asn1/a_bool.c:60:\nIn file included from third_party/boringssl/include/openssl/mem.h:60:\nthird_party/boringssl/include/openssl/base.h:208:29: error: redefinition of typedef 'ASN1_PCTX' is a C11 feature [-Werror,-Wtypedef-redefinition]\ntypedef struct asn1_pctx_st ASN1_PCTX;\n                            ^\n/usr/local/opt/openssl@3/include/openssl/types.h:70:29: note: previous definition is here\ntypedef struct asn1_pctx_st ASN1_PCTX;\n                            ^\nIn file included from third_party/boringssl/crypto/asn1/a_bool.c:60:\nIn file included from third_party/boringssl/include/openssl/mem.h:60:\nthird_party/boringssl/include/openssl/base.h:209:31: error: redefinition of typedef 'ASN1_BIT_STRING' is a C11 feature [-Werror,-Wtypedef-redefinition]\ntypedef struct asn1_string_st ASN1_BIT_STRING;\n                              ^\n/usr/local/opt/openssl@3/include/openssl/types.h:47:31: note: previous definition is here\ntypedef struct asn1_string_st ASN1_BIT_STRING;\n                              ^\nIn file included from third_party/boringssl/crypto/asn1/a_bool.c:60:\nIn file included from third_party/boringssl/include/openssl/mem.h:60:\nthird_party/boringssl/include/openssl/base.h:210:31: error: redefinition of typedef 'ASN1_BMPSTRING' is a C11 feature [-Werror,-Wtypedef-redefinition]\ntypedef struct asn1_string_st ASN1_BMPSTRING;\n                              ^\n/usr/local/opt/openssl@3/include/openssl/types.h:54:31: note: previous definition is here\ntypedef struct asn1_string_st ASN1_BMPSTRING;\n                              ^\nIn file included from third_party/boringssl/crypto/asn1/a_bool.c:60:\nIn file included from third_party/boringssl/include/openssl/mem.h:60:\nthird_party/boringssl/include/openssl/base.h:211:31: error: redefinition of typedef 'ASN1_ENUMERATED' is a C11 feature [-Werror,-Wtypedef-redefinition]\ntypedef struct asn1_string_st ASN1_ENUMERATED;\n                              ^\n/usr/local/opt/openssl@3/include/openssl/types.h:46:31: note: previous definition is here\ntypedef struct asn1_string_st ASN1_ENUMERATED;\n                              ^\nIn file included from third_party/boringssl/crypto/asn1/a_bool.c:60:\nIn file included from third_party/boringssl/include/openssl/mem.h:60:\nthird_party/boringssl/include/openssl/base.h:212:31: error: redefinition of typedef 'ASN1_GENERALIZEDTIME' is a C11 feature [-Werror,-Wtypedef-redefinition]\ntypedef struct asn1_string_st ASN1_GENERALIZEDTIME;\n                              ^\n/usr/local/opt/openssl@3/include/openssl/types.h:57:31: note: previous definition is here\ntypedef struct asn1_string_st ASN1_GENERALIZEDTIME;\n                              ^\nIn file included from third_party/boringssl/crypto/asn1/a_bool.c:60:\nIn file included from third_party/boringssl/include/openssl/mem.h:60:\nthird_party/boringssl/include/openssl/base.h:213:31: error: redefinition of typedef 'ASN1_GENERALSTRING' is a C11 feature [-Werror,-Wtypedef-redefinition]\ntypedef struct asn1_string_st ASN1_GENERALSTRING;\n                              ^\n/usr/local/opt/openssl@3/include/openssl/types.h:52:31: note: previous definition is here\ntypedef struct asn1_string_st ASN1_GENERALSTRING;\n                              ^\nIn file included from third_party/boringssl/crypto/asn1/a_bool.c:60:\nIn file included from third_party/boringssl/include/openssl/mem.h:60:\nthird_party/boringssl/include/openssl/base.h:214:31: error: redefinition of typedef 'ASN1_IA5STRING' is a C11 feature [-Werror,-Wtypedef-redefinition]\ntypedef struct asn1_string_st ASN1_IA5STRING;\n                              ^\n/usr/local/opt/openssl@3/include/openssl/types.h:51:31: note: previous definition is here\ntypedef struct asn1_string_st ASN1_IA5STRING;\n                              ^\nIn file included from third_party/boringssl/crypto/asn1/a_bool.c:60:\nIn file included from third_party/boringssl/include/openssl/mem.h:60:\nthird_party/boringssl/include/openssl/base.h:215:31: error: redefinition of typedef 'ASN1_INTEGER' is a C11 feature [-Werror,-Wtypedef-redefinition]\ntypedef struct asn1_string_st ASN1_INTEGER;\n                              ^\n/usr/local/opt/openssl@3/include/openssl/types.h:45:31: note: previous definition is here\ntypedef struct asn1_string_st ASN1_INTEGER;\n                              ^\nIn file included from third_party/boringssl/crypto/asn1/a_bool.c:60:\nIn file included from third_party/boringssl/include/openssl/mem.h:60:\nthird_party/boringssl/include/openssl/base.h:216:31: error: redefinition of typedef 'ASN1_OCTET_STRING' is a C11 feature [-Werror,-Wtypedef-redefinition]\ntypedef struct asn1_string_st ASN1_OCTET_STRING;\n                              ^\n/usr/local/opt/openssl@3/include/openssl/types.h:48:31: note: previous definition is here\ntypedef struct asn1_string_st ASN1_OCTET_STRING;\n                              ^\nIn file included from third_party/boringssl/crypto/asn1/a_bool.c:60:\nIn file included from third_party/boringssl/include/openssl/mem.h:60:\nthird_party/boringssl/include/openssl/base.h:217:31: error: redefinition of typedef 'ASN1_PRINTABLESTRING' is a C11 feature [-Werror,-Wtypedef-redefinition]\ntypedef struct asn1_string_st ASN1_PRINTABLESTRING;\n                              ^\n/usr/local/opt/openssl@3/include/openssl/types.h:49:31: note: previous definition is here\ntypedef struct asn1_string_st ASN1_PRINTABLESTRING;\n                              ^\nIn file included from third_party/boringssl/crypto/asn1/a_bool.c:60:\nIn file included from third_party/boringssl/include/openssl/mem.h:60:\nthird_party/boringssl/include/openssl/base.h:218:31: error: redefinition of typedef 'ASN1_STRING' is a C11 feature [-Werror,-Wtypedef-redefinition]\ntypedef struct asn1_string_st ASN1_STRING;\n                              ^\n/usr/local/opt/openssl@3/include/openssl/types.h:60:31: note: previous definition is here\ntypedef struct asn1_string_st ASN1_STRING;\n                              ^\nIn file included from third_party/boringssl/crypto/asn1/a_bool.c:60:\nIn file included from third_party/boringssl/include/openssl/mem.h:60:\nthird_party/boringssl/include/openssl/base.h:219:31: error: redefinition of typedef 'ASN1_T61STRING' is a C11 feature [-Werror,-Wtypedef-redefinition]\ntypedef struct asn1_string_st ASN1_T61STRING;\n                              ^\n/usr/local/opt/openssl@3/include/openssl/types.h:50:31: note: previous definition is here\ntypedef struct asn1_string_st ASN1_T61STRING;\n                              ^\nfatal error: too many errors emitted, stopping now [-ferror-limit=]\n20 errors generated.\nmake: *** [/Users/runner/actions-runner/_work/python.build/python.build/build_grpcio191310/grpcio-1.9.1/objs/opt/third_party/boringssl/crypto/asn1/a_bool.o] Error 1\nIn file included from third_party/boringssl/crypto/asn1/a_d2i_fp.c:61:\nIn file included from third_party/boringssl/include/openssl/buf.h:60:\nthird_party/boringssl/include/openssl/base.h:133:9: error: 'OPENSSL_VERSION_NUMBER' macro redefined [-Werror,-Wmacro-redefined]\n#define OPENSSL_VERSION_NUMBER 0x100020af\n        ^\n/usr/local/opt/openssl@3/include/openssl/opensslv.h:99:10: note: previous definition is here\n# define OPENSSL_VERSION_NUMBER          \\\n         ^\nIn file included from third_party/boringssl/crypto/asn1/a_d2i_fp.c:61:\nIn file included from third_party/boringssl/include/openssl/buf.h:60:\nthird_party/boringssl/include/openssl/base.h:168:9: error: 'OPENSSL_EXPORT' macro redefined [-Werror,-Wmacro-redefined]\n#define OPENSSL_EXPORT\n        ^\n/usr/local/opt/openssl@3/include/openssl/e_os2.h:183:11: note: previous definition is here\n#  define OPENSSL_EXPORT extern\n          ^\nIn file included from third_party/boringssl/crypto/asn1/a_d2i_fp.c:61:\nIn file included from third_party/boringssl/include/openssl/buf.h:60:\nthird_party/boringssl/include/openssl/base.h:202:13: error: typedef redefinition with different types ('int' vs 'struct crypto_threadid_st')\ntypedef int CRYPTO_THREADID;\n            ^\n/usr/local/opt/openssl@3/include/openssl/crypto.h:308:3: note: previous definition is here\n} CRYPTO_THREADID;\n  ^\nIn file included from third_party/boringssl/crypto/asn1/a_d2i_fp.c:61:\nIn file included from third_party/boringssl/include/openssl/buf.h:60:\nthird_party/boringssl/include/openssl/base.h:204:13: error: redefinition of typedef 'ASN1_BOOLEAN' is a C11 feature [-Werror,-Wtypedef-redefinition]\ntypedef int ASN1_BOOLEAN;\n            ^\n/usr/local/opt/openssl@3/include/openssl/types.h:61:13: note: previous definition is here\ntypedef int ASN1_BOOLEAN;\n            ^\nIn file included from third_party/boringssl/crypto/asn1/a_d2i_fp.c:61:\nIn file included from third_party/boringssl/include/openssl/buf.h:60:\nthird_party/boringssl/include/openssl/base.h:205:13: error: redefinition of typedef 'ASN1_NULL' is a C11 feature [-Werror,-Wtypedef-redefinition]\ntypedef int ASN1_NULL;\n            ^\n/usr/local/opt/openssl@3/include/openssl/types.h:62:13: note: previous definition is here\ntypedef int ASN1_NULL;\n            ^\nIn file included from third_party/boringssl/crypto/asn1/a_d2i_fp.c:61:\nIn file included from third_party/boringssl/include/openssl/buf.h:60:\nthird_party/boringssl/include/openssl/base.h:206:29: error: redefinition of typedef 'ASN1_ITEM' is a C11 feature [-Werror,-Wtypedef-redefinition]\ntypedef struct ASN1_ITEM_st ASN1_ITEM;\n                            ^\n/usr/local/opt/openssl@3/include/openssl/types.h:69:29: note: previous definition is here\ntypedef struct ASN1_ITEM_st ASN1_ITEM;\n                            ^\nIn file included from third_party/boringssl/crypto/asn1/a_d2i_fp.c:61:\nIn file included from third_party/boringssl/include/openssl/buf.h:60:\nthird_party/boringssl/include/openssl/base.h:207:31: error: redefinition of typedef 'ASN1_OBJECT' is a C11 feature [-Werror,-Wtypedef-redefinition]\ntypedef struct asn1_object_st ASN1_OBJECT;\n                              ^\n/usr/local/opt/openssl@3/include/openssl/types.h:66:31: note: previous definition is here\ntypedef struct asn1_object_st ASN1_OBJECT;\n                              ^\nIn file included from third_party/boringssl/crypto/asn1/a_d2i_fp.c:61:\nIn file included from third_party/boringssl/include/openssl/buf.h:60:\nthird_party/boringssl/include/openssl/base.h:208:29: error: redefinition of typedef 'ASN1_PCTX' is a C11 feature [-Werror,-Wtypedef-redefinition]\ntypedef struct asn1_pctx_st ASN1_PCTX;\n                            ^\n/usr/local/opt/openssl@3/include/openssl/types.h:70:29: note: previous definition is here\ntypedef struct asn1_pctx_st ASN1_PCTX;\n                            ^\nIn file included from third_party/boringssl/crypto/asn1/a_d2i_fp.c:61:\nIn file included from third_party/boringssl/include/openssl/buf.h:60:\nthird_party/boringssl/include/openssl/base.h:209:31: error: redefinition of typedef 'ASN1_BIT_STRING' is a C11 feature [-Werror,-Wtypedef-redefinition]\ntypedef struct asn1_string_st ASN1_BIT_STRING;\n                              ^\n/usr/local/opt/openssl@3/include/openssl/types.h:47:31: note: previous definition is here\ntypedef struct asn1_string_st ASN1_BIT_STRING;\n                              ^\nIn file included from third_party/boringssl/crypto/asn1/a_d2i_fp.c:61:\nIn file included from third_party/boringssl/include/openssl/buf.h:60:\nthird_party/boringssl/include/openssl/base.h:210:31: error: redefinition of typedef 'ASN1_BMPSTRING' is a C11 feature [-Werror,-Wtypedef-redefinition]\ntypedef struct asn1_string_st ASN1_BMPSTRING;\n                              ^\n/usr/local/opt/openssl@3/include/openssl/types.h:54:31: note: previous definition is here\ntypedef struct asn1_string_st ASN1_BMPSTRING;\n                              ^\nIn file included from third_party/boringssl/crypto/asn1/a_d2i_fp.c:61:\nIn file included from third_party/boringssl/include/openssl/buf.h:60:\nthird_party/boringssl/include/openssl/base.h:211:31: error: redefinition of typedef 'ASN1_ENUMERATED' is a C11 feature [-Werror,-Wtypedef-redefinition]\ntypedef struct asn1_string_st ASN1_ENUMERATED;\n                              ^\n/usr/local/opt/openssl@3/include/openssl/types.h:46:31: note: previous definition is here\ntypedef struct asn1_string_st ASN1_ENUMERATED;\n                              ^\nIn file included from third_party/boringssl/crypto/asn1/a_d2i_fp.c:61:\nIn file included from third_party/boringssl/include/openssl/buf.h:60:\nthird_party/boringssl/include/openssl/base.h:212:31: error: redefinition of typedef 'ASN1_GENERALIZEDTIME' is a C11 feature [-Werror,-Wtypedef-redefinition]\ntypedef struct asn1_string_st ASN1_GENERALIZEDTIME;\n                              ^\n/usr/local/opt/openssl@3/include/openssl/types.h:57:31: note: previous definition is here\ntypedef struct asn1_string_st ASN1_GENERALIZEDTIME;\n                              ^\nIn file included from third_party/boringssl/crypto/asn1/a_d2i_fp.c:61:\nIn file included from third_party/boringssl/include/openssl/buf.h:60:\nthird_party/boringssl/include/openssl/base.h:213:31: error: redefinition of typedef 'ASN1_GENERALSTRING' is a C11 feature [-Werror,-Wtypedef-redefinition]\ntypedef struct asn1_string_st ASN1_GENERALSTRING;\n                              ^\n/usr/local/opt/openssl@3/include/openssl/types.h:52:31: note: previous definition is here\ntypedef struct asn1_string_st ASN1_GENERALSTRING;\n                              ^\nIn file included from third_party/boringssl/crypto/asn1/a_d2i_fp.c:61:\nIn file included from third_party/boringssl/include/openssl/buf.h:60:\nthird_party/boringssl/include/openssl/base.h:214:31: error: redefinition of typedef 'ASN1_IA5STRING' is a C11 feature [-Werror,-Wtypedef-redefinition]\ntypedef struct asn1_string_st ASN1_IA5STRING;\n                              ^\n/usr/local/opt/openssl@3/include/openssl/types.h:51:31: note: previous definition is here\ntypedef struct asn1_string_st ASN1_IA5STRING;\n                              ^\nIn file included from third_party/boringssl/crypto/asn1/a_d2i_fp.c:61:\nIn file included from third_party/boringssl/include/openssl/buf.h:60:\nthird_party/boringssl/include/openssl/base.h:215:31: error: redefinition of typedef 'ASN1_INTEGER' is a C11 feature [-Werror,-Wtypedef-redefinition]\ntypedef struct asn1_string_st ASN1_INTEGER;\n                              ^\n/usr/local/opt/openssl@3/include/openssl/types.h:45:31: note: previous definition is here\ntypedef struct asn1_string_st ASN1_INTEGER;\n                              ^\nIn file included from third_party/boringssl/crypto/asn1/a_d2i_fp.c:61:\nIn file included from third_party/boringssl/include/openssl/buf.h:60:\nthird_party/boringssl/include/openssl/base.h:216:31: error: redefinition of typedef 'ASN1_OCTET_STRING' is a C11 feature [-Werror,-Wtypedef-redefinition]\ntypedef struct asn1_string_st ASN1_OCTET_STRING;\n                              ^\n/usr/local/opt/openssl@3/include/openssl/types.h:48:31: note: previous definition is here\ntypedef struct asn1_string_st ASN1_OCTET_STRING;\n                              ^\nIn file included from third_party/boringssl/crypto/asn1/a_d2i_fp.c:61:\nIn file included from third_party/boringssl/include/openssl/buf.h:60:\nthird_party/boringssl/include/openssl/base.h:217:31: error: redefinition of typedef 'ASN1_PRINTABLESTRING' is a C11 feature [-Werror,-Wtypedef-redefinition]\ntypedef struct asn1_string_st ASN1_PRINTABLESTRING;\n                              ^\n/usr/local/opt/openssl@3/include/openssl/types.h:49:31: note: previous definition is here\ntypedef struct asn1_string_st ASN1_PRINTABLESTRING;\n                              ^\nIn file included from third_party/boringssl/crypto/asn1/a_d2i_fp.c:61:\nIn file included from third_party/boringssl/include/openssl/buf.h:60:\nthird_party/boringssl/include/openssl/base.h:218:31: error: redefinition of typedef 'ASN1_STRING' is a C11 feature [-Werror,-Wtypedef-redefinition]\ntypedef struct asn1_string_st ASN1_STRING;\n                              ^\n/usr/local/opt/openssl@3/include/openssl/types.h:60:31: note: previous definition is here\ntypedef struct asn1_string_st ASN1_STRING;\n                              ^\nIn file included from third_party/boringssl/crypto/asn1/a_d2i_fp.c:61:\nIn file included from third_party/boringssl/include/openssl/buf.h:60:\nthird_party/boringssl/include/openssl/base.h:219:31: error: redefinition of typedef 'ASN1_T61STRING' is a C11 feature [-Werror,-Wtypedef-redefinition]\ntypedef struct asn1_string_st ASN1_T61STRING;\n                              ^\n/usr/local/opt/openssl@3/include/openssl/types.h:50:31: note: previous definition is here\ntypedef struct asn1_string_st ASN1_T61STRING;\n                              ^\nfatal error: too many errors emitted, stopping now [-ferror-limit=]\n20 errors generated.\nmake: *** [/Users/runner/actions-runner/_work/python.build/python.build/build_grpcio191310/grpcio-1.9.1/objs/opt/third_party/boringssl/crypto/asn1/a_d2i_fp.o] Error 1\nIn file included from third_party/boringssl/crypto/asn1/a_dup.c:60:\nIn file included from third_party/boringssl/include/openssl/mem.h:60:\nthird_party/boringssl/include/openssl/base.h:133:9: error: 'OPENSSL_VERSION_NUMBER' macro redefined [-Werror,-Wmacro-redefined]\n#define OPENSSL_VERSION_NUMBER 0x100020af\n        ^\n/usr/local/opt/openssl@3/include/openssl/opensslv.h:99:10: note: previous definition is here\n# define OPENSSL_VERSION_NUMBER          \\\n         ^\nIn file included from third_party/boringssl/crypto/asn1/a_dup.c:60:\nIn file included from third_party/boringssl/include/openssl/mem.h:60:\nthird_party/boringssl/include/openssl/base.h:168:9: error: 'OPENSSL_EXPORT' macro redefined [-Werror,-Wmacro-redefined]\n#define OPENSSL_EXPORT\n        ^\n/usr/local/opt/openssl@3/include/openssl/e_os2.h:183:11: note: previous definition is here\n#  define OPENSSL_EXPORT extern\n          ^\nIn file included from third_party/boringssl/crypto/asn1/a_dup.c:60:\nIn file included from third_party/boringssl/include/openssl/mem.h:60:\nthird_party/boringssl/include/openssl/base.h:202:13: error: typedef redefinition with different types ('int' vs 'struct crypto_threadid_st')\ntypedef int CRYPTO_THREADID;\n            ^\n/usr/local/opt/openssl@3/include/openssl/crypto.h:308:3: note: previous definition is here\n} CRYPTO_THREADID;\n  ^\nIn file included from third_party/boringssl/crypto/asn1/a_dup.c:60:\nIn file included from third_party/boringssl/include/openssl/mem.h:60:\nthird_party/boringssl/include/openssl/base.h:204:13: error: redefinition of typedef 'ASN1_BOOLEAN' is a C11 feature [-Werror,-Wtypedef-redefinition]\ntypedef int ASN1_BOOLEAN;\n            ^\n/usr/local/opt/openssl@3/include/openssl/types.h:61:13: note: previous definition is here\ntypedef int ASN1_BOOLEAN;\n            ^\nIn file included from third_party/boringssl/crypto/asn1/a_dup.c:60:\nIn file included from third_party/boringssl/include/openssl/mem.h:60:\nthird_party/boringssl/include/openssl/base.h:205:13: error: redefinition of typedef 'ASN1_NULL' is a C11 feature [-Werror,-Wtypedef-redefinition]\ntypedef int ASN1_NULL;\n            ^\n/usr/local/opt/openssl@3/include/openssl/types.h:62:13: note: previous definition is here\ntypedef int ASN1_NULL;\n            ^\nIn file included from third_party/boringssl/crypto/asn1/a_dup.c:60:\nIn file included from third_party/boringssl/include/openssl/mem.h:60:\nthird_party/boringssl/include/openssl/base.h:206:29: error: redefinition of typedef 'ASN1_ITEM' is a C11 feature [-Werror,-Wtypedef-redefinition]\ntypedef struct ASN1_ITEM_st ASN1_ITEM;\n                            ^\n/usr/local/opt/openssl@3/include/openssl/types.h:69:29: note: previous definition is here\ntypedef struct ASN1_ITEM_st ASN1_ITEM;\n                            ^\nIn file included from third_party/boringssl/crypto/asn1/a_dup.c:60:\nIn file included from third_party/boringssl/include/openssl/mem.h:60:\nthird_party/boringssl/include/openssl/base.h:207:31: error: redefinition of typedef 'ASN1_OBJECT' is a C11 feature [-Werror,-Wtypedef-redefinition]\ntypedef struct asn1_object_st ASN1_OBJECT;\n                              ^\n/usr/local/opt/openssl@3/include/openssl/types.h:66:31: note: previous definition is here\ntypedef struct asn1_object_st ASN1_OBJECT;\n                              ^\nIn file included from third_party/boringssl/crypto/asn1/a_dup.c:60:\nIn file included from third_party/boringssl/include/openssl/mem.h:60:\nthird_party/boringssl/include/openssl/base.h:208:29: error: redefinition of typedef 'ASN1_PCTX' is a C11 feature [-Werror,-Wtypedef-redefinition]\ntypedef struct asn1_pctx_st ASN1_PCTX;\n                            ^\n/usr/local/opt/openssl@3/include/openssl/types.h:70:29: note: previous definition is here\ntypedef struct asn1_pctx_st ASN1_PCTX;\n                            ^\nIn file included from third_party/boringssl/crypto/asn1/a_dup.c:60:\nIn file included from third_party/boringssl/include/openssl/mem.h:60:\nthird_party/boringssl/include/openssl/base.h:209:31: error: redefinition of typedef 'ASN1_BIT_STRING' is a C11 feature [-Werror,-Wtypedef-redefinition]\ntypedef struct asn1_string_st ASN1_BIT_STRING;\n                              ^\n/usr/local/opt/openssl@3/include/openssl/types.h:47:31: note: previous definition is here\ntypedef struct asn1_string_st ASN1_BIT_STRING;\n                              ^\nIn file included from third_party/boringssl/crypto/asn1/a_dup.c:60:\nIn file included from third_party/boringssl/include/openssl/mem.h:60:\nthird_party/boringssl/include/openssl/base.h:210:31: error: redefinition of typedef 'ASN1_BMPSTRING' is a C11 feature [-Werror,-Wtypedef-redefinition]\ntypedef struct asn1_string_st ASN1_BMPSTRING;\n                              ^\n/usr/local/opt/openssl@3/include/openssl/types.h:54:31: note: previous definition is here\ntypedef struct asn1_string_st ASN1_BMPSTRING;\n                              ^\nIn file included from third_party/boringssl/crypto/asn1/a_dup.c:60:\nIn file included from third_party/boringssl/include/openssl/mem.h:60:\nthird_party/boringssl/include/openssl/base.h:211:31: error: redefinition of typedef 'ASN1_ENUMERATED' is a C11 feature [-Werror,-Wtypedef-redefinition]\ntypedef struct asn1_string_st ASN1_ENUMERATED;\n                              ^\n/usr/local/opt/openssl@3/include/openssl/types.h:46:31: note: previous definition is here\ntypedef struct asn1_string_st ASN1_ENUMERATED;\n                              ^\nIn file included from third_party/boringssl/crypto/asn1/a_dup.c:60:\nIn file included from third_party/boringssl/include/openssl/mem.h:60:\nthird_party/boringssl/include/openssl/base.h:212:31: error: redefinition of typedef 'ASN1_GENERALIZEDTIME' is a C11 feature [-Werror,-Wtypedef-redefinition]\ntypedef struct asn1_string_st ASN1_GENERALIZEDTIME;\n                              ^\n/usr/local/opt/openssl@3/include/openssl/types.h:57:31: note: previous definition is here\ntypedef struct asn1_string_st ASN1_GENERALIZEDTIME;\n                              ^\nIn file included from third_party/boringssl/crypto/asn1/a_dup.c:60:\nIn file included from third_party/boringssl/include/openssl/mem.h:60:\nthird_party/boringssl/include/openssl/base.h:213:31: error: redefinition of typedef 'ASN1_GENERALSTRING' is a C11 feature [-Werror,-Wtypedef-redefinition]\ntypedef struct asn1_string_st ASN1_GENERALSTRING;\n                              ^\n/usr/local/opt/openssl@3/include/openssl/types.h:52:31: note: previous definition is here\ntypedef struct asn1_string_st ASN1_GENERALSTRING;\n                              ^\nIn file included from third_party/boringssl/crypto/asn1/a_dup.c:60:\nIn file included from third_party/boringssl/include/openssl/mem.h:60:\nthird_party/boringssl/include/openssl/base.h:214:31: error: redefinition of typedef 'ASN1_IA5STRING' is a C11 feature [-Werror,-Wtypedef-redefinition]\ntypedef struct asn1_string_st ASN1_IA5STRING;\n                              ^\n/usr/local/opt/openssl@3/include/openssl/types.h:51:31: note: previous definition is here\ntypedef struct asn1_string_st ASN1_IA5STRING;\n                              ^\nIn file included from third_party/boringssl/crypto/asn1/a_dup.c:60:\nIn file included from third_party/boringssl/include/openssl/mem.h:60:\nthird_party/boringssl/include/openssl/base.h:215:31: error: redefinition of typedef 'ASN1_INTEGER' is a C11 feature [-Werror,-Wtypedef-redefinition]\ntypedef struct asn1_string_st ASN1_INTEGER;\n                              ^\n/usr/local/opt/openssl@3/include/openssl/types.h:45:31: note: previous definition is here\ntypedef struct asn1_string_st ASN1_INTEGER;\n                              ^\nIn file included from third_party/boringssl/crypto/asn1/a_dup.c:60:\nIn file included from third_party/boringssl/include/openssl/mem.h:60:\nthird_party/boringssl/include/openssl/base.h:216:31: error: redefinition of typedef 'ASN1_OCTET_STRING' is a C11 feature [-Werror,-Wtypedef-redefinition]\ntypedef struct asn1_string_st ASN1_OCTET_STRING;\n                              ^\n/usr/local/opt/openssl@3/include/openssl/types.h:48:31: note: previous definition is here\ntypedef struct asn1_string_st ASN1_OCTET_STRING;\n                              ^\nIn file included from third_party/boringssl/crypto/asn1/a_dup.c:60:\nIn file included from third_party/boringssl/include/openssl/mem.h:60:\nthird_party/boringssl/include/openssl/base.h:217:31: error: redefinition of typedef 'ASN1_PRINTABLESTRING' is a C11 feature [-Werror,-Wtypedef-redefinition]\ntypedef struct asn1_string_st ASN1_PRINTABLESTRING;\n                              ^\n/usr/local/opt/openssl@3/include/openssl/types.h:49:31: note: previous definition is here\ntypedef struct asn1_string_st ASN1_PRINTABLESTRING;\n                              ^\nIn file included from third_party/boringssl/crypto/asn1/a_dup.c:60:\nIn file included from third_party/boringssl/include/openssl/mem.h:60:\nthird_party/boringssl/include/openssl/base.h:218:31: error: redefinition of typedef 'ASN1_STRING' is a C11 feature [-Werror,-Wtypedef-redefinition]\ntypedef struct asn1_string_st ASN1_STRING;\n                              ^\n/usr/local/opt/openssl@3/include/openssl/types.h:60:31: note: previous definition is here\ntypedef struct asn1_string_st ASN1_STRING;\n                              ^\nIn file included from third_party/boringssl/crypto/asn1/a_dup.c:60:\nIn file included from third_party/boringssl/include/openssl/mem.h:60:\nthird_party/boringssl/include/openssl/base.h:219:31: error: redefinition of typedef 'ASN1_T61STRING' is a C11 feature [-Werror,-Wtypedef-redefinition]\ntypedef struct asn1_string_st ASN1_T61STRING;\n                              ^\n/usr/local/opt/openssl@3/include/openssl/types.h:50:31: note: previous definition is here\ntypedef struct asn1_string_st ASN1_T61STRING;\n                              ^\nfatal error: too many errors emitted, stopping now [-ferror-limit=]\n20 errors generated.\nmake: *** [/Users/runner/actions-runner/_work/python.build/python.build/build_grpcio191310/grpcio-1.9.1/objs/opt/third_party/boringssl/crypto/asn1/a_dup.o] Error 1\n"
2022-12-27T03:24:01.8348640Z   Traceback (most recent call last):
2022-12-27T03:24:01.8355050Z     File "<string>", line 2, in <module>
2022-12-27T03:24:01.8355590Z     File "<pip-setuptools-caller>", line 34, in <module>
2022-12-27T03:24:01.8355970Z     File "/Users/runner/actions-runner/_work/python.build/python.build/build_grpcio191310/grpcio-1.9.1/setup.py", line 294, in <module>
2022-12-27T03:24:01.8356230Z       setuptools.setup(
2022-12-27T03:24:01.8356640Z     File "/private/var/folders/51/hd414ycd67n82196sw51xqtc0000gn/T/cibw-run-2u90hk4n/cp310-macosx_arm64/build/venv/lib/python3.10/site-packages/setuptools/__init__.py", line 87, in setup
2022-12-27T03:24:01.8357010Z       return distutils.core.setup(**attrs)
2022-12-27T03:24:01.8357420Z     File "/private/var/folders/51/hd414ycd67n82196sw51xqtc0000gn/T/cibw-run-2u90hk4n/cp310-macosx_arm64/build/venv/lib/python3.10/site-packages/setuptools/_distutils/core.py", line 185, in setup
2022-12-27T03:24:01.8357670Z       return run_commands(dist)
2022-12-27T03:24:01.8358220Z     File "/private/var/folders/51/hd414ycd67n82196sw51xqtc0000gn/T/cibw-run-2u90hk4n/cp310-macosx_arm64/build/venv/lib/python3.10/site-packages/setuptools/_distutils/core.py", line 201, in run_commands
2022-12-27T03:24:01.8358530Z       dist.run_commands()
2022-12-27T03:24:01.8358960Z     File "/private/var/folders/51/hd414ycd67n82196sw51xqtc0000gn/T/cibw-run-2u90hk4n/cp310-macosx_arm64/build/venv/lib/python3.10/site-packages/setuptools/_distutils/dist.py", line 969, in run_commands
2022-12-27T03:24:01.8359240Z       self.run_command(cmd)
2022-12-27T03:24:01.8359600Z     File "/private/var/folders/51/hd414ycd67n82196sw51xqtc0000gn/T/cibw-run-2u90hk4n/cp310-macosx_arm64/build/venv/lib/python3.10/site-packages/setuptools/dist.py", line 1208, in run_command
2022-12-27T03:24:01.8359860Z       super().run_command(command)
2022-12-27T03:24:01.8360270Z     File "/private/var/folders/51/hd414ycd67n82196sw51xqtc0000gn/T/cibw-run-2u90hk4n/cp310-macosx_arm64/build/venv/lib/python3.10/site-packages/setuptools/_distutils/dist.py", line 988, in run_command
2022-12-27T03:24:01.8360520Z       cmd_obj.run()
2022-12-27T03:24:01.8360920Z     File "/private/var/folders/51/hd414ycd67n82196sw51xqtc0000gn/T/cibw-run-2u90hk4n/cp310-macosx_arm64/build/venv/lib/python3.10/site-packages/wheel/bdist_wheel.py", line 325, in run
2022-12-27T03:24:01.8361160Z       self.run_command("build")
2022-12-27T03:24:01.8361620Z     File "/private/var/folders/51/hd414ycd67n82196sw51xqtc0000gn/T/cibw-run-2u90hk4n/cp310-macosx_arm64/build/venv/lib/python3.10/site-packages/setuptools/_distutils/cmd.py", line 318, in run_command
2022-12-27T03:24:01.8361920Z       self.distribution.run_command(command)
2022-12-27T03:24:01.8362320Z     File "/private/var/folders/51/hd414ycd67n82196sw51xqtc0000gn/T/cibw-run-2u90hk4n/cp310-macosx_arm64/build/venv/lib/python3.10/site-packages/setuptools/dist.py", line 1208, in run_command
2022-12-27T03:24:01.8362720Z       super().run_command(command)
2022-12-27T03:24:01.8363110Z     File "/private/var/folders/51/hd414ycd67n82196sw51xqtc0000gn/T/cibw-run-2u90hk4n/cp310-macosx_arm64/build/venv/lib/python3.10/site-packages/setuptools/_distutils/dist.py", line 988, in run_command
2022-12-27T03:24:01.8363380Z       cmd_obj.run()
2022-12-27T03:24:01.8363780Z     File "/private/var/folders/51/hd414ycd67n82196sw51xqtc0000gn/T/cibw-run-2u90hk4n/cp310-macosx_arm64/build/venv/lib/python3.10/site-packages/setuptools/_distutils/command/build.py", line 132, in run
2022-12-27T03:24:01.8364060Z       self.run_command(cmd_name)
2022-12-27T03:24:01.8364470Z     File "/private/var/folders/51/hd414ycd67n82196sw51xqtc0000gn/T/cibw-run-2u90hk4n/cp310-macosx_arm64/build/venv/lib/python3.10/site-packages/setuptools/_distutils/cmd.py", line 318, in run_command
2022-12-27T03:24:01.8364690Z       self.distribution.run_command(command)
2022-12-27T03:24:01.8365100Z     File "/private/var/folders/51/hd414ycd67n82196sw51xqtc0000gn/T/cibw-run-2u90hk4n/cp310-macosx_arm64/build/venv/lib/python3.10/site-packages/setuptools/dist.py", line 1208, in run_command
2022-12-27T03:24:01.8365380Z       super().run_command(command)
2022-12-27T03:24:01.8365770Z     File "/private/var/folders/51/hd414ycd67n82196sw51xqtc0000gn/T/cibw-run-2u90hk4n/cp310-macosx_arm64/build/venv/lib/python3.10/site-packages/setuptools/_distutils/dist.py", line 988, in run_command
2022-12-27T03:24:01.8366030Z       cmd_obj.run()
2022-12-27T03:24:01.8366350Z     File "/private/var/folders/51/hd414ycd67n82196sw51xqtc0000gn/T/cibw-run-2u90hk4n/cp310-macosx_arm64/build/venv/lib/python3.10/site-packages/setuptools/command/build_ext.py", line 84, in run
2022-12-27T03:24:01.8366590Z       _build_ext.run(self)
2022-12-27T03:24:01.8366970Z     File "/private/var/folders/51/hd414ycd67n82196sw51xqtc0000gn/T/cibw-run-2u90hk4n/cp310-macosx_arm64/build/venv/lib/python3.10/site-packages/Cython/Distutils/old_build_ext.py", line 186, in run
2022-12-27T03:24:01.8367240Z       _build_ext.build_ext.run(self)
2022-12-27T03:24:01.8367800Z     File "/private/var/folders/51/hd414ycd67n82196sw51xqtc0000gn/T/cibw-run-2u90hk4n/cp310-macosx_arm64/build/venv/lib/python3.10/site-packages/setuptools/_distutils/command/build_ext.py", line 346, in run
2022-12-27T03:24:01.8368080Z       self.build_extensions()
2022-12-27T03:24:01.8368440Z     File "/Users/runner/actions-runner/_work/python.build/python.build/build_grpcio191310/grpcio-1.9.1/src/python/grpcio/commands.py", line 278, in build_extensions
2022-12-27T03:24:01.8368700Z       raise Exception("make command failed!")
2022-12-27T03:24:01.8368890Z   Exception: make command failed!
2022-12-27T03:24:01.8690990Z   error: subprocess-exited-with-error
2022-12-27T03:24:01.8691230Z   
2022-12-27T03:24:01.8691620Z   Ã— python setup.py bdist_wheel did not run successfully.
2022-12-27T03:24:01.8691990Z   â”‚ exit code: 1
2022-12-27T03:24:01.8692190Z   â•°â”€> See above for output.
2022-12-27T03:24:01.8692410Z   
2022-12-27T03:24:01.8692680Z   note: This error originates from a subprocess, and is likely not a problem with pip.
2022-12-27T03:24:01.8699170Z   full command: /private/var/folders/51/hd414ycd67n82196sw51xqtc0000gn/T/cibw-run-2u90hk4n/cp310-macosx_arm64/build/venv/bin/python -u -c '
2022-12-27T03:24:01.8699690Z   exec(compile('"'"''"'"''"'"'
2022-12-27T03:24:01.8700080Z   # This is <pip-setuptools-caller> -- a caller that pip uses to run setup.py
2022-12-27T03:24:01.8700370Z   #
2022-12-27T03:24:01.8700690Z   # - It imports setuptools before invoking setup.py, to enable projects that directly
2022-12-27T03:24:01.8701060Z   #   import from `distutils.core` to work with newer packaging standards.
2022-12-27T03:24:01.8701490Z   # - It provides a clear error message when setuptools is not installed.
2022-12-27T03:24:01.8701920Z   # - It sets `sys.argv[0]` to the underlying `setup.py`, when invoking `setup.py` so
2022-12-27T03:24:01.8702330Z   #   setuptools doesn'"'"'t think the script is `-c`. This avoids the following warning:
2022-12-27T03:24:01.8702870Z   #     manifest_maker: standard file '"'"'-c'"'"' not found".
2022-12-27T03:24:01.8703270Z   # - It generates a shim setup.py, for handling setup.cfg-only projects.
2022-12-27T03:24:01.8703520Z   import os, sys, tokenize
2022-12-27T03:24:01.8703790Z   
2022-12-27T03:24:01.8703980Z   try:
2022-12-27T03:24:01.8704300Z       import setuptools
2022-12-27T03:24:01.8704510Z   except ImportError as error:
2022-12-27T03:24:01.8704740Z       print(
2022-12-27T03:24:01.8704990Z           "ERROR: Can not execute `setup.py` since setuptools is not available in "
2022-12-27T03:24:01.8705240Z           "the build environment.",
2022-12-27T03:24:01.8705460Z           file=sys.stderr,
2022-12-27T03:24:01.8705660Z       )
2022-12-27T03:24:01.8705820Z       sys.exit(1)
2022-12-27T03:24:01.8705970Z   
2022-12-27T03:24:01.8706170Z   __file__ = %r
2022-12-27T03:24:01.8706380Z   sys.argv[0] = __file__
2022-12-27T03:24:01.8706560Z   
2022-12-27T03:24:01.8706760Z   if os.path.exists(__file__):
2022-12-27T03:24:01.8706970Z       filename = __file__
2022-12-27T03:24:01.8707170Z       with tokenize.open(__file__) as f:
2022-12-27T03:24:01.8707410Z           setup_py_code = f.read()
2022-12-27T03:24:01.8707680Z   else:
2022-12-27T03:24:01.8707960Z       filename = "<auto-generated setuptools caller>"
2022-12-27T03:24:01.8708270Z       setup_py_code = "from setuptools import setup; setup()"
2022-12-27T03:24:01.8708500Z   
2022-12-27T03:24:01.8708670Z   exec(compile(setup_py_code, filename, "exec"))
2022-12-27T03:24:01.8709210Z   '"'"''"'"''"'"' % ('"'"'/Users/runner/actions-runner/_work/python.build/python.build/build_grpcio191310/grpcio-1.9.1/setup.py'"'"',), "<pip-setuptools-caller>", "exec"))' bdist_wheel -d /private/var/folders/51/hd414ycd67n82196sw51xqtc0000gn/T/pip-wheel-3y1zudsc
2022-12-27T03:24:01.8709710Z   cwd: /Users/runner/actions-runner/_work/python.build/python.build/build_grpcio191310/grpcio-1.9.1/
2022-12-27T03:24:01.8709960Z   ERROR: Failed building wheel for grpcio
2022-12-27T03:24:01.8710140Z   Running command python setup.py clean
2022-12-27T03:24:01.8710440Z   Building wheel for grpcio (setup.py): finished with status 'error'
2022-12-27T03:24:01.8710770Z   Running setup.py clean for grpcio
2022-12-27T03:24:02.2409380Z   running clean
2022-12-27T03:24:02.2419240Z   removing 'python_build/lib.macosx-11.0-arm64-cpython-310' (and everything under it)
2022-12-27T03:24:02.2459270Z   'python_build/bdist.macosx-11.0-arm64' does not exist -- can't clean it
2022-12-27T03:24:02.2460700Z   'python_build/scripts-3.10' does not exist -- can't clean it
2022-12-27T03:24:02.2462600Z   removing 'python_build'
2022-12-27T03:24:02.2753210Z Failed to build grpcio
2022-12-27T03:24:02.2756830Z ERROR: Failed to build one or more wheels
2022-12-27T03:24:02.2765850Z Exception information:
2022-12-27T03:24:02.2766310Z Traceback (most recent call last):
2022-12-27T03:24:02.2767330Z   File "/private/var/folders/51/hd414ycd67n82196sw51xqtc0000gn/T/cibw-run-2u90hk4n/cp310-macosx_arm64/build/venv/lib/python3.10/site-packages/pip/_internal/cli/base_command.py", line 160, in exc_logging_wrapper
2022-12-27T03:24:02.2767970Z     status = run_func(*args)
2022-12-27T03:24:02.2769030Z   File "/private/var/folders/51/hd414ycd67n82196sw51xqtc0000gn/T/cibw-run-2u90hk4n/cp310-macosx_arm64/build/venv/lib/python3.10/site-packages/pip/_internal/cli/req_command.py", line 247, in wrapper
2022-12-27T03:24:02.2769580Z     return func(self, options, args)
2022-12-27T03:24:02.2770390Z   File "/private/var/folders/51/hd414ycd67n82196sw51xqtc0000gn/T/cibw-run-2u90hk4n/cp310-macosx_arm64/build/venv/lib/python3.10/site-packages/pip/_internal/commands/wheel.py", line 201, in run
2022-12-27T03:24:02.2770910Z     raise CommandError("Failed to build one or more wheels")
2022-12-27T03:24:02.2771350Z pip._internal.exceptions.CommandError: Failed to build one or more wheels
2022-12-27T03:24:02.2772060Z Removed build tracker: '/private/var/folders/51/hd414ycd67n82196sw51xqtc0000gn/T/pip-build-tracker-xv82nrz2'
2022-12-27T03:24:02.3174240Z ##[endgroup]
2022-12-27T03:24:02.3197000Z ##[error]Command ['python', '-m', 'pip', 'wheel', '/Users/runner/actions-runner/_work/python.build/python.build/build_grpcio191310/grpcio-1.9.1', '--wheel-dir=/private/var/folders/51/hd414ycd67n82196sw51xqtc0000gn/T/cibw-run-2u90hk4n/cp310-macosx_arm64/built_wheel', '--no-deps', '-vvv'] failed with code 1. None
2022-12-27T03:24:02.3203050Z 
2022-12-27T03:24:02.3203310Z                                                               [31mâœ• [0m6.87s
2022-12-27T03:24:02.3799040Z ##[error]Process completed with exit code 1.
2022-12-27T03:24:02.3830500Z ##[group]Run rm -rf build_grpcio191310 wheelsout
2022-12-27T03:24:02.3830690Z [36;1mrm -rf build_grpcio191310 wheelsout[0m
2022-12-27T03:24:02.3845670Z shell: /bin/bash -e {0}
2022-12-27T03:24:02.3845780Z env:
2022-12-27T03:24:02.3845930Z   pythonLocation: /Users/runner/hostedtoolcache/Python/3.10.9/x64
2022-12-27T03:24:02.3846110Z   PKG_CONFIG_PATH: /Users/runner/hostedtoolcache/Python/3.10.9/x64/lib/pkgconfig
2022-12-27T03:24:02.3846290Z   Python_ROOT_DIR: /Users/runner/hostedtoolcache/Python/3.10.9/x64
2022-12-27T03:24:02.3846470Z   Python2_ROOT_DIR: /Users/runner/hostedtoolcache/Python/3.10.9/x64
2022-12-27T03:24:02.3846640Z   Python3_ROOT_DIR: /Users/runner/hostedtoolcache/Python/3.10.9/x64
2022-12-27T03:24:02.3846780Z ##[endgroup]
2022-12-27T03:24:02.6645440Z Cleaning up orphan processes
