2022-12-27T01:58:06.3139013Z Requested labels: self-hosted, macOS, X64
2022-12-27T01:58:06.3139075Z Job defined at: kilnbuild/python.build/.github/workflows/mac_arm_build.yml@refs/heads/main
2022-12-27T01:58:06.3139105Z Waiting for a runner to pick up this job...
2022-12-27T02:56:42.9312561Z Job is about to start running on the runner: k2 (organization)
2022-12-27T02:56:46.0440890Z Current runner version: '2.300.2'
2022-12-27T02:56:46.0446130Z Runner name: 'k2'
2022-12-27T02:56:46.0446390Z Runner group name: 'Default'
2022-12-27T02:56:46.0446880Z Machine name: 'k2'
2022-12-27T02:56:46.0448360Z ##[group]GITHUB_TOKEN Permissions
2022-12-27T02:56:46.0448800Z Actions: write
2022-12-27T02:56:46.0448940Z Checks: write
2022-12-27T02:56:46.0449070Z Contents: write
2022-12-27T02:56:46.0449200Z Deployments: write
2022-12-27T02:56:46.0449350Z Discussions: write
2022-12-27T02:56:46.0449480Z Issues: write
2022-12-27T02:56:46.0449610Z Metadata: read
2022-12-27T02:56:46.0449740Z Packages: write
2022-12-27T02:56:46.0449870Z Pages: write
2022-12-27T02:56:46.0450010Z PullRequests: write
2022-12-27T02:56:46.0450170Z RepositoryProjects: write
2022-12-27T02:56:46.0450320Z SecurityEvents: write
2022-12-27T02:56:46.0450470Z Statuses: write
2022-12-27T02:56:46.0450590Z ##[endgroup]
2022-12-27T02:56:46.0453130Z Secret source: Actions
2022-12-27T02:56:46.0453450Z Prepare workflow directory
2022-12-27T02:56:46.1134050Z Prepare all required actions
2022-12-27T02:56:46.1254580Z Getting action download info
2022-12-27T02:56:46.6247130Z Download action repository 'actions/setup-python@v4' (SHA:5ccb29d8773c3f3f653e1705f474dfaa8a06a912)
2022-12-27T02:56:48.3526720Z Download action repository 'actions/upload-artifact@v3' (SHA:83fd05a356d7e2593de66fc9913b3002723633cb)
2022-12-27T02:56:49.7679280Z ##[group]Run echo '{
2022-12-27T02:56:49.7679590Z [36;1mecho '{[0m
2022-12-27T02:56:49.7679790Z [36;1m  "environment_variables": "GRPC_PYTHON_BUILD_WITH_CYTHON=1 GRPC_BUILD_WITH_BORING_SSL_ASM='' GRPC_PYTHON_BUILD_SYSTEM_OPENSSL=TRUE",[0m
2022-12-27T02:56:49.7679980Z [36;1m  "package_name": "grpcio",[0m
2022-12-27T02:56:49.7680200Z [36;1m  "package_url": "https://files.pythonhosted.org/packages/ed/38/2171e323136ad6cab50d6cadbdc8fecd468c6aa2795b4a699743d283bed6/grpcio-1.2.1.tar.gz",[0m
2022-12-27T02:56:49.7680500Z [36;1m  "package_version": "1.2.1",[0m
2022-12-27T02:56:49.7680670Z [36;1m  "python_version": "3.9",[0m
2022-12-27T02:56:49.7680880Z [36;1m  "use_ccache": "true"[0m
2022-12-27T02:56:49.7681060Z [36;1m}'[0m
2022-12-27T02:56:49.7696370Z shell: /bin/bash -e {0}
2022-12-27T02:56:49.7696540Z ##[endgroup]
2022-12-27T02:56:49.7907760Z {
2022-12-27T02:56:49.7909250Z   "environment_variables": "GRPC_PYTHON_BUILD_WITH_CYTHON=1 GRPC_BUILD_WITH_BORING_SSL_ASM= GRPC_PYTHON_BUILD_SYSTEM_OPENSSL=TRUE",
2022-12-27T02:56:49.7909530Z   "package_name": "grpcio",
2022-12-27T02:56:49.7910160Z   "package_url": "https://files.pythonhosted.org/packages/ed/38/2171e323136ad6cab50d6cadbdc8fecd468c6aa2795b4a699743d283bed6/grpcio-1.2.1.tar.gz",
2022-12-27T02:56:49.7910460Z   "package_version": "1.2.1",
2022-12-27T02:56:49.7910640Z   "python_version": "3.9",
2022-12-27T02:56:49.7910790Z   "use_ccache": "true"
2022-12-27T02:56:49.7910960Z }
2022-12-27T02:56:49.8117980Z ##[group]Run actions/setup-python@v4
2022-12-27T02:56:49.8118230Z with:
2022-12-27T02:56:49.8118370Z   python-version: 3.9
2022-12-27T02:56:49.8118550Z   check-latest: false
2022-12-27T02:56:49.8118860Z   token: ***
2022-12-27T02:56:49.8119100Z   update-environment: true
2022-12-27T02:56:49.8119250Z ##[endgroup]
2022-12-27T02:56:49.9358710Z ##[group]Installed versions
2022-12-27T02:56:49.9463610Z Successfully set up CPython (3.9.16)
2022-12-27T02:56:49.9464370Z ##[endgroup]
2022-12-27T02:56:49.9604920Z ##[group]Run if [ "true" == "true" ]
2022-12-27T02:56:49.9605200Z [36;1mif [ "true" == "true" ][0m
2022-12-27T02:56:49.9605490Z [36;1mthen[0m
2022-12-27T02:56:49.9605710Z [36;1m  echo "CCACHE_PATH_PREPEND=/usr/local/opt/ccache/libexec" >> $GITHUB_OUTPUT[0m
2022-12-27T02:56:49.9606290Z [36;1melse[0m
2022-12-27T02:56:49.9606460Z [36;1m  echo "CCACHE_PATH_PREPEND=" >> $GITHUB_OUTPUT[0m
2022-12-27T02:56:49.9606640Z [36;1mfi[0m
2022-12-27T02:56:49.9623110Z shell: /bin/bash -e {0}
2022-12-27T02:56:49.9623370Z env:
2022-12-27T02:56:49.9623550Z   pythonLocation: /Users/runner/hostedtoolcache/Python/3.9.16/x64
2022-12-27T02:56:49.9623910Z   PKG_CONFIG_PATH: /Users/runner/hostedtoolcache/Python/3.9.16/x64/lib/pkgconfig
2022-12-27T02:56:49.9624630Z   Python_ROOT_DIR: /Users/runner/hostedtoolcache/Python/3.9.16/x64
2022-12-27T02:56:49.9624840Z   Python2_ROOT_DIR: /Users/runner/hostedtoolcache/Python/3.9.16/x64
2022-12-27T02:56:49.9625150Z   Python3_ROOT_DIR: /Users/runner/hostedtoolcache/Python/3.9.16/x64
2022-12-27T02:56:49.9625420Z ##[endgroup]
2022-12-27T02:56:49.9738670Z ##[group]Run echo "BUILD_NAME=$(echo grpcio_1.2.1_3.9 | tr -dc '[:alnum:]\n\r' | tr '[:upper:]' '[:lower:]')" >> $GITHUB_OUTPUT
2022-12-27T02:56:49.9739320Z [36;1mecho "BUILD_NAME=$(echo grpcio_1.2.1_3.9 | tr -dc '[:alnum:]\n\r' | tr '[:upper:]' '[:lower:]')" >> $GITHUB_OUTPUT[0m
2022-12-27T02:56:49.9754610Z shell: /bin/bash -e {0}
2022-12-27T02:56:49.9754760Z env:
2022-12-27T02:56:49.9755070Z   pythonLocation: /Users/runner/hostedtoolcache/Python/3.9.16/x64
2022-12-27T02:56:49.9755340Z   PKG_CONFIG_PATH: /Users/runner/hostedtoolcache/Python/3.9.16/x64/lib/pkgconfig
2022-12-27T02:56:49.9755600Z   Python_ROOT_DIR: /Users/runner/hostedtoolcache/Python/3.9.16/x64
2022-12-27T02:56:49.9755850Z   Python2_ROOT_DIR: /Users/runner/hostedtoolcache/Python/3.9.16/x64
2022-12-27T02:56:49.9756080Z   Python3_ROOT_DIR: /Users/runner/hostedtoolcache/Python/3.9.16/x64
2022-12-27T02:56:49.9756350Z ##[endgroup]
2022-12-27T02:56:49.9917010Z ##[group]Run echo "PYTHON_NO_DOTS=$(echo 3.9 | tr -dc '[:alnum:]\n\r' | tr '[:upper:]' '[:lower:]')" >> $GITHUB_OUTPUT
2022-12-27T02:56:49.9917480Z [36;1mecho "PYTHON_NO_DOTS=$(echo 3.9 | tr -dc '[:alnum:]\n\r' | tr '[:upper:]' '[:lower:]')" >> $GITHUB_OUTPUT[0m
2022-12-27T02:56:49.9930830Z shell: /bin/bash -e {0}
2022-12-27T02:56:49.9931040Z env:
2022-12-27T02:56:49.9931250Z   pythonLocation: /Users/runner/hostedtoolcache/Python/3.9.16/x64
2022-12-27T02:56:49.9931490Z   PKG_CONFIG_PATH: /Users/runner/hostedtoolcache/Python/3.9.16/x64/lib/pkgconfig
2022-12-27T02:56:49.9931700Z   Python_ROOT_DIR: /Users/runner/hostedtoolcache/Python/3.9.16/x64
2022-12-27T02:56:49.9931930Z   Python2_ROOT_DIR: /Users/runner/hostedtoolcache/Python/3.9.16/x64
2022-12-27T02:56:49.9932220Z   Python3_ROOT_DIR: /Users/runner/hostedtoolcache/Python/3.9.16/x64
2022-12-27T02:56:49.9932410Z ##[endgroup]
2022-12-27T02:56:50.0045330Z ##[group]Run rm -rf build_grpcio12139
2022-12-27T02:56:50.0045720Z [36;1mrm -rf build_grpcio12139[0m
2022-12-27T02:56:50.0045940Z [36;1mmkdir build_grpcio12139[0m
2022-12-27T02:56:50.0046120Z [36;1mcd build_grpcio12139[0m
2022-12-27T02:56:50.0046410Z [36;1m/usr/local/bin/wget --quiet https://files.pythonhosted.org/packages/ed/38/2171e323136ad6cab50d6cadbdc8fecd468c6aa2795b4a699743d283bed6/grpcio-1.2.1.tar.gz[0m
2022-12-27T02:56:50.0046640Z [36;1mtar xf *.tar.gz[0m
2022-12-27T02:56:50.0046840Z [36;1mcd grpcio-*/[0m
2022-12-27T02:56:50.0047030Z [36;1mpython -m pip install cibuildwheel==2.11.3[0m
2022-12-27T02:56:50.0047240Z [36;1mpython -m cibuildwheel --output-dir ../wheelsout[0m
2022-12-27T02:56:50.0060540Z shell: /bin/bash -e {0}
2022-12-27T02:56:50.0060720Z env:
2022-12-27T02:56:50.0060970Z   pythonLocation: /Users/runner/hostedtoolcache/Python/3.9.16/x64
2022-12-27T02:56:50.0061260Z   PKG_CONFIG_PATH: /Users/runner/hostedtoolcache/Python/3.9.16/x64/lib/pkgconfig
2022-12-27T02:56:50.0061470Z   Python_ROOT_DIR: /Users/runner/hostedtoolcache/Python/3.9.16/x64
2022-12-27T02:56:50.0061730Z   Python2_ROOT_DIR: /Users/runner/hostedtoolcache/Python/3.9.16/x64
2022-12-27T02:56:50.0061950Z   Python3_ROOT_DIR: /Users/runner/hostedtoolcache/Python/3.9.16/x64
2022-12-27T02:56:50.0062150Z   CIBW_ARCHS_MACOS: arm64
2022-12-27T02:56:50.0062290Z   CIBW_TEST_SKIP: *_arm64
2022-12-27T02:56:50.0062490Z   CIBW_BUILD: cp39-macosx_arm64
2022-12-27T02:56:50.0062660Z   CIBW_BUILD_FRONTEND: pip
2022-12-27T02:56:50.0062810Z   CIBW_BUILD_VERBOSITY: 3
2022-12-27T02:56:50.0063170Z   CIBW_ENVIRONMENT_MACOS: GRPC_PYTHON_BUILD_WITH_CYTHON=1 GRPC_BUILD_WITH_BORING_SSL_ASM='' GRPC_PYTHON_BUILD_SYSTEM_OPENSSL=TRUE CFLAGS="-I/usr/local/opt/openssl@3/include" LDFLAGS="-L/usr/local/opt/openssl@3/lib" CPPFLAGS="-I/usr/local/opt/openssl@3/include" MAKEFLAGS="-j$(sysctl -n hw.logicalcpu)" PATH=/usr/local/opt/ccache/libexec:$PATH
2022-12-27T02:56:50.0063760Z   CIBW_BEFORE_BUILD: pip install Cython; if [[ -f requirements.txt ]]; then pip install -r requirements.txt; fi
2022-12-27T02:56:50.0064040Z   MAKEFLAGS: -j$(sysctl -n hw.logicalcpu)
2022-12-27T02:56:50.0064180Z ##[endgroup]
2022-12-27T02:56:51.0517340Z Requirement already satisfied: cibuildwheel==2.11.3 in /Users/runner/hostedtoolcache/Python/3.9.16/x64/lib/python3.9/site-packages (2.11.3)
2022-12-27T02:56:51.0761690Z Requirement already satisfied: bracex in /Users/runner/hostedtoolcache/Python/3.9.16/x64/lib/python3.9/site-packages (from cibuildwheel==2.11.3) (2.3.post1)
2022-12-27T02:56:51.0764760Z Requirement already satisfied: certifi in /Users/runner/hostedtoolcache/Python/3.9.16/x64/lib/python3.9/site-packages (from cibuildwheel==2.11.3) (2022.12.7)
2022-12-27T02:56:51.0773160Z Requirement already satisfied: typing-extensions>=4.1.0 in /Users/runner/hostedtoolcache/Python/3.9.16/x64/lib/python3.9/site-packages (from cibuildwheel==2.11.3) (4.4.0)
2022-12-27T02:56:51.0779210Z Requirement already satisfied: bashlex!=0.13 in /Users/runner/hostedtoolcache/Python/3.9.16/x64/lib/python3.9/site-packages (from cibuildwheel==2.11.3) (0.16)
2022-12-27T02:56:51.0782320Z Requirement already satisfied: filelock in /Users/runner/hostedtoolcache/Python/3.9.16/x64/lib/python3.9/site-packages (from cibuildwheel==2.11.3) (3.8.2)
2022-12-27T02:56:51.0787970Z Requirement already satisfied: tomli in /Users/runner/hostedtoolcache/Python/3.9.16/x64/lib/python3.9/site-packages (from cibuildwheel==2.11.3) (2.0.1)
2022-12-27T02:56:51.0793030Z Requirement already satisfied: packaging>=20.9 in /Users/runner/hostedtoolcache/Python/3.9.16/x64/lib/python3.9/site-packages (from cibuildwheel==2.11.3) (22.0)
2022-12-27T02:56:51.0795870Z Requirement already satisfied: platformdirs in /Users/runner/hostedtoolcache/Python/3.9.16/x64/lib/python3.9/site-packages (from cibuildwheel==2.11.3) (2.6.0)
2022-12-27T02:56:51.2476120Z 
2022-12-27T02:56:51.2476240Z      _ _       _ _   _       _           _
2022-12-27T02:56:51.2476810Z  ___|_| |_ _ _|_| |_| |_ _ _| |_ ___ ___| |
2022-12-27T02:56:51.2478160Z |  _| | . | | | | | . | | | |   | -_| -_| |
2022-12-27T02:56:51.2478460Z |___|_|___|___|_|_|___|_____|_|_|___|___|_|
2022-12-27T02:56:51.2478600Z 
2022-12-27T02:56:51.2478690Z cibuildwheel version 2.11.3
2022-12-27T02:56:51.2478850Z 
2022-12-27T02:56:51.2478970Z Build options:
2022-12-27T02:56:51.2479280Z   platform: macos
2022-12-27T02:56:51.2603230Z   architectures: arm64[0m
2022-12-27T02:56:51.2603460Z   build_selector: 
2022-12-27T02:56:51.2603800Z     build_config: cp39-macosx_arm64
2022-12-27T02:56:51.2604670Z     skip_config: 
2022-12-27T02:56:51.2605080Z     requires_python: None
2022-12-27T02:56:51.2605550Z     prerelease_pythons: False[0m
2022-12-27T02:56:51.2605940Z   [38;5;244mcontainer_engine: docker[0m
2022-12-27T02:56:51.2606350Z   output_dir: /Users/runner/actions-runner/_work/python.build/python.build/build_grpcio12139/wheelsout[0m
2022-12-27T02:56:51.2607130Z   package_dir: /Users/runner/actions-runner/_work/python.build/python.build/build_grpcio12139/grpcio-1.2.1[0m
2022-12-27T02:56:51.2607550Z   test_selector: 
2022-12-27T02:56:51.2608000Z     skip_config: *_arm64[0m
2022-12-27T02:56:51.2608250Z   [38;5;244mbefore_all: [0m
2022-12-27T02:56:51.2608760Z   before_build: pip install Cython; if [[ -f requirements.txt ]]; then pip install -r requirements.txt; fi[0m
2022-12-27T02:56:51.2609160Z   [38;5;244mbefore_test: [0m
2022-12-27T02:56:51.2609420Z   [38;5;244mbuild_frontend: pip[0m
2022-12-27T02:56:51.2609730Z   build_verbosity: 3[0m
2022-12-27T02:56:51.2610020Z   [38;5;244mconfig_settings: [0m
2022-12-27T02:56:51.2610350Z   [38;5;244mdependency_constraints: pinned[0m
2022-12-27T02:56:51.2610610Z   environment: 
2022-12-27T02:56:51.2610860Z     GRPC_PYTHON_BUILD_WITH_CYTHON=1
2022-12-27T02:56:51.2611110Z     GRPC_BUILD_WITH_BORING_SSL_ASM=''
2022-12-27T02:56:51.2611380Z     GRPC_PYTHON_BUILD_SYSTEM_OPENSSL=TRUE
2022-12-27T02:56:51.2612130Z     CFLAGS="-I/usr/local/opt/openssl@3/include"
2022-12-27T02:56:51.2612440Z     LDFLAGS="-L/usr/local/opt/openssl@3/lib"
2022-12-27T02:56:51.2612900Z     CPPFLAGS="-I/usr/local/opt/openssl@3/include"
2022-12-27T02:56:51.2613310Z     MAKEFLAGS="-j$(sysctl -n hw.logicalcpu)"
2022-12-27T02:56:51.2613680Z     PATH=/usr/local/opt/ccache/libexec:$PATH[0m
2022-12-27T02:56:51.2614070Z   [38;5;244mmanylinux_images: None[0m
2022-12-27T02:56:51.2614380Z   [38;5;244mmusllinux_images: None[0m
2022-12-27T02:56:51.2614810Z   [38;5;244mrepair_command: delocate-wheel --require-archs {delocate_archs} -w {dest_dir} -v {wheel}[0m
2022-12-27T02:56:51.2615130Z   [38;5;244mtest_command: [0m
2022-12-27T02:56:51.2615460Z   [38;5;244mtest_extras: [0m
2022-12-27T02:56:51.2615750Z   [38;5;244mtest_requires: [0m
2022-12-27T02:56:51.2615890Z 
2022-12-27T02:56:51.2616030Z Cache folder: /Users/runner/Library/Caches/cibuildwheel
2022-12-27T02:56:51.2624650Z 
2022-12-27T02:56:51.2625210Z Here we go!
2022-12-27T02:56:51.2625450Z 
2022-12-27T02:56:51.2682810Z 
2022-12-27T02:56:51.2683390Z [1m[34mBuilding cp39-macosx_arm64 wheel[0m
2022-12-27T02:56:51.2686120Z CPython 3.9 macOS arm64 - Apple Silicon
2022-12-27T02:56:51.2686390Z 
2022-12-27T02:56:51.2687340Z ##[group]Installing Python cp39...
2022-12-27T02:56:51.2687570Z 
2022-12-27T02:56:51.2687740Z + pkgutil --pkgs
2022-12-27T02:56:51.2795050Z ##[endgroup]
2022-12-27T02:56:51.2796100Z                                                               [32m✓ [0m0.01s
2022-12-27T02:56:51.2796710Z ##[group]Setting up build environment...
2022-12-27T02:56:51.2796850Z 
2022-12-27T02:56:51.2814720Z + /Users/runner/hostedtoolcache/Python/3.9.16/x64/bin/python -sS /Users/runner/Library/Caches/cibuildwheel/virtualenv-20.17.0.pyz --activators= --no-periodic-update --pip=22.3.1 --setuptools=65.6.3 --wheel=0.38.4 --symlink-app-data --python /Library/Frameworks/Python.framework/Versions/3.9/bin/python3 /private/var/folders/51/hd414ycd67n82196sw51xqtc0000gn/T/cibw-run-8xm18qjk/cp39-macosx_arm64/build/venv
2022-12-27T02:56:51.4660220Z created virtual environment CPython3.9.13.final.0-64 in 52ms
2022-12-27T02:56:51.4661480Z   creator CPython3Posix(dest=/private/var/folders/51/hd414ycd67n82196sw51xqtc0000gn/T/cibw-run-8xm18qjk/cp39-macosx_arm64/build/venv, clear=False, no_vcs_ignore=False, global=False)
2022-12-27T02:56:51.4662190Z   seeder FromAppData(download=False, pip=22.3.1, setuptools=65.6.3, wheel=0.38.4, via=symlink, app_data_dir=/Users/runner/Library/Application Support/virtualenv)
2022-12-27T02:56:51.4662670Z     added seed packages: pip==22.3.1, setuptools==65.6.3, wheel==0.38.4
2022-12-27T02:56:51.4775990Z + python -m pip install --upgrade pip -c /Users/runner/hostedtoolcache/Python/3.9.16/x64/lib/python3.9/site-packages/cibuildwheel/resources/constraints-python39.txt
2022-12-27T02:56:51.7696130Z Requirement already satisfied: pip in ./lib/python3.9/site-packages (22.3.1)
2022-12-27T02:56:51.9101880Z + which pip
2022-12-27T02:56:51.9118760Z /private/var/folders/51/hd414ycd67n82196sw51xqtc0000gn/T/cibw-run-8xm18qjk/cp39-macosx_arm64/build/venv/bin/pip
2022-12-27T02:56:51.9121610Z + pip --version
2022-12-27T02:56:52.1243050Z pip 22.3.1 from /private/var/folders/51/hd414ycd67n82196sw51xqtc0000gn/T/cibw-run-8xm18qjk/cp39-macosx_arm64/build/venv/lib/python3.9/site-packages/pip (python 3.9)
2022-12-27T02:56:52.1465620Z + which pip
2022-12-27T02:56:52.1496140Z + which python
2022-12-27T02:56:52.1515690Z /private/var/folders/51/hd414ycd67n82196sw51xqtc0000gn/T/cibw-run-8xm18qjk/cp39-macosx_arm64/build/venv/bin/python
2022-12-27T02:56:52.1518140Z + python --version
2022-12-27T02:56:52.1566390Z Python 3.9.13
2022-12-27T02:56:52.1569060Z + which python
2022-12-27T02:56:52.1621120Z ##[endgroup]
2022-12-27T02:56:52.1621690Z                                                               [32m✓ [0m0.88s
2022-12-27T02:56:52.1622380Z ##[group]Installing build tools...
2022-12-27T02:56:52.1622490Z 
2022-12-27T02:56:52.1622950Z + pip install --upgrade setuptools wheel delocate -c /Users/runner/hostedtoolcache/Python/3.9.16/x64/lib/python3.9/site-packages/cibuildwheel/resources/constraints-python39.txt
2022-12-27T02:56:52.4545210Z Requirement already satisfied: setuptools in /private/var/folders/51/hd414ycd67n82196sw51xqtc0000gn/T/cibw-run-8xm18qjk/cp39-macosx_arm64/build/venv/lib/python3.9/site-packages (65.6.3)
2022-12-27T02:56:52.6767950Z Requirement already satisfied: wheel in /private/var/folders/51/hd414ycd67n82196sw51xqtc0000gn/T/cibw-run-8xm18qjk/cp39-macosx_arm64/build/venv/lib/python3.9/site-packages (0.38.4)
2022-12-27T02:56:52.7300270Z Collecting delocate
2022-12-27T02:56:52.7325560Z   Using cached delocate-0.10.3-py3-none-any.whl (142 kB)
2022-12-27T02:56:52.8972670Z Collecting typing-extensions
2022-12-27T02:56:52.8996300Z   Using cached typing_extensions-4.4.0-py3-none-any.whl (26 kB)
2022-12-27T02:56:52.9277250Z Collecting packaging>=20.9
2022-12-27T02:56:52.9301440Z   Using cached packaging-21.3-py3-none-any.whl (40 kB)
2022-12-27T02:56:52.9730090Z Collecting pyparsing!=3.0.5,>=2.0.2
2022-12-27T02:56:52.9752460Z   Using cached pyparsing-3.0.9-py3-none-any.whl (98 kB)
2022-12-27T02:56:53.0128000Z Installing collected packages: typing-extensions, pyparsing, packaging, delocate
2022-12-27T02:56:53.1616630Z Successfully installed delocate-0.10.3 packaging-21.3 pyparsing-3.0.9 typing-extensions-4.4.0
2022-12-27T02:56:53.2078420Z ##[endgroup]
2022-12-27T02:56:53.2078910Z                                                               [32m✓ [0m1.05s
2022-12-27T02:56:53.2079550Z ##[group]Running before_build...
2022-12-27T02:56:53.2079700Z 
2022-12-27T02:56:53.2086040Z + pip install Cython; if [[ -f requirements.txt ]]; then pip install -r requirements.txt; fi
2022-12-27T02:56:53.9286200Z Collecting Cython
2022-12-27T02:56:53.9331420Z   Using cached Cython-0.29.32-py2.py3-none-any.whl (986 kB)
2022-12-27T02:56:53.9809430Z Installing collected packages: Cython
2022-12-27T02:56:54.4581720Z Successfully installed Cython-0.29.32
2022-12-27T02:56:55.2260490Z Collecting coverage>=4.0
2022-12-27T02:56:55.2290360Z   Using cached coverage-7.0.1-cp39-cp39-macosx_10_9_x86_64.whl (188 kB)
2022-12-27T02:56:55.2393680Z Requirement already satisfied: cython>=0.23 in /private/var/folders/51/hd414ycd67n82196sw51xqtc0000gn/T/cibw-run-8xm18qjk/cp39-macosx_arm64/build/venv/lib/python3.9/site-packages (from -r requirements.txt (line 3)) (0.29.32)
2022-12-27T02:56:55.2547780Z Collecting enum34>=1.0.4
2022-12-27T02:56:55.2569040Z   Using cached enum34-1.1.10-py3-none-any.whl (11 kB)
2022-12-27T02:56:55.2720690Z Collecting futures>=2.2.0
2022-12-27T02:56:55.2722330Z   Using cached futures-3.0.5-py3-none-any.whl
2022-12-27T02:56:55.5769200Z Collecting protobuf>=3.2.0
2022-12-27T02:56:55.5803790Z   Using cached protobuf-4.21.12-cp37-abi3-macosx_10_9_universal2.whl (486 kB)
2022-12-27T02:56:55.6003410Z Collecting six>=1.10
2022-12-27T02:56:55.6023870Z   Using cached six-1.16.0-py2.py3-none-any.whl (11 kB)
2022-12-27T02:56:55.6041270Z Requirement already satisfied: wheel>=0.29 in /private/var/folders/51/hd414ycd67n82196sw51xqtc0000gn/T/cibw-run-8xm18qjk/cp39-macosx_arm64/build/venv/lib/python3.9/site-packages (from -r requirements.txt (line 8)) (0.38.4)
2022-12-27T02:56:55.6501450Z Installing collected packages: futures, enum34, six, protobuf, coverage
2022-12-27T02:56:55.9306470Z Successfully installed coverage-7.0.1 enum34-1.1.10 futures-3.0.5 protobuf-4.21.12 six-1.16.0
2022-12-27T02:56:55.9827280Z ##[endgroup]
2022-12-27T02:56:55.9828020Z                                                               [32m✓ [0m2.77s
2022-12-27T02:56:55.9828710Z ##[group]Building wheel...
2022-12-27T02:56:55.9828910Z 
2022-12-27T02:56:55.9833890Z + python -m pip wheel /Users/runner/actions-runner/_work/python.build/python.build/build_grpcio12139/grpcio-1.2.1 --wheel-dir=/private/var/folders/51/hd414ycd67n82196sw51xqtc0000gn/T/cibw-run-8xm18qjk/cp39-macosx_arm64/built_wheel --no-deps -vvv
2022-12-27T02:56:56.2609710Z Created temporary directory: /private/var/folders/51/hd414ycd67n82196sw51xqtc0000gn/T/pip-ephem-wheel-cache-87t3i20y
2022-12-27T02:56:56.2614500Z Created temporary directory: /private/var/folders/51/hd414ycd67n82196sw51xqtc0000gn/T/pip-build-tracker-cd6qiy0r
2022-12-27T02:56:56.2616690Z Initialized build tracking at /private/var/folders/51/hd414ycd67n82196sw51xqtc0000gn/T/pip-build-tracker-cd6qiy0r
2022-12-27T02:56:56.2618500Z Created build tracker: /private/var/folders/51/hd414ycd67n82196sw51xqtc0000gn/T/pip-build-tracker-cd6qiy0r
2022-12-27T02:56:56.2619800Z Entered build tracker: /private/var/folders/51/hd414ycd67n82196sw51xqtc0000gn/T/pip-build-tracker-cd6qiy0r
2022-12-27T02:56:56.2623240Z Created temporary directory: /private/var/folders/51/hd414ycd67n82196sw51xqtc0000gn/T/pip-wheel-_f39gwhy
2022-12-27T02:56:56.2629270Z Created temporary directory: /private/var/folders/51/hd414ycd67n82196sw51xqtc0000gn/T/pip-ephem-wheel-cache-us37zhp9
2022-12-27T02:56:56.2791540Z Processing /Users/runner/actions-runner/_work/python.build/python.build/build_grpcio12139/grpcio-1.2.1
2022-12-27T02:56:56.2796530Z   Added file:///Users/runner/actions-runner/_work/python.build/python.build/build_grpcio12139/grpcio-1.2.1 to build tracker '/private/var/folders/51/hd414ycd67n82196sw51xqtc0000gn/T/pip-build-tracker-cd6qiy0r'
2022-12-27T02:56:56.2800780Z   Running setup.py (path:/Users/runner/actions-runner/_work/python.build/python.build/build_grpcio12139/grpcio-1.2.1/setup.py) egg_info for package from file:///Users/runner/actions-runner/_work/python.build/python.build/build_grpcio12139/grpcio-1.2.1
2022-12-27T02:56:56.2803330Z   Created temporary directory: /private/var/folders/51/hd414ycd67n82196sw51xqtc0000gn/T/pip-pip-egg-info-xgoat6qj
2022-12-27T02:56:56.2804720Z   Preparing metadata (setup.py): started
2022-12-27T02:56:56.2806750Z   Running command python setup.py egg_info
2022-12-27T02:56:56.7041510Z   /private/var/folders/51/hd414ycd67n82196sw51xqtc0000gn/T/cibw-run-8xm18qjk/cp39-macosx_arm64/build/venv/lib/python3.9/site-packages/Cython/Compiler/Main.py:369: FutureWarning: Cython directive 'language_level' not set, using 2 for now (Py2). This will change in a later release! File: /Users/runner/actions-runner/_work/python.build/python.build/build_grpcio12139/grpcio-1.2.1/src/python/grpcio/grpc/_cython/cygrpc.pxd
2022-12-27T02:56:56.7042260Z     tree = Parsing.p_module(s, pxd, full_module_name)
2022-12-27T02:56:56.7601930Z   warning: src/python/grpcio/grpc/_cython/_cygrpc/grpc.pxi:150:13: 'GRPC_ARG_PRIMARY_USER_AGENT_STRING' redeclared
2022-12-27T02:56:57.7046050Z   Compiling src/python/grpcio/grpc/_cython/cygrpc.pyx because it depends on /private/var/folders/51/hd414ycd67n82196sw51xqtc0000gn/T/cibw-run-8xm18qjk/cp39-macosx_arm64/build/venv/lib/python3.9/site-packages/Cython/Includes/libc/time.pxd.
2022-12-27T02:56:57.7047580Z   [1/1] Cythonizing src/python/grpcio/grpc/_cython/cygrpc.pyx
2022-12-27T02:56:57.7260370Z   running egg_info
2022-12-27T02:56:57.7264790Z   creating /private/var/folders/51/hd414ycd67n82196sw51xqtc0000gn/T/pip-pip-egg-info-xgoat6qj/grpcio.egg-info
2022-12-27T02:56:57.7278200Z   writing /private/var/folders/51/hd414ycd67n82196sw51xqtc0000gn/T/pip-pip-egg-info-xgoat6qj/grpcio.egg-info/PKG-INFO
2022-12-27T02:56:57.7280810Z   writing dependency_links to /private/var/folders/51/hd414ycd67n82196sw51xqtc0000gn/T/pip-pip-egg-info-xgoat6qj/grpcio.egg-info/dependency_links.txt
2022-12-27T02:56:57.7285120Z   writing requirements to /private/var/folders/51/hd414ycd67n82196sw51xqtc0000gn/T/pip-pip-egg-info-xgoat6qj/grpcio.egg-info/requires.txt
2022-12-27T02:56:57.7286780Z   writing top-level names to /private/var/folders/51/hd414ycd67n82196sw51xqtc0000gn/T/pip-pip-egg-info-xgoat6qj/grpcio.egg-info/top_level.txt
2022-12-27T02:56:57.7290260Z   writing manifest file '/private/var/folders/51/hd414ycd67n82196sw51xqtc0000gn/T/pip-pip-egg-info-xgoat6qj/grpcio.egg-info/SOURCES.txt'
2022-12-27T02:56:57.7380880Z   reading manifest file '/private/var/folders/51/hd414ycd67n82196sw51xqtc0000gn/T/pip-pip-egg-info-xgoat6qj/grpcio.egg-info/SOURCES.txt'
2022-12-27T02:56:57.7382540Z   reading manifest template 'PYTHON-MANIFEST.in'
2022-12-27T02:56:57.7410350Z   warning: no files found matching '*.h' under directory 'src/python/grpcio/grpc'
2022-12-27T02:56:57.7477970Z   warning: no files found matching '*.python' under directory 'src/python/grpcio/grpc'
2022-12-27T02:56:57.7493940Z   warning: no previously-included files matching '*.so' found under directory 'src/python/grpcio/grpc/_cython'
2022-12-27T02:56:57.7496830Z   warning: no previously-included files matching '*.pyd' found under directory 'src/python/grpcio/grpc/_cython'
2022-12-27T02:56:57.8017660Z   warning: no files found matching 'src/python/grpcio/precompiled.py'
2022-12-27T02:56:57.8373820Z   writing manifest file '/private/var/folders/51/hd414ycd67n82196sw51xqtc0000gn/T/pip-pip-egg-info-xgoat6qj/grpcio.egg-info/SOURCES.txt'
2022-12-27T02:56:57.9140490Z   Preparing metadata (setup.py): finished with status 'done'
2022-12-27T02:56:57.9164790Z   Source in /Users/runner/actions-runner/_work/python.build/python.build/build_grpcio12139/grpcio-1.2.1 has version 1.2.1, which satisfies requirement grpcio==1.2.1 from file:///Users/runner/actions-runner/_work/python.build/python.build/build_grpcio12139/grpcio-1.2.1
2022-12-27T02:56:57.9167990Z   Removed grpcio==1.2.1 from file:///Users/runner/actions-runner/_work/python.build/python.build/build_grpcio12139/grpcio-1.2.1 from build tracker '/private/var/folders/51/hd414ycd67n82196sw51xqtc0000gn/T/pip-build-tracker-cd6qiy0r'
2022-12-27T02:56:57.9185900Z Created temporary directory: /private/var/folders/51/hd414ycd67n82196sw51xqtc0000gn/T/pip-unpack-39_rfapv
2022-12-27T02:56:57.9187800Z Building wheels for collected packages: grpcio
2022-12-27T02:56:57.9193690Z   Created temporary directory: /private/var/folders/51/hd414ycd67n82196sw51xqtc0000gn/T/pip-wheel-pv6l8u5f
2022-12-27T02:56:57.9194770Z   Building wheel for grpcio (setup.py): started
2022-12-27T02:56:57.9196890Z   Destination directory: /private/var/folders/51/hd414ycd67n82196sw51xqtc0000gn/T/pip-wheel-pv6l8u5f
2022-12-27T02:56:57.9198100Z   Running command python setup.py bdist_wheel
2022-12-27T02:56:58.3317690Z   running bdist_wheel
2022-12-27T02:56:58.3347440Z   running build
2022-12-27T02:56:58.3349210Z   running build_py
2022-12-27T02:56:58.3351280Z   running build_project_metadata
2022-12-27T02:56:58.3355300Z   creating python_build
2022-12-27T02:56:58.3357840Z   creating python_build/lib.macosx-11.0-arm64-cpython-39
2022-12-27T02:56:58.3358750Z   creating python_build/lib.macosx-11.0-arm64-cpython-39/grpc
2022-12-27T02:56:58.3360850Z   copying src/python/grpcio/grpc/_channel.py -> python_build/lib.macosx-11.0-arm64-cpython-39/grpc
2022-12-27T02:56:58.3363000Z   copying src/python/grpcio/grpc/_common.py -> python_build/lib.macosx-11.0-arm64-cpython-39/grpc
2022-12-27T02:56:58.3366780Z   copying src/python/grpcio/grpc/__init__.py -> python_build/lib.macosx-11.0-arm64-cpython-39/grpc
2022-12-27T02:56:58.3370260Z   copying src/python/grpcio/grpc/_utilities.py -> python_build/lib.macosx-11.0-arm64-cpython-39/grpc
2022-12-27T02:56:58.3372340Z   copying src/python/grpcio/grpc/_plugin_wrapping.py -> python_build/lib.macosx-11.0-arm64-cpython-39/grpc
2022-12-27T02:56:58.3376570Z   copying src/python/grpcio/grpc/_grpcio_metadata.py -> python_build/lib.macosx-11.0-arm64-cpython-39/grpc
2022-12-27T02:56:58.3378430Z   copying src/python/grpcio/grpc/_server.py -> python_build/lib.macosx-11.0-arm64-cpython-39/grpc
2022-12-27T02:56:58.3380200Z   copying src/python/grpcio/grpc/_auth.py -> python_build/lib.macosx-11.0-arm64-cpython-39/grpc
2022-12-27T02:56:58.3384100Z   copying src/python/grpcio/grpc/_credential_composition.py -> python_build/lib.macosx-11.0-arm64-cpython-39/grpc
2022-12-27T02:56:58.3388810Z   creating python_build/lib.macosx-11.0-arm64-cpython-39/grpc/beta
2022-12-27T02:56:58.3390580Z   copying src/python/grpcio/grpc/beta/_server_adaptations.py -> python_build/lib.macosx-11.0-arm64-cpython-39/grpc/beta
2022-12-27T02:56:58.3392170Z   copying src/python/grpcio/grpc/beta/interfaces.py -> python_build/lib.macosx-11.0-arm64-cpython-39/grpc/beta
2022-12-27T02:56:58.3395120Z   copying src/python/grpcio/grpc/beta/__init__.py -> python_build/lib.macosx-11.0-arm64-cpython-39/grpc/beta
2022-12-27T02:56:58.3398180Z   copying src/python/grpcio/grpc/beta/utilities.py -> python_build/lib.macosx-11.0-arm64-cpython-39/grpc/beta
2022-12-27T02:56:58.3400070Z   copying src/python/grpcio/grpc/beta/implementations.py -> python_build/lib.macosx-11.0-arm64-cpython-39/grpc/beta
2022-12-27T02:56:58.3403350Z   copying src/python/grpcio/grpc/beta/_client_adaptations.py -> python_build/lib.macosx-11.0-arm64-cpython-39/grpc/beta
2022-12-27T02:56:58.3407700Z   creating python_build/lib.macosx-11.0-arm64-cpython-39/grpc/framework
2022-12-27T02:56:58.3409500Z   copying src/python/grpcio/grpc/framework/__init__.py -> python_build/lib.macosx-11.0-arm64-cpython-39/grpc/framework
2022-12-27T02:56:58.3413120Z   creating python_build/lib.macosx-11.0-arm64-cpython-39/grpc/_cython
2022-12-27T02:56:58.3414560Z   copying src/python/grpcio/grpc/_cython/__init__.py -> python_build/lib.macosx-11.0-arm64-cpython-39/grpc/_cython
2022-12-27T02:56:58.3420130Z   creating python_build/lib.macosx-11.0-arm64-cpython-39/grpc/framework/foundation
2022-12-27T02:56:58.3421850Z   copying src/python/grpcio/grpc/framework/foundation/callable_util.py -> python_build/lib.macosx-11.0-arm64-cpython-39/grpc/framework/foundation
2022-12-27T02:56:58.3425340Z   copying src/python/grpcio/grpc/framework/foundation/abandonment.py -> python_build/lib.macosx-11.0-arm64-cpython-39/grpc/framework/foundation
2022-12-27T02:56:58.3427690Z   copying src/python/grpcio/grpc/framework/foundation/__init__.py -> python_build/lib.macosx-11.0-arm64-cpython-39/grpc/framework/foundation
2022-12-27T02:56:58.3429830Z   copying src/python/grpcio/grpc/framework/foundation/stream.py -> python_build/lib.macosx-11.0-arm64-cpython-39/grpc/framework/foundation
2022-12-27T02:56:58.3432260Z   copying src/python/grpcio/grpc/framework/foundation/stream_util.py -> python_build/lib.macosx-11.0-arm64-cpython-39/grpc/framework/foundation
2022-12-27T02:56:58.3435010Z   copying src/python/grpcio/grpc/framework/foundation/future.py -> python_build/lib.macosx-11.0-arm64-cpython-39/grpc/framework/foundation
2022-12-27T02:56:58.3437740Z   copying src/python/grpcio/grpc/framework/foundation/logging_pool.py -> python_build/lib.macosx-11.0-arm64-cpython-39/grpc/framework/foundation
2022-12-27T02:56:58.3442420Z   creating python_build/lib.macosx-11.0-arm64-cpython-39/grpc/framework/common
2022-12-27T02:56:58.3443820Z   copying src/python/grpcio/grpc/framework/common/style.py -> python_build/lib.macosx-11.0-arm64-cpython-39/grpc/framework/common
2022-12-27T02:56:58.3447480Z   copying src/python/grpcio/grpc/framework/common/cardinality.py -> python_build/lib.macosx-11.0-arm64-cpython-39/grpc/framework/common
2022-12-27T02:56:58.3449940Z   copying src/python/grpcio/grpc/framework/common/__init__.py -> python_build/lib.macosx-11.0-arm64-cpython-39/grpc/framework/common
2022-12-27T02:56:58.3453820Z   creating python_build/lib.macosx-11.0-arm64-cpython-39/grpc/framework/interfaces
2022-12-27T02:56:58.3455770Z   copying src/python/grpcio/grpc/framework/interfaces/__init__.py -> python_build/lib.macosx-11.0-arm64-cpython-39/grpc/framework/interfaces
2022-12-27T02:56:58.3459440Z   creating python_build/lib.macosx-11.0-arm64-cpython-39/grpc/framework/interfaces/face
2022-12-27T02:56:58.3461220Z   copying src/python/grpcio/grpc/framework/interfaces/face/__init__.py -> python_build/lib.macosx-11.0-arm64-cpython-39/grpc/framework/interfaces/face
2022-12-27T02:56:58.3464150Z   copying src/python/grpcio/grpc/framework/interfaces/face/utilities.py -> python_build/lib.macosx-11.0-arm64-cpython-39/grpc/framework/interfaces/face
2022-12-27T02:56:58.3466070Z   copying src/python/grpcio/grpc/framework/interfaces/face/face.py -> python_build/lib.macosx-11.0-arm64-cpython-39/grpc/framework/interfaces/face
2022-12-27T02:56:58.3471370Z   creating python_build/lib.macosx-11.0-arm64-cpython-39/grpc/framework/interfaces/base
2022-12-27T02:56:58.3473020Z   copying src/python/grpcio/grpc/framework/interfaces/base/__init__.py -> python_build/lib.macosx-11.0-arm64-cpython-39/grpc/framework/interfaces/base
2022-12-27T02:56:58.3476130Z   copying src/python/grpcio/grpc/framework/interfaces/base/utilities.py -> python_build/lib.macosx-11.0-arm64-cpython-39/grpc/framework/interfaces/base
2022-12-27T02:56:58.3478680Z   copying src/python/grpcio/grpc/framework/interfaces/base/base.py -> python_build/lib.macosx-11.0-arm64-cpython-39/grpc/framework/interfaces/base
2022-12-27T02:56:58.3482550Z   creating python_build/lib.macosx-11.0-arm64-cpython-39/grpc/_cython/_cygrpc
2022-12-27T02:56:58.3484300Z   copying src/python/grpcio/grpc/_cython/_cygrpc/__init__.py -> python_build/lib.macosx-11.0-arm64-cpython-39/grpc/_cython/_cygrpc
2022-12-27T02:56:58.3489340Z   creating python_build/lib.macosx-11.0-arm64-cpython-39/grpc/_cython/_credentials
2022-12-27T02:56:58.3491150Z   copying src/python/grpcio/grpc/_cython/_credentials/roots.pem -> python_build/lib.macosx-11.0-arm64-cpython-39/grpc/_cython/_credentials
2022-12-27T02:56:58.3515230Z   running build_ext
2022-12-27T02:56:58.3793970Z   Found cython-generated files...
2022-12-27T02:56:58.3802200Z   building 'grpc._cython.cygrpc' extension
2022-12-27T02:56:58.3827450Z   creating python_build/temp.macosx-11.0-arm64-cpython-39
2022-12-27T02:56:58.3829630Z   creating python_build/temp.macosx-11.0-arm64-cpython-39/src
2022-12-27T02:56:58.3831220Z   creating python_build/temp.macosx-11.0-arm64-cpython-39/src/boringssl
2022-12-27T02:56:58.3833520Z   creating python_build/temp.macosx-11.0-arm64-cpython-39/src/core
2022-12-27T02:56:58.3834910Z   creating python_build/temp.macosx-11.0-arm64-cpython-39/src/core/ext
2022-12-27T02:56:58.3836250Z   creating python_build/temp.macosx-11.0-arm64-cpython-39/src/core/ext/census
2022-12-27T02:56:58.3837800Z   creating python_build/temp.macosx-11.0-arm64-cpython-39/src/core/ext/census/gen
2022-12-27T02:56:58.3839190Z   creating python_build/temp.macosx-11.0-arm64-cpython-39/src/core/ext/client_channel
2022-12-27T02:56:58.3840510Z   creating python_build/temp.macosx-11.0-arm64-cpython-39/src/core/ext/lb_policy
2022-12-27T02:56:58.3842030Z   creating python_build/temp.macosx-11.0-arm64-cpython-39/src/core/ext/lb_policy/grpclb
2022-12-27T02:56:58.3843720Z   creating python_build/temp.macosx-11.0-arm64-cpython-39/src/core/ext/lb_policy/grpclb/proto
2022-12-27T02:56:58.3911240Z   creating python_build/temp.macosx-11.0-arm64-cpython-39/src/core/ext/lb_policy/grpclb/proto/grpc
2022-12-27T02:56:58.3911620Z   creating python_build/temp.macosx-11.0-arm64-cpython-39/src/core/ext/lb_policy/grpclb/proto/grpc/lb
2022-12-27T02:56:58.3912100Z   creating python_build/temp.macosx-11.0-arm64-cpython-39/src/core/ext/lb_policy/grpclb/proto/grpc/lb/v1
2022-12-27T02:56:58.3912600Z   creating python_build/temp.macosx-11.0-arm64-cpython-39/src/core/ext/lb_policy/pick_first
2022-12-27T02:56:58.3913130Z   creating python_build/temp.macosx-11.0-arm64-cpython-39/src/core/ext/lb_policy/round_robin
2022-12-27T02:56:58.3913610Z   creating python_build/temp.macosx-11.0-arm64-cpython-39/src/core/ext/load_reporting
2022-12-27T02:56:58.3914140Z   creating python_build/temp.macosx-11.0-arm64-cpython-39/src/core/ext/resolver
2022-12-27T02:56:58.3914900Z   creating python_build/temp.macosx-11.0-arm64-cpython-39/src/core/ext/resolver/dns
2022-12-27T02:56:58.3915330Z   creating python_build/temp.macosx-11.0-arm64-cpython-39/src/core/ext/resolver/dns/native
2022-12-27T02:56:58.3915860Z   creating python_build/temp.macosx-11.0-arm64-cpython-39/src/core/ext/resolver/sockaddr
2022-12-27T02:56:58.3916300Z   creating python_build/temp.macosx-11.0-arm64-cpython-39/src/core/ext/transport
2022-12-27T02:56:58.3916850Z   creating python_build/temp.macosx-11.0-arm64-cpython-39/src/core/ext/transport/chttp2
2022-12-27T02:56:58.3917220Z   creating python_build/temp.macosx-11.0-arm64-cpython-39/src/core/ext/transport/chttp2/alpn
2022-12-27T02:56:58.3917690Z   creating python_build/temp.macosx-11.0-arm64-cpython-39/src/core/ext/transport/chttp2/client
2022-12-27T02:56:58.3918470Z   creating python_build/temp.macosx-11.0-arm64-cpython-39/src/core/ext/transport/chttp2/client/insecure
2022-12-27T02:56:58.3919430Z   creating python_build/temp.macosx-11.0-arm64-cpython-39/src/core/ext/transport/chttp2/client/secure
2022-12-27T02:56:58.3919780Z   creating python_build/temp.macosx-11.0-arm64-cpython-39/src/core/ext/transport/chttp2/server
2022-12-27T02:56:58.3920260Z   creating python_build/temp.macosx-11.0-arm64-cpython-39/src/core/ext/transport/chttp2/server/insecure
2022-12-27T02:56:58.3920650Z   creating python_build/temp.macosx-11.0-arm64-cpython-39/src/core/ext/transport/chttp2/server/secure
2022-12-27T02:56:58.3921010Z   creating python_build/temp.macosx-11.0-arm64-cpython-39/src/core/ext/transport/chttp2/transport
2022-12-27T02:56:58.3921320Z   creating python_build/temp.macosx-11.0-arm64-cpython-39/src/core/lib
2022-12-27T02:56:58.3921640Z   creating python_build/temp.macosx-11.0-arm64-cpython-39/src/core/lib/channel
2022-12-27T02:56:58.3921990Z   creating python_build/temp.macosx-11.0-arm64-cpython-39/src/core/lib/compression
2022-12-27T02:56:58.3922340Z   creating python_build/temp.macosx-11.0-arm64-cpython-39/src/core/lib/debug
2022-12-27T02:56:58.3922660Z   creating python_build/temp.macosx-11.0-arm64-cpython-39/src/core/lib/http
2022-12-27T02:56:58.3923000Z   creating python_build/temp.macosx-11.0-arm64-cpython-39/src/core/lib/iomgr
2022-12-27T02:56:58.3923360Z   creating python_build/temp.macosx-11.0-arm64-cpython-39/src/core/lib/json
2022-12-27T02:56:58.3923680Z   creating python_build/temp.macosx-11.0-arm64-cpython-39/src/core/lib/profiling
2022-12-27T02:56:58.3923990Z   creating python_build/temp.macosx-11.0-arm64-cpython-39/src/core/lib/security
2022-12-27T02:56:58.3924360Z   creating python_build/temp.macosx-11.0-arm64-cpython-39/src/core/lib/security/context
2022-12-27T02:56:58.3924730Z   creating python_build/temp.macosx-11.0-arm64-cpython-39/src/core/lib/security/credentials
2022-12-27T02:56:58.3925170Z   creating python_build/temp.macosx-11.0-arm64-cpython-39/src/core/lib/security/credentials/composite
2022-12-27T02:56:58.3925690Z   creating python_build/temp.macosx-11.0-arm64-cpython-39/src/core/lib/security/credentials/fake
2022-12-27T02:56:58.3926290Z   creating python_build/temp.macosx-11.0-arm64-cpython-39/src/core/lib/security/credentials/google_default
2022-12-27T02:56:58.3926700Z   creating python_build/temp.macosx-11.0-arm64-cpython-39/src/core/lib/security/credentials/iam
2022-12-27T02:56:58.3927090Z   creating python_build/temp.macosx-11.0-arm64-cpython-39/src/core/lib/security/credentials/jwt
2022-12-27T02:56:58.3927570Z   creating python_build/temp.macosx-11.0-arm64-cpython-39/src/core/lib/security/credentials/oauth2
2022-12-27T02:56:58.3927980Z   creating python_build/temp.macosx-11.0-arm64-cpython-39/src/core/lib/security/credentials/plugin
2022-12-27T02:56:58.3928340Z   creating python_build/temp.macosx-11.0-arm64-cpython-39/src/core/lib/security/credentials/ssl
2022-12-27T02:56:58.3928720Z   creating python_build/temp.macosx-11.0-arm64-cpython-39/src/core/lib/security/transport
2022-12-27T02:56:58.3929080Z   creating python_build/temp.macosx-11.0-arm64-cpython-39/src/core/lib/security/util
2022-12-27T02:56:58.3929440Z   creating python_build/temp.macosx-11.0-arm64-cpython-39/src/core/lib/slice
2022-12-27T02:56:58.3929770Z   creating python_build/temp.macosx-11.0-arm64-cpython-39/src/core/lib/support
2022-12-27T02:56:58.3930110Z   creating python_build/temp.macosx-11.0-arm64-cpython-39/src/core/lib/surface
2022-12-27T02:56:58.3930480Z   creating python_build/temp.macosx-11.0-arm64-cpython-39/src/core/lib/transport
2022-12-27T02:56:58.3930930Z   creating python_build/temp.macosx-11.0-arm64-cpython-39/src/core/lib/tsi
2022-12-27T02:56:58.3932940Z   creating python_build/temp.macosx-11.0-arm64-cpython-39/src/core/plugin_registry
2022-12-27T02:56:58.3934580Z   creating python_build/temp.macosx-11.0-arm64-cpython-39/src/python
2022-12-27T02:56:58.3936120Z   creating python_build/temp.macosx-11.0-arm64-cpython-39/src/python/grpcio
2022-12-27T02:56:58.3937740Z   creating python_build/temp.macosx-11.0-arm64-cpython-39/src/python/grpcio/grpc
2022-12-27T02:56:58.3939300Z   creating python_build/temp.macosx-11.0-arm64-cpython-39/src/python/grpcio/grpc/_cython
2022-12-27T02:56:58.3940740Z   creating python_build/temp.macosx-11.0-arm64-cpython-39/third_party
2022-12-27T02:56:58.3942240Z   creating python_build/temp.macosx-11.0-arm64-cpython-39/third_party/boringssl
2022-12-27T02:56:58.3943670Z   creating python_build/temp.macosx-11.0-arm64-cpython-39/third_party/boringssl/crypto
2022-12-27T02:56:58.3945040Z   creating python_build/temp.macosx-11.0-arm64-cpython-39/third_party/boringssl/crypto/aes
2022-12-27T02:56:58.3946620Z   creating python_build/temp.macosx-11.0-arm64-cpython-39/third_party/boringssl/crypto/asn1
2022-12-27T02:56:58.3947980Z   creating python_build/temp.macosx-11.0-arm64-cpython-39/third_party/boringssl/crypto/base64
2022-12-27T02:56:58.3949430Z   creating python_build/temp.macosx-11.0-arm64-cpython-39/third_party/boringssl/crypto/bio
2022-12-27T02:56:58.3950860Z   creating python_build/temp.macosx-11.0-arm64-cpython-39/third_party/boringssl/crypto/bn
2022-12-27T02:56:58.3952330Z   creating python_build/temp.macosx-11.0-arm64-cpython-39/third_party/boringssl/crypto/bn/asm
2022-12-27T02:56:58.3956300Z   creating python_build/temp.macosx-11.0-arm64-cpython-39/third_party/boringssl/crypto/buf
2022-12-27T02:56:58.3958350Z   creating python_build/temp.macosx-11.0-arm64-cpython-39/third_party/boringssl/crypto/bytestring
2022-12-27T02:56:58.3959600Z   creating python_build/temp.macosx-11.0-arm64-cpython-39/third_party/boringssl/crypto/chacha
2022-12-27T02:56:58.3961230Z   creating python_build/temp.macosx-11.0-arm64-cpython-39/third_party/boringssl/crypto/cipher
2022-12-27T02:56:58.3962800Z   creating python_build/temp.macosx-11.0-arm64-cpython-39/third_party/boringssl/crypto/cmac
2022-12-27T02:56:58.3964220Z   creating python_build/temp.macosx-11.0-arm64-cpython-39/third_party/boringssl/crypto/conf
2022-12-27T02:56:58.3966730Z   creating python_build/temp.macosx-11.0-arm64-cpython-39/third_party/boringssl/crypto/curve25519
2022-12-27T02:56:58.3968600Z   creating python_build/temp.macosx-11.0-arm64-cpython-39/third_party/boringssl/crypto/des
2022-12-27T02:56:58.3970310Z   creating python_build/temp.macosx-11.0-arm64-cpython-39/third_party/boringssl/crypto/dh
2022-12-27T02:56:58.3971800Z   creating python_build/temp.macosx-11.0-arm64-cpython-39/third_party/boringssl/crypto/digest
2022-12-27T02:56:58.3973240Z   creating python_build/temp.macosx-11.0-arm64-cpython-39/third_party/boringssl/crypto/dsa
2022-12-27T02:56:58.3974730Z   creating python_build/temp.macosx-11.0-arm64-cpython-39/third_party/boringssl/crypto/ec
2022-12-27T02:56:58.3976370Z   creating python_build/temp.macosx-11.0-arm64-cpython-39/third_party/boringssl/crypto/ecdh
2022-12-27T02:56:58.3977750Z   creating python_build/temp.macosx-11.0-arm64-cpython-39/third_party/boringssl/crypto/ecdsa
2022-12-27T02:56:58.3979620Z   creating python_build/temp.macosx-11.0-arm64-cpython-39/third_party/boringssl/crypto/engine
2022-12-27T02:56:58.3981860Z   creating python_build/temp.macosx-11.0-arm64-cpython-39/third_party/boringssl/crypto/err
2022-12-27T02:56:58.3983300Z   creating python_build/temp.macosx-11.0-arm64-cpython-39/third_party/boringssl/crypto/evp
2022-12-27T02:56:58.3987030Z   creating python_build/temp.macosx-11.0-arm64-cpython-39/third_party/boringssl/crypto/hkdf
2022-12-27T02:56:58.3988870Z   creating python_build/temp.macosx-11.0-arm64-cpython-39/third_party/boringssl/crypto/hmac
2022-12-27T02:56:58.3990710Z   creating python_build/temp.macosx-11.0-arm64-cpython-39/third_party/boringssl/crypto/lhash
2022-12-27T02:56:58.3992570Z   creating python_build/temp.macosx-11.0-arm64-cpython-39/third_party/boringssl/crypto/md4
2022-12-27T02:56:58.3994370Z   creating python_build/temp.macosx-11.0-arm64-cpython-39/third_party/boringssl/crypto/md5
2022-12-27T02:56:58.3995940Z   creating python_build/temp.macosx-11.0-arm64-cpython-39/third_party/boringssl/crypto/modes
2022-12-27T02:56:58.3997820Z   creating python_build/temp.macosx-11.0-arm64-cpython-39/third_party/boringssl/crypto/newhope
2022-12-27T02:56:58.3999560Z   creating python_build/temp.macosx-11.0-arm64-cpython-39/third_party/boringssl/crypto/obj
2022-12-27T02:56:58.4001850Z   creating python_build/temp.macosx-11.0-arm64-cpython-39/third_party/boringssl/crypto/pem
2022-12-27T02:56:58.4003560Z   creating python_build/temp.macosx-11.0-arm64-cpython-39/third_party/boringssl/crypto/pkcs8
2022-12-27T02:56:58.4005020Z   creating python_build/temp.macosx-11.0-arm64-cpython-39/third_party/boringssl/crypto/poly1305
2022-12-27T02:56:58.4006750Z   creating python_build/temp.macosx-11.0-arm64-cpython-39/third_party/boringssl/crypto/rand
2022-12-27T02:56:58.4008290Z   creating python_build/temp.macosx-11.0-arm64-cpython-39/third_party/boringssl/crypto/rc4
2022-12-27T02:56:58.4009740Z   creating python_build/temp.macosx-11.0-arm64-cpython-39/third_party/boringssl/crypto/rsa
2022-12-27T02:56:58.4011450Z   creating python_build/temp.macosx-11.0-arm64-cpython-39/third_party/boringssl/crypto/sha
2022-12-27T02:56:58.4013300Z   creating python_build/temp.macosx-11.0-arm64-cpython-39/third_party/boringssl/crypto/stack
2022-12-27T02:56:58.4015130Z   creating python_build/temp.macosx-11.0-arm64-cpython-39/third_party/boringssl/crypto/x509
2022-12-27T02:56:58.4019800Z   creating python_build/temp.macosx-11.0-arm64-cpython-39/third_party/boringssl/crypto/x509v3
2022-12-27T02:56:58.4024170Z   creating python_build/temp.macosx-11.0-arm64-cpython-39/third_party/boringssl/ssl
2022-12-27T02:56:58.4028230Z   creating python_build/temp.macosx-11.0-arm64-cpython-39/third_party/nanopb
2022-12-27T02:56:58.4029800Z   creating python_build/temp.macosx-11.0-arm64-cpython-39/third_party/zlib
2022-12-27T02:56:58.4034620Z   gcc -Wno-unused-result -Wsign-compare -Wunreachable-code -fno-common -dynamic -DNDEBUG -g -fwrapv -O3 -Wall -g -I/usr/local/opt/openssl@3/include -I/usr/local/opt/openssl@3/include -arch arm64 -DOPENSSL_NO_ASM=1 -D_WIN32_WINNT=1536 -DGPR_BACKWARDS_COMPATIBILITY_MODE=1 "-DPyMODINIT_FUNC=__attribute__((visibility (\"default\"))) PyObject*" -Isrc/python/grpcio -Iinclude -I. -Ithird_party/boringssl/include -Ithird_party/zlib -I/private/var/folders/51/hd414ycd67n82196sw51xqtc0000gn/T/cibw-run-8xm18qjk/cp39-macosx_arm64/build/venv/include -I/Library/Frameworks/Python.framework/Versions/3.9/include/python3.9 -c src/boringssl/err_data.c -o python_build/temp.macosx-11.0-arm64-cpython-39/src/boringssl/err_data.o -fvisibility=hidden -fno-wrapv -pthread -std=gnu99
2022-12-27T02:56:58.4388270Z   In file included from src/boringssl/err_data.c:17:
2022-12-27T02:56:58.4390940Z   third_party/boringssl/include/openssl/base.h:120:9: warning: 'OPENSSL_VERSION_NUMBER' macro redefined [-Wmacro-redefined]
2022-12-27T02:56:58.4393000Z   #define OPENSSL_VERSION_NUMBER 0x10002000
2022-12-27T02:56:58.4395250Z           ^
2022-12-27T02:56:58.4397330Z   /usr/local/opt/openssl@3/include/openssl/opensslv.h:99:10: note: previous definition is here
2022-12-27T02:56:58.4398550Z   # define OPENSSL_VERSION_NUMBER          \
2022-12-27T02:56:58.4399820Z            ^
2022-12-27T02:56:58.4401370Z   In file included from src/boringssl/err_data.c:18:
2022-12-27T02:56:58.4402660Z   In file included from /usr/local/opt/openssl@3/include/openssl/err.h:21:
2022-12-27T02:56:58.4404280Z   /usr/local/opt/openssl@3/include/openssl/e_os2.h:183:11: warning: 'OPENSSL_EXPORT' macro redefined [-Wmacro-redefined]
2022-12-27T02:56:58.4405440Z   #  define OPENSSL_EXPORT extern
2022-12-27T02:56:58.4406780Z             ^
2022-12-27T02:56:58.4408230Z   third_party/boringssl/include/openssl/base.h:155:9: note: previous definition is here
2022-12-27T02:56:58.4409490Z   #define OPENSSL_EXPORT
2022-12-27T02:56:58.4410760Z           ^
2022-12-27T02:56:58.4453170Z   In file included from src/boringssl/err_data.c:18:
2022-12-27T02:56:58.4455260Z   In file included from /usr/local/opt/openssl@3/include/openssl/err.h:28:
2022-12-27T02:56:58.4456920Z   In file included from /usr/local/opt/openssl@3/include/openssl/types.h:21:
2022-12-27T02:56:58.4459560Z   /usr/local/opt/openssl@3/include/openssl/safestack.h:264:15: warning: redefinition of typedef 'OPENSSL_BLOCK' is a C11 feature [-Wtypedef-redefinition]
2022-12-27T02:56:58.4461270Z   typedef void *OPENSSL_BLOCK;
2022-12-27T02:56:58.4463510Z                 ^
2022-12-27T02:56:58.4465480Z   third_party/boringssl/include/openssl/base.h:298:15: note: previous definition is here
2022-12-27T02:56:58.4467220Z   typedef void *OPENSSL_BLOCK;
2022-12-27T02:56:58.4468820Z                 ^
2022-12-27T02:56:58.4470290Z   In file included from src/boringssl/err_data.c:18:
2022-12-27T02:56:58.4471710Z   In file included from /usr/local/opt/openssl@3/include/openssl/err.h:28:
2022-12-27T02:56:58.4473340Z   /usr/local/opt/openssl@3/include/openssl/types.h:45:31: warning: redefinition of typedef 'ASN1_INTEGER' is a C11 feature [-Wtypedef-redefinition]
2022-12-27T02:56:58.4474340Z   typedef struct asn1_string_st ASN1_INTEGER;
2022-12-27T02:56:58.4475640Z                                 ^
2022-12-27T02:56:58.4477110Z   third_party/boringssl/include/openssl/base.h:189:31: note: previous definition is here
2022-12-27T02:56:58.4478330Z   typedef struct asn1_string_st ASN1_INTEGER;
2022-12-27T02:56:58.4479580Z                                 ^
2022-12-27T02:56:58.4480910Z   In file included from src/boringssl/err_data.c:18:
2022-12-27T02:56:58.4482240Z   In file included from /usr/local/opt/openssl@3/include/openssl/err.h:28:
2022-12-27T02:56:58.4483910Z   /usr/local/opt/openssl@3/include/openssl/types.h:46:31: warning: redefinition of typedef 'ASN1_ENUMERATED' is a C11 feature [-Wtypedef-redefinition]
2022-12-27T02:56:58.4485010Z   typedef struct asn1_string_st ASN1_ENUMERATED;
2022-12-27T02:56:58.4486340Z                                 ^
2022-12-27T02:56:58.4487750Z   third_party/boringssl/include/openssl/base.h:185:31: note: previous definition is here
2022-12-27T02:56:58.4489010Z   typedef struct asn1_string_st ASN1_ENUMERATED;
2022-12-27T02:56:58.4490260Z                                 ^
2022-12-27T02:56:58.4491600Z   In file included from src/boringssl/err_data.c:18:
2022-12-27T02:56:58.4492940Z   In file included from /usr/local/opt/openssl@3/include/openssl/err.h:28:
2022-12-27T02:56:58.4494760Z   /usr/local/opt/openssl@3/include/openssl/types.h:47:31: warning: redefinition of typedef 'ASN1_BIT_STRING' is a C11 feature [-Wtypedef-redefinition]
2022-12-27T02:56:58.4495650Z   typedef struct asn1_string_st ASN1_BIT_STRING;
2022-12-27T02:56:58.4496920Z                                 ^
2022-12-27T02:56:58.4498330Z   third_party/boringssl/include/openssl/base.h:183:31: note: previous definition is here
2022-12-27T02:56:58.4499610Z   typedef struct asn1_string_st ASN1_BIT_STRING;
2022-12-27T02:56:58.4500850Z                                 ^
2022-12-27T02:56:58.4502210Z   In file included from src/boringssl/err_data.c:18:
2022-12-27T02:56:58.4503530Z   In file included from /usr/local/opt/openssl@3/include/openssl/err.h:28:
2022-12-27T02:56:58.4505120Z   /usr/local/opt/openssl@3/include/openssl/types.h:48:31: warning: redefinition of typedef 'ASN1_OCTET_STRING' is a C11 feature [-Wtypedef-redefinition]
2022-12-27T02:56:58.4506300Z   typedef struct asn1_string_st ASN1_OCTET_STRING;
2022-12-27T02:56:58.4507530Z                                 ^
2022-12-27T02:56:58.4509020Z   third_party/boringssl/include/openssl/base.h:190:31: note: previous definition is here
2022-12-27T02:56:58.4510250Z   typedef struct asn1_string_st ASN1_OCTET_STRING;
2022-12-27T02:56:58.4511580Z                                 ^
2022-12-27T02:56:58.4512830Z   In file included from src/boringssl/err_data.c:18:
2022-12-27T02:56:58.4514130Z   In file included from /usr/local/opt/openssl@3/include/openssl/err.h:28:
2022-12-27T02:56:58.4515740Z   /usr/local/opt/openssl@3/include/openssl/types.h:49:31: warning: redefinition of typedef 'ASN1_PRINTABLESTRING' is a C11 feature [-Wtypedef-redefinition]
2022-12-27T02:56:58.4516820Z   typedef struct asn1_string_st ASN1_PRINTABLESTRING;
2022-12-27T02:56:58.4518030Z                                 ^
2022-12-27T02:56:58.4519420Z   third_party/boringssl/include/openssl/base.h:191:31: note: previous definition is here
2022-12-27T02:56:58.4520740Z   typedef struct asn1_string_st ASN1_PRINTABLESTRING;
2022-12-27T02:56:58.4521940Z                                 ^
2022-12-27T02:56:58.4523280Z   In file included from src/boringssl/err_data.c:18:
2022-12-27T02:56:58.4524600Z   In file included from /usr/local/opt/openssl@3/include/openssl/err.h:28:
2022-12-27T02:56:58.4526280Z   /usr/local/opt/openssl@3/include/openssl/types.h:50:31: warning: redefinition of typedef 'ASN1_T61STRING' is a C11 feature [-Wtypedef-redefinition]
2022-12-27T02:56:58.4527350Z   typedef struct asn1_string_st ASN1_T61STRING;
2022-12-27T02:56:58.4528590Z                                 ^
2022-12-27T02:56:58.4529980Z   third_party/boringssl/include/openssl/base.h:193:31: note: previous definition is here
2022-12-27T02:56:58.4531260Z   typedef struct asn1_string_st ASN1_T61STRING;
2022-12-27T02:56:58.4532510Z                                 ^
2022-12-27T02:56:58.4533860Z   In file included from src/boringssl/err_data.c:18:
2022-12-27T02:56:58.4535180Z   In file included from /usr/local/opt/openssl@3/include/openssl/err.h:28:
2022-12-27T02:56:58.4536750Z   /usr/local/opt/openssl@3/include/openssl/types.h:51:31: warning: redefinition of typedef 'ASN1_IA5STRING' is a C11 feature [-Wtypedef-redefinition]
2022-12-27T02:56:58.4537870Z   typedef struct asn1_string_st ASN1_IA5STRING;
2022-12-27T02:56:58.4539110Z                                 ^
2022-12-27T02:56:58.4540500Z   third_party/boringssl/include/openssl/base.h:188:31: note: previous definition is here
2022-12-27T02:56:58.4541780Z   typedef struct asn1_string_st ASN1_IA5STRING;
2022-12-27T02:56:58.4543040Z                                 ^
2022-12-27T02:56:58.4544390Z   In file included from src/boringssl/err_data.c:18:
2022-12-27T02:56:58.4545770Z   In file included from /usr/local/opt/openssl@3/include/openssl/err.h:28:
2022-12-27T02:56:58.4547540Z   /usr/local/opt/openssl@3/include/openssl/types.h:52:31: warning: redefinition of typedef 'ASN1_GENERALSTRING' is a C11 feature [-Wtypedef-redefinition]
2022-12-27T02:56:58.4548670Z   typedef struct asn1_string_st ASN1_GENERALSTRING;
2022-12-27T02:56:58.4549890Z                                 ^
2022-12-27T02:56:58.4551650Z   third_party/boringssl/include/openssl/base.h:187:31: note: previous definition is here
2022-12-27T02:56:58.4552810Z   typedef struct asn1_string_st ASN1_GENERALSTRING;
2022-12-27T02:56:58.4554040Z                                 ^
2022-12-27T02:56:58.4555400Z   In file included from src/boringssl/err_data.c:18:
2022-12-27T02:56:58.4556740Z   In file included from /usr/local/opt/openssl@3/include/openssl/err.h:28:
2022-12-27T02:56:58.4558330Z   /usr/local/opt/openssl@3/include/openssl/types.h:53:31: warning: redefinition of typedef 'ASN1_UNIVERSALSTRING' is a C11 feature [-Wtypedef-redefinition]
2022-12-27T02:56:58.4559440Z   typedef struct asn1_string_st ASN1_UNIVERSALSTRING;
2022-12-27T02:56:58.4560690Z                                 ^
2022-12-27T02:56:58.4562100Z   third_party/boringssl/include/openssl/base.h:195:31: note: previous definition is here
2022-12-27T02:56:58.4563380Z   typedef struct asn1_string_st ASN1_UNIVERSALSTRING;
2022-12-27T02:56:58.4564730Z                                 ^
2022-12-27T02:56:58.4566230Z   In file included from src/boringssl/err_data.c:18:
2022-12-27T02:56:58.4567700Z   In file included from /usr/local/opt/openssl@3/include/openssl/err.h:28:
2022-12-27T02:56:58.4569430Z   /usr/local/opt/openssl@3/include/openssl/types.h:54:31: warning: redefinition of typedef 'ASN1_BMPSTRING' is a C11 feature [-Wtypedef-redefinition]
2022-12-27T02:56:58.4570550Z   typedef struct asn1_string_st ASN1_BMPSTRING;
2022-12-27T02:56:58.4571810Z                                 ^
2022-12-27T02:56:58.4573230Z   third_party/boringssl/include/openssl/base.h:184:31: note: previous definition is here
2022-12-27T02:56:58.4574520Z   typedef struct asn1_string_st ASN1_BMPSTRING;
2022-12-27T02:56:58.4575790Z                                 ^
2022-12-27T02:56:58.4577140Z   In file included from src/boringssl/err_data.c:18:
2022-12-27T02:56:58.4578490Z   In file included from /usr/local/opt/openssl@3/include/openssl/err.h:28:
2022-12-27T02:56:58.4580100Z   /usr/local/opt/openssl@3/include/openssl/types.h:55:31: warning: redefinition of typedef 'ASN1_UTCTIME' is a C11 feature [-Wtypedef-redefinition]
2022-12-27T02:56:58.4581190Z   typedef struct asn1_string_st ASN1_UTCTIME;
2022-12-27T02:56:58.4582440Z                                 ^
2022-12-27T02:56:58.4583860Z   third_party/boringssl/include/openssl/base.h:196:31: note: previous definition is here
2022-12-27T02:56:58.4585150Z   typedef struct asn1_string_st ASN1_UTCTIME;
2022-12-27T02:56:58.4586500Z                                 ^
2022-12-27T02:56:58.4587860Z   In file included from src/boringssl/err_data.c:18:
2022-12-27T02:56:58.4589260Z   In file included from /usr/local/opt/openssl@3/include/openssl/err.h:28:
2022-12-27T02:56:58.4590860Z   /usr/local/opt/openssl@3/include/openssl/types.h:56:31: warning: redefinition of typedef 'ASN1_TIME' is a C11 feature [-Wtypedef-redefinition]
2022-12-27T02:56:58.4592090Z   typedef struct asn1_string_st ASN1_TIME;
2022-12-27T02:56:58.4593420Z                                 ^
2022-12-27T02:56:58.4594990Z   third_party/boringssl/include/openssl/base.h:194:31: note: previous definition is here
2022-12-27T02:56:58.4596420Z   typedef struct asn1_string_st ASN1_TIME;
2022-12-27T02:56:58.4597880Z                                 ^
2022-12-27T02:56:58.4599520Z   In file included from src/boringssl/err_data.c:18:
2022-12-27T02:56:58.4601290Z   In file included from /usr/local/opt/openssl@3/include/openssl/err.h:28:
2022-12-27T02:56:58.4603610Z   /usr/local/opt/openssl@3/include/openssl/types.h:57:31: warning: redefinition of typedef 'ASN1_GENERALIZEDTIME' is a C11 feature [-Wtypedef-redefinition]
2022-12-27T02:56:58.4604790Z   typedef struct asn1_string_st ASN1_GENERALIZEDTIME;
2022-12-27T02:56:58.4606200Z                                 ^
2022-12-27T02:56:58.4608040Z   third_party/boringssl/include/openssl/base.h:186:31: note: previous definition is here
2022-12-27T02:56:58.4609790Z   typedef struct asn1_string_st ASN1_GENERALIZEDTIME;
2022-12-27T02:56:58.4611310Z                                 ^
2022-12-27T02:56:58.4613200Z   In file included from src/boringssl/err_data.c:18:
2022-12-27T02:56:58.4614720Z   In file included from /usr/local/opt/openssl@3/include/openssl/err.h:28:
2022-12-27T02:56:58.4616850Z   /usr/local/opt/openssl@3/include/openssl/types.h:58:31: warning: redefinition of typedef 'ASN1_VISIBLESTRING' is a C11 feature [-Wtypedef-redefinition]
2022-12-27T02:56:58.4618340Z   typedef struct asn1_string_st ASN1_VISIBLESTRING;
2022-12-27T02:56:58.4620070Z                                 ^
2022-12-27T02:56:58.4622210Z   third_party/boringssl/include/openssl/base.h:198:31: note: previous definition is here
2022-12-27T02:56:58.4623970Z   typedef struct asn1_string_st ASN1_VISIBLESTRING;
2022-12-27T02:56:58.4625890Z                                 ^
2022-12-27T02:56:58.4627660Z   In file included from src/boringssl/err_data.c:18:
2022-12-27T02:56:58.4629470Z   In file included from /usr/local/opt/openssl@3/include/openssl/err.h:28:
2022-12-27T02:56:58.4631590Z   /usr/local/opt/openssl@3/include/openssl/types.h:59:31: warning: redefinition of typedef 'ASN1_UTF8STRING' is a C11 feature [-Wtypedef-redefinition]
2022-12-27T02:56:58.4633200Z   typedef struct asn1_string_st ASN1_UTF8STRING;
2022-12-27T02:56:58.4635000Z                                 ^
2022-12-27T02:56:58.4636960Z   third_party/boringssl/include/openssl/base.h:197:31: note: previous definition is here
2022-12-27T02:56:58.4638730Z   typedef struct asn1_string_st ASN1_UTF8STRING;
2022-12-27T02:56:58.4640510Z                                 ^
2022-12-27T02:56:58.4642390Z   In file included from src/boringssl/err_data.c:18:
2022-12-27T02:56:58.4644210Z   In file included from /usr/local/opt/openssl@3/include/openssl/err.h:28:
2022-12-27T02:56:58.4646490Z   /usr/local/opt/openssl@3/include/openssl/types.h:60:31: warning: redefinition of typedef 'ASN1_STRING' is a C11 feature [-Wtypedef-redefinition]
2022-12-27T02:56:58.4648040Z   typedef struct asn1_string_st ASN1_STRING;
2022-12-27T02:56:58.4649890Z                                 ^
2022-12-27T02:56:58.4652420Z   third_party/boringssl/include/openssl/base.h:192:31: note: previous definition is here
2022-12-27T02:56:58.4654240Z   typedef struct asn1_string_st ASN1_STRING;
2022-12-27T02:56:58.4656010Z                                 ^
2022-12-27T02:56:58.4658180Z   In file included from src/boringssl/err_data.c:18:
2022-12-27T02:56:58.4660190Z   In file included from /usr/local/opt/openssl@3/include/openssl/err.h:28:
2022-12-27T02:56:58.4662590Z   /usr/local/opt/openssl@3/include/openssl/types.h:61:13: warning: redefinition of typedef 'ASN1_BOOLEAN' is a C11 feature [-Wtypedef-redefinition]
2022-12-27T02:56:58.4664050Z   typedef int ASN1_BOOLEAN;
2022-12-27T02:56:58.4665840Z               ^
2022-12-27T02:56:58.4667860Z   third_party/boringssl/include/openssl/base.h:178:13: note: previous definition is here
2022-12-27T02:56:58.4669960Z   typedef int ASN1_BOOLEAN;
2022-12-27T02:56:58.4671870Z               ^
2022-12-27T02:56:58.4673900Z   In file included from src/boringssl/err_data.c:18:
2022-12-27T02:56:58.4675900Z   In file included from /usr/local/opt/openssl@3/include/openssl/err.h:28:
2022-12-27T02:56:58.4678290Z   /usr/local/opt/openssl@3/include/openssl/types.h:62:13: warning: redefinition of typedef 'ASN1_NULL' is a C11 feature [-Wtypedef-redefinition]
2022-12-27T02:56:58.4679760Z   typedef int ASN1_NULL;
2022-12-27T02:56:58.4681860Z               ^
2022-12-27T02:56:58.4684080Z   third_party/boringssl/include/openssl/base.h:179:13: note: previous definition is here
2022-12-27T02:56:58.4686090Z   typedef int ASN1_NULL;
2022-12-27T02:56:58.4687800Z               ^
2022-12-27T02:56:58.4689960Z   In file included from src/boringssl/err_data.c:18:
2022-12-27T02:56:58.4691730Z   In file included from /usr/local/opt/openssl@3/include/openssl/err.h:28:
2022-12-27T02:56:58.4693970Z   /usr/local/opt/openssl@3/include/openssl/types.h:65:29: warning: redefinition of typedef 'ASN1_TYPE' is a C11 feature [-Wtypedef-redefinition]
2022-12-27T02:56:58.4695360Z   typedef struct asn1_type_st ASN1_TYPE;
2022-12-27T02:56:58.4697120Z                               ^
2022-12-27T02:56:58.4699060Z   third_party/boringssl/include/openssl/base.h:199:29: note: previous definition is here
2022-12-27T02:56:58.4700330Z   typedef struct asn1_type_st ASN1_TYPE;
2022-12-27T02:56:58.4701720Z                               ^
2022-12-27T02:56:58.4703120Z   In file included from src/boringssl/err_data.c:18:
2022-12-27T02:56:58.4704430Z   In file included from /usr/local/opt/openssl@3/include/openssl/err.h:28:
2022-12-27T02:56:58.4706160Z   /usr/local/opt/openssl@3/include/openssl/types.h:66:31: warning: redefinition of typedef 'ASN1_OBJECT' is a C11 feature [-Wtypedef-redefinition]
2022-12-27T02:56:58.4707340Z   typedef struct asn1_object_st ASN1_OBJECT;
2022-12-27T02:56:58.4708600Z                                 ^
2022-12-27T02:56:58.4710040Z   third_party/boringssl/include/openssl/base.h:181:31: note: previous definition is here
2022-12-27T02:56:58.4711350Z   typedef struct asn1_object_st ASN1_OBJECT;
2022-12-27T02:56:58.4712620Z                                 ^
2022-12-27T02:56:58.4713950Z   In file included from src/boringssl/err_data.c:18:
2022-12-27T02:56:58.4715290Z   In file included from /usr/local/opt/openssl@3/include/openssl/err.h:28:
2022-12-27T02:56:58.4716870Z   /usr/local/opt/openssl@3/include/openssl/types.h:69:29: warning: redefinition of typedef 'ASN1_ITEM' is a C11 feature [-Wtypedef-redefinition]
2022-12-27T02:56:58.4717980Z   typedef struct ASN1_ITEM_st ASN1_ITEM;
2022-12-27T02:56:58.4719240Z                               ^
2022-12-27T02:56:58.4720650Z   third_party/boringssl/include/openssl/base.h:180:29: note: previous definition is here
2022-12-27T02:56:58.4721990Z   typedef struct ASN1_ITEM_st ASN1_ITEM;
2022-12-27T02:56:58.4723200Z                               ^
2022-12-27T02:56:58.4724550Z   In file included from src/boringssl/err_data.c:18:
2022-12-27T02:56:58.4725980Z   In file included from /usr/local/opt/openssl@3/include/openssl/err.h:28:
2022-12-27T02:56:58.4727560Z   /usr/local/opt/openssl@3/include/openssl/types.h:70:29: warning: redefinition of typedef 'ASN1_PCTX' is a C11 feature [-Wtypedef-redefinition]
2022-12-27T02:56:58.4728630Z   typedef struct asn1_pctx_st ASN1_PCTX;
2022-12-27T02:56:58.4729880Z                               ^
2022-12-27T02:56:58.4731290Z   third_party/boringssl/include/openssl/base.h:182:29: note: previous definition is here
2022-12-27T02:56:58.4732880Z   typedef struct asn1_pctx_st ASN1_PCTX;
2022-12-27T02:56:58.4734120Z                               ^
2022-12-27T02:56:58.4736240Z   In file included from src/boringssl/err_data.c:18:
2022-12-27T02:56:58.4737880Z   In file included from /usr/local/opt/openssl@3/include/openssl/err.h:28:
2022-12-27T02:56:58.4739330Z   /usr/local/opt/openssl@3/include/openssl/types.h:86:23: warning: redefinition of typedef 'BIO' is a C11 feature [-Wtypedef-redefinition]
2022-12-27T02:56:58.4740530Z   typedef struct bio_st BIO;
2022-12-27T02:56:58.4741880Z                         ^
2022-12-27T02:56:58.4743340Z   third_party/boringssl/include/openssl/base.h:235:23: note: previous definition is here
2022-12-27T02:56:58.4744580Z   typedef struct bio_st BIO;
2022-12-27T02:56:58.4745940Z                         ^
2022-12-27T02:56:58.4747430Z   In file included from src/boringssl/err_data.c:18:
2022-12-27T02:56:58.4748870Z   In file included from /usr/local/opt/openssl@3/include/openssl/err.h:28:
2022-12-27T02:56:58.4750490Z   /usr/local/opt/openssl@3/include/openssl/types.h:87:26: warning: redefinition of typedef 'BIGNUM' is a C11 feature [-Wtypedef-redefinition]
2022-12-27T02:56:58.4751610Z   typedef struct bignum_st BIGNUM;
2022-12-27T02:56:58.4752870Z                            ^
2022-12-27T02:56:58.4754350Z   third_party/boringssl/include/openssl/base.h:233:26: note: previous definition is here
2022-12-27T02:56:58.4755840Z   typedef struct bignum_st BIGNUM;
2022-12-27T02:56:58.4757430Z                            ^
2022-12-27T02:56:58.4759100Z   In file included from src/boringssl/err_data.c:18:
2022-12-27T02:56:58.4760810Z   In file included from /usr/local/opt/openssl@3/include/openssl/err.h:28:
2022-12-27T02:56:58.4763090Z   /usr/local/opt/openssl@3/include/openssl/types.h:88:27: warning: redefinition of typedef 'BN_CTX' is a C11 feature [-Wtypedef-redefinition]
2022-12-27T02:56:58.4764390Z   typedef struct bignum_ctx BN_CTX;
2022-12-27T02:56:58.4766100Z                             ^
2022-12-27T02:56:58.4768100Z   third_party/boringssl/include/openssl/base.h:232:27: note: previous definition is here
2022-12-27T02:56:58.4770030Z   typedef struct bignum_ctx BN_CTX;
2022-12-27T02:56:58.4771730Z                             ^
2022-12-27T02:56:58.4773490Z   In file included from src/boringssl/err_data.c:18:
2022-12-27T02:56:58.4774900Z   In file included from /usr/local/opt/openssl@3/include/openssl/err.h:28:
2022-12-27T02:56:58.4776550Z   /usr/local/opt/openssl@3/include/openssl/types.h:90:31: warning: redefinition of typedef 'BN_MONT_CTX' is a C11 feature [-Wtypedef-redefinition]
2022-12-27T02:56:58.4778070Z   typedef struct bn_mont_ctx_st BN_MONT_CTX;
2022-12-27T02:56:58.4779340Z                                 ^
2022-12-27T02:56:58.4780730Z   third_party/boringssl/include/openssl/base.h:237:31: note: previous definition is here
2022-12-27T02:56:58.4782000Z   typedef struct bn_mont_ctx_st BN_MONT_CTX;
2022-12-27T02:56:58.4783250Z                                 ^
2022-12-27T02:56:58.4784600Z   In file included from src/boringssl/err_data.c:18:
2022-12-27T02:56:58.4786020Z   In file included from /usr/local/opt/openssl@3/include/openssl/err.h:28:
2022-12-27T02:56:58.4787610Z   /usr/local/opt/openssl@3/include/openssl/types.h:92:28: warning: redefinition of typedef 'BN_GENCB' is a C11 feature [-Wtypedef-redefinition]
2022-12-27T02:56:58.4789530Z   typedef struct bn_gencb_st BN_GENCB;
2022-12-27T02:56:58.4791100Z                              ^
2022-12-27T02:56:58.4792690Z   third_party/boringssl/include/openssl/base.h:236:28: note: previous definition is here
2022-12-27T02:56:58.4794140Z   typedef struct bn_gencb_st BN_GENCB;
2022-12-27T02:56:58.4795700Z                              ^
2022-12-27T02:56:58.4797430Z   In file included from src/boringssl/err_data.c:18:
2022-12-27T02:56:58.4799200Z   In file included from /usr/local/opt/openssl@3/include/openssl/err.h:28:
2022-12-27T02:56:58.4801220Z   /usr/local/opt/openssl@3/include/openssl/types.h:94:27: warning: redefinition of typedef 'BUF_MEM' is a C11 feature [-Wtypedef-redefinition]
2022-12-27T02:56:58.4802700Z   typedef struct buf_mem_st BUF_MEM;
2022-12-27T02:56:58.4804360Z                             ^
2022-12-27T02:56:58.4806430Z   third_party/boringssl/include/openssl/base.h:238:27: note: previous definition is here
2022-12-27T02:56:58.4808050Z   typedef struct buf_mem_st BUF_MEM;
2022-12-27T02:56:58.4809720Z                             ^
2022-12-27T02:56:58.4811470Z   In file included from src/boringssl/err_data.c:18:
2022-12-27T02:56:58.4813160Z   In file included from /usr/local/opt/openssl@3/include/openssl/err.h:28:
2022-12-27T02:56:58.4815150Z   /usr/local/opt/openssl@3/include/openssl/types.h:101:30: warning: redefinition of typedef 'EVP_CIPHER' is a C11 feature [-Wtypedef-redefinition]
2022-12-27T02:56:58.4816680Z   typedef struct evp_cipher_st EVP_CIPHER;
2022-12-27T02:56:58.4818310Z                                ^
2022-12-27T02:56:58.4820150Z   third_party/boringssl/include/openssl/base.h:256:30: note: previous definition is here
2022-12-27T02:56:58.4821860Z   typedef struct evp_cipher_st EVP_CIPHER;
2022-12-27T02:56:58.4823520Z                                ^
2022-12-27T02:56:58.4825280Z   In file included from src/boringssl/err_data.c:18:
2022-12-27T02:56:58.4827710Z   In file included from /usr/local/opt/openssl@3/include/openssl/err.h:28:
2022-12-27T02:56:58.4830060Z   /usr/local/opt/openssl@3/include/openssl/types.h:102:34: warning: redefinition of typedef 'EVP_CIPHER_CTX' is a C11 feature [-Wtypedef-redefinition]
2022-12-27T02:56:58.4831520Z   typedef struct evp_cipher_ctx_st EVP_CIPHER_CTX;
2022-12-27T02:56:58.4833230Z                                    ^
2022-12-27T02:56:58.4835460Z   third_party/boringssl/include/openssl/base.h:255:34: note: previous definition is here
2022-12-27T02:56:58.4837070Z   typedef struct evp_cipher_ctx_st EVP_CIPHER_CTX;
2022-12-27T02:56:58.4838810Z                                    ^
2022-12-27T02:56:58.4840880Z   In file included from src/boringssl/err_data.c:18:
2022-12-27T02:56:58.4842840Z   In file included from /usr/local/opt/openssl@3/include/openssl/err.h:28:
2022-12-27T02:56:58.4845170Z   /usr/local/opt/openssl@3/include/openssl/types.h:103:26: error: typedef redefinition with different types ('struct evp_md_st' vs 'struct env_md_st')
2022-12-27T02:56:58.4847010Z   typedef struct evp_md_st EVP_MD;
2022-12-27T02:56:58.4848890Z                            ^
2022-12-27T02:56:58.4851010Z   third_party/boringssl/include/openssl/base.h:253:26: note: previous definition is here
2022-12-27T02:56:58.4853010Z   typedef struct env_md_st EVP_MD;
2022-12-27T02:56:58.4855030Z                            ^
2022-12-27T02:56:58.4856990Z   In file included from src/boringssl/err_data.c:18:
2022-12-27T02:56:58.4858980Z   In file included from /usr/local/opt/openssl@3/include/openssl/err.h:28:
2022-12-27T02:56:58.4861240Z   /usr/local/opt/openssl@3/include/openssl/types.h:104:30: error: typedef redefinition with different types ('struct evp_md_ctx_st' vs 'struct env_md_ctx_st')
2022-12-27T02:56:58.4862990Z   typedef struct evp_md_ctx_st EVP_MD_CTX;
2022-12-27T02:56:58.4864710Z                                ^
2022-12-27T02:56:58.4866620Z   third_party/boringssl/include/openssl/base.h:252:30: note: previous definition is here
2022-12-27T02:56:58.4867980Z   typedef struct env_md_ctx_st EVP_MD_CTX;
2022-12-27T02:56:58.4869250Z                                ^
2022-12-27T02:56:58.4870640Z   In file included from src/boringssl/err_data.c:18:
2022-12-27T02:56:58.4872030Z   In file included from /usr/local/opt/openssl@3/include/openssl/err.h:28:
2022-12-27T02:56:58.4873730Z   /usr/local/opt/openssl@3/include/openssl/types.h:107:28: warning: redefinition of typedef 'EVP_PKEY' is a C11 feature [-Wtypedef-redefinition]
2022-12-27T02:56:58.4874850Z   typedef struct evp_pkey_st EVP_PKEY;
2022-12-27T02:56:58.4876280Z                              ^
2022-12-27T02:56:58.4877790Z   third_party/boringssl/include/openssl/base.h:261:28: note: previous definition is here
2022-12-27T02:56:58.4879200Z   typedef struct evp_pkey_st EVP_PKEY;
2022-12-27T02:56:58.4880660Z                              ^
2022-12-27T02:56:58.4882310Z   In file included from src/boringssl/err_data.c:18:
2022-12-27T02:56:58.4884080Z   In file included from /usr/local/opt/openssl@3/include/openssl/err.h:28:
2022-12-27T02:56:58.4886330Z   /usr/local/opt/openssl@3/include/openssl/types.h:109:40: warning: redefinition of typedef 'EVP_PKEY_ASN1_METHOD' is a C11 feature [-Wtypedef-redefinition]
2022-12-27T02:56:58.4887830Z   typedef struct evp_pkey_asn1_method_st EVP_PKEY_ASN1_METHOD;
2022-12-27T02:56:58.4889500Z                                          ^
2022-12-27T02:56:58.4891330Z   third_party/boringssl/include/openssl/base.h:258:40: note: previous definition is here
2022-12-27T02:56:58.4893070Z   typedef struct evp_pkey_asn1_method_st EVP_PKEY_ASN1_METHOD;
2022-12-27T02:56:58.4894710Z                                          ^
2022-12-27T02:56:58.4896500Z   In file included from src/boringssl/err_data.c:18:
2022-12-27T02:56:58.4898220Z   In file included from /usr/local/opt/openssl@3/include/openssl/err.h:28:
2022-12-27T02:56:58.4900240Z   /usr/local/opt/openssl@3/include/openssl/types.h:111:35: warning: redefinition of typedef 'EVP_PKEY_METHOD' is a C11 feature [-Wtypedef-redefinition]
2022-12-27T02:56:58.4901760Z   typedef struct evp_pkey_method_st EVP_PKEY_METHOD;
2022-12-27T02:56:58.4903460Z                                     ^
2022-12-27T02:56:58.4905470Z   third_party/boringssl/include/openssl/base.h:260:35: note: previous definition is here
2022-12-27T02:56:58.4907290Z   typedef struct evp_pkey_method_st EVP_PKEY_METHOD;
2022-12-27T02:56:58.4908930Z                                     ^
2022-12-27T02:56:58.4910700Z   In file included from src/boringssl/err_data.c:18:
2022-12-27T02:56:58.4912660Z   In file included from /usr/local/opt/openssl@3/include/openssl/err.h:28:
2022-12-27T02:56:58.4914220Z   /usr/local/opt/openssl@3/include/openssl/types.h:112:32: warning: redefinition of typedef 'EVP_PKEY_CTX' is a C11 feature [-Wtypedef-redefinition]
2022-12-27T02:56:58.4915400Z   typedef struct evp_pkey_ctx_st EVP_PKEY_CTX;
2022-12-27T02:56:58.4916790Z                                  ^
2022-12-27T02:56:58.4918340Z   third_party/boringssl/include/openssl/base.h:259:32: note: previous definition is here
2022-12-27T02:56:58.4919830Z   typedef struct evp_pkey_ctx_st EVP_PKEY_CTX;
2022-12-27T02:56:58.4921360Z                                  ^
2022-12-27T02:56:58.4923140Z   In file included from src/boringssl/err_data.c:18:
2022-12-27T02:56:58.4924930Z   In file included from /usr/local/opt/openssl@3/include/openssl/err.h:28:
2022-12-27T02:56:58.4927160Z   /usr/local/opt/openssl@3/include/openssl/types.h:130:34: error: typedef redefinition with different types ('struct evp_Encode_Ctx_st' vs 'struct evp_encode_ctx_st')
2022-12-27T02:56:58.4928310Z   typedef struct evp_Encode_Ctx_st EVP_ENCODE_CTX;
2022-12-27T02:56:58.4929650Z                                    ^
2022-12-27T02:56:58.4931190Z   third_party/boringssl/include/openssl/base.h:257:34: note: previous definition is here
2022-12-27T02:56:58.4932640Z   typedef struct evp_encode_ctx_st EVP_ENCODE_CTX;
2022-12-27T02:56:58.4934080Z                                    ^
2022-12-27T02:56:58.4935770Z   In file included from src/boringssl/err_data.c:18:
2022-12-27T02:56:58.4937490Z   In file included from /usr/local/opt/openssl@3/include/openssl/err.h:28:
2022-12-27T02:56:58.4940040Z   /usr/local/opt/openssl@3/include/openssl/types.h:132:28: warning: redefinition of typedef 'HMAC_CTX' is a C11 feature [-Wtypedef-redefinition]
2022-12-27T02:56:58.4941570Z   typedef struct hmac_ctx_st HMAC_CTX;
2022-12-27T02:56:58.4943280Z                              ^
2022-12-27T02:56:58.4945200Z   third_party/boringssl/include/openssl/base.h:262:28: note: previous definition is here
2022-12-27T02:56:58.4947140Z   typedef struct hmac_ctx_st HMAC_CTX;
2022-12-27T02:56:58.4948820Z                              ^
2022-12-27T02:56:58.4950650Z   In file included from src/boringssl/err_data.c:18:
2022-12-27T02:56:58.4952630Z   In file included from /usr/local/opt/openssl@3/include/openssl/err.h:28:
2022-12-27T02:56:58.4954750Z   /usr/local/opt/openssl@3/include/openssl/types.h:134:22: warning: redefinition of typedef 'DH' is a C11 feature [-Wtypedef-redefinition]
2022-12-27T02:56:58.4956280Z   typedef struct dh_st DH;
2022-12-27T02:56:58.4958110Z                        ^
2022-12-27T02:56:58.4960000Z   third_party/boringssl/include/openssl/base.h:244:22: note: previous definition is here
2022-12-27T02:56:58.4961730Z   typedef struct dh_st DH;
2022-12-27T02:56:58.4963470Z                        ^
2022-12-27T02:56:58.4965320Z   In file included from src/boringssl/err_data.c:18:
2022-12-27T02:56:58.4967310Z   In file included from /usr/local/opt/openssl@3/include/openssl/err.h:28:
2022-12-27T02:56:58.4969320Z   /usr/local/opt/openssl@3/include/openssl/types.h:138:23: warning: redefinition of typedef 'DSA' is a C11 feature [-Wtypedef-redefinition]
2022-12-27T02:56:58.4970870Z   typedef struct dsa_st DSA;
2022-12-27T02:56:58.4972610Z                         ^
2022-12-27T02:56:58.4974550Z   third_party/boringssl/include/openssl/base.h:245:23: note: previous definition is here
2022-12-27T02:56:58.4976300Z   typedef struct dsa_st DSA;
2022-12-27T02:56:58.4978090Z                         ^
2022-12-27T02:56:58.4979900Z   In file included from src/boringssl/err_data.c:18:
2022-12-27T02:56:58.4981740Z   In file included from /usr/local/opt/openssl@3/include/openssl/err.h:28:
2022-12-27T02:56:58.4983950Z   /usr/local/opt/openssl@3/include/openssl/types.h:143:23: warning: redefinition of typedef 'RSA' is a C11 feature [-Wtypedef-redefinition]
2022-12-27T02:56:58.4985570Z   typedef struct rsa_st RSA;
2022-12-27T02:56:58.4987400Z                         ^
2022-12-27T02:56:58.4989410Z   third_party/boringssl/include/openssl/base.h:272:23: note: previous definition is here
2022-12-27T02:56:58.4991020Z   typedef struct rsa_st RSA;
2022-12-27T02:56:58.4992750Z                         ^
2022-12-27T02:56:58.4994590Z   In file included from src/boringssl/err_data.c:18:
2022-12-27T02:56:58.4996430Z   In file included from /usr/local/opt/openssl@3/include/openssl/err.h:28:
2022-12-27T02:56:58.4998600Z   /usr/local/opt/openssl@3/include/openssl/types.h:144:28: warning: redefinition of typedef 'RSA_METHOD' is a C11 feature [-Wtypedef-redefinition]
2022-12-27T02:56:58.5000150Z   typedef struct rsa_meth_st RSA_METHOD;
2022-12-27T02:56:58.5001870Z                              ^
2022-12-27T02:56:58.5003790Z   third_party/boringssl/include/openssl/base.h:271:28: note: previous definition is here
2022-12-27T02:56:58.5005610Z   typedef struct rsa_meth_st RSA_METHOD;
2022-12-27T02:56:58.5007380Z                              ^
2022-12-27T02:56:58.5009260Z   In file included from src/boringssl/err_data.c:18:
2022-12-27T02:56:58.5011110Z   In file included from /usr/local/opt/openssl@3/include/openssl/err.h:28:
2022-12-27T02:56:58.5013180Z   /usr/local/opt/openssl@3/include/openssl/types.h:149:26: warning: redefinition of typedef 'EC_KEY' is a C11 feature [-Wtypedef-redefinition]
2022-12-27T02:56:58.5014880Z   typedef struct ec_key_st EC_KEY;
2022-12-27T02:56:58.5016610Z                            ^
2022-12-27T02:56:58.5018620Z   third_party/boringssl/include/openssl/base.h:247:26: note: previous definition is here
2022-12-27T02:56:58.5020270Z   typedef struct ec_key_st EC_KEY;
2022-12-27T02:56:58.5022340Z                            ^
2022-12-27T02:56:58.5024150Z   In file included from src/boringssl/err_data.c:18:
2022-12-27T02:56:58.5026040Z   In file included from /usr/local/opt/openssl@3/include/openssl/err.h:28:
2022-12-27T02:56:58.5028270Z   /usr/local/opt/openssl@3/include/openssl/types.h:153:29: warning: redefinition of typedef 'RAND_METHOD' is a C11 feature [-Wtypedef-redefinition]
2022-12-27T02:56:58.5029710Z   typedef struct rand_meth_st RAND_METHOD;
2022-12-27T02:56:58.5031730Z                               ^
2022-12-27T02:56:58.5033740Z   third_party/boringssl/include/openssl/base.h:269:29: note: previous definition is here
2022-12-27T02:56:58.5035730Z   typedef struct rand_meth_st RAND_METHOD;
2022-12-27T02:56:58.5037590Z                               ^
2022-12-27T02:56:58.5039660Z   In file included from src/boringssl/err_data.c:18:
2022-12-27T02:56:58.5041580Z   In file included from /usr/local/opt/openssl@3/include/openssl/err.h:28:
2022-12-27T02:56:58.5043980Z   /usr/local/opt/openssl@3/include/openssl/types.h:157:24: warning: redefinition of typedef 'X509' is a C11 feature [-Wtypedef-redefinition]
2022-12-27T02:56:58.5045570Z   typedef struct x509_st X509;
2022-12-27T02:56:58.5047520Z                          ^
2022-12-27T02:56:58.5049680Z   third_party/boringssl/include/openssl/base.h:293:24: note: previous definition is here
2022-12-27T02:56:58.5051700Z   typedef struct x509_st X509;
2022-12-27T02:56:58.5053580Z                          ^
2022-12-27T02:56:58.5055580Z   In file included from src/boringssl/err_data.c:18:
2022-12-27T02:56:58.5057570Z   In file included from /usr/local/opt/openssl@3/include/openssl/err.h:28:
2022-12-27T02:56:58.5060090Z   /usr/local/opt/openssl@3/include/openssl/types.h:158:30: warning: redefinition of typedef 'X509_ALGOR' is a C11 feature [-Wtypedef-redefinition]
2022-12-27T02:56:58.5061100Z   typedef struct X509_algor_st X509_ALGOR;
2022-12-27T02:56:58.5062600Z                                ^
2022-12-27T02:56:58.5064010Z   third_party/boringssl/include/openssl/base.h:219:30: note: previous definition is here
2022-12-27T02:56:58.5065300Z   typedef struct X509_algor_st X509_ALGOR;
2022-12-27T02:56:58.5066710Z                                ^
2022-12-27T02:56:58.5067990Z   In file included from src/boringssl/err_data.c:18:
2022-12-27T02:56:58.5069330Z   In file included from /usr/local/opt/openssl@3/include/openssl/err.h:28:
2022-12-27T02:56:58.5071090Z   /usr/local/opt/openssl@3/include/openssl/types.h:159:28: warning: redefinition of typedef 'X509_CRL' is a C11 feature [-Wtypedef-redefinition]
2022-12-27T02:56:58.5071970Z   typedef struct X509_crl_st X509_CRL;
2022-12-27T02:56:58.5073260Z                              ^
2022-12-27T02:56:58.5074680Z   third_party/boringssl/include/openssl/base.h:221:28: note: previous definition is here
2022-12-27T02:56:58.5075960Z   typedef struct X509_crl_st X509_CRL;
2022-12-27T02:56:58.5077260Z                              ^
2022-12-27T02:56:58.5078600Z   In file included from src/boringssl/err_data.c:18:
2022-12-27T02:56:58.5079960Z   In file included from /usr/local/opt/openssl@3/include/openssl/err.h:28:
2022-12-27T02:56:58.5081570Z   /usr/local/opt/openssl@3/include/openssl/types.h:160:35: warning: redefinition of typedef 'X509_CRL_METHOD' is a C11 feature [-Wtypedef-redefinition]
2022-12-27T02:56:58.5082730Z   typedef struct x509_crl_method_st X509_CRL_METHOD;
2022-12-27T02:56:58.5083980Z                                     ^
2022-12-27T02:56:58.5085430Z   third_party/boringssl/include/openssl/base.h:290:35: note: previous definition is here
2022-12-27T02:56:58.5086760Z   typedef struct x509_crl_method_st X509_CRL_METHOD;
2022-12-27T02:56:58.5088030Z                                     ^
2022-12-27T02:56:58.5089360Z   In file included from src/boringssl/err_data.c:18:
2022-12-27T02:56:58.5090710Z   In file included from /usr/local/opt/openssl@3/include/openssl/err.h:28:
2022-12-27T02:56:58.5092250Z   /usr/local/opt/openssl@3/include/openssl/types.h:161:32: warning: redefinition of typedef 'X509_REVOKED' is a C11 feature [-Wtypedef-redefinition]
2022-12-27T02:56:58.5093430Z   typedef struct x509_revoked_st X509_REVOKED;
2022-12-27T02:56:58.5094710Z                                  ^
2022-12-27T02:56:58.5096210Z   third_party/boringssl/include/openssl/base.h:292:32: note: previous definition is here
2022-12-27T02:56:58.5097480Z   typedef struct x509_revoked_st X509_REVOKED;
2022-12-27T02:56:58.5098750Z                                  ^
2022-12-27T02:56:58.5100340Z   In file included from src/boringssl/err_data.c:18:
2022-12-27T02:56:58.5101500Z   In file included from /usr/local/opt/openssl@3/include/openssl/err.h:28:
2022-12-27T02:56:58.5103240Z   /usr/local/opt/openssl@3/include/openssl/types.h:162:29: warning: redefinition of typedef 'X509_NAME' is a C11 feature [-Wtypedef-redefinition]
2022-12-27T02:56:58.5104240Z   typedef struct X509_name_st X509_NAME;
2022-12-27T02:56:58.5105830Z                               ^
2022-12-27T02:56:58.5107250Z   third_party/boringssl/include/openssl/base.h:225:29: note: previous definition is here
2022-12-27T02:56:58.5108480Z   typedef struct X509_name_st X509_NAME;
2022-12-27T02:56:58.5109760Z                               ^
2022-12-27T02:56:58.5111110Z   In file included from src/boringssl/err_data.c:18:
2022-12-27T02:56:58.5112470Z   In file included from /usr/local/opt/openssl@3/include/openssl/err.h:28:
2022-12-27T02:56:58.5114050Z   /usr/local/opt/openssl@3/include/openssl/types.h:163:31: warning: redefinition of typedef 'X509_PUBKEY' is a C11 feature [-Wtypedef-redefinition]
2022-12-27T02:56:58.5115160Z   typedef struct X509_pubkey_st X509_PUBKEY;
2022-12-27T02:56:58.5116500Z                                 ^
2022-12-27T02:56:58.5117850Z   third_party/boringssl/include/openssl/base.h:227:31: note: previous definition is here
2022-12-27T02:56:58.5119130Z   typedef struct X509_pubkey_st X509_PUBKEY;
2022-12-27T02:56:58.5120420Z                                 ^
2022-12-27T02:56:58.5121750Z   In file included from src/boringssl/err_data.c:18:
2022-12-27T02:56:58.5123110Z   In file included from /usr/local/opt/openssl@3/include/openssl/err.h:28:
2022-12-27T02:56:58.5124700Z   /usr/local/opt/openssl@3/include/openssl/types.h:164:30: warning: redefinition of typedef 'X509_STORE' is a C11 feature [-Wtypedef-redefinition]
2022-12-27T02:56:58.5125880Z   typedef struct x509_store_st X509_STORE;
2022-12-27T02:56:58.5127170Z                                ^
2022-12-27T02:56:58.5128690Z   third_party/boringssl/include/openssl/base.h:295:30: note: previous definition is here
2022-12-27T02:56:58.5129860Z   typedef struct x509_store_st X509_STORE;
2022-12-27T02:56:58.5131110Z                                ^
2022-12-27T02:56:58.5132470Z   In file included from src/boringssl/err_data.c:18:
2022-12-27T02:56:58.5133810Z   In file included from /usr/local/opt/openssl@3/include/openssl/err.h:28:
2022-12-27T02:56:58.5135410Z   /usr/local/opt/openssl@3/include/openssl/types.h:165:34: warning: redefinition of typedef 'X509_STORE_CTX' is a C11 feature [-Wtypedef-redefinition]
2022-12-27T02:56:58.5136650Z   typedef struct x509_store_ctx_st X509_STORE_CTX;
2022-12-27T02:56:58.5137800Z                                    ^
2022-12-27T02:56:58.5139200Z   third_party/boringssl/include/openssl/base.h:294:34: note: previous definition is here
2022-12-27T02:56:58.5140490Z   typedef struct x509_store_ctx_st X509_STORE_CTX;
2022-12-27T02:56:58.5141760Z                                    ^
2022-12-27T02:56:58.5143110Z   In file included from src/boringssl/err_data.c:18:
2022-12-27T02:56:58.5144460Z   In file included from /usr/local/opt/openssl@3/include/openssl/err.h:28:
2022-12-27T02:56:58.5146180Z   /usr/local/opt/openssl@3/include/openssl/types.h:168:31: warning: redefinition of typedef 'X509_LOOKUP' is a C11 feature [-Wtypedef-redefinition]
2022-12-27T02:56:58.5147340Z   typedef struct x509_lookup_st X509_LOOKUP;
2022-12-27T02:56:58.5148590Z                                 ^
2022-12-27T02:56:58.5150010Z   third_party/boringssl/include/openssl/base.h:291:31: note: previous definition is here
2022-12-27T02:56:58.5151530Z   typedef struct x509_lookup_st X509_LOOKUP;
2022-12-27T02:56:58.5152670Z                                 ^
2022-12-27T02:56:58.5154130Z   In file included from src/boringssl/err_data.c:18:
2022-12-27T02:56:58.5155490Z   In file included from /usr/local/opt/openssl@3/include/openssl/err.h:28:
2022-12-27T02:56:58.5157220Z   /usr/local/opt/openssl@3/include/openssl/types.h:170:37: warning: redefinition of typedef 'X509_VERIFY_PARAM' is a C11 feature [-Wtypedef-redefinition]
2022-12-27T02:56:58.5158490Z   typedef struct X509_VERIFY_PARAM_st X509_VERIFY_PARAM;
2022-12-27T02:56:58.5159870Z                                       ^
2022-12-27T02:56:58.5173820Z   third_party/boringssl/include/openssl/base.h:218:37: note: previous definition is here
2022-12-27T02:56:58.5174410Z   typedef struct X509_VERIFY_PARAM_st X509_VERIFY_PARAM;
2022-12-27T02:56:58.5174680Z                                       ^
2022-12-27T02:56:58.5174920Z   In file included from src/boringssl/err_data.c:18:
2022-12-27T02:56:58.5175220Z   In file included from /usr/local/opt/openssl@3/include/openssl/err.h:28:
2022-12-27T02:56:58.5175910Z   /usr/local/opt/openssl@3/include/openssl/types.h:174:39: warning: redefinition of typedef 'PKCS8_PRIV_KEY_INFO' is a C11 feature [-Wtypedef-redefinition]
2022-12-27T02:56:58.5176290Z   typedef struct pkcs8_priv_key_info_st PKCS8_PRIV_KEY_INFO;
2022-12-27T02:56:58.5176560Z                                         ^
2022-12-27T02:56:58.5176840Z   third_party/boringssl/include/openssl/base.h:267:39: note: previous definition is here
2022-12-27T02:56:58.5177160Z   typedef struct pkcs8_priv_key_info_st PKCS8_PRIV_KEY_INFO;
2022-12-27T02:56:58.5177390Z                                         ^
2022-12-27T02:56:58.5177820Z   In file included from src/boringssl/err_data.c:18:
2022-12-27T02:56:58.5179740Z   In file included from /usr/local/opt/openssl@3/include/openssl/err.h:28:
2022-12-27T02:56:58.5181350Z   /usr/local/opt/openssl@3/include/openssl/types.h:176:27: warning: redefinition of typedef 'X509V3_CTX' is a C11 feature [-Wtypedef-redefinition]
2022-12-27T02:56:58.5182570Z   typedef struct v3_ext_ctx X509V3_CTX;
2022-12-27T02:56:58.5183890Z                             ^
2022-12-27T02:56:58.5185480Z   third_party/boringssl/include/openssl/base.h:285:27: note: previous definition is here
2022-12-27T02:56:58.5186940Z   typedef struct v3_ext_ctx X509V3_CTX;
2022-12-27T02:56:58.5188420Z                             ^
2022-12-27T02:56:58.5190150Z   In file included from src/boringssl/err_data.c:18:
2022-12-27T02:56:58.5191810Z   In file included from /usr/local/opt/openssl@3/include/openssl/err.h:28:
2022-12-27T02:56:58.5194090Z   /usr/local/opt/openssl@3/include/openssl/types.h:177:24: warning: redefinition of typedef 'CONF' is a C11 feature [-Wtypedef-redefinition]
2022-12-27T02:56:58.5195300Z   typedef struct conf_st CONF;
2022-12-27T02:56:58.5196680Z                          ^
2022-12-27T02:56:58.5198270Z   third_party/boringssl/include/openssl/base.h:242:24: note: previous definition is here
2022-12-27T02:56:58.5199690Z   typedef struct conf_st CONF;
2022-12-27T02:56:58.5201250Z                          ^
2022-12-27T02:56:58.5202610Z   In file included from src/boringssl/err_data.c:18:
2022-12-27T02:56:58.5204060Z   In file included from /usr/local/opt/openssl@3/include/openssl/err.h:28:
2022-12-27T02:56:58.5205870Z   /usr/local/opt/openssl@3/include/openssl/types.h:183:26: warning: redefinition of typedef 'ENGINE' is a C11 feature [-Wtypedef-redefinition]
2022-12-27T02:56:58.5207120Z   typedef struct engine_st ENGINE;
2022-12-27T02:56:58.5208570Z                            ^
2022-12-27T02:56:58.5210310Z   third_party/boringssl/include/openssl/base.h:251:26: note: previous definition is here
2022-12-27T02:56:58.5211990Z   typedef struct engine_st ENGINE;
2022-12-27T02:56:58.5213710Z                            ^
2022-12-27T02:56:58.5215490Z   In file included from src/boringssl/err_data.c:18:
2022-12-27T02:56:58.5217260Z   In file included from /usr/local/opt/openssl@3/include/openssl/err.h:28:
2022-12-27T02:56:58.5219260Z   /usr/local/opt/openssl@3/include/openssl/types.h:184:23: warning: redefinition of typedef 'SSL' is a C11 feature [-Wtypedef-redefinition]
2022-12-27T02:56:58.5220810Z   typedef struct ssl_st SSL;
2022-12-27T02:56:58.5222450Z                         ^
2022-12-27T02:56:58.5224310Z   third_party/boringssl/include/openssl/base.h:283:23: note: previous definition is here
2022-12-27T02:56:58.5226050Z   typedef struct ssl_st SSL;
2022-12-27T02:56:58.5227720Z                         ^
2022-12-27T02:56:58.5229450Z   In file included from src/boringssl/err_data.c:18:
2022-12-27T02:56:58.5231210Z   In file included from /usr/local/opt/openssl@3/include/openssl/err.h:28:
2022-12-27T02:56:58.5233230Z   /usr/local/opt/openssl@3/include/openssl/types.h:185:27: warning: redefinition of typedef 'SSL_CTX' is a C11 feature [-Wtypedef-redefinition]
2022-12-27T02:56:58.5234730Z   typedef struct ssl_ctx_st SSL_CTX;
2022-12-27T02:56:58.5236400Z                             ^
2022-12-27T02:56:58.5238270Z   third_party/boringssl/include/openssl/base.h:279:27: note: previous definition is here
2022-12-27T02:56:58.5239930Z   typedef struct ssl_ctx_st SSL_CTX;
2022-12-27T02:56:58.5241580Z                             ^
2022-12-27T02:56:58.5243350Z   In file included from src/boringssl/err_data.c:18:
2022-12-27T02:56:58.5244860Z   In file included from /usr/local/opt/openssl@3/include/openssl/err.h:28:
2022-12-27T02:56:58.5246690Z   /usr/local/opt/openssl@3/include/openssl/types.h:190:36: warning: redefinition of typedef 'X509_POLICY_NODE' is a C11 feature [-Wtypedef-redefinition]
2022-12-27T02:56:58.5247810Z   typedef struct X509_POLICY_NODE_st X509_POLICY_NODE;
2022-12-27T02:56:58.5249220Z                                      ^
2022-12-27T02:56:58.5250630Z   third_party/boringssl/include/openssl/base.h:216:36: note: previous definition is here
2022-12-27T02:56:58.5252200Z   typedef struct X509_POLICY_NODE_st X509_POLICY_NODE;
2022-12-27T02:56:58.5253530Z                                      ^
2022-12-27T02:56:58.5255130Z   In file included from src/boringssl/err_data.c:18:
2022-12-27T02:56:58.5256590Z   In file included from /usr/local/opt/openssl@3/include/openssl/err.h:28:
2022-12-27T02:56:58.5258560Z   /usr/local/opt/openssl@3/include/openssl/types.h:191:37: warning: redefinition of typedef 'X509_POLICY_LEVEL' is a C11 feature [-Wtypedef-redefinition]
2022-12-27T02:56:58.5260030Z   typedef struct X509_POLICY_LEVEL_st X509_POLICY_LEVEL;
2022-12-27T02:56:58.5261710Z                                       ^
2022-12-27T02:56:58.5263750Z   third_party/boringssl/include/openssl/base.h:215:37: note: previous definition is here
2022-12-27T02:56:58.5265360Z   typedef struct X509_POLICY_LEVEL_st X509_POLICY_LEVEL;
2022-12-27T02:56:58.5267080Z                                       ^
2022-12-27T02:56:58.5268820Z   In file included from src/boringssl/err_data.c:18:
2022-12-27T02:56:58.5270600Z   In file included from /usr/local/opt/openssl@3/include/openssl/err.h:28:
2022-12-27T02:56:58.5272620Z   /usr/local/opt/openssl@3/include/openssl/types.h:192:36: warning: redefinition of typedef 'X509_POLICY_TREE' is a C11 feature [-Wtypedef-redefinition]
2022-12-27T02:56:58.5273880Z   typedef struct X509_POLICY_TREE_st X509_POLICY_TREE;
2022-12-27T02:56:58.5275240Z                                      ^
2022-12-27T02:56:58.5276830Z   third_party/boringssl/include/openssl/base.h:217:36: note: previous definition is here
2022-12-27T02:56:58.5278170Z   typedef struct X509_POLICY_TREE_st X509_POLICY_TREE;
2022-12-27T02:56:58.5279450Z                                      ^
2022-12-27T02:56:58.5280830Z   In file included from src/boringssl/err_data.c:18:
2022-12-27T02:56:58.5282190Z   In file included from /usr/local/opt/openssl@3/include/openssl/err.h:28:
2022-12-27T02:56:58.5283800Z   /usr/local/opt/openssl@3/include/openssl/types.h:193:37: warning: redefinition of typedef 'X509_POLICY_CACHE' is a C11 feature [-Wtypedef-redefinition]
2022-12-27T02:56:58.5284920Z   typedef struct X509_POLICY_CACHE_st X509_POLICY_CACHE;
2022-12-27T02:56:58.5286320Z                                       ^
2022-12-27T02:56:58.5287730Z   third_party/boringssl/include/openssl/base.h:214:37: note: previous definition is here
2022-12-27T02:56:58.5289040Z   typedef struct X509_POLICY_CACHE_st X509_POLICY_CACHE;
2022-12-27T02:56:58.5290320Z                                       ^
2022-12-27T02:56:58.5291710Z   In file included from src/boringssl/err_data.c:18:
2022-12-27T02:56:58.5293040Z   In file included from /usr/local/opt/openssl@3/include/openssl/err.h:28:
2022-12-27T02:56:58.5294630Z   /usr/local/opt/openssl@3/include/openssl/types.h:195:35: warning: redefinition of typedef 'AUTHORITY_KEYID' is a C11 feature [-Wtypedef-redefinition]
2022-12-27T02:56:58.5295770Z   typedef struct AUTHORITY_KEYID_st AUTHORITY_KEYID;
2022-12-27T02:56:58.5297010Z                                     ^
2022-12-27T02:56:58.5298430Z   third_party/boringssl/include/openssl/base.h:201:35: note: previous definition is here
2022-12-27T02:56:58.5299740Z   typedef struct AUTHORITY_KEYID_st AUTHORITY_KEYID;
2022-12-27T02:56:58.5301010Z                                     ^
2022-12-27T02:56:58.5302360Z   In file included from src/boringssl/err_data.c:18:
2022-12-27T02:56:58.5303710Z   In file included from /usr/local/opt/openssl@3/include/openssl/err.h:28:
2022-12-27T02:56:58.5305270Z   /usr/local/opt/openssl@3/include/openssl/types.h:196:30: warning: redefinition of typedef 'DIST_POINT' is a C11 feature [-Wtypedef-redefinition]
2022-12-27T02:56:58.5306580Z   typedef struct DIST_POINT_st DIST_POINT;
2022-12-27T02:56:58.5307830Z                                ^
2022-12-27T02:56:58.5309260Z   third_party/boringssl/include/openssl/base.h:203:30: note: previous definition is here
2022-12-27T02:56:58.5310550Z   typedef struct DIST_POINT_st DIST_POINT;
2022-12-27T02:56:58.5311870Z                                ^
2022-12-27T02:56:58.5313260Z   In file included from src/boringssl/err_data.c:18:
2022-12-27T02:56:58.5314550Z   In file included from /usr/local/opt/openssl@3/include/openssl/err.h:28:
2022-12-27T02:56:58.5316180Z   /usr/local/opt/openssl@3/include/openssl/types.h:197:38: warning: redefinition of typedef 'ISSUING_DIST_POINT' is a C11 feature [-Wtypedef-redefinition]
2022-12-27T02:56:58.5317290Z   typedef struct ISSUING_DIST_POINT_st ISSUING_DIST_POINT;
2022-12-27T02:56:58.5318550Z                                        ^
2022-12-27T02:56:58.5319980Z   third_party/boringssl/include/openssl/base.h:205:38: note: previous definition is here
2022-12-27T02:56:58.5321390Z   typedef struct ISSUING_DIST_POINT_st ISSUING_DIST_POINT;
2022-12-27T02:56:58.5322590Z                                        ^
2022-12-27T02:56:58.5323940Z   In file included from src/boringssl/err_data.c:18:
2022-12-27T02:56:58.5325280Z   In file included from /usr/local/opt/openssl@3/include/openssl/err.h:28:
2022-12-27T02:56:58.5326990Z   /usr/local/opt/openssl@3/include/openssl/types.h:198:36: warning: redefinition of typedef 'NAME_CONSTRAINTS' is a C11 feature [-Wtypedef-redefinition]
2022-12-27T02:56:58.5328100Z   typedef struct NAME_CONSTRAINTS_st NAME_CONSTRAINTS;
2022-12-27T02:56:58.5329370Z                                      ^
2022-12-27T02:56:58.5330780Z   third_party/boringssl/include/openssl/base.h:206:36: note: previous definition is here
2022-12-27T02:56:58.5332090Z   typedef struct NAME_CONSTRAINTS_st NAME_CONSTRAINTS;
2022-12-27T02:56:58.5333360Z                                      ^
2022-12-27T02:56:58.5334710Z   In file included from src/boringssl/err_data.c:18:
2022-12-27T02:56:58.5336110Z   In file included from /usr/local/opt/openssl@3/include/openssl/err.h:29:
2022-12-27T02:56:58.5337380Z   In file included from /usr/local/opt/openssl@3/include/openssl/bio.h:30:
2022-12-27T02:56:58.5338940Z   /usr/local/opt/openssl@3/include/openssl/crypto.h:308:3: error: typedef redefinition with different types ('struct crypto_threadid_st' vs 'int')
2022-12-27T02:56:58.5340040Z   } CRYPTO_THREADID;
2022-12-27T02:56:58.5341300Z     ^
2022-12-27T02:56:58.5342730Z   third_party/boringssl/include/openssl/base.h:176:13: note: previous definition is here
2022-12-27T02:56:58.5344000Z   typedef int CRYPTO_THREADID;
2022-12-27T02:56:58.5345270Z               ^
2022-12-27T02:56:58.5346720Z   In file included from src/boringssl/err_data.c:18:
2022-12-27T02:56:58.5348070Z   In file included from /usr/local/opt/openssl@3/include/openssl/err.h:29:
2022-12-27T02:56:58.5349670Z   /usr/local/opt/openssl@3/include/openssl/bio.h:296:30: warning: redefinition of typedef 'BIO_METHOD' is a C11 feature [-Wtypedef-redefinition]
2022-12-27T02:56:58.5350780Z   typedef struct bio_method_st BIO_METHOD;
2022-12-27T02:56:58.5352170Z                                ^
2022-12-27T02:56:58.5353590Z   third_party/boringssl/include/openssl/base.h:234:30: note: previous definition is here
2022-12-27T02:56:58.5354870Z   typedef struct bio_method_st BIO_METHOD;
2022-12-27T02:56:58.5356150Z                                ^
2022-12-27T02:56:58.5357740Z   src/boringssl/err_data.c:33:1: error: 'OPENSSL_COMPILE_ASSERT_library_values_changed_12' declared as an array with a negative size
2022-12-27T02:56:58.5358910Z   OPENSSL_COMPILE_ASSERT(ERR_LIB_ASN1 == 12, library_values_changed_12);
2022-12-27T02:56:58.5360170Z   ^~~~~~~~~~~~~~~~~~~~~~~~~~~~~~~~~~~~~~~~~~~~~~~~~~~~~~~~~~~~~~~~~~~~~
2022-12-27T02:56:58.5361780Z   third_party/boringssl/include/openssl/type_check.h:83:45: note: expanded from macro 'OPENSSL_COMPILE_ASSERT'
2022-12-27T02:56:58.5363040Z     typedef char OPENSSL_COMPILE_ASSERT_##msg[((cond) ? 1 : -1)]
2022-12-27T02:56:58.5364330Z                                               ^~~~~~~~~~~~~~~~~
2022-12-27T02:56:58.5366090Z   src/boringssl/err_data.c:34:1: error: 'OPENSSL_COMPILE_ASSERT_library_values_changed_13' declared as an array with a negative size
2022-12-27T02:56:58.5367270Z   OPENSSL_COMPILE_ASSERT(ERR_LIB_CONF == 13, library_values_changed_13);
2022-12-27T02:56:58.5368620Z   ^~~~~~~~~~~~~~~~~~~~~~~~~~~~~~~~~~~~~~~~~~~~~~~~~~~~~~~~~~~~~~~~~~~~~
2022-12-27T02:56:58.5370220Z   third_party/boringssl/include/openssl/type_check.h:83:45: note: expanded from macro 'OPENSSL_COMPILE_ASSERT'
2022-12-27T02:56:58.5371450Z     typedef char OPENSSL_COMPILE_ASSERT_##msg[((cond) ? 1 : -1)]
2022-12-27T02:56:58.5372640Z                                               ^~~~~~~~~~~~~~~~~
2022-12-27T02:56:58.5374220Z   src/boringssl/err_data.c:35:1: error: 'OPENSSL_COMPILE_ASSERT_library_values_changed_14' declared as an array with a negative size
2022-12-27T02:56:58.5375410Z   OPENSSL_COMPILE_ASSERT(ERR_LIB_CRYPTO == 14, library_values_changed_14);
2022-12-27T02:56:58.5376880Z   ^~~~~~~~~~~~~~~~~~~~~~~~~~~~~~~~~~~~~~~~~~~~~~~~~~~~~~~~~~~~~~~~~~~~~~~
2022-12-27T02:56:58.5378250Z   third_party/boringssl/include/openssl/type_check.h:83:45: note: expanded from macro 'OPENSSL_COMPILE_ASSERT'
2022-12-27T02:56:58.5379810Z     typedef char OPENSSL_COMPILE_ASSERT_##msg[((cond) ? 1 : -1)]
2022-12-27T02:56:58.5381020Z                                               ^~~~~~~~~~~~~~~~~
2022-12-27T02:56:58.5382590Z   src/boringssl/err_data.c:36:1: error: 'OPENSSL_COMPILE_ASSERT_library_values_changed_15' declared as an array with a negative size
2022-12-27T02:56:58.5383800Z   OPENSSL_COMPILE_ASSERT(ERR_LIB_EC == 15, library_values_changed_15);
2022-12-27T02:56:58.5385160Z   ^~~~~~~~~~~~~~~~~~~~~~~~~~~~~~~~~~~~~~~~~~~~~~~~~~~~~~~~~~~~~~~~~~~
2022-12-27T02:56:58.5386770Z   third_party/boringssl/include/openssl/type_check.h:83:45: note: expanded from macro 'OPENSSL_COMPILE_ASSERT'
2022-12-27T02:56:58.5388020Z     typedef char OPENSSL_COMPILE_ASSERT_##msg[((cond) ? 1 : -1)]
2022-12-27T02:56:58.5389210Z                                               ^~~~~~~~~~~~~~~~~
2022-12-27T02:56:58.5390790Z   src/boringssl/err_data.c:37:1: error: 'OPENSSL_COMPILE_ASSERT_library_values_changed_16' declared as an array with a negative size
2022-12-27T02:56:58.5391980Z   OPENSSL_COMPILE_ASSERT(ERR_LIB_SSL == 16, library_values_changed_16);
2022-12-27T02:56:58.5393230Z   ^~~~~~~~~~~~~~~~~~~~~~~~~~~~~~~~~~~~~~~~~~~~~~~~~~~~~~~~~~~~~~~~~~~~
2022-12-27T02:56:58.5394770Z   third_party/boringssl/include/openssl/type_check.h:83:45: note: expanded from macro 'OPENSSL_COMPILE_ASSERT'
2022-12-27T02:56:58.5396060Z     typedef char OPENSSL_COMPILE_ASSERT_##msg[((cond) ? 1 : -1)]
2022-12-27T02:56:58.5397270Z                                               ^~~~~~~~~~~~~~~~~
2022-12-27T02:56:58.5398830Z   src/boringssl/err_data.c:38:1: error: 'OPENSSL_COMPILE_ASSERT_library_values_changed_17' declared as an array with a negative size
2022-12-27T02:56:58.5400040Z   OPENSSL_COMPILE_ASSERT(ERR_LIB_BIO == 17, library_values_changed_17);
2022-12-27T02:56:58.5401300Z   ^~~~~~~~~~~~~~~~~~~~~~~~~~~~~~~~~~~~~~~~~~~~~~~~~~~~~~~~~~~~~~~~~~~~
2022-12-27T02:56:58.5402900Z   third_party/boringssl/include/openssl/type_check.h:83:45: note: expanded from macro 'OPENSSL_COMPILE_ASSERT'
2022-12-27T02:56:58.5404170Z     typedef char OPENSSL_COMPILE_ASSERT_##msg[((cond) ? 1 : -1)]
2022-12-27T02:56:58.5405370Z                                               ^~~~~~~~~~~~~~~~~
2022-12-27T02:56:58.5407030Z   src/boringssl/err_data.c:39:1: error: 'OPENSSL_COMPILE_ASSERT_library_values_changed_18' declared as an array with a negative size
2022-12-27T02:56:58.5408220Z   OPENSSL_COMPILE_ASSERT(ERR_LIB_PKCS7 == 18, library_values_changed_18);
2022-12-27T02:56:58.5409470Z   ^~~~~~~~~~~~~~~~~~~~~~~~~~~~~~~~~~~~~~~~~~~~~~~~~~~~~~~~~~~~~~~~~~~~~~
2022-12-27T02:56:58.5411000Z   third_party/boringssl/include/openssl/type_check.h:83:45: note: expanded from macro 'OPENSSL_COMPILE_ASSERT'
2022-12-27T02:56:58.5412270Z     typedef char OPENSSL_COMPILE_ASSERT_##msg[((cond) ? 1 : -1)]
2022-12-27T02:56:58.5413480Z                                               ^~~~~~~~~~~~~~~~~
2022-12-27T02:56:58.5414960Z   src/boringssl/err_data.c:40:24: error: use of undeclared identifier 'ERR_LIB_PKCS8'
2022-12-27T02:56:58.5416200Z   OPENSSL_COMPILE_ASSERT(ERR_LIB_PKCS8 == 19, library_values_changed_19);
2022-12-27T02:56:58.5417440Z                          ^
2022-12-27T02:56:58.5419150Z   src/boringssl/err_data.c:41:1: error: 'OPENSSL_COMPILE_ASSERT_library_values_changed_20' declared as an array with a negative size
2022-12-27T02:56:58.5420780Z   OPENSSL_COMPILE_ASSERT(ERR_LIB_X509V3 == 20, library_values_changed_20);
2022-12-27T02:56:58.5422010Z   ^~~~~~~~~~~~~~~~~~~~~~~~~~~~~~~~~~~~~~~~~~~~~~~~~~~~~~~~~~~~~~~~~~~~~~~
2022-12-27T02:56:58.5423570Z   third_party/boringssl/include/openssl/type_check.h:83:45: note: expanded from macro 'OPENSSL_COMPILE_ASSERT'
2022-12-27T02:56:58.5424830Z     typedef char OPENSSL_COMPILE_ASSERT_##msg[((cond) ? 1 : -1)]
2022-12-27T02:56:58.5426250Z                                               ^~~~~~~~~~~~~~~~~
2022-12-27T02:56:58.5427720Z   src/boringssl/err_data.c:42:1: error: 'OPENSSL_COMPILE_ASSERT_library_values_changed_21' declared as an array with a negative size
2022-12-27T02:56:58.5428890Z   OPENSSL_COMPILE_ASSERT(ERR_LIB_RAND == 21, library_values_changed_21);
2022-12-27T02:56:58.5430130Z   ^~~~~~~~~~~~~~~~~~~~~~~~~~~~~~~~~~~~~~~~~~~~~~~~~~~~~~~~~~~~~~~~~~~~~
2022-12-27T02:56:58.5431680Z   third_party/boringssl/include/openssl/type_check.h:83:45: note: expanded from macro 'OPENSSL_COMPILE_ASSERT'
2022-12-27T02:56:58.5432960Z     typedef char OPENSSL_COMPILE_ASSERT_##msg[((cond) ? 1 : -1)]
2022-12-27T02:56:58.5434140Z                                               ^~~~~~~~~~~~~~~~~
2022-12-27T02:56:58.5435720Z   src/boringssl/err_data.c:43:1: error: 'OPENSSL_COMPILE_ASSERT_library_values_changed_22' declared as an array with a negative size
2022-12-27T02:56:58.5436910Z   OPENSSL_COMPILE_ASSERT(ERR_LIB_ENGINE == 22, library_values_changed_22);
2022-12-27T02:56:58.5438180Z   ^~~~~~~~~~~~~~~~~~~~~~~~~~~~~~~~~~~~~~~~~~~~~~~~~~~~~~~~~~~~~~~~~~~~~~~
2022-12-27T02:56:58.5439710Z   third_party/boringssl/include/openssl/type_check.h:83:45: note: expanded from macro 'OPENSSL_COMPILE_ASSERT'
2022-12-27T02:56:58.5441000Z     typedef char OPENSSL_COMPILE_ASSERT_##msg[((cond) ? 1 : -1)]
2022-12-27T02:56:58.5442200Z                                               ^~~~~~~~~~~~~~~~~
2022-12-27T02:56:58.5443760Z   src/boringssl/err_data.c:44:1: error: 'OPENSSL_COMPILE_ASSERT_library_values_changed_23' declared as an array with a negative size
2022-12-27T02:56:58.5444950Z   OPENSSL_COMPILE_ASSERT(ERR_LIB_OCSP == 23, library_values_changed_23);
2022-12-27T02:56:58.5446340Z   ^~~~~~~~~~~~~~~~~~~~~~~~~~~~~~~~~~~~~~~~~~~~~~~~~~~~~~~~~~~~~~~~~~~~~
2022-12-27T02:56:58.5447870Z   third_party/boringssl/include/openssl/type_check.h:83:45: note: expanded from macro 'OPENSSL_COMPILE_ASSERT'
2022-12-27T02:56:58.5449160Z     typedef char OPENSSL_COMPILE_ASSERT_##msg[((cond) ? 1 : -1)]
2022-12-27T02:56:58.5450330Z                                               ^~~~~~~~~~~~~~~~~
2022-12-27T02:56:58.5452060Z   src/boringssl/err_data.c:45:1: error: 'OPENSSL_COMPILE_ASSERT_library_values_changed_24' declared as an array with a negative size
2022-12-27T02:56:58.5453250Z   OPENSSL_COMPILE_ASSERT(ERR_LIB_UI == 24, library_values_changed_24);
2022-12-27T02:56:58.5454520Z   ^~~~~~~~~~~~~~~~~~~~~~~~~~~~~~~~~~~~~~~~~~~~~~~~~~~~~~~~~~~~~~~~~~~
2022-12-27T02:56:58.5456040Z   third_party/boringssl/include/openssl/type_check.h:83:45: note: expanded from macro 'OPENSSL_COMPILE_ASSERT'
2022-12-27T02:56:58.5457350Z     typedef char OPENSSL_COMPILE_ASSERT_##msg[((cond) ? 1 : -1)]
2022-12-27T02:56:58.5458540Z                                               ^~~~~~~~~~~~~~~~~
2022-12-27T02:56:58.5460090Z   src/boringssl/err_data.c:46:1: error: 'OPENSSL_COMPILE_ASSERT_library_values_changed_25' declared as an array with a negative size
2022-12-27T02:56:58.5461300Z   OPENSSL_COMPILE_ASSERT(ERR_LIB_COMP == 25, library_values_changed_25);
2022-12-27T02:56:58.5462560Z   ^~~~~~~~~~~~~~~~~~~~~~~~~~~~~~~~~~~~~~~~~~~~~~~~~~~~~~~~~~~~~~~~~~~~~
2022-12-27T02:56:58.5464100Z   third_party/boringssl/include/openssl/type_check.h:83:45: note: expanded from macro 'OPENSSL_COMPILE_ASSERT'
2022-12-27T02:56:58.5465530Z     typedef char OPENSSL_COMPILE_ASSERT_##msg[((cond) ? 1 : -1)]
2022-12-27T02:56:58.5466940Z                                               ^~~~~~~~~~~~~~~~~
2022-12-27T02:56:58.5468810Z   src/boringssl/err_data.c:47:1: error: 'OPENSSL_COMPILE_ASSERT_library_values_changed_26' declared as an array with a negative size
2022-12-27T02:56:58.5470340Z   OPENSSL_COMPILE_ASSERT(ERR_LIB_ECDSA == 26, library_values_changed_26);
2022-12-27T02:56:58.5472040Z   ^~~~~~~~~~~~~~~~~~~~~~~~~~~~~~~~~~~~~~~~~~~~~~~~~~~~~~~~~~~~~~~~~~~~~~
2022-12-27T02:56:58.5473830Z   third_party/boringssl/include/openssl/type_check.h:83:45: note: expanded from macro 'OPENSSL_COMPILE_ASSERT'
2022-12-27T02:56:58.5475410Z     typedef char OPENSSL_COMPILE_ASSERT_##msg[((cond) ? 1 : -1)]
2022-12-27T02:56:58.5477170Z                                               ^~~~~~~~~~~~~~~~~
2022-12-27T02:56:58.5479070Z   fatal error: too many errors emitted, stopping now [-ferror-limit=]
2022-12-27T02:56:58.5480310Z   70 warnings and 20 errors generated.
2022-12-27T02:56:58.5481600Z   creating var
2022-12-27T02:56:58.5482950Z   creating var/folders
2022-12-27T02:56:58.5484290Z   creating var/folders/51
2022-12-27T02:56:58.5485760Z   creating var/folders/51/hd414ycd67n82196sw51xqtc0000gn
2022-12-27T02:56:58.5487070Z   creating var/folders/51/hd414ycd67n82196sw51xqtc0000gn/T
2022-12-27T02:56:58.5488450Z   creating var/folders/51/hd414ycd67n82196sw51xqtc0000gn/T/tmpcu9_beba
2022-12-27T02:56:58.5490610Z   gcc -Wno-unused-result -Wsign-compare -Wunreachable-code -fno-common -dynamic -DNDEBUG -g -fwrapv -O3 -Wall -g -I/usr/local/opt/openssl@3/include -I/usr/local/opt/openssl@3/include -arch arm64 -I/private/var/folders/51/hd414ycd67n82196sw51xqtc0000gn/T/cibw-run-8xm18qjk/cp39-macosx_arm64/build/venv/include -I/Library/Frameworks/Python.framework/Versions/3.9/include/python3.9 -c /var/folders/51/hd414ycd67n82196sw51xqtc0000gn/T/tmpcu9_beba/a.c -o var/folders/51/hd414ycd67n82196sw51xqtc0000gn/T/tmpcu9_beba/a.o
2022-12-27T02:56:58.5491420Z   Traceback (most recent call last):
2022-12-27T02:56:58.5499330Z     File "/private/var/folders/51/hd414ycd67n82196sw51xqtc0000gn/T/cibw-run-8xm18qjk/cp39-macosx_arm64/build/venv/lib/python3.9/site-packages/setuptools/_distutils/unixccompiler.py", line 186, in _compile
2022-12-27T02:56:58.5499810Z       self.spawn(compiler_so + cc_args + [src, '-o', obj] + extra_postargs)
2022-12-27T02:56:58.5500270Z     File "/Users/runner/actions-runner/_work/python.build/python.build/build_grpcio12139/grpcio-1.2.1/src/python/grpcio/_spawn_patch.py", line 69, in _commandfile_spawn
2022-12-27T02:56:58.5500520Z       _classic_spawn(self, command)
2022-12-27T02:56:58.5501170Z     File "/private/var/folders/51/hd414ycd67n82196sw51xqtc0000gn/T/cibw-run-8xm18qjk/cp39-macosx_arm64/build/venv/lib/python3.9/site-packages/setuptools/_distutils/ccompiler.py", line 1007, in spawn
2022-12-27T02:56:58.5501460Z       spawn(cmd, dry_run=self.dry_run, **kwargs)
2022-12-27T02:56:58.5501890Z     File "/private/var/folders/51/hd414ycd67n82196sw51xqtc0000gn/T/cibw-run-8xm18qjk/cp39-macosx_arm64/build/venv/lib/python3.9/site-packages/setuptools/_distutils/spawn.py", line 70, in spawn
2022-12-27T02:56:58.5502670Z       raise DistutilsExecError(
2022-12-27T02:56:58.5504180Z   distutils.errors.DistutilsExecError: command '/usr/bin/gcc' failed with exit code 1
2022-12-27T02:56:58.5505270Z 
2022-12-27T02:56:58.5506800Z   During handling of the above exception, another exception occurred:
2022-12-27T02:56:58.5508040Z 
2022-12-27T02:56:58.5509380Z   Traceback (most recent call last):
2022-12-27T02:56:58.5510990Z     File "/Users/runner/actions-runner/_work/python.build/python.build/build_grpcio12139/grpcio-1.2.1/src/python/grpcio/commands.py", line 281, in build_extensions
2022-12-27T02:56:58.5512090Z       build_ext.build_ext.build_extensions(self)
2022-12-27T02:56:58.5513760Z     File "/private/var/folders/51/hd414ycd67n82196sw51xqtc0000gn/T/cibw-run-8xm18qjk/cp39-macosx_arm64/build/venv/lib/python3.9/site-packages/Cython/Distutils/old_build_ext.py", line 195, in build_extensions
2022-12-27T02:56:58.5514860Z       _build_ext.build_ext.build_extensions(self)
2022-12-27T02:56:58.5516600Z     File "/private/var/folders/51/hd414ycd67n82196sw51xqtc0000gn/T/cibw-run-8xm18qjk/cp39-macosx_arm64/build/venv/lib/python3.9/site-packages/setuptools/_distutils/command/build_ext.py", line 468, in build_extensions
2022-12-27T02:56:58.5517610Z       self._build_extensions_serial()
2022-12-27T02:56:58.5519410Z     File "/private/var/folders/51/hd414ycd67n82196sw51xqtc0000gn/T/cibw-run-8xm18qjk/cp39-macosx_arm64/build/venv/lib/python3.9/site-packages/setuptools/_distutils/command/build_ext.py", line 494, in _build_extensions_serial
2022-12-27T02:56:58.5520600Z       self.build_extension(ext)
2022-12-27T02:56:58.5522550Z     File "/private/var/folders/51/hd414ycd67n82196sw51xqtc0000gn/T/cibw-run-8xm18qjk/cp39-macosx_arm64/build/venv/lib/python3.9/site-packages/setuptools/command/build_ext.py", line 246, in build_extension
2022-12-27T02:56:58.5523680Z       _build_ext.build_extension(self, ext)
2022-12-27T02:56:58.5525890Z     File "/private/var/folders/51/hd414ycd67n82196sw51xqtc0000gn/T/cibw-run-8xm18qjk/cp39-macosx_arm64/build/venv/lib/python3.9/site-packages/setuptools/_distutils/command/build_ext.py", line 549, in build_extension
2022-12-27T02:56:58.5527200Z       objects = self.compiler.compile(
2022-12-27T02:56:58.5529330Z     File "/private/var/folders/51/hd414ycd67n82196sw51xqtc0000gn/T/cibw-run-8xm18qjk/cp39-macosx_arm64/build/venv/lib/python3.9/site-packages/setuptools/_distutils/ccompiler.py", line 599, in compile
2022-12-27T02:56:58.5530880Z       self._compile(obj, src, ext, cc_args, extra_postargs, pp_opts)
2022-12-27T02:56:58.5532990Z     File "/private/var/folders/51/hd414ycd67n82196sw51xqtc0000gn/T/cibw-run-8xm18qjk/cp39-macosx_arm64/build/venv/lib/python3.9/site-packages/setuptools/_distutils/unixccompiler.py", line 188, in _compile
2022-12-27T02:56:58.5534450Z       raise CompileError(msg)
2022-12-27T02:56:58.5536360Z   distutils.errors.CompileError: command '/usr/bin/gcc' failed with exit code 1
2022-12-27T02:56:58.5537760Z 
2022-12-27T02:56:58.5539560Z   During handling of the above exception, another exception occurred:
2022-12-27T02:56:58.5541120Z 
2022-12-27T02:56:58.5543000Z   Traceback (most recent call last):
2022-12-27T02:56:58.5544680Z     File "<string>", line 2, in <module>
2022-12-27T02:56:58.5546370Z     File "<pip-setuptools-caller>", line 34, in <module>
2022-12-27T02:56:58.5547860Z     File "/Users/runner/actions-runner/_work/python.build/python.build/build_grpcio12139/grpcio-1.2.1/setup.py", line 265, in <module>
2022-12-27T02:56:58.5548900Z       setuptools.setup(
2022-12-27T02:56:58.5550620Z     File "/private/var/folders/51/hd414ycd67n82196sw51xqtc0000gn/T/cibw-run-8xm18qjk/cp39-macosx_arm64/build/venv/lib/python3.9/site-packages/setuptools/__init__.py", line 87, in setup
2022-12-27T02:56:58.5551790Z       return distutils.core.setup(**attrs)
2022-12-27T02:56:58.5553490Z     File "/private/var/folders/51/hd414ycd67n82196sw51xqtc0000gn/T/cibw-run-8xm18qjk/cp39-macosx_arm64/build/venv/lib/python3.9/site-packages/setuptools/_distutils/core.py", line 185, in setup
2022-12-27T02:56:58.5554480Z       return run_commands(dist)
2022-12-27T02:56:58.5556180Z     File "/private/var/folders/51/hd414ycd67n82196sw51xqtc0000gn/T/cibw-run-8xm18qjk/cp39-macosx_arm64/build/venv/lib/python3.9/site-packages/setuptools/_distutils/core.py", line 201, in run_commands
2022-12-27T02:56:58.5557240Z       dist.run_commands()
2022-12-27T02:56:58.5558910Z     File "/private/var/folders/51/hd414ycd67n82196sw51xqtc0000gn/T/cibw-run-8xm18qjk/cp39-macosx_arm64/build/venv/lib/python3.9/site-packages/setuptools/_distutils/dist.py", line 969, in run_commands
2022-12-27T02:56:58.5559950Z       self.run_command(cmd)
2022-12-27T02:56:58.5561660Z     File "/private/var/folders/51/hd414ycd67n82196sw51xqtc0000gn/T/cibw-run-8xm18qjk/cp39-macosx_arm64/build/venv/lib/python3.9/site-packages/setuptools/dist.py", line 1208, in run_command
2022-12-27T02:56:58.5562780Z       super().run_command(command)
2022-12-27T02:56:58.5564650Z     File "/private/var/folders/51/hd414ycd67n82196sw51xqtc0000gn/T/cibw-run-8xm18qjk/cp39-macosx_arm64/build/venv/lib/python3.9/site-packages/setuptools/_distutils/dist.py", line 988, in run_command
2022-12-27T02:56:58.5565800Z       cmd_obj.run()
2022-12-27T02:56:58.5567480Z     File "/private/var/folders/51/hd414ycd67n82196sw51xqtc0000gn/T/cibw-run-8xm18qjk/cp39-macosx_arm64/build/venv/lib/python3.9/site-packages/wheel/bdist_wheel.py", line 325, in run
2022-12-27T02:56:58.5568550Z       self.run_command("build")
2022-12-27T02:56:58.5570350Z     File "/private/var/folders/51/hd414ycd67n82196sw51xqtc0000gn/T/cibw-run-8xm18qjk/cp39-macosx_arm64/build/venv/lib/python3.9/site-packages/setuptools/_distutils/cmd.py", line 318, in run_command
2022-12-27T02:56:58.5571590Z       self.distribution.run_command(command)
2022-12-27T02:56:58.5573300Z     File "/private/var/folders/51/hd414ycd67n82196sw51xqtc0000gn/T/cibw-run-8xm18qjk/cp39-macosx_arm64/build/venv/lib/python3.9/site-packages/setuptools/dist.py", line 1208, in run_command
2022-12-27T02:56:58.5574510Z       super().run_command(command)
2022-12-27T02:56:58.5576660Z     File "/private/var/folders/51/hd414ycd67n82196sw51xqtc0000gn/T/cibw-run-8xm18qjk/cp39-macosx_arm64/build/venv/lib/python3.9/site-packages/setuptools/_distutils/dist.py", line 988, in run_command
2022-12-27T02:56:58.5577900Z       cmd_obj.run()
2022-12-27T02:56:58.5580050Z     File "/private/var/folders/51/hd414ycd67n82196sw51xqtc0000gn/T/cibw-run-8xm18qjk/cp39-macosx_arm64/build/venv/lib/python3.9/site-packages/setuptools/_distutils/command/build.py", line 132, in run
2022-12-27T02:56:58.5581120Z       self.run_command(cmd_name)
2022-12-27T02:56:58.5582830Z     File "/private/var/folders/51/hd414ycd67n82196sw51xqtc0000gn/T/cibw-run-8xm18qjk/cp39-macosx_arm64/build/venv/lib/python3.9/site-packages/setuptools/_distutils/cmd.py", line 318, in run_command
2022-12-27T02:56:58.5583790Z       self.distribution.run_command(command)
2022-12-27T02:56:58.5585700Z     File "/private/var/folders/51/hd414ycd67n82196sw51xqtc0000gn/T/cibw-run-8xm18qjk/cp39-macosx_arm64/build/venv/lib/python3.9/site-packages/setuptools/dist.py", line 1208, in run_command
2022-12-27T02:56:58.5586930Z       super().run_command(command)
2022-12-27T02:56:58.5588710Z     File "/private/var/folders/51/hd414ycd67n82196sw51xqtc0000gn/T/cibw-run-8xm18qjk/cp39-macosx_arm64/build/venv/lib/python3.9/site-packages/setuptools/_distutils/dist.py", line 988, in run_command
2022-12-27T02:56:58.5589900Z       cmd_obj.run()
2022-12-27T02:56:58.5591880Z     File "/private/var/folders/51/hd414ycd67n82196sw51xqtc0000gn/T/cibw-run-8xm18qjk/cp39-macosx_arm64/build/venv/lib/python3.9/site-packages/setuptools/command/build_ext.py", line 84, in run
2022-12-27T02:56:58.5593330Z       _build_ext.run(self)
2022-12-27T02:56:58.5595520Z     File "/private/var/folders/51/hd414ycd67n82196sw51xqtc0000gn/T/cibw-run-8xm18qjk/cp39-macosx_arm64/build/venv/lib/python3.9/site-packages/Cython/Distutils/old_build_ext.py", line 186, in run
2022-12-27T02:56:58.5596750Z       _build_ext.build_ext.run(self)
2022-12-27T02:56:58.5598370Z     File "/private/var/folders/51/hd414ycd67n82196sw51xqtc0000gn/T/cibw-run-8xm18qjk/cp39-macosx_arm64/build/venv/lib/python3.9/site-packages/setuptools/_distutils/command/build_ext.py", line 346, in run
2022-12-27T02:56:58.5599280Z       self.build_extensions()
2022-12-27T02:56:58.5600990Z     File "/Users/runner/actions-runner/_work/python.build/python.build/build_grpcio12139/grpcio-1.2.1/src/python/grpcio/commands.py", line 285, in build_extensions
2022-12-27T02:56:58.5602060Z       raise CommandError(
2022-12-27T02:56:58.5603410Z   commands.CommandError: Failed `build_ext` step:
2022-12-27T02:56:58.5604690Z   Traceback (most recent call last):
2022-12-27T02:56:58.5606500Z     File "/private/var/folders/51/hd414ycd67n82196sw51xqtc0000gn/T/cibw-run-8xm18qjk/cp39-macosx_arm64/build/venv/lib/python3.9/site-packages/setuptools/_distutils/unixccompiler.py", line 186, in _compile
2022-12-27T02:56:58.5607610Z       self.spawn(compiler_so + cc_args + [src, '-o', obj] + extra_postargs)
2022-12-27T02:56:58.5609330Z     File "/Users/runner/actions-runner/_work/python.build/python.build/build_grpcio12139/grpcio-1.2.1/src/python/grpcio/_spawn_patch.py", line 69, in _commandfile_spawn
2022-12-27T02:56:58.5610520Z       _classic_spawn(self, command)
2022-12-27T02:56:58.5612520Z     File "/private/var/folders/51/hd414ycd67n82196sw51xqtc0000gn/T/cibw-run-8xm18qjk/cp39-macosx_arm64/build/venv/lib/python3.9/site-packages/setuptools/_distutils/ccompiler.py", line 1007, in spawn
2022-12-27T02:56:58.5613780Z       spawn(cmd, dry_run=self.dry_run, **kwargs)
2022-12-27T02:56:58.5615840Z     File "/private/var/folders/51/hd414ycd67n82196sw51xqtc0000gn/T/cibw-run-8xm18qjk/cp39-macosx_arm64/build/venv/lib/python3.9/site-packages/setuptools/_distutils/spawn.py", line 70, in spawn
2022-12-27T02:56:58.5617280Z       raise DistutilsExecError(
2022-12-27T02:56:58.5619140Z   distutils.errors.DistutilsExecError: command '/usr/bin/gcc' failed with exit code 1
2022-12-27T02:56:58.5620600Z 
2022-12-27T02:56:58.5622220Z   During handling of the above exception, another exception occurred:
2022-12-27T02:56:58.5623330Z 
2022-12-27T02:56:58.5624710Z   Traceback (most recent call last):
2022-12-27T02:56:58.5626430Z     File "/Users/runner/actions-runner/_work/python.build/python.build/build_grpcio12139/grpcio-1.2.1/src/python/grpcio/commands.py", line 281, in build_extensions
2022-12-27T02:56:58.5627510Z       build_ext.build_ext.build_extensions(self)
2022-12-27T02:56:58.5629170Z     File "/private/var/folders/51/hd414ycd67n82196sw51xqtc0000gn/T/cibw-run-8xm18qjk/cp39-macosx_arm64/build/venv/lib/python3.9/site-packages/Cython/Distutils/old_build_ext.py", line 195, in build_extensions
2022-12-27T02:56:58.5630200Z       _build_ext.build_ext.build_extensions(self)
2022-12-27T02:56:58.5631870Z     File "/private/var/folders/51/hd414ycd67n82196sw51xqtc0000gn/T/cibw-run-8xm18qjk/cp39-macosx_arm64/build/venv/lib/python3.9/site-packages/setuptools/_distutils/command/build_ext.py", line 468, in build_extensions
2022-12-27T02:56:58.5632950Z       self._build_extensions_serial()
2022-12-27T02:56:58.5634660Z     File "/private/var/folders/51/hd414ycd67n82196sw51xqtc0000gn/T/cibw-run-8xm18qjk/cp39-macosx_arm64/build/venv/lib/python3.9/site-packages/setuptools/_distutils/command/build_ext.py", line 494, in _build_extensions_serial
2022-12-27T02:56:58.5635540Z       self.build_extension(ext)
2022-12-27T02:56:58.5637590Z     File "/private/var/folders/51/hd414ycd67n82196sw51xqtc0000gn/T/cibw-run-8xm18qjk/cp39-macosx_arm64/build/venv/lib/python3.9/site-packages/setuptools/command/build_ext.py", line 246, in build_extension
2022-12-27T02:56:58.5638520Z       _build_ext.build_extension(self, ext)
2022-12-27T02:56:58.5640550Z     File "/private/var/folders/51/hd414ycd67n82196sw51xqtc0000gn/T/cibw-run-8xm18qjk/cp39-macosx_arm64/build/venv/lib/python3.9/site-packages/setuptools/_distutils/command/build_ext.py", line 549, in build_extension
2022-12-27T02:56:58.5641720Z       objects = self.compiler.compile(
2022-12-27T02:56:58.5643660Z     File "/private/var/folders/51/hd414ycd67n82196sw51xqtc0000gn/T/cibw-run-8xm18qjk/cp39-macosx_arm64/build/venv/lib/python3.9/site-packages/setuptools/_distutils/ccompiler.py", line 599, in compile
2022-12-27T02:56:58.5645150Z       self._compile(obj, src, ext, cc_args, extra_postargs, pp_opts)
2022-12-27T02:56:58.5647510Z     File "/private/var/folders/51/hd414ycd67n82196sw51xqtc0000gn/T/cibw-run-8xm18qjk/cp39-macosx_arm64/build/venv/lib/python3.9/site-packages/setuptools/_distutils/unixccompiler.py", line 188, in _compile
2022-12-27T02:56:58.5648820Z       raise CompileError(msg)
2022-12-27T02:56:58.5650650Z   distutils.errors.CompileError: command '/usr/bin/gcc' failed with exit code 1
2022-12-27T02:56:58.5652210Z 
2022-12-27T02:56:58.5914220Z   error: subprocess-exited-with-error
2022-12-27T02:56:58.5914480Z   
2022-12-27T02:56:58.5914820Z   × python setup.py bdist_wheel did not run successfully.
2022-12-27T02:56:58.5915090Z   │ exit code: 1
2022-12-27T02:56:58.5915350Z   ╰─> See above for output.
2022-12-27T02:56:58.5915520Z   
2022-12-27T02:56:58.5915770Z   note: This error originates from a subprocess, and is likely not a problem with pip.
2022-12-27T02:56:58.5923310Z   full command: /private/var/folders/51/hd414ycd67n82196sw51xqtc0000gn/T/cibw-run-8xm18qjk/cp39-macosx_arm64/build/venv/bin/python -u -c '
2022-12-27T02:56:58.5923710Z   exec(compile('"'"''"'"''"'"'
2022-12-27T02:56:58.5924070Z   # This is <pip-setuptools-caller> -- a caller that pip uses to run setup.py
2022-12-27T02:56:58.5924310Z   #
2022-12-27T02:56:58.5924660Z   # - It imports setuptools before invoking setup.py, to enable projects that directly
2022-12-27T02:56:58.5925010Z   #   import from `distutils.core` to work with newer packaging standards.
2022-12-27T02:56:58.5925780Z   # - It provides a clear error message when setuptools is not installed.
2022-12-27T02:56:58.5926300Z   # - It sets `sys.argv[0]` to the underlying `setup.py`, when invoking `setup.py` so
2022-12-27T02:56:58.5926720Z   #   setuptools doesn'"'"'t think the script is `-c`. This avoids the following warning:
2022-12-27T02:56:58.5927330Z   #     manifest_maker: standard file '"'"'-c'"'"' not found".
2022-12-27T02:56:58.5927800Z   # - It generates a shim setup.py, for handling setup.cfg-only projects.
2022-12-27T02:56:58.5928060Z   import os, sys, tokenize
2022-12-27T02:56:58.5928230Z   
2022-12-27T02:56:58.5928380Z   try:
2022-12-27T02:56:58.5928550Z       import setuptools
2022-12-27T02:56:58.5928750Z   except ImportError as error:
2022-12-27T02:56:58.5928950Z       print(
2022-12-27T02:56:58.5929200Z           "ERROR: Can not execute `setup.py` since setuptools is not available in "
2022-12-27T02:56:58.5929470Z           "the build environment.",
2022-12-27T02:56:58.5929670Z           file=sys.stderr,
2022-12-27T02:56:58.5929850Z       )
2022-12-27T02:56:58.5929990Z       sys.exit(1)
2022-12-27T02:56:58.5930120Z   
2022-12-27T02:56:58.5930250Z   __file__ = %r
2022-12-27T02:56:58.5930390Z   sys.argv[0] = __file__
2022-12-27T02:56:58.5930520Z   
2022-12-27T02:56:58.5930670Z   if os.path.exists(__file__):
2022-12-27T02:56:58.5930830Z       filename = __file__
2022-12-27T02:56:58.5931000Z       with tokenize.open(__file__) as f:
2022-12-27T02:56:58.5931180Z           setup_py_code = f.read()
2022-12-27T02:56:58.5931320Z   else:
2022-12-27T02:56:58.5931550Z       filename = "<auto-generated setuptools caller>"
2022-12-27T02:56:58.5931770Z       setup_py_code = "from setuptools import setup; setup()"
2022-12-27T02:56:58.5931950Z   
2022-12-27T02:56:58.5932110Z   exec(compile(setup_py_code, filename, "exec"))
2022-12-27T02:56:58.5932700Z   '"'"''"'"''"'"' % ('"'"'/Users/runner/actions-runner/_work/python.build/python.build/build_grpcio12139/grpcio-1.2.1/setup.py'"'"',), "<pip-setuptools-caller>", "exec"))' bdist_wheel -d /private/var/folders/51/hd414ycd67n82196sw51xqtc0000gn/T/pip-wheel-pv6l8u5f
2022-12-27T02:56:58.5933390Z   cwd: /Users/runner/actions-runner/_work/python.build/python.build/build_grpcio12139/grpcio-1.2.1/
2022-12-27T02:56:58.5933640Z   ERROR: Failed building wheel for grpcio
2022-12-27T02:56:58.5933940Z   Building wheel for grpcio (setup.py): finished with status 'error'
2022-12-27T02:56:58.5934150Z   Running command python setup.py clean
2022-12-27T02:56:58.5934340Z   Running setup.py clean for grpcio
2022-12-27T02:56:59.0014300Z   running clean
2022-12-27T02:56:59.0030310Z   removing 'python_build/temp.macosx-11.0-arm64-cpython-39' (and everything under it)
2022-12-27T02:56:59.0117640Z   removing 'python_build/lib.macosx-11.0-arm64-cpython-39' (and everything under it)
2022-12-27T02:56:59.0155720Z   'python_build/bdist.macosx-11.0-arm64' does not exist -- can't clean it
2022-12-27T02:56:59.0158160Z   'python_build/scripts-3.9' does not exist -- can't clean it
2022-12-27T02:56:59.0160360Z   removing 'python_build'
2022-12-27T02:56:59.0467070Z Failed to build grpcio
2022-12-27T02:56:59.0470860Z ERROR: Failed to build one or more wheels
2022-12-27T02:56:59.0480090Z Exception information:
2022-12-27T02:56:59.0480260Z Traceback (most recent call last):
2022-12-27T02:56:59.0481070Z   File "/private/var/folders/51/hd414ycd67n82196sw51xqtc0000gn/T/cibw-run-8xm18qjk/cp39-macosx_arm64/build/venv/lib/python3.9/site-packages/pip/_internal/cli/base_command.py", line 160, in exc_logging_wrapper
2022-12-27T02:56:59.0481500Z     status = run_func(*args)
2022-12-27T02:56:59.0482020Z   File "/private/var/folders/51/hd414ycd67n82196sw51xqtc0000gn/T/cibw-run-8xm18qjk/cp39-macosx_arm64/build/venv/lib/python3.9/site-packages/pip/_internal/cli/req_command.py", line 247, in wrapper
2022-12-27T02:56:59.0482330Z     return func(self, options, args)
2022-12-27T02:56:59.0483250Z   File "/private/var/folders/51/hd414ycd67n82196sw51xqtc0000gn/T/cibw-run-8xm18qjk/cp39-macosx_arm64/build/venv/lib/python3.9/site-packages/pip/_internal/commands/wheel.py", line 201, in run
2022-12-27T02:56:59.0483780Z     raise CommandError("Failed to build one or more wheels")
2022-12-27T02:56:59.0484070Z pip._internal.exceptions.CommandError: Failed to build one or more wheels
2022-12-27T02:56:59.0484550Z Removed build tracker: '/private/var/folders/51/hd414ycd67n82196sw51xqtc0000gn/T/pip-build-tracker-cd6qiy0r'
2022-12-27T02:56:59.0866780Z ##[endgroup]
2022-12-27T02:56:59.0889400Z ##[error]Command ['python', '-m', 'pip', 'wheel', '/Users/runner/actions-runner/_work/python.build/python.build/build_grpcio12139/grpcio-1.2.1', '--wheel-dir=/private/var/folders/51/hd414ycd67n82196sw51xqtc0000gn/T/cibw-run-8xm18qjk/cp39-macosx_arm64/built_wheel', '--no-deps', '-vvv'] failed with code 1. None
2022-12-27T02:56:59.0895110Z 
2022-12-27T02:56:59.0895350Z                                                               [31m✕ [0m3.10s
2022-12-27T02:56:59.1462820Z ##[error]Process completed with exit code 1.
2022-12-27T02:56:59.1492860Z ##[group]Run rm -rf build_grpcio12139 wheelsout
2022-12-27T02:56:59.1493050Z [36;1mrm -rf build_grpcio12139 wheelsout[0m
2022-12-27T02:56:59.1507320Z shell: /bin/bash -e {0}
2022-12-27T02:56:59.1507430Z env:
2022-12-27T02:56:59.1507570Z   pythonLocation: /Users/runner/hostedtoolcache/Python/3.9.16/x64
2022-12-27T02:56:59.1507750Z   PKG_CONFIG_PATH: /Users/runner/hostedtoolcache/Python/3.9.16/x64/lib/pkgconfig
2022-12-27T02:56:59.1507920Z   Python_ROOT_DIR: /Users/runner/hostedtoolcache/Python/3.9.16/x64
2022-12-27T02:56:59.1508090Z   Python2_ROOT_DIR: /Users/runner/hostedtoolcache/Python/3.9.16/x64
2022-12-27T02:56:59.1508250Z   Python3_ROOT_DIR: /Users/runner/hostedtoolcache/Python/3.9.16/x64
2022-12-27T02:56:59.1508380Z ##[endgroup]
2022-12-27T02:56:59.3425400Z Cleaning up orphan processes
