2022-12-27T08:50:23.9587811Z Requested labels: self-hosted, macOS, X64
2022-12-27T08:50:23.9587879Z Job defined at: kilnbuild/python.build/.github/workflows/mac_arm_build.yml@refs/heads/main
2022-12-27T08:50:23.9587904Z Waiting for a runner to pick up this job...
2022-12-27T11:20:12.8448843Z Job is about to start running on the runner: k2 (organization)
2022-12-27T11:20:14.5744250Z Current runner version: '2.300.2'
2022-12-27T11:20:14.5749010Z Runner name: 'k2'
2022-12-27T11:20:14.5749250Z Runner group name: 'Default'
2022-12-27T11:20:14.5749680Z Machine name: 'k2'
2022-12-27T11:20:14.5751130Z ##[group]GITHUB_TOKEN Permissions
2022-12-27T11:20:14.5751540Z Actions: write
2022-12-27T11:20:14.5751680Z Checks: write
2022-12-27T11:20:14.5751820Z Contents: write
2022-12-27T11:20:14.5751950Z Deployments: write
2022-12-27T11:20:14.5752090Z Discussions: write
2022-12-27T11:20:14.5752220Z Issues: write
2022-12-27T11:20:14.5752340Z Metadata: read
2022-12-27T11:20:14.5752470Z Packages: write
2022-12-27T11:20:14.5752620Z Pages: write
2022-12-27T11:20:14.5752750Z PullRequests: write
2022-12-27T11:20:14.5752910Z RepositoryProjects: write
2022-12-27T11:20:14.5753060Z SecurityEvents: write
2022-12-27T11:20:14.5753190Z Statuses: write
2022-12-27T11:20:14.5753320Z ##[endgroup]
2022-12-27T11:20:14.5755990Z Secret source: Actions
2022-12-27T11:20:14.5756300Z Prepare workflow directory
2022-12-27T11:20:14.6399920Z Prepare all required actions
2022-12-27T11:20:14.6518160Z Getting action download info
2022-12-27T11:20:15.1132590Z Download action repository 'actions/setup-python@v4' (SHA:5ccb29d8773c3f3f653e1705f474dfaa8a06a912)
2022-12-27T11:20:16.8571660Z Download action repository 'actions/upload-artifact@v3' (SHA:83fd05a356d7e2593de66fc9913b3002723633cb)
2022-12-27T11:20:18.2190730Z ##[group]Run echo '{
2022-12-27T11:20:18.2191010Z [36;1mecho '{[0m
2022-12-27T11:20:18.2191130Z [36;1m  "package_name": "lxml",[0m
2022-12-27T11:20:18.2191390Z [36;1m  "package_url": "https://files.pythonhosted.org/packages/54/8a/8525f786489b98594c4c56ae8916ebf45d69290b08028dd7eb4bcfb73abb/lxml-1.1beta.tar.gz",[0m
2022-12-27T11:20:18.2191610Z [36;1m  "package_version": "1.1beta",[0m
2022-12-27T11:20:18.2191730Z [36;1m  "python_version": "3.8",[0m
2022-12-27T11:20:18.2191850Z [36;1m  "use_ccache": "true"[0m
2022-12-27T11:20:18.2191960Z [36;1m}'[0m
2022-12-27T11:20:18.2207380Z shell: /bin/bash -e {0}
2022-12-27T11:20:18.2207570Z ##[endgroup]
2022-12-27T11:20:18.2420490Z {
2022-12-27T11:20:18.2421660Z   "package_name": "lxml",
2022-12-27T11:20:18.2422310Z   "package_url": "https://files.pythonhosted.org/packages/54/8a/8525f786489b98594c4c56ae8916ebf45d69290b08028dd7eb4bcfb73abb/lxml-1.1beta.tar.gz",
2022-12-27T11:20:18.2422640Z   "package_version": "1.1beta",
2022-12-27T11:20:18.2422840Z   "python_version": "3.8",
2022-12-27T11:20:18.2423020Z   "use_ccache": "true"
2022-12-27T11:20:18.2423170Z }
2022-12-27T11:20:18.2628400Z ##[group]Run actions/setup-python@v4
2022-12-27T11:20:18.2628730Z with:
2022-12-27T11:20:18.2628910Z   python-version: 3.8
2022-12-27T11:20:18.2629060Z   check-latest: false
2022-12-27T11:20:18.2629340Z   token: ***
2022-12-27T11:20:18.2629570Z   update-environment: true
2022-12-27T11:20:18.2629720Z ##[endgroup]
2022-12-27T11:20:18.3804410Z ##[group]Installed versions
2022-12-27T11:20:18.3912890Z Successfully set up CPython (3.8.15)
2022-12-27T11:20:18.3913800Z ##[endgroup]
2022-12-27T11:20:18.4055530Z ##[group]Run if [ "true" == "true" ]
2022-12-27T11:20:18.4055830Z [36;1mif [ "true" == "true" ][0m
2022-12-27T11:20:18.4056080Z [36;1mthen[0m
2022-12-27T11:20:18.4056380Z [36;1m  echo "CCACHE_PATH_PREPEND=/usr/local/opt/ccache/libexec" >> $GITHUB_OUTPUT[0m
2022-12-27T11:20:18.4056560Z [36;1melse[0m
2022-12-27T11:20:18.4056750Z [36;1m  echo "CCACHE_PATH_PREPEND=" >> $GITHUB_OUTPUT[0m
2022-12-27T11:20:18.4057210Z [36;1mfi[0m
2022-12-27T11:20:18.4073440Z shell: /bin/bash -e {0}
2022-12-27T11:20:18.4073610Z env:
2022-12-27T11:20:18.4073840Z   pythonLocation: /Users/runner/hostedtoolcache/Python/3.8.15/x64
2022-12-27T11:20:18.4074110Z   PKG_CONFIG_PATH: /Users/runner/hostedtoolcache/Python/3.8.15/x64/lib/pkgconfig
2022-12-27T11:20:18.4074450Z   Python_ROOT_DIR: /Users/runner/hostedtoolcache/Python/3.8.15/x64
2022-12-27T11:20:18.4074660Z   Python2_ROOT_DIR: /Users/runner/hostedtoolcache/Python/3.8.15/x64
2022-12-27T11:20:18.4074950Z   Python3_ROOT_DIR: /Users/runner/hostedtoolcache/Python/3.8.15/x64
2022-12-27T11:20:18.4075620Z ##[endgroup]
2022-12-27T11:20:18.4182300Z ##[group]Run echo "BUILD_NAME=$(echo lxml_1.1beta_3.8 | tr -dc '[:alnum:]\n\r' | tr '[:upper:]' '[:lower:]')" >> $GITHUB_OUTPUT
2022-12-27T11:20:18.4182620Z [36;1mecho "BUILD_NAME=$(echo lxml_1.1beta_3.8 | tr -dc '[:alnum:]\n\r' | tr '[:upper:]' '[:lower:]')" >> $GITHUB_OUTPUT[0m
2022-12-27T11:20:18.4195910Z shell: /bin/bash -e {0}
2022-12-27T11:20:18.4196110Z env:
2022-12-27T11:20:18.4196320Z   pythonLocation: /Users/runner/hostedtoolcache/Python/3.8.15/x64
2022-12-27T11:20:18.4196550Z   PKG_CONFIG_PATH: /Users/runner/hostedtoolcache/Python/3.8.15/x64/lib/pkgconfig
2022-12-27T11:20:18.4196880Z   Python_ROOT_DIR: /Users/runner/hostedtoolcache/Python/3.8.15/x64
2022-12-27T11:20:18.4197120Z   Python2_ROOT_DIR: /Users/runner/hostedtoolcache/Python/3.8.15/x64
2022-12-27T11:20:18.4197320Z   Python3_ROOT_DIR: /Users/runner/hostedtoolcache/Python/3.8.15/x64
2022-12-27T11:20:18.4197520Z ##[endgroup]
2022-12-27T11:20:18.4337500Z ##[group]Run echo "PYTHON_NO_DOTS=$(echo 3.8 | tr -dc '[:alnum:]\n\r' | tr '[:upper:]' '[:lower:]')" >> $GITHUB_OUTPUT
2022-12-27T11:20:18.4337950Z [36;1mecho "PYTHON_NO_DOTS=$(echo 3.8 | tr -dc '[:alnum:]\n\r' | tr '[:upper:]' '[:lower:]')" >> $GITHUB_OUTPUT[0m
2022-12-27T11:20:18.4351240Z shell: /bin/bash -e {0}
2022-12-27T11:20:18.4351380Z env:
2022-12-27T11:20:18.4351580Z   pythonLocation: /Users/runner/hostedtoolcache/Python/3.8.15/x64
2022-12-27T11:20:18.4351890Z   PKG_CONFIG_PATH: /Users/runner/hostedtoolcache/Python/3.8.15/x64/lib/pkgconfig
2022-12-27T11:20:18.4352100Z   Python_ROOT_DIR: /Users/runner/hostedtoolcache/Python/3.8.15/x64
2022-12-27T11:20:18.4352330Z   Python2_ROOT_DIR: /Users/runner/hostedtoolcache/Python/3.8.15/x64
2022-12-27T11:20:18.4352550Z   Python3_ROOT_DIR: /Users/runner/hostedtoolcache/Python/3.8.15/x64
2022-12-27T11:20:18.4352780Z ##[endgroup]
2022-12-27T11:20:18.4460770Z ##[group]Run rm -rf build_lxml11beta38
2022-12-27T11:20:18.4461050Z [36;1mrm -rf build_lxml11beta38[0m
2022-12-27T11:20:18.4461260Z [36;1mmkdir build_lxml11beta38[0m
2022-12-27T11:20:18.4461430Z [36;1mcd build_lxml11beta38[0m
2022-12-27T11:20:18.4461720Z [36;1m/usr/local/bin/wget --quiet https://files.pythonhosted.org/packages/54/8a/8525f786489b98594c4c56ae8916ebf45d69290b08028dd7eb4bcfb73abb/lxml-1.1beta.tar.gz[0m
2022-12-27T11:20:18.4461980Z [36;1mtar xf *.tar.gz[0m
2022-12-27T11:20:18.4462140Z [36;1mcd *[0m
2022-12-27T11:20:18.4462280Z [36;1mpython -m pip install cibuildwheel==2.11.3[0m
2022-12-27T11:20:18.4462500Z [36;1mpython -m cibuildwheel --output-dir ../wheelsout[0m
2022-12-27T11:20:18.4475870Z shell: /bin/bash -e {0}
2022-12-27T11:20:18.4476050Z env:
2022-12-27T11:20:18.4476210Z   pythonLocation: /Users/runner/hostedtoolcache/Python/3.8.15/x64
2022-12-27T11:20:18.4476500Z   PKG_CONFIG_PATH: /Users/runner/hostedtoolcache/Python/3.8.15/x64/lib/pkgconfig
2022-12-27T11:20:18.4476770Z   Python_ROOT_DIR: /Users/runner/hostedtoolcache/Python/3.8.15/x64
2022-12-27T11:20:18.4476980Z   Python2_ROOT_DIR: /Users/runner/hostedtoolcache/Python/3.8.15/x64
2022-12-27T11:20:18.4477200Z   Python3_ROOT_DIR: /Users/runner/hostedtoolcache/Python/3.8.15/x64
2022-12-27T11:20:18.4477430Z   CIBW_ARCHS_MACOS: arm64
2022-12-27T11:20:18.4477570Z   CIBW_TEST_SKIP: *_arm64
2022-12-27T11:20:18.4477740Z   CIBW_BUILD: cp38-macosx_arm64
2022-12-27T11:20:18.4477910Z   CIBW_BUILD_FRONTEND: pip
2022-12-27T11:20:18.4478060Z   CIBW_BUILD_VERBOSITY: 3
2022-12-27T11:20:18.4478380Z   CIBW_ENVIRONMENT_MACOS:  CFLAGS="-I/usr/local/opt/openssl@3/include" LDFLAGS="-L/usr/local/opt/openssl@3/lib" CPPFLAGS="-I/usr/local/opt/openssl@3/include" MAKEFLAGS="-j$(sysctl -n hw.logicalcpu)" PATH=/usr/local/opt/ccache/libexec:$PATH
2022-12-27T11:20:18.4478730Z   CIBW_BEFORE_BUILD: pip install Cython; if [[ -f requirements.txt ]]; then pip install -r requirements.txt; fi
2022-12-27T11:20:18.4478970Z   MAKEFLAGS: -j$(sysctl -n hw.logicalcpu)
2022-12-27T11:20:18.4479110Z ##[endgroup]
2022-12-27T11:20:18.7735540Z Requirement already satisfied: cibuildwheel==2.11.3 in /Users/runner/hostedtoolcache/Python/3.8.15/x64/lib/python3.8/site-packages (2.11.3)
2022-12-27T11:20:18.8082360Z Requirement already satisfied: platformdirs in /Users/runner/hostedtoolcache/Python/3.8.15/x64/lib/python3.8/site-packages (from cibuildwheel==2.11.3) (2.6.0)
2022-12-27T11:20:18.8091040Z Requirement already satisfied: tomli in /Users/runner/hostedtoolcache/Python/3.8.15/x64/lib/python3.8/site-packages (from cibuildwheel==2.11.3) (2.0.1)
2022-12-27T11:20:18.8094680Z Requirement already satisfied: certifi in /Users/runner/hostedtoolcache/Python/3.8.15/x64/lib/python3.8/site-packages (from cibuildwheel==2.11.3) (2022.12.7)
2022-12-27T11:20:18.8098510Z Requirement already satisfied: bracex in /Users/runner/hostedtoolcache/Python/3.8.15/x64/lib/python3.8/site-packages (from cibuildwheel==2.11.3) (2.3.post1)
2022-12-27T11:20:18.8102390Z Requirement already satisfied: filelock in /Users/runner/hostedtoolcache/Python/3.8.15/x64/lib/python3.8/site-packages (from cibuildwheel==2.11.3) (3.8.2)
2022-12-27T11:20:18.8112580Z Requirement already satisfied: typing-extensions>=4.1.0 in /Users/runner/hostedtoolcache/Python/3.8.15/x64/lib/python3.8/site-packages (from cibuildwheel==2.11.3) (4.4.0)
2022-12-27T11:20:18.8118100Z Requirement already satisfied: bashlex!=0.13 in /Users/runner/hostedtoolcache/Python/3.8.15/x64/lib/python3.8/site-packages (from cibuildwheel==2.11.3) (0.16)
2022-12-27T11:20:18.8122910Z Requirement already satisfied: packaging>=20.9 in /Users/runner/hostedtoolcache/Python/3.8.15/x64/lib/python3.8/site-packages (from cibuildwheel==2.11.3) (22.0)
2022-12-27T11:20:18.9721410Z 
2022-12-27T11:20:18.9721760Z      _ _       _ _   _       _           _
2022-12-27T11:20:18.9722490Z  ___|_| |_ _ _|_| |_| |_ _ _| |_ ___ ___| |
2022-12-27T11:20:18.9723320Z |  _| | . | | | | | . | | | |   | -_| -_| |
2022-12-27T11:20:18.9724460Z |___|_|___|___|_|_|___|_____|_|_|___|___|_|
2022-12-27T11:20:18.9724610Z 
2022-12-27T11:20:18.9724760Z cibuildwheel version 2.11.3
2022-12-27T11:20:18.9724920Z 
2022-12-27T11:20:18.9725060Z Build options:
2022-12-27T11:20:18.9725310Z   platform: macos
2022-12-27T11:20:18.9788970Z   architectures: arm64[0m
2022-12-27T11:20:18.9789730Z   build_selector: 
2022-12-27T11:20:18.9790360Z     build_config: cp38-macosx_arm64
2022-12-27T11:20:18.9790940Z     skip_config: 
2022-12-27T11:20:18.9791390Z     requires_python: None
2022-12-27T11:20:18.9792220Z     prerelease_pythons: False[0m
2022-12-27T11:20:18.9792740Z   [38;5;244mcontainer_engine: docker[0m
2022-12-27T11:20:18.9793400Z   output_dir: /Users/runner/actions-runner/_work/python.build/python.build/build_lxml11beta38/wheelsout[0m
2022-12-27T11:20:18.9794140Z   package_dir: /Users/runner/actions-runner/_work/python.build/python.build/build_lxml11beta38/lxml-1.1beta[0m
2022-12-27T11:20:18.9794610Z   test_selector: 
2022-12-27T11:20:18.9794970Z     skip_config: *_arm64[0m
2022-12-27T11:20:18.9795350Z   [38;5;244mbefore_all: [0m
2022-12-27T11:20:18.9796000Z   before_build: pip install Cython; if [[ -f requirements.txt ]]; then pip install -r requirements.txt; fi[0m
2022-12-27T11:20:18.9796470Z   [38;5;244mbefore_test: [0m
2022-12-27T11:20:18.9796950Z   [38;5;244mbuild_frontend: pip[0m
2022-12-27T11:20:18.9797350Z   build_verbosity: 3[0m
2022-12-27T11:20:18.9797740Z   [38;5;244mconfig_settings: [0m
2022-12-27T11:20:18.9798140Z   [38;5;244mdependency_constraints: pinned[0m
2022-12-27T11:20:18.9798470Z   environment: 
2022-12-27T11:20:18.9798940Z     CFLAGS="-I/usr/local/opt/openssl@3/include"
2022-12-27T11:20:18.9799350Z     LDFLAGS="-L/usr/local/opt/openssl@3/lib"
2022-12-27T11:20:18.9799810Z     CPPFLAGS="-I/usr/local/opt/openssl@3/include"
2022-12-27T11:20:18.9800270Z     MAKEFLAGS="-j$(sysctl -n hw.logicalcpu)"
2022-12-27T11:20:18.9800700Z     PATH=/usr/local/opt/ccache/libexec:$PATH[0m
2022-12-27T11:20:18.9801110Z   [38;5;244mmanylinux_images: None[0m
2022-12-27T11:20:18.9801380Z   [38;5;244mmusllinux_images: None[0m
2022-12-27T11:20:18.9801660Z   [38;5;244mrepair_command: delocate-wheel --require-archs {delocate_archs} -w {dest_dir} -v {wheel}[0m
2022-12-27T11:20:18.9802230Z   [38;5;244mtest_command: [0m
2022-12-27T11:20:18.9802500Z   [38;5;244mtest_extras: [0m
2022-12-27T11:20:18.9802710Z   [38;5;244mtest_requires: [0m
2022-12-27T11:20:18.9802790Z 
2022-12-27T11:20:18.9802890Z Cache folder: /Users/runner/Library/Caches/cibuildwheel
2022-12-27T11:20:18.9806460Z 
2022-12-27T11:20:18.9806720Z Here we go!
2022-12-27T11:20:18.9806870Z 
2022-12-27T11:20:18.9928580Z 
2022-12-27T11:20:18.9929330Z [1m[34mBuilding cp38-macosx_arm64 wheel[0m
2022-12-27T11:20:18.9930080Z CPython 3.8 macOS arm64 - Apple Silicon
2022-12-27T11:20:18.9930320Z 
2022-12-27T11:20:18.9934450Z ##[group]Installing Python cp38...
2022-12-27T11:20:18.9934640Z 
2022-12-27T11:20:18.9935240Z + pkgutil --pkgs
2022-12-27T11:20:19.0031940Z ##[endgroup]
2022-12-27T11:20:19.0033410Z                                                               [32mâœ“ [0m0.01s
2022-12-27T11:20:19.0034150Z ##[group]Setting up build environment...
2022-12-27T11:20:19.0034360Z 
2022-12-27T11:20:19.0052750Z + /Users/runner/hostedtoolcache/Python/3.8.15/x64/bin/python -sS /Users/runner/Library/Caches/cibuildwheel/virtualenv-20.17.0.pyz --activators= --no-periodic-update --pip=22.3.1 --setuptools=65.6.3 --wheel=0.38.4 --symlink-app-data --python /Library/Frameworks/Python.framework/Versions/3.8/bin/python3 /private/var/folders/51/hd414ycd67n82196sw51xqtc0000gn/T/cibw-run-41ekdlv6/cp38-macosx_arm64/build/venv
2022-12-27T11:20:19.1928380Z created virtual environment CPython3.8.10.final.0-64 in 51ms
2022-12-27T11:20:19.1929010Z   creator CPython3Posix(dest=/private/var/folders/51/hd414ycd67n82196sw51xqtc0000gn/T/cibw-run-41ekdlv6/cp38-macosx_arm64/build/venv, clear=False, no_vcs_ignore=False, global=False)
2022-12-27T11:20:19.1929660Z   seeder FromAppData(download=False, pip=22.3.1, setuptools=65.6.3, wheel=0.38.4, via=symlink, app_data_dir=/Users/runner/Library/Application Support/virtualenv)
2022-12-27T11:20:19.1930050Z     added seed packages: pip==22.3.1, setuptools==65.6.3, wheel==0.38.4
2022-12-27T11:20:19.2045280Z + python -m pip install --upgrade pip -c /Users/runner/hostedtoolcache/Python/3.8.15/x64/lib/python3.8/site-packages/cibuildwheel/resources/constraints-python38.txt
2022-12-27T11:20:19.5059080Z Requirement already satisfied: pip in ./lib/python3.8/site-packages (22.3.1)
2022-12-27T11:20:19.6426480Z + which pip
2022-12-27T11:20:19.6443230Z /private/var/folders/51/hd414ycd67n82196sw51xqtc0000gn/T/cibw-run-41ekdlv6/cp38-macosx_arm64/build/venv/bin/pip
2022-12-27T11:20:19.6445620Z + pip --version
2022-12-27T11:20:19.8633290Z pip 22.3.1 from /private/var/folders/51/hd414ycd67n82196sw51xqtc0000gn/T/cibw-run-41ekdlv6/cp38-macosx_arm64/build/venv/lib/python3.8/site-packages/pip (python 3.8)
2022-12-27T11:20:19.8861510Z + which pip
2022-12-27T11:20:19.8890090Z + which python
2022-12-27T11:20:19.8909930Z /private/var/folders/51/hd414ycd67n82196sw51xqtc0000gn/T/cibw-run-41ekdlv6/cp38-macosx_arm64/build/venv/bin/python
2022-12-27T11:20:19.8912070Z + python --version
2022-12-27T11:20:19.8959540Z Python 3.8.10
2022-12-27T11:20:19.8962680Z + which python
2022-12-27T11:20:19.9015790Z ##[endgroup]
2022-12-27T11:20:19.9016390Z                                                               [32mâœ“ [0m0.90s
2022-12-27T11:20:19.9017190Z ##[group]Installing build tools...
2022-12-27T11:20:19.9017460Z 
2022-12-27T11:20:19.9018020Z + pip install --upgrade setuptools wheel delocate -c /Users/runner/hostedtoolcache/Python/3.8.15/x64/lib/python3.8/site-packages/cibuildwheel/resources/constraints-python38.txt
2022-12-27T11:20:20.1954800Z Requirement already satisfied: setuptools in /private/var/folders/51/hd414ycd67n82196sw51xqtc0000gn/T/cibw-run-41ekdlv6/cp38-macosx_arm64/build/venv/lib/python3.8/site-packages (65.6.3)
2022-12-27T11:20:20.4133040Z Requirement already satisfied: wheel in /private/var/folders/51/hd414ycd67n82196sw51xqtc0000gn/T/cibw-run-41ekdlv6/cp38-macosx_arm64/build/venv/lib/python3.8/site-packages (0.38.4)
2022-12-27T11:20:20.4586570Z Collecting delocate
2022-12-27T11:20:20.4611000Z   Using cached delocate-0.10.3-py3-none-any.whl (142 kB)
2022-12-27T11:20:20.4918390Z Collecting packaging>=20.9
2022-12-27T11:20:20.4938660Z   Using cached packaging-21.3-py3-none-any.whl (40 kB)
2022-12-27T11:20:20.5110010Z Collecting typing-extensions
2022-12-27T11:20:20.5130280Z   Using cached typing_extensions-4.4.0-py3-none-any.whl (26 kB)
2022-12-27T11:20:20.5495980Z Collecting pyparsing!=3.0.5,>=2.0.2
2022-12-27T11:20:20.5516150Z   Using cached pyparsing-3.0.9-py3-none-any.whl (98 kB)
2022-12-27T11:20:20.5883770Z Installing collected packages: typing-extensions, pyparsing, packaging, delocate
2022-12-27T11:20:20.7183360Z Successfully installed delocate-0.10.3 packaging-21.3 pyparsing-3.0.9 typing-extensions-4.4.0
2022-12-27T11:20:20.7647180Z ##[endgroup]
2022-12-27T11:20:20.7648120Z                                                               [32mâœ“ [0m0.86s
2022-12-27T11:20:20.7648870Z ##[group]Running before_build...
2022-12-27T11:20:20.7649120Z 
2022-12-27T11:20:20.7656390Z + pip install Cython; if [[ -f requirements.txt ]]; then pip install -r requirements.txt; fi
2022-12-27T11:20:21.4348510Z Collecting Cython
2022-12-27T11:20:21.4396880Z   Using cached Cython-0.29.32-py2.py3-none-any.whl (986 kB)
2022-12-27T11:20:21.4821750Z Installing collected packages: Cython
2022-12-27T11:20:21.9013800Z Successfully installed Cython-0.29.32
2022-12-27T11:20:21.9421600Z ##[endgroup]
2022-12-27T11:20:21.9422400Z                                                               [32mâœ“ [0m1.18s
2022-12-27T11:20:21.9422950Z ##[group]Building wheel...
2022-12-27T11:20:21.9423050Z 
2022-12-27T11:20:21.9427600Z + python -m pip wheel /Users/runner/actions-runner/_work/python.build/python.build/build_lxml11beta38/lxml-1.1beta --wheel-dir=/private/var/folders/51/hd414ycd67n82196sw51xqtc0000gn/T/cibw-run-41ekdlv6/cp38-macosx_arm64/built_wheel --no-deps -vvv
2022-12-27T11:20:22.2139310Z Created temporary directory: /private/var/folders/51/hd414ycd67n82196sw51xqtc0000gn/T/pip-ephem-wheel-cache-gf5okeo_
2022-12-27T11:20:22.2143250Z Created temporary directory: /private/var/folders/51/hd414ycd67n82196sw51xqtc0000gn/T/pip-build-tracker-2ymsqkvj
2022-12-27T11:20:22.2144870Z Initialized build tracking at /private/var/folders/51/hd414ycd67n82196sw51xqtc0000gn/T/pip-build-tracker-2ymsqkvj
2022-12-27T11:20:22.2146480Z Created build tracker: /private/var/folders/51/hd414ycd67n82196sw51xqtc0000gn/T/pip-build-tracker-2ymsqkvj
2022-12-27T11:20:22.2148000Z Entered build tracker: /private/var/folders/51/hd414ycd67n82196sw51xqtc0000gn/T/pip-build-tracker-2ymsqkvj
2022-12-27T11:20:22.2151240Z Created temporary directory: /private/var/folders/51/hd414ycd67n82196sw51xqtc0000gn/T/pip-wheel-bte6m7_m
2022-12-27T11:20:22.2157250Z Created temporary directory: /private/var/folders/51/hd414ycd67n82196sw51xqtc0000gn/T/pip-ephem-wheel-cache-5egrwrlh
2022-12-27T11:20:22.2236290Z Processing /Users/runner/actions-runner/_work/python.build/python.build/build_lxml11beta38/lxml-1.1beta
2022-12-27T11:20:22.2242470Z   Added file:///Users/runner/actions-runner/_work/python.build/python.build/build_lxml11beta38/lxml-1.1beta to build tracker '/private/var/folders/51/hd414ycd67n82196sw51xqtc0000gn/T/pip-build-tracker-2ymsqkvj'
2022-12-27T11:20:22.2246590Z   Running setup.py (path:/Users/runner/actions-runner/_work/python.build/python.build/build_lxml11beta38/lxml-1.1beta/setup.py) egg_info for package from file:///Users/runner/actions-runner/_work/python.build/python.build/build_lxml11beta38/lxml-1.1beta
2022-12-27T11:20:22.2250160Z   Created temporary directory: /private/var/folders/51/hd414ycd67n82196sw51xqtc0000gn/T/pip-pip-egg-info-t4c01bdg
2022-12-27T11:20:22.2252090Z   Preparing metadata (setup.py): started
2022-12-27T11:20:22.2254410Z   Running command python setup.py egg_info
2022-12-27T11:20:22.3845460Z   Traceback (most recent call last):
2022-12-27T11:20:22.3853410Z     File "<string>", line 2, in <module>
2022-12-27T11:20:22.3854010Z     File "<pip-setuptools-caller>", line 34, in <module>
2022-12-27T11:20:22.3854560Z     File "/Users/runner/actions-runner/_work/python.build/python.build/build_lxml11beta38/lxml-1.1beta/setup.py", line 30
2022-12-27T11:20:22.3855520Z       raise NotImplementedError, \
2022-12-27T11:20:22.3855730Z                                ^
2022-12-27T11:20:22.3856660Z   SyntaxError: invalid syntax
2022-12-27T11:20:22.4152230Z   error: subprocess-exited-with-error
2022-12-27T11:20:22.4152620Z   
2022-12-27T11:20:22.4153280Z   Ã— python setup.py egg_info did not run successfully.
2022-12-27T11:20:22.4153660Z   â”‚ exit code: 1
2022-12-27T11:20:22.4153950Z   â•°â”€> See above for output.
2022-12-27T11:20:22.4154200Z   
2022-12-27T11:20:22.4154600Z   note: This error originates from a subprocess, and is likely not a problem with pip.
2022-12-27T11:20:22.4162290Z   full command: /private/var/folders/51/hd414ycd67n82196sw51xqtc0000gn/T/cibw-run-41ekdlv6/cp38-macosx_arm64/build/venv/bin/python -c '
2022-12-27T11:20:22.4163110Z   exec(compile('"'"''"'"''"'"'
2022-12-27T11:20:22.4164820Z   # This is <pip-setuptools-caller> -- a caller that pip uses to run setup.py
2022-12-27T11:20:22.4165120Z   #
2022-12-27T11:20:22.4165500Z   # - It imports setuptools before invoking setup.py, to enable projects that directly
2022-12-27T11:20:22.4165840Z   #   import from `distutils.core` to work with newer packaging standards.
2022-12-27T11:20:22.4166330Z   # - It provides a clear error message when setuptools is not installed.
2022-12-27T11:20:22.4166790Z   # - It sets `sys.argv[0]` to the underlying `setup.py`, when invoking `setup.py` so
2022-12-27T11:20:22.4167190Z   #   setuptools doesn'"'"'t think the script is `-c`. This avoids the following warning:
2022-12-27T11:20:22.4167680Z   #     manifest_maker: standard file '"'"'-c'"'"' not found".
2022-12-27T11:20:22.4168070Z   # - It generates a shim setup.py, for handling setup.cfg-only projects.
2022-12-27T11:20:22.4168360Z   import os, sys, tokenize
2022-12-27T11:20:22.4168540Z   
2022-12-27T11:20:22.4169430Z   try:
2022-12-27T11:20:22.4170130Z       import setuptools
2022-12-27T11:20:22.4170420Z   except ImportError as error:
2022-12-27T11:20:22.4171050Z       print(
2022-12-27T11:20:22.4171560Z           "ERROR: Can not execute `setup.py` since setuptools is not available in "
2022-12-27T11:20:22.4171900Z           "the build environment.",
2022-12-27T11:20:22.4172170Z           file=sys.stderr,
2022-12-27T11:20:22.4172710Z       )
2022-12-27T11:20:22.4172930Z       sys.exit(1)
2022-12-27T11:20:22.4173170Z   
2022-12-27T11:20:22.4173400Z   __file__ = %r
2022-12-27T11:20:22.4173600Z   sys.argv[0] = __file__
2022-12-27T11:20:22.4174060Z   
2022-12-27T11:20:22.4174300Z   if os.path.exists(__file__):
2022-12-27T11:20:22.4174530Z       filename = __file__
2022-12-27T11:20:22.4174810Z       with tokenize.open(__file__) as f:
2022-12-27T11:20:22.4175330Z           setup_py_code = f.read()
2022-12-27T11:20:22.4175540Z   else:
2022-12-27T11:20:22.4175940Z       filename = "<auto-generated setuptools caller>"
2022-12-27T11:20:22.4176280Z       setup_py_code = "from setuptools import setup; setup()"
2022-12-27T11:20:22.4176820Z   
2022-12-27T11:20:22.4177040Z   exec(compile(setup_py_code, filename, "exec"))
2022-12-27T11:20:22.4177820Z   '"'"''"'"''"'"' % ('"'"'/Users/runner/actions-runner/_work/python.build/python.build/build_lxml11beta38/lxml-1.1beta/setup.py'"'"',), "<pip-setuptools-caller>", "exec"))' egg_info --egg-base /private/var/folders/51/hd414ycd67n82196sw51xqtc0000gn/T/pip-pip-egg-info-t4c01bdg
2022-12-27T11:20:22.4178520Z   cwd: /Users/runner/actions-runner/_work/python.build/python.build/build_lxml11beta38/lxml-1.1beta/
2022-12-27T11:20:22.4179270Z   Preparing metadata (setup.py): finished with status 'error'
2022-12-27T11:20:22.4185720Z error: metadata-generation-failed
2022-12-27T11:20:22.4185920Z 
2022-12-27T11:20:22.4186890Z Ã— Encountered error while generating package metadata.
2022-12-27T11:20:22.4187440Z â•°â”€> See above for output.
2022-12-27T11:20:22.4187650Z 
2022-12-27T11:20:22.4187880Z note: This is an issue with the package mentioned above, not pip.
2022-12-27T11:20:22.4188590Z hint: See above for details.
2022-12-27T11:20:22.4212060Z Exception information:
2022-12-27T11:20:22.4212320Z Traceback (most recent call last):
2022-12-27T11:20:22.4213220Z   File "/private/var/folders/51/hd414ycd67n82196sw51xqtc0000gn/T/cibw-run-41ekdlv6/cp38-macosx_arm64/build/venv/lib/python3.8/site-packages/pip/_internal/operations/build/metadata_legacy.py", line 64, in generate_metadata
2022-12-27T11:20:22.4214230Z     call_subprocess(
2022-12-27T11:20:22.4215420Z   File "/private/var/folders/51/hd414ycd67n82196sw51xqtc0000gn/T/cibw-run-41ekdlv6/cp38-macosx_arm64/build/venv/lib/python3.8/site-packages/pip/_internal/utils/subprocess.py", line 224, in call_subprocess
2022-12-27T11:20:22.4215980Z     raise error
2022-12-27T11:20:22.4216530Z pip._internal.exceptions.InstallationSubprocessError: python setup.py egg_info exited with 1
2022-12-27T11:20:22.4216900Z 
2022-12-27T11:20:22.4217270Z The above exception was the direct cause of the following exception:
2022-12-27T11:20:22.4217920Z 
2022-12-27T11:20:22.4218110Z Traceback (most recent call last):
2022-12-27T11:20:22.4219240Z   File "/private/var/folders/51/hd414ycd67n82196sw51xqtc0000gn/T/cibw-run-41ekdlv6/cp38-macosx_arm64/build/venv/lib/python3.8/site-packages/pip/_internal/cli/base_command.py", line 160, in exc_logging_wrapper
2022-12-27T11:20:22.4219690Z     status = run_func(*args)
2022-12-27T11:20:22.4220280Z   File "/private/var/folders/51/hd414ycd67n82196sw51xqtc0000gn/T/cibw-run-41ekdlv6/cp38-macosx_arm64/build/venv/lib/python3.8/site-packages/pip/_internal/cli/req_command.py", line 247, in wrapper
2022-12-27T11:20:22.4220810Z     return func(self, options, args)
2022-12-27T11:20:22.4221310Z   File "/private/var/folders/51/hd414ycd67n82196sw51xqtc0000gn/T/cibw-run-41ekdlv6/cp38-macosx_arm64/build/venv/lib/python3.8/site-packages/pip/_internal/commands/wheel.py", line 170, in run
2022-12-27T11:20:22.4221890Z     requirement_set = resolver.resolve(reqs, check_supported_wheels=True)
2022-12-27T11:20:22.4222490Z   File "/private/var/folders/51/hd414ycd67n82196sw51xqtc0000gn/T/cibw-run-41ekdlv6/cp38-macosx_arm64/build/venv/lib/python3.8/site-packages/pip/_internal/resolution/resolvelib/resolver.py", line 73, in resolve
2022-12-27T11:20:22.4222960Z     collected = self.factory.collect_root_requirements(root_reqs)
2022-12-27T11:20:22.4223510Z   File "/private/var/folders/51/hd414ycd67n82196sw51xqtc0000gn/T/cibw-run-41ekdlv6/cp38-macosx_arm64/build/venv/lib/python3.8/site-packages/pip/_internal/resolution/resolvelib/factory.py", line 491, in collect_root_requirements
2022-12-27T11:20:22.4223900Z     req = self._make_requirement_from_install_req(
2022-12-27T11:20:22.4224510Z   File "/private/var/folders/51/hd414ycd67n82196sw51xqtc0000gn/T/cibw-run-41ekdlv6/cp38-macosx_arm64/build/venv/lib/python3.8/site-packages/pip/_internal/resolution/resolvelib/factory.py", line 453, in _make_requirement_from_install_req
2022-12-27T11:20:22.4224950Z     cand = self._make_candidate_from_link(
2022-12-27T11:20:22.4225490Z   File "/private/var/folders/51/hd414ycd67n82196sw51xqtc0000gn/T/cibw-run-41ekdlv6/cp38-macosx_arm64/build/venv/lib/python3.8/site-packages/pip/_internal/resolution/resolvelib/factory.py", line 206, in _make_candidate_from_link
2022-12-27T11:20:22.4225870Z     self._link_candidate_cache[link] = LinkCandidate(
2022-12-27T11:20:22.4226410Z   File "/private/var/folders/51/hd414ycd67n82196sw51xqtc0000gn/T/cibw-run-41ekdlv6/cp38-macosx_arm64/build/venv/lib/python3.8/site-packages/pip/_internal/resolution/resolvelib/candidates.py", line 297, in __init__
2022-12-27T11:20:22.4226700Z     super().__init__(
2022-12-27T11:20:22.4227270Z   File "/private/var/folders/51/hd414ycd67n82196sw51xqtc0000gn/T/cibw-run-41ekdlv6/cp38-macosx_arm64/build/venv/lib/python3.8/site-packages/pip/_internal/resolution/resolvelib/candidates.py", line 162, in __init__
2022-12-27T11:20:22.4227600Z     self.dist = self._prepare()
2022-12-27T11:20:22.4228120Z   File "/private/var/folders/51/hd414ycd67n82196sw51xqtc0000gn/T/cibw-run-41ekdlv6/cp38-macosx_arm64/build/venv/lib/python3.8/site-packages/pip/_internal/resolution/resolvelib/candidates.py", line 231, in _prepare
2022-12-27T11:20:22.4228640Z     dist = self._prepare_distribution()
2022-12-27T11:20:22.4229280Z   File "/private/var/folders/51/hd414ycd67n82196sw51xqtc0000gn/T/cibw-run-41ekdlv6/cp38-macosx_arm64/build/venv/lib/python3.8/site-packages/pip/_internal/resolution/resolvelib/candidates.py", line 308, in _prepare_distribution
2022-12-27T11:20:22.4229710Z     return preparer.prepare_linked_requirement(self._ireq, parallel_builds=True)
2022-12-27T11:20:22.4230290Z   File "/private/var/folders/51/hd414ycd67n82196sw51xqtc0000gn/T/cibw-run-41ekdlv6/cp38-macosx_arm64/build/venv/lib/python3.8/site-packages/pip/_internal/operations/prepare.py", line 491, in prepare_linked_requirement
2022-12-27T11:20:22.4230690Z     return self._prepare_linked_requirement(req, parallel_builds)
2022-12-27T11:20:22.4231320Z   File "/private/var/folders/51/hd414ycd67n82196sw51xqtc0000gn/T/cibw-run-41ekdlv6/cp38-macosx_arm64/build/venv/lib/python3.8/site-packages/pip/_internal/operations/prepare.py", line 577, in _prepare_linked_requirement
2022-12-27T11:20:22.4231680Z     dist = _get_prepared_distribution(
2022-12-27T11:20:22.4232180Z   File "/private/var/folders/51/hd414ycd67n82196sw51xqtc0000gn/T/cibw-run-41ekdlv6/cp38-macosx_arm64/build/venv/lib/python3.8/site-packages/pip/_internal/operations/prepare.py", line 69, in _get_prepared_distribution
2022-12-27T11:20:22.4232540Z     abstract_dist.prepare_distribution_metadata(
2022-12-27T11:20:22.4233080Z   File "/private/var/folders/51/hd414ycd67n82196sw51xqtc0000gn/T/cibw-run-41ekdlv6/cp38-macosx_arm64/build/venv/lib/python3.8/site-packages/pip/_internal/distributions/sdist.py", line 61, in prepare_distribution_metadata
2022-12-27T11:20:22.4233960Z     self.req.prepare_metadata()
2022-12-27T11:20:22.4234660Z   File "/private/var/folders/51/hd414ycd67n82196sw51xqtc0000gn/T/cibw-run-41ekdlv6/cp38-macosx_arm64/build/venv/lib/python3.8/site-packages/pip/_internal/req/req_install.py", line 541, in prepare_metadata
2022-12-27T11:20:22.4235010Z     self.metadata_directory = generate_metadata_legacy(
2022-12-27T11:20:22.4235790Z   File "/private/var/folders/51/hd414ycd67n82196sw51xqtc0000gn/T/cibw-run-41ekdlv6/cp38-macosx_arm64/build/venv/lib/python3.8/site-packages/pip/_internal/operations/build/metadata_legacy.py", line 71, in generate_metadata
2022-12-27T11:20:22.4236450Z     raise MetadataGenerationFailed(package_details=details) from error
2022-12-27T11:20:22.4236880Z pip._internal.exceptions.MetadataGenerationFailed: metadata generation failed
2022-12-27T11:20:22.4237650Z Removed file:///Users/runner/actions-runner/_work/python.build/python.build/build_lxml11beta38/lxml-1.1beta from build tracker '/private/var/folders/51/hd414ycd67n82196sw51xqtc0000gn/T/pip-build-tracker-2ymsqkvj'
2022-12-27T11:20:22.4238280Z Removed build tracker: '/private/var/folders/51/hd414ycd67n82196sw51xqtc0000gn/T/pip-build-tracker-2ymsqkvj'
2022-12-27T11:20:22.4541470Z ##[endgroup]
2022-12-27T11:20:22.4542100Z                                                               [31mâœ• [0m0.51s
2022-12-27T11:20:22.4904680Z ##[error]Command ['python', '-m', 'pip', 'wheel', '/Users/runner/actions-runner/_work/python.build/python.build/build_lxml11beta38/lxml-1.1beta', '--wheel-dir=/private/var/folders/51/hd414ycd67n82196sw51xqtc0000gn/T/cibw-run-41ekdlv6/cp38-macosx_arm64/built_wheel', '--no-deps', '-vvv'] failed with code 1. None
2022-12-27T11:20:22.4910980Z 
2022-12-27T11:20:22.5089030Z ##[error]Process completed with exit code 1.
2022-12-27T11:20:22.5121410Z ##[group]Run rm -rf build_lxml11beta38 wheelsout
2022-12-27T11:20:22.5121680Z [36;1mrm -rf build_lxml11beta38 wheelsout[0m
2022-12-27T11:20:22.5136370Z shell: /bin/bash -e {0}
2022-12-27T11:20:22.5136480Z env:
2022-12-27T11:20:22.5136660Z   pythonLocation: /Users/runner/hostedtoolcache/Python/3.8.15/x64
2022-12-27T11:20:22.5136930Z   PKG_CONFIG_PATH: /Users/runner/hostedtoolcache/Python/3.8.15/x64/lib/pkgconfig
2022-12-27T11:20:22.5137130Z   Python_ROOT_DIR: /Users/runner/hostedtoolcache/Python/3.8.15/x64
2022-12-27T11:20:22.5137330Z   Python2_ROOT_DIR: /Users/runner/hostedtoolcache/Python/3.8.15/x64
2022-12-27T11:20:22.5137680Z   Python3_ROOT_DIR: /Users/runner/hostedtoolcache/Python/3.8.15/x64
2022-12-27T11:20:22.5137840Z ##[endgroup]
2022-12-27T11:20:22.5404000Z Cleaning up orphan processes
