2022-12-27T08:51:25.1643183Z Requested labels: self-hosted, macOS, X64
2022-12-27T08:51:25.1643265Z Job defined at: kilnbuild/python.build/.github/workflows/mac_arm_build.yml@refs/heads/main
2022-12-27T08:51:25.1643293Z Waiting for a runner to pick up this job...
2022-12-27T11:23:00.7912531Z Job is about to start running on the runner: kr1 (organization)
2022-12-27T11:23:04.0377800Z Current runner version: '2.300.2'
2022-12-27T11:23:04.0385240Z Runner name: 'kr1'
2022-12-27T11:23:04.0385630Z Runner group name: 'Default'
2022-12-27T11:23:04.0386500Z Machine name: 'kr1'
2022-12-27T11:23:04.0389160Z ##[group]GITHUB_TOKEN Permissions
2022-12-27T11:23:04.0389840Z Actions: write
2022-12-27T11:23:04.0390090Z Checks: write
2022-12-27T11:23:04.0390340Z Contents: write
2022-12-27T11:23:04.0390590Z Deployments: write
2022-12-27T11:23:04.0390860Z Discussions: write
2022-12-27T11:23:04.0391120Z Issues: write
2022-12-27T11:23:04.0391350Z Metadata: read
2022-12-27T11:23:04.0391600Z Packages: write
2022-12-27T11:23:04.0391860Z Pages: write
2022-12-27T11:23:04.0392110Z PullRequests: write
2022-12-27T11:23:04.0392410Z RepositoryProjects: write
2022-12-27T11:23:04.0392710Z SecurityEvents: write
2022-12-27T11:23:04.0392960Z Statuses: write
2022-12-27T11:23:04.0393220Z ##[endgroup]
2022-12-27T11:23:04.0396830Z Secret source: Actions
2022-12-27T11:23:04.0397340Z Prepare workflow directory
2022-12-27T11:23:04.1507950Z Prepare all required actions
2022-12-27T11:23:04.1710930Z Getting action download info
2022-12-27T11:23:04.6386330Z Download action repository 'actions/setup-python@v4' (SHA:5ccb29d8773c3f3f653e1705f474dfaa8a06a912)
2022-12-27T11:23:06.5431020Z Download action repository 'actions/upload-artifact@v3' (SHA:83fd05a356d7e2593de66fc9913b3002723633cb)
2022-12-27T11:23:08.0306950Z ##[group]Run echo '{
2022-12-27T11:23:08.0307500Z [36;1mecho '{[0m
2022-12-27T11:23:08.0307890Z [36;1m  "package_name": "lxml",[0m
2022-12-27T11:23:08.0308350Z [36;1m  "package_url": "https://files.pythonhosted.org/packages/39/af/e517a56b6f27a0fc8065fe5df38988d039d7892cca5fdb25248291e33d41/lxml-2.0alpha1.tar.gz",[0m
2022-12-27T11:23:08.0308720Z [36;1m  "package_version": "2.0alpha1",[0m
2022-12-27T11:23:08.0308960Z [36;1m  "python_version": "3.9",[0m
2022-12-27T11:23:08.0309170Z [36;1m  "use_ccache": "true"[0m
2022-12-27T11:23:08.0309350Z [36;1m}'[0m
2022-12-27T11:23:08.0336820Z shell: /bin/bash -e {0}
2022-12-27T11:23:08.0337200Z ##[endgroup]
2022-12-27T11:23:08.0751460Z {
2022-12-27T11:23:08.0754280Z   "package_name": "lxml",
2022-12-27T11:23:08.0755640Z   "package_url": "https://files.pythonhosted.org/packages/39/af/e517a56b6f27a0fc8065fe5df38988d039d7892cca5fdb25248291e33d41/lxml-2.0alpha1.tar.gz",
2022-12-27T11:23:08.0756300Z   "package_version": "2.0alpha1",
2022-12-27T11:23:08.0756810Z   "python_version": "3.9",
2022-12-27T11:23:08.0757140Z   "use_ccache": "true"
2022-12-27T11:23:08.0757480Z }
2022-12-27T11:23:08.1113290Z ##[group]Run actions/setup-python@v4
2022-12-27T11:23:08.1113750Z with:
2022-12-27T11:23:08.1114140Z   python-version: 3.9
2022-12-27T11:23:08.1114460Z   check-latest: false
2022-12-27T11:23:08.1114930Z   token: ***
2022-12-27T11:23:08.1115530Z   update-environment: true
2022-12-27T11:23:08.1115880Z ##[endgroup]
2022-12-27T11:23:08.3331740Z ##[group]Installed versions
2022-12-27T11:23:08.3438250Z Successfully set up CPython (3.9.16)
2022-12-27T11:23:08.3439550Z ##[endgroup]
2022-12-27T11:23:08.3677480Z ##[group]Run if [ "true" == "true" ]
2022-12-27T11:23:08.3678090Z [36;1mif [ "true" == "true" ][0m
2022-12-27T11:23:08.3678440Z [36;1mthen[0m
2022-12-27T11:23:08.3678770Z [36;1m  echo "CCACHE_PATH_PREPEND=/usr/local/opt/ccache/libexec" >> $GITHUB_OUTPUT[0m
2022-12-27T11:23:08.3679150Z [36;1melse[0m
2022-12-27T11:23:08.3679510Z [36;1m  echo "CCACHE_PATH_PREPEND=" >> $GITHUB_OUTPUT[0m
2022-12-27T11:23:08.3679870Z [36;1mfi[0m
2022-12-27T11:23:08.3709020Z shell: /bin/bash -e {0}
2022-12-27T11:23:08.3709380Z env:
2022-12-27T11:23:08.3709900Z   pythonLocation: /Users/runner/hostedtoolcache/Python/3.9.16/x64
2022-12-27T11:23:08.3710290Z   PKG_CONFIG_PATH: /Users/runner/hostedtoolcache/Python/3.9.16/x64/lib/pkgconfig
2022-12-27T11:23:08.3710750Z   Python_ROOT_DIR: /Users/runner/hostedtoolcache/Python/3.9.16/x64
2022-12-27T11:23:08.3711200Z   Python2_ROOT_DIR: /Users/runner/hostedtoolcache/Python/3.9.16/x64
2022-12-27T11:23:08.3711690Z   Python3_ROOT_DIR: /Users/runner/hostedtoolcache/Python/3.9.16/x64
2022-12-27T11:23:08.3712790Z ##[endgroup]
2022-12-27T11:23:08.4000780Z ##[group]Run echo "BUILD_NAME=$(echo lxml_2.0alpha1_3.9 | tr -dc '[:alnum:]\n\r' | tr '[:upper:]' '[:lower:]')" >> $GITHUB_OUTPUT
2022-12-27T11:23:08.4001510Z [36;1mecho "BUILD_NAME=$(echo lxml_2.0alpha1_3.9 | tr -dc '[:alnum:]\n\r' | tr '[:upper:]' '[:lower:]')" >> $GITHUB_OUTPUT[0m
2022-12-27T11:23:08.4030590Z shell: /bin/bash -e {0}
2022-12-27T11:23:08.4030850Z env:
2022-12-27T11:23:08.4031220Z   pythonLocation: /Users/runner/hostedtoolcache/Python/3.9.16/x64
2022-12-27T11:23:08.4031700Z   PKG_CONFIG_PATH: /Users/runner/hostedtoolcache/Python/3.9.16/x64/lib/pkgconfig
2022-12-27T11:23:08.4032100Z   Python_ROOT_DIR: /Users/runner/hostedtoolcache/Python/3.9.16/x64
2022-12-27T11:23:08.4032540Z   Python2_ROOT_DIR: /Users/runner/hostedtoolcache/Python/3.9.16/x64
2022-12-27T11:23:08.4032980Z   Python3_ROOT_DIR: /Users/runner/hostedtoolcache/Python/3.9.16/x64
2022-12-27T11:23:08.4033290Z ##[endgroup]
2022-12-27T11:23:08.4322110Z ##[group]Run echo "PYTHON_NO_DOTS=$(echo 3.9 | tr -dc '[:alnum:]\n\r' | tr '[:upper:]' '[:lower:]')" >> $GITHUB_OUTPUT
2022-12-27T11:23:08.4323740Z [36;1mecho "PYTHON_NO_DOTS=$(echo 3.9 | tr -dc '[:alnum:]\n\r' | tr '[:upper:]' '[:lower:]')" >> $GITHUB_OUTPUT[0m
2022-12-27T11:23:08.4369500Z shell: /bin/bash -e {0}
2022-12-27T11:23:08.4369840Z env:
2022-12-27T11:23:08.4370330Z   pythonLocation: /Users/runner/hostedtoolcache/Python/3.9.16/x64
2022-12-27T11:23:08.4370730Z   PKG_CONFIG_PATH: /Users/runner/hostedtoolcache/Python/3.9.16/x64/lib/pkgconfig
2022-12-27T11:23:08.4371250Z   Python_ROOT_DIR: /Users/runner/hostedtoolcache/Python/3.9.16/x64
2022-12-27T11:23:08.4371680Z   Python2_ROOT_DIR: /Users/runner/hostedtoolcache/Python/3.9.16/x64
2022-12-27T11:23:08.4372110Z   Python3_ROOT_DIR: /Users/runner/hostedtoolcache/Python/3.9.16/x64
2022-12-27T11:23:08.4372470Z ##[endgroup]
2022-12-27T11:23:08.4645790Z ##[group]Run rm -rf build_lxml20alpha139
2022-12-27T11:23:08.4646340Z [36;1mrm -rf build_lxml20alpha139[0m
2022-12-27T11:23:08.4646860Z [36;1mmkdir build_lxml20alpha139[0m
2022-12-27T11:23:08.4647230Z [36;1mcd build_lxml20alpha139[0m
2022-12-27T11:23:08.4647850Z [36;1m/usr/local/bin/wget --quiet https://files.pythonhosted.org/packages/39/af/e517a56b6f27a0fc8065fe5df38988d039d7892cca5fdb25248291e33d41/lxml-2.0alpha1.tar.gz[0m
2022-12-27T11:23:08.4648350Z [36;1mtar xf *.tar.gz[0m
2022-12-27T11:23:08.4648600Z [36;1mcd *[0m
2022-12-27T11:23:08.4648950Z [36;1mpython -m pip install cibuildwheel==2.11.3[0m
2022-12-27T11:23:08.4649450Z [36;1mpython -m cibuildwheel --output-dir ../wheelsout[0m
2022-12-27T11:23:08.4677950Z shell: /bin/bash -e {0}
2022-12-27T11:23:08.4678200Z env:
2022-12-27T11:23:08.4678660Z   pythonLocation: /Users/runner/hostedtoolcache/Python/3.9.16/x64
2022-12-27T11:23:08.4679210Z   PKG_CONFIG_PATH: /Users/runner/hostedtoolcache/Python/3.9.16/x64/lib/pkgconfig
2022-12-27T11:23:08.4680470Z   Python_ROOT_DIR: /Users/runner/hostedtoolcache/Python/3.9.16/x64
2022-12-27T11:23:08.4680910Z   Python2_ROOT_DIR: /Users/runner/hostedtoolcache/Python/3.9.16/x64
2022-12-27T11:23:08.4681420Z   Python3_ROOT_DIR: /Users/runner/hostedtoolcache/Python/3.9.16/x64
2022-12-27T11:23:08.4681790Z   CIBW_ARCHS_MACOS: arm64
2022-12-27T11:23:08.4682050Z   CIBW_TEST_SKIP: *_arm64
2022-12-27T11:23:08.4682380Z   CIBW_BUILD: cp39-macosx_arm64
2022-12-27T11:23:08.4682720Z   CIBW_BUILD_FRONTEND: pip
2022-12-27T11:23:08.4683050Z   CIBW_BUILD_VERBOSITY: 3
2022-12-27T11:23:08.4683600Z   CIBW_ENVIRONMENT_MACOS:  CFLAGS="-I/usr/local/opt/openssl@3/include" LDFLAGS="-L/usr/local/opt/openssl@3/lib" CPPFLAGS="-I/usr/local/opt/openssl@3/include" MAKEFLAGS="-j$(sysctl -n hw.logicalcpu)" PATH=/usr/local/opt/ccache/libexec:$PATH
2022-12-27T11:23:08.4684250Z   CIBW_BEFORE_BUILD: pip install Cython; if [[ -f requirements.txt ]]; then pip install -r requirements.txt; fi
2022-12-27T11:23:08.4684690Z   MAKEFLAGS: -j$(sysctl -n hw.logicalcpu)
2022-12-27T11:23:08.4685020Z ##[endgroup]
2022-12-27T11:23:09.2128420Z Requirement already satisfied: cibuildwheel==2.11.3 in /Users/runner/hostedtoolcache/Python/3.9.16/x64/lib/python3.9/site-packages (2.11.3)
2022-12-27T11:23:09.2518180Z Requirement already satisfied: typing-extensions>=4.1.0 in /Users/runner/hostedtoolcache/Python/3.9.16/x64/lib/python3.9/site-packages (from cibuildwheel==2.11.3) (4.4.0)
2022-12-27T11:23:09.2520260Z Requirement already satisfied: bracex in /Users/runner/hostedtoolcache/Python/3.9.16/x64/lib/python3.9/site-packages (from cibuildwheel==2.11.3) (2.3.post1)
2022-12-27T11:23:09.2533120Z Requirement already satisfied: tomli in /Users/runner/hostedtoolcache/Python/3.9.16/x64/lib/python3.9/site-packages (from cibuildwheel==2.11.3) (2.0.1)
2022-12-27T11:23:09.2539670Z Requirement already satisfied: bashlex!=0.13 in /Users/runner/hostedtoolcache/Python/3.9.16/x64/lib/python3.9/site-packages (from cibuildwheel==2.11.3) (0.16)
2022-12-27T11:23:09.2544610Z Requirement already satisfied: filelock in /Users/runner/hostedtoolcache/Python/3.9.16/x64/lib/python3.9/site-packages (from cibuildwheel==2.11.3) (3.8.2)
2022-12-27T11:23:09.2550810Z Requirement already satisfied: packaging>=20.9 in /Users/runner/hostedtoolcache/Python/3.9.16/x64/lib/python3.9/site-packages (from cibuildwheel==2.11.3) (22.0)
2022-12-27T11:23:09.2555720Z Requirement already satisfied: certifi in /Users/runner/hostedtoolcache/Python/3.9.16/x64/lib/python3.9/site-packages (from cibuildwheel==2.11.3) (2022.12.7)
2022-12-27T11:23:09.2560620Z Requirement already satisfied: platformdirs in /Users/runner/hostedtoolcache/Python/3.9.16/x64/lib/python3.9/site-packages (from cibuildwheel==2.11.3) (2.6.0)
2022-12-27T11:23:09.5740130Z 
2022-12-27T11:23:09.5740800Z      _ _       _ _   _       _           _
2022-12-27T11:23:09.5743050Z  ___|_| |_ _ _|_| |_| |_ _ _| |_ ___ ___| |
2022-12-27T11:23:09.5744720Z |  _| | . | | | | | . | | | |   | -_| -_| |
2022-12-27T11:23:09.5748000Z |___|_|___|___|_|_|___|_____|_|_|___|___|_|
2022-12-27T11:23:09.5748300Z 
2022-12-27T11:23:09.5748540Z cibuildwheel version 2.11.3
2022-12-27T11:23:09.5748790Z 
2022-12-27T11:23:09.5749010Z Build options:
2022-12-27T11:23:09.5749560Z   platform: macos
2022-12-27T11:23:09.5799400Z   architectures: arm64[0m
2022-12-27T11:23:09.5800130Z   build_selector: 
2022-12-27T11:23:09.5801020Z     build_config: cp39-macosx_arm64
2022-12-27T11:23:09.5801720Z     skip_config: 
2022-12-27T11:23:09.5803720Z     requires_python: None
2022-12-27T11:23:09.5805460Z     prerelease_pythons: False[0m
2022-12-27T11:23:09.5807100Z   [38;5;244mcontainer_engine: docker[0m
2022-12-27T11:23:09.5808870Z   output_dir: /Users/runner/actions-runner/_work/python.build/python.build/build_lxml20alpha139/wheelsout[0m
2022-12-27T11:23:09.5810840Z   package_dir: /Users/runner/actions-runner/_work/python.build/python.build/build_lxml20alpha139/lxml-2.0alpha1[0m
2022-12-27T11:23:09.5811700Z   test_selector: 
2022-12-27T11:23:09.5812400Z     skip_config: *_arm64[0m
2022-12-27T11:23:09.5812900Z   [38;5;244mbefore_all: [0m
2022-12-27T11:23:09.5813800Z   before_build: pip install Cython; if [[ -f requirements.txt ]]; then pip install -r requirements.txt; fi[0m
2022-12-27T11:23:09.5814330Z   [38;5;244mbefore_test: [0m
2022-12-27T11:23:09.5814690Z   [38;5;244mbuild_frontend: pip[0m
2022-12-27T11:23:09.5815110Z   build_verbosity: 3[0m
2022-12-27T11:23:09.5815520Z   [38;5;244mconfig_settings: [0m
2022-12-27T11:23:09.5816000Z   [38;5;244mdependency_constraints: pinned[0m
2022-12-27T11:23:09.5816340Z   environment: 
2022-12-27T11:23:09.5816810Z     CFLAGS="-I/usr/local/opt/openssl@3/include"
2022-12-27T11:23:09.5817220Z     LDFLAGS="-L/usr/local/opt/openssl@3/lib"
2022-12-27T11:23:09.5817700Z     CPPFLAGS="-I/usr/local/opt/openssl@3/include"
2022-12-27T11:23:09.5818250Z     MAKEFLAGS="-j$(sysctl -n hw.logicalcpu)"
2022-12-27T11:23:09.5818670Z     PATH=/usr/local/opt/ccache/libexec:$PATH[0m
2022-12-27T11:23:09.5819120Z   [38;5;244mmanylinux_images: None[0m
2022-12-27T11:23:09.5819560Z   [38;5;244mmusllinux_images: None[0m
2022-12-27T11:23:09.5820230Z   [38;5;244mrepair_command: delocate-wheel --require-archs {delocate_archs} -w {dest_dir} -v {wheel}[0m
2022-12-27T11:23:09.5821410Z   [38;5;244mtest_command: [0m
2022-12-27T11:23:09.5821820Z   [38;5;244mtest_extras: [0m
2022-12-27T11:23:09.5822230Z   [38;5;244mtest_requires: [0m
2022-12-27T11:23:09.5822360Z 
2022-12-27T11:23:09.5822560Z Cache folder: /Users/runner/Library/Caches/cibuildwheel
2022-12-27T11:23:09.5827270Z 
2022-12-27T11:23:09.5829000Z Here we go!
2022-12-27T11:23:09.5829420Z 
2022-12-27T11:23:09.5934780Z 
2022-12-27T11:23:09.5937780Z [1m[34mBuilding cp39-macosx_arm64 wheel[0m
2022-12-27T11:23:09.5938750Z CPython 3.9 macOS arm64 - Apple Silicon
2022-12-27T11:23:09.5939140Z 
2022-12-27T11:23:09.5941260Z ##[group]Installing Python cp39...
2022-12-27T11:23:09.5941530Z 
2022-12-27T11:23:09.5941950Z + pkgutil --pkgs
2022-12-27T11:23:09.6152370Z ##[endgroup]
2022-12-27T11:23:09.6154950Z                                                               [32m✓ [0m0.02s
2022-12-27T11:23:09.6156270Z ##[group]Setting up build environment...
2022-12-27T11:23:09.6157070Z 
2022-12-27T11:23:09.6189670Z + /Users/runner/hostedtoolcache/Python/3.9.16/x64/bin/python -sS /Users/runner/Library/Caches/cibuildwheel/virtualenv-20.17.0.pyz --activators= --no-periodic-update --pip=22.3.1 --setuptools=65.6.3 --wheel=0.38.4 --symlink-app-data --python /Library/Frameworks/Python.framework/Versions/3.9/bin/python3 /private/var/folders/51/hd414ycd67n82196sw51xqtc0000gn/T/cibw-run-4znbs24c/cp39-macosx_arm64/build/venv
2022-12-27T11:23:09.9267450Z created virtual environment CPython3.9.13.final.0-64 in 77ms
2022-12-27T11:23:09.9268430Z   creator CPython3Posix(dest=/private/var/folders/51/hd414ycd67n82196sw51xqtc0000gn/T/cibw-run-4znbs24c/cp39-macosx_arm64/build/venv, clear=False, no_vcs_ignore=False, global=False)
2022-12-27T11:23:09.9269590Z   seeder FromAppData(download=False, pip=22.3.1, setuptools=65.6.3, wheel=0.38.4, via=symlink, app_data_dir=/Users/runner/Library/Application Support/virtualenv)
2022-12-27T11:23:09.9270190Z     added seed packages: pip==22.3.1, setuptools==65.6.3, wheel==0.38.4
2022-12-27T11:23:09.9503400Z + python -m pip install --upgrade pip -c /Users/runner/hostedtoolcache/Python/3.9.16/x64/lib/python3.9/site-packages/cibuildwheel/resources/constraints-python39.txt
2022-12-27T11:23:10.4769060Z Requirement already satisfied: pip in ./lib/python3.9/site-packages (22.3.1)
2022-12-27T11:23:10.7760370Z + which pip
2022-12-27T11:23:10.7806710Z /private/var/folders/51/hd414ycd67n82196sw51xqtc0000gn/T/cibw-run-4znbs24c/cp39-macosx_arm64/build/venv/bin/pip
2022-12-27T11:23:10.7810850Z + pip --version
2022-12-27T11:23:11.1675260Z pip 22.3.1 from /private/var/folders/51/hd414ycd67n82196sw51xqtc0000gn/T/cibw-run-4znbs24c/cp39-macosx_arm64/build/venv/lib/python3.9/site-packages/pip (python 3.9)
2022-12-27T11:23:11.2253690Z + which pip
2022-12-27T11:23:11.2310650Z + which python
2022-12-27T11:23:11.2349020Z /private/var/folders/51/hd414ycd67n82196sw51xqtc0000gn/T/cibw-run-4znbs24c/cp39-macosx_arm64/build/venv/bin/python
2022-12-27T11:23:11.2356300Z + python --version
2022-12-27T11:23:11.2450070Z Python 3.9.13
2022-12-27T11:23:11.2456780Z + which python
2022-12-27T11:23:11.2583090Z ##[endgroup]
2022-12-27T11:23:11.2584630Z                                                               [32m✓ [0m1.64s
2022-12-27T11:23:11.2586130Z ##[group]Installing build tools...
2022-12-27T11:23:11.2586940Z 
2022-12-27T11:23:11.2588230Z + pip install --upgrade setuptools wheel delocate -c /Users/runner/hostedtoolcache/Python/3.9.16/x64/lib/python3.9/site-packages/cibuildwheel/resources/constraints-python39.txt
2022-12-27T11:23:11.7890450Z Requirement already satisfied: setuptools in /private/var/folders/51/hd414ycd67n82196sw51xqtc0000gn/T/cibw-run-4znbs24c/cp39-macosx_arm64/build/venv/lib/python3.9/site-packages (65.6.3)
2022-12-27T11:23:12.2002780Z Requirement already satisfied: wheel in /private/var/folders/51/hd414ycd67n82196sw51xqtc0000gn/T/cibw-run-4znbs24c/cp39-macosx_arm64/build/venv/lib/python3.9/site-packages (0.38.4)
2022-12-27T11:23:12.2952020Z Collecting delocate
2022-12-27T11:23:12.3006260Z   Using cached delocate-0.10.3-py3-none-any.whl (142 kB)
2022-12-27T11:23:12.3603370Z Collecting packaging>=20.9
2022-12-27T11:23:12.3672360Z   Using cached packaging-21.3-py3-none-any.whl (40 kB)
2022-12-27T11:23:12.4010340Z Collecting typing-extensions
2022-12-27T11:23:12.4058430Z   Using cached typing_extensions-4.4.0-py3-none-any.whl (26 kB)
2022-12-27T11:23:12.4706070Z Collecting pyparsing!=3.0.5,>=2.0.2
2022-12-27T11:23:12.4761410Z   Using cached pyparsing-3.0.9-py3-none-any.whl (98 kB)
2022-12-27T11:23:12.5406370Z Installing collected packages: typing-extensions, pyparsing, packaging, delocate
2022-12-27T11:23:12.7935300Z Successfully installed delocate-0.10.3 packaging-21.3 pyparsing-3.0.9 typing-extensions-4.4.0
2022-12-27T11:23:12.9272510Z ##[endgroup]
2022-12-27T11:23:12.9276610Z                                                               [32m✓ [0m1.67s
2022-12-27T11:23:12.9277670Z ##[group]Running before_build...
2022-12-27T11:23:12.9278070Z 
2022-12-27T11:23:12.9294760Z + pip install Cython; if [[ -f requirements.txt ]]; then pip install -r requirements.txt; fi
2022-12-27T11:23:14.1672130Z Collecting Cython
2022-12-27T11:23:14.1773260Z   Using cached Cython-0.29.32-py2.py3-none-any.whl (986 kB)
2022-12-27T11:23:14.2626620Z Installing collected packages: Cython
2022-12-27T11:23:15.1105890Z Successfully installed Cython-0.29.32
2022-12-27T11:23:15.2339850Z ##[endgroup]
2022-12-27T11:23:15.2341440Z                                                               [32m✓ [0m2.31s
2022-12-27T11:23:15.2342770Z ##[group]Building wheel...
2022-12-27T11:23:15.2343160Z 
2022-12-27T11:23:15.2350830Z + python -m pip wheel /Users/runner/actions-runner/_work/python.build/python.build/build_lxml20alpha139/lxml-2.0alpha1 --wheel-dir=/private/var/folders/51/hd414ycd67n82196sw51xqtc0000gn/T/cibw-run-4znbs24c/cp39-macosx_arm64/built_wheel --no-deps -vvv
2022-12-27T11:23:15.7019500Z Created temporary directory: /private/var/folders/51/hd414ycd67n82196sw51xqtc0000gn/T/pip-ephem-wheel-cache-oe6spbp3
2022-12-27T11:23:15.7024930Z Created temporary directory: /private/var/folders/51/hd414ycd67n82196sw51xqtc0000gn/T/pip-build-tracker-fiut88f8
2022-12-27T11:23:15.7028860Z Initialized build tracking at /private/var/folders/51/hd414ycd67n82196sw51xqtc0000gn/T/pip-build-tracker-fiut88f8
2022-12-27T11:23:15.7030950Z Created build tracker: /private/var/folders/51/hd414ycd67n82196sw51xqtc0000gn/T/pip-build-tracker-fiut88f8
2022-12-27T11:23:15.7032940Z Entered build tracker: /private/var/folders/51/hd414ycd67n82196sw51xqtc0000gn/T/pip-build-tracker-fiut88f8
2022-12-27T11:23:15.7040800Z Created temporary directory: /private/var/folders/51/hd414ycd67n82196sw51xqtc0000gn/T/pip-wheel-ntnc0p4q
2022-12-27T11:23:15.7055670Z Created temporary directory: /private/var/folders/51/hd414ycd67n82196sw51xqtc0000gn/T/pip-ephem-wheel-cache-2ps449b3
2022-12-27T11:23:15.7398560Z Processing /Users/runner/actions-runner/_work/python.build/python.build/build_lxml20alpha139/lxml-2.0alpha1
2022-12-27T11:23:15.7408220Z   Added file:///Users/runner/actions-runner/_work/python.build/python.build/build_lxml20alpha139/lxml-2.0alpha1 to build tracker '/private/var/folders/51/hd414ycd67n82196sw51xqtc0000gn/T/pip-build-tracker-fiut88f8'
2022-12-27T11:23:15.7415690Z   Running setup.py (path:/Users/runner/actions-runner/_work/python.build/python.build/build_lxml20alpha139/lxml-2.0alpha1/setup.py) egg_info for package from file:///Users/runner/actions-runner/_work/python.build/python.build/build_lxml20alpha139/lxml-2.0alpha1
2022-12-27T11:23:15.7419980Z   Created temporary directory: /private/var/folders/51/hd414ycd67n82196sw51xqtc0000gn/T/pip-pip-egg-info-gxvp_he9
2022-12-27T11:23:15.7422060Z   Preparing metadata (setup.py): started
2022-12-27T11:23:15.7425680Z   Running command python setup.py egg_info
2022-12-27T11:23:16.0039440Z   Traceback (most recent call last):
2022-12-27T11:23:16.0056500Z     File "<string>", line 2, in <module>
2022-12-27T11:23:16.0057980Z     File "<pip-setuptools-caller>", line 34, in <module>
2022-12-27T11:23:16.0059280Z     File "/Users/runner/actions-runner/_work/python.build/python.build/build_lxml20alpha139/lxml-2.0alpha1/setup.py", line 41
2022-12-27T11:23:16.0061520Z       print "Building lxml version", svn_version
2022-12-27T11:23:16.0062410Z             ^
2022-12-27T11:23:16.0063380Z   SyntaxError: Missing parentheses in call to 'print'. Did you mean print("Building lxml version", svn_version)?
2022-12-27T11:23:16.0422040Z   error: subprocess-exited-with-error
2022-12-27T11:23:16.0423020Z   
2022-12-27T11:23:16.0423950Z   × python setup.py egg_info did not run successfully.
2022-12-27T11:23:16.0426150Z   │ exit code: 1
2022-12-27T11:23:16.0427020Z   ╰─> See above for output.
2022-12-27T11:23:16.0427660Z   
2022-12-27T11:23:16.0428450Z   note: This error originates from a subprocess, and is likely not a problem with pip.
2022-12-27T11:23:16.0438190Z   full command: /private/var/folders/51/hd414ycd67n82196sw51xqtc0000gn/T/cibw-run-4znbs24c/cp39-macosx_arm64/build/venv/bin/python -c '
2022-12-27T11:23:16.0439250Z   exec(compile('"'"''"'"''"'"'
2022-12-27T11:23:16.0439860Z   # This is <pip-setuptools-caller> -- a caller that pip uses to run setup.py
2022-12-27T11:23:16.0440180Z   #
2022-12-27T11:23:16.0440770Z   # - It imports setuptools before invoking setup.py, to enable projects that directly
2022-12-27T11:23:16.0441540Z   #   import from `distutils.core` to work with newer packaging standards.
2022-12-27T11:23:16.0442260Z   # - It provides a clear error message when setuptools is not installed.
2022-12-27T11:23:16.0443130Z   # - It sets `sys.argv[0]` to the underlying `setup.py`, when invoking `setup.py` so
2022-12-27T11:23:16.0443730Z   #   setuptools doesn'"'"'t think the script is `-c`. This avoids the following warning:
2022-12-27T11:23:16.0444460Z   #     manifest_maker: standard file '"'"'-c'"'"' not found".
2022-12-27T11:23:16.0445710Z   # - It generates a shim setup.py, for handling setup.cfg-only projects.
2022-12-27T11:23:16.0446180Z   import os, sys, tokenize
2022-12-27T11:23:16.0446640Z   
2022-12-27T11:23:16.0446920Z   try:
2022-12-27T11:23:16.0447360Z       import setuptools
2022-12-27T11:23:16.0447860Z   except ImportError as error:
2022-12-27T11:23:16.0448220Z       print(
2022-12-27T11:23:16.0448910Z           "ERROR: Can not execute `setup.py` since setuptools is not available in "
2022-12-27T11:23:16.0449340Z           "the build environment.",
2022-12-27T11:23:16.0449730Z           file=sys.stderr,
2022-12-27T11:23:16.0450060Z       )
2022-12-27T11:23:16.0450970Z       sys.exit(1)
2022-12-27T11:23:16.0451300Z   
2022-12-27T11:23:16.0451530Z   __file__ = %r
2022-12-27T11:23:16.0451970Z   sys.argv[0] = __file__
2022-12-27T11:23:16.0452280Z   
2022-12-27T11:23:16.0452530Z   if os.path.exists(__file__):
2022-12-27T11:23:16.0452870Z       filename = __file__
2022-12-27T11:23:16.0453310Z       with tokenize.open(__file__) as f:
2022-12-27T11:23:16.0453600Z           setup_py_code = f.read()
2022-12-27T11:23:16.0453930Z   else:
2022-12-27T11:23:16.0454390Z       filename = "<auto-generated setuptools caller>"
2022-12-27T11:23:16.0454750Z       setup_py_code = "from setuptools import setup; setup()"
2022-12-27T11:23:16.0455190Z   
2022-12-27T11:23:16.0455530Z   exec(compile(setup_py_code, filename, "exec"))
2022-12-27T11:23:16.0456330Z   '"'"''"'"''"'"' % ('"'"'/Users/runner/actions-runner/_work/python.build/python.build/build_lxml20alpha139/lxml-2.0alpha1/setup.py'"'"',), "<pip-setuptools-caller>", "exec"))' egg_info --egg-base /private/var/folders/51/hd414ycd67n82196sw51xqtc0000gn/T/pip-pip-egg-info-gxvp_he9
2022-12-27T11:23:16.0457190Z   cwd: /Users/runner/actions-runner/_work/python.build/python.build/build_lxml20alpha139/lxml-2.0alpha1/
2022-12-27T11:23:16.0457790Z   Preparing metadata (setup.py): finished with status 'error'
2022-12-27T11:23:16.0469170Z error: metadata-generation-failed
2022-12-27T11:23:16.0469910Z 
2022-12-27T11:23:16.0471550Z × Encountered error while generating package metadata.
2022-12-27T11:23:16.0472420Z ╰─> See above for output.
2022-12-27T11:23:16.0472820Z 
2022-12-27T11:23:16.0473250Z note: This is an issue with the package mentioned above, not pip.
2022-12-27T11:23:16.0475300Z hint: See above for details.
2022-12-27T11:23:16.0517970Z Exception information:
2022-12-27T11:23:16.0519510Z Traceback (most recent call last):
2022-12-27T11:23:16.0521400Z   File "/private/var/folders/51/hd414ycd67n82196sw51xqtc0000gn/T/cibw-run-4znbs24c/cp39-macosx_arm64/build/venv/lib/python3.9/site-packages/pip/_internal/operations/build/metadata_legacy.py", line 64, in generate_metadata
2022-12-27T11:23:16.0523030Z     call_subprocess(
2022-12-27T11:23:16.0527630Z   File "/private/var/folders/51/hd414ycd67n82196sw51xqtc0000gn/T/cibw-run-4znbs24c/cp39-macosx_arm64/build/venv/lib/python3.9/site-packages/pip/_internal/utils/subprocess.py", line 224, in call_subprocess
2022-12-27T11:23:16.0528490Z     raise error
2022-12-27T11:23:16.0529420Z pip._internal.exceptions.InstallationSubprocessError: python setup.py egg_info exited with 1
2022-12-27T11:23:16.0529850Z 
2022-12-27T11:23:16.0532180Z The above exception was the direct cause of the following exception:
2022-12-27T11:23:16.0533660Z 
2022-12-27T11:23:16.0533870Z Traceback (most recent call last):
2022-12-27T11:23:16.0534810Z   File "/private/var/folders/51/hd414ycd67n82196sw51xqtc0000gn/T/cibw-run-4znbs24c/cp39-macosx_arm64/build/venv/lib/python3.9/site-packages/pip/_internal/cli/base_command.py", line 160, in exc_logging_wrapper
2022-12-27T11:23:16.0535420Z     status = run_func(*args)
2022-12-27T11:23:16.0536390Z   File "/private/var/folders/51/hd414ycd67n82196sw51xqtc0000gn/T/cibw-run-4znbs24c/cp39-macosx_arm64/build/venv/lib/python3.9/site-packages/pip/_internal/cli/req_command.py", line 247, in wrapper
2022-12-27T11:23:16.0651950Z     return func(self, options, args)
2022-12-27T11:23:16.0653860Z   File "/private/var/folders/51/hd414ycd67n82196sw51xqtc0000gn/T/cibw-run-4znbs24c/cp39-macosx_arm64/build/venv/lib/python3.9/site-packages/pip/_internal/commands/wheel.py", line 170, in run
2022-12-27T11:23:16.0654410Z     requirement_set = resolver.resolve(reqs, check_supported_wheels=True)
2022-12-27T11:23:16.0655250Z   File "/private/var/folders/51/hd414ycd67n82196sw51xqtc0000gn/T/cibw-run-4znbs24c/cp39-macosx_arm64/build/venv/lib/python3.9/site-packages/pip/_internal/resolution/resolvelib/resolver.py", line 73, in resolve
2022-12-27T11:23:16.0655750Z     collected = self.factory.collect_root_requirements(root_reqs)
2022-12-27T11:23:16.0656720Z   File "/private/var/folders/51/hd414ycd67n82196sw51xqtc0000gn/T/cibw-run-4znbs24c/cp39-macosx_arm64/build/venv/lib/python3.9/site-packages/pip/_internal/resolution/resolvelib/factory.py", line 491, in collect_root_requirements
2022-12-27T11:23:16.0657230Z     req = self._make_requirement_from_install_req(
2022-12-27T11:23:16.0658080Z   File "/private/var/folders/51/hd414ycd67n82196sw51xqtc0000gn/T/cibw-run-4znbs24c/cp39-macosx_arm64/build/venv/lib/python3.9/site-packages/pip/_internal/resolution/resolvelib/factory.py", line 453, in _make_requirement_from_install_req
2022-12-27T11:23:16.0658520Z     cand = self._make_candidate_from_link(
2022-12-27T11:23:16.0659230Z   File "/private/var/folders/51/hd414ycd67n82196sw51xqtc0000gn/T/cibw-run-4znbs24c/cp39-macosx_arm64/build/venv/lib/python3.9/site-packages/pip/_internal/resolution/resolvelib/factory.py", line 206, in _make_candidate_from_link
2022-12-27T11:23:16.0659760Z     self._link_candidate_cache[link] = LinkCandidate(
2022-12-27T11:23:16.0660580Z   File "/private/var/folders/51/hd414ycd67n82196sw51xqtc0000gn/T/cibw-run-4znbs24c/cp39-macosx_arm64/build/venv/lib/python3.9/site-packages/pip/_internal/resolution/resolvelib/candidates.py", line 297, in __init__
2022-12-27T11:23:16.0661090Z     super().__init__(
2022-12-27T11:23:16.0661850Z   File "/private/var/folders/51/hd414ycd67n82196sw51xqtc0000gn/T/cibw-run-4znbs24c/cp39-macosx_arm64/build/venv/lib/python3.9/site-packages/pip/_internal/resolution/resolvelib/candidates.py", line 162, in __init__
2022-12-27T11:23:16.0662340Z     self.dist = self._prepare()
2022-12-27T11:23:16.0663280Z   File "/private/var/folders/51/hd414ycd67n82196sw51xqtc0000gn/T/cibw-run-4znbs24c/cp39-macosx_arm64/build/venv/lib/python3.9/site-packages/pip/_internal/resolution/resolvelib/candidates.py", line 231, in _prepare
2022-12-27T11:23:16.0664250Z     dist = self._prepare_distribution()
2022-12-27T11:23:16.0665140Z   File "/private/var/folders/51/hd414ycd67n82196sw51xqtc0000gn/T/cibw-run-4znbs24c/cp39-macosx_arm64/build/venv/lib/python3.9/site-packages/pip/_internal/resolution/resolvelib/candidates.py", line 308, in _prepare_distribution
2022-12-27T11:23:16.0665760Z     return preparer.prepare_linked_requirement(self._ireq, parallel_builds=True)
2022-12-27T11:23:16.0666660Z   File "/private/var/folders/51/hd414ycd67n82196sw51xqtc0000gn/T/cibw-run-4znbs24c/cp39-macosx_arm64/build/venv/lib/python3.9/site-packages/pip/_internal/operations/prepare.py", line 491, in prepare_linked_requirement
2022-12-27T11:23:16.0667250Z     return self._prepare_linked_requirement(req, parallel_builds)
2022-12-27T11:23:16.0668100Z   File "/private/var/folders/51/hd414ycd67n82196sw51xqtc0000gn/T/cibw-run-4znbs24c/cp39-macosx_arm64/build/venv/lib/python3.9/site-packages/pip/_internal/operations/prepare.py", line 577, in _prepare_linked_requirement
2022-12-27T11:23:16.0668900Z     dist = _get_prepared_distribution(
2022-12-27T11:23:16.0669750Z   File "/private/var/folders/51/hd414ycd67n82196sw51xqtc0000gn/T/cibw-run-4znbs24c/cp39-macosx_arm64/build/venv/lib/python3.9/site-packages/pip/_internal/operations/prepare.py", line 69, in _get_prepared_distribution
2022-12-27T11:23:16.0670310Z     abstract_dist.prepare_distribution_metadata(
2022-12-27T11:23:16.0671100Z   File "/private/var/folders/51/hd414ycd67n82196sw51xqtc0000gn/T/cibw-run-4znbs24c/cp39-macosx_arm64/build/venv/lib/python3.9/site-packages/pip/_internal/distributions/sdist.py", line 61, in prepare_distribution_metadata
2022-12-27T11:23:16.0671620Z     self.req.prepare_metadata()
2022-12-27T11:23:16.0672610Z   File "/private/var/folders/51/hd414ycd67n82196sw51xqtc0000gn/T/cibw-run-4znbs24c/cp39-macosx_arm64/build/venv/lib/python3.9/site-packages/pip/_internal/req/req_install.py", line 541, in prepare_metadata
2022-12-27T11:23:16.0673210Z     self.metadata_directory = generate_metadata_legacy(
2022-12-27T11:23:16.0674120Z   File "/private/var/folders/51/hd414ycd67n82196sw51xqtc0000gn/T/cibw-run-4znbs24c/cp39-macosx_arm64/build/venv/lib/python3.9/site-packages/pip/_internal/operations/build/metadata_legacy.py", line 71, in generate_metadata
2022-12-27T11:23:16.0674790Z     raise MetadataGenerationFailed(package_details=details) from error
2022-12-27T11:23:16.0675260Z pip._internal.exceptions.MetadataGenerationFailed: metadata generation failed
2022-12-27T11:23:16.0676240Z Removed file:///Users/runner/actions-runner/_work/python.build/python.build/build_lxml20alpha139/lxml-2.0alpha1 from build tracker '/private/var/folders/51/hd414ycd67n82196sw51xqtc0000gn/T/pip-build-tracker-fiut88f8'
2022-12-27T11:23:16.0677110Z Removed build tracker: '/private/var/folders/51/hd414ycd67n82196sw51xqtc0000gn/T/pip-build-tracker-fiut88f8'
2022-12-27T11:23:16.1581720Z ##[endgroup]
2022-12-27T11:23:16.1616010Z ##[error]Command ['python', '-m', 'pip', 'wheel', '/Users/runner/actions-runner/_work/python.build/python.build/build_lxml20alpha139/lxml-2.0alpha1', '--wheel-dir=/private/var/folders/51/hd414ycd67n82196sw51xqtc0000gn/T/cibw-run-4znbs24c/cp39-macosx_arm64/built_wheel', '--no-deps', '-vvv'] failed with code 1. None
2022-12-27T11:23:16.1625070Z                                                               [31m✕ [0m0.92s
2022-12-27T11:23:16.1625320Z 
2022-12-27T11:23:16.2430470Z ##[error]Process completed with exit code 1.
2022-12-27T11:23:16.2488880Z ##[group]Run rm -rf build_lxml20alpha139 wheelsout
2022-12-27T11:23:16.2489340Z [36;1mrm -rf build_lxml20alpha139 wheelsout[0m
2022-12-27T11:23:16.2516350Z shell: /bin/bash -e {0}
2022-12-27T11:23:16.2516580Z env:
2022-12-27T11:23:16.2516940Z   pythonLocation: /Users/runner/hostedtoolcache/Python/3.9.16/x64
2022-12-27T11:23:16.2517390Z   PKG_CONFIG_PATH: /Users/runner/hostedtoolcache/Python/3.9.16/x64/lib/pkgconfig
2022-12-27T11:23:16.2518030Z   Python_ROOT_DIR: /Users/runner/hostedtoolcache/Python/3.9.16/x64
2022-12-27T11:23:16.2518410Z   Python2_ROOT_DIR: /Users/runner/hostedtoolcache/Python/3.9.16/x64
2022-12-27T11:23:16.2518840Z   Python3_ROOT_DIR: /Users/runner/hostedtoolcache/Python/3.9.16/x64
2022-12-27T11:23:16.2519200Z ##[endgroup]
2022-12-27T11:23:16.3428370Z Cleaning up orphan processes
