2022-12-27T08:46:14.2498968Z Requested labels: self-hosted, macOS, X64
2022-12-27T08:46:14.2499058Z Job defined at: kilnbuild/python.build/.github/workflows/mac_arm_build.yml@refs/heads/main
2022-12-27T08:46:14.2499083Z Waiting for a runner to pick up this job...
2022-12-27T11:05:55.8674439Z Job is about to start running on the runner: s1 (organization)
2022-12-27T11:05:59.5115330Z Current runner version: '2.300.2'
2022-12-27T11:05:59.5120630Z Runner name: 's1'
2022-12-27T11:05:59.5120880Z Runner group name: 'Default'
2022-12-27T11:05:59.5121470Z Machine name: 's1'
2022-12-27T11:05:59.5123090Z ##[group]GITHUB_TOKEN Permissions
2022-12-27T11:05:59.5123520Z Actions: write
2022-12-27T11:05:59.5123670Z Checks: write
2022-12-27T11:05:59.5123940Z Contents: write
2022-12-27T11:05:59.5124090Z Deployments: write
2022-12-27T11:05:59.5124240Z Discussions: write
2022-12-27T11:05:59.5124380Z Issues: write
2022-12-27T11:05:59.5124510Z Metadata: read
2022-12-27T11:05:59.5124650Z Packages: write
2022-12-27T11:05:59.5124800Z Pages: write
2022-12-27T11:05:59.5124930Z PullRequests: write
2022-12-27T11:05:59.5125100Z RepositoryProjects: write
2022-12-27T11:05:59.5125260Z SecurityEvents: write
2022-12-27T11:05:59.5125400Z Statuses: write
2022-12-27T11:05:59.5125540Z ##[endgroup]
2022-12-27T11:05:59.5128150Z Secret source: Actions
2022-12-27T11:05:59.5128480Z Prepare workflow directory
2022-12-27T11:05:59.5805800Z Prepare all required actions
2022-12-27T11:05:59.5925460Z Getting action download info
2022-12-27T11:06:00.1479550Z Download action repository 'actions/setup-python@v4' (SHA:5ccb29d8773c3f3f653e1705f474dfaa8a06a912)
2022-12-27T11:06:01.9085670Z Download action repository 'actions/upload-artifact@v3' (SHA:83fd05a356d7e2593de66fc9913b3002723633cb)
2022-12-27T11:06:03.2573850Z ##[group]Run echo '{
2022-12-27T11:06:03.2574110Z [36;1mecho '{[0m
2022-12-27T11:06:03.2574290Z [36;1m  "package_name": "lxml",[0m
2022-12-27T11:06:03.2574620Z [36;1m  "package_url": "https://files.pythonhosted.org/packages/96/83/6cc7426f8ef4aadc314d0cabc5dc2bf90a219414bcc478bbb17fc770daff/lxml-1.3.6.tar.gz",[0m
2022-12-27T11:06:03.2574920Z [36;1m  "package_version": "1.3.6",[0m
2022-12-27T11:06:03.2575080Z [36;1m  "python_version": "3.11",[0m
2022-12-27T11:06:03.2575220Z [36;1m  "use_ccache": "true"[0m
2022-12-27T11:06:03.2575360Z [36;1m}'[0m
2022-12-27T11:06:03.2591160Z shell: /bin/bash -e {0}
2022-12-27T11:06:03.2591320Z ##[endgroup]
2022-12-27T11:06:03.2815220Z {
2022-12-27T11:06:03.2816620Z   "package_name": "lxml",
2022-12-27T11:06:03.2817320Z   "package_url": "https://files.pythonhosted.org/packages/96/83/6cc7426f8ef4aadc314d0cabc5dc2bf90a219414bcc478bbb17fc770daff/lxml-1.3.6.tar.gz",
2022-12-27T11:06:03.2817680Z   "package_version": "1.3.6",
2022-12-27T11:06:03.2817910Z   "python_version": "3.11",
2022-12-27T11:06:03.2818070Z   "use_ccache": "true"
2022-12-27T11:06:03.2818230Z }
2022-12-27T11:06:03.3036650Z ##[group]Run actions/setup-python@v4
2022-12-27T11:06:03.3036970Z with:
2022-12-27T11:06:03.3037160Z   python-version: 3.11
2022-12-27T11:06:03.3037350Z   check-latest: false
2022-12-27T11:06:03.3037610Z   token: ***
2022-12-27T11:06:03.3037850Z   update-environment: true
2022-12-27T11:06:03.3038040Z ##[endgroup]
2022-12-27T11:06:03.4312200Z ##[group]Installed versions
2022-12-27T11:06:03.4355590Z Successfully set up CPython (3.11.1)
2022-12-27T11:06:03.4356170Z ##[endgroup]
2022-12-27T11:06:03.4505640Z ##[group]Run if [ "true" == "true" ]
2022-12-27T11:06:03.4505960Z [36;1mif [ "true" == "true" ][0m
2022-12-27T11:06:03.4506130Z [36;1mthen[0m
2022-12-27T11:06:03.4506400Z [36;1m  echo "CCACHE_PATH_PREPEND=/usr/local/opt/ccache/libexec" >> $GITHUB_OUTPUT[0m
2022-12-27T11:06:03.4506620Z [36;1melse[0m
2022-12-27T11:06:03.4506780Z [36;1m  echo "CCACHE_PATH_PREPEND=" >> $GITHUB_OUTPUT[0m
2022-12-27T11:06:03.4506960Z [36;1mfi[0m
2022-12-27T11:06:03.4525350Z shell: /bin/bash -e {0}
2022-12-27T11:06:03.4525530Z env:
2022-12-27T11:06:03.4525760Z   pythonLocation: /Users/runner/hostedtoolcache/Python/3.11.1/x64
2022-12-27T11:06:03.4526030Z   PKG_CONFIG_PATH: /Users/runner/hostedtoolcache/Python/3.11.1/x64/lib/pkgconfig
2022-12-27T11:06:03.4526330Z   Python_ROOT_DIR: /Users/runner/hostedtoolcache/Python/3.11.1/x64
2022-12-27T11:06:03.4526550Z   Python2_ROOT_DIR: /Users/runner/hostedtoolcache/Python/3.11.1/x64
2022-12-27T11:06:03.4526870Z   Python3_ROOT_DIR: /Users/runner/hostedtoolcache/Python/3.11.1/x64
2022-12-27T11:06:03.4527290Z ##[endgroup]
2022-12-27T11:06:03.4635600Z ##[group]Run echo "BUILD_NAME=$(echo lxml_1.3.6_3.11 | tr -dc '[:alnum:]\n\r' | tr '[:upper:]' '[:lower:]')" >> $GITHUB_OUTPUT
2022-12-27T11:06:03.4636120Z [36;1mecho "BUILD_NAME=$(echo lxml_1.3.6_3.11 | tr -dc '[:alnum:]\n\r' | tr '[:upper:]' '[:lower:]')" >> $GITHUB_OUTPUT[0m
2022-12-27T11:06:03.4651210Z shell: /bin/bash -e {0}
2022-12-27T11:06:03.4651420Z env:
2022-12-27T11:06:03.4651640Z   pythonLocation: /Users/runner/hostedtoolcache/Python/3.11.1/x64
2022-12-27T11:06:03.4651970Z   PKG_CONFIG_PATH: /Users/runner/hostedtoolcache/Python/3.11.1/x64/lib/pkgconfig
2022-12-27T11:06:03.4652240Z   Python_ROOT_DIR: /Users/runner/hostedtoolcache/Python/3.11.1/x64
2022-12-27T11:06:03.4652500Z   Python2_ROOT_DIR: /Users/runner/hostedtoolcache/Python/3.11.1/x64
2022-12-27T11:06:03.4652750Z   Python3_ROOT_DIR: /Users/runner/hostedtoolcache/Python/3.11.1/x64
2022-12-27T11:06:03.4652930Z ##[endgroup]
2022-12-27T11:06:03.4804900Z ##[group]Run echo "PYTHON_NO_DOTS=$(echo 3.11 | tr -dc '[:alnum:]\n\r' | tr '[:upper:]' '[:lower:]')" >> $GITHUB_OUTPUT
2022-12-27T11:06:03.4805320Z [36;1mecho "PYTHON_NO_DOTS=$(echo 3.11 | tr -dc '[:alnum:]\n\r' | tr '[:upper:]' '[:lower:]')" >> $GITHUB_OUTPUT[0m
2022-12-27T11:06:03.4821750Z shell: /bin/bash -e {0}
2022-12-27T11:06:03.4821910Z env:
2022-12-27T11:06:03.4822120Z   pythonLocation: /Users/runner/hostedtoolcache/Python/3.11.1/x64
2022-12-27T11:06:03.4822670Z   PKG_CONFIG_PATH: /Users/runner/hostedtoolcache/Python/3.11.1/x64/lib/pkgconfig
2022-12-27T11:06:03.4822900Z   Python_ROOT_DIR: /Users/runner/hostedtoolcache/Python/3.11.1/x64
2022-12-27T11:06:03.4823100Z   Python2_ROOT_DIR: /Users/runner/hostedtoolcache/Python/3.11.1/x64
2022-12-27T11:06:03.4823280Z   Python3_ROOT_DIR: /Users/runner/hostedtoolcache/Python/3.11.1/x64
2022-12-27T11:06:03.4823450Z ##[endgroup]
2022-12-27T11:06:03.4939470Z ##[group]Run rm -rf build_lxml136311
2022-12-27T11:06:03.4939870Z [36;1mrm -rf build_lxml136311[0m
2022-12-27T11:06:03.4940100Z [36;1mmkdir build_lxml136311[0m
2022-12-27T11:06:03.4940290Z [36;1mcd build_lxml136311[0m
2022-12-27T11:06:03.4940660Z [36;1m/usr/local/bin/wget --quiet https://files.pythonhosted.org/packages/96/83/6cc7426f8ef4aadc314d0cabc5dc2bf90a219414bcc478bbb17fc770daff/lxml-1.3.6.tar.gz[0m
2022-12-27T11:06:03.4940950Z [36;1mtar xf *.tar.gz[0m
2022-12-27T11:06:03.4941150Z [36;1mcd *[0m
2022-12-27T11:06:03.4941310Z [36;1mpython -m pip install cibuildwheel==2.11.3[0m
2022-12-27T11:06:03.4941540Z [36;1mpython -m cibuildwheel --output-dir ../wheelsout[0m
2022-12-27T11:06:03.4956680Z shell: /bin/bash -e {0}
2022-12-27T11:06:03.4956890Z env:
2022-12-27T11:06:03.4957110Z   pythonLocation: /Users/runner/hostedtoolcache/Python/3.11.1/x64
2022-12-27T11:06:03.4957370Z   PKG_CONFIG_PATH: /Users/runner/hostedtoolcache/Python/3.11.1/x64/lib/pkgconfig
2022-12-27T11:06:03.4957640Z   Python_ROOT_DIR: /Users/runner/hostedtoolcache/Python/3.11.1/x64
2022-12-27T11:06:03.4957910Z   Python2_ROOT_DIR: /Users/runner/hostedtoolcache/Python/3.11.1/x64
2022-12-27T11:06:03.4958150Z   Python3_ROOT_DIR: /Users/runner/hostedtoolcache/Python/3.11.1/x64
2022-12-27T11:06:03.4958360Z   CIBW_ARCHS_MACOS: arm64
2022-12-27T11:06:03.4958510Z   CIBW_TEST_SKIP: *_arm64
2022-12-27T11:06:03.4958690Z   CIBW_BUILD: cp311-macosx_arm64
2022-12-27T11:06:03.4958910Z   CIBW_BUILD_FRONTEND: pip
2022-12-27T11:06:03.4959060Z   CIBW_BUILD_VERBOSITY: 3
2022-12-27T11:06:03.4959390Z   CIBW_ENVIRONMENT_MACOS:  CFLAGS="-I/usr/local/opt/openssl@3/include" LDFLAGS="-L/usr/local/opt/openssl@3/lib" CPPFLAGS="-I/usr/local/opt/openssl@3/include" MAKEFLAGS="-j$(sysctl -n hw.logicalcpu)" PATH=/usr/local/opt/ccache/libexec:$PATH
2022-12-27T11:06:03.4959770Z   CIBW_BEFORE_BUILD: pip install Cython; if [[ -f requirements.txt ]]; then pip install -r requirements.txt; fi
2022-12-27T11:06:03.4960040Z   MAKEFLAGS: -j$(sysctl -n hw.logicalcpu)
2022-12-27T11:06:03.4960200Z ##[endgroup]
2022-12-27T11:06:03.8799270Z Requirement already satisfied: cibuildwheel==2.11.3 in /Library/Frameworks/Python.framework/Versions/3.11/lib/python3.11/site-packages (2.11.3)
2022-12-27T11:06:03.9102580Z Requirement already satisfied: bashlex!=0.13 in /Library/Frameworks/Python.framework/Versions/3.11/lib/python3.11/site-packages (from cibuildwheel==2.11.3) (0.16)
2022-12-27T11:06:03.9109220Z Requirement already satisfied: bracex in /Library/Frameworks/Python.framework/Versions/3.11/lib/python3.11/site-packages (from cibuildwheel==2.11.3) (2.3.post1)
2022-12-27T11:06:03.9115700Z Requirement already satisfied: certifi in /Library/Frameworks/Python.framework/Versions/3.11/lib/python3.11/site-packages (from cibuildwheel==2.11.3) (2022.12.7)
2022-12-27T11:06:03.9122160Z Requirement already satisfied: filelock in /Library/Frameworks/Python.framework/Versions/3.11/lib/python3.11/site-packages (from cibuildwheel==2.11.3) (3.8.2)
2022-12-27T11:06:03.9131820Z Requirement already satisfied: packaging>=20.9 in /Library/Frameworks/Python.framework/Versions/3.11/lib/python3.11/site-packages (from cibuildwheel==2.11.3) (22.0)
2022-12-27T11:06:03.9139810Z Requirement already satisfied: platformdirs in /Library/Frameworks/Python.framework/Versions/3.11/lib/python3.11/site-packages (from cibuildwheel==2.11.3) (2.6.0)
2022-12-27T11:06:04.1396440Z 
2022-12-27T11:06:04.1396860Z      _ _       _ _   _       _           _
2022-12-27T11:06:04.1397290Z  ___|_| |_ _ _|_| |_| |_ _ _| |_ ___ ___| |
2022-12-27T11:06:04.1399020Z |  _| | . | | | | | . | | | |   | -_| -_| |
2022-12-27T11:06:04.1399310Z |___|_|___|___|_|_|___|_____|_|_|___|___|_|
2022-12-27T11:06:04.1399460Z 
2022-12-27T11:06:04.1399570Z cibuildwheel version 2.11.3
2022-12-27T11:06:04.1399710Z 
2022-12-27T11:06:04.1399980Z Build options:
2022-12-27T11:06:04.1400210Z   platform: macos
2022-12-27T11:06:04.1431560Z   architectures: arm64[0m
2022-12-27T11:06:04.1431950Z   build_selector: 
2022-12-27T11:06:04.1433860Z     build_config: cp311-macosx_arm64
2022-12-27T11:06:04.1434270Z     skip_config: 
2022-12-27T11:06:04.1434470Z     requires_python: None
2022-12-27T11:06:04.1434840Z     prerelease_pythons: False[0m
2022-12-27T11:06:04.1435290Z   [38;5;244mcontainer_engine: docker[0m
2022-12-27T11:06:04.1435680Z   output_dir: /Users/runner/actions-runner/_work/python.build/python.build/build_lxml136311/wheelsout[0m
2022-12-27T11:06:04.1436160Z   package_dir: /Users/runner/actions-runner/_work/python.build/python.build/build_lxml136311/lxml-1.3.6[0m
2022-12-27T11:06:04.1436460Z   test_selector: 
2022-12-27T11:06:04.1436880Z     skip_config: *_arm64[0m
2022-12-27T11:06:04.1437170Z   [38;5;244mbefore_all: [0m
2022-12-27T11:06:04.1437600Z   before_build: pip install Cython; if [[ -f requirements.txt ]]; then pip install -r requirements.txt; fi[0m
2022-12-27T11:06:04.1438100Z   [38;5;244mbefore_test: [0m
2022-12-27T11:06:04.1438360Z   [38;5;244mbuild_frontend: pip[0m
2022-12-27T11:06:04.1438650Z   build_verbosity: 3[0m
2022-12-27T11:06:04.1438940Z   [38;5;244mconfig_settings: [0m
2022-12-27T11:06:04.1439160Z   [38;5;244mdependency_constraints: pinned[0m
2022-12-27T11:06:04.1439480Z   environment: 
2022-12-27T11:06:04.1439730Z     CFLAGS="-I/usr/local/opt/openssl@3/include"
2022-12-27T11:06:04.1439970Z     LDFLAGS="-L/usr/local/opt/openssl@3/lib"
2022-12-27T11:06:04.1440370Z     CPPFLAGS="-I/usr/local/opt/openssl@3/include"
2022-12-27T11:06:04.1440650Z     MAKEFLAGS="-j$(sysctl -n hw.logicalcpu)"
2022-12-27T11:06:04.1440930Z     PATH=/usr/local/opt/ccache/libexec:$PATH[0m
2022-12-27T11:06:04.1441150Z   [38;5;244mmanylinux_images: None[0m
2022-12-27T11:06:04.1441510Z   [38;5;244mmusllinux_images: None[0m
2022-12-27T11:06:04.1441830Z   [38;5;244mrepair_command: delocate-wheel --require-archs {delocate_archs} -w {dest_dir} -v {wheel}[0m
2022-12-27T11:06:04.1442080Z   [38;5;244mtest_command: [0m
2022-12-27T11:06:04.1442300Z   [38;5;244mtest_extras: [0m
2022-12-27T11:06:04.1442630Z   [38;5;244mtest_requires: [0m
2022-12-27T11:06:04.1442750Z 
2022-12-27T11:06:04.1442830Z Cache folder: /Users/runner/Library/Caches/cibuildwheel
2022-12-27T11:06:04.1453790Z 
2022-12-27T11:06:04.1454570Z Here we go!
2022-12-27T11:06:04.1455010Z 
2022-12-27T11:06:04.1500640Z 
2022-12-27T11:06:04.1500970Z [1m[34mBuilding cp311-macosx_arm64 wheel[0m
2022-12-27T11:06:04.1501340Z CPython 3.11 macOS arm64 - Apple Silicon
2022-12-27T11:06:04.1501500Z 
2022-12-27T11:06:04.1504510Z ##[group]Installing Python cp311...
2022-12-27T11:06:04.1504710Z 
2022-12-27T11:06:04.1505090Z + pkgutil --pkgs
2022-12-27T11:06:04.1608160Z ##[endgroup]
2022-12-27T11:06:04.1609060Z                                                               [32mâœ“ [0m0.01s
2022-12-27T11:06:04.1609510Z ##[group]Setting up build environment...
2022-12-27T11:06:04.1609630Z 
2022-12-27T11:06:04.1627010Z + /Library/Frameworks/Python.framework/Versions/3.11/bin/python -sS /Users/runner/Library/Caches/cibuildwheel/virtualenv-20.17.0.pyz --activators= --no-periodic-update --pip=22.3.1 --setuptools=65.6.3 --wheel=0.38.4 --symlink-app-data --python /Library/Frameworks/Python.framework/Versions/3.11/bin/python3 /private/var/folders/51/hd414ycd67n82196sw51xqtc0000gn/T/cibw-run-ts2ohifj/cp311-macosx_arm64/build/venv
2022-12-27T11:06:04.3547500Z created virtual environment CPython3.11.1.final.0-64 in 48ms
2022-12-27T11:06:04.3548300Z   creator CPython3Posix(dest=/private/var/folders/51/hd414ycd67n82196sw51xqtc0000gn/T/cibw-run-ts2ohifj/cp311-macosx_arm64/build/venv, clear=False, no_vcs_ignore=False, global=False)
2022-12-27T11:06:04.3548710Z   seeder FromAppData(download=False, pip=22.3.1, setuptools=65.6.3, wheel=0.38.4, via=symlink, app_data_dir=/Users/runner/Library/Application Support/virtualenv)
2022-12-27T11:06:04.3549040Z     added seed packages: pip==22.3.1, setuptools==65.6.3, wheel==0.38.4
2022-12-27T11:06:04.3673720Z + python -m pip install --upgrade pip -c /Library/Frameworks/Python.framework/Versions/3.11/lib/python3.11/site-packages/cibuildwheel/resources/constraints-python311.txt
2022-12-27T11:06:04.6443240Z Requirement already satisfied: pip in ./lib/python3.11/site-packages (22.3.1)
2022-12-27T11:06:04.7757950Z + which pip
2022-12-27T11:06:04.7777200Z /private/var/folders/51/hd414ycd67n82196sw51xqtc0000gn/T/cibw-run-ts2ohifj/cp311-macosx_arm64/build/venv/bin/pip
2022-12-27T11:06:04.7779590Z + pip --version
2022-12-27T11:06:04.9842930Z pip 22.3.1 from /private/var/folders/51/hd414ycd67n82196sw51xqtc0000gn/T/cibw-run-ts2ohifj/cp311-macosx_arm64/build/venv/lib/python3.11/site-packages/pip (python 3.11)
2022-12-27T11:06:05.0088400Z + which pip
2022-12-27T11:06:05.0115670Z + which python
2022-12-27T11:06:05.0135920Z /private/var/folders/51/hd414ycd67n82196sw51xqtc0000gn/T/cibw-run-ts2ohifj/cp311-macosx_arm64/build/venv/bin/python
2022-12-27T11:06:05.0137660Z + python --version
2022-12-27T11:06:05.0191280Z Python 3.11.1
2022-12-27T11:06:05.0194360Z + which python
2022-12-27T11:06:05.0247910Z ##[endgroup]
2022-12-27T11:06:05.0248600Z                                                               [32mâœ“ [0m0.86s
2022-12-27T11:06:05.0249140Z ##[group]Installing build tools...
2022-12-27T11:06:05.0249290Z 
2022-12-27T11:06:05.0249720Z + pip install --upgrade setuptools wheel delocate -c /Library/Frameworks/Python.framework/Versions/3.11/lib/python3.11/site-packages/cibuildwheel/resources/constraints-python311.txt
2022-12-27T11:06:05.2993130Z Requirement already satisfied: setuptools in /private/var/folders/51/hd414ycd67n82196sw51xqtc0000gn/T/cibw-run-ts2ohifj/cp311-macosx_arm64/build/venv/lib/python3.11/site-packages (65.6.3)
2022-12-27T11:06:05.4766020Z Requirement already satisfied: wheel in /private/var/folders/51/hd414ycd67n82196sw51xqtc0000gn/T/cibw-run-ts2ohifj/cp311-macosx_arm64/build/venv/lib/python3.11/site-packages (0.38.4)
2022-12-27T11:06:05.5162250Z Collecting delocate
2022-12-27T11:06:05.5183640Z   Using cached delocate-0.10.3-py3-none-any.whl (142 kB)
2022-12-27T11:06:05.5440260Z Collecting packaging>=20.9
2022-12-27T11:06:05.5459640Z   Using cached packaging-21.3-py3-none-any.whl (40 kB)
2022-12-27T11:06:05.5608160Z Collecting typing-extensions
2022-12-27T11:06:05.5626470Z   Using cached typing_extensions-4.4.0-py3-none-any.whl (26 kB)
2022-12-27T11:06:05.5916990Z Collecting pyparsing!=3.0.5,>=2.0.2
2022-12-27T11:06:05.5934640Z   Using cached pyparsing-3.0.9-py3-none-any.whl (98 kB)
2022-12-27T11:06:05.6516140Z Installing collected packages: typing-extensions, pyparsing, packaging, delocate
2022-12-27T11:06:05.7903320Z Successfully installed delocate-0.10.3 packaging-21.3 pyparsing-3.0.9 typing-extensions-4.4.0
2022-12-27T11:06:05.8375010Z ##[endgroup]
2022-12-27T11:06:05.8375810Z                                                               [32mâœ“ [0m0.81s
2022-12-27T11:06:05.8376360Z ##[group]Running before_build...
2022-12-27T11:06:05.8376510Z 
2022-12-27T11:06:05.8380170Z + pip install Cython; if [[ -f requirements.txt ]]; then pip install -r requirements.txt; fi
2022-12-27T11:06:06.4208580Z Collecting Cython
2022-12-27T11:06:06.4252210Z   Using cached Cython-0.29.32-py2.py3-none-any.whl (986 kB)
2022-12-27T11:06:06.4669280Z Installing collected packages: Cython
2022-12-27T11:06:06.8937520Z Successfully installed Cython-0.29.32
2022-12-27T11:06:06.9387000Z ##[endgroup]
2022-12-27T11:06:06.9387780Z                                                               [32mâœ“ [0m1.10s
2022-12-27T11:06:06.9388230Z ##[group]Building wheel...
2022-12-27T11:06:06.9388370Z 
2022-12-27T11:06:06.9392550Z + python -m pip wheel /Users/runner/actions-runner/_work/python.build/python.build/build_lxml136311/lxml-1.3.6 --wheel-dir=/private/var/folders/51/hd414ycd67n82196sw51xqtc0000gn/T/cibw-run-ts2ohifj/cp311-macosx_arm64/built_wheel --no-deps -vvv
2022-12-27T11:06:07.1896760Z Created temporary directory: /private/var/folders/51/hd414ycd67n82196sw51xqtc0000gn/T/pip-ephem-wheel-cache-j94fxsgn
2022-12-27T11:06:07.1900460Z Created temporary directory: /private/var/folders/51/hd414ycd67n82196sw51xqtc0000gn/T/pip-build-tracker-dkcn_jco
2022-12-27T11:06:07.1903060Z Initialized build tracking at /private/var/folders/51/hd414ycd67n82196sw51xqtc0000gn/T/pip-build-tracker-dkcn_jco
2022-12-27T11:06:07.1903950Z Created build tracker: /private/var/folders/51/hd414ycd67n82196sw51xqtc0000gn/T/pip-build-tracker-dkcn_jco
2022-12-27T11:06:07.1905050Z Entered build tracker: /private/var/folders/51/hd414ycd67n82196sw51xqtc0000gn/T/pip-build-tracker-dkcn_jco
2022-12-27T11:06:07.1907920Z Created temporary directory: /private/var/folders/51/hd414ycd67n82196sw51xqtc0000gn/T/pip-wheel-p4c1kw17
2022-12-27T11:06:07.1913060Z Created temporary directory: /private/var/folders/51/hd414ycd67n82196sw51xqtc0000gn/T/pip-ephem-wheel-cache-xvqxfcga
2022-12-27T11:06:07.1986750Z Processing /Users/runner/actions-runner/_work/python.build/python.build/build_lxml136311/lxml-1.3.6
2022-12-27T11:06:07.1991700Z   Added file:///Users/runner/actions-runner/_work/python.build/python.build/build_lxml136311/lxml-1.3.6 to build tracker '/private/var/folders/51/hd414ycd67n82196sw51xqtc0000gn/T/pip-build-tracker-dkcn_jco'
2022-12-27T11:06:07.1994710Z   Running setup.py (path:/Users/runner/actions-runner/_work/python.build/python.build/build_lxml136311/lxml-1.3.6/setup.py) egg_info for package from file:///Users/runner/actions-runner/_work/python.build/python.build/build_lxml136311/lxml-1.3.6
2022-12-27T11:06:07.1997310Z   Created temporary directory: /private/var/folders/51/hd414ycd67n82196sw51xqtc0000gn/T/pip-pip-egg-info-v495pwd9
2022-12-27T11:06:07.1998740Z   Preparing metadata (setup.py): started
2022-12-27T11:06:07.1999870Z   Running command python setup.py egg_info
2022-12-27T11:06:07.3425750Z   Traceback (most recent call last):
2022-12-27T11:06:07.3434870Z     File "<string>", line 2, in <module>
2022-12-27T11:06:07.3435470Z     File "<pip-setuptools-caller>", line 34, in <module>
2022-12-27T11:06:07.3435890Z     File "/Users/runner/actions-runner/_work/python.build/python.build/build_lxml136311/lxml-1.3.6/setup.py", line 7
2022-12-27T11:06:07.3436170Z       except pkg_resources.VersionConflict, e:
2022-12-27T11:06:07.3436460Z              ^^^^^^^^^^^^^^^^^^^^^^^^^^^^^^^^
2022-12-27T11:06:07.3436650Z   SyntaxError: multiple exception types must be parenthesized
2022-12-27T11:06:07.3748720Z   error: subprocess-exited-with-error
2022-12-27T11:06:07.3749740Z   
2022-12-27T11:06:07.3750090Z   Ã— python setup.py egg_info did not run successfully.
2022-12-27T11:06:07.3750480Z   â”‚ exit code: 1
2022-12-27T11:06:07.3750770Z   â•°â”€> See above for output.
2022-12-27T11:06:07.3750940Z   
2022-12-27T11:06:07.3751220Z   note: This error originates from a subprocess, and is likely not a problem with pip.
2022-12-27T11:06:07.3756650Z   full command: /private/var/folders/51/hd414ycd67n82196sw51xqtc0000gn/T/cibw-run-ts2ohifj/cp311-macosx_arm64/build/venv/bin/python -c '
2022-12-27T11:06:07.3757410Z   exec(compile('"'"''"'"''"'"'
2022-12-27T11:06:07.3758010Z   # This is <pip-setuptools-caller> -- a caller that pip uses to run setup.py
2022-12-27T11:06:07.3758420Z   #
2022-12-27T11:06:07.3759480Z   # - It imports setuptools before invoking setup.py, to enable projects that directly
2022-12-27T11:06:07.3760010Z   #   import from `distutils.core` to work with newer packaging standards.
2022-12-27T11:06:07.3760660Z   # - It provides a clear error message when setuptools is not installed.
2022-12-27T11:06:07.3761290Z   # - It sets `sys.argv[0]` to the underlying `setup.py`, when invoking `setup.py` so
2022-12-27T11:06:07.3761820Z   #   setuptools doesn'"'"'t think the script is `-c`. This avoids the following warning:
2022-12-27T11:06:07.3762260Z   #     manifest_maker: standard file '"'"'-c'"'"' not found".
2022-12-27T11:06:07.3762750Z   # - It generates a shim setup.py, for handling setup.cfg-only projects.
2022-12-27T11:06:07.3763270Z   import os, sys, tokenize
2022-12-27T11:06:07.3763490Z   
2022-12-27T11:06:07.3763720Z   try:
2022-12-27T11:06:07.3764000Z       import setuptools
2022-12-27T11:06:07.3764440Z   except ImportError as error:
2022-12-27T11:06:07.3764680Z       print(
2022-12-27T11:06:07.3765020Z           "ERROR: Can not execute `setup.py` since setuptools is not available in "
2022-12-27T11:06:07.3765660Z           "the build environment.",
2022-12-27T11:06:07.3765950Z           file=sys.stderr,
2022-12-27T11:06:07.3766320Z       )
2022-12-27T11:06:07.3766580Z       sys.exit(1)
2022-12-27T11:06:07.3766780Z   
2022-12-27T11:06:07.3767030Z   __file__ = %r
2022-12-27T11:06:07.3767290Z   sys.argv[0] = __file__
2022-12-27T11:06:07.3767660Z   
2022-12-27T11:06:07.3768000Z   if os.path.exists(__file__):
2022-12-27T11:06:07.3768290Z       filename = __file__
2022-12-27T11:06:07.3768540Z       with tokenize.open(__file__) as f:
2022-12-27T11:06:07.3768840Z           setup_py_code = f.read()
2022-12-27T11:06:07.3769290Z   else:
2022-12-27T11:06:07.3769650Z       filename = "<auto-generated setuptools caller>"
2022-12-27T11:06:07.3770020Z       setup_py_code = "from setuptools import setup; setup()"
2022-12-27T11:06:07.3770320Z   
2022-12-27T11:06:07.3770560Z   exec(compile(setup_py_code, filename, "exec"))
2022-12-27T11:06:07.3771560Z   '"'"''"'"''"'"' % ('"'"'/Users/runner/actions-runner/_work/python.build/python.build/build_lxml136311/lxml-1.3.6/setup.py'"'"',), "<pip-setuptools-caller>", "exec"))' egg_info --egg-base /private/var/folders/51/hd414ycd67n82196sw51xqtc0000gn/T/pip-pip-egg-info-v495pwd9
2022-12-27T11:06:07.3772340Z   cwd: /Users/runner/actions-runner/_work/python.build/python.build/build_lxml136311/lxml-1.3.6/
2022-12-27T11:06:07.3772880Z   Preparing metadata (setup.py): finished with status 'error'
2022-12-27T11:06:07.3775610Z error: metadata-generation-failed
2022-12-27T11:06:07.3775990Z 
2022-12-27T11:06:07.3776280Z Ã— Encountered error while generating package metadata.
2022-12-27T11:06:07.3776610Z â•°â”€> See above for output.
2022-12-27T11:06:07.3776780Z 
2022-12-27T11:06:07.3776940Z note: This is an issue with the package mentioned above, not pip.
2022-12-27T11:06:07.3777170Z hint: See above for details.
2022-12-27T11:06:07.3807120Z Exception information:
2022-12-27T11:06:07.3807490Z Traceback (most recent call last):
2022-12-27T11:06:07.3808330Z   File "/private/var/folders/51/hd414ycd67n82196sw51xqtc0000gn/T/cibw-run-ts2ohifj/cp311-macosx_arm64/build/venv/lib/python3.11/site-packages/pip/_internal/operations/build/metadata_legacy.py", line 64, in generate_metadata
2022-12-27T11:06:07.3809130Z     call_subprocess(
2022-12-27T11:06:07.3809930Z   File "/private/var/folders/51/hd414ycd67n82196sw51xqtc0000gn/T/cibw-run-ts2ohifj/cp311-macosx_arm64/build/venv/lib/python3.11/site-packages/pip/_internal/utils/subprocess.py", line 224, in call_subprocess
2022-12-27T11:06:07.3810330Z     raise error
2022-12-27T11:06:07.3811140Z pip._internal.exceptions.InstallationSubprocessError: python setup.py egg_info exited with 1
2022-12-27T11:06:07.3811460Z 
2022-12-27T11:06:07.3811810Z The above exception was the direct cause of the following exception:
2022-12-27T11:06:07.3812050Z 
2022-12-27T11:06:07.3812200Z Traceback (most recent call last):
2022-12-27T11:06:07.3813030Z   File "/private/var/folders/51/hd414ycd67n82196sw51xqtc0000gn/T/cibw-run-ts2ohifj/cp311-macosx_arm64/build/venv/lib/python3.11/site-packages/pip/_internal/cli/base_command.py", line 160, in exc_logging_wrapper
2022-12-27T11:06:07.3813490Z     status = run_func(*args)
2022-12-27T11:06:07.3813910Z              ^^^^^^^^^^^^^^^
2022-12-27T11:06:07.3814640Z   File "/private/var/folders/51/hd414ycd67n82196sw51xqtc0000gn/T/cibw-run-ts2ohifj/cp311-macosx_arm64/build/venv/lib/python3.11/site-packages/pip/_internal/cli/req_command.py", line 247, in wrapper
2022-12-27T11:06:07.3815120Z     return func(self, options, args)
2022-12-27T11:06:07.3815360Z            ^^^^^^^^^^^^^^^^^^^^^^^^^
2022-12-27T11:06:07.3816180Z   File "/private/var/folders/51/hd414ycd67n82196sw51xqtc0000gn/T/cibw-run-ts2ohifj/cp311-macosx_arm64/build/venv/lib/python3.11/site-packages/pip/_internal/commands/wheel.py", line 170, in run
2022-12-27T11:06:07.3816710Z     requirement_set = resolver.resolve(reqs, check_supported_wheels=True)
2022-12-27T11:06:07.3817090Z                       ^^^^^^^^^^^^^^^^^^^^^^^^^^^^^^^^^^^^^^^^^^^^^^^^^^^
2022-12-27T11:06:07.3818090Z   File "/private/var/folders/51/hd414ycd67n82196sw51xqtc0000gn/T/cibw-run-ts2ohifj/cp311-macosx_arm64/build/venv/lib/python3.11/site-packages/pip/_internal/resolution/resolvelib/resolver.py", line 73, in resolve
2022-12-27T11:06:07.3818820Z     collected = self.factory.collect_root_requirements(root_reqs)
2022-12-27T11:06:07.3819120Z                 ^^^^^^^^^^^^^^^^^^^^^^^^^^^^^^^^^^^^^^^^^^^^^^^^^
2022-12-27T11:06:07.3819920Z   File "/private/var/folders/51/hd414ycd67n82196sw51xqtc0000gn/T/cibw-run-ts2ohifj/cp311-macosx_arm64/build/venv/lib/python3.11/site-packages/pip/_internal/resolution/resolvelib/factory.py", line 491, in collect_root_requirements
2022-12-27T11:06:07.3820450Z     req = self._make_requirement_from_install_req(
2022-12-27T11:06:07.3820750Z           ^^^^^^^^^^^^^^^^^^^^^^^^^^^^^^^^^^^^^^^^
2022-12-27T11:06:07.3821700Z   File "/private/var/folders/51/hd414ycd67n82196sw51xqtc0000gn/T/cibw-run-ts2ohifj/cp311-macosx_arm64/build/venv/lib/python3.11/site-packages/pip/_internal/resolution/resolvelib/factory.py", line 453, in _make_requirement_from_install_req
2022-12-27T11:06:07.3822230Z     cand = self._make_candidate_from_link(
2022-12-27T11:06:07.3822520Z            ^^^^^^^^^^^^^^^^^^^^^^^^^^^^^^^
2022-12-27T11:06:07.3823290Z   File "/private/var/folders/51/hd414ycd67n82196sw51xqtc0000gn/T/cibw-run-ts2ohifj/cp311-macosx_arm64/build/venv/lib/python3.11/site-packages/pip/_internal/resolution/resolvelib/factory.py", line 206, in _make_candidate_from_link
2022-12-27T11:06:07.3823950Z     self._link_candidate_cache[link] = LinkCandidate(
2022-12-27T11:06:07.3824230Z                                        ^^^^^^^^^^^^^^
2022-12-27T11:06:07.3824970Z   File "/private/var/folders/51/hd414ycd67n82196sw51xqtc0000gn/T/cibw-run-ts2ohifj/cp311-macosx_arm64/build/venv/lib/python3.11/site-packages/pip/_internal/resolution/resolvelib/candidates.py", line 297, in __init__
2022-12-27T11:06:07.3825440Z     super().__init__(
2022-12-27T11:06:07.3826150Z   File "/private/var/folders/51/hd414ycd67n82196sw51xqtc0000gn/T/cibw-run-ts2ohifj/cp311-macosx_arm64/build/venv/lib/python3.11/site-packages/pip/_internal/resolution/resolvelib/candidates.py", line 162, in __init__
2022-12-27T11:06:07.3827040Z     self.dist = self._prepare()
2022-12-27T11:06:07.3827270Z                 ^^^^^^^^^^^^^^^
2022-12-27T11:06:07.3828070Z   File "/private/var/folders/51/hd414ycd67n82196sw51xqtc0000gn/T/cibw-run-ts2ohifj/cp311-macosx_arm64/build/venv/lib/python3.11/site-packages/pip/_internal/resolution/resolvelib/candidates.py", line 231, in _prepare
2022-12-27T11:06:07.3828560Z     dist = self._prepare_distribution()
2022-12-27T11:06:07.3829010Z            ^^^^^^^^^^^^^^^^^^^^^^^^^^^^
2022-12-27T11:06:07.3829780Z   File "/private/var/folders/51/hd414ycd67n82196sw51xqtc0000gn/T/cibw-run-ts2ohifj/cp311-macosx_arm64/build/venv/lib/python3.11/site-packages/pip/_internal/resolution/resolvelib/candidates.py", line 308, in _prepare_distribution
2022-12-27T11:06:07.3830260Z     return preparer.prepare_linked_requirement(self._ireq, parallel_builds=True)
2022-12-27T11:06:07.3830510Z            ^^^^^^^^^^^^^^^^^^^^^^^^^^^^^^^^^^^^^^^^^^^^^^^^^^^^^^^^^^^^^^^^^^^^^
2022-12-27T11:06:07.3831000Z   File "/private/var/folders/51/hd414ycd67n82196sw51xqtc0000gn/T/cibw-run-ts2ohifj/cp311-macosx_arm64/build/venv/lib/python3.11/site-packages/pip/_internal/operations/prepare.py", line 491, in prepare_linked_requirement
2022-12-27T11:06:07.3831380Z     return self._prepare_linked_requirement(req, parallel_builds)
2022-12-27T11:06:07.3831600Z            ^^^^^^^^^^^^^^^^^^^^^^^^^^^^^^^^^^^^^^^^^^^^^^^^^^^^^^
2022-12-27T11:06:07.3832100Z   File "/private/var/folders/51/hd414ycd67n82196sw51xqtc0000gn/T/cibw-run-ts2ohifj/cp311-macosx_arm64/build/venv/lib/python3.11/site-packages/pip/_internal/operations/prepare.py", line 577, in _prepare_linked_requirement
2022-12-27T11:06:07.3832430Z     dist = _get_prepared_distribution(
2022-12-27T11:06:07.3832600Z            ^^^^^^^^^^^^^^^^^^^^^^^^^^^
2022-12-27T11:06:07.3833540Z   File "/private/var/folders/51/hd414ycd67n82196sw51xqtc0000gn/T/cibw-run-ts2ohifj/cp311-macosx_arm64/build/venv/lib/python3.11/site-packages/pip/_internal/operations/prepare.py", line 69, in _get_prepared_distribution
2022-12-27T11:06:07.3833920Z     abstract_dist.prepare_distribution_metadata(
2022-12-27T11:06:07.3834380Z   File "/private/var/folders/51/hd414ycd67n82196sw51xqtc0000gn/T/cibw-run-ts2ohifj/cp311-macosx_arm64/build/venv/lib/python3.11/site-packages/pip/_internal/distributions/sdist.py", line 61, in prepare_distribution_metadata
2022-12-27T11:06:07.3834710Z     self.req.prepare_metadata()
2022-12-27T11:06:07.3835240Z   File "/private/var/folders/51/hd414ycd67n82196sw51xqtc0000gn/T/cibw-run-ts2ohifj/cp311-macosx_arm64/build/venv/lib/python3.11/site-packages/pip/_internal/req/req_install.py", line 541, in prepare_metadata
2022-12-27T11:06:07.3835570Z     self.metadata_directory = generate_metadata_legacy(
2022-12-27T11:06:07.3835790Z                               ^^^^^^^^^^^^^^^^^^^^^^^^^
2022-12-27T11:06:07.3836220Z   File "/private/var/folders/51/hd414ycd67n82196sw51xqtc0000gn/T/cibw-run-ts2ohifj/cp311-macosx_arm64/build/venv/lib/python3.11/site-packages/pip/_internal/operations/build/metadata_legacy.py", line 71, in generate_metadata
2022-12-27T11:06:07.3836600Z     raise MetadataGenerationFailed(package_details=details) from error
2022-12-27T11:06:07.3836970Z pip._internal.exceptions.MetadataGenerationFailed: metadata generation failed
2022-12-27T11:06:07.3837480Z Removed file:///Users/runner/actions-runner/_work/python.build/python.build/build_lxml136311/lxml-1.3.6 from build tracker '/private/var/folders/51/hd414ycd67n82196sw51xqtc0000gn/T/pip-build-tracker-dkcn_jco'
2022-12-27T11:06:07.3837890Z Removed build tracker: '/private/var/folders/51/hd414ycd67n82196sw51xqtc0000gn/T/pip-build-tracker-dkcn_jco'
2022-12-27T11:06:07.4198510Z ##[endgroup]
2022-12-27T11:06:07.4221000Z ##[error]Command ['python', '-m', 'pip', 'wheel', '/Users/runner/actions-runner/_work/python.build/python.build/build_lxml136311/lxml-1.3.6', '--wheel-dir=/private/var/folders/51/hd414ycd67n82196sw51xqtc0000gn/T/cibw-run-ts2ohifj/cp311-macosx_arm64/built_wheel', '--no-deps', '-vvv'] failed with code 1. None
2022-12-27T11:06:07.4227540Z 
2022-12-27T11:06:07.4228380Z                                                               [31mâœ• [0m0.48s
2022-12-27T11:06:07.4739350Z ##[error]Process completed with exit code 1.
2022-12-27T11:06:07.4833970Z ##[group]Run rm -rf build_lxml136311 wheelsout
2022-12-27T11:06:07.4834320Z [36;1mrm -rf build_lxml136311 wheelsout[0m
2022-12-27T11:06:07.4850870Z shell: /bin/bash -e {0}
2022-12-27T11:06:07.4851020Z env:
2022-12-27T11:06:07.4851210Z   pythonLocation: /Users/runner/hostedtoolcache/Python/3.11.1/x64
2022-12-27T11:06:07.4851430Z   PKG_CONFIG_PATH: /Users/runner/hostedtoolcache/Python/3.11.1/x64/lib/pkgconfig
2022-12-27T11:06:07.4851650Z   Python_ROOT_DIR: /Users/runner/hostedtoolcache/Python/3.11.1/x64
2022-12-27T11:06:07.4851890Z   Python2_ROOT_DIR: /Users/runner/hostedtoolcache/Python/3.11.1/x64
2022-12-27T11:06:07.4852100Z   Python3_ROOT_DIR: /Users/runner/hostedtoolcache/Python/3.11.1/x64
2022-12-27T11:06:07.4852260Z ##[endgroup]
2022-12-27T11:06:07.5212970Z Cleaning up orphan processes
