2022-12-27T08:54:28.2525227Z Requested labels: self-hosted, macOS, X64
2022-12-27T08:54:28.2525326Z Job defined at: kilnbuild/python.build/.github/workflows/mac_arm_build.yml@refs/heads/main
2022-12-27T08:54:28.2525357Z Waiting for a runner to pick up this job...
2022-12-27T11:30:56.1401118Z Job is about to start running on the runner: s1 (organization)
2022-12-27T11:30:58.8596560Z Current runner version: '2.300.2'
2022-12-27T11:30:58.8601500Z Runner name: 's1'
2022-12-27T11:30:58.8601760Z Runner group name: 'Default'
2022-12-27T11:30:58.8602260Z Machine name: 's1'
2022-12-27T11:30:58.8603830Z ##[group]GITHUB_TOKEN Permissions
2022-12-27T11:30:58.8604260Z Actions: write
2022-12-27T11:30:58.8604410Z Checks: write
2022-12-27T11:30:58.8604540Z Contents: write
2022-12-27T11:30:58.8604680Z Deployments: write
2022-12-27T11:30:58.8604830Z Discussions: write
2022-12-27T11:30:58.8604960Z Issues: write
2022-12-27T11:30:58.8605080Z Metadata: read
2022-12-27T11:30:58.8605220Z Packages: write
2022-12-27T11:30:58.8605350Z Pages: write
2022-12-27T11:30:58.8605490Z PullRequests: write
2022-12-27T11:30:58.8605650Z RepositoryProjects: write
2022-12-27T11:30:58.8605810Z SecurityEvents: write
2022-12-27T11:30:58.8605960Z Statuses: write
2022-12-27T11:30:58.8606090Z ##[endgroup]
2022-12-27T11:30:58.8608760Z Secret source: Actions
2022-12-27T11:30:58.8609090Z Prepare workflow directory
2022-12-27T11:30:58.9268010Z Prepare all required actions
2022-12-27T11:30:58.9392070Z Getting action download info
2022-12-27T11:30:59.3881920Z Download action repository 'actions/setup-python@v4' (SHA:5ccb29d8773c3f3f653e1705f474dfaa8a06a912)
2022-12-27T11:31:01.1477030Z Download action repository 'actions/upload-artifact@v3' (SHA:83fd05a356d7e2593de66fc9913b3002723633cb)
2022-12-27T11:31:02.4678750Z ##[group]Run echo '{
2022-12-27T11:31:02.4679050Z [36;1mecho '{[0m
2022-12-27T11:31:02.4679180Z [36;1m  "package_name": "lxml",[0m
2022-12-27T11:31:02.4679470Z [36;1m  "package_url": "https://files.pythonhosted.org/packages/30/44/64b7665bbeb2eb14d72ba612e11a3672c48375c4b27bdcb7ceed3b48d298/lxml-2.2beta4.tar.gz",[0m
2022-12-27T11:31:02.4679770Z [36;1m  "package_version": "2.2beta4",[0m
2022-12-27T11:31:02.4679940Z [36;1m  "python_version": "3.10",[0m
2022-12-27T11:31:02.4680090Z [36;1m  "use_ccache": "true"[0m
2022-12-27T11:31:02.4680210Z [36;1m}'[0m
2022-12-27T11:31:02.4696010Z shell: /bin/bash -e {0}
2022-12-27T11:31:02.4696220Z ##[endgroup]
2022-12-27T11:31:02.4911860Z {
2022-12-27T11:31:02.4913590Z   "package_name": "lxml",
2022-12-27T11:31:02.4914240Z   "package_url": "https://files.pythonhosted.org/packages/30/44/64b7665bbeb2eb14d72ba612e11a3672c48375c4b27bdcb7ceed3b48d298/lxml-2.2beta4.tar.gz",
2022-12-27T11:31:02.4914530Z   "package_version": "2.2beta4",
2022-12-27T11:31:02.4914760Z   "python_version": "3.10",
2022-12-27T11:31:02.4914910Z   "use_ccache": "true"
2022-12-27T11:31:02.4915110Z }
2022-12-27T11:31:02.5133130Z ##[group]Run actions/setup-python@v4
2022-12-27T11:31:02.5133460Z with:
2022-12-27T11:31:02.5133650Z   python-version: 3.10
2022-12-27T11:31:02.5133800Z   check-latest: false
2022-12-27T11:31:02.5134170Z   token: ***
2022-12-27T11:31:02.5134360Z   update-environment: true
2022-12-27T11:31:02.5134550Z ##[endgroup]
2022-12-27T11:31:02.6400130Z ##[group]Installed versions
2022-12-27T11:31:02.6440340Z Successfully set up CPython (3.10.9)
2022-12-27T11:31:02.6441070Z ##[endgroup]
2022-12-27T11:31:02.6592870Z ##[group]Run if [ "true" == "true" ]
2022-12-27T11:31:02.6593170Z [36;1mif [ "true" == "true" ][0m
2022-12-27T11:31:02.6593380Z [36;1mthen[0m
2022-12-27T11:31:02.6593680Z [36;1m  echo "CCACHE_PATH_PREPEND=/usr/local/opt/ccache/libexec" >> $GITHUB_OUTPUT[0m
2022-12-27T11:31:02.6593890Z [36;1melse[0m
2022-12-27T11:31:02.6594060Z [36;1m  echo "CCACHE_PATH_PREPEND=" >> $GITHUB_OUTPUT[0m
2022-12-27T11:31:02.6594530Z [36;1mfi[0m
2022-12-27T11:31:02.6611520Z shell: /bin/bash -e {0}
2022-12-27T11:31:02.6611730Z env:
2022-12-27T11:31:02.6611920Z   pythonLocation: /Users/runner/hostedtoolcache/Python/3.10.9/x64
2022-12-27T11:31:02.6612180Z   PKG_CONFIG_PATH: /Users/runner/hostedtoolcache/Python/3.10.9/x64/lib/pkgconfig
2022-12-27T11:31:02.6612480Z   Python_ROOT_DIR: /Users/runner/hostedtoolcache/Python/3.10.9/x64
2022-12-27T11:31:02.6612690Z   Python2_ROOT_DIR: /Users/runner/hostedtoolcache/Python/3.10.9/x64
2022-12-27T11:31:02.6613020Z   Python3_ROOT_DIR: /Users/runner/hostedtoolcache/Python/3.10.9/x64
2022-12-27T11:31:02.6613580Z ##[endgroup]
2022-12-27T11:31:02.6722140Z ##[group]Run echo "BUILD_NAME=$(echo lxml_2.2beta4_3.10 | tr -dc '[:alnum:]\n\r' | tr '[:upper:]' '[:lower:]')" >> $GITHUB_OUTPUT
2022-12-27T11:31:02.6722710Z [36;1mecho "BUILD_NAME=$(echo lxml_2.2beta4_3.10 | tr -dc '[:alnum:]\n\r' | tr '[:upper:]' '[:lower:]')" >> $GITHUB_OUTPUT[0m
2022-12-27T11:31:02.6736880Z shell: /bin/bash -e {0}
2022-12-27T11:31:02.6737090Z env:
2022-12-27T11:31:02.6737320Z   pythonLocation: /Users/runner/hostedtoolcache/Python/3.10.9/x64
2022-12-27T11:31:02.6737680Z   PKG_CONFIG_PATH: /Users/runner/hostedtoolcache/Python/3.10.9/x64/lib/pkgconfig
2022-12-27T11:31:02.6737910Z   Python_ROOT_DIR: /Users/runner/hostedtoolcache/Python/3.10.9/x64
2022-12-27T11:31:02.6738160Z   Python2_ROOT_DIR: /Users/runner/hostedtoolcache/Python/3.10.9/x64
2022-12-27T11:31:02.6738410Z   Python3_ROOT_DIR: /Users/runner/hostedtoolcache/Python/3.10.9/x64
2022-12-27T11:31:02.6738580Z ##[endgroup]
2022-12-27T11:31:02.6884200Z ##[group]Run echo "PYTHON_NO_DOTS=$(echo 3.10 | tr -dc '[:alnum:]\n\r' | tr '[:upper:]' '[:lower:]')" >> $GITHUB_OUTPUT
2022-12-27T11:31:02.6884560Z [36;1mecho "PYTHON_NO_DOTS=$(echo 3.10 | tr -dc '[:alnum:]\n\r' | tr '[:upper:]' '[:lower:]')" >> $GITHUB_OUTPUT[0m
2022-12-27T11:31:02.6898470Z shell: /bin/bash -e {0}
2022-12-27T11:31:02.6898660Z env:
2022-12-27T11:31:02.6898870Z   pythonLocation: /Users/runner/hostedtoolcache/Python/3.10.9/x64
2022-12-27T11:31:02.6899110Z   PKG_CONFIG_PATH: /Users/runner/hostedtoolcache/Python/3.10.9/x64/lib/pkgconfig
2022-12-27T11:31:02.6899350Z   Python_ROOT_DIR: /Users/runner/hostedtoolcache/Python/3.10.9/x64
2022-12-27T11:31:02.6899590Z   Python2_ROOT_DIR: /Users/runner/hostedtoolcache/Python/3.10.9/x64
2022-12-27T11:31:02.6899810Z   Python3_ROOT_DIR: /Users/runner/hostedtoolcache/Python/3.10.9/x64
2022-12-27T11:31:02.6899970Z ##[endgroup]
2022-12-27T11:31:02.7010610Z ##[group]Run rm -rf build_lxml22beta4310
2022-12-27T11:31:02.7010950Z [36;1mrm -rf build_lxml22beta4310[0m
2022-12-27T11:31:02.7011150Z [36;1mmkdir build_lxml22beta4310[0m
2022-12-27T11:31:02.7011330Z [36;1mcd build_lxml22beta4310[0m
2022-12-27T11:31:02.7011670Z [36;1m/usr/local/bin/wget --quiet https://files.pythonhosted.org/packages/30/44/64b7665bbeb2eb14d72ba612e11a3672c48375c4b27bdcb7ceed3b48d298/lxml-2.2beta4.tar.gz[0m
2022-12-27T11:31:02.7011950Z [36;1mtar xf *.tar.gz[0m
2022-12-27T11:31:02.7012080Z [36;1mcd *[0m
2022-12-27T11:31:02.7012260Z [36;1mpython -m pip install cibuildwheel==2.11.3[0m
2022-12-27T11:31:02.7012470Z [36;1mpython -m cibuildwheel --output-dir ../wheelsout[0m
2022-12-27T11:31:02.7026410Z shell: /bin/bash -e {0}
2022-12-27T11:31:02.7026600Z env:
2022-12-27T11:31:02.7026810Z   pythonLocation: /Users/runner/hostedtoolcache/Python/3.10.9/x64
2022-12-27T11:31:02.7027120Z   PKG_CONFIG_PATH: /Users/runner/hostedtoolcache/Python/3.10.9/x64/lib/pkgconfig
2022-12-27T11:31:02.7027380Z   Python_ROOT_DIR: /Users/runner/hostedtoolcache/Python/3.10.9/x64
2022-12-27T11:31:02.7027610Z   Python2_ROOT_DIR: /Users/runner/hostedtoolcache/Python/3.10.9/x64
2022-12-27T11:31:02.7027840Z   Python3_ROOT_DIR: /Users/runner/hostedtoolcache/Python/3.10.9/x64
2022-12-27T11:31:02.7028010Z   CIBW_ARCHS_MACOS: arm64
2022-12-27T11:31:02.7028210Z   CIBW_TEST_SKIP: *_arm64
2022-12-27T11:31:02.7028380Z   CIBW_BUILD: cp310-macosx_arm64
2022-12-27T11:31:02.7028530Z   CIBW_BUILD_FRONTEND: pip
2022-12-27T11:31:02.7028700Z   CIBW_BUILD_VERBOSITY: 3
2022-12-27T11:31:02.7029030Z   CIBW_ENVIRONMENT_MACOS:  CFLAGS="-I/usr/local/opt/openssl@3/include" LDFLAGS="-L/usr/local/opt/openssl@3/lib" CPPFLAGS="-I/usr/local/opt/openssl@3/include" MAKEFLAGS="-j$(sysctl -n hw.logicalcpu)" PATH=/usr/local/opt/ccache/libexec:$PATH
2022-12-27T11:31:02.7029390Z   CIBW_BEFORE_BUILD: pip install Cython; if [[ -f requirements.txt ]]; then pip install -r requirements.txt; fi
2022-12-27T11:31:02.7029600Z   MAKEFLAGS: -j$(sysctl -n hw.logicalcpu)
2022-12-27T11:31:02.7029780Z ##[endgroup]
2022-12-27T11:31:03.1831780Z Requirement already satisfied: cibuildwheel==2.11.3 in /Users/runner/hostedtoolcache/Python/3.10.9/x64/lib/python3.10/site-packages (2.11.3)
2022-12-27T11:31:03.2093830Z Requirement already satisfied: tomli in /Users/runner/hostedtoolcache/Python/3.10.9/x64/lib/python3.10/site-packages (from cibuildwheel==2.11.3) (2.0.1)
2022-12-27T11:31:03.2103670Z Requirement already satisfied: typing-extensions>=4.1.0 in /Users/runner/hostedtoolcache/Python/3.10.9/x64/lib/python3.10/site-packages (from cibuildwheel==2.11.3) (4.4.0)
2022-12-27T11:31:03.2107150Z Requirement already satisfied: bracex in /Users/runner/hostedtoolcache/Python/3.10.9/x64/lib/python3.10/site-packages (from cibuildwheel==2.11.3) (2.3.post1)
2022-12-27T11:31:03.2110680Z Requirement already satisfied: filelock in /Users/runner/hostedtoolcache/Python/3.10.9/x64/lib/python3.10/site-packages (from cibuildwheel==2.11.3) (3.8.2)
2022-12-27T11:31:03.2114090Z Requirement already satisfied: certifi in /Users/runner/hostedtoolcache/Python/3.10.9/x64/lib/python3.10/site-packages (from cibuildwheel==2.11.3) (2022.12.7)
2022-12-27T11:31:03.2119180Z Requirement already satisfied: bashlex!=0.13 in /Users/runner/hostedtoolcache/Python/3.10.9/x64/lib/python3.10/site-packages (from cibuildwheel==2.11.3) (0.16)
2022-12-27T11:31:03.2124440Z Requirement already satisfied: packaging>=20.9 in /Users/runner/hostedtoolcache/Python/3.10.9/x64/lib/python3.10/site-packages (from cibuildwheel==2.11.3) (22.0)
2022-12-27T11:31:03.2127810Z Requirement already satisfied: platformdirs in /Users/runner/hostedtoolcache/Python/3.10.9/x64/lib/python3.10/site-packages (from cibuildwheel==2.11.3) (2.6.0)
2022-12-27T11:31:03.3952760Z 
2022-12-27T11:31:03.3953190Z      _ _       _ _   _       _           _
2022-12-27T11:31:03.3953980Z  ___|_| |_ _ _|_| |_| |_ _ _| |_ ___ ___| |
2022-12-27T11:31:03.3954690Z |  _| | . | | | | | . | | | |   | -_| -_| |
2022-12-27T11:31:03.3955570Z |___|_|___|___|_|_|___|_____|_|_|___|___|_|
2022-12-27T11:31:03.3955750Z 
2022-12-27T11:31:03.3955830Z cibuildwheel version 2.11.3
2022-12-27T11:31:03.3955990Z 
2022-12-27T11:31:03.3956110Z Build options:
2022-12-27T11:31:03.3956330Z   platform: macos
2022-12-27T11:31:03.4018670Z   architectures: arm64[0m
2022-12-27T11:31:03.4018850Z   build_selector: 
2022-12-27T11:31:03.4019280Z     build_config: cp310-macosx_arm64
2022-12-27T11:31:03.4019480Z     skip_config: 
2022-12-27T11:31:03.4019690Z     requires_python: None
2022-12-27T11:31:03.4020250Z     prerelease_pythons: False[0m
2022-12-27T11:31:03.4020620Z   [38;5;244mcontainer_engine: docker[0m
2022-12-27T11:31:03.4021120Z   output_dir: /Users/runner/actions-runner/_work/python.build/python.build/build_lxml22beta4310/wheelsout[0m
2022-12-27T11:31:03.4021660Z   package_dir: /Users/runner/actions-runner/_work/python.build/python.build/build_lxml22beta4310/lxml-2.2beta4[0m
2022-12-27T11:31:03.4021910Z   test_selector: 
2022-12-27T11:31:03.4022150Z     skip_config: *_arm64[0m
2022-12-27T11:31:03.4022350Z   [38;5;244mbefore_all: [0m
2022-12-27T11:31:03.4023860Z   before_build: pip install Cython; if [[ -f requirements.txt ]]; then pip install -r requirements.txt; fi[0m
2022-12-27T11:31:03.4024520Z   [38;5;244mbefore_test: [0m
2022-12-27T11:31:03.4025030Z   [38;5;244mbuild_frontend: pip[0m
2022-12-27T11:31:03.4025590Z   build_verbosity: 3[0m
2022-12-27T11:31:03.4025920Z   [38;5;244mconfig_settings: [0m
2022-12-27T11:31:03.4026330Z   [38;5;244mdependency_constraints: pinned[0m
2022-12-27T11:31:03.4026750Z   environment: 
2022-12-27T11:31:03.4027200Z     CFLAGS="-I/usr/local/opt/openssl@3/include"
2022-12-27T11:31:03.4027620Z     LDFLAGS="-L/usr/local/opt/openssl@3/lib"
2022-12-27T11:31:03.4028050Z     CPPFLAGS="-I/usr/local/opt/openssl@3/include"
2022-12-27T11:31:03.4028430Z     MAKEFLAGS="-j$(sysctl -n hw.logicalcpu)"
2022-12-27T11:31:03.4029000Z     PATH=/usr/local/opt/ccache/libexec:$PATH[0m
2022-12-27T11:31:03.4029420Z   [38;5;244mmanylinux_images: None[0m
2022-12-27T11:31:03.4029750Z   [38;5;244mmusllinux_images: None[0m
2022-12-27T11:31:03.4030280Z   [38;5;244mrepair_command: delocate-wheel --require-archs {delocate_archs} -w {dest_dir} -v {wheel}[0m
2022-12-27T11:31:03.4031080Z   [38;5;244mtest_command: [0m
2022-12-27T11:31:03.4031590Z   [38;5;244mtest_extras: [0m
2022-12-27T11:31:03.4031920Z   [38;5;244mtest_requires: [0m
2022-12-27T11:31:03.4032080Z 
2022-12-27T11:31:03.4032250Z Cache folder: /Users/runner/Library/Caches/cibuildwheel
2022-12-27T11:31:03.4044740Z 
2022-12-27T11:31:03.4044930Z Here we go!
2022-12-27T11:31:03.4045100Z 
2022-12-27T11:31:03.4103500Z 
2022-12-27T11:31:03.4103840Z [1m[34mBuilding cp310-macosx_arm64 wheel[0m
2022-12-27T11:31:03.4104200Z CPython 3.10 macOS arm64 - Apple Silicon
2022-12-27T11:31:03.4104350Z 
2022-12-27T11:31:03.4107150Z ##[group]Installing Python cp310...
2022-12-27T11:31:03.4107320Z 
2022-12-27T11:31:03.4107840Z + pkgutil --pkgs
2022-12-27T11:31:03.4207900Z ##[endgroup]
2022-12-27T11:31:03.4208620Z                                                               [32mâœ“ [0m0.01s
2022-12-27T11:31:03.4209110Z ##[group]Setting up build environment...
2022-12-27T11:31:03.4209320Z 
2022-12-27T11:31:03.4228280Z + /Users/runner/hostedtoolcache/Python/3.10.9/x64/bin/python -sS /Users/runner/Library/Caches/cibuildwheel/virtualenv-20.17.0.pyz --activators= --no-periodic-update --pip=22.3.1 --setuptools=65.6.3 --wheel=0.38.4 --symlink-app-data --python /Library/Frameworks/Python.framework/Versions/3.10/bin/python3 /private/var/folders/51/hd414ycd67n82196sw51xqtc0000gn/T/cibw-run-i_h2j4i1/cp310-macosx_arm64/build/venv
2022-12-27T11:31:03.6171550Z created virtual environment CPython3.10.8.final.0-64 in 49ms
2022-12-27T11:31:03.6172660Z   creator CPython3Posix(dest=/private/var/folders/51/hd414ycd67n82196sw51xqtc0000gn/T/cibw-run-i_h2j4i1/cp310-macosx_arm64/build/venv, clear=False, no_vcs_ignore=False, global=False)
2022-12-27T11:31:03.6173640Z   seeder FromAppData(download=False, pip=22.3.1, setuptools=65.6.3, wheel=0.38.4, via=symlink, app_data_dir=/Users/runner/Library/Application Support/virtualenv)
2022-12-27T11:31:03.6174110Z     added seed packages: pip==22.3.1, setuptools==65.6.3, wheel==0.38.4
2022-12-27T11:31:03.6294350Z + python -m pip install --upgrade pip -c /Users/runner/hostedtoolcache/Python/3.10.9/x64/lib/python3.10/site-packages/cibuildwheel/resources/constraints-python310.txt
2022-12-27T11:31:03.9067260Z Requirement already satisfied: pip in ./lib/python3.10/site-packages (22.3.1)
2022-12-27T11:31:04.0367160Z + which pip
2022-12-27T11:31:04.0383770Z /private/var/folders/51/hd414ycd67n82196sw51xqtc0000gn/T/cibw-run-i_h2j4i1/cp310-macosx_arm64/build/venv/bin/pip
2022-12-27T11:31:04.0386080Z + pip --version
2022-12-27T11:31:04.2427750Z pip 22.3.1 from /private/var/folders/51/hd414ycd67n82196sw51xqtc0000gn/T/cibw-run-i_h2j4i1/cp310-macosx_arm64/build/venv/lib/python3.10/site-packages/pip (python 3.10)
2022-12-27T11:31:04.2644780Z + which pip
2022-12-27T11:31:04.2672260Z + which python
2022-12-27T11:31:04.2689620Z /private/var/folders/51/hd414ycd67n82196sw51xqtc0000gn/T/cibw-run-i_h2j4i1/cp310-macosx_arm64/build/venv/bin/python
2022-12-27T11:31:04.2691930Z + python --version
2022-12-27T11:31:04.2738760Z Python 3.10.8
2022-12-27T11:31:04.2741820Z + which python
2022-12-27T11:31:04.2795500Z ##[endgroup]
2022-12-27T11:31:04.2796140Z                                                               [32mâœ“ [0m0.86s
2022-12-27T11:31:04.2796720Z ##[group]Installing build tools...
2022-12-27T11:31:04.2796950Z 
2022-12-27T11:31:04.2797370Z + pip install --upgrade setuptools wheel delocate -c /Users/runner/hostedtoolcache/Python/3.10.9/x64/lib/python3.10/site-packages/cibuildwheel/resources/constraints-python310.txt
2022-12-27T11:31:04.5519200Z Requirement already satisfied: setuptools in /private/var/folders/51/hd414ycd67n82196sw51xqtc0000gn/T/cibw-run-i_h2j4i1/cp310-macosx_arm64/build/venv/lib/python3.10/site-packages (65.6.3)
2022-12-27T11:31:04.7507970Z Requirement already satisfied: wheel in /private/var/folders/51/hd414ycd67n82196sw51xqtc0000gn/T/cibw-run-i_h2j4i1/cp310-macosx_arm64/build/venv/lib/python3.10/site-packages (0.38.4)
2022-12-27T11:31:04.7931060Z Collecting delocate
2022-12-27T11:31:04.7952810Z   Using cached delocate-0.10.3-py3-none-any.whl (142 kB)
2022-12-27T11:31:04.8174370Z Collecting typing-extensions
2022-12-27T11:31:04.8192650Z   Using cached typing_extensions-4.4.0-py3-none-any.whl (26 kB)
2022-12-27T11:31:04.8421540Z Collecting packaging>=20.9
2022-12-27T11:31:04.8440180Z   Using cached packaging-21.3-py3-none-any.whl (40 kB)
2022-12-27T11:31:04.8784340Z Collecting pyparsing!=3.0.5,>=2.0.2
2022-12-27T11:31:04.8801690Z   Using cached pyparsing-3.0.9-py3-none-any.whl (98 kB)
2022-12-27T11:31:04.9134510Z Installing collected packages: typing-extensions, pyparsing, packaging, delocate
2022-12-27T11:31:05.0408720Z Successfully installed delocate-0.10.3 packaging-21.3 pyparsing-3.0.9 typing-extensions-4.4.0
2022-12-27T11:31:05.0835450Z ##[endgroup]
2022-12-27T11:31:05.0836090Z                                                               [32mâœ“ [0m0.80s
2022-12-27T11:31:05.0836510Z ##[group]Running before_build...
2022-12-27T11:31:05.0836650Z 
2022-12-27T11:31:05.0842720Z + pip install Cython; if [[ -f requirements.txt ]]; then pip install -r requirements.txt; fi
2022-12-27T11:31:05.6886950Z Collecting Cython
2022-12-27T11:31:05.6929790Z   Using cached Cython-0.29.32-py2.py3-none-any.whl (986 kB)
2022-12-27T11:31:05.7322060Z Installing collected packages: Cython
2022-12-27T11:31:06.1500620Z Successfully installed Cython-0.29.32
2022-12-27T11:31:06.1922750Z ##[endgroup]
2022-12-27T11:31:06.1923410Z                                                               [32mâœ“ [0m1.11s
2022-12-27T11:31:06.1923830Z ##[group]Building wheel...
2022-12-27T11:31:06.1923960Z 
2022-12-27T11:31:06.1930290Z + python -m pip wheel /Users/runner/actions-runner/_work/python.build/python.build/build_lxml22beta4310/lxml-2.2beta4 --wheel-dir=/private/var/folders/51/hd414ycd67n82196sw51xqtc0000gn/T/cibw-run-i_h2j4i1/cp310-macosx_arm64/built_wheel --no-deps -vvv
2022-12-27T11:31:06.4501100Z Created temporary directory: /private/var/folders/51/hd414ycd67n82196sw51xqtc0000gn/T/pip-ephem-wheel-cache-7ti1mt29
2022-12-27T11:31:06.4504280Z Created temporary directory: /private/var/folders/51/hd414ycd67n82196sw51xqtc0000gn/T/pip-build-tracker-78jg1mrm
2022-12-27T11:31:06.4506010Z Initialized build tracking at /private/var/folders/51/hd414ycd67n82196sw51xqtc0000gn/T/pip-build-tracker-78jg1mrm
2022-12-27T11:31:06.4507530Z Created build tracker: /private/var/folders/51/hd414ycd67n82196sw51xqtc0000gn/T/pip-build-tracker-78jg1mrm
2022-12-27T11:31:06.4509160Z Entered build tracker: /private/var/folders/51/hd414ycd67n82196sw51xqtc0000gn/T/pip-build-tracker-78jg1mrm
2022-12-27T11:31:06.4512250Z Created temporary directory: /private/var/folders/51/hd414ycd67n82196sw51xqtc0000gn/T/pip-wheel-qs0id0b9
2022-12-27T11:31:06.4518010Z Created temporary directory: /private/var/folders/51/hd414ycd67n82196sw51xqtc0000gn/T/pip-ephem-wheel-cache-7lvuobfp
2022-12-27T11:31:06.4658610Z Processing /Users/runner/actions-runner/_work/python.build/python.build/build_lxml22beta4310/lxml-2.2beta4
2022-12-27T11:31:06.4663670Z   Added file:///Users/runner/actions-runner/_work/python.build/python.build/build_lxml22beta4310/lxml-2.2beta4 to build tracker '/private/var/folders/51/hd414ycd67n82196sw51xqtc0000gn/T/pip-build-tracker-78jg1mrm'
2022-12-27T11:31:06.4667140Z   Running setup.py (path:/Users/runner/actions-runner/_work/python.build/python.build/build_lxml22beta4310/lxml-2.2beta4/setup.py) egg_info for package from file:///Users/runner/actions-runner/_work/python.build/python.build/build_lxml22beta4310/lxml-2.2beta4
2022-12-27T11:31:06.4670170Z   Created temporary directory: /private/var/folders/51/hd414ycd67n82196sw51xqtc0000gn/T/pip-pip-egg-info-pl77z99x
2022-12-27T11:31:06.4671790Z   Preparing metadata (setup.py): started
2022-12-27T11:31:06.4673690Z   Running command python setup.py egg_info
2022-12-27T11:31:06.8215590Z   /private/var/folders/51/hd414ycd67n82196sw51xqtc0000gn/T/cibw-run-i_h2j4i1/cp310-macosx_arm64/build/venv/lib/python3.10/site-packages/setuptools/dist.py:529: UserWarning: Normalizing '2.2beta4' to '2.2b4'
2022-12-27T11:31:06.8216450Z     warnings.warn(tmpl.format(**locals()))
2022-12-27T11:31:06.8272000Z   Building lxml version 2.2.beta4.
2022-12-27T11:31:06.8273980Z   Building with Cython 0.29.32.
2022-12-27T11:31:06.8276110Z   Using build configuration of libxslt 1.1.29
2022-12-27T11:31:06.8278570Z   Building against libxml2/libxslt in the following directory: /Library/Developer/CommandLineTools/SDKs/MacOSX12.1.sdk/usr/lib
2022-12-27T11:31:06.8280560Z   running egg_info
2022-12-27T11:31:06.8283800Z   creating /private/var/folders/51/hd414ycd67n82196sw51xqtc0000gn/T/pip-pip-egg-info-pl77z99x/lxml.egg-info
2022-12-27T11:31:06.8296620Z   writing /private/var/folders/51/hd414ycd67n82196sw51xqtc0000gn/T/pip-pip-egg-info-pl77z99x/lxml.egg-info/PKG-INFO
2022-12-27T11:31:06.8302570Z   writing dependency_links to /private/var/folders/51/hd414ycd67n82196sw51xqtc0000gn/T/pip-pip-egg-info-pl77z99x/lxml.egg-info/dependency_links.txt
2022-12-27T11:31:06.8307720Z   writing top-level names to /private/var/folders/51/hd414ycd67n82196sw51xqtc0000gn/T/pip-pip-egg-info-pl77z99x/lxml.egg-info/top_level.txt
2022-12-27T11:31:06.8310470Z   writing manifest file '/private/var/folders/51/hd414ycd67n82196sw51xqtc0000gn/T/pip-pip-egg-info-pl77z99x/lxml.egg-info/SOURCES.txt'
2022-12-27T11:31:06.8367550Z   reading manifest file '/private/var/folders/51/hd414ycd67n82196sw51xqtc0000gn/T/pip-pip-egg-info-pl77z99x/lxml.egg-info/SOURCES.txt'
2022-12-27T11:31:06.8369490Z   reading manifest template 'MANIFEST.in'
2022-12-27T11:31:06.9200800Z   adding license file 'LICENSES.txt'
2022-12-27T11:31:06.9261620Z   writing manifest file '/private/var/folders/51/hd414ycd67n82196sw51xqtc0000gn/T/pip-pip-egg-info-pl77z99x/lxml.egg-info/SOURCES.txt'
2022-12-27T11:31:06.9510840Z   Preparing metadata (setup.py): finished with status 'done'
2022-12-27T11:31:06.9533230Z   Source in /Users/runner/actions-runner/_work/python.build/python.build/build_lxml22beta4310/lxml-2.2beta4 has version 2.2b4, which satisfies requirement lxml==2.2b4 from file:///Users/runner/actions-runner/_work/python.build/python.build/build_lxml22beta4310/lxml-2.2beta4
2022-12-27T11:31:06.9536560Z   Removed lxml==2.2b4 from file:///Users/runner/actions-runner/_work/python.build/python.build/build_lxml22beta4310/lxml-2.2beta4 from build tracker '/private/var/folders/51/hd414ycd67n82196sw51xqtc0000gn/T/pip-build-tracker-78jg1mrm'
2022-12-27T11:31:06.9552820Z Created temporary directory: /private/var/folders/51/hd414ycd67n82196sw51xqtc0000gn/T/pip-unpack-ve8mmqwm
2022-12-27T11:31:06.9555240Z Building wheels for collected packages: lxml
2022-12-27T11:31:06.9561100Z   Created temporary directory: /private/var/folders/51/hd414ycd67n82196sw51xqtc0000gn/T/pip-wheel-r_geyp2a
2022-12-27T11:31:06.9563010Z   Building wheel for lxml (setup.py): started
2022-12-27T11:31:06.9565050Z   Destination directory: /private/var/folders/51/hd414ycd67n82196sw51xqtc0000gn/T/pip-wheel-r_geyp2a
2022-12-27T11:31:06.9566700Z   Running command python setup.py bdist_wheel
2022-12-27T11:31:07.1943050Z   Building lxml version 2.2.beta4.
2022-12-27T11:31:07.1943920Z   Building with Cython 0.29.32.
2022-12-27T11:31:07.2069810Z   Using build configuration of libxslt 1.1.29
2022-12-27T11:31:07.3021110Z   Building against libxml2/libxslt in the following directory: /Library/Developer/CommandLineTools/SDKs/MacOSX12.1.sdk/usr/lib
2022-12-27T11:31:07.3116570Z   /private/var/folders/51/hd414ycd67n82196sw51xqtc0000gn/T/cibw-run-i_h2j4i1/cp310-macosx_arm64/build/venv/lib/python3.10/site-packages/setuptools/dist.py:529: UserWarning: Normalizing '2.2beta4' to '2.2b4'
2022-12-27T11:31:07.3117730Z     warnings.warn(tmpl.format(**locals()))
2022-12-27T11:31:07.3250010Z   running bdist_wheel
2022-12-27T11:31:07.3289100Z   running build
2022-12-27T11:31:07.3291840Z   running build_py
2022-12-27T11:31:07.3315510Z   creating build
2022-12-27T11:31:07.3318240Z   creating build/lib.macosx-11.0-arm64-cpython-310
2022-12-27T11:31:07.3320360Z   creating build/lib.macosx-11.0-arm64-cpython-310/lxml
2022-12-27T11:31:07.3322830Z   copying src/lxml/_elementpath.py -> build/lib.macosx-11.0-arm64-cpython-310/lxml
2022-12-27T11:31:07.3325020Z   copying src/lxml/sax.py -> build/lib.macosx-11.0-arm64-cpython-310/lxml
2022-12-27T11:31:07.3327120Z   copying src/lxml/pyclasslookup.py -> build/lib.macosx-11.0-arm64-cpython-310/lxml
2022-12-27T11:31:07.3329100Z   copying src/lxml/__init__.py -> build/lib.macosx-11.0-arm64-cpython-310/lxml
2022-12-27T11:31:07.3331740Z   copying src/lxml/builder.py -> build/lib.macosx-11.0-arm64-cpython-310/lxml
2022-12-27T11:31:07.3334620Z   copying src/lxml/doctestcompare.py -> build/lib.macosx-11.0-arm64-cpython-310/lxml
2022-12-27T11:31:07.3337570Z   copying src/lxml/usedoctest.py -> build/lib.macosx-11.0-arm64-cpython-310/lxml
2022-12-27T11:31:07.3339770Z   copying src/lxml/cssselect.py -> build/lib.macosx-11.0-arm64-cpython-310/lxml
2022-12-27T11:31:07.3343280Z   copying src/lxml/ElementInclude.py -> build/lib.macosx-11.0-arm64-cpython-310/lxml
2022-12-27T11:31:07.3351140Z   creating build/lib.macosx-11.0-arm64-cpython-310/lxml/html
2022-12-27T11:31:07.3353470Z   copying src/lxml/html/soupparser.py -> build/lib.macosx-11.0-arm64-cpython-310/lxml/html
2022-12-27T11:31:07.3356290Z   copying src/lxml/html/defs.py -> build/lib.macosx-11.0-arm64-cpython-310/lxml/html
2022-12-27T11:31:07.3359000Z   copying src/lxml/html/_setmixin.py -> build/lib.macosx-11.0-arm64-cpython-310/lxml/html
2022-12-27T11:31:07.3361780Z   copying src/lxml/html/clean.py -> build/lib.macosx-11.0-arm64-cpython-310/lxml/html
2022-12-27T11:31:07.3365360Z   copying src/lxml/html/_diffcommand.py -> build/lib.macosx-11.0-arm64-cpython-310/lxml/html
2022-12-27T11:31:07.3368060Z   copying src/lxml/html/html5parser.py -> build/lib.macosx-11.0-arm64-cpython-310/lxml/html
2022-12-27T11:31:07.3370470Z   copying src/lxml/html/__init__.py -> build/lib.macosx-11.0-arm64-cpython-310/lxml/html
2022-12-27T11:31:07.3374830Z   copying src/lxml/html/formfill.py -> build/lib.macosx-11.0-arm64-cpython-310/lxml/html
2022-12-27T11:31:07.3377200Z   copying src/lxml/html/builder.py -> build/lib.macosx-11.0-arm64-cpython-310/lxml/html
2022-12-27T11:31:07.3379620Z   copying src/lxml/html/ElementSoup.py -> build/lib.macosx-11.0-arm64-cpython-310/lxml/html
2022-12-27T11:31:07.3382650Z   copying src/lxml/html/_html5builder.py -> build/lib.macosx-11.0-arm64-cpython-310/lxml/html
2022-12-27T11:31:07.3384930Z   copying src/lxml/html/usedoctest.py -> build/lib.macosx-11.0-arm64-cpython-310/lxml/html
2022-12-27T11:31:07.3387880Z   copying src/lxml/html/diff.py -> build/lib.macosx-11.0-arm64-cpython-310/lxml/html
2022-12-27T11:31:07.3390790Z   copying src/lxml/html/_dictmixin.py -> build/lib.macosx-11.0-arm64-cpython-310/lxml/html
2022-12-27T11:31:07.3402280Z   running build_ext
2022-12-27T11:31:07.3531600Z   skipping 'src/lxml/lxml.etree.c' Cython extension (up-to-date)
2022-12-27T11:31:07.3535560Z   skipping 'src/lxml/lxml.objectify.c' Cython extension (up-to-date)
2022-12-27T11:31:07.3537840Z   building 'lxml.etree' extension
2022-12-27T11:31:07.3540360Z   creating build/temp.macosx-11.0-arm64-cpython-310
2022-12-27T11:31:07.3542120Z   creating build/temp.macosx-11.0-arm64-cpython-310/src
2022-12-27T11:31:07.3544100Z   creating build/temp.macosx-11.0-arm64-cpython-310/src/lxml
2022-12-27T11:31:07.3547840Z   clang -Wno-unused-result -Wsign-compare -Wunreachable-code -fno-common -dynamic -DNDEBUG -g -fwrapv -O3 -Wall -g -I/usr/local/opt/openssl@3/include -I/usr/local/opt/openssl@3/include -arch arm64 -I/Library/Developer/CommandLineTools/SDKs/MacOSX12.1.sdk/usr/include -I/private/var/folders/51/hd414ycd67n82196sw51xqtc0000gn/T/cibw-run-i_h2j4i1/cp310-macosx_arm64/build/venv/include -I/Library/Frameworks/Python.framework/Versions/3.10/include/python3.10 -c src/lxml/lxml.etree.c -o build/temp.macosx-11.0-arm64-cpython-310/src/lxml/lxml.etree.o -w -flat_namespace
2022-12-27T11:31:07.8200940Z   src/lxml/lxml.etree.c:123971:5: error: expression is not assignable
2022-12-27T11:31:07.8202700Z       ++Py_REFCNT(o);
2022-12-27T11:31:07.8204900Z       ^ ~~~~~~~~~~~~
2022-12-27T11:31:07.8207280Z   src/lxml/lxml.etree.c:123974:5: error: expression is not assignable
2022-12-27T11:31:07.8209610Z       --Py_REFCNT(o);
2022-12-27T11:31:07.8211250Z       ^ ~~~~~~~~~~~~
2022-12-27T11:31:07.8213480Z   src/lxml/lxml.etree.c:124168:5: error: expression is not assignable
2022-12-27T11:31:07.8215300Z       ++Py_REFCNT(o);
2022-12-27T11:31:07.8217120Z       ^ ~~~~~~~~~~~~
2022-12-27T11:31:07.8219060Z   src/lxml/lxml.etree.c:124171:5: error: expression is not assignable
2022-12-27T11:31:07.8220990Z       --Py_REFCNT(o);
2022-12-27T11:31:07.8222700Z       ^ ~~~~~~~~~~~~
2022-12-27T11:31:07.8421800Z   src/lxml/lxml.etree.c:133293:5: error: expression is not assignable
2022-12-27T11:31:07.8423640Z       ++Py_REFCNT(o);
2022-12-27T11:31:07.8425420Z       ^ ~~~~~~~~~~~~
2022-12-27T11:31:07.8427270Z   src/lxml/lxml.etree.c:133296:5: error: expression is not assignable
2022-12-27T11:31:07.8429200Z       --Py_REFCNT(o);
2022-12-27T11:31:07.8430900Z       ^ ~~~~~~~~~~~~
2022-12-27T11:31:07.8435580Z   src/lxml/lxml.etree.c:133858:5: error: expression is not assignable
2022-12-27T11:31:07.8437510Z       ++Py_REFCNT(o);
2022-12-27T11:31:07.8439060Z       ^ ~~~~~~~~~~~~
2022-12-27T11:31:07.8440970Z   src/lxml/lxml.etree.c:133861:5: error: expression is not assignable
2022-12-27T11:31:07.8443050Z       --Py_REFCNT(o);
2022-12-27T11:31:07.8444700Z       ^ ~~~~~~~~~~~~
2022-12-27T11:31:07.8446830Z   src/lxml/lxml.etree.c:134237:5: error: expression is not assignable
2022-12-27T11:31:07.8448550Z       ++Py_REFCNT(o);
2022-12-27T11:31:07.8450430Z       ^ ~~~~~~~~~~~~
2022-12-27T11:31:07.8452230Z   src/lxml/lxml.etree.c:134240:5: error: expression is not assignable
2022-12-27T11:31:07.8454480Z       --Py_REFCNT(o);
2022-12-27T11:31:07.8456160Z       ^ ~~~~~~~~~~~~
2022-12-27T11:31:07.8458350Z   src/lxml/lxml.etree.c:134410:5: error: expression is not assignable
2022-12-27T11:31:07.8460180Z       ++Py_REFCNT(o);
2022-12-27T11:31:07.8462410Z       ^ ~~~~~~~~~~~~
2022-12-27T11:31:07.8463790Z   src/lxml/lxml.etree.c:134413:5: error: expression is not assignable
2022-12-27T11:31:07.8465680Z       --Py_REFCNT(o);
2022-12-27T11:31:07.8467410Z       ^ ~~~~~~~~~~~~
2022-12-27T11:31:07.8549880Z   src/lxml/lxml.etree.c:138218:5: error: expression is not assignable
2022-12-27T11:31:07.8552070Z       ++Py_REFCNT(o);
2022-12-27T11:31:07.8554300Z       ^ ~~~~~~~~~~~~
2022-12-27T11:31:07.8556530Z   src/lxml/lxml.etree.c:138221:5: error: expression is not assignable
2022-12-27T11:31:07.8558690Z       --Py_REFCNT(o);
2022-12-27T11:31:07.8560580Z       ^ ~~~~~~~~~~~~
2022-12-27T11:31:07.8563480Z   src/lxml/lxml.etree.c:138768:5: error: expression is not assignable
2022-12-27T11:31:07.8565000Z       ++Py_REFCNT(o);
2022-12-27T11:31:07.8566390Z       ^ ~~~~~~~~~~~~
2022-12-27T11:31:07.8567750Z   src/lxml/lxml.etree.c:138771:5: error: expression is not assignable
2022-12-27T11:31:07.8569070Z       --Py_REFCNT(o);
2022-12-27T11:31:07.8570250Z       ^ ~~~~~~~~~~~~
2022-12-27T11:31:07.8575290Z   src/lxml/lxml.etree.c:139304:5: error: expression is not assignable
2022-12-27T11:31:07.8576630Z       ++Py_REFCNT(o);
2022-12-27T11:31:07.8577930Z       ^ ~~~~~~~~~~~~
2022-12-27T11:31:07.8579370Z   src/lxml/lxml.etree.c:139307:5: error: expression is not assignable
2022-12-27T11:31:07.8580510Z       --Py_REFCNT(o);
2022-12-27T11:31:07.8581730Z       ^ ~~~~~~~~~~~~
2022-12-27T11:31:07.8588800Z   src/lxml/lxml.etree.c:139858:5: error: expression is not assignable
2022-12-27T11:31:07.8590190Z       ++Py_REFCNT(o);
2022-12-27T11:31:07.8591370Z       ^ ~~~~~~~~~~~~
2022-12-27T11:31:07.8592910Z   fatal error: too many errors emitted, stopping now [-ferror-limit=]
2022-12-27T11:31:07.9028420Z   20 errors generated.
2022-12-27T11:31:07.9066110Z   error: command '/usr/bin/clang' failed with exit code 1
2022-12-27T11:31:07.9494790Z   error: subprocess-exited-with-error
2022-12-27T11:31:07.9495200Z   
2022-12-27T11:31:07.9495710Z   Ã— python setup.py bdist_wheel did not run successfully.
2022-12-27T11:31:07.9496260Z   â”‚ exit code: 1
2022-12-27T11:31:07.9496580Z   â•°â”€> See above for output.
2022-12-27T11:31:07.9497960Z   
2022-12-27T11:31:07.9498290Z   note: This error originates from a subprocess, and is likely not a problem with pip.
2022-12-27T11:31:07.9498840Z   full command: /private/var/folders/51/hd414ycd67n82196sw51xqtc0000gn/T/cibw-run-i_h2j4i1/cp310-macosx_arm64/build/venv/bin/python -u -c '
2022-12-27T11:31:07.9499230Z   exec(compile('"'"''"'"''"'"'
2022-12-27T11:31:07.9499770Z   # This is <pip-setuptools-caller> -- a caller that pip uses to run setup.py
2022-12-27T11:31:07.9500000Z   #
2022-12-27T11:31:07.9500360Z   # - It imports setuptools before invoking setup.py, to enable projects that directly
2022-12-27T11:31:07.9500700Z   #   import from `distutils.core` to work with newer packaging standards.
2022-12-27T11:31:07.9501090Z   # - It provides a clear error message when setuptools is not installed.
2022-12-27T11:31:07.9501440Z   Building wheel for lxml (setup.py): finished with status 'error'
2022-12-27T11:31:07.9501670Z   Running setup.py clean for lxml
2022-12-27T11:31:07.9501970Z   # - It sets `sys.argv[0]` to the underlying `setup.py`, when invoking `setup.py` so
2022-12-27T11:31:07.9502250Z   #   setuptools doesn'"'"'t think the script is `-c`. This avoids the following warning:
2022-12-27T11:31:07.9502560Z   #     manifest_maker: standard file '"'"'-c'"'"' not found".
2022-12-27T11:31:07.9502860Z   # - It generates a shim setup.py, for handling setup.cfg-only projects.
2022-12-27T11:31:07.9503050Z   import os, sys, tokenize
2022-12-27T11:31:07.9503190Z   
2022-12-27T11:31:07.9503350Z   try:
2022-12-27T11:31:07.9503650Z       import setuptools
2022-12-27T11:31:07.9503820Z   except ImportError as error:
2022-12-27T11:31:07.9504000Z       print(
2022-12-27T11:31:07.9504220Z           "ERROR: Can not execute `setup.py` since setuptools is not available in "
2022-12-27T11:31:07.9504420Z           "the build environment.",
2022-12-27T11:31:07.9505020Z           file=sys.stderr,
2022-12-27T11:31:07.9505240Z       )
2022-12-27T11:31:07.9505370Z       sys.exit(1)
2022-12-27T11:31:07.9505540Z   
2022-12-27T11:31:07.9505710Z   __file__ = %r
2022-12-27T11:31:07.9505860Z   sys.argv[0] = __file__
2022-12-27T11:31:07.9506020Z   
2022-12-27T11:31:07.9506190Z   if os.path.exists(__file__):
2022-12-27T11:31:07.9506340Z       filename = __file__
2022-12-27T11:31:07.9506660Z       with tokenize.open(__file__) as f:
2022-12-27T11:31:07.9506850Z           setup_py_code = f.read()
2022-12-27T11:31:07.9507000Z   else:
2022-12-27T11:31:07.9507260Z       filename = "<auto-generated setuptools caller>"
2022-12-27T11:31:07.9507490Z       setup_py_code = "from setuptools import setup; setup()"
2022-12-27T11:31:07.9507770Z   
2022-12-27T11:31:07.9507960Z   exec(compile(setup_py_code, filename, "exec"))
2022-12-27T11:31:07.9508470Z   '"'"''"'"''"'"' % ('"'"'/Users/runner/actions-runner/_work/python.build/python.build/build_lxml22beta4310/lxml-2.2beta4/setup.py'"'"',), "<pip-setuptools-caller>", "exec"))' bdist_wheel -d /private/var/folders/51/hd414ycd67n82196sw51xqtc0000gn/T/pip-wheel-r_geyp2a
2022-12-27T11:31:07.9508930Z   cwd: /Users/runner/actions-runner/_work/python.build/python.build/build_lxml22beta4310/lxml-2.2beta4/
2022-12-27T11:31:07.9509150Z   ERROR: Failed building wheel for lxml
2022-12-27T11:31:07.9509360Z   Running command python setup.py clean
2022-12-27T11:31:08.1787690Z   Building lxml version 2.2.beta4.
2022-12-27T11:31:08.1788860Z   Building with Cython 0.29.32.
2022-12-27T11:31:08.1917420Z   Using build configuration of libxslt 1.1.29
2022-12-27T11:31:08.2856300Z   Building against libxml2/libxslt in the following directory: /Library/Developer/CommandLineTools/SDKs/MacOSX12.1.sdk/usr/lib
2022-12-27T11:31:08.2949280Z   /private/var/folders/51/hd414ycd67n82196sw51xqtc0000gn/T/cibw-run-i_h2j4i1/cp310-macosx_arm64/build/venv/lib/python3.10/site-packages/setuptools/dist.py:529: UserWarning: Normalizing '2.2beta4' to '2.2b4'
2022-12-27T11:31:08.2951080Z     warnings.warn(tmpl.format(**locals()))
2022-12-27T11:31:08.2983090Z   running clean
2022-12-27T11:31:08.3007800Z   removing 'build/temp.macosx-11.0-arm64-cpython-310' (and everything under it)
2022-12-27T11:31:08.3011500Z   removing 'build/lib.macosx-11.0-arm64-cpython-310' (and everything under it)
2022-12-27T11:31:08.3033950Z   'build/bdist.macosx-11.0-arm64' does not exist -- can't clean it
2022-12-27T11:31:08.3036070Z   'build/scripts-3.10' does not exist -- can't clean it
2022-12-27T11:31:08.3037580Z   removing 'build'
2022-12-27T11:31:08.3284110Z Failed to build lxml
2022-12-27T11:31:08.3288160Z ERROR: Failed to build one or more wheels
2022-12-27T11:31:08.3297280Z Exception information:
2022-12-27T11:31:08.3297600Z Traceback (most recent call last):
2022-12-27T11:31:08.3305240Z   File "/private/var/folders/51/hd414ycd67n82196sw51xqtc0000gn/T/cibw-run-i_h2j4i1/cp310-macosx_arm64/build/venv/lib/python3.10/site-packages/pip/_internal/cli/base_command.py", line 160, in exc_logging_wrapper
2022-12-27T11:31:08.3305660Z     status = run_func(*args)
2022-12-27T11:31:08.3306170Z   File "/private/var/folders/51/hd414ycd67n82196sw51xqtc0000gn/T/cibw-run-i_h2j4i1/cp310-macosx_arm64/build/venv/lib/python3.10/site-packages/pip/_internal/cli/req_command.py", line 247, in wrapper
2022-12-27T11:31:08.3306470Z     return func(self, options, args)
2022-12-27T11:31:08.3306890Z   File "/private/var/folders/51/hd414ycd67n82196sw51xqtc0000gn/T/cibw-run-i_h2j4i1/cp310-macosx_arm64/build/venv/lib/python3.10/site-packages/pip/_internal/commands/wheel.py", line 201, in run
2022-12-27T11:31:08.3307210Z     raise CommandError("Failed to build one or more wheels")
2022-12-27T11:31:08.3307420Z pip._internal.exceptions.CommandError: Failed to build one or more wheels
2022-12-27T11:31:08.3307760Z Removed build tracker: '/private/var/folders/51/hd414ycd67n82196sw51xqtc0000gn/T/pip-build-tracker-78jg1mrm'
2022-12-27T11:31:08.3689750Z ##[endgroup]
2022-12-27T11:31:08.3715140Z ##[error]Command ['python', '-m', 'pip', 'wheel', '/Users/runner/actions-runner/_work/python.build/python.build/build_lxml22beta4310/lxml-2.2beta4', '--wheel-dir=/private/var/folders/51/hd414ycd67n82196sw51xqtc0000gn/T/cibw-run-i_h2j4i1/cp310-macosx_arm64/built_wheel', '--no-deps', '-vvv'] failed with code 1. None
2022-12-27T11:31:08.3721620Z 
2022-12-27T11:31:08.3722040Z                                                               [31mâœ• [0m2.18s
2022-12-27T11:31:08.4175050Z ##[error]Process completed with exit code 1.
2022-12-27T11:31:08.4208180Z ##[group]Run rm -rf build_lxml22beta4310 wheelsout
2022-12-27T11:31:08.4208390Z [36;1mrm -rf build_lxml22beta4310 wheelsout[0m
2022-12-27T11:31:08.4223710Z shell: /bin/bash -e {0}
2022-12-27T11:31:08.4223910Z env:
2022-12-27T11:31:08.4224140Z   pythonLocation: /Users/runner/hostedtoolcache/Python/3.10.9/x64
2022-12-27T11:31:08.4224410Z   PKG_CONFIG_PATH: /Users/runner/hostedtoolcache/Python/3.10.9/x64/lib/pkgconfig
2022-12-27T11:31:08.4224630Z   Python_ROOT_DIR: /Users/runner/hostedtoolcache/Python/3.10.9/x64
2022-12-27T11:31:08.4224870Z   Python2_ROOT_DIR: /Users/runner/hostedtoolcache/Python/3.10.9/x64
2022-12-27T11:31:08.4225060Z   Python3_ROOT_DIR: /Users/runner/hostedtoolcache/Python/3.10.9/x64
2022-12-27T11:31:08.4225260Z ##[endgroup]
2022-12-27T11:31:08.4810090Z Cleaning up orphan processes
