2022-12-27T08:50:22.2701619Z Requested labels: self-hosted, macOS, X64
2022-12-27T08:50:22.2701697Z Job defined at: kilnbuild/python.build/.github/workflows/mac_arm_build.yml@refs/heads/main
2022-12-27T08:50:22.2701723Z Waiting for a runner to pick up this job...
2022-12-27T11:19:29.8112970Z Job is about to start running on the runner: k1 (organization)
2022-12-27T11:19:31.7944850Z Current runner version: '2.300.2'
2022-12-27T11:19:31.7949430Z Runner name: 'k1'
2022-12-27T11:19:31.7949660Z Runner group name: 'Default'
2022-12-27T11:19:31.7950070Z Machine name: 'k1'
2022-12-27T11:19:31.7951470Z ##[group]GITHUB_TOKEN Permissions
2022-12-27T11:19:31.7951850Z Actions: write
2022-12-27T11:19:31.7951990Z Checks: write
2022-12-27T11:19:31.7952120Z Contents: write
2022-12-27T11:19:31.7952240Z Deployments: write
2022-12-27T11:19:31.7952380Z Discussions: write
2022-12-27T11:19:31.7952510Z Issues: write
2022-12-27T11:19:31.7952640Z Metadata: read
2022-12-27T11:19:31.7952770Z Packages: write
2022-12-27T11:19:31.7952900Z Pages: write
2022-12-27T11:19:31.7953030Z PullRequests: write
2022-12-27T11:19:31.7953190Z RepositoryProjects: write
2022-12-27T11:19:31.7953340Z SecurityEvents: write
2022-12-27T11:19:31.7953470Z Statuses: write
2022-12-27T11:19:31.7953600Z ##[endgroup]
2022-12-27T11:19:31.7956180Z Secret source: Actions
2022-12-27T11:19:31.7956480Z Prepare workflow directory
2022-12-27T11:19:31.8590640Z Prepare all required actions
2022-12-27T11:19:31.8704880Z Getting action download info
2022-12-27T11:19:32.4978220Z Download action repository 'actions/setup-python@v4' (SHA:5ccb29d8773c3f3f653e1705f474dfaa8a06a912)
2022-12-27T11:19:34.2502560Z Download action repository 'actions/upload-artifact@v3' (SHA:83fd05a356d7e2593de66fc9913b3002723633cb)
2022-12-27T11:19:35.5548390Z ##[group]Run echo '{
2022-12-27T11:19:35.5548680Z [36;1mecho '{[0m
2022-12-27T11:19:35.5548850Z [36;1m  "package_name": "lxml",[0m
2022-12-27T11:19:35.5549150Z [36;1m  "package_url": "https://files.pythonhosted.org/packages/ec/c9/93eca41962a133a0c804e76278efbd2488ba0a865322386ba28f07e77ff4/lxml-1.0.3.tar.gz",[0m
2022-12-27T11:19:35.5549390Z [36;1m  "package_version": "1.0.3",[0m
2022-12-27T11:19:35.5549540Z [36;1m  "python_version": "3.9",[0m
2022-12-27T11:19:35.5549730Z [36;1m  "use_ccache": "true"[0m
2022-12-27T11:19:35.5549860Z [36;1m}'[0m
2022-12-27T11:19:35.5565350Z shell: /bin/bash -e {0}
2022-12-27T11:19:35.5565640Z ##[endgroup]
2022-12-27T11:19:35.5781400Z {
2022-12-27T11:19:35.5782750Z   "package_name": "lxml",
2022-12-27T11:19:35.5783390Z   "package_url": "https://files.pythonhosted.org/packages/ec/c9/93eca41962a133a0c804e76278efbd2488ba0a865322386ba28f07e77ff4/lxml-1.0.3.tar.gz",
2022-12-27T11:19:35.5783640Z   "package_version": "1.0.3",
2022-12-27T11:19:35.5783930Z   "python_version": "3.9",
2022-12-27T11:19:35.5784170Z   "use_ccache": "true"
2022-12-27T11:19:35.5784340Z }
2022-12-27T11:19:35.5991190Z ##[group]Run actions/setup-python@v4
2022-12-27T11:19:35.5991450Z with:
2022-12-27T11:19:35.5991760Z   python-version: 3.9
2022-12-27T11:19:35.5991920Z   check-latest: false
2022-12-27T11:19:35.5992230Z   token: ***
2022-12-27T11:19:35.5992400Z   update-environment: true
2022-12-27T11:19:35.5992550Z ##[endgroup]
2022-12-27T11:19:35.7216360Z ##[group]Installed versions
2022-12-27T11:19:35.7322160Z Successfully set up CPython (3.9.16)
2022-12-27T11:19:35.7322880Z ##[endgroup]
2022-12-27T11:19:35.7464780Z ##[group]Run if [ "true" == "true" ]
2022-12-27T11:19:35.7465080Z [36;1mif [ "true" == "true" ][0m
2022-12-27T11:19:35.7465270Z [36;1mthen[0m
2022-12-27T11:19:35.7465490Z [36;1m  echo "CCACHE_PATH_PREPEND=/usr/local/opt/ccache/libexec" >> $GITHUB_OUTPUT[0m
2022-12-27T11:19:35.7465780Z [36;1melse[0m
2022-12-27T11:19:35.7465930Z [36;1m  echo "CCACHE_PATH_PREPEND=" >> $GITHUB_OUTPUT[0m
2022-12-27T11:19:35.7466120Z [36;1mfi[0m
2022-12-27T11:19:35.7482250Z shell: /bin/bash -e {0}
2022-12-27T11:19:35.7482500Z env:
2022-12-27T11:19:35.7482720Z   pythonLocation: /Users/runner/hostedtoolcache/Python/3.9.16/x64
2022-12-27T11:19:35.7482990Z   PKG_CONFIG_PATH: /Users/runner/hostedtoolcache/Python/3.9.16/x64/lib/pkgconfig
2022-12-27T11:19:35.7483210Z   Python_ROOT_DIR: /Users/runner/hostedtoolcache/Python/3.9.16/x64
2022-12-27T11:19:35.7483460Z   Python2_ROOT_DIR: /Users/runner/hostedtoolcache/Python/3.9.16/x64
2022-12-27T11:19:35.7483800Z   Python3_ROOT_DIR: /Users/runner/hostedtoolcache/Python/3.9.16/x64
2022-12-27T11:19:35.7484420Z ##[endgroup]
2022-12-27T11:19:35.7591150Z ##[group]Run echo "BUILD_NAME=$(echo lxml_1.0.3_3.9 | tr -dc '[:alnum:]\n\r' | tr '[:upper:]' '[:lower:]')" >> $GITHUB_OUTPUT
2022-12-27T11:19:35.7591570Z [36;1mecho "BUILD_NAME=$(echo lxml_1.0.3_3.9 | tr -dc '[:alnum:]\n\r' | tr '[:upper:]' '[:lower:]')" >> $GITHUB_OUTPUT[0m
2022-12-27T11:19:35.7646030Z shell: /bin/bash -e {0}
2022-12-27T11:19:35.7646160Z env:
2022-12-27T11:19:35.7646300Z   pythonLocation: /Users/runner/hostedtoolcache/Python/3.9.16/x64
2022-12-27T11:19:35.7646510Z   PKG_CONFIG_PATH: /Users/runner/hostedtoolcache/Python/3.9.16/x64/lib/pkgconfig
2022-12-27T11:19:35.7646760Z   Python_ROOT_DIR: /Users/runner/hostedtoolcache/Python/3.9.16/x64
2022-12-27T11:19:35.7646960Z   Python2_ROOT_DIR: /Users/runner/hostedtoolcache/Python/3.9.16/x64
2022-12-27T11:19:35.7647180Z   Python3_ROOT_DIR: /Users/runner/hostedtoolcache/Python/3.9.16/x64
2022-12-27T11:19:35.7647360Z ##[endgroup]
2022-12-27T11:19:35.7756760Z ##[group]Run echo "PYTHON_NO_DOTS=$(echo 3.9 | tr -dc '[:alnum:]\n\r' | tr '[:upper:]' '[:lower:]')" >> $GITHUB_OUTPUT
2022-12-27T11:19:35.7757190Z [36;1mecho "PYTHON_NO_DOTS=$(echo 3.9 | tr -dc '[:alnum:]\n\r' | tr '[:upper:]' '[:lower:]')" >> $GITHUB_OUTPUT[0m
2022-12-27T11:19:35.7770830Z shell: /bin/bash -e {0}
2022-12-27T11:19:35.7770980Z env:
2022-12-27T11:19:35.7771190Z   pythonLocation: /Users/runner/hostedtoolcache/Python/3.9.16/x64
2022-12-27T11:19:35.7771900Z   PKG_CONFIG_PATH: /Users/runner/hostedtoolcache/Python/3.9.16/x64/lib/pkgconfig
2022-12-27T11:19:35.7772190Z   Python_ROOT_DIR: /Users/runner/hostedtoolcache/Python/3.9.16/x64
2022-12-27T11:19:35.7772390Z   Python2_ROOT_DIR: /Users/runner/hostedtoolcache/Python/3.9.16/x64
2022-12-27T11:19:35.7772620Z   Python3_ROOT_DIR: /Users/runner/hostedtoolcache/Python/3.9.16/x64
2022-12-27T11:19:35.7772820Z ##[endgroup]
2022-12-27T11:19:35.7889470Z ##[group]Run rm -rf build_lxml10339
2022-12-27T11:19:35.7889870Z [36;1mrm -rf build_lxml10339[0m
2022-12-27T11:19:35.7890020Z [36;1mmkdir build_lxml10339[0m
2022-12-27T11:19:35.7890230Z [36;1mcd build_lxml10339[0m
2022-12-27T11:19:35.7890510Z [36;1m/usr/local/bin/wget --quiet https://files.pythonhosted.org/packages/ec/c9/93eca41962a133a0c804e76278efbd2488ba0a865322386ba28f07e77ff4/lxml-1.0.3.tar.gz[0m
2022-12-27T11:19:35.7890780Z [36;1mtar xf *.tar.gz[0m
2022-12-27T11:19:35.7890940Z [36;1mcd *[0m
2022-12-27T11:19:35.7891160Z [36;1mpython -m pip install cibuildwheel==2.11.3[0m
2022-12-27T11:19:35.7891460Z [36;1mpython -m cibuildwheel --output-dir ../wheelsout[0m
2022-12-27T11:19:35.7905180Z shell: /bin/bash -e {0}
2022-12-27T11:19:35.7905330Z env:
2022-12-27T11:19:35.7905530Z   pythonLocation: /Users/runner/hostedtoolcache/Python/3.9.16/x64
2022-12-27T11:19:35.7905790Z   PKG_CONFIG_PATH: /Users/runner/hostedtoolcache/Python/3.9.16/x64/lib/pkgconfig
2022-12-27T11:19:35.7906100Z   Python_ROOT_DIR: /Users/runner/hostedtoolcache/Python/3.9.16/x64
2022-12-27T11:19:35.7906310Z   Python2_ROOT_DIR: /Users/runner/hostedtoolcache/Python/3.9.16/x64
2022-12-27T11:19:35.7906540Z   Python3_ROOT_DIR: /Users/runner/hostedtoolcache/Python/3.9.16/x64
2022-12-27T11:19:35.7906740Z   CIBW_ARCHS_MACOS: arm64
2022-12-27T11:19:35.7906910Z   CIBW_TEST_SKIP: *_arm64
2022-12-27T11:19:35.7907090Z   CIBW_BUILD: cp39-macosx_arm64
2022-12-27T11:19:35.7907260Z   CIBW_BUILD_FRONTEND: pip
2022-12-27T11:19:35.7907440Z   CIBW_BUILD_VERBOSITY: 3
2022-12-27T11:19:35.7907710Z   CIBW_ENVIRONMENT_MACOS:  CFLAGS="-I/usr/local/opt/openssl@3/include" LDFLAGS="-L/usr/local/opt/openssl@3/lib" CPPFLAGS="-I/usr/local/opt/openssl@3/include" MAKEFLAGS="-j$(sysctl -n hw.logicalcpu)" PATH=/usr/local/opt/ccache/libexec:$PATH
2022-12-27T11:19:35.7908330Z   CIBW_BEFORE_BUILD: pip install Cython; if [[ -f requirements.txt ]]; then pip install -r requirements.txt; fi
2022-12-27T11:19:35.7908630Z   MAKEFLAGS: -j$(sysctl -n hw.logicalcpu)
2022-12-27T11:19:35.7908800Z ##[endgroup]
2022-12-27T11:19:36.1162170Z Requirement already satisfied: cibuildwheel==2.11.3 in /Users/runner/hostedtoolcache/Python/3.9.16/x64/lib/python3.9/site-packages (2.11.3)
2022-12-27T11:19:36.1410880Z Requirement already satisfied: packaging>=20.9 in /Users/runner/hostedtoolcache/Python/3.9.16/x64/lib/python3.9/site-packages (from cibuildwheel==2.11.3) (22.0)
2022-12-27T11:19:36.1414000Z Requirement already satisfied: bracex in /Users/runner/hostedtoolcache/Python/3.9.16/x64/lib/python3.9/site-packages (from cibuildwheel==2.11.3) (2.3.post1)
2022-12-27T11:19:36.1419090Z Requirement already satisfied: bashlex!=0.13 in /Users/runner/hostedtoolcache/Python/3.9.16/x64/lib/python3.9/site-packages (from cibuildwheel==2.11.3) (0.16)
2022-12-27T11:19:36.1422370Z Requirement already satisfied: certifi in /Users/runner/hostedtoolcache/Python/3.9.16/x64/lib/python3.9/site-packages (from cibuildwheel==2.11.3) (2022.12.7)
2022-12-27T11:19:36.1425870Z Requirement already satisfied: platformdirs in /Users/runner/hostedtoolcache/Python/3.9.16/x64/lib/python3.9/site-packages (from cibuildwheel==2.11.3) (2.6.0)
2022-12-27T11:19:36.1432200Z Requirement already satisfied: tomli in /Users/runner/hostedtoolcache/Python/3.9.16/x64/lib/python3.9/site-packages (from cibuildwheel==2.11.3) (2.0.1)
2022-12-27T11:19:36.1440340Z Requirement already satisfied: typing-extensions>=4.1.0 in /Users/runner/hostedtoolcache/Python/3.9.16/x64/lib/python3.9/site-packages (from cibuildwheel==2.11.3) (4.4.0)
2022-12-27T11:19:36.1443380Z Requirement already satisfied: filelock in /Users/runner/hostedtoolcache/Python/3.9.16/x64/lib/python3.9/site-packages (from cibuildwheel==2.11.3) (3.8.2)
2022-12-27T11:19:36.3042470Z 
2022-12-27T11:19:36.3042980Z      _ _       _ _   _       _           _
2022-12-27T11:19:36.3043450Z  ___|_| |_ _ _|_| |_| |_ _ _| |_ ___ ___| |
2022-12-27T11:19:36.3044220Z |  _| | . | | | | | . | | | |   | -_| -_| |
2022-12-27T11:19:36.3044640Z |___|_|___|___|_|_|___|_____|_|_|___|___|_|
2022-12-27T11:19:36.3045230Z 
2022-12-27T11:19:36.3045380Z cibuildwheel version 2.11.3
2022-12-27T11:19:36.3045550Z 
2022-12-27T11:19:36.3045680Z Build options:
2022-12-27T11:19:36.3045910Z   platform: macos
2022-12-27T11:19:36.3075650Z   architectures: arm64[0m
2022-12-27T11:19:36.3076010Z   build_selector: 
2022-12-27T11:19:36.3076330Z     build_config: cp39-macosx_arm64
2022-12-27T11:19:36.3076580Z     skip_config: 
2022-12-27T11:19:36.3076950Z     requires_python: None
2022-12-27T11:19:36.3077710Z     prerelease_pythons: False[0m
2022-12-27T11:19:36.3078150Z   [38;5;244mcontainer_engine: docker[0m
2022-12-27T11:19:36.3078570Z   output_dir: /Users/runner/actions-runner/_work/python.build/python.build/build_lxml10339/wheelsout[0m
2022-12-27T11:19:36.3079040Z   package_dir: /Users/runner/actions-runner/_work/python.build/python.build/build_lxml10339/lxml-1.0.3[0m
2022-12-27T11:19:36.3079380Z   test_selector: 
2022-12-27T11:19:36.3079690Z     skip_config: *_arm64[0m
2022-12-27T11:19:36.3079990Z   [38;5;244mbefore_all: [0m
2022-12-27T11:19:36.3080400Z   before_build: pip install Cython; if [[ -f requirements.txt ]]; then pip install -r requirements.txt; fi[0m
2022-12-27T11:19:36.3080750Z   [38;5;244mbefore_test: [0m
2022-12-27T11:19:36.3081000Z   [38;5;244mbuild_frontend: pip[0m
2022-12-27T11:19:36.3081330Z   build_verbosity: 3[0m
2022-12-27T11:19:36.3081610Z   [38;5;244mconfig_settings: [0m
2022-12-27T11:19:36.3081900Z   [38;5;244mdependency_constraints: pinned[0m
2022-12-27T11:19:36.3082140Z   environment: 
2022-12-27T11:19:36.3082480Z     CFLAGS="-I/usr/local/opt/openssl@3/include"
2022-12-27T11:19:36.3082760Z     LDFLAGS="-L/usr/local/opt/openssl@3/lib"
2022-12-27T11:19:36.3083080Z     CPPFLAGS="-I/usr/local/opt/openssl@3/include"
2022-12-27T11:19:36.3083400Z     MAKEFLAGS="-j$(sysctl -n hw.logicalcpu)"
2022-12-27T11:19:36.3083690Z     PATH=/usr/local/opt/ccache/libexec:$PATH[0m
2022-12-27T11:19:36.3084140Z   [38;5;244mmanylinux_images: None[0m
2022-12-27T11:19:36.3084520Z   [38;5;244mmusllinux_images: None[0m
2022-12-27T11:19:36.3084880Z   [38;5;244mrepair_command: delocate-wheel --require-archs {delocate_archs} -w {dest_dir} -v {wheel}[0m
2022-12-27T11:19:36.3085540Z   [38;5;244mtest_command: [0m
2022-12-27T11:19:36.3085810Z   [38;5;244mtest_extras: [0m
2022-12-27T11:19:36.3086150Z   [38;5;244mtest_requires: [0m
2022-12-27T11:19:36.3086250Z 
2022-12-27T11:19:36.3086390Z Cache folder: /Users/runner/Library/Caches/cibuildwheel
2022-12-27T11:19:36.3093400Z 
2022-12-27T11:19:36.3093670Z Here we go!
2022-12-27T11:19:36.3093850Z 
2022-12-27T11:19:36.3146720Z 
2022-12-27T11:19:36.3147150Z [1m[34mBuilding cp39-macosx_arm64 wheel[0m
2022-12-27T11:19:36.3147610Z CPython 3.9 macOS arm64 - Apple Silicon
2022-12-27T11:19:36.3147770Z 
2022-12-27T11:19:36.3150150Z ##[group]Installing Python cp39...
2022-12-27T11:19:36.3150280Z 
2022-12-27T11:19:36.3150470Z + pkgutil --pkgs
2022-12-27T11:19:36.3245010Z ##[endgroup]
2022-12-27T11:19:36.3246660Z                                                               [32mâœ“ [0m0.01s
2022-12-27T11:19:36.3247030Z ##[group]Setting up build environment...
2022-12-27T11:19:36.3247150Z 
2022-12-27T11:19:36.3264310Z + /Users/runner/hostedtoolcache/Python/3.9.16/x64/bin/python -sS /Users/runner/Library/Caches/cibuildwheel/virtualenv-20.17.0.pyz --activators= --no-periodic-update --pip=22.3.1 --setuptools=65.6.3 --wheel=0.38.4 --symlink-app-data --python /Library/Frameworks/Python.framework/Versions/3.9/bin/python3 /private/var/folders/51/hd414ycd67n82196sw51xqtc0000gn/T/cibw-run-us4hc_ii/cp39-macosx_arm64/build/venv
2022-12-27T11:19:36.5108830Z created virtual environment CPython3.9.13.final.0-64 in 53ms
2022-12-27T11:19:36.5109420Z   creator CPython3Posix(dest=/private/var/folders/51/hd414ycd67n82196sw51xqtc0000gn/T/cibw-run-us4hc_ii/cp39-macosx_arm64/build/venv, clear=False, no_vcs_ignore=False, global=False)
2022-12-27T11:19:36.5110150Z   seeder FromAppData(download=False, pip=22.3.1, setuptools=65.6.3, wheel=0.38.4, via=symlink, app_data_dir=/Users/runner/Library/Application Support/virtualenv)
2022-12-27T11:19:36.5110580Z     added seed packages: pip==22.3.1, setuptools==65.6.3, wheel==0.38.4
2022-12-27T11:19:36.5239850Z + python -m pip install --upgrade pip -c /Users/runner/hostedtoolcache/Python/3.9.16/x64/lib/python3.9/site-packages/cibuildwheel/resources/constraints-python39.txt
2022-12-27T11:19:36.8244390Z Requirement already satisfied: pip in ./lib/python3.9/site-packages (22.3.1)
2022-12-27T11:19:36.9670140Z + which pip
2022-12-27T11:19:36.9688680Z /private/var/folders/51/hd414ycd67n82196sw51xqtc0000gn/T/cibw-run-us4hc_ii/cp39-macosx_arm64/build/venv/bin/pip
2022-12-27T11:19:36.9691330Z + pip --version
2022-12-27T11:19:37.1847210Z pip 22.3.1 from /private/var/folders/51/hd414ycd67n82196sw51xqtc0000gn/T/cibw-run-us4hc_ii/cp39-macosx_arm64/build/venv/lib/python3.9/site-packages/pip (python 3.9)
2022-12-27T11:19:37.2080740Z + which pip
2022-12-27T11:19:37.2111830Z + which python
2022-12-27T11:19:37.2132030Z /private/var/folders/51/hd414ycd67n82196sw51xqtc0000gn/T/cibw-run-us4hc_ii/cp39-macosx_arm64/build/venv/bin/python
2022-12-27T11:19:37.2134610Z + python --version
2022-12-27T11:19:37.2186040Z Python 3.9.13
2022-12-27T11:19:37.2190150Z + which python
2022-12-27T11:19:37.2258980Z ##[endgroup]
2022-12-27T11:19:37.2259730Z                                                               [32mâœ“ [0m0.90s
2022-12-27T11:19:37.2260190Z ##[group]Installing build tools...
2022-12-27T11:19:37.2260360Z 
2022-12-27T11:19:37.2260780Z + pip install --upgrade setuptools wheel delocate -c /Users/runner/hostedtoolcache/Python/3.9.16/x64/lib/python3.9/site-packages/cibuildwheel/resources/constraints-python39.txt
2022-12-27T11:19:37.5293310Z Requirement already satisfied: setuptools in /private/var/folders/51/hd414ycd67n82196sw51xqtc0000gn/T/cibw-run-us4hc_ii/cp39-macosx_arm64/build/venv/lib/python3.9/site-packages (65.6.3)
2022-12-27T11:19:37.7558050Z Requirement already satisfied: wheel in /private/var/folders/51/hd414ycd67n82196sw51xqtc0000gn/T/cibw-run-us4hc_ii/cp39-macosx_arm64/build/venv/lib/python3.9/site-packages (0.38.4)
2022-12-27T11:19:37.8102380Z Collecting delocate
2022-12-27T11:19:37.8129470Z   Using cached delocate-0.10.3-py3-none-any.whl (142 kB)
2022-12-27T11:19:37.8444550Z Collecting packaging>=20.9
2022-12-27T11:19:37.8468430Z   Using cached packaging-21.3-py3-none-any.whl (40 kB)
2022-12-27T11:19:37.8652740Z Collecting typing-extensions
2022-12-27T11:19:37.8674290Z   Using cached typing_extensions-4.4.0-py3-none-any.whl (26 kB)
2022-12-27T11:19:37.9074530Z Collecting pyparsing!=3.0.5,>=2.0.2
2022-12-27T11:19:37.9096610Z   Using cached pyparsing-3.0.9-py3-none-any.whl (98 kB)
2022-12-27T11:19:37.9461210Z Installing collected packages: typing-extensions, pyparsing, packaging, delocate
2022-12-27T11:19:38.0891540Z Successfully installed delocate-0.10.3 packaging-21.3 pyparsing-3.0.9 typing-extensions-4.4.0
2022-12-27T11:19:38.1327670Z ##[endgroup]
2022-12-27T11:19:38.1328250Z                                                               [32mâœ“ [0m0.91s
2022-12-27T11:19:38.1328700Z ##[group]Running before_build...
2022-12-27T11:19:38.1328860Z 
2022-12-27T11:19:38.1334970Z + pip install Cython; if [[ -f requirements.txt ]]; then pip install -r requirements.txt; fi
2022-12-27T11:19:38.8262390Z Collecting Cython
2022-12-27T11:19:38.8309550Z   Using cached Cython-0.29.32-py2.py3-none-any.whl (986 kB)
2022-12-27T11:19:38.8797120Z Installing collected packages: Cython
2022-12-27T11:19:39.3462140Z Successfully installed Cython-0.29.32
2022-12-27T11:19:39.3882800Z ##[endgroup]
2022-12-27T11:19:39.3883500Z                                                               [32mâœ“ [0m1.26s
2022-12-27T11:19:39.3883930Z ##[group]Building wheel...
2022-12-27T11:19:39.3884040Z 
2022-12-27T11:19:39.3888590Z + python -m pip wheel /Users/runner/actions-runner/_work/python.build/python.build/build_lxml10339/lxml-1.0.3 --wheel-dir=/private/var/folders/51/hd414ycd67n82196sw51xqtc0000gn/T/cibw-run-us4hc_ii/cp39-macosx_arm64/built_wheel --no-deps -vvv
2022-12-27T11:19:39.6712870Z Created temporary directory: /private/var/folders/51/hd414ycd67n82196sw51xqtc0000gn/T/pip-ephem-wheel-cache-77d1appt
2022-12-27T11:19:39.6717360Z Created temporary directory: /private/var/folders/51/hd414ycd67n82196sw51xqtc0000gn/T/pip-build-tracker-64lgx_9g
2022-12-27T11:19:39.6718790Z Initialized build tracking at /private/var/folders/51/hd414ycd67n82196sw51xqtc0000gn/T/pip-build-tracker-64lgx_9g
2022-12-27T11:19:39.6720430Z Created build tracker: /private/var/folders/51/hd414ycd67n82196sw51xqtc0000gn/T/pip-build-tracker-64lgx_9g
2022-12-27T11:19:39.6722210Z Entered build tracker: /private/var/folders/51/hd414ycd67n82196sw51xqtc0000gn/T/pip-build-tracker-64lgx_9g
2022-12-27T11:19:39.6725710Z Created temporary directory: /private/var/folders/51/hd414ycd67n82196sw51xqtc0000gn/T/pip-wheel-jngx1ezv
2022-12-27T11:19:39.6732270Z Created temporary directory: /private/var/folders/51/hd414ycd67n82196sw51xqtc0000gn/T/pip-ephem-wheel-cache-o_n7bm4y
2022-12-27T11:19:39.6897350Z Processing /Users/runner/actions-runner/_work/python.build/python.build/build_lxml10339/lxml-1.0.3
2022-12-27T11:19:39.6903010Z   Added file:///Users/runner/actions-runner/_work/python.build/python.build/build_lxml10339/lxml-1.0.3 to build tracker '/private/var/folders/51/hd414ycd67n82196sw51xqtc0000gn/T/pip-build-tracker-64lgx_9g'
2022-12-27T11:19:39.6906770Z   Running setup.py (path:/Users/runner/actions-runner/_work/python.build/python.build/build_lxml10339/lxml-1.0.3/setup.py) egg_info for package from file:///Users/runner/actions-runner/_work/python.build/python.build/build_lxml10339/lxml-1.0.3
2022-12-27T11:19:39.6909870Z   Created temporary directory: /private/var/folders/51/hd414ycd67n82196sw51xqtc0000gn/T/pip-pip-egg-info-lu0dloi8
2022-12-27T11:19:39.6911430Z   Preparing metadata (setup.py): started
2022-12-27T11:19:39.6913490Z   Running command python setup.py egg_info
2022-12-27T11:19:39.8460390Z   Traceback (most recent call last):
2022-12-27T11:19:39.8469160Z     File "<string>", line 2, in <module>
2022-12-27T11:19:39.8469870Z     File "<pip-setuptools-caller>", line 34, in <module>
2022-12-27T11:19:39.8470350Z     File "/Users/runner/actions-runner/_work/python.build/python.build/build_lxml10339/lxml-1.0.3/setup.py", line 22
2022-12-27T11:19:39.8471020Z       raise NotImplementedError, \
2022-12-27T11:19:39.8471230Z                                ^
2022-12-27T11:19:39.8471500Z   SyntaxError: invalid syntax
2022-12-27T11:19:39.8630280Z   error: subprocess-exited-with-error
2022-12-27T11:19:39.8630600Z   
2022-12-27T11:19:39.8631010Z   Ã— python setup.py egg_info did not run successfully.
2022-12-27T11:19:39.8631380Z   â”‚ exit code: 1
2022-12-27T11:19:39.8631860Z   â•°â”€> See above for output.
2022-12-27T11:19:39.8632130Z   
2022-12-27T11:19:39.8632420Z   note: This error originates from a subprocess, and is likely not a problem with pip.
2022-12-27T11:19:39.8639640Z   full command: /private/var/folders/51/hd414ycd67n82196sw51xqtc0000gn/T/cibw-run-us4hc_ii/cp39-macosx_arm64/build/venv/bin/python -c '
2022-12-27T11:19:39.8640450Z   exec(compile('"'"''"'"''"'"'
2022-12-27T11:19:39.8641260Z   # This is <pip-setuptools-caller> -- a caller that pip uses to run setup.py
2022-12-27T11:19:39.8641590Z   #
2022-12-27T11:19:39.8642110Z   # - It imports setuptools before invoking setup.py, to enable projects that directly
2022-12-27T11:19:39.8643370Z   #   import from `distutils.core` to work with newer packaging standards.
2022-12-27T11:19:39.8644380Z   # - It provides a clear error message when setuptools is not installed.
2022-12-27T11:19:39.8645170Z   # - It sets `sys.argv[0]` to the underlying `setup.py`, when invoking `setup.py` so
2022-12-27T11:19:39.8645800Z   #   setuptools doesn'"'"'t think the script is `-c`. This avoids the following warning:
2022-12-27T11:19:39.8646370Z   #     manifest_maker: standard file '"'"'-c'"'"' not found".
2022-12-27T11:19:39.8646820Z   # - It generates a shim setup.py, for handling setup.cfg-only projects.
2022-12-27T11:19:39.8647240Z   import os, sys, tokenize
2022-12-27T11:19:39.8647500Z   
2022-12-27T11:19:39.8647690Z   try:
2022-12-27T11:19:39.8648320Z       import setuptools
2022-12-27T11:19:39.8648750Z   except ImportError as error:
2022-12-27T11:19:39.8649100Z       print(
2022-12-27T11:19:39.8649540Z           "ERROR: Can not execute `setup.py` since setuptools is not available in "
2022-12-27T11:19:39.8650120Z           "the build environment.",
2022-12-27T11:19:39.8650400Z           file=sys.stderr,
2022-12-27T11:19:39.8650610Z       )
2022-12-27T11:19:39.8650840Z       sys.exit(1)
2022-12-27T11:19:39.8651080Z   
2022-12-27T11:19:39.8651320Z   __file__ = %r
2022-12-27T11:19:39.8651580Z   sys.argv[0] = __file__
2022-12-27T11:19:39.8651840Z   
2022-12-27T11:19:39.8652050Z   if os.path.exists(__file__):
2022-12-27T11:19:39.8652330Z       filename = __file__
2022-12-27T11:19:39.8652640Z       with tokenize.open(__file__) as f:
2022-12-27T11:19:39.8652900Z           setup_py_code = f.read()
2022-12-27T11:19:39.8653150Z   else:
2022-12-27T11:19:39.8653580Z   Preparing metadata (setup.py): finished with status 'error'
2022-12-27T11:19:39.8653990Z       filename = "<auto-generated setuptools caller>"
2022-12-27T11:19:39.8654390Z       setup_py_code = "from setuptools import setup; setup()"
2022-12-27T11:19:39.8654680Z   
2022-12-27T11:19:39.8654920Z   exec(compile(setup_py_code, filename, "exec"))
2022-12-27T11:19:39.8655760Z   '"'"''"'"''"'"' % ('"'"'/Users/runner/actions-runner/_work/python.build/python.build/build_lxml10339/lxml-1.0.3/setup.py'"'"',), "<pip-setuptools-caller>", "exec"))' egg_info --egg-base /private/var/folders/51/hd414ycd67n82196sw51xqtc0000gn/T/pip-pip-egg-info-lu0dloi8
2022-12-27T11:19:39.8656540Z   cwd: /Users/runner/actions-runner/_work/python.build/python.build/build_lxml10339/lxml-1.0.3/
2022-12-27T11:19:39.8659890Z error: metadata-generation-failed
2022-12-27T11:19:39.8660070Z 
2022-12-27T11:19:39.8660310Z Ã— Encountered error while generating package metadata.
2022-12-27T11:19:39.8660600Z â•°â”€> See above for output.
2022-12-27T11:19:39.8660740Z 
2022-12-27T11:19:39.8660900Z note: This is an issue with the package mentioned above, not pip.
2022-12-27T11:19:39.8661240Z hint: See above for details.
2022-12-27T11:19:39.8685080Z Exception information:
2022-12-27T11:19:39.8685360Z Traceback (most recent call last):
2022-12-27T11:19:39.8686630Z   File "/private/var/folders/51/hd414ycd67n82196sw51xqtc0000gn/T/cibw-run-us4hc_ii/cp39-macosx_arm64/build/venv/lib/python3.9/site-packages/pip/_internal/operations/build/metadata_legacy.py", line 64, in generate_metadata
2022-12-27T11:19:39.8687360Z     call_subprocess(
2022-12-27T11:19:39.8688380Z   File "/private/var/folders/51/hd414ycd67n82196sw51xqtc0000gn/T/cibw-run-us4hc_ii/cp39-macosx_arm64/build/venv/lib/python3.9/site-packages/pip/_internal/utils/subprocess.py", line 224, in call_subprocess
2022-12-27T11:19:39.8688730Z     raise error
2022-12-27T11:19:39.8689070Z pip._internal.exceptions.InstallationSubprocessError: python setup.py egg_info exited with 1
2022-12-27T11:19:39.8689680Z 
2022-12-27T11:19:39.8689920Z The above exception was the direct cause of the following exception:
2022-12-27T11:19:39.8690550Z 
2022-12-27T11:19:39.8690740Z Traceback (most recent call last):
2022-12-27T11:19:39.8691560Z   File "/private/var/folders/51/hd414ycd67n82196sw51xqtc0000gn/T/cibw-run-us4hc_ii/cp39-macosx_arm64/build/venv/lib/python3.9/site-packages/pip/_internal/cli/base_command.py", line 160, in exc_logging_wrapper
2022-12-27T11:19:39.8691990Z     status = run_func(*args)
2022-12-27T11:19:39.8692570Z   File "/private/var/folders/51/hd414ycd67n82196sw51xqtc0000gn/T/cibw-run-us4hc_ii/cp39-macosx_arm64/build/venv/lib/python3.9/site-packages/pip/_internal/cli/req_command.py", line 247, in wrapper
2022-12-27T11:19:39.8692980Z     return func(self, options, args)
2022-12-27T11:19:39.8693640Z   File "/private/var/folders/51/hd414ycd67n82196sw51xqtc0000gn/T/cibw-run-us4hc_ii/cp39-macosx_arm64/build/venv/lib/python3.9/site-packages/pip/_internal/commands/wheel.py", line 170, in run
2022-12-27T11:19:39.8694100Z     requirement_set = resolver.resolve(reqs, check_supported_wheels=True)
2022-12-27T11:19:39.8694970Z   File "/private/var/folders/51/hd414ycd67n82196sw51xqtc0000gn/T/cibw-run-us4hc_ii/cp39-macosx_arm64/build/venv/lib/python3.9/site-packages/pip/_internal/resolution/resolvelib/resolver.py", line 73, in resolve
2022-12-27T11:19:39.8695470Z     collected = self.factory.collect_root_requirements(root_reqs)
2022-12-27T11:19:39.8696160Z   File "/private/var/folders/51/hd414ycd67n82196sw51xqtc0000gn/T/cibw-run-us4hc_ii/cp39-macosx_arm64/build/venv/lib/python3.9/site-packages/pip/_internal/resolution/resolvelib/factory.py", line 491, in collect_root_requirements
2022-12-27T11:19:39.8696700Z     req = self._make_requirement_from_install_req(
2022-12-27T11:19:39.8697620Z   File "/private/var/folders/51/hd414ycd67n82196sw51xqtc0000gn/T/cibw-run-us4hc_ii/cp39-macosx_arm64/build/venv/lib/python3.9/site-packages/pip/_internal/resolution/resolvelib/factory.py", line 453, in _make_requirement_from_install_req
2022-12-27T11:19:39.8698130Z     cand = self._make_candidate_from_link(
2022-12-27T11:19:39.8698840Z   File "/private/var/folders/51/hd414ycd67n82196sw51xqtc0000gn/T/cibw-run-us4hc_ii/cp39-macosx_arm64/build/venv/lib/python3.9/site-packages/pip/_internal/resolution/resolvelib/factory.py", line 206, in _make_candidate_from_link
2022-12-27T11:19:39.8699380Z     self._link_candidate_cache[link] = LinkCandidate(
2022-12-27T11:19:39.8700010Z   File "/private/var/folders/51/hd414ycd67n82196sw51xqtc0000gn/T/cibw-run-us4hc_ii/cp39-macosx_arm64/build/venv/lib/python3.9/site-packages/pip/_internal/resolution/resolvelib/candidates.py", line 297, in __init__
2022-12-27T11:19:39.8700430Z     super().__init__(
2022-12-27T11:19:39.8700900Z   File "/private/var/folders/51/hd414ycd67n82196sw51xqtc0000gn/T/cibw-run-us4hc_ii/cp39-macosx_arm64/build/venv/lib/python3.9/site-packages/pip/_internal/resolution/resolvelib/candidates.py", line 162, in __init__
2022-12-27T11:19:39.8701270Z     self.dist = self._prepare()
2022-12-27T11:19:39.8701710Z   File "/private/var/folders/51/hd414ycd67n82196sw51xqtc0000gn/T/cibw-run-us4hc_ii/cp39-macosx_arm64/build/venv/lib/python3.9/site-packages/pip/_internal/resolution/resolvelib/candidates.py", line 231, in _prepare
2022-12-27T11:19:39.8701980Z     dist = self._prepare_distribution()
2022-12-27T11:19:39.8702690Z   File "/private/var/folders/51/hd414ycd67n82196sw51xqtc0000gn/T/cibw-run-us4hc_ii/cp39-macosx_arm64/build/venv/lib/python3.9/site-packages/pip/_internal/resolution/resolvelib/candidates.py", line 308, in _prepare_distribution
2022-12-27T11:19:39.8703060Z     return preparer.prepare_linked_requirement(self._ireq, parallel_builds=True)
2022-12-27T11:19:39.8703620Z   File "/private/var/folders/51/hd414ycd67n82196sw51xqtc0000gn/T/cibw-run-us4hc_ii/cp39-macosx_arm64/build/venv/lib/python3.9/site-packages/pip/_internal/operations/prepare.py", line 491, in prepare_linked_requirement
2022-12-27T11:19:39.8703960Z     return self._prepare_linked_requirement(req, parallel_builds)
2022-12-27T11:19:39.8704430Z   File "/private/var/folders/51/hd414ycd67n82196sw51xqtc0000gn/T/cibw-run-us4hc_ii/cp39-macosx_arm64/build/venv/lib/python3.9/site-packages/pip/_internal/operations/prepare.py", line 577, in _prepare_linked_requirement
2022-12-27T11:19:39.8704840Z     dist = _get_prepared_distribution(
2022-12-27T11:19:39.8705390Z   File "/private/var/folders/51/hd414ycd67n82196sw51xqtc0000gn/T/cibw-run-us4hc_ii/cp39-macosx_arm64/build/venv/lib/python3.9/site-packages/pip/_internal/operations/prepare.py", line 69, in _get_prepared_distribution
2022-12-27T11:19:39.8705720Z     abstract_dist.prepare_distribution_metadata(
2022-12-27T11:19:39.8706180Z   File "/private/var/folders/51/hd414ycd67n82196sw51xqtc0000gn/T/cibw-run-us4hc_ii/cp39-macosx_arm64/build/venv/lib/python3.9/site-packages/pip/_internal/distributions/sdist.py", line 61, in prepare_distribution_metadata
2022-12-27T11:19:39.8706480Z     self.req.prepare_metadata()
2022-12-27T11:19:39.8707110Z   File "/private/var/folders/51/hd414ycd67n82196sw51xqtc0000gn/T/cibw-run-us4hc_ii/cp39-macosx_arm64/build/venv/lib/python3.9/site-packages/pip/_internal/req/req_install.py", line 541, in prepare_metadata
2022-12-27T11:19:39.8707420Z     self.metadata_directory = generate_metadata_legacy(
2022-12-27T11:19:39.8708070Z   File "/private/var/folders/51/hd414ycd67n82196sw51xqtc0000gn/T/cibw-run-us4hc_ii/cp39-macosx_arm64/build/venv/lib/python3.9/site-packages/pip/_internal/operations/build/metadata_legacy.py", line 71, in generate_metadata
2022-12-27T11:19:39.8708440Z     raise MetadataGenerationFailed(package_details=details) from error
2022-12-27T11:19:39.8708730Z pip._internal.exceptions.MetadataGenerationFailed: metadata generation failed
2022-12-27T11:19:39.8709270Z Removed file:///Users/runner/actions-runner/_work/python.build/python.build/build_lxml10339/lxml-1.0.3 from build tracker '/private/var/folders/51/hd414ycd67n82196sw51xqtc0000gn/T/pip-build-tracker-64lgx_9g'
2022-12-27T11:19:39.8709700Z Removed build tracker: '/private/var/folders/51/hd414ycd67n82196sw51xqtc0000gn/T/pip-build-tracker-64lgx_9g'
2022-12-27T11:19:39.9098780Z ##[endgroup]
2022-12-27T11:19:39.9191160Z ##[error]Command ['python', '-m', 'pip', 'wheel', '/Users/runner/actions-runner/_work/python.build/python.build/build_lxml10339/lxml-1.0.3', '--wheel-dir=/private/var/folders/51/hd414ycd67n82196sw51xqtc0000gn/T/cibw-run-us4hc_ii/cp39-macosx_arm64/built_wheel', '--no-deps', '-vvv'] failed with code 1. None
2022-12-27T11:19:39.9197280Z 
2022-12-27T11:19:39.9197580Z                                                               [31mâœ• [0m0.52s
2022-12-27T11:19:39.9543260Z ##[error]Process completed with exit code 1.
2022-12-27T11:19:39.9575180Z ##[group]Run rm -rf build_lxml10339 wheelsout
2022-12-27T11:19:39.9575500Z [36;1mrm -rf build_lxml10339 wheelsout[0m
2022-12-27T11:19:39.9589880Z shell: /bin/bash -e {0}
2022-12-27T11:19:39.9590050Z env:
2022-12-27T11:19:39.9590320Z   pythonLocation: /Users/runner/hostedtoolcache/Python/3.9.16/x64
2022-12-27T11:19:39.9590540Z   PKG_CONFIG_PATH: /Users/runner/hostedtoolcache/Python/3.9.16/x64/lib/pkgconfig
2022-12-27T11:19:39.9590790Z   Python_ROOT_DIR: /Users/runner/hostedtoolcache/Python/3.9.16/x64
2022-12-27T11:19:39.9591020Z   Python2_ROOT_DIR: /Users/runner/hostedtoolcache/Python/3.9.16/x64
2022-12-27T11:19:39.9591250Z   Python3_ROOT_DIR: /Users/runner/hostedtoolcache/Python/3.9.16/x64
2022-12-27T11:19:39.9591600Z ##[endgroup]
2022-12-27T11:19:39.9843530Z Cleaning up orphan processes
