2022-12-27T08:51:22.3980911Z Requested labels: self-hosted, macOS, X64
2022-12-27T08:51:22.3980989Z Job defined at: kilnbuild/python.build/.github/workflows/mac_arm_build.yml@refs/heads/main
2022-12-27T08:51:22.3981013Z Waiting for a runner to pick up this job...
2022-12-27T11:21:59.6347740Z Job is about to start running on the runner: k1 (organization)
2022-12-27T11:22:02.4603060Z Current runner version: '2.300.2'
2022-12-27T11:22:02.4607900Z Runner name: 'k1'
2022-12-27T11:22:02.4608130Z Runner group name: 'Default'
2022-12-27T11:22:02.4608510Z Machine name: 'k1'
2022-12-27T11:22:02.4609920Z ##[group]GITHUB_TOKEN Permissions
2022-12-27T11:22:02.4610340Z Actions: write
2022-12-27T11:22:02.4610470Z Checks: write
2022-12-27T11:22:02.4610600Z Contents: write
2022-12-27T11:22:02.4610730Z Deployments: write
2022-12-27T11:22:02.4610870Z Discussions: write
2022-12-27T11:22:02.4611000Z Issues: write
2022-12-27T11:22:02.4611120Z Metadata: read
2022-12-27T11:22:02.4611250Z Packages: write
2022-12-27T11:22:02.4611380Z Pages: write
2022-12-27T11:22:02.4611510Z PullRequests: write
2022-12-27T11:22:02.4611660Z RepositoryProjects: write
2022-12-27T11:22:02.4611820Z SecurityEvents: write
2022-12-27T11:22:02.4611960Z Statuses: write
2022-12-27T11:22:02.4612090Z ##[endgroup]
2022-12-27T11:22:02.4614410Z Secret source: Actions
2022-12-27T11:22:02.4614700Z Prepare workflow directory
2022-12-27T11:22:02.5238580Z Prepare all required actions
2022-12-27T11:22:02.5370950Z Getting action download info
2022-12-27T11:22:02.9879390Z Download action repository 'actions/setup-python@v4' (SHA:5ccb29d8773c3f3f653e1705f474dfaa8a06a912)
2022-12-27T11:22:04.7552390Z Download action repository 'actions/upload-artifact@v3' (SHA:83fd05a356d7e2593de66fc9913b3002723633cb)
2022-12-27T11:22:06.0543910Z ##[group]Run echo '{
2022-12-27T11:22:06.0544140Z [36;1mecho '{[0m
2022-12-27T11:22:06.0544260Z [36;1m  "package_name": "lxml",[0m
2022-12-27T11:22:06.0544500Z [36;1m  "package_url": "https://files.pythonhosted.org/packages/6b/f2/2e7ca1524eba2ef38cd0d9915a83e1a1086b4ab92d2e586d539efe54bca5/lxml-1.3.2.tar.gz",[0m
2022-12-27T11:22:06.0544720Z [36;1m  "package_version": "1.3.2",[0m
2022-12-27T11:22:06.0544840Z [36;1m  "python_version": "3.9",[0m
2022-12-27T11:22:06.0545010Z [36;1m  "use_ccache": "true"[0m
2022-12-27T11:22:06.0545150Z [36;1m}'[0m
2022-12-27T11:22:06.0560430Z shell: /bin/bash -e {0}
2022-12-27T11:22:06.0560610Z ##[endgroup]
2022-12-27T11:22:06.0768890Z {
2022-12-27T11:22:06.0770150Z   "package_name": "lxml",
2022-12-27T11:22:06.0770760Z   "package_url": "https://files.pythonhosted.org/packages/6b/f2/2e7ca1524eba2ef38cd0d9915a83e1a1086b4ab92d2e586d539efe54bca5/lxml-1.3.2.tar.gz",
2022-12-27T11:22:06.0771060Z   "package_version": "1.3.2",
2022-12-27T11:22:06.0771350Z   "python_version": "3.9",
2022-12-27T11:22:06.0771520Z   "use_ccache": "true"
2022-12-27T11:22:06.0771690Z }
2022-12-27T11:22:06.0970560Z ##[group]Run actions/setup-python@v4
2022-12-27T11:22:06.0970800Z with:
2022-12-27T11:22:06.0971000Z   python-version: 3.9
2022-12-27T11:22:06.0971180Z   check-latest: false
2022-12-27T11:22:06.0971450Z   token: ***
2022-12-27T11:22:06.0971630Z   update-environment: true
2022-12-27T11:22:06.0971770Z ##[endgroup]
2022-12-27T11:22:06.2192870Z ##[group]Installed versions
2022-12-27T11:22:06.2292920Z Successfully set up CPython (3.9.16)
2022-12-27T11:22:06.2293720Z ##[endgroup]
2022-12-27T11:22:06.2435120Z ##[group]Run if [ "true" == "true" ]
2022-12-27T11:22:06.2435530Z [36;1mif [ "true" == "true" ][0m
2022-12-27T11:22:06.2435720Z [36;1mthen[0m
2022-12-27T11:22:06.2435950Z [36;1m  echo "CCACHE_PATH_PREPEND=/usr/local/opt/ccache/libexec" >> $GITHUB_OUTPUT[0m
2022-12-27T11:22:06.2436130Z [36;1melse[0m
2022-12-27T11:22:06.2436320Z [36;1m  echo "CCACHE_PATH_PREPEND=" >> $GITHUB_OUTPUT[0m
2022-12-27T11:22:06.2436830Z [36;1mfi[0m
2022-12-27T11:22:06.2453170Z shell: /bin/bash -e {0}
2022-12-27T11:22:06.2453350Z env:
2022-12-27T11:22:06.2453660Z   pythonLocation: /Users/runner/hostedtoolcache/Python/3.9.16/x64
2022-12-27T11:22:06.2453930Z   PKG_CONFIG_PATH: /Users/runner/hostedtoolcache/Python/3.9.16/x64/lib/pkgconfig
2022-12-27T11:22:06.2454150Z   Python_ROOT_DIR: /Users/runner/hostedtoolcache/Python/3.9.16/x64
2022-12-27T11:22:06.2454400Z   Python2_ROOT_DIR: /Users/runner/hostedtoolcache/Python/3.9.16/x64
2022-12-27T11:22:06.2454740Z   Python3_ROOT_DIR: /Users/runner/hostedtoolcache/Python/3.9.16/x64
2022-12-27T11:22:06.2455220Z ##[endgroup]
2022-12-27T11:22:06.2566480Z ##[group]Run echo "BUILD_NAME=$(echo lxml_1.3.2_3.9 | tr -dc '[:alnum:]\n\r' | tr '[:upper:]' '[:lower:]')" >> $GITHUB_OUTPUT
2022-12-27T11:22:06.2566950Z [36;1mecho "BUILD_NAME=$(echo lxml_1.3.2_3.9 | tr -dc '[:alnum:]\n\r' | tr '[:upper:]' '[:lower:]')" >> $GITHUB_OUTPUT[0m
2022-12-27T11:22:06.2581230Z shell: /bin/bash -e {0}
2022-12-27T11:22:06.2581490Z env:
2022-12-27T11:22:06.2581670Z   pythonLocation: /Users/runner/hostedtoolcache/Python/3.9.16/x64
2022-12-27T11:22:06.2581920Z   PKG_CONFIG_PATH: /Users/runner/hostedtoolcache/Python/3.9.16/x64/lib/pkgconfig
2022-12-27T11:22:06.2582170Z   Python_ROOT_DIR: /Users/runner/hostedtoolcache/Python/3.9.16/x64
2022-12-27T11:22:06.2582400Z   Python2_ROOT_DIR: /Users/runner/hostedtoolcache/Python/3.9.16/x64
2022-12-27T11:22:06.2582650Z   Python3_ROOT_DIR: /Users/runner/hostedtoolcache/Python/3.9.16/x64
2022-12-27T11:22:06.2582830Z ##[endgroup]
2022-12-27T11:22:06.2737410Z ##[group]Run echo "PYTHON_NO_DOTS=$(echo 3.9 | tr -dc '[:alnum:]\n\r' | tr '[:upper:]' '[:lower:]')" >> $GITHUB_OUTPUT
2022-12-27T11:22:06.2737830Z [36;1mecho "PYTHON_NO_DOTS=$(echo 3.9 | tr -dc '[:alnum:]\n\r' | tr '[:upper:]' '[:lower:]')" >> $GITHUB_OUTPUT[0m
2022-12-27T11:22:06.2751020Z shell: /bin/bash -e {0}
2022-12-27T11:22:06.2751170Z env:
2022-12-27T11:22:06.2751420Z   pythonLocation: /Users/runner/hostedtoolcache/Python/3.9.16/x64
2022-12-27T11:22:06.2751660Z   PKG_CONFIG_PATH: /Users/runner/hostedtoolcache/Python/3.9.16/x64/lib/pkgconfig
2022-12-27T11:22:06.2751870Z   Python_ROOT_DIR: /Users/runner/hostedtoolcache/Python/3.9.16/x64
2022-12-27T11:22:06.2752090Z   Python2_ROOT_DIR: /Users/runner/hostedtoolcache/Python/3.9.16/x64
2022-12-27T11:22:06.2752350Z   Python3_ROOT_DIR: /Users/runner/hostedtoolcache/Python/3.9.16/x64
2022-12-27T11:22:06.2752510Z ##[endgroup]
2022-12-27T11:22:06.2871190Z ##[group]Run rm -rf build_lxml13239
2022-12-27T11:22:06.2871480Z [36;1mrm -rf build_lxml13239[0m
2022-12-27T11:22:06.2871630Z [36;1mmkdir build_lxml13239[0m
2022-12-27T11:22:06.2871870Z [36;1mcd build_lxml13239[0m
2022-12-27T11:22:06.2872150Z [36;1m/usr/local/bin/wget --quiet https://files.pythonhosted.org/packages/6b/f2/2e7ca1524eba2ef38cd0d9915a83e1a1086b4ab92d2e586d539efe54bca5/lxml-1.3.2.tar.gz[0m
2022-12-27T11:22:06.2872420Z [36;1mtar xf *.tar.gz[0m
2022-12-27T11:22:06.2872550Z [36;1mcd *[0m
2022-12-27T11:22:06.2872780Z [36;1mpython -m pip install cibuildwheel==2.11.3[0m
2022-12-27T11:22:06.2872990Z [36;1mpython -m cibuildwheel --output-dir ../wheelsout[0m
2022-12-27T11:22:06.2886000Z shell: /bin/bash -e {0}
2022-12-27T11:22:06.2886180Z env:
2022-12-27T11:22:06.2886430Z   pythonLocation: /Users/runner/hostedtoolcache/Python/3.9.16/x64
2022-12-27T11:22:06.2886640Z   PKG_CONFIG_PATH: /Users/runner/hostedtoolcache/Python/3.9.16/x64/lib/pkgconfig
2022-12-27T11:22:06.2886930Z   Python_ROOT_DIR: /Users/runner/hostedtoolcache/Python/3.9.16/x64
2022-12-27T11:22:06.2887130Z   Python2_ROOT_DIR: /Users/runner/hostedtoolcache/Python/3.9.16/x64
2022-12-27T11:22:06.2887390Z   Python3_ROOT_DIR: /Users/runner/hostedtoolcache/Python/3.9.16/x64
2022-12-27T11:22:06.2887580Z   CIBW_ARCHS_MACOS: arm64
2022-12-27T11:22:06.2887720Z   CIBW_TEST_SKIP: *_arm64
2022-12-27T11:22:06.2887900Z   CIBW_BUILD: cp39-macosx_arm64
2022-12-27T11:22:06.2888070Z   CIBW_BUILD_FRONTEND: pip
2022-12-27T11:22:06.2888230Z   CIBW_BUILD_VERBOSITY: 3
2022-12-27T11:22:06.2888530Z   CIBW_ENVIRONMENT_MACOS:  CFLAGS="-I/usr/local/opt/openssl@3/include" LDFLAGS="-L/usr/local/opt/openssl@3/lib" CPPFLAGS="-I/usr/local/opt/openssl@3/include" MAKEFLAGS="-j$(sysctl -n hw.logicalcpu)" PATH=/usr/local/opt/ccache/libexec:$PATH
2022-12-27T11:22:06.2888870Z   CIBW_BEFORE_BUILD: pip install Cython; if [[ -f requirements.txt ]]; then pip install -r requirements.txt; fi
2022-12-27T11:22:06.2889110Z   MAKEFLAGS: -j$(sysctl -n hw.logicalcpu)
2022-12-27T11:22:06.2889250Z ##[endgroup]
2022-12-27T11:22:06.6430220Z Requirement already satisfied: cibuildwheel==2.11.3 in /Users/runner/hostedtoolcache/Python/3.9.16/x64/lib/python3.9/site-packages (2.11.3)
2022-12-27T11:22:06.6667130Z Requirement already satisfied: platformdirs in /Users/runner/hostedtoolcache/Python/3.9.16/x64/lib/python3.9/site-packages (from cibuildwheel==2.11.3) (2.6.0)
2022-12-27T11:22:06.6672480Z Requirement already satisfied: tomli in /Users/runner/hostedtoolcache/Python/3.9.16/x64/lib/python3.9/site-packages (from cibuildwheel==2.11.3) (2.0.1)
2022-12-27T11:22:06.6677280Z Requirement already satisfied: packaging>=20.9 in /Users/runner/hostedtoolcache/Python/3.9.16/x64/lib/python3.9/site-packages (from cibuildwheel==2.11.3) (22.0)
2022-12-27T11:22:06.6681350Z Requirement already satisfied: filelock in /Users/runner/hostedtoolcache/Python/3.9.16/x64/lib/python3.9/site-packages (from cibuildwheel==2.11.3) (3.8.2)
2022-12-27T11:22:06.6686950Z Requirement already satisfied: bashlex!=0.13 in /Users/runner/hostedtoolcache/Python/3.9.16/x64/lib/python3.9/site-packages (from cibuildwheel==2.11.3) (0.16)
2022-12-27T11:22:06.6694400Z Requirement already satisfied: typing-extensions>=4.1.0 in /Users/runner/hostedtoolcache/Python/3.9.16/x64/lib/python3.9/site-packages (from cibuildwheel==2.11.3) (4.4.0)
2022-12-27T11:22:06.6697470Z Requirement already satisfied: certifi in /Users/runner/hostedtoolcache/Python/3.9.16/x64/lib/python3.9/site-packages (from cibuildwheel==2.11.3) (2022.12.7)
2022-12-27T11:22:06.6700700Z Requirement already satisfied: bracex in /Users/runner/hostedtoolcache/Python/3.9.16/x64/lib/python3.9/site-packages (from cibuildwheel==2.11.3) (2.3.post1)
2022-12-27T11:22:06.8386710Z 
2022-12-27T11:22:06.8387290Z      _ _       _ _   _       _           _
2022-12-27T11:22:06.8387880Z  ___|_| |_ _ _|_| |_| |_ _ _| |_ ___ ___| |
2022-12-27T11:22:06.8388390Z |  _| | . | | | | | . | | | |   | -_| -_| |
2022-12-27T11:22:06.8388800Z |___|_|___|___|_|_|___|_____|_|_|___|___|_|
2022-12-27T11:22:06.8389580Z 
2022-12-27T11:22:06.8389750Z cibuildwheel version 2.11.3
2022-12-27T11:22:06.8389920Z 
2022-12-27T11:22:06.8390030Z Build options:
2022-12-27T11:22:06.8390280Z   platform: macos
2022-12-27T11:22:06.8421540Z   architectures: arm64[0m
2022-12-27T11:22:06.8422140Z   build_selector: 
2022-12-27T11:22:06.8422590Z     build_config: cp39-macosx_arm64
2022-12-27T11:22:06.8423040Z     skip_config: 
2022-12-27T11:22:06.8423430Z     requires_python: None
2022-12-27T11:22:06.8424150Z     prerelease_pythons: False[0m
2022-12-27T11:22:06.8424550Z   [38;5;244mcontainer_engine: docker[0m
2022-12-27T11:22:06.8424950Z   output_dir: /Users/runner/actions-runner/_work/python.build/python.build/build_lxml13239/wheelsout[0m
2022-12-27T11:22:06.8425520Z   package_dir: /Users/runner/actions-runner/_work/python.build/python.build/build_lxml13239/lxml-1.3.2[0m
2022-12-27T11:22:06.8425890Z   test_selector: 
2022-12-27T11:22:06.8426140Z     skip_config: *_arm64[0m
2022-12-27T11:22:06.8426430Z   [38;5;244mbefore_all: [0m
2022-12-27T11:22:06.8426880Z   before_build: pip install Cython; if [[ -f requirements.txt ]]; then pip install -r requirements.txt; fi[0m
2022-12-27T11:22:06.8427210Z   [38;5;244mbefore_test: [0m
2022-12-27T11:22:06.8427550Z   [38;5;244mbuild_frontend: pip[0m
2022-12-27T11:22:06.8427840Z   build_verbosity: 3[0m
2022-12-27T11:22:06.8428090Z   [38;5;244mconfig_settings: [0m
2022-12-27T11:22:06.8428410Z   [38;5;244mdependency_constraints: pinned[0m
2022-12-27T11:22:06.8428660Z   environment: 
2022-12-27T11:22:06.8429010Z     CFLAGS="-I/usr/local/opt/openssl@3/include"
2022-12-27T11:22:06.8429310Z     LDFLAGS="-L/usr/local/opt/openssl@3/lib"
2022-12-27T11:22:06.8429650Z     CPPFLAGS="-I/usr/local/opt/openssl@3/include"
2022-12-27T11:22:06.8429970Z     MAKEFLAGS="-j$(sysctl -n hw.logicalcpu)"
2022-12-27T11:22:06.8430300Z     PATH=/usr/local/opt/ccache/libexec:$PATH[0m
2022-12-27T11:22:06.8430670Z   [38;5;244mmanylinux_images: None[0m
2022-12-27T11:22:06.8430980Z   [38;5;244mmusllinux_images: None[0m
2022-12-27T11:22:06.8431360Z   [38;5;244mrepair_command: delocate-wheel --require-archs {delocate_archs} -w {dest_dir} -v {wheel}[0m
2022-12-27T11:22:06.8432130Z   [38;5;244mtest_command: [0m
2022-12-27T11:22:06.8432460Z   [38;5;244mtest_extras: [0m
2022-12-27T11:22:06.8432710Z   [38;5;244mtest_requires: [0m
2022-12-27T11:22:06.8432850Z 
2022-12-27T11:22:06.8433010Z Cache folder: /Users/runner/Library/Caches/cibuildwheel
2022-12-27T11:22:06.8439610Z 
2022-12-27T11:22:06.8439750Z Here we go!
2022-12-27T11:22:06.8439890Z 
2022-12-27T11:22:06.8557030Z 
2022-12-27T11:22:06.8557440Z [1m[34mBuilding cp39-macosx_arm64 wheel[0m
2022-12-27T11:22:06.8558030Z CPython 3.9 macOS arm64 - Apple Silicon
2022-12-27T11:22:06.8558220Z 
2022-12-27T11:22:06.8560570Z ##[group]Installing Python cp39...
2022-12-27T11:22:06.8560780Z 
2022-12-27T11:22:06.8561020Z + pkgutil --pkgs
2022-12-27T11:22:06.8665260Z ##[endgroup]
2022-12-27T11:22:06.8666460Z                                                               [32m✓ [0m0.01s
2022-12-27T11:22:06.8667000Z ##[group]Setting up build environment...
2022-12-27T11:22:06.8667180Z 
2022-12-27T11:22:06.8686070Z + /Users/runner/hostedtoolcache/Python/3.9.16/x64/bin/python -sS /Users/runner/Library/Caches/cibuildwheel/virtualenv-20.17.0.pyz --activators= --no-periodic-update --pip=22.3.1 --setuptools=65.6.3 --wheel=0.38.4 --symlink-app-data --python /Library/Frameworks/Python.framework/Versions/3.9/bin/python3 /private/var/folders/51/hd414ycd67n82196sw51xqtc0000gn/T/cibw-run-tunjycqy/cp39-macosx_arm64/build/venv
2022-12-27T11:22:07.0535200Z created virtual environment CPython3.9.13.final.0-64 in 49ms
2022-12-27T11:22:07.0535950Z   creator CPython3Posix(dest=/private/var/folders/51/hd414ycd67n82196sw51xqtc0000gn/T/cibw-run-tunjycqy/cp39-macosx_arm64/build/venv, clear=False, no_vcs_ignore=False, global=False)
2022-12-27T11:22:07.0536930Z   seeder FromAppData(download=False, pip=22.3.1, setuptools=65.6.3, wheel=0.38.4, via=symlink, app_data_dir=/Users/runner/Library/Application Support/virtualenv)
2022-12-27T11:22:07.0537500Z     added seed packages: pip==22.3.1, setuptools==65.6.3, wheel==0.38.4
2022-12-27T11:22:07.0667220Z + python -m pip install --upgrade pip -c /Users/runner/hostedtoolcache/Python/3.9.16/x64/lib/python3.9/site-packages/cibuildwheel/resources/constraints-python39.txt
2022-12-27T11:22:07.3700020Z Requirement already satisfied: pip in ./lib/python3.9/site-packages (22.3.1)
2022-12-27T11:22:07.5131740Z + which pip
2022-12-27T11:22:07.5153390Z /private/var/folders/51/hd414ycd67n82196sw51xqtc0000gn/T/cibw-run-tunjycqy/cp39-macosx_arm64/build/venv/bin/pip
2022-12-27T11:22:07.5155350Z + pip --version
2022-12-27T11:22:07.7332890Z pip 22.3.1 from /private/var/folders/51/hd414ycd67n82196sw51xqtc0000gn/T/cibw-run-tunjycqy/cp39-macosx_arm64/build/venv/lib/python3.9/site-packages/pip (python 3.9)
2022-12-27T11:22:07.7567570Z + which pip
2022-12-27T11:22:07.7595780Z + which python
2022-12-27T11:22:07.7617950Z /private/var/folders/51/hd414ycd67n82196sw51xqtc0000gn/T/cibw-run-tunjycqy/cp39-macosx_arm64/build/venv/bin/python
2022-12-27T11:22:07.7619550Z + python --version
2022-12-27T11:22:07.7669770Z Python 3.9.13
2022-12-27T11:22:07.7674250Z + which python
2022-12-27T11:22:07.7743600Z ##[endgroup]
2022-12-27T11:22:07.7744230Z                                                               [32m✓ [0m0.91s
2022-12-27T11:22:07.7744890Z ##[group]Installing build tools...
2022-12-27T11:22:07.7745050Z 
2022-12-27T11:22:07.7745720Z + pip install --upgrade setuptools wheel delocate -c /Users/runner/hostedtoolcache/Python/3.9.16/x64/lib/python3.9/site-packages/cibuildwheel/resources/constraints-python39.txt
2022-12-27T11:22:08.0748500Z Requirement already satisfied: setuptools in /private/var/folders/51/hd414ycd67n82196sw51xqtc0000gn/T/cibw-run-tunjycqy/cp39-macosx_arm64/build/venv/lib/python3.9/site-packages (65.6.3)
2022-12-27T11:22:08.2955530Z Requirement already satisfied: wheel in /private/var/folders/51/hd414ycd67n82196sw51xqtc0000gn/T/cibw-run-tunjycqy/cp39-macosx_arm64/build/venv/lib/python3.9/site-packages (0.38.4)
2022-12-27T11:22:08.3450470Z Collecting delocate
2022-12-27T11:22:08.3476870Z   Using cached delocate-0.10.3-py3-none-any.whl (142 kB)
2022-12-27T11:22:08.3823150Z Collecting packaging>=20.9
2022-12-27T11:22:08.3853600Z   Using cached packaging-21.3-py3-none-any.whl (40 kB)
2022-12-27T11:22:08.4040850Z Collecting typing-extensions
2022-12-27T11:22:08.4062690Z   Using cached typing_extensions-4.4.0-py3-none-any.whl (26 kB)
2022-12-27T11:22:08.4459850Z Collecting pyparsing!=3.0.5,>=2.0.2
2022-12-27T11:22:08.4482930Z   Using cached pyparsing-3.0.9-py3-none-any.whl (98 kB)
2022-12-27T11:22:08.4856210Z Installing collected packages: typing-extensions, pyparsing, packaging, delocate
2022-12-27T11:22:08.6296060Z Successfully installed delocate-0.10.3 packaging-21.3 pyparsing-3.0.9 typing-extensions-4.4.0
2022-12-27T11:22:08.6727530Z ##[endgroup]
2022-12-27T11:22:08.6728280Z                                                               [32m✓ [0m0.90s
2022-12-27T11:22:08.6728870Z ##[group]Running before_build...
2022-12-27T11:22:08.6729020Z 
2022-12-27T11:22:08.6734130Z + pip install Cython; if [[ -f requirements.txt ]]; then pip install -r requirements.txt; fi
2022-12-27T11:22:09.3902030Z Collecting Cython
2022-12-27T11:22:09.3949400Z   Using cached Cython-0.29.32-py2.py3-none-any.whl (986 kB)
2022-12-27T11:22:09.4434860Z Installing collected packages: Cython
2022-12-27T11:22:09.9114080Z Successfully installed Cython-0.29.32
2022-12-27T11:22:09.9564890Z ##[endgroup]
2022-12-27T11:22:09.9565750Z                                                               [32m✓ [0m1.28s
2022-12-27T11:22:09.9566490Z ##[group]Building wheel...
2022-12-27T11:22:09.9566660Z 
2022-12-27T11:22:09.9571060Z + python -m pip wheel /Users/runner/actions-runner/_work/python.build/python.build/build_lxml13239/lxml-1.3.2 --wheel-dir=/private/var/folders/51/hd414ycd67n82196sw51xqtc0000gn/T/cibw-run-tunjycqy/cp39-macosx_arm64/built_wheel --no-deps -vvv
2022-12-27T11:22:10.2347480Z Created temporary directory: /private/var/folders/51/hd414ycd67n82196sw51xqtc0000gn/T/pip-ephem-wheel-cache-5l77wp_1
2022-12-27T11:22:10.2353160Z Created temporary directory: /private/var/folders/51/hd414ycd67n82196sw51xqtc0000gn/T/pip-build-tracker-xqw08vqn
2022-12-27T11:22:10.2354890Z Initialized build tracking at /private/var/folders/51/hd414ycd67n82196sw51xqtc0000gn/T/pip-build-tracker-xqw08vqn
2022-12-27T11:22:10.2356490Z Created build tracker: /private/var/folders/51/hd414ycd67n82196sw51xqtc0000gn/T/pip-build-tracker-xqw08vqn
2022-12-27T11:22:10.2358220Z Entered build tracker: /private/var/folders/51/hd414ycd67n82196sw51xqtc0000gn/T/pip-build-tracker-xqw08vqn
2022-12-27T11:22:10.2361490Z Created temporary directory: /private/var/folders/51/hd414ycd67n82196sw51xqtc0000gn/T/pip-wheel-w6vx3i52
2022-12-27T11:22:10.2367770Z Created temporary directory: /private/var/folders/51/hd414ycd67n82196sw51xqtc0000gn/T/pip-ephem-wheel-cache-d7i23qwd
2022-12-27T11:22:10.2528710Z Processing /Users/runner/actions-runner/_work/python.build/python.build/build_lxml13239/lxml-1.3.2
2022-12-27T11:22:10.2533590Z   Added file:///Users/runner/actions-runner/_work/python.build/python.build/build_lxml13239/lxml-1.3.2 to build tracker '/private/var/folders/51/hd414ycd67n82196sw51xqtc0000gn/T/pip-build-tracker-xqw08vqn'
2022-12-27T11:22:10.2537160Z   Running setup.py (path:/Users/runner/actions-runner/_work/python.build/python.build/build_lxml13239/lxml-1.3.2/setup.py) egg_info for package from file:///Users/runner/actions-runner/_work/python.build/python.build/build_lxml13239/lxml-1.3.2
2022-12-27T11:22:10.2540440Z   Created temporary directory: /private/var/folders/51/hd414ycd67n82196sw51xqtc0000gn/T/pip-pip-egg-info-7ti3hyhw
2022-12-27T11:22:10.2541940Z   Preparing metadata (setup.py): started
2022-12-27T11:22:10.2543910Z   Running command python setup.py egg_info
2022-12-27T11:22:10.4067790Z   Traceback (most recent call last):
2022-12-27T11:22:10.4076590Z     File "<string>", line 2, in <module>
2022-12-27T11:22:10.4077300Z     File "<pip-setuptools-caller>", line 34, in <module>
2022-12-27T11:22:10.4077910Z     File "/Users/runner/actions-runner/_work/python.build/python.build/build_lxml13239/lxml-1.3.2/setup.py", line 7
2022-12-27T11:22:10.4078790Z       except pkg_resources.VersionConflict, e:
2022-12-27T11:22:10.4079100Z                                           ^
2022-12-27T11:22:10.4079430Z   SyntaxError: invalid syntax
2022-12-27T11:22:10.4238430Z   error: subprocess-exited-with-error
2022-12-27T11:22:10.4238810Z   
2022-12-27T11:22:10.4239320Z   × python setup.py egg_info did not run successfully.
2022-12-27T11:22:10.4239700Z   │ exit code: 1
2022-12-27T11:22:10.4240160Z   ╰─> See above for output.
2022-12-27T11:22:10.4240390Z   
2022-12-27T11:22:10.4240630Z   note: This error originates from a subprocess, and is likely not a problem with pip.
2022-12-27T11:22:10.4248220Z   full command: /private/var/folders/51/hd414ycd67n82196sw51xqtc0000gn/T/cibw-run-tunjycqy/cp39-macosx_arm64/build/venv/bin/python -c '
2022-12-27T11:22:10.4249640Z   exec(compile('"'"''"'"''"'"'
2022-12-27T11:22:10.4250590Z   # This is <pip-setuptools-caller> -- a caller that pip uses to run setup.py
2022-12-27T11:22:10.4251160Z   #
2022-12-27T11:22:10.4252450Z   # - It imports setuptools before invoking setup.py, to enable projects that directly
2022-12-27T11:22:10.4252950Z   #   import from `distutils.core` to work with newer packaging standards.
2022-12-27T11:22:10.4253400Z   # - It provides a clear error message when setuptools is not installed.
2022-12-27T11:22:10.4254950Z   # - It sets `sys.argv[0]` to the underlying `setup.py`, when invoking `setup.py` so
2022-12-27T11:22:10.4256000Z   #   setuptools doesn'"'"'t think the script is `-c`. This avoids the following warning:
2022-12-27T11:22:10.4256480Z   #     manifest_maker: standard file '"'"'-c'"'"' not found".
2022-12-27T11:22:10.4256960Z   # - It generates a shim setup.py, for handling setup.cfg-only projects.
2022-12-27T11:22:10.4257210Z   import os, sys, tokenize
2022-12-27T11:22:10.4257470Z   
2022-12-27T11:22:10.4258020Z   try:
2022-12-27T11:22:10.4258440Z       import setuptools
2022-12-27T11:22:10.4258730Z   except ImportError as error:
2022-12-27T11:22:10.4258950Z       print(
2022-12-27T11:22:10.4259270Z           "ERROR: Can not execute `setup.py` since setuptools is not available in "
2022-12-27T11:22:10.4259730Z           "the build environment.",
2022-12-27T11:22:10.4260000Z           file=sys.stderr,
2022-12-27T11:22:10.4260200Z       )
2022-12-27T11:22:10.4260570Z       sys.exit(1)
2022-12-27T11:22:10.4260840Z   
2022-12-27T11:22:10.4261040Z   __file__ = %r
2022-12-27T11:22:10.4261310Z   sys.argv[0] = __file__
2022-12-27T11:22:10.4261620Z   
2022-12-27T11:22:10.4261820Z   if os.path.exists(__file__):
2022-12-27T11:22:10.4262100Z       filename = __file__
2022-12-27T11:22:10.4262300Z       with tokenize.open(__file__) as f:
2022-12-27T11:22:10.4262540Z           setup_py_code = f.read()
2022-12-27T11:22:10.4262710Z   else:
2022-12-27T11:22:10.4262980Z       filename = "<auto-generated setuptools caller>"
2022-12-27T11:22:10.4263190Z       setup_py_code = "from setuptools import setup; setup()"
2022-12-27T11:22:10.4263500Z   Preparing metadata (setup.py): finished with status 'error'
2022-12-27T11:22:10.4263740Z   
2022-12-27T11:22:10.4263890Z   exec(compile(setup_py_code, filename, "exec"))
2022-12-27T11:22:10.4264410Z   '"'"''"'"''"'"' % ('"'"'/Users/runner/actions-runner/_work/python.build/python.build/build_lxml13239/lxml-1.3.2/setup.py'"'"',), "<pip-setuptools-caller>", "exec"))' egg_info --egg-base /private/var/folders/51/hd414ycd67n82196sw51xqtc0000gn/T/pip-pip-egg-info-7ti3hyhw
2022-12-27T11:22:10.4264890Z   cwd: /Users/runner/actions-runner/_work/python.build/python.build/build_lxml13239/lxml-1.3.2/
2022-12-27T11:22:10.4267310Z error: metadata-generation-failed
2022-12-27T11:22:10.4267490Z 
2022-12-27T11:22:10.4267750Z × Encountered error while generating package metadata.
2022-12-27T11:22:10.4268070Z ╰─> See above for output.
2022-12-27T11:22:10.4268230Z 
2022-12-27T11:22:10.4268410Z note: This is an issue with the package mentioned above, not pip.
2022-12-27T11:22:10.4268710Z hint: See above for details.
2022-12-27T11:22:10.4293810Z Exception information:
2022-12-27T11:22:10.4294700Z Traceback (most recent call last):
2022-12-27T11:22:10.4296210Z   File "/private/var/folders/51/hd414ycd67n82196sw51xqtc0000gn/T/cibw-run-tunjycqy/cp39-macosx_arm64/build/venv/lib/python3.9/site-packages/pip/_internal/operations/build/metadata_legacy.py", line 64, in generate_metadata
2022-12-27T11:22:10.4302020Z     call_subprocess(
2022-12-27T11:22:10.4303200Z   File "/private/var/folders/51/hd414ycd67n82196sw51xqtc0000gn/T/cibw-run-tunjycqy/cp39-macosx_arm64/build/venv/lib/python3.9/site-packages/pip/_internal/utils/subprocess.py", line 224, in call_subprocess
2022-12-27T11:22:10.4303840Z     raise error
2022-12-27T11:22:10.4304340Z pip._internal.exceptions.InstallationSubprocessError: python setup.py egg_info exited with 1
2022-12-27T11:22:10.4304730Z 
2022-12-27T11:22:10.4304990Z The above exception was the direct cause of the following exception:
2022-12-27T11:22:10.4305730Z 
2022-12-27T11:22:10.4305870Z Traceback (most recent call last):
2022-12-27T11:22:10.4306540Z   File "/private/var/folders/51/hd414ycd67n82196sw51xqtc0000gn/T/cibw-run-tunjycqy/cp39-macosx_arm64/build/venv/lib/python3.9/site-packages/pip/_internal/cli/base_command.py", line 160, in exc_logging_wrapper
2022-12-27T11:22:10.4306980Z     status = run_func(*args)
2022-12-27T11:22:10.4307590Z   File "/private/var/folders/51/hd414ycd67n82196sw51xqtc0000gn/T/cibw-run-tunjycqy/cp39-macosx_arm64/build/venv/lib/python3.9/site-packages/pip/_internal/cli/req_command.py", line 247, in wrapper
2022-12-27T11:22:10.4308080Z     return func(self, options, args)
2022-12-27T11:22:10.4308680Z   File "/private/var/folders/51/hd414ycd67n82196sw51xqtc0000gn/T/cibw-run-tunjycqy/cp39-macosx_arm64/build/venv/lib/python3.9/site-packages/pip/_internal/commands/wheel.py", line 170, in run
2022-12-27T11:22:10.4309120Z     requirement_set = resolver.resolve(reqs, check_supported_wheels=True)
2022-12-27T11:22:10.4309950Z   File "/private/var/folders/51/hd414ycd67n82196sw51xqtc0000gn/T/cibw-run-tunjycqy/cp39-macosx_arm64/build/venv/lib/python3.9/site-packages/pip/_internal/resolution/resolvelib/resolver.py", line 73, in resolve
2022-12-27T11:22:10.4310440Z     collected = self.factory.collect_root_requirements(root_reqs)
2022-12-27T11:22:10.4311240Z   File "/private/var/folders/51/hd414ycd67n82196sw51xqtc0000gn/T/cibw-run-tunjycqy/cp39-macosx_arm64/build/venv/lib/python3.9/site-packages/pip/_internal/resolution/resolvelib/factory.py", line 491, in collect_root_requirements
2022-12-27T11:22:10.4311700Z     req = self._make_requirement_from_install_req(
2022-12-27T11:22:10.4312340Z   File "/private/var/folders/51/hd414ycd67n82196sw51xqtc0000gn/T/cibw-run-tunjycqy/cp39-macosx_arm64/build/venv/lib/python3.9/site-packages/pip/_internal/resolution/resolvelib/factory.py", line 453, in _make_requirement_from_install_req
2022-12-27T11:22:10.4312680Z     cand = self._make_candidate_from_link(
2022-12-27T11:22:10.4313170Z   File "/private/var/folders/51/hd414ycd67n82196sw51xqtc0000gn/T/cibw-run-tunjycqy/cp39-macosx_arm64/build/venv/lib/python3.9/site-packages/pip/_internal/resolution/resolvelib/factory.py", line 206, in _make_candidate_from_link
2022-12-27T11:22:10.4313490Z     self._link_candidate_cache[link] = LinkCandidate(
2022-12-27T11:22:10.4313950Z   File "/private/var/folders/51/hd414ycd67n82196sw51xqtc0000gn/T/cibw-run-tunjycqy/cp39-macosx_arm64/build/venv/lib/python3.9/site-packages/pip/_internal/resolution/resolvelib/candidates.py", line 297, in __init__
2022-12-27T11:22:10.4314240Z     super().__init__(
2022-12-27T11:22:10.4314730Z   File "/private/var/folders/51/hd414ycd67n82196sw51xqtc0000gn/T/cibw-run-tunjycqy/cp39-macosx_arm64/build/venv/lib/python3.9/site-packages/pip/_internal/resolution/resolvelib/candidates.py", line 162, in __init__
2022-12-27T11:22:10.4314990Z     self.dist = self._prepare()
2022-12-27T11:22:10.4315440Z   File "/private/var/folders/51/hd414ycd67n82196sw51xqtc0000gn/T/cibw-run-tunjycqy/cp39-macosx_arm64/build/venv/lib/python3.9/site-packages/pip/_internal/resolution/resolvelib/candidates.py", line 231, in _prepare
2022-12-27T11:22:10.4315740Z     dist = self._prepare_distribution()
2022-12-27T11:22:10.4316400Z   File "/private/var/folders/51/hd414ycd67n82196sw51xqtc0000gn/T/cibw-run-tunjycqy/cp39-macosx_arm64/build/venv/lib/python3.9/site-packages/pip/_internal/resolution/resolvelib/candidates.py", line 308, in _prepare_distribution
2022-12-27T11:22:10.4316820Z     return preparer.prepare_linked_requirement(self._ireq, parallel_builds=True)
2022-12-27T11:22:10.4317310Z   File "/private/var/folders/51/hd414ycd67n82196sw51xqtc0000gn/T/cibw-run-tunjycqy/cp39-macosx_arm64/build/venv/lib/python3.9/site-packages/pip/_internal/operations/prepare.py", line 491, in prepare_linked_requirement
2022-12-27T11:22:10.4317610Z     return self._prepare_linked_requirement(req, parallel_builds)
2022-12-27T11:22:10.4318090Z   File "/private/var/folders/51/hd414ycd67n82196sw51xqtc0000gn/T/cibw-run-tunjycqy/cp39-macosx_arm64/build/venv/lib/python3.9/site-packages/pip/_internal/operations/prepare.py", line 577, in _prepare_linked_requirement
2022-12-27T11:22:10.4318450Z     dist = _get_prepared_distribution(
2022-12-27T11:22:10.4318930Z   File "/private/var/folders/51/hd414ycd67n82196sw51xqtc0000gn/T/cibw-run-tunjycqy/cp39-macosx_arm64/build/venv/lib/python3.9/site-packages/pip/_internal/operations/prepare.py", line 69, in _get_prepared_distribution
2022-12-27T11:22:10.4319250Z     abstract_dist.prepare_distribution_metadata(
2022-12-27T11:22:10.4319710Z   File "/private/var/folders/51/hd414ycd67n82196sw51xqtc0000gn/T/cibw-run-tunjycqy/cp39-macosx_arm64/build/venv/lib/python3.9/site-packages/pip/_internal/distributions/sdist.py", line 61, in prepare_distribution_metadata
2022-12-27T11:22:10.4319980Z     self.req.prepare_metadata()
2022-12-27T11:22:10.4320610Z   File "/private/var/folders/51/hd414ycd67n82196sw51xqtc0000gn/T/cibw-run-tunjycqy/cp39-macosx_arm64/build/venv/lib/python3.9/site-packages/pip/_internal/req/req_install.py", line 541, in prepare_metadata
2022-12-27T11:22:10.4320950Z     self.metadata_directory = generate_metadata_legacy(
2022-12-27T11:22:10.4321440Z   File "/private/var/folders/51/hd414ycd67n82196sw51xqtc0000gn/T/cibw-run-tunjycqy/cp39-macosx_arm64/build/venv/lib/python3.9/site-packages/pip/_internal/operations/build/metadata_legacy.py", line 71, in generate_metadata
2022-12-27T11:22:10.4321810Z     raise MetadataGenerationFailed(package_details=details) from error
2022-12-27T11:22:10.4322120Z pip._internal.exceptions.MetadataGenerationFailed: metadata generation failed
2022-12-27T11:22:10.4322590Z Removed file:///Users/runner/actions-runner/_work/python.build/python.build/build_lxml13239/lxml-1.3.2 from build tracker '/private/var/folders/51/hd414ycd67n82196sw51xqtc0000gn/T/pip-build-tracker-xqw08vqn'
2022-12-27T11:22:10.4323020Z Removed build tracker: '/private/var/folders/51/hd414ycd67n82196sw51xqtc0000gn/T/pip-build-tracker-xqw08vqn'
2022-12-27T11:22:10.4725680Z ##[endgroup]
2022-12-27T11:22:10.4750180Z ##[error]Command ['python', '-m', 'pip', 'wheel', '/Users/runner/actions-runner/_work/python.build/python.build/build_lxml13239/lxml-1.3.2', '--wheel-dir=/private/var/folders/51/hd414ycd67n82196sw51xqtc0000gn/T/cibw-run-tunjycqy/cp39-macosx_arm64/built_wheel', '--no-deps', '-vvv'] failed with code 1. None
2022-12-27T11:22:10.4824540Z 
2022-12-27T11:22:10.4824850Z                                                               [31m✕ [0m0.52s
2022-12-27T11:22:10.5162270Z ##[error]Process completed with exit code 1.
2022-12-27T11:22:10.5196480Z ##[group]Run rm -rf build_lxml13239 wheelsout
2022-12-27T11:22:10.5196740Z [36;1mrm -rf build_lxml13239 wheelsout[0m
2022-12-27T11:22:10.5211680Z shell: /bin/bash -e {0}
2022-12-27T11:22:10.5211860Z env:
2022-12-27T11:22:10.5212030Z   pythonLocation: /Users/runner/hostedtoolcache/Python/3.9.16/x64
2022-12-27T11:22:10.5212260Z   PKG_CONFIG_PATH: /Users/runner/hostedtoolcache/Python/3.9.16/x64/lib/pkgconfig
2022-12-27T11:22:10.5212500Z   Python_ROOT_DIR: /Users/runner/hostedtoolcache/Python/3.9.16/x64
2022-12-27T11:22:10.5212740Z   Python2_ROOT_DIR: /Users/runner/hostedtoolcache/Python/3.9.16/x64
2022-12-27T11:22:10.5213120Z   Python3_ROOT_DIR: /Users/runner/hostedtoolcache/Python/3.9.16/x64
2022-12-27T11:22:10.5213290Z ##[endgroup]
2022-12-27T11:22:10.5507900Z Cleaning up orphan processes
