2022-12-27T02:00:07.8930170Z Requested labels: self-hosted, macOS, X64
2022-12-27T02:00:07.8930234Z Job defined at: kilnbuild/python.build/.github/workflows/mac_arm_build.yml@refs/heads/main
2022-12-27T02:00:07.8930258Z Waiting for a runner to pick up this job...
2022-12-27T03:20:54.0206881Z Job is about to start running on the runner: kr2 (organization)
2022-12-27T03:20:59.1407110Z Current runner version: '2.300.2'
2022-12-27T03:20:59.1414740Z Runner name: 'kr2'
2022-12-27T03:20:59.1415120Z Runner group name: 'Default'
2022-12-27T03:20:59.1415870Z Machine name: 'kr2'
2022-12-27T03:20:59.1418440Z ##[group]GITHUB_TOKEN Permissions
2022-12-27T03:20:59.1419110Z Actions: write
2022-12-27T03:20:59.1419370Z Checks: write
2022-12-27T03:20:59.1419620Z Contents: write
2022-12-27T03:20:59.1419870Z Deployments: write
2022-12-27T03:20:59.1420140Z Discussions: write
2022-12-27T03:20:59.1420390Z Issues: write
2022-12-27T03:20:59.1420630Z Metadata: read
2022-12-27T03:20:59.1420880Z Packages: write
2022-12-27T03:20:59.1421140Z Pages: write
2022-12-27T03:20:59.1421390Z PullRequests: write
2022-12-27T03:20:59.1421700Z RepositoryProjects: write
2022-12-27T03:20:59.1422000Z SecurityEvents: write
2022-12-27T03:20:59.1422260Z Statuses: write
2022-12-27T03:20:59.1422510Z ##[endgroup]
2022-12-27T03:20:59.1426380Z Secret source: Actions
2022-12-27T03:20:59.1426860Z Prepare workflow directory
2022-12-27T03:20:59.2506080Z Prepare all required actions
2022-12-27T03:20:59.2737490Z Getting action download info
2022-12-27T03:20:59.9159880Z Download action repository 'actions/setup-python@v4' (SHA:5ccb29d8773c3f3f653e1705f474dfaa8a06a912)
2022-12-27T03:21:01.6749000Z Download action repository 'actions/upload-artifact@v3' (SHA:83fd05a356d7e2593de66fc9913b3002723633cb)
2022-12-27T03:21:03.1712440Z ##[group]Run echo '{
2022-12-27T03:21:03.1713010Z [36;1mecho '{[0m
2022-12-27T03:21:03.1713430Z [36;1m  "environment_variables": "GRPC_PYTHON_BUILD_WITH_CYTHON=1 GRPC_BUILD_WITH_BORING_SSL_ASM='' GRPC_PYTHON_BUILD_SYSTEM_OPENSSL=TRUE",[0m
2022-12-27T03:21:03.1713840Z [36;1m  "package_name": "grpcio",[0m
2022-12-27T03:21:03.1714360Z [36;1m  "package_url": "https://files.pythonhosted.org/packages/c3/c5/13292086702c2ebb35bd1fe5388143cf0db4d179c61184ff0fd3965d71d7/grpcio-0.5.0a1.tar.gz",[0m
2022-12-27T03:21:03.1714830Z [36;1m  "package_version": "0.5.0a1",[0m
2022-12-27T03:21:03.1715090Z [36;1m  "python_version": "3.10",[0m
2022-12-27T03:21:03.1715410Z [36;1m  "use_ccache": "true"[0m
2022-12-27T03:21:03.1715660Z [36;1m}'[0m
2022-12-27T03:21:03.1748590Z shell: /bin/bash -e {0}
2022-12-27T03:21:03.1748860Z ##[endgroup]
2022-12-27T03:21:03.2153260Z {
2022-12-27T03:21:03.2156150Z   "environment_variables": "GRPC_PYTHON_BUILD_WITH_CYTHON=1 GRPC_BUILD_WITH_BORING_SSL_ASM= GRPC_PYTHON_BUILD_SYSTEM_OPENSSL=TRUE",
2022-12-27T03:21:03.2156720Z   "package_name": "grpcio",
2022-12-27T03:21:03.2157910Z   "package_url": "https://files.pythonhosted.org/packages/c3/c5/13292086702c2ebb35bd1fe5388143cf0db4d179c61184ff0fd3965d71d7/grpcio-0.5.0a1.tar.gz",
2022-12-27T03:21:03.2158510Z   "package_version": "0.5.0a1",
2022-12-27T03:21:03.2158790Z   "python_version": "3.10",
2022-12-27T03:21:03.2159230Z   "use_ccache": "true"
2022-12-27T03:21:03.2159550Z }
2022-12-27T03:21:03.2528530Z ##[group]Run actions/setup-python@v4
2022-12-27T03:21:03.2529060Z with:
2022-12-27T03:21:03.2529380Z   python-version: 3.10
2022-12-27T03:21:03.2529660Z   check-latest: false
2022-12-27T03:21:03.2530300Z   token: ***
2022-12-27T03:21:03.2530710Z   update-environment: true
2022-12-27T03:21:03.2531030Z ##[endgroup]
2022-12-27T03:21:03.4706870Z ##[group]Installed versions
2022-12-27T03:21:03.4772980Z Successfully set up CPython (3.10.9)
2022-12-27T03:21:03.4774470Z ##[endgroup]
2022-12-27T03:21:03.5000940Z ##[group]Run if [ "true" == "true" ]
2022-12-27T03:21:03.5001380Z [36;1mif [ "true" == "true" ][0m
2022-12-27T03:21:03.5001730Z [36;1mthen[0m
2022-12-27T03:21:03.5002230Z [36;1m  echo "CCACHE_PATH_PREPEND=/usr/local/opt/ccache/libexec" >> $GITHUB_OUTPUT[0m
2022-12-27T03:21:03.5002560Z [36;1melse[0m
2022-12-27T03:21:03.5002910Z [36;1m  echo "CCACHE_PATH_PREPEND=" >> $GITHUB_OUTPUT[0m
2022-12-27T03:21:03.5003270Z [36;1mfi[0m
2022-12-27T03:21:03.5033150Z shell: /bin/bash -e {0}
2022-12-27T03:21:03.5033540Z env:
2022-12-27T03:21:03.5033950Z   pythonLocation: /Users/runner/hostedtoolcache/Python/3.10.9/x64
2022-12-27T03:21:03.5034430Z   PKG_CONFIG_PATH: /Users/runner/hostedtoolcache/Python/3.10.9/x64/lib/pkgconfig
2022-12-27T03:21:03.5035500Z   Python_ROOT_DIR: /Users/runner/hostedtoolcache/Python/3.10.9/x64
2022-12-27T03:21:03.5035960Z   Python2_ROOT_DIR: /Users/runner/hostedtoolcache/Python/3.10.9/x64
2022-12-27T03:21:03.5036530Z   Python3_ROOT_DIR: /Users/runner/hostedtoolcache/Python/3.10.9/x64
2022-12-27T03:21:03.5036850Z ##[endgroup]
2022-12-27T03:21:03.5348830Z ##[group]Run echo "BUILD_NAME=$(echo grpcio_0.5.0a1_3.10 | tr -dc '[:alnum:]\n\r' | tr '[:upper:]' '[:lower:]')" >> $GITHUB_OUTPUT
2022-12-27T03:21:03.5349380Z [36;1mecho "BUILD_NAME=$(echo grpcio_0.5.0a1_3.10 | tr -dc '[:alnum:]\n\r' | tr '[:upper:]' '[:lower:]')" >> $GITHUB_OUTPUT[0m
2022-12-27T03:21:03.5377480Z shell: /bin/bash -e {0}
2022-12-27T03:21:03.5377780Z env:
2022-12-27T03:21:03.5378040Z   pythonLocation: /Users/runner/hostedtoolcache/Python/3.10.9/x64
2022-12-27T03:21:03.5378440Z   PKG_CONFIG_PATH: /Users/runner/hostedtoolcache/Python/3.10.9/x64/lib/pkgconfig
2022-12-27T03:21:03.5378790Z   Python_ROOT_DIR: /Users/runner/hostedtoolcache/Python/3.10.9/x64
2022-12-27T03:21:03.5379310Z   Python2_ROOT_DIR: /Users/runner/hostedtoolcache/Python/3.10.9/x64
2022-12-27T03:21:03.5379630Z   Python3_ROOT_DIR: /Users/runner/hostedtoolcache/Python/3.10.9/x64
2022-12-27T03:21:03.5379860Z ##[endgroup]
2022-12-27T03:21:03.5613530Z ##[group]Run echo "PYTHON_NO_DOTS=$(echo 3.10 | tr -dc '[:alnum:]\n\r' | tr '[:upper:]' '[:lower:]')" >> $GITHUB_OUTPUT
2022-12-27T03:21:03.5614100Z [36;1mecho "PYTHON_NO_DOTS=$(echo 3.10 | tr -dc '[:alnum:]\n\r' | tr '[:upper:]' '[:lower:]')" >> $GITHUB_OUTPUT[0m
2022-12-27T03:21:03.5641740Z shell: /bin/bash -e {0}
2022-12-27T03:21:03.5642150Z env:
2022-12-27T03:21:03.5642520Z   pythonLocation: /Users/runner/hostedtoolcache/Python/3.10.9/x64
2022-12-27T03:21:03.5643720Z   PKG_CONFIG_PATH: /Users/runner/hostedtoolcache/Python/3.10.9/x64/lib/pkgconfig
2022-12-27T03:21:03.5644190Z   Python_ROOT_DIR: /Users/runner/hostedtoolcache/Python/3.10.9/x64
2022-12-27T03:21:03.5644630Z   Python2_ROOT_DIR: /Users/runner/hostedtoolcache/Python/3.10.9/x64
2022-12-27T03:21:03.5645230Z   Python3_ROOT_DIR: /Users/runner/hostedtoolcache/Python/3.10.9/x64
2022-12-27T03:21:03.5645540Z ##[endgroup]
2022-12-27T03:21:03.5881630Z ##[group]Run rm -rf build_grpcio050a1310
2022-12-27T03:21:03.5882210Z [36;1mrm -rf build_grpcio050a1310[0m
2022-12-27T03:21:03.5882550Z [36;1mmkdir build_grpcio050a1310[0m
2022-12-27T03:21:03.5882880Z [36;1mcd build_grpcio050a1310[0m
2022-12-27T03:21:03.5883410Z [36;1m/usr/local/bin/wget --quiet https://files.pythonhosted.org/packages/c3/c5/13292086702c2ebb35bd1fe5388143cf0db4d179c61184ff0fd3965d71d7/grpcio-0.5.0a1.tar.gz[0m
2022-12-27T03:21:03.5883860Z [36;1mtar xf *.tar.gz[0m
2022-12-27T03:21:03.5884120Z [36;1mcd grpcio-*/[0m
2022-12-27T03:21:03.5884530Z [36;1mpython -m pip install cibuildwheel==2.11.3[0m
2022-12-27T03:21:03.5884910Z [36;1mpython -m cibuildwheel --output-dir ../wheelsout[0m
2022-12-27T03:21:03.5911380Z shell: /bin/bash -e {0}
2022-12-27T03:21:03.5911870Z env:
2022-12-27T03:21:03.5912240Z   pythonLocation: /Users/runner/hostedtoolcache/Python/3.10.9/x64
2022-12-27T03:21:03.5912750Z   PKG_CONFIG_PATH: /Users/runner/hostedtoolcache/Python/3.10.9/x64/lib/pkgconfig
2022-12-27T03:21:03.5913210Z   Python_ROOT_DIR: /Users/runner/hostedtoolcache/Python/3.10.9/x64
2022-12-27T03:21:03.5913580Z   Python2_ROOT_DIR: /Users/runner/hostedtoolcache/Python/3.10.9/x64
2022-12-27T03:21:03.5914090Z   Python3_ROOT_DIR: /Users/runner/hostedtoolcache/Python/3.10.9/x64
2022-12-27T03:21:03.5914460Z   CIBW_ARCHS_MACOS: arm64
2022-12-27T03:21:03.5914730Z   CIBW_TEST_SKIP: *_arm64
2022-12-27T03:21:03.5915050Z   CIBW_BUILD: cp310-macosx_arm64
2022-12-27T03:21:03.5915470Z   CIBW_BUILD_FRONTEND: pip
2022-12-27T03:21:03.5915750Z   CIBW_BUILD_VERBOSITY: 3
2022-12-27T03:21:03.5916410Z   CIBW_ENVIRONMENT_MACOS: GRPC_PYTHON_BUILD_WITH_CYTHON=1 GRPC_BUILD_WITH_BORING_SSL_ASM='' GRPC_PYTHON_BUILD_SYSTEM_OPENSSL=TRUE CFLAGS="-I/usr/local/opt/openssl@3/include" LDFLAGS="-L/usr/local/opt/openssl@3/lib" CPPFLAGS="-I/usr/local/opt/openssl@3/include" MAKEFLAGS="-j$(sysctl -n hw.logicalcpu)" PATH=/usr/local/opt/ccache/libexec:$PATH
2022-12-27T03:21:03.5917480Z   CIBW_BEFORE_BUILD: pip install Cython; if [[ -f requirements.txt ]]; then pip install -r requirements.txt; fi
2022-12-27T03:21:03.5917940Z   MAKEFLAGS: -j$(sysctl -n hw.logicalcpu)
2022-12-27T03:21:03.5918350Z ##[endgroup]
2022-12-27T03:21:04.3506730Z Requirement already satisfied: cibuildwheel==2.11.3 in /Users/runner/hostedtoolcache/Python/3.10.9/x64/lib/python3.10/site-packages (2.11.3)
2022-12-27T03:21:04.3910200Z Requirement already satisfied: platformdirs in /Users/runner/hostedtoolcache/Python/3.10.9/x64/lib/python3.10/site-packages (from cibuildwheel==2.11.3) (2.6.0)
2022-12-27T03:21:04.3914090Z Requirement already satisfied: bracex in /Users/runner/hostedtoolcache/Python/3.10.9/x64/lib/python3.10/site-packages (from cibuildwheel==2.11.3) (2.3.post1)
2022-12-27T03:21:04.3920670Z Requirement already satisfied: bashlex!=0.13 in /Users/runner/hostedtoolcache/Python/3.10.9/x64/lib/python3.10/site-packages (from cibuildwheel==2.11.3) (0.16)
2022-12-27T03:21:04.3936260Z Requirement already satisfied: typing-extensions>=4.1.0 in /Users/runner/hostedtoolcache/Python/3.10.9/x64/lib/python3.10/site-packages (from cibuildwheel==2.11.3) (4.4.0)
2022-12-27T03:21:04.3943610Z Requirement already satisfied: packaging>=20.9 in /Users/runner/hostedtoolcache/Python/3.10.9/x64/lib/python3.10/site-packages (from cibuildwheel==2.11.3) (22.0)
2022-12-27T03:21:04.3948660Z Requirement already satisfied: filelock in /Users/runner/hostedtoolcache/Python/3.10.9/x64/lib/python3.10/site-packages (from cibuildwheel==2.11.3) (3.8.2)
2022-12-27T03:21:04.3958810Z Requirement already satisfied: tomli in /Users/runner/hostedtoolcache/Python/3.10.9/x64/lib/python3.10/site-packages (from cibuildwheel==2.11.3) (2.0.1)
2022-12-27T03:21:04.3963940Z Requirement already satisfied: certifi in /Users/runner/hostedtoolcache/Python/3.10.9/x64/lib/python3.10/site-packages (from cibuildwheel==2.11.3) (2022.12.7)
2022-12-27T03:21:04.7059580Z 
2022-12-27T03:21:04.7060270Z      _ _       _ _   _       _           _
2022-12-27T03:21:04.7061570Z  ___|_| |_ _ _|_| |_| |_ _ _| |_ ___ ___| |
2022-12-27T03:21:04.7065400Z |  _| | . | | | | | . | | | |   | -_| -_| |
2022-12-27T03:21:04.7066450Z |___|_|___|___|_|_|___|_____|_|_|___|___|_|
2022-12-27T03:21:04.7067310Z 
2022-12-27T03:21:04.7067630Z cibuildwheel version 2.11.3
2022-12-27T03:21:04.7067900Z 
2022-12-27T03:21:04.7068200Z Build options:
2022-12-27T03:21:04.7068830Z   platform: macos
2022-12-27T03:21:04.7163300Z   architectures: arm64[0m
2022-12-27T03:21:04.7165620Z   build_selector: 
2022-12-27T03:21:04.7166290Z     build_config: cp310-macosx_arm64
2022-12-27T03:21:04.7167420Z     skip_config: 
2022-12-27T03:21:04.7167790Z     requires_python: None
2022-12-27T03:21:04.7168560Z     prerelease_pythons: False[0m
2022-12-27T03:21:04.7169670Z   [38;5;244mcontainer_engine: docker[0m
2022-12-27T03:21:04.7170440Z   output_dir: /Users/runner/actions-runner/_work/python.build/python.build/build_grpcio050a1310/wheelsout[0m
2022-12-27T03:21:04.7171210Z   package_dir: /Users/runner/actions-runner/_work/python.build/python.build/build_grpcio050a1310/grpcio-0.5.0a1[0m
2022-12-27T03:21:04.7171690Z   test_selector: 
2022-12-27T03:21:04.7172750Z     skip_config: *_arm64[0m
2022-12-27T03:21:04.7173140Z   [38;5;244mbefore_all: [0m
2022-12-27T03:21:04.7173720Z   before_build: pip install Cython; if [[ -f requirements.txt ]]; then pip install -r requirements.txt; fi[0m
2022-12-27T03:21:04.7174350Z   [38;5;244mbefore_test: [0m
2022-12-27T03:21:04.7174780Z   [38;5;244mbuild_frontend: pip[0m
2022-12-27T03:21:04.7176170Z   build_verbosity: 3[0m
2022-12-27T03:21:04.7176610Z   [38;5;244mconfig_settings: [0m
2022-12-27T03:21:04.7177100Z   [38;5;244mdependency_constraints: pinned[0m
2022-12-27T03:21:04.7177400Z   environment: 
2022-12-27T03:21:04.7177750Z     GRPC_PYTHON_BUILD_WITH_CYTHON=1
2022-12-27T03:21:04.7178940Z     GRPC_BUILD_WITH_BORING_SSL_ASM=''
2022-12-27T03:21:04.7180510Z     GRPC_PYTHON_BUILD_SYSTEM_OPENSSL=TRUE
2022-12-27T03:21:04.7181020Z     CFLAGS="-I/usr/local/opt/openssl@3/include"
2022-12-27T03:21:04.7181770Z     LDFLAGS="-L/usr/local/opt/openssl@3/lib"
2022-12-27T03:21:04.7182200Z     CPPFLAGS="-I/usr/local/opt/openssl@3/include"
2022-12-27T03:21:04.7182940Z     MAKEFLAGS="-j$(sysctl -n hw.logicalcpu)"
2022-12-27T03:21:04.7183420Z     PATH=/usr/local/opt/ccache/libexec:$PATH[0m
2022-12-27T03:21:04.7183890Z   [38;5;244mmanylinux_images: None[0m
2022-12-27T03:21:04.7184250Z   [38;5;244mmusllinux_images: None[0m
2022-12-27T03:21:04.7184980Z   [38;5;244mrepair_command: delocate-wheel --require-archs {delocate_archs} -w {dest_dir} -v {wheel}[0m
2022-12-27T03:21:04.7185480Z   [38;5;244mtest_command: [0m
2022-12-27T03:21:04.7185820Z   [38;5;244mtest_extras: [0m
2022-12-27T03:21:04.7186230Z   [38;5;244mtest_requires: [0m
2022-12-27T03:21:04.7186440Z 
2022-12-27T03:21:04.7186640Z Cache folder: /Users/runner/Library/Caches/cibuildwheel
2022-12-27T03:21:04.7205800Z 
2022-12-27T03:21:04.7207010Z Here we go!
2022-12-27T03:21:04.7207540Z 
2022-12-27T03:21:04.7316770Z 
2022-12-27T03:21:04.7318520Z [1m[34mBuilding cp310-macosx_arm64 wheel[0m
2022-12-27T03:21:04.7319570Z CPython 3.10 macOS arm64 - Apple Silicon
2022-12-27T03:21:04.7320000Z 
2022-12-27T03:21:04.7322350Z ##[group]Installing Python cp310...
2022-12-27T03:21:04.7322800Z 
2022-12-27T03:21:04.7323250Z + pkgutil --pkgs
2022-12-27T03:21:04.7510810Z ##[endgroup]
2022-12-27T03:21:04.7512580Z                                                               [32mâœ“ [0m0.02s
2022-12-27T03:21:04.7513400Z ##[group]Setting up build environment...
2022-12-27T03:21:04.7513630Z 
2022-12-27T03:21:04.7561160Z + /Users/runner/hostedtoolcache/Python/3.10.9/x64/bin/python -sS /Users/runner/Library/Caches/cibuildwheel/virtualenv-20.17.0.pyz --activators= --no-periodic-update --pip=22.3.1 --setuptools=65.6.3 --wheel=0.38.4 --symlink-app-data --python /Library/Frameworks/Python.framework/Versions/3.10/bin/python3 /private/var/folders/51/hd414ycd67n82196sw51xqtc0000gn/T/cibw-run-4v6gagkc/cp310-macosx_arm64/build/venv
2022-12-27T03:21:05.0707330Z created virtual environment CPython3.10.8.final.0-64 in 85ms
2022-12-27T03:21:05.0708640Z   creator CPython3Posix(dest=/private/var/folders/51/hd414ycd67n82196sw51xqtc0000gn/T/cibw-run-4v6gagkc/cp310-macosx_arm64/build/venv, clear=False, no_vcs_ignore=False, global=False)
2022-12-27T03:21:05.0709400Z   seeder FromAppData(download=False, pip=22.3.1, setuptools=65.6.3, wheel=0.38.4, via=symlink, app_data_dir=/Users/runner/Library/Application Support/virtualenv)
2022-12-27T03:21:05.0709950Z     added seed packages: pip==22.3.1, setuptools==65.6.3, wheel==0.38.4
2022-12-27T03:21:05.0941510Z + python -m pip install --upgrade pip -c /Users/runner/hostedtoolcache/Python/3.10.9/x64/lib/python3.10/site-packages/cibuildwheel/resources/constraints-python310.txt
2022-12-27T03:21:05.5401320Z Requirement already satisfied: pip in ./lib/python3.10/site-packages (22.3.1)
2022-12-27T03:21:06.7875790Z + which pip
2022-12-27T03:21:06.7912130Z /private/var/folders/51/hd414ycd67n82196sw51xqtc0000gn/T/cibw-run-4v6gagkc/cp310-macosx_arm64/build/venv/bin/pip
2022-12-27T03:21:06.7913200Z + pip --version
2022-12-27T03:21:07.1188130Z pip 22.3.1 from /private/var/folders/51/hd414ycd67n82196sw51xqtc0000gn/T/cibw-run-4v6gagkc/cp310-macosx_arm64/build/venv/lib/python3.10/site-packages/pip (python 3.10)
2022-12-27T03:21:07.1652380Z + which pip
2022-12-27T03:21:07.1710070Z + which python
2022-12-27T03:21:07.1760730Z /private/var/folders/51/hd414ycd67n82196sw51xqtc0000gn/T/cibw-run-4v6gagkc/cp310-macosx_arm64/build/venv/bin/python
2022-12-27T03:21:07.1767520Z + python --version
2022-12-27T03:21:07.1862000Z Python 3.10.8
2022-12-27T03:21:07.1865390Z + which python
2022-12-27T03:21:07.1963100Z ##[endgroup]
2022-12-27T03:21:07.1963990Z                                                               [32mâœ“ [0m2.44s
2022-12-27T03:21:07.1965690Z ##[group]Installing build tools...
2022-12-27T03:21:07.1965920Z 
2022-12-27T03:21:07.1967030Z + pip install --upgrade setuptools wheel delocate -c /Users/runner/hostedtoolcache/Python/3.10.9/x64/lib/python3.10/site-packages/cibuildwheel/resources/constraints-python310.txt
2022-12-27T03:21:07.6272800Z Requirement already satisfied: setuptools in /private/var/folders/51/hd414ycd67n82196sw51xqtc0000gn/T/cibw-run-4v6gagkc/cp310-macosx_arm64/build/venv/lib/python3.10/site-packages (65.6.3)
2022-12-27T03:21:07.9416650Z Requirement already satisfied: wheel in /private/var/folders/51/hd414ycd67n82196sw51xqtc0000gn/T/cibw-run-4v6gagkc/cp310-macosx_arm64/build/venv/lib/python3.10/site-packages (0.38.4)
2022-12-27T03:21:08.0149260Z Collecting delocate
2022-12-27T03:21:08.0252340Z   Using cached delocate-0.10.3-py3-none-any.whl (142 kB)
2022-12-27T03:21:08.0723370Z Collecting packaging>=20.9
2022-12-27T03:21:08.0753620Z   Using cached packaging-21.3-py3-none-any.whl (40 kB)
2022-12-27T03:21:08.1001850Z Collecting typing-extensions
2022-12-27T03:21:08.1031600Z   Using cached typing_extensions-4.4.0-py3-none-any.whl (26 kB)
2022-12-27T03:21:08.1578730Z Collecting pyparsing!=3.0.5,>=2.0.2
2022-12-27T03:21:08.1615510Z   Using cached pyparsing-3.0.9-py3-none-any.whl (98 kB)
2022-12-27T03:21:08.2144880Z Installing collected packages: typing-extensions, pyparsing, packaging, delocate
2022-12-27T03:21:08.4264780Z Successfully installed delocate-0.10.3 packaging-21.3 pyparsing-3.0.9 typing-extensions-4.4.0
2022-12-27T03:21:08.5272560Z ##[endgroup]
2022-12-27T03:21:08.5273850Z                                                               [32mâœ“ [0m1.33s
2022-12-27T03:21:08.5275020Z ##[group]Running before_build...
2022-12-27T03:21:08.5275430Z 
2022-12-27T03:21:08.5288100Z + pip install Cython; if [[ -f requirements.txt ]]; then pip install -r requirements.txt; fi
2022-12-27T03:21:09.4791840Z Collecting Cython
2022-12-27T03:21:09.4857150Z   Using cached Cython-0.29.32-py2.py3-none-any.whl (986 kB)
2022-12-27T03:21:09.5484160Z Installing collected packages: Cython
2022-12-27T03:21:10.2391610Z Successfully installed Cython-0.29.32
2022-12-27T03:21:10.3387780Z ##[endgroup]
2022-12-27T03:21:10.3389450Z                                                               [32mâœ“ [0m1.81s
2022-12-27T03:21:10.3391980Z ##[group]Building wheel...
2022-12-27T03:21:10.3392460Z 
2022-12-27T03:21:10.3405440Z + python -m pip wheel /Users/runner/actions-runner/_work/python.build/python.build/build_grpcio050a1310/grpcio-0.5.0a1 --wheel-dir=/private/var/folders/51/hd414ycd67n82196sw51xqtc0000gn/T/cibw-run-4v6gagkc/cp310-macosx_arm64/built_wheel --no-deps -vvv
2022-12-27T03:21:10.7480040Z Created temporary directory: /private/var/folders/51/hd414ycd67n82196sw51xqtc0000gn/T/pip-ephem-wheel-cache-0igop9tm
2022-12-27T03:21:10.7485520Z Created temporary directory: /private/var/folders/51/hd414ycd67n82196sw51xqtc0000gn/T/pip-build-tracker-dh_89783
2022-12-27T03:21:10.7487710Z Initialized build tracking at /private/var/folders/51/hd414ycd67n82196sw51xqtc0000gn/T/pip-build-tracker-dh_89783
2022-12-27T03:21:10.7492030Z Created build tracker: /private/var/folders/51/hd414ycd67n82196sw51xqtc0000gn/T/pip-build-tracker-dh_89783
2022-12-27T03:21:10.7492870Z Entered build tracker: /private/var/folders/51/hd414ycd67n82196sw51xqtc0000gn/T/pip-build-tracker-dh_89783
2022-12-27T03:21:10.7498140Z Created temporary directory: /private/var/folders/51/hd414ycd67n82196sw51xqtc0000gn/T/pip-wheel-ndu61q69
2022-12-27T03:21:10.7507570Z Created temporary directory: /private/var/folders/51/hd414ycd67n82196sw51xqtc0000gn/T/pip-ephem-wheel-cache-69zt1kko
2022-12-27T03:21:10.7784030Z Processing /Users/runner/actions-runner/_work/python.build/python.build/build_grpcio050a1310/grpcio-0.5.0a1
2022-12-27T03:21:10.7787140Z   Added file:///Users/runner/actions-runner/_work/python.build/python.build/build_grpcio050a1310/grpcio-0.5.0a1 to build tracker '/private/var/folders/51/hd414ycd67n82196sw51xqtc0000gn/T/pip-build-tracker-dh_89783'
2022-12-27T03:21:10.7793730Z   Running setup.py (path:/Users/runner/actions-runner/_work/python.build/python.build/build_grpcio050a1310/grpcio-0.5.0a1/setup.py) egg_info for package from file:///Users/runner/actions-runner/_work/python.build/python.build/build_grpcio050a1310/grpcio-0.5.0a1
2022-12-27T03:21:10.7797620Z   Created temporary directory: /private/var/folders/51/hd414ycd67n82196sw51xqtc0000gn/T/pip-pip-egg-info-kah8uej5
2022-12-27T03:21:10.7800140Z   Preparing metadata (setup.py): started
2022-12-27T03:21:10.7802740Z   Running command python setup.py egg_info
2022-12-27T03:21:11.0358400Z   running egg_info
2022-12-27T03:21:11.0360080Z   creating /private/var/folders/51/hd414ycd67n82196sw51xqtc0000gn/T/pip-pip-egg-info-kah8uej5/grpcio.egg-info
2022-12-27T03:21:11.0363000Z   writing /private/var/folders/51/hd414ycd67n82196sw51xqtc0000gn/T/pip-pip-egg-info-kah8uej5/grpcio.egg-info/PKG-INFO
2022-12-27T03:21:11.0376650Z   writing dependency_links to /private/var/folders/51/hd414ycd67n82196sw51xqtc0000gn/T/pip-pip-egg-info-kah8uej5/grpcio.egg-info/dependency_links.txt
2022-12-27T03:21:11.0381600Z   writing requirements to /private/var/folders/51/hd414ycd67n82196sw51xqtc0000gn/T/pip-pip-egg-info-kah8uej5/grpcio.egg-info/requires.txt
2022-12-27T03:21:11.0382900Z   writing top-level names to /private/var/folders/51/hd414ycd67n82196sw51xqtc0000gn/T/pip-pip-egg-info-kah8uej5/grpcio.egg-info/top_level.txt
2022-12-27T03:21:11.0385990Z   writing manifest file '/private/var/folders/51/hd414ycd67n82196sw51xqtc0000gn/T/pip-pip-egg-info-kah8uej5/grpcio.egg-info/SOURCES.txt'
2022-12-27T03:21:11.2038860Z   reading manifest file '/private/var/folders/51/hd414ycd67n82196sw51xqtc0000gn/T/pip-pip-egg-info-kah8uej5/grpcio.egg-info/SOURCES.txt'
2022-12-27T03:21:11.2041470Z   reading manifest template 'MANIFEST.in'
2022-12-27T03:21:11.2101460Z   writing manifest file '/private/var/folders/51/hd414ycd67n82196sw51xqtc0000gn/T/pip-pip-egg-info-kah8uej5/grpcio.egg-info/SOURCES.txt'
2022-12-27T03:21:11.2605030Z   Preparing metadata (setup.py): finished with status 'done'
2022-12-27T03:21:11.2644260Z   Source in /Users/runner/actions-runner/_work/python.build/python.build/build_grpcio050a1310/grpcio-0.5.0a1 has version 0.5.0a1, which satisfies requirement grpcio==0.5.0a1 from file:///Users/runner/actions-runner/_work/python.build/python.build/build_grpcio050a1310/grpcio-0.5.0a1
2022-12-27T03:21:11.2645530Z   Removed grpcio==0.5.0a1 from file:///Users/runner/actions-runner/_work/python.build/python.build/build_grpcio050a1310/grpcio-0.5.0a1 from build tracker '/private/var/folders/51/hd414ycd67n82196sw51xqtc0000gn/T/pip-build-tracker-dh_89783'
2022-12-27T03:21:11.2672460Z Created temporary directory: /private/var/folders/51/hd414ycd67n82196sw51xqtc0000gn/T/pip-unpack-7n58_vwj
2022-12-27T03:21:11.2674090Z Building wheels for collected packages: grpcio
2022-12-27T03:21:11.2684530Z   Created temporary directory: /private/var/folders/51/hd414ycd67n82196sw51xqtc0000gn/T/pip-wheel-sjdsc6l3
2022-12-27T03:21:11.2687100Z   Building wheel for grpcio (setup.py): started
2022-12-27T03:21:11.2690290Z   Destination directory: /private/var/folders/51/hd414ycd67n82196sw51xqtc0000gn/T/pip-wheel-sjdsc6l3
2022-12-27T03:21:11.2692310Z   Running command python setup.py bdist_wheel
2022-12-27T03:21:11.5362010Z   running bdist_wheel
2022-12-27T03:21:11.6737720Z   running build
2022-12-27T03:21:11.6741450Z   running build_py
2022-12-27T03:21:11.6771360Z   creating build
2022-12-27T03:21:11.6772700Z   creating build/lib.macosx-11.0-arm64-cpython-310
2022-12-27T03:21:11.6776030Z   creating build/lib.macosx-11.0-arm64-cpython-310/grpc
2022-12-27T03:21:11.6777140Z   copying grpc/__init__.py -> build/lib.macosx-11.0-arm64-cpython-310/grpc
2022-12-27T03:21:11.6786500Z   creating build/lib.macosx-11.0-arm64-cpython-310/grpc/_adapter
2022-12-27T03:21:11.6788270Z   copying grpc/_adapter/fore.py -> build/lib.macosx-11.0-arm64-cpython-310/grpc/_adapter
2022-12-27T03:21:11.6795780Z   copying grpc/_adapter/_event_invocation_synchronous_event_service_test.py -> build/lib.macosx-11.0-arm64-cpython-310/grpc/_adapter
2022-12-27T03:21:11.6800820Z   copying grpc/_adapter/_lonely_rear_link_test.py -> build/lib.macosx-11.0-arm64-cpython-310/grpc/_adapter
2022-12-27T03:21:11.6803270Z   copying grpc/_adapter/_face_test_case.py -> build/lib.macosx-11.0-arm64-cpython-310/grpc/_adapter
2022-12-27T03:21:11.6805120Z   copying grpc/_adapter/_future_invocation_asynchronous_event_service_test.py -> build/lib.macosx-11.0-arm64-cpython-310/grpc/_adapter
2022-12-27T03:21:11.6817980Z   copying grpc/_adapter/_common.py -> build/lib.macosx-11.0-arm64-cpython-310/grpc/_adapter
2022-12-27T03:21:11.6821460Z   copying grpc/_adapter/__init__.py -> build/lib.macosx-11.0-arm64-cpython-310/grpc/_adapter
2022-12-27T03:21:11.6826290Z   copying grpc/_adapter/_low.py -> build/lib.macosx-11.0-arm64-cpython-310/grpc/_adapter
2022-12-27T03:21:11.6832700Z   copying grpc/_adapter/_blocking_invocation_inline_service_test.py -> build/lib.macosx-11.0-arm64-cpython-310/grpc/_adapter
2022-12-27T03:21:11.6835500Z   copying grpc/_adapter/_test_links.py -> build/lib.macosx-11.0-arm64-cpython-310/grpc/_adapter
2022-12-27T03:21:11.6840560Z   copying grpc/_adapter/rear.py -> build/lib.macosx-11.0-arm64-cpython-310/grpc/_adapter
2022-12-27T03:21:11.6846030Z   copying grpc/_adapter/_proto_scenarios.py -> build/lib.macosx-11.0-arm64-cpython-310/grpc/_adapter
2022-12-27T03:21:11.6849800Z   copying grpc/_adapter/_low_test.py -> build/lib.macosx-11.0-arm64-cpython-310/grpc/_adapter
2022-12-27T03:21:11.6855840Z   copying grpc/_adapter/_datatypes.py -> build/lib.macosx-11.0-arm64-cpython-310/grpc/_adapter
2022-12-27T03:21:11.6859590Z   copying grpc/_adapter/_links_test.py -> build/lib.macosx-11.0-arm64-cpython-310/grpc/_adapter
2022-12-27T03:21:11.6863600Z   copying grpc/_adapter/_c_test.py -> build/lib.macosx-11.0-arm64-cpython-310/grpc/_adapter
2022-12-27T03:21:11.6868010Z   creating build/lib.macosx-11.0-arm64-cpython-310/grpc/_junkdrawer
2022-12-27T03:21:11.6872920Z   copying grpc/_junkdrawer/stock_pb2.py -> build/lib.macosx-11.0-arm64-cpython-310/grpc/_junkdrawer
2022-12-27T03:21:11.6877220Z   copying grpc/_junkdrawer/__init__.py -> build/lib.macosx-11.0-arm64-cpython-310/grpc/_junkdrawer
2022-12-27T03:21:11.6881990Z   copying grpc/_junkdrawer/math_pb2.py -> build/lib.macosx-11.0-arm64-cpython-310/grpc/_junkdrawer
2022-12-27T03:21:11.6885090Z   creating build/lib.macosx-11.0-arm64-cpython-310/grpc/early_adopter
2022-12-27T03:21:11.6886700Z   copying grpc/early_adopter/__init__.py -> build/lib.macosx-11.0-arm64-cpython-310/grpc/early_adopter
2022-12-27T03:21:11.6889030Z   copying grpc/early_adopter/implementations_test.py -> build/lib.macosx-11.0-arm64-cpython-310/grpc/early_adopter
2022-12-27T03:21:11.6891340Z   copying grpc/early_adopter/implementations.py -> build/lib.macosx-11.0-arm64-cpython-310/grpc/early_adopter
2022-12-27T03:21:11.6893690Z   creating build/lib.macosx-11.0-arm64-cpython-310/grpc/framework
2022-12-27T03:21:11.6895970Z   copying grpc/framework/__init__.py -> build/lib.macosx-11.0-arm64-cpython-310/grpc/framework
2022-12-27T03:21:11.6905370Z   creating build/lib.macosx-11.0-arm64-cpython-310/grpc/framework/alpha
2022-12-27T03:21:11.6907210Z   copying grpc/framework/alpha/interfaces.py -> build/lib.macosx-11.0-arm64-cpython-310/grpc/framework/alpha
2022-12-27T03:21:11.6915660Z   copying grpc/framework/alpha/_face_utilities.py -> build/lib.macosx-11.0-arm64-cpython-310/grpc/framework/alpha
2022-12-27T03:21:11.6918420Z   copying grpc/framework/alpha/__init__.py -> build/lib.macosx-11.0-arm64-cpython-310/grpc/framework/alpha
2022-12-27T03:21:11.6920900Z   copying grpc/framework/alpha/exceptions.py -> build/lib.macosx-11.0-arm64-cpython-310/grpc/framework/alpha
2022-12-27T03:21:11.6923680Z   copying grpc/framework/alpha/_reexport.py -> build/lib.macosx-11.0-arm64-cpython-310/grpc/framework/alpha
2022-12-27T03:21:11.7042870Z   copying grpc/framework/alpha/utilities.py -> build/lib.macosx-11.0-arm64-cpython-310/grpc/framework/alpha
2022-12-27T03:21:11.7043590Z   creating build/lib.macosx-11.0-arm64-cpython-310/grpc/framework/base
2022-12-27T03:21:11.7044200Z   copying grpc/framework/base/interfaces.py -> build/lib.macosx-11.0-arm64-cpython-310/grpc/framework/base
2022-12-27T03:21:11.7045690Z   copying grpc/framework/base/_constants.py -> build/lib.macosx-11.0-arm64-cpython-310/grpc/framework/base
2022-12-27T03:21:11.7046350Z   copying grpc/framework/base/_expiration.py -> build/lib.macosx-11.0-arm64-cpython-310/grpc/framework/base
2022-12-27T03:21:11.7048340Z   copying grpc/framework/base/_transmission.py -> build/lib.macosx-11.0-arm64-cpython-310/grpc/framework/base
2022-12-27T03:21:11.7048990Z   copying grpc/framework/base/_reception.py -> build/lib.macosx-11.0-arm64-cpython-310/grpc/framework/base
2022-12-27T03:21:11.7049690Z   copying grpc/framework/base/_ingestion.py -> build/lib.macosx-11.0-arm64-cpython-310/grpc/framework/base
2022-12-27T03:21:11.7050380Z   copying grpc/framework/base/util.py -> build/lib.macosx-11.0-arm64-cpython-310/grpc/framework/base
2022-12-27T03:21:11.7051000Z   copying grpc/framework/base/_termination.py -> build/lib.macosx-11.0-arm64-cpython-310/grpc/framework/base
2022-12-27T03:21:11.7051650Z   copying grpc/framework/base/null.py -> build/lib.macosx-11.0-arm64-cpython-310/grpc/framework/base
2022-12-27T03:21:11.7052330Z   copying grpc/framework/base/__init__.py -> build/lib.macosx-11.0-arm64-cpython-310/grpc/framework/base
2022-12-27T03:21:11.7053020Z   copying grpc/framework/base/_interfaces.py -> build/lib.macosx-11.0-arm64-cpython-310/grpc/framework/base
2022-12-27T03:21:11.7053630Z   copying grpc/framework/base/_context.py -> build/lib.macosx-11.0-arm64-cpython-310/grpc/framework/base
2022-12-27T03:21:11.7054340Z   copying grpc/framework/base/implementations_test.py -> build/lib.macosx-11.0-arm64-cpython-310/grpc/framework/base
2022-12-27T03:21:11.7055070Z   copying grpc/framework/base/interfaces_test_case.py -> build/lib.macosx-11.0-arm64-cpython-310/grpc/framework/base
2022-12-27T03:21:11.7055770Z   copying grpc/framework/base/exceptions.py -> build/lib.macosx-11.0-arm64-cpython-310/grpc/framework/base
2022-12-27T03:21:11.7056370Z   copying grpc/framework/base/_ends.py -> build/lib.macosx-11.0-arm64-cpython-310/grpc/framework/base
2022-12-27T03:21:11.7057030Z   copying grpc/framework/base/_emission.py -> build/lib.macosx-11.0-arm64-cpython-310/grpc/framework/base
2022-12-27T03:21:11.7058120Z   copying grpc/framework/base/implementations.py -> build/lib.macosx-11.0-arm64-cpython-310/grpc/framework/base
2022-12-27T03:21:11.7058850Z   copying grpc/framework/base/in_memory.py -> build/lib.macosx-11.0-arm64-cpython-310/grpc/framework/base
2022-12-27T03:21:11.7059460Z   copying grpc/framework/base/_cancellation.py -> build/lib.macosx-11.0-arm64-cpython-310/grpc/framework/base
2022-12-27T03:21:11.7060070Z   creating build/lib.macosx-11.0-arm64-cpython-310/grpc/framework/common
2022-12-27T03:21:11.7060710Z   copying grpc/framework/common/style.py -> build/lib.macosx-11.0-arm64-cpython-310/grpc/framework/common
2022-12-27T03:21:11.7061610Z   copying grpc/framework/common/cardinality.py -> build/lib.macosx-11.0-arm64-cpython-310/grpc/framework/common
2022-12-27T03:21:11.7062260Z   copying grpc/framework/common/__init__.py -> build/lib.macosx-11.0-arm64-cpython-310/grpc/framework/common
2022-12-27T03:21:11.7080260Z   creating build/lib.macosx-11.0-arm64-cpython-310/grpc/framework/face
2022-12-27T03:21:11.7083480Z   copying grpc/framework/face/_service.py -> build/lib.macosx-11.0-arm64-cpython-310/grpc/framework/face
2022-12-27T03:21:11.7085670Z   copying grpc/framework/face/interfaces.py -> build/lib.macosx-11.0-arm64-cpython-310/grpc/framework/face
2022-12-27T03:21:11.7093340Z   copying grpc/framework/face/_control.py -> build/lib.macosx-11.0-arm64-cpython-310/grpc/framework/face
2022-12-27T03:21:11.7095730Z   copying grpc/framework/face/blocking_invocation_inline_service_test.py -> build/lib.macosx-11.0-arm64-cpython-310/grpc/framework/face
2022-12-27T03:21:11.7101360Z   copying grpc/framework/face/__init__.py -> build/lib.macosx-11.0-arm64-cpython-310/grpc/framework/face
2022-12-27T03:21:11.7104550Z   copying grpc/framework/face/demonstration.py -> build/lib.macosx-11.0-arm64-cpython-310/grpc/framework/face
2022-12-27T03:21:11.7108890Z   copying grpc/framework/face/_calls.py -> build/lib.macosx-11.0-arm64-cpython-310/grpc/framework/face
2022-12-27T03:21:11.7111920Z   copying grpc/framework/face/exceptions.py -> build/lib.macosx-11.0-arm64-cpython-310/grpc/framework/face
2022-12-27T03:21:11.7117200Z   copying grpc/framework/face/utilities.py -> build/lib.macosx-11.0-arm64-cpython-310/grpc/framework/face
2022-12-27T03:21:11.7120300Z   copying grpc/framework/face/event_invocation_synchronous_event_service_test.py -> build/lib.macosx-11.0-arm64-cpython-310/grpc/framework/face
2022-12-27T03:21:11.7124570Z   copying grpc/framework/face/_test_case.py -> build/lib.macosx-11.0-arm64-cpython-310/grpc/framework/face
2022-12-27T03:21:11.7128540Z   copying grpc/framework/face/implementations.py -> build/lib.macosx-11.0-arm64-cpython-310/grpc/framework/face
2022-12-27T03:21:11.7133000Z   copying grpc/framework/face/future_invocation_asynchronous_event_service_test.py -> build/lib.macosx-11.0-arm64-cpython-310/grpc/framework/face
2022-12-27T03:21:11.7147560Z   creating build/lib.macosx-11.0-arm64-cpython-310/grpc/framework/face/testing
2022-12-27T03:21:11.7149960Z   copying grpc/framework/face/testing/callback.py -> build/lib.macosx-11.0-arm64-cpython-310/grpc/framework/face/testing
2022-12-27T03:21:11.7157080Z   copying grpc/framework/face/testing/digest.py -> build/lib.macosx-11.0-arm64-cpython-310/grpc/framework/face/testing
2022-12-27T03:21:11.7163700Z   copying grpc/framework/face/testing/interfaces.py -> build/lib.macosx-11.0-arm64-cpython-310/grpc/framework/face/testing
2022-12-27T03:21:11.7166320Z   copying grpc/framework/face/testing/stock_service.py -> build/lib.macosx-11.0-arm64-cpython-310/grpc/framework/face/testing
2022-12-27T03:21:11.7168790Z   copying grpc/framework/face/testing/service.py -> build/lib.macosx-11.0-arm64-cpython-310/grpc/framework/face/testing
2022-12-27T03:21:11.7174230Z   copying grpc/framework/face/testing/blocking_invocation_inline_service_test_case.py -> build/lib.macosx-11.0-arm64-cpython-310/grpc/framework/face/testing
2022-12-27T03:21:11.7180310Z   copying grpc/framework/face/testing/base_util.py -> build/lib.macosx-11.0-arm64-cpython-310/grpc/framework/face/testing
2022-12-27T03:21:11.7184050Z   copying grpc/framework/face/testing/control.py -> build/lib.macosx-11.0-arm64-cpython-310/grpc/framework/face/testing
2022-12-27T03:21:11.7187770Z   copying grpc/framework/face/testing/__init__.py -> build/lib.macosx-11.0-arm64-cpython-310/grpc/framework/face/testing
2022-12-27T03:21:11.7192260Z   copying grpc/framework/face/testing/coverage.py -> build/lib.macosx-11.0-arm64-cpython-310/grpc/framework/face/testing
2022-12-27T03:21:11.7195500Z   copying grpc/framework/face/testing/event_invocation_synchronous_event_service_test_case.py -> build/lib.macosx-11.0-arm64-cpython-310/grpc/framework/face/testing
2022-12-27T03:21:11.7201940Z   copying grpc/framework/face/testing/test_case.py -> build/lib.macosx-11.0-arm64-cpython-310/grpc/framework/face/testing
2022-12-27T03:21:11.7204200Z   copying grpc/framework/face/testing/serial.py -> build/lib.macosx-11.0-arm64-cpython-310/grpc/framework/face/testing
2022-12-27T03:21:11.7209980Z   copying grpc/framework/face/testing/future_invocation_asynchronous_event_service_test_case.py -> build/lib.macosx-11.0-arm64-cpython-310/grpc/framework/face/testing
2022-12-27T03:21:11.7223670Z   creating build/lib.macosx-11.0-arm64-cpython-310/grpc/framework/foundation
2022-12-27T03:21:11.7225780Z   copying grpc/framework/foundation/callable_util.py -> build/lib.macosx-11.0-arm64-cpython-310/grpc/framework/foundation
2022-12-27T03:21:11.7231100Z   copying grpc/framework/foundation/abandonment.py -> build/lib.macosx-11.0-arm64-cpython-310/grpc/framework/foundation
2022-12-27T03:21:11.7233390Z   copying grpc/framework/foundation/stream_testing.py -> build/lib.macosx-11.0-arm64-cpython-310/grpc/framework/foundation
2022-12-27T03:21:11.7238570Z   copying grpc/framework/foundation/__init__.py -> build/lib.macosx-11.0-arm64-cpython-310/grpc/framework/foundation
2022-12-27T03:21:11.7242090Z   copying grpc/framework/foundation/stream.py -> build/lib.macosx-11.0-arm64-cpython-310/grpc/framework/foundation
2022-12-27T03:21:11.7246750Z   copying grpc/framework/foundation/activated.py -> build/lib.macosx-11.0-arm64-cpython-310/grpc/framework/foundation
2022-12-27T03:21:11.7250990Z   copying grpc/framework/foundation/later.py -> build/lib.macosx-11.0-arm64-cpython-310/grpc/framework/foundation
2022-12-27T03:21:11.7255420Z   copying grpc/framework/foundation/_later_test.py -> build/lib.macosx-11.0-arm64-cpython-310/grpc/framework/foundation
2022-12-27T03:21:11.7259090Z   copying grpc/framework/foundation/_logging_pool_test.py -> build/lib.macosx-11.0-arm64-cpython-310/grpc/framework/foundation
2022-12-27T03:21:11.7264120Z   copying grpc/framework/foundation/stream_util.py -> build/lib.macosx-11.0-arm64-cpython-310/grpc/framework/foundation
2022-12-27T03:21:11.7268520Z   copying grpc/framework/foundation/future.py -> build/lib.macosx-11.0-arm64-cpython-310/grpc/framework/foundation
2022-12-27T03:21:11.7271890Z   copying grpc/framework/foundation/_timer_future.py -> build/lib.macosx-11.0-arm64-cpython-310/grpc/framework/foundation
2022-12-27T03:21:11.7276280Z   copying grpc/framework/foundation/logging_pool.py -> build/lib.macosx-11.0-arm64-cpython-310/grpc/framework/foundation
2022-12-27T03:21:11.7347400Z   running build_ext
2022-12-27T03:21:11.7374660Z   building 'grpc._adapter._c' extension
2022-12-27T03:21:11.7376670Z   creating build/temp.macosx-11.0-arm64-cpython-310
2022-12-27T03:21:11.7379920Z   creating build/temp.macosx-11.0-arm64-cpython-310/grpc
2022-12-27T03:21:11.7381450Z   creating build/temp.macosx-11.0-arm64-cpython-310/grpc/_adapter
2022-12-27T03:21:11.7385560Z   clang -Wno-unused-result -Wsign-compare -Wunreachable-code -fno-common -dynamic -DNDEBUG -g -fwrapv -O3 -Wall -g -I/usr/local/opt/openssl@3/include -I/usr/local/opt/openssl@3/include -arch arm64 -I. -I/private/var/folders/51/hd414ycd67n82196sw51xqtc0000gn/T/cibw-run-4v6gagkc/cp310-macosx_arm64/build/venv/include -I/Library/Frameworks/Python.framework/Versions/3.10/include/python3.10 -c grpc/_adapter/_c.c -o build/temp.macosx-11.0-arm64-cpython-310/grpc/_adapter/_c.o
2022-12-27T03:21:11.8538670Z   grpc/_adapter/_c.c:35:10: fatal error: 'grpc/grpc.h' file not found
2022-12-27T03:21:11.8540990Z   #include <grpc/grpc.h>
2022-12-27T03:21:11.8541990Z            ^~~~~~~~~~~~~
2022-12-27T03:21:11.8544580Z   1 error generated.
2022-12-27T03:21:11.8577250Z   error: command '/usr/bin/clang' failed with exit code 1
2022-12-27T03:21:11.9214310Z   error: subprocess-exited-with-error
2022-12-27T03:21:11.9215100Z   
2022-12-27T03:21:11.9215920Z   Ã— python setup.py bdist_wheel did not run successfully.
2022-12-27T03:21:11.9216780Z   â”‚ exit code: 1
2022-12-27T03:21:11.9218050Z   â•°â”€> See above for output.
2022-12-27T03:21:11.9218470Z   
2022-12-27T03:21:11.9218830Z   note: This error originates from a subprocess, and is likely not a problem with pip.
2022-12-27T03:21:11.9224280Z   full command: /private/var/folders/51/hd414ycd67n82196sw51xqtc0000gn/T/cibw-run-4v6gagkc/cp310-macosx_arm64/build/venv/bin/python -u -c '
2022-12-27T03:21:11.9225290Z   exec(compile('"'"''"'"''"'"'
2022-12-27T03:21:11.9226120Z   # This is <pip-setuptools-caller> -- a caller that pip uses to run setup.py
2022-12-27T03:21:11.9226620Z   #
2022-12-27T03:21:11.9227420Z   # - It imports setuptools before invoking setup.py, to enable projects that directly
2022-12-27T03:21:11.9228190Z   #   import from `distutils.core` to work with newer packaging standards.
2022-12-27T03:21:11.9228830Z   # - It provides a clear error message when setuptools is not installed.
2022-12-27T03:21:11.9229680Z   # - It sets `sys.argv[0]` to the underlying `setup.py`, when invoking `setup.py` so
2022-12-27T03:21:11.9230610Z   #   setuptools doesn'"'"'t think the script is `-c`. This avoids the following warning:
2022-12-27T03:21:11.9231310Z   #     manifest_maker: standard file '"'"'-c'"'"' not found".
2022-12-27T03:21:11.9232820Z   # - It generates a shim setup.py, for handling setup.cfg-only projects.
2022-12-27T03:21:11.9233440Z   import os, sys, tokenize
2022-12-27T03:21:11.9234490Z   
2022-12-27T03:21:11.9234800Z   try:
2022-12-27T03:21:11.9235240Z       import setuptools
2022-12-27T03:21:11.9235650Z   except ImportError as error:
2022-12-27T03:21:11.9236010Z       print(
2022-12-27T03:21:11.9236610Z           "ERROR: Can not execute `setup.py` since setuptools is not available in "
2022-12-27T03:21:11.9237210Z           "the build environment.",
2022-12-27T03:21:11.9237630Z           file=sys.stderr,
2022-12-27T03:21:11.9238070Z       )
2022-12-27T03:21:11.9238390Z       sys.exit(1)
2022-12-27T03:21:11.9238750Z   
2022-12-27T03:21:11.9239160Z   __file__ = %r
2022-12-27T03:21:11.9239650Z   sys.argv[0] = __file__
2022-12-27T03:21:11.9239950Z   
2022-12-27T03:21:11.9240280Z   if os.path.exists(__file__):
2022-12-27T03:21:11.9240620Z       filename = __file__
2022-12-27T03:21:11.9240920Z       with tokenize.open(__file__) as f:
2022-12-27T03:21:11.9241250Z           setup_py_code = f.read()
2022-12-27T03:21:11.9241660Z   else:
2022-12-27T03:21:11.9242130Z       filename = "<auto-generated setuptools caller>"
2022-12-27T03:21:11.9242490Z       setup_py_code = "from setuptools import setup; setup()"
2022-12-27T03:21:11.9242770Z   
2022-12-27T03:21:11.9243090Z   exec(compile(setup_py_code, filename, "exec"))
2022-12-27T03:21:11.9243850Z   '"'"''"'"''"'"' % ('"'"'/Users/runner/actions-runner/_work/python.build/python.build/build_grpcio050a1310/grpcio-0.5.0a1/setup.py'"'"',), "<pip-setuptools-caller>", "exec"))' bdist_wheel -d /private/var/folders/51/hd414ycd67n82196sw51xqtc0000gn/T/pip-wheel-sjdsc6l3
2022-12-27T03:21:11.9244580Z   cwd: /Users/runner/actions-runner/_work/python.build/python.build/build_grpcio050a1310/grpcio-0.5.0a1/
2022-12-27T03:21:11.9245040Z   ERROR: Failed building wheel for grpcio
2022-12-27T03:21:11.9245600Z   Building wheel for grpcio (setup.py): finished with status 'error'
2022-12-27T03:21:11.9245950Z   Running command python setup.py clean
2022-12-27T03:21:11.9246330Z   Running setup.py clean for grpcio
2022-12-27T03:21:12.1782530Z   running clean
2022-12-27T03:21:12.1802460Z   removing 'build/temp.macosx-11.0-arm64-cpython-310' (and everything under it)
2022-12-27T03:21:12.1815030Z   removing 'build/lib.macosx-11.0-arm64-cpython-310' (and everything under it)
2022-12-27T03:21:12.1957810Z   'build/bdist.macosx-11.0-arm64' does not exist -- can't clean it
2022-12-27T03:21:12.1961260Z   'build/scripts-3.10' does not exist -- can't clean it
2022-12-27T03:21:12.1968460Z   removing 'build'
2022-12-27T03:21:12.2356290Z Failed to build grpcio
2022-12-27T03:21:12.2360190Z ERROR: Failed to build one or more wheels
2022-12-27T03:21:12.2375690Z Exception information:
2022-12-27T03:21:12.2377010Z Traceback (most recent call last):
2022-12-27T03:21:12.2389070Z   File "/private/var/folders/51/hd414ycd67n82196sw51xqtc0000gn/T/cibw-run-4v6gagkc/cp310-macosx_arm64/build/venv/lib/python3.10/site-packages/pip/_internal/cli/base_command.py", line 160, in exc_logging_wrapper
2022-12-27T03:21:12.2389750Z     status = run_func(*args)
2022-12-27T03:21:12.2390490Z   File "/private/var/folders/51/hd414ycd67n82196sw51xqtc0000gn/T/cibw-run-4v6gagkc/cp310-macosx_arm64/build/venv/lib/python3.10/site-packages/pip/_internal/cli/req_command.py", line 247, in wrapper
2022-12-27T03:21:12.2391060Z     return func(self, options, args)
2022-12-27T03:21:12.2391820Z   File "/private/var/folders/51/hd414ycd67n82196sw51xqtc0000gn/T/cibw-run-4v6gagkc/cp310-macosx_arm64/build/venv/lib/python3.10/site-packages/pip/_internal/commands/wheel.py", line 201, in run
2022-12-27T03:21:12.2392350Z     raise CommandError("Failed to build one or more wheels")
2022-12-27T03:21:12.2392850Z pip._internal.exceptions.CommandError: Failed to build one or more wheels
2022-12-27T03:21:12.2393470Z Removed build tracker: '/private/var/folders/51/hd414ycd67n82196sw51xqtc0000gn/T/pip-build-tracker-dh_89783'
2022-12-27T03:21:12.3416010Z ##[endgroup]
2022-12-27T03:21:12.3453680Z ##[error]Command ['python', '-m', 'pip', 'wheel', '/Users/runner/actions-runner/_work/python.build/python.build/build_grpcio050a1310/grpcio-0.5.0a1', '--wheel-dir=/private/var/folders/51/hd414ycd67n82196sw51xqtc0000gn/T/cibw-run-4v6gagkc/cp310-macosx_arm64/built_wheel', '--no-deps', '-vvv'] failed with code 1. None
2022-12-27T03:21:12.3464000Z 
2022-12-27T03:21:12.3464410Z                                                               [31mâœ• [0m2.00s
2022-12-27T03:21:12.4263330Z ##[error]Process completed with exit code 1.
2022-12-27T03:21:12.4314990Z ##[group]Run rm -rf build_grpcio050a1310 wheelsout
2022-12-27T03:21:12.4315300Z [36;1mrm -rf build_grpcio050a1310 wheelsout[0m
2022-12-27T03:21:12.4343110Z shell: /bin/bash -e {0}
2022-12-27T03:21:12.4343300Z env:
2022-12-27T03:21:12.4343540Z   pythonLocation: /Users/runner/hostedtoolcache/Python/3.10.9/x64
2022-12-27T03:21:12.4343850Z   PKG_CONFIG_PATH: /Users/runner/hostedtoolcache/Python/3.10.9/x64/lib/pkgconfig
2022-12-27T03:21:12.4344180Z   Python_ROOT_DIR: /Users/runner/hostedtoolcache/Python/3.10.9/x64
2022-12-27T03:21:12.4344490Z   Python2_ROOT_DIR: /Users/runner/hostedtoolcache/Python/3.10.9/x64
2022-12-27T03:21:12.4344800Z   Python3_ROOT_DIR: /Users/runner/hostedtoolcache/Python/3.10.9/x64
2022-12-27T03:21:12.4345030Z ##[endgroup]
2022-12-27T03:21:12.4826630Z Cleaning up orphan processes
