2022-12-27T08:54:27.2298580Z Requested labels: self-hosted, macOS, X64
2022-12-27T08:54:27.2298687Z Job defined at: kilnbuild/python.build/.github/workflows/mac_arm_build.yml@refs/heads/main
2022-12-27T08:54:27.2298720Z Waiting for a runner to pick up this job...
2022-12-27T11:30:32.1019823Z Job is about to start running on the runner: kr2 (organization)
2022-12-27T11:30:39.1139340Z Current runner version: '2.300.2'
2022-12-27T11:30:39.1146770Z Runner name: 'kr2'
2022-12-27T11:30:39.1147170Z Runner group name: 'Default'
2022-12-27T11:30:39.1148050Z Machine name: 'kr2'
2022-12-27T11:30:39.1150570Z ##[group]GITHUB_TOKEN Permissions
2022-12-27T11:30:39.1151230Z Actions: write
2022-12-27T11:30:39.1151490Z Checks: write
2022-12-27T11:30:39.1151730Z Contents: write
2022-12-27T11:30:39.1151970Z Deployments: write
2022-12-27T11:30:39.1152240Z Discussions: write
2022-12-27T11:30:39.1152490Z Issues: write
2022-12-27T11:30:39.1152720Z Metadata: read
2022-12-27T11:30:39.1152980Z Packages: write
2022-12-27T11:30:39.1153230Z Pages: write
2022-12-27T11:30:39.1153480Z PullRequests: write
2022-12-27T11:30:39.1153780Z RepositoryProjects: write
2022-12-27T11:30:39.1154070Z SecurityEvents: write
2022-12-27T11:30:39.1154320Z Statuses: write
2022-12-27T11:30:39.1154570Z ##[endgroup]
2022-12-27T11:30:39.1158270Z Secret source: Actions
2022-12-27T11:30:39.1158760Z Prepare workflow directory
2022-12-27T11:30:39.2321110Z Prepare all required actions
2022-12-27T11:30:39.2535990Z Getting action download info
2022-12-27T11:30:39.7065810Z Download action repository 'actions/setup-python@v4' (SHA:5ccb29d8773c3f3f653e1705f474dfaa8a06a912)
2022-12-27T11:30:41.5748420Z Download action repository 'actions/upload-artifact@v3' (SHA:83fd05a356d7e2593de66fc9913b3002723633cb)
2022-12-27T11:30:43.0472710Z ##[group]Run echo '{
2022-12-27T11:30:43.0473190Z [36;1mecho '{[0m
2022-12-27T11:30:43.0473400Z [36;1m  "package_name": "lxml",[0m
2022-12-27T11:30:43.0473790Z [36;1m  "package_url": "https://files.pythonhosted.org/packages/24/4f/4a5ec1c622d3730c3eea8aa68b5ed0ca3a5cf7b84887a3d0124779a45b7f/lxml-2.2beta2.tar.gz",[0m
2022-12-27T11:30:43.0474160Z [36;1m  "package_version": "2.2beta2",[0m
2022-12-27T11:30:43.0474380Z [36;1m  "python_version": "3.9",[0m
2022-12-27T11:30:43.0474770Z [36;1m  "use_ccache": "true"[0m
2022-12-27T11:30:43.0474960Z [36;1m}'[0m
2022-12-27T11:30:43.0503380Z shell: /bin/bash -e {0}
2022-12-27T11:30:43.0503610Z ##[endgroup]
2022-12-27T11:30:43.0893980Z {
2022-12-27T11:30:43.0896720Z   "package_name": "lxml",
2022-12-27T11:30:43.0897960Z   "package_url": "https://files.pythonhosted.org/packages/24/4f/4a5ec1c622d3730c3eea8aa68b5ed0ca3a5cf7b84887a3d0124779a45b7f/lxml-2.2beta2.tar.gz",
2022-12-27T11:30:43.0898670Z   "package_version": "2.2beta2",
2022-12-27T11:30:43.0899260Z   "python_version": "3.9",
2022-12-27T11:30:43.0899570Z   "use_ccache": "true"
2022-12-27T11:30:43.0899980Z }
2022-12-27T11:30:43.1249580Z ##[group]Run actions/setup-python@v4
2022-12-27T11:30:43.1250020Z with:
2022-12-27T11:30:43.1250280Z   python-version: 3.9
2022-12-27T11:30:43.1250730Z   check-latest: false
2022-12-27T11:30:43.1251260Z   token: ***
2022-12-27T11:30:43.1251530Z   update-environment: true
2022-12-27T11:30:43.1251860Z ##[endgroup]
2022-12-27T11:30:43.3461750Z ##[group]Installed versions
2022-12-27T11:30:43.3531780Z Successfully set up CPython (3.9.16)
2022-12-27T11:30:43.3533920Z ##[endgroup]
2022-12-27T11:30:43.3759860Z ##[group]Run if [ "true" == "true" ]
2022-12-27T11:30:43.3760470Z [36;1mif [ "true" == "true" ][0m
2022-12-27T11:30:43.3760860Z [36;1mthen[0m
2022-12-27T11:30:43.3761310Z [36;1m  echo "CCACHE_PATH_PREPEND=/usr/local/opt/ccache/libexec" >> $GITHUB_OUTPUT[0m
2022-12-27T11:30:43.3761630Z [36;1melse[0m
2022-12-27T11:30:43.3762050Z [36;1m  echo "CCACHE_PATH_PREPEND=" >> $GITHUB_OUTPUT[0m
2022-12-27T11:30:43.3762600Z [36;1mfi[0m
2022-12-27T11:30:43.3792190Z shell: /bin/bash -e {0}
2022-12-27T11:30:43.3792670Z env:
2022-12-27T11:30:43.3793230Z   pythonLocation: /Users/runner/hostedtoolcache/Python/3.9.16/x64
2022-12-27T11:30:43.3793660Z   PKG_CONFIG_PATH: /Users/runner/hostedtoolcache/Python/3.9.16/x64/lib/pkgconfig
2022-12-27T11:30:43.3794140Z   Python_ROOT_DIR: /Users/runner/hostedtoolcache/Python/3.9.16/x64
2022-12-27T11:30:43.3794660Z   Python2_ROOT_DIR: /Users/runner/hostedtoolcache/Python/3.9.16/x64
2022-12-27T11:30:43.3795400Z   Python3_ROOT_DIR: /Users/runner/hostedtoolcache/Python/3.9.16/x64
2022-12-27T11:30:43.3796370Z ##[endgroup]
2022-12-27T11:30:43.4086210Z ##[group]Run echo "BUILD_NAME=$(echo lxml_2.2beta2_3.9 | tr -dc '[:alnum:]\n\r' | tr '[:upper:]' '[:lower:]')" >> $GITHUB_OUTPUT
2022-12-27T11:30:43.4086970Z [36;1mecho "BUILD_NAME=$(echo lxml_2.2beta2_3.9 | tr -dc '[:alnum:]\n\r' | tr '[:upper:]' '[:lower:]')" >> $GITHUB_OUTPUT[0m
2022-12-27T11:30:43.4114550Z shell: /bin/bash -e {0}
2022-12-27T11:30:43.4114860Z env:
2022-12-27T11:30:43.4115220Z   pythonLocation: /Users/runner/hostedtoolcache/Python/3.9.16/x64
2022-12-27T11:30:43.4115590Z   PKG_CONFIG_PATH: /Users/runner/hostedtoolcache/Python/3.9.16/x64/lib/pkgconfig
2022-12-27T11:30:43.4116180Z   Python_ROOT_DIR: /Users/runner/hostedtoolcache/Python/3.9.16/x64
2022-12-27T11:30:43.4116600Z   Python2_ROOT_DIR: /Users/runner/hostedtoolcache/Python/3.9.16/x64
2022-12-27T11:30:43.4116950Z   Python3_ROOT_DIR: /Users/runner/hostedtoolcache/Python/3.9.16/x64
2022-12-27T11:30:43.4117290Z ##[endgroup]
2022-12-27T11:30:43.4352410Z ##[group]Run echo "PYTHON_NO_DOTS=$(echo 3.9 | tr -dc '[:alnum:]\n\r' | tr '[:upper:]' '[:lower:]')" >> $GITHUB_OUTPUT
2022-12-27T11:30:43.4353140Z [36;1mecho "PYTHON_NO_DOTS=$(echo 3.9 | tr -dc '[:alnum:]\n\r' | tr '[:upper:]' '[:lower:]')" >> $GITHUB_OUTPUT[0m
2022-12-27T11:30:43.4380080Z shell: /bin/bash -e {0}
2022-12-27T11:30:43.4380380Z env:
2022-12-27T11:30:43.4380740Z   pythonLocation: /Users/runner/hostedtoolcache/Python/3.9.16/x64
2022-12-27T11:30:43.4382380Z   PKG_CONFIG_PATH: /Users/runner/hostedtoolcache/Python/3.9.16/x64/lib/pkgconfig
2022-12-27T11:30:43.4382890Z   Python_ROOT_DIR: /Users/runner/hostedtoolcache/Python/3.9.16/x64
2022-12-27T11:30:43.4383320Z   Python2_ROOT_DIR: /Users/runner/hostedtoolcache/Python/3.9.16/x64
2022-12-27T11:30:43.4383740Z   Python3_ROOT_DIR: /Users/runner/hostedtoolcache/Python/3.9.16/x64
2022-12-27T11:30:43.4384040Z ##[endgroup]
2022-12-27T11:30:43.4666450Z ##[group]Run rm -rf build_lxml22beta239
2022-12-27T11:30:43.4667180Z [36;1mrm -rf build_lxml22beta239[0m
2022-12-27T11:30:43.4667540Z [36;1mmkdir build_lxml22beta239[0m
2022-12-27T11:30:43.4667870Z [36;1mcd build_lxml22beta239[0m
2022-12-27T11:30:43.4668440Z [36;1m/usr/local/bin/wget --quiet https://files.pythonhosted.org/packages/24/4f/4a5ec1c622d3730c3eea8aa68b5ed0ca3a5cf7b84887a3d0124779a45b7f/lxml-2.2beta2.tar.gz[0m
2022-12-27T11:30:43.4668920Z [36;1mtar xf *.tar.gz[0m
2022-12-27T11:30:43.4669160Z [36;1mcd *[0m
2022-12-27T11:30:43.4669510Z [36;1mpython -m pip install cibuildwheel==2.11.3[0m
2022-12-27T11:30:43.4669970Z [36;1mpython -m cibuildwheel --output-dir ../wheelsout[0m
2022-12-27T11:30:43.4696300Z shell: /bin/bash -e {0}
2022-12-27T11:30:43.4696630Z env:
2022-12-27T11:30:43.4696990Z   pythonLocation: /Users/runner/hostedtoolcache/Python/3.9.16/x64
2022-12-27T11:30:43.4697540Z   PKG_CONFIG_PATH: /Users/runner/hostedtoolcache/Python/3.9.16/x64/lib/pkgconfig
2022-12-27T11:30:43.4697980Z   Python_ROOT_DIR: /Users/runner/hostedtoolcache/Python/3.9.16/x64
2022-12-27T11:30:43.4698400Z   Python2_ROOT_DIR: /Users/runner/hostedtoolcache/Python/3.9.16/x64
2022-12-27T11:30:43.4698890Z   Python3_ROOT_DIR: /Users/runner/hostedtoolcache/Python/3.9.16/x64
2022-12-27T11:30:43.4699270Z   CIBW_ARCHS_MACOS: arm64
2022-12-27T11:30:43.4699590Z   CIBW_TEST_SKIP: *_arm64
2022-12-27T11:30:43.4699920Z   CIBW_BUILD: cp39-macosx_arm64
2022-12-27T11:30:43.4700200Z   CIBW_BUILD_FRONTEND: pip
2022-12-27T11:30:43.4700520Z   CIBW_BUILD_VERBOSITY: 3
2022-12-27T11:30:43.4701120Z   CIBW_ENVIRONMENT_MACOS:  CFLAGS="-I/usr/local/opt/openssl@3/include" LDFLAGS="-L/usr/local/opt/openssl@3/lib" CPPFLAGS="-I/usr/local/opt/openssl@3/include" MAKEFLAGS="-j$(sysctl -n hw.logicalcpu)" PATH=/usr/local/opt/ccache/libexec:$PATH
2022-12-27T11:30:43.4701760Z   CIBW_BEFORE_BUILD: pip install Cython; if [[ -f requirements.txt ]]; then pip install -r requirements.txt; fi
2022-12-27T11:30:43.4702130Z   MAKEFLAGS: -j$(sysctl -n hw.logicalcpu)
2022-12-27T11:30:43.4702450Z ##[endgroup]
2022-12-27T11:30:44.2579360Z Requirement already satisfied: cibuildwheel==2.11.3 in /Users/runner/hostedtoolcache/Python/3.9.16/x64/lib/python3.9/site-packages (2.11.3)
2022-12-27T11:30:44.2989720Z Requirement already satisfied: bracex in /Users/runner/hostedtoolcache/Python/3.9.16/x64/lib/python3.9/site-packages (from cibuildwheel==2.11.3) (2.3.post1)
2022-12-27T11:30:44.2991980Z Requirement already satisfied: certifi in /Users/runner/hostedtoolcache/Python/3.9.16/x64/lib/python3.9/site-packages (from cibuildwheel==2.11.3) (2022.12.7)
2022-12-27T11:30:44.2997520Z Requirement already satisfied: platformdirs in /Users/runner/hostedtoolcache/Python/3.9.16/x64/lib/python3.9/site-packages (from cibuildwheel==2.11.3) (2.6.0)
2022-12-27T11:30:44.3004320Z Requirement already satisfied: packaging>=20.9 in /Users/runner/hostedtoolcache/Python/3.9.16/x64/lib/python3.9/site-packages (from cibuildwheel==2.11.3) (22.0)
2022-12-27T11:30:44.3016560Z Requirement already satisfied: tomli in /Users/runner/hostedtoolcache/Python/3.9.16/x64/lib/python3.9/site-packages (from cibuildwheel==2.11.3) (2.0.1)
2022-12-27T11:30:44.3029350Z Requirement already satisfied: typing-extensions>=4.1.0 in /Users/runner/hostedtoolcache/Python/3.9.16/x64/lib/python3.9/site-packages (from cibuildwheel==2.11.3) (4.4.0)
2022-12-27T11:30:44.3036120Z Requirement already satisfied: bashlex!=0.13 in /Users/runner/hostedtoolcache/Python/3.9.16/x64/lib/python3.9/site-packages (from cibuildwheel==2.11.3) (0.16)
2022-12-27T11:30:44.3040940Z Requirement already satisfied: filelock in /Users/runner/hostedtoolcache/Python/3.9.16/x64/lib/python3.9/site-packages (from cibuildwheel==2.11.3) (3.8.2)
2022-12-27T11:30:44.6209230Z 
2022-12-27T11:30:44.6209860Z      _ _       _ _   _       _           _
2022-12-27T11:30:44.6211000Z  ___|_| |_ _ _|_| |_| |_ _ _| |_ ___ ___| |
2022-12-27T11:30:44.6213170Z |  _| | . | | | | | . | | | |   | -_| -_| |
2022-12-27T11:30:44.6215110Z |___|_|___|___|_|_|___|_____|_|_|___|___|_|
2022-12-27T11:30:44.6215400Z 
2022-12-27T11:30:44.6215520Z cibuildwheel version 2.11.3
2022-12-27T11:30:44.6216030Z 
2022-12-27T11:30:44.6216190Z Build options:
2022-12-27T11:30:44.6216630Z   platform: macos
2022-12-27T11:30:44.6317890Z   architectures: arm64[0m
2022-12-27T11:30:44.6319610Z   build_selector: 
2022-12-27T11:30:44.6321500Z     build_config: cp39-macosx_arm64
2022-12-27T11:30:44.6322290Z     skip_config: 
2022-12-27T11:30:44.6324200Z     requires_python: None
2022-12-27T11:30:44.6325250Z     prerelease_pythons: False[0m
2022-12-27T11:30:44.6326590Z   [38;5;244mcontainer_engine: docker[0m
2022-12-27T11:30:44.6327120Z   output_dir: /Users/runner/actions-runner/_work/python.build/python.build/build_lxml22beta239/wheelsout[0m
2022-12-27T11:30:44.6327810Z   package_dir: /Users/runner/actions-runner/_work/python.build/python.build/build_lxml22beta239/lxml-2.2beta2[0m
2022-12-27T11:30:44.6328240Z   test_selector: 
2022-12-27T11:30:44.6328650Z     skip_config: *_arm64[0m
2022-12-27T11:30:44.6329960Z   [38;5;244mbefore_all: [0m
2022-12-27T11:30:44.6330530Z   before_build: pip install Cython; if [[ -f requirements.txt ]]; then pip install -r requirements.txt; fi[0m
2022-12-27T11:30:44.6331020Z   [38;5;244mbefore_test: [0m
2022-12-27T11:30:44.6331440Z   [38;5;244mbuild_frontend: pip[0m
2022-12-27T11:30:44.6332220Z   build_verbosity: 3[0m
2022-12-27T11:30:44.6332640Z   [38;5;244mconfig_settings: [0m
2022-12-27T11:30:44.6334290Z   [38;5;244mdependency_constraints: pinned[0m
2022-12-27T11:30:44.6335060Z   environment: 
2022-12-27T11:30:44.6336240Z     CFLAGS="-I/usr/local/opt/openssl@3/include"
2022-12-27T11:30:44.6337360Z     LDFLAGS="-L/usr/local/opt/openssl@3/lib"
2022-12-27T11:30:44.6338290Z     CPPFLAGS="-I/usr/local/opt/openssl@3/include"
2022-12-27T11:30:44.6339330Z     MAKEFLAGS="-j$(sysctl -n hw.logicalcpu)"
2022-12-27T11:30:44.6340130Z     PATH=/usr/local/opt/ccache/libexec:$PATH[0m
2022-12-27T11:30:44.6340980Z   [38;5;244mmanylinux_images: None[0m
2022-12-27T11:30:44.6342160Z   [38;5;244mmusllinux_images: None[0m
2022-12-27T11:30:44.6343100Z   [38;5;244mrepair_command: delocate-wheel --require-archs {delocate_archs} -w {dest_dir} -v {wheel}[0m
2022-12-27T11:30:44.6344910Z   [38;5;244mtest_command: [0m
2022-12-27T11:30:44.6345400Z   [38;5;244mtest_extras: [0m
2022-12-27T11:30:44.6346210Z   [38;5;244mtest_requires: [0m
2022-12-27T11:30:44.6346470Z 
2022-12-27T11:30:44.6346760Z Cache folder: /Users/runner/Library/Caches/cibuildwheel
2022-12-27T11:30:44.6347080Z 
2022-12-27T11:30:44.6347260Z Here we go!
2022-12-27T11:30:44.6347510Z 
2022-12-27T11:30:44.6513560Z 
2022-12-27T11:30:44.6514410Z [1m[34mBuilding cp39-macosx_arm64 wheel[0m
2022-12-27T11:30:44.6514920Z CPython 3.9 macOS arm64 - Apple Silicon
2022-12-27T11:30:44.6515160Z 
2022-12-27T11:30:44.6519630Z ##[group]Installing Python cp39...
2022-12-27T11:30:44.6519900Z 
2022-12-27T11:30:44.6520330Z + pkgutil --pkgs
2022-12-27T11:30:44.6739620Z ##[endgroup]
2022-12-27T11:30:44.6742420Z                                                               [32mâœ“ [0m0.02s
2022-12-27T11:30:44.6743080Z ##[group]Setting up build environment...
2022-12-27T11:30:44.6743890Z 
2022-12-27T11:30:44.6776830Z + /Users/runner/hostedtoolcache/Python/3.9.16/x64/bin/python -sS /Users/runner/Library/Caches/cibuildwheel/virtualenv-20.17.0.pyz --activators= --no-periodic-update --pip=22.3.1 --setuptools=65.6.3 --wheel=0.38.4 --symlink-app-data --python /Library/Frameworks/Python.framework/Versions/3.9/bin/python3 /private/var/folders/51/hd414ycd67n82196sw51xqtc0000gn/T/cibw-run-f58jd_zb/cp39-macosx_arm64/build/venv
2022-12-27T11:30:44.9782070Z created virtual environment CPython3.9.13.final.0-64 in 80ms
2022-12-27T11:30:44.9783680Z   creator CPython3Posix(dest=/private/var/folders/51/hd414ycd67n82196sw51xqtc0000gn/T/cibw-run-f58jd_zb/cp39-macosx_arm64/build/venv, clear=False, no_vcs_ignore=False, global=False)
2022-12-27T11:30:44.9785830Z   seeder FromAppData(download=False, pip=22.3.1, setuptools=65.6.3, wheel=0.38.4, via=symlink, app_data_dir=/Users/runner/Library/Application Support/virtualenv)
2022-12-27T11:30:44.9787200Z     added seed packages: pip==22.3.1, setuptools==65.6.3, wheel==0.38.4
2022-12-27T11:30:45.0015230Z + python -m pip install --upgrade pip -c /Users/runner/hostedtoolcache/Python/3.9.16/x64/lib/python3.9/site-packages/cibuildwheel/resources/constraints-python39.txt
2022-12-27T11:30:45.5287900Z Requirement already satisfied: pip in ./lib/python3.9/site-packages (22.3.1)
2022-12-27T11:30:45.8075050Z + which pip
2022-12-27T11:30:45.8118910Z /private/var/folders/51/hd414ycd67n82196sw51xqtc0000gn/T/cibw-run-f58jd_zb/cp39-macosx_arm64/build/venv/bin/pip
2022-12-27T11:30:45.8121730Z + pip --version
2022-12-27T11:30:46.1862770Z pip 22.3.1 from /private/var/folders/51/hd414ycd67n82196sw51xqtc0000gn/T/cibw-run-f58jd_zb/cp39-macosx_arm64/build/venv/lib/python3.9/site-packages/pip (python 3.9)
2022-12-27T11:30:46.2315250Z + which pip
2022-12-27T11:30:46.2379860Z + which python
2022-12-27T11:30:46.2420360Z /private/var/folders/51/hd414ycd67n82196sw51xqtc0000gn/T/cibw-run-f58jd_zb/cp39-macosx_arm64/build/venv/bin/python
2022-12-27T11:30:46.2424770Z + python --version
2022-12-27T11:30:46.2512960Z Python 3.9.13
2022-12-27T11:30:46.2523340Z + which python
2022-12-27T11:30:46.2632920Z ##[endgroup]
2022-12-27T11:30:46.2635920Z                                                               [32mâœ“ [0m1.59s
2022-12-27T11:30:46.2638030Z ##[group]Installing build tools...
2022-12-27T11:30:46.2638480Z 
2022-12-27T11:30:46.2640080Z + pip install --upgrade setuptools wheel delocate -c /Users/runner/hostedtoolcache/Python/3.9.16/x64/lib/python3.9/site-packages/cibuildwheel/resources/constraints-python39.txt
2022-12-27T11:30:46.7771790Z Requirement already satisfied: setuptools in /private/var/folders/51/hd414ycd67n82196sw51xqtc0000gn/T/cibw-run-f58jd_zb/cp39-macosx_arm64/build/venv/lib/python3.9/site-packages (65.6.3)
2022-12-27T11:30:47.1977790Z Requirement already satisfied: wheel in /private/var/folders/51/hd414ycd67n82196sw51xqtc0000gn/T/cibw-run-f58jd_zb/cp39-macosx_arm64/build/venv/lib/python3.9/site-packages (0.38.4)
2022-12-27T11:30:47.2956460Z Collecting delocate
2022-12-27T11:30:47.3008090Z   Using cached delocate-0.10.3-py3-none-any.whl (142 kB)
2022-12-27T11:30:47.3587000Z Collecting packaging>=20.9
2022-12-27T11:30:47.3648950Z   Using cached packaging-21.3-py3-none-any.whl (40 kB)
2022-12-27T11:30:47.3995520Z Collecting typing-extensions
2022-12-27T11:30:47.4044500Z   Using cached typing_extensions-4.4.0-py3-none-any.whl (26 kB)
2022-12-27T11:30:47.4732980Z Collecting pyparsing!=3.0.5,>=2.0.2
2022-12-27T11:30:47.4779300Z   Using cached pyparsing-3.0.9-py3-none-any.whl (98 kB)
2022-12-27T11:30:47.5431230Z Installing collected packages: typing-extensions, pyparsing, packaging, delocate
2022-12-27T11:30:47.7917850Z Successfully installed delocate-0.10.3 packaging-21.3 pyparsing-3.0.9 typing-extensions-4.4.0
2022-12-27T11:30:47.9057650Z ##[endgroup]
2022-12-27T11:30:47.9058890Z                                                               [32mâœ“ [0m1.64s
2022-12-27T11:30:47.9059570Z ##[group]Running before_build...
2022-12-27T11:30:47.9059840Z 
2022-12-27T11:30:47.9071750Z + pip install Cython; if [[ -f requirements.txt ]]; then pip install -r requirements.txt; fi
2022-12-27T11:30:49.1318710Z Collecting Cython
2022-12-27T11:30:49.1409320Z   Using cached Cython-0.29.32-py2.py3-none-any.whl (986 kB)
2022-12-27T11:30:49.2223410Z Installing collected packages: Cython
2022-12-27T11:30:50.0850110Z Successfully installed Cython-0.29.32
2022-12-27T11:30:50.1846730Z ##[endgroup]
2022-12-27T11:30:50.1848860Z                                                               [32mâœ“ [0m2.28s
2022-12-27T11:30:50.1850230Z ##[group]Building wheel...
2022-12-27T11:30:50.1850660Z 
2022-12-27T11:30:50.1860870Z + python -m pip wheel /Users/runner/actions-runner/_work/python.build/python.build/build_lxml22beta239/lxml-2.2beta2 --wheel-dir=/private/var/folders/51/hd414ycd67n82196sw51xqtc0000gn/T/cibw-run-f58jd_zb/cp39-macosx_arm64/built_wheel --no-deps -vvv
2022-12-27T11:30:50.6694770Z Created temporary directory: /private/var/folders/51/hd414ycd67n82196sw51xqtc0000gn/T/pip-ephem-wheel-cache-hkso62fg
2022-12-27T11:30:50.6699800Z Created temporary directory: /private/var/folders/51/hd414ycd67n82196sw51xqtc0000gn/T/pip-build-tracker-t3irck5o
2022-12-27T11:30:50.6703680Z Initialized build tracking at /private/var/folders/51/hd414ycd67n82196sw51xqtc0000gn/T/pip-build-tracker-t3irck5o
2022-12-27T11:30:50.6705920Z Created build tracker: /private/var/folders/51/hd414ycd67n82196sw51xqtc0000gn/T/pip-build-tracker-t3irck5o
2022-12-27T11:30:50.6708030Z Entered build tracker: /private/var/folders/51/hd414ycd67n82196sw51xqtc0000gn/T/pip-build-tracker-t3irck5o
2022-12-27T11:30:50.6713970Z Created temporary directory: /private/var/folders/51/hd414ycd67n82196sw51xqtc0000gn/T/pip-wheel-rpl2tod8
2022-12-27T11:30:50.6725310Z Created temporary directory: /private/var/folders/51/hd414ycd67n82196sw51xqtc0000gn/T/pip-ephem-wheel-cache-odtxgsox
2022-12-27T11:30:50.7015970Z Processing /Users/runner/actions-runner/_work/python.build/python.build/build_lxml22beta239/lxml-2.2beta2
2022-12-27T11:30:50.7023940Z   Added file:///Users/runner/actions-runner/_work/python.build/python.build/build_lxml22beta239/lxml-2.2beta2 to build tracker '/private/var/folders/51/hd414ycd67n82196sw51xqtc0000gn/T/pip-build-tracker-t3irck5o'
2022-12-27T11:30:50.7030520Z   Running setup.py (path:/Users/runner/actions-runner/_work/python.build/python.build/build_lxml22beta239/lxml-2.2beta2/setup.py) egg_info for package from file:///Users/runner/actions-runner/_work/python.build/python.build/build_lxml22beta239/lxml-2.2beta2
2022-12-27T11:30:50.7035260Z   Created temporary directory: /private/var/folders/51/hd414ycd67n82196sw51xqtc0000gn/T/pip-pip-egg-info-hmu__n9a
2022-12-27T11:30:50.7039420Z   Preparing metadata (setup.py): started
2022-12-27T11:30:50.7041510Z   Running command python setup.py egg_info
2022-12-27T11:30:51.4224660Z   /private/var/folders/51/hd414ycd67n82196sw51xqtc0000gn/T/cibw-run-f58jd_zb/cp39-macosx_arm64/build/venv/lib/python3.9/site-packages/setuptools/dist.py:529: UserWarning: Normalizing '2.2beta2' to '2.2b2'
2022-12-27T11:30:51.4225800Z     warnings.warn(tmpl.format(**locals()))
2022-12-27T11:30:51.4323190Z   Building lxml version 2.2.beta2.
2022-12-27T11:30:51.4325630Z   Building with Cython 0.29.32.
2022-12-27T11:30:51.4327940Z   Using build configuration of libxslt 1.1.29
2022-12-27T11:30:51.4330230Z   Building against libxml2/libxslt in the following directory: /Library/Developer/CommandLineTools/SDKs/MacOSX12.1.sdk/usr/lib
2022-12-27T11:30:51.4333540Z   running egg_info
2022-12-27T11:30:51.4335700Z   creating /private/var/folders/51/hd414ycd67n82196sw51xqtc0000gn/T/pip-pip-egg-info-hmu__n9a/lxml.egg-info
2022-12-27T11:30:51.4358000Z   writing /private/var/folders/51/hd414ycd67n82196sw51xqtc0000gn/T/pip-pip-egg-info-hmu__n9a/lxml.egg-info/PKG-INFO
2022-12-27T11:30:51.4365580Z   writing dependency_links to /private/var/folders/51/hd414ycd67n82196sw51xqtc0000gn/T/pip-pip-egg-info-hmu__n9a/lxml.egg-info/dependency_links.txt
2022-12-27T11:30:51.4372510Z   writing top-level names to /private/var/folders/51/hd414ycd67n82196sw51xqtc0000gn/T/pip-pip-egg-info-hmu__n9a/lxml.egg-info/top_level.txt
2022-12-27T11:30:51.4380060Z   writing manifest file '/private/var/folders/51/hd414ycd67n82196sw51xqtc0000gn/T/pip-pip-egg-info-hmu__n9a/lxml.egg-info/SOURCES.txt'
2022-12-27T11:30:51.4483920Z   reading manifest file '/private/var/folders/51/hd414ycd67n82196sw51xqtc0000gn/T/pip-pip-egg-info-hmu__n9a/lxml.egg-info/SOURCES.txt'
2022-12-27T11:30:51.4493790Z   reading manifest template 'MANIFEST.in'
2022-12-27T11:30:51.6220080Z   adding license file 'LICENSES.txt'
2022-12-27T11:30:51.6347340Z   writing manifest file '/private/var/folders/51/hd414ycd67n82196sw51xqtc0000gn/T/pip-pip-egg-info-hmu__n9a/lxml.egg-info/SOURCES.txt'
2022-12-27T11:30:51.6827490Z   Preparing metadata (setup.py): finished with status 'done'
2022-12-27T11:30:51.6870520Z   Source in /Users/runner/actions-runner/_work/python.build/python.build/build_lxml22beta239/lxml-2.2beta2 has version 2.2b2, which satisfies requirement lxml==2.2b2 from file:///Users/runner/actions-runner/_work/python.build/python.build/build_lxml22beta239/lxml-2.2beta2
2022-12-27T11:30:51.6873190Z   Removed lxml==2.2b2 from file:///Users/runner/actions-runner/_work/python.build/python.build/build_lxml22beta239/lxml-2.2beta2 from build tracker '/private/var/folders/51/hd414ycd67n82196sw51xqtc0000gn/T/pip-build-tracker-t3irck5o'
2022-12-27T11:30:51.6902610Z Created temporary directory: /private/var/folders/51/hd414ycd67n82196sw51xqtc0000gn/T/pip-unpack-8wkxqdet
2022-12-27T11:30:51.6906810Z Building wheels for collected packages: lxml
2022-12-27T11:30:51.6918190Z   Created temporary directory: /private/var/folders/51/hd414ycd67n82196sw51xqtc0000gn/T/pip-wheel-97fxpau0
2022-12-27T11:30:51.6921710Z   Building wheel for lxml (setup.py): started
2022-12-27T11:30:51.6924120Z   Destination directory: /private/var/folders/51/hd414ycd67n82196sw51xqtc0000gn/T/pip-wheel-97fxpau0
2022-12-27T11:30:51.6926960Z   Running command python setup.py bdist_wheel
2022-12-27T11:30:52.1248730Z   Building lxml version 2.2.beta2.
2022-12-27T11:30:52.1250890Z   Building with Cython 0.29.32.
2022-12-27T11:30:52.1496400Z   Using build configuration of libxslt 1.1.29
2022-12-27T11:30:52.3384560Z   Building against libxml2/libxslt in the following directory: /Library/Developer/CommandLineTools/SDKs/MacOSX12.1.sdk/usr/lib
2022-12-27T11:30:52.3567330Z   /private/var/folders/51/hd414ycd67n82196sw51xqtc0000gn/T/cibw-run-f58jd_zb/cp39-macosx_arm64/build/venv/lib/python3.9/site-packages/setuptools/dist.py:529: UserWarning: Normalizing '2.2beta2' to '2.2b2'
2022-12-27T11:30:52.3569380Z     warnings.warn(tmpl.format(**locals()))
2022-12-27T11:30:52.3794390Z   running bdist_wheel
2022-12-27T11:30:52.3866200Z   running build
2022-12-27T11:30:52.3868390Z   running build_py
2022-12-27T11:30:52.3906410Z   creating build
2022-12-27T11:30:52.3907660Z   creating build/lib.macosx-11.0-arm64-cpython-39
2022-12-27T11:30:52.3909040Z   creating build/lib.macosx-11.0-arm64-cpython-39/lxml
2022-12-27T11:30:52.3912160Z   copying src/lxml/_elementpath.py -> build/lib.macosx-11.0-arm64-cpython-39/lxml
2022-12-27T11:30:52.3914530Z   copying src/lxml/sax.py -> build/lib.macosx-11.0-arm64-cpython-39/lxml
2022-12-27T11:30:52.3920350Z   copying src/lxml/pyclasslookup.py -> build/lib.macosx-11.0-arm64-cpython-39/lxml
2022-12-27T11:30:52.3927690Z   copying src/lxml/__init__.py -> build/lib.macosx-11.0-arm64-cpython-39/lxml
2022-12-27T11:30:52.3931480Z   copying src/lxml/builder.py -> build/lib.macosx-11.0-arm64-cpython-39/lxml
2022-12-27T11:30:52.3933410Z   copying src/lxml/doctestcompare.py -> build/lib.macosx-11.0-arm64-cpython-39/lxml
2022-12-27T11:30:52.3938040Z   copying src/lxml/usedoctest.py -> build/lib.macosx-11.0-arm64-cpython-39/lxml
2022-12-27T11:30:52.3944400Z   copying src/lxml/cssselect.py -> build/lib.macosx-11.0-arm64-cpython-39/lxml
2022-12-27T11:30:52.3947960Z   copying src/lxml/ElementInclude.py -> build/lib.macosx-11.0-arm64-cpython-39/lxml
2022-12-27T11:30:52.3961140Z   creating build/lib.macosx-11.0-arm64-cpython-39/lxml/html
2022-12-27T11:30:52.3964060Z   copying src/lxml/html/soupparser.py -> build/lib.macosx-11.0-arm64-cpython-39/lxml/html
2022-12-27T11:30:52.3966950Z   copying src/lxml/html/defs.py -> build/lib.macosx-11.0-arm64-cpython-39/lxml/html
2022-12-27T11:30:52.3974580Z   copying src/lxml/html/_setmixin.py -> build/lib.macosx-11.0-arm64-cpython-39/lxml/html
2022-12-27T11:30:52.3984130Z   copying src/lxml/html/clean.py -> build/lib.macosx-11.0-arm64-cpython-39/lxml/html
2022-12-27T11:30:52.3989050Z   copying src/lxml/html/_diffcommand.py -> build/lib.macosx-11.0-arm64-cpython-39/lxml/html
2022-12-27T11:30:52.3991960Z   copying src/lxml/html/html5parser.py -> build/lib.macosx-11.0-arm64-cpython-39/lxml/html
2022-12-27T11:30:52.3994800Z   copying src/lxml/html/__init__.py -> build/lib.macosx-11.0-arm64-cpython-39/lxml/html
2022-12-27T11:30:52.4000920Z   copying src/lxml/html/formfill.py -> build/lib.macosx-11.0-arm64-cpython-39/lxml/html
2022-12-27T11:30:52.4011020Z   copying src/lxml/html/builder.py -> build/lib.macosx-11.0-arm64-cpython-39/lxml/html
2022-12-27T11:30:52.4013230Z   copying src/lxml/html/ElementSoup.py -> build/lib.macosx-11.0-arm64-cpython-39/lxml/html
2022-12-27T11:30:52.4016260Z   copying src/lxml/html/_html5builder.py -> build/lib.macosx-11.0-arm64-cpython-39/lxml/html
2022-12-27T11:30:52.4018940Z   copying src/lxml/html/usedoctest.py -> build/lib.macosx-11.0-arm64-cpython-39/lxml/html
2022-12-27T11:30:52.4023890Z   copying src/lxml/html/diff.py -> build/lib.macosx-11.0-arm64-cpython-39/lxml/html
2022-12-27T11:30:52.4029250Z   copying src/lxml/html/_dictmixin.py -> build/lib.macosx-11.0-arm64-cpython-39/lxml/html
2022-12-27T11:30:52.4049600Z   running build_ext
2022-12-27T11:30:52.4824210Z   skipping 'src/lxml/lxml.etree.c' Cython extension (up-to-date)
2022-12-27T11:30:52.4829070Z   skipping 'src/lxml/lxml.objectify.c' Cython extension (up-to-date)
2022-12-27T11:30:52.4834910Z   building 'lxml.etree' extension
2022-12-27T11:30:52.4839650Z   creating build/temp.macosx-11.0-arm64-cpython-39
2022-12-27T11:30:52.4845630Z   creating build/temp.macosx-11.0-arm64-cpython-39/src
2022-12-27T11:30:52.4849870Z   creating build/temp.macosx-11.0-arm64-cpython-39/src/lxml
2022-12-27T11:30:52.4853800Z   gcc -Wno-unused-result -Wsign-compare -Wunreachable-code -fno-common -dynamic -DNDEBUG -g -fwrapv -O3 -Wall -g -I/usr/local/opt/openssl@3/include -I/usr/local/opt/openssl@3/include -arch arm64 -I/Library/Developer/CommandLineTools/SDKs/MacOSX12.1.sdk/usr/include -I/private/var/folders/51/hd414ycd67n82196sw51xqtc0000gn/T/cibw-run-f58jd_zb/cp39-macosx_arm64/build/venv/include -I/Library/Frameworks/Python.framework/Versions/3.9/include/python3.9 -c src/lxml/lxml.etree.c -o build/temp.macosx-11.0-arm64-cpython-39/src/lxml/lxml.etree.o -w -flat_namespace
2022-12-27T11:30:53.5049780Z   src/lxml/lxml.etree.c:145618:21: error: no member named 'exc_type' in 'struct _ts'
2022-12-27T11:30:53.5053620Z       *type = tstate->exc_type;
2022-12-27T11:30:53.5058340Z               ~~~~~~  ^
2022-12-27T11:30:53.5063080Z   src/lxml/lxml.etree.c:145619:22: error: no member named 'exc_value' in 'struct _ts'; did you mean 'curexc_value'?
2022-12-27T11:30:53.5068070Z       *value = tstate->exc_value;
2022-12-27T11:30:53.5072930Z                        ^~~~~~~~~
2022-12-27T11:30:53.5077920Z                        curexc_value
2022-12-27T11:30:53.5083490Z   /Library/Frameworks/Python.framework/Versions/3.9/include/python3.9/cpython/pystate.h:78:15: note: 'curexc_value' declared here
2022-12-27T11:30:53.5088450Z       PyObject *curexc_value;
2022-12-27T11:30:53.5093570Z                 ^
2022-12-27T11:30:53.5098670Z   src/lxml/lxml.etree.c:145620:19: error: no member named 'exc_traceback' in 'struct _ts'; did you mean 'curexc_traceback'?
2022-12-27T11:30:53.5103930Z       *tb = tstate->exc_traceback;
2022-12-27T11:30:53.5108720Z                     ^~~~~~~~~~~~~
2022-12-27T11:30:53.5113930Z                     curexc_traceback
2022-12-27T11:30:53.5119320Z   /Library/Frameworks/Python.framework/Versions/3.9/include/python3.9/cpython/pystate.h:79:15: note: 'curexc_traceback' declared here
2022-12-27T11:30:53.5124500Z       PyObject *curexc_traceback;
2022-12-27T11:30:53.5129180Z                 ^
2022-12-27T11:30:53.5135010Z   src/lxml/lxml.etree.c:145629:24: error: no member named 'exc_type' in 'struct _ts'
2022-12-27T11:30:53.5138220Z       tmp_type = tstate->exc_type;
2022-12-27T11:30:53.5140520Z                  ~~~~~~  ^
2022-12-27T11:30:53.5143560Z   src/lxml/lxml.etree.c:145630:25: error: no member named 'exc_value' in 'struct _ts'; did you mean 'curexc_value'?
2022-12-27T11:30:53.5146200Z       tmp_value = tstate->exc_value;
2022-12-27T11:30:53.5148370Z                           ^~~~~~~~~
2022-12-27T11:30:53.5150660Z                           curexc_value
2022-12-27T11:30:53.5153610Z   /Library/Frameworks/Python.framework/Versions/3.9/include/python3.9/cpython/pystate.h:78:15: note: 'curexc_value' declared here
2022-12-27T11:30:53.5155720Z       PyObject *curexc_value;
2022-12-27T11:30:53.5158610Z                 ^
2022-12-27T11:30:53.5161080Z   src/lxml/lxml.etree.c:145631:22: error: no member named 'exc_traceback' in 'struct _ts'; did you mean 'curexc_traceback'?
2022-12-27T11:30:53.5163450Z       tmp_tb = tstate->exc_traceback;
2022-12-27T11:30:53.5165610Z                        ^~~~~~~~~~~~~
2022-12-27T11:30:53.5168360Z                        curexc_traceback
2022-12-27T11:30:53.5171170Z   /Library/Frameworks/Python.framework/Versions/3.9/include/python3.9/cpython/pystate.h:79:15: note: 'curexc_traceback' declared here
2022-12-27T11:30:53.5173450Z       PyObject *curexc_traceback;
2022-12-27T11:30:53.5175730Z                 ^
2022-12-27T11:30:53.5178610Z   src/lxml/lxml.etree.c:145632:13: error: no member named 'exc_type' in 'struct _ts'
2022-12-27T11:30:53.5181050Z       tstate->exc_type = type;
2022-12-27T11:30:53.5183530Z       ~~~~~~  ^
2022-12-27T11:30:53.5186420Z   src/lxml/lxml.etree.c:145633:13: error: no member named 'exc_value' in 'struct _ts'; did you mean 'curexc_value'?
2022-12-27T11:30:53.5188700Z       tstate->exc_value = value;
2022-12-27T11:30:53.5191220Z               ^~~~~~~~~
2022-12-27T11:30:53.5193610Z               curexc_value
2022-12-27T11:30:53.5196660Z   /Library/Frameworks/Python.framework/Versions/3.9/include/python3.9/cpython/pystate.h:78:15: note: 'curexc_value' declared here
2022-12-27T11:30:53.5198930Z       PyObject *curexc_value;
2022-12-27T11:30:53.5201380Z                 ^
2022-12-27T11:30:53.5204280Z   src/lxml/lxml.etree.c:145634:13: error: no member named 'exc_traceback' in 'struct _ts'; did you mean 'curexc_traceback'?
2022-12-27T11:30:53.5206740Z       tstate->exc_traceback = tb;
2022-12-27T11:30:53.5209140Z               ^~~~~~~~~~~~~
2022-12-27T11:30:53.5211660Z               curexc_traceback
2022-12-27T11:30:53.5214550Z   /Library/Frameworks/Python.framework/Versions/3.9/include/python3.9/cpython/pystate.h:79:15: note: 'curexc_traceback' declared here
2022-12-27T11:30:53.5216890Z       PyObject *curexc_traceback;
2022-12-27T11:30:53.5219440Z                 ^
2022-12-27T11:30:53.5224100Z   src/lxml/lxml.etree.c:145711:24: error: no member named 'exc_type' in 'struct _ts'
2022-12-27T11:30:53.5226190Z       tmp_type = tstate->exc_type;
2022-12-27T11:30:53.5227590Z                  ~~~~~~  ^
2022-12-27T11:30:53.5230900Z   src/lxml/lxml.etree.c:145712:25: error: no member named 'exc_value' in 'struct _ts'; did you mean 'curexc_value'?
2022-12-27T11:30:53.5232910Z       tmp_value = tstate->exc_value;
2022-12-27T11:30:53.5236800Z                           ^~~~~~~~~
2022-12-27T11:30:53.5237970Z                           curexc_value
2022-12-27T11:30:53.5241130Z   /Library/Frameworks/Python.framework/Versions/3.9/include/python3.9/cpython/pystate.h:78:15: note: 'curexc_value' declared here
2022-12-27T11:30:53.5243110Z       PyObject *curexc_value;
2022-12-27T11:30:53.5245970Z                 ^
2022-12-27T11:30:53.5249310Z   src/lxml/lxml.etree.c:145713:22: error: no member named 'exc_traceback' in 'struct _ts'; did you mean 'curexc_traceback'?
2022-12-27T11:30:53.5251140Z       tmp_tb = tstate->exc_traceback;
2022-12-27T11:30:53.5253500Z                        ^~~~~~~~~~~~~
2022-12-27T11:30:53.5256230Z                        curexc_traceback
2022-12-27T11:30:53.5259310Z   /Library/Frameworks/Python.framework/Versions/3.9/include/python3.9/cpython/pystate.h:79:15: note: 'curexc_traceback' declared here
2022-12-27T11:30:53.5261230Z       PyObject *curexc_traceback;
2022-12-27T11:30:53.5263620Z                 ^
2022-12-27T11:30:53.5266380Z   src/lxml/lxml.etree.c:145714:13: error: no member named 'exc_type' in 'struct _ts'
2022-12-27T11:30:53.5268710Z       tstate->exc_type = *type;
2022-12-27T11:30:53.5270930Z       ~~~~~~  ^
2022-12-27T11:30:53.5273810Z   src/lxml/lxml.etree.c:145715:13: error: no member named 'exc_value' in 'struct _ts'; did you mean 'curexc_value'?
2022-12-27T11:30:53.5276550Z       tstate->exc_value = *value;
2022-12-27T11:30:53.5279530Z               ^~~~~~~~~
2022-12-27T11:30:53.5282710Z               curexc_value
2022-12-27T11:30:53.5286440Z   /Library/Frameworks/Python.framework/Versions/3.9/include/python3.9/cpython/pystate.h:78:15: note: 'curexc_value' declared here
2022-12-27T11:30:53.5287340Z       PyObject *curexc_value;
2022-12-27T11:30:53.5289490Z                 ^
2022-12-27T11:30:53.5292800Z   src/lxml/lxml.etree.c:145716:13: error: no member named 'exc_traceback' in 'struct _ts'; did you mean 'curexc_traceback'?
2022-12-27T11:30:53.5295110Z       tstate->exc_traceback = *tb;
2022-12-27T11:30:53.5297590Z               ^~~~~~~~~~~~~
2022-12-27T11:30:53.5300060Z               curexc_traceback
2022-12-27T11:30:53.5303290Z   /Library/Frameworks/Python.framework/Versions/3.9/include/python3.9/cpython/pystate.h:79:15: note: 'curexc_traceback' declared here
2022-12-27T11:30:53.5305170Z       PyObject *curexc_traceback;
2022-12-27T11:30:53.5308070Z                 ^
2022-12-27T11:30:53.5310560Z   15 errors generated.
2022-12-27T11:30:53.5313730Z   error: command '/usr/bin/gcc' failed with exit code 1
2022-12-27T11:30:53.5921120Z   error: subprocess-exited-with-error
2022-12-27T11:30:53.5921950Z   
2022-12-27T11:30:53.5923070Z   Ã— python setup.py bdist_wheel did not run successfully.
2022-12-27T11:30:53.5924050Z   â”‚ exit code: 1
2022-12-27T11:30:53.5924730Z   â•°â”€> See above for output.
2022-12-27T11:30:53.5925290Z   
2022-12-27T11:30:53.5926060Z   note: This error originates from a subprocess, and is likely not a problem with pip.
2022-12-27T11:30:53.5938380Z   full command: /private/var/folders/51/hd414ycd67n82196sw51xqtc0000gn/T/cibw-run-f58jd_zb/cp39-macosx_arm64/build/venv/bin/python -u -c '
2022-12-27T11:30:53.5939400Z   exec(compile('"'"''"'"''"'"'
2022-12-27T11:30:53.5940610Z   # This is <pip-setuptools-caller> -- a caller that pip uses to run setup.py
2022-12-27T11:30:53.5941400Z   #
2022-12-27T11:30:53.5943270Z   # - It imports setuptools before invoking setup.py, to enable projects that directly
2022-12-27T11:30:53.5944330Z   #   import from `distutils.core` to work with newer packaging standards.
2022-12-27T11:30:53.5945500Z   # - It provides a clear error message when setuptools is not installed.
2022-12-27T11:30:53.5946610Z   # - It sets `sys.argv[0]` to the underlying `setup.py`, when invoking `setup.py` so
2022-12-27T11:30:53.5948810Z   #   setuptools doesn'"'"'t think the script is `-c`. This avoids the following warning:
2022-12-27T11:30:53.5949890Z   #     manifest_maker: standard file '"'"'-c'"'"' not found".
2022-12-27T11:30:53.5950920Z   # - It generates a shim setup.py, for handling setup.cfg-only projects.
2022-12-27T11:30:53.5951540Z   import os, sys, tokenize
2022-12-27T11:30:53.5952000Z   
2022-12-27T11:30:53.5952720Z   try:
2022-12-27T11:30:53.5953330Z       import setuptools
2022-12-27T11:30:53.5953860Z   except ImportError as error:
2022-12-27T11:30:53.5954440Z       print(
2022-12-27T11:30:53.5955090Z           "ERROR: Can not execute `setup.py` since setuptools is not available in "
2022-12-27T11:30:53.5955690Z           "the build environment.",
2022-12-27T11:30:53.5956320Z           file=sys.stderr,
2022-12-27T11:30:53.5956920Z       )
2022-12-27T11:30:53.5957360Z       sys.exit(1)
2022-12-27T11:30:53.5957930Z   
2022-12-27T11:30:53.5958480Z   __file__ = %r
2022-12-27T11:30:53.5958940Z   sys.argv[0] = __file__
2022-12-27T11:30:53.5959460Z   
2022-12-27T11:30:53.5960090Z   if os.path.exists(__file__):
2022-12-27T11:30:53.5960620Z       filename = __file__
2022-12-27T11:30:53.5961270Z       with tokenize.open(__file__) as f:
2022-12-27T11:30:53.5962000Z           setup_py_code = f.read()
2022-12-27T11:30:53.5962450Z   else:
2022-12-27T11:30:53.5963410Z       filename = "<auto-generated setuptools caller>"
2022-12-27T11:30:53.5964210Z       setup_py_code = "from setuptools import setup; setup()"
2022-12-27T11:30:53.5964720Z   
2022-12-27T11:30:53.5965140Z   exec(compile(setup_py_code, filename, "exec"))
2022-12-27T11:30:53.5967240Z   '"'"''"'"''"'"' % ('"'"'/Users/runner/actions-runner/_work/python.build/python.build/build_lxml22beta239/lxml-2.2beta2/setup.py'"'"',), "<pip-setuptools-caller>", "exec"))' bdist_wheel -d /private/var/folders/51/hd414ycd67n82196sw51xqtc0000gn/T/pip-wheel-97fxpau0
2022-12-27T11:30:53.5968810Z   cwd: /Users/runner/actions-runner/_work/python.build/python.build/build_lxml22beta239/lxml-2.2beta2/
2022-12-27T11:30:53.5969410Z   ERROR: Failed building wheel for lxml
2022-12-27T11:30:53.5970350Z   Building wheel for lxml (setup.py): finished with status 'error'
2022-12-27T11:30:53.5971080Z   Running command python setup.py clean
2022-12-27T11:30:53.5971750Z   Running setup.py clean for lxml
2022-12-27T11:30:54.0503420Z   Building lxml version 2.2.beta2.
2022-12-27T11:30:54.0503790Z   Building with Cython 0.29.32.
2022-12-27T11:30:54.0763390Z   Using build configuration of libxslt 1.1.29
2022-12-27T11:30:54.2616690Z   Building against libxml2/libxslt in the following directory: /Library/Developer/CommandLineTools/SDKs/MacOSX12.1.sdk/usr/lib
2022-12-27T11:30:54.2803410Z   /private/var/folders/51/hd414ycd67n82196sw51xqtc0000gn/T/cibw-run-f58jd_zb/cp39-macosx_arm64/build/venv/lib/python3.9/site-packages/setuptools/dist.py:529: UserWarning: Normalizing '2.2beta2' to '2.2b2'
2022-12-27T11:30:54.2804660Z     warnings.warn(tmpl.format(**locals()))
2022-12-27T11:30:54.2867150Z   running clean
2022-12-27T11:30:54.2912170Z   removing 'build/temp.macosx-11.0-arm64-cpython-39' (and everything under it)
2022-12-27T11:30:54.2920110Z   removing 'build/lib.macosx-11.0-arm64-cpython-39' (and everything under it)
2022-12-27T11:30:54.2959560Z   'build/bdist.macosx-11.0-arm64' does not exist -- can't clean it
2022-12-27T11:30:54.2960680Z   'build/scripts-3.9' does not exist -- can't clean it
2022-12-27T11:30:54.2962620Z   removing 'build'
2022-12-27T11:30:54.3440760Z Failed to build lxml
2022-12-27T11:30:54.3447570Z ERROR: Failed to build one or more wheels
2022-12-27T11:30:54.3464670Z Exception information:
2022-12-27T11:30:54.3465240Z Traceback (most recent call last):
2022-12-27T11:30:54.3487900Z   File "/private/var/folders/51/hd414ycd67n82196sw51xqtc0000gn/T/cibw-run-f58jd_zb/cp39-macosx_arm64/build/venv/lib/python3.9/site-packages/pip/_internal/cli/base_command.py", line 160, in exc_logging_wrapper
2022-12-27T11:30:54.3488910Z     status = run_func(*args)
2022-12-27T11:30:54.3491580Z   File "/private/var/folders/51/hd414ycd67n82196sw51xqtc0000gn/T/cibw-run-f58jd_zb/cp39-macosx_arm64/build/venv/lib/python3.9/site-packages/pip/_internal/cli/req_command.py", line 247, in wrapper
2022-12-27T11:30:54.3492610Z     return func(self, options, args)
2022-12-27T11:30:54.3494040Z   File "/private/var/folders/51/hd414ycd67n82196sw51xqtc0000gn/T/cibw-run-f58jd_zb/cp39-macosx_arm64/build/venv/lib/python3.9/site-packages/pip/_internal/commands/wheel.py", line 201, in run
2022-12-27T11:30:54.3495080Z     raise CommandError("Failed to build one or more wheels")
2022-12-27T11:30:54.3495800Z pip._internal.exceptions.CommandError: Failed to build one or more wheels
2022-12-27T11:30:54.3497040Z Removed build tracker: '/private/var/folders/51/hd414ycd67n82196sw51xqtc0000gn/T/pip-build-tracker-t3irck5o'
2022-12-27T11:30:54.4308590Z ##[endgroup]
2022-12-27T11:30:54.4345510Z ##[error]Command ['python', '-m', 'pip', 'wheel', '/Users/runner/actions-runner/_work/python.build/python.build/build_lxml22beta239/lxml-2.2beta2', '--wheel-dir=/private/var/folders/51/hd414ycd67n82196sw51xqtc0000gn/T/cibw-run-f58jd_zb/cp39-macosx_arm64/built_wheel', '--no-deps', '-vvv'] failed with code 1. None
2022-12-27T11:30:54.4355660Z                                                               [31mâœ• [0m4.25s
2022-12-27T11:30:54.4355920Z 
2022-12-27T11:30:54.5192400Z ##[error]Process completed with exit code 1.
2022-12-27T11:30:54.5283780Z ##[group]Run rm -rf build_lxml22beta239 wheelsout
2022-12-27T11:30:54.5284100Z [36;1mrm -rf build_lxml22beta239 wheelsout[0m
2022-12-27T11:30:54.5312290Z shell: /bin/bash -e {0}
2022-12-27T11:30:54.5312490Z env:
2022-12-27T11:30:54.5312740Z   pythonLocation: /Users/runner/hostedtoolcache/Python/3.9.16/x64
2022-12-27T11:30:54.5313060Z   PKG_CONFIG_PATH: /Users/runner/hostedtoolcache/Python/3.9.16/x64/lib/pkgconfig
2022-12-27T11:30:54.5313390Z   Python_ROOT_DIR: /Users/runner/hostedtoolcache/Python/3.9.16/x64
2022-12-27T11:30:54.5313690Z   Python2_ROOT_DIR: /Users/runner/hostedtoolcache/Python/3.9.16/x64
2022-12-27T11:30:54.5314010Z   Python3_ROOT_DIR: /Users/runner/hostedtoolcache/Python/3.9.16/x64
2022-12-27T11:30:54.5314260Z ##[endgroup]
2022-12-27T11:30:54.6345700Z Cleaning up orphan processes
