2022-12-27T08:46:18.2989437Z Requested labels: self-hosted, macOS, X64
2022-12-27T08:46:18.2989527Z Job defined at: kilnbuild/python.build/.github/workflows/mac_arm_build.yml@refs/heads/main
2022-12-27T08:46:18.2989558Z Waiting for a runner to pick up this job...
2022-12-27T11:07:19.7109865Z Job is about to start running on the runner: k2 (organization)
2022-12-27T11:07:22.1044510Z Current runner version: '2.300.2'
2022-12-27T11:07:22.1049590Z Runner name: 'k2'
2022-12-27T11:07:22.1049830Z Runner group name: 'Default'
2022-12-27T11:07:22.1050260Z Machine name: 'k2'
2022-12-27T11:07:22.1051720Z ##[group]GITHUB_TOKEN Permissions
2022-12-27T11:07:22.1052280Z Actions: write
2022-12-27T11:07:22.1052420Z Checks: write
2022-12-27T11:07:22.1052560Z Contents: write
2022-12-27T11:07:22.1052700Z Deployments: write
2022-12-27T11:07:22.1052970Z Discussions: write
2022-12-27T11:07:22.1053100Z Issues: write
2022-12-27T11:07:22.1053230Z Metadata: read
2022-12-27T11:07:22.1053360Z Packages: write
2022-12-27T11:07:22.1053500Z Pages: write
2022-12-27T11:07:22.1053640Z PullRequests: write
2022-12-27T11:07:22.1053800Z RepositoryProjects: write
2022-12-27T11:07:22.1053970Z SecurityEvents: write
2022-12-27T11:07:22.1054110Z Statuses: write
2022-12-27T11:07:22.1054240Z ##[endgroup]
2022-12-27T11:07:22.1056950Z Secret source: Actions
2022-12-27T11:07:22.1057260Z Prepare workflow directory
2022-12-27T11:07:22.1724730Z Prepare all required actions
2022-12-27T11:07:22.1842980Z Getting action download info
2022-12-27T11:07:22.6436290Z Download action repository 'actions/setup-python@v4' (SHA:5ccb29d8773c3f3f653e1705f474dfaa8a06a912)
2022-12-27T11:07:24.3949560Z Download action repository 'actions/upload-artifact@v3' (SHA:83fd05a356d7e2593de66fc9913b3002723633cb)
2022-12-27T11:07:25.9105900Z ##[group]Run echo '{
2022-12-27T11:07:25.9106140Z [36;1mecho '{[0m
2022-12-27T11:07:25.9106260Z [36;1m  "package_name": "lxml",[0m
2022-12-27T11:07:25.9106510Z [36;1m  "package_url": "https://files.pythonhosted.org/packages/be/01/b6d7d678af804289d1600e43598669fabb82b9f31e963d88361f487110e4/lxml-2.1.tar.gz",[0m
2022-12-27T11:07:25.9106700Z [36;1m  "package_version": "2.1",[0m
2022-12-27T11:07:25.9106810Z [36;1m  "python_version": "3.11",[0m
2022-12-27T11:07:25.9106920Z [36;1m  "use_ccache": "true"[0m
2022-12-27T11:07:25.9107020Z [36;1m}'[0m
2022-12-27T11:07:25.9122060Z shell: /bin/bash -e {0}
2022-12-27T11:07:25.9122270Z ##[endgroup]
2022-12-27T11:07:25.9328150Z {
2022-12-27T11:07:25.9329320Z   "package_name": "lxml",
2022-12-27T11:07:25.9329970Z   "package_url": "https://files.pythonhosted.org/packages/be/01/b6d7d678af804289d1600e43598669fabb82b9f31e963d88361f487110e4/lxml-2.1.tar.gz",
2022-12-27T11:07:25.9330230Z   "package_version": "2.1",
2022-12-27T11:07:25.9330490Z   "python_version": "3.11",
2022-12-27T11:07:25.9330660Z   "use_ccache": "true"
2022-12-27T11:07:25.9330790Z }
2022-12-27T11:07:25.9532960Z ##[group]Run actions/setup-python@v4
2022-12-27T11:07:25.9533210Z with:
2022-12-27T11:07:25.9533430Z   python-version: 3.11
2022-12-27T11:07:25.9533570Z   check-latest: false
2022-12-27T11:07:25.9533850Z   token: ***
2022-12-27T11:07:25.9534020Z   update-environment: true
2022-12-27T11:07:25.9534170Z ##[endgroup]
2022-12-27T11:07:26.0709910Z ##[group]Installed versions
2022-12-27T11:07:26.0811200Z Successfully set up CPython (3.11.1)
2022-12-27T11:07:26.0812550Z ##[endgroup]
2022-12-27T11:07:26.0986980Z ##[group]Run if [ "true" == "true" ]
2022-12-27T11:07:26.0987310Z [36;1mif [ "true" == "true" ][0m
2022-12-27T11:07:26.0987570Z [36;1mthen[0m
2022-12-27T11:07:26.0987760Z [36;1m  echo "CCACHE_PATH_PREPEND=/usr/local/opt/ccache/libexec" >> $GITHUB_OUTPUT[0m
2022-12-27T11:07:26.0987970Z [36;1melse[0m
2022-12-27T11:07:26.0988160Z [36;1m  echo "CCACHE_PATH_PREPEND=" >> $GITHUB_OUTPUT[0m
2022-12-27T11:07:26.0988340Z [36;1mfi[0m
2022-12-27T11:07:26.1005050Z shell: /bin/bash -e {0}
2022-12-27T11:07:26.1005250Z env:
2022-12-27T11:07:26.1005470Z   pythonLocation: /Users/runner/hostedtoolcache/Python/3.11.1/x64
2022-12-27T11:07:26.1005690Z   PKG_CONFIG_PATH: /Users/runner/hostedtoolcache/Python/3.11.1/x64/lib/pkgconfig
2022-12-27T11:07:26.1006020Z   Python_ROOT_DIR: /Users/runner/hostedtoolcache/Python/3.11.1/x64
2022-12-27T11:07:26.1006250Z   Python2_ROOT_DIR: /Users/runner/hostedtoolcache/Python/3.11.1/x64
2022-12-27T11:07:26.1006500Z   Python3_ROOT_DIR: /Users/runner/hostedtoolcache/Python/3.11.1/x64
2022-12-27T11:07:26.1007000Z ##[endgroup]
2022-12-27T11:07:26.1107540Z ##[group]Run echo "BUILD_NAME=$(echo lxml_2.1_3.11 | tr -dc '[:alnum:]\n\r' | tr '[:upper:]' '[:lower:]')" >> $GITHUB_OUTPUT
2022-12-27T11:07:26.1107900Z [36;1mecho "BUILD_NAME=$(echo lxml_2.1_3.11 | tr -dc '[:alnum:]\n\r' | tr '[:upper:]' '[:lower:]')" >> $GITHUB_OUTPUT[0m
2022-12-27T11:07:26.1121700Z shell: /bin/bash -e {0}
2022-12-27T11:07:26.1121900Z env:
2022-12-27T11:07:26.1122130Z   pythonLocation: /Users/runner/hostedtoolcache/Python/3.11.1/x64
2022-12-27T11:07:26.1122460Z   PKG_CONFIG_PATH: /Users/runner/hostedtoolcache/Python/3.11.1/x64/lib/pkgconfig
2022-12-27T11:07:26.1122700Z   Python_ROOT_DIR: /Users/runner/hostedtoolcache/Python/3.11.1/x64
2022-12-27T11:07:26.1122940Z   Python2_ROOT_DIR: /Users/runner/hostedtoolcache/Python/3.11.1/x64
2022-12-27T11:07:26.1123130Z   Python3_ROOT_DIR: /Users/runner/hostedtoolcache/Python/3.11.1/x64
2022-12-27T11:07:26.1123320Z ##[endgroup]
2022-12-27T11:07:26.1264630Z ##[group]Run echo "PYTHON_NO_DOTS=$(echo 3.11 | tr -dc '[:alnum:]\n\r' | tr '[:upper:]' '[:lower:]')" >> $GITHUB_OUTPUT
2022-12-27T11:07:26.1264980Z [36;1mecho "PYTHON_NO_DOTS=$(echo 3.11 | tr -dc '[:alnum:]\n\r' | tr '[:upper:]' '[:lower:]')" >> $GITHUB_OUTPUT[0m
2022-12-27T11:07:26.1279240Z shell: /bin/bash -e {0}
2022-12-27T11:07:26.1279420Z env:
2022-12-27T11:07:26.1279660Z   pythonLocation: /Users/runner/hostedtoolcache/Python/3.11.1/x64
2022-12-27T11:07:26.1280480Z   PKG_CONFIG_PATH: /Users/runner/hostedtoolcache/Python/3.11.1/x64/lib/pkgconfig
2022-12-27T11:07:26.1280720Z   Python_ROOT_DIR: /Users/runner/hostedtoolcache/Python/3.11.1/x64
2022-12-27T11:07:26.1280940Z   Python2_ROOT_DIR: /Users/runner/hostedtoolcache/Python/3.11.1/x64
2022-12-27T11:07:26.1281210Z   Python3_ROOT_DIR: /Users/runner/hostedtoolcache/Python/3.11.1/x64
2022-12-27T11:07:26.1281370Z ##[endgroup]
2022-12-27T11:07:26.1386130Z ##[group]Run rm -rf build_lxml21311
2022-12-27T11:07:26.1386460Z [36;1mrm -rf build_lxml21311[0m
2022-12-27T11:07:26.1386610Z [36;1mmkdir build_lxml21311[0m
2022-12-27T11:07:26.1386830Z [36;1mcd build_lxml21311[0m
2022-12-27T11:07:26.1387150Z [36;1m/usr/local/bin/wget --quiet https://files.pythonhosted.org/packages/be/01/b6d7d678af804289d1600e43598669fabb82b9f31e963d88361f487110e4/lxml-2.1.tar.gz[0m
2022-12-27T11:07:26.1387400Z [36;1mtar xf *.tar.gz[0m
2022-12-27T11:07:26.1387530Z [36;1mcd *[0m
2022-12-27T11:07:26.1387740Z [36;1mpython -m pip install cibuildwheel==2.11.3[0m
2022-12-27T11:07:26.1387940Z [36;1mpython -m cibuildwheel --output-dir ../wheelsout[0m
2022-12-27T11:07:26.1401570Z shell: /bin/bash -e {0}
2022-12-27T11:07:26.1401760Z env:
2022-12-27T11:07:26.1402000Z   pythonLocation: /Users/runner/hostedtoolcache/Python/3.11.1/x64
2022-12-27T11:07:26.1402210Z   PKG_CONFIG_PATH: /Users/runner/hostedtoolcache/Python/3.11.1/x64/lib/pkgconfig
2022-12-27T11:07:26.1402490Z   Python_ROOT_DIR: /Users/runner/hostedtoolcache/Python/3.11.1/x64
2022-12-27T11:07:26.1402710Z   Python2_ROOT_DIR: /Users/runner/hostedtoolcache/Python/3.11.1/x64
2022-12-27T11:07:26.1402980Z   Python3_ROOT_DIR: /Users/runner/hostedtoolcache/Python/3.11.1/x64
2022-12-27T11:07:26.1403170Z   CIBW_ARCHS_MACOS: arm64
2022-12-27T11:07:26.1403310Z   CIBW_TEST_SKIP: *_arm64
2022-12-27T11:07:26.1403470Z   CIBW_BUILD: cp311-macosx_arm64
2022-12-27T11:07:26.1403670Z   CIBW_BUILD_FRONTEND: pip
2022-12-27T11:07:26.1403800Z   CIBW_BUILD_VERBOSITY: 3
2022-12-27T11:07:26.1404090Z   CIBW_ENVIRONMENT_MACOS:  CFLAGS="-I/usr/local/opt/openssl@3/include" LDFLAGS="-L/usr/local/opt/openssl@3/lib" CPPFLAGS="-I/usr/local/opt/openssl@3/include" MAKEFLAGS="-j$(sysctl -n hw.logicalcpu)" PATH=/usr/local/opt/ccache/libexec:$PATH
2022-12-27T11:07:26.1404430Z   CIBW_BEFORE_BUILD: pip install Cython; if [[ -f requirements.txt ]]; then pip install -r requirements.txt; fi
2022-12-27T11:07:26.1404650Z   MAKEFLAGS: -j$(sysctl -n hw.logicalcpu)
2022-12-27T11:07:26.1404830Z ##[endgroup]
2022-12-27T11:07:26.5992170Z Requirement already satisfied: cibuildwheel==2.11.3 in /Library/Frameworks/Python.framework/Versions/3.11/lib/python3.11/site-packages (2.11.3)
2022-12-27T11:07:26.6296290Z Requirement already satisfied: bashlex!=0.13 in /Library/Frameworks/Python.framework/Versions/3.11/lib/python3.11/site-packages (from cibuildwheel==2.11.3) (0.16)
2022-12-27T11:07:26.6302550Z Requirement already satisfied: bracex in /Library/Frameworks/Python.framework/Versions/3.11/lib/python3.11/site-packages (from cibuildwheel==2.11.3) (2.3.post1)
2022-12-27T11:07:26.6308040Z Requirement already satisfied: certifi in /Library/Frameworks/Python.framework/Versions/3.11/lib/python3.11/site-packages (from cibuildwheel==2.11.3) (2022.12.7)
2022-12-27T11:07:26.6314580Z Requirement already satisfied: filelock in /Library/Frameworks/Python.framework/Versions/3.11/lib/python3.11/site-packages (from cibuildwheel==2.11.3) (3.8.2)
2022-12-27T11:07:26.6323560Z Requirement already satisfied: packaging>=20.9 in /Library/Frameworks/Python.framework/Versions/3.11/lib/python3.11/site-packages (from cibuildwheel==2.11.3) (22.0)
2022-12-27T11:07:26.6332830Z Requirement already satisfied: platformdirs in /Library/Frameworks/Python.framework/Versions/3.11/lib/python3.11/site-packages (from cibuildwheel==2.11.3) (2.6.0)
2022-12-27T11:07:26.8497510Z 
2022-12-27T11:07:26.8497800Z      _ _       _ _   _       _           _
2022-12-27T11:07:26.8498400Z  ___|_| |_ _ _|_| |_| |_ _ _| |_ ___ ___| |
2022-12-27T11:07:26.8499290Z |  _| | . | | | | | . | | | |   | -_| -_| |
2022-12-27T11:07:26.8499680Z |___|_|___|___|_|_|___|_____|_|_|___|___|_|
2022-12-27T11:07:26.8499820Z 
2022-12-27T11:07:26.8499890Z cibuildwheel version 2.11.3
2022-12-27T11:07:26.8500040Z 
2022-12-27T11:07:26.8500150Z Build options:
2022-12-27T11:07:26.8500360Z   platform: macos
2022-12-27T11:07:26.8549760Z   architectures: arm64[0m
2022-12-27T11:07:26.8550200Z   build_selector: 
2022-12-27T11:07:26.8551790Z     build_config: cp311-macosx_arm64
2022-12-27T11:07:26.8552200Z     skip_config: 
2022-12-27T11:07:26.8552520Z     requires_python: None
2022-12-27T11:07:26.8553280Z     prerelease_pythons: False[0m
2022-12-27T11:07:26.8553650Z   [38;5;244mcontainer_engine: docker[0m
2022-12-27T11:07:26.8554100Z   output_dir: /Users/runner/actions-runner/_work/python.build/python.build/build_lxml21311/wheelsout[0m
2022-12-27T11:07:26.8554550Z   package_dir: /Users/runner/actions-runner/_work/python.build/python.build/build_lxml21311/lxml-2.1[0m
2022-12-27T11:07:26.8554850Z   test_selector: 
2022-12-27T11:07:26.8555250Z     skip_config: *_arm64[0m
2022-12-27T11:07:26.8555500Z   [38;5;244mbefore_all: [0m
2022-12-27T11:07:26.8555960Z   before_build: pip install Cython; if [[ -f requirements.txt ]]; then pip install -r requirements.txt; fi[0m
2022-12-27T11:07:26.8556500Z   [38;5;244mbefore_test: [0m
2022-12-27T11:07:26.8556810Z   [38;5;244mbuild_frontend: pip[0m
2022-12-27T11:07:26.8557200Z   build_verbosity: 3[0m
2022-12-27T11:07:26.8557570Z   [38;5;244mconfig_settings: [0m
2022-12-27T11:07:26.8557920Z   [38;5;244mdependency_constraints: pinned[0m
2022-12-27T11:07:26.8558220Z   environment: 
2022-12-27T11:07:26.8558630Z     CFLAGS="-I/usr/local/opt/openssl@3/include"
2022-12-27T11:07:26.8559030Z     LDFLAGS="-L/usr/local/opt/openssl@3/lib"
2022-12-27T11:07:26.8559410Z     CPPFLAGS="-I/usr/local/opt/openssl@3/include"
2022-12-27T11:07:26.8559810Z     MAKEFLAGS="-j$(sysctl -n hw.logicalcpu)"
2022-12-27T11:07:26.8560200Z     PATH=/usr/local/opt/ccache/libexec:$PATH[0m
2022-12-27T11:07:26.8560600Z   [38;5;244mmanylinux_images: None[0m
2022-12-27T11:07:26.8560960Z   [38;5;244mmusllinux_images: None[0m
2022-12-27T11:07:26.8561480Z   [38;5;244mrepair_command: delocate-wheel --require-archs {delocate_archs} -w {dest_dir} -v {wheel}[0m
2022-12-27T11:07:26.8561870Z   [38;5;244mtest_command: [0m
2022-12-27T11:07:26.8562200Z   [38;5;244mtest_extras: [0m
2022-12-27T11:07:26.8562560Z   [38;5;244mtest_requires: [0m
2022-12-27T11:07:26.8562730Z 
2022-12-27T11:07:26.8562900Z Cache folder: /Users/runner/Library/Caches/cibuildwheel
2022-12-27T11:07:26.8563900Z 
2022-12-27T11:07:26.8564190Z Here we go!
2022-12-27T11:07:26.8564760Z 
2022-12-27T11:07:26.8675730Z 
2022-12-27T11:07:26.8676230Z [1m[34mBuilding cp311-macosx_arm64 wheel[0m
2022-12-27T11:07:26.8676920Z CPython 3.11 macOS arm64 - Apple Silicon
2022-12-27T11:07:26.8677110Z 
2022-12-27T11:07:26.8679040Z ##[group]Installing Python cp311...
2022-12-27T11:07:26.8679280Z 
2022-12-27T11:07:26.8679510Z + pkgutil --pkgs
2022-12-27T11:07:26.8781370Z ##[endgroup]
2022-12-27T11:07:26.8782400Z                                                               [32m✓ [0m0.01s
2022-12-27T11:07:26.8782830Z ##[group]Setting up build environment...
2022-12-27T11:07:26.8782970Z 
2022-12-27T11:07:26.8798400Z + /Library/Frameworks/Python.framework/Versions/3.11/bin/python -sS /Users/runner/Library/Caches/cibuildwheel/virtualenv-20.17.0.pyz --activators= --no-periodic-update --pip=22.3.1 --setuptools=65.6.3 --wheel=0.38.4 --symlink-app-data --python /Library/Frameworks/Python.framework/Versions/3.11/bin/python3 /private/var/folders/51/hd414ycd67n82196sw51xqtc0000gn/T/cibw-run-johan651/cp311-macosx_arm64/build/venv
2022-12-27T11:07:27.0666300Z created virtual environment CPython3.11.1.final.0-64 in 52ms
2022-12-27T11:07:27.0666930Z   creator CPython3Posix(dest=/private/var/folders/51/hd414ycd67n82196sw51xqtc0000gn/T/cibw-run-johan651/cp311-macosx_arm64/build/venv, clear=False, no_vcs_ignore=False, global=False)
2022-12-27T11:07:27.0667380Z   seeder FromAppData(download=False, pip=22.3.1, setuptools=65.6.3, wheel=0.38.4, via=symlink, app_data_dir=/Users/runner/Library/Application Support/virtualenv)
2022-12-27T11:07:27.0667710Z     added seed packages: pip==22.3.1, setuptools==65.6.3, wheel==0.38.4
2022-12-27T11:07:27.0796300Z + python -m pip install --upgrade pip -c /Library/Frameworks/Python.framework/Versions/3.11/lib/python3.11/site-packages/cibuildwheel/resources/constraints-python311.txt
2022-12-27T11:07:27.3420210Z Requirement already satisfied: pip in ./lib/python3.11/site-packages (22.3.1)
2022-12-27T11:07:27.4698690Z + which pip
2022-12-27T11:07:27.4717770Z /private/var/folders/51/hd414ycd67n82196sw51xqtc0000gn/T/cibw-run-johan651/cp311-macosx_arm64/build/venv/bin/pip
2022-12-27T11:07:27.4719920Z + pip --version
2022-12-27T11:07:27.6614590Z pip 22.3.1 from /private/var/folders/51/hd414ycd67n82196sw51xqtc0000gn/T/cibw-run-johan651/cp311-macosx_arm64/build/venv/lib/python3.11/site-packages/pip (python 3.11)
2022-12-27T11:07:27.6863690Z + which pip
2022-12-27T11:07:27.6890240Z + which python
2022-12-27T11:07:27.6910000Z /private/var/folders/51/hd414ycd67n82196sw51xqtc0000gn/T/cibw-run-johan651/cp311-macosx_arm64/build/venv/bin/python
2022-12-27T11:07:27.6912790Z + python --version
2022-12-27T11:07:27.6971210Z Python 3.11.1
2022-12-27T11:07:27.6974030Z + which python
2022-12-27T11:07:27.7023970Z ##[endgroup]
2022-12-27T11:07:27.7024650Z                                                               [32m✓ [0m0.82s
2022-12-27T11:07:27.7025140Z ##[group]Installing build tools...
2022-12-27T11:07:27.7025320Z 
2022-12-27T11:07:27.7025770Z + pip install --upgrade setuptools wheel delocate -c /Library/Frameworks/Python.framework/Versions/3.11/lib/python3.11/site-packages/cibuildwheel/resources/constraints-python311.txt
2022-12-27T11:07:27.9745960Z Requirement already satisfied: setuptools in /private/var/folders/51/hd414ycd67n82196sw51xqtc0000gn/T/cibw-run-johan651/cp311-macosx_arm64/build/venv/lib/python3.11/site-packages (65.6.3)
2022-12-27T11:07:28.1469340Z Requirement already satisfied: wheel in /private/var/folders/51/hd414ycd67n82196sw51xqtc0000gn/T/cibw-run-johan651/cp311-macosx_arm64/build/venv/lib/python3.11/site-packages (0.38.4)
2022-12-27T11:07:28.1917040Z Collecting delocate
2022-12-27T11:07:28.1938770Z   Using cached delocate-0.10.3-py3-none-any.whl (142 kB)
2022-12-27T11:07:28.2188580Z Collecting packaging>=20.9
2022-12-27T11:07:28.2207900Z   Using cached packaging-21.3-py3-none-any.whl (40 kB)
2022-12-27T11:07:28.2358270Z Collecting typing-extensions
2022-12-27T11:07:28.2376170Z   Using cached typing_extensions-4.4.0-py3-none-any.whl (26 kB)
2022-12-27T11:07:28.2689120Z Collecting pyparsing!=3.0.5,>=2.0.2
2022-12-27T11:07:28.2707830Z   Using cached pyparsing-3.0.9-py3-none-any.whl (98 kB)
2022-12-27T11:07:28.3265280Z Installing collected packages: typing-extensions, pyparsing, packaging, delocate
2022-12-27T11:07:28.4495790Z Successfully installed delocate-0.10.3 packaging-21.3 pyparsing-3.0.9 typing-extensions-4.4.0
2022-12-27T11:07:28.5010690Z ##[endgroup]
2022-12-27T11:07:28.5011260Z                                                               [32m✓ [0m0.80s
2022-12-27T11:07:28.5011740Z ##[group]Running before_build...
2022-12-27T11:07:28.5011890Z 
2022-12-27T11:07:28.5015480Z + pip install Cython; if [[ -f requirements.txt ]]; then pip install -r requirements.txt; fi
2022-12-27T11:07:29.0628900Z Collecting Cython
2022-12-27T11:07:29.0671450Z   Using cached Cython-0.29.32-py2.py3-none-any.whl (986 kB)
2022-12-27T11:07:29.1131930Z Installing collected packages: Cython
2022-12-27T11:07:29.5222840Z Successfully installed Cython-0.29.32
2022-12-27T11:07:29.5683780Z ##[endgroup]
2022-12-27T11:07:29.5684430Z                                                               [32m✓ [0m1.07s
2022-12-27T11:07:29.5684930Z ##[group]Building wheel...
2022-12-27T11:07:29.5685090Z 
2022-12-27T11:07:29.5689630Z + python -m pip wheel /Users/runner/actions-runner/_work/python.build/python.build/build_lxml21311/lxml-2.1 --wheel-dir=/private/var/folders/51/hd414ycd67n82196sw51xqtc0000gn/T/cibw-run-johan651/cp311-macosx_arm64/built_wheel --no-deps -vvv
2022-12-27T11:07:29.8154660Z Created temporary directory: /private/var/folders/51/hd414ycd67n82196sw51xqtc0000gn/T/pip-ephem-wheel-cache-9wnmci0i
2022-12-27T11:07:29.8159570Z Created temporary directory: /private/var/folders/51/hd414ycd67n82196sw51xqtc0000gn/T/pip-build-tracker-yf2gl0_o
2022-12-27T11:07:29.8161960Z Initialized build tracking at /private/var/folders/51/hd414ycd67n82196sw51xqtc0000gn/T/pip-build-tracker-yf2gl0_o
2022-12-27T11:07:29.8162720Z Created build tracker: /private/var/folders/51/hd414ycd67n82196sw51xqtc0000gn/T/pip-build-tracker-yf2gl0_o
2022-12-27T11:07:29.8163830Z Entered build tracker: /private/var/folders/51/hd414ycd67n82196sw51xqtc0000gn/T/pip-build-tracker-yf2gl0_o
2022-12-27T11:07:29.8166680Z Created temporary directory: /private/var/folders/51/hd414ycd67n82196sw51xqtc0000gn/T/pip-wheel-bd85l_og
2022-12-27T11:07:29.8171650Z Created temporary directory: /private/var/folders/51/hd414ycd67n82196sw51xqtc0000gn/T/pip-ephem-wheel-cache-3_0j4uiw
2022-12-27T11:07:29.8241850Z Processing /Users/runner/actions-runner/_work/python.build/python.build/build_lxml21311/lxml-2.1
2022-12-27T11:07:29.8246190Z   Added file:///Users/runner/actions-runner/_work/python.build/python.build/build_lxml21311/lxml-2.1 to build tracker '/private/var/folders/51/hd414ycd67n82196sw51xqtc0000gn/T/pip-build-tracker-yf2gl0_o'
2022-12-27T11:07:29.8249110Z   Running setup.py (path:/Users/runner/actions-runner/_work/python.build/python.build/build_lxml21311/lxml-2.1/setup.py) egg_info for package from file:///Users/runner/actions-runner/_work/python.build/python.build/build_lxml21311/lxml-2.1
2022-12-27T11:07:29.8251650Z   Created temporary directory: /private/var/folders/51/hd414ycd67n82196sw51xqtc0000gn/T/pip-pip-egg-info-_vn3kloi
2022-12-27T11:07:29.8252770Z   Preparing metadata (setup.py): started
2022-12-27T11:07:29.8254060Z   Running command python setup.py egg_info
2022-12-27T11:07:30.1666530Z   Building lxml version 2.1.
2022-12-27T11:07:30.1667560Z   Building with Cython 0.29.32.
2022-12-27T11:07:30.1668770Z   Using build configuration of libxslt 1.1.29
2022-12-27T11:07:30.1670170Z   Building against libxml2/libxslt in the following directory: /Library/Developer/CommandLineTools/SDKs/MacOSX12.1.sdk/usr/lib
2022-12-27T11:07:30.1671180Z   running egg_info
2022-12-27T11:07:30.1673120Z   creating /private/var/folders/51/hd414ycd67n82196sw51xqtc0000gn/T/pip-pip-egg-info-_vn3kloi/lxml.egg-info
2022-12-27T11:07:30.1674220Z   writing /private/var/folders/51/hd414ycd67n82196sw51xqtc0000gn/T/pip-pip-egg-info-_vn3kloi/lxml.egg-info/PKG-INFO
2022-12-27T11:07:30.1678200Z   writing dependency_links to /private/var/folders/51/hd414ycd67n82196sw51xqtc0000gn/T/pip-pip-egg-info-_vn3kloi/lxml.egg-info/dependency_links.txt
2022-12-27T11:07:30.1680510Z   writing top-level names to /private/var/folders/51/hd414ycd67n82196sw51xqtc0000gn/T/pip-pip-egg-info-_vn3kloi/lxml.egg-info/top_level.txt
2022-12-27T11:07:30.1682140Z   writing manifest file '/private/var/folders/51/hd414ycd67n82196sw51xqtc0000gn/T/pip-pip-egg-info-_vn3kloi/lxml.egg-info/SOURCES.txt'
2022-12-27T11:07:30.1732020Z   reading manifest file '/private/var/folders/51/hd414ycd67n82196sw51xqtc0000gn/T/pip-pip-egg-info-_vn3kloi/lxml.egg-info/SOURCES.txt'
2022-12-27T11:07:30.1734370Z   reading manifest template 'MANIFEST.in'
2022-12-27T11:07:30.2445210Z   adding license file 'LICENSES.txt'
2022-12-27T11:07:30.2495420Z   writing manifest file '/private/var/folders/51/hd414ycd67n82196sw51xqtc0000gn/T/pip-pip-egg-info-_vn3kloi/lxml.egg-info/SOURCES.txt'
2022-12-27T11:07:30.2787760Z   Preparing metadata (setup.py): finished with status 'done'
2022-12-27T11:07:30.2808720Z   Source in /Users/runner/actions-runner/_work/python.build/python.build/build_lxml21311/lxml-2.1 has version 2.1, which satisfies requirement lxml==2.1 from file:///Users/runner/actions-runner/_work/python.build/python.build/build_lxml21311/lxml-2.1
2022-12-27T11:07:30.2811560Z   Removed lxml==2.1 from file:///Users/runner/actions-runner/_work/python.build/python.build/build_lxml21311/lxml-2.1 from build tracker '/private/var/folders/51/hd414ycd67n82196sw51xqtc0000gn/T/pip-build-tracker-yf2gl0_o'
2022-12-27T11:07:30.2827420Z Created temporary directory: /private/var/folders/51/hd414ycd67n82196sw51xqtc0000gn/T/pip-unpack-trx3ofjt
2022-12-27T11:07:30.2829200Z Building wheels for collected packages: lxml
2022-12-27T11:07:30.2835760Z   Created temporary directory: /private/var/folders/51/hd414ycd67n82196sw51xqtc0000gn/T/pip-wheel-46vx5k5g
2022-12-27T11:07:30.2836640Z   Building wheel for lxml (setup.py): started
2022-12-27T11:07:30.2838150Z   Destination directory: /private/var/folders/51/hd414ycd67n82196sw51xqtc0000gn/T/pip-wheel-46vx5k5g
2022-12-27T11:07:30.2839290Z   Running command python setup.py bdist_wheel
2022-12-27T11:07:30.5046140Z   Building lxml version 2.1.
2022-12-27T11:07:30.5046580Z   Building with Cython 0.29.32.
2022-12-27T11:07:30.5048100Z   Using build configuration of libxslt 1.1.29
2022-12-27T11:07:30.6007990Z   Building against libxml2/libxslt in the following directory: /Library/Developer/CommandLineTools/SDKs/MacOSX12.1.sdk/usr/lib
2022-12-27T11:07:30.6225110Z   running bdist_wheel
2022-12-27T11:07:30.6262330Z   running build
2022-12-27T11:07:30.6264290Z   running build_py
2022-12-27T11:07:30.6282180Z   creating build
2022-12-27T11:07:30.6284270Z   creating build/lib.macosx-11.0-arm64-cpython-311
2022-12-27T11:07:30.6285720Z   creating build/lib.macosx-11.0-arm64-cpython-311/lxml
2022-12-27T11:07:30.6287260Z   copying src/lxml/_elementpath.py -> build/lib.macosx-11.0-arm64-cpython-311/lxml
2022-12-27T11:07:30.6288330Z   copying src/lxml/sax.py -> build/lib.macosx-11.0-arm64-cpython-311/lxml
2022-12-27T11:07:30.6292020Z   copying src/lxml/pyclasslookup.py -> build/lib.macosx-11.0-arm64-cpython-311/lxml
2022-12-27T11:07:30.6294180Z   copying src/lxml/__init__.py -> build/lib.macosx-11.0-arm64-cpython-311/lxml
2022-12-27T11:07:30.6296070Z   copying src/lxml/builder.py -> build/lib.macosx-11.0-arm64-cpython-311/lxml
2022-12-27T11:07:30.6298700Z   copying src/lxml/doctestcompare.py -> build/lib.macosx-11.0-arm64-cpython-311/lxml
2022-12-27T11:07:30.6300750Z   copying src/lxml/usedoctest.py -> build/lib.macosx-11.0-arm64-cpython-311/lxml
2022-12-27T11:07:30.6303170Z   copying src/lxml/cssselect.py -> build/lib.macosx-11.0-arm64-cpython-311/lxml
2022-12-27T11:07:30.6305740Z   copying src/lxml/ElementInclude.py -> build/lib.macosx-11.0-arm64-cpython-311/lxml
2022-12-27T11:07:30.6311690Z   creating build/lib.macosx-11.0-arm64-cpython-311/lxml/html
2022-12-27T11:07:30.6312980Z   copying src/lxml/html/soupparser.py -> build/lib.macosx-11.0-arm64-cpython-311/lxml/html
2022-12-27T11:07:30.6315570Z   copying src/lxml/html/defs.py -> build/lib.macosx-11.0-arm64-cpython-311/lxml/html
2022-12-27T11:07:30.6317470Z   copying src/lxml/html/_setmixin.py -> build/lib.macosx-11.0-arm64-cpython-311/lxml/html
2022-12-27T11:07:30.6319730Z   copying src/lxml/html/clean.py -> build/lib.macosx-11.0-arm64-cpython-311/lxml/html
2022-12-27T11:07:30.6322550Z   copying src/lxml/html/_diffcommand.py -> build/lib.macosx-11.0-arm64-cpython-311/lxml/html
2022-12-27T11:07:30.6324300Z   copying src/lxml/html/__init__.py -> build/lib.macosx-11.0-arm64-cpython-311/lxml/html
2022-12-27T11:07:30.6327190Z   copying src/lxml/html/formfill.py -> build/lib.macosx-11.0-arm64-cpython-311/lxml/html
2022-12-27T11:07:30.6329910Z   copying src/lxml/html/builder.py -> build/lib.macosx-11.0-arm64-cpython-311/lxml/html
2022-12-27T11:07:30.6332140Z   copying src/lxml/html/ElementSoup.py -> build/lib.macosx-11.0-arm64-cpython-311/lxml/html
2022-12-27T11:07:30.6334360Z   copying src/lxml/html/usedoctest.py -> build/lib.macosx-11.0-arm64-cpython-311/lxml/html
2022-12-27T11:07:30.6336750Z   copying src/lxml/html/diff.py -> build/lib.macosx-11.0-arm64-cpython-311/lxml/html
2022-12-27T11:07:30.6339380Z   copying src/lxml/html/_dictmixin.py -> build/lib.macosx-11.0-arm64-cpython-311/lxml/html
2022-12-27T11:07:30.6348070Z   running build_ext
2022-12-27T11:07:30.6469000Z   skipping 'src/lxml/lxml.etree.c' Cython extension (up-to-date)
2022-12-27T11:07:30.6472470Z   skipping 'src/lxml/lxml.objectify.c' Cython extension (up-to-date)
2022-12-27T11:07:30.6474000Z   building 'lxml.etree' extension
2022-12-27T11:07:30.6475600Z   creating build/temp.macosx-11.0-arm64-cpython-311
2022-12-27T11:07:30.6477040Z   creating build/temp.macosx-11.0-arm64-cpython-311/src
2022-12-27T11:07:30.6478310Z   creating build/temp.macosx-11.0-arm64-cpython-311/src/lxml
2022-12-27T11:07:30.6480640Z   clang -Wsign-compare -Wunreachable-code -fno-common -dynamic -DNDEBUG -g -fwrapv -O3 -Wall -g -I/usr/local/opt/openssl@3/include -I/usr/local/opt/openssl@3/include -arch arm64 -I/Library/Developer/CommandLineTools/SDKs/MacOSX12.1.sdk/usr/include -I/private/var/folders/51/hd414ycd67n82196sw51xqtc0000gn/T/cibw-run-johan651/cp311-macosx_arm64/build/venv/include -I/Library/Frameworks/Python.framework/Versions/3.11/include/python3.11 -c src/lxml/lxml.etree.c -o build/temp.macosx-11.0-arm64-cpython-311/src/lxml/lxml.etree.o -w -flat_namespace
2022-12-27T11:07:31.0323250Z   src/lxml/lxml.etree.c:101401:3: error: expression is not assignable
2022-12-27T11:07:31.0324110Z     ++Py_REFCNT(o);
2022-12-27T11:07:31.0325730Z     ^ ~~~~~~~~~~~~
2022-12-27T11:07:31.0327150Z   src/lxml/lxml.etree.c:101404:3: error: expression is not assignable
2022-12-27T11:07:31.0328630Z     --Py_REFCNT(o);
2022-12-27T11:07:31.0329960Z     ^ ~~~~~~~~~~~~
2022-12-27T11:07:31.0333220Z   src/lxml/lxml.etree.c:101836:3: error: expression is not assignable
2022-12-27T11:07:31.0334860Z     ++Py_REFCNT(o);
2022-12-27T11:07:31.0337100Z     ^ ~~~~~~~~~~~~
2022-12-27T11:07:31.0339530Z   src/lxml/lxml.etree.c:101839:3: error: expression is not assignable
2022-12-27T11:07:31.0341180Z     --Py_REFCNT(o);
2022-12-27T11:07:31.0343420Z     ^ ~~~~~~~~~~~~
2022-12-27T11:07:31.0520690Z   src/lxml/lxml.etree.c:110260:3: error: expression is not assignable
2022-12-27T11:07:31.0521710Z     ++Py_REFCNT(o);
2022-12-27T11:07:31.0523500Z     ^ ~~~~~~~~~~~~
2022-12-27T11:07:31.0524960Z   src/lxml/lxml.etree.c:110263:3: error: expression is not assignable
2022-12-27T11:07:31.0526260Z     --Py_REFCNT(o);
2022-12-27T11:07:31.0527410Z     ^ ~~~~~~~~~~~~
2022-12-27T11:07:31.0532910Z   src/lxml/lxml.etree.c:110825:3: error: expression is not assignable
2022-12-27T11:07:31.0533680Z     ++Py_REFCNT(o);
2022-12-27T11:07:31.0534800Z     ^ ~~~~~~~~~~~~
2022-12-27T11:07:31.0536010Z   src/lxml/lxml.etree.c:110828:3: error: expression is not assignable
2022-12-27T11:07:31.0537050Z     --Py_REFCNT(o);
2022-12-27T11:07:31.0538100Z     ^ ~~~~~~~~~~~~
2022-12-27T11:07:31.0541070Z   src/lxml/lxml.etree.c:111204:3: error: expression is not assignable
2022-12-27T11:07:31.0542310Z     ++Py_REFCNT(o);
2022-12-27T11:07:31.0543460Z     ^ ~~~~~~~~~~~~
2022-12-27T11:07:31.0544640Z   src/lxml/lxml.etree.c:111207:3: error: expression is not assignable
2022-12-27T11:07:31.0545780Z     --Py_REFCNT(o);
2022-12-27T11:07:31.0546690Z     ^ ~~~~~~~~~~~~
2022-12-27T11:07:31.0548070Z   src/lxml/lxml.etree.c:111377:3: error: expression is not assignable
2022-12-27T11:07:31.0548900Z     ++Py_REFCNT(o);
2022-12-27T11:07:31.0549880Z     ^ ~~~~~~~~~~~~
2022-12-27T11:07:31.0551030Z   src/lxml/lxml.etree.c:111380:3: error: expression is not assignable
2022-12-27T11:07:31.0552300Z     --Py_REFCNT(o);
2022-12-27T11:07:31.0553200Z     ^ ~~~~~~~~~~~~
2022-12-27T11:07:31.0637920Z   src/lxml/lxml.etree.c:115177:3: error: expression is not assignable
2022-12-27T11:07:31.0639220Z     ++Py_REFCNT(o);
2022-12-27T11:07:31.0641190Z     ^ ~~~~~~~~~~~~
2022-12-27T11:07:31.0643040Z   src/lxml/lxml.etree.c:115180:3: error: expression is not assignable
2022-12-27T11:07:31.0644490Z     --Py_REFCNT(o);
2022-12-27T11:07:31.0645590Z     ^ ~~~~~~~~~~~~
2022-12-27T11:07:31.0650050Z   src/lxml/lxml.etree.c:115727:3: error: expression is not assignable
2022-12-27T11:07:31.0651400Z     ++Py_REFCNT(o);
2022-12-27T11:07:31.0652960Z     ^ ~~~~~~~~~~~~
2022-12-27T11:07:31.0654380Z   src/lxml/lxml.etree.c:115730:3: error: expression is not assignable
2022-12-27T11:07:31.0655510Z     --Py_REFCNT(o);
2022-12-27T11:07:31.0656540Z     ^ ~~~~~~~~~~~~
2022-12-27T11:07:31.0717640Z   src/lxml/lxml.etree.c:116263:3: error: expression is not assignable
2022-12-27T11:07:31.0717860Z     ++Py_REFCNT(o);
2022-12-27T11:07:31.0718010Z     ^ ~~~~~~~~~~~~
2022-12-27T11:07:31.0718260Z   src/lxml/lxml.etree.c:116266:3: error: expression is not assignable
2022-12-27T11:07:31.0718980Z     --Py_REFCNT(o);
2022-12-27T11:07:31.0719130Z     ^ ~~~~~~~~~~~~
2022-12-27T11:07:31.0719630Z   src/lxml/lxml.etree.c:116638:3: error: expression is not assignable
2022-12-27T11:07:31.0719850Z     ++Py_REFCNT(o);
2022-12-27T11:07:31.0720010Z     ^ ~~~~~~~~~~~~
2022-12-27T11:07:31.0720320Z   fatal error: too many errors emitted, stopping now [-ferror-limit=]
2022-12-27T11:07:31.0963320Z   20 errors generated.
2022-12-27T11:07:31.1002190Z   error: command '/usr/bin/clang' failed with exit code 1
2022-12-27T11:07:31.1374620Z   error: subprocess-exited-with-error
2022-12-27T11:07:31.1375180Z   
2022-12-27T11:07:31.1375780Z   × python setup.py bdist_wheel did not run successfully.
2022-12-27T11:07:31.1376270Z   │ exit code: 1
2022-12-27T11:07:31.1376530Z   ╰─> See above for output.
2022-12-27T11:07:31.1376790Z   
2022-12-27T11:07:31.1377070Z   note: This error originates from a subprocess, and is likely not a problem with pip.
2022-12-27T11:07:31.1381590Z   full command: /private/var/folders/51/hd414ycd67n82196sw51xqtc0000gn/T/cibw-run-johan651/cp311-macosx_arm64/build/venv/bin/python -u -c '
2022-12-27T11:07:31.1382390Z   exec(compile('"'"''"'"''"'"'
2022-12-27T11:07:31.1383220Z   # This is <pip-setuptools-caller> -- a caller that pip uses to run setup.py
2022-12-27T11:07:31.1383570Z   #
2022-12-27T11:07:31.1383970Z   # - It imports setuptools before invoking setup.py, to enable projects that directly
2022-12-27T11:07:31.1384450Z   #   import from `distutils.core` to work with newer packaging standards.
2022-12-27T11:07:31.1385100Z   # - It provides a clear error message when setuptools is not installed.
2022-12-27T11:07:31.1385570Z   # - It sets `sys.argv[0]` to the underlying `setup.py`, when invoking `setup.py` so
2022-12-27T11:07:31.1386480Z   #   setuptools doesn'"'"'t think the script is `-c`. This avoids the following warning:
2022-12-27T11:07:31.1387270Z   #     manifest_maker: standard file '"'"'-c'"'"' not found".
2022-12-27T11:07:31.1388180Z   # - It generates a shim setup.py, for handling setup.cfg-only projects.
2022-12-27T11:07:31.1388820Z   import os, sys, tokenize
2022-12-27T11:07:31.1389210Z   
2022-12-27T11:07:31.1389570Z   try:
2022-12-27T11:07:31.1389880Z       import setuptools
2022-12-27T11:07:31.1390250Z   except ImportError as error:
2022-12-27T11:07:31.1391160Z       print(
2022-12-27T11:07:31.1391610Z           "ERROR: Can not execute `setup.py` since setuptools is not available in "
2022-12-27T11:07:31.1391970Z           "the build environment.",
2022-12-27T11:07:31.1392320Z           file=sys.stderr,
2022-12-27T11:07:31.1392530Z       )
2022-12-27T11:07:31.1392770Z       sys.exit(1)
2022-12-27T11:07:31.1393000Z   
2022-12-27T11:07:31.1393190Z   __file__ = %r
2022-12-27T11:07:31.1393460Z   sys.argv[0] = __file__
2022-12-27T11:07:31.1393710Z   
2022-12-27T11:07:31.1393940Z   if os.path.exists(__file__):
2022-12-27T11:07:31.1394240Z       filename = __file__
2022-12-27T11:07:31.1394500Z       with tokenize.open(__file__) as f:
2022-12-27T11:07:31.1394770Z           setup_py_code = f.read()
2022-12-27T11:07:31.1395010Z   else:
2022-12-27T11:07:31.1395340Z       filename = "<auto-generated setuptools caller>"
2022-12-27T11:07:31.1395660Z       setup_py_code = "from setuptools import setup; setup()"
2022-12-27T11:07:31.1395880Z   
2022-12-27T11:07:31.1396090Z   exec(compile(setup_py_code, filename, "exec"))
2022-12-27T11:07:31.1396930Z   '"'"''"'"''"'"' % ('"'"'/Users/runner/actions-runner/_work/python.build/python.build/build_lxml21311/lxml-2.1/setup.py'"'"',), "<pip-setuptools-caller>", "exec"))' bdist_wheel -d /private/var/folders/51/hd414ycd67n82196sw51xqtc0000gn/T/pip-wheel-46vx5k5g
2022-12-27T11:07:31.1397580Z   cwd: /Users/runner/actions-runner/_work/python.build/python.build/build_lxml21311/lxml-2.1/
2022-12-27T11:07:31.1397880Z   ERROR: Failed building wheel for lxml
2022-12-27T11:07:31.1398280Z   Building wheel for lxml (setup.py): finished with status 'error'
2022-12-27T11:07:31.1398580Z   Running setup.py clean for lxml
2022-12-27T11:07:31.1398850Z   Running command python setup.py clean
2022-12-27T11:07:31.3516750Z   Building lxml version 2.1.
2022-12-27T11:07:31.3518130Z   Building with Cython 0.29.32.
2022-12-27T11:07:31.3647900Z   Using build configuration of libxslt 1.1.29
2022-12-27T11:07:31.4560220Z   Building against libxml2/libxslt in the following directory: /Library/Developer/CommandLineTools/SDKs/MacOSX12.1.sdk/usr/lib
2022-12-27T11:07:31.4676440Z   running clean
2022-12-27T11:07:31.4699900Z   removing 'build/temp.macosx-11.0-arm64-cpython-311' (and everything under it)
2022-12-27T11:07:31.4703340Z   removing 'build/lib.macosx-11.0-arm64-cpython-311' (and everything under it)
2022-12-27T11:07:31.4720310Z   'build/bdist.macosx-11.0-arm64' does not exist -- can't clean it
2022-12-27T11:07:31.4721340Z   'build/scripts-3.11' does not exist -- can't clean it
2022-12-27T11:07:31.4722360Z   removing 'build'
2022-12-27T11:07:31.5000730Z Failed to build lxml
2022-12-27T11:07:31.5004820Z ERROR: Failed to build one or more wheels
2022-12-27T11:07:31.5017460Z Exception information:
2022-12-27T11:07:31.5017710Z Traceback (most recent call last):
2022-12-27T11:07:31.5025220Z   File "/private/var/folders/51/hd414ycd67n82196sw51xqtc0000gn/T/cibw-run-johan651/cp311-macosx_arm64/build/venv/lib/python3.11/site-packages/pip/_internal/cli/base_command.py", line 160, in exc_logging_wrapper
2022-12-27T11:07:31.5025660Z     status = run_func(*args)
2022-12-27T11:07:31.5025860Z              ^^^^^^^^^^^^^^^
2022-12-27T11:07:31.5026420Z   File "/private/var/folders/51/hd414ycd67n82196sw51xqtc0000gn/T/cibw-run-johan651/cp311-macosx_arm64/build/venv/lib/python3.11/site-packages/pip/_internal/cli/req_command.py", line 247, in wrapper
2022-12-27T11:07:31.5026710Z     return func(self, options, args)
2022-12-27T11:07:31.5026860Z            ^^^^^^^^^^^^^^^^^^^^^^^^^
2022-12-27T11:07:31.5027300Z   File "/private/var/folders/51/hd414ycd67n82196sw51xqtc0000gn/T/cibw-run-johan651/cp311-macosx_arm64/build/venv/lib/python3.11/site-packages/pip/_internal/commands/wheel.py", line 201, in run
2022-12-27T11:07:31.5027630Z     raise CommandError("Failed to build one or more wheels")
2022-12-27T11:07:31.5027900Z pip._internal.exceptions.CommandError: Failed to build one or more wheels
2022-12-27T11:07:31.5028220Z Removed build tracker: '/private/var/folders/51/hd414ycd67n82196sw51xqtc0000gn/T/pip-build-tracker-yf2gl0_o'
2022-12-27T11:07:31.5523350Z ##[endgroup]
2022-12-27T11:07:31.5546760Z ##[error]Command ['python', '-m', 'pip', 'wheel', '/Users/runner/actions-runner/_work/python.build/python.build/build_lxml21311/lxml-2.1', '--wheel-dir=/private/var/folders/51/hd414ycd67n82196sw51xqtc0000gn/T/cibw-run-johan651/cp311-macosx_arm64/built_wheel', '--no-deps', '-vvv'] failed with code 1. None
2022-12-27T11:07:31.5553050Z 
2022-12-27T11:07:31.5553350Z                                                               [31m✕ [0m1.98s
2022-12-27T11:07:31.6007660Z ##[error]Process completed with exit code 1.
2022-12-27T11:07:31.6040380Z ##[group]Run rm -rf build_lxml21311 wheelsout
2022-12-27T11:07:31.6040690Z [36;1mrm -rf build_lxml21311 wheelsout[0m
2022-12-27T11:07:31.6056310Z shell: /bin/bash -e {0}
2022-12-27T11:07:31.6056490Z env:
2022-12-27T11:07:31.6056690Z   pythonLocation: /Users/runner/hostedtoolcache/Python/3.11.1/x64
2022-12-27T11:07:31.6056920Z   PKG_CONFIG_PATH: /Users/runner/hostedtoolcache/Python/3.11.1/x64/lib/pkgconfig
2022-12-27T11:07:31.6057170Z   Python_ROOT_DIR: /Users/runner/hostedtoolcache/Python/3.11.1/x64
2022-12-27T11:07:31.6057390Z   Python2_ROOT_DIR: /Users/runner/hostedtoolcache/Python/3.11.1/x64
2022-12-27T11:07:31.6057610Z   Python3_ROOT_DIR: /Users/runner/hostedtoolcache/Python/3.11.1/x64
2022-12-27T11:07:31.6057760Z ##[endgroup]
2022-12-27T11:07:31.6592390Z Cleaning up orphan processes
