2022-12-27T02:00:07.8900353Z Requested labels: self-hosted, macOS, X64
2022-12-27T02:00:07.8900435Z Job defined at: kilnbuild/python.build/.github/workflows/mac_arm_build.yml@refs/heads/main
2022-12-27T02:00:07.8900468Z Waiting for a runner to pick up this job...
2022-12-27T03:20:55.1147178Z Job is about to start running on the runner: s1 (organization)
2022-12-27T03:20:59.7422300Z Current runner version: '2.300.2'
2022-12-27T03:20:59.7427240Z Runner name: 's1'
2022-12-27T03:20:59.7427490Z Runner group name: 'Default'
2022-12-27T03:20:59.7427920Z Machine name: 's1'
2022-12-27T03:20:59.7429430Z ##[group]GITHUB_TOKEN Permissions
2022-12-27T03:20:59.7429840Z Actions: write
2022-12-27T03:20:59.7429980Z Checks: write
2022-12-27T03:20:59.7430110Z Contents: write
2022-12-27T03:20:59.7430250Z Deployments: write
2022-12-27T03:20:59.7430390Z Discussions: write
2022-12-27T03:20:59.7430520Z Issues: write
2022-12-27T03:20:59.7430650Z Metadata: read
2022-12-27T03:20:59.7430780Z Packages: write
2022-12-27T03:20:59.7430920Z Pages: write
2022-12-27T03:20:59.7431050Z PullRequests: write
2022-12-27T03:20:59.7431220Z RepositoryProjects: write
2022-12-27T03:20:59.7431380Z SecurityEvents: write
2022-12-27T03:20:59.7431520Z Statuses: write
2022-12-27T03:20:59.7431650Z ##[endgroup]
2022-12-27T03:20:59.7434340Z Secret source: Actions
2022-12-27T03:20:59.7434670Z Prepare workflow directory
2022-12-27T03:20:59.8097400Z Prepare all required actions
2022-12-27T03:20:59.8219580Z Getting action download info
2022-12-27T03:21:00.2355640Z Download action repository 'actions/setup-python@v4' (SHA:5ccb29d8773c3f3f653e1705f474dfaa8a06a912)
2022-12-27T03:21:01.9868640Z Download action repository 'actions/upload-artifact@v3' (SHA:83fd05a356d7e2593de66fc9913b3002723633cb)
2022-12-27T03:21:03.3141020Z ##[group]Run echo '{
2022-12-27T03:21:03.3141340Z [36;1mecho '{[0m
2022-12-27T03:21:03.3141620Z [36;1m  "environment_variables": "GRPC_PYTHON_BUILD_WITH_CYTHON=1 GRPC_BUILD_WITH_BORING_SSL_ASM='' GRPC_PYTHON_BUILD_SYSTEM_OPENSSL=TRUE",[0m
2022-12-27T03:21:03.3141840Z [36;1m  "package_name": "grpcio",[0m
2022-12-27T03:21:03.3142100Z [36;1m  "package_url": "https://files.pythonhosted.org/packages/5a/e4/0dee2a413eaefe70c210134db7a73db9be9c8592d6134cf91eb0005330a9/grpcio-0.9.0a1.tar.gz",[0m
2022-12-27T03:21:03.3142320Z [36;1m  "package_version": "0.9.0a1",[0m
2022-12-27T03:21:03.3142500Z [36;1m  "python_version": "3.10",[0m
2022-12-27T03:21:03.3142680Z [36;1m  "use_ccache": "true"[0m
2022-12-27T03:21:03.3142810Z [36;1m}'[0m
2022-12-27T03:21:03.3158960Z shell: /bin/bash -e {0}
2022-12-27T03:21:03.3159110Z ##[endgroup]
2022-12-27T03:21:03.3379210Z {
2022-12-27T03:21:03.3380630Z   "environment_variables": "GRPC_PYTHON_BUILD_WITH_CYTHON=1 GRPC_BUILD_WITH_BORING_SSL_ASM= GRPC_PYTHON_BUILD_SYSTEM_OPENSSL=TRUE",
2022-12-27T03:21:03.3380930Z   "package_name": "grpcio",
2022-12-27T03:21:03.3381620Z   "package_url": "https://files.pythonhosted.org/packages/5a/e4/0dee2a413eaefe70c210134db7a73db9be9c8592d6134cf91eb0005330a9/grpcio-0.9.0a1.tar.gz",
2022-12-27T03:21:03.3381920Z   "package_version": "0.9.0a1",
2022-12-27T03:21:03.3382070Z   "python_version": "3.10",
2022-12-27T03:21:03.3382250Z   "use_ccache": "true"
2022-12-27T03:21:03.3382410Z }
2022-12-27T03:21:03.3594830Z ##[group]Run actions/setup-python@v4
2022-12-27T03:21:03.3595140Z with:
2022-12-27T03:21:03.3595330Z   python-version: 3.10
2022-12-27T03:21:03.3595480Z   check-latest: false
2022-12-27T03:21:03.3595800Z   token: ***
2022-12-27T03:21:03.3596040Z   update-environment: true
2022-12-27T03:21:03.3596200Z ##[endgroup]
2022-12-27T03:21:03.4820610Z ##[group]Installed versions
2022-12-27T03:21:03.4861060Z Successfully set up CPython (3.10.9)
2022-12-27T03:21:03.4861660Z ##[endgroup]
2022-12-27T03:21:03.5007380Z ##[group]Run if [ "true" == "true" ]
2022-12-27T03:21:03.5007700Z [36;1mif [ "true" == "true" ][0m
2022-12-27T03:21:03.5007850Z [36;1mthen[0m
2022-12-27T03:21:03.5008070Z [36;1m  echo "CCACHE_PATH_PREPEND=/usr/local/opt/ccache/libexec" >> $GITHUB_OUTPUT[0m
2022-12-27T03:21:03.5008540Z [36;1melse[0m
2022-12-27T03:21:03.5008730Z [36;1m  echo "CCACHE_PATH_PREPEND=" >> $GITHUB_OUTPUT[0m
2022-12-27T03:21:03.5008920Z [36;1mfi[0m
2022-12-27T03:21:03.5025580Z shell: /bin/bash -e {0}
2022-12-27T03:21:03.5025790Z env:
2022-12-27T03:21:03.5025980Z   pythonLocation: /Users/runner/hostedtoolcache/Python/3.10.9/x64
2022-12-27T03:21:03.5026290Z   PKG_CONFIG_PATH: /Users/runner/hostedtoolcache/Python/3.10.9/x64/lib/pkgconfig
2022-12-27T03:21:03.5026850Z   Python_ROOT_DIR: /Users/runner/hostedtoolcache/Python/3.10.9/x64
2022-12-27T03:21:03.5027070Z   Python2_ROOT_DIR: /Users/runner/hostedtoolcache/Python/3.10.9/x64
2022-12-27T03:21:03.5027390Z   Python3_ROOT_DIR: /Users/runner/hostedtoolcache/Python/3.10.9/x64
2022-12-27T03:21:03.5027760Z ##[endgroup]
2022-12-27T03:21:03.5132950Z ##[group]Run echo "BUILD_NAME=$(echo grpcio_0.9.0a1_3.10 | tr -dc '[:alnum:]\n\r' | tr '[:upper:]' '[:lower:]')" >> $GITHUB_OUTPUT
2022-12-27T03:21:03.5133530Z [36;1mecho "BUILD_NAME=$(echo grpcio_0.9.0a1_3.10 | tr -dc '[:alnum:]\n\r' | tr '[:upper:]' '[:lower:]')" >> $GITHUB_OUTPUT[0m
2022-12-27T03:21:03.5148020Z shell: /bin/bash -e {0}
2022-12-27T03:21:03.5148230Z env:
2022-12-27T03:21:03.5148510Z   pythonLocation: /Users/runner/hostedtoolcache/Python/3.10.9/x64
2022-12-27T03:21:03.5148780Z   PKG_CONFIG_PATH: /Users/runner/hostedtoolcache/Python/3.10.9/x64/lib/pkgconfig
2022-12-27T03:21:03.5149050Z   Python_ROOT_DIR: /Users/runner/hostedtoolcache/Python/3.10.9/x64
2022-12-27T03:21:03.5149350Z   Python2_ROOT_DIR: /Users/runner/hostedtoolcache/Python/3.10.9/x64
2022-12-27T03:21:03.5149560Z   Python3_ROOT_DIR: /Users/runner/hostedtoolcache/Python/3.10.9/x64
2022-12-27T03:21:03.5149840Z ##[endgroup]
2022-12-27T03:21:03.5291610Z ##[group]Run echo "PYTHON_NO_DOTS=$(echo 3.10 | tr -dc '[:alnum:]\n\r' | tr '[:upper:]' '[:lower:]')" >> $GITHUB_OUTPUT
2022-12-27T03:21:03.5291990Z [36;1mecho "PYTHON_NO_DOTS=$(echo 3.10 | tr -dc '[:alnum:]\n\r' | tr '[:upper:]' '[:lower:]')" >> $GITHUB_OUTPUT[0m
2022-12-27T03:21:03.5306340Z shell: /bin/bash -e {0}
2022-12-27T03:21:03.5306520Z env:
2022-12-27T03:21:03.5306740Z   pythonLocation: /Users/runner/hostedtoolcache/Python/3.10.9/x64
2022-12-27T03:21:03.5306980Z   PKG_CONFIG_PATH: /Users/runner/hostedtoolcache/Python/3.10.9/x64/lib/pkgconfig
2022-12-27T03:21:03.5307230Z   Python_ROOT_DIR: /Users/runner/hostedtoolcache/Python/3.10.9/x64
2022-12-27T03:21:03.5307450Z   Python2_ROOT_DIR: /Users/runner/hostedtoolcache/Python/3.10.9/x64
2022-12-27T03:21:03.5307680Z   Python3_ROOT_DIR: /Users/runner/hostedtoolcache/Python/3.10.9/x64
2022-12-27T03:21:03.5307820Z ##[endgroup]
2022-12-27T03:21:03.5418530Z ##[group]Run rm -rf build_grpcio090a1310
2022-12-27T03:21:03.5418880Z [36;1mrm -rf build_grpcio090a1310[0m
2022-12-27T03:21:03.5419080Z [36;1mmkdir build_grpcio090a1310[0m
2022-12-27T03:21:03.5419270Z [36;1mcd build_grpcio090a1310[0m
2022-12-27T03:21:03.5419590Z [36;1m/usr/local/bin/wget --quiet https://files.pythonhosted.org/packages/5a/e4/0dee2a413eaefe70c210134db7a73db9be9c8592d6134cf91eb0005330a9/grpcio-0.9.0a1.tar.gz[0m
2022-12-27T03:21:03.5419870Z [36;1mtar xf *.tar.gz[0m
2022-12-27T03:21:03.5420020Z [36;1mcd grpcio-*/[0m
2022-12-27T03:21:03.5420250Z [36;1mpython -m pip install cibuildwheel==2.11.3[0m
2022-12-27T03:21:03.5420470Z [36;1mpython -m cibuildwheel --output-dir ../wheelsout[0m
2022-12-27T03:21:03.5434630Z shell: /bin/bash -e {0}
2022-12-27T03:21:03.5434910Z env:
2022-12-27T03:21:03.5435120Z   pythonLocation: /Users/runner/hostedtoolcache/Python/3.10.9/x64
2022-12-27T03:21:03.5435390Z   PKG_CONFIG_PATH: /Users/runner/hostedtoolcache/Python/3.10.9/x64/lib/pkgconfig
2022-12-27T03:21:03.5435650Z   Python_ROOT_DIR: /Users/runner/hostedtoolcache/Python/3.10.9/x64
2022-12-27T03:21:03.5435920Z   Python2_ROOT_DIR: /Users/runner/hostedtoolcache/Python/3.10.9/x64
2022-12-27T03:21:03.5436150Z   Python3_ROOT_DIR: /Users/runner/hostedtoolcache/Python/3.10.9/x64
2022-12-27T03:21:03.5436330Z   CIBW_ARCHS_MACOS: arm64
2022-12-27T03:21:03.5436500Z   CIBW_TEST_SKIP: *_arm64
2022-12-27T03:21:03.5436680Z   CIBW_BUILD: cp310-macosx_arm64
2022-12-27T03:21:03.5436870Z   CIBW_BUILD_FRONTEND: pip
2022-12-27T03:21:03.5437050Z   CIBW_BUILD_VERBOSITY: 3
2022-12-27T03:21:03.5437430Z   CIBW_ENVIRONMENT_MACOS: GRPC_PYTHON_BUILD_WITH_CYTHON=1 GRPC_BUILD_WITH_BORING_SSL_ASM='' GRPC_PYTHON_BUILD_SYSTEM_OPENSSL=TRUE CFLAGS="-I/usr/local/opt/openssl@3/include" LDFLAGS="-L/usr/local/opt/openssl@3/lib" CPPFLAGS="-I/usr/local/opt/openssl@3/include" MAKEFLAGS="-j$(sysctl -n hw.logicalcpu)" PATH=/usr/local/opt/ccache/libexec:$PATH
2022-12-27T03:21:03.5438080Z   CIBW_BEFORE_BUILD: pip install Cython; if [[ -f requirements.txt ]]; then pip install -r requirements.txt; fi
2022-12-27T03:21:03.5438300Z   MAKEFLAGS: -j$(sysctl -n hw.logicalcpu)
2022-12-27T03:21:03.5438530Z ##[endgroup]
2022-12-27T03:21:03.8728170Z Requirement already satisfied: cibuildwheel==2.11.3 in /Users/runner/hostedtoolcache/Python/3.10.9/x64/lib/python3.10/site-packages (2.11.3)
2022-12-27T03:21:03.8990130Z Requirement already satisfied: bashlex!=0.13 in /Users/runner/hostedtoolcache/Python/3.10.9/x64/lib/python3.10/site-packages (from cibuildwheel==2.11.3) (0.16)
2022-12-27T03:21:03.8996190Z Requirement already satisfied: tomli in /Users/runner/hostedtoolcache/Python/3.10.9/x64/lib/python3.10/site-packages (from cibuildwheel==2.11.3) (2.0.1)
2022-12-27T03:21:03.9000620Z Requirement already satisfied: bracex in /Users/runner/hostedtoolcache/Python/3.10.9/x64/lib/python3.10/site-packages (from cibuildwheel==2.11.3) (2.3.post1)
2022-12-27T03:21:03.9009340Z Requirement already satisfied: typing-extensions>=4.1.0 in /Users/runner/hostedtoolcache/Python/3.10.9/x64/lib/python3.10/site-packages (from cibuildwheel==2.11.3) (4.4.0)
2022-12-27T03:21:03.9012600Z Requirement already satisfied: filelock in /Users/runner/hostedtoolcache/Python/3.10.9/x64/lib/python3.10/site-packages (from cibuildwheel==2.11.3) (3.8.2)
2022-12-27T03:21:03.9016000Z Requirement already satisfied: platformdirs in /Users/runner/hostedtoolcache/Python/3.10.9/x64/lib/python3.10/site-packages (from cibuildwheel==2.11.3) (2.6.0)
2022-12-27T03:21:03.9019310Z Requirement already satisfied: certifi in /Users/runner/hostedtoolcache/Python/3.10.9/x64/lib/python3.10/site-packages (from cibuildwheel==2.11.3) (2022.12.7)
2022-12-27T03:21:03.9024580Z Requirement already satisfied: packaging>=20.9 in /Users/runner/hostedtoolcache/Python/3.10.9/x64/lib/python3.10/site-packages (from cibuildwheel==2.11.3) (22.0)
2022-12-27T03:21:04.0861080Z 
2022-12-27T03:21:04.0861210Z      _ _       _ _   _       _           _
2022-12-27T03:21:04.0861710Z  ___|_| |_ _ _|_| |_| |_ _ _| |_ ___ ___| |
2022-12-27T03:21:04.0863730Z |  _| | . | | | | | . | | | |   | -_| -_| |
2022-12-27T03:21:04.0864160Z |___|_|___|___|_|_|___|_____|_|_|___|___|_|
2022-12-27T03:21:04.0864310Z 
2022-12-27T03:21:04.0864480Z cibuildwheel version 2.11.3
2022-12-27T03:21:04.0864690Z 
2022-12-27T03:21:04.0864860Z Build options:
2022-12-27T03:21:04.0865380Z   platform: macos
2022-12-27T03:21:04.0923130Z   architectures: arm64[0m
2022-12-27T03:21:04.0923450Z   build_selector: 
2022-12-27T03:21:04.0923780Z     build_config: cp310-macosx_arm64
2022-12-27T03:21:04.0923970Z     skip_config: 
2022-12-27T03:21:04.0924420Z     requires_python: None
2022-12-27T03:21:04.0924730Z     prerelease_pythons: False[0m
2022-12-27T03:21:04.0925070Z   [38;5;244mcontainer_engine: docker[0m
2022-12-27T03:21:04.0925460Z   output_dir: /Users/runner/actions-runner/_work/python.build/python.build/build_grpcio090a1310/wheelsout[0m
2022-12-27T03:21:04.0926110Z   package_dir: /Users/runner/actions-runner/_work/python.build/python.build/build_grpcio090a1310/grpcio-0.9.0a1[0m
2022-12-27T03:21:04.0926440Z   test_selector: 
2022-12-27T03:21:04.0926710Z     skip_config: *_arm64[0m
2022-12-27T03:21:04.0927170Z   [38;5;244mbefore_all: [0m
2022-12-27T03:21:04.0927570Z   before_build: pip install Cython; if [[ -f requirements.txt ]]; then pip install -r requirements.txt; fi[0m
2022-12-27T03:21:04.0927930Z   [38;5;244mbefore_test: [0m
2022-12-27T03:21:04.0928320Z   [38;5;244mbuild_frontend: pip[0m
2022-12-27T03:21:04.0928610Z   build_verbosity: 3[0m
2022-12-27T03:21:04.0928980Z   [38;5;244mconfig_settings: [0m
2022-12-27T03:21:04.0929250Z   [38;5;244mdependency_constraints: pinned[0m
2022-12-27T03:21:04.0929640Z   environment: 
2022-12-27T03:21:04.0929900Z     GRPC_PYTHON_BUILD_WITH_CYTHON=1
2022-12-27T03:21:04.0930160Z     GRPC_BUILD_WITH_BORING_SSL_ASM=''
2022-12-27T03:21:04.0930740Z     GRPC_PYTHON_BUILD_SYSTEM_OPENSSL=TRUE
2022-12-27T03:21:04.0931260Z     CFLAGS="-I/usr/local/opt/openssl@3/include"
2022-12-27T03:21:04.0931550Z     LDFLAGS="-L/usr/local/opt/openssl@3/lib"
2022-12-27T03:21:04.0931880Z     CPPFLAGS="-I/usr/local/opt/openssl@3/include"
2022-12-27T03:21:04.0932210Z     MAKEFLAGS="-j$(sysctl -n hw.logicalcpu)"
2022-12-27T03:21:04.0932690Z     PATH=/usr/local/opt/ccache/libexec:$PATH[0m
2022-12-27T03:21:04.0932960Z   [38;5;244mmanylinux_images: None[0m
2022-12-27T03:21:04.0933250Z   [38;5;244mmusllinux_images: None[0m
2022-12-27T03:21:04.0933650Z   [38;5;244mrepair_command: delocate-wheel --require-archs {delocate_archs} -w {dest_dir} -v {wheel}[0m
2022-12-27T03:21:04.0933940Z   [38;5;244mtest_command: [0m
2022-12-27T03:21:04.0934640Z   [38;5;244mtest_extras: [0m
2022-12-27T03:21:04.0934870Z   [38;5;244mtest_requires: [0m
2022-12-27T03:21:04.0934980Z 
2022-12-27T03:21:04.0935060Z Cache folder: /Users/runner/Library/Caches/cibuildwheel
2022-12-27T03:21:04.0953210Z 
2022-12-27T03:21:04.0953430Z Here we go!
2022-12-27T03:21:04.0953560Z 
2022-12-27T03:21:04.1021180Z 
2022-12-27T03:21:04.1021600Z [1m[34mBuilding cp310-macosx_arm64 wheel[0m
2022-12-27T03:21:04.1022070Z CPython 3.10 macOS arm64 - Apple Silicon
2022-12-27T03:21:04.1022230Z 
2022-12-27T03:21:04.1024470Z ##[group]Installing Python cp310...
2022-12-27T03:21:04.1024680Z 
2022-12-27T03:21:04.1024860Z + pkgutil --pkgs
2022-12-27T03:21:04.1123210Z ##[endgroup]
2022-12-27T03:21:04.1124170Z                                                               [32m✓ [0m0.01s
2022-12-27T03:21:04.1124690Z ##[group]Setting up build environment...
2022-12-27T03:21:04.1124850Z 
2022-12-27T03:21:04.1142520Z + /Users/runner/hostedtoolcache/Python/3.10.9/x64/bin/python -sS /Users/runner/Library/Caches/cibuildwheel/virtualenv-20.17.0.pyz --activators= --no-periodic-update --pip=22.3.1 --setuptools=65.6.3 --wheel=0.38.4 --symlink-app-data --python /Library/Frameworks/Python.framework/Versions/3.10/bin/python3 /private/var/folders/51/hd414ycd67n82196sw51xqtc0000gn/T/cibw-run-q378g87z/cp310-macosx_arm64/build/venv
2022-12-27T03:21:04.3091610Z created virtual environment CPython3.10.8.final.0-64 in 51ms
2022-12-27T03:21:04.3092340Z   creator CPython3Posix(dest=/private/var/folders/51/hd414ycd67n82196sw51xqtc0000gn/T/cibw-run-q378g87z/cp310-macosx_arm64/build/venv, clear=False, no_vcs_ignore=False, global=False)
2022-12-27T03:21:04.3092770Z   seeder FromAppData(download=False, pip=22.3.1, setuptools=65.6.3, wheel=0.38.4, via=symlink, app_data_dir=/Users/runner/Library/Application Support/virtualenv)
2022-12-27T03:21:04.3093100Z     added seed packages: pip==22.3.1, setuptools==65.6.3, wheel==0.38.4
2022-12-27T03:21:04.3219200Z + python -m pip install --upgrade pip -c /Users/runner/hostedtoolcache/Python/3.10.9/x64/lib/python3.10/site-packages/cibuildwheel/resources/constraints-python310.txt
2022-12-27T03:21:04.5956920Z Requirement already satisfied: pip in ./lib/python3.10/site-packages (22.3.1)
2022-12-27T03:21:04.7248770Z + which pip
2022-12-27T03:21:04.7268240Z /private/var/folders/51/hd414ycd67n82196sw51xqtc0000gn/T/cibw-run-q378g87z/cp310-macosx_arm64/build/venv/bin/pip
2022-12-27T03:21:04.7270030Z + pip --version
2022-12-27T03:21:04.9325930Z pip 22.3.1 from /private/var/folders/51/hd414ycd67n82196sw51xqtc0000gn/T/cibw-run-q378g87z/cp310-macosx_arm64/build/venv/lib/python3.10/site-packages/pip (python 3.10)
2022-12-27T03:21:04.9540000Z + which pip
2022-12-27T03:21:04.9566400Z + which python
2022-12-27T03:21:04.9583300Z /private/var/folders/51/hd414ycd67n82196sw51xqtc0000gn/T/cibw-run-q378g87z/cp310-macosx_arm64/build/venv/bin/python
2022-12-27T03:21:04.9585750Z + python --version
2022-12-27T03:21:04.9634970Z Python 3.10.8
2022-12-27T03:21:04.9637520Z + which python
2022-12-27T03:21:04.9688250Z ##[endgroup]
2022-12-27T03:21:04.9688840Z                                                               [32m✓ [0m0.86s
2022-12-27T03:21:04.9689700Z ##[group]Installing build tools...
2022-12-27T03:21:04.9689910Z 
2022-12-27T03:21:04.9690770Z + pip install --upgrade setuptools wheel delocate -c /Users/runner/hostedtoolcache/Python/3.10.9/x64/lib/python3.10/site-packages/cibuildwheel/resources/constraints-python310.txt
2022-12-27T03:21:05.2497840Z Requirement already satisfied: setuptools in /private/var/folders/51/hd414ycd67n82196sw51xqtc0000gn/T/cibw-run-q378g87z/cp310-macosx_arm64/build/venv/lib/python3.10/site-packages (65.6.3)
2022-12-27T03:21:05.4438490Z Requirement already satisfied: wheel in /private/var/folders/51/hd414ycd67n82196sw51xqtc0000gn/T/cibw-run-q378g87z/cp310-macosx_arm64/build/venv/lib/python3.10/site-packages (0.38.4)
2022-12-27T03:21:05.4861520Z Collecting delocate
2022-12-27T03:21:05.4882610Z   Using cached delocate-0.10.3-py3-none-any.whl (142 kB)
2022-12-27T03:21:05.5090330Z Collecting typing-extensions
2022-12-27T03:21:05.5108190Z   Using cached typing_extensions-4.4.0-py3-none-any.whl (26 kB)
2022-12-27T03:21:05.5328690Z Collecting packaging>=20.9
2022-12-27T03:21:05.5347180Z   Using cached packaging-21.3-py3-none-any.whl (40 kB)
2022-12-27T03:21:05.5676680Z Collecting pyparsing!=3.0.5,>=2.0.2
2022-12-27T03:21:05.5693880Z   Using cached pyparsing-3.0.9-py3-none-any.whl (98 kB)
2022-12-27T03:21:05.6029950Z Installing collected packages: typing-extensions, pyparsing, packaging, delocate
2022-12-27T03:21:05.7298020Z Successfully installed delocate-0.10.3 packaging-21.3 pyparsing-3.0.9 typing-extensions-4.4.0
2022-12-27T03:21:05.7730960Z ##[endgroup]
2022-12-27T03:21:05.7731600Z                                                               [32m✓ [0m0.80s
2022-12-27T03:21:05.7732160Z ##[group]Running before_build...
2022-12-27T03:21:05.7732320Z 
2022-12-27T03:21:05.7737970Z + pip install Cython; if [[ -f requirements.txt ]]; then pip install -r requirements.txt; fi
2022-12-27T03:21:06.3656680Z Collecting Cython
2022-12-27T03:21:06.3699260Z   Using cached Cython-0.29.32-py2.py3-none-any.whl (986 kB)
2022-12-27T03:21:06.4115870Z Installing collected packages: Cython
2022-12-27T03:21:06.8212550Z Successfully installed Cython-0.29.32
2022-12-27T03:21:06.8646750Z ##[endgroup]
2022-12-27T03:21:06.8647440Z                                                               [32m✓ [0m1.09s
2022-12-27T03:21:06.8648320Z ##[group]Building wheel...
2022-12-27T03:21:06.8648580Z 
2022-12-27T03:21:06.8654880Z + python -m pip wheel /Users/runner/actions-runner/_work/python.build/python.build/build_grpcio090a1310/grpcio-0.9.0a1 --wheel-dir=/private/var/folders/51/hd414ycd67n82196sw51xqtc0000gn/T/cibw-run-q378g87z/cp310-macosx_arm64/built_wheel --no-deps -vvv
2022-12-27T03:21:07.1204220Z Created temporary directory: /private/var/folders/51/hd414ycd67n82196sw51xqtc0000gn/T/pip-ephem-wheel-cache-4old3cyd
2022-12-27T03:21:07.1208870Z Created temporary directory: /private/var/folders/51/hd414ycd67n82196sw51xqtc0000gn/T/pip-build-tracker-um7okcc7
2022-12-27T03:21:07.1210980Z Initialized build tracking at /private/var/folders/51/hd414ycd67n82196sw51xqtc0000gn/T/pip-build-tracker-um7okcc7
2022-12-27T03:21:07.1212810Z Created build tracker: /private/var/folders/51/hd414ycd67n82196sw51xqtc0000gn/T/pip-build-tracker-um7okcc7
2022-12-27T03:21:07.1214710Z Entered build tracker: /private/var/folders/51/hd414ycd67n82196sw51xqtc0000gn/T/pip-build-tracker-um7okcc7
2022-12-27T03:21:07.1218240Z Created temporary directory: /private/var/folders/51/hd414ycd67n82196sw51xqtc0000gn/T/pip-wheel-9bttj15y
2022-12-27T03:21:07.1224650Z Created temporary directory: /private/var/folders/51/hd414ycd67n82196sw51xqtc0000gn/T/pip-ephem-wheel-cache-fbuit4jt
2022-12-27T03:21:07.1365520Z Processing /Users/runner/actions-runner/_work/python.build/python.build/build_grpcio090a1310/grpcio-0.9.0a1
2022-12-27T03:21:07.1371080Z   Added file:///Users/runner/actions-runner/_work/python.build/python.build/build_grpcio090a1310/grpcio-0.9.0a1 to build tracker '/private/var/folders/51/hd414ycd67n82196sw51xqtc0000gn/T/pip-build-tracker-um7okcc7'
2022-12-27T03:21:07.1375090Z   Running setup.py (path:/Users/runner/actions-runner/_work/python.build/python.build/build_grpcio090a1310/grpcio-0.9.0a1/setup.py) egg_info for package from file:///Users/runner/actions-runner/_work/python.build/python.build/build_grpcio090a1310/grpcio-0.9.0a1
2022-12-27T03:21:07.1378550Z   Created temporary directory: /private/var/folders/51/hd414ycd67n82196sw51xqtc0000gn/T/pip-pip-egg-info-2_sb08lg
2022-12-27T03:21:07.1380360Z   Preparing metadata (setup.py): started
2022-12-27T03:21:07.1382580Z   Running command python setup.py egg_info
2022-12-27T03:21:07.3022120Z   running egg_info
2022-12-27T03:21:07.3024130Z   creating /private/var/folders/51/hd414ycd67n82196sw51xqtc0000gn/T/pip-pip-egg-info-2_sb08lg/grpcio.egg-info
2022-12-27T03:21:07.3027880Z   writing /private/var/folders/51/hd414ycd67n82196sw51xqtc0000gn/T/pip-pip-egg-info-2_sb08lg/grpcio.egg-info/PKG-INFO
2022-12-27T03:21:07.3031740Z   writing dependency_links to /private/var/folders/51/hd414ycd67n82196sw51xqtc0000gn/T/pip-pip-egg-info-2_sb08lg/grpcio.egg-info/dependency_links.txt
2022-12-27T03:21:07.3035250Z   writing requirements to /private/var/folders/51/hd414ycd67n82196sw51xqtc0000gn/T/pip-pip-egg-info-2_sb08lg/grpcio.egg-info/requires.txt
2022-12-27T03:21:07.3037460Z   writing top-level names to /private/var/folders/51/hd414ycd67n82196sw51xqtc0000gn/T/pip-pip-egg-info-2_sb08lg/grpcio.egg-info/top_level.txt
2022-12-27T03:21:07.3040070Z   writing manifest file '/private/var/folders/51/hd414ycd67n82196sw51xqtc0000gn/T/pip-pip-egg-info-2_sb08lg/grpcio.egg-info/SOURCES.txt'
2022-12-27T03:21:07.3939310Z   reading manifest file '/private/var/folders/51/hd414ycd67n82196sw51xqtc0000gn/T/pip-pip-egg-info-2_sb08lg/grpcio.egg-info/SOURCES.txt'
2022-12-27T03:21:07.3941290Z   reading manifest template 'MANIFEST.in'
2022-12-27T03:21:07.3973810Z   writing manifest file '/private/var/folders/51/hd414ycd67n82196sw51xqtc0000gn/T/pip-pip-egg-info-2_sb08lg/grpcio.egg-info/SOURCES.txt'
2022-12-27T03:21:07.4179850Z   Preparing metadata (setup.py): finished with status 'done'
2022-12-27T03:21:07.4201960Z   Source in /Users/runner/actions-runner/_work/python.build/python.build/build_grpcio090a1310/grpcio-0.9.0a1 has version 0.9.0a1, which satisfies requirement grpcio==0.9.0a1 from file:///Users/runner/actions-runner/_work/python.build/python.build/build_grpcio090a1310/grpcio-0.9.0a1
2022-12-27T03:21:07.4204610Z   Removed grpcio==0.9.0a1 from file:///Users/runner/actions-runner/_work/python.build/python.build/build_grpcio090a1310/grpcio-0.9.0a1 from build tracker '/private/var/folders/51/hd414ycd67n82196sw51xqtc0000gn/T/pip-build-tracker-um7okcc7'
2022-12-27T03:21:07.4220640Z Created temporary directory: /private/var/folders/51/hd414ycd67n82196sw51xqtc0000gn/T/pip-unpack-mn43xtq8
2022-12-27T03:21:07.4222690Z Building wheels for collected packages: grpcio
2022-12-27T03:21:07.4229550Z   Created temporary directory: /private/var/folders/51/hd414ycd67n82196sw51xqtc0000gn/T/pip-wheel-9wncpch7
2022-12-27T03:21:07.4231260Z   Building wheel for grpcio (setup.py): started
2022-12-27T03:21:07.4233160Z   Destination directory: /private/var/folders/51/hd414ycd67n82196sw51xqtc0000gn/T/pip-wheel-9wncpch7
2022-12-27T03:21:07.4234210Z   Running command python setup.py bdist_wheel
2022-12-27T03:21:07.5904300Z   running bdist_wheel
2022-12-27T03:21:07.6711190Z   running build
2022-12-27T03:21:07.6712990Z   running build_py
2022-12-27T03:21:07.6729730Z   creating build
2022-12-27T03:21:07.6731690Z   creating build/lib.macosx-11.0-arm64-cpython-310
2022-12-27T03:21:07.6732870Z   creating build/lib.macosx-11.0-arm64-cpython-310/grpc
2022-12-27T03:21:07.6734500Z   copying grpc/__init__.py -> build/lib.macosx-11.0-arm64-cpython-310/grpc
2022-12-27T03:21:07.6744050Z   creating build/lib.macosx-11.0-arm64-cpython-310/grpc/_adapter
2022-12-27T03:21:07.6745930Z   copying grpc/_adapter/fore.py -> build/lib.macosx-11.0-arm64-cpython-310/grpc/_adapter
2022-12-27T03:21:07.6749230Z   copying grpc/_adapter/_event_invocation_synchronous_event_service_test.py -> build/lib.macosx-11.0-arm64-cpython-310/grpc/_adapter
2022-12-27T03:21:07.6751400Z   copying grpc/_adapter/_types.py -> build/lib.macosx-11.0-arm64-cpython-310/grpc/_adapter
2022-12-27T03:21:07.6754410Z   copying grpc/_adapter/_lonely_rear_link_test.py -> build/lib.macosx-11.0-arm64-cpython-310/grpc/_adapter
2022-12-27T03:21:07.6757560Z   copying grpc/_adapter/_face_test_case.py -> build/lib.macosx-11.0-arm64-cpython-310/grpc/_adapter
2022-12-27T03:21:07.6760680Z   copying grpc/_adapter/_intermediary_low.py -> build/lib.macosx-11.0-arm64-cpython-310/grpc/_adapter
2022-12-27T03:21:07.6763170Z   copying grpc/_adapter/_future_invocation_asynchronous_event_service_test.py -> build/lib.macosx-11.0-arm64-cpython-310/grpc/_adapter
2022-12-27T03:21:07.6766280Z   copying grpc/_adapter/_common.py -> build/lib.macosx-11.0-arm64-cpython-310/grpc/_adapter
2022-12-27T03:21:07.6768750Z   copying grpc/_adapter/__init__.py -> build/lib.macosx-11.0-arm64-cpython-310/grpc/_adapter
2022-12-27T03:21:07.6771370Z   copying grpc/_adapter/_low.py -> build/lib.macosx-11.0-arm64-cpython-310/grpc/_adapter
2022-12-27T03:21:07.6774280Z   copying grpc/_adapter/_blocking_invocation_inline_service_test.py -> build/lib.macosx-11.0-arm64-cpython-310/grpc/_adapter
2022-12-27T03:21:07.6777000Z   copying grpc/_adapter/_test_links.py -> build/lib.macosx-11.0-arm64-cpython-310/grpc/_adapter
2022-12-27T03:21:07.6779800Z   copying grpc/_adapter/_intermediary_low_test.py -> build/lib.macosx-11.0-arm64-cpython-310/grpc/_adapter
2022-12-27T03:21:07.6783020Z   copying grpc/_adapter/rear.py -> build/lib.macosx-11.0-arm64-cpython-310/grpc/_adapter
2022-12-27T03:21:07.6786460Z   copying grpc/_adapter/_proto_scenarios.py -> build/lib.macosx-11.0-arm64-cpython-310/grpc/_adapter
2022-12-27T03:21:07.6789060Z   copying grpc/_adapter/_low_test.py -> build/lib.macosx-11.0-arm64-cpython-310/grpc/_adapter
2022-12-27T03:21:07.6791690Z   copying grpc/_adapter/_links_test.py -> build/lib.macosx-11.0-arm64-cpython-310/grpc/_adapter
2022-12-27T03:21:07.6794170Z   copying grpc/_adapter/_c_test.py -> build/lib.macosx-11.0-arm64-cpython-310/grpc/_adapter
2022-12-27T03:21:07.6799390Z   creating build/lib.macosx-11.0-arm64-cpython-310/grpc/_junkdrawer
2022-12-27T03:21:07.6801720Z   copying grpc/_junkdrawer/stock_pb2.py -> build/lib.macosx-11.0-arm64-cpython-310/grpc/_junkdrawer
2022-12-27T03:21:07.6804620Z   copying grpc/_junkdrawer/__init__.py -> build/lib.macosx-11.0-arm64-cpython-310/grpc/_junkdrawer
2022-12-27T03:21:07.6807190Z   copying grpc/_junkdrawer/math_pb2.py -> build/lib.macosx-11.0-arm64-cpython-310/grpc/_junkdrawer
2022-12-27T03:21:07.6811950Z   creating build/lib.macosx-11.0-arm64-cpython-310/grpc/early_adopter
2022-12-27T03:21:07.6814180Z   copying grpc/early_adopter/__init__.py -> build/lib.macosx-11.0-arm64-cpython-310/grpc/early_adopter
2022-12-27T03:21:07.6816640Z   copying grpc/early_adopter/implementations_test.py -> build/lib.macosx-11.0-arm64-cpython-310/grpc/early_adopter
2022-12-27T03:21:07.6819620Z   copying grpc/early_adopter/implementations.py -> build/lib.macosx-11.0-arm64-cpython-310/grpc/early_adopter
2022-12-27T03:21:07.6824160Z   creating build/lib.macosx-11.0-arm64-cpython-310/grpc/framework
2022-12-27T03:21:07.6826460Z   copying grpc/framework/__init__.py -> build/lib.macosx-11.0-arm64-cpython-310/grpc/framework
2022-12-27T03:21:07.6831430Z   creating build/lib.macosx-11.0-arm64-cpython-310/grpc/framework/alpha
2022-12-27T03:21:07.6833800Z   copying grpc/framework/alpha/interfaces.py -> build/lib.macosx-11.0-arm64-cpython-310/grpc/framework/alpha
2022-12-27T03:21:07.6836230Z   copying grpc/framework/alpha/_face_utilities.py -> build/lib.macosx-11.0-arm64-cpython-310/grpc/framework/alpha
2022-12-27T03:21:07.6838940Z   copying grpc/framework/alpha/__init__.py -> build/lib.macosx-11.0-arm64-cpython-310/grpc/framework/alpha
2022-12-27T03:21:07.6841540Z   copying grpc/framework/alpha/exceptions.py -> build/lib.macosx-11.0-arm64-cpython-310/grpc/framework/alpha
2022-12-27T03:21:07.6844750Z   copying grpc/framework/alpha/_reexport.py -> build/lib.macosx-11.0-arm64-cpython-310/grpc/framework/alpha
2022-12-27T03:21:07.6847000Z   copying grpc/framework/alpha/utilities.py -> build/lib.macosx-11.0-arm64-cpython-310/grpc/framework/alpha
2022-12-27T03:21:07.6857170Z   creating build/lib.macosx-11.0-arm64-cpython-310/grpc/framework/base
2022-12-27T03:21:07.6859350Z   copying grpc/framework/base/interfaces.py -> build/lib.macosx-11.0-arm64-cpython-310/grpc/framework/base
2022-12-27T03:21:07.6861310Z   copying grpc/framework/base/_constants.py -> build/lib.macosx-11.0-arm64-cpython-310/grpc/framework/base
2022-12-27T03:21:07.6864220Z   copying grpc/framework/base/_expiration.py -> build/lib.macosx-11.0-arm64-cpython-310/grpc/framework/base
2022-12-27T03:21:07.6867070Z   copying grpc/framework/base/_transmission.py -> build/lib.macosx-11.0-arm64-cpython-310/grpc/framework/base
2022-12-27T03:21:07.6870320Z   copying grpc/framework/base/_reception.py -> build/lib.macosx-11.0-arm64-cpython-310/grpc/framework/base
2022-12-27T03:21:07.6873530Z   copying grpc/framework/base/_ingestion.py -> build/lib.macosx-11.0-arm64-cpython-310/grpc/framework/base
2022-12-27T03:21:07.6876830Z   copying grpc/framework/base/util.py -> build/lib.macosx-11.0-arm64-cpython-310/grpc/framework/base
2022-12-27T03:21:07.6879640Z   copying grpc/framework/base/_termination.py -> build/lib.macosx-11.0-arm64-cpython-310/grpc/framework/base
2022-12-27T03:21:07.6882100Z   copying grpc/framework/base/null.py -> build/lib.macosx-11.0-arm64-cpython-310/grpc/framework/base
2022-12-27T03:21:07.6885290Z   copying grpc/framework/base/__init__.py -> build/lib.macosx-11.0-arm64-cpython-310/grpc/framework/base
2022-12-27T03:21:07.6887860Z   copying grpc/framework/base/_interfaces.py -> build/lib.macosx-11.0-arm64-cpython-310/grpc/framework/base
2022-12-27T03:21:07.6892100Z   copying grpc/framework/base/_context.py -> build/lib.macosx-11.0-arm64-cpython-310/grpc/framework/base
2022-12-27T03:21:07.6896630Z   copying grpc/framework/base/implementations_test.py -> build/lib.macosx-11.0-arm64-cpython-310/grpc/framework/base
2022-12-27T03:21:07.6899860Z   copying grpc/framework/base/interfaces_test_case.py -> build/lib.macosx-11.0-arm64-cpython-310/grpc/framework/base
2022-12-27T03:21:07.6904120Z   copying grpc/framework/base/exceptions.py -> build/lib.macosx-11.0-arm64-cpython-310/grpc/framework/base
2022-12-27T03:21:07.6908620Z   copying grpc/framework/base/_ends.py -> build/lib.macosx-11.0-arm64-cpython-310/grpc/framework/base
2022-12-27T03:21:07.6912960Z   copying grpc/framework/base/_emission.py -> build/lib.macosx-11.0-arm64-cpython-310/grpc/framework/base
2022-12-27T03:21:07.6916400Z   copying grpc/framework/base/implementations.py -> build/lib.macosx-11.0-arm64-cpython-310/grpc/framework/base
2022-12-27T03:21:07.6920370Z   copying grpc/framework/base/in_memory.py -> build/lib.macosx-11.0-arm64-cpython-310/grpc/framework/base
2022-12-27T03:21:07.6924260Z   copying grpc/framework/base/_cancellation.py -> build/lib.macosx-11.0-arm64-cpython-310/grpc/framework/base
2022-12-27T03:21:07.6930070Z   creating build/lib.macosx-11.0-arm64-cpython-310/grpc/framework/common
2022-12-27T03:21:07.6932080Z   copying grpc/framework/common/style.py -> build/lib.macosx-11.0-arm64-cpython-310/grpc/framework/common
2022-12-27T03:21:07.6935740Z   copying grpc/framework/common/cardinality.py -> build/lib.macosx-11.0-arm64-cpython-310/grpc/framework/common
2022-12-27T03:21:07.6938700Z   copying grpc/framework/common/__init__.py -> build/lib.macosx-11.0-arm64-cpython-310/grpc/framework/common
2022-12-27T03:21:07.6947000Z   creating build/lib.macosx-11.0-arm64-cpython-310/grpc/framework/face
2022-12-27T03:21:07.6948790Z   copying grpc/framework/face/_service.py -> build/lib.macosx-11.0-arm64-cpython-310/grpc/framework/face
2022-12-27T03:21:07.6951470Z   copying grpc/framework/face/interfaces.py -> build/lib.macosx-11.0-arm64-cpython-310/grpc/framework/face
2022-12-27T03:21:07.6955020Z   copying grpc/framework/face/_control.py -> build/lib.macosx-11.0-arm64-cpython-310/grpc/framework/face
2022-12-27T03:21:07.6958280Z   copying grpc/framework/face/blocking_invocation_inline_service_test.py -> build/lib.macosx-11.0-arm64-cpython-310/grpc/framework/face
2022-12-27T03:21:07.6962160Z   copying grpc/framework/face/__init__.py -> build/lib.macosx-11.0-arm64-cpython-310/grpc/framework/face
2022-12-27T03:21:07.6964890Z   copying grpc/framework/face/demonstration.py -> build/lib.macosx-11.0-arm64-cpython-310/grpc/framework/face
2022-12-27T03:21:07.6968290Z   copying grpc/framework/face/_calls.py -> build/lib.macosx-11.0-arm64-cpython-310/grpc/framework/face
2022-12-27T03:21:07.6971710Z   copying grpc/framework/face/exceptions.py -> build/lib.macosx-11.0-arm64-cpython-310/grpc/framework/face
2022-12-27T03:21:07.6975110Z   copying grpc/framework/face/utilities.py -> build/lib.macosx-11.0-arm64-cpython-310/grpc/framework/face
2022-12-27T03:21:07.6979010Z   copying grpc/framework/face/event_invocation_synchronous_event_service_test.py -> build/lib.macosx-11.0-arm64-cpython-310/grpc/framework/face
2022-12-27T03:21:07.6982950Z   copying grpc/framework/face/_test_case.py -> build/lib.macosx-11.0-arm64-cpython-310/grpc/framework/face
2022-12-27T03:21:07.6986320Z   copying grpc/framework/face/implementations.py -> build/lib.macosx-11.0-arm64-cpython-310/grpc/framework/face
2022-12-27T03:21:07.6989840Z   copying grpc/framework/face/future_invocation_asynchronous_event_service_test.py -> build/lib.macosx-11.0-arm64-cpython-310/grpc/framework/face
2022-12-27T03:21:07.7001730Z   creating build/lib.macosx-11.0-arm64-cpython-310/grpc/framework/face/testing
2022-12-27T03:21:07.7003420Z   copying grpc/framework/face/testing/callback.py -> build/lib.macosx-11.0-arm64-cpython-310/grpc/framework/face/testing
2022-12-27T03:21:07.7007660Z   copying grpc/framework/face/testing/digest.py -> build/lib.macosx-11.0-arm64-cpython-310/grpc/framework/face/testing
2022-12-27T03:21:07.7011550Z   copying grpc/framework/face/testing/interfaces.py -> build/lib.macosx-11.0-arm64-cpython-310/grpc/framework/face/testing
2022-12-27T03:21:07.7014480Z   copying grpc/framework/face/testing/stock_service.py -> build/lib.macosx-11.0-arm64-cpython-310/grpc/framework/face/testing
2022-12-27T03:21:07.7017750Z   copying grpc/framework/face/testing/service.py -> build/lib.macosx-11.0-arm64-cpython-310/grpc/framework/face/testing
2022-12-27T03:21:07.7020440Z   copying grpc/framework/face/testing/blocking_invocation_inline_service_test_case.py -> build/lib.macosx-11.0-arm64-cpython-310/grpc/framework/face/testing
2022-12-27T03:21:07.7023390Z   copying grpc/framework/face/testing/base_util.py -> build/lib.macosx-11.0-arm64-cpython-310/grpc/framework/face/testing
2022-12-27T03:21:07.7025700Z   copying grpc/framework/face/testing/control.py -> build/lib.macosx-11.0-arm64-cpython-310/grpc/framework/face/testing
2022-12-27T03:21:07.7029140Z   copying grpc/framework/face/testing/__init__.py -> build/lib.macosx-11.0-arm64-cpython-310/grpc/framework/face/testing
2022-12-27T03:21:07.7033290Z   copying grpc/framework/face/testing/coverage.py -> build/lib.macosx-11.0-arm64-cpython-310/grpc/framework/face/testing
2022-12-27T03:21:07.7037570Z   copying grpc/framework/face/testing/event_invocation_synchronous_event_service_test_case.py -> build/lib.macosx-11.0-arm64-cpython-310/grpc/framework/face/testing
2022-12-27T03:21:07.7040850Z   copying grpc/framework/face/testing/test_case.py -> build/lib.macosx-11.0-arm64-cpython-310/grpc/framework/face/testing
2022-12-27T03:21:07.7044790Z   copying grpc/framework/face/testing/serial.py -> build/lib.macosx-11.0-arm64-cpython-310/grpc/framework/face/testing
2022-12-27T03:21:07.7047810Z   copying grpc/framework/face/testing/future_invocation_asynchronous_event_service_test_case.py -> build/lib.macosx-11.0-arm64-cpython-310/grpc/framework/face/testing
2022-12-27T03:21:07.7056220Z   creating build/lib.macosx-11.0-arm64-cpython-310/grpc/framework/foundation
2022-12-27T03:21:07.7057770Z   copying grpc/framework/foundation/callable_util.py -> build/lib.macosx-11.0-arm64-cpython-310/grpc/framework/foundation
2022-12-27T03:21:07.7060770Z   copying grpc/framework/foundation/abandonment.py -> build/lib.macosx-11.0-arm64-cpython-310/grpc/framework/foundation
2022-12-27T03:21:07.7064150Z   copying grpc/framework/foundation/stream_testing.py -> build/lib.macosx-11.0-arm64-cpython-310/grpc/framework/foundation
2022-12-27T03:21:07.7067150Z   copying grpc/framework/foundation/__init__.py -> build/lib.macosx-11.0-arm64-cpython-310/grpc/framework/foundation
2022-12-27T03:21:07.7070950Z   copying grpc/framework/foundation/stream.py -> build/lib.macosx-11.0-arm64-cpython-310/grpc/framework/foundation
2022-12-27T03:21:07.7074660Z   copying grpc/framework/foundation/activated.py -> build/lib.macosx-11.0-arm64-cpython-310/grpc/framework/foundation
2022-12-27T03:21:07.7077600Z   copying grpc/framework/foundation/later.py -> build/lib.macosx-11.0-arm64-cpython-310/grpc/framework/foundation
2022-12-27T03:21:07.7080850Z   copying grpc/framework/foundation/_later_test.py -> build/lib.macosx-11.0-arm64-cpython-310/grpc/framework/foundation
2022-12-27T03:21:07.7083770Z   copying grpc/framework/foundation/_logging_pool_test.py -> build/lib.macosx-11.0-arm64-cpython-310/grpc/framework/foundation
2022-12-27T03:21:07.7086140Z   copying grpc/framework/foundation/stream_util.py -> build/lib.macosx-11.0-arm64-cpython-310/grpc/framework/foundation
2022-12-27T03:21:07.7089130Z   copying grpc/framework/foundation/future.py -> build/lib.macosx-11.0-arm64-cpython-310/grpc/framework/foundation
2022-12-27T03:21:07.7091790Z   copying grpc/framework/foundation/_timer_future.py -> build/lib.macosx-11.0-arm64-cpython-310/grpc/framework/foundation
2022-12-27T03:21:07.7094850Z   copying grpc/framework/foundation/logging_pool.py -> build/lib.macosx-11.0-arm64-cpython-310/grpc/framework/foundation
2022-12-27T03:21:07.7201140Z   running build_ext
2022-12-27T03:21:07.7201950Z   building 'grpc._adapter._c' extension
2022-12-27T03:21:07.7202880Z   creating build/temp.macosx-11.0-arm64-cpython-310
2022-12-27T03:21:07.7203550Z   creating build/temp.macosx-11.0-arm64-cpython-310/grpc
2022-12-27T03:21:07.7204030Z   creating build/temp.macosx-11.0-arm64-cpython-310/grpc/_adapter
2022-12-27T03:21:07.7204550Z   creating build/temp.macosx-11.0-arm64-cpython-310/grpc/_adapter/_c
2022-12-27T03:21:07.7205220Z   creating build/temp.macosx-11.0-arm64-cpython-310/grpc/_adapter/_c/types
2022-12-27T03:21:07.7206860Z   clang -Wno-unused-result -Wsign-compare -Wunreachable-code -fno-common -dynamic -DNDEBUG -g -fwrapv -O3 -Wall -g -I/usr/local/opt/openssl@3/include -I/usr/local/opt/openssl@3/include -arch arm64 -I. -I/private/var/folders/51/hd414ycd67n82196sw51xqtc0000gn/T/cibw-run-q378g87z/cp310-macosx_arm64/build/venv/include -I/Library/Frameworks/Python.framework/Versions/3.10/include/python3.10 -c grpc/_adapter/_c/module.c -o build/temp.macosx-11.0-arm64-cpython-310/grpc/_adapter/_c/module.o
2022-12-27T03:21:07.7830130Z   grpc/_adapter/_c/module.c:38:10: fatal error: 'grpc/grpc.h' file not found
2022-12-27T03:21:07.7831160Z   #include <grpc/grpc.h>
2022-12-27T03:21:07.7832860Z            ^~~~~~~~~~~~~
2022-12-27T03:21:07.7834630Z   1 error generated.
2022-12-27T03:21:07.7851730Z   error: command '/usr/bin/clang' failed with exit code 1
2022-12-27T03:21:07.8200180Z   error: subprocess-exited-with-error
2022-12-27T03:21:07.8200590Z   
2022-12-27T03:21:07.8201100Z   × python setup.py bdist_wheel did not run successfully.
2022-12-27T03:21:07.8201620Z   │ exit code: 1
2022-12-27T03:21:07.8202050Z   ╰─> See above for output.
2022-12-27T03:21:07.8202400Z   
2022-12-27T03:21:07.8202980Z   note: This error originates from a subprocess, and is likely not a problem with pip.
2022-12-27T03:21:07.8209220Z   full command: /private/var/folders/51/hd414ycd67n82196sw51xqtc0000gn/T/cibw-run-q378g87z/cp310-macosx_arm64/build/venv/bin/python -u -c '
2022-12-27T03:21:07.8210120Z   exec(compile('"'"''"'"''"'"'
2022-12-27T03:21:07.8210560Z   # This is <pip-setuptools-caller> -- a caller that pip uses to run setup.py
2022-12-27T03:21:07.8210760Z   #
2022-12-27T03:21:07.8211070Z   # - It imports setuptools before invoking setup.py, to enable projects that directly
2022-12-27T03:21:07.8211350Z   #   import from `distutils.core` to work with newer packaging standards.
2022-12-27T03:21:07.8211820Z   # - It provides a clear error message when setuptools is not installed.
2022-12-27T03:21:07.8212640Z   # - It sets `sys.argv[0]` to the underlying `setup.py`, when invoking `setup.py` so
2022-12-27T03:21:07.8212980Z   #   setuptools doesn'"'"'t think the script is `-c`. This avoids the following warning:
2022-12-27T03:21:07.8213460Z   #     manifest_maker: standard file '"'"'-c'"'"' not found".
2022-12-27T03:21:07.8213740Z   # - It generates a shim setup.py, for handling setup.cfg-only projects.
2022-12-27T03:21:07.8213960Z   import os, sys, tokenize
2022-12-27T03:21:07.8214130Z   
2022-12-27T03:21:07.8214260Z   try:
2022-12-27T03:21:07.8214440Z       import setuptools
2022-12-27T03:21:07.8214640Z   except ImportError as error:
2022-12-27T03:21:07.8214830Z       print(
2022-12-27T03:21:07.8215010Z           "ERROR: Can not execute `setup.py` since setuptools is not available in "
2022-12-27T03:21:07.8215210Z           "the build environment.",
2022-12-27T03:21:07.8215410Z           file=sys.stderr,
2022-12-27T03:21:07.8215550Z       )
2022-12-27T03:21:07.8215710Z       sys.exit(1)
2022-12-27T03:21:07.8215840Z   
2022-12-27T03:21:07.8215940Z   __file__ = %r
2022-12-27T03:21:07.8216110Z   sys.argv[0] = __file__
2022-12-27T03:21:07.8216280Z   
2022-12-27T03:21:07.8216420Z   if os.path.exists(__file__):
2022-12-27T03:21:07.8216600Z       filename = __file__
2022-12-27T03:21:07.8216800Z       with tokenize.open(__file__) as f:
2022-12-27T03:21:07.8216960Z           setup_py_code = f.read()
2022-12-27T03:21:07.8217420Z   else:
2022-12-27T03:21:07.8217930Z       filename = "<auto-generated setuptools caller>"
2022-12-27T03:21:07.8218260Z       setup_py_code = "from setuptools import setup; setup()"
2022-12-27T03:21:07.8218550Z   
2022-12-27T03:21:07.8218760Z   exec(compile(setup_py_code, filename, "exec"))
2022-12-27T03:21:07.8219770Z   '"'"''"'"''"'"' % ('"'"'/Users/runner/actions-runner/_work/python.build/python.build/build_grpcio090a1310/grpcio-0.9.0a1/setup.py'"'"',), "<pip-setuptools-caller>", "exec"))' bdist_wheel -d /private/var/folders/51/hd414ycd67n82196sw51xqtc0000gn/T/pip-wheel-9wncpch7
2022-12-27T03:21:07.8220620Z   cwd: /Users/runner/actions-runner/_work/python.build/python.build/build_grpcio090a1310/grpcio-0.9.0a1/
2022-12-27T03:21:07.8221620Z   Building wheel for grpcio (setup.py): finished with status 'error'
2022-12-27T03:21:07.8222030Z   ERROR: Failed building wheel for grpcio
2022-12-27T03:21:07.8222360Z   Running setup.py clean for grpcio
2022-12-27T03:21:07.8222660Z   Running command python setup.py clean
2022-12-27T03:21:07.9804380Z   running clean
2022-12-27T03:21:07.9823060Z   removing 'build/temp.macosx-11.0-arm64-cpython-310' (and everything under it)
2022-12-27T03:21:07.9828400Z   removing 'build/lib.macosx-11.0-arm64-cpython-310' (and everything under it)
2022-12-27T03:21:07.9915690Z   'build/bdist.macosx-11.0-arm64' does not exist -- can't clean it
2022-12-27T03:21:07.9917790Z   'build/scripts-3.10' does not exist -- can't clean it
2022-12-27T03:21:07.9919760Z   removing 'build'
2022-12-27T03:21:08.0094700Z Failed to build grpcio
2022-12-27T03:21:08.0099340Z ERROR: Failed to build one or more wheels
2022-12-27T03:21:08.0109580Z Exception information:
2022-12-27T03:21:08.0109940Z Traceback (most recent call last):
2022-12-27T03:21:08.0120550Z   File "/private/var/folders/51/hd414ycd67n82196sw51xqtc0000gn/T/cibw-run-q378g87z/cp310-macosx_arm64/build/venv/lib/python3.10/site-packages/pip/_internal/cli/base_command.py", line 160, in exc_logging_wrapper
2022-12-27T03:21:08.0120910Z     status = run_func(*args)
2022-12-27T03:21:08.0121480Z   File "/private/var/folders/51/hd414ycd67n82196sw51xqtc0000gn/T/cibw-run-q378g87z/cp310-macosx_arm64/build/venv/lib/python3.10/site-packages/pip/_internal/cli/req_command.py", line 247, in wrapper
2022-12-27T03:21:08.0121770Z     return func(self, options, args)
2022-12-27T03:21:08.0122230Z   File "/private/var/folders/51/hd414ycd67n82196sw51xqtc0000gn/T/cibw-run-q378g87z/cp310-macosx_arm64/build/venv/lib/python3.10/site-packages/pip/_internal/commands/wheel.py", line 201, in run
2022-12-27T03:21:08.0122580Z     raise CommandError("Failed to build one or more wheels")
2022-12-27T03:21:08.0123160Z pip._internal.exceptions.CommandError: Failed to build one or more wheels
2022-12-27T03:21:08.0123510Z Removed build tracker: '/private/var/folders/51/hd414ycd67n82196sw51xqtc0000gn/T/pip-build-tracker-um7okcc7'
2022-12-27T03:21:08.0499420Z ##[endgroup]
2022-12-27T03:21:08.0522950Z ##[error]Command ['python', '-m', 'pip', 'wheel', '/Users/runner/actions-runner/_work/python.build/python.build/build_grpcio090a1310/grpcio-0.9.0a1', '--wheel-dir=/private/var/folders/51/hd414ycd67n82196sw51xqtc0000gn/T/cibw-run-q378g87z/cp310-macosx_arm64/built_wheel', '--no-deps', '-vvv'] failed with code 1. None
2022-12-27T03:21:08.0529110Z 
2022-12-27T03:21:08.0529440Z                                                               [31m✕ [0m1.19s
2022-12-27T03:21:08.1015550Z ##[error]Process completed with exit code 1.
2022-12-27T03:21:08.1047690Z ##[group]Run rm -rf build_grpcio090a1310 wheelsout
2022-12-27T03:21:08.1047880Z [36;1mrm -rf build_grpcio090a1310 wheelsout[0m
2022-12-27T03:21:08.1062430Z shell: /bin/bash -e {0}
2022-12-27T03:21:08.1062540Z env:
2022-12-27T03:21:08.1062680Z   pythonLocation: /Users/runner/hostedtoolcache/Python/3.10.9/x64
2022-12-27T03:21:08.1062880Z   PKG_CONFIG_PATH: /Users/runner/hostedtoolcache/Python/3.10.9/x64/lib/pkgconfig
2022-12-27T03:21:08.1063070Z   Python_ROOT_DIR: /Users/runner/hostedtoolcache/Python/3.10.9/x64
2022-12-27T03:21:08.1063240Z   Python2_ROOT_DIR: /Users/runner/hostedtoolcache/Python/3.10.9/x64
2022-12-27T03:21:08.1063410Z   Python3_ROOT_DIR: /Users/runner/hostedtoolcache/Python/3.10.9/x64
2022-12-27T03:21:08.1063550Z ##[endgroup]
2022-12-27T03:21:08.1324670Z Cleaning up orphan processes
