2022-12-27T08:46:16.2091186Z Requested labels: self-hosted, macOS, X64
2022-12-27T08:46:16.2091269Z Job defined at: kilnbuild/python.build/.github/workflows/mac_arm_build.yml@refs/heads/main
2022-12-27T08:46:16.2091296Z Waiting for a runner to pick up this job...
2022-12-27T11:06:40.4808618Z Job is about to start running on the runner: kr1 (organization)
2022-12-27T11:06:44.0819110Z Current runner version: '2.300.2'
2022-12-27T11:06:44.0827030Z Runner name: 'kr1'
2022-12-27T11:06:44.0827540Z Runner group name: 'Default'
2022-12-27T11:06:44.0828400Z Machine name: 'kr1'
2022-12-27T11:06:44.0831080Z ##[group]GITHUB_TOKEN Permissions
2022-12-27T11:06:44.0831790Z Actions: write
2022-12-27T11:06:44.0832050Z Checks: write
2022-12-27T11:06:44.0832300Z Contents: write
2022-12-27T11:06:44.0832550Z Deployments: write
2022-12-27T11:06:44.0832830Z Discussions: write
2022-12-27T11:06:44.0833080Z Issues: write
2022-12-27T11:06:44.0833320Z Metadata: read
2022-12-27T11:06:44.0833570Z Packages: write
2022-12-27T11:06:44.0833830Z Pages: write
2022-12-27T11:06:44.0834080Z PullRequests: write
2022-12-27T11:06:44.0834380Z RepositoryProjects: write
2022-12-27T11:06:44.0834680Z SecurityEvents: write
2022-12-27T11:06:44.0834940Z Statuses: write
2022-12-27T11:06:44.0835190Z ##[endgroup]
2022-12-27T11:06:44.0839230Z Secret source: Actions
2022-12-27T11:06:44.0839750Z Prepare workflow directory
2022-12-27T11:06:44.2035850Z Prepare all required actions
2022-12-27T11:06:44.2255510Z Getting action download info
2022-12-27T11:06:44.6586840Z Download action repository 'actions/setup-python@v4' (SHA:5ccb29d8773c3f3f653e1705f474dfaa8a06a912)
2022-12-27T11:06:46.5288300Z Download action repository 'actions/upload-artifact@v3' (SHA:83fd05a356d7e2593de66fc9913b3002723633cb)
2022-12-27T11:06:48.0312890Z ##[group]Run echo '{
2022-12-27T11:06:48.0313430Z [36;1mecho '{[0m
2022-12-27T11:06:48.0313710Z [36;1m  "package_name": "lxml",[0m
2022-12-27T11:06:48.0314290Z [36;1m  "package_url": "https://files.pythonhosted.org/packages/1a/51/2f8d52d75ea2f570d655810dd96ad39429f3686968c1c9505aa565e1208c/lxml-2.0.6.tar.gz",[0m
2022-12-27T11:06:48.0314660Z [36;1m  "package_version": "2.0.6",[0m
2022-12-27T11:06:48.0314880Z [36;1m  "python_version": "3.11",[0m
2022-12-27T11:06:48.0315150Z [36;1m  "use_ccache": "true"[0m
2022-12-27T11:06:48.0315370Z [36;1m}'[0m
2022-12-27T11:06:48.0344730Z shell: /bin/bash -e {0}
2022-12-27T11:06:48.0345100Z ##[endgroup]
2022-12-27T11:06:48.0756310Z {
2022-12-27T11:06:48.0758900Z   "package_name": "lxml",
2022-12-27T11:06:48.0760150Z   "package_url": "https://files.pythonhosted.org/packages/1a/51/2f8d52d75ea2f570d655810dd96ad39429f3686968c1c9505aa565e1208c/lxml-2.0.6.tar.gz",
2022-12-27T11:06:48.0760720Z   "package_version": "2.0.6",
2022-12-27T11:06:48.0761300Z   "python_version": "3.11",
2022-12-27T11:06:48.0761630Z   "use_ccache": "true"
2022-12-27T11:06:48.0761960Z }
2022-12-27T11:06:48.1119070Z ##[group]Run actions/setup-python@v4
2022-12-27T11:06:48.1119430Z with:
2022-12-27T11:06:48.1119860Z   python-version: 3.11
2022-12-27T11:06:48.1120190Z   check-latest: false
2022-12-27T11:06:48.1120670Z   token: ***
2022-12-27T11:06:48.1121010Z   update-environment: true
2022-12-27T11:06:48.1121360Z ##[endgroup]
2022-12-27T11:06:48.3343520Z ##[group]Installed versions
2022-12-27T11:06:48.3403140Z Successfully set up CPython (3.11.1)
2022-12-27T11:06:48.3404820Z ##[endgroup]
2022-12-27T11:06:48.3630200Z ##[group]Run if [ "true" == "true" ]
2022-12-27T11:06:48.3630790Z [36;1mif [ "true" == "true" ][0m
2022-12-27T11:06:48.3631130Z [36;1mthen[0m
2022-12-27T11:06:48.3631680Z [36;1m  echo "CCACHE_PATH_PREPEND=/usr/local/opt/ccache/libexec" >> $GITHUB_OUTPUT[0m
2022-12-27T11:06:48.3632100Z [36;1melse[0m
2022-12-27T11:06:48.3632410Z [36;1m  echo "CCACHE_PATH_PREPEND=" >> $GITHUB_OUTPUT[0m
2022-12-27T11:06:48.3632790Z [36;1mfi[0m
2022-12-27T11:06:48.3663760Z shell: /bin/bash -e {0}
2022-12-27T11:06:48.3664120Z env:
2022-12-27T11:06:48.3664440Z   pythonLocation: /Users/runner/hostedtoolcache/Python/3.11.1/x64
2022-12-27T11:06:48.3664900Z   PKG_CONFIG_PATH: /Users/runner/hostedtoolcache/Python/3.11.1/x64/lib/pkgconfig
2022-12-27T11:06:48.3665490Z   Python_ROOT_DIR: /Users/runner/hostedtoolcache/Python/3.11.1/x64
2022-12-27T11:06:48.3665870Z   Python2_ROOT_DIR: /Users/runner/hostedtoolcache/Python/3.11.1/x64
2022-12-27T11:06:48.3666450Z   Python3_ROOT_DIR: /Users/runner/hostedtoolcache/Python/3.11.1/x64
2022-12-27T11:06:48.3667660Z ##[endgroup]
2022-12-27T11:06:48.3949900Z ##[group]Run echo "BUILD_NAME=$(echo lxml_2.0.6_3.11 | tr -dc '[:alnum:]\n\r' | tr '[:upper:]' '[:lower:]')" >> $GITHUB_OUTPUT
2022-12-27T11:06:48.3950640Z [36;1mecho "BUILD_NAME=$(echo lxml_2.0.6_3.11 | tr -dc '[:alnum:]\n\r' | tr '[:upper:]' '[:lower:]')" >> $GITHUB_OUTPUT[0m
2022-12-27T11:06:48.3979790Z shell: /bin/bash -e {0}
2022-12-27T11:06:48.3980260Z env:
2022-12-27T11:06:48.3980650Z   pythonLocation: /Users/runner/hostedtoolcache/Python/3.11.1/x64
2022-12-27T11:06:48.3981110Z   PKG_CONFIG_PATH: /Users/runner/hostedtoolcache/Python/3.11.1/x64/lib/pkgconfig
2022-12-27T11:06:48.3981560Z   Python_ROOT_DIR: /Users/runner/hostedtoolcache/Python/3.11.1/x64
2022-12-27T11:06:48.3981940Z   Python2_ROOT_DIR: /Users/runner/hostedtoolcache/Python/3.11.1/x64
2022-12-27T11:06:48.3982370Z   Python3_ROOT_DIR: /Users/runner/hostedtoolcache/Python/3.11.1/x64
2022-12-27T11:06:48.3982800Z ##[endgroup]
2022-12-27T11:06:48.4217900Z ##[group]Run echo "PYTHON_NO_DOTS=$(echo 3.11 | tr -dc '[:alnum:]\n\r' | tr '[:upper:]' '[:lower:]')" >> $GITHUB_OUTPUT
2022-12-27T11:06:48.4218680Z [36;1mecho "PYTHON_NO_DOTS=$(echo 3.11 | tr -dc '[:alnum:]\n\r' | tr '[:upper:]' '[:lower:]')" >> $GITHUB_OUTPUT[0m
2022-12-27T11:06:48.4249120Z shell: /bin/bash -e {0}
2022-12-27T11:06:48.4249460Z env:
2022-12-27T11:06:48.4249940Z   pythonLocation: /Users/runner/hostedtoolcache/Python/3.11.1/x64
2022-12-27T11:06:48.4251690Z   PKG_CONFIG_PATH: /Users/runner/hostedtoolcache/Python/3.11.1/x64/lib/pkgconfig
2022-12-27T11:06:48.4252090Z   Python_ROOT_DIR: /Users/runner/hostedtoolcache/Python/3.11.1/x64
2022-12-27T11:06:48.4252520Z   Python2_ROOT_DIR: /Users/runner/hostedtoolcache/Python/3.11.1/x64
2022-12-27T11:06:48.4252960Z   Python3_ROOT_DIR: /Users/runner/hostedtoolcache/Python/3.11.1/x64
2022-12-27T11:06:48.4253370Z ##[endgroup]
2022-12-27T11:06:48.4531410Z ##[group]Run rm -rf build_lxml206311
2022-12-27T11:06:48.4532000Z [36;1mrm -rf build_lxml206311[0m
2022-12-27T11:06:48.4532350Z [36;1mmkdir build_lxml206311[0m
2022-12-27T11:06:48.4532710Z [36;1mcd build_lxml206311[0m
2022-12-27T11:06:48.4533360Z [36;1m/usr/local/bin/wget --quiet https://files.pythonhosted.org/packages/1a/51/2f8d52d75ea2f570d655810dd96ad39429f3686968c1c9505aa565e1208c/lxml-2.0.6.tar.gz[0m
2022-12-27T11:06:48.4533850Z [36;1mtar xf *.tar.gz[0m
2022-12-27T11:06:48.4534230Z [36;1mcd *[0m
2022-12-27T11:06:48.4534520Z [36;1mpython -m pip install cibuildwheel==2.11.3[0m
2022-12-27T11:06:48.4534920Z [36;1mpython -m cibuildwheel --output-dir ../wheelsout[0m
2022-12-27T11:06:48.4564440Z shell: /bin/bash -e {0}
2022-12-27T11:06:48.4564700Z env:
2022-12-27T11:06:48.4565080Z   pythonLocation: /Users/runner/hostedtoolcache/Python/3.11.1/x64
2022-12-27T11:06:48.4565550Z   PKG_CONFIG_PATH: /Users/runner/hostedtoolcache/Python/3.11.1/x64/lib/pkgconfig
2022-12-27T11:06:48.4566160Z   Python_ROOT_DIR: /Users/runner/hostedtoolcache/Python/3.11.1/x64
2022-12-27T11:06:48.4566550Z   Python2_ROOT_DIR: /Users/runner/hostedtoolcache/Python/3.11.1/x64
2022-12-27T11:06:48.4566980Z   Python3_ROOT_DIR: /Users/runner/hostedtoolcache/Python/3.11.1/x64
2022-12-27T11:06:48.4567360Z   CIBW_ARCHS_MACOS: arm64
2022-12-27T11:06:48.4567710Z   CIBW_TEST_SKIP: *_arm64
2022-12-27T11:06:48.4568150Z   CIBW_BUILD: cp311-macosx_arm64
2022-12-27T11:06:48.4568490Z   CIBW_BUILD_FRONTEND: pip
2022-12-27T11:06:48.4569030Z   CIBW_BUILD_VERBOSITY: 3
2022-12-27T11:06:48.4569600Z   CIBW_ENVIRONMENT_MACOS:  CFLAGS="-I/usr/local/opt/openssl@3/include" LDFLAGS="-L/usr/local/opt/openssl@3/lib" CPPFLAGS="-I/usr/local/opt/openssl@3/include" MAKEFLAGS="-j$(sysctl -n hw.logicalcpu)" PATH=/usr/local/opt/ccache/libexec:$PATH
2022-12-27T11:06:48.4570290Z   CIBW_BEFORE_BUILD: pip install Cython; if [[ -f requirements.txt ]]; then pip install -r requirements.txt; fi
2022-12-27T11:06:48.4570810Z   MAKEFLAGS: -j$(sysctl -n hw.logicalcpu)
2022-12-27T11:06:48.4571100Z ##[endgroup]
2022-12-27T11:06:49.1643790Z Requirement already satisfied: cibuildwheel==2.11.3 in /Library/Frameworks/Python.framework/Versions/3.11/lib/python3.11/site-packages (2.11.3)
2022-12-27T11:06:49.2220590Z Requirement already satisfied: bashlex!=0.13 in /Library/Frameworks/Python.framework/Versions/3.11/lib/python3.11/site-packages (from cibuildwheel==2.11.3) (0.16)
2022-12-27T11:06:49.2227710Z Requirement already satisfied: bracex in /Library/Frameworks/Python.framework/Versions/3.11/lib/python3.11/site-packages (from cibuildwheel==2.11.3) (2.3.post1)
2022-12-27T11:06:49.2236640Z Requirement already satisfied: certifi in /Library/Frameworks/Python.framework/Versions/3.11/lib/python3.11/site-packages (from cibuildwheel==2.11.3) (2022.12.7)
2022-12-27T11:06:49.2246680Z Requirement already satisfied: filelock in /Library/Frameworks/Python.framework/Versions/3.11/lib/python3.11/site-packages (from cibuildwheel==2.11.3) (3.8.2)
2022-12-27T11:06:49.2258970Z Requirement already satisfied: packaging>=20.9 in /Library/Frameworks/Python.framework/Versions/3.11/lib/python3.11/site-packages (from cibuildwheel==2.11.3) (22.0)
2022-12-27T11:06:49.2269990Z Requirement already satisfied: platformdirs in /Library/Frameworks/Python.framework/Versions/3.11/lib/python3.11/site-packages (from cibuildwheel==2.11.3) (2.6.0)
2022-12-27T11:06:49.6102930Z 
2022-12-27T11:06:49.6104170Z      _ _       _ _   _       _           _
2022-12-27T11:06:49.6105310Z  ___|_| |_ _ _|_| |_| |_ _ _| |_ ___ ___| |
2022-12-27T11:06:49.6106740Z |  _| | . | | | | | . | | | |   | -_| -_| |
2022-12-27T11:06:49.6108220Z |___|_|___|___|_|_|___|_____|_|_|___|___|_|
2022-12-27T11:06:49.6109600Z 
2022-12-27T11:06:49.6110100Z cibuildwheel version 2.11.3
2022-12-27T11:06:49.6110650Z 
2022-12-27T11:06:49.6110950Z Build options:
2022-12-27T11:06:49.6111950Z   platform: macos
2022-12-27T11:06:49.6188670Z   architectures: arm64[0m
2022-12-27T11:06:49.6189600Z   build_selector: 
2022-12-27T11:06:49.6192810Z     build_config: cp311-macosx_arm64
2022-12-27T11:06:49.6194480Z     skip_config: 
2022-12-27T11:06:49.6195330Z     requires_python: None
2022-12-27T11:06:49.6196130Z     prerelease_pythons: False[0m
2022-12-27T11:06:49.6197060Z   [38;5;244mcontainer_engine: docker[0m
2022-12-27T11:06:49.6198260Z   output_dir: /Users/runner/actions-runner/_work/python.build/python.build/build_lxml206311/wheelsout[0m
2022-12-27T11:06:49.6200520Z   package_dir: /Users/runner/actions-runner/_work/python.build/python.build/build_lxml206311/lxml-2.0.6[0m
2022-12-27T11:06:49.6201280Z   test_selector: 
2022-12-27T11:06:49.6202080Z     skip_config: *_arm64[0m
2022-12-27T11:06:49.6203080Z   [38;5;244mbefore_all: [0m
2022-12-27T11:06:49.6204040Z   before_build: pip install Cython; if [[ -f requirements.txt ]]; then pip install -r requirements.txt; fi[0m
2022-12-27T11:06:49.6204780Z   [38;5;244mbefore_test: [0m
2022-12-27T11:06:49.6205340Z   [38;5;244mbuild_frontend: pip[0m
2022-12-27T11:06:49.6205700Z   build_verbosity: 3[0m
2022-12-27T11:06:49.6206110Z   [38;5;244mconfig_settings: [0m
2022-12-27T11:06:49.6206750Z   [38;5;244mdependency_constraints: pinned[0m
2022-12-27T11:06:49.6207060Z   environment: 
2022-12-27T11:06:49.6207670Z     CFLAGS="-I/usr/local/opt/openssl@3/include"
2022-12-27T11:06:49.6208200Z     LDFLAGS="-L/usr/local/opt/openssl@3/lib"
2022-12-27T11:06:49.6208690Z     CPPFLAGS="-I/usr/local/opt/openssl@3/include"
2022-12-27T11:06:49.6209300Z     MAKEFLAGS="-j$(sysctl -n hw.logicalcpu)"
2022-12-27T11:06:49.6209780Z     PATH=/usr/local/opt/ccache/libexec:$PATH[0m
2022-12-27T11:06:49.6210230Z   [38;5;244mmanylinux_images: None[0m
2022-12-27T11:06:49.6210590Z   [38;5;244mmusllinux_images: None[0m
2022-12-27T11:06:49.6211150Z   [38;5;244mrepair_command: delocate-wheel --require-archs {delocate_archs} -w {dest_dir} -v {wheel}[0m
2022-12-27T11:06:49.6211770Z   [38;5;244mtest_command: [0m
2022-12-27T11:06:49.6212110Z   [38;5;244mtest_extras: [0m
2022-12-27T11:06:49.6212520Z   [38;5;244mtest_requires: [0m
2022-12-27T11:06:49.6212720Z 
2022-12-27T11:06:49.6212930Z Cache folder: /Users/runner/Library/Caches/cibuildwheel
2022-12-27T11:06:49.6213160Z 
2022-12-27T11:06:49.6213870Z Here we go!
2022-12-27T11:06:49.6213990Z 
2022-12-27T11:06:49.6275390Z 
2022-12-27T11:06:49.6277040Z [1m[34mBuilding cp311-macosx_arm64 wheel[0m
2022-12-27T11:06:49.6278410Z CPython 3.11 macOS arm64 - Apple Silicon
2022-12-27T11:06:49.6279030Z 
2022-12-27T11:06:49.6281320Z ##[group]Installing Python cp311...
2022-12-27T11:06:49.6281770Z 
2022-12-27T11:06:49.6282090Z + pkgutil --pkgs
2022-12-27T11:06:49.6470360Z ##[endgroup]
2022-12-27T11:06:49.6472220Z                                                               [32mâœ“ [0m0.02s
2022-12-27T11:06:49.6473210Z ##[group]Setting up build environment...
2022-12-27T11:06:49.6473450Z 
2022-12-27T11:06:49.6503170Z + /Library/Frameworks/Python.framework/Versions/3.11/bin/python -sS /Users/runner/Library/Caches/cibuildwheel/virtualenv-20.17.0.pyz --activators= --no-periodic-update --pip=22.3.1 --setuptools=65.6.3 --wheel=0.38.4 --symlink-app-data --python /Library/Frameworks/Python.framework/Versions/3.11/bin/python3 /private/var/folders/51/hd414ycd67n82196sw51xqtc0000gn/T/cibw-run-0i2gtzt6/cp311-macosx_arm64/build/venv
2022-12-27T11:06:49.9522030Z created virtual environment CPython3.11.1.final.0-64 in 76ms
2022-12-27T11:06:49.9523070Z   creator CPython3Posix(dest=/private/var/folders/51/hd414ycd67n82196sw51xqtc0000gn/T/cibw-run-0i2gtzt6/cp311-macosx_arm64/build/venv, clear=False, no_vcs_ignore=False, global=False)
2022-12-27T11:06:49.9523710Z   seeder FromAppData(download=False, pip=22.3.1, setuptools=65.6.3, wheel=0.38.4, via=symlink, app_data_dir=/Users/runner/Library/Application Support/virtualenv)
2022-12-27T11:06:49.9524250Z     added seed packages: pip==22.3.1, setuptools==65.6.3, wheel==0.38.4
2022-12-27T11:06:49.9814890Z + python -m pip install --upgrade pip -c /Library/Frameworks/Python.framework/Versions/3.11/lib/python3.11/site-packages/cibuildwheel/resources/constraints-python311.txt
2022-12-27T11:06:50.4358810Z Requirement already satisfied: pip in ./lib/python3.11/site-packages (22.3.1)
2022-12-27T11:06:50.6688820Z + which pip
2022-12-27T11:06:50.6732160Z /private/var/folders/51/hd414ycd67n82196sw51xqtc0000gn/T/cibw-run-0i2gtzt6/cp311-macosx_arm64/build/venv/bin/pip
2022-12-27T11:06:50.6736710Z + pip --version
2022-12-27T11:06:51.0014230Z pip 22.3.1 from /private/var/folders/51/hd414ycd67n82196sw51xqtc0000gn/T/cibw-run-0i2gtzt6/cp311-macosx_arm64/build/venv/lib/python3.11/site-packages/pip (python 3.11)
2022-12-27T11:06:51.0540100Z + which pip
2022-12-27T11:06:51.0588230Z + which python
2022-12-27T11:06:51.0633030Z /private/var/folders/51/hd414ycd67n82196sw51xqtc0000gn/T/cibw-run-0i2gtzt6/cp311-macosx_arm64/build/venv/bin/python
2022-12-27T11:06:51.0635860Z + python --version
2022-12-27T11:06:51.0745680Z Python 3.11.1
2022-12-27T11:06:51.0751200Z + which python
2022-12-27T11:06:51.0847930Z ##[endgroup]
2022-12-27T11:06:51.0849210Z                                                               [32mâœ“ [0m1.44s
2022-12-27T11:06:51.0850070Z ##[group]Installing build tools...
2022-12-27T11:06:51.0850290Z 
2022-12-27T11:06:51.0850820Z + pip install --upgrade setuptools wheel delocate -c /Library/Frameworks/Python.framework/Versions/3.11/lib/python3.11/site-packages/cibuildwheel/resources/constraints-python311.txt
2022-12-27T11:06:51.5402580Z Requirement already satisfied: setuptools in /private/var/folders/51/hd414ycd67n82196sw51xqtc0000gn/T/cibw-run-0i2gtzt6/cp311-macosx_arm64/build/venv/lib/python3.11/site-packages (65.6.3)
2022-12-27T11:06:51.8196320Z Requirement already satisfied: wheel in /private/var/folders/51/hd414ycd67n82196sw51xqtc0000gn/T/cibw-run-0i2gtzt6/cp311-macosx_arm64/build/venv/lib/python3.11/site-packages (0.38.4)
2022-12-27T11:06:51.8892240Z Collecting delocate
2022-12-27T11:06:51.8939630Z   Using cached delocate-0.10.3-py3-none-any.whl (142 kB)
2022-12-27T11:06:51.9368400Z Collecting packaging>=20.9
2022-12-27T11:06:51.9403990Z   Using cached packaging-21.3-py3-none-any.whl (40 kB)
2022-12-27T11:06:51.9693600Z Collecting typing-extensions
2022-12-27T11:06:51.9741350Z   Using cached typing_extensions-4.4.0-py3-none-any.whl (26 kB)
2022-12-27T11:06:52.0290830Z Collecting pyparsing!=3.0.5,>=2.0.2
2022-12-27T11:06:52.0332630Z   Using cached pyparsing-3.0.9-py3-none-any.whl (98 kB)
2022-12-27T11:06:52.1298470Z Installing collected packages: typing-extensions, pyparsing, packaging, delocate
2022-12-27T11:06:52.3537400Z Successfully installed delocate-0.10.3 packaging-21.3 pyparsing-3.0.9 typing-extensions-4.4.0
2022-12-27T11:06:52.4929170Z ##[endgroup]
2022-12-27T11:06:52.4930070Z                                                               [32mâœ“ [0m1.41s
2022-12-27T11:06:52.4930670Z ##[group]Running before_build...
2022-12-27T11:06:52.4930900Z 
2022-12-27T11:06:52.4944330Z + pip install Cython; if [[ -f requirements.txt ]]; then pip install -r requirements.txt; fi
2022-12-27T11:06:53.4094950Z Collecting Cython
2022-12-27T11:06:53.4174240Z   Using cached Cython-0.29.32-py2.py3-none-any.whl (986 kB)
2022-12-27T11:06:53.4881140Z Installing collected packages: Cython
2022-12-27T11:06:54.1815380Z Successfully installed Cython-0.29.32
2022-12-27T11:06:54.3094330Z ##[endgroup]
2022-12-27T11:06:54.3096180Z                                                               [32mâœ“ [0m1.82s
2022-12-27T11:06:54.3097550Z ##[group]Building wheel...
2022-12-27T11:06:54.3098010Z 
2022-12-27T11:06:54.3103200Z + python -m pip wheel /Users/runner/actions-runner/_work/python.build/python.build/build_lxml206311/lxml-2.0.6 --wheel-dir=/private/var/folders/51/hd414ycd67n82196sw51xqtc0000gn/T/cibw-run-0i2gtzt6/cp311-macosx_arm64/built_wheel --no-deps -vvv
2022-12-27T11:06:54.7070240Z Created temporary directory: /private/var/folders/51/hd414ycd67n82196sw51xqtc0000gn/T/pip-ephem-wheel-cache-vg5beivk
2022-12-27T11:06:54.7076370Z Created temporary directory: /private/var/folders/51/hd414ycd67n82196sw51xqtc0000gn/T/pip-build-tracker-2yu3mp8s
2022-12-27T11:06:54.7080670Z Initialized build tracking at /private/var/folders/51/hd414ycd67n82196sw51xqtc0000gn/T/pip-build-tracker-2yu3mp8s
2022-12-27T11:06:54.7082240Z Created build tracker: /private/var/folders/51/hd414ycd67n82196sw51xqtc0000gn/T/pip-build-tracker-2yu3mp8s
2022-12-27T11:06:54.7083660Z Entered build tracker: /private/var/folders/51/hd414ycd67n82196sw51xqtc0000gn/T/pip-build-tracker-2yu3mp8s
2022-12-27T11:06:54.7088100Z Created temporary directory: /private/var/folders/51/hd414ycd67n82196sw51xqtc0000gn/T/pip-wheel-6y9qj0au
2022-12-27T11:06:54.7097410Z Created temporary directory: /private/var/folders/51/hd414ycd67n82196sw51xqtc0000gn/T/pip-ephem-wheel-cache-dlasfhdu
2022-12-27T11:06:54.7224890Z Processing /Users/runner/actions-runner/_work/python.build/python.build/build_lxml206311/lxml-2.0.6
2022-12-27T11:06:54.7232940Z   Added file:///Users/runner/actions-runner/_work/python.build/python.build/build_lxml206311/lxml-2.0.6 to build tracker '/private/var/folders/51/hd414ycd67n82196sw51xqtc0000gn/T/pip-build-tracker-2yu3mp8s'
2022-12-27T11:06:54.7236790Z   Running setup.py (path:/Users/runner/actions-runner/_work/python.build/python.build/build_lxml206311/lxml-2.0.6/setup.py) egg_info for package from file:///Users/runner/actions-runner/_work/python.build/python.build/build_lxml206311/lxml-2.0.6
2022-12-27T11:06:54.7241660Z   Created temporary directory: /private/var/folders/51/hd414ycd67n82196sw51xqtc0000gn/T/pip-pip-egg-info-joe_ue1p
2022-12-27T11:06:54.7243730Z   Preparing metadata (setup.py): started
2022-12-27T11:06:54.7245760Z   Running command python setup.py egg_info
2022-12-27T11:06:55.1733220Z   Traceback (most recent call last):
2022-12-27T11:06:55.1752580Z     File "<string>", line 2, in <module>
2022-12-27T11:06:55.1754190Z     File "<pip-setuptools-caller>", line 34, in <module>
2022-12-27T11:06:55.1755940Z     File "/Users/runner/actions-runner/_work/python.build/python.build/build_lxml206311/lxml-2.0.6/setup.py", line 104, in <module>
2022-12-27T11:06:55.1756870Z       ext_modules = setupinfo.ext_modules(
2022-12-27T11:06:55.1757460Z                     ^^^^^^^^^^^^^^^^^^^^^^
2022-12-27T11:06:55.1758700Z     File "/Users/runner/actions-runner/_work/python.build/python.build/build_lxml206311/lxml-2.0.6/setupinfo.py", line 42, in ext_modules
2022-12-27T11:06:55.1761150Z       _include_dirs = include_dirs(static_include_dirs)
2022-12-27T11:06:55.1761900Z                       ^^^^^^^^^^^^^^^^^^^^^^^^^^^^^^^^^
2022-12-27T11:06:55.1763070Z     File "/Users/runner/actions-runner/_work/python.build/python.build/build_lxml206311/lxml-2.0.6/setupinfo.py", line 120, in include_dirs
2022-12-27T11:06:55.1764210Z       if possible_include_dir.startswith('-I'):
2022-12-27T11:06:55.1764910Z          ^^^^^^^^^^^^^^^^^^^^^^^^^^^^^^^^^^^^^
2022-12-27T11:06:55.1765870Z   TypeError: startswith first arg must be bytes or a tuple of bytes, not str
2022-12-27T11:06:55.1766560Z   Building lxml version 2.0.6.
2022-12-27T11:06:55.1767260Z   Building with Cython 0.29.32.
2022-12-27T11:06:55.1768340Z   Using build configuration of libxslt b'1.1.29'
2022-12-27T11:06:55.2614320Z   error: subprocess-exited-with-error
2022-12-27T11:06:55.2616440Z   
2022-12-27T11:06:55.2617450Z   Ã— python setup.py egg_info did not run successfully.
2022-12-27T11:06:55.2618250Z   â”‚ exit code: 1
2022-12-27T11:06:55.2619100Z   â•°â”€> See above for output.
2022-12-27T11:06:55.2619970Z   
2022-12-27T11:06:55.2620510Z   note: This error originates from a subprocess, and is likely not a problem with pip.
2022-12-27T11:06:55.2624990Z   full command: /private/var/folders/51/hd414ycd67n82196sw51xqtc0000gn/T/cibw-run-0i2gtzt6/cp311-macosx_arm64/build/venv/bin/python -c '
2022-12-27T11:06:55.2625590Z   exec(compile('"'"''"'"''"'"'
2022-12-27T11:06:55.2626280Z   # This is <pip-setuptools-caller> -- a caller that pip uses to run setup.py
2022-12-27T11:06:55.2626620Z   #
2022-12-27T11:06:55.2627190Z   # - It imports setuptools before invoking setup.py, to enable projects that directly
2022-12-27T11:06:55.2627780Z   #   import from `distutils.core` to work with newer packaging standards.
2022-12-27T11:06:55.2629250Z   # - It provides a clear error message when setuptools is not installed.
2022-12-27T11:06:55.2633600Z   # - It sets `sys.argv[0]` to the underlying `setup.py`, when invoking `setup.py` so
2022-12-27T11:06:55.2634280Z   #   setuptools doesn'"'"'t think the script is `-c`. This avoids the following warning:
2022-12-27T11:06:55.2634850Z   #     manifest_maker: standard file '"'"'-c'"'"' not found".
2022-12-27T11:06:55.2635330Z   # - It generates a shim setup.py, for handling setup.cfg-only projects.
2022-12-27T11:06:55.2635760Z   import os, sys, tokenize
2022-12-27T11:06:55.2636210Z   
2022-12-27T11:06:55.2636450Z   try:
2022-12-27T11:06:55.2636790Z       import setuptools
2022-12-27T11:06:55.2637170Z   except ImportError as error:
2022-12-27T11:06:55.2637460Z       print(
2022-12-27T11:06:55.2637990Z           "ERROR: Can not execute `setup.py` since setuptools is not available in "
2022-12-27T11:06:55.2638430Z           "the build environment.",
2022-12-27T11:06:55.2638720Z           file=sys.stderr,
2022-12-27T11:06:55.2639080Z       )
2022-12-27T11:06:55.2639500Z       sys.exit(1)
2022-12-27T11:06:55.2639760Z   
2022-12-27T11:06:55.2640090Z   __file__ = %r
2022-12-27T11:06:55.2640660Z   sys.argv[0] = __file__
2022-12-27T11:06:55.2641210Z   
2022-12-27T11:06:55.2642090Z   if os.path.exists(__file__):
2022-12-27T11:06:55.2642800Z       filename = __file__
2022-12-27T11:06:55.2643510Z       with tokenize.open(__file__) as f:
2022-12-27T11:06:55.2644100Z           setup_py_code = f.read()
2022-12-27T11:06:55.2644760Z   else:
2022-12-27T11:06:55.2645860Z       filename = "<auto-generated setuptools caller>"
2022-12-27T11:06:55.2646580Z       setup_py_code = "from setuptools import setup; setup()"
2022-12-27T11:06:55.2647280Z   
2022-12-27T11:06:55.2647990Z   exec(compile(setup_py_code, filename, "exec"))
2022-12-27T11:06:55.2649660Z   '"'"''"'"''"'"' % ('"'"'/Users/runner/actions-runner/_work/python.build/python.build/build_lxml206311/lxml-2.0.6/setup.py'"'"',), "<pip-setuptools-caller>", "exec"))' egg_info --egg-base /private/var/folders/51/hd414ycd67n82196sw51xqtc0000gn/T/pip-pip-egg-info-joe_ue1p
2022-12-27T11:06:55.2651010Z   cwd: /Users/runner/actions-runner/_work/python.build/python.build/build_lxml206311/lxml-2.0.6/
2022-12-27T11:06:55.2651990Z   Preparing metadata (setup.py): finished with status 'error'
2022-12-27T11:06:55.2652520Z error: metadata-generation-failed
2022-12-27T11:06:55.2652740Z 
2022-12-27T11:06:55.2652950Z Ã— Encountered error while generating package metadata.
2022-12-27T11:06:55.2653520Z â•°â”€> See above for output.
2022-12-27T11:06:55.2653740Z 
2022-12-27T11:06:55.2653970Z note: This is an issue with the package mentioned above, not pip.
2022-12-27T11:06:55.2654760Z hint: See above for details.
2022-12-27T11:06:55.2711150Z Exception information:
2022-12-27T11:06:55.2711770Z Traceback (most recent call last):
2022-12-27T11:06:55.2714240Z   File "/private/var/folders/51/hd414ycd67n82196sw51xqtc0000gn/T/cibw-run-0i2gtzt6/cp311-macosx_arm64/build/venv/lib/python3.11/site-packages/pip/_internal/operations/build/metadata_legacy.py", line 64, in generate_metadata
2022-12-27T11:06:55.2715250Z     call_subprocess(
2022-12-27T11:06:55.2716720Z   File "/private/var/folders/51/hd414ycd67n82196sw51xqtc0000gn/T/cibw-run-0i2gtzt6/cp311-macosx_arm64/build/venv/lib/python3.11/site-packages/pip/_internal/utils/subprocess.py", line 224, in call_subprocess
2022-12-27T11:06:55.2895910Z     raise error
2022-12-27T11:06:55.2896330Z pip._internal.exceptions.InstallationSubprocessError: python setup.py egg_info exited with 1
2022-12-27T11:06:55.2896630Z 
2022-12-27T11:06:55.2896800Z The above exception was the direct cause of the following exception:
2022-12-27T11:06:55.2897030Z 
2022-12-27T11:06:55.2897150Z Traceback (most recent call last):
2022-12-27T11:06:55.2898040Z   File "/private/var/folders/51/hd414ycd67n82196sw51xqtc0000gn/T/cibw-run-0i2gtzt6/cp311-macosx_arm64/build/venv/lib/python3.11/site-packages/pip/_internal/cli/base_command.py", line 160, in exc_logging_wrapper
2022-12-27T11:06:55.2898580Z     status = run_func(*args)
2022-12-27T11:06:55.2899640Z              ^^^^^^^^^^^^^^^
2022-12-27T11:06:55.2900520Z   File "/private/var/folders/51/hd414ycd67n82196sw51xqtc0000gn/T/cibw-run-0i2gtzt6/cp311-macosx_arm64/build/venv/lib/python3.11/site-packages/pip/_internal/cli/req_command.py", line 247, in wrapper
2022-12-27T11:06:55.2901080Z     return func(self, options, args)
2022-12-27T11:06:55.2901350Z            ^^^^^^^^^^^^^^^^^^^^^^^^^
2022-12-27T11:06:55.2902210Z   File "/private/var/folders/51/hd414ycd67n82196sw51xqtc0000gn/T/cibw-run-0i2gtzt6/cp311-macosx_arm64/build/venv/lib/python3.11/site-packages/pip/_internal/commands/wheel.py", line 170, in run
2022-12-27T11:06:55.2902770Z     requirement_set = resolver.resolve(reqs, check_supported_wheels=True)
2022-12-27T11:06:55.2903180Z                       ^^^^^^^^^^^^^^^^^^^^^^^^^^^^^^^^^^^^^^^^^^^^^^^^^^^
2022-12-27T11:06:55.2904000Z   File "/private/var/folders/51/hd414ycd67n82196sw51xqtc0000gn/T/cibw-run-0i2gtzt6/cp311-macosx_arm64/build/venv/lib/python3.11/site-packages/pip/_internal/resolution/resolvelib/resolver.py", line 73, in resolve
2022-12-27T11:06:55.2904640Z     collected = self.factory.collect_root_requirements(root_reqs)
2022-12-27T11:06:55.2905060Z                 ^^^^^^^^^^^^^^^^^^^^^^^^^^^^^^^^^^^^^^^^^^^^^^^^^
2022-12-27T11:06:55.2905940Z   File "/private/var/folders/51/hd414ycd67n82196sw51xqtc0000gn/T/cibw-run-0i2gtzt6/cp311-macosx_arm64/build/venv/lib/python3.11/site-packages/pip/_internal/resolution/resolvelib/factory.py", line 491, in collect_root_requirements
2022-12-27T11:06:55.2906540Z     req = self._make_requirement_from_install_req(
2022-12-27T11:06:55.2906990Z           ^^^^^^^^^^^^^^^^^^^^^^^^^^^^^^^^^^^^^^^^
2022-12-27T11:06:55.2907830Z   File "/private/var/folders/51/hd414ycd67n82196sw51xqtc0000gn/T/cibw-run-0i2gtzt6/cp311-macosx_arm64/build/venv/lib/python3.11/site-packages/pip/_internal/resolution/resolvelib/factory.py", line 453, in _make_requirement_from_install_req
2022-12-27T11:06:55.2908530Z     cand = self._make_candidate_from_link(
2022-12-27T11:06:55.2908900Z            ^^^^^^^^^^^^^^^^^^^^^^^^^^^^^^^
2022-12-27T11:06:55.2909770Z   File "/private/var/folders/51/hd414ycd67n82196sw51xqtc0000gn/T/cibw-run-0i2gtzt6/cp311-macosx_arm64/build/venv/lib/python3.11/site-packages/pip/_internal/resolution/resolvelib/factory.py", line 206, in _make_candidate_from_link
2022-12-27T11:06:55.2910770Z     self._link_candidate_cache[link] = LinkCandidate(
2022-12-27T11:06:55.2911030Z                                        ^^^^^^^^^^^^^^
2022-12-27T11:06:55.2911930Z   File "/private/var/folders/51/hd414ycd67n82196sw51xqtc0000gn/T/cibw-run-0i2gtzt6/cp311-macosx_arm64/build/venv/lib/python3.11/site-packages/pip/_internal/resolution/resolvelib/candidates.py", line 297, in __init__
2022-12-27T11:06:55.2912460Z     super().__init__(
2022-12-27T11:06:55.2913260Z   File "/private/var/folders/51/hd414ycd67n82196sw51xqtc0000gn/T/cibw-run-0i2gtzt6/cp311-macosx_arm64/build/venv/lib/python3.11/site-packages/pip/_internal/resolution/resolvelib/candidates.py", line 162, in __init__
2022-12-27T11:06:55.2913750Z     self.dist = self._prepare()
2022-12-27T11:06:55.2914090Z                 ^^^^^^^^^^^^^^^
2022-12-27T11:06:55.2914900Z   File "/private/var/folders/51/hd414ycd67n82196sw51xqtc0000gn/T/cibw-run-0i2gtzt6/cp311-macosx_arm64/build/venv/lib/python3.11/site-packages/pip/_internal/resolution/resolvelib/candidates.py", line 231, in _prepare
2022-12-27T11:06:55.2915480Z     dist = self._prepare_distribution()
2022-12-27T11:06:55.2915780Z            ^^^^^^^^^^^^^^^^^^^^^^^^^^^^
2022-12-27T11:06:55.2916630Z   File "/private/var/folders/51/hd414ycd67n82196sw51xqtc0000gn/T/cibw-run-0i2gtzt6/cp311-macosx_arm64/build/venv/lib/python3.11/site-packages/pip/_internal/resolution/resolvelib/candidates.py", line 308, in _prepare_distribution
2022-12-27T11:06:55.2917280Z     return preparer.prepare_linked_requirement(self._ireq, parallel_builds=True)
2022-12-27T11:06:55.2917710Z            ^^^^^^^^^^^^^^^^^^^^^^^^^^^^^^^^^^^^^^^^^^^^^^^^^^^^^^^^^^^^^^^^^^^^^
2022-12-27T11:06:55.2918840Z   File "/private/var/folders/51/hd414ycd67n82196sw51xqtc0000gn/T/cibw-run-0i2gtzt6/cp311-macosx_arm64/build/venv/lib/python3.11/site-packages/pip/_internal/operations/prepare.py", line 491, in prepare_linked_requirement
2022-12-27T11:06:55.2919490Z     return self._prepare_linked_requirement(req, parallel_builds)
2022-12-27T11:06:55.2919830Z            ^^^^^^^^^^^^^^^^^^^^^^^^^^^^^^^^^^^^^^^^^^^^^^^^^^^^^^
2022-12-27T11:06:55.2920700Z   File "/private/var/folders/51/hd414ycd67n82196sw51xqtc0000gn/T/cibw-run-0i2gtzt6/cp311-macosx_arm64/build/venv/lib/python3.11/site-packages/pip/_internal/operations/prepare.py", line 577, in _prepare_linked_requirement
2022-12-27T11:06:55.2921240Z     dist = _get_prepared_distribution(
2022-12-27T11:06:55.2921610Z            ^^^^^^^^^^^^^^^^^^^^^^^^^^^
2022-12-27T11:06:55.2922390Z   File "/private/var/folders/51/hd414ycd67n82196sw51xqtc0000gn/T/cibw-run-0i2gtzt6/cp311-macosx_arm64/build/venv/lib/python3.11/site-packages/pip/_internal/operations/prepare.py", line 69, in _get_prepared_distribution
2022-12-27T11:06:55.2922950Z     abstract_dist.prepare_distribution_metadata(
2022-12-27T11:06:55.2923830Z   File "/private/var/folders/51/hd414ycd67n82196sw51xqtc0000gn/T/cibw-run-0i2gtzt6/cp311-macosx_arm64/build/venv/lib/python3.11/site-packages/pip/_internal/distributions/sdist.py", line 61, in prepare_distribution_metadata
2022-12-27T11:06:55.2924510Z     self.req.prepare_metadata()
2022-12-27T11:06:55.2925360Z   File "/private/var/folders/51/hd414ycd67n82196sw51xqtc0000gn/T/cibw-run-0i2gtzt6/cp311-macosx_arm64/build/venv/lib/python3.11/site-packages/pip/_internal/req/req_install.py", line 541, in prepare_metadata
2022-12-27T11:06:55.2925940Z     self.metadata_directory = generate_metadata_legacy(
2022-12-27T11:06:55.2926270Z                               ^^^^^^^^^^^^^^^^^^^^^^^^^
2022-12-27T11:06:55.2927120Z   File "/private/var/folders/51/hd414ycd67n82196sw51xqtc0000gn/T/cibw-run-0i2gtzt6/cp311-macosx_arm64/build/venv/lib/python3.11/site-packages/pip/_internal/operations/build/metadata_legacy.py", line 71, in generate_metadata
2022-12-27T11:06:55.2927790Z     raise MetadataGenerationFailed(package_details=details) from error
2022-12-27T11:06:55.2928660Z pip._internal.exceptions.MetadataGenerationFailed: metadata generation failed
2022-12-27T11:06:55.2929490Z Removed file:///Users/runner/actions-runner/_work/python.build/python.build/build_lxml206311/lxml-2.0.6 from build tracker '/private/var/folders/51/hd414ycd67n82196sw51xqtc0000gn/T/pip-build-tracker-2yu3mp8s'
2022-12-27T11:06:55.2930300Z Removed build tracker: '/private/var/folders/51/hd414ycd67n82196sw51xqtc0000gn/T/pip-build-tracker-2yu3mp8s'
2022-12-27T11:06:55.3607610Z ##[error]Command ['python', '-m', 'pip', 'wheel', '/Users/runner/actions-runner/_work/python.build/python.build/build_lxml206311/lxml-2.0.6', '--wheel-dir=/private/var/folders/51/hd414ycd67n82196sw51xqtc0000gn/T/cibw-run-0i2gtzt6/cp311-macosx_arm64/built_wheel', '--no-deps', '-vvv'] failed with code 1. None
2022-12-27T11:06:55.3617170Z 
2022-12-27T11:06:55.3617580Z ##[endgroup]
2022-12-27T11:06:55.3618260Z                                                               [31mâœ• [0m1.05s
2022-12-27T11:06:55.4457300Z ##[error]Process completed with exit code 1.
2022-12-27T11:06:55.4510980Z ##[group]Run rm -rf build_lxml206311 wheelsout
2022-12-27T11:06:55.4511330Z [36;1mrm -rf build_lxml206311 wheelsout[0m
2022-12-27T11:06:55.4539320Z shell: /bin/bash -e {0}
2022-12-27T11:06:55.4539590Z env:
2022-12-27T11:06:55.4539920Z   pythonLocation: /Users/runner/hostedtoolcache/Python/3.11.1/x64
2022-12-27T11:06:55.4540310Z   PKG_CONFIG_PATH: /Users/runner/hostedtoolcache/Python/3.11.1/x64/lib/pkgconfig
2022-12-27T11:06:55.4540750Z   Python_ROOT_DIR: /Users/runner/hostedtoolcache/Python/3.11.1/x64
2022-12-27T11:06:55.4541180Z   Python2_ROOT_DIR: /Users/runner/hostedtoolcache/Python/3.11.1/x64
2022-12-27T11:06:55.4541540Z   Python3_ROOT_DIR: /Users/runner/hostedtoolcache/Python/3.11.1/x64
2022-12-27T11:06:55.4541900Z ##[endgroup]
2022-12-27T11:06:55.5359530Z Cleaning up orphan processes
