2022-12-27T08:52:26.4914227Z Requested labels: self-hosted, macOS, X64
2022-12-27T08:52:26.4914315Z Job defined at: kilnbuild/python.build/.github/workflows/mac_arm_build.yml@refs/heads/main
2022-12-27T08:52:26.4914344Z Waiting for a runner to pick up this job...
2022-12-27T11:25:45.6234908Z Job is about to start running on the runner: s1 (organization)
2022-12-27T11:25:49.5363580Z Current runner version: '2.300.2'
2022-12-27T11:25:49.5368650Z Runner name: 's1'
2022-12-27T11:25:49.5368900Z Runner group name: 'Default'
2022-12-27T11:25:49.5369340Z Machine name: 's1'
2022-12-27T11:25:49.5370870Z ##[group]GITHUB_TOKEN Permissions
2022-12-27T11:25:49.5371280Z Actions: write
2022-12-27T11:25:49.5371420Z Checks: write
2022-12-27T11:25:49.5371550Z Contents: write
2022-12-27T11:25:49.5371690Z Deployments: write
2022-12-27T11:25:49.5371830Z Discussions: write
2022-12-27T11:25:49.5371960Z Issues: write
2022-12-27T11:25:49.5372090Z Metadata: read
2022-12-27T11:25:49.5372220Z Packages: write
2022-12-27T11:25:49.5372360Z Pages: write
2022-12-27T11:25:49.5372490Z PullRequests: write
2022-12-27T11:25:49.5372650Z RepositoryProjects: write
2022-12-27T11:25:49.5372810Z SecurityEvents: write
2022-12-27T11:25:49.5372950Z Statuses: write
2022-12-27T11:25:49.5373080Z ##[endgroup]
2022-12-27T11:25:49.5375690Z Secret source: Actions
2022-12-27T11:25:49.5376020Z Prepare workflow directory
2022-12-27T11:25:49.6051530Z Prepare all required actions
2022-12-27T11:25:49.6172880Z Getting action download info
2022-12-27T11:25:50.0437710Z Download action repository 'actions/setup-python@v4' (SHA:5ccb29d8773c3f3f653e1705f474dfaa8a06a912)
2022-12-27T11:25:51.8367790Z Download action repository 'actions/upload-artifact@v3' (SHA:83fd05a356d7e2593de66fc9913b3002723633cb)
2022-12-27T11:25:53.1682970Z ##[group]Run echo '{
2022-12-27T11:25:53.1683300Z [36;1mecho '{[0m
2022-12-27T11:25:53.1683430Z [36;1m  "package_name": "lxml",[0m
2022-12-27T11:25:53.1683690Z [36;1m  "package_url": "https://files.pythonhosted.org/packages/1b/3c/70dd19e7be129bdc59b0aa922252b74d4382d8ef6df486b63623007dae21/lxml-2.0.4.tar.gz",[0m
2022-12-27T11:25:53.1683900Z [36;1m  "package_version": "2.0.4",[0m
2022-12-27T11:25:53.1684100Z [36;1m  "python_version": "3.9",[0m
2022-12-27T11:25:53.1684270Z [36;1m  "use_ccache": "true"[0m
2022-12-27T11:25:53.1684420Z [36;1m}'[0m
2022-12-27T11:25:53.1700320Z shell: /bin/bash -e {0}
2022-12-27T11:25:53.1700510Z ##[endgroup]
2022-12-27T11:25:53.1922740Z {
2022-12-27T11:25:53.1924080Z   "package_name": "lxml",
2022-12-27T11:25:53.1924860Z   "package_url": "https://files.pythonhosted.org/packages/1b/3c/70dd19e7be129bdc59b0aa922252b74d4382d8ef6df486b63623007dae21/lxml-2.0.4.tar.gz",
2022-12-27T11:25:53.1925160Z   "package_version": "2.0.4",
2022-12-27T11:25:53.1925360Z   "python_version": "3.9",
2022-12-27T11:25:53.1925560Z   "use_ccache": "true"
2022-12-27T11:25:53.1925760Z }
2022-12-27T11:25:53.2145680Z ##[group]Run actions/setup-python@v4
2022-12-27T11:25:53.2145930Z with:
2022-12-27T11:25:53.2146110Z   python-version: 3.9
2022-12-27T11:25:53.2146360Z   check-latest: false
2022-12-27T11:25:53.2146630Z   token: ***
2022-12-27T11:25:53.2146830Z   update-environment: true
2022-12-27T11:25:53.2147020Z ##[endgroup]
2022-12-27T11:25:53.3365820Z ##[group]Installed versions
2022-12-27T11:25:53.3411890Z Successfully set up CPython (3.9.16)
2022-12-27T11:25:53.3412740Z ##[endgroup]
2022-12-27T11:25:53.3561980Z ##[group]Run if [ "true" == "true" ]
2022-12-27T11:25:53.3562330Z [36;1mif [ "true" == "true" ][0m
2022-12-27T11:25:53.3562520Z [36;1mthen[0m
2022-12-27T11:25:53.3562750Z [36;1m  echo "CCACHE_PATH_PREPEND=/usr/local/opt/ccache/libexec" >> $GITHUB_OUTPUT[0m
2022-12-27T11:25:53.3563150Z [36;1melse[0m
2022-12-27T11:25:53.3563360Z [36;1m  echo "CCACHE_PATH_PREPEND=" >> $GITHUB_OUTPUT[0m
2022-12-27T11:25:53.3563810Z [36;1mfi[0m
2022-12-27T11:25:53.3580710Z shell: /bin/bash -e {0}
2022-12-27T11:25:53.3580940Z env:
2022-12-27T11:25:53.3581170Z   pythonLocation: /Users/runner/hostedtoolcache/Python/3.9.16/x64
2022-12-27T11:25:53.3581450Z   PKG_CONFIG_PATH: /Users/runner/hostedtoolcache/Python/3.9.16/x64/lib/pkgconfig
2022-12-27T11:25:53.3581820Z   Python_ROOT_DIR: /Users/runner/hostedtoolcache/Python/3.9.16/x64
2022-12-27T11:25:53.3582040Z   Python2_ROOT_DIR: /Users/runner/hostedtoolcache/Python/3.9.16/x64
2022-12-27T11:25:53.3582350Z   Python3_ROOT_DIR: /Users/runner/hostedtoolcache/Python/3.9.16/x64
2022-12-27T11:25:53.3582780Z ##[endgroup]
2022-12-27T11:25:53.3692410Z ##[group]Run echo "BUILD_NAME=$(echo lxml_2.0.4_3.9 | tr -dc '[:alnum:]\n\r' | tr '[:upper:]' '[:lower:]')" >> $GITHUB_OUTPUT
2022-12-27T11:25:53.3692890Z [36;1mecho "BUILD_NAME=$(echo lxml_2.0.4_3.9 | tr -dc '[:alnum:]\n\r' | tr '[:upper:]' '[:lower:]')" >> $GITHUB_OUTPUT[0m
2022-12-27T11:25:53.3706860Z shell: /bin/bash -e {0}
2022-12-27T11:25:53.3707060Z env:
2022-12-27T11:25:53.3707260Z   pythonLocation: /Users/runner/hostedtoolcache/Python/3.9.16/x64
2022-12-27T11:25:53.3707560Z   PKG_CONFIG_PATH: /Users/runner/hostedtoolcache/Python/3.9.16/x64/lib/pkgconfig
2022-12-27T11:25:53.3707890Z   Python_ROOT_DIR: /Users/runner/hostedtoolcache/Python/3.9.16/x64
2022-12-27T11:25:53.3708110Z   Python2_ROOT_DIR: /Users/runner/hostedtoolcache/Python/3.9.16/x64
2022-12-27T11:25:53.3708350Z   Python3_ROOT_DIR: /Users/runner/hostedtoolcache/Python/3.9.16/x64
2022-12-27T11:25:53.3708570Z ##[endgroup]
2022-12-27T11:25:53.3826900Z ##[group]Run echo "PYTHON_NO_DOTS=$(echo 3.9 | tr -dc '[:alnum:]\n\r' | tr '[:upper:]' '[:lower:]')" >> $GITHUB_OUTPUT
2022-12-27T11:25:53.3827290Z [36;1mecho "PYTHON_NO_DOTS=$(echo 3.9 | tr -dc '[:alnum:]\n\r' | tr '[:upper:]' '[:lower:]')" >> $GITHUB_OUTPUT[0m
2022-12-27T11:25:53.3841170Z shell: /bin/bash -e {0}
2022-12-27T11:25:53.3841330Z env:
2022-12-27T11:25:53.3841530Z   pythonLocation: /Users/runner/hostedtoolcache/Python/3.9.16/x64
2022-12-27T11:25:53.3841780Z   PKG_CONFIG_PATH: /Users/runner/hostedtoolcache/Python/3.9.16/x64/lib/pkgconfig
2022-12-27T11:25:53.3841990Z   Python_ROOT_DIR: /Users/runner/hostedtoolcache/Python/3.9.16/x64
2022-12-27T11:25:53.3842220Z   Python2_ROOT_DIR: /Users/runner/hostedtoolcache/Python/3.9.16/x64
2022-12-27T11:25:53.3842440Z   Python3_ROOT_DIR: /Users/runner/hostedtoolcache/Python/3.9.16/x64
2022-12-27T11:25:53.3842610Z ##[endgroup]
2022-12-27T11:25:53.3953160Z ##[group]Run rm -rf build_lxml20439
2022-12-27T11:25:53.3953600Z [36;1mrm -rf build_lxml20439[0m
2022-12-27T11:25:53.3953760Z [36;1mmkdir build_lxml20439[0m
2022-12-27T11:25:53.3953980Z [36;1mcd build_lxml20439[0m
2022-12-27T11:25:53.3954300Z [36;1m/usr/local/bin/wget --quiet https://files.pythonhosted.org/packages/1b/3c/70dd19e7be129bdc59b0aa922252b74d4382d8ef6df486b63623007dae21/lxml-2.0.4.tar.gz[0m
2022-12-27T11:25:53.3954600Z [36;1mtar xf *.tar.gz[0m
2022-12-27T11:25:53.3954740Z [36;1mcd *[0m
2022-12-27T11:25:53.3954930Z [36;1mpython -m pip install cibuildwheel==2.11.3[0m
2022-12-27T11:25:53.3955150Z [36;1mpython -m cibuildwheel --output-dir ../wheelsout[0m
2022-12-27T11:25:53.3969130Z shell: /bin/bash -e {0}
2022-12-27T11:25:53.3969280Z env:
2022-12-27T11:25:53.3969490Z   pythonLocation: /Users/runner/hostedtoolcache/Python/3.9.16/x64
2022-12-27T11:25:53.3969740Z   PKG_CONFIG_PATH: /Users/runner/hostedtoolcache/Python/3.9.16/x64/lib/pkgconfig
2022-12-27T11:25:53.3970050Z   Python_ROOT_DIR: /Users/runner/hostedtoolcache/Python/3.9.16/x64
2022-12-27T11:25:53.3970290Z   Python2_ROOT_DIR: /Users/runner/hostedtoolcache/Python/3.9.16/x64
2022-12-27T11:25:53.3970490Z   Python3_ROOT_DIR: /Users/runner/hostedtoolcache/Python/3.9.16/x64
2022-12-27T11:25:53.3970690Z   CIBW_ARCHS_MACOS: arm64
2022-12-27T11:25:53.3970890Z   CIBW_TEST_SKIP: *_arm64
2022-12-27T11:25:53.3971050Z   CIBW_BUILD: cp39-macosx_arm64
2022-12-27T11:25:53.3971220Z   CIBW_BUILD_FRONTEND: pip
2022-12-27T11:25:53.3971400Z   CIBW_BUILD_VERBOSITY: 3
2022-12-27T11:25:53.3971680Z   CIBW_ENVIRONMENT_MACOS:  CFLAGS="-I/usr/local/opt/openssl@3/include" LDFLAGS="-L/usr/local/opt/openssl@3/lib" CPPFLAGS="-I/usr/local/opt/openssl@3/include" MAKEFLAGS="-j$(sysctl -n hw.logicalcpu)" PATH=/usr/local/opt/ccache/libexec:$PATH
2022-12-27T11:25:53.3972060Z   CIBW_BEFORE_BUILD: pip install Cython; if [[ -f requirements.txt ]]; then pip install -r requirements.txt; fi
2022-12-27T11:25:53.3972300Z   MAKEFLAGS: -j$(sysctl -n hw.logicalcpu)
2022-12-27T11:25:53.3972530Z ##[endgroup]
2022-12-27T11:25:53.8390480Z Requirement already satisfied: cibuildwheel==2.11.3 in /Users/runner/hostedtoolcache/Python/3.9.16/x64/lib/python3.9/site-packages (2.11.3)
2022-12-27T11:25:53.8648790Z Requirement already satisfied: bashlex!=0.13 in /Users/runner/hostedtoolcache/Python/3.9.16/x64/lib/python3.9/site-packages (from cibuildwheel==2.11.3) (0.16)
2022-12-27T11:25:53.8653540Z Requirement already satisfied: packaging>=20.9 in /Users/runner/hostedtoolcache/Python/3.9.16/x64/lib/python3.9/site-packages (from cibuildwheel==2.11.3) (22.0)
2022-12-27T11:25:53.8657140Z Requirement already satisfied: filelock in /Users/runner/hostedtoolcache/Python/3.9.16/x64/lib/python3.9/site-packages (from cibuildwheel==2.11.3) (3.8.2)
2022-12-27T11:25:53.8666780Z Requirement already satisfied: typing-extensions>=4.1.0 in /Users/runner/hostedtoolcache/Python/3.9.16/x64/lib/python3.9/site-packages (from cibuildwheel==2.11.3) (4.4.0)
2022-12-27T11:25:53.8670760Z Requirement already satisfied: platformdirs in /Users/runner/hostedtoolcache/Python/3.9.16/x64/lib/python3.9/site-packages (from cibuildwheel==2.11.3) (2.6.0)
2022-12-27T11:25:53.8673880Z Requirement already satisfied: bracex in /Users/runner/hostedtoolcache/Python/3.9.16/x64/lib/python3.9/site-packages (from cibuildwheel==2.11.3) (2.3.post1)
2022-12-27T11:25:53.8677350Z Requirement already satisfied: certifi in /Users/runner/hostedtoolcache/Python/3.9.16/x64/lib/python3.9/site-packages (from cibuildwheel==2.11.3) (2022.12.7)
2022-12-27T11:25:53.8683240Z Requirement already satisfied: tomli in /Users/runner/hostedtoolcache/Python/3.9.16/x64/lib/python3.9/site-packages (from cibuildwheel==2.11.3) (2.0.1)
2022-12-27T11:25:54.0359350Z 
2022-12-27T11:25:54.0359640Z      _ _       _ _   _       _           _
2022-12-27T11:25:54.0360500Z  ___|_| |_ _ _|_| |_| |_ _ _| |_ ___ ___| |
2022-12-27T11:25:54.0361380Z |  _| | . | | | | | . | | | |   | -_| -_| |
2022-12-27T11:25:54.0361790Z |___|_|___|___|_|_|___|_____|_|_|___|___|_|
2022-12-27T11:25:54.0362850Z 
2022-12-27T11:25:54.0363090Z cibuildwheel version 2.11.3
2022-12-27T11:25:54.0363310Z 
2022-12-27T11:25:54.0363670Z Build options:
2022-12-27T11:25:54.0364040Z   platform: macos
2022-12-27T11:25:54.0423640Z   architectures: arm64[0m
2022-12-27T11:25:54.0424030Z   build_selector: 
2022-12-27T11:25:54.0424650Z     build_config: cp39-macosx_arm64
2022-12-27T11:25:54.0425140Z     skip_config: 
2022-12-27T11:25:54.0425490Z     requires_python: None
2022-12-27T11:25:54.0426010Z     prerelease_pythons: False[0m
2022-12-27T11:25:54.0426860Z   [38;5;244mcontainer_engine: docker[0m
2022-12-27T11:25:54.0427560Z   output_dir: /Users/runner/actions-runner/_work/python.build/python.build/build_lxml20439/wheelsout[0m
2022-12-27T11:25:54.0428330Z   package_dir: /Users/runner/actions-runner/_work/python.build/python.build/build_lxml20439/lxml-2.0.4[0m
2022-12-27T11:25:54.0429020Z   test_selector: 
2022-12-27T11:25:54.0429440Z     skip_config: *_arm64[0m
2022-12-27T11:25:54.0429900Z   [38;5;244mbefore_all: [0m
2022-12-27T11:25:54.0430580Z   before_build: pip install Cython; if [[ -f requirements.txt ]]; then pip install -r requirements.txt; fi[0m
2022-12-27T11:25:54.0431040Z   [38;5;244mbefore_test: [0m
2022-12-27T11:25:54.0431410Z   [38;5;244mbuild_frontend: pip[0m
2022-12-27T11:25:54.0431770Z   build_verbosity: 3[0m
2022-12-27T11:25:54.0432080Z   [38;5;244mconfig_settings: [0m
2022-12-27T11:25:54.0432650Z   [38;5;244mdependency_constraints: pinned[0m
2022-12-27T11:25:54.0432960Z   environment: 
2022-12-27T11:25:54.0433440Z     CFLAGS="-I/usr/local/opt/openssl@3/include"
2022-12-27T11:25:54.0433820Z     LDFLAGS="-L/usr/local/opt/openssl@3/lib"
2022-12-27T11:25:54.0434250Z     CPPFLAGS="-I/usr/local/opt/openssl@3/include"
2022-12-27T11:25:54.0434840Z     MAKEFLAGS="-j$(sysctl -n hw.logicalcpu)"
2022-12-27T11:25:54.0435220Z     PATH=/usr/local/opt/ccache/libexec:$PATH[0m
2022-12-27T11:25:54.0435620Z   [38;5;244mmanylinux_images: None[0m
2022-12-27T11:25:54.0436000Z   [38;5;244mmusllinux_images: None[0m
2022-12-27T11:25:54.0436460Z   [38;5;244mrepair_command: delocate-wheel --require-archs {delocate_archs} -w {dest_dir} -v {wheel}[0m
2022-12-27T11:25:54.0437420Z   [38;5;244mtest_command: [0m
2022-12-27T11:25:54.0437780Z   [38;5;244mtest_extras: [0m
2022-12-27T11:25:54.0438090Z   [38;5;244mtest_requires: [0m
2022-12-27T11:25:54.0438270Z 
2022-12-27T11:25:54.0438440Z Cache folder: /Users/runner/Library/Caches/cibuildwheel
2022-12-27T11:25:54.0449270Z 
2022-12-27T11:25:54.0449630Z Here we go!
2022-12-27T11:25:54.0449800Z 
2022-12-27T11:25:54.0505920Z 
2022-12-27T11:25:54.0506360Z [1m[34mBuilding cp39-macosx_arm64 wheel[0m
2022-12-27T11:25:54.0506970Z CPython 3.9 macOS arm64 - Apple Silicon
2022-12-27T11:25:54.0507200Z 
2022-12-27T11:25:54.0510070Z ##[group]Installing Python cp39...
2022-12-27T11:25:54.0510380Z 
2022-12-27T11:25:54.0510590Z + pkgutil --pkgs
2022-12-27T11:25:54.0631140Z ##[endgroup]
2022-12-27T11:25:54.0632230Z                                                               [32mâœ“ [0m0.01s
2022-12-27T11:25:54.0632780Z ##[group]Setting up build environment...
2022-12-27T11:25:54.0632920Z 
2022-12-27T11:25:54.0651810Z + /Users/runner/hostedtoolcache/Python/3.9.16/x64/bin/python -sS /Users/runner/Library/Caches/cibuildwheel/virtualenv-20.17.0.pyz --activators= --no-periodic-update --pip=22.3.1 --setuptools=65.6.3 --wheel=0.38.4 --symlink-app-data --python /Library/Frameworks/Python.framework/Versions/3.9/bin/python3 /private/var/folders/51/hd414ycd67n82196sw51xqtc0000gn/T/cibw-run-my8oct3e/cp39-macosx_arm64/build/venv
2022-12-27T11:25:54.2545620Z created virtual environment CPython3.9.13.final.0-64 in 48ms
2022-12-27T11:25:54.2546320Z   creator CPython3Posix(dest=/private/var/folders/51/hd414ycd67n82196sw51xqtc0000gn/T/cibw-run-my8oct3e/cp39-macosx_arm64/build/venv, clear=False, no_vcs_ignore=False, global=False)
2022-12-27T11:25:54.2547020Z   seeder FromAppData(download=False, pip=22.3.1, setuptools=65.6.3, wheel=0.38.4, via=symlink, app_data_dir=/Users/runner/Library/Application Support/virtualenv)
2022-12-27T11:25:54.2547420Z     added seed packages: pip==22.3.1, setuptools==65.6.3, wheel==0.38.4
2022-12-27T11:25:54.2652090Z + python -m pip install --upgrade pip -c /Users/runner/hostedtoolcache/Python/3.9.16/x64/lib/python3.9/site-packages/cibuildwheel/resources/constraints-python39.txt
2022-12-27T11:25:54.5707490Z Requirement already satisfied: pip in ./lib/python3.9/site-packages (22.3.1)
2022-12-27T11:25:54.7136200Z + which pip
2022-12-27T11:25:54.7154210Z /private/var/folders/51/hd414ycd67n82196sw51xqtc0000gn/T/cibw-run-my8oct3e/cp39-macosx_arm64/build/venv/bin/pip
2022-12-27T11:25:54.7156300Z + pip --version
2022-12-27T11:25:54.9473160Z pip 22.3.1 from /private/var/folders/51/hd414ycd67n82196sw51xqtc0000gn/T/cibw-run-my8oct3e/cp39-macosx_arm64/build/venv/lib/python3.9/site-packages/pip (python 3.9)
2022-12-27T11:25:54.9679010Z + which pip
2022-12-27T11:25:54.9707010Z + which python
2022-12-27T11:25:54.9726250Z /private/var/folders/51/hd414ycd67n82196sw51xqtc0000gn/T/cibw-run-my8oct3e/cp39-macosx_arm64/build/venv/bin/python
2022-12-27T11:25:54.9728410Z + python --version
2022-12-27T11:25:54.9774750Z Python 3.9.13
2022-12-27T11:25:54.9777380Z + which python
2022-12-27T11:25:54.9830260Z ##[endgroup]
2022-12-27T11:25:54.9830880Z                                                               [32mâœ“ [0m0.92s
2022-12-27T11:25:54.9831660Z ##[group]Installing build tools...
2022-12-27T11:25:54.9831920Z 
2022-12-27T11:25:54.9832620Z + pip install --upgrade setuptools wheel delocate -c /Users/runner/hostedtoolcache/Python/3.9.16/x64/lib/python3.9/site-packages/cibuildwheel/resources/constraints-python39.txt
2022-12-27T11:25:55.2868540Z Requirement already satisfied: setuptools in /private/var/folders/51/hd414ycd67n82196sw51xqtc0000gn/T/cibw-run-my8oct3e/cp39-macosx_arm64/build/venv/lib/python3.9/site-packages (65.6.3)
2022-12-27T11:25:55.5244660Z Requirement already satisfied: wheel in /private/var/folders/51/hd414ycd67n82196sw51xqtc0000gn/T/cibw-run-my8oct3e/cp39-macosx_arm64/build/venv/lib/python3.9/site-packages (0.38.4)
2022-12-27T11:25:55.5739540Z Collecting delocate
2022-12-27T11:25:55.5764500Z   Using cached delocate-0.10.3-py3-none-any.whl (142 kB)
2022-12-27T11:25:55.6088090Z Collecting packaging>=20.9
2022-12-27T11:25:55.6110010Z   Using cached packaging-21.3-py3-none-any.whl (40 kB)
2022-12-27T11:25:55.6286840Z Collecting typing-extensions
2022-12-27T11:25:55.6307550Z   Using cached typing_extensions-4.4.0-py3-none-any.whl (26 kB)
2022-12-27T11:25:55.6689710Z Collecting pyparsing!=3.0.5,>=2.0.2
2022-12-27T11:25:55.6711630Z   Using cached pyparsing-3.0.9-py3-none-any.whl (98 kB)
2022-12-27T11:25:55.7080960Z Installing collected packages: typing-extensions, pyparsing, packaging, delocate
2022-12-27T11:25:55.8607250Z Successfully installed delocate-0.10.3 packaging-21.3 pyparsing-3.0.9 typing-extensions-4.4.0
2022-12-27T11:25:55.9041410Z ##[endgroup]
2022-12-27T11:25:55.9042220Z                                                               [32mâœ“ [0m0.92s
2022-12-27T11:25:55.9042660Z ##[group]Running before_build...
2022-12-27T11:25:55.9042800Z 
2022-12-27T11:25:55.9048390Z + pip install Cython; if [[ -f requirements.txt ]]; then pip install -r requirements.txt; fi
2022-12-27T11:25:56.6243610Z Collecting Cython
2022-12-27T11:25:56.6291150Z   Using cached Cython-0.29.32-py2.py3-none-any.whl (986 kB)
2022-12-27T11:25:56.6744330Z Installing collected packages: Cython
2022-12-27T11:25:57.1701060Z Successfully installed Cython-0.29.32
2022-12-27T11:25:57.2128760Z ##[endgroup]
2022-12-27T11:25:57.2129470Z                                                               [32mâœ“ [0m1.31s
2022-12-27T11:25:57.2129980Z ##[group]Building wheel...
2022-12-27T11:25:57.2130260Z 
2022-12-27T11:25:57.2135610Z + python -m pip wheel /Users/runner/actions-runner/_work/python.build/python.build/build_lxml20439/lxml-2.0.4 --wheel-dir=/private/var/folders/51/hd414ycd67n82196sw51xqtc0000gn/T/cibw-run-my8oct3e/cp39-macosx_arm64/built_wheel --no-deps -vvv
2022-12-27T11:25:57.4986860Z Created temporary directory: /private/var/folders/51/hd414ycd67n82196sw51xqtc0000gn/T/pip-ephem-wheel-cache-xpavolqm
2022-12-27T11:25:57.4991220Z Created temporary directory: /private/var/folders/51/hd414ycd67n82196sw51xqtc0000gn/T/pip-build-tracker-v2r2xuql
2022-12-27T11:25:57.4993630Z Initialized build tracking at /private/var/folders/51/hd414ycd67n82196sw51xqtc0000gn/T/pip-build-tracker-v2r2xuql
2022-12-27T11:25:57.4995690Z Created build tracker: /private/var/folders/51/hd414ycd67n82196sw51xqtc0000gn/T/pip-build-tracker-v2r2xuql
2022-12-27T11:25:57.4997820Z Entered build tracker: /private/var/folders/51/hd414ycd67n82196sw51xqtc0000gn/T/pip-build-tracker-v2r2xuql
2022-12-27T11:25:57.5001580Z Created temporary directory: /private/var/folders/51/hd414ycd67n82196sw51xqtc0000gn/T/pip-wheel-r_0a0rk4
2022-12-27T11:25:57.5008430Z Created temporary directory: /private/var/folders/51/hd414ycd67n82196sw51xqtc0000gn/T/pip-ephem-wheel-cache-d6bytclp
2022-12-27T11:25:57.5156040Z Processing /Users/runner/actions-runner/_work/python.build/python.build/build_lxml20439/lxml-2.0.4
2022-12-27T11:25:57.5161680Z   Added file:///Users/runner/actions-runner/_work/python.build/python.build/build_lxml20439/lxml-2.0.4 to build tracker '/private/var/folders/51/hd414ycd67n82196sw51xqtc0000gn/T/pip-build-tracker-v2r2xuql'
2022-12-27T11:25:57.5166030Z   Running setup.py (path:/Users/runner/actions-runner/_work/python.build/python.build/build_lxml20439/lxml-2.0.4/setup.py) egg_info for package from file:///Users/runner/actions-runner/_work/python.build/python.build/build_lxml20439/lxml-2.0.4
2022-12-27T11:25:57.5169250Z   Created temporary directory: /private/var/folders/51/hd414ycd67n82196sw51xqtc0000gn/T/pip-pip-egg-info-fqew8fj3
2022-12-27T11:25:57.5171280Z   Preparing metadata (setup.py): started
2022-12-27T11:25:57.5173810Z   Running command python setup.py egg_info
2022-12-27T11:25:57.8189200Z   Traceback (most recent call last):
2022-12-27T11:25:57.8201190Z     File "<string>", line 2, in <module>
2022-12-27T11:25:57.8202090Z     File "<pip-setuptools-caller>", line 34, in <module>
2022-12-27T11:25:57.8202900Z     File "/Users/runner/actions-runner/_work/python.build/python.build/build_lxml20439/lxml-2.0.4/setup.py", line 104, in <module>
2022-12-27T11:25:57.8203670Z       ext_modules = setupinfo.ext_modules(
2022-12-27T11:25:57.8204260Z     File "/Users/runner/actions-runner/_work/python.build/python.build/build_lxml20439/lxml-2.0.4/setupinfo.py", line 40, in ext_modules
2022-12-27T11:25:57.8204690Z       _include_dirs = include_dirs(static_include_dirs)
2022-12-27T11:25:57.8205360Z     File "/Users/runner/actions-runner/_work/python.build/python.build/build_lxml20439/lxml-2.0.4/setupinfo.py", line 118, in include_dirs
2022-12-27T11:25:57.8206450Z       if possible_include_dir.startswith('-I'):
2022-12-27T11:25:57.8208400Z   TypeError: startswith first arg must be bytes or a tuple of bytes, not str
2022-12-27T11:25:57.8210290Z   Building lxml version 2.0.4.
2022-12-27T11:25:57.8212350Z   Building with Cython 0.29.32.
2022-12-27T11:25:57.8214630Z   Using build configuration of libxslt b'1.1.29'
2022-12-27T11:25:57.8443540Z   error: subprocess-exited-with-error
2022-12-27T11:25:57.8443830Z   
2022-12-27T11:25:57.8444240Z   Ã— python setup.py egg_info did not run successfully.
2022-12-27T11:25:57.8444740Z   â”‚ exit code: 1
2022-12-27T11:25:57.8444990Z   â•°â”€> See above for output.
2022-12-27T11:25:57.8445170Z   
2022-12-27T11:25:57.8445380Z   note: This error originates from a subprocess, and is likely not a problem with pip.
2022-12-27T11:25:57.8454020Z   full command: /private/var/folders/51/hd414ycd67n82196sw51xqtc0000gn/T/cibw-run-my8oct3e/cp39-macosx_arm64/build/venv/bin/python -c '
2022-12-27T11:25:57.8454750Z   exec(compile('"'"''"'"''"'"'
2022-12-27T11:25:57.8455240Z   # This is <pip-setuptools-caller> -- a caller that pip uses to run setup.py
2022-12-27T11:25:57.8455560Z   #
2022-12-27T11:25:57.8455960Z   # - It imports setuptools before invoking setup.py, to enable projects that directly
2022-12-27T11:25:57.8456990Z   #   import from `distutils.core` to work with newer packaging standards.
2022-12-27T11:25:57.8457550Z   # - It provides a clear error message when setuptools is not installed.
2022-12-27T11:25:57.8458010Z   # - It sets `sys.argv[0]` to the underlying `setup.py`, when invoking `setup.py` so
2022-12-27T11:25:57.8458560Z   #   setuptools doesn'"'"'t think the script is `-c`. This avoids the following warning:
2022-12-27T11:25:57.8459020Z   #     manifest_maker: standard file '"'"'-c'"'"' not found".
2022-12-27T11:25:57.8459660Z   # - It generates a shim setup.py, for handling setup.cfg-only projects.
2022-12-27T11:25:57.8459960Z   import os, sys, tokenize
2022-12-27T11:25:57.8460210Z   
2022-12-27T11:25:57.8460430Z   try:
2022-12-27T11:25:57.8460640Z       import setuptools
2022-12-27T11:25:57.8461090Z   except ImportError as error:
2022-12-27T11:25:57.8461360Z       print(
2022-12-27T11:25:57.8461640Z           "ERROR: Can not execute `setup.py` since setuptools is not available in "
2022-12-27T11:25:57.8461970Z           "the build environment.",
2022-12-27T11:25:57.8462390Z           file=sys.stderr,
2022-12-27T11:25:57.8462650Z       )
2022-12-27T11:25:57.8462840Z       sys.exit(1)
2022-12-27T11:25:57.8463080Z   
2022-12-27T11:25:57.8463320Z   __file__ = %r
2022-12-27T11:25:57.8463680Z   sys.argv[0] = __file__
2022-12-27T11:25:57.8463940Z   
2022-12-27T11:25:57.8464190Z   if os.path.exists(__file__):
2022-12-27T11:25:57.8464420Z       filename = __file__
2022-12-27T11:25:57.8464710Z       with tokenize.open(__file__) as f:
2022-12-27T11:25:57.8465160Z           setup_py_code = f.read()
2022-12-27T11:25:57.8465380Z   else:
2022-12-27T11:25:57.8465780Z       filename = "<auto-generated setuptools caller>"
2022-12-27T11:25:57.8466140Z       setup_py_code = "from setuptools import setup; setup()"
2022-12-27T11:25:57.8466370Z   
2022-12-27T11:25:57.8466630Z   exec(compile(setup_py_code, filename, "exec"))
2022-12-27T11:25:57.8467160Z   '"'"''"'"''"'"' % ('"'"'/Users/runner/actions-runner/_work/python.build/python.build/build_lxml20439/lxml-2.0.4/setup.py'"'"',), "<pip-setuptools-caller>", "exec"))' egg_info --egg-base /private/var/folders/51/hd414ycd67n82196sw51xqtc0000gn/T/pip-pip-egg-info-fqew8fj3
2022-12-27T11:25:57.8467910Z   cwd: /Users/runner/actions-runner/_work/python.build/python.build/build_lxml20439/lxml-2.0.4/
2022-12-27T11:25:57.8468220Z   Preparing metadata (setup.py): finished with status 'error'
2022-12-27T11:25:57.8476140Z error: metadata-generation-failed
2022-12-27T11:25:57.8476350Z 
2022-12-27T11:25:57.8476660Z Ã— Encountered error while generating package metadata.
2022-12-27T11:25:57.8477060Z â•°â”€> See above for output.
2022-12-27T11:25:57.8477180Z 
2022-12-27T11:25:57.8477350Z note: This is an issue with the package mentioned above, not pip.
2022-12-27T11:25:57.8477640Z hint: See above for details.
2022-12-27T11:25:57.8503310Z Exception information:
2022-12-27T11:25:57.8503700Z Traceback (most recent call last):
2022-12-27T11:25:57.8505660Z   File "/private/var/folders/51/hd414ycd67n82196sw51xqtc0000gn/T/cibw-run-my8oct3e/cp39-macosx_arm64/build/venv/lib/python3.9/site-packages/pip/_internal/operations/build/metadata_legacy.py", line 64, in generate_metadata
2022-12-27T11:25:57.8506340Z     call_subprocess(
2022-12-27T11:25:57.8507320Z   File "/private/var/folders/51/hd414ycd67n82196sw51xqtc0000gn/T/cibw-run-my8oct3e/cp39-macosx_arm64/build/venv/lib/python3.9/site-packages/pip/_internal/utils/subprocess.py", line 224, in call_subprocess
2022-12-27T11:25:57.8507850Z     raise error
2022-12-27T11:25:57.8508610Z pip._internal.exceptions.InstallationSubprocessError: python setup.py egg_info exited with 1
2022-12-27T11:25:57.8508970Z 
2022-12-27T11:25:57.8509210Z The above exception was the direct cause of the following exception:
2022-12-27T11:25:57.8509420Z 
2022-12-27T11:25:57.8509600Z Traceback (most recent call last):
2022-12-27T11:25:57.8510830Z   File "/private/var/folders/51/hd414ycd67n82196sw51xqtc0000gn/T/cibw-run-my8oct3e/cp39-macosx_arm64/build/venv/lib/python3.9/site-packages/pip/_internal/cli/base_command.py", line 160, in exc_logging_wrapper
2022-12-27T11:25:57.8511820Z     status = run_func(*args)
2022-12-27T11:25:57.8512730Z   File "/private/var/folders/51/hd414ycd67n82196sw51xqtc0000gn/T/cibw-run-my8oct3e/cp39-macosx_arm64/build/venv/lib/python3.9/site-packages/pip/_internal/cli/req_command.py", line 247, in wrapper
2022-12-27T11:25:57.8513360Z     return func(self, options, args)
2022-12-27T11:25:57.8514080Z   File "/private/var/folders/51/hd414ycd67n82196sw51xqtc0000gn/T/cibw-run-my8oct3e/cp39-macosx_arm64/build/venv/lib/python3.9/site-packages/pip/_internal/commands/wheel.py", line 170, in run
2022-12-27T11:25:57.8514680Z     requirement_set = resolver.resolve(reqs, check_supported_wheels=True)
2022-12-27T11:25:57.8515520Z   File "/private/var/folders/51/hd414ycd67n82196sw51xqtc0000gn/T/cibw-run-my8oct3e/cp39-macosx_arm64/build/venv/lib/python3.9/site-packages/pip/_internal/resolution/resolvelib/resolver.py", line 73, in resolve
2022-12-27T11:25:57.8516040Z     collected = self.factory.collect_root_requirements(root_reqs)
2022-12-27T11:25:57.8516860Z   File "/private/var/folders/51/hd414ycd67n82196sw51xqtc0000gn/T/cibw-run-my8oct3e/cp39-macosx_arm64/build/venv/lib/python3.9/site-packages/pip/_internal/resolution/resolvelib/factory.py", line 491, in collect_root_requirements
2022-12-27T11:25:57.8517500Z     req = self._make_requirement_from_install_req(
2022-12-27T11:25:57.8518310Z   File "/private/var/folders/51/hd414ycd67n82196sw51xqtc0000gn/T/cibw-run-my8oct3e/cp39-macosx_arm64/build/venv/lib/python3.9/site-packages/pip/_internal/resolution/resolvelib/factory.py", line 453, in _make_requirement_from_install_req
2022-12-27T11:25:57.8518770Z     cand = self._make_candidate_from_link(
2022-12-27T11:25:57.8519540Z   File "/private/var/folders/51/hd414ycd67n82196sw51xqtc0000gn/T/cibw-run-my8oct3e/cp39-macosx_arm64/build/venv/lib/python3.9/site-packages/pip/_internal/resolution/resolvelib/factory.py", line 206, in _make_candidate_from_link
2022-12-27T11:25:57.8520060Z     self._link_candidate_cache[link] = LinkCandidate(
2022-12-27T11:25:57.8520940Z   File "/private/var/folders/51/hd414ycd67n82196sw51xqtc0000gn/T/cibw-run-my8oct3e/cp39-macosx_arm64/build/venv/lib/python3.9/site-packages/pip/_internal/resolution/resolvelib/candidates.py", line 297, in __init__
2022-12-27T11:25:57.8521690Z     super().__init__(
2022-12-27T11:25:57.8522430Z   File "/private/var/folders/51/hd414ycd67n82196sw51xqtc0000gn/T/cibw-run-my8oct3e/cp39-macosx_arm64/build/venv/lib/python3.9/site-packages/pip/_internal/resolution/resolvelib/candidates.py", line 162, in __init__
2022-12-27T11:25:57.8522730Z     self.dist = self._prepare()
2022-12-27T11:25:57.8523270Z   File "/private/var/folders/51/hd414ycd67n82196sw51xqtc0000gn/T/cibw-run-my8oct3e/cp39-macosx_arm64/build/venv/lib/python3.9/site-packages/pip/_internal/resolution/resolvelib/candidates.py", line 231, in _prepare
2022-12-27T11:25:57.8523590Z     dist = self._prepare_distribution()
2022-12-27T11:25:57.8524080Z   File "/private/var/folders/51/hd414ycd67n82196sw51xqtc0000gn/T/cibw-run-my8oct3e/cp39-macosx_arm64/build/venv/lib/python3.9/site-packages/pip/_internal/resolution/resolvelib/candidates.py", line 308, in _prepare_distribution
2022-12-27T11:25:57.8524440Z     return preparer.prepare_linked_requirement(self._ireq, parallel_builds=True)
2022-12-27T11:25:57.8524900Z   File "/private/var/folders/51/hd414ycd67n82196sw51xqtc0000gn/T/cibw-run-my8oct3e/cp39-macosx_arm64/build/venv/lib/python3.9/site-packages/pip/_internal/operations/prepare.py", line 491, in prepare_linked_requirement
2022-12-27T11:25:57.8525300Z     return self._prepare_linked_requirement(req, parallel_builds)
2022-12-27T11:25:57.8525770Z   File "/private/var/folders/51/hd414ycd67n82196sw51xqtc0000gn/T/cibw-run-my8oct3e/cp39-macosx_arm64/build/venv/lib/python3.9/site-packages/pip/_internal/operations/prepare.py", line 577, in _prepare_linked_requirement
2022-12-27T11:25:57.8526080Z     dist = _get_prepared_distribution(
2022-12-27T11:25:57.8526710Z   File "/private/var/folders/51/hd414ycd67n82196sw51xqtc0000gn/T/cibw-run-my8oct3e/cp39-macosx_arm64/build/venv/lib/python3.9/site-packages/pip/_internal/operations/prepare.py", line 69, in _get_prepared_distribution
2022-12-27T11:25:57.8527140Z     abstract_dist.prepare_distribution_metadata(
2022-12-27T11:25:57.8527600Z   File "/private/var/folders/51/hd414ycd67n82196sw51xqtc0000gn/T/cibw-run-my8oct3e/cp39-macosx_arm64/build/venv/lib/python3.9/site-packages/pip/_internal/distributions/sdist.py", line 61, in prepare_distribution_metadata
2022-12-27T11:25:57.8527920Z     self.req.prepare_metadata()
2022-12-27T11:25:57.8528370Z   File "/private/var/folders/51/hd414ycd67n82196sw51xqtc0000gn/T/cibw-run-my8oct3e/cp39-macosx_arm64/build/venv/lib/python3.9/site-packages/pip/_internal/req/req_install.py", line 541, in prepare_metadata
2022-12-27T11:25:57.8528750Z     self.metadata_directory = generate_metadata_legacy(
2022-12-27T11:25:57.8529230Z   File "/private/var/folders/51/hd414ycd67n82196sw51xqtc0000gn/T/cibw-run-my8oct3e/cp39-macosx_arm64/build/venv/lib/python3.9/site-packages/pip/_internal/operations/build/metadata_legacy.py", line 71, in generate_metadata
2022-12-27T11:25:57.8529590Z     raise MetadataGenerationFailed(package_details=details) from error
2022-12-27T11:25:57.8529850Z pip._internal.exceptions.MetadataGenerationFailed: metadata generation failed
2022-12-27T11:25:57.8530340Z Removed file:///Users/runner/actions-runner/_work/python.build/python.build/build_lxml20439/lxml-2.0.4 from build tracker '/private/var/folders/51/hd414ycd67n82196sw51xqtc0000gn/T/pip-build-tracker-v2r2xuql'
2022-12-27T11:25:57.8530850Z Removed build tracker: '/private/var/folders/51/hd414ycd67n82196sw51xqtc0000gn/T/pip-build-tracker-v2r2xuql'
2022-12-27T11:25:57.8900750Z ##[endgroup]
2022-12-27T11:25:57.8932820Z ##[error]Command ['python', '-m', 'pip', 'wheel', '/Users/runner/actions-runner/_work/python.build/python.build/build_lxml20439/lxml-2.0.4', '--wheel-dir=/private/var/folders/51/hd414ycd67n82196sw51xqtc0000gn/T/cibw-run-my8oct3e/cp39-macosx_arm64/built_wheel', '--no-deps', '-vvv'] failed with code 1. None
2022-12-27T11:25:57.8941630Z 
2022-12-27T11:25:57.8941990Z                                                               [31mâœ• [0m0.68s
2022-12-27T11:25:57.9426950Z ##[error]Process completed with exit code 1.
2022-12-27T11:25:57.9460420Z ##[group]Run rm -rf build_lxml20439 wheelsout
2022-12-27T11:25:57.9460680Z [36;1mrm -rf build_lxml20439 wheelsout[0m
2022-12-27T11:25:57.9475770Z shell: /bin/bash -e {0}
2022-12-27T11:25:57.9476000Z env:
2022-12-27T11:25:57.9476200Z   pythonLocation: /Users/runner/hostedtoolcache/Python/3.9.16/x64
2022-12-27T11:25:57.9476430Z   PKG_CONFIG_PATH: /Users/runner/hostedtoolcache/Python/3.9.16/x64/lib/pkgconfig
2022-12-27T11:25:57.9476680Z   Python_ROOT_DIR: /Users/runner/hostedtoolcache/Python/3.9.16/x64
2022-12-27T11:25:57.9476910Z   Python2_ROOT_DIR: /Users/runner/hostedtoolcache/Python/3.9.16/x64
2022-12-27T11:25:57.9477140Z   Python3_ROOT_DIR: /Users/runner/hostedtoolcache/Python/3.9.16/x64
2022-12-27T11:25:57.9477280Z ##[endgroup]
2022-12-27T11:25:57.9973070Z Cleaning up orphan processes
