2022-12-27T08:46:18.1509339Z Requested labels: self-hosted, macOS, X64
2022-12-27T08:46:18.1509547Z Job defined at: kilnbuild/python.build/.github/workflows/mac_arm_build.yml@refs/heads/main
2022-12-27T08:46:18.1509585Z Waiting for a runner to pick up this job...
2022-12-27T11:07:15.2004600Z Job is about to start running on the runner: kr2 (organization)
2022-12-27T11:07:19.4109810Z Current runner version: '2.300.2'
2022-12-27T11:07:19.4117320Z Runner name: 'kr2'
2022-12-27T11:07:19.4117720Z Runner group name: 'Default'
2022-12-27T11:07:19.4118590Z Machine name: 'kr2'
2022-12-27T11:07:19.4121160Z ##[group]GITHUB_TOKEN Permissions
2022-12-27T11:07:19.4121850Z Actions: write
2022-12-27T11:07:19.4122120Z Checks: write
2022-12-27T11:07:19.4122370Z Contents: write
2022-12-27T11:07:19.4122620Z Deployments: write
2022-12-27T11:07:19.4122880Z Discussions: write
2022-12-27T11:07:19.4123140Z Issues: write
2022-12-27T11:07:19.4123390Z Metadata: read
2022-12-27T11:07:19.4123630Z Packages: write
2022-12-27T11:07:19.4123890Z Pages: write
2022-12-27T11:07:19.4124140Z PullRequests: write
2022-12-27T11:07:19.4124430Z RepositoryProjects: write
2022-12-27T11:07:19.4124730Z SecurityEvents: write
2022-12-27T11:07:19.4125000Z Statuses: write
2022-12-27T11:07:19.4125240Z ##[endgroup]
2022-12-27T11:07:19.4128900Z Secret source: Actions
2022-12-27T11:07:19.4129380Z Prepare workflow directory
2022-12-27T11:07:19.5221030Z Prepare all required actions
2022-12-27T11:07:19.5431330Z Getting action download info
2022-12-27T11:07:20.6224330Z Download action repository 'actions/setup-python@v4' (SHA:5ccb29d8773c3f3f653e1705f474dfaa8a06a912)
2022-12-27T11:07:22.5016870Z Download action repository 'actions/upload-artifact@v3' (SHA:83fd05a356d7e2593de66fc9913b3002723633cb)
2022-12-27T11:07:23.9497900Z ##[group]Run echo '{
2022-12-27T11:07:23.9498410Z [36;1mecho '{[0m
2022-12-27T11:07:23.9498590Z [36;1m  "package_name": "lxml",[0m
2022-12-27T11:07:23.9498970Z [36;1m  "package_url": "https://files.pythonhosted.org/packages/4b/26/deb96ca67af34dd8ee7f2ad2758de7724e06237dc3d6882a835a6eeb441d/lxml-2.1.2.tar.gz",[0m
2022-12-27T11:07:23.9499320Z [36;1m  "package_version": "2.1.2",[0m
2022-12-27T11:07:23.9499520Z [36;1m  "python_version": "3.11",[0m
2022-12-27T11:07:23.9499700Z [36;1m  "use_ccache": "true"[0m
2022-12-27T11:07:23.9499930Z [36;1m}'[0m
2022-12-27T11:07:23.9526110Z shell: /bin/bash -e {0}
2022-12-27T11:07:23.9526410Z ##[endgroup]
2022-12-27T11:07:23.9935390Z {
2022-12-27T11:07:23.9937800Z   "package_name": "lxml",
2022-12-27T11:07:23.9938920Z   "package_url": "https://files.pythonhosted.org/packages/4b/26/deb96ca67af34dd8ee7f2ad2758de7724e06237dc3d6882a835a6eeb441d/lxml-2.1.2.tar.gz",
2022-12-27T11:07:23.9939520Z   "package_version": "2.1.2",
2022-12-27T11:07:23.9939970Z   "python_version": "3.11",
2022-12-27T11:07:23.9940250Z   "use_ccache": "true"
2022-12-27T11:07:23.9940550Z }
2022-12-27T11:07:24.0314570Z ##[group]Run actions/setup-python@v4
2022-12-27T11:07:24.0315000Z with:
2022-12-27T11:07:24.0315320Z   python-version: 3.11
2022-12-27T11:07:24.0315580Z   check-latest: false
2022-12-27T11:07:24.0316230Z   token: ***
2022-12-27T11:07:24.0316570Z   update-environment: true
2022-12-27T11:07:24.0316840Z ##[endgroup]
2022-12-27T11:07:24.2630710Z ##[group]Installed versions
2022-12-27T11:07:24.2686000Z Successfully set up CPython (3.11.1)
2022-12-27T11:07:24.2687130Z ##[endgroup]
2022-12-27T11:07:24.2921180Z ##[group]Run if [ "true" == "true" ]
2022-12-27T11:07:24.2921750Z [36;1mif [ "true" == "true" ][0m
2022-12-27T11:07:24.2922020Z [36;1mthen[0m
2022-12-27T11:07:24.2922540Z [36;1m  echo "CCACHE_PATH_PREPEND=/usr/local/opt/ccache/libexec" >> $GITHUB_OUTPUT[0m
2022-12-27T11:07:24.2922940Z [36;1melse[0m
2022-12-27T11:07:24.2923230Z [36;1m  echo "CCACHE_PATH_PREPEND=" >> $GITHUB_OUTPUT[0m
2022-12-27T11:07:24.2923580Z [36;1mfi[0m
2022-12-27T11:07:24.2955940Z shell: /bin/bash -e {0}
2022-12-27T11:07:24.2956240Z env:
2022-12-27T11:07:24.2956630Z   pythonLocation: /Users/runner/hostedtoolcache/Python/3.11.1/x64
2022-12-27T11:07:24.2957110Z   PKG_CONFIG_PATH: /Users/runner/hostedtoolcache/Python/3.11.1/x64/lib/pkgconfig
2022-12-27T11:07:24.2957670Z   Python_ROOT_DIR: /Users/runner/hostedtoolcache/Python/3.11.1/x64
2022-12-27T11:07:24.2958060Z   Python2_ROOT_DIR: /Users/runner/hostedtoolcache/Python/3.11.1/x64
2022-12-27T11:07:24.2958610Z   Python3_ROOT_DIR: /Users/runner/hostedtoolcache/Python/3.11.1/x64
2022-12-27T11:07:24.2959430Z ##[endgroup]
2022-12-27T11:07:24.3275180Z ##[group]Run echo "BUILD_NAME=$(echo lxml_2.1.2_3.11 | tr -dc '[:alnum:]\n\r' | tr '[:upper:]' '[:lower:]')" >> $GITHUB_OUTPUT
2022-12-27T11:07:24.3275730Z [36;1mecho "BUILD_NAME=$(echo lxml_2.1.2_3.11 | tr -dc '[:alnum:]\n\r' | tr '[:upper:]' '[:lower:]')" >> $GITHUB_OUTPUT[0m
2022-12-27T11:07:24.3302960Z shell: /bin/bash -e {0}
2022-12-27T11:07:24.3303140Z env:
2022-12-27T11:07:24.3303440Z   pythonLocation: /Users/runner/hostedtoolcache/Python/3.11.1/x64
2022-12-27T11:07:24.3303830Z   PKG_CONFIG_PATH: /Users/runner/hostedtoolcache/Python/3.11.1/x64/lib/pkgconfig
2022-12-27T11:07:24.3304270Z   Python_ROOT_DIR: /Users/runner/hostedtoolcache/Python/3.11.1/x64
2022-12-27T11:07:24.3304620Z   Python2_ROOT_DIR: /Users/runner/hostedtoolcache/Python/3.11.1/x64
2022-12-27T11:07:24.3304930Z   Python3_ROOT_DIR: /Users/runner/hostedtoolcache/Python/3.11.1/x64
2022-12-27T11:07:24.3305160Z ##[endgroup]
2022-12-27T11:07:24.3532570Z ##[group]Run echo "PYTHON_NO_DOTS=$(echo 3.11 | tr -dc '[:alnum:]\n\r' | tr '[:upper:]' '[:lower:]')" >> $GITHUB_OUTPUT
2022-12-27T11:07:24.3533230Z [36;1mecho "PYTHON_NO_DOTS=$(echo 3.11 | tr -dc '[:alnum:]\n\r' | tr '[:upper:]' '[:lower:]')" >> $GITHUB_OUTPUT[0m
2022-12-27T11:07:24.3562390Z shell: /bin/bash -e {0}
2022-12-27T11:07:24.3562710Z env:
2022-12-27T11:07:24.3563010Z   pythonLocation: /Users/runner/hostedtoolcache/Python/3.11.1/x64
2022-12-27T11:07:24.3564820Z   PKG_CONFIG_PATH: /Users/runner/hostedtoolcache/Python/3.11.1/x64/lib/pkgconfig
2022-12-27T11:07:24.3565270Z   Python_ROOT_DIR: /Users/runner/hostedtoolcache/Python/3.11.1/x64
2022-12-27T11:07:24.3565720Z   Python2_ROOT_DIR: /Users/runner/hostedtoolcache/Python/3.11.1/x64
2022-12-27T11:07:24.3566150Z   Python3_ROOT_DIR: /Users/runner/hostedtoolcache/Python/3.11.1/x64
2022-12-27T11:07:24.3566440Z ##[endgroup]
2022-12-27T11:07:24.3835880Z ##[group]Run rm -rf build_lxml212311
2022-12-27T11:07:24.3836590Z [36;1mrm -rf build_lxml212311[0m
2022-12-27T11:07:24.3836950Z [36;1mmkdir build_lxml212311[0m
2022-12-27T11:07:24.3837360Z [36;1mcd build_lxml212311[0m
2022-12-27T11:07:24.3837900Z [36;1m/usr/local/bin/wget --quiet https://files.pythonhosted.org/packages/4b/26/deb96ca67af34dd8ee7f2ad2758de7724e06237dc3d6882a835a6eeb441d/lxml-2.1.2.tar.gz[0m
2022-12-27T11:07:24.3838400Z [36;1mtar xf *.tar.gz[0m
2022-12-27T11:07:24.3838650Z [36;1mcd *[0m
2022-12-27T11:07:24.3839080Z [36;1mpython -m pip install cibuildwheel==2.11.3[0m
2022-12-27T11:07:24.3839500Z [36;1mpython -m cibuildwheel --output-dir ../wheelsout[0m
2022-12-27T11:07:24.3869160Z shell: /bin/bash -e {0}
2022-12-27T11:07:24.3869590Z env:
2022-12-27T11:07:24.3869970Z   pythonLocation: /Users/runner/hostedtoolcache/Python/3.11.1/x64
2022-12-27T11:07:24.3870370Z   PKG_CONFIG_PATH: /Users/runner/hostedtoolcache/Python/3.11.1/x64/lib/pkgconfig
2022-12-27T11:07:24.3870940Z   Python_ROOT_DIR: /Users/runner/hostedtoolcache/Python/3.11.1/x64
2022-12-27T11:07:24.3871400Z   Python2_ROOT_DIR: /Users/runner/hostedtoolcache/Python/3.11.1/x64
2022-12-27T11:07:24.3871850Z   Python3_ROOT_DIR: /Users/runner/hostedtoolcache/Python/3.11.1/x64
2022-12-27T11:07:24.3872230Z   CIBW_ARCHS_MACOS: arm64
2022-12-27T11:07:24.3872490Z   CIBW_TEST_SKIP: *_arm64
2022-12-27T11:07:24.3872830Z   CIBW_BUILD: cp311-macosx_arm64
2022-12-27T11:07:24.3873250Z   CIBW_BUILD_FRONTEND: pip
2022-12-27T11:07:24.3873520Z   CIBW_BUILD_VERBOSITY: 3
2022-12-27T11:07:24.3874090Z   CIBW_ENVIRONMENT_MACOS:  CFLAGS="-I/usr/local/opt/openssl@3/include" LDFLAGS="-L/usr/local/opt/openssl@3/lib" CPPFLAGS="-I/usr/local/opt/openssl@3/include" MAKEFLAGS="-j$(sysctl -n hw.logicalcpu)" PATH=/usr/local/opt/ccache/libexec:$PATH
2022-12-27T11:07:24.3874760Z   CIBW_BEFORE_BUILD: pip install Cython; if [[ -f requirements.txt ]]; then pip install -r requirements.txt; fi
2022-12-27T11:07:24.3875280Z   MAKEFLAGS: -j$(sysctl -n hw.logicalcpu)
2022-12-27T11:07:24.3875570Z ##[endgroup]
2022-12-27T11:07:25.1398160Z Requirement already satisfied: cibuildwheel==2.11.3 in /Library/Frameworks/Python.framework/Versions/3.11/lib/python3.11/site-packages (2.11.3)
2022-12-27T11:07:25.2015420Z Requirement already satisfied: bashlex!=0.13 in /Library/Frameworks/Python.framework/Versions/3.11/lib/python3.11/site-packages (from cibuildwheel==2.11.3) (0.16)
2022-12-27T11:07:25.2022630Z Requirement already satisfied: bracex in /Library/Frameworks/Python.framework/Versions/3.11/lib/python3.11/site-packages (from cibuildwheel==2.11.3) (2.3.post1)
2022-12-27T11:07:25.2032340Z Requirement already satisfied: certifi in /Library/Frameworks/Python.framework/Versions/3.11/lib/python3.11/site-packages (from cibuildwheel==2.11.3) (2022.12.7)
2022-12-27T11:07:25.2039450Z Requirement already satisfied: filelock in /Library/Frameworks/Python.framework/Versions/3.11/lib/python3.11/site-packages (from cibuildwheel==2.11.3) (3.8.2)
2022-12-27T11:07:25.2052700Z Requirement already satisfied: packaging>=20.9 in /Library/Frameworks/Python.framework/Versions/3.11/lib/python3.11/site-packages (from cibuildwheel==2.11.3) (22.0)
2022-12-27T11:07:25.2064860Z Requirement already satisfied: platformdirs in /Library/Frameworks/Python.framework/Versions/3.11/lib/python3.11/site-packages (from cibuildwheel==2.11.3) (2.6.0)
2022-12-27T11:07:25.6125940Z 
2022-12-27T11:07:25.6126810Z      _ _       _ _   _       _           _
2022-12-27T11:07:25.6128020Z  ___|_| |_ _ _|_| |_| |_ _ _| |_ ___ ___| |
2022-12-27T11:07:25.6130550Z |  _| | . | | | | | . | | | |   | -_| -_| |
2022-12-27T11:07:25.6131650Z |___|_|___|___|_|_|___|_____|_|_|___|___|_|
2022-12-27T11:07:25.6132050Z 
2022-12-27T11:07:25.6132390Z cibuildwheel version 2.11.3
2022-12-27T11:07:25.6132800Z 
2022-12-27T11:07:25.6132960Z Build options:
2022-12-27T11:07:25.6133590Z   platform: macos
2022-12-27T11:07:25.6215320Z   architectures: arm64[0m
2022-12-27T11:07:25.6215950Z   build_selector: 
2022-12-27T11:07:25.6217980Z     build_config: cp311-macosx_arm64
2022-12-27T11:07:25.6218560Z     skip_config: 
2022-12-27T11:07:25.6220110Z     requires_python: None
2022-12-27T11:07:25.6222110Z     prerelease_pythons: False[0m
2022-12-27T11:07:25.6222660Z   [38;5;244mcontainer_engine: docker[0m
2022-12-27T11:07:25.6223870Z   output_dir: /Users/runner/actions-runner/_work/python.build/python.build/build_lxml212311/wheelsout[0m
2022-12-27T11:07:25.6224890Z   package_dir: /Users/runner/actions-runner/_work/python.build/python.build/build_lxml212311/lxml-2.1.2[0m
2022-12-27T11:07:25.6225370Z   test_selector: 
2022-12-27T11:07:25.6225850Z     skip_config: *_arm64[0m
2022-12-27T11:07:25.6227030Z   [38;5;244mbefore_all: [0m
2022-12-27T11:07:25.6227770Z   before_build: pip install Cython; if [[ -f requirements.txt ]]; then pip install -r requirements.txt; fi[0m
2022-12-27T11:07:25.6228490Z   [38;5;244mbefore_test: [0m
2022-12-27T11:07:25.6229760Z   [38;5;244mbuild_frontend: pip[0m
2022-12-27T11:07:25.6230220Z   build_verbosity: 3[0m
2022-12-27T11:07:25.6230610Z   [38;5;244mconfig_settings: [0m
2022-12-27T11:07:25.6231120Z   [38;5;244mdependency_constraints: pinned[0m
2022-12-27T11:07:25.6232150Z   environment: 
2022-12-27T11:07:25.6232650Z     CFLAGS="-I/usr/local/opt/openssl@3/include"
2022-12-27T11:07:25.6233100Z     LDFLAGS="-L/usr/local/opt/openssl@3/lib"
2022-12-27T11:07:25.6233610Z     CPPFLAGS="-I/usr/local/opt/openssl@3/include"
2022-12-27T11:07:25.6234330Z     MAKEFLAGS="-j$(sysctl -n hw.logicalcpu)"
2022-12-27T11:07:25.6234780Z     PATH=/usr/local/opt/ccache/libexec:$PATH[0m
2022-12-27T11:07:25.6235270Z   [38;5;244mmanylinux_images: None[0m
2022-12-27T11:07:25.6235730Z   [38;5;244mmusllinux_images: None[0m
2022-12-27T11:07:25.6236250Z   [38;5;244mrepair_command: delocate-wheel --require-archs {delocate_archs} -w {dest_dir} -v {wheel}[0m
2022-12-27T11:07:25.6237270Z   [38;5;244mtest_command: [0m
2022-12-27T11:07:25.6237760Z   [38;5;244mtest_extras: [0m
2022-12-27T11:07:25.6238130Z   [38;5;244mtest_requires: [0m
2022-12-27T11:07:25.6238370Z 
2022-12-27T11:07:25.6238590Z Cache folder: /Users/runner/Library/Caches/cibuildwheel
2022-12-27T11:07:25.6238850Z 
2022-12-27T11:07:25.6239790Z Here we go!
2022-12-27T11:07:25.6240000Z 
2022-12-27T11:07:25.6382450Z 
2022-12-27T11:07:25.6383940Z [1m[34mBuilding cp311-macosx_arm64 wheel[0m
2022-12-27T11:07:25.6384860Z CPython 3.11 macOS arm64 - Apple Silicon
2022-12-27T11:07:25.6385560Z 
2022-12-27T11:07:25.6387530Z ##[group]Installing Python cp311...
2022-12-27T11:07:25.6387970Z 
2022-12-27T11:07:25.6388280Z + pkgutil --pkgs
2022-12-27T11:07:25.6594210Z ##[endgroup]
2022-12-27T11:07:25.6595910Z                                                               [32mâœ“ [0m0.02s
2022-12-27T11:07:25.6596570Z ##[group]Setting up build environment...
2022-12-27T11:07:25.6596800Z 
2022-12-27T11:07:25.6629070Z + /Library/Frameworks/Python.framework/Versions/3.11/bin/python -sS /Users/runner/Library/Caches/cibuildwheel/virtualenv-20.17.0.pyz --activators= --no-periodic-update --pip=22.3.1 --setuptools=65.6.3 --wheel=0.38.4 --symlink-app-data --python /Library/Frameworks/Python.framework/Versions/3.11/bin/python3 /private/var/folders/51/hd414ycd67n82196sw51xqtc0000gn/T/cibw-run-lxeet8zo/cp311-macosx_arm64/build/venv
2022-12-27T11:07:25.9798310Z created virtual environment CPython3.11.1.final.0-64 in 84ms
2022-12-27T11:07:25.9799440Z   creator CPython3Posix(dest=/private/var/folders/51/hd414ycd67n82196sw51xqtc0000gn/T/cibw-run-lxeet8zo/cp311-macosx_arm64/build/venv, clear=False, no_vcs_ignore=False, global=False)
2022-12-27T11:07:25.9800290Z   seeder FromAppData(download=False, pip=22.3.1, setuptools=65.6.3, wheel=0.38.4, via=symlink, app_data_dir=/Users/runner/Library/Application Support/virtualenv)
2022-12-27T11:07:25.9800890Z     added seed packages: pip==22.3.1, setuptools==65.6.3, wheel==0.38.4
2022-12-27T11:07:26.0114020Z + python -m pip install --upgrade pip -c /Library/Frameworks/Python.framework/Versions/3.11/lib/python3.11/site-packages/cibuildwheel/resources/constraints-python311.txt
2022-12-27T11:07:26.4736110Z Requirement already satisfied: pip in ./lib/python3.11/site-packages (22.3.1)
2022-12-27T11:07:26.7061660Z + which pip
2022-12-27T11:07:26.7104110Z /private/var/folders/51/hd414ycd67n82196sw51xqtc0000gn/T/cibw-run-lxeet8zo/cp311-macosx_arm64/build/venv/bin/pip
2022-12-27T11:07:26.7112990Z + pip --version
2022-12-27T11:07:27.0207380Z pip 22.3.1 from /private/var/folders/51/hd414ycd67n82196sw51xqtc0000gn/T/cibw-run-lxeet8zo/cp311-macosx_arm64/build/venv/lib/python3.11/site-packages/pip (python 3.11)
2022-12-27T11:07:27.0742120Z + which pip
2022-12-27T11:07:27.0799090Z + which python
2022-12-27T11:07:27.0841240Z /private/var/folders/51/hd414ycd67n82196sw51xqtc0000gn/T/cibw-run-lxeet8zo/cp311-macosx_arm64/build/venv/bin/python
2022-12-27T11:07:27.0845040Z + python --version
2022-12-27T11:07:27.0956760Z Python 3.11.1
2022-12-27T11:07:27.0963910Z + which python
2022-12-27T11:07:27.1069260Z ##[endgroup]
2022-12-27T11:07:27.1071130Z                                                               [32mâœ“ [0m1.45s
2022-12-27T11:07:27.1073340Z ##[group]Installing build tools...
2022-12-27T11:07:27.1073830Z 
2022-12-27T11:07:27.1074960Z + pip install --upgrade setuptools wheel delocate -c /Library/Frameworks/Python.framework/Versions/3.11/lib/python3.11/site-packages/cibuildwheel/resources/constraints-python311.txt
2022-12-27T11:07:27.5529410Z Requirement already satisfied: setuptools in /private/var/folders/51/hd414ycd67n82196sw51xqtc0000gn/T/cibw-run-lxeet8zo/cp311-macosx_arm64/build/venv/lib/python3.11/site-packages (65.6.3)
2022-12-27T11:07:27.8237260Z Requirement already satisfied: wheel in /private/var/folders/51/hd414ycd67n82196sw51xqtc0000gn/T/cibw-run-lxeet8zo/cp311-macosx_arm64/build/venv/lib/python3.11/site-packages (0.38.4)
2022-12-27T11:07:27.8851500Z Collecting delocate
2022-12-27T11:07:27.8898730Z   Using cached delocate-0.10.3-py3-none-any.whl (142 kB)
2022-12-27T11:07:27.9301400Z Collecting packaging>=20.9
2022-12-27T11:07:27.9343050Z   Using cached packaging-21.3-py3-none-any.whl (40 kB)
2022-12-27T11:07:27.9577900Z Collecting typing-extensions
2022-12-27T11:07:27.9609120Z   Using cached typing_extensions-4.4.0-py3-none-any.whl (26 kB)
2022-12-27T11:07:28.0076140Z Collecting pyparsing!=3.0.5,>=2.0.2
2022-12-27T11:07:28.0110380Z   Using cached pyparsing-3.0.9-py3-none-any.whl (98 kB)
2022-12-27T11:07:28.1001220Z Installing collected packages: typing-extensions, pyparsing, packaging, delocate
2022-12-27T11:07:28.3181610Z Successfully installed delocate-0.10.3 packaging-21.3 pyparsing-3.0.9 typing-extensions-4.4.0
2022-12-27T11:07:28.4445330Z ##[endgroup]
2022-12-27T11:07:28.4446620Z                                                               [32mâœ“ [0m1.34s
2022-12-27T11:07:28.4448070Z ##[group]Running before_build...
2022-12-27T11:07:28.4448500Z 
2022-12-27T11:07:28.4451970Z + pip install Cython; if [[ -f requirements.txt ]]; then pip install -r requirements.txt; fi
2022-12-27T11:07:29.3414010Z Collecting Cython
2022-12-27T11:07:29.3514270Z   Using cached Cython-0.29.32-py2.py3-none-any.whl (986 kB)
2022-12-27T11:07:29.4263680Z Installing collected packages: Cython
2022-12-27T11:07:30.1345210Z Successfully installed Cython-0.29.32
2022-12-27T11:07:30.2706710Z ##[endgroup]
2022-12-27T11:07:30.2707700Z                                                               [32mâœ“ [0m1.83s
2022-12-27T11:07:30.2708850Z ##[group]Building wheel...
2022-12-27T11:07:30.2709010Z 
2022-12-27T11:07:30.2716580Z + python -m pip wheel /Users/runner/actions-runner/_work/python.build/python.build/build_lxml212311/lxml-2.1.2 --wheel-dir=/private/var/folders/51/hd414ycd67n82196sw51xqtc0000gn/T/cibw-run-lxeet8zo/cp311-macosx_arm64/built_wheel --no-deps -vvv
2022-12-27T11:07:30.6677360Z Created temporary directory: /private/var/folders/51/hd414ycd67n82196sw51xqtc0000gn/T/pip-ephem-wheel-cache-gbudlj4l
2022-12-27T11:07:30.6688020Z Created temporary directory: /private/var/folders/51/hd414ycd67n82196sw51xqtc0000gn/T/pip-build-tracker-ibzpvudi
2022-12-27T11:07:30.6689610Z Initialized build tracking at /private/var/folders/51/hd414ycd67n82196sw51xqtc0000gn/T/pip-build-tracker-ibzpvudi
2022-12-27T11:07:30.6690670Z Created build tracker: /private/var/folders/51/hd414ycd67n82196sw51xqtc0000gn/T/pip-build-tracker-ibzpvudi
2022-12-27T11:07:30.6693800Z Entered build tracker: /private/var/folders/51/hd414ycd67n82196sw51xqtc0000gn/T/pip-build-tracker-ibzpvudi
2022-12-27T11:07:30.6697240Z Created temporary directory: /private/var/folders/51/hd414ycd67n82196sw51xqtc0000gn/T/pip-wheel-06bw5_s0
2022-12-27T11:07:30.6706420Z Created temporary directory: /private/var/folders/51/hd414ycd67n82196sw51xqtc0000gn/T/pip-ephem-wheel-cache-qecap1yj
2022-12-27T11:07:30.6835760Z Processing /Users/runner/actions-runner/_work/python.build/python.build/build_lxml212311/lxml-2.1.2
2022-12-27T11:07:30.6843090Z   Added file:///Users/runner/actions-runner/_work/python.build/python.build/build_lxml212311/lxml-2.1.2 to build tracker '/private/var/folders/51/hd414ycd67n82196sw51xqtc0000gn/T/pip-build-tracker-ibzpvudi'
2022-12-27T11:07:30.6847530Z   Running setup.py (path:/Users/runner/actions-runner/_work/python.build/python.build/build_lxml212311/lxml-2.1.2/setup.py) egg_info for package from file:///Users/runner/actions-runner/_work/python.build/python.build/build_lxml212311/lxml-2.1.2
2022-12-27T11:07:30.6851670Z   Created temporary directory: /private/var/folders/51/hd414ycd67n82196sw51xqtc0000gn/T/pip-pip-egg-info-dz_zrcdr
2022-12-27T11:07:30.6853040Z   Preparing metadata (setup.py): started
2022-12-27T11:07:30.6856170Z   Running command python setup.py egg_info
2022-12-27T11:07:31.2909200Z   Building lxml version 2.1.2.
2022-12-27T11:07:31.2909980Z   Building with Cython 0.29.32.
2022-12-27T11:07:31.2910750Z   Using build configuration of libxslt 1.1.29
2022-12-27T11:07:31.2913180Z   Building against libxml2/libxslt in the following directory: /Library/Developer/CommandLineTools/SDKs/MacOSX12.1.sdk/usr/lib
2022-12-27T11:07:31.2914540Z   running egg_info
2022-12-27T11:07:31.2917980Z   creating /private/var/folders/51/hd414ycd67n82196sw51xqtc0000gn/T/pip-pip-egg-info-dz_zrcdr/lxml.egg-info
2022-12-27T11:07:31.2919660Z   writing /private/var/folders/51/hd414ycd67n82196sw51xqtc0000gn/T/pip-pip-egg-info-dz_zrcdr/lxml.egg-info/PKG-INFO
2022-12-27T11:07:31.2922480Z   writing dependency_links to /private/var/folders/51/hd414ycd67n82196sw51xqtc0000gn/T/pip-pip-egg-info-dz_zrcdr/lxml.egg-info/dependency_links.txt
2022-12-27T11:07:31.2924070Z   writing top-level names to /private/var/folders/51/hd414ycd67n82196sw51xqtc0000gn/T/pip-pip-egg-info-dz_zrcdr/lxml.egg-info/top_level.txt
2022-12-27T11:07:31.2926290Z   writing manifest file '/private/var/folders/51/hd414ycd67n82196sw51xqtc0000gn/T/pip-pip-egg-info-dz_zrcdr/lxml.egg-info/SOURCES.txt'
2022-12-27T11:07:31.3011530Z   reading manifest file '/private/var/folders/51/hd414ycd67n82196sw51xqtc0000gn/T/pip-pip-egg-info-dz_zrcdr/lxml.egg-info/SOURCES.txt'
2022-12-27T11:07:31.3013120Z   reading manifest template 'MANIFEST.in'
2022-12-27T11:07:31.4329030Z   adding license file 'LICENSES.txt'
2022-12-27T11:07:31.4419410Z   writing manifest file '/private/var/folders/51/hd414ycd67n82196sw51xqtc0000gn/T/pip-pip-egg-info-dz_zrcdr/lxml.egg-info/SOURCES.txt'
2022-12-27T11:07:31.4935550Z   Preparing metadata (setup.py): finished with status 'done'
2022-12-27T11:07:31.4971820Z   Source in /Users/runner/actions-runner/_work/python.build/python.build/build_lxml212311/lxml-2.1.2 has version 2.1.2, which satisfies requirement lxml==2.1.2 from file:///Users/runner/actions-runner/_work/python.build/python.build/build_lxml212311/lxml-2.1.2
2022-12-27T11:07:31.4974060Z   Removed lxml==2.1.2 from file:///Users/runner/actions-runner/_work/python.build/python.build/build_lxml212311/lxml-2.1.2 from build tracker '/private/var/folders/51/hd414ycd67n82196sw51xqtc0000gn/T/pip-build-tracker-ibzpvudi'
2022-12-27T11:07:31.4998310Z Created temporary directory: /private/var/folders/51/hd414ycd67n82196sw51xqtc0000gn/T/pip-unpack-u3_t96gy
2022-12-27T11:07:31.4999950Z Building wheels for collected packages: lxml
2022-12-27T11:07:31.5011890Z   Created temporary directory: /private/var/folders/51/hd414ycd67n82196sw51xqtc0000gn/T/pip-wheel-4sxis_an
2022-12-27T11:07:31.5012970Z   Building wheel for lxml (setup.py): started
2022-12-27T11:07:31.5014230Z   Destination directory: /private/var/folders/51/hd414ycd67n82196sw51xqtc0000gn/T/pip-wheel-4sxis_an
2022-12-27T11:07:31.5015970Z   Running command python setup.py bdist_wheel
2022-12-27T11:07:31.8847780Z   Building lxml version 2.1.2.
2022-12-27T11:07:31.8848730Z   Building with Cython 0.29.32.
2022-12-27T11:07:31.8880900Z   Using build configuration of libxslt 1.1.29
2022-12-27T11:07:32.0868290Z   Building against libxml2/libxslt in the following directory: /Library/Developer/CommandLineTools/SDKs/MacOSX12.1.sdk/usr/lib
2022-12-27T11:07:32.1242260Z   running bdist_wheel
2022-12-27T11:07:32.1299960Z   running build
2022-12-27T11:07:32.1300820Z   running build_py
2022-12-27T11:07:32.1331480Z   creating build
2022-12-27T11:07:32.1333150Z   creating build/lib.macosx-11.0-arm64-cpython-311
2022-12-27T11:07:32.1335970Z   creating build/lib.macosx-11.0-arm64-cpython-311/lxml
2022-12-27T11:07:32.1337650Z   copying src/lxml/_elementpath.py -> build/lib.macosx-11.0-arm64-cpython-311/lxml
2022-12-27T11:07:32.1339410Z   copying src/lxml/sax.py -> build/lib.macosx-11.0-arm64-cpython-311/lxml
2022-12-27T11:07:32.1342030Z   copying src/lxml/pyclasslookup.py -> build/lib.macosx-11.0-arm64-cpython-311/lxml
2022-12-27T11:07:32.1343280Z   copying src/lxml/__init__.py -> build/lib.macosx-11.0-arm64-cpython-311/lxml
2022-12-27T11:07:32.1351020Z   copying src/lxml/builder.py -> build/lib.macosx-11.0-arm64-cpython-311/lxml
2022-12-27T11:07:32.1352620Z   copying src/lxml/doctestcompare.py -> build/lib.macosx-11.0-arm64-cpython-311/lxml
2022-12-27T11:07:32.1355940Z   copying src/lxml/usedoctest.py -> build/lib.macosx-11.0-arm64-cpython-311/lxml
2022-12-27T11:07:32.1361340Z   copying src/lxml/cssselect.py -> build/lib.macosx-11.0-arm64-cpython-311/lxml
2022-12-27T11:07:32.1364090Z   copying src/lxml/ElementInclude.py -> build/lib.macosx-11.0-arm64-cpython-311/lxml
2022-12-27T11:07:32.1375760Z   creating build/lib.macosx-11.0-arm64-cpython-311/lxml/html
2022-12-27T11:07:32.1376670Z   copying src/lxml/html/soupparser.py -> build/lib.macosx-11.0-arm64-cpython-311/lxml/html
2022-12-27T11:07:32.1381240Z   copying src/lxml/html/defs.py -> build/lib.macosx-11.0-arm64-cpython-311/lxml/html
2022-12-27T11:07:32.1385600Z   copying src/lxml/html/_setmixin.py -> build/lib.macosx-11.0-arm64-cpython-311/lxml/html
2022-12-27T11:07:32.1388400Z   copying src/lxml/html/clean.py -> build/lib.macosx-11.0-arm64-cpython-311/lxml/html
2022-12-27T11:07:32.1393890Z   copying src/lxml/html/_diffcommand.py -> build/lib.macosx-11.0-arm64-cpython-311/lxml/html
2022-12-27T11:07:32.1397290Z   copying src/lxml/html/__init__.py -> build/lib.macosx-11.0-arm64-cpython-311/lxml/html
2022-12-27T11:07:32.1402410Z   copying src/lxml/html/formfill.py -> build/lib.macosx-11.0-arm64-cpython-311/lxml/html
2022-12-27T11:07:32.1405430Z   copying src/lxml/html/builder.py -> build/lib.macosx-11.0-arm64-cpython-311/lxml/html
2022-12-27T11:07:32.1411660Z   copying src/lxml/html/ElementSoup.py -> build/lib.macosx-11.0-arm64-cpython-311/lxml/html
2022-12-27T11:07:32.1414040Z   copying src/lxml/html/usedoctest.py -> build/lib.macosx-11.0-arm64-cpython-311/lxml/html
2022-12-27T11:07:32.1416560Z   copying src/lxml/html/diff.py -> build/lib.macosx-11.0-arm64-cpython-311/lxml/html
2022-12-27T11:07:32.1422510Z   copying src/lxml/html/_dictmixin.py -> build/lib.macosx-11.0-arm64-cpython-311/lxml/html
2022-12-27T11:07:32.1438340Z   running build_ext
2022-12-27T11:07:32.1638610Z   skipping 'src/lxml/lxml.etree.c' Cython extension (up-to-date)
2022-12-27T11:07:32.1751820Z   skipping 'src/lxml/lxml.objectify.c' Cython extension (up-to-date)
2022-12-27T11:07:32.1752700Z   building 'lxml.etree' extension
2022-12-27T11:07:32.1756240Z   creating build/temp.macosx-11.0-arm64-cpython-311
2022-12-27T11:07:32.1757470Z   creating build/temp.macosx-11.0-arm64-cpython-311/src
2022-12-27T11:07:32.1759980Z   creating build/temp.macosx-11.0-arm64-cpython-311/src/lxml
2022-12-27T11:07:32.1762850Z   clang -Wsign-compare -Wunreachable-code -fno-common -dynamic -DNDEBUG -g -fwrapv -O3 -Wall -g -I/usr/local/opt/openssl@3/include -I/usr/local/opt/openssl@3/include -arch arm64 -I/Library/Developer/CommandLineTools/SDKs/MacOSX12.1.sdk/usr/include -I/private/var/folders/51/hd414ycd67n82196sw51xqtc0000gn/T/cibw-run-lxeet8zo/cp311-macosx_arm64/build/venv/include -I/Library/Frameworks/Python.framework/Versions/3.11/include/python3.11 -c src/lxml/lxml.etree.c -o build/temp.macosx-11.0-arm64-cpython-311/src/lxml/lxml.etree.o -w -flat_namespace
2022-12-27T11:07:32.5043400Z   src/lxml/lxml.etree.c:39309:62: error: use of undeclared identifier 'PyFile_Type'; did you mean 'PyFilter_Type'?
2022-12-27T11:07:32.5045050Z     __pyx_1 = PyObject_IsInstance(__pyx_v_source, ((PyObject*)&PyFile_Type)); if (unlikely(__pyx_1 == -1)) {__pyx_filename = __pyx_f[1]; __pyx_lineno = 1354; __pyx_clineno = __LINE__; goto __pyx_L1_error;}
2022-12-27T11:07:32.5046050Z                                                                ^~~~~~~~~~~
2022-12-27T11:07:32.5047650Z                                                                PyFilter_Type
2022-12-27T11:07:32.5051110Z   /Library/Frameworks/Python.framework/Versions/3.11/include/python3.11/bltinmodule.h:7:26: note: 'PyFilter_Type' declared here
2022-12-27T11:07:32.5051910Z   PyAPI_DATA(PyTypeObject) PyFilter_Type;
2022-12-27T11:07:32.5053920Z                            ^
2022-12-27T11:07:32.8719120Z   src/lxml/lxml.etree.c:106000:5: error: expression is not assignable
2022-12-27T11:07:32.8719960Z       ++Py_REFCNT(o);
2022-12-27T11:07:32.8721290Z       ^ ~~~~~~~~~~~~
2022-12-27T11:07:32.8724160Z   src/lxml/lxml.etree.c:106003:5: error: expression is not assignable
2022-12-27T11:07:32.8726010Z       --Py_REFCNT(o);
2022-12-27T11:07:32.8727470Z       ^ ~~~~~~~~~~~~
2022-12-27T11:07:32.8729250Z   src/lxml/lxml.etree.c:106435:5: error: expression is not assignable
2022-12-27T11:07:32.8731250Z       ++Py_REFCNT(o);
2022-12-27T11:07:32.8733940Z       ^ ~~~~~~~~~~~~
2022-12-27T11:07:32.8734710Z   src/lxml/lxml.etree.c:106438:5: error: expression is not assignable
2022-12-27T11:07:32.8737030Z       --Py_REFCNT(o);
2022-12-27T11:07:32.8738410Z       ^ ~~~~~~~~~~~~
2022-12-27T11:07:32.9046320Z   src/lxml/lxml.etree.c:114859:5: error: expression is not assignable
2022-12-27T11:07:32.9048960Z       ++Py_REFCNT(o);
2022-12-27T11:07:32.9051420Z       ^ ~~~~~~~~~~~~
2022-12-27T11:07:32.9053390Z   src/lxml/lxml.etree.c:114862:5: error: expression is not assignable
2022-12-27T11:07:32.9055610Z       --Py_REFCNT(o);
2022-12-27T11:07:32.9057050Z       ^ ~~~~~~~~~~~~
2022-12-27T11:07:32.9068750Z   src/lxml/lxml.etree.c:115424:5: error: expression is not assignable
2022-12-27T11:07:32.9071200Z       ++Py_REFCNT(o);
2022-12-27T11:07:32.9074950Z       ^ ~~~~~~~~~~~~
2022-12-27T11:07:32.9078900Z   src/lxml/lxml.etree.c:115427:5: error: expression is not assignable
2022-12-27T11:07:32.9083080Z       --Py_REFCNT(o);
2022-12-27T11:07:32.9086020Z       ^ ~~~~~~~~~~~~
2022-12-27T11:07:32.9090120Z   src/lxml/lxml.etree.c:115803:5: error: expression is not assignable
2022-12-27T11:07:32.9094870Z       ++Py_REFCNT(o);
2022-12-27T11:07:32.9097690Z       ^ ~~~~~~~~~~~~
2022-12-27T11:07:32.9101650Z   src/lxml/lxml.etree.c:115806:5: error: expression is not assignable
2022-12-27T11:07:32.9105390Z       --Py_REFCNT(o);
2022-12-27T11:07:32.9108790Z       ^ ~~~~~~~~~~~~
2022-12-27T11:07:32.9113220Z   src/lxml/lxml.etree.c:115976:5: error: expression is not assignable
2022-12-27T11:07:32.9116760Z       ++Py_REFCNT(o);
2022-12-27T11:07:32.9120440Z       ^ ~~~~~~~~~~~~
2022-12-27T11:07:32.9124120Z   src/lxml/lxml.etree.c:115979:5: error: expression is not assignable
2022-12-27T11:07:32.9128200Z       --Py_REFCNT(o);
2022-12-27T11:07:32.9131340Z       ^ ~~~~~~~~~~~~
2022-12-27T11:07:32.9277210Z   src/lxml/lxml.etree.c:119776:5: error: expression is not assignable
2022-12-27T11:07:32.9279770Z       ++Py_REFCNT(o);
2022-12-27T11:07:32.9283860Z       ^ ~~~~~~~~~~~~
2022-12-27T11:07:32.9287950Z   src/lxml/lxml.etree.c:119779:5: error: expression is not assignable
2022-12-27T11:07:32.9291150Z       --Py_REFCNT(o);
2022-12-27T11:07:32.9295040Z       ^ ~~~~~~~~~~~~
2022-12-27T11:07:32.9298840Z   src/lxml/lxml.etree.c:120326:5: error: expression is not assignable
2022-12-27T11:07:32.9302570Z       ++Py_REFCNT(o);
2022-12-27T11:07:32.9306240Z       ^ ~~~~~~~~~~~~
2022-12-27T11:07:32.9310100Z   src/lxml/lxml.etree.c:120329:5: error: expression is not assignable
2022-12-27T11:07:32.9313950Z       --Py_REFCNT(o);
2022-12-27T11:07:32.9317540Z       ^ ~~~~~~~~~~~~
2022-12-27T11:07:32.9321470Z   src/lxml/lxml.etree.c:120862:5: error: expression is not assignable
2022-12-27T11:07:32.9325060Z       ++Py_REFCNT(o);
2022-12-27T11:07:32.9328660Z       ^ ~~~~~~~~~~~~
2022-12-27T11:07:32.9332560Z   src/lxml/lxml.etree.c:120865:5: error: expression is not assignable
2022-12-27T11:07:32.9336240Z       --Py_REFCNT(o);
2022-12-27T11:07:32.9339720Z       ^ ~~~~~~~~~~~~
2022-12-27T11:07:32.9343910Z   fatal error: too many errors emitted, stopping now [-ferror-limit=]
2022-12-27T11:07:33.0101160Z   20 errors generated.
2022-12-27T11:07:33.0173400Z   error: command '/usr/bin/clang' failed with exit code 1
2022-12-27T11:07:33.0965150Z   error: subprocess-exited-with-error
2022-12-27T11:07:33.0965510Z   
2022-12-27T11:07:33.0966330Z   Ã— python setup.py bdist_wheel did not run successfully.
2022-12-27T11:07:33.0966810Z   â”‚ exit code: 1
2022-12-27T11:07:33.0967160Z   â•°â”€> See above for output.
2022-12-27T11:07:33.0967420Z   
2022-12-27T11:07:33.0967820Z   note: This error originates from a subprocess, and is likely not a problem with pip.
2022-12-27T11:07:33.0977080Z   full command: /private/var/folders/51/hd414ycd67n82196sw51xqtc0000gn/T/cibw-run-lxeet8zo/cp311-macosx_arm64/build/venv/bin/python -u -c '
2022-12-27T11:07:33.0978220Z   exec(compile('"'"''"'"''"'"'
2022-12-27T11:07:33.0978730Z   # This is <pip-setuptools-caller> -- a caller that pip uses to run setup.py
2022-12-27T11:07:33.0979510Z   #
2022-12-27T11:07:33.0980680Z   # - It imports setuptools before invoking setup.py, to enable projects that directly
2022-12-27T11:07:33.0981600Z   #   import from `distutils.core` to work with newer packaging standards.
2022-12-27T11:07:33.0985020Z   # - It provides a clear error message when setuptools is not installed.
2022-12-27T11:07:33.0986210Z   # - It sets `sys.argv[0]` to the underlying `setup.py`, when invoking `setup.py` so
2022-12-27T11:07:33.0987390Z   #   setuptools doesn'"'"'t think the script is `-c`. This avoids the following warning:
2022-12-27T11:07:33.0988330Z   #     manifest_maker: standard file '"'"'-c'"'"' not found".
2022-12-27T11:07:33.0989220Z   # - It generates a shim setup.py, for handling setup.cfg-only projects.
2022-12-27T11:07:33.0989710Z   import os, sys, tokenize
2022-12-27T11:07:33.0989970Z   
2022-12-27T11:07:33.0990230Z   try:
2022-12-27T11:07:33.0990560Z       import setuptools
2022-12-27T11:07:33.0990860Z   except ImportError as error:
2022-12-27T11:07:33.0991130Z       print(
2022-12-27T11:07:33.0991710Z           "ERROR: Can not execute `setup.py` since setuptools is not available in "
2022-12-27T11:07:33.0992070Z           "the build environment.",
2022-12-27T11:07:33.0992420Z           file=sys.stderr,
2022-12-27T11:07:33.0993330Z       )
2022-12-27T11:07:33.0993570Z       sys.exit(1)
2022-12-27T11:07:33.0993880Z   
2022-12-27T11:07:33.0994190Z   __file__ = %r
2022-12-27T11:07:33.0994440Z   sys.argv[0] = __file__
2022-12-27T11:07:33.0994770Z   
2022-12-27T11:07:33.0995090Z   if os.path.exists(__file__):
2022-12-27T11:07:33.0995450Z       filename = __file__
2022-12-27T11:07:33.0995890Z   Building wheel for lxml (setup.py): finished with status 'error'
2022-12-27T11:07:33.0996370Z       with tokenize.open(__file__) as f:
2022-12-27T11:07:33.0996760Z           setup_py_code = f.read()
2022-12-27T11:07:33.0997030Z   else:
2022-12-27T11:07:33.0997440Z       filename = "<auto-generated setuptools caller>"
2022-12-27T11:07:33.0998270Z       setup_py_code = "from setuptools import setup; setup()"
2022-12-27T11:07:33.0998730Z   
2022-12-27T11:07:33.0999130Z   exec(compile(setup_py_code, filename, "exec"))
2022-12-27T11:07:33.1001060Z   '"'"''"'"''"'"' % ('"'"'/Users/runner/actions-runner/_work/python.build/python.build/build_lxml212311/lxml-2.1.2/setup.py'"'"',), "<pip-setuptools-caller>", "exec"))' bdist_wheel -d /private/var/folders/51/hd414ycd67n82196sw51xqtc0000gn/T/pip-wheel-4sxis_an
2022-12-27T11:07:33.1002680Z   cwd: /Users/runner/actions-runner/_work/python.build/python.build/build_lxml212311/lxml-2.1.2/
2022-12-27T11:07:33.1003430Z   ERROR: Failed building wheel for lxml
2022-12-27T11:07:33.1004120Z   Running command python setup.py clean
2022-12-27T11:07:33.1004840Z   Running setup.py clean for lxml
2022-12-27T11:07:33.4957820Z   Building lxml version 2.1.2.
2022-12-27T11:07:33.4960570Z   Building with Cython 0.29.32.
2022-12-27T11:07:33.5260070Z   Using build configuration of libxslt 1.1.29
2022-12-27T11:07:33.7229700Z   Building against libxml2/libxslt in the following directory: /Library/Developer/CommandLineTools/SDKs/MacOSX12.1.sdk/usr/lib
2022-12-27T11:07:33.7453200Z   running clean
2022-12-27T11:07:33.7495540Z   removing 'build/temp.macosx-11.0-arm64-cpython-311' (and everything under it)
2022-12-27T11:07:33.7499910Z   removing 'build/lib.macosx-11.0-arm64-cpython-311' (and everything under it)
2022-12-27T11:07:33.7534660Z   'build/bdist.macosx-11.0-arm64' does not exist -- can't clean it
2022-12-27T11:07:33.7535600Z   'build/scripts-3.11' does not exist -- can't clean it
2022-12-27T11:07:33.7536870Z   removing 'build'
2022-12-27T11:07:33.8326840Z Failed to build lxml
2022-12-27T11:07:33.8333140Z ERROR: Failed to build one or more wheels
2022-12-27T11:07:33.8352240Z Exception information:
2022-12-27T11:07:33.8352700Z Traceback (most recent call last):
2022-12-27T11:07:33.8363960Z   File "/private/var/folders/51/hd414ycd67n82196sw51xqtc0000gn/T/cibw-run-lxeet8zo/cp311-macosx_arm64/build/venv/lib/python3.11/site-packages/pip/_internal/cli/base_command.py", line 160, in exc_logging_wrapper
2022-12-27T11:07:33.8364530Z     status = run_func(*args)
2022-12-27T11:07:33.8364860Z              ^^^^^^^^^^^^^^^
2022-12-27T11:07:33.8365590Z   File "/private/var/folders/51/hd414ycd67n82196sw51xqtc0000gn/T/cibw-run-lxeet8zo/cp311-macosx_arm64/build/venv/lib/python3.11/site-packages/pip/_internal/cli/req_command.py", line 247, in wrapper
2022-12-27T11:07:33.8366830Z     return func(self, options, args)
2022-12-27T11:07:33.8367140Z            ^^^^^^^^^^^^^^^^^^^^^^^^^
2022-12-27T11:07:33.8367870Z   File "/private/var/folders/51/hd414ycd67n82196sw51xqtc0000gn/T/cibw-run-lxeet8zo/cp311-macosx_arm64/build/venv/lib/python3.11/site-packages/pip/_internal/commands/wheel.py", line 201, in run
2022-12-27T11:07:33.8368340Z     raise CommandError("Failed to build one or more wheels")
2022-12-27T11:07:33.8368750Z pip._internal.exceptions.CommandError: Failed to build one or more wheels
2022-12-27T11:07:33.8369390Z Removed build tracker: '/private/var/folders/51/hd414ycd67n82196sw51xqtc0000gn/T/pip-build-tracker-ibzpvudi'
2022-12-27T11:07:33.9285740Z ##[error]Command ['python', '-m', 'pip', 'wheel', '/Users/runner/actions-runner/_work/python.build/python.build/build_lxml212311/lxml-2.1.2', '--wheel-dir=/private/var/folders/51/hd414ycd67n82196sw51xqtc0000gn/T/cibw-run-lxeet8zo/cp311-macosx_arm64/built_wheel', '--no-deps', '-vvv'] failed with code 1. None
2022-12-27T11:07:33.9295710Z ##[endgroup]
2022-12-27T11:07:33.9295960Z 
2022-12-27T11:07:33.9296470Z                                                               [31mâœ• [0m3.65s
2022-12-27T11:07:34.0246540Z ##[error]Process completed with exit code 1.
2022-12-27T11:07:34.0306820Z ##[group]Run rm -rf build_lxml212311 wheelsout
2022-12-27T11:07:34.0307190Z [36;1mrm -rf build_lxml212311 wheelsout[0m
2022-12-27T11:07:34.0335650Z shell: /bin/bash -e {0}
2022-12-27T11:07:34.0335910Z env:
2022-12-27T11:07:34.0336270Z   pythonLocation: /Users/runner/hostedtoolcache/Python/3.11.1/x64
2022-12-27T11:07:34.0336650Z   PKG_CONFIG_PATH: /Users/runner/hostedtoolcache/Python/3.11.1/x64/lib/pkgconfig
2022-12-27T11:07:34.0337090Z   Python_ROOT_DIR: /Users/runner/hostedtoolcache/Python/3.11.1/x64
2022-12-27T11:07:34.0337510Z   Python2_ROOT_DIR: /Users/runner/hostedtoolcache/Python/3.11.1/x64
2022-12-27T11:07:34.0337950Z   Python3_ROOT_DIR: /Users/runner/hostedtoolcache/Python/3.11.1/x64
2022-12-27T11:07:34.0338220Z ##[endgroup]
2022-12-27T11:07:34.1397580Z Cleaning up orphan processes
