2022-12-27T01:55:05.6724276Z Requested labels: self-hosted, macOS, X64
2022-12-27T01:55:05.6724340Z Job defined at: kilnbuild/python.build/.github/workflows/mac_arm_build.yml@refs/heads/main
2022-12-27T01:55:05.6724368Z Waiting for a runner to pick up this job...
2022-12-27T02:25:12.2037711Z Job is about to start running on the runner: kr2 (organization)
2022-12-27T02:25:17.1768170Z Current runner version: '2.300.2'
2022-12-27T02:25:17.1775470Z Runner name: 'kr2'
2022-12-27T02:25:17.1775850Z Runner group name: 'Default'
2022-12-27T02:25:17.1776620Z Machine name: 'kr2'
2022-12-27T02:25:17.1779180Z ##[group]GITHUB_TOKEN Permissions
2022-12-27T02:25:17.1779830Z Actions: write
2022-12-27T02:25:17.1780070Z Checks: write
2022-12-27T02:25:17.1780300Z Contents: write
2022-12-27T02:25:17.1780540Z Deployments: write
2022-12-27T02:25:17.1780790Z Discussions: write
2022-12-27T02:25:17.1781030Z Issues: write
2022-12-27T02:25:17.1781260Z Metadata: read
2022-12-27T02:25:17.1781480Z Packages: write
2022-12-27T02:25:17.1781730Z Pages: write
2022-12-27T02:25:17.1781970Z PullRequests: write
2022-12-27T02:25:17.1782260Z RepositoryProjects: write
2022-12-27T02:25:17.1782540Z SecurityEvents: write
2022-12-27T02:25:17.1782800Z Statuses: write
2022-12-27T02:25:17.1783030Z ##[endgroup]
2022-12-27T02:25:17.1786520Z Secret source: Actions
2022-12-27T02:25:17.1787000Z Prepare workflow directory
2022-12-27T02:25:17.2865350Z Prepare all required actions
2022-12-27T02:25:17.3067590Z Getting action download info
2022-12-27T02:25:17.7587920Z Download action repository 'actions/setup-python@v4' (SHA:5ccb29d8773c3f3f653e1705f474dfaa8a06a912)
2022-12-27T02:25:19.7981490Z Download action repository 'actions/upload-artifact@v3' (SHA:83fd05a356d7e2593de66fc9913b3002723633cb)
2022-12-27T02:25:21.5146550Z ##[group]Run echo '{
2022-12-27T02:25:21.5146940Z [36;1mecho '{[0m
2022-12-27T02:25:21.5147260Z [36;1m  "environment_variables": "GRPC_PYTHON_BUILD_WITH_CYTHON=1 GRPC_BUILD_WITH_BORING_SSL_ASM='' GRPC_PYTHON_BUILD_SYSTEM_OPENSSL=TRUE",[0m
2022-12-27T02:25:21.5147660Z [36;1m  "package_name": "grpcio",[0m
2022-12-27T02:25:21.5148060Z [36;1m  "package_url": "https://files.pythonhosted.org/packages/b2/c5/9314dfc474d734563b07b93da8c3b7f6c46165227cb9fae9c98b0b6c9062/grpcio-1.0.4.tar.gz",[0m
2022-12-27T02:25:21.5148440Z [36;1m  "package_version": "1.0.4",[0m
2022-12-27T02:25:21.5148700Z [36;1m  "python_version": "3.8",[0m
2022-12-27T02:25:21.5149080Z [36;1m  "use_ccache": "true"[0m
2022-12-27T02:25:21.5149300Z [36;1m}'[0m
2022-12-27T02:25:21.5175850Z shell: /bin/bash -e {0}
2022-12-27T02:25:21.5176160Z ##[endgroup]
2022-12-27T02:25:21.5591970Z {
2022-12-27T02:25:21.5595180Z   "environment_variables": "GRPC_PYTHON_BUILD_WITH_CYTHON=1 GRPC_BUILD_WITH_BORING_SSL_ASM= GRPC_PYTHON_BUILD_SYSTEM_OPENSSL=TRUE",
2022-12-27T02:25:21.5595660Z   "package_name": "grpcio",
2022-12-27T02:25:21.5596810Z   "package_url": "https://files.pythonhosted.org/packages/b2/c5/9314dfc474d734563b07b93da8c3b7f6c46165227cb9fae9c98b0b6c9062/grpcio-1.0.4.tar.gz",
2022-12-27T02:25:21.5597420Z   "package_version": "1.0.4",
2022-12-27T02:25:21.5597690Z   "python_version": "3.8",
2022-12-27T02:25:21.5598030Z   "use_ccache": "true"
2022-12-27T02:25:21.5598340Z }
2022-12-27T02:25:21.5959900Z ##[group]Run actions/setup-python@v4
2022-12-27T02:25:21.5960350Z with:
2022-12-27T02:25:21.5960760Z   python-version: 3.8
2022-12-27T02:25:21.5961030Z   check-latest: false
2022-12-27T02:25:21.5961640Z   token: ***
2022-12-27T02:25:21.5961960Z   update-environment: true
2022-12-27T02:25:21.5962220Z ##[endgroup]
2022-12-27T02:25:21.8133630Z ##[group]Installed versions
2022-12-27T02:25:21.8181350Z Successfully set up CPython (3.8.15)
2022-12-27T02:25:21.8182620Z ##[endgroup]
2022-12-27T02:25:21.8403520Z ##[group]Run if [ "true" == "true" ]
2022-12-27T02:25:21.8403970Z [36;1mif [ "true" == "true" ][0m
2022-12-27T02:25:21.8404420Z [36;1mthen[0m
2022-12-27T02:25:21.8404740Z [36;1m  echo "CCACHE_PATH_PREPEND=/usr/local/opt/ccache/libexec" >> $GITHUB_OUTPUT[0m
2022-12-27T02:25:21.8405290Z [36;1melse[0m
2022-12-27T02:25:21.8405660Z [36;1m  echo "CCACHE_PATH_PREPEND=" >> $GITHUB_OUTPUT[0m
2022-12-27T02:25:21.8406080Z [36;1mfi[0m
2022-12-27T02:25:21.8434090Z shell: /bin/bash -e {0}
2022-12-27T02:25:21.8434420Z env:
2022-12-27T02:25:21.8434810Z   pythonLocation: /Users/runner/hostedtoolcache/Python/3.8.15/x64
2022-12-27T02:25:21.8435300Z   PKG_CONFIG_PATH: /Users/runner/hostedtoolcache/Python/3.8.15/x64/lib/pkgconfig
2022-12-27T02:25:21.8436250Z   Python_ROOT_DIR: /Users/runner/hostedtoolcache/Python/3.8.15/x64
2022-12-27T02:25:21.8436700Z   Python2_ROOT_DIR: /Users/runner/hostedtoolcache/Python/3.8.15/x64
2022-12-27T02:25:21.8437160Z   Python3_ROOT_DIR: /Users/runner/hostedtoolcache/Python/3.8.15/x64
2022-12-27T02:25:21.8437630Z ##[endgroup]
2022-12-27T02:25:21.8745500Z ##[group]Run echo "BUILD_NAME=$(echo grpcio_1.0.4_3.8 | tr -dc '[:alnum:]\n\r' | tr '[:upper:]' '[:lower:]')" >> $GITHUB_OUTPUT
2022-12-27T02:25:21.8746530Z [36;1mecho "BUILD_NAME=$(echo grpcio_1.0.4_3.8 | tr -dc '[:alnum:]\n\r' | tr '[:upper:]' '[:lower:]')" >> $GITHUB_OUTPUT[0m
2022-12-27T02:25:21.8791600Z shell: /bin/bash -e {0}
2022-12-27T02:25:21.8791790Z env:
2022-12-27T02:25:21.8792150Z   pythonLocation: /Users/runner/hostedtoolcache/Python/3.8.15/x64
2022-12-27T02:25:21.8792480Z   PKG_CONFIG_PATH: /Users/runner/hostedtoolcache/Python/3.8.15/x64/lib/pkgconfig
2022-12-27T02:25:21.8792790Z   Python_ROOT_DIR: /Users/runner/hostedtoolcache/Python/3.8.15/x64
2022-12-27T02:25:21.8793220Z   Python2_ROOT_DIR: /Users/runner/hostedtoolcache/Python/3.8.15/x64
2022-12-27T02:25:21.8793530Z   Python3_ROOT_DIR: /Users/runner/hostedtoolcache/Python/3.8.15/x64
2022-12-27T02:25:21.8793790Z ##[endgroup]
2022-12-27T02:25:21.9061750Z ##[group]Run echo "PYTHON_NO_DOTS=$(echo 3.8 | tr -dc '[:alnum:]\n\r' | tr '[:upper:]' '[:lower:]')" >> $GITHUB_OUTPUT
2022-12-27T02:25:21.9062290Z [36;1mecho "PYTHON_NO_DOTS=$(echo 3.8 | tr -dc '[:alnum:]\n\r' | tr '[:upper:]' '[:lower:]')" >> $GITHUB_OUTPUT[0m
2022-12-27T02:25:21.9088530Z shell: /bin/bash -e {0}
2022-12-27T02:25:21.9089000Z env:
2022-12-27T02:25:21.9089330Z   pythonLocation: /Users/runner/hostedtoolcache/Python/3.8.15/x64
2022-12-27T02:25:21.9090740Z   PKG_CONFIG_PATH: /Users/runner/hostedtoolcache/Python/3.8.15/x64/lib/pkgconfig
2022-12-27T02:25:21.9091190Z   Python_ROOT_DIR: /Users/runner/hostedtoolcache/Python/3.8.15/x64
2022-12-27T02:25:21.9091610Z   Python2_ROOT_DIR: /Users/runner/hostedtoolcache/Python/3.8.15/x64
2022-12-27T02:25:21.9092160Z   Python3_ROOT_DIR: /Users/runner/hostedtoolcache/Python/3.8.15/x64
2022-12-27T02:25:21.9092450Z ##[endgroup]
2022-12-27T02:25:21.9317380Z ##[group]Run rm -rf build_grpcio10438
2022-12-27T02:25:21.9317990Z [36;1mrm -rf build_grpcio10438[0m
2022-12-27T02:25:21.9318420Z [36;1mmkdir build_grpcio10438[0m
2022-12-27T02:25:21.9318800Z [36;1mcd build_grpcio10438[0m
2022-12-27T02:25:21.9319260Z [36;1m/usr/local/bin/wget --quiet https://files.pythonhosted.org/packages/b2/c5/9314dfc474d734563b07b93da8c3b7f6c46165227cb9fae9c98b0b6c9062/grpcio-1.0.4.tar.gz[0m
2022-12-27T02:25:21.9319760Z [36;1mtar xf *.tar.gz[0m
2022-12-27T02:25:21.9320160Z [36;1mcd grpcio-*/[0m
2022-12-27T02:25:21.9320450Z [36;1mpython -m pip install cibuildwheel==2.11.3[0m
2022-12-27T02:25:21.9320860Z [36;1mpython -m cibuildwheel --output-dir ../wheelsout[0m
2022-12-27T02:25:21.9347330Z shell: /bin/bash -e {0}
2022-12-27T02:25:21.9347740Z env:
2022-12-27T02:25:21.9348100Z   pythonLocation: /Users/runner/hostedtoolcache/Python/3.8.15/x64
2022-12-27T02:25:21.9348610Z   PKG_CONFIG_PATH: /Users/runner/hostedtoolcache/Python/3.8.15/x64/lib/pkgconfig
2022-12-27T02:25:21.9349130Z   Python_ROOT_DIR: /Users/runner/hostedtoolcache/Python/3.8.15/x64
2022-12-27T02:25:21.9349640Z   Python2_ROOT_DIR: /Users/runner/hostedtoolcache/Python/3.8.15/x64
2022-12-27T02:25:21.9350070Z   Python3_ROOT_DIR: /Users/runner/hostedtoolcache/Python/3.8.15/x64
2022-12-27T02:25:21.9350380Z   CIBW_ARCHS_MACOS: arm64
2022-12-27T02:25:21.9350700Z   CIBW_TEST_SKIP: *_arm64
2022-12-27T02:25:21.9351130Z   CIBW_BUILD: cp38-macosx_arm64
2022-12-27T02:25:21.9351400Z   CIBW_BUILD_FRONTEND: pip
2022-12-27T02:25:21.9351730Z   CIBW_BUILD_VERBOSITY: 3
2022-12-27T02:25:21.9352390Z   CIBW_ENVIRONMENT_MACOS: GRPC_PYTHON_BUILD_WITH_CYTHON=1 GRPC_BUILD_WITH_BORING_SSL_ASM='' GRPC_PYTHON_BUILD_SYSTEM_OPENSSL=TRUE CFLAGS="-I/usr/local/opt/openssl@3/include" LDFLAGS="-L/usr/local/opt/openssl@3/lib" CPPFLAGS="-I/usr/local/opt/openssl@3/include" MAKEFLAGS="-j$(sysctl -n hw.logicalcpu)" PATH=/usr/local/opt/ccache/libexec:$PATH
2022-12-27T02:25:21.9353660Z   CIBW_BEFORE_BUILD: pip install Cython; if [[ -f requirements.txt ]]; then pip install -r requirements.txt; fi
2022-12-27T02:25:21.9354110Z   MAKEFLAGS: -j$(sysctl -n hw.logicalcpu)
2022-12-27T02:25:21.9354440Z ##[endgroup]
2022-12-27T02:25:23.2620070Z Requirement already satisfied: cibuildwheel==2.11.3 in /Users/runner/hostedtoolcache/Python/3.8.15/x64/lib/python3.8/site-packages (2.11.3)
2022-12-27T02:25:23.3167870Z Requirement already satisfied: bracex in /Users/runner/hostedtoolcache/Python/3.8.15/x64/lib/python3.8/site-packages (from cibuildwheel==2.11.3) (2.3.post1)
2022-12-27T02:25:23.3172730Z Requirement already satisfied: filelock in /Users/runner/hostedtoolcache/Python/3.8.15/x64/lib/python3.8/site-packages (from cibuildwheel==2.11.3) (3.8.2)
2022-12-27T02:25:23.3185720Z Requirement already satisfied: typing-extensions>=4.1.0 in /Users/runner/hostedtoolcache/Python/3.8.15/x64/lib/python3.8/site-packages (from cibuildwheel==2.11.3) (4.4.0)
2022-12-27T02:25:23.3191500Z Requirement already satisfied: platformdirs in /Users/runner/hostedtoolcache/Python/3.8.15/x64/lib/python3.8/site-packages (from cibuildwheel==2.11.3) (2.6.0)
2022-12-27T02:25:23.3203140Z Requirement already satisfied: tomli in /Users/runner/hostedtoolcache/Python/3.8.15/x64/lib/python3.8/site-packages (from cibuildwheel==2.11.3) (2.0.1)
2022-12-27T02:25:23.3207590Z Requirement already satisfied: certifi in /Users/runner/hostedtoolcache/Python/3.8.15/x64/lib/python3.8/site-packages (from cibuildwheel==2.11.3) (2022.12.7)
2022-12-27T02:25:23.3215860Z Requirement already satisfied: packaging>=20.9 in /Users/runner/hostedtoolcache/Python/3.8.15/x64/lib/python3.8/site-packages (from cibuildwheel==2.11.3) (22.0)
2022-12-27T02:25:23.3223340Z Requirement already satisfied: bashlex!=0.13 in /Users/runner/hostedtoolcache/Python/3.8.15/x64/lib/python3.8/site-packages (from cibuildwheel==2.11.3) (0.16)
2022-12-27T02:25:23.6191440Z 
2022-12-27T02:25:23.6193060Z      _ _       _ _   _       _           _
2022-12-27T02:25:23.6197740Z  ___|_| |_ _ _|_| |_| |_ _ _| |_ ___ ___| |
2022-12-27T02:25:23.6200350Z |  _| | . | | | | | . | | | |   | -_| -_| |
2022-12-27T02:25:23.6201060Z |___|_|___|___|_|_|___|_____|_|_|___|___|_|
2022-12-27T02:25:23.6201450Z 
2022-12-27T02:25:23.6201780Z cibuildwheel version 2.11.3
2022-12-27T02:25:23.6202230Z 
2022-12-27T02:25:23.6202710Z Build options:
2022-12-27T02:25:23.6203250Z   platform: macos
2022-12-27T02:25:23.6478840Z   architectures: arm64[0m
2022-12-27T02:25:23.6479550Z   build_selector: 
2022-12-27T02:25:23.6480650Z     build_config: cp38-macosx_arm64
2022-12-27T02:25:23.6481720Z     skip_config: 
2022-12-27T02:25:23.6482550Z     requires_python: None
2022-12-27T02:25:23.6485210Z     prerelease_pythons: False[0m
2022-12-27T02:25:23.6485740Z   [38;5;244mcontainer_engine: docker[0m
2022-12-27T02:25:23.6486340Z   output_dir: /Users/runner/actions-runner/_work/python.build/python.build/build_grpcio10438/wheelsout[0m
2022-12-27T02:25:23.6487060Z   package_dir: /Users/runner/actions-runner/_work/python.build/python.build/build_grpcio10438/grpcio-1.0.4[0m
2022-12-27T02:25:23.6487860Z   test_selector: 
2022-12-27T02:25:23.6488230Z     skip_config: *_arm64[0m
2022-12-27T02:25:23.6488640Z   [38;5;244mbefore_all: [0m
2022-12-27T02:25:23.6489210Z   before_build: pip install Cython; if [[ -f requirements.txt ]]; then pip install -r requirements.txt; fi[0m
2022-12-27T02:25:23.6489730Z   [38;5;244mbefore_test: [0m
2022-12-27T02:25:23.6490260Z   [38;5;244mbuild_frontend: pip[0m
2022-12-27T02:25:23.6490670Z   build_verbosity: 3[0m
2022-12-27T02:25:23.6491020Z   [38;5;244mconfig_settings: [0m
2022-12-27T02:25:23.6491730Z   [38;5;244mdependency_constraints: pinned[0m
2022-12-27T02:25:23.6492630Z   environment: 
2022-12-27T02:25:23.6493180Z     GRPC_PYTHON_BUILD_WITH_CYTHON=1
2022-12-27T02:25:23.6493970Z     GRPC_BUILD_WITH_BORING_SSL_ASM=''
2022-12-27T02:25:23.6494670Z     GRPC_PYTHON_BUILD_SYSTEM_OPENSSL=TRUE
2022-12-27T02:25:23.6496380Z     CFLAGS="-I/usr/local/opt/openssl@3/include"
2022-12-27T02:25:23.6497420Z     LDFLAGS="-L/usr/local/opt/openssl@3/lib"
2022-12-27T02:25:23.6498320Z     CPPFLAGS="-I/usr/local/opt/openssl@3/include"
2022-12-27T02:25:23.6499200Z     MAKEFLAGS="-j$(sysctl -n hw.logicalcpu)"
2022-12-27T02:25:23.6499980Z     PATH=/usr/local/opt/ccache/libexec:$PATH[0m
2022-12-27T02:25:23.6500830Z   [38;5;244mmanylinux_images: None[0m
2022-12-27T02:25:23.6501770Z   [38;5;244mmusllinux_images: None[0m
2022-12-27T02:25:23.6502710Z   [38;5;244mrepair_command: delocate-wheel --require-archs {delocate_archs} -w {dest_dir} -v {wheel}[0m
2022-12-27T02:25:23.6503640Z   [38;5;244mtest_command: [0m
2022-12-27T02:25:23.6504400Z   [38;5;244mtest_extras: [0m
2022-12-27T02:25:23.6505030Z   [38;5;244mtest_requires: [0m
2022-12-27T02:25:23.6505550Z 
2022-12-27T02:25:23.6505920Z Cache folder: /Users/runner/Library/Caches/cibuildwheel
2022-12-27T02:25:23.6517070Z 
2022-12-27T02:25:23.6517900Z Here we go!
2022-12-27T02:25:23.6518290Z 
2022-12-27T02:25:23.6623500Z 
2022-12-27T02:25:23.6624980Z [1m[34mBuilding cp38-macosx_arm64 wheel[0m
2022-12-27T02:25:23.6626020Z CPython 3.8 macOS arm64 - Apple Silicon
2022-12-27T02:25:23.6626840Z 
2022-12-27T02:25:23.6628770Z ##[group]Installing Python cp38...
2022-12-27T02:25:23.6629110Z 
2022-12-27T02:25:23.6629710Z + pkgutil --pkgs
2022-12-27T02:25:23.6829930Z ##[endgroup]
2022-12-27T02:25:23.6832530Z                                                               [32mâœ“ [0m0.02s
2022-12-27T02:25:23.6833740Z ##[group]Setting up build environment...
2022-12-27T02:25:23.6834170Z 
2022-12-27T02:25:23.6864090Z + /Users/runner/hostedtoolcache/Python/3.8.15/x64/bin/python -sS /Users/runner/Library/Caches/cibuildwheel/virtualenv-20.17.0.pyz --activators= --no-periodic-update --pip=22.3.1 --setuptools=65.6.3 --wheel=0.38.4 --symlink-app-data --python /Library/Frameworks/Python.framework/Versions/3.8/bin/python3 /private/var/folders/51/hd414ycd67n82196sw51xqtc0000gn/T/cibw-run-vibb0kmn/cp38-macosx_arm64/build/venv
2022-12-27T02:25:23.9810910Z created virtual environment CPython3.8.10.final.0-64 in 74ms
2022-12-27T02:25:23.9812560Z   creator CPython3Posix(dest=/private/var/folders/51/hd414ycd67n82196sw51xqtc0000gn/T/cibw-run-vibb0kmn/cp38-macosx_arm64/build/venv, clear=False, no_vcs_ignore=False, global=False)
2022-12-27T02:25:23.9813300Z   seeder FromAppData(download=False, pip=22.3.1, setuptools=65.6.3, wheel=0.38.4, via=symlink, app_data_dir=/Users/runner/Library/Application Support/virtualenv)
2022-12-27T02:25:23.9813870Z     added seed packages: pip==22.3.1, setuptools==65.6.3, wheel==0.38.4
2022-12-27T02:25:24.0028510Z + python -m pip install --upgrade pip -c /Users/runner/hostedtoolcache/Python/3.8.15/x64/lib/python3.8/site-packages/cibuildwheel/resources/constraints-python38.txt
2022-12-27T02:25:24.5198720Z Requirement already satisfied: pip in ./lib/python3.8/site-packages (22.3.1)
2022-12-27T02:25:24.7960360Z + which pip
2022-12-27T02:25:24.7996560Z /private/var/folders/51/hd414ycd67n82196sw51xqtc0000gn/T/cibw-run-vibb0kmn/cp38-macosx_arm64/build/venv/bin/pip
2022-12-27T02:25:24.7998630Z + pip --version
2022-12-27T02:25:25.1822710Z pip 22.3.1 from /private/var/folders/51/hd414ycd67n82196sw51xqtc0000gn/T/cibw-run-vibb0kmn/cp38-macosx_arm64/build/venv/lib/python3.8/site-packages/pip (python 3.8)
2022-12-27T02:25:25.2303660Z + which pip
2022-12-27T02:25:25.2355650Z + which python
2022-12-27T02:25:25.2391290Z /private/var/folders/51/hd414ycd67n82196sw51xqtc0000gn/T/cibw-run-vibb0kmn/cp38-macosx_arm64/build/venv/bin/python
2022-12-27T02:25:25.2396290Z + python --version
2022-12-27T02:25:25.2485400Z Python 3.8.10
2022-12-27T02:25:25.2491350Z + which python
2022-12-27T02:25:25.2602590Z ##[endgroup]
2022-12-27T02:25:25.2604010Z                                                               [32mâœ“ [0m1.58s
2022-12-27T02:25:25.2605850Z ##[group]Installing build tools...
2022-12-27T02:25:25.2606270Z 
2022-12-27T02:25:25.2607310Z + pip install --upgrade setuptools wheel delocate -c /Users/runner/hostedtoolcache/Python/3.8.15/x64/lib/python3.8/site-packages/cibuildwheel/resources/constraints-python38.txt
2022-12-27T02:25:25.7909350Z Requirement already satisfied: setuptools in /private/var/folders/51/hd414ycd67n82196sw51xqtc0000gn/T/cibw-run-vibb0kmn/cp38-macosx_arm64/build/venv/lib/python3.8/site-packages (65.6.3)
2022-12-27T02:25:26.2051510Z Requirement already satisfied: wheel in /private/var/folders/51/hd414ycd67n82196sw51xqtc0000gn/T/cibw-run-vibb0kmn/cp38-macosx_arm64/build/venv/lib/python3.8/site-packages (0.38.4)
2022-12-27T02:25:26.2999610Z Collecting delocate
2022-12-27T02:25:26.3048530Z   Using cached delocate-0.10.3-py3-none-any.whl (142 kB)
2022-12-27T02:25:26.3516440Z Collecting typing-extensions
2022-12-27T02:25:26.3560990Z   Using cached typing_extensions-4.4.0-py3-none-any.whl (26 kB)
2022-12-27T02:25:26.4043520Z Collecting packaging>=20.9
2022-12-27T02:25:26.4103850Z   Using cached packaging-21.3-py3-none-any.whl (40 kB)
2022-12-27T02:25:26.4739660Z Collecting pyparsing!=3.0.5,>=2.0.2
2022-12-27T02:25:26.4794420Z   Using cached pyparsing-3.0.9-py3-none-any.whl (98 kB)
2022-12-27T02:25:26.5464530Z Installing collected packages: typing-extensions, pyparsing, packaging, delocate
2022-12-27T02:25:26.7621540Z Successfully installed delocate-0.10.3 packaging-21.3 pyparsing-3.0.9 typing-extensions-4.4.0
2022-12-27T02:25:26.8667710Z ##[endgroup]
2022-12-27T02:25:26.8669070Z                                                               [32mâœ“ [0m1.61s
2022-12-27T02:25:26.8670550Z ##[group]Running before_build...
2022-12-27T02:25:26.8671050Z 
2022-12-27T02:25:26.8678760Z + pip install Cython; if [[ -f requirements.txt ]]; then pip install -r requirements.txt; fi
2022-12-27T02:25:28.0440520Z Collecting Cython
2022-12-27T02:25:28.0524460Z   Using cached Cython-0.29.32-py2.py3-none-any.whl (986 kB)
2022-12-27T02:25:28.1367610Z Installing collected packages: Cython
2022-12-27T02:25:28.8779880Z Successfully installed Cython-0.29.32
2022-12-27T02:25:30.2433900Z Collecting coverage>=4.0
2022-12-27T02:25:30.2492700Z   Using cached coverage-7.0.1-cp38-cp38-macosx_10_9_x86_64.whl (187 kB)
2022-12-27T02:25:30.2559340Z Requirement already satisfied: cython>=0.23 in /private/var/folders/51/hd414ycd67n82196sw51xqtc0000gn/T/cibw-run-vibb0kmn/cp38-macosx_arm64/build/venv/lib/python3.8/site-packages (from -r requirements.txt (line 3)) (0.29.32)
2022-12-27T02:25:30.2815590Z Collecting enum34>=1.0.4
2022-12-27T02:25:30.2857640Z   Using cached enum34-1.1.10-py3-none-any.whl (11 kB)
2022-12-27T02:25:30.3133810Z Collecting futures>=2.2.0
2022-12-27T02:25:30.3136940Z   Using cached futures-3.0.5-py3-none-any.whl
2022-12-27T02:25:30.8399020Z Collecting protobuf>=3.0.0
2022-12-27T02:25:30.8470960Z   Using cached protobuf-4.21.12-cp37-abi3-macosx_10_9_universal2.whl (486 kB)
2022-12-27T02:25:30.8896330Z Collecting six>=1.10
2022-12-27T02:25:30.8942240Z   Using cached six-1.16.0-py2.py3-none-any.whl (11 kB)
2022-12-27T02:25:30.8971960Z Requirement already satisfied: wheel>=0.29 in /private/var/folders/51/hd414ycd67n82196sw51xqtc0000gn/T/cibw-run-vibb0kmn/cp38-macosx_arm64/build/venv/lib/python3.8/site-packages (from -r requirements.txt (line 8)) (0.38.4)
2022-12-27T02:25:30.9681770Z Installing collected packages: futures, enum34, six, protobuf, coverage
2022-12-27T02:25:31.4198950Z Successfully installed coverage-7.0.1 enum34-1.1.10 futures-3.0.5 protobuf-4.21.12 six-1.16.0
2022-12-27T02:25:31.5515120Z ##[endgroup]
2022-12-27T02:25:31.5515870Z                                                               [32mâœ“ [0m4.68s
2022-12-27T02:25:31.5516460Z ##[group]Building wheel...
2022-12-27T02:25:31.5516810Z 
2022-12-27T02:25:31.5524840Z + python -m pip wheel /Users/runner/actions-runner/_work/python.build/python.build/build_grpcio10438/grpcio-1.0.4 --wheel-dir=/private/var/folders/51/hd414ycd67n82196sw51xqtc0000gn/T/cibw-run-vibb0kmn/cp38-macosx_arm64/built_wheel --no-deps -vvv
2022-12-27T02:25:32.0083600Z Created temporary directory: /private/var/folders/51/hd414ycd67n82196sw51xqtc0000gn/T/pip-ephem-wheel-cache-5rkvtqwa
2022-12-27T02:25:32.0092660Z Created temporary directory: /private/var/folders/51/hd414ycd67n82196sw51xqtc0000gn/T/pip-build-tracker-eml70usa
2022-12-27T02:25:32.0096220Z Initialized build tracking at /private/var/folders/51/hd414ycd67n82196sw51xqtc0000gn/T/pip-build-tracker-eml70usa
2022-12-27T02:25:32.0097680Z Created build tracker: /private/var/folders/51/hd414ycd67n82196sw51xqtc0000gn/T/pip-build-tracker-eml70usa
2022-12-27T02:25:32.0100310Z Entered build tracker: /private/var/folders/51/hd414ycd67n82196sw51xqtc0000gn/T/pip-build-tracker-eml70usa
2022-12-27T02:25:32.0106530Z Created temporary directory: /private/var/folders/51/hd414ycd67n82196sw51xqtc0000gn/T/pip-wheel-dtb0nxrv
2022-12-27T02:25:32.0119090Z Created temporary directory: /private/var/folders/51/hd414ycd67n82196sw51xqtc0000gn/T/pip-ephem-wheel-cache-6hh_r2pa
2022-12-27T02:25:32.0264990Z Processing /Users/runner/actions-runner/_work/python.build/python.build/build_grpcio10438/grpcio-1.0.4
2022-12-27T02:25:32.0275040Z   Added file:///Users/runner/actions-runner/_work/python.build/python.build/build_grpcio10438/grpcio-1.0.4 to build tracker '/private/var/folders/51/hd414ycd67n82196sw51xqtc0000gn/T/pip-build-tracker-eml70usa'
2022-12-27T02:25:32.0279460Z   Running setup.py (path:/Users/runner/actions-runner/_work/python.build/python.build/build_grpcio10438/grpcio-1.0.4/setup.py) egg_info for package from file:///Users/runner/actions-runner/_work/python.build/python.build/build_grpcio10438/grpcio-1.0.4
2022-12-27T02:25:32.0284890Z   Created temporary directory: /private/var/folders/51/hd414ycd67n82196sw51xqtc0000gn/T/pip-pip-egg-info-_75xaww0
2022-12-27T02:25:32.0287920Z   Preparing metadata (setup.py): started
2022-12-27T02:25:32.0290910Z   Running command python setup.py egg_info
2022-12-27T02:25:34.6242870Z   Compiling src/python/grpcio/grpc/_cython/cygrpc.pyx because it depends on /private/var/folders/51/hd414ycd67n82196sw51xqtc0000gn/T/cibw-run-vibb0kmn/cp38-macosx_arm64/build/venv/lib/python3.8/site-packages/Cython/Includes/libc/time.pxd.
2022-12-27T02:25:34.6246150Z   [1/1] Cythonizing src/python/grpcio/grpc/_cython/cygrpc.pyx
2022-12-27T02:25:54.4774770Z   running egg_info
2022-12-27T02:25:54.4785590Z   creating /private/var/folders/51/hd414ycd67n82196sw51xqtc0000gn/T/pip-pip-egg-info-_75xaww0/grpcio.egg-info
2022-12-27T02:25:54.4977830Z   writing /private/var/folders/51/hd414ycd67n82196sw51xqtc0000gn/T/pip-pip-egg-info-_75xaww0/grpcio.egg-info/PKG-INFO
2022-12-27T02:25:54.4983210Z   writing dependency_links to /private/var/folders/51/hd414ycd67n82196sw51xqtc0000gn/T/pip-pip-egg-info-_75xaww0/grpcio.egg-info/dependency_links.txt
2022-12-27T02:25:54.4986150Z   writing requirements to /private/var/folders/51/hd414ycd67n82196sw51xqtc0000gn/T/pip-pip-egg-info-_75xaww0/grpcio.egg-info/requires.txt
2022-12-27T02:25:54.4989190Z   writing top-level names to /private/var/folders/51/hd414ycd67n82196sw51xqtc0000gn/T/pip-pip-egg-info-_75xaww0/grpcio.egg-info/top_level.txt
2022-12-27T02:25:54.4992020Z   writing manifest file '/private/var/folders/51/hd414ycd67n82196sw51xqtc0000gn/T/pip-pip-egg-info-_75xaww0/grpcio.egg-info/SOURCES.txt'
2022-12-27T02:25:54.5515130Z   reading manifest file '/private/var/folders/51/hd414ycd67n82196sw51xqtc0000gn/T/pip-pip-egg-info-_75xaww0/grpcio.egg-info/SOURCES.txt'
2022-12-27T02:25:54.5518980Z   reading manifest template 'PYTHON-MANIFEST.in'
2022-12-27T02:25:54.5578140Z   /private/var/folders/51/hd414ycd67n82196sw51xqtc0000gn/T/cibw-run-vibb0kmn/cp38-macosx_arm64/build/venv/lib/python3.8/site-packages/Cython/Compiler/Main.py:369: FutureWarning: Cython directive 'language_level' not set, using 2 for now (Py2). This will change in a later release! File: /Users/runner/actions-runner/_work/python.build/python.build/build_grpcio10438/grpcio-1.0.4/src/python/grpcio/grpc/_cython/cygrpc.pxd
2022-12-27T02:25:54.5580490Z     tree = Parsing.p_module(s, pxd, full_module_name)
2022-12-27T02:25:54.5586670Z   warning: src/python/grpcio/grpc/_cython/_cygrpc/grpc.pxi:141:13: 'GRPC_ARG_PRIMARY_USER_AGENT_STRING' redeclared
2022-12-27T02:25:54.5589760Z   /private/var/folders/51/hd414ycd67n82196sw51xqtc0000gn/T/cibw-run-vibb0kmn/cp38-macosx_arm64/build/venv/lib/python3.8/site-packages/setuptools/installer.py:27: SetuptoolsDeprecationWarning: setuptools.installer is deprecated. Requirements should be satisfied by a PEP 517 installer.
2022-12-27T02:25:54.5591530Z     warnings.warn(
2022-12-27T02:25:54.5593530Z   warning: no files found matching '*.h' under directory 'src/python/grpcio/grpc'
2022-12-27T02:25:54.5713850Z   warning: no files found matching '*.python' under directory 'src/python/grpcio/grpc'
2022-12-27T02:25:54.5746590Z   warning: no previously-included files matching '*.so' found under directory 'src/python/grpcio/grpc/_cython'
2022-12-27T02:25:54.5752200Z   warning: no previously-included files matching '*.pyd' found under directory 'src/python/grpcio/grpc/_cython'
2022-12-27T02:25:54.6557590Z   warning: no files found matching 'src/python/grpcio/precompiled.py'
2022-12-27T02:25:54.7044020Z   writing manifest file '/private/var/folders/51/hd414ycd67n82196sw51xqtc0000gn/T/pip-pip-egg-info-_75xaww0/grpcio.egg-info/SOURCES.txt'
2022-12-27T02:25:54.8302750Z   Preparing metadata (setup.py): finished with status 'done'
2022-12-27T02:25:54.8341270Z   Source in /Users/runner/actions-runner/_work/python.build/python.build/build_grpcio10438/grpcio-1.0.4 has version 1.0.4, which satisfies requirement grpcio==1.0.4 from file:///Users/runner/actions-runner/_work/python.build/python.build/build_grpcio10438/grpcio-1.0.4
2022-12-27T02:25:54.8343430Z   Removed grpcio==1.0.4 from file:///Users/runner/actions-runner/_work/python.build/python.build/build_grpcio10438/grpcio-1.0.4 from build tracker '/private/var/folders/51/hd414ycd67n82196sw51xqtc0000gn/T/pip-build-tracker-eml70usa'
2022-12-27T02:25:54.8563360Z Created temporary directory: /private/var/folders/51/hd414ycd67n82196sw51xqtc0000gn/T/pip-unpack-cezpxc05
2022-12-27T02:25:54.8565140Z Building wheels for collected packages: grpcio
2022-12-27T02:25:54.8574340Z   Created temporary directory: /private/var/folders/51/hd414ycd67n82196sw51xqtc0000gn/T/pip-wheel-hjrm_m_d
2022-12-27T02:25:54.8576440Z   Building wheel for grpcio (setup.py): started
2022-12-27T02:25:54.8581420Z   Destination directory: /private/var/folders/51/hd414ycd67n82196sw51xqtc0000gn/T/pip-wheel-hjrm_m_d
2022-12-27T02:25:54.8582550Z   Running command python setup.py bdist_wheel
2022-12-27T02:25:55.6766210Z   /private/var/folders/51/hd414ycd67n82196sw51xqtc0000gn/T/cibw-run-vibb0kmn/cp38-macosx_arm64/build/venv/lib/python3.8/site-packages/setuptools/installer.py:27: SetuptoolsDeprecationWarning: setuptools.installer is deprecated. Requirements should be satisfied by a PEP 517 installer.
2022-12-27T02:25:55.6767740Z     warnings.warn(
2022-12-27T02:25:56.7675340Z   Traceback (most recent call last):
2022-12-27T02:25:56.7827680Z     File "<string>", line 2, in <module>
2022-12-27T02:25:56.7828530Z     File "<pip-setuptools-caller>", line 34, in <module>
2022-12-27T02:25:56.7829290Z     File "/Users/runner/actions-runner/_work/python.build/python.build/build_grpcio10438/grpcio-1.0.4/setup.py", line 259, in <module>
2022-12-27T02:25:56.7829800Z       setuptools.setup(
2022-12-27T02:25:56.7830440Z     File "/private/var/folders/51/hd414ycd67n82196sw51xqtc0000gn/T/cibw-run-vibb0kmn/cp38-macosx_arm64/build/venv/lib/python3.8/site-packages/setuptools/__init__.py", line 86, in setup
2022-12-27T02:25:56.7830860Z       _install_setup_requires(attrs)
2022-12-27T02:25:56.7831500Z     File "/private/var/folders/51/hd414ycd67n82196sw51xqtc0000gn/T/cibw-run-vibb0kmn/cp38-macosx_arm64/build/venv/lib/python3.8/site-packages/setuptools/__init__.py", line 80, in _install_setup_requires
2022-12-27T02:25:56.7831940Z       dist.fetch_build_eggs(dist.setup_requires)
2022-12-27T02:25:56.7832570Z     File "/private/var/folders/51/hd414ycd67n82196sw51xqtc0000gn/T/cibw-run-vibb0kmn/cp38-macosx_arm64/build/venv/lib/python3.8/site-packages/setuptools/dist.py", line 874, in fetch_build_eggs
2022-12-27T02:25:56.7833000Z       resolved_dists = pkg_resources.working_set.resolve(
2022-12-27T02:25:56.7834400Z     File "/private/var/folders/51/hd414ycd67n82196sw51xqtc0000gn/T/cibw-run-vibb0kmn/cp38-macosx_arm64/build/venv/lib/python3.8/site-packages/pkg_resources/__init__.py", line 789, in resolve
2022-12-27T02:25:56.7834810Z       dist = best[req.key] = env.best_match(
2022-12-27T02:25:56.7835550Z     File "/private/var/folders/51/hd414ycd67n82196sw51xqtc0000gn/T/cibw-run-vibb0kmn/cp38-macosx_arm64/build/venv/lib/python3.8/site-packages/pkg_resources/__init__.py", line 1075, in best_match
2022-12-27T02:25:56.7836070Z       return self.obtain(req, installer)
2022-12-27T02:25:56.7836710Z     File "/private/var/folders/51/hd414ycd67n82196sw51xqtc0000gn/T/cibw-run-vibb0kmn/cp38-macosx_arm64/build/venv/lib/python3.8/site-packages/pkg_resources/__init__.py", line 1087, in obtain
2022-12-27T02:25:56.7837190Z       return installer(requirement)
2022-12-27T02:25:56.7837960Z     File "/private/var/folders/51/hd414ycd67n82196sw51xqtc0000gn/T/cibw-run-vibb0kmn/cp38-macosx_arm64/build/venv/lib/python3.8/site-packages/setuptools/dist.py", line 944, in fetch_build_egg
2022-12-27T02:25:56.7838560Z       return fetch_build_egg(self, req)
2022-12-27T02:25:56.7839510Z     File "/private/var/folders/51/hd414ycd67n82196sw51xqtc0000gn/T/cibw-run-vibb0kmn/cp38-macosx_arm64/build/venv/lib/python3.8/site-packages/setuptools/installer.py", line 87, in fetch_build_egg
2022-12-27T02:25:56.7843100Z       wheel.install_as_egg(dist_location)
2022-12-27T02:25:56.7845230Z     File "/private/var/folders/51/hd414ycd67n82196sw51xqtc0000gn/T/cibw-run-vibb0kmn/cp38-macosx_arm64/build/venv/lib/python3.8/site-packages/setuptools/wheel.py", line 110, in install_as_egg
2022-12-27T02:25:56.7846380Z       self._install_as_egg(destination_eggdir, zf)
2022-12-27T02:25:56.7847970Z     File "/private/var/folders/51/hd414ycd67n82196sw51xqtc0000gn/T/cibw-run-vibb0kmn/cp38-macosx_arm64/build/venv/lib/python3.8/site-packages/setuptools/wheel.py", line 118, in _install_as_egg
2022-12-27T02:25:56.7849160Z       self._convert_metadata(zf, destination_eggdir, dist_info, egg_info)
2022-12-27T02:25:56.7851890Z     File "/private/var/folders/51/hd414ycd67n82196sw51xqtc0000gn/T/cibw-run-vibb0kmn/cp38-macosx_arm64/build/venv/lib/python3.8/site-packages/setuptools/wheel.py", line 162, in _convert_metadata
2022-12-27T02:25:56.7852920Z       os.rename(dist_info, egg_info)
2022-12-27T02:25:56.7855080Z   OSError: [Errno 66] Directory not empty: '/Users/runner/actions-runner/_work/python.build/python.build/build_grpcio10438/grpcio-1.0.4/.eggs/MarkupSafe-2.1.1-py3.8-macosx-11.0-arm64.egg/MarkupSafe-2.1.1.dist-info' -> '/Users/runner/actions-runner/_work/python.build/python.build/build_grpcio10438/grpcio-1.0.4/.eggs/MarkupSafe-2.1.1-py3.8-macosx-11.0-arm64.egg/EGG-INFO'
2022-12-27T02:25:56.8627600Z   error: subprocess-exited-with-error
2022-12-27T02:25:56.8628320Z   
2022-12-27T02:25:56.8629250Z   Ã— python setup.py bdist_wheel did not run successfully.
2022-12-27T02:25:56.8629970Z   â”‚ exit code: 1
2022-12-27T02:25:56.8630680Z   â•°â”€> See above for output.
2022-12-27T02:25:56.8631340Z   
2022-12-27T02:25:56.8631960Z   note: This error originates from a subprocess, and is likely not a problem with pip.
2022-12-27T02:25:56.8644090Z   full command: /private/var/folders/51/hd414ycd67n82196sw51xqtc0000gn/T/cibw-run-vibb0kmn/cp38-macosx_arm64/build/venv/bin/python -u -c '
2022-12-27T02:25:56.8644680Z   exec(compile('"'"''"'"''"'"'
2022-12-27T02:25:56.8646020Z   # This is <pip-setuptools-caller> -- a caller that pip uses to run setup.py
2022-12-27T02:25:56.8647290Z   #
2022-12-27T02:25:56.8649000Z   # - It imports setuptools before invoking setup.py, to enable projects that directly
2022-12-27T02:25:56.8650120Z   #   import from `distutils.core` to work with newer packaging standards.
2022-12-27T02:25:56.8651280Z   # - It provides a clear error message when setuptools is not installed.
2022-12-27T02:25:56.8652670Z   # - It sets `sys.argv[0]` to the underlying `setup.py`, when invoking `setup.py` so
2022-12-27T02:25:56.8654480Z   #   setuptools doesn'"'"'t think the script is `-c`. This avoids the following warning:
2022-12-27T02:25:56.8656350Z   #     manifest_maker: standard file '"'"'-c'"'"' not found".
2022-12-27T02:25:56.8657040Z   # - It generates a shim setup.py, for handling setup.cfg-only projects.
2022-12-27T02:25:56.8657630Z   import os, sys, tokenize
2022-12-27T02:25:56.8658020Z   
2022-12-27T02:25:56.8658240Z   try:
2022-12-27T02:25:56.8658690Z       import setuptools
2022-12-27T02:25:56.8659360Z   except ImportError as error:
2022-12-27T02:25:56.8659700Z       print(
2022-12-27T02:25:56.8660100Z           "ERROR: Can not execute `setup.py` since setuptools is not available in "
2022-12-27T02:25:56.8660530Z           "the build environment.",
2022-12-27T02:25:56.8660840Z           file=sys.stderr,
2022-12-27T02:25:56.8661070Z       )
2022-12-27T02:25:56.8661350Z       sys.exit(1)
2022-12-27T02:25:56.8661610Z   
2022-12-27T02:25:56.8661830Z   __file__ = %r
2022-12-27T02:25:56.8662030Z   sys.argv[0] = __file__
2022-12-27T02:25:56.8662300Z   
2022-12-27T02:25:56.8662490Z   if os.path.exists(__file__):
2022-12-27T02:25:56.8662780Z       filename = __file__
2022-12-27T02:25:56.8663000Z       with tokenize.open(__file__) as f:
2022-12-27T02:25:56.8663220Z           setup_py_code = f.read()
2022-12-27T02:25:56.8664060Z   else:
2022-12-27T02:25:56.8664510Z       filename = "<auto-generated setuptools caller>"
2022-12-27T02:25:56.8664870Z       setup_py_code = "from setuptools import setup; setup()"
2022-12-27T02:25:56.8665150Z   
2022-12-27T02:25:56.8665460Z   exec(compile(setup_py_code, filename, "exec"))
2022-12-27T02:25:56.8666380Z   '"'"''"'"''"'"' % ('"'"'/Users/runner/actions-runner/_work/python.build/python.build/build_grpcio10438/grpcio-1.0.4/setup.py'"'"',), "<pip-setuptools-caller>", "exec"))' bdist_wheel -d /private/var/folders/51/hd414ycd67n82196sw51xqtc0000gn/T/pip-wheel-hjrm_m_d
2022-12-27T02:25:56.8667350Z   cwd: /Users/runner/actions-runner/_work/python.build/python.build/build_grpcio10438/grpcio-1.0.4/
2022-12-27T02:25:56.8667770Z   ERROR: Failed building wheel for grpcio
2022-12-27T02:25:56.8668320Z   Building wheel for grpcio (setup.py): finished with status 'error'
2022-12-27T02:25:56.8668780Z   Running command python setup.py clean
2022-12-27T02:25:56.8669480Z   Running setup.py clean for grpcio
2022-12-27T02:25:57.6308970Z   /private/var/folders/51/hd414ycd67n82196sw51xqtc0000gn/T/cibw-run-vibb0kmn/cp38-macosx_arm64/build/venv/lib/python3.8/site-packages/setuptools/installer.py:27: SetuptoolsDeprecationWarning: setuptools.installer is deprecated. Requirements should be satisfied by a PEP 517 installer.
2022-12-27T02:25:57.6309710Z     warnings.warn(
2022-12-27T02:25:58.7006060Z   Traceback (most recent call last):
2022-12-27T02:25:58.7011430Z     File "<string>", line 2, in <module>
2022-12-27T02:25:58.7016380Z     File "<pip-setuptools-caller>", line 34, in <module>
2022-12-27T02:25:58.7020310Z     File "/Users/runner/actions-runner/_work/python.build/python.build/build_grpcio10438/grpcio-1.0.4/setup.py", line 259, in <module>
2022-12-27T02:25:58.7023540Z       setuptools.setup(
2022-12-27T02:25:58.7027200Z     File "/private/var/folders/51/hd414ycd67n82196sw51xqtc0000gn/T/cibw-run-vibb0kmn/cp38-macosx_arm64/build/venv/lib/python3.8/site-packages/setuptools/__init__.py", line 86, in setup
2022-12-27T02:25:58.7029240Z       _install_setup_requires(attrs)
2022-12-27T02:25:58.7032060Z     File "/private/var/folders/51/hd414ycd67n82196sw51xqtc0000gn/T/cibw-run-vibb0kmn/cp38-macosx_arm64/build/venv/lib/python3.8/site-packages/setuptools/__init__.py", line 80, in _install_setup_requires
2022-12-27T02:25:58.7034080Z       dist.fetch_build_eggs(dist.setup_requires)
2022-12-27T02:25:58.7037170Z     File "/private/var/folders/51/hd414ycd67n82196sw51xqtc0000gn/T/cibw-run-vibb0kmn/cp38-macosx_arm64/build/venv/lib/python3.8/site-packages/setuptools/dist.py", line 874, in fetch_build_eggs
2022-12-27T02:25:58.7039700Z       resolved_dists = pkg_resources.working_set.resolve(
2022-12-27T02:25:58.7043540Z     File "/private/var/folders/51/hd414ycd67n82196sw51xqtc0000gn/T/cibw-run-vibb0kmn/cp38-macosx_arm64/build/venv/lib/python3.8/site-packages/pkg_resources/__init__.py", line 789, in resolve
2022-12-27T02:25:58.7046160Z       dist = best[req.key] = env.best_match(
2022-12-27T02:25:58.7052470Z     File "/private/var/folders/51/hd414ycd67n82196sw51xqtc0000gn/T/cibw-run-vibb0kmn/cp38-macosx_arm64/build/venv/lib/python3.8/site-packages/pkg_resources/__init__.py", line 1075, in best_match
2022-12-27T02:25:58.7056340Z       return self.obtain(req, installer)
2022-12-27T02:25:58.7059460Z     File "/private/var/folders/51/hd414ycd67n82196sw51xqtc0000gn/T/cibw-run-vibb0kmn/cp38-macosx_arm64/build/venv/lib/python3.8/site-packages/pkg_resources/__init__.py", line 1087, in obtain
2022-12-27T02:25:58.7061400Z       return installer(requirement)
2022-12-27T02:25:58.7064340Z     File "/private/var/folders/51/hd414ycd67n82196sw51xqtc0000gn/T/cibw-run-vibb0kmn/cp38-macosx_arm64/build/venv/lib/python3.8/site-packages/setuptools/dist.py", line 944, in fetch_build_egg
2022-12-27T02:25:58.7066300Z       return fetch_build_egg(self, req)
2022-12-27T02:25:58.7069980Z     File "/private/var/folders/51/hd414ycd67n82196sw51xqtc0000gn/T/cibw-run-vibb0kmn/cp38-macosx_arm64/build/venv/lib/python3.8/site-packages/setuptools/installer.py", line 87, in fetch_build_egg
2022-12-27T02:25:58.7071710Z       wheel.install_as_egg(dist_location)
2022-12-27T02:25:58.7074970Z     File "/private/var/folders/51/hd414ycd67n82196sw51xqtc0000gn/T/cibw-run-vibb0kmn/cp38-macosx_arm64/build/venv/lib/python3.8/site-packages/setuptools/wheel.py", line 110, in install_as_egg
2022-12-27T02:25:58.7076840Z       self._install_as_egg(destination_eggdir, zf)
2022-12-27T02:25:58.7080220Z     File "/private/var/folders/51/hd414ycd67n82196sw51xqtc0000gn/T/cibw-run-vibb0kmn/cp38-macosx_arm64/build/venv/lib/python3.8/site-packages/setuptools/wheel.py", line 118, in _install_as_egg
2022-12-27T02:25:58.7082430Z       self._convert_metadata(zf, destination_eggdir, dist_info, egg_info)
2022-12-27T02:25:58.7085640Z     File "/private/var/folders/51/hd414ycd67n82196sw51xqtc0000gn/T/cibw-run-vibb0kmn/cp38-macosx_arm64/build/venv/lib/python3.8/site-packages/setuptools/wheel.py", line 162, in _convert_metadata
2022-12-27T02:25:58.7088570Z       os.rename(dist_info, egg_info)
2022-12-27T02:25:58.7091600Z   OSError: [Errno 66] Directory not empty: '/Users/runner/actions-runner/_work/python.build/python.build/build_grpcio10438/grpcio-1.0.4/.eggs/MarkupSafe-2.1.1-py3.8-macosx-11.0-arm64.egg/MarkupSafe-2.1.1.dist-info' -> '/Users/runner/actions-runner/_work/python.build/python.build/build_grpcio10438/grpcio-1.0.4/.eggs/MarkupSafe-2.1.1-py3.8-macosx-11.0-arm64.egg/EGG-INFO'
2022-12-27T02:25:58.7865580Z   error: subprocess-exited-with-error
2022-12-27T02:25:58.7867100Z   
2022-12-27T02:25:58.7867910Z   Ã— python setup.py clean did not run successfully.
2022-12-27T02:25:58.7868630Z   â”‚ exit code: 1
2022-12-27T02:25:58.7869290Z   â•°â”€> See above for output.
2022-12-27T02:25:58.7869720Z   
2022-12-27T02:25:58.7870470Z   note: This error originates from a subprocess, and is likely not a problem with pip.
2022-12-27T02:25:58.7886200Z   full command: /private/var/folders/51/hd414ycd67n82196sw51xqtc0000gn/T/cibw-run-vibb0kmn/cp38-macosx_arm64/build/venv/bin/python -u -c '
2022-12-27T02:25:58.7887870Z   exec(compile('"'"''"'"''"'"'
2022-12-27T02:25:58.7888980Z   # This is <pip-setuptools-caller> -- a caller that pip uses to run setup.py
2022-12-27T02:25:58.7889720Z   #
2022-12-27T02:25:58.7890690Z   # - It imports setuptools before invoking setup.py, to enable projects that directly
2022-12-27T02:25:58.7891470Z   #   import from `distutils.core` to work with newer packaging standards.
2022-12-27T02:25:58.7892500Z   # - It provides a clear error message when setuptools is not installed.
2022-12-27T02:25:58.7893550Z   # - It sets `sys.argv[0]` to the underlying `setup.py`, when invoking `setup.py` so
2022-12-27T02:25:58.7894570Z   #   setuptools doesn'"'"'t think the script is `-c`. This avoids the following warning:
2022-12-27T02:25:58.7895380Z   #     manifest_maker: standard file '"'"'-c'"'"' not found".
2022-12-27T02:25:58.7897040Z   # - It generates a shim setup.py, for handling setup.cfg-only projects.
2022-12-27T02:25:58.7897750Z   import os, sys, tokenize
2022-12-27T02:25:58.7898080Z   
2022-12-27T02:25:58.7898580Z   try:
2022-12-27T02:25:58.7899090Z       import setuptools
2022-12-27T02:25:58.7899800Z   except ImportError as error:
2022-12-27T02:25:58.7900360Z       print(
2022-12-27T02:25:58.7901100Z           "ERROR: Can not execute `setup.py` since setuptools is not available in "
2022-12-27T02:25:58.7901750Z           "the build environment.",
2022-12-27T02:25:58.7902360Z           file=sys.stderr,
2022-12-27T02:25:58.7902950Z       )
2022-12-27T02:25:58.7903340Z       sys.exit(1)
2022-12-27T02:25:58.7903800Z   
2022-12-27T02:25:58.7904340Z   __file__ = %r
2022-12-27T02:25:58.7904930Z   sys.argv[0] = __file__
2022-12-27T02:25:58.7905390Z   
2022-12-27T02:25:58.7905940Z   if os.path.exists(__file__):
2022-12-27T02:25:58.7906580Z       filename = __file__
2022-12-27T02:25:58.7907130Z       with tokenize.open(__file__) as f:
2022-12-27T02:25:58.7907990Z           setup_py_code = f.read()
2022-12-27T02:25:58.7908590Z   else:
2022-12-27T02:25:58.7909320Z       filename = "<auto-generated setuptools caller>"
2022-12-27T02:25:58.7910130Z       setup_py_code = "from setuptools import setup; setup()"
2022-12-27T02:25:58.7910790Z   
2022-12-27T02:25:58.7911310Z   exec(compile(setup_py_code, filename, "exec"))
2022-12-27T02:25:58.7912530Z   '"'"''"'"''"'"' % ('"'"'/Users/runner/actions-runner/_work/python.build/python.build/build_grpcio10438/grpcio-1.0.4/setup.py'"'"',), "<pip-setuptools-caller>", "exec"))' clean --all
2022-12-27T02:25:58.7913820Z   cwd: /Users/runner/actions-runner/_work/python.build/python.build/build_grpcio10438/grpcio-1.0.4
2022-12-27T02:25:58.7914690Z   ERROR: Failed cleaning build dir for grpcio
2022-12-27T02:25:58.7915300Z ERROR: Failed to build one or more wheels
2022-12-27T02:25:58.7915820Z Failed to build grpcio
2022-12-27T02:25:58.7927610Z Exception information:
2022-12-27T02:25:58.7928010Z Traceback (most recent call last):
2022-12-27T02:25:58.7930590Z   File "/private/var/folders/51/hd414ycd67n82196sw51xqtc0000gn/T/cibw-run-vibb0kmn/cp38-macosx_arm64/build/venv/lib/python3.8/site-packages/pip/_internal/cli/base_command.py", line 160, in exc_logging_wrapper
2022-12-27T02:25:58.7931290Z     status = run_func(*args)
2022-12-27T02:25:58.7932100Z   File "/private/var/folders/51/hd414ycd67n82196sw51xqtc0000gn/T/cibw-run-vibb0kmn/cp38-macosx_arm64/build/venv/lib/python3.8/site-packages/pip/_internal/cli/req_command.py", line 247, in wrapper
2022-12-27T02:25:58.7932620Z     return func(self, options, args)
2022-12-27T02:25:58.7933400Z   File "/private/var/folders/51/hd414ycd67n82196sw51xqtc0000gn/T/cibw-run-vibb0kmn/cp38-macosx_arm64/build/venv/lib/python3.8/site-packages/pip/_internal/commands/wheel.py", line 201, in run
2022-12-27T02:25:58.7933970Z     raise CommandError("Failed to build one or more wheels")
2022-12-27T02:25:58.7934450Z pip._internal.exceptions.CommandError: Failed to build one or more wheels
2022-12-27T02:25:58.7935130Z Removed build tracker: '/private/var/folders/51/hd414ycd67n82196sw51xqtc0000gn/T/pip-build-tracker-eml70usa'
2022-12-27T02:25:58.8735060Z ##[endgroup]
2022-12-27T02:25:58.8736490Z                                                              [31mâœ• [0m27.32s
2022-12-27T02:25:58.9687140Z ##[error]Command ['python', '-m', 'pip', 'wheel', '/Users/runner/actions-runner/_work/python.build/python.build/build_grpcio10438/grpcio-1.0.4', '--wheel-dir=/private/var/folders/51/hd414ycd67n82196sw51xqtc0000gn/T/cibw-run-vibb0kmn/cp38-macosx_arm64/built_wheel', '--no-deps', '-vvv'] failed with code 1. None
2022-12-27T02:25:58.9696040Z 
2022-12-27T02:25:58.9892710Z ##[error]Process completed with exit code 1.
2022-12-27T02:25:58.9946270Z ##[group]Run rm -rf build_grpcio10438 wheelsout
2022-12-27T02:25:58.9946580Z [36;1mrm -rf build_grpcio10438 wheelsout[0m
2022-12-27T02:25:58.9972870Z shell: /bin/bash -e {0}
2022-12-27T02:25:58.9973040Z env:
2022-12-27T02:25:58.9973550Z   pythonLocation: /Users/runner/hostedtoolcache/Python/3.8.15/x64
2022-12-27T02:25:58.9973860Z   PKG_CONFIG_PATH: /Users/runner/hostedtoolcache/Python/3.8.15/x64/lib/pkgconfig
2022-12-27T02:25:58.9974160Z   Python_ROOT_DIR: /Users/runner/hostedtoolcache/Python/3.8.15/x64
2022-12-27T02:25:58.9974460Z   Python2_ROOT_DIR: /Users/runner/hostedtoolcache/Python/3.8.15/x64
2022-12-27T02:25:58.9974750Z   Python3_ROOT_DIR: /Users/runner/hostedtoolcache/Python/3.8.15/x64
2022-12-27T02:25:58.9974980Z ##[endgroup]
2022-12-27T02:25:59.6420060Z Cleaning up orphan processes
