2022-12-27T08:58:30.0578966Z Requested labels: self-hosted, macOS, X64
2022-12-27T08:58:30.0579036Z Job defined at: kilnbuild/python.build/.github/workflows/mac_arm_build.yml@refs/heads/main
2022-12-27T08:58:30.0579061Z Waiting for a runner to pick up this job...
2022-12-27T11:43:17.5915421Z Job is about to start running on the runner: k1 (organization)
2022-12-27T11:43:20.6022160Z Current runner version: '2.300.2'
2022-12-27T11:43:20.6027270Z Runner name: 'k1'
2022-12-27T11:43:20.6027520Z Runner group name: 'Default'
2022-12-27T11:43:20.6027980Z Machine name: 'k1'
2022-12-27T11:43:20.6029470Z ##[group]GITHUB_TOKEN Permissions
2022-12-27T11:43:20.6029880Z Actions: write
2022-12-27T11:43:20.6030020Z Checks: write
2022-12-27T11:43:20.6030150Z Contents: write
2022-12-27T11:43:20.6030290Z Deployments: write
2022-12-27T11:43:20.6030430Z Discussions: write
2022-12-27T11:43:20.6030560Z Issues: write
2022-12-27T11:43:20.6030690Z Metadata: read
2022-12-27T11:43:20.6030820Z Packages: write
2022-12-27T11:43:20.6030960Z Pages: write
2022-12-27T11:43:20.6031090Z PullRequests: write
2022-12-27T11:43:20.6031250Z RepositoryProjects: write
2022-12-27T11:43:20.6031400Z SecurityEvents: write
2022-12-27T11:43:20.6031540Z Statuses: write
2022-12-27T11:43:20.6031670Z ##[endgroup]
2022-12-27T11:43:20.6034500Z Secret source: Actions
2022-12-27T11:43:20.6034960Z Prepare workflow directory
2022-12-27T11:43:20.6706990Z Prepare all required actions
2022-12-27T11:43:20.6826970Z Getting action download info
2022-12-27T11:43:21.1875270Z Download action repository 'actions/setup-python@v4' (SHA:5ccb29d8773c3f3f653e1705f474dfaa8a06a912)
2022-12-27T11:43:23.0698200Z Download action repository 'actions/upload-artifact@v3' (SHA:83fd05a356d7e2593de66fc9913b3002723633cb)
2022-12-27T11:43:24.3864740Z ##[group]Run echo '{
2022-12-27T11:43:24.3865020Z [36;1mecho '{[0m
2022-12-27T11:43:24.3865150Z [36;1m  "package_name": "lxml",[0m
2022-12-27T11:43:24.3865400Z [36;1m  "package_url": "https://files.pythonhosted.org/packages/16/4a/b085a04d6dad79aa5c00c65c9b2bbcb2c6c22e5ac341e7968e0ad2c57e2f/lxml-4.3.0.tar.gz",[0m
2022-12-27T11:43:24.3865620Z [36;1m  "package_version": "4.3.0",[0m
2022-12-27T11:43:24.3865740Z [36;1m  "python_version": "3.10",[0m
2022-12-27T11:43:24.3865860Z [36;1m  "use_ccache": "true"[0m
2022-12-27T11:43:24.3865960Z [36;1m}'[0m
2022-12-27T11:43:24.3881470Z shell: /bin/bash -e {0}
2022-12-27T11:43:24.3881680Z ##[endgroup]
2022-12-27T11:43:24.4092100Z {
2022-12-27T11:43:24.4093410Z   "package_name": "lxml",
2022-12-27T11:43:24.4094040Z   "package_url": "https://files.pythonhosted.org/packages/16/4a/b085a04d6dad79aa5c00c65c9b2bbcb2c6c22e5ac341e7968e0ad2c57e2f/lxml-4.3.0.tar.gz",
2022-12-27T11:43:24.4094380Z   "package_version": "4.3.0",
2022-12-27T11:43:24.4094620Z   "python_version": "3.10",
2022-12-27T11:43:24.4094780Z   "use_ccache": "true"
2022-12-27T11:43:24.4094960Z }
2022-12-27T11:43:24.4301980Z ##[group]Run actions/setup-python@v4
2022-12-27T11:43:24.4302300Z with:
2022-12-27T11:43:24.4302470Z   python-version: 3.10
2022-12-27T11:43:24.4302620Z   check-latest: false
2022-12-27T11:43:24.4302910Z   token: ***
2022-12-27T11:43:24.4303140Z   update-environment: true
2022-12-27T11:43:24.4303320Z ##[endgroup]
2022-12-27T11:43:24.5555590Z ##[group]Installed versions
2022-12-27T11:43:24.5656660Z Successfully set up CPython (3.10.9)
2022-12-27T11:43:24.5657630Z ##[endgroup]
2022-12-27T11:43:24.5814100Z ##[group]Run if [ "true" == "true" ]
2022-12-27T11:43:24.5814440Z [36;1mif [ "true" == "true" ][0m
2022-12-27T11:43:24.5814710Z [36;1mthen[0m
2022-12-27T11:43:24.5814950Z [36;1m  echo "CCACHE_PATH_PREPEND=/usr/local/opt/ccache/libexec" >> $GITHUB_OUTPUT[0m
2022-12-27T11:43:24.5815130Z [36;1melse[0m
2022-12-27T11:43:24.5815320Z [36;1m  echo "CCACHE_PATH_PREPEND=" >> $GITHUB_OUTPUT[0m
2022-12-27T11:43:24.5815520Z [36;1mfi[0m
2022-12-27T11:43:24.5832270Z shell: /bin/bash -e {0}
2022-12-27T11:43:24.5832530Z env:
2022-12-27T11:43:24.5832760Z   pythonLocation: /Users/runner/hostedtoolcache/Python/3.10.9/x64
2022-12-27T11:43:24.5833130Z   PKG_CONFIG_PATH: /Users/runner/hostedtoolcache/Python/3.10.9/x64/lib/pkgconfig
2022-12-27T11:43:24.5833350Z   Python_ROOT_DIR: /Users/runner/hostedtoolcache/Python/3.10.9/x64
2022-12-27T11:43:24.5833590Z   Python2_ROOT_DIR: /Users/runner/hostedtoolcache/Python/3.10.9/x64
2022-12-27T11:43:24.5833890Z   Python3_ROOT_DIR: /Users/runner/hostedtoolcache/Python/3.10.9/x64
2022-12-27T11:43:24.5834480Z ##[endgroup]
2022-12-27T11:43:24.5949350Z ##[group]Run echo "BUILD_NAME=$(echo lxml_4.3.0_3.10 | tr -dc '[:alnum:]\n\r' | tr '[:upper:]' '[:lower:]')" >> $GITHUB_OUTPUT
2022-12-27T11:43:24.5949820Z [36;1mecho "BUILD_NAME=$(echo lxml_4.3.0_3.10 | tr -dc '[:alnum:]\n\r' | tr '[:upper:]' '[:lower:]')" >> $GITHUB_OUTPUT[0m
2022-12-27T11:43:24.5963590Z shell: /bin/bash -e {0}
2022-12-27T11:43:24.5963780Z env:
2022-12-27T11:43:24.5964080Z   pythonLocation: /Users/runner/hostedtoolcache/Python/3.10.9/x64
2022-12-27T11:43:24.6006070Z   PKG_CONFIG_PATH: /Users/runner/hostedtoolcache/Python/3.10.9/x64/lib/pkgconfig
2022-12-27T11:43:24.6006330Z   Python_ROOT_DIR: /Users/runner/hostedtoolcache/Python/3.10.9/x64
2022-12-27T11:43:24.6006510Z   Python2_ROOT_DIR: /Users/runner/hostedtoolcache/Python/3.10.9/x64
2022-12-27T11:43:24.6006710Z   Python3_ROOT_DIR: /Users/runner/hostedtoolcache/Python/3.10.9/x64
2022-12-27T11:43:24.6006910Z ##[endgroup]
2022-12-27T11:43:24.6115810Z ##[group]Run echo "PYTHON_NO_DOTS=$(echo 3.10 | tr -dc '[:alnum:]\n\r' | tr '[:upper:]' '[:lower:]')" >> $GITHUB_OUTPUT
2022-12-27T11:43:24.6116240Z [36;1mecho "PYTHON_NO_DOTS=$(echo 3.10 | tr -dc '[:alnum:]\n\r' | tr '[:upper:]' '[:lower:]')" >> $GITHUB_OUTPUT[0m
2022-12-27T11:43:24.6130110Z shell: /bin/bash -e {0}
2022-12-27T11:43:24.6130300Z env:
2022-12-27T11:43:24.6130520Z   pythonLocation: /Users/runner/hostedtoolcache/Python/3.10.9/x64
2022-12-27T11:43:24.6131180Z   PKG_CONFIG_PATH: /Users/runner/hostedtoolcache/Python/3.10.9/x64/lib/pkgconfig
2022-12-27T11:43:24.6131430Z   Python_ROOT_DIR: /Users/runner/hostedtoolcache/Python/3.10.9/x64
2022-12-27T11:43:24.6131630Z   Python2_ROOT_DIR: /Users/runner/hostedtoolcache/Python/3.10.9/x64
2022-12-27T11:43:24.6131890Z   Python3_ROOT_DIR: /Users/runner/hostedtoolcache/Python/3.10.9/x64
2022-12-27T11:43:24.6132090Z ##[endgroup]
2022-12-27T11:43:24.6245770Z ##[group]Run rm -rf build_lxml430310
2022-12-27T11:43:24.6246150Z [36;1mrm -rf build_lxml430310[0m
2022-12-27T11:43:24.6246310Z [36;1mmkdir build_lxml430310[0m
2022-12-27T11:43:24.6246510Z [36;1mcd build_lxml430310[0m
2022-12-27T11:43:24.6246830Z [36;1m/usr/local/bin/wget --quiet https://files.pythonhosted.org/packages/16/4a/b085a04d6dad79aa5c00c65c9b2bbcb2c6c22e5ac341e7968e0ad2c57e2f/lxml-4.3.0.tar.gz[0m
2022-12-27T11:43:24.6247120Z [36;1mtar xf *.tar.gz[0m
2022-12-27T11:43:24.6247290Z [36;1mcd *[0m
2022-12-27T11:43:24.6247470Z [36;1mpython -m pip install cibuildwheel==2.11.3[0m
2022-12-27T11:43:24.6247690Z [36;1mpython -m cibuildwheel --output-dir ../wheelsout[0m
2022-12-27T11:43:24.6261350Z shell: /bin/bash -e {0}
2022-12-27T11:43:24.6261500Z env:
2022-12-27T11:43:24.6261710Z   pythonLocation: /Users/runner/hostedtoolcache/Python/3.10.9/x64
2022-12-27T11:43:24.6261960Z   PKG_CONFIG_PATH: /Users/runner/hostedtoolcache/Python/3.10.9/x64/lib/pkgconfig
2022-12-27T11:43:24.6262230Z   Python_ROOT_DIR: /Users/runner/hostedtoolcache/Python/3.10.9/x64
2022-12-27T11:43:24.6262470Z   Python2_ROOT_DIR: /Users/runner/hostedtoolcache/Python/3.10.9/x64
2022-12-27T11:43:24.6262700Z   Python3_ROOT_DIR: /Users/runner/hostedtoolcache/Python/3.10.9/x64
2022-12-27T11:43:24.6262910Z   CIBW_ARCHS_MACOS: arm64
2022-12-27T11:43:24.6263080Z   CIBW_TEST_SKIP: *_arm64
2022-12-27T11:43:24.6263230Z   CIBW_BUILD: cp310-macosx_arm64
2022-12-27T11:43:24.6263440Z   CIBW_BUILD_FRONTEND: pip
2022-12-27T11:43:24.6263610Z   CIBW_BUILD_VERBOSITY: 3
2022-12-27T11:43:24.6263880Z   CIBW_ENVIRONMENT_MACOS:  CFLAGS="-I/usr/local/opt/openssl@3/include" LDFLAGS="-L/usr/local/opt/openssl@3/lib" CPPFLAGS="-I/usr/local/opt/openssl@3/include" MAKEFLAGS="-j$(sysctl -n hw.logicalcpu)" PATH=/usr/local/opt/ccache/libexec:$PATH
2022-12-27T11:43:24.6264240Z   CIBW_BEFORE_BUILD: pip install Cython; if [[ -f requirements.txt ]]; then pip install -r requirements.txt; fi
2022-12-27T11:43:24.6264510Z   MAKEFLAGS: -j$(sysctl -n hw.logicalcpu)
2022-12-27T11:43:24.6264680Z ##[endgroup]
2022-12-27T11:43:25.0383730Z Requirement already satisfied: cibuildwheel==2.11.3 in /Users/runner/hostedtoolcache/Python/3.10.9/x64/lib/python3.10/site-packages (2.11.3)
2022-12-27T11:43:25.0635000Z Requirement already satisfied: filelock in /Users/runner/hostedtoolcache/Python/3.10.9/x64/lib/python3.10/site-packages (from cibuildwheel==2.11.3) (3.8.2)
2022-12-27T11:43:25.0644650Z Requirement already satisfied: typing-extensions>=4.1.0 in /Users/runner/hostedtoolcache/Python/3.10.9/x64/lib/python3.10/site-packages (from cibuildwheel==2.11.3) (4.4.0)
2022-12-27T11:43:25.0647990Z Requirement already satisfied: platformdirs in /Users/runner/hostedtoolcache/Python/3.10.9/x64/lib/python3.10/site-packages (from cibuildwheel==2.11.3) (2.6.0)
2022-12-27T11:43:25.0652830Z Requirement already satisfied: bashlex!=0.13 in /Users/runner/hostedtoolcache/Python/3.10.9/x64/lib/python3.10/site-packages (from cibuildwheel==2.11.3) (0.16)
2022-12-27T11:43:25.0656750Z Requirement already satisfied: bracex in /Users/runner/hostedtoolcache/Python/3.10.9/x64/lib/python3.10/site-packages (from cibuildwheel==2.11.3) (2.3.post1)
2022-12-27T11:43:25.0661330Z Requirement already satisfied: packaging>=20.9 in /Users/runner/hostedtoolcache/Python/3.10.9/x64/lib/python3.10/site-packages (from cibuildwheel==2.11.3) (22.0)
2022-12-27T11:43:25.0667160Z Requirement already satisfied: tomli in /Users/runner/hostedtoolcache/Python/3.10.9/x64/lib/python3.10/site-packages (from cibuildwheel==2.11.3) (2.0.1)
2022-12-27T11:43:25.0672720Z Requirement already satisfied: certifi in /Users/runner/hostedtoolcache/Python/3.10.9/x64/lib/python3.10/site-packages (from cibuildwheel==2.11.3) (2022.12.7)
2022-12-27T11:43:25.2513630Z 
2022-12-27T11:43:25.2513880Z      _ _       _ _   _       _           _
2022-12-27T11:43:25.2514280Z  ___|_| |_ _ _|_| |_| |_ _ _| |_ ___ ___| |
2022-12-27T11:43:25.2514900Z |  _| | . | | | | | . | | | |   | -_| -_| |
2022-12-27T11:43:25.2515760Z |___|_|___|___|_|_|___|_____|_|_|___|___|_|
2022-12-27T11:43:25.2515890Z 
2022-12-27T11:43:25.2515990Z cibuildwheel version 2.11.3
2022-12-27T11:43:25.2516110Z 
2022-12-27T11:43:25.2516170Z Build options:
2022-12-27T11:43:25.2516370Z   platform: macos
2022-12-27T11:43:25.2630460Z   architectures: arm64[0m
2022-12-27T11:43:25.2630980Z   build_selector: 
2022-12-27T11:43:25.2631490Z     build_config: cp310-macosx_arm64
2022-12-27T11:43:25.2632130Z     skip_config: 
2022-12-27T11:43:25.2632620Z     requires_python: None
2022-12-27T11:43:25.2633390Z     prerelease_pythons: False[0m
2022-12-27T11:43:25.2634820Z   [38;5;244mcontainer_engine: docker[0m
2022-12-27T11:43:25.2635390Z   output_dir: /Users/runner/actions-runner/_work/python.build/python.build/build_lxml430310/wheelsout[0m
2022-12-27T11:43:25.2636020Z   package_dir: /Users/runner/actions-runner/_work/python.build/python.build/build_lxml430310/lxml-4.3.0[0m
2022-12-27T11:43:25.2636360Z   test_selector: 
2022-12-27T11:43:25.2636670Z     skip_config: *_arm64[0m
2022-12-27T11:43:25.2637170Z   [38;5;244mbefore_all: [0m
2022-12-27T11:43:25.2637620Z   before_build: pip install Cython; if [[ -f requirements.txt ]]; then pip install -r requirements.txt; fi[0m
2022-12-27T11:43:25.2638010Z   [38;5;244mbefore_test: [0m
2022-12-27T11:43:25.2638390Z   [38;5;244mbuild_frontend: pip[0m
2022-12-27T11:43:25.2638840Z   build_verbosity: 3[0m
2022-12-27T11:43:25.2639320Z   [38;5;244mconfig_settings: [0m
2022-12-27T11:43:25.2639750Z   [38;5;244mdependency_constraints: pinned[0m
2022-12-27T11:43:25.2640040Z   environment: 
2022-12-27T11:43:25.2640420Z     CFLAGS="-I/usr/local/opt/openssl@3/include"
2022-12-27T11:43:25.2640770Z     LDFLAGS="-L/usr/local/opt/openssl@3/lib"
2022-12-27T11:43:25.2641080Z     CPPFLAGS="-I/usr/local/opt/openssl@3/include"
2022-12-27T11:43:25.2641430Z     MAKEFLAGS="-j$(sysctl -n hw.logicalcpu)"
2022-12-27T11:43:25.2641770Z     PATH=/usr/local/opt/ccache/libexec:$PATH[0m
2022-12-27T11:43:25.2642140Z   [38;5;244mmanylinux_images: None[0m
2022-12-27T11:43:25.2642420Z   [38;5;244mmusllinux_images: None[0m
2022-12-27T11:43:25.2642860Z   [38;5;244mrepair_command: delocate-wheel --require-archs {delocate_archs} -w {dest_dir} -v {wheel}[0m
2022-12-27T11:43:25.2643510Z   [38;5;244mtest_command: [0m
2022-12-27T11:43:25.2643760Z   [38;5;244mtest_extras: [0m
2022-12-27T11:43:25.2644100Z   [38;5;244mtest_requires: [0m
2022-12-27T11:43:25.2644240Z 
2022-12-27T11:43:25.2644380Z Cache folder: /Users/runner/Library/Caches/cibuildwheel
2022-12-27T11:43:25.2650700Z 
2022-12-27T11:43:25.2650870Z Here we go!
2022-12-27T11:43:25.2650940Z 
2022-12-27T11:43:25.2773560Z 
2022-12-27T11:43:25.2774200Z [1m[34mBuilding cp310-macosx_arm64 wheel[0m
2022-12-27T11:43:25.2774820Z CPython 3.10 macOS arm64 - Apple Silicon
2022-12-27T11:43:25.2775030Z 
2022-12-27T11:43:25.2777090Z ##[group]Installing Python cp310...
2022-12-27T11:43:25.2777310Z 
2022-12-27T11:43:25.2777510Z + pkgutil --pkgs
2022-12-27T11:43:25.2877040Z ##[endgroup]
2022-12-27T11:43:25.2877810Z                                                               [32mâœ“ [0m0.01s
2022-12-27T11:43:25.2878190Z ##[group]Setting up build environment...
2022-12-27T11:43:25.2878310Z 
2022-12-27T11:43:25.2897170Z + /Users/runner/hostedtoolcache/Python/3.10.9/x64/bin/python -sS /Users/runner/Library/Caches/cibuildwheel/virtualenv-20.17.0.pyz --activators= --no-periodic-update --pip=22.3.1 --setuptools=65.6.3 --wheel=0.38.4 --symlink-app-data --python /Library/Frameworks/Python.framework/Versions/3.10/bin/python3 /private/var/folders/51/hd414ycd67n82196sw51xqtc0000gn/T/cibw-run-362f0nl0/cp310-macosx_arm64/build/venv
2022-12-27T11:43:25.4860000Z created virtual environment CPython3.10.8.final.0-64 in 54ms
2022-12-27T11:43:25.4860750Z   creator CPython3Posix(dest=/private/var/folders/51/hd414ycd67n82196sw51xqtc0000gn/T/cibw-run-362f0nl0/cp310-macosx_arm64/build/venv, clear=False, no_vcs_ignore=False, global=False)
2022-12-27T11:43:25.4861520Z   seeder FromAppData(download=False, pip=22.3.1, setuptools=65.6.3, wheel=0.38.4, via=symlink, app_data_dir=/Users/runner/Library/Application Support/virtualenv)
2022-12-27T11:43:25.4861890Z     added seed packages: pip==22.3.1, setuptools==65.6.3, wheel==0.38.4
2022-12-27T11:43:25.4982540Z + python -m pip install --upgrade pip -c /Users/runner/hostedtoolcache/Python/3.10.9/x64/lib/python3.10/site-packages/cibuildwheel/resources/constraints-python310.txt
2022-12-27T11:43:25.7765550Z Requirement already satisfied: pip in ./lib/python3.10/site-packages (22.3.1)
2022-12-27T11:43:25.9040120Z + which pip
2022-12-27T11:43:25.9058650Z /private/var/folders/51/hd414ycd67n82196sw51xqtc0000gn/T/cibw-run-362f0nl0/cp310-macosx_arm64/build/venv/bin/pip
2022-12-27T11:43:25.9060490Z + pip --version
2022-12-27T11:43:26.1004750Z pip 22.3.1 from /private/var/folders/51/hd414ycd67n82196sw51xqtc0000gn/T/cibw-run-362f0nl0/cp310-macosx_arm64/build/venv/lib/python3.10/site-packages/pip (python 3.10)
2022-12-27T11:43:26.1232300Z + which pip
2022-12-27T11:43:26.1260050Z + which python
2022-12-27T11:43:26.1278820Z /private/var/folders/51/hd414ycd67n82196sw51xqtc0000gn/T/cibw-run-362f0nl0/cp310-macosx_arm64/build/venv/bin/python
2022-12-27T11:43:26.1281060Z + python --version
2022-12-27T11:43:26.1330240Z Python 3.10.8
2022-12-27T11:43:26.1333560Z + which python
2022-12-27T11:43:26.1387840Z ##[endgroup]
2022-12-27T11:43:26.1388490Z                                                               [32mâœ“ [0m0.85s
2022-12-27T11:43:26.1388990Z ##[group]Installing build tools...
2022-12-27T11:43:26.1389170Z 
2022-12-27T11:43:26.1389730Z + pip install --upgrade setuptools wheel delocate -c /Users/runner/hostedtoolcache/Python/3.10.9/x64/lib/python3.10/site-packages/cibuildwheel/resources/constraints-python310.txt
2022-12-27T11:43:26.4079640Z Requirement already satisfied: setuptools in /private/var/folders/51/hd414ycd67n82196sw51xqtc0000gn/T/cibw-run-362f0nl0/cp310-macosx_arm64/build/venv/lib/python3.10/site-packages (65.6.3)
2022-12-27T11:43:26.5976170Z Requirement already satisfied: wheel in /private/var/folders/51/hd414ycd67n82196sw51xqtc0000gn/T/cibw-run-362f0nl0/cp310-macosx_arm64/build/venv/lib/python3.10/site-packages (0.38.4)
2022-12-27T11:43:26.6449620Z Collecting delocate
2022-12-27T11:43:26.6474170Z   Using cached delocate-0.10.3-py3-none-any.whl (142 kB)
2022-12-27T11:43:26.6747220Z Collecting packaging>=20.9
2022-12-27T11:43:26.6764590Z   Using cached packaging-21.3-py3-none-any.whl (40 kB)
2022-12-27T11:43:26.6912250Z Collecting typing-extensions
2022-12-27T11:43:26.6929090Z   Using cached typing_extensions-4.4.0-py3-none-any.whl (26 kB)
2022-12-27T11:43:26.7246900Z Collecting pyparsing!=3.0.5,>=2.0.2
2022-12-27T11:43:26.7263820Z   Using cached pyparsing-3.0.9-py3-none-any.whl (98 kB)
2022-12-27T11:43:26.7579290Z Installing collected packages: typing-extensions, pyparsing, packaging, delocate
2022-12-27T11:43:26.8829320Z Successfully installed delocate-0.10.3 packaging-21.3 pyparsing-3.0.9 typing-extensions-4.4.0
2022-12-27T11:43:26.9276830Z ##[endgroup]
2022-12-27T11:43:26.9277930Z                                                               [32mâœ“ [0m0.79s
2022-12-27T11:43:26.9278740Z ##[group]Running before_build...
2022-12-27T11:43:26.9279020Z 
2022-12-27T11:43:26.9283410Z + pip install Cython; if [[ -f requirements.txt ]]; then pip install -r requirements.txt; fi
2022-12-27T11:43:27.5108150Z Collecting Cython
2022-12-27T11:43:27.5152730Z   Using cached Cython-0.29.32-py2.py3-none-any.whl (986 kB)
2022-12-27T11:43:27.5528830Z Installing collected packages: Cython
2022-12-27T11:43:27.9453620Z Successfully installed Cython-0.29.32
2022-12-27T11:43:28.2610630Z Requirement already satisfied: Cython>=0.29.1 in /private/var/folders/51/hd414ycd67n82196sw51xqtc0000gn/T/cibw-run-362f0nl0/cp310-macosx_arm64/build/venv/lib/python3.10/site-packages (from -r requirements.txt (line 1)) (0.29.32)
2022-12-27T11:43:28.3179670Z ##[endgroup]
2022-12-27T11:43:28.3180400Z                                                               [32mâœ“ [0m1.39s
2022-12-27T11:43:28.3181170Z ##[group]Building wheel...
2022-12-27T11:43:28.3181300Z 
2022-12-27T11:43:28.3186970Z + python -m pip wheel /Users/runner/actions-runner/_work/python.build/python.build/build_lxml430310/lxml-4.3.0 --wheel-dir=/private/var/folders/51/hd414ycd67n82196sw51xqtc0000gn/T/cibw-run-362f0nl0/cp310-macosx_arm64/built_wheel --no-deps -vvv
2022-12-27T11:43:28.5712980Z Created temporary directory: /private/var/folders/51/hd414ycd67n82196sw51xqtc0000gn/T/pip-ephem-wheel-cache-qqx1pl1a
2022-12-27T11:43:28.5718230Z Created temporary directory: /private/var/folders/51/hd414ycd67n82196sw51xqtc0000gn/T/pip-build-tracker-toppakd1
2022-12-27T11:43:28.5720060Z Initialized build tracking at /private/var/folders/51/hd414ycd67n82196sw51xqtc0000gn/T/pip-build-tracker-toppakd1
2022-12-27T11:43:28.5721490Z Created build tracker: /private/var/folders/51/hd414ycd67n82196sw51xqtc0000gn/T/pip-build-tracker-toppakd1
2022-12-27T11:43:28.5722730Z Entered build tracker: /private/var/folders/51/hd414ycd67n82196sw51xqtc0000gn/T/pip-build-tracker-toppakd1
2022-12-27T11:43:28.5726370Z Created temporary directory: /private/var/folders/51/hd414ycd67n82196sw51xqtc0000gn/T/pip-wheel-gkbf8fb4
2022-12-27T11:43:28.5731890Z Created temporary directory: /private/var/folders/51/hd414ycd67n82196sw51xqtc0000gn/T/pip-ephem-wheel-cache-g9ddeum5
2022-12-27T11:43:28.5896320Z Processing /Users/runner/actions-runner/_work/python.build/python.build/build_lxml430310/lxml-4.3.0
2022-12-27T11:43:28.5901330Z   Added file:///Users/runner/actions-runner/_work/python.build/python.build/build_lxml430310/lxml-4.3.0 to build tracker '/private/var/folders/51/hd414ycd67n82196sw51xqtc0000gn/T/pip-build-tracker-toppakd1'
2022-12-27T11:43:28.5905070Z   Running setup.py (path:/Users/runner/actions-runner/_work/python.build/python.build/build_lxml430310/lxml-4.3.0/setup.py) egg_info for package from file:///Users/runner/actions-runner/_work/python.build/python.build/build_lxml430310/lxml-4.3.0
2022-12-27T11:43:28.5908470Z   Created temporary directory: /private/var/folders/51/hd414ycd67n82196sw51xqtc0000gn/T/pip-pip-egg-info-2plw4xgk
2022-12-27T11:43:28.5909490Z   Preparing metadata (setup.py): started
2022-12-27T11:43:28.5911170Z   Running command python setup.py egg_info
2022-12-27T11:43:28.8798670Z   Building lxml version 4.3.0.
2022-12-27T11:43:28.8799650Z   Building without Cython.
2022-12-27T11:43:28.8801680Z   Using build configuration of libxslt 1.1.29
2022-12-27T11:43:28.8803780Z   Building against libxml2/libxslt in the following directory: /Library/Developer/CommandLineTools/SDKs/MacOSX12.1.sdk/usr/lib
2022-12-27T11:43:28.8805060Z   running egg_info
2022-12-27T11:43:28.8807240Z   creating /private/var/folders/51/hd414ycd67n82196sw51xqtc0000gn/T/pip-pip-egg-info-2plw4xgk/lxml.egg-info
2022-12-27T11:43:28.8808360Z   writing /private/var/folders/51/hd414ycd67n82196sw51xqtc0000gn/T/pip-pip-egg-info-2plw4xgk/lxml.egg-info/PKG-INFO
2022-12-27T11:43:28.8810090Z   writing dependency_links to /private/var/folders/51/hd414ycd67n82196sw51xqtc0000gn/T/pip-pip-egg-info-2plw4xgk/lxml.egg-info/dependency_links.txt
2022-12-27T11:43:28.8811780Z   writing requirements to /private/var/folders/51/hd414ycd67n82196sw51xqtc0000gn/T/pip-pip-egg-info-2plw4xgk/lxml.egg-info/requires.txt
2022-12-27T11:43:28.8813310Z   writing top-level names to /private/var/folders/51/hd414ycd67n82196sw51xqtc0000gn/T/pip-pip-egg-info-2plw4xgk/lxml.egg-info/top_level.txt
2022-12-27T11:43:28.8814570Z   writing manifest file '/private/var/folders/51/hd414ycd67n82196sw51xqtc0000gn/T/pip-pip-egg-info-2plw4xgk/lxml.egg-info/SOURCES.txt'
2022-12-27T11:43:28.8903700Z   reading manifest file '/private/var/folders/51/hd414ycd67n82196sw51xqtc0000gn/T/pip-pip-egg-info-2plw4xgk/lxml.egg-info/SOURCES.txt'
2022-12-27T11:43:28.8906480Z   reading manifest template 'MANIFEST.in'
2022-12-27T11:43:28.9330800Z   warning: no files found matching '*.html' under directory 'doc'
2022-12-27T11:43:28.9407710Z   adding license file 'LICENSES.txt'
2022-12-27T11:43:28.9435060Z   writing manifest file '/private/var/folders/51/hd414ycd67n82196sw51xqtc0000gn/T/pip-pip-egg-info-2plw4xgk/lxml.egg-info/SOURCES.txt'
2022-12-27T11:43:28.9700710Z   Preparing metadata (setup.py): finished with status 'done'
2022-12-27T11:43:28.9725610Z   Source in /Users/runner/actions-runner/_work/python.build/python.build/build_lxml430310/lxml-4.3.0 has version 4.3.0, which satisfies requirement lxml==4.3.0 from file:///Users/runner/actions-runner/_work/python.build/python.build/build_lxml430310/lxml-4.3.0
2022-12-27T11:43:28.9728940Z   Removed lxml==4.3.0 from file:///Users/runner/actions-runner/_work/python.build/python.build/build_lxml430310/lxml-4.3.0 from build tracker '/private/var/folders/51/hd414ycd67n82196sw51xqtc0000gn/T/pip-build-tracker-toppakd1'
2022-12-27T11:43:28.9746000Z Created temporary directory: /private/var/folders/51/hd414ycd67n82196sw51xqtc0000gn/T/pip-unpack-z3smov8z
2022-12-27T11:43:28.9748050Z Building wheels for collected packages: lxml
2022-12-27T11:43:28.9755300Z   Created temporary directory: /private/var/folders/51/hd414ycd67n82196sw51xqtc0000gn/T/pip-wheel-5eiy4wsq
2022-12-27T11:43:28.9756800Z   Building wheel for lxml (setup.py): started
2022-12-27T11:43:28.9758770Z   Destination directory: /private/var/folders/51/hd414ycd67n82196sw51xqtc0000gn/T/pip-wheel-5eiy4wsq
2022-12-27T11:43:28.9760030Z   Running command python setup.py bdist_wheel
2022-12-27T11:43:29.1205490Z   Building lxml version 4.3.0.
2022-12-27T11:43:29.1207210Z   Building without Cython.
2022-12-27T11:43:29.1343540Z   Using build configuration of libxslt 1.1.29
2022-12-27T11:43:29.2381070Z   Building against libxml2/libxslt in the following directory: /Library/Developer/CommandLineTools/SDKs/MacOSX12.1.sdk/usr/lib
2022-12-27T11:43:29.2623560Z   running bdist_wheel
2022-12-27T11:43:29.2660960Z   running build
2022-12-27T11:43:29.2662790Z   running build_py
2022-12-27T11:43:29.2682010Z   creating build
2022-12-27T11:43:29.2684390Z   creating build/lib.macosx-11.0-arm64-cpython-310
2022-12-27T11:43:29.2686260Z   creating build/lib.macosx-11.0-arm64-cpython-310/lxml
2022-12-27T11:43:29.2687940Z   copying src/lxml/_elementpath.py -> build/lib.macosx-11.0-arm64-cpython-310/lxml
2022-12-27T11:43:29.2689430Z   copying src/lxml/sax.py -> build/lib.macosx-11.0-arm64-cpython-310/lxml
2022-12-27T11:43:29.2693150Z   copying src/lxml/pyclasslookup.py -> build/lib.macosx-11.0-arm64-cpython-310/lxml
2022-12-27T11:43:29.2695870Z   copying src/lxml/__init__.py -> build/lib.macosx-11.0-arm64-cpython-310/lxml
2022-12-27T11:43:29.2697780Z   copying src/lxml/builder.py -> build/lib.macosx-11.0-arm64-cpython-310/lxml
2022-12-27T11:43:29.2700560Z   copying src/lxml/doctestcompare.py -> build/lib.macosx-11.0-arm64-cpython-310/lxml
2022-12-27T11:43:29.2703100Z   copying src/lxml/usedoctest.py -> build/lib.macosx-11.0-arm64-cpython-310/lxml
2022-12-27T11:43:29.2705880Z   copying src/lxml/cssselect.py -> build/lib.macosx-11.0-arm64-cpython-310/lxml
2022-12-27T11:43:29.2708270Z   copying src/lxml/ElementInclude.py -> build/lib.macosx-11.0-arm64-cpython-310/lxml
2022-12-27T11:43:29.2712850Z   creating build/lib.macosx-11.0-arm64-cpython-310/lxml/includes
2022-12-27T11:43:29.2714390Z   copying src/lxml/includes/__init__.py -> build/lib.macosx-11.0-arm64-cpython-310/lxml/includes
2022-12-27T11:43:29.2720750Z   creating build/lib.macosx-11.0-arm64-cpython-310/lxml/html
2022-12-27T11:43:29.2722190Z   copying src/lxml/html/soupparser.py -> build/lib.macosx-11.0-arm64-cpython-310/lxml/html
2022-12-27T11:43:29.2724640Z   copying src/lxml/html/defs.py -> build/lib.macosx-11.0-arm64-cpython-310/lxml/html
2022-12-27T11:43:29.2728110Z   copying src/lxml/html/_setmixin.py -> build/lib.macosx-11.0-arm64-cpython-310/lxml/html
2022-12-27T11:43:29.2730130Z   copying src/lxml/html/clean.py -> build/lib.macosx-11.0-arm64-cpython-310/lxml/html
2022-12-27T11:43:29.2732940Z   copying src/lxml/html/_diffcommand.py -> build/lib.macosx-11.0-arm64-cpython-310/lxml/html
2022-12-27T11:43:29.2735550Z   copying src/lxml/html/html5parser.py -> build/lib.macosx-11.0-arm64-cpython-310/lxml/html
2022-12-27T11:43:29.2739830Z   copying src/lxml/html/__init__.py -> build/lib.macosx-11.0-arm64-cpython-310/lxml/html
2022-12-27T11:43:29.2742200Z   copying src/lxml/html/formfill.py -> build/lib.macosx-11.0-arm64-cpython-310/lxml/html
2022-12-27T11:43:29.2745500Z   copying src/lxml/html/builder.py -> build/lib.macosx-11.0-arm64-cpython-310/lxml/html
2022-12-27T11:43:29.2747520Z   copying src/lxml/html/ElementSoup.py -> build/lib.macosx-11.0-arm64-cpython-310/lxml/html
2022-12-27T11:43:29.2749830Z   copying src/lxml/html/_html5builder.py -> build/lib.macosx-11.0-arm64-cpython-310/lxml/html
2022-12-27T11:43:29.2752500Z   copying src/lxml/html/usedoctest.py -> build/lib.macosx-11.0-arm64-cpython-310/lxml/html
2022-12-27T11:43:29.2756130Z   copying src/lxml/html/diff.py -> build/lib.macosx-11.0-arm64-cpython-310/lxml/html
2022-12-27T11:43:29.2761190Z   creating build/lib.macosx-11.0-arm64-cpython-310/lxml/isoschematron
2022-12-27T11:43:29.2763130Z   copying src/lxml/isoschematron/__init__.py -> build/lib.macosx-11.0-arm64-cpython-310/lxml/isoschematron
2022-12-27T11:43:29.2787980Z   copying src/lxml/etree.h -> build/lib.macosx-11.0-arm64-cpython-310/lxml
2022-12-27T11:43:29.2791620Z   copying src/lxml/etree_api.h -> build/lib.macosx-11.0-arm64-cpython-310/lxml
2022-12-27T11:43:29.2794740Z   copying src/lxml/lxml.etree.h -> build/lib.macosx-11.0-arm64-cpython-310/lxml
2022-12-27T11:43:29.2798010Z   copying src/lxml/lxml.etree_api.h -> build/lib.macosx-11.0-arm64-cpython-310/lxml
2022-12-27T11:43:29.2801320Z   copying src/lxml/includes/xmlerror.pxd -> build/lib.macosx-11.0-arm64-cpython-310/lxml/includes
2022-12-27T11:43:29.2804800Z   copying src/lxml/includes/c14n.pxd -> build/lib.macosx-11.0-arm64-cpython-310/lxml/includes
2022-12-27T11:43:29.2807930Z   copying src/lxml/includes/xmlschema.pxd -> build/lib.macosx-11.0-arm64-cpython-310/lxml/includes
2022-12-27T11:43:29.2811210Z   copying src/lxml/includes/__init__.pxd -> build/lib.macosx-11.0-arm64-cpython-310/lxml/includes
2022-12-27T11:43:29.2813430Z   copying src/lxml/includes/schematron.pxd -> build/lib.macosx-11.0-arm64-cpython-310/lxml/includes
2022-12-27T11:43:29.2816530Z   copying src/lxml/includes/tree.pxd -> build/lib.macosx-11.0-arm64-cpython-310/lxml/includes
2022-12-27T11:43:29.2819550Z   copying src/lxml/includes/uri.pxd -> build/lib.macosx-11.0-arm64-cpython-310/lxml/includes
2022-12-27T11:43:29.2822780Z   copying src/lxml/includes/etreepublic.pxd -> build/lib.macosx-11.0-arm64-cpython-310/lxml/includes
2022-12-27T11:43:29.2825660Z   copying src/lxml/includes/xpath.pxd -> build/lib.macosx-11.0-arm64-cpython-310/lxml/includes
2022-12-27T11:43:29.2828870Z   copying src/lxml/includes/htmlparser.pxd -> build/lib.macosx-11.0-arm64-cpython-310/lxml/includes
2022-12-27T11:43:29.2831520Z   copying src/lxml/includes/xslt.pxd -> build/lib.macosx-11.0-arm64-cpython-310/lxml/includes
2022-12-27T11:43:29.2834790Z   copying src/lxml/includes/config.pxd -> build/lib.macosx-11.0-arm64-cpython-310/lxml/includes
2022-12-27T11:43:29.2837990Z   copying src/lxml/includes/xmlparser.pxd -> build/lib.macosx-11.0-arm64-cpython-310/lxml/includes
2022-12-27T11:43:29.2840880Z   copying src/lxml/includes/xinclude.pxd -> build/lib.macosx-11.0-arm64-cpython-310/lxml/includes
2022-12-27T11:43:29.2844080Z   copying src/lxml/includes/dtdvalid.pxd -> build/lib.macosx-11.0-arm64-cpython-310/lxml/includes
2022-12-27T11:43:29.2847270Z   copying src/lxml/includes/relaxng.pxd -> build/lib.macosx-11.0-arm64-cpython-310/lxml/includes
2022-12-27T11:43:29.2850020Z   copying src/lxml/includes/lxml-version.h -> build/lib.macosx-11.0-arm64-cpython-310/lxml/includes
2022-12-27T11:43:29.2853220Z   copying src/lxml/includes/etree_defs.h -> build/lib.macosx-11.0-arm64-cpython-310/lxml/includes
2022-12-27T11:43:29.2856580Z   creating build/lib.macosx-11.0-arm64-cpython-310/lxml/isoschematron/resources
2022-12-27T11:43:29.2858050Z   creating build/lib.macosx-11.0-arm64-cpython-310/lxml/isoschematron/resources/rng
2022-12-27T11:43:29.2859450Z   copying src/lxml/isoschematron/resources/rng/iso-schematron.rng -> build/lib.macosx-11.0-arm64-cpython-310/lxml/isoschematron/resources/rng
2022-12-27T11:43:29.2862600Z   creating build/lib.macosx-11.0-arm64-cpython-310/lxml/isoschematron/resources/xsl
2022-12-27T11:43:29.2864210Z   copying src/lxml/isoschematron/resources/xsl/XSD2Schtrn.xsl -> build/lib.macosx-11.0-arm64-cpython-310/lxml/isoschematron/resources/xsl
2022-12-27T11:43:29.2867120Z   copying src/lxml/isoschematron/resources/xsl/RNG2Schtrn.xsl -> build/lib.macosx-11.0-arm64-cpython-310/lxml/isoschematron/resources/xsl
2022-12-27T11:43:29.2870250Z   creating build/lib.macosx-11.0-arm64-cpython-310/lxml/isoschematron/resources/xsl/iso-schematron-xslt1
2022-12-27T11:43:29.2872040Z   copying src/lxml/isoschematron/resources/xsl/iso-schematron-xslt1/iso_abstract_expand.xsl -> build/lib.macosx-11.0-arm64-cpython-310/lxml/isoschematron/resources/xsl/iso-schematron-xslt1
2022-12-27T11:43:29.2874360Z   copying src/lxml/isoschematron/resources/xsl/iso-schematron-xslt1/iso_dsdl_include.xsl -> build/lib.macosx-11.0-arm64-cpython-310/lxml/isoschematron/resources/xsl/iso-schematron-xslt1
2022-12-27T11:43:29.2878360Z   copying src/lxml/isoschematron/resources/xsl/iso-schematron-xslt1/iso_schematron_skeleton_for_xslt1.xsl -> build/lib.macosx-11.0-arm64-cpython-310/lxml/isoschematron/resources/xsl/iso-schematron-xslt1
2022-12-27T11:43:29.2881810Z   copying src/lxml/isoschematron/resources/xsl/iso-schematron-xslt1/iso_svrl_for_xslt1.xsl -> build/lib.macosx-11.0-arm64-cpython-310/lxml/isoschematron/resources/xsl/iso-schematron-xslt1
2022-12-27T11:43:29.2885100Z   copying src/lxml/isoschematron/resources/xsl/iso-schematron-xslt1/iso_schematron_message.xsl -> build/lib.macosx-11.0-arm64-cpython-310/lxml/isoschematron/resources/xsl/iso-schematron-xslt1
2022-12-27T11:43:29.2888770Z   copying src/lxml/isoschematron/resources/xsl/iso-schematron-xslt1/readme.txt -> build/lib.macosx-11.0-arm64-cpython-310/lxml/isoschematron/resources/xsl/iso-schematron-xslt1
2022-12-27T11:43:29.2969400Z   running build_ext
2022-12-27T11:43:29.2969980Z   building 'lxml.etree' extension
2022-12-27T11:43:29.2970580Z   creating build/temp.macosx-11.0-arm64-cpython-310
2022-12-27T11:43:29.2971100Z   creating build/temp.macosx-11.0-arm64-cpython-310/src
2022-12-27T11:43:29.2971740Z   creating build/temp.macosx-11.0-arm64-cpython-310/src/lxml
2022-12-27T11:43:29.2973390Z   clang -Wno-unused-result -Wsign-compare -Wunreachable-code -fno-common -dynamic -DNDEBUG -g -fwrapv -O3 -Wall -g -I/usr/local/opt/openssl@3/include -I/usr/local/opt/openssl@3/include -arch arm64 -DCYTHON_CLINE_IN_TRACEBACK=0 -I/Library/Developer/CommandLineTools/SDKs/MacOSX12.1.sdk/usr/include -Isrc -Isrc/lxml/includes -I/private/var/folders/51/hd414ycd67n82196sw51xqtc0000gn/T/cibw-run-362f0nl0/cp310-macosx_arm64/build/venv/include -I/Library/Frameworks/Python.framework/Versions/3.10/include/python3.10 -c src/lxml/etree.c -o build/temp.macosx-11.0-arm64-cpython-310/src/lxml/etree.o -w -flat_namespace
2022-12-27T11:43:30.0402200Z   src/lxml/etree.c:208675:5: error: expression is not assignable
2022-12-27T11:43:30.0402870Z       ++Py_REFCNT(o);
2022-12-27T11:43:30.0404770Z       ^ ~~~~~~~~~~~~
2022-12-27T11:43:30.0406510Z   src/lxml/etree.c:208677:5: error: expression is not assignable
2022-12-27T11:43:30.0407850Z       --Py_REFCNT(o);
2022-12-27T11:43:30.0409030Z       ^ ~~~~~~~~~~~~
2022-12-27T11:43:30.0439180Z   src/lxml/etree.c:209650:5: error: expression is not assignable
2022-12-27T11:43:30.0440500Z       ++Py_REFCNT(o);
2022-12-27T11:43:30.0442190Z       ^ ~~~~~~~~~~~~
2022-12-27T11:43:30.0443790Z   src/lxml/etree.c:209652:5: error: expression is not assignable
2022-12-27T11:43:30.0445500Z       --Py_REFCNT(o);
2022-12-27T11:43:30.0446540Z       ^ ~~~~~~~~~~~~
2022-12-27T11:43:30.0452990Z   src/lxml/etree.c:209961:5: error: expression is not assignable
2022-12-27T11:43:30.0453900Z       ++Py_REFCNT(o);
2022-12-27T11:43:30.0455230Z       ^ ~~~~~~~~~~~~
2022-12-27T11:43:30.0456530Z   src/lxml/etree.c:209963:5: error: expression is not assignable
2022-12-27T11:43:30.0457900Z       --Py_REFCNT(o);
2022-12-27T11:43:30.0458980Z       ^ ~~~~~~~~~~~~
2022-12-27T11:43:30.0513490Z   src/lxml/etree.c:211527:5: error: expression is not assignable
2022-12-27T11:43:30.0515620Z       ++Py_REFCNT(o);
2022-12-27T11:43:30.0516500Z       ^ ~~~~~~~~~~~~
2022-12-27T11:43:30.0517930Z   src/lxml/etree.c:211529:5: error: expression is not assignable
2022-12-27T11:43:30.0519330Z       --Py_REFCNT(o);
2022-12-27T11:43:30.0520370Z       ^ ~~~~~~~~~~~~
2022-12-27T11:43:30.0651020Z   src/lxml/etree.c:215627:5: error: expression is not assignable
2022-12-27T11:43:30.0652640Z       ++Py_REFCNT(o);
2022-12-27T11:43:30.0654220Z       ^ ~~~~~~~~~~~~
2022-12-27T11:43:30.0655930Z   src/lxml/etree.c:215629:5: error: expression is not assignable
2022-12-27T11:43:30.0657220Z       --Py_REFCNT(o);
2022-12-27T11:43:30.0658540Z       ^ ~~~~~~~~~~~~
2022-12-27T11:43:30.0663890Z   src/lxml/etree.c:215870:5: error: expression is not assignable
2022-12-27T11:43:30.0664820Z       ++Py_REFCNT(o);
2022-12-27T11:43:30.0666170Z       ^ ~~~~~~~~~~~~
2022-12-27T11:43:30.0667440Z   src/lxml/etree.c:215872:5: error: expression is not assignable
2022-12-27T11:43:30.0668790Z       --Py_REFCNT(o);
2022-12-27T11:43:30.0669980Z       ^ ~~~~~~~~~~~~
2022-12-27T11:43:30.0744620Z   src/lxml/etree.c:217668:5: error: expression is not assignable
2022-12-27T11:43:30.0746230Z       ++Py_REFCNT(o);
2022-12-27T11:43:30.0747790Z       ^ ~~~~~~~~~~~~
2022-12-27T11:43:30.0749570Z   src/lxml/etree.c:217670:5: error: expression is not assignable
2022-12-27T11:43:30.0751220Z       --Py_REFCNT(o);
2022-12-27T11:43:30.0752710Z       ^ ~~~~~~~~~~~~
2022-12-27T11:43:30.0841830Z   src/lxml/etree.c:219780:5: error: expression is not assignable
2022-12-27T11:43:30.0843370Z       ++Py_REFCNT(o);
2022-12-27T11:43:30.0844900Z       ^ ~~~~~~~~~~~~
2022-12-27T11:43:30.0846500Z   src/lxml/etree.c:219782:5: error: expression is not assignable
2022-12-27T11:43:30.0847890Z       --Py_REFCNT(o);
2022-12-27T11:43:30.0848970Z       ^ ~~~~~~~~~~~~
2022-12-27T11:43:30.0855090Z   src/lxml/etree.c:220084:5: error: expression is not assignable
2022-12-27T11:43:30.0856110Z       ++Py_REFCNT(o);
2022-12-27T11:43:30.0857540Z       ^ ~~~~~~~~~~~~
2022-12-27T11:43:30.0859060Z   src/lxml/etree.c:220086:5: error: expression is not assignable
2022-12-27T11:43:30.0860180Z       --Py_REFCNT(o);
2022-12-27T11:43:30.0861380Z       ^ ~~~~~~~~~~~~
2022-12-27T11:43:30.0870950Z   src/lxml/etree.c:220639:5: error: expression is not assignable
2022-12-27T11:43:30.0872240Z       ++Py_REFCNT(o);
2022-12-27T11:43:30.0873410Z       ^ ~~~~~~~~~~~~
2022-12-27T11:43:30.0874800Z   fatal error: too many errors emitted, stopping now [-ferror-limit=]
2022-12-27T11:43:30.2516080Z   20 errors generated.
2022-12-27T11:43:30.2563120Z   Compile failed: command '/usr/bin/clang' failed with exit code 1
2022-12-27T11:43:30.3303100Z   creating var
2022-12-27T11:43:30.3304770Z   creating var/folders
2022-12-27T11:43:30.3306390Z   creating var/folders/51
2022-12-27T11:43:30.3307780Z   creating var/folders/51/hd414ycd67n82196sw51xqtc0000gn
2022-12-27T11:43:30.3309170Z   creating var/folders/51/hd414ycd67n82196sw51xqtc0000gn/T
2022-12-27T11:43:30.3311700Z   cc -arch arm64 -I/Library/Developer/CommandLineTools/SDKs/MacOSX12.1.sdk/usr/include -I/usr/include/libxml2 -c /var/folders/51/hd414ycd67n82196sw51xqtc0000gn/T/xmlXPathInit4qxdfbz4.c -o var/folders/51/hd414ycd67n82196sw51xqtc0000gn/T/xmlXPathInit4qxdfbz4.o
2022-12-27T11:43:30.3753040Z   cc -arch arm64 var/folders/51/hd414ycd67n82196sw51xqtc0000gn/T/xmlXPathInit4qxdfbz4.o -L/Library/Developer/CommandLineTools/SDKs/MacOSX12.1.sdk/usr/lib -lxml2 -o a.out
2022-12-27T11:43:30.4172870Z   error: command '/usr/bin/clang' failed with exit code 1
2022-12-27T11:43:30.4503040Z   error: subprocess-exited-with-error
2022-12-27T11:43:30.4503430Z   
2022-12-27T11:43:30.4503950Z   Ã— python setup.py bdist_wheel did not run successfully.
2022-12-27T11:43:30.4504300Z   â”‚ exit code: 1
2022-12-27T11:43:30.4504550Z   â•°â”€> See above for output.
2022-12-27T11:43:30.4504790Z   
2022-12-27T11:43:30.4505110Z   note: This error originates from a subprocess, and is likely not a problem with pip.
2022-12-27T11:43:30.4511840Z   full command: /private/var/folders/51/hd414ycd67n82196sw51xqtc0000gn/T/cibw-run-362f0nl0/cp310-macosx_arm64/build/venv/bin/python -u -c '
2022-12-27T11:43:30.4512410Z   exec(compile('"'"''"'"''"'"'
2022-12-27T11:43:30.4513040Z   # This is <pip-setuptools-caller> -- a caller that pip uses to run setup.py
2022-12-27T11:43:30.4513320Z   #
2022-12-27T11:43:30.4513610Z   # - It imports setuptools before invoking setup.py, to enable projects that directly
2022-12-27T11:43:30.4513970Z   #   import from `distutils.core` to work with newer packaging standards.
2022-12-27T11:43:30.4514380Z   # - It provides a clear error message when setuptools is not installed.
2022-12-27T11:43:30.4514800Z   # - It sets `sys.argv[0]` to the underlying `setup.py`, when invoking `setup.py` so
2022-12-27T11:43:30.4515180Z   #   setuptools doesn'"'"'t think the script is `-c`. This avoids the following warning:
2022-12-27T11:43:30.4515550Z   #     manifest_maker: standard file '"'"'-c'"'"' not found".
2022-12-27T11:43:30.4516330Z   # - It generates a shim setup.py, for handling setup.cfg-only projects.
2022-12-27T11:43:30.4516600Z   import os, sys, tokenize
2022-12-27T11:43:30.4516820Z   
2022-12-27T11:43:30.4517010Z   try:
2022-12-27T11:43:30.4517200Z       import setuptools
2022-12-27T11:43:30.4517430Z   except ImportError as error:
2022-12-27T11:43:30.4517740Z       print(
2022-12-27T11:43:30.4518010Z           "ERROR: Can not execute `setup.py` since setuptools is not available in "
2022-12-27T11:43:30.4518320Z           "the build environment.",
2022-12-27T11:43:30.4518500Z           file=sys.stderr,
2022-12-27T11:43:30.4518730Z       )
2022-12-27T11:43:30.4518900Z       sys.exit(1)
2022-12-27T11:43:30.4519120Z   
2022-12-27T11:43:30.4519320Z   __file__ = %r
2022-12-27T11:43:30.4519480Z   sys.argv[0] = __file__
2022-12-27T11:43:30.4519670Z   
2022-12-27T11:43:30.4519880Z   if os.path.exists(__file__):
2022-12-27T11:43:30.4520110Z       filename = __file__
2022-12-27T11:43:30.4520370Z       with tokenize.open(__file__) as f:
2022-12-27T11:43:30.4520620Z           setup_py_code = f.read()
2022-12-27T11:43:30.4520810Z   else:
2022-12-27T11:43:30.4521120Z       filename = "<auto-generated setuptools caller>"
2022-12-27T11:43:30.4521440Z       setup_py_code = "from setuptools import setup; setup()"
2022-12-27T11:43:30.4522130Z   
2022-12-27T11:43:30.4522410Z   exec(compile(setup_py_code, filename, "exec"))
2022-12-27T11:43:30.4523350Z   '"'"''"'"''"'"' % ('"'"'/Users/runner/actions-runner/_work/python.build/python.build/build_lxml430310/lxml-4.3.0/setup.py'"'"',), "<pip-setuptools-caller>", "exec"))' bdist_wheel -d /private/var/folders/51/hd414ycd67n82196sw51xqtc0000gn/T/pip-wheel-5eiy4wsq
2022-12-27T11:43:30.4524020Z   cwd: /Users/runner/actions-runner/_work/python.build/python.build/build_lxml430310/lxml-4.3.0/
2022-12-27T11:43:30.4524310Z   ERROR: Failed building wheel for lxml
2022-12-27T11:43:30.4524690Z   Building wheel for lxml (setup.py): finished with status 'error'
2022-12-27T11:43:30.4524990Z   Running command python setup.py clean
2022-12-27T11:43:30.4525230Z   Running setup.py clean for lxml
2022-12-27T11:43:30.5976460Z   Building lxml version 4.3.0.
2022-12-27T11:43:30.5978280Z   Building without Cython.
2022-12-27T11:43:30.6111640Z   Using build configuration of libxslt 1.1.29
2022-12-27T11:43:30.7163170Z   Building against libxml2/libxslt in the following directory: /Library/Developer/CommandLineTools/SDKs/MacOSX12.1.sdk/usr/lib
2022-12-27T11:43:30.7315960Z   running clean
2022-12-27T11:43:30.7340910Z   removing 'build/temp.macosx-11.0-arm64-cpython-310' (and everything under it)
2022-12-27T11:43:30.7344730Z   removing 'build/lib.macosx-11.0-arm64-cpython-310' (and everything under it)
2022-12-27T11:43:30.7393490Z   'build/bdist.macosx-11.0-arm64' does not exist -- can't clean it
2022-12-27T11:43:30.7395700Z   'build/scripts-3.10' does not exist -- can't clean it
2022-12-27T11:43:30.7397170Z   removing 'build'
2022-12-27T11:43:30.7651160Z Failed to build lxml
2022-12-27T11:43:30.7655110Z ERROR: Failed to build one or more wheels
2022-12-27T11:43:30.7665380Z Exception information:
2022-12-27T11:43:30.7665990Z Traceback (most recent call last):
2022-12-27T11:43:30.7674330Z   File "/private/var/folders/51/hd414ycd67n82196sw51xqtc0000gn/T/cibw-run-362f0nl0/cp310-macosx_arm64/build/venv/lib/python3.10/site-packages/pip/_internal/cli/base_command.py", line 160, in exc_logging_wrapper
2022-12-27T11:43:30.7674850Z     status = run_func(*args)
2022-12-27T11:43:30.7675630Z   File "/private/var/folders/51/hd414ycd67n82196sw51xqtc0000gn/T/cibw-run-362f0nl0/cp310-macosx_arm64/build/venv/lib/python3.10/site-packages/pip/_internal/cli/req_command.py", line 247, in wrapper
2022-12-27T11:43:30.7676110Z     return func(self, options, args)
2022-12-27T11:43:30.7676770Z   File "/private/var/folders/51/hd414ycd67n82196sw51xqtc0000gn/T/cibw-run-362f0nl0/cp310-macosx_arm64/build/venv/lib/python3.10/site-packages/pip/_internal/commands/wheel.py", line 201, in run
2022-12-27T11:43:30.7677180Z     raise CommandError("Failed to build one or more wheels")
2022-12-27T11:43:30.7677460Z pip._internal.exceptions.CommandError: Failed to build one or more wheels
2022-12-27T11:43:30.7678020Z Removed build tracker: '/private/var/folders/51/hd414ycd67n82196sw51xqtc0000gn/T/pip-build-tracker-toppakd1'
2022-12-27T11:43:30.8089690Z ##[endgroup]
2022-12-27T11:43:30.8113790Z ##[error]Command ['python', '-m', 'pip', 'wheel', '/Users/runner/actions-runner/_work/python.build/python.build/build_lxml430310/lxml-4.3.0', '--wheel-dir=/private/var/folders/51/hd414ycd67n82196sw51xqtc0000gn/T/cibw-run-362f0nl0/cp310-macosx_arm64/built_wheel', '--no-deps', '-vvv'] failed with code 1. None
2022-12-27T11:43:30.8120100Z 
2022-12-27T11:43:30.8120360Z                                                               [31mâœ• [0m2.49s
2022-12-27T11:43:30.8551060Z ##[error]Process completed with exit code 1.
2022-12-27T11:43:30.8583650Z ##[group]Run rm -rf build_lxml430310 wheelsout
2022-12-27T11:43:30.8583890Z [36;1mrm -rf build_lxml430310 wheelsout[0m
2022-12-27T11:43:30.8599810Z shell: /bin/bash -e {0}
2022-12-27T11:43:30.8599930Z env:
2022-12-27T11:43:30.8600070Z   pythonLocation: /Users/runner/hostedtoolcache/Python/3.10.9/x64
2022-12-27T11:43:30.8600270Z   PKG_CONFIG_PATH: /Users/runner/hostedtoolcache/Python/3.10.9/x64/lib/pkgconfig
2022-12-27T11:43:30.8600630Z   Python_ROOT_DIR: /Users/runner/hostedtoolcache/Python/3.10.9/x64
2022-12-27T11:43:30.8600810Z   Python2_ROOT_DIR: /Users/runner/hostedtoolcache/Python/3.10.9/x64
2022-12-27T11:43:30.8600980Z   Python3_ROOT_DIR: /Users/runner/hostedtoolcache/Python/3.10.9/x64
2022-12-27T11:43:30.8601120Z ##[endgroup]
2022-12-27T11:43:30.8958650Z Cleaning up orphan processes
