2022-12-27T01:50:53.2066681Z Requested labels: self-hosted, macOS, X64
2022-12-27T01:50:53.2066740Z Job defined at: kilnbuild/python.build/.github/workflows/mac_arm_build.yml@refs/heads/main
2022-12-27T01:50:53.2066770Z Waiting for a runner to pick up this job...
2022-12-27T01:52:18.1928195Z Job is about to start running on the runner: s1 (organization)
2022-12-27T01:52:21.9603230Z Current runner version: '2.300.2'
2022-12-27T01:52:21.9608410Z Runner name: 's1'
2022-12-27T01:52:21.9608660Z Runner group name: 'Default'
2022-12-27T01:52:21.9609120Z Machine name: 's1'
2022-12-27T01:52:21.9610680Z ##[group]GITHUB_TOKEN Permissions
2022-12-27T01:52:21.9611110Z Actions: write
2022-12-27T01:52:21.9611250Z Checks: write
2022-12-27T01:52:21.9611390Z Contents: write
2022-12-27T01:52:21.9611540Z Deployments: write
2022-12-27T01:52:21.9611690Z Discussions: write
2022-12-27T01:52:21.9611830Z Issues: write
2022-12-27T01:52:21.9611950Z Metadata: read
2022-12-27T01:52:21.9612100Z Packages: write
2022-12-27T01:52:21.9612250Z Pages: write
2022-12-27T01:52:21.9612380Z PullRequests: write
2022-12-27T01:52:21.9612560Z RepositoryProjects: write
2022-12-27T01:52:21.9612720Z SecurityEvents: write
2022-12-27T01:52:21.9612860Z Statuses: write
2022-12-27T01:52:21.9613000Z ##[endgroup]
2022-12-27T01:52:21.9616070Z Secret source: Actions
2022-12-27T01:52:21.9616400Z Prepare workflow directory
2022-12-27T01:52:22.0290640Z Prepare all required actions
2022-12-27T01:52:22.0412990Z Getting action download info
2022-12-27T01:52:22.4624540Z Download action repository 'actions/setup-python@v4' (SHA:5ccb29d8773c3f3f653e1705f474dfaa8a06a912)
2022-12-27T01:52:24.0822710Z Download action repository 'actions/upload-artifact@v3' (SHA:83fd05a356d7e2593de66fc9913b3002723633cb)
2022-12-27T01:52:25.3455160Z ##[group]Run echo '{
2022-12-27T01:52:25.3455570Z [36;1mecho '{[0m
2022-12-27T01:52:25.3455820Z [36;1m  "environment_variables": "GRPC_PYTHON_BUILD_WITH_CYTHON=1 GRPC_BUILD_WITH_BORING_SSL_ASM='' GRPC_PYTHON_BUILD_SYSTEM_OPENSSL=TRUE",[0m
2022-12-27T01:52:25.3456070Z [36;1m  "package_name": "grpcio",[0m
2022-12-27T01:52:25.3456320Z [36;1m  "package_url": "https://files.pythonhosted.org/packages/d1/d7/9bf18818763e0f7debe6706705f61ce89aa5636d93083776a6167320d573/grpcio-0.15.0.tar.gz",[0m
2022-12-27T01:52:25.3456560Z [36;1m  "package_version": "0.15.0",[0m
2022-12-27T01:52:25.3456720Z [36;1m  "python_version": "3.11",[0m
2022-12-27T01:52:25.3456910Z [36;1m  "use_ccache": "true"[0m
2022-12-27T01:52:25.3457070Z [36;1m}'[0m
2022-12-27T01:52:25.3472760Z shell: /bin/bash -e {0}
2022-12-27T01:52:25.3472980Z ##[endgroup]
2022-12-27T01:52:25.3704460Z {
2022-12-27T01:52:25.3705920Z   "environment_variables": "GRPC_PYTHON_BUILD_WITH_CYTHON=1 GRPC_BUILD_WITH_BORING_SSL_ASM= GRPC_PYTHON_BUILD_SYSTEM_OPENSSL=TRUE",
2022-12-27T01:52:25.3706180Z   "package_name": "grpcio",
2022-12-27T01:52:25.3706780Z   "package_url": "https://files.pythonhosted.org/packages/d1/d7/9bf18818763e0f7debe6706705f61ce89aa5636d93083776a6167320d573/grpcio-0.15.0.tar.gz",
2022-12-27T01:52:25.3707050Z   "package_version": "0.15.0",
2022-12-27T01:52:25.3707260Z   "python_version": "3.11",
2022-12-27T01:52:25.3707430Z   "use_ccache": "true"
2022-12-27T01:52:25.3707590Z }
2022-12-27T01:52:25.3929140Z ##[group]Run actions/setup-python@v4
2022-12-27T01:52:25.3929370Z with:
2022-12-27T01:52:25.3929560Z   python-version: 3.11
2022-12-27T01:52:25.3929820Z   check-latest: false
2022-12-27T01:52:25.3930130Z   token: ***
2022-12-27T01:52:25.3930320Z   update-environment: true
2022-12-27T01:52:25.3930500Z ##[endgroup]
2022-12-27T01:52:25.5228000Z ##[group]Installed versions
2022-12-27T01:52:25.5267360Z Successfully set up CPython (3.11.1)
2022-12-27T01:52:25.5268220Z ##[endgroup]
2022-12-27T01:52:25.5419140Z ##[group]Run if [ "true" == "true" ]
2022-12-27T01:52:25.5419410Z [36;1mif [ "true" == "true" ][0m
2022-12-27T01:52:25.5419590Z [36;1mthen[0m
2022-12-27T01:52:25.5419820Z [36;1m  echo "CCACHE_PATH_PREPEND=/usr/local/opt/ccache/libexec" >> $GITHUB_OUTPUT[0m
2022-12-27T01:52:25.5420030Z [36;1melse[0m
2022-12-27T01:52:25.5420270Z [36;1m  echo "CCACHE_PATH_PREPEND=" >> $GITHUB_OUTPUT[0m
2022-12-27T01:52:25.5420430Z [36;1mfi[0m
2022-12-27T01:52:25.5438410Z shell: /bin/bash -e {0}
2022-12-27T01:52:25.5438670Z env:
2022-12-27T01:52:25.5438870Z   pythonLocation: /Users/runner/hostedtoolcache/Python/3.11.1/x64
2022-12-27T01:52:25.5439140Z   PKG_CONFIG_PATH: /Users/runner/hostedtoolcache/Python/3.11.1/x64/lib/pkgconfig
2022-12-27T01:52:25.5439730Z   Python_ROOT_DIR: /Users/runner/hostedtoolcache/Python/3.11.1/x64
2022-12-27T01:52:25.5440010Z   Python2_ROOT_DIR: /Users/runner/hostedtoolcache/Python/3.11.1/x64
2022-12-27T01:52:25.5440460Z   Python3_ROOT_DIR: /Users/runner/hostedtoolcache/Python/3.11.1/x64
2022-12-27T01:52:25.5440690Z ##[endgroup]
2022-12-27T01:52:25.5550230Z ##[group]Run echo "BUILD_NAME=$(echo grpcio_0.15.0_3.11 | tr -dc '[:alnum:]\n\r' | tr '[:upper:]' '[:lower:]')" >> $GITHUB_OUTPUT
2022-12-27T01:52:25.5550660Z [36;1mecho "BUILD_NAME=$(echo grpcio_0.15.0_3.11 | tr -dc '[:alnum:]\n\r' | tr '[:upper:]' '[:lower:]')" >> $GITHUB_OUTPUT[0m
2022-12-27T01:52:25.5566060Z shell: /bin/bash -e {0}
2022-12-27T01:52:25.5566320Z env:
2022-12-27T01:52:25.5566550Z   pythonLocation: /Users/runner/hostedtoolcache/Python/3.11.1/x64
2022-12-27T01:52:25.5566830Z   PKG_CONFIG_PATH: /Users/runner/hostedtoolcache/Python/3.11.1/x64/lib/pkgconfig
2022-12-27T01:52:25.5567060Z   Python_ROOT_DIR: /Users/runner/hostedtoolcache/Python/3.11.1/x64
2022-12-27T01:52:25.5567390Z   Python2_ROOT_DIR: /Users/runner/hostedtoolcache/Python/3.11.1/x64
2022-12-27T01:52:25.5567710Z   Python3_ROOT_DIR: /Users/runner/hostedtoolcache/Python/3.11.1/x64
2022-12-27T01:52:25.5567930Z ##[endgroup]
2022-12-27T01:52:25.5713120Z ##[group]Run echo "PYTHON_NO_DOTS=$(echo 3.11 | tr -dc '[:alnum:]\n\r' | tr '[:upper:]' '[:lower:]')" >> $GITHUB_OUTPUT
2022-12-27T01:52:25.5713500Z [36;1mecho "PYTHON_NO_DOTS=$(echo 3.11 | tr -dc '[:alnum:]\n\r' | tr '[:upper:]' '[:lower:]')" >> $GITHUB_OUTPUT[0m
2022-12-27T01:52:25.5728680Z shell: /bin/bash -e {0}
2022-12-27T01:52:25.5728840Z env:
2022-12-27T01:52:25.5729060Z   pythonLocation: /Users/runner/hostedtoolcache/Python/3.11.1/x64
2022-12-27T01:52:25.5729750Z   PKG_CONFIG_PATH: /Users/runner/hostedtoolcache/Python/3.11.1/x64/lib/pkgconfig
2022-12-27T01:52:25.5730010Z   Python_ROOT_DIR: /Users/runner/hostedtoolcache/Python/3.11.1/x64
2022-12-27T01:52:25.5730230Z   Python2_ROOT_DIR: /Users/runner/hostedtoolcache/Python/3.11.1/x64
2022-12-27T01:52:25.5730480Z   Python3_ROOT_DIR: /Users/runner/hostedtoolcache/Python/3.11.1/x64
2022-12-27T01:52:25.5730650Z ##[endgroup]
2022-12-27T01:52:25.5844030Z ##[group]Run rm -rf build_grpcio0150311
2022-12-27T01:52:25.5844360Z [36;1mrm -rf build_grpcio0150311[0m
2022-12-27T01:52:25.5844540Z [36;1mmkdir build_grpcio0150311[0m
2022-12-27T01:52:25.5844760Z [36;1mcd build_grpcio0150311[0m
2022-12-27T01:52:25.5845070Z [36;1m/usr/local/bin/wget --quiet https://files.pythonhosted.org/packages/d1/d7/9bf18818763e0f7debe6706705f61ce89aa5636d93083776a6167320d573/grpcio-0.15.0.tar.gz[0m
2022-12-27T01:52:25.5845350Z [36;1mtar xf *.tar.gz[0m
2022-12-27T01:52:25.5845520Z [36;1mcd grpcio-*/[0m
2022-12-27T01:52:25.5845720Z [36;1mpython -m pip install cibuildwheel==2.11.3[0m
2022-12-27T01:52:25.5845980Z [36;1mpython -m cibuildwheel --output-dir ../wheelsout[0m
2022-12-27T01:52:25.5861150Z shell: /bin/bash -e {0}
2022-12-27T01:52:25.5861360Z env:
2022-12-27T01:52:25.5861660Z   pythonLocation: /Users/runner/hostedtoolcache/Python/3.11.1/x64
2022-12-27T01:52:25.5861940Z   PKG_CONFIG_PATH: /Users/runner/hostedtoolcache/Python/3.11.1/x64/lib/pkgconfig
2022-12-27T01:52:25.5862200Z   Python_ROOT_DIR: /Users/runner/hostedtoolcache/Python/3.11.1/x64
2022-12-27T01:52:25.5862450Z   Python2_ROOT_DIR: /Users/runner/hostedtoolcache/Python/3.11.1/x64
2022-12-27T01:52:25.5862720Z   Python3_ROOT_DIR: /Users/runner/hostedtoolcache/Python/3.11.1/x64
2022-12-27T01:52:25.5862900Z   CIBW_ARCHS_MACOS: arm64
2022-12-27T01:52:25.5863070Z   CIBW_TEST_SKIP: *_arm64
2022-12-27T01:52:25.5863250Z   CIBW_BUILD: cp311-macosx_arm64
2022-12-27T01:52:25.5863410Z   CIBW_BUILD_FRONTEND: pip
2022-12-27T01:52:25.5863610Z   CIBW_BUILD_VERBOSITY: 3
2022-12-27T01:52:25.5863990Z   CIBW_ENVIRONMENT_MACOS: GRPC_PYTHON_BUILD_WITH_CYTHON=1 GRPC_BUILD_WITH_BORING_SSL_ASM='' GRPC_PYTHON_BUILD_SYSTEM_OPENSSL=TRUE CFLAGS="-I/usr/local/opt/openssl@3/include" LDFLAGS="-L/usr/local/opt/openssl@3/lib" CPPFLAGS="-I/usr/local/opt/openssl@3/include" MAKEFLAGS="-j$(sysctl -n hw.logicalcpu)" PATH=/usr/local/opt/ccache/libexec:$PATH
2022-12-27T01:52:25.5864610Z   CIBW_BEFORE_BUILD: pip install Cython; if [[ -f requirements.txt ]]; then pip install -r requirements.txt; fi
2022-12-27T01:52:25.5864830Z   MAKEFLAGS: -j$(sysctl -n hw.logicalcpu)
2022-12-27T01:52:25.5865020Z ##[endgroup]
2022-12-27T01:52:26.4216960Z Requirement already satisfied: cibuildwheel==2.11.3 in /Library/Frameworks/Python.framework/Versions/3.11/lib/python3.11/site-packages (2.11.3)
2022-12-27T01:52:26.4524300Z Requirement already satisfied: bashlex!=0.13 in /Library/Frameworks/Python.framework/Versions/3.11/lib/python3.11/site-packages (from cibuildwheel==2.11.3) (0.16)
2022-12-27T01:52:26.4530780Z Requirement already satisfied: bracex in /Library/Frameworks/Python.framework/Versions/3.11/lib/python3.11/site-packages (from cibuildwheel==2.11.3) (2.3.post1)
2022-12-27T01:52:26.4537570Z Requirement already satisfied: certifi in /Library/Frameworks/Python.framework/Versions/3.11/lib/python3.11/site-packages (from cibuildwheel==2.11.3) (2022.12.7)
2022-12-27T01:52:26.4544090Z Requirement already satisfied: filelock in /Library/Frameworks/Python.framework/Versions/3.11/lib/python3.11/site-packages (from cibuildwheel==2.11.3) (3.8.2)
2022-12-27T01:52:26.4553830Z Requirement already satisfied: packaging>=20.9 in /Library/Frameworks/Python.framework/Versions/3.11/lib/python3.11/site-packages (from cibuildwheel==2.11.3) (22.0)
2022-12-27T01:52:26.4561730Z Requirement already satisfied: platformdirs in /Library/Frameworks/Python.framework/Versions/3.11/lib/python3.11/site-packages (from cibuildwheel==2.11.3) (2.6.0)
2022-12-27T01:52:26.6851990Z 
2022-12-27T01:52:26.6852330Z      _ _       _ _   _       _           _
2022-12-27T01:52:26.6852650Z  ___|_| |_ _ _|_| |_| |_ _ _| |_ ___ ___| |
2022-12-27T01:52:26.6853270Z |  _| | . | | | | | . | | | |   | -_| -_| |
2022-12-27T01:52:26.6853520Z |___|_|___|___|_|_|___|_____|_|_|___|___|_|
2022-12-27T01:52:26.6853650Z 
2022-12-27T01:52:26.6853840Z cibuildwheel version 2.11.3
2022-12-27T01:52:26.6853940Z 
2022-12-27T01:52:26.6854040Z Build options:
2022-12-27T01:52:26.6854280Z   platform: macos
2022-12-27T01:52:26.6958760Z   architectures: arm64[0m
2022-12-27T01:52:26.6959170Z   build_selector: 
2022-12-27T01:52:26.6959850Z     build_config: cp311-macosx_arm64
2022-12-27T01:52:26.6960110Z     skip_config: 
2022-12-27T01:52:26.6960330Z     requires_python: None
2022-12-27T01:52:26.6960600Z     prerelease_pythons: False[0m
2022-12-27T01:52:26.6960970Z   [38;5;244mcontainer_engine: docker[0m
2022-12-27T01:52:26.6961400Z   output_dir: /Users/runner/actions-runner/_work/python.build/python.build/build_grpcio0150311/wheelsout[0m
2022-12-27T01:52:26.6961860Z   package_dir: /Users/runner/actions-runner/_work/python.build/python.build/build_grpcio0150311/grpcio-0.15.0[0m
2022-12-27T01:52:26.6962170Z   test_selector: 
2022-12-27T01:52:26.6962460Z     skip_config: *_arm64[0m
2022-12-27T01:52:26.6962750Z   [38;5;244mbefore_all: [0m
2022-12-27T01:52:26.6963110Z   before_build: pip install Cython; if [[ -f requirements.txt ]]; then pip install -r requirements.txt; fi[0m
2022-12-27T01:52:26.6963390Z   [38;5;244mbefore_test: [0m
2022-12-27T01:52:26.6963630Z   [38;5;244mbuild_frontend: pip[0m
2022-12-27T01:52:26.6963820Z   build_verbosity: 3[0m
2022-12-27T01:52:26.6964100Z   [38;5;244mconfig_settings: [0m
2022-12-27T01:52:26.6964360Z   [38;5;244mdependency_constraints: pinned[0m
2022-12-27T01:52:26.6964520Z   environment: 
2022-12-27T01:52:26.6964700Z     GRPC_PYTHON_BUILD_WITH_CYTHON=1
2022-12-27T01:52:26.6964970Z     GRPC_BUILD_WITH_BORING_SSL_ASM=''
2022-12-27T01:52:26.6965160Z     GRPC_PYTHON_BUILD_SYSTEM_OPENSSL=TRUE
2022-12-27T01:52:26.6965430Z     CFLAGS="-I/usr/local/opt/openssl@3/include"
2022-12-27T01:52:26.6965690Z     LDFLAGS="-L/usr/local/opt/openssl@3/lib"
2022-12-27T01:52:26.6965920Z     CPPFLAGS="-I/usr/local/opt/openssl@3/include"
2022-12-27T01:52:26.6966230Z     MAKEFLAGS="-j$(sysctl -n hw.logicalcpu)"
2022-12-27T01:52:26.6966750Z     PATH=/usr/local/opt/ccache/libexec:$PATH[0m
2022-12-27T01:52:26.6966970Z   [38;5;244mmanylinux_images: None[0m
2022-12-27T01:52:26.6967210Z   [38;5;244mmusllinux_images: None[0m
2022-12-27T01:52:26.6967540Z   [38;5;244mrepair_command: delocate-wheel --require-archs {delocate_archs} -w {dest_dir} -v {wheel}[0m
2022-12-27T01:52:26.6967860Z   [38;5;244mtest_command: [0m
2022-12-27T01:52:26.6968050Z   [38;5;244mtest_extras: [0m
2022-12-27T01:52:26.6968270Z   [38;5;244mtest_requires: [0m
2022-12-27T01:52:26.6968380Z 
2022-12-27T01:52:26.6968490Z Cache folder: /Users/runner/Library/Caches/cibuildwheel
2022-12-27T01:52:26.6976250Z 
2022-12-27T01:52:26.6976690Z Here we go!
2022-12-27T01:52:26.6976890Z 
2022-12-27T01:52:26.7028900Z 
2022-12-27T01:52:26.7029330Z [1m[34mBuilding cp311-macosx_arm64 wheel[0m
2022-12-27T01:52:26.7029770Z CPython 3.11 macOS arm64 - Apple Silicon
2022-12-27T01:52:26.7029940Z 
2022-12-27T01:52:26.7032220Z ##[group]Installing Python cp311...
2022-12-27T01:52:26.7032450Z 
2022-12-27T01:52:26.7032970Z + pkgutil --pkgs
2022-12-27T01:52:26.7132370Z ##[endgroup]
2022-12-27T01:52:26.7133370Z                                                               [32m✓ [0m0.01s
2022-12-27T01:52:26.7133820Z ##[group]Setting up build environment...
2022-12-27T01:52:26.7133920Z 
2022-12-27T01:52:26.7150450Z + /Library/Frameworks/Python.framework/Versions/3.11/bin/python -sS /Users/runner/Library/Caches/cibuildwheel/virtualenv-20.17.0.pyz --activators= --no-periodic-update --pip=22.3.1 --setuptools=65.6.3 --wheel=0.38.4 --symlink-app-data --python /Library/Frameworks/Python.framework/Versions/3.11/bin/python3 /private/var/folders/51/hd414ycd67n82196sw51xqtc0000gn/T/cibw-run-1mdkqheg/cp311-macosx_arm64/build/venv
2022-12-27T01:52:26.9006380Z created virtual environment CPython3.11.1.final.0-64 in 47ms
2022-12-27T01:52:26.9007180Z   creator CPython3Posix(dest=/private/var/folders/51/hd414ycd67n82196sw51xqtc0000gn/T/cibw-run-1mdkqheg/cp311-macosx_arm64/build/venv, clear=False, no_vcs_ignore=False, global=False)
2022-12-27T01:52:26.9008020Z   seeder FromAppData(download=False, pip=22.3.1, setuptools=65.6.3, wheel=0.38.4, via=symlink, app_data_dir=/Users/runner/Library/Application Support/virtualenv)
2022-12-27T01:52:26.9008400Z     added seed packages: pip==22.3.1, setuptools==65.6.3, wheel==0.38.4
2022-12-27T01:52:26.9132620Z + python -m pip install --upgrade pip -c /Library/Frameworks/Python.framework/Versions/3.11/lib/python3.11/site-packages/cibuildwheel/resources/constraints-python311.txt
2022-12-27T01:52:27.1895490Z Requirement already satisfied: pip in ./lib/python3.11/site-packages (22.3.1)
2022-12-27T01:52:27.3171790Z + which pip
2022-12-27T01:52:27.3188020Z /private/var/folders/51/hd414ycd67n82196sw51xqtc0000gn/T/cibw-run-1mdkqheg/cp311-macosx_arm64/build/venv/bin/pip
2022-12-27T01:52:27.3189600Z + pip --version
2022-12-27T01:52:27.5170350Z pip 22.3.1 from /private/var/folders/51/hd414ycd67n82196sw51xqtc0000gn/T/cibw-run-1mdkqheg/cp311-macosx_arm64/build/venv/lib/python3.11/site-packages/pip (python 3.11)
2022-12-27T01:52:27.5401810Z + which pip
2022-12-27T01:52:27.5426360Z + which python
2022-12-27T01:52:27.5443780Z /private/var/folders/51/hd414ycd67n82196sw51xqtc0000gn/T/cibw-run-1mdkqheg/cp311-macosx_arm64/build/venv/bin/python
2022-12-27T01:52:27.5445320Z + python --version
2022-12-27T01:52:27.5502750Z Python 3.11.1
2022-12-27T01:52:27.5505560Z + which python
2022-12-27T01:52:27.5555040Z ##[endgroup]
2022-12-27T01:52:27.5555810Z                                                               [32m✓ [0m0.84s
2022-12-27T01:52:27.5556410Z ##[group]Installing build tools...
2022-12-27T01:52:27.5556560Z 
2022-12-27T01:52:27.5557000Z + pip install --upgrade setuptools wheel delocate -c /Library/Frameworks/Python.framework/Versions/3.11/lib/python3.11/site-packages/cibuildwheel/resources/constraints-python311.txt
2022-12-27T01:52:27.8278670Z Requirement already satisfied: setuptools in /private/var/folders/51/hd414ycd67n82196sw51xqtc0000gn/T/cibw-run-1mdkqheg/cp311-macosx_arm64/build/venv/lib/python3.11/site-packages (65.6.3)
2022-12-27T01:52:28.0041500Z Requirement already satisfied: wheel in /private/var/folders/51/hd414ycd67n82196sw51xqtc0000gn/T/cibw-run-1mdkqheg/cp311-macosx_arm64/build/venv/lib/python3.11/site-packages (0.38.4)
2022-12-27T01:52:28.0425320Z Collecting delocate
2022-12-27T01:52:28.0446620Z   Using cached delocate-0.10.3-py3-none-any.whl (142 kB)
2022-12-27T01:52:28.0702470Z Collecting packaging>=20.9
2022-12-27T01:52:28.0720150Z   Using cached packaging-21.3-py3-none-any.whl (40 kB)
2022-12-27T01:52:28.0872540Z Collecting typing-extensions
2022-12-27T01:52:28.0890280Z   Using cached typing_extensions-4.4.0-py3-none-any.whl (26 kB)
2022-12-27T01:52:28.1205550Z Collecting pyparsing!=3.0.5,>=2.0.2
2022-12-27T01:52:28.1221950Z   Using cached pyparsing-3.0.9-py3-none-any.whl (98 kB)
2022-12-27T01:52:28.1781440Z Installing collected packages: typing-extensions, pyparsing, packaging, delocate
2022-12-27T01:52:28.3104490Z Successfully installed delocate-0.10.3 packaging-21.3 pyparsing-3.0.9 typing-extensions-4.4.0
2022-12-27T01:52:28.3561050Z ##[endgroup]
2022-12-27T01:52:28.3561820Z                                                               [32m✓ [0m0.80s
2022-12-27T01:52:28.3562310Z ##[group]Running before_build...
2022-12-27T01:52:28.3562460Z 
2022-12-27T01:52:28.3566430Z + pip install Cython; if [[ -f requirements.txt ]]; then pip install -r requirements.txt; fi
2022-12-27T01:52:28.9396600Z Collecting Cython
2022-12-27T01:52:28.9441260Z   Using cached Cython-0.29.32-py2.py3-none-any.whl (986 kB)
2022-12-27T01:52:28.9848140Z Installing collected packages: Cython
2022-12-27T01:52:29.4147720Z Successfully installed Cython-0.29.32
2022-12-27T01:52:30.0651330Z Collecting coverage>=4.0
2022-12-27T01:52:30.0679170Z   Using cached coverage-7.0.1-cp311-cp311-macosx_10_9_x86_64.whl (188 kB)
2022-12-27T01:52:30.0718990Z Requirement already satisfied: cython>=0.23 in /private/var/folders/51/hd414ycd67n82196sw51xqtc0000gn/T/cibw-run-1mdkqheg/cp311-macosx_arm64/build/venv/lib/python3.11/site-packages (from -r requirements.txt (line 3)) (0.29.32)
2022-12-27T01:52:30.0847830Z Collecting enum34>=1.0.4
2022-12-27T01:52:30.0866540Z   Using cached enum34-1.1.10-py3-none-any.whl (11 kB)
2022-12-27T01:52:30.0999970Z Collecting futures>=2.2.0
2022-12-27T01:52:30.1001790Z   Using cached futures-3.0.5-py3-none-any.whl
2022-12-27T01:52:30.3362270Z Collecting protobuf>=3.0.0a3
2022-12-27T01:52:30.3389850Z   Using cached protobuf-4.21.12-cp37-abi3-macosx_10_9_universal2.whl (486 kB)
2022-12-27T01:52:30.3578620Z Collecting six>=1.10
2022-12-27T01:52:30.3595210Z   Using cached six-1.16.0-py2.py3-none-any.whl (11 kB)
2022-12-27T01:52:30.3615460Z Requirement already satisfied: wheel>=0.29 in /private/var/folders/51/hd414ycd67n82196sw51xqtc0000gn/T/cibw-run-1mdkqheg/cp311-macosx_arm64/build/venv/lib/python3.11/site-packages (from -r requirements.txt (line 8)) (0.38.4)
2022-12-27T01:52:30.4027240Z Installing collected packages: futures, enum34, six, protobuf, coverage
2022-12-27T01:52:30.6484470Z Successfully installed coverage-7.0.1 enum34-1.1.10 futures-3.0.5 protobuf-4.21.12 six-1.16.0
2022-12-27T01:52:30.6997520Z ##[endgroup]
2022-12-27T01:52:30.6998300Z                                                               [32m✓ [0m2.34s
2022-12-27T01:52:30.6998800Z ##[group]Building wheel...
2022-12-27T01:52:30.6998960Z 
2022-12-27T01:52:30.7001980Z + python -m pip wheel /Users/runner/actions-runner/_work/python.build/python.build/build_grpcio0150311/grpcio-0.15.0 --wheel-dir=/private/var/folders/51/hd414ycd67n82196sw51xqtc0000gn/T/cibw-run-1mdkqheg/cp311-macosx_arm64/built_wheel --no-deps -vvv
2022-12-27T01:52:30.9524180Z Created temporary directory: /private/var/folders/51/hd414ycd67n82196sw51xqtc0000gn/T/pip-ephem-wheel-cache-s3eh_wxk
2022-12-27T01:52:30.9527620Z Created temporary directory: /private/var/folders/51/hd414ycd67n82196sw51xqtc0000gn/T/pip-build-tracker-6arbhb2r
2022-12-27T01:52:30.9529070Z Initialized build tracking at /private/var/folders/51/hd414ycd67n82196sw51xqtc0000gn/T/pip-build-tracker-6arbhb2r
2022-12-27T01:52:30.9530650Z Created build tracker: /private/var/folders/51/hd414ycd67n82196sw51xqtc0000gn/T/pip-build-tracker-6arbhb2r
2022-12-27T01:52:30.9532170Z Entered build tracker: /private/var/folders/51/hd414ycd67n82196sw51xqtc0000gn/T/pip-build-tracker-6arbhb2r
2022-12-27T01:52:30.9534880Z Created temporary directory: /private/var/folders/51/hd414ycd67n82196sw51xqtc0000gn/T/pip-wheel-mvw7p5rn
2022-12-27T01:52:30.9539900Z Created temporary directory: /private/var/folders/51/hd414ycd67n82196sw51xqtc0000gn/T/pip-ephem-wheel-cache-f8tmd6lz
2022-12-27T01:52:30.9613090Z Processing /Users/runner/actions-runner/_work/python.build/python.build/build_grpcio0150311/grpcio-0.15.0
2022-12-27T01:52:30.9619400Z   Added file:///Users/runner/actions-runner/_work/python.build/python.build/build_grpcio0150311/grpcio-0.15.0 to build tracker '/private/var/folders/51/hd414ycd67n82196sw51xqtc0000gn/T/pip-build-tracker-6arbhb2r'
2022-12-27T01:52:30.9623520Z   Running setup.py (path:/Users/runner/actions-runner/_work/python.build/python.build/build_grpcio0150311/grpcio-0.15.0/setup.py) egg_info for package from file:///Users/runner/actions-runner/_work/python.build/python.build/build_grpcio0150311/grpcio-0.15.0
2022-12-27T01:52:30.9626760Z   Created temporary directory: /private/var/folders/51/hd414ycd67n82196sw51xqtc0000gn/T/pip-pip-egg-info-tnpj18cz
2022-12-27T01:52:30.9628350Z   Preparing metadata (setup.py): started
2022-12-27T01:52:30.9630190Z   Running command python setup.py egg_info
2022-12-27T01:52:31.3447580Z   /private/var/folders/51/hd414ycd67n82196sw51xqtc0000gn/T/cibw-run-1mdkqheg/cp311-macosx_arm64/build/venv/lib/python3.11/site-packages/Cython/Compiler/Main.py:369: FutureWarning: Cython directive 'language_level' not set, using 2 for now (Py2). This will change in a later release! File: /Users/runner/actions-runner/_work/python.build/python.build/build_grpcio0150311/grpcio-0.15.0/src/python/grpcio/grpc/_cython/cygrpc.pxd
2022-12-27T01:52:31.3448220Z     tree = Parsing.p_module(s, pxd, full_module_name)
2022-12-27T01:52:31.3847830Z   warning: ./src/python/grpcio/grpc/_cython/_cygrpc/grpc.pxi:146:13: 'GRPC_ARG_PRIMARY_USER_AGENT_STRING' redeclared
2022-12-27T01:52:32.1016330Z   Compiling ./src/python/grpcio/grpc/_cython/cygrpc.pyx because it depends on /private/var/folders/51/hd414ycd67n82196sw51xqtc0000gn/T/cibw-run-1mdkqheg/cp311-macosx_arm64/build/venv/lib/python3.11/site-packages/Cython/Includes/libc/time.pxd.
2022-12-27T01:52:32.1016960Z   [1/1] Cythonizing ./src/python/grpcio/grpc/_cython/cygrpc.pyx
2022-12-27T01:52:32.1188800Z   /private/var/folders/51/hd414ycd67n82196sw51xqtc0000gn/T/cibw-run-1mdkqheg/cp311-macosx_arm64/build/venv/lib/python3.11/site-packages/setuptools/installer.py:27: SetuptoolsDeprecationWarning: setuptools.installer is deprecated. Requirements should be satisfied by a PEP 517 installer.
2022-12-27T01:52:32.1189510Z     warnings.warn(
2022-12-27T01:52:44.3453260Z   running egg_info
2022-12-27T01:52:44.3456900Z   creating /private/var/folders/51/hd414ycd67n82196sw51xqtc0000gn/T/pip-pip-egg-info-tnpj18cz/grpcio.egg-info
2022-12-27T01:52:44.3538070Z   writing /private/var/folders/51/hd414ycd67n82196sw51xqtc0000gn/T/pip-pip-egg-info-tnpj18cz/grpcio.egg-info/PKG-INFO
2022-12-27T01:52:44.3541130Z   writing dependency_links to /private/var/folders/51/hd414ycd67n82196sw51xqtc0000gn/T/pip-pip-egg-info-tnpj18cz/grpcio.egg-info/dependency_links.txt
2022-12-27T01:52:44.3543740Z   writing requirements to /private/var/folders/51/hd414ycd67n82196sw51xqtc0000gn/T/pip-pip-egg-info-tnpj18cz/grpcio.egg-info/requires.txt
2022-12-27T01:52:44.3546140Z   writing top-level names to /private/var/folders/51/hd414ycd67n82196sw51xqtc0000gn/T/pip-pip-egg-info-tnpj18cz/grpcio.egg-info/top_level.txt
2022-12-27T01:52:44.3548360Z   writing manifest file '/private/var/folders/51/hd414ycd67n82196sw51xqtc0000gn/T/pip-pip-egg-info-tnpj18cz/grpcio.egg-info/SOURCES.txt'
2022-12-27T01:52:44.3789610Z   reading manifest file '/private/var/folders/51/hd414ycd67n82196sw51xqtc0000gn/T/pip-pip-egg-info-tnpj18cz/grpcio.egg-info/SOURCES.txt'
2022-12-27T01:52:44.3792610Z   reading manifest template 'PYTHON-MANIFEST.in'
2022-12-27T01:52:44.3938630Z   warning: no files found matching '*.python' under directory 'src/python/grpcio/grpc'
2022-12-27T01:52:44.3960480Z   warning: no previously-included files matching '*.so' found under directory 'src/python/grpcio/grpc/_cython'
2022-12-27T01:52:44.3962800Z   warning: no previously-included files matching '*.pyd' found under directory 'src/python/grpcio/grpc/_cython'
2022-12-27T01:52:44.4332010Z   warning: no files found matching 'src/python/grpcio/precompiled.py'
2022-12-27T01:52:44.4547220Z   writing manifest file '/private/var/folders/51/hd414ycd67n82196sw51xqtc0000gn/T/pip-pip-egg-info-tnpj18cz/grpcio.egg-info/SOURCES.txt'
2022-12-27T01:52:44.5190370Z   Preparing metadata (setup.py): finished with status 'done'
2022-12-27T01:52:44.5213310Z   Source in /Users/runner/actions-runner/_work/python.build/python.build/build_grpcio0150311/grpcio-0.15.0 has version 0.15.0, which satisfies requirement grpcio==0.15.0 from file:///Users/runner/actions-runner/_work/python.build/python.build/build_grpcio0150311/grpcio-0.15.0
2022-12-27T01:52:44.5216940Z   Removed grpcio==0.15.0 from file:///Users/runner/actions-runner/_work/python.build/python.build/build_grpcio0150311/grpcio-0.15.0 from build tracker '/private/var/folders/51/hd414ycd67n82196sw51xqtc0000gn/T/pip-build-tracker-6arbhb2r'
2022-12-27T01:52:44.5233050Z Created temporary directory: /private/var/folders/51/hd414ycd67n82196sw51xqtc0000gn/T/pip-unpack-50ualutx
2022-12-27T01:52:44.5235260Z Building wheels for collected packages: grpcio
2022-12-27T01:52:44.5242120Z   Created temporary directory: /private/var/folders/51/hd414ycd67n82196sw51xqtc0000gn/T/pip-wheel-lxzbnp_m
2022-12-27T01:52:44.5243760Z   Building wheel for grpcio (setup.py): started
2022-12-27T01:52:44.5245160Z   Destination directory: /private/var/folders/51/hd414ycd67n82196sw51xqtc0000gn/T/pip-wheel-lxzbnp_m
2022-12-27T01:52:44.5246280Z   Running command python setup.py bdist_wheel
2022-12-27T01:52:44.8857540Z   /private/var/folders/51/hd414ycd67n82196sw51xqtc0000gn/T/cibw-run-1mdkqheg/cp311-macosx_arm64/build/venv/lib/python3.11/site-packages/setuptools/installer.py:27: SetuptoolsDeprecationWarning: setuptools.installer is deprecated. Requirements should be satisfied by a PEP 517 installer.
2022-12-27T01:52:44.8858150Z     warnings.warn(
2022-12-27T01:52:45.0705410Z   running bdist_wheel
2022-12-27T01:52:45.0941120Z   running build
2022-12-27T01:52:45.0942630Z   running build_py
2022-12-27T01:52:45.0943940Z   running build_proto_modules
2022-12-27T01:52:45.0945900Z   Traceback (most recent call last):
2022-12-27T01:52:45.0955460Z     File "/Users/runner/actions-runner/_work/python.build/python.build/build_grpcio0150311/grpcio-0.15.0/src/python/grpcio/commands.py", line 229, in run
2022-12-27T01:52:45.0955970Z       self.run_command('build_proto_modules')
2022-12-27T01:52:45.0956450Z     File "/private/var/folders/51/hd414ycd67n82196sw51xqtc0000gn/T/cibw-run-1mdkqheg/cp311-macosx_arm64/build/venv/lib/python3.11/site-packages/setuptools/_distutils/cmd.py", line 318, in run_command
2022-12-27T01:52:45.0956860Z       self.distribution.run_command(command)
2022-12-27T01:52:45.0957570Z     File "/private/var/folders/51/hd414ycd67n82196sw51xqtc0000gn/T/cibw-run-1mdkqheg/cp311-macosx_arm64/build/venv/lib/python3.11/site-packages/setuptools/dist.py", line 1208, in run_command
2022-12-27T01:52:45.0957880Z       super().run_command(command)
2022-12-27T01:52:45.0958340Z     File "/private/var/folders/51/hd414ycd67n82196sw51xqtc0000gn/T/cibw-run-1mdkqheg/cp311-macosx_arm64/build/venv/lib/python3.11/site-packages/setuptools/_distutils/dist.py", line 988, in run_command
2022-12-27T01:52:45.0958610Z       cmd_obj.run()
2022-12-27T01:52:45.0959290Z     File "/Users/runner/actions-runner/_work/python.build/python.build/build_grpcio0150311/grpcio-0.15.0/src/python/grpcio/commands.py", line 159, in run
2022-12-27T01:52:45.0999200Z ##[error]      raise CommandError('could not find protoc')
2022-12-27T01:52:45.1006050Z   commands.CommandError: could not find protoc
2022-12-27T01:52:45.1006220Z 
2022-12-27T01:52:45.1006360Z   During handling of the above exception, another exception occurred:
2022-12-27T01:52:45.1006520Z 
2022-12-27T01:52:45.1006630Z   Traceback (most recent call last):
2022-12-27T01:52:45.1006850Z     File "<string>", line 2, in <module>
2022-12-27T01:52:45.1007210Z     File "<pip-setuptools-caller>", line 34, in <module>
2022-12-27T01:52:45.1007720Z     File "/Users/runner/actions-runner/_work/python.build/python.build/build_grpcio0150311/grpcio-0.15.0/setup.py", line 244, in <module>
2022-12-27T01:52:45.1008000Z       setuptools.setup(
2022-12-27T01:52:45.1008450Z     File "/private/var/folders/51/hd414ycd67n82196sw51xqtc0000gn/T/cibw-run-1mdkqheg/cp311-macosx_arm64/build/venv/lib/python3.11/site-packages/setuptools/__init__.py", line 87, in setup
2022-12-27T01:52:45.1008730Z       return distutils.core.setup(**attrs)
2022-12-27T01:52:45.1009010Z              ^^^^^^^^^^^^^^^^^^^^^^^^^^^^^
2022-12-27T01:52:45.1009500Z     File "/private/var/folders/51/hd414ycd67n82196sw51xqtc0000gn/T/cibw-run-1mdkqheg/cp311-macosx_arm64/build/venv/lib/python3.11/site-packages/setuptools/_distutils/core.py", line 185, in setup
2022-12-27T01:52:45.1009810Z       return run_commands(dist)
2022-12-27T01:52:45.1009960Z              ^^^^^^^^^^^^^^^^^^
2022-12-27T01:52:45.1010380Z     File "/private/var/folders/51/hd414ycd67n82196sw51xqtc0000gn/T/cibw-run-1mdkqheg/cp311-macosx_arm64/build/venv/lib/python3.11/site-packages/setuptools/_distutils/core.py", line 201, in run_commands
2022-12-27T01:52:45.1010780Z       dist.run_commands()
2022-12-27T01:52:45.1011220Z     File "/private/var/folders/51/hd414ycd67n82196sw51xqtc0000gn/T/cibw-run-1mdkqheg/cp311-macosx_arm64/build/venv/lib/python3.11/site-packages/setuptools/_distutils/dist.py", line 969, in run_commands
2022-12-27T01:52:45.1011610Z       self.run_command(cmd)
2022-12-27T01:52:45.1012110Z     File "/private/var/folders/51/hd414ycd67n82196sw51xqtc0000gn/T/cibw-run-1mdkqheg/cp311-macosx_arm64/build/venv/lib/python3.11/site-packages/setuptools/dist.py", line 1208, in run_command
2022-12-27T01:52:45.1012590Z       super().run_command(command)
2022-12-27T01:52:45.1013290Z     File "/private/var/folders/51/hd414ycd67n82196sw51xqtc0000gn/T/cibw-run-1mdkqheg/cp311-macosx_arm64/build/venv/lib/python3.11/site-packages/setuptools/_distutils/dist.py", line 988, in run_command
2022-12-27T01:52:45.1013700Z       cmd_obj.run()
2022-12-27T01:52:45.1014240Z     File "/private/var/folders/51/hd414ycd67n82196sw51xqtc0000gn/T/cibw-run-1mdkqheg/cp311-macosx_arm64/build/venv/lib/python3.11/site-packages/wheel/bdist_wheel.py", line 325, in run
2022-12-27T01:52:45.1014600Z       self.run_command("build")
2022-12-27T01:52:45.1015450Z     File "/private/var/folders/51/hd414ycd67n82196sw51xqtc0000gn/T/cibw-run-1mdkqheg/cp311-macosx_arm64/build/venv/lib/python3.11/site-packages/setuptools/_distutils/cmd.py", line 318, in run_command
2022-12-27T01:52:45.1015780Z       self.distribution.run_command(command)
2022-12-27T01:52:45.1016300Z     File "/private/var/folders/51/hd414ycd67n82196sw51xqtc0000gn/T/cibw-run-1mdkqheg/cp311-macosx_arm64/build/venv/lib/python3.11/site-packages/setuptools/dist.py", line 1208, in run_command
2022-12-27T01:52:45.1016700Z       super().run_command(command)
2022-12-27T01:52:45.1017280Z     File "/private/var/folders/51/hd414ycd67n82196sw51xqtc0000gn/T/cibw-run-1mdkqheg/cp311-macosx_arm64/build/venv/lib/python3.11/site-packages/setuptools/_distutils/dist.py", line 988, in run_command
2022-12-27T01:52:45.1017590Z       cmd_obj.run()
2022-12-27T01:52:45.1018080Z     File "/private/var/folders/51/hd414ycd67n82196sw51xqtc0000gn/T/cibw-run-1mdkqheg/cp311-macosx_arm64/build/venv/lib/python3.11/site-packages/setuptools/_distutils/command/build.py", line 132, in run
2022-12-27T01:52:45.1018380Z       self.run_command(cmd_name)
2022-12-27T01:52:45.1018870Z     File "/private/var/folders/51/hd414ycd67n82196sw51xqtc0000gn/T/cibw-run-1mdkqheg/cp311-macosx_arm64/build/venv/lib/python3.11/site-packages/setuptools/_distutils/cmd.py", line 318, in run_command
2022-12-27T01:52:45.1019580Z       self.distribution.run_command(command)
2022-12-27T01:52:45.1020210Z     File "/private/var/folders/51/hd414ycd67n82196sw51xqtc0000gn/T/cibw-run-1mdkqheg/cp311-macosx_arm64/build/venv/lib/python3.11/site-packages/setuptools/dist.py", line 1208, in run_command
2022-12-27T01:52:45.1020570Z       super().run_command(command)
2022-12-27T01:52:45.1021020Z     File "/private/var/folders/51/hd414ycd67n82196sw51xqtc0000gn/T/cibw-run-1mdkqheg/cp311-macosx_arm64/build/venv/lib/python3.11/site-packages/setuptools/_distutils/dist.py", line 988, in run_command
2022-12-27T01:52:45.1021540Z       cmd_obj.run()
2022-12-27T01:52:45.1022040Z     File "/Users/runner/actions-runner/_work/python.build/python.build/build_grpcio0150311/grpcio-0.15.0/src/python/grpcio/commands.py", line 231, in run
2022-12-27T01:52:45.1023180Z       sys.stderr.write('warning: %s\n' % error.message)
2022-12-27T01:52:45.1024570Z                                          ^^^^^^^^^^^^^
2022-12-27T01:52:45.1026230Z   AttributeError: 'CommandError' object has no attribute 'message'
2022-12-27T01:52:45.1508880Z   error: subprocess-exited-with-error
2022-12-27T01:52:45.1509400Z   
2022-12-27T01:52:45.1509790Z   × python setup.py bdist_wheel did not run successfully.
2022-12-27T01:52:45.1510130Z   │ exit code: 1
2022-12-27T01:52:45.1510640Z   ╰─> See above for output.
2022-12-27T01:52:45.1510880Z   
2022-12-27T01:52:45.1511160Z   note: This error originates from a subprocess, and is likely not a problem with pip.
2022-12-27T01:52:45.1516140Z   full command: /private/var/folders/51/hd414ycd67n82196sw51xqtc0000gn/T/cibw-run-1mdkqheg/cp311-macosx_arm64/build/venv/bin/python -u -c '
2022-12-27T01:52:45.1516840Z   exec(compile('"'"''"'"''"'"'
2022-12-27T01:52:45.1517460Z   # This is <pip-setuptools-caller> -- a caller that pip uses to run setup.py
2022-12-27T01:52:45.1517680Z   #
2022-12-27T01:52:45.1517970Z   # - It imports setuptools before invoking setup.py, to enable projects that directly
2022-12-27T01:52:45.1518360Z   #   import from `distutils.core` to work with newer packaging standards.
2022-12-27T01:52:45.1519300Z   # - It provides a clear error message when setuptools is not installed.
2022-12-27T01:52:45.1519690Z   # - It sets `sys.argv[0]` to the underlying `setup.py`, when invoking `setup.py` so
2022-12-27T01:52:45.1520000Z   #   setuptools doesn'"'"'t think the script is `-c`. This avoids the following warning:
2022-12-27T01:52:45.1520500Z   #     manifest_maker: standard file '"'"'-c'"'"' not found".
2022-12-27T01:52:45.1520890Z   # - It generates a shim setup.py, for handling setup.cfg-only projects.
2022-12-27T01:52:45.1521120Z   import os, sys, tokenize
2022-12-27T01:52:45.1521260Z   
2022-12-27T01:52:45.1521420Z   try:
2022-12-27T01:52:45.1586510Z       import setuptools
2022-12-27T01:52:45.1586760Z   except ImportError as error:
2022-12-27T01:52:45.1586960Z       print(
2022-12-27T01:52:45.1587190Z           "ERROR: Can not execute `setup.py` since setuptools is not available in "
2022-12-27T01:52:45.1587470Z           "the build environment.",
2022-12-27T01:52:45.1587690Z           file=sys.stderr,
2022-12-27T01:52:45.1587940Z       )
2022-12-27T01:52:45.1588100Z       sys.exit(1)
2022-12-27T01:52:45.1588230Z   
2022-12-27T01:52:45.1588390Z   __file__ = %r
2022-12-27T01:52:45.1588610Z   sys.argv[0] = __file__
2022-12-27T01:52:45.1588740Z   
2022-12-27T01:52:45.1588910Z   if os.path.exists(__file__):
2022-12-27T01:52:45.1589100Z       filename = __file__
2022-12-27T01:52:45.1589260Z       with tokenize.open(__file__) as f:
2022-12-27T01:52:45.1589460Z           setup_py_code = f.read()
2022-12-27T01:52:45.1589640Z   else:
2022-12-27T01:52:45.1589890Z       filename = "<auto-generated setuptools caller>"
2022-12-27T01:52:45.1590110Z       setup_py_code = "from setuptools import setup; setup()"
2022-12-27T01:52:45.1590310Z   
2022-12-27T01:52:45.1590460Z   exec(compile(setup_py_code, filename, "exec"))
2022-12-27T01:52:45.1590950Z   '"'"''"'"''"'"' % ('"'"'/Users/runner/actions-runner/_work/python.build/python.build/build_grpcio0150311/grpcio-0.15.0/setup.py'"'"',), "<pip-setuptools-caller>", "exec"))' bdist_wheel -d /private/var/folders/51/hd414ycd67n82196sw51xqtc0000gn/T/pip-wheel-lxzbnp_m
2022-12-27T01:52:45.1591800Z   cwd: /Users/runner/actions-runner/_work/python.build/python.build/build_grpcio0150311/grpcio-0.15.0/
2022-12-27T01:52:45.1592050Z   ERROR: Failed building wheel for grpcio
2022-12-27T01:52:45.1592220Z   Running command python setup.py clean
2022-12-27T01:52:45.1592580Z   Building wheel for grpcio (setup.py): finished with status 'error'
2022-12-27T01:52:45.1592800Z   Running setup.py clean for grpcio
2022-12-27T01:52:45.5124340Z   /private/var/folders/51/hd414ycd67n82196sw51xqtc0000gn/T/cibw-run-1mdkqheg/cp311-macosx_arm64/build/venv/lib/python3.11/site-packages/setuptools/installer.py:27: SetuptoolsDeprecationWarning: setuptools.installer is deprecated. Requirements should be satisfied by a PEP 517 installer.
2022-12-27T01:52:45.5124950Z     warnings.warn(
2022-12-27T01:52:45.6874890Z   running clean
2022-12-27T01:52:45.7029990Z   'python_build/lib.macosx-11.0-arm64-cpython-311' does not exist -- can't clean it
2022-12-27T01:52:45.7031810Z   'python_build/bdist.macosx-11.0-arm64' does not exist -- can't clean it
2022-12-27T01:52:45.7033320Z   'python_build/scripts-3.11' does not exist -- can't clean it
2022-12-27T01:52:45.7387110Z Failed to build grpcio
2022-12-27T01:52:45.7391410Z ERROR: Failed to build one or more wheels
2022-12-27T01:52:45.7404290Z Exception information:
2022-12-27T01:52:45.7404570Z Traceback (most recent call last):
2022-12-27T01:52:45.7405510Z   File "/private/var/folders/51/hd414ycd67n82196sw51xqtc0000gn/T/cibw-run-1mdkqheg/cp311-macosx_arm64/build/venv/lib/python3.11/site-packages/pip/_internal/cli/base_command.py", line 160, in exc_logging_wrapper
2022-12-27T01:52:45.7405860Z     status = run_func(*args)
2022-12-27T01:52:45.7406060Z              ^^^^^^^^^^^^^^^
2022-12-27T01:52:45.7406570Z   File "/private/var/folders/51/hd414ycd67n82196sw51xqtc0000gn/T/cibw-run-1mdkqheg/cp311-macosx_arm64/build/venv/lib/python3.11/site-packages/pip/_internal/cli/req_command.py", line 247, in wrapper
2022-12-27T01:52:45.7407280Z     return func(self, options, args)
2022-12-27T01:52:45.7407550Z            ^^^^^^^^^^^^^^^^^^^^^^^^^
2022-12-27T01:52:45.7408090Z   File "/private/var/folders/51/hd414ycd67n82196sw51xqtc0000gn/T/cibw-run-1mdkqheg/cp311-macosx_arm64/build/venv/lib/python3.11/site-packages/pip/_internal/commands/wheel.py", line 201, in run
2022-12-27T01:52:45.7408590Z     raise CommandError("Failed to build one or more wheels")
2022-12-27T01:52:45.7408870Z pip._internal.exceptions.CommandError: Failed to build one or more wheels
2022-12-27T01:52:45.7409350Z Removed build tracker: '/private/var/folders/51/hd414ycd67n82196sw51xqtc0000gn/T/pip-build-tracker-6arbhb2r'
2022-12-27T01:52:45.7822720Z ##[endgroup]
2022-12-27T01:52:45.7838720Z ##[error]Command ['python', '-m', 'pip', 'wheel', '/Users/runner/actions-runner/_work/python.build/python.build/build_grpcio0150311/grpcio-0.15.0', '--wheel-dir=/private/var/folders/51/hd414ycd67n82196sw51xqtc0000gn/T/cibw-run-1mdkqheg/cp311-macosx_arm64/built_wheel', '--no-deps', '-vvv'] failed with code 1. None
2022-12-27T01:52:45.7839400Z 
2022-12-27T01:52:45.7839710Z                                                              [31m✕ [0m15.08s
2022-12-27T01:52:45.8511920Z ##[error]Process completed with exit code 1.
2022-12-27T01:52:45.8546690Z ##[group]Run rm -rf build_grpcio0150311 wheelsout
2022-12-27T01:52:45.8546940Z [36;1mrm -rf build_grpcio0150311 wheelsout[0m
2022-12-27T01:52:45.8563670Z shell: /bin/bash -e {0}
2022-12-27T01:52:45.8563850Z env:
2022-12-27T01:52:45.8564060Z   pythonLocation: /Users/runner/hostedtoolcache/Python/3.11.1/x64
2022-12-27T01:52:45.8564300Z   PKG_CONFIG_PATH: /Users/runner/hostedtoolcache/Python/3.11.1/x64/lib/pkgconfig
2022-12-27T01:52:45.8564560Z   Python_ROOT_DIR: /Users/runner/hostedtoolcache/Python/3.11.1/x64
2022-12-27T01:52:45.8564760Z   Python2_ROOT_DIR: /Users/runner/hostedtoolcache/Python/3.11.1/x64
2022-12-27T01:52:45.8565160Z   Python3_ROOT_DIR: /Users/runner/hostedtoolcache/Python/3.11.1/x64
2022-12-27T01:52:45.8565300Z ##[endgroup]
2022-12-27T01:52:46.2180100Z Cleaning up orphan processes
