2022-12-27T01:58:09.0377146Z Requested labels: self-hosted, macOS, X64
2022-12-27T01:58:09.0377213Z Job defined at: kilnbuild/python.build/.github/workflows/mac_arm_build.yml@refs/heads/main
2022-12-27T01:58:09.0377239Z Waiting for a runner to pick up this job...
2022-12-27T02:58:41.3917493Z Job is about to start running on the runner: s1 (organization)
2022-12-27T02:58:44.5725710Z Current runner version: '2.300.2'
2022-12-27T02:58:44.5730650Z Runner name: 's1'
2022-12-27T02:58:44.5730900Z Runner group name: 'Default'
2022-12-27T02:58:44.5731320Z Machine name: 's1'
2022-12-27T02:58:44.5732860Z ##[group]GITHUB_TOKEN Permissions
2022-12-27T02:58:44.5733270Z Actions: write
2022-12-27T02:58:44.5733420Z Checks: write
2022-12-27T02:58:44.5733550Z Contents: write
2022-12-27T02:58:44.5733690Z Deployments: write
2022-12-27T02:58:44.5733830Z Discussions: write
2022-12-27T02:58:44.5733970Z Issues: write
2022-12-27T02:58:44.5734100Z Metadata: read
2022-12-27T02:58:44.5734230Z Packages: write
2022-12-27T02:58:44.5734380Z Pages: write
2022-12-27T02:58:44.5734510Z PullRequests: write
2022-12-27T02:58:44.5734670Z RepositoryProjects: write
2022-12-27T02:58:44.5734840Z SecurityEvents: write
2022-12-27T02:58:44.5734980Z Statuses: write
2022-12-27T02:58:44.5735110Z ##[endgroup]
2022-12-27T02:58:44.5737610Z Secret source: Actions
2022-12-27T02:58:44.5737920Z Prepare workflow directory
2022-12-27T02:58:44.6415100Z Prepare all required actions
2022-12-27T02:58:44.6538540Z Getting action download info
2022-12-27T02:58:45.0699870Z Download action repository 'actions/setup-python@v4' (SHA:5ccb29d8773c3f3f653e1705f474dfaa8a06a912)
2022-12-27T02:58:46.8482680Z Download action repository 'actions/upload-artifact@v3' (SHA:83fd05a356d7e2593de66fc9913b3002723633cb)
2022-12-27T02:58:48.1565630Z ##[group]Run echo '{
2022-12-27T02:58:48.1565880Z [36;1mecho '{[0m
2022-12-27T02:58:48.1566150Z [36;1m  "environment_variables": "GRPC_PYTHON_BUILD_WITH_CYTHON=1 GRPC_BUILD_WITH_BORING_SSL_ASM='' GRPC_PYTHON_BUILD_SYSTEM_OPENSSL=TRUE",[0m
2022-12-27T02:58:48.1566370Z [36;1m  "package_name": "grpcio",[0m
2022-12-27T02:58:48.1566630Z [36;1m  "package_url": "https://files.pythonhosted.org/packages/e3/aa/6ee1f1c0b35d270725abff07f8d807c0413154af14cd019fd3aa3ab69d64/grpcio-1.19.0.tar.gz",[0m
2022-12-27T02:58:48.1566850Z [36;1m  "package_version": "1.19.0",[0m
2022-12-27T02:58:48.1567000Z [36;1m  "python_version": "3.9",[0m
2022-12-27T02:58:48.1567130Z [36;1m  "use_ccache": "true"[0m
2022-12-27T02:58:48.1567300Z [36;1m}'[0m
2022-12-27T02:58:48.1583220Z shell: /bin/bash -e {0}
2022-12-27T02:58:48.1583360Z ##[endgroup]
2022-12-27T02:58:48.1803980Z {
2022-12-27T02:58:48.1805640Z   "environment_variables": "GRPC_PYTHON_BUILD_WITH_CYTHON=1 GRPC_BUILD_WITH_BORING_SSL_ASM= GRPC_PYTHON_BUILD_SYSTEM_OPENSSL=TRUE",
2022-12-27T02:58:48.1805930Z   "package_name": "grpcio",
2022-12-27T02:58:48.1806540Z   "package_url": "https://files.pythonhosted.org/packages/e3/aa/6ee1f1c0b35d270725abff07f8d807c0413154af14cd019fd3aa3ab69d64/grpcio-1.19.0.tar.gz",
2022-12-27T02:58:48.1806890Z   "package_version": "1.19.0",
2022-12-27T02:58:48.1807040Z   "python_version": "3.9",
2022-12-27T02:58:48.1807210Z   "use_ccache": "true"
2022-12-27T02:58:48.1807360Z }
2022-12-27T02:58:48.2025220Z ##[group]Run actions/setup-python@v4
2022-12-27T02:58:48.2025440Z with:
2022-12-27T02:58:48.2025690Z   python-version: 3.9
2022-12-27T02:58:48.2025890Z   check-latest: false
2022-12-27T02:58:48.2026190Z   token: ***
2022-12-27T02:58:48.2026380Z   update-environment: true
2022-12-27T02:58:48.2026610Z ##[endgroup]
2022-12-27T02:58:48.3263050Z ##[group]Installed versions
2022-12-27T02:58:48.3306510Z Successfully set up CPython (3.9.16)
2022-12-27T02:58:48.3307210Z ##[endgroup]
2022-12-27T02:58:48.3453140Z ##[group]Run if [ "true" == "true" ]
2022-12-27T02:58:48.3453400Z [36;1mif [ "true" == "true" ][0m
2022-12-27T02:58:48.3453560Z [36;1mthen[0m
2022-12-27T02:58:48.3453780Z [36;1m  echo "CCACHE_PATH_PREPEND=/usr/local/opt/ccache/libexec" >> $GITHUB_OUTPUT[0m
2022-12-27T02:58:48.3453980Z [36;1melse[0m
2022-12-27T02:58:48.3454230Z [36;1m  echo "CCACHE_PATH_PREPEND=" >> $GITHUB_OUTPUT[0m
2022-12-27T02:58:48.3454390Z [36;1mfi[0m
2022-12-27T02:58:48.3471640Z shell: /bin/bash -e {0}
2022-12-27T02:58:48.3471900Z env:
2022-12-27T02:58:48.3472120Z   pythonLocation: /Users/runner/hostedtoolcache/Python/3.9.16/x64
2022-12-27T02:58:48.3472350Z   PKG_CONFIG_PATH: /Users/runner/hostedtoolcache/Python/3.9.16/x64/lib/pkgconfig
2022-12-27T02:58:48.3472940Z   Python_ROOT_DIR: /Users/runner/hostedtoolcache/Python/3.9.16/x64
2022-12-27T02:58:48.3473210Z   Python2_ROOT_DIR: /Users/runner/hostedtoolcache/Python/3.9.16/x64
2022-12-27T02:58:48.3473470Z   Python3_ROOT_DIR: /Users/runner/hostedtoolcache/Python/3.9.16/x64
2022-12-27T02:58:48.3473670Z ##[endgroup]
2022-12-27T02:58:48.3596780Z ##[group]Run echo "BUILD_NAME=$(echo grpcio_1.19.0_3.9 | tr -dc '[:alnum:]\n\r' | tr '[:upper:]' '[:lower:]')" >> $GITHUB_OUTPUT
2022-12-27T02:58:48.3597240Z [36;1mecho "BUILD_NAME=$(echo grpcio_1.19.0_3.9 | tr -dc '[:alnum:]\n\r' | tr '[:upper:]' '[:lower:]')" >> $GITHUB_OUTPUT[0m
2022-12-27T02:58:48.3612360Z shell: /bin/bash -e {0}
2022-12-27T02:58:48.3612560Z env:
2022-12-27T02:58:48.3612750Z   pythonLocation: /Users/runner/hostedtoolcache/Python/3.9.16/x64
2022-12-27T02:58:48.3613020Z   PKG_CONFIG_PATH: /Users/runner/hostedtoolcache/Python/3.9.16/x64/lib/pkgconfig
2022-12-27T02:58:48.3613360Z   Python_ROOT_DIR: /Users/runner/hostedtoolcache/Python/3.9.16/x64
2022-12-27T02:58:48.3613620Z   Python2_ROOT_DIR: /Users/runner/hostedtoolcache/Python/3.9.16/x64
2022-12-27T02:58:48.3613860Z   Python3_ROOT_DIR: /Users/runner/hostedtoolcache/Python/3.9.16/x64
2022-12-27T02:58:48.3614080Z ##[endgroup]
2022-12-27T02:58:48.3755890Z ##[group]Run echo "PYTHON_NO_DOTS=$(echo 3.9 | tr -dc '[:alnum:]\n\r' | tr '[:upper:]' '[:lower:]')" >> $GITHUB_OUTPUT
2022-12-27T02:58:48.3756240Z [36;1mecho "PYTHON_NO_DOTS=$(echo 3.9 | tr -dc '[:alnum:]\n\r' | tr '[:upper:]' '[:lower:]')" >> $GITHUB_OUTPUT[0m
2022-12-27T02:58:48.3770380Z shell: /bin/bash -e {0}
2022-12-27T02:58:48.3770570Z env:
2022-12-27T02:58:48.3770750Z   pythonLocation: /Users/runner/hostedtoolcache/Python/3.9.16/x64
2022-12-27T02:58:48.3771470Z   PKG_CONFIG_PATH: /Users/runner/hostedtoolcache/Python/3.9.16/x64/lib/pkgconfig
2022-12-27T02:58:48.3771740Z   Python_ROOT_DIR: /Users/runner/hostedtoolcache/Python/3.9.16/x64
2022-12-27T02:58:48.3771970Z   Python2_ROOT_DIR: /Users/runner/hostedtoolcache/Python/3.9.16/x64
2022-12-27T02:58:48.3772240Z   Python3_ROOT_DIR: /Users/runner/hostedtoolcache/Python/3.9.16/x64
2022-12-27T02:58:48.3772410Z ##[endgroup]
2022-12-27T02:58:48.3883920Z ##[group]Run rm -rf build_grpcio119039
2022-12-27T02:58:48.3884320Z [36;1mrm -rf build_grpcio119039[0m
2022-12-27T02:58:48.3884530Z [36;1mmkdir build_grpcio119039[0m
2022-12-27T02:58:48.3884710Z [36;1mcd build_grpcio119039[0m
2022-12-27T02:58:48.3885040Z [36;1m/usr/local/bin/wget --quiet https://files.pythonhosted.org/packages/e3/aa/6ee1f1c0b35d270725abff07f8d807c0413154af14cd019fd3aa3ab69d64/grpcio-1.19.0.tar.gz[0m
2022-12-27T02:58:48.3885310Z [36;1mtar xf *.tar.gz[0m
2022-12-27T02:58:48.3885470Z [36;1mcd grpcio-*/[0m
2022-12-27T02:58:48.3885690Z [36;1mpython -m pip install cibuildwheel==2.11.3[0m
2022-12-27T02:58:48.3885910Z [36;1mpython -m cibuildwheel --output-dir ../wheelsout[0m
2022-12-27T02:58:48.3899980Z shell: /bin/bash -e {0}
2022-12-27T02:58:48.3900230Z env:
2022-12-27T02:58:48.3900470Z   pythonLocation: /Users/runner/hostedtoolcache/Python/3.9.16/x64
2022-12-27T02:58:48.3900740Z   PKG_CONFIG_PATH: /Users/runner/hostedtoolcache/Python/3.9.16/x64/lib/pkgconfig
2022-12-27T02:58:48.3901040Z   Python_ROOT_DIR: /Users/runner/hostedtoolcache/Python/3.9.16/x64
2022-12-27T02:58:48.3901310Z   Python2_ROOT_DIR: /Users/runner/hostedtoolcache/Python/3.9.16/x64
2022-12-27T02:58:48.3901550Z   Python3_ROOT_DIR: /Users/runner/hostedtoolcache/Python/3.9.16/x64
2022-12-27T02:58:48.3901720Z   CIBW_ARCHS_MACOS: arm64
2022-12-27T02:58:48.3901890Z   CIBW_TEST_SKIP: *_arm64
2022-12-27T02:58:48.3902060Z   CIBW_BUILD: cp39-macosx_arm64
2022-12-27T02:58:48.3902250Z   CIBW_BUILD_FRONTEND: pip
2022-12-27T02:58:48.3902420Z   CIBW_BUILD_VERBOSITY: 3
2022-12-27T02:58:48.3902780Z   CIBW_ENVIRONMENT_MACOS: GRPC_PYTHON_BUILD_WITH_CYTHON=1 GRPC_BUILD_WITH_BORING_SSL_ASM='' GRPC_PYTHON_BUILD_SYSTEM_OPENSSL=TRUE CFLAGS="-I/usr/local/opt/openssl@3/include" LDFLAGS="-L/usr/local/opt/openssl@3/lib" CPPFLAGS="-I/usr/local/opt/openssl@3/include" MAKEFLAGS="-j$(sysctl -n hw.logicalcpu)" PATH=/usr/local/opt/ccache/libexec:$PATH
2022-12-27T02:58:48.3903430Z   CIBW_BEFORE_BUILD: pip install Cython; if [[ -f requirements.txt ]]; then pip install -r requirements.txt; fi
2022-12-27T02:58:48.3903650Z   MAKEFLAGS: -j$(sysctl -n hw.logicalcpu)
2022-12-27T02:58:48.3903870Z ##[endgroup]
2022-12-27T02:58:49.2798750Z Requirement already satisfied: cibuildwheel==2.11.3 in /Users/runner/hostedtoolcache/Python/3.9.16/x64/lib/python3.9/site-packages (2.11.3)
2022-12-27T02:58:49.3060040Z Requirement already satisfied: bashlex!=0.13 in /Users/runner/hostedtoolcache/Python/3.9.16/x64/lib/python3.9/site-packages (from cibuildwheel==2.11.3) (0.16)
2022-12-27T02:58:49.3063500Z Requirement already satisfied: platformdirs in /Users/runner/hostedtoolcache/Python/3.9.16/x64/lib/python3.9/site-packages (from cibuildwheel==2.11.3) (2.6.0)
2022-12-27T02:58:49.3069590Z Requirement already satisfied: tomli in /Users/runner/hostedtoolcache/Python/3.9.16/x64/lib/python3.9/site-packages (from cibuildwheel==2.11.3) (2.0.1)
2022-12-27T02:58:49.3076080Z Requirement already satisfied: packaging>=20.9 in /Users/runner/hostedtoolcache/Python/3.9.16/x64/lib/python3.9/site-packages (from cibuildwheel==2.11.3) (22.0)
2022-12-27T02:58:49.3079430Z Requirement already satisfied: filelock in /Users/runner/hostedtoolcache/Python/3.9.16/x64/lib/python3.9/site-packages (from cibuildwheel==2.11.3) (3.8.2)
2022-12-27T02:58:49.3088190Z Requirement already satisfied: typing-extensions>=4.1.0 in /Users/runner/hostedtoolcache/Python/3.9.16/x64/lib/python3.9/site-packages (from cibuildwheel==2.11.3) (4.4.0)
2022-12-27T02:58:49.3091800Z Requirement already satisfied: bracex in /Users/runner/hostedtoolcache/Python/3.9.16/x64/lib/python3.9/site-packages (from cibuildwheel==2.11.3) (2.3.post1)
2022-12-27T02:58:49.3095290Z Requirement already satisfied: certifi in /Users/runner/hostedtoolcache/Python/3.9.16/x64/lib/python3.9/site-packages (from cibuildwheel==2.11.3) (2022.12.7)
2022-12-27T02:58:49.4906910Z 
2022-12-27T02:58:49.4907120Z      _ _       _ _   _       _           _
2022-12-27T02:58:49.4907510Z  ___|_| |_ _ _|_| |_| |_ _ _| |_ ___ ___| |
2022-12-27T02:58:49.4908710Z |  _| | . | | | | | . | | | |   | -_| -_| |
2022-12-27T02:58:49.4909090Z |___|_|___|___|_|_|___|_____|_|_|___|___|_|
2022-12-27T02:58:49.4909250Z 
2022-12-27T02:58:49.4909380Z cibuildwheel version 2.11.3
2022-12-27T02:58:49.4909520Z 
2022-12-27T02:58:49.4909700Z Build options:
2022-12-27T02:58:49.4909920Z   platform: macos
2022-12-27T02:58:49.5084760Z   architectures: arm64[0m
2022-12-27T02:58:49.5085220Z   build_selector: 
2022-12-27T02:58:49.5086140Z     build_config: cp39-macosx_arm64
2022-12-27T02:58:49.5086540Z     skip_config: 
2022-12-27T02:58:49.5086900Z     requires_python: None
2022-12-27T02:58:49.5087520Z     prerelease_pythons: False[0m
2022-12-27T02:58:49.5088080Z   [38;5;244mcontainer_engine: docker[0m
2022-12-27T02:58:49.5088780Z   output_dir: /Users/runner/actions-runner/_work/python.build/python.build/build_grpcio119039/wheelsout[0m
2022-12-27T02:58:49.5089780Z   package_dir: /Users/runner/actions-runner/_work/python.build/python.build/build_grpcio119039/grpcio-1.19.0[0m
2022-12-27T02:58:49.5090220Z   test_selector: 
2022-12-27T02:58:49.5090730Z     skip_config: *_arm64[0m
2022-12-27T02:58:49.5091430Z   [38;5;244mbefore_all: [0m
2022-12-27T02:58:49.5092060Z   before_build: pip install Cython; if [[ -f requirements.txt ]]; then pip install -r requirements.txt; fi[0m
2022-12-27T02:58:49.5092650Z   [38;5;244mbefore_test: [0m
2022-12-27T02:58:49.5093330Z   [38;5;244mbuild_frontend: pip[0m
2022-12-27T02:58:49.5093790Z   build_verbosity: 3[0m
2022-12-27T02:58:49.5094110Z   [38;5;244mconfig_settings: [0m
2022-12-27T02:58:49.5094510Z   [38;5;244mdependency_constraints: pinned[0m
2022-12-27T02:58:49.5094950Z   environment: 
2022-12-27T02:58:49.5095210Z     GRPC_PYTHON_BUILD_WITH_CYTHON=1
2022-12-27T02:58:49.5095580Z     GRPC_BUILD_WITH_BORING_SSL_ASM=''
2022-12-27T02:58:49.5095890Z     GRPC_PYTHON_BUILD_SYSTEM_OPENSSL=TRUE
2022-12-27T02:58:49.5096600Z     CFLAGS="-I/usr/local/opt/openssl@3/include"
2022-12-27T02:58:49.5097170Z     LDFLAGS="-L/usr/local/opt/openssl@3/lib"
2022-12-27T02:58:49.5097610Z     CPPFLAGS="-I/usr/local/opt/openssl@3/include"
2022-12-27T02:58:49.5097980Z     MAKEFLAGS="-j$(sysctl -n hw.logicalcpu)"
2022-12-27T02:58:49.5098400Z     PATH=/usr/local/opt/ccache/libexec:$PATH[0m
2022-12-27T02:58:49.5098840Z   [38;5;244mmanylinux_images: None[0m
2022-12-27T02:58:49.5099300Z   [38;5;244mmusllinux_images: None[0m
2022-12-27T02:58:49.5099830Z   [38;5;244mrepair_command: delocate-wheel --require-archs {delocate_archs} -w {dest_dir} -v {wheel}[0m
2022-12-27T02:58:49.5100280Z   [38;5;244mtest_command: [0m
2022-12-27T02:58:49.5100630Z   [38;5;244mtest_extras: [0m
2022-12-27T02:58:49.5101020Z   [38;5;244mtest_requires: [0m
2022-12-27T02:58:49.5101460Z 
2022-12-27T02:58:49.5101650Z Cache folder: /Users/runner/Library/Caches/cibuildwheel
2022-12-27T02:58:49.5114420Z 
2022-12-27T02:58:49.5114640Z Here we go!
2022-12-27T02:58:49.5114820Z 
2022-12-27T02:58:49.5178780Z 
2022-12-27T02:58:49.5179160Z [1m[34mBuilding cp39-macosx_arm64 wheel[0m
2022-12-27T02:58:49.5179530Z CPython 3.9 macOS arm64 - Apple Silicon
2022-12-27T02:58:49.5179680Z 
2022-12-27T02:58:49.5182640Z ##[group]Installing Python cp39...
2022-12-27T02:58:49.5182820Z 
2022-12-27T02:58:49.5183010Z + pkgutil --pkgs
2022-12-27T02:58:49.5282520Z ##[endgroup]
2022-12-27T02:58:49.5283500Z                                                               [32m✓ [0m0.01s
2022-12-27T02:58:49.5284120Z ##[group]Setting up build environment...
2022-12-27T02:58:49.5284260Z 
2022-12-27T02:58:49.5303580Z + /Users/runner/hostedtoolcache/Python/3.9.16/x64/bin/python -sS /Users/runner/Library/Caches/cibuildwheel/virtualenv-20.17.0.pyz --activators= --no-periodic-update --pip=22.3.1 --setuptools=65.6.3 --wheel=0.38.4 --symlink-app-data --python /Library/Frameworks/Python.framework/Versions/3.9/bin/python3 /private/var/folders/51/hd414ycd67n82196sw51xqtc0000gn/T/cibw-run-nuwv21kg/cp39-macosx_arm64/build/venv
2022-12-27T02:58:49.7183210Z created virtual environment CPython3.9.13.final.0-64 in 47ms
2022-12-27T02:58:49.7184330Z   creator CPython3Posix(dest=/private/var/folders/51/hd414ycd67n82196sw51xqtc0000gn/T/cibw-run-nuwv21kg/cp39-macosx_arm64/build/venv, clear=False, no_vcs_ignore=False, global=False)
2022-12-27T02:58:49.7185110Z   seeder FromAppData(download=False, pip=22.3.1, setuptools=65.6.3, wheel=0.38.4, via=symlink, app_data_dir=/Users/runner/Library/Application Support/virtualenv)
2022-12-27T02:58:49.7185600Z     added seed packages: pip==22.3.1, setuptools==65.6.3, wheel==0.38.4
2022-12-27T02:58:49.7291110Z + python -m pip install --upgrade pip -c /Users/runner/hostedtoolcache/Python/3.9.16/x64/lib/python3.9/site-packages/cibuildwheel/resources/constraints-python39.txt
2022-12-27T02:58:50.0342710Z Requirement already satisfied: pip in ./lib/python3.9/site-packages (22.3.1)
2022-12-27T02:58:50.1788360Z + which pip
2022-12-27T02:58:50.1805610Z /private/var/folders/51/hd414ycd67n82196sw51xqtc0000gn/T/cibw-run-nuwv21kg/cp39-macosx_arm64/build/venv/bin/pip
2022-12-27T02:58:50.1807880Z + pip --version
2022-12-27T02:58:50.4080060Z pip 22.3.1 from /private/var/folders/51/hd414ycd67n82196sw51xqtc0000gn/T/cibw-run-nuwv21kg/cp39-macosx_arm64/build/venv/lib/python3.9/site-packages/pip (python 3.9)
2022-12-27T02:58:50.4297550Z + which pip
2022-12-27T02:58:50.4324620Z + which python
2022-12-27T02:58:50.4342920Z /private/var/folders/51/hd414ycd67n82196sw51xqtc0000gn/T/cibw-run-nuwv21kg/cp39-macosx_arm64/build/venv/bin/python
2022-12-27T02:58:50.4345220Z + python --version
2022-12-27T02:58:50.4391370Z Python 3.9.13
2022-12-27T02:58:50.4394700Z + which python
2022-12-27T02:58:50.4450170Z ##[endgroup]
2022-12-27T02:58:50.4450660Z                                                               [32m✓ [0m0.92s
2022-12-27T02:58:50.4451250Z ##[group]Installing build tools...
2022-12-27T02:58:50.4451390Z 
2022-12-27T02:58:50.4451740Z + pip install --upgrade setuptools wheel delocate -c /Users/runner/hostedtoolcache/Python/3.9.16/x64/lib/python3.9/site-packages/cibuildwheel/resources/constraints-python39.txt
2022-12-27T02:58:50.7491690Z Requirement already satisfied: setuptools in /private/var/folders/51/hd414ycd67n82196sw51xqtc0000gn/T/cibw-run-nuwv21kg/cp39-macosx_arm64/build/venv/lib/python3.9/site-packages (65.6.3)
2022-12-27T02:58:50.9841140Z Requirement already satisfied: wheel in /private/var/folders/51/hd414ycd67n82196sw51xqtc0000gn/T/cibw-run-nuwv21kg/cp39-macosx_arm64/build/venv/lib/python3.9/site-packages (0.38.4)
2022-12-27T02:58:51.0341330Z Collecting delocate
2022-12-27T02:58:51.0367450Z   Using cached delocate-0.10.3-py3-none-any.whl (142 kB)
2022-12-27T02:58:51.0593440Z Collecting typing-extensions
2022-12-27T02:58:51.0614990Z   Using cached typing_extensions-4.4.0-py3-none-any.whl (26 kB)
2022-12-27T02:58:51.0882690Z Collecting packaging>=20.9
2022-12-27T02:58:51.0906060Z   Using cached packaging-21.3-py3-none-any.whl (40 kB)
2022-12-27T02:58:51.1281580Z Collecting pyparsing!=3.0.5,>=2.0.2
2022-12-27T02:58:51.1305560Z   Using cached pyparsing-3.0.9-py3-none-any.whl (98 kB)
2022-12-27T02:58:51.1693920Z Installing collected packages: typing-extensions, pyparsing, packaging, delocate
2022-12-27T02:58:51.3207190Z Successfully installed delocate-0.10.3 packaging-21.3 pyparsing-3.0.9 typing-extensions-4.4.0
2022-12-27T02:58:51.3647240Z ##[endgroup]
2022-12-27T02:58:51.3647830Z                                                               [32m✓ [0m0.92s
2022-12-27T02:58:51.3648230Z ##[group]Running before_build...
2022-12-27T02:58:51.3648350Z 
2022-12-27T02:58:51.3654480Z + pip install Cython; if [[ -f requirements.txt ]]; then pip install -r requirements.txt; fi
2022-12-27T02:58:52.0841550Z Collecting Cython
2022-12-27T02:58:52.0889930Z   Using cached Cython-0.29.32-py2.py3-none-any.whl (986 kB)
2022-12-27T02:58:52.1341770Z Installing collected packages: Cython
2022-12-27T02:58:52.6277540Z Successfully installed Cython-0.29.32
2022-12-27T02:58:54.4357060Z Collecting coverage>=4.0
2022-12-27T02:58:54.4442310Z   Using cached coverage-7.0.1-cp39-cp39-macosx_10_9_x86_64.whl (188 kB)
2022-12-27T02:58:54.8379900Z Collecting cython==0.28.3
2022-12-27T02:58:54.8444310Z   Using cached Cython-0.28.3.tar.gz (1.9 MB)
2022-12-27T02:58:55.3545540Z   Preparing metadata (setup.py): started
2022-12-27T02:59:03.2747730Z   Preparing metadata (setup.py): finished with status 'done'
2022-12-27T02:59:03.2953970Z Collecting enum34>=1.0.4
2022-12-27T02:59:03.2977550Z   Using cached enum34-1.1.10-py3-none-any.whl (11 kB)
2022-12-27T02:59:03.6189540Z Collecting protobuf>=3.5.0.post1
2022-12-27T02:59:03.6222420Z   Using cached protobuf-4.21.12-cp37-abi3-macosx_10_9_universal2.whl (486 kB)
2022-12-27T02:59:03.6432100Z Collecting six>=1.10
2022-12-27T02:59:03.6455430Z   Using cached six-1.16.0-py2.py3-none-any.whl (11 kB)
2022-12-27T02:59:03.6474040Z Requirement already satisfied: wheel>=0.29 in /private/var/folders/51/hd414ycd67n82196sw51xqtc0000gn/T/cibw-run-nuwv21kg/cp39-macosx_arm64/build/venv/lib/python3.9/site-packages (from -r requirements.txt (line 7)) (0.38.4)
2022-12-27T02:59:03.6561530Z Building wheels for collected packages: cython
2022-12-27T02:59:03.6566640Z   Building wheel for cython (setup.py): started
2022-12-27T02:59:04.3416310Z   Building wheel for cython (setup.py): finished with status 'error'
2022-12-27T02:59:04.3707490Z   error: subprocess-exited-with-error
2022-12-27T02:59:04.3707900Z   
2022-12-27T02:59:04.3708420Z   × python setup.py bdist_wheel did not run successfully.
2022-12-27T02:59:04.3709150Z   │ exit code: 1
2022-12-27T02:59:04.3709610Z   ╰─> [560 lines of output]
2022-12-27T02:59:04.3709970Z       Unable to find pgen, not compiling formal grammar.
2022-12-27T02:59:04.3710580Z       running bdist_wheel
2022-12-27T02:59:04.3710930Z       running build
2022-12-27T02:59:04.3711260Z       running build_py
2022-12-27T02:59:04.3711560Z       creating build
2022-12-27T02:59:04.3712280Z       creating build/lib.macosx-11.0-arm64-cpython-39
2022-12-27T02:59:04.3713100Z       copying cython.py -> build/lib.macosx-11.0-arm64-cpython-39
2022-12-27T02:59:04.3714750Z       creating build/lib.macosx-11.0-arm64-cpython-39/Cython
2022-12-27T02:59:04.3715680Z       copying Cython/TestUtils.py -> build/lib.macosx-11.0-arm64-cpython-39/Cython
2022-12-27T02:59:04.3716380Z       copying Cython/StringIOTree.py -> build/lib.macosx-11.0-arm64-cpython-39/Cython
2022-12-27T02:59:04.3717070Z       copying Cython/__init__.py -> build/lib.macosx-11.0-arm64-cpython-39/Cython
2022-12-27T02:59:04.3717650Z       copying Cython/Coverage.py -> build/lib.macosx-11.0-arm64-cpython-39/Cython
2022-12-27T02:59:04.3718290Z       copying Cython/Debugging.py -> build/lib.macosx-11.0-arm64-cpython-39/Cython
2022-12-27T02:59:04.3718810Z       copying Cython/Utils.py -> build/lib.macosx-11.0-arm64-cpython-39/Cython
2022-12-27T02:59:04.3719280Z       copying Cython/Shadow.py -> build/lib.macosx-11.0-arm64-cpython-39/Cython
2022-12-27T02:59:04.3719820Z       copying Cython/CodeWriter.py -> build/lib.macosx-11.0-arm64-cpython-39/Cython
2022-12-27T02:59:04.3720500Z       creating build/lib.macosx-11.0-arm64-cpython-39/Cython/Build
2022-12-27T02:59:04.3721050Z       copying Cython/Build/Cythonize.py -> build/lib.macosx-11.0-arm64-cpython-39/Cython/Build
2022-12-27T02:59:04.3721550Z       copying Cython/Build/__init__.py -> build/lib.macosx-11.0-arm64-cpython-39/Cython/Build
2022-12-27T02:59:04.3722180Z       copying Cython/Build/IpythonMagic.py -> build/lib.macosx-11.0-arm64-cpython-39/Cython/Build
2022-12-27T02:59:04.3722920Z       copying Cython/Build/BuildExecutable.py -> build/lib.macosx-11.0-arm64-cpython-39/Cython/Build
2022-12-27T02:59:04.3723510Z       copying Cython/Build/Distutils.py -> build/lib.macosx-11.0-arm64-cpython-39/Cython/Build
2022-12-27T02:59:04.3724040Z       copying Cython/Build/Dependencies.py -> build/lib.macosx-11.0-arm64-cpython-39/Cython/Build
2022-12-27T02:59:04.3724600Z       copying Cython/Build/Inline.py -> build/lib.macosx-11.0-arm64-cpython-39/Cython/Build
2022-12-27T02:59:04.3725110Z       creating build/lib.macosx-11.0-arm64-cpython-39/Cython/Compiler
2022-12-27T02:59:04.3726110Z       copying Cython/Compiler/Optimize.py -> build/lib.macosx-11.0-arm64-cpython-39/Cython/Compiler
2022-12-27T02:59:04.3726760Z       copying Cython/Compiler/Options.py -> build/lib.macosx-11.0-arm64-cpython-39/Cython/Compiler
2022-12-27T02:59:04.3727360Z       copying Cython/Compiler/CodeGeneration.py -> build/lib.macosx-11.0-arm64-cpython-39/Cython/Compiler
2022-12-27T02:59:04.3727950Z       copying Cython/Compiler/ModuleNode.py -> build/lib.macosx-11.0-arm64-cpython-39/Cython/Compiler
2022-12-27T02:59:04.3728480Z       copying Cython/Compiler/DebugFlags.py -> build/lib.macosx-11.0-arm64-cpython-39/Cython/Compiler
2022-12-27T02:59:04.3729220Z       copying Cython/Compiler/TypeSlots.py -> build/lib.macosx-11.0-arm64-cpython-39/Cython/Compiler
2022-12-27T02:59:04.3729800Z       copying Cython/Compiler/Version.py -> build/lib.macosx-11.0-arm64-cpython-39/Cython/Compiler
2022-12-27T02:59:04.3730360Z       copying Cython/Compiler/Parsing.py -> build/lib.macosx-11.0-arm64-cpython-39/Cython/Compiler
2022-12-27T02:59:04.3730880Z       copying Cython/Compiler/Symtab.py -> build/lib.macosx-11.0-arm64-cpython-39/Cython/Compiler
2022-12-27T02:59:04.3731620Z       copying Cython/Compiler/UtilNodes.py -> build/lib.macosx-11.0-arm64-cpython-39/Cython/Compiler
2022-12-27T02:59:04.3732210Z       copying Cython/Compiler/Pythran.py -> build/lib.macosx-11.0-arm64-cpython-39/Cython/Compiler
2022-12-27T02:59:04.3732990Z       copying Cython/Compiler/Naming.py -> build/lib.macosx-11.0-arm64-cpython-39/Cython/Compiler
2022-12-27T02:59:04.3733530Z       copying Cython/Compiler/UtilityCode.py -> build/lib.macosx-11.0-arm64-cpython-39/Cython/Compiler
2022-12-27T02:59:04.3734490Z       copying Cython/Compiler/TreePath.py -> build/lib.macosx-11.0-arm64-cpython-39/Cython/Compiler
2022-12-27T02:59:04.3735080Z       copying Cython/Compiler/CmdLine.py -> build/lib.macosx-11.0-arm64-cpython-39/Cython/Compiler
2022-12-27T02:59:04.3735610Z       copying Cython/Compiler/MemoryView.py -> build/lib.macosx-11.0-arm64-cpython-39/Cython/Compiler
2022-12-27T02:59:04.3736320Z       copying Cython/Compiler/Code.py -> build/lib.macosx-11.0-arm64-cpython-39/Cython/Compiler
2022-12-27T02:59:04.3736760Z       copying Cython/Compiler/__init__.py -> build/lib.macosx-11.0-arm64-cpython-39/Cython/Compiler
2022-12-27T02:59:04.3737120Z       copying Cython/Compiler/TreeFragment.py -> build/lib.macosx-11.0-arm64-cpython-39/Cython/Compiler
2022-12-27T02:59:04.3737470Z       copying Cython/Compiler/ParseTreeTransforms.py -> build/lib.macosx-11.0-arm64-cpython-39/Cython/Compiler
2022-12-27T02:59:04.3737820Z       copying Cython/Compiler/Annotate.py -> build/lib.macosx-11.0-arm64-cpython-39/Cython/Compiler
2022-12-27T02:59:04.3738170Z       copying Cython/Compiler/Lexicon.py -> build/lib.macosx-11.0-arm64-cpython-39/Cython/Compiler
2022-12-27T02:59:04.3738600Z       copying Cython/Compiler/Interpreter.py -> build/lib.macosx-11.0-arm64-cpython-39/Cython/Compiler
2022-12-27T02:59:04.3738950Z       copying Cython/Compiler/AutoDocTransforms.py -> build/lib.macosx-11.0-arm64-cpython-39/Cython/Compiler
2022-12-27T02:59:04.3739310Z       copying Cython/Compiler/Visitor.py -> build/lib.macosx-11.0-arm64-cpython-39/Cython/Compiler
2022-12-27T02:59:04.3739650Z       copying Cython/Compiler/Pipeline.py -> build/lib.macosx-11.0-arm64-cpython-39/Cython/Compiler
2022-12-27T02:59:04.3740030Z       copying Cython/Compiler/Buffer.py -> build/lib.macosx-11.0-arm64-cpython-39/Cython/Compiler
2022-12-27T02:59:04.3740350Z       copying Cython/Compiler/ExprNodes.py -> build/lib.macosx-11.0-arm64-cpython-39/Cython/Compiler
2022-12-27T02:59:04.3740690Z       copying Cython/Compiler/CythonScope.py -> build/lib.macosx-11.0-arm64-cpython-39/Cython/Compiler
2022-12-27T02:59:04.3741040Z       copying Cython/Compiler/Scanning.py -> build/lib.macosx-11.0-arm64-cpython-39/Cython/Compiler
2022-12-27T02:59:04.3741360Z       copying Cython/Compiler/FusedNode.py -> build/lib.macosx-11.0-arm64-cpython-39/Cython/Compiler
2022-12-27T02:59:04.3741740Z       copying Cython/Compiler/TypeInference.py -> build/lib.macosx-11.0-arm64-cpython-39/Cython/Compiler
2022-12-27T02:59:04.3742300Z       copying Cython/Compiler/Builtin.py -> build/lib.macosx-11.0-arm64-cpython-39/Cython/Compiler
2022-12-27T02:59:04.3742710Z       copying Cython/Compiler/Future.py -> build/lib.macosx-11.0-arm64-cpython-39/Cython/Compiler
2022-12-27T02:59:04.3743180Z       copying Cython/Compiler/Errors.py -> build/lib.macosx-11.0-arm64-cpython-39/Cython/Compiler
2022-12-27T02:59:04.3743510Z       copying Cython/Compiler/Nodes.py -> build/lib.macosx-11.0-arm64-cpython-39/Cython/Compiler
2022-12-27T02:59:04.3743890Z       copying Cython/Compiler/Main.py -> build/lib.macosx-11.0-arm64-cpython-39/Cython/Compiler
2022-12-27T02:59:04.3744250Z       copying Cython/Compiler/StringEncoding.py -> build/lib.macosx-11.0-arm64-cpython-39/Cython/Compiler
2022-12-27T02:59:04.3744620Z       copying Cython/Compiler/AnalysedTreeTransforms.py -> build/lib.macosx-11.0-arm64-cpython-39/Cython/Compiler
2022-12-27T02:59:04.3744960Z       copying Cython/Compiler/FlowControl.py -> build/lib.macosx-11.0-arm64-cpython-39/Cython/Compiler
2022-12-27T02:59:04.3745360Z       copying Cython/Compiler/PyrexTypes.py -> build/lib.macosx-11.0-arm64-cpython-39/Cython/Compiler
2022-12-27T02:59:04.3745710Z       creating build/lib.macosx-11.0-arm64-cpython-39/Cython/Runtime
2022-12-27T02:59:04.3746050Z       copying Cython/Runtime/__init__.py -> build/lib.macosx-11.0-arm64-cpython-39/Cython/Runtime
2022-12-27T02:59:04.3746350Z       creating build/lib.macosx-11.0-arm64-cpython-39/Cython/Distutils
2022-12-27T02:59:04.3746710Z       copying Cython/Distutils/old_build_ext.py -> build/lib.macosx-11.0-arm64-cpython-39/Cython/Distutils
2022-12-27T02:59:04.3747340Z       copying Cython/Distutils/build_ext.py -> build/lib.macosx-11.0-arm64-cpython-39/Cython/Distutils
2022-12-27T02:59:04.3747710Z       copying Cython/Distutils/__init__.py -> build/lib.macosx-11.0-arm64-cpython-39/Cython/Distutils
2022-12-27T02:59:04.3748270Z       copying Cython/Distutils/extension.py -> build/lib.macosx-11.0-arm64-cpython-39/Cython/Distutils
2022-12-27T02:59:04.3748610Z       creating build/lib.macosx-11.0-arm64-cpython-39/Cython/Debugger
2022-12-27T02:59:04.3748910Z       copying Cython/Debugger/libcython.py -> build/lib.macosx-11.0-arm64-cpython-39/Cython/Debugger
2022-12-27T02:59:04.3749360Z       copying Cython/Debugger/__init__.py -> build/lib.macosx-11.0-arm64-cpython-39/Cython/Debugger
2022-12-27T02:59:04.3749720Z       copying Cython/Debugger/Cygdb.py -> build/lib.macosx-11.0-arm64-cpython-39/Cython/Debugger
2022-12-27T02:59:04.3750050Z       copying Cython/Debugger/DebugWriter.py -> build/lib.macosx-11.0-arm64-cpython-39/Cython/Debugger
2022-12-27T02:59:04.3750410Z       copying Cython/Debugger/libpython.py -> build/lib.macosx-11.0-arm64-cpython-39/Cython/Debugger
2022-12-27T02:59:04.3750810Z       creating build/lib.macosx-11.0-arm64-cpython-39/Cython/Debugger/Tests
2022-12-27T02:59:04.3751200Z       copying Cython/Debugger/Tests/test_libcython_in_gdb.py -> build/lib.macosx-11.0-arm64-cpython-39/Cython/Debugger/Tests
2022-12-27T02:59:04.3751560Z       copying Cython/Debugger/Tests/TestLibCython.py -> build/lib.macosx-11.0-arm64-cpython-39/Cython/Debugger/Tests
2022-12-27T02:59:04.3751940Z       copying Cython/Debugger/Tests/__init__.py -> build/lib.macosx-11.0-arm64-cpython-39/Cython/Debugger/Tests
2022-12-27T02:59:04.3752370Z       copying Cython/Debugger/Tests/test_libpython_in_gdb.py -> build/lib.macosx-11.0-arm64-cpython-39/Cython/Debugger/Tests
2022-12-27T02:59:04.3752790Z       creating build/lib.macosx-11.0-arm64-cpython-39/Cython/Plex
2022-12-27T02:59:04.3753090Z       copying Cython/Plex/Machines.py -> build/lib.macosx-11.0-arm64-cpython-39/Cython/Plex
2022-12-27T02:59:04.3753450Z       copying Cython/Plex/Actions.py -> build/lib.macosx-11.0-arm64-cpython-39/Cython/Plex
2022-12-27T02:59:04.3753790Z       copying Cython/Plex/__init__.py -> build/lib.macosx-11.0-arm64-cpython-39/Cython/Plex
2022-12-27T02:59:04.3754090Z       copying Cython/Plex/Timing.py -> build/lib.macosx-11.0-arm64-cpython-39/Cython/Plex
2022-12-27T02:59:04.3754650Z       copying Cython/Plex/Transitions.py -> build/lib.macosx-11.0-arm64-cpython-39/Cython/Plex
2022-12-27T02:59:04.3755050Z       copying Cython/Plex/Regexps.py -> build/lib.macosx-11.0-arm64-cpython-39/Cython/Plex
2022-12-27T02:59:04.3755400Z       copying Cython/Plex/DFA.py -> build/lib.macosx-11.0-arm64-cpython-39/Cython/Plex
2022-12-27T02:59:04.3755700Z       copying Cython/Plex/Errors.py -> build/lib.macosx-11.0-arm64-cpython-39/Cython/Plex
2022-12-27T02:59:04.3756120Z       copying Cython/Plex/Traditional.py -> build/lib.macosx-11.0-arm64-cpython-39/Cython/Plex
2022-12-27T02:59:04.3756490Z       copying Cython/Plex/Lexicons.py -> build/lib.macosx-11.0-arm64-cpython-39/Cython/Plex
2022-12-27T02:59:04.3756840Z       copying Cython/Plex/Scanners.py -> build/lib.macosx-11.0-arm64-cpython-39/Cython/Plex
2022-12-27T02:59:04.3757120Z       creating build/lib.macosx-11.0-arm64-cpython-39/Cython/Tests
2022-12-27T02:59:04.3757470Z       copying Cython/Tests/TestStringIOTree.py -> build/lib.macosx-11.0-arm64-cpython-39/Cython/Tests
2022-12-27T02:59:04.3757900Z       copying Cython/Tests/TestCodeWriter.py -> build/lib.macosx-11.0-arm64-cpython-39/Cython/Tests
2022-12-27T02:59:04.3758220Z       copying Cython/Tests/TestJediTyper.py -> build/lib.macosx-11.0-arm64-cpython-39/Cython/Tests
2022-12-27T02:59:04.3758570Z       copying Cython/Tests/xmlrunner.py -> build/lib.macosx-11.0-arm64-cpython-39/Cython/Tests
2022-12-27T02:59:04.3758920Z       copying Cython/Tests/__init__.py -> build/lib.macosx-11.0-arm64-cpython-39/Cython/Tests
2022-12-27T02:59:04.3759310Z       creating build/lib.macosx-11.0-arm64-cpython-39/Cython/Build/Tests
2022-12-27T02:59:04.3759640Z       copying Cython/Build/Tests/TestInline.py -> build/lib.macosx-11.0-arm64-cpython-39/Cython/Build/Tests
2022-12-27T02:59:04.3760000Z       copying Cython/Build/Tests/__init__.py -> build/lib.macosx-11.0-arm64-cpython-39/Cython/Build/Tests
2022-12-27T02:59:04.3760560Z       copying Cython/Build/Tests/TestIpythonMagic.py -> build/lib.macosx-11.0-arm64-cpython-39/Cython/Build/Tests
2022-12-27T02:59:04.3760950Z       copying Cython/Build/Tests/TestStripLiterals.py -> build/lib.macosx-11.0-arm64-cpython-39/Cython/Build/Tests
2022-12-27T02:59:04.3761330Z       creating build/lib.macosx-11.0-arm64-cpython-39/Cython/Compiler/Tests
2022-12-27T02:59:04.3761710Z       copying Cython/Compiler/Tests/TestGrammar.py -> build/lib.macosx-11.0-arm64-cpython-39/Cython/Compiler/Tests
2022-12-27T02:59:04.3762160Z       copying Cython/Compiler/Tests/TestCmdLine.py -> build/lib.macosx-11.0-arm64-cpython-39/Cython/Compiler/Tests
2022-12-27T02:59:04.3762570Z       copying Cython/Compiler/Tests/TestSignatureMatching.py -> build/lib.macosx-11.0-arm64-cpython-39/Cython/Compiler/Tests
2022-12-27T02:59:04.3762950Z       copying Cython/Compiler/Tests/TestTreeFragment.py -> build/lib.macosx-11.0-arm64-cpython-39/Cython/Compiler/Tests
2022-12-27T02:59:04.3763440Z       copying Cython/Compiler/Tests/TestParseTreeTransforms.py -> build/lib.macosx-11.0-arm64-cpython-39/Cython/Compiler/Tests
2022-12-27T02:59:04.3763830Z       copying Cython/Compiler/Tests/TestBuffer.py -> build/lib.macosx-11.0-arm64-cpython-39/Cython/Compiler/Tests
2022-12-27T02:59:04.3823870Z       copying Cython/Compiler/Tests/TestUtilityLoad.py -> build/lib.macosx-11.0-arm64-cpython-39/Cython/Compiler/Tests
2022-12-27T02:59:04.3824440Z       copying Cython/Compiler/Tests/TestFlowControl.py -> build/lib.macosx-11.0-arm64-cpython-39/Cython/Compiler/Tests
2022-12-27T02:59:04.3824840Z       copying Cython/Compiler/Tests/__init__.py -> build/lib.macosx-11.0-arm64-cpython-39/Cython/Compiler/Tests
2022-12-27T02:59:04.3825200Z       copying Cython/Compiler/Tests/TestTreePath.py -> build/lib.macosx-11.0-arm64-cpython-39/Cython/Compiler/Tests
2022-12-27T02:59:04.3825570Z       copying Cython/Compiler/Tests/TestTypes.py -> build/lib.macosx-11.0-arm64-cpython-39/Cython/Compiler/Tests
2022-12-27T02:59:04.3825940Z       copying Cython/Compiler/Tests/TestVisitor.py -> build/lib.macosx-11.0-arm64-cpython-39/Cython/Compiler/Tests
2022-12-27T02:59:04.3826550Z       copying Cython/Compiler/Tests/TestMemView.py -> build/lib.macosx-11.0-arm64-cpython-39/Cython/Compiler/Tests
2022-12-27T02:59:04.3826890Z       creating build/lib.macosx-11.0-arm64-cpython-39/Cython/Utility
2022-12-27T02:59:04.3827190Z       copying Cython/Utility/__init__.py -> build/lib.macosx-11.0-arm64-cpython-39/Cython/Utility
2022-12-27T02:59:04.3827510Z       creating build/lib.macosx-11.0-arm64-cpython-39/Cython/Tempita
2022-12-27T02:59:04.3827810Z       copying Cython/Tempita/__init__.py -> build/lib.macosx-11.0-arm64-cpython-39/Cython/Tempita
2022-12-27T02:59:04.3828140Z       copying Cython/Tempita/_looper.py -> build/lib.macosx-11.0-arm64-cpython-39/Cython/Tempita
2022-12-27T02:59:04.3828470Z       copying Cython/Tempita/_tempita.py -> build/lib.macosx-11.0-arm64-cpython-39/Cython/Tempita
2022-12-27T02:59:04.3828760Z       copying Cython/Tempita/compat3.py -> build/lib.macosx-11.0-arm64-cpython-39/Cython/Tempita
2022-12-27T02:59:04.3829040Z       creating build/lib.macosx-11.0-arm64-cpython-39/pyximport
2022-12-27T02:59:04.3829360Z       copying pyximport/pyximport.py -> build/lib.macosx-11.0-arm64-cpython-39/pyximport
2022-12-27T02:59:04.3829690Z       copying pyximport/__init__.py -> build/lib.macosx-11.0-arm64-cpython-39/pyximport
2022-12-27T02:59:04.3830020Z       copying pyximport/pyxbuild.py -> build/lib.macosx-11.0-arm64-cpython-39/pyximport
2022-12-27T02:59:04.3830310Z       creating build/lib.macosx-11.0-arm64-cpython-39/Cython/Includes
2022-12-27T02:59:04.3830640Z       copying Cython/Includes/openmp.pxd -> build/lib.macosx-11.0-arm64-cpython-39/Cython/Includes
2022-12-27T02:59:04.3830940Z       creating build/lib.macosx-11.0-arm64-cpython-39/Cython/Includes/posix
2022-12-27T02:59:04.3831240Z       copying Cython/Includes/posix/types.pxd -> build/lib.macosx-11.0-arm64-cpython-39/Cython/Includes/posix
2022-12-27T02:59:04.3831600Z       copying Cython/Includes/posix/select.pxd -> build/lib.macosx-11.0-arm64-cpython-39/Cython/Includes/posix
2022-12-27T02:59:04.3832160Z       copying Cython/Includes/posix/resource.pxd -> build/lib.macosx-11.0-arm64-cpython-39/Cython/Includes/posix
2022-12-27T02:59:04.3832510Z       copying Cython/Includes/posix/wait.pxd -> build/lib.macosx-11.0-arm64-cpython-39/Cython/Includes/posix
2022-12-27T02:59:04.3832840Z       copying Cython/Includes/posix/stat.pxd -> build/lib.macosx-11.0-arm64-cpython-39/Cython/Includes/posix
2022-12-27T02:59:04.3833160Z       copying Cython/Includes/posix/dlfcn.pxd -> build/lib.macosx-11.0-arm64-cpython-39/Cython/Includes/posix
2022-12-27T02:59:04.3833500Z       copying Cython/Includes/posix/__init__.pxd -> build/lib.macosx-11.0-arm64-cpython-39/Cython/Includes/posix
2022-12-27T02:59:04.3833800Z       copying Cython/Includes/posix/strings.pxd -> build/lib.macosx-11.0-arm64-cpython-39/Cython/Includes/posix
2022-12-27T02:59:04.3834130Z       copying Cython/Includes/posix/stdio.pxd -> build/lib.macosx-11.0-arm64-cpython-39/Cython/Includes/posix
2022-12-27T02:59:04.3834490Z       copying Cython/Includes/posix/stdlib.pxd -> build/lib.macosx-11.0-arm64-cpython-39/Cython/Includes/posix
2022-12-27T02:59:04.3834830Z       copying Cython/Includes/posix/mman.pxd -> build/lib.macosx-11.0-arm64-cpython-39/Cython/Includes/posix
2022-12-27T02:59:04.3835180Z       copying Cython/Includes/posix/ioctl.pxd -> build/lib.macosx-11.0-arm64-cpython-39/Cython/Includes/posix
2022-12-27T02:59:04.3835510Z       copying Cython/Includes/posix/signal.pxd -> build/lib.macosx-11.0-arm64-cpython-39/Cython/Includes/posix
2022-12-27T02:59:04.3835830Z       copying Cython/Includes/posix/fcntl.pxd -> build/lib.macosx-11.0-arm64-cpython-39/Cython/Includes/posix
2022-12-27T02:59:04.3836180Z       copying Cython/Includes/posix/unistd.pxd -> build/lib.macosx-11.0-arm64-cpython-39/Cython/Includes/posix
2022-12-27T02:59:04.3836550Z       copying Cython/Includes/posix/time.pxd -> build/lib.macosx-11.0-arm64-cpython-39/Cython/Includes/posix
2022-12-27T02:59:04.3836850Z       creating build/lib.macosx-11.0-arm64-cpython-39/Cython/Includes/libc
2022-12-27T02:59:04.3837320Z       copying Cython/Includes/libc/locale.pxd -> build/lib.macosx-11.0-arm64-cpython-39/Cython/Includes/libc
2022-12-27T02:59:04.3837710Z       copying Cython/Includes/libc/__init__.pxd -> build/lib.macosx-11.0-arm64-cpython-39/Cython/Includes/libc
2022-12-27T02:59:04.3838040Z       copying Cython/Includes/libc/math.pxd -> build/lib.macosx-11.0-arm64-cpython-39/Cython/Includes/libc
2022-12-27T02:59:04.3838400Z       copying Cython/Includes/libc/limits.pxd -> build/lib.macosx-11.0-arm64-cpython-39/Cython/Includes/libc
2022-12-27T02:59:04.3838760Z       copying Cython/Includes/libc/setjmp.pxd -> build/lib.macosx-11.0-arm64-cpython-39/Cython/Includes/libc
2022-12-27T02:59:04.3839100Z       copying Cython/Includes/libc/string.pxd -> build/lib.macosx-11.0-arm64-cpython-39/Cython/Includes/libc
2022-12-27T02:59:04.3839420Z       copying Cython/Includes/libc/stdint.pxd -> build/lib.macosx-11.0-arm64-cpython-39/Cython/Includes/libc
2022-12-27T02:59:04.3839840Z       copying Cython/Includes/libc/stdio.pxd -> build/lib.macosx-11.0-arm64-cpython-39/Cython/Includes/libc
2022-12-27T02:59:04.3840210Z       copying Cython/Includes/libc/stdlib.pxd -> build/lib.macosx-11.0-arm64-cpython-39/Cython/Includes/libc
2022-12-27T02:59:04.3840570Z       copying Cython/Includes/libc/float.pxd -> build/lib.macosx-11.0-arm64-cpython-39/Cython/Includes/libc
2022-12-27T02:59:04.3840890Z       copying Cython/Includes/libc/signal.pxd -> build/lib.macosx-11.0-arm64-cpython-39/Cython/Includes/libc
2022-12-27T02:59:04.3841250Z       copying Cython/Includes/libc/stddef.pxd -> build/lib.macosx-11.0-arm64-cpython-39/Cython/Includes/libc
2022-12-27T02:59:04.3841610Z       copying Cython/Includes/libc/errno.pxd -> build/lib.macosx-11.0-arm64-cpython-39/Cython/Includes/libc
2022-12-27T02:59:04.3841950Z       copying Cython/Includes/libc/time.pxd -> build/lib.macosx-11.0-arm64-cpython-39/Cython/Includes/libc
2022-12-27T02:59:04.3842310Z       creating build/lib.macosx-11.0-arm64-cpython-39/Cython/Includes/numpy
2022-12-27T02:59:04.3842850Z       copying Cython/Includes/numpy/__init__.pxd -> build/lib.macosx-11.0-arm64-cpython-39/Cython/Includes/numpy
2022-12-27T02:59:04.3843220Z       copying Cython/Includes/numpy/math.pxd -> build/lib.macosx-11.0-arm64-cpython-39/Cython/Includes/numpy
2022-12-27T02:59:04.3843510Z       creating build/lib.macosx-11.0-arm64-cpython-39/Cython/Includes/cpython
2022-12-27T02:59:04.3843810Z       copying Cython/Includes/cpython/ref.pxd -> build/lib.macosx-11.0-arm64-cpython-39/Cython/Includes/cpython
2022-12-27T02:59:04.3844180Z       copying Cython/Includes/cpython/long.pxd -> build/lib.macosx-11.0-arm64-cpython-39/Cython/Includes/cpython
2022-12-27T02:59:04.3844550Z       copying Cython/Includes/cpython/iterator.pxd -> build/lib.macosx-11.0-arm64-cpython-39/Cython/Includes/cpython
2022-12-27T02:59:04.3844900Z       copying Cython/Includes/cpython/weakref.pxd -> build/lib.macosx-11.0-arm64-cpython-39/Cython/Includes/cpython
2022-12-27T02:59:04.3845250Z       copying Cython/Includes/cpython/cobject.pxd -> build/lib.macosx-11.0-arm64-cpython-39/Cython/Includes/cpython
2022-12-27T02:59:04.3845590Z       copying Cython/Includes/cpython/set.pxd -> build/lib.macosx-11.0-arm64-cpython-39/Cython/Includes/cpython
2022-12-27T02:59:04.3845940Z       copying Cython/Includes/cpython/__init__.pxd -> build/lib.macosx-11.0-arm64-cpython-39/Cython/Includes/cpython
2022-12-27T02:59:04.3846280Z       copying Cython/Includes/cpython/object.pxd -> build/lib.macosx-11.0-arm64-cpython-39/Cython/Includes/cpython
2022-12-27T02:59:04.3846660Z       copying Cython/Includes/cpython/slice.pxd -> build/lib.macosx-11.0-arm64-cpython-39/Cython/Includes/cpython
2022-12-27T02:59:04.3847030Z       copying Cython/Includes/cpython/getargs.pxd -> build/lib.macosx-11.0-arm64-cpython-39/Cython/Includes/cpython
2022-12-27T02:59:04.3847400Z       copying Cython/Includes/cpython/module.pxd -> build/lib.macosx-11.0-arm64-cpython-39/Cython/Includes/cpython
2022-12-27T02:59:04.3847730Z       copying Cython/Includes/cpython/version.pxd -> build/lib.macosx-11.0-arm64-cpython-39/Cython/Includes/cpython
2022-12-27T02:59:04.3848220Z       copying Cython/Includes/cpython/buffer.pxd -> build/lib.macosx-11.0-arm64-cpython-39/Cython/Includes/cpython
2022-12-27T02:59:04.3848630Z       copying Cython/Includes/cpython/bytes.pxd -> build/lib.macosx-11.0-arm64-cpython-39/Cython/Includes/cpython
2022-12-27T02:59:04.3849000Z       copying Cython/Includes/cpython/exc.pxd -> build/lib.macosx-11.0-arm64-cpython-39/Cython/Includes/cpython
2022-12-27T02:59:04.3849320Z       copying Cython/Includes/cpython/int.pxd -> build/lib.macosx-11.0-arm64-cpython-39/Cython/Includes/cpython
2022-12-27T02:59:04.3849680Z       copying Cython/Includes/cpython/mapping.pxd -> build/lib.macosx-11.0-arm64-cpython-39/Cython/Includes/cpython
2022-12-27T02:59:04.3850100Z       copying Cython/Includes/cpython/string.pxd -> build/lib.macosx-11.0-arm64-cpython-39/Cython/Includes/cpython
2022-12-27T02:59:04.3850460Z       copying Cython/Includes/cpython/dict.pxd -> build/lib.macosx-11.0-arm64-cpython-39/Cython/Includes/cpython
2022-12-27T02:59:04.3850830Z       copying Cython/Includes/cpython/float.pxd -> build/lib.macosx-11.0-arm64-cpython-39/Cython/Includes/cpython
2022-12-27T02:59:04.3851200Z       copying Cython/Includes/cpython/complex.pxd -> build/lib.macosx-11.0-arm64-cpython-39/Cython/Includes/cpython
2022-12-27T02:59:04.3851530Z       copying Cython/Includes/cpython/array.pxd -> build/lib.macosx-11.0-arm64-cpython-39/Cython/Includes/cpython
2022-12-27T02:59:04.3851900Z       copying Cython/Includes/cpython/function.pxd -> build/lib.macosx-11.0-arm64-cpython-39/Cython/Includes/cpython
2022-12-27T02:59:04.3852280Z       copying Cython/Includes/cpython/sequence.pxd -> build/lib.macosx-11.0-arm64-cpython-39/Cython/Includes/cpython
2022-12-27T02:59:04.3852640Z       copying Cython/Includes/cpython/method.pxd -> build/lib.macosx-11.0-arm64-cpython-39/Cython/Includes/cpython
2022-12-27T02:59:04.3852970Z       copying Cython/Includes/cpython/oldbuffer.pxd -> build/lib.macosx-11.0-arm64-cpython-39/Cython/Includes/cpython
2022-12-27T02:59:04.3853540Z       copying Cython/Includes/cpython/longintrepr.pxd -> build/lib.macosx-11.0-arm64-cpython-39/Cython/Includes/cpython
2022-12-27T02:59:04.3853940Z       copying Cython/Includes/cpython/pycapsule.pxd -> build/lib.macosx-11.0-arm64-cpython-39/Cython/Includes/cpython
2022-12-27T02:59:04.3854270Z       copying Cython/Includes/cpython/tuple.pxd -> build/lib.macosx-11.0-arm64-cpython-39/Cython/Includes/cpython
2022-12-27T02:59:04.3854610Z       copying Cython/Includes/cpython/list.pxd -> build/lib.macosx-11.0-arm64-cpython-39/Cython/Includes/cpython
2022-12-27T02:59:04.3855020Z       copying Cython/Includes/cpython/pystate.pxd -> build/lib.macosx-11.0-arm64-cpython-39/Cython/Includes/cpython
2022-12-27T02:59:04.3855400Z       copying Cython/Includes/cpython/mem.pxd -> build/lib.macosx-11.0-arm64-cpython-39/Cython/Includes/cpython
2022-12-27T02:59:04.3855770Z       copying Cython/Includes/cpython/datetime.pxd -> build/lib.macosx-11.0-arm64-cpython-39/Cython/Includes/cpython
2022-12-27T02:59:04.3856120Z       copying Cython/Includes/cpython/pythread.pxd -> build/lib.macosx-11.0-arm64-cpython-39/Cython/Includes/cpython
2022-12-27T02:59:04.3856500Z       copying Cython/Includes/cpython/instance.pxd -> build/lib.macosx-11.0-arm64-cpython-39/Cython/Includes/cpython
2022-12-27T02:59:04.3856920Z       copying Cython/Includes/cpython/unicode.pxd -> build/lib.macosx-11.0-arm64-cpython-39/Cython/Includes/cpython
2022-12-27T02:59:04.3857260Z       copying Cython/Includes/cpython/number.pxd -> build/lib.macosx-11.0-arm64-cpython-39/Cython/Includes/cpython
2022-12-27T02:59:04.3857630Z       copying Cython/Includes/cpython/type.pxd -> build/lib.macosx-11.0-arm64-cpython-39/Cython/Includes/cpython
2022-12-27T02:59:04.3858000Z       copying Cython/Includes/cpython/bool.pxd -> build/lib.macosx-11.0-arm64-cpython-39/Cython/Includes/cpython
2022-12-27T02:59:04.3858340Z       creating build/lib.macosx-11.0-arm64-cpython-39/Cython/Includes/libcpp
2022-12-27T02:59:04.3858820Z       copying Cython/Includes/libcpp/unordered_set.pxd -> build/lib.macosx-11.0-arm64-cpython-39/Cython/Includes/libcpp
2022-12-27T02:59:04.3859250Z       copying Cython/Includes/libcpp/memory.pxd -> build/lib.macosx-11.0-arm64-cpython-39/Cython/Includes/libcpp
2022-12-27T02:59:04.3859630Z       copying Cython/Includes/libcpp/iterator.pxd -> build/lib.macosx-11.0-arm64-cpython-39/Cython/Includes/libcpp
2022-12-27T02:59:04.3859990Z       copying Cython/Includes/libcpp/set.pxd -> build/lib.macosx-11.0-arm64-cpython-39/Cython/Includes/libcpp
2022-12-27T02:59:04.3860300Z       copying Cython/Includes/libcpp/__init__.pxd -> build/lib.macosx-11.0-arm64-cpython-39/Cython/Includes/libcpp
2022-12-27T02:59:04.3860630Z       copying Cython/Includes/libcpp/limits.pxd -> build/lib.macosx-11.0-arm64-cpython-39/Cython/Includes/libcpp
2022-12-27T02:59:04.3860970Z       copying Cython/Includes/libcpp/deque.pxd -> build/lib.macosx-11.0-arm64-cpython-39/Cython/Includes/libcpp
2022-12-27T02:59:04.3861310Z       copying Cython/Includes/libcpp/stack.pxd -> build/lib.macosx-11.0-arm64-cpython-39/Cython/Includes/libcpp
2022-12-27T02:59:04.3861610Z       copying Cython/Includes/libcpp/string.pxd -> build/lib.macosx-11.0-arm64-cpython-39/Cython/Includes/libcpp
2022-12-27T02:59:04.3861940Z       copying Cython/Includes/libcpp/typeindex.pxd -> build/lib.macosx-11.0-arm64-cpython-39/Cython/Includes/libcpp
2022-12-27T02:59:04.3862350Z       copying Cython/Includes/libcpp/map.pxd -> build/lib.macosx-11.0-arm64-cpython-39/Cython/Includes/libcpp
2022-12-27T02:59:04.3862730Z       copying Cython/Includes/libcpp/complex.pxd -> build/lib.macosx-11.0-arm64-cpython-39/Cython/Includes/libcpp
2022-12-27T02:59:04.3863060Z       copying Cython/Includes/libcpp/vector.pxd -> build/lib.macosx-11.0-arm64-cpython-39/Cython/Includes/libcpp
2022-12-27T02:59:04.3863450Z       copying Cython/Includes/libcpp/functional.pxd -> build/lib.macosx-11.0-arm64-cpython-39/Cython/Includes/libcpp
2022-12-27T02:59:04.3864020Z       copying Cython/Includes/libcpp/algorithm.pxd -> build/lib.macosx-11.0-arm64-cpython-39/Cython/Includes/libcpp
2022-12-27T02:59:04.3864370Z       copying Cython/Includes/libcpp/list.pxd -> build/lib.macosx-11.0-arm64-cpython-39/Cython/Includes/libcpp
2022-12-27T02:59:04.3864690Z       copying Cython/Includes/libcpp/queue.pxd -> build/lib.macosx-11.0-arm64-cpython-39/Cython/Includes/libcpp
2022-12-27T02:59:04.3865040Z       copying Cython/Includes/libcpp/unordered_map.pxd -> build/lib.macosx-11.0-arm64-cpython-39/Cython/Includes/libcpp
2022-12-27T02:59:04.3865340Z       copying Cython/Includes/libcpp/cast.pxd -> build/lib.macosx-11.0-arm64-cpython-39/Cython/Includes/libcpp
2022-12-27T02:59:04.3865640Z       copying Cython/Includes/libcpp/typeinfo.pxd -> build/lib.macosx-11.0-arm64-cpython-39/Cython/Includes/libcpp
2022-12-27T02:59:04.3865930Z       copying Cython/Includes/libcpp/pair.pxd -> build/lib.macosx-11.0-arm64-cpython-39/Cython/Includes/libcpp
2022-12-27T02:59:04.3866230Z       copying Cython/Includes/libcpp/utility.pxd -> build/lib.macosx-11.0-arm64-cpython-39/Cython/Includes/libcpp
2022-12-27T02:59:04.3866500Z       creating build/lib.macosx-11.0-arm64-cpython-39/Cython/Includes/Deprecated
2022-12-27T02:59:04.3866800Z       copying Cython/Includes/Deprecated/python_number.pxd -> build/lib.macosx-11.0-arm64-cpython-39/Cython/Includes/Deprecated
2022-12-27T02:59:04.3867140Z       copying Cython/Includes/Deprecated/python_unicode.pxd -> build/lib.macosx-11.0-arm64-cpython-39/Cython/Includes/Deprecated
2022-12-27T02:59:04.3867470Z       copying Cython/Includes/Deprecated/python_dict.pxd -> build/lib.macosx-11.0-arm64-cpython-39/Cython/Includes/Deprecated
2022-12-27T02:59:04.3867780Z       copying Cython/Includes/Deprecated/python_mem.pxd -> build/lib.macosx-11.0-arm64-cpython-39/Cython/Includes/Deprecated
2022-12-27T02:59:04.3868100Z       copying Cython/Includes/Deprecated/stl.pxd -> build/lib.macosx-11.0-arm64-cpython-39/Cython/Includes/Deprecated
2022-12-27T02:59:04.3868410Z       copying Cython/Includes/Deprecated/python2.5.pxd -> build/lib.macosx-11.0-arm64-cpython-39/Cython/Includes/Deprecated
2022-12-27T02:59:04.3868870Z       copying Cython/Includes/Deprecated/python_method.pxd -> build/lib.macosx-11.0-arm64-cpython-39/Cython/Includes/Deprecated
2022-12-27T02:59:04.3869230Z       copying Cython/Includes/Deprecated/python_pycapsule.pxd -> build/lib.macosx-11.0-arm64-cpython-39/Cython/Includes/Deprecated
2022-12-27T02:59:04.3869570Z       copying Cython/Includes/Deprecated/python_oldbuffer.pxd -> build/lib.macosx-11.0-arm64-cpython-39/Cython/Includes/Deprecated
2022-12-27T02:59:04.3869890Z       copying Cython/Includes/Deprecated/python_complex.pxd -> build/lib.macosx-11.0-arm64-cpython-39/Cython/Includes/Deprecated
2022-12-27T02:59:04.3870220Z       copying Cython/Includes/Deprecated/python_bytes.pxd -> build/lib.macosx-11.0-arm64-cpython-39/Cython/Includes/Deprecated
2022-12-27T02:59:04.3870540Z       copying Cython/Includes/Deprecated/python_iterator.pxd -> build/lib.macosx-11.0-arm64-cpython-39/Cython/Includes/Deprecated
2022-12-27T02:59:04.3870880Z       copying Cython/Includes/Deprecated/python_long.pxd -> build/lib.macosx-11.0-arm64-cpython-39/Cython/Includes/Deprecated
2022-12-27T02:59:04.3871190Z       copying Cython/Includes/Deprecated/stdio.pxd -> build/lib.macosx-11.0-arm64-cpython-39/Cython/Includes/Deprecated
2022-12-27T02:59:04.3871500Z       copying Cython/Includes/Deprecated/stdlib.pxd -> build/lib.macosx-11.0-arm64-cpython-39/Cython/Includes/Deprecated
2022-12-27T02:59:04.3871820Z       copying Cython/Includes/Deprecated/python_float.pxd -> build/lib.macosx-11.0-arm64-cpython-39/Cython/Includes/Deprecated
2022-12-27T02:59:04.3872140Z       copying Cython/Includes/Deprecated/python_buffer.pxd -> build/lib.macosx-11.0-arm64-cpython-39/Cython/Includes/Deprecated
2022-12-27T02:59:04.3872470Z       copying Cython/Includes/Deprecated/python_mapping.pxd -> build/lib.macosx-11.0-arm64-cpython-39/Cython/Includes/Deprecated
2022-12-27T02:59:04.3872800Z       copying Cython/Includes/Deprecated/python_instance.pxd -> build/lib.macosx-11.0-arm64-cpython-39/Cython/Includes/Deprecated
2022-12-27T02:59:04.3873290Z       copying Cython/Includes/Deprecated/python_int.pxd -> build/lib.macosx-11.0-arm64-cpython-39/Cython/Includes/Deprecated
2022-12-27T02:59:04.3873610Z       copying Cython/Includes/Deprecated/python_exc.pxd -> build/lib.macosx-11.0-arm64-cpython-39/Cython/Includes/Deprecated
2022-12-27T02:59:04.3873930Z       copying Cython/Includes/Deprecated/python_string.pxd -> build/lib.macosx-11.0-arm64-cpython-39/Cython/Includes/Deprecated
2022-12-27T02:59:04.3874240Z       copying Cython/Includes/Deprecated/python_object.pxd -> build/lib.macosx-11.0-arm64-cpython-39/Cython/Includes/Deprecated
2022-12-27T02:59:04.3874560Z       copying Cython/Includes/Deprecated/python_bool.pxd -> build/lib.macosx-11.0-arm64-cpython-39/Cython/Includes/Deprecated
2022-12-27T02:59:04.3874880Z       copying Cython/Includes/Deprecated/python_module.pxd -> build/lib.macosx-11.0-arm64-cpython-39/Cython/Includes/Deprecated
2022-12-27T02:59:04.3875200Z       copying Cython/Includes/Deprecated/python_set.pxd -> build/lib.macosx-11.0-arm64-cpython-39/Cython/Includes/Deprecated
2022-12-27T02:59:04.3875520Z       copying Cython/Includes/Deprecated/python_getargs.pxd -> build/lib.macosx-11.0-arm64-cpython-39/Cython/Includes/Deprecated
2022-12-27T02:59:04.3875840Z       copying Cython/Includes/Deprecated/python_type.pxd -> build/lib.macosx-11.0-arm64-cpython-39/Cython/Includes/Deprecated
2022-12-27T02:59:04.3876160Z       copying Cython/Includes/Deprecated/python_version.pxd -> build/lib.macosx-11.0-arm64-cpython-39/Cython/Includes/Deprecated
2022-12-27T02:59:04.3876490Z       copying Cython/Includes/Deprecated/python_tuple.pxd -> build/lib.macosx-11.0-arm64-cpython-39/Cython/Includes/Deprecated
2022-12-27T02:59:04.3876810Z       copying Cython/Includes/Deprecated/python_weakref.pxd -> build/lib.macosx-11.0-arm64-cpython-39/Cython/Includes/Deprecated
2022-12-27T02:59:04.3877120Z       copying Cython/Includes/Deprecated/python_ref.pxd -> build/lib.macosx-11.0-arm64-cpython-39/Cython/Includes/Deprecated
2022-12-27T02:59:04.3877570Z       copying Cython/Includes/Deprecated/python_cobject.pxd -> build/lib.macosx-11.0-arm64-cpython-39/Cython/Includes/Deprecated
2022-12-27T02:59:04.3877930Z       copying Cython/Includes/Deprecated/python_function.pxd -> build/lib.macosx-11.0-arm64-cpython-39/Cython/Includes/Deprecated
2022-12-27T02:59:04.3878260Z       copying Cython/Includes/Deprecated/python_sequence.pxd -> build/lib.macosx-11.0-arm64-cpython-39/Cython/Includes/Deprecated
2022-12-27T02:59:04.3878580Z       copying Cython/Includes/Deprecated/python.pxd -> build/lib.macosx-11.0-arm64-cpython-39/Cython/Includes/Deprecated
2022-12-27T02:59:04.3878910Z       copying Cython/Includes/Deprecated/python_list.pxd -> build/lib.macosx-11.0-arm64-cpython-39/Cython/Includes/Deprecated
2022-12-27T02:59:04.3879220Z       copying Cython/Compiler/ParseTreeTransforms.pxd -> build/lib.macosx-11.0-arm64-cpython-39/Cython/Compiler
2022-12-27T02:59:04.3879520Z       copying Cython/Compiler/Scanning.pxd -> build/lib.macosx-11.0-arm64-cpython-39/Cython/Compiler
2022-12-27T02:59:04.3879810Z       copying Cython/Compiler/Parsing.pxd -> build/lib.macosx-11.0-arm64-cpython-39/Cython/Compiler
2022-12-27T02:59:04.3880100Z       copying Cython/Compiler/FlowControl.pxd -> build/lib.macosx-11.0-arm64-cpython-39/Cython/Compiler
2022-12-27T02:59:04.3880380Z       copying Cython/Compiler/Code.pxd -> build/lib.macosx-11.0-arm64-cpython-39/Cython/Compiler
2022-12-27T02:59:04.3880650Z       copying Cython/Compiler/Visitor.pxd -> build/lib.macosx-11.0-arm64-cpython-39/Cython/Compiler
2022-12-27T02:59:04.3880930Z       copying Cython/Runtime/refnanny.pyx -> build/lib.macosx-11.0-arm64-cpython-39/Cython/Runtime
2022-12-27T02:59:04.3881220Z       copying Cython/Debugger/Tests/codefile -> build/lib.macosx-11.0-arm64-cpython-39/Cython/Debugger/Tests
2022-12-27T02:59:04.3881510Z       copying Cython/Debugger/Tests/cfuncs.c -> build/lib.macosx-11.0-arm64-cpython-39/Cython/Debugger/Tests
2022-12-27T02:59:04.3881950Z       copying Cython/Plex/Scanners.pxd -> build/lib.macosx-11.0-arm64-cpython-39/Cython/Plex
2022-12-27T02:59:04.3882270Z       copying Cython/Plex/Actions.pxd -> build/lib.macosx-11.0-arm64-cpython-39/Cython/Plex
2022-12-27T02:59:04.3882560Z       copying Cython/Utility/CpdefEnums.pyx -> build/lib.macosx-11.0-arm64-cpython-39/Cython/Utility
2022-12-27T02:59:04.3882860Z       copying Cython/Utility/TestCyUtilityLoader.pyx -> build/lib.macosx-11.0-arm64-cpython-39/Cython/Utility
2022-12-27T02:59:04.3883150Z       copying Cython/Utility/CppConvert.pyx -> build/lib.macosx-11.0-arm64-cpython-39/Cython/Utility
2022-12-27T02:59:04.3883440Z       copying Cython/Utility/TestCythonScope.pyx -> build/lib.macosx-11.0-arm64-cpython-39/Cython/Utility
2022-12-27T02:59:04.3883720Z       copying Cython/Utility/MemoryView.pyx -> build/lib.macosx-11.0-arm64-cpython-39/Cython/Utility
2022-12-27T02:59:04.3884000Z       copying Cython/Utility/CConvert.pyx -> build/lib.macosx-11.0-arm64-cpython-39/Cython/Utility
2022-12-27T02:59:04.3884280Z       copying Cython/Utility/ObjectHandling.c -> build/lib.macosx-11.0-arm64-cpython-39/Cython/Utility
2022-12-27T02:59:04.3884560Z       copying Cython/Utility/Buffer.c -> build/lib.macosx-11.0-arm64-cpython-39/Cython/Utility
2022-12-27T02:59:04.3884820Z       copying Cython/Utility/Builtins.c -> build/lib.macosx-11.0-arm64-cpython-39/Cython/Utility
2022-12-27T02:59:04.3885090Z       copying Cython/Utility/Overflow.c -> build/lib.macosx-11.0-arm64-cpython-39/Cython/Utility
2022-12-27T02:59:04.3885360Z       copying Cython/Utility/Capsule.c -> build/lib.macosx-11.0-arm64-cpython-39/Cython/Utility
2022-12-27T02:59:04.3885640Z       copying Cython/Utility/FunctionArguments.c -> build/lib.macosx-11.0-arm64-cpython-39/Cython/Utility
2022-12-27T02:59:04.3885930Z       copying Cython/Utility/TestUtilityLoader.c -> build/lib.macosx-11.0-arm64-cpython-39/Cython/Utility
2022-12-27T02:59:04.3886220Z       copying Cython/Utility/MemoryView_C.c -> build/lib.macosx-11.0-arm64-cpython-39/Cython/Utility
2022-12-27T02:59:04.3886490Z       copying Cython/Utility/Printing.c -> build/lib.macosx-11.0-arm64-cpython-39/Cython/Utility
2022-12-27T02:59:04.3886910Z       copying Cython/Utility/CythonFunction.c -> build/lib.macosx-11.0-arm64-cpython-39/Cython/Utility
2022-12-27T02:59:04.3887270Z       copying Cython/Utility/Complex.c -> build/lib.macosx-11.0-arm64-cpython-39/Cython/Utility
2022-12-27T02:59:04.3887600Z       copying Cython/Utility/StringTools.c -> build/lib.macosx-11.0-arm64-cpython-39/Cython/Utility
2022-12-27T02:59:04.3887920Z       copying Cython/Utility/ImportExport.c -> build/lib.macosx-11.0-arm64-cpython-39/Cython/Utility
2022-12-27T02:59:04.3888190Z       copying Cython/Utility/CMath.c -> build/lib.macosx-11.0-arm64-cpython-39/Cython/Utility
2022-12-27T02:59:04.3888470Z       copying Cython/Utility/CommonStructures.c -> build/lib.macosx-11.0-arm64-cpython-39/Cython/Utility
2022-12-27T02:59:04.3888730Z       copying Cython/Utility/Embed.c -> build/lib.macosx-11.0-arm64-cpython-39/Cython/Utility
2022-12-27T02:59:04.3889010Z       copying Cython/Utility/ExtensionTypes.c -> build/lib.macosx-11.0-arm64-cpython-39/Cython/Utility
2022-12-27T02:59:04.3889290Z       copying Cython/Utility/Optimize.c -> build/lib.macosx-11.0-arm64-cpython-39/Cython/Utility
2022-12-27T02:59:04.3889570Z       copying Cython/Utility/ModuleSetupCode.c -> build/lib.macosx-11.0-arm64-cpython-39/Cython/Utility
2022-12-27T02:59:04.3889840Z       copying Cython/Utility/Profile.c -> build/lib.macosx-11.0-arm64-cpython-39/Cython/Utility
2022-12-27T02:59:04.3890110Z       copying Cython/Utility/Exceptions.c -> build/lib.macosx-11.0-arm64-cpython-39/Cython/Utility
2022-12-27T02:59:04.3890380Z       copying Cython/Utility/AsyncGen.c -> build/lib.macosx-11.0-arm64-cpython-39/Cython/Utility
2022-12-27T02:59:04.3890660Z       copying Cython/Utility/TypeConversion.c -> build/lib.macosx-11.0-arm64-cpython-39/Cython/Utility
2022-12-27T02:59:04.3890940Z       copying Cython/Utility/Coroutine.c -> build/lib.macosx-11.0-arm64-cpython-39/Cython/Utility
2022-12-27T02:59:04.3891380Z       copying Cython/Utility/arrayarray.h -> build/lib.macosx-11.0-arm64-cpython-39/Cython/Utility
2022-12-27T02:59:04.3891660Z       copying Cython/Utility/CppSupport.cpp -> build/lib.macosx-11.0-arm64-cpython-39/Cython/Utility
2022-12-27T02:59:04.3891830Z       running build_ext
2022-12-27T02:59:04.3892020Z       building 'Cython.Plex.Scanners' extension
2022-12-27T02:59:04.3892230Z       creating build/temp.macosx-11.0-arm64-cpython-39
2022-12-27T02:59:04.3892450Z       creating build/temp.macosx-11.0-arm64-cpython-39/private
2022-12-27T02:59:04.3892690Z       creating build/temp.macosx-11.0-arm64-cpython-39/private/var
2022-12-27T02:59:04.3892930Z       creating build/temp.macosx-11.0-arm64-cpython-39/private/var/folders
2022-12-27T02:59:04.3893180Z       creating build/temp.macosx-11.0-arm64-cpython-39/private/var/folders/51
2022-12-27T02:59:04.3893460Z       creating build/temp.macosx-11.0-arm64-cpython-39/private/var/folders/51/hd414ycd67n82196sw51xqtc0000gn
2022-12-27T02:59:04.3893770Z       creating build/temp.macosx-11.0-arm64-cpython-39/private/var/folders/51/hd414ycd67n82196sw51xqtc0000gn/T
2022-12-27T02:59:04.3894110Z       creating build/temp.macosx-11.0-arm64-cpython-39/private/var/folders/51/hd414ycd67n82196sw51xqtc0000gn/T/pip-install-hihzityk
2022-12-27T02:59:04.3894510Z       creating build/temp.macosx-11.0-arm64-cpython-39/private/var/folders/51/hd414ycd67n82196sw51xqtc0000gn/T/pip-install-hihzityk/cython_6a657ac5dbf14cc8a9dbcc2b770fc9d3
2022-12-27T02:59:04.3894930Z       creating build/temp.macosx-11.0-arm64-cpython-39/private/var/folders/51/hd414ycd67n82196sw51xqtc0000gn/T/pip-install-hihzityk/cython_6a657ac5dbf14cc8a9dbcc2b770fc9d3/Cython
2022-12-27T02:59:04.3895360Z       creating build/temp.macosx-11.0-arm64-cpython-39/private/var/folders/51/hd414ycd67n82196sw51xqtc0000gn/T/pip-install-hihzityk/cython_6a657ac5dbf14cc8a9dbcc2b770fc9d3/Cython/Plex
2022-12-27T02:59:04.3896480Z       gcc -Wno-unused-result -Wsign-compare -Wunreachable-code -fno-common -dynamic -DNDEBUG -g -fwrapv -O3 -Wall -g -I/usr/local/opt/openssl@3/include -I/usr/local/opt/openssl@3/include -arch arm64 -I/private/var/folders/51/hd414ycd67n82196sw51xqtc0000gn/T/cibw-run-nuwv21kg/cp39-macosx_arm64/build/venv/include -I/Library/Frameworks/Python.framework/Versions/3.9/include/python3.9 -c /private/var/folders/51/hd414ycd67n82196sw51xqtc0000gn/T/pip-install-hihzityk/cython_6a657ac5dbf14cc8a9dbcc2b770fc9d3/Cython/Plex/Scanners.c -o build/temp.macosx-11.0-arm64-cpython-39/private/var/folders/51/hd414ycd67n82196sw51xqtc0000gn/T/pip-install-hihzityk/cython_6a657ac5dbf14cc8a9dbcc2b770fc9d3/Cython/Plex/Scanners.o
2022-12-27T02:59:04.3897340Z       /private/var/folders/51/hd414ycd67n82196sw51xqtc0000gn/T/pip-install-hihzityk/cython_6a657ac5dbf14cc8a9dbcc2b770fc9d3/Cython/Plex/Scanners.c:3495:51: warning: '_PyUnicode_get_wstr_length' is deprecated [-Wdeprecated-declarations]
2022-12-27T02:59:04.3897630Z                 __pyx_t_8 = (__pyx_v_data != Py_None)&&(__Pyx_PyUnicode_IS_TRUE(__pyx_v_data) != 0);
2022-12-27T02:59:04.3897790Z                                                         ^
2022-12-27T02:59:04.3898140Z       /private/var/folders/51/hd414ycd67n82196sw51xqtc0000gn/T/pip-install-hihzityk/cython_6a657ac5dbf14cc8a9dbcc2b770fc9d3/Cython/Plex/Scanners.c:422:108: note: expanded from macro '__Pyx_PyUnicode_IS_TRUE'
2022-12-27T02:59:04.3898440Z         #define __Pyx_PyUnicode_IS_TRUE(u)      (0 != (likely(PyUnicode_IS_READY(u)) ? PyUnicode_GET_LENGTH(u) : PyUnicode_GET_SIZE(u)))
2022-12-27T02:59:04.3898640Z                                                                                                                  ^
2022-12-27T02:59:04.3898950Z       /Library/Frameworks/Python.framework/Versions/3.9/include/python3.9/cpython/unicodeobject.h:261:7: note: expanded from macro 'PyUnicode_GET_SIZE'
2022-12-27T02:59:04.3899160Z             PyUnicode_WSTR_LENGTH(op) :                    \
2022-12-27T02:59:04.3899280Z             ^
2022-12-27T02:59:04.3899560Z       /Library/Frameworks/Python.framework/Versions/3.9/include/python3.9/cpython/unicodeobject.h:451:35: note: expanded from macro 'PyUnicode_WSTR_LENGTH'
2022-12-27T02:59:04.3899940Z       #define PyUnicode_WSTR_LENGTH(op) _PyUnicode_get_wstr_length((PyObject*)op)
2022-12-27T02:59:04.3900100Z                                         ^
2022-12-27T02:59:04.3900420Z       /Library/Frameworks/Python.framework/Versions/3.9/include/python3.9/cpython/unicodeobject.h:445:1: note: '_PyUnicode_get_wstr_length' has been explicitly marked deprecated here
2022-12-27T02:59:04.3900640Z       Py_DEPRECATED(3.3)
2022-12-27T02:59:04.3900750Z       ^
2022-12-27T02:59:04.3901000Z       /Library/Frameworks/Python.framework/Versions/3.9/include/python3.9/pyport.h:508:54: note: expanded from macro 'Py_DEPRECATED'
2022-12-27T02:59:04.3901220Z       #define Py_DEPRECATED(VERSION_UNUSED) __attribute__((__deprecated__))
2022-12-27T02:59:04.3901380Z                                                            ^
2022-12-27T02:59:04.3901750Z       /private/var/folders/51/hd414ycd67n82196sw51xqtc0000gn/T/pip-install-hihzityk/cython_6a657ac5dbf14cc8a9dbcc2b770fc9d3/Cython/Plex/Scanners.c:3495:51: warning: 'PyUnicode_AsUnicode' is deprecated [-Wdeprecated-declarations]
2022-12-27T02:59:04.3902040Z                 __pyx_t_8 = (__pyx_v_data != Py_None)&&(__Pyx_PyUnicode_IS_TRUE(__pyx_v_data) != 0);
2022-12-27T02:59:04.3902250Z                                                         ^
2022-12-27T02:59:04.3902600Z       /private/var/folders/51/hd414ycd67n82196sw51xqtc0000gn/T/pip-install-hihzityk/cython_6a657ac5dbf14cc8a9dbcc2b770fc9d3/Cython/Plex/Scanners.c:422:108: note: expanded from macro '__Pyx_PyUnicode_IS_TRUE'
2022-12-27T02:59:04.3902890Z         #define __Pyx_PyUnicode_IS_TRUE(u)      (0 != (likely(PyUnicode_IS_READY(u)) ? PyUnicode_GET_LENGTH(u) : PyUnicode_GET_SIZE(u)))
2022-12-27T02:59:04.3903090Z                                                                                                                  ^
2022-12-27T02:59:04.3903390Z       /Library/Frameworks/Python.framework/Versions/3.9/include/python3.9/cpython/unicodeobject.h:262:14: note: expanded from macro 'PyUnicode_GET_SIZE'
2022-12-27T02:59:04.3903750Z             ((void)PyUnicode_AsUnicode(_PyObject_CAST(op)),\
2022-12-27T02:59:04.3903900Z                    ^
2022-12-27T02:59:04.3904230Z       /Library/Frameworks/Python.framework/Versions/3.9/include/python3.9/cpython/unicodeobject.h:580:1: note: 'PyUnicode_AsUnicode' has been explicitly marked deprecated here
2022-12-27T02:59:04.3904470Z       Py_DEPRECATED(3.3) PyAPI_FUNC(Py_UNICODE *) PyUnicode_AsUnicode(
2022-12-27T02:59:04.3904610Z       ^
2022-12-27T02:59:04.3904860Z       /Library/Frameworks/Python.framework/Versions/3.9/include/python3.9/pyport.h:508:54: note: expanded from macro 'Py_DEPRECATED'
2022-12-27T02:59:04.3905070Z       #define Py_DEPRECATED(VERSION_UNUSED) __attribute__((__deprecated__))
2022-12-27T02:59:04.3905230Z                                                            ^
2022-12-27T02:59:04.3905600Z       /private/var/folders/51/hd414ycd67n82196sw51xqtc0000gn/T/pip-install-hihzityk/cython_6a657ac5dbf14cc8a9dbcc2b770fc9d3/Cython/Plex/Scanners.c:3495:51: warning: '_PyUnicode_get_wstr_length' is deprecated [-Wdeprecated-declarations]
2022-12-27T02:59:04.3905890Z                 __pyx_t_8 = (__pyx_v_data != Py_None)&&(__Pyx_PyUnicode_IS_TRUE(__pyx_v_data) != 0);
2022-12-27T02:59:04.3906050Z                                                         ^
2022-12-27T02:59:04.3906390Z       /private/var/folders/51/hd414ycd67n82196sw51xqtc0000gn/T/pip-install-hihzityk/cython_6a657ac5dbf14cc8a9dbcc2b770fc9d3/Cython/Plex/Scanners.c:422:108: note: expanded from macro '__Pyx_PyUnicode_IS_TRUE'
2022-12-27T02:59:04.3906670Z         #define __Pyx_PyUnicode_IS_TRUE(u)      (0 != (likely(PyUnicode_IS_READY(u)) ? PyUnicode_GET_LENGTH(u) : PyUnicode_GET_SIZE(u)))
2022-12-27T02:59:04.3906990Z                                                                                                                  ^
2022-12-27T02:59:04.3907310Z       /Library/Frameworks/Python.framework/Versions/3.9/include/python3.9/cpython/unicodeobject.h:264:8: note: expanded from macro 'PyUnicode_GET_SIZE'
2022-12-27T02:59:04.3907680Z              PyUnicode_WSTR_LENGTH(op)))
2022-12-27T02:59:04.3907790Z              ^
2022-12-27T02:59:04.3908090Z       /Library/Frameworks/Python.framework/Versions/3.9/include/python3.9/cpython/unicodeobject.h:451:35: note: expanded from macro 'PyUnicode_WSTR_LENGTH'
2022-12-27T02:59:04.3908330Z       #define PyUnicode_WSTR_LENGTH(op) _PyUnicode_get_wstr_length((PyObject*)op)
2022-12-27T02:59:04.3908490Z                                         ^
2022-12-27T02:59:04.3908800Z       /Library/Frameworks/Python.framework/Versions/3.9/include/python3.9/cpython/unicodeobject.h:445:1: note: '_PyUnicode_get_wstr_length' has been explicitly marked deprecated here
2022-12-27T02:59:04.3909010Z       Py_DEPRECATED(3.3)
2022-12-27T02:59:04.3909120Z       ^
2022-12-27T02:59:04.3909370Z       /Library/Frameworks/Python.framework/Versions/3.9/include/python3.9/pyport.h:508:54: note: expanded from macro 'Py_DEPRECATED'
2022-12-27T02:59:04.3909590Z       #define Py_DEPRECATED(VERSION_UNUSED) __attribute__((__deprecated__))
2022-12-27T02:59:04.3909750Z                                                            ^
2022-12-27T02:59:04.3910100Z       /private/var/folders/51/hd414ycd67n82196sw51xqtc0000gn/T/pip-install-hihzityk/cython_6a657ac5dbf14cc8a9dbcc2b770fc9d3/Cython/Plex/Scanners.c:8518:46: error: no member named 'tp_print' in 'struct _typeobject'
2022-12-27T02:59:04.3910350Z         __pyx_type_6Cython_4Plex_8Scanners_Scanner.tp_print = 0;
2022-12-27T02:59:04.3910490Z         ~~~~~~~~~~~~~~~~~~~~~~~~~~~~~~~~~~~~~~~~~~ ^
2022-12-27T02:59:04.3910870Z       /private/var/folders/51/hd414ycd67n82196sw51xqtc0000gn/T/pip-install-hihzityk/cython_6a657ac5dbf14cc8a9dbcc2b770fc9d3/Cython/Plex/Scanners.c:9075:22: warning: '_PyUnicode_get_wstr_length' is deprecated [-Wdeprecated-declarations]
2022-12-27T02:59:04.3911160Z                           (PyUnicode_GET_SIZE(**name) != PyUnicode_GET_SIZE(key)) ? 1 :
2022-12-27T02:59:04.3911300Z                            ^
2022-12-27T02:59:04.3911700Z       /Library/Frameworks/Python.framework/Versions/3.9/include/python3.9/cpython/unicodeobject.h:261:7: note: expanded from macro 'PyUnicode_GET_SIZE'
2022-12-27T02:59:04.3911940Z             PyUnicode_WSTR_LENGTH(op) :                    \
2022-12-27T02:59:04.3912060Z             ^
2022-12-27T02:59:04.3912350Z       /Library/Frameworks/Python.framework/Versions/3.9/include/python3.9/cpython/unicodeobject.h:451:35: note: expanded from macro 'PyUnicode_WSTR_LENGTH'
2022-12-27T02:59:04.3912590Z       #define PyUnicode_WSTR_LENGTH(op) _PyUnicode_get_wstr_length((PyObject*)op)
2022-12-27T02:59:04.3912740Z                                         ^
2022-12-27T02:59:04.3913050Z       /Library/Frameworks/Python.framework/Versions/3.9/include/python3.9/cpython/unicodeobject.h:445:1: note: '_PyUnicode_get_wstr_length' has been explicitly marked deprecated here
2022-12-27T02:59:04.3913260Z       Py_DEPRECATED(3.3)
2022-12-27T02:59:04.3913370Z       ^
2022-12-27T02:59:04.3913620Z       /Library/Frameworks/Python.framework/Versions/3.9/include/python3.9/pyport.h:508:54: note: expanded from macro 'Py_DEPRECATED'
2022-12-27T02:59:04.3913840Z       #define Py_DEPRECATED(VERSION_UNUSED) __attribute__((__deprecated__))
2022-12-27T02:59:04.3914000Z                                                            ^
2022-12-27T02:59:04.3914370Z       /private/var/folders/51/hd414ycd67n82196sw51xqtc0000gn/T/pip-install-hihzityk/cython_6a657ac5dbf14cc8a9dbcc2b770fc9d3/Cython/Plex/Scanners.c:9075:22: warning: 'PyUnicode_AsUnicode' is deprecated [-Wdeprecated-declarations]
2022-12-27T02:59:04.3914650Z                           (PyUnicode_GET_SIZE(**name) != PyUnicode_GET_SIZE(key)) ? 1 :
2022-12-27T02:59:04.3914790Z                            ^
2022-12-27T02:59:04.3915070Z       /Library/Frameworks/Python.framework/Versions/3.9/include/python3.9/cpython/unicodeobject.h:262:14: note: expanded from macro 'PyUnicode_GET_SIZE'
2022-12-27T02:59:04.3915390Z             ((void)PyUnicode_AsUnicode(_PyObject_CAST(op)),\
2022-12-27T02:59:04.3915520Z                    ^
2022-12-27T02:59:04.3915840Z       /Library/Frameworks/Python.framework/Versions/3.9/include/python3.9/cpython/unicodeobject.h:580:1: note: 'PyUnicode_AsUnicode' has been explicitly marked deprecated here
2022-12-27T02:59:04.3916090Z       Py_DEPRECATED(3.3) PyAPI_FUNC(Py_UNICODE *) PyUnicode_AsUnicode(
2022-12-27T02:59:04.3916230Z       ^
2022-12-27T02:59:04.3916480Z       /Library/Frameworks/Python.framework/Versions/3.9/include/python3.9/pyport.h:508:54: note: expanded from macro 'Py_DEPRECATED'
2022-12-27T02:59:04.3916700Z       #define Py_DEPRECATED(VERSION_UNUSED) __attribute__((__deprecated__))
2022-12-27T02:59:04.3916860Z                                                            ^
2022-12-27T02:59:04.3917230Z       /private/var/folders/51/hd414ycd67n82196sw51xqtc0000gn/T/pip-install-hihzityk/cython_6a657ac5dbf14cc8a9dbcc2b770fc9d3/Cython/Plex/Scanners.c:9075:22: warning: '_PyUnicode_get_wstr_length' is deprecated [-Wdeprecated-declarations]
2022-12-27T02:59:04.3917510Z                           (PyUnicode_GET_SIZE(**name) != PyUnicode_GET_SIZE(key)) ? 1 :
2022-12-27T02:59:04.3917660Z                            ^
2022-12-27T02:59:04.3917940Z       /Library/Frameworks/Python.framework/Versions/3.9/include/python3.9/cpython/unicodeobject.h:264:8: note: expanded from macro 'PyUnicode_GET_SIZE'
2022-12-27T02:59:04.3918140Z              PyUnicode_WSTR_LENGTH(op)))
2022-12-27T02:59:04.3918250Z              ^
2022-12-27T02:59:04.3918520Z       /Library/Frameworks/Python.framework/Versions/3.9/include/python3.9/cpython/unicodeobject.h:451:35: note: expanded from macro 'PyUnicode_WSTR_LENGTH'
2022-12-27T02:59:04.3918750Z       #define PyUnicode_WSTR_LENGTH(op) _PyUnicode_get_wstr_length((PyObject*)op)
2022-12-27T02:59:04.3918910Z                                         ^
2022-12-27T02:59:04.3919220Z       /Library/Frameworks/Python.framework/Versions/3.9/include/python3.9/cpython/unicodeobject.h:445:1: note: '_PyUnicode_get_wstr_length' has been explicitly marked deprecated here
2022-12-27T02:59:04.3919430Z       Py_DEPRECATED(3.3)
2022-12-27T02:59:04.3919660Z       ^
2022-12-27T02:59:04.3919960Z       /Library/Frameworks/Python.framework/Versions/3.9/include/python3.9/pyport.h:508:54: note: expanded from macro 'Py_DEPRECATED'
2022-12-27T02:59:04.3920250Z       #define Py_DEPRECATED(VERSION_UNUSED) __attribute__((__deprecated__))
2022-12-27T02:59:04.3920440Z                                                            ^
2022-12-27T02:59:04.3920850Z       /private/var/folders/51/hd414ycd67n82196sw51xqtc0000gn/T/pip-install-hihzityk/cython_6a657ac5dbf14cc8a9dbcc2b770fc9d3/Cython/Plex/Scanners.c:9075:52: warning: '_PyUnicode_get_wstr_length' is deprecated [-Wdeprecated-declarations]
2022-12-27T02:59:04.3921130Z                           (PyUnicode_GET_SIZE(**name) != PyUnicode_GET_SIZE(key)) ? 1 :
2022-12-27T02:59:04.3921280Z                                                          ^
2022-12-27T02:59:04.3921570Z       /Library/Frameworks/Python.framework/Versions/3.9/include/python3.9/cpython/unicodeobject.h:261:7: note: expanded from macro 'PyUnicode_GET_SIZE'
2022-12-27T02:59:04.3921780Z             PyUnicode_WSTR_LENGTH(op) :                    \
2022-12-27T02:59:04.3921900Z             ^
2022-12-27T02:59:04.3922220Z       /Library/Frameworks/Python.framework/Versions/3.9/include/python3.9/cpython/unicodeobject.h:451:35: note: expanded from macro 'PyUnicode_WSTR_LENGTH'
2022-12-27T02:59:04.3922450Z       #define PyUnicode_WSTR_LENGTH(op) _PyUnicode_get_wstr_length((PyObject*)op)
2022-12-27T02:59:04.3922610Z                                         ^
2022-12-27T02:59:04.3922920Z       /Library/Frameworks/Python.framework/Versions/3.9/include/python3.9/cpython/unicodeobject.h:445:1: note: '_PyUnicode_get_wstr_length' has been explicitly marked deprecated here
2022-12-27T02:59:04.3923130Z       Py_DEPRECATED(3.3)
2022-12-27T02:59:04.3923230Z       ^
2022-12-27T02:59:04.3923480Z       /Library/Frameworks/Python.framework/Versions/3.9/include/python3.9/pyport.h:508:54: note: expanded from macro 'Py_DEPRECATED'
2022-12-27T02:59:04.3923800Z       #define Py_DEPRECATED(VERSION_UNUSED) __attribute__((__deprecated__))
2022-12-27T02:59:04.3923960Z                                                            ^
2022-12-27T02:59:04.3924350Z       /private/var/folders/51/hd414ycd67n82196sw51xqtc0000gn/T/pip-install-hihzityk/cython_6a657ac5dbf14cc8a9dbcc2b770fc9d3/Cython/Plex/Scanners.c:9075:52: warning: 'PyUnicode_AsUnicode' is deprecated [-Wdeprecated-declarations]
2022-12-27T02:59:04.3924630Z                           (PyUnicode_GET_SIZE(**name) != PyUnicode_GET_SIZE(key)) ? 1 :
2022-12-27T02:59:04.3924780Z                                                          ^
2022-12-27T02:59:04.3925060Z       /Library/Frameworks/Python.framework/Versions/3.9/include/python3.9/cpython/unicodeobject.h:262:14: note: expanded from macro 'PyUnicode_GET_SIZE'
2022-12-27T02:59:04.3925280Z             ((void)PyUnicode_AsUnicode(_PyObject_CAST(op)),\
2022-12-27T02:59:04.3925420Z                    ^
2022-12-27T02:59:04.3925720Z       /Library/Frameworks/Python.framework/Versions/3.9/include/python3.9/cpython/unicodeobject.h:580:1: note: 'PyUnicode_AsUnicode' has been explicitly marked deprecated here
2022-12-27T02:59:04.3925970Z       Py_DEPRECATED(3.3) PyAPI_FUNC(Py_UNICODE *) PyUnicode_AsUnicode(
2022-12-27T02:59:04.3926100Z       ^
2022-12-27T02:59:04.3926350Z       /Library/Frameworks/Python.framework/Versions/3.9/include/python3.9/pyport.h:508:54: note: expanded from macro 'Py_DEPRECATED'
2022-12-27T02:59:04.3926560Z       #define Py_DEPRECATED(VERSION_UNUSED) __attribute__((__deprecated__))
2022-12-27T02:59:04.3926720Z                                                            ^
2022-12-27T02:59:04.3927090Z       /private/var/folders/51/hd414ycd67n82196sw51xqtc0000gn/T/pip-install-hihzityk/cython_6a657ac5dbf14cc8a9dbcc2b770fc9d3/Cython/Plex/Scanners.c:9075:52: warning: '_PyUnicode_get_wstr_length' is deprecated [-Wdeprecated-declarations]
2022-12-27T02:59:04.3927380Z                           (PyUnicode_GET_SIZE(**name) != PyUnicode_GET_SIZE(key)) ? 1 :
2022-12-27T02:59:04.3927590Z                                                          ^
2022-12-27T02:59:04.3927910Z       /Library/Frameworks/Python.framework/Versions/3.9/include/python3.9/cpython/unicodeobject.h:264:8: note: expanded from macro 'PyUnicode_GET_SIZE'
2022-12-27T02:59:04.3928110Z              PyUnicode_WSTR_LENGTH(op)))
2022-12-27T02:59:04.3928220Z              ^
2022-12-27T02:59:04.3928490Z       /Library/Frameworks/Python.framework/Versions/3.9/include/python3.9/cpython/unicodeobject.h:451:35: note: expanded from macro 'PyUnicode_WSTR_LENGTH'
2022-12-27T02:59:04.3928730Z       #define PyUnicode_WSTR_LENGTH(op) _PyUnicode_get_wstr_length((PyObject*)op)
2022-12-27T02:59:04.3928880Z                                         ^
2022-12-27T02:59:04.3929180Z       /Library/Frameworks/Python.framework/Versions/3.9/include/python3.9/cpython/unicodeobject.h:445:1: note: '_PyUnicode_get_wstr_length' has been explicitly marked deprecated here
2022-12-27T02:59:04.3929400Z       Py_DEPRECATED(3.3)
2022-12-27T02:59:04.3929510Z       ^
2022-12-27T02:59:04.3929760Z       /Library/Frameworks/Python.framework/Versions/3.9/include/python3.9/pyport.h:508:54: note: expanded from macro 'Py_DEPRECATED'
2022-12-27T02:59:04.3929970Z       #define Py_DEPRECATED(VERSION_UNUSED) __attribute__((__deprecated__))
2022-12-27T02:59:04.3930120Z                                                            ^
2022-12-27T02:59:04.3930490Z       /private/var/folders/51/hd414ycd67n82196sw51xqtc0000gn/T/pip-install-hihzityk/cython_6a657ac5dbf14cc8a9dbcc2b770fc9d3/Cython/Plex/Scanners.c:9091:26: warning: '_PyUnicode_get_wstr_length' is deprecated [-Wdeprecated-declarations]
2022-12-27T02:59:04.3930790Z                               (PyUnicode_GET_SIZE(**argname) != PyUnicode_GET_SIZE(key)) ? 1 :
2022-12-27T02:59:04.3930930Z                                ^
2022-12-27T02:59:04.3931210Z       /Library/Frameworks/Python.framework/Versions/3.9/include/python3.9/cpython/unicodeobject.h:261:7: note: expanded from macro 'PyUnicode_GET_SIZE'
2022-12-27T02:59:04.3931510Z             PyUnicode_WSTR_LENGTH(op) :                    \
2022-12-27T02:59:04.3931630Z             ^
2022-12-27T02:59:04.3931920Z       /Library/Frameworks/Python.framework/Versions/3.9/include/python3.9/cpython/unicodeobject.h:451:35: note: expanded from macro 'PyUnicode_WSTR_LENGTH'
2022-12-27T02:59:04.3932150Z       #define PyUnicode_WSTR_LENGTH(op) _PyUnicode_get_wstr_length((PyObject*)op)
2022-12-27T02:59:04.3932310Z                                         ^
2022-12-27T02:59:04.3932600Z       /Library/Frameworks/Python.framework/Versions/3.9/include/python3.9/cpython/unicodeobject.h:445:1: note: '_PyUnicode_get_wstr_length' has been explicitly marked deprecated here
2022-12-27T02:59:04.3932820Z       Py_DEPRECATED(3.3)
2022-12-27T02:59:04.3932920Z       ^
2022-12-27T02:59:04.3933160Z       /Library/Frameworks/Python.framework/Versions/3.9/include/python3.9/pyport.h:508:54: note: expanded from macro 'Py_DEPRECATED'
2022-12-27T02:59:04.3933380Z       #define Py_DEPRECATED(VERSION_UNUSED) __attribute__((__deprecated__))
2022-12-27T02:59:04.3933530Z                                                            ^
2022-12-27T02:59:04.3933910Z       /private/var/folders/51/hd414ycd67n82196sw51xqtc0000gn/T/pip-install-hihzityk/cython_6a657ac5dbf14cc8a9dbcc2b770fc9d3/Cython/Plex/Scanners.c:9091:26: warning: 'PyUnicode_AsUnicode' is deprecated [-Wdeprecated-declarations]
2022-12-27T02:59:04.3934190Z                               (PyUnicode_GET_SIZE(**argname) != PyUnicode_GET_SIZE(key)) ? 1 :
2022-12-27T02:59:04.3934340Z                                ^
2022-12-27T02:59:04.3934620Z       /Library/Frameworks/Python.framework/Versions/3.9/include/python3.9/cpython/unicodeobject.h:262:14: note: expanded from macro 'PyUnicode_GET_SIZE'
2022-12-27T02:59:04.3934840Z             ((void)PyUnicode_AsUnicode(_PyObject_CAST(op)),\
2022-12-27T02:59:04.3934970Z                    ^
2022-12-27T02:59:04.3935340Z       /Library/Frameworks/Python.framework/Versions/3.9/include/python3.9/cpython/unicodeobject.h:580:1: note: 'PyUnicode_AsUnicode' has been explicitly marked deprecated here
2022-12-27T02:59:04.3935610Z       Py_DEPRECATED(3.3) PyAPI_FUNC(Py_UNICODE *) PyUnicode_AsUnicode(
2022-12-27T02:59:04.3935740Z       ^
2022-12-27T02:59:04.3936000Z       /Library/Frameworks/Python.framework/Versions/3.9/include/python3.9/pyport.h:508:54: note: expanded from macro 'Py_DEPRECATED'
2022-12-27T02:59:04.3936220Z       #define Py_DEPRECATED(VERSION_UNUSED) __attribute__((__deprecated__))
2022-12-27T02:59:04.3936370Z                                                            ^
2022-12-27T02:59:04.3936740Z       /private/var/folders/51/hd414ycd67n82196sw51xqtc0000gn/T/pip-install-hihzityk/cython_6a657ac5dbf14cc8a9dbcc2b770fc9d3/Cython/Plex/Scanners.c:9091:26: warning: '_PyUnicode_get_wstr_length' is deprecated [-Wdeprecated-declarations]
2022-12-27T02:59:04.3937020Z                               (PyUnicode_GET_SIZE(**argname) != PyUnicode_GET_SIZE(key)) ? 1 :
2022-12-27T02:59:04.3937170Z                                ^
2022-12-27T02:59:04.3937450Z       /Library/Frameworks/Python.framework/Versions/3.9/include/python3.9/cpython/unicodeobject.h:264:8: note: expanded from macro 'PyUnicode_GET_SIZE'
2022-12-27T02:59:04.3937650Z              PyUnicode_WSTR_LENGTH(op)))
2022-12-27T02:59:04.3937760Z              ^
2022-12-27T02:59:04.3938040Z       /Library/Frameworks/Python.framework/Versions/3.9/include/python3.9/cpython/unicodeobject.h:451:35: note: expanded from macro 'PyUnicode_WSTR_LENGTH'
2022-12-27T02:59:04.3938270Z       #define PyUnicode_WSTR_LENGTH(op) _PyUnicode_get_wstr_length((PyObject*)op)
2022-12-27T02:59:04.3938430Z                                         ^
2022-12-27T02:59:04.3938740Z       /Library/Frameworks/Python.framework/Versions/3.9/include/python3.9/cpython/unicodeobject.h:445:1: note: '_PyUnicode_get_wstr_length' has been explicitly marked deprecated here
2022-12-27T02:59:04.3938950Z       Py_DEPRECATED(3.3)
2022-12-27T02:59:04.3939150Z       ^
2022-12-27T02:59:04.3939420Z       /Library/Frameworks/Python.framework/Versions/3.9/include/python3.9/pyport.h:508:54: note: expanded from macro 'Py_DEPRECATED'
2022-12-27T02:59:04.3939640Z       #define Py_DEPRECATED(VERSION_UNUSED) __attribute__((__deprecated__))
2022-12-27T02:59:04.3939790Z                                                            ^
2022-12-27T02:59:04.3940170Z       /private/var/folders/51/hd414ycd67n82196sw51xqtc0000gn/T/pip-install-hihzityk/cython_6a657ac5dbf14cc8a9dbcc2b770fc9d3/Cython/Plex/Scanners.c:9091:59: warning: '_PyUnicode_get_wstr_length' is deprecated [-Wdeprecated-declarations]
2022-12-27T02:59:04.3940450Z                               (PyUnicode_GET_SIZE(**argname) != PyUnicode_GET_SIZE(key)) ? 1 :
2022-12-27T02:59:04.3940610Z                                                                 ^
2022-12-27T02:59:04.3940890Z       /Library/Frameworks/Python.framework/Versions/3.9/include/python3.9/cpython/unicodeobject.h:261:7: note: expanded from macro 'PyUnicode_GET_SIZE'
2022-12-27T02:59:04.3941100Z             PyUnicode_WSTR_LENGTH(op) :                    \
2022-12-27T02:59:04.3941220Z             ^
2022-12-27T02:59:04.3941500Z       /Library/Frameworks/Python.framework/Versions/3.9/include/python3.9/cpython/unicodeobject.h:451:35: note: expanded from macro 'PyUnicode_WSTR_LENGTH'
2022-12-27T02:59:04.3941730Z       #define PyUnicode_WSTR_LENGTH(op) _PyUnicode_get_wstr_length((PyObject*)op)
2022-12-27T02:59:04.3941880Z                                         ^
2022-12-27T02:59:04.3942240Z       /Library/Frameworks/Python.framework/Versions/3.9/include/python3.9/cpython/unicodeobject.h:445:1: note: '_PyUnicode_get_wstr_length' has been explicitly marked deprecated here
2022-12-27T02:59:04.3942450Z       Py_DEPRECATED(3.3)
2022-12-27T02:59:04.3942560Z       ^
2022-12-27T02:59:04.3942810Z       /Library/Frameworks/Python.framework/Versions/3.9/include/python3.9/pyport.h:508:54: note: expanded from macro 'Py_DEPRECATED'
2022-12-27T02:59:04.3943030Z       #define Py_DEPRECATED(VERSION_UNUSED) __attribute__((__deprecated__))
2022-12-27T02:59:04.3943260Z                                                            ^
2022-12-27T02:59:04.3943670Z       /private/var/folders/51/hd414ycd67n82196sw51xqtc0000gn/T/pip-install-hihzityk/cython_6a657ac5dbf14cc8a9dbcc2b770fc9d3/Cython/Plex/Scanners.c:9091:59: warning: 'PyUnicode_AsUnicode' is deprecated [-Wdeprecated-declarations]
2022-12-27T02:59:04.3943950Z                               (PyUnicode_GET_SIZE(**argname) != PyUnicode_GET_SIZE(key)) ? 1 :
2022-12-27T02:59:04.3944110Z                                                                 ^
2022-12-27T02:59:04.3944390Z       /Library/Frameworks/Python.framework/Versions/3.9/include/python3.9/cpython/unicodeobject.h:262:14: note: expanded from macro 'PyUnicode_GET_SIZE'
2022-12-27T02:59:04.3944620Z             ((void)PyUnicode_AsUnicode(_PyObject_CAST(op)),\
2022-12-27T02:59:04.3944750Z                    ^
2022-12-27T02:59:04.3945040Z       /Library/Frameworks/Python.framework/Versions/3.9/include/python3.9/cpython/unicodeobject.h:580:1: note: 'PyUnicode_AsUnicode' has been explicitly marked deprecated here
2022-12-27T02:59:04.3945290Z       Py_DEPRECATED(3.3) PyAPI_FUNC(Py_UNICODE *) PyUnicode_AsUnicode(
2022-12-27T02:59:04.3945430Z       ^
2022-12-27T02:59:04.3945680Z       /Library/Frameworks/Python.framework/Versions/3.9/include/python3.9/pyport.h:508:54: note: expanded from macro 'Py_DEPRECATED'
2022-12-27T02:59:04.3945890Z       #define Py_DEPRECATED(VERSION_UNUSED) __attribute__((__deprecated__))
2022-12-27T02:59:04.3946050Z                                                            ^
2022-12-27T02:59:04.3946430Z       /private/var/folders/51/hd414ycd67n82196sw51xqtc0000gn/T/pip-install-hihzityk/cython_6a657ac5dbf14cc8a9dbcc2b770fc9d3/Cython/Plex/Scanners.c:9091:59: warning: '_PyUnicode_get_wstr_length' is deprecated [-Wdeprecated-declarations]
2022-12-27T02:59:04.3946710Z                               (PyUnicode_GET_SIZE(**argname) != PyUnicode_GET_SIZE(key)) ? 1 :
2022-12-27T02:59:04.3946960Z                                                                 ^
2022-12-27T02:59:04.3947260Z       /Library/Frameworks/Python.framework/Versions/3.9/include/python3.9/cpython/unicodeobject.h:264:8: note: expanded from macro 'PyUnicode_GET_SIZE'
2022-12-27T02:59:04.3947460Z              PyUnicode_WSTR_LENGTH(op)))
2022-12-27T02:59:04.3947570Z              ^
2022-12-27T02:59:04.3947860Z       /Library/Frameworks/Python.framework/Versions/3.9/include/python3.9/cpython/unicodeobject.h:451:35: note: expanded from macro 'PyUnicode_WSTR_LENGTH'
2022-12-27T02:59:04.3948100Z       #define PyUnicode_WSTR_LENGTH(op) _PyUnicode_get_wstr_length((PyObject*)op)
2022-12-27T02:59:04.3948260Z                                         ^
2022-12-27T02:59:04.3948560Z       /Library/Frameworks/Python.framework/Versions/3.9/include/python3.9/cpython/unicodeobject.h:445:1: note: '_PyUnicode_get_wstr_length' has been explicitly marked deprecated here
2022-12-27T02:59:04.3948780Z       Py_DEPRECATED(3.3)
2022-12-27T02:59:04.3948890Z       ^
2022-12-27T02:59:04.3949130Z       /Library/Frameworks/Python.framework/Versions/3.9/include/python3.9/pyport.h:508:54: note: expanded from macro 'Py_DEPRECATED'
2022-12-27T02:59:04.3949350Z       #define Py_DEPRECATED(VERSION_UNUSED) __attribute__((__deprecated__))
2022-12-27T02:59:04.3949520Z                                                            ^
2022-12-27T02:59:04.3949900Z       /private/var/folders/51/hd414ycd67n82196sw51xqtc0000gn/T/pip-install-hihzityk/cython_6a657ac5dbf14cc8a9dbcc2b770fc9d3/Cython/Plex/Scanners.c:9540:16: warning: 'PyUnicode_FromUnicode' is deprecated [-Wdeprecated-declarations]
2022-12-27T02:59:04.3950170Z               return PyUnicode_FromUnicode(NULL, 0);
2022-12-27T02:59:04.3950290Z                      ^
2022-12-27T02:59:04.3950610Z       /Library/Frameworks/Python.framework/Versions/3.9/include/python3.9/cpython/unicodeobject.h:551:1: note: 'PyUnicode_FromUnicode' has been explicitly marked deprecated here
2022-12-27T02:59:04.3950880Z       Py_DEPRECATED(3.3) PyAPI_FUNC(PyObject*) PyUnicode_FromUnicode(
2022-12-27T02:59:04.3951010Z       ^
2022-12-27T02:59:04.3951340Z       /Library/Frameworks/Python.framework/Versions/3.9/include/python3.9/pyport.h:508:54: note: expanded from macro 'Py_DEPRECATED'
2022-12-27T02:59:04.3951580Z       #define Py_DEPRECATED(VERSION_UNUSED) __attribute__((__deprecated__))
2022-12-27T02:59:04.3951730Z                                                            ^
2022-12-27T02:59:04.3951860Z       16 warnings and 1 error generated.
2022-12-27T02:59:04.3952080Z       error: command '/usr/bin/gcc' failed with exit code 1
2022-12-27T02:59:04.3952210Z       [end of output]
2022-12-27T02:59:04.3952310Z   
2022-12-27T02:59:04.3952460Z   note: This error originates from a subprocess, and is likely not a problem with pip.
2022-12-27T02:59:04.3952630Z   ERROR: Failed building wheel for cython
2022-12-27T02:59:04.3952770Z   Running setup.py clean for cython
2022-12-27T02:59:04.6557850Z Failed to build cython
2022-12-27T02:59:04.7108310Z Installing collected packages: enum34, six, protobuf, cython, coverage
2022-12-27T02:59:04.8984230Z   Attempting uninstall: cython
2022-12-27T02:59:04.8990330Z     Found existing installation: Cython 0.29.32
2022-12-27T02:59:05.0580950Z     Uninstalling Cython-0.29.32:
2022-12-27T02:59:05.0694080Z       Successfully uninstalled Cython-0.29.32
2022-12-27T02:59:05.0707620Z   Running setup.py install for cython: started
2022-12-27T02:59:05.7565670Z   Running setup.py install for cython: finished with status 'error'
2022-12-27T02:59:05.7820070Z   error: subprocess-exited-with-error
2022-12-27T02:59:05.7820390Z   
2022-12-27T02:59:05.7820830Z   × Running setup.py install for cython did not run successfully.
2022-12-27T02:59:05.7821180Z   │ exit code: 1
2022-12-27T02:59:05.7821470Z   ╰─> [562 lines of output]
2022-12-27T02:59:05.7821740Z       Unable to find pgen, not compiling formal grammar.
2022-12-27T02:59:05.7822000Z       running install
2022-12-27T02:59:05.7823550Z       /private/var/folders/51/hd414ycd67n82196sw51xqtc0000gn/T/cibw-run-nuwv21kg/cp39-macosx_arm64/build/venv/lib/python3.9/site-packages/setuptools/command/install.py:34: SetuptoolsDeprecationWarning: setup.py install is deprecated. Use build and pip and other standards-based tools.
2022-12-27T02:59:05.7823940Z         warnings.warn(
2022-12-27T02:59:05.7824080Z       running build
2022-12-27T02:59:05.7824220Z       running build_py
2022-12-27T02:59:05.7824350Z       creating build
2022-12-27T02:59:05.7824570Z       creating build/lib.macosx-11.0-arm64-cpython-39
2022-12-27T02:59:05.7824800Z       copying cython.py -> build/lib.macosx-11.0-arm64-cpython-39
2022-12-27T02:59:05.7825030Z       creating build/lib.macosx-11.0-arm64-cpython-39/Cython
2022-12-27T02:59:05.7825280Z       copying Cython/TestUtils.py -> build/lib.macosx-11.0-arm64-cpython-39/Cython
2022-12-27T02:59:05.7825550Z       copying Cython/StringIOTree.py -> build/lib.macosx-11.0-arm64-cpython-39/Cython
2022-12-27T02:59:05.7825810Z       copying Cython/__init__.py -> build/lib.macosx-11.0-arm64-cpython-39/Cython
2022-12-27T02:59:05.7826060Z       copying Cython/Coverage.py -> build/lib.macosx-11.0-arm64-cpython-39/Cython
2022-12-27T02:59:05.7826300Z       copying Cython/Debugging.py -> build/lib.macosx-11.0-arm64-cpython-39/Cython
2022-12-27T02:59:05.7826560Z       copying Cython/Utils.py -> build/lib.macosx-11.0-arm64-cpython-39/Cython
2022-12-27T02:59:05.7826820Z       copying Cython/Shadow.py -> build/lib.macosx-11.0-arm64-cpython-39/Cython
2022-12-27T02:59:05.7827070Z       copying Cython/CodeWriter.py -> build/lib.macosx-11.0-arm64-cpython-39/Cython
2022-12-27T02:59:05.7827310Z       creating build/lib.macosx-11.0-arm64-cpython-39/Cython/Build
2022-12-27T02:59:05.7827570Z       copying Cython/Build/Cythonize.py -> build/lib.macosx-11.0-arm64-cpython-39/Cython/Build
2022-12-27T02:59:05.7827840Z       copying Cython/Build/__init__.py -> build/lib.macosx-11.0-arm64-cpython-39/Cython/Build
2022-12-27T02:59:05.7828120Z       copying Cython/Build/IpythonMagic.py -> build/lib.macosx-11.0-arm64-cpython-39/Cython/Build
2022-12-27T02:59:05.7828550Z       copying Cython/Build/BuildExecutable.py -> build/lib.macosx-11.0-arm64-cpython-39/Cython/Build
2022-12-27T02:59:05.7828870Z       copying Cython/Build/Distutils.py -> build/lib.macosx-11.0-arm64-cpython-39/Cython/Build
2022-12-27T02:59:05.7829140Z       copying Cython/Build/Dependencies.py -> build/lib.macosx-11.0-arm64-cpython-39/Cython/Build
2022-12-27T02:59:05.7829420Z       copying Cython/Build/Inline.py -> build/lib.macosx-11.0-arm64-cpython-39/Cython/Build
2022-12-27T02:59:05.7829670Z       creating build/lib.macosx-11.0-arm64-cpython-39/Cython/Compiler
2022-12-27T02:59:05.7829930Z       copying Cython/Compiler/Optimize.py -> build/lib.macosx-11.0-arm64-cpython-39/Cython/Compiler
2022-12-27T02:59:05.7830210Z       copying Cython/Compiler/Options.py -> build/lib.macosx-11.0-arm64-cpython-39/Cython/Compiler
2022-12-27T02:59:05.7830500Z       copying Cython/Compiler/CodeGeneration.py -> build/lib.macosx-11.0-arm64-cpython-39/Cython/Compiler
2022-12-27T02:59:05.7830950Z       copying Cython/Compiler/ModuleNode.py -> build/lib.macosx-11.0-arm64-cpython-39/Cython/Compiler
2022-12-27T02:59:05.7831400Z       copying Cython/Compiler/DebugFlags.py -> build/lib.macosx-11.0-arm64-cpython-39/Cython/Compiler
2022-12-27T02:59:05.7831800Z       copying Cython/Compiler/TypeSlots.py -> build/lib.macosx-11.0-arm64-cpython-39/Cython/Compiler
2022-12-27T02:59:05.7832090Z       copying Cython/Compiler/Version.py -> build/lib.macosx-11.0-arm64-cpython-39/Cython/Compiler
2022-12-27T02:59:05.7832370Z       copying Cython/Compiler/Parsing.py -> build/lib.macosx-11.0-arm64-cpython-39/Cython/Compiler
2022-12-27T02:59:05.7832640Z       copying Cython/Compiler/Symtab.py -> build/lib.macosx-11.0-arm64-cpython-39/Cython/Compiler
2022-12-27T02:59:05.7833030Z       copying Cython/Compiler/UtilNodes.py -> build/lib.macosx-11.0-arm64-cpython-39/Cython/Compiler
2022-12-27T02:59:05.7833490Z       copying Cython/Compiler/Pythran.py -> build/lib.macosx-11.0-arm64-cpython-39/Cython/Compiler
2022-12-27T02:59:05.7834150Z       copying Cython/Compiler/Naming.py -> build/lib.macosx-11.0-arm64-cpython-39/Cython/Compiler
2022-12-27T02:59:05.7834490Z       copying Cython/Compiler/UtilityCode.py -> build/lib.macosx-11.0-arm64-cpython-39/Cython/Compiler
2022-12-27T02:59:05.7834780Z       copying Cython/Compiler/TreePath.py -> build/lib.macosx-11.0-arm64-cpython-39/Cython/Compiler
2022-12-27T02:59:05.7835070Z       copying Cython/Compiler/CmdLine.py -> build/lib.macosx-11.0-arm64-cpython-39/Cython/Compiler
2022-12-27T02:59:05.7835470Z       copying Cython/Compiler/MemoryView.py -> build/lib.macosx-11.0-arm64-cpython-39/Cython/Compiler
2022-12-27T02:59:05.7835920Z       copying Cython/Compiler/Code.py -> build/lib.macosx-11.0-arm64-cpython-39/Cython/Compiler
2022-12-27T02:59:05.7836360Z       copying Cython/Compiler/__init__.py -> build/lib.macosx-11.0-arm64-cpython-39/Cython/Compiler
2022-12-27T02:59:05.7836780Z       copying Cython/Compiler/TreeFragment.py -> build/lib.macosx-11.0-arm64-cpython-39/Cython/Compiler
2022-12-27T02:59:05.7837090Z       copying Cython/Compiler/ParseTreeTransforms.py -> build/lib.macosx-11.0-arm64-cpython-39/Cython/Compiler
2022-12-27T02:59:05.7837510Z       copying Cython/Compiler/Annotate.py -> build/lib.macosx-11.0-arm64-cpython-39/Cython/Compiler
2022-12-27T02:59:05.7837970Z       copying Cython/Compiler/Lexicon.py -> build/lib.macosx-11.0-arm64-cpython-39/Cython/Compiler
2022-12-27T02:59:05.7838420Z       copying Cython/Compiler/Interpreter.py -> build/lib.macosx-11.0-arm64-cpython-39/Cython/Compiler
2022-12-27T02:59:05.7838890Z       copying Cython/Compiler/AutoDocTransforms.py -> build/lib.macosx-11.0-arm64-cpython-39/Cython/Compiler
2022-12-27T02:59:05.7839280Z       copying Cython/Compiler/Visitor.py -> build/lib.macosx-11.0-arm64-cpython-39/Cython/Compiler
2022-12-27T02:59:05.7839640Z       copying Cython/Compiler/Pipeline.py -> build/lib.macosx-11.0-arm64-cpython-39/Cython/Compiler
2022-12-27T02:59:05.7840100Z       copying Cython/Compiler/Buffer.py -> build/lib.macosx-11.0-arm64-cpython-39/Cython/Compiler
2022-12-27T02:59:05.7840690Z       copying Cython/Compiler/ExprNodes.py -> build/lib.macosx-11.0-arm64-cpython-39/Cython/Compiler
2022-12-27T02:59:05.7841190Z       copying Cython/Compiler/CythonScope.py -> build/lib.macosx-11.0-arm64-cpython-39/Cython/Compiler
2022-12-27T02:59:05.7841640Z       copying Cython/Compiler/Scanning.py -> build/lib.macosx-11.0-arm64-cpython-39/Cython/Compiler
2022-12-27T02:59:05.7842100Z       copying Cython/Compiler/FusedNode.py -> build/lib.macosx-11.0-arm64-cpython-39/Cython/Compiler
2022-12-27T02:59:05.7842720Z       copying Cython/Compiler/TypeInference.py -> build/lib.macosx-11.0-arm64-cpython-39/Cython/Compiler
2022-12-27T02:59:05.7843240Z       copying Cython/Compiler/Builtin.py -> build/lib.macosx-11.0-arm64-cpython-39/Cython/Compiler
2022-12-27T02:59:05.7843800Z       copying Cython/Compiler/Future.py -> build/lib.macosx-11.0-arm64-cpython-39/Cython/Compiler
2022-12-27T02:59:05.7844630Z       copying Cython/Compiler/Errors.py -> build/lib.macosx-11.0-arm64-cpython-39/Cython/Compiler
2022-12-27T02:59:05.7845180Z       copying Cython/Compiler/Nodes.py -> build/lib.macosx-11.0-arm64-cpython-39/Cython/Compiler
2022-12-27T02:59:05.7845710Z       copying Cython/Compiler/Main.py -> build/lib.macosx-11.0-arm64-cpython-39/Cython/Compiler
2022-12-27T02:59:05.7846250Z       copying Cython/Compiler/StringEncoding.py -> build/lib.macosx-11.0-arm64-cpython-39/Cython/Compiler
2022-12-27T02:59:05.7846850Z       copying Cython/Compiler/AnalysedTreeTransforms.py -> build/lib.macosx-11.0-arm64-cpython-39/Cython/Compiler
2022-12-27T02:59:05.7847560Z       copying Cython/Compiler/FlowControl.py -> build/lib.macosx-11.0-arm64-cpython-39/Cython/Compiler
2022-12-27T02:59:05.7848120Z       copying Cython/Compiler/PyrexTypes.py -> build/lib.macosx-11.0-arm64-cpython-39/Cython/Compiler
2022-12-27T02:59:05.7848610Z       creating build/lib.macosx-11.0-arm64-cpython-39/Cython/Runtime
2022-12-27T02:59:05.7849130Z       copying Cython/Runtime/__init__.py -> build/lib.macosx-11.0-arm64-cpython-39/Cython/Runtime
2022-12-27T02:59:05.7849880Z       creating build/lib.macosx-11.0-arm64-cpython-39/Cython/Distutils
2022-12-27T02:59:05.7850370Z       copying Cython/Distutils/old_build_ext.py -> build/lib.macosx-11.0-arm64-cpython-39/Cython/Distutils
2022-12-27T02:59:05.7850820Z       copying Cython/Distutils/build_ext.py -> build/lib.macosx-11.0-arm64-cpython-39/Cython/Distutils
2022-12-27T02:59:05.7851190Z       copying Cython/Distutils/__init__.py -> build/lib.macosx-11.0-arm64-cpython-39/Cython/Distutils
2022-12-27T02:59:05.7851530Z       copying Cython/Distutils/extension.py -> build/lib.macosx-11.0-arm64-cpython-39/Cython/Distutils
2022-12-27T02:59:05.7863270Z       creating build/lib.macosx-11.0-arm64-cpython-39/Cython/Debugger
2022-12-27T02:59:05.7863580Z       copying Cython/Debugger/libcython.py -> build/lib.macosx-11.0-arm64-cpython-39/Cython/Debugger
2022-12-27T02:59:05.7863880Z       copying Cython/Debugger/__init__.py -> build/lib.macosx-11.0-arm64-cpython-39/Cython/Debugger
2022-12-27T02:59:05.7864170Z       copying Cython/Debugger/Cygdb.py -> build/lib.macosx-11.0-arm64-cpython-39/Cython/Debugger
2022-12-27T02:59:05.7864480Z       copying Cython/Debugger/DebugWriter.py -> build/lib.macosx-11.0-arm64-cpython-39/Cython/Debugger
2022-12-27T02:59:05.7864840Z       copying Cython/Debugger/libpython.py -> build/lib.macosx-11.0-arm64-cpython-39/Cython/Debugger
2022-12-27T02:59:05.7865160Z       creating build/lib.macosx-11.0-arm64-cpython-39/Cython/Debugger/Tests
2022-12-27T02:59:05.7865520Z       copying Cython/Debugger/Tests/test_libcython_in_gdb.py -> build/lib.macosx-11.0-arm64-cpython-39/Cython/Debugger/Tests
2022-12-27T02:59:05.7865910Z       copying Cython/Debugger/Tests/TestLibCython.py -> build/lib.macosx-11.0-arm64-cpython-39/Cython/Debugger/Tests
2022-12-27T02:59:05.7866400Z       copying Cython/Debugger/Tests/__init__.py -> build/lib.macosx-11.0-arm64-cpython-39/Cython/Debugger/Tests
2022-12-27T02:59:05.7866780Z       copying Cython/Debugger/Tests/test_libpython_in_gdb.py -> build/lib.macosx-11.0-arm64-cpython-39/Cython/Debugger/Tests
2022-12-27T02:59:05.7867300Z       creating build/lib.macosx-11.0-arm64-cpython-39/Cython/Plex
2022-12-27T02:59:05.7867670Z       copying Cython/Plex/Machines.py -> build/lib.macosx-11.0-arm64-cpython-39/Cython/Plex
2022-12-27T02:59:05.7868020Z       copying Cython/Plex/Actions.py -> build/lib.macosx-11.0-arm64-cpython-39/Cython/Plex
2022-12-27T02:59:05.7868350Z       copying Cython/Plex/__init__.py -> build/lib.macosx-11.0-arm64-cpython-39/Cython/Plex
2022-12-27T02:59:05.7868680Z       copying Cython/Plex/Timing.py -> build/lib.macosx-11.0-arm64-cpython-39/Cython/Plex
2022-12-27T02:59:05.7869020Z       copying Cython/Plex/Transitions.py -> build/lib.macosx-11.0-arm64-cpython-39/Cython/Plex
2022-12-27T02:59:05.7869350Z       copying Cython/Plex/Regexps.py -> build/lib.macosx-11.0-arm64-cpython-39/Cython/Plex
2022-12-27T02:59:05.7869680Z       copying Cython/Plex/DFA.py -> build/lib.macosx-11.0-arm64-cpython-39/Cython/Plex
2022-12-27T02:59:05.7870010Z       copying Cython/Plex/Errors.py -> build/lib.macosx-11.0-arm64-cpython-39/Cython/Plex
2022-12-27T02:59:05.7870340Z       copying Cython/Plex/Traditional.py -> build/lib.macosx-11.0-arm64-cpython-39/Cython/Plex
2022-12-27T02:59:05.7870670Z       copying Cython/Plex/Lexicons.py -> build/lib.macosx-11.0-arm64-cpython-39/Cython/Plex
2022-12-27T02:59:05.7870990Z       copying Cython/Plex/Scanners.py -> build/lib.macosx-11.0-arm64-cpython-39/Cython/Plex
2022-12-27T02:59:05.7871290Z       creating build/lib.macosx-11.0-arm64-cpython-39/Cython/Tests
2022-12-27T02:59:05.7871630Z       copying Cython/Tests/TestStringIOTree.py -> build/lib.macosx-11.0-arm64-cpython-39/Cython/Tests
2022-12-27T02:59:05.7871970Z       copying Cython/Tests/TestCodeWriter.py -> build/lib.macosx-11.0-arm64-cpython-39/Cython/Tests
2022-12-27T02:59:05.7872320Z       copying Cython/Tests/TestJediTyper.py -> build/lib.macosx-11.0-arm64-cpython-39/Cython/Tests
2022-12-27T02:59:05.7872820Z       copying Cython/Tests/xmlrunner.py -> build/lib.macosx-11.0-arm64-cpython-39/Cython/Tests
2022-12-27T02:59:05.7873160Z       copying Cython/Tests/__init__.py -> build/lib.macosx-11.0-arm64-cpython-39/Cython/Tests
2022-12-27T02:59:05.7873480Z       creating build/lib.macosx-11.0-arm64-cpython-39/Cython/Build/Tests
2022-12-27T02:59:05.7873820Z       copying Cython/Build/Tests/TestInline.py -> build/lib.macosx-11.0-arm64-cpython-39/Cython/Build/Tests
2022-12-27T02:59:05.7874180Z       copying Cython/Build/Tests/__init__.py -> build/lib.macosx-11.0-arm64-cpython-39/Cython/Build/Tests
2022-12-27T02:59:05.7874530Z       copying Cython/Build/Tests/TestIpythonMagic.py -> build/lib.macosx-11.0-arm64-cpython-39/Cython/Build/Tests
2022-12-27T02:59:05.7874830Z       copying Cython/Build/Tests/TestStripLiterals.py -> build/lib.macosx-11.0-arm64-cpython-39/Cython/Build/Tests
2022-12-27T02:59:05.7875110Z       creating build/lib.macosx-11.0-arm64-cpython-39/Cython/Compiler/Tests
2022-12-27T02:59:05.7875400Z       copying Cython/Compiler/Tests/TestGrammar.py -> build/lib.macosx-11.0-arm64-cpython-39/Cython/Compiler/Tests
2022-12-27T02:59:05.7875700Z       copying Cython/Compiler/Tests/TestCmdLine.py -> build/lib.macosx-11.0-arm64-cpython-39/Cython/Compiler/Tests
2022-12-27T02:59:05.7876030Z       copying Cython/Compiler/Tests/TestSignatureMatching.py -> build/lib.macosx-11.0-arm64-cpython-39/Cython/Compiler/Tests
2022-12-27T02:59:05.7876360Z       copying Cython/Compiler/Tests/TestTreeFragment.py -> build/lib.macosx-11.0-arm64-cpython-39/Cython/Compiler/Tests
2022-12-27T02:59:05.7876690Z       copying Cython/Compiler/Tests/TestParseTreeTransforms.py -> build/lib.macosx-11.0-arm64-cpython-39/Cython/Compiler/Tests
2022-12-27T02:59:05.7877000Z       copying Cython/Compiler/Tests/TestBuffer.py -> build/lib.macosx-11.0-arm64-cpython-39/Cython/Compiler/Tests
2022-12-27T02:59:05.7877320Z       copying Cython/Compiler/Tests/TestUtilityLoad.py -> build/lib.macosx-11.0-arm64-cpython-39/Cython/Compiler/Tests
2022-12-27T02:59:05.7877630Z       copying Cython/Compiler/Tests/TestFlowControl.py -> build/lib.macosx-11.0-arm64-cpython-39/Cython/Compiler/Tests
2022-12-27T02:59:05.7878010Z       copying Cython/Compiler/Tests/__init__.py -> build/lib.macosx-11.0-arm64-cpython-39/Cython/Compiler/Tests
2022-12-27T02:59:05.7878350Z       copying Cython/Compiler/Tests/TestTreePath.py -> build/lib.macosx-11.0-arm64-cpython-39/Cython/Compiler/Tests
2022-12-27T02:59:05.7878660Z       copying Cython/Compiler/Tests/TestTypes.py -> build/lib.macosx-11.0-arm64-cpython-39/Cython/Compiler/Tests
2022-12-27T02:59:05.7878960Z       copying Cython/Compiler/Tests/TestVisitor.py -> build/lib.macosx-11.0-arm64-cpython-39/Cython/Compiler/Tests
2022-12-27T02:59:05.7879270Z       copying Cython/Compiler/Tests/TestMemView.py -> build/lib.macosx-11.0-arm64-cpython-39/Cython/Compiler/Tests
2022-12-27T02:59:05.7879520Z       creating build/lib.macosx-11.0-arm64-cpython-39/Cython/Utility
2022-12-27T02:59:05.7879780Z       copying Cython/Utility/__init__.py -> build/lib.macosx-11.0-arm64-cpython-39/Cython/Utility
2022-12-27T02:59:05.7880040Z       creating build/lib.macosx-11.0-arm64-cpython-39/Cython/Tempita
2022-12-27T02:59:05.7880290Z       copying Cython/Tempita/__init__.py -> build/lib.macosx-11.0-arm64-cpython-39/Cython/Tempita
2022-12-27T02:59:05.7880570Z       copying Cython/Tempita/_looper.py -> build/lib.macosx-11.0-arm64-cpython-39/Cython/Tempita
2022-12-27T02:59:05.7880840Z       copying Cython/Tempita/_tempita.py -> build/lib.macosx-11.0-arm64-cpython-39/Cython/Tempita
2022-12-27T02:59:05.7881110Z       copying Cython/Tempita/compat3.py -> build/lib.macosx-11.0-arm64-cpython-39/Cython/Tempita
2022-12-27T02:59:05.7881360Z       creating build/lib.macosx-11.0-arm64-cpython-39/pyximport
2022-12-27T02:59:05.7881610Z       copying pyximport/pyximport.py -> build/lib.macosx-11.0-arm64-cpython-39/pyximport
2022-12-27T02:59:05.7881870Z       copying pyximport/__init__.py -> build/lib.macosx-11.0-arm64-cpython-39/pyximport
2022-12-27T02:59:05.7882130Z       copying pyximport/pyxbuild.py -> build/lib.macosx-11.0-arm64-cpython-39/pyximport
2022-12-27T02:59:05.7882540Z       creating build/lib.macosx-11.0-arm64-cpython-39/Cython/Includes
2022-12-27T02:59:05.7882820Z       copying Cython/Includes/openmp.pxd -> build/lib.macosx-11.0-arm64-cpython-39/Cython/Includes
2022-12-27T02:59:05.7883080Z       creating build/lib.macosx-11.0-arm64-cpython-39/Cython/Includes/posix
2022-12-27T02:59:05.7883350Z       copying Cython/Includes/posix/types.pxd -> build/lib.macosx-11.0-arm64-cpython-39/Cython/Includes/posix
2022-12-27T02:59:05.7883650Z       copying Cython/Includes/posix/select.pxd -> build/lib.macosx-11.0-arm64-cpython-39/Cython/Includes/posix
2022-12-27T02:59:05.7883960Z       copying Cython/Includes/posix/resource.pxd -> build/lib.macosx-11.0-arm64-cpython-39/Cython/Includes/posix
2022-12-27T02:59:05.7884260Z       copying Cython/Includes/posix/wait.pxd -> build/lib.macosx-11.0-arm64-cpython-39/Cython/Includes/posix
2022-12-27T02:59:05.7884550Z       copying Cython/Includes/posix/stat.pxd -> build/lib.macosx-11.0-arm64-cpython-39/Cython/Includes/posix
2022-12-27T02:59:05.7884840Z       copying Cython/Includes/posix/dlfcn.pxd -> build/lib.macosx-11.0-arm64-cpython-39/Cython/Includes/posix
2022-12-27T02:59:05.7885150Z       copying Cython/Includes/posix/__init__.pxd -> build/lib.macosx-11.0-arm64-cpython-39/Cython/Includes/posix
2022-12-27T02:59:05.7885450Z       copying Cython/Includes/posix/strings.pxd -> build/lib.macosx-11.0-arm64-cpython-39/Cython/Includes/posix
2022-12-27T02:59:05.7885740Z       copying Cython/Includes/posix/stdio.pxd -> build/lib.macosx-11.0-arm64-cpython-39/Cython/Includes/posix
2022-12-27T02:59:05.7886030Z       copying Cython/Includes/posix/stdlib.pxd -> build/lib.macosx-11.0-arm64-cpython-39/Cython/Includes/posix
2022-12-27T02:59:05.7886330Z       copying Cython/Includes/posix/mman.pxd -> build/lib.macosx-11.0-arm64-cpython-39/Cython/Includes/posix
2022-12-27T02:59:05.7886610Z       copying Cython/Includes/posix/ioctl.pxd -> build/lib.macosx-11.0-arm64-cpython-39/Cython/Includes/posix
2022-12-27T02:59:05.7886900Z       copying Cython/Includes/posix/signal.pxd -> build/lib.macosx-11.0-arm64-cpython-39/Cython/Includes/posix
2022-12-27T02:59:05.7887270Z       copying Cython/Includes/posix/fcntl.pxd -> build/lib.macosx-11.0-arm64-cpython-39/Cython/Includes/posix
2022-12-27T02:59:05.7887580Z       copying Cython/Includes/posix/unistd.pxd -> build/lib.macosx-11.0-arm64-cpython-39/Cython/Includes/posix
2022-12-27T02:59:05.7887870Z       copying Cython/Includes/posix/time.pxd -> build/lib.macosx-11.0-arm64-cpython-39/Cython/Includes/posix
2022-12-27T02:59:05.7888140Z       creating build/lib.macosx-11.0-arm64-cpython-39/Cython/Includes/libc
2022-12-27T02:59:05.7888410Z       copying Cython/Includes/libc/locale.pxd -> build/lib.macosx-11.0-arm64-cpython-39/Cython/Includes/libc
2022-12-27T02:59:05.7888700Z       copying Cython/Includes/libc/__init__.pxd -> build/lib.macosx-11.0-arm64-cpython-39/Cython/Includes/libc
2022-12-27T02:59:05.7888980Z       copying Cython/Includes/libc/math.pxd -> build/lib.macosx-11.0-arm64-cpython-39/Cython/Includes/libc
2022-12-27T02:59:05.7889270Z       copying Cython/Includes/libc/limits.pxd -> build/lib.macosx-11.0-arm64-cpython-39/Cython/Includes/libc
2022-12-27T02:59:05.7889550Z       copying Cython/Includes/libc/setjmp.pxd -> build/lib.macosx-11.0-arm64-cpython-39/Cython/Includes/libc
2022-12-27T02:59:05.7889830Z       copying Cython/Includes/libc/string.pxd -> build/lib.macosx-11.0-arm64-cpython-39/Cython/Includes/libc
2022-12-27T02:59:05.7890110Z       copying Cython/Includes/libc/stdint.pxd -> build/lib.macosx-11.0-arm64-cpython-39/Cython/Includes/libc
2022-12-27T02:59:05.7890400Z       copying Cython/Includes/libc/stdio.pxd -> build/lib.macosx-11.0-arm64-cpython-39/Cython/Includes/libc
2022-12-27T02:59:05.7890690Z       copying Cython/Includes/libc/stdlib.pxd -> build/lib.macosx-11.0-arm64-cpython-39/Cython/Includes/libc
2022-12-27T02:59:05.7890970Z       copying Cython/Includes/libc/float.pxd -> build/lib.macosx-11.0-arm64-cpython-39/Cython/Includes/libc
2022-12-27T02:59:05.7891350Z       copying Cython/Includes/libc/signal.pxd -> build/lib.macosx-11.0-arm64-cpython-39/Cython/Includes/libc
2022-12-27T02:59:05.7891650Z       copying Cython/Includes/libc/stddef.pxd -> build/lib.macosx-11.0-arm64-cpython-39/Cython/Includes/libc
2022-12-27T02:59:05.7891940Z       copying Cython/Includes/libc/errno.pxd -> build/lib.macosx-11.0-arm64-cpython-39/Cython/Includes/libc
2022-12-27T02:59:05.7892220Z       copying Cython/Includes/libc/time.pxd -> build/lib.macosx-11.0-arm64-cpython-39/Cython/Includes/libc
2022-12-27T02:59:05.7892480Z       creating build/lib.macosx-11.0-arm64-cpython-39/Cython/Includes/numpy
2022-12-27T02:59:05.7892760Z       copying Cython/Includes/numpy/__init__.pxd -> build/lib.macosx-11.0-arm64-cpython-39/Cython/Includes/numpy
2022-12-27T02:59:05.7893060Z       copying Cython/Includes/numpy/math.pxd -> build/lib.macosx-11.0-arm64-cpython-39/Cython/Includes/numpy
2022-12-27T02:59:05.7893310Z       creating build/lib.macosx-11.0-arm64-cpython-39/Cython/Includes/cpython
2022-12-27T02:59:05.7893590Z       copying Cython/Includes/cpython/ref.pxd -> build/lib.macosx-11.0-arm64-cpython-39/Cython/Includes/cpython
2022-12-27T02:59:05.7893890Z       copying Cython/Includes/cpython/long.pxd -> build/lib.macosx-11.0-arm64-cpython-39/Cython/Includes/cpython
2022-12-27T02:59:05.7894210Z       copying Cython/Includes/cpython/iterator.pxd -> build/lib.macosx-11.0-arm64-cpython-39/Cython/Includes/cpython
2022-12-27T02:59:05.7894510Z       copying Cython/Includes/cpython/weakref.pxd -> build/lib.macosx-11.0-arm64-cpython-39/Cython/Includes/cpython
2022-12-27T02:59:05.7894810Z       copying Cython/Includes/cpython/cobject.pxd -> build/lib.macosx-11.0-arm64-cpython-39/Cython/Includes/cpython
2022-12-27T02:59:05.7895110Z       copying Cython/Includes/cpython/set.pxd -> build/lib.macosx-11.0-arm64-cpython-39/Cython/Includes/cpython
2022-12-27T02:59:05.7895410Z       copying Cython/Includes/cpython/__init__.pxd -> build/lib.macosx-11.0-arm64-cpython-39/Cython/Includes/cpython
2022-12-27T02:59:05.7895710Z       copying Cython/Includes/cpython/object.pxd -> build/lib.macosx-11.0-arm64-cpython-39/Cython/Includes/cpython
2022-12-27T02:59:05.7896080Z       copying Cython/Includes/cpython/slice.pxd -> build/lib.macosx-11.0-arm64-cpython-39/Cython/Includes/cpython
2022-12-27T02:59:05.7896420Z       copying Cython/Includes/cpython/getargs.pxd -> build/lib.macosx-11.0-arm64-cpython-39/Cython/Includes/cpython
2022-12-27T02:59:05.7896730Z       copying Cython/Includes/cpython/module.pxd -> build/lib.macosx-11.0-arm64-cpython-39/Cython/Includes/cpython
2022-12-27T02:59:05.7897030Z       copying Cython/Includes/cpython/version.pxd -> build/lib.macosx-11.0-arm64-cpython-39/Cython/Includes/cpython
2022-12-27T02:59:05.7897340Z       copying Cython/Includes/cpython/buffer.pxd -> build/lib.macosx-11.0-arm64-cpython-39/Cython/Includes/cpython
2022-12-27T02:59:05.7897640Z       copying Cython/Includes/cpython/bytes.pxd -> build/lib.macosx-11.0-arm64-cpython-39/Cython/Includes/cpython
2022-12-27T02:59:05.7897940Z       copying Cython/Includes/cpython/exc.pxd -> build/lib.macosx-11.0-arm64-cpython-39/Cython/Includes/cpython
2022-12-27T02:59:05.7898220Z       copying Cython/Includes/cpython/int.pxd -> build/lib.macosx-11.0-arm64-cpython-39/Cython/Includes/cpython
2022-12-27T02:59:05.7898520Z       copying Cython/Includes/cpython/mapping.pxd -> build/lib.macosx-11.0-arm64-cpython-39/Cython/Includes/cpython
2022-12-27T02:59:05.7898820Z       copying Cython/Includes/cpython/string.pxd -> build/lib.macosx-11.0-arm64-cpython-39/Cython/Includes/cpython
2022-12-27T02:59:05.7899120Z       copying Cython/Includes/cpython/dict.pxd -> build/lib.macosx-11.0-arm64-cpython-39/Cython/Includes/cpython
2022-12-27T02:59:05.7899410Z       copying Cython/Includes/cpython/float.pxd -> build/lib.macosx-11.0-arm64-cpython-39/Cython/Includes/cpython
2022-12-27T02:59:05.7899710Z       copying Cython/Includes/cpython/complex.pxd -> build/lib.macosx-11.0-arm64-cpython-39/Cython/Includes/cpython
2022-12-27T02:59:05.7900100Z       copying Cython/Includes/cpython/array.pxd -> build/lib.macosx-11.0-arm64-cpython-39/Cython/Includes/cpython
2022-12-27T02:59:05.7900410Z       copying Cython/Includes/cpython/function.pxd -> build/lib.macosx-11.0-arm64-cpython-39/Cython/Includes/cpython
2022-12-27T02:59:05.7900710Z       copying Cython/Includes/cpython/sequence.pxd -> build/lib.macosx-11.0-arm64-cpython-39/Cython/Includes/cpython
2022-12-27T02:59:05.7901010Z       copying Cython/Includes/cpython/method.pxd -> build/lib.macosx-11.0-arm64-cpython-39/Cython/Includes/cpython
2022-12-27T02:59:05.7901320Z       copying Cython/Includes/cpython/oldbuffer.pxd -> build/lib.macosx-11.0-arm64-cpython-39/Cython/Includes/cpython
2022-12-27T02:59:05.7901630Z       copying Cython/Includes/cpython/longintrepr.pxd -> build/lib.macosx-11.0-arm64-cpython-39/Cython/Includes/cpython
2022-12-27T02:59:05.7901940Z       copying Cython/Includes/cpython/pycapsule.pxd -> build/lib.macosx-11.0-arm64-cpython-39/Cython/Includes/cpython
2022-12-27T02:59:05.7902270Z       copying Cython/Includes/cpython/tuple.pxd -> build/lib.macosx-11.0-arm64-cpython-39/Cython/Includes/cpython
2022-12-27T02:59:05.7902580Z       copying Cython/Includes/cpython/list.pxd -> build/lib.macosx-11.0-arm64-cpython-39/Cython/Includes/cpython
2022-12-27T02:59:05.7902870Z       copying Cython/Includes/cpython/pystate.pxd -> build/lib.macosx-11.0-arm64-cpython-39/Cython/Includes/cpython
2022-12-27T02:59:05.7903170Z       copying Cython/Includes/cpython/mem.pxd -> build/lib.macosx-11.0-arm64-cpython-39/Cython/Includes/cpython
2022-12-27T02:59:05.7903470Z       copying Cython/Includes/cpython/datetime.pxd -> build/lib.macosx-11.0-arm64-cpython-39/Cython/Includes/cpython
2022-12-27T02:59:05.7903780Z       copying Cython/Includes/cpython/pythread.pxd -> build/lib.macosx-11.0-arm64-cpython-39/Cython/Includes/cpython
2022-12-27T02:59:05.7904070Z       copying Cython/Includes/cpython/instance.pxd -> build/lib.macosx-11.0-arm64-cpython-39/Cython/Includes/cpython
2022-12-27T02:59:05.7904380Z       copying Cython/Includes/cpython/unicode.pxd -> build/lib.macosx-11.0-arm64-cpython-39/Cython/Includes/cpython
2022-12-27T02:59:05.7904760Z       copying Cython/Includes/cpython/number.pxd -> build/lib.macosx-11.0-arm64-cpython-39/Cython/Includes/cpython
2022-12-27T02:59:05.7905080Z       copying Cython/Includes/cpython/type.pxd -> build/lib.macosx-11.0-arm64-cpython-39/Cython/Includes/cpython
2022-12-27T02:59:05.7905370Z       copying Cython/Includes/cpython/bool.pxd -> build/lib.macosx-11.0-arm64-cpython-39/Cython/Includes/cpython
2022-12-27T02:59:05.7905640Z       creating build/lib.macosx-11.0-arm64-cpython-39/Cython/Includes/libcpp
2022-12-27T02:59:05.7905930Z       copying Cython/Includes/libcpp/unordered_set.pxd -> build/lib.macosx-11.0-arm64-cpython-39/Cython/Includes/libcpp
2022-12-27T02:59:05.7906240Z       copying Cython/Includes/libcpp/memory.pxd -> build/lib.macosx-11.0-arm64-cpython-39/Cython/Includes/libcpp
2022-12-27T02:59:05.7906530Z       copying Cython/Includes/libcpp/iterator.pxd -> build/lib.macosx-11.0-arm64-cpython-39/Cython/Includes/libcpp
2022-12-27T02:59:05.7906830Z       copying Cython/Includes/libcpp/set.pxd -> build/lib.macosx-11.0-arm64-cpython-39/Cython/Includes/libcpp
2022-12-27T02:59:05.7907140Z       copying Cython/Includes/libcpp/__init__.pxd -> build/lib.macosx-11.0-arm64-cpython-39/Cython/Includes/libcpp
2022-12-27T02:59:05.7907490Z       copying Cython/Includes/libcpp/limits.pxd -> build/lib.macosx-11.0-arm64-cpython-39/Cython/Includes/libcpp
2022-12-27T02:59:05.7907790Z       copying Cython/Includes/libcpp/deque.pxd -> build/lib.macosx-11.0-arm64-cpython-39/Cython/Includes/libcpp
2022-12-27T02:59:05.7908080Z       copying Cython/Includes/libcpp/stack.pxd -> build/lib.macosx-11.0-arm64-cpython-39/Cython/Includes/libcpp
2022-12-27T02:59:05.7908380Z       copying Cython/Includes/libcpp/string.pxd -> build/lib.macosx-11.0-arm64-cpython-39/Cython/Includes/libcpp
2022-12-27T02:59:05.7908700Z       copying Cython/Includes/libcpp/typeindex.pxd -> build/lib.macosx-11.0-arm64-cpython-39/Cython/Includes/libcpp
2022-12-27T02:59:05.7909100Z       copying Cython/Includes/libcpp/map.pxd -> build/lib.macosx-11.0-arm64-cpython-39/Cython/Includes/libcpp
2022-12-27T02:59:05.7909400Z       copying Cython/Includes/libcpp/complex.pxd -> build/lib.macosx-11.0-arm64-cpython-39/Cython/Includes/libcpp
2022-12-27T02:59:05.7909700Z       copying Cython/Includes/libcpp/vector.pxd -> build/lib.macosx-11.0-arm64-cpython-39/Cython/Includes/libcpp
2022-12-27T02:59:05.7910010Z       copying Cython/Includes/libcpp/functional.pxd -> build/lib.macosx-11.0-arm64-cpython-39/Cython/Includes/libcpp
2022-12-27T02:59:05.7910320Z       copying Cython/Includes/libcpp/algorithm.pxd -> build/lib.macosx-11.0-arm64-cpython-39/Cython/Includes/libcpp
2022-12-27T02:59:05.7910620Z       copying Cython/Includes/libcpp/list.pxd -> build/lib.macosx-11.0-arm64-cpython-39/Cython/Includes/libcpp
2022-12-27T02:59:05.7910920Z       copying Cython/Includes/libcpp/queue.pxd -> build/lib.macosx-11.0-arm64-cpython-39/Cython/Includes/libcpp
2022-12-27T02:59:05.7911220Z       copying Cython/Includes/libcpp/unordered_map.pxd -> build/lib.macosx-11.0-arm64-cpython-39/Cython/Includes/libcpp
2022-12-27T02:59:05.7911520Z       copying Cython/Includes/libcpp/cast.pxd -> build/lib.macosx-11.0-arm64-cpython-39/Cython/Includes/libcpp
2022-12-27T02:59:05.7911820Z       copying Cython/Includes/libcpp/typeinfo.pxd -> build/lib.macosx-11.0-arm64-cpython-39/Cython/Includes/libcpp
2022-12-27T02:59:05.7912120Z       copying Cython/Includes/libcpp/pair.pxd -> build/lib.macosx-11.0-arm64-cpython-39/Cython/Includes/libcpp
2022-12-27T02:59:05.7912420Z       copying Cython/Includes/libcpp/utility.pxd -> build/lib.macosx-11.0-arm64-cpython-39/Cython/Includes/libcpp
2022-12-27T02:59:05.7912700Z       creating build/lib.macosx-11.0-arm64-cpython-39/Cython/Includes/Deprecated
2022-12-27T02:59:05.7913000Z       copying Cython/Includes/Deprecated/python_number.pxd -> build/lib.macosx-11.0-arm64-cpython-39/Cython/Includes/Deprecated
2022-12-27T02:59:05.7913330Z       copying Cython/Includes/Deprecated/python_unicode.pxd -> build/lib.macosx-11.0-arm64-cpython-39/Cython/Includes/Deprecated
2022-12-27T02:59:05.7913740Z       copying Cython/Includes/Deprecated/python_dict.pxd -> build/lib.macosx-11.0-arm64-cpython-39/Cython/Includes/Deprecated
2022-12-27T02:59:05.7914100Z       copying Cython/Includes/Deprecated/python_mem.pxd -> build/lib.macosx-11.0-arm64-cpython-39/Cython/Includes/Deprecated
2022-12-27T02:59:05.7914420Z       copying Cython/Includes/Deprecated/stl.pxd -> build/lib.macosx-11.0-arm64-cpython-39/Cython/Includes/Deprecated
2022-12-27T02:59:05.7914740Z       copying Cython/Includes/Deprecated/python2.5.pxd -> build/lib.macosx-11.0-arm64-cpython-39/Cython/Includes/Deprecated
2022-12-27T02:59:05.7915060Z       copying Cython/Includes/Deprecated/python_method.pxd -> build/lib.macosx-11.0-arm64-cpython-39/Cython/Includes/Deprecated
2022-12-27T02:59:05.7915390Z       copying Cython/Includes/Deprecated/python_pycapsule.pxd -> build/lib.macosx-11.0-arm64-cpython-39/Cython/Includes/Deprecated
2022-12-27T02:59:05.7915720Z       copying Cython/Includes/Deprecated/python_oldbuffer.pxd -> build/lib.macosx-11.0-arm64-cpython-39/Cython/Includes/Deprecated
2022-12-27T02:59:05.7916050Z       copying Cython/Includes/Deprecated/python_complex.pxd -> build/lib.macosx-11.0-arm64-cpython-39/Cython/Includes/Deprecated
2022-12-27T02:59:05.7916370Z       copying Cython/Includes/Deprecated/python_bytes.pxd -> build/lib.macosx-11.0-arm64-cpython-39/Cython/Includes/Deprecated
2022-12-27T02:59:05.7916700Z       copying Cython/Includes/Deprecated/python_iterator.pxd -> build/lib.macosx-11.0-arm64-cpython-39/Cython/Includes/Deprecated
2022-12-27T02:59:05.7917030Z       copying Cython/Includes/Deprecated/python_long.pxd -> build/lib.macosx-11.0-arm64-cpython-39/Cython/Includes/Deprecated
2022-12-27T02:59:05.7917350Z       copying Cython/Includes/Deprecated/stdio.pxd -> build/lib.macosx-11.0-arm64-cpython-39/Cython/Includes/Deprecated
2022-12-27T02:59:05.7917660Z       copying Cython/Includes/Deprecated/stdlib.pxd -> build/lib.macosx-11.0-arm64-cpython-39/Cython/Includes/Deprecated
2022-12-27T02:59:05.7918080Z       copying Cython/Includes/Deprecated/python_float.pxd -> build/lib.macosx-11.0-arm64-cpython-39/Cython/Includes/Deprecated
2022-12-27T02:59:05.7918410Z       copying Cython/Includes/Deprecated/python_buffer.pxd -> build/lib.macosx-11.0-arm64-cpython-39/Cython/Includes/Deprecated
2022-12-27T02:59:05.7918740Z       copying Cython/Includes/Deprecated/python_mapping.pxd -> build/lib.macosx-11.0-arm64-cpython-39/Cython/Includes/Deprecated
2022-12-27T02:59:05.7919060Z       copying Cython/Includes/Deprecated/python_instance.pxd -> build/lib.macosx-11.0-arm64-cpython-39/Cython/Includes/Deprecated
2022-12-27T02:59:05.7919390Z       copying Cython/Includes/Deprecated/python_int.pxd -> build/lib.macosx-11.0-arm64-cpython-39/Cython/Includes/Deprecated
2022-12-27T02:59:05.7919850Z       copying Cython/Includes/Deprecated/python_exc.pxd -> build/lib.macosx-11.0-arm64-cpython-39/Cython/Includes/Deprecated
2022-12-27T02:59:05.7920180Z       copying Cython/Includes/Deprecated/python_string.pxd -> build/lib.macosx-11.0-arm64-cpython-39/Cython/Includes/Deprecated
2022-12-27T02:59:05.7920500Z       copying Cython/Includes/Deprecated/python_object.pxd -> build/lib.macosx-11.0-arm64-cpython-39/Cython/Includes/Deprecated
2022-12-27T02:59:05.7920830Z       copying Cython/Includes/Deprecated/python_bool.pxd -> build/lib.macosx-11.0-arm64-cpython-39/Cython/Includes/Deprecated
2022-12-27T02:59:05.7921150Z       copying Cython/Includes/Deprecated/python_module.pxd -> build/lib.macosx-11.0-arm64-cpython-39/Cython/Includes/Deprecated
2022-12-27T02:59:05.7921470Z       copying Cython/Includes/Deprecated/python_set.pxd -> build/lib.macosx-11.0-arm64-cpython-39/Cython/Includes/Deprecated
2022-12-27T02:59:05.7921780Z       copying Cython/Includes/Deprecated/python_getargs.pxd -> build/lib.macosx-11.0-arm64-cpython-39/Cython/Includes/Deprecated
2022-12-27T02:59:05.7922110Z       copying Cython/Includes/Deprecated/python_type.pxd -> build/lib.macosx-11.0-arm64-cpython-39/Cython/Includes/Deprecated
2022-12-27T02:59:05.7922560Z       copying Cython/Includes/Deprecated/python_version.pxd -> build/lib.macosx-11.0-arm64-cpython-39/Cython/Includes/Deprecated
2022-12-27T02:59:05.7922910Z       copying Cython/Includes/Deprecated/python_tuple.pxd -> build/lib.macosx-11.0-arm64-cpython-39/Cython/Includes/Deprecated
2022-12-27T02:59:05.7923240Z       copying Cython/Includes/Deprecated/python_weakref.pxd -> build/lib.macosx-11.0-arm64-cpython-39/Cython/Includes/Deprecated
2022-12-27T02:59:05.7923560Z       copying Cython/Includes/Deprecated/python_ref.pxd -> build/lib.macosx-11.0-arm64-cpython-39/Cython/Includes/Deprecated
2022-12-27T02:59:05.7923870Z       copying Cython/Includes/Deprecated/python_cobject.pxd -> build/lib.macosx-11.0-arm64-cpython-39/Cython/Includes/Deprecated
2022-12-27T02:59:05.7924200Z       copying Cython/Includes/Deprecated/python_function.pxd -> build/lib.macosx-11.0-arm64-cpython-39/Cython/Includes/Deprecated
2022-12-27T02:59:05.7924520Z       copying Cython/Includes/Deprecated/python_sequence.pxd -> build/lib.macosx-11.0-arm64-cpython-39/Cython/Includes/Deprecated
2022-12-27T02:59:05.7924850Z       copying Cython/Includes/Deprecated/python.pxd -> build/lib.macosx-11.0-arm64-cpython-39/Cython/Includes/Deprecated
2022-12-27T02:59:05.7925170Z       copying Cython/Includes/Deprecated/python_list.pxd -> build/lib.macosx-11.0-arm64-cpython-39/Cython/Includes/Deprecated
2022-12-27T02:59:05.7925480Z       copying Cython/Compiler/ParseTreeTransforms.pxd -> build/lib.macosx-11.0-arm64-cpython-39/Cython/Compiler
2022-12-27T02:59:05.7925780Z       copying Cython/Compiler/Scanning.pxd -> build/lib.macosx-11.0-arm64-cpython-39/Cython/Compiler
2022-12-27T02:59:05.7926060Z       copying Cython/Compiler/Parsing.pxd -> build/lib.macosx-11.0-arm64-cpython-39/Cython/Compiler
2022-12-27T02:59:05.7926350Z       copying Cython/Compiler/FlowControl.pxd -> build/lib.macosx-11.0-arm64-cpython-39/Cython/Compiler
2022-12-27T02:59:05.7926630Z       copying Cython/Compiler/Code.pxd -> build/lib.macosx-11.0-arm64-cpython-39/Cython/Compiler
2022-12-27T02:59:05.7927000Z       copying Cython/Compiler/Visitor.pxd -> build/lib.macosx-11.0-arm64-cpython-39/Cython/Compiler
2022-12-27T02:59:05.7927290Z       copying Cython/Runtime/refnanny.pyx -> build/lib.macosx-11.0-arm64-cpython-39/Cython/Runtime
2022-12-27T02:59:05.7927580Z       copying Cython/Debugger/Tests/codefile -> build/lib.macosx-11.0-arm64-cpython-39/Cython/Debugger/Tests
2022-12-27T02:59:05.7927870Z       copying Cython/Debugger/Tests/cfuncs.c -> build/lib.macosx-11.0-arm64-cpython-39/Cython/Debugger/Tests
2022-12-27T02:59:05.7928140Z       copying Cython/Plex/Scanners.pxd -> build/lib.macosx-11.0-arm64-cpython-39/Cython/Plex
2022-12-27T02:59:05.7928410Z       copying Cython/Plex/Actions.pxd -> build/lib.macosx-11.0-arm64-cpython-39/Cython/Plex
2022-12-27T02:59:05.7928690Z       copying Cython/Utility/CpdefEnums.pyx -> build/lib.macosx-11.0-arm64-cpython-39/Cython/Utility
2022-12-27T02:59:05.7928990Z       copying Cython/Utility/TestCyUtilityLoader.pyx -> build/lib.macosx-11.0-arm64-cpython-39/Cython/Utility
2022-12-27T02:59:05.7929280Z       copying Cython/Utility/CppConvert.pyx -> build/lib.macosx-11.0-arm64-cpython-39/Cython/Utility
2022-12-27T02:59:05.7929570Z       copying Cython/Utility/TestCythonScope.pyx -> build/lib.macosx-11.0-arm64-cpython-39/Cython/Utility
2022-12-27T02:59:05.7929850Z       copying Cython/Utility/MemoryView.pyx -> build/lib.macosx-11.0-arm64-cpython-39/Cython/Utility
2022-12-27T02:59:05.7930120Z       copying Cython/Utility/CConvert.pyx -> build/lib.macosx-11.0-arm64-cpython-39/Cython/Utility
2022-12-27T02:59:05.7930410Z       copying Cython/Utility/ObjectHandling.c -> build/lib.macosx-11.0-arm64-cpython-39/Cython/Utility
2022-12-27T02:59:05.7930690Z       copying Cython/Utility/Buffer.c -> build/lib.macosx-11.0-arm64-cpython-39/Cython/Utility
2022-12-27T02:59:05.7930960Z       copying Cython/Utility/Builtins.c -> build/lib.macosx-11.0-arm64-cpython-39/Cython/Utility
2022-12-27T02:59:05.7931230Z       copying Cython/Utility/Overflow.c -> build/lib.macosx-11.0-arm64-cpython-39/Cython/Utility
2022-12-27T02:59:05.7931560Z       copying Cython/Utility/Capsule.c -> build/lib.macosx-11.0-arm64-cpython-39/Cython/Utility
2022-12-27T02:59:05.7931890Z       copying Cython/Utility/FunctionArguments.c -> build/lib.macosx-11.0-arm64-cpython-39/Cython/Utility
2022-12-27T02:59:05.7932180Z       copying Cython/Utility/TestUtilityLoader.c -> build/lib.macosx-11.0-arm64-cpython-39/Cython/Utility
2022-12-27T02:59:05.7932470Z       copying Cython/Utility/MemoryView_C.c -> build/lib.macosx-11.0-arm64-cpython-39/Cython/Utility
2022-12-27T02:59:05.7932750Z       copying Cython/Utility/Printing.c -> build/lib.macosx-11.0-arm64-cpython-39/Cython/Utility
2022-12-27T02:59:05.7933030Z       copying Cython/Utility/CythonFunction.c -> build/lib.macosx-11.0-arm64-cpython-39/Cython/Utility
2022-12-27T02:59:05.7933300Z       copying Cython/Utility/Complex.c -> build/lib.macosx-11.0-arm64-cpython-39/Cython/Utility
2022-12-27T02:59:05.7933570Z       copying Cython/Utility/StringTools.c -> build/lib.macosx-11.0-arm64-cpython-39/Cython/Utility
2022-12-27T02:59:05.7933850Z       copying Cython/Utility/ImportExport.c -> build/lib.macosx-11.0-arm64-cpython-39/Cython/Utility
2022-12-27T02:59:05.7934120Z       copying Cython/Utility/CMath.c -> build/lib.macosx-11.0-arm64-cpython-39/Cython/Utility
2022-12-27T02:59:05.7934400Z       copying Cython/Utility/CommonStructures.c -> build/lib.macosx-11.0-arm64-cpython-39/Cython/Utility
2022-12-27T02:59:05.7934680Z       copying Cython/Utility/Embed.c -> build/lib.macosx-11.0-arm64-cpython-39/Cython/Utility
2022-12-27T02:59:05.7934960Z       copying Cython/Utility/ExtensionTypes.c -> build/lib.macosx-11.0-arm64-cpython-39/Cython/Utility
2022-12-27T02:59:05.7935240Z       copying Cython/Utility/Optimize.c -> build/lib.macosx-11.0-arm64-cpython-39/Cython/Utility
2022-12-27T02:59:05.7935610Z       copying Cython/Utility/ModuleSetupCode.c -> build/lib.macosx-11.0-arm64-cpython-39/Cython/Utility
2022-12-27T02:59:05.7936120Z       copying Cython/Utility/Profile.c -> build/lib.macosx-11.0-arm64-cpython-39/Cython/Utility
2022-12-27T02:59:05.7936410Z       copying Cython/Utility/Exceptions.c -> build/lib.macosx-11.0-arm64-cpython-39/Cython/Utility
2022-12-27T02:59:05.7936680Z       copying Cython/Utility/AsyncGen.c -> build/lib.macosx-11.0-arm64-cpython-39/Cython/Utility
2022-12-27T02:59:05.7936960Z       copying Cython/Utility/TypeConversion.c -> build/lib.macosx-11.0-arm64-cpython-39/Cython/Utility
2022-12-27T02:59:05.7937230Z       copying Cython/Utility/Coroutine.c -> build/lib.macosx-11.0-arm64-cpython-39/Cython/Utility
2022-12-27T02:59:05.7937510Z       copying Cython/Utility/arrayarray.h -> build/lib.macosx-11.0-arm64-cpython-39/Cython/Utility
2022-12-27T02:59:05.7937790Z       copying Cython/Utility/CppSupport.cpp -> build/lib.macosx-11.0-arm64-cpython-39/Cython/Utility
2022-12-27T02:59:05.7937960Z       running build_ext
2022-12-27T02:59:05.7938130Z       building 'Cython.Plex.Scanners' extension
2022-12-27T02:59:05.7938340Z       creating build/temp.macosx-11.0-arm64-cpython-39
2022-12-27T02:59:05.7938560Z       creating build/temp.macosx-11.0-arm64-cpython-39/private
2022-12-27T02:59:05.7938790Z       creating build/temp.macosx-11.0-arm64-cpython-39/private/var
2022-12-27T02:59:05.7939040Z       creating build/temp.macosx-11.0-arm64-cpython-39/private/var/folders
2022-12-27T02:59:05.7939280Z       creating build/temp.macosx-11.0-arm64-cpython-39/private/var/folders/51
2022-12-27T02:59:05.7939570Z       creating build/temp.macosx-11.0-arm64-cpython-39/private/var/folders/51/hd414ycd67n82196sw51xqtc0000gn
2022-12-27T02:59:05.7939880Z       creating build/temp.macosx-11.0-arm64-cpython-39/private/var/folders/51/hd414ycd67n82196sw51xqtc0000gn/T
2022-12-27T02:59:05.7940220Z       creating build/temp.macosx-11.0-arm64-cpython-39/private/var/folders/51/hd414ycd67n82196sw51xqtc0000gn/T/pip-install-hihzityk
2022-12-27T02:59:05.7940600Z       creating build/temp.macosx-11.0-arm64-cpython-39/private/var/folders/51/hd414ycd67n82196sw51xqtc0000gn/T/pip-install-hihzityk/cython_6a657ac5dbf14cc8a9dbcc2b770fc9d3
2022-12-27T02:59:05.7941090Z       creating build/temp.macosx-11.0-arm64-cpython-39/private/var/folders/51/hd414ycd67n82196sw51xqtc0000gn/T/pip-install-hihzityk/cython_6a657ac5dbf14cc8a9dbcc2b770fc9d3/Cython
2022-12-27T02:59:05.7941550Z       creating build/temp.macosx-11.0-arm64-cpython-39/private/var/folders/51/hd414ycd67n82196sw51xqtc0000gn/T/pip-install-hihzityk/cython_6a657ac5dbf14cc8a9dbcc2b770fc9d3/Cython/Plex
2022-12-27T02:59:05.7942560Z       gcc -Wno-unused-result -Wsign-compare -Wunreachable-code -fno-common -dynamic -DNDEBUG -g -fwrapv -O3 -Wall -g -I/usr/local/opt/openssl@3/include -I/usr/local/opt/openssl@3/include -arch arm64 -I/private/var/folders/51/hd414ycd67n82196sw51xqtc0000gn/T/cibw-run-nuwv21kg/cp39-macosx_arm64/build/venv/include -I/Library/Frameworks/Python.framework/Versions/3.9/include/python3.9 -c /private/var/folders/51/hd414ycd67n82196sw51xqtc0000gn/T/pip-install-hihzityk/cython_6a657ac5dbf14cc8a9dbcc2b770fc9d3/Cython/Plex/Scanners.c -o build/temp.macosx-11.0-arm64-cpython-39/private/var/folders/51/hd414ycd67n82196sw51xqtc0000gn/T/pip-install-hihzityk/cython_6a657ac5dbf14cc8a9dbcc2b770fc9d3/Cython/Plex/Scanners.o
2022-12-27T02:59:05.7943360Z       /private/var/folders/51/hd414ycd67n82196sw51xqtc0000gn/T/pip-install-hihzityk/cython_6a657ac5dbf14cc8a9dbcc2b770fc9d3/Cython/Plex/Scanners.c:3495:51: warning: '_PyUnicode_get_wstr_length' is deprecated [-Wdeprecated-declarations]
2022-12-27T02:59:05.7943650Z                 __pyx_t_8 = (__pyx_v_data != Py_None)&&(__Pyx_PyUnicode_IS_TRUE(__pyx_v_data) != 0);
2022-12-27T02:59:05.7943810Z                                                         ^
2022-12-27T02:59:05.7944150Z       /private/var/folders/51/hd414ycd67n82196sw51xqtc0000gn/T/pip-install-hihzityk/cython_6a657ac5dbf14cc8a9dbcc2b770fc9d3/Cython/Plex/Scanners.c:422:108: note: expanded from macro '__Pyx_PyUnicode_IS_TRUE'
2022-12-27T02:59:05.7944450Z         #define __Pyx_PyUnicode_IS_TRUE(u)      (0 != (likely(PyUnicode_IS_READY(u)) ? PyUnicode_GET_LENGTH(u) : PyUnicode_GET_SIZE(u)))
2022-12-27T02:59:05.7944750Z                                                                                                                  ^
2022-12-27T02:59:05.7945060Z       /Library/Frameworks/Python.framework/Versions/3.9/include/python3.9/cpython/unicodeobject.h:261:7: note: expanded from macro 'PyUnicode_GET_SIZE'
2022-12-27T02:59:05.7945280Z             PyUnicode_WSTR_LENGTH(op) :                    \
2022-12-27T02:59:05.7945400Z             ^
2022-12-27T02:59:05.7945680Z       /Library/Frameworks/Python.framework/Versions/3.9/include/python3.9/cpython/unicodeobject.h:451:35: note: expanded from macro 'PyUnicode_WSTR_LENGTH'
2022-12-27T02:59:05.7945910Z       #define PyUnicode_WSTR_LENGTH(op) _PyUnicode_get_wstr_length((PyObject*)op)
2022-12-27T02:59:05.7946060Z                                         ^
2022-12-27T02:59:05.7946370Z       /Library/Frameworks/Python.framework/Versions/3.9/include/python3.9/cpython/unicodeobject.h:445:1: note: '_PyUnicode_get_wstr_length' has been explicitly marked deprecated here
2022-12-27T02:59:05.7946590Z       Py_DEPRECATED(3.3)
2022-12-27T02:59:05.7946700Z       ^
2022-12-27T02:59:05.7946950Z       /Library/Frameworks/Python.framework/Versions/3.9/include/python3.9/pyport.h:508:54: note: expanded from macro 'Py_DEPRECATED'
2022-12-27T02:59:05.7947170Z       #define Py_DEPRECATED(VERSION_UNUSED) __attribute__((__deprecated__))
2022-12-27T02:59:05.7947320Z                                                            ^
2022-12-27T02:59:05.7947690Z       /private/var/folders/51/hd414ycd67n82196sw51xqtc0000gn/T/pip-install-hihzityk/cython_6a657ac5dbf14cc8a9dbcc2b770fc9d3/Cython/Plex/Scanners.c:3495:51: warning: 'PyUnicode_AsUnicode' is deprecated [-Wdeprecated-declarations]
2022-12-27T02:59:05.7947980Z                 __pyx_t_8 = (__pyx_v_data != Py_None)&&(__Pyx_PyUnicode_IS_TRUE(__pyx_v_data) != 0);
2022-12-27T02:59:05.7948140Z                                                         ^
2022-12-27T02:59:05.7948610Z       /private/var/folders/51/hd414ycd67n82196sw51xqtc0000gn/T/pip-install-hihzityk/cython_6a657ac5dbf14cc8a9dbcc2b770fc9d3/Cython/Plex/Scanners.c:422:108: note: expanded from macro '__Pyx_PyUnicode_IS_TRUE'
2022-12-27T02:59:05.7948930Z         #define __Pyx_PyUnicode_IS_TRUE(u)      (0 != (likely(PyUnicode_IS_READY(u)) ? PyUnicode_GET_LENGTH(u) : PyUnicode_GET_SIZE(u)))
2022-12-27T02:59:05.7949130Z                                                                                                                  ^
2022-12-27T02:59:05.7949440Z       /Library/Frameworks/Python.framework/Versions/3.9/include/python3.9/cpython/unicodeobject.h:262:14: note: expanded from macro 'PyUnicode_GET_SIZE'
2022-12-27T02:59:05.7949660Z             ((void)PyUnicode_AsUnicode(_PyObject_CAST(op)),\
2022-12-27T02:59:05.7949790Z                    ^
2022-12-27T02:59:05.7950090Z       /Library/Frameworks/Python.framework/Versions/3.9/include/python3.9/cpython/unicodeobject.h:580:1: note: 'PyUnicode_AsUnicode' has been explicitly marked deprecated here
2022-12-27T02:59:05.7950340Z       Py_DEPRECATED(3.3) PyAPI_FUNC(Py_UNICODE *) PyUnicode_AsUnicode(
2022-12-27T02:59:05.7950480Z       ^
2022-12-27T02:59:05.7950730Z       /Library/Frameworks/Python.framework/Versions/3.9/include/python3.9/pyport.h:508:54: note: expanded from macro 'Py_DEPRECATED'
2022-12-27T02:59:05.7950950Z       #define Py_DEPRECATED(VERSION_UNUSED) __attribute__((__deprecated__))
2022-12-27T02:59:05.7951100Z                                                            ^
2022-12-27T02:59:05.7951490Z       /private/var/folders/51/hd414ycd67n82196sw51xqtc0000gn/T/pip-install-hihzityk/cython_6a657ac5dbf14cc8a9dbcc2b770fc9d3/Cython/Plex/Scanners.c:3495:51: warning: '_PyUnicode_get_wstr_length' is deprecated [-Wdeprecated-declarations]
2022-12-27T02:59:05.7951780Z                 __pyx_t_8 = (__pyx_v_data != Py_None)&&(__Pyx_PyUnicode_IS_TRUE(__pyx_v_data) != 0);
2022-12-27T02:59:05.7951940Z                                                         ^
2022-12-27T02:59:05.7952380Z       /private/var/folders/51/hd414ycd67n82196sw51xqtc0000gn/T/pip-install-hihzityk/cython_6a657ac5dbf14cc8a9dbcc2b770fc9d3/Cython/Plex/Scanners.c:422:108: note: expanded from macro '__Pyx_PyUnicode_IS_TRUE'
2022-12-27T02:59:05.7952670Z         #define __Pyx_PyUnicode_IS_TRUE(u)      (0 != (likely(PyUnicode_IS_READY(u)) ? PyUnicode_GET_LENGTH(u) : PyUnicode_GET_SIZE(u)))
2022-12-27T02:59:05.7952860Z                                                                                                                  ^
2022-12-27T02:59:05.7953160Z       /Library/Frameworks/Python.framework/Versions/3.9/include/python3.9/cpython/unicodeobject.h:264:8: note: expanded from macro 'PyUnicode_GET_SIZE'
2022-12-27T02:59:05.7953360Z              PyUnicode_WSTR_LENGTH(op)))
2022-12-27T02:59:05.7953480Z              ^
2022-12-27T02:59:05.7953760Z       /Library/Frameworks/Python.framework/Versions/3.9/include/python3.9/cpython/unicodeobject.h:451:35: note: expanded from macro 'PyUnicode_WSTR_LENGTH'
2022-12-27T02:59:05.7954000Z       #define PyUnicode_WSTR_LENGTH(op) _PyUnicode_get_wstr_length((PyObject*)op)
2022-12-27T02:59:05.7954150Z                                         ^
2022-12-27T02:59:05.7954460Z       /Library/Frameworks/Python.framework/Versions/3.9/include/python3.9/cpython/unicodeobject.h:445:1: note: '_PyUnicode_get_wstr_length' has been explicitly marked deprecated here
2022-12-27T02:59:05.7954680Z       Py_DEPRECATED(3.3)
2022-12-27T02:59:05.7954780Z       ^
2022-12-27T02:59:05.7955030Z       /Library/Frameworks/Python.framework/Versions/3.9/include/python3.9/pyport.h:508:54: note: expanded from macro 'Py_DEPRECATED'
2022-12-27T02:59:05.7955240Z       #define Py_DEPRECATED(VERSION_UNUSED) __attribute__((__deprecated__))
2022-12-27T02:59:05.7955400Z                                                            ^
2022-12-27T02:59:05.7955750Z       /private/var/folders/51/hd414ycd67n82196sw51xqtc0000gn/T/pip-install-hihzityk/cython_6a657ac5dbf14cc8a9dbcc2b770fc9d3/Cython/Plex/Scanners.c:8518:46: error: no member named 'tp_print' in 'struct _typeobject'
2022-12-27T02:59:05.7956020Z         __pyx_type_6Cython_4Plex_8Scanners_Scanner.tp_print = 0;
2022-12-27T02:59:05.7956290Z         ~~~~~~~~~~~~~~~~~~~~~~~~~~~~~~~~~~~~~~~~~~ ^
2022-12-27T02:59:05.7956710Z       /private/var/folders/51/hd414ycd67n82196sw51xqtc0000gn/T/pip-install-hihzityk/cython_6a657ac5dbf14cc8a9dbcc2b770fc9d3/Cython/Plex/Scanners.c:9075:22: warning: '_PyUnicode_get_wstr_length' is deprecated [-Wdeprecated-declarations]
2022-12-27T02:59:05.7956980Z                           (PyUnicode_GET_SIZE(**name) != PyUnicode_GET_SIZE(key)) ? 1 :
2022-12-27T02:59:05.7957130Z                            ^
2022-12-27T02:59:05.7957410Z       /Library/Frameworks/Python.framework/Versions/3.9/include/python3.9/cpython/unicodeobject.h:261:7: note: expanded from macro 'PyUnicode_GET_SIZE'
2022-12-27T02:59:05.7957620Z             PyUnicode_WSTR_LENGTH(op) :                    \
2022-12-27T02:59:05.7957740Z             ^
2022-12-27T02:59:05.7958010Z       /Library/Frameworks/Python.framework/Versions/3.9/include/python3.9/cpython/unicodeobject.h:451:35: note: expanded from macro 'PyUnicode_WSTR_LENGTH'
2022-12-27T02:59:05.7958250Z       #define PyUnicode_WSTR_LENGTH(op) _PyUnicode_get_wstr_length((PyObject*)op)
2022-12-27T02:59:05.7958390Z                                         ^
2022-12-27T02:59:05.7958700Z       /Library/Frameworks/Python.framework/Versions/3.9/include/python3.9/cpython/unicodeobject.h:445:1: note: '_PyUnicode_get_wstr_length' has been explicitly marked deprecated here
2022-12-27T02:59:05.7958910Z       Py_DEPRECATED(3.3)
2022-12-27T02:59:05.7959020Z       ^
2022-12-27T02:59:05.7959260Z       /Library/Frameworks/Python.framework/Versions/3.9/include/python3.9/pyport.h:508:54: note: expanded from macro 'Py_DEPRECATED'
2022-12-27T02:59:05.7959470Z       #define Py_DEPRECATED(VERSION_UNUSED) __attribute__((__deprecated__))
2022-12-27T02:59:05.7959630Z                                                            ^
2022-12-27T02:59:05.7960100Z       /private/var/folders/51/hd414ycd67n82196sw51xqtc0000gn/T/pip-install-hihzityk/cython_6a657ac5dbf14cc8a9dbcc2b770fc9d3/Cython/Plex/Scanners.c:9075:22: warning: 'PyUnicode_AsUnicode' is deprecated [-Wdeprecated-declarations]
2022-12-27T02:59:05.7960380Z                           (PyUnicode_GET_SIZE(**name) != PyUnicode_GET_SIZE(key)) ? 1 :
2022-12-27T02:59:05.7960530Z                            ^
2022-12-27T02:59:05.7960810Z       /Library/Frameworks/Python.framework/Versions/3.9/include/python3.9/cpython/unicodeobject.h:262:14: note: expanded from macro 'PyUnicode_GET_SIZE'
2022-12-27T02:59:05.7961020Z             ((void)PyUnicode_AsUnicode(_PyObject_CAST(op)),\
2022-12-27T02:59:05.7961150Z                    ^
2022-12-27T02:59:05.7961450Z       /Library/Frameworks/Python.framework/Versions/3.9/include/python3.9/cpython/unicodeobject.h:580:1: note: 'PyUnicode_AsUnicode' has been explicitly marked deprecated here
2022-12-27T02:59:05.7961690Z       Py_DEPRECATED(3.3) PyAPI_FUNC(Py_UNICODE *) PyUnicode_AsUnicode(
2022-12-27T02:59:05.7961830Z       ^
2022-12-27T02:59:05.7962080Z       /Library/Frameworks/Python.framework/Versions/3.9/include/python3.9/pyport.h:508:54: note: expanded from macro 'Py_DEPRECATED'
2022-12-27T02:59:05.7962390Z       #define Py_DEPRECATED(VERSION_UNUSED) __attribute__((__deprecated__))
2022-12-27T02:59:05.7962540Z                                                            ^
2022-12-27T02:59:05.7962920Z       /private/var/folders/51/hd414ycd67n82196sw51xqtc0000gn/T/pip-install-hihzityk/cython_6a657ac5dbf14cc8a9dbcc2b770fc9d3/Cython/Plex/Scanners.c:9075:22: warning: '_PyUnicode_get_wstr_length' is deprecated [-Wdeprecated-declarations]
2022-12-27T02:59:05.7963200Z                           (PyUnicode_GET_SIZE(**name) != PyUnicode_GET_SIZE(key)) ? 1 :
2022-12-27T02:59:05.7963340Z                            ^
2022-12-27T02:59:05.7963610Z       /Library/Frameworks/Python.framework/Versions/3.9/include/python3.9/cpython/unicodeobject.h:264:8: note: expanded from macro 'PyUnicode_GET_SIZE'
2022-12-27T02:59:05.7963820Z              PyUnicode_WSTR_LENGTH(op)))
2022-12-27T02:59:05.7963930Z              ^
2022-12-27T02:59:05.7964300Z       /Library/Frameworks/Python.framework/Versions/3.9/include/python3.9/cpython/unicodeobject.h:451:35: note: expanded from macro 'PyUnicode_WSTR_LENGTH'
2022-12-27T02:59:05.7964580Z       #define PyUnicode_WSTR_LENGTH(op) _PyUnicode_get_wstr_length((PyObject*)op)
2022-12-27T02:59:05.7964740Z                                         ^
2022-12-27T02:59:05.7965060Z       /Library/Frameworks/Python.framework/Versions/3.9/include/python3.9/cpython/unicodeobject.h:445:1: note: '_PyUnicode_get_wstr_length' has been explicitly marked deprecated here
2022-12-27T02:59:05.7965270Z       Py_DEPRECATED(3.3)
2022-12-27T02:59:05.7965380Z       ^
2022-12-27T02:59:05.7965630Z       /Library/Frameworks/Python.framework/Versions/3.9/include/python3.9/pyport.h:508:54: note: expanded from macro 'Py_DEPRECATED'
2022-12-27T02:59:05.7965840Z       #define Py_DEPRECATED(VERSION_UNUSED) __attribute__((__deprecated__))
2022-12-27T02:59:05.7966000Z                                                            ^
2022-12-27T02:59:05.7966370Z       /private/var/folders/51/hd414ycd67n82196sw51xqtc0000gn/T/pip-install-hihzityk/cython_6a657ac5dbf14cc8a9dbcc2b770fc9d3/Cython/Plex/Scanners.c:9075:52: warning: '_PyUnicode_get_wstr_length' is deprecated [-Wdeprecated-declarations]
2022-12-27T02:59:05.7966650Z                           (PyUnicode_GET_SIZE(**name) != PyUnicode_GET_SIZE(key)) ? 1 :
2022-12-27T02:59:05.7966800Z                                                          ^
2022-12-27T02:59:05.7967090Z       /Library/Frameworks/Python.framework/Versions/3.9/include/python3.9/cpython/unicodeobject.h:261:7: note: expanded from macro 'PyUnicode_GET_SIZE'
2022-12-27T02:59:05.7967300Z             PyUnicode_WSTR_LENGTH(op) :                    \
2022-12-27T02:59:05.7967420Z             ^
2022-12-27T02:59:05.7967690Z       /Library/Frameworks/Python.framework/Versions/3.9/include/python3.9/cpython/unicodeobject.h:451:35: note: expanded from macro 'PyUnicode_WSTR_LENGTH'
2022-12-27T02:59:05.7968030Z       #define PyUnicode_WSTR_LENGTH(op) _PyUnicode_get_wstr_length((PyObject*)op)
2022-12-27T02:59:05.7968180Z                                         ^
2022-12-27T02:59:05.7968510Z       /Library/Frameworks/Python.framework/Versions/3.9/include/python3.9/cpython/unicodeobject.h:445:1: note: '_PyUnicode_get_wstr_length' has been explicitly marked deprecated here
2022-12-27T02:59:05.7968710Z       Py_DEPRECATED(3.3)
2022-12-27T02:59:05.7968820Z       ^
2022-12-27T02:59:05.7969070Z       /Library/Frameworks/Python.framework/Versions/3.9/include/python3.9/pyport.h:508:54: note: expanded from macro 'Py_DEPRECATED'
2022-12-27T02:59:05.7969280Z       #define Py_DEPRECATED(VERSION_UNUSED) __attribute__((__deprecated__))
2022-12-27T02:59:05.7969440Z                                                            ^
2022-12-27T02:59:05.7969810Z       /private/var/folders/51/hd414ycd67n82196sw51xqtc0000gn/T/pip-install-hihzityk/cython_6a657ac5dbf14cc8a9dbcc2b770fc9d3/Cython/Plex/Scanners.c:9075:52: warning: 'PyUnicode_AsUnicode' is deprecated [-Wdeprecated-declarations]
2022-12-27T02:59:05.7970090Z                           (PyUnicode_GET_SIZE(**name) != PyUnicode_GET_SIZE(key)) ? 1 :
2022-12-27T02:59:05.7970240Z                                                          ^
2022-12-27T02:59:05.7970520Z       /Library/Frameworks/Python.framework/Versions/3.9/include/python3.9/cpython/unicodeobject.h:262:14: note: expanded from macro 'PyUnicode_GET_SIZE'
2022-12-27T02:59:05.7970740Z             ((void)PyUnicode_AsUnicode(_PyObject_CAST(op)),\
2022-12-27T02:59:05.7970880Z                    ^
2022-12-27T02:59:05.7971170Z       /Library/Frameworks/Python.framework/Versions/3.9/include/python3.9/cpython/unicodeobject.h:580:1: note: 'PyUnicode_AsUnicode' has been explicitly marked deprecated here
2022-12-27T02:59:05.7971410Z       Py_DEPRECATED(3.3) PyAPI_FUNC(Py_UNICODE *) PyUnicode_AsUnicode(
2022-12-27T02:59:05.7971550Z       ^
2022-12-27T02:59:05.7971790Z       /Library/Frameworks/Python.framework/Versions/3.9/include/python3.9/pyport.h:508:54: note: expanded from macro 'Py_DEPRECATED'
2022-12-27T02:59:05.7972080Z       #define Py_DEPRECATED(VERSION_UNUSED) __attribute__((__deprecated__))
2022-12-27T02:59:05.7972260Z                                                            ^
2022-12-27T02:59:05.7972640Z       /private/var/folders/51/hd414ycd67n82196sw51xqtc0000gn/T/pip-install-hihzityk/cython_6a657ac5dbf14cc8a9dbcc2b770fc9d3/Cython/Plex/Scanners.c:9075:52: warning: '_PyUnicode_get_wstr_length' is deprecated [-Wdeprecated-declarations]
2022-12-27T02:59:05.7972920Z                           (PyUnicode_GET_SIZE(**name) != PyUnicode_GET_SIZE(key)) ? 1 :
2022-12-27T02:59:05.7973070Z                                                          ^
2022-12-27T02:59:05.7973350Z       /Library/Frameworks/Python.framework/Versions/3.9/include/python3.9/cpython/unicodeobject.h:264:8: note: expanded from macro 'PyUnicode_GET_SIZE'
2022-12-27T02:59:05.7973550Z              PyUnicode_WSTR_LENGTH(op)))
2022-12-27T02:59:05.7973670Z              ^
2022-12-27T02:59:05.7973950Z       /Library/Frameworks/Python.framework/Versions/3.9/include/python3.9/cpython/unicodeobject.h:451:35: note: expanded from macro 'PyUnicode_WSTR_LENGTH'
2022-12-27T02:59:05.7974190Z       #define PyUnicode_WSTR_LENGTH(op) _PyUnicode_get_wstr_length((PyObject*)op)
2022-12-27T02:59:05.7974340Z                                         ^
2022-12-27T02:59:05.7974650Z       /Library/Frameworks/Python.framework/Versions/3.9/include/python3.9/cpython/unicodeobject.h:445:1: note: '_PyUnicode_get_wstr_length' has been explicitly marked deprecated here
2022-12-27T02:59:05.7974860Z       Py_DEPRECATED(3.3)
2022-12-27T02:59:05.7974970Z       ^
2022-12-27T02:59:05.7975210Z       /Library/Frameworks/Python.framework/Versions/3.9/include/python3.9/pyport.h:508:54: note: expanded from macro 'Py_DEPRECATED'
2022-12-27T02:59:05.7975420Z       #define Py_DEPRECATED(VERSION_UNUSED) __attribute__((__deprecated__))
2022-12-27T02:59:05.7975670Z                                                            ^
2022-12-27T02:59:05.7976050Z       /private/var/folders/51/hd414ycd67n82196sw51xqtc0000gn/T/pip-install-hihzityk/cython_6a657ac5dbf14cc8a9dbcc2b770fc9d3/Cython/Plex/Scanners.c:9091:26: warning: '_PyUnicode_get_wstr_length' is deprecated [-Wdeprecated-declarations]
2022-12-27T02:59:05.7976340Z                               (PyUnicode_GET_SIZE(**argname) != PyUnicode_GET_SIZE(key)) ? 1 :
2022-12-27T02:59:05.7976490Z                                ^
2022-12-27T02:59:05.7976770Z       /Library/Frameworks/Python.framework/Versions/3.9/include/python3.9/cpython/unicodeobject.h:261:7: note: expanded from macro 'PyUnicode_GET_SIZE'
2022-12-27T02:59:05.7976980Z             PyUnicode_WSTR_LENGTH(op) :                    \
2022-12-27T02:59:05.7977100Z             ^
2022-12-27T02:59:05.7977380Z       /Library/Frameworks/Python.framework/Versions/3.9/include/python3.9/cpython/unicodeobject.h:451:35: note: expanded from macro 'PyUnicode_WSTR_LENGTH'
2022-12-27T02:59:05.7977620Z       #define PyUnicode_WSTR_LENGTH(op) _PyUnicode_get_wstr_length((PyObject*)op)
2022-12-27T02:59:05.7977770Z                                         ^
2022-12-27T02:59:05.7978080Z       /Library/Frameworks/Python.framework/Versions/3.9/include/python3.9/cpython/unicodeobject.h:445:1: note: '_PyUnicode_get_wstr_length' has been explicitly marked deprecated here
2022-12-27T02:59:05.7978290Z       Py_DEPRECATED(3.3)
2022-12-27T02:59:05.7978390Z       ^
2022-12-27T02:59:05.7978640Z       /Library/Frameworks/Python.framework/Versions/3.9/include/python3.9/pyport.h:508:54: note: expanded from macro 'Py_DEPRECATED'
2022-12-27T02:59:05.7978850Z       #define Py_DEPRECATED(VERSION_UNUSED) __attribute__((__deprecated__))
2022-12-27T02:59:05.7979010Z                                                            ^
2022-12-27T02:59:05.7979380Z       /private/var/folders/51/hd414ycd67n82196sw51xqtc0000gn/T/pip-install-hihzityk/cython_6a657ac5dbf14cc8a9dbcc2b770fc9d3/Cython/Plex/Scanners.c:9091:26: warning: 'PyUnicode_AsUnicode' is deprecated [-Wdeprecated-declarations]
2022-12-27T02:59:05.7979730Z                               (PyUnicode_GET_SIZE(**argname) != PyUnicode_GET_SIZE(key)) ? 1 :
2022-12-27T02:59:05.7979890Z                                ^
2022-12-27T02:59:05.7980190Z       /Library/Frameworks/Python.framework/Versions/3.9/include/python3.9/cpython/unicodeobject.h:262:14: note: expanded from macro 'PyUnicode_GET_SIZE'
2022-12-27T02:59:05.7980410Z             ((void)PyUnicode_AsUnicode(_PyObject_CAST(op)),\
2022-12-27T02:59:05.7980540Z                    ^
2022-12-27T02:59:05.7980840Z       /Library/Frameworks/Python.framework/Versions/3.9/include/python3.9/cpython/unicodeobject.h:580:1: note: 'PyUnicode_AsUnicode' has been explicitly marked deprecated here
2022-12-27T02:59:05.7981080Z       Py_DEPRECATED(3.3) PyAPI_FUNC(Py_UNICODE *) PyUnicode_AsUnicode(
2022-12-27T02:59:05.7981220Z       ^
2022-12-27T02:59:05.7981470Z       /Library/Frameworks/Python.framework/Versions/3.9/include/python3.9/pyport.h:508:54: note: expanded from macro 'Py_DEPRECATED'
2022-12-27T02:59:05.7981690Z       #define Py_DEPRECATED(VERSION_UNUSED) __attribute__((__deprecated__))
2022-12-27T02:59:05.7981840Z                                                            ^
2022-12-27T02:59:05.7982260Z       /private/var/folders/51/hd414ycd67n82196sw51xqtc0000gn/T/pip-install-hihzityk/cython_6a657ac5dbf14cc8a9dbcc2b770fc9d3/Cython/Plex/Scanners.c:9091:26: warning: '_PyUnicode_get_wstr_length' is deprecated [-Wdeprecated-declarations]
2022-12-27T02:59:05.7982550Z                               (PyUnicode_GET_SIZE(**argname) != PyUnicode_GET_SIZE(key)) ? 1 :
2022-12-27T02:59:05.7982700Z                                ^
2022-12-27T02:59:05.7982970Z       /Library/Frameworks/Python.framework/Versions/3.9/include/python3.9/cpython/unicodeobject.h:264:8: note: expanded from macro 'PyUnicode_GET_SIZE'
2022-12-27T02:59:05.7983180Z              PyUnicode_WSTR_LENGTH(op)))
2022-12-27T02:59:05.7983300Z              ^
2022-12-27T02:59:05.7983670Z       /Library/Frameworks/Python.framework/Versions/3.9/include/python3.9/cpython/unicodeobject.h:451:35: note: expanded from macro 'PyUnicode_WSTR_LENGTH'
2022-12-27T02:59:05.7983910Z       #define PyUnicode_WSTR_LENGTH(op) _PyUnicode_get_wstr_length((PyObject*)op)
2022-12-27T02:59:05.7984060Z                                         ^
2022-12-27T02:59:05.7984370Z       /Library/Frameworks/Python.framework/Versions/3.9/include/python3.9/cpython/unicodeobject.h:445:1: note: '_PyUnicode_get_wstr_length' has been explicitly marked deprecated here
2022-12-27T02:59:05.7984580Z       Py_DEPRECATED(3.3)
2022-12-27T02:59:05.7984690Z       ^
2022-12-27T02:59:05.7984940Z       /Library/Frameworks/Python.framework/Versions/3.9/include/python3.9/pyport.h:508:54: note: expanded from macro 'Py_DEPRECATED'
2022-12-27T02:59:05.7985180Z       #define Py_DEPRECATED(VERSION_UNUSED) __attribute__((__deprecated__))
2022-12-27T02:59:05.7985340Z                                                            ^
2022-12-27T02:59:05.7985720Z       /private/var/folders/51/hd414ycd67n82196sw51xqtc0000gn/T/pip-install-hihzityk/cython_6a657ac5dbf14cc8a9dbcc2b770fc9d3/Cython/Plex/Scanners.c:9091:59: warning: '_PyUnicode_get_wstr_length' is deprecated [-Wdeprecated-declarations]
2022-12-27T02:59:05.7986010Z                               (PyUnicode_GET_SIZE(**argname) != PyUnicode_GET_SIZE(key)) ? 1 :
2022-12-27T02:59:05.7986160Z                                                                 ^
2022-12-27T02:59:05.7986450Z       /Library/Frameworks/Python.framework/Versions/3.9/include/python3.9/cpython/unicodeobject.h:261:7: note: expanded from macro 'PyUnicode_GET_SIZE'
2022-12-27T02:59:05.7986660Z             PyUnicode_WSTR_LENGTH(op) :                    \
2022-12-27T02:59:05.7986780Z             ^
2022-12-27T02:59:05.7987050Z       /Library/Frameworks/Python.framework/Versions/3.9/include/python3.9/cpython/unicodeobject.h:451:35: note: expanded from macro 'PyUnicode_WSTR_LENGTH'
2022-12-27T02:59:05.7987280Z       #define PyUnicode_WSTR_LENGTH(op) _PyUnicode_get_wstr_length((PyObject*)op)
2022-12-27T02:59:05.7987440Z                                         ^
2022-12-27T02:59:05.7987810Z       /Library/Frameworks/Python.framework/Versions/3.9/include/python3.9/cpython/unicodeobject.h:445:1: note: '_PyUnicode_get_wstr_length' has been explicitly marked deprecated here
2022-12-27T02:59:05.7988040Z       Py_DEPRECATED(3.3)
2022-12-27T02:59:05.7988150Z       ^
2022-12-27T02:59:05.7988410Z       /Library/Frameworks/Python.framework/Versions/3.9/include/python3.9/pyport.h:508:54: note: expanded from macro 'Py_DEPRECATED'
2022-12-27T02:59:05.7988620Z       #define Py_DEPRECATED(VERSION_UNUSED) __attribute__((__deprecated__))
2022-12-27T02:59:05.7988780Z                                                            ^
2022-12-27T02:59:05.7989150Z       /private/var/folders/51/hd414ycd67n82196sw51xqtc0000gn/T/pip-install-hihzityk/cython_6a657ac5dbf14cc8a9dbcc2b770fc9d3/Cython/Plex/Scanners.c:9091:59: warning: 'PyUnicode_AsUnicode' is deprecated [-Wdeprecated-declarations]
2022-12-27T02:59:05.7989430Z                               (PyUnicode_GET_SIZE(**argname) != PyUnicode_GET_SIZE(key)) ? 1 :
2022-12-27T02:59:05.7989590Z                                                                 ^
2022-12-27T02:59:05.7989870Z       /Library/Frameworks/Python.framework/Versions/3.9/include/python3.9/cpython/unicodeobject.h:262:14: note: expanded from macro 'PyUnicode_GET_SIZE'
2022-12-27T02:59:05.7990090Z             ((void)PyUnicode_AsUnicode(_PyObject_CAST(op)),\
2022-12-27T02:59:05.7990220Z                    ^
2022-12-27T02:59:05.7990510Z       /Library/Frameworks/Python.framework/Versions/3.9/include/python3.9/cpython/unicodeobject.h:580:1: note: 'PyUnicode_AsUnicode' has been explicitly marked deprecated here
2022-12-27T02:59:05.7990760Z       Py_DEPRECATED(3.3) PyAPI_FUNC(Py_UNICODE *) PyUnicode_AsUnicode(
2022-12-27T02:59:05.7990900Z       ^
2022-12-27T02:59:05.7991140Z       /Library/Frameworks/Python.framework/Versions/3.9/include/python3.9/pyport.h:508:54: note: expanded from macro 'Py_DEPRECATED'
2022-12-27T02:59:05.7991460Z       #define Py_DEPRECATED(VERSION_UNUSED) __attribute__((__deprecated__))
2022-12-27T02:59:05.7991610Z                                                            ^
2022-12-27T02:59:05.7992000Z       /private/var/folders/51/hd414ycd67n82196sw51xqtc0000gn/T/pip-install-hihzityk/cython_6a657ac5dbf14cc8a9dbcc2b770fc9d3/Cython/Plex/Scanners.c:9091:59: warning: '_PyUnicode_get_wstr_length' is deprecated [-Wdeprecated-declarations]
2022-12-27T02:59:05.7992280Z                               (PyUnicode_GET_SIZE(**argname) != PyUnicode_GET_SIZE(key)) ? 1 :
2022-12-27T02:59:05.7992430Z                                                                 ^
2022-12-27T02:59:05.7992720Z       /Library/Frameworks/Python.framework/Versions/3.9/include/python3.9/cpython/unicodeobject.h:264:8: note: expanded from macro 'PyUnicode_GET_SIZE'
2022-12-27T02:59:05.7992920Z              PyUnicode_WSTR_LENGTH(op)))
2022-12-27T02:59:05.7993030Z              ^
2022-12-27T02:59:05.7993310Z       /Library/Frameworks/Python.framework/Versions/3.9/include/python3.9/cpython/unicodeobject.h:451:35: note: expanded from macro 'PyUnicode_WSTR_LENGTH'
2022-12-27T02:59:05.7993550Z       #define PyUnicode_WSTR_LENGTH(op) _PyUnicode_get_wstr_length((PyObject*)op)
2022-12-27T02:59:05.7993700Z                                         ^
2022-12-27T02:59:05.7994010Z       /Library/Frameworks/Python.framework/Versions/3.9/include/python3.9/cpython/unicodeobject.h:445:1: note: '_PyUnicode_get_wstr_length' has been explicitly marked deprecated here
2022-12-27T02:59:05.7994220Z       Py_DEPRECATED(3.3)
2022-12-27T02:59:05.7994320Z       ^
2022-12-27T02:59:05.7994570Z       /Library/Frameworks/Python.framework/Versions/3.9/include/python3.9/pyport.h:508:54: note: expanded from macro 'Py_DEPRECATED'
2022-12-27T02:59:05.7994790Z       #define Py_DEPRECATED(VERSION_UNUSED) __attribute__((__deprecated__))
2022-12-27T02:59:05.7994940Z                                                            ^
2022-12-27T02:59:05.7995380Z       /private/var/folders/51/hd414ycd67n82196sw51xqtc0000gn/T/pip-install-hihzityk/cython_6a657ac5dbf14cc8a9dbcc2b770fc9d3/Cython/Plex/Scanners.c:9540:16: warning: 'PyUnicode_FromUnicode' is deprecated [-Wdeprecated-declarations]
2022-12-27T02:59:05.7995670Z               return PyUnicode_FromUnicode(NULL, 0);
2022-12-27T02:59:05.7995800Z                      ^
2022-12-27T02:59:05.7996110Z       /Library/Frameworks/Python.framework/Versions/3.9/include/python3.9/cpython/unicodeobject.h:551:1: note: 'PyUnicode_FromUnicode' has been explicitly marked deprecated here
2022-12-27T02:59:05.7996350Z       Py_DEPRECATED(3.3) PyAPI_FUNC(PyObject*) PyUnicode_FromUnicode(
2022-12-27T02:59:05.7996490Z       ^
2022-12-27T02:59:05.7996740Z       /Library/Frameworks/Python.framework/Versions/3.9/include/python3.9/pyport.h:508:54: note: expanded from macro 'Py_DEPRECATED'
2022-12-27T02:59:05.7996950Z       #define Py_DEPRECATED(VERSION_UNUSED) __attribute__((__deprecated__))
2022-12-27T02:59:05.7997100Z                                                            ^
2022-12-27T02:59:05.7997230Z       16 warnings and 1 error generated.
2022-12-27T02:59:05.7997430Z       error: command '/usr/bin/gcc' failed with exit code 1
2022-12-27T02:59:05.7997560Z       [end of output]
2022-12-27T02:59:05.7997660Z   
2022-12-27T02:59:05.7997810Z   note: This error originates from a subprocess, and is likely not a problem with pip.
2022-12-27T02:59:05.7997980Z   Rolling back uninstall of Cython
2022-12-27T02:59:05.7998260Z   Moving to /private/var/folders/51/hd414ycd67n82196sw51xqtc0000gn/T/cibw-run-nuwv21kg/cp39-macosx_arm64/build/venv/bin/cygdb
2022-12-27T02:59:05.7998550Z    from /private/var/folders/51/hd414ycd67n82196sw51xqtc0000gn/T/pip-uninstall-ubfvcsge/cygdb
2022-12-27T02:59:05.7998860Z   Moving to /private/var/folders/51/hd414ycd67n82196sw51xqtc0000gn/T/cibw-run-nuwv21kg/cp39-macosx_arm64/build/venv/bin/cython
2022-12-27T02:59:05.7999150Z    from /private/var/folders/51/hd414ycd67n82196sw51xqtc0000gn/T/pip-uninstall-ubfvcsge/cython
2022-12-27T02:59:05.7999580Z   Moving to /private/var/folders/51/hd414ycd67n82196sw51xqtc0000gn/T/cibw-run-nuwv21kg/cp39-macosx_arm64/build/venv/bin/cythonize
2022-12-27T02:59:05.7999870Z    from /private/var/folders/51/hd414ycd67n82196sw51xqtc0000gn/T/pip-uninstall-ubfvcsge/cythonize
2022-12-27T02:59:05.8000230Z   Moving to /private/var/folders/51/hd414ycd67n82196sw51xqtc0000gn/T/cibw-run-nuwv21kg/cp39-macosx_arm64/build/venv/lib/python3.9/site-packages/Cython-0.29.32.dist-info/
2022-12-27T02:59:05.8000610Z    from /private/var/folders/51/hd414ycd67n82196sw51xqtc0000gn/T/cibw-run-nuwv21kg/cp39-macosx_arm64/build/venv/lib/python3.9/site-packages/~ython-0.29.32.dist-info
2022-12-27T02:59:05.8000970Z   Moving to /private/var/folders/51/hd414ycd67n82196sw51xqtc0000gn/T/cibw-run-nuwv21kg/cp39-macosx_arm64/build/venv/lib/python3.9/site-packages/Cython/
2022-12-27T02:59:05.8001310Z    from /private/var/folders/51/hd414ycd67n82196sw51xqtc0000gn/T/cibw-run-nuwv21kg/cp39-macosx_arm64/build/venv/lib/python3.9/site-packages/~ython
2022-12-27T02:59:05.8001700Z   Moving to /private/var/folders/51/hd414ycd67n82196sw51xqtc0000gn/T/cibw-run-nuwv21kg/cp39-macosx_arm64/build/venv/lib/python3.9/site-packages/__pycache__/cython.cpython-39.pyc
2022-12-27T02:59:05.8002040Z    from /private/var/folders/51/hd414ycd67n82196sw51xqtc0000gn/T/pip-uninstall-gqcfanx5/cython.cpython-39.pyc
2022-12-27T02:59:05.8002410Z   Moving to /private/var/folders/51/hd414ycd67n82196sw51xqtc0000gn/T/cibw-run-nuwv21kg/cp39-macosx_arm64/build/venv/lib/python3.9/site-packages/cython.py
2022-12-27T02:59:05.8002720Z    from /private/var/folders/51/hd414ycd67n82196sw51xqtc0000gn/T/pip-uninstall-gtuwq1l3/cython.py
2022-12-27T02:59:05.8003060Z   Moving to /private/var/folders/51/hd414ycd67n82196sw51xqtc0000gn/T/cibw-run-nuwv21kg/cp39-macosx_arm64/build/venv/lib/python3.9/site-packages/pyximport/
2022-12-27T02:59:05.8003410Z    from /private/var/folders/51/hd414ycd67n82196sw51xqtc0000gn/T/cibw-run-nuwv21kg/cp39-macosx_arm64/build/venv/lib/python3.9/site-packages/~yximport
2022-12-27T02:59:05.8003660Z error: legacy-install-failure
2022-12-27T02:59:05.8003740Z 
2022-12-27T02:59:05.8003960Z × Encountered error while trying to install package.
2022-12-27T02:59:05.8004160Z ╰─> cython
2022-12-27T02:59:05.8004230Z 
2022-12-27T02:59:05.8004320Z note: This is an issue with the package mentioned above, not pip.
2022-12-27T02:59:05.8004490Z hint: See above for output from the failure.
2022-12-27T02:59:05.9937280Z ##[endgroup]
2022-12-27T02:59:05.9937920Z                                                              [31m✕ [0m14.63s
2022-12-27T02:59:05.9968240Z ##[error]Command pip install Cython; if [[ -f requirements.txt ]]; then pip install -r requirements.txt; fi failed with code 1. None
2022-12-27T02:59:05.9976330Z 
2022-12-27T02:59:06.0586250Z ##[error]Process completed with exit code 1.
2022-12-27T02:59:06.0627970Z ##[group]Run rm -rf build_grpcio119039 wheelsout
2022-12-27T02:59:06.0628170Z [36;1mrm -rf build_grpcio119039 wheelsout[0m
2022-12-27T02:59:06.0643500Z shell: /bin/bash -e {0}
2022-12-27T02:59:06.0643610Z env:
2022-12-27T02:59:06.0643760Z   pythonLocation: /Users/runner/hostedtoolcache/Python/3.9.16/x64
2022-12-27T02:59:06.0643970Z   PKG_CONFIG_PATH: /Users/runner/hostedtoolcache/Python/3.9.16/x64/lib/pkgconfig
2022-12-27T02:59:06.0644160Z   Python_ROOT_DIR: /Users/runner/hostedtoolcache/Python/3.9.16/x64
2022-12-27T02:59:06.0644340Z   Python2_ROOT_DIR: /Users/runner/hostedtoolcache/Python/3.9.16/x64
2022-12-27T02:59:06.0644510Z   Python3_ROOT_DIR: /Users/runner/hostedtoolcache/Python/3.9.16/x64
2022-12-27T02:59:06.0644650Z ##[endgroup]
2022-12-27T02:59:06.2058490Z Cleaning up orphan processes
