2022-12-27T01:55:02.8388364Z Requested labels: self-hosted, macOS, X64
2022-12-27T01:55:02.8388447Z Job defined at: kilnbuild/python.build/.github/workflows/mac_arm_build.yml@refs/heads/main
2022-12-27T01:55:02.8388482Z Waiting for a runner to pick up this job...
2022-12-27T02:23:28.6562219Z Job is about to start running on the runner: kr1 (organization)
2022-12-27T02:23:33.7795690Z Current runner version: '2.300.2'
2022-12-27T02:23:33.7803810Z Runner name: 'kr1'
2022-12-27T02:23:33.7804240Z Runner group name: 'Default'
2022-12-27T02:23:33.7805170Z Machine name: 'kr1'
2022-12-27T02:23:33.7807770Z ##[group]GITHUB_TOKEN Permissions
2022-12-27T02:23:33.7808470Z Actions: write
2022-12-27T02:23:33.7808710Z Checks: write
2022-12-27T02:23:33.7808960Z Contents: write
2022-12-27T02:23:33.7809220Z Deployments: write
2022-12-27T02:23:33.7809470Z Discussions: write
2022-12-27T02:23:33.7809720Z Issues: write
2022-12-27T02:23:33.7809970Z Metadata: read
2022-12-27T02:23:33.7810210Z Packages: write
2022-12-27T02:23:33.7810460Z Pages: write
2022-12-27T02:23:33.7810710Z PullRequests: write
2022-12-27T02:23:33.7811000Z RepositoryProjects: write
2022-12-27T02:23:33.7811290Z SecurityEvents: write
2022-12-27T02:23:33.7811550Z Statuses: write
2022-12-27T02:23:33.7811790Z ##[endgroup]
2022-12-27T02:23:33.7815720Z Secret source: Actions
2022-12-27T02:23:33.7816230Z Prepare workflow directory
2022-12-27T02:23:33.8963340Z Prepare all required actions
2022-12-27T02:23:33.9168200Z Getting action download info
2022-12-27T02:23:34.3539760Z Download action repository 'actions/setup-python@v4' (SHA:5ccb29d8773c3f3f653e1705f474dfaa8a06a912)
2022-12-27T02:23:36.1965950Z Download action repository 'actions/upload-artifact@v3' (SHA:83fd05a356d7e2593de66fc9913b3002723633cb)
2022-12-27T02:23:37.7492160Z ##[group]Run echo '{
2022-12-27T02:23:37.7492690Z [36;1mecho '{[0m
2022-12-27T02:23:37.7493090Z [36;1m  "environment_variables": "GRPC_PYTHON_BUILD_WITH_CYTHON=1 GRPC_BUILD_WITH_BORING_SSL_ASM='' GRPC_PYTHON_BUILD_SYSTEM_OPENSSL=TRUE",[0m
2022-12-27T02:23:37.7493510Z [36;1m  "package_name": "grpcio",[0m
2022-12-27T02:23:37.7494020Z [36;1m  "package_url": "https://files.pythonhosted.org/packages/ab/d6/3ac8ac61cdcdbdc14e1cef09a4b94f7b90c6bfe0db98cca646960c6cb475/grpcio-0.4.0a14.tar.gz",[0m
2022-12-27T02:23:37.7494380Z [36;1m  "package_version": "0.4.0a14",[0m
2022-12-27T02:23:37.7494660Z [36;1m  "python_version": "3.8",[0m
2022-12-27T02:23:37.7494880Z [36;1m  "use_ccache": "true"[0m
2022-12-27T02:23:37.7495050Z [36;1m}'[0m
2022-12-27T02:23:37.7522180Z shell: /bin/bash -e {0}
2022-12-27T02:23:37.7522400Z ##[endgroup]
2022-12-27T02:23:37.7923280Z {
2022-12-27T02:23:37.7926240Z   "environment_variables": "GRPC_PYTHON_BUILD_WITH_CYTHON=1 GRPC_BUILD_WITH_BORING_SSL_ASM= GRPC_PYTHON_BUILD_SYSTEM_OPENSSL=TRUE",
2022-12-27T02:23:37.7926750Z   "package_name": "grpcio",
2022-12-27T02:23:37.7928070Z   "package_url": "https://files.pythonhosted.org/packages/ab/d6/3ac8ac61cdcdbdc14e1cef09a4b94f7b90c6bfe0db98cca646960c6cb475/grpcio-0.4.0a14.tar.gz",
2022-12-27T02:23:37.7928720Z   "package_version": "0.4.0a14",
2022-12-27T02:23:37.7929000Z   "python_version": "3.8",
2022-12-27T02:23:37.7929330Z   "use_ccache": "true"
2022-12-27T02:23:37.7929640Z }
2022-12-27T02:23:37.8288340Z ##[group]Run actions/setup-python@v4
2022-12-27T02:23:37.8288940Z with:
2022-12-27T02:23:37.8289190Z   python-version: 3.8
2022-12-27T02:23:37.8289510Z   check-latest: false
2022-12-27T02:23:37.8290160Z   token: ***
2022-12-27T02:23:37.8290480Z   update-environment: true
2022-12-27T02:23:37.8290860Z ##[endgroup]
2022-12-27T02:23:38.0488310Z ##[group]Installed versions
2022-12-27T02:23:38.0566430Z Successfully set up CPython (3.8.15)
2022-12-27T02:23:38.0568270Z ##[endgroup]
2022-12-27T02:23:38.0801730Z ##[group]Run if [ "true" == "true" ]
2022-12-27T02:23:38.0802190Z [36;1mif [ "true" == "true" ][0m
2022-12-27T02:23:38.0802470Z [36;1mthen[0m
2022-12-27T02:23:38.0802890Z [36;1m  echo "CCACHE_PATH_PREPEND=/usr/local/opt/ccache/libexec" >> $GITHUB_OUTPUT[0m
2022-12-27T02:23:38.0803430Z [36;1melse[0m
2022-12-27T02:23:38.0803740Z [36;1m  echo "CCACHE_PATH_PREPEND=" >> $GITHUB_OUTPUT[0m
2022-12-27T02:23:38.0804130Z [36;1mfi[0m
2022-12-27T02:23:38.0833870Z shell: /bin/bash -e {0}
2022-12-27T02:23:38.0834320Z env:
2022-12-27T02:23:38.0834730Z   pythonLocation: /Users/runner/hostedtoolcache/Python/3.8.15/x64
2022-12-27T02:23:38.0835220Z   PKG_CONFIG_PATH: /Users/runner/hostedtoolcache/Python/3.8.15/x64/lib/pkgconfig
2022-12-27T02:23:38.0836160Z   Python_ROOT_DIR: /Users/runner/hostedtoolcache/Python/3.8.15/x64
2022-12-27T02:23:38.0836550Z   Python2_ROOT_DIR: /Users/runner/hostedtoolcache/Python/3.8.15/x64
2022-12-27T02:23:38.0837220Z   Python3_ROOT_DIR: /Users/runner/hostedtoolcache/Python/3.8.15/x64
2022-12-27T02:23:38.0837630Z ##[endgroup]
2022-12-27T02:23:38.1128250Z ##[group]Run echo "BUILD_NAME=$(echo grpcio_0.4.0a14_3.8 | tr -dc '[:alnum:]\n\r' | tr '[:upper:]' '[:lower:]')" >> $GITHUB_OUTPUT
2022-12-27T02:23:38.1128860Z [36;1mecho "BUILD_NAME=$(echo grpcio_0.4.0a14_3.8 | tr -dc '[:alnum:]\n\r' | tr '[:upper:]' '[:lower:]')" >> $GITHUB_OUTPUT[0m
2022-12-27T02:23:38.1156060Z shell: /bin/bash -e {0}
2022-12-27T02:23:38.1156380Z env:
2022-12-27T02:23:38.1156690Z   pythonLocation: /Users/runner/hostedtoolcache/Python/3.8.15/x64
2022-12-27T02:23:38.1157110Z   PKG_CONFIG_PATH: /Users/runner/hostedtoolcache/Python/3.8.15/x64/lib/pkgconfig
2022-12-27T02:23:38.1157550Z   Python_ROOT_DIR: /Users/runner/hostedtoolcache/Python/3.8.15/x64
2022-12-27T02:23:38.1157970Z   Python2_ROOT_DIR: /Users/runner/hostedtoolcache/Python/3.8.15/x64
2022-12-27T02:23:38.1158390Z   Python3_ROOT_DIR: /Users/runner/hostedtoolcache/Python/3.8.15/x64
2022-12-27T02:23:38.1158740Z ##[endgroup]
2022-12-27T02:23:38.1414590Z ##[group]Run echo "PYTHON_NO_DOTS=$(echo 3.8 | tr -dc '[:alnum:]\n\r' | tr '[:upper:]' '[:lower:]')" >> $GITHUB_OUTPUT
2022-12-27T02:23:38.1415870Z [36;1mecho "PYTHON_NO_DOTS=$(echo 3.8 | tr -dc '[:alnum:]\n\r' | tr '[:upper:]' '[:lower:]')" >> $GITHUB_OUTPUT[0m
2022-12-27T02:23:38.1444480Z shell: /bin/bash -e {0}
2022-12-27T02:23:38.1444810Z env:
2022-12-27T02:23:38.1445310Z   pythonLocation: /Users/runner/hostedtoolcache/Python/3.8.15/x64
2022-12-27T02:23:38.1445700Z   PKG_CONFIG_PATH: /Users/runner/hostedtoolcache/Python/3.8.15/x64/lib/pkgconfig
2022-12-27T02:23:38.1446150Z   Python_ROOT_DIR: /Users/runner/hostedtoolcache/Python/3.8.15/x64
2022-12-27T02:23:38.1446580Z   Python2_ROOT_DIR: /Users/runner/hostedtoolcache/Python/3.8.15/x64
2022-12-27T02:23:38.1447040Z   Python3_ROOT_DIR: /Users/runner/hostedtoolcache/Python/3.8.15/x64
2022-12-27T02:23:38.1447510Z ##[endgroup]
2022-12-27T02:23:38.1718990Z ##[group]Run rm -rf build_grpcio040a1438
2022-12-27T02:23:38.1719470Z [36;1mrm -rf build_grpcio040a1438[0m
2022-12-27T02:23:38.1719750Z [36;1mmkdir build_grpcio040a1438[0m
2022-12-27T02:23:38.1720270Z [36;1mcd build_grpcio040a1438[0m
2022-12-27T02:23:38.1720900Z [36;1m/usr/local/bin/wget --quiet https://files.pythonhosted.org/packages/ab/d6/3ac8ac61cdcdbdc14e1cef09a4b94f7b90c6bfe0db98cca646960c6cb475/grpcio-0.4.0a14.tar.gz[0m
2022-12-27T02:23:38.1721390Z [36;1mtar xf *.tar.gz[0m
2022-12-27T02:23:38.1721660Z [36;1mcd grpcio-*/[0m
2022-12-27T02:23:38.1722100Z [36;1mpython -m pip install cibuildwheel==2.11.3[0m
2022-12-27T02:23:38.1722500Z [36;1mpython -m cibuildwheel --output-dir ../wheelsout[0m
2022-12-27T02:23:38.1750400Z shell: /bin/bash -e {0}
2022-12-27T02:23:38.1750780Z env:
2022-12-27T02:23:38.1751450Z   pythonLocation: /Users/runner/hostedtoolcache/Python/3.8.15/x64
2022-12-27T02:23:38.1751940Z   PKG_CONFIG_PATH: /Users/runner/hostedtoolcache/Python/3.8.15/x64/lib/pkgconfig
2022-12-27T02:23:38.1752390Z   Python_ROOT_DIR: /Users/runner/hostedtoolcache/Python/3.8.15/x64
2022-12-27T02:23:38.1752750Z   Python2_ROOT_DIR: /Users/runner/hostedtoolcache/Python/3.8.15/x64
2022-12-27T02:23:38.1753250Z   Python3_ROOT_DIR: /Users/runner/hostedtoolcache/Python/3.8.15/x64
2022-12-27T02:23:38.1753620Z   CIBW_ARCHS_MACOS: arm64
2022-12-27T02:23:38.1753880Z   CIBW_TEST_SKIP: *_arm64
2022-12-27T02:23:38.1754200Z   CIBW_BUILD: cp38-macosx_arm64
2022-12-27T02:23:38.1754540Z   CIBW_BUILD_FRONTEND: pip
2022-12-27T02:23:38.1754900Z   CIBW_BUILD_VERBOSITY: 3
2022-12-27T02:23:38.1755540Z   CIBW_ENVIRONMENT_MACOS: GRPC_PYTHON_BUILD_WITH_CYTHON=1 GRPC_BUILD_WITH_BORING_SSL_ASM='' GRPC_PYTHON_BUILD_SYSTEM_OPENSSL=TRUE CFLAGS="-I/usr/local/opt/openssl@3/include" LDFLAGS="-L/usr/local/opt/openssl@3/lib" CPPFLAGS="-I/usr/local/opt/openssl@3/include" MAKEFLAGS="-j$(sysctl -n hw.logicalcpu)" PATH=/usr/local/opt/ccache/libexec:$PATH
2022-12-27T02:23:38.1756630Z   CIBW_BEFORE_BUILD: pip install Cython; if [[ -f requirements.txt ]]; then pip install -r requirements.txt; fi
2022-12-27T02:23:38.1757940Z   MAKEFLAGS: -j$(sysctl -n hw.logicalcpu)
2022-12-27T02:23:38.1758370Z ##[endgroup]
2022-12-27T02:23:38.7182590Z Requirement already satisfied: cibuildwheel==2.11.3 in /Users/runner/hostedtoolcache/Python/3.8.15/x64/lib/python3.8/site-packages (2.11.3)
2022-12-27T02:23:38.7773400Z Requirement already satisfied: filelock in /Users/runner/hostedtoolcache/Python/3.8.15/x64/lib/python3.8/site-packages (from cibuildwheel==2.11.3) (3.8.2)
2022-12-27T02:23:38.7777330Z Requirement already satisfied: certifi in /Users/runner/hostedtoolcache/Python/3.8.15/x64/lib/python3.8/site-packages (from cibuildwheel==2.11.3) (2022.12.7)
2022-12-27T02:23:38.7784510Z Requirement already satisfied: packaging>=20.9 in /Users/runner/hostedtoolcache/Python/3.8.15/x64/lib/python3.8/site-packages (from cibuildwheel==2.11.3) (22.0)
2022-12-27T02:23:38.7789340Z Requirement already satisfied: platformdirs in /Users/runner/hostedtoolcache/Python/3.8.15/x64/lib/python3.8/site-packages (from cibuildwheel==2.11.3) (2.6.0)
2022-12-27T02:23:38.7798590Z Requirement already satisfied: tomli in /Users/runner/hostedtoolcache/Python/3.8.15/x64/lib/python3.8/site-packages (from cibuildwheel==2.11.3) (2.0.1)
2022-12-27T02:23:38.7812930Z Requirement already satisfied: typing-extensions>=4.1.0 in /Users/runner/hostedtoolcache/Python/3.8.15/x64/lib/python3.8/site-packages (from cibuildwheel==2.11.3) (4.4.0)
2022-12-27T02:23:38.7816940Z Requirement already satisfied: bracex in /Users/runner/hostedtoolcache/Python/3.8.15/x64/lib/python3.8/site-packages (from cibuildwheel==2.11.3) (2.3.post1)
2022-12-27T02:23:38.7823730Z Requirement already satisfied: bashlex!=0.13 in /Users/runner/hostedtoolcache/Python/3.8.15/x64/lib/python3.8/site-packages (from cibuildwheel==2.11.3) (0.16)
2022-12-27T02:23:39.0839640Z 
2022-12-27T02:23:39.0840960Z      _ _       _ _   _       _           _
2022-12-27T02:23:39.0843250Z  ___|_| |_ _ _|_| |_| |_ _ _| |_ ___ ___| |
2022-12-27T02:23:39.0846600Z |  _| | . | | | | | . | | | |   | -_| -_| |
2022-12-27T02:23:39.0847050Z |___|_|___|___|_|_|___|_____|_|_|___|___|_|
2022-12-27T02:23:39.0847290Z 
2022-12-27T02:23:39.0847480Z cibuildwheel version 2.11.3
2022-12-27T02:23:39.0847930Z 
2022-12-27T02:23:39.0848130Z Build options:
2022-12-27T02:23:39.0848510Z   platform: macos
2022-12-27T02:23:39.1002400Z   architectures: arm64[0m
2022-12-27T02:23:39.1002800Z   build_selector: 
2022-12-27T02:23:39.1003750Z     build_config: cp38-macosx_arm64
2022-12-27T02:23:39.1004030Z     skip_config: 
2022-12-27T02:23:39.1004590Z     requires_python: None
2022-12-27T02:23:39.1005040Z     prerelease_pythons: False[0m
2022-12-27T02:23:39.1006060Z   [38;5;244mcontainer_engine: docker[0m
2022-12-27T02:23:39.1006670Z   output_dir: /Users/runner/actions-runner/_work/python.build/python.build/build_grpcio040a1438/wheelsout[0m
2022-12-27T02:23:39.1007420Z   package_dir: /Users/runner/actions-runner/_work/python.build/python.build/build_grpcio040a1438/grpcio-0.4.0a14[0m
2022-12-27T02:23:39.1007970Z   test_selector: 
2022-12-27T02:23:39.1008560Z     skip_config: *_arm64[0m
2022-12-27T02:23:39.1009350Z   [38;5;244mbefore_all: [0m
2022-12-27T02:23:39.1009970Z   before_build: pip install Cython; if [[ -f requirements.txt ]]; then pip install -r requirements.txt; fi[0m
2022-12-27T02:23:39.1010400Z   [38;5;244mbefore_test: [0m
2022-12-27T02:23:39.1010810Z   [38;5;244mbuild_frontend: pip[0m
2022-12-27T02:23:39.1011380Z   build_verbosity: 3[0m
2022-12-27T02:23:39.1011770Z   [38;5;244mconfig_settings: [0m
2022-12-27T02:23:39.1012230Z   [38;5;244mdependency_constraints: pinned[0m
2022-12-27T02:23:39.1012580Z   environment: 
2022-12-27T02:23:39.1013130Z     GRPC_PYTHON_BUILD_WITH_CYTHON=1
2022-12-27T02:23:39.1013490Z     GRPC_BUILD_WITH_BORING_SSL_ASM=''
2022-12-27T02:23:39.1014620Z     GRPC_PYTHON_BUILD_SYSTEM_OPENSSL=TRUE
2022-12-27T02:23:39.1015120Z     CFLAGS="-I/usr/local/opt/openssl@3/include"
2022-12-27T02:23:39.1015530Z     LDFLAGS="-L/usr/local/opt/openssl@3/lib"
2022-12-27T02:23:39.1016170Z     CPPFLAGS="-I/usr/local/opt/openssl@3/include"
2022-12-27T02:23:39.1016660Z     MAKEFLAGS="-j$(sysctl -n hw.logicalcpu)"
2022-12-27T02:23:39.1017070Z     PATH=/usr/local/opt/ccache/libexec:$PATH[0m
2022-12-27T02:23:39.1017520Z   [38;5;244mmanylinux_images: None[0m
2022-12-27T02:23:39.1017950Z   [38;5;244mmusllinux_images: None[0m
2022-12-27T02:23:39.1018610Z   [38;5;244mrepair_command: delocate-wheel --require-archs {delocate_archs} -w {dest_dir} -v {wheel}[0m
2022-12-27T02:23:39.1019100Z   [38;5;244mtest_command: [0m
2022-12-27T02:23:39.1019520Z   [38;5;244mtest_extras: [0m
2022-12-27T02:23:39.1019920Z   [38;5;244mtest_requires: [0m
2022-12-27T02:23:39.1020050Z 
2022-12-27T02:23:39.1020320Z Cache folder: /Users/runner/Library/Caches/cibuildwheel
2022-12-27T02:23:39.1038720Z 
2022-12-27T02:23:39.1039400Z Here we go!
2022-12-27T02:23:39.1039810Z 
2022-12-27T02:23:39.1216270Z 
2022-12-27T02:23:39.1218540Z [1m[34mBuilding cp38-macosx_arm64 wheel[0m
2022-12-27T02:23:39.1219500Z CPython 3.8 macOS arm64 - Apple Silicon
2022-12-27T02:23:39.1219780Z 
2022-12-27T02:23:39.1222960Z ##[group]Installing Python cp38...
2022-12-27T02:23:39.1223410Z 
2022-12-27T02:23:39.1223930Z + pkgutil --pkgs
2022-12-27T02:23:39.1424330Z ##[endgroup]
2022-12-27T02:23:39.1427630Z                                                               [32mâœ“ [0m0.02s
2022-12-27T02:23:39.1428510Z ##[group]Setting up build environment...
2022-12-27T02:23:39.1428730Z 
2022-12-27T02:23:39.1466580Z + /Users/runner/hostedtoolcache/Python/3.8.15/x64/bin/python -sS /Users/runner/Library/Caches/cibuildwheel/virtualenv-20.17.0.pyz --activators= --no-periodic-update --pip=22.3.1 --setuptools=65.6.3 --wheel=0.38.4 --symlink-app-data --python /Library/Frameworks/Python.framework/Versions/3.8/bin/python3 /private/var/folders/51/hd414ycd67n82196sw51xqtc0000gn/T/cibw-run-k_50e3yk/cp38-macosx_arm64/build/venv
2022-12-27T02:23:39.4562810Z created virtual environment CPython3.8.10.final.0-64 in 79ms
2022-12-27T02:23:39.4564340Z   creator CPython3Posix(dest=/private/var/folders/51/hd414ycd67n82196sw51xqtc0000gn/T/cibw-run-k_50e3yk/cp38-macosx_arm64/build/venv, clear=False, no_vcs_ignore=False, global=False)
2022-12-27T02:23:39.4565050Z   seeder FromAppData(download=False, pip=22.3.1, setuptools=65.6.3, wheel=0.38.4, via=symlink, app_data_dir=/Users/runner/Library/Application Support/virtualenv)
2022-12-27T02:23:39.4565880Z     added seed packages: pip==22.3.1, setuptools==65.6.3, wheel==0.38.4
2022-12-27T02:23:39.4818430Z + python -m pip install --upgrade pip -c /Users/runner/hostedtoolcache/Python/3.8.15/x64/lib/python3.8/site-packages/cibuildwheel/resources/constraints-python38.txt
2022-12-27T02:23:40.0327370Z Requirement already satisfied: pip in ./lib/python3.8/site-packages (22.3.1)
2022-12-27T02:23:40.3155490Z + which pip
2022-12-27T02:23:40.3198210Z /private/var/folders/51/hd414ycd67n82196sw51xqtc0000gn/T/cibw-run-k_50e3yk/cp38-macosx_arm64/build/venv/bin/pip
2022-12-27T02:23:40.3204760Z + pip --version
2022-12-27T02:23:40.7118990Z pip 22.3.1 from /private/var/folders/51/hd414ycd67n82196sw51xqtc0000gn/T/cibw-run-k_50e3yk/cp38-macosx_arm64/build/venv/lib/python3.8/site-packages/pip (python 3.8)
2022-12-27T02:23:40.7587080Z + which pip
2022-12-27T02:23:40.7638650Z + which python
2022-12-27T02:23:40.7679860Z /private/var/folders/51/hd414ycd67n82196sw51xqtc0000gn/T/cibw-run-k_50e3yk/cp38-macosx_arm64/build/venv/bin/python
2022-12-27T02:23:40.7684270Z + python --version
2022-12-27T02:23:40.7777300Z Python 3.8.10
2022-12-27T02:23:40.7785130Z + which python
2022-12-27T02:23:40.7914700Z ##[endgroup]
2022-12-27T02:23:40.7917620Z                                                               [32mâœ“ [0m1.65s
2022-12-27T02:23:40.7919390Z ##[group]Installing build tools...
2022-12-27T02:23:40.7920100Z 
2022-12-27T02:23:40.7921320Z + pip install --upgrade setuptools wheel delocate -c /Users/runner/hostedtoolcache/Python/3.8.15/x64/lib/python3.8/site-packages/cibuildwheel/resources/constraints-python38.txt
2022-12-27T02:23:41.3325700Z Requirement already satisfied: setuptools in /private/var/folders/51/hd414ycd67n82196sw51xqtc0000gn/T/cibw-run-k_50e3yk/cp38-macosx_arm64/build/venv/lib/python3.8/site-packages (65.6.3)
2022-12-27T02:23:41.7257060Z Requirement already satisfied: wheel in /private/var/folders/51/hd414ycd67n82196sw51xqtc0000gn/T/cibw-run-k_50e3yk/cp38-macosx_arm64/build/venv/lib/python3.8/site-packages (0.38.4)
2022-12-27T02:23:41.8167500Z Collecting delocate
2022-12-27T02:23:41.8222640Z   Using cached delocate-0.10.3-py3-none-any.whl (142 kB)
2022-12-27T02:23:41.8791900Z Collecting packaging>=20.9
2022-12-27T02:23:41.8841490Z   Using cached packaging-21.3-py3-none-any.whl (40 kB)
2022-12-27T02:23:41.9189890Z Collecting typing-extensions
2022-12-27T02:23:41.9241890Z   Using cached typing_extensions-4.4.0-py3-none-any.whl (26 kB)
2022-12-27T02:23:41.9940260Z Collecting pyparsing!=3.0.5,>=2.0.2
2022-12-27T02:23:41.9986270Z   Using cached pyparsing-3.0.9-py3-none-any.whl (98 kB)
2022-12-27T02:23:42.0677480Z Installing collected packages: typing-extensions, pyparsing, packaging, delocate
2022-12-27T02:23:42.2919270Z Successfully installed delocate-0.10.3 packaging-21.3 pyparsing-3.0.9 typing-extensions-4.4.0
2022-12-27T02:23:42.4190720Z ##[endgroup]
2022-12-27T02:23:42.4192500Z                                                               [32mâœ“ [0m1.63s
2022-12-27T02:23:42.4193670Z ##[group]Running before_build...
2022-12-27T02:23:42.4194080Z 
2022-12-27T02:23:42.4215600Z + pip install Cython; if [[ -f requirements.txt ]]; then pip install -r requirements.txt; fi
2022-12-27T02:23:43.8692380Z Collecting Cython
2022-12-27T02:23:43.8787940Z   Using cached Cython-0.29.32-py2.py3-none-any.whl (986 kB)
2022-12-27T02:23:43.9605690Z Installing collected packages: Cython
2022-12-27T02:23:44.7269170Z Successfully installed Cython-0.29.32
2022-12-27T02:23:44.8490600Z ##[endgroup]
2022-12-27T02:23:44.8491870Z                                                               [32mâœ“ [0m2.43s
2022-12-27T02:23:44.8493230Z ##[group]Building wheel...
2022-12-27T02:23:44.8493500Z 
2022-12-27T02:23:44.8500730Z + python -m pip wheel /Users/runner/actions-runner/_work/python.build/python.build/build_grpcio040a1438/grpcio-0.4.0a14 --wheel-dir=/private/var/folders/51/hd414ycd67n82196sw51xqtc0000gn/T/cibw-run-k_50e3yk/cp38-macosx_arm64/built_wheel --no-deps -vvv
2022-12-27T02:23:45.3299720Z Created temporary directory: /private/var/folders/51/hd414ycd67n82196sw51xqtc0000gn/T/pip-ephem-wheel-cache-803p8nes
2022-12-27T02:23:45.3307680Z Created temporary directory: /private/var/folders/51/hd414ycd67n82196sw51xqtc0000gn/T/pip-build-tracker-te3_c5cw
2022-12-27T02:23:45.3312230Z Initialized build tracking at /private/var/folders/51/hd414ycd67n82196sw51xqtc0000gn/T/pip-build-tracker-te3_c5cw
2022-12-27T02:23:45.3313570Z Created build tracker: /private/var/folders/51/hd414ycd67n82196sw51xqtc0000gn/T/pip-build-tracker-te3_c5cw
2022-12-27T02:23:45.3317370Z Entered build tracker: /private/var/folders/51/hd414ycd67n82196sw51xqtc0000gn/T/pip-build-tracker-te3_c5cw
2022-12-27T02:23:45.3321840Z Created temporary directory: /private/var/folders/51/hd414ycd67n82196sw51xqtc0000gn/T/pip-wheel-kacfrw4a
2022-12-27T02:23:45.3334780Z Created temporary directory: /private/var/folders/51/hd414ycd67n82196sw51xqtc0000gn/T/pip-ephem-wheel-cache-g3undulk
2022-12-27T02:23:45.3496270Z Processing /Users/runner/actions-runner/_work/python.build/python.build/build_grpcio040a1438/grpcio-0.4.0a14
2022-12-27T02:23:45.3506880Z   Added file:///Users/runner/actions-runner/_work/python.build/python.build/build_grpcio040a1438/grpcio-0.4.0a14 to build tracker '/private/var/folders/51/hd414ycd67n82196sw51xqtc0000gn/T/pip-build-tracker-te3_c5cw'
2022-12-27T02:23:45.3513090Z   Running setup.py (path:/Users/runner/actions-runner/_work/python.build/python.build/build_grpcio040a1438/grpcio-0.4.0a14/setup.py) egg_info for package from file:///Users/runner/actions-runner/_work/python.build/python.build/build_grpcio040a1438/grpcio-0.4.0a14
2022-12-27T02:23:45.3520030Z   Created temporary directory: /private/var/folders/51/hd414ycd67n82196sw51xqtc0000gn/T/pip-pip-egg-info-i3ab6cwx
2022-12-27T02:23:45.3523900Z   Preparing metadata (setup.py): started
2022-12-27T02:23:45.3528930Z   Running command python setup.py egg_info
2022-12-27T02:23:45.6717760Z   running egg_info
2022-12-27T02:23:45.6721590Z   creating /private/var/folders/51/hd414ycd67n82196sw51xqtc0000gn/T/pip-pip-egg-info-i3ab6cwx/grpcio.egg-info
2022-12-27T02:23:45.6729600Z   writing /private/var/folders/51/hd414ycd67n82196sw51xqtc0000gn/T/pip-pip-egg-info-i3ab6cwx/grpcio.egg-info/PKG-INFO
2022-12-27T02:23:45.6734030Z   writing dependency_links to /private/var/folders/51/hd414ycd67n82196sw51xqtc0000gn/T/pip-pip-egg-info-i3ab6cwx/grpcio.egg-info/dependency_links.txt
2022-12-27T02:23:45.6737730Z   writing requirements to /private/var/folders/51/hd414ycd67n82196sw51xqtc0000gn/T/pip-pip-egg-info-i3ab6cwx/grpcio.egg-info/requires.txt
2022-12-27T02:23:45.6740150Z   writing top-level names to /private/var/folders/51/hd414ycd67n82196sw51xqtc0000gn/T/pip-pip-egg-info-i3ab6cwx/grpcio.egg-info/top_level.txt
2022-12-27T02:23:45.6742480Z   writing manifest file '/private/var/folders/51/hd414ycd67n82196sw51xqtc0000gn/T/pip-pip-egg-info-i3ab6cwx/grpcio.egg-info/SOURCES.txt'
2022-12-27T02:23:45.8634560Z   reading manifest file '/private/var/folders/51/hd414ycd67n82196sw51xqtc0000gn/T/pip-pip-egg-info-i3ab6cwx/grpcio.egg-info/SOURCES.txt'
2022-12-27T02:23:45.8637790Z   reading manifest template 'MANIFEST.in'
2022-12-27T02:23:45.8703260Z   writing manifest file '/private/var/folders/51/hd414ycd67n82196sw51xqtc0000gn/T/pip-pip-egg-info-i3ab6cwx/grpcio.egg-info/SOURCES.txt'
2022-12-27T02:23:45.9254070Z   Preparing metadata (setup.py): finished with status 'done'
2022-12-27T02:23:45.9299010Z   Source in /Users/runner/actions-runner/_work/python.build/python.build/build_grpcio040a1438/grpcio-0.4.0a14 has version 0.4.0a14, which satisfies requirement grpcio==0.4.0a14 from file:///Users/runner/actions-runner/_work/python.build/python.build/build_grpcio040a1438/grpcio-0.4.0a14
2022-12-27T02:23:45.9302620Z   Removed grpcio==0.4.0a14 from file:///Users/runner/actions-runner/_work/python.build/python.build/build_grpcio040a1438/grpcio-0.4.0a14 from build tracker '/private/var/folders/51/hd414ycd67n82196sw51xqtc0000gn/T/pip-build-tracker-te3_c5cw'
2022-12-27T02:23:45.9564070Z Created temporary directory: /private/var/folders/51/hd414ycd67n82196sw51xqtc0000gn/T/pip-unpack-ctk4fbi6
2022-12-27T02:23:45.9566390Z Building wheels for collected packages: grpcio
2022-12-27T02:23:45.9577780Z   Created temporary directory: /private/var/folders/51/hd414ycd67n82196sw51xqtc0000gn/T/pip-wheel-azoumjjg
2022-12-27T02:23:45.9581140Z   Building wheel for grpcio (setup.py): started
2022-12-27T02:23:45.9583960Z   Destination directory: /private/var/folders/51/hd414ycd67n82196sw51xqtc0000gn/T/pip-wheel-azoumjjg
2022-12-27T02:23:45.9586930Z   Running command python setup.py bdist_wheel
2022-12-27T02:23:46.2825780Z   running bdist_wheel
2022-12-27T02:23:46.4599110Z   running build
2022-12-27T02:23:46.4602510Z   running build_py
2022-12-27T02:23:46.4635350Z   creating build
2022-12-27T02:23:46.4641290Z   creating build/lib.macosx-11.0-arm64-cpython-38
2022-12-27T02:23:46.4643380Z   creating build/lib.macosx-11.0-arm64-cpython-38/grpc
2022-12-27T02:23:46.4647020Z   copying grpc/__init__.py -> build/lib.macosx-11.0-arm64-cpython-38/grpc
2022-12-27T02:23:46.4657070Z   creating build/lib.macosx-11.0-arm64-cpython-38/grpc/_adapter
2022-12-27T02:23:46.4662370Z   copying grpc/_adapter/fore.py -> build/lib.macosx-11.0-arm64-cpython-38/grpc/_adapter
2022-12-27T02:23:46.4665180Z   copying grpc/_adapter/_event_invocation_synchronous_event_service_test.py -> build/lib.macosx-11.0-arm64-cpython-38/grpc/_adapter
2022-12-27T02:23:46.4668260Z   copying grpc/_adapter/_lonely_rear_link_test.py -> build/lib.macosx-11.0-arm64-cpython-38/grpc/_adapter
2022-12-27T02:23:46.4670630Z   copying grpc/_adapter/_face_test_case.py -> build/lib.macosx-11.0-arm64-cpython-38/grpc/_adapter
2022-12-27T02:23:46.4677550Z   copying grpc/_adapter/_future_invocation_asynchronous_event_service_test.py -> build/lib.macosx-11.0-arm64-cpython-38/grpc/_adapter
2022-12-27T02:23:46.4681450Z   copying grpc/_adapter/_common.py -> build/lib.macosx-11.0-arm64-cpython-38/grpc/_adapter
2022-12-27T02:23:46.4683810Z   copying grpc/_adapter/__init__.py -> build/lib.macosx-11.0-arm64-cpython-38/grpc/_adapter
2022-12-27T02:23:46.4686730Z   copying grpc/_adapter/_low.py -> build/lib.macosx-11.0-arm64-cpython-38/grpc/_adapter
2022-12-27T02:23:46.4696390Z   copying grpc/_adapter/_blocking_invocation_inline_service_test.py -> build/lib.macosx-11.0-arm64-cpython-38/grpc/_adapter
2022-12-27T02:23:46.4699270Z   copying grpc/_adapter/_test_links.py -> build/lib.macosx-11.0-arm64-cpython-38/grpc/_adapter
2022-12-27T02:23:46.4701730Z   copying grpc/_adapter/rear.py -> build/lib.macosx-11.0-arm64-cpython-38/grpc/_adapter
2022-12-27T02:23:46.4704770Z   copying grpc/_adapter/_proto_scenarios.py -> build/lib.macosx-11.0-arm64-cpython-38/grpc/_adapter
2022-12-27T02:23:46.4715390Z   copying grpc/_adapter/_low_test.py -> build/lib.macosx-11.0-arm64-cpython-38/grpc/_adapter
2022-12-27T02:23:46.4720850Z   copying grpc/_adapter/_datatypes.py -> build/lib.macosx-11.0-arm64-cpython-38/grpc/_adapter
2022-12-27T02:23:46.4725950Z   copying grpc/_adapter/_links_test.py -> build/lib.macosx-11.0-arm64-cpython-38/grpc/_adapter
2022-12-27T02:23:46.4727330Z   copying grpc/_adapter/_c_test.py -> build/lib.macosx-11.0-arm64-cpython-38/grpc/_adapter
2022-12-27T02:23:46.4730490Z   creating build/lib.macosx-11.0-arm64-cpython-38/grpc/_junkdrawer
2022-12-27T02:23:46.4733560Z   copying grpc/_junkdrawer/stock_pb2.py -> build/lib.macosx-11.0-arm64-cpython-38/grpc/_junkdrawer
2022-12-27T02:23:46.4736370Z   copying grpc/_junkdrawer/__init__.py -> build/lib.macosx-11.0-arm64-cpython-38/grpc/_junkdrawer
2022-12-27T02:23:46.4745190Z   copying grpc/_junkdrawer/math_pb2.py -> build/lib.macosx-11.0-arm64-cpython-38/grpc/_junkdrawer
2022-12-27T02:23:46.4751320Z   creating build/lib.macosx-11.0-arm64-cpython-38/grpc/early_adopter
2022-12-27T02:23:46.4755130Z   copying grpc/early_adopter/__init__.py -> build/lib.macosx-11.0-arm64-cpython-38/grpc/early_adopter
2022-12-27T02:23:46.4757230Z   copying grpc/early_adopter/implementations_test.py -> build/lib.macosx-11.0-arm64-cpython-38/grpc/early_adopter
2022-12-27T02:23:46.4760140Z   copying grpc/early_adopter/implementations.py -> build/lib.macosx-11.0-arm64-cpython-38/grpc/early_adopter
2022-12-27T02:23:46.4767990Z   creating build/lib.macosx-11.0-arm64-cpython-38/grpc/framework
2022-12-27T02:23:46.4771660Z   copying grpc/framework/__init__.py -> build/lib.macosx-11.0-arm64-cpython-38/grpc/framework
2022-12-27T02:23:46.4779830Z   creating build/lib.macosx-11.0-arm64-cpython-38/grpc/framework/alpha
2022-12-27T02:23:46.4783300Z   copying grpc/framework/alpha/interfaces.py -> build/lib.macosx-11.0-arm64-cpython-38/grpc/framework/alpha
2022-12-27T02:23:46.4786430Z   copying grpc/framework/alpha/_face_utilities.py -> build/lib.macosx-11.0-arm64-cpython-38/grpc/framework/alpha
2022-12-27T02:23:46.4791770Z   copying grpc/framework/alpha/__init__.py -> build/lib.macosx-11.0-arm64-cpython-38/grpc/framework/alpha
2022-12-27T02:23:46.4794700Z   copying grpc/framework/alpha/exceptions.py -> build/lib.macosx-11.0-arm64-cpython-38/grpc/framework/alpha
2022-12-27T02:23:46.4802810Z   copying grpc/framework/alpha/_reexport.py -> build/lib.macosx-11.0-arm64-cpython-38/grpc/framework/alpha
2022-12-27T02:23:46.4805690Z   copying grpc/framework/alpha/utilities.py -> build/lib.macosx-11.0-arm64-cpython-38/grpc/framework/alpha
2022-12-27T02:23:46.4822540Z   creating build/lib.macosx-11.0-arm64-cpython-38/grpc/framework/base
2022-12-27T02:23:46.4825890Z   copying grpc/framework/base/interfaces.py -> build/lib.macosx-11.0-arm64-cpython-38/grpc/framework/base
2022-12-27T02:23:46.4828840Z   copying grpc/framework/base/_constants.py -> build/lib.macosx-11.0-arm64-cpython-38/grpc/framework/base
2022-12-27T02:23:46.4834370Z   copying grpc/framework/base/_expiration.py -> build/lib.macosx-11.0-arm64-cpython-38/grpc/framework/base
2022-12-27T02:23:46.4839070Z   copying grpc/framework/base/_transmission.py -> build/lib.macosx-11.0-arm64-cpython-38/grpc/framework/base
2022-12-27T02:23:46.4844290Z   copying grpc/framework/base/_reception.py -> build/lib.macosx-11.0-arm64-cpython-38/grpc/framework/base
2022-12-27T02:23:46.4850400Z   copying grpc/framework/base/_ingestion.py -> build/lib.macosx-11.0-arm64-cpython-38/grpc/framework/base
2022-12-27T02:23:46.4853360Z   copying grpc/framework/base/util.py -> build/lib.macosx-11.0-arm64-cpython-38/grpc/framework/base
2022-12-27T02:23:46.4856650Z   copying grpc/framework/base/_termination.py -> build/lib.macosx-11.0-arm64-cpython-38/grpc/framework/base
2022-12-27T02:23:46.4860710Z   copying grpc/framework/base/null.py -> build/lib.macosx-11.0-arm64-cpython-38/grpc/framework/base
2022-12-27T02:23:46.4865740Z   copying grpc/framework/base/__init__.py -> build/lib.macosx-11.0-arm64-cpython-38/grpc/framework/base
2022-12-27T02:23:46.5001260Z   copying grpc/framework/base/_interfaces.py -> build/lib.macosx-11.0-arm64-cpython-38/grpc/framework/base
2022-12-27T02:23:46.5002470Z   copying grpc/framework/base/_context.py -> build/lib.macosx-11.0-arm64-cpython-38/grpc/framework/base
2022-12-27T02:23:46.5003200Z   copying grpc/framework/base/implementations_test.py -> build/lib.macosx-11.0-arm64-cpython-38/grpc/framework/base
2022-12-27T02:23:46.5004100Z   copying grpc/framework/base/interfaces_test_case.py -> build/lib.macosx-11.0-arm64-cpython-38/grpc/framework/base
2022-12-27T02:23:46.5004830Z   copying grpc/framework/base/exceptions.py -> build/lib.macosx-11.0-arm64-cpython-38/grpc/framework/base
2022-12-27T02:23:46.5005420Z   copying grpc/framework/base/_ends.py -> build/lib.macosx-11.0-arm64-cpython-38/grpc/framework/base
2022-12-27T02:23:46.5007430Z   copying grpc/framework/base/_emission.py -> build/lib.macosx-11.0-arm64-cpython-38/grpc/framework/base
2022-12-27T02:23:46.5009540Z   copying grpc/framework/base/implementations.py -> build/lib.macosx-11.0-arm64-cpython-38/grpc/framework/base
2022-12-27T02:23:46.5011820Z   copying grpc/framework/base/in_memory.py -> build/lib.macosx-11.0-arm64-cpython-38/grpc/framework/base
2022-12-27T02:23:46.5013090Z   copying grpc/framework/base/_cancellation.py -> build/lib.macosx-11.0-arm64-cpython-38/grpc/framework/base
2022-12-27T02:23:46.5014600Z   creating build/lib.macosx-11.0-arm64-cpython-38/grpc/framework/common
2022-12-27T02:23:46.5015950Z   copying grpc/framework/common/style.py -> build/lib.macosx-11.0-arm64-cpython-38/grpc/framework/common
2022-12-27T02:23:46.5017130Z   copying grpc/framework/common/cardinality.py -> build/lib.macosx-11.0-arm64-cpython-38/grpc/framework/common
2022-12-27T02:23:46.5017770Z   copying grpc/framework/common/__init__.py -> build/lib.macosx-11.0-arm64-cpython-38/grpc/framework/common
2022-12-27T02:23:46.5018670Z   creating build/lib.macosx-11.0-arm64-cpython-38/grpc/framework/face
2022-12-27T02:23:46.5019250Z   copying grpc/framework/face/_service.py -> build/lib.macosx-11.0-arm64-cpython-38/grpc/framework/face
2022-12-27T02:23:46.5019920Z   copying grpc/framework/face/interfaces.py -> build/lib.macosx-11.0-arm64-cpython-38/grpc/framework/face
2022-12-27T02:23:46.5020570Z   copying grpc/framework/face/_control.py -> build/lib.macosx-11.0-arm64-cpython-38/grpc/framework/face
2022-12-27T02:23:46.5021310Z   copying grpc/framework/face/blocking_invocation_inline_service_test.py -> build/lib.macosx-11.0-arm64-cpython-38/grpc/framework/face
2022-12-27T02:23:46.5022010Z   copying grpc/framework/face/__init__.py -> build/lib.macosx-11.0-arm64-cpython-38/grpc/framework/face
2022-12-27T02:23:46.5022670Z   copying grpc/framework/face/demonstration.py -> build/lib.macosx-11.0-arm64-cpython-38/grpc/framework/face
2022-12-27T02:23:46.5023330Z   copying grpc/framework/face/_calls.py -> build/lib.macosx-11.0-arm64-cpython-38/grpc/framework/face
2022-12-27T02:23:46.5024370Z   copying grpc/framework/face/exceptions.py -> build/lib.macosx-11.0-arm64-cpython-38/grpc/framework/face
2022-12-27T02:23:46.5025050Z   copying grpc/framework/face/utilities.py -> build/lib.macosx-11.0-arm64-cpython-38/grpc/framework/face
2022-12-27T02:23:46.5025760Z   copying grpc/framework/face/event_invocation_synchronous_event_service_test.py -> build/lib.macosx-11.0-arm64-cpython-38/grpc/framework/face
2022-12-27T02:23:46.5026390Z   copying grpc/framework/face/_test_case.py -> build/lib.macosx-11.0-arm64-cpython-38/grpc/framework/face
2022-12-27T02:23:46.5027060Z   copying grpc/framework/face/implementations.py -> build/lib.macosx-11.0-arm64-cpython-38/grpc/framework/face
2022-12-27T02:23:46.5027810Z   copying grpc/framework/face/future_invocation_asynchronous_event_service_test.py -> build/lib.macosx-11.0-arm64-cpython-38/grpc/framework/face
2022-12-27T02:23:46.5028500Z   creating build/lib.macosx-11.0-arm64-cpython-38/grpc/framework/face/testing
2022-12-27T02:23:46.5029100Z   copying grpc/framework/face/testing/callback.py -> build/lib.macosx-11.0-arm64-cpython-38/grpc/framework/face/testing
2022-12-27T02:23:46.5029820Z   copying grpc/framework/face/testing/digest.py -> build/lib.macosx-11.0-arm64-cpython-38/grpc/framework/face/testing
2022-12-27T02:23:46.5032930Z   copying grpc/framework/face/testing/interfaces.py -> build/lib.macosx-11.0-arm64-cpython-38/grpc/framework/face/testing
2022-12-27T02:23:46.5035440Z   copying grpc/framework/face/testing/stock_service.py -> build/lib.macosx-11.0-arm64-cpython-38/grpc/framework/face/testing
2022-12-27T02:23:46.5041730Z   copying grpc/framework/face/testing/service.py -> build/lib.macosx-11.0-arm64-cpython-38/grpc/framework/face/testing
2022-12-27T02:23:46.5044930Z   copying grpc/framework/face/testing/blocking_invocation_inline_service_test_case.py -> build/lib.macosx-11.0-arm64-cpython-38/grpc/framework/face/testing
2022-12-27T02:23:46.5051210Z   copying grpc/framework/face/testing/base_util.py -> build/lib.macosx-11.0-arm64-cpython-38/grpc/framework/face/testing
2022-12-27T02:23:46.5053690Z   copying grpc/framework/face/testing/control.py -> build/lib.macosx-11.0-arm64-cpython-38/grpc/framework/face/testing
2022-12-27T02:23:46.5060090Z   copying grpc/framework/face/testing/__init__.py -> build/lib.macosx-11.0-arm64-cpython-38/grpc/framework/face/testing
2022-12-27T02:23:46.5063880Z   copying grpc/framework/face/testing/coverage.py -> build/lib.macosx-11.0-arm64-cpython-38/grpc/framework/face/testing
2022-12-27T02:23:46.5068570Z   copying grpc/framework/face/testing/event_invocation_synchronous_event_service_test_case.py -> build/lib.macosx-11.0-arm64-cpython-38/grpc/framework/face/testing
2022-12-27T02:23:46.5075880Z   copying grpc/framework/face/testing/test_case.py -> build/lib.macosx-11.0-arm64-cpython-38/grpc/framework/face/testing
2022-12-27T02:23:46.5079200Z   copying grpc/framework/face/testing/serial.py -> build/lib.macosx-11.0-arm64-cpython-38/grpc/framework/face/testing
2022-12-27T02:23:46.5082610Z   copying grpc/framework/face/testing/future_invocation_asynchronous_event_service_test_case.py -> build/lib.macosx-11.0-arm64-cpython-38/grpc/framework/face/testing
2022-12-27T02:23:46.5096410Z   creating build/lib.macosx-11.0-arm64-cpython-38/grpc/framework/foundation
2022-12-27T02:23:46.5099610Z   copying grpc/framework/foundation/callable_util.py -> build/lib.macosx-11.0-arm64-cpython-38/grpc/framework/foundation
2022-12-27T02:23:46.5103740Z   copying grpc/framework/foundation/abandonment.py -> build/lib.macosx-11.0-arm64-cpython-38/grpc/framework/foundation
2022-12-27T02:23:46.5108440Z   copying grpc/framework/foundation/stream_testing.py -> build/lib.macosx-11.0-arm64-cpython-38/grpc/framework/foundation
2022-12-27T02:23:46.5116530Z   copying grpc/framework/foundation/__init__.py -> build/lib.macosx-11.0-arm64-cpython-38/grpc/framework/foundation
2022-12-27T02:23:46.5119430Z   copying grpc/framework/foundation/stream.py -> build/lib.macosx-11.0-arm64-cpython-38/grpc/framework/foundation
2022-12-27T02:23:46.5122950Z   copying grpc/framework/foundation/activated.py -> build/lib.macosx-11.0-arm64-cpython-38/grpc/framework/foundation
2022-12-27T02:23:46.5126200Z   copying grpc/framework/foundation/later.py -> build/lib.macosx-11.0-arm64-cpython-38/grpc/framework/foundation
2022-12-27T02:23:46.5129640Z   copying grpc/framework/foundation/_later_test.py -> build/lib.macosx-11.0-arm64-cpython-38/grpc/framework/foundation
2022-12-27T02:23:46.5136110Z   copying grpc/framework/foundation/_logging_pool_test.py -> build/lib.macosx-11.0-arm64-cpython-38/grpc/framework/foundation
2022-12-27T02:23:46.5139370Z   copying grpc/framework/foundation/stream_util.py -> build/lib.macosx-11.0-arm64-cpython-38/grpc/framework/foundation
2022-12-27T02:23:46.5144790Z   copying grpc/framework/foundation/future.py -> build/lib.macosx-11.0-arm64-cpython-38/grpc/framework/foundation
2022-12-27T02:23:46.5149420Z   copying grpc/framework/foundation/_timer_future.py -> build/lib.macosx-11.0-arm64-cpython-38/grpc/framework/foundation
2022-12-27T02:23:46.5154930Z   copying grpc/framework/foundation/logging_pool.py -> build/lib.macosx-11.0-arm64-cpython-38/grpc/framework/foundation
2022-12-27T02:23:46.5241020Z   running build_ext
2022-12-27T02:23:46.5798720Z   building 'grpc._adapter._c' extension
2022-12-27T02:23:46.5802040Z   creating build/temp.macosx-11.0-arm64-cpython-38
2022-12-27T02:23:46.5803930Z   creating build/temp.macosx-11.0-arm64-cpython-38/grpc
2022-12-27T02:23:46.5807410Z   creating build/temp.macosx-11.0-arm64-cpython-38/grpc/_adapter
2022-12-27T02:23:46.5811000Z   gcc -Wno-unused-result -Wsign-compare -Wunreachable-code -fno-common -dynamic -DNDEBUG -g -fwrapv -O3 -Wall -g -I/usr/local/opt/openssl@3/include -I/usr/local/opt/openssl@3/include -arch arm64 -I. -I/private/var/folders/51/hd414ycd67n82196sw51xqtc0000gn/T/cibw-run-k_50e3yk/cp38-macosx_arm64/build/venv/include -I/Library/Frameworks/Python.framework/Versions/3.8/include/python3.8 -c grpc/_adapter/_c.c -o build/temp.macosx-11.0-arm64-cpython-38/grpc/_adapter/_c.o
2022-12-27T02:23:46.7009010Z   grpc/_adapter/_c.c:35:10: fatal error: 'grpc/grpc.h' file not found
2022-12-27T02:23:46.7011790Z   #include <grpc/grpc.h>
2022-12-27T02:23:46.7016070Z            ^~~~~~~~~~~~~
2022-12-27T02:23:46.7021200Z   1 error generated.
2022-12-27T02:23:46.7052330Z   error: command '/usr/bin/gcc' failed with exit code 1
2022-12-27T02:23:46.7680680Z   error: subprocess-exited-with-error
2022-12-27T02:23:46.7682040Z   
2022-12-27T02:23:46.7682910Z   Ã— python setup.py bdist_wheel did not run successfully.
2022-12-27T02:23:46.7683910Z   â”‚ exit code: 1
2022-12-27T02:23:46.7684750Z   â•°â”€> See above for output.
2022-12-27T02:23:46.7685350Z   
2022-12-27T02:23:46.7685960Z   note: This error originates from a subprocess, and is likely not a problem with pip.
2022-12-27T02:23:46.7699010Z   full command: /private/var/folders/51/hd414ycd67n82196sw51xqtc0000gn/T/cibw-run-k_50e3yk/cp38-macosx_arm64/build/venv/bin/python -u -c '
2022-12-27T02:23:46.7701830Z   exec(compile('"'"''"'"''"'"'
2022-12-27T02:23:46.7703510Z   # This is <pip-setuptools-caller> -- a caller that pip uses to run setup.py
2022-12-27T02:23:46.7704350Z   #
2022-12-27T02:23:46.7705170Z   # - It imports setuptools before invoking setup.py, to enable projects that directly
2022-12-27T02:23:46.7706150Z   #   import from `distutils.core` to work with newer packaging standards.
2022-12-27T02:23:46.7707080Z   # - It provides a clear error message when setuptools is not installed.
2022-12-27T02:23:46.7708180Z   # - It sets `sys.argv[0]` to the underlying `setup.py`, when invoking `setup.py` so
2022-12-27T02:23:46.7709290Z   #   setuptools doesn'"'"'t think the script is `-c`. This avoids the following warning:
2022-12-27T02:23:46.7710360Z   #     manifest_maker: standard file '"'"'-c'"'"' not found".
2022-12-27T02:23:46.7711210Z   # - It generates a shim setup.py, for handling setup.cfg-only projects.
2022-12-27T02:23:46.7711980Z   import os, sys, tokenize
2022-12-27T02:23:46.7712580Z   
2022-12-27T02:23:46.7712990Z   try:
2022-12-27T02:23:46.7713540Z       import setuptools
2022-12-27T02:23:46.7715300Z   except ImportError as error:
2022-12-27T02:23:46.7715810Z       print(
2022-12-27T02:23:46.7716550Z           "ERROR: Can not execute `setup.py` since setuptools is not available in "
2022-12-27T02:23:46.7717280Z           "the build environment.",
2022-12-27T02:23:46.7717790Z           file=sys.stderr,
2022-12-27T02:23:46.7718330Z       )
2022-12-27T02:23:46.7718900Z       sys.exit(1)
2022-12-27T02:23:46.7719330Z   
2022-12-27T02:23:46.7719830Z   __file__ = %r
2022-12-27T02:23:46.7720420Z   sys.argv[0] = __file__
2022-12-27T02:23:46.7720870Z   
2022-12-27T02:23:46.7721820Z   if os.path.exists(__file__):
2022-12-27T02:23:46.7722450Z       filename = __file__
2022-12-27T02:23:46.7722970Z       with tokenize.open(__file__) as f:
2022-12-27T02:23:46.7723630Z           setup_py_code = f.read()
2022-12-27T02:23:46.7724280Z   else:
2022-12-27T02:23:46.7725030Z       filename = "<auto-generated setuptools caller>"
2022-12-27T02:23:46.7725840Z       setup_py_code = "from setuptools import setup; setup()"
2022-12-27T02:23:46.7726540Z   
2022-12-27T02:23:46.7727150Z   exec(compile(setup_py_code, filename, "exec"))
2022-12-27T02:23:46.7728500Z   '"'"''"'"''"'"' % ('"'"'/Users/runner/actions-runner/_work/python.build/python.build/build_grpcio040a1438/grpcio-0.4.0a14/setup.py'"'"',), "<pip-setuptools-caller>", "exec"))' bdist_wheel -d /private/var/folders/51/hd414ycd67n82196sw51xqtc0000gn/T/pip-wheel-azoumjjg
2022-12-27T02:23:46.7730070Z   cwd: /Users/runner/actions-runner/_work/python.build/python.build/build_grpcio040a1438/grpcio-0.4.0a14/
2022-12-27T02:23:46.7730940Z   ERROR: Failed building wheel for grpcio
2022-12-27T02:23:46.7731810Z   Building wheel for grpcio (setup.py): finished with status 'error'
2022-12-27T02:23:46.7732490Z   Running command python setup.py clean
2022-12-27T02:23:46.7733030Z   Running setup.py clean for grpcio
2022-12-27T02:23:47.0876070Z   running clean
2022-12-27T02:23:47.0906390Z   removing 'build/temp.macosx-11.0-arm64-cpython-38' (and everything under it)
2022-12-27T02:23:47.0909530Z   removing 'build/lib.macosx-11.0-arm64-cpython-38' (and everything under it)
2022-12-27T02:23:47.1067890Z   'build/bdist.macosx-11.0-arm64' does not exist -- can't clean it
2022-12-27T02:23:47.1070090Z   'build/scripts-3.8' does not exist -- can't clean it
2022-12-27T02:23:47.1070910Z   removing 'build'
2022-12-27T02:23:47.1466750Z Failed to build grpcio
2022-12-27T02:23:47.1476890Z ERROR: Failed to build one or more wheels
2022-12-27T02:23:47.1490720Z Exception information:
2022-12-27T02:23:47.1491060Z Traceback (most recent call last):
2022-12-27T02:23:47.1503660Z   File "/private/var/folders/51/hd414ycd67n82196sw51xqtc0000gn/T/cibw-run-k_50e3yk/cp38-macosx_arm64/build/venv/lib/python3.8/site-packages/pip/_internal/cli/base_command.py", line 160, in exc_logging_wrapper
2022-12-27T02:23:47.1504260Z     status = run_func(*args)
2022-12-27T02:23:47.1505140Z   File "/private/var/folders/51/hd414ycd67n82196sw51xqtc0000gn/T/cibw-run-k_50e3yk/cp38-macosx_arm64/build/venv/lib/python3.8/site-packages/pip/_internal/cli/req_command.py", line 247, in wrapper
2022-12-27T02:23:47.1505680Z     return func(self, options, args)
2022-12-27T02:23:47.1506410Z   File "/private/var/folders/51/hd414ycd67n82196sw51xqtc0000gn/T/cibw-run-k_50e3yk/cp38-macosx_arm64/build/venv/lib/python3.8/site-packages/pip/_internal/commands/wheel.py", line 201, in run
2022-12-27T02:23:47.1506940Z     raise CommandError("Failed to build one or more wheels")
2022-12-27T02:23:47.1507370Z pip._internal.exceptions.CommandError: Failed to build one or more wheels
2022-12-27T02:23:47.1508060Z Removed build tracker: '/private/var/folders/51/hd414ycd67n82196sw51xqtc0000gn/T/pip-build-tracker-te3_c5cw'
2022-12-27T02:23:47.2304480Z ##[endgroup]
2022-12-27T02:23:47.2305600Z                                                               [31mâœ• [0m2.38s
2022-12-27T02:23:47.2940400Z ##[error]Command ['python', '-m', 'pip', 'wheel', '/Users/runner/actions-runner/_work/python.build/python.build/build_grpcio040a1438/grpcio-0.4.0a14', '--wheel-dir=/private/var/folders/51/hd414ycd67n82196sw51xqtc0000gn/T/cibw-run-k_50e3yk/cp38-macosx_arm64/built_wheel', '--no-deps', '-vvv'] failed with code 1. None
2022-12-27T02:23:47.2952390Z 
2022-12-27T02:23:47.3193190Z ##[error]Process completed with exit code 1.
2022-12-27T02:23:47.3249820Z ##[group]Run rm -rf build_grpcio040a1438 wheelsout
2022-12-27T02:23:47.3250250Z [36;1mrm -rf build_grpcio040a1438 wheelsout[0m
2022-12-27T02:23:47.3278480Z shell: /bin/bash -e {0}
2022-12-27T02:23:47.3278760Z env:
2022-12-27T02:23:47.3279130Z   pythonLocation: /Users/runner/hostedtoolcache/Python/3.8.15/x64
2022-12-27T02:23:47.3279520Z   PKG_CONFIG_PATH: /Users/runner/hostedtoolcache/Python/3.8.15/x64/lib/pkgconfig
2022-12-27T02:23:47.3279970Z   Python_ROOT_DIR: /Users/runner/hostedtoolcache/Python/3.8.15/x64
2022-12-27T02:23:47.3280400Z   Python2_ROOT_DIR: /Users/runner/hostedtoolcache/Python/3.8.15/x64
2022-12-27T02:23:47.3280760Z   Python3_ROOT_DIR: /Users/runner/hostedtoolcache/Python/3.8.15/x64
2022-12-27T02:23:47.3281040Z ##[endgroup]
2022-12-27T02:23:47.3781000Z Cleaning up orphan processes
