2022-12-27T08:46:11.7731544Z Requested labels: self-hosted, macOS, X64
2022-12-27T08:46:11.7731627Z Job defined at: kilnbuild/python.build/.github/workflows/mac_arm_build.yml@refs/heads/main
2022-12-27T08:46:11.7731651Z Waiting for a runner to pick up this job...
2022-12-27T11:05:01.3894632Z Job is about to start running on the runner: kr2 (organization)
2022-12-27T11:05:07.2788050Z Current runner version: '2.300.2'
2022-12-27T11:05:07.2796130Z Runner name: 'kr2'
2022-12-27T11:05:07.2796530Z Runner group name: 'Default'
2022-12-27T11:05:07.2797410Z Machine name: 'kr2'
2022-12-27T11:05:07.2800060Z ##[group]GITHUB_TOKEN Permissions
2022-12-27T11:05:07.2800760Z Actions: write
2022-12-27T11:05:07.2801030Z Checks: write
2022-12-27T11:05:07.2801280Z Contents: write
2022-12-27T11:05:07.2801560Z Deployments: write
2022-12-27T11:05:07.2801820Z Discussions: write
2022-12-27T11:05:07.2802080Z Issues: write
2022-12-27T11:05:07.2802340Z Metadata: read
2022-12-27T11:05:07.2802600Z Packages: write
2022-12-27T11:05:07.2802860Z Pages: write
2022-12-27T11:05:07.2803140Z PullRequests: write
2022-12-27T11:05:07.2803440Z RepositoryProjects: write
2022-12-27T11:05:07.2803750Z SecurityEvents: write
2022-12-27T11:05:07.2804030Z Statuses: write
2022-12-27T11:05:07.2804270Z ##[endgroup]
2022-12-27T11:05:07.2808280Z Secret source: Actions
2022-12-27T11:05:07.2808790Z Prepare workflow directory
2022-12-27T11:05:07.3928990Z Prepare all required actions
2022-12-27T11:05:07.4124410Z Getting action download info
2022-12-27T11:05:08.6178190Z Download action repository 'actions/setup-python@v4' (SHA:5ccb29d8773c3f3f653e1705f474dfaa8a06a912)
2022-12-27T11:05:10.5353440Z Download action repository 'actions/upload-artifact@v3' (SHA:83fd05a356d7e2593de66fc9913b3002723633cb)
2022-12-27T11:05:12.0559980Z ##[group]Run echo '{
2022-12-27T11:05:12.0560590Z [36;1mecho '{[0m
2022-12-27T11:05:12.0560800Z [36;1m  "package_name": "lxml",[0m
2022-12-27T11:05:12.0561230Z [36;1m  "package_url": "https://files.pythonhosted.org/packages/bb/64/536e4cea563fdd24ae21b160ff44c1b35010c2949b1a77a3c17fff1ae2d7/lxml-1.0.2.tar.gz",[0m
2022-12-27T11:05:12.0561610Z [36;1m  "package_version": "1.0.2",[0m
2022-12-27T11:05:12.0561840Z [36;1m  "python_version": "3.11",[0m
2022-12-27T11:05:12.0562070Z [36;1m  "use_ccache": "true"[0m
2022-12-27T11:05:12.0562260Z [36;1m}'[0m
2022-12-27T11:05:12.0596990Z shell: /bin/bash -e {0}
2022-12-27T11:05:12.0597360Z ##[endgroup]
2022-12-27T11:05:12.1053760Z {
2022-12-27T11:05:12.1056100Z   "package_name": "lxml",
2022-12-27T11:05:12.1057270Z   "package_url": "https://files.pythonhosted.org/packages/bb/64/536e4cea563fdd24ae21b160ff44c1b35010c2949b1a77a3c17fff1ae2d7/lxml-1.0.2.tar.gz",
2022-12-27T11:05:12.1057760Z   "package_version": "1.0.2",
2022-12-27T11:05:12.1058250Z   "python_version": "3.11",
2022-12-27T11:05:12.1058540Z   "use_ccache": "true"
2022-12-27T11:05:12.1058850Z }
2022-12-27T11:05:12.1397630Z ##[group]Run actions/setup-python@v4
2022-12-27T11:05:12.1398090Z with:
2022-12-27T11:05:12.1398410Z   python-version: 3.11
2022-12-27T11:05:12.1398750Z   check-latest: false
2022-12-27T11:05:12.1399200Z   token: ***
2022-12-27T11:05:12.1399520Z   update-environment: true
2022-12-27T11:05:12.1399960Z ##[endgroup]
2022-12-27T11:05:12.3507170Z ##[group]Installed versions
2022-12-27T11:05:12.3542540Z Successfully set up CPython (3.11.1)
2022-12-27T11:05:12.3543570Z ##[endgroup]
2022-12-27T11:05:12.3794180Z ##[group]Run if [ "true" == "true" ]
2022-12-27T11:05:12.3794740Z [36;1mif [ "true" == "true" ][0m
2022-12-27T11:05:12.3795090Z [36;1mthen[0m
2022-12-27T11:05:12.3795520Z [36;1m  echo "CCACHE_PATH_PREPEND=/usr/local/opt/ccache/libexec" >> $GITHUB_OUTPUT[0m
2022-12-27T11:05:12.3796050Z [36;1melse[0m
2022-12-27T11:05:12.3796430Z [36;1m  echo "CCACHE_PATH_PREPEND=" >> $GITHUB_OUTPUT[0m
2022-12-27T11:05:12.3796800Z [36;1mfi[0m
2022-12-27T11:05:12.3828610Z shell: /bin/bash -e {0}
2022-12-27T11:05:12.3829110Z env:
2022-12-27T11:05:12.3829520Z   pythonLocation: /Users/runner/hostedtoolcache/Python/3.11.1/x64
2022-12-27T11:05:12.3830010Z   PKG_CONFIG_PATH: /Users/runner/hostedtoolcache/Python/3.11.1/x64/lib/pkgconfig
2022-12-27T11:05:12.3830410Z   Python_ROOT_DIR: /Users/runner/hostedtoolcache/Python/3.11.1/x64
2022-12-27T11:05:12.3830950Z   Python2_ROOT_DIR: /Users/runner/hostedtoolcache/Python/3.11.1/x64
2022-12-27T11:05:12.3831500Z   Python3_ROOT_DIR: /Users/runner/hostedtoolcache/Python/3.11.1/x64
2022-12-27T11:05:12.3832380Z ##[endgroup]
2022-12-27T11:05:12.4180610Z ##[group]Run echo "BUILD_NAME=$(echo lxml_1.0.2_3.11 | tr -dc '[:alnum:]\n\r' | tr '[:upper:]' '[:lower:]')" >> $GITHUB_OUTPUT
2022-12-27T11:05:12.4181840Z [36;1mecho "BUILD_NAME=$(echo lxml_1.0.2_3.11 | tr -dc '[:alnum:]\n\r' | tr '[:upper:]' '[:lower:]')" >> $GITHUB_OUTPUT[0m
2022-12-27T11:05:12.4222250Z shell: /bin/bash -e {0}
2022-12-27T11:05:12.4222450Z env:
2022-12-27T11:05:12.4222690Z   pythonLocation: /Users/runner/hostedtoolcache/Python/3.11.1/x64
2022-12-27T11:05:12.4223080Z   PKG_CONFIG_PATH: /Users/runner/hostedtoolcache/Python/3.11.1/x64/lib/pkgconfig
2022-12-27T11:05:12.4223460Z   Python_ROOT_DIR: /Users/runner/hostedtoolcache/Python/3.11.1/x64
2022-12-27T11:05:12.4223770Z   Python2_ROOT_DIR: /Users/runner/hostedtoolcache/Python/3.11.1/x64
2022-12-27T11:05:12.4224090Z   Python3_ROOT_DIR: /Users/runner/hostedtoolcache/Python/3.11.1/x64
2022-12-27T11:05:12.4224390Z ##[endgroup]
2022-12-27T11:05:12.4440660Z ##[group]Run echo "PYTHON_NO_DOTS=$(echo 3.11 | tr -dc '[:alnum:]\n\r' | tr '[:upper:]' '[:lower:]')" >> $GITHUB_OUTPUT
2022-12-27T11:05:12.4441400Z [36;1mecho "PYTHON_NO_DOTS=$(echo 3.11 | tr -dc '[:alnum:]\n\r' | tr '[:upper:]' '[:lower:]')" >> $GITHUB_OUTPUT[0m
2022-12-27T11:05:12.4469210Z shell: /bin/bash -e {0}
2022-12-27T11:05:12.4469610Z env:
2022-12-27T11:05:12.4469920Z   pythonLocation: /Users/runner/hostedtoolcache/Python/3.11.1/x64
2022-12-27T11:05:12.4471360Z   PKG_CONFIG_PATH: /Users/runner/hostedtoolcache/Python/3.11.1/x64/lib/pkgconfig
2022-12-27T11:05:12.4471820Z   Python_ROOT_DIR: /Users/runner/hostedtoolcache/Python/3.11.1/x64
2022-12-27T11:05:12.4472410Z   Python2_ROOT_DIR: /Users/runner/hostedtoolcache/Python/3.11.1/x64
2022-12-27T11:05:12.4472790Z   Python3_ROOT_DIR: /Users/runner/hostedtoolcache/Python/3.11.1/x64
2022-12-27T11:05:12.4473160Z ##[endgroup]
2022-12-27T11:05:12.4706300Z ##[group]Run rm -rf build_lxml102311
2022-12-27T11:05:12.4706880Z [36;1mrm -rf build_lxml102311[0m
2022-12-27T11:05:12.4707150Z [36;1mmkdir build_lxml102311[0m
2022-12-27T11:05:12.4707540Z [36;1mcd build_lxml102311[0m
2022-12-27T11:05:12.4708050Z [36;1m/usr/local/bin/wget --quiet https://files.pythonhosted.org/packages/bb/64/536e4cea563fdd24ae21b160ff44c1b35010c2949b1a77a3c17fff1ae2d7/lxml-1.0.2.tar.gz[0m
2022-12-27T11:05:12.4708610Z [36;1mtar xf *.tar.gz[0m
2022-12-27T11:05:12.4708860Z [36;1mcd *[0m
2022-12-27T11:05:12.4709210Z [36;1mpython -m pip install cibuildwheel==2.11.3[0m
2022-12-27T11:05:12.4709610Z [36;1mpython -m cibuildwheel --output-dir ../wheelsout[0m
2022-12-27T11:05:12.4737400Z shell: /bin/bash -e {0}
2022-12-27T11:05:12.4737730Z env:
2022-12-27T11:05:12.4738090Z   pythonLocation: /Users/runner/hostedtoolcache/Python/3.11.1/x64
2022-12-27T11:05:12.4738470Z   PKG_CONFIG_PATH: /Users/runner/hostedtoolcache/Python/3.11.1/x64/lib/pkgconfig
2022-12-27T11:05:12.4739100Z   Python_ROOT_DIR: /Users/runner/hostedtoolcache/Python/3.11.1/x64
2022-12-27T11:05:12.4739480Z   Python2_ROOT_DIR: /Users/runner/hostedtoolcache/Python/3.11.1/x64
2022-12-27T11:05:12.4739900Z   Python3_ROOT_DIR: /Users/runner/hostedtoolcache/Python/3.11.1/x64
2022-12-27T11:05:12.4740270Z   CIBW_ARCHS_MACOS: arm64
2022-12-27T11:05:12.4740590Z   CIBW_TEST_SKIP: *_arm64
2022-12-27T11:05:12.4740910Z   CIBW_BUILD: cp311-macosx_arm64
2022-12-27T11:05:12.4741240Z   CIBW_BUILD_FRONTEND: pip
2022-12-27T11:05:12.4741500Z   CIBW_BUILD_VERBOSITY: 3
2022-12-27T11:05:12.4742050Z   CIBW_ENVIRONMENT_MACOS:  CFLAGS="-I/usr/local/opt/openssl@3/include" LDFLAGS="-L/usr/local/opt/openssl@3/lib" CPPFLAGS="-I/usr/local/opt/openssl@3/include" MAKEFLAGS="-j$(sysctl -n hw.logicalcpu)" PATH=/usr/local/opt/ccache/libexec:$PATH
2022-12-27T11:05:12.4742750Z   CIBW_BEFORE_BUILD: pip install Cython; if [[ -f requirements.txt ]]; then pip install -r requirements.txt; fi
2022-12-27T11:05:12.4743200Z   MAKEFLAGS: -j$(sysctl -n hw.logicalcpu)
2022-12-27T11:05:12.4743480Z ##[endgroup]
2022-12-27T11:05:13.0365200Z Requirement already satisfied: cibuildwheel==2.11.3 in /Library/Frameworks/Python.framework/Versions/3.11/lib/python3.11/site-packages (2.11.3)
2022-12-27T11:05:13.0948510Z Requirement already satisfied: bashlex!=0.13 in /Library/Frameworks/Python.framework/Versions/3.11/lib/python3.11/site-packages (from cibuildwheel==2.11.3) (0.16)
2022-12-27T11:05:13.0959390Z Requirement already satisfied: bracex in /Library/Frameworks/Python.framework/Versions/3.11/lib/python3.11/site-packages (from cibuildwheel==2.11.3) (2.3.post1)
2022-12-27T11:05:13.0967820Z Requirement already satisfied: certifi in /Library/Frameworks/Python.framework/Versions/3.11/lib/python3.11/site-packages (from cibuildwheel==2.11.3) (2022.12.7)
2022-12-27T11:05:13.0978270Z Requirement already satisfied: filelock in /Library/Frameworks/Python.framework/Versions/3.11/lib/python3.11/site-packages (from cibuildwheel==2.11.3) (3.8.2)
2022-12-27T11:05:13.0992240Z Requirement already satisfied: packaging>=20.9 in /Library/Frameworks/Python.framework/Versions/3.11/lib/python3.11/site-packages (from cibuildwheel==2.11.3) (22.0)
2022-12-27T11:05:13.1002780Z Requirement already satisfied: platformdirs in /Library/Frameworks/Python.framework/Versions/3.11/lib/python3.11/site-packages (from cibuildwheel==2.11.3) (2.6.0)
2022-12-27T11:05:13.4610710Z 
2022-12-27T11:05:13.4611540Z      _ _       _ _   _       _           _
2022-12-27T11:05:13.4615290Z  ___|_| |_ _ _|_| |_| |_ _ _| |_ ___ ___| |
2022-12-27T11:05:13.4616500Z |  _| | . | | | | | . | | | |   | -_| -_| |
2022-12-27T11:05:13.4617210Z |___|_|___|___|_|_|___|_____|_|_|___|___|_|
2022-12-27T11:05:13.4617620Z 
2022-12-27T11:05:13.4617930Z cibuildwheel version 2.11.3
2022-12-27T11:05:13.4618330Z 
2022-12-27T11:05:13.4618480Z Build options:
2022-12-27T11:05:13.4619360Z   platform: macos
2022-12-27T11:05:13.4658560Z   architectures: arm64[0m
2022-12-27T11:05:13.4659170Z   build_selector: 
2022-12-27T11:05:13.4661480Z     build_config: cp311-macosx_arm64
2022-12-27T11:05:13.4663210Z     skip_config: 
2022-12-27T11:05:13.4664200Z     requires_python: None
2022-12-27T11:05:13.4665860Z     prerelease_pythons: False[0m
2022-12-27T11:05:13.4667790Z   [38;5;244mcontainer_engine: docker[0m
2022-12-27T11:05:13.4669500Z   output_dir: /Users/runner/actions-runner/_work/python.build/python.build/build_lxml102311/wheelsout[0m
2022-12-27T11:05:13.4670320Z   package_dir: /Users/runner/actions-runner/_work/python.build/python.build/build_lxml102311/lxml-1.0.2[0m
2022-12-27T11:05:13.4670780Z   test_selector: 
2022-12-27T11:05:13.4671200Z     skip_config: *_arm64[0m
2022-12-27T11:05:13.4671610Z   [38;5;244mbefore_all: [0m
2022-12-27T11:05:13.4673230Z   before_build: pip install Cython; if [[ -f requirements.txt ]]; then pip install -r requirements.txt; fi[0m
2022-12-27T11:05:13.4673810Z   [38;5;244mbefore_test: [0m
2022-12-27T11:05:13.4674240Z   [38;5;244mbuild_frontend: pip[0m
2022-12-27T11:05:13.4674600Z   build_verbosity: 3[0m
2022-12-27T11:05:13.4675030Z   [38;5;244mconfig_settings: [0m
2022-12-27T11:05:13.4675770Z   [38;5;244mdependency_constraints: pinned[0m
2022-12-27T11:05:13.4676070Z   environment: 
2022-12-27T11:05:13.4676510Z     CFLAGS="-I/usr/local/opt/openssl@3/include"
2022-12-27T11:05:13.4676980Z     LDFLAGS="-L/usr/local/opt/openssl@3/lib"
2022-12-27T11:05:13.4677430Z     CPPFLAGS="-I/usr/local/opt/openssl@3/include"
2022-12-27T11:05:13.4678670Z     MAKEFLAGS="-j$(sysctl -n hw.logicalcpu)"
2022-12-27T11:05:13.4679680Z     PATH=/usr/local/opt/ccache/libexec:$PATH[0m
2022-12-27T11:05:13.4680450Z   [38;5;244mmanylinux_images: None[0m
2022-12-27T11:05:13.4681330Z   [38;5;244mmusllinux_images: None[0m
2022-12-27T11:05:13.4683070Z   [38;5;244mrepair_command: delocate-wheel --require-archs {delocate_archs} -w {dest_dir} -v {wheel}[0m
2022-12-27T11:05:13.4684130Z   [38;5;244mtest_command: [0m
2022-12-27T11:05:13.4684820Z   [38;5;244mtest_extras: [0m
2022-12-27T11:05:13.4685630Z   [38;5;244mtest_requires: [0m
2022-12-27T11:05:13.4686050Z 
2022-12-27T11:05:13.4686450Z Cache folder: /Users/runner/Library/Caches/cibuildwheel
2022-12-27T11:05:13.4687170Z 
2022-12-27T11:05:13.4687930Z Here we go!
2022-12-27T11:05:13.4688330Z 
2022-12-27T11:05:13.4827090Z 
2022-12-27T11:05:13.4828490Z [1m[34mBuilding cp311-macosx_arm64 wheel[0m
2022-12-27T11:05:13.4829930Z CPython 3.11 macOS arm64 - Apple Silicon
2022-12-27T11:05:13.4830400Z 
2022-12-27T11:05:13.4832880Z ##[group]Installing Python cp311...
2022-12-27T11:05:13.4833380Z 
2022-12-27T11:05:13.4833730Z + pkgutil --pkgs
2022-12-27T11:05:13.5014680Z ##[endgroup]
2022-12-27T11:05:13.5017280Z                                                               [32m✓ [0m0.02s
2022-12-27T11:05:13.5018040Z ##[group]Setting up build environment...
2022-12-27T11:05:13.5018280Z 
2022-12-27T11:05:13.5047050Z + /Library/Frameworks/Python.framework/Versions/3.11/bin/python -sS /Users/runner/Library/Caches/cibuildwheel/virtualenv-20.17.0.pyz --activators= --no-periodic-update --pip=22.3.1 --setuptools=65.6.3 --wheel=0.38.4 --symlink-app-data --python /Library/Frameworks/Python.framework/Versions/3.11/bin/python3 /private/var/folders/51/hd414ycd67n82196sw51xqtc0000gn/T/cibw-run-qgxx2ond/cp311-macosx_arm64/build/venv
2022-12-27T11:05:13.7991990Z created virtual environment CPython3.11.1.final.0-64 in 77ms
2022-12-27T11:05:13.7993320Z   creator CPython3Posix(dest=/private/var/folders/51/hd414ycd67n82196sw51xqtc0000gn/T/cibw-run-qgxx2ond/cp311-macosx_arm64/build/venv, clear=False, no_vcs_ignore=False, global=False)
2022-12-27T11:05:13.7994190Z   seeder FromAppData(download=False, pip=22.3.1, setuptools=65.6.3, wheel=0.38.4, via=symlink, app_data_dir=/Users/runner/Library/Application Support/virtualenv)
2022-12-27T11:05:13.7994790Z     added seed packages: pip==22.3.1, setuptools==65.6.3, wheel==0.38.4
2022-12-27T11:05:13.8234660Z + python -m pip install --upgrade pip -c /Library/Frameworks/Python.framework/Versions/3.11/lib/python3.11/site-packages/cibuildwheel/resources/constraints-python311.txt
2022-12-27T11:05:14.2803680Z Requirement already satisfied: pip in ./lib/python3.11/site-packages (22.3.1)
2022-12-27T11:05:14.5131700Z + which pip
2022-12-27T11:05:14.5168000Z /private/var/folders/51/hd414ycd67n82196sw51xqtc0000gn/T/cibw-run-qgxx2ond/cp311-macosx_arm64/build/venv/bin/pip
2022-12-27T11:05:14.5172560Z + pip --version
2022-12-27T11:05:14.8234230Z pip 22.3.1 from /private/var/folders/51/hd414ycd67n82196sw51xqtc0000gn/T/cibw-run-qgxx2ond/cp311-macosx_arm64/build/venv/lib/python3.11/site-packages/pip (python 3.11)
2022-12-27T11:05:14.8730410Z + which pip
2022-12-27T11:05:14.8776200Z + which python
2022-12-27T11:05:14.8818660Z /private/var/folders/51/hd414ycd67n82196sw51xqtc0000gn/T/cibw-run-qgxx2ond/cp311-macosx_arm64/build/venv/bin/python
2022-12-27T11:05:14.8822420Z + python --version
2022-12-27T11:05:14.8922190Z Python 3.11.1
2022-12-27T11:05:14.8927100Z + which python
2022-12-27T11:05:14.9019090Z ##[endgroup]
2022-12-27T11:05:14.9019970Z                                                               [32m✓ [0m1.40s
2022-12-27T11:05:14.9021050Z ##[group]Installing build tools...
2022-12-27T11:05:14.9021660Z 
2022-12-27T11:05:14.9022500Z + pip install --upgrade setuptools wheel delocate -c /Library/Frameworks/Python.framework/Versions/3.11/lib/python3.11/site-packages/cibuildwheel/resources/constraints-python311.txt
2022-12-27T11:05:15.3335540Z Requirement already satisfied: setuptools in /private/var/folders/51/hd414ycd67n82196sw51xqtc0000gn/T/cibw-run-qgxx2ond/cp311-macosx_arm64/build/venv/lib/python3.11/site-packages (65.6.3)
2022-12-27T11:05:15.5992150Z Requirement already satisfied: wheel in /private/var/folders/51/hd414ycd67n82196sw51xqtc0000gn/T/cibw-run-qgxx2ond/cp311-macosx_arm64/build/venv/lib/python3.11/site-packages (0.38.4)
2022-12-27T11:05:15.6587430Z Collecting delocate
2022-12-27T11:05:15.6627240Z   Using cached delocate-0.10.3-py3-none-any.whl (142 kB)
2022-12-27T11:05:15.7032060Z Collecting packaging>=20.9
2022-12-27T11:05:15.7083910Z   Using cached packaging-21.3-py3-none-any.whl (40 kB)
2022-12-27T11:05:15.7356350Z Collecting typing-extensions
2022-12-27T11:05:15.7399550Z   Using cached typing_extensions-4.4.0-py3-none-any.whl (26 kB)
2022-12-27T11:05:15.7925680Z Collecting pyparsing!=3.0.5,>=2.0.2
2022-12-27T11:05:15.7961030Z   Using cached pyparsing-3.0.9-py3-none-any.whl (98 kB)
2022-12-27T11:05:15.8873740Z Installing collected packages: typing-extensions, pyparsing, packaging, delocate
2022-12-27T11:05:16.0992710Z Successfully installed delocate-0.10.3 packaging-21.3 pyparsing-3.0.9 typing-extensions-4.4.0
2022-12-27T11:05:16.2043320Z ##[endgroup]
2022-12-27T11:05:16.2045060Z                                                               [32m✓ [0m1.30s
2022-12-27T11:05:16.2046150Z ##[group]Running before_build...
2022-12-27T11:05:16.2046560Z 
2022-12-27T11:05:16.2052200Z + pip install Cython; if [[ -f requirements.txt ]]; then pip install -r requirements.txt; fi
2022-12-27T11:05:17.0569690Z Collecting Cython
2022-12-27T11:05:17.0658700Z   Using cached Cython-0.29.32-py2.py3-none-any.whl (986 kB)
2022-12-27T11:05:17.1379420Z Installing collected packages: Cython
2022-12-27T11:05:17.8273280Z Successfully installed Cython-0.29.32
2022-12-27T11:05:17.9324450Z ##[endgroup]
2022-12-27T11:05:17.9325790Z                                                               [32m✓ [0m1.73s
2022-12-27T11:05:17.9327650Z ##[group]Building wheel...
2022-12-27T11:05:17.9328060Z 
2022-12-27T11:05:17.9341730Z + python -m pip wheel /Users/runner/actions-runner/_work/python.build/python.build/build_lxml102311/lxml-1.0.2 --wheel-dir=/private/var/folders/51/hd414ycd67n82196sw51xqtc0000gn/T/cibw-run-qgxx2ond/cp311-macosx_arm64/built_wheel --no-deps -vvv
2022-12-27T11:05:18.3233220Z Created temporary directory: /private/var/folders/51/hd414ycd67n82196sw51xqtc0000gn/T/pip-ephem-wheel-cache-cz2v4xyw
2022-12-27T11:05:18.3240930Z Created temporary directory: /private/var/folders/51/hd414ycd67n82196sw51xqtc0000gn/T/pip-build-tracker-6ocl4tsr
2022-12-27T11:05:18.3243270Z Initialized build tracking at /private/var/folders/51/hd414ycd67n82196sw51xqtc0000gn/T/pip-build-tracker-6ocl4tsr
2022-12-27T11:05:18.3244700Z Created build tracker: /private/var/folders/51/hd414ycd67n82196sw51xqtc0000gn/T/pip-build-tracker-6ocl4tsr
2022-12-27T11:05:18.3246300Z Entered build tracker: /private/var/folders/51/hd414ycd67n82196sw51xqtc0000gn/T/pip-build-tracker-6ocl4tsr
2022-12-27T11:05:18.3251250Z Created temporary directory: /private/var/folders/51/hd414ycd67n82196sw51xqtc0000gn/T/pip-wheel-dneizxnt
2022-12-27T11:05:18.3259880Z Created temporary directory: /private/var/folders/51/hd414ycd67n82196sw51xqtc0000gn/T/pip-ephem-wheel-cache-g3jckmp4
2022-12-27T11:05:18.3372620Z Processing /Users/runner/actions-runner/_work/python.build/python.build/build_lxml102311/lxml-1.0.2
2022-12-27T11:05:18.3379840Z   Added file:///Users/runner/actions-runner/_work/python.build/python.build/build_lxml102311/lxml-1.0.2 to build tracker '/private/var/folders/51/hd414ycd67n82196sw51xqtc0000gn/T/pip-build-tracker-6ocl4tsr'
2022-12-27T11:05:18.3384140Z   Running setup.py (path:/Users/runner/actions-runner/_work/python.build/python.build/build_lxml102311/lxml-1.0.2/setup.py) egg_info for package from file:///Users/runner/actions-runner/_work/python.build/python.build/build_lxml102311/lxml-1.0.2
2022-12-27T11:05:18.3388180Z   Created temporary directory: /private/var/folders/51/hd414ycd67n82196sw51xqtc0000gn/T/pip-pip-egg-info-6n0jvl1g
2022-12-27T11:05:18.3389680Z   Preparing metadata (setup.py): started
2022-12-27T11:05:18.3392430Z   Running command python setup.py egg_info
2022-12-27T11:05:18.5491540Z   Traceback (most recent call last):
2022-12-27T11:05:18.5507630Z     File "<string>", line 2, in <module>
2022-12-27T11:05:18.5508430Z     File "<pip-setuptools-caller>", line 34, in <module>
2022-12-27T11:05:18.5509250Z     File "/Users/runner/actions-runner/_work/python.build/python.build/build_lxml102311/lxml-1.0.2/setup.py", line 22
2022-12-27T11:05:18.5509650Z       raise NotImplementedError, \
2022-12-27T11:05:18.5510010Z                                ^
2022-12-27T11:05:18.5510370Z   SyntaxError: invalid syntax
2022-12-27T11:05:18.6117580Z   error: subprocess-exited-with-error
2022-12-27T11:05:18.6118150Z   
2022-12-27T11:05:18.6120010Z   × python setup.py egg_info did not run successfully.
2022-12-27T11:05:18.6120860Z   │ exit code: 1
2022-12-27T11:05:18.6121510Z   ╰─> See above for output.
2022-12-27T11:05:18.6122440Z   
2022-12-27T11:05:18.6123210Z   note: This error originates from a subprocess, and is likely not a problem with pip.
2022-12-27T11:05:18.6128630Z   full command: /private/var/folders/51/hd414ycd67n82196sw51xqtc0000gn/T/cibw-run-qgxx2ond/cp311-macosx_arm64/build/venv/bin/python -c '
2022-12-27T11:05:18.6129910Z   exec(compile('"'"''"'"''"'"'
2022-12-27T11:05:18.6131850Z   # This is <pip-setuptools-caller> -- a caller that pip uses to run setup.py
2022-12-27T11:05:18.6132610Z   #
2022-12-27T11:05:18.6133780Z   # - It imports setuptools before invoking setup.py, to enable projects that directly
2022-12-27T11:05:18.6135350Z   #   import from `distutils.core` to work with newer packaging standards.
2022-12-27T11:05:18.6137120Z   # - It provides a clear error message when setuptools is not installed.
2022-12-27T11:05:18.6138160Z   # - It sets `sys.argv[0]` to the underlying `setup.py`, when invoking `setup.py` so
2022-12-27T11:05:18.6139330Z   #   setuptools doesn'"'"'t think the script is `-c`. This avoids the following warning:
2022-12-27T11:05:18.6140440Z   #     manifest_maker: standard file '"'"'-c'"'"' not found".
2022-12-27T11:05:18.6141500Z   # - It generates a shim setup.py, for handling setup.cfg-only projects.
2022-12-27T11:05:18.6142780Z   import os, sys, tokenize
2022-12-27T11:05:18.6143290Z   
2022-12-27T11:05:18.6143870Z   try:
2022-12-27T11:05:18.6144560Z       import setuptools
2022-12-27T11:05:18.6145120Z   except ImportError as error:
2022-12-27T11:05:18.6145970Z       print(
2022-12-27T11:05:18.6146770Z           "ERROR: Can not execute `setup.py` since setuptools is not available in "
2022-12-27T11:05:18.6148700Z           "the build environment.",
2022-12-27T11:05:18.6149320Z           file=sys.stderr,
2022-12-27T11:05:18.6149960Z       )
2022-12-27T11:05:18.6150770Z       sys.exit(1)
2022-12-27T11:05:18.6151260Z   
2022-12-27T11:05:18.6151860Z   __file__ = %r
2022-12-27T11:05:18.6152510Z   sys.argv[0] = __file__
2022-12-27T11:05:18.6152990Z   
2022-12-27T11:05:18.6153930Z   if os.path.exists(__file__):
2022-12-27T11:05:18.6154630Z       filename = __file__
2022-12-27T11:05:18.6155210Z       with tokenize.open(__file__) as f:
2022-12-27T11:05:18.6155930Z           setup_py_code = f.read()
2022-12-27T11:05:18.6156760Z   else:
2022-12-27T11:05:18.6157540Z       filename = "<auto-generated setuptools caller>"
2022-12-27T11:05:18.6158380Z       setup_py_code = "from setuptools import setup; setup()"
2022-12-27T11:05:18.6159080Z   
2022-12-27T11:05:18.6159630Z   exec(compile(setup_py_code, filename, "exec"))
2022-12-27T11:05:18.6161510Z   '"'"''"'"''"'"' % ('"'"'/Users/runner/actions-runner/_work/python.build/python.build/build_lxml102311/lxml-1.0.2/setup.py'"'"',), "<pip-setuptools-caller>", "exec"))' egg_info --egg-base /private/var/folders/51/hd414ycd67n82196sw51xqtc0000gn/T/pip-pip-egg-info-6n0jvl1g
2022-12-27T11:05:18.6163120Z   cwd: /Users/runner/actions-runner/_work/python.build/python.build/build_lxml102311/lxml-1.0.2/
2022-12-27T11:05:18.6164270Z   Preparing metadata (setup.py): finished with status 'error'
2022-12-27T11:05:18.6165100Z error: metadata-generation-failed
2022-12-27T11:05:18.6165550Z 
2022-12-27T11:05:18.6166160Z × Encountered error while generating package metadata.
2022-12-27T11:05:18.6167300Z ╰─> See above for output.
2022-12-27T11:05:18.6167720Z 
2022-12-27T11:05:18.6168130Z note: This is an issue with the package mentioned above, not pip.
2022-12-27T11:05:18.6168770Z hint: See above for details.
2022-12-27T11:05:18.6197940Z Exception information:
2022-12-27T11:05:18.6199510Z Traceback (most recent call last):
2022-12-27T11:05:18.6201430Z   File "/private/var/folders/51/hd414ycd67n82196sw51xqtc0000gn/T/cibw-run-qgxx2ond/cp311-macosx_arm64/build/venv/lib/python3.11/site-packages/pip/_internal/operations/build/metadata_legacy.py", line 64, in generate_metadata
2022-12-27T11:05:18.6203160Z     call_subprocess(
2022-12-27T11:05:18.6204210Z   File "/private/var/folders/51/hd414ycd67n82196sw51xqtc0000gn/T/cibw-run-qgxx2ond/cp311-macosx_arm64/build/venv/lib/python3.11/site-packages/pip/_internal/utils/subprocess.py", line 224, in call_subprocess
2022-12-27T11:05:18.6207340Z     raise error
2022-12-27T11:05:18.6207940Z pip._internal.exceptions.InstallationSubprocessError: python setup.py egg_info exited with 1
2022-12-27T11:05:18.6208280Z 
2022-12-27T11:05:18.6208640Z The above exception was the direct cause of the following exception:
2022-12-27T11:05:18.6211090Z 
2022-12-27T11:05:18.6212610Z Traceback (most recent call last):
2022-12-27T11:05:18.6214600Z   File "/private/var/folders/51/hd414ycd67n82196sw51xqtc0000gn/T/cibw-run-qgxx2ond/cp311-macosx_arm64/build/venv/lib/python3.11/site-packages/pip/_internal/cli/base_command.py", line 160, in exc_logging_wrapper
2022-12-27T11:05:18.6215770Z     status = run_func(*args)
2022-12-27T11:05:18.6216450Z              ^^^^^^^^^^^^^^^
2022-12-27T11:05:18.6217950Z   File "/private/var/folders/51/hd414ycd67n82196sw51xqtc0000gn/T/cibw-run-qgxx2ond/cp311-macosx_arm64/build/venv/lib/python3.11/site-packages/pip/_internal/cli/req_command.py", line 247, in wrapper
2022-12-27T11:05:18.6219300Z     return func(self, options, args)
2022-12-27T11:05:18.6219870Z            ^^^^^^^^^^^^^^^^^^^^^^^^^
2022-12-27T11:05:18.6221320Z   File "/private/var/folders/51/hd414ycd67n82196sw51xqtc0000gn/T/cibw-run-qgxx2ond/cp311-macosx_arm64/build/venv/lib/python3.11/site-packages/pip/_internal/commands/wheel.py", line 170, in run
2022-12-27T11:05:18.6222510Z     requirement_set = resolver.resolve(reqs, check_supported_wheels=True)
2022-12-27T11:05:18.6223530Z                       ^^^^^^^^^^^^^^^^^^^^^^^^^^^^^^^^^^^^^^^^^^^^^^^^^^^
2022-12-27T11:05:18.6225690Z   File "/private/var/folders/51/hd414ycd67n82196sw51xqtc0000gn/T/cibw-run-qgxx2ond/cp311-macosx_arm64/build/venv/lib/python3.11/site-packages/pip/_internal/resolution/resolvelib/resolver.py", line 73, in resolve
2022-12-27T11:05:18.6226840Z     collected = self.factory.collect_root_requirements(root_reqs)
2022-12-27T11:05:18.6227650Z                 ^^^^^^^^^^^^^^^^^^^^^^^^^^^^^^^^^^^^^^^^^^^^^^^^^
2022-12-27T11:05:18.6229310Z   File "/private/var/folders/51/hd414ycd67n82196sw51xqtc0000gn/T/cibw-run-qgxx2ond/cp311-macosx_arm64/build/venv/lib/python3.11/site-packages/pip/_internal/resolution/resolvelib/factory.py", line 491, in collect_root_requirements
2022-12-27T11:05:18.6388320Z     req = self._make_requirement_from_install_req(
2022-12-27T11:05:18.6388780Z           ^^^^^^^^^^^^^^^^^^^^^^^^^^^^^^^^^^^^^^^^
2022-12-27T11:05:18.6390060Z   File "/private/var/folders/51/hd414ycd67n82196sw51xqtc0000gn/T/cibw-run-qgxx2ond/cp311-macosx_arm64/build/venv/lib/python3.11/site-packages/pip/_internal/resolution/resolvelib/factory.py", line 453, in _make_requirement_from_install_req
2022-12-27T11:05:18.6390660Z     cand = self._make_candidate_from_link(
2022-12-27T11:05:18.6391230Z            ^^^^^^^^^^^^^^^^^^^^^^^^^^^^^^^
2022-12-27T11:05:18.6392120Z   File "/private/var/folders/51/hd414ycd67n82196sw51xqtc0000gn/T/cibw-run-qgxx2ond/cp311-macosx_arm64/build/venv/lib/python3.11/site-packages/pip/_internal/resolution/resolvelib/factory.py", line 206, in _make_candidate_from_link
2022-12-27T11:05:18.6392740Z     self._link_candidate_cache[link] = LinkCandidate(
2022-12-27T11:05:18.6393060Z                                        ^^^^^^^^^^^^^^
2022-12-27T11:05:18.6393950Z   File "/private/var/folders/51/hd414ycd67n82196sw51xqtc0000gn/T/cibw-run-qgxx2ond/cp311-macosx_arm64/build/venv/lib/python3.11/site-packages/pip/_internal/resolution/resolvelib/candidates.py", line 297, in __init__
2022-12-27T11:05:18.6394500Z     super().__init__(
2022-12-27T11:05:18.6395290Z   File "/private/var/folders/51/hd414ycd67n82196sw51xqtc0000gn/T/cibw-run-qgxx2ond/cp311-macosx_arm64/build/venv/lib/python3.11/site-packages/pip/_internal/resolution/resolvelib/candidates.py", line 162, in __init__
2022-12-27T11:05:18.6395830Z     self.dist = self._prepare()
2022-12-27T11:05:18.6397230Z                 ^^^^^^^^^^^^^^^
2022-12-27T11:05:18.6398120Z   File "/private/var/folders/51/hd414ycd67n82196sw51xqtc0000gn/T/cibw-run-qgxx2ond/cp311-macosx_arm64/build/venv/lib/python3.11/site-packages/pip/_internal/resolution/resolvelib/candidates.py", line 231, in _prepare
2022-12-27T11:05:18.6398730Z     dist = self._prepare_distribution()
2022-12-27T11:05:18.6399090Z            ^^^^^^^^^^^^^^^^^^^^^^^^^^^^
2022-12-27T11:05:18.6400080Z   File "/private/var/folders/51/hd414ycd67n82196sw51xqtc0000gn/T/cibw-run-qgxx2ond/cp311-macosx_arm64/build/venv/lib/python3.11/site-packages/pip/_internal/resolution/resolvelib/candidates.py", line 308, in _prepare_distribution
2022-12-27T11:05:18.6400680Z     return preparer.prepare_linked_requirement(self._ireq, parallel_builds=True)
2022-12-27T11:05:18.6401130Z            ^^^^^^^^^^^^^^^^^^^^^^^^^^^^^^^^^^^^^^^^^^^^^^^^^^^^^^^^^^^^^^^^^^^^^
2022-12-27T11:05:18.6401960Z   File "/private/var/folders/51/hd414ycd67n82196sw51xqtc0000gn/T/cibw-run-qgxx2ond/cp311-macosx_arm64/build/venv/lib/python3.11/site-packages/pip/_internal/operations/prepare.py", line 491, in prepare_linked_requirement
2022-12-27T11:05:18.6402660Z     return self._prepare_linked_requirement(req, parallel_builds)
2022-12-27T11:05:18.6403060Z            ^^^^^^^^^^^^^^^^^^^^^^^^^^^^^^^^^^^^^^^^^^^^^^^^^^^^^^
2022-12-27T11:05:18.6403770Z   File "/private/var/folders/51/hd414ycd67n82196sw51xqtc0000gn/T/cibw-run-qgxx2ond/cp311-macosx_arm64/build/venv/lib/python3.11/site-packages/pip/_internal/operations/prepare.py", line 577, in _prepare_linked_requirement
2022-12-27T11:05:18.6404330Z     dist = _get_prepared_distribution(
2022-12-27T11:05:18.6404660Z            ^^^^^^^^^^^^^^^^^^^^^^^^^^^
2022-12-27T11:05:18.6405760Z   File "/private/var/folders/51/hd414ycd67n82196sw51xqtc0000gn/T/cibw-run-qgxx2ond/cp311-macosx_arm64/build/venv/lib/python3.11/site-packages/pip/_internal/operations/prepare.py", line 69, in _get_prepared_distribution
2022-12-27T11:05:18.6406370Z     abstract_dist.prepare_distribution_metadata(
2022-12-27T11:05:18.6407140Z   File "/private/var/folders/51/hd414ycd67n82196sw51xqtc0000gn/T/cibw-run-qgxx2ond/cp311-macosx_arm64/build/venv/lib/python3.11/site-packages/pip/_internal/distributions/sdist.py", line 61, in prepare_distribution_metadata
2022-12-27T11:05:18.6407670Z     self.req.prepare_metadata()
2022-12-27T11:05:18.6408380Z   File "/private/var/folders/51/hd414ycd67n82196sw51xqtc0000gn/T/cibw-run-qgxx2ond/cp311-macosx_arm64/build/venv/lib/python3.11/site-packages/pip/_internal/req/req_install.py", line 541, in prepare_metadata
2022-12-27T11:05:18.6409040Z     self.metadata_directory = generate_metadata_legacy(
2022-12-27T11:05:18.6409410Z                               ^^^^^^^^^^^^^^^^^^^^^^^^^
2022-12-27T11:05:18.6410120Z   File "/private/var/folders/51/hd414ycd67n82196sw51xqtc0000gn/T/cibw-run-qgxx2ond/cp311-macosx_arm64/build/venv/lib/python3.11/site-packages/pip/_internal/operations/build/metadata_legacy.py", line 71, in generate_metadata
2022-12-27T11:05:18.6410760Z     raise MetadataGenerationFailed(package_details=details) from error
2022-12-27T11:05:18.6411270Z pip._internal.exceptions.MetadataGenerationFailed: metadata generation failed
2022-12-27T11:05:18.6412070Z Removed file:///Users/runner/actions-runner/_work/python.build/python.build/build_lxml102311/lxml-1.0.2 from build tracker '/private/var/folders/51/hd414ycd67n82196sw51xqtc0000gn/T/pip-build-tracker-6ocl4tsr'
2022-12-27T11:05:18.6412760Z Removed build tracker: '/private/var/folders/51/hd414ycd67n82196sw51xqtc0000gn/T/pip-build-tracker-6ocl4tsr'
2022-12-27T11:05:18.7081370Z ##[error]Command ['python', '-m', 'pip', 'wheel', '/Users/runner/actions-runner/_work/python.build/python.build/build_lxml102311/lxml-1.0.2', '--wheel-dir=/private/var/folders/51/hd414ycd67n82196sw51xqtc0000gn/T/cibw-run-qgxx2ond/cp311-macosx_arm64/built_wheel', '--no-deps', '-vvv'] failed with code 1. None
2022-12-27T11:05:18.7099060Z ##[endgroup]
2022-12-27T11:05:18.7099450Z 
2022-12-27T11:05:18.7100080Z                                                               [31m✕ [0m0.77s
2022-12-27T11:05:18.7901190Z ##[error]Process completed with exit code 1.
2022-12-27T11:05:18.7965430Z ##[group]Run rm -rf build_lxml102311 wheelsout
2022-12-27T11:05:18.7965920Z [36;1mrm -rf build_lxml102311 wheelsout[0m
2022-12-27T11:05:18.7999750Z shell: /bin/bash -e {0}
2022-12-27T11:05:18.8000060Z env:
2022-12-27T11:05:18.8000460Z   pythonLocation: /Users/runner/hostedtoolcache/Python/3.11.1/x64
2022-12-27T11:05:18.8000890Z   PKG_CONFIG_PATH: /Users/runner/hostedtoolcache/Python/3.11.1/x64/lib/pkgconfig
2022-12-27T11:05:18.8001400Z   Python_ROOT_DIR: /Users/runner/hostedtoolcache/Python/3.11.1/x64
2022-12-27T11:05:18.8001880Z   Python2_ROOT_DIR: /Users/runner/hostedtoolcache/Python/3.11.1/x64
2022-12-27T11:05:18.8002330Z   Python3_ROOT_DIR: /Users/runner/hostedtoolcache/Python/3.11.1/x64
2022-12-27T11:05:18.8002660Z ##[endgroup]
2022-12-27T11:05:18.8497460Z Cleaning up orphan processes
