2022-12-27T08:55:29.7637751Z Requested labels: self-hosted, macOS, X64
2022-12-27T08:55:29.7637821Z Job defined at: kilnbuild/python.build/.github/workflows/mac_arm_build.yml@refs/heads/main
2022-12-27T08:55:29.7637850Z Waiting for a runner to pick up this job...
2022-12-27T11:33:59.3281082Z Job is about to start running on the runner: k2 (organization)
2022-12-27T11:34:00.7975220Z Current runner version: '2.300.2'
2022-12-27T11:34:00.7980240Z Runner name: 'k2'
2022-12-27T11:34:00.7980480Z Runner group name: 'Default'
2022-12-27T11:34:00.7980930Z Machine name: 'k2'
2022-12-27T11:34:00.7982400Z ##[group]GITHUB_TOKEN Permissions
2022-12-27T11:34:00.7982830Z Actions: write
2022-12-27T11:34:00.7982970Z Checks: write
2022-12-27T11:34:00.7983100Z Contents: write
2022-12-27T11:34:00.7983240Z Deployments: write
2022-12-27T11:34:00.7983370Z Discussions: write
2022-12-27T11:34:00.7983500Z Issues: write
2022-12-27T11:34:00.7983630Z Metadata: read
2022-12-27T11:34:00.7983760Z Packages: write
2022-12-27T11:34:00.7983900Z Pages: write
2022-12-27T11:34:00.7984030Z PullRequests: write
2022-12-27T11:34:00.7984190Z RepositoryProjects: write
2022-12-27T11:34:00.7984350Z SecurityEvents: write
2022-12-27T11:34:00.7984490Z Statuses: write
2022-12-27T11:34:00.7984620Z ##[endgroup]
2022-12-27T11:34:00.7987260Z Secret source: Actions
2022-12-27T11:34:00.7987570Z Prepare workflow directory
2022-12-27T11:34:00.8638960Z Prepare all required actions
2022-12-27T11:34:00.8759640Z Getting action download info
2022-12-27T11:34:01.4411420Z Download action repository 'actions/setup-python@v4' (SHA:5ccb29d8773c3f3f653e1705f474dfaa8a06a912)
2022-12-27T11:34:03.2046350Z Download action repository 'actions/upload-artifact@v3' (SHA:83fd05a356d7e2593de66fc9913b3002723633cb)
2022-12-27T11:34:04.5189110Z ##[group]Run echo '{
2022-12-27T11:34:04.5189400Z [36;1mecho '{[0m
2022-12-27T11:34:04.5189540Z [36;1m  "package_name": "lxml",[0m
2022-12-27T11:34:04.5189840Z [36;1m  "package_url": "https://files.pythonhosted.org/packages/d9/7b/b5b86037e804cdbd7c71903042454d05acd0be5ab668fa3a2100f786b100/lxml-2.3.1.tar.gz",[0m
2022-12-27T11:34:04.5190040Z [36;1m  "package_version": "2.3.1",[0m
2022-12-27T11:34:04.5190180Z [36;1m  "python_version": "3.10",[0m
2022-12-27T11:34:04.5190300Z [36;1m  "use_ccache": "true"[0m
2022-12-27T11:34:04.5190420Z [36;1m}'[0m
2022-12-27T11:34:04.5205840Z shell: /bin/bash -e {0}
2022-12-27T11:34:04.5206080Z ##[endgroup]
2022-12-27T11:34:04.5431030Z {
2022-12-27T11:34:04.5432360Z   "package_name": "lxml",
2022-12-27T11:34:04.5433000Z   "package_url": "https://files.pythonhosted.org/packages/d9/7b/b5b86037e804cdbd7c71903042454d05acd0be5ab668fa3a2100f786b100/lxml-2.3.1.tar.gz",
2022-12-27T11:34:04.5433270Z   "package_version": "2.3.1",
2022-12-27T11:34:04.5433490Z   "python_version": "3.10",
2022-12-27T11:34:04.5433680Z   "use_ccache": "true"
2022-12-27T11:34:04.5433880Z }
2022-12-27T11:34:04.5650290Z ##[group]Run actions/setup-python@v4
2022-12-27T11:34:04.5650550Z with:
2022-12-27T11:34:04.5650690Z   python-version: 3.10
2022-12-27T11:34:04.5650880Z   check-latest: false
2022-12-27T11:34:04.5651260Z   token: ***
2022-12-27T11:34:04.5651440Z   update-environment: true
2022-12-27T11:34:04.5651590Z ##[endgroup]
2022-12-27T11:34:04.6934240Z ##[group]Installed versions
2022-12-27T11:34:04.7039130Z Successfully set up CPython (3.10.9)
2022-12-27T11:34:04.7040450Z ##[endgroup]
2022-12-27T11:34:04.7182430Z ##[group]Run if [ "true" == "true" ]
2022-12-27T11:34:04.7182780Z [36;1mif [ "true" == "true" ][0m
2022-12-27T11:34:04.7182990Z [36;1mthen[0m
2022-12-27T11:34:04.7183180Z [36;1m  echo "CCACHE_PATH_PREPEND=/usr/local/opt/ccache/libexec" >> $GITHUB_OUTPUT[0m
2022-12-27T11:34:04.7183480Z [36;1melse[0m
2022-12-27T11:34:04.7183680Z [36;1m  echo "CCACHE_PATH_PREPEND=" >> $GITHUB_OUTPUT[0m
2022-12-27T11:34:04.7183840Z [36;1mfi[0m
2022-12-27T11:34:04.7200580Z shell: /bin/bash -e {0}
2022-12-27T11:34:04.7200800Z env:
2022-12-27T11:34:04.7201030Z   pythonLocation: /Users/runner/hostedtoolcache/Python/3.10.9/x64
2022-12-27T11:34:04.7201270Z   PKG_CONFIG_PATH: /Users/runner/hostedtoolcache/Python/3.10.9/x64/lib/pkgconfig
2022-12-27T11:34:04.7201530Z   Python_ROOT_DIR: /Users/runner/hostedtoolcache/Python/3.10.9/x64
2022-12-27T11:34:04.7201830Z   Python2_ROOT_DIR: /Users/runner/hostedtoolcache/Python/3.10.9/x64
2022-12-27T11:34:04.7202120Z   Python3_ROOT_DIR: /Users/runner/hostedtoolcache/Python/3.10.9/x64
2022-12-27T11:34:04.7202720Z ##[endgroup]
2022-12-27T11:34:04.7312000Z ##[group]Run echo "BUILD_NAME=$(echo lxml_2.3.1_3.10 | tr -dc '[:alnum:]\n\r' | tr '[:upper:]' '[:lower:]')" >> $GITHUB_OUTPUT
2022-12-27T11:34:04.7312390Z [36;1mecho "BUILD_NAME=$(echo lxml_2.3.1_3.10 | tr -dc '[:alnum:]\n\r' | tr '[:upper:]' '[:lower:]')" >> $GITHUB_OUTPUT[0m
2022-12-27T11:34:04.7326310Z shell: /bin/bash -e {0}
2022-12-27T11:34:04.7326470Z env:
2022-12-27T11:34:04.7326690Z   pythonLocation: /Users/runner/hostedtoolcache/Python/3.10.9/x64
2022-12-27T11:34:04.7327040Z   PKG_CONFIG_PATH: /Users/runner/hostedtoolcache/Python/3.10.9/x64/lib/pkgconfig
2022-12-27T11:34:04.7327270Z   Python_ROOT_DIR: /Users/runner/hostedtoolcache/Python/3.10.9/x64
2022-12-27T11:34:04.7327520Z   Python2_ROOT_DIR: /Users/runner/hostedtoolcache/Python/3.10.9/x64
2022-12-27T11:34:04.7327760Z   Python3_ROOT_DIR: /Users/runner/hostedtoolcache/Python/3.10.9/x64
2022-12-27T11:34:04.7327930Z ##[endgroup]
2022-12-27T11:34:04.7479240Z ##[group]Run echo "PYTHON_NO_DOTS=$(echo 3.10 | tr -dc '[:alnum:]\n\r' | tr '[:upper:]' '[:lower:]')" >> $GITHUB_OUTPUT
2022-12-27T11:34:04.7479650Z [36;1mecho "PYTHON_NO_DOTS=$(echo 3.10 | tr -dc '[:alnum:]\n\r' | tr '[:upper:]' '[:lower:]')" >> $GITHUB_OUTPUT[0m
2022-12-27T11:34:04.7493340Z shell: /bin/bash -e {0}
2022-12-27T11:34:04.7493510Z env:
2022-12-27T11:34:04.7493750Z   pythonLocation: /Users/runner/hostedtoolcache/Python/3.10.9/x64
2022-12-27T11:34:04.7494440Z   PKG_CONFIG_PATH: /Users/runner/hostedtoolcache/Python/3.10.9/x64/lib/pkgconfig
2022-12-27T11:34:04.7494710Z   Python_ROOT_DIR: /Users/runner/hostedtoolcache/Python/3.10.9/x64
2022-12-27T11:34:04.7494970Z   Python2_ROOT_DIR: /Users/runner/hostedtoolcache/Python/3.10.9/x64
2022-12-27T11:34:04.7495220Z   Python3_ROOT_DIR: /Users/runner/hostedtoolcache/Python/3.10.9/x64
2022-12-27T11:34:04.7495440Z ##[endgroup]
2022-12-27T11:34:04.7615250Z ##[group]Run rm -rf build_lxml231310
2022-12-27T11:34:04.7615660Z [36;1mrm -rf build_lxml231310[0m
2022-12-27T11:34:04.7615820Z [36;1mmkdir build_lxml231310[0m
2022-12-27T11:34:04.7616090Z [36;1mcd build_lxml231310[0m
2022-12-27T11:34:04.7616370Z [36;1m/usr/local/bin/wget --quiet https://files.pythonhosted.org/packages/d9/7b/b5b86037e804cdbd7c71903042454d05acd0be5ab668fa3a2100f786b100/lxml-2.3.1.tar.gz[0m
2022-12-27T11:34:04.7616680Z [36;1mtar xf *.tar.gz[0m
2022-12-27T11:34:04.7616820Z [36;1mcd *[0m
2022-12-27T11:34:04.7617000Z [36;1mpython -m pip install cibuildwheel==2.11.3[0m
2022-12-27T11:34:04.7617220Z [36;1mpython -m cibuildwheel --output-dir ../wheelsout[0m
2022-12-27T11:34:04.7631850Z shell: /bin/bash -e {0}
2022-12-27T11:34:04.7632000Z env:
2022-12-27T11:34:04.7632200Z   pythonLocation: /Users/runner/hostedtoolcache/Python/3.10.9/x64
2022-12-27T11:34:04.7632460Z   PKG_CONFIG_PATH: /Users/runner/hostedtoolcache/Python/3.10.9/x64/lib/pkgconfig
2022-12-27T11:34:04.7632790Z   Python_ROOT_DIR: /Users/runner/hostedtoolcache/Python/3.10.9/x64
2022-12-27T11:34:04.7633000Z   Python2_ROOT_DIR: /Users/runner/hostedtoolcache/Python/3.10.9/x64
2022-12-27T11:34:04.7633230Z   Python3_ROOT_DIR: /Users/runner/hostedtoolcache/Python/3.10.9/x64
2022-12-27T11:34:04.7633440Z   CIBW_ARCHS_MACOS: arm64
2022-12-27T11:34:04.7633620Z   CIBW_TEST_SKIP: *_arm64
2022-12-27T11:34:04.7633810Z   CIBW_BUILD: cp310-macosx_arm64
2022-12-27T11:34:04.7634000Z   CIBW_BUILD_FRONTEND: pip
2022-12-27T11:34:04.7634190Z   CIBW_BUILD_VERBOSITY: 3
2022-12-27T11:34:04.7634470Z   CIBW_ENVIRONMENT_MACOS:  CFLAGS="-I/usr/local/opt/openssl@3/include" LDFLAGS="-L/usr/local/opt/openssl@3/lib" CPPFLAGS="-I/usr/local/opt/openssl@3/include" MAKEFLAGS="-j$(sysctl -n hw.logicalcpu)" PATH=/usr/local/opt/ccache/libexec:$PATH
2022-12-27T11:34:04.7634850Z   CIBW_BEFORE_BUILD: pip install Cython; if [[ -f requirements.txt ]]; then pip install -r requirements.txt; fi
2022-12-27T11:34:04.7635150Z   MAKEFLAGS: -j$(sysctl -n hw.logicalcpu)
2022-12-27T11:34:04.7635360Z ##[endgroup]
2022-12-27T11:34:05.2474400Z Requirement already satisfied: cibuildwheel==2.11.3 in /Users/runner/hostedtoolcache/Python/3.10.9/x64/lib/python3.10/site-packages (2.11.3)
2022-12-27T11:34:05.2718400Z Requirement already satisfied: certifi in /Users/runner/hostedtoolcache/Python/3.10.9/x64/lib/python3.10/site-packages (from cibuildwheel==2.11.3) (2022.12.7)
2022-12-27T11:34:05.2723200Z Requirement already satisfied: bashlex!=0.13 in /Users/runner/hostedtoolcache/Python/3.10.9/x64/lib/python3.10/site-packages (from cibuildwheel==2.11.3) (0.16)
2022-12-27T11:34:05.2730630Z Requirement already satisfied: tomli in /Users/runner/hostedtoolcache/Python/3.10.9/x64/lib/python3.10/site-packages (from cibuildwheel==2.11.3) (2.0.1)
2022-12-27T11:34:05.2733570Z Requirement already satisfied: bracex in /Users/runner/hostedtoolcache/Python/3.10.9/x64/lib/python3.10/site-packages (from cibuildwheel==2.11.3) (2.3.post1)
2022-12-27T11:34:05.2736960Z Requirement already satisfied: filelock in /Users/runner/hostedtoolcache/Python/3.10.9/x64/lib/python3.10/site-packages (from cibuildwheel==2.11.3) (3.8.2)
2022-12-27T11:34:05.2740240Z Requirement already satisfied: platformdirs in /Users/runner/hostedtoolcache/Python/3.10.9/x64/lib/python3.10/site-packages (from cibuildwheel==2.11.3) (2.6.0)
2022-12-27T11:34:05.2748340Z Requirement already satisfied: typing-extensions>=4.1.0 in /Users/runner/hostedtoolcache/Python/3.10.9/x64/lib/python3.10/site-packages (from cibuildwheel==2.11.3) (4.4.0)
2022-12-27T11:34:05.2753220Z Requirement already satisfied: packaging>=20.9 in /Users/runner/hostedtoolcache/Python/3.10.9/x64/lib/python3.10/site-packages (from cibuildwheel==2.11.3) (22.0)
2022-12-27T11:34:05.4657140Z 
2022-12-27T11:34:05.4657700Z      _ _       _ _   _       _           _
2022-12-27T11:34:05.4658560Z  ___|_| |_ _ _|_| |_| |_ _ _| |_ ___ ___| |
2022-12-27T11:34:05.4659510Z |  _| | . | | | | | . | | | |   | -_| -_| |
2022-12-27T11:34:05.4660620Z |___|_|___|___|_|_|___|_____|_|_|___|___|_|
2022-12-27T11:34:05.4660830Z 
2022-12-27T11:34:05.4660960Z cibuildwheel version 2.11.3
2022-12-27T11:34:05.4661130Z 
2022-12-27T11:34:05.4661280Z Build options:
2022-12-27T11:34:05.4661550Z   platform: macos
2022-12-27T11:34:05.4766340Z   architectures: arm64[0m
2022-12-27T11:34:05.4767030Z   build_selector: 
2022-12-27T11:34:05.4767960Z     build_config: cp310-macosx_arm64
2022-12-27T11:34:05.4768420Z     skip_config: 
2022-12-27T11:34:05.4769140Z     requires_python: None
2022-12-27T11:34:05.4769790Z     prerelease_pythons: False[0m
2022-12-27T11:34:05.4770190Z   [38;5;244mcontainer_engine: docker[0m
2022-12-27T11:34:05.4770760Z   output_dir: /Users/runner/actions-runner/_work/python.build/python.build/build_lxml231310/wheelsout[0m
2022-12-27T11:34:05.4771430Z   package_dir: /Users/runner/actions-runner/_work/python.build/python.build/build_lxml231310/lxml-2.3.1[0m
2022-12-27T11:34:05.4771950Z   test_selector: 
2022-12-27T11:34:05.4772290Z     skip_config: *_arm64[0m
2022-12-27T11:34:05.4772660Z   [38;5;244mbefore_all: [0m
2022-12-27T11:34:05.4773210Z   before_build: pip install Cython; if [[ -f requirements.txt ]]; then pip install -r requirements.txt; fi[0m
2022-12-27T11:34:05.4773700Z   [38;5;244mbefore_test: [0m
2022-12-27T11:34:05.4773980Z   [38;5;244mbuild_frontend: pip[0m
2022-12-27T11:34:05.4774280Z   build_verbosity: 3[0m
2022-12-27T11:34:05.4774600Z   [38;5;244mconfig_settings: [0m
2022-12-27T11:34:05.4774900Z   [38;5;244mdependency_constraints: pinned[0m
2022-12-27T11:34:05.4775250Z   environment: 
2022-12-27T11:34:05.4775580Z     CFLAGS="-I/usr/local/opt/openssl@3/include"
2022-12-27T11:34:05.4775940Z     LDFLAGS="-L/usr/local/opt/openssl@3/lib"
2022-12-27T11:34:05.4776300Z     CPPFLAGS="-I/usr/local/opt/openssl@3/include"
2022-12-27T11:34:05.4776660Z     MAKEFLAGS="-j$(sysctl -n hw.logicalcpu)"
2022-12-27T11:34:05.4777080Z     PATH=/usr/local/opt/ccache/libexec:$PATH[0m
2022-12-27T11:34:05.4777410Z   [38;5;244mmanylinux_images: None[0m
2022-12-27T11:34:05.4777730Z   [38;5;244mmusllinux_images: None[0m
2022-12-27T11:34:05.4778140Z   [38;5;244mrepair_command: delocate-wheel --require-archs {delocate_archs} -w {dest_dir} -v {wheel}[0m
2022-12-27T11:34:05.4778810Z   [38;5;244mtest_command: [0m
2022-12-27T11:34:05.4779190Z   [38;5;244mtest_extras: [0m
2022-12-27T11:34:05.4779490Z   [38;5;244mtest_requires: [0m
2022-12-27T11:34:05.4779600Z 
2022-12-27T11:34:05.4779740Z Cache folder: /Users/runner/Library/Caches/cibuildwheel
2022-12-27T11:34:05.4784720Z 
2022-12-27T11:34:05.4784960Z Here we go!
2022-12-27T11:34:05.4785260Z 
2022-12-27T11:34:05.4839150Z 
2022-12-27T11:34:05.4839820Z [1m[34mBuilding cp310-macosx_arm64 wheel[0m
2022-12-27T11:34:05.4840340Z CPython 3.10 macOS arm64 - Apple Silicon
2022-12-27T11:34:05.4840560Z 
2022-12-27T11:34:05.4842750Z ##[group]Installing Python cp310...
2022-12-27T11:34:05.4843080Z 
2022-12-27T11:34:05.4843370Z + pkgutil --pkgs
2022-12-27T11:34:05.4949390Z ##[endgroup]
2022-12-27T11:34:05.4950560Z                                                               [32mâœ“ [0m0.01s
2022-12-27T11:34:05.4951170Z ##[group]Setting up build environment...
2022-12-27T11:34:05.4951360Z 
2022-12-27T11:34:05.4971040Z + /Users/runner/hostedtoolcache/Python/3.10.9/x64/bin/python -sS /Users/runner/Library/Caches/cibuildwheel/virtualenv-20.17.0.pyz --activators= --no-periodic-update --pip=22.3.1 --setuptools=65.6.3 --wheel=0.38.4 --symlink-app-data --python /Library/Frameworks/Python.framework/Versions/3.10/bin/python3 /private/var/folders/51/hd414ycd67n82196sw51xqtc0000gn/T/cibw-run-q_3_4_r6/cp310-macosx_arm64/build/venv
2022-12-27T11:34:05.6901110Z created virtual environment CPython3.10.8.final.0-64 in 55ms
2022-12-27T11:34:05.6901980Z   creator CPython3Posix(dest=/private/var/folders/51/hd414ycd67n82196sw51xqtc0000gn/T/cibw-run-q_3_4_r6/cp310-macosx_arm64/build/venv, clear=False, no_vcs_ignore=False, global=False)
2022-12-27T11:34:05.6903000Z   seeder FromAppData(download=False, pip=22.3.1, setuptools=65.6.3, wheel=0.38.4, via=symlink, app_data_dir=/Users/runner/Library/Application Support/virtualenv)
2022-12-27T11:34:05.6903500Z     added seed packages: pip==22.3.1, setuptools==65.6.3, wheel==0.38.4
2022-12-27T11:34:05.7029450Z + python -m pip install --upgrade pip -c /Users/runner/hostedtoolcache/Python/3.10.9/x64/lib/python3.10/site-packages/cibuildwheel/resources/constraints-python310.txt
2022-12-27T11:34:05.9786750Z Requirement already satisfied: pip in ./lib/python3.10/site-packages (22.3.1)
2022-12-27T11:34:06.1093890Z + which pip
2022-12-27T11:34:06.1115110Z /private/var/folders/51/hd414ycd67n82196sw51xqtc0000gn/T/cibw-run-q_3_4_r6/cp310-macosx_arm64/build/venv/bin/pip
2022-12-27T11:34:06.1119020Z + pip --version
2022-12-27T11:34:06.3133480Z pip 22.3.1 from /private/var/folders/51/hd414ycd67n82196sw51xqtc0000gn/T/cibw-run-q_3_4_r6/cp310-macosx_arm64/build/venv/lib/python3.10/site-packages/pip (python 3.10)
2022-12-27T11:34:06.3345500Z + which pip
2022-12-27T11:34:06.3374390Z + which python
2022-12-27T11:34:06.3392970Z /private/var/folders/51/hd414ycd67n82196sw51xqtc0000gn/T/cibw-run-q_3_4_r6/cp310-macosx_arm64/build/venv/bin/python
2022-12-27T11:34:06.3395540Z + python --version
2022-12-27T11:34:06.3444460Z Python 3.10.8
2022-12-27T11:34:06.3449050Z + which python
2022-12-27T11:34:06.3502760Z ##[endgroup]
2022-12-27T11:34:06.3503580Z                                                               [32mâœ“ [0m0.86s
2022-12-27T11:34:06.3504300Z ##[group]Installing build tools...
2022-12-27T11:34:06.3504560Z 
2022-12-27T11:34:06.3505080Z + pip install --upgrade setuptools wheel delocate -c /Users/runner/hostedtoolcache/Python/3.10.9/x64/lib/python3.10/site-packages/cibuildwheel/resources/constraints-python310.txt
2022-12-27T11:34:06.6285350Z Requirement already satisfied: setuptools in /private/var/folders/51/hd414ycd67n82196sw51xqtc0000gn/T/cibw-run-q_3_4_r6/cp310-macosx_arm64/build/venv/lib/python3.10/site-packages (65.6.3)
2022-12-27T11:34:06.8161210Z Requirement already satisfied: wheel in /private/var/folders/51/hd414ycd67n82196sw51xqtc0000gn/T/cibw-run-q_3_4_r6/cp310-macosx_arm64/build/venv/lib/python3.10/site-packages (0.38.4)
2022-12-27T11:34:06.8574420Z Collecting delocate
2022-12-27T11:34:06.8597230Z   Using cached delocate-0.10.3-py3-none-any.whl (142 kB)
2022-12-27T11:34:06.8798360Z Collecting typing-extensions
2022-12-27T11:34:06.8816390Z   Using cached typing_extensions-4.4.0-py3-none-any.whl (26 kB)
2022-12-27T11:34:06.9033120Z Collecting packaging>=20.9
2022-12-27T11:34:06.9051260Z   Using cached packaging-21.3-py3-none-any.whl (40 kB)
2022-12-27T11:34:06.9385930Z Collecting pyparsing!=3.0.5,>=2.0.2
2022-12-27T11:34:06.9402850Z   Using cached pyparsing-3.0.9-py3-none-any.whl (98 kB)
2022-12-27T11:34:06.9714130Z Installing collected packages: typing-extensions, pyparsing, packaging, delocate
2022-12-27T11:34:07.0947580Z Successfully installed delocate-0.10.3 packaging-21.3 pyparsing-3.0.9 typing-extensions-4.4.0
2022-12-27T11:34:07.1397290Z ##[endgroup]
2022-12-27T11:34:07.1397830Z                                                               [32mâœ“ [0m0.79s
2022-12-27T11:34:07.1398430Z ##[group]Running before_build...
2022-12-27T11:34:07.1398590Z 
2022-12-27T11:34:07.1404540Z + pip install Cython; if [[ -f requirements.txt ]]; then pip install -r requirements.txt; fi
2022-12-27T11:34:07.7364230Z Collecting Cython
2022-12-27T11:34:07.7408540Z   Using cached Cython-0.29.32-py2.py3-none-any.whl (986 kB)
2022-12-27T11:34:07.7843500Z Installing collected packages: Cython
2022-12-27T11:34:08.1692790Z Successfully installed Cython-0.29.32
2022-12-27T11:34:08.2142640Z ##[endgroup]
2022-12-27T11:34:08.2144370Z                                                               [32mâœ“ [0m1.07s
2022-12-27T11:34:08.2144790Z ##[group]Building wheel...
2022-12-27T11:34:08.2144920Z 
2022-12-27T11:34:08.2148750Z + python -m pip wheel /Users/runner/actions-runner/_work/python.build/python.build/build_lxml231310/lxml-2.3.1 --wheel-dir=/private/var/folders/51/hd414ycd67n82196sw51xqtc0000gn/T/cibw-run-q_3_4_r6/cp310-macosx_arm64/built_wheel --no-deps -vvv
2022-12-27T11:34:08.4646070Z Created temporary directory: /private/var/folders/51/hd414ycd67n82196sw51xqtc0000gn/T/pip-ephem-wheel-cache-1jcae9ij
2022-12-27T11:34:08.4649990Z Created temporary directory: /private/var/folders/51/hd414ycd67n82196sw51xqtc0000gn/T/pip-build-tracker-um7nnvm2
2022-12-27T11:34:08.4651200Z Initialized build tracking at /private/var/folders/51/hd414ycd67n82196sw51xqtc0000gn/T/pip-build-tracker-um7nnvm2
2022-12-27T11:34:08.4653040Z Created build tracker: /private/var/folders/51/hd414ycd67n82196sw51xqtc0000gn/T/pip-build-tracker-um7nnvm2
2022-12-27T11:34:08.4654440Z Entered build tracker: /private/var/folders/51/hd414ycd67n82196sw51xqtc0000gn/T/pip-build-tracker-um7nnvm2
2022-12-27T11:34:08.4657500Z Created temporary directory: /private/var/folders/51/hd414ycd67n82196sw51xqtc0000gn/T/pip-wheel-mwqkgwzr
2022-12-27T11:34:08.4663280Z Created temporary directory: /private/var/folders/51/hd414ycd67n82196sw51xqtc0000gn/T/pip-ephem-wheel-cache-9nslojau
2022-12-27T11:34:08.4810170Z Processing /Users/runner/actions-runner/_work/python.build/python.build/build_lxml231310/lxml-2.3.1
2022-12-27T11:34:08.4815080Z   Added file:///Users/runner/actions-runner/_work/python.build/python.build/build_lxml231310/lxml-2.3.1 to build tracker '/private/var/folders/51/hd414ycd67n82196sw51xqtc0000gn/T/pip-build-tracker-um7nnvm2'
2022-12-27T11:34:08.4818700Z   Running setup.py (path:/Users/runner/actions-runner/_work/python.build/python.build/build_lxml231310/lxml-2.3.1/setup.py) egg_info for package from file:///Users/runner/actions-runner/_work/python.build/python.build/build_lxml231310/lxml-2.3.1
2022-12-27T11:34:08.4821830Z   Created temporary directory: /private/var/folders/51/hd414ycd67n82196sw51xqtc0000gn/T/pip-pip-egg-info-sbpz52jg
2022-12-27T11:34:08.4822770Z   Preparing metadata (setup.py): started
2022-12-27T11:34:08.4824620Z   Running command python setup.py egg_info
2022-12-27T11:34:08.8350540Z   Building lxml version 2.3.1.
2022-12-27T11:34:08.8351660Z   Building with Cython 0.29.32.
2022-12-27T11:34:08.8352880Z   Using build configuration of libxslt 1.1.29
2022-12-27T11:34:08.8354800Z   Building against libxml2/libxslt in the following directory: /Library/Developer/CommandLineTools/SDKs/MacOSX12.1.sdk/usr/lib
2022-12-27T11:34:08.8356040Z   running egg_info
2022-12-27T11:34:08.8357950Z   creating /private/var/folders/51/hd414ycd67n82196sw51xqtc0000gn/T/pip-pip-egg-info-sbpz52jg/lxml.egg-info
2022-12-27T11:34:08.8359130Z   writing /private/var/folders/51/hd414ycd67n82196sw51xqtc0000gn/T/pip-pip-egg-info-sbpz52jg/lxml.egg-info/PKG-INFO
2022-12-27T11:34:08.8363090Z   writing dependency_links to /private/var/folders/51/hd414ycd67n82196sw51xqtc0000gn/T/pip-pip-egg-info-sbpz52jg/lxml.egg-info/dependency_links.txt
2022-12-27T11:34:08.8366380Z   writing top-level names to /private/var/folders/51/hd414ycd67n82196sw51xqtc0000gn/T/pip-pip-egg-info-sbpz52jg/lxml.egg-info/top_level.txt
2022-12-27T11:34:08.8368240Z   writing manifest file '/private/var/folders/51/hd414ycd67n82196sw51xqtc0000gn/T/pip-pip-egg-info-sbpz52jg/lxml.egg-info/SOURCES.txt'
2022-12-27T11:34:08.8425810Z   reading manifest file '/private/var/folders/51/hd414ycd67n82196sw51xqtc0000gn/T/pip-pip-egg-info-sbpz52jg/lxml.egg-info/SOURCES.txt'
2022-12-27T11:34:08.8427840Z   reading manifest template 'MANIFEST.in'
2022-12-27T11:34:08.9327180Z   adding license file 'LICENSES.txt'
2022-12-27T11:34:08.9386480Z   writing manifest file '/private/var/folders/51/hd414ycd67n82196sw51xqtc0000gn/T/pip-pip-egg-info-sbpz52jg/lxml.egg-info/SOURCES.txt'
2022-12-27T11:34:08.9651140Z   Preparing metadata (setup.py): finished with status 'done'
2022-12-27T11:34:08.9672760Z   Source in /Users/runner/actions-runner/_work/python.build/python.build/build_lxml231310/lxml-2.3.1 has version 2.3.1, which satisfies requirement lxml==2.3.1 from file:///Users/runner/actions-runner/_work/python.build/python.build/build_lxml231310/lxml-2.3.1
2022-12-27T11:34:08.9677290Z   Removed lxml==2.3.1 from file:///Users/runner/actions-runner/_work/python.build/python.build/build_lxml231310/lxml-2.3.1 from build tracker '/private/var/folders/51/hd414ycd67n82196sw51xqtc0000gn/T/pip-build-tracker-um7nnvm2'
2022-12-27T11:34:08.9692420Z Created temporary directory: /private/var/folders/51/hd414ycd67n82196sw51xqtc0000gn/T/pip-unpack-94yz5p5r
2022-12-27T11:34:08.9694870Z Building wheels for collected packages: lxml
2022-12-27T11:34:08.9700050Z   Created temporary directory: /private/var/folders/51/hd414ycd67n82196sw51xqtc0000gn/T/pip-wheel-hkiu1m0k
2022-12-27T11:34:08.9701250Z   Building wheel for lxml (setup.py): started
2022-12-27T11:34:08.9703340Z   Destination directory: /private/var/folders/51/hd414ycd67n82196sw51xqtc0000gn/T/pip-wheel-hkiu1m0k
2022-12-27T11:34:08.9704310Z   Running command python setup.py bdist_wheel
2022-12-27T11:34:09.1932320Z   Building lxml version 2.3.1.
2022-12-27T11:34:09.1933300Z   Building with Cython 0.29.32.
2022-12-27T11:34:09.2067350Z   Using build configuration of libxslt 1.1.29
2022-12-27T11:34:09.3035870Z   Building against libxml2/libxslt in the following directory: /Library/Developer/CommandLineTools/SDKs/MacOSX12.1.sdk/usr/lib
2022-12-27T11:34:09.3253090Z   running bdist_wheel
2022-12-27T11:34:09.3297170Z   running build
2022-12-27T11:34:09.3299440Z   running build_py
2022-12-27T11:34:09.3317520Z   creating build
2022-12-27T11:34:09.3320040Z   creating build/lib.macosx-11.0-arm64-cpython-310
2022-12-27T11:34:09.3322080Z   creating build/lib.macosx-11.0-arm64-cpython-310/lxml
2022-12-27T11:34:09.3324550Z   copying src/lxml/_elementpath.py -> build/lib.macosx-11.0-arm64-cpython-310/lxml
2022-12-27T11:34:09.3325920Z   copying src/lxml/sax.py -> build/lib.macosx-11.0-arm64-cpython-310/lxml
2022-12-27T11:34:09.3327780Z   copying src/lxml/pyclasslookup.py -> build/lib.macosx-11.0-arm64-cpython-310/lxml
2022-12-27T11:34:09.3329670Z   copying src/lxml/__init__.py -> build/lib.macosx-11.0-arm64-cpython-310/lxml
2022-12-27T11:34:09.3332270Z   copying src/lxml/builder.py -> build/lib.macosx-11.0-arm64-cpython-310/lxml
2022-12-27T11:34:09.3335090Z   copying src/lxml/doctestcompare.py -> build/lib.macosx-11.0-arm64-cpython-310/lxml
2022-12-27T11:34:09.3336760Z   copying src/lxml/usedoctest.py -> build/lib.macosx-11.0-arm64-cpython-310/lxml
2022-12-27T11:34:09.3339230Z   copying src/lxml/cssselect.py -> build/lib.macosx-11.0-arm64-cpython-310/lxml
2022-12-27T11:34:09.3342190Z   copying src/lxml/ElementInclude.py -> build/lib.macosx-11.0-arm64-cpython-310/lxml
2022-12-27T11:34:09.3350320Z   creating build/lib.macosx-11.0-arm64-cpython-310/lxml/html
2022-12-27T11:34:09.3351680Z   copying src/lxml/html/soupparser.py -> build/lib.macosx-11.0-arm64-cpython-310/lxml/html
2022-12-27T11:34:09.3353420Z   copying src/lxml/html/defs.py -> build/lib.macosx-11.0-arm64-cpython-310/lxml/html
2022-12-27T11:34:09.3358240Z   copying src/lxml/html/_setmixin.py -> build/lib.macosx-11.0-arm64-cpython-310/lxml/html
2022-12-27T11:34:09.3360170Z   copying src/lxml/html/clean.py -> build/lib.macosx-11.0-arm64-cpython-310/lxml/html
2022-12-27T11:34:09.3361940Z   copying src/lxml/html/_diffcommand.py -> build/lib.macosx-11.0-arm64-cpython-310/lxml/html
2022-12-27T11:34:09.3364710Z   copying src/lxml/html/html5parser.py -> build/lib.macosx-11.0-arm64-cpython-310/lxml/html
2022-12-27T11:34:09.3366220Z   copying src/lxml/html/__init__.py -> build/lib.macosx-11.0-arm64-cpython-310/lxml/html
2022-12-27T11:34:09.3369730Z   copying src/lxml/html/formfill.py -> build/lib.macosx-11.0-arm64-cpython-310/lxml/html
2022-12-27T11:34:09.3372270Z   copying src/lxml/html/builder.py -> build/lib.macosx-11.0-arm64-cpython-310/lxml/html
2022-12-27T11:34:09.3375050Z   copying src/lxml/html/ElementSoup.py -> build/lib.macosx-11.0-arm64-cpython-310/lxml/html
2022-12-27T11:34:09.3377130Z   copying src/lxml/html/_html5builder.py -> build/lib.macosx-11.0-arm64-cpython-310/lxml/html
2022-12-27T11:34:09.3379630Z   copying src/lxml/html/usedoctest.py -> build/lib.macosx-11.0-arm64-cpython-310/lxml/html
2022-12-27T11:34:09.3382280Z   copying src/lxml/html/diff.py -> build/lib.macosx-11.0-arm64-cpython-310/lxml/html
2022-12-27T11:34:09.3386080Z   copying src/lxml/html/_dictmixin.py -> build/lib.macosx-11.0-arm64-cpython-310/lxml/html
2022-12-27T11:34:09.3389060Z   creating build/lib.macosx-11.0-arm64-cpython-310/lxml/isoschematron
2022-12-27T11:34:09.3390610Z   copying src/lxml/isoschematron/__init__.py -> build/lib.macosx-11.0-arm64-cpython-310/lxml/isoschematron
2022-12-27T11:34:09.3402710Z   copying src/lxml/etreepublic.pxd -> build/lib.macosx-11.0-arm64-cpython-310/lxml
2022-12-27T11:34:09.3407410Z   copying src/lxml/tree.pxd -> build/lib.macosx-11.0-arm64-cpython-310/lxml
2022-12-27T11:34:09.3409770Z   copying src/lxml/etree_defs.h -> build/lib.macosx-11.0-arm64-cpython-310/lxml
2022-12-27T11:34:09.3413390Z   creating build/lib.macosx-11.0-arm64-cpython-310/lxml/isoschematron/resources
2022-12-27T11:34:09.3414600Z   creating build/lib.macosx-11.0-arm64-cpython-310/lxml/isoschematron/resources/rng
2022-12-27T11:34:09.3416580Z   copying src/lxml/isoschematron/resources/rng/iso-schematron.rng -> build/lib.macosx-11.0-arm64-cpython-310/lxml/isoschematron/resources/rng
2022-12-27T11:34:09.3419500Z   creating build/lib.macosx-11.0-arm64-cpython-310/lxml/isoschematron/resources/xsl
2022-12-27T11:34:09.3422450Z   copying src/lxml/isoschematron/resources/xsl/XSD2Schtrn.xsl -> build/lib.macosx-11.0-arm64-cpython-310/lxml/isoschematron/resources/xsl
2022-12-27T11:34:09.3426510Z   copying src/lxml/isoschematron/resources/xsl/RNG2Schtrn.xsl -> build/lib.macosx-11.0-arm64-cpython-310/lxml/isoschematron/resources/xsl
2022-12-27T11:34:09.3429750Z   creating build/lib.macosx-11.0-arm64-cpython-310/lxml/isoschematron/resources/xsl/iso-schematron-xslt1
2022-12-27T11:34:09.3432280Z   copying src/lxml/isoschematron/resources/xsl/iso-schematron-xslt1/iso_abstract_expand.xsl -> build/lib.macosx-11.0-arm64-cpython-310/lxml/isoschematron/resources/xsl/iso-schematron-xslt1
2022-12-27T11:34:09.3434560Z   copying src/lxml/isoschematron/resources/xsl/iso-schematron-xslt1/iso_dsdl_include.xsl -> build/lib.macosx-11.0-arm64-cpython-310/lxml/isoschematron/resources/xsl/iso-schematron-xslt1
2022-12-27T11:34:09.3438050Z   copying src/lxml/isoschematron/resources/xsl/iso-schematron-xslt1/iso_schematron_skeleton_for_xslt1.xsl -> build/lib.macosx-11.0-arm64-cpython-310/lxml/isoschematron/resources/xsl/iso-schematron-xslt1
2022-12-27T11:34:09.3441660Z   copying src/lxml/isoschematron/resources/xsl/iso-schematron-xslt1/iso_svrl_for_xslt1.xsl -> build/lib.macosx-11.0-arm64-cpython-310/lxml/isoschematron/resources/xsl/iso-schematron-xslt1
2022-12-27T11:34:09.3444710Z   copying src/lxml/isoschematron/resources/xsl/iso-schematron-xslt1/iso_schematron_message.xsl -> build/lib.macosx-11.0-arm64-cpython-310/lxml/isoschematron/resources/xsl/iso-schematron-xslt1
2022-12-27T11:34:09.3448030Z   copying src/lxml/isoschematron/resources/xsl/iso-schematron-xslt1/readme.txt -> build/lib.macosx-11.0-arm64-cpython-310/lxml/isoschematron/resources/xsl/iso-schematron-xslt1
2022-12-27T11:34:09.3458660Z   running build_ext
2022-12-27T11:34:09.3574530Z   skipping 'src/lxml/lxml.etree.c' Cython extension (up-to-date)
2022-12-27T11:34:09.3576830Z   skipping 'src/lxml/lxml.objectify.c' Cython extension (up-to-date)
2022-12-27T11:34:09.3579170Z   building 'lxml.etree' extension
2022-12-27T11:34:09.3581490Z   creating build/temp.macosx-11.0-arm64-cpython-310
2022-12-27T11:34:09.3583530Z   creating build/temp.macosx-11.0-arm64-cpython-310/src
2022-12-27T11:34:09.3585270Z   creating build/temp.macosx-11.0-arm64-cpython-310/src/lxml
2022-12-27T11:34:09.3588410Z   clang -Wno-unused-result -Wsign-compare -Wunreachable-code -fno-common -dynamic -DNDEBUG -g -fwrapv -O3 -Wall -g -I/usr/local/opt/openssl@3/include -I/usr/local/opt/openssl@3/include -arch arm64 -I/Library/Developer/CommandLineTools/SDKs/MacOSX12.1.sdk/usr/include -I/private/var/folders/51/hd414ycd67n82196sw51xqtc0000gn/T/cibw-run-q_3_4_r6/cp310-macosx_arm64/build/venv/include -I/Library/Frameworks/Python.framework/Versions/3.10/include/python3.10 -c src/lxml/lxml.etree.c -o build/temp.macosx-11.0-arm64-cpython-310/src/lxml/lxml.etree.o -w -flat_namespace
2022-12-27T11:34:09.8566660Z   src/lxml/lxml.etree.c:136877:5: error: expression is not assignable
2022-12-27T11:34:09.8567830Z       ++Py_REFCNT(o);
2022-12-27T11:34:09.8570200Z       ^ ~~~~~~~~~~~~
2022-12-27T11:34:09.8573140Z   src/lxml/lxml.etree.c:136880:5: error: expression is not assignable
2022-12-27T11:34:09.8574340Z       --Py_REFCNT(o);
2022-12-27T11:34:09.8576140Z       ^ ~~~~~~~~~~~~
2022-12-27T11:34:09.8578270Z   src/lxml/lxml.etree.c:137085:5: error: expression is not assignable
2022-12-27T11:34:09.8579560Z       ++Py_REFCNT(o);
2022-12-27T11:34:09.8581130Z       ^ ~~~~~~~~~~~~
2022-12-27T11:34:09.8582920Z   src/lxml/lxml.etree.c:137088:5: error: expression is not assignable
2022-12-27T11:34:09.8584530Z       --Py_REFCNT(o);
2022-12-27T11:34:09.8586090Z       ^ ~~~~~~~~~~~~
2022-12-27T11:34:09.8804460Z   src/lxml/lxml.etree.c:148270:5: error: expression is not assignable
2022-12-27T11:34:09.8806800Z       ++Py_REFCNT(o);
2022-12-27T11:34:09.8809100Z       ^ ~~~~~~~~~~~~
2022-12-27T11:34:09.8810950Z   src/lxml/lxml.etree.c:148273:5: error: expression is not assignable
2022-12-27T11:34:09.8812590Z       --Py_REFCNT(o);
2022-12-27T11:34:09.8814000Z       ^ ~~~~~~~~~~~~
2022-12-27T11:34:09.8817010Z   src/lxml/lxml.etree.c:148874:5: error: expression is not assignable
2022-12-27T11:34:09.8883200Z       ++Py_REFCNT(o);
2022-12-27T11:34:09.8883830Z       ^ ~~~~~~~~~~~~
2022-12-27T11:34:09.8884210Z   src/lxml/lxml.etree.c:148877:5: error: expression is not assignable
2022-12-27T11:34:09.8884910Z       --Py_REFCNT(o);
2022-12-27T11:34:09.8885120Z       ^ ~~~~~~~~~~~~
2022-12-27T11:34:09.8885550Z   src/lxml/lxml.etree.c:149287:5: error: expression is not assignable
2022-12-27T11:34:09.8885850Z       ++Py_REFCNT(o);
2022-12-27T11:34:09.8886060Z       ^ ~~~~~~~~~~~~
2022-12-27T11:34:09.8886330Z   src/lxml/lxml.etree.c:149290:5: error: expression is not assignable
2022-12-27T11:34:09.8886670Z       --Py_REFCNT(o);
2022-12-27T11:34:09.8886910Z       ^ ~~~~~~~~~~~~
2022-12-27T11:34:09.8887190Z   src/lxml/lxml.etree.c:149474:5: error: expression is not assignable
2022-12-27T11:34:09.8887530Z       ++Py_REFCNT(o);
2022-12-27T11:34:09.8887770Z       ^ ~~~~~~~~~~~~
2022-12-27T11:34:09.8888040Z   src/lxml/lxml.etree.c:149477:5: error: expression is not assignable
2022-12-27T11:34:09.8888900Z       --Py_REFCNT(o);
2022-12-27T11:34:09.8889230Z       ^ ~~~~~~~~~~~~
2022-12-27T11:34:09.8929680Z   src/lxml/lxml.etree.c:153537:5: error: expression is not assignable
2022-12-27T11:34:09.8931700Z       ++Py_REFCNT(o);
2022-12-27T11:34:09.8933150Z       ^ ~~~~~~~~~~~~
2022-12-27T11:34:09.8934850Z   src/lxml/lxml.etree.c:153540:5: error: expression is not assignable
2022-12-27T11:34:09.8935930Z       --Py_REFCNT(o);
2022-12-27T11:34:09.8937310Z       ^ ~~~~~~~~~~~~
2022-12-27T11:34:09.8941900Z   src/lxml/lxml.etree.c:154124:5: error: expression is not assignable
2022-12-27T11:34:09.8943070Z       ++Py_REFCNT(o);
2022-12-27T11:34:09.8944370Z       ^ ~~~~~~~~~~~~
2022-12-27T11:34:09.8945740Z   src/lxml/lxml.etree.c:154127:5: error: expression is not assignable
2022-12-27T11:34:09.8946890Z       --Py_REFCNT(o);
2022-12-27T11:34:09.8948050Z       ^ ~~~~~~~~~~~~
2022-12-27T11:34:09.8953070Z   src/lxml/lxml.etree.c:154701:5: error: expression is not assignable
2022-12-27T11:34:09.8954350Z       ++Py_REFCNT(o);
2022-12-27T11:34:09.8955620Z       ^ ~~~~~~~~~~~~
2022-12-27T11:34:09.8956950Z   src/lxml/lxml.etree.c:154704:5: error: expression is not assignable
2022-12-27T11:34:09.8958140Z       --Py_REFCNT(o);
2022-12-27T11:34:09.8959300Z       ^ ~~~~~~~~~~~~
2022-12-27T11:34:09.8966710Z   src/lxml/lxml.etree.c:155299:5: error: expression is not assignable
2022-12-27T11:34:09.8967950Z       ++Py_REFCNT(o);
2022-12-27T11:34:09.8969230Z       ^ ~~~~~~~~~~~~
2022-12-27T11:34:09.8970540Z   fatal error: too many errors emitted, stopping now [-ferror-limit=]
2022-12-27T11:34:09.9518710Z   20 errors generated.
2022-12-27T11:34:09.9561930Z   error: command '/usr/bin/clang' failed with exit code 1
2022-12-27T11:34:09.9907810Z   error: subprocess-exited-with-error
2022-12-27T11:34:09.9908720Z   
2022-12-27T11:34:09.9909330Z   Ã— python setup.py bdist_wheel did not run successfully.
2022-12-27T11:34:09.9909680Z   â”‚ exit code: 1
2022-12-27T11:34:09.9910020Z   â•°â”€> See above for output.
2022-12-27T11:34:09.9910520Z   
2022-12-27T11:34:09.9910860Z   note: This error originates from a subprocess, and is likely not a problem with pip.
2022-12-27T11:34:09.9915720Z   full command: /private/var/folders/51/hd414ycd67n82196sw51xqtc0000gn/T/cibw-run-q_3_4_r6/cp310-macosx_arm64/build/venv/bin/python -u -c '
2022-12-27T11:34:09.9917490Z   exec(compile('"'"''"'"''"'"'
2022-12-27T11:34:09.9918170Z   # This is <pip-setuptools-caller> -- a caller that pip uses to run setup.py
2022-12-27T11:34:09.9918400Z   #
2022-12-27T11:34:09.9918650Z   # - It imports setuptools before invoking setup.py, to enable projects that directly
2022-12-27T11:34:09.9918940Z   #   import from `distutils.core` to work with newer packaging standards.
2022-12-27T11:34:09.9919340Z   # - It provides a clear error message when setuptools is not installed.
2022-12-27T11:34:09.9919610Z   # - It sets `sys.argv[0]` to the underlying `setup.py`, when invoking `setup.py` so
2022-12-27T11:34:09.9919960Z   #   setuptools doesn'"'"'t think the script is `-c`. This avoids the following warning:
2022-12-27T11:34:09.9920280Z   #     manifest_maker: standard file '"'"'-c'"'"' not found".
2022-12-27T11:34:09.9920590Z   # - It generates a shim setup.py, for handling setup.cfg-only projects.
2022-12-27T11:34:09.9920810Z   import os, sys, tokenize
2022-12-27T11:34:09.9921020Z   
2022-12-27T11:34:09.9921200Z   try:
2022-12-27T11:34:09.9921320Z       import setuptools
2022-12-27T11:34:09.9921500Z   except ImportError as error:
2022-12-27T11:34:09.9921680Z       print(
2022-12-27T11:34:09.9921870Z           "ERROR: Can not execute `setup.py` since setuptools is not available in "
2022-12-27T11:34:09.9922150Z   Building wheel for lxml (setup.py): finished with status 'error'
2022-12-27T11:34:09.9924200Z   Running setup.py clean for lxml
2022-12-27T11:34:09.9925320Z           "the build environment.",
2022-12-27T11:34:09.9925630Z           file=sys.stderr,
2022-12-27T11:34:09.9925910Z       )
2022-12-27T11:34:09.9926210Z       sys.exit(1)
2022-12-27T11:34:09.9926770Z   
2022-12-27T11:34:09.9927060Z   __file__ = %r
2022-12-27T11:34:09.9927350Z   sys.argv[0] = __file__
2022-12-27T11:34:09.9927620Z   
2022-12-27T11:34:09.9927910Z   if os.path.exists(__file__):
2022-12-27T11:34:09.9928220Z       filename = __file__
2022-12-27T11:34:09.9928470Z       with tokenize.open(__file__) as f:
2022-12-27T11:34:09.9928720Z           setup_py_code = f.read()
2022-12-27T11:34:09.9928930Z   else:
2022-12-27T11:34:09.9929290Z       filename = "<auto-generated setuptools caller>"
2022-12-27T11:34:09.9929680Z       setup_py_code = "from setuptools import setup; setup()"
2022-12-27T11:34:09.9929930Z   
2022-12-27T11:34:09.9930140Z   exec(compile(setup_py_code, filename, "exec"))
2022-12-27T11:34:09.9930840Z   '"'"''"'"''"'"' % ('"'"'/Users/runner/actions-runner/_work/python.build/python.build/build_lxml231310/lxml-2.3.1/setup.py'"'"',), "<pip-setuptools-caller>", "exec"))' bdist_wheel -d /private/var/folders/51/hd414ycd67n82196sw51xqtc0000gn/T/pip-wheel-hkiu1m0k
2022-12-27T11:34:09.9931500Z   cwd: /Users/runner/actions-runner/_work/python.build/python.build/build_lxml231310/lxml-2.3.1/
2022-12-27T11:34:09.9931830Z   ERROR: Failed building wheel for lxml
2022-12-27T11:34:09.9932070Z   Running command python setup.py clean
2022-12-27T11:34:10.2159920Z   Building lxml version 2.3.1.
2022-12-27T11:34:10.2160980Z   Building with Cython 0.29.32.
2022-12-27T11:34:10.2295280Z   Using build configuration of libxslt 1.1.29
2022-12-27T11:34:10.3267490Z   Building against libxml2/libxslt in the following directory: /Library/Developer/CommandLineTools/SDKs/MacOSX12.1.sdk/usr/lib
2022-12-27T11:34:10.3387860Z   running clean
2022-12-27T11:34:10.3411770Z   removing 'build/temp.macosx-11.0-arm64-cpython-310' (and everything under it)
2022-12-27T11:34:10.3414340Z   removing 'build/lib.macosx-11.0-arm64-cpython-310' (and everything under it)
2022-12-27T11:34:10.3450510Z   'build/bdist.macosx-11.0-arm64' does not exist -- can't clean it
2022-12-27T11:34:10.3452290Z   'build/scripts-3.10' does not exist -- can't clean it
2022-12-27T11:34:10.3453920Z   removing 'build'
2022-12-27T11:34:10.3714940Z Failed to build lxml
2022-12-27T11:34:10.3718850Z ERROR: Failed to build one or more wheels
2022-12-27T11:34:10.3728150Z Exception information:
2022-12-27T11:34:10.3728340Z Traceback (most recent call last):
2022-12-27T11:34:10.3734900Z   File "/private/var/folders/51/hd414ycd67n82196sw51xqtc0000gn/T/cibw-run-q_3_4_r6/cp310-macosx_arm64/build/venv/lib/python3.10/site-packages/pip/_internal/cli/base_command.py", line 160, in exc_logging_wrapper
2022-12-27T11:34:10.3735370Z     status = run_func(*args)
2022-12-27T11:34:10.3736150Z   File "/private/var/folders/51/hd414ycd67n82196sw51xqtc0000gn/T/cibw-run-q_3_4_r6/cp310-macosx_arm64/build/venv/lib/python3.10/site-packages/pip/_internal/cli/req_command.py", line 247, in wrapper
2022-12-27T11:34:10.3736520Z     return func(self, options, args)
2022-12-27T11:34:10.3737160Z   File "/private/var/folders/51/hd414ycd67n82196sw51xqtc0000gn/T/cibw-run-q_3_4_r6/cp310-macosx_arm64/build/venv/lib/python3.10/site-packages/pip/_internal/commands/wheel.py", line 201, in run
2022-12-27T11:34:10.3737600Z     raise CommandError("Failed to build one or more wheels")
2022-12-27T11:34:10.3737880Z pip._internal.exceptions.CommandError: Failed to build one or more wheels
2022-12-27T11:34:10.3738360Z Removed build tracker: '/private/var/folders/51/hd414ycd67n82196sw51xqtc0000gn/T/pip-build-tracker-um7nnvm2'
2022-12-27T11:34:10.4114330Z ##[endgroup]
2022-12-27T11:34:10.4137740Z ##[error]Command ['python', '-m', 'pip', 'wheel', '/Users/runner/actions-runner/_work/python.build/python.build/build_lxml231310/lxml-2.3.1', '--wheel-dir=/private/var/folders/51/hd414ycd67n82196sw51xqtc0000gn/T/cibw-run-q_3_4_r6/cp310-macosx_arm64/built_wheel', '--no-deps', '-vvv'] failed with code 1. None
2022-12-27T11:34:10.4143750Z 
2022-12-27T11:34:10.4144040Z                                                               [31mâœ• [0m2.20s
2022-12-27T11:34:10.4588680Z ##[error]Process completed with exit code 1.
2022-12-27T11:34:10.4621960Z ##[group]Run rm -rf build_lxml231310 wheelsout
2022-12-27T11:34:10.4622140Z [36;1mrm -rf build_lxml231310 wheelsout[0m
2022-12-27T11:34:10.4636870Z shell: /bin/bash -e {0}
2022-12-27T11:34:10.4636990Z env:
2022-12-27T11:34:10.4637140Z   pythonLocation: /Users/runner/hostedtoolcache/Python/3.10.9/x64
2022-12-27T11:34:10.4637320Z   PKG_CONFIG_PATH: /Users/runner/hostedtoolcache/Python/3.10.9/x64/lib/pkgconfig
2022-12-27T11:34:10.4637500Z   Python_ROOT_DIR: /Users/runner/hostedtoolcache/Python/3.10.9/x64
2022-12-27T11:34:10.4637680Z   Python2_ROOT_DIR: /Users/runner/hostedtoolcache/Python/3.10.9/x64
2022-12-27T11:34:10.4637910Z   Python3_ROOT_DIR: /Users/runner/hostedtoolcache/Python/3.10.9/x64
2022-12-27T11:34:10.4638080Z ##[endgroup]
2022-12-27T11:34:10.5194730Z Cleaning up orphan processes
