2022-12-27T08:48:20.8443442Z Requested labels: self-hosted, macOS, X64
2022-12-27T08:48:20.8443539Z Job defined at: kilnbuild/python.build/.github/workflows/mac_arm_build.yml@refs/heads/main
2022-12-27T08:48:20.8443573Z Waiting for a runner to pick up this job...
2022-12-27T11:13:36.2633433Z Job is about to start running on the runner: k1 (organization)
2022-12-27T11:13:39.9801420Z Current runner version: '2.300.2'
2022-12-27T11:13:39.9806490Z Runner name: 'k1'
2022-12-27T11:13:39.9806740Z Runner group name: 'Default'
2022-12-27T11:13:39.9807260Z Machine name: 'k1'
2022-12-27T11:13:39.9808710Z ##[group]GITHUB_TOKEN Permissions
2022-12-27T11:13:39.9809130Z Actions: write
2022-12-27T11:13:39.9809270Z Checks: write
2022-12-27T11:13:39.9809390Z Contents: write
2022-12-27T11:13:39.9809520Z Deployments: write
2022-12-27T11:13:39.9809660Z Discussions: write
2022-12-27T11:13:39.9809790Z Issues: write
2022-12-27T11:13:39.9809920Z Metadata: read
2022-12-27T11:13:39.9810040Z Packages: write
2022-12-27T11:13:39.9810170Z Pages: write
2022-12-27T11:13:39.9810310Z PullRequests: write
2022-12-27T11:13:39.9810460Z RepositoryProjects: write
2022-12-27T11:13:39.9810610Z SecurityEvents: write
2022-12-27T11:13:39.9810750Z Statuses: write
2022-12-27T11:13:39.9810880Z ##[endgroup]
2022-12-27T11:13:39.9813640Z Secret source: Actions
2022-12-27T11:13:39.9813980Z Prepare workflow directory
2022-12-27T11:13:40.0449420Z Prepare all required actions
2022-12-27T11:13:40.0562670Z Getting action download info
2022-12-27T11:13:40.4924130Z Download action repository 'actions/setup-python@v4' (SHA:5ccb29d8773c3f3f653e1705f474dfaa8a06a912)
2022-12-27T11:13:42.2468120Z Download action repository 'actions/upload-artifact@v3' (SHA:83fd05a356d7e2593de66fc9913b3002723633cb)
2022-12-27T11:13:43.5526510Z ##[group]Run echo '{
2022-12-27T11:13:43.5526770Z [36;1mecho '{[0m
2022-12-27T11:13:43.5526900Z [36;1m  "package_name": "lxml",[0m
2022-12-27T11:13:43.5527150Z [36;1m  "package_url": "https://files.pythonhosted.org/packages/a8/17/942c2f167cade0f387b2077299865b6e1d26dca75e1587e12df408b67d9a/lxml-3.2.1.tar.gz",[0m
2022-12-27T11:13:43.5527370Z [36;1m  "package_version": "3.2.1",[0m
2022-12-27T11:13:43.5527490Z [36;1m  "python_version": "3.11",[0m
2022-12-27T11:13:43.5527620Z [36;1m  "use_ccache": "true"[0m
2022-12-27T11:13:43.5527810Z [36;1m}'[0m
2022-12-27T11:13:43.5544460Z shell: /bin/bash -e {0}
2022-12-27T11:13:43.5544670Z ##[endgroup]
2022-12-27T11:13:43.5777230Z {
2022-12-27T11:13:43.5778650Z   "package_name": "lxml",
2022-12-27T11:13:43.5779220Z   "package_url": "https://files.pythonhosted.org/packages/a8/17/942c2f167cade0f387b2077299865b6e1d26dca75e1587e12df408b67d9a/lxml-3.2.1.tar.gz",
2022-12-27T11:13:43.5779510Z   "package_version": "3.2.1",
2022-12-27T11:13:43.5779790Z   "python_version": "3.11",
2022-12-27T11:13:43.5779960Z   "use_ccache": "true"
2022-12-27T11:13:43.5780130Z }
2022-12-27T11:13:43.6002860Z ##[group]Run actions/setup-python@v4
2022-12-27T11:13:43.6003180Z with:
2022-12-27T11:13:43.6003370Z   python-version: 3.11
2022-12-27T11:13:43.6003530Z   check-latest: false
2022-12-27T11:13:43.6003820Z   token: ***
2022-12-27T11:13:43.6004010Z   update-environment: true
2022-12-27T11:13:43.6004220Z ##[endgroup]
2022-12-27T11:13:43.7243050Z ##[group]Installed versions
2022-12-27T11:13:43.7277060Z Successfully set up CPython (3.11.1)
2022-12-27T11:13:43.7277900Z ##[endgroup]
2022-12-27T11:13:43.7431070Z ##[group]Run if [ "true" == "true" ]
2022-12-27T11:13:43.7431420Z [36;1mif [ "true" == "true" ][0m
2022-12-27T11:13:43.7431580Z [36;1mthen[0m
2022-12-27T11:13:43.7431810Z [36;1m  echo "CCACHE_PATH_PREPEND=/usr/local/opt/ccache/libexec" >> $GITHUB_OUTPUT[0m
2022-12-27T11:13:43.7432110Z [36;1melse[0m
2022-12-27T11:13:43.7432280Z [36;1m  echo "CCACHE_PATH_PREPEND=" >> $GITHUB_OUTPUT[0m
2022-12-27T11:13:43.7432470Z [36;1mfi[0m
2022-12-27T11:13:43.7450780Z shell: /bin/bash -e {0}
2022-12-27T11:13:43.7451090Z env:
2022-12-27T11:13:43.7451290Z   pythonLocation: /Users/runner/hostedtoolcache/Python/3.11.1/x64
2022-12-27T11:13:43.7451580Z   PKG_CONFIG_PATH: /Users/runner/hostedtoolcache/Python/3.11.1/x64/lib/pkgconfig
2022-12-27T11:13:43.7451870Z   Python_ROOT_DIR: /Users/runner/hostedtoolcache/Python/3.11.1/x64
2022-12-27T11:13:43.7452100Z   Python2_ROOT_DIR: /Users/runner/hostedtoolcache/Python/3.11.1/x64
2022-12-27T11:13:43.7452470Z   Python3_ROOT_DIR: /Users/runner/hostedtoolcache/Python/3.11.1/x64
2022-12-27T11:13:43.7453020Z ##[endgroup]
2022-12-27T11:13:43.7566120Z ##[group]Run echo "BUILD_NAME=$(echo lxml_3.2.1_3.11 | tr -dc '[:alnum:]\n\r' | tr '[:upper:]' '[:lower:]')" >> $GITHUB_OUTPUT
2022-12-27T11:13:43.7611090Z [36;1mecho "BUILD_NAME=$(echo lxml_3.2.1_3.11 | tr -dc '[:alnum:]\n\r' | tr '[:upper:]' '[:lower:]')" >> $GITHUB_OUTPUT[0m
2022-12-27T11:13:43.7626620Z shell: /bin/bash -e {0}
2022-12-27T11:13:43.7626780Z env:
2022-12-27T11:13:43.7626930Z   pythonLocation: /Users/runner/hostedtoolcache/Python/3.11.1/x64
2022-12-27T11:13:43.7627140Z   PKG_CONFIG_PATH: /Users/runner/hostedtoolcache/Python/3.11.1/x64/lib/pkgconfig
2022-12-27T11:13:43.7627370Z   Python_ROOT_DIR: /Users/runner/hostedtoolcache/Python/3.11.1/x64
2022-12-27T11:13:43.7627550Z   Python2_ROOT_DIR: /Users/runner/hostedtoolcache/Python/3.11.1/x64
2022-12-27T11:13:43.7627760Z   Python3_ROOT_DIR: /Users/runner/hostedtoolcache/Python/3.11.1/x64
2022-12-27T11:13:43.7627980Z ##[endgroup]
2022-12-27T11:13:43.7738500Z ##[group]Run echo "PYTHON_NO_DOTS=$(echo 3.11 | tr -dc '[:alnum:]\n\r' | tr '[:upper:]' '[:lower:]')" >> $GITHUB_OUTPUT
2022-12-27T11:13:43.7739010Z [36;1mecho "PYTHON_NO_DOTS=$(echo 3.11 | tr -dc '[:alnum:]\n\r' | tr '[:upper:]' '[:lower:]')" >> $GITHUB_OUTPUT[0m
2022-12-27T11:13:43.7754940Z shell: /bin/bash -e {0}
2022-12-27T11:13:43.7755140Z env:
2022-12-27T11:13:43.7755420Z   pythonLocation: /Users/runner/hostedtoolcache/Python/3.11.1/x64
2022-12-27T11:13:43.7755700Z   PKG_CONFIG_PATH: /Users/runner/hostedtoolcache/Python/3.11.1/x64/lib/pkgconfig
2022-12-27T11:13:43.7755920Z   Python_ROOT_DIR: /Users/runner/hostedtoolcache/Python/3.11.1/x64
2022-12-27T11:13:43.7756170Z   Python2_ROOT_DIR: /Users/runner/hostedtoolcache/Python/3.11.1/x64
2022-12-27T11:13:43.7756450Z   Python3_ROOT_DIR: /Users/runner/hostedtoolcache/Python/3.11.1/x64
2022-12-27T11:13:43.7756660Z ##[endgroup]
2022-12-27T11:13:43.7872330Z ##[group]Run rm -rf build_lxml321311
2022-12-27T11:13:43.7872700Z [36;1mrm -rf build_lxml321311[0m
2022-12-27T11:13:43.7872920Z [36;1mmkdir build_lxml321311[0m
2022-12-27T11:13:43.7873110Z [36;1mcd build_lxml321311[0m
2022-12-27T11:13:43.7873390Z [36;1m/usr/local/bin/wget --quiet https://files.pythonhosted.org/packages/a8/17/942c2f167cade0f387b2077299865b6e1d26dca75e1587e12df408b67d9a/lxml-3.2.1.tar.gz[0m
2022-12-27T11:13:43.7873660Z [36;1mtar xf *.tar.gz[0m
2022-12-27T11:13:43.7873790Z [36;1mcd *[0m
2022-12-27T11:13:43.7874020Z [36;1mpython -m pip install cibuildwheel==2.11.3[0m
2022-12-27T11:13:43.7874240Z [36;1mpython -m cibuildwheel --output-dir ../wheelsout[0m
2022-12-27T11:13:43.7888880Z shell: /bin/bash -e {0}
2022-12-27T11:13:43.7889090Z env:
2022-12-27T11:13:43.7889300Z   pythonLocation: /Users/runner/hostedtoolcache/Python/3.11.1/x64
2022-12-27T11:13:43.7889570Z   PKG_CONFIG_PATH: /Users/runner/hostedtoolcache/Python/3.11.1/x64/lib/pkgconfig
2022-12-27T11:13:43.7889850Z   Python_ROOT_DIR: /Users/runner/hostedtoolcache/Python/3.11.1/x64
2022-12-27T11:13:43.7890120Z   Python2_ROOT_DIR: /Users/runner/hostedtoolcache/Python/3.11.1/x64
2022-12-27T11:13:43.7890320Z   Python3_ROOT_DIR: /Users/runner/hostedtoolcache/Python/3.11.1/x64
2022-12-27T11:13:43.7890520Z   CIBW_ARCHS_MACOS: arm64
2022-12-27T11:13:43.7890690Z   CIBW_TEST_SKIP: *_arm64
2022-12-27T11:13:43.7890840Z   CIBW_BUILD: cp311-macosx_arm64
2022-12-27T11:13:43.7891050Z   CIBW_BUILD_FRONTEND: pip
2022-12-27T11:13:43.7891230Z   CIBW_BUILD_VERBOSITY: 3
2022-12-27T11:13:43.7891520Z   CIBW_ENVIRONMENT_MACOS:  CFLAGS="-I/usr/local/opt/openssl@3/include" LDFLAGS="-L/usr/local/opt/openssl@3/lib" CPPFLAGS="-I/usr/local/opt/openssl@3/include" MAKEFLAGS="-j$(sysctl -n hw.logicalcpu)" PATH=/usr/local/opt/ccache/libexec:$PATH
2022-12-27T11:13:43.7891890Z   CIBW_BEFORE_BUILD: pip install Cython; if [[ -f requirements.txt ]]; then pip install -r requirements.txt; fi
2022-12-27T11:13:43.7892340Z   MAKEFLAGS: -j$(sysctl -n hw.logicalcpu)
2022-12-27T11:13:43.7892530Z ##[endgroup]
2022-12-27T11:13:44.2666940Z Requirement already satisfied: cibuildwheel==2.11.3 in /Library/Frameworks/Python.framework/Versions/3.11/lib/python3.11/site-packages (2.11.3)
2022-12-27T11:13:44.2983680Z Requirement already satisfied: bashlex!=0.13 in /Library/Frameworks/Python.framework/Versions/3.11/lib/python3.11/site-packages (from cibuildwheel==2.11.3) (0.16)
2022-12-27T11:13:44.2990030Z Requirement already satisfied: bracex in /Library/Frameworks/Python.framework/Versions/3.11/lib/python3.11/site-packages (from cibuildwheel==2.11.3) (2.3.post1)
2022-12-27T11:13:44.2996470Z Requirement already satisfied: certifi in /Library/Frameworks/Python.framework/Versions/3.11/lib/python3.11/site-packages (from cibuildwheel==2.11.3) (2022.12.7)
2022-12-27T11:13:44.3002740Z Requirement already satisfied: filelock in /Library/Frameworks/Python.framework/Versions/3.11/lib/python3.11/site-packages (from cibuildwheel==2.11.3) (3.8.2)
2022-12-27T11:13:44.3011560Z Requirement already satisfied: packaging>=20.9 in /Library/Frameworks/Python.framework/Versions/3.11/lib/python3.11/site-packages (from cibuildwheel==2.11.3) (22.0)
2022-12-27T11:13:44.3019530Z Requirement already satisfied: platformdirs in /Library/Frameworks/Python.framework/Versions/3.11/lib/python3.11/site-packages (from cibuildwheel==2.11.3) (2.6.0)
2022-12-27T11:13:44.5234430Z 
2022-12-27T11:13:44.5234830Z      _ _       _ _   _       _           _
2022-12-27T11:13:44.5235910Z  ___|_| |_ _ _|_| |_| |_ _ _| |_ ___ ___| |
2022-12-27T11:13:44.5236530Z |  _| | . | | | | | . | | | |   | -_| -_| |
2022-12-27T11:13:44.5236750Z |___|_|___|___|_|_|___|_____|_|_|___|___|_|
2022-12-27T11:13:44.5237000Z 
2022-12-27T11:13:44.5237120Z cibuildwheel version 2.11.3
2022-12-27T11:13:44.5237290Z 
2022-12-27T11:13:44.5237400Z Build options:
2022-12-27T11:13:44.5237680Z   platform: macos
2022-12-27T11:13:44.5327490Z   architectures: arm64[0m
2022-12-27T11:13:44.5328040Z   build_selector: 
2022-12-27T11:13:44.5329660Z     build_config: cp311-macosx_arm64
2022-12-27T11:13:44.5330080Z     skip_config: 
2022-12-27T11:13:44.5330640Z     requires_python: None
2022-12-27T11:13:44.5331130Z     prerelease_pythons: False[0m
2022-12-27T11:13:44.5331540Z   [38;5;244mcontainer_engine: docker[0m
2022-12-27T11:13:44.5331980Z   output_dir: /Users/runner/actions-runner/_work/python.build/python.build/build_lxml321311/wheelsout[0m
2022-12-27T11:13:44.5332500Z   package_dir: /Users/runner/actions-runner/_work/python.build/python.build/build_lxml321311/lxml-3.2.1[0m
2022-12-27T11:13:44.5332870Z   test_selector: 
2022-12-27T11:13:44.5333130Z     skip_config: *_arm64[0m
2022-12-27T11:13:44.5333420Z   [38;5;244mbefore_all: [0m
2022-12-27T11:13:44.5333890Z   before_build: pip install Cython; if [[ -f requirements.txt ]]; then pip install -r requirements.txt; fi[0m
2022-12-27T11:13:44.5334320Z   [38;5;244mbefore_test: [0m
2022-12-27T11:13:44.5334590Z   [38;5;244mbuild_frontend: pip[0m
2022-12-27T11:13:44.5334880Z   build_verbosity: 3[0m
2022-12-27T11:13:44.5335170Z   [38;5;244mconfig_settings: [0m
2022-12-27T11:13:44.5335530Z   [38;5;244mdependency_constraints: pinned[0m
2022-12-27T11:13:44.5335850Z   environment: 
2022-12-27T11:13:44.5336180Z     CFLAGS="-I/usr/local/opt/openssl@3/include"
2022-12-27T11:13:44.5336490Z     LDFLAGS="-L/usr/local/opt/openssl@3/lib"
2022-12-27T11:13:44.5336850Z     CPPFLAGS="-I/usr/local/opt/openssl@3/include"
2022-12-27T11:13:44.5337200Z     MAKEFLAGS="-j$(sysctl -n hw.logicalcpu)"
2022-12-27T11:13:44.5337560Z     PATH=/usr/local/opt/ccache/libexec:$PATH[0m
2022-12-27T11:13:44.5337890Z   [38;5;244mmanylinux_images: None[0m
2022-12-27T11:13:44.5338200Z   [38;5;244mmusllinux_images: None[0m
2022-12-27T11:13:44.5338640Z   [38;5;244mrepair_command: delocate-wheel --require-archs {delocate_archs} -w {dest_dir} -v {wheel}[0m
2022-12-27T11:13:44.5338970Z   [38;5;244mtest_command: [0m
2022-12-27T11:13:44.5339300Z   [38;5;244mtest_extras: [0m
2022-12-27T11:13:44.5339580Z   [38;5;244mtest_requires: [0m
2022-12-27T11:13:44.5339690Z 
2022-12-27T11:13:44.5339840Z Cache folder: /Users/runner/Library/Caches/cibuildwheel
2022-12-27T11:13:44.5342290Z 
2022-12-27T11:13:44.5342780Z Here we go!
2022-12-27T11:13:44.5343070Z 
2022-12-27T11:13:44.5390130Z 
2022-12-27T11:13:44.5390620Z [1m[34mBuilding cp311-macosx_arm64 wheel[0m
2022-12-27T11:13:44.5391060Z CPython 3.11 macOS arm64 - Apple Silicon
2022-12-27T11:13:44.5391250Z 
2022-12-27T11:13:44.5393840Z ##[group]Installing Python cp311...
2022-12-27T11:13:44.5394010Z 
2022-12-27T11:13:44.5394250Z + pkgutil --pkgs
2022-12-27T11:13:44.5495120Z ##[endgroup]
2022-12-27T11:13:44.5497120Z                                                               [32mâœ“ [0m0.01s
2022-12-27T11:13:44.5497950Z ##[group]Setting up build environment...
2022-12-27T11:13:44.5498270Z 
2022-12-27T11:13:44.5517220Z + /Library/Frameworks/Python.framework/Versions/3.11/bin/python -sS /Users/runner/Library/Caches/cibuildwheel/virtualenv-20.17.0.pyz --activators= --no-periodic-update --pip=22.3.1 --setuptools=65.6.3 --wheel=0.38.4 --symlink-app-data --python /Library/Frameworks/Python.framework/Versions/3.11/bin/python3 /private/var/folders/51/hd414ycd67n82196sw51xqtc0000gn/T/cibw-run-tcvadxos/cp311-macosx_arm64/build/venv
2022-12-27T11:13:44.7328350Z created virtual environment CPython3.11.1.final.0-64 in 45ms
2022-12-27T11:13:44.7329080Z   creator CPython3Posix(dest=/private/var/folders/51/hd414ycd67n82196sw51xqtc0000gn/T/cibw-run-tcvadxos/cp311-macosx_arm64/build/venv, clear=False, no_vcs_ignore=False, global=False)
2022-12-27T11:13:44.7329560Z   seeder FromAppData(download=False, pip=22.3.1, setuptools=65.6.3, wheel=0.38.4, via=symlink, app_data_dir=/Users/runner/Library/Application Support/virtualenv)
2022-12-27T11:13:44.7329960Z     added seed packages: pip==22.3.1, setuptools==65.6.3, wheel==0.38.4
2022-12-27T11:13:44.7456650Z + python -m pip install --upgrade pip -c /Library/Frameworks/Python.framework/Versions/3.11/lib/python3.11/site-packages/cibuildwheel/resources/constraints-python311.txt
2022-12-27T11:13:45.0158400Z Requirement already satisfied: pip in ./lib/python3.11/site-packages (22.3.1)
2022-12-27T11:13:45.1435020Z + which pip
2022-12-27T11:13:45.1451630Z /private/var/folders/51/hd414ycd67n82196sw51xqtc0000gn/T/cibw-run-tcvadxos/cp311-macosx_arm64/build/venv/bin/pip
2022-12-27T11:13:45.1454670Z + pip --version
2022-12-27T11:13:45.3371040Z pip 22.3.1 from /private/var/folders/51/hd414ycd67n82196sw51xqtc0000gn/T/cibw-run-tcvadxos/cp311-macosx_arm64/build/venv/lib/python3.11/site-packages/pip (python 3.11)
2022-12-27T11:13:45.3636570Z + which pip
2022-12-27T11:13:45.3663430Z + which python
2022-12-27T11:13:45.3681880Z /private/var/folders/51/hd414ycd67n82196sw51xqtc0000gn/T/cibw-run-tcvadxos/cp311-macosx_arm64/build/venv/bin/python
2022-12-27T11:13:45.3684770Z + python --version
2022-12-27T11:13:45.3748760Z Python 3.11.1
2022-12-27T11:13:45.3752340Z + which python
2022-12-27T11:13:45.3808000Z ##[endgroup]
2022-12-27T11:13:45.3808670Z                                                               [32mâœ“ [0m0.83s
2022-12-27T11:13:45.3809270Z ##[group]Installing build tools...
2022-12-27T11:13:45.3809450Z 
2022-12-27T11:13:45.3810080Z + pip install --upgrade setuptools wheel delocate -c /Library/Frameworks/Python.framework/Versions/3.11/lib/python3.11/site-packages/cibuildwheel/resources/constraints-python311.txt
2022-12-27T11:13:45.6441300Z Requirement already satisfied: setuptools in /private/var/folders/51/hd414ycd67n82196sw51xqtc0000gn/T/cibw-run-tcvadxos/cp311-macosx_arm64/build/venv/lib/python3.11/site-packages (65.6.3)
2022-12-27T11:13:45.8156890Z Requirement already satisfied: wheel in /private/var/folders/51/hd414ycd67n82196sw51xqtc0000gn/T/cibw-run-tcvadxos/cp311-macosx_arm64/build/venv/lib/python3.11/site-packages (0.38.4)
2022-12-27T11:13:45.8541210Z Collecting delocate
2022-12-27T11:13:45.8564610Z   Using cached delocate-0.10.3-py3-none-any.whl (142 kB)
2022-12-27T11:13:45.8826770Z Collecting packaging>=20.9
2022-12-27T11:13:45.8844940Z   Using cached packaging-21.3-py3-none-any.whl (40 kB)
2022-12-27T11:13:45.8994690Z Collecting typing-extensions
2022-12-27T11:13:45.9012540Z   Using cached typing_extensions-4.4.0-py3-none-any.whl (26 kB)
2022-12-27T11:13:45.9323560Z Collecting pyparsing!=3.0.5,>=2.0.2
2022-12-27T11:13:45.9340060Z   Using cached pyparsing-3.0.9-py3-none-any.whl (98 kB)
2022-12-27T11:13:45.9896960Z Installing collected packages: typing-extensions, pyparsing, packaging, delocate
2022-12-27T11:13:46.1160280Z Successfully installed delocate-0.10.3 packaging-21.3 pyparsing-3.0.9 typing-extensions-4.4.0
2022-12-27T11:13:46.1649550Z ##[endgroup]
2022-12-27T11:13:46.1650260Z                                                               [32mâœ“ [0m0.78s
2022-12-27T11:13:46.1650760Z ##[group]Running before_build...
2022-12-27T11:13:46.1650920Z 
2022-12-27T11:13:46.1656070Z + pip install Cython; if [[ -f requirements.txt ]]; then pip install -r requirements.txt; fi
2022-12-27T11:13:46.7281740Z Collecting Cython
2022-12-27T11:13:46.7325430Z   Using cached Cython-0.29.32-py2.py3-none-any.whl (986 kB)
2022-12-27T11:13:46.7790890Z Installing collected packages: Cython
2022-12-27T11:13:47.1907550Z Successfully installed Cython-0.29.32
2022-12-27T11:13:47.2396690Z ##[endgroup]
2022-12-27T11:13:47.2397450Z                                                               [32mâœ“ [0m1.07s
2022-12-27T11:13:47.2397970Z ##[group]Building wheel...
2022-12-27T11:13:47.2398120Z 
2022-12-27T11:13:47.2402150Z + python -m pip wheel /Users/runner/actions-runner/_work/python.build/python.build/build_lxml321311/lxml-3.2.1 --wheel-dir=/private/var/folders/51/hd414ycd67n82196sw51xqtc0000gn/T/cibw-run-tcvadxos/cp311-macosx_arm64/built_wheel --no-deps -vvv
2022-12-27T11:13:47.4893720Z Created temporary directory: /private/var/folders/51/hd414ycd67n82196sw51xqtc0000gn/T/pip-ephem-wheel-cache-w6iopw4u
2022-12-27T11:13:47.4898750Z Created temporary directory: /private/var/folders/51/hd414ycd67n82196sw51xqtc0000gn/T/pip-build-tracker-lds0pozu
2022-12-27T11:13:47.4901330Z Initialized build tracking at /private/var/folders/51/hd414ycd67n82196sw51xqtc0000gn/T/pip-build-tracker-lds0pozu
2022-12-27T11:13:47.4902180Z Created build tracker: /private/var/folders/51/hd414ycd67n82196sw51xqtc0000gn/T/pip-build-tracker-lds0pozu
2022-12-27T11:13:47.4903630Z Entered build tracker: /private/var/folders/51/hd414ycd67n82196sw51xqtc0000gn/T/pip-build-tracker-lds0pozu
2022-12-27T11:13:47.4906880Z Created temporary directory: /private/var/folders/51/hd414ycd67n82196sw51xqtc0000gn/T/pip-wheel-so5qpcyn
2022-12-27T11:13:47.4911760Z Created temporary directory: /private/var/folders/51/hd414ycd67n82196sw51xqtc0000gn/T/pip-ephem-wheel-cache-rnn_gyfd
2022-12-27T11:13:47.4982270Z Processing /Users/runner/actions-runner/_work/python.build/python.build/build_lxml321311/lxml-3.2.1
2022-12-27T11:13:47.4986910Z   Added file:///Users/runner/actions-runner/_work/python.build/python.build/build_lxml321311/lxml-3.2.1 to build tracker '/private/var/folders/51/hd414ycd67n82196sw51xqtc0000gn/T/pip-build-tracker-lds0pozu'
2022-12-27T11:13:47.4990010Z   Running setup.py (path:/Users/runner/actions-runner/_work/python.build/python.build/build_lxml321311/lxml-3.2.1/setup.py) egg_info for package from file:///Users/runner/actions-runner/_work/python.build/python.build/build_lxml321311/lxml-3.2.1
2022-12-27T11:13:47.4992250Z   Created temporary directory: /private/var/folders/51/hd414ycd67n82196sw51xqtc0000gn/T/pip-pip-egg-info-zr7e6uor
2022-12-27T11:13:47.4993290Z   Preparing metadata (setup.py): started
2022-12-27T11:13:47.4994620Z   Running command python setup.py egg_info
2022-12-27T11:13:47.8092340Z   /private/var/folders/51/hd414ycd67n82196sw51xqtc0000gn/T/cibw-run-tcvadxos/cp311-macosx_arm64/build/venv/lib/python3.11/site-packages/setuptools/_distutils/dist.py:265: UserWarning: Unknown distribution option: 'bugtrack_url'
2022-12-27T11:13:47.8093100Z     warnings.warn(msg)
2022-12-27T11:13:47.8165480Z   Building lxml version 3.2.1.
2022-12-27T11:13:47.8166560Z   Building without Cython.
2022-12-27T11:13:47.8167810Z   Using build configuration of libxslt 1.1.29
2022-12-27T11:13:47.8169350Z   Building against libxml2/libxslt in the following directory: /Library/Developer/CommandLineTools/SDKs/MacOSX12.1.sdk/usr/lib
2022-12-27T11:13:47.8170390Z   running egg_info
2022-12-27T11:13:47.8173580Z   creating /private/var/folders/51/hd414ycd67n82196sw51xqtc0000gn/T/pip-pip-egg-info-zr7e6uor/lxml.egg-info
2022-12-27T11:13:47.8184570Z   writing /private/var/folders/51/hd414ycd67n82196sw51xqtc0000gn/T/pip-pip-egg-info-zr7e6uor/lxml.egg-info/PKG-INFO
2022-12-27T11:13:47.8188740Z   writing dependency_links to /private/var/folders/51/hd414ycd67n82196sw51xqtc0000gn/T/pip-pip-egg-info-zr7e6uor/lxml.egg-info/dependency_links.txt
2022-12-27T11:13:47.8191410Z   writing top-level names to /private/var/folders/51/hd414ycd67n82196sw51xqtc0000gn/T/pip-pip-egg-info-zr7e6uor/lxml.egg-info/top_level.txt
2022-12-27T11:13:47.8193890Z   writing manifest file '/private/var/folders/51/hd414ycd67n82196sw51xqtc0000gn/T/pip-pip-egg-info-zr7e6uor/lxml.egg-info/SOURCES.txt'
2022-12-27T11:13:47.8271600Z   reading manifest file '/private/var/folders/51/hd414ycd67n82196sw51xqtc0000gn/T/pip-pip-egg-info-zr7e6uor/lxml.egg-info/SOURCES.txt'
2022-12-27T11:13:47.8275390Z   reading manifest template 'MANIFEST.in'
2022-12-27T11:13:47.8577850Z   warning: no files found matching '*.txt' under directory 'src/lxml/tests'
2022-12-27T11:13:47.9125710Z   adding license file 'LICENSES.txt'
2022-12-27T11:13:47.9178240Z   writing manifest file '/private/var/folders/51/hd414ycd67n82196sw51xqtc0000gn/T/pip-pip-egg-info-zr7e6uor/lxml.egg-info/SOURCES.txt'
2022-12-27T11:13:47.9437890Z   Preparing metadata (setup.py): finished with status 'done'
2022-12-27T11:13:47.9460140Z   Source in /Users/runner/actions-runner/_work/python.build/python.build/build_lxml321311/lxml-3.2.1 has version 3.2.1, which satisfies requirement lxml==3.2.1 from file:///Users/runner/actions-runner/_work/python.build/python.build/build_lxml321311/lxml-3.2.1
2022-12-27T11:13:47.9463890Z   Removed lxml==3.2.1 from file:///Users/runner/actions-runner/_work/python.build/python.build/build_lxml321311/lxml-3.2.1 from build tracker '/private/var/folders/51/hd414ycd67n82196sw51xqtc0000gn/T/pip-build-tracker-lds0pozu'
2022-12-27T11:13:47.9480480Z Created temporary directory: /private/var/folders/51/hd414ycd67n82196sw51xqtc0000gn/T/pip-unpack-e2i_ga9_
2022-12-27T11:13:47.9482350Z Building wheels for collected packages: lxml
2022-12-27T11:13:47.9487500Z   Created temporary directory: /private/var/folders/51/hd414ycd67n82196sw51xqtc0000gn/T/pip-wheel-eeg0hyv7
2022-12-27T11:13:47.9620040Z   Building wheel for lxml (setup.py): started
2022-12-27T11:13:47.9621830Z   Destination directory: /private/var/folders/51/hd414ycd67n82196sw51xqtc0000gn/T/pip-wheel-eeg0hyv7
2022-12-27T11:13:47.9622900Z   Running command python setup.py bdist_wheel
2022-12-27T11:13:48.1489930Z   Building lxml version 3.2.1.
2022-12-27T11:13:48.1490820Z   Building without Cython.
2022-12-27T11:13:48.1619500Z   Using build configuration of libxslt 1.1.29
2022-12-27T11:13:48.2556840Z   Building against libxml2/libxslt in the following directory: /Library/Developer/CommandLineTools/SDKs/MacOSX12.1.sdk/usr/lib
2022-12-27T11:13:48.2625770Z   /private/var/folders/51/hd414ycd67n82196sw51xqtc0000gn/T/cibw-run-tcvadxos/cp311-macosx_arm64/build/venv/lib/python3.11/site-packages/setuptools/_distutils/dist.py:265: UserWarning: Unknown distribution option: 'bugtrack_url'
2022-12-27T11:13:48.2626610Z     warnings.warn(msg)
2022-12-27T11:13:48.2771690Z   running bdist_wheel
2022-12-27T11:13:48.2806760Z   running build
2022-12-27T11:13:48.2808040Z   running build_py
2022-12-27T11:13:48.2826020Z   creating build
2022-12-27T11:13:48.2828950Z   creating build/lib.macosx-11.0-arm64-cpython-311
2022-12-27T11:13:48.2830590Z   creating build/lib.macosx-11.0-arm64-cpython-311/lxml
2022-12-27T11:13:48.2832530Z   copying src/lxml/_elementpath.py -> build/lib.macosx-11.0-arm64-cpython-311/lxml
2022-12-27T11:13:48.2835470Z   copying src/lxml/sax.py -> build/lib.macosx-11.0-arm64-cpython-311/lxml
2022-12-27T11:13:48.2837690Z   copying src/lxml/pyclasslookup.py -> build/lib.macosx-11.0-arm64-cpython-311/lxml
2022-12-27T11:13:48.2840160Z   copying src/lxml/__init__.py -> build/lib.macosx-11.0-arm64-cpython-311/lxml
2022-12-27T11:13:48.2842600Z   copying src/lxml/builder.py -> build/lib.macosx-11.0-arm64-cpython-311/lxml
2022-12-27T11:13:48.2846240Z   copying src/lxml/doctestcompare.py -> build/lib.macosx-11.0-arm64-cpython-311/lxml
2022-12-27T11:13:48.2849100Z   copying src/lxml/usedoctest.py -> build/lib.macosx-11.0-arm64-cpython-311/lxml
2022-12-27T11:13:48.2851490Z   copying src/lxml/cssselect.py -> build/lib.macosx-11.0-arm64-cpython-311/lxml
2022-12-27T11:13:48.2854440Z   copying src/lxml/ElementInclude.py -> build/lib.macosx-11.0-arm64-cpython-311/lxml
2022-12-27T11:13:48.2857890Z   creating build/lib.macosx-11.0-arm64-cpython-311/lxml/includes
2022-12-27T11:13:48.2859050Z   copying src/lxml/includes/__init__.py -> build/lib.macosx-11.0-arm64-cpython-311/lxml/includes
2022-12-27T11:13:48.2864510Z   creating build/lib.macosx-11.0-arm64-cpython-311/lxml/html
2022-12-27T11:13:48.2865960Z   copying src/lxml/html/soupparser.py -> build/lib.macosx-11.0-arm64-cpython-311/lxml/html
2022-12-27T11:13:48.2868100Z   copying src/lxml/html/defs.py -> build/lib.macosx-11.0-arm64-cpython-311/lxml/html
2022-12-27T11:13:48.2870680Z   copying src/lxml/html/_setmixin.py -> build/lib.macosx-11.0-arm64-cpython-311/lxml/html
2022-12-27T11:13:48.2872740Z   copying src/lxml/html/clean.py -> build/lib.macosx-11.0-arm64-cpython-311/lxml/html
2022-12-27T11:13:48.2875450Z   copying src/lxml/html/_diffcommand.py -> build/lib.macosx-11.0-arm64-cpython-311/lxml/html
2022-12-27T11:13:48.2877800Z   copying src/lxml/html/html5parser.py -> build/lib.macosx-11.0-arm64-cpython-311/lxml/html
2022-12-27T11:13:48.2880220Z   copying src/lxml/html/__init__.py -> build/lib.macosx-11.0-arm64-cpython-311/lxml/html
2022-12-27T11:13:48.2883100Z   copying src/lxml/html/formfill.py -> build/lib.macosx-11.0-arm64-cpython-311/lxml/html
2022-12-27T11:13:48.2885570Z   copying src/lxml/html/builder.py -> build/lib.macosx-11.0-arm64-cpython-311/lxml/html
2022-12-27T11:13:48.2888170Z   copying src/lxml/html/ElementSoup.py -> build/lib.macosx-11.0-arm64-cpython-311/lxml/html
2022-12-27T11:13:48.2890440Z   copying src/lxml/html/_html5builder.py -> build/lib.macosx-11.0-arm64-cpython-311/lxml/html
2022-12-27T11:13:48.2892620Z   copying src/lxml/html/usedoctest.py -> build/lib.macosx-11.0-arm64-cpython-311/lxml/html
2022-12-27T11:13:48.2894980Z   copying src/lxml/html/diff.py -> build/lib.macosx-11.0-arm64-cpython-311/lxml/html
2022-12-27T11:13:48.2899210Z   creating build/lib.macosx-11.0-arm64-cpython-311/lxml/isoschematron
2022-12-27T11:13:48.2900760Z   copying src/lxml/isoschematron/__init__.py -> build/lib.macosx-11.0-arm64-cpython-311/lxml/isoschematron
2022-12-27T11:13:48.2921030Z   copying src/lxml/lxml.etree.h -> build/lib.macosx-11.0-arm64-cpython-311/lxml
2022-12-27T11:13:48.2924490Z   copying src/lxml/lxml.etree_api.h -> build/lib.macosx-11.0-arm64-cpython-311/lxml
2022-12-27T11:13:48.2928050Z   copying src/lxml/includes/xmlerror.pxd -> build/lib.macosx-11.0-arm64-cpython-311/lxml/includes
2022-12-27T11:13:48.2931860Z   copying src/lxml/includes/c14n.pxd -> build/lib.macosx-11.0-arm64-cpython-311/lxml/includes
2022-12-27T11:13:48.2934390Z   copying src/lxml/includes/xmlschema.pxd -> build/lib.macosx-11.0-arm64-cpython-311/lxml/includes
2022-12-27T11:13:48.2937320Z   copying src/lxml/includes/schematron.pxd -> build/lib.macosx-11.0-arm64-cpython-311/lxml/includes
2022-12-27T11:13:48.2939790Z   copying src/lxml/includes/tree.pxd -> build/lib.macosx-11.0-arm64-cpython-311/lxml/includes
2022-12-27T11:13:48.2942590Z   copying src/lxml/includes/uri.pxd -> build/lib.macosx-11.0-arm64-cpython-311/lxml/includes
2022-12-27T11:13:48.2945170Z   copying src/lxml/includes/etreepublic.pxd -> build/lib.macosx-11.0-arm64-cpython-311/lxml/includes
2022-12-27T11:13:48.2948150Z   copying src/lxml/includes/xpath.pxd -> build/lib.macosx-11.0-arm64-cpython-311/lxml/includes
2022-12-27T11:13:48.2950510Z   copying src/lxml/includes/htmlparser.pxd -> build/lib.macosx-11.0-arm64-cpython-311/lxml/includes
2022-12-27T11:13:48.2953200Z   copying src/lxml/includes/xslt.pxd -> build/lib.macosx-11.0-arm64-cpython-311/lxml/includes
2022-12-27T11:13:48.2955610Z   copying src/lxml/includes/config.pxd -> build/lib.macosx-11.0-arm64-cpython-311/lxml/includes
2022-12-27T11:13:48.2958630Z   copying src/lxml/includes/xmlparser.pxd -> build/lib.macosx-11.0-arm64-cpython-311/lxml/includes
2022-12-27T11:13:48.2960890Z   copying src/lxml/includes/xinclude.pxd -> build/lib.macosx-11.0-arm64-cpython-311/lxml/includes
2022-12-27T11:13:48.2963400Z   copying src/lxml/includes/dtdvalid.pxd -> build/lib.macosx-11.0-arm64-cpython-311/lxml/includes
2022-12-27T11:13:48.2966240Z   copying src/lxml/includes/relaxng.pxd -> build/lib.macosx-11.0-arm64-cpython-311/lxml/includes
2022-12-27T11:13:48.2968820Z   copying src/lxml/includes/lxml-version.h -> build/lib.macosx-11.0-arm64-cpython-311/lxml/includes
2022-12-27T11:13:48.2971030Z   copying src/lxml/includes/etree_defs.h -> build/lib.macosx-11.0-arm64-cpython-311/lxml/includes
2022-12-27T11:13:48.2974010Z   creating build/lib.macosx-11.0-arm64-cpython-311/lxml/isoschematron/resources
2022-12-27T11:13:48.2975140Z   creating build/lib.macosx-11.0-arm64-cpython-311/lxml/isoschematron/resources/rng
2022-12-27T11:13:48.2976400Z   copying src/lxml/isoschematron/resources/rng/iso-schematron.rng -> build/lib.macosx-11.0-arm64-cpython-311/lxml/isoschematron/resources/rng
2022-12-27T11:13:48.2979050Z   creating build/lib.macosx-11.0-arm64-cpython-311/lxml/isoschematron/resources/xsl
2022-12-27T11:13:48.2980230Z   copying src/lxml/isoschematron/resources/xsl/XSD2Schtrn.xsl -> build/lib.macosx-11.0-arm64-cpython-311/lxml/isoschematron/resources/xsl
2022-12-27T11:13:48.2983180Z   copying src/lxml/isoschematron/resources/xsl/RNG2Schtrn.xsl -> build/lib.macosx-11.0-arm64-cpython-311/lxml/isoschematron/resources/xsl
2022-12-27T11:13:48.2986350Z   creating build/lib.macosx-11.0-arm64-cpython-311/lxml/isoschematron/resources/xsl/iso-schematron-xslt1
2022-12-27T11:13:48.2987620Z   copying src/lxml/isoschematron/resources/xsl/iso-schematron-xslt1/iso_abstract_expand.xsl -> build/lib.macosx-11.0-arm64-cpython-311/lxml/isoschematron/resources/xsl/iso-schematron-xslt1
2022-12-27T11:13:48.2990070Z   copying src/lxml/isoschematron/resources/xsl/iso-schematron-xslt1/iso_dsdl_include.xsl -> build/lib.macosx-11.0-arm64-cpython-311/lxml/isoschematron/resources/xsl/iso-schematron-xslt1
2022-12-27T11:13:48.2993240Z   copying src/lxml/isoschematron/resources/xsl/iso-schematron-xslt1/iso_schematron_skeleton_for_xslt1.xsl -> build/lib.macosx-11.0-arm64-cpython-311/lxml/isoschematron/resources/xsl/iso-schematron-xslt1
2022-12-27T11:13:48.2996470Z   copying src/lxml/isoschematron/resources/xsl/iso-schematron-xslt1/iso_svrl_for_xslt1.xsl -> build/lib.macosx-11.0-arm64-cpython-311/lxml/isoschematron/resources/xsl/iso-schematron-xslt1
2022-12-27T11:13:48.3062310Z   copying src/lxml/isoschematron/resources/xsl/iso-schematron-xslt1/iso_schematron_message.xsl -> build/lib.macosx-11.0-arm64-cpython-311/lxml/isoschematron/resources/xsl/iso-schematron-xslt1
2022-12-27T11:13:48.3062960Z   copying src/lxml/isoschematron/resources/xsl/iso-schematron-xslt1/readme.txt -> build/lib.macosx-11.0-arm64-cpython-311/lxml/isoschematron/resources/xsl/iso-schematron-xslt1
2022-12-27T11:13:48.3063210Z   running build_ext
2022-12-27T11:13:48.3122820Z   building 'lxml.etree' extension
2022-12-27T11:13:48.3124220Z   creating build/temp.macosx-11.0-arm64-cpython-311
2022-12-27T11:13:48.3125500Z   creating build/temp.macosx-11.0-arm64-cpython-311/src
2022-12-27T11:13:48.3126850Z   creating build/temp.macosx-11.0-arm64-cpython-311/src/lxml
2022-12-27T11:13:48.3129720Z   clang -Wsign-compare -Wunreachable-code -fno-common -dynamic -DNDEBUG -g -fwrapv -O3 -Wall -g -I/usr/local/opt/openssl@3/include -I/usr/local/opt/openssl@3/include -arch arm64 -I/Library/Developer/CommandLineTools/SDKs/MacOSX12.1.sdk/usr/include -I/Users/runner/actions-runner/_work/python.build/python.build/build_lxml321311/lxml-3.2.1/src/lxml/includes -I/private/var/folders/51/hd414ycd67n82196sw51xqtc0000gn/T/cibw-run-tcvadxos/cp311-macosx_arm64/build/venv/include -I/Library/Frameworks/Python.framework/Versions/3.11/include/python3.11 -c src/lxml/lxml.etree.c -o build/temp.macosx-11.0-arm64-cpython-311/src/lxml/lxml.etree.o -flat_namespace
2022-12-27T11:13:48.3280260Z   clang: warning: argument unused during compilation: '-flat_namespace' [-Wunused-command-line-argument]
2022-12-27T11:13:48.4044070Z   src/lxml/lxml.etree.c:4128:23: error: expression is not assignable
2022-12-27T11:13:48.4045220Z           Py_SIZE(list) = len+1;
2022-12-27T11:13:48.4046610Z           ~~~~~~~~~~~~~ ^
2022-12-27T11:13:48.4049150Z   src/lxml/lxml.etree.c:4250:23: error: expression is not assignable
2022-12-27T11:13:48.4050240Z           Py_SIZE(list) = len+1;
2022-12-27T11:13:48.4051160Z           ~~~~~~~~~~~~~ ^
2022-12-27T11:13:48.6396360Z   src/lxml/lxml.etree.c:81229:15: warning: 'PyUnicode_GET_DATA_SIZE' is deprecated [-Wdeprecated-declarations]
2022-12-27T11:13:48.6397250Z     __pyx_v_l = PyUnicode_GET_DATA_SIZE(((PyObject *)__pyx_v_utext));
2022-12-27T11:13:48.6398530Z                 ^
2022-12-27T11:13:48.6400750Z   /Library/Frameworks/Python.framework/Versions/3.11/include/python3.11/cpython/unicodeobject.h:676:39: note: expanded from macro 'PyUnicode_GET_DATA_SIZE'
2022-12-27T11:13:48.6401880Z   #  define PyUnicode_GET_DATA_SIZE(op) PyUnicode_GET_DATA_SIZE(_PyObject_CAST(op))
2022-12-27T11:13:48.6403260Z                                         ^
2022-12-27T11:13:48.6405210Z   /Library/Frameworks/Python.framework/Versions/3.11/include/python3.11/cpython/unicodeobject.h:667:1: note: 'PyUnicode_GET_DATA_SIZE' has been explicitly marked deprecated here
2022-12-27T11:13:48.6406020Z   Py_DEPRECATED(3.3)
2022-12-27T11:13:48.6407450Z   ^
2022-12-27T11:13:48.6409310Z   /Library/Frameworks/Python.framework/Versions/3.11/include/python3.11/pyport.h:336:54: note: expanded from macro 'Py_DEPRECATED'
2022-12-27T11:13:48.6410810Z   #define Py_DEPRECATED(VERSION_UNUSED) __attribute__((__deprecated__))
2022-12-27T11:13:48.6411210Z                                                        ^
2022-12-27T11:13:48.6412850Z   src/lxml/lxml.etree.c:81238:20: warning: 'PyUnicode_AS_DATA' is deprecated [-Wdeprecated-declarations]
2022-12-27T11:13:48.6413980Z     __pyx_v_buffer = PyUnicode_AS_DATA(((PyObject *)__pyx_v_utext));
2022-12-27T11:13:48.6415240Z                      ^
2022-12-27T11:13:48.6416950Z   /Library/Frameworks/Python.framework/Versions/3.11/include/python3.11/cpython/unicodeobject.h:712:33: note: expanded from macro 'PyUnicode_AS_DATA'
2022-12-27T11:13:48.6417740Z   #  define PyUnicode_AS_DATA(op) PyUnicode_AS_DATA(_PyObject_CAST(op))
2022-12-27T11:13:48.6418690Z                                   ^
2022-12-27T11:13:48.6420200Z   /Library/Frameworks/Python.framework/Versions/3.11/include/python3.11/cpython/unicodeobject.h:701:1: note: 'PyUnicode_AS_DATA' has been explicitly marked deprecated here
2022-12-27T11:13:48.6420680Z   Py_DEPRECATED(3.3)
2022-12-27T11:13:48.6421820Z   ^
2022-12-27T11:13:48.6423480Z   /Library/Frameworks/Python.framework/Versions/3.11/include/python3.11/pyport.h:336:54: note: expanded from macro 'Py_DEPRECATED'
2022-12-27T11:13:48.6424650Z   #define Py_DEPRECATED(VERSION_UNUSED) __attribute__((__deprecated__))
2022-12-27T11:13:48.6425870Z                                                        ^
2022-12-27T11:13:48.6568200Z   src/lxml/lxml.etree.c:88423:27: warning: 'PyUnicode_GET_DATA_SIZE' is deprecated [-Wdeprecated-declarations]
2022-12-27T11:13:48.6569940Z     __pyx_v_py_buffer_len = PyUnicode_GET_DATA_SIZE(__pyx_v_utext);
2022-12-27T11:13:48.6570940Z                             ^
2022-12-27T11:13:48.6572770Z   /Library/Frameworks/Python.framework/Versions/3.11/include/python3.11/cpython/unicodeobject.h:676:39: note: expanded from macro 'PyUnicode_GET_DATA_SIZE'
2022-12-27T11:13:48.6573840Z   #  define PyUnicode_GET_DATA_SIZE(op) PyUnicode_GET_DATA_SIZE(_PyObject_CAST(op))
2022-12-27T11:13:48.6575040Z                                         ^
2022-12-27T11:13:48.6577310Z   /Library/Frameworks/Python.framework/Versions/3.11/include/python3.11/cpython/unicodeobject.h:667:1: note: 'PyUnicode_GET_DATA_SIZE' has been explicitly marked deprecated here
2022-12-27T11:13:48.6578390Z   Py_DEPRECATED(3.3)
2022-12-27T11:13:48.6579270Z   ^
2022-12-27T11:13:48.6581030Z   /Library/Frameworks/Python.framework/Versions/3.11/include/python3.11/pyport.h:336:54: note: expanded from macro 'Py_DEPRECATED'
2022-12-27T11:13:48.6581980Z   #define Py_DEPRECATED(VERSION_UNUSED) __attribute__((__deprecated__))
2022-12-27T11:13:48.6583140Z                                                        ^
2022-12-27T11:13:48.6585000Z   src/lxml/lxml.etree.c:88541:22: warning: 'PyUnicode_AS_DATA' is deprecated [-Wdeprecated-declarations]
2022-12-27T11:13:48.6585900Z       __pyx_v_c_text = PyUnicode_AS_DATA(__pyx_v_utext);
2022-12-27T11:13:48.6587060Z                        ^
2022-12-27T11:13:48.6588810Z   /Library/Frameworks/Python.framework/Versions/3.11/include/python3.11/cpython/unicodeobject.h:712:33: note: expanded from macro 'PyUnicode_AS_DATA'
2022-12-27T11:13:48.6589800Z   #  define PyUnicode_AS_DATA(op) PyUnicode_AS_DATA(_PyObject_CAST(op))
2022-12-27T11:13:48.6590810Z                                   ^
2022-12-27T11:13:48.6592630Z   /Library/Frameworks/Python.framework/Versions/3.11/include/python3.11/cpython/unicodeobject.h:701:1: note: 'PyUnicode_AS_DATA' has been explicitly marked deprecated here
2022-12-27T11:13:48.6593520Z   Py_DEPRECATED(3.3)
2022-12-27T11:13:48.6594960Z   ^
2022-12-27T11:13:48.6596810Z   /Library/Frameworks/Python.framework/Versions/3.11/include/python3.11/pyport.h:336:54: note: expanded from macro 'Py_DEPRECATED'
2022-12-27T11:13:48.6597960Z   #define Py_DEPRECATED(VERSION_UNUSED) __attribute__((__deprecated__))
2022-12-27T11:13:48.6599130Z                                                        ^
2022-12-27T11:13:48.6601050Z   src/lxml/lxml.etree.c:89885:22: warning: 'PyUnicode_AS_DATA' is deprecated [-Wdeprecated-declarations]
2022-12-27T11:13:48.6602420Z       __pyx_v_c_data = PyUnicode_AS_DATA(__pyx_v_data);
2022-12-27T11:13:48.6603430Z                        ^
2022-12-27T11:13:48.6605170Z   /Library/Frameworks/Python.framework/Versions/3.11/include/python3.11/cpython/unicodeobject.h:712:33: note: expanded from macro 'PyUnicode_AS_DATA'
2022-12-27T11:13:48.6606290Z   #  define PyUnicode_AS_DATA(op) PyUnicode_AS_DATA(_PyObject_CAST(op))
2022-12-27T11:13:48.6607590Z                                   ^
2022-12-27T11:13:48.6609320Z   /Library/Frameworks/Python.framework/Versions/3.11/include/python3.11/cpython/unicodeobject.h:701:1: note: 'PyUnicode_AS_DATA' has been explicitly marked deprecated here
2022-12-27T11:13:48.6610220Z   Py_DEPRECATED(3.3)
2022-12-27T11:13:48.6611640Z   ^
2022-12-27T11:13:48.6613250Z   /Library/Frameworks/Python.framework/Versions/3.11/include/python3.11/pyport.h:336:54: note: expanded from macro 'Py_DEPRECATED'
2022-12-27T11:13:48.6614220Z   #define Py_DEPRECATED(VERSION_UNUSED) __attribute__((__deprecated__))
2022-12-27T11:13:48.6615480Z                                                        ^
2022-12-27T11:13:48.6617220Z   src/lxml/lxml.etree.c:89894:29: warning: 'PyUnicode_GET_DATA_SIZE' is deprecated [-Wdeprecated-declarations]
2022-12-27T11:13:48.6618040Z       __pyx_v_py_buffer_len = PyUnicode_GET_DATA_SIZE(__pyx_v_data);
2022-12-27T11:13:48.6619170Z                               ^
2022-12-27T11:13:48.6620850Z   /Library/Frameworks/Python.framework/Versions/3.11/include/python3.11/cpython/unicodeobject.h:676:39: note: expanded from macro 'PyUnicode_GET_DATA_SIZE'
2022-12-27T11:13:48.6622280Z   #  define PyUnicode_GET_DATA_SIZE(op) PyUnicode_GET_DATA_SIZE(_PyObject_CAST(op))
2022-12-27T11:13:48.6623490Z                                         ^
2022-12-27T11:13:48.6625130Z   /Library/Frameworks/Python.framework/Versions/3.11/include/python3.11/cpython/unicodeobject.h:667:1: note: 'PyUnicode_GET_DATA_SIZE' has been explicitly marked deprecated here
2022-12-27T11:13:48.6625740Z   Py_DEPRECATED(3.3)
2022-12-27T11:13:48.6627130Z   ^
2022-12-27T11:13:48.6628840Z   /Library/Frameworks/Python.framework/Versions/3.11/include/python3.11/pyport.h:336:54: note: expanded from macro 'Py_DEPRECATED'
2022-12-27T11:13:48.6629930Z   #define Py_DEPRECATED(VERSION_UNUSED) __attribute__((__deprecated__))
2022-12-27T11:13:48.6631210Z                                                        ^
2022-12-27T11:13:48.6668400Z   src/lxml/lxml.etree.c:92263:21: warning: 'PyUnicode_GET_DATA_SIZE' is deprecated [-Wdeprecated-declarations]
2022-12-27T11:13:48.6669560Z       __pyx_v_c_len = PyUnicode_GET_DATA_SIZE(__pyx_v_text);
2022-12-27T11:13:48.6670990Z                       ^
2022-12-27T11:13:48.6673250Z   /Library/Frameworks/Python.framework/Versions/3.11/include/python3.11/cpython/unicodeobject.h:676:39: note: expanded from macro 'PyUnicode_GET_DATA_SIZE'
2022-12-27T11:13:48.6674050Z   #  define PyUnicode_GET_DATA_SIZE(op) PyUnicode_GET_DATA_SIZE(_PyObject_CAST(op))
2022-12-27T11:13:48.6674960Z                                         ^
2022-12-27T11:13:48.6677080Z   /Library/Frameworks/Python.framework/Versions/3.11/include/python3.11/cpython/unicodeobject.h:667:1: note: 'PyUnicode_GET_DATA_SIZE' has been explicitly marked deprecated here
2022-12-27T11:13:48.6677920Z   Py_DEPRECATED(3.3)
2022-12-27T11:13:48.6679190Z   ^
2022-12-27T11:13:48.6680930Z   /Library/Frameworks/Python.framework/Versions/3.11/include/python3.11/pyport.h:336:54: note: expanded from macro 'Py_DEPRECATED'
2022-12-27T11:13:48.6682010Z   #define Py_DEPRECATED(VERSION_UNUSED) __attribute__((__deprecated__))
2022-12-27T11:13:48.6683300Z                                                        ^
2022-12-27T11:13:48.8091700Z   src/lxml/lxml.etree.c:136289:17: warning: enumeration value '__pyx_e_4lxml_5etree_PARSER_DATA_INVALID' not handled in switch [-Wswitch]
2022-12-27T11:13:48.8092480Z           switch (__pyx_v_doc_ref->_type) {
2022-12-27T11:13:48.8093730Z                   ^
2022-12-27T11:13:48.8095170Z   src/lxml/lxml.etree.c:136289:17: note: add missing switch cases
2022-12-27T11:13:48.8097070Z           switch (__pyx_v_doc_ref->_type) {
2022-12-27T11:13:48.8097800Z                   ^
2022-12-27T11:13:48.8235490Z   src/lxml/lxml.etree.c:140375:72: warning: incompatible pointer types passing 'struct __pyx_obj_4lxml_5etree__BaseContext *' to parameter of type 'struct __pyx_obj_4lxml_5etree__XSLTContext *' [-Wincompatible-pointer-types]
2022-12-27T11:13:48.8236840Z       __pyx_t_1 = ((PyObject *)__pyx_f_4lxml_5etree_12_XSLTContext__copy(((struct __pyx_obj_4lxml_5etree__BaseContext *)__pyx_v_self->_context))); if (unlikely(!__pyx_t_1)) {__pyx_filename = __pyx_f[2]; __pyx_lineno = 543; __pyx_clineno = __LINE__; goto __pyx_L9;}
2022-12-27T11:13:48.8238080Z                                                                          ^~~~~~~~~~~~~~~~~~~~~~~~~~~~~~~~~~~~~~~~~~~~~~~~~~~~~~~~~~~~~~~~~~~~~~
2022-12-27T11:13:48.8239480Z   src/lxml/lxml.etree.c:138310:138: note: passing argument to parameter '__pyx_v_self' here
2022-12-27T11:13:48.8240650Z   static struct __pyx_obj_4lxml_5etree__BaseContext *__pyx_f_4lxml_5etree_12_XSLTContext__copy(struct __pyx_obj_4lxml_5etree__XSLTContext *__pyx_v_self) {
2022-12-27T11:13:48.8242590Z                                                                                                                                            ^
2022-12-27T11:13:48.8271060Z   src/lxml/lxml.etree.c:141781:70: warning: incompatible pointer types passing 'struct __pyx_obj_4lxml_5etree__BaseContext *' to parameter of type 'struct __pyx_obj_4lxml_5etree__XSLTContext *' [-Wincompatible-pointer-types]
2022-12-27T11:13:48.8272440Z     __pyx_t_1 = ((PyObject *)__pyx_f_4lxml_5etree_12_XSLTContext__copy(((struct __pyx_obj_4lxml_5etree__BaseContext *)__pyx_v_stylesheet->_context))); if (unlikely(!__pyx_t_1)) {__pyx_filename = __pyx_f[2]; __pyx_lineno = 680; __pyx_clineno = __LINE__; goto __pyx_L1_error;}
2022-12-27T11:13:48.8273520Z                                                                        ^~~~~~~~~~~~~~~~~~~~~~~~~~~~~~~~~~~~~~~~~~~~~~~~~~~~~~~~~~~~~~~~~~~~~~~~~~~~
2022-12-27T11:13:48.8275140Z   src/lxml/lxml.etree.c:138310:138: note: passing argument to parameter '__pyx_v_self' here
2022-12-27T11:13:48.8277090Z   static struct __pyx_obj_4lxml_5etree__BaseContext *__pyx_f_4lxml_5etree_12_XSLTContext__copy(struct __pyx_obj_4lxml_5etree__XSLTContext *__pyx_v_self) {
2022-12-27T11:13:48.8279150Z                                                                                                                                            ^
2022-12-27T11:13:48.8402670Z   src/lxml/lxml.etree.c:146036:73: warning: format string is not a string literal (potentially insecure) [-Wformat-security]
2022-12-27T11:13:48.8403630Z             xsltTransformError(__pyx_v_c_ctxt, NULL, __pyx_v_c_inst_node, __pyx_t_23);
2022-12-27T11:13:48.8405200Z                                                                           ^~~~~~~~~~
2022-12-27T11:13:48.8406690Z   src/lxml/lxml.etree.c:146036:73: note: treat the string as an argument to avoid this
2022-12-27T11:13:48.8407720Z             xsltTransformError(__pyx_v_c_ctxt, NULL, __pyx_v_c_inst_node, __pyx_t_23);
2022-12-27T11:13:48.8408940Z                                                                           ^
2022-12-27T11:13:48.8410030Z                                                                           "%s",
2022-12-27T11:13:48.8411510Z   src/lxml/lxml.etree.c:146086:73: warning: format string is not a string literal (potentially insecure) [-Wformat-security]
2022-12-27T11:13:48.8412400Z             xsltTransformError(__pyx_v_c_ctxt, NULL, __pyx_v_c_inst_node, __pyx_t_23);
2022-12-27T11:13:48.8413640Z                                                                           ^~~~~~~~~~
2022-12-27T11:13:48.8414650Z   src/lxml/lxml.etree.c:146086:73: note: treat the string as an argument to avoid this
2022-12-27T11:13:48.8415620Z             xsltTransformError(__pyx_v_c_ctxt, NULL, __pyx_v_c_inst_node, __pyx_t_23);
2022-12-27T11:13:48.8416700Z                                                                           ^
2022-12-27T11:13:48.8417930Z                                                                           "%s",
2022-12-27T11:13:48.8419030Z   src/lxml/lxml.etree.c:146150:69: warning: format string is not a string literal (potentially insecure) [-Wformat-security]
2022-12-27T11:13:48.8419810Z         xsltTransformError(__pyx_v_c_ctxt, NULL, __pyx_v_c_inst_node, __pyx_k_388);
2022-12-27T11:13:48.8421080Z                                                                       ^~~~~~~~~~~
2022-12-27T11:13:48.8422110Z   src/lxml/lxml.etree.c:146150:69: note: treat the string as an argument to avoid this
2022-12-27T11:13:48.8423150Z         xsltTransformError(__pyx_v_c_ctxt, NULL, __pyx_v_c_inst_node, __pyx_k_388);
2022-12-27T11:13:48.8424040Z                                                                       ^
2022-12-27T11:13:48.8425060Z                                                                       "%s",
2022-12-27T11:13:48.8860140Z   src/lxml/lxml.etree.c:159967:5: error: expression is not assignable
2022-12-27T11:13:48.8861100Z       ++Py_REFCNT(o);
2022-12-27T11:13:48.8862320Z       ^ ~~~~~~~~~~~~
2022-12-27T11:13:48.8863870Z   src/lxml/lxml.etree.c:159970:5: error: expression is not assignable
2022-12-27T11:13:48.8865170Z       --Py_REFCNT(o);
2022-12-27T11:13:48.8866190Z       ^ ~~~~~~~~~~~~
2022-12-27T11:13:48.8922660Z   src/lxml/lxml.etree.c:161568:5: error: expression is not assignable
2022-12-27T11:13:48.8923790Z       ++Py_REFCNT(o);
2022-12-27T11:13:48.8924960Z       ^ ~~~~~~~~~~~~
2022-12-27T11:13:48.8926390Z   src/lxml/lxml.etree.c:161571:5: error: expression is not assignable
2022-12-27T11:13:48.8927970Z       --Py_REFCNT(o);
2022-12-27T11:13:48.8929040Z       ^ ~~~~~~~~~~~~
2022-12-27T11:13:48.8956330Z   src/lxml/lxml.etree.c:162240:5: error: expression is not assignable
2022-12-27T11:13:48.8957460Z       ++Py_REFCNT(o);
2022-12-27T11:13:48.8958740Z       ^ ~~~~~~~~~~~~
2022-12-27T11:13:48.8960140Z   src/lxml/lxml.etree.c:162243:5: error: expression is not assignable
2022-12-27T11:13:48.8961180Z       --Py_REFCNT(o);
2022-12-27T11:13:48.8961920Z       ^ ~~~~~~~~~~~~
2022-12-27T11:13:48.8976100Z   src/lxml/lxml.etree.c:162738:5: error: expression is not assignable
2022-12-27T11:13:48.8976970Z       ++Py_REFCNT(o);
2022-12-27T11:13:48.8977990Z       ^ ~~~~~~~~~~~~
2022-12-27T11:13:48.8979190Z   src/lxml/lxml.etree.c:162741:5: error: expression is not assignable
2022-12-27T11:13:48.8980140Z       --Py_REFCNT(o);
2022-12-27T11:13:48.8981080Z       ^ ~~~~~~~~~~~~
2022-12-27T11:13:48.8982140Z   src/lxml/lxml.etree.c:162853:5: error: expression is not assignable
2022-12-27T11:13:48.8983200Z       ++Py_REFCNT(o);
2022-12-27T11:13:48.8984070Z       ^ ~~~~~~~~~~~~
2022-12-27T11:13:48.8985240Z   src/lxml/lxml.etree.c:162856:5: error: expression is not assignable
2022-12-27T11:13:48.8986230Z       --Py_REFCNT(o);
2022-12-27T11:13:48.8987100Z       ^ ~~~~~~~~~~~~
2022-12-27T11:13:48.8996860Z   src/lxml/lxml.etree.c:163244:5: error: expression is not assignable
2022-12-27T11:13:48.8997790Z       ++Py_REFCNT(o);
2022-12-27T11:13:48.8998860Z       ^ ~~~~~~~~~~~~
2022-12-27T11:13:48.8999880Z   src/lxml/lxml.etree.c:163247:5: error: expression is not assignable
2022-12-27T11:13:48.9000910Z       --Py_REFCNT(o);
2022-12-27T11:13:48.9001840Z       ^ ~~~~~~~~~~~~
2022-12-27T11:13:48.9054230Z   src/lxml/lxml.etree.c:164576:5: error: expression is not assignable
2022-12-27T11:13:48.9055520Z       ++Py_REFCNT(o);
2022-12-27T11:13:48.9056810Z       ^ ~~~~~~~~~~~~
2022-12-27T11:13:48.9058070Z   src/lxml/lxml.etree.c:164579:5: error: expression is not assignable
2022-12-27T11:13:48.9059320Z       --Py_REFCNT(o);
2022-12-27T11:13:48.9060350Z       ^ ~~~~~~~~~~~~
2022-12-27T11:13:48.9082240Z   src/lxml/lxml.etree.c:165351:5: error: expression is not assignable
2022-12-27T11:13:48.9083520Z       ++Py_REFCNT(o);
2022-12-27T11:13:48.9084750Z       ^ ~~~~~~~~~~~~
2022-12-27T11:13:48.9086060Z   src/lxml/lxml.etree.c:165354:5: error: expression is not assignable
2022-12-27T11:13:48.9087400Z       --Py_REFCNT(o);
2022-12-27T11:13:48.9088330Z       ^ ~~~~~~~~~~~~
2022-12-27T11:13:48.9110360Z   src/lxml/lxml.etree.c:166004:5: error: expression is not assignable
2022-12-27T11:13:48.9111330Z       ++Py_REFCNT(o);
2022-12-27T11:13:48.9112710Z       ^ ~~~~~~~~~~~~
2022-12-27T11:13:48.9113940Z   fatal error: too many errors emitted, stopping now [-ferror-limit=]
2022-12-27T11:13:49.0050620Z   13 warnings and 20 errors generated.
2022-12-27T11:13:49.0095750Z   error: command '/usr/bin/clang' failed with exit code 1
2022-12-27T11:13:49.0458630Z   error: subprocess-exited-with-error
2022-12-27T11:13:49.0458860Z   
2022-12-27T11:13:49.0459240Z   Ã— python setup.py bdist_wheel did not run successfully.
2022-12-27T11:13:49.0459500Z   â”‚ exit code: 1
2022-12-27T11:13:49.0459730Z   â•°â”€> See above for output.
2022-12-27T11:13:49.0459890Z   
2022-12-27T11:13:49.0460120Z   note: This error originates from a subprocess, and is likely not a problem with pip.
2022-12-27T11:13:49.0465120Z   full command: /private/var/folders/51/hd414ycd67n82196sw51xqtc0000gn/T/cibw-run-tcvadxos/cp311-macosx_arm64/build/venv/bin/python -u -c '
2022-12-27T11:13:49.0465570Z   exec(compile('"'"''"'"''"'"'
2022-12-27T11:13:49.0466000Z   # This is <pip-setuptools-caller> -- a caller that pip uses to run setup.py
2022-12-27T11:13:49.0466290Z   #
2022-12-27T11:13:49.0466680Z   # - It imports setuptools before invoking setup.py, to enable projects that directly
2022-12-27T11:13:49.0467050Z   #   import from `distutils.core` to work with newer packaging standards.
2022-12-27T11:13:49.0467390Z   # - It provides a clear error message when setuptools is not installed.
2022-12-27T11:13:49.0467720Z   # - It sets `sys.argv[0]` to the underlying `setup.py`, when invoking `setup.py` so
2022-12-27T11:13:49.0468050Z   #   setuptools doesn'"'"'t think the script is `-c`. This avoids the following warning:
2022-12-27T11:13:49.0468340Z   #     manifest_maker: standard file '"'"'-c'"'"' not found".
2022-12-27T11:13:49.0468640Z   # - It generates a shim setup.py, for handling setup.cfg-only projects.
2022-12-27T11:13:49.0468840Z   import os, sys, tokenize
2022-12-27T11:13:49.0468970Z   
2022-12-27T11:13:49.0469090Z   try:
2022-12-27T11:13:49.0469220Z       import setuptools
2022-12-27T11:13:49.0469380Z   except ImportError as error:
2022-12-27T11:13:49.0470070Z       print(
2022-12-27T11:13:49.0470320Z           "ERROR: Can not execute `setup.py` since setuptools is not available in "
2022-12-27T11:13:49.0470560Z           "the build environment.",
2022-12-27T11:13:49.0470730Z           file=sys.stderr,
2022-12-27T11:13:49.0470880Z       )
2022-12-27T11:13:49.0471010Z       sys.exit(1)
2022-12-27T11:13:49.0471150Z   
2022-12-27T11:13:49.0471290Z   __file__ = %r
2022-12-27T11:13:49.0471440Z   sys.argv[0] = __file__
2022-12-27T11:13:49.0471590Z   
2022-12-27T11:13:49.0471740Z   if os.path.exists(__file__):
2022-12-27T11:13:49.0471920Z       filename = __file__
2022-12-27T11:13:49.0472100Z       with tokenize.open(__file__) as f:
2022-12-27T11:13:49.0472290Z           setup_py_code = f.read()
2022-12-27T11:13:49.0472450Z   else:
2022-12-27T11:13:49.0472710Z       filename = "<auto-generated setuptools caller>"
2022-12-27T11:13:49.0472960Z       setup_py_code = "from setuptools import setup; setup()"
2022-12-27T11:13:49.0473160Z   
2022-12-27T11:13:49.0473330Z   exec(compile(setup_py_code, filename, "exec"))
2022-12-27T11:13:49.0473960Z   '"'"''"'"''"'"' % ('"'"'/Users/runner/actions-runner/_work/python.build/python.build/build_lxml321311/lxml-3.2.1/setup.py'"'"',), "<pip-setuptools-caller>", "exec"))' bdist_wheel -d /private/var/folders/51/hd414ycd67n82196sw51xqtc0000gn/T/pip-wheel-eeg0hyv7
2022-12-27T11:13:49.0474520Z   cwd: /Users/runner/actions-runner/_work/python.build/python.build/build_lxml321311/lxml-3.2.1/
2022-12-27T11:13:49.0474780Z   ERROR: Failed building wheel for lxml
2022-12-27T11:13:49.0474980Z   Running command python setup.py clean
2022-12-27T11:13:49.0475290Z   Building wheel for lxml (setup.py): finished with status 'error'
2022-12-27T11:13:49.0475520Z   Running setup.py clean for lxml
2022-12-27T11:13:49.2370420Z   Building lxml version 3.2.1.
2022-12-27T11:13:49.2371140Z   Building without Cython.
2022-12-27T11:13:49.2497300Z   Using build configuration of libxslt 1.1.29
2022-12-27T11:13:49.3397320Z   Building against libxml2/libxslt in the following directory: /Library/Developer/CommandLineTools/SDKs/MacOSX12.1.sdk/usr/lib
2022-12-27T11:13:49.3463760Z   /private/var/folders/51/hd414ycd67n82196sw51xqtc0000gn/T/cibw-run-tcvadxos/cp311-macosx_arm64/build/venv/lib/python3.11/site-packages/setuptools/_distutils/dist.py:265: UserWarning: Unknown distribution option: 'bugtrack_url'
2022-12-27T11:13:49.3464580Z     warnings.warn(msg)
2022-12-27T11:13:49.3514260Z   running clean
2022-12-27T11:13:49.3537980Z   removing 'build/temp.macosx-11.0-arm64-cpython-311' (and everything under it)
2022-12-27T11:13:49.3541260Z   removing 'build/lib.macosx-11.0-arm64-cpython-311' (and everything under it)
2022-12-27T11:13:49.3585400Z   'build/bdist.macosx-11.0-arm64' does not exist -- can't clean it
2022-12-27T11:13:49.3586660Z   'build/scripts-3.11' does not exist -- can't clean it
2022-12-27T11:13:49.3587940Z   removing 'build'
2022-12-27T11:13:49.3865090Z Failed to build lxml
2022-12-27T11:13:49.3868790Z ERROR: Failed to build one or more wheels
2022-12-27T11:13:49.3881340Z Exception information:
2022-12-27T11:13:49.3881560Z Traceback (most recent call last):
2022-12-27T11:13:49.3887390Z   File "/private/var/folders/51/hd414ycd67n82196sw51xqtc0000gn/T/cibw-run-tcvadxos/cp311-macosx_arm64/build/venv/lib/python3.11/site-packages/pip/_internal/cli/base_command.py", line 160, in exc_logging_wrapper
2022-12-27T11:13:49.3887700Z     status = run_func(*args)
2022-12-27T11:13:49.3887830Z              ^^^^^^^^^^^^^^^
2022-12-27T11:13:49.3888290Z   File "/private/var/folders/51/hd414ycd67n82196sw51xqtc0000gn/T/cibw-run-tcvadxos/cp311-macosx_arm64/build/venv/lib/python3.11/site-packages/pip/_internal/cli/req_command.py", line 247, in wrapper
2022-12-27T11:13:49.3888550Z     return func(self, options, args)
2022-12-27T11:13:49.3888670Z            ^^^^^^^^^^^^^^^^^^^^^^^^^
2022-12-27T11:13:49.3889060Z   File "/private/var/folders/51/hd414ycd67n82196sw51xqtc0000gn/T/cibw-run-tcvadxos/cp311-macosx_arm64/build/venv/lib/python3.11/site-packages/pip/_internal/commands/wheel.py", line 201, in run
2022-12-27T11:13:49.3889720Z     raise CommandError("Failed to build one or more wheels")
2022-12-27T11:13:49.3889980Z pip._internal.exceptions.CommandError: Failed to build one or more wheels
2022-12-27T11:13:49.3890390Z Removed build tracker: '/private/var/folders/51/hd414ycd67n82196sw51xqtc0000gn/T/pip-build-tracker-lds0pozu'
2022-12-27T11:13:49.4329860Z ##[endgroup]
2022-12-27T11:13:49.4351430Z ##[error]Command ['python', '-m', 'pip', 'wheel', '/Users/runner/actions-runner/_work/python.build/python.build/build_lxml321311/lxml-3.2.1', '--wheel-dir=/private/var/folders/51/hd414ycd67n82196sw51xqtc0000gn/T/cibw-run-tcvadxos/cp311-macosx_arm64/built_wheel', '--no-deps', '-vvv'] failed with code 1. None
2022-12-27T11:13:49.4357960Z 
2022-12-27T11:13:49.4358250Z                                                               [31mâœ• [0m2.19s
2022-12-27T11:13:49.4804940Z ##[error]Process completed with exit code 1.
2022-12-27T11:13:49.4834650Z ##[group]Run rm -rf build_lxml321311 wheelsout
2022-12-27T11:13:49.4834850Z [36;1mrm -rf build_lxml321311 wheelsout[0m
2022-12-27T11:13:49.4850500Z shell: /bin/bash -e {0}
2022-12-27T11:13:49.4850610Z env:
2022-12-27T11:13:49.4850760Z   pythonLocation: /Users/runner/hostedtoolcache/Python/3.11.1/x64
2022-12-27T11:13:49.4850940Z   PKG_CONFIG_PATH: /Users/runner/hostedtoolcache/Python/3.11.1/x64/lib/pkgconfig
2022-12-27T11:13:49.4851130Z   Python_ROOT_DIR: /Users/runner/hostedtoolcache/Python/3.11.1/x64
2022-12-27T11:13:49.4851300Z   Python2_ROOT_DIR: /Users/runner/hostedtoolcache/Python/3.11.1/x64
2022-12-27T11:13:49.4851460Z   Python3_ROOT_DIR: /Users/runner/hostedtoolcache/Python/3.11.1/x64
2022-12-27T11:13:49.4851590Z ##[endgroup]
2022-12-27T11:13:49.5369390Z Cleaning up orphan processes
