2022-12-27T02:00:09.6306706Z Requested labels: self-hosted, macOS, X64
2022-12-27T02:00:09.6306780Z Job defined at: kilnbuild/python.build/.github/workflows/mac_arm_build.yml@refs/heads/main
2022-12-27T02:00:09.6306813Z Waiting for a runner to pick up this job...
2022-12-27T03:21:35.2962259Z Job is about to start running on the runner: kr2 (organization)
2022-12-27T03:21:40.4621580Z Current runner version: '2.300.2'
2022-12-27T03:21:40.4629150Z Runner name: 'kr2'
2022-12-27T03:21:40.4629650Z Runner group name: 'Default'
2022-12-27T03:21:40.4630570Z Machine name: 'kr2'
2022-12-27T03:21:40.4633330Z ##[group]GITHUB_TOKEN Permissions
2022-12-27T03:21:40.4634070Z Actions: write
2022-12-27T03:21:40.4634330Z Checks: write
2022-12-27T03:21:40.4634600Z Contents: write
2022-12-27T03:21:40.4634880Z Deployments: write
2022-12-27T03:21:40.4635150Z Discussions: write
2022-12-27T03:21:40.4635420Z Issues: write
2022-12-27T03:21:40.4635680Z Metadata: read
2022-12-27T03:21:40.4635940Z Packages: write
2022-12-27T03:21:40.4636210Z Pages: write
2022-12-27T03:21:40.4636490Z PullRequests: write
2022-12-27T03:21:40.4636800Z RepositoryProjects: write
2022-12-27T03:21:40.4637120Z SecurityEvents: write
2022-12-27T03:21:40.4637400Z Statuses: write
2022-12-27T03:21:40.4637660Z ##[endgroup]
2022-12-27T03:21:40.4641800Z Secret source: Actions
2022-12-27T03:21:40.4642330Z Prepare workflow directory
2022-12-27T03:21:40.5751550Z Prepare all required actions
2022-12-27T03:21:40.5958440Z Getting action download info
2022-12-27T03:21:41.0290210Z Download action repository 'actions/setup-python@v4' (SHA:5ccb29d8773c3f3f653e1705f474dfaa8a06a912)
2022-12-27T03:21:42.9015270Z Download action repository 'actions/upload-artifact@v3' (SHA:83fd05a356d7e2593de66fc9913b3002723633cb)
2022-12-27T03:21:44.3673570Z ##[group]Run echo '{
2022-12-27T03:21:44.3674150Z [36;1mecho '{[0m
2022-12-27T03:21:44.3674570Z [36;1m  "environment_variables": "GRPC_PYTHON_BUILD_WITH_CYTHON=1 GRPC_BUILD_WITH_BORING_SSL_ASM='' GRPC_PYTHON_BUILD_SYSTEM_OPENSSL=TRUE",[0m
2022-12-27T03:21:44.3675020Z [36;1m  "package_name": "grpcio",[0m
2022-12-27T03:21:44.3675480Z [36;1m  "package_url": "https://files.pythonhosted.org/packages/d2/81/820772464758c9882b075024126b1bcc459e7f55864ae8bd3302020835b0/grpcio-1.0.3.tar.gz",[0m
2022-12-27T03:21:44.3675830Z [36;1m  "package_version": "1.0.3",[0m
2022-12-27T03:21:44.3676050Z [36;1m  "python_version": "3.10",[0m
2022-12-27T03:21:44.3676310Z [36;1m  "use_ccache": "true"[0m
2022-12-27T03:21:44.3676510Z [36;1m}'[0m
2022-12-27T03:21:44.3705110Z shell: /bin/bash -e {0}
2022-12-27T03:21:44.3705320Z ##[endgroup]
2022-12-27T03:21:44.4178430Z {
2022-12-27T03:21:44.4181560Z   "environment_variables": "GRPC_PYTHON_BUILD_WITH_CYTHON=1 GRPC_BUILD_WITH_BORING_SSL_ASM= GRPC_PYTHON_BUILD_SYSTEM_OPENSSL=TRUE",
2022-12-27T03:21:44.4182020Z   "package_name": "grpcio",
2022-12-27T03:21:44.4183400Z   "package_url": "https://files.pythonhosted.org/packages/d2/81/820772464758c9882b075024126b1bcc459e7f55864ae8bd3302020835b0/grpcio-1.0.3.tar.gz",
2022-12-27T03:21:44.4183920Z   "package_version": "1.0.3",
2022-12-27T03:21:44.4184330Z   "python_version": "3.10",
2022-12-27T03:21:44.4184620Z   "use_ccache": "true"
2022-12-27T03:21:44.4185080Z }
2022-12-27T03:21:44.4544190Z ##[group]Run actions/setup-python@v4
2022-12-27T03:21:44.4544650Z with:
2022-12-27T03:21:44.4544980Z   python-version: 3.10
2022-12-27T03:21:44.4545260Z   check-latest: false
2022-12-27T03:21:44.4545990Z   token: ***
2022-12-27T03:21:44.4546410Z   update-environment: true
2022-12-27T03:21:44.4546690Z ##[endgroup]
2022-12-27T03:21:44.6716970Z ##[group]Installed versions
2022-12-27T03:21:44.6777520Z Successfully set up CPython (3.10.9)
2022-12-27T03:21:44.6778630Z ##[endgroup]
2022-12-27T03:21:44.7013460Z ##[group]Run if [ "true" == "true" ]
2022-12-27T03:21:44.7013930Z [36;1mif [ "true" == "true" ][0m
2022-12-27T03:21:44.7014390Z [36;1mthen[0m
2022-12-27T03:21:44.7014800Z [36;1m  echo "CCACHE_PATH_PREPEND=/usr/local/opt/ccache/libexec" >> $GITHUB_OUTPUT[0m
2022-12-27T03:21:44.7015130Z [36;1melse[0m
2022-12-27T03:21:44.7015500Z [36;1m  echo "CCACHE_PATH_PREPEND=" >> $GITHUB_OUTPUT[0m
2022-12-27T03:21:44.7016020Z [36;1mfi[0m
2022-12-27T03:21:44.7045380Z shell: /bin/bash -e {0}
2022-12-27T03:21:44.7045750Z env:
2022-12-27T03:21:44.7046150Z   pythonLocation: /Users/runner/hostedtoolcache/Python/3.10.9/x64
2022-12-27T03:21:44.7046750Z   PKG_CONFIG_PATH: /Users/runner/hostedtoolcache/Python/3.10.9/x64/lib/pkgconfig
2022-12-27T03:21:44.7047900Z   Python_ROOT_DIR: /Users/runner/hostedtoolcache/Python/3.10.9/x64
2022-12-27T03:21:44.7048350Z   Python2_ROOT_DIR: /Users/runner/hostedtoolcache/Python/3.10.9/x64
2022-12-27T03:21:44.7048900Z   Python3_ROOT_DIR: /Users/runner/hostedtoolcache/Python/3.10.9/x64
2022-12-27T03:21:44.7049310Z ##[endgroup]
2022-12-27T03:21:44.7359760Z ##[group]Run echo "BUILD_NAME=$(echo grpcio_1.0.3_3.10 | tr -dc '[:alnum:]\n\r' | tr '[:upper:]' '[:lower:]')" >> $GITHUB_OUTPUT
2022-12-27T03:21:44.7360390Z [36;1mecho "BUILD_NAME=$(echo grpcio_1.0.3_3.10 | tr -dc '[:alnum:]\n\r' | tr '[:upper:]' '[:lower:]')" >> $GITHUB_OUTPUT[0m
2022-12-27T03:21:44.7387270Z shell: /bin/bash -e {0}
2022-12-27T03:21:44.7387580Z env:
2022-12-27T03:21:44.7387950Z   pythonLocation: /Users/runner/hostedtoolcache/Python/3.10.9/x64
2022-12-27T03:21:44.7388430Z   PKG_CONFIG_PATH: /Users/runner/hostedtoolcache/Python/3.10.9/x64/lib/pkgconfig
2022-12-27T03:21:44.7388810Z   Python_ROOT_DIR: /Users/runner/hostedtoolcache/Python/3.10.9/x64
2022-12-27T03:21:44.7389330Z   Python2_ROOT_DIR: /Users/runner/hostedtoolcache/Python/3.10.9/x64
2022-12-27T03:21:44.7389700Z   Python3_ROOT_DIR: /Users/runner/hostedtoolcache/Python/3.10.9/x64
2022-12-27T03:21:44.7390000Z ##[endgroup]
2022-12-27T03:21:44.7642660Z ##[group]Run echo "PYTHON_NO_DOTS=$(echo 3.10 | tr -dc '[:alnum:]\n\r' | tr '[:upper:]' '[:lower:]')" >> $GITHUB_OUTPUT
2022-12-27T03:21:44.7643340Z [36;1mecho "PYTHON_NO_DOTS=$(echo 3.10 | tr -dc '[:alnum:]\n\r' | tr '[:upper:]' '[:lower:]')" >> $GITHUB_OUTPUT[0m
2022-12-27T03:21:44.7670450Z shell: /bin/bash -e {0}
2022-12-27T03:21:44.7670830Z env:
2022-12-27T03:21:44.7671330Z   pythonLocation: /Users/runner/hostedtoolcache/Python/3.10.9/x64
2022-12-27T03:21:44.7671730Z   PKG_CONFIG_PATH: /Users/runner/hostedtoolcache/Python/3.10.9/x64/lib/pkgconfig
2022-12-27T03:21:44.7672180Z   Python_ROOT_DIR: /Users/runner/hostedtoolcache/Python/3.10.9/x64
2022-12-27T03:21:44.7672610Z   Python2_ROOT_DIR: /Users/runner/hostedtoolcache/Python/3.10.9/x64
2022-12-27T03:21:44.7673050Z   Python3_ROOT_DIR: /Users/runner/hostedtoolcache/Python/3.10.9/x64
2022-12-27T03:21:44.7673490Z ##[endgroup]
2022-12-27T03:21:44.7904710Z ##[group]Run rm -rf build_grpcio103310
2022-12-27T03:21:44.7905200Z [36;1mrm -rf build_grpcio103310[0m
2022-12-27T03:21:44.7905490Z [36;1mmkdir build_grpcio103310[0m
2022-12-27T03:21:44.7905940Z [36;1mcd build_grpcio103310[0m
2022-12-27T03:21:44.7906450Z [36;1m/usr/local/bin/wget --quiet https://files.pythonhosted.org/packages/d2/81/820772464758c9882b075024126b1bcc459e7f55864ae8bd3302020835b0/grpcio-1.0.3.tar.gz[0m
2022-12-27T03:21:44.7906940Z [36;1mtar xf *.tar.gz[0m
2022-12-27T03:21:44.7907250Z [36;1mcd grpcio-*/[0m
2022-12-27T03:21:44.7907710Z [36;1mpython -m pip install cibuildwheel==2.11.3[0m
2022-12-27T03:21:44.7908130Z [36;1mpython -m cibuildwheel --output-dir ../wheelsout[0m
2022-12-27T03:21:44.7936150Z shell: /bin/bash -e {0}
2022-12-27T03:21:44.7936570Z env:
2022-12-27T03:21:44.7937030Z   pythonLocation: /Users/runner/hostedtoolcache/Python/3.10.9/x64
2022-12-27T03:21:44.7937550Z   PKG_CONFIG_PATH: /Users/runner/hostedtoolcache/Python/3.10.9/x64/lib/pkgconfig
2022-12-27T03:21:44.7938030Z   Python_ROOT_DIR: /Users/runner/hostedtoolcache/Python/3.10.9/x64
2022-12-27T03:21:44.7938420Z   Python2_ROOT_DIR: /Users/runner/hostedtoolcache/Python/3.10.9/x64
2022-12-27T03:21:44.7938930Z   Python3_ROOT_DIR: /Users/runner/hostedtoolcache/Python/3.10.9/x64
2022-12-27T03:21:44.7939320Z   CIBW_ARCHS_MACOS: arm64
2022-12-27T03:21:44.7939750Z   CIBW_TEST_SKIP: *_arm64
2022-12-27T03:21:44.7940100Z   CIBW_BUILD: cp310-macosx_arm64
2022-12-27T03:21:44.7940530Z   CIBW_BUILD_FRONTEND: pip
2022-12-27T03:21:44.7940810Z   CIBW_BUILD_VERBOSITY: 3
2022-12-27T03:21:44.7941490Z   CIBW_ENVIRONMENT_MACOS: GRPC_PYTHON_BUILD_WITH_CYTHON=1 GRPC_BUILD_WITH_BORING_SSL_ASM='' GRPC_PYTHON_BUILD_SYSTEM_OPENSSL=TRUE CFLAGS="-I/usr/local/opt/openssl@3/include" LDFLAGS="-L/usr/local/opt/openssl@3/lib" CPPFLAGS="-I/usr/local/opt/openssl@3/include" MAKEFLAGS="-j$(sysctl -n hw.logicalcpu)" PATH=/usr/local/opt/ccache/libexec:$PATH
2022-12-27T03:21:44.7942590Z   CIBW_BEFORE_BUILD: pip install Cython; if [[ -f requirements.txt ]]; then pip install -r requirements.txt; fi
2022-12-27T03:21:44.7943880Z   MAKEFLAGS: -j$(sysctl -n hw.logicalcpu)
2022-12-27T03:21:44.7944300Z ##[endgroup]
2022-12-27T03:21:46.1496630Z Requirement already satisfied: cibuildwheel==2.11.3 in /Users/runner/hostedtoolcache/Python/3.10.9/x64/lib/python3.10/site-packages (2.11.3)
2022-12-27T03:21:46.1908690Z Requirement already satisfied: bashlex!=0.13 in /Users/runner/hostedtoolcache/Python/3.10.9/x64/lib/python3.10/site-packages (from cibuildwheel==2.11.3) (0.16)
2022-12-27T03:21:46.1914250Z Requirement already satisfied: certifi in /Users/runner/hostedtoolcache/Python/3.10.9/x64/lib/python3.10/site-packages (from cibuildwheel==2.11.3) (2022.12.7)
2022-12-27T03:21:46.1919820Z Requirement already satisfied: platformdirs in /Users/runner/hostedtoolcache/Python/3.10.9/x64/lib/python3.10/site-packages (from cibuildwheel==2.11.3) (2.6.0)
2022-12-27T03:21:46.1930130Z Requirement already satisfied: tomli in /Users/runner/hostedtoolcache/Python/3.10.9/x64/lib/python3.10/site-packages (from cibuildwheel==2.11.3) (2.0.1)
2022-12-27T03:21:46.1934820Z Requirement already satisfied: bracex in /Users/runner/hostedtoolcache/Python/3.10.9/x64/lib/python3.10/site-packages (from cibuildwheel==2.11.3) (2.3.post1)
2022-12-27T03:21:46.1948760Z Requirement already satisfied: typing-extensions>=4.1.0 in /Users/runner/hostedtoolcache/Python/3.10.9/x64/lib/python3.10/site-packages (from cibuildwheel==2.11.3) (4.4.0)
2022-12-27T03:21:46.1954600Z Requirement already satisfied: filelock in /Users/runner/hostedtoolcache/Python/3.10.9/x64/lib/python3.10/site-packages (from cibuildwheel==2.11.3) (3.8.2)
2022-12-27T03:21:46.1962700Z Requirement already satisfied: packaging>=20.9 in /Users/runner/hostedtoolcache/Python/3.10.9/x64/lib/python3.10/site-packages (from cibuildwheel==2.11.3) (22.0)
2022-12-27T03:21:46.5413920Z 
2022-12-27T03:21:46.5415710Z      _ _       _ _   _       _           _
2022-12-27T03:21:46.5416340Z  ___|_| |_ _ _|_| |_| |_ _ _| |_ ___ ___| |
2022-12-27T03:21:46.5419010Z |  _| | . | | | | | . | | | |   | -_| -_| |
2022-12-27T03:21:46.5420130Z |___|_|___|___|_|_|___|_____|_|_|___|___|_|
2022-12-27T03:21:46.5420670Z 
2022-12-27T03:21:46.5420800Z cibuildwheel version 2.11.3
2022-12-27T03:21:46.5421050Z 
2022-12-27T03:21:46.5421240Z Build options:
2022-12-27T03:21:46.5421640Z   platform: macos
2022-12-27T03:21:46.5629940Z   architectures: arm64[0m
2022-12-27T03:21:46.5637680Z   build_selector: 
2022-12-27T03:21:46.5641580Z     build_config: cp310-macosx_arm64
2022-12-27T03:21:46.5644160Z     skip_config: 
2022-12-27T03:21:46.5645020Z     requires_python: None
2022-12-27T03:21:46.5646060Z     prerelease_pythons: False[0m
2022-12-27T03:21:46.5647590Z   [38;5;244mcontainer_engine: docker[0m
2022-12-27T03:21:46.5648770Z   output_dir: /Users/runner/actions-runner/_work/python.build/python.build/build_grpcio103310/wheelsout[0m
2022-12-27T03:21:46.5650080Z   package_dir: /Users/runner/actions-runner/_work/python.build/python.build/build_grpcio103310/grpcio-1.0.3[0m
2022-12-27T03:21:46.5650580Z   test_selector: 
2022-12-27T03:21:46.5650970Z     skip_config: *_arm64[0m
2022-12-27T03:21:46.5652290Z   [38;5;244mbefore_all: [0m
2022-12-27T03:21:46.5652870Z   before_build: pip install Cython; if [[ -f requirements.txt ]]; then pip install -r requirements.txt; fi[0m
2022-12-27T03:21:46.5653380Z   [38;5;244mbefore_test: [0m
2022-12-27T03:21:46.5653760Z   [38;5;244mbuild_frontend: pip[0m
2022-12-27T03:21:46.5654360Z   build_verbosity: 3[0m
2022-12-27T03:21:46.5654800Z   [38;5;244mconfig_settings: [0m
2022-12-27T03:21:46.5655240Z   [38;5;244mdependency_constraints: pinned[0m
2022-12-27T03:21:46.5655600Z   environment: 
2022-12-27T03:21:46.5655980Z     GRPC_PYTHON_BUILD_WITH_CYTHON=1
2022-12-27T03:21:46.5656540Z     GRPC_BUILD_WITH_BORING_SSL_ASM=''
2022-12-27T03:21:46.5656920Z     GRPC_PYTHON_BUILD_SYSTEM_OPENSSL=TRUE
2022-12-27T03:21:46.5658240Z     CFLAGS="-I/usr/local/opt/openssl@3/include"
2022-12-27T03:21:46.5658910Z     LDFLAGS="-L/usr/local/opt/openssl@3/lib"
2022-12-27T03:21:46.5659360Z     CPPFLAGS="-I/usr/local/opt/openssl@3/include"
2022-12-27T03:21:46.5660050Z     MAKEFLAGS="-j$(sysctl -n hw.logicalcpu)"
2022-12-27T03:21:46.5660550Z     PATH=/usr/local/opt/ccache/libexec:$PATH[0m
2022-12-27T03:21:46.5660940Z   [38;5;244mmanylinux_images: None[0m
2022-12-27T03:21:46.5661380Z   [38;5;244mmusllinux_images: None[0m
2022-12-27T03:21:46.5662150Z   [38;5;244mrepair_command: delocate-wheel --require-archs {delocate_archs} -w {dest_dir} -v {wheel}[0m
2022-12-27T03:21:46.5662590Z   [38;5;244mtest_command: [0m
2022-12-27T03:21:46.5663060Z   [38;5;244mtest_extras: [0m
2022-12-27T03:21:46.5663470Z   [38;5;244mtest_requires: [0m
2022-12-27T03:21:46.5663680Z 
2022-12-27T03:21:46.5663810Z Cache folder: /Users/runner/Library/Caches/cibuildwheel
2022-12-27T03:21:46.5667220Z 
2022-12-27T03:21:46.5668290Z Here we go!
2022-12-27T03:21:46.5668510Z 
2022-12-27T03:21:46.5775690Z 
2022-12-27T03:21:46.5776530Z [1m[34mBuilding cp310-macosx_arm64 wheel[0m
2022-12-27T03:21:46.5777070Z CPython 3.10 macOS arm64 - Apple Silicon
2022-12-27T03:21:46.5777310Z 
2022-12-27T03:21:46.5779120Z ##[group]Installing Python cp310...
2022-12-27T03:21:46.5779570Z 
2022-12-27T03:21:46.5779940Z + pkgutil --pkgs
2022-12-27T03:21:46.5982010Z ##[endgroup]
2022-12-27T03:21:46.5985460Z                                                               [32m✓ [0m0.02s
2022-12-27T03:21:46.5987040Z ##[group]Setting up build environment...
2022-12-27T03:21:46.5987750Z 
2022-12-27T03:21:46.6015790Z + /Users/runner/hostedtoolcache/Python/3.10.9/x64/bin/python -sS /Users/runner/Library/Caches/cibuildwheel/virtualenv-20.17.0.pyz --activators= --no-periodic-update --pip=22.3.1 --setuptools=65.6.3 --wheel=0.38.4 --symlink-app-data --python /Library/Frameworks/Python.framework/Versions/3.10/bin/python3 /private/var/folders/51/hd414ycd67n82196sw51xqtc0000gn/T/cibw-run-hwf_y7me/cp310-macosx_arm64/build/venv
2022-12-27T03:21:46.9159230Z created virtual environment CPython3.10.8.final.0-64 in 81ms
2022-12-27T03:21:46.9160530Z   creator CPython3Posix(dest=/private/var/folders/51/hd414ycd67n82196sw51xqtc0000gn/T/cibw-run-hwf_y7me/cp310-macosx_arm64/build/venv, clear=False, no_vcs_ignore=False, global=False)
2022-12-27T03:21:46.9161250Z   seeder FromAppData(download=False, pip=22.3.1, setuptools=65.6.3, wheel=0.38.4, via=symlink, app_data_dir=/Users/runner/Library/Application Support/virtualenv)
2022-12-27T03:21:46.9162000Z     added seed packages: pip==22.3.1, setuptools==65.6.3, wheel==0.38.4
2022-12-27T03:21:46.9479530Z + python -m pip install --upgrade pip -c /Users/runner/hostedtoolcache/Python/3.10.9/x64/lib/python3.10/site-packages/cibuildwheel/resources/constraints-python310.txt
2022-12-27T03:21:47.4080220Z Requirement already satisfied: pip in ./lib/python3.10/site-packages (22.3.1)
2022-12-27T03:21:47.6633130Z + which pip
2022-12-27T03:21:47.6681460Z /private/var/folders/51/hd414ycd67n82196sw51xqtc0000gn/T/cibw-run-hwf_y7me/cp310-macosx_arm64/build/venv/bin/pip
2022-12-27T03:21:47.6689480Z + pip --version
2022-12-27T03:21:47.9897650Z pip 22.3.1 from /private/var/folders/51/hd414ycd67n82196sw51xqtc0000gn/T/cibw-run-hwf_y7me/cp310-macosx_arm64/build/venv/lib/python3.10/site-packages/pip (python 3.10)
2022-12-27T03:21:48.0366560Z + which pip
2022-12-27T03:21:48.0411700Z + which python
2022-12-27T03:21:48.0457390Z /private/var/folders/51/hd414ycd67n82196sw51xqtc0000gn/T/cibw-run-hwf_y7me/cp310-macosx_arm64/build/venv/bin/python
2022-12-27T03:21:48.0461710Z + python --version
2022-12-27T03:21:48.0551090Z Python 3.10.8
2022-12-27T03:21:48.0558680Z + which python
2022-12-27T03:21:48.0653910Z ##[endgroup]
2022-12-27T03:21:48.0654850Z                                                               [32m✓ [0m1.47s
2022-12-27T03:21:48.0655670Z ##[group]Installing build tools...
2022-12-27T03:21:48.0656000Z 
2022-12-27T03:21:48.0657000Z + pip install --upgrade setuptools wheel delocate -c /Users/runner/hostedtoolcache/Python/3.10.9/x64/lib/python3.10/site-packages/cibuildwheel/resources/constraints-python310.txt
2022-12-27T03:21:48.5062390Z Requirement already satisfied: setuptools in /private/var/folders/51/hd414ycd67n82196sw51xqtc0000gn/T/cibw-run-hwf_y7me/cp310-macosx_arm64/build/venv/lib/python3.10/site-packages (65.6.3)
2022-12-27T03:21:48.8613190Z Requirement already satisfied: wheel in /private/var/folders/51/hd414ycd67n82196sw51xqtc0000gn/T/cibw-run-hwf_y7me/cp310-macosx_arm64/build/venv/lib/python3.10/site-packages (0.38.4)
2022-12-27T03:21:48.9288800Z Collecting delocate
2022-12-27T03:21:48.9329470Z   Using cached delocate-0.10.3-py3-none-any.whl (142 kB)
2022-12-27T03:21:48.9808210Z Collecting packaging>=20.9
2022-12-27T03:21:48.9841680Z   Using cached packaging-21.3-py3-none-any.whl (40 kB)
2022-12-27T03:21:49.0096980Z Collecting typing-extensions
2022-12-27T03:21:49.0148870Z   Using cached typing_extensions-4.4.0-py3-none-any.whl (26 kB)
2022-12-27T03:21:49.0677260Z Collecting pyparsing!=3.0.5,>=2.0.2
2022-12-27T03:21:49.0709650Z   Using cached pyparsing-3.0.9-py3-none-any.whl (98 kB)
2022-12-27T03:21:49.1244190Z Installing collected packages: typing-extensions, pyparsing, packaging, delocate
2022-12-27T03:21:49.3256070Z Successfully installed delocate-0.10.3 packaging-21.3 pyparsing-3.0.9 typing-extensions-4.4.0
2022-12-27T03:21:49.4562370Z ##[endgroup]
2022-12-27T03:21:49.4563690Z                                                               [32m✓ [0m1.39s
2022-12-27T03:21:49.4564250Z ##[group]Running before_build...
2022-12-27T03:21:49.4564460Z 
2022-12-27T03:21:49.4576040Z + pip install Cython; if [[ -f requirements.txt ]]; then pip install -r requirements.txt; fi
2022-12-27T03:21:50.4309920Z Collecting Cython
2022-12-27T03:21:50.4395080Z   Using cached Cython-0.29.32-py2.py3-none-any.whl (986 kB)
2022-12-27T03:21:50.5112360Z Installing collected packages: Cython
2022-12-27T03:21:51.2768860Z Successfully installed Cython-0.29.32
2022-12-27T03:21:52.4161030Z Collecting coverage>=4.0
2022-12-27T03:21:52.4230360Z   Using cached coverage-7.0.1-cp310-cp310-macosx_10_9_x86_64.whl (188 kB)
2022-12-27T03:21:52.4291490Z Requirement already satisfied: cython>=0.23 in /private/var/folders/51/hd414ycd67n82196sw51xqtc0000gn/T/cibw-run-hwf_y7me/cp310-macosx_arm64/build/venv/lib/python3.10/site-packages (from -r requirements.txt (line 3)) (0.29.32)
2022-12-27T03:21:52.4492460Z Collecting enum34>=1.0.4
2022-12-27T03:21:52.4524940Z   Using cached enum34-1.1.10-py3-none-any.whl (11 kB)
2022-12-27T03:21:52.4765710Z Collecting futures>=2.2.0
2022-12-27T03:21:52.4767010Z   Using cached futures-3.0.5-py3-none-any.whl
2022-12-27T03:21:53.1016550Z Collecting protobuf>=3.0.0
2022-12-27T03:21:53.1071230Z   Using cached protobuf-4.21.12-cp37-abi3-macosx_10_9_universal2.whl (486 kB)
2022-12-27T03:21:53.1426790Z Collecting six>=1.10
2022-12-27T03:21:53.1459030Z   Using cached six-1.16.0-py2.py3-none-any.whl (11 kB)
2022-12-27T03:21:53.1487520Z Requirement already satisfied: wheel>=0.29 in /private/var/folders/51/hd414ycd67n82196sw51xqtc0000gn/T/cibw-run-hwf_y7me/cp310-macosx_arm64/build/venv/lib/python3.10/site-packages (from -r requirements.txt (line 8)) (0.38.4)
2022-12-27T03:21:53.2055520Z Installing collected packages: futures, enum34, six, protobuf, coverage
2022-12-27T03:21:53.5875880Z Successfully installed coverage-7.0.1 enum34-1.1.10 futures-3.0.5 protobuf-4.21.12 six-1.16.0
2022-12-27T03:21:53.7122810Z ##[endgroup]
2022-12-27T03:21:53.7125650Z                                                               [32m✓ [0m4.26s
2022-12-27T03:21:53.7127540Z ##[group]Building wheel...
2022-12-27T03:21:53.7127950Z 
2022-12-27T03:21:53.7134270Z + python -m pip wheel /Users/runner/actions-runner/_work/python.build/python.build/build_grpcio103310/grpcio-1.0.3 --wheel-dir=/private/var/folders/51/hd414ycd67n82196sw51xqtc0000gn/T/cibw-run-hwf_y7me/cp310-macosx_arm64/built_wheel --no-deps -vvv
2022-12-27T03:21:54.1202540Z Created temporary directory: /private/var/folders/51/hd414ycd67n82196sw51xqtc0000gn/T/pip-ephem-wheel-cache-dzewmadp
2022-12-27T03:21:54.1208030Z Created temporary directory: /private/var/folders/51/hd414ycd67n82196sw51xqtc0000gn/T/pip-build-tracker-lbet3dh0
2022-12-27T03:21:54.1210090Z Initialized build tracking at /private/var/folders/51/hd414ycd67n82196sw51xqtc0000gn/T/pip-build-tracker-lbet3dh0
2022-12-27T03:21:54.1211830Z Created build tracker: /private/var/folders/51/hd414ycd67n82196sw51xqtc0000gn/T/pip-build-tracker-lbet3dh0
2022-12-27T03:21:54.1214710Z Entered build tracker: /private/var/folders/51/hd414ycd67n82196sw51xqtc0000gn/T/pip-build-tracker-lbet3dh0
2022-12-27T03:21:54.1220130Z Created temporary directory: /private/var/folders/51/hd414ycd67n82196sw51xqtc0000gn/T/pip-wheel-9qdfj2ca
2022-12-27T03:21:54.1229360Z Created temporary directory: /private/var/folders/51/hd414ycd67n82196sw51xqtc0000gn/T/pip-ephem-wheel-cache-b1qcqbqs
2022-12-27T03:21:54.1506890Z Processing /Users/runner/actions-runner/_work/python.build/python.build/build_grpcio103310/grpcio-1.0.3
2022-12-27T03:21:54.1514970Z   Added file:///Users/runner/actions-runner/_work/python.build/python.build/build_grpcio103310/grpcio-1.0.3 to build tracker '/private/var/folders/51/hd414ycd67n82196sw51xqtc0000gn/T/pip-build-tracker-lbet3dh0'
2022-12-27T03:21:54.1520810Z   Running setup.py (path:/Users/runner/actions-runner/_work/python.build/python.build/build_grpcio103310/grpcio-1.0.3/setup.py) egg_info for package from file:///Users/runner/actions-runner/_work/python.build/python.build/build_grpcio103310/grpcio-1.0.3
2022-12-27T03:21:54.1525170Z   Created temporary directory: /private/var/folders/51/hd414ycd67n82196sw51xqtc0000gn/T/pip-pip-egg-info-potlkhxn
2022-12-27T03:21:54.1527230Z   Preparing metadata (setup.py): started
2022-12-27T03:21:54.1530470Z   Running command python setup.py egg_info
2022-12-27T03:21:54.8363150Z   /private/var/folders/51/hd414ycd67n82196sw51xqtc0000gn/T/cibw-run-hwf_y7me/cp310-macosx_arm64/build/venv/lib/python3.10/site-packages/Cython/Compiler/Main.py:369: FutureWarning: Cython directive 'language_level' not set, using 2 for now (Py2). This will change in a later release! File: /Users/runner/actions-runner/_work/python.build/python.build/build_grpcio103310/grpcio-1.0.3/src/python/grpcio/grpc/_cython/cygrpc.pxd
2022-12-27T03:21:54.8364080Z     tree = Parsing.p_module(s, pxd, full_module_name)
2022-12-27T03:21:54.9203260Z   warning: src/python/grpcio/grpc/_cython/_cygrpc/grpc.pxi:141:13: 'GRPC_ARG_PRIMARY_USER_AGENT_STRING' redeclared
2022-12-27T03:21:56.2699780Z   Compiling src/python/grpcio/grpc/_cython/cygrpc.pyx because it depends on /private/var/folders/51/hd414ycd67n82196sw51xqtc0000gn/T/cibw-run-hwf_y7me/cp310-macosx_arm64/build/venv/lib/python3.10/site-packages/Cython/Includes/libc/time.pxd.
2022-12-27T03:21:56.2701350Z   [1/1] Cythonizing src/python/grpcio/grpc/_cython/cygrpc.pyx
2022-12-27T03:21:56.2929260Z   /private/var/folders/51/hd414ycd67n82196sw51xqtc0000gn/T/cibw-run-hwf_y7me/cp310-macosx_arm64/build/venv/lib/python3.10/site-packages/setuptools/installer.py:27: SetuptoolsDeprecationWarning: setuptools.installer is deprecated. Requirements should be satisfied by a PEP 517 installer.
2022-12-27T03:21:56.2930900Z     warnings.warn(
2022-12-27T03:22:12.2171520Z   running egg_info
2022-12-27T03:22:12.2180390Z   creating /private/var/folders/51/hd414ycd67n82196sw51xqtc0000gn/T/pip-pip-egg-info-potlkhxn/grpcio.egg-info
2022-12-27T03:22:12.2313150Z   writing /private/var/folders/51/hd414ycd67n82196sw51xqtc0000gn/T/pip-pip-egg-info-potlkhxn/grpcio.egg-info/PKG-INFO
2022-12-27T03:22:12.2324100Z   writing dependency_links to /private/var/folders/51/hd414ycd67n82196sw51xqtc0000gn/T/pip-pip-egg-info-potlkhxn/grpcio.egg-info/dependency_links.txt
2022-12-27T03:22:12.2326380Z   writing requirements to /private/var/folders/51/hd414ycd67n82196sw51xqtc0000gn/T/pip-pip-egg-info-potlkhxn/grpcio.egg-info/requires.txt
2022-12-27T03:22:12.2329150Z   writing top-level names to /private/var/folders/51/hd414ycd67n82196sw51xqtc0000gn/T/pip-pip-egg-info-potlkhxn/grpcio.egg-info/top_level.txt
2022-12-27T03:22:12.2331710Z   writing manifest file '/private/var/folders/51/hd414ycd67n82196sw51xqtc0000gn/T/pip-pip-egg-info-potlkhxn/grpcio.egg-info/SOURCES.txt'
2022-12-27T03:22:12.2714200Z   reading manifest file '/private/var/folders/51/hd414ycd67n82196sw51xqtc0000gn/T/pip-pip-egg-info-potlkhxn/grpcio.egg-info/SOURCES.txt'
2022-12-27T03:22:12.2715440Z   reading manifest template 'PYTHON-MANIFEST.in'
2022-12-27T03:22:12.2767090Z   warning: no files found matching '*.h' under directory 'src/python/grpcio/grpc'
2022-12-27T03:22:12.2887520Z   warning: no files found matching '*.python' under directory 'src/python/grpcio/grpc'
2022-12-27T03:22:12.2923200Z   warning: no previously-included files matching '*.so' found under directory 'src/python/grpcio/grpc/_cython'
2022-12-27T03:22:12.2924130Z   warning: no previously-included files matching '*.pyd' found under directory 'src/python/grpcio/grpc/_cython'
2022-12-27T03:22:12.3586970Z   warning: no files found matching 'src/python/grpcio/precompiled.py'
2022-12-27T03:22:12.3996530Z   writing manifest file '/private/var/folders/51/hd414ycd67n82196sw51xqtc0000gn/T/pip-pip-egg-info-potlkhxn/grpcio.egg-info/SOURCES.txt'
2022-12-27T03:22:12.5493550Z   Preparing metadata (setup.py): finished with status 'done'
2022-12-27T03:22:12.5528830Z   Source in /Users/runner/actions-runner/_work/python.build/python.build/build_grpcio103310/grpcio-1.0.3 has version 1.0.3, which satisfies requirement grpcio==1.0.3 from file:///Users/runner/actions-runner/_work/python.build/python.build/build_grpcio103310/grpcio-1.0.3
2022-12-27T03:22:12.5531720Z   Removed grpcio==1.0.3 from file:///Users/runner/actions-runner/_work/python.build/python.build/build_grpcio103310/grpcio-1.0.3 from build tracker '/private/var/folders/51/hd414ycd67n82196sw51xqtc0000gn/T/pip-build-tracker-lbet3dh0'
2022-12-27T03:22:12.5557530Z Created temporary directory: /private/var/folders/51/hd414ycd67n82196sw51xqtc0000gn/T/pip-unpack-3rl6ny2p
2022-12-27T03:22:12.5559000Z Building wheels for collected packages: grpcio
2022-12-27T03:22:12.5569990Z   Created temporary directory: /private/var/folders/51/hd414ycd67n82196sw51xqtc0000gn/T/pip-wheel-h_biyg5a
2022-12-27T03:22:12.5572500Z   Building wheel for grpcio (setup.py): started
2022-12-27T03:22:12.5574600Z   Destination directory: /private/var/folders/51/hd414ycd67n82196sw51xqtc0000gn/T/pip-wheel-h_biyg5a
2022-12-27T03:22:12.5576510Z   Running command python setup.py bdist_wheel
2022-12-27T03:22:13.1871690Z   /private/var/folders/51/hd414ycd67n82196sw51xqtc0000gn/T/cibw-run-hwf_y7me/cp310-macosx_arm64/build/venv/lib/python3.10/site-packages/setuptools/installer.py:27: SetuptoolsDeprecationWarning: setuptools.installer is deprecated. Requirements should be satisfied by a PEP 517 installer.
2022-12-27T03:22:13.1874190Z     warnings.warn(
2022-12-27T03:22:13.5115400Z   running bdist_wheel
2022-12-27T03:22:13.5508120Z   running build
2022-12-27T03:22:13.5510690Z   running build_py
2022-12-27T03:22:13.5514840Z   running build_project_metadata
2022-12-27T03:22:13.5516430Z   creating python_build
2022-12-27T03:22:13.5521560Z   creating python_build/lib.macosx-11.0-arm64-cpython-310
2022-12-27T03:22:13.5522730Z   creating python_build/lib.macosx-11.0-arm64-cpython-310/grpc
2022-12-27T03:22:13.5525080Z   copying src/python/grpcio/grpc/_channel.py -> python_build/lib.macosx-11.0-arm64-cpython-310/grpc
2022-12-27T03:22:13.5532110Z   copying src/python/grpcio/grpc/_common.py -> python_build/lib.macosx-11.0-arm64-cpython-310/grpc
2022-12-27T03:22:13.5535160Z   copying src/python/grpcio/grpc/__init__.py -> python_build/lib.macosx-11.0-arm64-cpython-310/grpc
2022-12-27T03:22:13.5537650Z   copying src/python/grpcio/grpc/_utilities.py -> python_build/lib.macosx-11.0-arm64-cpython-310/grpc
2022-12-27T03:22:13.5662510Z   copying src/python/grpcio/grpc/_plugin_wrapping.py -> python_build/lib.macosx-11.0-arm64-cpython-310/grpc
2022-12-27T03:22:13.5664060Z   copying src/python/grpcio/grpc/_grpcio_metadata.py -> python_build/lib.macosx-11.0-arm64-cpython-310/grpc
2022-12-27T03:22:13.5665290Z   copying src/python/grpcio/grpc/_server.py -> python_build/lib.macosx-11.0-arm64-cpython-310/grpc
2022-12-27T03:22:13.5668200Z   copying src/python/grpcio/grpc/_auth.py -> python_build/lib.macosx-11.0-arm64-cpython-310/grpc
2022-12-27T03:22:13.5669420Z   copying src/python/grpcio/grpc/_credential_composition.py -> python_build/lib.macosx-11.0-arm64-cpython-310/grpc
2022-12-27T03:22:13.5670670Z   creating python_build/lib.macosx-11.0-arm64-cpython-310/grpc/beta
2022-12-27T03:22:13.5671810Z   copying src/python/grpcio/grpc/beta/_server_adaptations.py -> python_build/lib.macosx-11.0-arm64-cpython-310/grpc/beta
2022-12-27T03:22:13.5672550Z   copying src/python/grpcio/grpc/beta/interfaces.py -> python_build/lib.macosx-11.0-arm64-cpython-310/grpc/beta
2022-12-27T03:22:13.5674770Z   copying src/python/grpcio/grpc/beta/_connectivity_channel.py -> python_build/lib.macosx-11.0-arm64-cpython-310/grpc/beta
2022-12-27T03:22:13.5675600Z   copying src/python/grpcio/grpc/beta/__init__.py -> python_build/lib.macosx-11.0-arm64-cpython-310/grpc/beta
2022-12-27T03:22:13.5676240Z   copying src/python/grpcio/grpc/beta/utilities.py -> python_build/lib.macosx-11.0-arm64-cpython-310/grpc/beta
2022-12-27T03:22:13.5676940Z   copying src/python/grpcio/grpc/beta/implementations.py -> python_build/lib.macosx-11.0-arm64-cpython-310/grpc/beta
2022-12-27T03:22:13.5677710Z   copying src/python/grpcio/grpc/beta/_client_adaptations.py -> python_build/lib.macosx-11.0-arm64-cpython-310/grpc/beta
2022-12-27T03:22:13.5678840Z   creating python_build/lib.macosx-11.0-arm64-cpython-310/grpc/framework
2022-12-27T03:22:13.5679800Z   copying src/python/grpcio/grpc/framework/__init__.py -> python_build/lib.macosx-11.0-arm64-cpython-310/grpc/framework
2022-12-27T03:22:13.5680610Z   creating python_build/lib.macosx-11.0-arm64-cpython-310/grpc/_cython
2022-12-27T03:22:13.5681560Z   copying src/python/grpcio/grpc/_cython/__init__.py -> python_build/lib.macosx-11.0-arm64-cpython-310/grpc/_cython
2022-12-27T03:22:13.5682520Z   creating python_build/lib.macosx-11.0-arm64-cpython-310/grpc/framework/foundation
2022-12-27T03:22:13.5684790Z   copying src/python/grpcio/grpc/framework/foundation/callable_util.py -> python_build/lib.macosx-11.0-arm64-cpython-310/grpc/framework/foundation
2022-12-27T03:22:13.5685780Z   copying src/python/grpcio/grpc/framework/foundation/abandonment.py -> python_build/lib.macosx-11.0-arm64-cpython-310/grpc/framework/foundation
2022-12-27T03:22:13.5686770Z   copying src/python/grpcio/grpc/framework/foundation/__init__.py -> python_build/lib.macosx-11.0-arm64-cpython-310/grpc/framework/foundation
2022-12-27T03:22:13.5687570Z   copying src/python/grpcio/grpc/framework/foundation/stream.py -> python_build/lib.macosx-11.0-arm64-cpython-310/grpc/framework/foundation
2022-12-27T03:22:13.5688450Z   copying src/python/grpcio/grpc/framework/foundation/stream_util.py -> python_build/lib.macosx-11.0-arm64-cpython-310/grpc/framework/foundation
2022-12-27T03:22:13.5689320Z   copying src/python/grpcio/grpc/framework/foundation/future.py -> python_build/lib.macosx-11.0-arm64-cpython-310/grpc/framework/foundation
2022-12-27T03:22:13.5690440Z   copying src/python/grpcio/grpc/framework/foundation/logging_pool.py -> python_build/lib.macosx-11.0-arm64-cpython-310/grpc/framework/foundation
2022-12-27T03:22:13.5691130Z   creating python_build/lib.macosx-11.0-arm64-cpython-310/grpc/framework/common
2022-12-27T03:22:13.5691900Z   copying src/python/grpcio/grpc/framework/common/style.py -> python_build/lib.macosx-11.0-arm64-cpython-310/grpc/framework/common
2022-12-27T03:22:13.5692750Z   copying src/python/grpcio/grpc/framework/common/cardinality.py -> python_build/lib.macosx-11.0-arm64-cpython-310/grpc/framework/common
2022-12-27T03:22:13.5693590Z   copying src/python/grpcio/grpc/framework/common/__init__.py -> python_build/lib.macosx-11.0-arm64-cpython-310/grpc/framework/common
2022-12-27T03:22:13.5694290Z   creating python_build/lib.macosx-11.0-arm64-cpython-310/grpc/framework/interfaces
2022-12-27T03:22:13.5695080Z   copying src/python/grpcio/grpc/framework/interfaces/__init__.py -> python_build/lib.macosx-11.0-arm64-cpython-310/grpc/framework/interfaces
2022-12-27T03:22:13.5698330Z   creating python_build/lib.macosx-11.0-arm64-cpython-310/grpc/framework/interfaces/face
2022-12-27T03:22:13.5703160Z   copying src/python/grpcio/grpc/framework/interfaces/face/__init__.py -> python_build/lib.macosx-11.0-arm64-cpython-310/grpc/framework/interfaces/face
2022-12-27T03:22:13.5707870Z   copying src/python/grpcio/grpc/framework/interfaces/face/utilities.py -> python_build/lib.macosx-11.0-arm64-cpython-310/grpc/framework/interfaces/face
2022-12-27T03:22:13.5712350Z   copying src/python/grpcio/grpc/framework/interfaces/face/face.py -> python_build/lib.macosx-11.0-arm64-cpython-310/grpc/framework/interfaces/face
2022-12-27T03:22:13.5724750Z   creating python_build/lib.macosx-11.0-arm64-cpython-310/grpc/framework/interfaces/base
2022-12-27T03:22:13.5728530Z   copying src/python/grpcio/grpc/framework/interfaces/base/__init__.py -> python_build/lib.macosx-11.0-arm64-cpython-310/grpc/framework/interfaces/base
2022-12-27T03:22:13.5730080Z   copying src/python/grpcio/grpc/framework/interfaces/base/utilities.py -> python_build/lib.macosx-11.0-arm64-cpython-310/grpc/framework/interfaces/base
2022-12-27T03:22:13.5733170Z   copying src/python/grpcio/grpc/framework/interfaces/base/base.py -> python_build/lib.macosx-11.0-arm64-cpython-310/grpc/framework/interfaces/base
2022-12-27T03:22:13.5736110Z   creating python_build/lib.macosx-11.0-arm64-cpython-310/grpc/_cython/_cygrpc
2022-12-27T03:22:13.5738610Z   copying src/python/grpcio/grpc/_cython/_cygrpc/__init__.py -> python_build/lib.macosx-11.0-arm64-cpython-310/grpc/_cython/_cygrpc
2022-12-27T03:22:13.5747200Z   creating python_build/lib.macosx-11.0-arm64-cpython-310/grpc/_cython/_credentials
2022-12-27T03:22:13.5749800Z   copying src/python/grpcio/grpc/_cython/_credentials/roots.pem -> python_build/lib.macosx-11.0-arm64-cpython-310/grpc/_cython/_credentials
2022-12-27T03:22:13.5795240Z   running build_ext
2022-12-27T03:22:13.5818550Z   building 'grpc._cython.cygrpc' extension
2022-12-27T03:22:13.5856630Z   creating python_build/temp.macosx-11.0-arm64-cpython-310
2022-12-27T03:22:13.5860090Z   creating python_build/temp.macosx-11.0-arm64-cpython-310/src
2022-12-27T03:22:13.5861770Z   creating python_build/temp.macosx-11.0-arm64-cpython-310/src/boringssl
2022-12-27T03:22:13.5863610Z   creating python_build/temp.macosx-11.0-arm64-cpython-310/src/core
2022-12-27T03:22:13.5867260Z   creating python_build/temp.macosx-11.0-arm64-cpython-310/src/core/ext
2022-12-27T03:22:13.5869420Z   creating python_build/temp.macosx-11.0-arm64-cpython-310/src/core/ext/census
2022-12-27T03:22:13.5871020Z   creating python_build/temp.macosx-11.0-arm64-cpython-310/src/core/ext/census/gen
2022-12-27T03:22:13.5874000Z   creating python_build/temp.macosx-11.0-arm64-cpython-310/src/core/ext/client_config
2022-12-27T03:22:13.5880330Z   creating python_build/temp.macosx-11.0-arm64-cpython-310/src/core/ext/lb_policy
2022-12-27T03:22:13.5883000Z   creating python_build/temp.macosx-11.0-arm64-cpython-310/src/core/ext/lb_policy/grpclb
2022-12-27T03:22:13.5885710Z   creating python_build/temp.macosx-11.0-arm64-cpython-310/src/core/ext/lb_policy/grpclb/proto
2022-12-27T03:22:13.5888220Z   creating python_build/temp.macosx-11.0-arm64-cpython-310/src/core/ext/lb_policy/grpclb/proto/grpc
2022-12-27T03:22:13.5890550Z   creating python_build/temp.macosx-11.0-arm64-cpython-310/src/core/ext/lb_policy/grpclb/proto/grpc/lb
2022-12-27T03:22:13.5892870Z   creating python_build/temp.macosx-11.0-arm64-cpython-310/src/core/ext/lb_policy/grpclb/proto/grpc/lb/v1
2022-12-27T03:22:13.5898440Z   creating python_build/temp.macosx-11.0-arm64-cpython-310/src/core/ext/lb_policy/pick_first
2022-12-27T03:22:13.5900640Z   creating python_build/temp.macosx-11.0-arm64-cpython-310/src/core/ext/lb_policy/round_robin
2022-12-27T03:22:13.5903110Z   creating python_build/temp.macosx-11.0-arm64-cpython-310/src/core/ext/load_reporting
2022-12-27T03:22:13.5905870Z   creating python_build/temp.macosx-11.0-arm64-cpython-310/src/core/ext/resolver
2022-12-27T03:22:13.5908260Z   creating python_build/temp.macosx-11.0-arm64-cpython-310/src/core/ext/resolver/dns
2022-12-27T03:22:13.5910800Z   creating python_build/temp.macosx-11.0-arm64-cpython-310/src/core/ext/resolver/dns/native
2022-12-27T03:22:13.5913130Z   creating python_build/temp.macosx-11.0-arm64-cpython-310/src/core/ext/resolver/sockaddr
2022-12-27T03:22:13.5915730Z   creating python_build/temp.macosx-11.0-arm64-cpython-310/src/core/ext/transport
2022-12-27T03:22:13.5917910Z   creating python_build/temp.macosx-11.0-arm64-cpython-310/src/core/ext/transport/chttp2
2022-12-27T03:22:13.5920580Z   creating python_build/temp.macosx-11.0-arm64-cpython-310/src/core/ext/transport/chttp2/alpn
2022-12-27T03:22:13.5922770Z   creating python_build/temp.macosx-11.0-arm64-cpython-310/src/core/ext/transport/chttp2/client
2022-12-27T03:22:13.5925560Z   creating python_build/temp.macosx-11.0-arm64-cpython-310/src/core/ext/transport/chttp2/client/insecure
2022-12-27T03:22:13.5928290Z   creating python_build/temp.macosx-11.0-arm64-cpython-310/src/core/ext/transport/chttp2/client/secure
2022-12-27T03:22:13.5930510Z   creating python_build/temp.macosx-11.0-arm64-cpython-310/src/core/ext/transport/chttp2/server
2022-12-27T03:22:13.5933010Z   creating python_build/temp.macosx-11.0-arm64-cpython-310/src/core/ext/transport/chttp2/server/insecure
2022-12-27T03:22:13.5935850Z   creating python_build/temp.macosx-11.0-arm64-cpython-310/src/core/ext/transport/chttp2/server/secure
2022-12-27T03:22:13.5937580Z   creating python_build/temp.macosx-11.0-arm64-cpython-310/src/core/ext/transport/chttp2/transport
2022-12-27T03:22:13.5941840Z   creating python_build/temp.macosx-11.0-arm64-cpython-310/src/core/lib
2022-12-27T03:22:13.5942790Z   creating python_build/temp.macosx-11.0-arm64-cpython-310/src/core/lib/channel
2022-12-27T03:22:13.5946460Z   creating python_build/temp.macosx-11.0-arm64-cpython-310/src/core/lib/compression
2022-12-27T03:22:13.5947790Z   creating python_build/temp.macosx-11.0-arm64-cpython-310/src/core/lib/debug
2022-12-27T03:22:13.5949940Z   creating python_build/temp.macosx-11.0-arm64-cpython-310/src/core/lib/http
2022-12-27T03:22:13.5953270Z   creating python_build/temp.macosx-11.0-arm64-cpython-310/src/core/lib/iomgr
2022-12-27T03:22:13.5962300Z   creating python_build/temp.macosx-11.0-arm64-cpython-310/src/core/lib/json
2022-12-27T03:22:13.5964650Z   creating python_build/temp.macosx-11.0-arm64-cpython-310/src/core/lib/profiling
2022-12-27T03:22:13.5967120Z   creating python_build/temp.macosx-11.0-arm64-cpython-310/src/core/lib/security
2022-12-27T03:22:13.5969800Z   creating python_build/temp.macosx-11.0-arm64-cpython-310/src/core/lib/security/context
2022-12-27T03:22:13.5972030Z   creating python_build/temp.macosx-11.0-arm64-cpython-310/src/core/lib/security/credentials
2022-12-27T03:22:13.5974700Z   creating python_build/temp.macosx-11.0-arm64-cpython-310/src/core/lib/security/credentials/composite
2022-12-27T03:22:13.5977090Z   creating python_build/temp.macosx-11.0-arm64-cpython-310/src/core/lib/security/credentials/fake
2022-12-27T03:22:13.5979860Z   creating python_build/temp.macosx-11.0-arm64-cpython-310/src/core/lib/security/credentials/google_default
2022-12-27T03:22:13.5982140Z   creating python_build/temp.macosx-11.0-arm64-cpython-310/src/core/lib/security/credentials/iam
2022-12-27T03:22:13.5984660Z   creating python_build/temp.macosx-11.0-arm64-cpython-310/src/core/lib/security/credentials/jwt
2022-12-27T03:22:13.5986980Z   creating python_build/temp.macosx-11.0-arm64-cpython-310/src/core/lib/security/credentials/oauth2
2022-12-27T03:22:13.5989640Z   creating python_build/temp.macosx-11.0-arm64-cpython-310/src/core/lib/security/credentials/plugin
2022-12-27T03:22:13.5992180Z   creating python_build/temp.macosx-11.0-arm64-cpython-310/src/core/lib/security/credentials/ssl
2022-12-27T03:22:13.5995190Z   creating python_build/temp.macosx-11.0-arm64-cpython-310/src/core/lib/security/transport
2022-12-27T03:22:13.5997390Z   creating python_build/temp.macosx-11.0-arm64-cpython-310/src/core/lib/security/util
2022-12-27T03:22:13.5999730Z   creating python_build/temp.macosx-11.0-arm64-cpython-310/src/core/lib/support
2022-12-27T03:22:13.6008670Z   creating python_build/temp.macosx-11.0-arm64-cpython-310/src/core/lib/surface
2022-12-27T03:22:13.6014590Z   creating python_build/temp.macosx-11.0-arm64-cpython-310/src/core/lib/transport
2022-12-27T03:22:13.6020410Z   creating python_build/temp.macosx-11.0-arm64-cpython-310/src/core/lib/tsi
2022-12-27T03:22:13.6023350Z   creating python_build/temp.macosx-11.0-arm64-cpython-310/src/core/plugin_registry
2022-12-27T03:22:13.6024840Z   creating python_build/temp.macosx-11.0-arm64-cpython-310/src/python
2022-12-27T03:22:13.6026910Z   creating python_build/temp.macosx-11.0-arm64-cpython-310/src/python/grpcio
2022-12-27T03:22:13.6029290Z   creating python_build/temp.macosx-11.0-arm64-cpython-310/src/python/grpcio/grpc
2022-12-27T03:22:13.6031690Z   creating python_build/temp.macosx-11.0-arm64-cpython-310/src/python/grpcio/grpc/_cython
2022-12-27T03:22:13.6033960Z   creating python_build/temp.macosx-11.0-arm64-cpython-310/third_party
2022-12-27T03:22:13.6036790Z   creating python_build/temp.macosx-11.0-arm64-cpython-310/third_party/boringssl
2022-12-27T03:22:13.6038870Z   creating python_build/temp.macosx-11.0-arm64-cpython-310/third_party/boringssl/crypto
2022-12-27T03:22:13.6041370Z   creating python_build/temp.macosx-11.0-arm64-cpython-310/third_party/boringssl/crypto/aes
2022-12-27T03:22:13.6044010Z   creating python_build/temp.macosx-11.0-arm64-cpython-310/third_party/boringssl/crypto/asn1
2022-12-27T03:22:13.6050480Z   creating python_build/temp.macosx-11.0-arm64-cpython-310/third_party/boringssl/crypto/base64
2022-12-27T03:22:13.6052990Z   creating python_build/temp.macosx-11.0-arm64-cpython-310/third_party/boringssl/crypto/bio
2022-12-27T03:22:13.6055800Z   creating python_build/temp.macosx-11.0-arm64-cpython-310/third_party/boringssl/crypto/bn
2022-12-27T03:22:13.6058410Z   creating python_build/temp.macosx-11.0-arm64-cpython-310/third_party/boringssl/crypto/bn/asm
2022-12-27T03:22:13.6064200Z   creating python_build/temp.macosx-11.0-arm64-cpython-310/third_party/boringssl/crypto/buf
2022-12-27T03:22:13.6067050Z   creating python_build/temp.macosx-11.0-arm64-cpython-310/third_party/boringssl/crypto/bytestring
2022-12-27T03:22:13.6069190Z   creating python_build/temp.macosx-11.0-arm64-cpython-310/third_party/boringssl/crypto/chacha
2022-12-27T03:22:13.6071860Z   creating python_build/temp.macosx-11.0-arm64-cpython-310/third_party/boringssl/crypto/cipher
2022-12-27T03:22:13.6081140Z   creating python_build/temp.macosx-11.0-arm64-cpython-310/third_party/boringssl/crypto/cmac
2022-12-27T03:22:13.6083780Z   creating python_build/temp.macosx-11.0-arm64-cpython-310/third_party/boringssl/crypto/conf
2022-12-27T03:22:13.6087040Z   creating python_build/temp.macosx-11.0-arm64-cpython-310/third_party/boringssl/crypto/curve25519
2022-12-27T03:22:13.6089430Z   creating python_build/temp.macosx-11.0-arm64-cpython-310/third_party/boringssl/crypto/des
2022-12-27T03:22:13.6091800Z   creating python_build/temp.macosx-11.0-arm64-cpython-310/third_party/boringssl/crypto/dh
2022-12-27T03:22:13.6094460Z   creating python_build/temp.macosx-11.0-arm64-cpython-310/third_party/boringssl/crypto/digest
2022-12-27T03:22:13.6096760Z   creating python_build/temp.macosx-11.0-arm64-cpython-310/third_party/boringssl/crypto/dsa
2022-12-27T03:22:13.6099700Z   creating python_build/temp.macosx-11.0-arm64-cpython-310/third_party/boringssl/crypto/ec
2022-12-27T03:22:13.6101720Z   creating python_build/temp.macosx-11.0-arm64-cpython-310/third_party/boringssl/crypto/ecdh
2022-12-27T03:22:13.6104580Z   creating python_build/temp.macosx-11.0-arm64-cpython-310/third_party/boringssl/crypto/ecdsa
2022-12-27T03:22:13.6107330Z   creating python_build/temp.macosx-11.0-arm64-cpython-310/third_party/boringssl/crypto/engine
2022-12-27T03:22:13.6109570Z   creating python_build/temp.macosx-11.0-arm64-cpython-310/third_party/boringssl/crypto/err
2022-12-27T03:22:13.6112140Z   creating python_build/temp.macosx-11.0-arm64-cpython-310/third_party/boringssl/crypto/evp
2022-12-27T03:22:13.6117390Z   creating python_build/temp.macosx-11.0-arm64-cpython-310/third_party/boringssl/crypto/hkdf
2022-12-27T03:22:13.6120000Z   creating python_build/temp.macosx-11.0-arm64-cpython-310/third_party/boringssl/crypto/hmac
2022-12-27T03:22:13.6122330Z   creating python_build/temp.macosx-11.0-arm64-cpython-310/third_party/boringssl/crypto/lhash
2022-12-27T03:22:13.6124780Z   creating python_build/temp.macosx-11.0-arm64-cpython-310/third_party/boringssl/crypto/md4
2022-12-27T03:22:13.6127410Z   creating python_build/temp.macosx-11.0-arm64-cpython-310/third_party/boringssl/crypto/md5
2022-12-27T03:22:13.6129930Z   creating python_build/temp.macosx-11.0-arm64-cpython-310/third_party/boringssl/crypto/modes
2022-12-27T03:22:13.6132220Z   creating python_build/temp.macosx-11.0-arm64-cpython-310/third_party/boringssl/crypto/obj
2022-12-27T03:22:13.6137210Z   creating python_build/temp.macosx-11.0-arm64-cpython-310/third_party/boringssl/crypto/pem
2022-12-27T03:22:13.6139960Z   creating python_build/temp.macosx-11.0-arm64-cpython-310/third_party/boringssl/crypto/pkcs8
2022-12-27T03:22:13.6142670Z   creating python_build/temp.macosx-11.0-arm64-cpython-310/third_party/boringssl/crypto/poly1305
2022-12-27T03:22:13.6146460Z   creating python_build/temp.macosx-11.0-arm64-cpython-310/third_party/boringssl/crypto/rand
2022-12-27T03:22:13.6148950Z   creating python_build/temp.macosx-11.0-arm64-cpython-310/third_party/boringssl/crypto/rc4
2022-12-27T03:22:13.6151240Z   creating python_build/temp.macosx-11.0-arm64-cpython-310/third_party/boringssl/crypto/rsa
2022-12-27T03:22:13.6155960Z   creating python_build/temp.macosx-11.0-arm64-cpython-310/third_party/boringssl/crypto/sha
2022-12-27T03:22:13.6158260Z   creating python_build/temp.macosx-11.0-arm64-cpython-310/third_party/boringssl/crypto/stack
2022-12-27T03:22:13.6160840Z   creating python_build/temp.macosx-11.0-arm64-cpython-310/third_party/boringssl/crypto/x509
2022-12-27T03:22:13.6172290Z   creating python_build/temp.macosx-11.0-arm64-cpython-310/third_party/boringssl/crypto/x509v3
2022-12-27T03:22:13.6180330Z   creating python_build/temp.macosx-11.0-arm64-cpython-310/third_party/boringssl/ssl
2022-12-27T03:22:13.6184950Z   creating python_build/temp.macosx-11.0-arm64-cpython-310/third_party/boringssl/ssl/pqueue
2022-12-27T03:22:13.6190460Z   creating python_build/temp.macosx-11.0-arm64-cpython-310/third_party/nanopb
2022-12-27T03:22:13.6193470Z   creating python_build/temp.macosx-11.0-arm64-cpython-310/third_party/zlib
2022-12-27T03:22:13.6201750Z   clang -Wno-unused-result -Wsign-compare -Wunreachable-code -fno-common -dynamic -DNDEBUG -g -fwrapv -O3 -Wall -g -I/usr/local/opt/openssl@3/include -I/usr/local/opt/openssl@3/include -arch arm64 -DOPENSSL_NO_ASM=1 -D_WIN32_WINNT=1536 -DGPR_BACKWARDS_COMPATIBILITY_MODE=1 "-DPyMODINIT_FUNC=__attribute__((visibility (\"default\"))) PyObject*" -Isrc/python/grpcio -Iinclude -I. -Ithird_party/boringssl/include -Ithird_party/zlib -I/private/var/folders/51/hd414ycd67n82196sw51xqtc0000gn/T/cibw-run-hwf_y7me/cp310-macosx_arm64/build/venv/include -I/Library/Frameworks/Python.framework/Versions/3.10/include/python3.10 -c src/boringssl/err_data.c -o python_build/temp.macosx-11.0-arm64-cpython-310/src/boringssl/err_data.o -fno-wrapv -fvisibility=hidden -pthread -std=gnu99
2022-12-27T03:22:13.6827470Z   In file included from src/boringssl/err_data.c:18:
2022-12-27T03:22:13.6829110Z   In file included from /usr/local/opt/openssl@3/include/openssl/err.h:16:
2022-12-27T03:22:13.6830740Z   In file included from /usr/local/opt/openssl@3/include/openssl/macros.h:15:
2022-12-27T03:22:13.6835310Z   /usr/local/opt/openssl@3/include/openssl/opensslv.h:99:10: warning: 'OPENSSL_VERSION_NUMBER' macro redefined [-Wmacro-redefined]
2022-12-27T03:22:13.6836540Z   # define OPENSSL_VERSION_NUMBER          \
2022-12-27T03:22:13.6838050Z            ^
2022-12-27T03:22:13.6840520Z   third_party/boringssl/include/openssl/base.h:112:9: note: previous definition is here
2022-12-27T03:22:13.6842640Z   #define OPENSSL_VERSION_NUMBER 0x10002000
2022-12-27T03:22:13.6845140Z           ^
2022-12-27T03:22:13.6847590Z   In file included from src/boringssl/err_data.c:18:
2022-12-27T03:22:13.6849940Z   In file included from /usr/local/opt/openssl@3/include/openssl/err.h:21:
2022-12-27T03:22:13.6852650Z   /usr/local/opt/openssl@3/include/openssl/e_os2.h:183:11: warning: 'OPENSSL_EXPORT' macro redefined [-Wmacro-redefined]
2022-12-27T03:22:13.6854300Z   #  define OPENSSL_EXPORT extern
2022-12-27T03:22:13.6856560Z             ^
2022-12-27T03:22:13.6859240Z   third_party/boringssl/include/openssl/base.h:137:9: note: previous definition is here
2022-12-27T03:22:13.6861370Z   #define OPENSSL_EXPORT
2022-12-27T03:22:13.6863540Z           ^
2022-12-27T03:22:13.6944490Z   In file included from src/boringssl/err_data.c:18:
2022-12-27T03:22:13.6946460Z   In file included from /usr/local/opt/openssl@3/include/openssl/err.h:28:
2022-12-27T03:22:13.6949480Z   /usr/local/opt/openssl@3/include/openssl/types.h:45:31: warning: redefinition of typedef 'ASN1_INTEGER' is a C11 feature [-Wtypedef-redefinition]
2022-12-27T03:22:13.6951270Z   typedef struct asn1_string_st ASN1_INTEGER;
2022-12-27T03:22:13.6953850Z                                 ^
2022-12-27T03:22:13.6956610Z   third_party/boringssl/include/openssl/base.h:164:31: note: previous definition is here
2022-12-27T03:22:13.6959410Z   typedef struct asn1_string_st ASN1_INTEGER;
2022-12-27T03:22:13.6961170Z                                 ^
2022-12-27T03:22:13.6963810Z   In file included from src/boringssl/err_data.c:18:
2022-12-27T03:22:13.6966010Z   In file included from /usr/local/opt/openssl@3/include/openssl/err.h:28:
2022-12-27T03:22:13.6968930Z   /usr/local/opt/openssl@3/include/openssl/types.h:46:31: warning: redefinition of typedef 'ASN1_ENUMERATED' is a C11 feature [-Wtypedef-redefinition]
2022-12-27T03:22:13.6970640Z   typedef struct asn1_string_st ASN1_ENUMERATED;
2022-12-27T03:22:13.6973050Z                                 ^
2022-12-27T03:22:13.6975510Z   third_party/boringssl/include/openssl/base.h:160:31: note: previous definition is here
2022-12-27T03:22:13.6977560Z   typedef struct asn1_string_st ASN1_ENUMERATED;
2022-12-27T03:22:13.6980550Z                                 ^
2022-12-27T03:22:13.6982270Z   In file included from src/boringssl/err_data.c:18:
2022-12-27T03:22:13.6984970Z   In file included from /usr/local/opt/openssl@3/include/openssl/err.h:28:
2022-12-27T03:22:13.6987520Z   /usr/local/opt/openssl@3/include/openssl/types.h:47:31: warning: redefinition of typedef 'ASN1_BIT_STRING' is a C11 feature [-Wtypedef-redefinition]
2022-12-27T03:22:13.6989350Z   typedef struct asn1_string_st ASN1_BIT_STRING;
2022-12-27T03:22:13.6991750Z                                 ^
2022-12-27T03:22:13.6994070Z   third_party/boringssl/include/openssl/base.h:158:31: note: previous definition is here
2022-12-27T03:22:13.6996350Z   typedef struct asn1_string_st ASN1_BIT_STRING;
2022-12-27T03:22:13.6998440Z                                 ^
2022-12-27T03:22:13.7000970Z   In file included from src/boringssl/err_data.c:18:
2022-12-27T03:22:13.7003170Z   In file included from /usr/local/opt/openssl@3/include/openssl/err.h:28:
2022-12-27T03:22:13.7005920Z   /usr/local/opt/openssl@3/include/openssl/types.h:48:31: warning: redefinition of typedef 'ASN1_OCTET_STRING' is a C11 feature [-Wtypedef-redefinition]
2022-12-27T03:22:13.7007750Z   typedef struct asn1_string_st ASN1_OCTET_STRING;
2022-12-27T03:22:13.7010010Z                                 ^
2022-12-27T03:22:13.7012410Z   third_party/boringssl/include/openssl/base.h:165:31: note: previous definition is here
2022-12-27T03:22:13.7014940Z   typedef struct asn1_string_st ASN1_OCTET_STRING;
2022-12-27T03:22:13.7017260Z                                 ^
2022-12-27T03:22:13.7019400Z   In file included from src/boringssl/err_data.c:18:
2022-12-27T03:22:13.7021590Z   In file included from /usr/local/opt/openssl@3/include/openssl/err.h:28:
2022-12-27T03:22:13.7024370Z   /usr/local/opt/openssl@3/include/openssl/types.h:49:31: warning: redefinition of typedef 'ASN1_PRINTABLESTRING' is a C11 feature [-Wtypedef-redefinition]
2022-12-27T03:22:13.7026270Z   typedef struct asn1_string_st ASN1_PRINTABLESTRING;
2022-12-27T03:22:13.7028540Z                                 ^
2022-12-27T03:22:13.7030910Z   third_party/boringssl/include/openssl/base.h:166:31: note: previous definition is here
2022-12-27T03:22:13.7033160Z   typedef struct asn1_string_st ASN1_PRINTABLESTRING;
2022-12-27T03:22:13.7035260Z                                 ^
2022-12-27T03:22:13.7037850Z   In file included from src/boringssl/err_data.c:18:
2022-12-27T03:22:13.7040160Z   In file included from /usr/local/opt/openssl@3/include/openssl/err.h:28:
2022-12-27T03:22:13.7042940Z   /usr/local/opt/openssl@3/include/openssl/types.h:50:31: warning: redefinition of typedef 'ASN1_T61STRING' is a C11 feature [-Wtypedef-redefinition]
2022-12-27T03:22:13.7044780Z   typedef struct asn1_string_st ASN1_T61STRING;
2022-12-27T03:22:13.7047040Z                                 ^
2022-12-27T03:22:13.7049480Z   third_party/boringssl/include/openssl/base.h:168:31: note: previous definition is here
2022-12-27T03:22:13.7051890Z   typedef struct asn1_string_st ASN1_T61STRING;
2022-12-27T03:22:13.7053900Z                                 ^
2022-12-27T03:22:13.7056120Z   In file included from src/boringssl/err_data.c:18:
2022-12-27T03:22:13.7058400Z   In file included from /usr/local/opt/openssl@3/include/openssl/err.h:28:
2022-12-27T03:22:13.7061150Z   /usr/local/opt/openssl@3/include/openssl/types.h:51:31: warning: redefinition of typedef 'ASN1_IA5STRING' is a C11 feature [-Wtypedef-redefinition]
2022-12-27T03:22:13.7063090Z   typedef struct asn1_string_st ASN1_IA5STRING;
2022-12-27T03:22:13.7065360Z                                 ^
2022-12-27T03:22:13.7067650Z   third_party/boringssl/include/openssl/base.h:163:31: note: previous definition is here
2022-12-27T03:22:13.7069960Z   typedef struct asn1_string_st ASN1_IA5STRING;
2022-12-27T03:22:13.7072100Z                                 ^
2022-12-27T03:22:13.7074360Z   In file included from src/boringssl/err_data.c:18:
2022-12-27T03:22:13.7076620Z   In file included from /usr/local/opt/openssl@3/include/openssl/err.h:28:
2022-12-27T03:22:13.7079720Z   /usr/local/opt/openssl@3/include/openssl/types.h:52:31: warning: redefinition of typedef 'ASN1_GENERALSTRING' is a C11 feature [-Wtypedef-redefinition]
2022-12-27T03:22:13.7081250Z   typedef struct asn1_string_st ASN1_GENERALSTRING;
2022-12-27T03:22:13.7083510Z                                 ^
2022-12-27T03:22:13.7085900Z   third_party/boringssl/include/openssl/base.h:162:31: note: previous definition is here
2022-12-27T03:22:13.7088160Z   typedef struct asn1_string_st ASN1_GENERALSTRING;
2022-12-27T03:22:13.7090340Z                                 ^
2022-12-27T03:22:13.7092670Z   In file included from src/boringssl/err_data.c:18:
2022-12-27T03:22:13.7094980Z   In file included from /usr/local/opt/openssl@3/include/openssl/err.h:28:
2022-12-27T03:22:13.7097750Z   /usr/local/opt/openssl@3/include/openssl/types.h:53:31: warning: redefinition of typedef 'ASN1_UNIVERSALSTRING' is a C11 feature [-Wtypedef-redefinition]
2022-12-27T03:22:13.7099680Z   typedef struct asn1_string_st ASN1_UNIVERSALSTRING;
2022-12-27T03:22:13.7101950Z                                 ^
2022-12-27T03:22:13.7104340Z   third_party/boringssl/include/openssl/base.h:170:31: note: previous definition is here
2022-12-27T03:22:13.7106600Z   typedef struct asn1_string_st ASN1_UNIVERSALSTRING;
2022-12-27T03:22:13.7108770Z                                 ^
2022-12-27T03:22:13.7111120Z   In file included from src/boringssl/err_data.c:18:
2022-12-27T03:22:13.7113490Z   In file included from /usr/local/opt/openssl@3/include/openssl/err.h:28:
2022-12-27T03:22:13.7116200Z   /usr/local/opt/openssl@3/include/openssl/types.h:54:31: warning: redefinition of typedef 'ASN1_BMPSTRING' is a C11 feature [-Wtypedef-redefinition]
2022-12-27T03:22:13.7118040Z   typedef struct asn1_string_st ASN1_BMPSTRING;
2022-12-27T03:22:13.7120460Z                                 ^
2022-12-27T03:22:13.7122860Z   third_party/boringssl/include/openssl/base.h:159:31: note: previous definition is here
2022-12-27T03:22:13.7124990Z   typedef struct asn1_string_st ASN1_BMPSTRING;
2022-12-27T03:22:13.7127280Z                                 ^
2022-12-27T03:22:13.7129560Z   In file included from src/boringssl/err_data.c:18:
2022-12-27T03:22:13.7131880Z   In file included from /usr/local/opt/openssl@3/include/openssl/err.h:28:
2022-12-27T03:22:13.7134500Z   /usr/local/opt/openssl@3/include/openssl/types.h:55:31: warning: redefinition of typedef 'ASN1_UTCTIME' is a C11 feature [-Wtypedef-redefinition]
2022-12-27T03:22:13.7136630Z   typedef struct asn1_string_st ASN1_UTCTIME;
2022-12-27T03:22:13.7139090Z                                 ^
2022-12-27T03:22:13.7141550Z   third_party/boringssl/include/openssl/base.h:171:31: note: previous definition is here
2022-12-27T03:22:13.7143730Z   typedef struct asn1_string_st ASN1_UTCTIME;
2022-12-27T03:22:13.7145930Z                                 ^
2022-12-27T03:22:13.7148210Z   In file included from src/boringssl/err_data.c:18:
2022-12-27T03:22:13.7150540Z   In file included from /usr/local/opt/openssl@3/include/openssl/err.h:28:
2022-12-27T03:22:13.7153160Z   /usr/local/opt/openssl@3/include/openssl/types.h:56:31: warning: redefinition of typedef 'ASN1_TIME' is a C11 feature [-Wtypedef-redefinition]
2022-12-27T03:22:13.7155140Z   typedef struct asn1_string_st ASN1_TIME;
2022-12-27T03:22:13.7157320Z                                 ^
2022-12-27T03:22:13.7159860Z   third_party/boringssl/include/openssl/base.h:169:31: note: previous definition is here
2022-12-27T03:22:13.7162050Z   typedef struct asn1_string_st ASN1_TIME;
2022-12-27T03:22:13.7164240Z                                 ^
2022-12-27T03:22:13.7166540Z   In file included from src/boringssl/err_data.c:18:
2022-12-27T03:22:13.7168870Z   In file included from /usr/local/opt/openssl@3/include/openssl/err.h:28:
2022-12-27T03:22:13.7171490Z   /usr/local/opt/openssl@3/include/openssl/types.h:57:31: warning: redefinition of typedef 'ASN1_GENERALIZEDTIME' is a C11 feature [-Wtypedef-redefinition]
2022-12-27T03:22:13.7173540Z   typedef struct asn1_string_st ASN1_GENERALIZEDTIME;
2022-12-27T03:22:13.7175690Z                                 ^
2022-12-27T03:22:13.7178470Z   third_party/boringssl/include/openssl/base.h:161:31: note: previous definition is here
2022-12-27T03:22:13.7180380Z   typedef struct asn1_string_st ASN1_GENERALIZEDTIME;
2022-12-27T03:22:13.7182580Z                                 ^
2022-12-27T03:22:13.7184860Z   In file included from src/boringssl/err_data.c:18:
2022-12-27T03:22:13.7187170Z   In file included from /usr/local/opt/openssl@3/include/openssl/err.h:28:
2022-12-27T03:22:13.7189810Z   /usr/local/opt/openssl@3/include/openssl/types.h:58:31: warning: redefinition of typedef 'ASN1_VISIBLESTRING' is a C11 feature [-Wtypedef-redefinition]
2022-12-27T03:22:13.7191670Z   typedef struct asn1_string_st ASN1_VISIBLESTRING;
2022-12-27T03:22:13.7193980Z                                 ^
2022-12-27T03:22:13.7196470Z   third_party/boringssl/include/openssl/base.h:173:31: note: previous definition is here
2022-12-27T03:22:13.7199020Z   typedef struct asn1_string_st ASN1_VISIBLESTRING;
2022-12-27T03:22:13.7200760Z                                 ^
2022-12-27T03:22:13.7203470Z   In file included from src/boringssl/err_data.c:18:
2022-12-27T03:22:13.7205680Z   In file included from /usr/local/opt/openssl@3/include/openssl/err.h:28:
2022-12-27T03:22:13.7209060Z   /usr/local/opt/openssl@3/include/openssl/types.h:59:31: warning: redefinition of typedef 'ASN1_UTF8STRING' is a C11 feature [-Wtypedef-redefinition]
2022-12-27T03:22:13.7211530Z   typedef struct asn1_string_st ASN1_UTF8STRING;
2022-12-27T03:22:13.7212900Z                                 ^
2022-12-27T03:22:13.7215410Z   third_party/boringssl/include/openssl/base.h:172:31: note: previous definition is here
2022-12-27T03:22:13.7217530Z   typedef struct asn1_string_st ASN1_UTF8STRING;
2022-12-27T03:22:13.7220190Z                                 ^
2022-12-27T03:22:13.7222430Z   In file included from src/boringssl/err_data.c:18:
2022-12-27T03:22:13.7224490Z   In file included from /usr/local/opt/openssl@3/include/openssl/err.h:28:
2022-12-27T03:22:13.7227690Z   /usr/local/opt/openssl@3/include/openssl/types.h:60:31: warning: redefinition of typedef 'ASN1_STRING' is a C11 feature [-Wtypedef-redefinition]
2022-12-27T03:22:13.7229500Z   typedef struct asn1_string_st ASN1_STRING;
2022-12-27T03:22:13.7231740Z                                 ^
2022-12-27T03:22:13.7234300Z   third_party/boringssl/include/openssl/base.h:167:31: note: previous definition is here
2022-12-27T03:22:13.7237390Z   typedef struct asn1_string_st ASN1_STRING;
2022-12-27T03:22:13.7238630Z                                 ^
2022-12-27T03:22:13.7241240Z   In file included from src/boringssl/err_data.c:18:
2022-12-27T03:22:13.7243330Z   In file included from /usr/local/opt/openssl@3/include/openssl/err.h:28:
2022-12-27T03:22:13.7246060Z   /usr/local/opt/openssl@3/include/openssl/types.h:61:13: warning: redefinition of typedef 'ASN1_BOOLEAN' is a C11 feature [-Wtypedef-redefinition]
2022-12-27T03:22:13.7247970Z   typedef int ASN1_BOOLEAN;
2022-12-27T03:22:13.7250120Z               ^
2022-12-27T03:22:13.7252360Z   third_party/boringssl/include/openssl/base.h:153:13: note: previous definition is here
2022-12-27T03:22:13.7254690Z   typedef int ASN1_BOOLEAN;
2022-12-27T03:22:13.7256870Z               ^
2022-12-27T03:22:13.7259180Z   In file included from src/boringssl/err_data.c:18:
2022-12-27T03:22:13.7261660Z   In file included from /usr/local/opt/openssl@3/include/openssl/err.h:28:
2022-12-27T03:22:13.7264360Z   /usr/local/opt/openssl@3/include/openssl/types.h:62:13: warning: redefinition of typedef 'ASN1_NULL' is a C11 feature [-Wtypedef-redefinition]
2022-12-27T03:22:13.7266020Z   typedef int ASN1_NULL;
2022-12-27T03:22:13.7268220Z               ^
2022-12-27T03:22:13.7270740Z   third_party/boringssl/include/openssl/base.h:154:13: note: previous definition is here
2022-12-27T03:22:13.7272960Z   typedef int ASN1_NULL;
2022-12-27T03:22:13.7275170Z               ^
2022-12-27T03:22:13.7277360Z   In file included from src/boringssl/err_data.c:18:
2022-12-27T03:22:13.7280330Z   In file included from /usr/local/opt/openssl@3/include/openssl/err.h:28:
2022-12-27T03:22:13.7282380Z   /usr/local/opt/openssl@3/include/openssl/types.h:66:31: warning: redefinition of typedef 'ASN1_OBJECT' is a C11 feature [-Wtypedef-redefinition]
2022-12-27T03:22:13.7284260Z   typedef struct asn1_object_st ASN1_OBJECT;
2022-12-27T03:22:13.7286320Z                                 ^
2022-12-27T03:22:13.7289260Z   third_party/boringssl/include/openssl/base.h:156:31: note: previous definition is here
2022-12-27T03:22:13.7290960Z   typedef struct asn1_object_st ASN1_OBJECT;
2022-12-27T03:22:13.7293480Z                                 ^
2022-12-27T03:22:13.7295590Z   In file included from src/boringssl/err_data.c:18:
2022-12-27T03:22:13.7297980Z   In file included from /usr/local/opt/openssl@3/include/openssl/err.h:28:
2022-12-27T03:22:13.7300690Z   /usr/local/opt/openssl@3/include/openssl/types.h:69:29: warning: redefinition of typedef 'ASN1_ITEM' is a C11 feature [-Wtypedef-redefinition]
2022-12-27T03:22:13.7302430Z   typedef struct ASN1_ITEM_st ASN1_ITEM;
2022-12-27T03:22:13.7304700Z                               ^
2022-12-27T03:22:13.7307160Z   third_party/boringssl/include/openssl/base.h:155:29: note: previous definition is here
2022-12-27T03:22:13.7309260Z   typedef struct ASN1_ITEM_st ASN1_ITEM;
2022-12-27T03:22:13.7311410Z                               ^
2022-12-27T03:22:13.7313800Z   In file included from src/boringssl/err_data.c:18:
2022-12-27T03:22:13.7316030Z   In file included from /usr/local/opt/openssl@3/include/openssl/err.h:28:
2022-12-27T03:22:13.7318730Z   /usr/local/opt/openssl@3/include/openssl/types.h:70:29: warning: redefinition of typedef 'ASN1_PCTX' is a C11 feature [-Wtypedef-redefinition]
2022-12-27T03:22:13.7320580Z   typedef struct asn1_pctx_st ASN1_PCTX;
2022-12-27T03:22:13.7322790Z                               ^
2022-12-27T03:22:13.7325150Z   third_party/boringssl/include/openssl/base.h:157:29: note: previous definition is here
2022-12-27T03:22:13.7327230Z   typedef struct asn1_pctx_st ASN1_PCTX;
2022-12-27T03:22:13.7329470Z                               ^
2022-12-27T03:22:13.7331750Z   In file included from src/boringssl/err_data.c:18:
2022-12-27T03:22:13.7334000Z   In file included from /usr/local/opt/openssl@3/include/openssl/err.h:28:
2022-12-27T03:22:13.7336590Z   /usr/local/opt/openssl@3/include/openssl/types.h:86:23: warning: redefinition of typedef 'BIO' is a C11 feature [-Wtypedef-redefinition]
2022-12-27T03:22:13.7338710Z   typedef struct bio_st BIO;
2022-12-27T03:22:13.7341020Z                         ^
2022-12-27T03:22:13.7343660Z   third_party/boringssl/include/openssl/base.h:205:23: note: previous definition is here
2022-12-27T03:22:13.7345870Z   typedef struct bio_st BIO;
2022-12-27T03:22:13.7348290Z                         ^
2022-12-27T03:22:13.7350810Z   In file included from src/boringssl/err_data.c:18:
2022-12-27T03:22:13.7353120Z   In file included from /usr/local/opt/openssl@3/include/openssl/err.h:28:
2022-12-27T03:22:13.7356220Z   /usr/local/opt/openssl@3/include/openssl/types.h:87:26: warning: redefinition of typedef 'BIGNUM' is a C11 feature [-Wtypedef-redefinition]
2022-12-27T03:22:13.7357660Z   typedef struct bignum_st BIGNUM;
2022-12-27T03:22:13.7360360Z                            ^
2022-12-27T03:22:13.7362480Z   third_party/boringssl/include/openssl/base.h:203:26: note: previous definition is here
2022-12-27T03:22:13.7364540Z   typedef struct bignum_st BIGNUM;
2022-12-27T03:22:13.7367200Z                            ^
2022-12-27T03:22:13.7369380Z   In file included from src/boringssl/err_data.c:18:
2022-12-27T03:22:13.7371770Z   In file included from /usr/local/opt/openssl@3/include/openssl/err.h:28:
2022-12-27T03:22:13.7374560Z   /usr/local/opt/openssl@3/include/openssl/types.h:88:27: warning: redefinition of typedef 'BN_CTX' is a C11 feature [-Wtypedef-redefinition]
2022-12-27T03:22:13.7376760Z   typedef struct bignum_ctx BN_CTX;
2022-12-27T03:22:13.7379540Z                             ^
2022-12-27T03:22:13.7381970Z   third_party/boringssl/include/openssl/base.h:202:27: note: previous definition is here
2022-12-27T03:22:13.7384500Z   typedef struct bignum_ctx BN_CTX;
2022-12-27T03:22:13.7386260Z                             ^
2022-12-27T03:22:13.7388830Z   In file included from src/boringssl/err_data.c:18:
2022-12-27T03:22:13.7390940Z   In file included from /usr/local/opt/openssl@3/include/openssl/err.h:28:
2022-12-27T03:22:13.7394060Z   /usr/local/opt/openssl@3/include/openssl/types.h:90:31: warning: redefinition of typedef 'BN_MONT_CTX' is a C11 feature [-Wtypedef-redefinition]
2022-12-27T03:22:13.7396050Z   typedef struct bn_mont_ctx_st BN_MONT_CTX;
2022-12-27T03:22:13.7397790Z                                 ^
2022-12-27T03:22:13.7400430Z   third_party/boringssl/include/openssl/base.h:207:31: note: previous definition is here
2022-12-27T03:22:13.7402510Z   typedef struct bn_mont_ctx_st BN_MONT_CTX;
2022-12-27T03:22:13.7404700Z                                 ^
2022-12-27T03:22:13.7407140Z   In file included from src/boringssl/err_data.c:18:
2022-12-27T03:22:13.7409780Z   In file included from /usr/local/opt/openssl@3/include/openssl/err.h:28:
2022-12-27T03:22:13.7413000Z   /usr/local/opt/openssl@3/include/openssl/types.h:92:28: warning: redefinition of typedef 'BN_GENCB' is a C11 feature [-Wtypedef-redefinition]
2022-12-27T03:22:13.7414020Z   typedef struct bn_gencb_st BN_GENCB;
2022-12-27T03:22:13.7416240Z                              ^
2022-12-27T03:22:13.7419420Z   third_party/boringssl/include/openssl/base.h:206:28: note: previous definition is here
2022-12-27T03:22:13.7421190Z   typedef struct bn_gencb_st BN_GENCB;
2022-12-27T03:22:13.7423420Z                              ^
2022-12-27T03:22:13.7425930Z   In file included from src/boringssl/err_data.c:18:
2022-12-27T03:22:13.7428140Z   In file included from /usr/local/opt/openssl@3/include/openssl/err.h:28:
2022-12-27T03:22:13.7430710Z   /usr/local/opt/openssl@3/include/openssl/types.h:94:27: warning: redefinition of typedef 'BUF_MEM' is a C11 feature [-Wtypedef-redefinition]
2022-12-27T03:22:13.7432720Z   typedef struct buf_mem_st BUF_MEM;
2022-12-27T03:22:13.7434940Z                             ^
2022-12-27T03:22:13.7437430Z   third_party/boringssl/include/openssl/base.h:208:27: note: previous definition is here
2022-12-27T03:22:13.7439860Z   typedef struct buf_mem_st BUF_MEM;
2022-12-27T03:22:13.7442200Z                             ^
2022-12-27T03:22:13.7444450Z   In file included from src/boringssl/err_data.c:18:
2022-12-27T03:22:13.7446730Z   In file included from /usr/local/opt/openssl@3/include/openssl/err.h:28:
2022-12-27T03:22:13.7449410Z   /usr/local/opt/openssl@3/include/openssl/types.h:101:30: warning: redefinition of typedef 'EVP_CIPHER' is a C11 feature [-Wtypedef-redefinition]
2022-12-27T03:22:13.7451250Z   typedef struct evp_cipher_st EVP_CIPHER;
2022-12-27T03:22:13.7453540Z                                ^
2022-12-27T03:22:13.7455910Z   third_party/boringssl/include/openssl/base.h:224:30: note: previous definition is here
2022-12-27T03:22:13.7458170Z   typedef struct evp_cipher_st EVP_CIPHER;
2022-12-27T03:22:13.7460400Z                                ^
2022-12-27T03:22:13.7462800Z   In file included from src/boringssl/err_data.c:18:
2022-12-27T03:22:13.7465010Z   In file included from /usr/local/opt/openssl@3/include/openssl/err.h:28:
2022-12-27T03:22:13.7467800Z   /usr/local/opt/openssl@3/include/openssl/types.h:102:34: warning: redefinition of typedef 'EVP_CIPHER_CTX' is a C11 feature [-Wtypedef-redefinition]
2022-12-27T03:22:13.7469660Z   typedef struct evp_cipher_ctx_st EVP_CIPHER_CTX;
2022-12-27T03:22:13.7471920Z                                    ^
2022-12-27T03:22:13.7474430Z   third_party/boringssl/include/openssl/base.h:223:34: note: previous definition is here
2022-12-27T03:22:13.7476610Z   typedef struct evp_cipher_ctx_st EVP_CIPHER_CTX;
2022-12-27T03:22:13.7478850Z                                    ^
2022-12-27T03:22:13.7481250Z   In file included from src/boringssl/err_data.c:18:
2022-12-27T03:22:13.7483530Z   In file included from /usr/local/opt/openssl@3/include/openssl/err.h:28:
2022-12-27T03:22:13.7486590Z   /usr/local/opt/openssl@3/include/openssl/types.h:103:26: error: typedef redefinition with different types ('struct evp_md_st' vs 'struct env_md_st')
2022-12-27T03:22:13.7488060Z   typedef struct evp_md_st EVP_MD;
2022-12-27T03:22:13.7490330Z                            ^
2022-12-27T03:22:13.7492770Z   third_party/boringssl/include/openssl/base.h:221:26: note: previous definition is here
2022-12-27T03:22:13.7494960Z   typedef struct env_md_st EVP_MD;
2022-12-27T03:22:13.7497180Z                            ^
2022-12-27T03:22:13.7499610Z   In file included from src/boringssl/err_data.c:18:
2022-12-27T03:22:13.7501890Z   In file included from /usr/local/opt/openssl@3/include/openssl/err.h:28:
2022-12-27T03:22:13.7504570Z   /usr/local/opt/openssl@3/include/openssl/types.h:104:30: error: typedef redefinition with different types ('struct evp_md_ctx_st' vs 'struct env_md_ctx_st')
2022-12-27T03:22:13.7506430Z   typedef struct evp_md_ctx_st EVP_MD_CTX;
2022-12-27T03:22:13.7508700Z                                ^
2022-12-27T03:22:13.7511100Z   third_party/boringssl/include/openssl/base.h:220:30: note: previous definition is here
2022-12-27T03:22:13.7513330Z   typedef struct env_md_ctx_st EVP_MD_CTX;
2022-12-27T03:22:13.7515520Z                                ^
2022-12-27T03:22:13.7518260Z   In file included from src/boringssl/err_data.c:18:
2022-12-27T03:22:13.7520270Z   In file included from /usr/local/opt/openssl@3/include/openssl/err.h:28:
2022-12-27T03:22:13.7523020Z   /usr/local/opt/openssl@3/include/openssl/types.h:107:28: warning: redefinition of typedef 'EVP_PKEY' is a C11 feature [-Wtypedef-redefinition]
2022-12-27T03:22:13.7524810Z   typedef struct evp_pkey_st EVP_PKEY;
2022-12-27T03:22:13.7527110Z                              ^
2022-12-27T03:22:13.7529520Z   third_party/boringssl/include/openssl/base.h:229:28: note: previous definition is here
2022-12-27T03:22:13.7531720Z   typedef struct evp_pkey_st EVP_PKEY;
2022-12-27T03:22:13.7533960Z                              ^
2022-12-27T03:22:13.7536410Z   In file included from src/boringssl/err_data.c:18:
2022-12-27T03:22:13.7539080Z   In file included from /usr/local/opt/openssl@3/include/openssl/err.h:28:
2022-12-27T03:22:13.7542790Z   /usr/local/opt/openssl@3/include/openssl/types.h:109:40: warning: redefinition of typedef 'EVP_PKEY_ASN1_METHOD' is a C11 feature [-Wtypedef-redefinition]
2022-12-27T03:22:13.7544200Z   typedef struct evp_pkey_asn1_method_st EVP_PKEY_ASN1_METHOD;
2022-12-27T03:22:13.7546500Z                                          ^
2022-12-27T03:22:13.7549040Z   third_party/boringssl/include/openssl/base.h:226:40: note: previous definition is here
2022-12-27T03:22:13.7551290Z   typedef struct evp_pkey_asn1_method_st EVP_PKEY_ASN1_METHOD;
2022-12-27T03:22:13.7553320Z                                          ^
2022-12-27T03:22:13.7556190Z   In file included from src/boringssl/err_data.c:18:
2022-12-27T03:22:13.7558070Z   In file included from /usr/local/opt/openssl@3/include/openssl/err.h:28:
2022-12-27T03:22:13.7561150Z   /usr/local/opt/openssl@3/include/openssl/types.h:111:35: warning: redefinition of typedef 'EVP_PKEY_METHOD' is a C11 feature [-Wtypedef-redefinition]
2022-12-27T03:22:13.7562880Z   typedef struct evp_pkey_method_st EVP_PKEY_METHOD;
2022-12-27T03:22:13.7565290Z                                     ^
2022-12-27T03:22:13.7567610Z   third_party/boringssl/include/openssl/base.h:228:35: note: previous definition is here
2022-12-27T03:22:13.7569970Z   typedef struct evp_pkey_method_st EVP_PKEY_METHOD;
2022-12-27T03:22:13.7572040Z                                     ^
2022-12-27T03:22:13.7574490Z   In file included from src/boringssl/err_data.c:18:
2022-12-27T03:22:13.7576710Z   In file included from /usr/local/opt/openssl@3/include/openssl/err.h:28:
2022-12-27T03:22:13.7579660Z   /usr/local/opt/openssl@3/include/openssl/types.h:112:32: warning: redefinition of typedef 'EVP_PKEY_CTX' is a C11 feature [-Wtypedef-redefinition]
2022-12-27T03:22:13.7581950Z   typedef struct evp_pkey_ctx_st EVP_PKEY_CTX;
2022-12-27T03:22:13.7583640Z                                  ^
2022-12-27T03:22:13.7586550Z   third_party/boringssl/include/openssl/base.h:227:32: note: previous definition is here
2022-12-27T03:22:13.7588230Z   typedef struct evp_pkey_ctx_st EVP_PKEY_CTX;
2022-12-27T03:22:13.7590560Z                                  ^
2022-12-27T03:22:13.7592840Z   In file included from src/boringssl/err_data.c:18:
2022-12-27T03:22:13.7595190Z   In file included from /usr/local/opt/openssl@3/include/openssl/err.h:28:
2022-12-27T03:22:13.7597870Z   /usr/local/opt/openssl@3/include/openssl/types.h:130:34: error: typedef redefinition with different types ('struct evp_Encode_Ctx_st' vs 'struct evp_encode_ctx_st')
2022-12-27T03:22:13.7600160Z   typedef struct evp_Encode_Ctx_st EVP_ENCODE_CTX;
2022-12-27T03:22:13.7602300Z                                    ^
2022-12-27T03:22:13.7604770Z   third_party/boringssl/include/openssl/base.h:225:34: note: previous definition is here
2022-12-27T03:22:13.7606950Z   typedef struct evp_encode_ctx_st EVP_ENCODE_CTX;
2022-12-27T03:22:13.7609150Z                                    ^
2022-12-27T03:22:13.7611430Z   In file included from src/boringssl/err_data.c:18:
2022-12-27T03:22:13.7613740Z   In file included from /usr/local/opt/openssl@3/include/openssl/err.h:28:
2022-12-27T03:22:13.7616330Z   /usr/local/opt/openssl@3/include/openssl/types.h:132:28: warning: redefinition of typedef 'HMAC_CTX' is a C11 feature [-Wtypedef-redefinition]
2022-12-27T03:22:13.7618190Z   typedef struct hmac_ctx_st HMAC_CTX;
2022-12-27T03:22:13.7620600Z                              ^
2022-12-27T03:22:13.7622960Z   third_party/boringssl/include/openssl/base.h:230:28: note: previous definition is here
2022-12-27T03:22:13.7625180Z   typedef struct hmac_ctx_st HMAC_CTX;
2022-12-27T03:22:13.7627340Z                              ^
2022-12-27T03:22:13.7629680Z   In file included from src/boringssl/err_data.c:18:
2022-12-27T03:22:13.7632020Z   In file included from /usr/local/opt/openssl@3/include/openssl/err.h:28:
2022-12-27T03:22:13.7634690Z   /usr/local/opt/openssl@3/include/openssl/types.h:134:22: warning: redefinition of typedef 'DH' is a C11 feature [-Wtypedef-redefinition]
2022-12-27T03:22:13.7636480Z   typedef struct dh_st DH;
2022-12-27T03:22:13.7639050Z                        ^
2022-12-27T03:22:13.7641450Z   third_party/boringssl/include/openssl/base.h:214:22: note: previous definition is here
2022-12-27T03:22:13.7643680Z   typedef struct dh_st DH;
2022-12-27T03:22:13.7645980Z                        ^
2022-12-27T03:22:13.7648260Z   In file included from src/boringssl/err_data.c:18:
2022-12-27T03:22:13.7650560Z   In file included from /usr/local/opt/openssl@3/include/openssl/err.h:28:
2022-12-27T03:22:13.7653190Z   /usr/local/opt/openssl@3/include/openssl/types.h:153:29: warning: redefinition of typedef 'RAND_METHOD' is a C11 feature [-Wtypedef-redefinition]
2022-12-27T03:22:13.7654960Z   typedef struct rand_meth_st RAND_METHOD;
2022-12-27T03:22:13.7657260Z                               ^
2022-12-27T03:22:13.7659710Z   third_party/boringssl/include/openssl/base.h:236:29: note: previous definition is here
2022-12-27T03:22:13.7661890Z   typedef struct rand_meth_st RAND_METHOD;
2022-12-27T03:22:13.7664000Z                               ^
2022-12-27T03:22:13.7666370Z   In file included from src/boringssl/err_data.c:18:
2022-12-27T03:22:13.7669260Z   In file included from /usr/local/opt/openssl@3/include/openssl/err.h:28:
2022-12-27T03:22:13.7671550Z   /usr/local/opt/openssl@3/include/openssl/types.h:157:24: warning: redefinition of typedef 'X509' is a C11 feature [-Wtypedef-redefinition]
2022-12-27T03:22:13.7673750Z   typedef struct x509_st X509;
2022-12-27T03:22:13.7675260Z                          ^
2022-12-27T03:22:13.7677770Z   third_party/boringssl/include/openssl/base.h:258:24: note: previous definition is here
2022-12-27T03:22:13.7680020Z   typedef struct x509_st X509;
2022-12-27T03:22:13.7682760Z                          ^
2022-12-27T03:22:13.7684520Z   In file included from src/boringssl/err_data.c:18:
2022-12-27T03:22:13.7687540Z   In file included from /usr/local/opt/openssl@3/include/openssl/err.h:28:
2022-12-27T03:22:13.7690350Z   /usr/local/opt/openssl@3/include/openssl/types.h:158:30: warning: redefinition of typedef 'X509_ALGOR' is a C11 feature [-Wtypedef-redefinition]
2022-12-27T03:22:13.7691530Z   typedef struct X509_algor_st X509_ALGOR;
2022-12-27T03:22:13.7693980Z                                ^
2022-12-27T03:22:13.7696390Z   third_party/boringssl/include/openssl/base.h:189:30: note: previous definition is here
2022-12-27T03:22:13.7698250Z   typedef struct X509_algor_st X509_ALGOR;
2022-12-27T03:22:13.7700650Z                                ^
2022-12-27T03:22:13.7702860Z   In file included from src/boringssl/err_data.c:18:
2022-12-27T03:22:13.7705170Z   In file included from /usr/local/opt/openssl@3/include/openssl/err.h:28:
2022-12-27T03:22:13.7707850Z   /usr/local/opt/openssl@3/include/openssl/types.h:159:28: warning: redefinition of typedef 'X509_CRL' is a C11 feature [-Wtypedef-redefinition]
2022-12-27T03:22:13.7709570Z   typedef struct X509_crl_st X509_CRL;
2022-12-27T03:22:13.7711890Z                              ^
2022-12-27T03:22:13.7714170Z   third_party/boringssl/include/openssl/base.h:191:28: note: previous definition is here
2022-12-27T03:22:13.7716340Z   typedef struct X509_crl_st X509_CRL;
2022-12-27T03:22:13.7718470Z                              ^
2022-12-27T03:22:13.7720970Z   In file included from src/boringssl/err_data.c:18:
2022-12-27T03:22:13.7723180Z   In file included from /usr/local/opt/openssl@3/include/openssl/err.h:28:
2022-12-27T03:22:13.7726110Z   /usr/local/opt/openssl@3/include/openssl/types.h:160:35: warning: redefinition of typedef 'X509_CRL_METHOD' is a C11 feature [-Wtypedef-redefinition]
2022-12-27T03:22:13.7727770Z   typedef struct x509_crl_method_st X509_CRL_METHOD;
2022-12-27T03:22:13.7730070Z                                     ^
2022-12-27T03:22:13.7732540Z   third_party/boringssl/include/openssl/base.h:256:35: note: previous definition is here
2022-12-27T03:22:13.7734580Z   typedef struct x509_crl_method_st X509_CRL_METHOD;
2022-12-27T03:22:13.7736850Z                                     ^
2022-12-27T03:22:13.7739440Z   In file included from src/boringssl/err_data.c:18:
2022-12-27T03:22:13.7741700Z   In file included from /usr/local/opt/openssl@3/include/openssl/err.h:28:
2022-12-27T03:22:13.7744380Z   /usr/local/opt/openssl@3/include/openssl/types.h:161:32: warning: redefinition of typedef 'X509_REVOKED' is a C11 feature [-Wtypedef-redefinition]
2022-12-27T03:22:13.7746210Z   typedef struct x509_revoked_st X509_REVOKED;
2022-12-27T03:22:13.7748660Z                                  ^
2022-12-27T03:22:13.7750920Z   third_party/boringssl/include/openssl/base.h:257:32: note: previous definition is here
2022-12-27T03:22:13.7753250Z   typedef struct x509_revoked_st X509_REVOKED;
2022-12-27T03:22:13.7755320Z                                  ^
2022-12-27T03:22:13.7757780Z   In file included from src/boringssl/err_data.c:18:
2022-12-27T03:22:13.7760070Z   In file included from /usr/local/opt/openssl@3/include/openssl/err.h:28:
2022-12-27T03:22:13.7762840Z   /usr/local/opt/openssl@3/include/openssl/types.h:162:29: warning: redefinition of typedef 'X509_NAME' is a C11 feature [-Wtypedef-redefinition]
2022-12-27T03:22:13.7764570Z   typedef struct X509_name_st X509_NAME;
2022-12-27T03:22:13.7766860Z                               ^
2022-12-27T03:22:13.7769230Z   third_party/boringssl/include/openssl/base.h:195:29: note: previous definition is here
2022-12-27T03:22:13.7771480Z   typedef struct X509_name_st X509_NAME;
2022-12-27T03:22:13.7773620Z                               ^
2022-12-27T03:22:13.7776000Z   In file included from src/boringssl/err_data.c:18:
2022-12-27T03:22:13.7778290Z   In file included from /usr/local/opt/openssl@3/include/openssl/err.h:28:
2022-12-27T03:22:13.7781140Z   /usr/local/opt/openssl@3/include/openssl/types.h:163:31: warning: redefinition of typedef 'X509_PUBKEY' is a C11 feature [-Wtypedef-redefinition]
2022-12-27T03:22:13.7782790Z   typedef struct X509_pubkey_st X509_PUBKEY;
2022-12-27T03:22:13.7785210Z                                 ^
2022-12-27T03:22:13.7787860Z   third_party/boringssl/include/openssl/base.h:197:31: note: previous definition is here
2022-12-27T03:22:13.7789760Z   typedef struct X509_pubkey_st X509_PUBKEY;
2022-12-27T03:22:13.7792070Z                                 ^
2022-12-27T03:22:13.7794350Z   In file included from src/boringssl/err_data.c:18:
2022-12-27T03:22:13.7796630Z   In file included from /usr/local/opt/openssl@3/include/openssl/err.h:28:
2022-12-27T03:22:13.7799400Z   /usr/local/opt/openssl@3/include/openssl/types.h:164:30: warning: redefinition of typedef 'X509_STORE' is a C11 feature [-Wtypedef-redefinition]
2022-12-27T03:22:13.7801300Z   typedef struct x509_store_st X509_STORE;
2022-12-27T03:22:13.7803530Z                                ^
2022-12-27T03:22:13.7805910Z   third_party/boringssl/include/openssl/base.h:260:30: note: previous definition is here
2022-12-27T03:22:13.7808100Z   typedef struct x509_store_st X509_STORE;
2022-12-27T03:22:13.7810290Z                                ^
2022-12-27T03:22:13.7812620Z   In file included from src/boringssl/err_data.c:18:
2022-12-27T03:22:13.7814890Z   In file included from /usr/local/opt/openssl@3/include/openssl/err.h:28:
2022-12-27T03:22:13.7817670Z   /usr/local/opt/openssl@3/include/openssl/types.h:165:34: warning: redefinition of typedef 'X509_STORE_CTX' is a C11 feature [-Wtypedef-redefinition]
2022-12-27T03:22:13.7819520Z   typedef struct x509_store_ctx_st X509_STORE_CTX;
2022-12-27T03:22:13.7821790Z                                    ^
2022-12-27T03:22:13.7824230Z   third_party/boringssl/include/openssl/base.h:259:34: note: previous definition is here
2022-12-27T03:22:13.7826380Z   typedef struct x509_store_ctx_st X509_STORE_CTX;
2022-12-27T03:22:13.7828590Z                                    ^
2022-12-27T03:22:13.7830850Z   In file included from src/boringssl/err_data.c:18:
2022-12-27T03:22:13.7833260Z   In file included from /usr/local/opt/openssl@3/include/openssl/err.h:28:
2022-12-27T03:22:13.7855400Z   /usr/local/opt/openssl@3/include/openssl/types.h:174:39: warning: redefinition of typedef 'PKCS8_PRIV_KEY_INFO' is a C11 feature [-Wtypedef-redefinition]
2022-12-27T03:22:13.7855870Z   typedef struct pkcs8_priv_key_info_st PKCS8_PRIV_KEY_INFO;
2022-12-27T03:22:13.7856120Z                                         ^
2022-12-27T03:22:13.7856420Z   third_party/boringssl/include/openssl/base.h:234:39: note: previous definition is here
2022-12-27T03:22:13.7856750Z   typedef struct pkcs8_priv_key_info_st PKCS8_PRIV_KEY_INFO;
2022-12-27T03:22:13.7857010Z                                         ^
2022-12-27T03:22:13.7857260Z   In file included from src/boringssl/err_data.c:18:
2022-12-27T03:22:13.7857580Z   In file included from /usr/local/opt/openssl@3/include/openssl/err.h:28:
2022-12-27T03:22:13.7858140Z   /usr/local/opt/openssl@3/include/openssl/types.h:176:27: warning: redefinition of typedef 'X509V3_CTX' is a C11 feature [-Wtypedef-redefinition]
2022-12-27T03:22:13.7860780Z   typedef struct v3_ext_ctx X509V3_CTX;
2022-12-27T03:22:13.7861210Z                             ^
2022-12-27T03:22:13.7861560Z   third_party/boringssl/include/openssl/base.h:251:27: note: previous definition is here
2022-12-27T03:22:13.7862660Z   typedef struct v3_ext_ctx X509V3_CTX;
2022-12-27T03:22:13.7865370Z                             ^
2022-12-27T03:22:13.7867320Z   In file included from src/boringssl/err_data.c:18:
2022-12-27T03:22:13.7870260Z   In file included from /usr/local/opt/openssl@3/include/openssl/err.h:28:
2022-12-27T03:22:13.7872260Z   /usr/local/opt/openssl@3/include/openssl/types.h:177:24: warning: redefinition of typedef 'CONF' is a C11 feature [-Wtypedef-redefinition]
2022-12-27T03:22:13.7874230Z   typedef struct conf_st CONF;
2022-12-27T03:22:13.7876610Z                          ^
2022-12-27T03:22:13.7879160Z   third_party/boringssl/include/openssl/base.h:212:24: note: previous definition is here
2022-12-27T03:22:13.7881280Z   typedef struct conf_st CONF;
2022-12-27T03:22:13.7883500Z                          ^
2022-12-27T03:22:13.7885880Z   In file included from src/boringssl/err_data.c:18:
2022-12-27T03:22:13.7888330Z   In file included from /usr/local/opt/openssl@3/include/openssl/err.h:28:
2022-12-27T03:22:13.7891120Z   /usr/local/opt/openssl@3/include/openssl/types.h:183:26: warning: redefinition of typedef 'ENGINE' is a C11 feature [-Wtypedef-redefinition]
2022-12-27T03:22:13.7892600Z   typedef struct engine_st ENGINE;
2022-12-27T03:22:13.7894890Z                            ^
2022-12-27T03:22:13.7897250Z   third_party/boringssl/include/openssl/base.h:219:26: note: previous definition is here
2022-12-27T03:22:13.7899530Z   typedef struct engine_st ENGINE;
2022-12-27T03:22:13.7901640Z                            ^
2022-12-27T03:22:13.7904030Z   In file included from src/boringssl/err_data.c:18:
2022-12-27T03:22:13.7906450Z   In file included from /usr/local/opt/openssl@3/include/openssl/err.h:28:
2022-12-27T03:22:13.7909150Z   /usr/local/opt/openssl@3/include/openssl/types.h:184:23: warning: redefinition of typedef 'SSL' is a C11 feature [-Wtypedef-redefinition]
2022-12-27T03:22:13.7910920Z   typedef struct ssl_st SSL;
2022-12-27T03:22:13.7913130Z                         ^
2022-12-27T03:22:13.7915620Z   third_party/boringssl/include/openssl/base.h:249:23: note: previous definition is here
2022-12-27T03:22:13.7917710Z   typedef struct ssl_st SSL;
2022-12-27T03:22:13.7920270Z                         ^
2022-12-27T03:22:13.7922990Z   In file included from src/boringssl/err_data.c:18:
2022-12-27T03:22:13.7925400Z   In file included from /usr/local/opt/openssl@3/include/openssl/err.h:28:
2022-12-27T03:22:13.7928070Z   /usr/local/opt/openssl@3/include/openssl/types.h:185:27: warning: redefinition of typedef 'SSL_CTX' is a C11 feature [-Wtypedef-redefinition]
2022-12-27T03:22:13.7929570Z   typedef struct ssl_ctx_st SSL_CTX;
2022-12-27T03:22:13.7931880Z                             ^
2022-12-27T03:22:13.7934180Z   third_party/boringssl/include/openssl/base.h:245:27: note: previous definition is here
2022-12-27T03:22:13.7936230Z   typedef struct ssl_ctx_st SSL_CTX;
2022-12-27T03:22:13.7938950Z                             ^
2022-12-27T03:22:13.7941090Z   In file included from src/boringssl/err_data.c:18:
2022-12-27T03:22:13.7943460Z   In file included from /usr/local/opt/openssl@3/include/openssl/err.h:28:
2022-12-27T03:22:13.7946060Z   /usr/local/opt/openssl@3/include/openssl/types.h:190:36: warning: redefinition of typedef 'X509_POLICY_NODE' is a C11 feature [-Wtypedef-redefinition]
2022-12-27T03:22:13.7947940Z   typedef struct X509_POLICY_NODE_st X509_POLICY_NODE;
2022-12-27T03:22:13.7950210Z                                      ^
2022-12-27T03:22:13.7952700Z   third_party/boringssl/include/openssl/base.h:187:36: note: previous definition is here
2022-12-27T03:22:13.7954850Z   typedef struct X509_POLICY_NODE_st X509_POLICY_NODE;
2022-12-27T03:22:13.7957020Z                                      ^
2022-12-27T03:22:13.7959420Z   In file included from src/boringssl/err_data.c:18:
2022-12-27T03:22:13.7961750Z   In file included from /usr/local/opt/openssl@3/include/openssl/err.h:28:
2022-12-27T03:22:13.7964470Z   /usr/local/opt/openssl@3/include/openssl/types.h:191:37: warning: redefinition of typedef 'X509_POLICY_LEVEL' is a C11 feature [-Wtypedef-redefinition]
2022-12-27T03:22:13.7966270Z   typedef struct X509_POLICY_LEVEL_st X509_POLICY_LEVEL;
2022-12-27T03:22:13.7968540Z                                       ^
2022-12-27T03:22:13.7970900Z   third_party/boringssl/include/openssl/base.h:186:37: note: previous definition is here
2022-12-27T03:22:13.7973150Z   typedef struct X509_POLICY_LEVEL_st X509_POLICY_LEVEL;
2022-12-27T03:22:13.7975270Z                                       ^
2022-12-27T03:22:13.7977610Z   In file included from src/boringssl/err_data.c:18:
2022-12-27T03:22:13.7979960Z   In file included from /usr/local/opt/openssl@3/include/openssl/err.h:28:
2022-12-27T03:22:13.7982680Z   /usr/local/opt/openssl@3/include/openssl/types.h:192:36: warning: redefinition of typedef 'X509_POLICY_TREE' is a C11 feature [-Wtypedef-redefinition]
2022-12-27T03:22:13.7984520Z   typedef struct X509_POLICY_TREE_st X509_POLICY_TREE;
2022-12-27T03:22:13.7987100Z                                      ^
2022-12-27T03:22:13.7989280Z   third_party/boringssl/include/openssl/base.h:188:36: note: previous definition is here
2022-12-27T03:22:13.7991440Z   typedef struct X509_POLICY_TREE_st X509_POLICY_TREE;
2022-12-27T03:22:13.7993610Z                                      ^
2022-12-27T03:22:13.7995940Z   In file included from src/boringssl/err_data.c:18:
2022-12-27T03:22:13.7998300Z   In file included from /usr/local/opt/openssl@3/include/openssl/err.h:28:
2022-12-27T03:22:13.8001100Z   /usr/local/opt/openssl@3/include/openssl/types.h:193:37: warning: redefinition of typedef 'X509_POLICY_CACHE' is a C11 feature [-Wtypedef-redefinition]
2022-12-27T03:22:13.8002930Z   typedef struct X509_POLICY_CACHE_st X509_POLICY_CACHE;
2022-12-27T03:22:13.8005230Z                                       ^
2022-12-27T03:22:13.8007590Z   third_party/boringssl/include/openssl/base.h:185:37: note: previous definition is here
2022-12-27T03:22:13.8009810Z   typedef struct X509_POLICY_CACHE_st X509_POLICY_CACHE;
2022-12-27T03:22:13.8011990Z                                       ^
2022-12-27T03:22:13.8014330Z   In file included from src/boringssl/err_data.c:18:
2022-12-27T03:22:13.8016600Z   In file included from /usr/local/opt/openssl@3/include/openssl/err.h:28:
2022-12-27T03:22:13.8019410Z   /usr/local/opt/openssl@3/include/openssl/types.h:195:35: warning: redefinition of typedef 'AUTHORITY_KEYID' is a C11 feature [-Wtypedef-redefinition]
2022-12-27T03:22:13.8021130Z   typedef struct AUTHORITY_KEYID_st AUTHORITY_KEYID;
2022-12-27T03:22:13.8023520Z                                     ^
2022-12-27T03:22:13.8025890Z   third_party/boringssl/include/openssl/base.h:175:35: note: previous definition is here
2022-12-27T03:22:13.8028140Z   typedef struct AUTHORITY_KEYID_st AUTHORITY_KEYID;
2022-12-27T03:22:13.8030080Z                                     ^
2022-12-27T03:22:13.8032590Z   In file included from src/boringssl/err_data.c:18:
2022-12-27T03:22:13.8034850Z   In file included from /usr/local/opt/openssl@3/include/openssl/err.h:28:
2022-12-27T03:22:13.8037480Z   /usr/local/opt/openssl@3/include/openssl/types.h:196:30: warning: redefinition of typedef 'DIST_POINT' is a C11 feature [-Wtypedef-redefinition]
2022-12-27T03:22:13.8039630Z   typedef struct DIST_POINT_st DIST_POINT;
2022-12-27T03:22:13.8041830Z                                ^
2022-12-27T03:22:13.8044190Z   third_party/boringssl/include/openssl/base.h:176:30: note: previous definition is here
2022-12-27T03:22:13.8046410Z   typedef struct DIST_POINT_st DIST_POINT;
2022-12-27T03:22:13.8048530Z                                ^
2022-12-27T03:22:13.8050850Z   In file included from src/boringssl/err_data.c:18:
2022-12-27T03:22:13.8053130Z   In file included from /usr/local/opt/openssl@3/include/openssl/err.h:28:
2022-12-27T03:22:13.8055800Z   /usr/local/opt/openssl@3/include/openssl/types.h:197:38: warning: redefinition of typedef 'ISSUING_DIST_POINT' is a C11 feature [-Wtypedef-redefinition]
2022-12-27T03:22:13.8057540Z   typedef struct ISSUING_DIST_POINT_st ISSUING_DIST_POINT;
2022-12-27T03:22:13.8060010Z                                        ^
2022-12-27T03:22:13.8062320Z   third_party/boringssl/include/openssl/base.h:177:38: note: previous definition is here
2022-12-27T03:22:13.8064550Z   typedef struct ISSUING_DIST_POINT_st ISSUING_DIST_POINT;
2022-12-27T03:22:13.8066680Z                                        ^
2022-12-27T03:22:13.8068970Z   In file included from src/boringssl/err_data.c:18:
2022-12-27T03:22:13.8071220Z   In file included from /usr/local/opt/openssl@3/include/openssl/err.h:28:
2022-12-27T03:22:13.8073920Z   /usr/local/opt/openssl@3/include/openssl/types.h:198:36: warning: redefinition of typedef 'NAME_CONSTRAINTS' is a C11 feature [-Wtypedef-redefinition]
2022-12-27T03:22:13.8075620Z   typedef struct NAME_CONSTRAINTS_st NAME_CONSTRAINTS;
2022-12-27T03:22:13.8078000Z                                      ^
2022-12-27T03:22:13.8080700Z   third_party/boringssl/include/openssl/base.h:178:36: note: previous definition is here
2022-12-27T03:22:13.8082460Z   typedef struct NAME_CONSTRAINTS_st NAME_CONSTRAINTS;
2022-12-27T03:22:13.8084820Z                                      ^
2022-12-27T03:22:13.8087070Z   In file included from src/boringssl/err_data.c:18:
2022-12-27T03:22:13.8089370Z   In file included from /usr/local/opt/openssl@3/include/openssl/err.h:29:
2022-12-27T03:22:13.8091970Z   /usr/local/opt/openssl@3/include/openssl/bio.h:296:30: warning: redefinition of typedef 'BIO_METHOD' is a C11 feature [-Wtypedef-redefinition]
2022-12-27T03:22:13.8093860Z   typedef struct bio_method_st BIO_METHOD;
2022-12-27T03:22:13.8096100Z                                ^
2022-12-27T03:22:13.8098500Z   third_party/boringssl/include/openssl/base.h:204:30: note: previous definition is here
2022-12-27T03:22:13.8100750Z   typedef struct bio_method_st BIO_METHOD;
2022-12-27T03:22:13.8102950Z                                ^
2022-12-27T03:22:13.8105650Z   src/boringssl/err_data.c:33:1: error: 'OPENSSL_COMPILE_ASSERT_library_values_changed_12' declared as an array with a negative size
2022-12-27T03:22:13.8107570Z   OPENSSL_COMPILE_ASSERT(ERR_LIB_ASN1 == 12, library_values_changed_12);
2022-12-27T03:22:13.8109800Z   ^~~~~~~~~~~~~~~~~~~~~~~~~~~~~~~~~~~~~~~~~~~~~~~~~~~~~~~~~~~~~~~~~~~~~
2022-12-27T03:22:13.8112420Z   third_party/boringssl/include/openssl/type_check.h:83:45: note: expanded from macro 'OPENSSL_COMPILE_ASSERT'
2022-12-27T03:22:13.8114940Z     typedef char OPENSSL_COMPILE_ASSERT_##msg[((cond) ? 1 : -1)]
2022-12-27T03:22:13.8116620Z                                               ^~~~~~~~~~~~~~~~~
2022-12-27T03:22:13.8119530Z   src/boringssl/err_data.c:34:1: error: 'OPENSSL_COMPILE_ASSERT_library_values_changed_13' declared as an array with a negative size
2022-12-27T03:22:13.8121670Z   OPENSSL_COMPILE_ASSERT(ERR_LIB_CONF == 13, library_values_changed_13);
2022-12-27T03:22:13.8123770Z   ^~~~~~~~~~~~~~~~~~~~~~~~~~~~~~~~~~~~~~~~~~~~~~~~~~~~~~~~~~~~~~~~~~~~~
2022-12-27T03:22:13.8126460Z   third_party/boringssl/include/openssl/type_check.h:83:45: note: expanded from macro 'OPENSSL_COMPILE_ASSERT'
2022-12-27T03:22:13.8128560Z     typedef char OPENSSL_COMPILE_ASSERT_##msg[((cond) ? 1 : -1)]
2022-12-27T03:22:13.8130680Z                                               ^~~~~~~~~~~~~~~~~
2022-12-27T03:22:13.8133270Z   src/boringssl/err_data.c:35:1: error: 'OPENSSL_COMPILE_ASSERT_library_values_changed_14' declared as an array with a negative size
2022-12-27T03:22:13.8135540Z   OPENSSL_COMPILE_ASSERT(ERR_LIB_CRYPTO == 14, library_values_changed_14);
2022-12-27T03:22:13.8137420Z   ^~~~~~~~~~~~~~~~~~~~~~~~~~~~~~~~~~~~~~~~~~~~~~~~~~~~~~~~~~~~~~~~~~~~~~~
2022-12-27T03:22:13.8140500Z   third_party/boringssl/include/openssl/type_check.h:83:45: note: expanded from macro 'OPENSSL_COMPILE_ASSERT'
2022-12-27T03:22:13.8142580Z     typedef char OPENSSL_COMPILE_ASSERT_##msg[((cond) ? 1 : -1)]
2022-12-27T03:22:13.8144670Z                                               ^~~~~~~~~~~~~~~~~
2022-12-27T03:22:13.8147300Z   src/boringssl/err_data.c:36:1: error: 'OPENSSL_COMPILE_ASSERT_library_values_changed_15' declared as an array with a negative size
2022-12-27T03:22:13.8149190Z   OPENSSL_COMPILE_ASSERT(ERR_LIB_EC == 15, library_values_changed_15);
2022-12-27T03:22:13.8151470Z   ^~~~~~~~~~~~~~~~~~~~~~~~~~~~~~~~~~~~~~~~~~~~~~~~~~~~~~~~~~~~~~~~~~~
2022-12-27T03:22:13.8154110Z   third_party/boringssl/include/openssl/type_check.h:83:45: note: expanded from macro 'OPENSSL_COMPILE_ASSERT'
2022-12-27T03:22:13.8156120Z     typedef char OPENSSL_COMPILE_ASSERT_##msg[((cond) ? 1 : -1)]
2022-12-27T03:22:13.8158080Z                                               ^~~~~~~~~~~~~~~~~
2022-12-27T03:22:13.8160970Z   src/boringssl/err_data.c:37:1: error: 'OPENSSL_COMPILE_ASSERT_library_values_changed_16' declared as an array with a negative size
2022-12-27T03:22:13.8163450Z   OPENSSL_COMPILE_ASSERT(ERR_LIB_SSL == 16, library_values_changed_16);
2022-12-27T03:22:13.8165810Z   ^~~~~~~~~~~~~~~~~~~~~~~~~~~~~~~~~~~~~~~~~~~~~~~~~~~~~~~~~~~~~~~~~~~~
2022-12-27T03:22:13.8168170Z   third_party/boringssl/include/openssl/type_check.h:83:45: note: expanded from macro 'OPENSSL_COMPILE_ASSERT'
2022-12-27T03:22:13.8169880Z     typedef char OPENSSL_COMPILE_ASSERT_##msg[((cond) ? 1 : -1)]
2022-12-27T03:22:13.8172300Z                                               ^~~~~~~~~~~~~~~~~
2022-12-27T03:22:13.8174870Z   src/boringssl/err_data.c:38:1: error: 'OPENSSL_COMPILE_ASSERT_library_values_changed_17' declared as an array with a negative size
2022-12-27T03:22:13.8176790Z   OPENSSL_COMPILE_ASSERT(ERR_LIB_BIO == 17, library_values_changed_17);
2022-12-27T03:22:13.8179180Z   ^~~~~~~~~~~~~~~~~~~~~~~~~~~~~~~~~~~~~~~~~~~~~~~~~~~~~~~~~~~~~~~~~~~~
2022-12-27T03:22:13.8181730Z   third_party/boringssl/include/openssl/type_check.h:83:45: note: expanded from macro 'OPENSSL_COMPILE_ASSERT'
2022-12-27T03:22:13.8183950Z     typedef char OPENSSL_COMPILE_ASSERT_##msg[((cond) ? 1 : -1)]
2022-12-27T03:22:13.8186060Z                                               ^~~~~~~~~~~~~~~~~
2022-12-27T03:22:13.8188640Z   src/boringssl/err_data.c:39:1: error: 'OPENSSL_COMPILE_ASSERT_library_values_changed_18' declared as an array with a negative size
2022-12-27T03:22:13.8190710Z   OPENSSL_COMPILE_ASSERT(ERR_LIB_PKCS7 == 18, library_values_changed_18);
2022-12-27T03:22:13.8192770Z   ^~~~~~~~~~~~~~~~~~~~~~~~~~~~~~~~~~~~~~~~~~~~~~~~~~~~~~~~~~~~~~~~~~~~~~
2022-12-27T03:22:13.8195490Z   third_party/boringssl/include/openssl/type_check.h:83:45: note: expanded from macro 'OPENSSL_COMPILE_ASSERT'
2022-12-27T03:22:13.8197490Z     typedef char OPENSSL_COMPILE_ASSERT_##msg[((cond) ? 1 : -1)]
2022-12-27T03:22:13.8199650Z                                               ^~~~~~~~~~~~~~~~~
2022-12-27T03:22:13.8202160Z   src/boringssl/err_data.c:40:24: error: use of undeclared identifier 'ERR_LIB_PKCS8'
2022-12-27T03:22:13.8204180Z   OPENSSL_COMPILE_ASSERT(ERR_LIB_PKCS8 == 19, library_values_changed_19);
2022-12-27T03:22:13.8206210Z                          ^
2022-12-27T03:22:13.8208980Z   src/boringssl/err_data.c:41:1: error: 'OPENSSL_COMPILE_ASSERT_library_values_changed_20' declared as an array with a negative size
2022-12-27T03:22:13.8210870Z   OPENSSL_COMPILE_ASSERT(ERR_LIB_X509V3 == 20, library_values_changed_20);
2022-12-27T03:22:13.8213100Z   ^~~~~~~~~~~~~~~~~~~~~~~~~~~~~~~~~~~~~~~~~~~~~~~~~~~~~~~~~~~~~~~~~~~~~~~
2022-12-27T03:22:13.8215720Z   third_party/boringssl/include/openssl/type_check.h:83:45: note: expanded from macro 'OPENSSL_COMPILE_ASSERT'
2022-12-27T03:22:13.8217790Z     typedef char OPENSSL_COMPILE_ASSERT_##msg[((cond) ? 1 : -1)]
2022-12-27T03:22:13.8220030Z                                               ^~~~~~~~~~~~~~~~~
2022-12-27T03:22:13.8222630Z   src/boringssl/err_data.c:42:1: error: 'OPENSSL_COMPILE_ASSERT_library_values_changed_21' declared as an array with a negative size
2022-12-27T03:22:13.8224520Z   OPENSSL_COMPILE_ASSERT(ERR_LIB_RAND == 21, library_values_changed_21);
2022-12-27T03:22:13.8226780Z   ^~~~~~~~~~~~~~~~~~~~~~~~~~~~~~~~~~~~~~~~~~~~~~~~~~~~~~~~~~~~~~~~~~~~~
2022-12-27T03:22:13.8229400Z   third_party/boringssl/include/openssl/type_check.h:83:45: note: expanded from macro 'OPENSSL_COMPILE_ASSERT'
2022-12-27T03:22:13.8231530Z     typedef char OPENSSL_COMPILE_ASSERT_##msg[((cond) ? 1 : -1)]
2022-12-27T03:22:13.8233540Z                                               ^~~~~~~~~~~~~~~~~
2022-12-27T03:22:13.8236160Z   src/boringssl/err_data.c:43:1: error: 'OPENSSL_COMPILE_ASSERT_library_values_changed_22' declared as an array with a negative size
2022-12-27T03:22:13.8238470Z   OPENSSL_COMPILE_ASSERT(ERR_LIB_ENGINE == 22, library_values_changed_22);
2022-12-27T03:22:13.8240610Z   ^~~~~~~~~~~~~~~~~~~~~~~~~~~~~~~~~~~~~~~~~~~~~~~~~~~~~~~~~~~~~~~~~~~~~~~
2022-12-27T03:22:13.8243150Z   third_party/boringssl/include/openssl/type_check.h:83:45: note: expanded from macro 'OPENSSL_COMPILE_ASSERT'
2022-12-27T03:22:13.8245310Z     typedef char OPENSSL_COMPILE_ASSERT_##msg[((cond) ? 1 : -1)]
2022-12-27T03:22:13.8247390Z                                               ^~~~~~~~~~~~~~~~~
2022-12-27T03:22:13.8250140Z   src/boringssl/err_data.c:44:1: error: 'OPENSSL_COMPILE_ASSERT_library_values_changed_23' declared as an array with a negative size
2022-12-27T03:22:13.8251910Z   OPENSSL_COMPILE_ASSERT(ERR_LIB_OCSP == 23, library_values_changed_23);
2022-12-27T03:22:13.8254160Z   ^~~~~~~~~~~~~~~~~~~~~~~~~~~~~~~~~~~~~~~~~~~~~~~~~~~~~~~~~~~~~~~~~~~~~
2022-12-27T03:22:13.8256790Z   third_party/boringssl/include/openssl/type_check.h:83:45: note: expanded from macro 'OPENSSL_COMPILE_ASSERT'
2022-12-27T03:22:13.8258940Z     typedef char OPENSSL_COMPILE_ASSERT_##msg[((cond) ? 1 : -1)]
2022-12-27T03:22:13.8261070Z                                               ^~~~~~~~~~~~~~~~~
2022-12-27T03:22:13.8263680Z   src/boringssl/err_data.c:45:1: error: 'OPENSSL_COMPILE_ASSERT_library_values_changed_24' declared as an array with a negative size
2022-12-27T03:22:13.8265730Z   OPENSSL_COMPILE_ASSERT(ERR_LIB_UI == 24, library_values_changed_24);
2022-12-27T03:22:13.8267910Z   ^~~~~~~~~~~~~~~~~~~~~~~~~~~~~~~~~~~~~~~~~~~~~~~~~~~~~~~~~~~~~~~~~~~
2022-12-27T03:22:13.8270450Z   third_party/boringssl/include/openssl/type_check.h:83:45: note: expanded from macro 'OPENSSL_COMPILE_ASSERT'
2022-12-27T03:22:13.8272790Z     typedef char OPENSSL_COMPILE_ASSERT_##msg[((cond) ? 1 : -1)]
2022-12-27T03:22:13.8274640Z                                               ^~~~~~~~~~~~~~~~~
2022-12-27T03:22:13.8277390Z   src/boringssl/err_data.c:46:1: error: 'OPENSSL_COMPILE_ASSERT_library_values_changed_25' declared as an array with a negative size
2022-12-27T03:22:13.8279350Z   OPENSSL_COMPILE_ASSERT(ERR_LIB_COMP == 25, library_values_changed_25);
2022-12-27T03:22:13.8281590Z   ^~~~~~~~~~~~~~~~~~~~~~~~~~~~~~~~~~~~~~~~~~~~~~~~~~~~~~~~~~~~~~~~~~~~~
2022-12-27T03:22:13.8284340Z   third_party/boringssl/include/openssl/type_check.h:83:45: note: expanded from macro 'OPENSSL_COMPILE_ASSERT'
2022-12-27T03:22:13.8286520Z     typedef char OPENSSL_COMPILE_ASSERT_##msg[((cond) ? 1 : -1)]
2022-12-27T03:22:13.8288360Z                                               ^~~~~~~~~~~~~~~~~
2022-12-27T03:22:13.8291220Z   src/boringssl/err_data.c:47:1: error: 'OPENSSL_COMPILE_ASSERT_library_values_changed_26' declared as an array with a negative size
2022-12-27T03:22:13.8293010Z   OPENSSL_COMPILE_ASSERT(ERR_LIB_ECDSA == 26, library_values_changed_26);
2022-12-27T03:22:13.8295380Z   ^~~~~~~~~~~~~~~~~~~~~~~~~~~~~~~~~~~~~~~~~~~~~~~~~~~~~~~~~~~~~~~~~~~~~~
2022-12-27T03:22:13.8297930Z   third_party/boringssl/include/openssl/type_check.h:83:45: note: expanded from macro 'OPENSSL_COMPILE_ASSERT'
2022-12-27T03:22:13.8300310Z     typedef char OPENSSL_COMPILE_ASSERT_##msg[((cond) ? 1 : -1)]
2022-12-27T03:22:13.8302150Z                                               ^~~~~~~~~~~~~~~~~
2022-12-27T03:22:13.8304930Z   src/boringssl/err_data.c:48:1: error: 'OPENSSL_COMPILE_ASSERT_library_values_changed_27' declared as an array with a negative size
2022-12-27T03:22:13.8306730Z   OPENSSL_COMPILE_ASSERT(ERR_LIB_ECDH == 27, library_values_changed_27);
2022-12-27T03:22:13.8309120Z   ^~~~~~~~~~~~~~~~~~~~~~~~~~~~~~~~~~~~~~~~~~~~~~~~~~~~~~~~~~~~~~~~~~~~~
2022-12-27T03:22:13.8311660Z   third_party/boringssl/include/openssl/type_check.h:83:45: note: expanded from macro 'OPENSSL_COMPILE_ASSERT'
2022-12-27T03:22:13.8313840Z     typedef char OPENSSL_COMPILE_ASSERT_##msg[((cond) ? 1 : -1)]
2022-12-27T03:22:13.8315920Z                                               ^~~~~~~~~~~~~~~~~
2022-12-27T03:22:13.8318360Z   fatal error: too many errors emitted, stopping now [-ferror-limit=]
2022-12-27T03:22:13.8320510Z   62 warnings and 20 errors generated.
2022-12-27T03:22:13.8322710Z   creating var
2022-12-27T03:22:13.8324870Z   creating var/folders
2022-12-27T03:22:13.8327090Z   creating var/folders/51
2022-12-27T03:22:13.8329360Z   creating var/folders/51/hd414ycd67n82196sw51xqtc0000gn
2022-12-27T03:22:13.8331610Z   creating var/folders/51/hd414ycd67n82196sw51xqtc0000gn/T
2022-12-27T03:22:13.8333910Z   creating var/folders/51/hd414ycd67n82196sw51xqtc0000gn/T/tmp6shk76_u
2022-12-27T03:22:13.8338190Z   clang -Wno-unused-result -Wsign-compare -Wunreachable-code -fno-common -dynamic -DNDEBUG -g -fwrapv -O3 -Wall -g -I/usr/local/opt/openssl@3/include -I/usr/local/opt/openssl@3/include -arch arm64 -I/private/var/folders/51/hd414ycd67n82196sw51xqtc0000gn/T/cibw-run-hwf_y7me/cp310-macosx_arm64/build/venv/include -I/Library/Frameworks/Python.framework/Versions/3.10/include/python3.10 -c /var/folders/51/hd414ycd67n82196sw51xqtc0000gn/T/tmp6shk76_u/a.c -o var/folders/51/hd414ycd67n82196sw51xqtc0000gn/T/tmp6shk76_u/a.o
2022-12-27T03:22:13.8726350Z   Traceback (most recent call last):
2022-12-27T03:22:13.8744970Z     File "/private/var/folders/51/hd414ycd67n82196sw51xqtc0000gn/T/cibw-run-hwf_y7me/cp310-macosx_arm64/build/venv/lib/python3.10/site-packages/setuptools/_distutils/unixccompiler.py", line 186, in _compile
2022-12-27T03:22:13.8745760Z       self.spawn(compiler_so + cc_args + [src, '-o', obj] + extra_postargs)
2022-12-27T03:22:13.8746500Z     File "/Users/runner/actions-runner/_work/python.build/python.build/build_grpcio103310/grpcio-1.0.3/src/python/grpcio/_spawn_patch.py", line 67, in _commandfile_spawn
2022-12-27T03:22:13.8746910Z       _classic_spawn(self, command)
2022-12-27T03:22:13.8747570Z     File "/private/var/folders/51/hd414ycd67n82196sw51xqtc0000gn/T/cibw-run-hwf_y7me/cp310-macosx_arm64/build/venv/lib/python3.10/site-packages/setuptools/_distutils/ccompiler.py", line 1007, in spawn
2022-12-27T03:22:13.8748010Z       spawn(cmd, dry_run=self.dry_run, **kwargs)
2022-12-27T03:22:13.8748630Z     File "/private/var/folders/51/hd414ycd67n82196sw51xqtc0000gn/T/cibw-run-hwf_y7me/cp310-macosx_arm64/build/venv/lib/python3.10/site-packages/setuptools/_distutils/spawn.py", line 70, in spawn
2022-12-27T03:22:13.8749070Z       raise DistutilsExecError(
2022-12-27T03:22:13.8749500Z   distutils.errors.DistutilsExecError: command '/usr/bin/clang' failed with exit code 1
2022-12-27T03:22:13.8749730Z 
2022-12-27T03:22:13.8751360Z   During handling of the above exception, another exception occurred:
2022-12-27T03:22:13.8753560Z 
2022-12-27T03:22:13.8755940Z   Traceback (most recent call last):
2022-12-27T03:22:13.8759910Z     File "/Users/runner/actions-runner/_work/python.build/python.build/build_grpcio103310/grpcio-1.0.3/src/python/grpcio/commands.py", line 205, in build_extensions
2022-12-27T03:22:13.8761070Z       build_ext.build_ext.build_extensions(self)
2022-12-27T03:22:13.8763610Z     File "/private/var/folders/51/hd414ycd67n82196sw51xqtc0000gn/T/cibw-run-hwf_y7me/cp310-macosx_arm64/build/venv/lib/python3.10/site-packages/Cython/Distutils/old_build_ext.py", line 195, in build_extensions
2022-12-27T03:22:13.8765220Z       _build_ext.build_ext.build_extensions(self)
2022-12-27T03:22:13.8768180Z     File "/private/var/folders/51/hd414ycd67n82196sw51xqtc0000gn/T/cibw-run-hwf_y7me/cp310-macosx_arm64/build/venv/lib/python3.10/site-packages/setuptools/_distutils/command/build_ext.py", line 468, in build_extensions
2022-12-27T03:22:13.8770040Z       self._build_extensions_serial()
2022-12-27T03:22:13.8773420Z     File "/private/var/folders/51/hd414ycd67n82196sw51xqtc0000gn/T/cibw-run-hwf_y7me/cp310-macosx_arm64/build/venv/lib/python3.10/site-packages/setuptools/_distutils/command/build_ext.py", line 494, in _build_extensions_serial
2022-12-27T03:22:13.8774630Z       self.build_extension(ext)
2022-12-27T03:22:13.8777740Z     File "/private/var/folders/51/hd414ycd67n82196sw51xqtc0000gn/T/cibw-run-hwf_y7me/cp310-macosx_arm64/build/venv/lib/python3.10/site-packages/setuptools/command/build_ext.py", line 246, in build_extension
2022-12-27T03:22:13.8779420Z       _build_ext.build_extension(self, ext)
2022-12-27T03:22:13.8782490Z     File "/private/var/folders/51/hd414ycd67n82196sw51xqtc0000gn/T/cibw-run-hwf_y7me/cp310-macosx_arm64/build/venv/lib/python3.10/site-packages/setuptools/_distutils/command/build_ext.py", line 549, in build_extension
2022-12-27T03:22:13.8783970Z       objects = self.compiler.compile(
2022-12-27T03:22:13.8787650Z     File "/private/var/folders/51/hd414ycd67n82196sw51xqtc0000gn/T/cibw-run-hwf_y7me/cp310-macosx_arm64/build/venv/lib/python3.10/site-packages/setuptools/_distutils/ccompiler.py", line 599, in compile
2022-12-27T03:22:13.8788680Z       self._compile(obj, src, ext, cc_args, extra_postargs, pp_opts)
2022-12-27T03:22:13.8791720Z     File "/private/var/folders/51/hd414ycd67n82196sw51xqtc0000gn/T/cibw-run-hwf_y7me/cp310-macosx_arm64/build/venv/lib/python3.10/site-packages/setuptools/_distutils/unixccompiler.py", line 188, in _compile
2022-12-27T03:22:13.8793480Z       raise CompileError(msg)
2022-12-27T03:22:13.8795910Z   distutils.errors.CompileError: command '/usr/bin/clang' failed with exit code 1
2022-12-27T03:22:13.8797770Z 
2022-12-27T03:22:13.8800390Z   During handling of the above exception, another exception occurred:
2022-12-27T03:22:13.8802330Z 
2022-12-27T03:22:13.8804850Z   Traceback (most recent call last):
2022-12-27T03:22:13.8807020Z     File "<string>", line 2, in <module>
2022-12-27T03:22:13.8809730Z     File "<pip-setuptools-caller>", line 34, in <module>
2022-12-27T03:22:13.8812090Z     File "/Users/runner/actions-runner/_work/python.build/python.build/build_grpcio103310/grpcio-1.0.3/setup.py", line 259, in <module>
2022-12-27T03:22:13.8813820Z       setuptools.setup(
2022-12-27T03:22:13.8816930Z     File "/private/var/folders/51/hd414ycd67n82196sw51xqtc0000gn/T/cibw-run-hwf_y7me/cp310-macosx_arm64/build/venv/lib/python3.10/site-packages/setuptools/__init__.py", line 87, in setup
2022-12-27T03:22:13.8818500Z       return distutils.core.setup(**attrs)
2022-12-27T03:22:13.8821800Z     File "/private/var/folders/51/hd414ycd67n82196sw51xqtc0000gn/T/cibw-run-hwf_y7me/cp310-macosx_arm64/build/venv/lib/python3.10/site-packages/setuptools/_distutils/core.py", line 185, in setup
2022-12-27T03:22:13.8823600Z       return run_commands(dist)
2022-12-27T03:22:13.8826660Z     File "/private/var/folders/51/hd414ycd67n82196sw51xqtc0000gn/T/cibw-run-hwf_y7me/cp310-macosx_arm64/build/venv/lib/python3.10/site-packages/setuptools/_distutils/core.py", line 201, in run_commands
2022-12-27T03:22:13.8828240Z       dist.run_commands()
2022-12-27T03:22:13.8831250Z     File "/private/var/folders/51/hd414ycd67n82196sw51xqtc0000gn/T/cibw-run-hwf_y7me/cp310-macosx_arm64/build/venv/lib/python3.10/site-packages/setuptools/_distutils/dist.py", line 969, in run_commands
2022-12-27T03:22:13.8833080Z       self.run_command(cmd)
2022-12-27T03:22:13.8836080Z     File "/private/var/folders/51/hd414ycd67n82196sw51xqtc0000gn/T/cibw-run-hwf_y7me/cp310-macosx_arm64/build/venv/lib/python3.10/site-packages/setuptools/dist.py", line 1208, in run_command
2022-12-27T03:22:13.8837720Z       super().run_command(command)
2022-12-27T03:22:13.8840960Z     File "/private/var/folders/51/hd414ycd67n82196sw51xqtc0000gn/T/cibw-run-hwf_y7me/cp310-macosx_arm64/build/venv/lib/python3.10/site-packages/setuptools/_distutils/dist.py", line 988, in run_command
2022-12-27T03:22:13.8842550Z       cmd_obj.run()
2022-12-27T03:22:13.8845620Z     File "/private/var/folders/51/hd414ycd67n82196sw51xqtc0000gn/T/cibw-run-hwf_y7me/cp310-macosx_arm64/build/venv/lib/python3.10/site-packages/wheel/bdist_wheel.py", line 325, in run
2022-12-27T03:22:13.8847260Z       self.run_command("build")
2022-12-27T03:22:13.8850330Z     File "/private/var/folders/51/hd414ycd67n82196sw51xqtc0000gn/T/cibw-run-hwf_y7me/cp310-macosx_arm64/build/venv/lib/python3.10/site-packages/setuptools/_distutils/cmd.py", line 318, in run_command
2022-12-27T03:22:13.8851930Z       self.distribution.run_command(command)
2022-12-27T03:22:13.8854890Z     File "/private/var/folders/51/hd414ycd67n82196sw51xqtc0000gn/T/cibw-run-hwf_y7me/cp310-macosx_arm64/build/venv/lib/python3.10/site-packages/setuptools/dist.py", line 1208, in run_command
2022-12-27T03:22:13.8856680Z       super().run_command(command)
2022-12-27T03:22:13.8859970Z     File "/private/var/folders/51/hd414ycd67n82196sw51xqtc0000gn/T/cibw-run-hwf_y7me/cp310-macosx_arm64/build/venv/lib/python3.10/site-packages/setuptools/_distutils/dist.py", line 988, in run_command
2022-12-27T03:22:13.8861570Z       cmd_obj.run()
2022-12-27T03:22:13.8865060Z     File "/private/var/folders/51/hd414ycd67n82196sw51xqtc0000gn/T/cibw-run-hwf_y7me/cp310-macosx_arm64/build/venv/lib/python3.10/site-packages/setuptools/_distutils/command/build.py", line 132, in run
2022-12-27T03:22:13.8866250Z       self.run_command(cmd_name)
2022-12-27T03:22:13.8869350Z     File "/private/var/folders/51/hd414ycd67n82196sw51xqtc0000gn/T/cibw-run-hwf_y7me/cp310-macosx_arm64/build/venv/lib/python3.10/site-packages/setuptools/_distutils/cmd.py", line 318, in run_command
2022-12-27T03:22:13.8871210Z       self.distribution.run_command(command)
2022-12-27T03:22:13.8874230Z     File "/private/var/folders/51/hd414ycd67n82196sw51xqtc0000gn/T/cibw-run-hwf_y7me/cp310-macosx_arm64/build/venv/lib/python3.10/site-packages/setuptools/dist.py", line 1208, in run_command
2022-12-27T03:22:13.8875860Z       super().run_command(command)
2022-12-27T03:22:13.8878970Z     File "/private/var/folders/51/hd414ycd67n82196sw51xqtc0000gn/T/cibw-run-hwf_y7me/cp310-macosx_arm64/build/venv/lib/python3.10/site-packages/setuptools/_distutils/dist.py", line 988, in run_command
2022-12-27T03:22:13.8881160Z       cmd_obj.run()
2022-12-27T03:22:13.8885130Z     File "/private/var/folders/51/hd414ycd67n82196sw51xqtc0000gn/T/cibw-run-hwf_y7me/cp310-macosx_arm64/build/venv/lib/python3.10/site-packages/setuptools/command/build_ext.py", line 84, in run
2022-12-27T03:22:13.8886310Z       _build_ext.run(self)
2022-12-27T03:22:13.8888720Z     File "/private/var/folders/51/hd414ycd67n82196sw51xqtc0000gn/T/cibw-run-hwf_y7me/cp310-macosx_arm64/build/venv/lib/python3.10/site-packages/Cython/Distutils/old_build_ext.py", line 186, in run
2022-12-27T03:22:13.8890160Z       _build_ext.build_ext.run(self)
2022-12-27T03:22:13.8893600Z     File "/private/var/folders/51/hd414ycd67n82196sw51xqtc0000gn/T/cibw-run-hwf_y7me/cp310-macosx_arm64/build/venv/lib/python3.10/site-packages/setuptools/_distutils/command/build_ext.py", line 346, in run
2022-12-27T03:22:13.8895110Z       self.build_extensions()
2022-12-27T03:22:13.8898290Z     File "/Users/runner/actions-runner/_work/python.build/python.build/build_grpcio103310/grpcio-1.0.3/src/python/grpcio/commands.py", line 209, in build_extensions
2022-12-27T03:22:13.8900050Z       raise CommandError(
2022-12-27T03:22:13.8902700Z   commands.CommandError: Failed `build_ext` step:
2022-12-27T03:22:13.8904580Z   Traceback (most recent call last):
2022-12-27T03:22:13.8907640Z     File "/private/var/folders/51/hd414ycd67n82196sw51xqtc0000gn/T/cibw-run-hwf_y7me/cp310-macosx_arm64/build/venv/lib/python3.10/site-packages/setuptools/_distutils/unixccompiler.py", line 186, in _compile
2022-12-27T03:22:13.8909550Z       self.spawn(compiler_so + cc_args + [src, '-o', obj] + extra_postargs)
2022-12-27T03:22:13.8912230Z     File "/Users/runner/actions-runner/_work/python.build/python.build/build_grpcio103310/grpcio-1.0.3/src/python/grpcio/_spawn_patch.py", line 67, in _commandfile_spawn
2022-12-27T03:22:13.8913890Z       _classic_spawn(self, command)
2022-12-27T03:22:13.8916940Z     File "/private/var/folders/51/hd414ycd67n82196sw51xqtc0000gn/T/cibw-run-hwf_y7me/cp310-macosx_arm64/build/venv/lib/python3.10/site-packages/setuptools/_distutils/ccompiler.py", line 1007, in spawn
2022-12-27T03:22:13.8918570Z       spawn(cmd, dry_run=self.dry_run, **kwargs)
2022-12-27T03:22:13.8921990Z     File "/private/var/folders/51/hd414ycd67n82196sw51xqtc0000gn/T/cibw-run-hwf_y7me/cp310-macosx_arm64/build/venv/lib/python3.10/site-packages/setuptools/_distutils/spawn.py", line 70, in spawn
2022-12-27T03:22:13.8923500Z       raise DistutilsExecError(
2022-12-27T03:22:13.8926220Z   distutils.errors.DistutilsExecError: command '/usr/bin/clang' failed with exit code 1
2022-12-27T03:22:13.8927840Z 
2022-12-27T03:22:13.8930520Z   During handling of the above exception, another exception occurred:
2022-12-27T03:22:13.8932450Z 
2022-12-27T03:22:13.8934930Z   Traceback (most recent call last):
2022-12-27T03:22:13.8937690Z     File "/Users/runner/actions-runner/_work/python.build/python.build/build_grpcio103310/grpcio-1.0.3/src/python/grpcio/commands.py", line 205, in build_extensions
2022-12-27T03:22:13.8939500Z       build_ext.build_ext.build_extensions(self)
2022-12-27T03:22:13.8942870Z     File "/private/var/folders/51/hd414ycd67n82196sw51xqtc0000gn/T/cibw-run-hwf_y7me/cp310-macosx_arm64/build/venv/lib/python3.10/site-packages/Cython/Distutils/old_build_ext.py", line 195, in build_extensions
2022-12-27T03:22:13.8944290Z       _build_ext.build_ext.build_extensions(self)
2022-12-27T03:22:13.8947290Z     File "/private/var/folders/51/hd414ycd67n82196sw51xqtc0000gn/T/cibw-run-hwf_y7me/cp310-macosx_arm64/build/venv/lib/python3.10/site-packages/setuptools/_distutils/command/build_ext.py", line 468, in build_extensions
2022-12-27T03:22:13.8948890Z       self._build_extensions_serial()
2022-12-27T03:22:13.8951910Z     File "/private/var/folders/51/hd414ycd67n82196sw51xqtc0000gn/T/cibw-run-hwf_y7me/cp310-macosx_arm64/build/venv/lib/python3.10/site-packages/setuptools/_distutils/command/build_ext.py", line 494, in _build_extensions_serial
2022-12-27T03:22:13.8953550Z       self.build_extension(ext)
2022-12-27T03:22:13.8956610Z     File "/private/var/folders/51/hd414ycd67n82196sw51xqtc0000gn/T/cibw-run-hwf_y7me/cp310-macosx_arm64/build/venv/lib/python3.10/site-packages/setuptools/command/build_ext.py", line 246, in build_extension
2022-12-27T03:22:13.8958270Z       _build_ext.build_extension(self, ext)
2022-12-27T03:22:13.8961520Z     File "/private/var/folders/51/hd414ycd67n82196sw51xqtc0000gn/T/cibw-run-hwf_y7me/cp310-macosx_arm64/build/venv/lib/python3.10/site-packages/setuptools/_distutils/command/build_ext.py", line 549, in build_extension
2022-12-27T03:22:13.8963260Z       objects = self.compiler.compile(
2022-12-27T03:22:13.8966250Z     File "/private/var/folders/51/hd414ycd67n82196sw51xqtc0000gn/T/cibw-run-hwf_y7me/cp310-macosx_arm64/build/venv/lib/python3.10/site-packages/setuptools/_distutils/ccompiler.py", line 599, in compile
2022-12-27T03:22:13.8967970Z       self._compile(obj, src, ext, cc_args, extra_postargs, pp_opts)
2022-12-27T03:22:13.8970890Z     File "/private/var/folders/51/hd414ycd67n82196sw51xqtc0000gn/T/cibw-run-hwf_y7me/cp310-macosx_arm64/build/venv/lib/python3.10/site-packages/setuptools/_distutils/unixccompiler.py", line 188, in _compile
2022-12-27T03:22:13.8972560Z       raise CompileError(msg)
2022-12-27T03:22:13.8975220Z   distutils.errors.CompileError: command '/usr/bin/clang' failed with exit code 1
2022-12-27T03:22:13.8976970Z 
2022-12-27T03:22:13.9893950Z   error: subprocess-exited-with-error
2022-12-27T03:22:13.9894390Z   
2022-12-27T03:22:13.9895010Z   × python setup.py bdist_wheel did not run successfully.
2022-12-27T03:22:13.9895550Z   │ exit code: 1
2022-12-27T03:22:13.9896040Z   ╰─> See above for output.
2022-12-27T03:22:13.9896370Z   
2022-12-27T03:22:13.9896860Z   note: This error originates from a subprocess, and is likely not a problem with pip.
2022-12-27T03:22:13.9906470Z   full command: /private/var/folders/51/hd414ycd67n82196sw51xqtc0000gn/T/cibw-run-hwf_y7me/cp310-macosx_arm64/build/venv/bin/python -u -c '
2022-12-27T03:22:13.9907230Z   exec(compile('"'"''"'"''"'"'
2022-12-27T03:22:13.9907850Z   # This is <pip-setuptools-caller> -- a caller that pip uses to run setup.py
2022-12-27T03:22:13.9908230Z   #
2022-12-27T03:22:13.9908830Z   # - It imports setuptools before invoking setup.py, to enable projects that directly
2022-12-27T03:22:13.9909530Z   #   import from `distutils.core` to work with newer packaging standards.
2022-12-27T03:22:13.9910360Z   # - It provides a clear error message when setuptools is not installed.
2022-12-27T03:22:13.9911210Z   # - It sets `sys.argv[0]` to the underlying `setup.py`, when invoking `setup.py` so
2022-12-27T03:22:13.9911980Z   #   setuptools doesn'"'"'t think the script is `-c`. This avoids the following warning:
2022-12-27T03:22:13.9912380Z   #     manifest_maker: standard file '"'"'-c'"'"' not found".
2022-12-27T03:22:13.9912790Z   # - It generates a shim setup.py, for handling setup.cfg-only projects.
2022-12-27T03:22:13.9913080Z   import os, sys, tokenize
2022-12-27T03:22:13.9913280Z   
2022-12-27T03:22:13.9913440Z   try:
2022-12-27T03:22:13.9913630Z       import setuptools
2022-12-27T03:22:13.9914330Z   except ImportError as error:
2022-12-27T03:22:13.9914570Z       print(
2022-12-27T03:22:13.9914840Z           "ERROR: Can not execute `setup.py` since setuptools is not available in "
2022-12-27T03:22:13.9915180Z           "the build environment.",
2022-12-27T03:22:13.9915420Z           file=sys.stderr,
2022-12-27T03:22:13.9915620Z       )
2022-12-27T03:22:13.9915790Z       sys.exit(1)
2022-12-27T03:22:13.9915960Z   
2022-12-27T03:22:13.9916180Z   __file__ = %r
2022-12-27T03:22:13.9916450Z   sys.argv[0] = __file__
2022-12-27T03:22:13.9916620Z   
2022-12-27T03:22:13.9916820Z   if os.path.exists(__file__):
2022-12-27T03:22:13.9917040Z       filename = __file__
2022-12-27T03:22:13.9917450Z   Building wheel for grpcio (setup.py): finished with status 'error'
2022-12-27T03:22:13.9920170Z   Running setup.py clean for grpcio
2022-12-27T03:22:13.9920540Z       with tokenize.open(__file__) as f:
2022-12-27T03:22:13.9920840Z           setup_py_code = f.read()
2022-12-27T03:22:13.9921030Z   else:
2022-12-27T03:22:13.9921590Z       filename = "<auto-generated setuptools caller>"
2022-12-27T03:22:13.9921890Z       setup_py_code = "from setuptools import setup; setup()"
2022-12-27T03:22:13.9922110Z   
2022-12-27T03:22:13.9922350Z   exec(compile(setup_py_code, filename, "exec"))
2022-12-27T03:22:13.9923070Z   '"'"''"'"''"'"' % ('"'"'/Users/runner/actions-runner/_work/python.build/python.build/build_grpcio103310/grpcio-1.0.3/setup.py'"'"',), "<pip-setuptools-caller>", "exec"))' bdist_wheel -d /private/var/folders/51/hd414ycd67n82196sw51xqtc0000gn/T/pip-wheel-h_biyg5a
2022-12-27T03:22:13.9923830Z   cwd: /Users/runner/actions-runner/_work/python.build/python.build/build_grpcio103310/grpcio-1.0.3/
2022-12-27T03:22:13.9924170Z   ERROR: Failed building wheel for grpcio
2022-12-27T03:22:13.9924420Z   Running command python setup.py clean
2022-12-27T03:22:14.6510700Z   /private/var/folders/51/hd414ycd67n82196sw51xqtc0000gn/T/cibw-run-hwf_y7me/cp310-macosx_arm64/build/venv/lib/python3.10/site-packages/setuptools/installer.py:27: SetuptoolsDeprecationWarning: setuptools.installer is deprecated. Requirements should be satisfied by a PEP 517 installer.
2022-12-27T03:22:14.6511770Z     warnings.warn(
2022-12-27T03:22:14.9500990Z   running clean
2022-12-27T03:22:14.9760370Z   removing 'python_build/temp.macosx-11.0-arm64-cpython-310' (and everything under it)
2022-12-27T03:22:14.9919550Z   removing 'python_build/lib.macosx-11.0-arm64-cpython-310' (and everything under it)
2022-12-27T03:22:15.0001720Z   'python_build/bdist.macosx-11.0-arm64' does not exist -- can't clean it
2022-12-27T03:22:15.0006120Z   'python_build/scripts-3.10' does not exist -- can't clean it
2022-12-27T03:22:15.0007790Z   removing 'python_build'
2022-12-27T03:22:15.0665410Z Failed to build grpcio
2022-12-27T03:22:15.0669330Z ERROR: Failed to build one or more wheels
2022-12-27T03:22:15.0684360Z Exception information:
2022-12-27T03:22:15.0685010Z Traceback (most recent call last):
2022-12-27T03:22:15.0687260Z   File "/private/var/folders/51/hd414ycd67n82196sw51xqtc0000gn/T/cibw-run-hwf_y7me/cp310-macosx_arm64/build/venv/lib/python3.10/site-packages/pip/_internal/cli/base_command.py", line 160, in exc_logging_wrapper
2022-12-27T03:22:15.0688320Z     status = run_func(*args)
2022-12-27T03:22:15.0689830Z   File "/private/var/folders/51/hd414ycd67n82196sw51xqtc0000gn/T/cibw-run-hwf_y7me/cp310-macosx_arm64/build/venv/lib/python3.10/site-packages/pip/_internal/cli/req_command.py", line 247, in wrapper
2022-12-27T03:22:15.0690600Z     return func(self, options, args)
2022-12-27T03:22:15.0691780Z   File "/private/var/folders/51/hd414ycd67n82196sw51xqtc0000gn/T/cibw-run-hwf_y7me/cp310-macosx_arm64/build/venv/lib/python3.10/site-packages/pip/_internal/commands/wheel.py", line 201, in run
2022-12-27T03:22:15.0692650Z     raise CommandError("Failed to build one or more wheels")
2022-12-27T03:22:15.0693290Z pip._internal.exceptions.CommandError: Failed to build one or more wheels
2022-12-27T03:22:15.0694870Z Removed build tracker: '/private/var/folders/51/hd414ycd67n82196sw51xqtc0000gn/T/pip-build-tracker-lbet3dh0'
2022-12-27T03:22:15.1542360Z ##[error]Command ['python', '-m', 'pip', 'wheel', '/Users/runner/actions-runner/_work/python.build/python.build/build_grpcio103310/grpcio-1.0.3', '--wheel-dir=/private/var/folders/51/hd414ycd67n82196sw51xqtc0000gn/T/cibw-run-hwf_y7me/cp310-macosx_arm64/built_wheel', '--no-deps', '-vvv'] failed with code 1. None
2022-12-27T03:22:15.1552350Z ##[endgroup]
2022-12-27T03:22:15.1552930Z                                                              [31m✕ [0m21.44s
2022-12-27T03:22:15.1553130Z 
2022-12-27T03:22:15.2704200Z ##[error]Process completed with exit code 1.
2022-12-27T03:22:15.2758600Z ##[group]Run rm -rf build_grpcio103310 wheelsout
2022-12-27T03:22:15.2758900Z [36;1mrm -rf build_grpcio103310 wheelsout[0m
2022-12-27T03:22:15.2786120Z shell: /bin/bash -e {0}
2022-12-27T03:22:15.2786340Z env:
2022-12-27T03:22:15.2786580Z   pythonLocation: /Users/runner/hostedtoolcache/Python/3.10.9/x64
2022-12-27T03:22:15.2786890Z   PKG_CONFIG_PATH: /Users/runner/hostedtoolcache/Python/3.10.9/x64/lib/pkgconfig
2022-12-27T03:22:15.2787210Z   Python_ROOT_DIR: /Users/runner/hostedtoolcache/Python/3.10.9/x64
2022-12-27T03:22:15.2787520Z   Python2_ROOT_DIR: /Users/runner/hostedtoolcache/Python/3.10.9/x64
2022-12-27T03:22:15.2787810Z   Python3_ROOT_DIR: /Users/runner/hostedtoolcache/Python/3.10.9/x64
2022-12-27T03:22:15.2788040Z ##[endgroup]
2022-12-27T03:22:15.9359600Z Cleaning up orphan processes
