2022-12-27T08:52:28.4483074Z Requested labels: self-hosted, macOS, X64
2022-12-27T08:52:28.4483149Z Job defined at: kilnbuild/python.build/.github/workflows/mac_arm_build.yml@refs/heads/main
2022-12-27T08:52:28.4483174Z Waiting for a runner to pick up this job...
2022-12-27T11:26:27.2331336Z Job is about to start running on the runner: kr2 (organization)
2022-12-27T11:26:33.2412830Z Current runner version: '2.300.2'
2022-12-27T11:26:33.2420710Z Runner name: 'kr2'
2022-12-27T11:26:33.2421120Z Runner group name: 'Default'
2022-12-27T11:26:33.2421920Z Machine name: 'kr2'
2022-12-27T11:26:33.2424690Z ##[group]GITHUB_TOKEN Permissions
2022-12-27T11:26:33.2425400Z Actions: write
2022-12-27T11:26:33.2425660Z Checks: write
2022-12-27T11:26:33.2425920Z Contents: write
2022-12-27T11:26:33.2426180Z Deployments: write
2022-12-27T11:26:33.2426440Z Discussions: write
2022-12-27T11:26:33.2426710Z Issues: write
2022-12-27T11:26:33.2426970Z Metadata: read
2022-12-27T11:26:33.2427220Z Packages: write
2022-12-27T11:26:33.2427480Z Pages: write
2022-12-27T11:26:33.2427750Z PullRequests: write
2022-12-27T11:26:33.2428040Z RepositoryProjects: write
2022-12-27T11:26:33.2428350Z SecurityEvents: write
2022-12-27T11:26:33.2428630Z Statuses: write
2022-12-27T11:26:33.2428870Z ##[endgroup]
2022-12-27T11:26:33.2432800Z Secret source: Actions
2022-12-27T11:26:33.2433310Z Prepare workflow directory
2022-12-27T11:26:33.3566670Z Prepare all required actions
2022-12-27T11:26:33.3768670Z Getting action download info
2022-12-27T11:26:33.8578600Z Download action repository 'actions/setup-python@v4' (SHA:5ccb29d8773c3f3f653e1705f474dfaa8a06a912)
2022-12-27T11:26:35.7505480Z Download action repository 'actions/upload-artifact@v3' (SHA:83fd05a356d7e2593de66fc9913b3002723633cb)
2022-12-27T11:26:37.2187680Z ##[group]Run echo '{
2022-12-27T11:26:37.2188100Z [36;1mecho '{[0m
2022-12-27T11:26:37.2188290Z [36;1m  "package_name": "lxml",[0m
2022-12-27T11:26:37.2188650Z [36;1m  "package_url": "https://files.pythonhosted.org/packages/4a/99/9eb4f727d53ae6a727675aa79a1fa95027eb8443f194049d19d930e3c165/lxml-2.0.7.tar.gz",[0m
2022-12-27T11:26:37.2189070Z [36;1m  "package_version": "2.0.7",[0m
2022-12-27T11:26:37.2189370Z [36;1m  "python_version": "3.9",[0m
2022-12-27T11:26:37.2189570Z [36;1m  "use_ccache": "true"[0m
2022-12-27T11:26:37.2189750Z [36;1m}'[0m
2022-12-27T11:26:37.2217930Z shell: /bin/bash -e {0}
2022-12-27T11:26:37.2218240Z ##[endgroup]
2022-12-27T11:26:37.2615950Z {
2022-12-27T11:26:37.2618460Z   "package_name": "lxml",
2022-12-27T11:26:37.2619590Z   "package_url": "https://files.pythonhosted.org/packages/4a/99/9eb4f727d53ae6a727675aa79a1fa95027eb8443f194049d19d930e3c165/lxml-2.0.7.tar.gz",
2022-12-27T11:26:37.2620170Z   "package_version": "2.0.7",
2022-12-27T11:26:37.2620660Z   "python_version": "3.9",
2022-12-27T11:26:37.2620960Z   "use_ccache": "true"
2022-12-27T11:26:37.2621260Z }
2022-12-27T11:26:37.2967520Z ##[group]Run actions/setup-python@v4
2022-12-27T11:26:37.2967900Z with:
2022-12-27T11:26:37.2968230Z   python-version: 3.9
2022-12-27T11:26:37.2968560Z   check-latest: false
2022-12-27T11:26:37.2969200Z   token: ***
2022-12-27T11:26:37.2969460Z   update-environment: true
2022-12-27T11:26:37.2969790Z ##[endgroup]
2022-12-27T11:26:37.5216500Z ##[group]Installed versions
2022-12-27T11:26:37.5277910Z Successfully set up CPython (3.9.16)
2022-12-27T11:26:37.5280480Z ##[endgroup]
2022-12-27T11:26:37.5525070Z ##[group]Run if [ "true" == "true" ]
2022-12-27T11:26:37.5525670Z [36;1mif [ "true" == "true" ][0m
2022-12-27T11:26:37.5526020Z [36;1mthen[0m
2022-12-27T11:26:37.5526430Z [36;1m  echo "CCACHE_PATH_PREPEND=/usr/local/opt/ccache/libexec" >> $GITHUB_OUTPUT[0m
2022-12-27T11:26:37.5526770Z [36;1melse[0m
2022-12-27T11:26:37.5527250Z [36;1m  echo "CCACHE_PATH_PREPEND=" >> $GITHUB_OUTPUT[0m
2022-12-27T11:26:37.5527610Z [36;1mfi[0m
2022-12-27T11:26:37.5558580Z shell: /bin/bash -e {0}
2022-12-27T11:26:37.5559090Z env:
2022-12-27T11:26:37.5559510Z   pythonLocation: /Users/runner/hostedtoolcache/Python/3.9.16/x64
2022-12-27T11:26:37.5560000Z   PKG_CONFIG_PATH: /Users/runner/hostedtoolcache/Python/3.9.16/x64/lib/pkgconfig
2022-12-27T11:26:37.5560420Z   Python_ROOT_DIR: /Users/runner/hostedtoolcache/Python/3.9.16/x64
2022-12-27T11:26:37.5560890Z   Python2_ROOT_DIR: /Users/runner/hostedtoolcache/Python/3.9.16/x64
2022-12-27T11:26:37.5561540Z   Python3_ROOT_DIR: /Users/runner/hostedtoolcache/Python/3.9.16/x64
2022-12-27T11:26:37.5562470Z ##[endgroup]
2022-12-27T11:26:37.5868890Z ##[group]Run echo "BUILD_NAME=$(echo lxml_2.0.7_3.9 | tr -dc '[:alnum:]\n\r' | tr '[:upper:]' '[:lower:]')" >> $GITHUB_OUTPUT
2022-12-27T11:26:37.5869390Z [36;1mecho "BUILD_NAME=$(echo lxml_2.0.7_3.9 | tr -dc '[:alnum:]\n\r' | tr '[:upper:]' '[:lower:]')" >> $GITHUB_OUTPUT[0m
2022-12-27T11:26:37.5895540Z shell: /bin/bash -e {0}
2022-12-27T11:26:37.5895790Z env:
2022-12-27T11:26:37.5896080Z   pythonLocation: /Users/runner/hostedtoolcache/Python/3.9.16/x64
2022-12-27T11:26:37.5896400Z   PKG_CONFIG_PATH: /Users/runner/hostedtoolcache/Python/3.9.16/x64/lib/pkgconfig
2022-12-27T11:26:37.5896710Z   Python_ROOT_DIR: /Users/runner/hostedtoolcache/Python/3.9.16/x64
2022-12-27T11:26:37.5897000Z   Python2_ROOT_DIR: /Users/runner/hostedtoolcache/Python/3.9.16/x64
2022-12-27T11:26:37.5897290Z   Python3_ROOT_DIR: /Users/runner/hostedtoolcache/Python/3.9.16/x64
2022-12-27T11:26:37.5897570Z ##[endgroup]
2022-12-27T11:26:37.6127400Z ##[group]Run echo "PYTHON_NO_DOTS=$(echo 3.9 | tr -dc '[:alnum:]\n\r' | tr '[:upper:]' '[:lower:]')" >> $GITHUB_OUTPUT
2022-12-27T11:26:37.6128020Z [36;1mecho "PYTHON_NO_DOTS=$(echo 3.9 | tr -dc '[:alnum:]\n\r' | tr '[:upper:]' '[:lower:]')" >> $GITHUB_OUTPUT[0m
2022-12-27T11:26:37.6154650Z shell: /bin/bash -e {0}
2022-12-27T11:26:37.6154960Z env:
2022-12-27T11:26:37.6155320Z   pythonLocation: /Users/runner/hostedtoolcache/Python/3.9.16/x64
2022-12-27T11:26:37.6155710Z   PKG_CONFIG_PATH: /Users/runner/hostedtoolcache/Python/3.9.16/x64/lib/pkgconfig
2022-12-27T11:26:37.6156240Z   Python_ROOT_DIR: /Users/runner/hostedtoolcache/Python/3.9.16/x64
2022-12-27T11:26:37.6156670Z   Python2_ROOT_DIR: /Users/runner/hostedtoolcache/Python/3.9.16/x64
2022-12-27T11:26:37.6157050Z   Python3_ROOT_DIR: /Users/runner/hostedtoolcache/Python/3.9.16/x64
2022-12-27T11:26:37.6157400Z ##[endgroup]
2022-12-27T11:26:37.6384780Z ##[group]Run rm -rf build_lxml20739
2022-12-27T11:26:37.6385280Z [36;1mrm -rf build_lxml20739[0m
2022-12-27T11:26:37.6385600Z [36;1mmkdir build_lxml20739[0m
2022-12-27T11:26:37.6385930Z [36;1mcd build_lxml20739[0m
2022-12-27T11:26:37.6386420Z [36;1m/usr/local/bin/wget --quiet https://files.pythonhosted.org/packages/4a/99/9eb4f727d53ae6a727675aa79a1fa95027eb8443f194049d19d930e3c165/lxml-2.0.7.tar.gz[0m
2022-12-27T11:26:37.6386980Z [36;1mtar xf *.tar.gz[0m
2022-12-27T11:26:37.6387230Z [36;1mcd *[0m
2022-12-27T11:26:37.6387560Z [36;1mpython -m pip install cibuildwheel==2.11.3[0m
2022-12-27T11:26:37.6387960Z [36;1mpython -m cibuildwheel --output-dir ../wheelsout[0m
2022-12-27T11:26:37.6414080Z shell: /bin/bash -e {0}
2022-12-27T11:26:37.6414320Z env:
2022-12-27T11:26:37.6414680Z   pythonLocation: /Users/runner/hostedtoolcache/Python/3.9.16/x64
2022-12-27T11:26:37.6415130Z   PKG_CONFIG_PATH: /Users/runner/hostedtoolcache/Python/3.9.16/x64/lib/pkgconfig
2022-12-27T11:26:37.6416270Z   Python_ROOT_DIR: /Users/runner/hostedtoolcache/Python/3.9.16/x64
2022-12-27T11:26:37.6416700Z   Python2_ROOT_DIR: /Users/runner/hostedtoolcache/Python/3.9.16/x64
2022-12-27T11:26:37.6417120Z   Python3_ROOT_DIR: /Users/runner/hostedtoolcache/Python/3.9.16/x64
2022-12-27T11:26:37.6417490Z   CIBW_ARCHS_MACOS: arm64
2022-12-27T11:26:37.6417810Z   CIBW_TEST_SKIP: *_arm64
2022-12-27T11:26:37.6418140Z   CIBW_BUILD: cp39-macosx_arm64
2022-12-27T11:26:37.6418480Z   CIBW_BUILD_FRONTEND: pip
2022-12-27T11:26:37.6418740Z   CIBW_BUILD_VERBOSITY: 3
2022-12-27T11:26:37.6419290Z   CIBW_ENVIRONMENT_MACOS:  CFLAGS="-I/usr/local/opt/openssl@3/include" LDFLAGS="-L/usr/local/opt/openssl@3/lib" CPPFLAGS="-I/usr/local/opt/openssl@3/include" MAKEFLAGS="-j$(sysctl -n hw.logicalcpu)" PATH=/usr/local/opt/ccache/libexec:$PATH
2022-12-27T11:26:37.6420010Z   CIBW_BEFORE_BUILD: pip install Cython; if [[ -f requirements.txt ]]; then pip install -r requirements.txt; fi
2022-12-27T11:26:37.6420460Z   MAKEFLAGS: -j$(sysctl -n hw.logicalcpu)
2022-12-27T11:26:37.6420730Z ##[endgroup]
2022-12-27T11:26:38.3716470Z Requirement already satisfied: cibuildwheel==2.11.3 in /Users/runner/hostedtoolcache/Python/3.9.16/x64/lib/python3.9/site-packages (2.11.3)
2022-12-27T11:26:38.4180170Z Requirement already satisfied: typing-extensions>=4.1.0 in /Users/runner/hostedtoolcache/Python/3.9.16/x64/lib/python3.9/site-packages (from cibuildwheel==2.11.3) (4.4.0)
2022-12-27T11:26:38.4182910Z Requirement already satisfied: certifi in /Users/runner/hostedtoolcache/Python/3.9.16/x64/lib/python3.9/site-packages (from cibuildwheel==2.11.3) (2022.12.7)
2022-12-27T11:26:38.4188520Z Requirement already satisfied: filelock in /Users/runner/hostedtoolcache/Python/3.9.16/x64/lib/python3.9/site-packages (from cibuildwheel==2.11.3) (3.8.2)
2022-12-27T11:26:38.4192840Z Requirement already satisfied: platformdirs in /Users/runner/hostedtoolcache/Python/3.9.16/x64/lib/python3.9/site-packages (from cibuildwheel==2.11.3) (2.6.0)
2022-12-27T11:26:38.4200660Z Requirement already satisfied: bracex in /Users/runner/hostedtoolcache/Python/3.9.16/x64/lib/python3.9/site-packages (from cibuildwheel==2.11.3) (2.3.post1)
2022-12-27T11:26:38.4207930Z Requirement already satisfied: packaging>=20.9 in /Users/runner/hostedtoolcache/Python/3.9.16/x64/lib/python3.9/site-packages (from cibuildwheel==2.11.3) (22.0)
2022-12-27T11:26:38.4215700Z Requirement already satisfied: bashlex!=0.13 in /Users/runner/hostedtoolcache/Python/3.9.16/x64/lib/python3.9/site-packages (from cibuildwheel==2.11.3) (0.16)
2022-12-27T11:26:38.4224940Z Requirement already satisfied: tomli in /Users/runner/hostedtoolcache/Python/3.9.16/x64/lib/python3.9/site-packages (from cibuildwheel==2.11.3) (2.0.1)
2022-12-27T11:26:38.7124440Z 
2022-12-27T11:26:38.7125880Z      _ _       _ _   _       _           _
2022-12-27T11:26:38.7126750Z  ___|_| |_ _ _|_| |_| |_ _ _| |_ ___ ___| |
2022-12-27T11:26:38.7127920Z |  _| | . | | | | | . | | | |   | -_| -_| |
2022-12-27T11:26:38.7128780Z |___|_|___|___|_|_|___|_____|_|_|___|___|_|
2022-12-27T11:26:38.7131120Z 
2022-12-27T11:26:38.7131830Z cibuildwheel version 2.11.3
2022-12-27T11:26:38.7132240Z 
2022-12-27T11:26:38.7132380Z Build options:
2022-12-27T11:26:38.7133010Z   platform: macos
2022-12-27T11:26:38.7225440Z   architectures: arm64[0m
2022-12-27T11:26:38.7226390Z   build_selector: 
2022-12-27T11:26:38.7227350Z     build_config: cp39-macosx_arm64
2022-12-27T11:26:38.7228030Z     skip_config: 
2022-12-27T11:26:38.7228680Z     requires_python: None
2022-12-27T11:26:38.7229350Z     prerelease_pythons: False[0m
2022-12-27T11:26:38.7230860Z   [38;5;244mcontainer_engine: docker[0m
2022-12-27T11:26:38.7231910Z   output_dir: /Users/runner/actions-runner/_work/python.build/python.build/build_lxml20739/wheelsout[0m
2022-12-27T11:26:38.7232910Z   package_dir: /Users/runner/actions-runner/_work/python.build/python.build/build_lxml20739/lxml-2.0.7[0m
2022-12-27T11:26:38.7233660Z   test_selector: 
2022-12-27T11:26:38.7237440Z     skip_config: *_arm64[0m
2022-12-27T11:26:38.7238190Z   [38;5;244mbefore_all: [0m
2022-12-27T11:26:38.7239060Z   before_build: pip install Cython; if [[ -f requirements.txt ]]; then pip install -r requirements.txt; fi[0m
2022-12-27T11:26:38.7239910Z   [38;5;244mbefore_test: [0m
2022-12-27T11:26:38.7240610Z   [38;5;244mbuild_frontend: pip[0m
2022-12-27T11:26:38.7241380Z   build_verbosity: 3[0m
2022-12-27T11:26:38.7242130Z   [38;5;244mconfig_settings: [0m
2022-12-27T11:26:38.7242910Z   [38;5;244mdependency_constraints: pinned[0m
2022-12-27T11:26:38.7243380Z   environment: 
2022-12-27T11:26:38.7244110Z     CFLAGS="-I/usr/local/opt/openssl@3/include"
2022-12-27T11:26:38.7245280Z     LDFLAGS="-L/usr/local/opt/openssl@3/lib"
2022-12-27T11:26:38.7245980Z     CPPFLAGS="-I/usr/local/opt/openssl@3/include"
2022-12-27T11:26:38.7246770Z     MAKEFLAGS="-j$(sysctl -n hw.logicalcpu)"
2022-12-27T11:26:38.7247530Z     PATH=/usr/local/opt/ccache/libexec:$PATH[0m
2022-12-27T11:26:38.7248450Z   [38;5;244mmanylinux_images: None[0m
2022-12-27T11:26:38.7249080Z   [38;5;244mmusllinux_images: None[0m
2022-12-27T11:26:38.7249990Z   [38;5;244mrepair_command: delocate-wheel --require-archs {delocate_archs} -w {dest_dir} -v {wheel}[0m
2022-12-27T11:26:38.7251890Z   [38;5;244mtest_command: [0m
2022-12-27T11:26:38.7252440Z   [38;5;244mtest_extras: [0m
2022-12-27T11:26:38.7253360Z   [38;5;244mtest_requires: [0m
2022-12-27T11:26:38.7253690Z 
2022-12-27T11:26:38.7254000Z Cache folder: /Users/runner/Library/Caches/cibuildwheel
2022-12-27T11:26:38.7265720Z 
2022-12-27T11:26:38.7267680Z Here we go!
2022-12-27T11:26:38.7268230Z 
2022-12-27T11:26:38.7366560Z 
2022-12-27T11:26:38.7367780Z [1m[34mBuilding cp39-macosx_arm64 wheel[0m
2022-12-27T11:26:38.7369150Z CPython 3.9 macOS arm64 - Apple Silicon
2022-12-27T11:26:38.7369690Z 
2022-12-27T11:26:38.7375030Z ##[group]Installing Python cp39...
2022-12-27T11:26:38.7375580Z 
2022-12-27T11:26:38.7376330Z + pkgutil --pkgs
2022-12-27T11:26:38.7561110Z ##[endgroup]
2022-12-27T11:26:38.7564110Z                                                               [32m✓ [0m0.02s
2022-12-27T11:26:38.7565670Z ##[group]Setting up build environment...
2022-12-27T11:26:38.7566180Z 
2022-12-27T11:26:38.7595180Z + /Users/runner/hostedtoolcache/Python/3.9.16/x64/bin/python -sS /Users/runner/Library/Caches/cibuildwheel/virtualenv-20.17.0.pyz --activators= --no-periodic-update --pip=22.3.1 --setuptools=65.6.3 --wheel=0.38.4 --symlink-app-data --python /Library/Frameworks/Python.framework/Versions/3.9/bin/python3 /private/var/folders/51/hd414ycd67n82196sw51xqtc0000gn/T/cibw-run-q51ot1o6/cp39-macosx_arm64/build/venv
2022-12-27T11:26:39.0508520Z created virtual environment CPython3.9.13.final.0-64 in 75ms
2022-12-27T11:26:39.0509430Z   creator CPython3Posix(dest=/private/var/folders/51/hd414ycd67n82196sw51xqtc0000gn/T/cibw-run-q51ot1o6/cp39-macosx_arm64/build/venv, clear=False, no_vcs_ignore=False, global=False)
2022-12-27T11:26:39.0511200Z   seeder FromAppData(download=False, pip=22.3.1, setuptools=65.6.3, wheel=0.38.4, via=symlink, app_data_dir=/Users/runner/Library/Application Support/virtualenv)
2022-12-27T11:26:39.0511820Z     added seed packages: pip==22.3.1, setuptools==65.6.3, wheel==0.38.4
2022-12-27T11:26:39.0698660Z + python -m pip install --upgrade pip -c /Users/runner/hostedtoolcache/Python/3.9.16/x64/lib/python3.9/site-packages/cibuildwheel/resources/constraints-python39.txt
2022-12-27T11:26:39.5798970Z Requirement already satisfied: pip in ./lib/python3.9/site-packages (22.3.1)
2022-12-27T11:26:39.8708760Z + which pip
2022-12-27T11:26:39.8745590Z /private/var/folders/51/hd414ycd67n82196sw51xqtc0000gn/T/cibw-run-q51ot1o6/cp39-macosx_arm64/build/venv/bin/pip
2022-12-27T11:26:39.8751300Z + pip --version
2022-12-27T11:26:40.2505310Z pip 22.3.1 from /private/var/folders/51/hd414ycd67n82196sw51xqtc0000gn/T/cibw-run-q51ot1o6/cp39-macosx_arm64/build/venv/lib/python3.9/site-packages/pip (python 3.9)
2022-12-27T11:26:40.2954130Z + which pip
2022-12-27T11:26:40.3005270Z + which python
2022-12-27T11:26:40.3040080Z /private/var/folders/51/hd414ycd67n82196sw51xqtc0000gn/T/cibw-run-q51ot1o6/cp39-macosx_arm64/build/venv/bin/python
2022-12-27T11:26:40.3049370Z + python --version
2022-12-27T11:26:40.3152620Z Python 3.9.13
2022-12-27T11:26:40.3160610Z + which python
2022-12-27T11:26:40.3262650Z ##[endgroup]
2022-12-27T11:26:40.3263750Z                                                               [32m✓ [0m1.57s
2022-12-27T11:26:40.3265230Z ##[group]Installing build tools...
2022-12-27T11:26:40.3265550Z 
2022-12-27T11:26:40.3266310Z + pip install --upgrade setuptools wheel delocate -c /Users/runner/hostedtoolcache/Python/3.9.16/x64/lib/python3.9/site-packages/cibuildwheel/resources/constraints-python39.txt
2022-12-27T11:26:40.8437260Z Requirement already satisfied: setuptools in /private/var/folders/51/hd414ycd67n82196sw51xqtc0000gn/T/cibw-run-q51ot1o6/cp39-macosx_arm64/build/venv/lib/python3.9/site-packages (65.6.3)
2022-12-27T11:26:41.2738620Z Requirement already satisfied: wheel in /private/var/folders/51/hd414ycd67n82196sw51xqtc0000gn/T/cibw-run-q51ot1o6/cp39-macosx_arm64/build/venv/lib/python3.9/site-packages (0.38.4)
2022-12-27T11:26:41.3659600Z Collecting delocate
2022-12-27T11:26:41.3758250Z   Using cached delocate-0.10.3-py3-none-any.whl (142 kB)
2022-12-27T11:26:41.4169070Z Collecting typing-extensions
2022-12-27T11:26:41.4216640Z   Using cached typing_extensions-4.4.0-py3-none-any.whl (26 kB)
2022-12-27T11:26:41.4701420Z Collecting packaging>=20.9
2022-12-27T11:26:41.4743650Z   Using cached packaging-21.3-py3-none-any.whl (40 kB)
2022-12-27T11:26:41.5415340Z Collecting pyparsing!=3.0.5,>=2.0.2
2022-12-27T11:26:41.5461270Z   Using cached pyparsing-3.0.9-py3-none-any.whl (98 kB)
2022-12-27T11:26:41.6126990Z Installing collected packages: typing-extensions, pyparsing, packaging, delocate
2022-12-27T11:26:41.8726750Z Successfully installed delocate-0.10.3 packaging-21.3 pyparsing-3.0.9 typing-extensions-4.4.0
2022-12-27T11:26:41.9764250Z ##[endgroup]
2022-12-27T11:26:41.9765720Z                                                               [32m✓ [0m1.65s
2022-12-27T11:26:41.9767140Z ##[group]Running before_build...
2022-12-27T11:26:41.9767570Z 
2022-12-27T11:26:41.9774480Z + pip install Cython; if [[ -f requirements.txt ]]; then pip install -r requirements.txt; fi
2022-12-27T11:26:43.2222990Z Collecting Cython
2022-12-27T11:26:43.2305570Z   Using cached Cython-0.29.32-py2.py3-none-any.whl (986 kB)
2022-12-27T11:26:43.3075350Z Installing collected packages: Cython
2022-12-27T11:26:44.1712420Z Successfully installed Cython-0.29.32
2022-12-27T11:26:44.2951220Z ##[endgroup]
2022-12-27T11:26:44.2952410Z                                                               [32m✓ [0m2.32s
2022-12-27T11:26:44.2952990Z ##[group]Building wheel...
2022-12-27T11:26:44.2953510Z 
2022-12-27T11:26:44.2962950Z + python -m pip wheel /Users/runner/actions-runner/_work/python.build/python.build/build_lxml20739/lxml-2.0.7 --wheel-dir=/private/var/folders/51/hd414ycd67n82196sw51xqtc0000gn/T/cibw-run-q51ot1o6/cp39-macosx_arm64/built_wheel --no-deps -vvv
2022-12-27T11:26:44.7662310Z Created temporary directory: /private/var/folders/51/hd414ycd67n82196sw51xqtc0000gn/T/pip-ephem-wheel-cache-ttcz09qw
2022-12-27T11:26:44.7666110Z Created temporary directory: /private/var/folders/51/hd414ycd67n82196sw51xqtc0000gn/T/pip-build-tracker-f4iktckw
2022-12-27T11:26:44.7669640Z Initialized build tracking at /private/var/folders/51/hd414ycd67n82196sw51xqtc0000gn/T/pip-build-tracker-f4iktckw
2022-12-27T11:26:44.7671170Z Created build tracker: /private/var/folders/51/hd414ycd67n82196sw51xqtc0000gn/T/pip-build-tracker-f4iktckw
2022-12-27T11:26:44.7674470Z Entered build tracker: /private/var/folders/51/hd414ycd67n82196sw51xqtc0000gn/T/pip-build-tracker-f4iktckw
2022-12-27T11:26:44.7679870Z Created temporary directory: /private/var/folders/51/hd414ycd67n82196sw51xqtc0000gn/T/pip-wheel-h971s6hx
2022-12-27T11:26:44.7692880Z Created temporary directory: /private/var/folders/51/hd414ycd67n82196sw51xqtc0000gn/T/pip-ephem-wheel-cache-0om5tvck
2022-12-27T11:26:44.7994290Z Processing /Users/runner/actions-runner/_work/python.build/python.build/build_lxml20739/lxml-2.0.7
2022-12-27T11:26:44.8002330Z   Added file:///Users/runner/actions-runner/_work/python.build/python.build/build_lxml20739/lxml-2.0.7 to build tracker '/private/var/folders/51/hd414ycd67n82196sw51xqtc0000gn/T/pip-build-tracker-f4iktckw'
2022-12-27T11:26:44.8009450Z   Running setup.py (path:/Users/runner/actions-runner/_work/python.build/python.build/build_lxml20739/lxml-2.0.7/setup.py) egg_info for package from file:///Users/runner/actions-runner/_work/python.build/python.build/build_lxml20739/lxml-2.0.7
2022-12-27T11:26:44.8014720Z   Created temporary directory: /private/var/folders/51/hd414ycd67n82196sw51xqtc0000gn/T/pip-pip-egg-info-f_d0szla
2022-12-27T11:26:44.8017780Z   Preparing metadata (setup.py): started
2022-12-27T11:26:44.8021960Z   Running command python setup.py egg_info
2022-12-27T11:26:45.3358610Z   Traceback (most recent call last):
2022-12-27T11:26:45.3373250Z     File "<string>", line 2, in <module>
2022-12-27T11:26:45.3374270Z     File "<pip-setuptools-caller>", line 34, in <module>
2022-12-27T11:26:45.3375120Z     File "/Users/runner/actions-runner/_work/python.build/python.build/build_lxml20739/lxml-2.0.7/setup.py", line 104, in <module>
2022-12-27T11:26:45.3376520Z       ext_modules = setupinfo.ext_modules(
2022-12-27T11:26:45.3377160Z     File "/Users/runner/actions-runner/_work/python.build/python.build/build_lxml20739/lxml-2.0.7/setupinfo.py", line 42, in ext_modules
2022-12-27T11:26:45.3377670Z       _include_dirs = include_dirs(static_include_dirs)
2022-12-27T11:26:45.3378480Z     File "/Users/runner/actions-runner/_work/python.build/python.build/build_lxml20739/lxml-2.0.7/setupinfo.py", line 120, in include_dirs
2022-12-27T11:26:45.3379290Z       if possible_include_dir.startswith('-I'):
2022-12-27T11:26:45.3381150Z   TypeError: startswith first arg must be bytes or a tuple of bytes, not str
2022-12-27T11:26:45.3383920Z   Building lxml version 2.0.7.
2022-12-27T11:26:45.3386580Z   Building with Cython 0.29.32.
2022-12-27T11:26:45.3389770Z   Using build configuration of libxslt b'1.1.29'
2022-12-27T11:26:45.3834390Z   error: subprocess-exited-with-error
2022-12-27T11:26:45.3835000Z   
2022-12-27T11:26:45.3837610Z   × python setup.py egg_info did not run successfully.
2022-12-27T11:26:45.3838940Z   │ exit code: 1
2022-12-27T11:26:45.3839870Z   ╰─> See above for output.
2022-12-27T11:26:45.3841120Z   
2022-12-27T11:26:45.3841930Z   note: This error originates from a subprocess, and is likely not a problem with pip.
2022-12-27T11:26:45.3853620Z   full command: /private/var/folders/51/hd414ycd67n82196sw51xqtc0000gn/T/cibw-run-q51ot1o6/cp39-macosx_arm64/build/venv/bin/python -c '
2022-12-27T11:26:45.3854860Z   exec(compile('"'"''"'"''"'"'
2022-12-27T11:26:45.3856200Z   # This is <pip-setuptools-caller> -- a caller that pip uses to run setup.py
2022-12-27T11:26:45.3857140Z   #
2022-12-27T11:26:45.3860200Z   # - It imports setuptools before invoking setup.py, to enable projects that directly
2022-12-27T11:26:45.3862630Z   #   import from `distutils.core` to work with newer packaging standards.
2022-12-27T11:26:45.3864120Z   # - It provides a clear error message when setuptools is not installed.
2022-12-27T11:26:45.3865270Z   # - It sets `sys.argv[0]` to the underlying `setup.py`, when invoking `setup.py` so
2022-12-27T11:26:45.3866320Z   #   setuptools doesn'"'"'t think the script is `-c`. This avoids the following warning:
2022-12-27T11:26:45.3867370Z   #     manifest_maker: standard file '"'"'-c'"'"' not found".
2022-12-27T11:26:45.3868430Z   # - It generates a shim setup.py, for handling setup.cfg-only projects.
2022-12-27T11:26:45.3869290Z   import os, sys, tokenize
2022-12-27T11:26:45.3869910Z   
2022-12-27T11:26:45.3870480Z   try:
2022-12-27T11:26:45.3870960Z       import setuptools
2022-12-27T11:26:45.3871650Z   except ImportError as error:
2022-12-27T11:26:45.3872600Z       print(
2022-12-27T11:26:45.3873280Z           "ERROR: Can not execute `setup.py` since setuptools is not available in "
2022-12-27T11:26:45.3874090Z           "the build environment.",
2022-12-27T11:26:45.3874780Z           file=sys.stderr,
2022-12-27T11:26:45.3875270Z       )
2022-12-27T11:26:45.3876050Z       sys.exit(1)
2022-12-27T11:26:45.3876640Z   
2022-12-27T11:26:45.3877100Z   __file__ = %r
2022-12-27T11:26:45.3877730Z   sys.argv[0] = __file__
2022-12-27T11:26:45.3878510Z   
2022-12-27T11:26:45.3879140Z   if os.path.exists(__file__):
2022-12-27T11:26:45.3879670Z       filename = __file__
2022-12-27T11:26:45.3880370Z       with tokenize.open(__file__) as f:
2022-12-27T11:26:45.3881110Z           setup_py_code = f.read()
2022-12-27T11:26:45.3881790Z   else:
2022-12-27T11:26:45.3882680Z       filename = "<auto-generated setuptools caller>"
2022-12-27T11:26:45.3883510Z       setup_py_code = "from setuptools import setup; setup()"
2022-12-27T11:26:45.3884070Z   
2022-12-27T11:26:45.3884740Z   exec(compile(setup_py_code, filename, "exec"))
2022-12-27T11:26:45.3886620Z   '"'"''"'"''"'"' % ('"'"'/Users/runner/actions-runner/_work/python.build/python.build/build_lxml20739/lxml-2.0.7/setup.py'"'"',), "<pip-setuptools-caller>", "exec"))' egg_info --egg-base /private/var/folders/51/hd414ycd67n82196sw51xqtc0000gn/T/pip-pip-egg-info-f_d0szla
2022-12-27T11:26:45.3888880Z   cwd: /Users/runner/actions-runner/_work/python.build/python.build/build_lxml20739/lxml-2.0.7/
2022-12-27T11:26:45.3889890Z   Preparing metadata (setup.py): finished with status 'error'
2022-12-27T11:26:45.3893470Z error: metadata-generation-failed
2022-12-27T11:26:45.3894040Z 
2022-12-27T11:26:45.3895400Z × Encountered error while generating package metadata.
2022-12-27T11:26:45.3896350Z ╰─> See above for output.
2022-12-27T11:26:45.3896620Z 
2022-12-27T11:26:45.3897030Z note: This is an issue with the package mentioned above, not pip.
2022-12-27T11:26:45.3897820Z hint: See above for details.
2022-12-27T11:26:45.3942550Z Exception information:
2022-12-27T11:26:45.3943720Z Traceback (most recent call last):
2022-12-27T11:26:45.4072450Z   File "/private/var/folders/51/hd414ycd67n82196sw51xqtc0000gn/T/cibw-run-q51ot1o6/cp39-macosx_arm64/build/venv/lib/python3.9/site-packages/pip/_internal/operations/build/metadata_legacy.py", line 64, in generate_metadata
2022-12-27T11:26:45.4074380Z     call_subprocess(
2022-12-27T11:26:45.4076560Z   File "/private/var/folders/51/hd414ycd67n82196sw51xqtc0000gn/T/cibw-run-q51ot1o6/cp39-macosx_arm64/build/venv/lib/python3.9/site-packages/pip/_internal/utils/subprocess.py", line 224, in call_subprocess
2022-12-27T11:26:45.4077570Z     raise error
2022-12-27T11:26:45.4078300Z pip._internal.exceptions.InstallationSubprocessError: python setup.py egg_info exited with 1
2022-12-27T11:26:45.4078920Z 
2022-12-27T11:26:45.4079350Z The above exception was the direct cause of the following exception:
2022-12-27T11:26:45.4079710Z 
2022-12-27T11:26:45.4080030Z Traceback (most recent call last):
2022-12-27T11:26:45.4082710Z   File "/private/var/folders/51/hd414ycd67n82196sw51xqtc0000gn/T/cibw-run-q51ot1o6/cp39-macosx_arm64/build/venv/lib/python3.9/site-packages/pip/_internal/cli/base_command.py", line 160, in exc_logging_wrapper
2022-12-27T11:26:45.4083400Z     status = run_func(*args)
2022-12-27T11:26:45.4084370Z   File "/private/var/folders/51/hd414ycd67n82196sw51xqtc0000gn/T/cibw-run-q51ot1o6/cp39-macosx_arm64/build/venv/lib/python3.9/site-packages/pip/_internal/cli/req_command.py", line 247, in wrapper
2022-12-27T11:26:45.4084940Z     return func(self, options, args)
2022-12-27T11:26:45.4085760Z   File "/private/var/folders/51/hd414ycd67n82196sw51xqtc0000gn/T/cibw-run-q51ot1o6/cp39-macosx_arm64/build/venv/lib/python3.9/site-packages/pip/_internal/commands/wheel.py", line 170, in run
2022-12-27T11:26:45.4086350Z     requirement_set = resolver.resolve(reqs, check_supported_wheels=True)
2022-12-27T11:26:45.4087160Z   File "/private/var/folders/51/hd414ycd67n82196sw51xqtc0000gn/T/cibw-run-q51ot1o6/cp39-macosx_arm64/build/venv/lib/python3.9/site-packages/pip/_internal/resolution/resolvelib/resolver.py", line 73, in resolve
2022-12-27T11:26:45.4087910Z     collected = self.factory.collect_root_requirements(root_reqs)
2022-12-27T11:26:45.4088770Z   File "/private/var/folders/51/hd414ycd67n82196sw51xqtc0000gn/T/cibw-run-q51ot1o6/cp39-macosx_arm64/build/venv/lib/python3.9/site-packages/pip/_internal/resolution/resolvelib/factory.py", line 491, in collect_root_requirements
2022-12-27T11:26:45.4089320Z     req = self._make_requirement_from_install_req(
2022-12-27T11:26:45.4090180Z   File "/private/var/folders/51/hd414ycd67n82196sw51xqtc0000gn/T/cibw-run-q51ot1o6/cp39-macosx_arm64/build/venv/lib/python3.9/site-packages/pip/_internal/resolution/resolvelib/factory.py", line 453, in _make_requirement_from_install_req
2022-12-27T11:26:45.4090760Z     cand = self._make_candidate_from_link(
2022-12-27T11:26:45.4091660Z   File "/private/var/folders/51/hd414ycd67n82196sw51xqtc0000gn/T/cibw-run-q51ot1o6/cp39-macosx_arm64/build/venv/lib/python3.9/site-packages/pip/_internal/resolution/resolvelib/factory.py", line 206, in _make_candidate_from_link
2022-12-27T11:26:45.4092210Z     self._link_candidate_cache[link] = LinkCandidate(
2022-12-27T11:26:45.4093150Z   File "/private/var/folders/51/hd414ycd67n82196sw51xqtc0000gn/T/cibw-run-q51ot1o6/cp39-macosx_arm64/build/venv/lib/python3.9/site-packages/pip/_internal/resolution/resolvelib/candidates.py", line 297, in __init__
2022-12-27T11:26:45.4094020Z     super().__init__(
2022-12-27T11:26:45.4094890Z   File "/private/var/folders/51/hd414ycd67n82196sw51xqtc0000gn/T/cibw-run-q51ot1o6/cp39-macosx_arm64/build/venv/lib/python3.9/site-packages/pip/_internal/resolution/resolvelib/candidates.py", line 162, in __init__
2022-12-27T11:26:45.4095440Z     self.dist = self._prepare()
2022-12-27T11:26:45.4096220Z   File "/private/var/folders/51/hd414ycd67n82196sw51xqtc0000gn/T/cibw-run-q51ot1o6/cp39-macosx_arm64/build/venv/lib/python3.9/site-packages/pip/_internal/resolution/resolvelib/candidates.py", line 231, in _prepare
2022-12-27T11:26:45.4096780Z     dist = self._prepare_distribution()
2022-12-27T11:26:45.4097700Z   File "/private/var/folders/51/hd414ycd67n82196sw51xqtc0000gn/T/cibw-run-q51ot1o6/cp39-macosx_arm64/build/venv/lib/python3.9/site-packages/pip/_internal/resolution/resolvelib/candidates.py", line 308, in _prepare_distribution
2022-12-27T11:26:45.4098280Z     return preparer.prepare_linked_requirement(self._ireq, parallel_builds=True)
2022-12-27T11:26:45.4099150Z   File "/private/var/folders/51/hd414ycd67n82196sw51xqtc0000gn/T/cibw-run-q51ot1o6/cp39-macosx_arm64/build/venv/lib/python3.9/site-packages/pip/_internal/operations/prepare.py", line 491, in prepare_linked_requirement
2022-12-27T11:26:45.4099740Z     return self._prepare_linked_requirement(req, parallel_builds)
2022-12-27T11:26:45.4100580Z   File "/private/var/folders/51/hd414ycd67n82196sw51xqtc0000gn/T/cibw-run-q51ot1o6/cp39-macosx_arm64/build/venv/lib/python3.9/site-packages/pip/_internal/operations/prepare.py", line 577, in _prepare_linked_requirement
2022-12-27T11:26:45.4101150Z     dist = _get_prepared_distribution(
2022-12-27T11:26:45.4102180Z   File "/private/var/folders/51/hd414ycd67n82196sw51xqtc0000gn/T/cibw-run-q51ot1o6/cp39-macosx_arm64/build/venv/lib/python3.9/site-packages/pip/_internal/operations/prepare.py", line 69, in _get_prepared_distribution
2022-12-27T11:26:45.4102720Z     abstract_dist.prepare_distribution_metadata(
2022-12-27T11:26:45.4103670Z   File "/private/var/folders/51/hd414ycd67n82196sw51xqtc0000gn/T/cibw-run-q51ot1o6/cp39-macosx_arm64/build/venv/lib/python3.9/site-packages/pip/_internal/distributions/sdist.py", line 61, in prepare_distribution_metadata
2022-12-27T11:26:45.4104300Z     self.req.prepare_metadata()
2022-12-27T11:26:45.4105150Z   File "/private/var/folders/51/hd414ycd67n82196sw51xqtc0000gn/T/cibw-run-q51ot1o6/cp39-macosx_arm64/build/venv/lib/python3.9/site-packages/pip/_internal/req/req_install.py", line 541, in prepare_metadata
2022-12-27T11:26:45.4105730Z     self.metadata_directory = generate_metadata_legacy(
2022-12-27T11:26:45.4106550Z   File "/private/var/folders/51/hd414ycd67n82196sw51xqtc0000gn/T/cibw-run-q51ot1o6/cp39-macosx_arm64/build/venv/lib/python3.9/site-packages/pip/_internal/operations/build/metadata_legacy.py", line 71, in generate_metadata
2022-12-27T11:26:45.4107290Z     raise MetadataGenerationFailed(package_details=details) from error
2022-12-27T11:26:45.4107880Z pip._internal.exceptions.MetadataGenerationFailed: metadata generation failed
2022-12-27T11:26:45.4108800Z Removed file:///Users/runner/actions-runner/_work/python.build/python.build/build_lxml20739/lxml-2.0.7 from build tracker '/private/var/folders/51/hd414ycd67n82196sw51xqtc0000gn/T/pip-build-tracker-f4iktckw'
2022-12-27T11:26:45.4109670Z Removed build tracker: '/private/var/folders/51/hd414ycd67n82196sw51xqtc0000gn/T/pip-build-tracker-f4iktckw'
2022-12-27T11:26:45.4972390Z ##[endgroup]
2022-12-27T11:26:45.5009330Z ##[error]Command ['python', '-m', 'pip', 'wheel', '/Users/runner/actions-runner/_work/python.build/python.build/build_lxml20739/lxml-2.0.7', '--wheel-dir=/private/var/folders/51/hd414ycd67n82196sw51xqtc0000gn/T/cibw-run-q51ot1o6/cp39-macosx_arm64/built_wheel', '--no-deps', '-vvv'] failed with code 1. None
2022-12-27T11:26:45.5018840Z 
2022-12-27T11:26:45.5019390Z                                                               [31m✕ [0m1.20s
2022-12-27T11:26:45.5795840Z ##[error]Process completed with exit code 1.
2022-12-27T11:26:45.5846400Z ##[group]Run rm -rf build_lxml20739 wheelsout
2022-12-27T11:26:45.5846740Z [36;1mrm -rf build_lxml20739 wheelsout[0m
2022-12-27T11:26:45.5872650Z shell: /bin/bash -e {0}
2022-12-27T11:26:45.5872960Z env:
2022-12-27T11:26:45.5873540Z   pythonLocation: /Users/runner/hostedtoolcache/Python/3.9.16/x64
2022-12-27T11:26:45.5874040Z   PKG_CONFIG_PATH: /Users/runner/hostedtoolcache/Python/3.9.16/x64/lib/pkgconfig
2022-12-27T11:26:45.5874550Z   Python_ROOT_DIR: /Users/runner/hostedtoolcache/Python/3.9.16/x64
2022-12-27T11:26:45.5875080Z   Python2_ROOT_DIR: /Users/runner/hostedtoolcache/Python/3.9.16/x64
2022-12-27T11:26:45.5875640Z   Python3_ROOT_DIR: /Users/runner/hostedtoolcache/Python/3.9.16/x64
2022-12-27T11:26:45.5876230Z ##[endgroup]
2022-12-27T11:26:45.6841680Z Cleaning up orphan processes
