2022-12-27T08:48:19.0807481Z Requested labels: self-hosted, macOS, X64
2022-12-27T08:48:19.0807616Z Job defined at: kilnbuild/python.build/.github/workflows/mac_arm_build.yml@refs/heads/main
2022-12-27T08:48:19.0807646Z Waiting for a runner to pick up this job...
2022-12-27T11:13:07.6765852Z Job is about to start running on the runner: s1 (organization)
2022-12-27T11:13:10.7951010Z Current runner version: '2.300.2'
2022-12-27T11:13:10.7956120Z Runner name: 's1'
2022-12-27T11:13:10.7956370Z Runner group name: 'Default'
2022-12-27T11:13:10.7956810Z Machine name: 's1'
2022-12-27T11:13:10.7958340Z ##[group]GITHUB_TOKEN Permissions
2022-12-27T11:13:10.7958790Z Actions: write
2022-12-27T11:13:10.7958930Z Checks: write
2022-12-27T11:13:10.7959060Z Contents: write
2022-12-27T11:13:10.7959200Z Deployments: write
2022-12-27T11:13:10.7959330Z Discussions: write
2022-12-27T11:13:10.7959470Z Issues: write
2022-12-27T11:13:10.7959600Z Metadata: read
2022-12-27T11:13:10.7959730Z Packages: write
2022-12-27T11:13:10.7959870Z Pages: write
2022-12-27T11:13:10.7960010Z PullRequests: write
2022-12-27T11:13:10.7960170Z RepositoryProjects: write
2022-12-27T11:13:10.7960320Z SecurityEvents: write
2022-12-27T11:13:10.7960460Z Statuses: write
2022-12-27T11:13:10.7960590Z ##[endgroup]
2022-12-27T11:13:10.7963320Z Secret source: Actions
2022-12-27T11:13:10.7963650Z Prepare workflow directory
2022-12-27T11:13:10.8638480Z Prepare all required actions
2022-12-27T11:13:10.8761730Z Getting action download info
2022-12-27T11:13:11.3176220Z Download action repository 'actions/setup-python@v4' (SHA:5ccb29d8773c3f3f653e1705f474dfaa8a06a912)
2022-12-27T11:13:13.1128970Z Download action repository 'actions/upload-artifact@v3' (SHA:83fd05a356d7e2593de66fc9913b3002723633cb)
2022-12-27T11:13:14.4626810Z ##[group]Run echo '{
2022-12-27T11:13:14.4627150Z [36;1mecho '{[0m
2022-12-27T11:13:14.4627280Z [36;1m  "package_name": "lxml",[0m
2022-12-27T11:13:14.4627580Z [36;1m  "package_url": "https://files.pythonhosted.org/packages/79/9d/1c61a30b776050477dd4db72463217f8ac9a1da06fbc4da7d6b2dad618d6/lxml-3.0.2.tar.gz",[0m
2022-12-27T11:13:14.4627850Z [36;1m  "package_version": "3.0.2",[0m
2022-12-27T11:13:14.4628000Z [36;1m  "python_version": "3.11",[0m
2022-12-27T11:13:14.4628120Z [36;1m  "use_ccache": "true"[0m
2022-12-27T11:13:14.4628280Z [36;1m}'[0m
2022-12-27T11:13:14.4646490Z shell: /bin/bash -e {0}
2022-12-27T11:13:14.4646730Z ##[endgroup]
2022-12-27T11:13:14.4866030Z {
2022-12-27T11:13:14.4867410Z   "package_name": "lxml",
2022-12-27T11:13:14.4868180Z   "package_url": "https://files.pythonhosted.org/packages/79/9d/1c61a30b776050477dd4db72463217f8ac9a1da06fbc4da7d6b2dad618d6/lxml-3.0.2.tar.gz",
2022-12-27T11:13:14.4868480Z   "package_version": "3.0.2",
2022-12-27T11:13:14.4868720Z   "python_version": "3.11",
2022-12-27T11:13:14.4868880Z   "use_ccache": "true"
2022-12-27T11:13:14.4869090Z }
2022-12-27T11:13:14.5086840Z ##[group]Run actions/setup-python@v4
2022-12-27T11:13:14.5087110Z with:
2022-12-27T11:13:14.5087310Z   python-version: 3.11
2022-12-27T11:13:14.5087470Z   check-latest: false
2022-12-27T11:13:14.5087820Z   token: ***
2022-12-27T11:13:14.5088020Z   update-environment: true
2022-12-27T11:13:14.5088180Z ##[endgroup]
2022-12-27T11:13:14.6322760Z ##[group]Installed versions
2022-12-27T11:13:14.6362650Z Successfully set up CPython (3.11.1)
2022-12-27T11:13:14.6363180Z ##[endgroup]
2022-12-27T11:13:14.6510130Z ##[group]Run if [ "true" == "true" ]
2022-12-27T11:13:14.6510480Z [36;1mif [ "true" == "true" ][0m
2022-12-27T11:13:14.6510800Z [36;1mthen[0m
2022-12-27T11:13:14.6511030Z [36;1m  echo "CCACHE_PATH_PREPEND=/usr/local/opt/ccache/libexec" >> $GITHUB_OUTPUT[0m
2022-12-27T11:13:14.6511220Z [36;1melse[0m
2022-12-27T11:13:14.6511420Z [36;1m  echo "CCACHE_PATH_PREPEND=" >> $GITHUB_OUTPUT[0m
2022-12-27T11:13:14.6511610Z [36;1mfi[0m
2022-12-27T11:13:14.6529760Z shell: /bin/bash -e {0}
2022-12-27T11:13:14.6529980Z env:
2022-12-27T11:13:14.6530200Z   pythonLocation: /Users/runner/hostedtoolcache/Python/3.11.1/x64
2022-12-27T11:13:14.6530570Z   PKG_CONFIG_PATH: /Users/runner/hostedtoolcache/Python/3.11.1/x64/lib/pkgconfig
2022-12-27T11:13:14.6530830Z   Python_ROOT_DIR: /Users/runner/hostedtoolcache/Python/3.11.1/x64
2022-12-27T11:13:14.6531040Z   Python2_ROOT_DIR: /Users/runner/hostedtoolcache/Python/3.11.1/x64
2022-12-27T11:13:14.6531340Z   Python3_ROOT_DIR: /Users/runner/hostedtoolcache/Python/3.11.1/x64
2022-12-27T11:13:14.6532020Z ##[endgroup]
2022-12-27T11:13:14.6641130Z ##[group]Run echo "BUILD_NAME=$(echo lxml_3.0.2_3.11 | tr -dc '[:alnum:]\n\r' | tr '[:upper:]' '[:lower:]')" >> $GITHUB_OUTPUT
2022-12-27T11:13:14.6641580Z [36;1mecho "BUILD_NAME=$(echo lxml_3.0.2_3.11 | tr -dc '[:alnum:]\n\r' | tr '[:upper:]' '[:lower:]')" >> $GITHUB_OUTPUT[0m
2022-12-27T11:13:14.6657000Z shell: /bin/bash -e {0}
2022-12-27T11:13:14.6657280Z env:
2022-12-27T11:13:14.6657480Z   pythonLocation: /Users/runner/hostedtoolcache/Python/3.11.1/x64
2022-12-27T11:13:14.6657750Z   PKG_CONFIG_PATH: /Users/runner/hostedtoolcache/Python/3.11.1/x64/lib/pkgconfig
2022-12-27T11:13:14.6658010Z   Python_ROOT_DIR: /Users/runner/hostedtoolcache/Python/3.11.1/x64
2022-12-27T11:13:14.6658230Z   Python2_ROOT_DIR: /Users/runner/hostedtoolcache/Python/3.11.1/x64
2022-12-27T11:13:14.6658530Z   Python3_ROOT_DIR: /Users/runner/hostedtoolcache/Python/3.11.1/x64
2022-12-27T11:13:14.6658740Z ##[endgroup]
2022-12-27T11:13:14.6780770Z ##[group]Run echo "PYTHON_NO_DOTS=$(echo 3.11 | tr -dc '[:alnum:]\n\r' | tr '[:upper:]' '[:lower:]')" >> $GITHUB_OUTPUT
2022-12-27T11:13:14.6781180Z [36;1mecho "PYTHON_NO_DOTS=$(echo 3.11 | tr -dc '[:alnum:]\n\r' | tr '[:upper:]' '[:lower:]')" >> $GITHUB_OUTPUT[0m
2022-12-27T11:13:14.6796570Z shell: /bin/bash -e {0}
2022-12-27T11:13:14.6796720Z env:
2022-12-27T11:13:14.6796900Z   pythonLocation: /Users/runner/hostedtoolcache/Python/3.11.1/x64
2022-12-27T11:13:14.6797410Z   PKG_CONFIG_PATH: /Users/runner/hostedtoolcache/Python/3.11.1/x64/lib/pkgconfig
2022-12-27T11:13:14.6797650Z   Python_ROOT_DIR: /Users/runner/hostedtoolcache/Python/3.11.1/x64
2022-12-27T11:13:14.6797850Z   Python2_ROOT_DIR: /Users/runner/hostedtoolcache/Python/3.11.1/x64
2022-12-27T11:13:14.6798080Z   Python3_ROOT_DIR: /Users/runner/hostedtoolcache/Python/3.11.1/x64
2022-12-27T11:13:14.6798270Z ##[endgroup]
2022-12-27T11:13:14.6911400Z ##[group]Run rm -rf build_lxml302311
2022-12-27T11:13:14.6911800Z [36;1mrm -rf build_lxml302311[0m
2022-12-27T11:13:14.6911960Z [36;1mmkdir build_lxml302311[0m
2022-12-27T11:13:14.6912170Z [36;1mcd build_lxml302311[0m
2022-12-27T11:13:14.6912510Z [36;1m/usr/local/bin/wget --quiet https://files.pythonhosted.org/packages/79/9d/1c61a30b776050477dd4db72463217f8ac9a1da06fbc4da7d6b2dad618d6/lxml-3.0.2.tar.gz[0m
2022-12-27T11:13:14.6912750Z [36;1mtar xf *.tar.gz[0m
2022-12-27T11:13:14.6912960Z [36;1mcd *[0m
2022-12-27T11:13:14.6913150Z [36;1mpython -m pip install cibuildwheel==2.11.3[0m
2022-12-27T11:13:14.6913380Z [36;1mpython -m cibuildwheel --output-dir ../wheelsout[0m
2022-12-27T11:13:14.6928880Z shell: /bin/bash -e {0}
2022-12-27T11:13:14.6929080Z env:
2022-12-27T11:13:14.6929300Z   pythonLocation: /Users/runner/hostedtoolcache/Python/3.11.1/x64
2022-12-27T11:13:14.6929540Z   PKG_CONFIG_PATH: /Users/runner/hostedtoolcache/Python/3.11.1/x64/lib/pkgconfig
2022-12-27T11:13:14.6929890Z   Python_ROOT_DIR: /Users/runner/hostedtoolcache/Python/3.11.1/x64
2022-12-27T11:13:14.6930110Z   Python2_ROOT_DIR: /Users/runner/hostedtoolcache/Python/3.11.1/x64
2022-12-27T11:13:14.6930350Z   Python3_ROOT_DIR: /Users/runner/hostedtoolcache/Python/3.11.1/x64
2022-12-27T11:13:14.6930560Z   CIBW_ARCHS_MACOS: arm64
2022-12-27T11:13:14.6930710Z   CIBW_TEST_SKIP: *_arm64
2022-12-27T11:13:14.6930920Z   CIBW_BUILD: cp311-macosx_arm64
2022-12-27T11:13:14.6931110Z   CIBW_BUILD_FRONTEND: pip
2022-12-27T11:13:14.6931260Z   CIBW_BUILD_VERBOSITY: 3
2022-12-27T11:13:14.6931580Z   CIBW_ENVIRONMENT_MACOS:  CFLAGS="-I/usr/local/opt/openssl@3/include" LDFLAGS="-L/usr/local/opt/openssl@3/lib" CPPFLAGS="-I/usr/local/opt/openssl@3/include" MAKEFLAGS="-j$(sysctl -n hw.logicalcpu)" PATH=/usr/local/opt/ccache/libexec:$PATH
2022-12-27T11:13:14.6931940Z   CIBW_BEFORE_BUILD: pip install Cython; if [[ -f requirements.txt ]]; then pip install -r requirements.txt; fi
2022-12-27T11:13:14.6932220Z   MAKEFLAGS: -j$(sysctl -n hw.logicalcpu)
2022-12-27T11:13:14.6932380Z ##[endgroup]
2022-12-27T11:13:15.0953590Z Requirement already satisfied: cibuildwheel==2.11.3 in /Library/Frameworks/Python.framework/Versions/3.11/lib/python3.11/site-packages (2.11.3)
2022-12-27T11:13:15.1257490Z Requirement already satisfied: bashlex!=0.13 in /Library/Frameworks/Python.framework/Versions/3.11/lib/python3.11/site-packages (from cibuildwheel==2.11.3) (0.16)
2022-12-27T11:13:15.1264350Z Requirement already satisfied: bracex in /Library/Frameworks/Python.framework/Versions/3.11/lib/python3.11/site-packages (from cibuildwheel==2.11.3) (2.3.post1)
2022-12-27T11:13:15.1271260Z Requirement already satisfied: certifi in /Library/Frameworks/Python.framework/Versions/3.11/lib/python3.11/site-packages (from cibuildwheel==2.11.3) (2022.12.7)
2022-12-27T11:13:15.1278100Z Requirement already satisfied: filelock in /Library/Frameworks/Python.framework/Versions/3.11/lib/python3.11/site-packages (from cibuildwheel==2.11.3) (3.8.2)
2022-12-27T11:13:15.1287680Z Requirement already satisfied: packaging>=20.9 in /Library/Frameworks/Python.framework/Versions/3.11/lib/python3.11/site-packages (from cibuildwheel==2.11.3) (22.0)
2022-12-27T11:13:15.1295970Z Requirement already satisfied: platformdirs in /Library/Frameworks/Python.framework/Versions/3.11/lib/python3.11/site-packages (from cibuildwheel==2.11.3) (2.6.0)
2022-12-27T11:13:15.3561080Z 
2022-12-27T11:13:15.3561300Z      _ _       _ _   _       _           _
2022-12-27T11:13:15.3561680Z  ___|_| |_ _ _|_| |_| |_ _ _| |_ ___ ___| |
2022-12-27T11:13:15.3562490Z |  _| | . | | | | | . | | | |   | -_| -_| |
2022-12-27T11:13:15.3562980Z |___|_|___|___|_|_|___|_____|_|_|___|___|_|
2022-12-27T11:13:15.3563170Z 
2022-12-27T11:13:15.3563320Z cibuildwheel version 2.11.3
2022-12-27T11:13:15.3563470Z 
2022-12-27T11:13:15.3563530Z Build options:
2022-12-27T11:13:15.3563740Z   platform: macos
2022-12-27T11:13:15.3655730Z   architectures: arm64[0m
2022-12-27T11:13:15.3656030Z   build_selector: 
2022-12-27T11:13:15.3657000Z     build_config: cp311-macosx_arm64
2022-12-27T11:13:15.3657450Z     skip_config: 
2022-12-27T11:13:15.3657680Z     requires_python: None
2022-12-27T11:13:15.3657960Z     prerelease_pythons: False[0m
2022-12-27T11:13:15.3658280Z   [38;5;244mcontainer_engine: docker[0m
2022-12-27T11:13:15.3658860Z   output_dir: /Users/runner/actions-runner/_work/python.build/python.build/build_lxml302311/wheelsout[0m
2022-12-27T11:13:15.3659290Z   package_dir: /Users/runner/actions-runner/_work/python.build/python.build/build_lxml302311/lxml-3.0.2[0m
2022-12-27T11:13:15.3659590Z   test_selector: 
2022-12-27T11:13:15.3659870Z     skip_config: *_arm64[0m
2022-12-27T11:13:15.3660290Z   [38;5;244mbefore_all: [0m
2022-12-27T11:13:15.3660670Z   before_build: pip install Cython; if [[ -f requirements.txt ]]; then pip install -r requirements.txt; fi[0m
2022-12-27T11:13:15.3661020Z   [38;5;244mbefore_test: [0m
2022-12-27T11:13:15.3661400Z   [38;5;244mbuild_frontend: pip[0m
2022-12-27T11:13:15.3661780Z   build_verbosity: 3[0m
2022-12-27T11:13:15.3662060Z   [38;5;244mconfig_settings: [0m
2022-12-27T11:13:15.3662370Z   [38;5;244mdependency_constraints: pinned[0m
2022-12-27T11:13:15.3662570Z   environment: 
2022-12-27T11:13:15.3662900Z     CFLAGS="-I/usr/local/opt/openssl@3/include"
2022-12-27T11:13:15.3663370Z     LDFLAGS="-L/usr/local/opt/openssl@3/lib"
2022-12-27T11:13:15.3663710Z     CPPFLAGS="-I/usr/local/opt/openssl@3/include"
2022-12-27T11:13:15.3663990Z     MAKEFLAGS="-j$(sysctl -n hw.logicalcpu)"
2022-12-27T11:13:15.3664300Z     PATH=/usr/local/opt/ccache/libexec:$PATH[0m
2022-12-27T11:13:15.3665240Z   [38;5;244mmanylinux_images: None[0m
2022-12-27T11:13:15.3665570Z   [38;5;244mmusllinux_images: None[0m
2022-12-27T11:13:15.3665970Z   [38;5;244mrepair_command: delocate-wheel --require-archs {delocate_archs} -w {dest_dir} -v {wheel}[0m
2022-12-27T11:13:15.3666310Z   [38;5;244mtest_command: [0m
2022-12-27T11:13:15.3666530Z   [38;5;244mtest_extras: [0m
2022-12-27T11:13:15.3666960Z   [38;5;244mtest_requires: [0m
2022-12-27T11:13:15.3667090Z 
2022-12-27T11:13:15.3667200Z Cache folder: /Users/runner/Library/Caches/cibuildwheel
2022-12-27T11:13:15.3675070Z 
2022-12-27T11:13:15.3675510Z Here we go!
2022-12-27T11:13:15.3675620Z 
2022-12-27T11:13:15.3724850Z 
2022-12-27T11:13:15.3725230Z [1m[34mBuilding cp311-macosx_arm64 wheel[0m
2022-12-27T11:13:15.3725750Z CPython 3.11 macOS arm64 - Apple Silicon
2022-12-27T11:13:15.3725910Z 
2022-12-27T11:13:15.3728110Z ##[group]Installing Python cp311...
2022-12-27T11:13:15.3728290Z 
2022-12-27T11:13:15.3728480Z + pkgutil --pkgs
2022-12-27T11:13:15.3825530Z ##[endgroup]
2022-12-27T11:13:15.3826490Z                                                               [32mâœ“ [0m0.01s
2022-12-27T11:13:15.3826920Z ##[group]Setting up build environment...
2022-12-27T11:13:15.3827090Z 
2022-12-27T11:13:15.3843480Z + /Library/Frameworks/Python.framework/Versions/3.11/bin/python -sS /Users/runner/Library/Caches/cibuildwheel/virtualenv-20.17.0.pyz --activators= --no-periodic-update --pip=22.3.1 --setuptools=65.6.3 --wheel=0.38.4 --symlink-app-data --python /Library/Frameworks/Python.framework/Versions/3.11/bin/python3 /private/var/folders/51/hd414ycd67n82196sw51xqtc0000gn/T/cibw-run-7er_01gb/cp311-macosx_arm64/build/venv
2022-12-27T11:13:15.5702200Z created virtual environment CPython3.11.1.final.0-64 in 47ms
2022-12-27T11:13:15.5702760Z   creator CPython3Posix(dest=/private/var/folders/51/hd414ycd67n82196sw51xqtc0000gn/T/cibw-run-7er_01gb/cp311-macosx_arm64/build/venv, clear=False, no_vcs_ignore=False, global=False)
2022-12-27T11:13:15.5703300Z   seeder FromAppData(download=False, pip=22.3.1, setuptools=65.6.3, wheel=0.38.4, via=symlink, app_data_dir=/Users/runner/Library/Application Support/virtualenv)
2022-12-27T11:13:15.5703580Z     added seed packages: pip==22.3.1, setuptools==65.6.3, wheel==0.38.4
2022-12-27T11:13:15.5828900Z + python -m pip install --upgrade pip -c /Library/Frameworks/Python.framework/Versions/3.11/lib/python3.11/site-packages/cibuildwheel/resources/constraints-python311.txt
2022-12-27T11:13:15.8585100Z Requirement already satisfied: pip in ./lib/python3.11/site-packages (22.3.1)
2022-12-27T11:13:15.9854660Z + which pip
2022-12-27T11:13:15.9870480Z /private/var/folders/51/hd414ycd67n82196sw51xqtc0000gn/T/cibw-run-7er_01gb/cp311-macosx_arm64/build/venv/bin/pip
2022-12-27T11:13:15.9872750Z + pip --version
2022-12-27T11:13:16.1878370Z pip 22.3.1 from /private/var/folders/51/hd414ycd67n82196sw51xqtc0000gn/T/cibw-run-7er_01gb/cp311-macosx_arm64/build/venv/lib/python3.11/site-packages/pip (python 3.11)
2022-12-27T11:13:16.2111870Z + which pip
2022-12-27T11:13:16.2136550Z + which python
2022-12-27T11:13:16.2153500Z /private/var/folders/51/hd414ycd67n82196sw51xqtc0000gn/T/cibw-run-7er_01gb/cp311-macosx_arm64/build/venv/bin/python
2022-12-27T11:13:16.2155800Z + python --version
2022-12-27T11:13:16.2211360Z Python 3.11.1
2022-12-27T11:13:16.2214450Z + which python
2022-12-27T11:13:16.2263900Z ##[endgroup]
2022-12-27T11:13:16.2264360Z                                                               [32mâœ“ [0m0.84s
2022-12-27T11:13:16.2264850Z ##[group]Installing build tools...
2022-12-27T11:13:16.2265000Z 
2022-12-27T11:13:16.2265410Z + pip install --upgrade setuptools wheel delocate -c /Library/Frameworks/Python.framework/Versions/3.11/lib/python3.11/site-packages/cibuildwheel/resources/constraints-python311.txt
2022-12-27T11:13:16.5068240Z Requirement already satisfied: setuptools in /private/var/folders/51/hd414ycd67n82196sw51xqtc0000gn/T/cibw-run-7er_01gb/cp311-macosx_arm64/build/venv/lib/python3.11/site-packages (65.6.3)
2022-12-27T11:13:16.6865820Z Requirement already satisfied: wheel in /private/var/folders/51/hd414ycd67n82196sw51xqtc0000gn/T/cibw-run-7er_01gb/cp311-macosx_arm64/build/venv/lib/python3.11/site-packages (0.38.4)
2022-12-27T11:13:16.7268400Z Collecting delocate
2022-12-27T11:13:16.7293490Z   Using cached delocate-0.10.3-py3-none-any.whl (142 kB)
2022-12-27T11:13:16.7554200Z Collecting packaging>=20.9
2022-12-27T11:13:16.7572280Z   Using cached packaging-21.3-py3-none-any.whl (40 kB)
2022-12-27T11:13:16.7727460Z Collecting typing-extensions
2022-12-27T11:13:16.7745540Z   Using cached typing_extensions-4.4.0-py3-none-any.whl (26 kB)
2022-12-27T11:13:16.8038790Z Collecting pyparsing!=3.0.5,>=2.0.2
2022-12-27T11:13:16.8056010Z   Using cached pyparsing-3.0.9-py3-none-any.whl (98 kB)
2022-12-27T11:13:16.8633630Z Installing collected packages: typing-extensions, pyparsing, packaging, delocate
2022-12-27T11:13:17.0036460Z Successfully installed delocate-0.10.3 packaging-21.3 pyparsing-3.0.9 typing-extensions-4.4.0
2022-12-27T11:13:17.0532880Z ##[endgroup]
2022-12-27T11:13:17.0533700Z                                                               [32mâœ“ [0m0.83s
2022-12-27T11:13:17.0534250Z ##[group]Running before_build...
2022-12-27T11:13:17.0534350Z 
2022-12-27T11:13:17.0537670Z + pip install Cython; if [[ -f requirements.txt ]]; then pip install -r requirements.txt; fi
2022-12-27T11:13:17.6325820Z Collecting Cython
2022-12-27T11:13:17.6369540Z   Using cached Cython-0.29.32-py2.py3-none-any.whl (986 kB)
2022-12-27T11:13:17.6782190Z Installing collected packages: Cython
2022-12-27T11:13:18.1062170Z Successfully installed Cython-0.29.32
2022-12-27T11:13:18.1512860Z ##[endgroup]
2022-12-27T11:13:18.1513610Z                                                               [32mâœ“ [0m1.10s
2022-12-27T11:13:18.1514220Z ##[group]Building wheel...
2022-12-27T11:13:18.1514410Z 
2022-12-27T11:13:18.1517590Z + python -m pip wheel /Users/runner/actions-runner/_work/python.build/python.build/build_lxml302311/lxml-3.0.2 --wheel-dir=/private/var/folders/51/hd414ycd67n82196sw51xqtc0000gn/T/cibw-run-7er_01gb/cp311-macosx_arm64/built_wheel --no-deps -vvv
2022-12-27T11:13:18.4050780Z Created temporary directory: /private/var/folders/51/hd414ycd67n82196sw51xqtc0000gn/T/pip-ephem-wheel-cache-ukdqlvqa
2022-12-27T11:13:18.4056070Z Created temporary directory: /private/var/folders/51/hd414ycd67n82196sw51xqtc0000gn/T/pip-build-tracker-vz99x8o8
2022-12-27T11:13:18.4058390Z Initialized build tracking at /private/var/folders/51/hd414ycd67n82196sw51xqtc0000gn/T/pip-build-tracker-vz99x8o8
2022-12-27T11:13:18.4060100Z Created build tracker: /private/var/folders/51/hd414ycd67n82196sw51xqtc0000gn/T/pip-build-tracker-vz99x8o8
2022-12-27T11:13:18.4061760Z Entered build tracker: /private/var/folders/51/hd414ycd67n82196sw51xqtc0000gn/T/pip-build-tracker-vz99x8o8
2022-12-27T11:13:18.4065080Z Created temporary directory: /private/var/folders/51/hd414ycd67n82196sw51xqtc0000gn/T/pip-wheel-g6p61vyr
2022-12-27T11:13:18.4070710Z Created temporary directory: /private/var/folders/51/hd414ycd67n82196sw51xqtc0000gn/T/pip-ephem-wheel-cache-q25qlzdw
2022-12-27T11:13:18.4147810Z Processing /Users/runner/actions-runner/_work/python.build/python.build/build_lxml302311/lxml-3.0.2
2022-12-27T11:13:18.4153110Z   Added file:///Users/runner/actions-runner/_work/python.build/python.build/build_lxml302311/lxml-3.0.2 to build tracker '/private/var/folders/51/hd414ycd67n82196sw51xqtc0000gn/T/pip-build-tracker-vz99x8o8'
2022-12-27T11:13:18.4156550Z   Running setup.py (path:/Users/runner/actions-runner/_work/python.build/python.build/build_lxml302311/lxml-3.0.2/setup.py) egg_info for package from file:///Users/runner/actions-runner/_work/python.build/python.build/build_lxml302311/lxml-3.0.2
2022-12-27T11:13:18.4159440Z   Created temporary directory: /private/var/folders/51/hd414ycd67n82196sw51xqtc0000gn/T/pip-pip-egg-info-ow8bt4kz
2022-12-27T11:13:18.4161000Z   Preparing metadata (setup.py): started
2022-12-27T11:13:18.4162930Z   Running command python setup.py egg_info
2022-12-27T11:13:18.7639210Z   Building lxml version 3.0.2.
2022-12-27T11:13:18.7640490Z   Building without Cython.
2022-12-27T11:13:18.7642400Z   Using build configuration of libxslt 1.1.29
2022-12-27T11:13:18.7644610Z   Building against libxml2/libxslt in the following directory: /Library/Developer/CommandLineTools/SDKs/MacOSX12.1.sdk/usr/lib
2022-12-27T11:13:18.7646300Z   running egg_info
2022-12-27T11:13:18.7648790Z   creating /private/var/folders/51/hd414ycd67n82196sw51xqtc0000gn/T/pip-pip-egg-info-ow8bt4kz/lxml.egg-info
2022-12-27T11:13:18.7650580Z   writing /private/var/folders/51/hd414ycd67n82196sw51xqtc0000gn/T/pip-pip-egg-info-ow8bt4kz/lxml.egg-info/PKG-INFO
2022-12-27T11:13:18.7656920Z   writing dependency_links to /private/var/folders/51/hd414ycd67n82196sw51xqtc0000gn/T/pip-pip-egg-info-ow8bt4kz/lxml.egg-info/dependency_links.txt
2022-12-27T11:13:18.7660680Z   writing top-level names to /private/var/folders/51/hd414ycd67n82196sw51xqtc0000gn/T/pip-pip-egg-info-ow8bt4kz/lxml.egg-info/top_level.txt
2022-12-27T11:13:18.7663300Z   writing manifest file '/private/var/folders/51/hd414ycd67n82196sw51xqtc0000gn/T/pip-pip-egg-info-ow8bt4kz/lxml.egg-info/SOURCES.txt'
2022-12-27T11:13:18.7738460Z   reading manifest file '/private/var/folders/51/hd414ycd67n82196sw51xqtc0000gn/T/pip-pip-egg-info-ow8bt4kz/lxml.egg-info/SOURCES.txt'
2022-12-27T11:13:18.7741490Z   reading manifest template 'MANIFEST.in'
2022-12-27T11:13:18.8044390Z   warning: no files found matching '*.txt' under directory 'src/lxml/tests'
2022-12-27T11:13:18.8189960Z   adding license file 'LICENSES.txt'
2022-12-27T11:13:18.8215560Z   writing manifest file '/private/var/folders/51/hd414ycd67n82196sw51xqtc0000gn/T/pip-pip-egg-info-ow8bt4kz/lxml.egg-info/SOURCES.txt'
2022-12-27T11:13:18.8479000Z   Preparing metadata (setup.py): finished with status 'done'
2022-12-27T11:13:18.8501080Z   Source in /Users/runner/actions-runner/_work/python.build/python.build/build_lxml302311/lxml-3.0.2 has version 3.0.2, which satisfies requirement lxml==3.0.2 from file:///Users/runner/actions-runner/_work/python.build/python.build/build_lxml302311/lxml-3.0.2
2022-12-27T11:13:18.8504460Z   Removed lxml==3.0.2 from file:///Users/runner/actions-runner/_work/python.build/python.build/build_lxml302311/lxml-3.0.2 from build tracker '/private/var/folders/51/hd414ycd67n82196sw51xqtc0000gn/T/pip-build-tracker-vz99x8o8'
2022-12-27T11:13:18.8520920Z Created temporary directory: /private/var/folders/51/hd414ycd67n82196sw51xqtc0000gn/T/pip-unpack-2c93eovo
2022-12-27T11:13:18.8523540Z Building wheels for collected packages: lxml
2022-12-27T11:13:18.8528750Z   Created temporary directory: /private/var/folders/51/hd414ycd67n82196sw51xqtc0000gn/T/pip-wheel-1vnounrb
2022-12-27T11:13:18.8530610Z   Building wheel for lxml (setup.py): started
2022-12-27T11:13:18.8641530Z   Destination directory: /private/var/folders/51/hd414ycd67n82196sw51xqtc0000gn/T/pip-wheel-1vnounrb
2022-12-27T11:13:18.8642990Z   Running command python setup.py bdist_wheel
2022-12-27T11:13:19.0842450Z   Building lxml version 3.0.2.
2022-12-27T11:13:19.0844110Z   Building without Cython.
2022-12-27T11:13:19.0975050Z   Using build configuration of libxslt 1.1.29
2022-12-27T11:13:19.1920630Z   Building against libxml2/libxslt in the following directory: /Library/Developer/CommandLineTools/SDKs/MacOSX12.1.sdk/usr/lib
2022-12-27T11:13:19.2138370Z   running bdist_wheel
2022-12-27T11:13:19.2176230Z   running build
2022-12-27T11:13:19.2178410Z   running build_py
2022-12-27T11:13:19.2196180Z   creating build
2022-12-27T11:13:19.2198150Z   creating build/lib.macosx-11.0-arm64-cpython-311
2022-12-27T11:13:19.2199700Z   creating build/lib.macosx-11.0-arm64-cpython-311/lxml
2022-12-27T11:13:19.2201600Z   copying src/lxml/_elementpath.py -> build/lib.macosx-11.0-arm64-cpython-311/lxml
2022-12-27T11:13:19.2203450Z   copying src/lxml/sax.py -> build/lib.macosx-11.0-arm64-cpython-311/lxml
2022-12-27T11:13:19.2206550Z   copying src/lxml/pyclasslookup.py -> build/lib.macosx-11.0-arm64-cpython-311/lxml
2022-12-27T11:13:19.2209020Z   copying src/lxml/__init__.py -> build/lib.macosx-11.0-arm64-cpython-311/lxml
2022-12-27T11:13:19.2210950Z   copying src/lxml/builder.py -> build/lib.macosx-11.0-arm64-cpython-311/lxml
2022-12-27T11:13:19.2213280Z   copying src/lxml/doctestcompare.py -> build/lib.macosx-11.0-arm64-cpython-311/lxml
2022-12-27T11:13:19.2215910Z   copying src/lxml/usedoctest.py -> build/lib.macosx-11.0-arm64-cpython-311/lxml
2022-12-27T11:13:19.2217960Z   copying src/lxml/cssselect.py -> build/lib.macosx-11.0-arm64-cpython-311/lxml
2022-12-27T11:13:19.2220820Z   copying src/lxml/ElementInclude.py -> build/lib.macosx-11.0-arm64-cpython-311/lxml
2022-12-27T11:13:19.2224710Z   creating build/lib.macosx-11.0-arm64-cpython-311/lxml/includes
2022-12-27T11:13:19.2226430Z   copying src/lxml/includes/__init__.py -> build/lib.macosx-11.0-arm64-cpython-311/lxml/includes
2022-12-27T11:13:19.2231890Z   creating build/lib.macosx-11.0-arm64-cpython-311/lxml/html
2022-12-27T11:13:19.2233800Z   copying src/lxml/html/soupparser.py -> build/lib.macosx-11.0-arm64-cpython-311/lxml/html
2022-12-27T11:13:19.2235580Z   copying src/lxml/html/defs.py -> build/lib.macosx-11.0-arm64-cpython-311/lxml/html
2022-12-27T11:13:19.2237870Z   copying src/lxml/html/_setmixin.py -> build/lib.macosx-11.0-arm64-cpython-311/lxml/html
2022-12-27T11:13:19.2239950Z   copying src/lxml/html/clean.py -> build/lib.macosx-11.0-arm64-cpython-311/lxml/html
2022-12-27T11:13:19.2243170Z   copying src/lxml/html/_diffcommand.py -> build/lib.macosx-11.0-arm64-cpython-311/lxml/html
2022-12-27T11:13:19.2245610Z   copying src/lxml/html/html5parser.py -> build/lib.macosx-11.0-arm64-cpython-311/lxml/html
2022-12-27T11:13:19.2248290Z   copying src/lxml/html/__init__.py -> build/lib.macosx-11.0-arm64-cpython-311/lxml/html
2022-12-27T11:13:19.2250210Z   copying src/lxml/html/formfill.py -> build/lib.macosx-11.0-arm64-cpython-311/lxml/html
2022-12-27T11:13:19.2252810Z   copying src/lxml/html/builder.py -> build/lib.macosx-11.0-arm64-cpython-311/lxml/html
2022-12-27T11:13:19.2255710Z   copying src/lxml/html/ElementSoup.py -> build/lib.macosx-11.0-arm64-cpython-311/lxml/html
2022-12-27T11:13:19.2257680Z   copying src/lxml/html/_html5builder.py -> build/lib.macosx-11.0-arm64-cpython-311/lxml/html
2022-12-27T11:13:19.2260420Z   copying src/lxml/html/usedoctest.py -> build/lib.macosx-11.0-arm64-cpython-311/lxml/html
2022-12-27T11:13:19.2262380Z   copying src/lxml/html/diff.py -> build/lib.macosx-11.0-arm64-cpython-311/lxml/html
2022-12-27T11:13:19.2266680Z   creating build/lib.macosx-11.0-arm64-cpython-311/lxml/isoschematron
2022-12-27T11:13:19.2268620Z   copying src/lxml/isoschematron/__init__.py -> build/lib.macosx-11.0-arm64-cpython-311/lxml/isoschematron
2022-12-27T11:13:19.2289130Z   copying src/lxml/lxml.etree.h -> build/lib.macosx-11.0-arm64-cpython-311/lxml
2022-12-27T11:13:19.2292450Z   copying src/lxml/lxml.etree_api.h -> build/lib.macosx-11.0-arm64-cpython-311/lxml
2022-12-27T11:13:19.2295940Z   copying src/lxml/includes/xmlerror.pxd -> build/lib.macosx-11.0-arm64-cpython-311/lxml/includes
2022-12-27T11:13:19.2299090Z   copying src/lxml/includes/c14n.pxd -> build/lib.macosx-11.0-arm64-cpython-311/lxml/includes
2022-12-27T11:13:19.2301260Z   copying src/lxml/includes/xmlschema.pxd -> build/lib.macosx-11.0-arm64-cpython-311/lxml/includes
2022-12-27T11:13:19.2304310Z   copying src/lxml/includes/schematron.pxd -> build/lib.macosx-11.0-arm64-cpython-311/lxml/includes
2022-12-27T11:13:19.2307110Z   copying src/lxml/includes/tree.pxd -> build/lib.macosx-11.0-arm64-cpython-311/lxml/includes
2022-12-27T11:13:19.2310530Z   copying src/lxml/includes/uri.pxd -> build/lib.macosx-11.0-arm64-cpython-311/lxml/includes
2022-12-27T11:13:19.2313400Z   copying src/lxml/includes/etreepublic.pxd -> build/lib.macosx-11.0-arm64-cpython-311/lxml/includes
2022-12-27T11:13:19.2317010Z   copying src/lxml/includes/xpath.pxd -> build/lib.macosx-11.0-arm64-cpython-311/lxml/includes
2022-12-27T11:13:19.2319310Z   copying src/lxml/includes/htmlparser.pxd -> build/lib.macosx-11.0-arm64-cpython-311/lxml/includes
2022-12-27T11:13:19.2321980Z   copying src/lxml/includes/xslt.pxd -> build/lib.macosx-11.0-arm64-cpython-311/lxml/includes
2022-12-27T11:13:19.2325290Z   copying src/lxml/includes/config.pxd -> build/lib.macosx-11.0-arm64-cpython-311/lxml/includes
2022-12-27T11:13:19.2328100Z   copying src/lxml/includes/xmlparser.pxd -> build/lib.macosx-11.0-arm64-cpython-311/lxml/includes
2022-12-27T11:13:19.2329900Z   copying src/lxml/includes/xinclude.pxd -> build/lib.macosx-11.0-arm64-cpython-311/lxml/includes
2022-12-27T11:13:19.2333210Z   copying src/lxml/includes/dtdvalid.pxd -> build/lib.macosx-11.0-arm64-cpython-311/lxml/includes
2022-12-27T11:13:19.2335060Z   copying src/lxml/includes/relaxng.pxd -> build/lib.macosx-11.0-arm64-cpython-311/lxml/includes
2022-12-27T11:13:19.2337710Z   copying src/lxml/includes/lxml-version.h -> build/lib.macosx-11.0-arm64-cpython-311/lxml/includes
2022-12-27T11:13:19.2340510Z   copying src/lxml/includes/etree_defs.h -> build/lib.macosx-11.0-arm64-cpython-311/lxml/includes
2022-12-27T11:13:19.2343630Z   creating build/lib.macosx-11.0-arm64-cpython-311/lxml/isoschematron/resources
2022-12-27T11:13:19.2345960Z   creating build/lib.macosx-11.0-arm64-cpython-311/lxml/isoschematron/resources/rng
2022-12-27T11:13:19.2347930Z   copying src/lxml/isoschematron/resources/rng/iso-schematron.rng -> build/lib.macosx-11.0-arm64-cpython-311/lxml/isoschematron/resources/rng
2022-12-27T11:13:19.2349810Z   creating build/lib.macosx-11.0-arm64-cpython-311/lxml/isoschematron/resources/xsl
2022-12-27T11:13:19.2351440Z   copying src/lxml/isoschematron/resources/xsl/XSD2Schtrn.xsl -> build/lib.macosx-11.0-arm64-cpython-311/lxml/isoschematron/resources/xsl
2022-12-27T11:13:19.2353660Z   copying src/lxml/isoschematron/resources/xsl/RNG2Schtrn.xsl -> build/lib.macosx-11.0-arm64-cpython-311/lxml/isoschematron/resources/xsl
2022-12-27T11:13:19.2355910Z   creating build/lib.macosx-11.0-arm64-cpython-311/lxml/isoschematron/resources/xsl/iso-schematron-xslt1
2022-12-27T11:13:19.2357370Z   copying src/lxml/isoschematron/resources/xsl/iso-schematron-xslt1/iso_abstract_expand.xsl -> build/lib.macosx-11.0-arm64-cpython-311/lxml/isoschematron/resources/xsl/iso-schematron-xslt1
2022-12-27T11:13:19.2359760Z   copying src/lxml/isoschematron/resources/xsl/iso-schematron-xslt1/iso_dsdl_include.xsl -> build/lib.macosx-11.0-arm64-cpython-311/lxml/isoschematron/resources/xsl/iso-schematron-xslt1
2022-12-27T11:13:19.2363060Z   copying src/lxml/isoschematron/resources/xsl/iso-schematron-xslt1/iso_schematron_skeleton_for_xslt1.xsl -> build/lib.macosx-11.0-arm64-cpython-311/lxml/isoschematron/resources/xsl/iso-schematron-xslt1
2022-12-27T11:13:19.2366210Z   copying src/lxml/isoschematron/resources/xsl/iso-schematron-xslt1/iso_svrl_for_xslt1.xsl -> build/lib.macosx-11.0-arm64-cpython-311/lxml/isoschematron/resources/xsl/iso-schematron-xslt1
2022-12-27T11:13:19.2368830Z   copying src/lxml/isoschematron/resources/xsl/iso-schematron-xslt1/iso_schematron_message.xsl -> build/lib.macosx-11.0-arm64-cpython-311/lxml/isoschematron/resources/xsl/iso-schematron-xslt1
2022-12-27T11:13:19.2371700Z   copying src/lxml/isoschematron/resources/xsl/iso-schematron-xslt1/readme.txt -> build/lib.macosx-11.0-arm64-cpython-311/lxml/isoschematron/resources/xsl/iso-schematron-xslt1
2022-12-27T11:13:19.2382600Z   running build_ext
2022-12-27T11:13:19.2501140Z   building 'lxml.etree' extension
2022-12-27T11:13:19.2502660Z   creating build/temp.macosx-11.0-arm64-cpython-311
2022-12-27T11:13:19.2504140Z   creating build/temp.macosx-11.0-arm64-cpython-311/src
2022-12-27T11:13:19.2505680Z   creating build/temp.macosx-11.0-arm64-cpython-311/src/lxml
2022-12-27T11:13:19.2508650Z   clang -Wsign-compare -Wunreachable-code -fno-common -dynamic -DNDEBUG -g -fwrapv -O3 -Wall -g -I/usr/local/opt/openssl@3/include -I/usr/local/opt/openssl@3/include -arch arm64 -I/Library/Developer/CommandLineTools/SDKs/MacOSX12.1.sdk/usr/include -I/Users/runner/actions-runner/_work/python.build/python.build/build_lxml302311/lxml-3.0.2/src/lxml/includes -I/private/var/folders/51/hd414ycd67n82196sw51xqtc0000gn/T/cibw-run-7er_01gb/cp311-macosx_arm64/build/venv/include -I/Library/Frameworks/Python.framework/Versions/3.11/include/python3.11 -c src/lxml/lxml.etree.c -o build/temp.macosx-11.0-arm64-cpython-311/src/lxml/lxml.etree.o -flat_namespace
2022-12-27T11:13:19.2665390Z   clang: warning: argument unused during compilation: '-flat_namespace' [-Wunused-command-line-argument]
2022-12-27T11:13:19.3492740Z   src/lxml/lxml.etree.c:3958:20: error: expression is not assignable
2022-12-27T11:13:19.3493890Z           Py_SIZE(L) -= 1;
2022-12-27T11:13:19.3495220Z           ~~~~~~~~~~ ^
2022-12-27T11:13:19.3496640Z   src/lxml/lxml.etree.c:4010:23: error: expression is not assignable
2022-12-27T11:13:19.3497970Z           Py_SIZE(list) = len+1;
2022-12-27T11:13:19.3499700Z           ~~~~~~~~~~~~~ ^
2022-12-27T11:13:19.3902880Z   src/lxml/lxml.etree.c:18916:15: warning: incompatible pointer types passing 'PySliceObject *' to parameter of type 'PyObject *' (aka 'struct _object *') [-Wincompatible-pointer-types]
2022-12-27T11:13:19.3904360Z     __pyx_t_3 = PySlice_GetIndicesEx(((PySliceObject *)__pyx_v_sliceobject), __pyx_v_childcount, (&__pyx_v_start), (&__pyx_v_stop), __pyx_v_c_step, __pyx_v_c_length); if (unlikely(__pyx_t_3 == -1)) {__pyx_filename = __pyx_f[4]; __pyx_lineno = 725; __pyx_clineno = __LINE__; goto __pyx_L1_error;}
2022-12-27T11:13:19.3905350Z                 ^~~~~~~~~~~~~~~~~~~~~~~~~~~~~~~~~~~~~~~~~~~~~~~~~~~~~~~~~~~~~~~~~~~~~~~~~~~~~~~~~~~~~~~~~~~~~~~~~~~~~~~~~~~~~~~~~~~~~~~~~~~~~~~~~~~~~~~~~~~~~~~~~~~~~
2022-12-27T11:13:19.3907350Z   /Library/Frameworks/Python.framework/Versions/3.11/include/python3.11/sliceobject.h:51:20: note: expanded from macro 'PySlice_GetIndicesEx'
2022-12-27T11:13:19.3908390Z       PySlice_Unpack((slice), (start), (stop), (step)) < 0 ?                  \
2022-12-27T11:13:19.3909650Z                      ^~~~~~~
2022-12-27T11:13:19.3911630Z   /Library/Frameworks/Python.framework/Versions/3.11/include/python3.11/sliceobject.h:55:42: note: passing argument to parameter 'slice' here
2022-12-27T11:13:19.3912540Z   PyAPI_FUNC(int) PySlice_Unpack(PyObject *slice,
2022-12-27T11:13:19.3913930Z                                            ^
2022-12-27T11:13:19.4574710Z   src/lxml/lxml.etree.c:40997:33: warning: equality comparison with extraneous parentheses [-Wparentheses-equality]
2022-12-27T11:13:19.4576020Z         if ((__pyx_v_c_ns->prefix == NULL)) {
2022-12-27T11:13:19.4577250Z              ~~~~~~~~~~~~~~~~~~~~~^~~~~~~
2022-12-27T11:13:19.4579490Z   src/lxml/lxml.etree.c:40997:33: note: remove extraneous parentheses around the comparison to silence this warning
2022-12-27T11:13:19.4580640Z         if ((__pyx_v_c_ns->prefix == NULL)) {
2022-12-27T11:13:19.4643770Z             ~                     ^      ~
2022-12-27T11:13:19.4644410Z   src/lxml/lxml.etree.c:40997:33: note: use '=' to turn this equality comparison into an assignment
2022-12-27T11:13:19.4644910Z         if ((__pyx_v_c_ns->prefix == NULL)) {
2022-12-27T11:13:19.4645270Z                                   ^~
2022-12-27T11:13:19.4645480Z                                   =
2022-12-27T11:13:19.4645820Z   src/lxml/lxml.etree.c:41027:33: warning: equality comparison with extraneous parentheses [-Wparentheses-equality]
2022-12-27T11:13:19.4646160Z           if ((__pyx_v_c_ns->href == NULL)) {
2022-12-27T11:13:19.4646340Z                ~~~~~~~~~~~~~~~~~~~^~~~~~~
2022-12-27T11:13:19.4646600Z   src/lxml/lxml.etree.c:41027:33: note: remove extraneous parentheses around the comparison to silence this warning
2022-12-27T11:13:19.4646970Z           if ((__pyx_v_c_ns->href == NULL)) {
2022-12-27T11:13:19.4647190Z               ~                   ^      ~
2022-12-27T11:13:19.4647910Z   src/lxml/lxml.etree.c:41027:33: note: use '=' to turn this equality comparison into an assignment
2022-12-27T11:13:19.4648230Z           if ((__pyx_v_c_ns->href == NULL)) {
2022-12-27T11:13:19.4648630Z                                   ^~
2022-12-27T11:13:19.4648850Z                                   =
2022-12-27T11:13:19.6024160Z   src/lxml/lxml.etree.c:79244:15: warning: 'PyUnicode_GET_DATA_SIZE' is deprecated [-Wdeprecated-declarations]
2022-12-27T11:13:19.6025440Z     __pyx_v_l = PyUnicode_GET_DATA_SIZE(((PyObject *)__pyx_v_utext));
2022-12-27T11:13:19.6026610Z                 ^
2022-12-27T11:13:19.6028500Z   /Library/Frameworks/Python.framework/Versions/3.11/include/python3.11/cpython/unicodeobject.h:676:39: note: expanded from macro 'PyUnicode_GET_DATA_SIZE'
2022-12-27T11:13:19.6029150Z   #  define PyUnicode_GET_DATA_SIZE(op) PyUnicode_GET_DATA_SIZE(_PyObject_CAST(op))
2022-12-27T11:13:19.6030430Z                                         ^
2022-12-27T11:13:19.6031740Z   /Library/Frameworks/Python.framework/Versions/3.11/include/python3.11/cpython/unicodeobject.h:667:1: note: 'PyUnicode_GET_DATA_SIZE' has been explicitly marked deprecated here
2022-12-27T11:13:19.6032960Z   Py_DEPRECATED(3.3)
2022-12-27T11:13:19.6033620Z   ^
2022-12-27T11:13:19.6035350Z   /Library/Frameworks/Python.framework/Versions/3.11/include/python3.11/pyport.h:336:54: note: expanded from macro 'Py_DEPRECATED'
2022-12-27T11:13:19.6036110Z   #define Py_DEPRECATED(VERSION_UNUSED) __attribute__((__deprecated__))
2022-12-27T11:13:19.6037100Z                                                        ^
2022-12-27T11:13:19.6038500Z   src/lxml/lxml.etree.c:79253:20: warning: 'PyUnicode_AS_DATA' is deprecated [-Wdeprecated-declarations]
2022-12-27T11:13:19.6039540Z     __pyx_v_buffer = PyUnicode_AS_DATA(((PyObject *)__pyx_v_utext));
2022-12-27T11:13:19.6040460Z                      ^
2022-12-27T11:13:19.6041920Z   /Library/Frameworks/Python.framework/Versions/3.11/include/python3.11/cpython/unicodeobject.h:712:33: note: expanded from macro 'PyUnicode_AS_DATA'
2022-12-27T11:13:19.6043090Z   #  define PyUnicode_AS_DATA(op) PyUnicode_AS_DATA(_PyObject_CAST(op))
2022-12-27T11:13:19.6043910Z                                   ^
2022-12-27T11:13:19.6045970Z   /Library/Frameworks/Python.framework/Versions/3.11/include/python3.11/cpython/unicodeobject.h:701:1: note: 'PyUnicode_AS_DATA' has been explicitly marked deprecated here
2022-12-27T11:13:19.6046480Z   Py_DEPRECATED(3.3)
2022-12-27T11:13:19.6047430Z   ^
2022-12-27T11:13:19.6048880Z   /Library/Frameworks/Python.framework/Versions/3.11/include/python3.11/pyport.h:336:54: note: expanded from macro 'Py_DEPRECATED'
2022-12-27T11:13:19.6049780Z   #define Py_DEPRECATED(VERSION_UNUSED) __attribute__((__deprecated__))
2022-12-27T11:13:19.6050960Z                                                        ^
2022-12-27T11:13:19.6216890Z   src/lxml/lxml.etree.c:86155:27: warning: 'PyUnicode_GET_DATA_SIZE' is deprecated [-Wdeprecated-declarations]
2022-12-27T11:13:19.6217450Z     __pyx_v_py_buffer_len = PyUnicode_GET_DATA_SIZE(__pyx_v_utext);
2022-12-27T11:13:19.6218790Z                             ^
2022-12-27T11:13:19.6220090Z   /Library/Frameworks/Python.framework/Versions/3.11/include/python3.11/cpython/unicodeobject.h:676:39: note: expanded from macro 'PyUnicode_GET_DATA_SIZE'
2022-12-27T11:13:19.6221280Z   #  define PyUnicode_GET_DATA_SIZE(op) PyUnicode_GET_DATA_SIZE(_PyObject_CAST(op))
2022-12-27T11:13:19.6222130Z                                         ^
2022-12-27T11:13:19.6223660Z   /Library/Frameworks/Python.framework/Versions/3.11/include/python3.11/cpython/unicodeobject.h:667:1: note: 'PyUnicode_GET_DATA_SIZE' has been explicitly marked deprecated here
2022-12-27T11:13:19.6224350Z   Py_DEPRECATED(3.3)
2022-12-27T11:13:19.6225650Z   ^
2022-12-27T11:13:19.6226990Z   /Library/Frameworks/Python.framework/Versions/3.11/include/python3.11/pyport.h:336:54: note: expanded from macro 'Py_DEPRECATED'
2022-12-27T11:13:19.6228120Z   #define Py_DEPRECATED(VERSION_UNUSED) __attribute__((__deprecated__))
2022-12-27T11:13:19.6228950Z                                                        ^
2022-12-27T11:13:19.6230590Z   src/lxml/lxml.etree.c:86273:22: warning: 'PyUnicode_AS_DATA' is deprecated [-Wdeprecated-declarations]
2022-12-27T11:13:19.6231610Z       __pyx_v_c_text = PyUnicode_AS_DATA(__pyx_v_utext);
2022-12-27T11:13:19.6232430Z                        ^
2022-12-27T11:13:19.6233940Z   /Library/Frameworks/Python.framework/Versions/3.11/include/python3.11/cpython/unicodeobject.h:712:33: note: expanded from macro 'PyUnicode_AS_DATA'
2022-12-27T11:13:19.6234790Z   #  define PyUnicode_AS_DATA(op) PyUnicode_AS_DATA(_PyObject_CAST(op))
2022-12-27T11:13:19.6236040Z                                   ^
2022-12-27T11:13:19.6237180Z   /Library/Frameworks/Python.framework/Versions/3.11/include/python3.11/cpython/unicodeobject.h:701:1: note: 'PyUnicode_AS_DATA' has been explicitly marked deprecated here
2022-12-27T11:13:19.6238220Z   Py_DEPRECATED(3.3)
2022-12-27T11:13:19.6239240Z   ^
2022-12-27T11:13:19.6240770Z   /Library/Frameworks/Python.framework/Versions/3.11/include/python3.11/pyport.h:336:54: note: expanded from macro 'Py_DEPRECATED'
2022-12-27T11:13:19.6241620Z   #define Py_DEPRECATED(VERSION_UNUSED) __attribute__((__deprecated__))
2022-12-27T11:13:19.6242580Z                                                        ^
2022-12-27T11:13:19.6262450Z   src/lxml/lxml.etree.c:87568:22: warning: 'PyUnicode_AS_DATA' is deprecated [-Wdeprecated-declarations]
2022-12-27T11:13:19.6263510Z       __pyx_v_c_data = PyUnicode_AS_DATA(__pyx_v_data);
2022-12-27T11:13:19.6265020Z                        ^
2022-12-27T11:13:19.6266780Z   /Library/Frameworks/Python.framework/Versions/3.11/include/python3.11/cpython/unicodeobject.h:712:33: note: expanded from macro 'PyUnicode_AS_DATA'
2022-12-27T11:13:19.6267610Z   #  define PyUnicode_AS_DATA(op) PyUnicode_AS_DATA(_PyObject_CAST(op))
2022-12-27T11:13:19.6268740Z                                   ^
2022-12-27T11:13:19.6270120Z   /Library/Frameworks/Python.framework/Versions/3.11/include/python3.11/cpython/unicodeobject.h:701:1: note: 'PyUnicode_AS_DATA' has been explicitly marked deprecated here
2022-12-27T11:13:19.6270880Z   Py_DEPRECATED(3.3)
2022-12-27T11:13:19.6272130Z   ^
2022-12-27T11:13:19.6273440Z   /Library/Frameworks/Python.framework/Versions/3.11/include/python3.11/pyport.h:336:54: note: expanded from macro 'Py_DEPRECATED'
2022-12-27T11:13:19.6274320Z   #define Py_DEPRECATED(VERSION_UNUSED) __attribute__((__deprecated__))
2022-12-27T11:13:19.6275570Z                                                        ^
2022-12-27T11:13:19.6276640Z   src/lxml/lxml.etree.c:87577:29: warning: 'PyUnicode_GET_DATA_SIZE' is deprecated [-Wdeprecated-declarations]
2022-12-27T11:13:19.6277800Z       __pyx_v_py_buffer_len = PyUnicode_GET_DATA_SIZE(__pyx_v_data);
2022-12-27T11:13:19.6278770Z                               ^
2022-12-27T11:13:19.6280740Z   /Library/Frameworks/Python.framework/Versions/3.11/include/python3.11/cpython/unicodeobject.h:676:39: note: expanded from macro 'PyUnicode_GET_DATA_SIZE'
2022-12-27T11:13:19.6281290Z   #  define PyUnicode_GET_DATA_SIZE(op) PyUnicode_GET_DATA_SIZE(_PyObject_CAST(op))
2022-12-27T11:13:19.6282300Z                                         ^
2022-12-27T11:13:19.6283830Z   /Library/Frameworks/Python.framework/Versions/3.11/include/python3.11/cpython/unicodeobject.h:667:1: note: 'PyUnicode_GET_DATA_SIZE' has been explicitly marked deprecated here
2022-12-27T11:13:19.6284860Z   Py_DEPRECATED(3.3)
2022-12-27T11:13:19.6285730Z   ^
2022-12-27T11:13:19.6287140Z   /Library/Frameworks/Python.framework/Versions/3.11/include/python3.11/pyport.h:336:54: note: expanded from macro 'Py_DEPRECATED'
2022-12-27T11:13:19.6288050Z   #define Py_DEPRECATED(VERSION_UNUSED) __attribute__((__deprecated__))
2022-12-27T11:13:19.6289220Z                                                        ^
2022-12-27T11:13:19.6349140Z   src/lxml/lxml.etree.c:89930:21: warning: 'PyUnicode_GET_DATA_SIZE' is deprecated [-Wdeprecated-declarations]
2022-12-27T11:13:19.6350400Z       __pyx_v_c_len = PyUnicode_GET_DATA_SIZE(__pyx_v_text);
2022-12-27T11:13:19.6351600Z                       ^
2022-12-27T11:13:19.6353600Z   /Library/Frameworks/Python.framework/Versions/3.11/include/python3.11/cpython/unicodeobject.h:676:39: note: expanded from macro 'PyUnicode_GET_DATA_SIZE'
2022-12-27T11:13:19.6354590Z   #  define PyUnicode_GET_DATA_SIZE(op) PyUnicode_GET_DATA_SIZE(_PyObject_CAST(op))
2022-12-27T11:13:19.6355970Z                                         ^
2022-12-27T11:13:19.6357680Z   /Library/Frameworks/Python.framework/Versions/3.11/include/python3.11/cpython/unicodeobject.h:667:1: note: 'PyUnicode_GET_DATA_SIZE' has been explicitly marked deprecated here
2022-12-27T11:13:19.6358440Z   Py_DEPRECATED(3.3)
2022-12-27T11:13:19.6359390Z   ^
2022-12-27T11:13:19.6360860Z   /Library/Frameworks/Python.framework/Versions/3.11/include/python3.11/pyport.h:336:54: note: expanded from macro 'Py_DEPRECATED'
2022-12-27T11:13:19.6361930Z   #define Py_DEPRECATED(VERSION_UNUSED) __attribute__((__deprecated__))
2022-12-27T11:13:19.6362880Z                                                        ^
2022-12-27T11:13:19.6608180Z   src/lxml/lxml.etree.c:99005:126: error: implicit declaration of function 'xmlBufLength' is invalid in C99 [-Werror,-Wimplicit-function-declaration]
2022-12-27T11:13:19.6610010Z         __pyx_t_6 = ((PyObject *)__Pyx_decode_c_string(((char *)((unsigned char *)xmlBufContent(__pyx_v_c_result_buffer))), 0, xmlBufLength(__pyx_v_c_result_buffer), NULL, NULL, PyUnicode_DecodeUTF8)); if (unlikely(!__pyx_t_6)) {__pyx_filename = __pyx_f[6]; __pyx_lineno = 137; __pyx_clineno = __LINE__; goto __pyx_L16;}
2022-12-27T11:13:19.6611880Z                                                                                                                                ^
2022-12-27T11:13:19.6627780Z   src/lxml/lxml.etree.c:99005:126: note: did you mean 'xmlBufferLength'?
2022-12-27T11:13:19.6629170Z   /Library/Developer/CommandLineTools/SDKs/MacOSX12.1.sdk/usr/include/libxml/tree.h:746:3: note: 'xmlBufferLength' declared here
2022-12-27T11:13:19.6630350Z                   xmlBufferLength         (const xmlBuffer *buf);
2022-12-27T11:13:19.6631750Z                   ^
2022-12-27T11:13:19.6633730Z   src/lxml/lxml.etree.c:99020:123: error: implicit declaration of function 'xmlBufLength' is invalid in C99 [-Werror,-Wimplicit-function-declaration]
2022-12-27T11:13:19.6635480Z         __pyx_t_6 = PyBytes_FromStringAndSize(((const char*)((unsigned char *)xmlBufContent(__pyx_v_c_result_buffer))) + 0, xmlBufLength(__pyx_v_c_result_buffer) - 0); if (unlikely(!__pyx_t_6)) {__pyx_filename = __pyx_f[6]; __pyx_lineno = 140; __pyx_clineno = __LINE__; goto __pyx_L16;}
2022-12-27T11:13:19.6636860Z                                                                                                                             ^
2022-12-27T11:13:19.7263990Z   src/lxml/lxml.etree.c:117253:25: warning: equality comparison with extraneous parentheses [-Wparentheses-equality]
2022-12-27T11:13:19.7265970Z     if ((__pyx_v_c_ns_uri == NULL)) {
2022-12-27T11:13:19.7267920Z          ~~~~~~~~~~~~~~~~~^~~~~~~
2022-12-27T11:13:19.7270070Z   src/lxml/lxml.etree.c:117253:25: note: remove extraneous parentheses around the comparison to silence this warning
2022-12-27T11:13:19.7272090Z     if ((__pyx_v_c_ns_uri == NULL)) {
2022-12-27T11:13:19.7274080Z         ~                 ^      ~
2022-12-27T11:13:19.7276390Z   src/lxml/lxml.etree.c:117253:25: note: use '=' to turn this equality comparison into an assignment
2022-12-27T11:13:19.7278260Z     if ((__pyx_v_c_ns_uri == NULL)) {
2022-12-27T11:13:19.7280370Z                           ^~
2022-12-27T11:13:19.7282760Z                           =
2022-12-27T11:13:19.7873610Z   src/lxml/lxml.etree.c:133119:72: warning: incompatible pointer types passing 'struct __pyx_obj_4lxml_5etree__BaseContext *' to parameter of type 'struct __pyx_obj_4lxml_5etree__XSLTContext *' [-Wincompatible-pointer-types]
2022-12-27T11:13:19.7875930Z       __pyx_t_1 = ((PyObject *)__pyx_f_4lxml_5etree_12_XSLTContext__copy(((struct __pyx_obj_4lxml_5etree__BaseContext *)__pyx_v_self->_context))); if (unlikely(!__pyx_t_1)) {__pyx_filename = __pyx_f[2]; __pyx_lineno = 543; __pyx_clineno = __LINE__; goto __pyx_L9;}
2022-12-27T11:13:19.7877700Z                                                                          ^~~~~~~~~~~~~~~~~~~~~~~~~~~~~~~~~~~~~~~~~~~~~~~~~~~~~~~~~~~~~~~~~~~~~~
2022-12-27T11:13:19.7879980Z   src/lxml/lxml.etree.c:131072:138: note: passing argument to parameter '__pyx_v_self' here
2022-12-27T11:13:19.7881720Z   static struct __pyx_obj_4lxml_5etree__BaseContext *__pyx_f_4lxml_5etree_12_XSLTContext__copy(struct __pyx_obj_4lxml_5etree__XSLTContext *__pyx_v_self) {
2022-12-27T11:13:19.7884050Z                                                                                                                                            ^
2022-12-27T11:13:19.7911270Z   src/lxml/lxml.etree.c:134519:70: warning: incompatible pointer types passing 'struct __pyx_obj_4lxml_5etree__BaseContext *' to parameter of type 'struct __pyx_obj_4lxml_5etree__XSLTContext *' [-Wincompatible-pointer-types]
2022-12-27T11:13:19.7913410Z     __pyx_t_1 = ((PyObject *)__pyx_f_4lxml_5etree_12_XSLTContext__copy(((struct __pyx_obj_4lxml_5etree__BaseContext *)__pyx_v_stylesheet->_context))); if (unlikely(!__pyx_t_1)) {__pyx_filename = __pyx_f[2]; __pyx_lineno = 680; __pyx_clineno = __LINE__; goto __pyx_L1_error;}
2022-12-27T11:13:19.7915470Z                                                                        ^~~~~~~~~~~~~~~~~~~~~~~~~~~~~~~~~~~~~~~~~~~~~~~~~~~~~~~~~~~~~~~~~~~~~~~~~~~~
2022-12-27T11:13:19.7917590Z   src/lxml/lxml.etree.c:131072:138: note: passing argument to parameter '__pyx_v_self' here
2022-12-27T11:13:19.7919630Z   static struct __pyx_obj_4lxml_5etree__BaseContext *__pyx_f_4lxml_5etree_12_XSLTContext__copy(struct __pyx_obj_4lxml_5etree__XSLTContext *__pyx_v_self) {
2022-12-27T11:13:19.7922060Z                                                                                                                                            ^
2022-12-27T11:13:19.8044740Z   src/lxml/lxml.etree.c:138645:73: warning: format string is not a string literal (potentially insecure) [-Wformat-security]
2022-12-27T11:13:19.8046920Z             xsltTransformError(__pyx_v_c_ctxt, NULL, __pyx_v_c_inst_node, __pyx_t_23);
2022-12-27T11:13:19.8049070Z                                                                           ^~~~~~~~~~
2022-12-27T11:13:19.8050770Z   src/lxml/lxml.etree.c:138645:73: note: treat the string as an argument to avoid this
2022-12-27T11:13:19.8052420Z             xsltTransformError(__pyx_v_c_ctxt, NULL, __pyx_v_c_inst_node, __pyx_t_23);
2022-12-27T11:13:19.8053920Z                                                                           ^
2022-12-27T11:13:19.8055460Z                                                                           "%s",
2022-12-27T11:13:19.8057680Z   src/lxml/lxml.etree.c:138695:73: warning: format string is not a string literal (potentially insecure) [-Wformat-security]
2022-12-27T11:13:19.8058900Z             xsltTransformError(__pyx_v_c_ctxt, NULL, __pyx_v_c_inst_node, __pyx_t_23);
2022-12-27T11:13:19.8060750Z                                                                           ^~~~~~~~~~
2022-12-27T11:13:19.8062390Z   src/lxml/lxml.etree.c:138695:73: note: treat the string as an argument to avoid this
2022-12-27T11:13:19.8063940Z             xsltTransformError(__pyx_v_c_ctxt, NULL, __pyx_v_c_inst_node, __pyx_t_23);
2022-12-27T11:13:19.8065530Z                                                                           ^
2022-12-27T11:13:19.8067000Z                                                                           "%s",
2022-12-27T11:13:19.8068760Z   src/lxml/lxml.etree.c:138759:69: warning: format string is not a string literal (potentially insecure) [-Wformat-security]
2022-12-27T11:13:19.8070250Z         xsltTransformError(__pyx_v_c_ctxt, NULL, __pyx_v_c_inst_node, __pyx_k_344);
2022-12-27T11:13:19.8072060Z                                                                       ^~~~~~~~~~~
2022-12-27T11:13:19.8073670Z   src/lxml/lxml.etree.c:138759:69: note: treat the string as an argument to avoid this
2022-12-27T11:13:19.8075240Z         xsltTransformError(__pyx_v_c_ctxt, NULL, __pyx_v_c_inst_node, __pyx_k_344);
2022-12-27T11:13:19.8076710Z                                                                       ^
2022-12-27T11:13:19.8078440Z                                                                       "%s",
2022-12-27T11:13:19.8520700Z   src/lxml/lxml.etree.c:152481:5: error: expression is not assignable
2022-12-27T11:13:19.8522390Z       ++Py_REFCNT(o);
2022-12-27T11:13:19.8524260Z       ^ ~~~~~~~~~~~~
2022-12-27T11:13:19.8526440Z   src/lxml/lxml.etree.c:152484:5: error: expression is not assignable
2022-12-27T11:13:19.8528430Z       --Py_REFCNT(o);
2022-12-27T11:13:19.8530140Z       ^ ~~~~~~~~~~~~
2022-12-27T11:13:19.8532120Z   src/lxml/lxml.etree.c:152689:5: error: expression is not assignable
2022-12-27T11:13:19.8533570Z       ++Py_REFCNT(o);
2022-12-27T11:13:19.8535070Z       ^ ~~~~~~~~~~~~
2022-12-27T11:13:19.8536660Z   src/lxml/lxml.etree.c:152692:5: error: expression is not assignable
2022-12-27T11:13:19.8538230Z       --Py_REFCNT(o);
2022-12-27T11:13:19.8539630Z       ^ ~~~~~~~~~~~~
2022-12-27T11:13:19.8654280Z   src/lxml/lxml.etree.c:157416:5: error: expression is not assignable
2022-12-27T11:13:19.8656230Z       ++Py_REFCNT(o);
2022-12-27T11:13:19.8658070Z       ^ ~~~~~~~~~~~~
2022-12-27T11:13:19.8660060Z   src/lxml/lxml.etree.c:157419:5: error: expression is not assignable
2022-12-27T11:13:19.8661950Z       --Py_REFCNT(o);
2022-12-27T11:13:19.8663350Z       ^ ~~~~~~~~~~~~
2022-12-27T11:13:19.8819780Z   src/lxml/lxml.etree.c:165006:5: error: expression is not assignable
2022-12-27T11:13:19.8821570Z       ++Py_REFCNT(o);
2022-12-27T11:13:19.8823280Z       ^ ~~~~~~~~~~~~
2022-12-27T11:13:19.8825030Z   src/lxml/lxml.etree.c:165009:5: error: expression is not assignable
2022-12-27T11:13:19.8826670Z       --Py_REFCNT(o);
2022-12-27T11:13:19.8828060Z       ^ ~~~~~~~~~~~~
2022-12-27T11:13:19.8834650Z   src/lxml/lxml.etree.c:165610:5: error: expression is not assignable
2022-12-27T11:13:19.8836230Z       ++Py_REFCNT(o);
2022-12-27T11:13:19.8837760Z       ^ ~~~~~~~~~~~~
2022-12-27T11:13:19.8839380Z   src/lxml/lxml.etree.c:165613:5: error: expression is not assignable
2022-12-27T11:13:19.8840980Z       --Py_REFCNT(o);
2022-12-27T11:13:19.8842370Z       ^ ~~~~~~~~~~~~
2022-12-27T11:13:19.8846280Z   src/lxml/lxml.etree.c:166023:5: error: expression is not assignable
2022-12-27T11:13:19.8847850Z       ++Py_REFCNT(o);
2022-12-27T11:13:19.8849350Z       ^ ~~~~~~~~~~~~
2022-12-27T11:13:19.8850970Z   src/lxml/lxml.etree.c:166026:5: error: expression is not assignable
2022-12-27T11:13:19.8852580Z       --Py_REFCNT(o);
2022-12-27T11:13:19.8853990Z       ^ ~~~~~~~~~~~~
2022-12-27T11:13:19.8855640Z   src/lxml/lxml.etree.c:166210:5: error: expression is not assignable
2022-12-27T11:13:19.8857120Z       ++Py_REFCNT(o);
2022-12-27T11:13:19.8858620Z       ^ ~~~~~~~~~~~~
2022-12-27T11:13:19.8860410Z   src/lxml/lxml.etree.c:166213:5: error: expression is not assignable
2022-12-27T11:13:19.8861760Z       --Py_REFCNT(o);
2022-12-27T11:13:19.8863150Z       ^ ~~~~~~~~~~~~
2022-12-27T11:13:19.8995490Z   src/lxml/lxml.etree.c:170281:5: error: expression is not assignable
2022-12-27T11:13:19.8997570Z       ++Py_REFCNT(o);
2022-12-27T11:13:19.8999600Z       ^ ~~~~~~~~~~~~
2022-12-27T11:13:19.9001920Z   fatal error: too many errors emitted, stopping now [-ferror-limit=]
2022-12-27T11:13:19.9894400Z   16 warnings and 20 errors generated.
2022-12-27T11:13:19.9939760Z   error: command '/usr/bin/clang' failed with exit code 1
2022-12-27T11:13:20.0317050Z   error: subprocess-exited-with-error
2022-12-27T11:13:20.0317260Z   
2022-12-27T11:13:20.0317530Z   Ã— python setup.py bdist_wheel did not run successfully.
2022-12-27T11:13:20.0317740Z   â”‚ exit code: 1
2022-12-27T11:13:20.0317930Z   â•°â”€> See above for output.
2022-12-27T11:13:20.0318070Z   
2022-12-27T11:13:20.0318290Z   note: This error originates from a subprocess, and is likely not a problem with pip.
2022-12-27T11:13:20.0324670Z   full command: /private/var/folders/51/hd414ycd67n82196sw51xqtc0000gn/T/cibw-run-7er_01gb/cp311-macosx_arm64/build/venv/bin/python -u -c '
2022-12-27T11:13:20.0324940Z   exec(compile('"'"''"'"''"'"'
2022-12-27T11:13:20.0325160Z   # This is <pip-setuptools-caller> -- a caller that pip uses to run setup.py
2022-12-27T11:13:20.0325300Z   #
2022-12-27T11:13:20.0325510Z   # - It imports setuptools before invoking setup.py, to enable projects that directly
2022-12-27T11:13:20.0325730Z   #   import from `distutils.core` to work with newer packaging standards.
2022-12-27T11:13:20.0325970Z   # - It provides a clear error message when setuptools is not installed.
2022-12-27T11:13:20.0326210Z   # - It sets `sys.argv[0]` to the underlying `setup.py`, when invoking `setup.py` so
2022-12-27T11:13:20.0326470Z   #   setuptools doesn'"'"'t think the script is `-c`. This avoids the following warning:
2022-12-27T11:13:20.0326700Z   #     manifest_maker: standard file '"'"'-c'"'"' not found".
2022-12-27T11:13:20.0326920Z   # - It generates a shim setup.py, for handling setup.cfg-only projects.
2022-12-27T11:13:20.0327510Z   import os, sys, tokenize
2022-12-27T11:13:20.0327620Z   
2022-12-27T11:13:20.0327710Z   try:
2022-12-27T11:13:20.0327820Z       import setuptools
2022-12-27T11:13:20.0327940Z   except ImportError as error:
2022-12-27T11:13:20.0328060Z       print(
2022-12-27T11:13:20.0328200Z           "ERROR: Can not execute `setup.py` since setuptools is not available in "
2022-12-27T11:13:20.0328360Z           "the build environment.",
2022-12-27T11:13:20.0328480Z           file=sys.stderr,
2022-12-27T11:13:20.0328580Z       )
2022-12-27T11:13:20.0328680Z       sys.exit(1)
2022-12-27T11:13:20.0328780Z   
2022-12-27T11:13:20.0328870Z   __file__ = %r
2022-12-27T11:13:20.0328980Z   sys.argv[0] = __file__
2022-12-27T11:13:20.0329090Z   
2022-12-27T11:13:20.0329190Z   if os.path.exists(__file__):
2022-12-27T11:13:20.0329310Z       filename = __file__
2022-12-27T11:13:20.0329440Z       with tokenize.open(__file__) as f:
2022-12-27T11:13:20.0329560Z           setup_py_code = f.read()
2022-12-27T11:13:20.0329680Z   else:
2022-12-27T11:13:20.0329860Z       filename = "<auto-generated setuptools caller>"
2022-12-27T11:13:20.0330020Z       setup_py_code = "from setuptools import setup; setup()"
2022-12-27T11:13:20.0330150Z   
2022-12-27T11:13:20.0330270Z   exec(compile(setup_py_code, filename, "exec"))
2022-12-27T11:13:20.0330680Z   '"'"''"'"''"'"' % ('"'"'/Users/runner/actions-runner/_work/python.build/python.build/build_lxml302311/lxml-3.0.2/setup.py'"'"',), "<pip-setuptools-caller>", "exec"))' bdist_wheel -d /private/var/folders/51/hd414ycd67n82196sw51xqtc0000gn/T/pip-wheel-1vnounrb
2022-12-27T11:13:20.0331070Z   cwd: /Users/runner/actions-runner/_work/python.build/python.build/build_lxml302311/lxml-3.0.2/
2022-12-27T11:13:20.0331240Z   ERROR: Failed building wheel for lxml
2022-12-27T11:13:20.0331650Z   Building wheel for lxml (setup.py): finished with status 'error'
2022-12-27T11:13:20.0333510Z   Running setup.py clean for lxml
2022-12-27T11:13:20.0335060Z   Running command python setup.py clean
2022-12-27T11:13:20.2553810Z   Building lxml version 3.0.2.
2022-12-27T11:13:20.2555020Z   Building without Cython.
2022-12-27T11:13:20.2689260Z   Using build configuration of libxslt 1.1.29
2022-12-27T11:13:20.3631670Z   Building against libxml2/libxslt in the following directory: /Library/Developer/CommandLineTools/SDKs/MacOSX12.1.sdk/usr/lib
2022-12-27T11:13:20.3755810Z   running clean
2022-12-27T11:13:20.3783090Z   removing 'build/temp.macosx-11.0-arm64-cpython-311' (and everything under it)
2022-12-27T11:13:20.3786880Z   removing 'build/lib.macosx-11.0-arm64-cpython-311' (and everything under it)
2022-12-27T11:13:20.3835660Z   'build/bdist.macosx-11.0-arm64' does not exist -- can't clean it
2022-12-27T11:13:20.3837000Z   'build/scripts-3.11' does not exist -- can't clean it
2022-12-27T11:13:20.3838400Z   removing 'build'
2022-12-27T11:13:20.4116400Z Failed to build lxml
2022-12-27T11:13:20.4120120Z ERROR: Failed to build one or more wheels
2022-12-27T11:13:20.4132590Z Exception information:
2022-12-27T11:13:20.4132860Z Traceback (most recent call last):
2022-12-27T11:13:20.4141510Z   File "/private/var/folders/51/hd414ycd67n82196sw51xqtc0000gn/T/cibw-run-7er_01gb/cp311-macosx_arm64/build/venv/lib/python3.11/site-packages/pip/_internal/cli/base_command.py", line 160, in exc_logging_wrapper
2022-12-27T11:13:20.4141890Z     status = run_func(*args)
2022-12-27T11:13:20.4142030Z              ^^^^^^^^^^^^^^^
2022-12-27T11:13:20.4142470Z   File "/private/var/folders/51/hd414ycd67n82196sw51xqtc0000gn/T/cibw-run-7er_01gb/cp311-macosx_arm64/build/venv/lib/python3.11/site-packages/pip/_internal/cli/req_command.py", line 247, in wrapper
2022-12-27T11:13:20.4142710Z     return func(self, options, args)
2022-12-27T11:13:20.4142840Z            ^^^^^^^^^^^^^^^^^^^^^^^^^
2022-12-27T11:13:20.4143190Z   File "/private/var/folders/51/hd414ycd67n82196sw51xqtc0000gn/T/cibw-run-7er_01gb/cp311-macosx_arm64/build/venv/lib/python3.11/site-packages/pip/_internal/commands/wheel.py", line 201, in run
2022-12-27T11:13:20.4143450Z     raise CommandError("Failed to build one or more wheels")
2022-12-27T11:13:20.4143980Z pip._internal.exceptions.CommandError: Failed to build one or more wheels
2022-12-27T11:13:20.4144310Z Removed build tracker: '/private/var/folders/51/hd414ycd67n82196sw51xqtc0000gn/T/pip-build-tracker-vz99x8o8'
2022-12-27T11:13:20.4554160Z ##[endgroup]
2022-12-27T11:13:20.4578450Z ##[error]Command ['python', '-m', 'pip', 'wheel', '/Users/runner/actions-runner/_work/python.build/python.build/build_lxml302311/lxml-3.0.2', '--wheel-dir=/private/var/folders/51/hd414ycd67n82196sw51xqtc0000gn/T/cibw-run-7er_01gb/cp311-macosx_arm64/built_wheel', '--no-deps', '-vvv'] failed with code 1. None
2022-12-27T11:13:20.4585020Z 
2022-12-27T11:13:20.4585420Z                                                               [31mâœ• [0m2.30s
2022-12-27T11:13:20.5047300Z ##[error]Process completed with exit code 1.
2022-12-27T11:13:20.5078390Z ##[group]Run rm -rf build_lxml302311 wheelsout
2022-12-27T11:13:20.5078590Z [36;1mrm -rf build_lxml302311 wheelsout[0m
2022-12-27T11:13:20.5094940Z shell: /bin/bash -e {0}
2022-12-27T11:13:20.5095050Z env:
2022-12-27T11:13:20.5095210Z   pythonLocation: /Users/runner/hostedtoolcache/Python/3.11.1/x64
2022-12-27T11:13:20.5095410Z   PKG_CONFIG_PATH: /Users/runner/hostedtoolcache/Python/3.11.1/x64/lib/pkgconfig
2022-12-27T11:13:20.5095600Z   Python_ROOT_DIR: /Users/runner/hostedtoolcache/Python/3.11.1/x64
2022-12-27T11:13:20.5095770Z   Python2_ROOT_DIR: /Users/runner/hostedtoolcache/Python/3.11.1/x64
2022-12-27T11:13:20.5095940Z   Python3_ROOT_DIR: /Users/runner/hostedtoolcache/Python/3.11.1/x64
2022-12-27T11:13:20.5096080Z ##[endgroup]
2022-12-27T11:13:20.5461340Z Cleaning up orphan processes
