2022-12-27T08:55:27.3983606Z Requested labels: self-hosted, macOS, X64
2022-12-27T08:55:27.3983716Z Job defined at: kilnbuild/python.build/.github/workflows/mac_arm_build.yml@refs/heads/main
2022-12-27T08:55:27.3983755Z Waiting for a runner to pick up this job...
2022-12-27T11:33:09.6566536Z Job is about to start running on the runner: kr2 (organization)
2022-12-27T11:33:15.0013290Z Current runner version: '2.300.2'
2022-12-27T11:33:15.0022410Z Runner name: 'kr2'
2022-12-27T11:33:15.0022860Z Runner group name: 'Default'
2022-12-27T11:33:15.0023830Z Machine name: 'kr2'
2022-12-27T11:33:15.0026680Z ##[group]GITHUB_TOKEN Permissions
2022-12-27T11:33:15.0027470Z Actions: write
2022-12-27T11:33:15.0027750Z Checks: write
2022-12-27T11:33:15.0028020Z Contents: write
2022-12-27T11:33:15.0028300Z Deployments: write
2022-12-27T11:33:15.0028580Z Discussions: write
2022-12-27T11:33:15.0028860Z Issues: write
2022-12-27T11:33:15.0029110Z Metadata: read
2022-12-27T11:33:15.0029390Z Packages: write
2022-12-27T11:33:15.0029660Z Pages: write
2022-12-27T11:33:15.0029930Z PullRequests: write
2022-12-27T11:33:15.0030270Z RepositoryProjects: write
2022-12-27T11:33:15.0030580Z SecurityEvents: write
2022-12-27T11:33:15.0030850Z Statuses: write
2022-12-27T11:33:15.0031130Z ##[endgroup]
2022-12-27T11:33:15.0036150Z Secret source: Actions
2022-12-27T11:33:15.0036730Z Prepare workflow directory
2022-12-27T11:33:15.1258900Z Prepare all required actions
2022-12-27T11:33:15.1461010Z Getting action download info
2022-12-27T11:33:15.5847080Z Download action repository 'actions/setup-python@v4' (SHA:5ccb29d8773c3f3f653e1705f474dfaa8a06a912)
2022-12-27T11:33:18.0960280Z Download action repository 'actions/upload-artifact@v3' (SHA:83fd05a356d7e2593de66fc9913b3002723633cb)
2022-12-27T11:33:19.5502210Z ##[group]Run echo '{
2022-12-27T11:33:19.5502810Z [36;1mecho '{[0m
2022-12-27T11:33:19.5503050Z [36;1m  "package_name": "lxml",[0m
2022-12-27T11:33:19.5503540Z [36;1m  "package_url": "https://files.pythonhosted.org/packages/f2/f2/a62e14ec2dfa33aca2e350fe0bac47a3b654e03bf07dedf15652d5d52a86/lxml-2.3beta1.tar.gz",[0m
2022-12-27T11:33:19.5504010Z [36;1m  "package_version": "2.3beta1",[0m
2022-12-27T11:33:19.5504450Z [36;1m  "python_version": "3.8",[0m
2022-12-27T11:33:19.5504790Z [36;1m  "use_ccache": "true"[0m
2022-12-27T11:33:19.5505030Z [36;1m}'[0m
2022-12-27T11:33:19.5532890Z shell: /bin/bash -e {0}
2022-12-27T11:33:19.5533130Z ##[endgroup]
2022-12-27T11:33:19.5939170Z {
2022-12-27T11:33:19.5942650Z   "package_name": "lxml",
2022-12-27T11:33:19.5943970Z   "package_url": "https://files.pythonhosted.org/packages/f2/f2/a62e14ec2dfa33aca2e350fe0bac47a3b654e03bf07dedf15652d5d52a86/lxml-2.3beta1.tar.gz",
2022-12-27T11:33:19.5944560Z   "package_version": "2.3beta1",
2022-12-27T11:33:19.5945140Z   "python_version": "3.8",
2022-12-27T11:33:19.5945470Z   "use_ccache": "true"
2022-12-27T11:33:19.5945840Z }
2022-12-27T11:33:19.6322260Z ##[group]Run actions/setup-python@v4
2022-12-27T11:33:19.6322850Z with:
2022-12-27T11:33:19.6323180Z   python-version: 3.8
2022-12-27T11:33:19.6323440Z   check-latest: false
2022-12-27T11:33:19.6323950Z   token: ***
2022-12-27T11:33:19.6324270Z   update-environment: true
2022-12-27T11:33:19.6324640Z ##[endgroup]
2022-12-27T11:33:19.8536070Z ##[group]Installed versions
2022-12-27T11:33:19.8599400Z Successfully set up CPython (3.8.15)
2022-12-27T11:33:19.8603320Z ##[endgroup]
2022-12-27T11:33:19.8851340Z ##[group]Run if [ "true" == "true" ]
2022-12-27T11:33:19.8851810Z [36;1mif [ "true" == "true" ][0m
2022-12-27T11:33:19.8852080Z [36;1mthen[0m
2022-12-27T11:33:19.8852600Z [36;1m  echo "CCACHE_PATH_PREPEND=/usr/local/opt/ccache/libexec" >> $GITHUB_OUTPUT[0m
2022-12-27T11:33:19.8853000Z [36;1melse[0m
2022-12-27T11:33:19.8853300Z [36;1m  echo "CCACHE_PATH_PREPEND=" >> $GITHUB_OUTPUT[0m
2022-12-27T11:33:19.8853670Z [36;1mfi[0m
2022-12-27T11:33:19.8881690Z shell: /bin/bash -e {0}
2022-12-27T11:33:19.8881970Z env:
2022-12-27T11:33:19.8882350Z   pythonLocation: /Users/runner/hostedtoolcache/Python/3.8.15/x64
2022-12-27T11:33:19.8882880Z   PKG_CONFIG_PATH: /Users/runner/hostedtoolcache/Python/3.8.15/x64/lib/pkgconfig
2022-12-27T11:33:19.8883460Z   Python_ROOT_DIR: /Users/runner/hostedtoolcache/Python/3.8.15/x64
2022-12-27T11:33:19.8883830Z   Python2_ROOT_DIR: /Users/runner/hostedtoolcache/Python/3.8.15/x64
2022-12-27T11:33:19.8884430Z   Python3_ROOT_DIR: /Users/runner/hostedtoolcache/Python/3.8.15/x64
2022-12-27T11:33:19.8885240Z ##[endgroup]
2022-12-27T11:33:19.9169800Z ##[group]Run echo "BUILD_NAME=$(echo lxml_2.3beta1_3.8 | tr -dc '[:alnum:]\n\r' | tr '[:upper:]' '[:lower:]')" >> $GITHUB_OUTPUT
2022-12-27T11:33:19.9170330Z [36;1mecho "BUILD_NAME=$(echo lxml_2.3beta1_3.8 | tr -dc '[:alnum:]\n\r' | tr '[:upper:]' '[:lower:]')" >> $GITHUB_OUTPUT[0m
2022-12-27T11:33:19.9196540Z shell: /bin/bash -e {0}
2022-12-27T11:33:19.9196710Z env:
2022-12-27T11:33:19.9196930Z   pythonLocation: /Users/runner/hostedtoolcache/Python/3.8.15/x64
2022-12-27T11:33:19.9197350Z   PKG_CONFIG_PATH: /Users/runner/hostedtoolcache/Python/3.8.15/x64/lib/pkgconfig
2022-12-27T11:33:19.9197660Z   Python_ROOT_DIR: /Users/runner/hostedtoolcache/Python/3.8.15/x64
2022-12-27T11:33:19.9197960Z   Python2_ROOT_DIR: /Users/runner/hostedtoolcache/Python/3.8.15/x64
2022-12-27T11:33:19.9198240Z   Python3_ROOT_DIR: /Users/runner/hostedtoolcache/Python/3.8.15/x64
2022-12-27T11:33:19.9198460Z ##[endgroup]
2022-12-27T11:33:19.9411310Z ##[group]Run echo "PYTHON_NO_DOTS=$(echo 3.8 | tr -dc '[:alnum:]\n\r' | tr '[:upper:]' '[:lower:]')" >> $GITHUB_OUTPUT
2022-12-27T11:33:19.9411920Z [36;1mecho "PYTHON_NO_DOTS=$(echo 3.8 | tr -dc '[:alnum:]\n\r' | tr '[:upper:]' '[:lower:]')" >> $GITHUB_OUTPUT[0m
2022-12-27T11:33:19.9438820Z shell: /bin/bash -e {0}
2022-12-27T11:33:19.9439130Z env:
2022-12-27T11:33:19.9439560Z   pythonLocation: /Users/runner/hostedtoolcache/Python/3.8.15/x64
2022-12-27T11:33:19.9439940Z   PKG_CONFIG_PATH: /Users/runner/hostedtoolcache/Python/3.8.15/x64/lib/pkgconfig
2022-12-27T11:33:19.9440380Z   Python_ROOT_DIR: /Users/runner/hostedtoolcache/Python/3.8.15/x64
2022-12-27T11:33:19.9440790Z   Python2_ROOT_DIR: /Users/runner/hostedtoolcache/Python/3.8.15/x64
2022-12-27T11:33:19.9442160Z   Python3_ROOT_DIR: /Users/runner/hostedtoolcache/Python/3.8.15/x64
2022-12-27T11:33:19.9442580Z ##[endgroup]
2022-12-27T11:33:19.9687300Z ##[group]Run rm -rf build_lxml23beta138
2022-12-27T11:33:19.9688070Z [36;1mrm -rf build_lxml23beta138[0m
2022-12-27T11:33:19.9688460Z [36;1mmkdir build_lxml23beta138[0m
2022-12-27T11:33:19.9688830Z [36;1mcd build_lxml23beta138[0m
2022-12-27T11:33:19.9689410Z [36;1m/usr/local/bin/wget --quiet https://files.pythonhosted.org/packages/f2/f2/a62e14ec2dfa33aca2e350fe0bac47a3b654e03bf07dedf15652d5d52a86/lxml-2.3beta1.tar.gz[0m
2022-12-27T11:33:19.9690070Z [36;1mtar xf *.tar.gz[0m
2022-12-27T11:33:19.9690340Z [36;1mcd *[0m
2022-12-27T11:33:19.9690710Z [36;1mpython -m pip install cibuildwheel==2.11.3[0m
2022-12-27T11:33:19.9691150Z [36;1mpython -m cibuildwheel --output-dir ../wheelsout[0m
2022-12-27T11:33:19.9720520Z shell: /bin/bash -e {0}
2022-12-27T11:33:19.9720880Z env:
2022-12-27T11:33:19.9721290Z   pythonLocation: /Users/runner/hostedtoolcache/Python/3.8.15/x64
2022-12-27T11:33:19.9721810Z   PKG_CONFIG_PATH: /Users/runner/hostedtoolcache/Python/3.8.15/x64/lib/pkgconfig
2022-12-27T11:33:19.9722410Z   Python_ROOT_DIR: /Users/runner/hostedtoolcache/Python/3.8.15/x64
2022-12-27T11:33:19.9723100Z   Python2_ROOT_DIR: /Users/runner/hostedtoolcache/Python/3.8.15/x64
2022-12-27T11:33:19.9723580Z   Python3_ROOT_DIR: /Users/runner/hostedtoolcache/Python/3.8.15/x64
2022-12-27T11:33:19.9723920Z   CIBW_ARCHS_MACOS: arm64
2022-12-27T11:33:19.9724350Z   CIBW_TEST_SKIP: *_arm64
2022-12-27T11:33:19.9724710Z   CIBW_BUILD: cp38-macosx_arm64
2022-12-27T11:33:19.9725010Z   CIBW_BUILD_FRONTEND: pip
2022-12-27T11:33:19.9725360Z   CIBW_BUILD_VERBOSITY: 3
2022-12-27T11:33:19.9725980Z   CIBW_ENVIRONMENT_MACOS:  CFLAGS="-I/usr/local/opt/openssl@3/include" LDFLAGS="-L/usr/local/opt/openssl@3/lib" CPPFLAGS="-I/usr/local/opt/openssl@3/include" MAKEFLAGS="-j$(sysctl -n hw.logicalcpu)" PATH=/usr/local/opt/ccache/libexec:$PATH
2022-12-27T11:33:19.9726760Z   CIBW_BEFORE_BUILD: pip install Cython; if [[ -f requirements.txt ]]; then pip install -r requirements.txt; fi
2022-12-27T11:33:19.9727180Z   MAKEFLAGS: -j$(sysctl -n hw.logicalcpu)
2022-12-27T11:33:19.9727540Z ##[endgroup]
2022-12-27T11:33:20.7704770Z Requirement already satisfied: cibuildwheel==2.11.3 in /Users/runner/hostedtoolcache/Python/3.8.15/x64/lib/python3.8/site-packages (2.11.3)
2022-12-27T11:33:20.8313350Z Requirement already satisfied: certifi in /Users/runner/hostedtoolcache/Python/3.8.15/x64/lib/python3.8/site-packages (from cibuildwheel==2.11.3) (2022.12.7)
2022-12-27T11:33:20.8320130Z Requirement already satisfied: tomli in /Users/runner/hostedtoolcache/Python/3.8.15/x64/lib/python3.8/site-packages (from cibuildwheel==2.11.3) (2.0.1)
2022-12-27T11:33:20.8324740Z Requirement already satisfied: bracex in /Users/runner/hostedtoolcache/Python/3.8.15/x64/lib/python3.8/site-packages (from cibuildwheel==2.11.3) (2.3.post1)
2022-12-27T11:33:20.8329960Z Requirement already satisfied: platformdirs in /Users/runner/hostedtoolcache/Python/3.8.15/x64/lib/python3.8/site-packages (from cibuildwheel==2.11.3) (2.6.0)
2022-12-27T11:33:20.8337860Z Requirement already satisfied: bashlex!=0.13 in /Users/runner/hostedtoolcache/Python/3.8.15/x64/lib/python3.8/site-packages (from cibuildwheel==2.11.3) (0.16)
2022-12-27T11:33:20.8342440Z Requirement already satisfied: filelock in /Users/runner/hostedtoolcache/Python/3.8.15/x64/lib/python3.8/site-packages (from cibuildwheel==2.11.3) (3.8.2)
2022-12-27T11:33:20.8359180Z Requirement already satisfied: typing-extensions>=4.1.0 in /Users/runner/hostedtoolcache/Python/3.8.15/x64/lib/python3.8/site-packages (from cibuildwheel==2.11.3) (4.4.0)
2022-12-27T11:33:20.8365770Z Requirement already satisfied: packaging>=20.9 in /Users/runner/hostedtoolcache/Python/3.8.15/x64/lib/python3.8/site-packages (from cibuildwheel==2.11.3) (22.0)
2022-12-27T11:33:21.1294400Z 
2022-12-27T11:33:21.1295110Z      _ _       _ _   _       _           _
2022-12-27T11:33:21.1296240Z  ___|_| |_ _ _|_| |_| |_ _ _| |_ ___ ___| |
2022-12-27T11:33:21.1298210Z |  _| | . | | | | | . | | | |   | -_| -_| |
2022-12-27T11:33:21.1300180Z |___|_|___|___|_|_|___|_____|_|_|___|___|_|
2022-12-27T11:33:21.1300650Z 
2022-12-27T11:33:21.1300960Z cibuildwheel version 2.11.3
2022-12-27T11:33:21.1301340Z 
2022-12-27T11:33:21.1301630Z Build options:
2022-12-27T11:33:21.1302110Z   platform: macos
2022-12-27T11:33:21.1469310Z   architectures: arm64[0m
2022-12-27T11:33:21.1471290Z   build_selector: 
2022-12-27T11:33:21.1472430Z     build_config: cp38-macosx_arm64
2022-12-27T11:33:21.1473420Z     skip_config: 
2022-12-27T11:33:21.1473960Z     requires_python: None
2022-12-27T11:33:21.1475950Z     prerelease_pythons: False[0m
2022-12-27T11:33:21.1476620Z   [38;5;244mcontainer_engine: docker[0m
2022-12-27T11:33:21.1477190Z   output_dir: /Users/runner/actions-runner/_work/python.build/python.build/build_lxml23beta138/wheelsout[0m
2022-12-27T11:33:21.1477890Z   package_dir: /Users/runner/actions-runner/_work/python.build/python.build/build_lxml23beta138/lxml-2.3beta1[0m
2022-12-27T11:33:21.1478750Z   test_selector: 
2022-12-27T11:33:21.1479140Z     skip_config: *_arm64[0m
2022-12-27T11:33:21.1479570Z   [38;5;244mbefore_all: [0m
2022-12-27T11:33:21.1480140Z   before_build: pip install Cython; if [[ -f requirements.txt ]]; then pip install -r requirements.txt; fi[0m
2022-12-27T11:33:21.1480660Z   [38;5;244mbefore_test: [0m
2022-12-27T11:33:21.1481200Z   [38;5;244mbuild_frontend: pip[0m
2022-12-27T11:33:21.1481630Z   build_verbosity: 3[0m
2022-12-27T11:33:21.1482080Z   [38;5;244mconfig_settings: [0m
2022-12-27T11:33:21.1482480Z   [38;5;244mdependency_constraints: pinned[0m
2022-12-27T11:33:21.1483180Z   environment: 
2022-12-27T11:33:21.1483810Z     CFLAGS="-I/usr/local/opt/openssl@3/include"
2022-12-27T11:33:21.1484210Z     LDFLAGS="-L/usr/local/opt/openssl@3/lib"
2022-12-27T11:33:21.1484670Z     CPPFLAGS="-I/usr/local/opt/openssl@3/include"
2022-12-27T11:33:21.1485140Z     MAKEFLAGS="-j$(sysctl -n hw.logicalcpu)"
2022-12-27T11:33:21.1485550Z     PATH=/usr/local/opt/ccache/libexec:$PATH[0m
2022-12-27T11:33:21.1486210Z   [38;5;244mmanylinux_images: None[0m
2022-12-27T11:33:21.1486680Z   [38;5;244mmusllinux_images: None[0m
2022-12-27T11:33:21.1487260Z   [38;5;244mrepair_command: delocate-wheel --require-archs {delocate_archs} -w {dest_dir} -v {wheel}[0m
2022-12-27T11:33:21.1488310Z   [38;5;244mtest_command: [0m
2022-12-27T11:33:21.1488880Z   [38;5;244mtest_extras: [0m
2022-12-27T11:33:21.1489310Z   [38;5;244mtest_requires: [0m
2022-12-27T11:33:21.1489510Z 
2022-12-27T11:33:21.1489650Z Cache folder: /Users/runner/Library/Caches/cibuildwheel
2022-12-27T11:33:21.1496650Z 
2022-12-27T11:33:21.1497810Z Here we go!
2022-12-27T11:33:21.1498130Z 
2022-12-27T11:33:21.1594560Z 
2022-12-27T11:33:21.1595860Z [1m[34mBuilding cp38-macosx_arm64 wheel[0m
2022-12-27T11:33:21.1596870Z CPython 3.8 macOS arm64 - Apple Silicon
2022-12-27T11:33:21.1597470Z 
2022-12-27T11:33:21.1601220Z ##[group]Installing Python cp38...
2022-12-27T11:33:21.1601560Z 
2022-12-27T11:33:21.1602260Z + pkgutil --pkgs
2022-12-27T11:33:21.1785180Z ##[endgroup]
2022-12-27T11:33:21.1788020Z                                                               [32mâœ“ [0m0.02s
2022-12-27T11:33:21.1788670Z ##[group]Setting up build environment...
2022-12-27T11:33:21.1789210Z 
2022-12-27T11:33:21.1822520Z + /Users/runner/hostedtoolcache/Python/3.8.15/x64/bin/python -sS /Users/runner/Library/Caches/cibuildwheel/virtualenv-20.17.0.pyz --activators= --no-periodic-update --pip=22.3.1 --setuptools=65.6.3 --wheel=0.38.4 --symlink-app-data --python /Library/Frameworks/Python.framework/Versions/3.8/bin/python3 /private/var/folders/51/hd414ycd67n82196sw51xqtc0000gn/T/cibw-run-psaetxrt/cp38-macosx_arm64/build/venv
2022-12-27T11:33:21.4772680Z created virtual environment CPython3.8.10.final.0-64 in 75ms
2022-12-27T11:33:21.4773530Z   creator CPython3Posix(dest=/private/var/folders/51/hd414ycd67n82196sw51xqtc0000gn/T/cibw-run-psaetxrt/cp38-macosx_arm64/build/venv, clear=False, no_vcs_ignore=False, global=False)
2022-12-27T11:33:21.4774980Z   seeder FromAppData(download=False, pip=22.3.1, setuptools=65.6.3, wheel=0.38.4, via=symlink, app_data_dir=/Users/runner/Library/Application Support/virtualenv)
2022-12-27T11:33:21.4775560Z     added seed packages: pip==22.3.1, setuptools==65.6.3, wheel==0.38.4
2022-12-27T11:33:21.4982120Z + python -m pip install --upgrade pip -c /Users/runner/hostedtoolcache/Python/3.8.15/x64/lib/python3.8/site-packages/cibuildwheel/resources/constraints-python38.txt
2022-12-27T11:33:22.0171090Z Requirement already satisfied: pip in ./lib/python3.8/site-packages (22.3.1)
2022-12-27T11:33:22.2845480Z + which pip
2022-12-27T11:33:22.2883780Z /private/var/folders/51/hd414ycd67n82196sw51xqtc0000gn/T/cibw-run-psaetxrt/cp38-macosx_arm64/build/venv/bin/pip
2022-12-27T11:33:22.2891420Z + pip --version
2022-12-27T11:33:22.6725050Z pip 22.3.1 from /private/var/folders/51/hd414ycd67n82196sw51xqtc0000gn/T/cibw-run-psaetxrt/cp38-macosx_arm64/build/venv/lib/python3.8/site-packages/pip (python 3.8)
2022-12-27T11:33:22.7174520Z + which pip
2022-12-27T11:33:22.7229020Z + which python
2022-12-27T11:33:22.7267150Z /private/var/folders/51/hd414ycd67n82196sw51xqtc0000gn/T/cibw-run-psaetxrt/cp38-macosx_arm64/build/venv/bin/python
2022-12-27T11:33:22.7271200Z + python --version
2022-12-27T11:33:22.7362710Z Python 3.8.10
2022-12-27T11:33:22.7369310Z + which python
2022-12-27T11:33:22.7486270Z ##[endgroup]
2022-12-27T11:33:22.7487180Z                                                               [32mâœ“ [0m1.57s
2022-12-27T11:33:22.7487990Z ##[group]Installing build tools...
2022-12-27T11:33:22.7488250Z 
2022-12-27T11:33:22.7489020Z + pip install --upgrade setuptools wheel delocate -c /Users/runner/hostedtoolcache/Python/3.8.15/x64/lib/python3.8/site-packages/cibuildwheel/resources/constraints-python38.txt
2022-12-27T11:33:23.2504130Z Requirement already satisfied: setuptools in /private/var/folders/51/hd414ycd67n82196sw51xqtc0000gn/T/cibw-run-psaetxrt/cp38-macosx_arm64/build/venv/lib/python3.8/site-packages (65.6.3)
2022-12-27T11:33:23.6622670Z Requirement already satisfied: wheel in /private/var/folders/51/hd414ycd67n82196sw51xqtc0000gn/T/cibw-run-psaetxrt/cp38-macosx_arm64/build/venv/lib/python3.8/site-packages (0.38.4)
2022-12-27T11:33:23.7468300Z Collecting delocate
2022-12-27T11:33:23.7527190Z   Using cached delocate-0.10.3-py3-none-any.whl (142 kB)
2022-12-27T11:33:23.8096240Z Collecting packaging>=20.9
2022-12-27T11:33:23.8140610Z   Using cached packaging-21.3-py3-none-any.whl (40 kB)
2022-12-27T11:33:23.8455310Z Collecting typing-extensions
2022-12-27T11:33:23.8496350Z   Using cached typing_extensions-4.4.0-py3-none-any.whl (26 kB)
2022-12-27T11:33:23.9177680Z Collecting pyparsing!=3.0.5,>=2.0.2
2022-12-27T11:33:23.9227930Z   Using cached pyparsing-3.0.9-py3-none-any.whl (98 kB)
2022-12-27T11:33:23.9906990Z Installing collected packages: typing-extensions, pyparsing, packaging, delocate
2022-12-27T11:33:24.2187330Z Successfully installed delocate-0.10.3 packaging-21.3 pyparsing-3.0.9 typing-extensions-4.4.0
2022-12-27T11:33:24.3171610Z ##[endgroup]
2022-12-27T11:33:24.3172880Z                                                               [32mâœ“ [0m1.57s
2022-12-27T11:33:24.3173440Z ##[group]Running before_build...
2022-12-27T11:33:24.3173650Z 
2022-12-27T11:33:24.3184550Z + pip install Cython; if [[ -f requirements.txt ]]; then pip install -r requirements.txt; fi
2022-12-27T11:33:25.5537930Z Collecting Cython
2022-12-27T11:33:25.5692900Z   Using cached Cython-0.29.32-py2.py3-none-any.whl (986 kB)
2022-12-27T11:33:25.6483300Z Installing collected packages: Cython
2022-12-27T11:33:26.3823290Z Successfully installed Cython-0.29.32
2022-12-27T11:33:26.4725830Z ##[endgroup]
2022-12-27T11:33:26.4727220Z                                                               [32mâœ“ [0m2.16s
2022-12-27T11:33:26.4727890Z ##[group]Building wheel...
2022-12-27T11:33:26.4728150Z 
2022-12-27T11:33:26.4738580Z + python -m pip wheel /Users/runner/actions-runner/_work/python.build/python.build/build_lxml23beta138/lxml-2.3beta1 --wheel-dir=/private/var/folders/51/hd414ycd67n82196sw51xqtc0000gn/T/cibw-run-psaetxrt/cp38-macosx_arm64/built_wheel --no-deps -vvv
2022-12-27T11:33:26.9781790Z Created temporary directory: /private/var/folders/51/hd414ycd67n82196sw51xqtc0000gn/T/pip-ephem-wheel-cache-j73fma0r
2022-12-27T11:33:26.9786440Z Created temporary directory: /private/var/folders/51/hd414ycd67n82196sw51xqtc0000gn/T/pip-build-tracker-ot7hy6g7
2022-12-27T11:33:26.9789910Z Initialized build tracking at /private/var/folders/51/hd414ycd67n82196sw51xqtc0000gn/T/pip-build-tracker-ot7hy6g7
2022-12-27T11:33:26.9792240Z Created build tracker: /private/var/folders/51/hd414ycd67n82196sw51xqtc0000gn/T/pip-build-tracker-ot7hy6g7
2022-12-27T11:33:26.9794970Z Entered build tracker: /private/var/folders/51/hd414ycd67n82196sw51xqtc0000gn/T/pip-build-tracker-ot7hy6g7
2022-12-27T11:33:26.9800920Z Created temporary directory: /private/var/folders/51/hd414ycd67n82196sw51xqtc0000gn/T/pip-wheel-tfo4zf7v
2022-12-27T11:33:26.9811320Z Created temporary directory: /private/var/folders/51/hd414ycd67n82196sw51xqtc0000gn/T/pip-ephem-wheel-cache-vmxncdum
2022-12-27T11:33:26.9949290Z Processing /Users/runner/actions-runner/_work/python.build/python.build/build_lxml23beta138/lxml-2.3beta1
2022-12-27T11:33:26.9958630Z   Added file:///Users/runner/actions-runner/_work/python.build/python.build/build_lxml23beta138/lxml-2.3beta1 to build tracker '/private/var/folders/51/hd414ycd67n82196sw51xqtc0000gn/T/pip-build-tracker-ot7hy6g7'
2022-12-27T11:33:26.9966960Z   Running setup.py (path:/Users/runner/actions-runner/_work/python.build/python.build/build_lxml23beta138/lxml-2.3beta1/setup.py) egg_info for package from file:///Users/runner/actions-runner/_work/python.build/python.build/build_lxml23beta138/lxml-2.3beta1
2022-12-27T11:33:26.9969810Z   Created temporary directory: /private/var/folders/51/hd414ycd67n82196sw51xqtc0000gn/T/pip-pip-egg-info-f7ohdbn9
2022-12-27T11:33:26.9972840Z   Preparing metadata (setup.py): started
2022-12-27T11:33:26.9976360Z   Running command python setup.py egg_info
2022-12-27T11:33:27.7221430Z   Building lxml version 2.3.beta1.
2022-12-27T11:33:27.7222320Z   Building with Cython 0.29.32.
2022-12-27T11:33:27.7223060Z   Using build configuration of libxslt 1.1.29
2022-12-27T11:33:27.7226740Z   Building against libxml2/libxslt in the following directory: /Library/Developer/CommandLineTools/SDKs/MacOSX12.1.sdk/usr/lib
2022-12-27T11:33:27.7229450Z   running egg_info
2022-12-27T11:33:27.7233950Z   creating /private/var/folders/51/hd414ycd67n82196sw51xqtc0000gn/T/pip-pip-egg-info-f7ohdbn9/lxml.egg-info
2022-12-27T11:33:27.7236600Z   writing /private/var/folders/51/hd414ycd67n82196sw51xqtc0000gn/T/pip-pip-egg-info-f7ohdbn9/lxml.egg-info/PKG-INFO
2022-12-27T11:33:27.7242970Z   writing dependency_links to /private/var/folders/51/hd414ycd67n82196sw51xqtc0000gn/T/pip-pip-egg-info-f7ohdbn9/lxml.egg-info/dependency_links.txt
2022-12-27T11:33:27.7251920Z   writing top-level names to /private/var/folders/51/hd414ycd67n82196sw51xqtc0000gn/T/pip-pip-egg-info-f7ohdbn9/lxml.egg-info/top_level.txt
2022-12-27T11:33:27.7256700Z   writing manifest file '/private/var/folders/51/hd414ycd67n82196sw51xqtc0000gn/T/pip-pip-egg-info-f7ohdbn9/lxml.egg-info/SOURCES.txt'
2022-12-27T11:33:27.7376610Z   reading manifest file '/private/var/folders/51/hd414ycd67n82196sw51xqtc0000gn/T/pip-pip-egg-info-f7ohdbn9/lxml.egg-info/SOURCES.txt'
2022-12-27T11:33:27.7387250Z   reading manifest template 'MANIFEST.in'
2022-12-27T11:33:27.9367210Z   adding license file 'LICENSES.txt'
2022-12-27T11:33:27.9507910Z   writing manifest file '/private/var/folders/51/hd414ycd67n82196sw51xqtc0000gn/T/pip-pip-egg-info-f7ohdbn9/lxml.egg-info/SOURCES.txt'
2022-12-27T11:33:27.9512230Z   /private/var/folders/51/hd414ycd67n82196sw51xqtc0000gn/T/cibw-run-psaetxrt/cp38-macosx_arm64/build/venv/lib/python3.8/site-packages/setuptools/dist.py:529: UserWarning: Normalizing '2.3beta1' to '2.3b1'
2022-12-27T11:33:27.9515580Z     warnings.warn(tmpl.format(**locals()))
2022-12-27T11:33:28.0046380Z   Preparing metadata (setup.py): finished with status 'done'
2022-12-27T11:33:28.0089200Z   Source in /Users/runner/actions-runner/_work/python.build/python.build/build_lxml23beta138/lxml-2.3beta1 has version 2.3b1, which satisfies requirement lxml==2.3b1 from file:///Users/runner/actions-runner/_work/python.build/python.build/build_lxml23beta138/lxml-2.3beta1
2022-12-27T11:33:28.0091490Z   Removed lxml==2.3b1 from file:///Users/runner/actions-runner/_work/python.build/python.build/build_lxml23beta138/lxml-2.3beta1 from build tracker '/private/var/folders/51/hd414ycd67n82196sw51xqtc0000gn/T/pip-build-tracker-ot7hy6g7'
2022-12-27T11:33:28.0306970Z Created temporary directory: /private/var/folders/51/hd414ycd67n82196sw51xqtc0000gn/T/pip-unpack-n2kwoym0
2022-12-27T11:33:28.0308870Z Building wheels for collected packages: lxml
2022-12-27T11:33:28.0320390Z   Created temporary directory: /private/var/folders/51/hd414ycd67n82196sw51xqtc0000gn/T/pip-wheel-zrt7e8b0
2022-12-27T11:33:28.0323010Z   Building wheel for lxml (setup.py): started
2022-12-27T11:33:28.0327450Z   Destination directory: /private/var/folders/51/hd414ycd67n82196sw51xqtc0000gn/T/pip-wheel-zrt7e8b0
2022-12-27T11:33:28.0329170Z   Running command python setup.py bdist_wheel
2022-12-27T11:33:28.5225740Z   Building lxml version 2.3.beta1.
2022-12-27T11:33:28.5228870Z   Building with Cython 0.29.32.
2022-12-27T11:33:28.5497000Z   Using build configuration of libxslt 1.1.29
2022-12-27T11:33:28.7422650Z   Building against libxml2/libxslt in the following directory: /Library/Developer/CommandLineTools/SDKs/MacOSX12.1.sdk/usr/lib
2022-12-27T11:33:28.7633000Z   /private/var/folders/51/hd414ycd67n82196sw51xqtc0000gn/T/cibw-run-psaetxrt/cp38-macosx_arm64/build/venv/lib/python3.8/site-packages/setuptools/dist.py:529: UserWarning: Normalizing '2.3beta1' to '2.3b1'
2022-12-27T11:33:28.7634070Z     warnings.warn(tmpl.format(**locals()))
2022-12-27T11:33:28.7899410Z   running bdist_wheel
2022-12-27T11:33:28.7970970Z   running build
2022-12-27T11:33:28.7972100Z   running build_py
2022-12-27T11:33:28.8013960Z   creating build
2022-12-27T11:33:28.8015770Z   creating build/lib.macosx-11.0-arm64-cpython-38
2022-12-27T11:33:28.8016840Z   creating build/lib.macosx-11.0-arm64-cpython-38/lxml
2022-12-27T11:33:28.8019650Z   copying src/lxml/_elementpath.py -> build/lib.macosx-11.0-arm64-cpython-38/lxml
2022-12-27T11:33:28.8026100Z   copying src/lxml/sax.py -> build/lib.macosx-11.0-arm64-cpython-38/lxml
2022-12-27T11:33:28.8030320Z   copying src/lxml/pyclasslookup.py -> build/lib.macosx-11.0-arm64-cpython-38/lxml
2022-12-27T11:33:28.8032100Z   copying src/lxml/__init__.py -> build/lib.macosx-11.0-arm64-cpython-38/lxml
2022-12-27T11:33:28.8039810Z   copying src/lxml/builder.py -> build/lib.macosx-11.0-arm64-cpython-38/lxml
2022-12-27T11:33:28.8043380Z   copying src/lxml/doctestcompare.py -> build/lib.macosx-11.0-arm64-cpython-38/lxml
2022-12-27T11:33:28.8046160Z   copying src/lxml/usedoctest.py -> build/lib.macosx-11.0-arm64-cpython-38/lxml
2022-12-27T11:33:28.8050980Z   copying src/lxml/cssselect.py -> build/lib.macosx-11.0-arm64-cpython-38/lxml
2022-12-27T11:33:28.8056780Z   copying src/lxml/ElementInclude.py -> build/lib.macosx-11.0-arm64-cpython-38/lxml
2022-12-27T11:33:28.8072970Z   creating build/lib.macosx-11.0-arm64-cpython-38/lxml/html
2022-12-27T11:33:28.8073630Z   copying src/lxml/html/soupparser.py -> build/lib.macosx-11.0-arm64-cpython-38/lxml/html
2022-12-27T11:33:28.8079960Z   copying src/lxml/html/defs.py -> build/lib.macosx-11.0-arm64-cpython-38/lxml/html
2022-12-27T11:33:28.8082050Z   copying src/lxml/html/_setmixin.py -> build/lib.macosx-11.0-arm64-cpython-38/lxml/html
2022-12-27T11:33:28.8248710Z   copying src/lxml/html/clean.py -> build/lib.macosx-11.0-arm64-cpython-38/lxml/html
2022-12-27T11:33:28.8250540Z   copying src/lxml/html/_diffcommand.py -> build/lib.macosx-11.0-arm64-cpython-38/lxml/html
2022-12-27T11:33:28.8251230Z   copying src/lxml/html/html5parser.py -> build/lib.macosx-11.0-arm64-cpython-38/lxml/html
2022-12-27T11:33:28.8253070Z   copying src/lxml/html/__init__.py -> build/lib.macosx-11.0-arm64-cpython-38/lxml/html
2022-12-27T11:33:28.8253720Z   copying src/lxml/html/formfill.py -> build/lib.macosx-11.0-arm64-cpython-38/lxml/html
2022-12-27T11:33:28.8254870Z   copying src/lxml/html/builder.py -> build/lib.macosx-11.0-arm64-cpython-38/lxml/html
2022-12-27T11:33:28.8255580Z   copying src/lxml/html/ElementSoup.py -> build/lib.macosx-11.0-arm64-cpython-38/lxml/html
2022-12-27T11:33:28.8256230Z   copying src/lxml/html/_html5builder.py -> build/lib.macosx-11.0-arm64-cpython-38/lxml/html
2022-12-27T11:33:28.8256990Z   copying src/lxml/html/usedoctest.py -> build/lib.macosx-11.0-arm64-cpython-38/lxml/html
2022-12-27T11:33:28.8257540Z   copying src/lxml/html/diff.py -> build/lib.macosx-11.0-arm64-cpython-38/lxml/html
2022-12-27T11:33:28.8258160Z   copying src/lxml/html/_dictmixin.py -> build/lib.macosx-11.0-arm64-cpython-38/lxml/html
2022-12-27T11:33:28.8259300Z   creating build/lib.macosx-11.0-arm64-cpython-38/lxml/isoschematron
2022-12-27T11:33:28.8260520Z   copying src/lxml/isoschematron/__init__.py -> build/lib.macosx-11.0-arm64-cpython-38/lxml/isoschematron
2022-12-27T11:33:28.8261570Z   creating build/lib.macosx-11.0-arm64-cpython-38/lxml/isoschematron/resources
2022-12-27T11:33:28.8263010Z   creating build/lib.macosx-11.0-arm64-cpython-38/lxml/isoschematron/resources/rng
2022-12-27T11:33:28.8264410Z   copying src/lxml/isoschematron/resources/rng/iso-schematron.rng -> build/lib.macosx-11.0-arm64-cpython-38/lxml/isoschematron/resources/rng
2022-12-27T11:33:28.8265690Z   creating build/lib.macosx-11.0-arm64-cpython-38/lxml/isoschematron/resources/xsl
2022-12-27T11:33:28.8267030Z   copying src/lxml/isoschematron/resources/xsl/XSD2Schtrn.xsl -> build/lib.macosx-11.0-arm64-cpython-38/lxml/isoschematron/resources/xsl
2022-12-27T11:33:28.8268480Z   copying src/lxml/isoschematron/resources/xsl/RNG2Schtrn.xsl -> build/lib.macosx-11.0-arm64-cpython-38/lxml/isoschematron/resources/xsl
2022-12-27T11:33:28.8269360Z   creating build/lib.macosx-11.0-arm64-cpython-38/lxml/isoschematron/resources/xsl/iso-schematron-xslt1
2022-12-27T11:33:28.8270370Z   copying src/lxml/isoschematron/resources/xsl/iso-schematron-xslt1/iso_abstract_expand.xsl -> build/lib.macosx-11.0-arm64-cpython-38/lxml/isoschematron/resources/xsl/iso-schematron-xslt1
2022-12-27T11:33:28.8271170Z   copying src/lxml/isoschematron/resources/xsl/iso-schematron-xslt1/iso_dsdl_include.xsl -> build/lib.macosx-11.0-arm64-cpython-38/lxml/isoschematron/resources/xsl/iso-schematron-xslt1
2022-12-27T11:33:28.8272490Z   copying src/lxml/isoschematron/resources/xsl/iso-schematron-xslt1/iso_schematron_skeleton_for_xslt1.xsl -> build/lib.macosx-11.0-arm64-cpython-38/lxml/isoschematron/resources/xsl/iso-schematron-xslt1
2022-12-27T11:33:28.8273380Z   copying src/lxml/isoschematron/resources/xsl/iso-schematron-xslt1/iso_svrl_for_xslt1.xsl -> build/lib.macosx-11.0-arm64-cpython-38/lxml/isoschematron/resources/xsl/iso-schematron-xslt1
2022-12-27T11:33:28.8274270Z   copying src/lxml/isoschematron/resources/xsl/iso-schematron-xslt1/iso_schematron_message.xsl -> build/lib.macosx-11.0-arm64-cpython-38/lxml/isoschematron/resources/xsl/iso-schematron-xslt1
2022-12-27T11:33:28.8275070Z   copying src/lxml/isoschematron/resources/xsl/iso-schematron-xslt1/readme.txt -> build/lib.macosx-11.0-arm64-cpython-38/lxml/isoschematron/resources/xsl/iso-schematron-xslt1
2022-12-27T11:33:28.8275570Z   running build_ext
2022-12-27T11:33:28.9016720Z   skipping 'src/lxml/lxml.etree.c' Cython extension (up-to-date)
2022-12-27T11:33:28.9020440Z   skipping 'src/lxml/lxml.objectify.c' Cython extension (up-to-date)
2022-12-27T11:33:28.9024790Z   building 'lxml.etree' extension
2022-12-27T11:33:28.9025940Z   creating build/temp.macosx-11.0-arm64-cpython-38
2022-12-27T11:33:28.9029060Z   creating build/temp.macosx-11.0-arm64-cpython-38/src
2022-12-27T11:33:28.9031820Z   creating build/temp.macosx-11.0-arm64-cpython-38/src/lxml
2022-12-27T11:33:28.9036230Z   gcc -Wno-unused-result -Wsign-compare -Wunreachable-code -fno-common -dynamic -DNDEBUG -g -fwrapv -O3 -Wall -g -I/usr/local/opt/openssl@3/include -I/usr/local/opt/openssl@3/include -arch arm64 -I/Library/Developer/CommandLineTools/SDKs/MacOSX12.1.sdk/usr/include -I/private/var/folders/51/hd414ycd67n82196sw51xqtc0000gn/T/cibw-run-psaetxrt/cp38-macosx_arm64/build/venv/include -I/Library/Frameworks/Python.framework/Versions/3.8/include/python3.8 -c src/lxml/lxml.etree.c -o build/temp.macosx-11.0-arm64-cpython-38/src/lxml/lxml.etree.o -w -flat_namespace
2022-12-27T11:33:30.1131640Z   src/lxml/lxml.etree.c:160663:24: error: no member named 'exc_type' in 'struct _ts'
2022-12-27T11:33:30.1132600Z       tmp_type = tstate->exc_type;
2022-12-27T11:33:30.1135370Z                  ~~~~~~  ^
2022-12-27T11:33:30.1141190Z   src/lxml/lxml.etree.c:160664:25: error: no member named 'exc_value' in 'struct _ts'; did you mean 'curexc_value'?
2022-12-27T11:33:30.1143910Z       tmp_value = tstate->exc_value;
2022-12-27T11:33:30.1147780Z                           ^~~~~~~~~
2022-12-27T11:33:30.1151530Z                           curexc_value
2022-12-27T11:33:30.1155810Z   /Library/Frameworks/Python.framework/Versions/3.8/include/python3.8/cpython/pystate.h:80:15: note: 'curexc_value' declared here
2022-12-27T11:33:30.1159170Z       PyObject *curexc_value;
2022-12-27T11:33:30.1162810Z                 ^
2022-12-27T11:33:30.1167210Z   src/lxml/lxml.etree.c:160665:22: error: no member named 'exc_traceback' in 'struct _ts'; did you mean 'curexc_traceback'?
2022-12-27T11:33:30.1171330Z       tmp_tb = tstate->exc_traceback;
2022-12-27T11:33:30.1175440Z                        ^~~~~~~~~~~~~
2022-12-27T11:33:30.1179670Z                        curexc_traceback
2022-12-27T11:33:30.1185630Z   /Library/Frameworks/Python.framework/Versions/3.8/include/python3.8/cpython/pystate.h:81:15: note: 'curexc_traceback' declared here
2022-12-27T11:33:30.1190180Z       PyObject *curexc_traceback;
2022-12-27T11:33:30.1193680Z                 ^
2022-12-27T11:33:30.1198570Z   src/lxml/lxml.etree.c:160666:13: error: no member named 'exc_type' in 'struct _ts'
2022-12-27T11:33:30.1202670Z       tstate->exc_type = local_type;
2022-12-27T11:33:30.1206900Z       ~~~~~~  ^
2022-12-27T11:33:30.1211680Z   src/lxml/lxml.etree.c:160667:13: error: no member named 'exc_value' in 'struct _ts'; did you mean 'curexc_value'?
2022-12-27T11:33:30.1215890Z       tstate->exc_value = local_value;
2022-12-27T11:33:30.1220210Z               ^~~~~~~~~
2022-12-27T11:33:30.1224620Z               curexc_value
2022-12-27T11:33:30.1229510Z   /Library/Frameworks/Python.framework/Versions/3.8/include/python3.8/cpython/pystate.h:80:15: note: 'curexc_value' declared here
2022-12-27T11:33:30.1233710Z       PyObject *curexc_value;
2022-12-27T11:33:30.1237790Z                 ^
2022-12-27T11:33:30.1242480Z   src/lxml/lxml.etree.c:160668:13: error: no member named 'exc_traceback' in 'struct _ts'; did you mean 'curexc_traceback'?
2022-12-27T11:33:30.1246900Z       tstate->exc_traceback = local_tb;
2022-12-27T11:33:30.1251130Z               ^~~~~~~~~~~~~
2022-12-27T11:33:30.1255200Z               curexc_traceback
2022-12-27T11:33:30.1260230Z   /Library/Frameworks/Python.framework/Versions/3.8/include/python3.8/cpython/pystate.h:81:15: note: 'curexc_traceback' declared here
2022-12-27T11:33:30.1264170Z       PyObject *curexc_traceback;
2022-12-27T11:33:30.1268290Z                 ^
2022-12-27T11:33:30.1272880Z   src/lxml/lxml.etree.c:160859:21: error: no member named 'exc_type' in 'struct _ts'
2022-12-27T11:33:30.1277010Z       *type = tstate->exc_type;
2022-12-27T11:33:30.1281030Z               ~~~~~~  ^
2022-12-27T11:33:30.1285570Z   src/lxml/lxml.etree.c:160860:22: error: no member named 'exc_value' in 'struct _ts'; did you mean 'curexc_value'?
2022-12-27T11:33:30.1291710Z       *value = tstate->exc_value;
2022-12-27T11:33:30.1296990Z                        ^~~~~~~~~
2022-12-27T11:33:30.1300950Z                        curexc_value
2022-12-27T11:33:30.1304200Z   /Library/Frameworks/Python.framework/Versions/3.8/include/python3.8/cpython/pystate.h:80:15: note: 'curexc_value' declared here
2022-12-27T11:33:30.1306650Z       PyObject *curexc_value;
2022-12-27T11:33:30.1309140Z                 ^
2022-12-27T11:33:30.1313000Z   src/lxml/lxml.etree.c:160861:19: error: no member named 'exc_traceback' in 'struct _ts'; did you mean 'curexc_traceback'?
2022-12-27T11:33:30.1314540Z       *tb = tstate->exc_traceback;
2022-12-27T11:33:30.1317600Z                     ^~~~~~~~~~~~~
2022-12-27T11:33:30.1323020Z                     curexc_traceback
2022-12-27T11:33:30.1326420Z   /Library/Frameworks/Python.framework/Versions/3.8/include/python3.8/cpython/pystate.h:81:15: note: 'curexc_traceback' declared here
2022-12-27T11:33:30.1331590Z       PyObject *curexc_traceback;
2022-12-27T11:33:30.1335700Z                 ^
2022-12-27T11:33:30.1339200Z   src/lxml/lxml.etree.c:160870:24: error: no member named 'exc_type' in 'struct _ts'
2022-12-27T11:33:30.1342060Z       tmp_type = tstate->exc_type;
2022-12-27T11:33:30.1344240Z                  ~~~~~~  ^
2022-12-27T11:33:30.1347380Z   src/lxml/lxml.etree.c:160871:25: error: no member named 'exc_value' in 'struct _ts'; did you mean 'curexc_value'?
2022-12-27T11:33:30.1349690Z       tmp_value = tstate->exc_value;
2022-12-27T11:33:30.1352360Z                           ^~~~~~~~~
2022-12-27T11:33:30.1354880Z                           curexc_value
2022-12-27T11:33:30.1357990Z   /Library/Frameworks/Python.framework/Versions/3.8/include/python3.8/cpython/pystate.h:80:15: note: 'curexc_value' declared here
2022-12-27T11:33:30.1360050Z       PyObject *curexc_value;
2022-12-27T11:33:30.1362760Z                 ^
2022-12-27T11:33:30.1366030Z   src/lxml/lxml.etree.c:160872:22: error: no member named 'exc_traceback' in 'struct _ts'; did you mean 'curexc_traceback'?
2022-12-27T11:33:30.1368440Z       tmp_tb = tstate->exc_traceback;
2022-12-27T11:33:30.1370840Z                        ^~~~~~~~~~~~~
2022-12-27T11:33:30.1373480Z                        curexc_traceback
2022-12-27T11:33:30.1376490Z   /Library/Frameworks/Python.framework/Versions/3.8/include/python3.8/cpython/pystate.h:81:15: note: 'curexc_traceback' declared here
2022-12-27T11:33:30.1378870Z       PyObject *curexc_traceback;
2022-12-27T11:33:30.1381410Z                 ^
2022-12-27T11:33:30.1384330Z   src/lxml/lxml.etree.c:160873:13: error: no member named 'exc_type' in 'struct _ts'
2022-12-27T11:33:30.1386920Z       tstate->exc_type = type;
2022-12-27T11:33:30.1389240Z       ~~~~~~  ^
2022-12-27T11:33:30.1392220Z   src/lxml/lxml.etree.c:160874:13: error: no member named 'exc_value' in 'struct _ts'; did you mean 'curexc_value'?
2022-12-27T11:33:30.1394690Z       tstate->exc_value = value;
2022-12-27T11:33:30.1397120Z               ^~~~~~~~~
2022-12-27T11:33:30.1399660Z               curexc_value
2022-12-27T11:33:30.1402800Z   /Library/Frameworks/Python.framework/Versions/3.8/include/python3.8/cpython/pystate.h:80:15: note: 'curexc_value' declared here
2022-12-27T11:33:30.1405100Z       PyObject *curexc_value;
2022-12-27T11:33:30.1407650Z                 ^
2022-12-27T11:33:30.1410600Z   src/lxml/lxml.etree.c:160875:13: error: no member named 'exc_traceback' in 'struct _ts'; did you mean 'curexc_traceback'?
2022-12-27T11:33:30.1412990Z       tstate->exc_traceback = tb;
2022-12-27T11:33:30.1415480Z               ^~~~~~~~~~~~~
2022-12-27T11:33:30.1418250Z               curexc_traceback
2022-12-27T11:33:30.1421250Z   /Library/Frameworks/Python.framework/Versions/3.8/include/python3.8/cpython/pystate.h:81:15: note: 'curexc_traceback' declared here
2022-12-27T11:33:30.1423720Z       PyObject *curexc_traceback;
2022-12-27T11:33:30.1426500Z                 ^
2022-12-27T11:33:30.1429210Z   15 errors generated.
2022-12-27T11:33:30.1475890Z   error: command '/usr/bin/gcc' failed with exit code 1
2022-12-27T11:33:30.2111220Z   error: subprocess-exited-with-error
2022-12-27T11:33:30.2112140Z   
2022-12-27T11:33:30.2113300Z   Ã— python setup.py bdist_wheel did not run successfully.
2022-12-27T11:33:30.2114490Z   â”‚ exit code: 1
2022-12-27T11:33:30.2115220Z   â•°â”€> See above for output.
2022-12-27T11:33:30.2115660Z   
2022-12-27T11:33:30.2116480Z   note: This error originates from a subprocess, and is likely not a problem with pip.
2022-12-27T11:33:30.2128800Z   full command: /private/var/folders/51/hd414ycd67n82196sw51xqtc0000gn/T/cibw-run-psaetxrt/cp38-macosx_arm64/build/venv/bin/python -u -c '
2022-12-27T11:33:30.2129410Z   exec(compile('"'"''"'"''"'"'
2022-12-27T11:33:30.2129920Z   # This is <pip-setuptools-caller> -- a caller that pip uses to run setup.py
2022-12-27T11:33:30.2130500Z   #
2022-12-27T11:33:30.2131010Z   # - It imports setuptools before invoking setup.py, to enable projects that directly
2022-12-27T11:33:30.2131540Z   #   import from `distutils.core` to work with newer packaging standards.
2022-12-27T11:33:30.2132020Z   # - It provides a clear error message when setuptools is not installed.
2022-12-27T11:33:30.2132570Z   # - It sets `sys.argv[0]` to the underlying `setup.py`, when invoking `setup.py` so
2022-12-27T11:33:30.2133120Z   #   setuptools doesn'"'"'t think the script is `-c`. This avoids the following warning:
2022-12-27T11:33:30.2133580Z   #     manifest_maker: standard file '"'"'-c'"'"' not found".
2022-12-27T11:33:30.2134080Z   # - It generates a shim setup.py, for handling setup.cfg-only projects.
2022-12-27T11:33:30.2134450Z   import os, sys, tokenize
2022-12-27T11:33:30.2134710Z   
2022-12-27T11:33:30.2134990Z   try:
2022-12-27T11:33:30.2135300Z       import setuptools
2022-12-27T11:33:30.2135580Z   except ImportError as error:
2022-12-27T11:33:30.2136470Z       print(
2022-12-27T11:33:30.2137720Z           "ERROR: Can not execute `setup.py` since setuptools is not available in "
2022-12-27T11:33:30.2138160Z           "the build environment.",
2022-12-27T11:33:30.2138500Z           file=sys.stderr,
2022-12-27T11:33:30.2138750Z       )
2022-12-27T11:33:30.2139070Z       sys.exit(1)
2022-12-27T11:33:30.2139370Z   
2022-12-27T11:33:30.2139600Z   __file__ = %r
2022-12-27T11:33:30.2139860Z   sys.argv[0] = __file__
2022-12-27T11:33:30.2140080Z   
2022-12-27T11:33:30.2140330Z   if os.path.exists(__file__):
2022-12-27T11:33:30.2140670Z       filename = __file__
2022-12-27T11:33:30.2140930Z       with tokenize.open(__file__) as f:
2022-12-27T11:33:30.2141230Z           setup_py_code = f.read()
2022-12-27T11:33:30.2141610Z   else:
2022-12-27T11:33:30.2142160Z       filename = "<auto-generated setuptools caller>"
2022-12-27T11:33:30.2142510Z       setup_py_code = "from setuptools import setup; setup()"
2022-12-27T11:33:30.2143290Z   
2022-12-27T11:33:30.2143780Z   exec(compile(setup_py_code, filename, "exec"))
2022-12-27T11:33:30.2144580Z   '"'"''"'"''"'"' % ('"'"'/Users/runner/actions-runner/_work/python.build/python.build/build_lxml23beta138/lxml-2.3beta1/setup.py'"'"',), "<pip-setuptools-caller>", "exec"))' bdist_wheel -d /private/var/folders/51/hd414ycd67n82196sw51xqtc0000gn/T/pip-wheel-zrt7e8b0
2022-12-27T11:33:30.2145480Z   cwd: /Users/runner/actions-runner/_work/python.build/python.build/build_lxml23beta138/lxml-2.3beta1/
2022-12-27T11:33:30.2146100Z   Building wheel for lxml (setup.py): finished with status 'error'
2022-12-27T11:33:30.2146870Z   ERROR: Failed building wheel for lxml
2022-12-27T11:33:30.2152120Z   Running setup.py clean for lxml
2022-12-27T11:33:30.2154010Z   Running command python setup.py clean
2022-12-27T11:33:30.6750750Z   Building lxml version 2.3.beta1.
2022-12-27T11:33:30.6751550Z   Building with Cython 0.29.32.
2022-12-27T11:33:30.7018140Z   Using build configuration of libxslt 1.1.29
2022-12-27T11:33:30.8927530Z   Building against libxml2/libxslt in the following directory: /Library/Developer/CommandLineTools/SDKs/MacOSX12.1.sdk/usr/lib
2022-12-27T11:33:30.9147650Z   /private/var/folders/51/hd414ycd67n82196sw51xqtc0000gn/T/cibw-run-psaetxrt/cp38-macosx_arm64/build/venv/lib/python3.8/site-packages/setuptools/dist.py:529: UserWarning: Normalizing '2.3beta1' to '2.3b1'
2022-12-27T11:33:30.9150820Z     warnings.warn(tmpl.format(**locals()))
2022-12-27T11:33:30.9217440Z   running clean
2022-12-27T11:33:30.9270850Z   removing 'build/temp.macosx-11.0-arm64-cpython-38' (and everything under it)
2022-12-27T11:33:30.9275760Z   removing 'build/lib.macosx-11.0-arm64-cpython-38' (and everything under it)
2022-12-27T11:33:30.9348430Z   'build/bdist.macosx-11.0-arm64' does not exist -- can't clean it
2022-12-27T11:33:30.9352160Z   'build/scripts-3.8' does not exist -- can't clean it
2022-12-27T11:33:30.9353630Z   removing 'build'
2022-12-27T11:33:30.9915690Z Failed to build lxml
2022-12-27T11:33:30.9923000Z ERROR: Failed to build one or more wheels
2022-12-27T11:33:30.9942440Z Exception information:
2022-12-27T11:33:30.9943670Z Traceback (most recent call last):
2022-12-27T11:33:30.9957920Z   File "/private/var/folders/51/hd414ycd67n82196sw51xqtc0000gn/T/cibw-run-psaetxrt/cp38-macosx_arm64/build/venv/lib/python3.8/site-packages/pip/_internal/cli/base_command.py", line 160, in exc_logging_wrapper
2022-12-27T11:33:30.9958590Z     status = run_func(*args)
2022-12-27T11:33:30.9959370Z   File "/private/var/folders/51/hd414ycd67n82196sw51xqtc0000gn/T/cibw-run-psaetxrt/cp38-macosx_arm64/build/venv/lib/python3.8/site-packages/pip/_internal/cli/req_command.py", line 247, in wrapper
2022-12-27T11:33:30.9959940Z     return func(self, options, args)
2022-12-27T11:33:30.9960800Z   File "/private/var/folders/51/hd414ycd67n82196sw51xqtc0000gn/T/cibw-run-psaetxrt/cp38-macosx_arm64/build/venv/lib/python3.8/site-packages/pip/_internal/commands/wheel.py", line 201, in run
2022-12-27T11:33:30.9961370Z     raise CommandError("Failed to build one or more wheels")
2022-12-27T11:33:30.9961750Z pip._internal.exceptions.CommandError: Failed to build one or more wheels
2022-12-27T11:33:30.9962380Z Removed build tracker: '/private/var/folders/51/hd414ycd67n82196sw51xqtc0000gn/T/pip-build-tracker-ot7hy6g7'
2022-12-27T11:33:31.0932300Z ##[endgroup]
2022-12-27T11:33:31.0933880Z                                                               [31mâœ• [0m4.62s
2022-12-27T11:33:31.1567670Z ##[error]Command ['python', '-m', 'pip', 'wheel', '/Users/runner/actions-runner/_work/python.build/python.build/build_lxml23beta138/lxml-2.3beta1', '--wheel-dir=/private/var/folders/51/hd414ycd67n82196sw51xqtc0000gn/T/cibw-run-psaetxrt/cp38-macosx_arm64/built_wheel', '--no-deps', '-vvv'] failed with code 1. None
2022-12-27T11:33:31.1577890Z 
2022-12-27T11:33:31.1815540Z ##[error]Process completed with exit code 1.
2022-12-27T11:33:31.1873010Z ##[group]Run rm -rf build_lxml23beta138 wheelsout
2022-12-27T11:33:31.1873320Z [36;1mrm -rf build_lxml23beta138 wheelsout[0m
2022-12-27T11:33:31.1901080Z shell: /bin/bash -e {0}
2022-12-27T11:33:31.1901270Z env:
2022-12-27T11:33:31.1901500Z   pythonLocation: /Users/runner/hostedtoolcache/Python/3.8.15/x64
2022-12-27T11:33:31.1901810Z   PKG_CONFIG_PATH: /Users/runner/hostedtoolcache/Python/3.8.15/x64/lib/pkgconfig
2022-12-27T11:33:31.1902110Z   Python_ROOT_DIR: /Users/runner/hostedtoolcache/Python/3.8.15/x64
2022-12-27T11:33:31.1902400Z   Python2_ROOT_DIR: /Users/runner/hostedtoolcache/Python/3.8.15/x64
2022-12-27T11:33:31.1902690Z   Python3_ROOT_DIR: /Users/runner/hostedtoolcache/Python/3.8.15/x64
2022-12-27T11:33:31.1902900Z ##[endgroup]
2022-12-27T11:33:31.3021960Z Cleaning up orphan processes
