2022-12-27T08:51:26.3783145Z Requested labels: self-hosted, macOS, X64
2022-12-27T08:51:26.3783239Z Job defined at: kilnbuild/python.build/.github/workflows/mac_arm_build.yml@refs/heads/main
2022-12-27T08:51:26.3783264Z Waiting for a runner to pick up this job...
2022-12-27T11:23:20.2194197Z Job is about to start running on the runner: kr1 (organization)
2022-12-27T11:23:24.3787800Z Current runner version: '2.300.2'
2022-12-27T11:23:24.3795450Z Runner name: 'kr1'
2022-12-27T11:23:24.3795860Z Runner group name: 'Default'
2022-12-27T11:23:24.3796740Z Machine name: 'kr1'
2022-12-27T11:23:24.3799390Z ##[group]GITHUB_TOKEN Permissions
2022-12-27T11:23:24.3800100Z Actions: write
2022-12-27T11:23:24.3800360Z Checks: write
2022-12-27T11:23:24.3800610Z Contents: write
2022-12-27T11:23:24.3800880Z Deployments: write
2022-12-27T11:23:24.3801150Z Discussions: write
2022-12-27T11:23:24.3801400Z Issues: write
2022-12-27T11:23:24.3801650Z Metadata: read
2022-12-27T11:23:24.3801900Z Packages: write
2022-12-27T11:23:24.3802170Z Pages: write
2022-12-27T11:23:24.3802430Z PullRequests: write
2022-12-27T11:23:24.3802730Z RepositoryProjects: write
2022-12-27T11:23:24.3803030Z SecurityEvents: write
2022-12-27T11:23:24.3803310Z Statuses: write
2022-12-27T11:23:24.3803560Z ##[endgroup]
2022-12-27T11:23:24.3807250Z Secret source: Actions
2022-12-27T11:23:24.3807770Z Prepare workflow directory
2022-12-27T11:23:24.4959450Z Prepare all required actions
2022-12-27T11:23:24.5169810Z Getting action download info
2022-12-27T11:23:24.9596260Z Download action repository 'actions/setup-python@v4' (SHA:5ccb29d8773c3f3f653e1705f474dfaa8a06a912)
2022-12-27T11:23:26.8291770Z Download action repository 'actions/upload-artifact@v3' (SHA:83fd05a356d7e2593de66fc9913b3002723633cb)
2022-12-27T11:23:28.3218820Z ##[group]Run echo '{
2022-12-27T11:23:28.3219340Z [36;1mecho '{[0m
2022-12-27T11:23:28.3219580Z [36;1m  "package_name": "lxml",[0m
2022-12-27T11:23:28.3220060Z [36;1m  "package_url": "https://files.pythonhosted.org/packages/79/e7/4b7735a3aaf441bc5f3e3fd362372ce79ab28a40a25c701012ae5488b976/lxml-2.0alpha3.tar.gz",[0m
2022-12-27T11:23:28.3220430Z [36;1m  "package_version": "2.0alpha3",[0m
2022-12-27T11:23:28.3220700Z [36;1m  "python_version": "3.10",[0m
2022-12-27T11:23:28.3220950Z [36;1m  "use_ccache": "true"[0m
2022-12-27T11:23:28.3221200Z [36;1m}'[0m
2022-12-27T11:23:28.3247660Z shell: /bin/bash -e {0}
2022-12-27T11:23:28.3247990Z ##[endgroup]
2022-12-27T11:23:28.3646960Z {
2022-12-27T11:23:28.3649580Z   "package_name": "lxml",
2022-12-27T11:23:28.3650840Z   "package_url": "https://files.pythonhosted.org/packages/79/e7/4b7735a3aaf441bc5f3e3fd362372ce79ab28a40a25c701012ae5488b976/lxml-2.0alpha3.tar.gz",
2022-12-27T11:23:28.3651370Z   "package_version": "2.0alpha3",
2022-12-27T11:23:28.3651850Z   "python_version": "3.10",
2022-12-27T11:23:28.3652130Z   "use_ccache": "true"
2022-12-27T11:23:28.3652520Z }
2022-12-27T11:23:28.4006690Z ##[group]Run actions/setup-python@v4
2022-12-27T11:23:28.4007280Z with:
2022-12-27T11:23:28.4007600Z   python-version: 3.10
2022-12-27T11:23:28.4007860Z   check-latest: false
2022-12-27T11:23:28.4008460Z   token: ***
2022-12-27T11:23:28.4008800Z   update-environment: true
2022-12-27T11:23:28.4009190Z ##[endgroup]
2022-12-27T11:23:28.6158360Z ##[group]Installed versions
2022-12-27T11:23:28.6220220Z Successfully set up CPython (3.10.9)
2022-12-27T11:23:28.6221470Z ##[endgroup]
2022-12-27T11:23:28.6447800Z ##[group]Run if [ "true" == "true" ]
2022-12-27T11:23:28.6448380Z [36;1mif [ "true" == "true" ][0m
2022-12-27T11:23:28.6448730Z [36;1mthen[0m
2022-12-27T11:23:28.6449060Z [36;1m  echo "CCACHE_PATH_PREPEND=/usr/local/opt/ccache/libexec" >> $GITHUB_OUTPUT[0m
2022-12-27T11:23:28.6449630Z [36;1melse[0m
2022-12-27T11:23:28.6449990Z [36;1m  echo "CCACHE_PATH_PREPEND=" >> $GITHUB_OUTPUT[0m
2022-12-27T11:23:28.6450270Z [36;1mfi[0m
2022-12-27T11:23:28.6479110Z shell: /bin/bash -e {0}
2022-12-27T11:23:28.6479470Z env:
2022-12-27T11:23:28.6479870Z   pythonLocation: /Users/runner/hostedtoolcache/Python/3.10.9/x64
2022-12-27T11:23:28.6480280Z   PKG_CONFIG_PATH: /Users/runner/hostedtoolcache/Python/3.10.9/x64/lib/pkgconfig
2022-12-27T11:23:28.6480750Z   Python_ROOT_DIR: /Users/runner/hostedtoolcache/Python/3.10.9/x64
2022-12-27T11:23:28.6481300Z   Python2_ROOT_DIR: /Users/runner/hostedtoolcache/Python/3.10.9/x64
2022-12-27T11:23:28.6481910Z   Python3_ROOT_DIR: /Users/runner/hostedtoolcache/Python/3.10.9/x64
2022-12-27T11:23:28.6482800Z ##[endgroup]
2022-12-27T11:23:28.6791740Z ##[group]Run echo "BUILD_NAME=$(echo lxml_2.0alpha3_3.10 | tr -dc '[:alnum:]\n\r' | tr '[:upper:]' '[:lower:]')" >> $GITHUB_OUTPUT
2022-12-27T11:23:28.6792460Z [36;1mecho "BUILD_NAME=$(echo lxml_2.0alpha3_3.10 | tr -dc '[:alnum:]\n\r' | tr '[:upper:]' '[:lower:]')" >> $GITHUB_OUTPUT[0m
2022-12-27T11:23:28.6819520Z shell: /bin/bash -e {0}
2022-12-27T11:23:28.6819910Z env:
2022-12-27T11:23:28.6820210Z   pythonLocation: /Users/runner/hostedtoolcache/Python/3.10.9/x64
2022-12-27T11:23:28.6820670Z   PKG_CONFIG_PATH: /Users/runner/hostedtoolcache/Python/3.10.9/x64/lib/pkgconfig
2022-12-27T11:23:28.6821140Z   Python_ROOT_DIR: /Users/runner/hostedtoolcache/Python/3.10.9/x64
2022-12-27T11:23:28.6821520Z   Python2_ROOT_DIR: /Users/runner/hostedtoolcache/Python/3.10.9/x64
2022-12-27T11:23:28.6822040Z   Python3_ROOT_DIR: /Users/runner/hostedtoolcache/Python/3.10.9/x64
2022-12-27T11:23:28.6822420Z ##[endgroup]
2022-12-27T11:23:28.7060040Z ##[group]Run echo "PYTHON_NO_DOTS=$(echo 3.10 | tr -dc '[:alnum:]\n\r' | tr '[:upper:]' '[:lower:]')" >> $GITHUB_OUTPUT
2022-12-27T11:23:28.7060820Z [36;1mecho "PYTHON_NO_DOTS=$(echo 3.10 | tr -dc '[:alnum:]\n\r' | tr '[:upper:]' '[:lower:]')" >> $GITHUB_OUTPUT[0m
2022-12-27T11:23:28.7087580Z shell: /bin/bash -e {0}
2022-12-27T11:23:28.7087980Z env:
2022-12-27T11:23:28.7088280Z   pythonLocation: /Users/runner/hostedtoolcache/Python/3.10.9/x64
2022-12-27T11:23:28.7088720Z   PKG_CONFIG_PATH: /Users/runner/hostedtoolcache/Python/3.10.9/x64/lib/pkgconfig
2022-12-27T11:23:28.7089160Z   Python_ROOT_DIR: /Users/runner/hostedtoolcache/Python/3.10.9/x64
2022-12-27T11:23:28.7089590Z   Python2_ROOT_DIR: /Users/runner/hostedtoolcache/Python/3.10.9/x64
2022-12-27T11:23:28.7091200Z   Python3_ROOT_DIR: /Users/runner/hostedtoolcache/Python/3.10.9/x64
2022-12-27T11:23:28.7091560Z ##[endgroup]
2022-12-27T11:23:28.7342600Z ##[group]Run rm -rf build_lxml20alpha3310
2022-12-27T11:23:28.7343300Z [36;1mrm -rf build_lxml20alpha3310[0m
2022-12-27T11:23:28.7343790Z [36;1mmkdir build_lxml20alpha3310[0m
2022-12-27T11:23:28.7344070Z [36;1mcd build_lxml20alpha3310[0m
2022-12-27T11:23:28.7344580Z [36;1m/usr/local/bin/wget --quiet https://files.pythonhosted.org/packages/79/e7/4b7735a3aaf441bc5f3e3fd362372ce79ab28a40a25c701012ae5488b976/lxml-2.0alpha3.tar.gz[0m
2022-12-27T11:23:28.7345050Z [36;1mtar xf *.tar.gz[0m
2022-12-27T11:23:28.7345290Z [36;1mcd *[0m
2022-12-27T11:23:28.7345720Z [36;1mpython -m pip install cibuildwheel==2.11.3[0m
2022-12-27T11:23:28.7346120Z [36;1mpython -m cibuildwheel --output-dir ../wheelsout[0m
2022-12-27T11:23:28.7373710Z shell: /bin/bash -e {0}
2022-12-27T11:23:28.7374050Z env:
2022-12-27T11:23:28.7374400Z   pythonLocation: /Users/runner/hostedtoolcache/Python/3.10.9/x64
2022-12-27T11:23:28.7374920Z   PKG_CONFIG_PATH: /Users/runner/hostedtoolcache/Python/3.10.9/x64/lib/pkgconfig
2022-12-27T11:23:28.7375300Z   Python_ROOT_DIR: /Users/runner/hostedtoolcache/Python/3.10.9/x64
2022-12-27T11:23:28.7375790Z   Python2_ROOT_DIR: /Users/runner/hostedtoolcache/Python/3.10.9/x64
2022-12-27T11:23:28.7376210Z   Python3_ROOT_DIR: /Users/runner/hostedtoolcache/Python/3.10.9/x64
2022-12-27T11:23:28.7376520Z   CIBW_ARCHS_MACOS: arm64
2022-12-27T11:23:28.7376830Z   CIBW_TEST_SKIP: *_arm64
2022-12-27T11:23:28.7377150Z   CIBW_BUILD: cp310-macosx_arm64
2022-12-27T11:23:28.7377540Z   CIBW_BUILD_FRONTEND: pip
2022-12-27T11:23:28.7377790Z   CIBW_BUILD_VERBOSITY: 3
2022-12-27T11:23:28.7379320Z   CIBW_ENVIRONMENT_MACOS:  CFLAGS="-I/usr/local/opt/openssl@3/include" LDFLAGS="-L/usr/local/opt/openssl@3/lib" CPPFLAGS="-I/usr/local/opt/openssl@3/include" MAKEFLAGS="-j$(sysctl -n hw.logicalcpu)" PATH=/usr/local/opt/ccache/libexec:$PATH
2022-12-27T11:23:28.7380420Z   CIBW_BEFORE_BUILD: pip install Cython; if [[ -f requirements.txt ]]; then pip install -r requirements.txt; fi
2022-12-27T11:23:28.7381080Z   MAKEFLAGS: -j$(sysctl -n hw.logicalcpu)
2022-12-27T11:23:28.7381340Z ##[endgroup]
2022-12-27T11:23:29.4758850Z Requirement already satisfied: cibuildwheel==2.11.3 in /Users/runner/hostedtoolcache/Python/3.10.9/x64/lib/python3.10/site-packages (2.11.3)
2022-12-27T11:23:29.5139400Z Requirement already satisfied: packaging>=20.9 in /Users/runner/hostedtoolcache/Python/3.10.9/x64/lib/python3.10/site-packages (from cibuildwheel==2.11.3) (22.0)
2022-12-27T11:23:29.5143220Z Requirement already satisfied: certifi in /Users/runner/hostedtoolcache/Python/3.10.9/x64/lib/python3.10/site-packages (from cibuildwheel==2.11.3) (2022.12.7)
2022-12-27T11:23:29.5147320Z Requirement already satisfied: filelock in /Users/runner/hostedtoolcache/Python/3.10.9/x64/lib/python3.10/site-packages (from cibuildwheel==2.11.3) (3.8.2)
2022-12-27T11:23:29.5163330Z Requirement already satisfied: typing-extensions>=4.1.0 in /Users/runner/hostedtoolcache/Python/3.10.9/x64/lib/python3.10/site-packages (from cibuildwheel==2.11.3) (4.4.0)
2022-12-27T11:23:29.5167360Z Requirement already satisfied: bracex in /Users/runner/hostedtoolcache/Python/3.10.9/x64/lib/python3.10/site-packages (from cibuildwheel==2.11.3) (2.3.post1)
2022-12-27T11:23:29.5171330Z Requirement already satisfied: platformdirs in /Users/runner/hostedtoolcache/Python/3.10.9/x64/lib/python3.10/site-packages (from cibuildwheel==2.11.3) (2.6.0)
2022-12-27T11:23:29.5180120Z Requirement already satisfied: tomli in /Users/runner/hostedtoolcache/Python/3.10.9/x64/lib/python3.10/site-packages (from cibuildwheel==2.11.3) (2.0.1)
2022-12-27T11:23:29.5188250Z Requirement already satisfied: bashlex!=0.13 in /Users/runner/hostedtoolcache/Python/3.10.9/x64/lib/python3.10/site-packages (from cibuildwheel==2.11.3) (0.16)
2022-12-27T11:23:29.8567810Z 
2022-12-27T11:23:29.8568290Z      _ _       _ _   _       _           _
2022-12-27T11:23:29.8568900Z  ___|_| |_ _ _|_| |_| |_ _ _| |_ ___ ___| |
2022-12-27T11:23:29.8572090Z |  _| | . | | | | | . | | | |   | -_| -_| |
2022-12-27T11:23:29.8577260Z |___|_|___|___|_|_|___|_____|_|_|___|___|_|
2022-12-27T11:23:29.8577770Z 
2022-12-27T11:23:29.8578100Z cibuildwheel version 2.11.3
2022-12-27T11:23:29.8578540Z 
2022-12-27T11:23:29.8578690Z Build options:
2022-12-27T11:23:29.8579340Z   platform: macos
2022-12-27T11:23:29.8635480Z   architectures: arm64[0m
2022-12-27T11:23:29.8636170Z   build_selector: 
2022-12-27T11:23:29.8636910Z     build_config: cp310-macosx_arm64
2022-12-27T11:23:29.8637550Z     skip_config: 
2022-12-27T11:23:29.8638800Z     requires_python: None
2022-12-27T11:23:29.8643310Z     prerelease_pythons: False[0m
2022-12-27T11:23:29.8644360Z   [38;5;244mcontainer_engine: docker[0m
2022-12-27T11:23:29.8645490Z   output_dir: /Users/runner/actions-runner/_work/python.build/python.build/build_lxml20alpha3310/wheelsout[0m
2022-12-27T11:23:29.8646790Z   package_dir: /Users/runner/actions-runner/_work/python.build/python.build/build_lxml20alpha3310/lxml-2.0alpha3[0m
2022-12-27T11:23:29.8647830Z   test_selector: 
2022-12-27T11:23:29.8648690Z     skip_config: *_arm64[0m
2022-12-27T11:23:29.8649860Z   [38;5;244mbefore_all: [0m
2022-12-27T11:23:29.8650890Z   before_build: pip install Cython; if [[ -f requirements.txt ]]; then pip install -r requirements.txt; fi[0m
2022-12-27T11:23:29.8651870Z   [38;5;244mbefore_test: [0m
2022-12-27T11:23:29.8652920Z   [38;5;244mbuild_frontend: pip[0m
2022-12-27T11:23:29.8653570Z   build_verbosity: 3[0m
2022-12-27T11:23:29.8654380Z   [38;5;244mconfig_settings: [0m
2022-12-27T11:23:29.8655430Z   [38;5;244mdependency_constraints: pinned[0m
2022-12-27T11:23:29.8656030Z   environment: 
2022-12-27T11:23:29.8657320Z     CFLAGS="-I/usr/local/opt/openssl@3/include"
2022-12-27T11:23:29.8658240Z     LDFLAGS="-L/usr/local/opt/openssl@3/lib"
2022-12-27T11:23:29.8659170Z     CPPFLAGS="-I/usr/local/opt/openssl@3/include"
2022-12-27T11:23:29.8659970Z     MAKEFLAGS="-j$(sysctl -n hw.logicalcpu)"
2022-12-27T11:23:29.8661110Z     PATH=/usr/local/opt/ccache/libexec:$PATH[0m
2022-12-27T11:23:29.8662010Z   [38;5;244mmanylinux_images: None[0m
2022-12-27T11:23:29.8662720Z   [38;5;244mmusllinux_images: None[0m
2022-12-27T11:23:29.8664060Z   [38;5;244mrepair_command: delocate-wheel --require-archs {delocate_archs} -w {dest_dir} -v {wheel}[0m
2022-12-27T11:23:29.8666140Z   [38;5;244mtest_command: [0m
2022-12-27T11:23:29.8666840Z   [38;5;244mtest_extras: [0m
2022-12-27T11:23:29.8667700Z   [38;5;244mtest_requires: [0m
2022-12-27T11:23:29.8668340Z 
2022-12-27T11:23:29.8668720Z Cache folder: /Users/runner/Library/Caches/cibuildwheel
2022-12-27T11:23:29.8669200Z 
2022-12-27T11:23:29.8669560Z Here we go!
2022-12-27T11:23:29.8669780Z 
2022-12-27T11:23:29.8776840Z 
2022-12-27T11:23:29.8778380Z [1m[34mBuilding cp310-macosx_arm64 wheel[0m
2022-12-27T11:23:29.8779610Z CPython 3.10 macOS arm64 - Apple Silicon
2022-12-27T11:23:29.8780020Z 
2022-12-27T11:23:29.8784170Z ##[group]Installing Python cp310...
2022-12-27T11:23:29.8784630Z 
2022-12-27T11:23:29.8788890Z + pkgutil --pkgs
2022-12-27T11:23:29.8991320Z ##[endgroup]
2022-12-27T11:23:29.8994620Z                                                               [32mâœ“ [0m0.02s
2022-12-27T11:23:29.8996000Z ##[group]Setting up build environment...
2022-12-27T11:23:29.8996570Z 
2022-12-27T11:23:29.9024300Z + /Users/runner/hostedtoolcache/Python/3.10.9/x64/bin/python -sS /Users/runner/Library/Caches/cibuildwheel/virtualenv-20.17.0.pyz --activators= --no-periodic-update --pip=22.3.1 --setuptools=65.6.3 --wheel=0.38.4 --symlink-app-data --python /Library/Frameworks/Python.framework/Versions/3.10/bin/python3 /private/var/folders/51/hd414ycd67n82196sw51xqtc0000gn/T/cibw-run-fww7fe9i/cp310-macosx_arm64/build/venv
2022-12-27T11:23:30.2168890Z created virtual environment CPython3.10.8.final.0-64 in 83ms
2022-12-27T11:23:30.2170800Z   creator CPython3Posix(dest=/private/var/folders/51/hd414ycd67n82196sw51xqtc0000gn/T/cibw-run-fww7fe9i/cp310-macosx_arm64/build/venv, clear=False, no_vcs_ignore=False, global=False)
2022-12-27T11:23:30.2173250Z   seeder FromAppData(download=False, pip=22.3.1, setuptools=65.6.3, wheel=0.38.4, via=symlink, app_data_dir=/Users/runner/Library/Application Support/virtualenv)
2022-12-27T11:23:30.2174400Z     added seed packages: pip==22.3.1, setuptools==65.6.3, wheel==0.38.4
2022-12-27T11:23:30.2448780Z + python -m pip install --upgrade pip -c /Users/runner/hostedtoolcache/Python/3.10.9/x64/lib/python3.10/site-packages/cibuildwheel/resources/constraints-python310.txt
2022-12-27T11:23:30.6868720Z Requirement already satisfied: pip in ./lib/python3.10/site-packages (22.3.1)
2022-12-27T11:23:30.9290960Z + which pip
2022-12-27T11:23:30.9333940Z /private/var/folders/51/hd414ycd67n82196sw51xqtc0000gn/T/cibw-run-fww7fe9i/cp310-macosx_arm64/build/venv/bin/pip
2022-12-27T11:23:30.9342370Z + pip --version
2022-12-27T11:23:31.2656810Z pip 22.3.1 from /private/var/folders/51/hd414ycd67n82196sw51xqtc0000gn/T/cibw-run-fww7fe9i/cp310-macosx_arm64/build/venv/lib/python3.10/site-packages/pip (python 3.10)
2022-12-27T11:23:31.3238080Z + which pip
2022-12-27T11:23:31.3292320Z + which python
2022-12-27T11:23:31.3332530Z /private/var/folders/51/hd414ycd67n82196sw51xqtc0000gn/T/cibw-run-fww7fe9i/cp310-macosx_arm64/build/venv/bin/python
2022-12-27T11:23:31.3342070Z + python --version
2022-12-27T11:23:31.3442930Z Python 3.10.8
2022-12-27T11:23:31.3450870Z + which python
2022-12-27T11:23:31.3558470Z ##[endgroup]
2022-12-27T11:23:31.3559670Z                                                               [32mâœ“ [0m1.46s
2022-12-27T11:23:31.3560710Z ##[group]Installing build tools...
2022-12-27T11:23:31.3560940Z 
2022-12-27T11:23:31.3561570Z + pip install --upgrade setuptools wheel delocate -c /Users/runner/hostedtoolcache/Python/3.10.9/x64/lib/python3.10/site-packages/cibuildwheel/resources/constraints-python310.txt
2022-12-27T11:23:31.7940690Z Requirement already satisfied: setuptools in /private/var/folders/51/hd414ycd67n82196sw51xqtc0000gn/T/cibw-run-fww7fe9i/cp310-macosx_arm64/build/venv/lib/python3.10/site-packages (65.6.3)
2022-12-27T11:23:32.1080610Z Requirement already satisfied: wheel in /private/var/folders/51/hd414ycd67n82196sw51xqtc0000gn/T/cibw-run-fww7fe9i/cp310-macosx_arm64/build/venv/lib/python3.10/site-packages (0.38.4)
2022-12-27T11:23:32.1805880Z Collecting delocate
2022-12-27T11:23:32.1850210Z   Using cached delocate-0.10.3-py3-none-any.whl (142 kB)
2022-12-27T11:23:32.2223840Z Collecting typing-extensions
2022-12-27T11:23:32.2271120Z   Using cached typing_extensions-4.4.0-py3-none-any.whl (26 kB)
2022-12-27T11:23:32.2654340Z Collecting packaging>=20.9
2022-12-27T11:23:32.2692800Z   Using cached packaging-21.3-py3-none-any.whl (40 kB)
2022-12-27T11:23:32.3298930Z Collecting pyparsing!=3.0.5,>=2.0.2
2022-12-27T11:23:32.3353050Z   Using cached pyparsing-3.0.9-py3-none-any.whl (98 kB)
2022-12-27T11:23:32.3876230Z Installing collected packages: typing-extensions, pyparsing, packaging, delocate
2022-12-27T11:23:32.5851950Z Successfully installed delocate-0.10.3 packaging-21.3 pyparsing-3.0.9 typing-extensions-4.4.0
2022-12-27T11:23:32.7139880Z ##[endgroup]
2022-12-27T11:23:32.7141330Z                                                               [32mâœ“ [0m1.36s
2022-12-27T11:23:32.7142140Z ##[group]Running before_build...
2022-12-27T11:23:32.7142380Z 
2022-12-27T11:23:32.7151190Z + pip install Cython; if [[ -f requirements.txt ]]; then pip install -r requirements.txt; fi
2022-12-27T11:23:33.6814940Z Collecting Cython
2022-12-27T11:23:33.6957070Z   Using cached Cython-0.29.32-py2.py3-none-any.whl (986 kB)
2022-12-27T11:23:33.7735610Z Installing collected packages: Cython
2022-12-27T11:23:34.4532260Z Successfully installed Cython-0.29.32
2022-12-27T11:23:34.5785680Z ##[endgroup]
2022-12-27T11:23:34.5787650Z                                                               [32mâœ“ [0m1.86s
2022-12-27T11:23:34.5788720Z ##[group]Building wheel...
2022-12-27T11:23:34.5789110Z 
2022-12-27T11:23:34.5796860Z + python -m pip wheel /Users/runner/actions-runner/_work/python.build/python.build/build_lxml20alpha3310/lxml-2.0alpha3 --wheel-dir=/private/var/folders/51/hd414ycd67n82196sw51xqtc0000gn/T/cibw-run-fww7fe9i/cp310-macosx_arm64/built_wheel --no-deps -vvv
2022-12-27T11:23:34.9860740Z Created temporary directory: /private/var/folders/51/hd414ycd67n82196sw51xqtc0000gn/T/pip-ephem-wheel-cache-azk6q8an
2022-12-27T11:23:34.9865160Z Created temporary directory: /private/var/folders/51/hd414ycd67n82196sw51xqtc0000gn/T/pip-build-tracker-4wa93v2o
2022-12-27T11:23:34.9867190Z Initialized build tracking at /private/var/folders/51/hd414ycd67n82196sw51xqtc0000gn/T/pip-build-tracker-4wa93v2o
2022-12-27T11:23:34.9869340Z Created build tracker: /private/var/folders/51/hd414ycd67n82196sw51xqtc0000gn/T/pip-build-tracker-4wa93v2o
2022-12-27T11:23:34.9871910Z Entered build tracker: /private/var/folders/51/hd414ycd67n82196sw51xqtc0000gn/T/pip-build-tracker-4wa93v2o
2022-12-27T11:23:34.9878170Z Created temporary directory: /private/var/folders/51/hd414ycd67n82196sw51xqtc0000gn/T/pip-wheel-neyknakc
2022-12-27T11:23:34.9887980Z Created temporary directory: /private/var/folders/51/hd414ycd67n82196sw51xqtc0000gn/T/pip-ephem-wheel-cache-7h5mgnwc
2022-12-27T11:23:35.0227160Z Processing /Users/runner/actions-runner/_work/python.build/python.build/build_lxml20alpha3310/lxml-2.0alpha3
2022-12-27T11:23:35.0235940Z   Added file:///Users/runner/actions-runner/_work/python.build/python.build/build_lxml20alpha3310/lxml-2.0alpha3 to build tracker '/private/var/folders/51/hd414ycd67n82196sw51xqtc0000gn/T/pip-build-tracker-4wa93v2o'
2022-12-27T11:23:35.0242960Z   Running setup.py (path:/Users/runner/actions-runner/_work/python.build/python.build/build_lxml20alpha3310/lxml-2.0alpha3/setup.py) egg_info for package from file:///Users/runner/actions-runner/_work/python.build/python.build/build_lxml20alpha3310/lxml-2.0alpha3
2022-12-27T11:23:35.0246980Z   Created temporary directory: /private/var/folders/51/hd414ycd67n82196sw51xqtc0000gn/T/pip-pip-egg-info-cw069zrq
2022-12-27T11:23:35.0248590Z   Preparing metadata (setup.py): started
2022-12-27T11:23:35.0251790Z   Running command python setup.py egg_info
2022-12-27T11:23:35.2659610Z   Traceback (most recent call last):
2022-12-27T11:23:35.2673470Z     File "<string>", line 2, in <module>
2022-12-27T11:23:35.2674400Z     File "<pip-setuptools-caller>", line 34, in <module>
2022-12-27T11:23:35.2676410Z     File "/Users/runner/actions-runner/_work/python.build/python.build/build_lxml20alpha3310/lxml-2.0alpha3/setup.py", line 41
2022-12-27T11:23:35.2676920Z       print "Building lxml version", svn_version
2022-12-27T11:23:35.2677310Z       ^^^^^^^^^^^^^^^^^^^^^^^^^^^^^^^^^^^^^^^^^^
2022-12-27T11:23:35.2677770Z   SyntaxError: Missing parentheses in call to 'print'. Did you mean print(...)?
2022-12-27T11:23:35.3280010Z   error: subprocess-exited-with-error
2022-12-27T11:23:35.3280470Z   
2022-12-27T11:23:35.3281040Z   Ã— python setup.py egg_info did not run successfully.
2022-12-27T11:23:35.3281440Z   â”‚ exit code: 1
2022-12-27T11:23:35.3282450Z   â•°â”€> See above for output.
2022-12-27T11:23:35.3282800Z   
2022-12-27T11:23:35.3283150Z   note: This error originates from a subprocess, and is likely not a problem with pip.
2022-12-27T11:23:35.3294310Z   full command: /private/var/folders/51/hd414ycd67n82196sw51xqtc0000gn/T/cibw-run-fww7fe9i/cp310-macosx_arm64/build/venv/bin/python -c '
2022-12-27T11:23:35.3295370Z   exec(compile('"'"''"'"''"'"'
2022-12-27T11:23:35.3296990Z   # This is <pip-setuptools-caller> -- a caller that pip uses to run setup.py
2022-12-27T11:23:35.3298900Z   #
2022-12-27T11:23:35.3301450Z   # - It imports setuptools before invoking setup.py, to enable projects that directly
2022-12-27T11:23:35.3302590Z   #   import from `distutils.core` to work with newer packaging standards.
2022-12-27T11:23:35.3303270Z   # - It provides a clear error message when setuptools is not installed.
2022-12-27T11:23:35.3304000Z   # - It sets `sys.argv[0]` to the underlying `setup.py`, when invoking `setup.py` so
2022-12-27T11:23:35.3304970Z   #   setuptools doesn'"'"'t think the script is `-c`. This avoids the following warning:
2022-12-27T11:23:35.3305680Z   #     manifest_maker: standard file '"'"'-c'"'"' not found".
2022-12-27T11:23:35.3307180Z   # - It generates a shim setup.py, for handling setup.cfg-only projects.
2022-12-27T11:23:35.3308070Z   import os, sys, tokenize
2022-12-27T11:23:35.3308590Z   
2022-12-27T11:23:35.3308890Z   try:
2022-12-27T11:23:35.3309240Z       import setuptools
2022-12-27T11:23:35.3309740Z   except ImportError as error:
2022-12-27T11:23:35.3310170Z       print(
2022-12-27T11:23:35.3310600Z           "ERROR: Can not execute `setup.py` since setuptools is not available in "
2022-12-27T11:23:35.3311480Z           "the build environment.",
2022-12-27T11:23:35.3312020Z           file=sys.stderr,
2022-12-27T11:23:35.3312490Z       )
2022-12-27T11:23:35.3312820Z       sys.exit(1)
2022-12-27T11:23:35.3313070Z   
2022-12-27T11:23:35.3313390Z   __file__ = %r
2022-12-27T11:23:35.3313740Z   sys.argv[0] = __file__
2022-12-27T11:23:35.3314080Z   
2022-12-27T11:23:35.3314530Z   if os.path.exists(__file__):
2022-12-27T11:23:35.3314900Z       filename = __file__
2022-12-27T11:23:35.3315190Z       with tokenize.open(__file__) as f:
2022-12-27T11:23:35.3315590Z           setup_py_code = f.read()
2022-12-27T11:23:35.3316040Z   else:
2022-12-27T11:23:35.3316550Z       filename = "<auto-generated setuptools caller>"
2022-12-27T11:23:35.3316940Z       setup_py_code = "from setuptools import setup; setup()"
2022-12-27T11:23:35.3317320Z   
2022-12-27T11:23:35.3317800Z   exec(compile(setup_py_code, filename, "exec"))
2022-12-27T11:23:35.3318720Z   '"'"''"'"''"'"' % ('"'"'/Users/runner/actions-runner/_work/python.build/python.build/build_lxml20alpha3310/lxml-2.0alpha3/setup.py'"'"',), "<pip-setuptools-caller>", "exec"))' egg_info --egg-base /private/var/folders/51/hd414ycd67n82196sw51xqtc0000gn/T/pip-pip-egg-info-cw069zrq
2022-12-27T11:23:35.3319640Z   cwd: /Users/runner/actions-runner/_work/python.build/python.build/build_lxml20alpha3310/lxml-2.0alpha3/
2022-12-27T11:23:35.3320300Z   Preparing metadata (setup.py): finished with status 'error'
2022-12-27T11:23:35.3327990Z error: metadata-generation-failed
2022-12-27T11:23:35.3328280Z 
2022-12-27T11:23:35.3328580Z Ã— Encountered error while generating package metadata.
2022-12-27T11:23:35.3329120Z â•°â”€> See above for output.
2022-12-27T11:23:35.3330250Z 
2022-12-27T11:23:35.3330500Z note: This is an issue with the package mentioned above, not pip.
2022-12-27T11:23:35.3330940Z hint: See above for details.
2022-12-27T11:23:35.3370710Z Exception information:
2022-12-27T11:23:35.3371230Z Traceback (most recent call last):
2022-12-27T11:23:35.3372660Z   File "/private/var/folders/51/hd414ycd67n82196sw51xqtc0000gn/T/cibw-run-fww7fe9i/cp310-macosx_arm64/build/venv/lib/python3.10/site-packages/pip/_internal/operations/build/metadata_legacy.py", line 64, in generate_metadata
2022-12-27T11:23:35.3506190Z     call_subprocess(
2022-12-27T11:23:35.3510190Z   File "/private/var/folders/51/hd414ycd67n82196sw51xqtc0000gn/T/cibw-run-fww7fe9i/cp310-macosx_arm64/build/venv/lib/python3.10/site-packages/pip/_internal/utils/subprocess.py", line 224, in call_subprocess
2022-12-27T11:23:35.3512590Z     raise error
2022-12-27T11:23:35.3516910Z pip._internal.exceptions.InstallationSubprocessError: python setup.py egg_info exited with 1
2022-12-27T11:23:35.3518490Z 
2022-12-27T11:23:35.3519740Z The above exception was the direct cause of the following exception:
2022-12-27T11:23:35.3519960Z 
2022-12-27T11:23:35.3520060Z Traceback (most recent call last):
2022-12-27T11:23:35.3522610Z   File "/private/var/folders/51/hd414ycd67n82196sw51xqtc0000gn/T/cibw-run-fww7fe9i/cp310-macosx_arm64/build/venv/lib/python3.10/site-packages/pip/_internal/cli/base_command.py", line 160, in exc_logging_wrapper
2022-12-27T11:23:35.3524950Z     status = run_func(*args)
2022-12-27T11:23:35.3526060Z   File "/private/var/folders/51/hd414ycd67n82196sw51xqtc0000gn/T/cibw-run-fww7fe9i/cp310-macosx_arm64/build/venv/lib/python3.10/site-packages/pip/_internal/cli/req_command.py", line 247, in wrapper
2022-12-27T11:23:35.3527380Z     return func(self, options, args)
2022-12-27T11:23:35.3529650Z   File "/private/var/folders/51/hd414ycd67n82196sw51xqtc0000gn/T/cibw-run-fww7fe9i/cp310-macosx_arm64/build/venv/lib/python3.10/site-packages/pip/_internal/commands/wheel.py", line 170, in run
2022-12-27T11:23:35.3530570Z     requirement_set = resolver.resolve(reqs, check_supported_wheels=True)
2022-12-27T11:23:35.3532780Z   File "/private/var/folders/51/hd414ycd67n82196sw51xqtc0000gn/T/cibw-run-fww7fe9i/cp310-macosx_arm64/build/venv/lib/python3.10/site-packages/pip/_internal/resolution/resolvelib/resolver.py", line 73, in resolve
2022-12-27T11:23:35.3533560Z     collected = self.factory.collect_root_requirements(root_reqs)
2022-12-27T11:23:35.3535000Z   File "/private/var/folders/51/hd414ycd67n82196sw51xqtc0000gn/T/cibw-run-fww7fe9i/cp310-macosx_arm64/build/venv/lib/python3.10/site-packages/pip/_internal/resolution/resolvelib/factory.py", line 491, in collect_root_requirements
2022-12-27T11:23:35.3536210Z     req = self._make_requirement_from_install_req(
2022-12-27T11:23:35.3538210Z   File "/private/var/folders/51/hd414ycd67n82196sw51xqtc0000gn/T/cibw-run-fww7fe9i/cp310-macosx_arm64/build/venv/lib/python3.10/site-packages/pip/_internal/resolution/resolvelib/factory.py", line 453, in _make_requirement_from_install_req
2022-12-27T11:23:35.3539580Z     cand = self._make_candidate_from_link(
2022-12-27T11:23:35.3541160Z   File "/private/var/folders/51/hd414ycd67n82196sw51xqtc0000gn/T/cibw-run-fww7fe9i/cp310-macosx_arm64/build/venv/lib/python3.10/site-packages/pip/_internal/resolution/resolvelib/factory.py", line 206, in _make_candidate_from_link
2022-12-27T11:23:35.3542230Z     self._link_candidate_cache[link] = LinkCandidate(
2022-12-27T11:23:35.3543750Z   File "/private/var/folders/51/hd414ycd67n82196sw51xqtc0000gn/T/cibw-run-fww7fe9i/cp310-macosx_arm64/build/venv/lib/python3.10/site-packages/pip/_internal/resolution/resolvelib/candidates.py", line 297, in __init__
2022-12-27T11:23:35.3544460Z     super().__init__(
2022-12-27T11:23:35.3545240Z   File "/private/var/folders/51/hd414ycd67n82196sw51xqtc0000gn/T/cibw-run-fww7fe9i/cp310-macosx_arm64/build/venv/lib/python3.10/site-packages/pip/_internal/resolution/resolvelib/candidates.py", line 162, in __init__
2022-12-27T11:23:35.3545870Z     self.dist = self._prepare()
2022-12-27T11:23:35.3547070Z   File "/private/var/folders/51/hd414ycd67n82196sw51xqtc0000gn/T/cibw-run-fww7fe9i/cp310-macosx_arm64/build/venv/lib/python3.10/site-packages/pip/_internal/resolution/resolvelib/candidates.py", line 231, in _prepare
2022-12-27T11:23:35.3547680Z     dist = self._prepare_distribution()
2022-12-27T11:23:35.3548530Z   File "/private/var/folders/51/hd414ycd67n82196sw51xqtc0000gn/T/cibw-run-fww7fe9i/cp310-macosx_arm64/build/venv/lib/python3.10/site-packages/pip/_internal/resolution/resolvelib/candidates.py", line 308, in _prepare_distribution
2022-12-27T11:23:35.3549140Z     return preparer.prepare_linked_requirement(self._ireq, parallel_builds=True)
2022-12-27T11:23:35.3550050Z   File "/private/var/folders/51/hd414ycd67n82196sw51xqtc0000gn/T/cibw-run-fww7fe9i/cp310-macosx_arm64/build/venv/lib/python3.10/site-packages/pip/_internal/operations/prepare.py", line 491, in prepare_linked_requirement
2022-12-27T11:23:35.3550580Z     return self._prepare_linked_requirement(req, parallel_builds)
2022-12-27T11:23:35.3551380Z   File "/private/var/folders/51/hd414ycd67n82196sw51xqtc0000gn/T/cibw-run-fww7fe9i/cp310-macosx_arm64/build/venv/lib/python3.10/site-packages/pip/_internal/operations/prepare.py", line 577, in _prepare_linked_requirement
2022-12-27T11:23:35.3551890Z     dist = _get_prepared_distribution(
2022-12-27T11:23:35.3552750Z   File "/private/var/folders/51/hd414ycd67n82196sw51xqtc0000gn/T/cibw-run-fww7fe9i/cp310-macosx_arm64/build/venv/lib/python3.10/site-packages/pip/_internal/operations/prepare.py", line 69, in _get_prepared_distribution
2022-12-27T11:23:35.3553380Z     abstract_dist.prepare_distribution_metadata(
2022-12-27T11:23:35.3554500Z   File "/private/var/folders/51/hd414ycd67n82196sw51xqtc0000gn/T/cibw-run-fww7fe9i/cp310-macosx_arm64/build/venv/lib/python3.10/site-packages/pip/_internal/distributions/sdist.py", line 61, in prepare_distribution_metadata
2022-12-27T11:23:35.3555070Z     self.req.prepare_metadata()
2022-12-27T11:23:35.3555890Z   File "/private/var/folders/51/hd414ycd67n82196sw51xqtc0000gn/T/cibw-run-fww7fe9i/cp310-macosx_arm64/build/venv/lib/python3.10/site-packages/pip/_internal/req/req_install.py", line 541, in prepare_metadata
2022-12-27T11:23:35.3556490Z     self.metadata_directory = generate_metadata_legacy(
2022-12-27T11:23:35.3557360Z   File "/private/var/folders/51/hd414ycd67n82196sw51xqtc0000gn/T/cibw-run-fww7fe9i/cp310-macosx_arm64/build/venv/lib/python3.10/site-packages/pip/_internal/operations/build/metadata_legacy.py", line 71, in generate_metadata
2022-12-27T11:23:35.3558050Z     raise MetadataGenerationFailed(package_details=details) from error
2022-12-27T11:23:35.3558490Z pip._internal.exceptions.MetadataGenerationFailed: metadata generation failed
2022-12-27T11:23:35.3559390Z Removed file:///Users/runner/actions-runner/_work/python.build/python.build/build_lxml20alpha3310/lxml-2.0alpha3 from build tracker '/private/var/folders/51/hd414ycd67n82196sw51xqtc0000gn/T/pip-build-tracker-4wa93v2o'
2022-12-27T11:23:35.3560400Z Removed build tracker: '/private/var/folders/51/hd414ycd67n82196sw51xqtc0000gn/T/pip-build-tracker-4wa93v2o'
2022-12-27T11:23:35.4497750Z ##[endgroup]
2022-12-27T11:23:35.4533810Z ##[error]Command ['python', '-m', 'pip', 'wheel', '/Users/runner/actions-runner/_work/python.build/python.build/build_lxml20alpha3310/lxml-2.0alpha3', '--wheel-dir=/private/var/folders/51/hd414ycd67n82196sw51xqtc0000gn/T/cibw-run-fww7fe9i/cp310-macosx_arm64/built_wheel', '--no-deps', '-vvv'] failed with code 1. None
2022-12-27T11:23:35.4543470Z 
2022-12-27T11:23:35.4543970Z                                                               [31mâœ• [0m0.87s
2022-12-27T11:23:35.5362770Z ##[error]Process completed with exit code 1.
2022-12-27T11:23:35.5419140Z ##[group]Run rm -rf build_lxml20alpha3310 wheelsout
2022-12-27T11:23:35.5419600Z [36;1mrm -rf build_lxml20alpha3310 wheelsout[0m
2022-12-27T11:23:35.5447300Z shell: /bin/bash -e {0}
2022-12-27T11:23:35.5447630Z env:
2022-12-27T11:23:35.5448000Z   pythonLocation: /Users/runner/hostedtoolcache/Python/3.10.9/x64
2022-12-27T11:23:35.5448690Z   PKG_CONFIG_PATH: /Users/runner/hostedtoolcache/Python/3.10.9/x64/lib/pkgconfig
2022-12-27T11:23:35.5449060Z   Python_ROOT_DIR: /Users/runner/hostedtoolcache/Python/3.10.9/x64
2022-12-27T11:23:35.5449480Z   Python2_ROOT_DIR: /Users/runner/hostedtoolcache/Python/3.10.9/x64
2022-12-27T11:23:35.5450050Z   Python3_ROOT_DIR: /Users/runner/hostedtoolcache/Python/3.10.9/x64
2022-12-27T11:23:35.5450360Z ##[endgroup]
2022-12-27T11:23:35.6396210Z Cleaning up orphan processes
