2022-12-27T08:46:11.9284822Z Requested labels: self-hosted, macOS, X64
2022-12-27T08:46:11.9284920Z Job defined at: kilnbuild/python.build/.github/workflows/mac_arm_build.yml@refs/heads/main
2022-12-27T08:46:11.9284952Z Waiting for a runner to pick up this job...
2022-12-27T11:05:11.5522503Z Job is about to start running on the runner: s1 (organization)
2022-12-27T11:05:15.2643290Z Current runner version: '2.300.2'
2022-12-27T11:05:15.2648360Z Runner name: 's1'
2022-12-27T11:05:15.2648620Z Runner group name: 'Default'
2022-12-27T11:05:15.2649070Z Machine name: 's1'
2022-12-27T11:05:15.2650600Z ##[group]GITHUB_TOKEN Permissions
2022-12-27T11:05:15.2651020Z Actions: write
2022-12-27T11:05:15.2651170Z Checks: write
2022-12-27T11:05:15.2651300Z Contents: write
2022-12-27T11:05:15.2651440Z Deployments: write
2022-12-27T11:05:15.2651590Z Discussions: write
2022-12-27T11:05:15.2651730Z Issues: write
2022-12-27T11:05:15.2651860Z Metadata: read
2022-12-27T11:05:15.2652000Z Packages: write
2022-12-27T11:05:15.2652140Z Pages: write
2022-12-27T11:05:15.2652280Z PullRequests: write
2022-12-27T11:05:15.2652450Z RepositoryProjects: write
2022-12-27T11:05:15.2652620Z SecurityEvents: write
2022-12-27T11:05:15.2652770Z Statuses: write
2022-12-27T11:05:15.2652910Z ##[endgroup]
2022-12-27T11:05:15.2655440Z Secret source: Actions
2022-12-27T11:05:15.2655760Z Prepare workflow directory
2022-12-27T11:05:15.3334510Z Prepare all required actions
2022-12-27T11:05:15.3457780Z Getting action download info
2022-12-27T11:05:15.7984920Z Download action repository 'actions/setup-python@v4' (SHA:5ccb29d8773c3f3f653e1705f474dfaa8a06a912)
2022-12-27T11:05:17.5980160Z Download action repository 'actions/upload-artifact@v3' (SHA:83fd05a356d7e2593de66fc9913b3002723633cb)
2022-12-27T11:05:18.9249740Z ##[group]Run echo '{
2022-12-27T11:05:18.9250080Z [36;1mecho '{[0m
2022-12-27T11:05:18.9250260Z [36;1m  "package_name": "lxml",[0m
2022-12-27T11:05:18.9250520Z [36;1m  "package_url": "https://files.pythonhosted.org/packages/d8/7f/b384d5b459b8b965218e8b89e748393cbddbd7090eb4febca20fa483492d/lxml-1.1alpha.tar.gz",[0m
2022-12-27T11:05:18.9250750Z [36;1m  "package_version": "1.1alpha",[0m
2022-12-27T11:05:18.9250910Z [36;1m  "python_version": "3.11",[0m
2022-12-27T11:05:18.9251100Z [36;1m  "use_ccache": "true"[0m
2022-12-27T11:05:18.9251240Z [36;1m}'[0m
2022-12-27T11:05:18.9266990Z shell: /bin/bash -e {0}
2022-12-27T11:05:18.9267140Z ##[endgroup]
2022-12-27T11:05:18.9484250Z {
2022-12-27T11:05:18.9485640Z   "package_name": "lxml",
2022-12-27T11:05:18.9486310Z   "package_url": "https://files.pythonhosted.org/packages/d8/7f/b384d5b459b8b965218e8b89e748393cbddbd7090eb4febca20fa483492d/lxml-1.1alpha.tar.gz",
2022-12-27T11:05:18.9486600Z   "package_version": "1.1alpha",
2022-12-27T11:05:18.9486800Z   "python_version": "3.11",
2022-12-27T11:05:18.9487020Z   "use_ccache": "true"
2022-12-27T11:05:18.9487180Z }
2022-12-27T11:05:18.9704750Z ##[group]Run actions/setup-python@v4
2022-12-27T11:05:18.9705080Z with:
2022-12-27T11:05:18.9705340Z   python-version: 3.11
2022-12-27T11:05:18.9705510Z   check-latest: false
2022-12-27T11:05:18.9705810Z   token: ***
2022-12-27T11:05:18.9706010Z   update-environment: true
2022-12-27T11:05:18.9706190Z ##[endgroup]
2022-12-27T11:05:19.0979860Z ##[group]Installed versions
2022-12-27T11:05:19.1017270Z Successfully set up CPython (3.11.1)
2022-12-27T11:05:19.1018110Z ##[endgroup]
2022-12-27T11:05:19.1168200Z ##[group]Run if [ "true" == "true" ]
2022-12-27T11:05:19.1168540Z [36;1mif [ "true" == "true" ][0m
2022-12-27T11:05:19.1168750Z [36;1mthen[0m
2022-12-27T11:05:19.1168940Z [36;1m  echo "CCACHE_PATH_PREPEND=/usr/local/opt/ccache/libexec" >> $GITHUB_OUTPUT[0m
2022-12-27T11:05:19.1169140Z [36;1melse[0m
2022-12-27T11:05:19.1169550Z [36;1m  echo "CCACHE_PATH_PREPEND=" >> $GITHUB_OUTPUT[0m
2022-12-27T11:05:19.1169750Z [36;1mfi[0m
2022-12-27T11:05:19.1188000Z shell: /bin/bash -e {0}
2022-12-27T11:05:19.1188180Z env:
2022-12-27T11:05:19.1188410Z   pythonLocation: /Users/runner/hostedtoolcache/Python/3.11.1/x64
2022-12-27T11:05:19.1188690Z   PKG_CONFIG_PATH: /Users/runner/hostedtoolcache/Python/3.11.1/x64/lib/pkgconfig
2022-12-27T11:05:19.1188910Z   Python_ROOT_DIR: /Users/runner/hostedtoolcache/Python/3.11.1/x64
2022-12-27T11:05:19.1189220Z   Python2_ROOT_DIR: /Users/runner/hostedtoolcache/Python/3.11.1/x64
2022-12-27T11:05:19.1189510Z   Python3_ROOT_DIR: /Users/runner/hostedtoolcache/Python/3.11.1/x64
2022-12-27T11:05:19.1189940Z ##[endgroup]
2022-12-27T11:05:19.1300500Z ##[group]Run echo "BUILD_NAME=$(echo lxml_1.1alpha_3.11 | tr -dc '[:alnum:]\n\r' | tr '[:upper:]' '[:lower:]')" >> $GITHUB_OUTPUT
2022-12-27T11:05:19.1300980Z [36;1mecho "BUILD_NAME=$(echo lxml_1.1alpha_3.11 | tr -dc '[:alnum:]\n\r' | tr '[:upper:]' '[:lower:]')" >> $GITHUB_OUTPUT[0m
2022-12-27T11:05:19.1316170Z shell: /bin/bash -e {0}
2022-12-27T11:05:19.1316370Z env:
2022-12-27T11:05:19.1316560Z   pythonLocation: /Users/runner/hostedtoolcache/Python/3.11.1/x64
2022-12-27T11:05:19.1316830Z   PKG_CONFIG_PATH: /Users/runner/hostedtoolcache/Python/3.11.1/x64/lib/pkgconfig
2022-12-27T11:05:19.1317180Z   Python_ROOT_DIR: /Users/runner/hostedtoolcache/Python/3.11.1/x64
2022-12-27T11:05:19.1317390Z   Python2_ROOT_DIR: /Users/runner/hostedtoolcache/Python/3.11.1/x64
2022-12-27T11:05:19.1317650Z   Python3_ROOT_DIR: /Users/runner/hostedtoolcache/Python/3.11.1/x64
2022-12-27T11:05:19.1317850Z ##[endgroup]
2022-12-27T11:05:19.1467540Z ##[group]Run echo "PYTHON_NO_DOTS=$(echo 3.11 | tr -dc '[:alnum:]\n\r' | tr '[:upper:]' '[:lower:]')" >> $GITHUB_OUTPUT
2022-12-27T11:05:19.1467970Z [36;1mecho "PYTHON_NO_DOTS=$(echo 3.11 | tr -dc '[:alnum:]\n\r' | tr '[:upper:]' '[:lower:]')" >> $GITHUB_OUTPUT[0m
2022-12-27T11:05:19.1482780Z shell: /bin/bash -e {0}
2022-12-27T11:05:19.1482960Z env:
2022-12-27T11:05:19.1483140Z   pythonLocation: /Users/runner/hostedtoolcache/Python/3.11.1/x64
2022-12-27T11:05:19.1483800Z   PKG_CONFIG_PATH: /Users/runner/hostedtoolcache/Python/3.11.1/x64/lib/pkgconfig
2022-12-27T11:05:19.1483990Z   Python_ROOT_DIR: /Users/runner/hostedtoolcache/Python/3.11.1/x64
2022-12-27T11:05:19.1484230Z   Python2_ROOT_DIR: /Users/runner/hostedtoolcache/Python/3.11.1/x64
2022-12-27T11:05:19.1484450Z   Python3_ROOT_DIR: /Users/runner/hostedtoolcache/Python/3.11.1/x64
2022-12-27T11:05:19.1484640Z ##[endgroup]
2022-12-27T11:05:19.1598880Z ##[group]Run rm -rf build_lxml11alpha311
2022-12-27T11:05:19.1599280Z [36;1mrm -rf build_lxml11alpha311[0m
2022-12-27T11:05:19.1599520Z [36;1mmkdir build_lxml11alpha311[0m
2022-12-27T11:05:19.1599710Z [36;1mcd build_lxml11alpha311[0m
2022-12-27T11:05:19.1600020Z [36;1m/usr/local/bin/wget --quiet https://files.pythonhosted.org/packages/d8/7f/b384d5b459b8b965218e8b89e748393cbddbd7090eb4febca20fa483492d/lxml-1.1alpha.tar.gz[0m
2022-12-27T11:05:19.1600290Z [36;1mtar xf *.tar.gz[0m
2022-12-27T11:05:19.1600450Z [36;1mcd *[0m
2022-12-27T11:05:19.1600610Z [36;1mpython -m pip install cibuildwheel==2.11.3[0m
2022-12-27T11:05:19.1600860Z [36;1mpython -m cibuildwheel --output-dir ../wheelsout[0m
2022-12-27T11:05:19.1615770Z shell: /bin/bash -e {0}
2022-12-27T11:05:19.1615940Z env:
2022-12-27T11:05:19.1616200Z   pythonLocation: /Users/runner/hostedtoolcache/Python/3.11.1/x64
2022-12-27T11:05:19.1616510Z   PKG_CONFIG_PATH: /Users/runner/hostedtoolcache/Python/3.11.1/x64/lib/pkgconfig
2022-12-27T11:05:19.1616730Z   Python_ROOT_DIR: /Users/runner/hostedtoolcache/Python/3.11.1/x64
2022-12-27T11:05:19.1616970Z   Python2_ROOT_DIR: /Users/runner/hostedtoolcache/Python/3.11.1/x64
2022-12-27T11:05:19.1617230Z   Python3_ROOT_DIR: /Users/runner/hostedtoolcache/Python/3.11.1/x64
2022-12-27T11:05:19.1617440Z   CIBW_ARCHS_MACOS: arm64
2022-12-27T11:05:19.1617590Z   CIBW_TEST_SKIP: *_arm64
2022-12-27T11:05:19.1617770Z   CIBW_BUILD: cp311-macosx_arm64
2022-12-27T11:05:19.1617960Z   CIBW_BUILD_FRONTEND: pip
2022-12-27T11:05:19.1618130Z   CIBW_BUILD_VERBOSITY: 3
2022-12-27T11:05:19.1618440Z   CIBW_ENVIRONMENT_MACOS:  CFLAGS="-I/usr/local/opt/openssl@3/include" LDFLAGS="-L/usr/local/opt/openssl@3/lib" CPPFLAGS="-I/usr/local/opt/openssl@3/include" MAKEFLAGS="-j$(sysctl -n hw.logicalcpu)" PATH=/usr/local/opt/ccache/libexec:$PATH
2022-12-27T11:05:19.1618810Z   CIBW_BEFORE_BUILD: pip install Cython; if [[ -f requirements.txt ]]; then pip install -r requirements.txt; fi
2022-12-27T11:05:19.1619050Z   MAKEFLAGS: -j$(sysctl -n hw.logicalcpu)
2022-12-27T11:05:19.1619210Z ##[endgroup]
2022-12-27T11:05:19.5048940Z Requirement already satisfied: cibuildwheel==2.11.3 in /Library/Frameworks/Python.framework/Versions/3.11/lib/python3.11/site-packages (2.11.3)
2022-12-27T11:05:19.5378560Z Requirement already satisfied: bashlex!=0.13 in /Library/Frameworks/Python.framework/Versions/3.11/lib/python3.11/site-packages (from cibuildwheel==2.11.3) (0.16)
2022-12-27T11:05:19.5384430Z Requirement already satisfied: bracex in /Library/Frameworks/Python.framework/Versions/3.11/lib/python3.11/site-packages (from cibuildwheel==2.11.3) (2.3.post1)
2022-12-27T11:05:19.5391090Z Requirement already satisfied: certifi in /Library/Frameworks/Python.framework/Versions/3.11/lib/python3.11/site-packages (from cibuildwheel==2.11.3) (2022.12.7)
2022-12-27T11:05:19.5397420Z Requirement already satisfied: filelock in /Library/Frameworks/Python.framework/Versions/3.11/lib/python3.11/site-packages (from cibuildwheel==2.11.3) (3.8.2)
2022-12-27T11:05:19.5406820Z Requirement already satisfied: packaging>=20.9 in /Library/Frameworks/Python.framework/Versions/3.11/lib/python3.11/site-packages (from cibuildwheel==2.11.3) (22.0)
2022-12-27T11:05:19.5414840Z Requirement already satisfied: platformdirs in /Library/Frameworks/Python.framework/Versions/3.11/lib/python3.11/site-packages (from cibuildwheel==2.11.3) (2.6.0)
2022-12-27T11:05:19.7666000Z 
2022-12-27T11:05:19.7666290Z      _ _       _ _   _       _           _
2022-12-27T11:05:19.7666720Z  ___|_| |_ _ _|_| |_| |_ _ _| |_ ___ ___| |
2022-12-27T11:05:19.7667720Z |  _| | . | | | | | . | | | |   | -_| -_| |
2022-12-27T11:05:19.7668150Z |___|_|___|___|_|_|___|_____|_|_|___|___|_|
2022-12-27T11:05:19.7668250Z 
2022-12-27T11:05:19.7668360Z cibuildwheel version 2.11.3
2022-12-27T11:05:19.7668500Z 
2022-12-27T11:05:19.7668600Z Build options:
2022-12-27T11:05:19.7668820Z   platform: macos
2022-12-27T11:05:19.7700160Z   architectures: arm64[0m
2022-12-27T11:05:19.7700640Z   build_selector: 
2022-12-27T11:05:19.7701720Z     build_config: cp311-macosx_arm64
2022-12-27T11:05:19.7701990Z     skip_config: 
2022-12-27T11:05:19.7702240Z     requires_python: None
2022-12-27T11:05:19.7702740Z     prerelease_pythons: False[0m
2022-12-27T11:05:19.7703070Z   [38;5;244mcontainer_engine: docker[0m
2022-12-27T11:05:19.7703450Z   output_dir: /Users/runner/actions-runner/_work/python.build/python.build/build_lxml11alpha311/wheelsout[0m
2022-12-27T11:05:19.7704130Z   package_dir: /Users/runner/actions-runner/_work/python.build/python.build/build_lxml11alpha311/lxml-1.1alpha[0m
2022-12-27T11:05:19.7704440Z   test_selector: 
2022-12-27T11:05:19.7704690Z     skip_config: *_arm64[0m
2022-12-27T11:05:19.7705070Z   [38;5;244mbefore_all: [0m
2022-12-27T11:05:19.7705590Z   before_build: pip install Cython; if [[ -f requirements.txt ]]; then pip install -r requirements.txt; fi[0m
2022-12-27T11:05:19.7705960Z   [38;5;244mbefore_test: [0m
2022-12-27T11:05:19.7706200Z   [38;5;244mbuild_frontend: pip[0m
2022-12-27T11:05:19.7706490Z   build_verbosity: 3[0m
2022-12-27T11:05:19.7706940Z   [38;5;244mconfig_settings: [0m
2022-12-27T11:05:19.7707220Z   [38;5;244mdependency_constraints: pinned[0m
2022-12-27T11:05:19.7707470Z   environment: 
2022-12-27T11:05:19.7707780Z     CFLAGS="-I/usr/local/opt/openssl@3/include"
2022-12-27T11:05:19.7708060Z     LDFLAGS="-L/usr/local/opt/openssl@3/lib"
2022-12-27T11:05:19.7708550Z     CPPFLAGS="-I/usr/local/opt/openssl@3/include"
2022-12-27T11:05:19.7708880Z     MAKEFLAGS="-j$(sysctl -n hw.logicalcpu)"
2022-12-27T11:05:19.7709170Z     PATH=/usr/local/opt/ccache/libexec:$PATH[0m
2022-12-27T11:05:19.7709490Z   [38;5;244mmanylinux_images: None[0m
2022-12-27T11:05:19.7709930Z   [38;5;244mmusllinux_images: None[0m
2022-12-27T11:05:19.7710330Z   [38;5;244mrepair_command: delocate-wheel --require-archs {delocate_archs} -w {dest_dir} -v {wheel}[0m
2022-12-27T11:05:19.7710640Z   [38;5;244mtest_command: [0m
2022-12-27T11:05:19.7710920Z   [38;5;244mtest_extras: [0m
2022-12-27T11:05:19.7711200Z   [38;5;244mtest_requires: [0m
2022-12-27T11:05:19.7711440Z 
2022-12-27T11:05:19.7711520Z Cache folder: /Users/runner/Library/Caches/cibuildwheel
2022-12-27T11:05:19.7719850Z 
2022-12-27T11:05:19.7720050Z Here we go!
2022-12-27T11:05:19.7720170Z 
2022-12-27T11:05:19.7764490Z 
2022-12-27T11:05:19.7765050Z [1m[34mBuilding cp311-macosx_arm64 wheel[0m
2022-12-27T11:05:19.7765550Z CPython 3.11 macOS arm64 - Apple Silicon
2022-12-27T11:05:19.7765770Z 
2022-12-27T11:05:19.7768810Z ##[group]Installing Python cp311...
2022-12-27T11:05:19.7769010Z 
2022-12-27T11:05:19.7769210Z + pkgutil --pkgs
2022-12-27T11:05:19.7869970Z ##[endgroup]
2022-12-27T11:05:19.7870950Z                                                               [32mâœ“ [0m0.01s
2022-12-27T11:05:19.7871540Z ##[group]Setting up build environment...
2022-12-27T11:05:19.7871650Z 
2022-12-27T11:05:19.7888180Z + /Library/Frameworks/Python.framework/Versions/3.11/bin/python -sS /Users/runner/Library/Caches/cibuildwheel/virtualenv-20.17.0.pyz --activators= --no-periodic-update --pip=22.3.1 --setuptools=65.6.3 --wheel=0.38.4 --symlink-app-data --python /Library/Frameworks/Python.framework/Versions/3.11/bin/python3 /private/var/folders/51/hd414ycd67n82196sw51xqtc0000gn/T/cibw-run-1z5w2x5i/cp311-macosx_arm64/build/venv
2022-12-27T11:05:19.9783100Z created virtual environment CPython3.11.1.final.0-64 in 49ms
2022-12-27T11:05:19.9783910Z   creator CPython3Posix(dest=/private/var/folders/51/hd414ycd67n82196sw51xqtc0000gn/T/cibw-run-1z5w2x5i/cp311-macosx_arm64/build/venv, clear=False, no_vcs_ignore=False, global=False)
2022-12-27T11:05:19.9784530Z   seeder FromAppData(download=False, pip=22.3.1, setuptools=65.6.3, wheel=0.38.4, via=symlink, app_data_dir=/Users/runner/Library/Application Support/virtualenv)
2022-12-27T11:05:19.9784920Z     added seed packages: pip==22.3.1, setuptools==65.6.3, wheel==0.38.4
2022-12-27T11:05:19.9910070Z + python -m pip install --upgrade pip -c /Library/Frameworks/Python.framework/Versions/3.11/lib/python3.11/site-packages/cibuildwheel/resources/constraints-python311.txt
2022-12-27T11:05:20.2626210Z Requirement already satisfied: pip in ./lib/python3.11/site-packages (22.3.1)
2022-12-27T11:05:20.3893310Z + which pip
2022-12-27T11:05:20.3910670Z /private/var/folders/51/hd414ycd67n82196sw51xqtc0000gn/T/cibw-run-1z5w2x5i/cp311-macosx_arm64/build/venv/bin/pip
2022-12-27T11:05:20.3912940Z + pip --version
2022-12-27T11:05:20.5915200Z pip 22.3.1 from /private/var/folders/51/hd414ycd67n82196sw51xqtc0000gn/T/cibw-run-1z5w2x5i/cp311-macosx_arm64/build/venv/lib/python3.11/site-packages/pip (python 3.11)
2022-12-27T11:05:20.6180100Z + which pip
2022-12-27T11:05:20.6207200Z + which python
2022-12-27T11:05:20.6225460Z /private/var/folders/51/hd414ycd67n82196sw51xqtc0000gn/T/cibw-run-1z5w2x5i/cp311-macosx_arm64/build/venv/bin/python
2022-12-27T11:05:20.6227400Z + python --version
2022-12-27T11:05:20.6281920Z Python 3.11.1
2022-12-27T11:05:20.6285330Z + which python
2022-12-27T11:05:20.6337390Z ##[endgroup]
2022-12-27T11:05:20.6337850Z                                                               [32mâœ“ [0m0.85s
2022-12-27T11:05:20.6338550Z ##[group]Installing build tools...
2022-12-27T11:05:20.6338710Z 
2022-12-27T11:05:20.6339150Z + pip install --upgrade setuptools wheel delocate -c /Library/Frameworks/Python.framework/Versions/3.11/lib/python3.11/site-packages/cibuildwheel/resources/constraints-python311.txt
2022-12-27T11:05:20.9143530Z Requirement already satisfied: setuptools in /private/var/folders/51/hd414ycd67n82196sw51xqtc0000gn/T/cibw-run-1z5w2x5i/cp311-macosx_arm64/build/venv/lib/python3.11/site-packages (65.6.3)
2022-12-27T11:05:21.1012250Z Requirement already satisfied: wheel in /private/var/folders/51/hd414ycd67n82196sw51xqtc0000gn/T/cibw-run-1z5w2x5i/cp311-macosx_arm64/build/venv/lib/python3.11/site-packages (0.38.4)
2022-12-27T11:05:21.1413030Z Collecting delocate
2022-12-27T11:05:21.1434690Z   Using cached delocate-0.10.3-py3-none-any.whl (142 kB)
2022-12-27T11:05:21.1696110Z Collecting packaging>=20.9
2022-12-27T11:05:21.1714560Z   Using cached packaging-21.3-py3-none-any.whl (40 kB)
2022-12-27T11:05:21.1865140Z Collecting typing-extensions
2022-12-27T11:05:21.1883650Z   Using cached typing_extensions-4.4.0-py3-none-any.whl (26 kB)
2022-12-27T11:05:21.2211520Z Collecting pyparsing!=3.0.5,>=2.0.2
2022-12-27T11:05:21.2229060Z   Using cached pyparsing-3.0.9-py3-none-any.whl (98 kB)
2022-12-27T11:05:21.2838700Z Installing collected packages: typing-extensions, pyparsing, packaging, delocate
2022-12-27T11:05:21.4214830Z Successfully installed delocate-0.10.3 packaging-21.3 pyparsing-3.0.9 typing-extensions-4.4.0
2022-12-27T11:05:21.4660010Z ##[endgroup]
2022-12-27T11:05:21.4660590Z                                                               [32mâœ“ [0m0.83s
2022-12-27T11:05:21.4661130Z ##[group]Running before_build...
2022-12-27T11:05:21.4661230Z 
2022-12-27T11:05:21.4665640Z + pip install Cython; if [[ -f requirements.txt ]]; then pip install -r requirements.txt; fi
2022-12-27T11:05:22.0501460Z Collecting Cython
2022-12-27T11:05:22.0545600Z   Using cached Cython-0.29.32-py2.py3-none-any.whl (986 kB)
2022-12-27T11:05:22.0963610Z Installing collected packages: Cython
2022-12-27T11:05:22.5140910Z Successfully installed Cython-0.29.32
2022-12-27T11:05:22.5585510Z ##[endgroup]
2022-12-27T11:05:22.5586060Z                                                               [32mâœ“ [0m1.09s
2022-12-27T11:05:22.5586510Z ##[group]Building wheel...
2022-12-27T11:05:22.5586640Z 
2022-12-27T11:05:22.5591230Z + python -m pip wheel /Users/runner/actions-runner/_work/python.build/python.build/build_lxml11alpha311/lxml-1.1alpha --wheel-dir=/private/var/folders/51/hd414ycd67n82196sw51xqtc0000gn/T/cibw-run-1z5w2x5i/cp311-macosx_arm64/built_wheel --no-deps -vvv
2022-12-27T11:05:22.8081900Z Created temporary directory: /private/var/folders/51/hd414ycd67n82196sw51xqtc0000gn/T/pip-ephem-wheel-cache-qbyo_yy9
2022-12-27T11:05:22.8085860Z Created temporary directory: /private/var/folders/51/hd414ycd67n82196sw51xqtc0000gn/T/pip-build-tracker-c0y8pmr3
2022-12-27T11:05:22.8088210Z Initialized build tracking at /private/var/folders/51/hd414ycd67n82196sw51xqtc0000gn/T/pip-build-tracker-c0y8pmr3
2022-12-27T11:05:22.8089900Z Created build tracker: /private/var/folders/51/hd414ycd67n82196sw51xqtc0000gn/T/pip-build-tracker-c0y8pmr3
2022-12-27T11:05:22.8091740Z Entered build tracker: /private/var/folders/51/hd414ycd67n82196sw51xqtc0000gn/T/pip-build-tracker-c0y8pmr3
2022-12-27T11:05:22.8094950Z Created temporary directory: /private/var/folders/51/hd414ycd67n82196sw51xqtc0000gn/T/pip-wheel-djsi_uf9
2022-12-27T11:05:22.8100310Z Created temporary directory: /private/var/folders/51/hd414ycd67n82196sw51xqtc0000gn/T/pip-ephem-wheel-cache-4f7au1ed
2022-12-27T11:05:22.8175790Z Processing /Users/runner/actions-runner/_work/python.build/python.build/build_lxml11alpha311/lxml-1.1alpha
2022-12-27T11:05:22.8181120Z   Added file:///Users/runner/actions-runner/_work/python.build/python.build/build_lxml11alpha311/lxml-1.1alpha to build tracker '/private/var/folders/51/hd414ycd67n82196sw51xqtc0000gn/T/pip-build-tracker-c0y8pmr3'
2022-12-27T11:05:22.8184710Z   Running setup.py (path:/Users/runner/actions-runner/_work/python.build/python.build/build_lxml11alpha311/lxml-1.1alpha/setup.py) egg_info for package from file:///Users/runner/actions-runner/_work/python.build/python.build/build_lxml11alpha311/lxml-1.1alpha
2022-12-27T11:05:22.8187780Z   Created temporary directory: /private/var/folders/51/hd414ycd67n82196sw51xqtc0000gn/T/pip-pip-egg-info-iw5wtu09
2022-12-27T11:05:22.8189340Z   Preparing metadata (setup.py): started
2022-12-27T11:05:22.8191190Z   Running command python setup.py egg_info
2022-12-27T11:05:22.9598070Z   Traceback (most recent call last):
2022-12-27T11:05:22.9607120Z     File "<string>", line 2, in <module>
2022-12-27T11:05:22.9607760Z     File "<pip-setuptools-caller>", line 34, in <module>
2022-12-27T11:05:22.9608440Z     File "/Users/runner/actions-runner/_work/python.build/python.build/build_lxml11alpha311/lxml-1.1alpha/setup.py", line 25
2022-12-27T11:05:22.9608870Z       raise NotImplementedError, \
2022-12-27T11:05:22.9609090Z                                ^
2022-12-27T11:05:22.9609330Z   SyntaxError: invalid syntax
2022-12-27T11:05:22.9956460Z   error: subprocess-exited-with-error
2022-12-27T11:05:22.9956740Z   
2022-12-27T11:05:22.9957100Z   Ã— python setup.py egg_info did not run successfully.
2022-12-27T11:05:22.9957400Z   â”‚ exit code: 1
2022-12-27T11:05:22.9957630Z   â•°â”€> See above for output.
2022-12-27T11:05:22.9957980Z   
2022-12-27T11:05:22.9958260Z   note: This error originates from a subprocess, and is likely not a problem with pip.
2022-12-27T11:05:22.9966470Z   full command: /private/var/folders/51/hd414ycd67n82196sw51xqtc0000gn/T/cibw-run-1z5w2x5i/cp311-macosx_arm64/build/venv/bin/python -c '
2022-12-27T11:05:22.9966970Z   exec(compile('"'"''"'"''"'"'
2022-12-27T11:05:22.9967520Z   # This is <pip-setuptools-caller> -- a caller that pip uses to run setup.py
2022-12-27T11:05:22.9968060Z   #
2022-12-27T11:05:22.9968510Z   # - It imports setuptools before invoking setup.py, to enable projects that directly
2022-12-27T11:05:22.9968980Z   #   import from `distutils.core` to work with newer packaging standards.
2022-12-27T11:05:22.9969670Z   # - It provides a clear error message when setuptools is not installed.
2022-12-27T11:05:22.9970230Z   # - It sets `sys.argv[0]` to the underlying `setup.py`, when invoking `setup.py` so
2022-12-27T11:05:22.9970710Z   #   setuptools doesn'"'"'t think the script is `-c`. This avoids the following warning:
2022-12-27T11:05:22.9971340Z   #     manifest_maker: standard file '"'"'-c'"'"' not found".
2022-12-27T11:05:22.9971850Z   # - It generates a shim setup.py, for handling setup.cfg-only projects.
2022-12-27T11:05:22.9972150Z   import os, sys, tokenize
2022-12-27T11:05:22.9972420Z   
2022-12-27T11:05:22.9972680Z   try:
2022-12-27T11:05:22.9973070Z       import setuptools
2022-12-27T11:05:22.9973320Z   except ImportError as error:
2022-12-27T11:05:22.9973590Z       print(
2022-12-27T11:05:22.9974420Z           "ERROR: Can not execute `setup.py` since setuptools is not available in "
2022-12-27T11:05:22.9974760Z           "the build environment.",
2022-12-27T11:05:22.9975220Z           file=sys.stderr,
2022-12-27T11:05:22.9975490Z       )
2022-12-27T11:05:22.9975680Z       sys.exit(1)
2022-12-27T11:05:22.9975920Z   
2022-12-27T11:05:22.9976300Z   __file__ = %r
2022-12-27T11:05:22.9976520Z   sys.argv[0] = __file__
2022-12-27T11:05:22.9976760Z   
2022-12-27T11:05:22.9977010Z   if os.path.exists(__file__):
2022-12-27T11:05:22.9977250Z       filename = __file__
2022-12-27T11:05:22.9977680Z       with tokenize.open(__file__) as f:
2022-12-27T11:05:22.9977980Z           setup_py_code = f.read()
2022-12-27T11:05:22.9978200Z   else:
2022-12-27T11:05:22.9978610Z       filename = "<auto-generated setuptools caller>"
2022-12-27T11:05:22.9978960Z       setup_py_code = "from setuptools import setup; setup()"
2022-12-27T11:05:22.9979340Z   
2022-12-27T11:05:22.9979630Z   exec(compile(setup_py_code, filename, "exec"))
2022-12-27T11:05:22.9980470Z   '"'"''"'"''"'"' % ('"'"'/Users/runner/actions-runner/_work/python.build/python.build/build_lxml11alpha311/lxml-1.1alpha/setup.py'"'"',), "<pip-setuptools-caller>", "exec"))' egg_info --egg-base /private/var/folders/51/hd414ycd67n82196sw51xqtc0000gn/T/pip-pip-egg-info-iw5wtu09
2022-12-27T11:05:22.9981240Z   cwd: /Users/runner/actions-runner/_work/python.build/python.build/build_lxml11alpha311/lxml-1.1alpha/
2022-12-27T11:05:22.9981720Z   Preparing metadata (setup.py): finished with status 'error'
2022-12-27T11:05:22.9985830Z error: metadata-generation-failed
2022-12-27T11:05:22.9985970Z 
2022-12-27T11:05:22.9986150Z Ã— Encountered error while generating package metadata.
2022-12-27T11:05:22.9986410Z â•°â”€> See above for output.
2022-12-27T11:05:22.9986490Z 
2022-12-27T11:05:22.9986610Z note: This is an issue with the package mentioned above, not pip.
2022-12-27T11:05:22.9986960Z hint: See above for details.
2022-12-27T11:05:23.0018980Z Exception information:
2022-12-27T11:05:23.0019190Z Traceback (most recent call last):
2022-12-27T11:05:23.0019880Z   File "/private/var/folders/51/hd414ycd67n82196sw51xqtc0000gn/T/cibw-run-1z5w2x5i/cp311-macosx_arm64/build/venv/lib/python3.11/site-packages/pip/_internal/operations/build/metadata_legacy.py", line 64, in generate_metadata
2022-12-27T11:05:23.0020650Z     call_subprocess(
2022-12-27T11:05:23.0021410Z   File "/private/var/folders/51/hd414ycd67n82196sw51xqtc0000gn/T/cibw-run-1z5w2x5i/cp311-macosx_arm64/build/venv/lib/python3.11/site-packages/pip/_internal/utils/subprocess.py", line 224, in call_subprocess
2022-12-27T11:05:23.0021770Z     raise error
2022-12-27T11:05:23.0022080Z pip._internal.exceptions.InstallationSubprocessError: python setup.py egg_info exited with 1
2022-12-27T11:05:23.0022300Z 
2022-12-27T11:05:23.0022410Z The above exception was the direct cause of the following exception:
2022-12-27T11:05:23.0022990Z 
2022-12-27T11:05:23.0023070Z Traceback (most recent call last):
2022-12-27T11:05:23.0023640Z   File "/private/var/folders/51/hd414ycd67n82196sw51xqtc0000gn/T/cibw-run-1z5w2x5i/cp311-macosx_arm64/build/venv/lib/python3.11/site-packages/pip/_internal/cli/base_command.py", line 160, in exc_logging_wrapper
2022-12-27T11:05:23.0024090Z     status = run_func(*args)
2022-12-27T11:05:23.0024270Z              ^^^^^^^^^^^^^^^
2022-12-27T11:05:23.0024700Z   File "/private/var/folders/51/hd414ycd67n82196sw51xqtc0000gn/T/cibw-run-1z5w2x5i/cp311-macosx_arm64/build/venv/lib/python3.11/site-packages/pip/_internal/cli/req_command.py", line 247, in wrapper
2022-12-27T11:05:23.0025260Z     return func(self, options, args)
2022-12-27T11:05:23.0025530Z            ^^^^^^^^^^^^^^^^^^^^^^^^^
2022-12-27T11:05:23.0026060Z   File "/private/var/folders/51/hd414ycd67n82196sw51xqtc0000gn/T/cibw-run-1z5w2x5i/cp311-macosx_arm64/build/venv/lib/python3.11/site-packages/pip/_internal/commands/wheel.py", line 170, in run
2022-12-27T11:05:23.0026400Z     requirement_set = resolver.resolve(reqs, check_supported_wheels=True)
2022-12-27T11:05:23.0026930Z                       ^^^^^^^^^^^^^^^^^^^^^^^^^^^^^^^^^^^^^^^^^^^^^^^^^^^
2022-12-27T11:05:23.0027540Z   File "/private/var/folders/51/hd414ycd67n82196sw51xqtc0000gn/T/cibw-run-1z5w2x5i/cp311-macosx_arm64/build/venv/lib/python3.11/site-packages/pip/_internal/resolution/resolvelib/resolver.py", line 73, in resolve
2022-12-27T11:05:23.0027910Z     collected = self.factory.collect_root_requirements(root_reqs)
2022-12-27T11:05:23.0028140Z                 ^^^^^^^^^^^^^^^^^^^^^^^^^^^^^^^^^^^^^^^^^^^^^^^^^
2022-12-27T11:05:23.0028640Z   File "/private/var/folders/51/hd414ycd67n82196sw51xqtc0000gn/T/cibw-run-1z5w2x5i/cp311-macosx_arm64/build/venv/lib/python3.11/site-packages/pip/_internal/resolution/resolvelib/factory.py", line 491, in collect_root_requirements
2022-12-27T11:05:23.0029060Z     req = self._make_requirement_from_install_req(
2022-12-27T11:05:23.0029230Z           ^^^^^^^^^^^^^^^^^^^^^^^^^^^^^^^^^^^^^^^^
2022-12-27T11:05:23.0029750Z   File "/private/var/folders/51/hd414ycd67n82196sw51xqtc0000gn/T/cibw-run-1z5w2x5i/cp311-macosx_arm64/build/venv/lib/python3.11/site-packages/pip/_internal/resolution/resolvelib/factory.py", line 453, in _make_requirement_from_install_req
2022-12-27T11:05:23.0030080Z     cand = self._make_candidate_from_link(
2022-12-27T11:05:23.0030350Z            ^^^^^^^^^^^^^^^^^^^^^^^^^^^^^^^
2022-12-27T11:05:23.0030780Z   File "/private/var/folders/51/hd414ycd67n82196sw51xqtc0000gn/T/cibw-run-1z5w2x5i/cp311-macosx_arm64/build/venv/lib/python3.11/site-packages/pip/_internal/resolution/resolvelib/factory.py", line 206, in _make_candidate_from_link
2022-12-27T11:05:23.0031110Z     self._link_candidate_cache[link] = LinkCandidate(
2022-12-27T11:05:23.0031320Z                                        ^^^^^^^^^^^^^^
2022-12-27T11:05:23.0031770Z   File "/private/var/folders/51/hd414ycd67n82196sw51xqtc0000gn/T/cibw-run-1z5w2x5i/cp311-macosx_arm64/build/venv/lib/python3.11/site-packages/pip/_internal/resolution/resolvelib/candidates.py", line 297, in __init__
2022-12-27T11:05:23.0032120Z     super().__init__(
2022-12-27T11:05:23.0032540Z   File "/private/var/folders/51/hd414ycd67n82196sw51xqtc0000gn/T/cibw-run-1z5w2x5i/cp311-macosx_arm64/build/venv/lib/python3.11/site-packages/pip/_internal/resolution/resolvelib/candidates.py", line 162, in __init__
2022-12-27T11:05:23.0033020Z     self.dist = self._prepare()
2022-12-27T11:05:23.0033220Z                 ^^^^^^^^^^^^^^^
2022-12-27T11:05:23.0033740Z   File "/private/var/folders/51/hd414ycd67n82196sw51xqtc0000gn/T/cibw-run-1z5w2x5i/cp311-macosx_arm64/build/venv/lib/python3.11/site-packages/pip/_internal/resolution/resolvelib/candidates.py", line 231, in _prepare
2022-12-27T11:05:23.0034060Z     dist = self._prepare_distribution()
2022-12-27T11:05:23.0034220Z            ^^^^^^^^^^^^^^^^^^^^^^^^^^^^
2022-12-27T11:05:23.0034710Z   File "/private/var/folders/51/hd414ycd67n82196sw51xqtc0000gn/T/cibw-run-1z5w2x5i/cp311-macosx_arm64/build/venv/lib/python3.11/site-packages/pip/_internal/resolution/resolvelib/candidates.py", line 308, in _prepare_distribution
2022-12-27T11:05:23.0035090Z     return preparer.prepare_linked_requirement(self._ireq, parallel_builds=True)
2022-12-27T11:05:23.0035400Z            ^^^^^^^^^^^^^^^^^^^^^^^^^^^^^^^^^^^^^^^^^^^^^^^^^^^^^^^^^^^^^^^^^^^^^
2022-12-27T11:05:23.0036060Z   File "/private/var/folders/51/hd414ycd67n82196sw51xqtc0000gn/T/cibw-run-1z5w2x5i/cp311-macosx_arm64/build/venv/lib/python3.11/site-packages/pip/_internal/operations/prepare.py", line 491, in prepare_linked_requirement
2022-12-27T11:05:23.0036380Z     return self._prepare_linked_requirement(req, parallel_builds)
2022-12-27T11:05:23.0036600Z            ^^^^^^^^^^^^^^^^^^^^^^^^^^^^^^^^^^^^^^^^^^^^^^^^^^^^^^
2022-12-27T11:05:23.0037150Z   File "/private/var/folders/51/hd414ycd67n82196sw51xqtc0000gn/T/cibw-run-1z5w2x5i/cp311-macosx_arm64/build/venv/lib/python3.11/site-packages/pip/_internal/operations/prepare.py", line 577, in _prepare_linked_requirement
2022-12-27T11:05:23.0037460Z     dist = _get_prepared_distribution(
2022-12-27T11:05:23.0037620Z            ^^^^^^^^^^^^^^^^^^^^^^^^^^^
2022-12-27T11:05:23.0038230Z   File "/private/var/folders/51/hd414ycd67n82196sw51xqtc0000gn/T/cibw-run-1z5w2x5i/cp311-macosx_arm64/build/venv/lib/python3.11/site-packages/pip/_internal/operations/prepare.py", line 69, in _get_prepared_distribution
2022-12-27T11:05:23.0038590Z     abstract_dist.prepare_distribution_metadata(
2022-12-27T11:05:23.0039180Z   File "/private/var/folders/51/hd414ycd67n82196sw51xqtc0000gn/T/cibw-run-1z5w2x5i/cp311-macosx_arm64/build/venv/lib/python3.11/site-packages/pip/_internal/distributions/sdist.py", line 61, in prepare_distribution_metadata
2022-12-27T11:05:23.0039510Z     self.req.prepare_metadata()
2022-12-27T11:05:23.0039950Z   File "/private/var/folders/51/hd414ycd67n82196sw51xqtc0000gn/T/cibw-run-1z5w2x5i/cp311-macosx_arm64/build/venv/lib/python3.11/site-packages/pip/_internal/req/req_install.py", line 541, in prepare_metadata
2022-12-27T11:05:23.0040230Z     self.metadata_directory = generate_metadata_legacy(
2022-12-27T11:05:23.0040510Z                               ^^^^^^^^^^^^^^^^^^^^^^^^^
2022-12-27T11:05:23.0040990Z   File "/private/var/folders/51/hd414ycd67n82196sw51xqtc0000gn/T/cibw-run-1z5w2x5i/cp311-macosx_arm64/build/venv/lib/python3.11/site-packages/pip/_internal/operations/build/metadata_legacy.py", line 71, in generate_metadata
2022-12-27T11:05:23.0041360Z     raise MetadataGenerationFailed(package_details=details) from error
2022-12-27T11:05:23.0041620Z pip._internal.exceptions.MetadataGenerationFailed: metadata generation failed
2022-12-27T11:05:23.0042120Z Removed file:///Users/runner/actions-runner/_work/python.build/python.build/build_lxml11alpha311/lxml-1.1alpha from build tracker '/private/var/folders/51/hd414ycd67n82196sw51xqtc0000gn/T/pip-build-tracker-c0y8pmr3'
2022-12-27T11:05:23.0042650Z Removed build tracker: '/private/var/folders/51/hd414ycd67n82196sw51xqtc0000gn/T/pip-build-tracker-c0y8pmr3'
2022-12-27T11:05:23.0395820Z ##[endgroup]
2022-12-27T11:05:23.0419420Z ##[error]Command ['python', '-m', 'pip', 'wheel', '/Users/runner/actions-runner/_work/python.build/python.build/build_lxml11alpha311/lxml-1.1alpha', '--wheel-dir=/private/var/folders/51/hd414ycd67n82196sw51xqtc0000gn/T/cibw-run-1z5w2x5i/cp311-macosx_arm64/built_wheel', '--no-deps', '-vvv'] failed with code 1. None
2022-12-27T11:05:23.0426040Z 
2022-12-27T11:05:23.0426390Z                                                               [31mâœ• [0m0.48s
2022-12-27T11:05:23.0919950Z ##[error]Process completed with exit code 1.
2022-12-27T11:05:23.1013980Z ##[group]Run rm -rf build_lxml11alpha311 wheelsout
2022-12-27T11:05:23.1014220Z [36;1mrm -rf build_lxml11alpha311 wheelsout[0m
2022-12-27T11:05:23.1031130Z shell: /bin/bash -e {0}
2022-12-27T11:05:23.1031310Z env:
2022-12-27T11:05:23.1031520Z   pythonLocation: /Users/runner/hostedtoolcache/Python/3.11.1/x64
2022-12-27T11:05:23.1031750Z   PKG_CONFIG_PATH: /Users/runner/hostedtoolcache/Python/3.11.1/x64/lib/pkgconfig
2022-12-27T11:05:23.1032000Z   Python_ROOT_DIR: /Users/runner/hostedtoolcache/Python/3.11.1/x64
2022-12-27T11:05:23.1032240Z   Python2_ROOT_DIR: /Users/runner/hostedtoolcache/Python/3.11.1/x64
2022-12-27T11:05:23.1032440Z   Python3_ROOT_DIR: /Users/runner/hostedtoolcache/Python/3.11.1/x64
2022-12-27T11:05:23.1032640Z ##[endgroup]
2022-12-27T11:05:23.1305000Z Cleaning up orphan processes
