2022-12-27T08:54:27.5761124Z Requested labels: self-hosted, macOS, X64
2022-12-27T08:54:27.5761217Z Job defined at: kilnbuild/python.build/.github/workflows/mac_arm_build.yml@refs/heads/main
2022-12-27T08:54:27.5761243Z Waiting for a runner to pick up this job...
2022-12-27T11:30:36.9155495Z Job is about to start running on the runner: k1 (organization)
2022-12-27T11:30:40.0109730Z Current runner version: '2.300.2'
2022-12-27T11:30:40.0114630Z Runner name: 'k1'
2022-12-27T11:30:40.0114910Z Runner group name: 'Default'
2022-12-27T11:30:40.0115390Z Machine name: 'k1'
2022-12-27T11:30:40.0117290Z ##[group]GITHUB_TOKEN Permissions
2022-12-27T11:30:40.0117730Z Actions: write
2022-12-27T11:30:40.0117900Z Checks: write
2022-12-27T11:30:40.0118070Z Contents: write
2022-12-27T11:30:40.0118240Z Deployments: write
2022-12-27T11:30:40.0118430Z Discussions: write
2022-12-27T11:30:40.0118600Z Issues: write
2022-12-27T11:30:40.0118760Z Metadata: read
2022-12-27T11:30:40.0118930Z Packages: write
2022-12-27T11:30:40.0119100Z Pages: write
2022-12-27T11:30:40.0119280Z PullRequests: write
2022-12-27T11:30:40.0119500Z RepositoryProjects: write
2022-12-27T11:30:40.0119710Z SecurityEvents: write
2022-12-27T11:30:40.0119900Z Statuses: write
2022-12-27T11:30:40.0120070Z ##[endgroup]
2022-12-27T11:30:40.0122420Z Secret source: Actions
2022-12-27T11:30:40.0122770Z Prepare workflow directory
2022-12-27T11:30:40.0748140Z Prepare all required actions
2022-12-27T11:30:40.0863240Z Getting action download info
2022-12-27T11:30:40.5868270Z Download action repository 'actions/setup-python@v4' (SHA:5ccb29d8773c3f3f653e1705f474dfaa8a06a912)
2022-12-27T11:30:42.3442430Z Download action repository 'actions/upload-artifact@v3' (SHA:83fd05a356d7e2593de66fc9913b3002723633cb)
2022-12-27T11:30:43.6457200Z ##[group]Run echo '{
2022-12-27T11:30:43.6457510Z [36;1mecho '{[0m
2022-12-27T11:30:43.6457680Z [36;1m  "package_name": "lxml",[0m
2022-12-27T11:30:43.6457940Z [36;1m  "package_url": "https://files.pythonhosted.org/packages/fa/d0/c52e0209cf6ba8c4f732ae55036900fc790b6bf7f7734f1c20b887f8b1da/lxml-2.2beta3.tar.gz",[0m
2022-12-27T11:30:43.6458190Z [36;1m  "package_version": "2.2beta3",[0m
2022-12-27T11:30:43.6458340Z [36;1m  "python_version": "3.8",[0m
2022-12-27T11:30:43.6458450Z [36;1m  "use_ccache": "true"[0m
2022-12-27T11:30:43.6458570Z [36;1m}'[0m
2022-12-27T11:30:43.6473860Z shell: /bin/bash -e {0}
2022-12-27T11:30:43.6474050Z ##[endgroup]
2022-12-27T11:30:43.6682740Z {
2022-12-27T11:30:43.6683980Z   "package_name": "lxml",
2022-12-27T11:30:43.6684630Z   "package_url": "https://files.pythonhosted.org/packages/fa/d0/c52e0209cf6ba8c4f732ae55036900fc790b6bf7f7734f1c20b887f8b1da/lxml-2.2beta3.tar.gz",
2022-12-27T11:30:43.6684880Z   "package_version": "2.2beta3",
2022-12-27T11:30:43.6685130Z   "python_version": "3.8",
2022-12-27T11:30:43.6685310Z   "use_ccache": "true"
2022-12-27T11:30:43.6685460Z }
2022-12-27T11:30:43.6908670Z ##[group]Run actions/setup-python@v4
2022-12-27T11:30:43.6909000Z with:
2022-12-27T11:30:43.6909190Z   python-version: 3.8
2022-12-27T11:30:43.6909340Z   check-latest: false
2022-12-27T11:30:43.6909620Z   token: ***
2022-12-27T11:30:43.6909820Z   update-environment: true
2022-12-27T11:30:43.6910070Z ##[endgroup]
2022-12-27T11:30:43.8154760Z ##[group]Installed versions
2022-12-27T11:30:43.8256790Z Successfully set up CPython (3.8.15)
2022-12-27T11:30:43.8257700Z ##[endgroup]
2022-12-27T11:30:43.8406070Z ##[group]Run if [ "true" == "true" ]
2022-12-27T11:30:43.8406530Z [36;1mif [ "true" == "true" ][0m
2022-12-27T11:30:43.8406730Z [36;1mthen[0m
2022-12-27T11:30:43.8406960Z [36;1m  echo "CCACHE_PATH_PREPEND=/usr/local/opt/ccache/libexec" >> $GITHUB_OUTPUT[0m
2022-12-27T11:30:43.8407140Z [36;1melse[0m
2022-12-27T11:30:43.8407420Z [36;1m  echo "CCACHE_PATH_PREPEND=" >> $GITHUB_OUTPUT[0m
2022-12-27T11:30:43.8407870Z [36;1mfi[0m
2022-12-27T11:30:43.8425080Z shell: /bin/bash -e {0}
2022-12-27T11:30:43.8425370Z env:
2022-12-27T11:30:43.8425630Z   pythonLocation: /Users/runner/hostedtoolcache/Python/3.8.15/x64
2022-12-27T11:30:43.8425900Z   PKG_CONFIG_PATH: /Users/runner/hostedtoolcache/Python/3.8.15/x64/lib/pkgconfig
2022-12-27T11:30:43.8426120Z   Python_ROOT_DIR: /Users/runner/hostedtoolcache/Python/3.8.15/x64
2022-12-27T11:30:43.8426440Z   Python2_ROOT_DIR: /Users/runner/hostedtoolcache/Python/3.8.15/x64
2022-12-27T11:30:43.8426820Z   Python3_ROOT_DIR: /Users/runner/hostedtoolcache/Python/3.8.15/x64
2022-12-27T11:30:43.8427380Z ##[endgroup]
2022-12-27T11:30:43.8547240Z ##[group]Run echo "BUILD_NAME=$(echo lxml_2.2beta3_3.8 | tr -dc '[:alnum:]\n\r' | tr '[:upper:]' '[:lower:]')" >> $GITHUB_OUTPUT
2022-12-27T11:30:43.8547590Z [36;1mecho "BUILD_NAME=$(echo lxml_2.2beta3_3.8 | tr -dc '[:alnum:]\n\r' | tr '[:upper:]' '[:lower:]')" >> $GITHUB_OUTPUT[0m
2022-12-27T11:30:43.8562890Z shell: /bin/bash -e {0}
2022-12-27T11:30:43.8563170Z env:
2022-12-27T11:30:43.8607860Z   pythonLocation: /Users/runner/hostedtoolcache/Python/3.8.15/x64
2022-12-27T11:30:43.8608110Z   PKG_CONFIG_PATH: /Users/runner/hostedtoolcache/Python/3.8.15/x64/lib/pkgconfig
2022-12-27T11:30:43.8608320Z   Python_ROOT_DIR: /Users/runner/hostedtoolcache/Python/3.8.15/x64
2022-12-27T11:30:43.8608530Z   Python2_ROOT_DIR: /Users/runner/hostedtoolcache/Python/3.8.15/x64
2022-12-27T11:30:43.8608700Z   Python3_ROOT_DIR: /Users/runner/hostedtoolcache/Python/3.8.15/x64
2022-12-27T11:30:43.8608840Z ##[endgroup]
2022-12-27T11:30:43.8726550Z ##[group]Run echo "PYTHON_NO_DOTS=$(echo 3.8 | tr -dc '[:alnum:]\n\r' | tr '[:upper:]' '[:lower:]')" >> $GITHUB_OUTPUT
2022-12-27T11:30:43.8727080Z [36;1mecho "PYTHON_NO_DOTS=$(echo 3.8 | tr -dc '[:alnum:]\n\r' | tr '[:upper:]' '[:lower:]')" >> $GITHUB_OUTPUT[0m
2022-12-27T11:30:43.8740930Z shell: /bin/bash -e {0}
2022-12-27T11:30:43.8741080Z env:
2022-12-27T11:30:43.8741280Z   pythonLocation: /Users/runner/hostedtoolcache/Python/3.8.15/x64
2022-12-27T11:30:43.8741600Z   PKG_CONFIG_PATH: /Users/runner/hostedtoolcache/Python/3.8.15/x64/lib/pkgconfig
2022-12-27T11:30:43.8741810Z   Python_ROOT_DIR: /Users/runner/hostedtoolcache/Python/3.8.15/x64
2022-12-27T11:30:43.8742050Z   Python2_ROOT_DIR: /Users/runner/hostedtoolcache/Python/3.8.15/x64
2022-12-27T11:30:43.8742290Z   Python3_ROOT_DIR: /Users/runner/hostedtoolcache/Python/3.8.15/x64
2022-12-27T11:30:43.8742520Z ##[endgroup]
2022-12-27T11:30:43.8857190Z ##[group]Run rm -rf build_lxml22beta338
2022-12-27T11:30:43.8857580Z [36;1mrm -rf build_lxml22beta338[0m
2022-12-27T11:30:43.8857810Z [36;1mmkdir build_lxml22beta338[0m
2022-12-27T11:30:43.8857960Z [36;1mcd build_lxml22beta338[0m
2022-12-27T11:30:43.8858310Z [36;1m/usr/local/bin/wget --quiet https://files.pythonhosted.org/packages/fa/d0/c52e0209cf6ba8c4f732ae55036900fc790b6bf7f7734f1c20b887f8b1da/lxml-2.2beta3.tar.gz[0m
2022-12-27T11:30:43.8858580Z [36;1mtar xf *.tar.gz[0m
2022-12-27T11:30:43.8858720Z [36;1mcd *[0m
2022-12-27T11:30:43.8858910Z [36;1mpython -m pip install cibuildwheel==2.11.3[0m
2022-12-27T11:30:43.8859180Z [36;1mpython -m cibuildwheel --output-dir ../wheelsout[0m
2022-12-27T11:30:43.8872850Z shell: /bin/bash -e {0}
2022-12-27T11:30:43.8873000Z env:
2022-12-27T11:30:43.8873210Z   pythonLocation: /Users/runner/hostedtoolcache/Python/3.8.15/x64
2022-12-27T11:30:43.8873570Z   PKG_CONFIG_PATH: /Users/runner/hostedtoolcache/Python/3.8.15/x64/lib/pkgconfig
2022-12-27T11:30:43.8873790Z   Python_ROOT_DIR: /Users/runner/hostedtoolcache/Python/3.8.15/x64
2022-12-27T11:30:43.8874030Z   Python2_ROOT_DIR: /Users/runner/hostedtoolcache/Python/3.8.15/x64
2022-12-27T11:30:43.8874280Z   Python3_ROOT_DIR: /Users/runner/hostedtoolcache/Python/3.8.15/x64
2022-12-27T11:30:43.8874500Z   CIBW_ARCHS_MACOS: arm64
2022-12-27T11:30:43.8874680Z   CIBW_TEST_SKIP: *_arm64
2022-12-27T11:30:43.8874870Z   CIBW_BUILD: cp38-macosx_arm64
2022-12-27T11:30:43.8875020Z   CIBW_BUILD_FRONTEND: pip
2022-12-27T11:30:43.8875210Z   CIBW_BUILD_VERBOSITY: 3
2022-12-27T11:30:43.8875570Z   CIBW_ENVIRONMENT_MACOS:  CFLAGS="-I/usr/local/opt/openssl@3/include" LDFLAGS="-L/usr/local/opt/openssl@3/lib" CPPFLAGS="-I/usr/local/opt/openssl@3/include" MAKEFLAGS="-j$(sysctl -n hw.logicalcpu)" PATH=/usr/local/opt/ccache/libexec:$PATH
2022-12-27T11:30:43.8875950Z   CIBW_BEFORE_BUILD: pip install Cython; if [[ -f requirements.txt ]]; then pip install -r requirements.txt; fi
2022-12-27T11:30:43.8876170Z   MAKEFLAGS: -j$(sysctl -n hw.logicalcpu)
2022-12-27T11:30:43.8876360Z ##[endgroup]
2022-12-27T11:30:44.3540160Z Requirement already satisfied: cibuildwheel==2.11.3 in /Users/runner/hostedtoolcache/Python/3.8.15/x64/lib/python3.8/site-packages (2.11.3)
2022-12-27T11:30:44.3880840Z Requirement already satisfied: bashlex!=0.13 in /Users/runner/hostedtoolcache/Python/3.8.15/x64/lib/python3.8/site-packages (from cibuildwheel==2.11.3) (0.16)
2022-12-27T11:30:44.3886000Z Requirement already satisfied: tomli in /Users/runner/hostedtoolcache/Python/3.8.15/x64/lib/python3.8/site-packages (from cibuildwheel==2.11.3) (2.0.1)
2022-12-27T11:30:44.3889580Z Requirement already satisfied: certifi in /Users/runner/hostedtoolcache/Python/3.8.15/x64/lib/python3.8/site-packages (from cibuildwheel==2.11.3) (2022.12.7)
2022-12-27T11:30:44.3894530Z Requirement already satisfied: packaging>=20.9 in /Users/runner/hostedtoolcache/Python/3.8.15/x64/lib/python3.8/site-packages (from cibuildwheel==2.11.3) (22.0)
2022-12-27T11:30:44.3904110Z Requirement already satisfied: typing-extensions>=4.1.0 in /Users/runner/hostedtoolcache/Python/3.8.15/x64/lib/python3.8/site-packages (from cibuildwheel==2.11.3) (4.4.0)
2022-12-27T11:30:44.3907660Z Requirement already satisfied: filelock in /Users/runner/hostedtoolcache/Python/3.8.15/x64/lib/python3.8/site-packages (from cibuildwheel==2.11.3) (3.8.2)
2022-12-27T11:30:44.3910790Z Requirement already satisfied: platformdirs in /Users/runner/hostedtoolcache/Python/3.8.15/x64/lib/python3.8/site-packages (from cibuildwheel==2.11.3) (2.6.0)
2022-12-27T11:30:44.3914050Z Requirement already satisfied: bracex in /Users/runner/hostedtoolcache/Python/3.8.15/x64/lib/python3.8/site-packages (from cibuildwheel==2.11.3) (2.3.post1)
2022-12-27T11:30:44.5576350Z 
2022-12-27T11:30:44.5576760Z      _ _       _ _   _       _           _
2022-12-27T11:30:44.5577220Z  ___|_| |_ _ _|_| |_| |_ _ _| |_ ___ ___| |
2022-12-27T11:30:44.5577830Z |  _| | . | | | | | . | | | |   | -_| -_| |
2022-12-27T11:30:44.5578670Z |___|_|___|___|_|_|___|_____|_|_|___|___|_|
2022-12-27T11:30:44.5578830Z 
2022-12-27T11:30:44.5579010Z cibuildwheel version 2.11.3
2022-12-27T11:30:44.5579170Z 
2022-12-27T11:30:44.5579290Z Build options:
2022-12-27T11:30:44.5579530Z   platform: macos
2022-12-27T11:30:44.5674210Z   architectures: arm64[0m
2022-12-27T11:30:44.5674540Z   build_selector: 
2022-12-27T11:30:44.5675280Z     build_config: cp38-macosx_arm64
2022-12-27T11:30:44.5675550Z     skip_config: 
2022-12-27T11:30:44.5675960Z     requires_python: None
2022-12-27T11:30:44.5676540Z     prerelease_pythons: False[0m
2022-12-27T11:30:44.5677130Z   [38;5;244mcontainer_engine: docker[0m
2022-12-27T11:30:44.5677720Z   output_dir: /Users/runner/actions-runner/_work/python.build/python.build/build_lxml22beta338/wheelsout[0m
2022-12-27T11:30:44.5678390Z   package_dir: /Users/runner/actions-runner/_work/python.build/python.build/build_lxml22beta338/lxml-2.2beta3[0m
2022-12-27T11:30:44.5678790Z   test_selector: 
2022-12-27T11:30:44.5679090Z     skip_config: *_arm64[0m
2022-12-27T11:30:44.5679500Z   [38;5;244mbefore_all: [0m
2022-12-27T11:30:44.5680050Z   before_build: pip install Cython; if [[ -f requirements.txt ]]; then pip install -r requirements.txt; fi[0m
2022-12-27T11:30:44.5680470Z   [38;5;244mbefore_test: [0m
2022-12-27T11:30:44.5680830Z   [38;5;244mbuild_frontend: pip[0m
2022-12-27T11:30:44.5681240Z   build_verbosity: 3[0m
2022-12-27T11:30:44.5681570Z   [38;5;244mconfig_settings: [0m
2022-12-27T11:30:44.5681970Z   [38;5;244mdependency_constraints: pinned[0m
2022-12-27T11:30:44.5682270Z   environment: 
2022-12-27T11:30:44.5682610Z     CFLAGS="-I/usr/local/opt/openssl@3/include"
2022-12-27T11:30:44.5683100Z     LDFLAGS="-L/usr/local/opt/openssl@3/lib"
2022-12-27T11:30:44.5683540Z     CPPFLAGS="-I/usr/local/opt/openssl@3/include"
2022-12-27T11:30:44.5683970Z     MAKEFLAGS="-j$(sysctl -n hw.logicalcpu)"
2022-12-27T11:30:44.5684360Z     PATH=/usr/local/opt/ccache/libexec:$PATH[0m
2022-12-27T11:30:44.5684730Z   [38;5;244mmanylinux_images: None[0m
2022-12-27T11:30:44.5685080Z   [38;5;244mmusllinux_images: None[0m
2022-12-27T11:30:44.5685390Z   [38;5;244mrepair_command: delocate-wheel --require-archs {delocate_archs} -w {dest_dir} -v {wheel}[0m
2022-12-27T11:30:44.5685960Z   [38;5;244mtest_command: [0m
2022-12-27T11:30:44.5686200Z   [38;5;244mtest_extras: [0m
2022-12-27T11:30:44.5686460Z   [38;5;244mtest_requires: [0m
2022-12-27T11:30:44.5686630Z 
2022-12-27T11:30:44.5686750Z Cache folder: /Users/runner/Library/Caches/cibuildwheel
2022-12-27T11:30:44.5691530Z 
2022-12-27T11:30:44.5691670Z Here we go!
2022-12-27T11:30:44.5691790Z 
2022-12-27T11:30:44.5751620Z 
2022-12-27T11:30:44.5752000Z [1m[34mBuilding cp38-macosx_arm64 wheel[0m
2022-12-27T11:30:44.5752440Z CPython 3.8 macOS arm64 - Apple Silicon
2022-12-27T11:30:44.5752590Z 
2022-12-27T11:30:44.5755440Z ##[group]Installing Python cp38...
2022-12-27T11:30:44.5755780Z 
2022-12-27T11:30:44.5756000Z + pkgutil --pkgs
2022-12-27T11:30:44.5853070Z ##[endgroup]
2022-12-27T11:30:44.5854310Z                                                               [32mâœ“ [0m0.01s
2022-12-27T11:30:44.5854930Z ##[group]Setting up build environment...
2022-12-27T11:30:44.5855210Z 
2022-12-27T11:30:44.5874550Z + /Users/runner/hostedtoolcache/Python/3.8.15/x64/bin/python -sS /Users/runner/Library/Caches/cibuildwheel/virtualenv-20.17.0.pyz --activators= --no-periodic-update --pip=22.3.1 --setuptools=65.6.3 --wheel=0.38.4 --symlink-app-data --python /Library/Frameworks/Python.framework/Versions/3.8/bin/python3 /private/var/folders/51/hd414ycd67n82196sw51xqtc0000gn/T/cibw-run-22ucgu2r/cp38-macosx_arm64/build/venv
2022-12-27T11:30:44.7737470Z created virtual environment CPython3.8.10.final.0-64 in 46ms
2022-12-27T11:30:44.7738460Z   creator CPython3Posix(dest=/private/var/folders/51/hd414ycd67n82196sw51xqtc0000gn/T/cibw-run-22ucgu2r/cp38-macosx_arm64/build/venv, clear=False, no_vcs_ignore=False, global=False)
2022-12-27T11:30:44.7739490Z   seeder FromAppData(download=False, pip=22.3.1, setuptools=65.6.3, wheel=0.38.4, via=symlink, app_data_dir=/Users/runner/Library/Application Support/virtualenv)
2022-12-27T11:30:44.7740130Z     added seed packages: pip==22.3.1, setuptools==65.6.3, wheel==0.38.4
2022-12-27T11:30:44.7855340Z + python -m pip install --upgrade pip -c /Users/runner/hostedtoolcache/Python/3.8.15/x64/lib/python3.8/site-packages/cibuildwheel/resources/constraints-python38.txt
2022-12-27T11:30:45.0889470Z Requirement already satisfied: pip in ./lib/python3.8/site-packages (22.3.1)
2022-12-27T11:30:45.2399960Z + which pip
2022-12-27T11:30:45.2417090Z /private/var/folders/51/hd414ycd67n82196sw51xqtc0000gn/T/cibw-run-22ucgu2r/cp38-macosx_arm64/build/venv/bin/pip
2022-12-27T11:30:45.2420020Z + pip --version
2022-12-27T11:30:45.4724830Z pip 22.3.1 from /private/var/folders/51/hd414ycd67n82196sw51xqtc0000gn/T/cibw-run-22ucgu2r/cp38-macosx_arm64/build/venv/lib/python3.8/site-packages/pip (python 3.8)
2022-12-27T11:30:45.4942430Z + which pip
2022-12-27T11:30:45.4969800Z + which python
2022-12-27T11:30:45.4987740Z /private/var/folders/51/hd414ycd67n82196sw51xqtc0000gn/T/cibw-run-22ucgu2r/cp38-macosx_arm64/build/venv/bin/python
2022-12-27T11:30:45.4989590Z + python --version
2022-12-27T11:30:45.5034290Z Python 3.8.10
2022-12-27T11:30:45.5037180Z + which python
2022-12-27T11:30:45.5108440Z ##[endgroup]
2022-12-27T11:30:45.5108980Z                                                               [32mâœ“ [0m0.93s
2022-12-27T11:30:45.5109660Z ##[group]Installing build tools...
2022-12-27T11:30:45.5109850Z 
2022-12-27T11:30:45.5110390Z + pip install --upgrade setuptools wheel delocate -c /Users/runner/hostedtoolcache/Python/3.8.15/x64/lib/python3.8/site-packages/cibuildwheel/resources/constraints-python38.txt
2022-12-27T11:30:45.8185600Z Requirement already satisfied: setuptools in /private/var/folders/51/hd414ycd67n82196sw51xqtc0000gn/T/cibw-run-22ucgu2r/cp38-macosx_arm64/build/venv/lib/python3.8/site-packages (65.6.3)
2022-12-27T11:30:46.0425310Z Requirement already satisfied: wheel in /private/var/folders/51/hd414ycd67n82196sw51xqtc0000gn/T/cibw-run-22ucgu2r/cp38-macosx_arm64/build/venv/lib/python3.8/site-packages (0.38.4)
2022-12-27T11:30:46.0998270Z Collecting delocate
2022-12-27T11:30:46.1023280Z   Using cached delocate-0.10.3-py3-none-any.whl (142 kB)
2022-12-27T11:30:46.1257220Z Collecting typing-extensions
2022-12-27T11:30:46.1276990Z   Using cached typing_extensions-4.4.0-py3-none-any.whl (26 kB)
2022-12-27T11:30:46.1541810Z Collecting packaging>=20.9
2022-12-27T11:30:46.1563580Z   Using cached packaging-21.3-py3-none-any.whl (40 kB)
2022-12-27T11:30:46.1941270Z Collecting pyparsing!=3.0.5,>=2.0.2
2022-12-27T11:30:46.1966320Z   Using cached pyparsing-3.0.9-py3-none-any.whl (98 kB)
2022-12-27T11:30:46.2350140Z Installing collected packages: typing-extensions, pyparsing, packaging, delocate
2022-12-27T11:30:46.3763750Z Successfully installed delocate-0.10.3 packaging-21.3 pyparsing-3.0.9 typing-extensions-4.4.0
2022-12-27T11:30:46.4195090Z ##[endgroup]
2022-12-27T11:30:46.4195800Z                                                               [32mâœ“ [0m0.91s
2022-12-27T11:30:46.4196320Z ##[group]Running before_build...
2022-12-27T11:30:46.4196430Z 
2022-12-27T11:30:46.4202420Z + pip install Cython; if [[ -f requirements.txt ]]; then pip install -r requirements.txt; fi
2022-12-27T11:30:47.0824300Z Collecting Cython
2022-12-27T11:30:47.0939830Z   Using cached Cython-0.29.32-py2.py3-none-any.whl (986 kB)
2022-12-27T11:30:47.1363240Z Installing collected packages: Cython
2022-12-27T11:30:47.5576210Z Successfully installed Cython-0.29.32
2022-12-27T11:30:47.5994690Z ##[endgroup]
2022-12-27T11:30:47.5995350Z                                                               [32mâœ“ [0m1.18s
2022-12-27T11:30:47.5995790Z ##[group]Building wheel...
2022-12-27T11:30:47.5995900Z 
2022-12-27T11:30:47.6000920Z + python -m pip wheel /Users/runner/actions-runner/_work/python.build/python.build/build_lxml22beta338/lxml-2.2beta3 --wheel-dir=/private/var/folders/51/hd414ycd67n82196sw51xqtc0000gn/T/cibw-run-22ucgu2r/cp38-macosx_arm64/built_wheel --no-deps -vvv
2022-12-27T11:30:47.8721710Z Created temporary directory: /private/var/folders/51/hd414ycd67n82196sw51xqtc0000gn/T/pip-ephem-wheel-cache-rbvhoxgd
2022-12-27T11:30:47.8725290Z Created temporary directory: /private/var/folders/51/hd414ycd67n82196sw51xqtc0000gn/T/pip-build-tracker-vkg4wln6
2022-12-27T11:30:47.8726980Z Initialized build tracking at /private/var/folders/51/hd414ycd67n82196sw51xqtc0000gn/T/pip-build-tracker-vkg4wln6
2022-12-27T11:30:47.8728230Z Created build tracker: /private/var/folders/51/hd414ycd67n82196sw51xqtc0000gn/T/pip-build-tracker-vkg4wln6
2022-12-27T11:30:47.8730090Z Entered build tracker: /private/var/folders/51/hd414ycd67n82196sw51xqtc0000gn/T/pip-build-tracker-vkg4wln6
2022-12-27T11:30:47.8733390Z Created temporary directory: /private/var/folders/51/hd414ycd67n82196sw51xqtc0000gn/T/pip-wheel-fmb53b1p
2022-12-27T11:30:47.8739290Z Created temporary directory: /private/var/folders/51/hd414ycd67n82196sw51xqtc0000gn/T/pip-ephem-wheel-cache-6q9vne8c
2022-12-27T11:30:47.8818490Z Processing /Users/runner/actions-runner/_work/python.build/python.build/build_lxml22beta338/lxml-2.2beta3
2022-12-27T11:30:47.8823430Z   Added file:///Users/runner/actions-runner/_work/python.build/python.build/build_lxml22beta338/lxml-2.2beta3 to build tracker '/private/var/folders/51/hd414ycd67n82196sw51xqtc0000gn/T/pip-build-tracker-vkg4wln6'
2022-12-27T11:30:47.8826820Z   Running setup.py (path:/Users/runner/actions-runner/_work/python.build/python.build/build_lxml22beta338/lxml-2.2beta3/setup.py) egg_info for package from file:///Users/runner/actions-runner/_work/python.build/python.build/build_lxml22beta338/lxml-2.2beta3
2022-12-27T11:30:47.8829900Z   Created temporary directory: /private/var/folders/51/hd414ycd67n82196sw51xqtc0000gn/T/pip-pip-egg-info-z70b409a
2022-12-27T11:30:47.8831340Z   Preparing metadata (setup.py): started
2022-12-27T11:30:47.8833080Z   Running command python setup.py egg_info
2022-12-27T11:30:48.2647240Z   Building lxml version 2.2.beta3.
2022-12-27T11:30:48.2647740Z   Building with Cython 0.29.32.
2022-12-27T11:30:48.2649640Z   Using build configuration of libxslt 1.1.29
2022-12-27T11:30:48.2651130Z   Building against libxml2/libxslt in the following directory: /Library/Developer/CommandLineTools/SDKs/MacOSX12.1.sdk/usr/lib
2022-12-27T11:30:48.2652540Z   running egg_info
2022-12-27T11:30:48.2654760Z   creating /private/var/folders/51/hd414ycd67n82196sw51xqtc0000gn/T/pip-pip-egg-info-z70b409a/lxml.egg-info
2022-12-27T11:30:48.2656380Z   writing /private/var/folders/51/hd414ycd67n82196sw51xqtc0000gn/T/pip-pip-egg-info-z70b409a/lxml.egg-info/PKG-INFO
2022-12-27T11:30:48.2660020Z   writing dependency_links to /private/var/folders/51/hd414ycd67n82196sw51xqtc0000gn/T/pip-pip-egg-info-z70b409a/lxml.egg-info/dependency_links.txt
2022-12-27T11:30:48.2663900Z   writing top-level names to /private/var/folders/51/hd414ycd67n82196sw51xqtc0000gn/T/pip-pip-egg-info-z70b409a/lxml.egg-info/top_level.txt
2022-12-27T11:30:48.2667200Z   writing manifest file '/private/var/folders/51/hd414ycd67n82196sw51xqtc0000gn/T/pip-pip-egg-info-z70b409a/lxml.egg-info/SOURCES.txt'
2022-12-27T11:30:48.2725380Z   reading manifest file '/private/var/folders/51/hd414ycd67n82196sw51xqtc0000gn/T/pip-pip-egg-info-z70b409a/lxml.egg-info/SOURCES.txt'
2022-12-27T11:30:48.2727780Z   reading manifest template 'MANIFEST.in'
2022-12-27T11:30:48.3599990Z   adding license file 'LICENSES.txt'
2022-12-27T11:30:48.3665200Z   writing manifest file '/private/var/folders/51/hd414ycd67n82196sw51xqtc0000gn/T/pip-pip-egg-info-z70b409a/lxml.egg-info/SOURCES.txt'
2022-12-27T11:30:48.3667910Z   /private/var/folders/51/hd414ycd67n82196sw51xqtc0000gn/T/cibw-run-22ucgu2r/cp38-macosx_arm64/build/venv/lib/python3.8/site-packages/setuptools/dist.py:529: UserWarning: Normalizing '2.2beta3' to '2.2b3'
2022-12-27T11:30:48.3669800Z     warnings.warn(tmpl.format(**locals()))
2022-12-27T11:30:48.3909670Z   Preparing metadata (setup.py): finished with status 'done'
2022-12-27T11:30:48.3935790Z   Source in /Users/runner/actions-runner/_work/python.build/python.build/build_lxml22beta338/lxml-2.2beta3 has version 2.2b3, which satisfies requirement lxml==2.2b3 from file:///Users/runner/actions-runner/_work/python.build/python.build/build_lxml22beta338/lxml-2.2beta3
2022-12-27T11:30:48.3939170Z   Removed lxml==2.2b3 from file:///Users/runner/actions-runner/_work/python.build/python.build/build_lxml22beta338/lxml-2.2beta3 from build tracker '/private/var/folders/51/hd414ycd67n82196sw51xqtc0000gn/T/pip-build-tracker-vkg4wln6'
2022-12-27T11:30:48.4079260Z Created temporary directory: /private/var/folders/51/hd414ycd67n82196sw51xqtc0000gn/T/pip-unpack-cxqwvg70
2022-12-27T11:30:48.4081420Z Building wheels for collected packages: lxml
2022-12-27T11:30:48.4088070Z   Created temporary directory: /private/var/folders/51/hd414ycd67n82196sw51xqtc0000gn/T/pip-wheel-oiujbyga
2022-12-27T11:30:48.4090000Z   Building wheel for lxml (setup.py): started
2022-12-27T11:30:48.4092170Z   Destination directory: /private/var/folders/51/hd414ycd67n82196sw51xqtc0000gn/T/pip-wheel-oiujbyga
2022-12-27T11:30:48.4094050Z   Running command python setup.py bdist_wheel
2022-12-27T11:30:48.6589880Z   Building lxml version 2.2.beta3.
2022-12-27T11:30:48.6591270Z   Building with Cython 0.29.32.
2022-12-27T11:30:48.6716300Z   Using build configuration of libxslt 1.1.29
2022-12-27T11:30:48.7660100Z   Building against libxml2/libxslt in the following directory: /Library/Developer/CommandLineTools/SDKs/MacOSX12.1.sdk/usr/lib
2022-12-27T11:30:48.7765050Z   /private/var/folders/51/hd414ycd67n82196sw51xqtc0000gn/T/cibw-run-22ucgu2r/cp38-macosx_arm64/build/venv/lib/python3.8/site-packages/setuptools/dist.py:529: UserWarning: Normalizing '2.2beta3' to '2.2b3'
2022-12-27T11:30:48.7765970Z     warnings.warn(tmpl.format(**locals()))
2022-12-27T11:30:48.7904510Z   running bdist_wheel
2022-12-27T11:30:48.7946140Z   running build
2022-12-27T11:30:48.7948060Z   running build_py
2022-12-27T11:30:48.7968860Z   creating build
2022-12-27T11:30:48.7971110Z   creating build/lib.macosx-11.0-arm64-cpython-38
2022-12-27T11:30:48.7972760Z   creating build/lib.macosx-11.0-arm64-cpython-38/lxml
2022-12-27T11:30:48.7974630Z   copying src/lxml/_elementpath.py -> build/lib.macosx-11.0-arm64-cpython-38/lxml
2022-12-27T11:30:48.7976700Z   copying src/lxml/sax.py -> build/lib.macosx-11.0-arm64-cpython-38/lxml
2022-12-27T11:30:48.7978150Z   copying src/lxml/pyclasslookup.py -> build/lib.macosx-11.0-arm64-cpython-38/lxml
2022-12-27T11:30:48.7982710Z   copying src/lxml/__init__.py -> build/lib.macosx-11.0-arm64-cpython-38/lxml
2022-12-27T11:30:48.7984390Z   copying src/lxml/builder.py -> build/lib.macosx-11.0-arm64-cpython-38/lxml
2022-12-27T11:30:48.7986190Z   copying src/lxml/doctestcompare.py -> build/lib.macosx-11.0-arm64-cpython-38/lxml
2022-12-27T11:30:48.7990170Z   copying src/lxml/usedoctest.py -> build/lib.macosx-11.0-arm64-cpython-38/lxml
2022-12-27T11:30:48.7992370Z   copying src/lxml/cssselect.py -> build/lib.macosx-11.0-arm64-cpython-38/lxml
2022-12-27T11:30:48.7994630Z   copying src/lxml/ElementInclude.py -> build/lib.macosx-11.0-arm64-cpython-38/lxml
2022-12-27T11:30:48.8002040Z   creating build/lib.macosx-11.0-arm64-cpython-38/lxml/html
2022-12-27T11:30:48.8003980Z   copying src/lxml/html/soupparser.py -> build/lib.macosx-11.0-arm64-cpython-38/lxml/html
2022-12-27T11:30:48.8006250Z   copying src/lxml/html/defs.py -> build/lib.macosx-11.0-arm64-cpython-38/lxml/html
2022-12-27T11:30:48.8009270Z   copying src/lxml/html/_setmixin.py -> build/lib.macosx-11.0-arm64-cpython-38/lxml/html
2022-12-27T11:30:48.8011470Z   copying src/lxml/html/clean.py -> build/lib.macosx-11.0-arm64-cpython-38/lxml/html
2022-12-27T11:30:48.8014040Z   copying src/lxml/html/_diffcommand.py -> build/lib.macosx-11.0-arm64-cpython-38/lxml/html
2022-12-27T11:30:48.8016500Z   copying src/lxml/html/html5parser.py -> build/lib.macosx-11.0-arm64-cpython-38/lxml/html
2022-12-27T11:30:48.8019220Z   copying src/lxml/html/__init__.py -> build/lib.macosx-11.0-arm64-cpython-38/lxml/html
2022-12-27T11:30:48.8023000Z   copying src/lxml/html/formfill.py -> build/lib.macosx-11.0-arm64-cpython-38/lxml/html
2022-12-27T11:30:48.8024810Z   copying src/lxml/html/builder.py -> build/lib.macosx-11.0-arm64-cpython-38/lxml/html
2022-12-27T11:30:48.8027210Z   copying src/lxml/html/ElementSoup.py -> build/lib.macosx-11.0-arm64-cpython-38/lxml/html
2022-12-27T11:30:48.8030170Z   copying src/lxml/html/_html5builder.py -> build/lib.macosx-11.0-arm64-cpython-38/lxml/html
2022-12-27T11:30:48.8032570Z   copying src/lxml/html/usedoctest.py -> build/lib.macosx-11.0-arm64-cpython-38/lxml/html
2022-12-27T11:30:48.8035130Z   copying src/lxml/html/diff.py -> build/lib.macosx-11.0-arm64-cpython-38/lxml/html
2022-12-27T11:30:48.8038850Z   copying src/lxml/html/_dictmixin.py -> build/lib.macosx-11.0-arm64-cpython-38/lxml/html
2022-12-27T11:30:48.8049080Z   running build_ext
2022-12-27T11:30:48.8463250Z   skipping 'src/lxml/lxml.etree.c' Cython extension (up-to-date)
2022-12-27T11:30:48.8465420Z   skipping 'src/lxml/lxml.objectify.c' Cython extension (up-to-date)
2022-12-27T11:30:48.8467480Z   building 'lxml.etree' extension
2022-12-27T11:30:48.8469340Z   creating build/temp.macosx-11.0-arm64-cpython-38
2022-12-27T11:30:48.8471310Z   creating build/temp.macosx-11.0-arm64-cpython-38/src
2022-12-27T11:30:48.8473110Z   creating build/temp.macosx-11.0-arm64-cpython-38/src/lxml
2022-12-27T11:30:48.8476300Z   gcc -Wno-unused-result -Wsign-compare -Wunreachable-code -fno-common -dynamic -DNDEBUG -g -fwrapv -O3 -Wall -g -I/usr/local/opt/openssl@3/include -I/usr/local/opt/openssl@3/include -arch arm64 -I/Library/Developer/CommandLineTools/SDKs/MacOSX12.1.sdk/usr/include -I/private/var/folders/51/hd414ycd67n82196sw51xqtc0000gn/T/cibw-run-22ucgu2r/cp38-macosx_arm64/build/venv/include -I/Library/Frameworks/Python.framework/Versions/3.8/include/python3.8 -c src/lxml/lxml.etree.c -o build/temp.macosx-11.0-arm64-cpython-38/src/lxml/lxml.etree.o -w -flat_namespace
2022-12-27T11:30:49.4166770Z   src/lxml/lxml.etree.c:147939:21: error: no member named 'exc_type' in 'struct _ts'
2022-12-27T11:30:49.4171010Z       *type = tstate->exc_type;
2022-12-27T11:30:49.4172760Z               ~~~~~~  ^
2022-12-27T11:30:49.4175240Z   src/lxml/lxml.etree.c:147940:22: error: no member named 'exc_value' in 'struct _ts'; did you mean 'curexc_value'?
2022-12-27T11:30:49.4176600Z       *value = tstate->exc_value;
2022-12-27T11:30:49.4177730Z                        ^~~~~~~~~
2022-12-27T11:30:49.4179170Z                        curexc_value
2022-12-27T11:30:49.4180680Z   /Library/Frameworks/Python.framework/Versions/3.8/include/python3.8/cpython/pystate.h:80:15: note: 'curexc_value' declared here
2022-12-27T11:30:49.4182170Z       PyObject *curexc_value;
2022-12-27T11:30:49.4183120Z                 ^
2022-12-27T11:30:49.4184830Z   src/lxml/lxml.etree.c:147941:19: error: no member named 'exc_traceback' in 'struct _ts'; did you mean 'curexc_traceback'?
2022-12-27T11:30:49.4185910Z       *tb = tstate->exc_traceback;
2022-12-27T11:30:49.4187300Z                     ^~~~~~~~~~~~~
2022-12-27T11:30:49.4188590Z                     curexc_traceback
2022-12-27T11:30:49.4190200Z   /Library/Frameworks/Python.framework/Versions/3.8/include/python3.8/cpython/pystate.h:81:15: note: 'curexc_traceback' declared here
2022-12-27T11:30:49.4191340Z       PyObject *curexc_traceback;
2022-12-27T11:30:49.4192550Z                 ^
2022-12-27T11:30:49.4194210Z   src/lxml/lxml.etree.c:147950:24: error: no member named 'exc_type' in 'struct _ts'
2022-12-27T11:30:49.4195390Z       tmp_type = tstate->exc_type;
2022-12-27T11:30:49.4196560Z                  ~~~~~~  ^
2022-12-27T11:30:49.4198150Z   src/lxml/lxml.etree.c:147951:25: error: no member named 'exc_value' in 'struct _ts'; did you mean 'curexc_value'?
2022-12-27T11:30:49.4199350Z       tmp_value = tstate->exc_value;
2022-12-27T11:30:49.4200510Z                           ^~~~~~~~~
2022-12-27T11:30:49.4201920Z                           curexc_value
2022-12-27T11:30:49.4203630Z   /Library/Frameworks/Python.framework/Versions/3.8/include/python3.8/cpython/pystate.h:80:15: note: 'curexc_value' declared here
2022-12-27T11:30:49.4204570Z       PyObject *curexc_value;
2022-12-27T11:30:49.4206040Z                 ^
2022-12-27T11:30:49.4207520Z   src/lxml/lxml.etree.c:147952:22: error: no member named 'exc_traceback' in 'struct _ts'; did you mean 'curexc_traceback'?
2022-12-27T11:30:49.4274560Z       tmp_tb = tstate->exc_traceback;
2022-12-27T11:30:49.4274930Z                        ^~~~~~~~~~~~~
2022-12-27T11:30:49.4275230Z                        curexc_traceback
2022-12-27T11:30:49.4276110Z   /Library/Frameworks/Python.framework/Versions/3.8/include/python3.8/cpython/pystate.h:81:15: note: 'curexc_traceback' declared here
2022-12-27T11:30:49.4276580Z       PyObject *curexc_traceback;
2022-12-27T11:30:49.4278280Z                 ^
2022-12-27T11:30:49.4279400Z   src/lxml/lxml.etree.c:147953:13: error: no member named 'exc_type' in 'struct _ts'
2022-12-27T11:30:49.4279860Z       tstate->exc_type = type;
2022-12-27T11:30:49.4280100Z       ~~~~~~  ^
2022-12-27T11:30:49.4280560Z   src/lxml/lxml.etree.c:147954:13: error: no member named 'exc_value' in 'struct _ts'; did you mean 'curexc_value'?
2022-12-27T11:30:49.4280960Z       tstate->exc_value = value;
2022-12-27T11:30:49.4281240Z               ^~~~~~~~~
2022-12-27T11:30:49.4281490Z               curexc_value
2022-12-27T11:30:49.4281970Z   /Library/Frameworks/Python.framework/Versions/3.8/include/python3.8/cpython/pystate.h:80:15: note: 'curexc_value' declared here
2022-12-27T11:30:49.4282370Z       PyObject *curexc_value;
2022-12-27T11:30:49.4282630Z                 ^
2022-12-27T11:30:49.4283200Z   src/lxml/lxml.etree.c:147955:13: error: no member named 'exc_traceback' in 'struct _ts'; did you mean 'curexc_traceback'?
2022-12-27T11:30:49.4283580Z       tstate->exc_traceback = tb;
2022-12-27T11:30:49.4283840Z               ^~~~~~~~~~~~~
2022-12-27T11:30:49.4284050Z               curexc_traceback
2022-12-27T11:30:49.4284540Z   /Library/Frameworks/Python.framework/Versions/3.8/include/python3.8/cpython/pystate.h:81:15: note: 'curexc_traceback' declared here
2022-12-27T11:30:49.4284840Z       PyObject *curexc_traceback;
2022-12-27T11:30:49.4285000Z                 ^
2022-12-27T11:30:49.4285410Z   src/lxml/lxml.etree.c:148032:24: error: no member named 'exc_type' in 'struct _ts'
2022-12-27T11:30:49.4286220Z       tmp_type = tstate->exc_type;
2022-12-27T11:30:49.4286470Z                  ~~~~~~  ^
2022-12-27T11:30:49.4286950Z   src/lxml/lxml.etree.c:148033:25: error: no member named 'exc_value' in 'struct _ts'; did you mean 'curexc_value'?
2022-12-27T11:30:49.4287410Z       tmp_value = tstate->exc_value;
2022-12-27T11:30:49.4287640Z                           ^~~~~~~~~
2022-12-27T11:30:49.4287890Z                           curexc_value
2022-12-27T11:30:49.4288350Z   /Library/Frameworks/Python.framework/Versions/3.8/include/python3.8/cpython/pystate.h:80:15: note: 'curexc_value' declared here
2022-12-27T11:30:49.4288760Z       PyObject *curexc_value;
2022-12-27T11:30:49.4288930Z                 ^
2022-12-27T11:30:49.4289260Z   src/lxml/lxml.etree.c:148034:22: error: no member named 'exc_traceback' in 'struct _ts'; did you mean 'curexc_traceback'?
2022-12-27T11:30:49.4289500Z       tmp_tb = tstate->exc_traceback;
2022-12-27T11:30:49.4289680Z                        ^~~~~~~~~~~~~
2022-12-27T11:30:49.4289900Z                        curexc_traceback
2022-12-27T11:30:49.4290340Z   /Library/Frameworks/Python.framework/Versions/3.8/include/python3.8/cpython/pystate.h:81:15: note: 'curexc_traceback' declared here
2022-12-27T11:30:49.4290550Z       PyObject *curexc_traceback;
2022-12-27T11:30:49.4290770Z                 ^
2022-12-27T11:30:49.4291040Z   src/lxml/lxml.etree.c:148035:13: error: no member named 'exc_type' in 'struct _ts'
2022-12-27T11:30:49.4291270Z       tstate->exc_type = *type;
2022-12-27T11:30:49.4291400Z       ~~~~~~  ^
2022-12-27T11:30:49.4291690Z   src/lxml/lxml.etree.c:148036:13: error: no member named 'exc_value' in 'struct _ts'; did you mean 'curexc_value'?
2022-12-27T11:30:49.4291940Z       tstate->exc_value = *value;
2022-12-27T11:30:49.4292050Z               ^~~~~~~~~
2022-12-27T11:30:49.4292220Z               curexc_value
2022-12-27T11:30:49.4292750Z   /Library/Frameworks/Python.framework/Versions/3.8/include/python3.8/cpython/pystate.h:80:15: note: 'curexc_value' declared here
2022-12-27T11:30:49.4292990Z       PyObject *curexc_value;
2022-12-27T11:30:49.4293150Z                 ^
2022-12-27T11:30:49.4293500Z   src/lxml/lxml.etree.c:148037:13: error: no member named 'exc_traceback' in 'struct _ts'; did you mean 'curexc_traceback'?
2022-12-27T11:30:49.4293760Z       tstate->exc_traceback = *tb;
2022-12-27T11:30:49.4293900Z               ^~~~~~~~~~~~~
2022-12-27T11:30:49.4294070Z               curexc_traceback
2022-12-27T11:30:49.4294390Z   /Library/Frameworks/Python.framework/Versions/3.8/include/python3.8/cpython/pystate.h:81:15: note: 'curexc_traceback' declared here
2022-12-27T11:30:49.4294600Z       PyObject *curexc_traceback;
2022-12-27T11:30:49.4294770Z                 ^
2022-12-27T11:30:49.4295040Z   src/lxml/lxml.etree.c:148157:46: error: no member named 'd_type' in 'PyMethodDescrObject'
2022-12-27T11:30:49.4295300Z           return PyDescr_NewClassMethod(descr->d_type, descr->d_method);
2022-12-27T11:30:49.4295510Z                                         ~~~~~  ^
2022-12-27T11:30:49.4295680Z   16 errors generated.
2022-12-27T11:30:49.4295930Z   error: command '/usr/bin/gcc' failed with exit code 1
2022-12-27T11:30:49.4608570Z   error: subprocess-exited-with-error
2022-12-27T11:30:49.4608910Z   
2022-12-27T11:30:49.4609640Z   Ã— python setup.py bdist_wheel did not run successfully.
2022-12-27T11:30:49.4609960Z   â”‚ exit code: 1
2022-12-27T11:30:49.4610280Z   â•°â”€> See above for output.
2022-12-27T11:30:49.4610530Z   
2022-12-27T11:30:49.4610810Z   note: This error originates from a subprocess, and is likely not a problem with pip.
2022-12-27T11:30:49.4618390Z   full command: /private/var/folders/51/hd414ycd67n82196sw51xqtc0000gn/T/cibw-run-22ucgu2r/cp38-macosx_arm64/build/venv/bin/python -u -c '
2022-12-27T11:30:49.4619020Z   exec(compile('"'"''"'"''"'"'
2022-12-27T11:30:49.4619540Z   # This is <pip-setuptools-caller> -- a caller that pip uses to run setup.py
2022-12-27T11:30:49.4619860Z   #
2022-12-27T11:30:49.4620360Z   # - It imports setuptools before invoking setup.py, to enable projects that directly
2022-12-27T11:30:49.4621390Z   #   import from `distutils.core` to work with newer packaging standards.
2022-12-27T11:30:49.4621910Z   # - It provides a clear error message when setuptools is not installed.
2022-12-27T11:30:49.4622450Z   # - It sets `sys.argv[0]` to the underlying `setup.py`, when invoking `setup.py` so
2022-12-27T11:30:49.4623000Z   #   setuptools doesn'"'"'t think the script is `-c`. This avoids the following warning:
2022-12-27T11:30:49.4623500Z   #     manifest_maker: standard file '"'"'-c'"'"' not found".
2022-12-27T11:30:49.4623940Z   # - It generates a shim setup.py, for handling setup.cfg-only projects.
2022-12-27T11:30:49.4624300Z   import os, sys, tokenize
2022-12-27T11:30:49.4624550Z   
2022-12-27T11:30:49.4624730Z   try:
2022-12-27T11:30:49.4624980Z       import setuptools
2022-12-27T11:30:49.4625230Z   except ImportError as error:
2022-12-27T11:30:49.4625450Z       print(
2022-12-27T11:30:49.4625770Z           "ERROR: Can not execute `setup.py` since setuptools is not available in "
2022-12-27T11:30:49.4626100Z           "the build environment.",
2022-12-27T11:30:49.4626540Z           file=sys.stderr,
2022-12-27T11:30:49.4626860Z       )
2022-12-27T11:30:49.4627120Z       sys.exit(1)
2022-12-27T11:30:49.4627420Z   
2022-12-27T11:30:49.4627620Z   __file__ = %r
2022-12-27T11:30:49.4628490Z   sys.argv[0] = __file__
2022-12-27T11:30:49.4628870Z   
2022-12-27T11:30:49.4629090Z   if os.path.exists(__file__):
2022-12-27T11:30:49.4629310Z       filename = __file__
2022-12-27T11:30:49.4629560Z       with tokenize.open(__file__) as f:
2022-12-27T11:30:49.4629790Z           setup_py_code = f.read()
2022-12-27T11:30:49.4630030Z   else:
2022-12-27T11:30:49.4630490Z       filename = "<auto-generated setuptools caller>"
2022-12-27T11:30:49.4630770Z       setup_py_code = "from setuptools import setup; setup()"
2022-12-27T11:30:49.4631430Z   
2022-12-27T11:30:49.4631690Z   exec(compile(setup_py_code, filename, "exec"))
2022-12-27T11:30:49.4632780Z   '"'"''"'"''"'"' % ('"'"'/Users/runner/actions-runner/_work/python.build/python.build/build_lxml22beta338/lxml-2.2beta3/setup.py'"'"',), "<pip-setuptools-caller>", "exec"))' bdist_wheel -d /private/var/folders/51/hd414ycd67n82196sw51xqtc0000gn/T/pip-wheel-oiujbyga
2022-12-27T11:30:49.4633440Z   cwd: /Users/runner/actions-runner/_work/python.build/python.build/build_lxml22beta338/lxml-2.2beta3/
2022-12-27T11:30:49.4633790Z   ERROR: Failed building wheel for lxml
2022-12-27T11:30:49.4634190Z   Building wheel for lxml (setup.py): finished with status 'error'
2022-12-27T11:30:49.4634530Z   Running command python setup.py clean
2022-12-27T11:30:49.4634750Z   Running setup.py clean for lxml
2022-12-27T11:30:49.7152780Z   Building lxml version 2.2.beta3.
2022-12-27T11:30:49.7153730Z   Building with Cython 0.29.32.
2022-12-27T11:30:49.7278310Z   Using build configuration of libxslt 1.1.29
2022-12-27T11:30:49.8174030Z   Building against libxml2/libxslt in the following directory: /Library/Developer/CommandLineTools/SDKs/MacOSX12.1.sdk/usr/lib
2022-12-27T11:30:49.8275580Z   /private/var/folders/51/hd414ycd67n82196sw51xqtc0000gn/T/cibw-run-22ucgu2r/cp38-macosx_arm64/build/venv/lib/python3.8/site-packages/setuptools/dist.py:529: UserWarning: Normalizing '2.2beta3' to '2.2b3'
2022-12-27T11:30:49.8277070Z     warnings.warn(tmpl.format(**locals()))
2022-12-27T11:30:49.8310340Z   running clean
2022-12-27T11:30:49.8337460Z   removing 'build/temp.macosx-11.0-arm64-cpython-38' (and everything under it)
2022-12-27T11:30:49.8341300Z   removing 'build/lib.macosx-11.0-arm64-cpython-38' (and everything under it)
2022-12-27T11:30:49.8361320Z   'build/bdist.macosx-11.0-arm64' does not exist -- can't clean it
2022-12-27T11:30:49.8363430Z   'build/scripts-3.8' does not exist -- can't clean it
2022-12-27T11:30:49.8365640Z   removing 'build'
2022-12-27T11:30:49.8586760Z Failed to build lxml
2022-12-27T11:30:49.8591540Z ERROR: Failed to build one or more wheels
2022-12-27T11:30:49.8601390Z Exception information:
2022-12-27T11:30:49.8601560Z Traceback (most recent call last):
2022-12-27T11:30:49.8609410Z   File "/private/var/folders/51/hd414ycd67n82196sw51xqtc0000gn/T/cibw-run-22ucgu2r/cp38-macosx_arm64/build/venv/lib/python3.8/site-packages/pip/_internal/cli/base_command.py", line 160, in exc_logging_wrapper
2022-12-27T11:30:49.8609850Z     status = run_func(*args)
2022-12-27T11:30:49.8610510Z   File "/private/var/folders/51/hd414ycd67n82196sw51xqtc0000gn/T/cibw-run-22ucgu2r/cp38-macosx_arm64/build/venv/lib/python3.8/site-packages/pip/_internal/cli/req_command.py", line 247, in wrapper
2022-12-27T11:30:49.8610890Z     return func(self, options, args)
2022-12-27T11:30:49.8611410Z   File "/private/var/folders/51/hd414ycd67n82196sw51xqtc0000gn/T/cibw-run-22ucgu2r/cp38-macosx_arm64/build/venv/lib/python3.8/site-packages/pip/_internal/commands/wheel.py", line 201, in run
2022-12-27T11:30:49.8611790Z     raise CommandError("Failed to build one or more wheels")
2022-12-27T11:30:49.8612100Z pip._internal.exceptions.CommandError: Failed to build one or more wheels
2022-12-27T11:30:49.8612590Z Removed build tracker: '/private/var/folders/51/hd414ycd67n82196sw51xqtc0000gn/T/pip-build-tracker-vkg4wln6'
2022-12-27T11:30:49.8999650Z ##[endgroup]
2022-12-27T11:30:49.9000280Z                                                               [31mâœ• [0m2.30s
2022-12-27T11:30:49.9360260Z ##[error]Command ['python', '-m', 'pip', 'wheel', '/Users/runner/actions-runner/_work/python.build/python.build/build_lxml22beta338/lxml-2.2beta3', '--wheel-dir=/private/var/folders/51/hd414ycd67n82196sw51xqtc0000gn/T/cibw-run-22ucgu2r/cp38-macosx_arm64/built_wheel', '--no-deps', '-vvv'] failed with code 1. None
2022-12-27T11:30:49.9465430Z 
2022-12-27T11:30:49.9467970Z ##[error]Process completed with exit code 1.
2022-12-27T11:30:49.9505960Z ##[group]Run rm -rf build_lxml22beta338 wheelsout
2022-12-27T11:30:49.9506230Z [36;1mrm -rf build_lxml22beta338 wheelsout[0m
2022-12-27T11:30:49.9521940Z shell: /bin/bash -e {0}
2022-12-27T11:30:49.9522060Z env:
2022-12-27T11:30:49.9522200Z   pythonLocation: /Users/runner/hostedtoolcache/Python/3.8.15/x64
2022-12-27T11:30:49.9522410Z   PKG_CONFIG_PATH: /Users/runner/hostedtoolcache/Python/3.8.15/x64/lib/pkgconfig
2022-12-27T11:30:49.9522590Z   Python_ROOT_DIR: /Users/runner/hostedtoolcache/Python/3.8.15/x64
2022-12-27T11:30:49.9522760Z   Python2_ROOT_DIR: /Users/runner/hostedtoolcache/Python/3.8.15/x64
2022-12-27T11:30:49.9522930Z   Python3_ROOT_DIR: /Users/runner/hostedtoolcache/Python/3.8.15/x64
2022-12-27T11:30:49.9523060Z ##[endgroup]
2022-12-27T11:30:50.0046710Z Cleaning up orphan processes
