2022-12-27T08:47:10.9543075Z Requested labels: self-hosted, macOS, X64
2022-12-27T08:47:10.9543177Z Job defined at: kilnbuild/python.build/.github/workflows/mac_arm_build.yml@refs/heads/main
2022-12-27T08:47:10.9543201Z Waiting for a runner to pick up this job...
2022-12-27T11:07:46.7384697Z Job is about to start running on the runner: k1 (organization)
2022-12-27T11:07:49.5929980Z Current runner version: '2.300.2'
2022-12-27T11:07:49.5934890Z Runner name: 'k1'
2022-12-27T11:07:49.5935130Z Runner group name: 'Default'
2022-12-27T11:07:49.5935550Z Machine name: 'k1'
2022-12-27T11:07:49.5937020Z ##[group]GITHUB_TOKEN Permissions
2022-12-27T11:07:49.5937420Z Actions: write
2022-12-27T11:07:49.5937560Z Checks: write
2022-12-27T11:07:49.5937690Z Contents: write
2022-12-27T11:07:49.5937820Z Deployments: write
2022-12-27T11:07:49.5937960Z Discussions: write
2022-12-27T11:07:49.5938090Z Issues: write
2022-12-27T11:07:49.5938220Z Metadata: read
2022-12-27T11:07:49.5938360Z Packages: write
2022-12-27T11:07:49.5938490Z Pages: write
2022-12-27T11:07:49.5938630Z PullRequests: write
2022-12-27T11:07:49.5938790Z RepositoryProjects: write
2022-12-27T11:07:49.5938940Z SecurityEvents: write
2022-12-27T11:07:49.5939080Z Statuses: write
2022-12-27T11:07:49.5939210Z ##[endgroup]
2022-12-27T11:07:49.5941870Z Secret source: Actions
2022-12-27T11:07:49.5942180Z Prepare workflow directory
2022-12-27T11:07:49.6762000Z Prepare all required actions
2022-12-27T11:07:49.6879980Z Getting action download info
2022-12-27T11:07:50.1447230Z Download action repository 'actions/setup-python@v4' (SHA:5ccb29d8773c3f3f653e1705f474dfaa8a06a912)
2022-12-27T11:07:51.8959910Z Download action repository 'actions/upload-artifact@v3' (SHA:83fd05a356d7e2593de66fc9913b3002723633cb)
2022-12-27T11:07:53.2009000Z ##[group]Run echo '{
2022-12-27T11:07:53.2009310Z [36;1mecho '{[0m
2022-12-27T11:07:53.2009430Z [36;1m  "package_name": "lxml",[0m
2022-12-27T11:07:53.2009690Z [36;1m  "package_url": "https://files.pythonhosted.org/packages/32/99/cb2c4e205acc3ce8d7544cac7fe5d86bed227674655d405aa95bf76b0163/lxml-3.3.2.tar.gz",[0m
2022-12-27T11:07:53.2009910Z [36;1m  "package_version": "3.3.2",[0m
2022-12-27T11:07:53.2010030Z [36;1m  "python_version": "3.9",[0m
2022-12-27T11:07:53.2010150Z [36;1m  "use_ccache": "true"[0m
2022-12-27T11:07:53.2010250Z [36;1m}'[0m
2022-12-27T11:07:53.2025980Z shell: /bin/bash -e {0}
2022-12-27T11:07:53.2026180Z ##[endgroup]
2022-12-27T11:07:53.2250530Z {
2022-12-27T11:07:53.2251780Z   "package_name": "lxml",
2022-12-27T11:07:53.2252380Z   "package_url": "https://files.pythonhosted.org/packages/32/99/cb2c4e205acc3ce8d7544cac7fe5d86bed227674655d405aa95bf76b0163/lxml-3.3.2.tar.gz",
2022-12-27T11:07:53.2252690Z   "package_version": "3.3.2",
2022-12-27T11:07:53.2252890Z   "python_version": "3.9",
2022-12-27T11:07:53.2253120Z   "use_ccache": "true"
2022-12-27T11:07:53.2253300Z }
2022-12-27T11:07:53.2458000Z ##[group]Run actions/setup-python@v4
2022-12-27T11:07:53.2458250Z with:
2022-12-27T11:07:53.2458430Z   python-version: 3.9
2022-12-27T11:07:53.2458650Z   check-latest: false
2022-12-27T11:07:53.2458930Z   token: ***
2022-12-27T11:07:53.2459130Z   update-environment: true
2022-12-27T11:07:53.2459430Z ##[endgroup]
2022-12-27T11:07:53.3720980Z ##[group]Installed versions
2022-12-27T11:07:53.3823260Z Successfully set up CPython (3.9.16)
2022-12-27T11:07:53.3824300Z ##[endgroup]
2022-12-27T11:07:53.3967070Z ##[group]Run if [ "true" == "true" ]
2022-12-27T11:07:53.3967410Z [36;1mif [ "true" == "true" ][0m
2022-12-27T11:07:53.3967680Z [36;1mthen[0m
2022-12-27T11:07:53.3967930Z [36;1m  echo "CCACHE_PATH_PREPEND=/usr/local/opt/ccache/libexec" >> $GITHUB_OUTPUT[0m
2022-12-27T11:07:53.3968140Z [36;1melse[0m
2022-12-27T11:07:53.3968330Z [36;1m  echo "CCACHE_PATH_PREPEND=" >> $GITHUB_OUTPUT[0m
2022-12-27T11:07:53.3968770Z [36;1mfi[0m
2022-12-27T11:07:53.3985430Z shell: /bin/bash -e {0}
2022-12-27T11:07:53.3985630Z env:
2022-12-27T11:07:53.3985830Z   pythonLocation: /Users/runner/hostedtoolcache/Python/3.9.16/x64
2022-12-27T11:07:53.3986180Z   PKG_CONFIG_PATH: /Users/runner/hostedtoolcache/Python/3.9.16/x64/lib/pkgconfig
2022-12-27T11:07:53.3986390Z   Python_ROOT_DIR: /Users/runner/hostedtoolcache/Python/3.9.16/x64
2022-12-27T11:07:53.3986630Z   Python2_ROOT_DIR: /Users/runner/hostedtoolcache/Python/3.9.16/x64
2022-12-27T11:07:53.3986910Z   Python3_ROOT_DIR: /Users/runner/hostedtoolcache/Python/3.9.16/x64
2022-12-27T11:07:53.3987430Z ##[endgroup]
2022-12-27T11:07:53.4090970Z ##[group]Run echo "BUILD_NAME=$(echo lxml_3.3.2_3.9 | tr -dc '[:alnum:]\n\r' | tr '[:upper:]' '[:lower:]')" >> $GITHUB_OUTPUT
2022-12-27T11:07:53.4091430Z [36;1mecho "BUILD_NAME=$(echo lxml_3.3.2_3.9 | tr -dc '[:alnum:]\n\r' | tr '[:upper:]' '[:lower:]')" >> $GITHUB_OUTPUT[0m
2022-12-27T11:07:53.4104800Z shell: /bin/bash -e {0}
2022-12-27T11:07:53.4104960Z env:
2022-12-27T11:07:53.4105260Z   pythonLocation: /Users/runner/hostedtoolcache/Python/3.9.16/x64
2022-12-27T11:07:53.4105510Z   PKG_CONFIG_PATH: /Users/runner/hostedtoolcache/Python/3.9.16/x64/lib/pkgconfig
2022-12-27T11:07:53.4105770Z   Python_ROOT_DIR: /Users/runner/hostedtoolcache/Python/3.9.16/x64
2022-12-27T11:07:53.4105980Z   Python2_ROOT_DIR: /Users/runner/hostedtoolcache/Python/3.9.16/x64
2022-12-27T11:07:53.4106330Z   Python3_ROOT_DIR: /Users/runner/hostedtoolcache/Python/3.9.16/x64
2022-12-27T11:07:53.4148250Z ##[endgroup]
2022-12-27T11:07:53.4255320Z ##[group]Run echo "PYTHON_NO_DOTS=$(echo 3.9 | tr -dc '[:alnum:]\n\r' | tr '[:upper:]' '[:lower:]')" >> $GITHUB_OUTPUT
2022-12-27T11:07:53.4255770Z [36;1mecho "PYTHON_NO_DOTS=$(echo 3.9 | tr -dc '[:alnum:]\n\r' | tr '[:upper:]' '[:lower:]')" >> $GITHUB_OUTPUT[0m
2022-12-27T11:07:53.4269150Z shell: /bin/bash -e {0}
2022-12-27T11:07:53.4269300Z env:
2022-12-27T11:07:53.4269500Z   pythonLocation: /Users/runner/hostedtoolcache/Python/3.9.16/x64
2022-12-27T11:07:53.4269750Z   PKG_CONFIG_PATH: /Users/runner/hostedtoolcache/Python/3.9.16/x64/lib/pkgconfig
2022-12-27T11:07:53.4269960Z   Python_ROOT_DIR: /Users/runner/hostedtoolcache/Python/3.9.16/x64
2022-12-27T11:07:53.4270230Z   Python2_ROOT_DIR: /Users/runner/hostedtoolcache/Python/3.9.16/x64
2022-12-27T11:07:53.4270450Z   Python3_ROOT_DIR: /Users/runner/hostedtoolcache/Python/3.9.16/x64
2022-12-27T11:07:53.4270600Z ##[endgroup]
2022-12-27T11:07:53.4383740Z ##[group]Run rm -rf build_lxml33239
2022-12-27T11:07:53.4384090Z [36;1mrm -rf build_lxml33239[0m
2022-12-27T11:07:53.4384240Z [36;1mmkdir build_lxml33239[0m
2022-12-27T11:07:53.4384440Z [36;1mcd build_lxml33239[0m
2022-12-27T11:07:53.4384730Z [36;1m/usr/local/bin/wget --quiet https://files.pythonhosted.org/packages/32/99/cb2c4e205acc3ce8d7544cac7fe5d86bed227674655d405aa95bf76b0163/lxml-3.3.2.tar.gz[0m
2022-12-27T11:07:53.4385050Z [36;1mtar xf *.tar.gz[0m
2022-12-27T11:07:53.4385180Z [36;1mcd *[0m
2022-12-27T11:07:53.4385370Z [36;1mpython -m pip install cibuildwheel==2.11.3[0m
2022-12-27T11:07:53.4385600Z [36;1mpython -m cibuildwheel --output-dir ../wheelsout[0m
2022-12-27T11:07:53.4400050Z shell: /bin/bash -e {0}
2022-12-27T11:07:53.4400250Z env:
2022-12-27T11:07:53.4400470Z   pythonLocation: /Users/runner/hostedtoolcache/Python/3.9.16/x64
2022-12-27T11:07:53.4400730Z   PKG_CONFIG_PATH: /Users/runner/hostedtoolcache/Python/3.9.16/x64/lib/pkgconfig
2022-12-27T11:07:53.4401060Z   Python_ROOT_DIR: /Users/runner/hostedtoolcache/Python/3.9.16/x64
2022-12-27T11:07:53.4401270Z   Python2_ROOT_DIR: /Users/runner/hostedtoolcache/Python/3.9.16/x64
2022-12-27T11:07:53.4401500Z   Python3_ROOT_DIR: /Users/runner/hostedtoolcache/Python/3.9.16/x64
2022-12-27T11:07:53.4401700Z   CIBW_ARCHS_MACOS: arm64
2022-12-27T11:07:53.4401880Z   CIBW_TEST_SKIP: *_arm64
2022-12-27T11:07:53.4402060Z   CIBW_BUILD: cp39-macosx_arm64
2022-12-27T11:07:53.4402230Z   CIBW_BUILD_FRONTEND: pip
2022-12-27T11:07:53.4402420Z   CIBW_BUILD_VERBOSITY: 3
2022-12-27T11:07:53.4402690Z   CIBW_ENVIRONMENT_MACOS:  CFLAGS="-I/usr/local/opt/openssl@3/include" LDFLAGS="-L/usr/local/opt/openssl@3/lib" CPPFLAGS="-I/usr/local/opt/openssl@3/include" MAKEFLAGS="-j$(sysctl -n hw.logicalcpu)" PATH=/usr/local/opt/ccache/libexec:$PATH
2022-12-27T11:07:53.4403100Z   CIBW_BEFORE_BUILD: pip install Cython; if [[ -f requirements.txt ]]; then pip install -r requirements.txt; fi
2022-12-27T11:07:53.4403340Z   MAKEFLAGS: -j$(sysctl -n hw.logicalcpu)
2022-12-27T11:07:53.4403550Z ##[endgroup]
2022-12-27T11:07:53.9381990Z Requirement already satisfied: cibuildwheel==2.11.3 in /Users/runner/hostedtoolcache/Python/3.9.16/x64/lib/python3.9/site-packages (2.11.3)
2022-12-27T11:07:53.9636130Z Requirement already satisfied: bracex in /Users/runner/hostedtoolcache/Python/3.9.16/x64/lib/python3.9/site-packages (from cibuildwheel==2.11.3) (2.3.post1)
2022-12-27T11:07:53.9643010Z Requirement already satisfied: tomli in /Users/runner/hostedtoolcache/Python/3.9.16/x64/lib/python3.9/site-packages (from cibuildwheel==2.11.3) (2.0.1)
2022-12-27T11:07:53.9645430Z Requirement already satisfied: certifi in /Users/runner/hostedtoolcache/Python/3.9.16/x64/lib/python3.9/site-packages (from cibuildwheel==2.11.3) (2022.12.7)
2022-12-27T11:07:53.9655190Z Requirement already satisfied: typing-extensions>=4.1.0 in /Users/runner/hostedtoolcache/Python/3.9.16/x64/lib/python3.9/site-packages (from cibuildwheel==2.11.3) (4.4.0)
2022-12-27T11:07:53.9658750Z Requirement already satisfied: platformdirs in /Users/runner/hostedtoolcache/Python/3.9.16/x64/lib/python3.9/site-packages (from cibuildwheel==2.11.3) (2.6.0)
2022-12-27T11:07:53.9663630Z Requirement already satisfied: packaging>=20.9 in /Users/runner/hostedtoolcache/Python/3.9.16/x64/lib/python3.9/site-packages (from cibuildwheel==2.11.3) (22.0)
2022-12-27T11:07:53.9668460Z Requirement already satisfied: bashlex!=0.13 in /Users/runner/hostedtoolcache/Python/3.9.16/x64/lib/python3.9/site-packages (from cibuildwheel==2.11.3) (0.16)
2022-12-27T11:07:53.9672030Z Requirement already satisfied: filelock in /Users/runner/hostedtoolcache/Python/3.9.16/x64/lib/python3.9/site-packages (from cibuildwheel==2.11.3) (3.8.2)
2022-12-27T11:07:54.1385470Z 
2022-12-27T11:07:54.1385830Z      _ _       _ _   _       _           _
2022-12-27T11:07:54.1386100Z  ___|_| |_ _ _|_| |_| |_ _ _| |_ ___ ___| |
2022-12-27T11:07:54.1386810Z |  _| | . | | | | | . | | | |   | -_| -_| |
2022-12-27T11:07:54.1387060Z |___|_|___|___|_|_|___|_____|_|_|___|___|_|
2022-12-27T11:07:54.1387850Z 
2022-12-27T11:07:54.1387950Z cibuildwheel version 2.11.3
2022-12-27T11:07:54.1388130Z 
2022-12-27T11:07:54.1388320Z Build options:
2022-12-27T11:07:54.1388590Z   platform: macos
2022-12-27T11:07:54.1490950Z   architectures: arm64[0m
2022-12-27T11:07:54.1491190Z   build_selector: 
2022-12-27T11:07:54.1491540Z     build_config: cp39-macosx_arm64
2022-12-27T11:07:54.1492190Z     skip_config: 
2022-12-27T11:07:54.1492870Z     requires_python: None
2022-12-27T11:07:54.1493510Z     prerelease_pythons: False[0m
2022-12-27T11:07:54.1494040Z   [38;5;244mcontainer_engine: docker[0m
2022-12-27T11:07:54.1494680Z   output_dir: /Users/runner/actions-runner/_work/python.build/python.build/build_lxml33239/wheelsout[0m
2022-12-27T11:07:54.1495190Z   package_dir: /Users/runner/actions-runner/_work/python.build/python.build/build_lxml33239/lxml-3.3.2[0m
2022-12-27T11:07:54.1495530Z   test_selector: 
2022-12-27T11:07:54.1495840Z     skip_config: *_arm64[0m
2022-12-27T11:07:54.1496110Z   [38;5;244mbefore_all: [0m
2022-12-27T11:07:54.1496610Z   before_build: pip install Cython; if [[ -f requirements.txt ]]; then pip install -r requirements.txt; fi[0m
2022-12-27T11:07:54.1497020Z   [38;5;244mbefore_test: [0m
2022-12-27T11:07:54.1497290Z   [38;5;244mbuild_frontend: pip[0m
2022-12-27T11:07:54.1497600Z   build_verbosity: 3[0m
2022-12-27T11:07:54.1497910Z   [38;5;244mconfig_settings: [0m
2022-12-27T11:07:54.1498310Z   [38;5;244mdependency_constraints: pinned[0m
2022-12-27T11:07:54.1498530Z   environment: 
2022-12-27T11:07:54.1498890Z     CFLAGS="-I/usr/local/opt/openssl@3/include"
2022-12-27T11:07:54.1499270Z     LDFLAGS="-L/usr/local/opt/openssl@3/lib"
2022-12-27T11:07:54.1499570Z     CPPFLAGS="-I/usr/local/opt/openssl@3/include"
2022-12-27T11:07:54.1499950Z     MAKEFLAGS="-j$(sysctl -n hw.logicalcpu)"
2022-12-27T11:07:54.1500270Z     PATH=/usr/local/opt/ccache/libexec:$PATH[0m
2022-12-27T11:07:54.1500540Z   [38;5;244mmanylinux_images: None[0m
2022-12-27T11:07:54.1500830Z   [38;5;244mmusllinux_images: None[0m
2022-12-27T11:07:54.1501270Z   [38;5;244mrepair_command: delocate-wheel --require-archs {delocate_archs} -w {dest_dir} -v {wheel}[0m
2022-12-27T11:07:54.1501870Z   [38;5;244mtest_command: [0m
2022-12-27T11:07:54.1502130Z   [38;5;244mtest_extras: [0m
2022-12-27T11:07:54.1502400Z   [38;5;244mtest_requires: [0m
2022-12-27T11:07:54.1502540Z 
2022-12-27T11:07:54.1502670Z Cache folder: /Users/runner/Library/Caches/cibuildwheel
2022-12-27T11:07:54.1508940Z 
2022-12-27T11:07:54.1509200Z Here we go!
2022-12-27T11:07:54.1509340Z 
2022-12-27T11:07:54.1627540Z 
2022-12-27T11:07:54.1628250Z [1m[34mBuilding cp39-macosx_arm64 wheel[0m
2022-12-27T11:07:54.1628640Z CPython 3.9 macOS arm64 - Apple Silicon
2022-12-27T11:07:54.1628820Z 
2022-12-27T11:07:54.1631250Z ##[group]Installing Python cp39...
2022-12-27T11:07:54.1631440Z 
2022-12-27T11:07:54.1631590Z + pkgutil --pkgs
2022-12-27T11:07:54.1735690Z ##[endgroup]
2022-12-27T11:07:54.1736660Z                                                               [32m✓ [0m0.01s
2022-12-27T11:07:54.1737210Z ##[group]Setting up build environment...
2022-12-27T11:07:54.1737390Z 
2022-12-27T11:07:54.1755020Z + /Users/runner/hostedtoolcache/Python/3.9.16/x64/bin/python -sS /Users/runner/Library/Caches/cibuildwheel/virtualenv-20.17.0.pyz --activators= --no-periodic-update --pip=22.3.1 --setuptools=65.6.3 --wheel=0.38.4 --symlink-app-data --python /Library/Frameworks/Python.framework/Versions/3.9/bin/python3 /private/var/folders/51/hd414ycd67n82196sw51xqtc0000gn/T/cibw-run-cfp6t06l/cp39-macosx_arm64/build/venv
2022-12-27T11:07:54.3658410Z created virtual environment CPython3.9.13.final.0-64 in 53ms
2022-12-27T11:07:54.3659040Z   creator CPython3Posix(dest=/private/var/folders/51/hd414ycd67n82196sw51xqtc0000gn/T/cibw-run-cfp6t06l/cp39-macosx_arm64/build/venv, clear=False, no_vcs_ignore=False, global=False)
2022-12-27T11:07:54.3659990Z   seeder FromAppData(download=False, pip=22.3.1, setuptools=65.6.3, wheel=0.38.4, via=symlink, app_data_dir=/Users/runner/Library/Application Support/virtualenv)
2022-12-27T11:07:54.3660400Z     added seed packages: pip==22.3.1, setuptools==65.6.3, wheel==0.38.4
2022-12-27T11:07:54.3783000Z + python -m pip install --upgrade pip -c /Users/runner/hostedtoolcache/Python/3.9.16/x64/lib/python3.9/site-packages/cibuildwheel/resources/constraints-python39.txt
2022-12-27T11:07:54.6812130Z Requirement already satisfied: pip in ./lib/python3.9/site-packages (22.3.1)
2022-12-27T11:07:54.8259010Z + which pip
2022-12-27T11:07:54.8278590Z /private/var/folders/51/hd414ycd67n82196sw51xqtc0000gn/T/cibw-run-cfp6t06l/cp39-macosx_arm64/build/venv/bin/pip
2022-12-27T11:07:54.8281420Z + pip --version
2022-12-27T11:07:55.0488320Z pip 22.3.1 from /private/var/folders/51/hd414ycd67n82196sw51xqtc0000gn/T/cibw-run-cfp6t06l/cp39-macosx_arm64/build/venv/lib/python3.9/site-packages/pip (python 3.9)
2022-12-27T11:07:55.0703400Z + which pip
2022-12-27T11:07:55.0733020Z + which python
2022-12-27T11:07:55.0753050Z /private/var/folders/51/hd414ycd67n82196sw51xqtc0000gn/T/cibw-run-cfp6t06l/cp39-macosx_arm64/build/venv/bin/python
2022-12-27T11:07:55.0756000Z + python --version
2022-12-27T11:07:55.0810280Z Python 3.9.13
2022-12-27T11:07:55.0813160Z + which python
2022-12-27T11:07:55.0867860Z ##[endgroup]
2022-12-27T11:07:55.0868570Z                                                               [32m✓ [0m0.91s
2022-12-27T11:07:55.0869030Z ##[group]Installing build tools...
2022-12-27T11:07:55.0869190Z 
2022-12-27T11:07:55.0869630Z + pip install --upgrade setuptools wheel delocate -c /Users/runner/hostedtoolcache/Python/3.9.16/x64/lib/python3.9/site-packages/cibuildwheel/resources/constraints-python39.txt
2022-12-27T11:07:55.3880210Z Requirement already satisfied: setuptools in /private/var/folders/51/hd414ycd67n82196sw51xqtc0000gn/T/cibw-run-cfp6t06l/cp39-macosx_arm64/build/venv/lib/python3.9/site-packages (65.6.3)
2022-12-27T11:07:55.6175370Z Requirement already satisfied: wheel in /private/var/folders/51/hd414ycd67n82196sw51xqtc0000gn/T/cibw-run-cfp6t06l/cp39-macosx_arm64/build/venv/lib/python3.9/site-packages (0.38.4)
2022-12-27T11:07:55.6743970Z Collecting delocate
2022-12-27T11:07:55.6770690Z   Using cached delocate-0.10.3-py3-none-any.whl (142 kB)
2022-12-27T11:07:55.7006050Z Collecting typing-extensions
2022-12-27T11:07:55.7028540Z   Using cached typing_extensions-4.4.0-py3-none-any.whl (26 kB)
2022-12-27T11:07:55.7293500Z Collecting packaging>=20.9
2022-12-27T11:07:55.7316990Z   Using cached packaging-21.3-py3-none-any.whl (40 kB)
2022-12-27T11:07:55.7703050Z Collecting pyparsing!=3.0.5,>=2.0.2
2022-12-27T11:07:55.7725200Z   Using cached pyparsing-3.0.9-py3-none-any.whl (98 kB)
2022-12-27T11:07:55.8097570Z Installing collected packages: typing-extensions, pyparsing, packaging, delocate
2022-12-27T11:07:55.9549790Z Successfully installed delocate-0.10.3 packaging-21.3 pyparsing-3.0.9 typing-extensions-4.4.0
2022-12-27T11:07:55.9992990Z ##[endgroup]
2022-12-27T11:07:55.9993640Z                                                               [32m✓ [0m0.91s
2022-12-27T11:07:55.9994160Z ##[group]Running before_build...
2022-12-27T11:07:55.9994300Z 
2022-12-27T11:07:56.0001750Z + pip install Cython; if [[ -f requirements.txt ]]; then pip install -r requirements.txt; fi
2022-12-27T11:07:56.7001070Z Collecting Cython
2022-12-27T11:07:56.7048860Z   Using cached Cython-0.29.32-py2.py3-none-any.whl (986 kB)
2022-12-27T11:07:56.7539990Z Installing collected packages: Cython
2022-12-27T11:07:57.2351880Z Successfully installed Cython-0.29.32
2022-12-27T11:07:57.5730200Z Requirement already satisfied: Cython>=0.20 in /private/var/folders/51/hd414ycd67n82196sw51xqtc0000gn/T/cibw-run-cfp6t06l/cp39-macosx_arm64/build/venv/lib/python3.9/site-packages (from -r requirements.txt (line 1)) (0.29.32)
2022-12-27T11:07:57.6371720Z ##[endgroup]
2022-12-27T11:07:57.6372680Z                                                               [32m✓ [0m1.64s
2022-12-27T11:07:57.6373330Z ##[group]Building wheel...
2022-12-27T11:07:57.6373440Z 
2022-12-27T11:07:57.6377340Z + python -m pip wheel /Users/runner/actions-runner/_work/python.build/python.build/build_lxml33239/lxml-3.3.2 --wheel-dir=/private/var/folders/51/hd414ycd67n82196sw51xqtc0000gn/T/cibw-run-cfp6t06l/cp39-macosx_arm64/built_wheel --no-deps -vvv
2022-12-27T11:07:57.9154020Z Created temporary directory: /private/var/folders/51/hd414ycd67n82196sw51xqtc0000gn/T/pip-ephem-wheel-cache-3d3wfako
2022-12-27T11:07:57.9159080Z Created temporary directory: /private/var/folders/51/hd414ycd67n82196sw51xqtc0000gn/T/pip-build-tracker-hv3_env3
2022-12-27T11:07:57.9160520Z Initialized build tracking at /private/var/folders/51/hd414ycd67n82196sw51xqtc0000gn/T/pip-build-tracker-hv3_env3
2022-12-27T11:07:57.9162300Z Created build tracker: /private/var/folders/51/hd414ycd67n82196sw51xqtc0000gn/T/pip-build-tracker-hv3_env3
2022-12-27T11:07:57.9163790Z Entered build tracker: /private/var/folders/51/hd414ycd67n82196sw51xqtc0000gn/T/pip-build-tracker-hv3_env3
2022-12-27T11:07:57.9167280Z Created temporary directory: /private/var/folders/51/hd414ycd67n82196sw51xqtc0000gn/T/pip-wheel-qhdc9p14
2022-12-27T11:07:57.9174250Z Created temporary directory: /private/var/folders/51/hd414ycd67n82196sw51xqtc0000gn/T/pip-ephem-wheel-cache-ibwuuojl
2022-12-27T11:07:57.9346240Z Processing /Users/runner/actions-runner/_work/python.build/python.build/build_lxml33239/lxml-3.3.2
2022-12-27T11:07:57.9351970Z   Added file:///Users/runner/actions-runner/_work/python.build/python.build/build_lxml33239/lxml-3.3.2 to build tracker '/private/var/folders/51/hd414ycd67n82196sw51xqtc0000gn/T/pip-build-tracker-hv3_env3'
2022-12-27T11:07:57.9355820Z   Running setup.py (path:/Users/runner/actions-runner/_work/python.build/python.build/build_lxml33239/lxml-3.3.2/setup.py) egg_info for package from file:///Users/runner/actions-runner/_work/python.build/python.build/build_lxml33239/lxml-3.3.2
2022-12-27T11:07:57.9358960Z   Created temporary directory: /private/var/folders/51/hd414ycd67n82196sw51xqtc0000gn/T/pip-pip-egg-info-_z1b9cwi
2022-12-27T11:07:57.9360180Z   Preparing metadata (setup.py): started
2022-12-27T11:07:57.9361970Z   Running command python setup.py egg_info
2022-12-27T11:07:58.2792470Z   /private/var/folders/51/hd414ycd67n82196sw51xqtc0000gn/T/cibw-run-cfp6t06l/cp39-macosx_arm64/build/venv/lib/python3.9/site-packages/setuptools/_distutils/dist.py:265: UserWarning: Unknown distribution option: 'bugtrack_url'
2022-12-27T11:07:58.2793560Z     warnings.warn(msg)
2022-12-27T11:07:58.2912860Z   Building lxml version 3.3.2.
2022-12-27T11:07:58.2914770Z   Building without Cython.
2022-12-27T11:07:58.2916890Z   Using build configuration of libxslt 1.1.29
2022-12-27T11:07:58.2919080Z   Building against libxml2/libxslt in the following directory: /Library/Developer/CommandLineTools/SDKs/MacOSX12.1.sdk/usr/lib
2022-12-27T11:07:58.2920410Z   running egg_info
2022-12-27T11:07:58.2922610Z   creating /private/var/folders/51/hd414ycd67n82196sw51xqtc0000gn/T/pip-pip-egg-info-_z1b9cwi/lxml.egg-info
2022-12-27T11:07:58.2929800Z   writing /private/var/folders/51/hd414ycd67n82196sw51xqtc0000gn/T/pip-pip-egg-info-_z1b9cwi/lxml.egg-info/PKG-INFO
2022-12-27T11:07:58.2934580Z   writing dependency_links to /private/var/folders/51/hd414ycd67n82196sw51xqtc0000gn/T/pip-pip-egg-info-_z1b9cwi/lxml.egg-info/dependency_links.txt
2022-12-27T11:07:58.2940250Z   writing requirements to /private/var/folders/51/hd414ycd67n82196sw51xqtc0000gn/T/pip-pip-egg-info-_z1b9cwi/lxml.egg-info/requires.txt
2022-12-27T11:07:58.2942210Z   writing top-level names to /private/var/folders/51/hd414ycd67n82196sw51xqtc0000gn/T/pip-pip-egg-info-_z1b9cwi/lxml.egg-info/top_level.txt
2022-12-27T11:07:58.2944480Z   writing manifest file '/private/var/folders/51/hd414ycd67n82196sw51xqtc0000gn/T/pip-pip-egg-info-_z1b9cwi/lxml.egg-info/SOURCES.txt'
2022-12-27T11:07:58.3024030Z   reading manifest file '/private/var/folders/51/hd414ycd67n82196sw51xqtc0000gn/T/pip-pip-egg-info-_z1b9cwi/lxml.egg-info/SOURCES.txt'
2022-12-27T11:07:58.3026690Z   reading manifest template 'MANIFEST.in'
2022-12-27T11:07:58.4068890Z   adding license file 'LICENSES.txt'
2022-12-27T11:07:58.4136590Z   writing manifest file '/private/var/folders/51/hd414ycd67n82196sw51xqtc0000gn/T/pip-pip-egg-info-_z1b9cwi/lxml.egg-info/SOURCES.txt'
2022-12-27T11:07:58.4380940Z   Preparing metadata (setup.py): finished with status 'done'
2022-12-27T11:07:58.4406190Z   Source in /Users/runner/actions-runner/_work/python.build/python.build/build_lxml33239/lxml-3.3.2 has version 3.3.2, which satisfies requirement lxml==3.3.2 from file:///Users/runner/actions-runner/_work/python.build/python.build/build_lxml33239/lxml-3.3.2
2022-12-27T11:07:58.4409830Z   Removed lxml==3.3.2 from file:///Users/runner/actions-runner/_work/python.build/python.build/build_lxml33239/lxml-3.3.2 from build tracker '/private/var/folders/51/hd414ycd67n82196sw51xqtc0000gn/T/pip-build-tracker-hv3_env3'
2022-12-27T11:07:58.4427640Z Created temporary directory: /private/var/folders/51/hd414ycd67n82196sw51xqtc0000gn/T/pip-unpack-97_jyatt
2022-12-27T11:07:58.4430370Z Building wheels for collected packages: lxml
2022-12-27T11:07:58.4436920Z   Created temporary directory: /private/var/folders/51/hd414ycd67n82196sw51xqtc0000gn/T/pip-wheel-iu5gwru_
2022-12-27T11:07:58.4438800Z   Building wheel for lxml (setup.py): started
2022-12-27T11:07:58.4440640Z   Destination directory: /private/var/folders/51/hd414ycd67n82196sw51xqtc0000gn/T/pip-wheel-iu5gwru_
2022-12-27T11:07:58.4441930Z   Running command python setup.py bdist_wheel
2022-12-27T11:07:58.6654710Z   Building lxml version 3.3.2.
2022-12-27T11:07:58.6656140Z   Building without Cython.
2022-12-27T11:07:58.6795320Z   Using build configuration of libxslt 1.1.29
2022-12-27T11:07:58.7771230Z   Building against libxml2/libxslt in the following directory: /Library/Developer/CommandLineTools/SDKs/MacOSX12.1.sdk/usr/lib
2022-12-27T11:07:58.7846600Z   /private/var/folders/51/hd414ycd67n82196sw51xqtc0000gn/T/cibw-run-cfp6t06l/cp39-macosx_arm64/build/venv/lib/python3.9/site-packages/setuptools/_distutils/dist.py:265: UserWarning: Unknown distribution option: 'bugtrack_url'
2022-12-27T11:07:58.7848430Z     warnings.warn(msg)
2022-12-27T11:07:58.8045760Z   running bdist_wheel
2022-12-27T11:07:58.8088610Z   running build
2022-12-27T11:07:58.8090460Z   running build_py
2022-12-27T11:07:58.8111460Z   creating build
2022-12-27T11:07:58.8114020Z   creating build/lib.macosx-11.0-arm64-cpython-39
2022-12-27T11:07:58.8116880Z   creating build/lib.macosx-11.0-arm64-cpython-39/lxml
2022-12-27T11:07:58.8119280Z   copying src/lxml/_elementpath.py -> build/lib.macosx-11.0-arm64-cpython-39/lxml
2022-12-27T11:07:58.8120810Z   copying src/lxml/sax.py -> build/lib.macosx-11.0-arm64-cpython-39/lxml
2022-12-27T11:07:58.8122160Z   copying src/lxml/pyclasslookup.py -> build/lib.macosx-11.0-arm64-cpython-39/lxml
2022-12-27T11:07:58.8123680Z   copying src/lxml/__init__.py -> build/lib.macosx-11.0-arm64-cpython-39/lxml
2022-12-27T11:07:58.8127760Z   copying src/lxml/builder.py -> build/lib.macosx-11.0-arm64-cpython-39/lxml
2022-12-27T11:07:58.8129920Z   copying src/lxml/doctestcompare.py -> build/lib.macosx-11.0-arm64-cpython-39/lxml
2022-12-27T11:07:58.8131690Z   copying src/lxml/usedoctest.py -> build/lib.macosx-11.0-arm64-cpython-39/lxml
2022-12-27T11:07:58.8134900Z   copying src/lxml/cssselect.py -> build/lib.macosx-11.0-arm64-cpython-39/lxml
2022-12-27T11:07:58.8136980Z   copying src/lxml/ElementInclude.py -> build/lib.macosx-11.0-arm64-cpython-39/lxml
2022-12-27T11:07:58.8141420Z   creating build/lib.macosx-11.0-arm64-cpython-39/lxml/includes
2022-12-27T11:07:58.8143170Z   copying src/lxml/includes/__init__.py -> build/lib.macosx-11.0-arm64-cpython-39/lxml/includes
2022-12-27T11:07:58.8149150Z   creating build/lib.macosx-11.0-arm64-cpython-39/lxml/html
2022-12-27T11:07:58.8150830Z   copying src/lxml/html/soupparser.py -> build/lib.macosx-11.0-arm64-cpython-39/lxml/html
2022-12-27T11:07:58.8153400Z   copying src/lxml/html/defs.py -> build/lib.macosx-11.0-arm64-cpython-39/lxml/html
2022-12-27T11:07:58.8156020Z   copying src/lxml/html/_setmixin.py -> build/lib.macosx-11.0-arm64-cpython-39/lxml/html
2022-12-27T11:07:58.8158560Z   copying src/lxml/html/clean.py -> build/lib.macosx-11.0-arm64-cpython-39/lxml/html
2022-12-27T11:07:58.8161060Z   copying src/lxml/html/_diffcommand.py -> build/lib.macosx-11.0-arm64-cpython-39/lxml/html
2022-12-27T11:07:58.8163990Z   copying src/lxml/html/html5parser.py -> build/lib.macosx-11.0-arm64-cpython-39/lxml/html
2022-12-27T11:07:58.8166500Z   copying src/lxml/html/__init__.py -> build/lib.macosx-11.0-arm64-cpython-39/lxml/html
2022-12-27T11:07:58.8169760Z   copying src/lxml/html/formfill.py -> build/lib.macosx-11.0-arm64-cpython-39/lxml/html
2022-12-27T11:07:58.8172380Z   copying src/lxml/html/builder.py -> build/lib.macosx-11.0-arm64-cpython-39/lxml/html
2022-12-27T11:07:58.8174460Z   copying src/lxml/html/ElementSoup.py -> build/lib.macosx-11.0-arm64-cpython-39/lxml/html
2022-12-27T11:07:58.8177260Z   copying src/lxml/html/_html5builder.py -> build/lib.macosx-11.0-arm64-cpython-39/lxml/html
2022-12-27T11:07:58.8179800Z   copying src/lxml/html/usedoctest.py -> build/lib.macosx-11.0-arm64-cpython-39/lxml/html
2022-12-27T11:07:58.8183010Z   copying src/lxml/html/diff.py -> build/lib.macosx-11.0-arm64-cpython-39/lxml/html
2022-12-27T11:07:58.8187490Z   creating build/lib.macosx-11.0-arm64-cpython-39/lxml/isoschematron
2022-12-27T11:07:58.8189660Z   copying src/lxml/isoschematron/__init__.py -> build/lib.macosx-11.0-arm64-cpython-39/lxml/isoschematron
2022-12-27T11:07:58.8213850Z   copying src/lxml/lxml.etree.h -> build/lib.macosx-11.0-arm64-cpython-39/lxml
2022-12-27T11:07:58.8217050Z   copying src/lxml/lxml.etree_api.h -> build/lib.macosx-11.0-arm64-cpython-39/lxml
2022-12-27T11:07:58.8220420Z   copying src/lxml/includes/xmlerror.pxd -> build/lib.macosx-11.0-arm64-cpython-39/lxml/includes
2022-12-27T11:07:58.8223560Z   copying src/lxml/includes/c14n.pxd -> build/lib.macosx-11.0-arm64-cpython-39/lxml/includes
2022-12-27T11:07:58.8226730Z   copying src/lxml/includes/xmlschema.pxd -> build/lib.macosx-11.0-arm64-cpython-39/lxml/includes
2022-12-27T11:07:58.8230530Z   copying src/lxml/includes/schematron.pxd -> build/lib.macosx-11.0-arm64-cpython-39/lxml/includes
2022-12-27T11:07:58.8232940Z   copying src/lxml/includes/tree.pxd -> build/lib.macosx-11.0-arm64-cpython-39/lxml/includes
2022-12-27T11:07:58.8236400Z   copying src/lxml/includes/uri.pxd -> build/lib.macosx-11.0-arm64-cpython-39/lxml/includes
2022-12-27T11:07:58.8238970Z   copying src/lxml/includes/etreepublic.pxd -> build/lib.macosx-11.0-arm64-cpython-39/lxml/includes
2022-12-27T11:07:58.8241950Z   copying src/lxml/includes/xpath.pxd -> build/lib.macosx-11.0-arm64-cpython-39/lxml/includes
2022-12-27T11:07:58.8244680Z   copying src/lxml/includes/htmlparser.pxd -> build/lib.macosx-11.0-arm64-cpython-39/lxml/includes
2022-12-27T11:07:58.8247220Z   copying src/lxml/includes/xslt.pxd -> build/lib.macosx-11.0-arm64-cpython-39/lxml/includes
2022-12-27T11:07:58.8250190Z   copying src/lxml/includes/config.pxd -> build/lib.macosx-11.0-arm64-cpython-39/lxml/includes
2022-12-27T11:07:58.8253980Z   copying src/lxml/includes/xmlparser.pxd -> build/lib.macosx-11.0-arm64-cpython-39/lxml/includes
2022-12-27T11:07:58.8255600Z   copying src/lxml/includes/xinclude.pxd -> build/lib.macosx-11.0-arm64-cpython-39/lxml/includes
2022-12-27T11:07:58.8259090Z   copying src/lxml/includes/dtdvalid.pxd -> build/lib.macosx-11.0-arm64-cpython-39/lxml/includes
2022-12-27T11:07:58.8261750Z   copying src/lxml/includes/relaxng.pxd -> build/lib.macosx-11.0-arm64-cpython-39/lxml/includes
2022-12-27T11:07:58.8264830Z   copying src/lxml/includes/lxml-version.h -> build/lib.macosx-11.0-arm64-cpython-39/lxml/includes
2022-12-27T11:07:58.8267270Z   copying src/lxml/includes/etree_defs.h -> build/lib.macosx-11.0-arm64-cpython-39/lxml/includes
2022-12-27T11:07:58.8270730Z   creating build/lib.macosx-11.0-arm64-cpython-39/lxml/isoschematron/resources
2022-12-27T11:07:58.8272170Z   creating build/lib.macosx-11.0-arm64-cpython-39/lxml/isoschematron/resources/rng
2022-12-27T11:07:58.8273840Z   copying src/lxml/isoschematron/resources/rng/iso-schematron.rng -> build/lib.macosx-11.0-arm64-cpython-39/lxml/isoschematron/resources/rng
2022-12-27T11:07:58.8277270Z   creating build/lib.macosx-11.0-arm64-cpython-39/lxml/isoschematron/resources/xsl
2022-12-27T11:07:58.8279860Z   copying src/lxml/isoschematron/resources/xsl/XSD2Schtrn.xsl -> build/lib.macosx-11.0-arm64-cpython-39/lxml/isoschematron/resources/xsl
2022-12-27T11:07:58.8281490Z   copying src/lxml/isoschematron/resources/xsl/RNG2Schtrn.xsl -> build/lib.macosx-11.0-arm64-cpython-39/lxml/isoschematron/resources/xsl
2022-12-27T11:07:58.8284000Z   creating build/lib.macosx-11.0-arm64-cpython-39/lxml/isoschematron/resources/xsl/iso-schematron-xslt1
2022-12-27T11:07:58.8285910Z   copying src/lxml/isoschematron/resources/xsl/iso-schematron-xslt1/iso_abstract_expand.xsl -> build/lib.macosx-11.0-arm64-cpython-39/lxml/isoschematron/resources/xsl/iso-schematron-xslt1
2022-12-27T11:07:58.8288900Z   copying src/lxml/isoschematron/resources/xsl/iso-schematron-xslt1/iso_dsdl_include.xsl -> build/lib.macosx-11.0-arm64-cpython-39/lxml/isoschematron/resources/xsl/iso-schematron-xslt1
2022-12-27T11:07:58.8291840Z   copying src/lxml/isoschematron/resources/xsl/iso-schematron-xslt1/iso_schematron_skeleton_for_xslt1.xsl -> build/lib.macosx-11.0-arm64-cpython-39/lxml/isoschematron/resources/xsl/iso-schematron-xslt1
2022-12-27T11:07:58.8295340Z   copying src/lxml/isoschematron/resources/xsl/iso-schematron-xslt1/iso_svrl_for_xslt1.xsl -> build/lib.macosx-11.0-arm64-cpython-39/lxml/isoschematron/resources/xsl/iso-schematron-xslt1
2022-12-27T11:07:58.8298690Z   copying src/lxml/isoschematron/resources/xsl/iso-schematron-xslt1/iso_schematron_message.xsl -> build/lib.macosx-11.0-arm64-cpython-39/lxml/isoschematron/resources/xsl/iso-schematron-xslt1
2022-12-27T11:07:58.8301450Z   copying src/lxml/isoschematron/resources/xsl/iso-schematron-xslt1/readme.txt -> build/lib.macosx-11.0-arm64-cpython-39/lxml/isoschematron/resources/xsl/iso-schematron-xslt1
2022-12-27T11:07:58.8314860Z   running build_ext
2022-12-27T11:07:58.8731110Z   building 'lxml.etree' extension
2022-12-27T11:07:58.8732690Z   creating build/temp.macosx-11.0-arm64-cpython-39
2022-12-27T11:07:58.8734490Z   creating build/temp.macosx-11.0-arm64-cpython-39/src
2022-12-27T11:07:58.8736410Z   creating build/temp.macosx-11.0-arm64-cpython-39/src/lxml
2022-12-27T11:07:58.8739550Z   gcc -Wno-unused-result -Wsign-compare -Wunreachable-code -fno-common -dynamic -DNDEBUG -g -fwrapv -O3 -Wall -g -I/usr/local/opt/openssl@3/include -I/usr/local/opt/openssl@3/include -arch arm64 -I/Library/Developer/CommandLineTools/SDKs/MacOSX12.1.sdk/usr/include -I/Users/runner/actions-runner/_work/python.build/python.build/build_lxml33239/lxml-3.3.2/src/lxml/includes -I/private/var/folders/51/hd414ycd67n82196sw51xqtc0000gn/T/cibw-run-cfp6t06l/cp39-macosx_arm64/build/venv/include -I/Library/Frameworks/Python.framework/Versions/3.9/include/python3.9 -c src/lxml/lxml.etree.c -o build/temp.macosx-11.0-arm64-cpython-39/src/lxml/lxml.etree.o -w -flat_namespace
2022-12-27T11:07:59.5385380Z   src/lxml/lxml.etree.c:190065:38: error: no member named 'tp_print' in 'struct _typeobject'
2022-12-27T11:07:59.5386440Z     __pyx_type_4lxml_5etree__TempStore.tp_print = 0;
2022-12-27T11:07:59.5388660Z     ~~~~~~~~~~~~~~~~~~~~~~~~~~~~~~~~~~ ^
2022-12-27T11:07:59.5390910Z   src/lxml/lxml.etree.c:190075:45: error: no member named 'tp_print' in 'struct _typeobject'
2022-12-27T11:07:59.5391650Z     __pyx_type_4lxml_5etree__ExceptionContext.tp_print = 0;
2022-12-27T11:07:59.5393340Z     ~~~~~~~~~~~~~~~~~~~~~~~~~~~~~~~~~~~~~~~~~ ^
2022-12-27T11:07:59.5394770Z   src/lxml/lxml.etree.c:190088:20: error: no member named 'tp_print' in 'struct _typeobject'
2022-12-27T11:07:59.5395930Z     LxmlDocumentType.tp_print = 0;
2022-12-27T11:07:59.5397320Z     ~~~~~~~~~~~~~~~~ ^
2022-12-27T11:07:59.5398990Z   src/lxml/lxml.etree.c:190093:19: error: no member named 'tp_print' in 'struct _typeobject'
2022-12-27T11:07:59.5399930Z     LxmlElementType.tp_print = 0;
2022-12-27T11:07:59.5401260Z     ~~~~~~~~~~~~~~~ ^
2022-12-27T11:07:59.5403090Z   src/lxml/lxml.etree.c:190181:39: error: no member named 'tp_print' in 'struct _typeobject'
2022-12-27T11:07:59.5404760Z     __pyx_type_4lxml_5etree__BaseParser.tp_print = 0;
2022-12-27T11:07:59.5405720Z     ~~~~~~~~~~~~~~~~~~~~~~~~~~~~~~~~~~~ ^
2022-12-27T11:07:59.5407450Z   src/lxml/lxml.etree.c:190185:33: error: no member named 'tp_print' in 'struct _typeobject'
2022-12-27T11:07:59.5408610Z     __pyx_type_4lxml_5etree_QName.tp_print = 0;
2022-12-27T11:07:59.5409960Z     ~~~~~~~~~~~~~~~~~~~~~~~~~~~~~ ^
2022-12-27T11:07:59.5411500Z   src/lxml/lxml.etree.c:190192:37: error: no member named 'tp_print' in 'struct _typeobject'
2022-12-27T11:07:59.5412700Z     __pyx_type_4lxml_5etree__LogEntry.tp_print = 0;
2022-12-27T11:07:59.5413980Z     ~~~~~~~~~~~~~~~~~~~~~~~~~~~~~~~~~ ^
2022-12-27T11:07:59.5415600Z   src/lxml/lxml.etree.c:190204:41: error: no member named 'tp_print' in 'struct _typeobject'
2022-12-27T11:07:59.5416760Z     __pyx_type_4lxml_5etree__BaseErrorLog.tp_print = 0;
2022-12-27T11:07:59.5418060Z     ~~~~~~~~~~~~~~~~~~~~~~~~~~~~~~~~~~~~~ ^
2022-12-27T11:07:59.5419640Z   src/lxml/lxml.etree.c:190213:41: error: no member named 'tp_print' in 'struct _typeobject'
2022-12-27T11:07:59.5421050Z     __pyx_type_4lxml_5etree__ListErrorLog.tp_print = 0;
2022-12-27T11:07:59.5422210Z     ~~~~~~~~~~~~~~~~~~~~~~~~~~~~~~~~~~~~~ ^
2022-12-27T11:07:59.5423900Z   src/lxml/lxml.etree.c:190218:44: error: no member named 'tp_print' in 'struct _typeobject'
2022-12-27T11:07:59.5425180Z     __pyx_type_4lxml_5etree__ErrorLogContext.tp_print = 0;
2022-12-27T11:07:59.5426230Z     ~~~~~~~~~~~~~~~~~~~~~~~~~~~~~~~~~~~~~~~~ ^
2022-12-27T11:07:59.5427830Z   src/lxml/lxml.etree.c:190230:37: error: no member named 'tp_print' in 'struct _typeobject'
2022-12-27T11:07:59.5429210Z     __pyx_type_4lxml_5etree__ErrorLog.tp_print = 0;
2022-12-27T11:07:59.5430450Z     ~~~~~~~~~~~~~~~~~~~~~~~~~~~~~~~~~ ^
2022-12-27T11:07:59.5431990Z   src/lxml/lxml.etree.c:190239:43: error: no member named 'tp_print' in 'struct _typeobject'
2022-12-27T11:07:59.5433230Z     __pyx_type_4lxml_5etree__DomainErrorLog.tp_print = 0;
2022-12-27T11:07:59.5434530Z     ~~~~~~~~~~~~~~~~~~~~~~~~~~~~~~~~~~~~~~~ ^
2022-12-27T11:07:59.5436110Z   src/lxml/lxml.etree.c:190248:45: error: no member named 'tp_print' in 'struct _typeobject'
2022-12-27T11:07:59.5437370Z     __pyx_type_4lxml_5etree__RotatingErrorLog.tp_print = 0;
2022-12-27T11:07:59.5438750Z     ~~~~~~~~~~~~~~~~~~~~~~~~~~~~~~~~~~~~~~~~~ ^
2022-12-27T11:07:59.5440660Z   src/lxml/lxml.etree.c:190258:38: error: no member named 'tp_print' in 'struct _typeobject'
2022-12-27T11:07:59.5441620Z     __pyx_type_4lxml_5etree_PyErrorLog.tp_print = 0;
2022-12-27T11:07:59.5442930Z     ~~~~~~~~~~~~~~~~~~~~~~~~~~~~~~~~~~ ^
2022-12-27T11:07:59.5444550Z   src/lxml/lxml.etree.c:190263:35: error: no member named 'tp_print' in 'struct _typeobject'
2022-12-27T11:07:59.5445750Z     __pyx_type_4lxml_5etree_DocInfo.tp_print = 0;
2022-12-27T11:07:59.5447080Z     ~~~~~~~~~~~~~~~~~~~~~~~~~~~~~~~ ^
2022-12-27T11:07:59.5448730Z   src/lxml/lxml.etree.c:190270:48: error: no member named 'tp_print' in 'struct _typeobject'
2022-12-27T11:07:59.5449970Z     __pyx_type_4lxml_5etree___ContentOnlyElement.tp_print = 0;
2022-12-27T11:07:59.5451290Z     ~~~~~~~~~~~~~~~~~~~~~~~~~~~~~~~~~~~~~~~~~~~~ ^
2022-12-27T11:07:59.5452860Z   src/lxml/lxml.etree.c:190307:36: error: no member named 'tp_print' in 'struct _typeobject'
2022-12-27T11:07:59.5454080Z     __pyx_type_4lxml_5etree__Comment.tp_print = 0;
2022-12-27T11:07:59.5455370Z     ~~~~~~~~~~~~~~~~~~~~~~~~~~~~~~~~ ^
2022-12-27T11:07:59.5457000Z   src/lxml/lxml.etree.c:190315:50: error: no member named 'tp_print' in 'struct _typeobject'
2022-12-27T11:07:59.5458260Z     __pyx_type_4lxml_5etree__ProcessingInstruction.tp_print = 0;
2022-12-27T11:07:59.5459580Z     ~~~~~~~~~~~~~~~~~~~~~~~~~~~~~~~~~~~~~~~~~~~~~~ ^
2022-12-27T11:07:59.5461080Z   src/lxml/lxml.etree.c:190323:35: error: no member named 'tp_print' in 'struct _typeobject'
2022-12-27T11:07:59.5462340Z     __pyx_type_4lxml_5etree__Entity.tp_print = 0;
2022-12-27T11:07:59.5463690Z     ~~~~~~~~~~~~~~~~~~~~~~~~~~~~~~~ ^
2022-12-27T11:07:59.5465920Z   fatal error: too many errors emitted, stopping now [-ferror-limit=]
2022-12-27T11:07:59.5941390Z   20 errors generated.
2022-12-27T11:07:59.5988010Z   error: command '/usr/bin/gcc' failed with exit code 1
2022-12-27T11:07:59.6331540Z   error: subprocess-exited-with-error
2022-12-27T11:07:59.6331900Z   
2022-12-27T11:07:59.6332300Z   × python setup.py bdist_wheel did not run successfully.
2022-12-27T11:07:59.6332680Z   │ exit code: 1
2022-12-27T11:07:59.6332950Z   ╰─> See above for output.
2022-12-27T11:07:59.6333100Z   
2022-12-27T11:07:59.6333390Z   note: This error originates from a subprocess, and is likely not a problem with pip.
2022-12-27T11:07:59.6340740Z   full command: /private/var/folders/51/hd414ycd67n82196sw51xqtc0000gn/T/cibw-run-cfp6t06l/cp39-macosx_arm64/build/venv/bin/python -u -c '
2022-12-27T11:07:59.6341390Z   exec(compile('"'"''"'"''"'"'
2022-12-27T11:07:59.6342550Z   # This is <pip-setuptools-caller> -- a caller that pip uses to run setup.py
2022-12-27T11:07:59.6343000Z   #
2022-12-27T11:07:59.6343570Z   # - It imports setuptools before invoking setup.py, to enable projects that directly
2022-12-27T11:07:59.6343920Z   #   import from `distutils.core` to work with newer packaging standards.
2022-12-27T11:07:59.6344440Z   # - It provides a clear error message when setuptools is not installed.
2022-12-27T11:07:59.6345380Z   # - It sets `sys.argv[0]` to the underlying `setup.py`, when invoking `setup.py` so
2022-12-27T11:07:59.6346050Z   #   setuptools doesn'"'"'t think the script is `-c`. This avoids the following warning:
2022-12-27T11:07:59.6346590Z   #     manifest_maker: standard file '"'"'-c'"'"' not found".
2022-12-27T11:07:59.6347120Z   # - It generates a shim setup.py, for handling setup.cfg-only projects.
2022-12-27T11:07:59.6347520Z   import os, sys, tokenize
2022-12-27T11:07:59.6347800Z   
2022-12-27T11:07:59.6348020Z   try:
2022-12-27T11:07:59.6348290Z       import setuptools
2022-12-27T11:07:59.6348600Z   except ImportError as error:
2022-12-27T11:07:59.6348790Z       print(
2022-12-27T11:07:59.6349070Z           "ERROR: Can not execute `setup.py` since setuptools is not available in "
2022-12-27T11:07:59.6349360Z           "the build environment.",
2022-12-27T11:07:59.6350140Z           file=sys.stderr,
2022-12-27T11:07:59.6350350Z       )
2022-12-27T11:07:59.6350530Z       sys.exit(1)
2022-12-27T11:07:59.6350680Z   
2022-12-27T11:07:59.6350880Z   __file__ = %r
2022-12-27T11:07:59.6351080Z   sys.argv[0] = __file__
2022-12-27T11:07:59.6351220Z   
2022-12-27T11:07:59.6351370Z   if os.path.exists(__file__):
2022-12-27T11:07:59.6351570Z       filename = __file__
2022-12-27T11:07:59.6351750Z       with tokenize.open(__file__) as f:
2022-12-27T11:07:59.6351930Z           setup_py_code = f.read()
2022-12-27T11:07:59.6352110Z   else:
2022-12-27T11:07:59.6352370Z       filename = "<auto-generated setuptools caller>"
2022-12-27T11:07:59.6352630Z       setup_py_code = "from setuptools import setup; setup()"
2022-12-27T11:07:59.6352840Z   
2022-12-27T11:07:59.6353000Z   exec(compile(setup_py_code, filename, "exec"))
2022-12-27T11:07:59.6353460Z   Building wheel for lxml (setup.py): finished with status 'error'
2022-12-27T11:07:59.6354230Z   '"'"''"'"''"'"' % ('"'"'/Users/runner/actions-runner/_work/python.build/python.build/build_lxml33239/lxml-3.3.2/setup.py'"'"',), "<pip-setuptools-caller>", "exec"))' bdist_wheel -d /private/var/folders/51/hd414ycd67n82196sw51xqtc0000gn/T/pip-wheel-iu5gwru_
2022-12-27T11:07:59.6354820Z   cwd: /Users/runner/actions-runner/_work/python.build/python.build/build_lxml33239/lxml-3.3.2/
2022-12-27T11:07:59.6355050Z   Running setup.py clean for lxml
2022-12-27T11:07:59.6355400Z   ERROR: Failed building wheel for lxml
2022-12-27T11:07:59.6355740Z   Running command python setup.py clean
2022-12-27T11:07:59.8564310Z   Building lxml version 3.3.2.
2022-12-27T11:07:59.8564710Z   Building without Cython.
2022-12-27T11:07:59.8707070Z   Using build configuration of libxslt 1.1.29
2022-12-27T11:07:59.9703710Z   Building against libxml2/libxslt in the following directory: /Library/Developer/CommandLineTools/SDKs/MacOSX12.1.sdk/usr/lib
2022-12-27T11:07:59.9780590Z   /private/var/folders/51/hd414ycd67n82196sw51xqtc0000gn/T/cibw-run-cfp6t06l/cp39-macosx_arm64/build/venv/lib/python3.9/site-packages/setuptools/_distutils/dist.py:265: UserWarning: Unknown distribution option: 'bugtrack_url'
2022-12-27T11:07:59.9781780Z     warnings.warn(msg)
2022-12-27T11:07:59.9879360Z   running clean
2022-12-27T11:07:59.9907330Z   removing 'build/temp.macosx-11.0-arm64-cpython-39' (and everything under it)
2022-12-27T11:07:59.9911560Z   removing 'build/lib.macosx-11.0-arm64-cpython-39' (and everything under it)
2022-12-27T11:07:59.9959610Z   'build/bdist.macosx-11.0-arm64' does not exist -- can't clean it
2022-12-27T11:07:59.9961340Z   'build/scripts-3.9' does not exist -- can't clean it
2022-12-27T11:07:59.9962850Z   removing 'build'
2022-12-27T11:08:00.0221510Z Failed to build lxml
2022-12-27T11:08:00.0225800Z ERROR: Failed to build one or more wheels
2022-12-27T11:08:00.0235710Z Exception information:
2022-12-27T11:08:00.0235960Z Traceback (most recent call last):
2022-12-27T11:08:00.0242620Z   File "/private/var/folders/51/hd414ycd67n82196sw51xqtc0000gn/T/cibw-run-cfp6t06l/cp39-macosx_arm64/build/venv/lib/python3.9/site-packages/pip/_internal/cli/base_command.py", line 160, in exc_logging_wrapper
2022-12-27T11:08:00.0243100Z     status = run_func(*args)
2022-12-27T11:08:00.0243750Z   File "/private/var/folders/51/hd414ycd67n82196sw51xqtc0000gn/T/cibw-run-cfp6t06l/cp39-macosx_arm64/build/venv/lib/python3.9/site-packages/pip/_internal/cli/req_command.py", line 247, in wrapper
2022-12-27T11:08:00.0244150Z     return func(self, options, args)
2022-12-27T11:08:00.0244760Z   File "/private/var/folders/51/hd414ycd67n82196sw51xqtc0000gn/T/cibw-run-cfp6t06l/cp39-macosx_arm64/build/venv/lib/python3.9/site-packages/pip/_internal/commands/wheel.py", line 201, in run
2022-12-27T11:08:00.0245150Z     raise CommandError("Failed to build one or more wheels")
2022-12-27T11:08:00.0245480Z pip._internal.exceptions.CommandError: Failed to build one or more wheels
2022-12-27T11:08:00.0245960Z Removed build tracker: '/private/var/folders/51/hd414ycd67n82196sw51xqtc0000gn/T/pip-build-tracker-hv3_env3'
2022-12-27T11:08:00.0679590Z ##[endgroup]
2022-12-27T11:08:00.0705210Z ##[error]Command ['python', '-m', 'pip', 'wheel', '/Users/runner/actions-runner/_work/python.build/python.build/build_lxml33239/lxml-3.3.2', '--wheel-dir=/private/var/folders/51/hd414ycd67n82196sw51xqtc0000gn/T/cibw-run-cfp6t06l/cp39-macosx_arm64/built_wheel', '--no-deps', '-vvv'] failed with code 1. None
2022-12-27T11:08:00.0711170Z 
2022-12-27T11:08:00.0711450Z                                                               [31m✕ [0m2.43s
2022-12-27T11:08:00.1139130Z ##[error]Process completed with exit code 1.
2022-12-27T11:08:00.1170260Z ##[group]Run rm -rf build_lxml33239 wheelsout
2022-12-27T11:08:00.1170440Z [36;1mrm -rf build_lxml33239 wheelsout[0m
2022-12-27T11:08:00.1185620Z shell: /bin/bash -e {0}
2022-12-27T11:08:00.1185730Z env:
2022-12-27T11:08:00.1185870Z   pythonLocation: /Users/runner/hostedtoolcache/Python/3.9.16/x64
2022-12-27T11:08:00.1186070Z   PKG_CONFIG_PATH: /Users/runner/hostedtoolcache/Python/3.9.16/x64/lib/pkgconfig
2022-12-27T11:08:00.1186250Z   Python_ROOT_DIR: /Users/runner/hostedtoolcache/Python/3.9.16/x64
2022-12-27T11:08:00.1186430Z   Python2_ROOT_DIR: /Users/runner/hostedtoolcache/Python/3.9.16/x64
2022-12-27T11:08:00.1186590Z   Python3_ROOT_DIR: /Users/runner/hostedtoolcache/Python/3.9.16/x64
2022-12-27T11:08:00.1186720Z ##[endgroup]
2022-12-27T11:08:00.1736260Z Cleaning up orphan processes
