2022-12-27T08:46:16.3938075Z Requested labels: self-hosted, macOS, X64
2022-12-27T08:46:16.3938148Z Job defined at: kilnbuild/python.build/.github/workflows/mac_arm_build.yml@refs/heads/main
2022-12-27T08:46:16.3938178Z Waiting for a runner to pick up this job...
2022-12-27T11:06:42.2552669Z Job is about to start running on the runner: k1 (organization)
2022-12-27T11:06:45.8418420Z Current runner version: '2.300.2'
2022-12-27T11:06:45.8423180Z Runner name: 'k1'
2022-12-27T11:06:45.8423430Z Runner group name: 'Default'
2022-12-27T11:06:45.8423850Z Machine name: 'k1'
2022-12-27T11:06:45.8425300Z ##[group]GITHUB_TOKEN Permissions
2022-12-27T11:06:45.8425730Z Actions: write
2022-12-27T11:06:45.8425860Z Checks: write
2022-12-27T11:06:45.8425990Z Contents: write
2022-12-27T11:06:45.8426130Z Deployments: write
2022-12-27T11:06:45.8426270Z Discussions: write
2022-12-27T11:06:45.8426410Z Issues: write
2022-12-27T11:06:45.8426540Z Metadata: read
2022-12-27T11:06:45.8426670Z Packages: write
2022-12-27T11:06:45.8426800Z Pages: write
2022-12-27T11:06:45.8426940Z PullRequests: write
2022-12-27T11:06:45.8427090Z RepositoryProjects: write
2022-12-27T11:06:45.8427250Z SecurityEvents: write
2022-12-27T11:06:45.8427390Z Statuses: write
2022-12-27T11:06:45.8427520Z ##[endgroup]
2022-12-27T11:06:45.8429910Z Secret source: Actions
2022-12-27T11:06:45.8430220Z Prepare workflow directory
2022-12-27T11:06:45.9071900Z Prepare all required actions
2022-12-27T11:06:45.9191000Z Getting action download info
2022-12-27T11:06:46.3546670Z Download action repository 'actions/setup-python@v4' (SHA:5ccb29d8773c3f3f653e1705f474dfaa8a06a912)
2022-12-27T11:06:48.0955650Z Download action repository 'actions/upload-artifact@v3' (SHA:83fd05a356d7e2593de66fc9913b3002723633cb)
2022-12-27T11:06:49.4268260Z ##[group]Run echo '{
2022-12-27T11:06:49.4268550Z [36;1mecho '{[0m
2022-12-27T11:06:49.4268670Z [36;1m  "package_name": "lxml",[0m
2022-12-27T11:06:49.4268950Z [36;1m  "package_url": "https://files.pythonhosted.org/packages/4a/99/9eb4f727d53ae6a727675aa79a1fa95027eb8443f194049d19d930e3c165/lxml-2.0.7.tar.gz",[0m
2022-12-27T11:06:49.4269190Z [36;1m  "package_version": "2.0.7",[0m
2022-12-27T11:06:49.4269360Z [36;1m  "python_version": "3.11",[0m
2022-12-27T11:06:49.4269580Z [36;1m  "use_ccache": "true"[0m
2022-12-27T11:06:49.4269700Z [36;1m}'[0m
2022-12-27T11:06:49.4285560Z shell: /bin/bash -e {0}
2022-12-27T11:06:49.4285760Z ##[endgroup]
2022-12-27T11:06:49.4502580Z {
2022-12-27T11:06:49.4503890Z   "package_name": "lxml",
2022-12-27T11:06:49.4504640Z   "package_url": "https://files.pythonhosted.org/packages/4a/99/9eb4f727d53ae6a727675aa79a1fa95027eb8443f194049d19d930e3c165/lxml-2.0.7.tar.gz",
2022-12-27T11:06:49.4504920Z   "package_version": "2.0.7",
2022-12-27T11:06:49.4505110Z   "python_version": "3.11",
2022-12-27T11:06:49.4505340Z   "use_ccache": "true"
2022-12-27T11:06:49.4505500Z }
2022-12-27T11:06:49.4715200Z ##[group]Run actions/setup-python@v4
2022-12-27T11:06:49.4715530Z with:
2022-12-27T11:06:49.4715720Z   python-version: 3.11
2022-12-27T11:06:49.4715870Z   check-latest: false
2022-12-27T11:06:49.4716160Z   token: ***
2022-12-27T11:06:49.4716330Z   update-environment: true
2022-12-27T11:06:49.4716530Z ##[endgroup]
2022-12-27T11:06:49.5968480Z ##[group]Installed versions
2022-12-27T11:06:49.6006290Z Successfully set up CPython (3.11.1)
2022-12-27T11:06:49.6007000Z ##[endgroup]
2022-12-27T11:06:49.6147930Z ##[group]Run if [ "true" == "true" ]
2022-12-27T11:06:49.6148320Z [36;1mif [ "true" == "true" ][0m
2022-12-27T11:06:49.6148590Z [36;1mthen[0m
2022-12-27T11:06:49.6148780Z [36;1m  echo "CCACHE_PATH_PREPEND=/usr/local/opt/ccache/libexec" >> $GITHUB_OUTPUT[0m
2022-12-27T11:06:49.6148990Z [36;1melse[0m
2022-12-27T11:06:49.6149230Z [36;1m  echo "CCACHE_PATH_PREPEND=" >> $GITHUB_OUTPUT[0m
2022-12-27T11:06:49.6149380Z [36;1mfi[0m
2022-12-27T11:06:49.6167120Z shell: /bin/bash -e {0}
2022-12-27T11:06:49.6167330Z env:
2022-12-27T11:06:49.6167550Z   pythonLocation: /Users/runner/hostedtoolcache/Python/3.11.1/x64
2022-12-27T11:06:49.6167870Z   PKG_CONFIG_PATH: /Users/runner/hostedtoolcache/Python/3.11.1/x64/lib/pkgconfig
2022-12-27T11:06:49.6168140Z   Python_ROOT_DIR: /Users/runner/hostedtoolcache/Python/3.11.1/x64
2022-12-27T11:06:49.6168380Z   Python2_ROOT_DIR: /Users/runner/hostedtoolcache/Python/3.11.1/x64
2022-12-27T11:06:49.6168660Z   Python3_ROOT_DIR: /Users/runner/hostedtoolcache/Python/3.11.1/x64
2022-12-27T11:06:49.6169220Z ##[endgroup]
2022-12-27T11:06:49.6277940Z ##[group]Run echo "BUILD_NAME=$(echo lxml_2.0.7_3.11 | tr -dc '[:alnum:]\n\r' | tr '[:upper:]' '[:lower:]')" >> $GITHUB_OUTPUT
2022-12-27T11:06:49.6278340Z [36;1mecho "BUILD_NAME=$(echo lxml_2.0.7_3.11 | tr -dc '[:alnum:]\n\r' | tr '[:upper:]' '[:lower:]')" >> $GITHUB_OUTPUT[0m
2022-12-27T11:06:49.6293220Z shell: /bin/bash -e {0}
2022-12-27T11:06:49.6293420Z env:
2022-12-27T11:06:49.6293720Z   pythonLocation: /Users/runner/hostedtoolcache/Python/3.11.1/x64
2022-12-27T11:06:49.6293950Z   PKG_CONFIG_PATH: /Users/runner/hostedtoolcache/Python/3.11.1/x64/lib/pkgconfig
2022-12-27T11:06:49.6294210Z   Python_ROOT_DIR: /Users/runner/hostedtoolcache/Python/3.11.1/x64
2022-12-27T11:06:49.6335080Z   Python2_ROOT_DIR: /Users/runner/hostedtoolcache/Python/3.11.1/x64
2022-12-27T11:06:49.6335830Z   Python3_ROOT_DIR: /Users/runner/hostedtoolcache/Python/3.11.1/x64
2022-12-27T11:06:49.6336000Z ##[endgroup]
2022-12-27T11:06:49.6439060Z ##[group]Run echo "PYTHON_NO_DOTS=$(echo 3.11 | tr -dc '[:alnum:]\n\r' | tr '[:upper:]' '[:lower:]')" >> $GITHUB_OUTPUT
2022-12-27T11:06:49.6439490Z [36;1mecho "PYTHON_NO_DOTS=$(echo 3.11 | tr -dc '[:alnum:]\n\r' | tr '[:upper:]' '[:lower:]')" >> $GITHUB_OUTPUT[0m
2022-12-27T11:06:49.6454110Z shell: /bin/bash -e {0}
2022-12-27T11:06:49.6454260Z env:
2022-12-27T11:06:49.6454460Z   pythonLocation: /Users/runner/hostedtoolcache/Python/3.11.1/x64
2022-12-27T11:06:49.6454710Z   PKG_CONFIG_PATH: /Users/runner/hostedtoolcache/Python/3.11.1/x64/lib/pkgconfig
2022-12-27T11:06:49.6454930Z   Python_ROOT_DIR: /Users/runner/hostedtoolcache/Python/3.11.1/x64
2022-12-27T11:06:49.6455190Z   Python2_ROOT_DIR: /Users/runner/hostedtoolcache/Python/3.11.1/x64
2022-12-27T11:06:49.6455410Z   Python3_ROOT_DIR: /Users/runner/hostedtoolcache/Python/3.11.1/x64
2022-12-27T11:06:49.6455600Z ##[endgroup]
2022-12-27T11:06:49.6563210Z ##[group]Run rm -rf build_lxml207311
2022-12-27T11:06:49.6563570Z [36;1mrm -rf build_lxml207311[0m
2022-12-27T11:06:49.6563760Z [36;1mmkdir build_lxml207311[0m
2022-12-27T11:06:49.6563930Z [36;1mcd build_lxml207311[0m
2022-12-27T11:06:49.6564280Z [36;1m/usr/local/bin/wget --quiet https://files.pythonhosted.org/packages/4a/99/9eb4f727d53ae6a727675aa79a1fa95027eb8443f194049d19d930e3c165/lxml-2.0.7.tar.gz[0m
2022-12-27T11:06:49.6564560Z [36;1mtar xf *.tar.gz[0m
2022-12-27T11:06:49.6564770Z [36;1mcd *[0m
2022-12-27T11:06:49.6564930Z [36;1mpython -m pip install cibuildwheel==2.11.3[0m
2022-12-27T11:06:49.6565150Z [36;1mpython -m cibuildwheel --output-dir ../wheelsout[0m
2022-12-27T11:06:49.6579680Z shell: /bin/bash -e {0}
2022-12-27T11:06:49.6579830Z env:
2022-12-27T11:06:49.6580040Z   pythonLocation: /Users/runner/hostedtoolcache/Python/3.11.1/x64
2022-12-27T11:06:49.6580290Z   PKG_CONFIG_PATH: /Users/runner/hostedtoolcache/Python/3.11.1/x64/lib/pkgconfig
2022-12-27T11:06:49.6580620Z   Python_ROOT_DIR: /Users/runner/hostedtoolcache/Python/3.11.1/x64
2022-12-27T11:06:49.6580830Z   Python2_ROOT_DIR: /Users/runner/hostedtoolcache/Python/3.11.1/x64
2022-12-27T11:06:49.6581060Z   Python3_ROOT_DIR: /Users/runner/hostedtoolcache/Python/3.11.1/x64
2022-12-27T11:06:49.6581260Z   CIBW_ARCHS_MACOS: arm64
2022-12-27T11:06:49.6581400Z   CIBW_TEST_SKIP: *_arm64
2022-12-27T11:06:49.6581610Z   CIBW_BUILD: cp311-macosx_arm64
2022-12-27T11:06:49.6581800Z   CIBW_BUILD_FRONTEND: pip
2022-12-27T11:06:49.6581940Z   CIBW_BUILD_VERBOSITY: 3
2022-12-27T11:06:49.6582250Z   CIBW_ENVIRONMENT_MACOS:  CFLAGS="-I/usr/local/opt/openssl@3/include" LDFLAGS="-L/usr/local/opt/openssl@3/lib" CPPFLAGS="-I/usr/local/opt/openssl@3/include" MAKEFLAGS="-j$(sysctl -n hw.logicalcpu)" PATH=/usr/local/opt/ccache/libexec:$PATH
2022-12-27T11:06:49.6582620Z   CIBW_BEFORE_BUILD: pip install Cython; if [[ -f requirements.txt ]]; then pip install -r requirements.txt; fi
2022-12-27T11:06:49.6582890Z   MAKEFLAGS: -j$(sysctl -n hw.logicalcpu)
2022-12-27T11:06:49.6583040Z ##[endgroup]
2022-12-27T11:06:50.0712030Z Requirement already satisfied: cibuildwheel==2.11.3 in /Library/Frameworks/Python.framework/Versions/3.11/lib/python3.11/site-packages (2.11.3)
2022-12-27T11:06:50.1009880Z Requirement already satisfied: bashlex!=0.13 in /Library/Frameworks/Python.framework/Versions/3.11/lib/python3.11/site-packages (from cibuildwheel==2.11.3) (0.16)
2022-12-27T11:06:50.1016420Z Requirement already satisfied: bracex in /Library/Frameworks/Python.framework/Versions/3.11/lib/python3.11/site-packages (from cibuildwheel==2.11.3) (2.3.post1)
2022-12-27T11:06:50.1023040Z Requirement already satisfied: certifi in /Library/Frameworks/Python.framework/Versions/3.11/lib/python3.11/site-packages (from cibuildwheel==2.11.3) (2022.12.7)
2022-12-27T11:06:50.1029530Z Requirement already satisfied: filelock in /Library/Frameworks/Python.framework/Versions/3.11/lib/python3.11/site-packages (from cibuildwheel==2.11.3) (3.8.2)
2022-12-27T11:06:50.1038160Z Requirement already satisfied: packaging>=20.9 in /Library/Frameworks/Python.framework/Versions/3.11/lib/python3.11/site-packages (from cibuildwheel==2.11.3) (22.0)
2022-12-27T11:06:50.1045750Z Requirement already satisfied: platformdirs in /Library/Frameworks/Python.framework/Versions/3.11/lib/python3.11/site-packages (from cibuildwheel==2.11.3) (2.6.0)
2022-12-27T11:06:50.3210010Z 
2022-12-27T11:06:50.3210280Z      _ _       _ _   _       _           _
2022-12-27T11:06:50.3210770Z  ___|_| |_ _ _|_| |_| |_ _ _| |_ ___ ___| |
2022-12-27T11:06:50.3211670Z |  _| | . | | | | | . | | | |   | -_| -_| |
2022-12-27T11:06:50.3211960Z |___|_|___|___|_|_|___|_____|_|_|___|___|_|
2022-12-27T11:06:50.3212070Z 
2022-12-27T11:06:50.3212190Z cibuildwheel version 2.11.3
2022-12-27T11:06:50.3212360Z 
2022-12-27T11:06:50.3212480Z Build options:
2022-12-27T11:06:50.3212860Z   platform: macos
2022-12-27T11:06:50.3260620Z   architectures: arm64[0m
2022-12-27T11:06:50.3261010Z   build_selector: 
2022-12-27T11:06:50.3263280Z     build_config: cp311-macosx_arm64
2022-12-27T11:06:50.3263930Z     skip_config: 
2022-12-27T11:06:50.3264160Z     requires_python: None
2022-12-27T11:06:50.3264570Z     prerelease_pythons: False[0m
2022-12-27T11:06:50.3265000Z   [38;5;244mcontainer_engine: docker[0m
2022-12-27T11:06:50.3265460Z   output_dir: /Users/runner/actions-runner/_work/python.build/python.build/build_lxml207311/wheelsout[0m
2022-12-27T11:06:50.3266150Z   package_dir: /Users/runner/actions-runner/_work/python.build/python.build/build_lxml207311/lxml-2.0.7[0m
2022-12-27T11:06:50.3266500Z   test_selector: 
2022-12-27T11:06:50.3266830Z     skip_config: *_arm64[0m
2022-12-27T11:06:50.3267160Z   [38;5;244mbefore_all: [0m
2022-12-27T11:06:50.3267750Z   before_build: pip install Cython; if [[ -f requirements.txt ]]; then pip install -r requirements.txt; fi[0m
2022-12-27T11:06:50.3268180Z   [38;5;244mbefore_test: [0m
2022-12-27T11:06:50.3268470Z   [38;5;244mbuild_frontend: pip[0m
2022-12-27T11:06:50.3268790Z   build_verbosity: 3[0m
2022-12-27T11:06:50.3269110Z   [38;5;244mconfig_settings: [0m
2022-12-27T11:06:50.3269550Z   [38;5;244mdependency_constraints: pinned[0m
2022-12-27T11:06:50.3269830Z   environment: 
2022-12-27T11:06:50.3270170Z     CFLAGS="-I/usr/local/opt/openssl@3/include"
2022-12-27T11:06:50.3270500Z     LDFLAGS="-L/usr/local/opt/openssl@3/lib"
2022-12-27T11:06:50.3270890Z     CPPFLAGS="-I/usr/local/opt/openssl@3/include"
2022-12-27T11:06:50.3271420Z     MAKEFLAGS="-j$(sysctl -n hw.logicalcpu)"
2022-12-27T11:06:50.3271770Z     PATH=/usr/local/opt/ccache/libexec:$PATH[0m
2022-12-27T11:06:50.3272140Z   [38;5;244mmanylinux_images: None[0m
2022-12-27T11:06:50.3272500Z   [38;5;244mmusllinux_images: None[0m
2022-12-27T11:06:50.3273070Z   [38;5;244mrepair_command: delocate-wheel --require-archs {delocate_archs} -w {dest_dir} -v {wheel}[0m
2022-12-27T11:06:50.3273450Z   [38;5;244mtest_command: [0m
2022-12-27T11:06:50.3273760Z   [38;5;244mtest_extras: [0m
2022-12-27T11:06:50.3274080Z   [38;5;244mtest_requires: [0m
2022-12-27T11:06:50.3274200Z 
2022-12-27T11:06:50.3274370Z Cache folder: /Users/runner/Library/Caches/cibuildwheel
2022-12-27T11:06:50.3275850Z 
2022-12-27T11:06:50.3276350Z Here we go!
2022-12-27T11:06:50.3276510Z 
2022-12-27T11:06:50.3386920Z 
2022-12-27T11:06:50.3387410Z [1m[34mBuilding cp311-macosx_arm64 wheel[0m
2022-12-27T11:06:50.3387810Z CPython 3.11 macOS arm64 - Apple Silicon
2022-12-27T11:06:50.3387990Z 
2022-12-27T11:06:50.3390060Z ##[group]Installing Python cp311...
2022-12-27T11:06:50.3390260Z 
2022-12-27T11:06:50.3390540Z + pkgutil --pkgs
2022-12-27T11:06:50.3487010Z ##[endgroup]
2022-12-27T11:06:50.3487830Z                                                               [32mâœ“ [0m0.01s
2022-12-27T11:06:50.3488430Z ##[group]Setting up build environment...
2022-12-27T11:06:50.3488600Z 
2022-12-27T11:06:50.3505660Z + /Library/Frameworks/Python.framework/Versions/3.11/bin/python -sS /Users/runner/Library/Caches/cibuildwheel/virtualenv-20.17.0.pyz --activators= --no-periodic-update --pip=22.3.1 --setuptools=65.6.3 --wheel=0.38.4 --symlink-app-data --python /Library/Frameworks/Python.framework/Versions/3.11/bin/python3 /private/var/folders/51/hd414ycd67n82196sw51xqtc0000gn/T/cibw-run-re58q2jm/cp311-macosx_arm64/build/venv
2022-12-27T11:06:50.5369410Z created virtual environment CPython3.11.1.final.0-64 in 52ms
2022-12-27T11:06:50.5370130Z   creator CPython3Posix(dest=/private/var/folders/51/hd414ycd67n82196sw51xqtc0000gn/T/cibw-run-re58q2jm/cp311-macosx_arm64/build/venv, clear=False, no_vcs_ignore=False, global=False)
2022-12-27T11:06:50.5370570Z   seeder FromAppData(download=False, pip=22.3.1, setuptools=65.6.3, wheel=0.38.4, via=symlink, app_data_dir=/Users/runner/Library/Application Support/virtualenv)
2022-12-27T11:06:50.5371020Z     added seed packages: pip==22.3.1, setuptools==65.6.3, wheel==0.38.4
2022-12-27T11:06:50.5501070Z + python -m pip install --upgrade pip -c /Library/Frameworks/Python.framework/Versions/3.11/lib/python3.11/site-packages/cibuildwheel/resources/constraints-python311.txt
2022-12-27T11:06:50.8184660Z Requirement already satisfied: pip in ./lib/python3.11/site-packages (22.3.1)
2022-12-27T11:06:50.9455430Z + which pip
2022-12-27T11:06:50.9472420Z /private/var/folders/51/hd414ycd67n82196sw51xqtc0000gn/T/cibw-run-re58q2jm/cp311-macosx_arm64/build/venv/bin/pip
2022-12-27T11:06:50.9474010Z + pip --version
2022-12-27T11:06:51.1348970Z pip 22.3.1 from /private/var/folders/51/hd414ycd67n82196sw51xqtc0000gn/T/cibw-run-re58q2jm/cp311-macosx_arm64/build/venv/lib/python3.11/site-packages/pip (python 3.11)
2022-12-27T11:06:51.1594400Z + which pip
2022-12-27T11:06:51.1622780Z + which python
2022-12-27T11:06:51.1641670Z /private/var/folders/51/hd414ycd67n82196sw51xqtc0000gn/T/cibw-run-re58q2jm/cp311-macosx_arm64/build/venv/bin/python
2022-12-27T11:06:51.1643810Z + python --version
2022-12-27T11:06:51.1698850Z Python 3.11.1
2022-12-27T11:06:51.1701570Z + which python
2022-12-27T11:06:51.1753480Z ##[endgroup]
2022-12-27T11:06:51.1754080Z                                                               [32mâœ“ [0m0.83s
2022-12-27T11:06:51.1754710Z ##[group]Installing build tools...
2022-12-27T11:06:51.1754870Z 
2022-12-27T11:06:51.1755360Z + pip install --upgrade setuptools wheel delocate -c /Library/Frameworks/Python.framework/Versions/3.11/lib/python3.11/site-packages/cibuildwheel/resources/constraints-python311.txt
2022-12-27T11:06:51.4459440Z Requirement already satisfied: setuptools in /private/var/folders/51/hd414ycd67n82196sw51xqtc0000gn/T/cibw-run-re58q2jm/cp311-macosx_arm64/build/venv/lib/python3.11/site-packages (65.6.3)
2022-12-27T11:06:51.6157240Z Requirement already satisfied: wheel in /private/var/folders/51/hd414ycd67n82196sw51xqtc0000gn/T/cibw-run-re58q2jm/cp311-macosx_arm64/build/venv/lib/python3.11/site-packages (0.38.4)
2022-12-27T11:06:51.6599110Z Collecting delocate
2022-12-27T11:06:51.6621280Z   Using cached delocate-0.10.3-py3-none-any.whl (142 kB)
2022-12-27T11:06:51.6870420Z Collecting packaging>=20.9
2022-12-27T11:06:51.6887990Z   Using cached packaging-21.3-py3-none-any.whl (40 kB)
2022-12-27T11:06:51.7031680Z Collecting typing-extensions
2022-12-27T11:06:51.7049280Z   Using cached typing_extensions-4.4.0-py3-none-any.whl (26 kB)
2022-12-27T11:06:51.7334690Z Collecting pyparsing!=3.0.5,>=2.0.2
2022-12-27T11:06:51.7352000Z   Using cached pyparsing-3.0.9-py3-none-any.whl (98 kB)
2022-12-27T11:06:51.7909930Z Installing collected packages: typing-extensions, pyparsing, packaging, delocate
2022-12-27T11:06:51.9191620Z Successfully installed delocate-0.10.3 packaging-21.3 pyparsing-3.0.9 typing-extensions-4.4.0
2022-12-27T11:06:51.9670930Z ##[endgroup]
2022-12-27T11:06:51.9671720Z                                                               [32mâœ“ [0m0.79s
2022-12-27T11:06:51.9672200Z ##[group]Running before_build...
2022-12-27T11:06:51.9672380Z 
2022-12-27T11:06:51.9676050Z + pip install Cython; if [[ -f requirements.txt ]]; then pip install -r requirements.txt; fi
2022-12-27T11:06:52.5350200Z Collecting Cython
2022-12-27T11:06:52.5394270Z   Using cached Cython-0.29.32-py2.py3-none-any.whl (986 kB)
2022-12-27T11:06:52.5851700Z Installing collected packages: Cython
2022-12-27T11:06:52.9939800Z Successfully installed Cython-0.29.32
2022-12-27T11:06:53.0394820Z ##[endgroup]
2022-12-27T11:06:53.0395480Z                                                               [32mâœ“ [0m1.07s
2022-12-27T11:06:53.0395880Z ##[group]Building wheel...
2022-12-27T11:06:53.0396000Z 
2022-12-27T11:06:53.0401690Z + python -m pip wheel /Users/runner/actions-runner/_work/python.build/python.build/build_lxml207311/lxml-2.0.7 --wheel-dir=/private/var/folders/51/hd414ycd67n82196sw51xqtc0000gn/T/cibw-run-re58q2jm/cp311-macosx_arm64/built_wheel --no-deps -vvv
2022-12-27T11:06:53.2802420Z Created temporary directory: /private/var/folders/51/hd414ycd67n82196sw51xqtc0000gn/T/pip-ephem-wheel-cache-vbd36w1v
2022-12-27T11:06:53.2806030Z Created temporary directory: /private/var/folders/51/hd414ycd67n82196sw51xqtc0000gn/T/pip-build-tracker-gx_5v7mh
2022-12-27T11:06:53.2807720Z Initialized build tracking at /private/var/folders/51/hd414ycd67n82196sw51xqtc0000gn/T/pip-build-tracker-gx_5v7mh
2022-12-27T11:06:53.2808580Z Created build tracker: /private/var/folders/51/hd414ycd67n82196sw51xqtc0000gn/T/pip-build-tracker-gx_5v7mh
2022-12-27T11:06:53.2810150Z Entered build tracker: /private/var/folders/51/hd414ycd67n82196sw51xqtc0000gn/T/pip-build-tracker-gx_5v7mh
2022-12-27T11:06:53.2812880Z Created temporary directory: /private/var/folders/51/hd414ycd67n82196sw51xqtc0000gn/T/pip-wheel-ywv8zklk
2022-12-27T11:06:53.2817840Z Created temporary directory: /private/var/folders/51/hd414ycd67n82196sw51xqtc0000gn/T/pip-ephem-wheel-cache-uud3m29g
2022-12-27T11:06:53.2889390Z Processing /Users/runner/actions-runner/_work/python.build/python.build/build_lxml207311/lxml-2.0.7
2022-12-27T11:06:53.2894140Z   Added file:///Users/runner/actions-runner/_work/python.build/python.build/build_lxml207311/lxml-2.0.7 to build tracker '/private/var/folders/51/hd414ycd67n82196sw51xqtc0000gn/T/pip-build-tracker-gx_5v7mh'
2022-12-27T11:06:53.2897100Z   Running setup.py (path:/Users/runner/actions-runner/_work/python.build/python.build/build_lxml207311/lxml-2.0.7/setup.py) egg_info for package from file:///Users/runner/actions-runner/_work/python.build/python.build/build_lxml207311/lxml-2.0.7
2022-12-27T11:06:53.2899710Z   Created temporary directory: /private/var/folders/51/hd414ycd67n82196sw51xqtc0000gn/T/pip-pip-egg-info-lijscjuj
2022-12-27T11:06:53.2900700Z   Preparing metadata (setup.py): started
2022-12-27T11:06:53.2902240Z   Running command python setup.py egg_info
2022-12-27T11:06:53.5493140Z   Traceback (most recent call last):
2022-12-27T11:06:53.5500840Z     File "<string>", line 2, in <module>
2022-12-27T11:06:53.5501470Z     File "<pip-setuptools-caller>", line 34, in <module>
2022-12-27T11:06:53.5501960Z     File "/Users/runner/actions-runner/_work/python.build/python.build/build_lxml207311/lxml-2.0.7/setup.py", line 104, in <module>
2022-12-27T11:06:53.5502280Z       ext_modules = setupinfo.ext_modules(
2022-12-27T11:06:53.5502610Z                     ^^^^^^^^^^^^^^^^^^^^^^
2022-12-27T11:06:53.5503020Z     File "/Users/runner/actions-runner/_work/python.build/python.build/build_lxml207311/lxml-2.0.7/setupinfo.py", line 42, in ext_modules
2022-12-27T11:06:53.5503670Z       _include_dirs = include_dirs(static_include_dirs)
2022-12-27T11:06:53.5503910Z                       ^^^^^^^^^^^^^^^^^^^^^^^^^^^^^^^^^
2022-12-27T11:06:53.5504360Z     File "/Users/runner/actions-runner/_work/python.build/python.build/build_lxml207311/lxml-2.0.7/setupinfo.py", line 120, in include_dirs
2022-12-27T11:06:53.5504830Z       if possible_include_dir.startswith('-I'):
2022-12-27T11:06:53.5505040Z          ^^^^^^^^^^^^^^^^^^^^^^^^^^^^^^^^^^^^^
2022-12-27T11:06:53.5506190Z   TypeError: startswith first arg must be bytes or a tuple of bytes, not str
2022-12-27T11:06:53.5507150Z   Building lxml version 2.0.7.
2022-12-27T11:06:53.5508060Z   Building with Cython 0.29.32.
2022-12-27T11:06:53.5509320Z   Using build configuration of libxslt b'1.1.29'
2022-12-27T11:06:53.5958490Z   error: subprocess-exited-with-error
2022-12-27T11:06:53.5958900Z   
2022-12-27T11:06:53.5959280Z   Ã— python setup.py egg_info did not run successfully.
2022-12-27T11:06:53.5959780Z   â”‚ exit code: 1
2022-12-27T11:06:53.5960090Z   â•°â”€> See above for output.
2022-12-27T11:06:53.5960280Z   
2022-12-27T11:06:53.5960590Z   note: This error originates from a subprocess, and is likely not a problem with pip.
2022-12-27T11:06:53.5965840Z   full command: /private/var/folders/51/hd414ycd67n82196sw51xqtc0000gn/T/cibw-run-re58q2jm/cp311-macosx_arm64/build/venv/bin/python -c '
2022-12-27T11:06:53.5967260Z   exec(compile('"'"''"'"''"'"'
2022-12-27T11:06:53.5967800Z   # This is <pip-setuptools-caller> -- a caller that pip uses to run setup.py
2022-12-27T11:06:53.5968110Z   #
2022-12-27T11:06:53.5968550Z   # - It imports setuptools before invoking setup.py, to enable projects that directly
2022-12-27T11:06:53.5968990Z   #   import from `distutils.core` to work with newer packaging standards.
2022-12-27T11:06:53.5970450Z   # - It provides a clear error message when setuptools is not installed.
2022-12-27T11:06:53.5971490Z   # - It sets `sys.argv[0]` to the underlying `setup.py`, when invoking `setup.py` so
2022-12-27T11:06:53.5972240Z   #   setuptools doesn'"'"'t think the script is `-c`. This avoids the following warning:
2022-12-27T11:06:53.5972640Z   #     manifest_maker: standard file '"'"'-c'"'"' not found".
2022-12-27T11:06:53.5973130Z   # - It generates a shim setup.py, for handling setup.cfg-only projects.
2022-12-27T11:06:53.5973500Z   import os, sys, tokenize
2022-12-27T11:06:53.5973690Z   
2022-12-27T11:06:53.5973830Z   try:
2022-12-27T11:06:53.5974090Z       import setuptools
2022-12-27T11:06:53.5974360Z   except ImportError as error:
2022-12-27T11:06:53.5974560Z       print(
2022-12-27T11:06:53.5974880Z           "ERROR: Can not execute `setup.py` since setuptools is not available in "
2022-12-27T11:06:53.5975390Z           "the build environment.",
2022-12-27T11:06:53.5975650Z           file=sys.stderr,
2022-12-27T11:06:53.5975900Z       )
2022-12-27T11:06:53.5976080Z       sys.exit(1)
2022-12-27T11:06:53.5976220Z   
2022-12-27T11:06:53.5976420Z   __file__ = %r
2022-12-27T11:06:53.5976610Z   sys.argv[0] = __file__
2022-12-27T11:06:53.5976760Z   
2022-12-27T11:06:53.5976970Z   if os.path.exists(__file__):
2022-12-27T11:06:53.5977150Z       filename = __file__
2022-12-27T11:06:53.5977660Z       with tokenize.open(__file__) as f:
2022-12-27T11:06:53.5977880Z           setup_py_code = f.read()
2022-12-27T11:06:53.5978190Z   Preparing metadata (setup.py): finished with status 'error'
2022-12-27T11:06:53.5978430Z   else:
2022-12-27T11:06:53.5978780Z       filename = "<auto-generated setuptools caller>"
2022-12-27T11:06:53.5979040Z       setup_py_code = "from setuptools import setup; setup()"
2022-12-27T11:06:53.5979220Z   
2022-12-27T11:06:53.5979430Z   exec(compile(setup_py_code, filename, "exec"))
2022-12-27T11:06:53.5980030Z   '"'"''"'"''"'"' % ('"'"'/Users/runner/actions-runner/_work/python.build/python.build/build_lxml207311/lxml-2.0.7/setup.py'"'"',), "<pip-setuptools-caller>", "exec"))' egg_info --egg-base /private/var/folders/51/hd414ycd67n82196sw51xqtc0000gn/T/pip-pip-egg-info-lijscjuj
2022-12-27T11:06:53.5980970Z   cwd: /Users/runner/actions-runner/_work/python.build/python.build/build_lxml207311/lxml-2.0.7/
2022-12-27T11:06:53.5981450Z error: metadata-generation-failed
2022-12-27T11:06:53.5981630Z 
2022-12-27T11:06:53.5981890Z Ã— Encountered error while generating package metadata.
2022-12-27T11:06:53.5982210Z â•°â”€> See above for output.
2022-12-27T11:06:53.5982290Z 
2022-12-27T11:06:53.5982410Z note: This is an issue with the package mentioned above, not pip.
2022-12-27T11:06:53.5982710Z hint: See above for details.
2022-12-27T11:06:53.6010480Z Exception information:
2022-12-27T11:06:53.6010710Z Traceback (most recent call last):
2022-12-27T11:06:53.6011690Z   File "/private/var/folders/51/hd414ycd67n82196sw51xqtc0000gn/T/cibw-run-re58q2jm/cp311-macosx_arm64/build/venv/lib/python3.11/site-packages/pip/_internal/operations/build/metadata_legacy.py", line 64, in generate_metadata
2022-12-27T11:06:53.6013360Z     call_subprocess(
2022-12-27T11:06:53.6014320Z   File "/private/var/folders/51/hd414ycd67n82196sw51xqtc0000gn/T/cibw-run-re58q2jm/cp311-macosx_arm64/build/venv/lib/python3.11/site-packages/pip/_internal/utils/subprocess.py", line 224, in call_subprocess
2022-12-27T11:06:53.6015340Z     raise error
2022-12-27T11:06:53.6015820Z pip._internal.exceptions.InstallationSubprocessError: python setup.py egg_info exited with 1
2022-12-27T11:06:53.6016160Z 
2022-12-27T11:06:53.6016410Z The above exception was the direct cause of the following exception:
2022-12-27T11:06:53.6016610Z 
2022-12-27T11:06:53.6016780Z Traceback (most recent call last):
2022-12-27T11:06:53.6017740Z   File "/private/var/folders/51/hd414ycd67n82196sw51xqtc0000gn/T/cibw-run-re58q2jm/cp311-macosx_arm64/build/venv/lib/python3.11/site-packages/pip/_internal/cli/base_command.py", line 160, in exc_logging_wrapper
2022-12-27T11:06:53.6018280Z     status = run_func(*args)
2022-12-27T11:06:53.6018880Z              ^^^^^^^^^^^^^^^
2022-12-27T11:06:53.6019770Z   File "/private/var/folders/51/hd414ycd67n82196sw51xqtc0000gn/T/cibw-run-re58q2jm/cp311-macosx_arm64/build/venv/lib/python3.11/site-packages/pip/_internal/cli/req_command.py", line 247, in wrapper
2022-12-27T11:06:53.6020510Z     return func(self, options, args)
2022-12-27T11:06:53.6020820Z            ^^^^^^^^^^^^^^^^^^^^^^^^^
2022-12-27T11:06:53.6022030Z   File "/private/var/folders/51/hd414ycd67n82196sw51xqtc0000gn/T/cibw-run-re58q2jm/cp311-macosx_arm64/build/venv/lib/python3.11/site-packages/pip/_internal/commands/wheel.py", line 170, in run
2022-12-27T11:06:53.6022610Z     requirement_set = resolver.resolve(reqs, check_supported_wheels=True)
2022-12-27T11:06:53.6023100Z                       ^^^^^^^^^^^^^^^^^^^^^^^^^^^^^^^^^^^^^^^^^^^^^^^^^^^
2022-12-27T11:06:53.6023830Z   File "/private/var/folders/51/hd414ycd67n82196sw51xqtc0000gn/T/cibw-run-re58q2jm/cp311-macosx_arm64/build/venv/lib/python3.11/site-packages/pip/_internal/resolution/resolvelib/resolver.py", line 73, in resolve
2022-12-27T11:06:53.6024500Z     collected = self.factory.collect_root_requirements(root_reqs)
2022-12-27T11:06:53.6024870Z                 ^^^^^^^^^^^^^^^^^^^^^^^^^^^^^^^^^^^^^^^^^^^^^^^^^
2022-12-27T11:06:53.6025690Z   File "/private/var/folders/51/hd414ycd67n82196sw51xqtc0000gn/T/cibw-run-re58q2jm/cp311-macosx_arm64/build/venv/lib/python3.11/site-packages/pip/_internal/resolution/resolvelib/factory.py", line 491, in collect_root_requirements
2022-12-27T11:06:53.6026250Z     req = self._make_requirement_from_install_req(
2022-12-27T11:06:53.6026550Z           ^^^^^^^^^^^^^^^^^^^^^^^^^^^^^^^^^^^^^^^^
2022-12-27T11:06:53.6027480Z   File "/private/var/folders/51/hd414ycd67n82196sw51xqtc0000gn/T/cibw-run-re58q2jm/cp311-macosx_arm64/build/venv/lib/python3.11/site-packages/pip/_internal/resolution/resolvelib/factory.py", line 453, in _make_requirement_from_install_req
2022-12-27T11:06:53.6028050Z     cand = self._make_candidate_from_link(
2022-12-27T11:06:53.6028370Z            ^^^^^^^^^^^^^^^^^^^^^^^^^^^^^^^
2022-12-27T11:06:53.6096640Z   File "/private/var/folders/51/hd414ycd67n82196sw51xqtc0000gn/T/cibw-run-re58q2jm/cp311-macosx_arm64/build/venv/lib/python3.11/site-packages/pip/_internal/resolution/resolvelib/factory.py", line 206, in _make_candidate_from_link
2022-12-27T11:06:53.6097860Z     self._link_candidate_cache[link] = LinkCandidate(
2022-12-27T11:06:53.6098100Z                                        ^^^^^^^^^^^^^^
2022-12-27T11:06:53.6098800Z   File "/private/var/folders/51/hd414ycd67n82196sw51xqtc0000gn/T/cibw-run-re58q2jm/cp311-macosx_arm64/build/venv/lib/python3.11/site-packages/pip/_internal/resolution/resolvelib/candidates.py", line 297, in __init__
2022-12-27T11:06:53.6099230Z     super().__init__(
2022-12-27T11:06:53.6099900Z   File "/private/var/folders/51/hd414ycd67n82196sw51xqtc0000gn/T/cibw-run-re58q2jm/cp311-macosx_arm64/build/venv/lib/python3.11/site-packages/pip/_internal/resolution/resolvelib/candidates.py", line 162, in __init__
2022-12-27T11:06:53.6100330Z     self.dist = self._prepare()
2022-12-27T11:06:53.6100550Z                 ^^^^^^^^^^^^^^^
2022-12-27T11:06:53.6101210Z   File "/private/var/folders/51/hd414ycd67n82196sw51xqtc0000gn/T/cibw-run-re58q2jm/cp311-macosx_arm64/build/venv/lib/python3.11/site-packages/pip/_internal/resolution/resolvelib/candidates.py", line 231, in _prepare
2022-12-27T11:06:53.6101670Z     dist = self._prepare_distribution()
2022-12-27T11:06:53.6101950Z            ^^^^^^^^^^^^^^^^^^^^^^^^^^^^
2022-12-27T11:06:53.6102430Z   File "/private/var/folders/51/hd414ycd67n82196sw51xqtc0000gn/T/cibw-run-re58q2jm/cp311-macosx_arm64/build/venv/lib/python3.11/site-packages/pip/_internal/resolution/resolvelib/candidates.py", line 308, in _prepare_distribution
2022-12-27T11:06:53.6102780Z     return preparer.prepare_linked_requirement(self._ireq, parallel_builds=True)
2022-12-27T11:06:53.6103010Z            ^^^^^^^^^^^^^^^^^^^^^^^^^^^^^^^^^^^^^^^^^^^^^^^^^^^^^^^^^^^^^^^^^^^^^
2022-12-27T11:06:53.6103620Z   File "/private/var/folders/51/hd414ycd67n82196sw51xqtc0000gn/T/cibw-run-re58q2jm/cp311-macosx_arm64/build/venv/lib/python3.11/site-packages/pip/_internal/operations/prepare.py", line 491, in prepare_linked_requirement
2022-12-27T11:06:53.6103960Z     return self._prepare_linked_requirement(req, parallel_builds)
2022-12-27T11:06:53.6104110Z            ^^^^^^^^^^^^^^^^^^^^^^^^^^^^^^^^^^^^^^^^^^^^^^^^^^^^^^
2022-12-27T11:06:53.6104560Z   File "/private/var/folders/51/hd414ycd67n82196sw51xqtc0000gn/T/cibw-run-re58q2jm/cp311-macosx_arm64/build/venv/lib/python3.11/site-packages/pip/_internal/operations/prepare.py", line 577, in _prepare_linked_requirement
2022-12-27T11:06:53.6104830Z     dist = _get_prepared_distribution(
2022-12-27T11:06:53.6105000Z            ^^^^^^^^^^^^^^^^^^^^^^^^^^^
2022-12-27T11:06:53.6105430Z   File "/private/var/folders/51/hd414ycd67n82196sw51xqtc0000gn/T/cibw-run-re58q2jm/cp311-macosx_arm64/build/venv/lib/python3.11/site-packages/pip/_internal/operations/prepare.py", line 69, in _get_prepared_distribution
2022-12-27T11:06:53.6105700Z     abstract_dist.prepare_distribution_metadata(
2022-12-27T11:06:53.6106150Z   File "/private/var/folders/51/hd414ycd67n82196sw51xqtc0000gn/T/cibw-run-re58q2jm/cp311-macosx_arm64/build/venv/lib/python3.11/site-packages/pip/_internal/distributions/sdist.py", line 61, in prepare_distribution_metadata
2022-12-27T11:06:53.6106440Z     self.req.prepare_metadata()
2022-12-27T11:06:53.6106930Z   File "/private/var/folders/51/hd414ycd67n82196sw51xqtc0000gn/T/cibw-run-re58q2jm/cp311-macosx_arm64/build/venv/lib/python3.11/site-packages/pip/_internal/req/req_install.py", line 541, in prepare_metadata
2022-12-27T11:06:53.6107240Z     self.metadata_directory = generate_metadata_legacy(
2022-12-27T11:06:53.6107420Z                               ^^^^^^^^^^^^^^^^^^^^^^^^^
2022-12-27T11:06:53.6107860Z   File "/private/var/folders/51/hd414ycd67n82196sw51xqtc0000gn/T/cibw-run-re58q2jm/cp311-macosx_arm64/build/venv/lib/python3.11/site-packages/pip/_internal/operations/build/metadata_legacy.py", line 71, in generate_metadata
2022-12-27T11:06:53.6108220Z     raise MetadataGenerationFailed(package_details=details) from error
2022-12-27T11:06:53.6108550Z pip._internal.exceptions.MetadataGenerationFailed: metadata generation failed
2022-12-27T11:06:53.6109260Z Removed file:///Users/runner/actions-runner/_work/python.build/python.build/build_lxml207311/lxml-2.0.7 from build tracker '/private/var/folders/51/hd414ycd67n82196sw51xqtc0000gn/T/pip-build-tracker-gx_5v7mh'
2022-12-27T11:06:53.6109670Z Removed build tracker: '/private/var/folders/51/hd414ycd67n82196sw51xqtc0000gn/T/pip-build-tracker-gx_5v7mh'
2022-12-27T11:06:53.6415870Z ##[endgroup]
2022-12-27T11:06:53.6438780Z ##[error]Command ['python', '-m', 'pip', 'wheel', '/Users/runner/actions-runner/_work/python.build/python.build/build_lxml207311/lxml-2.0.7', '--wheel-dir=/private/var/folders/51/hd414ycd67n82196sw51xqtc0000gn/T/cibw-run-re58q2jm/cp311-macosx_arm64/built_wheel', '--no-deps', '-vvv'] failed with code 1. None
2022-12-27T11:06:53.6444920Z 
2022-12-27T11:06:53.6445250Z                                                               [31mâœ• [0m0.60s
2022-12-27T11:06:53.6902430Z ##[error]Process completed with exit code 1.
2022-12-27T11:06:53.6937330Z ##[group]Run rm -rf build_lxml207311 wheelsout
2022-12-27T11:06:53.6937600Z [36;1mrm -rf build_lxml207311 wheelsout[0m
2022-12-27T11:06:53.6953690Z shell: /bin/bash -e {0}
2022-12-27T11:06:53.6953840Z env:
2022-12-27T11:06:53.6954040Z   pythonLocation: /Users/runner/hostedtoolcache/Python/3.11.1/x64
2022-12-27T11:06:53.6954310Z   PKG_CONFIG_PATH: /Users/runner/hostedtoolcache/Python/3.11.1/x64/lib/pkgconfig
2022-12-27T11:06:53.6954520Z   Python_ROOT_DIR: /Users/runner/hostedtoolcache/Python/3.11.1/x64
2022-12-27T11:06:53.6954760Z   Python2_ROOT_DIR: /Users/runner/hostedtoolcache/Python/3.11.1/x64
2022-12-27T11:06:53.6954970Z   Python3_ROOT_DIR: /Users/runner/hostedtoolcache/Python/3.11.1/x64
2022-12-27T11:06:53.6955170Z ##[endgroup]
2022-12-27T11:06:53.7401890Z Cleaning up orphan processes
