2022-12-27T08:58:35.1465210Z Requested labels: self-hosted, macOS, X64
2022-12-27T08:58:35.1465299Z Job defined at: kilnbuild/python.build/.github/workflows/mac_arm_build.yml@refs/heads/main
2022-12-27T08:58:35.1465342Z Waiting for a runner to pick up this job...
2022-12-27T11:47:41.8830402Z Job is about to start running on the runner: k2 (organization)
2022-12-27T11:47:44.3160180Z Current runner version: '2.300.2'
2022-12-27T11:47:44.3164900Z Runner name: 'k2'
2022-12-27T11:47:44.3165130Z Runner group name: 'Default'
2022-12-27T11:47:44.3165540Z Machine name: 'k2'
2022-12-27T11:47:44.3166990Z ##[group]GITHUB_TOKEN Permissions
2022-12-27T11:47:44.3167390Z Actions: write
2022-12-27T11:47:44.3167530Z Checks: write
2022-12-27T11:47:44.3167660Z Contents: write
2022-12-27T11:47:44.3167800Z Deployments: write
2022-12-27T11:47:44.3167940Z Discussions: write
2022-12-27T11:47:44.3168070Z Issues: write
2022-12-27T11:47:44.3168190Z Metadata: read
2022-12-27T11:47:44.3168330Z Packages: write
2022-12-27T11:47:44.3168460Z Pages: write
2022-12-27T11:47:44.3168590Z PullRequests: write
2022-12-27T11:47:44.3168770Z RepositoryProjects: write
2022-12-27T11:47:44.3168920Z SecurityEvents: write
2022-12-27T11:47:44.3169060Z Statuses: write
2022-12-27T11:47:44.3169200Z ##[endgroup]
2022-12-27T11:47:44.3171780Z Secret source: Actions
2022-12-27T11:47:44.3172090Z Prepare workflow directory
2022-12-27T11:47:44.3815930Z Prepare all required actions
2022-12-27T11:47:44.3933310Z Getting action download info
2022-12-27T11:47:44.8351990Z Download action repository 'actions/setup-python@v4' (SHA:5ccb29d8773c3f3f653e1705f474dfaa8a06a912)
2022-12-27T11:47:47.6401720Z Download action repository 'actions/upload-artifact@v3' (SHA:83fd05a356d7e2593de66fc9913b3002723633cb)
2022-12-27T11:47:48.9528200Z ##[group]Run echo '{
2022-12-27T11:47:48.9528430Z [36;1mecho '{[0m
2022-12-27T11:47:48.9528560Z [36;1m  "package_name": "lxml",[0m
2022-12-27T11:47:48.9528800Z [36;1m  "package_url": "https://files.pythonhosted.org/packages/e4/19/8dfeef50623892577dc05245093e090bb2bab4c8aed5cad5b03208959563/lxml-4.4.2.tar.gz",[0m
2022-12-27T11:47:48.9529070Z [36;1m  "package_version": "4.4.2",[0m
2022-12-27T11:47:48.9529220Z [36;1m  "python_version": "3.10",[0m
2022-12-27T11:47:48.9529390Z [36;1m  "use_ccache": "true"[0m
2022-12-27T11:47:48.9529540Z [36;1m}'[0m
2022-12-27T11:47:48.9544730Z shell: /bin/bash -e {0}
2022-12-27T11:47:48.9544930Z ##[endgroup]
2022-12-27T11:47:48.9757680Z {
2022-12-27T11:47:48.9758940Z   "package_name": "lxml",
2022-12-27T11:47:48.9759640Z   "package_url": "https://files.pythonhosted.org/packages/e4/19/8dfeef50623892577dc05245093e090bb2bab4c8aed5cad5b03208959563/lxml-4.4.2.tar.gz",
2022-12-27T11:47:48.9759880Z   "package_version": "4.4.2",
2022-12-27T11:47:48.9760140Z   "python_version": "3.10",
2022-12-27T11:47:48.9760330Z   "use_ccache": "true"
2022-12-27T11:47:48.9760460Z }
2022-12-27T11:47:48.9966270Z ##[group]Run actions/setup-python@v4
2022-12-27T11:47:48.9966480Z with:
2022-12-27T11:47:48.9966720Z   python-version: 3.10
2022-12-27T11:47:48.9966900Z   check-latest: false
2022-12-27T11:47:48.9967180Z   token: ***
2022-12-27T11:47:48.9967330Z   update-environment: true
2022-12-27T11:47:48.9967510Z ##[endgroup]
2022-12-27T11:47:49.1165470Z ##[group]Installed versions
2022-12-27T11:47:49.1269540Z Successfully set up CPython (3.10.9)
2022-12-27T11:47:49.1270330Z ##[endgroup]
2022-12-27T11:47:49.1414200Z ##[group]Run if [ "true" == "true" ]
2022-12-27T11:47:49.1414580Z [36;1mif [ "true" == "true" ][0m
2022-12-27T11:47:49.1414760Z [36;1mthen[0m
2022-12-27T11:47:49.1415060Z [36;1m  echo "CCACHE_PATH_PREPEND=/usr/local/opt/ccache/libexec" >> $GITHUB_OUTPUT[0m
2022-12-27T11:47:49.1415280Z [36;1melse[0m
2022-12-27T11:47:49.1415470Z [36;1m  echo "CCACHE_PATH_PREPEND=" >> $GITHUB_OUTPUT[0m
2022-12-27T11:47:49.1415630Z [36;1mfi[0m
2022-12-27T11:47:49.1431970Z shell: /bin/bash -e {0}
2022-12-27T11:47:49.1432180Z env:
2022-12-27T11:47:49.1432360Z   pythonLocation: /Users/runner/hostedtoolcache/Python/3.10.9/x64
2022-12-27T11:47:49.1432630Z   PKG_CONFIG_PATH: /Users/runner/hostedtoolcache/Python/3.10.9/x64/lib/pkgconfig
2022-12-27T11:47:49.1432960Z   Python_ROOT_DIR: /Users/runner/hostedtoolcache/Python/3.10.9/x64
2022-12-27T11:47:49.1433160Z   Python2_ROOT_DIR: /Users/runner/hostedtoolcache/Python/3.10.9/x64
2022-12-27T11:47:49.1433470Z   Python3_ROOT_DIR: /Users/runner/hostedtoolcache/Python/3.10.9/x64
2022-12-27T11:47:49.1433940Z ##[endgroup]
2022-12-27T11:47:49.1543480Z ##[group]Run echo "BUILD_NAME=$(echo lxml_4.4.2_3.10 | tr -dc '[:alnum:]\n\r' | tr '[:upper:]' '[:lower:]')" >> $GITHUB_OUTPUT
2022-12-27T11:47:49.1544300Z [36;1mecho "BUILD_NAME=$(echo lxml_4.4.2_3.10 | tr -dc '[:alnum:]\n\r' | tr '[:upper:]' '[:lower:]')" >> $GITHUB_OUTPUT[0m
2022-12-27T11:47:49.1557860Z shell: /bin/bash -e {0}
2022-12-27T11:47:49.1558060Z env:
2022-12-27T11:47:49.1558310Z   pythonLocation: /Users/runner/hostedtoolcache/Python/3.10.9/x64
2022-12-27T11:47:49.1558600Z   PKG_CONFIG_PATH: /Users/runner/hostedtoolcache/Python/3.10.9/x64/lib/pkgconfig
2022-12-27T11:47:49.1559050Z   Python_ROOT_DIR: /Users/runner/hostedtoolcache/Python/3.10.9/x64
2022-12-27T11:47:49.1559270Z   Python2_ROOT_DIR: /Users/runner/hostedtoolcache/Python/3.10.9/x64
2022-12-27T11:47:49.1559500Z   Python3_ROOT_DIR: /Users/runner/hostedtoolcache/Python/3.10.9/x64
2022-12-27T11:47:49.1559770Z ##[endgroup]
2022-12-27T11:47:49.1707920Z ##[group]Run echo "PYTHON_NO_DOTS=$(echo 3.10 | tr -dc '[:alnum:]\n\r' | tr '[:upper:]' '[:lower:]')" >> $GITHUB_OUTPUT
2022-12-27T11:47:49.1708330Z [36;1mecho "PYTHON_NO_DOTS=$(echo 3.10 | tr -dc '[:alnum:]\n\r' | tr '[:upper:]' '[:lower:]')" >> $GITHUB_OUTPUT[0m
2022-12-27T11:47:49.1721660Z shell: /bin/bash -e {0}
2022-12-27T11:47:49.1721800Z env:
2022-12-27T11:47:49.1722050Z   pythonLocation: /Users/runner/hostedtoolcache/Python/3.10.9/x64
2022-12-27T11:47:49.1722290Z   PKG_CONFIG_PATH: /Users/runner/hostedtoolcache/Python/3.10.9/x64/lib/pkgconfig
2022-12-27T11:47:49.1722500Z   Python_ROOT_DIR: /Users/runner/hostedtoolcache/Python/3.10.9/x64
2022-12-27T11:47:49.1722730Z   Python2_ROOT_DIR: /Users/runner/hostedtoolcache/Python/3.10.9/x64
2022-12-27T11:47:49.1722980Z   Python3_ROOT_DIR: /Users/runner/hostedtoolcache/Python/3.10.9/x64
2022-12-27T11:47:49.1723180Z ##[endgroup]
2022-12-27T11:47:49.1830740Z ##[group]Run rm -rf build_lxml442310
2022-12-27T11:47:49.1831030Z [36;1mrm -rf build_lxml442310[0m
2022-12-27T11:47:49.1831230Z [36;1mmkdir build_lxml442310[0m
2022-12-27T11:47:49.1831440Z [36;1mcd build_lxml442310[0m
2022-12-27T11:47:49.1831740Z [36;1m/usr/local/bin/wget --quiet https://files.pythonhosted.org/packages/e4/19/8dfeef50623892577dc05245093e090bb2bab4c8aed5cad5b03208959563/lxml-4.4.2.tar.gz[0m
2022-12-27T11:47:49.1832000Z [36;1mtar xf *.tar.gz[0m
2022-12-27T11:47:49.1832140Z [36;1mcd *[0m
2022-12-27T11:47:49.1832360Z [36;1mpython -m pip install cibuildwheel==2.11.3[0m
2022-12-27T11:47:49.1832590Z [36;1mpython -m cibuildwheel --output-dir ../wheelsout[0m
2022-12-27T11:47:49.1845720Z shell: /bin/bash -e {0}
2022-12-27T11:47:49.1845920Z env:
2022-12-27T11:47:49.1846120Z   pythonLocation: /Users/runner/hostedtoolcache/Python/3.10.9/x64
2022-12-27T11:47:49.1846370Z   PKG_CONFIG_PATH: /Users/runner/hostedtoolcache/Python/3.10.9/x64/lib/pkgconfig
2022-12-27T11:47:49.1846630Z   Python_ROOT_DIR: /Users/runner/hostedtoolcache/Python/3.10.9/x64
2022-12-27T11:47:49.1846830Z   Python2_ROOT_DIR: /Users/runner/hostedtoolcache/Python/3.10.9/x64
2022-12-27T11:47:49.1847090Z   Python3_ROOT_DIR: /Users/runner/hostedtoolcache/Python/3.10.9/x64
2022-12-27T11:47:49.1847290Z   CIBW_ARCHS_MACOS: arm64
2022-12-27T11:47:49.1847460Z   CIBW_TEST_SKIP: *_arm64
2022-12-27T11:47:49.1847600Z   CIBW_BUILD: cp310-macosx_arm64
2022-12-27T11:47:49.1847810Z   CIBW_BUILD_FRONTEND: pip
2022-12-27T11:47:49.1847990Z   CIBW_BUILD_VERBOSITY: 3
2022-12-27T11:47:49.1848260Z   CIBW_ENVIRONMENT_MACOS:  CFLAGS="-I/usr/local/opt/openssl@3/include" LDFLAGS="-L/usr/local/opt/openssl@3/lib" CPPFLAGS="-I/usr/local/opt/openssl@3/include" MAKEFLAGS="-j$(sysctl -n hw.logicalcpu)" PATH=/usr/local/opt/ccache/libexec:$PATH
2022-12-27T11:47:49.1848610Z   CIBW_BEFORE_BUILD: pip install Cython; if [[ -f requirements.txt ]]; then pip install -r requirements.txt; fi
2022-12-27T11:47:49.1848840Z   MAKEFLAGS: -j$(sysctl -n hw.logicalcpu)
2022-12-27T11:47:49.1849050Z ##[endgroup]
2022-12-27T11:47:49.6006050Z Requirement already satisfied: cibuildwheel==2.11.3 in /Users/runner/hostedtoolcache/Python/3.10.9/x64/lib/python3.10/site-packages (2.11.3)
2022-12-27T11:47:49.6259260Z Requirement already satisfied: tomli in /Users/runner/hostedtoolcache/Python/3.10.9/x64/lib/python3.10/site-packages (from cibuildwheel==2.11.3) (2.0.1)
2022-12-27T11:47:49.6265930Z Requirement already satisfied: packaging>=20.9 in /Users/runner/hostedtoolcache/Python/3.10.9/x64/lib/python3.10/site-packages (from cibuildwheel==2.11.3) (22.0)
2022-12-27T11:47:49.6269190Z Requirement already satisfied: filelock in /Users/runner/hostedtoolcache/Python/3.10.9/x64/lib/python3.10/site-packages (from cibuildwheel==2.11.3) (3.8.2)
2022-12-27T11:47:49.6272560Z Requirement already satisfied: platformdirs in /Users/runner/hostedtoolcache/Python/3.10.9/x64/lib/python3.10/site-packages (from cibuildwheel==2.11.3) (2.6.0)
2022-12-27T11:47:49.6276150Z Requirement already satisfied: certifi in /Users/runner/hostedtoolcache/Python/3.10.9/x64/lib/python3.10/site-packages (from cibuildwheel==2.11.3) (2022.12.7)
2022-12-27T11:47:49.6281160Z Requirement already satisfied: bashlex!=0.13 in /Users/runner/hostedtoolcache/Python/3.10.9/x64/lib/python3.10/site-packages (from cibuildwheel==2.11.3) (0.16)
2022-12-27T11:47:49.6284450Z Requirement already satisfied: bracex in /Users/runner/hostedtoolcache/Python/3.10.9/x64/lib/python3.10/site-packages (from cibuildwheel==2.11.3) (2.3.post1)
2022-12-27T11:47:49.6293020Z Requirement already satisfied: typing-extensions>=4.1.0 in /Users/runner/hostedtoolcache/Python/3.10.9/x64/lib/python3.10/site-packages (from cibuildwheel==2.11.3) (4.4.0)
2022-12-27T11:47:49.8162300Z 
2022-12-27T11:47:49.8162590Z      _ _       _ _   _       _           _
2022-12-27T11:47:49.8163590Z  ___|_| |_ _ _|_| |_| |_ _ _| |_ ___ ___| |
2022-12-27T11:47:49.8164440Z |  _| | . | | | | | . | | | |   | -_| -_| |
2022-12-27T11:47:49.8165520Z |___|_|___|___|_|_|___|_____|_|_|___|___|_|
2022-12-27T11:47:49.8165660Z 
2022-12-27T11:47:49.8165810Z cibuildwheel version 2.11.3
2022-12-27T11:47:49.8166000Z 
2022-12-27T11:47:49.8166260Z Build options:
2022-12-27T11:47:49.8166570Z   platform: macos
2022-12-27T11:47:49.8278820Z   architectures: arm64[0m
2022-12-27T11:47:49.8279180Z   build_selector: 
2022-12-27T11:47:49.8280140Z     build_config: cp310-macosx_arm64
2022-12-27T11:47:49.8280500Z     skip_config: 
2022-12-27T11:47:49.8280730Z     requires_python: None
2022-12-27T11:47:49.8281090Z     prerelease_pythons: False[0m
2022-12-27T11:47:49.8281500Z   [38;5;244mcontainer_engine: docker[0m
2022-12-27T11:47:49.8282150Z   output_dir: /Users/runner/actions-runner/_work/python.build/python.build/build_lxml442310/wheelsout[0m
2022-12-27T11:47:49.8282740Z   package_dir: /Users/runner/actions-runner/_work/python.build/python.build/build_lxml442310/lxml-4.4.2[0m
2022-12-27T11:47:49.8283090Z   test_selector: 
2022-12-27T11:47:49.8283410Z     skip_config: *_arm64[0m
2022-12-27T11:47:49.8283740Z   [38;5;244mbefore_all: [0m
2022-12-27T11:47:49.8284350Z   before_build: pip install Cython; if [[ -f requirements.txt ]]; then pip install -r requirements.txt; fi[0m
2022-12-27T11:47:49.8284780Z   [38;5;244mbefore_test: [0m
2022-12-27T11:47:49.8285070Z   [38;5;244mbuild_frontend: pip[0m
2022-12-27T11:47:49.8285400Z   build_verbosity: 3[0m
2022-12-27T11:47:49.8285830Z   [38;5;244mconfig_settings: [0m
2022-12-27T11:47:49.8286170Z   [38;5;244mdependency_constraints: pinned[0m
2022-12-27T11:47:49.8286570Z   environment: 
2022-12-27T11:47:49.8286980Z     CFLAGS="-I/usr/local/opt/openssl@3/include"
2022-12-27T11:47:49.8287290Z     LDFLAGS="-L/usr/local/opt/openssl@3/lib"
2022-12-27T11:47:49.8287720Z     CPPFLAGS="-I/usr/local/opt/openssl@3/include"
2022-12-27T11:47:49.8288070Z     MAKEFLAGS="-j$(sysctl -n hw.logicalcpu)"
2022-12-27T11:47:49.8288380Z     PATH=/usr/local/opt/ccache/libexec:$PATH[0m
2022-12-27T11:47:49.8288710Z   [38;5;244mmanylinux_images: None[0m
2022-12-27T11:47:49.8289010Z   [38;5;244mmusllinux_images: None[0m
2022-12-27T11:47:49.8289540Z   [38;5;244mrepair_command: delocate-wheel --require-archs {delocate_archs} -w {dest_dir} -v {wheel}[0m
2022-12-27T11:47:49.8290190Z   [38;5;244mtest_command: [0m
2022-12-27T11:47:49.8290480Z   [38;5;244mtest_extras: [0m
2022-12-27T11:47:49.8290760Z   [38;5;244mtest_requires: [0m
2022-12-27T11:47:49.8290870Z 
2022-12-27T11:47:49.8291010Z Cache folder: /Users/runner/Library/Caches/cibuildwheel
2022-12-27T11:47:49.8298050Z 
2022-12-27T11:47:49.8298250Z Here we go!
2022-12-27T11:47:49.8298360Z 
2022-12-27T11:47:49.8420480Z 
2022-12-27T11:47:49.8420830Z [1m[34mBuilding cp310-macosx_arm64 wheel[0m
2022-12-27T11:47:49.8421360Z CPython 3.10 macOS arm64 - Apple Silicon
2022-12-27T11:47:49.8421730Z 
2022-12-27T11:47:49.8424880Z ##[group]Installing Python cp310...
2022-12-27T11:47:49.8425110Z 
2022-12-27T11:47:49.8425440Z + pkgutil --pkgs
2022-12-27T11:47:49.8526650Z ##[endgroup]
2022-12-27T11:47:49.8527470Z                                                               [32mâœ“ [0m0.01s
2022-12-27T11:47:49.8528140Z ##[group]Setting up build environment...
2022-12-27T11:47:49.8528310Z 
2022-12-27T11:47:49.8546370Z + /Users/runner/hostedtoolcache/Python/3.10.9/x64/bin/python -sS /Users/runner/Library/Caches/cibuildwheel/virtualenv-20.17.0.pyz --activators= --no-periodic-update --pip=22.3.1 --setuptools=65.6.3 --wheel=0.38.4 --symlink-app-data --python /Library/Frameworks/Python.framework/Versions/3.10/bin/python3 /private/var/folders/51/hd414ycd67n82196sw51xqtc0000gn/T/cibw-run-5y6y9r29/cp310-macosx_arm64/build/venv
2022-12-27T11:47:50.0468650Z created virtual environment CPython3.10.8.final.0-64 in 55ms
2022-12-27T11:47:50.0469220Z   creator CPython3Posix(dest=/private/var/folders/51/hd414ycd67n82196sw51xqtc0000gn/T/cibw-run-5y6y9r29/cp310-macosx_arm64/build/venv, clear=False, no_vcs_ignore=False, global=False)
2022-12-27T11:47:50.0469860Z   seeder FromAppData(download=False, pip=22.3.1, setuptools=65.6.3, wheel=0.38.4, via=symlink, app_data_dir=/Users/runner/Library/Application Support/virtualenv)
2022-12-27T11:47:50.0470250Z     added seed packages: pip==22.3.1, setuptools==65.6.3, wheel==0.38.4
2022-12-27T11:47:50.0583860Z + python -m pip install --upgrade pip -c /Users/runner/hostedtoolcache/Python/3.10.9/x64/lib/python3.10/site-packages/cibuildwheel/resources/constraints-python310.txt
2022-12-27T11:47:50.3309800Z Requirement already satisfied: pip in ./lib/python3.10/site-packages (22.3.1)
2022-12-27T11:47:50.4614160Z + which pip
2022-12-27T11:47:50.4633360Z /private/var/folders/51/hd414ycd67n82196sw51xqtc0000gn/T/cibw-run-5y6y9r29/cp310-macosx_arm64/build/venv/bin/pip
2022-12-27T11:47:50.4635110Z + pip --version
2022-12-27T11:47:50.6586970Z pip 22.3.1 from /private/var/folders/51/hd414ycd67n82196sw51xqtc0000gn/T/cibw-run-5y6y9r29/cp310-macosx_arm64/build/venv/lib/python3.10/site-packages/pip (python 3.10)
2022-12-27T11:47:50.6798730Z + which pip
2022-12-27T11:47:50.6825190Z + which python
2022-12-27T11:47:50.6843590Z /private/var/folders/51/hd414ycd67n82196sw51xqtc0000gn/T/cibw-run-5y6y9r29/cp310-macosx_arm64/build/venv/bin/python
2022-12-27T11:47:50.6846390Z + python --version
2022-12-27T11:47:50.6897010Z Python 3.10.8
2022-12-27T11:47:50.6900510Z + which python
2022-12-27T11:47:50.6951380Z ##[endgroup]
2022-12-27T11:47:50.6951950Z                                                               [32mâœ“ [0m0.84s
2022-12-27T11:47:50.6952600Z ##[group]Installing build tools...
2022-12-27T11:47:50.6952760Z 
2022-12-27T11:47:50.6953240Z + pip install --upgrade setuptools wheel delocate -c /Users/runner/hostedtoolcache/Python/3.10.9/x64/lib/python3.10/site-packages/cibuildwheel/resources/constraints-python310.txt
2022-12-27T11:47:50.9655810Z Requirement already satisfied: setuptools in /private/var/folders/51/hd414ycd67n82196sw51xqtc0000gn/T/cibw-run-5y6y9r29/cp310-macosx_arm64/build/venv/lib/python3.10/site-packages (65.6.3)
2022-12-27T11:47:51.1544610Z Requirement already satisfied: wheel in /private/var/folders/51/hd414ycd67n82196sw51xqtc0000gn/T/cibw-run-5y6y9r29/cp310-macosx_arm64/build/venv/lib/python3.10/site-packages (0.38.4)
2022-12-27T11:47:51.2013550Z Collecting delocate
2022-12-27T11:47:51.2035570Z   Using cached delocate-0.10.3-py3-none-any.whl (142 kB)
2022-12-27T11:47:51.2225460Z Collecting typing-extensions
2022-12-27T11:47:51.2244180Z   Using cached typing_extensions-4.4.0-py3-none-any.whl (26 kB)
2022-12-27T11:47:51.2486760Z Collecting packaging>=20.9
2022-12-27T11:47:51.2504810Z   Using cached packaging-21.3-py3-none-any.whl (40 kB)
2022-12-27T11:47:51.5079450Z Collecting pyparsing!=3.0.5,>=2.0.2
2022-12-27T11:47:51.5100210Z   Using cached pyparsing-3.0.9-py3-none-any.whl (98 kB)
2022-12-27T11:47:51.5410800Z Installing collected packages: typing-extensions, pyparsing, packaging, delocate
2022-12-27T11:47:51.6679230Z Successfully installed delocate-0.10.3 packaging-21.3 pyparsing-3.0.9 typing-extensions-4.4.0
2022-12-27T11:47:51.7146150Z ##[endgroup]
2022-12-27T11:47:51.7147060Z                                                               [32mâœ“ [0m1.02s
2022-12-27T11:47:51.7147520Z ##[group]Running before_build...
2022-12-27T11:47:51.7147620Z 
2022-12-27T11:47:51.7153120Z + pip install Cython; if [[ -f requirements.txt ]]; then pip install -r requirements.txt; fi
2022-12-27T11:47:52.2947140Z Collecting Cython
2022-12-27T11:47:52.2987980Z   Using cached Cython-0.29.32-py2.py3-none-any.whl (986 kB)
2022-12-27T11:47:52.3427570Z Installing collected packages: Cython
2022-12-27T11:47:52.7374970Z Successfully installed Cython-0.29.32
2022-12-27T11:47:53.0458770Z Requirement already satisfied: Cython>=0.29.7 in /private/var/folders/51/hd414ycd67n82196sw51xqtc0000gn/T/cibw-run-5y6y9r29/cp310-macosx_arm64/build/venv/lib/python3.10/site-packages (from -r requirements.txt (line 1)) (0.29.32)
2022-12-27T11:47:53.1049800Z ##[endgroup]
2022-12-27T11:47:53.1050680Z                                                               [32mâœ“ [0m1.39s
2022-12-27T11:47:53.1051330Z ##[group]Building wheel...
2022-12-27T11:47:53.1051510Z 
2022-12-27T11:47:53.1056650Z + python -m pip wheel /Users/runner/actions-runner/_work/python.build/python.build/build_lxml442310/lxml-4.4.2 --wheel-dir=/private/var/folders/51/hd414ycd67n82196sw51xqtc0000gn/T/cibw-run-5y6y9r29/cp310-macosx_arm64/built_wheel --no-deps -vvv
2022-12-27T11:47:53.3474250Z Created temporary directory: /private/var/folders/51/hd414ycd67n82196sw51xqtc0000gn/T/pip-ephem-wheel-cache-3jneb_0h
2022-12-27T11:47:53.3479330Z Created temporary directory: /private/var/folders/51/hd414ycd67n82196sw51xqtc0000gn/T/pip-build-tracker-p3hz8pdb
2022-12-27T11:47:53.3481530Z Initialized build tracking at /private/var/folders/51/hd414ycd67n82196sw51xqtc0000gn/T/pip-build-tracker-p3hz8pdb
2022-12-27T11:47:53.3483310Z Created build tracker: /private/var/folders/51/hd414ycd67n82196sw51xqtc0000gn/T/pip-build-tracker-p3hz8pdb
2022-12-27T11:47:53.3485310Z Entered build tracker: /private/var/folders/51/hd414ycd67n82196sw51xqtc0000gn/T/pip-build-tracker-p3hz8pdb
2022-12-27T11:47:53.3488440Z Created temporary directory: /private/var/folders/51/hd414ycd67n82196sw51xqtc0000gn/T/pip-wheel-rhzmw24z
2022-12-27T11:47:53.3494580Z Created temporary directory: /private/var/folders/51/hd414ycd67n82196sw51xqtc0000gn/T/pip-ephem-wheel-cache-hdsrledi
2022-12-27T11:47:53.3644490Z Processing /Users/runner/actions-runner/_work/python.build/python.build/build_lxml442310/lxml-4.4.2
2022-12-27T11:47:53.3649240Z   Added file:///Users/runner/actions-runner/_work/python.build/python.build/build_lxml442310/lxml-4.4.2 to build tracker '/private/var/folders/51/hd414ycd67n82196sw51xqtc0000gn/T/pip-build-tracker-p3hz8pdb'
2022-12-27T11:47:53.3652630Z   Running setup.py (path:/Users/runner/actions-runner/_work/python.build/python.build/build_lxml442310/lxml-4.4.2/setup.py) egg_info for package from file:///Users/runner/actions-runner/_work/python.build/python.build/build_lxml442310/lxml-4.4.2
2022-12-27T11:47:53.3655630Z   Created temporary directory: /private/var/folders/51/hd414ycd67n82196sw51xqtc0000gn/T/pip-pip-egg-info-hecka82_
2022-12-27T11:47:53.3656870Z   Preparing metadata (setup.py): started
2022-12-27T11:47:53.3658560Z   Running command python setup.py egg_info
2022-12-27T11:47:53.6529540Z   Building lxml version 4.4.2.
2022-12-27T11:47:53.6530780Z   Building without Cython.
2022-12-27T11:47:53.6532170Z   Using build configuration of libxslt 1.1.29
2022-12-27T11:47:53.6533830Z   Building against libxml2/libxslt in the following directory: /Library/Developer/CommandLineTools/SDKs/MacOSX12.1.sdk/usr/lib
2022-12-27T11:47:53.6535180Z   running egg_info
2022-12-27T11:47:53.6537740Z   creating /private/var/folders/51/hd414ycd67n82196sw51xqtc0000gn/T/pip-pip-egg-info-hecka82_/lxml.egg-info
2022-12-27T11:47:53.6538900Z   writing /private/var/folders/51/hd414ycd67n82196sw51xqtc0000gn/T/pip-pip-egg-info-hecka82_/lxml.egg-info/PKG-INFO
2022-12-27T11:47:53.6540230Z   writing dependency_links to /private/var/folders/51/hd414ycd67n82196sw51xqtc0000gn/T/pip-pip-egg-info-hecka82_/lxml.egg-info/dependency_links.txt
2022-12-27T11:47:53.6541830Z   writing requirements to /private/var/folders/51/hd414ycd67n82196sw51xqtc0000gn/T/pip-pip-egg-info-hecka82_/lxml.egg-info/requires.txt
2022-12-27T11:47:53.6543230Z   writing top-level names to /private/var/folders/51/hd414ycd67n82196sw51xqtc0000gn/T/pip-pip-egg-info-hecka82_/lxml.egg-info/top_level.txt
2022-12-27T11:47:53.6544670Z   writing manifest file '/private/var/folders/51/hd414ycd67n82196sw51xqtc0000gn/T/pip-pip-egg-info-hecka82_/lxml.egg-info/SOURCES.txt'
2022-12-27T11:47:53.6635710Z   reading manifest file '/private/var/folders/51/hd414ycd67n82196sw51xqtc0000gn/T/pip-pip-egg-info-hecka82_/lxml.egg-info/SOURCES.txt'
2022-12-27T11:47:53.6638590Z   reading manifest template 'MANIFEST.in'
2022-12-27T11:47:53.7200420Z   warning: no files found matching '*.html' under directory 'doc'
2022-12-27T11:47:53.7279990Z   adding license file 'LICENSES.txt'
2022-12-27T11:47:53.7313090Z   writing manifest file '/private/var/folders/51/hd414ycd67n82196sw51xqtc0000gn/T/pip-pip-egg-info-hecka82_/lxml.egg-info/SOURCES.txt'
2022-12-27T11:47:53.7545170Z   Preparing metadata (setup.py): finished with status 'done'
2022-12-27T11:47:53.7567840Z   Source in /Users/runner/actions-runner/_work/python.build/python.build/build_lxml442310/lxml-4.4.2 has version 4.4.2, which satisfies requirement lxml==4.4.2 from file:///Users/runner/actions-runner/_work/python.build/python.build/build_lxml442310/lxml-4.4.2
2022-12-27T11:47:53.7571410Z   Removed lxml==4.4.2 from file:///Users/runner/actions-runner/_work/python.build/python.build/build_lxml442310/lxml-4.4.2 from build tracker '/private/var/folders/51/hd414ycd67n82196sw51xqtc0000gn/T/pip-build-tracker-p3hz8pdb'
2022-12-27T11:47:53.7594410Z Created temporary directory: /private/var/folders/51/hd414ycd67n82196sw51xqtc0000gn/T/pip-unpack-ht_0shhh
2022-12-27T11:47:53.7596410Z Building wheels for collected packages: lxml
2022-12-27T11:47:53.7603260Z   Created temporary directory: /private/var/folders/51/hd414ycd67n82196sw51xqtc0000gn/T/pip-wheel-5molsh33
2022-12-27T11:47:53.7605130Z   Building wheel for lxml (setup.py): started
2022-12-27T11:47:53.7607020Z   Destination directory: /private/var/folders/51/hd414ycd67n82196sw51xqtc0000gn/T/pip-wheel-5molsh33
2022-12-27T11:47:53.7608280Z   Running command python setup.py bdist_wheel
2022-12-27T11:47:53.9056830Z   Building lxml version 4.4.2.
2022-12-27T11:47:53.9058980Z   Building without Cython.
2022-12-27T11:47:53.9190160Z   Using build configuration of libxslt 1.1.29
2022-12-27T11:47:54.0244320Z   Building against libxml2/libxslt in the following directory: /Library/Developer/CommandLineTools/SDKs/MacOSX12.1.sdk/usr/lib
2022-12-27T11:47:54.0485710Z   running bdist_wheel
2022-12-27T11:47:54.0521750Z   running build
2022-12-27T11:47:54.0523990Z   running build_py
2022-12-27T11:47:54.0542890Z   creating build
2022-12-27T11:47:54.0544680Z   creating build/lib.macosx-11.0-arm64-cpython-310
2022-12-27T11:47:54.0546630Z   creating build/lib.macosx-11.0-arm64-cpython-310/lxml
2022-12-27T11:47:54.0548450Z   copying src/lxml/_elementpath.py -> build/lib.macosx-11.0-arm64-cpython-310/lxml
2022-12-27T11:47:54.0550530Z   copying src/lxml/sax.py -> build/lib.macosx-11.0-arm64-cpython-310/lxml
2022-12-27T11:47:54.0552690Z   copying src/lxml/pyclasslookup.py -> build/lib.macosx-11.0-arm64-cpython-310/lxml
2022-12-27T11:47:54.0557350Z   copying src/lxml/__init__.py -> build/lib.macosx-11.0-arm64-cpython-310/lxml
2022-12-27T11:47:54.0559640Z   copying src/lxml/builder.py -> build/lib.macosx-11.0-arm64-cpython-310/lxml
2022-12-27T11:47:54.0561330Z   copying src/lxml/doctestcompare.py -> build/lib.macosx-11.0-arm64-cpython-310/lxml
2022-12-27T11:47:54.0562960Z   copying src/lxml/usedoctest.py -> build/lib.macosx-11.0-arm64-cpython-310/lxml
2022-12-27T11:47:54.0566240Z   copying src/lxml/cssselect.py -> build/lib.macosx-11.0-arm64-cpython-310/lxml
2022-12-27T11:47:54.0567890Z   copying src/lxml/ElementInclude.py -> build/lib.macosx-11.0-arm64-cpython-310/lxml
2022-12-27T11:47:54.0572140Z   creating build/lib.macosx-11.0-arm64-cpython-310/lxml/includes
2022-12-27T11:47:54.0573790Z   copying src/lxml/includes/__init__.py -> build/lib.macosx-11.0-arm64-cpython-310/lxml/includes
2022-12-27T11:47:54.0579850Z   creating build/lib.macosx-11.0-arm64-cpython-310/lxml/html
2022-12-27T11:47:54.0581810Z   copying src/lxml/html/soupparser.py -> build/lib.macosx-11.0-arm64-cpython-310/lxml/html
2022-12-27T11:47:54.0584030Z   copying src/lxml/html/defs.py -> build/lib.macosx-11.0-arm64-cpython-310/lxml/html
2022-12-27T11:47:54.0586870Z   copying src/lxml/html/_setmixin.py -> build/lib.macosx-11.0-arm64-cpython-310/lxml/html
2022-12-27T11:47:54.0588630Z   copying src/lxml/html/clean.py -> build/lib.macosx-11.0-arm64-cpython-310/lxml/html
2022-12-27T11:47:54.0591480Z   copying src/lxml/html/_diffcommand.py -> build/lib.macosx-11.0-arm64-cpython-310/lxml/html
2022-12-27T11:47:54.0594250Z   copying src/lxml/html/html5parser.py -> build/lib.macosx-11.0-arm64-cpython-310/lxml/html
2022-12-27T11:47:54.0596560Z   copying src/lxml/html/__init__.py -> build/lib.macosx-11.0-arm64-cpython-310/lxml/html
2022-12-27T11:47:54.0600270Z   copying src/lxml/html/formfill.py -> build/lib.macosx-11.0-arm64-cpython-310/lxml/html
2022-12-27T11:47:54.0602730Z   copying src/lxml/html/builder.py -> build/lib.macosx-11.0-arm64-cpython-310/lxml/html
2022-12-27T11:47:54.0604540Z   copying src/lxml/html/ElementSoup.py -> build/lib.macosx-11.0-arm64-cpython-310/lxml/html
2022-12-27T11:47:54.0608310Z   copying src/lxml/html/_html5builder.py -> build/lib.macosx-11.0-arm64-cpython-310/lxml/html
2022-12-27T11:47:54.0610930Z   copying src/lxml/html/usedoctest.py -> build/lib.macosx-11.0-arm64-cpython-310/lxml/html
2022-12-27T11:47:54.0612920Z   copying src/lxml/html/diff.py -> build/lib.macosx-11.0-arm64-cpython-310/lxml/html
2022-12-27T11:47:54.0617100Z   creating build/lib.macosx-11.0-arm64-cpython-310/lxml/isoschematron
2022-12-27T11:47:54.0618930Z   copying src/lxml/isoschematron/__init__.py -> build/lib.macosx-11.0-arm64-cpython-310/lxml/isoschematron
2022-12-27T11:47:54.0643820Z   copying src/lxml/etree.h -> build/lib.macosx-11.0-arm64-cpython-310/lxml
2022-12-27T11:47:54.0647150Z   copying src/lxml/etree_api.h -> build/lib.macosx-11.0-arm64-cpython-310/lxml
2022-12-27T11:47:54.0649850Z   copying src/lxml/lxml.etree.h -> build/lib.macosx-11.0-arm64-cpython-310/lxml
2022-12-27T11:47:54.0653410Z   copying src/lxml/lxml.etree_api.h -> build/lib.macosx-11.0-arm64-cpython-310/lxml
2022-12-27T11:47:54.0656520Z   copying src/lxml/includes/xmlerror.pxd -> build/lib.macosx-11.0-arm64-cpython-310/lxml/includes
2022-12-27T11:47:54.0660420Z   copying src/lxml/includes/c14n.pxd -> build/lib.macosx-11.0-arm64-cpython-310/lxml/includes
2022-12-27T11:47:54.0663150Z   copying src/lxml/includes/xmlschema.pxd -> build/lib.macosx-11.0-arm64-cpython-310/lxml/includes
2022-12-27T11:47:54.0665640Z   copying src/lxml/includes/__init__.pxd -> build/lib.macosx-11.0-arm64-cpython-310/lxml/includes
2022-12-27T11:47:54.0667830Z   copying src/lxml/includes/schematron.pxd -> build/lib.macosx-11.0-arm64-cpython-310/lxml/includes
2022-12-27T11:47:54.0670580Z   copying src/lxml/includes/tree.pxd -> build/lib.macosx-11.0-arm64-cpython-310/lxml/includes
2022-12-27T11:47:54.0673570Z   copying src/lxml/includes/uri.pxd -> build/lib.macosx-11.0-arm64-cpython-310/lxml/includes
2022-12-27T11:47:54.0676510Z   copying src/lxml/includes/etreepublic.pxd -> build/lib.macosx-11.0-arm64-cpython-310/lxml/includes
2022-12-27T11:47:54.0679650Z   copying src/lxml/includes/xpath.pxd -> build/lib.macosx-11.0-arm64-cpython-310/lxml/includes
2022-12-27T11:47:54.0682720Z   copying src/lxml/includes/htmlparser.pxd -> build/lib.macosx-11.0-arm64-cpython-310/lxml/includes
2022-12-27T11:47:54.0685180Z   copying src/lxml/includes/xslt.pxd -> build/lib.macosx-11.0-arm64-cpython-310/lxml/includes
2022-12-27T11:47:54.0688050Z   copying src/lxml/includes/config.pxd -> build/lib.macosx-11.0-arm64-cpython-310/lxml/includes
2022-12-27T11:47:54.0690360Z   copying src/lxml/includes/xmlparser.pxd -> build/lib.macosx-11.0-arm64-cpython-310/lxml/includes
2022-12-27T11:47:54.0693340Z   copying src/lxml/includes/xinclude.pxd -> build/lib.macosx-11.0-arm64-cpython-310/lxml/includes
2022-12-27T11:47:54.0696200Z   copying src/lxml/includes/dtdvalid.pxd -> build/lib.macosx-11.0-arm64-cpython-310/lxml/includes
2022-12-27T11:47:54.0698700Z   copying src/lxml/includes/relaxng.pxd -> build/lib.macosx-11.0-arm64-cpython-310/lxml/includes
2022-12-27T11:47:54.0701320Z   copying src/lxml/includes/lxml-version.h -> build/lib.macosx-11.0-arm64-cpython-310/lxml/includes
2022-12-27T11:47:54.0704220Z   copying src/lxml/includes/etree_defs.h -> build/lib.macosx-11.0-arm64-cpython-310/lxml/includes
2022-12-27T11:47:54.0707200Z   creating build/lib.macosx-11.0-arm64-cpython-310/lxml/isoschematron/resources
2022-12-27T11:47:54.0708900Z   creating build/lib.macosx-11.0-arm64-cpython-310/lxml/isoschematron/resources/rng
2022-12-27T11:47:54.0711140Z   copying src/lxml/isoschematron/resources/rng/iso-schematron.rng -> build/lib.macosx-11.0-arm64-cpython-310/lxml/isoschematron/resources/rng
2022-12-27T11:47:54.0713330Z   creating build/lib.macosx-11.0-arm64-cpython-310/lxml/isoschematron/resources/xsl
2022-12-27T11:47:54.0714800Z   copying src/lxml/isoschematron/resources/xsl/XSD2Schtrn.xsl -> build/lib.macosx-11.0-arm64-cpython-310/lxml/isoschematron/resources/xsl
2022-12-27T11:47:54.0716720Z   copying src/lxml/isoschematron/resources/xsl/RNG2Schtrn.xsl -> build/lib.macosx-11.0-arm64-cpython-310/lxml/isoschematron/resources/xsl
2022-12-27T11:47:54.0719990Z   creating build/lib.macosx-11.0-arm64-cpython-310/lxml/isoschematron/resources/xsl/iso-schematron-xslt1
2022-12-27T11:47:54.0722330Z   copying src/lxml/isoschematron/resources/xsl/iso-schematron-xslt1/iso_abstract_expand.xsl -> build/lib.macosx-11.0-arm64-cpython-310/lxml/isoschematron/resources/xsl/iso-schematron-xslt1
2022-12-27T11:47:54.0723950Z   copying src/lxml/isoschematron/resources/xsl/iso-schematron-xslt1/iso_dsdl_include.xsl -> build/lib.macosx-11.0-arm64-cpython-310/lxml/isoschematron/resources/xsl/iso-schematron-xslt1
2022-12-27T11:47:54.0727350Z   copying src/lxml/isoschematron/resources/xsl/iso-schematron-xslt1/iso_schematron_skeleton_for_xslt1.xsl -> build/lib.macosx-11.0-arm64-cpython-310/lxml/isoschematron/resources/xsl/iso-schematron-xslt1
2022-12-27T11:47:54.0730820Z   copying src/lxml/isoschematron/resources/xsl/iso-schematron-xslt1/iso_svrl_for_xslt1.xsl -> build/lib.macosx-11.0-arm64-cpython-310/lxml/isoschematron/resources/xsl/iso-schematron-xslt1
2022-12-27T11:47:54.0734300Z   copying src/lxml/isoschematron/resources/xsl/iso-schematron-xslt1/iso_schematron_message.xsl -> build/lib.macosx-11.0-arm64-cpython-310/lxml/isoschematron/resources/xsl/iso-schematron-xslt1
2022-12-27T11:47:54.0736870Z   copying src/lxml/isoschematron/resources/xsl/iso-schematron-xslt1/readme.txt -> build/lib.macosx-11.0-arm64-cpython-310/lxml/isoschematron/resources/xsl/iso-schematron-xslt1
2022-12-27T11:47:54.0749220Z   running build_ext
2022-12-27T11:47:54.0782840Z   building 'lxml.etree' extension
2022-12-27T11:47:54.0785020Z   creating build/temp.macosx-11.0-arm64-cpython-310
2022-12-27T11:47:54.0860270Z   creating build/temp.macosx-11.0-arm64-cpython-310/src
2022-12-27T11:47:54.0861080Z   creating build/temp.macosx-11.0-arm64-cpython-310/src/lxml
2022-12-27T11:47:54.0862680Z   clang -Wno-unused-result -Wsign-compare -Wunreachable-code -fno-common -dynamic -DNDEBUG -g -fwrapv -O3 -Wall -g -I/usr/local/opt/openssl@3/include -I/usr/local/opt/openssl@3/include -arch arm64 -DCYTHON_CLINE_IN_TRACEBACK=0 -I/Library/Developer/CommandLineTools/SDKs/MacOSX12.1.sdk/usr/include -Isrc -Isrc/lxml/includes -I/private/var/folders/51/hd414ycd67n82196sw51xqtc0000gn/T/cibw-run-5y6y9r29/cp310-macosx_arm64/build/venv/include -I/Library/Frameworks/Python.framework/Versions/3.10/include/python3.10 -c src/lxml/etree.c -o build/temp.macosx-11.0-arm64-cpython-310/src/lxml/etree.o -w -flat_namespace
2022-12-27T11:47:54.8696410Z   src/lxml/etree.c:221006:5: error: expression is not assignable
2022-12-27T11:47:54.8697750Z       ++Py_REFCNT(o);
2022-12-27T11:47:54.8699060Z       ^ ~~~~~~~~~~~~
2022-12-27T11:47:54.8700590Z   src/lxml/etree.c:221008:5: error: expression is not assignable
2022-12-27T11:47:54.8701850Z       --Py_REFCNT(o);
2022-12-27T11:47:54.8702990Z       ^ ~~~~~~~~~~~~
2022-12-27T11:47:54.8734140Z   src/lxml/etree.c:222069:5: error: expression is not assignable
2022-12-27T11:47:54.8735290Z       ++Py_REFCNT(o);
2022-12-27T11:47:54.8737080Z       ^ ~~~~~~~~~~~~
2022-12-27T11:47:54.8738410Z   src/lxml/etree.c:222071:5: error: expression is not assignable
2022-12-27T11:47:54.8740040Z       --Py_REFCNT(o);
2022-12-27T11:47:54.8741070Z       ^ ~~~~~~~~~~~~
2022-12-27T11:47:54.8749790Z   src/lxml/etree.c:222402:5: error: expression is not assignable
2022-12-27T11:47:54.8751070Z       ++Py_REFCNT(o);
2022-12-27T11:47:54.8752130Z       ^ ~~~~~~~~~~~~
2022-12-27T11:47:54.8753560Z   src/lxml/etree.c:222404:5: error: expression is not assignable
2022-12-27T11:47:54.8755050Z       --Py_REFCNT(o);
2022-12-27T11:47:54.8756180Z       ^ ~~~~~~~~~~~~
2022-12-27T11:47:54.8812850Z   src/lxml/etree.c:224089:5: error: expression is not assignable
2022-12-27T11:47:54.8815180Z       ++Py_REFCNT(o);
2022-12-27T11:47:54.8816390Z       ^ ~~~~~~~~~~~~
2022-12-27T11:47:54.8818630Z   src/lxml/etree.c:224091:5: error: expression is not assignable
2022-12-27T11:47:54.8820160Z       --Py_REFCNT(o);
2022-12-27T11:47:54.8821170Z       ^ ~~~~~~~~~~~~
2022-12-27T11:47:54.8963560Z   src/lxml/etree.c:228645:5: error: expression is not assignable
2022-12-27T11:47:54.8965090Z       ++Py_REFCNT(o);
2022-12-27T11:47:54.8966930Z       ^ ~~~~~~~~~~~~
2022-12-27T11:47:54.8968540Z   src/lxml/etree.c:228647:5: error: expression is not assignable
2022-12-27T11:47:54.8970310Z       --Py_REFCNT(o);
2022-12-27T11:47:54.8971230Z       ^ ~~~~~~~~~~~~
2022-12-27T11:47:54.8977970Z   src/lxml/etree.c:228910:5: error: expression is not assignable
2022-12-27T11:47:54.8978930Z       ++Py_REFCNT(o);
2022-12-27T11:47:54.8980350Z       ^ ~~~~~~~~~~~~
2022-12-27T11:47:54.8981780Z   src/lxml/etree.c:228912:5: error: expression is not assignable
2022-12-27T11:47:54.8982730Z       --Py_REFCNT(o);
2022-12-27T11:47:54.8984110Z       ^ ~~~~~~~~~~~~
2022-12-27T11:47:54.9077120Z   src/lxml/etree.c:231114:5: error: expression is not assignable
2022-12-27T11:47:54.9078520Z       ++Py_REFCNT(o);
2022-12-27T11:47:54.9080010Z       ^ ~~~~~~~~~~~~
2022-12-27T11:47:54.9081210Z   src/lxml/etree.c:231116:5: error: expression is not assignable
2022-12-27T11:47:54.9082670Z       --Py_REFCNT(o);
2022-12-27T11:47:54.9083790Z       ^ ~~~~~~~~~~~~
2022-12-27T11:47:54.9178900Z   src/lxml/etree.c:233441:5: error: expression is not assignable
2022-12-27T11:47:54.9180380Z       ++Py_REFCNT(o);
2022-12-27T11:47:54.9182160Z       ^ ~~~~~~~~~~~~
2022-12-27T11:47:54.9183750Z   src/lxml/etree.c:233443:5: error: expression is not assignable
2022-12-27T11:47:54.9185480Z       --Py_REFCNT(o);
2022-12-27T11:47:54.9186730Z       ^ ~~~~~~~~~~~~
2022-12-27T11:47:54.9192690Z   src/lxml/etree.c:233778:5: error: expression is not assignable
2022-12-27T11:47:54.9193980Z       ++Py_REFCNT(o);
2022-12-27T11:47:54.9195370Z       ^ ~~~~~~~~~~~~
2022-12-27T11:47:54.9196910Z   src/lxml/etree.c:233780:5: error: expression is not assignable
2022-12-27T11:47:54.9198410Z       --Py_REFCNT(o);
2022-12-27T11:47:54.9199320Z       ^ ~~~~~~~~~~~~
2022-12-27T11:47:54.9211560Z   src/lxml/etree.c:234410:5: error: expression is not assignable
2022-12-27T11:47:54.9213020Z       ++Py_REFCNT(o);
2022-12-27T11:47:54.9214040Z       ^ ~~~~~~~~~~~~
2022-12-27T11:47:54.9215610Z   fatal error: too many errors emitted, stopping now [-ferror-limit=]
2022-12-27T11:47:55.0923780Z   20 errors generated.
2022-12-27T11:47:55.0972890Z   Compile failed: command '/usr/bin/clang' failed with exit code 1
2022-12-27T11:47:55.1702440Z   creating var
2022-12-27T11:47:55.1704050Z   creating var/folders
2022-12-27T11:47:55.1706360Z   creating var/folders/51
2022-12-27T11:47:55.1708620Z   creating var/folders/51/hd414ycd67n82196sw51xqtc0000gn
2022-12-27T11:47:55.1710710Z   creating var/folders/51/hd414ycd67n82196sw51xqtc0000gn/T
2022-12-27T11:47:55.1713880Z   cc -arch arm64 -I/Library/Developer/CommandLineTools/SDKs/MacOSX12.1.sdk/usr/include -I/usr/include/libxml2 -c /var/folders/51/hd414ycd67n82196sw51xqtc0000gn/T/xmlXPathInitbh8he_dp.c -o var/folders/51/hd414ycd67n82196sw51xqtc0000gn/T/xmlXPathInitbh8he_dp.o
2022-12-27T11:47:55.2135160Z   cc -arch arm64 var/folders/51/hd414ycd67n82196sw51xqtc0000gn/T/xmlXPathInitbh8he_dp.o -L/Library/Developer/CommandLineTools/SDKs/MacOSX12.1.sdk/usr/lib -lxml2 -o a.out
2022-12-27T11:47:55.2550570Z   error: command '/usr/bin/clang' failed with exit code 1
2022-12-27T11:47:55.2880320Z   error: subprocess-exited-with-error
2022-12-27T11:47:55.2880730Z   
2022-12-27T11:47:55.2881170Z   Ã— python setup.py bdist_wheel did not run successfully.
2022-12-27T11:47:55.2881530Z   â”‚ exit code: 1
2022-12-27T11:47:55.2881800Z   â•°â”€> See above for output.
2022-12-27T11:47:55.2882050Z   
2022-12-27T11:47:55.2882380Z   note: This error originates from a subprocess, and is likely not a problem with pip.
2022-12-27T11:47:55.2889570Z   full command: /private/var/folders/51/hd414ycd67n82196sw51xqtc0000gn/T/cibw-run-5y6y9r29/cp310-macosx_arm64/build/venv/bin/python -u -c '
2022-12-27T11:47:55.2890220Z   exec(compile('"'"''"'"''"'"'
2022-12-27T11:47:55.2890810Z   # This is <pip-setuptools-caller> -- a caller that pip uses to run setup.py
2022-12-27T11:47:55.2891180Z   #
2022-12-27T11:47:55.2891810Z   # - It imports setuptools before invoking setup.py, to enable projects that directly
2022-12-27T11:47:55.2892500Z   #   import from `distutils.core` to work with newer packaging standards.
2022-12-27T11:47:55.2893990Z   # - It provides a clear error message when setuptools is not installed.
2022-12-27T11:47:55.2895180Z   # - It sets `sys.argv[0]` to the underlying `setup.py`, when invoking `setup.py` so
2022-12-27T11:47:55.2895960Z   #   setuptools doesn'"'"'t think the script is `-c`. This avoids the following warning:
2022-12-27T11:47:55.2896700Z   #     manifest_maker: standard file '"'"'-c'"'"' not found".
2022-12-27T11:47:55.2897690Z   # - It generates a shim setup.py, for handling setup.cfg-only projects.
2022-12-27T11:47:55.2898230Z   import os, sys, tokenize
2022-12-27T11:47:55.2898520Z   
2022-12-27T11:47:55.2898840Z   try:
2022-12-27T11:47:55.2899200Z       import setuptools
2022-12-27T11:47:55.2899690Z   except ImportError as error:
2022-12-27T11:47:55.2900080Z       print(
2022-12-27T11:47:55.2900550Z           "ERROR: Can not execute `setup.py` since setuptools is not available in "
2022-12-27T11:47:55.2901010Z           "the build environment.",
2022-12-27T11:47:55.2901460Z           file=sys.stderr,
2022-12-27T11:47:55.2901820Z       )
2022-12-27T11:47:55.2902080Z       sys.exit(1)
2022-12-27T11:47:55.2902420Z   
2022-12-27T11:47:55.2902760Z   __file__ = %r
2022-12-27T11:47:55.2903070Z   sys.argv[0] = __file__
2022-12-27T11:47:55.2903390Z   
2022-12-27T11:47:55.2903750Z   if os.path.exists(__file__):
2022-12-27T11:47:55.2904100Z       filename = __file__
2022-12-27T11:47:55.2904520Z       with tokenize.open(__file__) as f:
2022-12-27T11:47:55.2904920Z           setup_py_code = f.read()
2022-12-27T11:47:55.2905240Z   else:
2022-12-27T11:47:55.2905840Z       filename = "<auto-generated setuptools caller>"
2022-12-27T11:47:55.2906380Z       setup_py_code = "from setuptools import setup; setup()"
2022-12-27T11:47:55.2907170Z   
2022-12-27T11:47:55.2907390Z   exec(compile(setup_py_code, filename, "exec"))
2022-12-27T11:47:55.2908100Z   '"'"''"'"''"'"' % ('"'"'/Users/runner/actions-runner/_work/python.build/python.build/build_lxml442310/lxml-4.4.2/setup.py'"'"',), "<pip-setuptools-caller>", "exec"))' bdist_wheel -d /private/var/folders/51/hd414ycd67n82196sw51xqtc0000gn/T/pip-wheel-5molsh33
2022-12-27T11:47:55.2908740Z   cwd: /Users/runner/actions-runner/_work/python.build/python.build/build_lxml442310/lxml-4.4.2/
2022-12-27T11:47:55.2909030Z   ERROR: Failed building wheel for lxml
2022-12-27T11:47:55.2909450Z   Building wheel for lxml (setup.py): finished with status 'error'
2022-12-27T11:47:55.2909750Z   Running setup.py clean for lxml
2022-12-27T11:47:55.2910000Z   Running command python setup.py clean
2022-12-27T11:47:55.4382160Z   Building lxml version 4.4.2.
2022-12-27T11:47:55.4383790Z   Building without Cython.
2022-12-27T11:47:55.4520270Z   Using build configuration of libxslt 1.1.29
2022-12-27T11:47:55.5597440Z   Building against libxml2/libxslt in the following directory: /Library/Developer/CommandLineTools/SDKs/MacOSX12.1.sdk/usr/lib
2022-12-27T11:47:55.5753920Z   running clean
2022-12-27T11:47:55.5781270Z   removing 'build/temp.macosx-11.0-arm64-cpython-310' (and everything under it)
2022-12-27T11:47:55.5785040Z   removing 'build/lib.macosx-11.0-arm64-cpython-310' (and everything under it)
2022-12-27T11:47:55.5836730Z   'build/bdist.macosx-11.0-arm64' does not exist -- can't clean it
2022-12-27T11:47:55.5838530Z   'build/scripts-3.10' does not exist -- can't clean it
2022-12-27T11:47:55.5840160Z   removing 'build'
2022-12-27T11:47:55.6076180Z Failed to build lxml
2022-12-27T11:47:55.6080120Z ERROR: Failed to build one or more wheels
2022-12-27T11:47:55.6089580Z Exception information:
2022-12-27T11:47:55.6090150Z Traceback (most recent call last):
2022-12-27T11:47:55.6097410Z   File "/private/var/folders/51/hd414ycd67n82196sw51xqtc0000gn/T/cibw-run-5y6y9r29/cp310-macosx_arm64/build/venv/lib/python3.10/site-packages/pip/_internal/cli/base_command.py", line 160, in exc_logging_wrapper
2022-12-27T11:47:55.6097830Z     status = run_func(*args)
2022-12-27T11:47:55.6098450Z   File "/private/var/folders/51/hd414ycd67n82196sw51xqtc0000gn/T/cibw-run-5y6y9r29/cp310-macosx_arm64/build/venv/lib/python3.10/site-packages/pip/_internal/cli/req_command.py", line 247, in wrapper
2022-12-27T11:47:55.6098780Z     return func(self, options, args)
2022-12-27T11:47:55.6099350Z   File "/private/var/folders/51/hd414ycd67n82196sw51xqtc0000gn/T/cibw-run-5y6y9r29/cp310-macosx_arm64/build/venv/lib/python3.10/site-packages/pip/_internal/commands/wheel.py", line 201, in run
2022-12-27T11:47:55.6099770Z     raise CommandError("Failed to build one or more wheels")
2022-12-27T11:47:55.6100090Z pip._internal.exceptions.CommandError: Failed to build one or more wheels
2022-12-27T11:47:55.6100540Z Removed build tracker: '/private/var/folders/51/hd414ycd67n82196sw51xqtc0000gn/T/pip-build-tracker-p3hz8pdb'
2022-12-27T11:47:55.6515880Z ##[endgroup]
2022-12-27T11:47:55.6540710Z ##[error]Command ['python', '-m', 'pip', 'wheel', '/Users/runner/actions-runner/_work/python.build/python.build/build_lxml442310/lxml-4.4.2', '--wheel-dir=/private/var/folders/51/hd414ycd67n82196sw51xqtc0000gn/T/cibw-run-5y6y9r29/cp310-macosx_arm64/built_wheel', '--no-deps', '-vvv'] failed with code 1. None
2022-12-27T11:47:55.6547100Z 
2022-12-27T11:47:55.6547390Z                                                               [31mâœ• [0m2.55s
2022-12-27T11:47:55.7002930Z ##[error]Process completed with exit code 1.
2022-12-27T11:47:55.7032470Z ##[group]Run rm -rf build_lxml442310 wheelsout
2022-12-27T11:47:55.7032690Z [36;1mrm -rf build_lxml442310 wheelsout[0m
2022-12-27T11:47:55.7047650Z shell: /bin/bash -e {0}
2022-12-27T11:47:55.7047770Z env:
2022-12-27T11:47:55.7047910Z   pythonLocation: /Users/runner/hostedtoolcache/Python/3.10.9/x64
2022-12-27T11:47:55.7048100Z   PKG_CONFIG_PATH: /Users/runner/hostedtoolcache/Python/3.10.9/x64/lib/pkgconfig
2022-12-27T11:47:55.7048460Z   Python_ROOT_DIR: /Users/runner/hostedtoolcache/Python/3.10.9/x64
2022-12-27T11:47:55.7048630Z   Python2_ROOT_DIR: /Users/runner/hostedtoolcache/Python/3.10.9/x64
2022-12-27T11:47:55.7048800Z   Python3_ROOT_DIR: /Users/runner/hostedtoolcache/Python/3.10.9/x64
2022-12-27T11:47:55.7048940Z ##[endgroup]
2022-12-27T11:47:55.7425070Z Cleaning up orphan processes
