2022-12-27T08:53:27.6850095Z Requested labels: self-hosted, macOS, X64
2022-12-27T08:53:27.6850198Z Job defined at: kilnbuild/python.build/.github/workflows/mac_arm_build.yml@refs/heads/main
2022-12-27T08:53:27.6850226Z Waiting for a runner to pick up this job...
2022-12-27T11:28:10.4717381Z Job is about to start running on the runner: s1 (organization)
2022-12-27T11:28:14.1086120Z Current runner version: '2.300.2'
2022-12-27T11:28:14.1091030Z Runner name: 's1'
2022-12-27T11:28:14.1091280Z Runner group name: 'Default'
2022-12-27T11:28:14.1091700Z Machine name: 's1'
2022-12-27T11:28:14.1093210Z ##[group]GITHUB_TOKEN Permissions
2022-12-27T11:28:14.1093620Z Actions: write
2022-12-27T11:28:14.1093750Z Checks: write
2022-12-27T11:28:14.1093880Z Contents: write
2022-12-27T11:28:14.1094020Z Deployments: write
2022-12-27T11:28:14.1094150Z Discussions: write
2022-12-27T11:28:14.1094280Z Issues: write
2022-12-27T11:28:14.1094410Z Metadata: read
2022-12-27T11:28:14.1094540Z Packages: write
2022-12-27T11:28:14.1094670Z Pages: write
2022-12-27T11:28:14.1094810Z PullRequests: write
2022-12-27T11:28:14.1094960Z RepositoryProjects: write
2022-12-27T11:28:14.1095120Z SecurityEvents: write
2022-12-27T11:28:14.1095260Z Statuses: write
2022-12-27T11:28:14.1095390Z ##[endgroup]
2022-12-27T11:28:14.1097850Z Secret source: Actions
2022-12-27T11:28:14.1098170Z Prepare workflow directory
2022-12-27T11:28:14.1764160Z Prepare all required actions
2022-12-27T11:28:14.1887060Z Getting action download info
2022-12-27T11:28:14.6252340Z Download action repository 'actions/setup-python@v4' (SHA:5ccb29d8773c3f3f653e1705f474dfaa8a06a912)
2022-12-27T11:28:16.3876380Z Download action repository 'actions/upload-artifact@v3' (SHA:83fd05a356d7e2593de66fc9913b3002723633cb)
2022-12-27T11:28:17.6922690Z ##[group]Run echo '{
2022-12-27T11:28:17.6922980Z [36;1mecho '{[0m
2022-12-27T11:28:17.6923120Z [36;1m  "package_name": "lxml",[0m
2022-12-27T11:28:17.6923400Z [36;1m  "package_url": "https://files.pythonhosted.org/packages/3a/30/32bb8aac966ed5f4da2df50eb69e0d2dccf023d2baeef711995d88a55a1f/lxml-2.1beta2.tar.gz",[0m
2022-12-27T11:28:17.6923670Z [36;1m  "package_version": "2.1beta2",[0m
2022-12-27T11:28:17.6923880Z [36;1m  "python_version": "3.10",[0m
2022-12-27T11:28:17.6924100Z [36;1m  "use_ccache": "true"[0m
2022-12-27T11:28:17.6924230Z [36;1m}'[0m
2022-12-27T11:28:17.6940100Z shell: /bin/bash -e {0}
2022-12-27T11:28:17.6940320Z ##[endgroup]
2022-12-27T11:28:17.7156490Z {
2022-12-27T11:28:17.7157840Z   "package_name": "lxml",
2022-12-27T11:28:17.7158540Z   "package_url": "https://files.pythonhosted.org/packages/3a/30/32bb8aac966ed5f4da2df50eb69e0d2dccf023d2baeef711995d88a55a1f/lxml-2.1beta2.tar.gz",
2022-12-27T11:28:17.7158870Z   "package_version": "2.1beta2",
2022-12-27T11:28:17.7159110Z   "python_version": "3.10",
2022-12-27T11:28:17.7159300Z   "use_ccache": "true"
2022-12-27T11:28:17.7159470Z }
2022-12-27T11:28:17.7378180Z ##[group]Run actions/setup-python@v4
2022-12-27T11:28:17.7378510Z with:
2022-12-27T11:28:17.7378710Z   python-version: 3.10
2022-12-27T11:28:17.7378860Z   check-latest: false
2022-12-27T11:28:17.7379170Z   token: ***
2022-12-27T11:28:17.7379360Z   update-environment: true
2022-12-27T11:28:17.7379640Z ##[endgroup]
2022-12-27T11:28:17.8640810Z ##[group]Installed versions
2022-12-27T11:28:17.8680360Z Successfully set up CPython (3.10.9)
2022-12-27T11:28:17.8681100Z ##[endgroup]
2022-12-27T11:28:17.8836450Z ##[group]Run if [ "true" == "true" ]
2022-12-27T11:28:17.8836750Z [36;1mif [ "true" == "true" ][0m
2022-12-27T11:28:17.8836920Z [36;1mthen[0m
2022-12-27T11:28:17.8837190Z [36;1m  echo "CCACHE_PATH_PREPEND=/usr/local/opt/ccache/libexec" >> $GITHUB_OUTPUT[0m
2022-12-27T11:28:17.8837390Z [36;1melse[0m
2022-12-27T11:28:17.8837590Z [36;1m  echo "CCACHE_PATH_PREPEND=" >> $GITHUB_OUTPUT[0m
2022-12-27T11:28:17.8837750Z [36;1mfi[0m
2022-12-27T11:28:17.8855060Z shell: /bin/bash -e {0}
2022-12-27T11:28:17.8855250Z env:
2022-12-27T11:28:17.8855480Z   pythonLocation: /Users/runner/hostedtoolcache/Python/3.10.9/x64
2022-12-27T11:28:17.8855740Z   PKG_CONFIG_PATH: /Users/runner/hostedtoolcache/Python/3.10.9/x64/lib/pkgconfig
2022-12-27T11:28:17.8855960Z   Python_ROOT_DIR: /Users/runner/hostedtoolcache/Python/3.10.9/x64
2022-12-27T11:28:17.8856220Z   Python2_ROOT_DIR: /Users/runner/hostedtoolcache/Python/3.10.9/x64
2022-12-27T11:28:17.8856540Z   Python3_ROOT_DIR: /Users/runner/hostedtoolcache/Python/3.10.9/x64
2022-12-27T11:28:17.8856950Z ##[endgroup]
2022-12-27T11:28:17.8962490Z ##[group]Run echo "BUILD_NAME=$(echo lxml_2.1beta2_3.10 | tr -dc '[:alnum:]\n\r' | tr '[:upper:]' '[:lower:]')" >> $GITHUB_OUTPUT
2022-12-27T11:28:17.8962890Z [36;1mecho "BUILD_NAME=$(echo lxml_2.1beta2_3.10 | tr -dc '[:alnum:]\n\r' | tr '[:upper:]' '[:lower:]')" >> $GITHUB_OUTPUT[0m
2022-12-27T11:28:17.8977000Z shell: /bin/bash -e {0}
2022-12-27T11:28:17.8977200Z env:
2022-12-27T11:28:17.8977430Z   pythonLocation: /Users/runner/hostedtoolcache/Python/3.10.9/x64
2022-12-27T11:28:17.8977660Z   PKG_CONFIG_PATH: /Users/runner/hostedtoolcache/Python/3.10.9/x64/lib/pkgconfig
2022-12-27T11:28:17.8978000Z   Python_ROOT_DIR: /Users/runner/hostedtoolcache/Python/3.10.9/x64
2022-12-27T11:28:17.8978240Z   Python2_ROOT_DIR: /Users/runner/hostedtoolcache/Python/3.10.9/x64
2022-12-27T11:28:17.8978490Z   Python3_ROOT_DIR: /Users/runner/hostedtoolcache/Python/3.10.9/x64
2022-12-27T11:28:17.8978660Z ##[endgroup]
2022-12-27T11:28:17.9118170Z ##[group]Run echo "PYTHON_NO_DOTS=$(echo 3.10 | tr -dc '[:alnum:]\n\r' | tr '[:upper:]' '[:lower:]')" >> $GITHUB_OUTPUT
2022-12-27T11:28:17.9118550Z [36;1mecho "PYTHON_NO_DOTS=$(echo 3.10 | tr -dc '[:alnum:]\n\r' | tr '[:upper:]' '[:lower:]')" >> $GITHUB_OUTPUT[0m
2022-12-27T11:28:17.9132640Z shell: /bin/bash -e {0}
2022-12-27T11:28:17.9132800Z env:
2022-12-27T11:28:17.9133010Z   pythonLocation: /Users/runner/hostedtoolcache/Python/3.10.9/x64
2022-12-27T11:28:17.9133260Z   PKG_CONFIG_PATH: /Users/runner/hostedtoolcache/Python/3.10.9/x64/lib/pkgconfig
2022-12-27T11:28:17.9133990Z   Python_ROOT_DIR: /Users/runner/hostedtoolcache/Python/3.10.9/x64
2022-12-27T11:28:17.9134210Z   Python2_ROOT_DIR: /Users/runner/hostedtoolcache/Python/3.10.9/x64
2022-12-27T11:28:17.9134440Z   Python3_ROOT_DIR: /Users/runner/hostedtoolcache/Python/3.10.9/x64
2022-12-27T11:28:17.9134640Z ##[endgroup]
2022-12-27T11:28:17.9242290Z ##[group]Run rm -rf build_lxml21beta2310
2022-12-27T11:28:17.9242690Z [36;1mrm -rf build_lxml21beta2310[0m
2022-12-27T11:28:17.9242920Z [36;1mmkdir build_lxml21beta2310[0m
2022-12-27T11:28:17.9243070Z [36;1mcd build_lxml21beta2310[0m
2022-12-27T11:28:17.9243410Z [36;1m/usr/local/bin/wget --quiet https://files.pythonhosted.org/packages/3a/30/32bb8aac966ed5f4da2df50eb69e0d2dccf023d2baeef711995d88a55a1f/lxml-2.1beta2.tar.gz[0m
2022-12-27T11:28:17.9243700Z [36;1mtar xf *.tar.gz[0m
2022-12-27T11:28:17.9243890Z [36;1mcd *[0m
2022-12-27T11:28:17.9244130Z [36;1mpython -m pip install cibuildwheel==2.11.3[0m
2022-12-27T11:28:17.9244350Z [36;1mpython -m cibuildwheel --output-dir ../wheelsout[0m
2022-12-27T11:28:17.9258280Z shell: /bin/bash -e {0}
2022-12-27T11:28:17.9258440Z env:
2022-12-27T11:28:17.9258650Z   pythonLocation: /Users/runner/hostedtoolcache/Python/3.10.9/x64
2022-12-27T11:28:17.9258950Z   PKG_CONFIG_PATH: /Users/runner/hostedtoolcache/Python/3.10.9/x64/lib/pkgconfig
2022-12-27T11:28:17.9259170Z   Python_ROOT_DIR: /Users/runner/hostedtoolcache/Python/3.10.9/x64
2022-12-27T11:28:17.9259440Z   Python2_ROOT_DIR: /Users/runner/hostedtoolcache/Python/3.10.9/x64
2022-12-27T11:28:17.9259670Z   Python3_ROOT_DIR: /Users/runner/hostedtoolcache/Python/3.10.9/x64
2022-12-27T11:28:17.9259870Z   CIBW_ARCHS_MACOS: arm64
2022-12-27T11:28:17.9260020Z   CIBW_TEST_SKIP: *_arm64
2022-12-27T11:28:17.9260230Z   CIBW_BUILD: cp310-macosx_arm64
2022-12-27T11:28:17.9260410Z   CIBW_BUILD_FRONTEND: pip
2022-12-27T11:28:17.9260560Z   CIBW_BUILD_VERBOSITY: 3
2022-12-27T11:28:17.9260860Z   CIBW_ENVIRONMENT_MACOS:  CFLAGS="-I/usr/local/opt/openssl@3/include" LDFLAGS="-L/usr/local/opt/openssl@3/lib" CPPFLAGS="-I/usr/local/opt/openssl@3/include" MAKEFLAGS="-j$(sysctl -n hw.logicalcpu)" PATH=/usr/local/opt/ccache/libexec:$PATH
2022-12-27T11:28:17.9261230Z   CIBW_BEFORE_BUILD: pip install Cython; if [[ -f requirements.txt ]]; then pip install -r requirements.txt; fi
2022-12-27T11:28:17.9261490Z   MAKEFLAGS: -j$(sysctl -n hw.logicalcpu)
2022-12-27T11:28:17.9261640Z ##[endgroup]
2022-12-27T11:28:18.4998180Z Requirement already satisfied: cibuildwheel==2.11.3 in /Users/runner/hostedtoolcache/Python/3.10.9/x64/lib/python3.10/site-packages (2.11.3)
2022-12-27T11:28:18.5257740Z Requirement already satisfied: tomli in /Users/runner/hostedtoolcache/Python/3.10.9/x64/lib/python3.10/site-packages (from cibuildwheel==2.11.3) (2.0.1)
2022-12-27T11:28:18.5261190Z Requirement already satisfied: certifi in /Users/runner/hostedtoolcache/Python/3.10.9/x64/lib/python3.10/site-packages (from cibuildwheel==2.11.3) (2022.12.7)
2022-12-27T11:28:18.5264680Z Requirement already satisfied: filelock in /Users/runner/hostedtoolcache/Python/3.10.9/x64/lib/python3.10/site-packages (from cibuildwheel==2.11.3) (3.8.2)
2022-12-27T11:28:18.5270720Z Requirement already satisfied: packaging>=20.9 in /Users/runner/hostedtoolcache/Python/3.10.9/x64/lib/python3.10/site-packages (from cibuildwheel==2.11.3) (22.0)
2022-12-27T11:28:18.5274220Z Requirement already satisfied: bracex in /Users/runner/hostedtoolcache/Python/3.10.9/x64/lib/python3.10/site-packages (from cibuildwheel==2.11.3) (2.3.post1)
2022-12-27T11:28:18.5282590Z Requirement already satisfied: typing-extensions>=4.1.0 in /Users/runner/hostedtoolcache/Python/3.10.9/x64/lib/python3.10/site-packages (from cibuildwheel==2.11.3) (4.4.0)
2022-12-27T11:28:18.5286040Z Requirement already satisfied: platformdirs in /Users/runner/hostedtoolcache/Python/3.10.9/x64/lib/python3.10/site-packages (from cibuildwheel==2.11.3) (2.6.0)
2022-12-27T11:28:18.5291100Z Requirement already satisfied: bashlex!=0.13 in /Users/runner/hostedtoolcache/Python/3.10.9/x64/lib/python3.10/site-packages (from cibuildwheel==2.11.3) (0.16)
2022-12-27T11:28:18.7143230Z 
2022-12-27T11:28:18.7143580Z      _ _       _ _   _       _           _
2022-12-27T11:28:18.7144610Z  ___|_| |_ _ _|_| |_| |_ _ _| |_ ___ ___| |
2022-12-27T11:28:18.7145230Z |  _| | . | | | | | . | | | |   | -_| -_| |
2022-12-27T11:28:18.7146300Z |___|_|___|___|_|_|___|_____|_|_|___|___|_|
2022-12-27T11:28:18.7146550Z 
2022-12-27T11:28:18.7146720Z cibuildwheel version 2.11.3
2022-12-27T11:28:18.7146980Z 
2022-12-27T11:28:18.7147140Z Build options:
2022-12-27T11:28:18.7147640Z   platform: macos
2022-12-27T11:28:18.7212840Z   architectures: arm64[0m
2022-12-27T11:28:18.7213250Z   build_selector: 
2022-12-27T11:28:18.7213990Z     build_config: cp310-macosx_arm64
2022-12-27T11:28:18.7214380Z     skip_config: 
2022-12-27T11:28:18.7214730Z     requires_python: None
2022-12-27T11:28:18.7215150Z     prerelease_pythons: False[0m
2022-12-27T11:28:18.7215900Z   [38;5;244mcontainer_engine: docker[0m
2022-12-27T11:28:18.7216730Z   output_dir: /Users/runner/actions-runner/_work/python.build/python.build/build_lxml21beta2310/wheelsout[0m
2022-12-27T11:28:18.7217570Z   package_dir: /Users/runner/actions-runner/_work/python.build/python.build/build_lxml21beta2310/lxml-2.1beta2[0m
2022-12-27T11:28:18.7218290Z   test_selector: 
2022-12-27T11:28:18.7218830Z     skip_config: *_arm64[0m
2022-12-27T11:28:18.7219310Z   [38;5;244mbefore_all: [0m
2022-12-27T11:28:18.7219910Z   before_build: pip install Cython; if [[ -f requirements.txt ]]; then pip install -r requirements.txt; fi[0m
2022-12-27T11:28:18.7220710Z   [38;5;244mbefore_test: [0m
2022-12-27T11:28:18.7221180Z   [38;5;244mbuild_frontend: pip[0m
2022-12-27T11:28:18.7221630Z   build_verbosity: 3[0m
2022-12-27T11:28:18.7222020Z   [38;5;244mconfig_settings: [0m
2022-12-27T11:28:18.7222670Z   [38;5;244mdependency_constraints: pinned[0m
2022-12-27T11:28:18.7223020Z   environment: 
2022-12-27T11:28:18.7223390Z     CFLAGS="-I/usr/local/opt/openssl@3/include"
2022-12-27T11:28:18.7223810Z     LDFLAGS="-L/usr/local/opt/openssl@3/lib"
2022-12-27T11:28:18.7224310Z     CPPFLAGS="-I/usr/local/opt/openssl@3/include"
2022-12-27T11:28:18.7224830Z     MAKEFLAGS="-j$(sysctl -n hw.logicalcpu)"
2022-12-27T11:28:18.7225270Z     PATH=/usr/local/opt/ccache/libexec:$PATH[0m
2022-12-27T11:28:18.7225670Z   [38;5;244mmanylinux_images: None[0m
2022-12-27T11:28:18.7226000Z   [38;5;244mmusllinux_images: None[0m
2022-12-27T11:28:18.7226530Z   [38;5;244mrepair_command: delocate-wheel --require-archs {delocate_archs} -w {dest_dir} -v {wheel}[0m
2022-12-27T11:28:18.7227460Z   [38;5;244mtest_command: [0m
2022-12-27T11:28:18.7227830Z   [38;5;244mtest_extras: [0m
2022-12-27T11:28:18.7228150Z   [38;5;244mtest_requires: [0m
2022-12-27T11:28:18.7228320Z 
2022-12-27T11:28:18.7228490Z Cache folder: /Users/runner/Library/Caches/cibuildwheel
2022-12-27T11:28:18.7232450Z 
2022-12-27T11:28:18.7232690Z Here we go!
2022-12-27T11:28:18.7233050Z 
2022-12-27T11:28:18.7290640Z 
2022-12-27T11:28:18.7291180Z [1m[34mBuilding cp310-macosx_arm64 wheel[0m
2022-12-27T11:28:18.7291740Z CPython 3.10 macOS arm64 - Apple Silicon
2022-12-27T11:28:18.7291970Z 
2022-12-27T11:28:18.7294420Z ##[group]Installing Python cp310...
2022-12-27T11:28:18.7294670Z 
2022-12-27T11:28:18.7294870Z + pkgutil --pkgs
2022-12-27T11:28:18.7392700Z ##[endgroup]
2022-12-27T11:28:18.7393580Z                                                               [32mâœ“ [0m0.01s
2022-12-27T11:28:18.7393990Z ##[group]Setting up build environment...
2022-12-27T11:28:18.7394250Z 
2022-12-27T11:28:18.7413980Z + /Users/runner/hostedtoolcache/Python/3.10.9/x64/bin/python -sS /Users/runner/Library/Caches/cibuildwheel/virtualenv-20.17.0.pyz --activators= --no-periodic-update --pip=22.3.1 --setuptools=65.6.3 --wheel=0.38.4 --symlink-app-data --python /Library/Frameworks/Python.framework/Versions/3.10/bin/python3 /private/var/folders/51/hd414ycd67n82196sw51xqtc0000gn/T/cibw-run-ayazgd2c/cp310-macosx_arm64/build/venv
2022-12-27T11:28:18.9371340Z created virtual environment CPython3.10.8.final.0-64 in 50ms
2022-12-27T11:28:18.9372130Z   creator CPython3Posix(dest=/private/var/folders/51/hd414ycd67n82196sw51xqtc0000gn/T/cibw-run-ayazgd2c/cp310-macosx_arm64/build/venv, clear=False, no_vcs_ignore=False, global=False)
2022-12-27T11:28:18.9373030Z   seeder FromAppData(download=False, pip=22.3.1, setuptools=65.6.3, wheel=0.38.4, via=symlink, app_data_dir=/Users/runner/Library/Application Support/virtualenv)
2022-12-27T11:28:18.9373400Z     added seed packages: pip==22.3.1, setuptools==65.6.3, wheel==0.38.4
2022-12-27T11:28:18.9510740Z + python -m pip install --upgrade pip -c /Users/runner/hostedtoolcache/Python/3.10.9/x64/lib/python3.10/site-packages/cibuildwheel/resources/constraints-python310.txt
2022-12-27T11:28:19.2561810Z Requirement already satisfied: pip in ./lib/python3.10/site-packages (22.3.1)
2022-12-27T11:28:19.3911980Z + which pip
2022-12-27T11:28:19.3929780Z /private/var/folders/51/hd414ycd67n82196sw51xqtc0000gn/T/cibw-run-ayazgd2c/cp310-macosx_arm64/build/venv/bin/pip
2022-12-27T11:28:19.3931950Z + pip --version
2022-12-27T11:28:19.5983290Z pip 22.3.1 from /private/var/folders/51/hd414ycd67n82196sw51xqtc0000gn/T/cibw-run-ayazgd2c/cp310-macosx_arm64/build/venv/lib/python3.10/site-packages/pip (python 3.10)
2022-12-27T11:28:19.6194420Z + which pip
2022-12-27T11:28:19.6220550Z + which python
2022-12-27T11:28:19.6238540Z /private/var/folders/51/hd414ycd67n82196sw51xqtc0000gn/T/cibw-run-ayazgd2c/cp310-macosx_arm64/build/venv/bin/python
2022-12-27T11:28:19.6241000Z + python --version
2022-12-27T11:28:19.6289460Z Python 3.10.8
2022-12-27T11:28:19.6292680Z + which python
2022-12-27T11:28:19.6348190Z ##[endgroup]
2022-12-27T11:28:19.6348950Z                                                               [32mâœ“ [0m0.90s
2022-12-27T11:28:19.6349790Z ##[group]Installing build tools...
2022-12-27T11:28:19.6350050Z 
2022-12-27T11:28:19.6350800Z + pip install --upgrade setuptools wheel delocate -c /Users/runner/hostedtoolcache/Python/3.10.9/x64/lib/python3.10/site-packages/cibuildwheel/resources/constraints-python310.txt
2022-12-27T11:28:19.9077070Z Requirement already satisfied: setuptools in /private/var/folders/51/hd414ycd67n82196sw51xqtc0000gn/T/cibw-run-ayazgd2c/cp310-macosx_arm64/build/venv/lib/python3.10/site-packages (65.6.3)
2022-12-27T11:28:20.1019230Z Requirement already satisfied: wheel in /private/var/folders/51/hd414ycd67n82196sw51xqtc0000gn/T/cibw-run-ayazgd2c/cp310-macosx_arm64/build/venv/lib/python3.10/site-packages (0.38.4)
2022-12-27T11:28:20.1440260Z Collecting delocate
2022-12-27T11:28:20.1461320Z   Using cached delocate-0.10.3-py3-none-any.whl (142 kB)
2022-12-27T11:28:20.1665850Z Collecting typing-extensions
2022-12-27T11:28:20.1683370Z   Using cached typing_extensions-4.4.0-py3-none-any.whl (26 kB)
2022-12-27T11:28:20.1914830Z Collecting packaging>=20.9
2022-12-27T11:28:20.1932510Z   Using cached packaging-21.3-py3-none-any.whl (40 kB)
2022-12-27T11:28:20.2269380Z Collecting pyparsing!=3.0.5,>=2.0.2
2022-12-27T11:28:20.2286670Z   Using cached pyparsing-3.0.9-py3-none-any.whl (98 kB)
2022-12-27T11:28:20.2625930Z Installing collected packages: typing-extensions, pyparsing, packaging, delocate
2022-12-27T11:28:20.3881670Z Successfully installed delocate-0.10.3 packaging-21.3 pyparsing-3.0.9 typing-extensions-4.4.0
2022-12-27T11:28:20.4298700Z ##[endgroup]
2022-12-27T11:28:20.4299340Z                                                               [32mâœ“ [0m0.80s
2022-12-27T11:28:20.4299810Z ##[group]Running before_build...
2022-12-27T11:28:20.4299910Z 
2022-12-27T11:28:20.4309060Z + pip install Cython; if [[ -f requirements.txt ]]; then pip install -r requirements.txt; fi
2022-12-27T11:28:21.0311160Z Collecting Cython
2022-12-27T11:28:21.0353450Z   Using cached Cython-0.29.32-py2.py3-none-any.whl (986 kB)
2022-12-27T11:28:21.0744060Z Installing collected packages: Cython
2022-12-27T11:28:21.4942830Z Successfully installed Cython-0.29.32
2022-12-27T11:28:21.5364930Z ##[endgroup]
2022-12-27T11:28:21.5365700Z                                                               [32mâœ“ [0m1.11s
2022-12-27T11:28:21.5366400Z ##[group]Building wheel...
2022-12-27T11:28:21.5366550Z 
2022-12-27T11:28:21.5371200Z + python -m pip wheel /Users/runner/actions-runner/_work/python.build/python.build/build_lxml21beta2310/lxml-2.1beta2 --wheel-dir=/private/var/folders/51/hd414ycd67n82196sw51xqtc0000gn/T/cibw-run-ayazgd2c/cp310-macosx_arm64/built_wheel --no-deps -vvv
2022-12-27T11:28:21.7949190Z Created temporary directory: /private/var/folders/51/hd414ycd67n82196sw51xqtc0000gn/T/pip-ephem-wheel-cache-ftrqxw1m
2022-12-27T11:28:21.7953910Z Created temporary directory: /private/var/folders/51/hd414ycd67n82196sw51xqtc0000gn/T/pip-build-tracker-rnnwzx_t
2022-12-27T11:28:21.7955780Z Initialized build tracking at /private/var/folders/51/hd414ycd67n82196sw51xqtc0000gn/T/pip-build-tracker-rnnwzx_t
2022-12-27T11:28:21.7957090Z Created build tracker: /private/var/folders/51/hd414ycd67n82196sw51xqtc0000gn/T/pip-build-tracker-rnnwzx_t
2022-12-27T11:28:21.7958540Z Entered build tracker: /private/var/folders/51/hd414ycd67n82196sw51xqtc0000gn/T/pip-build-tracker-rnnwzx_t
2022-12-27T11:28:21.7961930Z Created temporary directory: /private/var/folders/51/hd414ycd67n82196sw51xqtc0000gn/T/pip-wheel-_c0u9w8d
2022-12-27T11:28:21.7967870Z Created temporary directory: /private/var/folders/51/hd414ycd67n82196sw51xqtc0000gn/T/pip-ephem-wheel-cache-wih2zd5i
2022-12-27T11:28:21.8108210Z Processing /Users/runner/actions-runner/_work/python.build/python.build/build_lxml21beta2310/lxml-2.1beta2
2022-12-27T11:28:21.8113210Z   Added file:///Users/runner/actions-runner/_work/python.build/python.build/build_lxml21beta2310/lxml-2.1beta2 to build tracker '/private/var/folders/51/hd414ycd67n82196sw51xqtc0000gn/T/pip-build-tracker-rnnwzx_t'
2022-12-27T11:28:21.8117030Z   Running setup.py (path:/Users/runner/actions-runner/_work/python.build/python.build/build_lxml21beta2310/lxml-2.1beta2/setup.py) egg_info for package from file:///Users/runner/actions-runner/_work/python.build/python.build/build_lxml21beta2310/lxml-2.1beta2
2022-12-27T11:28:21.8120240Z   Created temporary directory: /private/var/folders/51/hd414ycd67n82196sw51xqtc0000gn/T/pip-pip-egg-info-lnf2p9_7
2022-12-27T11:28:21.8121830Z   Preparing metadata (setup.py): started
2022-12-27T11:28:21.8123580Z   Running command python setup.py egg_info
2022-12-27T11:28:22.0948520Z   Traceback (most recent call last):
2022-12-27T11:28:22.0958790Z     File "<string>", line 2, in <module>
2022-12-27T11:28:22.0959610Z     File "<pip-setuptools-caller>", line 34, in <module>
2022-12-27T11:28:22.0960800Z     File "/Users/runner/actions-runner/_work/python.build/python.build/build_lxml21beta2310/lxml-2.1beta2/setup.py", line 105, in <module>
2022-12-27T11:28:22.0961380Z       ext_modules = setupinfo.ext_modules(
2022-12-27T11:28:22.0962110Z     File "/Users/runner/actions-runner/_work/python.build/python.build/build_lxml21beta2310/lxml-2.1beta2/setupinfo.py", line 44, in ext_modules
2022-12-27T11:28:22.0962630Z       _include_dirs = include_dirs(static_include_dirs)
2022-12-27T11:28:22.0963770Z     File "/Users/runner/actions-runner/_work/python.build/python.build/build_lxml21beta2310/lxml-2.1beta2/setupinfo.py", line 150, in include_dirs
2022-12-27T11:28:22.0965430Z       if possible_include_dir.startswith('-I'):
2022-12-27T11:28:22.0967200Z   TypeError: startswith first arg must be bytes or a tuple of bytes, not str
2022-12-27T11:28:22.0968890Z   Building lxml version 2.1.beta2.
2022-12-27T11:28:22.0970630Z   Building with Cython 0.29.32.
2022-12-27T11:28:22.0972690Z   Using build configuration of libxslt b'1.1.29'
2022-12-27T11:28:22.1237350Z   error: subprocess-exited-with-error
2022-12-27T11:28:22.1237790Z   
2022-12-27T11:28:22.1238290Z   Ã— python setup.py egg_info did not run successfully.
2022-12-27T11:28:22.1238760Z   â”‚ exit code: 1
2022-12-27T11:28:22.1239090Z   â•°â”€> See above for output.
2022-12-27T11:28:22.1239330Z   
2022-12-27T11:28:22.1239610Z   note: This error originates from a subprocess, and is likely not a problem with pip.
2022-12-27T11:28:22.1246710Z   full command: /private/var/folders/51/hd414ycd67n82196sw51xqtc0000gn/T/cibw-run-ayazgd2c/cp310-macosx_arm64/build/venv/bin/python -c '
2022-12-27T11:28:22.1247420Z   exec(compile('"'"''"'"''"'"'
2022-12-27T11:28:22.1248000Z   # This is <pip-setuptools-caller> -- a caller that pip uses to run setup.py
2022-12-27T11:28:22.1248310Z   #
2022-12-27T11:28:22.1249050Z   # - It imports setuptools before invoking setup.py, to enable projects that directly
2022-12-27T11:28:22.1249340Z   #   import from `distutils.core` to work with newer packaging standards.
2022-12-27T11:28:22.1249690Z   # - It provides a clear error message when setuptools is not installed.
2022-12-27T11:28:22.1250070Z   # - It sets `sys.argv[0]` to the underlying `setup.py`, when invoking `setup.py` so
2022-12-27T11:28:22.1250400Z   #   setuptools doesn'"'"'t think the script is `-c`. This avoids the following warning:
2022-12-27T11:28:22.1250690Z   #     manifest_maker: standard file '"'"'-c'"'"' not found".
2022-12-27T11:28:22.1250980Z   # - It generates a shim setup.py, for handling setup.cfg-only projects.
2022-12-27T11:28:22.1251250Z   import os, sys, tokenize
2022-12-27T11:28:22.1251390Z   
2022-12-27T11:28:22.1251540Z   try:
2022-12-27T11:28:22.1251710Z       import setuptools
2022-12-27T11:28:22.1251870Z   except ImportError as error:
2022-12-27T11:28:22.1252100Z       print(
2022-12-27T11:28:22.1252320Z           "ERROR: Can not execute `setup.py` since setuptools is not available in "
2022-12-27T11:28:22.1252520Z           "the build environment.",
2022-12-27T11:28:22.1252710Z           file=sys.stderr,
2022-12-27T11:28:22.1252880Z       )
2022-12-27T11:28:22.1253050Z       sys.exit(1)
2022-12-27T11:28:22.1253220Z   
2022-12-27T11:28:22.1253380Z   __file__ = %r
2022-12-27T11:28:22.1253520Z   sys.argv[0] = __file__
2022-12-27T11:28:22.1253690Z   
2022-12-27T11:28:22.1253900Z   if os.path.exists(__file__):
2022-12-27T11:28:22.1254050Z       filename = __file__
2022-12-27T11:28:22.1254240Z       with tokenize.open(__file__) as f:
2022-12-27T11:28:22.1254440Z           setup_py_code = f.read()
2022-12-27T11:28:22.1254650Z   else:
2022-12-27T11:28:22.1254870Z       filename = "<auto-generated setuptools caller>"
2022-12-27T11:28:22.1255100Z       setup_py_code = "from setuptools import setup; setup()"
2022-12-27T11:28:22.1255290Z   
2022-12-27T11:28:22.1255440Z   exec(compile(setup_py_code, filename, "exec"))
2022-12-27T11:28:22.1256000Z   '"'"''"'"''"'"' % ('"'"'/Users/runner/actions-runner/_work/python.build/python.build/build_lxml21beta2310/lxml-2.1beta2/setup.py'"'"',), "<pip-setuptools-caller>", "exec"))' egg_info --egg-base /private/var/folders/51/hd414ycd67n82196sw51xqtc0000gn/T/pip-pip-egg-info-lnf2p9_7
2022-12-27T11:28:22.1256730Z   cwd: /Users/runner/actions-runner/_work/python.build/python.build/build_lxml21beta2310/lxml-2.1beta2/
2022-12-27T11:28:22.1257070Z   Preparing metadata (setup.py): finished with status 'error'
2022-12-27T11:28:22.1264150Z error: metadata-generation-failed
2022-12-27T11:28:22.1264370Z 
2022-12-27T11:28:22.1264680Z Ã— Encountered error while generating package metadata.
2022-12-27T11:28:22.1265110Z â•°â”€> See above for output.
2022-12-27T11:28:22.1265230Z 
2022-12-27T11:28:22.1265350Z note: This is an issue with the package mentioned above, not pip.
2022-12-27T11:28:22.1265540Z hint: See above for details.
2022-12-27T11:28:22.1289180Z Exception information:
2022-12-27T11:28:22.1289610Z Traceback (most recent call last):
2022-12-27T11:28:22.1290830Z   File "/private/var/folders/51/hd414ycd67n82196sw51xqtc0000gn/T/cibw-run-ayazgd2c/cp310-macosx_arm64/build/venv/lib/python3.10/site-packages/pip/_internal/operations/build/metadata_legacy.py", line 64, in generate_metadata
2022-12-27T11:28:22.1291440Z     call_subprocess(
2022-12-27T11:28:22.1292110Z   File "/private/var/folders/51/hd414ycd67n82196sw51xqtc0000gn/T/cibw-run-ayazgd2c/cp310-macosx_arm64/build/venv/lib/python3.10/site-packages/pip/_internal/utils/subprocess.py", line 224, in call_subprocess
2022-12-27T11:28:22.1292490Z     raise error
2022-12-27T11:28:22.1292770Z pip._internal.exceptions.InstallationSubprocessError: python setup.py egg_info exited with 1
2022-12-27T11:28:22.1292990Z 
2022-12-27T11:28:22.1293140Z The above exception was the direct cause of the following exception:
2022-12-27T11:28:22.1293310Z 
2022-12-27T11:28:22.1293430Z Traceback (most recent call last):
2022-12-27T11:28:22.1294380Z   File "/private/var/folders/51/hd414ycd67n82196sw51xqtc0000gn/T/cibw-run-ayazgd2c/cp310-macosx_arm64/build/venv/lib/python3.10/site-packages/pip/_internal/cli/base_command.py", line 160, in exc_logging_wrapper
2022-12-27T11:28:22.1294770Z     status = run_func(*args)
2022-12-27T11:28:22.1295340Z   File "/private/var/folders/51/hd414ycd67n82196sw51xqtc0000gn/T/cibw-run-ayazgd2c/cp310-macosx_arm64/build/venv/lib/python3.10/site-packages/pip/_internal/cli/req_command.py", line 247, in wrapper
2022-12-27T11:28:22.1295710Z     return func(self, options, args)
2022-12-27T11:28:22.1296360Z   File "/private/var/folders/51/hd414ycd67n82196sw51xqtc0000gn/T/cibw-run-ayazgd2c/cp310-macosx_arm64/build/venv/lib/python3.10/site-packages/pip/_internal/commands/wheel.py", line 170, in run
2022-12-27T11:28:22.1296770Z     requirement_set = resolver.resolve(reqs, check_supported_wheels=True)
2022-12-27T11:28:22.1297320Z   File "/private/var/folders/51/hd414ycd67n82196sw51xqtc0000gn/T/cibw-run-ayazgd2c/cp310-macosx_arm64/build/venv/lib/python3.10/site-packages/pip/_internal/resolution/resolvelib/resolver.py", line 73, in resolve
2022-12-27T11:28:22.1297700Z     collected = self.factory.collect_root_requirements(root_reqs)
2022-12-27T11:28:22.1298200Z   File "/private/var/folders/51/hd414ycd67n82196sw51xqtc0000gn/T/cibw-run-ayazgd2c/cp310-macosx_arm64/build/venv/lib/python3.10/site-packages/pip/_internal/resolution/resolvelib/factory.py", line 491, in collect_root_requirements
2022-12-27T11:28:22.1298570Z     req = self._make_requirement_from_install_req(
2022-12-27T11:28:22.1299050Z   File "/private/var/folders/51/hd414ycd67n82196sw51xqtc0000gn/T/cibw-run-ayazgd2c/cp310-macosx_arm64/build/venv/lib/python3.10/site-packages/pip/_internal/resolution/resolvelib/factory.py", line 453, in _make_requirement_from_install_req
2022-12-27T11:28:22.1299370Z     cand = self._make_candidate_from_link(
2022-12-27T11:28:22.1299790Z   File "/private/var/folders/51/hd414ycd67n82196sw51xqtc0000gn/T/cibw-run-ayazgd2c/cp310-macosx_arm64/build/venv/lib/python3.10/site-packages/pip/_internal/resolution/resolvelib/factory.py", line 206, in _make_candidate_from_link
2022-12-27T11:28:22.1300150Z     self._link_candidate_cache[link] = LinkCandidate(
2022-12-27T11:28:22.1300850Z   File "/private/var/folders/51/hd414ycd67n82196sw51xqtc0000gn/T/cibw-run-ayazgd2c/cp310-macosx_arm64/build/venv/lib/python3.10/site-packages/pip/_internal/resolution/resolvelib/candidates.py", line 297, in __init__
2022-12-27T11:28:22.1301160Z     super().__init__(
2022-12-27T11:28:22.1301600Z   File "/private/var/folders/51/hd414ycd67n82196sw51xqtc0000gn/T/cibw-run-ayazgd2c/cp310-macosx_arm64/build/venv/lib/python3.10/site-packages/pip/_internal/resolution/resolvelib/candidates.py", line 162, in __init__
2022-12-27T11:28:22.1301920Z     self.dist = self._prepare()
2022-12-27T11:28:22.1302370Z   File "/private/var/folders/51/hd414ycd67n82196sw51xqtc0000gn/T/cibw-run-ayazgd2c/cp310-macosx_arm64/build/venv/lib/python3.10/site-packages/pip/_internal/resolution/resolvelib/candidates.py", line 231, in _prepare
2022-12-27T11:28:22.1303090Z     dist = self._prepare_distribution()
2022-12-27T11:28:22.1303570Z   File "/private/var/folders/51/hd414ycd67n82196sw51xqtc0000gn/T/cibw-run-ayazgd2c/cp310-macosx_arm64/build/venv/lib/python3.10/site-packages/pip/_internal/resolution/resolvelib/candidates.py", line 308, in _prepare_distribution
2022-12-27T11:28:22.1304320Z     return preparer.prepare_linked_requirement(self._ireq, parallel_builds=True)
2022-12-27T11:28:22.1305150Z   File "/private/var/folders/51/hd414ycd67n82196sw51xqtc0000gn/T/cibw-run-ayazgd2c/cp310-macosx_arm64/build/venv/lib/python3.10/site-packages/pip/_internal/operations/prepare.py", line 491, in prepare_linked_requirement
2022-12-27T11:28:22.1305500Z     return self._prepare_linked_requirement(req, parallel_builds)
2022-12-27T11:28:22.1305980Z   File "/private/var/folders/51/hd414ycd67n82196sw51xqtc0000gn/T/cibw-run-ayazgd2c/cp310-macosx_arm64/build/venv/lib/python3.10/site-packages/pip/_internal/operations/prepare.py", line 577, in _prepare_linked_requirement
2022-12-27T11:28:22.1306460Z     dist = _get_prepared_distribution(
2022-12-27T11:28:22.1307050Z   File "/private/var/folders/51/hd414ycd67n82196sw51xqtc0000gn/T/cibw-run-ayazgd2c/cp310-macosx_arm64/build/venv/lib/python3.10/site-packages/pip/_internal/operations/prepare.py", line 69, in _get_prepared_distribution
2022-12-27T11:28:22.1307360Z     abstract_dist.prepare_distribution_metadata(
2022-12-27T11:28:22.1307840Z   File "/private/var/folders/51/hd414ycd67n82196sw51xqtc0000gn/T/cibw-run-ayazgd2c/cp310-macosx_arm64/build/venv/lib/python3.10/site-packages/pip/_internal/distributions/sdist.py", line 61, in prepare_distribution_metadata
2022-12-27T11:28:22.1308160Z     self.req.prepare_metadata()
2022-12-27T11:28:22.1308610Z   File "/private/var/folders/51/hd414ycd67n82196sw51xqtc0000gn/T/cibw-run-ayazgd2c/cp310-macosx_arm64/build/venv/lib/python3.10/site-packages/pip/_internal/req/req_install.py", line 541, in prepare_metadata
2022-12-27T11:28:22.1309020Z     self.metadata_directory = generate_metadata_legacy(
2022-12-27T11:28:22.1309520Z   File "/private/var/folders/51/hd414ycd67n82196sw51xqtc0000gn/T/cibw-run-ayazgd2c/cp310-macosx_arm64/build/venv/lib/python3.10/site-packages/pip/_internal/operations/build/metadata_legacy.py", line 71, in generate_metadata
2022-12-27T11:28:22.1309870Z     raise MetadataGenerationFailed(package_details=details) from error
2022-12-27T11:28:22.1310160Z pip._internal.exceptions.MetadataGenerationFailed: metadata generation failed
2022-12-27T11:28:22.1310740Z Removed file:///Users/runner/actions-runner/_work/python.build/python.build/build_lxml21beta2310/lxml-2.1beta2 from build tracker '/private/var/folders/51/hd414ycd67n82196sw51xqtc0000gn/T/pip-build-tracker-rnnwzx_t'
2022-12-27T11:28:22.1311190Z Removed build tracker: '/private/var/folders/51/hd414ycd67n82196sw51xqtc0000gn/T/pip-build-tracker-rnnwzx_t'
2022-12-27T11:28:22.1697100Z ##[endgroup]
2022-12-27T11:28:22.1722370Z ##[error]Command ['python', '-m', 'pip', 'wheel', '/Users/runner/actions-runner/_work/python.build/python.build/build_lxml21beta2310/lxml-2.1beta2', '--wheel-dir=/private/var/folders/51/hd414ycd67n82196sw51xqtc0000gn/T/cibw-run-ayazgd2c/cp310-macosx_arm64/built_wheel', '--no-deps', '-vvv'] failed with code 1. None
2022-12-27T11:28:22.1729420Z 
2022-12-27T11:28:22.1729790Z                                                               [31mâœ• [0m0.63s
2022-12-27T11:28:22.2171940Z ##[error]Process completed with exit code 1.
2022-12-27T11:28:22.2264230Z ##[group]Run rm -rf build_lxml21beta2310 wheelsout
2022-12-27T11:28:22.2264510Z [36;1mrm -rf build_lxml21beta2310 wheelsout[0m
2022-12-27T11:28:22.2279680Z shell: /bin/bash -e {0}
2022-12-27T11:28:22.2279870Z env:
2022-12-27T11:28:22.2280080Z   pythonLocation: /Users/runner/hostedtoolcache/Python/3.10.9/x64
2022-12-27T11:28:22.2280330Z   PKG_CONFIG_PATH: /Users/runner/hostedtoolcache/Python/3.10.9/x64/lib/pkgconfig
2022-12-27T11:28:22.2280560Z   Python_ROOT_DIR: /Users/runner/hostedtoolcache/Python/3.10.9/x64
2022-12-27T11:28:22.2280780Z   Python2_ROOT_DIR: /Users/runner/hostedtoolcache/Python/3.10.9/x64
2022-12-27T11:28:22.2281000Z   Python3_ROOT_DIR: /Users/runner/hostedtoolcache/Python/3.10.9/x64
2022-12-27T11:28:22.2281190Z ##[endgroup]
2022-12-27T11:28:22.2772790Z Cleaning up orphan processes
