2022-12-27T01:50:56.0177929Z Requested labels: self-hosted, macOS, X64
2022-12-27T01:50:56.0177992Z Job defined at: kilnbuild/python.build/.github/workflows/mac_arm_build.yml@refs/heads/main
2022-12-27T01:50:56.0178018Z Waiting for a runner to pick up this job...
2022-12-27T01:54:09.5019768Z Job is about to start running on the runner: kr1 (organization)
2022-12-27T01:54:14.1263250Z Current runner version: '2.300.2'
2022-12-27T01:54:14.1278990Z Runner name: 'kr1'
2022-12-27T01:54:14.1279890Z Runner group name: 'Default'
2022-12-27T01:54:14.1281590Z Machine name: 'kr1'
2022-12-27T01:54:14.1286590Z ##[group]GITHUB_TOKEN Permissions
2022-12-27T01:54:14.1288260Z Actions: write
2022-12-27T01:54:14.1288740Z Checks: write
2022-12-27T01:54:14.1289390Z Contents: write
2022-12-27T01:54:14.1289850Z Deployments: write
2022-12-27T01:54:14.1290310Z Discussions: write
2022-12-27T01:54:14.1290770Z Issues: write
2022-12-27T01:54:14.1291200Z Metadata: read
2022-12-27T01:54:14.1291720Z Packages: write
2022-12-27T01:54:14.1292260Z Pages: write
2022-12-27T01:54:14.1292810Z PullRequests: write
2022-12-27T01:54:14.1293460Z RepositoryProjects: write
2022-12-27T01:54:14.1294100Z SecurityEvents: write
2022-12-27T01:54:14.1294580Z Statuses: write
2022-12-27T01:54:14.1295000Z ##[endgroup]
2022-12-27T01:54:14.1303900Z Secret source: Actions
2022-12-27T01:54:14.1305020Z Prepare workflow directory
2022-12-27T01:54:14.2828890Z Prepare all required actions
2022-12-27T01:54:14.3634320Z Getting action download info
2022-12-27T01:54:14.7991930Z Download action repository 'actions/setup-python@v4' (SHA:5ccb29d8773c3f3f653e1705f474dfaa8a06a912)
2022-12-27T01:54:17.5563380Z Download action repository 'actions/upload-artifact@v3' (SHA:83fd05a356d7e2593de66fc9913b3002723633cb)
2022-12-27T01:54:18.9756530Z ##[group]Run echo '{
2022-12-27T01:54:18.9757010Z [36;1mecho '{[0m
2022-12-27T01:54:18.9757330Z [36;1m  "environment_variables": "GRPC_PYTHON_BUILD_WITH_CYTHON=1 GRPC_BUILD_WITH_BORING_SSL_ASM='' GRPC_PYTHON_BUILD_SYSTEM_OPENSSL=TRUE",[0m
2022-12-27T01:54:18.9757640Z [36;1m  "package_name": "grpcio",[0m
2022-12-27T01:54:18.9758070Z [36;1m  "package_url": "https://files.pythonhosted.org/packages/6a/9f/7b62076085ff783050a23cfe1b8fabdc355f39c8c9df09efde9ab9997a9e/grpcio-1.3.5.tar.gz",[0m
2022-12-27T01:54:18.9758420Z [36;1m  "package_version": "1.3.5",[0m
2022-12-27T01:54:18.9758620Z [36;1m  "python_version": "3.11",[0m
2022-12-27T01:54:18.9759000Z [36;1m  "use_ccache": "true"[0m
2022-12-27T01:54:18.9759190Z [36;1m}'[0m
2022-12-27T01:54:18.9786930Z shell: /bin/bash -e {0}
2022-12-27T01:54:18.9787190Z ##[endgroup]
2022-12-27T01:54:19.0194720Z {
2022-12-27T01:54:19.0197890Z   "environment_variables": "GRPC_PYTHON_BUILD_WITH_CYTHON=1 GRPC_BUILD_WITH_BORING_SSL_ASM= GRPC_PYTHON_BUILD_SYSTEM_OPENSSL=TRUE",
2022-12-27T01:54:19.0198340Z   "package_name": "grpcio",
2022-12-27T01:54:19.0199610Z   "package_url": "https://files.pythonhosted.org/packages/6a/9f/7b62076085ff783050a23cfe1b8fabdc355f39c8c9df09efde9ab9997a9e/grpcio-1.3.5.tar.gz",
2022-12-27T01:54:19.0200130Z   "package_version": "1.3.5",
2022-12-27T01:54:19.0200480Z   "python_version": "3.11",
2022-12-27T01:54:19.0200840Z   "use_ccache": "true"
2022-12-27T01:54:19.0201150Z }
2022-12-27T01:54:19.0557810Z ##[group]Run actions/setup-python@v4
2022-12-27T01:54:19.0558440Z with:
2022-12-27T01:54:19.0559280Z   python-version: 3.11
2022-12-27T01:54:19.0559580Z   check-latest: false
2022-12-27T01:54:19.0560280Z   token: ***
2022-12-27T01:54:19.0560700Z   update-environment: true
2022-12-27T01:54:19.0560990Z ##[endgroup]
2022-12-27T01:54:19.2964320Z ##[group]Installed versions
2022-12-27T01:54:19.3902500Z Successfully set up CPython (3.11.1)
2022-12-27T01:54:19.3903950Z ##[endgroup]
2022-12-27T01:54:19.4170610Z ##[group]Run if [ "true" == "true" ]
2022-12-27T01:54:19.4171180Z [36;1mif [ "true" == "true" ][0m
2022-12-27T01:54:19.4171610Z [36;1mthen[0m
2022-12-27T01:54:19.4172200Z [36;1m  echo "CCACHE_PATH_PREPEND=/usr/local/opt/ccache/libexec" >> $GITHUB_OUTPUT[0m
2022-12-27T01:54:19.4172570Z [36;1melse[0m
2022-12-27T01:54:19.4173010Z [36;1m  echo "CCACHE_PATH_PREPEND=" >> $GITHUB_OUTPUT[0m
2022-12-27T01:54:19.4173450Z [36;1mfi[0m
2022-12-27T01:54:19.4212180Z shell: /bin/bash -e {0}
2022-12-27T01:54:19.4212660Z env:
2022-12-27T01:54:19.4213290Z   pythonLocation: /Users/runner/hostedtoolcache/Python/3.11.1/x64
2022-12-27T01:54:19.4213870Z   PKG_CONFIG_PATH: /Users/runner/hostedtoolcache/Python/3.11.1/x64/lib/pkgconfig
2022-12-27T01:54:19.4215110Z   Python_ROOT_DIR: /Users/runner/hostedtoolcache/Python/3.11.1/x64
2022-12-27T01:54:19.4215780Z   Python2_ROOT_DIR: /Users/runner/hostedtoolcache/Python/3.11.1/x64
2022-12-27T01:54:19.4216460Z   Python3_ROOT_DIR: /Users/runner/hostedtoolcache/Python/3.11.1/x64
2022-12-27T01:54:19.4216840Z ##[endgroup]
2022-12-27T01:54:19.4529130Z ##[group]Run echo "BUILD_NAME=$(echo grpcio_1.3.5_3.11 | tr -dc '[:alnum:]\n\r' | tr '[:upper:]' '[:lower:]')" >> $GITHUB_OUTPUT
2022-12-27T01:54:19.4529970Z [36;1mecho "BUILD_NAME=$(echo grpcio_1.3.5_3.11 | tr -dc '[:alnum:]\n\r' | tr '[:upper:]' '[:lower:]')" >> $GITHUB_OUTPUT[0m
2022-12-27T01:54:19.4560220Z shell: /bin/bash -e {0}
2022-12-27T01:54:19.4560490Z env:
2022-12-27T01:54:19.4560860Z   pythonLocation: /Users/runner/hostedtoolcache/Python/3.11.1/x64
2022-12-27T01:54:19.4561310Z   PKG_CONFIG_PATH: /Users/runner/hostedtoolcache/Python/3.11.1/x64/lib/pkgconfig
2022-12-27T01:54:19.4561960Z   Python_ROOT_DIR: /Users/runner/hostedtoolcache/Python/3.11.1/x64
2022-12-27T01:54:19.4562440Z   Python2_ROOT_DIR: /Users/runner/hostedtoolcache/Python/3.11.1/x64
2022-12-27T01:54:19.4562820Z   Python3_ROOT_DIR: /Users/runner/hostedtoolcache/Python/3.11.1/x64
2022-12-27T01:54:19.4563180Z ##[endgroup]
2022-12-27T01:54:19.4801120Z ##[group]Run echo "PYTHON_NO_DOTS=$(echo 3.11 | tr -dc '[:alnum:]\n\r' | tr '[:upper:]' '[:lower:]')" >> $GITHUB_OUTPUT
2022-12-27T01:54:19.4801810Z [36;1mecho "PYTHON_NO_DOTS=$(echo 3.11 | tr -dc '[:alnum:]\n\r' | tr '[:upper:]' '[:lower:]')" >> $GITHUB_OUTPUT[0m
2022-12-27T01:54:19.4831440Z shell: /bin/bash -e {0}
2022-12-27T01:54:19.4831850Z env:
2022-12-27T01:54:19.4832230Z   pythonLocation: /Users/runner/hostedtoolcache/Python/3.11.1/x64
2022-12-27T01:54:19.4832630Z   PKG_CONFIG_PATH: /Users/runner/hostedtoolcache/Python/3.11.1/x64/lib/pkgconfig
2022-12-27T01:54:19.4833170Z   Python_ROOT_DIR: /Users/runner/hostedtoolcache/Python/3.11.1/x64
2022-12-27T01:54:19.4833670Z   Python2_ROOT_DIR: /Users/runner/hostedtoolcache/Python/3.11.1/x64
2022-12-27T01:54:19.4834080Z   Python3_ROOT_DIR: /Users/runner/hostedtoolcache/Python/3.11.1/x64
2022-12-27T01:54:19.4834440Z ##[endgroup]
2022-12-27T01:54:19.5090490Z ##[group]Run rm -rf build_grpcio135311
2022-12-27T01:54:19.5091010Z [36;1mrm -rf build_grpcio135311[0m
2022-12-27T01:54:19.5091300Z [36;1mmkdir build_grpcio135311[0m
2022-12-27T01:54:19.5091620Z [36;1mcd build_grpcio135311[0m
2022-12-27T01:54:19.5092230Z [36;1m/usr/local/bin/wget --quiet https://files.pythonhosted.org/packages/6a/9f/7b62076085ff783050a23cfe1b8fabdc355f39c8c9df09efde9ab9997a9e/grpcio-1.3.5.tar.gz[0m
2022-12-27T01:54:19.5092660Z [36;1mtar xf *.tar.gz[0m
2022-12-27T01:54:19.5092990Z [36;1mcd grpcio-*/[0m
2022-12-27T01:54:19.5093400Z [36;1mpython -m pip install cibuildwheel==2.11.3[0m
2022-12-27T01:54:19.5093820Z [36;1mpython -m cibuildwheel --output-dir ../wheelsout[0m
2022-12-27T01:54:19.5123340Z shell: /bin/bash -e {0}
2022-12-27T01:54:19.5123650Z env:
2022-12-27T01:54:19.5124170Z   pythonLocation: /Users/runner/hostedtoolcache/Python/3.11.1/x64
2022-12-27T01:54:19.5124780Z   PKG_CONFIG_PATH: /Users/runner/hostedtoolcache/Python/3.11.1/x64/lib/pkgconfig
2022-12-27T01:54:19.5125230Z   Python_ROOT_DIR: /Users/runner/hostedtoolcache/Python/3.11.1/x64
2022-12-27T01:54:19.5125590Z   Python2_ROOT_DIR: /Users/runner/hostedtoolcache/Python/3.11.1/x64
2022-12-27T01:54:19.5126010Z   Python3_ROOT_DIR: /Users/runner/hostedtoolcache/Python/3.11.1/x64
2022-12-27T01:54:19.5126460Z   CIBW_ARCHS_MACOS: arm64
2022-12-27T01:54:19.5126760Z   CIBW_TEST_SKIP: *_arm64
2022-12-27T01:54:19.5127110Z   CIBW_BUILD: cp311-macosx_arm64
2022-12-27T01:54:19.5127470Z   CIBW_BUILD_FRONTEND: pip
2022-12-27T01:54:19.5127760Z   CIBW_BUILD_VERBOSITY: 3
2022-12-27T01:54:19.5128490Z   CIBW_ENVIRONMENT_MACOS: GRPC_PYTHON_BUILD_WITH_CYTHON=1 GRPC_BUILD_WITH_BORING_SSL_ASM='' GRPC_PYTHON_BUILD_SYSTEM_OPENSSL=TRUE CFLAGS="-I/usr/local/opt/openssl@3/include" LDFLAGS="-L/usr/local/opt/openssl@3/lib" CPPFLAGS="-I/usr/local/opt/openssl@3/include" MAKEFLAGS="-j$(sysctl -n hw.logicalcpu)" PATH=/usr/local/opt/ccache/libexec:$PATH
2022-12-27T01:54:19.5129550Z   CIBW_BEFORE_BUILD: pip install Cython; if [[ -f requirements.txt ]]; then pip install -r requirements.txt; fi
2022-12-27T01:54:19.5130910Z   MAKEFLAGS: -j$(sysctl -n hw.logicalcpu)
2022-12-27T01:54:19.5131240Z ##[endgroup]
2022-12-27T01:54:21.4835200Z Requirement already satisfied: cibuildwheel==2.11.3 in /Library/Frameworks/Python.framework/Versions/3.11/lib/python3.11/site-packages (2.11.3)
2022-12-27T01:54:21.5394040Z Requirement already satisfied: bashlex!=0.13 in /Library/Frameworks/Python.framework/Versions/3.11/lib/python3.11/site-packages (from cibuildwheel==2.11.3) (0.16)
2022-12-27T01:54:21.5406240Z Requirement already satisfied: bracex in /Library/Frameworks/Python.framework/Versions/3.11/lib/python3.11/site-packages (from cibuildwheel==2.11.3) (2.3.post1)
2022-12-27T01:54:21.5414120Z Requirement already satisfied: certifi in /Library/Frameworks/Python.framework/Versions/3.11/lib/python3.11/site-packages (from cibuildwheel==2.11.3) (2022.12.7)
2022-12-27T01:54:21.5426840Z Requirement already satisfied: filelock in /Library/Frameworks/Python.framework/Versions/3.11/lib/python3.11/site-packages (from cibuildwheel==2.11.3) (3.8.2)
2022-12-27T01:54:21.5441410Z Requirement already satisfied: packaging>=20.9 in /Library/Frameworks/Python.framework/Versions/3.11/lib/python3.11/site-packages (from cibuildwheel==2.11.3) (22.0)
2022-12-27T01:54:21.5452180Z Requirement already satisfied: platformdirs in /Library/Frameworks/Python.framework/Versions/3.11/lib/python3.11/site-packages (from cibuildwheel==2.11.3) (2.6.0)
2022-12-27T01:54:21.9441590Z 
2022-12-27T01:54:21.9442690Z      _ _       _ _   _       _           _
2022-12-27T01:54:21.9443290Z  ___|_| |_ _ _|_| |_| |_ _ _| |_ ___ ___| |
2022-12-27T01:54:21.9444590Z |  _| | . | | | | | . | | | |   | -_| -_| |
2022-12-27T01:54:21.9446400Z |___|_|___|___|_|_|___|_____|_|_|___|___|_|
2022-12-27T01:54:21.9447030Z 
2022-12-27T01:54:21.9447380Z cibuildwheel version 2.11.3
2022-12-27T01:54:21.9447730Z 
2022-12-27T01:54:21.9448030Z Build options:
2022-12-27T01:54:21.9448420Z   platform: macos
2022-12-27T01:54:21.9645290Z   architectures: arm64[0m
2022-12-27T01:54:21.9646470Z   build_selector: 
2022-12-27T01:54:21.9647570Z     build_config: cp311-macosx_arm64
2022-12-27T01:54:21.9648320Z     skip_config: 
2022-12-27T01:54:21.9648860Z     requires_python: None
2022-12-27T01:54:21.9651880Z     prerelease_pythons: False[0m
2022-12-27T01:54:21.9652770Z   [38;5;244mcontainer_engine: docker[0m
2022-12-27T01:54:21.9654040Z   output_dir: /Users/runner/actions-runner/_work/python.build/python.build/build_grpcio135311/wheelsout[0m
2022-12-27T01:54:21.9655520Z   package_dir: /Users/runner/actions-runner/_work/python.build/python.build/build_grpcio135311/grpcio-1.3.5[0m
2022-12-27T01:54:21.9656520Z   test_selector: 
2022-12-27T01:54:21.9657730Z     skip_config: *_arm64[0m
2022-12-27T01:54:21.9658200Z   [38;5;244mbefore_all: [0m
2022-12-27T01:54:21.9658920Z   before_build: pip install Cython; if [[ -f requirements.txt ]]; then pip install -r requirements.txt; fi[0m
2022-12-27T01:54:21.9659670Z   [38;5;244mbefore_test: [0m
2022-12-27T01:54:21.9660300Z   [38;5;244mbuild_frontend: pip[0m
2022-12-27T01:54:21.9660630Z   build_verbosity: 3[0m
2022-12-27T01:54:21.9661030Z   [38;5;244mconfig_settings: [0m
2022-12-27T01:54:21.9661470Z   [38;5;244mdependency_constraints: pinned[0m
2022-12-27T01:54:21.9661740Z   environment: 
2022-12-27T01:54:21.9662210Z     GRPC_PYTHON_BUILD_WITH_CYTHON=1
2022-12-27T01:54:21.9662610Z     GRPC_BUILD_WITH_BORING_SSL_ASM=''
2022-12-27T01:54:21.9662930Z     GRPC_PYTHON_BUILD_SYSTEM_OPENSSL=TRUE
2022-12-27T01:54:21.9663380Z     CFLAGS="-I/usr/local/opt/openssl@3/include"
2022-12-27T01:54:21.9663830Z     LDFLAGS="-L/usr/local/opt/openssl@3/lib"
2022-12-27T01:54:21.9664370Z     CPPFLAGS="-I/usr/local/opt/openssl@3/include"
2022-12-27T01:54:21.9664830Z     MAKEFLAGS="-j$(sysctl -n hw.logicalcpu)"
2022-12-27T01:54:21.9665750Z     PATH=/usr/local/opt/ccache/libexec:$PATH[0m
2022-12-27T01:54:21.9666120Z   [38;5;244mmanylinux_images: None[0m
2022-12-27T01:54:21.9666540Z   [38;5;244mmusllinux_images: None[0m
2022-12-27T01:54:21.9667290Z   [38;5;244mrepair_command: delocate-wheel --require-archs {delocate_archs} -w {dest_dir} -v {wheel}[0m
2022-12-27T01:54:21.9667770Z   [38;5;244mtest_command: [0m
2022-12-27T01:54:21.9668090Z   [38;5;244mtest_extras: [0m
2022-12-27T01:54:21.9668480Z   [38;5;244mtest_requires: [0m
2022-12-27T01:54:21.9668670Z 
2022-12-27T01:54:21.9669050Z Cache folder: /Users/runner/Library/Caches/cibuildwheel
2022-12-27T01:54:21.9669290Z 
2022-12-27T01:54:21.9669360Z Here we go!
2022-12-27T01:54:21.9669860Z 
2022-12-27T01:54:21.9743690Z 
2022-12-27T01:54:21.9745750Z [1m[34mBuilding cp311-macosx_arm64 wheel[0m
2022-12-27T01:54:21.9746690Z CPython 3.11 macOS arm64 - Apple Silicon
2022-12-27T01:54:21.9747100Z 
2022-12-27T01:54:21.9749940Z ##[group]Installing Python cp311...
2022-12-27T01:54:21.9750410Z 
2022-12-27T01:54:21.9750860Z + pkgutil --pkgs
2022-12-27T01:54:21.9969530Z ##[endgroup]
2022-12-27T01:54:21.9972230Z                                                               [32mâœ“ [0m0.02s
2022-12-27T01:54:21.9973780Z ##[group]Setting up build environment...
2022-12-27T01:54:21.9974110Z 
2022-12-27T01:54:22.0003060Z + /Library/Frameworks/Python.framework/Versions/3.11/bin/python -sS /Users/runner/Library/Caches/cibuildwheel/virtualenv-20.17.0.pyz --activators= --no-periodic-update --pip=22.3.1 --setuptools=65.6.3 --wheel=0.38.4 --symlink-app-data --python /Library/Frameworks/Python.framework/Versions/3.11/bin/python3 /private/var/folders/51/hd414ycd67n82196sw51xqtc0000gn/T/cibw-run-uh5yszyg/cp311-macosx_arm64/build/venv
2022-12-27T01:54:22.3042070Z created virtual environment CPython3.11.1.final.0-64 in 77ms
2022-12-27T01:54:22.3043090Z   creator CPython3Posix(dest=/private/var/folders/51/hd414ycd67n82196sw51xqtc0000gn/T/cibw-run-uh5yszyg/cp311-macosx_arm64/build/venv, clear=False, no_vcs_ignore=False, global=False)
2022-12-27T01:54:22.3044580Z   seeder FromAppData(download=False, pip=22.3.1, setuptools=65.6.3, wheel=0.38.4, via=symlink, app_data_dir=/Users/runner/Library/Application Support/virtualenv)
2022-12-27T01:54:22.3045210Z     added seed packages: pip==22.3.1, setuptools==65.6.3, wheel==0.38.4
2022-12-27T01:54:22.3341310Z + python -m pip install --upgrade pip -c /Library/Frameworks/Python.framework/Versions/3.11/lib/python3.11/site-packages/cibuildwheel/resources/constraints-python311.txt
2022-12-27T01:54:22.8064820Z Requirement already satisfied: pip in ./lib/python3.11/site-packages (22.3.1)
2022-12-27T01:54:23.0522740Z + which pip
2022-12-27T01:54:23.0570800Z /private/var/folders/51/hd414ycd67n82196sw51xqtc0000gn/T/cibw-run-uh5yszyg/cp311-macosx_arm64/build/venv/bin/pip
2022-12-27T01:54:23.0576830Z + pip --version
2022-12-27T01:54:23.3796900Z pip 22.3.1 from /private/var/folders/51/hd414ycd67n82196sw51xqtc0000gn/T/cibw-run-uh5yszyg/cp311-macosx_arm64/build/venv/lib/python3.11/site-packages/pip (python 3.11)
2022-12-27T01:54:23.4468420Z + which pip
2022-12-27T01:54:23.4524790Z + which python
2022-12-27T01:54:23.4568280Z /private/var/folders/51/hd414ycd67n82196sw51xqtc0000gn/T/cibw-run-uh5yszyg/cp311-macosx_arm64/build/venv/bin/python
2022-12-27T01:54:23.4572360Z + python --version
2022-12-27T01:54:23.4693190Z Python 3.11.1
2022-12-27T01:54:23.4698690Z + which python
2022-12-27T01:54:23.4810690Z ##[endgroup]
2022-12-27T01:54:23.4812720Z                                                               [32mâœ“ [0m1.48s
2022-12-27T01:54:23.4814460Z ##[group]Installing build tools...
2022-12-27T01:54:23.4814890Z 
2022-12-27T01:54:23.4815950Z + pip install --upgrade setuptools wheel delocate -c /Library/Frameworks/Python.framework/Versions/3.11/lib/python3.11/site-packages/cibuildwheel/resources/constraints-python311.txt
2022-12-27T01:54:23.9383220Z Requirement already satisfied: setuptools in /private/var/folders/51/hd414ycd67n82196sw51xqtc0000gn/T/cibw-run-uh5yszyg/cp311-macosx_arm64/build/venv/lib/python3.11/site-packages (65.6.3)
2022-12-27T01:54:24.2076850Z Requirement already satisfied: wheel in /private/var/folders/51/hd414ycd67n82196sw51xqtc0000gn/T/cibw-run-uh5yszyg/cp311-macosx_arm64/build/venv/lib/python3.11/site-packages (0.38.4)
2022-12-27T01:54:24.2720290Z Collecting delocate
2022-12-27T01:54:24.2772870Z   Using cached delocate-0.10.3-py3-none-any.whl (142 kB)
2022-12-27T01:54:24.3203540Z Collecting packaging>=20.9
2022-12-27T01:54:24.3242180Z   Using cached packaging-21.3-py3-none-any.whl (40 kB)
2022-12-27T01:54:24.3513480Z Collecting typing-extensions
2022-12-27T01:54:24.3555680Z   Using cached typing_extensions-4.4.0-py3-none-any.whl (26 kB)
2022-12-27T01:54:24.4026040Z Collecting pyparsing!=3.0.5,>=2.0.2
2022-12-27T01:54:24.4060610Z   Using cached pyparsing-3.0.9-py3-none-any.whl (98 kB)
2022-12-27T01:54:24.4908630Z Installing collected packages: typing-extensions, pyparsing, packaging, delocate
2022-12-27T01:54:24.7133400Z Successfully installed delocate-0.10.3 packaging-21.3 pyparsing-3.0.9 typing-extensions-4.4.0
2022-12-27T01:54:24.8580010Z ##[endgroup]
2022-12-27T01:54:24.8581440Z                                                               [32mâœ“ [0m1.38s
2022-12-27T01:54:24.8582960Z ##[group]Running before_build...
2022-12-27T01:54:24.8583370Z 
2022-12-27T01:54:24.8589210Z + pip install Cython; if [[ -f requirements.txt ]]; then pip install -r requirements.txt; fi
2022-12-27T01:54:25.7595120Z Collecting Cython
2022-12-27T01:54:25.7687160Z   Using cached Cython-0.29.32-py2.py3-none-any.whl (986 kB)
2022-12-27T01:54:25.8395580Z Installing collected packages: Cython
2022-12-27T01:54:26.6486610Z Successfully installed Cython-0.29.32
2022-12-27T01:54:27.7407330Z Collecting coverage>=4.0
2022-12-27T01:54:27.7466590Z   Using cached coverage-7.0.1-cp311-cp311-macosx_10_9_x86_64.whl (188 kB)
2022-12-27T01:54:27.7596990Z Requirement already satisfied: cython>=0.23 in /private/var/folders/51/hd414ycd67n82196sw51xqtc0000gn/T/cibw-run-uh5yszyg/cp311-macosx_arm64/build/venv/lib/python3.11/site-packages (from -r requirements.txt (line 3)) (0.29.32)
2022-12-27T01:54:27.7846280Z Collecting enum34>=1.0.4
2022-12-27T01:54:27.7886490Z   Using cached enum34-1.1.10-py3-none-any.whl (11 kB)
2022-12-27T01:54:27.8099760Z Collecting futures>=2.2.0
2022-12-27T01:54:27.8101140Z   Using cached futures-3.0.5-py3-none-any.whl
2022-12-27T01:54:28.1599460Z Collecting protobuf>=3.2.0
2022-12-27T01:54:28.1673600Z   Using cached protobuf-4.21.12-cp37-abi3-macosx_10_9_universal2.whl (486 kB)
2022-12-27T01:54:28.1968790Z Collecting six>=1.10
2022-12-27T01:54:28.2009610Z   Using cached six-1.16.0-py2.py3-none-any.whl (11 kB)
2022-12-27T01:54:28.2043150Z Requirement already satisfied: wheel>=0.29 in /private/var/folders/51/hd414ycd67n82196sw51xqtc0000gn/T/cibw-run-uh5yszyg/cp311-macosx_arm64/build/venv/lib/python3.11/site-packages (from -r requirements.txt (line 8)) (0.38.4)
2022-12-27T01:54:28.2651370Z Installing collected packages: futures, enum34, six, protobuf, coverage
2022-12-27T01:54:28.6712110Z Successfully installed coverage-7.0.1 enum34-1.1.10 futures-3.0.5 protobuf-4.21.12 six-1.16.0
2022-12-27T01:54:28.8431420Z ##[endgroup]
2022-12-27T01:54:28.8432440Z                                                               [32mâœ“ [0m3.99s
2022-12-27T01:54:28.8432970Z ##[group]Building wheel...
2022-12-27T01:54:28.8433420Z 
2022-12-27T01:54:28.8440620Z + python -m pip wheel /Users/runner/actions-runner/_work/python.build/python.build/build_grpcio135311/grpcio-1.3.5 --wheel-dir=/private/var/folders/51/hd414ycd67n82196sw51xqtc0000gn/T/cibw-run-uh5yszyg/cp311-macosx_arm64/built_wheel --no-deps -vvv
2022-12-27T01:54:29.2464990Z Created temporary directory: /private/var/folders/51/hd414ycd67n82196sw51xqtc0000gn/T/pip-ephem-wheel-cache-k7jrjb_u
2022-12-27T01:54:29.2470230Z Created temporary directory: /private/var/folders/51/hd414ycd67n82196sw51xqtc0000gn/T/pip-build-tracker-tusy5h6_
2022-12-27T01:54:29.2474470Z Initialized build tracking at /private/var/folders/51/hd414ycd67n82196sw51xqtc0000gn/T/pip-build-tracker-tusy5h6_
2022-12-27T01:54:29.2477020Z Created build tracker: /private/var/folders/51/hd414ycd67n82196sw51xqtc0000gn/T/pip-build-tracker-tusy5h6_
2022-12-27T01:54:29.2478280Z Entered build tracker: /private/var/folders/51/hd414ycd67n82196sw51xqtc0000gn/T/pip-build-tracker-tusy5h6_
2022-12-27T01:54:29.2482390Z Created temporary directory: /private/var/folders/51/hd414ycd67n82196sw51xqtc0000gn/T/pip-wheel-n1m_taxj
2022-12-27T01:54:29.2491410Z Created temporary directory: /private/var/folders/51/hd414ycd67n82196sw51xqtc0000gn/T/pip-ephem-wheel-cache-jrfhvvmv
2022-12-27T01:54:29.2618780Z Processing /Users/runner/actions-runner/_work/python.build/python.build/build_grpcio135311/grpcio-1.3.5
2022-12-27T01:54:29.2628350Z   Added file:///Users/runner/actions-runner/_work/python.build/python.build/build_grpcio135311/grpcio-1.3.5 to build tracker '/private/var/folders/51/hd414ycd67n82196sw51xqtc0000gn/T/pip-build-tracker-tusy5h6_'
2022-12-27T01:54:29.2632950Z   Running setup.py (path:/Users/runner/actions-runner/_work/python.build/python.build/build_grpcio135311/grpcio-1.3.5/setup.py) egg_info for package from file:///Users/runner/actions-runner/_work/python.build/python.build/build_grpcio135311/grpcio-1.3.5
2022-12-27T01:54:29.2637970Z   Created temporary directory: /private/var/folders/51/hd414ycd67n82196sw51xqtc0000gn/T/pip-pip-egg-info-iuaswtcu
2022-12-27T01:54:29.2639620Z   Preparing metadata (setup.py): started
2022-12-27T01:54:29.2641950Z   Running command python setup.py egg_info
2022-12-27T01:54:29.9210000Z   /private/var/folders/51/hd414ycd67n82196sw51xqtc0000gn/T/cibw-run-uh5yszyg/cp311-macosx_arm64/build/venv/lib/python3.11/site-packages/Cython/Compiler/Main.py:369: FutureWarning: Cython directive 'language_level' not set, using 2 for now (Py2). This will change in a later release! File: /Users/runner/actions-runner/_work/python.build/python.build/build_grpcio135311/grpcio-1.3.5/src/python/grpcio/grpc/_cython/cygrpc.pxd
2022-12-27T01:54:29.9211920Z     tree = Parsing.p_module(s, pxd, full_module_name)
2022-12-27T01:54:29.9834850Z   warning: src/python/grpcio/grpc/_cython/_cygrpc/grpc.pxi:150:13: 'GRPC_ARG_PRIMARY_USER_AGENT_STRING' redeclared
2022-12-27T01:54:31.2417960Z   Compiling src/python/grpcio/grpc/_cython/cygrpc.pyx because it depends on /private/var/folders/51/hd414ycd67n82196sw51xqtc0000gn/T/cibw-run-uh5yszyg/cp311-macosx_arm64/build/venv/lib/python3.11/site-packages/Cython/Includes/libc/time.pxd.
2022-12-27T01:54:31.2419190Z   [1/1] Cythonizing src/python/grpcio/grpc/_cython/cygrpc.pyx
2022-12-27T01:54:31.2707130Z   running egg_info
2022-12-27T01:54:31.2710640Z   creating /private/var/folders/51/hd414ycd67n82196sw51xqtc0000gn/T/pip-pip-egg-info-iuaswtcu/grpcio.egg-info
2022-12-27T01:54:31.2728570Z   writing /private/var/folders/51/hd414ycd67n82196sw51xqtc0000gn/T/pip-pip-egg-info-iuaswtcu/grpcio.egg-info/PKG-INFO
2022-12-27T01:54:31.2738650Z   writing dependency_links to /private/var/folders/51/hd414ycd67n82196sw51xqtc0000gn/T/pip-pip-egg-info-iuaswtcu/grpcio.egg-info/dependency_links.txt
2022-12-27T01:54:31.2739940Z   writing requirements to /private/var/folders/51/hd414ycd67n82196sw51xqtc0000gn/T/pip-pip-egg-info-iuaswtcu/grpcio.egg-info/requires.txt
2022-12-27T01:54:31.2743000Z   writing top-level names to /private/var/folders/51/hd414ycd67n82196sw51xqtc0000gn/T/pip-pip-egg-info-iuaswtcu/grpcio.egg-info/top_level.txt
2022-12-27T01:54:31.2745960Z   writing manifest file '/private/var/folders/51/hd414ycd67n82196sw51xqtc0000gn/T/pip-pip-egg-info-iuaswtcu/grpcio.egg-info/SOURCES.txt'
2022-12-27T01:54:31.2897430Z   reading manifest file '/private/var/folders/51/hd414ycd67n82196sw51xqtc0000gn/T/pip-pip-egg-info-iuaswtcu/grpcio.egg-info/SOURCES.txt'
2022-12-27T01:54:31.2898760Z   reading manifest template 'PYTHON-MANIFEST.in'
2022-12-27T01:54:31.2945190Z   warning: no files found matching '*.h' under directory 'src/python/grpcio/grpc'
2022-12-27T01:54:31.3055930Z   warning: no files found matching '*.python' under directory 'src/python/grpcio/grpc'
2022-12-27T01:54:31.3078260Z   warning: no previously-included files matching '*.so' found under directory 'src/python/grpcio/grpc/_cython'
2022-12-27T01:54:31.3087060Z   warning: no previously-included files matching '*.pyd' found under directory 'src/python/grpcio/grpc/_cython'
2022-12-27T01:54:31.4115200Z   warning: no files found matching 'src/python/grpcio/precompiled.py'
2022-12-27T01:54:31.4742370Z   writing manifest file '/private/var/folders/51/hd414ycd67n82196sw51xqtc0000gn/T/pip-pip-egg-info-iuaswtcu/grpcio.egg-info/SOURCES.txt'
2022-12-27T01:54:31.6732920Z   Preparing metadata (setup.py): finished with status 'done'
2022-12-27T01:54:31.6770220Z   Source in /Users/runner/actions-runner/_work/python.build/python.build/build_grpcio135311/grpcio-1.3.5 has version 1.3.5, which satisfies requirement grpcio==1.3.5 from file:///Users/runner/actions-runner/_work/python.build/python.build/build_grpcio135311/grpcio-1.3.5
2022-12-27T01:54:31.6774270Z   Removed grpcio==1.3.5 from file:///Users/runner/actions-runner/_work/python.build/python.build/build_grpcio135311/grpcio-1.3.5 from build tracker '/private/var/folders/51/hd414ycd67n82196sw51xqtc0000gn/T/pip-build-tracker-tusy5h6_'
2022-12-27T01:54:31.6801580Z Created temporary directory: /private/var/folders/51/hd414ycd67n82196sw51xqtc0000gn/T/pip-unpack-2rl9no4w
2022-12-27T01:54:31.6802650Z Building wheels for collected packages: grpcio
2022-12-27T01:54:31.6813850Z   Created temporary directory: /private/var/folders/51/hd414ycd67n82196sw51xqtc0000gn/T/pip-wheel-ow8dx4ja
2022-12-27T01:54:31.6816730Z   Building wheel for grpcio (setup.py): started
2022-12-27T01:54:31.6818900Z   Destination directory: /private/var/folders/51/hd414ycd67n82196sw51xqtc0000gn/T/pip-wheel-ow8dx4ja
2022-12-27T01:54:31.6820610Z   Running command python setup.py bdist_wheel
2022-12-27T01:54:32.3115280Z   running bdist_wheel
2022-12-27T01:54:32.3158280Z   running build
2022-12-27T01:54:32.3160810Z   running build_py
2022-12-27T01:54:32.3162860Z   running build_project_metadata
2022-12-27T01:54:32.3171220Z   creating python_build
2022-12-27T01:54:32.3173220Z   creating python_build/lib.macosx-11.0-arm64-cpython-311
2022-12-27T01:54:32.3175310Z   creating python_build/lib.macosx-11.0-arm64-cpython-311/grpc
2022-12-27T01:54:32.3177970Z   copying src/python/grpcio/grpc/_channel.py -> python_build/lib.macosx-11.0-arm64-cpython-311/grpc
2022-12-27T01:54:32.3179310Z   copying src/python/grpcio/grpc/_common.py -> python_build/lib.macosx-11.0-arm64-cpython-311/grpc
2022-12-27T01:54:32.3183370Z   copying src/python/grpcio/grpc/__init__.py -> python_build/lib.macosx-11.0-arm64-cpython-311/grpc
2022-12-27T01:54:32.3193940Z   copying src/python/grpcio/grpc/_utilities.py -> python_build/lib.macosx-11.0-arm64-cpython-311/grpc
2022-12-27T01:54:32.3198250Z   copying src/python/grpcio/grpc/_plugin_wrapping.py -> python_build/lib.macosx-11.0-arm64-cpython-311/grpc
2022-12-27T01:54:32.3203010Z   copying src/python/grpcio/grpc/_grpcio_metadata.py -> python_build/lib.macosx-11.0-arm64-cpython-311/grpc
2022-12-27T01:54:32.3210030Z   copying src/python/grpcio/grpc/_server.py -> python_build/lib.macosx-11.0-arm64-cpython-311/grpc
2022-12-27T01:54:32.3211890Z   copying src/python/grpcio/grpc/_auth.py -> python_build/lib.macosx-11.0-arm64-cpython-311/grpc
2022-12-27T01:54:32.3213440Z   copying src/python/grpcio/grpc/_credential_composition.py -> python_build/lib.macosx-11.0-arm64-cpython-311/grpc
2022-12-27T01:54:32.3217620Z   creating python_build/lib.macosx-11.0-arm64-cpython-311/grpc/beta
2022-12-27T01:54:32.3219740Z   copying src/python/grpcio/grpc/beta/_server_adaptations.py -> python_build/lib.macosx-11.0-arm64-cpython-311/grpc/beta
2022-12-27T01:54:32.3222170Z   copying src/python/grpcio/grpc/beta/interfaces.py -> python_build/lib.macosx-11.0-arm64-cpython-311/grpc/beta
2022-12-27T01:54:32.3225740Z   copying src/python/grpcio/grpc/beta/__init__.py -> python_build/lib.macosx-11.0-arm64-cpython-311/grpc/beta
2022-12-27T01:54:32.3231540Z   copying src/python/grpcio/grpc/beta/utilities.py -> python_build/lib.macosx-11.0-arm64-cpython-311/grpc/beta
2022-12-27T01:54:32.3235750Z   copying src/python/grpcio/grpc/beta/implementations.py -> python_build/lib.macosx-11.0-arm64-cpython-311/grpc/beta
2022-12-27T01:54:32.3240900Z   copying src/python/grpcio/grpc/beta/_client_adaptations.py -> python_build/lib.macosx-11.0-arm64-cpython-311/grpc/beta
2022-12-27T01:54:32.3245690Z   creating python_build/lib.macosx-11.0-arm64-cpython-311/grpc/framework
2022-12-27T01:54:32.3247160Z   copying src/python/grpcio/grpc/framework/__init__.py -> python_build/lib.macosx-11.0-arm64-cpython-311/grpc/framework
2022-12-27T01:54:32.3255410Z   creating python_build/lib.macosx-11.0-arm64-cpython-311/grpc/_cython
2022-12-27T01:54:32.3370510Z   copying src/python/grpcio/grpc/_cython/__init__.py -> python_build/lib.macosx-11.0-arm64-cpython-311/grpc/_cython
2022-12-27T01:54:32.3371220Z   creating python_build/lib.macosx-11.0-arm64-cpython-311/grpc/framework/foundation
2022-12-27T01:54:32.3372250Z   copying src/python/grpcio/grpc/framework/foundation/callable_util.py -> python_build/lib.macosx-11.0-arm64-cpython-311/grpc/framework/foundation
2022-12-27T01:54:32.3373110Z   copying src/python/grpcio/grpc/framework/foundation/abandonment.py -> python_build/lib.macosx-11.0-arm64-cpython-311/grpc/framework/foundation
2022-12-27T01:54:32.3373830Z   copying src/python/grpcio/grpc/framework/foundation/__init__.py -> python_build/lib.macosx-11.0-arm64-cpython-311/grpc/framework/foundation
2022-12-27T01:54:32.3375270Z   copying src/python/grpcio/grpc/framework/foundation/stream.py -> python_build/lib.macosx-11.0-arm64-cpython-311/grpc/framework/foundation
2022-12-27T01:54:32.3376160Z   copying src/python/grpcio/grpc/framework/foundation/stream_util.py -> python_build/lib.macosx-11.0-arm64-cpython-311/grpc/framework/foundation
2022-12-27T01:54:32.3376970Z   copying src/python/grpcio/grpc/framework/foundation/future.py -> python_build/lib.macosx-11.0-arm64-cpython-311/grpc/framework/foundation
2022-12-27T01:54:32.3377800Z   copying src/python/grpcio/grpc/framework/foundation/logging_pool.py -> python_build/lib.macosx-11.0-arm64-cpython-311/grpc/framework/foundation
2022-12-27T01:54:32.3378680Z   creating python_build/lib.macosx-11.0-arm64-cpython-311/grpc/framework/common
2022-12-27T01:54:32.3380200Z   copying src/python/grpcio/grpc/framework/common/style.py -> python_build/lib.macosx-11.0-arm64-cpython-311/grpc/framework/common
2022-12-27T01:54:32.3381130Z   copying src/python/grpcio/grpc/framework/common/cardinality.py -> python_build/lib.macosx-11.0-arm64-cpython-311/grpc/framework/common
2022-12-27T01:54:32.3381930Z   copying src/python/grpcio/grpc/framework/common/__init__.py -> python_build/lib.macosx-11.0-arm64-cpython-311/grpc/framework/common
2022-12-27T01:54:32.3382540Z   creating python_build/lib.macosx-11.0-arm64-cpython-311/grpc/framework/interfaces
2022-12-27T01:54:32.3383290Z   copying src/python/grpcio/grpc/framework/interfaces/__init__.py -> python_build/lib.macosx-11.0-arm64-cpython-311/grpc/framework/interfaces
2022-12-27T01:54:32.3383970Z   creating python_build/lib.macosx-11.0-arm64-cpython-311/grpc/framework/interfaces/face
2022-12-27T01:54:32.3384730Z   copying src/python/grpcio/grpc/framework/interfaces/face/__init__.py -> python_build/lib.macosx-11.0-arm64-cpython-311/grpc/framework/interfaces/face
2022-12-27T01:54:32.3385520Z   copying src/python/grpcio/grpc/framework/interfaces/face/utilities.py -> python_build/lib.macosx-11.0-arm64-cpython-311/grpc/framework/interfaces/face
2022-12-27T01:54:32.3386350Z   copying src/python/grpcio/grpc/framework/interfaces/face/face.py -> python_build/lib.macosx-11.0-arm64-cpython-311/grpc/framework/interfaces/face
2022-12-27T01:54:32.3387060Z   creating python_build/lib.macosx-11.0-arm64-cpython-311/grpc/framework/interfaces/base
2022-12-27T01:54:32.3387780Z   copying src/python/grpcio/grpc/framework/interfaces/base/__init__.py -> python_build/lib.macosx-11.0-arm64-cpython-311/grpc/framework/interfaces/base
2022-12-27T01:54:32.3388540Z   copying src/python/grpcio/grpc/framework/interfaces/base/utilities.py -> python_build/lib.macosx-11.0-arm64-cpython-311/grpc/framework/interfaces/base
2022-12-27T01:54:32.3389780Z   copying src/python/grpcio/grpc/framework/interfaces/base/base.py -> python_build/lib.macosx-11.0-arm64-cpython-311/grpc/framework/interfaces/base
2022-12-27T01:54:32.3390490Z   creating python_build/lib.macosx-11.0-arm64-cpython-311/grpc/_cython/_cygrpc
2022-12-27T01:54:32.3391200Z   copying src/python/grpcio/grpc/_cython/_cygrpc/__init__.py -> python_build/lib.macosx-11.0-arm64-cpython-311/grpc/_cython/_cygrpc
2022-12-27T01:54:32.3391800Z   creating python_build/lib.macosx-11.0-arm64-cpython-311/grpc/_cython/_credentials
2022-12-27T01:54:32.3392520Z   copying src/python/grpcio/grpc/_cython/_credentials/roots.pem -> python_build/lib.macosx-11.0-arm64-cpython-311/grpc/_cython/_credentials
2022-12-27T01:54:32.3407240Z   running build_ext
2022-12-27T01:54:32.3420830Z   Found cython-generated files...
2022-12-27T01:54:32.3429360Z   building 'grpc._cython.cygrpc' extension
2022-12-27T01:54:32.3460930Z   creating python_build/temp.macosx-11.0-arm64-cpython-311
2022-12-27T01:54:32.3464500Z   creating python_build/temp.macosx-11.0-arm64-cpython-311/src
2022-12-27T01:54:32.3467930Z   creating python_build/temp.macosx-11.0-arm64-cpython-311/src/boringssl
2022-12-27T01:54:32.3470360Z   creating python_build/temp.macosx-11.0-arm64-cpython-311/src/core
2022-12-27T01:54:32.3471710Z   creating python_build/temp.macosx-11.0-arm64-cpython-311/src/core/ext
2022-12-27T01:54:32.3473630Z   creating python_build/temp.macosx-11.0-arm64-cpython-311/src/core/ext/census
2022-12-27T01:54:32.3475580Z   creating python_build/temp.macosx-11.0-arm64-cpython-311/src/core/ext/census/gen
2022-12-27T01:54:32.3477850Z   creating python_build/temp.macosx-11.0-arm64-cpython-311/src/core/ext/filters
2022-12-27T01:54:32.3479860Z   creating python_build/temp.macosx-11.0-arm64-cpython-311/src/core/ext/filters/client_channel
2022-12-27T01:54:32.3481990Z   creating python_build/temp.macosx-11.0-arm64-cpython-311/src/core/ext/filters/client_channel/lb_policy
2022-12-27T01:54:32.3484100Z   creating python_build/temp.macosx-11.0-arm64-cpython-311/src/core/ext/filters/client_channel/lb_policy/grpclb
2022-12-27T01:54:32.3486410Z   creating python_build/temp.macosx-11.0-arm64-cpython-311/src/core/ext/filters/client_channel/lb_policy/grpclb/proto
2022-12-27T01:54:32.3490310Z   creating python_build/temp.macosx-11.0-arm64-cpython-311/src/core/ext/filters/client_channel/lb_policy/grpclb/proto/grpc
2022-12-27T01:54:32.3494070Z   creating python_build/temp.macosx-11.0-arm64-cpython-311/src/core/ext/filters/client_channel/lb_policy/grpclb/proto/grpc/lb
2022-12-27T01:54:32.3497990Z   creating python_build/temp.macosx-11.0-arm64-cpython-311/src/core/ext/filters/client_channel/lb_policy/grpclb/proto/grpc/lb/v1
2022-12-27T01:54:32.3501880Z   creating python_build/temp.macosx-11.0-arm64-cpython-311/src/core/ext/filters/client_channel/lb_policy/pick_first
2022-12-27T01:54:32.3506000Z   creating python_build/temp.macosx-11.0-arm64-cpython-311/src/core/ext/filters/client_channel/lb_policy/round_robin
2022-12-27T01:54:32.3509820Z   creating python_build/temp.macosx-11.0-arm64-cpython-311/src/core/ext/filters/client_channel/resolver
2022-12-27T01:54:32.3513580Z   creating python_build/temp.macosx-11.0-arm64-cpython-311/src/core/ext/filters/client_channel/resolver/dns
2022-12-27T01:54:32.3517610Z   creating python_build/temp.macosx-11.0-arm64-cpython-311/src/core/ext/filters/client_channel/resolver/dns/c_ares
2022-12-27T01:54:32.3521640Z   creating python_build/temp.macosx-11.0-arm64-cpython-311/src/core/ext/filters/client_channel/resolver/dns/native
2022-12-27T01:54:32.3525560Z   creating python_build/temp.macosx-11.0-arm64-cpython-311/src/core/ext/filters/client_channel/resolver/sockaddr
2022-12-27T01:54:32.3529480Z   creating python_build/temp.macosx-11.0-arm64-cpython-311/src/core/ext/filters/load_reporting
2022-12-27T01:54:32.3533250Z   creating python_build/temp.macosx-11.0-arm64-cpython-311/src/core/ext/filters/max_age
2022-12-27T01:54:32.3537130Z   creating python_build/temp.macosx-11.0-arm64-cpython-311/src/core/ext/transport
2022-12-27T01:54:32.3541190Z   creating python_build/temp.macosx-11.0-arm64-cpython-311/src/core/ext/transport/chttp2
2022-12-27T01:54:32.3545080Z   creating python_build/temp.macosx-11.0-arm64-cpython-311/src/core/ext/transport/chttp2/alpn
2022-12-27T01:54:32.3549010Z   creating python_build/temp.macosx-11.0-arm64-cpython-311/src/core/ext/transport/chttp2/client
2022-12-27T01:54:32.3552790Z   creating python_build/temp.macosx-11.0-arm64-cpython-311/src/core/ext/transport/chttp2/client/insecure
2022-12-27T01:54:32.3557020Z   creating python_build/temp.macosx-11.0-arm64-cpython-311/src/core/ext/transport/chttp2/client/secure
2022-12-27T01:54:32.3561010Z   creating python_build/temp.macosx-11.0-arm64-cpython-311/src/core/ext/transport/chttp2/server
2022-12-27T01:54:32.3564950Z   creating python_build/temp.macosx-11.0-arm64-cpython-311/src/core/ext/transport/chttp2/server/insecure
2022-12-27T01:54:32.3568730Z   creating python_build/temp.macosx-11.0-arm64-cpython-311/src/core/ext/transport/chttp2/server/secure
2022-12-27T01:54:32.3572360Z   creating python_build/temp.macosx-11.0-arm64-cpython-311/src/core/ext/transport/chttp2/transport
2022-12-27T01:54:32.3576220Z   creating python_build/temp.macosx-11.0-arm64-cpython-311/src/core/lib
2022-12-27T01:54:32.3578750Z   creating python_build/temp.macosx-11.0-arm64-cpython-311/src/core/lib/channel
2022-12-27T01:54:32.3580450Z   creating python_build/temp.macosx-11.0-arm64-cpython-311/src/core/lib/compression
2022-12-27T01:54:32.3582750Z   creating python_build/temp.macosx-11.0-arm64-cpython-311/src/core/lib/debug
2022-12-27T01:54:32.3584750Z   creating python_build/temp.macosx-11.0-arm64-cpython-311/src/core/lib/http
2022-12-27T01:54:32.3586730Z   creating python_build/temp.macosx-11.0-arm64-cpython-311/src/core/lib/iomgr
2022-12-27T01:54:32.3588510Z   creating python_build/temp.macosx-11.0-arm64-cpython-311/src/core/lib/json
2022-12-27T01:54:32.3590630Z   creating python_build/temp.macosx-11.0-arm64-cpython-311/src/core/lib/profiling
2022-12-27T01:54:32.3592560Z   creating python_build/temp.macosx-11.0-arm64-cpython-311/src/core/lib/security
2022-12-27T01:54:32.3594600Z   creating python_build/temp.macosx-11.0-arm64-cpython-311/src/core/lib/security/context
2022-12-27T01:54:32.3596890Z   creating python_build/temp.macosx-11.0-arm64-cpython-311/src/core/lib/security/credentials
2022-12-27T01:54:32.3598620Z   creating python_build/temp.macosx-11.0-arm64-cpython-311/src/core/lib/security/credentials/composite
2022-12-27T01:54:32.3600700Z   creating python_build/temp.macosx-11.0-arm64-cpython-311/src/core/lib/security/credentials/fake
2022-12-27T01:54:32.3602590Z   creating python_build/temp.macosx-11.0-arm64-cpython-311/src/core/lib/security/credentials/google_default
2022-12-27T01:54:32.3604290Z   creating python_build/temp.macosx-11.0-arm64-cpython-311/src/core/lib/security/credentials/iam
2022-12-27T01:54:32.3606570Z   creating python_build/temp.macosx-11.0-arm64-cpython-311/src/core/lib/security/credentials/jwt
2022-12-27T01:54:32.3608770Z   creating python_build/temp.macosx-11.0-arm64-cpython-311/src/core/lib/security/credentials/oauth2
2022-12-27T01:54:32.3610490Z   creating python_build/temp.macosx-11.0-arm64-cpython-311/src/core/lib/security/credentials/plugin
2022-12-27T01:54:32.3612460Z   creating python_build/temp.macosx-11.0-arm64-cpython-311/src/core/lib/security/credentials/ssl
2022-12-27T01:54:32.3614510Z   creating python_build/temp.macosx-11.0-arm64-cpython-311/src/core/lib/security/transport
2022-12-27T01:54:32.3616450Z   creating python_build/temp.macosx-11.0-arm64-cpython-311/src/core/lib/security/util
2022-12-27T01:54:32.3618540Z   creating python_build/temp.macosx-11.0-arm64-cpython-311/src/core/lib/slice
2022-12-27T01:54:32.3620450Z   creating python_build/temp.macosx-11.0-arm64-cpython-311/src/core/lib/support
2022-12-27T01:54:32.3622430Z   creating python_build/temp.macosx-11.0-arm64-cpython-311/src/core/lib/surface
2022-12-27T01:54:32.3625300Z   creating python_build/temp.macosx-11.0-arm64-cpython-311/src/core/lib/transport
2022-12-27T01:54:32.3626630Z   creating python_build/temp.macosx-11.0-arm64-cpython-311/src/core/plugin_registry
2022-12-27T01:54:32.3628360Z   creating python_build/temp.macosx-11.0-arm64-cpython-311/src/core/tsi
2022-12-27T01:54:32.3630360Z   creating python_build/temp.macosx-11.0-arm64-cpython-311/src/python
2022-12-27T01:54:32.3632270Z   creating python_build/temp.macosx-11.0-arm64-cpython-311/src/python/grpcio
2022-12-27T01:54:32.3634120Z   creating python_build/temp.macosx-11.0-arm64-cpython-311/src/python/grpcio/grpc
2022-12-27T01:54:32.3636280Z   creating python_build/temp.macosx-11.0-arm64-cpython-311/src/python/grpcio/grpc/_cython
2022-12-27T01:54:32.3638180Z   creating python_build/temp.macosx-11.0-arm64-cpython-311/third_party
2022-12-27T01:54:32.3640010Z   creating python_build/temp.macosx-11.0-arm64-cpython-311/third_party/boringssl
2022-12-27T01:54:32.3641870Z   creating python_build/temp.macosx-11.0-arm64-cpython-311/third_party/boringssl/crypto
2022-12-27T01:54:32.3644260Z   creating python_build/temp.macosx-11.0-arm64-cpython-311/third_party/boringssl/crypto/aes
2022-12-27T01:54:32.3645970Z   creating python_build/temp.macosx-11.0-arm64-cpython-311/third_party/boringssl/crypto/asn1
2022-12-27T01:54:32.3648990Z   creating python_build/temp.macosx-11.0-arm64-cpython-311/third_party/boringssl/crypto/base64
2022-12-27T01:54:32.3650260Z   creating python_build/temp.macosx-11.0-arm64-cpython-311/third_party/boringssl/crypto/bio
2022-12-27T01:54:32.3651860Z   creating python_build/temp.macosx-11.0-arm64-cpython-311/third_party/boringssl/crypto/bn
2022-12-27T01:54:32.3654240Z   creating python_build/temp.macosx-11.0-arm64-cpython-311/third_party/boringssl/crypto/bn/asm
2022-12-27T01:54:32.3656270Z   creating python_build/temp.macosx-11.0-arm64-cpython-311/third_party/boringssl/crypto/buf
2022-12-27T01:54:32.3658480Z   creating python_build/temp.macosx-11.0-arm64-cpython-311/third_party/boringssl/crypto/bytestring
2022-12-27T01:54:32.3660370Z   creating python_build/temp.macosx-11.0-arm64-cpython-311/third_party/boringssl/crypto/chacha
2022-12-27T01:54:32.3662350Z   creating python_build/temp.macosx-11.0-arm64-cpython-311/third_party/boringssl/crypto/cipher
2022-12-27T01:54:32.3664790Z   creating python_build/temp.macosx-11.0-arm64-cpython-311/third_party/boringssl/crypto/cmac
2022-12-27T01:54:32.3666270Z   creating python_build/temp.macosx-11.0-arm64-cpython-311/third_party/boringssl/crypto/conf
2022-12-27T01:54:32.3668260Z   creating python_build/temp.macosx-11.0-arm64-cpython-311/third_party/boringssl/crypto/curve25519
2022-12-27T01:54:32.3670170Z   creating python_build/temp.macosx-11.0-arm64-cpython-311/third_party/boringssl/crypto/des
2022-12-27T01:54:32.3672180Z   creating python_build/temp.macosx-11.0-arm64-cpython-311/third_party/boringssl/crypto/dh
2022-12-27T01:54:32.3674170Z   creating python_build/temp.macosx-11.0-arm64-cpython-311/third_party/boringssl/crypto/digest
2022-12-27T01:54:32.3676230Z   creating python_build/temp.macosx-11.0-arm64-cpython-311/third_party/boringssl/crypto/dsa
2022-12-27T01:54:32.3678230Z   creating python_build/temp.macosx-11.0-arm64-cpython-311/third_party/boringssl/crypto/ec
2022-12-27T01:54:32.3679970Z   creating python_build/temp.macosx-11.0-arm64-cpython-311/third_party/boringssl/crypto/ecdh
2022-12-27T01:54:32.3682380Z   creating python_build/temp.macosx-11.0-arm64-cpython-311/third_party/boringssl/crypto/ecdsa
2022-12-27T01:54:32.3684640Z   creating python_build/temp.macosx-11.0-arm64-cpython-311/third_party/boringssl/crypto/engine
2022-12-27T01:54:32.3686830Z   creating python_build/temp.macosx-11.0-arm64-cpython-311/third_party/boringssl/crypto/err
2022-12-27T01:54:32.3688830Z   creating python_build/temp.macosx-11.0-arm64-cpython-311/third_party/boringssl/crypto/evp
2022-12-27T01:54:32.3690140Z   creating python_build/temp.macosx-11.0-arm64-cpython-311/third_party/boringssl/crypto/hkdf
2022-12-27T01:54:32.3692440Z   creating python_build/temp.macosx-11.0-arm64-cpython-311/third_party/boringssl/crypto/hmac
2022-12-27T01:54:32.3694410Z   creating python_build/temp.macosx-11.0-arm64-cpython-311/third_party/boringssl/crypto/lhash
2022-12-27T01:54:32.3696340Z   creating python_build/temp.macosx-11.0-arm64-cpython-311/third_party/boringssl/crypto/md4
2022-12-27T01:54:32.3698270Z   creating python_build/temp.macosx-11.0-arm64-cpython-311/third_party/boringssl/crypto/md5
2022-12-27T01:54:32.3700370Z   creating python_build/temp.macosx-11.0-arm64-cpython-311/third_party/boringssl/crypto/modes
2022-12-27T01:54:32.3702500Z   creating python_build/temp.macosx-11.0-arm64-cpython-311/third_party/boringssl/crypto/newhope
2022-12-27T01:54:32.3704500Z   creating python_build/temp.macosx-11.0-arm64-cpython-311/third_party/boringssl/crypto/obj
2022-12-27T01:54:32.3706490Z   creating python_build/temp.macosx-11.0-arm64-cpython-311/third_party/boringssl/crypto/pem
2022-12-27T01:54:32.3708460Z   creating python_build/temp.macosx-11.0-arm64-cpython-311/third_party/boringssl/crypto/pkcs8
2022-12-27T01:54:32.3710530Z   creating python_build/temp.macosx-11.0-arm64-cpython-311/third_party/boringssl/crypto/poly1305
2022-12-27T01:54:32.3712480Z   creating python_build/temp.macosx-11.0-arm64-cpython-311/third_party/boringssl/crypto/rand
2022-12-27T01:54:32.3714530Z   creating python_build/temp.macosx-11.0-arm64-cpython-311/third_party/boringssl/crypto/rc4
2022-12-27T01:54:32.3716540Z   creating python_build/temp.macosx-11.0-arm64-cpython-311/third_party/boringssl/crypto/rsa
2022-12-27T01:54:32.3718630Z   creating python_build/temp.macosx-11.0-arm64-cpython-311/third_party/boringssl/crypto/sha
2022-12-27T01:54:32.3720810Z   creating python_build/temp.macosx-11.0-arm64-cpython-311/third_party/boringssl/crypto/stack
2022-12-27T01:54:32.3722710Z   creating python_build/temp.macosx-11.0-arm64-cpython-311/third_party/boringssl/crypto/x509
2022-12-27T01:54:32.3731270Z   creating python_build/temp.macosx-11.0-arm64-cpython-311/third_party/boringssl/crypto/x509v3
2022-12-27T01:54:32.3737740Z   creating python_build/temp.macosx-11.0-arm64-cpython-311/third_party/boringssl/ssl
2022-12-27T01:54:32.3743860Z   creating python_build/temp.macosx-11.0-arm64-cpython-311/third_party/cares
2022-12-27T01:54:32.3745620Z   creating python_build/temp.macosx-11.0-arm64-cpython-311/third_party/cares/cares
2022-12-27T01:54:32.3753450Z   creating python_build/temp.macosx-11.0-arm64-cpython-311/third_party/nanopb
2022-12-27T01:54:32.3755150Z   creating python_build/temp.macosx-11.0-arm64-cpython-311/third_party/zlib
2022-12-27T01:54:32.3764220Z   clang -Wsign-compare -Wunreachable-code -fno-common -dynamic -DNDEBUG -g -fwrapv -O3 -Wall -g -I/usr/local/opt/openssl@3/include -I/usr/local/opt/openssl@3/include -arch arm64 -DOPENSSL_NO_ASM=1 -D_WIN32_WINNT=1536 -DGPR_BACKWARDS_COMPATIBILITY_MODE=1 -DHAVE_CONFIG_H=1 "-DPyMODINIT_FUNC=__attribute__((visibility (\"default\"))) PyObject*" -Isrc/python/grpcio -Iinclude -I. -Ithird_party/boringssl/include -Ithird_party/zlib -Ithird_party/cares -Ithird_party/cares/cares -Ithird_party/cares/config_darwin -I/private/var/folders/51/hd414ycd67n82196sw51xqtc0000gn/T/cibw-run-uh5yszyg/cp311-macosx_arm64/build/venv/include -I/Library/Frameworks/Python.framework/Versions/3.11/include/python3.11 -c src/boringssl/err_data.c -o python_build/temp.macosx-11.0-arm64-cpython-311/src/boringssl/err_data.o -fvisibility=hidden -fno-wrapv -pthread -std=gnu99
2022-12-27T01:54:32.4379460Z   In file included from src/boringssl/err_data.c:17:
2022-12-27T01:54:32.4381160Z   third_party/boringssl/include/openssl/base.h:120:9: warning: 'OPENSSL_VERSION_NUMBER' macro redefined [-Wmacro-redefined]
2022-12-27T01:54:32.4382560Z   #define OPENSSL_VERSION_NUMBER 0x10002000
2022-12-27T01:54:32.4384280Z           ^
2022-12-27T01:54:32.4387900Z   /usr/local/opt/openssl@3/include/openssl/opensslv.h:99:10: note: previous definition is here
2022-12-27T01:54:32.4388980Z   # define OPENSSL_VERSION_NUMBER          \
2022-12-27T01:54:32.4390340Z            ^
2022-12-27T01:54:32.4393200Z   In file included from src/boringssl/err_data.c:18:
2022-12-27T01:54:32.4394680Z   In file included from /usr/local/opt/openssl@3/include/openssl/err.h:21:
2022-12-27T01:54:32.4397360Z   /usr/local/opt/openssl@3/include/openssl/e_os2.h:183:11: warning: 'OPENSSL_EXPORT' macro redefined [-Wmacro-redefined]
2022-12-27T01:54:32.4398680Z   #  define OPENSSL_EXPORT extern
2022-12-27T01:54:32.4400550Z             ^
2022-12-27T01:54:32.4402930Z   third_party/boringssl/include/openssl/base.h:155:9: note: previous definition is here
2022-12-27T01:54:32.4404530Z   #define OPENSSL_EXPORT
2022-12-27T01:54:32.4406350Z           ^
2022-12-27T01:54:32.4497940Z   In file included from src/boringssl/err_data.c:18:
2022-12-27T01:54:32.4500010Z   In file included from /usr/local/opt/openssl@3/include/openssl/err.h:28:
2022-12-27T01:54:32.4502110Z   In file included from /usr/local/opt/openssl@3/include/openssl/types.h:21:
2022-12-27T01:54:32.4504670Z   /usr/local/opt/openssl@3/include/openssl/safestack.h:264:15: warning: redefinition of typedef 'OPENSSL_BLOCK' is a C11 feature [-Wtypedef-redefinition]
2022-12-27T01:54:32.4510310Z   typedef void *OPENSSL_BLOCK;
2022-12-27T01:54:32.4512950Z                 ^
2022-12-27T01:54:32.4514480Z   third_party/boringssl/include/openssl/base.h:298:15: note: previous definition is here
2022-12-27T01:54:32.4516370Z   typedef void *OPENSSL_BLOCK;
2022-12-27T01:54:32.4518540Z                 ^
2022-12-27T01:54:32.4520710Z   In file included from src/boringssl/err_data.c:18:
2022-12-27T01:54:32.4522630Z   In file included from /usr/local/opt/openssl@3/include/openssl/err.h:28:
2022-12-27T01:54:32.4525540Z   /usr/local/opt/openssl@3/include/openssl/types.h:45:31: warning: redefinition of typedef 'ASN1_INTEGER' is a C11 feature [-Wtypedef-redefinition]
2022-12-27T01:54:32.4526820Z   typedef struct asn1_string_st ASN1_INTEGER;
2022-12-27T01:54:32.4528720Z                                 ^
2022-12-27T01:54:32.4530980Z   third_party/boringssl/include/openssl/base.h:189:31: note: previous definition is here
2022-12-27T01:54:32.4532870Z   typedef struct asn1_string_st ASN1_INTEGER;
2022-12-27T01:54:32.4534730Z                                 ^
2022-12-27T01:54:32.4536970Z   In file included from src/boringssl/err_data.c:18:
2022-12-27T01:54:32.4538870Z   In file included from /usr/local/opt/openssl@3/include/openssl/err.h:28:
2022-12-27T01:54:32.4542570Z   /usr/local/opt/openssl@3/include/openssl/types.h:46:31: warning: redefinition of typedef 'ASN1_ENUMERATED' is a C11 feature [-Wtypedef-redefinition]
2022-12-27T01:54:32.4543130Z   typedef struct asn1_string_st ASN1_ENUMERATED;
2022-12-27T01:54:32.4544960Z                                 ^
2022-12-27T01:54:32.4547190Z   third_party/boringssl/include/openssl/base.h:185:31: note: previous definition is here
2022-12-27T01:54:32.4549210Z   typedef struct asn1_string_st ASN1_ENUMERATED;
2022-12-27T01:54:32.4551160Z                                 ^
2022-12-27T01:54:32.4553120Z   In file included from src/boringssl/err_data.c:18:
2022-12-27T01:54:32.4555290Z   In file included from /usr/local/opt/openssl@3/include/openssl/err.h:28:
2022-12-27T01:54:32.4557470Z   /usr/local/opt/openssl@3/include/openssl/types.h:47:31: warning: redefinition of typedef 'ASN1_BIT_STRING' is a C11 feature [-Wtypedef-redefinition]
2022-12-27T01:54:32.4559130Z   typedef struct asn1_string_st ASN1_BIT_STRING;
2022-12-27T01:54:32.4560940Z                                 ^
2022-12-27T01:54:32.4563310Z   third_party/boringssl/include/openssl/base.h:183:31: note: previous definition is here
2022-12-27T01:54:32.4565110Z   typedef struct asn1_string_st ASN1_BIT_STRING;
2022-12-27T01:54:32.4567120Z                                 ^
2022-12-27T01:54:32.4569150Z   In file included from src/boringssl/err_data.c:18:
2022-12-27T01:54:32.4571070Z   In file included from /usr/local/opt/openssl@3/include/openssl/err.h:28:
2022-12-27T01:54:32.4573820Z   /usr/local/opt/openssl@3/include/openssl/types.h:48:31: warning: redefinition of typedef 'ASN1_OCTET_STRING' is a C11 feature [-Wtypedef-redefinition]
2022-12-27T01:54:32.4575260Z   typedef struct asn1_string_st ASN1_OCTET_STRING;
2022-12-27T01:54:32.4576980Z                                 ^
2022-12-27T01:54:32.4579230Z   third_party/boringssl/include/openssl/base.h:190:31: note: previous definition is here
2022-12-27T01:54:32.4581150Z   typedef struct asn1_string_st ASN1_OCTET_STRING;
2022-12-27T01:54:32.4583080Z                                 ^
2022-12-27T01:54:32.4585310Z   In file included from src/boringssl/err_data.c:18:
2022-12-27T01:54:32.4587170Z   In file included from /usr/local/opt/openssl@3/include/openssl/err.h:28:
2022-12-27T01:54:32.4590010Z   /usr/local/opt/openssl@3/include/openssl/types.h:49:31: warning: redefinition of typedef 'ASN1_PRINTABLESTRING' is a C11 feature [-Wtypedef-redefinition]
2022-12-27T01:54:32.4591540Z   typedef struct asn1_string_st ASN1_PRINTABLESTRING;
2022-12-27T01:54:32.4593700Z                                 ^
2022-12-27T01:54:32.4595930Z   third_party/boringssl/include/openssl/base.h:191:31: note: previous definition is here
2022-12-27T01:54:32.4597780Z   typedef struct asn1_string_st ASN1_PRINTABLESTRING;
2022-12-27T01:54:32.4599920Z                                 ^
2022-12-27T01:54:32.4602140Z   In file included from src/boringssl/err_data.c:18:
2022-12-27T01:54:32.4604010Z   In file included from /usr/local/opt/openssl@3/include/openssl/err.h:28:
2022-12-27T01:54:32.4606600Z   /usr/local/opt/openssl@3/include/openssl/types.h:50:31: warning: redefinition of typedef 'ASN1_T61STRING' is a C11 feature [-Wtypedef-redefinition]
2022-12-27T01:54:32.4608160Z   typedef struct asn1_string_st ASN1_T61STRING;
2022-12-27T01:54:32.4610270Z                                 ^
2022-12-27T01:54:32.4612460Z   third_party/boringssl/include/openssl/base.h:193:31: note: previous definition is here
2022-12-27T01:54:32.4614240Z   typedef struct asn1_string_st ASN1_T61STRING;
2022-12-27T01:54:32.4616040Z                                 ^
2022-12-27T01:54:32.4618330Z   In file included from src/boringssl/err_data.c:18:
2022-12-27T01:54:32.4620530Z   In file included from /usr/local/opt/openssl@3/include/openssl/err.h:28:
2022-12-27T01:54:32.4623450Z   /usr/local/opt/openssl@3/include/openssl/types.h:51:31: warning: redefinition of typedef 'ASN1_IA5STRING' is a C11 feature [-Wtypedef-redefinition]
2022-12-27T01:54:32.4625020Z   typedef struct asn1_string_st ASN1_IA5STRING;
2022-12-27T01:54:32.4627010Z                                 ^
2022-12-27T01:54:32.4629410Z   third_party/boringssl/include/openssl/base.h:188:31: note: previous definition is here
2022-12-27T01:54:32.4631040Z   typedef struct asn1_string_st ASN1_IA5STRING;
2022-12-27T01:54:32.4633030Z                                 ^
2022-12-27T01:54:32.4635050Z   In file included from src/boringssl/err_data.c:18:
2022-12-27T01:54:32.4637130Z   In file included from /usr/local/opt/openssl@3/include/openssl/err.h:28:
2022-12-27T01:54:32.4639550Z   /usr/local/opt/openssl@3/include/openssl/types.h:52:31: warning: redefinition of typedef 'ASN1_GENERALSTRING' is a C11 feature [-Wtypedef-redefinition]
2022-12-27T01:54:32.4641170Z   typedef struct asn1_string_st ASN1_GENERALSTRING;
2022-12-27T01:54:32.4643150Z                                 ^
2022-12-27T01:54:32.4645350Z   third_party/boringssl/include/openssl/base.h:187:31: note: previous definition is here
2022-12-27T01:54:32.4647190Z   typedef struct asn1_string_st ASN1_GENERALSTRING;
2022-12-27T01:54:32.4649280Z                                 ^
2022-12-27T01:54:32.4651280Z   In file included from src/boringssl/err_data.c:18:
2022-12-27T01:54:32.4653360Z   In file included from /usr/local/opt/openssl@3/include/openssl/err.h:28:
2022-12-27T01:54:32.4655760Z   /usr/local/opt/openssl@3/include/openssl/types.h:53:31: warning: redefinition of typedef 'ASN1_UNIVERSALSTRING' is a C11 feature [-Wtypedef-redefinition]
2022-12-27T01:54:32.4657380Z   typedef struct asn1_string_st ASN1_UNIVERSALSTRING;
2022-12-27T01:54:32.4659380Z                                 ^
2022-12-27T01:54:32.4661630Z   third_party/boringssl/include/openssl/base.h:195:31: note: previous definition is here
2022-12-27T01:54:32.4663720Z   typedef struct asn1_string_st ASN1_UNIVERSALSTRING;
2022-12-27T01:54:32.4665680Z                                 ^
2022-12-27T01:54:32.4667640Z   In file included from src/boringssl/err_data.c:18:
2022-12-27T01:54:32.4669670Z   In file included from /usr/local/opt/openssl@3/include/openssl/err.h:28:
2022-12-27T01:54:32.4672210Z   /usr/local/opt/openssl@3/include/openssl/types.h:54:31: warning: redefinition of typedef 'ASN1_BMPSTRING' is a C11 feature [-Wtypedef-redefinition]
2022-12-27T01:54:32.4673870Z   typedef struct asn1_string_st ASN1_BMPSTRING;
2022-12-27T01:54:32.4675870Z                                 ^
2022-12-27T01:54:32.4677990Z   third_party/boringssl/include/openssl/base.h:184:31: note: previous definition is here
2022-12-27T01:54:32.4679970Z   typedef struct asn1_string_st ASN1_BMPSTRING;
2022-12-27T01:54:32.4681800Z                                 ^
2022-12-27T01:54:32.4683940Z   In file included from src/boringssl/err_data.c:18:
2022-12-27T01:54:32.4685830Z   In file included from /usr/local/opt/openssl@3/include/openssl/err.h:28:
2022-12-27T01:54:32.4688270Z   /usr/local/opt/openssl@3/include/openssl/types.h:55:31: warning: redefinition of typedef 'ASN1_UTCTIME' is a C11 feature [-Wtypedef-redefinition]
2022-12-27T01:54:32.4690490Z   typedef struct asn1_string_st ASN1_UTCTIME;
2022-12-27T01:54:32.4691990Z                                 ^
2022-12-27T01:54:32.4694360Z   third_party/boringssl/include/openssl/base.h:196:31: note: previous definition is here
2022-12-27T01:54:32.4696140Z   typedef struct asn1_string_st ASN1_UTCTIME;
2022-12-27T01:54:32.4698060Z                                 ^
2022-12-27T01:54:32.4700150Z   In file included from src/boringssl/err_data.c:18:
2022-12-27T01:54:32.4702230Z   In file included from /usr/local/opt/openssl@3/include/openssl/err.h:28:
2022-12-27T01:54:32.4704750Z   /usr/local/opt/openssl@3/include/openssl/types.h:56:31: warning: redefinition of typedef 'ASN1_TIME' is a C11 feature [-Wtypedef-redefinition]
2022-12-27T01:54:32.4706210Z   typedef struct asn1_string_st ASN1_TIME;
2022-12-27T01:54:32.4708200Z                                 ^
2022-12-27T01:54:32.4710360Z   third_party/boringssl/include/openssl/base.h:194:31: note: previous definition is here
2022-12-27T01:54:32.4712270Z   typedef struct asn1_string_st ASN1_TIME;
2022-12-27T01:54:32.4714160Z                                 ^
2022-12-27T01:54:32.4716550Z   In file included from src/boringssl/err_data.c:18:
2022-12-27T01:54:32.4718150Z   In file included from /usr/local/opt/openssl@3/include/openssl/err.h:28:
2022-12-27T01:54:32.4720590Z   /usr/local/opt/openssl@3/include/openssl/types.h:57:31: warning: redefinition of typedef 'ASN1_GENERALIZEDTIME' is a C11 feature [-Wtypedef-redefinition]
2022-12-27T01:54:32.4722330Z   typedef struct asn1_string_st ASN1_GENERALIZEDTIME;
2022-12-27T01:54:32.4724260Z                                 ^
2022-12-27T01:54:32.4726410Z   third_party/boringssl/include/openssl/base.h:186:31: note: previous definition is here
2022-12-27T01:54:32.4728470Z   typedef struct asn1_string_st ASN1_GENERALIZEDTIME;
2022-12-27T01:54:32.4730180Z                                 ^
2022-12-27T01:54:32.4732300Z   In file included from src/boringssl/err_data.c:18:
2022-12-27T01:54:32.4734290Z   In file included from /usr/local/opt/openssl@3/include/openssl/err.h:28:
2022-12-27T01:54:32.4736740Z   /usr/local/opt/openssl@3/include/openssl/types.h:58:31: warning: redefinition of typedef 'ASN1_VISIBLESTRING' is a C11 feature [-Wtypedef-redefinition]
2022-12-27T01:54:32.4738220Z   typedef struct asn1_string_st ASN1_VISIBLESTRING;
2022-12-27T01:54:32.4740120Z                                 ^
2022-12-27T01:54:32.4742380Z   third_party/boringssl/include/openssl/base.h:198:31: note: previous definition is here
2022-12-27T01:54:32.4744260Z   typedef struct asn1_string_st ASN1_VISIBLESTRING;
2022-12-27T01:54:32.4746220Z                                 ^
2022-12-27T01:54:32.4748220Z   In file included from src/boringssl/err_data.c:18:
2022-12-27T01:54:32.4750270Z   In file included from /usr/local/opt/openssl@3/include/openssl/err.h:28:
2022-12-27T01:54:32.4752590Z   /usr/local/opt/openssl@3/include/openssl/types.h:59:31: warning: redefinition of typedef 'ASN1_UTF8STRING' is a C11 feature [-Wtypedef-redefinition]
2022-12-27T01:54:32.4754150Z   typedef struct asn1_string_st ASN1_UTF8STRING;
2022-12-27T01:54:32.4756140Z                                 ^
2022-12-27T01:54:32.4758200Z   third_party/boringssl/include/openssl/base.h:197:31: note: previous definition is here
2022-12-27T01:54:32.4760030Z   typedef struct asn1_string_st ASN1_UTF8STRING;
2022-12-27T01:54:32.4762100Z                                 ^
2022-12-27T01:54:32.4764090Z   In file included from src/boringssl/err_data.c:18:
2022-12-27T01:54:32.4766140Z   In file included from /usr/local/opt/openssl@3/include/openssl/err.h:28:
2022-12-27T01:54:32.4768510Z   /usr/local/opt/openssl@3/include/openssl/types.h:60:31: warning: redefinition of typedef 'ASN1_STRING' is a C11 feature [-Wtypedef-redefinition]
2022-12-27T01:54:32.4770000Z   typedef struct asn1_string_st ASN1_STRING;
2022-12-27T01:54:32.4771990Z                                 ^
2022-12-27T01:54:32.4774080Z   third_party/boringssl/include/openssl/base.h:192:31: note: previous definition is here
2022-12-27T01:54:32.4775910Z   typedef struct asn1_string_st ASN1_STRING;
2022-12-27T01:54:32.4777970Z                                 ^
2022-12-27T01:54:32.4779990Z   In file included from src/boringssl/err_data.c:18:
2022-12-27T01:54:32.4782130Z   In file included from /usr/local/opt/openssl@3/include/openssl/err.h:28:
2022-12-27T01:54:32.4784500Z   /usr/local/opt/openssl@3/include/openssl/types.h:61:13: warning: redefinition of typedef 'ASN1_BOOLEAN' is a C11 feature [-Wtypedef-redefinition]
2022-12-27T01:54:32.4786000Z   typedef int ASN1_BOOLEAN;
2022-12-27T01:54:32.4787980Z               ^
2022-12-27T01:54:32.4790180Z   third_party/boringssl/include/openssl/base.h:178:13: note: previous definition is here
2022-12-27T01:54:32.4791940Z   typedef int ASN1_BOOLEAN;
2022-12-27T01:54:32.4794070Z               ^
2022-12-27T01:54:32.4796120Z   In file included from src/boringssl/err_data.c:18:
2022-12-27T01:54:32.4798350Z   In file included from /usr/local/opt/openssl@3/include/openssl/err.h:28:
2022-12-27T01:54:32.4800700Z   /usr/local/opt/openssl@3/include/openssl/types.h:62:13: warning: redefinition of typedef 'ASN1_NULL' is a C11 feature [-Wtypedef-redefinition]
2022-12-27T01:54:32.4802830Z   typedef int ASN1_NULL;
2022-12-27T01:54:32.4804170Z               ^
2022-12-27T01:54:32.4806330Z   third_party/boringssl/include/openssl/base.h:179:13: note: previous definition is here
2022-12-27T01:54:32.4808160Z   typedef int ASN1_NULL;
2022-12-27T01:54:32.4810270Z               ^
2022-12-27T01:54:32.4812610Z   In file included from src/boringssl/err_data.c:18:
2022-12-27T01:54:32.4814440Z   In file included from /usr/local/opt/openssl@3/include/openssl/err.h:28:
2022-12-27T01:54:32.4816820Z   /usr/local/opt/openssl@3/include/openssl/types.h:65:29: warning: redefinition of typedef 'ASN1_TYPE' is a C11 feature [-Wtypedef-redefinition]
2022-12-27T01:54:32.4818190Z   typedef struct asn1_type_st ASN1_TYPE;
2022-12-27T01:54:32.4820550Z                               ^
2022-12-27T01:54:32.4822280Z   third_party/boringssl/include/openssl/base.h:199:29: note: previous definition is here
2022-12-27T01:54:32.4824720Z   typedef struct asn1_type_st ASN1_TYPE;
2022-12-27T01:54:32.4826090Z                               ^
2022-12-27T01:54:32.4828700Z   In file included from src/boringssl/err_data.c:18:
2022-12-27T01:54:32.4830120Z   In file included from /usr/local/opt/openssl@3/include/openssl/err.h:28:
2022-12-27T01:54:32.4832450Z   /usr/local/opt/openssl@3/include/openssl/types.h:66:31: warning: redefinition of typedef 'ASN1_OBJECT' is a C11 feature [-Wtypedef-redefinition]
2022-12-27T01:54:32.4833920Z   typedef struct asn1_object_st ASN1_OBJECT;
2022-12-27T01:54:32.4835800Z                                 ^
2022-12-27T01:54:32.4837810Z   third_party/boringssl/include/openssl/base.h:181:31: note: previous definition is here
2022-12-27T01:54:32.4839910Z   typedef struct asn1_object_st ASN1_OBJECT;
2022-12-27T01:54:32.4841720Z                                 ^
2022-12-27T01:54:32.4843860Z   In file included from src/boringssl/err_data.c:18:
2022-12-27T01:54:32.4845720Z   In file included from /usr/local/opt/openssl@3/include/openssl/err.h:28:
2022-12-27T01:54:32.4848350Z   /usr/local/opt/openssl@3/include/openssl/types.h:69:29: warning: redefinition of typedef 'ASN1_ITEM' is a C11 feature [-Wtypedef-redefinition]
2022-12-27T01:54:32.4849530Z   typedef struct ASN1_ITEM_st ASN1_ITEM;
2022-12-27T01:54:32.4851540Z                               ^
2022-12-27T01:54:32.4853710Z   third_party/boringssl/include/openssl/base.h:180:29: note: previous definition is here
2022-12-27T01:54:32.4855560Z   typedef struct ASN1_ITEM_st ASN1_ITEM;
2022-12-27T01:54:32.4857540Z                               ^
2022-12-27T01:54:32.4859700Z   In file included from src/boringssl/err_data.c:18:
2022-12-27T01:54:32.4861860Z   In file included from /usr/local/opt/openssl@3/include/openssl/err.h:28:
2022-12-27T01:54:32.4864420Z   /usr/local/opt/openssl@3/include/openssl/types.h:70:29: warning: redefinition of typedef 'ASN1_PCTX' is a C11 feature [-Wtypedef-redefinition]
2022-12-27T01:54:32.4866120Z   typedef struct asn1_pctx_st ASN1_PCTX;
2022-12-27T01:54:32.4867900Z                               ^
2022-12-27T01:54:32.4870090Z   third_party/boringssl/include/openssl/base.h:182:29: note: previous definition is here
2022-12-27T01:54:32.4872000Z   typedef struct asn1_pctx_st ASN1_PCTX;
2022-12-27T01:54:32.4874060Z                               ^
2022-12-27T01:54:32.4876120Z   In file included from src/boringssl/err_data.c:18:
2022-12-27T01:54:32.4878160Z   In file included from /usr/local/opt/openssl@3/include/openssl/err.h:28:
2022-12-27T01:54:32.4881000Z   /usr/local/opt/openssl@3/include/openssl/types.h:86:23: warning: redefinition of typedef 'BIO' is a C11 feature [-Wtypedef-redefinition]
2022-12-27T01:54:32.4882350Z   typedef struct bio_st BIO;
2022-12-27T01:54:32.4884390Z                         ^
2022-12-27T01:54:32.4886570Z   third_party/boringssl/include/openssl/base.h:235:23: note: previous definition is here
2022-12-27T01:54:32.4888310Z   typedef struct bio_st BIO;
2022-12-27T01:54:32.4890280Z                         ^
2022-12-27T01:54:32.4892280Z   In file included from src/boringssl/err_data.c:18:
2022-12-27T01:54:32.4895300Z   In file included from /usr/local/opt/openssl@3/include/openssl/err.h:28:
2022-12-27T01:54:32.4896930Z   /usr/local/opt/openssl@3/include/openssl/types.h:87:26: warning: redefinition of typedef 'BIGNUM' is a C11 feature [-Wtypedef-redefinition]
2022-12-27T01:54:32.4898440Z   typedef struct bignum_st BIGNUM;
2022-12-27T01:54:32.4900620Z                            ^
2022-12-27T01:54:32.4902990Z   third_party/boringssl/include/openssl/base.h:233:26: note: previous definition is here
2022-12-27T01:54:32.4904790Z   typedef struct bignum_st BIGNUM;
2022-12-27T01:54:32.4908210Z                            ^
2022-12-27T01:54:32.4908800Z   In file included from src/boringssl/err_data.c:18:
2022-12-27T01:54:32.4911080Z   In file included from /usr/local/opt/openssl@3/include/openssl/err.h:28:
2022-12-27T01:54:32.4913380Z   /usr/local/opt/openssl@3/include/openssl/types.h:88:27: warning: redefinition of typedef 'BN_CTX' is a C11 feature [-Wtypedef-redefinition]
2022-12-27T01:54:32.4915320Z   typedef struct bignum_ctx BN_CTX;
2022-12-27T01:54:32.4917120Z                             ^
2022-12-27T01:54:32.4919480Z   third_party/boringssl/include/openssl/base.h:232:27: note: previous definition is here
2022-12-27T01:54:32.4921330Z   typedef struct bignum_ctx BN_CTX;
2022-12-27T01:54:32.4923510Z                             ^
2022-12-27T01:54:32.4926310Z   In file included from src/boringssl/err_data.c:18:
2022-12-27T01:54:32.4927310Z   In file included from /usr/local/opt/openssl@3/include/openssl/err.h:28:
2022-12-27T01:54:32.4930200Z   /usr/local/opt/openssl@3/include/openssl/types.h:90:31: warning: redefinition of typedef 'BN_MONT_CTX' is a C11 feature [-Wtypedef-redefinition]
2022-12-27T01:54:32.4931630Z   typedef struct bn_mont_ctx_st BN_MONT_CTX;
2022-12-27T01:54:32.4933720Z                                 ^
2022-12-27T01:54:32.4935850Z   third_party/boringssl/include/openssl/base.h:237:31: note: previous definition is here
2022-12-27T01:54:32.4937670Z   typedef struct bn_mont_ctx_st BN_MONT_CTX;
2022-12-27T01:54:32.4939830Z                                 ^
2022-12-27T01:54:32.4941800Z   In file included from src/boringssl/err_data.c:18:
2022-12-27T01:54:32.4943960Z   In file included from /usr/local/opt/openssl@3/include/openssl/err.h:28:
2022-12-27T01:54:32.4946210Z   /usr/local/opt/openssl@3/include/openssl/types.h:92:28: warning: redefinition of typedef 'BN_GENCB' is a C11 feature [-Wtypedef-redefinition]
2022-12-27T01:54:32.4947760Z   typedef struct bn_gencb_st BN_GENCB;
2022-12-27T01:54:32.4949830Z                              ^
2022-12-27T01:54:32.4952010Z   third_party/boringssl/include/openssl/base.h:236:28: note: previous definition is here
2022-12-27T01:54:32.4953860Z   typedef struct bn_gencb_st BN_GENCB;
2022-12-27T01:54:32.4956140Z                              ^
2022-12-27T01:54:32.4958040Z   In file included from src/boringssl/err_data.c:18:
2022-12-27T01:54:32.4960040Z   In file included from /usr/local/opt/openssl@3/include/openssl/err.h:28:
2022-12-27T01:54:32.4962590Z   /usr/local/opt/openssl@3/include/openssl/types.h:94:27: warning: redefinition of typedef 'BUF_MEM' is a C11 feature [-Wtypedef-redefinition]
2022-12-27T01:54:32.4964180Z   typedef struct buf_mem_st BUF_MEM;
2022-12-27T01:54:32.4966100Z                             ^
2022-12-27T01:54:32.4968380Z   third_party/boringssl/include/openssl/base.h:238:27: note: previous definition is here
2022-12-27T01:54:32.4971810Z   typedef struct buf_mem_st BUF_MEM;
2022-12-27T01:54:32.4976380Z                             ^
2022-12-27T01:54:32.4980840Z   In file included from src/boringssl/err_data.c:18:
2022-12-27T01:54:32.4985290Z   In file included from /usr/local/opt/openssl@3/include/openssl/err.h:28:
2022-12-27T01:54:32.4989980Z   /usr/local/opt/openssl@3/include/openssl/types.h:101:30: warning: redefinition of typedef 'EVP_CIPHER' is a C11 feature [-Wtypedef-redefinition]
2022-12-27T01:54:32.4991160Z   typedef struct evp_cipher_st EVP_CIPHER;
2022-12-27T01:54:32.4993250Z                                ^
2022-12-27T01:54:32.4996450Z   third_party/boringssl/include/openssl/base.h:256:30: note: previous definition is here
2022-12-27T01:54:32.4997200Z   typedef struct evp_cipher_st EVP_CIPHER;
2022-12-27T01:54:32.4999680Z                                ^
2022-12-27T01:54:32.5001600Z   In file included from src/boringssl/err_data.c:18:
2022-12-27T01:54:32.5003750Z   In file included from /usr/local/opt/openssl@3/include/openssl/err.h:28:
2022-12-27T01:54:32.5007660Z   /usr/local/opt/openssl@3/include/openssl/types.h:102:34: warning: redefinition of typedef 'EVP_CIPHER_CTX' is a C11 feature [-Wtypedef-redefinition]
2022-12-27T01:54:32.5008580Z   typedef struct evp_cipher_ctx_st EVP_CIPHER_CTX;
2022-12-27T01:54:32.5009930Z                                    ^
2022-12-27T01:54:32.5012010Z   third_party/boringssl/include/openssl/base.h:255:34: note: previous definition is here
2022-12-27T01:54:32.5014270Z   typedef struct evp_cipher_ctx_st EVP_CIPHER_CTX;
2022-12-27T01:54:32.5016030Z                                    ^
2022-12-27T01:54:32.5018070Z   In file included from src/boringssl/err_data.c:18:
2022-12-27T01:54:32.5022740Z   In file included from /usr/local/opt/openssl@3/include/openssl/err.h:28:
2022-12-27T01:54:32.5028240Z   /usr/local/opt/openssl@3/include/openssl/types.h:103:26: error: typedef redefinition with different types ('struct evp_md_st' vs 'struct env_md_st')
2022-12-27T01:54:32.5029940Z   typedef struct evp_md_st EVP_MD;
2022-12-27T01:54:32.5032060Z                            ^
2022-12-27T01:54:32.5034140Z   third_party/boringssl/include/openssl/base.h:253:26: note: previous definition is here
2022-12-27T01:54:32.5035970Z   typedef struct env_md_st EVP_MD;
2022-12-27T01:54:32.5038030Z                            ^
2022-12-27T01:54:32.5040300Z   In file included from src/boringssl/err_data.c:18:
2022-12-27T01:54:32.5042280Z   In file included from /usr/local/opt/openssl@3/include/openssl/err.h:28:
2022-12-27T01:54:32.5044770Z   /usr/local/opt/openssl@3/include/openssl/types.h:104:30: error: typedef redefinition with different types ('struct evp_md_ctx_st' vs 'struct env_md_ctx_st')
2022-12-27T01:54:32.5046330Z   typedef struct evp_md_ctx_st EVP_MD_CTX;
2022-12-27T01:54:32.5048410Z                                ^
2022-12-27T01:54:32.5050520Z   third_party/boringssl/include/openssl/base.h:252:30: note: previous definition is here
2022-12-27T01:54:32.5052360Z   typedef struct env_md_ctx_st EVP_MD_CTX;
2022-12-27T01:54:32.5054460Z                                ^
2022-12-27T01:54:32.5056540Z   In file included from src/boringssl/err_data.c:18:
2022-12-27T01:54:32.5058390Z   In file included from /usr/local/opt/openssl@3/include/openssl/err.h:28:
2022-12-27T01:54:32.5061160Z   /usr/local/opt/openssl@3/include/openssl/types.h:107:28: warning: redefinition of typedef 'EVP_PKEY' is a C11 feature [-Wtypedef-redefinition]
2022-12-27T01:54:32.5062670Z   typedef struct evp_pkey_st EVP_PKEY;
2022-12-27T01:54:32.5064780Z                              ^
2022-12-27T01:54:32.5067000Z   third_party/boringssl/include/openssl/base.h:261:28: note: previous definition is here
2022-12-27T01:54:32.5068930Z   typedef struct evp_pkey_st EVP_PKEY;
2022-12-27T01:54:32.5070900Z                              ^
2022-12-27T01:54:32.5072970Z   In file included from src/boringssl/err_data.c:18:
2022-12-27T01:54:32.5075040Z   In file included from /usr/local/opt/openssl@3/include/openssl/err.h:28:
2022-12-27T01:54:32.5077550Z   /usr/local/opt/openssl@3/include/openssl/types.h:109:40: warning: redefinition of typedef 'EVP_PKEY_ASN1_METHOD' is a C11 feature [-Wtypedef-redefinition]
2022-12-27T01:54:32.5079190Z   typedef struct evp_pkey_asn1_method_st EVP_PKEY_ASN1_METHOD;
2022-12-27T01:54:32.5081270Z                                          ^
2022-12-27T01:54:32.5084430Z   third_party/boringssl/include/openssl/base.h:258:40: note: previous definition is here
2022-12-27T01:54:32.5085330Z   typedef struct evp_pkey_asn1_method_st EVP_PKEY_ASN1_METHOD;
2022-12-27T01:54:32.5087760Z                                          ^
2022-12-27T01:54:32.5089940Z   In file included from src/boringssl/err_data.c:18:
2022-12-27T01:54:32.5092510Z   In file included from /usr/local/opt/openssl@3/include/openssl/err.h:28:
2022-12-27T01:54:32.5094460Z   /usr/local/opt/openssl@3/include/openssl/types.h:111:35: warning: redefinition of typedef 'EVP_PKEY_METHOD' is a C11 feature [-Wtypedef-redefinition]
2022-12-27T01:54:32.5096240Z   typedef struct evp_pkey_method_st EVP_PKEY_METHOD;
2022-12-27T01:54:32.5098330Z                                     ^
2022-12-27T01:54:32.5100440Z   third_party/boringssl/include/openssl/base.h:260:35: note: previous definition is here
2022-12-27T01:54:32.5102640Z   typedef struct evp_pkey_method_st EVP_PKEY_METHOD;
2022-12-27T01:54:32.5104560Z                                     ^
2022-12-27T01:54:32.5106670Z   In file included from src/boringssl/err_data.c:18:
2022-12-27T01:54:32.5108780Z   In file included from /usr/local/opt/openssl@3/include/openssl/err.h:28:
2022-12-27T01:54:32.5111190Z   /usr/local/opt/openssl@3/include/openssl/types.h:112:32: warning: redefinition of typedef 'EVP_PKEY_CTX' is a C11 feature [-Wtypedef-redefinition]
2022-12-27T01:54:32.5112780Z   typedef struct evp_pkey_ctx_st EVP_PKEY_CTX;
2022-12-27T01:54:32.5114810Z                                  ^
2022-12-27T01:54:32.5117050Z   third_party/boringssl/include/openssl/base.h:259:32: note: previous definition is here
2022-12-27T01:54:32.5119080Z   typedef struct evp_pkey_ctx_st EVP_PKEY_CTX;
2022-12-27T01:54:32.5120890Z                                  ^
2022-12-27T01:54:32.5123230Z   In file included from src/boringssl/err_data.c:18:
2022-12-27T01:54:32.5125210Z   In file included from /usr/local/opt/openssl@3/include/openssl/err.h:28:
2022-12-27T01:54:32.5127740Z   /usr/local/opt/openssl@3/include/openssl/types.h:130:34: error: typedef redefinition with different types ('struct evp_Encode_Ctx_st' vs 'struct evp_encode_ctx_st')
2022-12-27T01:54:32.5129330Z   typedef struct evp_Encode_Ctx_st EVP_ENCODE_CTX;
2022-12-27T01:54:32.5131340Z                                    ^
2022-12-27T01:54:32.5133540Z   third_party/boringssl/include/openssl/base.h:257:34: note: previous definition is here
2022-12-27T01:54:32.5135430Z   typedef struct evp_encode_ctx_st EVP_ENCODE_CTX;
2022-12-27T01:54:32.5137540Z                                    ^
2022-12-27T01:54:32.5139630Z   In file included from src/boringssl/err_data.c:18:
2022-12-27T01:54:32.5141890Z   In file included from /usr/local/opt/openssl@3/include/openssl/err.h:28:
2022-12-27T01:54:32.5144540Z   /usr/local/opt/openssl@3/include/openssl/types.h:132:28: warning: redefinition of typedef 'HMAC_CTX' is a C11 feature [-Wtypedef-redefinition]
2022-12-27T01:54:32.5145910Z   typedef struct hmac_ctx_st HMAC_CTX;
2022-12-27T01:54:32.5147970Z                              ^
2022-12-27T01:54:32.5150080Z   third_party/boringssl/include/openssl/base.h:262:28: note: previous definition is here
2022-12-27T01:54:32.5152040Z   typedef struct hmac_ctx_st HMAC_CTX;
2022-12-27T01:54:32.5153980Z                              ^
2022-12-27T01:54:32.5156060Z   In file included from src/boringssl/err_data.c:18:
2022-12-27T01:54:32.5158100Z   In file included from /usr/local/opt/openssl@3/include/openssl/err.h:28:
2022-12-27T01:54:32.5160510Z   /usr/local/opt/openssl@3/include/openssl/types.h:134:22: warning: redefinition of typedef 'DH' is a C11 feature [-Wtypedef-redefinition]
2022-12-27T01:54:32.5162170Z   typedef struct dh_st DH;
2022-12-27T01:54:32.5164230Z                        ^
2022-12-27T01:54:32.5166240Z   third_party/boringssl/include/openssl/base.h:244:22: note: previous definition is here
2022-12-27T01:54:32.5168230Z   typedef struct dh_st DH;
2022-12-27T01:54:32.5171810Z                        ^
2022-12-27T01:54:32.5172520Z   In file included from src/boringssl/err_data.c:18:
2022-12-27T01:54:32.5174850Z   In file included from /usr/local/opt/openssl@3/include/openssl/err.h:28:
2022-12-27T01:54:32.5177850Z   /usr/local/opt/openssl@3/include/openssl/types.h:138:23: warning: redefinition of typedef 'DSA' is a C11 feature [-Wtypedef-redefinition]
2022-12-27T01:54:32.5178800Z   typedef struct dsa_st DSA;
2022-12-27T01:54:32.5180880Z                         ^
2022-12-27T01:54:32.5183080Z   third_party/boringssl/include/openssl/base.h:245:23: note: previous definition is here
2022-12-27T01:54:32.5184950Z   typedef struct dsa_st DSA;
2022-12-27T01:54:32.5186930Z                         ^
2022-12-27T01:54:32.5188820Z   In file included from src/boringssl/err_data.c:18:
2022-12-27T01:54:32.5191190Z   In file included from /usr/local/opt/openssl@3/include/openssl/err.h:28:
2022-12-27T01:54:32.5193290Z   /usr/local/opt/openssl@3/include/openssl/types.h:143:23: warning: redefinition of typedef 'RSA' is a C11 feature [-Wtypedef-redefinition]
2022-12-27T01:54:32.5195340Z   typedef struct rsa_st RSA;
2022-12-27T01:54:32.5197180Z                         ^
2022-12-27T01:54:32.5200190Z   third_party/boringssl/include/openssl/base.h:272:23: note: previous definition is here
2022-12-27T01:54:32.5204700Z   typedef struct rsa_st RSA;
2022-12-27T01:54:32.5209080Z                         ^
2022-12-27T01:54:32.5211160Z   In file included from src/boringssl/err_data.c:18:
2022-12-27T01:54:32.5213770Z   In file included from /usr/local/opt/openssl@3/include/openssl/err.h:28:
2022-12-27T01:54:32.5215580Z   /usr/local/opt/openssl@3/include/openssl/types.h:144:28: warning: redefinition of typedef 'RSA_METHOD' is a C11 feature [-Wtypedef-redefinition]
2022-12-27T01:54:32.5217140Z   typedef struct rsa_meth_st RSA_METHOD;
2022-12-27T01:54:32.5219170Z                              ^
2022-12-27T01:54:32.5221380Z   third_party/boringssl/include/openssl/base.h:271:28: note: previous definition is here
2022-12-27T01:54:32.5223240Z   typedef struct rsa_meth_st RSA_METHOD;
2022-12-27T01:54:32.5225260Z                              ^
2022-12-27T01:54:32.5227350Z   In file included from src/boringssl/err_data.c:18:
2022-12-27T01:54:32.5229160Z   In file included from /usr/local/opt/openssl@3/include/openssl/err.h:28:
2022-12-27T01:54:32.5231690Z   /usr/local/opt/openssl@3/include/openssl/types.h:149:26: warning: redefinition of typedef 'EC_KEY' is a C11 feature [-Wtypedef-redefinition]
2022-12-27T01:54:32.5233250Z   typedef struct ec_key_st EC_KEY;
2022-12-27T01:54:32.5235290Z                            ^
2022-12-27T01:54:32.5237410Z   third_party/boringssl/include/openssl/base.h:247:26: note: previous definition is here
2022-12-27T01:54:32.5239200Z   typedef struct ec_key_st EC_KEY;
2022-12-27T01:54:32.5241290Z                            ^
2022-12-27T01:54:32.5243420Z   In file included from src/boringssl/err_data.c:18:
2022-12-27T01:54:32.5245270Z   In file included from /usr/local/opt/openssl@3/include/openssl/err.h:28:
2022-12-27T01:54:32.5247950Z   /usr/local/opt/openssl@3/include/openssl/types.h:153:29: warning: redefinition of typedef 'RAND_METHOD' is a C11 feature [-Wtypedef-redefinition]
2022-12-27T01:54:32.5249390Z   typedef struct rand_meth_st RAND_METHOD;
2022-12-27T01:54:32.5251350Z                               ^
2022-12-27T01:54:32.5253470Z   third_party/boringssl/include/openssl/base.h:269:29: note: previous definition is here
2022-12-27T01:54:32.5255340Z   typedef struct rand_meth_st RAND_METHOD;
2022-12-27T01:54:32.5257440Z                               ^
2022-12-27T01:54:32.5259880Z   In file included from src/boringssl/err_data.c:18:
2022-12-27T01:54:32.5261920Z   In file included from /usr/local/opt/openssl@3/include/openssl/err.h:28:
2022-12-27T01:54:32.5264180Z   /usr/local/opt/openssl@3/include/openssl/types.h:157:24: warning: redefinition of typedef 'X509' is a C11 feature [-Wtypedef-redefinition]
2022-12-27T01:54:32.5265680Z   typedef struct x509_st X509;
2022-12-27T01:54:32.5267600Z                          ^
2022-12-27T01:54:32.5269900Z   third_party/boringssl/include/openssl/base.h:293:24: note: previous definition is here
2022-12-27T01:54:32.5271780Z   typedef struct x509_st X509;
2022-12-27T01:54:32.5273430Z                          ^
2022-12-27T01:54:32.5275780Z   In file included from src/boringssl/err_data.c:18:
2022-12-27T01:54:32.5277440Z   In file included from /usr/local/opt/openssl@3/include/openssl/err.h:28:
2022-12-27T01:54:32.5280500Z   /usr/local/opt/openssl@3/include/openssl/types.h:158:30: warning: redefinition of typedef 'X509_ALGOR' is a C11 feature [-Wtypedef-redefinition]
2022-12-27T01:54:32.5281590Z   typedef struct X509_algor_st X509_ALGOR;
2022-12-27T01:54:32.5283790Z                                ^
2022-12-27T01:54:32.5285770Z   third_party/boringssl/include/openssl/base.h:219:30: note: previous definition is here
2022-12-27T01:54:32.5287660Z   typedef struct X509_algor_st X509_ALGOR;
2022-12-27T01:54:32.5289680Z                                ^
2022-12-27T01:54:32.5291800Z   In file included from src/boringssl/err_data.c:18:
2022-12-27T01:54:32.5293560Z   In file included from /usr/local/opt/openssl@3/include/openssl/err.h:28:
2022-12-27T01:54:32.5296620Z   /usr/local/opt/openssl@3/include/openssl/types.h:159:28: warning: redefinition of typedef 'X509_CRL' is a C11 feature [-Wtypedef-redefinition]
2022-12-27T01:54:32.5297830Z   typedef struct X509_crl_st X509_CRL;
2022-12-27T01:54:32.5299870Z                              ^
2022-12-27T01:54:32.5302470Z   third_party/boringssl/include/openssl/base.h:221:28: note: previous definition is here
2022-12-27T01:54:32.5304410Z   typedef struct X509_crl_st X509_CRL;
2022-12-27T01:54:32.5306110Z                              ^
2022-12-27T01:54:32.5308390Z   In file included from src/boringssl/err_data.c:18:
2022-12-27T01:54:32.5310180Z   In file included from /usr/local/opt/openssl@3/include/openssl/err.h:28:
2022-12-27T01:54:32.5314540Z   /usr/local/opt/openssl@3/include/openssl/types.h:160:35: warning: redefinition of typedef 'X509_CRL_METHOD' is a C11 feature [-Wtypedef-redefinition]
2022-12-27T01:54:32.5341960Z   typedef struct x509_crl_method_st X509_CRL_METHOD;
2022-12-27T01:54:32.5342570Z                                     ^
2022-12-27T01:54:32.5342890Z   third_party/boringssl/include/openssl/base.h:290:35: note: previous definition is here
2022-12-27T01:54:32.5343980Z   typedef struct x509_crl_method_st X509_CRL_METHOD;
2022-12-27T01:54:32.5344240Z                                     ^
2022-12-27T01:54:32.5344590Z   In file included from src/boringssl/err_data.c:18:
2022-12-27T01:54:32.5345040Z   In file included from /usr/local/opt/openssl@3/include/openssl/err.h:28:
2022-12-27T01:54:32.5346270Z   /usr/local/opt/openssl@3/include/openssl/types.h:161:32: warning: redefinition of typedef 'X509_REVOKED' is a C11 feature [-Wtypedef-redefinition]
2022-12-27T01:54:32.5346670Z   typedef struct x509_revoked_st X509_REVOKED;
2022-12-27T01:54:32.5346930Z                                  ^
2022-12-27T01:54:32.5347210Z   third_party/boringssl/include/openssl/base.h:292:32: note: previous definition is here
2022-12-27T01:54:32.5347540Z   typedef struct x509_revoked_st X509_REVOKED;
2022-12-27T01:54:32.5347780Z                                  ^
2022-12-27T01:54:32.5348110Z   In file included from src/boringssl/err_data.c:18:
2022-12-27T01:54:32.5348440Z   In file included from /usr/local/opt/openssl@3/include/openssl/err.h:28:
2022-12-27T01:54:32.5349080Z   /usr/local/opt/openssl@3/include/openssl/types.h:162:29: warning: redefinition of typedef 'X509_NAME' is a C11 feature [-Wtypedef-redefinition]
2022-12-27T01:54:32.5349450Z   typedef struct X509_name_st X509_NAME;
2022-12-27T01:54:32.5349670Z                               ^
2022-12-27T01:54:32.5350170Z   third_party/boringssl/include/openssl/base.h:225:29: note: previous definition is here
2022-12-27T01:54:32.5352970Z   typedef struct X509_name_st X509_NAME;
2022-12-27T01:54:32.5354480Z                               ^
2022-12-27T01:54:32.5356440Z   In file included from src/boringssl/err_data.c:18:
2022-12-27T01:54:32.5358780Z   In file included from /usr/local/opt/openssl@3/include/openssl/err.h:28:
2022-12-27T01:54:32.5361140Z   /usr/local/opt/openssl@3/include/openssl/types.h:163:31: warning: redefinition of typedef 'X509_PUBKEY' is a C11 feature [-Wtypedef-redefinition]
2022-12-27T01:54:32.5362950Z   typedef struct X509_pubkey_st X509_PUBKEY;
2022-12-27T01:54:32.5365360Z                                 ^
2022-12-27T01:54:32.5367760Z   third_party/boringssl/include/openssl/base.h:227:31: note: previous definition is here
2022-12-27T01:54:32.5369060Z   typedef struct X509_pubkey_st X509_PUBKEY;
2022-12-27T01:54:32.5371070Z                                 ^
2022-12-27T01:54:32.5373180Z   In file included from src/boringssl/err_data.c:18:
2022-12-27T01:54:32.5375210Z   In file included from /usr/local/opt/openssl@3/include/openssl/err.h:28:
2022-12-27T01:54:32.5377770Z   /usr/local/opt/openssl@3/include/openssl/types.h:164:30: warning: redefinition of typedef 'X509_STORE' is a C11 feature [-Wtypedef-redefinition]
2022-12-27T01:54:32.5380020Z   typedef struct x509_store_st X509_STORE;
2022-12-27T01:54:32.5381210Z                                ^
2022-12-27T01:54:32.5383720Z   third_party/boringssl/include/openssl/base.h:295:30: note: previous definition is here
2022-12-27T01:54:32.5385550Z   typedef struct x509_store_st X509_STORE;
2022-12-27T01:54:32.5387600Z                                ^
2022-12-27T01:54:32.5389750Z   In file included from src/boringssl/err_data.c:18:
2022-12-27T01:54:32.5391800Z   In file included from /usr/local/opt/openssl@3/include/openssl/err.h:28:
2022-12-27T01:54:32.5394240Z   /usr/local/opt/openssl@3/include/openssl/types.h:165:34: warning: redefinition of typedef 'X509_STORE_CTX' is a C11 feature [-Wtypedef-redefinition]
2022-12-27T01:54:32.5395920Z   typedef struct x509_store_ctx_st X509_STORE_CTX;
2022-12-27T01:54:32.5397930Z                                    ^
2022-12-27T01:54:32.5400000Z   third_party/boringssl/include/openssl/base.h:294:34: note: previous definition is here
2022-12-27T01:54:32.5402060Z   typedef struct x509_store_ctx_st X509_STORE_CTX;
2022-12-27T01:54:32.5403970Z                                    ^
2022-12-27T01:54:32.5405980Z   In file included from src/boringssl/err_data.c:18:
2022-12-27T01:54:32.5407960Z   In file included from /usr/local/opt/openssl@3/include/openssl/err.h:28:
2022-12-27T01:54:32.5410420Z   /usr/local/opt/openssl@3/include/openssl/types.h:168:31: warning: redefinition of typedef 'X509_LOOKUP' is a C11 feature [-Wtypedef-redefinition]
2022-12-27T01:54:32.5412030Z   typedef struct x509_lookup_st X509_LOOKUP;
2022-12-27T01:54:32.5414060Z                                 ^
2022-12-27T01:54:32.5416200Z   third_party/boringssl/include/openssl/base.h:291:31: note: previous definition is here
2022-12-27T01:54:32.5418080Z   typedef struct x509_lookup_st X509_LOOKUP;
2022-12-27T01:54:32.5420050Z                                 ^
2022-12-27T01:54:32.5422200Z   In file included from src/boringssl/err_data.c:18:
2022-12-27T01:54:32.5424310Z   In file included from /usr/local/opt/openssl@3/include/openssl/err.h:28:
2022-12-27T01:54:32.5426870Z   /usr/local/opt/openssl@3/include/openssl/types.h:170:37: warning: redefinition of typedef 'X509_VERIFY_PARAM' is a C11 feature [-Wtypedef-redefinition]
2022-12-27T01:54:32.5428320Z   typedef struct X509_VERIFY_PARAM_st X509_VERIFY_PARAM;
2022-12-27T01:54:32.5430350Z                                       ^
2022-12-27T01:54:32.5432550Z   third_party/boringssl/include/openssl/base.h:218:37: note: previous definition is here
2022-12-27T01:54:32.5434410Z   typedef struct X509_VERIFY_PARAM_st X509_VERIFY_PARAM;
2022-12-27T01:54:32.5436340Z                                       ^
2022-12-27T01:54:32.5438670Z   In file included from src/boringssl/err_data.c:18:
2022-12-27T01:54:32.5440400Z   In file included from /usr/local/opt/openssl@3/include/openssl/err.h:28:
2022-12-27T01:54:32.5443220Z   /usr/local/opt/openssl@3/include/openssl/types.h:174:39: warning: redefinition of typedef 'PKCS8_PRIV_KEY_INFO' is a C11 feature [-Wtypedef-redefinition]
2022-12-27T01:54:32.5444840Z   typedef struct pkcs8_priv_key_info_st PKCS8_PRIV_KEY_INFO;
2022-12-27T01:54:32.5447000Z                                         ^
2022-12-27T01:54:32.5449150Z   third_party/boringssl/include/openssl/base.h:267:39: note: previous definition is here
2022-12-27T01:54:32.5451110Z   typedef struct pkcs8_priv_key_info_st PKCS8_PRIV_KEY_INFO;
2022-12-27T01:54:32.5453400Z                                         ^
2022-12-27T01:54:32.5455100Z   In file included from src/boringssl/err_data.c:18:
2022-12-27T01:54:32.5457280Z   In file included from /usr/local/opt/openssl@3/include/openssl/err.h:28:
2022-12-27T01:54:32.5459750Z   /usr/local/opt/openssl@3/include/openssl/types.h:176:27: warning: redefinition of typedef 'X509V3_CTX' is a C11 feature [-Wtypedef-redefinition]
2022-12-27T01:54:32.5461360Z   typedef struct v3_ext_ctx X509V3_CTX;
2022-12-27T01:54:32.5463430Z                             ^
2022-12-27T01:54:32.5465620Z   third_party/boringssl/include/openssl/base.h:285:27: note: previous definition is here
2022-12-27T01:54:32.5467480Z   typedef struct v3_ext_ctx X509V3_CTX;
2022-12-27T01:54:32.5469500Z                             ^
2022-12-27T01:54:32.5471570Z   In file included from src/boringssl/err_data.c:18:
2022-12-27T01:54:32.5473620Z   In file included from /usr/local/opt/openssl@3/include/openssl/err.h:28:
2022-12-27T01:54:32.5476130Z   /usr/local/opt/openssl@3/include/openssl/types.h:177:24: warning: redefinition of typedef 'CONF' is a C11 feature [-Wtypedef-redefinition]
2022-12-27T01:54:32.5477630Z   typedef struct conf_st CONF;
2022-12-27T01:54:32.5479690Z                          ^
2022-12-27T01:54:32.5482000Z   third_party/boringssl/include/openssl/base.h:242:24: note: previous definition is here
2022-12-27T01:54:32.5483780Z   typedef struct conf_st CONF;
2022-12-27T01:54:32.5485860Z                          ^
2022-12-27T01:54:32.5487950Z   In file included from src/boringssl/err_data.c:18:
2022-12-27T01:54:32.5489970Z   In file included from /usr/local/opt/openssl@3/include/openssl/err.h:28:
2022-12-27T01:54:32.5492410Z   /usr/local/opt/openssl@3/include/openssl/types.h:183:26: warning: redefinition of typedef 'ENGINE' is a C11 feature [-Wtypedef-redefinition]
2022-12-27T01:54:32.5494120Z   typedef struct engine_st ENGINE;
2022-12-27T01:54:32.5496170Z                            ^
2022-12-27T01:54:32.5498440Z   third_party/boringssl/include/openssl/base.h:251:26: note: previous definition is here
2022-12-27T01:54:32.5500270Z   typedef struct engine_st ENGINE;
2022-12-27T01:54:32.5502620Z                            ^
2022-12-27T01:54:32.5504660Z   In file included from src/boringssl/err_data.c:18:
2022-12-27T01:54:32.5506550Z   In file included from /usr/local/opt/openssl@3/include/openssl/err.h:28:
2022-12-27T01:54:32.5509160Z   /usr/local/opt/openssl@3/include/openssl/types.h:184:23: warning: redefinition of typedef 'SSL' is a C11 feature [-Wtypedef-redefinition]
2022-12-27T01:54:32.5510640Z   typedef struct ssl_st SSL;
2022-12-27T01:54:32.5512670Z                         ^
2022-12-27T01:54:32.5514850Z   third_party/boringssl/include/openssl/base.h:283:23: note: previous definition is here
2022-12-27T01:54:32.5516690Z   typedef struct ssl_st SSL;
2022-12-27T01:54:32.5518790Z                         ^
2022-12-27T01:54:32.5520980Z   In file included from src/boringssl/err_data.c:18:
2022-12-27T01:54:32.5523010Z   In file included from /usr/local/opt/openssl@3/include/openssl/err.h:28:
2022-12-27T01:54:32.5525190Z   /usr/local/opt/openssl@3/include/openssl/types.h:185:27: warning: redefinition of typedef 'SSL_CTX' is a C11 feature [-Wtypedef-redefinition]
2022-12-27T01:54:32.5526760Z   typedef struct ssl_ctx_st SSL_CTX;
2022-12-27T01:54:32.5528770Z                             ^
2022-12-27T01:54:32.5530900Z   third_party/boringssl/include/openssl/base.h:279:27: note: previous definition is here
2022-12-27T01:54:32.5532640Z   typedef struct ssl_ctx_st SSL_CTX;
2022-12-27T01:54:32.5534660Z                             ^
2022-12-27T01:54:32.5536640Z   In file included from src/boringssl/err_data.c:18:
2022-12-27T01:54:32.5538500Z   In file included from /usr/local/opt/openssl@3/include/openssl/err.h:28:
2022-12-27T01:54:32.5541000Z   /usr/local/opt/openssl@3/include/openssl/types.h:190:36: warning: redefinition of typedef 'X509_POLICY_NODE' is a C11 feature [-Wtypedef-redefinition]
2022-12-27T01:54:32.5542570Z   typedef struct X509_POLICY_NODE_st X509_POLICY_NODE;
2022-12-27T01:54:32.5544790Z                                      ^
2022-12-27T01:54:32.5546560Z   third_party/boringssl/include/openssl/base.h:216:36: note: previous definition is here
2022-12-27T01:54:32.5548460Z   typedef struct X509_POLICY_NODE_st X509_POLICY_NODE;
2022-12-27T01:54:32.5550520Z                                      ^
2022-12-27T01:54:32.5552550Z   In file included from src/boringssl/err_data.c:18:
2022-12-27T01:54:32.5554560Z   In file included from /usr/local/opt/openssl@3/include/openssl/err.h:28:
2022-12-27T01:54:32.5557100Z   /usr/local/opt/openssl@3/include/openssl/types.h:191:37: warning: redefinition of typedef 'X509_POLICY_LEVEL' is a C11 feature [-Wtypedef-redefinition]
2022-12-27T01:54:32.5558500Z   typedef struct X509_POLICY_LEVEL_st X509_POLICY_LEVEL;
2022-12-27T01:54:32.5560600Z                                       ^
2022-12-27T01:54:32.5562880Z   third_party/boringssl/include/openssl/base.h:215:37: note: previous definition is here
2022-12-27T01:54:32.5564900Z   typedef struct X509_POLICY_LEVEL_st X509_POLICY_LEVEL;
2022-12-27T01:54:32.5566810Z                                       ^
2022-12-27T01:54:32.5568880Z   In file included from src/boringssl/err_data.c:18:
2022-12-27T01:54:32.5570900Z   In file included from /usr/local/opt/openssl@3/include/openssl/err.h:28:
2022-12-27T01:54:32.5573230Z   /usr/local/opt/openssl@3/include/openssl/types.h:192:36: warning: redefinition of typedef 'X509_POLICY_TREE' is a C11 feature [-Wtypedef-redefinition]
2022-12-27T01:54:32.5574590Z   typedef struct X509_POLICY_TREE_st X509_POLICY_TREE;
2022-12-27T01:54:32.5576580Z                                      ^
2022-12-27T01:54:32.5578710Z   third_party/boringssl/include/openssl/base.h:217:36: note: previous definition is here
2022-12-27T01:54:32.5580750Z   typedef struct X509_POLICY_TREE_st X509_POLICY_TREE;
2022-12-27T01:54:32.5582670Z                                      ^
2022-12-27T01:54:32.5584550Z   In file included from src/boringssl/err_data.c:18:
2022-12-27T01:54:32.5586740Z   In file included from /usr/local/opt/openssl@3/include/openssl/err.h:28:
2022-12-27T01:54:32.5589280Z   /usr/local/opt/openssl@3/include/openssl/types.h:193:37: warning: redefinition of typedef 'X509_POLICY_CACHE' is a C11 feature [-Wtypedef-redefinition]
2022-12-27T01:54:32.5590720Z   typedef struct X509_POLICY_CACHE_st X509_POLICY_CACHE;
2022-12-27T01:54:32.5592600Z                                       ^
2022-12-27T01:54:32.5594810Z   third_party/boringssl/include/openssl/base.h:214:37: note: previous definition is here
2022-12-27T01:54:32.5596610Z   typedef struct X509_POLICY_CACHE_st X509_POLICY_CACHE;
2022-12-27T01:54:32.5598560Z                                       ^
2022-12-27T01:54:32.5600310Z   In file included from src/boringssl/err_data.c:18:
2022-12-27T01:54:32.5602490Z   In file included from /usr/local/opt/openssl@3/include/openssl/err.h:28:
2022-12-27T01:54:32.5604830Z   /usr/local/opt/openssl@3/include/openssl/types.h:195:35: warning: redefinition of typedef 'AUTHORITY_KEYID' is a C11 feature [-Wtypedef-redefinition]
2022-12-27T01:54:32.5606310Z   typedef struct AUTHORITY_KEYID_st AUTHORITY_KEYID;
2022-12-27T01:54:32.5608040Z                                     ^
2022-12-27T01:54:32.5610240Z   third_party/boringssl/include/openssl/base.h:201:35: note: previous definition is here
2022-12-27T01:54:32.5611980Z   typedef struct AUTHORITY_KEYID_st AUTHORITY_KEYID;
2022-12-27T01:54:32.5613900Z                                     ^
2022-12-27T01:54:32.5615870Z   In file included from src/boringssl/err_data.c:18:
2022-12-27T01:54:32.5617870Z   In file included from /usr/local/opt/openssl@3/include/openssl/err.h:28:
2022-12-27T01:54:32.5620000Z   /usr/local/opt/openssl@3/include/openssl/types.h:196:30: warning: redefinition of typedef 'DIST_POINT' is a C11 feature [-Wtypedef-redefinition]
2022-12-27T01:54:32.5621690Z   typedef struct DIST_POINT_st DIST_POINT;
2022-12-27T01:54:32.5623680Z                                ^
2022-12-27T01:54:32.5625690Z   third_party/boringssl/include/openssl/base.h:203:30: note: previous definition is here
2022-12-27T01:54:32.5627860Z   typedef struct DIST_POINT_st DIST_POINT;
2022-12-27T01:54:32.5629290Z                                ^
2022-12-27T01:54:32.5631350Z   In file included from src/boringssl/err_data.c:18:
2022-12-27T01:54:32.5633350Z   In file included from /usr/local/opt/openssl@3/include/openssl/err.h:28:
2022-12-27T01:54:32.5635800Z   /usr/local/opt/openssl@3/include/openssl/types.h:197:38: warning: redefinition of typedef 'ISSUING_DIST_POINT' is a C11 feature [-Wtypedef-redefinition]
2022-12-27T01:54:32.5637270Z   typedef struct ISSUING_DIST_POINT_st ISSUING_DIST_POINT;
2022-12-27T01:54:32.5639290Z                                        ^
2022-12-27T01:54:32.5641430Z   third_party/boringssl/include/openssl/base.h:205:38: note: previous definition is here
2022-12-27T01:54:32.5643280Z   typedef struct ISSUING_DIST_POINT_st ISSUING_DIST_POINT;
2022-12-27T01:54:32.5645300Z                                        ^
2022-12-27T01:54:32.5647200Z   In file included from src/boringssl/err_data.c:18:
2022-12-27T01:54:32.5649650Z   In file included from /usr/local/opt/openssl@3/include/openssl/err.h:28:
2022-12-27T01:54:32.5652090Z   /usr/local/opt/openssl@3/include/openssl/types.h:198:36: warning: redefinition of typedef 'NAME_CONSTRAINTS' is a C11 feature [-Wtypedef-redefinition]
2022-12-27T01:54:32.5653340Z   typedef struct NAME_CONSTRAINTS_st NAME_CONSTRAINTS;
2022-12-27T01:54:32.5655150Z                                      ^
2022-12-27T01:54:32.5657450Z   third_party/boringssl/include/openssl/base.h:206:36: note: previous definition is here
2022-12-27T01:54:32.5659210Z   typedef struct NAME_CONSTRAINTS_st NAME_CONSTRAINTS;
2022-12-27T01:54:32.5661310Z                                      ^
2022-12-27T01:54:32.5663300Z   In file included from src/boringssl/err_data.c:18:
2022-12-27T01:54:32.5665560Z   In file included from /usr/local/opt/openssl@3/include/openssl/err.h:29:
2022-12-27T01:54:32.5667030Z   In file included from /usr/local/opt/openssl@3/include/openssl/bio.h:30:
2022-12-27T01:54:32.5669640Z   /usr/local/opt/openssl@3/include/openssl/crypto.h:308:3: error: typedef redefinition with different types ('struct crypto_threadid_st' vs 'int')
2022-12-27T01:54:32.5670980Z   } CRYPTO_THREADID;
2022-12-27T01:54:32.5673180Z     ^
2022-12-27T01:54:32.5675320Z   third_party/boringssl/include/openssl/base.h:176:13: note: previous definition is here
2022-12-27T01:54:32.5677240Z   typedef int CRYPTO_THREADID;
2022-12-27T01:54:32.5679170Z               ^
2022-12-27T01:54:32.5681210Z   In file included from src/boringssl/err_data.c:18:
2022-12-27T01:54:32.5683260Z   In file included from /usr/local/opt/openssl@3/include/openssl/err.h:29:
2022-12-27T01:54:32.5685620Z   /usr/local/opt/openssl@3/include/openssl/bio.h:296:30: warning: redefinition of typedef 'BIO_METHOD' is a C11 feature [-Wtypedef-redefinition]
2022-12-27T01:54:32.5687120Z   typedef struct bio_method_st BIO_METHOD;
2022-12-27T01:54:32.5689130Z                                ^
2022-12-27T01:54:32.5691240Z   third_party/boringssl/include/openssl/base.h:234:30: note: previous definition is here
2022-12-27T01:54:32.5692970Z   typedef struct bio_method_st BIO_METHOD;
2022-12-27T01:54:32.5695080Z                                ^
2022-12-27T01:54:32.5697580Z   src/boringssl/err_data.c:33:1: error: 'OPENSSL_COMPILE_ASSERT_library_values_changed_12' declared as an array with a negative size
2022-12-27T01:54:32.5699100Z   OPENSSL_COMPILE_ASSERT(ERR_LIB_ASN1 == 12, library_values_changed_12);
2022-12-27T01:54:32.5701130Z   ^~~~~~~~~~~~~~~~~~~~~~~~~~~~~~~~~~~~~~~~~~~~~~~~~~~~~~~~~~~~~~~~~~~~~
2022-12-27T01:54:32.5703550Z   third_party/boringssl/include/openssl/type_check.h:83:45: note: expanded from macro 'OPENSSL_COMPILE_ASSERT'
2022-12-27T01:54:32.5705130Z     typedef char OPENSSL_COMPILE_ASSERT_##msg[((cond) ? 1 : -1)]
2022-12-27T01:54:32.5707000Z                                               ^~~~~~~~~~~~~~~~~
2022-12-27T01:54:32.5709220Z   src/boringssl/err_data.c:34:1: error: 'OPENSSL_COMPILE_ASSERT_library_values_changed_13' declared as an array with a negative size
2022-12-27T01:54:32.5710980Z   OPENSSL_COMPILE_ASSERT(ERR_LIB_CONF == 13, library_values_changed_13);
2022-12-27T01:54:32.5712470Z   ^~~~~~~~~~~~~~~~~~~~~~~~~~~~~~~~~~~~~~~~~~~~~~~~~~~~~~~~~~~~~~~~~~~~~
2022-12-27T01:54:32.5714920Z   third_party/boringssl/include/openssl/type_check.h:83:45: note: expanded from macro 'OPENSSL_COMPILE_ASSERT'
2022-12-27T01:54:32.5716460Z     typedef char OPENSSL_COMPILE_ASSERT_##msg[((cond) ? 1 : -1)]
2022-12-27T01:54:32.5718270Z                                               ^~~~~~~~~~~~~~~~~
2022-12-27T01:54:32.5720760Z   src/boringssl/err_data.c:35:1: error: 'OPENSSL_COMPILE_ASSERT_library_values_changed_14' declared as an array with a negative size
2022-12-27T01:54:32.5722350Z   OPENSSL_COMPILE_ASSERT(ERR_LIB_CRYPTO == 14, library_values_changed_14);
2022-12-27T01:54:32.5724150Z   ^~~~~~~~~~~~~~~~~~~~~~~~~~~~~~~~~~~~~~~~~~~~~~~~~~~~~~~~~~~~~~~~~~~~~~~
2022-12-27T01:54:32.5726530Z   third_party/boringssl/include/openssl/type_check.h:83:45: note: expanded from macro 'OPENSSL_COMPILE_ASSERT'
2022-12-27T01:54:32.5728320Z     typedef char OPENSSL_COMPILE_ASSERT_##msg[((cond) ? 1 : -1)]
2022-12-27T01:54:32.5729920Z                                               ^~~~~~~~~~~~~~~~~
2022-12-27T01:54:32.5732350Z   src/boringssl/err_data.c:36:1: error: 'OPENSSL_COMPILE_ASSERT_library_values_changed_15' declared as an array with a negative size
2022-12-27T01:54:32.5733910Z   OPENSSL_COMPILE_ASSERT(ERR_LIB_EC == 15, library_values_changed_15);
2022-12-27T01:54:32.5736000Z   ^~~~~~~~~~~~~~~~~~~~~~~~~~~~~~~~~~~~~~~~~~~~~~~~~~~~~~~~~~~~~~~~~~~
2022-12-27T01:54:32.5737950Z   third_party/boringssl/include/openssl/type_check.h:83:45: note: expanded from macro 'OPENSSL_COMPILE_ASSERT'
2022-12-27T01:54:32.5739840Z     typedef char OPENSSL_COMPILE_ASSERT_##msg[((cond) ? 1 : -1)]
2022-12-27T01:54:32.5741680Z                                               ^~~~~~~~~~~~~~~~~
2022-12-27T01:54:32.5744120Z   src/boringssl/err_data.c:37:1: error: 'OPENSSL_COMPILE_ASSERT_library_values_changed_16' declared as an array with a negative size
2022-12-27T01:54:32.5745890Z   OPENSSL_COMPILE_ASSERT(ERR_LIB_SSL == 16, library_values_changed_16);
2022-12-27T01:54:32.5747780Z   ^~~~~~~~~~~~~~~~~~~~~~~~~~~~~~~~~~~~~~~~~~~~~~~~~~~~~~~~~~~~~~~~~~~~
2022-12-27T01:54:32.5750340Z   third_party/boringssl/include/openssl/type_check.h:83:45: note: expanded from macro 'OPENSSL_COMPILE_ASSERT'
2022-12-27T01:54:32.5752230Z     typedef char OPENSSL_COMPILE_ASSERT_##msg[((cond) ? 1 : -1)]
2022-12-27T01:54:32.5753950Z                                               ^~~~~~~~~~~~~~~~~
2022-12-27T01:54:32.5756480Z   src/boringssl/err_data.c:38:1: error: 'OPENSSL_COMPILE_ASSERT_library_values_changed_17' declared as an array with a negative size
2022-12-27T01:54:32.5758130Z   OPENSSL_COMPILE_ASSERT(ERR_LIB_BIO == 17, library_values_changed_17);
2022-12-27T01:54:32.5760210Z   ^~~~~~~~~~~~~~~~~~~~~~~~~~~~~~~~~~~~~~~~~~~~~~~~~~~~~~~~~~~~~~~~~~~~
2022-12-27T01:54:32.5762530Z   third_party/boringssl/include/openssl/type_check.h:83:45: note: expanded from macro 'OPENSSL_COMPILE_ASSERT'
2022-12-27T01:54:32.5764300Z     typedef char OPENSSL_COMPILE_ASSERT_##msg[((cond) ? 1 : -1)]
2022-12-27T01:54:32.5766000Z                                               ^~~~~~~~~~~~~~~~~
2022-12-27T01:54:32.5768420Z   src/boringssl/err_data.c:39:1: error: 'OPENSSL_COMPILE_ASSERT_library_values_changed_18' declared as an array with a negative size
2022-12-27T01:54:32.5770000Z   OPENSSL_COMPILE_ASSERT(ERR_LIB_PKCS7 == 18, library_values_changed_18);
2022-12-27T01:54:32.5771910Z   ^~~~~~~~~~~~~~~~~~~~~~~~~~~~~~~~~~~~~~~~~~~~~~~~~~~~~~~~~~~~~~~~~~~~~~
2022-12-27T01:54:32.5774180Z   third_party/boringssl/include/openssl/type_check.h:83:45: note: expanded from macro 'OPENSSL_COMPILE_ASSERT'
2022-12-27T01:54:32.5775950Z     typedef char OPENSSL_COMPILE_ASSERT_##msg[((cond) ? 1 : -1)]
2022-12-27T01:54:32.5777580Z                                               ^~~~~~~~~~~~~~~~~
2022-12-27T01:54:32.5779910Z   src/boringssl/err_data.c:40:24: error: use of undeclared identifier 'ERR_LIB_PKCS8'
2022-12-27T01:54:32.5781810Z   OPENSSL_COMPILE_ASSERT(ERR_LIB_PKCS8 == 19, library_values_changed_19);
2022-12-27T01:54:32.5783420Z                          ^
2022-12-27T01:54:32.5785830Z   src/boringssl/err_data.c:41:1: error: 'OPENSSL_COMPILE_ASSERT_library_values_changed_20' declared as an array with a negative size
2022-12-27T01:54:32.5787400Z   OPENSSL_COMPILE_ASSERT(ERR_LIB_X509V3 == 20, library_values_changed_20);
2022-12-27T01:54:32.5789300Z   ^~~~~~~~~~~~~~~~~~~~~~~~~~~~~~~~~~~~~~~~~~~~~~~~~~~~~~~~~~~~~~~~~~~~~~~
2022-12-27T01:54:32.5791600Z   third_party/boringssl/include/openssl/type_check.h:83:45: note: expanded from macro 'OPENSSL_COMPILE_ASSERT'
2022-12-27T01:54:32.5793330Z     typedef char OPENSSL_COMPILE_ASSERT_##msg[((cond) ? 1 : -1)]
2022-12-27T01:54:32.5795150Z                                               ^~~~~~~~~~~~~~~~~
2022-12-27T01:54:32.5797700Z   src/boringssl/err_data.c:42:1: error: 'OPENSSL_COMPILE_ASSERT_library_values_changed_21' declared as an array with a negative size
2022-12-27T01:54:32.5799180Z   OPENSSL_COMPILE_ASSERT(ERR_LIB_RAND == 21, library_values_changed_21);
2022-12-27T01:54:32.5801060Z   ^~~~~~~~~~~~~~~~~~~~~~~~~~~~~~~~~~~~~~~~~~~~~~~~~~~~~~~~~~~~~~~~~~~~~
2022-12-27T01:54:32.5803390Z   third_party/boringssl/include/openssl/type_check.h:83:45: note: expanded from macro 'OPENSSL_COMPILE_ASSERT'
2022-12-27T01:54:32.5805090Z     typedef char OPENSSL_COMPILE_ASSERT_##msg[((cond) ? 1 : -1)]
2022-12-27T01:54:32.5806820Z                                               ^~~~~~~~~~~~~~~~~
2022-12-27T01:54:32.5809270Z   src/boringssl/err_data.c:43:1: error: 'OPENSSL_COMPILE_ASSERT_library_values_changed_22' declared as an array with a negative size
2022-12-27T01:54:32.5810900Z   OPENSSL_COMPILE_ASSERT(ERR_LIB_ENGINE == 22, library_values_changed_22);
2022-12-27T01:54:32.5812840Z   ^~~~~~~~~~~~~~~~~~~~~~~~~~~~~~~~~~~~~~~~~~~~~~~~~~~~~~~~~~~~~~~~~~~~~~~
2022-12-27T01:54:32.5815080Z   third_party/boringssl/include/openssl/type_check.h:83:45: note: expanded from macro 'OPENSSL_COMPILE_ASSERT'
2022-12-27T01:54:32.5817000Z     typedef char OPENSSL_COMPILE_ASSERT_##msg[((cond) ? 1 : -1)]
2022-12-27T01:54:32.5818680Z                                               ^~~~~~~~~~~~~~~~~
2022-12-27T01:54:32.5821310Z   src/boringssl/err_data.c:44:1: error: 'OPENSSL_COMPILE_ASSERT_library_values_changed_23' declared as an array with a negative size
2022-12-27T01:54:32.5822680Z   OPENSSL_COMPILE_ASSERT(ERR_LIB_OCSP == 23, library_values_changed_23);
2022-12-27T01:54:32.5824720Z   ^~~~~~~~~~~~~~~~~~~~~~~~~~~~~~~~~~~~~~~~~~~~~~~~~~~~~~~~~~~~~~~~~~~~~
2022-12-27T01:54:32.5826950Z   third_party/boringssl/include/openssl/type_check.h:83:45: note: expanded from macro 'OPENSSL_COMPILE_ASSERT'
2022-12-27T01:54:32.5828650Z     typedef char OPENSSL_COMPILE_ASSERT_##msg[((cond) ? 1 : -1)]
2022-12-27T01:54:32.5830260Z                                               ^~~~~~~~~~~~~~~~~
2022-12-27T01:54:32.5832660Z   src/boringssl/err_data.c:45:1: error: 'OPENSSL_COMPILE_ASSERT_library_values_changed_24' declared as an array with a negative size
2022-12-27T01:54:32.5834170Z   OPENSSL_COMPILE_ASSERT(ERR_LIB_UI == 24, library_values_changed_24);
2022-12-27T01:54:32.5836320Z   ^~~~~~~~~~~~~~~~~~~~~~~~~~~~~~~~~~~~~~~~~~~~~~~~~~~~~~~~~~~~~~~~~~~
2022-12-27T01:54:32.5838220Z   third_party/boringssl/include/openssl/type_check.h:83:45: note: expanded from macro 'OPENSSL_COMPILE_ASSERT'
2022-12-27T01:54:32.5840040Z     typedef char OPENSSL_COMPILE_ASSERT_##msg[((cond) ? 1 : -1)]
2022-12-27T01:54:32.5841740Z                                               ^~~~~~~~~~~~~~~~~
2022-12-27T01:54:32.5844160Z   src/boringssl/err_data.c:46:1: error: 'OPENSSL_COMPILE_ASSERT_library_values_changed_25' declared as an array with a negative size
2022-12-27T01:54:32.5845630Z   OPENSSL_COMPILE_ASSERT(ERR_LIB_COMP == 25, library_values_changed_25);
2022-12-27T01:54:32.5847430Z   ^~~~~~~~~~~~~~~~~~~~~~~~~~~~~~~~~~~~~~~~~~~~~~~~~~~~~~~~~~~~~~~~~~~~~
2022-12-27T01:54:32.5850100Z   third_party/boringssl/include/openssl/type_check.h:83:45: note: expanded from macro 'OPENSSL_COMPILE_ASSERT'
2022-12-27T01:54:32.5851490Z     typedef char OPENSSL_COMPILE_ASSERT_##msg[((cond) ? 1 : -1)]
2022-12-27T01:54:32.5853090Z                                               ^~~~~~~~~~~~~~~~~
2022-12-27T01:54:32.5855560Z   src/boringssl/err_data.c:47:1: error: 'OPENSSL_COMPILE_ASSERT_library_values_changed_26' declared as an array with a negative size
2022-12-27T01:54:32.5857030Z   OPENSSL_COMPILE_ASSERT(ERR_LIB_ECDSA == 26, library_values_changed_26);
2022-12-27T01:54:32.5858890Z   ^~~~~~~~~~~~~~~~~~~~~~~~~~~~~~~~~~~~~~~~~~~~~~~~~~~~~~~~~~~~~~~~~~~~~~
2022-12-27T01:54:32.5861200Z   third_party/boringssl/include/openssl/type_check.h:83:45: note: expanded from macro 'OPENSSL_COMPILE_ASSERT'
2022-12-27T01:54:32.5862980Z     typedef char OPENSSL_COMPILE_ASSERT_##msg[((cond) ? 1 : -1)]
2022-12-27T01:54:32.5864570Z                                               ^~~~~~~~~~~~~~~~~
2022-12-27T01:54:32.5866820Z   fatal error: too many errors emitted, stopping now [-ferror-limit=]
2022-12-27T01:54:32.5868310Z   70 warnings and 20 errors generated.
2022-12-27T01:54:32.5870290Z   creating var
2022-12-27T01:54:32.5872170Z   creating var/folders
2022-12-27T01:54:32.5873860Z   creating var/folders/51
2022-12-27T01:54:32.5875930Z   creating var/folders/51/hd414ycd67n82196sw51xqtc0000gn
2022-12-27T01:54:32.5877810Z   creating var/folders/51/hd414ycd67n82196sw51xqtc0000gn/T
2022-12-27T01:54:32.5879790Z   creating var/folders/51/hd414ycd67n82196sw51xqtc0000gn/T/tmpu01fjyjh
2022-12-27T01:54:32.5883440Z   clang -Wsign-compare -Wunreachable-code -fno-common -dynamic -DNDEBUG -g -fwrapv -O3 -Wall -g -I/usr/local/opt/openssl@3/include -I/usr/local/opt/openssl@3/include -arch arm64 -I/private/var/folders/51/hd414ycd67n82196sw51xqtc0000gn/T/cibw-run-uh5yszyg/cp311-macosx_arm64/build/venv/include -I/Library/Frameworks/Python.framework/Versions/3.11/include/python3.11 -c /var/folders/51/hd414ycd67n82196sw51xqtc0000gn/T/tmpu01fjyjh/a.c -o var/folders/51/hd414ycd67n82196sw51xqtc0000gn/T/tmpu01fjyjh/a.o
2022-12-27T01:54:32.6261820Z   Traceback (most recent call last):
2022-12-27T01:54:32.6283020Z     File "/private/var/folders/51/hd414ycd67n82196sw51xqtc0000gn/T/cibw-run-uh5yszyg/cp311-macosx_arm64/build/venv/lib/python3.11/site-packages/setuptools/_distutils/unixccompiler.py", line 186, in _compile
2022-12-27T01:54:32.6284290Z       self.spawn(compiler_so + cc_args + [src, '-o', obj] + extra_postargs)
2022-12-27T01:54:32.6285500Z     File "/Users/runner/actions-runner/_work/python.build/python.build/build_grpcio135311/grpcio-1.3.5/src/python/grpcio/_spawn_patch.py", line 69, in _commandfile_spawn
2022-12-27T01:54:32.6286230Z       _classic_spawn(self, command)
2022-12-27T01:54:32.6287390Z     File "/private/var/folders/51/hd414ycd67n82196sw51xqtc0000gn/T/cibw-run-uh5yszyg/cp311-macosx_arm64/build/venv/lib/python3.11/site-packages/setuptools/_distutils/ccompiler.py", line 1007, in spawn
2022-12-27T01:54:32.6288210Z       spawn(cmd, dry_run=self.dry_run, **kwargs)
2022-12-27T01:54:32.6289370Z     File "/private/var/folders/51/hd414ycd67n82196sw51xqtc0000gn/T/cibw-run-uh5yszyg/cp311-macosx_arm64/build/venv/lib/python3.11/site-packages/setuptools/_distutils/spawn.py", line 70, in spawn
2022-12-27T01:54:32.6292990Z       raise DistutilsExecError(
2022-12-27T01:54:32.6296990Z   distutils.errors.DistutilsExecError: command '/usr/bin/clang' failed with exit code 1
2022-12-27T01:54:32.6300470Z 
2022-12-27T01:54:32.6304120Z   During handling of the above exception, another exception occurred:
2022-12-27T01:54:32.6307860Z 
2022-12-27T01:54:32.6311560Z   Traceback (most recent call last):
2022-12-27T01:54:32.6316380Z     File "/Users/runner/actions-runner/_work/python.build/python.build/build_grpcio135311/grpcio-1.3.5/src/python/grpcio/commands.py", line 281, in build_extensions
2022-12-27T01:54:32.6318740Z       build_ext.build_ext.build_extensions(self)
2022-12-27T01:54:32.6325370Z     File "/private/var/folders/51/hd414ycd67n82196sw51xqtc0000gn/T/cibw-run-uh5yszyg/cp311-macosx_arm64/build/venv/lib/python3.11/site-packages/Cython/Distutils/old_build_ext.py", line 195, in build_extensions
2022-12-27T01:54:32.6326790Z       _build_ext.build_ext.build_extensions(self)
2022-12-27T01:54:32.6331930Z     File "/private/var/folders/51/hd414ycd67n82196sw51xqtc0000gn/T/cibw-run-uh5yszyg/cp311-macosx_arm64/build/venv/lib/python3.11/site-packages/setuptools/_distutils/command/build_ext.py", line 468, in build_extensions
2022-12-27T01:54:32.6334210Z       self._build_extensions_serial()
2022-12-27T01:54:32.6339220Z     File "/private/var/folders/51/hd414ycd67n82196sw51xqtc0000gn/T/cibw-run-uh5yszyg/cp311-macosx_arm64/build/venv/lib/python3.11/site-packages/setuptools/_distutils/command/build_ext.py", line 494, in _build_extensions_serial
2022-12-27T01:54:32.6340840Z       self.build_extension(ext)
2022-12-27T01:54:32.6343990Z     File "/private/var/folders/51/hd414ycd67n82196sw51xqtc0000gn/T/cibw-run-uh5yszyg/cp311-macosx_arm64/build/venv/lib/python3.11/site-packages/setuptools/command/build_ext.py", line 246, in build_extension
2022-12-27T01:54:32.6344750Z       _build_ext.build_extension(self, ext)
2022-12-27T01:54:32.6347400Z     File "/private/var/folders/51/hd414ycd67n82196sw51xqtc0000gn/T/cibw-run-uh5yszyg/cp311-macosx_arm64/build/venv/lib/python3.11/site-packages/setuptools/_distutils/command/build_ext.py", line 549, in build_extension
2022-12-27T01:54:32.6348600Z       objects = self.compiler.compile(
2022-12-27T01:54:32.6350600Z                 ^^^^^^^^^^^^^^^^^^^^^^
2022-12-27T01:54:32.6353170Z     File "/private/var/folders/51/hd414ycd67n82196sw51xqtc0000gn/T/cibw-run-uh5yszyg/cp311-macosx_arm64/build/venv/lib/python3.11/site-packages/setuptools/_distutils/ccompiler.py", line 599, in compile
2022-12-27T01:54:32.6354340Z       self._compile(obj, src, ext, cc_args, extra_postargs, pp_opts)
2022-12-27T01:54:32.6357140Z     File "/private/var/folders/51/hd414ycd67n82196sw51xqtc0000gn/T/cibw-run-uh5yszyg/cp311-macosx_arm64/build/venv/lib/python3.11/site-packages/setuptools/_distutils/unixccompiler.py", line 188, in _compile
2022-12-27T01:54:32.6358350Z       raise CompileError(msg)
2022-12-27T01:54:32.6360530Z   distutils.errors.CompileError: command '/usr/bin/clang' failed with exit code 1
2022-12-27T01:54:32.6361880Z 
2022-12-27T01:54:32.6364110Z   During handling of the above exception, another exception occurred:
2022-12-27T01:54:32.6365520Z 
2022-12-27T01:54:32.6367810Z   Traceback (most recent call last):
2022-12-27T01:54:32.6369650Z     File "<string>", line 2, in <module>
2022-12-27T01:54:32.6371910Z     File "<pip-setuptools-caller>", line 34, in <module>
2022-12-27T01:54:32.6374090Z     File "/Users/runner/actions-runner/_work/python.build/python.build/build_grpcio135311/grpcio-1.3.5/setup.py", line 278, in <module>
2022-12-27T01:54:32.6375460Z       setuptools.setup(
2022-12-27T01:54:32.6379000Z     File "/private/var/folders/51/hd414ycd67n82196sw51xqtc0000gn/T/cibw-run-uh5yszyg/cp311-macosx_arm64/build/venv/lib/python3.11/site-packages/setuptools/__init__.py", line 87, in setup
2022-12-27T01:54:32.6379770Z       return distutils.core.setup(**attrs)
2022-12-27T01:54:32.6381790Z              ^^^^^^^^^^^^^^^^^^^^^^^^^^^^^
2022-12-27T01:54:32.6384500Z     File "/private/var/folders/51/hd414ycd67n82196sw51xqtc0000gn/T/cibw-run-uh5yszyg/cp311-macosx_arm64/build/venv/lib/python3.11/site-packages/setuptools/_distutils/core.py", line 185, in setup
2022-12-27T01:54:32.6385990Z       return run_commands(dist)
2022-12-27T01:54:32.6388010Z              ^^^^^^^^^^^^^^^^^^
2022-12-27T01:54:32.6390810Z     File "/private/var/folders/51/hd414ycd67n82196sw51xqtc0000gn/T/cibw-run-uh5yszyg/cp311-macosx_arm64/build/venv/lib/python3.11/site-packages/setuptools/_distutils/core.py", line 201, in run_commands
2022-12-27T01:54:32.6391920Z       dist.run_commands()
2022-12-27T01:54:32.6394600Z     File "/private/var/folders/51/hd414ycd67n82196sw51xqtc0000gn/T/cibw-run-uh5yszyg/cp311-macosx_arm64/build/venv/lib/python3.11/site-packages/setuptools/_distutils/dist.py", line 969, in run_commands
2022-12-27T01:54:32.6395800Z       self.run_command(cmd)
2022-12-27T01:54:32.6398810Z     File "/private/var/folders/51/hd414ycd67n82196sw51xqtc0000gn/T/cibw-run-uh5yszyg/cp311-macosx_arm64/build/venv/lib/python3.11/site-packages/setuptools/dist.py", line 1208, in run_command
2022-12-27T01:54:32.6399520Z       super().run_command(command)
2022-12-27T01:54:32.6402360Z     File "/private/var/folders/51/hd414ycd67n82196sw51xqtc0000gn/T/cibw-run-uh5yszyg/cp311-macosx_arm64/build/venv/lib/python3.11/site-packages/setuptools/_distutils/dist.py", line 988, in run_command
2022-12-27T01:54:32.6403530Z       cmd_obj.run()
2022-12-27T01:54:32.6406160Z     File "/private/var/folders/51/hd414ycd67n82196sw51xqtc0000gn/T/cibw-run-uh5yszyg/cp311-macosx_arm64/build/venv/lib/python3.11/site-packages/wheel/bdist_wheel.py", line 325, in run
2022-12-27T01:54:32.6407420Z       self.run_command("build")
2022-12-27T01:54:32.6410060Z     File "/private/var/folders/51/hd414ycd67n82196sw51xqtc0000gn/T/cibw-run-uh5yszyg/cp311-macosx_arm64/build/venv/lib/python3.11/site-packages/setuptools/_distutils/cmd.py", line 318, in run_command
2022-12-27T01:54:32.6411320Z       self.distribution.run_command(command)
2022-12-27T01:54:32.6413850Z     File "/private/var/folders/51/hd414ycd67n82196sw51xqtc0000gn/T/cibw-run-uh5yszyg/cp311-macosx_arm64/build/venv/lib/python3.11/site-packages/setuptools/dist.py", line 1208, in run_command
2022-12-27T01:54:32.6415120Z       super().run_command(command)
2022-12-27T01:54:32.6417740Z     File "/private/var/folders/51/hd414ycd67n82196sw51xqtc0000gn/T/cibw-run-uh5yszyg/cp311-macosx_arm64/build/venv/lib/python3.11/site-packages/setuptools/_distutils/dist.py", line 988, in run_command
2022-12-27T01:54:32.6418960Z       cmd_obj.run()
2022-12-27T01:54:32.6421670Z     File "/private/var/folders/51/hd414ycd67n82196sw51xqtc0000gn/T/cibw-run-uh5yszyg/cp311-macosx_arm64/build/venv/lib/python3.11/site-packages/setuptools/_distutils/command/build.py", line 132, in run
2022-12-27T01:54:32.6422950Z       self.run_command(cmd_name)
2022-12-27T01:54:32.6425510Z     File "/private/var/folders/51/hd414ycd67n82196sw51xqtc0000gn/T/cibw-run-uh5yszyg/cp311-macosx_arm64/build/venv/lib/python3.11/site-packages/setuptools/_distutils/cmd.py", line 318, in run_command
2022-12-27T01:54:32.6426850Z       self.distribution.run_command(command)
2022-12-27T01:54:32.6429370Z     File "/private/var/folders/51/hd414ycd67n82196sw51xqtc0000gn/T/cibw-run-uh5yszyg/cp311-macosx_arm64/build/venv/lib/python3.11/site-packages/setuptools/dist.py", line 1208, in run_command
2022-12-27T01:54:32.6430660Z       super().run_command(command)
2022-12-27T01:54:32.6433260Z     File "/private/var/folders/51/hd414ycd67n82196sw51xqtc0000gn/T/cibw-run-uh5yszyg/cp311-macosx_arm64/build/venv/lib/python3.11/site-packages/setuptools/_distutils/dist.py", line 988, in run_command
2022-12-27T01:54:32.6434480Z       cmd_obj.run()
2022-12-27T01:54:32.6437090Z     File "/private/var/folders/51/hd414ycd67n82196sw51xqtc0000gn/T/cibw-run-uh5yszyg/cp311-macosx_arm64/build/venv/lib/python3.11/site-packages/setuptools/command/build_ext.py", line 84, in run
2022-12-27T01:54:32.6438340Z       _build_ext.run(self)
2022-12-27T01:54:32.6441090Z     File "/private/var/folders/51/hd414ycd67n82196sw51xqtc0000gn/T/cibw-run-uh5yszyg/cp311-macosx_arm64/build/venv/lib/python3.11/site-packages/Cython/Distutils/old_build_ext.py", line 186, in run
2022-12-27T01:54:32.6442410Z       _build_ext.build_ext.run(self)
2022-12-27T01:54:32.6444980Z     File "/private/var/folders/51/hd414ycd67n82196sw51xqtc0000gn/T/cibw-run-uh5yszyg/cp311-macosx_arm64/build/venv/lib/python3.11/site-packages/setuptools/_distutils/command/build_ext.py", line 346, in run
2022-12-27T01:54:32.6446230Z       self.build_extensions()
2022-12-27T01:54:32.6448760Z     File "/Users/runner/actions-runner/_work/python.build/python.build/build_grpcio135311/grpcio-1.3.5/src/python/grpcio/commands.py", line 285, in build_extensions
2022-12-27T01:54:32.6450070Z       raise CommandError(
2022-12-27T01:54:32.6452080Z   commands.CommandError: Failed `build_ext` step:
2022-12-27T01:54:32.6453860Z   Traceback (most recent call last):
2022-12-27T01:54:32.6456980Z     File "/private/var/folders/51/hd414ycd67n82196sw51xqtc0000gn/T/cibw-run-uh5yszyg/cp311-macosx_arm64/build/venv/lib/python3.11/site-packages/setuptools/_distutils/unixccompiler.py", line 186, in _compile
2022-12-27T01:54:32.6458190Z       self.spawn(compiler_so + cc_args + [src, '-o', obj] + extra_postargs)
2022-12-27T01:54:32.6460500Z     File "/Users/runner/actions-runner/_work/python.build/python.build/build_grpcio135311/grpcio-1.3.5/src/python/grpcio/_spawn_patch.py", line 69, in _commandfile_spawn
2022-12-27T01:54:32.6462000Z       _classic_spawn(self, command)
2022-12-27T01:54:32.6464690Z     File "/private/var/folders/51/hd414ycd67n82196sw51xqtc0000gn/T/cibw-run-uh5yszyg/cp311-macosx_arm64/build/venv/lib/python3.11/site-packages/setuptools/_distutils/ccompiler.py", line 1007, in spawn
2022-12-27T01:54:32.6466070Z       spawn(cmd, dry_run=self.dry_run, **kwargs)
2022-12-27T01:54:32.6468720Z     File "/private/var/folders/51/hd414ycd67n82196sw51xqtc0000gn/T/cibw-run-uh5yszyg/cp311-macosx_arm64/build/venv/lib/python3.11/site-packages/setuptools/_distutils/spawn.py", line 70, in spawn
2022-12-27T01:54:32.6470070Z       raise DistutilsExecError(
2022-12-27T01:54:32.6472360Z   distutils.errors.DistutilsExecError: command '/usr/bin/clang' failed with exit code 1
2022-12-27T01:54:32.6473640Z 
2022-12-27T01:54:32.6475960Z   During handling of the above exception, another exception occurred:
2022-12-27T01:54:32.6477480Z 
2022-12-27T01:54:32.6479750Z   Traceback (most recent call last):
2022-12-27T01:54:32.6482220Z     File "/Users/runner/actions-runner/_work/python.build/python.build/build_grpcio135311/grpcio-1.3.5/src/python/grpcio/commands.py", line 281, in build_extensions
2022-12-27T01:54:32.6483490Z       build_ext.build_ext.build_extensions(self)
2022-12-27T01:54:32.6486140Z     File "/private/var/folders/51/hd414ycd67n82196sw51xqtc0000gn/T/cibw-run-uh5yszyg/cp311-macosx_arm64/build/venv/lib/python3.11/site-packages/Cython/Distutils/old_build_ext.py", line 195, in build_extensions
2022-12-27T01:54:32.6487320Z       _build_ext.build_ext.build_extensions(self)
2022-12-27T01:54:32.6489930Z     File "/private/var/folders/51/hd414ycd67n82196sw51xqtc0000gn/T/cibw-run-uh5yszyg/cp311-macosx_arm64/build/venv/lib/python3.11/site-packages/setuptools/_distutils/command/build_ext.py", line 468, in build_extensions
2022-12-27T01:54:32.6491190Z       self._build_extensions_serial()
2022-12-27T01:54:32.6493840Z     File "/private/var/folders/51/hd414ycd67n82196sw51xqtc0000gn/T/cibw-run-uh5yszyg/cp311-macosx_arm64/build/venv/lib/python3.11/site-packages/setuptools/_distutils/command/build_ext.py", line 494, in _build_extensions_serial
2022-12-27T01:54:32.6495050Z       self.build_extension(ext)
2022-12-27T01:54:32.6497620Z     File "/private/var/folders/51/hd414ycd67n82196sw51xqtc0000gn/T/cibw-run-uh5yszyg/cp311-macosx_arm64/build/venv/lib/python3.11/site-packages/setuptools/command/build_ext.py", line 246, in build_extension
2022-12-27T01:54:32.6498730Z       _build_ext.build_extension(self, ext)
2022-12-27T01:54:32.6501440Z     File "/private/var/folders/51/hd414ycd67n82196sw51xqtc0000gn/T/cibw-run-uh5yszyg/cp311-macosx_arm64/build/venv/lib/python3.11/site-packages/setuptools/_distutils/command/build_ext.py", line 549, in build_extension
2022-12-27T01:54:32.6502590Z       objects = self.compiler.compile(
2022-12-27T01:54:32.6504560Z                 ^^^^^^^^^^^^^^^^^^^^^^
2022-12-27T01:54:32.6507030Z     File "/private/var/folders/51/hd414ycd67n82196sw51xqtc0000gn/T/cibw-run-uh5yszyg/cp311-macosx_arm64/build/venv/lib/python3.11/site-packages/setuptools/_distutils/ccompiler.py", line 599, in compile
2022-12-27T01:54:32.6508410Z       self._compile(obj, src, ext, cc_args, extra_postargs, pp_opts)
2022-12-27T01:54:32.6510940Z     File "/private/var/folders/51/hd414ycd67n82196sw51xqtc0000gn/T/cibw-run-uh5yszyg/cp311-macosx_arm64/build/venv/lib/python3.11/site-packages/setuptools/_distutils/unixccompiler.py", line 188, in _compile
2022-12-27T01:54:32.6512170Z       raise CompileError(msg)
2022-12-27T01:54:32.6514660Z   distutils.errors.CompileError: command '/usr/bin/clang' failed with exit code 1
2022-12-27T01:54:32.6515740Z 
2022-12-27T01:54:32.7772640Z   error: subprocess-exited-with-error
2022-12-27T01:54:32.7773530Z   
2022-12-27T01:54:32.7774480Z   Ã— python setup.py bdist_wheel did not run successfully.
2022-12-27T01:54:32.7775770Z   â”‚ exit code: 1
2022-12-27T01:54:32.7776450Z   â•°â”€> See above for output.
2022-12-27T01:54:32.7776980Z   
2022-12-27T01:54:32.7777460Z   note: This error originates from a subprocess, and is likely not a problem with pip.
2022-12-27T01:54:32.7781570Z   full command: /private/var/folders/51/hd414ycd67n82196sw51xqtc0000gn/T/cibw-run-uh5yszyg/cp311-macosx_arm64/build/venv/bin/python -u -c '
2022-12-27T01:54:32.7782030Z   exec(compile('"'"''"'"''"'"'
2022-12-27T01:54:32.7782410Z   # This is <pip-setuptools-caller> -- a caller that pip uses to run setup.py
2022-12-27T01:54:32.7782670Z   #
2022-12-27T01:54:32.7783050Z   # - It imports setuptools before invoking setup.py, to enable projects that directly
2022-12-27T01:54:32.7783390Z   #   import from `distutils.core` to work with newer packaging standards.
2022-12-27T01:54:32.7783820Z   # - It provides a clear error message when setuptools is not installed.
2022-12-27T01:54:32.7784250Z   # - It sets `sys.argv[0]` to the underlying `setup.py`, when invoking `setup.py` so
2022-12-27T01:54:32.7784740Z   #   setuptools doesn'"'"'t think the script is `-c`. This avoids the following warning:
2022-12-27T01:54:32.7785270Z   #     manifest_maker: standard file '"'"'-c'"'"' not found".
2022-12-27T01:54:32.7785650Z   # - It generates a shim setup.py, for handling setup.cfg-only projects.
2022-12-27T01:54:32.7785910Z   import os, sys, tokenize
2022-12-27T01:54:32.7786100Z   
2022-12-27T01:54:32.7786250Z   try:
2022-12-27T01:54:32.7786410Z       import setuptools
2022-12-27T01:54:32.7787140Z   except ImportError as error:
2022-12-27T01:54:32.7787350Z       print(
2022-12-27T01:54:32.7787590Z           "ERROR: Can not execute `setup.py` since setuptools is not available in "
2022-12-27T01:54:32.7787850Z           "the build environment.",
2022-12-27T01:54:32.7788050Z           file=sys.stderr,
2022-12-27T01:54:32.7788220Z       )
2022-12-27T01:54:32.7788380Z       sys.exit(1)
2022-12-27T01:54:32.7788540Z   
2022-12-27T01:54:32.7788690Z   __file__ = %r
2022-12-27T01:54:32.7788880Z   sys.argv[0] = __file__
2022-12-27T01:54:32.7789050Z   
2022-12-27T01:54:32.7789220Z   if os.path.exists(__file__):
2022-12-27T01:54:32.7789420Z       filename = __file__
2022-12-27T01:54:32.7789650Z       with tokenize.open(__file__) as f:
2022-12-27T01:54:32.7789850Z           setup_py_code = f.read()
2022-12-27T01:54:32.7790060Z   else:
2022-12-27T01:54:32.7790390Z       filename = "<auto-generated setuptools caller>"
2022-12-27T01:54:32.7790680Z       setup_py_code = "from setuptools import setup; setup()"
2022-12-27T01:54:32.7790890Z   
2022-12-27T01:54:32.7791100Z   exec(compile(setup_py_code, filename, "exec"))
2022-12-27T01:54:32.7791870Z   '"'"''"'"''"'"' % ('"'"'/Users/runner/actions-runner/_work/python.build/python.build/build_grpcio135311/grpcio-1.3.5/setup.py'"'"',), "<pip-setuptools-caller>", "exec"))' bdist_wheel -d /private/var/folders/51/hd414ycd67n82196sw51xqtc0000gn/T/pip-wheel-ow8dx4ja
2022-12-27T01:54:32.7792540Z   cwd: /Users/runner/actions-runner/_work/python.build/python.build/build_grpcio135311/grpcio-1.3.5/
2022-12-27T01:54:32.7792860Z   ERROR: Failed building wheel for grpcio
2022-12-27T01:54:32.7793250Z   Building wheel for grpcio (setup.py): finished with status 'error'
2022-12-27T01:54:32.7793530Z   Running setup.py clean for grpcio
2022-12-27T01:54:32.7794830Z   Running command python setup.py clean
2022-12-27T01:54:33.4187670Z   running clean
2022-12-27T01:54:33.4195840Z   removing 'python_build/temp.macosx-11.0-arm64-cpython-311' (and everything under it)
2022-12-27T01:54:33.4348520Z   removing 'python_build/lib.macosx-11.0-arm64-cpython-311' (and everything under it)
2022-12-27T01:54:33.4412070Z   'python_build/bdist.macosx-11.0-arm64' does not exist -- can't clean it
2022-12-27T01:54:33.4413040Z   'python_build/scripts-3.11' does not exist -- can't clean it
2022-12-27T01:54:33.4413630Z   removing 'python_build'
2022-12-27T01:54:33.5285450Z Failed to build grpcio
2022-12-27T01:54:33.5293020Z ERROR: Failed to build one or more wheels
2022-12-27T01:54:33.5315350Z Exception information:
2022-12-27T01:54:33.5315680Z Traceback (most recent call last):
2022-12-27T01:54:33.5316770Z   File "/private/var/folders/51/hd414ycd67n82196sw51xqtc0000gn/T/cibw-run-uh5yszyg/cp311-macosx_arm64/build/venv/lib/python3.11/site-packages/pip/_internal/cli/base_command.py", line 160, in exc_logging_wrapper
2022-12-27T01:54:33.5317220Z     status = run_func(*args)
2022-12-27T01:54:33.5317430Z              ^^^^^^^^^^^^^^^
2022-12-27T01:54:33.5318110Z   File "/private/var/folders/51/hd414ycd67n82196sw51xqtc0000gn/T/cibw-run-uh5yszyg/cp311-macosx_arm64/build/venv/lib/python3.11/site-packages/pip/_internal/cli/req_command.py", line 247, in wrapper
2022-12-27T01:54:33.5318560Z     return func(self, options, args)
2022-12-27T01:54:33.5318800Z            ^^^^^^^^^^^^^^^^^^^^^^^^^
2022-12-27T01:54:33.5319430Z   File "/private/var/folders/51/hd414ycd67n82196sw51xqtc0000gn/T/cibw-run-uh5yszyg/cp311-macosx_arm64/build/venv/lib/python3.11/site-packages/pip/_internal/commands/wheel.py", line 201, in run
2022-12-27T01:54:33.5319900Z     raise CommandError("Failed to build one or more wheels")
2022-12-27T01:54:33.5320230Z pip._internal.exceptions.CommandError: Failed to build one or more wheels
2022-12-27T01:54:33.5320790Z Removed build tracker: '/private/var/folders/51/hd414ycd67n82196sw51xqtc0000gn/T/pip-build-tracker-tusy5h6_'
2022-12-27T01:54:33.6431750Z ##[endgroup]
2022-12-27T01:54:33.6468340Z ##[error]Command ['python', '-m', 'pip', 'wheel', '/Users/runner/actions-runner/_work/python.build/python.build/build_grpcio135311/grpcio-1.3.5', '--wheel-dir=/private/var/folders/51/hd414ycd67n82196sw51xqtc0000gn/T/cibw-run-uh5yszyg/cp311-macosx_arm64/built_wheel', '--no-deps', '-vvv'] failed with code 1. None
2022-12-27T01:54:33.6477650Z 
2022-12-27T01:54:33.6478060Z                                                               [31mâœ• [0m4.80s
2022-12-27T01:54:33.7765480Z ##[error]Process completed with exit code 1.
2022-12-27T01:54:33.7819810Z ##[group]Run rm -rf build_grpcio135311 wheelsout
2022-12-27T01:54:33.7820130Z [36;1mrm -rf build_grpcio135311 wheelsout[0m
2022-12-27T01:54:33.7849670Z shell: /bin/bash -e {0}
2022-12-27T01:54:33.7849850Z env:
2022-12-27T01:54:33.7850090Z   pythonLocation: /Users/runner/hostedtoolcache/Python/3.11.1/x64
2022-12-27T01:54:33.7850400Z   PKG_CONFIG_PATH: /Users/runner/hostedtoolcache/Python/3.11.1/x64/lib/pkgconfig
2022-12-27T01:54:33.7850710Z   Python_ROOT_DIR: /Users/runner/hostedtoolcache/Python/3.11.1/x64
2022-12-27T01:54:33.7851020Z   Python2_ROOT_DIR: /Users/runner/hostedtoolcache/Python/3.11.1/x64
2022-12-27T01:54:33.7851330Z   Python3_ROOT_DIR: /Users/runner/hostedtoolcache/Python/3.11.1/x64
2022-12-27T01:54:33.7851550Z ##[endgroup]
2022-12-27T01:54:34.2189650Z Cleaning up orphan processes
