2022-12-27T08:54:27.9202331Z Requested labels: self-hosted, macOS, X64
2022-12-27T08:54:27.9202416Z Job defined at: kilnbuild/python.build/.github/workflows/mac_arm_build.yml@refs/heads/main
2022-12-27T08:54:27.9202440Z Waiting for a runner to pick up this job...
2022-12-27T11:30:46.3967265Z Job is about to start running on the runner: kr1 (organization)
2022-12-27T11:30:50.4349310Z Current runner version: '2.300.2'
2022-12-27T11:30:50.4357810Z Runner name: 'kr1'
2022-12-27T11:30:50.4358210Z Runner group name: 'Default'
2022-12-27T11:30:50.4359110Z Machine name: 'kr1'
2022-12-27T11:30:50.4361740Z ##[group]GITHUB_TOKEN Permissions
2022-12-27T11:30:50.4362470Z Actions: write
2022-12-27T11:30:50.4362730Z Checks: write
2022-12-27T11:30:50.4362980Z Contents: write
2022-12-27T11:30:50.4363230Z Deployments: write
2022-12-27T11:30:50.4363500Z Discussions: write
2022-12-27T11:30:50.4363750Z Issues: write
2022-12-27T11:30:50.4363980Z Metadata: read
2022-12-27T11:30:50.4364240Z Packages: write
2022-12-27T11:30:50.4364490Z Pages: write
2022-12-27T11:30:50.4364740Z PullRequests: write
2022-12-27T11:30:50.4365050Z RepositoryProjects: write
2022-12-27T11:30:50.4365340Z SecurityEvents: write
2022-12-27T11:30:50.4365740Z Statuses: write
2022-12-27T11:30:50.4366000Z ##[endgroup]
2022-12-27T11:30:50.4370420Z Secret source: Actions
2022-12-27T11:30:50.4370970Z Prepare workflow directory
2022-12-27T11:30:50.5498850Z Prepare all required actions
2022-12-27T11:30:50.5701570Z Getting action download info
2022-12-27T11:30:51.0041760Z Download action repository 'actions/setup-python@v4' (SHA:5ccb29d8773c3f3f653e1705f474dfaa8a06a912)
2022-12-27T11:30:52.8897460Z Download action repository 'actions/upload-artifact@v3' (SHA:83fd05a356d7e2593de66fc9913b3002723633cb)
2022-12-27T11:30:54.3476870Z ##[group]Run echo '{
2022-12-27T11:30:54.3477390Z [36;1mecho '{[0m
2022-12-27T11:30:54.3477690Z [36;1m  "package_name": "lxml",[0m
2022-12-27T11:30:54.3478080Z [36;1m  "package_url": "https://files.pythonhosted.org/packages/30/44/64b7665bbeb2eb14d72ba612e11a3672c48375c4b27bdcb7ceed3b48d298/lxml-2.2beta4.tar.gz",[0m
2022-12-27T11:30:54.3478530Z [36;1m  "package_version": "2.2beta4",[0m
2022-12-27T11:30:54.3478880Z [36;1m  "python_version": "3.9",[0m
2022-12-27T11:30:54.3479130Z [36;1m  "use_ccache": "true"[0m
2022-12-27T11:30:54.3479400Z [36;1m}'[0m
2022-12-27T11:30:54.3506720Z shell: /bin/bash -e {0}
2022-12-27T11:30:54.3506990Z ##[endgroup]
2022-12-27T11:30:54.3909040Z {
2022-12-27T11:30:54.3911910Z   "package_name": "lxml",
2022-12-27T11:30:54.3913080Z   "package_url": "https://files.pythonhosted.org/packages/30/44/64b7665bbeb2eb14d72ba612e11a3672c48375c4b27bdcb7ceed3b48d298/lxml-2.2beta4.tar.gz",
2022-12-27T11:30:54.3913590Z   "package_version": "2.2beta4",
2022-12-27T11:30:54.3914230Z   "python_version": "3.9",
2022-12-27T11:30:54.3914610Z   "use_ccache": "true"
2022-12-27T11:30:54.3914850Z }
2022-12-27T11:30:54.4259000Z ##[group]Run actions/setup-python@v4
2022-12-27T11:30:54.4259350Z with:
2022-12-27T11:30:54.4259760Z   python-version: 3.9
2022-12-27T11:30:54.4260090Z   check-latest: false
2022-12-27T11:30:54.4260540Z   token: ***
2022-12-27T11:30:54.4260840Z   update-environment: true
2022-12-27T11:30:54.4261220Z ##[endgroup]
2022-12-27T11:30:54.6404460Z ##[group]Installed versions
2022-12-27T11:30:54.6465110Z Successfully set up CPython (3.9.16)
2022-12-27T11:30:54.6469920Z ##[endgroup]
2022-12-27T11:30:54.6734410Z ##[group]Run if [ "true" == "true" ]
2022-12-27T11:30:54.6734960Z [36;1mif [ "true" == "true" ][0m
2022-12-27T11:30:54.6735320Z [36;1mthen[0m
2022-12-27T11:30:54.6735860Z [36;1m  echo "CCACHE_PATH_PREPEND=/usr/local/opt/ccache/libexec" >> $GITHUB_OUTPUT[0m
2022-12-27T11:30:54.6736200Z [36;1melse[0m
2022-12-27T11:30:54.6736590Z [36;1m  echo "CCACHE_PATH_PREPEND=" >> $GITHUB_OUTPUT[0m
2022-12-27T11:30:54.6736970Z [36;1mfi[0m
2022-12-27T11:30:54.6768370Z shell: /bin/bash -e {0}
2022-12-27T11:30:54.6768760Z env:
2022-12-27T11:30:54.6769240Z   pythonLocation: /Users/runner/hostedtoolcache/Python/3.9.16/x64
2022-12-27T11:30:54.6769640Z   PKG_CONFIG_PATH: /Users/runner/hostedtoolcache/Python/3.9.16/x64/lib/pkgconfig
2022-12-27T11:30:54.6770250Z   Python_ROOT_DIR: /Users/runner/hostedtoolcache/Python/3.9.16/x64
2022-12-27T11:30:54.6770700Z   Python2_ROOT_DIR: /Users/runner/hostedtoolcache/Python/3.9.16/x64
2022-12-27T11:30:54.6771160Z   Python3_ROOT_DIR: /Users/runner/hostedtoolcache/Python/3.9.16/x64
2022-12-27T11:30:54.6772060Z ##[endgroup]
2022-12-27T11:30:54.7049260Z ##[group]Run echo "BUILD_NAME=$(echo lxml_2.2beta4_3.9 | tr -dc '[:alnum:]\n\r' | tr '[:upper:]' '[:lower:]')" >> $GITHUB_OUTPUT
2022-12-27T11:30:54.7049930Z [36;1mecho "BUILD_NAME=$(echo lxml_2.2beta4_3.9 | tr -dc '[:alnum:]\n\r' | tr '[:upper:]' '[:lower:]')" >> $GITHUB_OUTPUT[0m
2022-12-27T11:30:54.7076990Z shell: /bin/bash -e {0}
2022-12-27T11:30:54.7077250Z env:
2022-12-27T11:30:54.7077630Z   pythonLocation: /Users/runner/hostedtoolcache/Python/3.9.16/x64
2022-12-27T11:30:54.7078220Z   PKG_CONFIG_PATH: /Users/runner/hostedtoolcache/Python/3.9.16/x64/lib/pkgconfig
2022-12-27T11:30:54.7078750Z   Python_ROOT_DIR: /Users/runner/hostedtoolcache/Python/3.9.16/x64
2022-12-27T11:30:54.7079130Z   Python2_ROOT_DIR: /Users/runner/hostedtoolcache/Python/3.9.16/x64
2022-12-27T11:30:54.7079550Z   Python3_ROOT_DIR: /Users/runner/hostedtoolcache/Python/3.9.16/x64
2022-12-27T11:30:54.7079910Z ##[endgroup]
2022-12-27T11:30:54.7315200Z ##[group]Run echo "PYTHON_NO_DOTS=$(echo 3.9 | tr -dc '[:alnum:]\n\r' | tr '[:upper:]' '[:lower:]')" >> $GITHUB_OUTPUT
2022-12-27T11:30:54.7315970Z [36;1mecho "PYTHON_NO_DOTS=$(echo 3.9 | tr -dc '[:alnum:]\n\r' | tr '[:upper:]' '[:lower:]')" >> $GITHUB_OUTPUT[0m
2022-12-27T11:30:54.7343110Z shell: /bin/bash -e {0}
2022-12-27T11:30:54.7343420Z env:
2022-12-27T11:30:54.7343720Z   pythonLocation: /Users/runner/hostedtoolcache/Python/3.9.16/x64
2022-12-27T11:30:54.7345370Z   PKG_CONFIG_PATH: /Users/runner/hostedtoolcache/Python/3.9.16/x64/lib/pkgconfig
2022-12-27T11:30:54.7345970Z   Python_ROOT_DIR: /Users/runner/hostedtoolcache/Python/3.9.16/x64
2022-12-27T11:30:54.7346400Z   Python2_ROOT_DIR: /Users/runner/hostedtoolcache/Python/3.9.16/x64
2022-12-27T11:30:54.7346760Z   Python3_ROOT_DIR: /Users/runner/hostedtoolcache/Python/3.9.16/x64
2022-12-27T11:30:54.7347120Z ##[endgroup]
2022-12-27T11:30:54.7602110Z ##[group]Run rm -rf build_lxml22beta439
2022-12-27T11:30:54.7602740Z [36;1mrm -rf build_lxml22beta439[0m
2022-12-27T11:30:54.7603150Z [36;1mmkdir build_lxml22beta439[0m
2022-12-27T11:30:54.7603470Z [36;1mcd build_lxml22beta439[0m
2022-12-27T11:30:54.7604060Z [36;1m/usr/local/bin/wget --quiet https://files.pythonhosted.org/packages/30/44/64b7665bbeb2eb14d72ba612e11a3672c48375c4b27bdcb7ceed3b48d298/lxml-2.2beta4.tar.gz[0m
2022-12-27T11:30:54.7604530Z [36;1mtar xf *.tar.gz[0m
2022-12-27T11:30:54.7604770Z [36;1mcd *[0m
2022-12-27T11:30:54.7605100Z [36;1mpython -m pip install cibuildwheel==2.11.3[0m
2022-12-27T11:30:54.7605490Z [36;1mpython -m cibuildwheel --output-dir ../wheelsout[0m
2022-12-27T11:30:54.7631980Z shell: /bin/bash -e {0}
2022-12-27T11:30:54.7632230Z env:
2022-12-27T11:30:54.7632590Z   pythonLocation: /Users/runner/hostedtoolcache/Python/3.9.16/x64
2022-12-27T11:30:54.7633210Z   PKG_CONFIG_PATH: /Users/runner/hostedtoolcache/Python/3.9.16/x64/lib/pkgconfig
2022-12-27T11:30:54.7633660Z   Python_ROOT_DIR: /Users/runner/hostedtoolcache/Python/3.9.16/x64
2022-12-27T11:30:54.7634080Z   Python2_ROOT_DIR: /Users/runner/hostedtoolcache/Python/3.9.16/x64
2022-12-27T11:30:54.7634510Z   Python3_ROOT_DIR: /Users/runner/hostedtoolcache/Python/3.9.16/x64
2022-12-27T11:30:54.7634810Z   CIBW_ARCHS_MACOS: arm64
2022-12-27T11:30:54.7635220Z   CIBW_TEST_SKIP: *_arm64
2022-12-27T11:30:54.7635540Z   CIBW_BUILD: cp39-macosx_arm64
2022-12-27T11:30:54.7635970Z   CIBW_BUILD_FRONTEND: pip
2022-12-27T11:30:54.7636290Z   CIBW_BUILD_VERBOSITY: 3
2022-12-27T11:30:54.7636920Z   CIBW_ENVIRONMENT_MACOS:  CFLAGS="-I/usr/local/opt/openssl@3/include" LDFLAGS="-L/usr/local/opt/openssl@3/lib" CPPFLAGS="-I/usr/local/opt/openssl@3/include" MAKEFLAGS="-j$(sysctl -n hw.logicalcpu)" PATH=/usr/local/opt/ccache/libexec:$PATH
2022-12-27T11:30:54.7637610Z   CIBW_BEFORE_BUILD: pip install Cython; if [[ -f requirements.txt ]]; then pip install -r requirements.txt; fi
2022-12-27T11:30:54.7638010Z   MAKEFLAGS: -j$(sysctl -n hw.logicalcpu)
2022-12-27T11:30:54.7638350Z ##[endgroup]
2022-12-27T11:30:55.5600030Z Requirement already satisfied: cibuildwheel==2.11.3 in /Users/runner/hostedtoolcache/Python/3.9.16/x64/lib/python3.9/site-packages (2.11.3)
2022-12-27T11:30:55.5989540Z Requirement already satisfied: platformdirs in /Users/runner/hostedtoolcache/Python/3.9.16/x64/lib/python3.9/site-packages (from cibuildwheel==2.11.3) (2.6.0)
2022-12-27T11:30:55.5999140Z Requirement already satisfied: tomli in /Users/runner/hostedtoolcache/Python/3.9.16/x64/lib/python3.9/site-packages (from cibuildwheel==2.11.3) (2.0.1)
2022-12-27T11:30:55.6001710Z Requirement already satisfied: certifi in /Users/runner/hostedtoolcache/Python/3.9.16/x64/lib/python3.9/site-packages (from cibuildwheel==2.11.3) (2022.12.7)
2022-12-27T11:30:55.6017360Z Requirement already satisfied: typing-extensions>=4.1.0 in /Users/runner/hostedtoolcache/Python/3.9.16/x64/lib/python3.9/site-packages (from cibuildwheel==2.11.3) (4.4.0)
2022-12-27T11:30:55.6022650Z Requirement already satisfied: bashlex!=0.13 in /Users/runner/hostedtoolcache/Python/3.9.16/x64/lib/python3.9/site-packages (from cibuildwheel==2.11.3) (0.16)
2022-12-27T11:30:55.6027040Z Requirement already satisfied: filelock in /Users/runner/hostedtoolcache/Python/3.9.16/x64/lib/python3.9/site-packages (from cibuildwheel==2.11.3) (3.8.2)
2022-12-27T11:30:55.6033700Z Requirement already satisfied: bracex in /Users/runner/hostedtoolcache/Python/3.9.16/x64/lib/python3.9/site-packages (from cibuildwheel==2.11.3) (2.3.post1)
2022-12-27T11:30:55.6038710Z Requirement already satisfied: packaging>=20.9 in /Users/runner/hostedtoolcache/Python/3.9.16/x64/lib/python3.9/site-packages (from cibuildwheel==2.11.3) (22.0)
2022-12-27T11:30:55.9225270Z 
2022-12-27T11:30:55.9225940Z      _ _       _ _   _       _           _
2022-12-27T11:30:55.9227740Z  ___|_| |_ _ _|_| |_| |_ _ _| |_ ___ ___| |
2022-12-27T11:30:55.9229440Z |  _| | . | | | | | . | | | |   | -_| -_| |
2022-12-27T11:30:55.9231830Z |___|_|___|___|_|_|___|_____|_|_|___|___|_|
2022-12-27T11:30:55.9232370Z 
2022-12-27T11:30:55.9233040Z cibuildwheel version 2.11.3
2022-12-27T11:30:55.9233500Z 
2022-12-27T11:30:55.9233870Z Build options:
2022-12-27T11:30:55.9234600Z   platform: macos
2022-12-27T11:30:55.9332070Z   architectures: arm64[0m
2022-12-27T11:30:55.9332810Z   build_selector: 
2022-12-27T11:30:55.9334180Z     build_config: cp39-macosx_arm64
2022-12-27T11:30:55.9334960Z     skip_config: 
2022-12-27T11:30:55.9337710Z     requires_python: None
2022-12-27T11:30:55.9338840Z     prerelease_pythons: False[0m
2022-12-27T11:30:55.9340510Z   [38;5;244mcontainer_engine: docker[0m
2022-12-27T11:30:55.9341540Z   output_dir: /Users/runner/actions-runner/_work/python.build/python.build/build_lxml22beta439/wheelsout[0m
2022-12-27T11:30:55.9342830Z   package_dir: /Users/runner/actions-runner/_work/python.build/python.build/build_lxml22beta439/lxml-2.2beta4[0m
2022-12-27T11:30:55.9343650Z   test_selector: 
2022-12-27T11:30:55.9344310Z     skip_config: *_arm64[0m
2022-12-27T11:30:55.9345480Z   [38;5;244mbefore_all: [0m
2022-12-27T11:30:55.9346710Z   before_build: pip install Cython; if [[ -f requirements.txt ]]; then pip install -r requirements.txt; fi[0m
2022-12-27T11:30:55.9347560Z   [38;5;244mbefore_test: [0m
2022-12-27T11:30:55.9348350Z   [38;5;244mbuild_frontend: pip[0m
2022-12-27T11:30:55.9349410Z   build_verbosity: 3[0m
2022-12-27T11:30:55.9349830Z   [38;5;244mconfig_settings: [0m
2022-12-27T11:30:55.9350260Z   [38;5;244mdependency_constraints: pinned[0m
2022-12-27T11:30:55.9350610Z   environment: 
2022-12-27T11:30:55.9351050Z     CFLAGS="-I/usr/local/opt/openssl@3/include"
2022-12-27T11:30:55.9351710Z     LDFLAGS="-L/usr/local/opt/openssl@3/lib"
2022-12-27T11:30:55.9352180Z     CPPFLAGS="-I/usr/local/opt/openssl@3/include"
2022-12-27T11:30:55.9352640Z     MAKEFLAGS="-j$(sysctl -n hw.logicalcpu)"
2022-12-27T11:30:55.9353030Z     PATH=/usr/local/opt/ccache/libexec:$PATH[0m
2022-12-27T11:30:55.9353480Z   [38;5;244mmanylinux_images: None[0m
2022-12-27T11:30:55.9354120Z   [38;5;244mmusllinux_images: None[0m
2022-12-27T11:30:55.9354600Z   [38;5;244mrepair_command: delocate-wheel --require-archs {delocate_archs} -w {dest_dir} -v {wheel}[0m
2022-12-27T11:30:55.9355980Z   [38;5;244mtest_command: [0m
2022-12-27T11:30:55.9356360Z   [38;5;244mtest_extras: [0m
2022-12-27T11:30:55.9357090Z   [38;5;244mtest_requires: [0m
2022-12-27T11:30:55.9357230Z 
2022-12-27T11:30:55.9357430Z Cache folder: /Users/runner/Library/Caches/cibuildwheel
2022-12-27T11:30:55.9357680Z 
2022-12-27T11:30:55.9357810Z Here we go!
2022-12-27T11:30:55.9357990Z 
2022-12-27T11:30:55.9517940Z 
2022-12-27T11:30:55.9519080Z [1m[34mBuilding cp39-macosx_arm64 wheel[0m
2022-12-27T11:30:55.9520550Z CPython 3.9 macOS arm64 - Apple Silicon
2022-12-27T11:30:55.9521800Z 
2022-12-27T11:30:55.9524360Z ##[group]Installing Python cp39...
2022-12-27T11:30:55.9524830Z 
2022-12-27T11:30:55.9525590Z + pkgutil --pkgs
2022-12-27T11:30:55.9731460Z ##[endgroup]
2022-12-27T11:30:55.9733990Z                                                               [32m✓ [0m0.02s
2022-12-27T11:30:55.9735720Z ##[group]Setting up build environment...
2022-12-27T11:30:55.9736640Z 
2022-12-27T11:30:55.9765450Z + /Users/runner/hostedtoolcache/Python/3.9.16/x64/bin/python -sS /Users/runner/Library/Caches/cibuildwheel/virtualenv-20.17.0.pyz --activators= --no-periodic-update --pip=22.3.1 --setuptools=65.6.3 --wheel=0.38.4 --symlink-app-data --python /Library/Frameworks/Python.framework/Versions/3.9/bin/python3 /private/var/folders/51/hd414ycd67n82196sw51xqtc0000gn/T/cibw-run-0g__6h6g/cp39-macosx_arm64/build/venv
2022-12-27T11:30:56.2904250Z created virtual environment CPython3.9.13.final.0-64 in 84ms
2022-12-27T11:30:56.2905090Z   creator CPython3Posix(dest=/private/var/folders/51/hd414ycd67n82196sw51xqtc0000gn/T/cibw-run-0g__6h6g/cp39-macosx_arm64/build/venv, clear=False, no_vcs_ignore=False, global=False)
2022-12-27T11:30:56.2906420Z   seeder FromAppData(download=False, pip=22.3.1, setuptools=65.6.3, wheel=0.38.4, via=symlink, app_data_dir=/Users/runner/Library/Application Support/virtualenv)
2022-12-27T11:30:56.2906990Z     added seed packages: pip==22.3.1, setuptools==65.6.3, wheel==0.38.4
2022-12-27T11:30:56.3162940Z + python -m pip install --upgrade pip -c /Users/runner/hostedtoolcache/Python/3.9.16/x64/lib/python3.9/site-packages/cibuildwheel/resources/constraints-python39.txt
2022-12-27T11:30:56.8327380Z Requirement already satisfied: pip in ./lib/python3.9/site-packages (22.3.1)
2022-12-27T11:30:57.1199220Z + which pip
2022-12-27T11:30:57.1243250Z /private/var/folders/51/hd414ycd67n82196sw51xqtc0000gn/T/cibw-run-0g__6h6g/cp39-macosx_arm64/build/venv/bin/pip
2022-12-27T11:30:57.1247940Z + pip --version
2022-12-27T11:30:57.4955530Z pip 22.3.1 from /private/var/folders/51/hd414ycd67n82196sw51xqtc0000gn/T/cibw-run-0g__6h6g/cp39-macosx_arm64/build/venv/lib/python3.9/site-packages/pip (python 3.9)
2022-12-27T11:30:57.5502050Z + which pip
2022-12-27T11:30:57.5558930Z + which python
2022-12-27T11:30:57.5605140Z /private/var/folders/51/hd414ycd67n82196sw51xqtc0000gn/T/cibw-run-0g__6h6g/cp39-macosx_arm64/build/venv/bin/python
2022-12-27T11:30:57.5609600Z + python --version
2022-12-27T11:30:57.5699320Z Python 3.9.13
2022-12-27T11:30:57.5705020Z + which python
2022-12-27T11:30:57.5805840Z ##[endgroup]
2022-12-27T11:30:57.5807240Z                                                               [32m✓ [0m1.61s
2022-12-27T11:30:57.5808060Z ##[group]Installing build tools...
2022-12-27T11:30:57.5808270Z 
2022-12-27T11:30:57.5808780Z + pip install --upgrade setuptools wheel delocate -c /Users/runner/hostedtoolcache/Python/3.9.16/x64/lib/python3.9/site-packages/cibuildwheel/resources/constraints-python39.txt
2022-12-27T11:30:58.0856120Z Requirement already satisfied: setuptools in /private/var/folders/51/hd414ycd67n82196sw51xqtc0000gn/T/cibw-run-0g__6h6g/cp39-macosx_arm64/build/venv/lib/python3.9/site-packages (65.6.3)
2022-12-27T11:30:58.5178660Z Requirement already satisfied: wheel in /private/var/folders/51/hd414ycd67n82196sw51xqtc0000gn/T/cibw-run-0g__6h6g/cp39-macosx_arm64/build/venv/lib/python3.9/site-packages (0.38.4)
2022-12-27T11:30:58.6103650Z Collecting delocate
2022-12-27T11:30:58.6155950Z   Using cached delocate-0.10.3-py3-none-any.whl (142 kB)
2022-12-27T11:30:58.6601340Z Collecting typing-extensions
2022-12-27T11:30:58.6646660Z   Using cached typing_extensions-4.4.0-py3-none-any.whl (26 kB)
2022-12-27T11:30:58.7154280Z Collecting packaging>=20.9
2022-12-27T11:30:58.7208390Z   Using cached packaging-21.3-py3-none-any.whl (40 kB)
2022-12-27T11:30:58.7899290Z Collecting pyparsing!=3.0.5,>=2.0.2
2022-12-27T11:30:58.7945360Z   Using cached pyparsing-3.0.9-py3-none-any.whl (98 kB)
2022-12-27T11:30:58.8632780Z Installing collected packages: typing-extensions, pyparsing, packaging, delocate
2022-12-27T11:30:59.1260070Z Successfully installed delocate-0.10.3 packaging-21.3 pyparsing-3.0.9 typing-extensions-4.4.0
2022-12-27T11:30:59.2968980Z ##[endgroup]
2022-12-27T11:30:59.2970010Z                                                               [32m✓ [0m1.72s
2022-12-27T11:30:59.2970920Z ##[group]Running before_build...
2022-12-27T11:30:59.2971080Z 
2022-12-27T11:30:59.2980570Z + pip install Cython; if [[ -f requirements.txt ]]; then pip install -r requirements.txt; fi
2022-12-27T11:31:00.5460630Z Collecting Cython
2022-12-27T11:31:00.5556100Z   Using cached Cython-0.29.32-py2.py3-none-any.whl (986 kB)
2022-12-27T11:31:00.6394870Z Installing collected packages: Cython
2022-12-27T11:31:01.5099470Z Successfully installed Cython-0.29.32
2022-12-27T11:31:01.6342400Z ##[endgroup]
2022-12-27T11:31:01.6343620Z                                                               [32m✓ [0m2.34s
2022-12-27T11:31:01.6345150Z ##[group]Building wheel...
2022-12-27T11:31:01.6345550Z 
2022-12-27T11:31:01.6351690Z + python -m pip wheel /Users/runner/actions-runner/_work/python.build/python.build/build_lxml22beta439/lxml-2.2beta4 --wheel-dir=/private/var/folders/51/hd414ycd67n82196sw51xqtc0000gn/T/cibw-run-0g__6h6g/cp39-macosx_arm64/built_wheel --no-deps -vvv
2022-12-27T11:31:02.0956530Z Created temporary directory: /private/var/folders/51/hd414ycd67n82196sw51xqtc0000gn/T/pip-ephem-wheel-cache-dt4840wj
2022-12-27T11:31:02.0962470Z Created temporary directory: /private/var/folders/51/hd414ycd67n82196sw51xqtc0000gn/T/pip-build-tracker-30lm3vks
2022-12-27T11:31:02.0964250Z Initialized build tracking at /private/var/folders/51/hd414ycd67n82196sw51xqtc0000gn/T/pip-build-tracker-30lm3vks
2022-12-27T11:31:02.0969140Z Created build tracker: /private/var/folders/51/hd414ycd67n82196sw51xqtc0000gn/T/pip-build-tracker-30lm3vks
2022-12-27T11:31:02.0970640Z Entered build tracker: /private/var/folders/51/hd414ycd67n82196sw51xqtc0000gn/T/pip-build-tracker-30lm3vks
2022-12-27T11:31:02.0976490Z Created temporary directory: /private/var/folders/51/hd414ycd67n82196sw51xqtc0000gn/T/pip-wheel-0iy24nw6
2022-12-27T11:31:02.0989950Z Created temporary directory: /private/var/folders/51/hd414ycd67n82196sw51xqtc0000gn/T/pip-ephem-wheel-cache-g0b91mqn
2022-12-27T11:31:02.1325840Z Processing /Users/runner/actions-runner/_work/python.build/python.build/build_lxml22beta439/lxml-2.2beta4
2022-12-27T11:31:02.1334130Z   Added file:///Users/runner/actions-runner/_work/python.build/python.build/build_lxml22beta439/lxml-2.2beta4 to build tracker '/private/var/folders/51/hd414ycd67n82196sw51xqtc0000gn/T/pip-build-tracker-30lm3vks'
2022-12-27T11:31:02.1340300Z   Running setup.py (path:/Users/runner/actions-runner/_work/python.build/python.build/build_lxml22beta439/lxml-2.2beta4/setup.py) egg_info for package from file:///Users/runner/actions-runner/_work/python.build/python.build/build_lxml22beta439/lxml-2.2beta4
2022-12-27T11:31:02.1346200Z   Created temporary directory: /private/var/folders/51/hd414ycd67n82196sw51xqtc0000gn/T/pip-pip-egg-info-z1evpvmd
2022-12-27T11:31:02.1349400Z   Preparing metadata (setup.py): started
2022-12-27T11:31:02.1351490Z   Running command python setup.py egg_info
2022-12-27T11:31:02.8440390Z   /private/var/folders/51/hd414ycd67n82196sw51xqtc0000gn/T/cibw-run-0g__6h6g/cp39-macosx_arm64/build/venv/lib/python3.9/site-packages/setuptools/dist.py:529: UserWarning: Normalizing '2.2beta4' to '2.2b4'
2022-12-27T11:31:02.8441580Z     warnings.warn(tmpl.format(**locals()))
2022-12-27T11:31:02.8545000Z   Building lxml version 2.2.beta4.
2022-12-27T11:31:02.8546370Z   Building with Cython 0.29.32.
2022-12-27T11:31:02.8550230Z   Using build configuration of libxslt 1.1.29
2022-12-27T11:31:02.8553230Z   Building against libxml2/libxslt in the following directory: /Library/Developer/CommandLineTools/SDKs/MacOSX12.1.sdk/usr/lib
2022-12-27T11:31:02.8554490Z   running egg_info
2022-12-27T11:31:02.8558210Z   creating /private/var/folders/51/hd414ycd67n82196sw51xqtc0000gn/T/pip-pip-egg-info-z1evpvmd/lxml.egg-info
2022-12-27T11:31:02.8589010Z   writing /private/var/folders/51/hd414ycd67n82196sw51xqtc0000gn/T/pip-pip-egg-info-z1evpvmd/lxml.egg-info/PKG-INFO
2022-12-27T11:31:02.8601170Z   writing dependency_links to /private/var/folders/51/hd414ycd67n82196sw51xqtc0000gn/T/pip-pip-egg-info-z1evpvmd/lxml.egg-info/dependency_links.txt
2022-12-27T11:31:02.8607010Z   writing top-level names to /private/var/folders/51/hd414ycd67n82196sw51xqtc0000gn/T/pip-pip-egg-info-z1evpvmd/lxml.egg-info/top_level.txt
2022-12-27T11:31:02.8611980Z   writing manifest file '/private/var/folders/51/hd414ycd67n82196sw51xqtc0000gn/T/pip-pip-egg-info-z1evpvmd/lxml.egg-info/SOURCES.txt'
2022-12-27T11:31:02.8723470Z   reading manifest file '/private/var/folders/51/hd414ycd67n82196sw51xqtc0000gn/T/pip-pip-egg-info-z1evpvmd/lxml.egg-info/SOURCES.txt'
2022-12-27T11:31:02.8735010Z   reading manifest template 'MANIFEST.in'
2022-12-27T11:31:03.0531930Z   adding license file 'LICENSES.txt'
2022-12-27T11:31:03.0662870Z   writing manifest file '/private/var/folders/51/hd414ycd67n82196sw51xqtc0000gn/T/pip-pip-egg-info-z1evpvmd/lxml.egg-info/SOURCES.txt'
2022-12-27T11:31:03.1253210Z   Preparing metadata (setup.py): finished with status 'done'
2022-12-27T11:31:03.1298090Z   Source in /Users/runner/actions-runner/_work/python.build/python.build/build_lxml22beta439/lxml-2.2beta4 has version 2.2b4, which satisfies requirement lxml==2.2b4 from file:///Users/runner/actions-runner/_work/python.build/python.build/build_lxml22beta439/lxml-2.2beta4
2022-12-27T11:31:03.1300680Z   Removed lxml==2.2b4 from file:///Users/runner/actions-runner/_work/python.build/python.build/build_lxml22beta439/lxml-2.2beta4 from build tracker '/private/var/folders/51/hd414ycd67n82196sw51xqtc0000gn/T/pip-build-tracker-30lm3vks'
2022-12-27T11:31:03.1333390Z Created temporary directory: /private/var/folders/51/hd414ycd67n82196sw51xqtc0000gn/T/pip-unpack-nsm9wsur
2022-12-27T11:31:03.1334420Z Building wheels for collected packages: lxml
2022-12-27T11:31:03.1346940Z   Created temporary directory: /private/var/folders/51/hd414ycd67n82196sw51xqtc0000gn/T/pip-wheel-9gcgjyb4
2022-12-27T11:31:03.1348960Z   Building wheel for lxml (setup.py): started
2022-12-27T11:31:03.1352610Z   Destination directory: /private/var/folders/51/hd414ycd67n82196sw51xqtc0000gn/T/pip-wheel-9gcgjyb4
2022-12-27T11:31:03.1355470Z   Running command python setup.py bdist_wheel
2022-12-27T11:31:03.5908410Z   Building lxml version 2.2.beta4.
2022-12-27T11:31:03.5912530Z   Building with Cython 0.29.32.
2022-12-27T11:31:03.6179650Z   Using build configuration of libxslt 1.1.29
2022-12-27T11:31:03.8099840Z   Building against libxml2/libxslt in the following directory: /Library/Developer/CommandLineTools/SDKs/MacOSX12.1.sdk/usr/lib
2022-12-27T11:31:03.8279550Z   /private/var/folders/51/hd414ycd67n82196sw51xqtc0000gn/T/cibw-run-0g__6h6g/cp39-macosx_arm64/build/venv/lib/python3.9/site-packages/setuptools/dist.py:529: UserWarning: Normalizing '2.2beta4' to '2.2b4'
2022-12-27T11:31:03.8283310Z     warnings.warn(tmpl.format(**locals()))
2022-12-27T11:31:03.8501000Z   running bdist_wheel
2022-12-27T11:31:03.8574420Z   running build
2022-12-27T11:31:03.8575700Z   running build_py
2022-12-27T11:31:03.8612540Z   creating build
2022-12-27T11:31:03.8614810Z   creating build/lib.macosx-11.0-arm64-cpython-39
2022-12-27T11:31:03.8616620Z   creating build/lib.macosx-11.0-arm64-cpython-39/lxml
2022-12-27T11:31:03.8618470Z   copying src/lxml/_elementpath.py -> build/lib.macosx-11.0-arm64-cpython-39/lxml
2022-12-27T11:31:03.8620640Z   copying src/lxml/sax.py -> build/lib.macosx-11.0-arm64-cpython-39/lxml
2022-12-27T11:31:03.8630480Z   copying src/lxml/pyclasslookup.py -> build/lib.macosx-11.0-arm64-cpython-39/lxml
2022-12-27T11:31:03.8632820Z   copying src/lxml/__init__.py -> build/lib.macosx-11.0-arm64-cpython-39/lxml
2022-12-27T11:31:03.8637220Z   copying src/lxml/builder.py -> build/lib.macosx-11.0-arm64-cpython-39/lxml
2022-12-27T11:31:03.8638720Z   copying src/lxml/doctestcompare.py -> build/lib.macosx-11.0-arm64-cpython-39/lxml
2022-12-27T11:31:03.8647010Z   copying src/lxml/usedoctest.py -> build/lib.macosx-11.0-arm64-cpython-39/lxml
2022-12-27T11:31:03.8651160Z   copying src/lxml/cssselect.py -> build/lib.macosx-11.0-arm64-cpython-39/lxml
2022-12-27T11:31:03.8653230Z   copying src/lxml/ElementInclude.py -> build/lib.macosx-11.0-arm64-cpython-39/lxml
2022-12-27T11:31:03.8668150Z   creating build/lib.macosx-11.0-arm64-cpython-39/lxml/html
2022-12-27T11:31:03.8670890Z   copying src/lxml/html/soupparser.py -> build/lib.macosx-11.0-arm64-cpython-39/lxml/html
2022-12-27T11:31:03.8674010Z   copying src/lxml/html/defs.py -> build/lib.macosx-11.0-arm64-cpython-39/lxml/html
2022-12-27T11:31:03.8681390Z   copying src/lxml/html/_setmixin.py -> build/lib.macosx-11.0-arm64-cpython-39/lxml/html
2022-12-27T11:31:03.8815400Z   copying src/lxml/html/clean.py -> build/lib.macosx-11.0-arm64-cpython-39/lxml/html
2022-12-27T11:31:03.8817160Z   copying src/lxml/html/_diffcommand.py -> build/lib.macosx-11.0-arm64-cpython-39/lxml/html
2022-12-27T11:31:03.8818250Z   copying src/lxml/html/html5parser.py -> build/lib.macosx-11.0-arm64-cpython-39/lxml/html
2022-12-27T11:31:03.8818910Z   copying src/lxml/html/__init__.py -> build/lib.macosx-11.0-arm64-cpython-39/lxml/html
2022-12-27T11:31:03.8819570Z   copying src/lxml/html/formfill.py -> build/lib.macosx-11.0-arm64-cpython-39/lxml/html
2022-12-27T11:31:03.8820910Z   copying src/lxml/html/builder.py -> build/lib.macosx-11.0-arm64-cpython-39/lxml/html
2022-12-27T11:31:03.8821640Z   copying src/lxml/html/ElementSoup.py -> build/lib.macosx-11.0-arm64-cpython-39/lxml/html
2022-12-27T11:31:03.8822310Z   copying src/lxml/html/_html5builder.py -> build/lib.macosx-11.0-arm64-cpython-39/lxml/html
2022-12-27T11:31:03.8822960Z   copying src/lxml/html/usedoctest.py -> build/lib.macosx-11.0-arm64-cpython-39/lxml/html
2022-12-27T11:31:03.8823540Z   copying src/lxml/html/diff.py -> build/lib.macosx-11.0-arm64-cpython-39/lxml/html
2022-12-27T11:31:03.8824150Z   copying src/lxml/html/_dictmixin.py -> build/lib.macosx-11.0-arm64-cpython-39/lxml/html
2022-12-27T11:31:03.8824560Z   running build_ext
2022-12-27T11:31:03.9564380Z   skipping 'src/lxml/lxml.etree.c' Cython extension (up-to-date)
2022-12-27T11:31:03.9565880Z   skipping 'src/lxml/lxml.objectify.c' Cython extension (up-to-date)
2022-12-27T11:31:03.9569120Z   building 'lxml.etree' extension
2022-12-27T11:31:03.9571660Z   creating build/temp.macosx-11.0-arm64-cpython-39
2022-12-27T11:31:03.9573930Z   creating build/temp.macosx-11.0-arm64-cpython-39/src
2022-12-27T11:31:03.9577110Z   creating build/temp.macosx-11.0-arm64-cpython-39/src/lxml
2022-12-27T11:31:03.9583260Z   gcc -Wno-unused-result -Wsign-compare -Wunreachable-code -fno-common -dynamic -DNDEBUG -g -fwrapv -O3 -Wall -g -I/usr/local/opt/openssl@3/include -I/usr/local/opt/openssl@3/include -arch arm64 -I/Library/Developer/CommandLineTools/SDKs/MacOSX12.1.sdk/usr/include -I/private/var/folders/51/hd414ycd67n82196sw51xqtc0000gn/T/cibw-run-0g__6h6g/cp39-macosx_arm64/build/venv/include -I/Library/Frameworks/Python.framework/Versions/3.9/include/python3.9 -c src/lxml/lxml.etree.c -o build/temp.macosx-11.0-arm64-cpython-39/src/lxml/lxml.etree.o -w -flat_namespace
2022-12-27T11:31:04.9261270Z   src/lxml/lxml.etree.c:147322:24: error: no member named 'exc_type' in 'struct _ts'
2022-12-27T11:31:04.9265650Z       tmp_type = tstate->exc_type;
2022-12-27T11:31:04.9270420Z                  ~~~~~~  ^
2022-12-27T11:31:04.9276020Z   src/lxml/lxml.etree.c:147323:25: error: no member named 'exc_value' in 'struct _ts'; did you mean 'curexc_value'?
2022-12-27T11:31:04.9280820Z       tmp_value = tstate->exc_value;
2022-12-27T11:31:04.9287090Z                           ^~~~~~~~~
2022-12-27T11:31:04.9290740Z                           curexc_value
2022-12-27T11:31:04.9297180Z   /Library/Frameworks/Python.framework/Versions/3.9/include/python3.9/cpython/pystate.h:78:15: note: 'curexc_value' declared here
2022-12-27T11:31:04.9301030Z       PyObject *curexc_value;
2022-12-27T11:31:04.9306530Z                 ^
2022-12-27T11:31:04.9311720Z   src/lxml/lxml.etree.c:147324:22: error: no member named 'exc_traceback' in 'struct _ts'; did you mean 'curexc_traceback'?
2022-12-27T11:31:04.9317520Z       tmp_tb = tstate->exc_traceback;
2022-12-27T11:31:04.9321330Z                        ^~~~~~~~~~~~~
2022-12-27T11:31:04.9327160Z                        curexc_traceback
2022-12-27T11:31:04.9332030Z   /Library/Frameworks/Python.framework/Versions/3.9/include/python3.9/cpython/pystate.h:79:15: note: 'curexc_traceback' declared here
2022-12-27T11:31:04.9337010Z       PyObject *curexc_traceback;
2022-12-27T11:31:04.9341420Z                 ^
2022-12-27T11:31:04.9344900Z   src/lxml/lxml.etree.c:147325:13: error: no member named 'exc_type' in 'struct _ts'
2022-12-27T11:31:04.9346940Z       tstate->exc_type = 0;
2022-12-27T11:31:04.9349620Z       ~~~~~~  ^
2022-12-27T11:31:04.9352530Z   src/lxml/lxml.etree.c:147326:13: error: no member named 'exc_value' in 'struct _ts'; did you mean 'curexc_value'?
2022-12-27T11:31:04.9354830Z       tstate->exc_value = 0;
2022-12-27T11:31:04.9357120Z               ^~~~~~~~~
2022-12-27T11:31:04.9359710Z               curexc_value
2022-12-27T11:31:04.9362580Z   /Library/Frameworks/Python.framework/Versions/3.9/include/python3.9/cpython/pystate.h:78:15: note: 'curexc_value' declared here
2022-12-27T11:31:04.9364410Z       PyObject *curexc_value;
2022-12-27T11:31:04.9367810Z                 ^
2022-12-27T11:31:04.9369910Z   src/lxml/lxml.etree.c:147327:13: error: no member named 'exc_traceback' in 'struct _ts'; did you mean 'curexc_traceback'?
2022-12-27T11:31:04.9372220Z       tstate->exc_traceback = 0;
2022-12-27T11:31:04.9374460Z               ^~~~~~~~~~~~~
2022-12-27T11:31:04.9376950Z               curexc_traceback
2022-12-27T11:31:04.9379850Z   /Library/Frameworks/Python.framework/Versions/3.9/include/python3.9/cpython/pystate.h:79:15: note: 'curexc_traceback' declared here
2022-12-27T11:31:04.9382030Z       PyObject *curexc_traceback;
2022-12-27T11:31:04.9384420Z                 ^
2022-12-27T11:31:04.9387260Z   src/lxml/lxml.etree.c:147357:21: error: no member named 'exc_type' in 'struct _ts'
2022-12-27T11:31:04.9389770Z       *type = tstate->exc_type;
2022-12-27T11:31:04.9391920Z               ~~~~~~  ^
2022-12-27T11:31:04.9394770Z   src/lxml/lxml.etree.c:147358:22: error: no member named 'exc_value' in 'struct _ts'; did you mean 'curexc_value'?
2022-12-27T11:31:04.9397100Z       *value = tstate->exc_value;
2022-12-27T11:31:04.9399430Z                        ^~~~~~~~~
2022-12-27T11:31:04.9401810Z                        curexc_value
2022-12-27T11:31:04.9404820Z   /Library/Frameworks/Python.framework/Versions/3.9/include/python3.9/cpython/pystate.h:78:15: note: 'curexc_value' declared here
2022-12-27T11:31:04.9407070Z       PyObject *curexc_value;
2022-12-27T11:31:04.9409510Z                 ^
2022-12-27T11:31:04.9412330Z   src/lxml/lxml.etree.c:147359:19: error: no member named 'exc_traceback' in 'struct _ts'; did you mean 'curexc_traceback'?
2022-12-27T11:31:04.9414830Z       *tb = tstate->exc_traceback;
2022-12-27T11:31:04.9417090Z                     ^~~~~~~~~~~~~
2022-12-27T11:31:04.9419570Z                     curexc_traceback
2022-12-27T11:31:04.9422560Z   /Library/Frameworks/Python.framework/Versions/3.9/include/python3.9/cpython/pystate.h:79:15: note: 'curexc_traceback' declared here
2022-12-27T11:31:04.9424940Z       PyObject *curexc_traceback;
2022-12-27T11:31:04.9427250Z                 ^
2022-12-27T11:31:04.9430060Z   src/lxml/lxml.etree.c:147368:24: error: no member named 'exc_type' in 'struct _ts'
2022-12-27T11:31:04.9432300Z       tmp_type = tstate->exc_type;
2022-12-27T11:31:04.9435080Z                  ~~~~~~  ^
2022-12-27T11:31:04.9437730Z   src/lxml/lxml.etree.c:147369:25: error: no member named 'exc_value' in 'struct _ts'; did you mean 'curexc_value'?
2022-12-27T11:31:04.9440150Z       tmp_value = tstate->exc_value;
2022-12-27T11:31:04.9442490Z                           ^~~~~~~~~
2022-12-27T11:31:04.9445140Z                           curexc_value
2022-12-27T11:31:04.9448080Z   /Library/Frameworks/Python.framework/Versions/3.9/include/python3.9/cpython/pystate.h:78:15: note: 'curexc_value' declared here
2022-12-27T11:31:04.9450570Z       PyObject *curexc_value;
2022-12-27T11:31:04.9453070Z                 ^
2022-12-27T11:31:04.9455940Z   src/lxml/lxml.etree.c:147370:22: error: no member named 'exc_traceback' in 'struct _ts'; did you mean 'curexc_traceback'?
2022-12-27T11:31:04.9458360Z       tmp_tb = tstate->exc_traceback;
2022-12-27T11:31:04.9460670Z                        ^~~~~~~~~~~~~
2022-12-27T11:31:04.9463350Z                        curexc_traceback
2022-12-27T11:31:04.9466360Z   /Library/Frameworks/Python.framework/Versions/3.9/include/python3.9/cpython/pystate.h:79:15: note: 'curexc_traceback' declared here
2022-12-27T11:31:04.9468770Z       PyObject *curexc_traceback;
2022-12-27T11:31:04.9471230Z                 ^
2022-12-27T11:31:04.9474270Z   src/lxml/lxml.etree.c:147371:13: error: no member named 'exc_type' in 'struct _ts'
2022-12-27T11:31:04.9477800Z       tstate->exc_type = type;
2022-12-27T11:31:04.9479190Z       ~~~~~~  ^
2022-12-27T11:31:04.9482580Z   src/lxml/lxml.etree.c:147372:13: error: no member named 'exc_value' in 'struct _ts'; did you mean 'curexc_value'?
2022-12-27T11:31:04.9484430Z       tstate->exc_value = value;
2022-12-27T11:31:04.9487280Z               ^~~~~~~~~
2022-12-27T11:31:04.9489480Z               curexc_value
2022-12-27T11:31:04.9492950Z   /Library/Frameworks/Python.framework/Versions/3.9/include/python3.9/cpython/pystate.h:78:15: note: 'curexc_value' declared here
2022-12-27T11:31:04.9494470Z       PyObject *curexc_value;
2022-12-27T11:31:04.9497370Z                 ^
2022-12-27T11:31:04.9500420Z   src/lxml/lxml.etree.c:147373:13: error: no member named 'exc_traceback' in 'struct _ts'; did you mean 'curexc_traceback'?
2022-12-27T11:31:04.9502550Z       tstate->exc_traceback = tb;
2022-12-27T11:31:04.9504980Z               ^~~~~~~~~~~~~
2022-12-27T11:31:04.9507520Z               curexc_traceback
2022-12-27T11:31:04.9510450Z   /Library/Frameworks/Python.framework/Versions/3.9/include/python3.9/cpython/pystate.h:79:15: note: 'curexc_traceback' declared here
2022-12-27T11:31:04.9512430Z       PyObject *curexc_traceback;
2022-12-27T11:31:04.9514970Z                 ^
2022-12-27T11:31:04.9518070Z   src/lxml/lxml.etree.c:147450:24: error: no member named 'exc_type' in 'struct _ts'
2022-12-27T11:31:04.9521040Z       tmp_type = tstate->exc_type;
2022-12-27T11:31:04.9522920Z                  ~~~~~~  ^
2022-12-27T11:31:04.9526230Z   src/lxml/lxml.etree.c:147451:25: error: no member named 'exc_value' in 'struct _ts'; did you mean 'curexc_value'?
2022-12-27T11:31:04.9528720Z       tmp_value = tstate->exc_value;
2022-12-27T11:31:04.9531300Z                           ^~~~~~~~~
2022-12-27T11:31:04.9533930Z                           curexc_value
2022-12-27T11:31:04.9536990Z   /Library/Frameworks/Python.framework/Versions/3.9/include/python3.9/cpython/pystate.h:78:15: note: 'curexc_value' declared here
2022-12-27T11:31:04.9539000Z       PyObject *curexc_value;
2022-12-27T11:31:04.9541570Z                 ^
2022-12-27T11:31:04.9544620Z   src/lxml/lxml.etree.c:147452:22: error: no member named 'exc_traceback' in 'struct _ts'; did you mean 'curexc_traceback'?
2022-12-27T11:31:04.9547050Z       tmp_tb = tstate->exc_traceback;
2022-12-27T11:31:04.9549470Z                        ^~~~~~~~~~~~~
2022-12-27T11:31:04.9551850Z                        curexc_traceback
2022-12-27T11:31:04.9555000Z   /Library/Frameworks/Python.framework/Versions/3.9/include/python3.9/cpython/pystate.h:79:15: note: 'curexc_traceback' declared here
2022-12-27T11:31:04.9556960Z       PyObject *curexc_traceback;
2022-12-27T11:31:04.9559620Z                 ^
2022-12-27T11:31:04.9562420Z   src/lxml/lxml.etree.c:147453:13: error: no member named 'exc_type' in 'struct _ts'
2022-12-27T11:31:04.9565050Z       tstate->exc_type = *type;
2022-12-27T11:31:04.9567310Z       ~~~~~~  ^
2022-12-27T11:31:04.9570110Z   fatal error: too many errors emitted, stopping now [-ferror-limit=]
2022-12-27T11:31:04.9572370Z   20 errors generated.
2022-12-27T11:31:04.9575410Z   error: command '/usr/bin/gcc' failed with exit code 1
2022-12-27T11:31:05.0259850Z   error: subprocess-exited-with-error
2022-12-27T11:31:05.0260510Z   
2022-12-27T11:31:05.0262840Z   × python setup.py bdist_wheel did not run successfully.
2022-12-27T11:31:05.0263970Z   │ exit code: 1
2022-12-27T11:31:05.0264890Z   ╰─> See above for output.
2022-12-27T11:31:05.0265530Z   
2022-12-27T11:31:05.0266550Z   note: This error originates from a subprocess, and is likely not a problem with pip.
2022-12-27T11:31:05.0274330Z   full command: /private/var/folders/51/hd414ycd67n82196sw51xqtc0000gn/T/cibw-run-0g__6h6g/cp39-macosx_arm64/build/venv/bin/python -u -c '
2022-12-27T11:31:05.0275800Z   exec(compile('"'"''"'"''"'"'
2022-12-27T11:31:05.0277050Z   # This is <pip-setuptools-caller> -- a caller that pip uses to run setup.py
2022-12-27T11:31:05.0277680Z   #
2022-12-27T11:31:05.0278350Z   # - It imports setuptools before invoking setup.py, to enable projects that directly
2022-12-27T11:31:05.0279160Z   #   import from `distutils.core` to work with newer packaging standards.
2022-12-27T11:31:05.0279950Z   # - It provides a clear error message when setuptools is not installed.
2022-12-27T11:31:05.0280740Z   # - It sets `sys.argv[0]` to the underlying `setup.py`, when invoking `setup.py` so
2022-12-27T11:31:05.0281960Z   #   setuptools doesn'"'"'t think the script is `-c`. This avoids the following warning:
2022-12-27T11:31:05.0282780Z   #     manifest_maker: standard file '"'"'-c'"'"' not found".
2022-12-27T11:31:05.0283440Z   # - It generates a shim setup.py, for handling setup.cfg-only projects.
2022-12-27T11:31:05.0283960Z   import os, sys, tokenize
2022-12-27T11:31:05.0284270Z   
2022-12-27T11:31:05.0284660Z   try:
2022-12-27T11:31:05.0285070Z       import setuptools
2022-12-27T11:31:05.0285430Z   except ImportError as error:
2022-12-27T11:31:05.0285880Z       print(
2022-12-27T11:31:05.0286420Z           "ERROR: Can not execute `setup.py` since setuptools is not available in "
2022-12-27T11:31:05.0286830Z           "the build environment.",
2022-12-27T11:31:05.0287160Z           file=sys.stderr,
2022-12-27T11:31:05.0287450Z       )
2022-12-27T11:31:05.0287680Z       sys.exit(1)
2022-12-27T11:31:05.0287980Z   
2022-12-27T11:31:05.0288280Z   __file__ = %r
2022-12-27T11:31:05.0288540Z   sys.argv[0] = __file__
2022-12-27T11:31:05.0289010Z   
2022-12-27T11:31:05.0289350Z   if os.path.exists(__file__):
2022-12-27T11:31:05.0289620Z       filename = __file__
2022-12-27T11:31:05.0289960Z       with tokenize.open(__file__) as f:
2022-12-27T11:31:05.0290340Z           setup_py_code = f.read()
2022-12-27T11:31:05.0290600Z   else:
2022-12-27T11:31:05.0291090Z       filename = "<auto-generated setuptools caller>"
2022-12-27T11:31:05.0291510Z       setup_py_code = "from setuptools import setup; setup()"
2022-12-27T11:31:05.0291790Z   
2022-12-27T11:31:05.0292060Z   exec(compile(setup_py_code, filename, "exec"))
2022-12-27T11:31:05.0292960Z   '"'"''"'"''"'"' % ('"'"'/Users/runner/actions-runner/_work/python.build/python.build/build_lxml22beta439/lxml-2.2beta4/setup.py'"'"',), "<pip-setuptools-caller>", "exec"))' bdist_wheel -d /private/var/folders/51/hd414ycd67n82196sw51xqtc0000gn/T/pip-wheel-9gcgjyb4
2022-12-27T11:31:05.0293810Z   cwd: /Users/runner/actions-runner/_work/python.build/python.build/build_lxml22beta439/lxml-2.2beta4/
2022-12-27T11:31:05.0294340Z   Building wheel for lxml (setup.py): finished with status 'error'
2022-12-27T11:31:05.0294680Z   ERROR: Failed building wheel for lxml
2022-12-27T11:31:05.0295070Z   Running command python setup.py clean
2022-12-27T11:31:05.0295790Z   Running setup.py clean for lxml
2022-12-27T11:31:05.4977510Z   Building lxml version 2.2.beta4.
2022-12-27T11:31:05.4978770Z   Building with Cython 0.29.32.
2022-12-27T11:31:05.5246940Z   Using build configuration of libxslt 1.1.29
2022-12-27T11:31:05.7274290Z   Building against libxml2/libxslt in the following directory: /Library/Developer/CommandLineTools/SDKs/MacOSX12.1.sdk/usr/lib
2022-12-27T11:31:05.7466590Z   /private/var/folders/51/hd414ycd67n82196sw51xqtc0000gn/T/cibw-run-0g__6h6g/cp39-macosx_arm64/build/venv/lib/python3.9/site-packages/setuptools/dist.py:529: UserWarning: Normalizing '2.2beta4' to '2.2b4'
2022-12-27T11:31:05.7467900Z     warnings.warn(tmpl.format(**locals()))
2022-12-27T11:31:05.7531620Z   running clean
2022-12-27T11:31:05.7581820Z   removing 'build/temp.macosx-11.0-arm64-cpython-39' (and everything under it)
2022-12-27T11:31:05.7585000Z   removing 'build/lib.macosx-11.0-arm64-cpython-39' (and everything under it)
2022-12-27T11:31:05.7622140Z   'build/bdist.macosx-11.0-arm64' does not exist -- can't clean it
2022-12-27T11:31:05.7623980Z   'build/scripts-3.9' does not exist -- can't clean it
2022-12-27T11:31:05.7626290Z   removing 'build'
2022-12-27T11:31:05.8215280Z Failed to build lxml
2022-12-27T11:31:05.8219270Z ERROR: Failed to build one or more wheels
2022-12-27T11:31:05.8237870Z Exception information:
2022-12-27T11:31:05.8238890Z Traceback (most recent call last):
2022-12-27T11:31:05.8251600Z   File "/private/var/folders/51/hd414ycd67n82196sw51xqtc0000gn/T/cibw-run-0g__6h6g/cp39-macosx_arm64/build/venv/lib/python3.9/site-packages/pip/_internal/cli/base_command.py", line 160, in exc_logging_wrapper
2022-12-27T11:31:05.8252270Z     status = run_func(*args)
2022-12-27T11:31:05.8253930Z   File "/private/var/folders/51/hd414ycd67n82196sw51xqtc0000gn/T/cibw-run-0g__6h6g/cp39-macosx_arm64/build/venv/lib/python3.9/site-packages/pip/_internal/cli/req_command.py", line 247, in wrapper
2022-12-27T11:31:05.8254500Z     return func(self, options, args)
2022-12-27T11:31:05.8255360Z   File "/private/var/folders/51/hd414ycd67n82196sw51xqtc0000gn/T/cibw-run-0g__6h6g/cp39-macosx_arm64/build/venv/lib/python3.9/site-packages/pip/_internal/commands/wheel.py", line 201, in run
2022-12-27T11:31:05.8255930Z     raise CommandError("Failed to build one or more wheels")
2022-12-27T11:31:05.8256310Z pip._internal.exceptions.CommandError: Failed to build one or more wheels
2022-12-27T11:31:05.8256960Z Removed build tracker: '/private/var/folders/51/hd414ycd67n82196sw51xqtc0000gn/T/pip-build-tracker-30lm3vks'
2022-12-27T11:31:05.9382940Z ##[endgroup]
2022-12-27T11:31:05.9421330Z ##[error]Command ['python', '-m', 'pip', 'wheel', '/Users/runner/actions-runner/_work/python.build/python.build/build_lxml22beta439/lxml-2.2beta4', '--wheel-dir=/private/var/folders/51/hd414ycd67n82196sw51xqtc0000gn/T/cibw-run-0g__6h6g/cp39-macosx_arm64/built_wheel', '--no-deps', '-vvv'] failed with code 1. None
2022-12-27T11:31:05.9430490Z 
2022-12-27T11:31:05.9431100Z                                                               [31m✕ [0m4.30s
2022-12-27T11:31:06.0217190Z ##[error]Process completed with exit code 1.
2022-12-27T11:31:06.0269710Z ##[group]Run rm -rf build_lxml22beta439 wheelsout
2022-12-27T11:31:06.0270010Z [36;1mrm -rf build_lxml22beta439 wheelsout[0m
2022-12-27T11:31:06.0296940Z shell: /bin/bash -e {0}
2022-12-27T11:31:06.0297130Z env:
2022-12-27T11:31:06.0297370Z   pythonLocation: /Users/runner/hostedtoolcache/Python/3.9.16/x64
2022-12-27T11:31:06.0297690Z   PKG_CONFIG_PATH: /Users/runner/hostedtoolcache/Python/3.9.16/x64/lib/pkgconfig
2022-12-27T11:31:06.0298250Z   Python_ROOT_DIR: /Users/runner/hostedtoolcache/Python/3.9.16/x64
2022-12-27T11:31:06.0298580Z   Python2_ROOT_DIR: /Users/runner/hostedtoolcache/Python/3.9.16/x64
2022-12-27T11:31:06.0298880Z   Python3_ROOT_DIR: /Users/runner/hostedtoolcache/Python/3.9.16/x64
2022-12-27T11:31:06.0299110Z ##[endgroup]
2022-12-27T11:31:06.1321460Z Cleaning up orphan processes
