2022-12-27T08:46:13.1379775Z Requested labels: self-hosted, macOS, X64
2022-12-27T08:46:13.1379870Z Job defined at: kilnbuild/python.build/.github/workflows/mac_arm_build.yml@refs/heads/main
2022-12-27T08:46:13.1379894Z Waiting for a runner to pick up this job...
2022-12-27T11:05:38.9649600Z Job is about to start running on the runner: kr2 (organization)
2022-12-27T11:05:45.2980370Z Current runner version: '2.300.2'
2022-12-27T11:05:45.2987900Z Runner name: 'kr2'
2022-12-27T11:05:45.2988280Z Runner group name: 'Default'
2022-12-27T11:05:45.2989160Z Machine name: 'kr2'
2022-12-27T11:05:45.2991740Z ##[group]GITHUB_TOKEN Permissions
2022-12-27T11:05:45.2992430Z Actions: write
2022-12-27T11:05:45.2992680Z Checks: write
2022-12-27T11:05:45.2992920Z Contents: write
2022-12-27T11:05:45.2993180Z Deployments: write
2022-12-27T11:05:45.2993430Z Discussions: write
2022-12-27T11:05:45.2993680Z Issues: write
2022-12-27T11:05:45.2993920Z Metadata: read
2022-12-27T11:05:45.2994170Z Packages: write
2022-12-27T11:05:45.2994420Z Pages: write
2022-12-27T11:05:45.2994670Z PullRequests: write
2022-12-27T11:05:45.2994960Z RepositoryProjects: write
2022-12-27T11:05:45.2995250Z SecurityEvents: write
2022-12-27T11:05:45.2995510Z Statuses: write
2022-12-27T11:05:45.2995750Z ##[endgroup]
2022-12-27T11:05:45.2999340Z Secret source: Actions
2022-12-27T11:05:45.2999860Z Prepare workflow directory
2022-12-27T11:05:45.4101300Z Prepare all required actions
2022-12-27T11:05:45.4308040Z Getting action download info
2022-12-27T11:05:45.8897510Z Download action repository 'actions/setup-python@v4' (SHA:5ccb29d8773c3f3f653e1705f474dfaa8a06a912)
2022-12-27T11:05:47.7587780Z Download action repository 'actions/upload-artifact@v3' (SHA:83fd05a356d7e2593de66fc9913b3002723633cb)
2022-12-27T11:05:49.2415490Z ##[group]Run echo '{
2022-12-27T11:05:49.2415970Z [36;1mecho '{[0m
2022-12-27T11:05:49.2416160Z [36;1m  "package_name": "lxml",[0m
2022-12-27T11:05:49.2416550Z [36;1m  "package_url": "https://files.pythonhosted.org/packages/6a/24/eda9547b19547c4d37ec6dbca1530923e54eae39be29950366b1f674d86a/lxml-1.3.3.tar.gz",[0m
2022-12-27T11:05:49.2416900Z [36;1m  "package_version": "1.3.3",[0m
2022-12-27T11:05:49.2417100Z [36;1m  "python_version": "3.11",[0m
2022-12-27T11:05:49.2417300Z [36;1m  "use_ccache": "true"[0m
2022-12-27T11:05:49.2417480Z [36;1m}'[0m
2022-12-27T11:05:49.2444750Z shell: /bin/bash -e {0}
2022-12-27T11:05:49.2444960Z ##[endgroup]
2022-12-27T11:05:49.2827110Z {
2022-12-27T11:05:49.2830190Z   "package_name": "lxml",
2022-12-27T11:05:49.2831410Z   "package_url": "https://files.pythonhosted.org/packages/6a/24/eda9547b19547c4d37ec6dbca1530923e54eae39be29950366b1f674d86a/lxml-1.3.3.tar.gz",
2022-12-27T11:05:49.2831920Z   "package_version": "1.3.3",
2022-12-27T11:05:49.2832410Z   "python_version": "3.11",
2022-12-27T11:05:49.2832710Z   "use_ccache": "true"
2022-12-27T11:05:49.2833100Z }
2022-12-27T11:05:49.3183710Z ##[group]Run actions/setup-python@v4
2022-12-27T11:05:49.3184060Z with:
2022-12-27T11:05:49.3184390Z   python-version: 3.11
2022-12-27T11:05:49.3184710Z   check-latest: false
2022-12-27T11:05:49.3185360Z   token: ***
2022-12-27T11:05:49.3185620Z   update-environment: true
2022-12-27T11:05:49.3185960Z ##[endgroup]
2022-12-27T11:05:49.5260750Z ##[group]Installed versions
2022-12-27T11:05:49.5334130Z Successfully set up CPython (3.11.1)
2022-12-27T11:05:49.5335110Z ##[endgroup]
2022-12-27T11:05:49.5568020Z ##[group]Run if [ "true" == "true" ]
2022-12-27T11:05:49.5568520Z [36;1mif [ "true" == "true" ][0m
2022-12-27T11:05:49.5568970Z [36;1mthen[0m
2022-12-27T11:05:49.5569370Z [36;1m  echo "CCACHE_PATH_PREPEND=/usr/local/opt/ccache/libexec" >> $GITHUB_OUTPUT[0m
2022-12-27T11:05:49.5569700Z [36;1melse[0m
2022-12-27T11:05:49.5570060Z [36;1m  echo "CCACHE_PATH_PREPEND=" >> $GITHUB_OUTPUT[0m
2022-12-27T11:05:49.5570410Z [36;1mfi[0m
2022-12-27T11:05:49.5600530Z shell: /bin/bash -e {0}
2022-12-27T11:05:49.5600820Z env:
2022-12-27T11:05:49.5601200Z   pythonLocation: /Users/runner/hostedtoolcache/Python/3.11.1/x64
2022-12-27T11:05:49.5601790Z   PKG_CONFIG_PATH: /Users/runner/hostedtoolcache/Python/3.11.1/x64/lib/pkgconfig
2022-12-27T11:05:49.5602170Z   Python_ROOT_DIR: /Users/runner/hostedtoolcache/Python/3.11.1/x64
2022-12-27T11:05:49.5602680Z   Python2_ROOT_DIR: /Users/runner/hostedtoolcache/Python/3.11.1/x64
2022-12-27T11:05:49.5603210Z   Python3_ROOT_DIR: /Users/runner/hostedtoolcache/Python/3.11.1/x64
2022-12-27T11:05:49.5603930Z ##[endgroup]
2022-12-27T11:05:49.5889460Z ##[group]Run echo "BUILD_NAME=$(echo lxml_1.3.3_3.11 | tr -dc '[:alnum:]\n\r' | tr '[:upper:]' '[:lower:]')" >> $GITHUB_OUTPUT
2022-12-27T11:05:49.5890040Z [36;1mecho "BUILD_NAME=$(echo lxml_1.3.3_3.11 | tr -dc '[:alnum:]\n\r' | tr '[:upper:]' '[:lower:]')" >> $GITHUB_OUTPUT[0m
2022-12-27T11:05:49.5919510Z shell: /bin/bash -e {0}
2022-12-27T11:05:49.5919750Z env:
2022-12-27T11:05:49.5920130Z   pythonLocation: /Users/runner/hostedtoolcache/Python/3.11.1/x64
2022-12-27T11:05:49.5920600Z   PKG_CONFIG_PATH: /Users/runner/hostedtoolcache/Python/3.11.1/x64/lib/pkgconfig
2022-12-27T11:05:49.5921040Z   Python_ROOT_DIR: /Users/runner/hostedtoolcache/Python/3.11.1/x64
2022-12-27T11:05:49.5921420Z   Python2_ROOT_DIR: /Users/runner/hostedtoolcache/Python/3.11.1/x64
2022-12-27T11:05:49.5921800Z   Python3_ROOT_DIR: /Users/runner/hostedtoolcache/Python/3.11.1/x64
2022-12-27T11:05:49.5922120Z ##[endgroup]
2022-12-27T11:05:49.6164140Z ##[group]Run echo "PYTHON_NO_DOTS=$(echo 3.11 | tr -dc '[:alnum:]\n\r' | tr '[:upper:]' '[:lower:]')" >> $GITHUB_OUTPUT
2022-12-27T11:05:49.6164840Z [36;1mecho "PYTHON_NO_DOTS=$(echo 3.11 | tr -dc '[:alnum:]\n\r' | tr '[:upper:]' '[:lower:]')" >> $GITHUB_OUTPUT[0m
2022-12-27T11:05:49.6194710Z shell: /bin/bash -e {0}
2022-12-27T11:05:49.6195050Z env:
2022-12-27T11:05:49.6195540Z   pythonLocation: /Users/runner/hostedtoolcache/Python/3.11.1/x64
2022-12-27T11:05:49.6195960Z   PKG_CONFIG_PATH: /Users/runner/hostedtoolcache/Python/3.11.1/x64/lib/pkgconfig
2022-12-27T11:05:49.6196430Z   Python_ROOT_DIR: /Users/runner/hostedtoolcache/Python/3.11.1/x64
2022-12-27T11:05:49.6196890Z   Python2_ROOT_DIR: /Users/runner/hostedtoolcache/Python/3.11.1/x64
2022-12-27T11:05:49.6197290Z   Python3_ROOT_DIR: /Users/runner/hostedtoolcache/Python/3.11.1/x64
2022-12-27T11:05:49.6197740Z ##[endgroup]
2022-12-27T11:05:49.6451130Z ##[group]Run rm -rf build_lxml133311
2022-12-27T11:05:49.6451730Z [36;1mrm -rf build_lxml133311[0m
2022-12-27T11:05:49.6452060Z [36;1mmkdir build_lxml133311[0m
2022-12-27T11:05:49.6452460Z [36;1mcd build_lxml133311[0m
2022-12-27T11:05:49.6452980Z [36;1m/usr/local/bin/wget --quiet https://files.pythonhosted.org/packages/6a/24/eda9547b19547c4d37ec6dbca1530923e54eae39be29950366b1f674d86a/lxml-1.3.3.tar.gz[0m
2022-12-27T11:05:49.6453450Z [36;1mtar xf *.tar.gz[0m
2022-12-27T11:05:49.6453750Z [36;1mcd *[0m
2022-12-27T11:05:49.6454030Z [36;1mpython -m pip install cibuildwheel==2.11.3[0m
2022-12-27T11:05:49.6454510Z [36;1mpython -m cibuildwheel --output-dir ../wheelsout[0m
2022-12-27T11:05:49.6482890Z shell: /bin/bash -e {0}
2022-12-27T11:05:49.6483140Z env:
2022-12-27T11:05:49.6483590Z   pythonLocation: /Users/runner/hostedtoolcache/Python/3.11.1/x64
2022-12-27T11:05:49.6484040Z   PKG_CONFIG_PATH: /Users/runner/hostedtoolcache/Python/3.11.1/x64/lib/pkgconfig
2022-12-27T11:05:49.6484510Z   Python_ROOT_DIR: /Users/runner/hostedtoolcache/Python/3.11.1/x64
2022-12-27T11:05:49.6484930Z   Python2_ROOT_DIR: /Users/runner/hostedtoolcache/Python/3.11.1/x64
2022-12-27T11:05:49.6485450Z   Python3_ROOT_DIR: /Users/runner/hostedtoolcache/Python/3.11.1/x64
2022-12-27T11:05:49.6486070Z   CIBW_ARCHS_MACOS: arm64
2022-12-27T11:05:49.6486330Z   CIBW_TEST_SKIP: *_arm64
2022-12-27T11:05:49.6486660Z   CIBW_BUILD: cp311-macosx_arm64
2022-12-27T11:05:49.6486990Z   CIBW_BUILD_FRONTEND: pip
2022-12-27T11:05:49.6487340Z   CIBW_BUILD_VERBOSITY: 3
2022-12-27T11:05:49.6487870Z   CIBW_ENVIRONMENT_MACOS:  CFLAGS="-I/usr/local/opt/openssl@3/include" LDFLAGS="-L/usr/local/opt/openssl@3/lib" CPPFLAGS="-I/usr/local/opt/openssl@3/include" MAKEFLAGS="-j$(sysctl -n hw.logicalcpu)" PATH=/usr/local/opt/ccache/libexec:$PATH
2022-12-27T11:05:49.6488510Z   CIBW_BEFORE_BUILD: pip install Cython; if [[ -f requirements.txt ]]; then pip install -r requirements.txt; fi
2022-12-27T11:05:49.6489830Z   MAKEFLAGS: -j$(sysctl -n hw.logicalcpu)
2022-12-27T11:05:49.6490230Z ##[endgroup]
2022-12-27T11:05:50.2587000Z Requirement already satisfied: cibuildwheel==2.11.3 in /Library/Frameworks/Python.framework/Versions/3.11/lib/python3.11/site-packages (2.11.3)
2022-12-27T11:05:50.3204300Z Requirement already satisfied: bashlex!=0.13 in /Library/Frameworks/Python.framework/Versions/3.11/lib/python3.11/site-packages (from cibuildwheel==2.11.3) (0.16)
2022-12-27T11:05:50.3215850Z Requirement already satisfied: bracex in /Library/Frameworks/Python.framework/Versions/3.11/lib/python3.11/site-packages (from cibuildwheel==2.11.3) (2.3.post1)
2022-12-27T11:05:50.3225980Z Requirement already satisfied: certifi in /Library/Frameworks/Python.framework/Versions/3.11/lib/python3.11/site-packages (from cibuildwheel==2.11.3) (2022.12.7)
2022-12-27T11:05:50.3236270Z Requirement already satisfied: filelock in /Library/Frameworks/Python.framework/Versions/3.11/lib/python3.11/site-packages (from cibuildwheel==2.11.3) (3.8.2)
2022-12-27T11:05:50.3251650Z Requirement already satisfied: packaging>=20.9 in /Library/Frameworks/Python.framework/Versions/3.11/lib/python3.11/site-packages (from cibuildwheel==2.11.3) (22.0)
2022-12-27T11:05:50.3264080Z Requirement already satisfied: platformdirs in /Library/Frameworks/Python.framework/Versions/3.11/lib/python3.11/site-packages (from cibuildwheel==2.11.3) (2.6.0)
2022-12-27T11:05:50.7217660Z 
2022-12-27T11:05:50.7218530Z      _ _       _ _   _       _           _
2022-12-27T11:05:50.7220630Z  ___|_| |_ _ _|_| |_| |_ _ _| |_ ___ ___| |
2022-12-27T11:05:50.7221810Z |  _| | . | | | | | . | | | |   | -_| -_| |
2022-12-27T11:05:50.7222240Z |___|_|___|___|_|_|___|_____|_|_|___|___|_|
2022-12-27T11:05:50.7222450Z 
2022-12-27T11:05:50.7222610Z cibuildwheel version 2.11.3
2022-12-27T11:05:50.7222930Z 
2022-12-27T11:05:50.7223350Z Build options:
2022-12-27T11:05:50.7223680Z   platform: macos
2022-12-27T11:05:50.7266390Z   architectures: arm64[0m
2022-12-27T11:05:50.7267480Z   build_selector: 
2022-12-27T11:05:50.7270940Z     build_config: cp311-macosx_arm64
2022-12-27T11:05:50.7273020Z     skip_config: 
2022-12-27T11:05:50.7273840Z     requires_python: None
2022-12-27T11:05:50.7274620Z     prerelease_pythons: False[0m
2022-12-27T11:05:50.7275600Z   [38;5;244mcontainer_engine: docker[0m
2022-12-27T11:05:50.7277210Z   output_dir: /Users/runner/actions-runner/_work/python.build/python.build/build_lxml133311/wheelsout[0m
2022-12-27T11:05:50.7278530Z   package_dir: /Users/runner/actions-runner/_work/python.build/python.build/build_lxml133311/lxml-1.3.3[0m
2022-12-27T11:05:50.7279240Z   test_selector: 
2022-12-27T11:05:50.7280000Z     skip_config: *_arm64[0m
2022-12-27T11:05:50.7280780Z   [38;5;244mbefore_all: [0m
2022-12-27T11:05:50.7281980Z   before_build: pip install Cython; if [[ -f requirements.txt ]]; then pip install -r requirements.txt; fi[0m
2022-12-27T11:05:50.7283080Z   [38;5;244mbefore_test: [0m
2022-12-27T11:05:50.7283700Z   [38;5;244mbuild_frontend: pip[0m
2022-12-27T11:05:50.7284190Z   build_verbosity: 3[0m
2022-12-27T11:05:50.7284530Z   [38;5;244mconfig_settings: [0m
2022-12-27T11:05:50.7285170Z   [38;5;244mdependency_constraints: pinned[0m
2022-12-27T11:05:50.7285510Z   environment: 
2022-12-27T11:05:50.7285870Z     CFLAGS="-I/usr/local/opt/openssl@3/include"
2022-12-27T11:05:50.7286310Z     LDFLAGS="-L/usr/local/opt/openssl@3/lib"
2022-12-27T11:05:50.7287100Z     CPPFLAGS="-I/usr/local/opt/openssl@3/include"
2022-12-27T11:05:50.7287510Z     MAKEFLAGS="-j$(sysctl -n hw.logicalcpu)"
2022-12-27T11:05:50.7287960Z     PATH=/usr/local/opt/ccache/libexec:$PATH[0m
2022-12-27T11:05:50.7288400Z   [38;5;244mmanylinux_images: None[0m
2022-12-27T11:05:50.7288750Z   [38;5;244mmusllinux_images: None[0m
2022-12-27T11:05:50.7289460Z   [38;5;244mrepair_command: delocate-wheel --require-archs {delocate_archs} -w {dest_dir} -v {wheel}[0m
2022-12-27T11:05:50.7289950Z   [38;5;244mtest_command: [0m
2022-12-27T11:05:50.7290340Z   [38;5;244mtest_extras: [0m
2022-12-27T11:05:50.7290670Z   [38;5;244mtest_requires: [0m
2022-12-27T11:05:50.7290870Z 
2022-12-27T11:05:50.7291060Z Cache folder: /Users/runner/Library/Caches/cibuildwheel
2022-12-27T11:05:50.7291450Z 
2022-12-27T11:05:50.7292050Z Here we go!
2022-12-27T11:05:50.7292240Z 
2022-12-27T11:05:50.7368890Z 
2022-12-27T11:05:50.7370040Z [1m[34mBuilding cp311-macosx_arm64 wheel[0m
2022-12-27T11:05:50.7370510Z CPython 3.11 macOS arm64 - Apple Silicon
2022-12-27T11:05:50.7370750Z 
2022-12-27T11:05:50.7374680Z ##[group]Installing Python cp311...
2022-12-27T11:05:50.7374930Z 
2022-12-27T11:05:50.7375190Z + pkgutil --pkgs
2022-12-27T11:05:50.7556240Z ##[endgroup]
2022-12-27T11:05:50.7557790Z                                                               [32mâœ“ [0m0.02s
2022-12-27T11:05:50.7558670Z ##[group]Setting up build environment...
2022-12-27T11:05:50.7558910Z 
2022-12-27T11:05:50.7587440Z + /Library/Frameworks/Python.framework/Versions/3.11/bin/python -sS /Users/runner/Library/Caches/cibuildwheel/virtualenv-20.17.0.pyz --activators= --no-periodic-update --pip=22.3.1 --setuptools=65.6.3 --wheel=0.38.4 --symlink-app-data --python /Library/Frameworks/Python.framework/Versions/3.11/bin/python3 /private/var/folders/51/hd414ycd67n82196sw51xqtc0000gn/T/cibw-run-i2my9wgg/cp311-macosx_arm64/build/venv
2022-12-27T11:05:51.0531710Z created virtual environment CPython3.11.1.final.0-64 in 76ms
2022-12-27T11:05:51.0532570Z   creator CPython3Posix(dest=/private/var/folders/51/hd414ycd67n82196sw51xqtc0000gn/T/cibw-run-i2my9wgg/cp311-macosx_arm64/build/venv, clear=False, no_vcs_ignore=False, global=False)
2022-12-27T11:05:51.0533290Z   seeder FromAppData(download=False, pip=22.3.1, setuptools=65.6.3, wheel=0.38.4, via=symlink, app_data_dir=/Users/runner/Library/Application Support/virtualenv)
2022-12-27T11:05:51.0533870Z     added seed packages: pip==22.3.1, setuptools==65.6.3, wheel==0.38.4
2022-12-27T11:05:51.0787580Z + python -m pip install --upgrade pip -c /Library/Frameworks/Python.framework/Versions/3.11/lib/python3.11/site-packages/cibuildwheel/resources/constraints-python311.txt
2022-12-27T11:05:51.5305720Z Requirement already satisfied: pip in ./lib/python3.11/site-packages (22.3.1)
2022-12-27T11:05:51.7686830Z + which pip
2022-12-27T11:05:51.7731940Z /private/var/folders/51/hd414ycd67n82196sw51xqtc0000gn/T/cibw-run-i2my9wgg/cp311-macosx_arm64/build/venv/bin/pip
2022-12-27T11:05:51.7736930Z + pip --version
2022-12-27T11:05:52.0947680Z pip 22.3.1 from /private/var/folders/51/hd414ycd67n82196sw51xqtc0000gn/T/cibw-run-i2my9wgg/cp311-macosx_arm64/build/venv/lib/python3.11/site-packages/pip (python 3.11)
2022-12-27T11:05:52.1449590Z + which pip
2022-12-27T11:05:52.1491850Z + which python
2022-12-27T11:05:52.1531310Z /private/var/folders/51/hd414ycd67n82196sw51xqtc0000gn/T/cibw-run-i2my9wgg/cp311-macosx_arm64/build/venv/bin/python
2022-12-27T11:05:52.1536520Z + python --version
2022-12-27T11:05:52.1649840Z Python 3.11.1
2022-12-27T11:05:52.1655140Z + which python
2022-12-27T11:05:52.1769410Z ##[endgroup]
2022-12-27T11:05:52.1770180Z                                                               [32mâœ“ [0m1.42s
2022-12-27T11:05:52.1770950Z ##[group]Installing build tools...
2022-12-27T11:05:52.1771180Z 
2022-12-27T11:05:52.1771760Z + pip install --upgrade setuptools wheel delocate -c /Library/Frameworks/Python.framework/Versions/3.11/lib/python3.11/site-packages/cibuildwheel/resources/constraints-python311.txt
2022-12-27T11:05:52.6043780Z Requirement already satisfied: setuptools in /private/var/folders/51/hd414ycd67n82196sw51xqtc0000gn/T/cibw-run-i2my9wgg/cp311-macosx_arm64/build/venv/lib/python3.11/site-packages (65.6.3)
2022-12-27T11:05:52.8848370Z Requirement already satisfied: wheel in /private/var/folders/51/hd414ycd67n82196sw51xqtc0000gn/T/cibw-run-i2my9wgg/cp311-macosx_arm64/build/venv/lib/python3.11/site-packages (0.38.4)
2022-12-27T11:05:52.9480810Z Collecting delocate
2022-12-27T11:05:52.9531040Z   Using cached delocate-0.10.3-py3-none-any.whl (142 kB)
2022-12-27T11:05:52.9932880Z Collecting packaging>=20.9
2022-12-27T11:05:52.9967930Z   Using cached packaging-21.3-py3-none-any.whl (40 kB)
2022-12-27T11:05:53.0221010Z Collecting typing-extensions
2022-12-27T11:05:53.0259430Z   Using cached typing_extensions-4.4.0-py3-none-any.whl (26 kB)
2022-12-27T11:05:53.0784420Z Collecting pyparsing!=3.0.5,>=2.0.2
2022-12-27T11:05:53.0820410Z   Using cached pyparsing-3.0.9-py3-none-any.whl (98 kB)
2022-12-27T11:05:53.1670500Z Installing collected packages: typing-extensions, pyparsing, packaging, delocate
2022-12-27T11:05:53.3865860Z Successfully installed delocate-0.10.3 packaging-21.3 pyparsing-3.0.9 typing-extensions-4.4.0
2022-12-27T11:05:53.5254550Z ##[endgroup]
2022-12-27T11:05:53.5255810Z                                                               [32mâœ“ [0m1.35s
2022-12-27T11:05:53.5256600Z ##[group]Running before_build...
2022-12-27T11:05:53.5256840Z 
2022-12-27T11:05:53.5262030Z + pip install Cython; if [[ -f requirements.txt ]]; then pip install -r requirements.txt; fi
2022-12-27T11:05:54.4030790Z Collecting Cython
2022-12-27T11:05:54.4102890Z   Using cached Cython-0.29.32-py2.py3-none-any.whl (986 kB)
2022-12-27T11:05:54.4777430Z Installing collected packages: Cython
2022-12-27T11:05:55.2034200Z Successfully installed Cython-0.29.32
2022-12-27T11:05:55.3105400Z ##[endgroup]
2022-12-27T11:05:55.3106580Z                                                               [32mâœ“ [0m1.79s
2022-12-27T11:05:55.3107180Z ##[group]Building wheel...
2022-12-27T11:05:55.3107510Z 
2022-12-27T11:05:55.3118550Z + python -m pip wheel /Users/runner/actions-runner/_work/python.build/python.build/build_lxml133311/lxml-1.3.3 --wheel-dir=/private/var/folders/51/hd414ycd67n82196sw51xqtc0000gn/T/cibw-run-i2my9wgg/cp311-macosx_arm64/built_wheel --no-deps -vvv
2022-12-27T11:05:55.7009750Z Created temporary directory: /private/var/folders/51/hd414ycd67n82196sw51xqtc0000gn/T/pip-ephem-wheel-cache-pngpivqb
2022-12-27T11:05:55.7013690Z Created temporary directory: /private/var/folders/51/hd414ycd67n82196sw51xqtc0000gn/T/pip-build-tracker-xf320ubs
2022-12-27T11:05:55.7016110Z Initialized build tracking at /private/var/folders/51/hd414ycd67n82196sw51xqtc0000gn/T/pip-build-tracker-xf320ubs
2022-12-27T11:05:55.7017770Z Created build tracker: /private/var/folders/51/hd414ycd67n82196sw51xqtc0000gn/T/pip-build-tracker-xf320ubs
2022-12-27T11:05:55.7020910Z Entered build tracker: /private/var/folders/51/hd414ycd67n82196sw51xqtc0000gn/T/pip-build-tracker-xf320ubs
2022-12-27T11:05:55.7024990Z Created temporary directory: /private/var/folders/51/hd414ycd67n82196sw51xqtc0000gn/T/pip-wheel-7_1vofgz
2022-12-27T11:05:55.7035390Z Created temporary directory: /private/var/folders/51/hd414ycd67n82196sw51xqtc0000gn/T/pip-ephem-wheel-cache-ke9llrqw
2022-12-27T11:05:55.7163280Z Processing /Users/runner/actions-runner/_work/python.build/python.build/build_lxml133311/lxml-1.3.3
2022-12-27T11:05:55.7169300Z   Added file:///Users/runner/actions-runner/_work/python.build/python.build/build_lxml133311/lxml-1.3.3 to build tracker '/private/var/folders/51/hd414ycd67n82196sw51xqtc0000gn/T/pip-build-tracker-xf320ubs'
2022-12-27T11:05:55.7174420Z   Running setup.py (path:/Users/runner/actions-runner/_work/python.build/python.build/build_lxml133311/lxml-1.3.3/setup.py) egg_info for package from file:///Users/runner/actions-runner/_work/python.build/python.build/build_lxml133311/lxml-1.3.3
2022-12-27T11:05:55.7178150Z   Created temporary directory: /private/var/folders/51/hd414ycd67n82196sw51xqtc0000gn/T/pip-pip-egg-info-nstfb7ej
2022-12-27T11:05:55.7179830Z   Preparing metadata (setup.py): started
2022-12-27T11:05:55.7182900Z   Running command python setup.py egg_info
2022-12-27T11:05:55.9325850Z   Traceback (most recent call last):
2022-12-27T11:05:55.9344560Z     File "<string>", line 2, in <module>
2022-12-27T11:05:55.9346210Z     File "<pip-setuptools-caller>", line 34, in <module>
2022-12-27T11:05:55.9347910Z     File "/Users/runner/actions-runner/_work/python.build/python.build/build_lxml133311/lxml-1.3.3/setup.py", line 7
2022-12-27T11:05:55.9348880Z       except pkg_resources.VersionConflict, e:
2022-12-27T11:05:55.9349510Z              ^^^^^^^^^^^^^^^^^^^^^^^^^^^^^^^^
2022-12-27T11:05:55.9350280Z   SyntaxError: multiple exception types must be parenthesized
2022-12-27T11:05:55.9969200Z   error: subprocess-exited-with-error
2022-12-27T11:05:55.9971110Z   
2022-12-27T11:05:55.9972090Z   Ã— python setup.py egg_info did not run successfully.
2022-12-27T11:05:55.9973240Z   â”‚ exit code: 1
2022-12-27T11:05:55.9973700Z   â•°â”€> See above for output.
2022-12-27T11:05:55.9973970Z   
2022-12-27T11:05:55.9974380Z   note: This error originates from a subprocess, and is likely not a problem with pip.
2022-12-27T11:05:55.9975160Z   full command: /private/var/folders/51/hd414ycd67n82196sw51xqtc0000gn/T/cibw-run-i2my9wgg/cp311-macosx_arm64/build/venv/bin/python -c '
2022-12-27T11:05:55.9976110Z   exec(compile('"'"''"'"''"'"'
2022-12-27T11:05:55.9976640Z   # This is <pip-setuptools-caller> -- a caller that pip uses to run setup.py
2022-12-27T11:05:55.9977050Z   #
2022-12-27T11:05:55.9977570Z   # - It imports setuptools before invoking setup.py, to enable projects that directly
2022-12-27T11:05:55.9978070Z   #   import from `distutils.core` to work with newer packaging standards.
2022-12-27T11:05:55.9980730Z   # - It provides a clear error message when setuptools is not installed.
2022-12-27T11:05:55.9982810Z   # - It sets `sys.argv[0]` to the underlying `setup.py`, when invoking `setup.py` so
2022-12-27T11:05:55.9983560Z   #   setuptools doesn'"'"'t think the script is `-c`. This avoids the following warning:
2022-12-27T11:05:55.9984320Z   #     manifest_maker: standard file '"'"'-c'"'"' not found".
2022-12-27T11:05:55.9985340Z   # - It generates a shim setup.py, for handling setup.cfg-only projects.
2022-12-27T11:05:55.9985780Z   import os, sys, tokenize
2022-12-27T11:05:55.9986040Z   
2022-12-27T11:05:55.9986340Z   try:
2022-12-27T11:05:55.9986670Z       import setuptools
2022-12-27T11:05:55.9987310Z   except ImportError as error:
2022-12-27T11:05:55.9987650Z       print(
2022-12-27T11:05:55.9988100Z           "ERROR: Can not execute `setup.py` since setuptools is not available in "
2022-12-27T11:05:55.9989070Z           "the build environment.",
2022-12-27T11:05:55.9989470Z           file=sys.stderr,
2022-12-27T11:05:55.9990460Z       )
2022-12-27T11:05:55.9990720Z       sys.exit(1)
2022-12-27T11:05:55.9991050Z   
2022-12-27T11:05:55.9991400Z   __file__ = %r
2022-12-27T11:05:55.9991670Z   sys.argv[0] = __file__
2022-12-27T11:05:55.9992110Z   
2022-12-27T11:05:55.9992460Z   if os.path.exists(__file__):
2022-12-27T11:05:55.9992760Z       filename = __file__
2022-12-27T11:05:55.9993140Z       with tokenize.open(__file__) as f:
2022-12-27T11:05:55.9993620Z           setup_py_code = f.read()
2022-12-27T11:05:55.9993890Z   else:
2022-12-27T11:05:55.9994380Z       filename = "<auto-generated setuptools caller>"
2022-12-27T11:05:55.9994840Z       setup_py_code = "from setuptools import setup; setup()"
2022-12-27T11:05:55.9995160Z   
2022-12-27T11:05:55.9995640Z   exec(compile(setup_py_code, filename, "exec"))
2022-12-27T11:05:55.9996560Z   '"'"''"'"''"'"' % ('"'"'/Users/runner/actions-runner/_work/python.build/python.build/build_lxml133311/lxml-1.3.3/setup.py'"'"',), "<pip-setuptools-caller>", "exec"))' egg_info --egg-base /private/var/folders/51/hd414ycd67n82196sw51xqtc0000gn/T/pip-pip-egg-info-nstfb7ej
2022-12-27T11:05:55.9997430Z   cwd: /Users/runner/actions-runner/_work/python.build/python.build/build_lxml133311/lxml-1.3.3/
2022-12-27T11:05:55.9997970Z   Preparing metadata (setup.py): finished with status 'error'
2022-12-27T11:05:55.9998990Z error: metadata-generation-failed
2022-12-27T11:05:55.9999380Z 
2022-12-27T11:05:55.9999720Z Ã— Encountered error while generating package metadata.
2022-12-27T11:05:56.0000390Z â•°â”€> See above for output.
2022-12-27T11:05:56.0000530Z 
2022-12-27T11:05:56.0000780Z note: This is an issue with the package mentioned above, not pip.
2022-12-27T11:05:56.0001200Z hint: See above for details.
2022-12-27T11:05:56.0048910Z Exception information:
2022-12-27T11:05:56.0049720Z Traceback (most recent call last):
2022-12-27T11:05:56.0051950Z   File "/private/var/folders/51/hd414ycd67n82196sw51xqtc0000gn/T/cibw-run-i2my9wgg/cp311-macosx_arm64/build/venv/lib/python3.11/site-packages/pip/_internal/operations/build/metadata_legacy.py", line 64, in generate_metadata
2022-12-27T11:05:56.0054110Z     call_subprocess(
2022-12-27T11:05:56.0056160Z   File "/private/var/folders/51/hd414ycd67n82196sw51xqtc0000gn/T/cibw-run-i2my9wgg/cp311-macosx_arm64/build/venv/lib/python3.11/site-packages/pip/_internal/utils/subprocess.py", line 224, in call_subprocess
2022-12-27T11:05:56.0056760Z     raise error
2022-12-27T11:05:56.0057360Z pip._internal.exceptions.InstallationSubprocessError: python setup.py egg_info exited with 1
2022-12-27T11:05:56.0057730Z 
2022-12-27T11:05:56.0058100Z The above exception was the direct cause of the following exception:
2022-12-27T11:05:56.0058540Z 
2022-12-27T11:05:56.0058660Z Traceback (most recent call last):
2022-12-27T11:05:56.0059540Z   File "/private/var/folders/51/hd414ycd67n82196sw51xqtc0000gn/T/cibw-run-i2my9wgg/cp311-macosx_arm64/build/venv/lib/python3.11/site-packages/pip/_internal/cli/base_command.py", line 160, in exc_logging_wrapper
2022-12-27T11:05:56.0060150Z     status = run_func(*args)
2022-12-27T11:05:56.0060630Z              ^^^^^^^^^^^^^^^
2022-12-27T11:05:56.0061360Z   File "/private/var/folders/51/hd414ycd67n82196sw51xqtc0000gn/T/cibw-run-i2my9wgg/cp311-macosx_arm64/build/venv/lib/python3.11/site-packages/pip/_internal/cli/req_command.py", line 247, in wrapper
2022-12-27T11:05:56.0061980Z     return func(self, options, args)
2022-12-27T11:05:56.0062360Z            ^^^^^^^^^^^^^^^^^^^^^^^^^
2022-12-27T11:05:56.0063500Z   File "/private/var/folders/51/hd414ycd67n82196sw51xqtc0000gn/T/cibw-run-i2my9wgg/cp311-macosx_arm64/build/venv/lib/python3.11/site-packages/pip/_internal/commands/wheel.py", line 170, in run
2022-12-27T11:05:56.0064360Z     requirement_set = resolver.resolve(reqs, check_supported_wheels=True)
2022-12-27T11:05:56.0064830Z                       ^^^^^^^^^^^^^^^^^^^^^^^^^^^^^^^^^^^^^^^^^^^^^^^^^^^
2022-12-27T11:05:56.0066040Z   File "/private/var/folders/51/hd414ycd67n82196sw51xqtc0000gn/T/cibw-run-i2my9wgg/cp311-macosx_arm64/build/venv/lib/python3.11/site-packages/pip/_internal/resolution/resolvelib/resolver.py", line 73, in resolve
2022-12-27T11:05:56.0066740Z     collected = self.factory.collect_root_requirements(root_reqs)
2022-12-27T11:05:56.0067310Z                 ^^^^^^^^^^^^^^^^^^^^^^^^^^^^^^^^^^^^^^^^^^^^^^^^^
2022-12-27T11:05:56.0068220Z   File "/private/var/folders/51/hd414ycd67n82196sw51xqtc0000gn/T/cibw-run-i2my9wgg/cp311-macosx_arm64/build/venv/lib/python3.11/site-packages/pip/_internal/resolution/resolvelib/factory.py", line 491, in collect_root_requirements
2022-12-27T11:05:56.0068900Z     req = self._make_requirement_from_install_req(
2022-12-27T11:05:56.0069240Z           ^^^^^^^^^^^^^^^^^^^^^^^^^^^^^^^^^^^^^^^^
2022-12-27T11:05:56.0070200Z   File "/private/var/folders/51/hd414ycd67n82196sw51xqtc0000gn/T/cibw-run-i2my9wgg/cp311-macosx_arm64/build/venv/lib/python3.11/site-packages/pip/_internal/resolution/resolvelib/factory.py", line 453, in _make_requirement_from_install_req
2022-12-27T11:05:56.0070970Z     cand = self._make_candidate_from_link(
2022-12-27T11:05:56.0203010Z            ^^^^^^^^^^^^^^^^^^^^^^^^^^^^^^^
2022-12-27T11:05:56.0204620Z   File "/private/var/folders/51/hd414ycd67n82196sw51xqtc0000gn/T/cibw-run-i2my9wgg/cp311-macosx_arm64/build/venv/lib/python3.11/site-packages/pip/_internal/resolution/resolvelib/factory.py", line 206, in _make_candidate_from_link
2022-12-27T11:05:56.0205430Z     self._link_candidate_cache[link] = LinkCandidate(
2022-12-27T11:05:56.0205790Z                                        ^^^^^^^^^^^^^^
2022-12-27T11:05:56.0206520Z   File "/private/var/folders/51/hd414ycd67n82196sw51xqtc0000gn/T/cibw-run-i2my9wgg/cp311-macosx_arm64/build/venv/lib/python3.11/site-packages/pip/_internal/resolution/resolvelib/candidates.py", line 297, in __init__
2022-12-27T11:05:56.0207120Z     super().__init__(
2022-12-27T11:05:56.0207870Z   File "/private/var/folders/51/hd414ycd67n82196sw51xqtc0000gn/T/cibw-run-i2my9wgg/cp311-macosx_arm64/build/venv/lib/python3.11/site-packages/pip/_internal/resolution/resolvelib/candidates.py", line 162, in __init__
2022-12-27T11:05:56.0209370Z     self.dist = self._prepare()
2022-12-27T11:05:56.0209630Z                 ^^^^^^^^^^^^^^^
2022-12-27T11:05:56.0210390Z   File "/private/var/folders/51/hd414ycd67n82196sw51xqtc0000gn/T/cibw-run-i2my9wgg/cp311-macosx_arm64/build/venv/lib/python3.11/site-packages/pip/_internal/resolution/resolvelib/candidates.py", line 231, in _prepare
2022-12-27T11:05:56.0210990Z     dist = self._prepare_distribution()
2022-12-27T11:05:56.0211330Z            ^^^^^^^^^^^^^^^^^^^^^^^^^^^^
2022-12-27T11:05:56.0212130Z   File "/private/var/folders/51/hd414ycd67n82196sw51xqtc0000gn/T/cibw-run-i2my9wgg/cp311-macosx_arm64/build/venv/lib/python3.11/site-packages/pip/_internal/resolution/resolvelib/candidates.py", line 308, in _prepare_distribution
2022-12-27T11:05:56.0212690Z     return preparer.prepare_linked_requirement(self._ireq, parallel_builds=True)
2022-12-27T11:05:56.0213080Z            ^^^^^^^^^^^^^^^^^^^^^^^^^^^^^^^^^^^^^^^^^^^^^^^^^^^^^^^^^^^^^^^^^^^^^
2022-12-27T11:05:56.0213790Z   File "/private/var/folders/51/hd414ycd67n82196sw51xqtc0000gn/T/cibw-run-i2my9wgg/cp311-macosx_arm64/build/venv/lib/python3.11/site-packages/pip/_internal/operations/prepare.py", line 491, in prepare_linked_requirement
2022-12-27T11:05:56.0214370Z     return self._prepare_linked_requirement(req, parallel_builds)
2022-12-27T11:05:56.0214750Z            ^^^^^^^^^^^^^^^^^^^^^^^^^^^^^^^^^^^^^^^^^^^^^^^^^^^^^^
2022-12-27T11:05:56.0215450Z   File "/private/var/folders/51/hd414ycd67n82196sw51xqtc0000gn/T/cibw-run-i2my9wgg/cp311-macosx_arm64/build/venv/lib/python3.11/site-packages/pip/_internal/operations/prepare.py", line 577, in _prepare_linked_requirement
2022-12-27T11:05:56.0216060Z     dist = _get_prepared_distribution(
2022-12-27T11:05:56.0216390Z            ^^^^^^^^^^^^^^^^^^^^^^^^^^^
2022-12-27T11:05:56.0217480Z   File "/private/var/folders/51/hd414ycd67n82196sw51xqtc0000gn/T/cibw-run-i2my9wgg/cp311-macosx_arm64/build/venv/lib/python3.11/site-packages/pip/_internal/operations/prepare.py", line 69, in _get_prepared_distribution
2022-12-27T11:05:56.0218140Z     abstract_dist.prepare_distribution_metadata(
2022-12-27T11:05:56.0218900Z   File "/private/var/folders/51/hd414ycd67n82196sw51xqtc0000gn/T/cibw-run-i2my9wgg/cp311-macosx_arm64/build/venv/lib/python3.11/site-packages/pip/_internal/distributions/sdist.py", line 61, in prepare_distribution_metadata
2022-12-27T11:05:56.0219430Z     self.req.prepare_metadata()
2022-12-27T11:05:56.0220160Z   File "/private/var/folders/51/hd414ycd67n82196sw51xqtc0000gn/T/cibw-run-i2my9wgg/cp311-macosx_arm64/build/venv/lib/python3.11/site-packages/pip/_internal/req/req_install.py", line 541, in prepare_metadata
2022-12-27T11:05:56.0220710Z     self.metadata_directory = generate_metadata_legacy(
2022-12-27T11:05:56.0221080Z                               ^^^^^^^^^^^^^^^^^^^^^^^^^
2022-12-27T11:05:56.0221780Z   File "/private/var/folders/51/hd414ycd67n82196sw51xqtc0000gn/T/cibw-run-i2my9wgg/cp311-macosx_arm64/build/venv/lib/python3.11/site-packages/pip/_internal/operations/build/metadata_legacy.py", line 71, in generate_metadata
2022-12-27T11:05:56.0222400Z     raise MetadataGenerationFailed(package_details=details) from error
2022-12-27T11:05:56.0222880Z pip._internal.exceptions.MetadataGenerationFailed: metadata generation failed
2022-12-27T11:05:56.0223670Z Removed file:///Users/runner/actions-runner/_work/python.build/python.build/build_lxml133311/lxml-1.3.3 from build tracker '/private/var/folders/51/hd414ycd67n82196sw51xqtc0000gn/T/pip-build-tracker-xf320ubs'
2022-12-27T11:05:56.0224460Z Removed build tracker: '/private/var/folders/51/hd414ycd67n82196sw51xqtc0000gn/T/pip-build-tracker-xf320ubs'
2022-12-27T11:05:56.0868480Z ##[endgroup]
2022-12-27T11:05:56.0869450Z                                                               [31mâœ• [0m0.78s
2022-12-27T11:05:56.0904350Z ##[error]Command ['python', '-m', 'pip', 'wheel', '/Users/runner/actions-runner/_work/python.build/python.build/build_lxml133311/lxml-1.3.3', '--wheel-dir=/private/var/folders/51/hd414ycd67n82196sw51xqtc0000gn/T/cibw-run-i2my9wgg/cp311-macosx_arm64/built_wheel', '--no-deps', '-vvv'] failed with code 1. None
2022-12-27T11:05:56.0915270Z 
2022-12-27T11:05:56.1794140Z ##[error]Process completed with exit code 1.
2022-12-27T11:05:56.1844320Z ##[group]Run rm -rf build_lxml133311 wheelsout
2022-12-27T11:05:56.1844760Z [36;1mrm -rf build_lxml133311 wheelsout[0m
2022-12-27T11:05:56.1872500Z shell: /bin/bash -e {0}
2022-12-27T11:05:56.1872740Z env:
2022-12-27T11:05:56.1873080Z   pythonLocation: /Users/runner/hostedtoolcache/Python/3.11.1/x64
2022-12-27T11:05:56.1873480Z   PKG_CONFIG_PATH: /Users/runner/hostedtoolcache/Python/3.11.1/x64/lib/pkgconfig
2022-12-27T11:05:56.1873850Z   Python_ROOT_DIR: /Users/runner/hostedtoolcache/Python/3.11.1/x64
2022-12-27T11:05:56.1874250Z   Python2_ROOT_DIR: /Users/runner/hostedtoolcache/Python/3.11.1/x64
2022-12-27T11:05:56.1874660Z   Python3_ROOT_DIR: /Users/runner/hostedtoolcache/Python/3.11.1/x64
2022-12-27T11:05:56.1875110Z ##[endgroup]
2022-12-27T11:05:56.2590850Z Cleaning up orphan processes
