2022-12-27T08:51:21.9428101Z Requested labels: self-hosted, macOS, X64
2022-12-27T08:51:21.9428174Z Job defined at: kilnbuild/python.build/.github/workflows/mac_arm_build.yml@refs/heads/main
2022-12-27T08:51:21.9428199Z Waiting for a runner to pick up this job...
2022-12-27T11:21:46.3936103Z Job is about to start running on the runner: k2 (organization)
2022-12-27T11:21:47.5595740Z Current runner version: '2.300.2'
2022-12-27T11:21:47.5600510Z Runner name: 'k2'
2022-12-27T11:21:47.5600760Z Runner group name: 'Default'
2022-12-27T11:21:47.5601180Z Machine name: 'k2'
2022-12-27T11:21:47.5602640Z ##[group]GITHUB_TOKEN Permissions
2022-12-27T11:21:47.5603050Z Actions: write
2022-12-27T11:21:47.5603190Z Checks: write
2022-12-27T11:21:47.5603320Z Contents: write
2022-12-27T11:21:47.5603460Z Deployments: write
2022-12-27T11:21:47.5603590Z Discussions: write
2022-12-27T11:21:47.5603730Z Issues: write
2022-12-27T11:21:47.5603850Z Metadata: read
2022-12-27T11:21:47.5603980Z Packages: write
2022-12-27T11:21:47.5604110Z Pages: write
2022-12-27T11:21:47.5604250Z PullRequests: write
2022-12-27T11:21:47.5604410Z RepositoryProjects: write
2022-12-27T11:21:47.5604570Z SecurityEvents: write
2022-12-27T11:21:47.5604720Z Statuses: write
2022-12-27T11:21:47.5604840Z ##[endgroup]
2022-12-27T11:21:47.5607340Z Secret source: Actions
2022-12-27T11:21:47.5607650Z Prepare workflow directory
2022-12-27T11:21:47.6254240Z Prepare all required actions
2022-12-27T11:21:47.6371420Z Getting action download info
2022-12-27T11:21:48.0733950Z Download action repository 'actions/setup-python@v4' (SHA:5ccb29d8773c3f3f653e1705f474dfaa8a06a912)
2022-12-27T11:21:49.8368710Z Download action repository 'actions/upload-artifact@v3' (SHA:83fd05a356d7e2593de66fc9913b3002723633cb)
2022-12-27T11:21:51.1412670Z ##[group]Run echo '{
2022-12-27T11:21:51.1412970Z [36;1mecho '{[0m
2022-12-27T11:21:51.1413140Z [36;1m  "package_name": "lxml",[0m
2022-12-27T11:21:51.1413440Z [36;1m  "package_url": "https://files.pythonhosted.org/packages/e8/14/825a8cad1976a17143809c037061b33b124172510e49c602ed2dd5988721/lxml-1.3.tar.gz",[0m
2022-12-27T11:21:51.1413710Z [36;1m  "package_version": "1.3",[0m
2022-12-27T11:21:51.1413850Z [36;1m  "python_version": "3.9",[0m
2022-12-27T11:21:51.1414030Z [36;1m  "use_ccache": "true"[0m
2022-12-27T11:21:51.1414190Z [36;1m}'[0m
2022-12-27T11:21:51.1429280Z shell: /bin/bash -e {0}
2022-12-27T11:21:51.1429470Z ##[endgroup]
2022-12-27T11:21:51.1648160Z {
2022-12-27T11:21:51.1649440Z   "package_name": "lxml",
2022-12-27T11:21:51.1650100Z   "package_url": "https://files.pythonhosted.org/packages/e8/14/825a8cad1976a17143809c037061b33b124172510e49c602ed2dd5988721/lxml-1.3.tar.gz",
2022-12-27T11:21:51.1650370Z   "package_version": "1.3",
2022-12-27T11:21:51.1650610Z   "python_version": "3.9",
2022-12-27T11:21:51.1650820Z   "use_ccache": "true"
2022-12-27T11:21:51.1651030Z }
2022-12-27T11:21:51.1862470Z ##[group]Run actions/setup-python@v4
2022-12-27T11:21:51.1862740Z with:
2022-12-27T11:21:51.1863000Z   python-version: 3.9
2022-12-27T11:21:51.1863170Z   check-latest: false
2022-12-27T11:21:51.1863550Z   token: ***
2022-12-27T11:21:51.1863750Z   update-environment: true
2022-12-27T11:21:51.1863930Z ##[endgroup]
2022-12-27T11:21:51.3144250Z ##[group]Installed versions
2022-12-27T11:21:51.3227860Z Successfully set up CPython (3.9.16)
2022-12-27T11:21:51.3229040Z ##[endgroup]
2022-12-27T11:21:51.3371580Z ##[group]Run if [ "true" == "true" ]
2022-12-27T11:21:51.3371870Z [36;1mif [ "true" == "true" ][0m
2022-12-27T11:21:51.3372140Z [36;1mthen[0m
2022-12-27T11:21:51.3372370Z [36;1m  echo "CCACHE_PATH_PREPEND=/usr/local/opt/ccache/libexec" >> $GITHUB_OUTPUT[0m
2022-12-27T11:21:51.3372550Z [36;1melse[0m
2022-12-27T11:21:51.3372750Z [36;1m  echo "CCACHE_PATH_PREPEND=" >> $GITHUB_OUTPUT[0m
2022-12-27T11:21:51.3372950Z [36;1mfi[0m
2022-12-27T11:21:51.3389580Z shell: /bin/bash -e {0}
2022-12-27T11:21:51.3389770Z env:
2022-12-27T11:21:51.3390260Z   pythonLocation: /Users/runner/hostedtoolcache/Python/3.9.16/x64
2022-12-27T11:21:51.3390720Z   PKG_CONFIG_PATH: /Users/runner/hostedtoolcache/Python/3.9.16/x64/lib/pkgconfig
2022-12-27T11:21:51.3391000Z   Python_ROOT_DIR: /Users/runner/hostedtoolcache/Python/3.9.16/x64
2022-12-27T11:21:51.3391250Z   Python2_ROOT_DIR: /Users/runner/hostedtoolcache/Python/3.9.16/x64
2022-12-27T11:21:51.3391660Z   Python3_ROOT_DIR: /Users/runner/hostedtoolcache/Python/3.9.16/x64
2022-12-27T11:21:51.3392220Z ##[endgroup]
2022-12-27T11:21:51.3501300Z ##[group]Run echo "BUILD_NAME=$(echo lxml_1.3_3.9 | tr -dc '[:alnum:]\n\r' | tr '[:upper:]' '[:lower:]')" >> $GITHUB_OUTPUT
2022-12-27T11:21:51.3501700Z [36;1mecho "BUILD_NAME=$(echo lxml_1.3_3.9 | tr -dc '[:alnum:]\n\r' | tr '[:upper:]' '[:lower:]')" >> $GITHUB_OUTPUT[0m
2022-12-27T11:21:51.3515390Z shell: /bin/bash -e {0}
2022-12-27T11:21:51.3515570Z env:
2022-12-27T11:21:51.3515880Z   pythonLocation: /Users/runner/hostedtoolcache/Python/3.9.16/x64
2022-12-27T11:21:51.3516160Z   PKG_CONFIG_PATH: /Users/runner/hostedtoolcache/Python/3.9.16/x64/lib/pkgconfig
2022-12-27T11:21:51.3516420Z   Python_ROOT_DIR: /Users/runner/hostedtoolcache/Python/3.9.16/x64
2022-12-27T11:21:51.3516730Z   Python2_ROOT_DIR: /Users/runner/hostedtoolcache/Python/3.9.16/x64
2022-12-27T11:21:51.3517420Z   Python3_ROOT_DIR: /Users/runner/hostedtoolcache/Python/3.9.16/x64
2022-12-27T11:21:51.3517670Z ##[endgroup]
2022-12-27T11:21:51.3669120Z ##[group]Run echo "PYTHON_NO_DOTS=$(echo 3.9 | tr -dc '[:alnum:]\n\r' | tr '[:upper:]' '[:lower:]')" >> $GITHUB_OUTPUT
2022-12-27T11:21:51.3669620Z [36;1mecho "PYTHON_NO_DOTS=$(echo 3.9 | tr -dc '[:alnum:]\n\r' | tr '[:upper:]' '[:lower:]')" >> $GITHUB_OUTPUT[0m
2022-12-27T11:21:51.3683700Z shell: /bin/bash -e {0}
2022-12-27T11:21:51.3683850Z env:
2022-12-27T11:21:51.3684110Z   pythonLocation: /Users/runner/hostedtoolcache/Python/3.9.16/x64
2022-12-27T11:21:51.3684360Z   PKG_CONFIG_PATH: /Users/runner/hostedtoolcache/Python/3.9.16/x64/lib/pkgconfig
2022-12-27T11:21:51.3684570Z   Python_ROOT_DIR: /Users/runner/hostedtoolcache/Python/3.9.16/x64
2022-12-27T11:21:51.3684790Z   Python2_ROOT_DIR: /Users/runner/hostedtoolcache/Python/3.9.16/x64
2022-12-27T11:21:51.3685030Z   Python3_ROOT_DIR: /Users/runner/hostedtoolcache/Python/3.9.16/x64
2022-12-27T11:21:51.3685260Z ##[endgroup]
2022-12-27T11:21:51.3798100Z ##[group]Run rm -rf build_lxml1339
2022-12-27T11:21:51.3798440Z [36;1mrm -rf build_lxml1339[0m
2022-12-27T11:21:51.3798600Z [36;1mmkdir build_lxml1339[0m
2022-12-27T11:21:51.3798850Z [36;1mcd build_lxml1339[0m
2022-12-27T11:21:51.3799130Z [36;1m/usr/local/bin/wget --quiet https://files.pythonhosted.org/packages/e8/14/825a8cad1976a17143809c037061b33b124172510e49c602ed2dd5988721/lxml-1.3.tar.gz[0m
2022-12-27T11:21:51.3799360Z [36;1mtar xf *.tar.gz[0m
2022-12-27T11:21:51.3799510Z [36;1mcd *[0m
2022-12-27T11:21:51.3799740Z [36;1mpython -m pip install cibuildwheel==2.11.3[0m
2022-12-27T11:21:51.3799950Z [36;1mpython -m cibuildwheel --output-dir ../wheelsout[0m
2022-12-27T11:21:51.3813720Z shell: /bin/bash -e {0}
2022-12-27T11:21:51.3813900Z env:
2022-12-27T11:21:51.3814170Z   pythonLocation: /Users/runner/hostedtoolcache/Python/3.9.16/x64
2022-12-27T11:21:51.3814390Z   PKG_CONFIG_PATH: /Users/runner/hostedtoolcache/Python/3.9.16/x64/lib/pkgconfig
2022-12-27T11:21:51.3814660Z   Python_ROOT_DIR: /Users/runner/hostedtoolcache/Python/3.9.16/x64
2022-12-27T11:21:51.3814890Z   Python2_ROOT_DIR: /Users/runner/hostedtoolcache/Python/3.9.16/x64
2022-12-27T11:21:51.3815180Z   Python3_ROOT_DIR: /Users/runner/hostedtoolcache/Python/3.9.16/x64
2022-12-27T11:21:51.3815380Z   CIBW_ARCHS_MACOS: arm64
2022-12-27T11:21:51.3815520Z   CIBW_TEST_SKIP: *_arm64
2022-12-27T11:21:51.3815690Z   CIBW_BUILD: cp39-macosx_arm64
2022-12-27T11:21:51.3815870Z   CIBW_BUILD_FRONTEND: pip
2022-12-27T11:21:51.3816050Z   CIBW_BUILD_VERBOSITY: 3
2022-12-27T11:21:51.3816360Z   CIBW_ENVIRONMENT_MACOS:  CFLAGS="-I/usr/local/opt/openssl@3/include" LDFLAGS="-L/usr/local/opt/openssl@3/lib" CPPFLAGS="-I/usr/local/opt/openssl@3/include" MAKEFLAGS="-j$(sysctl -n hw.logicalcpu)" PATH=/usr/local/opt/ccache/libexec:$PATH
2022-12-27T11:21:51.3816720Z   CIBW_BEFORE_BUILD: pip install Cython; if [[ -f requirements.txt ]]; then pip install -r requirements.txt; fi
2022-12-27T11:21:51.3816970Z   MAKEFLAGS: -j$(sysctl -n hw.logicalcpu)
2022-12-27T11:21:51.3817120Z ##[endgroup]
2022-12-27T11:21:51.7345270Z Requirement already satisfied: cibuildwheel==2.11.3 in /Users/runner/hostedtoolcache/Python/3.9.16/x64/lib/python3.9/site-packages (2.11.3)
2022-12-27T11:21:51.7599290Z Requirement already satisfied: bashlex!=0.13 in /Users/runner/hostedtoolcache/Python/3.9.16/x64/lib/python3.9/site-packages (from cibuildwheel==2.11.3) (0.16)
2022-12-27T11:21:51.7602280Z Requirement already satisfied: certifi in /Users/runner/hostedtoolcache/Python/3.9.16/x64/lib/python3.9/site-packages (from cibuildwheel==2.11.3) (2022.12.7)
2022-12-27T11:21:51.7608230Z Requirement already satisfied: tomli in /Users/runner/hostedtoolcache/Python/3.9.16/x64/lib/python3.9/site-packages (from cibuildwheel==2.11.3) (2.0.1)
2022-12-27T11:21:51.7614250Z Requirement already satisfied: packaging>=20.9 in /Users/runner/hostedtoolcache/Python/3.9.16/x64/lib/python3.9/site-packages (from cibuildwheel==2.11.3) (22.0)
2022-12-27T11:21:51.7617780Z Requirement already satisfied: bracex in /Users/runner/hostedtoolcache/Python/3.9.16/x64/lib/python3.9/site-packages (from cibuildwheel==2.11.3) (2.3.post1)
2022-12-27T11:21:51.7626220Z Requirement already satisfied: typing-extensions>=4.1.0 in /Users/runner/hostedtoolcache/Python/3.9.16/x64/lib/python3.9/site-packages (from cibuildwheel==2.11.3) (4.4.0)
2022-12-27T11:21:51.7629540Z Requirement already satisfied: platformdirs in /Users/runner/hostedtoolcache/Python/3.9.16/x64/lib/python3.9/site-packages (from cibuildwheel==2.11.3) (2.6.0)
2022-12-27T11:21:51.7632610Z Requirement already satisfied: filelock in /Users/runner/hostedtoolcache/Python/3.9.16/x64/lib/python3.9/site-packages (from cibuildwheel==2.11.3) (3.8.2)
2022-12-27T11:21:51.9304280Z 
2022-12-27T11:21:51.9304870Z      _ _       _ _   _       _           _
2022-12-27T11:21:51.9305640Z  ___|_| |_ _ _|_| |_| |_ _ _| |_ ___ ___| |
2022-12-27T11:21:51.9306400Z |  _| | . | | | | | . | | | |   | -_| -_| |
2022-12-27T11:21:51.9306780Z |___|_|___|___|_|_|___|_____|_|_|___|___|_|
2022-12-27T11:21:51.9307570Z 
2022-12-27T11:21:51.9307730Z cibuildwheel version 2.11.3
2022-12-27T11:21:51.9307900Z 
2022-12-27T11:21:51.9308080Z Build options:
2022-12-27T11:21:51.9308360Z   platform: macos
2022-12-27T11:21:51.9340470Z   architectures: arm64[0m
2022-12-27T11:21:51.9341280Z   build_selector: 
2022-12-27T11:21:51.9342290Z     build_config: cp39-macosx_arm64
2022-12-27T11:21:51.9343080Z     skip_config: 
2022-12-27T11:21:51.9343910Z     requires_python: None
2022-12-27T11:21:51.9344530Z     prerelease_pythons: False[0m
2022-12-27T11:21:51.9345130Z   [38;5;244mcontainer_engine: docker[0m
2022-12-27T11:21:51.9345910Z   output_dir: /Users/runner/actions-runner/_work/python.build/python.build/build_lxml1339/wheelsout[0m
2022-12-27T11:21:51.9347230Z   package_dir: /Users/runner/actions-runner/_work/python.build/python.build/build_lxml1339/lxml-1.3[0m
2022-12-27T11:21:51.9347530Z   test_selector: 
2022-12-27T11:21:51.9349100Z     skip_config: *_arm64[0m
2022-12-27T11:21:51.9349480Z   [38;5;244mbefore_all: [0m
2022-12-27T11:21:51.9349950Z   before_build: pip install Cython; if [[ -f requirements.txt ]]; then pip install -r requirements.txt; fi[0m
2022-12-27T11:21:51.9350230Z   [38;5;244mbefore_test: [0m
2022-12-27T11:21:51.9350500Z   [38;5;244mbuild_frontend: pip[0m
2022-12-27T11:21:51.9350790Z   build_verbosity: 3[0m
2022-12-27T11:21:51.9351110Z   [38;5;244mconfig_settings: [0m
2022-12-27T11:21:51.9351360Z   [38;5;244mdependency_constraints: pinned[0m
2022-12-27T11:21:51.9351570Z   environment: 
2022-12-27T11:21:51.9351830Z     CFLAGS="-I/usr/local/opt/openssl@3/include"
2022-12-27T11:21:51.9352070Z     LDFLAGS="-L/usr/local/opt/openssl@3/lib"
2022-12-27T11:21:51.9352430Z     CPPFLAGS="-I/usr/local/opt/openssl@3/include"
2022-12-27T11:21:51.9352780Z     MAKEFLAGS="-j$(sysctl -n hw.logicalcpu)"
2022-12-27T11:21:51.9353040Z     PATH=/usr/local/opt/ccache/libexec:$PATH[0m
2022-12-27T11:21:51.9353310Z   [38;5;244mmanylinux_images: None[0m
2022-12-27T11:21:51.9353560Z   [38;5;244mmusllinux_images: None[0m
2022-12-27T11:21:51.9354420Z   [38;5;244mrepair_command: delocate-wheel --require-archs {delocate_archs} -w {dest_dir} -v {wheel}[0m
2022-12-27T11:21:51.9354730Z   [38;5;244mtest_command: [0m
2022-12-27T11:21:51.9355250Z   [38;5;244mtest_extras: [0m
2022-12-27T11:21:51.9355490Z   [38;5;244mtest_requires: [0m
2022-12-27T11:21:51.9355570Z 
2022-12-27T11:21:51.9355700Z Cache folder: /Users/runner/Library/Caches/cibuildwheel
2022-12-27T11:21:51.9358570Z 
2022-12-27T11:21:51.9358710Z Here we go!
2022-12-27T11:21:51.9358830Z 
2022-12-27T11:21:51.9410880Z 
2022-12-27T11:21:51.9411380Z [1m[34mBuilding cp39-macosx_arm64 wheel[0m
2022-12-27T11:21:51.9411810Z CPython 3.9 macOS arm64 - Apple Silicon
2022-12-27T11:21:51.9412140Z 
2022-12-27T11:21:51.9415190Z ##[group]Installing Python cp39...
2022-12-27T11:21:51.9415530Z 
2022-12-27T11:21:51.9415880Z + pkgutil --pkgs
2022-12-27T11:21:51.9519930Z ##[endgroup]
2022-12-27T11:21:51.9520860Z                                                               [32m✓ [0m0.01s
2022-12-27T11:21:51.9521360Z ##[group]Setting up build environment...
2022-12-27T11:21:51.9521600Z 
2022-12-27T11:21:51.9540930Z + /Users/runner/hostedtoolcache/Python/3.9.16/x64/bin/python -sS /Users/runner/Library/Caches/cibuildwheel/virtualenv-20.17.0.pyz --activators= --no-periodic-update --pip=22.3.1 --setuptools=65.6.3 --wheel=0.38.4 --symlink-app-data --python /Library/Frameworks/Python.framework/Versions/3.9/bin/python3 /private/var/folders/51/hd414ycd67n82196sw51xqtc0000gn/T/cibw-run-i8hup2tq/cp39-macosx_arm64/build/venv
2022-12-27T11:21:52.1430020Z created virtual environment CPython3.9.13.final.0-64 in 52ms
2022-12-27T11:21:52.1430980Z   creator CPython3Posix(dest=/private/var/folders/51/hd414ycd67n82196sw51xqtc0000gn/T/cibw-run-i8hup2tq/cp39-macosx_arm64/build/venv, clear=False, no_vcs_ignore=False, global=False)
2022-12-27T11:21:52.1431650Z   seeder FromAppData(download=False, pip=22.3.1, setuptools=65.6.3, wheel=0.38.4, via=symlink, app_data_dir=/Users/runner/Library/Application Support/virtualenv)
2022-12-27T11:21:52.1432000Z     added seed packages: pip==22.3.1, setuptools==65.6.3, wheel==0.38.4
2022-12-27T11:21:52.1542340Z + python -m pip install --upgrade pip -c /Users/runner/hostedtoolcache/Python/3.9.16/x64/lib/python3.9/site-packages/cibuildwheel/resources/constraints-python39.txt
2022-12-27T11:21:52.4586390Z Requirement already satisfied: pip in ./lib/python3.9/site-packages (22.3.1)
2022-12-27T11:21:52.6034570Z + which pip
2022-12-27T11:21:52.6051590Z /private/var/folders/51/hd414ycd67n82196sw51xqtc0000gn/T/cibw-run-i8hup2tq/cp39-macosx_arm64/build/venv/bin/pip
2022-12-27T11:21:52.6054370Z + pip --version
2022-12-27T11:21:52.8252270Z pip 22.3.1 from /private/var/folders/51/hd414ycd67n82196sw51xqtc0000gn/T/cibw-run-i8hup2tq/cp39-macosx_arm64/build/venv/lib/python3.9/site-packages/pip (python 3.9)
2022-12-27T11:21:52.8476630Z + which pip
2022-12-27T11:21:52.8504840Z + which python
2022-12-27T11:21:52.8523560Z /private/var/folders/51/hd414ycd67n82196sw51xqtc0000gn/T/cibw-run-i8hup2tq/cp39-macosx_arm64/build/venv/bin/python
2022-12-27T11:21:52.8525600Z + python --version
2022-12-27T11:21:52.8575160Z Python 3.9.13
2022-12-27T11:21:52.8578160Z + which python
2022-12-27T11:21:52.8639720Z ##[endgroup]
2022-12-27T11:21:52.8640420Z                                                               [32m✓ [0m0.91s
2022-12-27T11:21:52.8641250Z ##[group]Installing build tools...
2022-12-27T11:21:52.8641460Z 
2022-12-27T11:21:52.8642010Z + pip install --upgrade setuptools wheel delocate -c /Users/runner/hostedtoolcache/Python/3.9.16/x64/lib/python3.9/site-packages/cibuildwheel/resources/constraints-python39.txt
2022-12-27T11:21:53.1618360Z Requirement already satisfied: setuptools in /private/var/folders/51/hd414ycd67n82196sw51xqtc0000gn/T/cibw-run-i8hup2tq/cp39-macosx_arm64/build/venv/lib/python3.9/site-packages (65.6.3)
2022-12-27T11:21:53.3876920Z Requirement already satisfied: wheel in /private/var/folders/51/hd414ycd67n82196sw51xqtc0000gn/T/cibw-run-i8hup2tq/cp39-macosx_arm64/build/venv/lib/python3.9/site-packages (0.38.4)
2022-12-27T11:21:53.4348760Z Collecting delocate
2022-12-27T11:21:53.4374730Z   Using cached delocate-0.10.3-py3-none-any.whl (142 kB)
2022-12-27T11:21:53.4693120Z Collecting packaging>=20.9
2022-12-27T11:21:53.4716130Z   Using cached packaging-21.3-py3-none-any.whl (40 kB)
2022-12-27T11:21:53.4894090Z Collecting typing-extensions
2022-12-27T11:21:53.4914460Z   Using cached typing_extensions-4.4.0-py3-none-any.whl (26 kB)
2022-12-27T11:21:53.5288760Z Collecting pyparsing!=3.0.5,>=2.0.2
2022-12-27T11:21:53.5309800Z   Using cached pyparsing-3.0.9-py3-none-any.whl (98 kB)
2022-12-27T11:21:53.5683930Z Installing collected packages: typing-extensions, pyparsing, packaging, delocate
2022-12-27T11:21:53.7120380Z Successfully installed delocate-0.10.3 packaging-21.3 pyparsing-3.0.9 typing-extensions-4.4.0
2022-12-27T11:21:53.7586110Z ##[endgroup]
2022-12-27T11:21:53.7586650Z                                                               [32m✓ [0m0.89s
2022-12-27T11:21:53.7587060Z ##[group]Running before_build...
2022-12-27T11:21:53.7587190Z 
2022-12-27T11:21:53.7593970Z + pip install Cython; if [[ -f requirements.txt ]]; then pip install -r requirements.txt; fi
2022-12-27T11:21:54.4551690Z Collecting Cython
2022-12-27T11:21:54.4600800Z   Using cached Cython-0.29.32-py2.py3-none-any.whl (986 kB)
2022-12-27T11:21:54.5044920Z Installing collected packages: Cython
2022-12-27T11:21:54.9772750Z Successfully installed Cython-0.29.32
2022-12-27T11:21:55.0263460Z ##[endgroup]
2022-12-27T11:21:55.0264400Z                                                               [32m✓ [0m1.27s
2022-12-27T11:21:55.0264930Z ##[group]Building wheel...
2022-12-27T11:21:55.0265080Z 
2022-12-27T11:21:55.0269320Z + python -m pip wheel /Users/runner/actions-runner/_work/python.build/python.build/build_lxml1339/lxml-1.3 --wheel-dir=/private/var/folders/51/hd414ycd67n82196sw51xqtc0000gn/T/cibw-run-i8hup2tq/cp39-macosx_arm64/built_wheel --no-deps -vvv
2022-12-27T11:21:55.3024790Z Created temporary directory: /private/var/folders/51/hd414ycd67n82196sw51xqtc0000gn/T/pip-ephem-wheel-cache-o8vkqea8
2022-12-27T11:21:55.3029940Z Created temporary directory: /private/var/folders/51/hd414ycd67n82196sw51xqtc0000gn/T/pip-build-tracker-stf5umyx
2022-12-27T11:21:55.3031950Z Initialized build tracking at /private/var/folders/51/hd414ycd67n82196sw51xqtc0000gn/T/pip-build-tracker-stf5umyx
2022-12-27T11:21:55.3033460Z Created build tracker: /private/var/folders/51/hd414ycd67n82196sw51xqtc0000gn/T/pip-build-tracker-stf5umyx
2022-12-27T11:21:55.3035000Z Entered build tracker: /private/var/folders/51/hd414ycd67n82196sw51xqtc0000gn/T/pip-build-tracker-stf5umyx
2022-12-27T11:21:55.3038210Z Created temporary directory: /private/var/folders/51/hd414ycd67n82196sw51xqtc0000gn/T/pip-wheel-g6nbu11h
2022-12-27T11:21:55.3044340Z Created temporary directory: /private/var/folders/51/hd414ycd67n82196sw51xqtc0000gn/T/pip-ephem-wheel-cache-g77bum2n
2022-12-27T11:21:55.3205470Z Processing /Users/runner/actions-runner/_work/python.build/python.build/build_lxml1339/lxml-1.3
2022-12-27T11:21:55.3210540Z   Added file:///Users/runner/actions-runner/_work/python.build/python.build/build_lxml1339/lxml-1.3 to build tracker '/private/var/folders/51/hd414ycd67n82196sw51xqtc0000gn/T/pip-build-tracker-stf5umyx'
2022-12-27T11:21:55.3214360Z   Running setup.py (path:/Users/runner/actions-runner/_work/python.build/python.build/build_lxml1339/lxml-1.3/setup.py) egg_info for package from file:///Users/runner/actions-runner/_work/python.build/python.build/build_lxml1339/lxml-1.3
2022-12-27T11:21:55.3217400Z   Created temporary directory: /private/var/folders/51/hd414ycd67n82196sw51xqtc0000gn/T/pip-pip-egg-info-a2ocnpxy
2022-12-27T11:21:55.3218830Z   Preparing metadata (setup.py): started
2022-12-27T11:21:55.3221100Z   Running command python setup.py egg_info
2022-12-27T11:21:55.4744920Z   Traceback (most recent call last):
2022-12-27T11:21:55.4755580Z     File "<string>", line 2, in <module>
2022-12-27T11:21:55.4756370Z     File "<pip-setuptools-caller>", line 34, in <module>
2022-12-27T11:21:55.4756920Z     File "/Users/runner/actions-runner/_work/python.build/python.build/build_lxml1339/lxml-1.3/setup.py", line 25
2022-12-27T11:21:55.4757270Z       print "Building lxml version", svn_version
2022-12-27T11:21:55.4757970Z             ^
2022-12-27T11:21:55.4758350Z   SyntaxError: Missing parentheses in call to 'print'. Did you mean print("Building lxml version", svn_version)?
2022-12-27T11:21:55.4912460Z   error: subprocess-exited-with-error
2022-12-27T11:21:55.4912940Z   
2022-12-27T11:21:55.4913600Z   × python setup.py egg_info did not run successfully.
2022-12-27T11:21:55.4914050Z   │ exit code: 1
2022-12-27T11:21:55.4914510Z   ╰─> See above for output.
2022-12-27T11:21:55.4914770Z   
2022-12-27T11:21:55.4915070Z   note: This error originates from a subprocess, and is likely not a problem with pip.
2022-12-27T11:21:55.4922110Z   full command: /private/var/folders/51/hd414ycd67n82196sw51xqtc0000gn/T/cibw-run-i8hup2tq/cp39-macosx_arm64/build/venv/bin/python -c '
2022-12-27T11:21:55.4923000Z   exec(compile('"'"''"'"''"'"'
2022-12-27T11:21:55.4923780Z   # This is <pip-setuptools-caller> -- a caller that pip uses to run setup.py
2022-12-27T11:21:55.4924040Z   #
2022-12-27T11:21:55.4924430Z   # - It imports setuptools before invoking setup.py, to enable projects that directly
2022-12-27T11:21:55.4924960Z   #   import from `distutils.core` to work with newer packaging standards.
2022-12-27T11:21:55.4925350Z   # - It provides a clear error message when setuptools is not installed.
2022-12-27T11:21:55.4926060Z   # - It sets `sys.argv[0]` to the underlying `setup.py`, when invoking `setup.py` so
2022-12-27T11:21:55.4926680Z   #   setuptools doesn'"'"'t think the script is `-c`. This avoids the following warning:
2022-12-27T11:21:55.4927200Z   #     manifest_maker: standard file '"'"'-c'"'"' not found".
2022-12-27T11:21:55.4927560Z   # - It generates a shim setup.py, for handling setup.cfg-only projects.
2022-12-27T11:21:55.4927840Z   import os, sys, tokenize
2022-12-27T11:21:55.4928110Z   
2022-12-27T11:21:55.4928610Z   try:
2022-12-27T11:21:55.4928840Z       import setuptools
2022-12-27T11:21:55.4929080Z   except ImportError as error:
2022-12-27T11:21:55.4929280Z       print(
2022-12-27T11:21:55.4929600Z           "ERROR: Can not execute `setup.py` since setuptools is not available in "
2022-12-27T11:21:55.4929900Z           "the build environment.",
2022-12-27T11:21:55.4930150Z           file=sys.stderr,
2022-12-27T11:21:55.4930330Z       )
2022-12-27T11:21:55.4930520Z       sys.exit(1)
2022-12-27T11:21:55.4930830Z   
2022-12-27T11:21:55.4930990Z   __file__ = %r
2022-12-27T11:21:55.4931210Z   sys.argv[0] = __file__
2022-12-27T11:21:55.4931420Z   
2022-12-27T11:21:55.4931600Z   if os.path.exists(__file__):
2022-12-27T11:21:55.4931870Z       filename = __file__
2022-12-27T11:21:55.4932110Z       with tokenize.open(__file__) as f:
2022-12-27T11:21:55.4932320Z           setup_py_code = f.read()
2022-12-27T11:21:55.4932530Z   else:
2022-12-27T11:21:55.4932900Z       filename = "<auto-generated setuptools caller>"
2022-12-27T11:21:55.4933170Z       setup_py_code = "from setuptools import setup; setup()"
2022-12-27T11:21:55.4933410Z   
2022-12-27T11:21:55.4933640Z   exec(compile(setup_py_code, filename, "exec"))
2022-12-27T11:21:55.4934330Z   '"'"''"'"''"'"' % ('"'"'/Users/runner/actions-runner/_work/python.build/python.build/build_lxml1339/lxml-1.3/setup.py'"'"',), "<pip-setuptools-caller>", "exec"))' egg_info --egg-base /private/var/folders/51/hd414ycd67n82196sw51xqtc0000gn/T/pip-pip-egg-info-a2ocnpxy
2022-12-27T11:21:55.4935010Z   cwd: /Users/runner/actions-runner/_work/python.build/python.build/build_lxml1339/lxml-1.3/
2022-12-27T11:21:55.4935440Z   Preparing metadata (setup.py): finished with status 'error'
2022-12-27T11:21:55.4940810Z error: metadata-generation-failed
2022-12-27T11:21:55.4941100Z 
2022-12-27T11:21:55.4941460Z × Encountered error while generating package metadata.
2022-12-27T11:21:55.4941910Z ╰─> See above for output.
2022-12-27T11:21:55.4942140Z 
2022-12-27T11:21:55.4942320Z note: This is an issue with the package mentioned above, not pip.
2022-12-27T11:21:55.4942630Z hint: See above for details.
2022-12-27T11:21:55.4966980Z Exception information:
2022-12-27T11:21:55.4967740Z Traceback (most recent call last):
2022-12-27T11:21:55.4969120Z   File "/private/var/folders/51/hd414ycd67n82196sw51xqtc0000gn/T/cibw-run-i8hup2tq/cp39-macosx_arm64/build/venv/lib/python3.9/site-packages/pip/_internal/operations/build/metadata_legacy.py", line 64, in generate_metadata
2022-12-27T11:21:55.4969910Z     call_subprocess(
2022-12-27T11:21:55.4970980Z   File "/private/var/folders/51/hd414ycd67n82196sw51xqtc0000gn/T/cibw-run-i8hup2tq/cp39-macosx_arm64/build/venv/lib/python3.9/site-packages/pip/_internal/utils/subprocess.py", line 224, in call_subprocess
2022-12-27T11:21:55.4971420Z     raise error
2022-12-27T11:21:55.4972170Z pip._internal.exceptions.InstallationSubprocessError: python setup.py egg_info exited with 1
2022-12-27T11:21:55.4972450Z 
2022-12-27T11:21:55.4972600Z The above exception was the direct cause of the following exception:
2022-12-27T11:21:55.4972810Z 
2022-12-27T11:21:55.4972950Z Traceback (most recent call last):
2022-12-27T11:21:55.4973700Z   File "/private/var/folders/51/hd414ycd67n82196sw51xqtc0000gn/T/cibw-run-i8hup2tq/cp39-macosx_arm64/build/venv/lib/python3.9/site-packages/pip/_internal/cli/base_command.py", line 160, in exc_logging_wrapper
2022-12-27T11:21:55.4974260Z     status = run_func(*args)
2022-12-27T11:21:55.4974980Z   File "/private/var/folders/51/hd414ycd67n82196sw51xqtc0000gn/T/cibw-run-i8hup2tq/cp39-macosx_arm64/build/venv/lib/python3.9/site-packages/pip/_internal/cli/req_command.py", line 247, in wrapper
2022-12-27T11:21:55.4975450Z     return func(self, options, args)
2022-12-27T11:21:55.4976090Z   File "/private/var/folders/51/hd414ycd67n82196sw51xqtc0000gn/T/cibw-run-i8hup2tq/cp39-macosx_arm64/build/venv/lib/python3.9/site-packages/pip/_internal/commands/wheel.py", line 170, in run
2022-12-27T11:21:55.4976840Z     requirement_set = resolver.resolve(reqs, check_supported_wheels=True)
2022-12-27T11:21:55.4977680Z   File "/private/var/folders/51/hd414ycd67n82196sw51xqtc0000gn/T/cibw-run-i8hup2tq/cp39-macosx_arm64/build/venv/lib/python3.9/site-packages/pip/_internal/resolution/resolvelib/resolver.py", line 73, in resolve
2022-12-27T11:21:55.4978120Z     collected = self.factory.collect_root_requirements(root_reqs)
2022-12-27T11:21:55.4978680Z   File "/private/var/folders/51/hd414ycd67n82196sw51xqtc0000gn/T/cibw-run-i8hup2tq/cp39-macosx_arm64/build/venv/lib/python3.9/site-packages/pip/_internal/resolution/resolvelib/factory.py", line 491, in collect_root_requirements
2022-12-27T11:21:55.4979050Z     req = self._make_requirement_from_install_req(
2022-12-27T11:21:55.4979680Z   File "/private/var/folders/51/hd414ycd67n82196sw51xqtc0000gn/T/cibw-run-i8hup2tq/cp39-macosx_arm64/build/venv/lib/python3.9/site-packages/pip/_internal/resolution/resolvelib/factory.py", line 453, in _make_requirement_from_install_req
2022-12-27T11:21:55.4980060Z     cand = self._make_candidate_from_link(
2022-12-27T11:21:55.4980590Z   File "/private/var/folders/51/hd414ycd67n82196sw51xqtc0000gn/T/cibw-run-i8hup2tq/cp39-macosx_arm64/build/venv/lib/python3.9/site-packages/pip/_internal/resolution/resolvelib/factory.py", line 206, in _make_candidate_from_link
2022-12-27T11:21:55.4980960Z     self._link_candidate_cache[link] = LinkCandidate(
2022-12-27T11:21:55.4981550Z   File "/private/var/folders/51/hd414ycd67n82196sw51xqtc0000gn/T/cibw-run-i8hup2tq/cp39-macosx_arm64/build/venv/lib/python3.9/site-packages/pip/_internal/resolution/resolvelib/candidates.py", line 297, in __init__
2022-12-27T11:21:55.4981850Z     super().__init__(
2022-12-27T11:21:55.4982340Z   File "/private/var/folders/51/hd414ycd67n82196sw51xqtc0000gn/T/cibw-run-i8hup2tq/cp39-macosx_arm64/build/venv/lib/python3.9/site-packages/pip/_internal/resolution/resolvelib/candidates.py", line 162, in __init__
2022-12-27T11:21:55.4982690Z     self.dist = self._prepare()
2022-12-27T11:21:55.4983200Z   File "/private/var/folders/51/hd414ycd67n82196sw51xqtc0000gn/T/cibw-run-i8hup2tq/cp39-macosx_arm64/build/venv/lib/python3.9/site-packages/pip/_internal/resolution/resolvelib/candidates.py", line 231, in _prepare
2022-12-27T11:21:55.4983770Z     dist = self._prepare_distribution()
2022-12-27T11:21:55.4984360Z   File "/private/var/folders/51/hd414ycd67n82196sw51xqtc0000gn/T/cibw-run-i8hup2tq/cp39-macosx_arm64/build/venv/lib/python3.9/site-packages/pip/_internal/resolution/resolvelib/candidates.py", line 308, in _prepare_distribution
2022-12-27T11:21:55.4984740Z     return preparer.prepare_linked_requirement(self._ireq, parallel_builds=True)
2022-12-27T11:21:55.4985320Z   File "/private/var/folders/51/hd414ycd67n82196sw51xqtc0000gn/T/cibw-run-i8hup2tq/cp39-macosx_arm64/build/venv/lib/python3.9/site-packages/pip/_internal/operations/prepare.py", line 491, in prepare_linked_requirement
2022-12-27T11:21:55.4985760Z     return self._prepare_linked_requirement(req, parallel_builds)
2022-12-27T11:21:55.4986320Z   File "/private/var/folders/51/hd414ycd67n82196sw51xqtc0000gn/T/cibw-run-i8hup2tq/cp39-macosx_arm64/build/venv/lib/python3.9/site-packages/pip/_internal/operations/prepare.py", line 577, in _prepare_linked_requirement
2022-12-27T11:21:55.4986680Z     dist = _get_prepared_distribution(
2022-12-27T11:21:55.4987200Z   File "/private/var/folders/51/hd414ycd67n82196sw51xqtc0000gn/T/cibw-run-i8hup2tq/cp39-macosx_arm64/build/venv/lib/python3.9/site-packages/pip/_internal/operations/prepare.py", line 69, in _get_prepared_distribution
2022-12-27T11:21:55.4987540Z     abstract_dist.prepare_distribution_metadata(
2022-12-27T11:21:55.4988070Z   File "/private/var/folders/51/hd414ycd67n82196sw51xqtc0000gn/T/cibw-run-i8hup2tq/cp39-macosx_arm64/build/venv/lib/python3.9/site-packages/pip/_internal/distributions/sdist.py", line 61, in prepare_distribution_metadata
2022-12-27T11:21:55.4988360Z     self.req.prepare_metadata()
2022-12-27T11:21:55.4988910Z   File "/private/var/folders/51/hd414ycd67n82196sw51xqtc0000gn/T/cibw-run-i8hup2tq/cp39-macosx_arm64/build/venv/lib/python3.9/site-packages/pip/_internal/req/req_install.py", line 541, in prepare_metadata
2022-12-27T11:21:55.4989230Z     self.metadata_directory = generate_metadata_legacy(
2022-12-27T11:21:55.4989720Z   File "/private/var/folders/51/hd414ycd67n82196sw51xqtc0000gn/T/cibw-run-i8hup2tq/cp39-macosx_arm64/build/venv/lib/python3.9/site-packages/pip/_internal/operations/build/metadata_legacy.py", line 71, in generate_metadata
2022-12-27T11:21:55.4990080Z     raise MetadataGenerationFailed(package_details=details) from error
2022-12-27T11:21:55.4990350Z pip._internal.exceptions.MetadataGenerationFailed: metadata generation failed
2022-12-27T11:21:55.4990880Z Removed file:///Users/runner/actions-runner/_work/python.build/python.build/build_lxml1339/lxml-1.3 from build tracker '/private/var/folders/51/hd414ycd67n82196sw51xqtc0000gn/T/pip-build-tracker-stf5umyx'
2022-12-27T11:21:55.4991390Z Removed build tracker: '/private/var/folders/51/hd414ycd67n82196sw51xqtc0000gn/T/pip-build-tracker-stf5umyx'
2022-12-27T11:21:55.5406230Z ##[endgroup]
2022-12-27T11:21:55.5429810Z ##[error]Command ['python', '-m', 'pip', 'wheel', '/Users/runner/actions-runner/_work/python.build/python.build/build_lxml1339/lxml-1.3', '--wheel-dir=/private/var/folders/51/hd414ycd67n82196sw51xqtc0000gn/T/cibw-run-i8hup2tq/cp39-macosx_arm64/built_wheel', '--no-deps', '-vvv'] failed with code 1. None
2022-12-27T11:21:55.5435670Z 
2022-12-27T11:21:55.5435980Z                                                               [31m✕ [0m0.51s
2022-12-27T11:21:55.5849210Z ##[error]Process completed with exit code 1.
2022-12-27T11:21:55.5882990Z ##[group]Run rm -rf build_lxml1339 wheelsout
2022-12-27T11:21:55.5883250Z [36;1mrm -rf build_lxml1339 wheelsout[0m
2022-12-27T11:21:55.5898210Z shell: /bin/bash -e {0}
2022-12-27T11:21:55.5898320Z env:
2022-12-27T11:21:55.5898520Z   pythonLocation: /Users/runner/hostedtoolcache/Python/3.9.16/x64
2022-12-27T11:21:55.5898780Z   PKG_CONFIG_PATH: /Users/runner/hostedtoolcache/Python/3.9.16/x64/lib/pkgconfig
2022-12-27T11:21:55.5899000Z   Python_ROOT_DIR: /Users/runner/hostedtoolcache/Python/3.9.16/x64
2022-12-27T11:21:55.5899240Z   Python2_ROOT_DIR: /Users/runner/hostedtoolcache/Python/3.9.16/x64
2022-12-27T11:21:55.5899630Z   Python3_ROOT_DIR: /Users/runner/hostedtoolcache/Python/3.9.16/x64
2022-12-27T11:21:55.5899820Z ##[endgroup]
2022-12-27T11:21:55.6187780Z Cleaning up orphan processes
