2022-12-27T01:55:03.1163084Z Requested labels: self-hosted, macOS, X64
2022-12-27T01:55:03.1163162Z Job defined at: kilnbuild/python.build/.github/workflows/mac_arm_build.yml@refs/heads/main
2022-12-27T01:55:03.1163196Z Waiting for a runner to pick up this job...
2022-12-27T02:23:37.5506317Z Job is about to start running on the runner: k2 (organization)
2022-12-27T02:23:40.0852050Z Current runner version: '2.300.2'
2022-12-27T02:23:40.0856740Z Runner name: 'k2'
2022-12-27T02:23:40.0856990Z Runner group name: 'Default'
2022-12-27T02:23:40.0857400Z Machine name: 'k2'
2022-12-27T02:23:40.0858790Z ##[group]GITHUB_TOKEN Permissions
2022-12-27T02:23:40.0859170Z Actions: write
2022-12-27T02:23:40.0859300Z Checks: write
2022-12-27T02:23:40.0859420Z Contents: write
2022-12-27T02:23:40.0859560Z Deployments: write
2022-12-27T02:23:40.0859690Z Discussions: write
2022-12-27T02:23:40.0859830Z Issues: write
2022-12-27T02:23:40.0859950Z Metadata: read
2022-12-27T02:23:40.0860070Z Packages: write
2022-12-27T02:23:40.0860200Z Pages: write
2022-12-27T02:23:40.0860320Z PullRequests: write
2022-12-27T02:23:40.0860480Z RepositoryProjects: write
2022-12-27T02:23:40.0860630Z SecurityEvents: write
2022-12-27T02:23:40.0860760Z Statuses: write
2022-12-27T02:23:40.0860890Z ##[endgroup]
2022-12-27T02:23:40.0863450Z Secret source: Actions
2022-12-27T02:23:40.0863750Z Prepare workflow directory
2022-12-27T02:23:40.1496950Z Prepare all required actions
2022-12-27T02:23:40.1626180Z Getting action download info
2022-12-27T02:23:40.5941630Z Download action repository 'actions/setup-python@v4' (SHA:5ccb29d8773c3f3f653e1705f474dfaa8a06a912)
2022-12-27T02:23:41.8951150Z Download action repository 'actions/upload-artifact@v3' (SHA:83fd05a356d7e2593de66fc9913b3002723633cb)
2022-12-27T02:23:44.2076970Z ##[group]Run echo '{
2022-12-27T02:23:44.2077360Z [36;1mecho '{[0m
2022-12-27T02:23:44.2077580Z [36;1m  "environment_variables": "GRPC_PYTHON_BUILD_WITH_CYTHON=1 GRPC_BUILD_WITH_BORING_SSL_ASM='' GRPC_PYTHON_BUILD_SYSTEM_OPENSSL=TRUE",[0m
2022-12-27T02:23:44.2077810Z [36;1m  "package_name": "grpcio",[0m
2022-12-27T02:23:44.2078130Z [36;1m  "package_url": "https://files.pythonhosted.org/packages/16/f2/2afc0ec34f2acf59b40489aaa1a448fa87a4838ee06a7bf7f519153ce2b9/grpcio-0.5.0a0.tar.gz",[0m
2022-12-27T02:23:44.2078380Z [36;1m  "package_version": "0.5.0a0",[0m
2022-12-27T02:23:44.2078570Z [36;1m  "python_version": "3.8",[0m
2022-12-27T02:23:44.2078730Z [36;1m  "use_ccache": "true"[0m
2022-12-27T02:23:44.2078870Z [36;1m}'[0m
2022-12-27T02:23:44.2094170Z shell: /bin/bash -e {0}
2022-12-27T02:23:44.2094340Z ##[endgroup]
2022-12-27T02:23:44.2312590Z {
2022-12-27T02:23:44.2314210Z   "environment_variables": "GRPC_PYTHON_BUILD_WITH_CYTHON=1 GRPC_BUILD_WITH_BORING_SSL_ASM= GRPC_PYTHON_BUILD_SYSTEM_OPENSSL=TRUE",
2022-12-27T02:23:44.2314520Z   "package_name": "grpcio",
2022-12-27T02:23:44.2315180Z   "package_url": "https://files.pythonhosted.org/packages/16/f2/2afc0ec34f2acf59b40489aaa1a448fa87a4838ee06a7bf7f519153ce2b9/grpcio-0.5.0a0.tar.gz",
2022-12-27T02:23:44.2315480Z   "package_version": "0.5.0a0",
2022-12-27T02:23:44.2315630Z   "python_version": "3.8",
2022-12-27T02:23:44.2315810Z   "use_ccache": "true"
2022-12-27T02:23:44.2316070Z }
2022-12-27T02:23:44.2538170Z ##[group]Run actions/setup-python@v4
2022-12-27T02:23:44.2538380Z with:
2022-12-27T02:23:44.2538560Z   python-version: 3.8
2022-12-27T02:23:44.2538810Z   check-latest: false
2022-12-27T02:23:44.2539110Z   token: ***
2022-12-27T02:23:44.2539290Z   update-environment: true
2022-12-27T02:23:44.2539480Z ##[endgroup]
2022-12-27T02:23:44.3748980Z ##[group]Installed versions
2022-12-27T02:23:44.3856100Z Successfully set up CPython (3.8.15)
2022-12-27T02:23:44.3857100Z ##[endgroup]
2022-12-27T02:23:44.4001520Z ##[group]Run if [ "true" == "true" ]
2022-12-27T02:23:44.4001770Z [36;1mif [ "true" == "true" ][0m
2022-12-27T02:23:44.4001920Z [36;1mthen[0m
2022-12-27T02:23:44.4002150Z [36;1m  echo "CCACHE_PATH_PREPEND=/usr/local/opt/ccache/libexec" >> $GITHUB_OUTPUT[0m
2022-12-27T02:23:44.4002610Z [36;1melse[0m
2022-12-27T02:23:44.4002870Z [36;1m  echo "CCACHE_PATH_PREPEND=" >> $GITHUB_OUTPUT[0m
2022-12-27T02:23:44.4003030Z [36;1mfi[0m
2022-12-27T02:23:44.4019410Z shell: /bin/bash -e {0}
2022-12-27T02:23:44.4019770Z env:
2022-12-27T02:23:44.4019950Z   pythonLocation: /Users/runner/hostedtoolcache/Python/3.8.15/x64
2022-12-27T02:23:44.4020230Z   PKG_CONFIG_PATH: /Users/runner/hostedtoolcache/Python/3.8.15/x64/lib/pkgconfig
2022-12-27T02:23:44.4020840Z   Python_ROOT_DIR: /Users/runner/hostedtoolcache/Python/3.8.15/x64
2022-12-27T02:23:44.4021050Z   Python2_ROOT_DIR: /Users/runner/hostedtoolcache/Python/3.8.15/x64
2022-12-27T02:23:44.4021440Z   Python3_ROOT_DIR: /Users/runner/hostedtoolcache/Python/3.8.15/x64
2022-12-27T02:23:44.4021650Z ##[endgroup]
2022-12-27T02:23:44.4134140Z ##[group]Run echo "BUILD_NAME=$(echo grpcio_0.5.0a0_3.8 | tr -dc '[:alnum:]\n\r' | tr '[:upper:]' '[:lower:]')" >> $GITHUB_OUTPUT
2022-12-27T02:23:44.4134580Z [36;1mecho "BUILD_NAME=$(echo grpcio_0.5.0a0_3.8 | tr -dc '[:alnum:]\n\r' | tr '[:upper:]' '[:lower:]')" >> $GITHUB_OUTPUT[0m
2022-12-27T02:23:44.4148830Z shell: /bin/bash -e {0}
2022-12-27T02:23:44.4149010Z env:
2022-12-27T02:23:44.4149240Z   pythonLocation: /Users/runner/hostedtoolcache/Python/3.8.15/x64
2022-12-27T02:23:44.4149520Z   PKG_CONFIG_PATH: /Users/runner/hostedtoolcache/Python/3.8.15/x64/lib/pkgconfig
2022-12-27T02:23:44.4149750Z   Python_ROOT_DIR: /Users/runner/hostedtoolcache/Python/3.8.15/x64
2022-12-27T02:23:44.4150110Z   Python2_ROOT_DIR: /Users/runner/hostedtoolcache/Python/3.8.15/x64
2022-12-27T02:23:44.4150490Z   Python3_ROOT_DIR: /Users/runner/hostedtoolcache/Python/3.8.15/x64
2022-12-27T02:23:44.4150720Z ##[endgroup]
2022-12-27T02:23:44.4305300Z ##[group]Run echo "PYTHON_NO_DOTS=$(echo 3.8 | tr -dc '[:alnum:]\n\r' | tr '[:upper:]' '[:lower:]')" >> $GITHUB_OUTPUT
2022-12-27T02:23:44.4305730Z [36;1mecho "PYTHON_NO_DOTS=$(echo 3.8 | tr -dc '[:alnum:]\n\r' | tr '[:upper:]' '[:lower:]')" >> $GITHUB_OUTPUT[0m
2022-12-27T02:23:44.4318770Z shell: /bin/bash -e {0}
2022-12-27T02:23:44.4318930Z env:
2022-12-27T02:23:44.4319200Z   pythonLocation: /Users/runner/hostedtoolcache/Python/3.8.15/x64
2022-12-27T02:23:44.4319470Z   PKG_CONFIG_PATH: /Users/runner/hostedtoolcache/Python/3.8.15/x64/lib/pkgconfig
2022-12-27T02:23:44.4319670Z   Python_ROOT_DIR: /Users/runner/hostedtoolcache/Python/3.8.15/x64
2022-12-27T02:23:44.4319900Z   Python2_ROOT_DIR: /Users/runner/hostedtoolcache/Python/3.8.15/x64
2022-12-27T02:23:44.4320160Z   Python3_ROOT_DIR: /Users/runner/hostedtoolcache/Python/3.8.15/x64
2022-12-27T02:23:44.4320370Z ##[endgroup]
2022-12-27T02:23:44.4439110Z ##[group]Run rm -rf build_grpcio050a038
2022-12-27T02:23:44.4439490Z [36;1mrm -rf build_grpcio050a038[0m
2022-12-27T02:23:44.4439680Z [36;1mmkdir build_grpcio050a038[0m
2022-12-27T02:23:44.4439890Z [36;1mcd build_grpcio050a038[0m
2022-12-27T02:23:44.4440180Z [36;1m/usr/local/bin/wget --quiet https://files.pythonhosted.org/packages/16/f2/2afc0ec34f2acf59b40489aaa1a448fa87a4838ee06a7bf7f519153ce2b9/grpcio-0.5.0a0.tar.gz[0m
2022-12-27T02:23:44.4440450Z [36;1mtar xf *.tar.gz[0m
2022-12-27T02:23:44.4440640Z [36;1mcd grpcio-*/[0m
2022-12-27T02:23:44.4440860Z [36;1mpython -m pip install cibuildwheel==2.11.3[0m
2022-12-27T02:23:44.4441040Z [36;1mpython -m cibuildwheel --output-dir ../wheelsout[0m
2022-12-27T02:23:44.4454040Z shell: /bin/bash -e {0}
2022-12-27T02:23:44.4454230Z env:
2022-12-27T02:23:44.4454470Z   pythonLocation: /Users/runner/hostedtoolcache/Python/3.8.15/x64
2022-12-27T02:23:44.4454760Z   PKG_CONFIG_PATH: /Users/runner/hostedtoolcache/Python/3.8.15/x64/lib/pkgconfig
2022-12-27T02:23:44.4455010Z   Python_ROOT_DIR: /Users/runner/hostedtoolcache/Python/3.8.15/x64
2022-12-27T02:23:44.4455240Z   Python2_ROOT_DIR: /Users/runner/hostedtoolcache/Python/3.8.15/x64
2022-12-27T02:23:44.4455490Z   Python3_ROOT_DIR: /Users/runner/hostedtoolcache/Python/3.8.15/x64
2022-12-27T02:23:44.4455660Z   CIBW_ARCHS_MACOS: arm64
2022-12-27T02:23:44.4455910Z   CIBW_TEST_SKIP: *_arm64
2022-12-27T02:23:44.4456110Z   CIBW_BUILD: cp38-macosx_arm64
2022-12-27T02:23:44.4456250Z   CIBW_BUILD_FRONTEND: pip
2022-12-27T02:23:44.4456460Z   CIBW_BUILD_VERBOSITY: 3
2022-12-27T02:23:44.4456830Z   CIBW_ENVIRONMENT_MACOS: GRPC_PYTHON_BUILD_WITH_CYTHON=1 GRPC_BUILD_WITH_BORING_SSL_ASM='' GRPC_PYTHON_BUILD_SYSTEM_OPENSSL=TRUE CFLAGS="-I/usr/local/opt/openssl@3/include" LDFLAGS="-L/usr/local/opt/openssl@3/lib" CPPFLAGS="-I/usr/local/opt/openssl@3/include" MAKEFLAGS="-j$(sysctl -n hw.logicalcpu)" PATH=/usr/local/opt/ccache/libexec:$PATH
2022-12-27T02:23:44.4457460Z   CIBW_BEFORE_BUILD: pip install Cython; if [[ -f requirements.txt ]]; then pip install -r requirements.txt; fi
2022-12-27T02:23:44.4457660Z   MAKEFLAGS: -j$(sysctl -n hw.logicalcpu)
2022-12-27T02:23:44.4457870Z ##[endgroup]
2022-12-27T02:23:44.7701760Z Requirement already satisfied: cibuildwheel==2.11.3 in /Users/runner/hostedtoolcache/Python/3.8.15/x64/lib/python3.8/site-packages (2.11.3)
2022-12-27T02:23:44.8041160Z Requirement already satisfied: packaging>=20.9 in /Users/runner/hostedtoolcache/Python/3.8.15/x64/lib/python3.8/site-packages (from cibuildwheel==2.11.3) (22.0)
2022-12-27T02:23:44.8043870Z Requirement already satisfied: certifi in /Users/runner/hostedtoolcache/Python/3.8.15/x64/lib/python3.8/site-packages (from cibuildwheel==2.11.3) (2022.12.7)
2022-12-27T02:23:44.8052300Z Requirement already satisfied: typing-extensions>=4.1.0 in /Users/runner/hostedtoolcache/Python/3.8.15/x64/lib/python3.8/site-packages (from cibuildwheel==2.11.3) (4.4.0)
2022-12-27T02:23:44.8055840Z Requirement already satisfied: platformdirs in /Users/runner/hostedtoolcache/Python/3.8.15/x64/lib/python3.8/site-packages (from cibuildwheel==2.11.3) (2.6.0)
2022-12-27T02:23:44.8058780Z Requirement already satisfied: bracex in /Users/runner/hostedtoolcache/Python/3.8.15/x64/lib/python3.8/site-packages (from cibuildwheel==2.11.3) (2.3.post1)
2022-12-27T02:23:44.8062010Z Requirement already satisfied: filelock in /Users/runner/hostedtoolcache/Python/3.8.15/x64/lib/python3.8/site-packages (from cibuildwheel==2.11.3) (3.8.2)
2022-12-27T02:23:44.8069000Z Requirement already satisfied: tomli in /Users/runner/hostedtoolcache/Python/3.8.15/x64/lib/python3.8/site-packages (from cibuildwheel==2.11.3) (2.0.1)
2022-12-27T02:23:44.8073900Z Requirement already satisfied: bashlex!=0.13 in /Users/runner/hostedtoolcache/Python/3.8.15/x64/lib/python3.8/site-packages (from cibuildwheel==2.11.3) (0.16)
2022-12-27T02:23:44.9745560Z 
2022-12-27T02:23:44.9746260Z      _ _       _ _   _       _           _
2022-12-27T02:23:44.9746830Z  ___|_| |_ _ _|_| |_| |_ _ _| |_ ___ ___| |
2022-12-27T02:23:44.9749080Z |  _| | . | | | | | . | | | |   | -_| -_| |
2022-12-27T02:23:44.9749440Z |___|_|___|___|_|_|___|_____|_|_|___|___|_|
2022-12-27T02:23:44.9749600Z 
2022-12-27T02:23:44.9749760Z cibuildwheel version 2.11.3
2022-12-27T02:23:44.9749930Z 
2022-12-27T02:23:44.9750090Z Build options:
2022-12-27T02:23:44.9750410Z   platform: macos
2022-12-27T02:23:44.9829350Z   architectures: arm64[0m
2022-12-27T02:23:44.9829860Z   build_selector: 
2022-12-27T02:23:44.9831090Z     build_config: cp38-macosx_arm64
2022-12-27T02:23:44.9831490Z     skip_config: 
2022-12-27T02:23:44.9831860Z     requires_python: None
2022-12-27T02:23:44.9832240Z     prerelease_pythons: False[0m
2022-12-27T02:23:44.9832560Z   [38;5;244mcontainer_engine: docker[0m
2022-12-27T02:23:44.9833050Z   output_dir: /Users/runner/actions-runner/_work/python.build/python.build/build_grpcio050a038/wheelsout[0m
2022-12-27T02:23:44.9833620Z   package_dir: /Users/runner/actions-runner/_work/python.build/python.build/build_grpcio050a038/grpcio-0.5.0a0[0m
2022-12-27T02:23:44.9833900Z   test_selector: 
2022-12-27T02:23:44.9834140Z     skip_config: *_arm64[0m
2022-12-27T02:23:44.9834390Z   [38;5;244mbefore_all: [0m
2022-12-27T02:23:44.9834770Z   before_build: pip install Cython; if [[ -f requirements.txt ]]; then pip install -r requirements.txt; fi[0m
2022-12-27T02:23:44.9835120Z   [38;5;244mbefore_test: [0m
2022-12-27T02:23:44.9835380Z   [38;5;244mbuild_frontend: pip[0m
2022-12-27T02:23:44.9835630Z   build_verbosity: 3[0m
2022-12-27T02:23:44.9835920Z   [38;5;244mconfig_settings: [0m
2022-12-27T02:23:44.9836210Z   [38;5;244mdependency_constraints: pinned[0m
2022-12-27T02:23:44.9836480Z   environment: 
2022-12-27T02:23:44.9836690Z     GRPC_PYTHON_BUILD_WITH_CYTHON=1
2022-12-27T02:23:44.9836920Z     GRPC_BUILD_WITH_BORING_SSL_ASM=''
2022-12-27T02:23:44.9837160Z     GRPC_PYTHON_BUILD_SYSTEM_OPENSSL=TRUE
2022-12-27T02:23:44.9837860Z     CFLAGS="-I/usr/local/opt/openssl@3/include"
2022-12-27T02:23:44.9838120Z     LDFLAGS="-L/usr/local/opt/openssl@3/lib"
2022-12-27T02:23:44.9838420Z     CPPFLAGS="-I/usr/local/opt/openssl@3/include"
2022-12-27T02:23:44.9838720Z     MAKEFLAGS="-j$(sysctl -n hw.logicalcpu)"
2022-12-27T02:23:44.9838990Z     PATH=/usr/local/opt/ccache/libexec:$PATH[0m
2022-12-27T02:23:44.9839320Z   [38;5;244mmanylinux_images: None[0m
2022-12-27T02:23:44.9839590Z   [38;5;244mmusllinux_images: None[0m
2022-12-27T02:23:44.9839930Z   [38;5;244mrepair_command: delocate-wheel --require-archs {delocate_archs} -w {dest_dir} -v {wheel}[0m
2022-12-27T02:23:44.9840240Z   [38;5;244mtest_command: [0m
2022-12-27T02:23:44.9840520Z   [38;5;244mtest_extras: [0m
2022-12-27T02:23:44.9840820Z   [38;5;244mtest_requires: [0m
2022-12-27T02:23:44.9840910Z 
2022-12-27T02:23:44.9841050Z Cache folder: /Users/runner/Library/Caches/cibuildwheel
2022-12-27T02:23:44.9852680Z 
2022-12-27T02:23:44.9852890Z Here we go!
2022-12-27T02:23:44.9853000Z 
2022-12-27T02:23:44.9984750Z 
2022-12-27T02:23:44.9985530Z [1m[34mBuilding cp38-macosx_arm64 wheel[0m
2022-12-27T02:23:44.9986210Z CPython 3.8 macOS arm64 - Apple Silicon
2022-12-27T02:23:44.9986400Z 
2022-12-27T02:23:44.9989260Z ##[group]Installing Python cp38...
2022-12-27T02:23:44.9989470Z 
2022-12-27T02:23:44.9989710Z + pkgutil --pkgs
2022-12-27T02:23:45.0095000Z ##[endgroup]
2022-12-27T02:23:45.0096090Z                                                               [32mâœ“ [0m0.01s
2022-12-27T02:23:45.0096620Z ##[group]Setting up build environment...
2022-12-27T02:23:45.0096800Z 
2022-12-27T02:23:45.0115460Z + /Users/runner/hostedtoolcache/Python/3.8.15/x64/bin/python -sS /Users/runner/Library/Caches/cibuildwheel/virtualenv-20.17.0.pyz --activators= --no-periodic-update --pip=22.3.1 --setuptools=65.6.3 --wheel=0.38.4 --symlink-app-data --python /Library/Frameworks/Python.framework/Versions/3.8/bin/python3 /private/var/folders/51/hd414ycd67n82196sw51xqtc0000gn/T/cibw-run-9erhvc4w/cp38-macosx_arm64/build/venv
2022-12-27T02:23:45.2036500Z created virtual environment CPython3.8.10.final.0-64 in 53ms
2022-12-27T02:23:45.2037410Z   creator CPython3Posix(dest=/private/var/folders/51/hd414ycd67n82196sw51xqtc0000gn/T/cibw-run-9erhvc4w/cp38-macosx_arm64/build/venv, clear=False, no_vcs_ignore=False, global=False)
2022-12-27T02:23:45.2037880Z   seeder FromAppData(download=False, pip=22.3.1, setuptools=65.6.3, wheel=0.38.4, via=symlink, app_data_dir=/Users/runner/Library/Application Support/virtualenv)
2022-12-27T02:23:45.2038220Z     added seed packages: pip==22.3.1, setuptools==65.6.3, wheel==0.38.4
2022-12-27T02:23:45.2154100Z + python -m pip install --upgrade pip -c /Users/runner/hostedtoolcache/Python/3.8.15/x64/lib/python3.8/site-packages/cibuildwheel/resources/constraints-python38.txt
2022-12-27T02:23:45.5151060Z Requirement already satisfied: pip in ./lib/python3.8/site-packages (22.3.1)
2022-12-27T02:23:45.6548340Z + which pip
2022-12-27T02:23:45.6570550Z /private/var/folders/51/hd414ycd67n82196sw51xqtc0000gn/T/cibw-run-9erhvc4w/cp38-macosx_arm64/build/venv/bin/pip
2022-12-27T02:23:45.6572960Z + pip --version
2022-12-27T02:23:45.8781910Z pip 22.3.1 from /private/var/folders/51/hd414ycd67n82196sw51xqtc0000gn/T/cibw-run-9erhvc4w/cp38-macosx_arm64/build/venv/lib/python3.8/site-packages/pip (python 3.8)
2022-12-27T02:23:45.9016370Z + which pip
2022-12-27T02:23:45.9043270Z + which python
2022-12-27T02:23:45.9064780Z /private/var/folders/51/hd414ycd67n82196sw51xqtc0000gn/T/cibw-run-9erhvc4w/cp38-macosx_arm64/build/venv/bin/python
2022-12-27T02:23:45.9067420Z + python --version
2022-12-27T02:23:45.9118210Z Python 3.8.10
2022-12-27T02:23:45.9120760Z + which python
2022-12-27T02:23:45.9170700Z ##[endgroup]
2022-12-27T02:23:45.9171190Z                                                               [32mâœ“ [0m0.91s
2022-12-27T02:23:45.9171870Z ##[group]Installing build tools...
2022-12-27T02:23:45.9171990Z 
2022-12-27T02:23:45.9172430Z + pip install --upgrade setuptools wheel delocate -c /Users/runner/hostedtoolcache/Python/3.8.15/x64/lib/python3.8/site-packages/cibuildwheel/resources/constraints-python38.txt
2022-12-27T02:23:46.2087250Z Requirement already satisfied: setuptools in /private/var/folders/51/hd414ycd67n82196sw51xqtc0000gn/T/cibw-run-9erhvc4w/cp38-macosx_arm64/build/venv/lib/python3.8/site-packages (65.6.3)
2022-12-27T02:23:46.4264820Z Requirement already satisfied: wheel in /private/var/folders/51/hd414ycd67n82196sw51xqtc0000gn/T/cibw-run-9erhvc4w/cp38-macosx_arm64/build/venv/lib/python3.8/site-packages (0.38.4)
2022-12-27T02:23:46.4820700Z Collecting delocate
2022-12-27T02:23:46.4849010Z   Using cached delocate-0.10.3-py3-none-any.whl (142 kB)
2022-12-27T02:23:46.5168440Z Collecting packaging>=20.9
2022-12-27T02:23:46.5191710Z   Using cached packaging-21.3-py3-none-any.whl (40 kB)
2022-12-27T02:23:46.5374780Z Collecting typing-extensions
2022-12-27T02:23:46.5396290Z   Using cached typing_extensions-4.4.0-py3-none-any.whl (26 kB)
2022-12-27T02:23:46.5790010Z Collecting pyparsing!=3.0.5,>=2.0.2
2022-12-27T02:23:46.5812350Z   Using cached pyparsing-3.0.9-py3-none-any.whl (98 kB)
2022-12-27T02:23:46.6186560Z Installing collected packages: typing-extensions, pyparsing, packaging, delocate
2022-12-27T02:23:46.7476770Z Successfully installed delocate-0.10.3 packaging-21.3 pyparsing-3.0.9 typing-extensions-4.4.0
2022-12-27T02:23:46.7925690Z ##[endgroup]
2022-12-27T02:23:46.7926380Z                                                               [32mâœ“ [0m0.88s
2022-12-27T02:23:46.7926770Z ##[group]Running before_build...
2022-12-27T02:23:46.7926990Z 
2022-12-27T02:23:46.7933990Z + pip install Cython; if [[ -f requirements.txt ]]; then pip install -r requirements.txt; fi
2022-12-27T02:23:47.4653680Z Collecting Cython
2022-12-27T02:23:47.4701960Z   Using cached Cython-0.29.32-py2.py3-none-any.whl (986 kB)
2022-12-27T02:23:47.5182690Z Installing collected packages: Cython
2022-12-27T02:23:47.9421720Z Successfully installed Cython-0.29.32
2022-12-27T02:23:47.9848260Z ##[endgroup]
2022-12-27T02:23:47.9849060Z                                                               [32mâœ“ [0m1.19s
2022-12-27T02:23:47.9849810Z ##[group]Building wheel...
2022-12-27T02:23:47.9850330Z 
2022-12-27T02:23:47.9855040Z + python -m pip wheel /Users/runner/actions-runner/_work/python.build/python.build/build_grpcio050a038/grpcio-0.5.0a0 --wheel-dir=/private/var/folders/51/hd414ycd67n82196sw51xqtc0000gn/T/cibw-run-9erhvc4w/cp38-macosx_arm64/built_wheel --no-deps -vvv
2022-12-27T02:23:48.2848220Z Created temporary directory: /private/var/folders/51/hd414ycd67n82196sw51xqtc0000gn/T/pip-ephem-wheel-cache-h2m_pz5l
2022-12-27T02:23:48.2851930Z Created temporary directory: /private/var/folders/51/hd414ycd67n82196sw51xqtc0000gn/T/pip-build-tracker-j8z7z_xh
2022-12-27T02:23:48.2854160Z Initialized build tracking at /private/var/folders/51/hd414ycd67n82196sw51xqtc0000gn/T/pip-build-tracker-j8z7z_xh
2022-12-27T02:23:48.2855100Z Created build tracker: /private/var/folders/51/hd414ycd67n82196sw51xqtc0000gn/T/pip-build-tracker-j8z7z_xh
2022-12-27T02:23:48.2856870Z Entered build tracker: /private/var/folders/51/hd414ycd67n82196sw51xqtc0000gn/T/pip-build-tracker-j8z7z_xh
2022-12-27T02:23:48.2859820Z Created temporary directory: /private/var/folders/51/hd414ycd67n82196sw51xqtc0000gn/T/pip-wheel-m7xflqzb
2022-12-27T02:23:48.2866110Z Created temporary directory: /private/var/folders/51/hd414ycd67n82196sw51xqtc0000gn/T/pip-ephem-wheel-cache-ox6335tq
2022-12-27T02:23:48.2948270Z Processing /Users/runner/actions-runner/_work/python.build/python.build/build_grpcio050a038/grpcio-0.5.0a0
2022-12-27T02:23:48.2954430Z   Added file:///Users/runner/actions-runner/_work/python.build/python.build/build_grpcio050a038/grpcio-0.5.0a0 to build tracker '/private/var/folders/51/hd414ycd67n82196sw51xqtc0000gn/T/pip-build-tracker-j8z7z_xh'
2022-12-27T02:23:48.2958060Z   Running setup.py (path:/Users/runner/actions-runner/_work/python.build/python.build/build_grpcio050a038/grpcio-0.5.0a0/setup.py) egg_info for package from file:///Users/runner/actions-runner/_work/python.build/python.build/build_grpcio050a038/grpcio-0.5.0a0
2022-12-27T02:23:48.2961230Z   Created temporary directory: /private/var/folders/51/hd414ycd67n82196sw51xqtc0000gn/T/pip-pip-egg-info-4gx27_b7
2022-12-27T02:23:48.2963160Z   Preparing metadata (setup.py): started
2022-12-27T02:23:48.2964750Z   Running command python setup.py egg_info
2022-12-27T02:23:48.4778150Z   running egg_info
2022-12-27T02:23:48.4780140Z   creating /private/var/folders/51/hd414ycd67n82196sw51xqtc0000gn/T/pip-pip-egg-info-4gx27_b7/grpcio.egg-info
2022-12-27T02:23:48.4786380Z   writing /private/var/folders/51/hd414ycd67n82196sw51xqtc0000gn/T/pip-pip-egg-info-4gx27_b7/grpcio.egg-info/PKG-INFO
2022-12-27T02:23:48.4791210Z   writing dependency_links to /private/var/folders/51/hd414ycd67n82196sw51xqtc0000gn/T/pip-pip-egg-info-4gx27_b7/grpcio.egg-info/dependency_links.txt
2022-12-27T02:23:48.4793550Z   writing requirements to /private/var/folders/51/hd414ycd67n82196sw51xqtc0000gn/T/pip-pip-egg-info-4gx27_b7/grpcio.egg-info/requires.txt
2022-12-27T02:23:48.4794950Z   writing top-level names to /private/var/folders/51/hd414ycd67n82196sw51xqtc0000gn/T/pip-pip-egg-info-4gx27_b7/grpcio.egg-info/top_level.txt
2022-12-27T02:23:48.4798570Z   writing manifest file '/private/var/folders/51/hd414ycd67n82196sw51xqtc0000gn/T/pip-pip-egg-info-4gx27_b7/grpcio.egg-info/SOURCES.txt'
2022-12-27T02:23:48.5748980Z   reading manifest file '/private/var/folders/51/hd414ycd67n82196sw51xqtc0000gn/T/pip-pip-egg-info-4gx27_b7/grpcio.egg-info/SOURCES.txt'
2022-12-27T02:23:48.5750500Z   reading manifest template 'MANIFEST.in'
2022-12-27T02:23:48.5785860Z   writing manifest file '/private/var/folders/51/hd414ycd67n82196sw51xqtc0000gn/T/pip-pip-egg-info-4gx27_b7/grpcio.egg-info/SOURCES.txt'
2022-12-27T02:23:48.6053180Z   Preparing metadata (setup.py): finished with status 'done'
2022-12-27T02:23:48.6076710Z   Source in /Users/runner/actions-runner/_work/python.build/python.build/build_grpcio050a038/grpcio-0.5.0a0 has version 0.5.0a0, which satisfies requirement grpcio==0.5.0a0 from file:///Users/runner/actions-runner/_work/python.build/python.build/build_grpcio050a038/grpcio-0.5.0a0
2022-12-27T02:23:48.6080880Z   Removed grpcio==0.5.0a0 from file:///Users/runner/actions-runner/_work/python.build/python.build/build_grpcio050a038/grpcio-0.5.0a0 from build tracker '/private/var/folders/51/hd414ycd67n82196sw51xqtc0000gn/T/pip-build-tracker-j8z7z_xh'
2022-12-27T02:23:48.6205670Z Created temporary directory: /private/var/folders/51/hd414ycd67n82196sw51xqtc0000gn/T/pip-unpack-hfhts34v
2022-12-27T02:23:48.6207030Z Building wheels for collected packages: grpcio
2022-12-27T02:23:48.6212600Z   Created temporary directory: /private/var/folders/51/hd414ycd67n82196sw51xqtc0000gn/T/pip-wheel-77bapvc6
2022-12-27T02:23:48.6214070Z   Building wheel for grpcio (setup.py): started
2022-12-27T02:23:48.6215980Z   Destination directory: /private/var/folders/51/hd414ycd67n82196sw51xqtc0000gn/T/pip-wheel-77bapvc6
2022-12-27T02:23:48.6217090Z   Running command python setup.py bdist_wheel
2022-12-27T02:23:48.8094790Z   running bdist_wheel
2022-12-27T02:23:48.8968590Z   running build
2022-12-27T02:23:48.8970120Z   running build_py
2022-12-27T02:23:48.8987410Z   creating build
2022-12-27T02:23:48.8989840Z   creating build/lib.macosx-11.0-arm64-cpython-38
2022-12-27T02:23:48.8991800Z   creating build/lib.macosx-11.0-arm64-cpython-38/grpc
2022-12-27T02:23:48.8993540Z   copying grpc/__init__.py -> build/lib.macosx-11.0-arm64-cpython-38/grpc
2022-12-27T02:23:48.8999480Z   creating build/lib.macosx-11.0-arm64-cpython-38/grpc/_adapter
2022-12-27T02:23:48.9001310Z   copying grpc/_adapter/fore.py -> build/lib.macosx-11.0-arm64-cpython-38/grpc/_adapter
2022-12-27T02:23:48.9002950Z   copying grpc/_adapter/_event_invocation_synchronous_event_service_test.py -> build/lib.macosx-11.0-arm64-cpython-38/grpc/_adapter
2022-12-27T02:23:48.9006700Z   copying grpc/_adapter/_lonely_rear_link_test.py -> build/lib.macosx-11.0-arm64-cpython-38/grpc/_adapter
2022-12-27T02:23:48.9009170Z   copying grpc/_adapter/_face_test_case.py -> build/lib.macosx-11.0-arm64-cpython-38/grpc/_adapter
2022-12-27T02:23:48.9011300Z   copying grpc/_adapter/_future_invocation_asynchronous_event_service_test.py -> build/lib.macosx-11.0-arm64-cpython-38/grpc/_adapter
2022-12-27T02:23:48.9013960Z   copying grpc/_adapter/_common.py -> build/lib.macosx-11.0-arm64-cpython-38/grpc/_adapter
2022-12-27T02:23:48.9018290Z   copying grpc/_adapter/__init__.py -> build/lib.macosx-11.0-arm64-cpython-38/grpc/_adapter
2022-12-27T02:23:48.9020030Z   copying grpc/_adapter/_low.py -> build/lib.macosx-11.0-arm64-cpython-38/grpc/_adapter
2022-12-27T02:23:48.9022560Z   copying grpc/_adapter/_blocking_invocation_inline_service_test.py -> build/lib.macosx-11.0-arm64-cpython-38/grpc/_adapter
2022-12-27T02:23:48.9024400Z   copying grpc/_adapter/_test_links.py -> build/lib.macosx-11.0-arm64-cpython-38/grpc/_adapter
2022-12-27T02:23:48.9026470Z   copying grpc/_adapter/rear.py -> build/lib.macosx-11.0-arm64-cpython-38/grpc/_adapter
2022-12-27T02:23:48.9029780Z   copying grpc/_adapter/_proto_scenarios.py -> build/lib.macosx-11.0-arm64-cpython-38/grpc/_adapter
2022-12-27T02:23:48.9032220Z   copying grpc/_adapter/_low_test.py -> build/lib.macosx-11.0-arm64-cpython-38/grpc/_adapter
2022-12-27T02:23:48.9034380Z   copying grpc/_adapter/_datatypes.py -> build/lib.macosx-11.0-arm64-cpython-38/grpc/_adapter
2022-12-27T02:23:48.9035770Z   copying grpc/_adapter/_links_test.py -> build/lib.macosx-11.0-arm64-cpython-38/grpc/_adapter
2022-12-27T02:23:48.9039330Z   copying grpc/_adapter/_c_test.py -> build/lib.macosx-11.0-arm64-cpython-38/grpc/_adapter
2022-12-27T02:23:48.9043570Z   creating build/lib.macosx-11.0-arm64-cpython-38/grpc/_junkdrawer
2022-12-27T02:23:48.9045340Z   copying grpc/_junkdrawer/stock_pb2.py -> build/lib.macosx-11.0-arm64-cpython-38/grpc/_junkdrawer
2022-12-27T02:23:48.9048220Z   copying grpc/_junkdrawer/__init__.py -> build/lib.macosx-11.0-arm64-cpython-38/grpc/_junkdrawer
2022-12-27T02:23:48.9050630Z   copying grpc/_junkdrawer/math_pb2.py -> build/lib.macosx-11.0-arm64-cpython-38/grpc/_junkdrawer
2022-12-27T02:23:48.9054820Z   creating build/lib.macosx-11.0-arm64-cpython-38/grpc/early_adopter
2022-12-27T02:23:48.9056810Z   copying grpc/early_adopter/__init__.py -> build/lib.macosx-11.0-arm64-cpython-38/grpc/early_adopter
2022-12-27T02:23:48.9059270Z   copying grpc/early_adopter/implementations_test.py -> build/lib.macosx-11.0-arm64-cpython-38/grpc/early_adopter
2022-12-27T02:23:48.9061060Z   copying grpc/early_adopter/implementations.py -> build/lib.macosx-11.0-arm64-cpython-38/grpc/early_adopter
2022-12-27T02:23:48.9065400Z   creating build/lib.macosx-11.0-arm64-cpython-38/grpc/framework
2022-12-27T02:23:48.9067130Z   copying grpc/framework/__init__.py -> build/lib.macosx-11.0-arm64-cpython-38/grpc/framework
2022-12-27T02:23:48.9072220Z   creating build/lib.macosx-11.0-arm64-cpython-38/grpc/framework/alpha
2022-12-27T02:23:48.9073920Z   copying grpc/framework/alpha/interfaces.py -> build/lib.macosx-11.0-arm64-cpython-38/grpc/framework/alpha
2022-12-27T02:23:48.9076720Z   copying grpc/framework/alpha/_face_utilities.py -> build/lib.macosx-11.0-arm64-cpython-38/grpc/framework/alpha
2022-12-27T02:23:48.9079460Z   copying grpc/framework/alpha/__init__.py -> build/lib.macosx-11.0-arm64-cpython-38/grpc/framework/alpha
2022-12-27T02:23:48.9081850Z   copying grpc/framework/alpha/exceptions.py -> build/lib.macosx-11.0-arm64-cpython-38/grpc/framework/alpha
2022-12-27T02:23:48.9084640Z   copying grpc/framework/alpha/_reexport.py -> build/lib.macosx-11.0-arm64-cpython-38/grpc/framework/alpha
2022-12-27T02:23:48.9086830Z   copying grpc/framework/alpha/utilities.py -> build/lib.macosx-11.0-arm64-cpython-38/grpc/framework/alpha
2022-12-27T02:23:48.9096470Z   creating build/lib.macosx-11.0-arm64-cpython-38/grpc/framework/base
2022-12-27T02:23:48.9098010Z   copying grpc/framework/base/interfaces.py -> build/lib.macosx-11.0-arm64-cpython-38/grpc/framework/base
2022-12-27T02:23:48.9099850Z   copying grpc/framework/base/_constants.py -> build/lib.macosx-11.0-arm64-cpython-38/grpc/framework/base
2022-12-27T02:23:48.9103670Z   copying grpc/framework/base/_expiration.py -> build/lib.macosx-11.0-arm64-cpython-38/grpc/framework/base
2022-12-27T02:23:48.9105820Z   copying grpc/framework/base/_transmission.py -> build/lib.macosx-11.0-arm64-cpython-38/grpc/framework/base
2022-12-27T02:23:48.9108640Z   copying grpc/framework/base/_reception.py -> build/lib.macosx-11.0-arm64-cpython-38/grpc/framework/base
2022-12-27T02:23:48.9111680Z   copying grpc/framework/base/_ingestion.py -> build/lib.macosx-11.0-arm64-cpython-38/grpc/framework/base
2022-12-27T02:23:48.9114550Z   copying grpc/framework/base/util.py -> build/lib.macosx-11.0-arm64-cpython-38/grpc/framework/base
2022-12-27T02:23:48.9116360Z   copying grpc/framework/base/_termination.py -> build/lib.macosx-11.0-arm64-cpython-38/grpc/framework/base
2022-12-27T02:23:48.9119780Z   copying grpc/framework/base/null.py -> build/lib.macosx-11.0-arm64-cpython-38/grpc/framework/base
2022-12-27T02:23:48.9122240Z   copying grpc/framework/base/__init__.py -> build/lib.macosx-11.0-arm64-cpython-38/grpc/framework/base
2022-12-27T02:23:48.9124850Z   copying grpc/framework/base/_interfaces.py -> build/lib.macosx-11.0-arm64-cpython-38/grpc/framework/base
2022-12-27T02:23:48.9127240Z   copying grpc/framework/base/_context.py -> build/lib.macosx-11.0-arm64-cpython-38/grpc/framework/base
2022-12-27T02:23:48.9130380Z   copying grpc/framework/base/implementations_test.py -> build/lib.macosx-11.0-arm64-cpython-38/grpc/framework/base
2022-12-27T02:23:48.9133090Z   copying grpc/framework/base/interfaces_test_case.py -> build/lib.macosx-11.0-arm64-cpython-38/grpc/framework/base
2022-12-27T02:23:48.9136420Z   copying grpc/framework/base/exceptions.py -> build/lib.macosx-11.0-arm64-cpython-38/grpc/framework/base
2022-12-27T02:23:48.9138280Z   copying grpc/framework/base/_ends.py -> build/lib.macosx-11.0-arm64-cpython-38/grpc/framework/base
2022-12-27T02:23:48.9141290Z   copying grpc/framework/base/_emission.py -> build/lib.macosx-11.0-arm64-cpython-38/grpc/framework/base
2022-12-27T02:23:48.9145300Z   copying grpc/framework/base/implementations.py -> build/lib.macosx-11.0-arm64-cpython-38/grpc/framework/base
2022-12-27T02:23:48.9148560Z   copying grpc/framework/base/in_memory.py -> build/lib.macosx-11.0-arm64-cpython-38/grpc/framework/base
2022-12-27T02:23:48.9150330Z   copying grpc/framework/base/_cancellation.py -> build/lib.macosx-11.0-arm64-cpython-38/grpc/framework/base
2022-12-27T02:23:48.9154340Z   creating build/lib.macosx-11.0-arm64-cpython-38/grpc/framework/common
2022-12-27T02:23:48.9155980Z   copying grpc/framework/common/style.py -> build/lib.macosx-11.0-arm64-cpython-38/grpc/framework/common
2022-12-27T02:23:48.9157680Z   copying grpc/framework/common/cardinality.py -> build/lib.macosx-11.0-arm64-cpython-38/grpc/framework/common
2022-12-27T02:23:48.9161350Z   copying grpc/framework/common/__init__.py -> build/lib.macosx-11.0-arm64-cpython-38/grpc/framework/common
2022-12-27T02:23:48.9167790Z   creating build/lib.macosx-11.0-arm64-cpython-38/grpc/framework/face
2022-12-27T02:23:48.9169760Z   copying grpc/framework/face/_service.py -> build/lib.macosx-11.0-arm64-cpython-38/grpc/framework/face
2022-12-27T02:23:48.9171960Z   copying grpc/framework/face/interfaces.py -> build/lib.macosx-11.0-arm64-cpython-38/grpc/framework/face
2022-12-27T02:23:48.9175430Z   copying grpc/framework/face/_control.py -> build/lib.macosx-11.0-arm64-cpython-38/grpc/framework/face
2022-12-27T02:23:48.9178410Z   copying grpc/framework/face/blocking_invocation_inline_service_test.py -> build/lib.macosx-11.0-arm64-cpython-38/grpc/framework/face
2022-12-27T02:23:48.9180570Z   copying grpc/framework/face/__init__.py -> build/lib.macosx-11.0-arm64-cpython-38/grpc/framework/face
2022-12-27T02:23:48.9182710Z   copying grpc/framework/face/demonstration.py -> build/lib.macosx-11.0-arm64-cpython-38/grpc/framework/face
2022-12-27T02:23:48.9185300Z   copying grpc/framework/face/_calls.py -> build/lib.macosx-11.0-arm64-cpython-38/grpc/framework/face
2022-12-27T02:23:48.9188690Z   copying grpc/framework/face/exceptions.py -> build/lib.macosx-11.0-arm64-cpython-38/grpc/framework/face
2022-12-27T02:23:48.9191250Z   copying grpc/framework/face/utilities.py -> build/lib.macosx-11.0-arm64-cpython-38/grpc/framework/face
2022-12-27T02:23:48.9193480Z   copying grpc/framework/face/event_invocation_synchronous_event_service_test.py -> build/lib.macosx-11.0-arm64-cpython-38/grpc/framework/face
2022-12-27T02:23:48.9196290Z   copying grpc/framework/face/_test_case.py -> build/lib.macosx-11.0-arm64-cpython-38/grpc/framework/face
2022-12-27T02:23:48.9199620Z   copying grpc/framework/face/implementations.py -> build/lib.macosx-11.0-arm64-cpython-38/grpc/framework/face
2022-12-27T02:23:48.9202430Z   copying grpc/framework/face/future_invocation_asynchronous_event_service_test.py -> build/lib.macosx-11.0-arm64-cpython-38/grpc/framework/face
2022-12-27T02:23:48.9210020Z   creating build/lib.macosx-11.0-arm64-cpython-38/grpc/framework/face/testing
2022-12-27T02:23:48.9211990Z   copying grpc/framework/face/testing/callback.py -> build/lib.macosx-11.0-arm64-cpython-38/grpc/framework/face/testing
2022-12-27T02:23:48.9214300Z   copying grpc/framework/face/testing/digest.py -> build/lib.macosx-11.0-arm64-cpython-38/grpc/framework/face/testing
2022-12-27T02:23:48.9217600Z   copying grpc/framework/face/testing/interfaces.py -> build/lib.macosx-11.0-arm64-cpython-38/grpc/framework/face/testing
2022-12-27T02:23:48.9219810Z   copying grpc/framework/face/testing/stock_service.py -> build/lib.macosx-11.0-arm64-cpython-38/grpc/framework/face/testing
2022-12-27T02:23:48.9222230Z   copying grpc/framework/face/testing/service.py -> build/lib.macosx-11.0-arm64-cpython-38/grpc/framework/face/testing
2022-12-27T02:23:48.9225320Z   copying grpc/framework/face/testing/blocking_invocation_inline_service_test_case.py -> build/lib.macosx-11.0-arm64-cpython-38/grpc/framework/face/testing
2022-12-27T02:23:48.9228470Z   copying grpc/framework/face/testing/base_util.py -> build/lib.macosx-11.0-arm64-cpython-38/grpc/framework/face/testing
2022-12-27T02:23:48.9230760Z   copying grpc/framework/face/testing/control.py -> build/lib.macosx-11.0-arm64-cpython-38/grpc/framework/face/testing
2022-12-27T02:23:48.9233730Z   copying grpc/framework/face/testing/__init__.py -> build/lib.macosx-11.0-arm64-cpython-38/grpc/framework/face/testing
2022-12-27T02:23:48.9236410Z   copying grpc/framework/face/testing/coverage.py -> build/lib.macosx-11.0-arm64-cpython-38/grpc/framework/face/testing
2022-12-27T02:23:48.9238590Z   copying grpc/framework/face/testing/event_invocation_synchronous_event_service_test_case.py -> build/lib.macosx-11.0-arm64-cpython-38/grpc/framework/face/testing
2022-12-27T02:23:48.9312550Z   copying grpc/framework/face/testing/test_case.py -> build/lib.macosx-11.0-arm64-cpython-38/grpc/framework/face/testing
2022-12-27T02:23:48.9313170Z   copying grpc/framework/face/testing/serial.py -> build/lib.macosx-11.0-arm64-cpython-38/grpc/framework/face/testing
2022-12-27T02:23:48.9313970Z   copying grpc/framework/face/testing/future_invocation_asynchronous_event_service_test_case.py -> build/lib.macosx-11.0-arm64-cpython-38/grpc/framework/face/testing
2022-12-27T02:23:48.9314560Z   creating build/lib.macosx-11.0-arm64-cpython-38/grpc/framework/foundation
2022-12-27T02:23:48.9315150Z   copying grpc/framework/foundation/callable_util.py -> build/lib.macosx-11.0-arm64-cpython-38/grpc/framework/foundation
2022-12-27T02:23:48.9315610Z   copying grpc/framework/foundation/abandonment.py -> build/lib.macosx-11.0-arm64-cpython-38/grpc/framework/foundation
2022-12-27T02:23:48.9316020Z   copying grpc/framework/foundation/stream_testing.py -> build/lib.macosx-11.0-arm64-cpython-38/grpc/framework/foundation
2022-12-27T02:23:48.9316380Z   copying grpc/framework/foundation/__init__.py -> build/lib.macosx-11.0-arm64-cpython-38/grpc/framework/foundation
2022-12-27T02:23:48.9316760Z   copying grpc/framework/foundation/stream.py -> build/lib.macosx-11.0-arm64-cpython-38/grpc/framework/foundation
2022-12-27T02:23:48.9317150Z   copying grpc/framework/foundation/activated.py -> build/lib.macosx-11.0-arm64-cpython-38/grpc/framework/foundation
2022-12-27T02:23:48.9317810Z   copying grpc/framework/foundation/later.py -> build/lib.macosx-11.0-arm64-cpython-38/grpc/framework/foundation
2022-12-27T02:23:48.9318170Z   copying grpc/framework/foundation/_later_test.py -> build/lib.macosx-11.0-arm64-cpython-38/grpc/framework/foundation
2022-12-27T02:23:48.9318540Z   copying grpc/framework/foundation/_logging_pool_test.py -> build/lib.macosx-11.0-arm64-cpython-38/grpc/framework/foundation
2022-12-27T02:23:48.9318910Z   copying grpc/framework/foundation/stream_util.py -> build/lib.macosx-11.0-arm64-cpython-38/grpc/framework/foundation
2022-12-27T02:23:48.9319290Z   copying grpc/framework/foundation/future.py -> build/lib.macosx-11.0-arm64-cpython-38/grpc/framework/foundation
2022-12-27T02:23:48.9319650Z   copying grpc/framework/foundation/_timer_future.py -> build/lib.macosx-11.0-arm64-cpython-38/grpc/framework/foundation
2022-12-27T02:23:48.9320060Z   copying grpc/framework/foundation/logging_pool.py -> build/lib.macosx-11.0-arm64-cpython-38/grpc/framework/foundation
2022-12-27T02:23:48.9333200Z   running build_ext
2022-12-27T02:23:48.9643400Z   building 'grpc._adapter._c' extension
2022-12-27T02:23:48.9645080Z   creating build/temp.macosx-11.0-arm64-cpython-38
2022-12-27T02:23:48.9647060Z   creating build/temp.macosx-11.0-arm64-cpython-38/grpc
2022-12-27T02:23:48.9648770Z   creating build/temp.macosx-11.0-arm64-cpython-38/grpc/_adapter
2022-12-27T02:23:48.9651910Z   gcc -Wno-unused-result -Wsign-compare -Wunreachable-code -fno-common -dynamic -DNDEBUG -g -fwrapv -O3 -Wall -g -I/usr/local/opt/openssl@3/include -I/usr/local/opt/openssl@3/include -arch arm64 -I. -I/private/var/folders/51/hd414ycd67n82196sw51xqtc0000gn/T/cibw-run-9erhvc4w/cp38-macosx_arm64/build/venv/include -I/Library/Frameworks/Python.framework/Versions/3.8/include/python3.8 -c grpc/_adapter/_c.c -o build/temp.macosx-11.0-arm64-cpython-38/grpc/_adapter/_c.o
2022-12-27T02:23:49.0286150Z   grpc/_adapter/_c.c:35:10: fatal error: 'grpc/grpc.h' file not found
2022-12-27T02:23:49.0287590Z   #include <grpc/grpc.h>
2022-12-27T02:23:49.0289680Z            ^~~~~~~~~~~~~
2022-12-27T02:23:49.0294760Z   1 error generated.
2022-12-27T02:23:49.0315790Z   error: command '/usr/bin/gcc' failed with exit code 1
2022-12-27T02:23:49.0661340Z   error: subprocess-exited-with-error
2022-12-27T02:23:49.0661680Z   
2022-12-27T02:23:49.0662030Z   Ã— python setup.py bdist_wheel did not run successfully.
2022-12-27T02:23:49.0662380Z   â”‚ exit code: 1
2022-12-27T02:23:49.0662680Z   â•°â”€> See above for output.
2022-12-27T02:23:49.0662850Z   
2022-12-27T02:23:49.0663170Z   note: This error originates from a subprocess, and is likely not a problem with pip.
2022-12-27T02:23:49.0670000Z   full command: /private/var/folders/51/hd414ycd67n82196sw51xqtc0000gn/T/cibw-run-9erhvc4w/cp38-macosx_arm64/build/venv/bin/python -u -c '
2022-12-27T02:23:49.0671300Z   exec(compile('"'"''"'"''"'"'
2022-12-27T02:23:49.0672830Z   # This is <pip-setuptools-caller> -- a caller that pip uses to run setup.py
2022-12-27T02:23:49.0673450Z   #
2022-12-27T02:23:49.0674110Z   # - It imports setuptools before invoking setup.py, to enable projects that directly
2022-12-27T02:23:49.0674600Z   #   import from `distutils.core` to work with newer packaging standards.
2022-12-27T02:23:49.0675290Z   # - It provides a clear error message when setuptools is not installed.
2022-12-27T02:23:49.0676080Z   # - It sets `sys.argv[0]` to the underlying `setup.py`, when invoking `setup.py` so
2022-12-27T02:23:49.0676730Z   #   setuptools doesn'"'"'t think the script is `-c`. This avoids the following warning:
2022-12-27T02:23:49.0677340Z   #     manifest_maker: standard file '"'"'-c'"'"' not found".
2022-12-27T02:23:49.0677880Z   # - It generates a shim setup.py, for handling setup.cfg-only projects.
2022-12-27T02:23:49.0678370Z   import os, sys, tokenize
2022-12-27T02:23:49.0678680Z   
2022-12-27T02:23:49.0678920Z   try:
2022-12-27T02:23:49.0679240Z       import setuptools
2022-12-27T02:23:49.0679590Z   except ImportError as error:
2022-12-27T02:23:49.0680230Z       print(
2022-12-27T02:23:49.0680660Z           "ERROR: Can not execute `setup.py` since setuptools is not available in "
2022-12-27T02:23:49.0681080Z           "the build environment.",
2022-12-27T02:23:49.0681330Z           file=sys.stderr,
2022-12-27T02:23:49.0681610Z       )
2022-12-27T02:23:49.0681830Z       sys.exit(1)
2022-12-27T02:23:49.0682070Z   
2022-12-27T02:23:49.0682310Z   __file__ = %r
2022-12-27T02:23:49.0682580Z   sys.argv[0] = __file__
2022-12-27T02:23:49.0682840Z   
2022-12-27T02:23:49.0683050Z   if os.path.exists(__file__):
2022-12-27T02:23:49.0683250Z       filename = __file__
2022-12-27T02:23:49.0683400Z       with tokenize.open(__file__) as f:
2022-12-27T02:23:49.0683590Z           setup_py_code = f.read()
2022-12-27T02:23:49.0683770Z   else:
2022-12-27T02:23:49.0684000Z       filename = "<auto-generated setuptools caller>"
2022-12-27T02:23:49.0684310Z   Building wheel for grpcio (setup.py): finished with status 'error'
2022-12-27T02:23:49.0684580Z       setup_py_code = "from setuptools import setup; setup()"
2022-12-27T02:23:49.0684800Z   
2022-12-27T02:23:49.0684950Z   exec(compile(setup_py_code, filename, "exec"))
2022-12-27T02:23:49.0685450Z   '"'"''"'"''"'"' % ('"'"'/Users/runner/actions-runner/_work/python.build/python.build/build_grpcio050a038/grpcio-0.5.0a0/setup.py'"'"',), "<pip-setuptools-caller>", "exec"))' bdist_wheel -d /private/var/folders/51/hd414ycd67n82196sw51xqtc0000gn/T/pip-wheel-77bapvc6
2022-12-27T02:23:49.0685920Z   cwd: /Users/runner/actions-runner/_work/python.build/python.build/build_grpcio050a038/grpcio-0.5.0a0/
2022-12-27T02:23:49.0686170Z   ERROR: Failed building wheel for grpcio
2022-12-27T02:23:49.0686410Z   Running command python setup.py clean
2022-12-27T02:23:49.0686620Z   Running setup.py clean for grpcio
2022-12-27T02:23:49.2441380Z   running clean
2022-12-27T02:23:49.2458670Z   removing 'build/temp.macosx-11.0-arm64-cpython-38' (and everything under it)
2022-12-27T02:23:49.2462500Z   removing 'build/lib.macosx-11.0-arm64-cpython-38' (and everything under it)
2022-12-27T02:23:49.2547710Z   'build/bdist.macosx-11.0-arm64' does not exist -- can't clean it
2022-12-27T02:23:49.2550820Z   'build/scripts-3.8' does not exist -- can't clean it
2022-12-27T02:23:49.2552510Z   removing 'build'
2022-12-27T02:23:49.2782410Z Failed to build grpcio
2022-12-27T02:23:49.2787200Z ERROR: Failed to build one or more wheels
2022-12-27T02:23:49.2797680Z Exception information:
2022-12-27T02:23:49.2798040Z Traceback (most recent call last):
2022-12-27T02:23:49.2805710Z   File "/private/var/folders/51/hd414ycd67n82196sw51xqtc0000gn/T/cibw-run-9erhvc4w/cp38-macosx_arm64/build/venv/lib/python3.8/site-packages/pip/_internal/cli/base_command.py", line 160, in exc_logging_wrapper
2022-12-27T02:23:49.2806260Z     status = run_func(*args)
2022-12-27T02:23:49.2807030Z   File "/private/var/folders/51/hd414ycd67n82196sw51xqtc0000gn/T/cibw-run-9erhvc4w/cp38-macosx_arm64/build/venv/lib/python3.8/site-packages/pip/_internal/cli/req_command.py", line 247, in wrapper
2022-12-27T02:23:49.2807490Z     return func(self, options, args)
2022-12-27T02:23:49.2808190Z   File "/private/var/folders/51/hd414ycd67n82196sw51xqtc0000gn/T/cibw-run-9erhvc4w/cp38-macosx_arm64/build/venv/lib/python3.8/site-packages/pip/_internal/commands/wheel.py", line 201, in run
2022-12-27T02:23:49.2808700Z     raise CommandError("Failed to build one or more wheels")
2022-12-27T02:23:49.2809050Z pip._internal.exceptions.CommandError: Failed to build one or more wheels
2022-12-27T02:23:49.2809590Z Removed build tracker: '/private/var/folders/51/hd414ycd67n82196sw51xqtc0000gn/T/pip-build-tracker-j8z7z_xh'
2022-12-27T02:23:49.3191950Z ##[endgroup]
2022-12-27T02:23:49.3192550Z                                                               [31mâœ• [0m1.33s
2022-12-27T02:23:49.3561060Z ##[error]Command ['python', '-m', 'pip', 'wheel', '/Users/runner/actions-runner/_work/python.build/python.build/build_grpcio050a038/grpcio-0.5.0a0', '--wheel-dir=/private/var/folders/51/hd414ycd67n82196sw51xqtc0000gn/T/cibw-run-9erhvc4w/cp38-macosx_arm64/built_wheel', '--no-deps', '-vvv'] failed with code 1. None
2022-12-27T02:23:49.3567770Z 
2022-12-27T02:23:49.3685780Z ##[error]Process completed with exit code 1.
2022-12-27T02:23:49.3719250Z ##[group]Run rm -rf build_grpcio050a038 wheelsout
2022-12-27T02:23:49.3719460Z [36;1mrm -rf build_grpcio050a038 wheelsout[0m
2022-12-27T02:23:49.3734210Z shell: /bin/bash -e {0}
2022-12-27T02:23:49.3734320Z env:
2022-12-27T02:23:49.3734470Z   pythonLocation: /Users/runner/hostedtoolcache/Python/3.8.15/x64
2022-12-27T02:23:49.3734680Z   PKG_CONFIG_PATH: /Users/runner/hostedtoolcache/Python/3.8.15/x64/lib/pkgconfig
2022-12-27T02:23:49.3734860Z   Python_ROOT_DIR: /Users/runner/hostedtoolcache/Python/3.8.15/x64
2022-12-27T02:23:49.3735040Z   Python2_ROOT_DIR: /Users/runner/hostedtoolcache/Python/3.8.15/x64
2022-12-27T02:23:49.3735220Z   Python3_ROOT_DIR: /Users/runner/hostedtoolcache/Python/3.8.15/x64
2022-12-27T02:23:49.3735360Z ##[endgroup]
2022-12-27T02:23:49.4015950Z Cleaning up orphan processes
