2022-12-27T08:51:27.2945484Z Requested labels: self-hosted, macOS, X64
2022-12-27T08:51:27.2945562Z Job defined at: kilnbuild/python.build/.github/workflows/mac_arm_build.yml@refs/heads/main
2022-12-27T08:51:27.2945590Z Waiting for a runner to pick up this job...
2022-12-27T11:23:47.0515304Z Job is about to start running on the runner: k1 (organization)
2022-12-27T11:23:50.5543330Z Current runner version: '2.300.2'
2022-12-27T11:23:50.5548060Z Runner name: 'k1'
2022-12-27T11:23:50.5548300Z Runner group name: 'Default'
2022-12-27T11:23:50.5548710Z Machine name: 'k1'
2022-12-27T11:23:50.5550090Z ##[group]GITHUB_TOKEN Permissions
2022-12-27T11:23:50.5550510Z Actions: write
2022-12-27T11:23:50.5550660Z Checks: write
2022-12-27T11:23:50.5550780Z Contents: write
2022-12-27T11:23:50.5550900Z Deployments: write
2022-12-27T11:23:50.5551030Z Discussions: write
2022-12-27T11:23:50.5551150Z Issues: write
2022-12-27T11:23:50.5551270Z Metadata: read
2022-12-27T11:23:50.5551380Z Packages: write
2022-12-27T11:23:50.5551510Z Pages: write
2022-12-27T11:23:50.5551640Z PullRequests: write
2022-12-27T11:23:50.5551790Z RepositoryProjects: write
2022-12-27T11:23:50.5551940Z SecurityEvents: write
2022-12-27T11:23:50.5552070Z Statuses: write
2022-12-27T11:23:50.5552190Z ##[endgroup]
2022-12-27T11:23:50.5554530Z Secret source: Actions
2022-12-27T11:23:50.5554820Z Prepare workflow directory
2022-12-27T11:23:50.6170540Z Prepare all required actions
2022-12-27T11:23:50.6284000Z Getting action download info
2022-12-27T11:23:51.2715390Z Download action repository 'actions/setup-python@v4' (SHA:5ccb29d8773c3f3f653e1705f474dfaa8a06a912)
2022-12-27T11:23:53.6799680Z Download action repository 'actions/upload-artifact@v3' (SHA:83fd05a356d7e2593de66fc9913b3002723633cb)
2022-12-27T11:23:55.0736140Z ##[group]Run echo '{
2022-12-27T11:23:55.0736470Z [36;1mecho '{[0m
2022-12-27T11:23:55.0736600Z [36;1m  "package_name": "lxml",[0m
2022-12-27T11:23:55.0736860Z [36;1m  "package_url": "https://files.pythonhosted.org/packages/57/2b/8e38cda3b870a723b19f1268b35835ef66258c9478fccf0e927cc8b23462/lxml-2.0alpha4.tar.gz",[0m
2022-12-27T11:23:55.0737090Z [36;1m  "package_version": "2.0alpha4",[0m
2022-12-27T11:23:55.0737210Z [36;1m  "python_version": "3.10",[0m
2022-12-27T11:23:55.0737340Z [36;1m  "use_ccache": "true"[0m
2022-12-27T11:23:55.0737440Z [36;1m}'[0m
2022-12-27T11:23:55.0752940Z shell: /bin/bash -e {0}
2022-12-27T11:23:55.0753100Z ##[endgroup]
2022-12-27T11:23:55.0969960Z {
2022-12-27T11:23:55.0971450Z   "package_name": "lxml",
2022-12-27T11:23:55.0972230Z   "package_url": "https://files.pythonhosted.org/packages/57/2b/8e38cda3b870a723b19f1268b35835ef66258c9478fccf0e927cc8b23462/lxml-2.0alpha4.tar.gz",
2022-12-27T11:23:55.0972650Z   "package_version": "2.0alpha4",
2022-12-27T11:23:55.0972970Z   "python_version": "3.10",
2022-12-27T11:23:55.0973130Z   "use_ccache": "true"
2022-12-27T11:23:55.0973290Z }
2022-12-27T11:23:55.1205950Z ##[group]Run actions/setup-python@v4
2022-12-27T11:23:55.1206270Z with:
2022-12-27T11:23:55.1206460Z   python-version: 3.10
2022-12-27T11:23:55.1206620Z   check-latest: false
2022-12-27T11:23:55.1207090Z   token: ***
2022-12-27T11:23:55.1207310Z   update-environment: true
2022-12-27T11:23:55.1207560Z ##[endgroup]
2022-12-27T11:23:55.2422040Z ##[group]Installed versions
2022-12-27T11:23:55.2459770Z Successfully set up CPython (3.10.9)
2022-12-27T11:23:55.2460380Z ##[endgroup]
2022-12-27T11:23:55.2606030Z ##[group]Run if [ "true" == "true" ]
2022-12-27T11:23:55.2606290Z [36;1mif [ "true" == "true" ][0m
2022-12-27T11:23:55.2606490Z [36;1mthen[0m
2022-12-27T11:23:55.2606810Z [36;1m  echo "CCACHE_PATH_PREPEND=/usr/local/opt/ccache/libexec" >> $GITHUB_OUTPUT[0m
2022-12-27T11:23:55.2607030Z [36;1melse[0m
2022-12-27T11:23:55.2607190Z [36;1m  echo "CCACHE_PATH_PREPEND=" >> $GITHUB_OUTPUT[0m
2022-12-27T11:23:55.2607380Z [36;1mfi[0m
2022-12-27T11:23:55.2624340Z shell: /bin/bash -e {0}
2022-12-27T11:23:55.2624610Z env:
2022-12-27T11:23:55.2624850Z   pythonLocation: /Users/runner/hostedtoolcache/Python/3.10.9/x64
2022-12-27T11:23:55.2625120Z   PKG_CONFIG_PATH: /Users/runner/hostedtoolcache/Python/3.10.9/x64/lib/pkgconfig
2022-12-27T11:23:55.2625480Z   Python_ROOT_DIR: /Users/runner/hostedtoolcache/Python/3.10.9/x64
2022-12-27T11:23:55.2625700Z   Python2_ROOT_DIR: /Users/runner/hostedtoolcache/Python/3.10.9/x64
2022-12-27T11:23:55.2625990Z   Python3_ROOT_DIR: /Users/runner/hostedtoolcache/Python/3.10.9/x64
2022-12-27T11:23:55.2626420Z ##[endgroup]
2022-12-27T11:23:55.2732910Z ##[group]Run echo "BUILD_NAME=$(echo lxml_2.0alpha4_3.10 | tr -dc '[:alnum:]\n\r' | tr '[:upper:]' '[:lower:]')" >> $GITHUB_OUTPUT
2022-12-27T11:23:55.2733380Z [36;1mecho "BUILD_NAME=$(echo lxml_2.0alpha4_3.10 | tr -dc '[:alnum:]\n\r' | tr '[:upper:]' '[:lower:]')" >> $GITHUB_OUTPUT[0m
2022-12-27T11:23:55.2747290Z shell: /bin/bash -e {0}
2022-12-27T11:23:55.2747490Z env:
2022-12-27T11:23:55.2747790Z   pythonLocation: /Users/runner/hostedtoolcache/Python/3.10.9/x64
2022-12-27T11:23:55.2748030Z   PKG_CONFIG_PATH: /Users/runner/hostedtoolcache/Python/3.10.9/x64/lib/pkgconfig
2022-12-27T11:23:55.2748290Z   Python_ROOT_DIR: /Users/runner/hostedtoolcache/Python/3.10.9/x64
2022-12-27T11:23:55.2748580Z   Python2_ROOT_DIR: /Users/runner/hostedtoolcache/Python/3.10.9/x64
2022-12-27T11:23:55.2748830Z   Python3_ROOT_DIR: /Users/runner/hostedtoolcache/Python/3.10.9/x64
2022-12-27T11:23:55.2749060Z ##[endgroup]
2022-12-27T11:23:55.2894030Z ##[group]Run echo "PYTHON_NO_DOTS=$(echo 3.10 | tr -dc '[:alnum:]\n\r' | tr '[:upper:]' '[:lower:]')" >> $GITHUB_OUTPUT
2022-12-27T11:23:55.2894510Z [36;1mecho "PYTHON_NO_DOTS=$(echo 3.10 | tr -dc '[:alnum:]\n\r' | tr '[:upper:]' '[:lower:]')" >> $GITHUB_OUTPUT[0m
2022-12-27T11:23:55.2908260Z shell: /bin/bash -e {0}
2022-12-27T11:23:55.2908430Z env:
2022-12-27T11:23:55.2908650Z   pythonLocation: /Users/runner/hostedtoolcache/Python/3.10.9/x64
2022-12-27T11:23:55.2909500Z   PKG_CONFIG_PATH: /Users/runner/hostedtoolcache/Python/3.10.9/x64/lib/pkgconfig
2022-12-27T11:23:55.2909760Z   Python_ROOT_DIR: /Users/runner/hostedtoolcache/Python/3.10.9/x64
2022-12-27T11:23:55.2909960Z   Python2_ROOT_DIR: /Users/runner/hostedtoolcache/Python/3.10.9/x64
2022-12-27T11:23:55.2910190Z   Python3_ROOT_DIR: /Users/runner/hostedtoolcache/Python/3.10.9/x64
2022-12-27T11:23:55.2910390Z ##[endgroup]
2022-12-27T11:23:55.3020620Z ##[group]Run rm -rf build_lxml20alpha4310
2022-12-27T11:23:55.3020980Z [36;1mrm -rf build_lxml20alpha4310[0m
2022-12-27T11:23:55.3021170Z [36;1mmkdir build_lxml20alpha4310[0m
2022-12-27T11:23:55.3021350Z [36;1mcd build_lxml20alpha4310[0m
2022-12-27T11:23:55.3021680Z [36;1m/usr/local/bin/wget --quiet https://files.pythonhosted.org/packages/57/2b/8e38cda3b870a723b19f1268b35835ef66258c9478fccf0e927cc8b23462/lxml-2.0alpha4.tar.gz[0m
2022-12-27T11:23:55.3021940Z [36;1mtar xf *.tar.gz[0m
2022-12-27T11:23:55.3022070Z [36;1mcd *[0m
2022-12-27T11:23:55.3022250Z [36;1mpython -m pip install cibuildwheel==2.11.3[0m
2022-12-27T11:23:55.3022500Z [36;1mpython -m cibuildwheel --output-dir ../wheelsout[0m
2022-12-27T11:23:55.3036440Z shell: /bin/bash -e {0}
2022-12-27T11:23:55.3036630Z env:
2022-12-27T11:23:55.3036830Z   pythonLocation: /Users/runner/hostedtoolcache/Python/3.10.9/x64
2022-12-27T11:23:55.3037150Z   PKG_CONFIG_PATH: /Users/runner/hostedtoolcache/Python/3.10.9/x64/lib/pkgconfig
2022-12-27T11:23:55.3037400Z   Python_ROOT_DIR: /Users/runner/hostedtoolcache/Python/3.10.9/x64
2022-12-27T11:23:55.3037630Z   Python2_ROOT_DIR: /Users/runner/hostedtoolcache/Python/3.10.9/x64
2022-12-27T11:23:55.3037870Z   Python3_ROOT_DIR: /Users/runner/hostedtoolcache/Python/3.10.9/x64
2022-12-27T11:23:55.3038070Z   CIBW_ARCHS_MACOS: arm64
2022-12-27T11:23:55.3038250Z   CIBW_TEST_SKIP: *_arm64
2022-12-27T11:23:55.3038420Z   CIBW_BUILD: cp310-macosx_arm64
2022-12-27T11:23:55.3038570Z   CIBW_BUILD_FRONTEND: pip
2022-12-27T11:23:55.3038740Z   CIBW_BUILD_VERBOSITY: 3
2022-12-27T11:23:55.3039100Z   CIBW_ENVIRONMENT_MACOS:  CFLAGS="-I/usr/local/opt/openssl@3/include" LDFLAGS="-L/usr/local/opt/openssl@3/lib" CPPFLAGS="-I/usr/local/opt/openssl@3/include" MAKEFLAGS="-j$(sysctl -n hw.logicalcpu)" PATH=/usr/local/opt/ccache/libexec:$PATH
2022-12-27T11:23:55.3039460Z   CIBW_BEFORE_BUILD: pip install Cython; if [[ -f requirements.txt ]]; then pip install -r requirements.txt; fi
2022-12-27T11:23:55.3039670Z   MAKEFLAGS: -j$(sysctl -n hw.logicalcpu)
2022-12-27T11:23:55.3039840Z ##[endgroup]
2022-12-27T11:23:55.7525950Z Requirement already satisfied: cibuildwheel==2.11.3 in /Users/runner/hostedtoolcache/Python/3.10.9/x64/lib/python3.10/site-packages (2.11.3)
2022-12-27T11:23:55.7778170Z Requirement already satisfied: tomli in /Users/runner/hostedtoolcache/Python/3.10.9/x64/lib/python3.10/site-packages (from cibuildwheel==2.11.3) (2.0.1)
2022-12-27T11:23:55.7781590Z Requirement already satisfied: platformdirs in /Users/runner/hostedtoolcache/Python/3.10.9/x64/lib/python3.10/site-packages (from cibuildwheel==2.11.3) (2.6.0)
2022-12-27T11:23:55.7791280Z Requirement already satisfied: typing-extensions>=4.1.0 in /Users/runner/hostedtoolcache/Python/3.10.9/x64/lib/python3.10/site-packages (from cibuildwheel==2.11.3) (4.4.0)
2022-12-27T11:23:55.7796160Z Requirement already satisfied: packaging>=20.9 in /Users/runner/hostedtoolcache/Python/3.10.9/x64/lib/python3.10/site-packages (from cibuildwheel==2.11.3) (22.0)
2022-12-27T11:23:55.7800950Z Requirement already satisfied: bashlex!=0.13 in /Users/runner/hostedtoolcache/Python/3.10.9/x64/lib/python3.10/site-packages (from cibuildwheel==2.11.3) (0.16)
2022-12-27T11:23:55.7804130Z Requirement already satisfied: filelock in /Users/runner/hostedtoolcache/Python/3.10.9/x64/lib/python3.10/site-packages (from cibuildwheel==2.11.3) (3.8.2)
2022-12-27T11:23:55.7807180Z Requirement already satisfied: bracex in /Users/runner/hostedtoolcache/Python/3.10.9/x64/lib/python3.10/site-packages (from cibuildwheel==2.11.3) (2.3.post1)
2022-12-27T11:23:55.7810350Z Requirement already satisfied: certifi in /Users/runner/hostedtoolcache/Python/3.10.9/x64/lib/python3.10/site-packages (from cibuildwheel==2.11.3) (2022.12.7)
2022-12-27T11:23:55.9532620Z 
2022-12-27T11:23:55.9533060Z      _ _       _ _   _       _           _
2022-12-27T11:23:55.9533550Z  ___|_| |_ _ _|_| |_| |_ _ _| |_ ___ ___| |
2022-12-27T11:23:55.9534430Z |  _| | . | | | | | . | | | |   | -_| -_| |
2022-12-27T11:23:55.9535530Z |___|_|___|___|_|_|___|_____|_|_|___|___|_|
2022-12-27T11:23:55.9535830Z 
2022-12-27T11:23:55.9535960Z cibuildwheel version 2.11.3
2022-12-27T11:23:55.9536150Z 
2022-12-27T11:23:55.9536230Z Build options:
2022-12-27T11:23:55.9536450Z   platform: macos
2022-12-27T11:23:55.9571270Z   architectures: arm64[0m
2022-12-27T11:23:55.9571840Z   build_selector: 
2022-12-27T11:23:55.9572760Z     build_config: cp310-macosx_arm64
2022-12-27T11:23:55.9573200Z     skip_config: 
2022-12-27T11:23:55.9573510Z     requires_python: None
2022-12-27T11:23:55.9573960Z     prerelease_pythons: False[0m
2022-12-27T11:23:55.9574510Z   [38;5;244mcontainer_engine: docker[0m
2022-12-27T11:23:55.9575040Z   output_dir: /Users/runner/actions-runner/_work/python.build/python.build/build_lxml20alpha4310/wheelsout[0m
2022-12-27T11:23:55.9575510Z   package_dir: /Users/runner/actions-runner/_work/python.build/python.build/build_lxml20alpha4310/lxml-2.0alpha4[0m
2022-12-27T11:23:55.9575830Z   test_selector: 
2022-12-27T11:23:55.9576180Z     skip_config: *_arm64[0m
2022-12-27T11:23:55.9576460Z   [38;5;244mbefore_all: [0m
2022-12-27T11:23:55.9576830Z   before_build: pip install Cython; if [[ -f requirements.txt ]]; then pip install -r requirements.txt; fi[0m
2022-12-27T11:23:55.9577190Z   [38;5;244mbefore_test: [0m
2022-12-27T11:23:55.9577480Z   [38;5;244mbuild_frontend: pip[0m
2022-12-27T11:23:55.9577780Z   build_verbosity: 3[0m
2022-12-27T11:23:55.9578070Z   [38;5;244mconfig_settings: [0m
2022-12-27T11:23:55.9578380Z   [38;5;244mdependency_constraints: pinned[0m
2022-12-27T11:23:55.9578590Z   environment: 
2022-12-27T11:23:55.9578940Z     CFLAGS="-I/usr/local/opt/openssl@3/include"
2022-12-27T11:23:55.9579320Z     LDFLAGS="-L/usr/local/opt/openssl@3/lib"
2022-12-27T11:23:55.9579620Z     CPPFLAGS="-I/usr/local/opt/openssl@3/include"
2022-12-27T11:23:55.9579940Z     MAKEFLAGS="-j$(sysctl -n hw.logicalcpu)"
2022-12-27T11:23:55.9580270Z     PATH=/usr/local/opt/ccache/libexec:$PATH[0m
2022-12-27T11:23:55.9580630Z   [38;5;244mmanylinux_images: None[0m
2022-12-27T11:23:55.9580890Z   [38;5;244mmusllinux_images: None[0m
2022-12-27T11:23:55.9581300Z   [38;5;244mrepair_command: delocate-wheel --require-archs {delocate_archs} -w {dest_dir} -v {wheel}[0m
2022-12-27T11:23:55.9581970Z   [38;5;244mtest_command: [0m
2022-12-27T11:23:55.9582210Z   [38;5;244mtest_extras: [0m
2022-12-27T11:23:55.9582540Z   [38;5;244mtest_requires: [0m
2022-12-27T11:23:55.9582670Z 
2022-12-27T11:23:55.9582820Z Cache folder: /Users/runner/Library/Caches/cibuildwheel
2022-12-27T11:23:55.9590080Z 
2022-12-27T11:23:55.9590330Z Here we go!
2022-12-27T11:23:55.9590510Z 
2022-12-27T11:23:55.9716230Z 
2022-12-27T11:23:55.9716770Z [1m[34mBuilding cp310-macosx_arm64 wheel[0m
2022-12-27T11:23:55.9717110Z CPython 3.10 macOS arm64 - Apple Silicon
2022-12-27T11:23:55.9717430Z 
2022-12-27T11:23:55.9720400Z ##[group]Installing Python cp310...
2022-12-27T11:23:55.9720570Z 
2022-12-27T11:23:55.9720750Z + pkgutil --pkgs
2022-12-27T11:23:55.9816120Z ##[endgroup]
2022-12-27T11:23:55.9817090Z                                                               [32m✓ [0m0.01s
2022-12-27T11:23:55.9817600Z ##[group]Setting up build environment...
2022-12-27T11:23:55.9817840Z 
2022-12-27T11:23:55.9835820Z + /Users/runner/hostedtoolcache/Python/3.10.9/x64/bin/python -sS /Users/runner/Library/Caches/cibuildwheel/virtualenv-20.17.0.pyz --activators= --no-periodic-update --pip=22.3.1 --setuptools=65.6.3 --wheel=0.38.4 --symlink-app-data --python /Library/Frameworks/Python.framework/Versions/3.10/bin/python3 /private/var/folders/51/hd414ycd67n82196sw51xqtc0000gn/T/cibw-run-kh7noim5/cp310-macosx_arm64/build/venv
2022-12-27T11:23:56.1714280Z created virtual environment CPython3.10.8.final.0-64 in 52ms
2022-12-27T11:23:56.1715090Z   creator CPython3Posix(dest=/private/var/folders/51/hd414ycd67n82196sw51xqtc0000gn/T/cibw-run-kh7noim5/cp310-macosx_arm64/build/venv, clear=False, no_vcs_ignore=False, global=False)
2022-12-27T11:23:56.1715750Z   seeder FromAppData(download=False, pip=22.3.1, setuptools=65.6.3, wheel=0.38.4, via=symlink, app_data_dir=/Users/runner/Library/Application Support/virtualenv)
2022-12-27T11:23:56.1716080Z     added seed packages: pip==22.3.1, setuptools==65.6.3, wheel==0.38.4
2022-12-27T11:23:56.1830210Z + python -m pip install --upgrade pip -c /Users/runner/hostedtoolcache/Python/3.10.9/x64/lib/python3.10/site-packages/cibuildwheel/resources/constraints-python310.txt
2022-12-27T11:23:56.4467100Z Requirement already satisfied: pip in ./lib/python3.10/site-packages (22.3.1)
2022-12-27T11:23:56.5736000Z + which pip
2022-12-27T11:23:56.5753430Z /private/var/folders/51/hd414ycd67n82196sw51xqtc0000gn/T/cibw-run-kh7noim5/cp310-macosx_arm64/build/venv/bin/pip
2022-12-27T11:23:56.5756090Z + pip --version
2022-12-27T11:23:56.7650900Z pip 22.3.1 from /private/var/folders/51/hd414ycd67n82196sw51xqtc0000gn/T/cibw-run-kh7noim5/cp310-macosx_arm64/build/venv/lib/python3.10/site-packages/pip (python 3.10)
2022-12-27T11:23:56.7894580Z + which pip
2022-12-27T11:23:56.7922470Z + which python
2022-12-27T11:23:56.7942010Z /private/var/folders/51/hd414ycd67n82196sw51xqtc0000gn/T/cibw-run-kh7noim5/cp310-macosx_arm64/build/venv/bin/python
2022-12-27T11:23:56.7945330Z + python --version
2022-12-27T11:23:56.7996280Z Python 3.10.8
2022-12-27T11:23:56.8000400Z + which python
2022-12-27T11:23:56.8056920Z ##[endgroup]
2022-12-27T11:23:56.8057580Z                                                               [32m✓ [0m0.82s
2022-12-27T11:23:56.8058420Z ##[group]Installing build tools...
2022-12-27T11:23:56.8058650Z 
2022-12-27T11:23:56.8059280Z + pip install --upgrade setuptools wheel delocate -c /Users/runner/hostedtoolcache/Python/3.10.9/x64/lib/python3.10/site-packages/cibuildwheel/resources/constraints-python310.txt
2022-12-27T11:23:57.0679400Z Requirement already satisfied: setuptools in /private/var/folders/51/hd414ycd67n82196sw51xqtc0000gn/T/cibw-run-kh7noim5/cp310-macosx_arm64/build/venv/lib/python3.10/site-packages (65.6.3)
2022-12-27T11:23:57.2541690Z Requirement already satisfied: wheel in /private/var/folders/51/hd414ycd67n82196sw51xqtc0000gn/T/cibw-run-kh7noim5/cp310-macosx_arm64/build/venv/lib/python3.10/site-packages (0.38.4)
2022-12-27T11:23:57.3001180Z Collecting delocate
2022-12-27T11:23:57.3022520Z   Using cached delocate-0.10.3-py3-none-any.whl (142 kB)
2022-12-27T11:23:57.3218290Z Collecting typing-extensions
2022-12-27T11:23:57.3234990Z   Using cached typing_extensions-4.4.0-py3-none-any.whl (26 kB)
2022-12-27T11:23:57.3446870Z Collecting packaging>=20.9
2022-12-27T11:23:57.3465410Z   Using cached packaging-21.3-py3-none-any.whl (40 kB)
2022-12-27T11:23:57.3776020Z Collecting pyparsing!=3.0.5,>=2.0.2
2022-12-27T11:23:57.3793310Z   Using cached pyparsing-3.0.9-py3-none-any.whl (98 kB)
2022-12-27T11:23:57.4098440Z Installing collected packages: typing-extensions, pyparsing, packaging, delocate
2022-12-27T11:23:57.5309730Z Successfully installed delocate-0.10.3 packaging-21.3 pyparsing-3.0.9 typing-extensions-4.4.0
2022-12-27T11:23:57.5718080Z ##[endgroup]
2022-12-27T11:23:57.5718960Z                                                               [32m✓ [0m0.77s
2022-12-27T11:23:57.5719410Z ##[group]Running before_build...
2022-12-27T11:23:57.5719580Z 
2022-12-27T11:23:57.5724570Z + pip install Cython; if [[ -f requirements.txt ]]; then pip install -r requirements.txt; fi
2022-12-27T11:23:58.1384750Z Collecting Cython
2022-12-27T11:23:58.1427540Z   Using cached Cython-0.29.32-py2.py3-none-any.whl (986 kB)
2022-12-27T11:23:58.1859330Z Installing collected packages: Cython
2022-12-27T11:23:58.5620170Z Successfully installed Cython-0.29.32
2022-12-27T11:23:58.6040070Z ##[endgroup]
2022-12-27T11:23:58.6041140Z                                                               [32m✓ [0m1.03s
2022-12-27T11:23:58.6041560Z ##[group]Building wheel...
2022-12-27T11:23:58.6041700Z 
2022-12-27T11:23:58.6046240Z + python -m pip wheel /Users/runner/actions-runner/_work/python.build/python.build/build_lxml20alpha4310/lxml-2.0alpha4 --wheel-dir=/private/var/folders/51/hd414ycd67n82196sw51xqtc0000gn/T/cibw-run-kh7noim5/cp310-macosx_arm64/built_wheel --no-deps -vvv
2022-12-27T11:23:58.8464190Z Created temporary directory: /private/var/folders/51/hd414ycd67n82196sw51xqtc0000gn/T/pip-ephem-wheel-cache-dbnu4u_t
2022-12-27T11:23:58.8470310Z Created temporary directory: /private/var/folders/51/hd414ycd67n82196sw51xqtc0000gn/T/pip-build-tracker-mau_vwef
2022-12-27T11:23:58.8472940Z Initialized build tracking at /private/var/folders/51/hd414ycd67n82196sw51xqtc0000gn/T/pip-build-tracker-mau_vwef
2022-12-27T11:23:58.8474460Z Created build tracker: /private/var/folders/51/hd414ycd67n82196sw51xqtc0000gn/T/pip-build-tracker-mau_vwef
2022-12-27T11:23:58.8476670Z Entered build tracker: /private/var/folders/51/hd414ycd67n82196sw51xqtc0000gn/T/pip-build-tracker-mau_vwef
2022-12-27T11:23:58.8480070Z Created temporary directory: /private/var/folders/51/hd414ycd67n82196sw51xqtc0000gn/T/pip-wheel-gk4bw4eu
2022-12-27T11:23:58.8486100Z Created temporary directory: /private/var/folders/51/hd414ycd67n82196sw51xqtc0000gn/T/pip-ephem-wheel-cache-fgfw4cb_
2022-12-27T11:23:58.8636090Z Processing /Users/runner/actions-runner/_work/python.build/python.build/build_lxml20alpha4310/lxml-2.0alpha4
2022-12-27T11:23:58.8640920Z   Added file:///Users/runner/actions-runner/_work/python.build/python.build/build_lxml20alpha4310/lxml-2.0alpha4 to build tracker '/private/var/folders/51/hd414ycd67n82196sw51xqtc0000gn/T/pip-build-tracker-mau_vwef'
2022-12-27T11:23:58.8644120Z   Running setup.py (path:/Users/runner/actions-runner/_work/python.build/python.build/build_lxml20alpha4310/lxml-2.0alpha4/setup.py) egg_info for package from file:///Users/runner/actions-runner/_work/python.build/python.build/build_lxml20alpha4310/lxml-2.0alpha4
2022-12-27T11:23:58.8646960Z   Created temporary directory: /private/var/folders/51/hd414ycd67n82196sw51xqtc0000gn/T/pip-pip-egg-info-7tpu9xx6
2022-12-27T11:23:58.8648320Z   Preparing metadata (setup.py): started
2022-12-27T11:23:58.8650290Z   Running command python setup.py egg_info
2022-12-27T11:23:58.9994010Z   Traceback (most recent call last):
2022-12-27T11:23:59.0003940Z     File "<string>", line 2, in <module>
2022-12-27T11:23:59.0004670Z     File "<pip-setuptools-caller>", line 34, in <module>
2022-12-27T11:23:59.0005500Z     File "/Users/runner/actions-runner/_work/python.build/python.build/build_lxml20alpha4310/lxml-2.0alpha4/setup.py", line 41
2022-12-27T11:23:59.0005800Z       print "Building lxml version", svn_version
2022-12-27T11:23:59.0006030Z       ^^^^^^^^^^^^^^^^^^^^^^^^^^^^^^^^^^^^^^^^^^
2022-12-27T11:23:59.0006340Z   SyntaxError: Missing parentheses in call to 'print'. Did you mean print(...)?
2022-12-27T11:23:59.0186770Z   error: subprocess-exited-with-error
2022-12-27T11:23:59.0187080Z   
2022-12-27T11:23:59.0187490Z   × python setup.py egg_info did not run successfully.
2022-12-27T11:23:59.0188200Z   │ exit code: 1
2022-12-27T11:23:59.0188590Z   ╰─> See above for output.
2022-12-27T11:23:59.0188800Z   
2022-12-27T11:23:59.0189150Z   note: This error originates from a subprocess, and is likely not a problem with pip.
2022-12-27T11:23:59.0196460Z   full command: /private/var/folders/51/hd414ycd67n82196sw51xqtc0000gn/T/cibw-run-kh7noim5/cp310-macosx_arm64/build/venv/bin/python -c '
2022-12-27T11:23:59.0197230Z   exec(compile('"'"''"'"''"'"'
2022-12-27T11:23:59.0197840Z   # This is <pip-setuptools-caller> -- a caller that pip uses to run setup.py
2022-12-27T11:23:59.0198520Z   #
2022-12-27T11:23:59.0198940Z   # - It imports setuptools before invoking setup.py, to enable projects that directly
2022-12-27T11:23:59.0199260Z   #   import from `distutils.core` to work with newer packaging standards.
2022-12-27T11:23:59.0199670Z   # - It provides a clear error message when setuptools is not installed.
2022-12-27T11:23:59.0200200Z   # - It sets `sys.argv[0]` to the underlying `setup.py`, when invoking `setup.py` so
2022-12-27T11:23:59.0200640Z   #   setuptools doesn'"'"'t think the script is `-c`. This avoids the following warning:
2022-12-27T11:23:59.0200970Z   #     manifest_maker: standard file '"'"'-c'"'"' not found".
2022-12-27T11:23:59.0201770Z   # - It generates a shim setup.py, for handling setup.cfg-only projects.
2022-12-27T11:23:59.0202080Z   import os, sys, tokenize
2022-12-27T11:23:59.0202270Z   
2022-12-27T11:23:59.0202460Z   try:
2022-12-27T11:23:59.0202660Z       import setuptools
2022-12-27T11:23:59.0202880Z   except ImportError as error:
2022-12-27T11:23:59.0203060Z       print(
2022-12-27T11:23:59.0203280Z           "ERROR: Can not execute `setup.py` since setuptools is not available in "
2022-12-27T11:23:59.0203490Z           "the build environment.",
2022-12-27T11:23:59.0203680Z           file=sys.stderr,
2022-12-27T11:23:59.0203890Z       )
2022-12-27T11:23:59.0204070Z       sys.exit(1)
2022-12-27T11:23:59.0204200Z   
2022-12-27T11:23:59.0204360Z   __file__ = %r
2022-12-27T11:23:59.0204580Z   sys.argv[0] = __file__
2022-12-27T11:23:59.0204720Z   
2022-12-27T11:23:59.0204890Z   if os.path.exists(__file__):
2022-12-27T11:23:59.0205090Z       filename = __file__
2022-12-27T11:23:59.0205240Z       with tokenize.open(__file__) as f:
2022-12-27T11:23:59.0205490Z           setup_py_code = f.read()
2022-12-27T11:23:59.0205670Z   else:
2022-12-27T11:23:59.0205900Z       filename = "<auto-generated setuptools caller>"
2022-12-27T11:23:59.0206140Z       setup_py_code = "from setuptools import setup; setup()"
2022-12-27T11:23:59.0206340Z   
2022-12-27T11:23:59.0206530Z   exec(compile(setup_py_code, filename, "exec"))
2022-12-27T11:23:59.0207100Z   '"'"''"'"''"'"' % ('"'"'/Users/runner/actions-runner/_work/python.build/python.build/build_lxml20alpha4310/lxml-2.0alpha4/setup.py'"'"',), "<pip-setuptools-caller>", "exec"))' egg_info --egg-base /private/var/folders/51/hd414ycd67n82196sw51xqtc0000gn/T/pip-pip-egg-info-7tpu9xx6
2022-12-27T11:23:59.0207610Z   cwd: /Users/runner/actions-runner/_work/python.build/python.build/build_lxml20alpha4310/lxml-2.0alpha4/
2022-12-27T11:23:59.0207960Z   Preparing metadata (setup.py): finished with status 'error'
2022-12-27T11:23:59.0213360Z error: metadata-generation-failed
2022-12-27T11:23:59.0213810Z 
2022-12-27T11:23:59.0214200Z × Encountered error while generating package metadata.
2022-12-27T11:23:59.0214670Z ╰─> See above for output.
2022-12-27T11:23:59.0215140Z 
2022-12-27T11:23:59.0215300Z note: This is an issue with the package mentioned above, not pip.
2022-12-27T11:23:59.0215540Z hint: See above for details.
2022-12-27T11:23:59.0236350Z Exception information:
2022-12-27T11:23:59.0236710Z Traceback (most recent call last):
2022-12-27T11:23:59.0237700Z   File "/private/var/folders/51/hd414ycd67n82196sw51xqtc0000gn/T/cibw-run-kh7noim5/cp310-macosx_arm64/build/venv/lib/python3.10/site-packages/pip/_internal/operations/build/metadata_legacy.py", line 64, in generate_metadata
2022-12-27T11:23:59.0238650Z     call_subprocess(
2022-12-27T11:23:59.0239490Z   File "/private/var/folders/51/hd414ycd67n82196sw51xqtc0000gn/T/cibw-run-kh7noim5/cp310-macosx_arm64/build/venv/lib/python3.10/site-packages/pip/_internal/utils/subprocess.py", line 224, in call_subprocess
2022-12-27T11:23:59.0240040Z     raise error
2022-12-27T11:23:59.0240550Z pip._internal.exceptions.InstallationSubprocessError: python setup.py egg_info exited with 1
2022-12-27T11:23:59.0241020Z 
2022-12-27T11:23:59.0241300Z The above exception was the direct cause of the following exception:
2022-12-27T11:23:59.0241510Z 
2022-12-27T11:23:59.0241720Z Traceback (most recent call last):
2022-12-27T11:23:59.0243260Z   File "/private/var/folders/51/hd414ycd67n82196sw51xqtc0000gn/T/cibw-run-kh7noim5/cp310-macosx_arm64/build/venv/lib/python3.10/site-packages/pip/_internal/cli/base_command.py", line 160, in exc_logging_wrapper
2022-12-27T11:23:59.0243860Z     status = run_func(*args)
2022-12-27T11:23:59.0244570Z   File "/private/var/folders/51/hd414ycd67n82196sw51xqtc0000gn/T/cibw-run-kh7noim5/cp310-macosx_arm64/build/venv/lib/python3.10/site-packages/pip/_internal/cli/req_command.py", line 247, in wrapper
2022-12-27T11:23:59.0245010Z     return func(self, options, args)
2022-12-27T11:23:59.0245850Z   File "/private/var/folders/51/hd414ycd67n82196sw51xqtc0000gn/T/cibw-run-kh7noim5/cp310-macosx_arm64/build/venv/lib/python3.10/site-packages/pip/_internal/commands/wheel.py", line 170, in run
2022-12-27T11:23:59.0246590Z     requirement_set = resolver.resolve(reqs, check_supported_wheels=True)
2022-12-27T11:23:59.0247230Z   File "/private/var/folders/51/hd414ycd67n82196sw51xqtc0000gn/T/cibw-run-kh7noim5/cp310-macosx_arm64/build/venv/lib/python3.10/site-packages/pip/_internal/resolution/resolvelib/resolver.py", line 73, in resolve
2022-12-27T11:23:59.0247660Z     collected = self.factory.collect_root_requirements(root_reqs)
2022-12-27T11:23:59.0248310Z   File "/private/var/folders/51/hd414ycd67n82196sw51xqtc0000gn/T/cibw-run-kh7noim5/cp310-macosx_arm64/build/venv/lib/python3.10/site-packages/pip/_internal/resolution/resolvelib/factory.py", line 491, in collect_root_requirements
2022-12-27T11:23:59.0248810Z     req = self._make_requirement_from_install_req(
2022-12-27T11:23:59.0249460Z   File "/private/var/folders/51/hd414ycd67n82196sw51xqtc0000gn/T/cibw-run-kh7noim5/cp310-macosx_arm64/build/venv/lib/python3.10/site-packages/pip/_internal/resolution/resolvelib/factory.py", line 453, in _make_requirement_from_install_req
2022-12-27T11:23:59.0249880Z     cand = self._make_candidate_from_link(
2022-12-27T11:23:59.0250490Z   File "/private/var/folders/51/hd414ycd67n82196sw51xqtc0000gn/T/cibw-run-kh7noim5/cp310-macosx_arm64/build/venv/lib/python3.10/site-packages/pip/_internal/resolution/resolvelib/factory.py", line 206, in _make_candidate_from_link
2022-12-27T11:23:59.0250920Z     self._link_candidate_cache[link] = LinkCandidate(
2022-12-27T11:23:59.0251580Z   File "/private/var/folders/51/hd414ycd67n82196sw51xqtc0000gn/T/cibw-run-kh7noim5/cp310-macosx_arm64/build/venv/lib/python3.10/site-packages/pip/_internal/resolution/resolvelib/candidates.py", line 297, in __init__
2022-12-27T11:23:59.0251960Z     super().__init__(
2022-12-27T11:23:59.0252490Z   File "/private/var/folders/51/hd414ycd67n82196sw51xqtc0000gn/T/cibw-run-kh7noim5/cp310-macosx_arm64/build/venv/lib/python3.10/site-packages/pip/_internal/resolution/resolvelib/candidates.py", line 162, in __init__
2022-12-27T11:23:59.0252820Z     self.dist = self._prepare()
2022-12-27T11:23:59.0253510Z   File "/private/var/folders/51/hd414ycd67n82196sw51xqtc0000gn/T/cibw-run-kh7noim5/cp310-macosx_arm64/build/venv/lib/python3.10/site-packages/pip/_internal/resolution/resolvelib/candidates.py", line 231, in _prepare
2022-12-27T11:23:59.0253830Z     dist = self._prepare_distribution()
2022-12-27T11:23:59.0254320Z   File "/private/var/folders/51/hd414ycd67n82196sw51xqtc0000gn/T/cibw-run-kh7noim5/cp310-macosx_arm64/build/venv/lib/python3.10/site-packages/pip/_internal/resolution/resolvelib/candidates.py", line 308, in _prepare_distribution
2022-12-27T11:23:59.0254640Z     return preparer.prepare_linked_requirement(self._ireq, parallel_builds=True)
2022-12-27T11:23:59.0255120Z   File "/private/var/folders/51/hd414ycd67n82196sw51xqtc0000gn/T/cibw-run-kh7noim5/cp310-macosx_arm64/build/venv/lib/python3.10/site-packages/pip/_internal/operations/prepare.py", line 491, in prepare_linked_requirement
2022-12-27T11:23:59.0255510Z     return self._prepare_linked_requirement(req, parallel_builds)
2022-12-27T11:23:59.0256040Z   File "/private/var/folders/51/hd414ycd67n82196sw51xqtc0000gn/T/cibw-run-kh7noim5/cp310-macosx_arm64/build/venv/lib/python3.10/site-packages/pip/_internal/operations/prepare.py", line 577, in _prepare_linked_requirement
2022-12-27T11:23:59.0256350Z     dist = _get_prepared_distribution(
2022-12-27T11:23:59.0256800Z   File "/private/var/folders/51/hd414ycd67n82196sw51xqtc0000gn/T/cibw-run-kh7noim5/cp310-macosx_arm64/build/venv/lib/python3.10/site-packages/pip/_internal/operations/prepare.py", line 69, in _get_prepared_distribution
2022-12-27T11:23:59.0257140Z     abstract_dist.prepare_distribution_metadata(
2022-12-27T11:23:59.0257740Z   File "/private/var/folders/51/hd414ycd67n82196sw51xqtc0000gn/T/cibw-run-kh7noim5/cp310-macosx_arm64/build/venv/lib/python3.10/site-packages/pip/_internal/distributions/sdist.py", line 61, in prepare_distribution_metadata
2022-12-27T11:23:59.0258090Z     self.req.prepare_metadata()
2022-12-27T11:23:59.0258550Z   File "/private/var/folders/51/hd414ycd67n82196sw51xqtc0000gn/T/cibw-run-kh7noim5/cp310-macosx_arm64/build/venv/lib/python3.10/site-packages/pip/_internal/req/req_install.py", line 541, in prepare_metadata
2022-12-27T11:23:59.0258930Z     self.metadata_directory = generate_metadata_legacy(
2022-12-27T11:23:59.0259400Z   File "/private/var/folders/51/hd414ycd67n82196sw51xqtc0000gn/T/cibw-run-kh7noim5/cp310-macosx_arm64/build/venv/lib/python3.10/site-packages/pip/_internal/operations/build/metadata_legacy.py", line 71, in generate_metadata
2022-12-27T11:23:59.0259730Z     raise MetadataGenerationFailed(package_details=details) from error
2022-12-27T11:23:59.0260010Z pip._internal.exceptions.MetadataGenerationFailed: metadata generation failed
2022-12-27T11:23:59.0260500Z Removed file:///Users/runner/actions-runner/_work/python.build/python.build/build_lxml20alpha4310/lxml-2.0alpha4 from build tracker '/private/var/folders/51/hd414ycd67n82196sw51xqtc0000gn/T/pip-build-tracker-mau_vwef'
2022-12-27T11:23:59.0260990Z Removed build tracker: '/private/var/folders/51/hd414ycd67n82196sw51xqtc0000gn/T/pip-build-tracker-mau_vwef'
2022-12-27T11:23:59.0644390Z ##[endgroup]
2022-12-27T11:23:59.0667040Z ##[error]Command ['python', '-m', 'pip', 'wheel', '/Users/runner/actions-runner/_work/python.build/python.build/build_lxml20alpha4310/lxml-2.0alpha4', '--wheel-dir=/private/var/folders/51/hd414ycd67n82196sw51xqtc0000gn/T/cibw-run-kh7noim5/cp310-macosx_arm64/built_wheel', '--no-deps', '-vvv'] failed with code 1. None
2022-12-27T11:23:59.0673210Z 
2022-12-27T11:23:59.0673530Z                                                               [31m✕ [0m0.46s
2022-12-27T11:23:59.1112310Z ##[error]Process completed with exit code 1.
2022-12-27T11:23:59.1200630Z ##[group]Run rm -rf build_lxml20alpha4310 wheelsout
2022-12-27T11:23:59.1200840Z [36;1mrm -rf build_lxml20alpha4310 wheelsout[0m
2022-12-27T11:23:59.1215290Z shell: /bin/bash -e {0}
2022-12-27T11:23:59.1215430Z env:
2022-12-27T11:23:59.1215630Z   pythonLocation: /Users/runner/hostedtoolcache/Python/3.10.9/x64
2022-12-27T11:23:59.1216060Z   PKG_CONFIG_PATH: /Users/runner/hostedtoolcache/Python/3.10.9/x64/lib/pkgconfig
2022-12-27T11:23:59.1216290Z   Python_ROOT_DIR: /Users/runner/hostedtoolcache/Python/3.10.9/x64
2022-12-27T11:23:59.1216520Z   Python2_ROOT_DIR: /Users/runner/hostedtoolcache/Python/3.10.9/x64
2022-12-27T11:23:59.1216710Z   Python3_ROOT_DIR: /Users/runner/hostedtoolcache/Python/3.10.9/x64
2022-12-27T11:23:59.1216890Z ##[endgroup]
2022-12-27T11:23:59.1663060Z Cleaning up orphan processes
