2022-12-27T08:52:23.9950527Z Requested labels: self-hosted, macOS, X64
2022-12-27T08:52:23.9950615Z Job defined at: kilnbuild/python.build/.github/workflows/mac_arm_build.yml@refs/heads/main
2022-12-27T08:52:23.9950641Z Waiting for a runner to pick up this job...
2022-12-27T11:24:50.0166669Z Job is about to start running on the runner: kr2 (organization)
2022-12-27T11:24:56.0049500Z Current runner version: '2.300.2'
2022-12-27T11:24:56.0058020Z Runner name: 'kr2'
2022-12-27T11:24:56.0058460Z Runner group name: 'Default'
2022-12-27T11:24:56.0059360Z Machine name: 'kr2'
2022-12-27T11:24:56.0062420Z ##[group]GITHUB_TOKEN Permissions
2022-12-27T11:24:56.0063190Z Actions: write
2022-12-27T11:24:56.0063480Z Checks: write
2022-12-27T11:24:56.0063760Z Contents: write
2022-12-27T11:24:56.0064060Z Deployments: write
2022-12-27T11:24:56.0064350Z Discussions: write
2022-12-27T11:24:56.0064640Z Issues: write
2022-12-27T11:24:56.0064920Z Metadata: read
2022-12-27T11:24:56.0065190Z Packages: write
2022-12-27T11:24:56.0065490Z Pages: write
2022-12-27T11:24:56.0065780Z PullRequests: write
2022-12-27T11:24:56.0066110Z RepositoryProjects: write
2022-12-27T11:24:56.0066450Z SecurityEvents: write
2022-12-27T11:24:56.0066750Z Statuses: write
2022-12-27T11:24:56.0067020Z ##[endgroup]
2022-12-27T11:24:56.0070930Z Secret source: Actions
2022-12-27T11:24:56.0071490Z Prepare workflow directory
2022-12-27T11:24:56.1258120Z Prepare all required actions
2022-12-27T11:24:56.1466250Z Getting action download info
2022-12-27T11:24:56.5870840Z Download action repository 'actions/setup-python@v4' (SHA:5ccb29d8773c3f3f653e1705f474dfaa8a06a912)
2022-12-27T11:24:58.4473770Z Download action repository 'actions/upload-artifact@v3' (SHA:83fd05a356d7e2593de66fc9913b3002723633cb)
2022-12-27T11:24:59.9407320Z ##[group]Run echo '{
2022-12-27T11:24:59.9407770Z [36;1mecho '{[0m
2022-12-27T11:24:59.9407950Z [36;1m  "package_name": "lxml",[0m
2022-12-27T11:24:59.9408330Z [36;1m  "package_url": "https://files.pythonhosted.org/packages/9a/9e/dc13c232c12d76fd2505268406d05819e9bcd5000f6f1c1279125f277f57/lxml-2.0.tar.gz",[0m
2022-12-27T11:24:59.9408660Z [36;1m  "package_version": "2.0",[0m
2022-12-27T11:24:59.9408850Z [36;1m  "python_version": "3.9",[0m
2022-12-27T11:24:59.9409050Z [36;1m  "use_ccache": "true"[0m
2022-12-27T11:24:59.9409210Z [36;1m}'[0m
2022-12-27T11:24:59.9434480Z shell: /bin/bash -e {0}
2022-12-27T11:24:59.9434820Z ##[endgroup]
2022-12-27T11:24:59.9895770Z {
2022-12-27T11:24:59.9898550Z   "package_name": "lxml",
2022-12-27T11:24:59.9899730Z   "package_url": "https://files.pythonhosted.org/packages/9a/9e/dc13c232c12d76fd2505268406d05819e9bcd5000f6f1c1279125f277f57/lxml-2.0.tar.gz",
2022-12-27T11:24:59.9900250Z   "package_version": "2.0",
2022-12-27T11:24:59.9900750Z   "python_version": "3.9",
2022-12-27T11:24:59.9901190Z   "use_ccache": "true"
2022-12-27T11:24:59.9901510Z }
2022-12-27T11:25:00.0273970Z ##[group]Run actions/setup-python@v4
2022-12-27T11:25:00.0274450Z with:
2022-12-27T11:25:00.0274800Z   python-version: 3.9
2022-12-27T11:25:00.0275180Z   check-latest: false
2022-12-27T11:25:00.0275740Z   token: ***
2022-12-27T11:25:00.0276070Z   update-environment: true
2022-12-27T11:25:00.0276410Z ##[endgroup]
2022-12-27T11:25:00.2369680Z ##[group]Installed versions
2022-12-27T11:25:00.2438380Z Successfully set up CPython (3.9.16)
2022-12-27T11:25:00.2440000Z ##[endgroup]
2022-12-27T11:25:00.2658260Z ##[group]Run if [ "true" == "true" ]
2022-12-27T11:25:00.2658930Z [36;1mif [ "true" == "true" ][0m
2022-12-27T11:25:00.2659380Z [36;1mthen[0m
2022-12-27T11:25:00.2659770Z [36;1m  echo "CCACHE_PATH_PREPEND=/usr/local/opt/ccache/libexec" >> $GITHUB_OUTPUT[0m
2022-12-27T11:25:00.2660100Z [36;1melse[0m
2022-12-27T11:25:00.2660450Z [36;1m  echo "CCACHE_PATH_PREPEND=" >> $GITHUB_OUTPUT[0m
2022-12-27T11:25:00.2660890Z [36;1mfi[0m
2022-12-27T11:25:00.2688500Z shell: /bin/bash -e {0}
2022-12-27T11:25:00.2688880Z env:
2022-12-27T11:25:00.2689270Z   pythonLocation: /Users/runner/hostedtoolcache/Python/3.9.16/x64
2022-12-27T11:25:00.2689890Z   PKG_CONFIG_PATH: /Users/runner/hostedtoolcache/Python/3.9.16/x64/lib/pkgconfig
2022-12-27T11:25:00.2690310Z   Python_ROOT_DIR: /Users/runner/hostedtoolcache/Python/3.9.16/x64
2022-12-27T11:25:00.2690780Z   Python2_ROOT_DIR: /Users/runner/hostedtoolcache/Python/3.9.16/x64
2022-12-27T11:25:00.2691350Z   Python3_ROOT_DIR: /Users/runner/hostedtoolcache/Python/3.9.16/x64
2022-12-27T11:25:00.2692220Z ##[endgroup]
2022-12-27T11:25:00.2978720Z ##[group]Run echo "BUILD_NAME=$(echo lxml_2.0_3.9 | tr -dc '[:alnum:]\n\r' | tr '[:upper:]' '[:lower:]')" >> $GITHUB_OUTPUT
2022-12-27T11:25:00.2979220Z [36;1mecho "BUILD_NAME=$(echo lxml_2.0_3.9 | tr -dc '[:alnum:]\n\r' | tr '[:upper:]' '[:lower:]')" >> $GITHUB_OUTPUT[0m
2022-12-27T11:25:00.3005300Z shell: /bin/bash -e {0}
2022-12-27T11:25:00.3005570Z env:
2022-12-27T11:25:00.3005820Z   pythonLocation: /Users/runner/hostedtoolcache/Python/3.9.16/x64
2022-12-27T11:25:00.3006150Z   PKG_CONFIG_PATH: /Users/runner/hostedtoolcache/Python/3.9.16/x64/lib/pkgconfig
2022-12-27T11:25:00.3006470Z   Python_ROOT_DIR: /Users/runner/hostedtoolcache/Python/3.9.16/x64
2022-12-27T11:25:00.3006820Z   Python2_ROOT_DIR: /Users/runner/hostedtoolcache/Python/3.9.16/x64
2022-12-27T11:25:00.3007250Z   Python3_ROOT_DIR: /Users/runner/hostedtoolcache/Python/3.9.16/x64
2022-12-27T11:25:00.3007610Z ##[endgroup]
2022-12-27T11:25:00.3227500Z ##[group]Run echo "PYTHON_NO_DOTS=$(echo 3.9 | tr -dc '[:alnum:]\n\r' | tr '[:upper:]' '[:lower:]')" >> $GITHUB_OUTPUT
2022-12-27T11:25:00.3228330Z [36;1mecho "PYTHON_NO_DOTS=$(echo 3.9 | tr -dc '[:alnum:]\n\r' | tr '[:upper:]' '[:lower:]')" >> $GITHUB_OUTPUT[0m
2022-12-27T11:25:00.3253780Z shell: /bin/bash -e {0}
2022-12-27T11:25:00.3254080Z env:
2022-12-27T11:25:00.3254370Z   pythonLocation: /Users/runner/hostedtoolcache/Python/3.9.16/x64
2022-12-27T11:25:00.3255760Z   PKG_CONFIG_PATH: /Users/runner/hostedtoolcache/Python/3.9.16/x64/lib/pkgconfig
2022-12-27T11:25:00.3256200Z   Python_ROOT_DIR: /Users/runner/hostedtoolcache/Python/3.9.16/x64
2022-12-27T11:25:00.3256630Z   Python2_ROOT_DIR: /Users/runner/hostedtoolcache/Python/3.9.16/x64
2022-12-27T11:25:00.3256980Z   Python3_ROOT_DIR: /Users/runner/hostedtoolcache/Python/3.9.16/x64
2022-12-27T11:25:00.3257390Z ##[endgroup]
2022-12-27T11:25:00.3503350Z ##[group]Run rm -rf build_lxml2039
2022-12-27T11:25:00.3503940Z [36;1mrm -rf build_lxml2039[0m
2022-12-27T11:25:00.3504280Z [36;1mmkdir build_lxml2039[0m
2022-12-27T11:25:00.3504700Z [36;1mcd build_lxml2039[0m
2022-12-27T11:25:00.3505200Z [36;1m/usr/local/bin/wget --quiet https://files.pythonhosted.org/packages/9a/9e/dc13c232c12d76fd2505268406d05819e9bcd5000f6f1c1279125f277f57/lxml-2.0.tar.gz[0m
2022-12-27T11:25:00.3505770Z [36;1mtar xf *.tar.gz[0m
2022-12-27T11:25:00.3506010Z [36;1mcd *[0m
2022-12-27T11:25:00.3506360Z [36;1mpython -m pip install cibuildwheel==2.11.3[0m
2022-12-27T11:25:00.3506770Z [36;1mpython -m cibuildwheel --output-dir ../wheelsout[0m
2022-12-27T11:25:00.3535060Z shell: /bin/bash -e {0}
2022-12-27T11:25:00.3535310Z env:
2022-12-27T11:25:00.3535690Z   pythonLocation: /Users/runner/hostedtoolcache/Python/3.9.16/x64
2022-12-27T11:25:00.3536310Z   PKG_CONFIG_PATH: /Users/runner/hostedtoolcache/Python/3.9.16/x64/lib/pkgconfig
2022-12-27T11:25:00.3536930Z   Python_ROOT_DIR: /Users/runner/hostedtoolcache/Python/3.9.16/x64
2022-12-27T11:25:00.3537320Z   Python2_ROOT_DIR: /Users/runner/hostedtoolcache/Python/3.9.16/x64
2022-12-27T11:25:00.3537760Z   Python3_ROOT_DIR: /Users/runner/hostedtoolcache/Python/3.9.16/x64
2022-12-27T11:25:00.3538140Z   CIBW_ARCHS_MACOS: arm64
2022-12-27T11:25:00.3538460Z   CIBW_TEST_SKIP: *_arm64
2022-12-27T11:25:00.3538840Z   CIBW_BUILD: cp39-macosx_arm64
2022-12-27T11:25:00.3539190Z   CIBW_BUILD_FRONTEND: pip
2022-12-27T11:25:00.3539520Z   CIBW_BUILD_VERBOSITY: 3
2022-12-27T11:25:00.3540030Z   CIBW_ENVIRONMENT_MACOS:  CFLAGS="-I/usr/local/opt/openssl@3/include" LDFLAGS="-L/usr/local/opt/openssl@3/lib" CPPFLAGS="-I/usr/local/opt/openssl@3/include" MAKEFLAGS="-j$(sysctl -n hw.logicalcpu)" PATH=/usr/local/opt/ccache/libexec:$PATH
2022-12-27T11:25:00.3540720Z   CIBW_BEFORE_BUILD: pip install Cython; if [[ -f requirements.txt ]]; then pip install -r requirements.txt; fi
2022-12-27T11:25:00.3541260Z   MAKEFLAGS: -j$(sysctl -n hw.logicalcpu)
2022-12-27T11:25:00.3541600Z ##[endgroup]
2022-12-27T11:25:01.0984040Z Requirement already satisfied: cibuildwheel==2.11.3 in /Users/runner/hostedtoolcache/Python/3.9.16/x64/lib/python3.9/site-packages (2.11.3)
2022-12-27T11:25:01.1378550Z Requirement already satisfied: certifi in /Users/runner/hostedtoolcache/Python/3.9.16/x64/lib/python3.9/site-packages (from cibuildwheel==2.11.3) (2022.12.7)
2022-12-27T11:25:01.1382970Z Requirement already satisfied: filelock in /Users/runner/hostedtoolcache/Python/3.9.16/x64/lib/python3.9/site-packages (from cibuildwheel==2.11.3) (3.8.2)
2022-12-27T11:25:01.1387740Z Requirement already satisfied: platformdirs in /Users/runner/hostedtoolcache/Python/3.9.16/x64/lib/python3.9/site-packages (from cibuildwheel==2.11.3) (2.6.0)
2022-12-27T11:25:01.1394940Z Requirement already satisfied: packaging>=20.9 in /Users/runner/hostedtoolcache/Python/3.9.16/x64/lib/python3.9/site-packages (from cibuildwheel==2.11.3) (22.0)
2022-12-27T11:25:01.1410020Z Requirement already satisfied: typing-extensions>=4.1.0 in /Users/runner/hostedtoolcache/Python/3.9.16/x64/lib/python3.9/site-packages (from cibuildwheel==2.11.3) (4.4.0)
2022-12-27T11:25:01.1420560Z Requirement already satisfied: tomli in /Users/runner/hostedtoolcache/Python/3.9.16/x64/lib/python3.9/site-packages (from cibuildwheel==2.11.3) (2.0.1)
2022-12-27T11:25:01.1424350Z Requirement already satisfied: bracex in /Users/runner/hostedtoolcache/Python/3.9.16/x64/lib/python3.9/site-packages (from cibuildwheel==2.11.3) (2.3.post1)
2022-12-27T11:25:01.1432180Z Requirement already satisfied: bashlex!=0.13 in /Users/runner/hostedtoolcache/Python/3.9.16/x64/lib/python3.9/site-packages (from cibuildwheel==2.11.3) (0.16)
2022-12-27T11:25:01.4607710Z 
2022-12-27T11:25:01.4608200Z      _ _       _ _   _       _           _
2022-12-27T11:25:01.4610350Z  ___|_| |_ _ _|_| |_| |_ _ _| |_ ___ ___| |
2022-12-27T11:25:01.4611880Z |  _| | . | | | | | . | | | |   | -_| -_| |
2022-12-27T11:25:01.4612890Z |___|_|___|___|_|_|___|_____|_|_|___|___|_|
2022-12-27T11:25:01.4614500Z 
2022-12-27T11:25:01.4614770Z cibuildwheel version 2.11.3
2022-12-27T11:25:01.4615210Z 
2022-12-27T11:25:01.4615400Z Build options:
2022-12-27T11:25:01.4615770Z   platform: macos
2022-12-27T11:25:01.4705790Z   architectures: arm64[0m
2022-12-27T11:25:01.4706850Z   build_selector: 
2022-12-27T11:25:01.4708350Z     build_config: cp39-macosx_arm64
2022-12-27T11:25:01.4709140Z     skip_config: 
2022-12-27T11:25:01.4711500Z     requires_python: None
2022-12-27T11:25:01.4713760Z     prerelease_pythons: False[0m
2022-12-27T11:25:01.4716410Z   [38;5;244mcontainer_engine: docker[0m
2022-12-27T11:25:01.4718150Z   output_dir: /Users/runner/actions-runner/_work/python.build/python.build/build_lxml2039/wheelsout[0m
2022-12-27T11:25:01.4720500Z   package_dir: /Users/runner/actions-runner/_work/python.build/python.build/build_lxml2039/lxml-2.0[0m
2022-12-27T11:25:01.4721690Z   test_selector: 
2022-12-27T11:25:01.4722670Z     skip_config: *_arm64[0m
2022-12-27T11:25:01.4724220Z   [38;5;244mbefore_all: [0m
2022-12-27T11:25:01.4725390Z   before_build: pip install Cython; if [[ -f requirements.txt ]]; then pip install -r requirements.txt; fi[0m
2022-12-27T11:25:01.4726370Z   [38;5;244mbefore_test: [0m
2022-12-27T11:25:01.4727050Z   [38;5;244mbuild_frontend: pip[0m
2022-12-27T11:25:01.4727830Z   build_verbosity: 3[0m
2022-12-27T11:25:01.4728890Z   [38;5;244mconfig_settings: [0m
2022-12-27T11:25:01.4729670Z   [38;5;244mdependency_constraints: pinned[0m
2022-12-27T11:25:01.4730340Z   environment: 
2022-12-27T11:25:01.4731180Z     CFLAGS="-I/usr/local/opt/openssl@3/include"
2022-12-27T11:25:01.4731950Z     LDFLAGS="-L/usr/local/opt/openssl@3/lib"
2022-12-27T11:25:01.4733090Z     CPPFLAGS="-I/usr/local/opt/openssl@3/include"
2022-12-27T11:25:01.4733990Z     MAKEFLAGS="-j$(sysctl -n hw.logicalcpu)"
2022-12-27T11:25:01.4734780Z     PATH=/usr/local/opt/ccache/libexec:$PATH[0m
2022-12-27T11:25:01.4735640Z   [38;5;244mmanylinux_images: None[0m
2022-12-27T11:25:01.4736790Z   [38;5;244mmusllinux_images: None[0m
2022-12-27T11:25:01.4738040Z   [38;5;244mrepair_command: delocate-wheel --require-archs {delocate_archs} -w {dest_dir} -v {wheel}[0m
2022-12-27T11:25:01.4739140Z   [38;5;244mtest_command: [0m
2022-12-27T11:25:01.4740790Z   [38;5;244mtest_extras: [0m
2022-12-27T11:25:01.4741580Z   [38;5;244mtest_requires: [0m
2022-12-27T11:25:01.4741860Z 
2022-12-27T11:25:01.4742530Z Cache folder: /Users/runner/Library/Caches/cibuildwheel
2022-12-27T11:25:01.4742990Z 
2022-12-27T11:25:01.4743250Z Here we go!
2022-12-27T11:25:01.4743710Z 
2022-12-27T11:25:01.4900070Z 
2022-12-27T11:25:01.4901770Z [1m[34mBuilding cp39-macosx_arm64 wheel[0m
2022-12-27T11:25:01.4902790Z CPython 3.9 macOS arm64 - Apple Silicon
2022-12-27T11:25:01.4903080Z 
2022-12-27T11:25:01.4906130Z ##[group]Installing Python cp39...
2022-12-27T11:25:01.4906570Z 
2022-12-27T11:25:01.4907330Z + pkgutil --pkgs
2022-12-27T11:25:01.5099000Z ##[endgroup]
2022-12-27T11:25:01.5101580Z                                                               [32mâœ“ [0m0.02s
2022-12-27T11:25:01.5102980Z ##[group]Setting up build environment...
2022-12-27T11:25:01.5103430Z 
2022-12-27T11:25:01.5135380Z + /Users/runner/hostedtoolcache/Python/3.9.16/x64/bin/python -sS /Users/runner/Library/Caches/cibuildwheel/virtualenv-20.17.0.pyz --activators= --no-periodic-update --pip=22.3.1 --setuptools=65.6.3 --wheel=0.38.4 --symlink-app-data --python /Library/Frameworks/Python.framework/Versions/3.9/bin/python3 /private/var/folders/51/hd414ycd67n82196sw51xqtc0000gn/T/cibw-run-m2g947ze/cp39-macosx_arm64/build/venv
2022-12-27T11:25:01.8196360Z created virtual environment CPython3.9.13.final.0-64 in 79ms
2022-12-27T11:25:01.8197220Z   creator CPython3Posix(dest=/private/var/folders/51/hd414ycd67n82196sw51xqtc0000gn/T/cibw-run-m2g947ze/cp39-macosx_arm64/build/venv, clear=False, no_vcs_ignore=False, global=False)
2022-12-27T11:25:01.8198410Z   seeder FromAppData(download=False, pip=22.3.1, setuptools=65.6.3, wheel=0.38.4, via=symlink, app_data_dir=/Users/runner/Library/Application Support/virtualenv)
2022-12-27T11:25:01.8393330Z     added seed packages: pip==22.3.1, setuptools==65.6.3, wheel==0.38.4
2022-12-27T11:25:01.8395190Z + python -m pip install --upgrade pip -c /Users/runner/hostedtoolcache/Python/3.9.16/x64/lib/python3.9/site-packages/cibuildwheel/resources/constraints-python39.txt
2022-12-27T11:25:02.3446730Z Requirement already satisfied: pip in ./lib/python3.9/site-packages (22.3.1)
2022-12-27T11:25:02.6371560Z + which pip
2022-12-27T11:25:02.6411140Z /private/var/folders/51/hd414ycd67n82196sw51xqtc0000gn/T/cibw-run-m2g947ze/cp39-macosx_arm64/build/venv/bin/pip
2022-12-27T11:25:02.6419800Z + pip --version
2022-12-27T11:25:03.0236190Z pip 22.3.1 from /private/var/folders/51/hd414ycd67n82196sw51xqtc0000gn/T/cibw-run-m2g947ze/cp39-macosx_arm64/build/venv/lib/python3.9/site-packages/pip (python 3.9)
2022-12-27T11:25:03.0824180Z + which pip
2022-12-27T11:25:03.0893710Z + which python
2022-12-27T11:25:03.0930690Z /private/var/folders/51/hd414ycd67n82196sw51xqtc0000gn/T/cibw-run-m2g947ze/cp39-macosx_arm64/build/venv/bin/python
2022-12-27T11:25:03.0934920Z + python --version
2022-12-27T11:25:03.1031800Z Python 3.9.13
2022-12-27T11:25:03.1038820Z + which python
2022-12-27T11:25:03.1141920Z ##[endgroup]
2022-12-27T11:25:03.1143630Z                                                               [32mâœ“ [0m1.60s
2022-12-27T11:25:03.1145060Z ##[group]Installing build tools...
2022-12-27T11:25:03.1145290Z 
2022-12-27T11:25:03.1145840Z + pip install --upgrade setuptools wheel delocate -c /Users/runner/hostedtoolcache/Python/3.9.16/x64/lib/python3.9/site-packages/cibuildwheel/resources/constraints-python39.txt
2022-12-27T11:25:03.6158040Z Requirement already satisfied: setuptools in /private/var/folders/51/hd414ycd67n82196sw51xqtc0000gn/T/cibw-run-m2g947ze/cp39-macosx_arm64/build/venv/lib/python3.9/site-packages (65.6.3)
2022-12-27T11:25:04.0414790Z Requirement already satisfied: wheel in /private/var/folders/51/hd414ycd67n82196sw51xqtc0000gn/T/cibw-run-m2g947ze/cp39-macosx_arm64/build/venv/lib/python3.9/site-packages (0.38.4)
2022-12-27T11:25:04.1362600Z Collecting delocate
2022-12-27T11:25:04.1428710Z   Using cached delocate-0.10.3-py3-none-any.whl (142 kB)
2022-12-27T11:25:04.2023620Z Collecting packaging>=20.9
2022-12-27T11:25:04.2081430Z   Using cached packaging-21.3-py3-none-any.whl (40 kB)
2022-12-27T11:25:04.2413270Z Collecting typing-extensions
2022-12-27T11:25:04.2458660Z   Using cached typing_extensions-4.4.0-py3-none-any.whl (26 kB)
2022-12-27T11:25:04.3131190Z Collecting pyparsing!=3.0.5,>=2.0.2
2022-12-27T11:25:04.3184460Z   Using cached pyparsing-3.0.9-py3-none-any.whl (98 kB)
2022-12-27T11:25:04.3855130Z Installing collected packages: typing-extensions, pyparsing, packaging, delocate
2022-12-27T11:25:04.6370630Z Successfully installed delocate-0.10.3 packaging-21.3 pyparsing-3.0.9 typing-extensions-4.4.0
2022-12-27T11:25:04.7400170Z ##[endgroup]
2022-12-27T11:25:04.7401660Z                                                               [32mâœ“ [0m1.63s
2022-12-27T11:25:04.7403100Z ##[group]Running before_build...
2022-12-27T11:25:04.7403540Z 
2022-12-27T11:25:04.7411700Z + pip install Cython; if [[ -f requirements.txt ]]; then pip install -r requirements.txt; fi
2022-12-27T11:25:06.0209220Z Collecting Cython
2022-12-27T11:25:06.0299470Z   Using cached Cython-0.29.32-py2.py3-none-any.whl (986 kB)
2022-12-27T11:25:06.1088650Z Installing collected packages: Cython
2022-12-27T11:25:06.9893660Z Successfully installed Cython-0.29.32
2022-12-27T11:25:07.0858460Z ##[endgroup]
2022-12-27T11:25:07.0860130Z                                                               [32mâœ“ [0m2.35s
2022-12-27T11:25:07.0861180Z ##[group]Building wheel...
2022-12-27T11:25:07.0861600Z 
2022-12-27T11:25:07.0867270Z + python -m pip wheel /Users/runner/actions-runner/_work/python.build/python.build/build_lxml2039/lxml-2.0 --wheel-dir=/private/var/folders/51/hd414ycd67n82196sw51xqtc0000gn/T/cibw-run-m2g947ze/cp39-macosx_arm64/built_wheel --no-deps -vvv
2022-12-27T11:25:07.5395320Z Created temporary directory: /private/var/folders/51/hd414ycd67n82196sw51xqtc0000gn/T/pip-ephem-wheel-cache-48dqo94y
2022-12-27T11:25:07.5400260Z Created temporary directory: /private/var/folders/51/hd414ycd67n82196sw51xqtc0000gn/T/pip-build-tracker-e2jntiqu
2022-12-27T11:25:07.5402980Z Initialized build tracking at /private/var/folders/51/hd414ycd67n82196sw51xqtc0000gn/T/pip-build-tracker-e2jntiqu
2022-12-27T11:25:07.5404820Z Created build tracker: /private/var/folders/51/hd414ycd67n82196sw51xqtc0000gn/T/pip-build-tracker-e2jntiqu
2022-12-27T11:25:07.5407980Z Entered build tracker: /private/var/folders/51/hd414ycd67n82196sw51xqtc0000gn/T/pip-build-tracker-e2jntiqu
2022-12-27T11:25:07.5413100Z Created temporary directory: /private/var/folders/51/hd414ycd67n82196sw51xqtc0000gn/T/pip-wheel-eqtcknkj
2022-12-27T11:25:07.5424290Z Created temporary directory: /private/var/folders/51/hd414ycd67n82196sw51xqtc0000gn/T/pip-ephem-wheel-cache-l55mh9xh
2022-12-27T11:25:07.5727510Z Processing /Users/runner/actions-runner/_work/python.build/python.build/build_lxml2039/lxml-2.0
2022-12-27T11:25:07.5735870Z   Added file:///Users/runner/actions-runner/_work/python.build/python.build/build_lxml2039/lxml-2.0 to build tracker '/private/var/folders/51/hd414ycd67n82196sw51xqtc0000gn/T/pip-build-tracker-e2jntiqu'
2022-12-27T11:25:07.5742170Z   Running setup.py (path:/Users/runner/actions-runner/_work/python.build/python.build/build_lxml2039/lxml-2.0/setup.py) egg_info for package from file:///Users/runner/actions-runner/_work/python.build/python.build/build_lxml2039/lxml-2.0
2022-12-27T11:25:07.5748540Z   Created temporary directory: /private/var/folders/51/hd414ycd67n82196sw51xqtc0000gn/T/pip-pip-egg-info-nnuiut_q
2022-12-27T11:25:07.5751210Z   Preparing metadata (setup.py): started
2022-12-27T11:25:07.5755680Z   Running command python setup.py egg_info
2022-12-27T11:25:08.2421310Z   Building with Cython 0.29.32.
2022-12-27T11:25:08.2423310Z   Building lxml version 2.0.
2022-12-27T11:25:08.2428520Z   running egg_info
2022-12-27T11:25:08.2436570Z   creating /private/var/folders/51/hd414ycd67n82196sw51xqtc0000gn/T/pip-pip-egg-info-nnuiut_q/lxml.egg-info
2022-12-27T11:25:08.2439860Z   writing /private/var/folders/51/hd414ycd67n82196sw51xqtc0000gn/T/pip-pip-egg-info-nnuiut_q/lxml.egg-info/PKG-INFO
2022-12-27T11:25:08.2442620Z   writing dependency_links to /private/var/folders/51/hd414ycd67n82196sw51xqtc0000gn/T/pip-pip-egg-info-nnuiut_q/lxml.egg-info/dependency_links.txt
2022-12-27T11:25:08.2444360Z   writing top-level names to /private/var/folders/51/hd414ycd67n82196sw51xqtc0000gn/T/pip-pip-egg-info-nnuiut_q/lxml.egg-info/top_level.txt
2022-12-27T11:25:08.2452970Z   writing manifest file '/private/var/folders/51/hd414ycd67n82196sw51xqtc0000gn/T/pip-pip-egg-info-nnuiut_q/lxml.egg-info/SOURCES.txt'
2022-12-27T11:25:08.2548250Z   reading manifest file '/private/var/folders/51/hd414ycd67n82196sw51xqtc0000gn/T/pip-pip-egg-info-nnuiut_q/lxml.egg-info/SOURCES.txt'
2022-12-27T11:25:08.2553810Z   reading manifest template 'MANIFEST.in'
2022-12-27T11:25:08.4180390Z   warning: no previously-included files found matching 'doc/pyrex.txt'
2022-12-27T11:25:08.4182090Z   adding license file 'LICENSES.txt'
2022-12-27T11:25:08.4292400Z   writing manifest file '/private/var/folders/51/hd414ycd67n82196sw51xqtc0000gn/T/pip-pip-egg-info-nnuiut_q/lxml.egg-info/SOURCES.txt'
2022-12-27T11:25:08.4837170Z   Preparing metadata (setup.py): finished with status 'done'
2022-12-27T11:25:08.4877650Z   Source in /Users/runner/actions-runner/_work/python.build/python.build/build_lxml2039/lxml-2.0 has version 2.0, which satisfies requirement lxml==2.0 from file:///Users/runner/actions-runner/_work/python.build/python.build/build_lxml2039/lxml-2.0
2022-12-27T11:25:08.4880410Z   Removed lxml==2.0 from file:///Users/runner/actions-runner/_work/python.build/python.build/build_lxml2039/lxml-2.0 from build tracker '/private/var/folders/51/hd414ycd67n82196sw51xqtc0000gn/T/pip-build-tracker-e2jntiqu'
2022-12-27T11:25:08.4910600Z Created temporary directory: /private/var/folders/51/hd414ycd67n82196sw51xqtc0000gn/T/pip-unpack-2dnkpaw1
2022-12-27T11:25:08.4911710Z Building wheels for collected packages: lxml
2022-12-27T11:25:08.4921390Z   Created temporary directory: /private/var/folders/51/hd414ycd67n82196sw51xqtc0000gn/T/pip-wheel-stfruuib
2022-12-27T11:25:08.4923320Z   Building wheel for lxml (setup.py): started
2022-12-27T11:25:08.4926850Z   Destination directory: /private/var/folders/51/hd414ycd67n82196sw51xqtc0000gn/T/pip-wheel-stfruuib
2022-12-27T11:25:08.4929310Z   Running command python setup.py bdist_wheel
2022-12-27T11:25:08.9411380Z   Building with Cython 0.29.32.
2022-12-27T11:25:08.9412410Z   Building lxml version 2.0.
2022-12-27T11:25:09.1635480Z   running bdist_wheel
2022-12-27T11:25:09.1715800Z   running build
2022-12-27T11:25:09.1716910Z   running build_py
2022-12-27T11:25:09.1749720Z   creating build
2022-12-27T11:25:09.1752010Z   creating build/lib.macosx-11.0-arm64-cpython-39
2022-12-27T11:25:09.1753560Z   creating build/lib.macosx-11.0-arm64-cpython-39/lxml
2022-12-27T11:25:09.1757000Z   copying src/lxml/_elementpath.py -> build/lib.macosx-11.0-arm64-cpython-39/lxml
2022-12-27T11:25:09.1759870Z   copying src/lxml/sax.py -> build/lib.macosx-11.0-arm64-cpython-39/lxml
2022-12-27T11:25:09.1770900Z   copying src/lxml/__init__.py -> build/lib.macosx-11.0-arm64-cpython-39/lxml
2022-12-27T11:25:09.1777480Z   copying src/lxml/builder.py -> build/lib.macosx-11.0-arm64-cpython-39/lxml
2022-12-27T11:25:09.1780390Z   copying src/lxml/doctestcompare.py -> build/lib.macosx-11.0-arm64-cpython-39/lxml
2022-12-27T11:25:09.1783400Z   copying src/lxml/usedoctest.py -> build/lib.macosx-11.0-arm64-cpython-39/lxml
2022-12-27T11:25:09.1785830Z   copying src/lxml/cssselect.py -> build/lib.macosx-11.0-arm64-cpython-39/lxml
2022-12-27T11:25:09.1788510Z   copying src/lxml/htmlbuilder.py -> build/lib.macosx-11.0-arm64-cpython-39/lxml
2022-12-27T11:25:09.1791350Z   copying src/lxml/ElementInclude.py -> build/lib.macosx-11.0-arm64-cpython-39/lxml
2022-12-27T11:25:09.1804260Z   creating build/lib.macosx-11.0-arm64-cpython-39/lxml/html
2022-12-27T11:25:09.1806540Z   copying src/lxml/html/defs.py -> build/lib.macosx-11.0-arm64-cpython-39/lxml/html
2022-12-27T11:25:09.1809410Z   copying src/lxml/html/setmixin.py -> build/lib.macosx-11.0-arm64-cpython-39/lxml/html
2022-12-27T11:25:09.1818590Z   copying src/lxml/html/clean.py -> build/lib.macosx-11.0-arm64-cpython-39/lxml/html
2022-12-27T11:25:09.1821780Z   copying src/lxml/html/_diffcommand.py -> build/lib.macosx-11.0-arm64-cpython-39/lxml/html
2022-12-27T11:25:09.1824430Z   copying src/lxml/html/__init__.py -> build/lib.macosx-11.0-arm64-cpython-39/lxml/html
2022-12-27T11:25:09.1832380Z   copying src/lxml/html/formfill.py -> build/lib.macosx-11.0-arm64-cpython-39/lxml/html
2022-12-27T11:25:09.1835130Z   copying src/lxml/html/builder.py -> build/lib.macosx-11.0-arm64-cpython-39/lxml/html
2022-12-27T11:25:09.1838140Z   copying src/lxml/html/ElementSoup.py -> build/lib.macosx-11.0-arm64-cpython-39/lxml/html
2022-12-27T11:25:09.1843590Z   copying src/lxml/html/usedoctest.py -> build/lib.macosx-11.0-arm64-cpython-39/lxml/html
2022-12-27T11:25:09.1846630Z   copying src/lxml/html/diff.py -> build/lib.macosx-11.0-arm64-cpython-39/lxml/html
2022-12-27T11:25:09.1852740Z   copying src/lxml/html/_dictmixin.py -> build/lib.macosx-11.0-arm64-cpython-39/lxml/html
2022-12-27T11:25:09.1871160Z   running build_ext
2022-12-27T11:25:09.2633050Z   skipping 'src/lxml/lxml.etree.c' Cython extension (up-to-date)
2022-12-27T11:25:09.2634260Z   skipping 'src/lxml/lxml.objectify.c' Cython extension (up-to-date)
2022-12-27T11:25:09.2639470Z   skipping 'src/lxml/lxml.pyclasslookup.c' Cython extension (up-to-date)
2022-12-27T11:25:09.2645310Z   building 'lxml.etree' extension
2022-12-27T11:25:09.2650320Z   creating build/temp.macosx-11.0-arm64-cpython-39
2022-12-27T11:25:09.2655930Z   creating build/temp.macosx-11.0-arm64-cpython-39/src
2022-12-27T11:25:09.2661310Z   creating build/temp.macosx-11.0-arm64-cpython-39/src/lxml
2022-12-27T11:25:09.2670900Z   gcc -Wno-unused-result -Wsign-compare -Wunreachable-code -fno-common -dynamic -DNDEBUG -g -fwrapv -O3 -Wall -g -I/usr/local/opt/openssl@3/include -I/usr/local/opt/openssl@3/include -arch arm64 -I/private/var/folders/51/hd414ycd67n82196sw51xqtc0000gn/T/cibw-run-m2g947ze/cp39-macosx_arm64/build/venv/include -I/Library/Frameworks/Python.framework/Versions/3.9/include/python3.9 -c src/lxml/lxml.etree.c -o build/temp.macosx-11.0-arm64-cpython-39/src/lxml/lxml.etree.o -w b'-I/Library/Developer/CommandLineTools/SDKs/MacOSX12.1.sdk/usr/include\n'
2022-12-27T11:25:09.3103770Z   clang: error: no such file or directory: 'b'-I/Library/Developer/CommandLineTools/SDKs/MacOSX12.1.sdk/usr/include\n''
2022-12-27T11:25:09.3129580Z   error: command '/usr/bin/gcc' failed with exit code 1
2022-12-27T11:25:09.3784170Z   error: subprocess-exited-with-error
2022-12-27T11:25:09.3785880Z   
2022-12-27T11:25:09.3787050Z   Ã— python setup.py bdist_wheel did not run successfully.
2022-12-27T11:25:09.3932210Z   â”‚ exit code: 1
2022-12-27T11:25:09.3933450Z   â•°â”€> See above for output.
2022-12-27T11:25:09.3934400Z   
2022-12-27T11:25:09.3935070Z   note: This error originates from a subprocess, and is likely not a problem with pip.
2022-12-27T11:25:09.3936360Z   full command: /private/var/folders/51/hd414ycd67n82196sw51xqtc0000gn/T/cibw-run-m2g947ze/cp39-macosx_arm64/build/venv/bin/python -u -c '
2022-12-27T11:25:09.3937410Z   exec(compile('"'"''"'"''"'"'
2022-12-27T11:25:09.3938270Z   # This is <pip-setuptools-caller> -- a caller that pip uses to run setup.py
2022-12-27T11:25:09.3938830Z   #
2022-12-27T11:25:09.3939570Z   # - It imports setuptools before invoking setup.py, to enable projects that directly
2022-12-27T11:25:09.3940240Z   #   import from `distutils.core` to work with newer packaging standards.
2022-12-27T11:25:09.3941040Z   # - It provides a clear error message when setuptools is not installed.
2022-12-27T11:25:09.3941880Z   # - It sets `sys.argv[0]` to the underlying `setup.py`, when invoking `setup.py` so
2022-12-27T11:25:09.3942630Z   #   setuptools doesn'"'"'t think the script is `-c`. This avoids the following warning:
2022-12-27T11:25:09.3943430Z   #     manifest_maker: standard file '"'"'-c'"'"' not found".
2022-12-27T11:25:09.3944090Z   # - It generates a shim setup.py, for handling setup.cfg-only projects.
2022-12-27T11:25:09.3946010Z   import os, sys, tokenize
2022-12-27T11:25:09.3946400Z   
2022-12-27T11:25:09.3946840Z   try:
2022-12-27T11:25:09.3947250Z       import setuptools
2022-12-27T11:25:09.3947670Z   except ImportError as error:
2022-12-27T11:25:09.3949320Z       print(
2022-12-27T11:25:09.3949890Z           "ERROR: Can not execute `setup.py` since setuptools is not available in "
2022-12-27T11:25:09.3950600Z   Building wheel for lxml (setup.py): finished with status 'error'
2022-12-27T11:25:09.3951140Z   Running setup.py clean for lxml
2022-12-27T11:25:09.3951660Z           "the build environment.",
2022-12-27T11:25:09.3952050Z           file=sys.stderr,
2022-12-27T11:25:09.3952470Z       )
2022-12-27T11:25:09.3952850Z       sys.exit(1)
2022-12-27T11:25:09.3953190Z   
2022-12-27T11:25:09.3953600Z   __file__ = %r
2022-12-27T11:25:09.3953940Z   sys.argv[0] = __file__
2022-12-27T11:25:09.3954300Z   
2022-12-27T11:25:09.3954930Z   if os.path.exists(__file__):
2022-12-27T11:25:09.3955710Z       filename = __file__
2022-12-27T11:25:09.3956300Z       with tokenize.open(__file__) as f:
2022-12-27T11:25:09.3957270Z           setup_py_code = f.read()
2022-12-27T11:25:09.3957890Z   else:
2022-12-27T11:25:09.3958780Z       filename = "<auto-generated setuptools caller>"
2022-12-27T11:25:09.3959470Z       setup_py_code = "from setuptools import setup; setup()"
2022-12-27T11:25:09.3960150Z   
2022-12-27T11:25:09.3960800Z   exec(compile(setup_py_code, filename, "exec"))
2022-12-27T11:25:09.3962310Z   '"'"''"'"''"'"' % ('"'"'/Users/runner/actions-runner/_work/python.build/python.build/build_lxml2039/lxml-2.0/setup.py'"'"',), "<pip-setuptools-caller>", "exec"))' bdist_wheel -d /private/var/folders/51/hd414ycd67n82196sw51xqtc0000gn/T/pip-wheel-stfruuib
2022-12-27T11:25:09.3964370Z   cwd: /Users/runner/actions-runner/_work/python.build/python.build/build_lxml2039/lxml-2.0/
2022-12-27T11:25:09.3965170Z   ERROR: Failed building wheel for lxml
2022-12-27T11:25:09.3965650Z   Running command python setup.py clean
2022-12-27T11:25:09.8217460Z   Building with Cython 0.29.32.
2022-12-27T11:25:09.8219760Z   Building lxml version 2.0.
2022-12-27T11:25:10.0347370Z   running clean
2022-12-27T11:25:10.0390250Z   removing 'build/temp.macosx-11.0-arm64-cpython-39' (and everything under it)
2022-12-27T11:25:10.0395690Z   removing 'build/lib.macosx-11.0-arm64-cpython-39' (and everything under it)
2022-12-27T11:25:10.0436090Z   'build/bdist.macosx-11.0-arm64' does not exist -- can't clean it
2022-12-27T11:25:10.0437460Z   'build/scripts-3.9' does not exist -- can't clean it
2022-12-27T11:25:10.0438610Z   removing 'build'
2022-12-27T11:25:10.1025590Z Failed to build lxml
2022-12-27T11:25:10.1033170Z ERROR: Failed to build one or more wheels
2022-12-27T11:25:10.1050370Z Exception information:
2022-12-27T11:25:10.1051010Z Traceback (most recent call last):
2022-12-27T11:25:10.1067210Z   File "/private/var/folders/51/hd414ycd67n82196sw51xqtc0000gn/T/cibw-run-m2g947ze/cp39-macosx_arm64/build/venv/lib/python3.9/site-packages/pip/_internal/cli/base_command.py", line 160, in exc_logging_wrapper
2022-12-27T11:25:10.1067830Z     status = run_func(*args)
2022-12-27T11:25:10.1068640Z   File "/private/var/folders/51/hd414ycd67n82196sw51xqtc0000gn/T/cibw-run-m2g947ze/cp39-macosx_arm64/build/venv/lib/python3.9/site-packages/pip/_internal/cli/req_command.py", line 247, in wrapper
2022-12-27T11:25:10.1069160Z     return func(self, options, args)
2022-12-27T11:25:10.1069930Z   File "/private/var/folders/51/hd414ycd67n82196sw51xqtc0000gn/T/cibw-run-m2g947ze/cp39-macosx_arm64/build/venv/lib/python3.9/site-packages/pip/_internal/commands/wheel.py", line 201, in run
2022-12-27T11:25:10.1070620Z     raise CommandError("Failed to build one or more wheels")
2022-12-27T11:25:10.1071030Z pip._internal.exceptions.CommandError: Failed to build one or more wheels
2022-12-27T11:25:10.1071680Z Removed build tracker: '/private/var/folders/51/hd414ycd67n82196sw51xqtc0000gn/T/pip-build-tracker-e2jntiqu'
2022-12-27T11:25:10.2089050Z ##[endgroup]
2022-12-27T11:25:10.2155470Z ##[error]Command ['python', '-m', 'pip', 'wheel', '/Users/runner/actions-runner/_work/python.build/python.build/build_lxml2039/lxml-2.0', '--wheel-dir=/private/var/folders/51/hd414ycd67n82196sw51xqtc0000gn/T/cibw-run-m2g947ze/cp39-macosx_arm64/built_wheel', '--no-deps', '-vvv'] failed with code 1. None
2022-12-27T11:25:10.2174290Z                                                               [31mâœ• [0m3.12s
2022-12-27T11:25:10.2174790Z 
2022-12-27T11:25:10.2962420Z ##[error]Process completed with exit code 1.
2022-12-27T11:25:10.3020430Z ##[group]Run rm -rf build_lxml2039 wheelsout
2022-12-27T11:25:10.3020830Z [36;1mrm -rf build_lxml2039 wheelsout[0m
2022-12-27T11:25:10.3048570Z shell: /bin/bash -e {0}
2022-12-27T11:25:10.3048750Z env:
2022-12-27T11:25:10.3049070Z   pythonLocation: /Users/runner/hostedtoolcache/Python/3.9.16/x64
2022-12-27T11:25:10.3049490Z   PKG_CONFIG_PATH: /Users/runner/hostedtoolcache/Python/3.9.16/x64/lib/pkgconfig
2022-12-27T11:25:10.3049870Z   Python_ROOT_DIR: /Users/runner/hostedtoolcache/Python/3.9.16/x64
2022-12-27T11:25:10.3050320Z   Python2_ROOT_DIR: /Users/runner/hostedtoolcache/Python/3.9.16/x64
2022-12-27T11:25:10.3050690Z   Python3_ROOT_DIR: /Users/runner/hostedtoolcache/Python/3.9.16/x64
2022-12-27T11:25:10.3050980Z ##[endgroup]
2022-12-27T11:25:10.4024350Z Cleaning up orphan processes
