2022-12-27T08:51:25.7530084Z Requested labels: self-hosted, macOS, X64
2022-12-27T08:51:25.7530167Z Job defined at: kilnbuild/python.build/.github/workflows/mac_arm_build.yml@refs/heads/main
2022-12-27T08:51:25.7530195Z Waiting for a runner to pick up this job...
2022-12-27T11:23:15.8679950Z Job is about to start running on the runner: k2 (organization)
2022-12-27T11:23:17.6259650Z Current runner version: '2.300.2'
2022-12-27T11:23:17.6264350Z Runner name: 'k2'
2022-12-27T11:23:17.6264590Z Runner group name: 'Default'
2022-12-27T11:23:17.6264990Z Machine name: 'k2'
2022-12-27T11:23:17.6266420Z ##[group]GITHUB_TOKEN Permissions
2022-12-27T11:23:17.6266870Z Actions: write
2022-12-27T11:23:17.6267000Z Checks: write
2022-12-27T11:23:17.6267130Z Contents: write
2022-12-27T11:23:17.6267260Z Deployments: write
2022-12-27T11:23:17.6267400Z Discussions: write
2022-12-27T11:23:17.6267530Z Issues: write
2022-12-27T11:23:17.6267650Z Metadata: read
2022-12-27T11:23:17.6267780Z Packages: write
2022-12-27T11:23:17.6267910Z Pages: write
2022-12-27T11:23:17.6268040Z PullRequests: write
2022-12-27T11:23:17.6268200Z RepositoryProjects: write
2022-12-27T11:23:17.6268360Z SecurityEvents: write
2022-12-27T11:23:17.6268500Z Statuses: write
2022-12-27T11:23:17.6268630Z ##[endgroup]
2022-12-27T11:23:17.6271350Z Secret source: Actions
2022-12-27T11:23:17.6271660Z Prepare workflow directory
2022-12-27T11:23:17.6914130Z Prepare all required actions
2022-12-27T11:23:17.7030980Z Getting action download info
2022-12-27T11:23:18.2018960Z Download action repository 'actions/setup-python@v4' (SHA:5ccb29d8773c3f3f653e1705f474dfaa8a06a912)
2022-12-27T11:23:19.9567830Z Download action repository 'actions/upload-artifact@v3' (SHA:83fd05a356d7e2593de66fc9913b3002723633cb)
2022-12-27T11:23:21.2637630Z ##[group]Run echo '{
2022-12-27T11:23:21.2637920Z [36;1mecho '{[0m
2022-12-27T11:23:21.2638040Z [36;1m  "package_name": "lxml",[0m
2022-12-27T11:23:21.2638290Z [36;1m  "package_url": "https://files.pythonhosted.org/packages/d8/4b/88f70c46c5058b330558ec705661c83a6c9cba7c67ab01471947acd47002/lxml-2.0alpha2.tar.gz",[0m
2022-12-27T11:23:21.2638860Z [36;1m  "package_version": "2.0alpha2",[0m
2022-12-27T11:23:21.2639020Z [36;1m  "python_version": "3.9",[0m
2022-12-27T11:23:21.2639190Z [36;1m  "use_ccache": "true"[0m
2022-12-27T11:23:21.2639340Z [36;1m}'[0m
2022-12-27T11:23:21.2654840Z shell: /bin/bash -e {0}
2022-12-27T11:23:21.2655020Z ##[endgroup]
2022-12-27T11:23:21.2868130Z {
2022-12-27T11:23:21.2869390Z   "package_name": "lxml",
2022-12-27T11:23:21.2870040Z   "package_url": "https://files.pythonhosted.org/packages/d8/4b/88f70c46c5058b330558ec705661c83a6c9cba7c67ab01471947acd47002/lxml-2.0alpha2.tar.gz",
2022-12-27T11:23:21.2870350Z   "package_version": "2.0alpha2",
2022-12-27T11:23:21.2870560Z   "python_version": "3.9",
2022-12-27T11:23:21.2870740Z   "use_ccache": "true"
2022-12-27T11:23:21.2870900Z }
2022-12-27T11:23:21.3078160Z ##[group]Run actions/setup-python@v4
2022-12-27T11:23:21.3078420Z with:
2022-12-27T11:23:21.3078600Z   python-version: 3.9
2022-12-27T11:23:21.3078750Z   check-latest: false
2022-12-27T11:23:21.3079060Z   token: ***
2022-12-27T11:23:21.3079290Z   update-environment: true
2022-12-27T11:23:21.3079470Z ##[endgroup]
2022-12-27T11:23:21.4270980Z ##[group]Installed versions
2022-12-27T11:23:21.4310170Z Successfully set up CPython (3.9.16)
2022-12-27T11:23:21.4310950Z ##[endgroup]
2022-12-27T11:23:21.4456420Z ##[group]Run if [ "true" == "true" ]
2022-12-27T11:23:21.4456720Z [36;1mif [ "true" == "true" ][0m
2022-12-27T11:23:21.4456910Z [36;1mthen[0m
2022-12-27T11:23:21.4457260Z [36;1m  echo "CCACHE_PATH_PREPEND=/usr/local/opt/ccache/libexec" >> $GITHUB_OUTPUT[0m
2022-12-27T11:23:21.4457440Z [36;1melse[0m
2022-12-27T11:23:21.4457640Z [36;1m  echo "CCACHE_PATH_PREPEND=" >> $GITHUB_OUTPUT[0m
2022-12-27T11:23:21.4458110Z [36;1mfi[0m
2022-12-27T11:23:21.4474480Z shell: /bin/bash -e {0}
2022-12-27T11:23:21.4474650Z env:
2022-12-27T11:23:21.4474870Z   pythonLocation: /Users/runner/hostedtoolcache/Python/3.9.16/x64
2022-12-27T11:23:21.4475150Z   PKG_CONFIG_PATH: /Users/runner/hostedtoolcache/Python/3.9.16/x64/lib/pkgconfig
2022-12-27T11:23:21.4475370Z   Python_ROOT_DIR: /Users/runner/hostedtoolcache/Python/3.9.16/x64
2022-12-27T11:23:21.4475680Z   Python2_ROOT_DIR: /Users/runner/hostedtoolcache/Python/3.9.16/x64
2022-12-27T11:23:21.4475970Z   Python3_ROOT_DIR: /Users/runner/hostedtoolcache/Python/3.9.16/x64
2022-12-27T11:23:21.4476500Z ##[endgroup]
2022-12-27T11:23:21.4586460Z ##[group]Run echo "BUILD_NAME=$(echo lxml_2.0alpha2_3.9 | tr -dc '[:alnum:]\n\r' | tr '[:upper:]' '[:lower:]')" >> $GITHUB_OUTPUT
2022-12-27T11:23:21.4586910Z [36;1mecho "BUILD_NAME=$(echo lxml_2.0alpha2_3.9 | tr -dc '[:alnum:]\n\r' | tr '[:upper:]' '[:lower:]')" >> $GITHUB_OUTPUT[0m
2022-12-27T11:23:21.4600690Z shell: /bin/bash -e {0}
2022-12-27T11:23:21.4600880Z env:
2022-12-27T11:23:21.4601100Z   pythonLocation: /Users/runner/hostedtoolcache/Python/3.9.16/x64
2022-12-27T11:23:21.4641860Z   PKG_CONFIG_PATH: /Users/runner/hostedtoolcache/Python/3.9.16/x64/lib/pkgconfig
2022-12-27T11:23:21.4642110Z   Python_ROOT_DIR: /Users/runner/hostedtoolcache/Python/3.9.16/x64
2022-12-27T11:23:21.4642310Z   Python2_ROOT_DIR: /Users/runner/hostedtoolcache/Python/3.9.16/x64
2022-12-27T11:23:21.4642480Z   Python3_ROOT_DIR: /Users/runner/hostedtoolcache/Python/3.9.16/x64
2022-12-27T11:23:21.4642630Z ##[endgroup]
2022-12-27T11:23:21.4746230Z ##[group]Run echo "PYTHON_NO_DOTS=$(echo 3.9 | tr -dc '[:alnum:]\n\r' | tr '[:upper:]' '[:lower:]')" >> $GITHUB_OUTPUT
2022-12-27T11:23:21.4746670Z [36;1mecho "PYTHON_NO_DOTS=$(echo 3.9 | tr -dc '[:alnum:]\n\r' | tr '[:upper:]' '[:lower:]')" >> $GITHUB_OUTPUT[0m
2022-12-27T11:23:21.4760060Z shell: /bin/bash -e {0}
2022-12-27T11:23:21.4760230Z env:
2022-12-27T11:23:21.4760440Z   pythonLocation: /Users/runner/hostedtoolcache/Python/3.9.16/x64
2022-12-27T11:23:21.4760710Z   PKG_CONFIG_PATH: /Users/runner/hostedtoolcache/Python/3.9.16/x64/lib/pkgconfig
2022-12-27T11:23:21.4760960Z   Python_ROOT_DIR: /Users/runner/hostedtoolcache/Python/3.9.16/x64
2022-12-27T11:23:21.4761200Z   Python2_ROOT_DIR: /Users/runner/hostedtoolcache/Python/3.9.16/x64
2022-12-27T11:23:21.4761390Z   Python3_ROOT_DIR: /Users/runner/hostedtoolcache/Python/3.9.16/x64
2022-12-27T11:23:21.4761590Z ##[endgroup]
2022-12-27T11:23:21.4869130Z ##[group]Run rm -rf build_lxml20alpha239
2022-12-27T11:23:21.4869460Z [36;1mrm -rf build_lxml20alpha239[0m
2022-12-27T11:23:21.4869660Z [36;1mmkdir build_lxml20alpha239[0m
2022-12-27T11:23:21.4869840Z [36;1mcd build_lxml20alpha239[0m
2022-12-27T11:23:21.4870210Z [36;1m/usr/local/bin/wget --quiet https://files.pythonhosted.org/packages/d8/4b/88f70c46c5058b330558ec705661c83a6c9cba7c67ab01471947acd47002/lxml-2.0alpha2.tar.gz[0m
2022-12-27T11:23:21.4870480Z [36;1mtar xf *.tar.gz[0m
2022-12-27T11:23:21.4870610Z [36;1mcd *[0m
2022-12-27T11:23:21.4870790Z [36;1mpython -m pip install cibuildwheel==2.11.3[0m
2022-12-27T11:23:21.4871030Z [36;1mpython -m cibuildwheel --output-dir ../wheelsout[0m
2022-12-27T11:23:21.4884080Z shell: /bin/bash -e {0}
2022-12-27T11:23:21.4884260Z env:
2022-12-27T11:23:21.4884460Z   pythonLocation: /Users/runner/hostedtoolcache/Python/3.9.16/x64
2022-12-27T11:23:21.4884780Z   PKG_CONFIG_PATH: /Users/runner/hostedtoolcache/Python/3.9.16/x64/lib/pkgconfig
2022-12-27T11:23:21.4885020Z   Python_ROOT_DIR: /Users/runner/hostedtoolcache/Python/3.9.16/x64
2022-12-27T11:23:21.4885260Z   Python2_ROOT_DIR: /Users/runner/hostedtoolcache/Python/3.9.16/x64
2022-12-27T11:23:21.4885480Z   Python3_ROOT_DIR: /Users/runner/hostedtoolcache/Python/3.9.16/x64
2022-12-27T11:23:21.4885690Z   CIBW_ARCHS_MACOS: arm64
2022-12-27T11:23:21.4885850Z   CIBW_TEST_SKIP: *_arm64
2022-12-27T11:23:21.4886020Z   CIBW_BUILD: cp39-macosx_arm64
2022-12-27T11:23:21.4886170Z   CIBW_BUILD_FRONTEND: pip
2022-12-27T11:23:21.4886380Z   CIBW_BUILD_VERBOSITY: 3
2022-12-27T11:23:21.4886720Z   CIBW_ENVIRONMENT_MACOS:  CFLAGS="-I/usr/local/opt/openssl@3/include" LDFLAGS="-L/usr/local/opt/openssl@3/lib" CPPFLAGS="-I/usr/local/opt/openssl@3/include" MAKEFLAGS="-j$(sysctl -n hw.logicalcpu)" PATH=/usr/local/opt/ccache/libexec:$PATH
2022-12-27T11:23:21.4887070Z   CIBW_BEFORE_BUILD: pip install Cython; if [[ -f requirements.txt ]]; then pip install -r requirements.txt; fi
2022-12-27T11:23:21.4887290Z   MAKEFLAGS: -j$(sysctl -n hw.logicalcpu)
2022-12-27T11:23:21.4887480Z ##[endgroup]
2022-12-27T11:23:21.9172150Z Requirement already satisfied: cibuildwheel==2.11.3 in /Users/runner/hostedtoolcache/Python/3.9.16/x64/lib/python3.9/site-packages (2.11.3)
2022-12-27T11:23:21.9421490Z Requirement already satisfied: certifi in /Users/runner/hostedtoolcache/Python/3.9.16/x64/lib/python3.9/site-packages (from cibuildwheel==2.11.3) (2022.12.7)
2022-12-27T11:23:21.9424630Z Requirement already satisfied: bracex in /Users/runner/hostedtoolcache/Python/3.9.16/x64/lib/python3.9/site-packages (from cibuildwheel==2.11.3) (2.3.post1)
2022-12-27T11:23:21.9428210Z Requirement already satisfied: filelock in /Users/runner/hostedtoolcache/Python/3.9.16/x64/lib/python3.9/site-packages (from cibuildwheel==2.11.3) (3.8.2)
2022-12-27T11:23:21.9433010Z Requirement already satisfied: packaging>=20.9 in /Users/runner/hostedtoolcache/Python/3.9.16/x64/lib/python3.9/site-packages (from cibuildwheel==2.11.3) (22.0)
2022-12-27T11:23:21.9436110Z Requirement already satisfied: platformdirs in /Users/runner/hostedtoolcache/Python/3.9.16/x64/lib/python3.9/site-packages (from cibuildwheel==2.11.3) (2.6.0)
2022-12-27T11:23:21.9442810Z Requirement already satisfied: tomli in /Users/runner/hostedtoolcache/Python/3.9.16/x64/lib/python3.9/site-packages (from cibuildwheel==2.11.3) (2.0.1)
2022-12-27T11:23:21.9451240Z Requirement already satisfied: typing-extensions>=4.1.0 in /Users/runner/hostedtoolcache/Python/3.9.16/x64/lib/python3.9/site-packages (from cibuildwheel==2.11.3) (4.4.0)
2022-12-27T11:23:21.9456380Z Requirement already satisfied: bashlex!=0.13 in /Users/runner/hostedtoolcache/Python/3.9.16/x64/lib/python3.9/site-packages (from cibuildwheel==2.11.3) (0.16)
2022-12-27T11:23:22.1129160Z 
2022-12-27T11:23:22.1129640Z      _ _       _ _   _       _           _
2022-12-27T11:23:22.1130400Z  ___|_| |_ _ _|_| |_| |_ _ _| |_ ___ ___| |
2022-12-27T11:23:22.1131200Z |  _| | . | | | | | . | | | |   | -_| -_| |
2022-12-27T11:23:22.1132240Z |___|_|___|___|_|_|___|_____|_|_|___|___|_|
2022-12-27T11:23:22.1132510Z 
2022-12-27T11:23:22.1132660Z cibuildwheel version 2.11.3
2022-12-27T11:23:22.1132830Z 
2022-12-27T11:23:22.1132940Z Build options:
2022-12-27T11:23:22.1133330Z   platform: macos
2022-12-27T11:23:22.1166210Z   architectures: arm64[0m
2022-12-27T11:23:22.1166570Z   build_selector: 
2022-12-27T11:23:22.1167210Z     build_config: cp39-macosx_arm64
2022-12-27T11:23:22.1168010Z     skip_config: 
2022-12-27T11:23:22.1168410Z     requires_python: None
2022-12-27T11:23:22.1168840Z     prerelease_pythons: False[0m
2022-12-27T11:23:22.1169230Z   [38;5;244mcontainer_engine: docker[0m
2022-12-27T11:23:22.1169760Z   output_dir: /Users/runner/actions-runner/_work/python.build/python.build/build_lxml20alpha239/wheelsout[0m
2022-12-27T11:23:22.1170450Z   package_dir: /Users/runner/actions-runner/_work/python.build/python.build/build_lxml20alpha239/lxml-2.0alpha2[0m
2022-12-27T11:23:22.1170840Z   test_selector: 
2022-12-27T11:23:22.1171200Z     skip_config: *_arm64[0m
2022-12-27T11:23:22.1171540Z   [38;5;244mbefore_all: [0m
2022-12-27T11:23:22.1172010Z   before_build: pip install Cython; if [[ -f requirements.txt ]]; then pip install -r requirements.txt; fi[0m
2022-12-27T11:23:22.1172500Z   [38;5;244mbefore_test: [0m
2022-12-27T11:23:22.1172850Z   [38;5;244mbuild_frontend: pip[0m
2022-12-27T11:23:22.1173150Z   build_verbosity: 3[0m
2022-12-27T11:23:22.1173450Z   [38;5;244mconfig_settings: [0m
2022-12-27T11:23:22.1173810Z   [38;5;244mdependency_constraints: pinned[0m
2022-12-27T11:23:22.1174020Z   environment: 
2022-12-27T11:23:22.1174330Z     CFLAGS="-I/usr/local/opt/openssl@3/include"
2022-12-27T11:23:22.1174650Z     LDFLAGS="-L/usr/local/opt/openssl@3/lib"
2022-12-27T11:23:22.1174940Z     CPPFLAGS="-I/usr/local/opt/openssl@3/include"
2022-12-27T11:23:22.1175320Z     MAKEFLAGS="-j$(sysctl -n hw.logicalcpu)"
2022-12-27T11:23:22.1175650Z     PATH=/usr/local/opt/ccache/libexec:$PATH[0m
2022-12-27T11:23:22.1175920Z   [38;5;244mmanylinux_images: None[0m
2022-12-27T11:23:22.1176210Z   [38;5;244mmusllinux_images: None[0m
2022-12-27T11:23:22.1176610Z   [38;5;244mrepair_command: delocate-wheel --require-archs {delocate_archs} -w {dest_dir} -v {wheel}[0m
2022-12-27T11:23:22.1177320Z   [38;5;244mtest_command: [0m
2022-12-27T11:23:22.1177560Z   [38;5;244mtest_extras: [0m
2022-12-27T11:23:22.1177830Z   [38;5;244mtest_requires: [0m
2022-12-27T11:23:22.1177970Z 
2022-12-27T11:23:22.1178110Z Cache folder: /Users/runner/Library/Caches/cibuildwheel
2022-12-27T11:23:22.1184600Z 
2022-12-27T11:23:22.1184850Z Here we go!
2022-12-27T11:23:22.1184930Z 
2022-12-27T11:23:22.1237380Z 
2022-12-27T11:23:22.1237720Z [1m[34mBuilding cp39-macosx_arm64 wheel[0m
2022-12-27T11:23:22.1238130Z CPython 3.9 macOS arm64 - Apple Silicon
2022-12-27T11:23:22.1238300Z 
2022-12-27T11:23:22.1241010Z ##[group]Installing Python cp39...
2022-12-27T11:23:22.1241210Z 
2022-12-27T11:23:22.1241480Z + pkgutil --pkgs
2022-12-27T11:23:22.1342900Z ##[endgroup]
2022-12-27T11:23:22.1343830Z                                                               [32mâœ“ [0m0.01s
2022-12-27T11:23:22.1344340Z ##[group]Setting up build environment...
2022-12-27T11:23:22.1344600Z 
2022-12-27T11:23:22.1362860Z + /Users/runner/hostedtoolcache/Python/3.9.16/x64/bin/python -sS /Users/runner/Library/Caches/cibuildwheel/virtualenv-20.17.0.pyz --activators= --no-periodic-update --pip=22.3.1 --setuptools=65.6.3 --wheel=0.38.4 --symlink-app-data --python /Library/Frameworks/Python.framework/Versions/3.9/bin/python3 /private/var/folders/51/hd414ycd67n82196sw51xqtc0000gn/T/cibw-run-xv54o7ru/cp39-macosx_arm64/build/venv
2022-12-27T11:23:22.3180190Z created virtual environment CPython3.9.13.final.0-64 in 46ms
2022-12-27T11:23:22.3180960Z   creator CPython3Posix(dest=/private/var/folders/51/hd414ycd67n82196sw51xqtc0000gn/T/cibw-run-xv54o7ru/cp39-macosx_arm64/build/venv, clear=False, no_vcs_ignore=False, global=False)
2022-12-27T11:23:22.3181960Z   seeder FromAppData(download=False, pip=22.3.1, setuptools=65.6.3, wheel=0.38.4, via=symlink, app_data_dir=/Users/runner/Library/Application Support/virtualenv)
2022-12-27T11:23:22.3182530Z     added seed packages: pip==22.3.1, setuptools==65.6.3, wheel==0.38.4
2022-12-27T11:23:22.3280660Z + python -m pip install --upgrade pip -c /Users/runner/hostedtoolcache/Python/3.9.16/x64/lib/python3.9/site-packages/cibuildwheel/resources/constraints-python39.txt
2022-12-27T11:23:22.6323710Z Requirement already satisfied: pip in ./lib/python3.9/site-packages (22.3.1)
2022-12-27T11:23:22.7776020Z + which pip
2022-12-27T11:23:22.7793980Z /private/var/folders/51/hd414ycd67n82196sw51xqtc0000gn/T/cibw-run-xv54o7ru/cp39-macosx_arm64/build/venv/bin/pip
2022-12-27T11:23:22.7796460Z + pip --version
2022-12-27T11:23:22.9987200Z pip 22.3.1 from /private/var/folders/51/hd414ycd67n82196sw51xqtc0000gn/T/cibw-run-xv54o7ru/cp39-macosx_arm64/build/venv/lib/python3.9/site-packages/pip (python 3.9)
2022-12-27T11:23:23.0215730Z + which pip
2022-12-27T11:23:23.0246150Z + which python
2022-12-27T11:23:23.0267090Z /private/var/folders/51/hd414ycd67n82196sw51xqtc0000gn/T/cibw-run-xv54o7ru/cp39-macosx_arm64/build/venv/bin/python
2022-12-27T11:23:23.0269430Z + python --version
2022-12-27T11:23:23.0317290Z Python 3.9.13
2022-12-27T11:23:23.0320460Z + which python
2022-12-27T11:23:23.0385610Z ##[endgroup]
2022-12-27T11:23:23.0386270Z                                                               [32mâœ“ [0m0.90s
2022-12-27T11:23:23.0386740Z ##[group]Installing build tools...
2022-12-27T11:23:23.0386910Z 
2022-12-27T11:23:23.0387490Z + pip install --upgrade setuptools wheel delocate -c /Users/runner/hostedtoolcache/Python/3.9.16/x64/lib/python3.9/site-packages/cibuildwheel/resources/constraints-python39.txt
2022-12-27T11:23:23.3414260Z Requirement already satisfied: setuptools in /private/var/folders/51/hd414ycd67n82196sw51xqtc0000gn/T/cibw-run-xv54o7ru/cp39-macosx_arm64/build/venv/lib/python3.9/site-packages (65.6.3)
2022-12-27T11:23:23.5695200Z Requirement already satisfied: wheel in /private/var/folders/51/hd414ycd67n82196sw51xqtc0000gn/T/cibw-run-xv54o7ru/cp39-macosx_arm64/build/venv/lib/python3.9/site-packages (0.38.4)
2022-12-27T11:23:23.6241770Z Collecting delocate
2022-12-27T11:23:23.6266860Z   Using cached delocate-0.10.3-py3-none-any.whl (142 kB)
2022-12-27T11:23:23.6501980Z Collecting typing-extensions
2022-12-27T11:23:23.6522860Z   Using cached typing_extensions-4.4.0-py3-none-any.whl (26 kB)
2022-12-27T11:23:23.6785990Z Collecting packaging>=20.9
2022-12-27T11:23:23.6808210Z   Using cached packaging-21.3-py3-none-any.whl (40 kB)
2022-12-27T11:23:23.7183500Z Collecting pyparsing!=3.0.5,>=2.0.2
2022-12-27T11:23:23.7204780Z   Using cached pyparsing-3.0.9-py3-none-any.whl (98 kB)
2022-12-27T11:23:23.7575160Z Installing collected packages: typing-extensions, pyparsing, packaging, delocate
2022-12-27T11:23:23.9039790Z Successfully installed delocate-0.10.3 packaging-21.3 pyparsing-3.0.9 typing-extensions-4.4.0
2022-12-27T11:23:23.9510120Z ##[endgroup]
2022-12-27T11:23:23.9510960Z                                                               [32mâœ“ [0m0.91s
2022-12-27T11:23:23.9511460Z ##[group]Running before_build...
2022-12-27T11:23:23.9511630Z 
2022-12-27T11:23:23.9516790Z + pip install Cython; if [[ -f requirements.txt ]]; then pip install -r requirements.txt; fi
2022-12-27T11:23:24.6618040Z Collecting Cython
2022-12-27T11:23:24.6666560Z   Using cached Cython-0.29.32-py2.py3-none-any.whl (986 kB)
2022-12-27T11:23:24.7167620Z Installing collected packages: Cython
2022-12-27T11:23:25.1951410Z Successfully installed Cython-0.29.32
2022-12-27T11:23:25.2413340Z ##[endgroup]
2022-12-27T11:23:25.2414120Z                                                               [32mâœ“ [0m1.29s
2022-12-27T11:23:25.2414770Z ##[group]Building wheel...
2022-12-27T11:23:25.2414930Z 
2022-12-27T11:23:25.2418910Z + python -m pip wheel /Users/runner/actions-runner/_work/python.build/python.build/build_lxml20alpha239/lxml-2.0alpha2 --wheel-dir=/private/var/folders/51/hd414ycd67n82196sw51xqtc0000gn/T/cibw-run-xv54o7ru/cp39-macosx_arm64/built_wheel --no-deps -vvv
2022-12-27T11:23:25.5162800Z Created temporary directory: /private/var/folders/51/hd414ycd67n82196sw51xqtc0000gn/T/pip-ephem-wheel-cache-mk8uazsu
2022-12-27T11:23:25.5167660Z Created temporary directory: /private/var/folders/51/hd414ycd67n82196sw51xqtc0000gn/T/pip-build-tracker-w15u8y75
2022-12-27T11:23:25.5169630Z Initialized build tracking at /private/var/folders/51/hd414ycd67n82196sw51xqtc0000gn/T/pip-build-tracker-w15u8y75
2022-12-27T11:23:25.5171520Z Created build tracker: /private/var/folders/51/hd414ycd67n82196sw51xqtc0000gn/T/pip-build-tracker-w15u8y75
2022-12-27T11:23:25.5173010Z Entered build tracker: /private/var/folders/51/hd414ycd67n82196sw51xqtc0000gn/T/pip-build-tracker-w15u8y75
2022-12-27T11:23:25.5176660Z Created temporary directory: /private/var/folders/51/hd414ycd67n82196sw51xqtc0000gn/T/pip-wheel-oh4k2itu
2022-12-27T11:23:25.5182650Z Created temporary directory: /private/var/folders/51/hd414ycd67n82196sw51xqtc0000gn/T/pip-ephem-wheel-cache-2wqubtqk
2022-12-27T11:23:25.5341130Z Processing /Users/runner/actions-runner/_work/python.build/python.build/build_lxml20alpha239/lxml-2.0alpha2
2022-12-27T11:23:25.5346700Z   Added file:///Users/runner/actions-runner/_work/python.build/python.build/build_lxml20alpha239/lxml-2.0alpha2 to build tracker '/private/var/folders/51/hd414ycd67n82196sw51xqtc0000gn/T/pip-build-tracker-w15u8y75'
2022-12-27T11:23:25.5350720Z   Running setup.py (path:/Users/runner/actions-runner/_work/python.build/python.build/build_lxml20alpha239/lxml-2.0alpha2/setup.py) egg_info for package from file:///Users/runner/actions-runner/_work/python.build/python.build/build_lxml20alpha239/lxml-2.0alpha2
2022-12-27T11:23:25.5353900Z   Created temporary directory: /private/var/folders/51/hd414ycd67n82196sw51xqtc0000gn/T/pip-pip-egg-info-ukbm6d95
2022-12-27T11:23:25.5355600Z   Preparing metadata (setup.py): started
2022-12-27T11:23:25.5357500Z   Running command python setup.py egg_info
2022-12-27T11:23:25.6913030Z   Traceback (most recent call last):
2022-12-27T11:23:25.6921680Z     File "<string>", line 2, in <module>
2022-12-27T11:23:25.6922300Z     File "<pip-setuptools-caller>", line 34, in <module>
2022-12-27T11:23:25.6922790Z     File "/Users/runner/actions-runner/_work/python.build/python.build/build_lxml20alpha239/lxml-2.0alpha2/setup.py", line 41
2022-12-27T11:23:25.6923660Z       print "Building lxml version", svn_version
2022-12-27T11:23:25.6923900Z             ^
2022-12-27T11:23:25.6924380Z   SyntaxError: Missing parentheses in call to 'print'. Did you mean print("Building lxml version", svn_version)?
2022-12-27T11:23:25.7081030Z   error: subprocess-exited-with-error
2022-12-27T11:23:25.7081430Z   
2022-12-27T11:23:25.7082010Z   Ã— python setup.py egg_info did not run successfully.
2022-12-27T11:23:25.7082450Z   â”‚ exit code: 1
2022-12-27T11:23:25.7083030Z   â•°â”€> See above for output.
2022-12-27T11:23:25.7083300Z   
2022-12-27T11:23:25.7083590Z   note: This error originates from a subprocess, and is likely not a problem with pip.
2022-12-27T11:23:25.7090810Z   full command: /private/var/folders/51/hd414ycd67n82196sw51xqtc0000gn/T/cibw-run-xv54o7ru/cp39-macosx_arm64/build/venv/bin/python -c '
2022-12-27T11:23:25.7091670Z   exec(compile('"'"''"'"''"'"'
2022-12-27T11:23:25.7093410Z   # This is <pip-setuptools-caller> -- a caller that pip uses to run setup.py
2022-12-27T11:23:25.7094020Z   #
2022-12-27T11:23:25.7094460Z   # - It imports setuptools before invoking setup.py, to enable projects that directly
2022-12-27T11:23:25.7094830Z   #   import from `distutils.core` to work with newer packaging standards.
2022-12-27T11:23:25.7095210Z   # - It provides a clear error message when setuptools is not installed.
2022-12-27T11:23:25.7095780Z   # - It sets `sys.argv[0]` to the underlying `setup.py`, when invoking `setup.py` so
2022-12-27T11:23:25.7096350Z   #   setuptools doesn'"'"'t think the script is `-c`. This avoids the following warning:
2022-12-27T11:23:25.7096750Z   #     manifest_maker: standard file '"'"'-c'"'"' not found".
2022-12-27T11:23:25.7097550Z   # - It generates a shim setup.py, for handling setup.cfg-only projects.
2022-12-27T11:23:25.7097850Z   import os, sys, tokenize
2022-12-27T11:23:25.7098060Z   
2022-12-27T11:23:25.7098210Z   try:
2022-12-27T11:23:25.7098520Z       import setuptools
2022-12-27T11:23:25.7098770Z   except ImportError as error:
2022-12-27T11:23:25.7098950Z       print(
2022-12-27T11:23:25.7099220Z           "ERROR: Can not execute `setup.py` since setuptools is not available in "
2022-12-27T11:23:25.7099730Z           "the build environment.",
2022-12-27T11:23:25.7099910Z           file=sys.stderr,
2022-12-27T11:23:25.7100110Z       )
2022-12-27T11:23:25.7100390Z       sys.exit(1)
2022-12-27T11:23:25.7100560Z   
2022-12-27T11:23:25.7100770Z   __file__ = %r
2022-12-27T11:23:25.7100980Z   sys.argv[0] = __file__
2022-12-27T11:23:25.7101630Z   Preparing metadata (setup.py): finished with status 'error'
2022-12-27T11:23:25.7102370Z   
2022-12-27T11:23:25.7102710Z   if os.path.exists(__file__):
2022-12-27T11:23:25.7103110Z       filename = __file__
2022-12-27T11:23:25.7103610Z       with tokenize.open(__file__) as f:
2022-12-27T11:23:25.7103810Z           setup_py_code = f.read()
2022-12-27T11:23:25.7104010Z   else:
2022-12-27T11:23:25.7104330Z       filename = "<auto-generated setuptools caller>"
2022-12-27T11:23:25.7104670Z       setup_py_code = "from setuptools import setup; setup()"
2022-12-27T11:23:25.7104860Z   
2022-12-27T11:23:25.7105070Z   exec(compile(setup_py_code, filename, "exec"))
2022-12-27T11:23:25.7105690Z   '"'"''"'"''"'"' % ('"'"'/Users/runner/actions-runner/_work/python.build/python.build/build_lxml20alpha239/lxml-2.0alpha2/setup.py'"'"',), "<pip-setuptools-caller>", "exec"))' egg_info --egg-base /private/var/folders/51/hd414ycd67n82196sw51xqtc0000gn/T/pip-pip-egg-info-ukbm6d95
2022-12-27T11:23:25.7106290Z   cwd: /Users/runner/actions-runner/_work/python.build/python.build/build_lxml20alpha239/lxml-2.0alpha2/
2022-12-27T11:23:25.7109380Z error: metadata-generation-failed
2022-12-27T11:23:25.7109570Z 
2022-12-27T11:23:25.7109860Z Ã— Encountered error while generating package metadata.
2022-12-27T11:23:25.7110160Z â•°â”€> See above for output.
2022-12-27T11:23:25.7110290Z 
2022-12-27T11:23:25.7110390Z note: This is an issue with the package mentioned above, not pip.
2022-12-27T11:23:25.7110880Z hint: See above for details.
2022-12-27T11:23:25.7135740Z Exception information:
2022-12-27T11:23:25.7136080Z Traceback (most recent call last):
2022-12-27T11:23:25.7137550Z   File "/private/var/folders/51/hd414ycd67n82196sw51xqtc0000gn/T/cibw-run-xv54o7ru/cp39-macosx_arm64/build/venv/lib/python3.9/site-packages/pip/_internal/operations/build/metadata_legacy.py", line 64, in generate_metadata
2022-12-27T11:23:25.7138460Z     call_subprocess(
2022-12-27T11:23:25.7139620Z   File "/private/var/folders/51/hd414ycd67n82196sw51xqtc0000gn/T/cibw-run-xv54o7ru/cp39-macosx_arm64/build/venv/lib/python3.9/site-packages/pip/_internal/utils/subprocess.py", line 224, in call_subprocess
2022-12-27T11:23:25.7140340Z     raise error
2022-12-27T11:23:25.7140950Z pip._internal.exceptions.InstallationSubprocessError: python setup.py egg_info exited with 1
2022-12-27T11:23:25.7141380Z 
2022-12-27T11:23:25.7141760Z The above exception was the direct cause of the following exception:
2022-12-27T11:23:25.7142430Z 
2022-12-27T11:23:25.7142640Z Traceback (most recent call last):
2022-12-27T11:23:25.7143510Z   File "/private/var/folders/51/hd414ycd67n82196sw51xqtc0000gn/T/cibw-run-xv54o7ru/cp39-macosx_arm64/build/venv/lib/python3.9/site-packages/pip/_internal/cli/base_command.py", line 160, in exc_logging_wrapper
2022-12-27T11:23:25.7144090Z     status = run_func(*args)
2022-12-27T11:23:25.7144940Z   File "/private/var/folders/51/hd414ycd67n82196sw51xqtc0000gn/T/cibw-run-xv54o7ru/cp39-macosx_arm64/build/venv/lib/python3.9/site-packages/pip/_internal/cli/req_command.py", line 247, in wrapper
2022-12-27T11:23:25.7145660Z     return func(self, options, args)
2022-12-27T11:23:25.7146530Z   File "/private/var/folders/51/hd414ycd67n82196sw51xqtc0000gn/T/cibw-run-xv54o7ru/cp39-macosx_arm64/build/venv/lib/python3.9/site-packages/pip/_internal/commands/wheel.py", line 170, in run
2022-12-27T11:23:25.7146930Z     requirement_set = resolver.resolve(reqs, check_supported_wheels=True)
2022-12-27T11:23:25.7147590Z   File "/private/var/folders/51/hd414ycd67n82196sw51xqtc0000gn/T/cibw-run-xv54o7ru/cp39-macosx_arm64/build/venv/lib/python3.9/site-packages/pip/_internal/resolution/resolvelib/resolver.py", line 73, in resolve
2022-12-27T11:23:25.7148110Z     collected = self.factory.collect_root_requirements(root_reqs)
2022-12-27T11:23:25.7148760Z   File "/private/var/folders/51/hd414ycd67n82196sw51xqtc0000gn/T/cibw-run-xv54o7ru/cp39-macosx_arm64/build/venv/lib/python3.9/site-packages/pip/_internal/resolution/resolvelib/factory.py", line 491, in collect_root_requirements
2022-12-27T11:23:25.7149180Z     req = self._make_requirement_from_install_req(
2022-12-27T11:23:25.7149850Z   File "/private/var/folders/51/hd414ycd67n82196sw51xqtc0000gn/T/cibw-run-xv54o7ru/cp39-macosx_arm64/build/venv/lib/python3.9/site-packages/pip/_internal/resolution/resolvelib/factory.py", line 453, in _make_requirement_from_install_req
2022-12-27T11:23:25.7150230Z     cand = self._make_candidate_from_link(
2022-12-27T11:23:25.7150910Z   File "/private/var/folders/51/hd414ycd67n82196sw51xqtc0000gn/T/cibw-run-xv54o7ru/cp39-macosx_arm64/build/venv/lib/python3.9/site-packages/pip/_internal/resolution/resolvelib/factory.py", line 206, in _make_candidate_from_link
2022-12-27T11:23:25.7151330Z     self._link_candidate_cache[link] = LinkCandidate(
2022-12-27T11:23:25.7151920Z   File "/private/var/folders/51/hd414ycd67n82196sw51xqtc0000gn/T/cibw-run-xv54o7ru/cp39-macosx_arm64/build/venv/lib/python3.9/site-packages/pip/_internal/resolution/resolvelib/candidates.py", line 297, in __init__
2022-12-27T11:23:25.7152290Z     super().__init__(
2022-12-27T11:23:25.7152910Z   File "/private/var/folders/51/hd414ycd67n82196sw51xqtc0000gn/T/cibw-run-xv54o7ru/cp39-macosx_arm64/build/venv/lib/python3.9/site-packages/pip/_internal/resolution/resolvelib/candidates.py", line 162, in __init__
2022-12-27T11:23:25.7153260Z     self.dist = self._prepare()
2022-12-27T11:23:25.7153830Z   File "/private/var/folders/51/hd414ycd67n82196sw51xqtc0000gn/T/cibw-run-xv54o7ru/cp39-macosx_arm64/build/venv/lib/python3.9/site-packages/pip/_internal/resolution/resolvelib/candidates.py", line 231, in _prepare
2022-12-27T11:23:25.7154290Z     dist = self._prepare_distribution()
2022-12-27T11:23:25.7154870Z   File "/private/var/folders/51/hd414ycd67n82196sw51xqtc0000gn/T/cibw-run-xv54o7ru/cp39-macosx_arm64/build/venv/lib/python3.9/site-packages/pip/_internal/resolution/resolvelib/candidates.py", line 308, in _prepare_distribution
2022-12-27T11:23:25.7155220Z     return preparer.prepare_linked_requirement(self._ireq, parallel_builds=True)
2022-12-27T11:23:25.7155720Z   File "/private/var/folders/51/hd414ycd67n82196sw51xqtc0000gn/T/cibw-run-xv54o7ru/cp39-macosx_arm64/build/venv/lib/python3.9/site-packages/pip/_internal/operations/prepare.py", line 491, in prepare_linked_requirement
2022-12-27T11:23:25.7156020Z     return self._prepare_linked_requirement(req, parallel_builds)
2022-12-27T11:23:25.7156480Z   File "/private/var/folders/51/hd414ycd67n82196sw51xqtc0000gn/T/cibw-run-xv54o7ru/cp39-macosx_arm64/build/venv/lib/python3.9/site-packages/pip/_internal/operations/prepare.py", line 577, in _prepare_linked_requirement
2022-12-27T11:23:25.7156840Z     dist = _get_prepared_distribution(
2022-12-27T11:23:25.7227130Z   File "/private/var/folders/51/hd414ycd67n82196sw51xqtc0000gn/T/cibw-run-xv54o7ru/cp39-macosx_arm64/build/venv/lib/python3.9/site-packages/pip/_internal/operations/prepare.py", line 69, in _get_prepared_distribution
2022-12-27T11:23:25.7227560Z     abstract_dist.prepare_distribution_metadata(
2022-12-27T11:23:25.7228120Z   File "/private/var/folders/51/hd414ycd67n82196sw51xqtc0000gn/T/cibw-run-xv54o7ru/cp39-macosx_arm64/build/venv/lib/python3.9/site-packages/pip/_internal/distributions/sdist.py", line 61, in prepare_distribution_metadata
2022-12-27T11:23:25.7228460Z     self.req.prepare_metadata()
2022-12-27T11:23:25.7229140Z   File "/private/var/folders/51/hd414ycd67n82196sw51xqtc0000gn/T/cibw-run-xv54o7ru/cp39-macosx_arm64/build/venv/lib/python3.9/site-packages/pip/_internal/req/req_install.py", line 541, in prepare_metadata
2022-12-27T11:23:25.7229490Z     self.metadata_directory = generate_metadata_legacy(
2022-12-27T11:23:25.7229970Z   File "/private/var/folders/51/hd414ycd67n82196sw51xqtc0000gn/T/cibw-run-xv54o7ru/cp39-macosx_arm64/build/venv/lib/python3.9/site-packages/pip/_internal/operations/build/metadata_legacy.py", line 71, in generate_metadata
2022-12-27T11:23:25.7230340Z     raise MetadataGenerationFailed(package_details=details) from error
2022-12-27T11:23:25.7230580Z pip._internal.exceptions.MetadataGenerationFailed: metadata generation failed
2022-12-27T11:23:25.7231110Z Removed file:///Users/runner/actions-runner/_work/python.build/python.build/build_lxml20alpha239/lxml-2.0alpha2 from build tracker '/private/var/folders/51/hd414ycd67n82196sw51xqtc0000gn/T/pip-build-tracker-w15u8y75'
2022-12-27T11:23:25.7231570Z Removed build tracker: '/private/var/folders/51/hd414ycd67n82196sw51xqtc0000gn/T/pip-build-tracker-w15u8y75'
2022-12-27T11:23:25.7558690Z ##[endgroup]
2022-12-27T11:23:25.7584060Z ##[error]Command ['python', '-m', 'pip', 'wheel', '/Users/runner/actions-runner/_work/python.build/python.build/build_lxml20alpha239/lxml-2.0alpha2', '--wheel-dir=/private/var/folders/51/hd414ycd67n82196sw51xqtc0000gn/T/cibw-run-xv54o7ru/cp39-macosx_arm64/built_wheel', '--no-deps', '-vvv'] failed with code 1. None
2022-12-27T11:23:25.7590390Z 
2022-12-27T11:23:25.7590710Z                                                               [31mâœ• [0m0.51s
2022-12-27T11:23:25.7995920Z ##[error]Process completed with exit code 1.
2022-12-27T11:23:25.8027340Z ##[group]Run rm -rf build_lxml20alpha239 wheelsout
2022-12-27T11:23:25.8027610Z [36;1mrm -rf build_lxml20alpha239 wheelsout[0m
2022-12-27T11:23:25.8042330Z shell: /bin/bash -e {0}
2022-12-27T11:23:25.8042500Z env:
2022-12-27T11:23:25.8042710Z   pythonLocation: /Users/runner/hostedtoolcache/Python/3.9.16/x64
2022-12-27T11:23:25.8043030Z   PKG_CONFIG_PATH: /Users/runner/hostedtoolcache/Python/3.9.16/x64/lib/pkgconfig
2022-12-27T11:23:25.8043410Z   Python_ROOT_DIR: /Users/runner/hostedtoolcache/Python/3.9.16/x64
2022-12-27T11:23:25.8043640Z   Python2_ROOT_DIR: /Users/runner/hostedtoolcache/Python/3.9.16/x64
2022-12-27T11:23:25.8043870Z   Python3_ROOT_DIR: /Users/runner/hostedtoolcache/Python/3.9.16/x64
2022-12-27T11:23:25.8044040Z ##[endgroup]
2022-12-27T11:23:25.8510420Z Cleaning up orphan processes
