2022-12-27T08:50:20.0699262Z Requested labels: self-hosted, macOS, X64
2022-12-27T08:50:20.0699335Z Job defined at: kilnbuild/python.build/.github/workflows/mac_arm_build.yml@refs/heads/main
2022-12-27T08:50:20.0699363Z Waiting for a runner to pick up this job...
2022-12-27T11:18:53.3676276Z Job is about to start running on the runner: kr1 (organization)
2022-12-27T11:18:57.9706460Z Current runner version: '2.300.2'
2022-12-27T11:18:57.9714210Z Runner name: 'kr1'
2022-12-27T11:18:57.9714610Z Runner group name: 'Default'
2022-12-27T11:18:57.9715430Z Machine name: 'kr1'
2022-12-27T11:18:57.9717960Z ##[group]GITHUB_TOKEN Permissions
2022-12-27T11:18:57.9718640Z Actions: write
2022-12-27T11:18:57.9718900Z Checks: write
2022-12-27T11:18:57.9719150Z Contents: write
2022-12-27T11:18:57.9719390Z Deployments: write
2022-12-27T11:18:57.9719650Z Discussions: write
2022-12-27T11:18:57.9719900Z Issues: write
2022-12-27T11:18:57.9720130Z Metadata: read
2022-12-27T11:18:57.9720370Z Packages: write
2022-12-27T11:18:57.9720620Z Pages: write
2022-12-27T11:18:57.9720860Z PullRequests: write
2022-12-27T11:18:57.9721160Z RepositoryProjects: write
2022-12-27T11:18:57.9721440Z SecurityEvents: write
2022-12-27T11:18:57.9721690Z Statuses: write
2022-12-27T11:18:57.9721930Z ##[endgroup]
2022-12-27T11:18:57.9725770Z Secret source: Actions
2022-12-27T11:18:57.9726270Z Prepare workflow directory
2022-12-27T11:18:58.0846720Z Prepare all required actions
2022-12-27T11:18:58.1051380Z Getting action download info
2022-12-27T11:18:58.5557170Z Download action repository 'actions/setup-python@v4' (SHA:5ccb29d8773c3f3f653e1705f474dfaa8a06a912)
2022-12-27T11:19:01.4439470Z Download action repository 'actions/upload-artifact@v3' (SHA:83fd05a356d7e2593de66fc9913b3002723633cb)
2022-12-27T11:19:03.1309430Z ##[group]Run echo '{
2022-12-27T11:19:03.1310040Z [36;1mecho '{[0m
2022-12-27T11:19:03.1310390Z [36;1m  "package_name": "lxml",[0m
2022-12-27T11:19:03.1311020Z [36;1m  "package_url": "https://files.pythonhosted.org/packages/45/ad/7bfdd5a2e5d1fdc7cfdfa1e01c208de1bb5c975d39d8f962d7516d79bd34/lxml-1.0.1.tar.gz",[0m
2022-12-27T11:19:03.1311480Z [36;1m  "package_version": "1.0.1",[0m
2022-12-27T11:19:03.1311950Z [36;1m  "python_version": "3.8",[0m
2022-12-27T11:19:03.1312310Z [36;1m  "use_ccache": "true"[0m
2022-12-27T11:19:03.1312570Z [36;1m}'[0m
2022-12-27T11:19:03.1342600Z shell: /bin/bash -e {0}
2022-12-27T11:19:03.1343020Z ##[endgroup]
2022-12-27T11:19:03.1758830Z {
2022-12-27T11:19:03.1761450Z   "package_name": "lxml",
2022-12-27T11:19:03.1762740Z   "package_url": "https://files.pythonhosted.org/packages/45/ad/7bfdd5a2e5d1fdc7cfdfa1e01c208de1bb5c975d39d8f962d7516d79bd34/lxml-1.0.1.tar.gz",
2022-12-27T11:19:03.1763290Z   "package_version": "1.0.1",
2022-12-27T11:19:03.1763890Z   "python_version": "3.8",
2022-12-27T11:19:03.1764200Z   "use_ccache": "true"
2022-12-27T11:19:03.1764530Z }
2022-12-27T11:19:03.2117280Z ##[group]Run actions/setup-python@v4
2022-12-27T11:19:03.2117930Z with:
2022-12-27T11:19:03.2118180Z   python-version: 3.8
2022-12-27T11:19:03.2118520Z   check-latest: false
2022-12-27T11:19:03.2119090Z   token: ***
2022-12-27T11:19:03.2119510Z   update-environment: true
2022-12-27T11:19:03.2119780Z ##[endgroup]
2022-12-27T11:19:03.4303780Z ##[group]Installed versions
2022-12-27T11:19:03.4369950Z Successfully set up CPython (3.8.15)
2022-12-27T11:19:03.4371830Z ##[endgroup]
2022-12-27T11:19:03.4640580Z ##[group]Run if [ "true" == "true" ]
2022-12-27T11:19:03.4641240Z [36;1mif [ "true" == "true" ][0m
2022-12-27T11:19:03.4641730Z [36;1mthen[0m
2022-12-27T11:19:03.4642050Z [36;1m  echo "CCACHE_PATH_PREPEND=/usr/local/opt/ccache/libexec" >> $GITHUB_OUTPUT[0m
2022-12-27T11:19:03.4642460Z [36;1melse[0m
2022-12-27T11:19:03.4642840Z [36;1m  echo "CCACHE_PATH_PREPEND=" >> $GITHUB_OUTPUT[0m
2022-12-27T11:19:03.4643140Z [36;1mfi[0m
2022-12-27T11:19:03.4673530Z shell: /bin/bash -e {0}
2022-12-27T11:19:03.4673890Z env:
2022-12-27T11:19:03.4674280Z   pythonLocation: /Users/runner/hostedtoolcache/Python/3.8.15/x64
2022-12-27T11:19:03.4674790Z   PKG_CONFIG_PATH: /Users/runner/hostedtoolcache/Python/3.8.15/x64/lib/pkgconfig
2022-12-27T11:19:03.4675240Z   Python_ROOT_DIR: /Users/runner/hostedtoolcache/Python/3.8.15/x64
2022-12-27T11:19:03.4675690Z   Python2_ROOT_DIR: /Users/runner/hostedtoolcache/Python/3.8.15/x64
2022-12-27T11:19:03.4676230Z   Python3_ROOT_DIR: /Users/runner/hostedtoolcache/Python/3.8.15/x64
2022-12-27T11:19:03.4677060Z ##[endgroup]
2022-12-27T11:19:03.5003440Z ##[group]Run echo "BUILD_NAME=$(echo lxml_1.0.1_3.8 | tr -dc '[:alnum:]\n\r' | tr '[:upper:]' '[:lower:]')" >> $GITHUB_OUTPUT
2022-12-27T11:19:03.5004050Z [36;1mecho "BUILD_NAME=$(echo lxml_1.0.1_3.8 | tr -dc '[:alnum:]\n\r' | tr '[:upper:]' '[:lower:]')" >> $GITHUB_OUTPUT[0m
2022-12-27T11:19:03.5032170Z shell: /bin/bash -e {0}
2022-12-27T11:19:03.5032410Z env:
2022-12-27T11:19:03.5032650Z   pythonLocation: /Users/runner/hostedtoolcache/Python/3.8.15/x64
2022-12-27T11:19:03.5033020Z   PKG_CONFIG_PATH: /Users/runner/hostedtoolcache/Python/3.8.15/x64/lib/pkgconfig
2022-12-27T11:19:03.5033330Z   Python_ROOT_DIR: /Users/runner/hostedtoolcache/Python/3.8.15/x64
2022-12-27T11:19:03.5033620Z   Python2_ROOT_DIR: /Users/runner/hostedtoolcache/Python/3.8.15/x64
2022-12-27T11:19:03.5034000Z   Python3_ROOT_DIR: /Users/runner/hostedtoolcache/Python/3.8.15/x64
2022-12-27T11:19:03.5034240Z ##[endgroup]
2022-12-27T11:19:03.5283680Z ##[group]Run echo "PYTHON_NO_DOTS=$(echo 3.8 | tr -dc '[:alnum:]\n\r' | tr '[:upper:]' '[:lower:]')" >> $GITHUB_OUTPUT
2022-12-27T11:19:03.5284380Z [36;1mecho "PYTHON_NO_DOTS=$(echo 3.8 | tr -dc '[:alnum:]\n\r' | tr '[:upper:]' '[:lower:]')" >> $GITHUB_OUTPUT[0m
2022-12-27T11:19:03.5311670Z shell: /bin/bash -e {0}
2022-12-27T11:19:03.5311980Z env:
2022-12-27T11:19:03.5312340Z   pythonLocation: /Users/runner/hostedtoolcache/Python/3.8.15/x64
2022-12-27T11:19:03.5314060Z   PKG_CONFIG_PATH: /Users/runner/hostedtoolcache/Python/3.8.15/x64/lib/pkgconfig
2022-12-27T11:19:03.5314510Z   Python_ROOT_DIR: /Users/runner/hostedtoolcache/Python/3.8.15/x64
2022-12-27T11:19:03.5314950Z   Python2_ROOT_DIR: /Users/runner/hostedtoolcache/Python/3.8.15/x64
2022-12-27T11:19:03.5315360Z   Python3_ROOT_DIR: /Users/runner/hostedtoolcache/Python/3.8.15/x64
2022-12-27T11:19:03.5315660Z ##[endgroup]
2022-12-27T11:19:03.5589310Z ##[group]Run rm -rf build_lxml10138
2022-12-27T11:19:03.5590070Z [36;1mrm -rf build_lxml10138[0m
2022-12-27T11:19:03.5590410Z [36;1mmkdir build_lxml10138[0m
2022-12-27T11:19:03.5590730Z [36;1mcd build_lxml10138[0m
2022-12-27T11:19:03.5591300Z [36;1m/usr/local/bin/wget --quiet https://files.pythonhosted.org/packages/45/ad/7bfdd5a2e5d1fdc7cfdfa1e01c208de1bb5c975d39d8f962d7516d79bd34/lxml-1.0.1.tar.gz[0m
2022-12-27T11:19:03.5591860Z [36;1mtar xf *.tar.gz[0m
2022-12-27T11:19:03.5592120Z [36;1mcd *[0m
2022-12-27T11:19:03.5592460Z [36;1mpython -m pip install cibuildwheel==2.11.3[0m
2022-12-27T11:19:03.5592860Z [36;1mpython -m cibuildwheel --output-dir ../wheelsout[0m
2022-12-27T11:19:03.5620450Z shell: /bin/bash -e {0}
2022-12-27T11:19:03.5620700Z env:
2022-12-27T11:19:03.5621070Z   pythonLocation: /Users/runner/hostedtoolcache/Python/3.8.15/x64
2022-12-27T11:19:03.5621520Z   PKG_CONFIG_PATH: /Users/runner/hostedtoolcache/Python/3.8.15/x64/lib/pkgconfig
2022-12-27T11:19:03.5622110Z   Python_ROOT_DIR: /Users/runner/hostedtoolcache/Python/3.8.15/x64
2022-12-27T11:19:03.5622480Z   Python2_ROOT_DIR: /Users/runner/hostedtoolcache/Python/3.8.15/x64
2022-12-27T11:19:03.5622900Z   Python3_ROOT_DIR: /Users/runner/hostedtoolcache/Python/3.8.15/x64
2022-12-27T11:19:03.5623260Z   CIBW_ARCHS_MACOS: arm64
2022-12-27T11:19:03.5623580Z   CIBW_TEST_SKIP: *_arm64
2022-12-27T11:19:03.5623940Z   CIBW_BUILD: cp38-macosx_arm64
2022-12-27T11:19:03.5624270Z   CIBW_BUILD_FRONTEND: pip
2022-12-27T11:19:03.5624600Z   CIBW_BUILD_VERBOSITY: 3
2022-12-27T11:19:03.5625080Z   CIBW_ENVIRONMENT_MACOS:  CFLAGS="-I/usr/local/opt/openssl@3/include" LDFLAGS="-L/usr/local/opt/openssl@3/lib" CPPFLAGS="-I/usr/local/opt/openssl@3/include" MAKEFLAGS="-j$(sysctl -n hw.logicalcpu)" PATH=/usr/local/opt/ccache/libexec:$PATH
2022-12-27T11:19:03.5625730Z   CIBW_BEFORE_BUILD: pip install Cython; if [[ -f requirements.txt ]]; then pip install -r requirements.txt; fi
2022-12-27T11:19:03.5626240Z   MAKEFLAGS: -j$(sysctl -n hw.logicalcpu)
2022-12-27T11:19:03.5626570Z ##[endgroup]
2022-12-27T11:19:04.1226650Z Requirement already satisfied: cibuildwheel==2.11.3 in /Users/runner/hostedtoolcache/Python/3.8.15/x64/lib/python3.8/site-packages (2.11.3)
2022-12-27T11:19:04.1800500Z Requirement already satisfied: bashlex!=0.13 in /Users/runner/hostedtoolcache/Python/3.8.15/x64/lib/python3.8/site-packages (from cibuildwheel==2.11.3) (0.16)
2022-12-27T11:19:04.1808000Z Requirement already satisfied: packaging>=20.9 in /Users/runner/hostedtoolcache/Python/3.8.15/x64/lib/python3.8/site-packages (from cibuildwheel==2.11.3) (22.0)
2022-12-27T11:19:04.1813230Z Requirement already satisfied: certifi in /Users/runner/hostedtoolcache/Python/3.8.15/x64/lib/python3.8/site-packages (from cibuildwheel==2.11.3) (2022.12.7)
2022-12-27T11:19:04.1828010Z Requirement already satisfied: typing-extensions>=4.1.0 in /Users/runner/hostedtoolcache/Python/3.8.15/x64/lib/python3.8/site-packages (from cibuildwheel==2.11.3) (4.4.0)
2022-12-27T11:19:04.1834650Z Requirement already satisfied: bracex in /Users/runner/hostedtoolcache/Python/3.8.15/x64/lib/python3.8/site-packages (from cibuildwheel==2.11.3) (2.3.post1)
2022-12-27T11:19:04.1843690Z Requirement already satisfied: tomli in /Users/runner/hostedtoolcache/Python/3.8.15/x64/lib/python3.8/site-packages (from cibuildwheel==2.11.3) (2.0.1)
2022-12-27T11:19:04.1848190Z Requirement already satisfied: platformdirs in /Users/runner/hostedtoolcache/Python/3.8.15/x64/lib/python3.8/site-packages (from cibuildwheel==2.11.3) (2.6.0)
2022-12-27T11:19:04.1853450Z Requirement already satisfied: filelock in /Users/runner/hostedtoolcache/Python/3.8.15/x64/lib/python3.8/site-packages (from cibuildwheel==2.11.3) (3.8.2)
2022-12-27T11:19:04.5024390Z 
2022-12-27T11:19:04.5025180Z      _ _       _ _   _       _           _
2022-12-27T11:19:04.5026020Z  ___|_| |_ _ _|_| |_| |_ _ _| |_ ___ ___| |
2022-12-27T11:19:04.5027440Z |  _| | . | | | | | . | | | |   | -_| -_| |
2022-12-27T11:19:04.5028420Z |___|_|___|___|_|_|___|_____|_|_|___|___|_|
2022-12-27T11:19:04.5030760Z 
2022-12-27T11:19:04.5031190Z cibuildwheel version 2.11.3
2022-12-27T11:19:04.5031820Z 
2022-12-27T11:19:04.5031930Z Build options:
2022-12-27T11:19:04.5032360Z   platform: macos
2022-12-27T11:19:04.5160750Z   architectures: arm64[0m
2022-12-27T11:19:04.5161540Z   build_selector: 
2022-12-27T11:19:04.5162930Z     build_config: cp38-macosx_arm64
2022-12-27T11:19:04.5165270Z     skip_config: 
2022-12-27T11:19:04.5166040Z     requires_python: None
2022-12-27T11:19:04.5166670Z     prerelease_pythons: False[0m
2022-12-27T11:19:04.5169290Z   [38;5;244mcontainer_engine: docker[0m
2022-12-27T11:19:04.5170760Z   output_dir: /Users/runner/actions-runner/_work/python.build/python.build/build_lxml10138/wheelsout[0m
2022-12-27T11:19:04.5171390Z   package_dir: /Users/runner/actions-runner/_work/python.build/python.build/build_lxml10138/lxml-1.0.1[0m
2022-12-27T11:19:04.5171830Z   test_selector: 
2022-12-27T11:19:04.5172270Z     skip_config: *_arm64[0m
2022-12-27T11:19:04.5172980Z   [38;5;244mbefore_all: [0m
2022-12-27T11:19:04.5173530Z   before_build: pip install Cython; if [[ -f requirements.txt ]]; then pip install -r requirements.txt; fi[0m
2022-12-27T11:19:04.5174050Z   [38;5;244mbefore_test: [0m
2022-12-27T11:19:04.5174480Z   [38;5;244mbuild_frontend: pip[0m
2022-12-27T11:19:04.5174830Z   build_verbosity: 3[0m
2022-12-27T11:19:04.5175410Z   [38;5;244mconfig_settings: [0m
2022-12-27T11:19:04.5175900Z   [38;5;244mdependency_constraints: pinned[0m
2022-12-27T11:19:04.5176190Z   environment: 
2022-12-27T11:19:04.5176640Z     CFLAGS="-I/usr/local/opt/openssl@3/include"
2022-12-27T11:19:04.5177120Z     LDFLAGS="-L/usr/local/opt/openssl@3/lib"
2022-12-27T11:19:04.5177660Z     CPPFLAGS="-I/usr/local/opt/openssl@3/include"
2022-12-27T11:19:04.5178140Z     MAKEFLAGS="-j$(sysctl -n hw.logicalcpu)"
2022-12-27T11:19:04.5178630Z     PATH=/usr/local/opt/ccache/libexec:$PATH[0m
2022-12-27T11:19:04.5179080Z   [38;5;244mmanylinux_images: None[0m
2022-12-27T11:19:04.5179470Z   [38;5;244mmusllinux_images: None[0m
2022-12-27T11:19:04.5180160Z   [38;5;244mrepair_command: delocate-wheel --require-archs {delocate_archs} -w {dest_dir} -v {wheel}[0m
2022-12-27T11:19:04.5181320Z   [38;5;244mtest_command: [0m
2022-12-27T11:19:04.5181670Z   [38;5;244mtest_extras: [0m
2022-12-27T11:19:04.5182080Z   [38;5;244mtest_requires: [0m
2022-12-27T11:19:04.5182280Z 
2022-12-27T11:19:04.5182570Z Cache folder: /Users/runner/Library/Caches/cibuildwheel
2022-12-27T11:19:04.5186340Z 
2022-12-27T11:19:04.5186800Z Here we go!
2022-12-27T11:19:04.5187070Z 
2022-12-27T11:19:04.5279690Z 
2022-12-27T11:19:04.5281680Z [1m[34mBuilding cp38-macosx_arm64 wheel[0m
2022-12-27T11:19:04.5282790Z CPython 3.8 macOS arm64 - Apple Silicon
2022-12-27T11:19:04.5283210Z 
2022-12-27T11:19:04.5286010Z ##[group]Installing Python cp38...
2022-12-27T11:19:04.5286360Z 
2022-12-27T11:19:04.5286890Z + pkgutil --pkgs
2022-12-27T11:19:04.5496590Z ##[endgroup]
2022-12-27T11:19:04.5500020Z                                                               [32m✓ [0m0.02s
2022-12-27T11:19:04.5500730Z ##[group]Setting up build environment...
2022-12-27T11:19:04.5500950Z 
2022-12-27T11:19:04.5532210Z + /Users/runner/hostedtoolcache/Python/3.8.15/x64/bin/python -sS /Users/runner/Library/Caches/cibuildwheel/virtualenv-20.17.0.pyz --activators= --no-periodic-update --pip=22.3.1 --setuptools=65.6.3 --wheel=0.38.4 --symlink-app-data --python /Library/Frameworks/Python.framework/Versions/3.8/bin/python3 /private/var/folders/51/hd414ycd67n82196sw51xqtc0000gn/T/cibw-run-l_h83hs0/cp38-macosx_arm64/build/venv
2022-12-27T11:19:04.8621920Z created virtual environment CPython3.8.10.final.0-64 in 78ms
2022-12-27T11:19:04.8623630Z   creator CPython3Posix(dest=/private/var/folders/51/hd414ycd67n82196sw51xqtc0000gn/T/cibw-run-l_h83hs0/cp38-macosx_arm64/build/venv, clear=False, no_vcs_ignore=False, global=False)
2022-12-27T11:19:04.8625660Z   seeder FromAppData(download=False, pip=22.3.1, setuptools=65.6.3, wheel=0.38.4, via=symlink, app_data_dir=/Users/runner/Library/Application Support/virtualenv)
2022-12-27T11:19:04.8626790Z     added seed packages: pip==22.3.1, setuptools==65.6.3, wheel==0.38.4
2022-12-27T11:19:04.8879510Z + python -m pip install --upgrade pip -c /Users/runner/hostedtoolcache/Python/3.8.15/x64/lib/python3.8/site-packages/cibuildwheel/resources/constraints-python38.txt
2022-12-27T11:19:05.4209280Z Requirement already satisfied: pip in ./lib/python3.8/site-packages (22.3.1)
2022-12-27T11:19:05.7140460Z + which pip
2022-12-27T11:19:05.7184870Z /private/var/folders/51/hd414ycd67n82196sw51xqtc0000gn/T/cibw-run-l_h83hs0/cp38-macosx_arm64/build/venv/bin/pip
2022-12-27T11:19:05.7190440Z + pip --version
2022-12-27T11:19:06.1212480Z pip 22.3.1 from /private/var/folders/51/hd414ycd67n82196sw51xqtc0000gn/T/cibw-run-l_h83hs0/cp38-macosx_arm64/build/venv/lib/python3.8/site-packages/pip (python 3.8)
2022-12-27T11:19:06.1797900Z + which pip
2022-12-27T11:19:06.1877920Z + which python
2022-12-27T11:19:06.1927530Z /private/var/folders/51/hd414ycd67n82196sw51xqtc0000gn/T/cibw-run-l_h83hs0/cp38-macosx_arm64/build/venv/bin/python
2022-12-27T11:19:06.1934340Z + python --version
2022-12-27T11:19:06.2031220Z Python 3.8.10
2022-12-27T11:19:06.2039540Z + which python
2022-12-27T11:19:06.2163250Z ##[endgroup]
2022-12-27T11:19:06.2164980Z                                                               [32m✓ [0m1.67s
2022-12-27T11:19:06.2166270Z ##[group]Installing build tools...
2022-12-27T11:19:06.2166730Z 
2022-12-27T11:19:06.2167890Z + pip install --upgrade setuptools wheel delocate -c /Users/runner/hostedtoolcache/Python/3.8.15/x64/lib/python3.8/site-packages/cibuildwheel/resources/constraints-python38.txt
2022-12-27T11:19:06.7454480Z Requirement already satisfied: setuptools in /private/var/folders/51/hd414ycd67n82196sw51xqtc0000gn/T/cibw-run-l_h83hs0/cp38-macosx_arm64/build/venv/lib/python3.8/site-packages (65.6.3)
2022-12-27T11:19:07.1446720Z Requirement already satisfied: wheel in /private/var/folders/51/hd414ycd67n82196sw51xqtc0000gn/T/cibw-run-l_h83hs0/cp38-macosx_arm64/build/venv/lib/python3.8/site-packages (0.38.4)
2022-12-27T11:19:07.2250520Z Collecting delocate
2022-12-27T11:19:07.2310600Z   Using cached delocate-0.10.3-py3-none-any.whl (142 kB)
2022-12-27T11:19:07.2772010Z Collecting typing-extensions
2022-12-27T11:19:07.2818940Z   Using cached typing_extensions-4.4.0-py3-none-any.whl (26 kB)
2022-12-27T11:19:07.3259090Z Collecting packaging>=20.9
2022-12-27T11:19:07.3310960Z   Using cached packaging-21.3-py3-none-any.whl (40 kB)
2022-12-27T11:19:07.3950600Z Collecting pyparsing!=3.0.5,>=2.0.2
2022-12-27T11:19:07.4018810Z   Using cached pyparsing-3.0.9-py3-none-any.whl (98 kB)
2022-12-27T11:19:07.4722840Z Installing collected packages: typing-extensions, pyparsing, packaging, delocate
2022-12-27T11:19:07.6877630Z Successfully installed delocate-0.10.3 packaging-21.3 pyparsing-3.0.9 typing-extensions-4.4.0
2022-12-27T11:19:07.8150720Z ##[endgroup]
2022-12-27T11:19:07.8151740Z                                                               [32m✓ [0m1.60s
2022-12-27T11:19:07.8152390Z ##[group]Running before_build...
2022-12-27T11:19:07.8152530Z 
2022-12-27T11:19:07.8171390Z + pip install Cython; if [[ -f requirements.txt ]]; then pip install -r requirements.txt; fi
2022-12-27T11:19:08.9794910Z Collecting Cython
2022-12-27T11:19:08.9911280Z   Using cached Cython-0.29.32-py2.py3-none-any.whl (986 kB)
2022-12-27T11:19:09.0787050Z Installing collected packages: Cython
2022-12-27T11:19:09.8173100Z Successfully installed Cython-0.29.32
2022-12-27T11:19:09.9390050Z ##[endgroup]
2022-12-27T11:19:09.9390980Z                                                               [32m✓ [0m2.12s
2022-12-27T11:19:09.9392020Z ##[group]Building wheel...
2022-12-27T11:19:09.9392600Z 
2022-12-27T11:19:09.9399210Z + python -m pip wheel /Users/runner/actions-runner/_work/python.build/python.build/build_lxml10138/lxml-1.0.1 --wheel-dir=/private/var/folders/51/hd414ycd67n82196sw51xqtc0000gn/T/cibw-run-l_h83hs0/cp38-macosx_arm64/built_wheel --no-deps -vvv
2022-12-27T11:19:10.4371270Z Created temporary directory: /private/var/folders/51/hd414ycd67n82196sw51xqtc0000gn/T/pip-ephem-wheel-cache-795r88ue
2022-12-27T11:19:10.4385310Z Created temporary directory: /private/var/folders/51/hd414ycd67n82196sw51xqtc0000gn/T/pip-build-tracker-p4ivajwh
2022-12-27T11:19:10.4389630Z Initialized build tracking at /private/var/folders/51/hd414ycd67n82196sw51xqtc0000gn/T/pip-build-tracker-p4ivajwh
2022-12-27T11:19:10.4393510Z Created build tracker: /private/var/folders/51/hd414ycd67n82196sw51xqtc0000gn/T/pip-build-tracker-p4ivajwh
2022-12-27T11:19:10.4396550Z Entered build tracker: /private/var/folders/51/hd414ycd67n82196sw51xqtc0000gn/T/pip-build-tracker-p4ivajwh
2022-12-27T11:19:10.4401600Z Created temporary directory: /private/var/folders/51/hd414ycd67n82196sw51xqtc0000gn/T/pip-wheel-9wh18cm2
2022-12-27T11:19:10.4413440Z Created temporary directory: /private/var/folders/51/hd414ycd67n82196sw51xqtc0000gn/T/pip-ephem-wheel-cache-n7poognk
2022-12-27T11:19:10.4594380Z Processing /Users/runner/actions-runner/_work/python.build/python.build/build_lxml10138/lxml-1.0.1
2022-12-27T11:19:10.4603220Z   Added file:///Users/runner/actions-runner/_work/python.build/python.build/build_lxml10138/lxml-1.0.1 to build tracker '/private/var/folders/51/hd414ycd67n82196sw51xqtc0000gn/T/pip-build-tracker-p4ivajwh'
2022-12-27T11:19:10.4610220Z   Running setup.py (path:/Users/runner/actions-runner/_work/python.build/python.build/build_lxml10138/lxml-1.0.1/setup.py) egg_info for package from file:///Users/runner/actions-runner/_work/python.build/python.build/build_lxml10138/lxml-1.0.1
2022-12-27T11:19:10.4615870Z   Created temporary directory: /private/var/folders/51/hd414ycd67n82196sw51xqtc0000gn/T/pip-pip-egg-info-siq1hxae
2022-12-27T11:19:10.4620610Z   Preparing metadata (setup.py): started
2022-12-27T11:19:10.4622520Z   Running command python setup.py egg_info
2022-12-27T11:19:10.7439490Z   Traceback (most recent call last):
2022-12-27T11:19:10.7451160Z     File "<string>", line 2, in <module>
2022-12-27T11:19:10.7452230Z     File "<pip-setuptools-caller>", line 34, in <module>
2022-12-27T11:19:10.7452980Z     File "/Users/runner/actions-runner/_work/python.build/python.build/build_lxml10138/lxml-1.0.1/setup.py", line 22
2022-12-27T11:19:10.7454240Z       raise NotImplementedError, \
2022-12-27T11:19:10.7454760Z                                ^
2022-12-27T11:19:10.7455110Z   SyntaxError: invalid syntax
2022-12-27T11:19:10.8110500Z   error: subprocess-exited-with-error
2022-12-27T11:19:10.8111200Z   
2022-12-27T11:19:10.8112970Z   × python setup.py egg_info did not run successfully.
2022-12-27T11:19:10.8113900Z   │ exit code: 1
2022-12-27T11:19:10.8114610Z   ╰─> See above for output.
2022-12-27T11:19:10.8115240Z   
2022-12-27T11:19:10.8116240Z   note: This error originates from a subprocess, and is likely not a problem with pip.
2022-12-27T11:19:10.8129050Z   full command: /private/var/folders/51/hd414ycd67n82196sw51xqtc0000gn/T/cibw-run-l_h83hs0/cp38-macosx_arm64/build/venv/bin/python -c '
2022-12-27T11:19:10.8130640Z   exec(compile('"'"''"'"''"'"'
2022-12-27T11:19:10.8132350Z   # This is <pip-setuptools-caller> -- a caller that pip uses to run setup.py
2022-12-27T11:19:10.8135680Z   #
2022-12-27T11:19:10.8140310Z   # - It imports setuptools before invoking setup.py, to enable projects that directly
2022-12-27T11:19:10.8141400Z   #   import from `distutils.core` to work with newer packaging standards.
2022-12-27T11:19:10.8142350Z   # - It provides a clear error message when setuptools is not installed.
2022-12-27T11:19:10.8143000Z   # - It sets `sys.argv[0]` to the underlying `setup.py`, when invoking `setup.py` so
2022-12-27T11:19:10.8143570Z   #   setuptools doesn'"'"'t think the script is `-c`. This avoids the following warning:
2022-12-27T11:19:10.8144290Z   #     manifest_maker: standard file '"'"'-c'"'"' not found".
2022-12-27T11:19:10.8144870Z   # - It generates a shim setup.py, for handling setup.cfg-only projects.
2022-12-27T11:19:10.8145220Z   import os, sys, tokenize
2022-12-27T11:19:10.8145580Z   
2022-12-27T11:19:10.8146000Z   try:
2022-12-27T11:19:10.8147110Z       import setuptools
2022-12-27T11:19:10.8147530Z   except ImportError as error:
2022-12-27T11:19:10.8147910Z       print(
2022-12-27T11:19:10.8148270Z           "ERROR: Can not execute `setup.py` since setuptools is not available in "
2022-12-27T11:19:10.8148930Z           "the build environment.",
2022-12-27T11:19:10.8149280Z           file=sys.stderr,
2022-12-27T11:19:10.8149530Z       )
2022-12-27T11:19:10.8149840Z       sys.exit(1)
2022-12-27T11:19:10.8150150Z   
2022-12-27T11:19:10.8150490Z   __file__ = %r
2022-12-27T11:19:10.8150820Z   sys.argv[0] = __file__
2022-12-27T11:19:10.8151150Z   
2022-12-27T11:19:10.8151470Z   if os.path.exists(__file__):
2022-12-27T11:19:10.8151760Z       filename = __file__
2022-12-27T11:19:10.8152740Z       with tokenize.open(__file__) as f:
2022-12-27T11:19:10.8153500Z           setup_py_code = f.read()
2022-12-27T11:19:10.8154000Z   else:
2022-12-27T11:19:10.8155000Z       filename = "<auto-generated setuptools caller>"
2022-12-27T11:19:10.8156040Z       setup_py_code = "from setuptools import setup; setup()"
2022-12-27T11:19:10.8156620Z   
2022-12-27T11:19:10.8157300Z   exec(compile(setup_py_code, filename, "exec"))
2022-12-27T11:19:10.8159140Z   '"'"''"'"''"'"' % ('"'"'/Users/runner/actions-runner/_work/python.build/python.build/build_lxml10138/lxml-1.0.1/setup.py'"'"',), "<pip-setuptools-caller>", "exec"))' egg_info --egg-base /private/var/folders/51/hd414ycd67n82196sw51xqtc0000gn/T/pip-pip-egg-info-siq1hxae
2022-12-27T11:19:10.8160800Z   cwd: /Users/runner/actions-runner/_work/python.build/python.build/build_lxml10138/lxml-1.0.1/
2022-12-27T11:19:10.8162020Z   Preparing metadata (setup.py): finished with status 'error'
2022-12-27T11:19:10.8170760Z error: metadata-generation-failed
2022-12-27T11:19:10.8171670Z 
2022-12-27T11:19:10.8173070Z × Encountered error while generating package metadata.
2022-12-27T11:19:10.8174140Z ╰─> See above for output.
2022-12-27T11:19:10.8175190Z 
2022-12-27T11:19:10.8175780Z note: This is an issue with the package mentioned above, not pip.
2022-12-27T11:19:10.8176530Z hint: See above for details.
2022-12-27T11:19:10.8218700Z Exception information:
2022-12-27T11:19:10.8219490Z Traceback (most recent call last):
2022-12-27T11:19:10.8369800Z   File "/private/var/folders/51/hd414ycd67n82196sw51xqtc0000gn/T/cibw-run-l_h83hs0/cp38-macosx_arm64/build/venv/lib/python3.8/site-packages/pip/_internal/operations/build/metadata_legacy.py", line 64, in generate_metadata
2022-12-27T11:19:10.8371070Z     call_subprocess(
2022-12-27T11:19:10.8372770Z   File "/private/var/folders/51/hd414ycd67n82196sw51xqtc0000gn/T/cibw-run-l_h83hs0/cp38-macosx_arm64/build/venv/lib/python3.8/site-packages/pip/_internal/utils/subprocess.py", line 224, in call_subprocess
2022-12-27T11:19:10.8373300Z     raise error
2022-12-27T11:19:10.8373750Z pip._internal.exceptions.InstallationSubprocessError: python setup.py egg_info exited with 1
2022-12-27T11:19:10.8374010Z 
2022-12-27T11:19:10.8374250Z The above exception was the direct cause of the following exception:
2022-12-27T11:19:10.8374630Z 
2022-12-27T11:19:10.8374810Z Traceback (most recent call last):
2022-12-27T11:19:10.8375660Z   File "/private/var/folders/51/hd414ycd67n82196sw51xqtc0000gn/T/cibw-run-l_h83hs0/cp38-macosx_arm64/build/venv/lib/python3.8/site-packages/pip/_internal/cli/base_command.py", line 160, in exc_logging_wrapper
2022-12-27T11:19:10.8376150Z     status = run_func(*args)
2022-12-27T11:19:10.8376930Z   File "/private/var/folders/51/hd414ycd67n82196sw51xqtc0000gn/T/cibw-run-l_h83hs0/cp38-macosx_arm64/build/venv/lib/python3.8/site-packages/pip/_internal/cli/req_command.py", line 247, in wrapper
2022-12-27T11:19:10.8377490Z     return func(self, options, args)
2022-12-27T11:19:10.8378260Z   File "/private/var/folders/51/hd414ycd67n82196sw51xqtc0000gn/T/cibw-run-l_h83hs0/cp38-macosx_arm64/build/venv/lib/python3.8/site-packages/pip/_internal/commands/wheel.py", line 170, in run
2022-12-27T11:19:10.8378870Z     requirement_set = resolver.resolve(reqs, check_supported_wheels=True)
2022-12-27T11:19:10.8380900Z   File "/private/var/folders/51/hd414ycd67n82196sw51xqtc0000gn/T/cibw-run-l_h83hs0/cp38-macosx_arm64/build/venv/lib/python3.8/site-packages/pip/_internal/resolution/resolvelib/resolver.py", line 73, in resolve
2022-12-27T11:19:10.8381550Z     collected = self.factory.collect_root_requirements(root_reqs)
2022-12-27T11:19:10.8382370Z   File "/private/var/folders/51/hd414ycd67n82196sw51xqtc0000gn/T/cibw-run-l_h83hs0/cp38-macosx_arm64/build/venv/lib/python3.8/site-packages/pip/_internal/resolution/resolvelib/factory.py", line 491, in collect_root_requirements
2022-12-27T11:19:10.8383110Z     req = self._make_requirement_from_install_req(
2022-12-27T11:19:10.8384050Z   File "/private/var/folders/51/hd414ycd67n82196sw51xqtc0000gn/T/cibw-run-l_h83hs0/cp38-macosx_arm64/build/venv/lib/python3.8/site-packages/pip/_internal/resolution/resolvelib/factory.py", line 453, in _make_requirement_from_install_req
2022-12-27T11:19:10.8384650Z     cand = self._make_candidate_from_link(
2022-12-27T11:19:10.8385500Z   File "/private/var/folders/51/hd414ycd67n82196sw51xqtc0000gn/T/cibw-run-l_h83hs0/cp38-macosx_arm64/build/venv/lib/python3.8/site-packages/pip/_internal/resolution/resolvelib/factory.py", line 206, in _make_candidate_from_link
2022-12-27T11:19:10.8386100Z     self._link_candidate_cache[link] = LinkCandidate(
2022-12-27T11:19:10.8386920Z   File "/private/var/folders/51/hd414ycd67n82196sw51xqtc0000gn/T/cibw-run-l_h83hs0/cp38-macosx_arm64/build/venv/lib/python3.8/site-packages/pip/_internal/resolution/resolvelib/candidates.py", line 297, in __init__
2022-12-27T11:19:10.8387400Z     super().__init__(
2022-12-27T11:19:10.8388110Z   File "/private/var/folders/51/hd414ycd67n82196sw51xqtc0000gn/T/cibw-run-l_h83hs0/cp38-macosx_arm64/build/venv/lib/python3.8/site-packages/pip/_internal/resolution/resolvelib/candidates.py", line 162, in __init__
2022-12-27T11:19:10.8388750Z     self.dist = self._prepare()
2022-12-27T11:19:10.8389620Z   File "/private/var/folders/51/hd414ycd67n82196sw51xqtc0000gn/T/cibw-run-l_h83hs0/cp38-macosx_arm64/build/venv/lib/python3.8/site-packages/pip/_internal/resolution/resolvelib/candidates.py", line 231, in _prepare
2022-12-27T11:19:10.8390190Z     dist = self._prepare_distribution()
2022-12-27T11:19:10.8391350Z   File "/private/var/folders/51/hd414ycd67n82196sw51xqtc0000gn/T/cibw-run-l_h83hs0/cp38-macosx_arm64/build/venv/lib/python3.8/site-packages/pip/_internal/resolution/resolvelib/candidates.py", line 308, in _prepare_distribution
2022-12-27T11:19:10.8392020Z     return preparer.prepare_linked_requirement(self._ireq, parallel_builds=True)
2022-12-27T11:19:10.8392990Z   File "/private/var/folders/51/hd414ycd67n82196sw51xqtc0000gn/T/cibw-run-l_h83hs0/cp38-macosx_arm64/build/venv/lib/python3.8/site-packages/pip/_internal/operations/prepare.py", line 491, in prepare_linked_requirement
2022-12-27T11:19:10.8393600Z     return self._prepare_linked_requirement(req, parallel_builds)
2022-12-27T11:19:10.8394470Z   File "/private/var/folders/51/hd414ycd67n82196sw51xqtc0000gn/T/cibw-run-l_h83hs0/cp38-macosx_arm64/build/venv/lib/python3.8/site-packages/pip/_internal/operations/prepare.py", line 577, in _prepare_linked_requirement
2022-12-27T11:19:10.8395050Z     dist = _get_prepared_distribution(
2022-12-27T11:19:10.8395810Z   File "/private/var/folders/51/hd414ycd67n82196sw51xqtc0000gn/T/cibw-run-l_h83hs0/cp38-macosx_arm64/build/venv/lib/python3.8/site-packages/pip/_internal/operations/prepare.py", line 69, in _get_prepared_distribution
2022-12-27T11:19:10.8396340Z     abstract_dist.prepare_distribution_metadata(
2022-12-27T11:19:10.8397170Z   File "/private/var/folders/51/hd414ycd67n82196sw51xqtc0000gn/T/cibw-run-l_h83hs0/cp38-macosx_arm64/build/venv/lib/python3.8/site-packages/pip/_internal/distributions/sdist.py", line 61, in prepare_distribution_metadata
2022-12-27T11:19:10.8397730Z     self.req.prepare_metadata()
2022-12-27T11:19:10.8398750Z   File "/private/var/folders/51/hd414ycd67n82196sw51xqtc0000gn/T/cibw-run-l_h83hs0/cp38-macosx_arm64/build/venv/lib/python3.8/site-packages/pip/_internal/req/req_install.py", line 541, in prepare_metadata
2022-12-27T11:19:10.8399360Z     self.metadata_directory = generate_metadata_legacy(
2022-12-27T11:19:10.8400080Z   File "/private/var/folders/51/hd414ycd67n82196sw51xqtc0000gn/T/cibw-run-l_h83hs0/cp38-macosx_arm64/build/venv/lib/python3.8/site-packages/pip/_internal/operations/build/metadata_legacy.py", line 71, in generate_metadata
2022-12-27T11:19:10.8400760Z     raise MetadataGenerationFailed(package_details=details) from error
2022-12-27T11:19:10.8401270Z pip._internal.exceptions.MetadataGenerationFailed: metadata generation failed
2022-12-27T11:19:10.8402120Z Removed file:///Users/runner/actions-runner/_work/python.build/python.build/build_lxml10138/lxml-1.0.1 from build tracker '/private/var/folders/51/hd414ycd67n82196sw51xqtc0000gn/T/pip-build-tracker-p4ivajwh'
2022-12-27T11:19:10.8402840Z Removed build tracker: '/private/var/folders/51/hd414ycd67n82196sw51xqtc0000gn/T/pip-build-tracker-p4ivajwh'
2022-12-27T11:19:10.9124770Z ##[endgroup]
2022-12-27T11:19:10.9126250Z                                                               [31m✕ [0m0.97s
2022-12-27T11:19:10.9750600Z ##[error]Command ['python', '-m', 'pip', 'wheel', '/Users/runner/actions-runner/_work/python.build/python.build/build_lxml10138/lxml-1.0.1', '--wheel-dir=/private/var/folders/51/hd414ycd67n82196sw51xqtc0000gn/T/cibw-run-l_h83hs0/cp38-macosx_arm64/built_wheel', '--no-deps', '-vvv'] failed with code 1. None
2022-12-27T11:19:10.9759910Z 
2022-12-27T11:19:10.9967760Z ##[error]Process completed with exit code 1.
2022-12-27T11:19:11.0068230Z ##[group]Run rm -rf build_lxml10138 wheelsout
2022-12-27T11:19:11.0068750Z [36;1mrm -rf build_lxml10138 wheelsout[0m
2022-12-27T11:19:11.0095530Z shell: /bin/bash -e {0}
2022-12-27T11:19:11.0095760Z env:
2022-12-27T11:19:11.0096090Z   pythonLocation: /Users/runner/hostedtoolcache/Python/3.8.15/x64
2022-12-27T11:19:11.0096530Z   PKG_CONFIG_PATH: /Users/runner/hostedtoolcache/Python/3.8.15/x64/lib/pkgconfig
2022-12-27T11:19:11.0096910Z   Python_ROOT_DIR: /Users/runner/hostedtoolcache/Python/3.8.15/x64
2022-12-27T11:19:11.0097320Z   Python2_ROOT_DIR: /Users/runner/hostedtoolcache/Python/3.8.15/x64
2022-12-27T11:19:11.0097690Z   Python3_ROOT_DIR: /Users/runner/hostedtoolcache/Python/3.8.15/x64
2022-12-27T11:19:11.0098340Z ##[endgroup]
2022-12-27T11:19:11.0604830Z Cleaning up orphan processes
