2022-12-27T08:53:25.7818605Z Requested labels: self-hosted, macOS, X64
2022-12-27T08:53:25.7818687Z Job defined at: kilnbuild/python.build/.github/workflows/mac_arm_build.yml@refs/heads/main
2022-12-27T08:53:25.7818731Z Waiting for a runner to pick up this job...
2022-12-27T11:27:27.7137884Z Job is about to start running on the runner: kr2 (organization)
2022-12-27T11:27:33.3605360Z Current runner version: '2.300.2'
2022-12-27T11:27:33.3613280Z Runner name: 'kr2'
2022-12-27T11:27:33.3613710Z Runner group name: 'Default'
2022-12-27T11:27:33.3614540Z Machine name: 'kr2'
2022-12-27T11:27:33.3617310Z ##[group]GITHUB_TOKEN Permissions
2022-12-27T11:27:33.3618000Z Actions: write
2022-12-27T11:27:33.3618260Z Checks: write
2022-12-27T11:27:33.3618520Z Contents: write
2022-12-27T11:27:33.3618790Z Deployments: write
2022-12-27T11:27:33.3619060Z Discussions: write
2022-12-27T11:27:33.3619320Z Issues: write
2022-12-27T11:27:33.3619580Z Metadata: read
2022-12-27T11:27:33.3619830Z Packages: write
2022-12-27T11:27:33.3620100Z Pages: write
2022-12-27T11:27:33.3620360Z PullRequests: write
2022-12-27T11:27:33.3620670Z RepositoryProjects: write
2022-12-27T11:27:33.3620970Z SecurityEvents: write
2022-12-27T11:27:33.3621250Z Statuses: write
2022-12-27T11:27:33.3621500Z ##[endgroup]
2022-12-27T11:27:33.3625280Z Secret source: Actions
2022-12-27T11:27:33.3625770Z Prepare workflow directory
2022-12-27T11:27:33.4708390Z Prepare all required actions
2022-12-27T11:27:33.4908480Z Getting action download info
2022-12-27T11:27:33.9753120Z Download action repository 'actions/setup-python@v4' (SHA:5ccb29d8773c3f3f653e1705f474dfaa8a06a912)
2022-12-27T11:27:35.8691360Z Download action repository 'actions/upload-artifact@v3' (SHA:83fd05a356d7e2593de66fc9913b3002723633cb)
2022-12-27T11:27:37.3566290Z ##[group]Run echo '{
2022-12-27T11:27:37.3566770Z [36;1mecho '{[0m
2022-12-27T11:27:37.3567130Z [36;1m  "package_name": "lxml",[0m
2022-12-27T11:27:37.3567820Z [36;1m  "package_url": "https://files.pythonhosted.org/packages/53/59/f54937dc1be91bb5b42febccd5e405e777e3919d420d6f83243d49efabef/lxml-2.1alpha1.tar.gz",[0m
2022-12-27T11:27:37.3568300Z [36;1m  "package_version": "2.1alpha1",[0m
2022-12-27T11:27:37.3568560Z [36;1m  "python_version": "3.8",[0m
2022-12-27T11:27:37.3568870Z [36;1m  "use_ccache": "true"[0m
2022-12-27T11:27:37.3569220Z [36;1m}'[0m
2022-12-27T11:27:37.3594840Z shell: /bin/bash -e {0}
2022-12-27T11:27:37.3595230Z ##[endgroup]
2022-12-27T11:27:37.3957290Z {
2022-12-27T11:27:37.3959930Z   "package_name": "lxml",
2022-12-27T11:27:37.3961220Z   "package_url": "https://files.pythonhosted.org/packages/53/59/f54937dc1be91bb5b42febccd5e405e777e3919d420d6f83243d49efabef/lxml-2.1alpha1.tar.gz",
2022-12-27T11:27:37.3961680Z   "package_version": "2.1alpha1",
2022-12-27T11:27:37.3962190Z   "python_version": "3.8",
2022-12-27T11:27:37.3962620Z   "use_ccache": "true"
2022-12-27T11:27:37.3962860Z }
2022-12-27T11:27:37.4319180Z ##[group]Run actions/setup-python@v4
2022-12-27T11:27:37.4319550Z with:
2022-12-27T11:27:37.4319980Z   python-version: 3.8
2022-12-27T11:27:37.4320320Z   check-latest: false
2022-12-27T11:27:37.4320830Z   token: ***
2022-12-27T11:27:37.4321170Z   update-environment: true
2022-12-27T11:27:37.4321520Z ##[endgroup]
2022-12-27T11:27:37.6489210Z ##[group]Installed versions
2022-12-27T11:27:37.6552970Z Successfully set up CPython (3.8.15)
2022-12-27T11:27:37.6554380Z ##[endgroup]
2022-12-27T11:27:37.6792990Z ##[group]Run if [ "true" == "true" ]
2022-12-27T11:27:37.6793500Z [36;1mif [ "true" == "true" ][0m
2022-12-27T11:27:37.6793850Z [36;1mthen[0m
2022-12-27T11:27:37.6794170Z [36;1m  echo "CCACHE_PATH_PREPEND=/usr/local/opt/ccache/libexec" >> $GITHUB_OUTPUT[0m
2022-12-27T11:27:37.6794550Z [36;1melse[0m
2022-12-27T11:27:37.6795010Z [36;1m  echo "CCACHE_PATH_PREPEND=" >> $GITHUB_OUTPUT[0m
2022-12-27T11:27:37.6795360Z [36;1mfi[0m
2022-12-27T11:27:37.6825770Z shell: /bin/bash -e {0}
2022-12-27T11:27:37.6826250Z env:
2022-12-27T11:27:37.6826650Z   pythonLocation: /Users/runner/hostedtoolcache/Python/3.8.15/x64
2022-12-27T11:27:37.6827130Z   PKG_CONFIG_PATH: /Users/runner/hostedtoolcache/Python/3.8.15/x64/lib/pkgconfig
2022-12-27T11:27:37.6827600Z   Python_ROOT_DIR: /Users/runner/hostedtoolcache/Python/3.8.15/x64
2022-12-27T11:27:37.6828070Z   Python2_ROOT_DIR: /Users/runner/hostedtoolcache/Python/3.8.15/x64
2022-12-27T11:27:37.6828640Z   Python3_ROOT_DIR: /Users/runner/hostedtoolcache/Python/3.8.15/x64
2022-12-27T11:27:37.6829550Z ##[endgroup]
2022-12-27T11:27:37.7114660Z ##[group]Run echo "BUILD_NAME=$(echo lxml_2.1alpha1_3.8 | tr -dc '[:alnum:]\n\r' | tr '[:upper:]' '[:lower:]')" >> $GITHUB_OUTPUT
2022-12-27T11:27:37.7115330Z [36;1mecho "BUILD_NAME=$(echo lxml_2.1alpha1_3.8 | tr -dc '[:alnum:]\n\r' | tr '[:upper:]' '[:lower:]')" >> $GITHUB_OUTPUT[0m
2022-12-27T11:27:37.7147930Z shell: /bin/bash -e {0}
2022-12-27T11:27:37.7148760Z env:
2022-12-27T11:27:37.7149480Z   pythonLocation: /Users/runner/hostedtoolcache/Python/3.8.15/x64
2022-12-27T11:27:37.7150350Z   PKG_CONFIG_PATH: /Users/runner/hostedtoolcache/Python/3.8.15/x64/lib/pkgconfig
2022-12-27T11:27:37.7151080Z   Python_ROOT_DIR: /Users/runner/hostedtoolcache/Python/3.8.15/x64
2022-12-27T11:27:37.7151880Z   Python2_ROOT_DIR: /Users/runner/hostedtoolcache/Python/3.8.15/x64
2022-12-27T11:27:37.7152630Z   Python3_ROOT_DIR: /Users/runner/hostedtoolcache/Python/3.8.15/x64
2022-12-27T11:27:37.7152990Z ##[endgroup]
2022-12-27T11:27:37.7386670Z ##[group]Run echo "PYTHON_NO_DOTS=$(echo 3.8 | tr -dc '[:alnum:]\n\r' | tr '[:upper:]' '[:lower:]')" >> $GITHUB_OUTPUT
2022-12-27T11:27:37.7387460Z [36;1mecho "PYTHON_NO_DOTS=$(echo 3.8 | tr -dc '[:alnum:]\n\r' | tr '[:upper:]' '[:lower:]')" >> $GITHUB_OUTPUT[0m
2022-12-27T11:27:37.7414900Z shell: /bin/bash -e {0}
2022-12-27T11:27:37.7415320Z env:
2022-12-27T11:27:37.7415620Z   pythonLocation: /Users/runner/hostedtoolcache/Python/3.8.15/x64
2022-12-27T11:27:37.7416070Z   PKG_CONFIG_PATH: /Users/runner/hostedtoolcache/Python/3.8.15/x64/lib/pkgconfig
2022-12-27T11:27:37.7416510Z   Python_ROOT_DIR: /Users/runner/hostedtoolcache/Python/3.8.15/x64
2022-12-27T11:27:37.7417030Z   Python2_ROOT_DIR: /Users/runner/hostedtoolcache/Python/3.8.15/x64
2022-12-27T11:27:37.7418580Z   Python3_ROOT_DIR: /Users/runner/hostedtoolcache/Python/3.8.15/x64
2022-12-27T11:27:37.7418940Z ##[endgroup]
2022-12-27T11:27:37.7668170Z ##[group]Run rm -rf build_lxml21alpha138
2022-12-27T11:27:37.7669060Z [36;1mrm -rf build_lxml21alpha138[0m
2022-12-27T11:27:37.7669700Z [36;1mmkdir build_lxml21alpha138[0m
2022-12-27T11:27:37.7670130Z [36;1mcd build_lxml21alpha138[0m
2022-12-27T11:27:37.7670660Z [36;1m/usr/local/bin/wget --quiet https://files.pythonhosted.org/packages/53/59/f54937dc1be91bb5b42febccd5e405e777e3919d420d6f83243d49efabef/lxml-2.1alpha1.tar.gz[0m
2022-12-27T11:27:37.7671160Z [36;1mtar xf *.tar.gz[0m
2022-12-27T11:27:37.7671540Z [36;1mcd *[0m
2022-12-27T11:27:37.7671880Z [36;1mpython -m pip install cibuildwheel==2.11.3[0m
2022-12-27T11:27:37.7672510Z [36;1mpython -m cibuildwheel --output-dir ../wheelsout[0m
2022-12-27T11:27:37.7701510Z shell: /bin/bash -e {0}
2022-12-27T11:27:37.7701830Z env:
2022-12-27T11:27:37.7702200Z   pythonLocation: /Users/runner/hostedtoolcache/Python/3.8.15/x64
2022-12-27T11:27:37.7702670Z   PKG_CONFIG_PATH: /Users/runner/hostedtoolcache/Python/3.8.15/x64/lib/pkgconfig
2022-12-27T11:27:37.7703380Z   Python_ROOT_DIR: /Users/runner/hostedtoolcache/Python/3.8.15/x64
2022-12-27T11:27:37.7703810Z   Python2_ROOT_DIR: /Users/runner/hostedtoolcache/Python/3.8.15/x64
2022-12-27T11:27:37.7704240Z   Python3_ROOT_DIR: /Users/runner/hostedtoolcache/Python/3.8.15/x64
2022-12-27T11:27:37.7704550Z   CIBW_ARCHS_MACOS: arm64
2022-12-27T11:27:37.7704950Z   CIBW_TEST_SKIP: *_arm64
2022-12-27T11:27:37.7705280Z   CIBW_BUILD: cp38-macosx_arm64
2022-12-27T11:27:37.7705550Z   CIBW_BUILD_FRONTEND: pip
2022-12-27T11:27:37.7705870Z   CIBW_BUILD_VERBOSITY: 3
2022-12-27T11:27:37.7706460Z   CIBW_ENVIRONMENT_MACOS:  CFLAGS="-I/usr/local/opt/openssl@3/include" LDFLAGS="-L/usr/local/opt/openssl@3/lib" CPPFLAGS="-I/usr/local/opt/openssl@3/include" MAKEFLAGS="-j$(sysctl -n hw.logicalcpu)" PATH=/usr/local/opt/ccache/libexec:$PATH
2022-12-27T11:27:37.7707260Z   CIBW_BEFORE_BUILD: pip install Cython; if [[ -f requirements.txt ]]; then pip install -r requirements.txt; fi
2022-12-27T11:27:37.7707640Z   MAKEFLAGS: -j$(sysctl -n hw.logicalcpu)
2022-12-27T11:27:37.7707980Z ##[endgroup]
2022-12-27T11:27:38.4720580Z Requirement already satisfied: cibuildwheel==2.11.3 in /Users/runner/hostedtoolcache/Python/3.8.15/x64/lib/python3.8/site-packages (2.11.3)
2022-12-27T11:27:38.5328480Z Requirement already satisfied: typing-extensions>=4.1.0 in /Users/runner/hostedtoolcache/Python/3.8.15/x64/lib/python3.8/site-packages (from cibuildwheel==2.11.3) (4.4.0)
2022-12-27T11:27:38.5332580Z Requirement already satisfied: filelock in /Users/runner/hostedtoolcache/Python/3.8.15/x64/lib/python3.8/site-packages (from cibuildwheel==2.11.3) (3.8.2)
2022-12-27T11:27:38.5340450Z Requirement already satisfied: tomli in /Users/runner/hostedtoolcache/Python/3.8.15/x64/lib/python3.8/site-packages (from cibuildwheel==2.11.3) (2.0.1)
2022-12-27T11:27:38.5345930Z Requirement already satisfied: platformdirs in /Users/runner/hostedtoolcache/Python/3.8.15/x64/lib/python3.8/site-packages (from cibuildwheel==2.11.3) (2.6.0)
2022-12-27T11:27:38.5357290Z Requirement already satisfied: packaging>=20.9 in /Users/runner/hostedtoolcache/Python/3.8.15/x64/lib/python3.8/site-packages (from cibuildwheel==2.11.3) (22.0)
2022-12-27T11:27:38.5368830Z Requirement already satisfied: bracex in /Users/runner/hostedtoolcache/Python/3.8.15/x64/lib/python3.8/site-packages (from cibuildwheel==2.11.3) (2.3.post1)
2022-12-27T11:27:38.5373160Z Requirement already satisfied: certifi in /Users/runner/hostedtoolcache/Python/3.8.15/x64/lib/python3.8/site-packages (from cibuildwheel==2.11.3) (2022.12.7)
2022-12-27T11:27:38.5384410Z Requirement already satisfied: bashlex!=0.13 in /Users/runner/hostedtoolcache/Python/3.8.15/x64/lib/python3.8/site-packages (from cibuildwheel==2.11.3) (0.16)
2022-12-27T11:27:38.8530090Z 
2022-12-27T11:27:38.8531310Z      _ _       _ _   _       _           _
2022-12-27T11:27:38.8532540Z  ___|_| |_ _ _|_| |_| |_ _ _| |_ ___ ___| |
2022-12-27T11:27:38.8534170Z |  _| | . | | | | | . | | | |   | -_| -_| |
2022-12-27T11:27:38.8536270Z |___|_|___|___|_|_|___|_____|_|_|___|___|_|
2022-12-27T11:27:38.8536520Z 
2022-12-27T11:27:38.8536770Z cibuildwheel version 2.11.3
2022-12-27T11:27:38.8537040Z 
2022-12-27T11:27:38.8537270Z Build options:
2022-12-27T11:27:38.8537740Z   platform: macos
2022-12-27T11:27:38.8705390Z   architectures: arm64[0m
2022-12-27T11:27:38.8706010Z   build_selector: 
2022-12-27T11:27:38.8706810Z     build_config: cp38-macosx_arm64
2022-12-27T11:27:38.8707550Z     skip_config: 
2022-12-27T11:27:38.8710160Z     requires_python: None
2022-12-27T11:27:38.8711830Z     prerelease_pythons: False[0m
2022-12-27T11:27:38.8713220Z   [38;5;244mcontainer_engine: docker[0m
2022-12-27T11:27:38.8714240Z   output_dir: /Users/runner/actions-runner/_work/python.build/python.build/build_lxml21alpha138/wheelsout[0m
2022-12-27T11:27:38.8715940Z   package_dir: /Users/runner/actions-runner/_work/python.build/python.build/build_lxml21alpha138/lxml-2.1alpha1[0m
2022-12-27T11:27:38.8716710Z   test_selector: 
2022-12-27T11:27:38.8717330Z     skip_config: *_arm64[0m
2022-12-27T11:27:38.8718020Z   [38;5;244mbefore_all: [0m
2022-12-27T11:27:38.8718880Z   before_build: pip install Cython; if [[ -f requirements.txt ]]; then pip install -r requirements.txt; fi[0m
2022-12-27T11:27:38.8719880Z   [38;5;244mbefore_test: [0m
2022-12-27T11:27:38.8720430Z   [38;5;244mbuild_frontend: pip[0m
2022-12-27T11:27:38.8721040Z   build_verbosity: 3[0m
2022-12-27T11:27:38.8721630Z   [38;5;244mconfig_settings: [0m
2022-12-27T11:27:38.8722230Z   [38;5;244mdependency_constraints: pinned[0m
2022-12-27T11:27:38.8722900Z   environment: 
2022-12-27T11:27:38.8723650Z     CFLAGS="-I/usr/local/opt/openssl@3/include"
2022-12-27T11:27:38.8724350Z     LDFLAGS="-L/usr/local/opt/openssl@3/lib"
2022-12-27T11:27:38.8725170Z     CPPFLAGS="-I/usr/local/opt/openssl@3/include"
2022-12-27T11:27:38.8726130Z     MAKEFLAGS="-j$(sysctl -n hw.logicalcpu)"
2022-12-27T11:27:38.8726780Z     PATH=/usr/local/opt/ccache/libexec:$PATH[0m
2022-12-27T11:27:38.8727580Z   [38;5;244mmanylinux_images: None[0m
2022-12-27T11:27:38.8728210Z   [38;5;244mmusllinux_images: None[0m
2022-12-27T11:27:38.8728920Z   [38;5;244mrepair_command: delocate-wheel --require-archs {delocate_archs} -w {dest_dir} -v {wheel}[0m
2022-12-27T11:27:38.8730710Z   [38;5;244mtest_command: [0m
2022-12-27T11:27:38.8731370Z   [38;5;244mtest_extras: [0m
2022-12-27T11:27:38.8732030Z   [38;5;244mtest_requires: [0m
2022-12-27T11:27:38.8732230Z 
2022-12-27T11:27:38.8732530Z Cache folder: /Users/runner/Library/Caches/cibuildwheel
2022-12-27T11:27:38.8732950Z 
2022-12-27T11:27:38.8733180Z Here we go!
2022-12-27T11:27:38.8733720Z 
2022-12-27T11:27:38.8849990Z 
2022-12-27T11:27:38.8851480Z [1m[34mBuilding cp38-macosx_arm64 wheel[0m
2022-12-27T11:27:38.8852390Z CPython 3.8 macOS arm64 - Apple Silicon
2022-12-27T11:27:38.8852640Z 
2022-12-27T11:27:38.8854070Z ##[group]Installing Python cp38...
2022-12-27T11:27:38.8854610Z 
2022-12-27T11:27:38.8856870Z + pkgutil --pkgs
2022-12-27T11:27:38.9059480Z ##[endgroup]
2022-12-27T11:27:38.9062090Z                                                               [32m✓ [0m0.02s
2022-12-27T11:27:38.9063730Z ##[group]Setting up build environment...
2022-12-27T11:27:38.9064890Z 
2022-12-27T11:27:38.9095040Z + /Users/runner/hostedtoolcache/Python/3.8.15/x64/bin/python -sS /Users/runner/Library/Caches/cibuildwheel/virtualenv-20.17.0.pyz --activators= --no-periodic-update --pip=22.3.1 --setuptools=65.6.3 --wheel=0.38.4 --symlink-app-data --python /Library/Frameworks/Python.framework/Versions/3.8/bin/python3 /private/var/folders/51/hd414ycd67n82196sw51xqtc0000gn/T/cibw-run-0osra76t/cp38-macosx_arm64/build/venv
2022-12-27T11:27:39.2174030Z created virtual environment CPython3.8.10.final.0-64 in 78ms
2022-12-27T11:27:39.2175140Z   creator CPython3Posix(dest=/private/var/folders/51/hd414ycd67n82196sw51xqtc0000gn/T/cibw-run-0osra76t/cp38-macosx_arm64/build/venv, clear=False, no_vcs_ignore=False, global=False)
2022-12-27T11:27:39.2176200Z   seeder FromAppData(download=False, pip=22.3.1, setuptools=65.6.3, wheel=0.38.4, via=symlink, app_data_dir=/Users/runner/Library/Application Support/virtualenv)
2022-12-27T11:27:39.2176790Z     added seed packages: pip==22.3.1, setuptools==65.6.3, wheel==0.38.4
2022-12-27T11:27:39.2400560Z + python -m pip install --upgrade pip -c /Users/runner/hostedtoolcache/Python/3.8.15/x64/lib/python3.8/site-packages/cibuildwheel/resources/constraints-python38.txt
2022-12-27T11:27:39.7618140Z Requirement already satisfied: pip in ./lib/python3.8/site-packages (22.3.1)
2022-12-27T11:27:40.0193870Z + which pip
2022-12-27T11:27:40.0235370Z /private/var/folders/51/hd414ycd67n82196sw51xqtc0000gn/T/cibw-run-0osra76t/cp38-macosx_arm64/build/venv/bin/pip
2022-12-27T11:27:40.0240880Z + pip --version
2022-12-27T11:27:40.4021670Z pip 22.3.1 from /private/var/folders/51/hd414ycd67n82196sw51xqtc0000gn/T/cibw-run-0osra76t/cp38-macosx_arm64/build/venv/lib/python3.8/site-packages/pip (python 3.8)
2022-12-27T11:27:40.4556030Z + which pip
2022-12-27T11:27:40.4608330Z + which python
2022-12-27T11:27:40.4644090Z /private/var/folders/51/hd414ycd67n82196sw51xqtc0000gn/T/cibw-run-0osra76t/cp38-macosx_arm64/build/venv/bin/python
2022-12-27T11:27:40.4647650Z + python --version
2022-12-27T11:27:40.4735720Z Python 3.8.10
2022-12-27T11:27:40.4742220Z + which python
2022-12-27T11:27:40.4894550Z ##[endgroup]
2022-12-27T11:27:40.4895950Z                                                               [32m✓ [0m1.58s
2022-12-27T11:27:40.4897270Z ##[group]Installing build tools...
2022-12-27T11:27:40.4897700Z 
2022-12-27T11:27:40.4898720Z + pip install --upgrade setuptools wheel delocate -c /Users/runner/hostedtoolcache/Python/3.8.15/x64/lib/python3.8/site-packages/cibuildwheel/resources/constraints-python38.txt
2022-12-27T11:27:41.0014430Z Requirement already satisfied: setuptools in /private/var/folders/51/hd414ycd67n82196sw51xqtc0000gn/T/cibw-run-0osra76t/cp38-macosx_arm64/build/venv/lib/python3.8/site-packages (65.6.3)
2022-12-27T11:27:41.4050190Z Requirement already satisfied: wheel in /private/var/folders/51/hd414ycd67n82196sw51xqtc0000gn/T/cibw-run-0osra76t/cp38-macosx_arm64/build/venv/lib/python3.8/site-packages (0.38.4)
2022-12-27T11:27:41.4953810Z Collecting delocate
2022-12-27T11:27:41.5028790Z   Using cached delocate-0.10.3-py3-none-any.whl (142 kB)
2022-12-27T11:27:41.5584680Z Collecting packaging>=20.9
2022-12-27T11:27:41.5623580Z   Using cached packaging-21.3-py3-none-any.whl (40 kB)
2022-12-27T11:27:41.5992640Z Collecting typing-extensions
2022-12-27T11:27:41.6051040Z   Using cached typing_extensions-4.4.0-py3-none-any.whl (26 kB)
2022-12-27T11:27:41.6760970Z Collecting pyparsing!=3.0.5,>=2.0.2
2022-12-27T11:27:41.6807040Z   Using cached pyparsing-3.0.9-py3-none-any.whl (98 kB)
2022-12-27T11:27:41.7515480Z Installing collected packages: typing-extensions, pyparsing, packaging, delocate
2022-12-27T11:27:41.9647260Z Successfully installed delocate-0.10.3 packaging-21.3 pyparsing-3.0.9 typing-extensions-4.4.0
2022-12-27T11:27:42.0603210Z ##[endgroup]
2022-12-27T11:27:42.0605220Z                                                               [32m✓ [0m1.57s
2022-12-27T11:27:42.0607390Z ##[group]Running before_build...
2022-12-27T11:27:42.0607820Z 
2022-12-27T11:27:42.0625370Z + pip install Cython; if [[ -f requirements.txt ]]; then pip install -r requirements.txt; fi
2022-12-27T11:27:43.1972310Z Collecting Cython
2022-12-27T11:27:43.2109340Z   Using cached Cython-0.29.32-py2.py3-none-any.whl (986 kB)
2022-12-27T11:27:43.2909310Z Installing collected packages: Cython
2022-12-27T11:27:44.0120230Z Successfully installed Cython-0.29.32
2022-12-27T11:27:44.1036630Z ##[endgroup]
2022-12-27T11:27:44.1039560Z                                                               [32m✓ [0m2.04s
2022-12-27T11:27:44.1041380Z ##[group]Building wheel...
2022-12-27T11:27:44.1041940Z 
2022-12-27T11:27:44.1054830Z + python -m pip wheel /Users/runner/actions-runner/_work/python.build/python.build/build_lxml21alpha138/lxml-2.1alpha1 --wheel-dir=/private/var/folders/51/hd414ycd67n82196sw51xqtc0000gn/T/cibw-run-0osra76t/cp38-macosx_arm64/built_wheel --no-deps -vvv
2022-12-27T11:27:44.5788080Z Created temporary directory: /private/var/folders/51/hd414ycd67n82196sw51xqtc0000gn/T/pip-ephem-wheel-cache-pqhecpj4
2022-12-27T11:27:44.5794250Z Created temporary directory: /private/var/folders/51/hd414ycd67n82196sw51xqtc0000gn/T/pip-build-tracker-vsaabqp_
2022-12-27T11:27:44.5797030Z Initialized build tracking at /private/var/folders/51/hd414ycd67n82196sw51xqtc0000gn/T/pip-build-tracker-vsaabqp_
2022-12-27T11:27:44.5799350Z Created build tracker: /private/var/folders/51/hd414ycd67n82196sw51xqtc0000gn/T/pip-build-tracker-vsaabqp_
2022-12-27T11:27:44.5801640Z Entered build tracker: /private/var/folders/51/hd414ycd67n82196sw51xqtc0000gn/T/pip-build-tracker-vsaabqp_
2022-12-27T11:27:44.5807520Z Created temporary directory: /private/var/folders/51/hd414ycd67n82196sw51xqtc0000gn/T/pip-wheel-so_kerj1
2022-12-27T11:27:44.5819100Z Created temporary directory: /private/var/folders/51/hd414ycd67n82196sw51xqtc0000gn/T/pip-ephem-wheel-cache-6f0qfqwr
2022-12-27T11:27:44.5966940Z Processing /Users/runner/actions-runner/_work/python.build/python.build/build_lxml21alpha138/lxml-2.1alpha1
2022-12-27T11:27:44.5981090Z   Added file:///Users/runner/actions-runner/_work/python.build/python.build/build_lxml21alpha138/lxml-2.1alpha1 to build tracker '/private/var/folders/51/hd414ycd67n82196sw51xqtc0000gn/T/pip-build-tracker-vsaabqp_'
2022-12-27T11:27:44.5987850Z   Running setup.py (path:/Users/runner/actions-runner/_work/python.build/python.build/build_lxml21alpha138/lxml-2.1alpha1/setup.py) egg_info for package from file:///Users/runner/actions-runner/_work/python.build/python.build/build_lxml21alpha138/lxml-2.1alpha1
2022-12-27T11:27:44.5994540Z   Created temporary directory: /private/var/folders/51/hd414ycd67n82196sw51xqtc0000gn/T/pip-pip-egg-info-hx4e4few
2022-12-27T11:27:44.5997400Z   Preparing metadata (setup.py): started
2022-12-27T11:27:44.6000870Z   Running command python setup.py egg_info
2022-12-27T11:27:45.1405640Z   Traceback (most recent call last):
2022-12-27T11:27:45.1420930Z     File "<string>", line 2, in <module>
2022-12-27T11:27:45.1422460Z     File "<pip-setuptools-caller>", line 34, in <module>
2022-12-27T11:27:45.1423720Z     File "/Users/runner/actions-runner/_work/python.build/python.build/build_lxml21alpha138/lxml-2.1alpha1/setup.py", line 104, in <module>
2022-12-27T11:27:45.1425690Z       ext_modules = setupinfo.ext_modules(
2022-12-27T11:27:45.1426940Z     File "/Users/runner/actions-runner/_work/python.build/python.build/build_lxml21alpha138/lxml-2.1alpha1/setupinfo.py", line 44, in ext_modules
2022-12-27T11:27:45.1427950Z       _include_dirs = include_dirs(static_include_dirs)
2022-12-27T11:27:45.1432580Z     File "/Users/runner/actions-runner/_work/python.build/python.build/build_lxml21alpha138/lxml-2.1alpha1/setupinfo.py", line 151, in include_dirs
2022-12-27T11:27:45.1435730Z       if possible_include_dir.startswith('-I'):
2022-12-27T11:27:45.1437260Z   TypeError: startswith first arg must be bytes or a tuple of bytes, not str
2022-12-27T11:27:45.1440780Z   Building lxml version 2.1.alpha1.
2022-12-27T11:27:45.1443090Z   Building with Cython 0.29.32.
2022-12-27T11:27:45.1445860Z   Using build configuration of libxslt b'1.1.29'
2022-12-27T11:27:45.2018280Z   error: subprocess-exited-with-error
2022-12-27T11:27:45.2020050Z   
2022-12-27T11:27:45.2021020Z   × python setup.py egg_info did not run successfully.
2022-12-27T11:27:45.2021880Z   │ exit code: 1
2022-12-27T11:27:45.2022540Z   ╰─> See above for output.
2022-12-27T11:27:45.2023170Z   
2022-12-27T11:27:45.2024300Z   note: This error originates from a subprocess, and is likely not a problem with pip.
2022-12-27T11:27:45.2035910Z   full command: /private/var/folders/51/hd414ycd67n82196sw51xqtc0000gn/T/cibw-run-0osra76t/cp38-macosx_arm64/build/venv/bin/python -c '
2022-12-27T11:27:45.2037300Z   exec(compile('"'"''"'"''"'"'
2022-12-27T11:27:45.2038370Z   # This is <pip-setuptools-caller> -- a caller that pip uses to run setup.py
2022-12-27T11:27:45.2040560Z   #
2022-12-27T11:27:45.2042670Z   # - It imports setuptools before invoking setup.py, to enable projects that directly
2022-12-27T11:27:45.2046240Z   #   import from `distutils.core` to work with newer packaging standards.
2022-12-27T11:27:45.2047640Z   # - It provides a clear error message when setuptools is not installed.
2022-12-27T11:27:45.2048670Z   # - It sets `sys.argv[0]` to the underlying `setup.py`, when invoking `setup.py` so
2022-12-27T11:27:45.2049980Z   #   setuptools doesn'"'"'t think the script is `-c`. This avoids the following warning:
2022-12-27T11:27:45.2050670Z   #     manifest_maker: standard file '"'"'-c'"'"' not found".
2022-12-27T11:27:45.2051300Z   # - It generates a shim setup.py, for handling setup.cfg-only projects.
2022-12-27T11:27:45.2051640Z   import os, sys, tokenize
2022-12-27T11:27:45.2051960Z   
2022-12-27T11:27:45.2052370Z   try:
2022-12-27T11:27:45.2052620Z       import setuptools
2022-12-27T11:27:45.2053020Z   except ImportError as error:
2022-12-27T11:27:45.2053360Z       print(
2022-12-27T11:27:45.2053700Z           "ERROR: Can not execute `setup.py` since setuptools is not available in "
2022-12-27T11:27:45.2054220Z           "the build environment.",
2022-12-27T11:27:45.2054610Z           file=sys.stderr,
2022-12-27T11:27:45.2054870Z       )
2022-12-27T11:27:45.2055170Z       sys.exit(1)
2022-12-27T11:27:45.2055570Z   
2022-12-27T11:27:45.2055810Z   __file__ = %r
2022-12-27T11:27:45.2056120Z   sys.argv[0] = __file__
2022-12-27T11:27:45.2056440Z   
2022-12-27T11:27:45.2056690Z   if os.path.exists(__file__):
2022-12-27T11:27:45.2057130Z       filename = __file__
2022-12-27T11:27:45.2057490Z       with tokenize.open(__file__) as f:
2022-12-27T11:27:45.2057850Z           setup_py_code = f.read()
2022-12-27T11:27:45.2058110Z   else:
2022-12-27T11:27:45.2058560Z       filename = "<auto-generated setuptools caller>"
2022-12-27T11:27:45.2059130Z       setup_py_code = "from setuptools import setup; setup()"
2022-12-27T11:27:45.2059430Z   
2022-12-27T11:27:45.2059810Z   exec(compile(setup_py_code, filename, "exec"))
2022-12-27T11:27:45.2060770Z   '"'"''"'"''"'"' % ('"'"'/Users/runner/actions-runner/_work/python.build/python.build/build_lxml21alpha138/lxml-2.1alpha1/setup.py'"'"',), "<pip-setuptools-caller>", "exec"))' egg_info --egg-base /private/var/folders/51/hd414ycd67n82196sw51xqtc0000gn/T/pip-pip-egg-info-hx4e4few
2022-12-27T11:27:45.2061900Z   cwd: /Users/runner/actions-runner/_work/python.build/python.build/build_lxml21alpha138/lxml-2.1alpha1/
2022-12-27T11:27:45.2062600Z   Preparing metadata (setup.py): finished with status 'error'
2022-12-27T11:27:45.2063800Z error: metadata-generation-failed
2022-12-27T11:27:45.2064480Z 
2022-12-27T11:27:45.2065490Z × Encountered error while generating package metadata.
2022-12-27T11:27:45.2066540Z ╰─> See above for output.
2022-12-27T11:27:45.2193620Z 
2022-12-27T11:27:45.2193940Z note: This is an issue with the package mentioned above, not pip.
2022-12-27T11:27:45.2194310Z hint: See above for details.
2022-12-27T11:27:45.2195930Z Exception information:
2022-12-27T11:27:45.2196650Z Traceback (most recent call last):
2022-12-27T11:27:45.2199890Z   File "/private/var/folders/51/hd414ycd67n82196sw51xqtc0000gn/T/cibw-run-0osra76t/cp38-macosx_arm64/build/venv/lib/python3.8/site-packages/pip/_internal/operations/build/metadata_legacy.py", line 64, in generate_metadata
2022-12-27T11:27:45.2200920Z     call_subprocess(
2022-12-27T11:27:45.2202140Z   File "/private/var/folders/51/hd414ycd67n82196sw51xqtc0000gn/T/cibw-run-0osra76t/cp38-macosx_arm64/build/venv/lib/python3.8/site-packages/pip/_internal/utils/subprocess.py", line 224, in call_subprocess
2022-12-27T11:27:45.2203200Z     raise error
2022-12-27T11:27:45.2204020Z pip._internal.exceptions.InstallationSubprocessError: python setup.py egg_info exited with 1
2022-12-27T11:27:45.2204580Z 
2022-12-27T11:27:45.2204870Z The above exception was the direct cause of the following exception:
2022-12-27T11:27:45.2205340Z 
2022-12-27T11:27:45.2205650Z Traceback (most recent call last):
2022-12-27T11:27:45.2208110Z   File "/private/var/folders/51/hd414ycd67n82196sw51xqtc0000gn/T/cibw-run-0osra76t/cp38-macosx_arm64/build/venv/lib/python3.8/site-packages/pip/_internal/cli/base_command.py", line 160, in exc_logging_wrapper
2022-12-27T11:27:45.2209380Z     status = run_func(*args)
2022-12-27T11:27:45.2211020Z   File "/private/var/folders/51/hd414ycd67n82196sw51xqtc0000gn/T/cibw-run-0osra76t/cp38-macosx_arm64/build/venv/lib/python3.8/site-packages/pip/_internal/cli/req_command.py", line 247, in wrapper
2022-12-27T11:27:45.2211920Z     return func(self, options, args)
2022-12-27T11:27:45.2213450Z   File "/private/var/folders/51/hd414ycd67n82196sw51xqtc0000gn/T/cibw-run-0osra76t/cp38-macosx_arm64/build/venv/lib/python3.8/site-packages/pip/_internal/commands/wheel.py", line 170, in run
2022-12-27T11:27:45.2214540Z     requirement_set = resolver.resolve(reqs, check_supported_wheels=True)
2022-12-27T11:27:45.2216110Z   File "/private/var/folders/51/hd414ycd67n82196sw51xqtc0000gn/T/cibw-run-0osra76t/cp38-macosx_arm64/build/venv/lib/python3.8/site-packages/pip/_internal/resolution/resolvelib/resolver.py", line 73, in resolve
2022-12-27T11:27:45.2217350Z     collected = self.factory.collect_root_requirements(root_reqs)
2022-12-27T11:27:45.2218850Z   File "/private/var/folders/51/hd414ycd67n82196sw51xqtc0000gn/T/cibw-run-0osra76t/cp38-macosx_arm64/build/venv/lib/python3.8/site-packages/pip/_internal/resolution/resolvelib/factory.py", line 491, in collect_root_requirements
2022-12-27T11:27:45.2219970Z     req = self._make_requirement_from_install_req(
2022-12-27T11:27:45.2221560Z   File "/private/var/folders/51/hd414ycd67n82196sw51xqtc0000gn/T/cibw-run-0osra76t/cp38-macosx_arm64/build/venv/lib/python3.8/site-packages/pip/_internal/resolution/resolvelib/factory.py", line 453, in _make_requirement_from_install_req
2022-12-27T11:27:45.2222650Z     cand = self._make_candidate_from_link(
2022-12-27T11:27:45.2224150Z   File "/private/var/folders/51/hd414ycd67n82196sw51xqtc0000gn/T/cibw-run-0osra76t/cp38-macosx_arm64/build/venv/lib/python3.8/site-packages/pip/_internal/resolution/resolvelib/factory.py", line 206, in _make_candidate_from_link
2022-12-27T11:27:45.2225180Z     self._link_candidate_cache[link] = LinkCandidate(
2022-12-27T11:27:45.2226740Z   File "/private/var/folders/51/hd414ycd67n82196sw51xqtc0000gn/T/cibw-run-0osra76t/cp38-macosx_arm64/build/venv/lib/python3.8/site-packages/pip/_internal/resolution/resolvelib/candidates.py", line 297, in __init__
2022-12-27T11:27:45.2228410Z     super().__init__(
2022-12-27T11:27:45.2229960Z   File "/private/var/folders/51/hd414ycd67n82196sw51xqtc0000gn/T/cibw-run-0osra76t/cp38-macosx_arm64/build/venv/lib/python3.8/site-packages/pip/_internal/resolution/resolvelib/candidates.py", line 162, in __init__
2022-12-27T11:27:45.2230870Z     self.dist = self._prepare()
2022-12-27T11:27:45.2232330Z   File "/private/var/folders/51/hd414ycd67n82196sw51xqtc0000gn/T/cibw-run-0osra76t/cp38-macosx_arm64/build/venv/lib/python3.8/site-packages/pip/_internal/resolution/resolvelib/candidates.py", line 231, in _prepare
2022-12-27T11:27:45.2233380Z     dist = self._prepare_distribution()
2022-12-27T11:27:45.2234840Z   File "/private/var/folders/51/hd414ycd67n82196sw51xqtc0000gn/T/cibw-run-0osra76t/cp38-macosx_arm64/build/venv/lib/python3.8/site-packages/pip/_internal/resolution/resolvelib/candidates.py", line 308, in _prepare_distribution
2022-12-27T11:27:45.2236050Z     return preparer.prepare_linked_requirement(self._ireq, parallel_builds=True)
2022-12-27T11:27:45.2237640Z   File "/private/var/folders/51/hd414ycd67n82196sw51xqtc0000gn/T/cibw-run-0osra76t/cp38-macosx_arm64/build/venv/lib/python3.8/site-packages/pip/_internal/operations/prepare.py", line 491, in prepare_linked_requirement
2022-12-27T11:27:45.2238760Z     return self._prepare_linked_requirement(req, parallel_builds)
2022-12-27T11:27:45.2240500Z   File "/private/var/folders/51/hd414ycd67n82196sw51xqtc0000gn/T/cibw-run-0osra76t/cp38-macosx_arm64/build/venv/lib/python3.8/site-packages/pip/_internal/operations/prepare.py", line 577, in _prepare_linked_requirement
2022-12-27T11:27:45.2241550Z     dist = _get_prepared_distribution(
2022-12-27T11:27:45.2243450Z   File "/private/var/folders/51/hd414ycd67n82196sw51xqtc0000gn/T/cibw-run-0osra76t/cp38-macosx_arm64/build/venv/lib/python3.8/site-packages/pip/_internal/operations/prepare.py", line 69, in _get_prepared_distribution
2022-12-27T11:27:45.2244630Z     abstract_dist.prepare_distribution_metadata(
2022-12-27T11:27:45.2246350Z   File "/private/var/folders/51/hd414ycd67n82196sw51xqtc0000gn/T/cibw-run-0osra76t/cp38-macosx_arm64/build/venv/lib/python3.8/site-packages/pip/_internal/distributions/sdist.py", line 61, in prepare_distribution_metadata
2022-12-27T11:27:45.2247380Z     self.req.prepare_metadata()
2022-12-27T11:27:45.2248860Z   File "/private/var/folders/51/hd414ycd67n82196sw51xqtc0000gn/T/cibw-run-0osra76t/cp38-macosx_arm64/build/venv/lib/python3.8/site-packages/pip/_internal/req/req_install.py", line 541, in prepare_metadata
2022-12-27T11:27:45.2250000Z     self.metadata_directory = generate_metadata_legacy(
2022-12-27T11:27:45.2251450Z   File "/private/var/folders/51/hd414ycd67n82196sw51xqtc0000gn/T/cibw-run-0osra76t/cp38-macosx_arm64/build/venv/lib/python3.8/site-packages/pip/_internal/operations/build/metadata_legacy.py", line 71, in generate_metadata
2022-12-27T11:27:45.2252820Z     raise MetadataGenerationFailed(package_details=details) from error
2022-12-27T11:27:45.2253760Z pip._internal.exceptions.MetadataGenerationFailed: metadata generation failed
2022-12-27T11:27:45.2255370Z Removed file:///Users/runner/actions-runner/_work/python.build/python.build/build_lxml21alpha138/lxml-2.1alpha1 from build tracker '/private/var/folders/51/hd414ycd67n82196sw51xqtc0000gn/T/pip-build-tracker-vsaabqp_'
2022-12-27T11:27:45.2256720Z Removed build tracker: '/private/var/folders/51/hd414ycd67n82196sw51xqtc0000gn/T/pip-build-tracker-vsaabqp_'
2022-12-27T11:27:45.2826020Z ##[endgroup]
2022-12-27T11:27:45.2827130Z                                                               [31m✕ [0m1.18s
2022-12-27T11:27:45.3444340Z ##[error]Command ['python', '-m', 'pip', 'wheel', '/Users/runner/actions-runner/_work/python.build/python.build/build_lxml21alpha138/lxml-2.1alpha1', '--wheel-dir=/private/var/folders/51/hd414ycd67n82196sw51xqtc0000gn/T/cibw-run-0osra76t/cp38-macosx_arm64/built_wheel', '--no-deps', '-vvv'] failed with code 1. None
2022-12-27T11:27:45.3454720Z 
2022-12-27T11:27:45.3633940Z ##[error]Process completed with exit code 1.
2022-12-27T11:27:45.3685850Z ##[group]Run rm -rf build_lxml21alpha138 wheelsout
2022-12-27T11:27:45.3686300Z [36;1mrm -rf build_lxml21alpha138 wheelsout[0m
2022-12-27T11:27:45.3712820Z shell: /bin/bash -e {0}
2022-12-27T11:27:45.3713140Z env:
2022-12-27T11:27:45.3713510Z   pythonLocation: /Users/runner/hostedtoolcache/Python/3.8.15/x64
2022-12-27T11:27:45.3713960Z   PKG_CONFIG_PATH: /Users/runner/hostedtoolcache/Python/3.8.15/x64/lib/pkgconfig
2022-12-27T11:27:45.3714340Z   Python_ROOT_DIR: /Users/runner/hostedtoolcache/Python/3.8.15/x64
2022-12-27T11:27:45.3714780Z   Python2_ROOT_DIR: /Users/runner/hostedtoolcache/Python/3.8.15/x64
2022-12-27T11:27:45.3715190Z   Python3_ROOT_DIR: /Users/runner/hostedtoolcache/Python/3.8.15/x64
2022-12-27T11:27:45.3715560Z ##[endgroup]
2022-12-27T11:27:45.4545730Z Cleaning up orphan processes
