2022-12-27T08:52:28.1873298Z Requested labels: self-hosted, macOS, X64
2022-12-27T08:52:28.1873413Z Job defined at: kilnbuild/python.build/.github/workflows/mac_arm_build.yml@refs/heads/main
2022-12-27T08:52:28.1873444Z Waiting for a runner to pick up this job...
2022-12-27T11:26:26.3631357Z Job is about to start running on the runner: k1 (organization)
2022-12-27T11:26:29.1563320Z Current runner version: '2.300.2'
2022-12-27T11:26:29.1567960Z Runner name: 'k1'
2022-12-27T11:26:29.1568200Z Runner group name: 'Default'
2022-12-27T11:26:29.1568590Z Machine name: 'k1'
2022-12-27T11:26:29.1570000Z ##[group]GITHUB_TOKEN Permissions
2022-12-27T11:26:29.1570400Z Actions: write
2022-12-27T11:26:29.1570530Z Checks: write
2022-12-27T11:26:29.1570660Z Contents: write
2022-12-27T11:26:29.1570790Z Deployments: write
2022-12-27T11:26:29.1570930Z Discussions: write
2022-12-27T11:26:29.1571060Z Issues: write
2022-12-27T11:26:29.1571170Z Metadata: read
2022-12-27T11:26:29.1571300Z Packages: write
2022-12-27T11:26:29.1571430Z Pages: write
2022-12-27T11:26:29.1571560Z PullRequests: write
2022-12-27T11:26:29.1571720Z RepositoryProjects: write
2022-12-27T11:26:29.1571870Z SecurityEvents: write
2022-12-27T11:26:29.1572010Z Statuses: write
2022-12-27T11:26:29.1572140Z ##[endgroup]
2022-12-27T11:26:29.1574650Z Secret source: Actions
2022-12-27T11:26:29.1574960Z Prepare workflow directory
2022-12-27T11:26:29.2203240Z Prepare all required actions
2022-12-27T11:26:29.2320290Z Getting action download info
2022-12-27T11:26:29.6760450Z Download action repository 'actions/setup-python@v4' (SHA:5ccb29d8773c3f3f653e1705f474dfaa8a06a912)
2022-12-27T11:26:31.4217570Z Download action repository 'actions/upload-artifact@v3' (SHA:83fd05a356d7e2593de66fc9913b3002723633cb)
2022-12-27T11:26:32.7340380Z ##[group]Run echo '{
2022-12-27T11:26:32.7340620Z [36;1mecho '{[0m
2022-12-27T11:26:32.7340740Z [36;1m  "package_name": "lxml",[0m
2022-12-27T11:26:32.7340990Z [36;1m  "package_url": "https://files.pythonhosted.org/packages/4a/99/9eb4f727d53ae6a727675aa79a1fa95027eb8443f194049d19d930e3c165/lxml-2.0.7.tar.gz",[0m
2022-12-27T11:26:32.7341200Z [36;1m  "package_version": "2.0.7",[0m
2022-12-27T11:26:32.7341330Z [36;1m  "python_version": "3.8",[0m
2022-12-27T11:26:32.7341490Z [36;1m  "use_ccache": "true"[0m
2022-12-27T11:26:32.7341610Z [36;1m}'[0m
2022-12-27T11:26:32.7357110Z shell: /bin/bash -e {0}
2022-12-27T11:26:32.7357300Z ##[endgroup]
2022-12-27T11:26:32.7572250Z {
2022-12-27T11:26:32.7573520Z   "package_name": "lxml",
2022-12-27T11:26:32.7574240Z   "package_url": "https://files.pythonhosted.org/packages/4a/99/9eb4f727d53ae6a727675aa79a1fa95027eb8443f194049d19d930e3c165/lxml-2.0.7.tar.gz",
2022-12-27T11:26:32.7574570Z   "package_version": "2.0.7",
2022-12-27T11:26:32.7574790Z   "python_version": "3.8",
2022-12-27T11:26:32.7574950Z   "use_ccache": "true"
2022-12-27T11:26:32.7575110Z }
2022-12-27T11:26:32.7783140Z ##[group]Run actions/setup-python@v4
2022-12-27T11:26:32.7783400Z with:
2022-12-27T11:26:32.7783580Z   python-version: 3.8
2022-12-27T11:26:32.7783790Z   check-latest: false
2022-12-27T11:26:32.7784090Z   token: ***
2022-12-27T11:26:32.7784320Z   update-environment: true
2022-12-27T11:26:32.7784510Z ##[endgroup]
2022-12-27T11:26:32.9052350Z ##[group]Installed versions
2022-12-27T11:26:32.9093330Z Successfully set up CPython (3.8.15)
2022-12-27T11:26:32.9094130Z ##[endgroup]
2022-12-27T11:26:32.9242950Z ##[group]Run if [ "true" == "true" ]
2022-12-27T11:26:32.9243390Z [36;1mif [ "true" == "true" ][0m
2022-12-27T11:26:32.9243580Z [36;1mthen[0m
2022-12-27T11:26:32.9243820Z [36;1m  echo "CCACHE_PATH_PREPEND=/usr/local/opt/ccache/libexec" >> $GITHUB_OUTPUT[0m
2022-12-27T11:26:32.9244050Z [36;1melse[0m
2022-12-27T11:26:32.9244310Z [36;1m  echo "CCACHE_PATH_PREPEND=" >> $GITHUB_OUTPUT[0m
2022-12-27T11:26:32.9244510Z [36;1mfi[0m
2022-12-27T11:26:32.9261140Z shell: /bin/bash -e {0}
2022-12-27T11:26:32.9261360Z env:
2022-12-27T11:26:32.9261710Z   pythonLocation: /Users/runner/hostedtoolcache/Python/3.8.15/x64
2022-12-27T11:26:32.9261950Z   PKG_CONFIG_PATH: /Users/runner/hostedtoolcache/Python/3.8.15/x64/lib/pkgconfig
2022-12-27T11:26:32.9262210Z   Python_ROOT_DIR: /Users/runner/hostedtoolcache/Python/3.8.15/x64
2022-12-27T11:26:32.9262470Z   Python2_ROOT_DIR: /Users/runner/hostedtoolcache/Python/3.8.15/x64
2022-12-27T11:26:32.9262810Z   Python3_ROOT_DIR: /Users/runner/hostedtoolcache/Python/3.8.15/x64
2022-12-27T11:26:32.9263250Z ##[endgroup]
2022-12-27T11:26:32.9374730Z ##[group]Run echo "BUILD_NAME=$(echo lxml_2.0.7_3.8 | tr -dc '[:alnum:]\n\r' | tr '[:upper:]' '[:lower:]')" >> $GITHUB_OUTPUT
2022-12-27T11:26:32.9375520Z [36;1mecho "BUILD_NAME=$(echo lxml_2.0.7_3.8 | tr -dc '[:alnum:]\n\r' | tr '[:upper:]' '[:lower:]')" >> $GITHUB_OUTPUT[0m
2022-12-27T11:26:32.9389600Z shell: /bin/bash -e {0}
2022-12-27T11:26:32.9389790Z env:
2022-12-27T11:26:32.9389980Z   pythonLocation: /Users/runner/hostedtoolcache/Python/3.8.15/x64
2022-12-27T11:26:32.9390250Z   PKG_CONFIG_PATH: /Users/runner/hostedtoolcache/Python/3.8.15/x64/lib/pkgconfig
2022-12-27T11:26:32.9390500Z   Python_ROOT_DIR: /Users/runner/hostedtoolcache/Python/3.8.15/x64
2022-12-27T11:26:32.9390770Z   Python2_ROOT_DIR: /Users/runner/hostedtoolcache/Python/3.8.15/x64
2022-12-27T11:26:32.9391030Z   Python3_ROOT_DIR: /Users/runner/hostedtoolcache/Python/3.8.15/x64
2022-12-27T11:26:32.9391240Z ##[endgroup]
2022-12-27T11:26:32.9536960Z ##[group]Run echo "PYTHON_NO_DOTS=$(echo 3.8 | tr -dc '[:alnum:]\n\r' | tr '[:upper:]' '[:lower:]')" >> $GITHUB_OUTPUT
2022-12-27T11:26:32.9537410Z [36;1mecho "PYTHON_NO_DOTS=$(echo 3.8 | tr -dc '[:alnum:]\n\r' | tr '[:upper:]' '[:lower:]')" >> $GITHUB_OUTPUT[0m
2022-12-27T11:26:32.9551440Z shell: /bin/bash -e {0}
2022-12-27T11:26:32.9551600Z env:
2022-12-27T11:26:32.9551810Z   pythonLocation: /Users/runner/hostedtoolcache/Python/3.8.15/x64
2022-12-27T11:26:32.9552070Z   PKG_CONFIG_PATH: /Users/runner/hostedtoolcache/Python/3.8.15/x64/lib/pkgconfig
2022-12-27T11:26:32.9552300Z   Python_ROOT_DIR: /Users/runner/hostedtoolcache/Python/3.8.15/x64
2022-12-27T11:26:32.9552560Z   Python2_ROOT_DIR: /Users/runner/hostedtoolcache/Python/3.8.15/x64
2022-12-27T11:26:32.9552790Z   Python3_ROOT_DIR: /Users/runner/hostedtoolcache/Python/3.8.15/x64
2022-12-27T11:26:32.9552980Z ##[endgroup]
2022-12-27T11:26:32.9664310Z ##[group]Run rm -rf build_lxml20738
2022-12-27T11:26:32.9664710Z [36;1mrm -rf build_lxml20738[0m
2022-12-27T11:26:32.9664870Z [36;1mmkdir build_lxml20738[0m
2022-12-27T11:26:32.9665070Z [36;1mcd build_lxml20738[0m
2022-12-27T11:26:32.9665410Z [36;1m/usr/local/bin/wget --quiet https://files.pythonhosted.org/packages/4a/99/9eb4f727d53ae6a727675aa79a1fa95027eb8443f194049d19d930e3c165/lxml-2.0.7.tar.gz[0m
2022-12-27T11:26:32.9665710Z [36;1mtar xf *.tar.gz[0m
2022-12-27T11:26:32.9665850Z [36;1mcd *[0m
2022-12-27T11:26:32.9666030Z [36;1mpython -m pip install cibuildwheel==2.11.3[0m
2022-12-27T11:26:32.9666250Z [36;1mpython -m cibuildwheel --output-dir ../wheelsout[0m
2022-12-27T11:26:32.9679790Z shell: /bin/bash -e {0}
2022-12-27T11:26:32.9679980Z env:
2022-12-27T11:26:32.9680180Z   pythonLocation: /Users/runner/hostedtoolcache/Python/3.8.15/x64
2022-12-27T11:26:32.9680400Z   PKG_CONFIG_PATH: /Users/runner/hostedtoolcache/Python/3.8.15/x64/lib/pkgconfig
2022-12-27T11:26:32.9680740Z   Python_ROOT_DIR: /Users/runner/hostedtoolcache/Python/3.8.15/x64
2022-12-27T11:26:32.9680950Z   Python2_ROOT_DIR: /Users/runner/hostedtoolcache/Python/3.8.15/x64
2022-12-27T11:26:32.9681180Z   Python3_ROOT_DIR: /Users/runner/hostedtoolcache/Python/3.8.15/x64
2022-12-27T11:26:32.9681380Z   CIBW_ARCHS_MACOS: arm64
2022-12-27T11:26:32.9681520Z   CIBW_TEST_SKIP: *_arm64
2022-12-27T11:26:32.9681710Z   CIBW_BUILD: cp38-macosx_arm64
2022-12-27T11:26:32.9681900Z   CIBW_BUILD_FRONTEND: pip
2022-12-27T11:26:32.9682040Z   CIBW_BUILD_VERBOSITY: 3
2022-12-27T11:26:32.9682340Z   CIBW_ENVIRONMENT_MACOS:  CFLAGS="-I/usr/local/opt/openssl@3/include" LDFLAGS="-L/usr/local/opt/openssl@3/lib" CPPFLAGS="-I/usr/local/opt/openssl@3/include" MAKEFLAGS="-j$(sysctl -n hw.logicalcpu)" PATH=/usr/local/opt/ccache/libexec:$PATH
2022-12-27T11:26:32.9682700Z   CIBW_BEFORE_BUILD: pip install Cython; if [[ -f requirements.txt ]]; then pip install -r requirements.txt; fi
2022-12-27T11:26:32.9682980Z   MAKEFLAGS: -j$(sysctl -n hw.logicalcpu)
2022-12-27T11:26:32.9683120Z ##[endgroup]
2022-12-27T11:26:33.3821520Z Requirement already satisfied: cibuildwheel==2.11.3 in /Users/runner/hostedtoolcache/Python/3.8.15/x64/lib/python3.8/site-packages (2.11.3)
2022-12-27T11:26:33.4162970Z Requirement already satisfied: tomli in /Users/runner/hostedtoolcache/Python/3.8.15/x64/lib/python3.8/site-packages (from cibuildwheel==2.11.3) (2.0.1)
2022-12-27T11:26:33.4166470Z Requirement already satisfied: filelock in /Users/runner/hostedtoolcache/Python/3.8.15/x64/lib/python3.8/site-packages (from cibuildwheel==2.11.3) (3.8.2)
2022-12-27T11:26:33.4174750Z Requirement already satisfied: typing-extensions>=4.1.0 in /Users/runner/hostedtoolcache/Python/3.8.15/x64/lib/python3.8/site-packages (from cibuildwheel==2.11.3) (4.4.0)
2022-12-27T11:26:33.4179290Z Requirement already satisfied: bracex in /Users/runner/hostedtoolcache/Python/3.8.15/x64/lib/python3.8/site-packages (from cibuildwheel==2.11.3) (2.3.post1)
2022-12-27T11:26:33.4184330Z Requirement already satisfied: bashlex!=0.13 in /Users/runner/hostedtoolcache/Python/3.8.15/x64/lib/python3.8/site-packages (from cibuildwheel==2.11.3) (0.16)
2022-12-27T11:26:33.4187570Z Requirement already satisfied: platformdirs in /Users/runner/hostedtoolcache/Python/3.8.15/x64/lib/python3.8/site-packages (from cibuildwheel==2.11.3) (2.6.0)
2022-12-27T11:26:33.4192420Z Requirement already satisfied: packaging>=20.9 in /Users/runner/hostedtoolcache/Python/3.8.15/x64/lib/python3.8/site-packages (from cibuildwheel==2.11.3) (22.0)
2022-12-27T11:26:33.4195650Z Requirement already satisfied: certifi in /Users/runner/hostedtoolcache/Python/3.8.15/x64/lib/python3.8/site-packages (from cibuildwheel==2.11.3) (2022.12.7)
2022-12-27T11:26:33.5840970Z 
2022-12-27T11:26:33.5841270Z      _ _       _ _   _       _           _
2022-12-27T11:26:33.5842170Z  ___|_| |_ _ _|_| |_| |_ _ _| |_ ___ ___| |
2022-12-27T11:26:33.5842890Z |  _| | . | | | | | . | | | |   | -_| -_| |
2022-12-27T11:26:33.5843160Z |___|_|___|___|_|_|___|_____|_|_|___|___|_|
2022-12-27T11:26:33.5844170Z 
2022-12-27T11:26:33.5844430Z cibuildwheel version 2.11.3
2022-12-27T11:26:33.5844620Z 
2022-12-27T11:26:33.5844760Z Build options:
2022-12-27T11:26:33.5845020Z   platform: macos
2022-12-27T11:26:33.5930410Z   architectures: arm64[0m
2022-12-27T11:26:33.5930970Z   build_selector: 
2022-12-27T11:26:33.5932120Z     build_config: cp38-macosx_arm64
2022-12-27T11:26:33.5932380Z     skip_config: 
2022-12-27T11:26:33.5932650Z     requires_python: None
2022-12-27T11:26:33.5933010Z     prerelease_pythons: False[0m
2022-12-27T11:26:33.5933430Z   [38;5;244mcontainer_engine: docker[0m
2022-12-27T11:26:33.5933920Z   output_dir: /Users/runner/actions-runner/_work/python.build/python.build/build_lxml20738/wheelsout[0m
2022-12-27T11:26:33.5934510Z   package_dir: /Users/runner/actions-runner/_work/python.build/python.build/build_lxml20738/lxml-2.0.7[0m
2022-12-27T11:26:33.5934870Z   test_selector: 
2022-12-27T11:26:33.5935180Z     skip_config: *_arm64[0m
2022-12-27T11:26:33.5935560Z   [38;5;244mbefore_all: [0m
2022-12-27T11:26:33.5936060Z   before_build: pip install Cython; if [[ -f requirements.txt ]]; then pip install -r requirements.txt; fi[0m
2022-12-27T11:26:33.5936450Z   [38;5;244mbefore_test: [0m
2022-12-27T11:26:33.5936780Z   [38;5;244mbuild_frontend: pip[0m
2022-12-27T11:26:33.5937100Z   build_verbosity: 3[0m
2022-12-27T11:26:33.5937440Z   [38;5;244mconfig_settings: [0m
2022-12-27T11:26:33.5937820Z   [38;5;244mdependency_constraints: pinned[0m
2022-12-27T11:26:33.5938090Z   environment: 
2022-12-27T11:26:33.5938450Z     CFLAGS="-I/usr/local/opt/openssl@3/include"
2022-12-27T11:26:33.5938790Z     LDFLAGS="-L/usr/local/opt/openssl@3/lib"
2022-12-27T11:26:33.5939220Z     CPPFLAGS="-I/usr/local/opt/openssl@3/include"
2022-12-27T11:26:33.5939620Z     MAKEFLAGS="-j$(sysctl -n hw.logicalcpu)"
2022-12-27T11:26:33.5939970Z     PATH=/usr/local/opt/ccache/libexec:$PATH[0m
2022-12-27T11:26:33.5940330Z   [38;5;244mmanylinux_images: None[0m
2022-12-27T11:26:33.5940730Z   [38;5;244mmusllinux_images: None[0m
2022-12-27T11:26:33.5941190Z   [38;5;244mrepair_command: delocate-wheel --require-archs {delocate_archs} -w {dest_dir} -v {wheel}[0m
2022-12-27T11:26:33.5941930Z   [38;5;244mtest_command: [0m
2022-12-27T11:26:33.5942160Z   [38;5;244mtest_extras: [0m
2022-12-27T11:26:33.5942340Z   [38;5;244mtest_requires: [0m
2022-12-27T11:26:33.5942460Z 
2022-12-27T11:26:33.5942620Z Cache folder: /Users/runner/Library/Caches/cibuildwheel
2022-12-27T11:26:33.5949010Z 
2022-12-27T11:26:33.5949370Z Here we go!
2022-12-27T11:26:33.5949590Z 
2022-12-27T11:26:33.6005370Z 
2022-12-27T11:26:33.6005820Z [1m[34mBuilding cp38-macosx_arm64 wheel[0m
2022-12-27T11:26:33.6006280Z CPython 3.8 macOS arm64 - Apple Silicon
2022-12-27T11:26:33.6006570Z 
2022-12-27T11:26:33.6009370Z ##[group]Installing Python cp38...
2022-12-27T11:26:33.6009590Z 
2022-12-27T11:26:33.6010360Z + pkgutil --pkgs
2022-12-27T11:26:33.6114650Z ##[endgroup]
2022-12-27T11:26:33.6115740Z                                                               [32m✓ [0m0.01s
2022-12-27T11:26:33.6116270Z ##[group]Setting up build environment...
2022-12-27T11:26:33.6116460Z 
2022-12-27T11:26:33.6135420Z + /Users/runner/hostedtoolcache/Python/3.8.15/x64/bin/python -sS /Users/runner/Library/Caches/cibuildwheel/virtualenv-20.17.0.pyz --activators= --no-periodic-update --pip=22.3.1 --setuptools=65.6.3 --wheel=0.38.4 --symlink-app-data --python /Library/Frameworks/Python.framework/Versions/3.8/bin/python3 /private/var/folders/51/hd414ycd67n82196sw51xqtc0000gn/T/cibw-run-zfmlpkei/cp38-macosx_arm64/build/venv
2022-12-27T11:26:33.8035550Z created virtual environment CPython3.8.10.final.0-64 in 52ms
2022-12-27T11:26:33.8036280Z   creator CPython3Posix(dest=/private/var/folders/51/hd414ycd67n82196sw51xqtc0000gn/T/cibw-run-zfmlpkei/cp38-macosx_arm64/build/venv, clear=False, no_vcs_ignore=False, global=False)
2022-12-27T11:26:33.8036950Z   seeder FromAppData(download=False, pip=22.3.1, setuptools=65.6.3, wheel=0.38.4, via=symlink, app_data_dir=/Users/runner/Library/Application Support/virtualenv)
2022-12-27T11:26:33.8037290Z     added seed packages: pip==22.3.1, setuptools==65.6.3, wheel==0.38.4
2022-12-27T11:26:33.8153930Z + python -m pip install --upgrade pip -c /Users/runner/hostedtoolcache/Python/3.8.15/x64/lib/python3.8/site-packages/cibuildwheel/resources/constraints-python38.txt
2022-12-27T11:26:34.1175570Z Requirement already satisfied: pip in ./lib/python3.8/site-packages (22.3.1)
2022-12-27T11:26:34.2585840Z + which pip
2022-12-27T11:26:34.2605420Z /private/var/folders/51/hd414ycd67n82196sw51xqtc0000gn/T/cibw-run-zfmlpkei/cp38-macosx_arm64/build/venv/bin/pip
2022-12-27T11:26:34.2608280Z + pip --version
2022-12-27T11:26:34.4820670Z pip 22.3.1 from /private/var/folders/51/hd414ycd67n82196sw51xqtc0000gn/T/cibw-run-zfmlpkei/cp38-macosx_arm64/build/venv/lib/python3.8/site-packages/pip (python 3.8)
2022-12-27T11:26:34.5051510Z + which pip
2022-12-27T11:26:34.5081930Z + which python
2022-12-27T11:26:34.5102650Z /private/var/folders/51/hd414ycd67n82196sw51xqtc0000gn/T/cibw-run-zfmlpkei/cp38-macosx_arm64/build/venv/bin/python
2022-12-27T11:26:34.5104890Z + python --version
2022-12-27T11:26:34.5150790Z Python 3.8.10
2022-12-27T11:26:34.5154150Z + which python
2022-12-27T11:26:34.5225750Z ##[endgroup]
2022-12-27T11:26:34.5226390Z                                                               [32m✓ [0m0.91s
2022-12-27T11:26:34.5226990Z ##[group]Installing build tools...
2022-12-27T11:26:34.5227120Z 
2022-12-27T11:26:34.5227620Z + pip install --upgrade setuptools wheel delocate -c /Users/runner/hostedtoolcache/Python/3.8.15/x64/lib/python3.8/site-packages/cibuildwheel/resources/constraints-python38.txt
2022-12-27T11:26:34.8154050Z Requirement already satisfied: setuptools in /private/var/folders/51/hd414ycd67n82196sw51xqtc0000gn/T/cibw-run-zfmlpkei/cp38-macosx_arm64/build/venv/lib/python3.8/site-packages (65.6.3)
2022-12-27T11:26:35.0333250Z Requirement already satisfied: wheel in /private/var/folders/51/hd414ycd67n82196sw51xqtc0000gn/T/cibw-run-zfmlpkei/cp38-macosx_arm64/build/venv/lib/python3.8/site-packages (0.38.4)
2022-12-27T11:26:35.0814870Z Collecting delocate
2022-12-27T11:26:35.0838630Z   Using cached delocate-0.10.3-py3-none-any.whl (142 kB)
2022-12-27T11:26:35.1056660Z Collecting typing-extensions
2022-12-27T11:26:35.1077100Z   Using cached typing_extensions-4.4.0-py3-none-any.whl (26 kB)
2022-12-27T11:26:35.1318950Z Collecting packaging>=20.9
2022-12-27T11:26:35.1339870Z   Using cached packaging-21.3-py3-none-any.whl (40 kB)
2022-12-27T11:26:35.1722190Z Collecting pyparsing!=3.0.5,>=2.0.2
2022-12-27T11:26:35.1742900Z   Using cached pyparsing-3.0.9-py3-none-any.whl (98 kB)
2022-12-27T11:26:35.2101750Z Installing collected packages: typing-extensions, pyparsing, packaging, delocate
2022-12-27T11:26:35.3421870Z Successfully installed delocate-0.10.3 packaging-21.3 pyparsing-3.0.9 typing-extensions-4.4.0
2022-12-27T11:26:35.3884280Z ##[endgroup]
2022-12-27T11:26:35.3884920Z                                                               [32m✓ [0m0.87s
2022-12-27T11:26:35.3885460Z ##[group]Running before_build...
2022-12-27T11:26:35.3885590Z 
2022-12-27T11:26:35.3891640Z + pip install Cython; if [[ -f requirements.txt ]]; then pip install -r requirements.txt; fi
2022-12-27T11:26:36.0593550Z Collecting Cython
2022-12-27T11:26:36.0641420Z   Using cached Cython-0.29.32-py2.py3-none-any.whl (986 kB)
2022-12-27T11:26:36.1080960Z Installing collected packages: Cython
2022-12-27T11:26:36.5341880Z Successfully installed Cython-0.29.32
2022-12-27T11:26:36.5740540Z ##[endgroup]
2022-12-27T11:26:36.5741650Z                                                               [32m✓ [0m1.19s
2022-12-27T11:26:36.5742170Z ##[group]Building wheel...
2022-12-27T11:26:36.5742340Z 
2022-12-27T11:26:36.5746610Z + python -m pip wheel /Users/runner/actions-runner/_work/python.build/python.build/build_lxml20738/lxml-2.0.7 --wheel-dir=/private/var/folders/51/hd414ycd67n82196sw51xqtc0000gn/T/cibw-run-zfmlpkei/cp38-macosx_arm64/built_wheel --no-deps -vvv
2022-12-27T11:26:36.8454390Z Created temporary directory: /private/var/folders/51/hd414ycd67n82196sw51xqtc0000gn/T/pip-ephem-wheel-cache-bzv4m71q
2022-12-27T11:26:36.8458240Z Created temporary directory: /private/var/folders/51/hd414ycd67n82196sw51xqtc0000gn/T/pip-build-tracker-0_6bhuvr
2022-12-27T11:26:36.8460050Z Initialized build tracking at /private/var/folders/51/hd414ycd67n82196sw51xqtc0000gn/T/pip-build-tracker-0_6bhuvr
2022-12-27T11:26:36.8461750Z Created build tracker: /private/var/folders/51/hd414ycd67n82196sw51xqtc0000gn/T/pip-build-tracker-0_6bhuvr
2022-12-27T11:26:36.8463170Z Entered build tracker: /private/var/folders/51/hd414ycd67n82196sw51xqtc0000gn/T/pip-build-tracker-0_6bhuvr
2022-12-27T11:26:36.8466280Z Created temporary directory: /private/var/folders/51/hd414ycd67n82196sw51xqtc0000gn/T/pip-wheel-z300a1d2
2022-12-27T11:26:36.8472290Z Created temporary directory: /private/var/folders/51/hd414ycd67n82196sw51xqtc0000gn/T/pip-ephem-wheel-cache-4krn68tl
2022-12-27T11:26:36.8547990Z Processing /Users/runner/actions-runner/_work/python.build/python.build/build_lxml20738/lxml-2.0.7
2022-12-27T11:26:36.8553370Z   Added file:///Users/runner/actions-runner/_work/python.build/python.build/build_lxml20738/lxml-2.0.7 to build tracker '/private/var/folders/51/hd414ycd67n82196sw51xqtc0000gn/T/pip-build-tracker-0_6bhuvr'
2022-12-27T11:26:36.8556730Z   Running setup.py (path:/Users/runner/actions-runner/_work/python.build/python.build/build_lxml20738/lxml-2.0.7/setup.py) egg_info for package from file:///Users/runner/actions-runner/_work/python.build/python.build/build_lxml20738/lxml-2.0.7
2022-12-27T11:26:36.8560240Z   Created temporary directory: /private/var/folders/51/hd414ycd67n82196sw51xqtc0000gn/T/pip-pip-egg-info-wfb7ft95
2022-12-27T11:26:36.8561860Z   Preparing metadata (setup.py): started
2022-12-27T11:26:36.8563460Z   Running command python setup.py egg_info
2022-12-27T11:26:37.1419550Z   Traceback (most recent call last):
2022-12-27T11:26:37.1429360Z     File "<string>", line 2, in <module>
2022-12-27T11:26:37.1430150Z     File "<pip-setuptools-caller>", line 34, in <module>
2022-12-27T11:26:37.1430850Z     File "/Users/runner/actions-runner/_work/python.build/python.build/build_lxml20738/lxml-2.0.7/setup.py", line 104, in <module>
2022-12-27T11:26:37.1431920Z       ext_modules = setupinfo.ext_modules(
2022-12-27T11:26:37.1432570Z     File "/Users/runner/actions-runner/_work/python.build/python.build/build_lxml20738/lxml-2.0.7/setupinfo.py", line 42, in ext_modules
2022-12-27T11:26:37.1432980Z       _include_dirs = include_dirs(static_include_dirs)
2022-12-27T11:26:37.1433530Z     File "/Users/runner/actions-runner/_work/python.build/python.build/build_lxml20738/lxml-2.0.7/setupinfo.py", line 120, in include_dirs
2022-12-27T11:26:37.1434400Z       if possible_include_dir.startswith('-I'):
2022-12-27T11:26:37.1436130Z   TypeError: startswith first arg must be bytes or a tuple of bytes, not str
2022-12-27T11:26:37.1438170Z   Building lxml version 2.0.7.
2022-12-27T11:26:37.1439910Z   Building with Cython 0.29.32.
2022-12-27T11:26:37.1442690Z   Using build configuration of libxslt b'1.1.29'
2022-12-27T11:26:37.1779560Z   error: subprocess-exited-with-error
2022-12-27T11:26:37.1780090Z   
2022-12-27T11:26:37.1780420Z   × python setup.py egg_info did not run successfully.
2022-12-27T11:26:37.1780760Z   │ exit code: 1
2022-12-27T11:26:37.1781050Z   ╰─> See above for output.
2022-12-27T11:26:37.1781310Z   
2022-12-27T11:26:37.1781580Z   note: This error originates from a subprocess, and is likely not a problem with pip.
2022-12-27T11:26:37.1789010Z   full command: /private/var/folders/51/hd414ycd67n82196sw51xqtc0000gn/T/cibw-run-zfmlpkei/cp38-macosx_arm64/build/venv/bin/python -c '
2022-12-27T11:26:37.1789670Z   exec(compile('"'"''"'"''"'"'
2022-12-27T11:26:37.1790360Z   # This is <pip-setuptools-caller> -- a caller that pip uses to run setup.py
2022-12-27T11:26:37.1791930Z   #
2022-12-27T11:26:37.1792460Z   # - It imports setuptools before invoking setup.py, to enable projects that directly
2022-12-27T11:26:37.1793270Z   #   import from `distutils.core` to work with newer packaging standards.
2022-12-27T11:26:37.1793660Z   # - It provides a clear error message when setuptools is not installed.
2022-12-27T11:26:37.1794190Z   # - It sets `sys.argv[0]` to the underlying `setup.py`, when invoking `setup.py` so
2022-12-27T11:26:37.1794620Z   #   setuptools doesn'"'"'t think the script is `-c`. This avoids the following warning:
2022-12-27T11:26:37.1795050Z   #     manifest_maker: standard file '"'"'-c'"'"' not found".
2022-12-27T11:26:37.1795380Z   # - It generates a shim setup.py, for handling setup.cfg-only projects.
2022-12-27T11:26:37.1795790Z   import os, sys, tokenize
2022-12-27T11:26:37.1795980Z   
2022-12-27T11:26:37.1796120Z   try:
2022-12-27T11:26:37.1796410Z       import setuptools
2022-12-27T11:26:37.1796620Z   except ImportError as error:
2022-12-27T11:26:37.1796800Z       print(
2022-12-27T11:26:37.1797050Z           "ERROR: Can not execute `setup.py` since setuptools is not available in "
2022-12-27T11:26:37.1797400Z           "the build environment.",
2022-12-27T11:26:37.1797600Z           file=sys.stderr,
2022-12-27T11:26:37.1797830Z       )
2022-12-27T11:26:37.1798020Z       sys.exit(1)
2022-12-27T11:26:37.1798180Z   
2022-12-27T11:26:37.1798460Z   __file__ = %r
2022-12-27T11:26:37.1798660Z   sys.argv[0] = __file__
2022-12-27T11:26:37.1798820Z   
2022-12-27T11:26:37.1799070Z   if os.path.exists(__file__):
2022-12-27T11:26:37.1799290Z       filename = __file__
2022-12-27T11:26:37.1799530Z       with tokenize.open(__file__) as f:
2022-12-27T11:26:37.1799720Z           setup_py_code = f.read()
2022-12-27T11:26:37.1799950Z   else:
2022-12-27T11:26:37.1800570Z       filename = "<auto-generated setuptools caller>"
2022-12-27T11:26:37.1800810Z       setup_py_code = "from setuptools import setup; setup()"
2022-12-27T11:26:37.1801070Z   
2022-12-27T11:26:37.1801350Z   exec(compile(setup_py_code, filename, "exec"))
2022-12-27T11:26:37.1801970Z   '"'"''"'"''"'"' % ('"'"'/Users/runner/actions-runner/_work/python.build/python.build/build_lxml20738/lxml-2.0.7/setup.py'"'"',), "<pip-setuptools-caller>", "exec"))' egg_info --egg-base /private/var/folders/51/hd414ycd67n82196sw51xqtc0000gn/T/pip-pip-egg-info-wfb7ft95
2022-12-27T11:26:37.1802810Z   cwd: /Users/runner/actions-runner/_work/python.build/python.build/build_lxml20738/lxml-2.0.7/
2022-12-27T11:26:37.1803210Z   Preparing metadata (setup.py): finished with status 'error'
2022-12-27T11:26:37.1808510Z error: metadata-generation-failed
2022-12-27T11:26:37.1808730Z 
2022-12-27T11:26:37.1808880Z × Encountered error while generating package metadata.
2022-12-27T11:26:37.1809180Z ╰─> See above for output.
2022-12-27T11:26:37.1809320Z 
2022-12-27T11:26:37.1809490Z note: This is an issue with the package mentioned above, not pip.
2022-12-27T11:26:37.1809810Z hint: See above for details.
2022-12-27T11:26:37.1832750Z Exception information:
2022-12-27T11:26:37.1833250Z Traceback (most recent call last):
2022-12-27T11:26:37.1834840Z   File "/private/var/folders/51/hd414ycd67n82196sw51xqtc0000gn/T/cibw-run-zfmlpkei/cp38-macosx_arm64/build/venv/lib/python3.8/site-packages/pip/_internal/operations/build/metadata_legacy.py", line 64, in generate_metadata
2022-12-27T11:26:37.1835580Z     call_subprocess(
2022-12-27T11:26:37.1836770Z   File "/private/var/folders/51/hd414ycd67n82196sw51xqtc0000gn/T/cibw-run-zfmlpkei/cp38-macosx_arm64/build/venv/lib/python3.8/site-packages/pip/_internal/utils/subprocess.py", line 224, in call_subprocess
2022-12-27T11:26:37.1837330Z     raise error
2022-12-27T11:26:37.1837750Z pip._internal.exceptions.InstallationSubprocessError: python setup.py egg_info exited with 1
2022-12-27T11:26:37.1838090Z 
2022-12-27T11:26:37.1838340Z The above exception was the direct cause of the following exception:
2022-12-27T11:26:37.1838670Z 
2022-12-27T11:26:37.1838840Z Traceback (most recent call last):
2022-12-27T11:26:37.1840000Z   File "/private/var/folders/51/hd414ycd67n82196sw51xqtc0000gn/T/cibw-run-zfmlpkei/cp38-macosx_arm64/build/venv/lib/python3.8/site-packages/pip/_internal/cli/base_command.py", line 160, in exc_logging_wrapper
2022-12-27T11:26:37.1840600Z     status = run_func(*args)
2022-12-27T11:26:37.1841440Z   File "/private/var/folders/51/hd414ycd67n82196sw51xqtc0000gn/T/cibw-run-zfmlpkei/cp38-macosx_arm64/build/venv/lib/python3.8/site-packages/pip/_internal/cli/req_command.py", line 247, in wrapper
2022-12-27T11:26:37.1842140Z     return func(self, options, args)
2022-12-27T11:26:37.1843090Z   File "/private/var/folders/51/hd414ycd67n82196sw51xqtc0000gn/T/cibw-run-zfmlpkei/cp38-macosx_arm64/build/venv/lib/python3.8/site-packages/pip/_internal/commands/wheel.py", line 170, in run
2022-12-27T11:26:37.1843770Z     requirement_set = resolver.resolve(reqs, check_supported_wheels=True)
2022-12-27T11:26:37.1844500Z   File "/private/var/folders/51/hd414ycd67n82196sw51xqtc0000gn/T/cibw-run-zfmlpkei/cp38-macosx_arm64/build/venv/lib/python3.8/site-packages/pip/_internal/resolution/resolvelib/resolver.py", line 73, in resolve
2022-12-27T11:26:37.1845050Z     collected = self.factory.collect_root_requirements(root_reqs)
2022-12-27T11:26:37.1845720Z   File "/private/var/folders/51/hd414ycd67n82196sw51xqtc0000gn/T/cibw-run-zfmlpkei/cp38-macosx_arm64/build/venv/lib/python3.8/site-packages/pip/_internal/resolution/resolvelib/factory.py", line 491, in collect_root_requirements
2022-12-27T11:26:37.1846160Z     req = self._make_requirement_from_install_req(
2022-12-27T11:26:37.1846840Z   File "/private/var/folders/51/hd414ycd67n82196sw51xqtc0000gn/T/cibw-run-zfmlpkei/cp38-macosx_arm64/build/venv/lib/python3.8/site-packages/pip/_internal/resolution/resolvelib/factory.py", line 453, in _make_requirement_from_install_req
2022-12-27T11:26:37.1847280Z     cand = self._make_candidate_from_link(
2022-12-27T11:26:37.1847990Z   File "/private/var/folders/51/hd414ycd67n82196sw51xqtc0000gn/T/cibw-run-zfmlpkei/cp38-macosx_arm64/build/venv/lib/python3.8/site-packages/pip/_internal/resolution/resolvelib/factory.py", line 206, in _make_candidate_from_link
2022-12-27T11:26:37.1848430Z     self._link_candidate_cache[link] = LinkCandidate(
2022-12-27T11:26:37.1849060Z   File "/private/var/folders/51/hd414ycd67n82196sw51xqtc0000gn/T/cibw-run-zfmlpkei/cp38-macosx_arm64/build/venv/lib/python3.8/site-packages/pip/_internal/resolution/resolvelib/candidates.py", line 297, in __init__
2022-12-27T11:26:37.1849670Z     super().__init__(
2022-12-27T11:26:37.1850350Z   File "/private/var/folders/51/hd414ycd67n82196sw51xqtc0000gn/T/cibw-run-zfmlpkei/cp38-macosx_arm64/build/venv/lib/python3.8/site-packages/pip/_internal/resolution/resolvelib/candidates.py", line 162, in __init__
2022-12-27T11:26:37.1850760Z     self.dist = self._prepare()
2022-12-27T11:26:37.1851370Z   File "/private/var/folders/51/hd414ycd67n82196sw51xqtc0000gn/T/cibw-run-zfmlpkei/cp38-macosx_arm64/build/venv/lib/python3.8/site-packages/pip/_internal/resolution/resolvelib/candidates.py", line 231, in _prepare
2022-12-27T11:26:37.1851750Z     dist = self._prepare_distribution()
2022-12-27T11:26:37.1852420Z   File "/private/var/folders/51/hd414ycd67n82196sw51xqtc0000gn/T/cibw-run-zfmlpkei/cp38-macosx_arm64/build/venv/lib/python3.8/site-packages/pip/_internal/resolution/resolvelib/candidates.py", line 308, in _prepare_distribution
2022-12-27T11:26:37.1912630Z     return preparer.prepare_linked_requirement(self._ireq, parallel_builds=True)
2022-12-27T11:26:37.1913360Z   File "/private/var/folders/51/hd414ycd67n82196sw51xqtc0000gn/T/cibw-run-zfmlpkei/cp38-macosx_arm64/build/venv/lib/python3.8/site-packages/pip/_internal/operations/prepare.py", line 491, in prepare_linked_requirement
2022-12-27T11:26:37.1913770Z     return self._prepare_linked_requirement(req, parallel_builds)
2022-12-27T11:26:37.1914210Z   File "/private/var/folders/51/hd414ycd67n82196sw51xqtc0000gn/T/cibw-run-zfmlpkei/cp38-macosx_arm64/build/venv/lib/python3.8/site-packages/pip/_internal/operations/prepare.py", line 577, in _prepare_linked_requirement
2022-12-27T11:26:37.1914480Z     dist = _get_prepared_distribution(
2022-12-27T11:26:37.1915260Z   File "/private/var/folders/51/hd414ycd67n82196sw51xqtc0000gn/T/cibw-run-zfmlpkei/cp38-macosx_arm64/build/venv/lib/python3.8/site-packages/pip/_internal/operations/prepare.py", line 69, in _get_prepared_distribution
2022-12-27T11:26:37.1915570Z     abstract_dist.prepare_distribution_metadata(
2022-12-27T11:26:37.1916000Z   File "/private/var/folders/51/hd414ycd67n82196sw51xqtc0000gn/T/cibw-run-zfmlpkei/cp38-macosx_arm64/build/venv/lib/python3.8/site-packages/pip/_internal/distributions/sdist.py", line 61, in prepare_distribution_metadata
2022-12-27T11:26:37.1916270Z     self.req.prepare_metadata()
2022-12-27T11:26:37.1916640Z   File "/private/var/folders/51/hd414ycd67n82196sw51xqtc0000gn/T/cibw-run-zfmlpkei/cp38-macosx_arm64/build/venv/lib/python3.8/site-packages/pip/_internal/req/req_install.py", line 541, in prepare_metadata
2022-12-27T11:26:37.1916890Z     self.metadata_directory = generate_metadata_legacy(
2022-12-27T11:26:37.1917250Z   File "/private/var/folders/51/hd414ycd67n82196sw51xqtc0000gn/T/cibw-run-zfmlpkei/cp38-macosx_arm64/build/venv/lib/python3.8/site-packages/pip/_internal/operations/build/metadata_legacy.py", line 71, in generate_metadata
2022-12-27T11:26:37.1917570Z     raise MetadataGenerationFailed(package_details=details) from error
2022-12-27T11:26:37.1917830Z pip._internal.exceptions.MetadataGenerationFailed: metadata generation failed
2022-12-27T11:26:37.1918230Z Removed file:///Users/runner/actions-runner/_work/python.build/python.build/build_lxml20738/lxml-2.0.7 from build tracker '/private/var/folders/51/hd414ycd67n82196sw51xqtc0000gn/T/pip-build-tracker-0_6bhuvr'
2022-12-27T11:26:37.1918610Z Removed build tracker: '/private/var/folders/51/hd414ycd67n82196sw51xqtc0000gn/T/pip-build-tracker-0_6bhuvr'
2022-12-27T11:26:37.2168020Z ##[endgroup]
2022-12-27T11:26:37.2168610Z                                                               [31m✕ [0m0.64s
2022-12-27T11:26:37.2494020Z ##[error]Command ['python', '-m', 'pip', 'wheel', '/Users/runner/actions-runner/_work/python.build/python.build/build_lxml20738/lxml-2.0.7', '--wheel-dir=/private/var/folders/51/hd414ycd67n82196sw51xqtc0000gn/T/cibw-run-zfmlpkei/cp38-macosx_arm64/built_wheel', '--no-deps', '-vvv'] failed with code 1. None
2022-12-27T11:26:37.2499930Z 
2022-12-27T11:26:37.2596610Z ##[error]Process completed with exit code 1.
2022-12-27T11:26:37.2627310Z ##[group]Run rm -rf build_lxml20738 wheelsout
2022-12-27T11:26:37.2627550Z [36;1mrm -rf build_lxml20738 wheelsout[0m
2022-12-27T11:26:37.2641960Z shell: /bin/bash -e {0}
2022-12-27T11:26:37.2642100Z env:
2022-12-27T11:26:37.2642260Z   pythonLocation: /Users/runner/hostedtoolcache/Python/3.8.15/x64
2022-12-27T11:26:37.2642480Z   PKG_CONFIG_PATH: /Users/runner/hostedtoolcache/Python/3.8.15/x64/lib/pkgconfig
2022-12-27T11:26:37.2642660Z   Python_ROOT_DIR: /Users/runner/hostedtoolcache/Python/3.8.15/x64
2022-12-27T11:26:37.2642860Z   Python2_ROOT_DIR: /Users/runner/hostedtoolcache/Python/3.8.15/x64
2022-12-27T11:26:37.2643030Z   Python3_ROOT_DIR: /Users/runner/hostedtoolcache/Python/3.8.15/x64
2022-12-27T11:26:37.2643190Z ##[endgroup]
2022-12-27T11:26:37.3061290Z Cleaning up orphan processes
