2022-12-27T01:56:01.2611381Z Requested labels: self-hosted, macOS, X64
2022-12-27T01:56:01.2611461Z Job defined at: kilnbuild/python.build/.github/workflows/mac_arm_build.yml@refs/heads/main
2022-12-27T01:56:01.2611492Z Waiting for a runner to pick up this job...
2022-12-27T02:26:44.1168911Z Job is about to start running on the runner: k1 (organization)
2022-12-27T02:26:52.1750570Z Current runner version: '2.300.2'
2022-12-27T02:26:52.1755610Z Runner name: 'k1'
2022-12-27T02:26:52.1755880Z Runner group name: 'Default'
2022-12-27T02:26:52.1756330Z Machine name: 'k1'
2022-12-27T02:26:52.1757950Z ##[group]GITHUB_TOKEN Permissions
2022-12-27T02:26:52.1758380Z Actions: write
2022-12-27T02:26:52.1758540Z Checks: write
2022-12-27T02:26:52.1758700Z Contents: write
2022-12-27T02:26:52.1758860Z Deployments: write
2022-12-27T02:26:52.1759030Z Discussions: write
2022-12-27T02:26:52.1759180Z Issues: write
2022-12-27T02:26:52.1759340Z Metadata: read
2022-12-27T02:26:52.1759500Z Packages: write
2022-12-27T02:26:52.1759660Z Pages: write
2022-12-27T02:26:52.1759820Z PullRequests: write
2022-12-27T02:26:52.1760010Z RepositoryProjects: write
2022-12-27T02:26:52.1760200Z SecurityEvents: write
2022-12-27T02:26:52.1760370Z Statuses: write
2022-12-27T02:26:52.1760530Z ##[endgroup]
2022-12-27T02:26:52.1762970Z Secret source: Actions
2022-12-27T02:26:52.1763300Z Prepare workflow directory
2022-12-27T02:26:52.2383670Z Prepare all required actions
2022-12-27T02:26:52.2499520Z Getting action download info
2022-12-27T02:26:52.6919570Z Download action repository 'actions/setup-python@v4' (SHA:5ccb29d8773c3f3f653e1705f474dfaa8a06a912)
2022-12-27T02:26:54.7859940Z Download action repository 'actions/upload-artifact@v3' (SHA:83fd05a356d7e2593de66fc9913b3002723633cb)
2022-12-27T02:26:56.0739770Z ##[group]Run echo '{
2022-12-27T02:26:56.0740090Z [36;1mecho '{[0m
2022-12-27T02:26:56.0740340Z [36;1m  "environment_variables": "GRPC_PYTHON_BUILD_WITH_CYTHON=1 GRPC_BUILD_WITH_BORING_SSL_ASM='' GRPC_PYTHON_BUILD_SYSTEM_OPENSSL=TRUE",[0m
2022-12-27T02:26:56.0740560Z [36;1m  "package_name": "grpcio",[0m
2022-12-27T02:26:56.0740830Z [36;1m  "package_url": "https://files.pythonhosted.org/packages/ed/38/2171e323136ad6cab50d6cadbdc8fecd468c6aa2795b4a699743d283bed6/grpcio-1.2.1.tar.gz",[0m
2022-12-27T02:26:56.0741060Z [36;1m  "package_version": "1.2.1",[0m
2022-12-27T02:26:56.0741180Z [36;1m  "python_version": "3.8",[0m
2022-12-27T02:26:56.0741300Z [36;1m  "use_ccache": "true"[0m
2022-12-27T02:26:56.0741400Z [36;1m}'[0m
2022-12-27T02:26:56.0756290Z shell: /bin/bash -e {0}
2022-12-27T02:26:56.0756480Z ##[endgroup]
2022-12-27T02:26:56.0969550Z {
2022-12-27T02:26:56.0971070Z   "environment_variables": "GRPC_PYTHON_BUILD_WITH_CYTHON=1 GRPC_BUILD_WITH_BORING_SSL_ASM= GRPC_PYTHON_BUILD_SYSTEM_OPENSSL=TRUE",
2022-12-27T02:26:56.0971420Z   "package_name": "grpcio",
2022-12-27T02:26:56.0972000Z   "package_url": "https://files.pythonhosted.org/packages/ed/38/2171e323136ad6cab50d6cadbdc8fecd468c6aa2795b4a699743d283bed6/grpcio-1.2.1.tar.gz",
2022-12-27T02:26:56.0972280Z   "package_version": "1.2.1",
2022-12-27T02:26:56.0972460Z   "python_version": "3.8",
2022-12-27T02:26:56.0972600Z   "use_ccache": "true"
2022-12-27T02:26:56.0972800Z }
2022-12-27T02:26:56.1173660Z ##[group]Run actions/setup-python@v4
2022-12-27T02:26:56.1173850Z with:
2022-12-27T02:26:56.1174020Z   python-version: 3.8
2022-12-27T02:26:56.1174200Z   check-latest: false
2022-12-27T02:26:56.1174540Z   token: ***
2022-12-27T02:26:56.1174710Z   update-environment: true
2022-12-27T02:26:56.1174890Z ##[endgroup]
2022-12-27T02:26:56.2373750Z ##[group]Installed versions
2022-12-27T02:26:56.2479100Z Successfully set up CPython (3.8.15)
2022-12-27T02:26:56.2479970Z ##[endgroup]
2022-12-27T02:26:56.2614250Z ##[group]Run if [ "true" == "true" ]
2022-12-27T02:26:56.2614460Z [36;1mif [ "true" == "true" ][0m
2022-12-27T02:26:56.2614650Z [36;1mthen[0m
2022-12-27T02:26:56.2614960Z [36;1m  echo "CCACHE_PATH_PREPEND=/usr/local/opt/ccache/libexec" >> $GITHUB_OUTPUT[0m
2022-12-27T02:26:56.2615400Z [36;1melse[0m
2022-12-27T02:26:56.2615560Z [36;1m  echo "CCACHE_PATH_PREPEND=" >> $GITHUB_OUTPUT[0m
2022-12-27T02:26:56.2615750Z [36;1mfi[0m
2022-12-27T02:26:56.2631700Z shell: /bin/bash -e {0}
2022-12-27T02:26:56.2631860Z env:
2022-12-27T02:26:56.2632070Z   pythonLocation: /Users/runner/hostedtoolcache/Python/3.8.15/x64
2022-12-27T02:26:56.2632330Z   PKG_CONFIG_PATH: /Users/runner/hostedtoolcache/Python/3.8.15/x64/lib/pkgconfig
2022-12-27T02:26:56.2633100Z   Python_ROOT_DIR: /Users/runner/hostedtoolcache/Python/3.8.15/x64
2022-12-27T02:26:56.2633310Z   Python2_ROOT_DIR: /Users/runner/hostedtoolcache/Python/3.8.15/x64
2022-12-27T02:26:56.2633600Z   Python3_ROOT_DIR: /Users/runner/hostedtoolcache/Python/3.8.15/x64
2022-12-27T02:26:56.2633800Z ##[endgroup]
2022-12-27T02:26:56.2740700Z ##[group]Run echo "BUILD_NAME=$(echo grpcio_1.2.1_3.8 | tr -dc '[:alnum:]\n\r' | tr '[:upper:]' '[:lower:]')" >> $GITHUB_OUTPUT
2022-12-27T02:26:56.2741190Z [36;1mecho "BUILD_NAME=$(echo grpcio_1.2.1_3.8 | tr -dc '[:alnum:]\n\r' | tr '[:upper:]' '[:lower:]')" >> $GITHUB_OUTPUT[0m
2022-12-27T02:26:56.2754390Z shell: /bin/bash -e {0}
2022-12-27T02:26:56.2754540Z env:
2022-12-27T02:26:56.2754750Z   pythonLocation: /Users/runner/hostedtoolcache/Python/3.8.15/x64
2022-12-27T02:26:56.2755080Z   PKG_CONFIG_PATH: /Users/runner/hostedtoolcache/Python/3.8.15/x64/lib/pkgconfig
2022-12-27T02:26:56.2755390Z   Python_ROOT_DIR: /Users/runner/hostedtoolcache/Python/3.8.15/x64
2022-12-27T02:26:56.2755630Z   Python2_ROOT_DIR: /Users/runner/hostedtoolcache/Python/3.8.15/x64
2022-12-27T02:26:56.2755850Z   Python3_ROOT_DIR: /Users/runner/hostedtoolcache/Python/3.8.15/x64
2022-12-27T02:26:56.2756060Z ##[endgroup]
2022-12-27T02:26:56.2901570Z ##[group]Run echo "PYTHON_NO_DOTS=$(echo 3.8 | tr -dc '[:alnum:]\n\r' | tr '[:upper:]' '[:lower:]')" >> $GITHUB_OUTPUT
2022-12-27T02:26:56.2901920Z [36;1mecho "PYTHON_NO_DOTS=$(echo 3.8 | tr -dc '[:alnum:]\n\r' | tr '[:upper:]' '[:lower:]')" >> $GITHUB_OUTPUT[0m
2022-12-27T02:26:56.2915140Z shell: /bin/bash -e {0}
2022-12-27T02:26:56.2915340Z env:
2022-12-27T02:26:56.2915530Z   pythonLocation: /Users/runner/hostedtoolcache/Python/3.8.15/x64
2022-12-27T02:26:56.2915780Z   PKG_CONFIG_PATH: /Users/runner/hostedtoolcache/Python/3.8.15/x64/lib/pkgconfig
2022-12-27T02:26:56.2915980Z   Python_ROOT_DIR: /Users/runner/hostedtoolcache/Python/3.8.15/x64
2022-12-27T02:26:56.2916170Z   Python2_ROOT_DIR: /Users/runner/hostedtoolcache/Python/3.8.15/x64
2022-12-27T02:26:56.2916380Z   Python3_ROOT_DIR: /Users/runner/hostedtoolcache/Python/3.8.15/x64
2022-12-27T02:26:56.2916550Z ##[endgroup]
2022-12-27T02:26:56.3029410Z ##[group]Run rm -rf build_grpcio12138
2022-12-27T02:26:56.3029790Z [36;1mrm -rf build_grpcio12138[0m
2022-12-27T02:26:56.3029980Z [36;1mmkdir build_grpcio12138[0m
2022-12-27T02:26:56.3030170Z [36;1mcd build_grpcio12138[0m
2022-12-27T02:26:56.3030500Z [36;1m/usr/local/bin/wget --quiet https://files.pythonhosted.org/packages/ed/38/2171e323136ad6cab50d6cadbdc8fecd468c6aa2795b4a699743d283bed6/grpcio-1.2.1.tar.gz[0m
2022-12-27T02:26:56.3030790Z [36;1mtar xf *.tar.gz[0m
2022-12-27T02:26:56.3031000Z [36;1mcd grpcio-*/[0m
2022-12-27T02:26:56.3031170Z [36;1mpython -m pip install cibuildwheel==2.11.3[0m
2022-12-27T02:26:56.3031400Z [36;1mpython -m cibuildwheel --output-dir ../wheelsout[0m
2022-12-27T02:26:56.3046030Z shell: /bin/bash -e {0}
2022-12-27T02:26:56.3046210Z env:
2022-12-27T02:26:56.3046430Z   pythonLocation: /Users/runner/hostedtoolcache/Python/3.8.15/x64
2022-12-27T02:26:56.3046780Z   PKG_CONFIG_PATH: /Users/runner/hostedtoolcache/Python/3.8.15/x64/lib/pkgconfig
2022-12-27T02:26:56.3047030Z   Python_ROOT_DIR: /Users/runner/hostedtoolcache/Python/3.8.15/x64
2022-12-27T02:26:56.3047270Z   Python2_ROOT_DIR: /Users/runner/hostedtoolcache/Python/3.8.15/x64
2022-12-27T02:26:56.3047510Z   Python3_ROOT_DIR: /Users/runner/hostedtoolcache/Python/3.8.15/x64
2022-12-27T02:26:56.3047730Z   CIBW_ARCHS_MACOS: arm64
2022-12-27T02:26:56.3047900Z   CIBW_TEST_SKIP: *_arm64
2022-12-27T02:26:56.3048090Z   CIBW_BUILD: cp38-macosx_arm64
2022-12-27T02:26:56.3048240Z   CIBW_BUILD_FRONTEND: pip
2022-12-27T02:26:56.3048410Z   CIBW_BUILD_VERBOSITY: 3
2022-12-27T02:26:56.3048830Z   CIBW_ENVIRONMENT_MACOS: GRPC_PYTHON_BUILD_WITH_CYTHON=1 GRPC_BUILD_WITH_BORING_SSL_ASM='' GRPC_PYTHON_BUILD_SYSTEM_OPENSSL=TRUE CFLAGS="-I/usr/local/opt/openssl@3/include" LDFLAGS="-L/usr/local/opt/openssl@3/lib" CPPFLAGS="-I/usr/local/opt/openssl@3/include" MAKEFLAGS="-j$(sysctl -n hw.logicalcpu)" PATH=/usr/local/opt/ccache/libexec:$PATH
2022-12-27T02:26:56.3049440Z   CIBW_BEFORE_BUILD: pip install Cython; if [[ -f requirements.txt ]]; then pip install -r requirements.txt; fi
2022-12-27T02:26:56.3049660Z   MAKEFLAGS: -j$(sysctl -n hw.logicalcpu)
2022-12-27T02:26:56.3049840Z ##[endgroup]
2022-12-27T02:26:57.4239000Z Requirement already satisfied: cibuildwheel==2.11.3 in /Users/runner/hostedtoolcache/Python/3.8.15/x64/lib/python3.8/site-packages (2.11.3)
2022-12-27T02:26:57.4573800Z Requirement already satisfied: bashlex!=0.13 in /Users/runner/hostedtoolcache/Python/3.8.15/x64/lib/python3.8/site-packages (from cibuildwheel==2.11.3) (0.16)
2022-12-27T02:26:57.4576640Z Requirement already satisfied: filelock in /Users/runner/hostedtoolcache/Python/3.8.15/x64/lib/python3.8/site-packages (from cibuildwheel==2.11.3) (3.8.2)
2022-12-27T02:26:57.4585060Z Requirement already satisfied: typing-extensions>=4.1.0 in /Users/runner/hostedtoolcache/Python/3.8.15/x64/lib/python3.8/site-packages (from cibuildwheel==2.11.3) (4.4.0)
2022-12-27T02:26:57.4588510Z Requirement already satisfied: bracex in /Users/runner/hostedtoolcache/Python/3.8.15/x64/lib/python3.8/site-packages (from cibuildwheel==2.11.3) (2.3.post1)
2022-12-27T02:26:57.4591760Z Requirement already satisfied: certifi in /Users/runner/hostedtoolcache/Python/3.8.15/x64/lib/python3.8/site-packages (from cibuildwheel==2.11.3) (2022.12.7)
2022-12-27T02:26:57.4598810Z Requirement already satisfied: tomli in /Users/runner/hostedtoolcache/Python/3.8.15/x64/lib/python3.8/site-packages (from cibuildwheel==2.11.3) (2.0.1)
2022-12-27T02:26:57.4602050Z Requirement already satisfied: platformdirs in /Users/runner/hostedtoolcache/Python/3.8.15/x64/lib/python3.8/site-packages (from cibuildwheel==2.11.3) (2.6.0)
2022-12-27T02:26:57.4607080Z Requirement already satisfied: packaging>=20.9 in /Users/runner/hostedtoolcache/Python/3.8.15/x64/lib/python3.8/site-packages (from cibuildwheel==2.11.3) (22.0)
2022-12-27T02:26:57.6305420Z 
2022-12-27T02:26:57.6306190Z      _ _       _ _   _       _           _
2022-12-27T02:26:57.6306810Z  ___|_| |_ _ _|_| |_| |_ _ _| |_ ___ ___| |
2022-12-27T02:26:57.6308070Z |  _| | . | | | | | . | | | |   | -_| -_| |
2022-12-27T02:26:57.6308460Z |___|_|___|___|_|_|___|_____|_|_|___|___|_|
2022-12-27T02:26:57.6308620Z 
2022-12-27T02:26:57.6308900Z cibuildwheel version 2.11.3
2022-12-27T02:26:57.6309070Z 
2022-12-27T02:26:57.6309210Z Build options:
2022-12-27T02:26:57.6309440Z   platform: macos
2022-12-27T02:26:57.6466820Z   architectures: arm64[0m
2022-12-27T02:26:57.6467160Z   build_selector: 
2022-12-27T02:26:57.6467830Z     build_config: cp38-macosx_arm64
2022-12-27T02:26:57.6468060Z     skip_config: 
2022-12-27T02:26:57.6468840Z     requires_python: None
2022-12-27T02:26:57.6469440Z     prerelease_pythons: False[0m
2022-12-27T02:26:57.6470050Z   [38;5;244mcontainer_engine: docker[0m
2022-12-27T02:26:57.6470560Z   output_dir: /Users/runner/actions-runner/_work/python.build/python.build/build_grpcio12138/wheelsout[0m
2022-12-27T02:26:57.6471140Z   package_dir: /Users/runner/actions-runner/_work/python.build/python.build/build_grpcio12138/grpcio-1.2.1[0m
2022-12-27T02:26:57.6471480Z   test_selector: 
2022-12-27T02:26:57.6471770Z     skip_config: *_arm64[0m
2022-12-27T02:26:57.6472150Z   [38;5;244mbefore_all: [0m
2022-12-27T02:26:57.6472610Z   before_build: pip install Cython; if [[ -f requirements.txt ]]; then pip install -r requirements.txt; fi[0m
2022-12-27T02:26:57.6472970Z   [38;5;244mbefore_test: [0m
2022-12-27T02:26:57.6473280Z   [38;5;244mbuild_frontend: pip[0m
2022-12-27T02:26:57.6473640Z   build_verbosity: 3[0m
2022-12-27T02:26:57.6473910Z   [38;5;244mconfig_settings: [0m
2022-12-27T02:26:57.6474320Z   [38;5;244mdependency_constraints: pinned[0m
2022-12-27T02:26:57.6474590Z   environment: 
2022-12-27T02:26:57.6474830Z     GRPC_PYTHON_BUILD_WITH_CYTHON=1
2022-12-27T02:26:57.6475200Z     GRPC_BUILD_WITH_BORING_SSL_ASM=''
2022-12-27T02:26:57.6475560Z     GRPC_PYTHON_BUILD_SYSTEM_OPENSSL=TRUE
2022-12-27T02:26:57.6476360Z     CFLAGS="-I/usr/local/opt/openssl@3/include"
2022-12-27T02:26:57.6476730Z     LDFLAGS="-L/usr/local/opt/openssl@3/lib"
2022-12-27T02:26:57.6477110Z     CPPFLAGS="-I/usr/local/opt/openssl@3/include"
2022-12-27T02:26:57.6477510Z     MAKEFLAGS="-j$(sysctl -n hw.logicalcpu)"
2022-12-27T02:26:57.6477770Z     PATH=/usr/local/opt/ccache/libexec:$PATH[0m
2022-12-27T02:26:57.6478050Z   [38;5;244mmanylinux_images: None[0m
2022-12-27T02:26:57.6478300Z   [38;5;244mmusllinux_images: None[0m
2022-12-27T02:26:57.6478640Z   [38;5;244mrepair_command: delocate-wheel --require-archs {delocate_archs} -w {dest_dir} -v {wheel}[0m
2022-12-27T02:26:57.6479010Z   [38;5;244mtest_command: [0m
2022-12-27T02:26:57.6479260Z   [38;5;244mtest_extras: [0m
2022-12-27T02:26:57.6479470Z   [38;5;244mtest_requires: [0m
2022-12-27T02:26:57.6479590Z 
2022-12-27T02:26:57.6479710Z Cache folder: /Users/runner/Library/Caches/cibuildwheel
2022-12-27T02:26:57.6488800Z 
2022-12-27T02:26:57.6489210Z Here we go!
2022-12-27T02:26:57.6489420Z 
2022-12-27T02:26:57.6554470Z 
2022-12-27T02:26:57.6555040Z [1m[34mBuilding cp38-macosx_arm64 wheel[0m
2022-12-27T02:26:57.6555540Z CPython 3.8 macOS arm64 - Apple Silicon
2022-12-27T02:26:57.6555730Z 
2022-12-27T02:26:57.6557890Z ##[group]Installing Python cp38...
2022-12-27T02:26:57.6558090Z 
2022-12-27T02:26:57.6559370Z + pkgutil --pkgs
2022-12-27T02:26:57.6656330Z ##[endgroup]
2022-12-27T02:26:57.6657240Z                                                               [32mâœ“ [0m0.01s
2022-12-27T02:26:57.6657720Z ##[group]Setting up build environment...
2022-12-27T02:26:57.6657910Z 
2022-12-27T02:26:57.6675710Z + /Users/runner/hostedtoolcache/Python/3.8.15/x64/bin/python -sS /Users/runner/Library/Caches/cibuildwheel/virtualenv-20.17.0.pyz --activators= --no-periodic-update --pip=22.3.1 --setuptools=65.6.3 --wheel=0.38.4 --symlink-app-data --python /Library/Frameworks/Python.framework/Versions/3.8/bin/python3 /private/var/folders/51/hd414ycd67n82196sw51xqtc0000gn/T/cibw-run-v7kv3uv8/cp38-macosx_arm64/build/venv
2022-12-27T02:26:57.8553990Z created virtual environment CPython3.8.10.final.0-64 in 53ms
2022-12-27T02:26:57.8554790Z   creator CPython3Posix(dest=/private/var/folders/51/hd414ycd67n82196sw51xqtc0000gn/T/cibw-run-v7kv3uv8/cp38-macosx_arm64/build/venv, clear=False, no_vcs_ignore=False, global=False)
2022-12-27T02:26:57.8555470Z   seeder FromAppData(download=False, pip=22.3.1, setuptools=65.6.3, wheel=0.38.4, via=symlink, app_data_dir=/Users/runner/Library/Application Support/virtualenv)
2022-12-27T02:26:57.8555850Z     added seed packages: pip==22.3.1, setuptools==65.6.3, wheel==0.38.4
2022-12-27T02:26:57.8690250Z + python -m pip install --upgrade pip -c /Users/runner/hostedtoolcache/Python/3.8.15/x64/lib/python3.8/site-packages/cibuildwheel/resources/constraints-python38.txt
2022-12-27T02:26:58.1681590Z Requirement already satisfied: pip in ./lib/python3.8/site-packages (22.3.1)
2022-12-27T02:26:58.3078460Z + which pip
2022-12-27T02:26:58.3097320Z /private/var/folders/51/hd414ycd67n82196sw51xqtc0000gn/T/cibw-run-v7kv3uv8/cp38-macosx_arm64/build/venv/bin/pip
2022-12-27T02:26:58.3099300Z + pip --version
2022-12-27T02:26:58.5286070Z pip 22.3.1 from /private/var/folders/51/hd414ycd67n82196sw51xqtc0000gn/T/cibw-run-v7kv3uv8/cp38-macosx_arm64/build/venv/lib/python3.8/site-packages/pip (python 3.8)
2022-12-27T02:26:58.5554860Z + which pip
2022-12-27T02:26:58.5584220Z + which python
2022-12-27T02:26:58.5604500Z /private/var/folders/51/hd414ycd67n82196sw51xqtc0000gn/T/cibw-run-v7kv3uv8/cp38-macosx_arm64/build/venv/bin/python
2022-12-27T02:26:58.5606610Z + python --version
2022-12-27T02:26:58.5654260Z Python 3.8.10
2022-12-27T02:26:58.5657080Z + which python
2022-12-27T02:26:58.5712680Z ##[endgroup]
2022-12-27T02:26:58.5713170Z                                                               [32mâœ“ [0m0.91s
2022-12-27T02:26:58.5713900Z ##[group]Installing build tools...
2022-12-27T02:26:58.5714070Z 
2022-12-27T02:26:58.5714560Z + pip install --upgrade setuptools wheel delocate -c /Users/runner/hostedtoolcache/Python/3.8.15/x64/lib/python3.8/site-packages/cibuildwheel/resources/constraints-python38.txt
2022-12-27T02:26:58.8886640Z Requirement already satisfied: setuptools in /private/var/folders/51/hd414ycd67n82196sw51xqtc0000gn/T/cibw-run-v7kv3uv8/cp38-macosx_arm64/build/venv/lib/python3.8/site-packages (65.6.3)
2022-12-27T02:26:59.1368720Z Requirement already satisfied: wheel in /private/var/folders/51/hd414ycd67n82196sw51xqtc0000gn/T/cibw-run-v7kv3uv8/cp38-macosx_arm64/build/venv/lib/python3.8/site-packages (0.38.4)
2022-12-27T02:26:59.3675360Z Collecting delocate
2022-12-27T02:26:59.3701000Z   Using cached delocate-0.10.3-py3-none-any.whl (142 kB)
2022-12-27T02:26:59.4008960Z Collecting packaging>=20.9
2022-12-27T02:26:59.4030650Z   Using cached packaging-21.3-py3-none-any.whl (40 kB)
2022-12-27T02:26:59.4203160Z Collecting typing-extensions
2022-12-27T02:26:59.4225450Z   Using cached typing_extensions-4.4.0-py3-none-any.whl (26 kB)
2022-12-27T02:26:59.4599550Z Collecting pyparsing!=3.0.5,>=2.0.2
2022-12-27T02:26:59.4623580Z   Using cached pyparsing-3.0.9-py3-none-any.whl (98 kB)
2022-12-27T02:26:59.4982540Z Installing collected packages: typing-extensions, pyparsing, packaging, delocate
2022-12-27T02:26:59.6274040Z Successfully installed delocate-0.10.3 packaging-21.3 pyparsing-3.0.9 typing-extensions-4.4.0
2022-12-27T02:26:59.6678510Z ##[endgroup]
2022-12-27T02:26:59.6679180Z                                                               [32mâœ“ [0m1.10s
2022-12-27T02:26:59.6679650Z ##[group]Running before_build...
2022-12-27T02:26:59.6679790Z 
2022-12-27T02:26:59.6686490Z + pip install Cython; if [[ -f requirements.txt ]]; then pip install -r requirements.txt; fi
2022-12-27T02:27:00.3266180Z Collecting Cython
2022-12-27T02:27:00.3317090Z   Using cached Cython-0.29.32-py2.py3-none-any.whl (986 kB)
2022-12-27T02:27:00.3811050Z Installing collected packages: Cython
2022-12-27T02:27:00.7862250Z Successfully installed Cython-0.29.32
2022-12-27T02:27:01.5626340Z Collecting coverage>=4.0
2022-12-27T02:27:01.5656080Z   Using cached coverage-7.0.1-cp38-cp38-macosx_10_9_x86_64.whl (187 kB)
2022-12-27T02:27:01.5759630Z Requirement already satisfied: cython>=0.23 in /private/var/folders/51/hd414ycd67n82196sw51xqtc0000gn/T/cibw-run-v7kv3uv8/cp38-macosx_arm64/build/venv/lib/python3.8/site-packages (from -r requirements.txt (line 3)) (0.29.32)
2022-12-27T02:27:01.6018440Z Collecting enum34>=1.0.4
2022-12-27T02:27:01.6041220Z   Using cached enum34-1.1.10-py3-none-any.whl (11 kB)
2022-12-27T02:27:01.6207250Z Collecting futures>=2.2.0
2022-12-27T02:27:01.6208390Z   Using cached futures-3.0.5-py3-none-any.whl
2022-12-27T02:27:01.9175600Z Collecting protobuf>=3.2.0
2022-12-27T02:27:01.9213590Z   Using cached protobuf-4.21.12-cp37-abi3-macosx_10_9_universal2.whl (486 kB)
2022-12-27T02:27:02.0550250Z Collecting six>=1.10
2022-12-27T02:27:02.0573350Z   Using cached six-1.16.0-py2.py3-none-any.whl (11 kB)
2022-12-27T02:27:02.0591000Z Requirement already satisfied: wheel>=0.29 in /private/var/folders/51/hd414ycd67n82196sw51xqtc0000gn/T/cibw-run-v7kv3uv8/cp38-macosx_arm64/build/venv/lib/python3.8/site-packages (from -r requirements.txt (line 8)) (0.38.4)
2022-12-27T02:27:02.0993280Z Installing collected packages: futures, enum34, six, protobuf, coverage
2022-12-27T02:27:02.3376030Z Successfully installed coverage-7.0.1 enum34-1.1.10 futures-3.0.5 protobuf-4.21.12 six-1.16.0
2022-12-27T02:27:02.3869390Z ##[endgroup]
2022-12-27T02:27:02.3870070Z                                                               [32mâœ“ [0m2.72s
2022-12-27T02:27:02.3870700Z ##[group]Building wheel...
2022-12-27T02:27:02.3870840Z 
2022-12-27T02:27:02.3876480Z + python -m pip wheel /Users/runner/actions-runner/_work/python.build/python.build/build_grpcio12138/grpcio-1.2.1 --wheel-dir=/private/var/folders/51/hd414ycd67n82196sw51xqtc0000gn/T/cibw-run-v7kv3uv8/cp38-macosx_arm64/built_wheel --no-deps -vvv
2022-12-27T02:27:02.6606550Z Created temporary directory: /private/var/folders/51/hd414ycd67n82196sw51xqtc0000gn/T/pip-ephem-wheel-cache-_kx8m8ud
2022-12-27T02:27:02.6610530Z Created temporary directory: /private/var/folders/51/hd414ycd67n82196sw51xqtc0000gn/T/pip-build-tracker-z1_ed9ep
2022-12-27T02:27:02.6612400Z Initialized build tracking at /private/var/folders/51/hd414ycd67n82196sw51xqtc0000gn/T/pip-build-tracker-z1_ed9ep
2022-12-27T02:27:02.6614180Z Created build tracker: /private/var/folders/51/hd414ycd67n82196sw51xqtc0000gn/T/pip-build-tracker-z1_ed9ep
2022-12-27T02:27:02.6616010Z Entered build tracker: /private/var/folders/51/hd414ycd67n82196sw51xqtc0000gn/T/pip-build-tracker-z1_ed9ep
2022-12-27T02:27:02.6618860Z Created temporary directory: /private/var/folders/51/hd414ycd67n82196sw51xqtc0000gn/T/pip-wheel-nk5z1kn3
2022-12-27T02:27:02.6625580Z Created temporary directory: /private/var/folders/51/hd414ycd67n82196sw51xqtc0000gn/T/pip-ephem-wheel-cache-dygz22k3
2022-12-27T02:27:02.6710000Z Processing /Users/runner/actions-runner/_work/python.build/python.build/build_grpcio12138/grpcio-1.2.1
2022-12-27T02:27:02.6715430Z   Added file:///Users/runner/actions-runner/_work/python.build/python.build/build_grpcio12138/grpcio-1.2.1 to build tracker '/private/var/folders/51/hd414ycd67n82196sw51xqtc0000gn/T/pip-build-tracker-z1_ed9ep'
2022-12-27T02:27:02.6719350Z   Running setup.py (path:/Users/runner/actions-runner/_work/python.build/python.build/build_grpcio12138/grpcio-1.2.1/setup.py) egg_info for package from file:///Users/runner/actions-runner/_work/python.build/python.build/build_grpcio12138/grpcio-1.2.1
2022-12-27T02:27:02.6722320Z   Created temporary directory: /private/var/folders/51/hd414ycd67n82196sw51xqtc0000gn/T/pip-pip-egg-info-62jraw37
2022-12-27T02:27:02.6723800Z   Preparing metadata (setup.py): started
2022-12-27T02:27:02.6725870Z   Running command python setup.py egg_info
2022-12-27T02:27:04.1265850Z   Compiling src/python/grpcio/grpc/_cython/cygrpc.pyx because it depends on /private/var/folders/51/hd414ycd67n82196sw51xqtc0000gn/T/cibw-run-v7kv3uv8/cp38-macosx_arm64/build/venv/lib/python3.8/site-packages/Cython/Includes/libc/time.pxd.
2022-12-27T02:27:04.1266470Z   [1/1] Cythonizing src/python/grpcio/grpc/_cython/cygrpc.pyx
2022-12-27T02:27:04.1477900Z   running egg_info
2022-12-27T02:27:04.1482850Z   creating /private/var/folders/51/hd414ycd67n82196sw51xqtc0000gn/T/pip-pip-egg-info-62jraw37/grpcio.egg-info
2022-12-27T02:27:04.1494900Z   writing /private/var/folders/51/hd414ycd67n82196sw51xqtc0000gn/T/pip-pip-egg-info-62jraw37/grpcio.egg-info/PKG-INFO
2022-12-27T02:27:04.1497890Z   writing dependency_links to /private/var/folders/51/hd414ycd67n82196sw51xqtc0000gn/T/pip-pip-egg-info-62jraw37/grpcio.egg-info/dependency_links.txt
2022-12-27T02:27:04.1501320Z   writing requirements to /private/var/folders/51/hd414ycd67n82196sw51xqtc0000gn/T/pip-pip-egg-info-62jraw37/grpcio.egg-info/requires.txt
2022-12-27T02:27:04.1503360Z   writing top-level names to /private/var/folders/51/hd414ycd67n82196sw51xqtc0000gn/T/pip-pip-egg-info-62jraw37/grpcio.egg-info/top_level.txt
2022-12-27T02:27:04.1505530Z   writing manifest file '/private/var/folders/51/hd414ycd67n82196sw51xqtc0000gn/T/pip-pip-egg-info-62jraw37/grpcio.egg-info/SOURCES.txt'
2022-12-27T02:27:04.1592930Z   reading manifest file '/private/var/folders/51/hd414ycd67n82196sw51xqtc0000gn/T/pip-pip-egg-info-62jraw37/grpcio.egg-info/SOURCES.txt'
2022-12-27T02:27:04.1596700Z   reading manifest template 'PYTHON-MANIFEST.in'
2022-12-27T02:27:04.1625250Z   /private/var/folders/51/hd414ycd67n82196sw51xqtc0000gn/T/cibw-run-v7kv3uv8/cp38-macosx_arm64/build/venv/lib/python3.8/site-packages/Cython/Compiler/Main.py:369: FutureWarning: Cython directive 'language_level' not set, using 2 for now (Py2). This will change in a later release! File: /Users/runner/actions-runner/_work/python.build/python.build/build_grpcio12138/grpcio-1.2.1/src/python/grpcio/grpc/_cython/cygrpc.pxd
2022-12-27T02:27:04.1626530Z     tree = Parsing.p_module(s, pxd, full_module_name)
2022-12-27T02:27:04.1628940Z   warning: src/python/grpcio/grpc/_cython/_cygrpc/grpc.pxi:150:13: 'GRPC_ARG_PRIMARY_USER_AGENT_STRING' redeclared
2022-12-27T02:27:04.1630260Z   warning: no files found matching '*.h' under directory 'src/python/grpcio/grpc'
2022-12-27T02:27:04.1689950Z   warning: no files found matching '*.python' under directory 'src/python/grpcio/grpc'
2022-12-27T02:27:04.1705260Z   warning: no previously-included files matching '*.so' found under directory 'src/python/grpcio/grpc/_cython'
2022-12-27T02:27:04.1708680Z   warning: no previously-included files matching '*.pyd' found under directory 'src/python/grpcio/grpc/_cython'
2022-12-27T02:27:04.2217720Z   warning: no files found matching 'src/python/grpcio/precompiled.py'
2022-12-27T02:27:04.2568920Z   writing manifest file '/private/var/folders/51/hd414ycd67n82196sw51xqtc0000gn/T/pip-pip-egg-info-62jraw37/grpcio.egg-info/SOURCES.txt'
2022-12-27T02:27:04.3258300Z   Preparing metadata (setup.py): finished with status 'done'
2022-12-27T02:27:04.3283180Z   Source in /Users/runner/actions-runner/_work/python.build/python.build/build_grpcio12138/grpcio-1.2.1 has version 1.2.1, which satisfies requirement grpcio==1.2.1 from file:///Users/runner/actions-runner/_work/python.build/python.build/build_grpcio12138/grpcio-1.2.1
2022-12-27T02:27:04.3286540Z   Removed grpcio==1.2.1 from file:///Users/runner/actions-runner/_work/python.build/python.build/build_grpcio12138/grpcio-1.2.1 from build tracker '/private/var/folders/51/hd414ycd67n82196sw51xqtc0000gn/T/pip-build-tracker-z1_ed9ep'
2022-12-27T02:27:04.3403670Z Created temporary directory: /private/var/folders/51/hd414ycd67n82196sw51xqtc0000gn/T/pip-unpack-fmir3q1o
2022-12-27T02:27:04.3405150Z Building wheels for collected packages: grpcio
2022-12-27T02:27:04.3410590Z   Created temporary directory: /private/var/folders/51/hd414ycd67n82196sw51xqtc0000gn/T/pip-wheel-cujwh9i_
2022-12-27T02:27:04.3411720Z   Building wheel for grpcio (setup.py): started
2022-12-27T02:27:04.3414070Z   Destination directory: /private/var/folders/51/hd414ycd67n82196sw51xqtc0000gn/T/pip-wheel-cujwh9i_
2022-12-27T02:27:04.3414830Z   Running command python setup.py bdist_wheel
2022-12-27T02:27:04.7785470Z   running bdist_wheel
2022-12-27T02:27:04.7817640Z   running build
2022-12-27T02:27:04.7819080Z   running build_py
2022-12-27T02:27:04.7821620Z   running build_project_metadata
2022-12-27T02:27:04.7826390Z   creating python_build
2022-12-27T02:27:04.7828410Z   creating python_build/lib.macosx-11.0-arm64-cpython-38
2022-12-27T02:27:04.7829800Z   creating python_build/lib.macosx-11.0-arm64-cpython-38/grpc
2022-12-27T02:27:04.7832000Z   copying src/python/grpcio/grpc/_channel.py -> python_build/lib.macosx-11.0-arm64-cpython-38/grpc
2022-12-27T02:27:04.7833470Z   copying src/python/grpcio/grpc/_common.py -> python_build/lib.macosx-11.0-arm64-cpython-38/grpc
2022-12-27T02:27:04.7835440Z   copying src/python/grpcio/grpc/__init__.py -> python_build/lib.macosx-11.0-arm64-cpython-38/grpc
2022-12-27T02:27:04.7841900Z   copying src/python/grpcio/grpc/_utilities.py -> python_build/lib.macosx-11.0-arm64-cpython-38/grpc
2022-12-27T02:27:04.7844180Z   copying src/python/grpcio/grpc/_plugin_wrapping.py -> python_build/lib.macosx-11.0-arm64-cpython-38/grpc
2022-12-27T02:27:04.7846430Z   copying src/python/grpcio/grpc/_grpcio_metadata.py -> python_build/lib.macosx-11.0-arm64-cpython-38/grpc
2022-12-27T02:27:04.7848110Z   copying src/python/grpcio/grpc/_server.py -> python_build/lib.macosx-11.0-arm64-cpython-38/grpc
2022-12-27T02:27:04.7849810Z   copying src/python/grpcio/grpc/_auth.py -> python_build/lib.macosx-11.0-arm64-cpython-38/grpc
2022-12-27T02:27:04.7851870Z   copying src/python/grpcio/grpc/_credential_composition.py -> python_build/lib.macosx-11.0-arm64-cpython-38/grpc
2022-12-27T02:27:04.7857100Z   creating python_build/lib.macosx-11.0-arm64-cpython-38/grpc/beta
2022-12-27T02:27:04.7859550Z   copying src/python/grpcio/grpc/beta/_server_adaptations.py -> python_build/lib.macosx-11.0-arm64-cpython-38/grpc/beta
2022-12-27T02:27:04.7860950Z   copying src/python/grpcio/grpc/beta/interfaces.py -> python_build/lib.macosx-11.0-arm64-cpython-38/grpc/beta
2022-12-27T02:27:04.7863520Z   copying src/python/grpcio/grpc/beta/__init__.py -> python_build/lib.macosx-11.0-arm64-cpython-38/grpc/beta
2022-12-27T02:27:04.7866060Z   copying src/python/grpcio/grpc/beta/utilities.py -> python_build/lib.macosx-11.0-arm64-cpython-38/grpc/beta
2022-12-27T02:27:04.7869850Z   copying src/python/grpcio/grpc/beta/implementations.py -> python_build/lib.macosx-11.0-arm64-cpython-38/grpc/beta
2022-12-27T02:27:04.7872230Z   copying src/python/grpcio/grpc/beta/_client_adaptations.py -> python_build/lib.macosx-11.0-arm64-cpython-38/grpc/beta
2022-12-27T02:27:04.7876920Z   creating python_build/lib.macosx-11.0-arm64-cpython-38/grpc/framework
2022-12-27T02:27:04.7878380Z   copying src/python/grpcio/grpc/framework/__init__.py -> python_build/lib.macosx-11.0-arm64-cpython-38/grpc/framework
2022-12-27T02:27:04.7881570Z   creating python_build/lib.macosx-11.0-arm64-cpython-38/grpc/_cython
2022-12-27T02:27:04.7883010Z   copying src/python/grpcio/grpc/_cython/__init__.py -> python_build/lib.macosx-11.0-arm64-cpython-38/grpc/_cython
2022-12-27T02:27:04.7888540Z   creating python_build/lib.macosx-11.0-arm64-cpython-38/grpc/framework/foundation
2022-12-27T02:27:04.7890170Z   copying src/python/grpcio/grpc/framework/foundation/callable_util.py -> python_build/lib.macosx-11.0-arm64-cpython-38/grpc/framework/foundation
2022-12-27T02:27:04.7892980Z   copying src/python/grpcio/grpc/framework/foundation/abandonment.py -> python_build/lib.macosx-11.0-arm64-cpython-38/grpc/framework/foundation
2022-12-27T02:27:04.7896780Z   copying src/python/grpcio/grpc/framework/foundation/__init__.py -> python_build/lib.macosx-11.0-arm64-cpython-38/grpc/framework/foundation
2022-12-27T02:27:04.7899070Z   copying src/python/grpcio/grpc/framework/foundation/stream.py -> python_build/lib.macosx-11.0-arm64-cpython-38/grpc/framework/foundation
2022-12-27T02:27:04.7902220Z   copying src/python/grpcio/grpc/framework/foundation/stream_util.py -> python_build/lib.macosx-11.0-arm64-cpython-38/grpc/framework/foundation
2022-12-27T02:27:04.7903850Z   copying src/python/grpcio/grpc/framework/foundation/future.py -> python_build/lib.macosx-11.0-arm64-cpython-38/grpc/framework/foundation
2022-12-27T02:27:04.7906260Z   copying src/python/grpcio/grpc/framework/foundation/logging_pool.py -> python_build/lib.macosx-11.0-arm64-cpython-38/grpc/framework/foundation
2022-12-27T02:27:04.7910370Z   creating python_build/lib.macosx-11.0-arm64-cpython-38/grpc/framework/common
2022-12-27T02:27:04.7912400Z   copying src/python/grpcio/grpc/framework/common/style.py -> python_build/lib.macosx-11.0-arm64-cpython-38/grpc/framework/common
2022-12-27T02:27:04.7914500Z   copying src/python/grpcio/grpc/framework/common/cardinality.py -> python_build/lib.macosx-11.0-arm64-cpython-38/grpc/framework/common
2022-12-27T02:27:04.7917040Z   copying src/python/grpcio/grpc/framework/common/__init__.py -> python_build/lib.macosx-11.0-arm64-cpython-38/grpc/framework/common
2022-12-27T02:27:04.7921370Z   creating python_build/lib.macosx-11.0-arm64-cpython-38/grpc/framework/interfaces
2022-12-27T02:27:04.7923040Z   copying src/python/grpcio/grpc/framework/interfaces/__init__.py -> python_build/lib.macosx-11.0-arm64-cpython-38/grpc/framework/interfaces
2022-12-27T02:27:04.7927020Z   creating python_build/lib.macosx-11.0-arm64-cpython-38/grpc/framework/interfaces/face
2022-12-27T02:27:04.7928830Z   copying src/python/grpcio/grpc/framework/interfaces/face/__init__.py -> python_build/lib.macosx-11.0-arm64-cpython-38/grpc/framework/interfaces/face
2022-12-27T02:27:04.7930710Z   copying src/python/grpcio/grpc/framework/interfaces/face/utilities.py -> python_build/lib.macosx-11.0-arm64-cpython-38/grpc/framework/interfaces/face
2022-12-27T02:27:04.7934350Z   copying src/python/grpcio/grpc/framework/interfaces/face/face.py -> python_build/lib.macosx-11.0-arm64-cpython-38/grpc/framework/interfaces/face
2022-12-27T02:27:04.7939390Z   creating python_build/lib.macosx-11.0-arm64-cpython-38/grpc/framework/interfaces/base
2022-12-27T02:27:04.7940920Z   copying src/python/grpcio/grpc/framework/interfaces/base/__init__.py -> python_build/lib.macosx-11.0-arm64-cpython-38/grpc/framework/interfaces/base
2022-12-27T02:27:04.7942450Z   copying src/python/grpcio/grpc/framework/interfaces/base/utilities.py -> python_build/lib.macosx-11.0-arm64-cpython-38/grpc/framework/interfaces/base
2022-12-27T02:27:04.7945270Z   copying src/python/grpcio/grpc/framework/interfaces/base/base.py -> python_build/lib.macosx-11.0-arm64-cpython-38/grpc/framework/interfaces/base
2022-12-27T02:27:04.7949860Z   creating python_build/lib.macosx-11.0-arm64-cpython-38/grpc/_cython/_cygrpc
2022-12-27T02:27:04.7951500Z   copying src/python/grpcio/grpc/_cython/_cygrpc/__init__.py -> python_build/lib.macosx-11.0-arm64-cpython-38/grpc/_cython/_cygrpc
2022-12-27T02:27:04.7956290Z   creating python_build/lib.macosx-11.0-arm64-cpython-38/grpc/_cython/_credentials
2022-12-27T02:27:04.7958140Z   copying src/python/grpcio/grpc/_cython/_credentials/roots.pem -> python_build/lib.macosx-11.0-arm64-cpython-38/grpc/_cython/_credentials
2022-12-27T02:27:04.7984200Z   running build_ext
2022-12-27T02:27:04.8275850Z   Found cython-generated files...
2022-12-27T02:27:04.8283950Z   building 'grpc._cython.cygrpc' extension
2022-12-27T02:27:04.8309820Z   creating python_build/temp.macosx-11.0-arm64-cpython-38
2022-12-27T02:27:04.8312100Z   creating python_build/temp.macosx-11.0-arm64-cpython-38/src
2022-12-27T02:27:04.8314040Z   creating python_build/temp.macosx-11.0-arm64-cpython-38/src/boringssl
2022-12-27T02:27:04.8316180Z   creating python_build/temp.macosx-11.0-arm64-cpython-38/src/core
2022-12-27T02:27:04.8317930Z   creating python_build/temp.macosx-11.0-arm64-cpython-38/src/core/ext
2022-12-27T02:27:04.8320070Z   creating python_build/temp.macosx-11.0-arm64-cpython-38/src/core/ext/census
2022-12-27T02:27:04.8321660Z   creating python_build/temp.macosx-11.0-arm64-cpython-38/src/core/ext/census/gen
2022-12-27T02:27:04.8323210Z   creating python_build/temp.macosx-11.0-arm64-cpython-38/src/core/ext/client_channel
2022-12-27T02:27:04.8324560Z   creating python_build/temp.macosx-11.0-arm64-cpython-38/src/core/ext/lb_policy
2022-12-27T02:27:04.8389610Z   creating python_build/temp.macosx-11.0-arm64-cpython-38/src/core/ext/lb_policy/grpclb
2022-12-27T02:27:04.8390920Z   creating python_build/temp.macosx-11.0-arm64-cpython-38/src/core/ext/lb_policy/grpclb/proto
2022-12-27T02:27:04.8391550Z   creating python_build/temp.macosx-11.0-arm64-cpython-38/src/core/ext/lb_policy/grpclb/proto/grpc
2022-12-27T02:27:04.8392200Z   creating python_build/temp.macosx-11.0-arm64-cpython-38/src/core/ext/lb_policy/grpclb/proto/grpc/lb
2022-12-27T02:27:04.8393120Z   creating python_build/temp.macosx-11.0-arm64-cpython-38/src/core/ext/lb_policy/grpclb/proto/grpc/lb/v1
2022-12-27T02:27:04.8393870Z   creating python_build/temp.macosx-11.0-arm64-cpython-38/src/core/ext/lb_policy/pick_first
2022-12-27T02:27:04.8394450Z   creating python_build/temp.macosx-11.0-arm64-cpython-38/src/core/ext/lb_policy/round_robin
2022-12-27T02:27:04.8395100Z   creating python_build/temp.macosx-11.0-arm64-cpython-38/src/core/ext/load_reporting
2022-12-27T02:27:04.8395670Z   creating python_build/temp.macosx-11.0-arm64-cpython-38/src/core/ext/resolver
2022-12-27T02:27:04.8396340Z   creating python_build/temp.macosx-11.0-arm64-cpython-38/src/core/ext/resolver/dns
2022-12-27T02:27:04.8396970Z   creating python_build/temp.macosx-11.0-arm64-cpython-38/src/core/ext/resolver/dns/native
2022-12-27T02:27:04.8397560Z   creating python_build/temp.macosx-11.0-arm64-cpython-38/src/core/ext/resolver/sockaddr
2022-12-27T02:27:04.8398080Z   creating python_build/temp.macosx-11.0-arm64-cpython-38/src/core/ext/transport
2022-12-27T02:27:04.8398740Z   creating python_build/temp.macosx-11.0-arm64-cpython-38/src/core/ext/transport/chttp2
2022-12-27T02:27:04.8399290Z   creating python_build/temp.macosx-11.0-arm64-cpython-38/src/core/ext/transport/chttp2/alpn
2022-12-27T02:27:04.8399820Z   creating python_build/temp.macosx-11.0-arm64-cpython-38/src/core/ext/transport/chttp2/client
2022-12-27T02:27:04.8400350Z   creating python_build/temp.macosx-11.0-arm64-cpython-38/src/core/ext/transport/chttp2/client/insecure
2022-12-27T02:27:04.8401160Z   creating python_build/temp.macosx-11.0-arm64-cpython-38/src/core/ext/transport/chttp2/client/secure
2022-12-27T02:27:04.8401720Z   creating python_build/temp.macosx-11.0-arm64-cpython-38/src/core/ext/transport/chttp2/server
2022-12-27T02:27:04.8402250Z   creating python_build/temp.macosx-11.0-arm64-cpython-38/src/core/ext/transport/chttp2/server/insecure
2022-12-27T02:27:04.8402760Z   creating python_build/temp.macosx-11.0-arm64-cpython-38/src/core/ext/transport/chttp2/server/secure
2022-12-27T02:27:04.8403310Z   creating python_build/temp.macosx-11.0-arm64-cpython-38/src/core/ext/transport/chttp2/transport
2022-12-27T02:27:04.8403800Z   creating python_build/temp.macosx-11.0-arm64-cpython-38/src/core/lib
2022-12-27T02:27:04.8404230Z   creating python_build/temp.macosx-11.0-arm64-cpython-38/src/core/lib/channel
2022-12-27T02:27:04.8404690Z   creating python_build/temp.macosx-11.0-arm64-cpython-38/src/core/lib/compression
2022-12-27T02:27:04.8405240Z   creating python_build/temp.macosx-11.0-arm64-cpython-38/src/core/lib/debug
2022-12-27T02:27:04.8405720Z   creating python_build/temp.macosx-11.0-arm64-cpython-38/src/core/lib/http
2022-12-27T02:27:04.8406160Z   creating python_build/temp.macosx-11.0-arm64-cpython-38/src/core/lib/iomgr
2022-12-27T02:27:04.8406630Z   creating python_build/temp.macosx-11.0-arm64-cpython-38/src/core/lib/json
2022-12-27T02:27:04.8407200Z   creating python_build/temp.macosx-11.0-arm64-cpython-38/src/core/lib/profiling
2022-12-27T02:27:04.8407670Z   creating python_build/temp.macosx-11.0-arm64-cpython-38/src/core/lib/security
2022-12-27T02:27:04.8408130Z   creating python_build/temp.macosx-11.0-arm64-cpython-38/src/core/lib/security/context
2022-12-27T02:27:04.8408450Z   creating python_build/temp.macosx-11.0-arm64-cpython-38/src/core/lib/security/credentials
2022-12-27T02:27:04.8408790Z   creating python_build/temp.macosx-11.0-arm64-cpython-38/src/core/lib/security/credentials/composite
2022-12-27T02:27:04.8409110Z   creating python_build/temp.macosx-11.0-arm64-cpython-38/src/core/lib/security/credentials/fake
2022-12-27T02:27:04.8409620Z   creating python_build/temp.macosx-11.0-arm64-cpython-38/src/core/lib/security/credentials/google_default
2022-12-27T02:27:04.8409980Z   creating python_build/temp.macosx-11.0-arm64-cpython-38/src/core/lib/security/credentials/iam
2022-12-27T02:27:04.8410320Z   creating python_build/temp.macosx-11.0-arm64-cpython-38/src/core/lib/security/credentials/jwt
2022-12-27T02:27:04.8410620Z   creating python_build/temp.macosx-11.0-arm64-cpython-38/src/core/lib/security/credentials/oauth2
2022-12-27T02:27:04.8410950Z   creating python_build/temp.macosx-11.0-arm64-cpython-38/src/core/lib/security/credentials/plugin
2022-12-27T02:27:04.8411280Z   creating python_build/temp.macosx-11.0-arm64-cpython-38/src/core/lib/security/credentials/ssl
2022-12-27T02:27:04.8411610Z   creating python_build/temp.macosx-11.0-arm64-cpython-38/src/core/lib/security/transport
2022-12-27T02:27:04.8411900Z   creating python_build/temp.macosx-11.0-arm64-cpython-38/src/core/lib/security/util
2022-12-27T02:27:04.8412290Z   creating python_build/temp.macosx-11.0-arm64-cpython-38/src/core/lib/slice
2022-12-27T02:27:04.8412610Z   creating python_build/temp.macosx-11.0-arm64-cpython-38/src/core/lib/support
2022-12-27T02:27:04.8412880Z   creating python_build/temp.macosx-11.0-arm64-cpython-38/src/core/lib/surface
2022-12-27T02:27:04.8416990Z   creating python_build/temp.macosx-11.0-arm64-cpython-38/src/core/lib/transport
2022-12-27T02:27:04.8418350Z   creating python_build/temp.macosx-11.0-arm64-cpython-38/src/core/lib/tsi
2022-12-27T02:27:04.8420150Z   creating python_build/temp.macosx-11.0-arm64-cpython-38/src/core/plugin_registry
2022-12-27T02:27:04.8421620Z   creating python_build/temp.macosx-11.0-arm64-cpython-38/src/python
2022-12-27T02:27:04.8423070Z   creating python_build/temp.macosx-11.0-arm64-cpython-38/src/python/grpcio
2022-12-27T02:27:04.8424660Z   creating python_build/temp.macosx-11.0-arm64-cpython-38/src/python/grpcio/grpc
2022-12-27T02:27:04.8426100Z   creating python_build/temp.macosx-11.0-arm64-cpython-38/src/python/grpcio/grpc/_cython
2022-12-27T02:27:04.8427600Z   creating python_build/temp.macosx-11.0-arm64-cpython-38/third_party
2022-12-27T02:27:04.8429120Z   creating python_build/temp.macosx-11.0-arm64-cpython-38/third_party/boringssl
2022-12-27T02:27:04.8430360Z   creating python_build/temp.macosx-11.0-arm64-cpython-38/third_party/boringssl/crypto
2022-12-27T02:27:04.8432040Z   creating python_build/temp.macosx-11.0-arm64-cpython-38/third_party/boringssl/crypto/aes
2022-12-27T02:27:04.8433380Z   creating python_build/temp.macosx-11.0-arm64-cpython-38/third_party/boringssl/crypto/asn1
2022-12-27T02:27:04.8436950Z   creating python_build/temp.macosx-11.0-arm64-cpython-38/third_party/boringssl/crypto/base64
2022-12-27T02:27:04.8438470Z   creating python_build/temp.macosx-11.0-arm64-cpython-38/third_party/boringssl/crypto/bio
2022-12-27T02:27:04.8441730Z   creating python_build/temp.macosx-11.0-arm64-cpython-38/third_party/boringssl/crypto/bn
2022-12-27T02:27:04.8443450Z   creating python_build/temp.macosx-11.0-arm64-cpython-38/third_party/boringssl/crypto/bn/asm
2022-12-27T02:27:04.8446490Z   creating python_build/temp.macosx-11.0-arm64-cpython-38/third_party/boringssl/crypto/buf
2022-12-27T02:27:04.8448310Z   creating python_build/temp.macosx-11.0-arm64-cpython-38/third_party/boringssl/crypto/bytestring
2022-12-27T02:27:04.8450150Z   creating python_build/temp.macosx-11.0-arm64-cpython-38/third_party/boringssl/crypto/chacha
2022-12-27T02:27:04.8451920Z   creating python_build/temp.macosx-11.0-arm64-cpython-38/third_party/boringssl/crypto/cipher
2022-12-27T02:27:04.8454690Z   creating python_build/temp.macosx-11.0-arm64-cpython-38/third_party/boringssl/crypto/cmac
2022-12-27T02:27:04.8456740Z   creating python_build/temp.macosx-11.0-arm64-cpython-38/third_party/boringssl/crypto/conf
2022-12-27T02:27:04.8458540Z   creating python_build/temp.macosx-11.0-arm64-cpython-38/third_party/boringssl/crypto/curve25519
2022-12-27T02:27:04.8460250Z   creating python_build/temp.macosx-11.0-arm64-cpython-38/third_party/boringssl/crypto/des
2022-12-27T02:27:04.8462020Z   creating python_build/temp.macosx-11.0-arm64-cpython-38/third_party/boringssl/crypto/dh
2022-12-27T02:27:04.8463470Z   creating python_build/temp.macosx-11.0-arm64-cpython-38/third_party/boringssl/crypto/digest
2022-12-27T02:27:04.8465780Z   creating python_build/temp.macosx-11.0-arm64-cpython-38/third_party/boringssl/crypto/dsa
2022-12-27T02:27:04.8467690Z   creating python_build/temp.macosx-11.0-arm64-cpython-38/third_party/boringssl/crypto/ec
2022-12-27T02:27:04.8470090Z   creating python_build/temp.macosx-11.0-arm64-cpython-38/third_party/boringssl/crypto/ecdh
2022-12-27T02:27:04.8471810Z   creating python_build/temp.macosx-11.0-arm64-cpython-38/third_party/boringssl/crypto/ecdsa
2022-12-27T02:27:04.8474270Z   creating python_build/temp.macosx-11.0-arm64-cpython-38/third_party/boringssl/crypto/engine
2022-12-27T02:27:04.8476250Z   creating python_build/temp.macosx-11.0-arm64-cpython-38/third_party/boringssl/crypto/err
2022-12-27T02:27:04.8478090Z   creating python_build/temp.macosx-11.0-arm64-cpython-38/third_party/boringssl/crypto/evp
2022-12-27T02:27:04.8479930Z   creating python_build/temp.macosx-11.0-arm64-cpython-38/third_party/boringssl/crypto/hkdf
2022-12-27T02:27:04.8481610Z   creating python_build/temp.macosx-11.0-arm64-cpython-38/third_party/boringssl/crypto/hmac
2022-12-27T02:27:04.8483110Z   creating python_build/temp.macosx-11.0-arm64-cpython-38/third_party/boringssl/crypto/lhash
2022-12-27T02:27:04.8484980Z   creating python_build/temp.macosx-11.0-arm64-cpython-38/third_party/boringssl/crypto/md4
2022-12-27T02:27:04.8488140Z   creating python_build/temp.macosx-11.0-arm64-cpython-38/third_party/boringssl/crypto/md5
2022-12-27T02:27:04.8490140Z   creating python_build/temp.macosx-11.0-arm64-cpython-38/third_party/boringssl/crypto/modes
2022-12-27T02:27:04.8492040Z   creating python_build/temp.macosx-11.0-arm64-cpython-38/third_party/boringssl/crypto/newhope
2022-12-27T02:27:04.8494020Z   creating python_build/temp.macosx-11.0-arm64-cpython-38/third_party/boringssl/crypto/obj
2022-12-27T02:27:04.8496000Z   creating python_build/temp.macosx-11.0-arm64-cpython-38/third_party/boringssl/crypto/pem
2022-12-27T02:27:04.8497860Z   creating python_build/temp.macosx-11.0-arm64-cpython-38/third_party/boringssl/crypto/pkcs8
2022-12-27T02:27:04.8499360Z   creating python_build/temp.macosx-11.0-arm64-cpython-38/third_party/boringssl/crypto/poly1305
2022-12-27T02:27:04.8502030Z   creating python_build/temp.macosx-11.0-arm64-cpython-38/third_party/boringssl/crypto/rand
2022-12-27T02:27:04.8503570Z   creating python_build/temp.macosx-11.0-arm64-cpython-38/third_party/boringssl/crypto/rc4
2022-12-27T02:27:04.8505150Z   creating python_build/temp.macosx-11.0-arm64-cpython-38/third_party/boringssl/crypto/rsa
2022-12-27T02:27:04.8507220Z   creating python_build/temp.macosx-11.0-arm64-cpython-38/third_party/boringssl/crypto/sha
2022-12-27T02:27:04.8509310Z   creating python_build/temp.macosx-11.0-arm64-cpython-38/third_party/boringssl/crypto/stack
2022-12-27T02:27:04.8511400Z   creating python_build/temp.macosx-11.0-arm64-cpython-38/third_party/boringssl/crypto/x509
2022-12-27T02:27:04.8518400Z   creating python_build/temp.macosx-11.0-arm64-cpython-38/third_party/boringssl/crypto/x509v3
2022-12-27T02:27:04.8522720Z   creating python_build/temp.macosx-11.0-arm64-cpython-38/third_party/boringssl/ssl
2022-12-27T02:27:04.8526870Z   creating python_build/temp.macosx-11.0-arm64-cpython-38/third_party/nanopb
2022-12-27T02:27:04.8528600Z   creating python_build/temp.macosx-11.0-arm64-cpython-38/third_party/zlib
2022-12-27T02:27:04.8534520Z   gcc -Wno-unused-result -Wsign-compare -Wunreachable-code -fno-common -dynamic -DNDEBUG -g -fwrapv -O3 -Wall -g -I/usr/local/opt/openssl@3/include -I/usr/local/opt/openssl@3/include -arch arm64 -DOPENSSL_NO_ASM=1 -D_WIN32_WINNT=1536 -DGPR_BACKWARDS_COMPATIBILITY_MODE=1 "-DPyMODINIT_FUNC=__attribute__((visibility (\"default\"))) PyObject*" -Isrc/python/grpcio -Iinclude -I. -Ithird_party/boringssl/include -Ithird_party/zlib -I/private/var/folders/51/hd414ycd67n82196sw51xqtc0000gn/T/cibw-run-v7kv3uv8/cp38-macosx_arm64/build/venv/include -I/Library/Frameworks/Python.framework/Versions/3.8/include/python3.8 -c src/boringssl/err_data.c -o python_build/temp.macosx-11.0-arm64-cpython-38/src/boringssl/err_data.o -fvisibility=hidden -fno-wrapv -pthread -std=gnu99
2022-12-27T02:27:04.8891510Z   In file included from src/boringssl/err_data.c:17:
2022-12-27T02:27:04.8893980Z   third_party/boringssl/include/openssl/base.h:120:9: warning: 'OPENSSL_VERSION_NUMBER' macro redefined [-Wmacro-redefined]
2022-12-27T02:27:04.8895260Z   #define OPENSSL_VERSION_NUMBER 0x10002000
2022-12-27T02:27:04.8897050Z           ^
2022-12-27T02:27:04.8898700Z   /usr/local/opt/openssl@3/include/openssl/opensslv.h:99:10: note: previous definition is here
2022-12-27T02:27:04.8900030Z   # define OPENSSL_VERSION_NUMBER          \
2022-12-27T02:27:04.8901370Z            ^
2022-12-27T02:27:04.8902970Z   In file included from src/boringssl/err_data.c:18:
2022-12-27T02:27:04.8904340Z   In file included from /usr/local/opt/openssl@3/include/openssl/err.h:21:
2022-12-27T02:27:04.8906070Z   /usr/local/opt/openssl@3/include/openssl/e_os2.h:183:11: warning: 'OPENSSL_EXPORT' macro redefined [-Wmacro-redefined]
2022-12-27T02:27:04.8907240Z   #  define OPENSSL_EXPORT extern
2022-12-27T02:27:04.8908490Z             ^
2022-12-27T02:27:04.8910040Z   third_party/boringssl/include/openssl/base.h:155:9: note: previous definition is here
2022-12-27T02:27:04.8911250Z   #define OPENSSL_EXPORT
2022-12-27T02:27:04.8912590Z           ^
2022-12-27T02:27:04.8955390Z   In file included from src/boringssl/err_data.c:18:
2022-12-27T02:27:04.8957240Z   In file included from /usr/local/opt/openssl@3/include/openssl/err.h:28:
2022-12-27T02:27:04.8958950Z   In file included from /usr/local/opt/openssl@3/include/openssl/types.h:21:
2022-12-27T02:27:04.8960790Z   /usr/local/opt/openssl@3/include/openssl/safestack.h:264:15: warning: redefinition of typedef 'OPENSSL_BLOCK' is a C11 feature [-Wtypedef-redefinition]
2022-12-27T02:27:04.8961910Z   typedef void *OPENSSL_BLOCK;
2022-12-27T02:27:04.8963000Z                 ^
2022-12-27T02:27:04.8964670Z   third_party/boringssl/include/openssl/base.h:298:15: note: previous definition is here
2022-12-27T02:27:04.8965930Z   typedef void *OPENSSL_BLOCK;
2022-12-27T02:27:04.8967190Z                 ^
2022-12-27T02:27:04.8968670Z   In file included from src/boringssl/err_data.c:18:
2022-12-27T02:27:04.8970040Z   In file included from /usr/local/opt/openssl@3/include/openssl/err.h:28:
2022-12-27T02:27:04.8971720Z   /usr/local/opt/openssl@3/include/openssl/types.h:45:31: warning: redefinition of typedef 'ASN1_INTEGER' is a C11 feature [-Wtypedef-redefinition]
2022-12-27T02:27:04.8972790Z   typedef struct asn1_string_st ASN1_INTEGER;
2022-12-27T02:27:04.8974080Z                                 ^
2022-12-27T02:27:04.8975530Z   third_party/boringssl/include/openssl/base.h:189:31: note: previous definition is here
2022-12-27T02:27:04.8976920Z   typedef struct asn1_string_st ASN1_INTEGER;
2022-12-27T02:27:04.8978290Z                                 ^
2022-12-27T02:27:04.8979600Z   In file included from src/boringssl/err_data.c:18:
2022-12-27T02:27:04.8980960Z   In file included from /usr/local/opt/openssl@3/include/openssl/err.h:28:
2022-12-27T02:27:04.8982690Z   /usr/local/opt/openssl@3/include/openssl/types.h:46:31: warning: redefinition of typedef 'ASN1_ENUMERATED' is a C11 feature [-Wtypedef-redefinition]
2022-12-27T02:27:04.8983700Z   typedef struct asn1_string_st ASN1_ENUMERATED;
2022-12-27T02:27:04.8985020Z                                 ^
2022-12-27T02:27:04.8986430Z   third_party/boringssl/include/openssl/base.h:185:31: note: previous definition is here
2022-12-27T02:27:04.8987740Z   typedef struct asn1_string_st ASN1_ENUMERATED;
2022-12-27T02:27:04.8989050Z                                 ^
2022-12-27T02:27:04.8990570Z   In file included from src/boringssl/err_data.c:18:
2022-12-27T02:27:04.8991750Z   In file included from /usr/local/opt/openssl@3/include/openssl/err.h:28:
2022-12-27T02:27:04.8993830Z   /usr/local/opt/openssl@3/include/openssl/types.h:47:31: warning: redefinition of typedef 'ASN1_BIT_STRING' is a C11 feature [-Wtypedef-redefinition]
2022-12-27T02:27:04.8994850Z   typedef struct asn1_string_st ASN1_BIT_STRING;
2022-12-27T02:27:04.8996200Z                                 ^
2022-12-27T02:27:04.8997770Z   third_party/boringssl/include/openssl/base.h:183:31: note: previous definition is here
2022-12-27T02:27:04.8998920Z   typedef struct asn1_string_st ASN1_BIT_STRING;
2022-12-27T02:27:04.9000250Z                                 ^
2022-12-27T02:27:04.9001600Z   In file included from src/boringssl/err_data.c:18:
2022-12-27T02:27:04.9003000Z   In file included from /usr/local/opt/openssl@3/include/openssl/err.h:28:
2022-12-27T02:27:04.9004960Z   /usr/local/opt/openssl@3/include/openssl/types.h:48:31: warning: redefinition of typedef 'ASN1_OCTET_STRING' is a C11 feature [-Wtypedef-redefinition]
2022-12-27T02:27:04.9005850Z   typedef struct asn1_string_st ASN1_OCTET_STRING;
2022-12-27T02:27:04.9007330Z                                 ^
2022-12-27T02:27:04.9008830Z   third_party/boringssl/include/openssl/base.h:190:31: note: previous definition is here
2022-12-27T02:27:04.9010130Z   typedef struct asn1_string_st ASN1_OCTET_STRING;
2022-12-27T02:27:04.9011410Z                                 ^
2022-12-27T02:27:04.9012810Z   In file included from src/boringssl/err_data.c:18:
2022-12-27T02:27:04.9014180Z   In file included from /usr/local/opt/openssl@3/include/openssl/err.h:28:
2022-12-27T02:27:04.9015890Z   /usr/local/opt/openssl@3/include/openssl/types.h:49:31: warning: redefinition of typedef 'ASN1_PRINTABLESTRING' is a C11 feature [-Wtypedef-redefinition]
2022-12-27T02:27:04.9016950Z   typedef struct asn1_string_st ASN1_PRINTABLESTRING;
2022-12-27T02:27:04.9018300Z                                 ^
2022-12-27T02:27:04.9019760Z   third_party/boringssl/include/openssl/base.h:191:31: note: previous definition is here
2022-12-27T02:27:04.9021090Z   typedef struct asn1_string_st ASN1_PRINTABLESTRING;
2022-12-27T02:27:04.9022380Z                                 ^
2022-12-27T02:27:04.9023770Z   In file included from src/boringssl/err_data.c:18:
2022-12-27T02:27:04.9025130Z   In file included from /usr/local/opt/openssl@3/include/openssl/err.h:28:
2022-12-27T02:27:04.9026810Z   /usr/local/opt/openssl@3/include/openssl/types.h:50:31: warning: redefinition of typedef 'ASN1_T61STRING' is a C11 feature [-Wtypedef-redefinition]
2022-12-27T02:27:04.9027910Z   typedef struct asn1_string_st ASN1_T61STRING;
2022-12-27T02:27:04.9029210Z                                 ^
2022-12-27T02:27:04.9030700Z   third_party/boringssl/include/openssl/base.h:193:31: note: previous definition is here
2022-12-27T02:27:04.9032030Z   typedef struct asn1_string_st ASN1_T61STRING;
2022-12-27T02:27:04.9033280Z                                 ^
2022-12-27T02:27:04.9034690Z   In file included from src/boringssl/err_data.c:18:
2022-12-27T02:27:04.9036080Z   In file included from /usr/local/opt/openssl@3/include/openssl/err.h:28:
2022-12-27T02:27:04.9037820Z   /usr/local/opt/openssl@3/include/openssl/types.h:51:31: warning: redefinition of typedef 'ASN1_IA5STRING' is a C11 feature [-Wtypedef-redefinition]
2022-12-27T02:27:04.9038810Z   typedef struct asn1_string_st ASN1_IA5STRING;
2022-12-27T02:27:04.9040140Z                                 ^
2022-12-27T02:27:04.9041610Z   third_party/boringssl/include/openssl/base.h:188:31: note: previous definition is here
2022-12-27T02:27:04.9042920Z   typedef struct asn1_string_st ASN1_IA5STRING;
2022-12-27T02:27:04.9044460Z                                 ^
2022-12-27T02:27:04.9045860Z   In file included from src/boringssl/err_data.c:18:
2022-12-27T02:27:04.9047340Z   In file included from /usr/local/opt/openssl@3/include/openssl/err.h:28:
2022-12-27T02:27:04.9049060Z   /usr/local/opt/openssl@3/include/openssl/types.h:52:31: warning: redefinition of typedef 'ASN1_GENERALSTRING' is a C11 feature [-Wtypedef-redefinition]
2022-12-27T02:27:04.9050160Z   typedef struct asn1_string_st ASN1_GENERALSTRING;
2022-12-27T02:27:04.9051500Z                                 ^
2022-12-27T02:27:04.9053210Z   third_party/boringssl/include/openssl/base.h:187:31: note: previous definition is here
2022-12-27T02:27:04.9054470Z   typedef struct asn1_string_st ASN1_GENERALSTRING;
2022-12-27T02:27:04.9055700Z                                 ^
2022-12-27T02:27:04.9057190Z   In file included from src/boringssl/err_data.c:18:
2022-12-27T02:27:04.9058570Z   In file included from /usr/local/opt/openssl@3/include/openssl/err.h:28:
2022-12-27T02:27:04.9060270Z   /usr/local/opt/openssl@3/include/openssl/types.h:53:31: warning: redefinition of typedef 'ASN1_UNIVERSALSTRING' is a C11 feature [-Wtypedef-redefinition]
2022-12-27T02:27:04.9061260Z   typedef struct asn1_string_st ASN1_UNIVERSALSTRING;
2022-12-27T02:27:04.9062590Z                                 ^
2022-12-27T02:27:04.9064050Z   third_party/boringssl/include/openssl/base.h:195:31: note: previous definition is here
2022-12-27T02:27:04.9065360Z   typedef struct asn1_string_st ASN1_UNIVERSALSTRING;
2022-12-27T02:27:04.9066640Z                                 ^
2022-12-27T02:27:04.9068040Z   In file included from src/boringssl/err_data.c:18:
2022-12-27T02:27:04.9069410Z   In file included from /usr/local/opt/openssl@3/include/openssl/err.h:28:
2022-12-27T02:27:04.9071100Z   /usr/local/opt/openssl@3/include/openssl/types.h:54:31: warning: redefinition of typedef 'ASN1_BMPSTRING' is a C11 feature [-Wtypedef-redefinition]
2022-12-27T02:27:04.9072320Z   typedef struct asn1_string_st ASN1_BMPSTRING;
2022-12-27T02:27:04.9073560Z                                 ^
2022-12-27T02:27:04.9075020Z   third_party/boringssl/include/openssl/base.h:184:31: note: previous definition is here
2022-12-27T02:27:04.9076430Z   typedef struct asn1_string_st ASN1_BMPSTRING;
2022-12-27T02:27:04.9077720Z                                 ^
2022-12-27T02:27:04.9079130Z   In file included from src/boringssl/err_data.c:18:
2022-12-27T02:27:04.9080480Z   In file included from /usr/local/opt/openssl@3/include/openssl/err.h:28:
2022-12-27T02:27:04.9082340Z   /usr/local/opt/openssl@3/include/openssl/types.h:55:31: warning: redefinition of typedef 'ASN1_UTCTIME' is a C11 feature [-Wtypedef-redefinition]
2022-12-27T02:27:04.9083180Z   typedef struct asn1_string_st ASN1_UTCTIME;
2022-12-27T02:27:04.9084520Z                                 ^
2022-12-27T02:27:04.9085980Z   third_party/boringssl/include/openssl/base.h:196:31: note: previous definition is here
2022-12-27T02:27:04.9087370Z   typedef struct asn1_string_st ASN1_UTCTIME;
2022-12-27T02:27:04.9088640Z                                 ^
2022-12-27T02:27:04.9090000Z   In file included from src/boringssl/err_data.c:18:
2022-12-27T02:27:04.9091380Z   In file included from /usr/local/opt/openssl@3/include/openssl/err.h:28:
2022-12-27T02:27:04.9093100Z   /usr/local/opt/openssl@3/include/openssl/types.h:56:31: warning: redefinition of typedef 'ASN1_TIME' is a C11 feature [-Wtypedef-redefinition]
2022-12-27T02:27:04.9094230Z   typedef struct asn1_string_st ASN1_TIME;
2022-12-27T02:27:04.9095560Z                                 ^
2022-12-27T02:27:04.9097100Z   third_party/boringssl/include/openssl/base.h:194:31: note: previous definition is here
2022-12-27T02:27:04.9098420Z   typedef struct asn1_string_st ASN1_TIME;
2022-12-27T02:27:04.9099780Z                                 ^
2022-12-27T02:27:04.9101310Z   In file included from src/boringssl/err_data.c:18:
2022-12-27T02:27:04.9102750Z   In file included from /usr/local/opt/openssl@3/include/openssl/err.h:28:
2022-12-27T02:27:04.9104350Z   /usr/local/opt/openssl@3/include/openssl/types.h:57:31: warning: redefinition of typedef 'ASN1_GENERALIZEDTIME' is a C11 feature [-Wtypedef-redefinition]
2022-12-27T02:27:04.9105540Z   typedef struct asn1_string_st ASN1_GENERALIZEDTIME;
2022-12-27T02:27:04.9106870Z                                 ^
2022-12-27T02:27:04.9108260Z   third_party/boringssl/include/openssl/base.h:186:31: note: previous definition is here
2022-12-27T02:27:04.9109690Z   typedef struct asn1_string_st ASN1_GENERALIZEDTIME;
2022-12-27T02:27:04.9110870Z                                 ^
2022-12-27T02:27:04.9112600Z   In file included from src/boringssl/err_data.c:18:
2022-12-27T02:27:04.9113610Z   In file included from /usr/local/opt/openssl@3/include/openssl/err.h:28:
2022-12-27T02:27:04.9115370Z   /usr/local/opt/openssl@3/include/openssl/types.h:58:31: warning: redefinition of typedef 'ASN1_VISIBLESTRING' is a C11 feature [-Wtypedef-redefinition]
2022-12-27T02:27:04.9116610Z   typedef struct asn1_string_st ASN1_VISIBLESTRING;
2022-12-27T02:27:04.9118090Z                                 ^
2022-12-27T02:27:04.9119520Z   third_party/boringssl/include/openssl/base.h:198:31: note: previous definition is here
2022-12-27T02:27:04.9120980Z   typedef struct asn1_string_st ASN1_VISIBLESTRING;
2022-12-27T02:27:04.9122140Z                                 ^
2022-12-27T02:27:04.9123720Z   In file included from src/boringssl/err_data.c:18:
2022-12-27T02:27:04.9124970Z   In file included from /usr/local/opt/openssl@3/include/openssl/err.h:28:
2022-12-27T02:27:04.9126750Z   /usr/local/opt/openssl@3/include/openssl/types.h:59:31: warning: redefinition of typedef 'ASN1_UTF8STRING' is a C11 feature [-Wtypedef-redefinition]
2022-12-27T02:27:04.9127960Z   typedef struct asn1_string_st ASN1_UTF8STRING;
2022-12-27T02:27:04.9129090Z                                 ^
2022-12-27T02:27:04.9130830Z   third_party/boringssl/include/openssl/base.h:197:31: note: previous definition is here
2022-12-27T02:27:04.9131900Z   typedef struct asn1_string_st ASN1_UTF8STRING;
2022-12-27T02:27:04.9133490Z                                 ^
2022-12-27T02:27:04.9134680Z   In file included from src/boringssl/err_data.c:18:
2022-12-27T02:27:04.9136270Z   In file included from /usr/local/opt/openssl@3/include/openssl/err.h:28:
2022-12-27T02:27:04.9137900Z   /usr/local/opt/openssl@3/include/openssl/types.h:60:31: warning: redefinition of typedef 'ASN1_STRING' is a C11 feature [-Wtypedef-redefinition]
2022-12-27T02:27:04.9138870Z   typedef struct asn1_string_st ASN1_STRING;
2022-12-27T02:27:04.9140130Z                                 ^
2022-12-27T02:27:04.9141820Z   third_party/boringssl/include/openssl/base.h:192:31: note: previous definition is here
2022-12-27T02:27:04.9142870Z   typedef struct asn1_string_st ASN1_STRING;
2022-12-27T02:27:04.9144260Z                                 ^
2022-12-27T02:27:04.9145740Z   In file included from src/boringssl/err_data.c:18:
2022-12-27T02:27:04.9146870Z   In file included from /usr/local/opt/openssl@3/include/openssl/err.h:28:
2022-12-27T02:27:04.9148690Z   /usr/local/opt/openssl@3/include/openssl/types.h:61:13: warning: redefinition of typedef 'ASN1_BOOLEAN' is a C11 feature [-Wtypedef-redefinition]
2022-12-27T02:27:04.9149590Z   typedef int ASN1_BOOLEAN;
2022-12-27T02:27:04.9151410Z               ^
2022-12-27T02:27:04.9152920Z   third_party/boringssl/include/openssl/base.h:178:13: note: previous definition is here
2022-12-27T02:27:04.9154490Z   typedef int ASN1_BOOLEAN;
2022-12-27T02:27:04.9155600Z               ^
2022-12-27T02:27:04.9157260Z   In file included from src/boringssl/err_data.c:18:
2022-12-27T02:27:04.9158390Z   In file included from /usr/local/opt/openssl@3/include/openssl/err.h:28:
2022-12-27T02:27:04.9160430Z   /usr/local/opt/openssl@3/include/openssl/types.h:62:13: warning: redefinition of typedef 'ASN1_NULL' is a C11 feature [-Wtypedef-redefinition]
2022-12-27T02:27:04.9161150Z   typedef int ASN1_NULL;
2022-12-27T02:27:04.9162590Z               ^
2022-12-27T02:27:04.9164040Z   third_party/boringssl/include/openssl/base.h:179:13: note: previous definition is here
2022-12-27T02:27:04.9165320Z   typedef int ASN1_NULL;
2022-12-27T02:27:04.9166610Z               ^
2022-12-27T02:27:04.9168080Z   In file included from src/boringssl/err_data.c:18:
2022-12-27T02:27:04.9169570Z   In file included from /usr/local/opt/openssl@3/include/openssl/err.h:28:
2022-12-27T02:27:04.9171210Z   /usr/local/opt/openssl@3/include/openssl/types.h:65:29: warning: redefinition of typedef 'ASN1_TYPE' is a C11 feature [-Wtypedef-redefinition]
2022-12-27T02:27:04.9172250Z   typedef struct asn1_type_st ASN1_TYPE;
2022-12-27T02:27:04.9173550Z                               ^
2022-12-27T02:27:04.9175210Z   third_party/boringssl/include/openssl/base.h:199:29: note: previous definition is here
2022-12-27T02:27:04.9176540Z   typedef struct asn1_type_st ASN1_TYPE;
2022-12-27T02:27:04.9177890Z                               ^
2022-12-27T02:27:04.9179410Z   In file included from src/boringssl/err_data.c:18:
2022-12-27T02:27:04.9180740Z   In file included from /usr/local/opt/openssl@3/include/openssl/err.h:28:
2022-12-27T02:27:04.9182400Z   /usr/local/opt/openssl@3/include/openssl/types.h:66:31: warning: redefinition of typedef 'ASN1_OBJECT' is a C11 feature [-Wtypedef-redefinition]
2022-12-27T02:27:04.9183470Z   typedef struct asn1_object_st ASN1_OBJECT;
2022-12-27T02:27:04.9184870Z                                 ^
2022-12-27T02:27:04.9186170Z   third_party/boringssl/include/openssl/base.h:181:31: note: previous definition is here
2022-12-27T02:27:04.9187600Z   typedef struct asn1_object_st ASN1_OBJECT;
2022-12-27T02:27:04.9188750Z                                 ^
2022-12-27T02:27:04.9190270Z   In file included from src/boringssl/err_data.c:18:
2022-12-27T02:27:04.9191770Z   In file included from /usr/local/opt/openssl@3/include/openssl/err.h:28:
2022-12-27T02:27:04.9193390Z   /usr/local/opt/openssl@3/include/openssl/types.h:69:29: warning: redefinition of typedef 'ASN1_ITEM' is a C11 feature [-Wtypedef-redefinition]
2022-12-27T02:27:04.9194300Z   typedef struct ASN1_ITEM_st ASN1_ITEM;
2022-12-27T02:27:04.9195720Z                               ^
2022-12-27T02:27:04.9197290Z   third_party/boringssl/include/openssl/base.h:180:29: note: previous definition is here
2022-12-27T02:27:04.9198540Z   typedef struct ASN1_ITEM_st ASN1_ITEM;
2022-12-27T02:27:04.9199820Z                               ^
2022-12-27T02:27:04.9201280Z   In file included from src/boringssl/err_data.c:18:
2022-12-27T02:27:04.9202610Z   In file included from /usr/local/opt/openssl@3/include/openssl/err.h:28:
2022-12-27T02:27:04.9204240Z   /usr/local/opt/openssl@3/include/openssl/types.h:70:29: warning: redefinition of typedef 'ASN1_PCTX' is a C11 feature [-Wtypedef-redefinition]
2022-12-27T02:27:04.9205250Z   typedef struct asn1_pctx_st ASN1_PCTX;
2022-12-27T02:27:04.9206780Z                               ^
2022-12-27T02:27:04.9208260Z   third_party/boringssl/include/openssl/base.h:182:29: note: previous definition is here
2022-12-27T02:27:04.9209630Z   typedef struct asn1_pctx_st ASN1_PCTX;
2022-12-27T02:27:04.9210900Z                               ^
2022-12-27T02:27:04.9212270Z   In file included from src/boringssl/err_data.c:18:
2022-12-27T02:27:04.9213630Z   In file included from /usr/local/opt/openssl@3/include/openssl/err.h:28:
2022-12-27T02:27:04.9215310Z   /usr/local/opt/openssl@3/include/openssl/types.h:86:23: warning: redefinition of typedef 'BIO' is a C11 feature [-Wtypedef-redefinition]
2022-12-27T02:27:04.9216320Z   typedef struct bio_st BIO;
2022-12-27T02:27:04.9217760Z                         ^
2022-12-27T02:27:04.9219200Z   third_party/boringssl/include/openssl/base.h:235:23: note: previous definition is here
2022-12-27T02:27:04.9220500Z   typedef struct bio_st BIO;
2022-12-27T02:27:04.9221720Z                         ^
2022-12-27T02:27:04.9223130Z   In file included from src/boringssl/err_data.c:18:
2022-12-27T02:27:04.9224470Z   In file included from /usr/local/opt/openssl@3/include/openssl/err.h:28:
2022-12-27T02:27:04.9226120Z   /usr/local/opt/openssl@3/include/openssl/types.h:87:26: warning: redefinition of typedef 'BIGNUM' is a C11 feature [-Wtypedef-redefinition]
2022-12-27T02:27:04.9227230Z   typedef struct bignum_st BIGNUM;
2022-12-27T02:27:04.9228560Z                            ^
2022-12-27T02:27:04.9230070Z   third_party/boringssl/include/openssl/base.h:233:26: note: previous definition is here
2022-12-27T02:27:04.9231440Z   typedef struct bignum_st BIGNUM;
2022-12-27T02:27:04.9232620Z                            ^
2022-12-27T02:27:04.9234050Z   In file included from src/boringssl/err_data.c:18:
2022-12-27T02:27:04.9235360Z   In file included from /usr/local/opt/openssl@3/include/openssl/err.h:28:
2022-12-27T02:27:04.9237340Z   /usr/local/opt/openssl@3/include/openssl/types.h:88:27: warning: redefinition of typedef 'BN_CTX' is a C11 feature [-Wtypedef-redefinition]
2022-12-27T02:27:04.9238200Z   typedef struct bignum_ctx BN_CTX;
2022-12-27T02:27:04.9239530Z                             ^
2022-12-27T02:27:04.9240940Z   third_party/boringssl/include/openssl/base.h:232:27: note: previous definition is here
2022-12-27T02:27:04.9242270Z   typedef struct bignum_ctx BN_CTX;
2022-12-27T02:27:04.9243510Z                             ^
2022-12-27T02:27:04.9244970Z   In file included from src/boringssl/err_data.c:18:
2022-12-27T02:27:04.9246280Z   In file included from /usr/local/opt/openssl@3/include/openssl/err.h:28:
2022-12-27T02:27:04.9247990Z   /usr/local/opt/openssl@3/include/openssl/types.h:90:31: warning: redefinition of typedef 'BN_MONT_CTX' is a C11 feature [-Wtypedef-redefinition]
2022-12-27T02:27:04.9249010Z   typedef struct bn_mont_ctx_st BN_MONT_CTX;
2022-12-27T02:27:04.9250370Z                                 ^
2022-12-27T02:27:04.9251760Z   third_party/boringssl/include/openssl/base.h:237:31: note: previous definition is here
2022-12-27T02:27:04.9253200Z   typedef struct bn_mont_ctx_st BN_MONT_CTX;
2022-12-27T02:27:04.9254480Z                                 ^
2022-12-27T02:27:04.9255900Z   In file included from src/boringssl/err_data.c:18:
2022-12-27T02:27:04.9257730Z   In file included from /usr/local/opt/openssl@3/include/openssl/err.h:28:
2022-12-27T02:27:04.9259500Z   /usr/local/opt/openssl@3/include/openssl/types.h:92:28: warning: redefinition of typedef 'BN_GENCB' is a C11 feature [-Wtypedef-redefinition]
2022-12-27T02:27:04.9260520Z   typedef struct bn_gencb_st BN_GENCB;
2022-12-27T02:27:04.9262160Z                              ^
2022-12-27T02:27:04.9263560Z   third_party/boringssl/include/openssl/base.h:236:28: note: previous definition is here
2022-12-27T02:27:04.9264700Z   typedef struct bn_gencb_st BN_GENCB;
2022-12-27T02:27:04.9266160Z                              ^
2022-12-27T02:27:04.9267520Z   In file included from src/boringssl/err_data.c:18:
2022-12-27T02:27:04.9268890Z   In file included from /usr/local/opt/openssl@3/include/openssl/err.h:28:
2022-12-27T02:27:04.9270520Z   /usr/local/opt/openssl@3/include/openssl/types.h:94:27: warning: redefinition of typedef 'BUF_MEM' is a C11 feature [-Wtypedef-redefinition]
2022-12-27T02:27:04.9271580Z   typedef struct buf_mem_st BUF_MEM;
2022-12-27T02:27:04.9272890Z                             ^
2022-12-27T02:27:04.9274350Z   third_party/boringssl/include/openssl/base.h:238:27: note: previous definition is here
2022-12-27T02:27:04.9275840Z   typedef struct buf_mem_st BUF_MEM;
2022-12-27T02:27:04.9277140Z                             ^
2022-12-27T02:27:04.9278620Z   In file included from src/boringssl/err_data.c:18:
2022-12-27T02:27:04.9279910Z   In file included from /usr/local/opt/openssl@3/include/openssl/err.h:28:
2022-12-27T02:27:04.9281720Z   /usr/local/opt/openssl@3/include/openssl/types.h:101:30: warning: redefinition of typedef 'EVP_CIPHER' is a C11 feature [-Wtypedef-redefinition]
2022-12-27T02:27:04.9282600Z   typedef struct evp_cipher_st EVP_CIPHER;
2022-12-27T02:27:04.9283930Z                                ^
2022-12-27T02:27:04.9285410Z   third_party/boringssl/include/openssl/base.h:256:30: note: previous definition is here
2022-12-27T02:27:04.9286690Z   typedef struct evp_cipher_st EVP_CIPHER;
2022-12-27T02:27:04.9287980Z                                ^
2022-12-27T02:27:04.9289370Z   In file included from src/boringssl/err_data.c:18:
2022-12-27T02:27:04.9290740Z   In file included from /usr/local/opt/openssl@3/include/openssl/err.h:28:
2022-12-27T02:27:04.9292470Z   /usr/local/opt/openssl@3/include/openssl/types.h:102:34: warning: redefinition of typedef 'EVP_CIPHER_CTX' is a C11 feature [-Wtypedef-redefinition]
2022-12-27T02:27:04.9293550Z   typedef struct evp_cipher_ctx_st EVP_CIPHER_CTX;
2022-12-27T02:27:04.9294840Z                                    ^
2022-12-27T02:27:04.9296590Z   third_party/boringssl/include/openssl/base.h:255:34: note: previous definition is here
2022-12-27T02:27:04.9297630Z   typedef struct evp_cipher_ctx_st EVP_CIPHER_CTX;
2022-12-27T02:27:04.9298840Z                                    ^
2022-12-27T02:27:04.9300510Z   In file included from src/boringssl/err_data.c:18:
2022-12-27T02:27:04.9301860Z   In file included from /usr/local/opt/openssl@3/include/openssl/err.h:28:
2022-12-27T02:27:04.9303530Z   /usr/local/opt/openssl@3/include/openssl/types.h:103:26: error: typedef redefinition with different types ('struct evp_md_st' vs 'struct env_md_st')
2022-12-27T02:27:04.9304440Z   typedef struct evp_md_st EVP_MD;
2022-12-27T02:27:04.9305870Z                            ^
2022-12-27T02:27:04.9307420Z   third_party/boringssl/include/openssl/base.h:253:26: note: previous definition is here
2022-12-27T02:27:04.9308610Z   typedef struct env_md_st EVP_MD;
2022-12-27T02:27:04.9309890Z                            ^
2022-12-27T02:27:04.9311260Z   In file included from src/boringssl/err_data.c:18:
2022-12-27T02:27:04.9312650Z   In file included from /usr/local/opt/openssl@3/include/openssl/err.h:28:
2022-12-27T02:27:04.9314450Z   /usr/local/opt/openssl@3/include/openssl/types.h:104:30: error: typedef redefinition with different types ('struct evp_md_ctx_st' vs 'struct env_md_ctx_st')
2022-12-27T02:27:04.9315660Z   typedef struct evp_md_ctx_st EVP_MD_CTX;
2022-12-27T02:27:04.9316930Z                                ^
2022-12-27T02:27:04.9318420Z   third_party/boringssl/include/openssl/base.h:252:30: note: previous definition is here
2022-12-27T02:27:04.9319690Z   typedef struct env_md_ctx_st EVP_MD_CTX;
2022-12-27T02:27:04.9321120Z                                ^
2022-12-27T02:27:04.9322420Z   In file included from src/boringssl/err_data.c:18:
2022-12-27T02:27:04.9323950Z   In file included from /usr/local/opt/openssl@3/include/openssl/err.h:28:
2022-12-27T02:27:04.9325560Z   /usr/local/opt/openssl@3/include/openssl/types.h:107:28: warning: redefinition of typedef 'EVP_PKEY' is a C11 feature [-Wtypedef-redefinition]
2022-12-27T02:27:04.9326550Z   typedef struct evp_pkey_st EVP_PKEY;
2022-12-27T02:27:04.9327870Z                              ^
2022-12-27T02:27:04.9329330Z   third_party/boringssl/include/openssl/base.h:261:28: note: previous definition is here
2022-12-27T02:27:04.9330610Z   typedef struct evp_pkey_st EVP_PKEY;
2022-12-27T02:27:04.9331920Z                              ^
2022-12-27T02:27:04.9333330Z   In file included from src/boringssl/err_data.c:18:
2022-12-27T02:27:04.9334730Z   In file included from /usr/local/opt/openssl@3/include/openssl/err.h:28:
2022-12-27T02:27:04.9336390Z   /usr/local/opt/openssl@3/include/openssl/types.h:109:40: warning: redefinition of typedef 'EVP_PKEY_ASN1_METHOD' is a C11 feature [-Wtypedef-redefinition]
2022-12-27T02:27:04.9337580Z   typedef struct evp_pkey_asn1_method_st EVP_PKEY_ASN1_METHOD;
2022-12-27T02:27:04.9338820Z                                          ^
2022-12-27T02:27:04.9340310Z   third_party/boringssl/include/openssl/base.h:258:40: note: previous definition is here
2022-12-27T02:27:04.9341620Z   typedef struct evp_pkey_asn1_method_st EVP_PKEY_ASN1_METHOD;
2022-12-27T02:27:04.9342940Z                                          ^
2022-12-27T02:27:04.9344290Z   In file included from src/boringssl/err_data.c:18:
2022-12-27T02:27:04.9345690Z   In file included from /usr/local/opt/openssl@3/include/openssl/err.h:28:
2022-12-27T02:27:04.9347290Z   /usr/local/opt/openssl@3/include/openssl/types.h:111:35: warning: redefinition of typedef 'EVP_PKEY_METHOD' is a C11 feature [-Wtypedef-redefinition]
2022-12-27T02:27:04.9348460Z   typedef struct evp_pkey_method_st EVP_PKEY_METHOD;
2022-12-27T02:27:04.9349720Z                                     ^
2022-12-27T02:27:04.9351200Z   third_party/boringssl/include/openssl/base.h:260:35: note: previous definition is here
2022-12-27T02:27:04.9352510Z   typedef struct evp_pkey_method_st EVP_PKEY_METHOD;
2022-12-27T02:27:04.9354000Z                                     ^
2022-12-27T02:27:04.9355360Z   In file included from src/boringssl/err_data.c:18:
2022-12-27T02:27:04.9357110Z   In file included from /usr/local/opt/openssl@3/include/openssl/err.h:28:
2022-12-27T02:27:04.9358480Z   /usr/local/opt/openssl@3/include/openssl/types.h:112:32: warning: redefinition of typedef 'EVP_PKEY_CTX' is a C11 feature [-Wtypedef-redefinition]
2022-12-27T02:27:04.9359620Z   typedef struct evp_pkey_ctx_st EVP_PKEY_CTX;
2022-12-27T02:27:04.9360860Z                                  ^
2022-12-27T02:27:04.9362370Z   third_party/boringssl/include/openssl/base.h:259:32: note: previous definition is here
2022-12-27T02:27:04.9363840Z   typedef struct evp_pkey_ctx_st EVP_PKEY_CTX;
2022-12-27T02:27:04.9365350Z                                  ^
2022-12-27T02:27:04.9366700Z   In file included from src/boringssl/err_data.c:18:
2022-12-27T02:27:04.9368280Z   In file included from /usr/local/opt/openssl@3/include/openssl/err.h:28:
2022-12-27T02:27:04.9369910Z   /usr/local/opt/openssl@3/include/openssl/types.h:130:34: error: typedef redefinition with different types ('struct evp_Encode_Ctx_st' vs 'struct evp_encode_ctx_st')
2022-12-27T02:27:04.9371070Z   typedef struct evp_Encode_Ctx_st EVP_ENCODE_CTX;
2022-12-27T02:27:04.9372310Z                                    ^
2022-12-27T02:27:04.9373790Z   third_party/boringssl/include/openssl/base.h:257:34: note: previous definition is here
2022-12-27T02:27:04.9375090Z   typedef struct evp_encode_ctx_st EVP_ENCODE_CTX;
2022-12-27T02:27:04.9376480Z                                    ^
2022-12-27T02:27:04.9377810Z   In file included from src/boringssl/err_data.c:18:
2022-12-27T02:27:04.9379230Z   In file included from /usr/local/opt/openssl@3/include/openssl/err.h:28:
2022-12-27T02:27:04.9381050Z   /usr/local/opt/openssl@3/include/openssl/types.h:132:28: warning: redefinition of typedef 'HMAC_CTX' is a C11 feature [-Wtypedef-redefinition]
2022-12-27T02:27:04.9381990Z   typedef struct hmac_ctx_st HMAC_CTX;
2022-12-27T02:27:04.9383300Z                              ^
2022-12-27T02:27:04.9384770Z   third_party/boringssl/include/openssl/base.h:262:28: note: previous definition is here
2022-12-27T02:27:04.9386050Z   typedef struct hmac_ctx_st HMAC_CTX;
2022-12-27T02:27:04.9387370Z                              ^
2022-12-27T02:27:04.9388730Z   In file included from src/boringssl/err_data.c:18:
2022-12-27T02:27:04.9390130Z   In file included from /usr/local/opt/openssl@3/include/openssl/err.h:28:
2022-12-27T02:27:04.9391760Z   /usr/local/opt/openssl@3/include/openssl/types.h:134:22: warning: redefinition of typedef 'DH' is a C11 feature [-Wtypedef-redefinition]
2022-12-27T02:27:04.9392840Z   typedef struct dh_st DH;
2022-12-27T02:27:04.9394130Z                        ^
2022-12-27T02:27:04.9395600Z   third_party/boringssl/include/openssl/base.h:244:22: note: previous definition is here
2022-12-27T02:27:04.9396950Z   typedef struct dh_st DH;
2022-12-27T02:27:04.9398280Z                        ^
2022-12-27T02:27:04.9399670Z   In file included from src/boringssl/err_data.c:18:
2022-12-27T02:27:04.9401030Z   In file included from /usr/local/opt/openssl@3/include/openssl/err.h:28:
2022-12-27T02:27:04.9402630Z   /usr/local/opt/openssl@3/include/openssl/types.h:138:23: warning: redefinition of typedef 'DSA' is a C11 feature [-Wtypedef-redefinition]
2022-12-27T02:27:04.9403750Z   typedef struct dsa_st DSA;
2022-12-27T02:27:04.9405020Z                         ^
2022-12-27T02:27:04.9406470Z   third_party/boringssl/include/openssl/base.h:245:23: note: previous definition is here
2022-12-27T02:27:04.9407760Z   typedef struct dsa_st DSA;
2022-12-27T02:27:04.9409160Z                         ^
2022-12-27T02:27:04.9410590Z   In file included from src/boringssl/err_data.c:18:
2022-12-27T02:27:04.9411980Z   In file included from /usr/local/opt/openssl@3/include/openssl/err.h:28:
2022-12-27T02:27:04.9413570Z   /usr/local/opt/openssl@3/include/openssl/types.h:143:23: warning: redefinition of typedef 'RSA' is a C11 feature [-Wtypedef-redefinition]
2022-12-27T02:27:04.9414720Z   typedef struct rsa_st RSA;
2022-12-27T02:27:04.9416110Z                         ^
2022-12-27T02:27:04.9417720Z   third_party/boringssl/include/openssl/base.h:272:23: note: previous definition is here
2022-12-27T02:27:04.9419080Z   typedef struct rsa_st RSA;
2022-12-27T02:27:04.9420490Z                         ^
2022-12-27T02:27:04.9421970Z   In file included from src/boringssl/err_data.c:18:
2022-12-27T02:27:04.9423430Z   In file included from /usr/local/opt/openssl@3/include/openssl/err.h:28:
2022-12-27T02:27:04.9425050Z   /usr/local/opt/openssl@3/include/openssl/types.h:144:28: warning: redefinition of typedef 'RSA_METHOD' is a C11 feature [-Wtypedef-redefinition]
2022-12-27T02:27:04.9426220Z   typedef struct rsa_meth_st RSA_METHOD;
2022-12-27T02:27:04.9427520Z                              ^
2022-12-27T02:27:04.9428980Z   third_party/boringssl/include/openssl/base.h:271:28: note: previous definition is here
2022-12-27T02:27:04.9430290Z   typedef struct rsa_meth_st RSA_METHOD;
2022-12-27T02:27:04.9431600Z                              ^
2022-12-27T02:27:04.9432980Z   In file included from src/boringssl/err_data.c:18:
2022-12-27T02:27:04.9434360Z   In file included from /usr/local/opt/openssl@3/include/openssl/err.h:28:
2022-12-27T02:27:04.9435960Z   /usr/local/opt/openssl@3/include/openssl/types.h:149:26: warning: redefinition of typedef 'EC_KEY' is a C11 feature [-Wtypedef-redefinition]
2022-12-27T02:27:04.9437160Z   typedef struct ec_key_st EC_KEY;
2022-12-27T02:27:04.9438450Z                            ^
2022-12-27T02:27:04.9439920Z   third_party/boringssl/include/openssl/base.h:247:26: note: previous definition is here
2022-12-27T02:27:04.9441200Z   typedef struct ec_key_st EC_KEY;
2022-12-27T02:27:04.9442530Z                            ^
2022-12-27T02:27:04.9443890Z   In file included from src/boringssl/err_data.c:18:
2022-12-27T02:27:04.9445320Z   In file included from /usr/local/opt/openssl@3/include/openssl/err.h:28:
2022-12-27T02:27:04.9446940Z   /usr/local/opt/openssl@3/include/openssl/types.h:153:29: warning: redefinition of typedef 'RAND_METHOD' is a C11 feature [-Wtypedef-redefinition]
2022-12-27T02:27:04.9448010Z   typedef struct rand_meth_st RAND_METHOD;
2022-12-27T02:27:04.9449360Z                               ^
2022-12-27T02:27:04.9450830Z   third_party/boringssl/include/openssl/base.h:269:29: note: previous definition is here
2022-12-27T02:27:04.9452090Z   typedef struct rand_meth_st RAND_METHOD;
2022-12-27T02:27:04.9453520Z                               ^
2022-12-27T02:27:04.9454900Z   In file included from src/boringssl/err_data.c:18:
2022-12-27T02:27:04.9456390Z   In file included from /usr/local/opt/openssl@3/include/openssl/err.h:28:
2022-12-27T02:27:04.9458010Z   /usr/local/opt/openssl@3/include/openssl/types.h:157:24: warning: redefinition of typedef 'X509' is a C11 feature [-Wtypedef-redefinition]
2022-12-27T02:27:04.9459110Z   typedef struct x509_st X509;
2022-12-27T02:27:04.9460390Z                          ^
2022-12-27T02:27:04.9461840Z   third_party/boringssl/include/openssl/base.h:293:24: note: previous definition is here
2022-12-27T02:27:04.9463110Z   typedef struct x509_st X509;
2022-12-27T02:27:04.9464420Z                          ^
2022-12-27T02:27:04.9465790Z   In file included from src/boringssl/err_data.c:18:
2022-12-27T02:27:04.9467170Z   In file included from /usr/local/opt/openssl@3/include/openssl/err.h:28:
2022-12-27T02:27:04.9468780Z   /usr/local/opt/openssl@3/include/openssl/types.h:158:30: warning: redefinition of typedef 'X509_ALGOR' is a C11 feature [-Wtypedef-redefinition]
2022-12-27T02:27:04.9470000Z   typedef struct X509_algor_st X509_ALGOR;
2022-12-27T02:27:04.9471710Z                                ^
2022-12-27T02:27:04.9473150Z   third_party/boringssl/include/openssl/base.h:219:30: note: previous definition is here
2022-12-27T02:27:04.9474630Z   typedef struct X509_algor_st X509_ALGOR;
2022-12-27T02:27:04.9475950Z                                ^
2022-12-27T02:27:04.9477410Z   In file included from src/boringssl/err_data.c:18:
2022-12-27T02:27:04.9478730Z   In file included from /usr/local/opt/openssl@3/include/openssl/err.h:28:
2022-12-27T02:27:04.9480600Z   /usr/local/opt/openssl@3/include/openssl/types.h:159:28: warning: redefinition of typedef 'X509_CRL' is a C11 feature [-Wtypedef-redefinition]
2022-12-27T02:27:04.9481390Z   typedef struct X509_crl_st X509_CRL;
2022-12-27T02:27:04.9482780Z                              ^
2022-12-27T02:27:04.9484190Z   third_party/boringssl/include/openssl/base.h:221:28: note: previous definition is here
2022-12-27T02:27:04.9485520Z   typedef struct X509_crl_st X509_CRL;
2022-12-27T02:27:04.9486770Z                              ^
2022-12-27T02:27:04.9488190Z   In file included from src/boringssl/err_data.c:18:
2022-12-27T02:27:04.9489510Z   In file included from /usr/local/opt/openssl@3/include/openssl/err.h:28:
2022-12-27T02:27:04.9491180Z   /usr/local/opt/openssl@3/include/openssl/types.h:160:35: warning: redefinition of typedef 'X509_CRL_METHOD' is a C11 feature [-Wtypedef-redefinition]
2022-12-27T02:27:04.9492260Z   typedef struct x509_crl_method_st X509_CRL_METHOD;
2022-12-27T02:27:04.9493560Z                                     ^
2022-12-27T02:27:04.9494980Z   third_party/boringssl/include/openssl/base.h:290:35: note: previous definition is here
2022-12-27T02:27:04.9496450Z   typedef struct x509_crl_method_st X509_CRL_METHOD;
2022-12-27T02:27:04.9497730Z                                     ^
2022-12-27T02:27:04.9499160Z   In file included from src/boringssl/err_data.c:18:
2022-12-27T02:27:04.9500500Z   In file included from /usr/local/opt/openssl@3/include/openssl/err.h:28:
2022-12-27T02:27:04.9502170Z   /usr/local/opt/openssl@3/include/openssl/types.h:161:32: warning: redefinition of typedef 'X509_REVOKED' is a C11 feature [-Wtypedef-redefinition]
2022-12-27T02:27:04.9503250Z   typedef struct x509_revoked_st X509_REVOKED;
2022-12-27T02:27:04.9504580Z                                  ^
2022-12-27T02:27:04.9505990Z   third_party/boringssl/include/openssl/base.h:292:32: note: previous definition is here
2022-12-27T02:27:04.9507360Z   typedef struct x509_revoked_st X509_REVOKED;
2022-12-27T02:27:04.9508580Z                                  ^
2022-12-27T02:27:04.9510020Z   In file included from src/boringssl/err_data.c:18:
2022-12-27T02:27:04.9511350Z   In file included from /usr/local/opt/openssl@3/include/openssl/err.h:28:
2022-12-27T02:27:04.9512990Z   /usr/local/opt/openssl@3/include/openssl/types.h:162:29: warning: redefinition of typedef 'X509_NAME' is a C11 feature [-Wtypedef-redefinition]
2022-12-27T02:27:04.9514090Z   typedef struct X509_name_st X509_NAME;
2022-12-27T02:27:04.9515410Z                               ^
2022-12-27T02:27:04.9516940Z   third_party/boringssl/include/openssl/base.h:225:29: note: previous definition is here
2022-12-27T02:27:04.9518230Z   typedef struct X509_name_st X509_NAME;
2022-12-27T02:27:04.9519530Z                               ^
2022-12-27T02:27:04.9520910Z   In file included from src/boringssl/err_data.c:18:
2022-12-27T02:27:04.9522290Z   In file included from /usr/local/opt/openssl@3/include/openssl/err.h:28:
2022-12-27T02:27:04.9523890Z   /usr/local/opt/openssl@3/include/openssl/types.h:163:31: warning: redefinition of typedef 'X509_PUBKEY' is a C11 feature [-Wtypedef-redefinition]
2022-12-27T02:27:04.9525060Z   typedef struct X509_pubkey_st X509_PUBKEY;
2022-12-27T02:27:04.9526330Z                                 ^
2022-12-27T02:27:04.9527970Z   third_party/boringssl/include/openssl/base.h:227:31: note: previous definition is here
2022-12-27T02:27:04.9529300Z   typedef struct X509_pubkey_st X509_PUBKEY;
2022-12-27T02:27:04.9530620Z                                 ^
2022-12-27T02:27:04.9532070Z   In file included from src/boringssl/err_data.c:18:
2022-12-27T02:27:04.9533490Z   In file included from /usr/local/opt/openssl@3/include/openssl/err.h:28:
2022-12-27T02:27:04.9535050Z   /usr/local/opt/openssl@3/include/openssl/types.h:164:30: warning: redefinition of typedef 'X509_STORE' is a C11 feature [-Wtypedef-redefinition]
2022-12-27T02:27:04.9536310Z   typedef struct x509_store_st X509_STORE;
2022-12-27T02:27:04.9537590Z                                ^
2022-12-27T02:27:04.9539180Z   third_party/boringssl/include/openssl/base.h:295:30: note: previous definition is here
2022-12-27T02:27:04.9540370Z   typedef struct x509_store_st X509_STORE;
2022-12-27T02:27:04.9541690Z                                ^
2022-12-27T02:27:04.9543020Z   In file included from src/boringssl/err_data.c:18:
2022-12-27T02:27:04.9544430Z   In file included from /usr/local/opt/openssl@3/include/openssl/err.h:28:
2022-12-27T02:27:04.9546000Z   /usr/local/opt/openssl@3/include/openssl/types.h:165:34: warning: redefinition of typedef 'X509_STORE_CTX' is a C11 feature [-Wtypedef-redefinition]
2022-12-27T02:27:04.9547160Z   typedef struct x509_store_ctx_st X509_STORE_CTX;
2022-12-27T02:27:04.9548510Z                                    ^
2022-12-27T02:27:04.9550020Z   third_party/boringssl/include/openssl/base.h:294:34: note: previous definition is here
2022-12-27T02:27:04.9551440Z   typedef struct x509_store_ctx_st X509_STORE_CTX;
2022-12-27T02:27:04.9552650Z                                    ^
2022-12-27T02:27:04.9554140Z   In file included from src/boringssl/err_data.c:18:
2022-12-27T02:27:04.9555520Z   In file included from /usr/local/opt/openssl@3/include/openssl/err.h:28:
2022-12-27T02:27:04.9557430Z   /usr/local/opt/openssl@3/include/openssl/types.h:168:31: warning: redefinition of typedef 'X509_LOOKUP' is a C11 feature [-Wtypedef-redefinition]
2022-12-27T02:27:04.9558390Z   typedef struct x509_lookup_st X509_LOOKUP;
2022-12-27T02:27:04.9559690Z                                 ^
2022-12-27T02:27:04.9561120Z   third_party/boringssl/include/openssl/base.h:291:31: note: previous definition is here
2022-12-27T02:27:04.9562410Z   typedef struct x509_lookup_st X509_LOOKUP;
2022-12-27T02:27:04.9563690Z                                 ^
2022-12-27T02:27:04.9565060Z   In file included from src/boringssl/err_data.c:18:
2022-12-27T02:27:04.9566440Z   In file included from /usr/local/opt/openssl@3/include/openssl/err.h:28:
2022-12-27T02:27:04.9568120Z   /usr/local/opt/openssl@3/include/openssl/types.h:170:37: warning: redefinition of typedef 'X509_VERIFY_PARAM' is a C11 feature [-Wtypedef-redefinition]
2022-12-27T02:27:04.9569200Z   typedef struct X509_VERIFY_PARAM_st X509_VERIFY_PARAM;
2022-12-27T02:27:04.9570480Z                                       ^
2022-12-27T02:27:04.9571920Z   third_party/boringssl/include/openssl/base.h:218:37: note: previous definition is here
2022-12-27T02:27:04.9573470Z   typedef struct X509_VERIFY_PARAM_st X509_VERIFY_PARAM;
2022-12-27T02:27:04.9587740Z                                       ^
2022-12-27T02:27:04.9588000Z   In file included from src/boringssl/err_data.c:18:
2022-12-27T02:27:04.9588340Z   In file included from /usr/local/opt/openssl@3/include/openssl/err.h:28:
2022-12-27T02:27:04.9589030Z   /usr/local/opt/openssl@3/include/openssl/types.h:174:39: warning: redefinition of typedef 'PKCS8_PRIV_KEY_INFO' is a C11 feature [-Wtypedef-redefinition]
2022-12-27T02:27:04.9589460Z   typedef struct pkcs8_priv_key_info_st PKCS8_PRIV_KEY_INFO;
2022-12-27T02:27:04.9589730Z                                         ^
2022-12-27T02:27:04.9590050Z   third_party/boringssl/include/openssl/base.h:267:39: note: previous definition is here
2022-12-27T02:27:04.9590390Z   typedef struct pkcs8_priv_key_info_st PKCS8_PRIV_KEY_INFO;
2022-12-27T02:27:04.9590650Z                                         ^
2022-12-27T02:27:04.9590900Z   In file included from src/boringssl/err_data.c:18:
2022-12-27T02:27:04.9591220Z   In file included from /usr/local/opt/openssl@3/include/openssl/err.h:28:
2022-12-27T02:27:04.9591820Z   /usr/local/opt/openssl@3/include/openssl/types.h:176:27: warning: redefinition of typedef 'X509V3_CTX' is a C11 feature [-Wtypedef-redefinition]
2022-12-27T02:27:04.9592200Z   typedef struct v3_ext_ctx X509V3_CTX;
2022-12-27T02:27:04.9593610Z                             ^
2022-12-27T02:27:04.9596060Z   third_party/boringssl/include/openssl/base.h:285:27: note: previous definition is here
2022-12-27T02:27:04.9597560Z   typedef struct v3_ext_ctx X509V3_CTX;
2022-12-27T02:27:04.9598830Z                             ^
2022-12-27T02:27:04.9600430Z   In file included from src/boringssl/err_data.c:18:
2022-12-27T02:27:04.9601620Z   In file included from /usr/local/opt/openssl@3/include/openssl/err.h:28:
2022-12-27T02:27:04.9603350Z   /usr/local/opt/openssl@3/include/openssl/types.h:177:24: warning: redefinition of typedef 'CONF' is a C11 feature [-Wtypedef-redefinition]
2022-12-27T02:27:04.9604210Z   typedef struct conf_st CONF;
2022-12-27T02:27:04.9605580Z                          ^
2022-12-27T02:27:04.9607060Z   third_party/boringssl/include/openssl/base.h:242:24: note: previous definition is here
2022-12-27T02:27:04.9608270Z   typedef struct conf_st CONF;
2022-12-27T02:27:04.9609570Z                          ^
2022-12-27T02:27:04.9610960Z   In file included from src/boringssl/err_data.c:18:
2022-12-27T02:27:04.9612330Z   In file included from /usr/local/opt/openssl@3/include/openssl/err.h:28:
2022-12-27T02:27:04.9613930Z   /usr/local/opt/openssl@3/include/openssl/types.h:183:26: warning: redefinition of typedef 'ENGINE' is a C11 feature [-Wtypedef-redefinition]
2022-12-27T02:27:04.9615080Z   typedef struct engine_st ENGINE;
2022-12-27T02:27:04.9616430Z                            ^
2022-12-27T02:27:04.9617880Z   third_party/boringssl/include/openssl/base.h:251:26: note: previous definition is here
2022-12-27T02:27:04.9619160Z   typedef struct engine_st ENGINE;
2022-12-27T02:27:04.9620460Z                            ^
2022-12-27T02:27:04.9621850Z   In file included from src/boringssl/err_data.c:18:
2022-12-27T02:27:04.9623210Z   In file included from /usr/local/opt/openssl@3/include/openssl/err.h:28:
2022-12-27T02:27:04.9624790Z   /usr/local/opt/openssl@3/include/openssl/types.h:184:23: warning: redefinition of typedef 'SSL' is a C11 feature [-Wtypedef-redefinition]
2022-12-27T02:27:04.9625960Z   typedef struct ssl_st SSL;
2022-12-27T02:27:04.9627250Z                         ^
2022-12-27T02:27:04.9628690Z   third_party/boringssl/include/openssl/base.h:283:23: note: previous definition is here
2022-12-27T02:27:04.9630000Z   typedef struct ssl_st SSL;
2022-12-27T02:27:04.9631300Z                         ^
2022-12-27T02:27:04.9632660Z   In file included from src/boringssl/err_data.c:18:
2022-12-27T02:27:04.9634170Z   In file included from /usr/local/opt/openssl@3/include/openssl/err.h:28:
2022-12-27T02:27:04.9635820Z   /usr/local/opt/openssl@3/include/openssl/types.h:185:27: warning: redefinition of typedef 'SSL_CTX' is a C11 feature [-Wtypedef-redefinition]
2022-12-27T02:27:04.9637040Z   typedef struct ssl_ctx_st SSL_CTX;
2022-12-27T02:27:04.9638330Z                             ^
2022-12-27T02:27:04.9639760Z   third_party/boringssl/include/openssl/base.h:279:27: note: previous definition is here
2022-12-27T02:27:04.9641070Z   typedef struct ssl_ctx_st SSL_CTX;
2022-12-27T02:27:04.9642360Z                             ^
2022-12-27T02:27:04.9643810Z   In file included from src/boringssl/err_data.c:18:
2022-12-27T02:27:04.9645190Z   In file included from /usr/local/opt/openssl@3/include/openssl/err.h:28:
2022-12-27T02:27:04.9646810Z   /usr/local/opt/openssl@3/include/openssl/types.h:190:36: warning: redefinition of typedef 'X509_POLICY_NODE' is a C11 feature [-Wtypedef-redefinition]
2022-12-27T02:27:04.9648010Z   typedef struct X509_POLICY_NODE_st X509_POLICY_NODE;
2022-12-27T02:27:04.9649300Z                                      ^
2022-12-27T02:27:04.9650740Z   third_party/boringssl/include/openssl/base.h:216:36: note: previous definition is here
2022-12-27T02:27:04.9652080Z   typedef struct X509_POLICY_NODE_st X509_POLICY_NODE;
2022-12-27T02:27:04.9653500Z                                      ^
2022-12-27T02:27:04.9654920Z   In file included from src/boringssl/err_data.c:18:
2022-12-27T02:27:04.9656360Z   In file included from /usr/local/opt/openssl@3/include/openssl/err.h:28:
2022-12-27T02:27:04.9658010Z   /usr/local/opt/openssl@3/include/openssl/types.h:191:37: warning: redefinition of typedef 'X509_POLICY_LEVEL' is a C11 feature [-Wtypedef-redefinition]
2022-12-27T02:27:04.9659180Z   typedef struct X509_POLICY_LEVEL_st X509_POLICY_LEVEL;
2022-12-27T02:27:04.9660520Z                                       ^
2022-12-27T02:27:04.9662090Z   third_party/boringssl/include/openssl/base.h:215:37: note: previous definition is here
2022-12-27T02:27:04.9663340Z   typedef struct X509_POLICY_LEVEL_st X509_POLICY_LEVEL;
2022-12-27T02:27:04.9664620Z                                       ^
2022-12-27T02:27:04.9666000Z   In file included from src/boringssl/err_data.c:18:
2022-12-27T02:27:04.9667370Z   In file included from /usr/local/opt/openssl@3/include/openssl/err.h:28:
2022-12-27T02:27:04.9668990Z   /usr/local/opt/openssl@3/include/openssl/types.h:192:36: warning: redefinition of typedef 'X509_POLICY_TREE' is a C11 feature [-Wtypedef-redefinition]
2022-12-27T02:27:04.9670160Z   typedef struct X509_POLICY_TREE_st X509_POLICY_TREE;
2022-12-27T02:27:04.9671470Z                                      ^
2022-12-27T02:27:04.9672920Z   third_party/boringssl/include/openssl/base.h:217:36: note: previous definition is here
2022-12-27T02:27:04.9674270Z   typedef struct X509_POLICY_TREE_st X509_POLICY_TREE;
2022-12-27T02:27:04.9675580Z                                      ^
2022-12-27T02:27:04.9677040Z   In file included from src/boringssl/err_data.c:18:
2022-12-27T02:27:04.9678430Z   In file included from /usr/local/opt/openssl@3/include/openssl/err.h:28:
2022-12-27T02:27:04.9680050Z   /usr/local/opt/openssl@3/include/openssl/types.h:193:37: warning: redefinition of typedef 'X509_POLICY_CACHE' is a C11 feature [-Wtypedef-redefinition]
2022-12-27T02:27:04.9681210Z   typedef struct X509_POLICY_CACHE_st X509_POLICY_CACHE;
2022-12-27T02:27:04.9682500Z                                       ^
2022-12-27T02:27:04.9684230Z   third_party/boringssl/include/openssl/base.h:214:37: note: previous definition is here
2022-12-27T02:27:04.9685710Z   typedef struct X509_POLICY_CACHE_st X509_POLICY_CACHE;
2022-12-27T02:27:04.9687120Z                                       ^
2022-12-27T02:27:04.9688660Z   In file included from src/boringssl/err_data.c:18:
2022-12-27T02:27:04.9689980Z   In file included from /usr/local/opt/openssl@3/include/openssl/err.h:28:
2022-12-27T02:27:04.9691820Z   /usr/local/opt/openssl@3/include/openssl/types.h:195:35: warning: redefinition of typedef 'AUTHORITY_KEYID' is a C11 feature [-Wtypedef-redefinition]
2022-12-27T02:27:04.9692870Z   typedef struct AUTHORITY_KEYID_st AUTHORITY_KEYID;
2022-12-27T02:27:04.9694180Z                                     ^
2022-12-27T02:27:04.9695870Z   third_party/boringssl/include/openssl/base.h:201:35: note: previous definition is here
2022-12-27T02:27:04.9697250Z   typedef struct AUTHORITY_KEYID_st AUTHORITY_KEYID;
2022-12-27T02:27:04.9698530Z                                     ^
2022-12-27T02:27:04.9699920Z   In file included from src/boringssl/err_data.c:18:
2022-12-27T02:27:04.9701310Z   In file included from /usr/local/opt/openssl@3/include/openssl/err.h:28:
2022-12-27T02:27:04.9702980Z   /usr/local/opt/openssl@3/include/openssl/types.h:196:30: warning: redefinition of typedef 'DIST_POINT' is a C11 feature [-Wtypedef-redefinition]
2022-12-27T02:27:04.9704170Z   typedef struct DIST_POINT_st DIST_POINT;
2022-12-27T02:27:04.9705420Z                                ^
2022-12-27T02:27:04.9706850Z   third_party/boringssl/include/openssl/base.h:203:30: note: previous definition is here
2022-12-27T02:27:04.9708190Z   typedef struct DIST_POINT_st DIST_POINT;
2022-12-27T02:27:04.9709650Z                                ^
2022-12-27T02:27:04.9710850Z   In file included from src/boringssl/err_data.c:18:
2022-12-27T02:27:04.9712240Z   In file included from /usr/local/opt/openssl@3/include/openssl/err.h:28:
2022-12-27T02:27:04.9713830Z   /usr/local/opt/openssl@3/include/openssl/types.h:197:38: warning: redefinition of typedef 'ISSUING_DIST_POINT' is a C11 feature [-Wtypedef-redefinition]
2022-12-27T02:27:04.9714950Z   typedef struct ISSUING_DIST_POINT_st ISSUING_DIST_POINT;
2022-12-27T02:27:04.9716260Z                                        ^
2022-12-27T02:27:04.9717720Z   third_party/boringssl/include/openssl/base.h:205:38: note: previous definition is here
2022-12-27T02:27:04.9719190Z   typedef struct ISSUING_DIST_POINT_st ISSUING_DIST_POINT;
2022-12-27T02:27:04.9720340Z                                        ^
2022-12-27T02:27:04.9721700Z   In file included from src/boringssl/err_data.c:18:
2022-12-27T02:27:04.9723060Z   In file included from /usr/local/opt/openssl@3/include/openssl/err.h:28:
2022-12-27T02:27:04.9724800Z   /usr/local/opt/openssl@3/include/openssl/types.h:198:36: warning: redefinition of typedef 'NAME_CONSTRAINTS' is a C11 feature [-Wtypedef-redefinition]
2022-12-27T02:27:04.9725940Z   typedef struct NAME_CONSTRAINTS_st NAME_CONSTRAINTS;
2022-12-27T02:27:04.9727220Z                                      ^
2022-12-27T02:27:04.9728690Z   third_party/boringssl/include/openssl/base.h:206:36: note: previous definition is here
2022-12-27T02:27:04.9730000Z   typedef struct NAME_CONSTRAINTS_st NAME_CONSTRAINTS;
2022-12-27T02:27:04.9731280Z                                      ^
2022-12-27T02:27:04.9732700Z   In file included from src/boringssl/err_data.c:18:
2022-12-27T02:27:04.9734090Z   In file included from /usr/local/opt/openssl@3/include/openssl/err.h:29:
2022-12-27T02:27:04.9735460Z   In file included from /usr/local/opt/openssl@3/include/openssl/bio.h:30:
2022-12-27T02:27:04.9737160Z   /usr/local/opt/openssl@3/include/openssl/crypto.h:308:3: error: typedef redefinition with different types ('struct crypto_threadid_st' vs 'int')
2022-12-27T02:27:04.9738270Z   } CRYPTO_THREADID;
2022-12-27T02:27:04.9739660Z     ^
2022-12-27T02:27:04.9741260Z   third_party/boringssl/include/openssl/base.h:176:13: note: previous definition is here
2022-12-27T02:27:04.9742630Z   typedef int CRYPTO_THREADID;
2022-12-27T02:27:04.9743900Z               ^
2022-12-27T02:27:04.9745340Z   In file included from src/boringssl/err_data.c:18:
2022-12-27T02:27:04.9746670Z   In file included from /usr/local/opt/openssl@3/include/openssl/err.h:29:
2022-12-27T02:27:04.9748360Z   /usr/local/opt/openssl@3/include/openssl/bio.h:296:30: warning: redefinition of typedef 'BIO_METHOD' is a C11 feature [-Wtypedef-redefinition]
2022-12-27T02:27:04.9749440Z   typedef struct bio_method_st BIO_METHOD;
2022-12-27T02:27:04.9750760Z                                ^
2022-12-27T02:27:04.9752160Z   third_party/boringssl/include/openssl/base.h:234:30: note: previous definition is here
2022-12-27T02:27:04.9753640Z   typedef struct bio_method_st BIO_METHOD;
2022-12-27T02:27:04.9754890Z                                ^
2022-12-27T02:27:04.9756800Z   src/boringssl/err_data.c:33:1: error: 'OPENSSL_COMPILE_ASSERT_library_values_changed_12' declared as an array with a negative size
2022-12-27T02:27:04.9757800Z   OPENSSL_COMPILE_ASSERT(ERR_LIB_ASN1 == 12, library_values_changed_12);
2022-12-27T02:27:04.9759140Z   ^~~~~~~~~~~~~~~~~~~~~~~~~~~~~~~~~~~~~~~~~~~~~~~~~~~~~~~~~~~~~~~~~~~~~
2022-12-27T02:27:04.9760980Z   third_party/boringssl/include/openssl/type_check.h:83:45: note: expanded from macro 'OPENSSL_COMPILE_ASSERT'
2022-12-27T02:27:04.9761980Z     typedef char OPENSSL_COMPILE_ASSERT_##msg[((cond) ? 1 : -1)]
2022-12-27T02:27:04.9763210Z                                               ^~~~~~~~~~~~~~~~~
2022-12-27T02:27:04.9764840Z   src/boringssl/err_data.c:34:1: error: 'OPENSSL_COMPILE_ASSERT_library_values_changed_13' declared as an array with a negative size
2022-12-27T02:27:04.9766030Z   OPENSSL_COMPILE_ASSERT(ERR_LIB_CONF == 13, library_values_changed_13);
2022-12-27T02:27:04.9767320Z   ^~~~~~~~~~~~~~~~~~~~~~~~~~~~~~~~~~~~~~~~~~~~~~~~~~~~~~~~~~~~~~~~~~~~~
2022-12-27T02:27:04.9768910Z   third_party/boringssl/include/openssl/type_check.h:83:45: note: expanded from macro 'OPENSSL_COMPILE_ASSERT'
2022-12-27T02:27:04.9770190Z     typedef char OPENSSL_COMPILE_ASSERT_##msg[((cond) ? 1 : -1)]
2022-12-27T02:27:04.9771410Z                                               ^~~~~~~~~~~~~~~~~
2022-12-27T02:27:04.9773030Z   src/boringssl/err_data.c:35:1: error: 'OPENSSL_COMPILE_ASSERT_library_values_changed_14' declared as an array with a negative size
2022-12-27T02:27:04.9774240Z   OPENSSL_COMPILE_ASSERT(ERR_LIB_CRYPTO == 14, library_values_changed_14);
2022-12-27T02:27:04.9775670Z   ^~~~~~~~~~~~~~~~~~~~~~~~~~~~~~~~~~~~~~~~~~~~~~~~~~~~~~~~~~~~~~~~~~~~~~~
2022-12-27T02:27:04.9777250Z   third_party/boringssl/include/openssl/type_check.h:83:45: note: expanded from macro 'OPENSSL_COMPILE_ASSERT'
2022-12-27T02:27:04.9778550Z     typedef char OPENSSL_COMPILE_ASSERT_##msg[((cond) ? 1 : -1)]
2022-12-27T02:27:04.9779720Z                                               ^~~~~~~~~~~~~~~~~
2022-12-27T02:27:04.9781340Z   src/boringssl/err_data.c:36:1: error: 'OPENSSL_COMPILE_ASSERT_library_values_changed_15' declared as an array with a negative size
2022-12-27T02:27:04.9782510Z   OPENSSL_COMPILE_ASSERT(ERR_LIB_EC == 15, library_values_changed_15);
2022-12-27T02:27:04.9783820Z   ^~~~~~~~~~~~~~~~~~~~~~~~~~~~~~~~~~~~~~~~~~~~~~~~~~~~~~~~~~~~~~~~~~~
2022-12-27T02:27:04.9785350Z   third_party/boringssl/include/openssl/type_check.h:83:45: note: expanded from macro 'OPENSSL_COMPILE_ASSERT'
2022-12-27T02:27:04.9786690Z     typedef char OPENSSL_COMPILE_ASSERT_##msg[((cond) ? 1 : -1)]
2022-12-27T02:27:04.9787870Z                                               ^~~~~~~~~~~~~~~~~
2022-12-27T02:27:04.9789500Z   src/boringssl/err_data.c:37:1: error: 'OPENSSL_COMPILE_ASSERT_library_values_changed_16' declared as an array with a negative size
2022-12-27T02:27:04.9790920Z   OPENSSL_COMPILE_ASSERT(ERR_LIB_SSL == 16, library_values_changed_16);
2022-12-27T02:27:04.9792240Z   ^~~~~~~~~~~~~~~~~~~~~~~~~~~~~~~~~~~~~~~~~~~~~~~~~~~~~~~~~~~~~~~~~~~~
2022-12-27T02:27:04.9793780Z   third_party/boringssl/include/openssl/type_check.h:83:45: note: expanded from macro 'OPENSSL_COMPILE_ASSERT'
2022-12-27T02:27:04.9795280Z     typedef char OPENSSL_COMPILE_ASSERT_##msg[((cond) ? 1 : -1)]
2022-12-27T02:27:04.9796570Z                                               ^~~~~~~~~~~~~~~~~
2022-12-27T02:27:04.9798160Z   src/boringssl/err_data.c:38:1: error: 'OPENSSL_COMPILE_ASSERT_library_values_changed_17' declared as an array with a negative size
2022-12-27T02:27:04.9799400Z   OPENSSL_COMPILE_ASSERT(ERR_LIB_BIO == 17, library_values_changed_17);
2022-12-27T02:27:04.9800670Z   ^~~~~~~~~~~~~~~~~~~~~~~~~~~~~~~~~~~~~~~~~~~~~~~~~~~~~~~~~~~~~~~~~~~~
2022-12-27T02:27:04.9802240Z   third_party/boringssl/include/openssl/type_check.h:83:45: note: expanded from macro 'OPENSSL_COMPILE_ASSERT'
2022-12-27T02:27:04.9803530Z     typedef char OPENSSL_COMPILE_ASSERT_##msg[((cond) ? 1 : -1)]
2022-12-27T02:27:04.9804750Z                                               ^~~~~~~~~~~~~~~~~
2022-12-27T02:27:04.9806320Z   src/boringssl/err_data.c:39:1: error: 'OPENSSL_COMPILE_ASSERT_library_values_changed_18' declared as an array with a negative size
2022-12-27T02:27:04.9807550Z   OPENSSL_COMPILE_ASSERT(ERR_LIB_PKCS7 == 18, library_values_changed_18);
2022-12-27T02:27:04.9808820Z   ^~~~~~~~~~~~~~~~~~~~~~~~~~~~~~~~~~~~~~~~~~~~~~~~~~~~~~~~~~~~~~~~~~~~~~
2022-12-27T02:27:04.9810380Z   third_party/boringssl/include/openssl/type_check.h:83:45: note: expanded from macro 'OPENSSL_COMPILE_ASSERT'
2022-12-27T02:27:04.9811680Z     typedef char OPENSSL_COMPILE_ASSERT_##msg[((cond) ? 1 : -1)]
2022-12-27T02:27:04.9812930Z                                               ^~~~~~~~~~~~~~~~~
2022-12-27T02:27:04.9814420Z   src/boringssl/err_data.c:40:24: error: use of undeclared identifier 'ERR_LIB_PKCS8'
2022-12-27T02:27:04.9815680Z   OPENSSL_COMPILE_ASSERT(ERR_LIB_PKCS8 == 19, library_values_changed_19);
2022-12-27T02:27:04.9817020Z                          ^
2022-12-27T02:27:04.9818630Z   src/boringssl/err_data.c:41:1: error: 'OPENSSL_COMPILE_ASSERT_library_values_changed_20' declared as an array with a negative size
2022-12-27T02:27:04.9819840Z   OPENSSL_COMPILE_ASSERT(ERR_LIB_X509V3 == 20, library_values_changed_20);
2022-12-27T02:27:04.9821120Z   ^~~~~~~~~~~~~~~~~~~~~~~~~~~~~~~~~~~~~~~~~~~~~~~~~~~~~~~~~~~~~~~~~~~~~~~
2022-12-27T02:27:04.9822740Z   third_party/boringssl/include/openssl/type_check.h:83:45: note: expanded from macro 'OPENSSL_COMPILE_ASSERT'
2022-12-27T02:27:04.9824050Z     typedef char OPENSSL_COMPILE_ASSERT_##msg[((cond) ? 1 : -1)]
2022-12-27T02:27:04.9825380Z                                               ^~~~~~~~~~~~~~~~~
2022-12-27T02:27:04.9826900Z   src/boringssl/err_data.c:42:1: error: 'OPENSSL_COMPILE_ASSERT_library_values_changed_21' declared as an array with a negative size
2022-12-27T02:27:04.9828100Z   OPENSSL_COMPILE_ASSERT(ERR_LIB_RAND == 21, library_values_changed_21);
2022-12-27T02:27:04.9829360Z   ^~~~~~~~~~~~~~~~~~~~~~~~~~~~~~~~~~~~~~~~~~~~~~~~~~~~~~~~~~~~~~~~~~~~~
2022-12-27T02:27:04.9830930Z   third_party/boringssl/include/openssl/type_check.h:83:45: note: expanded from macro 'OPENSSL_COMPILE_ASSERT'
2022-12-27T02:27:04.9832250Z     typedef char OPENSSL_COMPILE_ASSERT_##msg[((cond) ? 1 : -1)]
2022-12-27T02:27:04.9833480Z                                               ^~~~~~~~~~~~~~~~~
2022-12-27T02:27:04.9835050Z   src/boringssl/err_data.c:43:1: error: 'OPENSSL_COMPILE_ASSERT_library_values_changed_22' declared as an array with a negative size
2022-12-27T02:27:04.9836330Z   OPENSSL_COMPILE_ASSERT(ERR_LIB_ENGINE == 22, library_values_changed_22);
2022-12-27T02:27:04.9837610Z   ^~~~~~~~~~~~~~~~~~~~~~~~~~~~~~~~~~~~~~~~~~~~~~~~~~~~~~~~~~~~~~~~~~~~~~~
2022-12-27T02:27:04.9839170Z   third_party/boringssl/include/openssl/type_check.h:83:45: note: expanded from macro 'OPENSSL_COMPILE_ASSERT'
2022-12-27T02:27:04.9840480Z     typedef char OPENSSL_COMPILE_ASSERT_##msg[((cond) ? 1 : -1)]
2022-12-27T02:27:04.9841700Z                                               ^~~~~~~~~~~~~~~~~
2022-12-27T02:27:04.9843260Z   src/boringssl/err_data.c:44:1: error: 'OPENSSL_COMPILE_ASSERT_library_values_changed_23' declared as an array with a negative size
2022-12-27T02:27:04.9844500Z   OPENSSL_COMPILE_ASSERT(ERR_LIB_OCSP == 23, library_values_changed_23);
2022-12-27T02:27:04.9845780Z   ^~~~~~~~~~~~~~~~~~~~~~~~~~~~~~~~~~~~~~~~~~~~~~~~~~~~~~~~~~~~~~~~~~~~~
2022-12-27T02:27:04.9847390Z   third_party/boringssl/include/openssl/type_check.h:83:45: note: expanded from macro 'OPENSSL_COMPILE_ASSERT'
2022-12-27T02:27:04.9848800Z     typedef char OPENSSL_COMPILE_ASSERT_##msg[((cond) ? 1 : -1)]
2022-12-27T02:27:04.9850020Z                                               ^~~~~~~~~~~~~~~~~
2022-12-27T02:27:04.9851610Z   src/boringssl/err_data.c:45:1: error: 'OPENSSL_COMPILE_ASSERT_library_values_changed_24' declared as an array with a negative size
2022-12-27T02:27:04.9852830Z   OPENSSL_COMPILE_ASSERT(ERR_LIB_UI == 24, library_values_changed_24);
2022-12-27T02:27:04.9854240Z   ^~~~~~~~~~~~~~~~~~~~~~~~~~~~~~~~~~~~~~~~~~~~~~~~~~~~~~~~~~~~~~~~~~~
2022-12-27T02:27:04.9855820Z   third_party/boringssl/include/openssl/type_check.h:83:45: note: expanded from macro 'OPENSSL_COMPILE_ASSERT'
2022-12-27T02:27:04.9857160Z     typedef char OPENSSL_COMPILE_ASSERT_##msg[((cond) ? 1 : -1)]
2022-12-27T02:27:04.9858390Z                                               ^~~~~~~~~~~~~~~~~
2022-12-27T02:27:04.9859970Z   src/boringssl/err_data.c:46:1: error: 'OPENSSL_COMPILE_ASSERT_library_values_changed_25' declared as an array with a negative size
2022-12-27T02:27:04.9861210Z   OPENSSL_COMPILE_ASSERT(ERR_LIB_COMP == 25, library_values_changed_25);
2022-12-27T02:27:04.9862490Z   ^~~~~~~~~~~~~~~~~~~~~~~~~~~~~~~~~~~~~~~~~~~~~~~~~~~~~~~~~~~~~~~~~~~~~
2022-12-27T02:27:04.9864120Z   third_party/boringssl/include/openssl/type_check.h:83:45: note: expanded from macro 'OPENSSL_COMPILE_ASSERT'
2022-12-27T02:27:04.9865420Z     typedef char OPENSSL_COMPILE_ASSERT_##msg[((cond) ? 1 : -1)]
2022-12-27T02:27:04.9866660Z                                               ^~~~~~~~~~~~~~~~~
2022-12-27T02:27:04.9868250Z   src/boringssl/err_data.c:47:1: error: 'OPENSSL_COMPILE_ASSERT_library_values_changed_26' declared as an array with a negative size
2022-12-27T02:27:04.9869570Z   OPENSSL_COMPILE_ASSERT(ERR_LIB_ECDSA == 26, library_values_changed_26);
2022-12-27T02:27:04.9870900Z   ^~~~~~~~~~~~~~~~~~~~~~~~~~~~~~~~~~~~~~~~~~~~~~~~~~~~~~~~~~~~~~~~~~~~~~
2022-12-27T02:27:04.9872450Z   third_party/boringssl/include/openssl/type_check.h:83:45: note: expanded from macro 'OPENSSL_COMPILE_ASSERT'
2022-12-27T02:27:04.9873960Z     typedef char OPENSSL_COMPILE_ASSERT_##msg[((cond) ? 1 : -1)]
2022-12-27T02:27:04.9875230Z                                               ^~~~~~~~~~~~~~~~~
2022-12-27T02:27:04.9876720Z   fatal error: too many errors emitted, stopping now [-ferror-limit=]
2022-12-27T02:27:04.9877890Z   70 warnings and 20 errors generated.
2022-12-27T02:27:04.9879250Z   creating var
2022-12-27T02:27:04.9880570Z   creating var/folders
2022-12-27T02:27:04.9881950Z   creating var/folders/51
2022-12-27T02:27:04.9883280Z   creating var/folders/51/hd414ycd67n82196sw51xqtc0000gn
2022-12-27T02:27:04.9884610Z   creating var/folders/51/hd414ycd67n82196sw51xqtc0000gn/T
2022-12-27T02:27:04.9885970Z   creating var/folders/51/hd414ycd67n82196sw51xqtc0000gn/T/tmp3_gx02hm
2022-12-27T02:27:04.9888760Z   gcc -Wno-unused-result -Wsign-compare -Wunreachable-code -fno-common -dynamic -DNDEBUG -g -fwrapv -O3 -Wall -g -I/usr/local/opt/openssl@3/include -I/usr/local/opt/openssl@3/include -arch arm64 -I/private/var/folders/51/hd414ycd67n82196sw51xqtc0000gn/T/cibw-run-v7kv3uv8/cp38-macosx_arm64/build/venv/include -I/Library/Frameworks/Python.framework/Versions/3.8/include/python3.8 -c /var/folders/51/hd414ycd67n82196sw51xqtc0000gn/T/tmp3_gx02hm/a.c -o var/folders/51/hd414ycd67n82196sw51xqtc0000gn/T/tmp3_gx02hm/a.o
2022-12-27T02:27:04.9892890Z   Traceback (most recent call last):
2022-12-27T02:27:04.9901240Z     File "/private/var/folders/51/hd414ycd67n82196sw51xqtc0000gn/T/cibw-run-v7kv3uv8/cp38-macosx_arm64/build/venv/lib/python3.8/site-packages/setuptools/_distutils/unixccompiler.py", line 186, in _compile
2022-12-27T02:27:04.9901790Z       self.spawn(compiler_so + cc_args + [src, '-o', obj] + extra_postargs)
2022-12-27T02:27:04.9902310Z     File "/Users/runner/actions-runner/_work/python.build/python.build/build_grpcio12138/grpcio-1.2.1/src/python/grpcio/_spawn_patch.py", line 69, in _commandfile_spawn
2022-12-27T02:27:04.9902620Z       _classic_spawn(self, command)
2022-12-27T02:27:04.9903330Z     File "/private/var/folders/51/hd414ycd67n82196sw51xqtc0000gn/T/cibw-run-v7kv3uv8/cp38-macosx_arm64/build/venv/lib/python3.8/site-packages/setuptools/_distutils/ccompiler.py", line 1007, in spawn
2022-12-27T02:27:04.9903670Z       spawn(cmd, dry_run=self.dry_run, **kwargs)
2022-12-27T02:27:04.9904160Z     File "/private/var/folders/51/hd414ycd67n82196sw51xqtc0000gn/T/cibw-run-v7kv3uv8/cp38-macosx_arm64/build/venv/lib/python3.8/site-packages/setuptools/_distutils/spawn.py", line 70, in spawn
2022-12-27T02:27:04.9905080Z       raise DistutilsExecError(
2022-12-27T02:27:04.9906740Z   distutils.errors.DistutilsExecError: command '/usr/bin/gcc' failed with exit code 1
2022-12-27T02:27:04.9907730Z 
2022-12-27T02:27:04.9909230Z   During handling of the above exception, another exception occurred:
2022-12-27T02:27:04.9910370Z 
2022-12-27T02:27:04.9911820Z   Traceback (most recent call last):
2022-12-27T02:27:04.9913570Z     File "/Users/runner/actions-runner/_work/python.build/python.build/build_grpcio12138/grpcio-1.2.1/src/python/grpcio/commands.py", line 281, in build_extensions
2022-12-27T02:27:04.9914510Z       build_ext.build_ext.build_extensions(self)
2022-12-27T02:27:04.9916540Z     File "/private/var/folders/51/hd414ycd67n82196sw51xqtc0000gn/T/cibw-run-v7kv3uv8/cp38-macosx_arm64/build/venv/lib/python3.8/site-packages/Cython/Distutils/old_build_ext.py", line 195, in build_extensions
2022-12-27T02:27:04.9917410Z       _build_ext.build_ext.build_extensions(self)
2022-12-27T02:27:04.9919170Z     File "/private/var/folders/51/hd414ycd67n82196sw51xqtc0000gn/T/cibw-run-v7kv3uv8/cp38-macosx_arm64/build/venv/lib/python3.8/site-packages/setuptools/_distutils/command/build_ext.py", line 468, in build_extensions
2022-12-27T02:27:04.9920230Z       self._build_extensions_serial()
2022-12-27T02:27:04.9921940Z     File "/private/var/folders/51/hd414ycd67n82196sw51xqtc0000gn/T/cibw-run-v7kv3uv8/cp38-macosx_arm64/build/venv/lib/python3.8/site-packages/setuptools/_distutils/command/build_ext.py", line 494, in _build_extensions_serial
2022-12-27T02:27:04.9922940Z       self.build_extension(ext)
2022-12-27T02:27:04.9924980Z     File "/private/var/folders/51/hd414ycd67n82196sw51xqtc0000gn/T/cibw-run-v7kv3uv8/cp38-macosx_arm64/build/venv/lib/python3.8/site-packages/setuptools/command/build_ext.py", line 246, in build_extension
2022-12-27T02:27:04.9925730Z       _build_ext.build_extension(self, ext)
2022-12-27T02:27:04.9927570Z     File "/private/var/folders/51/hd414ycd67n82196sw51xqtc0000gn/T/cibw-run-v7kv3uv8/cp38-macosx_arm64/build/venv/lib/python3.8/site-packages/setuptools/_distutils/command/build_ext.py", line 549, in build_extension
2022-12-27T02:27:04.9928600Z       objects = self.compiler.compile(
2022-12-27T02:27:04.9930480Z     File "/private/var/folders/51/hd414ycd67n82196sw51xqtc0000gn/T/cibw-run-v7kv3uv8/cp38-macosx_arm64/build/venv/lib/python3.8/site-packages/setuptools/_distutils/ccompiler.py", line 599, in compile
2022-12-27T02:27:04.9931370Z       self._compile(obj, src, ext, cc_args, extra_postargs, pp_opts)
2022-12-27T02:27:04.9933160Z     File "/private/var/folders/51/hd414ycd67n82196sw51xqtc0000gn/T/cibw-run-v7kv3uv8/cp38-macosx_arm64/build/venv/lib/python3.8/site-packages/setuptools/_distutils/unixccompiler.py", line 188, in _compile
2022-12-27T02:27:04.9934140Z       raise CompileError(msg)
2022-12-27T02:27:04.9935880Z   distutils.errors.CompileError: command '/usr/bin/gcc' failed with exit code 1
2022-12-27T02:27:04.9936820Z 
2022-12-27T02:27:04.9938370Z   During handling of the above exception, another exception occurred:
2022-12-27T02:27:04.9939480Z 
2022-12-27T02:27:04.9940930Z   Traceback (most recent call last):
2022-12-27T02:27:04.9942250Z     File "<string>", line 2, in <module>
2022-12-27T02:27:04.9943740Z     File "<pip-setuptools-caller>", line 34, in <module>
2022-12-27T02:27:04.9945220Z     File "/Users/runner/actions-runner/_work/python.build/python.build/build_grpcio12138/grpcio-1.2.1/setup.py", line 265, in <module>
2022-12-27T02:27:04.9946370Z       setuptools.setup(
2022-12-27T02:27:04.9948060Z     File "/private/var/folders/51/hd414ycd67n82196sw51xqtc0000gn/T/cibw-run-v7kv3uv8/cp38-macosx_arm64/build/venv/lib/python3.8/site-packages/setuptools/__init__.py", line 87, in setup
2022-12-27T02:27:04.9949140Z       return distutils.core.setup(**attrs)
2022-12-27T02:27:04.9951420Z     File "/private/var/folders/51/hd414ycd67n82196sw51xqtc0000gn/T/cibw-run-v7kv3uv8/cp38-macosx_arm64/build/venv/lib/python3.8/site-packages/setuptools/_distutils/core.py", line 185, in setup
2022-12-27T02:27:04.9951940Z       return run_commands(dist)
2022-12-27T02:27:04.9953740Z     File "/private/var/folders/51/hd414ycd67n82196sw51xqtc0000gn/T/cibw-run-v7kv3uv8/cp38-macosx_arm64/build/venv/lib/python3.8/site-packages/setuptools/_distutils/core.py", line 201, in run_commands
2022-12-27T02:27:04.9954910Z       dist.run_commands()
2022-12-27T02:27:04.9956710Z     File "/private/var/folders/51/hd414ycd67n82196sw51xqtc0000gn/T/cibw-run-v7kv3uv8/cp38-macosx_arm64/build/venv/lib/python3.8/site-packages/setuptools/_distutils/dist.py", line 969, in run_commands
2022-12-27T02:27:04.9957640Z       self.run_command(cmd)
2022-12-27T02:27:04.9959460Z     File "/private/var/folders/51/hd414ycd67n82196sw51xqtc0000gn/T/cibw-run-v7kv3uv8/cp38-macosx_arm64/build/venv/lib/python3.8/site-packages/setuptools/dist.py", line 1208, in run_command
2022-12-27T02:27:04.9960420Z       super().run_command(command)
2022-12-27T02:27:04.9962200Z     File "/private/var/folders/51/hd414ycd67n82196sw51xqtc0000gn/T/cibw-run-v7kv3uv8/cp38-macosx_arm64/build/venv/lib/python3.8/site-packages/setuptools/_distutils/dist.py", line 988, in run_command
2022-12-27T02:27:04.9963150Z       cmd_obj.run()
2022-12-27T02:27:04.9964940Z     File "/private/var/folders/51/hd414ycd67n82196sw51xqtc0000gn/T/cibw-run-v7kv3uv8/cp38-macosx_arm64/build/venv/lib/python3.8/site-packages/wheel/bdist_wheel.py", line 325, in run
2022-12-27T02:27:04.9965920Z       self.run_command("build")
2022-12-27T02:27:04.9967730Z     File "/private/var/folders/51/hd414ycd67n82196sw51xqtc0000gn/T/cibw-run-v7kv3uv8/cp38-macosx_arm64/build/venv/lib/python3.8/site-packages/setuptools/_distutils/cmd.py", line 318, in run_command
2022-12-27T02:27:04.9968830Z       self.distribution.run_command(command)
2022-12-27T02:27:04.9970520Z     File "/private/var/folders/51/hd414ycd67n82196sw51xqtc0000gn/T/cibw-run-v7kv3uv8/cp38-macosx_arm64/build/venv/lib/python3.8/site-packages/setuptools/dist.py", line 1208, in run_command
2022-12-27T02:27:04.9971460Z       super().run_command(command)
2022-12-27T02:27:04.9973250Z     File "/private/var/folders/51/hd414ycd67n82196sw51xqtc0000gn/T/cibw-run-v7kv3uv8/cp38-macosx_arm64/build/venv/lib/python3.8/site-packages/setuptools/_distutils/dist.py", line 988, in run_command
2022-12-27T02:27:04.9974200Z       cmd_obj.run()
2022-12-27T02:27:04.9976060Z     File "/private/var/folders/51/hd414ycd67n82196sw51xqtc0000gn/T/cibw-run-v7kv3uv8/cp38-macosx_arm64/build/venv/lib/python3.8/site-packages/setuptools/_distutils/command/build.py", line 132, in run
2022-12-27T02:27:04.9977030Z       self.run_command(cmd_name)
2022-12-27T02:27:04.9978830Z     File "/private/var/folders/51/hd414ycd67n82196sw51xqtc0000gn/T/cibw-run-v7kv3uv8/cp38-macosx_arm64/build/venv/lib/python3.8/site-packages/setuptools/_distutils/cmd.py", line 318, in run_command
2022-12-27T02:27:04.9979830Z       self.distribution.run_command(command)
2022-12-27T02:27:04.9981590Z     File "/private/var/folders/51/hd414ycd67n82196sw51xqtc0000gn/T/cibw-run-v7kv3uv8/cp38-macosx_arm64/build/venv/lib/python3.8/site-packages/setuptools/dist.py", line 1208, in run_command
2022-12-27T02:27:04.9982710Z       super().run_command(command)
2022-12-27T02:27:04.9984440Z     File "/private/var/folders/51/hd414ycd67n82196sw51xqtc0000gn/T/cibw-run-v7kv3uv8/cp38-macosx_arm64/build/venv/lib/python3.8/site-packages/setuptools/_distutils/dist.py", line 988, in run_command
2022-12-27T02:27:04.9985370Z       cmd_obj.run()
2022-12-27T02:27:04.9987190Z     File "/private/var/folders/51/hd414ycd67n82196sw51xqtc0000gn/T/cibw-run-v7kv3uv8/cp38-macosx_arm64/build/venv/lib/python3.8/site-packages/setuptools/command/build_ext.py", line 84, in run
2022-12-27T02:27:04.9988130Z       _build_ext.run(self)
2022-12-27T02:27:04.9989940Z     File "/private/var/folders/51/hd414ycd67n82196sw51xqtc0000gn/T/cibw-run-v7kv3uv8/cp38-macosx_arm64/build/venv/lib/python3.8/site-packages/Cython/Distutils/old_build_ext.py", line 186, in run
2022-12-27T02:27:04.9990880Z       _build_ext.build_ext.run(self)
2022-12-27T02:27:04.9992790Z     File "/private/var/folders/51/hd414ycd67n82196sw51xqtc0000gn/T/cibw-run-v7kv3uv8/cp38-macosx_arm64/build/venv/lib/python3.8/site-packages/setuptools/_distutils/command/build_ext.py", line 346, in run
2022-12-27T02:27:04.9993750Z       self.build_extensions()
2022-12-27T02:27:04.9995510Z     File "/Users/runner/actions-runner/_work/python.build/python.build/build_grpcio12138/grpcio-1.2.1/src/python/grpcio/commands.py", line 285, in build_extensions
2022-12-27T02:27:04.9996560Z       raise CommandError(
2022-12-27T02:27:04.9998000Z   commands.CommandError: Failed `build_ext` step:
2022-12-27T02:27:04.9999270Z   Traceback (most recent call last):
2022-12-27T02:27:05.0001040Z     File "/private/var/folders/51/hd414ycd67n82196sw51xqtc0000gn/T/cibw-run-v7kv3uv8/cp38-macosx_arm64/build/venv/lib/python3.8/site-packages/setuptools/_distutils/unixccompiler.py", line 186, in _compile
2022-12-27T02:27:05.0002150Z       self.spawn(compiler_so + cc_args + [src, '-o', obj] + extra_postargs)
2022-12-27T02:27:05.0004000Z     File "/Users/runner/actions-runner/_work/python.build/python.build/build_grpcio12138/grpcio-1.2.1/src/python/grpcio/_spawn_patch.py", line 69, in _commandfile_spawn
2022-12-27T02:27:05.0005120Z       _classic_spawn(self, command)
2022-12-27T02:27:05.0006920Z     File "/private/var/folders/51/hd414ycd67n82196sw51xqtc0000gn/T/cibw-run-v7kv3uv8/cp38-macosx_arm64/build/venv/lib/python3.8/site-packages/setuptools/_distutils/ccompiler.py", line 1007, in spawn
2022-12-27T02:27:05.0008060Z       spawn(cmd, dry_run=self.dry_run, **kwargs)
2022-12-27T02:27:05.0009910Z     File "/private/var/folders/51/hd414ycd67n82196sw51xqtc0000gn/T/cibw-run-v7kv3uv8/cp38-macosx_arm64/build/venv/lib/python3.8/site-packages/setuptools/_distutils/spawn.py", line 70, in spawn
2022-12-27T02:27:05.0010760Z       raise DistutilsExecError(
2022-12-27T02:27:05.0012360Z   distutils.errors.DistutilsExecError: command '/usr/bin/gcc' failed with exit code 1
2022-12-27T02:27:05.0013410Z 
2022-12-27T02:27:05.0014920Z   During handling of the above exception, another exception occurred:
2022-12-27T02:27:05.0016100Z 
2022-12-27T02:27:05.0017610Z   Traceback (most recent call last):
2022-12-27T02:27:05.0019270Z     File "/Users/runner/actions-runner/_work/python.build/python.build/build_grpcio12138/grpcio-1.2.1/src/python/grpcio/commands.py", line 281, in build_extensions
2022-12-27T02:27:05.0020370Z       build_ext.build_ext.build_extensions(self)
2022-12-27T02:27:05.0022050Z     File "/private/var/folders/51/hd414ycd67n82196sw51xqtc0000gn/T/cibw-run-v7kv3uv8/cp38-macosx_arm64/build/venv/lib/python3.8/site-packages/Cython/Distutils/old_build_ext.py", line 195, in build_extensions
2022-12-27T02:27:05.0023230Z       _build_ext.build_ext.build_extensions(self)
2022-12-27T02:27:05.0025080Z     File "/private/var/folders/51/hd414ycd67n82196sw51xqtc0000gn/T/cibw-run-v7kv3uv8/cp38-macosx_arm64/build/venv/lib/python3.8/site-packages/setuptools/_distutils/command/build_ext.py", line 468, in build_extensions
2022-12-27T02:27:05.0025880Z       self._build_extensions_serial()
2022-12-27T02:27:05.0027680Z     File "/private/var/folders/51/hd414ycd67n82196sw51xqtc0000gn/T/cibw-run-v7kv3uv8/cp38-macosx_arm64/build/venv/lib/python3.8/site-packages/setuptools/_distutils/command/build_ext.py", line 494, in _build_extensions_serial
2022-12-27T02:27:05.0028640Z       self.build_extension(ext)
2022-12-27T02:27:05.0030450Z     File "/private/var/folders/51/hd414ycd67n82196sw51xqtc0000gn/T/cibw-run-v7kv3uv8/cp38-macosx_arm64/build/venv/lib/python3.8/site-packages/setuptools/command/build_ext.py", line 246, in build_extension
2022-12-27T02:27:05.0031410Z       _build_ext.build_extension(self, ext)
2022-12-27T02:27:05.0033150Z     File "/private/var/folders/51/hd414ycd67n82196sw51xqtc0000gn/T/cibw-run-v7kv3uv8/cp38-macosx_arm64/build/venv/lib/python3.8/site-packages/setuptools/_distutils/command/build_ext.py", line 549, in build_extension
2022-12-27T02:27:05.0034160Z       objects = self.compiler.compile(
2022-12-27T02:27:05.0036040Z     File "/private/var/folders/51/hd414ycd67n82196sw51xqtc0000gn/T/cibw-run-v7kv3uv8/cp38-macosx_arm64/build/venv/lib/python3.8/site-packages/setuptools/_distutils/ccompiler.py", line 599, in compile
2022-12-27T02:27:05.0037000Z       self._compile(obj, src, ext, cc_args, extra_postargs, pp_opts)
2022-12-27T02:27:05.0038770Z     File "/private/var/folders/51/hd414ycd67n82196sw51xqtc0000gn/T/cibw-run-v7kv3uv8/cp38-macosx_arm64/build/venv/lib/python3.8/site-packages/setuptools/_distutils/unixccompiler.py", line 188, in _compile
2022-12-27T02:27:05.0039740Z       raise CompileError(msg)
2022-12-27T02:27:05.0041310Z   distutils.errors.CompileError: command '/usr/bin/gcc' failed with exit code 1
2022-12-27T02:27:05.0042470Z 
2022-12-27T02:27:05.0424460Z   error: subprocess-exited-with-error
2022-12-27T02:27:05.0424690Z   
2022-12-27T02:27:05.0425020Z   Ã— python setup.py bdist_wheel did not run successfully.
2022-12-27T02:27:05.0425300Z   â”‚ exit code: 1
2022-12-27T02:27:05.0425540Z   â•°â”€> See above for output.
2022-12-27T02:27:05.0425730Z   
2022-12-27T02:27:05.0425990Z   note: This error originates from a subprocess, and is likely not a problem with pip.
2022-12-27T02:27:05.0435460Z   full command: /private/var/folders/51/hd414ycd67n82196sw51xqtc0000gn/T/cibw-run-v7kv3uv8/cp38-macosx_arm64/build/venv/bin/python -u -c '
2022-12-27T02:27:05.0436010Z   exec(compile('"'"''"'"''"'"'
2022-12-27T02:27:05.0436410Z   # This is <pip-setuptools-caller> -- a caller that pip uses to run setup.py
2022-12-27T02:27:05.0436660Z   #
2022-12-27T02:27:05.0437010Z   # - It imports setuptools before invoking setup.py, to enable projects that directly
2022-12-27T02:27:05.0437380Z   #   import from `distutils.core` to work with newer packaging standards.
2022-12-27T02:27:05.0438120Z   # - It provides a clear error message when setuptools is not installed.
2022-12-27T02:27:05.0438520Z   # - It sets `sys.argv[0]` to the underlying `setup.py`, when invoking `setup.py` so
2022-12-27T02:27:05.0438900Z   #   setuptools doesn'"'"'t think the script is `-c`. This avoids the following warning:
2022-12-27T02:27:05.0439240Z   #     manifest_maker: standard file '"'"'-c'"'"' not found".
2022-12-27T02:27:05.0439580Z   # - It generates a shim setup.py, for handling setup.cfg-only projects.
2022-12-27T02:27:05.0439810Z   import os, sys, tokenize
2022-12-27T02:27:05.0439980Z   
2022-12-27T02:27:05.0440110Z   try:
2022-12-27T02:27:05.0440260Z       import setuptools
2022-12-27T02:27:05.0440450Z   except ImportError as error:
2022-12-27T02:27:05.0440630Z       print(
2022-12-27T02:27:05.0440860Z           "ERROR: Can not execute `setup.py` since setuptools is not available in "
2022-12-27T02:27:05.0441100Z           "the build environment.",
2022-12-27T02:27:05.0441280Z           file=sys.stderr,
2022-12-27T02:27:05.0441440Z       )
2022-12-27T02:27:05.0441580Z       sys.exit(1)
2022-12-27T02:27:05.0441730Z   
2022-12-27T02:27:05.0441870Z   __file__ = %r
2022-12-27T02:27:05.0442030Z   sys.argv[0] = __file__
2022-12-27T02:27:05.0442180Z   
2022-12-27T02:27:05.0442350Z   if os.path.exists(__file__):
2022-12-27T02:27:05.0442520Z       filename = __file__
2022-12-27T02:27:05.0442710Z       with tokenize.open(__file__) as f:
2022-12-27T02:27:05.0442900Z           setup_py_code = f.read()
2022-12-27T02:27:05.0443060Z   else:
2022-12-27T02:27:05.0443310Z       filename = "<auto-generated setuptools caller>"
2022-12-27T02:27:05.0443570Z       setup_py_code = "from setuptools import setup; setup()"
2022-12-27T02:27:05.0443750Z   
2022-12-27T02:27:05.0443930Z   exec(compile(setup_py_code, filename, "exec"))
2022-12-27T02:27:05.0444590Z   '"'"''"'"''"'"' % ('"'"'/Users/runner/actions-runner/_work/python.build/python.build/build_grpcio12138/grpcio-1.2.1/setup.py'"'"',), "<pip-setuptools-caller>", "exec"))' bdist_wheel -d /private/var/folders/51/hd414ycd67n82196sw51xqtc0000gn/T/pip-wheel-cujwh9i_
2022-12-27T02:27:05.0445460Z   cwd: /Users/runner/actions-runner/_work/python.build/python.build/build_grpcio12138/grpcio-1.2.1/
2022-12-27T02:27:05.0445740Z   ERROR: Failed building wheel for grpcio
2022-12-27T02:27:05.0446070Z   Building wheel for grpcio (setup.py): finished with status 'error'
2022-12-27T02:27:05.0446310Z   Running setup.py clean for grpcio
2022-12-27T02:27:05.0446520Z   Running command python setup.py clean
2022-12-27T02:27:05.4784350Z   running clean
2022-12-27T02:27:05.4800690Z   removing 'python_build/temp.macosx-11.0-arm64-cpython-38' (and everything under it)
2022-12-27T02:27:05.4887320Z   removing 'python_build/lib.macosx-11.0-arm64-cpython-38' (and everything under it)
2022-12-27T02:27:05.4926310Z   'python_build/bdist.macosx-11.0-arm64' does not exist -- can't clean it
2022-12-27T02:27:05.4927890Z   'python_build/scripts-3.8' does not exist -- can't clean it
2022-12-27T02:27:05.4929460Z   removing 'python_build'
2022-12-27T02:27:05.5228170Z Failed to build grpcio
2022-12-27T02:27:05.5233670Z ERROR: Failed to build one or more wheels
2022-12-27T02:27:05.5244330Z Exception information:
2022-12-27T02:27:05.5244980Z Traceback (most recent call last):
2022-12-27T02:27:05.5245960Z   File "/private/var/folders/51/hd414ycd67n82196sw51xqtc0000gn/T/cibw-run-v7kv3uv8/cp38-macosx_arm64/build/venv/lib/python3.8/site-packages/pip/_internal/cli/base_command.py", line 160, in exc_logging_wrapper
2022-12-27T02:27:05.5246400Z     status = run_func(*args)
2022-12-27T02:27:05.5247040Z   File "/private/var/folders/51/hd414ycd67n82196sw51xqtc0000gn/T/cibw-run-v7kv3uv8/cp38-macosx_arm64/build/venv/lib/python3.8/site-packages/pip/_internal/cli/req_command.py", line 247, in wrapper
2022-12-27T02:27:05.5247430Z     return func(self, options, args)
2022-12-27T02:27:05.5248400Z   File "/private/var/folders/51/hd414ycd67n82196sw51xqtc0000gn/T/cibw-run-v7kv3uv8/cp38-macosx_arm64/build/venv/lib/python3.8/site-packages/pip/_internal/commands/wheel.py", line 201, in run
2022-12-27T02:27:05.5248820Z     raise CommandError("Failed to build one or more wheels")
2022-12-27T02:27:05.5249120Z pip._internal.exceptions.CommandError: Failed to build one or more wheels
2022-12-27T02:27:05.5249600Z Removed build tracker: '/private/var/folders/51/hd414ycd67n82196sw51xqtc0000gn/T/pip-build-tracker-z1_ed9ep'
2022-12-27T02:27:05.5639720Z ##[endgroup]
2022-12-27T02:27:05.5640340Z                                                               [31mâœ• [0m3.18s
2022-12-27T02:27:05.6128970Z ##[error]Command ['python', '-m', 'pip', 'wheel', '/Users/runner/actions-runner/_work/python.build/python.build/build_grpcio12138/grpcio-1.2.1', '--wheel-dir=/private/var/folders/51/hd414ycd67n82196sw51xqtc0000gn/T/cibw-run-v7kv3uv8/cp38-macosx_arm64/built_wheel', '--no-deps', '-vvv'] failed with code 1. None
2022-12-27T02:27:05.6134820Z 
2022-12-27T02:27:05.6239810Z ##[error]Process completed with exit code 1.
2022-12-27T02:27:05.6271890Z ##[group]Run rm -rf build_grpcio12138 wheelsout
2022-12-27T02:27:05.6272070Z [36;1mrm -rf build_grpcio12138 wheelsout[0m
2022-12-27T02:27:05.6287060Z shell: /bin/bash -e {0}
2022-12-27T02:27:05.6287180Z env:
2022-12-27T02:27:05.6287330Z   pythonLocation: /Users/runner/hostedtoolcache/Python/3.8.15/x64
2022-12-27T02:27:05.6287520Z   PKG_CONFIG_PATH: /Users/runner/hostedtoolcache/Python/3.8.15/x64/lib/pkgconfig
2022-12-27T02:27:05.6287710Z   Python_ROOT_DIR: /Users/runner/hostedtoolcache/Python/3.8.15/x64
2022-12-27T02:27:05.6287890Z   Python2_ROOT_DIR: /Users/runner/hostedtoolcache/Python/3.8.15/x64
2022-12-27T02:27:05.6288050Z   Python3_ROOT_DIR: /Users/runner/hostedtoolcache/Python/3.8.15/x64
2022-12-27T02:27:05.6288190Z ##[endgroup]
2022-12-27T02:27:05.8223210Z Cleaning up orphan processes
