2022-12-27T08:47:17.7851708Z Requested labels: self-hosted, macOS, X64
2022-12-27T08:47:17.7851852Z Job defined at: kilnbuild/python.build/.github/workflows/mac_arm_build.yml@refs/heads/main
2022-12-27T08:47:17.7851893Z Waiting for a runner to pick up this job...
2022-12-27T11:10:06.5878728Z Job is about to start running on the runner: kr2 (organization)
2022-12-27T11:10:12.4083490Z Current runner version: '2.300.2'
2022-12-27T11:10:12.4091160Z Runner name: 'kr2'
2022-12-27T11:10:12.4091570Z Runner group name: 'Default'
2022-12-27T11:10:12.4092450Z Machine name: 'kr2'
2022-12-27T11:10:12.4095200Z ##[group]GITHUB_TOKEN Permissions
2022-12-27T11:10:12.4095940Z Actions: write
2022-12-27T11:10:12.4096190Z Checks: write
2022-12-27T11:10:12.4096580Z Contents: write
2022-12-27T11:10:12.4096850Z Deployments: write
2022-12-27T11:10:12.4097120Z Discussions: write
2022-12-27T11:10:12.4097390Z Issues: write
2022-12-27T11:10:12.4097650Z Metadata: read
2022-12-27T11:10:12.4097900Z Packages: write
2022-12-27T11:10:12.4098160Z Pages: write
2022-12-27T11:10:12.4098440Z PullRequests: write
2022-12-27T11:10:12.4098740Z RepositoryProjects: write
2022-12-27T11:10:12.4099050Z SecurityEvents: write
2022-12-27T11:10:12.4099330Z Statuses: write
2022-12-27T11:10:12.4099580Z ##[endgroup]
2022-12-27T11:10:12.4103420Z Secret source: Actions
2022-12-27T11:10:12.4103940Z Prepare workflow directory
2022-12-27T11:10:12.5201260Z Prepare all required actions
2022-12-27T11:10:12.5396370Z Getting action download info
2022-12-27T11:10:12.9960460Z Download action repository 'actions/setup-python@v4' (SHA:5ccb29d8773c3f3f653e1705f474dfaa8a06a912)
2022-12-27T11:10:15.9160000Z Download action repository 'actions/upload-artifact@v3' (SHA:83fd05a356d7e2593de66fc9913b3002723633cb)
2022-12-27T11:10:17.3631970Z ##[group]Run echo '{
2022-12-27T11:10:17.3632360Z [36;1mecho '{[0m
2022-12-27T11:10:17.3632550Z [36;1m  "package_name": "lxml",[0m
2022-12-27T11:10:17.3632950Z [36;1m  "package_url": "https://files.pythonhosted.org/packages/14/51/61462e59ab58575fe0d679ab2d31ec73cd49b26182c6ece3d9379faccfd7/lxml-3.7.0.tar.gz",[0m
2022-12-27T11:10:17.3633300Z [36;1m  "package_version": "3.7.0",[0m
2022-12-27T11:10:17.3633520Z [36;1m  "python_version": "3.9",[0m
2022-12-27T11:10:17.3633730Z [36;1m  "use_ccache": "true"[0m
2022-12-27T11:10:17.3633910Z [36;1m}'[0m
2022-12-27T11:10:17.3661310Z shell: /bin/bash -e {0}
2022-12-27T11:10:17.3661620Z ##[endgroup]
2022-12-27T11:10:17.4053560Z {
2022-12-27T11:10:17.4056380Z   "package_name": "lxml",
2022-12-27T11:10:17.4057730Z   "package_url": "https://files.pythonhosted.org/packages/14/51/61462e59ab58575fe0d679ab2d31ec73cd49b26182c6ece3d9379faccfd7/lxml-3.7.0.tar.gz",
2022-12-27T11:10:17.4058350Z   "package_version": "3.7.0",
2022-12-27T11:10:17.4058780Z   "python_version": "3.9",
2022-12-27T11:10:17.4059250Z   "use_ccache": "true"
2022-12-27T11:10:17.4059570Z }
2022-12-27T11:10:17.4414170Z ##[group]Run actions/setup-python@v4
2022-12-27T11:10:17.4414610Z with:
2022-12-27T11:10:17.4414870Z   python-version: 3.9
2022-12-27T11:10:17.4415320Z   check-latest: false
2022-12-27T11:10:17.4415900Z   token: ***
2022-12-27T11:10:17.4416250Z   update-environment: true
2022-12-27T11:10:17.4416520Z ##[endgroup]
2022-12-27T11:10:17.6564760Z ##[group]Installed versions
2022-12-27T11:10:17.6647350Z Successfully set up CPython (3.9.16)
2022-12-27T11:10:17.6649060Z ##[endgroup]
2022-12-27T11:10:17.6869070Z ##[group]Run if [ "true" == "true" ]
2022-12-27T11:10:17.6869870Z [36;1mif [ "true" == "true" ][0m
2022-12-27T11:10:17.6870180Z [36;1mthen[0m
2022-12-27T11:10:17.6870610Z [36;1m  echo "CCACHE_PATH_PREPEND=/usr/local/opt/ccache/libexec" >> $GITHUB_OUTPUT[0m
2022-12-27T11:10:17.6871030Z [36;1melse[0m
2022-12-27T11:10:17.6871350Z [36;1m  echo "CCACHE_PATH_PREPEND=" >> $GITHUB_OUTPUT[0m
2022-12-27T11:10:17.6871810Z [36;1mfi[0m
2022-12-27T11:10:17.6900140Z shell: /bin/bash -e {0}
2022-12-27T11:10:17.6900500Z env:
2022-12-27T11:10:17.6900840Z   pythonLocation: /Users/runner/hostedtoolcache/Python/3.9.16/x64
2022-12-27T11:10:17.6901470Z   PKG_CONFIG_PATH: /Users/runner/hostedtoolcache/Python/3.9.16/x64/lib/pkgconfig
2022-12-27T11:10:17.6902050Z   Python_ROOT_DIR: /Users/runner/hostedtoolcache/Python/3.9.16/x64
2022-12-27T11:10:17.6902490Z   Python2_ROOT_DIR: /Users/runner/hostedtoolcache/Python/3.9.16/x64
2022-12-27T11:10:17.6903050Z   Python3_ROOT_DIR: /Users/runner/hostedtoolcache/Python/3.9.16/x64
2022-12-27T11:10:17.6904200Z ##[endgroup]
2022-12-27T11:10:17.7175040Z ##[group]Run echo "BUILD_NAME=$(echo lxml_3.7.0_3.9 | tr -dc '[:alnum:]\n\r' | tr '[:upper:]' '[:lower:]')" >> $GITHUB_OUTPUT
2022-12-27T11:10:17.7175740Z [36;1mecho "BUILD_NAME=$(echo lxml_3.7.0_3.9 | tr -dc '[:alnum:]\n\r' | tr '[:upper:]' '[:lower:]')" >> $GITHUB_OUTPUT[0m
2022-12-27T11:10:17.7201480Z shell: /bin/bash -e {0}
2022-12-27T11:10:17.7201800Z env:
2022-12-27T11:10:17.7202110Z   pythonLocation: /Users/runner/hostedtoolcache/Python/3.9.16/x64
2022-12-27T11:10:17.7202660Z   PKG_CONFIG_PATH: /Users/runner/hostedtoolcache/Python/3.9.16/x64/lib/pkgconfig
2022-12-27T11:10:17.7203140Z   Python_ROOT_DIR: /Users/runner/hostedtoolcache/Python/3.9.16/x64
2022-12-27T11:10:17.7203580Z   Python2_ROOT_DIR: /Users/runner/hostedtoolcache/Python/3.9.16/x64
2022-12-27T11:10:17.7203970Z   Python3_ROOT_DIR: /Users/runner/hostedtoolcache/Python/3.9.16/x64
2022-12-27T11:10:17.7204390Z ##[endgroup]
2022-12-27T11:10:17.7440240Z ##[group]Run echo "PYTHON_NO_DOTS=$(echo 3.9 | tr -dc '[:alnum:]\n\r' | tr '[:upper:]' '[:lower:]')" >> $GITHUB_OUTPUT
2022-12-27T11:10:17.7440920Z [36;1mecho "PYTHON_NO_DOTS=$(echo 3.9 | tr -dc '[:alnum:]\n\r' | tr '[:upper:]' '[:lower:]')" >> $GITHUB_OUTPUT[0m
2022-12-27T11:10:17.7466550Z shell: /bin/bash -e {0}
2022-12-27T11:10:17.7466880Z env:
2022-12-27T11:10:17.7467200Z   pythonLocation: /Users/runner/hostedtoolcache/Python/3.9.16/x64
2022-12-27T11:10:17.7468830Z   PKG_CONFIG_PATH: /Users/runner/hostedtoolcache/Python/3.9.16/x64/lib/pkgconfig
2022-12-27T11:10:17.7469310Z   Python_ROOT_DIR: /Users/runner/hostedtoolcache/Python/3.9.16/x64
2022-12-27T11:10:17.7469770Z   Python2_ROOT_DIR: /Users/runner/hostedtoolcache/Python/3.9.16/x64
2022-12-27T11:10:17.7470230Z   Python3_ROOT_DIR: /Users/runner/hostedtoolcache/Python/3.9.16/x64
2022-12-27T11:10:17.7470540Z ##[endgroup]
2022-12-27T11:10:17.7762130Z ##[group]Run rm -rf build_lxml37039
2022-12-27T11:10:17.7762830Z [36;1mrm -rf build_lxml37039[0m
2022-12-27T11:10:17.7763180Z [36;1mmkdir build_lxml37039[0m
2022-12-27T11:10:17.7763520Z [36;1mcd build_lxml37039[0m
2022-12-27T11:10:17.7764120Z [36;1m/usr/local/bin/wget --quiet https://files.pythonhosted.org/packages/14/51/61462e59ab58575fe0d679ab2d31ec73cd49b26182c6ece3d9379faccfd7/lxml-3.7.0.tar.gz[0m
2022-12-27T11:10:17.7764620Z [36;1mtar xf *.tar.gz[0m
2022-12-27T11:10:17.7764930Z [36;1mcd *[0m
2022-12-27T11:10:17.7765230Z [36;1mpython -m pip install cibuildwheel==2.11.3[0m
2022-12-27T11:10:17.7765730Z [36;1mpython -m cibuildwheel --output-dir ../wheelsout[0m
2022-12-27T11:10:17.7793970Z shell: /bin/bash -e {0}
2022-12-27T11:10:17.7794250Z env:
2022-12-27T11:10:17.7794660Z   pythonLocation: /Users/runner/hostedtoolcache/Python/3.9.16/x64
2022-12-27T11:10:17.7795290Z   PKG_CONFIG_PATH: /Users/runner/hostedtoolcache/Python/3.9.16/x64/lib/pkgconfig
2022-12-27T11:10:17.7795830Z   Python_ROOT_DIR: /Users/runner/hostedtoolcache/Python/3.9.16/x64
2022-12-27T11:10:17.7796330Z   Python2_ROOT_DIR: /Users/runner/hostedtoolcache/Python/3.9.16/x64
2022-12-27T11:10:17.7796890Z   Python3_ROOT_DIR: /Users/runner/hostedtoolcache/Python/3.9.16/x64
2022-12-27T11:10:17.7797380Z   CIBW_ARCHS_MACOS: arm64
2022-12-27T11:10:17.7797650Z   CIBW_TEST_SKIP: *_arm64
2022-12-27T11:10:17.7798090Z   CIBW_BUILD: cp39-macosx_arm64
2022-12-27T11:10:17.7798450Z   CIBW_BUILD_FRONTEND: pip
2022-12-27T11:10:17.7798740Z   CIBW_BUILD_VERBOSITY: 3
2022-12-27T11:10:17.7799420Z   CIBW_ENVIRONMENT_MACOS:  CFLAGS="-I/usr/local/opt/openssl@3/include" LDFLAGS="-L/usr/local/opt/openssl@3/lib" CPPFLAGS="-I/usr/local/opt/openssl@3/include" MAKEFLAGS="-j$(sysctl -n hw.logicalcpu)" PATH=/usr/local/opt/ccache/libexec:$PATH
2022-12-27T11:10:17.7800150Z   CIBW_BEFORE_BUILD: pip install Cython; if [[ -f requirements.txt ]]; then pip install -r requirements.txt; fi
2022-12-27T11:10:17.7800640Z   MAKEFLAGS: -j$(sysctl -n hw.logicalcpu)
2022-12-27T11:10:17.7800930Z ##[endgroup]
2022-12-27T11:10:18.6383550Z Requirement already satisfied: cibuildwheel==2.11.3 in /Users/runner/hostedtoolcache/Python/3.9.16/x64/lib/python3.9/site-packages (2.11.3)
2022-12-27T11:10:18.6772510Z Requirement already satisfied: platformdirs in /Users/runner/hostedtoolcache/Python/3.9.16/x64/lib/python3.9/site-packages (from cibuildwheel==2.11.3) (2.6.0)
2022-12-27T11:10:18.6779190Z Requirement already satisfied: packaging>=20.9 in /Users/runner/hostedtoolcache/Python/3.9.16/x64/lib/python3.9/site-packages (from cibuildwheel==2.11.3) (22.0)
2022-12-27T11:10:18.6785150Z Requirement already satisfied: bracex in /Users/runner/hostedtoolcache/Python/3.9.16/x64/lib/python3.9/site-packages (from cibuildwheel==2.11.3) (2.3.post1)
2022-12-27T11:10:18.6788980Z Requirement already satisfied: certifi in /Users/runner/hostedtoolcache/Python/3.9.16/x64/lib/python3.9/site-packages (from cibuildwheel==2.11.3) (2022.12.7)
2022-12-27T11:10:18.6795670Z Requirement already satisfied: bashlex!=0.13 in /Users/runner/hostedtoolcache/Python/3.9.16/x64/lib/python3.9/site-packages (from cibuildwheel==2.11.3) (0.16)
2022-12-27T11:10:18.6806020Z Requirement already satisfied: tomli in /Users/runner/hostedtoolcache/Python/3.9.16/x64/lib/python3.9/site-packages (from cibuildwheel==2.11.3) (2.0.1)
2022-12-27T11:10:18.6817990Z Requirement already satisfied: typing-extensions>=4.1.0 in /Users/runner/hostedtoolcache/Python/3.9.16/x64/lib/python3.9/site-packages (from cibuildwheel==2.11.3) (4.4.0)
2022-12-27T11:10:18.6824130Z Requirement already satisfied: filelock in /Users/runner/hostedtoolcache/Python/3.9.16/x64/lib/python3.9/site-packages (from cibuildwheel==2.11.3) (3.8.2)
2022-12-27T11:10:19.0036190Z 
2022-12-27T11:10:19.0036880Z      _ _       _ _   _       _           _
2022-12-27T11:10:19.0038490Z  ___|_| |_ _ _|_| |_| |_ _ _| |_ ___ ___| |
2022-12-27T11:10:19.0041600Z |  _| | . | | | | | . | | | |   | -_| -_| |
2022-12-27T11:10:19.0042660Z |___|_|___|___|_|_|___|_____|_|_|___|___|_|
2022-12-27T11:10:19.0044500Z 
2022-12-27T11:10:19.0045120Z cibuildwheel version 2.11.3
2022-12-27T11:10:19.0045540Z 
2022-12-27T11:10:19.0045850Z Build options:
2022-12-27T11:10:19.0046510Z   platform: macos
2022-12-27T11:10:19.0211090Z   architectures: arm64[0m
2022-12-27T11:10:19.0211970Z   build_selector: 
2022-12-27T11:10:19.0213600Z     build_config: cp39-macosx_arm64
2022-12-27T11:10:19.0214340Z     skip_config: 
2022-12-27T11:10:19.0215190Z     requires_python: None
2022-12-27T11:10:19.0216160Z     prerelease_pythons: False[0m
2022-12-27T11:10:19.0218880Z   [38;5;244mcontainer_engine: docker[0m
2022-12-27T11:10:19.0220350Z   output_dir: /Users/runner/actions-runner/_work/python.build/python.build/build_lxml37039/wheelsout[0m
2022-12-27T11:10:19.0221490Z   package_dir: /Users/runner/actions-runner/_work/python.build/python.build/build_lxml37039/lxml-3.7.0[0m
2022-12-27T11:10:19.0222070Z   test_selector: 
2022-12-27T11:10:19.0222540Z     skip_config: *_arm64[0m
2022-12-27T11:10:19.0223460Z   [38;5;244mbefore_all: [0m
2022-12-27T11:10:19.0224060Z   before_build: pip install Cython; if [[ -f requirements.txt ]]; then pip install -r requirements.txt; fi[0m
2022-12-27T11:10:19.0224600Z   [38;5;244mbefore_test: [0m
2022-12-27T11:10:19.0224960Z   [38;5;244mbuild_frontend: pip[0m
2022-12-27T11:10:19.0225560Z   build_verbosity: 3[0m
2022-12-27T11:10:19.0226000Z   [38;5;244mconfig_settings: [0m
2022-12-27T11:10:19.0226400Z   [38;5;244mdependency_constraints: pinned[0m
2022-12-27T11:10:19.0226760Z   environment: 
2022-12-27T11:10:19.0227240Z     CFLAGS="-I/usr/local/opt/openssl@3/include"
2022-12-27T11:10:19.0227760Z     LDFLAGS="-L/usr/local/opt/openssl@3/lib"
2022-12-27T11:10:19.0228260Z     CPPFLAGS="-I/usr/local/opt/openssl@3/include"
2022-12-27T11:10:19.0228740Z     MAKEFLAGS="-j$(sysctl -n hw.logicalcpu)"
2022-12-27T11:10:19.0229170Z     PATH=/usr/local/opt/ccache/libexec:$PATH[0m
2022-12-27T11:10:19.0229630Z   [38;5;244mmanylinux_images: None[0m
2022-12-27T11:10:19.0230170Z   [38;5;244mmusllinux_images: None[0m
2022-12-27T11:10:19.0230690Z   [38;5;244mrepair_command: delocate-wheel --require-archs {delocate_archs} -w {dest_dir} -v {wheel}[0m
2022-12-27T11:10:19.0232060Z   [38;5;244mtest_command: [0m
2022-12-27T11:10:19.0232470Z   [38;5;244mtest_extras: [0m
2022-12-27T11:10:19.0233010Z   [38;5;244mtest_requires: [0m
2022-12-27T11:10:19.0233160Z 
2022-12-27T11:10:19.0233400Z Cache folder: /Users/runner/Library/Caches/cibuildwheel
2022-12-27T11:10:19.0239230Z 
2022-12-27T11:10:19.0241020Z Here we go!
2022-12-27T11:10:19.0241550Z 
2022-12-27T11:10:19.0396750Z 
2022-12-27T11:10:19.0397550Z [1m[34mBuilding cp39-macosx_arm64 wheel[0m
2022-12-27T11:10:19.0398680Z CPython 3.9 macOS arm64 - Apple Silicon
2022-12-27T11:10:19.0399910Z 
2022-12-27T11:10:19.0403220Z ##[group]Installing Python cp39...
2022-12-27T11:10:19.0403550Z 
2022-12-27T11:10:19.0404040Z + pkgutil --pkgs
2022-12-27T11:10:19.0608980Z ##[endgroup]
2022-12-27T11:10:19.0612070Z                                                               [32mâœ“ [0m0.02s
2022-12-27T11:10:19.0613380Z ##[group]Setting up build environment...
2022-12-27T11:10:19.0613860Z 
2022-12-27T11:10:19.0644520Z + /Users/runner/hostedtoolcache/Python/3.9.16/x64/bin/python -sS /Users/runner/Library/Caches/cibuildwheel/virtualenv-20.17.0.pyz --activators= --no-periodic-update --pip=22.3.1 --setuptools=65.6.3 --wheel=0.38.4 --symlink-app-data --python /Library/Frameworks/Python.framework/Versions/3.9/bin/python3 /private/var/folders/51/hd414ycd67n82196sw51xqtc0000gn/T/cibw-run-ufkjdlf0/cp39-macosx_arm64/build/venv
2022-12-27T11:10:19.3691120Z created virtual environment CPython3.9.13.final.0-64 in 80ms
2022-12-27T11:10:19.3692090Z   creator CPython3Posix(dest=/private/var/folders/51/hd414ycd67n82196sw51xqtc0000gn/T/cibw-run-ufkjdlf0/cp39-macosx_arm64/build/venv, clear=False, no_vcs_ignore=False, global=False)
2022-12-27T11:10:19.3693340Z   seeder FromAppData(download=False, pip=22.3.1, setuptools=65.6.3, wheel=0.38.4, via=symlink, app_data_dir=/Users/runner/Library/Application Support/virtualenv)
2022-12-27T11:10:19.3694290Z     added seed packages: pip==22.3.1, setuptools==65.6.3, wheel==0.38.4
2022-12-27T11:10:19.3943730Z + python -m pip install --upgrade pip -c /Users/runner/hostedtoolcache/Python/3.9.16/x64/lib/python3.9/site-packages/cibuildwheel/resources/constraints-python39.txt
2022-12-27T11:10:19.9212280Z Requirement already satisfied: pip in ./lib/python3.9/site-packages (22.3.1)
2022-12-27T11:10:20.2026020Z + which pip
2022-12-27T11:10:20.2071660Z /private/var/folders/51/hd414ycd67n82196sw51xqtc0000gn/T/cibw-run-ufkjdlf0/cp39-macosx_arm64/build/venv/bin/pip
2022-12-27T11:10:20.2080810Z + pip --version
2022-12-27T11:10:20.6011440Z pip 22.3.1 from /private/var/folders/51/hd414ycd67n82196sw51xqtc0000gn/T/cibw-run-ufkjdlf0/cp39-macosx_arm64/build/venv/lib/python3.9/site-packages/pip (python 3.9)
2022-12-27T11:10:20.6485330Z + which pip
2022-12-27T11:10:20.6539540Z + which python
2022-12-27T11:10:20.6585260Z /private/var/folders/51/hd414ycd67n82196sw51xqtc0000gn/T/cibw-run-ufkjdlf0/cp39-macosx_arm64/build/venv/bin/python
2022-12-27T11:10:20.6593010Z + python --version
2022-12-27T11:10:20.6693520Z Python 3.9.13
2022-12-27T11:10:20.6699710Z + which python
2022-12-27T11:10:20.6810300Z ##[endgroup]
2022-12-27T11:10:20.6812220Z                                                               [32mâœ“ [0m1.62s
2022-12-27T11:10:20.6813760Z ##[group]Installing build tools...
2022-12-27T11:10:20.6814230Z 
2022-12-27T11:10:20.6815260Z + pip install --upgrade setuptools wheel delocate -c /Users/runner/hostedtoolcache/Python/3.9.16/x64/lib/python3.9/site-packages/cibuildwheel/resources/constraints-python39.txt
2022-12-27T11:10:21.2061950Z Requirement already satisfied: setuptools in /private/var/folders/51/hd414ycd67n82196sw51xqtc0000gn/T/cibw-run-ufkjdlf0/cp39-macosx_arm64/build/venv/lib/python3.9/site-packages (65.6.3)
2022-12-27T11:10:21.6289860Z Requirement already satisfied: wheel in /private/var/folders/51/hd414ycd67n82196sw51xqtc0000gn/T/cibw-run-ufkjdlf0/cp39-macosx_arm64/build/venv/lib/python3.9/site-packages (0.38.4)
2022-12-27T11:10:21.7274970Z Collecting delocate
2022-12-27T11:10:21.7329090Z   Using cached delocate-0.10.3-py3-none-any.whl (142 kB)
2022-12-27T11:10:21.7763990Z Collecting typing-extensions
2022-12-27T11:10:21.7823290Z   Using cached typing_extensions-4.4.0-py3-none-any.whl (26 kB)
2022-12-27T11:10:21.8312490Z Collecting packaging>=20.9
2022-12-27T11:10:21.8364890Z   Using cached packaging-21.3-py3-none-any.whl (40 kB)
2022-12-27T11:10:21.9068650Z Collecting pyparsing!=3.0.5,>=2.0.2
2022-12-27T11:10:21.9123690Z   Using cached pyparsing-3.0.9-py3-none-any.whl (98 kB)
2022-12-27T11:10:21.9825390Z Installing collected packages: typing-extensions, pyparsing, packaging, delocate
2022-12-27T11:10:22.2340420Z Successfully installed delocate-0.10.3 packaging-21.3 pyparsing-3.0.9 typing-extensions-4.4.0
2022-12-27T11:10:22.3388450Z ##[endgroup]
2022-12-27T11:10:22.3389810Z                                                               [32mâœ“ [0m1.66s
2022-12-27T11:10:22.3391090Z ##[group]Running before_build...
2022-12-27T11:10:22.3391520Z 
2022-12-27T11:10:22.3402150Z + pip install Cython; if [[ -f requirements.txt ]]; then pip install -r requirements.txt; fi
2022-12-27T11:10:23.5891080Z Collecting Cython
2022-12-27T11:10:23.5985690Z   Using cached Cython-0.29.32-py2.py3-none-any.whl (986 kB)
2022-12-27T11:10:23.6833420Z Installing collected packages: Cython
2022-12-27T11:10:24.5487740Z Successfully installed Cython-0.29.32
2022-12-27T11:10:25.1892430Z Requirement already satisfied: Cython>=0.20 in /private/var/folders/51/hd414ycd67n82196sw51xqtc0000gn/T/cibw-run-ufkjdlf0/cp39-macosx_arm64/build/venv/lib/python3.9/site-packages (from -r requirements.txt (line 1)) (0.29.32)
2022-12-27T11:10:25.3397990Z ##[endgroup]
2022-12-27T11:10:25.3399130Z                                                               [32mâœ“ [0m3.00s
2022-12-27T11:10:25.3399880Z ##[group]Building wheel...
2022-12-27T11:10:25.3400420Z 
2022-12-27T11:10:25.3406460Z + python -m pip wheel /Users/runner/actions-runner/_work/python.build/python.build/build_lxml37039/lxml-3.7.0 --wheel-dir=/private/var/folders/51/hd414ycd67n82196sw51xqtc0000gn/T/cibw-run-ufkjdlf0/cp39-macosx_arm64/built_wheel --no-deps -vvv
2022-12-27T11:10:25.8197220Z Created temporary directory: /private/var/folders/51/hd414ycd67n82196sw51xqtc0000gn/T/pip-ephem-wheel-cache-9ayc_t63
2022-12-27T11:10:25.8202390Z Created temporary directory: /private/var/folders/51/hd414ycd67n82196sw51xqtc0000gn/T/pip-build-tracker-o2c5_g_1
2022-12-27T11:10:25.8205640Z Initialized build tracking at /private/var/folders/51/hd414ycd67n82196sw51xqtc0000gn/T/pip-build-tracker-o2c5_g_1
2022-12-27T11:10:25.8207830Z Created build tracker: /private/var/folders/51/hd414ycd67n82196sw51xqtc0000gn/T/pip-build-tracker-o2c5_g_1
2022-12-27T11:10:25.8210490Z Entered build tracker: /private/var/folders/51/hd414ycd67n82196sw51xqtc0000gn/T/pip-build-tracker-o2c5_g_1
2022-12-27T11:10:25.8215820Z Created temporary directory: /private/var/folders/51/hd414ycd67n82196sw51xqtc0000gn/T/pip-wheel-btayv8oe
2022-12-27T11:10:25.8226760Z Created temporary directory: /private/var/folders/51/hd414ycd67n82196sw51xqtc0000gn/T/pip-ephem-wheel-cache-_avw0awg
2022-12-27T11:10:25.8582860Z Processing /Users/runner/actions-runner/_work/python.build/python.build/build_lxml37039/lxml-3.7.0
2022-12-27T11:10:25.8589360Z   Added file:///Users/runner/actions-runner/_work/python.build/python.build/build_lxml37039/lxml-3.7.0 to build tracker '/private/var/folders/51/hd414ycd67n82196sw51xqtc0000gn/T/pip-build-tracker-o2c5_g_1'
2022-12-27T11:10:25.8595700Z   Running setup.py (path:/Users/runner/actions-runner/_work/python.build/python.build/build_lxml37039/lxml-3.7.0/setup.py) egg_info for package from file:///Users/runner/actions-runner/_work/python.build/python.build/build_lxml37039/lxml-3.7.0
2022-12-27T11:10:25.8602050Z   Created temporary directory: /private/var/folders/51/hd414ycd67n82196sw51xqtc0000gn/T/pip-pip-egg-info-wcub33sm
2022-12-27T11:10:25.8604750Z   Preparing metadata (setup.py): started
2022-12-27T11:10:25.8611340Z   Running command python setup.py egg_info
2022-12-27T11:10:26.4138180Z   Building lxml version 3.7.0.
2022-12-27T11:10:26.4139480Z   Building without Cython.
2022-12-27T11:10:26.4142330Z   Using build configuration of libxslt 1.1.29
2022-12-27T11:10:26.4147100Z   Building against libxml2/libxslt in the following directory: /Library/Developer/CommandLineTools/SDKs/MacOSX12.1.sdk/usr/lib
2022-12-27T11:10:26.4148140Z   running egg_info
2022-12-27T11:10:26.4151560Z   creating /private/var/folders/51/hd414ycd67n82196sw51xqtc0000gn/T/pip-pip-egg-info-wcub33sm/lxml.egg-info
2022-12-27T11:10:26.4155590Z   writing /private/var/folders/51/hd414ycd67n82196sw51xqtc0000gn/T/pip-pip-egg-info-wcub33sm/lxml.egg-info/PKG-INFO
2022-12-27T11:10:26.4157680Z   writing dependency_links to /private/var/folders/51/hd414ycd67n82196sw51xqtc0000gn/T/pip-pip-egg-info-wcub33sm/lxml.egg-info/dependency_links.txt
2022-12-27T11:10:26.4161260Z   writing requirements to /private/var/folders/51/hd414ycd67n82196sw51xqtc0000gn/T/pip-pip-egg-info-wcub33sm/lxml.egg-info/requires.txt
2022-12-27T11:10:26.4164210Z   writing top-level names to /private/var/folders/51/hd414ycd67n82196sw51xqtc0000gn/T/pip-pip-egg-info-wcub33sm/lxml.egg-info/top_level.txt
2022-12-27T11:10:26.4166230Z   writing manifest file '/private/var/folders/51/hd414ycd67n82196sw51xqtc0000gn/T/pip-pip-egg-info-wcub33sm/lxml.egg-info/SOURCES.txt'
2022-12-27T11:10:26.4338660Z   reading manifest file '/private/var/folders/51/hd414ycd67n82196sw51xqtc0000gn/T/pip-pip-egg-info-wcub33sm/lxml.egg-info/SOURCES.txt'
2022-12-27T11:10:26.4350250Z   reading manifest template 'MANIFEST.in'
2022-12-27T11:10:26.6554850Z   adding license file 'LICENSES.txt'
2022-12-27T11:10:26.6692000Z   writing manifest file '/private/var/folders/51/hd414ycd67n82196sw51xqtc0000gn/T/pip-pip-egg-info-wcub33sm/lxml.egg-info/SOURCES.txt'
2022-12-27T11:10:26.7282450Z   Preparing metadata (setup.py): finished with status 'done'
2022-12-27T11:10:26.7332570Z   Source in /Users/runner/actions-runner/_work/python.build/python.build/build_lxml37039/lxml-3.7.0 has version 3.7.0, which satisfies requirement lxml==3.7.0 from file:///Users/runner/actions-runner/_work/python.build/python.build/build_lxml37039/lxml-3.7.0
2022-12-27T11:10:26.7335600Z   Removed lxml==3.7.0 from file:///Users/runner/actions-runner/_work/python.build/python.build/build_lxml37039/lxml-3.7.0 from build tracker '/private/var/folders/51/hd414ycd67n82196sw51xqtc0000gn/T/pip-build-tracker-o2c5_g_1'
2022-12-27T11:10:26.7366830Z Created temporary directory: /private/var/folders/51/hd414ycd67n82196sw51xqtc0000gn/T/pip-unpack-3pn4yg5s
2022-12-27T11:10:26.7370630Z Building wheels for collected packages: lxml
2022-12-27T11:10:26.7384920Z   Created temporary directory: /private/var/folders/51/hd414ycd67n82196sw51xqtc0000gn/T/pip-wheel-5gp8yd5h
2022-12-27T11:10:26.7386720Z   Building wheel for lxml (setup.py): started
2022-12-27T11:10:26.7390350Z   Destination directory: /private/var/folders/51/hd414ycd67n82196sw51xqtc0000gn/T/pip-wheel-5gp8yd5h
2022-12-27T11:10:26.7392460Z   Running command python setup.py bdist_wheel
2022-12-27T11:10:27.0217430Z   Building lxml version 3.7.0.
2022-12-27T11:10:27.0218540Z   Building without Cython.
2022-12-27T11:10:27.0506700Z   Using build configuration of libxslt 1.1.29
2022-12-27T11:10:27.2604450Z   Building against libxml2/libxslt in the following directory: /Library/Developer/CommandLineTools/SDKs/MacOSX12.1.sdk/usr/lib
2022-12-27T11:10:27.3083440Z   running bdist_wheel
2022-12-27T11:10:27.3155830Z   running build
2022-12-27T11:10:27.3157410Z   running build_py
2022-12-27T11:10:27.3193600Z   creating build
2022-12-27T11:10:27.3196440Z   creating build/lib.macosx-11.0-arm64-cpython-39
2022-12-27T11:10:27.3199920Z   creating build/lib.macosx-11.0-arm64-cpython-39/lxml
2022-12-27T11:10:27.3202610Z   copying src/lxml/_elementpath.py -> build/lib.macosx-11.0-arm64-cpython-39/lxml
2022-12-27T11:10:27.3204480Z   copying src/lxml/sax.py -> build/lib.macosx-11.0-arm64-cpython-39/lxml
2022-12-27T11:10:27.3207940Z   copying src/lxml/pyclasslookup.py -> build/lib.macosx-11.0-arm64-cpython-39/lxml
2022-12-27T11:10:27.3210560Z   copying src/lxml/__init__.py -> build/lib.macosx-11.0-arm64-cpython-39/lxml
2022-12-27T11:10:27.3213450Z   copying src/lxml/builder.py -> build/lib.macosx-11.0-arm64-cpython-39/lxml
2022-12-27T11:10:27.3216590Z   copying src/lxml/doctestcompare.py -> build/lib.macosx-11.0-arm64-cpython-39/lxml
2022-12-27T11:10:27.3226540Z   copying src/lxml/usedoctest.py -> build/lib.macosx-11.0-arm64-cpython-39/lxml
2022-12-27T11:10:27.3228660Z   copying src/lxml/cssselect.py -> build/lib.macosx-11.0-arm64-cpython-39/lxml
2022-12-27T11:10:27.3232230Z   copying src/lxml/ElementInclude.py -> build/lib.macosx-11.0-arm64-cpython-39/lxml
2022-12-27T11:10:27.3241100Z   creating build/lib.macosx-11.0-arm64-cpython-39/lxml/includes
2022-12-27T11:10:27.3244610Z   copying src/lxml/includes/__init__.py -> build/lib.macosx-11.0-arm64-cpython-39/lxml/includes
2022-12-27T11:10:27.3254850Z   creating build/lib.macosx-11.0-arm64-cpython-39/lxml/html
2022-12-27T11:10:27.3258750Z   copying src/lxml/html/soupparser.py -> build/lib.macosx-11.0-arm64-cpython-39/lxml/html
2022-12-27T11:10:27.3261170Z   copying src/lxml/html/defs.py -> build/lib.macosx-11.0-arm64-cpython-39/lxml/html
2022-12-27T11:10:27.3264590Z   copying src/lxml/html/_setmixin.py -> build/lib.macosx-11.0-arm64-cpython-39/lxml/html
2022-12-27T11:10:27.3267710Z   copying src/lxml/html/clean.py -> build/lib.macosx-11.0-arm64-cpython-39/lxml/html
2022-12-27T11:10:27.3271130Z   copying src/lxml/html/_diffcommand.py -> build/lib.macosx-11.0-arm64-cpython-39/lxml/html
2022-12-27T11:10:27.3274690Z   copying src/lxml/html/html5parser.py -> build/lib.macosx-11.0-arm64-cpython-39/lxml/html
2022-12-27T11:10:27.3278620Z   copying src/lxml/html/__init__.py -> build/lib.macosx-11.0-arm64-cpython-39/lxml/html
2022-12-27T11:10:27.3285960Z   copying src/lxml/html/formfill.py -> build/lib.macosx-11.0-arm64-cpython-39/lxml/html
2022-12-27T11:10:27.3289910Z   copying src/lxml/html/builder.py -> build/lib.macosx-11.0-arm64-cpython-39/lxml/html
2022-12-27T11:10:27.3292420Z   copying src/lxml/html/ElementSoup.py -> build/lib.macosx-11.0-arm64-cpython-39/lxml/html
2022-12-27T11:10:27.3296860Z   copying src/lxml/html/_html5builder.py -> build/lib.macosx-11.0-arm64-cpython-39/lxml/html
2022-12-27T11:10:27.3302010Z   copying src/lxml/html/usedoctest.py -> build/lib.macosx-11.0-arm64-cpython-39/lxml/html
2022-12-27T11:10:27.3305300Z   copying src/lxml/html/diff.py -> build/lib.macosx-11.0-arm64-cpython-39/lxml/html
2022-12-27T11:10:27.3313760Z   creating build/lib.macosx-11.0-arm64-cpython-39/lxml/isoschematron
2022-12-27T11:10:27.3318100Z   copying src/lxml/isoschematron/__init__.py -> build/lib.macosx-11.0-arm64-cpython-39/lxml/isoschematron
2022-12-27T11:10:27.3362500Z   copying src/lxml/lxml.etree.h -> build/lib.macosx-11.0-arm64-cpython-39/lxml
2022-12-27T11:10:27.3366570Z   copying src/lxml/lxml.etree_api.h -> build/lib.macosx-11.0-arm64-cpython-39/lxml
2022-12-27T11:10:27.3511290Z   copying src/lxml/includes/xmlerror.pxd -> build/lib.macosx-11.0-arm64-cpython-39/lxml/includes
2022-12-27T11:10:27.3512090Z   copying src/lxml/includes/c14n.pxd -> build/lib.macosx-11.0-arm64-cpython-39/lxml/includes
2022-12-27T11:10:27.3512920Z   copying src/lxml/includes/xmlschema.pxd -> build/lib.macosx-11.0-arm64-cpython-39/lxml/includes
2022-12-27T11:10:27.3513930Z   copying src/lxml/includes/schematron.pxd -> build/lib.macosx-11.0-arm64-cpython-39/lxml/includes
2022-12-27T11:10:27.3514570Z   copying src/lxml/includes/tree.pxd -> build/lib.macosx-11.0-arm64-cpython-39/lxml/includes
2022-12-27T11:10:27.3515150Z   copying src/lxml/includes/uri.pxd -> build/lib.macosx-11.0-arm64-cpython-39/lxml/includes
2022-12-27T11:10:27.3515710Z   copying src/lxml/includes/etreepublic.pxd -> build/lib.macosx-11.0-arm64-cpython-39/lxml/includes
2022-12-27T11:10:27.3516230Z   copying src/lxml/includes/xpath.pxd -> build/lib.macosx-11.0-arm64-cpython-39/lxml/includes
2022-12-27T11:10:27.3516860Z   copying src/lxml/includes/htmlparser.pxd -> build/lib.macosx-11.0-arm64-cpython-39/lxml/includes
2022-12-27T11:10:27.3517540Z   copying src/lxml/includes/xslt.pxd -> build/lib.macosx-11.0-arm64-cpython-39/lxml/includes
2022-12-27T11:10:27.3519220Z   copying src/lxml/includes/config.pxd -> build/lib.macosx-11.0-arm64-cpython-39/lxml/includes
2022-12-27T11:10:27.3519830Z   copying src/lxml/includes/xmlparser.pxd -> build/lib.macosx-11.0-arm64-cpython-39/lxml/includes
2022-12-27T11:10:27.3520510Z   copying src/lxml/includes/xinclude.pxd -> build/lib.macosx-11.0-arm64-cpython-39/lxml/includes
2022-12-27T11:10:27.3521860Z   copying src/lxml/includes/dtdvalid.pxd -> build/lib.macosx-11.0-arm64-cpython-39/lxml/includes
2022-12-27T11:10:27.3522560Z   copying src/lxml/includes/relaxng.pxd -> build/lib.macosx-11.0-arm64-cpython-39/lxml/includes
2022-12-27T11:10:27.3523170Z   copying src/lxml/includes/lxml-version.h -> build/lib.macosx-11.0-arm64-cpython-39/lxml/includes
2022-12-27T11:10:27.3523860Z   copying src/lxml/includes/etree_defs.h -> build/lib.macosx-11.0-arm64-cpython-39/lxml/includes
2022-12-27T11:10:27.3524610Z   creating build/lib.macosx-11.0-arm64-cpython-39/lxml/isoschematron/resources
2022-12-27T11:10:27.3525270Z   creating build/lib.macosx-11.0-arm64-cpython-39/lxml/isoschematron/resources/rng
2022-12-27T11:10:27.3526000Z   copying src/lxml/isoschematron/resources/rng/iso-schematron.rng -> build/lib.macosx-11.0-arm64-cpython-39/lxml/isoschematron/resources/rng
2022-12-27T11:10:27.3526720Z   creating build/lib.macosx-11.0-arm64-cpython-39/lxml/isoschematron/resources/xsl
2022-12-27T11:10:27.3527490Z   copying src/lxml/isoschematron/resources/xsl/XSD2Schtrn.xsl -> build/lib.macosx-11.0-arm64-cpython-39/lxml/isoschematron/resources/xsl
2022-12-27T11:10:27.3528330Z   copying src/lxml/isoschematron/resources/xsl/RNG2Schtrn.xsl -> build/lib.macosx-11.0-arm64-cpython-39/lxml/isoschematron/resources/xsl
2022-12-27T11:10:27.3529030Z   creating build/lib.macosx-11.0-arm64-cpython-39/lxml/isoschematron/resources/xsl/iso-schematron-xslt1
2022-12-27T11:10:27.3530360Z   copying src/lxml/isoschematron/resources/xsl/iso-schematron-xslt1/iso_abstract_expand.xsl -> build/lib.macosx-11.0-arm64-cpython-39/lxml/isoschematron/resources/xsl/iso-schematron-xslt1
2022-12-27T11:10:27.3531420Z   copying src/lxml/isoschematron/resources/xsl/iso-schematron-xslt1/iso_dsdl_include.xsl -> build/lib.macosx-11.0-arm64-cpython-39/lxml/isoschematron/resources/xsl/iso-schematron-xslt1
2022-12-27T11:10:27.3532410Z   copying src/lxml/isoschematron/resources/xsl/iso-schematron-xslt1/iso_schematron_skeleton_for_xslt1.xsl -> build/lib.macosx-11.0-arm64-cpython-39/lxml/isoschematron/resources/xsl/iso-schematron-xslt1
2022-12-27T11:10:27.3533360Z   copying src/lxml/isoschematron/resources/xsl/iso-schematron-xslt1/iso_svrl_for_xslt1.xsl -> build/lib.macosx-11.0-arm64-cpython-39/lxml/isoschematron/resources/xsl/iso-schematron-xslt1
2022-12-27T11:10:27.3534380Z   copying src/lxml/isoschematron/resources/xsl/iso-schematron-xslt1/iso_schematron_message.xsl -> build/lib.macosx-11.0-arm64-cpython-39/lxml/isoschematron/resources/xsl/iso-schematron-xslt1
2022-12-27T11:10:27.3535700Z   copying src/lxml/isoschematron/resources/xsl/iso-schematron-xslt1/readme.txt -> build/lib.macosx-11.0-arm64-cpython-39/lxml/isoschematron/resources/xsl/iso-schematron-xslt1
2022-12-27T11:10:27.3536300Z   running build_ext
2022-12-27T11:10:27.4135510Z   building 'lxml.etree' extension
2022-12-27T11:10:27.4138440Z   creating build/temp.macosx-11.0-arm64-cpython-39
2022-12-27T11:10:27.4139960Z   creating build/temp.macosx-11.0-arm64-cpython-39/src
2022-12-27T11:10:27.4143230Z   creating build/temp.macosx-11.0-arm64-cpython-39/src/lxml
2022-12-27T11:10:27.4147420Z   gcc -Wno-unused-result -Wsign-compare -Wunreachable-code -fno-common -dynamic -DNDEBUG -g -fwrapv -O3 -Wall -g -I/usr/local/opt/openssl@3/include -I/usr/local/opt/openssl@3/include -arch arm64 -I/Library/Developer/CommandLineTools/SDKs/MacOSX12.1.sdk/usr/include -Isrc/lxml/includes -I/private/var/folders/51/hd414ycd67n82196sw51xqtc0000gn/T/cibw-run-ufkjdlf0/cp39-macosx_arm64/build/venv/include -I/Library/Frameworks/Python.framework/Versions/3.9/include/python3.9 -c src/lxml/lxml.etree.c -o build/temp.macosx-11.0-arm64-cpython-39/src/lxml/lxml.etree.o -w -flat_namespace
2022-12-27T11:10:28.7875620Z   src/lxml/lxml.etree.c:219410:38: error: no member named 'tp_print' in 'struct _typeobject'
2022-12-27T11:10:28.7876600Z     __pyx_type_4lxml_5etree__TempStore.tp_print = 0;
2022-12-27T11:10:28.7877300Z     ~~~~~~~~~~~~~~~~~~~~~~~~~~~~~~~~~~ ^
2022-12-27T11:10:28.7880630Z   src/lxml/lxml.etree.c:219420:45: error: no member named 'tp_print' in 'struct _typeobject'
2022-12-27T11:10:28.7882050Z     __pyx_type_4lxml_5etree__ExceptionContext.tp_print = 0;
2022-12-27T11:10:28.7884680Z     ~~~~~~~~~~~~~~~~~~~~~~~~~~~~~~~~~~~~~~~~~ ^
2022-12-27T11:10:28.7888760Z   src/lxml/lxml.etree.c:219427:37: error: no member named 'tp_print' in 'struct _typeobject'
2022-12-27T11:10:28.7889570Z     __pyx_type_4lxml_5etree__LogEntry.tp_print = 0;
2022-12-27T11:10:28.7892940Z     ~~~~~~~~~~~~~~~~~~~~~~~~~~~~~~~~~ ^
2022-12-27T11:10:28.7896180Z   src/lxml/lxml.etree.c:219439:41: error: no member named 'tp_print' in 'struct _typeobject'
2022-12-27T11:10:28.7897320Z     __pyx_type_4lxml_5etree__BaseErrorLog.tp_print = 0;
2022-12-27T11:10:28.7900140Z     ~~~~~~~~~~~~~~~~~~~~~~~~~~~~~~~~~~~~~ ^
2022-12-27T11:10:28.7902430Z   src/lxml/lxml.etree.c:219448:41: error: no member named 'tp_print' in 'struct _typeobject'
2022-12-27T11:10:28.7905440Z     __pyx_type_4lxml_5etree__ListErrorLog.tp_print = 0;
2022-12-27T11:10:28.7907290Z     ~~~~~~~~~~~~~~~~~~~~~~~~~~~~~~~~~~~~~ ^
2022-12-27T11:10:28.7910460Z   src/lxml/lxml.etree.c:219453:44: error: no member named 'tp_print' in 'struct _typeobject'
2022-12-27T11:10:28.7913210Z     __pyx_type_4lxml_5etree__ErrorLogContext.tp_print = 0;
2022-12-27T11:10:28.7915270Z     ~~~~~~~~~~~~~~~~~~~~~~~~~~~~~~~~~~~~~~~~ ^
2022-12-27T11:10:28.7919390Z   src/lxml/lxml.etree.c:219465:37: error: no member named 'tp_print' in 'struct _typeobject'
2022-12-27T11:10:28.7921880Z     __pyx_type_4lxml_5etree__ErrorLog.tp_print = 0;
2022-12-27T11:10:28.7923580Z     ~~~~~~~~~~~~~~~~~~~~~~~~~~~~~~~~~ ^
2022-12-27T11:10:28.7926910Z   src/lxml/lxml.etree.c:219474:43: error: no member named 'tp_print' in 'struct _typeobject'
2022-12-27T11:10:28.7929270Z     __pyx_type_4lxml_5etree__DomainErrorLog.tp_print = 0;
2022-12-27T11:10:28.7931330Z     ~~~~~~~~~~~~~~~~~~~~~~~~~~~~~~~~~~~~~~~ ^
2022-12-27T11:10:28.7934410Z   src/lxml/lxml.etree.c:219483:45: error: no member named 'tp_print' in 'struct _typeobject'
2022-12-27T11:10:28.7936370Z     __pyx_type_4lxml_5etree__RotatingErrorLog.tp_print = 0;
2022-12-27T11:10:28.7938660Z     ~~~~~~~~~~~~~~~~~~~~~~~~~~~~~~~~~~~~~~~~~ ^
2022-12-27T11:10:28.7941860Z   src/lxml/lxml.etree.c:219493:38: error: no member named 'tp_print' in 'struct _typeobject'
2022-12-27T11:10:28.7944750Z     __pyx_type_4lxml_5etree_PyErrorLog.tp_print = 0;
2022-12-27T11:10:28.7946280Z     ~~~~~~~~~~~~~~~~~~~~~~~~~~~~~~~~~~ ^
2022-12-27T11:10:28.7949090Z   src/lxml/lxml.etree.c:219507:20: error: no member named 'tp_print' in 'struct _typeobject'
2022-12-27T11:10:28.7951380Z     LxmlDocumentType.tp_print = 0;
2022-12-27T11:10:28.7953670Z     ~~~~~~~~~~~~~~~~ ^
2022-12-27T11:10:28.7956910Z   src/lxml/lxml.etree.c:219514:35: error: no member named 'tp_print' in 'struct _typeobject'
2022-12-27T11:10:28.7961450Z     __pyx_type_4lxml_5etree_DocInfo.tp_print = 0;
2022-12-27T11:10:28.7962670Z     ~~~~~~~~~~~~~~~~~~~~~~~~~~~~~~~ ^
2022-12-27T11:10:28.7965440Z   src/lxml/lxml.etree.c:219519:19: error: no member named 'tp_print' in 'struct _typeobject'
2022-12-27T11:10:28.7967660Z     LxmlElementType.tp_print = 0;
2022-12-27T11:10:28.7969810Z     ~~~~~~~~~~~~~~~ ^
2022-12-27T11:10:28.7973230Z   src/lxml/lxml.etree.c:219596:48: error: no member named 'tp_print' in 'struct _typeobject'
2022-12-27T11:10:28.7975770Z     __pyx_type_4lxml_5etree___ContentOnlyElement.tp_print = 0;
2022-12-27T11:10:28.7977730Z     ~~~~~~~~~~~~~~~~~~~~~~~~~~~~~~~~~~~~~~~~~~~~ ^
2022-12-27T11:10:28.7981170Z   src/lxml/lxml.etree.c:219633:36: error: no member named 'tp_print' in 'struct _typeobject'
2022-12-27T11:10:28.7983210Z     __pyx_type_4lxml_5etree__Comment.tp_print = 0;
2022-12-27T11:10:28.7986390Z     ~~~~~~~~~~~~~~~~~~~~~~~~~~~~~~~~ ^
2022-12-27T11:10:28.7988830Z   src/lxml/lxml.etree.c:219641:50: error: no member named 'tp_print' in 'struct _typeobject'
2022-12-27T11:10:28.7992670Z     __pyx_type_4lxml_5etree__ProcessingInstruction.tp_print = 0;
2022-12-27T11:10:28.7994100Z     ~~~~~~~~~~~~~~~~~~~~~~~~~~~~~~~~~~~~~~~~~~~~~~ ^
2022-12-27T11:10:28.7997220Z   src/lxml/lxml.etree.c:219649:35: error: no member named 'tp_print' in 'struct _typeobject'
2022-12-27T11:10:28.7999550Z     __pyx_type_4lxml_5etree__Entity.tp_print = 0;
2022-12-27T11:10:28.8003000Z     ~~~~~~~~~~~~~~~~~~~~~~~~~~~~~~~ ^
2022-12-27T11:10:28.8005560Z   src/lxml/lxml.etree.c:219654:33: error: no member named 'tp_print' in 'struct _typeobject'
2022-12-27T11:10:28.8008370Z     __pyx_type_4lxml_5etree_QName.tp_print = 0;
2022-12-27T11:10:28.8010900Z     ~~~~~~~~~~~~~~~~~~~~~~~~~~~~~ ^
2022-12-27T11:10:28.8013620Z   src/lxml/lxml.etree.c:219660:23: error: no member named 'tp_print' in 'struct _typeobject'
2022-12-27T11:10:28.8016260Z     LxmlElementTreeType.tp_print = 0;
2022-12-27T11:10:28.8018500Z     ~~~~~~~~~~~~~~~~~~~ ^
2022-12-27T11:10:28.8021960Z   fatal error: too many errors emitted, stopping now [-ferror-limit=]
2022-12-27T11:10:28.9773660Z   20 errors generated.
2022-12-27T11:10:28.9852960Z   Compile failed: command '/usr/bin/gcc' failed with exit code 1
2022-12-27T11:10:29.1202740Z   creating var
2022-12-27T11:10:29.1204650Z   creating var/folders
2022-12-27T11:10:29.1206710Z   creating var/folders/51
2022-12-27T11:10:29.1209590Z   creating var/folders/51/hd414ycd67n82196sw51xqtc0000gn
2022-12-27T11:10:29.1212440Z   creating var/folders/51/hd414ycd67n82196sw51xqtc0000gn/T
2022-12-27T11:10:29.1217370Z   cc -arch arm64 -I/Library/Developer/CommandLineTools/SDKs/MacOSX12.1.sdk/usr/include -I/usr/include/libxml2 -c /var/folders/51/hd414ycd67n82196sw51xqtc0000gn/T/xmlXPathInit1firroqc.c -o var/folders/51/hd414ycd67n82196sw51xqtc0000gn/T/xmlXPathInit1firroqc.o
2022-12-27T11:10:29.2035150Z   cc -arch arm64 var/folders/51/hd414ycd67n82196sw51xqtc0000gn/T/xmlXPathInit1firroqc.o -L/Library/Developer/CommandLineTools/SDKs/MacOSX12.1.sdk/usr/lib -lxml2 -o a.out
2022-12-27T11:10:29.2796910Z   error: command '/usr/bin/gcc' failed with exit code 1
2022-12-27T11:10:29.3539380Z   error: subprocess-exited-with-error
2022-12-27T11:10:29.3540180Z   
2022-12-27T11:10:29.3541150Z   Ã— python setup.py bdist_wheel did not run successfully.
2022-12-27T11:10:29.3542080Z   â”‚ exit code: 1
2022-12-27T11:10:29.3542860Z   â•°â”€> See above for output.
2022-12-27T11:10:29.3543510Z   
2022-12-27T11:10:29.3544190Z   note: This error originates from a subprocess, and is likely not a problem with pip.
2022-12-27T11:10:29.3557160Z   full command: /private/var/folders/51/hd414ycd67n82196sw51xqtc0000gn/T/cibw-run-ufkjdlf0/cp39-macosx_arm64/build/venv/bin/python -u -c '
2022-12-27T11:10:29.3557900Z   exec(compile('"'"''"'"''"'"'
2022-12-27T11:10:29.3559180Z   # This is <pip-setuptools-caller> -- a caller that pip uses to run setup.py
2022-12-27T11:10:29.3559850Z   #
2022-12-27T11:10:29.3560890Z   # - It imports setuptools before invoking setup.py, to enable projects that directly
2022-12-27T11:10:29.3562100Z   #   import from `distutils.core` to work with newer packaging standards.
2022-12-27T11:10:29.3563130Z   # - It provides a clear error message when setuptools is not installed.
2022-12-27T11:10:29.3564160Z   # - It sets `sys.argv[0]` to the underlying `setup.py`, when invoking `setup.py` so
2022-12-27T11:10:29.3565430Z   #   setuptools doesn'"'"'t think the script is `-c`. This avoids the following warning:
2022-12-27T11:10:29.3566520Z   #     manifest_maker: standard file '"'"'-c'"'"' not found".
2022-12-27T11:10:29.3567480Z   # - It generates a shim setup.py, for handling setup.cfg-only projects.
2022-12-27T11:10:29.3568080Z   import os, sys, tokenize
2022-12-27T11:10:29.3568420Z   
2022-12-27T11:10:29.3568630Z   try:
2022-12-27T11:10:29.3568910Z       import setuptools
2022-12-27T11:10:29.3569270Z   except ImportError as error:
2022-12-27T11:10:29.3569560Z       print(
2022-12-27T11:10:29.3570860Z           "ERROR: Can not execute `setup.py` since setuptools is not available in "
2022-12-27T11:10:29.3571230Z           "the build environment.",
2022-12-27T11:10:29.3571440Z           file=sys.stderr,
2022-12-27T11:10:29.3571710Z       )
2022-12-27T11:10:29.3571970Z       sys.exit(1)
2022-12-27T11:10:29.3572270Z   
2022-12-27T11:10:29.3572490Z   __file__ = %r
2022-12-27T11:10:29.3572800Z   sys.argv[0] = __file__
2022-12-27T11:10:29.3573100Z   
2022-12-27T11:10:29.3573340Z   if os.path.exists(__file__):
2022-12-27T11:10:29.3573700Z       filename = __file__
2022-12-27T11:10:29.3574050Z       with tokenize.open(__file__) as f:
2022-12-27T11:10:29.3574330Z           setup_py_code = f.read()
2022-12-27T11:10:29.3574650Z   else:
2022-12-27T11:10:29.3575090Z       filename = "<auto-generated setuptools caller>"
2022-12-27T11:10:29.3575480Z       setup_py_code = "from setuptools import setup; setup()"
2022-12-27T11:10:29.3575850Z   
2022-12-27T11:10:29.3576220Z   exec(compile(setup_py_code, filename, "exec"))
2022-12-27T11:10:29.3577040Z   '"'"''"'"''"'"' % ('"'"'/Users/runner/actions-runner/_work/python.build/python.build/build_lxml37039/lxml-3.7.0/setup.py'"'"',), "<pip-setuptools-caller>", "exec"))' bdist_wheel -d /private/var/folders/51/hd414ycd67n82196sw51xqtc0000gn/T/pip-wheel-5gp8yd5h
2022-12-27T11:10:29.3577920Z   cwd: /Users/runner/actions-runner/_work/python.build/python.build/build_lxml37039/lxml-3.7.0/
2022-12-27T11:10:29.3578420Z   ERROR: Failed building wheel for lxml
2022-12-27T11:10:29.3578980Z   Building wheel for lxml (setup.py): finished with status 'error'
2022-12-27T11:10:29.3579520Z   Running command python setup.py clean
2022-12-27T11:10:29.3579930Z   Running setup.py clean for lxml
2022-12-27T11:10:29.6510780Z   Building lxml version 3.7.0.
2022-12-27T11:10:29.6513420Z   Building without Cython.
2022-12-27T11:10:29.6778300Z   Using build configuration of libxslt 1.1.29
2022-12-27T11:10:29.8783080Z   Building against libxml2/libxslt in the following directory: /Library/Developer/CommandLineTools/SDKs/MacOSX12.1.sdk/usr/lib
2022-12-27T11:10:29.9077340Z   running clean
2022-12-27T11:10:29.9131760Z   removing 'build/temp.macosx-11.0-arm64-cpython-39' (and everything under it)
2022-12-27T11:10:29.9133440Z   removing 'build/lib.macosx-11.0-arm64-cpython-39' (and everything under it)
2022-12-27T11:10:29.9223280Z   'build/bdist.macosx-11.0-arm64' does not exist -- can't clean it
2022-12-27T11:10:29.9224360Z   'build/scripts-3.9' does not exist -- can't clean it
2022-12-27T11:10:29.9228220Z   removing 'build'
2022-12-27T11:10:29.9804570Z Failed to build lxml
2022-12-27T11:10:29.9813020Z ERROR: Failed to build one or more wheels
2022-12-27T11:10:29.9830280Z Exception information:
2022-12-27T11:10:29.9831260Z Traceback (most recent call last):
2022-12-27T11:10:29.9845870Z   File "/private/var/folders/51/hd414ycd67n82196sw51xqtc0000gn/T/cibw-run-ufkjdlf0/cp39-macosx_arm64/build/venv/lib/python3.9/site-packages/pip/_internal/cli/base_command.py", line 160, in exc_logging_wrapper
2022-12-27T11:10:29.9846580Z     status = run_func(*args)
2022-12-27T11:10:29.9847460Z   File "/private/var/folders/51/hd414ycd67n82196sw51xqtc0000gn/T/cibw-run-ufkjdlf0/cp39-macosx_arm64/build/venv/lib/python3.9/site-packages/pip/_internal/cli/req_command.py", line 247, in wrapper
2022-12-27T11:10:29.9848000Z     return func(self, options, args)
2022-12-27T11:10:29.9848800Z   File "/private/var/folders/51/hd414ycd67n82196sw51xqtc0000gn/T/cibw-run-ufkjdlf0/cp39-macosx_arm64/build/venv/lib/python3.9/site-packages/pip/_internal/commands/wheel.py", line 201, in run
2022-12-27T11:10:29.9849380Z     raise CommandError("Failed to build one or more wheels")
2022-12-27T11:10:29.9849860Z pip._internal.exceptions.CommandError: Failed to build one or more wheels
2022-12-27T11:10:29.9850540Z Removed build tracker: '/private/var/folders/51/hd414ycd67n82196sw51xqtc0000gn/T/pip-build-tracker-o2c5_g_1'
2022-12-27T11:10:30.0983280Z ##[endgroup]
2022-12-27T11:10:30.1018060Z ##[error]Command ['python', '-m', 'pip', 'wheel', '/Users/runner/actions-runner/_work/python.build/python.build/build_lxml37039/lxml-3.7.0', '--wheel-dir=/private/var/folders/51/hd414ycd67n82196sw51xqtc0000gn/T/cibw-run-ufkjdlf0/cp39-macosx_arm64/built_wheel', '--no-deps', '-vvv'] failed with code 1. None
2022-12-27T11:10:30.1028390Z 
2022-12-27T11:10:30.1028970Z                                                               [31mâœ• [0m4.76s
2022-12-27T11:10:30.1880250Z ##[error]Process completed with exit code 1.
2022-12-27T11:10:30.1934450Z ##[group]Run rm -rf build_lxml37039 wheelsout
2022-12-27T11:10:30.1934770Z [36;1mrm -rf build_lxml37039 wheelsout[0m
2022-12-27T11:10:30.1962550Z shell: /bin/bash -e {0}
2022-12-27T11:10:30.1962770Z env:
2022-12-27T11:10:30.1963030Z   pythonLocation: /Users/runner/hostedtoolcache/Python/3.9.16/x64
2022-12-27T11:10:30.1963410Z   PKG_CONFIG_PATH: /Users/runner/hostedtoolcache/Python/3.9.16/x64/lib/pkgconfig
2022-12-27T11:10:30.1963780Z   Python_ROOT_DIR: /Users/runner/hostedtoolcache/Python/3.9.16/x64
2022-12-27T11:10:30.1964120Z   Python2_ROOT_DIR: /Users/runner/hostedtoolcache/Python/3.9.16/x64
2022-12-27T11:10:30.1964470Z   Python3_ROOT_DIR: /Users/runner/hostedtoolcache/Python/3.9.16/x64
2022-12-27T11:10:30.1964730Z ##[endgroup]
2022-12-27T11:10:30.3080690Z Cleaning up orphan processes
