2022-12-27T08:55:30.4348631Z Requested labels: self-hosted, macOS, X64
2022-12-27T08:55:30.4348728Z Job defined at: kilnbuild/python.build/.github/workflows/mac_arm_build.yml@refs/heads/main
2022-12-27T08:55:30.4348779Z Waiting for a runner to pick up this job...
2022-12-27T11:34:18.8882161Z Job is about to start running on the runner: kr2 (organization)
2022-12-27T11:34:25.9472080Z Current runner version: '2.300.2'
2022-12-27T11:34:25.9480270Z Runner name: 'kr2'
2022-12-27T11:34:25.9480680Z Runner group name: 'Default'
2022-12-27T11:34:25.9481650Z Machine name: 'kr2'
2022-12-27T11:34:25.9484410Z ##[group]GITHUB_TOKEN Permissions
2022-12-27T11:34:25.9485140Z Actions: write
2022-12-27T11:34:25.9485400Z Checks: write
2022-12-27T11:34:25.9485660Z Contents: write
2022-12-27T11:34:25.9485920Z Deployments: write
2022-12-27T11:34:25.9486180Z Discussions: write
2022-12-27T11:34:25.9486450Z Issues: write
2022-12-27T11:34:25.9486700Z Metadata: read
2022-12-27T11:34:25.9486960Z Packages: write
2022-12-27T11:34:25.9487230Z Pages: write
2022-12-27T11:34:25.9487490Z PullRequests: write
2022-12-27T11:34:25.9487800Z RepositoryProjects: write
2022-12-27T11:34:25.9488100Z SecurityEvents: write
2022-12-27T11:34:25.9488380Z Statuses: write
2022-12-27T11:34:25.9488630Z ##[endgroup]
2022-12-27T11:34:25.9492530Z Secret source: Actions
2022-12-27T11:34:25.9493060Z Prepare workflow directory
2022-12-27T11:34:26.0650490Z Prepare all required actions
2022-12-27T11:34:26.0877760Z Getting action download info
2022-12-27T11:34:26.5279520Z Download action repository 'actions/setup-python@v4' (SHA:5ccb29d8773c3f3f653e1705f474dfaa8a06a912)
2022-12-27T11:34:28.4579640Z Download action repository 'actions/upload-artifact@v3' (SHA:83fd05a356d7e2593de66fc9913b3002723633cb)
2022-12-27T11:34:30.1391300Z ##[group]Run echo '{
2022-12-27T11:34:30.1391670Z [36;1mecho '{[0m
2022-12-27T11:34:30.1391880Z [36;1m  "package_name": "lxml",[0m
2022-12-27T11:34:30.1392330Z [36;1m  "package_url": "https://files.pythonhosted.org/packages/09/70/9176a425aa436677dcc4ddd39b78ba598ca55683aefb47c6b7f617fa17cc/lxml-2.3.3.tar.gz",[0m
2022-12-27T11:34:30.1392830Z [36;1m  "package_version": "2.3.3",[0m
2022-12-27T11:34:30.1393110Z [36;1m  "python_version": "3.8",[0m
2022-12-27T11:34:30.1393410Z [36;1m  "use_ccache": "true"[0m
2022-12-27T11:34:30.1393600Z [36;1m}'[0m
2022-12-27T11:34:30.1419660Z shell: /bin/bash -e {0}
2022-12-27T11:34:30.1419870Z ##[endgroup]
2022-12-27T11:34:30.1823810Z {
2022-12-27T11:34:30.1827300Z   "package_name": "lxml",
2022-12-27T11:34:30.1828850Z   "package_url": "https://files.pythonhosted.org/packages/09/70/9176a425aa436677dcc4ddd39b78ba598ca55683aefb47c6b7f617fa17cc/lxml-2.3.3.tar.gz",
2022-12-27T11:34:30.1829500Z   "package_version": "2.3.3",
2022-12-27T11:34:30.1830020Z   "python_version": "3.8",
2022-12-27T11:34:30.1830330Z   "use_ccache": "true"
2022-12-27T11:34:30.1830680Z }
2022-12-27T11:34:30.2214640Z ##[group]Run actions/setup-python@v4
2022-12-27T11:34:30.2215240Z with:
2022-12-27T11:34:30.2215530Z   python-version: 3.8
2022-12-27T11:34:30.2215900Z   check-latest: false
2022-12-27T11:34:30.2216500Z   token: ***
2022-12-27T11:34:30.2216950Z   update-environment: true
2022-12-27T11:34:30.2217240Z ##[endgroup]
2022-12-27T11:34:30.4290790Z ##[group]Installed versions
2022-12-27T11:34:30.4355940Z Successfully set up CPython (3.8.15)
2022-12-27T11:34:30.4357410Z ##[endgroup]
2022-12-27T11:34:30.4601230Z ##[group]Run if [ "true" == "true" ]
2022-12-27T11:34:30.4601850Z [36;1mif [ "true" == "true" ][0m
2022-12-27T11:34:30.4602420Z [36;1mthen[0m
2022-12-27T11:34:30.4602750Z [36;1m  echo "CCACHE_PATH_PREPEND=/usr/local/opt/ccache/libexec" >> $GITHUB_OUTPUT[0m
2022-12-27T11:34:30.4603180Z [36;1melse[0m
2022-12-27T11:34:30.4603570Z [36;1m  echo "CCACHE_PATH_PREPEND=" >> $GITHUB_OUTPUT[0m
2022-12-27T11:34:30.4603870Z [36;1mfi[0m
2022-12-27T11:34:30.4637160Z shell: /bin/bash -e {0}
2022-12-27T11:34:30.4637550Z env:
2022-12-27T11:34:30.4637890Z   pythonLocation: /Users/runner/hostedtoolcache/Python/3.8.15/x64
2022-12-27T11:34:30.4638510Z   PKG_CONFIG_PATH: /Users/runner/hostedtoolcache/Python/3.8.15/x64/lib/pkgconfig
2022-12-27T11:34:30.4639010Z   Python_ROOT_DIR: /Users/runner/hostedtoolcache/Python/3.8.15/x64
2022-12-27T11:34:30.4639480Z   Python2_ROOT_DIR: /Users/runner/hostedtoolcache/Python/3.8.15/x64
2022-12-27T11:34:30.4640050Z   Python3_ROOT_DIR: /Users/runner/hostedtoolcache/Python/3.8.15/x64
2022-12-27T11:34:30.4641090Z ##[endgroup]
2022-12-27T11:34:30.4950100Z ##[group]Run echo "BUILD_NAME=$(echo lxml_2.3.3_3.8 | tr -dc '[:alnum:]\n\r' | tr '[:upper:]' '[:lower:]')" >> $GITHUB_OUTPUT
2022-12-27T11:34:30.4950620Z [36;1mecho "BUILD_NAME=$(echo lxml_2.3.3_3.8 | tr -dc '[:alnum:]\n\r' | tr '[:upper:]' '[:lower:]')" >> $GITHUB_OUTPUT[0m
2022-12-27T11:34:30.4976360Z shell: /bin/bash -e {0}
2022-12-27T11:34:30.4976530Z env:
2022-12-27T11:34:30.4976760Z   pythonLocation: /Users/runner/hostedtoolcache/Python/3.8.15/x64
2022-12-27T11:34:30.4977080Z   PKG_CONFIG_PATH: /Users/runner/hostedtoolcache/Python/3.8.15/x64/lib/pkgconfig
2022-12-27T11:34:30.4977380Z   Python_ROOT_DIR: /Users/runner/hostedtoolcache/Python/3.8.15/x64
2022-12-27T11:34:30.4977660Z   Python2_ROOT_DIR: /Users/runner/hostedtoolcache/Python/3.8.15/x64
2022-12-27T11:34:30.4978000Z   Python3_ROOT_DIR: /Users/runner/hostedtoolcache/Python/3.8.15/x64
2022-12-27T11:34:30.4978240Z ##[endgroup]
2022-12-27T11:34:30.5203970Z ##[group]Run echo "PYTHON_NO_DOTS=$(echo 3.8 | tr -dc '[:alnum:]\n\r' | tr '[:upper:]' '[:lower:]')" >> $GITHUB_OUTPUT
2022-12-27T11:34:30.5204640Z [36;1mecho "PYTHON_NO_DOTS=$(echo 3.8 | tr -dc '[:alnum:]\n\r' | tr '[:upper:]' '[:lower:]')" >> $GITHUB_OUTPUT[0m
2022-12-27T11:34:30.5235280Z shell: /bin/bash -e {0}
2022-12-27T11:34:30.5235620Z env:
2022-12-27T11:34:30.5236010Z   pythonLocation: /Users/runner/hostedtoolcache/Python/3.8.15/x64
2022-12-27T11:34:30.5237480Z   PKG_CONFIG_PATH: /Users/runner/hostedtoolcache/Python/3.8.15/x64/lib/pkgconfig
2022-12-27T11:34:30.5238030Z   Python_ROOT_DIR: /Users/runner/hostedtoolcache/Python/3.8.15/x64
2022-12-27T11:34:30.5238500Z   Python2_ROOT_DIR: /Users/runner/hostedtoolcache/Python/3.8.15/x64
2022-12-27T11:34:30.5239050Z   Python3_ROOT_DIR: /Users/runner/hostedtoolcache/Python/3.8.15/x64
2022-12-27T11:34:30.5239410Z ##[endgroup]
2022-12-27T11:34:30.5493150Z ##[group]Run rm -rf build_lxml23338
2022-12-27T11:34:30.5493870Z [36;1mrm -rf build_lxml23338[0m
2022-12-27T11:34:30.5494190Z [36;1mmkdir build_lxml23338[0m
2022-12-27T11:34:30.5494530Z [36;1mcd build_lxml23338[0m
2022-12-27T11:34:30.5495140Z [36;1m/usr/local/bin/wget --quiet https://files.pythonhosted.org/packages/09/70/9176a425aa436677dcc4ddd39b78ba598ca55683aefb47c6b7f617fa17cc/lxml-2.3.3.tar.gz[0m
2022-12-27T11:34:30.5495610Z [36;1mtar xf *.tar.gz[0m
2022-12-27T11:34:30.5495910Z [36;1mcd *[0m
2022-12-27T11:34:30.5496180Z [36;1mpython -m pip install cibuildwheel==2.11.3[0m
2022-12-27T11:34:30.5496640Z [36;1mpython -m cibuildwheel --output-dir ../wheelsout[0m
2022-12-27T11:34:30.5524360Z shell: /bin/bash -e {0}
2022-12-27T11:34:30.5524610Z env:
2022-12-27T11:34:30.5524990Z   pythonLocation: /Users/runner/hostedtoolcache/Python/3.8.15/x64
2022-12-27T11:34:30.5525690Z   PKG_CONFIG_PATH: /Users/runner/hostedtoolcache/Python/3.8.15/x64/lib/pkgconfig
2022-12-27T11:34:30.5526200Z   Python_ROOT_DIR: /Users/runner/hostedtoolcache/Python/3.8.15/x64
2022-12-27T11:34:30.5526640Z   Python2_ROOT_DIR: /Users/runner/hostedtoolcache/Python/3.8.15/x64
2022-12-27T11:34:30.5527080Z   Python3_ROOT_DIR: /Users/runner/hostedtoolcache/Python/3.8.15/x64
2022-12-27T11:34:30.5527560Z   CIBW_ARCHS_MACOS: arm64
2022-12-27T11:34:30.5527820Z   CIBW_TEST_SKIP: *_arm64
2022-12-27T11:34:30.5528160Z   CIBW_BUILD: cp38-macosx_arm64
2022-12-27T11:34:30.5528490Z   CIBW_BUILD_FRONTEND: pip
2022-12-27T11:34:30.5528760Z   CIBW_BUILD_VERBOSITY: 3
2022-12-27T11:34:30.5529620Z   CIBW_ENVIRONMENT_MACOS:  CFLAGS="-I/usr/local/opt/openssl@3/include" LDFLAGS="-L/usr/local/opt/openssl@3/lib" CPPFLAGS="-I/usr/local/opt/openssl@3/include" MAKEFLAGS="-j$(sysctl -n hw.logicalcpu)" PATH=/usr/local/opt/ccache/libexec:$PATH
2022-12-27T11:34:30.5530300Z   CIBW_BEFORE_BUILD: pip install Cython; if [[ -f requirements.txt ]]; then pip install -r requirements.txt; fi
2022-12-27T11:34:30.5530760Z   MAKEFLAGS: -j$(sysctl -n hw.logicalcpu)
2022-12-27T11:34:30.5531030Z ##[endgroup]
2022-12-27T11:34:31.3398950Z Requirement already satisfied: cibuildwheel==2.11.3 in /Users/runner/hostedtoolcache/Python/3.8.15/x64/lib/python3.8/site-packages (2.11.3)
2022-12-27T11:34:31.3950860Z Requirement already satisfied: bashlex!=0.13 in /Users/runner/hostedtoolcache/Python/3.8.15/x64/lib/python3.8/site-packages (from cibuildwheel==2.11.3) (0.16)
2022-12-27T11:34:31.3965780Z Requirement already satisfied: typing-extensions>=4.1.0 in /Users/runner/hostedtoolcache/Python/3.8.15/x64/lib/python3.8/site-packages (from cibuildwheel==2.11.3) (4.4.0)
2022-12-27T11:34:31.3969970Z Requirement already satisfied: filelock in /Users/runner/hostedtoolcache/Python/3.8.15/x64/lib/python3.8/site-packages (from cibuildwheel==2.11.3) (3.8.2)
2022-12-27T11:34:31.3979760Z Requirement already satisfied: tomli in /Users/runner/hostedtoolcache/Python/3.8.15/x64/lib/python3.8/site-packages (from cibuildwheel==2.11.3) (2.0.1)
2022-12-27T11:34:31.3984560Z Requirement already satisfied: certifi in /Users/runner/hostedtoolcache/Python/3.8.15/x64/lib/python3.8/site-packages (from cibuildwheel==2.11.3) (2022.12.7)
2022-12-27T11:34:31.3989660Z Requirement already satisfied: platformdirs in /Users/runner/hostedtoolcache/Python/3.8.15/x64/lib/python3.8/site-packages (from cibuildwheel==2.11.3) (2.6.0)
2022-12-27T11:34:31.3997110Z Requirement already satisfied: packaging>=20.9 in /Users/runner/hostedtoolcache/Python/3.8.15/x64/lib/python3.8/site-packages (from cibuildwheel==2.11.3) (22.0)
2022-12-27T11:34:31.4002340Z Requirement already satisfied: bracex in /Users/runner/hostedtoolcache/Python/3.8.15/x64/lib/python3.8/site-packages (from cibuildwheel==2.11.3) (2.3.post1)
2022-12-27T11:34:31.6975160Z 
2022-12-27T11:34:31.6975620Z      _ _       _ _   _       _           _
2022-12-27T11:34:31.6976620Z  ___|_| |_ _ _|_| |_| |_ _ _| |_ ___ ___| |
2022-12-27T11:34:31.6977730Z |  _| | . | | | | | . | | | |   | -_| -_| |
2022-12-27T11:34:31.6979380Z |___|_|___|___|_|_|___|_____|_|_|___|___|_|
2022-12-27T11:34:31.6981490Z 
2022-12-27T11:34:31.6981750Z cibuildwheel version 2.11.3
2022-12-27T11:34:31.6982020Z 
2022-12-27T11:34:31.6982190Z Build options:
2022-12-27T11:34:31.6982640Z   platform: macos
2022-12-27T11:34:31.7252110Z   architectures: arm64[0m
2022-12-27T11:34:31.7252720Z   build_selector: 
2022-12-27T11:34:31.7253370Z     build_config: cp38-macosx_arm64
2022-12-27T11:34:31.7254260Z     skip_config: 
2022-12-27T11:34:31.7254680Z     requires_python: None
2022-12-27T11:34:31.7255630Z     prerelease_pythons: False[0m
2022-12-27T11:34:31.7256230Z   [38;5;244mcontainer_engine: docker[0m
2022-12-27T11:34:31.7257430Z   output_dir: /Users/runner/actions-runner/_work/python.build/python.build/build_lxml23338/wheelsout[0m
2022-12-27T11:34:31.7259350Z   package_dir: /Users/runner/actions-runner/_work/python.build/python.build/build_lxml23338/lxml-2.3.3[0m
2022-12-27T11:34:31.7260210Z   test_selector: 
2022-12-27T11:34:31.7260840Z     skip_config: *_arm64[0m
2022-12-27T11:34:31.7261460Z   [38;5;244mbefore_all: [0m
2022-12-27T11:34:31.7262750Z   before_build: pip install Cython; if [[ -f requirements.txt ]]; then pip install -r requirements.txt; fi[0m
2022-12-27T11:34:31.7263390Z   [38;5;244mbefore_test: [0m
2022-12-27T11:34:31.7263810Z   [38;5;244mbuild_frontend: pip[0m
2022-12-27T11:34:31.7264360Z   build_verbosity: 3[0m
2022-12-27T11:34:31.7264810Z   [38;5;244mconfig_settings: [0m
2022-12-27T11:34:31.7265380Z   [38;5;244mdependency_constraints: pinned[0m
2022-12-27T11:34:31.7265780Z   environment: 
2022-12-27T11:34:31.7266270Z     CFLAGS="-I/usr/local/opt/openssl@3/include"
2022-12-27T11:34:31.7266710Z     LDFLAGS="-L/usr/local/opt/openssl@3/lib"
2022-12-27T11:34:31.7267230Z     CPPFLAGS="-I/usr/local/opt/openssl@3/include"
2022-12-27T11:34:31.7267850Z     MAKEFLAGS="-j$(sysctl -n hw.logicalcpu)"
2022-12-27T11:34:31.7268300Z     PATH=/usr/local/opt/ccache/libexec:$PATH[0m
2022-12-27T11:34:31.7268800Z   [38;5;244mmanylinux_images: None[0m
2022-12-27T11:34:31.7269270Z   [38;5;244mmusllinux_images: None[0m
2022-12-27T11:34:31.7269810Z   [38;5;244mrepair_command: delocate-wheel --require-archs {delocate_archs} -w {dest_dir} -v {wheel}[0m
2022-12-27T11:34:31.7271310Z   [38;5;244mtest_command: [0m
2022-12-27T11:34:31.7271760Z   [38;5;244mtest_extras: [0m
2022-12-27T11:34:31.7272220Z   [38;5;244mtest_requires: [0m
2022-12-27T11:34:31.7272360Z 
2022-12-27T11:34:31.7272580Z Cache folder: /Users/runner/Library/Caches/cibuildwheel
2022-12-27T11:34:31.7285870Z 
2022-12-27T11:34:31.7286770Z Here we go!
2022-12-27T11:34:31.7287060Z 
2022-12-27T11:34:31.7394650Z 
2022-12-27T11:34:31.7395890Z [1m[34mBuilding cp38-macosx_arm64 wheel[0m
2022-12-27T11:34:31.7396440Z CPython 3.8 macOS arm64 - Apple Silicon
2022-12-27T11:34:31.7396670Z 
2022-12-27T11:34:31.7401430Z ##[group]Installing Python cp38...
2022-12-27T11:34:31.7401680Z 
2022-12-27T11:34:31.7405230Z + pkgutil --pkgs
2022-12-27T11:34:31.7625620Z ##[endgroup]
2022-12-27T11:34:31.7628000Z                                                               [32m✓ [0m0.02s
2022-12-27T11:34:31.7628930Z ##[group]Setting up build environment...
2022-12-27T11:34:31.7629170Z 
2022-12-27T11:34:31.7666180Z + /Users/runner/hostedtoolcache/Python/3.8.15/x64/bin/python -sS /Users/runner/Library/Caches/cibuildwheel/virtualenv-20.17.0.pyz --activators= --no-periodic-update --pip=22.3.1 --setuptools=65.6.3 --wheel=0.38.4 --symlink-app-data --python /Library/Frameworks/Python.framework/Versions/3.8/bin/python3 /private/var/folders/51/hd414ycd67n82196sw51xqtc0000gn/T/cibw-run-_zct2bev/cp38-macosx_arm64/build/venv
2022-12-27T11:34:32.0670430Z created virtual environment CPython3.8.10.final.0-64 in 75ms
2022-12-27T11:34:32.0671500Z   creator CPython3Posix(dest=/private/var/folders/51/hd414ycd67n82196sw51xqtc0000gn/T/cibw-run-_zct2bev/cp38-macosx_arm64/build/venv, clear=False, no_vcs_ignore=False, global=False)
2022-12-27T11:34:32.0672650Z   seeder FromAppData(download=False, pip=22.3.1, setuptools=65.6.3, wheel=0.38.4, via=symlink, app_data_dir=/Users/runner/Library/Application Support/virtualenv)
2022-12-27T11:34:32.0673270Z     added seed packages: pip==22.3.1, setuptools==65.6.3, wheel==0.38.4
2022-12-27T11:34:32.0891340Z + python -m pip install --upgrade pip -c /Users/runner/hostedtoolcache/Python/3.8.15/x64/lib/python3.8/site-packages/cibuildwheel/resources/constraints-python38.txt
2022-12-27T11:34:32.5968030Z Requirement already satisfied: pip in ./lib/python3.8/site-packages (22.3.1)
2022-12-27T11:34:32.8796790Z + which pip
2022-12-27T11:34:32.8837470Z /private/var/folders/51/hd414ycd67n82196sw51xqtc0000gn/T/cibw-run-_zct2bev/cp38-macosx_arm64/build/venv/bin/pip
2022-12-27T11:34:32.8844870Z + pip --version
2022-12-27T11:34:33.2644580Z pip 22.3.1 from /private/var/folders/51/hd414ycd67n82196sw51xqtc0000gn/T/cibw-run-_zct2bev/cp38-macosx_arm64/build/venv/lib/python3.8/site-packages/pip (python 3.8)
2022-12-27T11:34:33.3150600Z + which pip
2022-12-27T11:34:33.3198800Z + which python
2022-12-27T11:34:33.3237830Z /private/var/folders/51/hd414ycd67n82196sw51xqtc0000gn/T/cibw-run-_zct2bev/cp38-macosx_arm64/build/venv/bin/python
2022-12-27T11:34:33.3243820Z + python --version
2022-12-27T11:34:33.3333230Z Python 3.8.10
2022-12-27T11:34:33.3339450Z + which python
2022-12-27T11:34:33.3435570Z ##[endgroup]
2022-12-27T11:34:33.3438510Z                                                               [32m✓ [0m1.58s
2022-12-27T11:34:33.3441370Z ##[group]Installing build tools...
2022-12-27T11:34:33.3441830Z 
2022-12-27T11:34:33.3443040Z + pip install --upgrade setuptools wheel delocate -c /Users/runner/hostedtoolcache/Python/3.8.15/x64/lib/python3.8/site-packages/cibuildwheel/resources/constraints-python38.txt
2022-12-27T11:34:33.8603630Z Requirement already satisfied: setuptools in /private/var/folders/51/hd414ycd67n82196sw51xqtc0000gn/T/cibw-run-_zct2bev/cp38-macosx_arm64/build/venv/lib/python3.8/site-packages (65.6.3)
2022-12-27T11:34:34.2899180Z Requirement already satisfied: wheel in /private/var/folders/51/hd414ycd67n82196sw51xqtc0000gn/T/cibw-run-_zct2bev/cp38-macosx_arm64/build/venv/lib/python3.8/site-packages (0.38.4)
2022-12-27T11:34:34.3753290Z Collecting delocate
2022-12-27T11:34:34.3800300Z   Using cached delocate-0.10.3-py3-none-any.whl (142 kB)
2022-12-27T11:34:34.4343120Z Collecting packaging>=20.9
2022-12-27T11:34:34.4389070Z   Using cached packaging-21.3-py3-none-any.whl (40 kB)
2022-12-27T11:34:34.4768760Z Collecting typing-extensions
2022-12-27T11:34:34.4812430Z   Using cached typing_extensions-4.4.0-py3-none-any.whl (26 kB)
2022-12-27T11:34:34.5537540Z Collecting pyparsing!=3.0.5,>=2.0.2
2022-12-27T11:34:34.5586740Z   Using cached pyparsing-3.0.9-py3-none-any.whl (98 kB)
2022-12-27T11:34:34.6257630Z Installing collected packages: typing-extensions, pyparsing, packaging, delocate
2022-12-27T11:34:34.8426470Z Successfully installed delocate-0.10.3 packaging-21.3 pyparsing-3.0.9 typing-extensions-4.4.0
2022-12-27T11:34:34.9385420Z ##[endgroup]
2022-12-27T11:34:34.9386870Z                                                               [32m✓ [0m1.59s
2022-12-27T11:34:34.9387880Z ##[group]Running before_build...
2022-12-27T11:34:34.9388150Z 
2022-12-27T11:34:34.9394640Z + pip install Cython; if [[ -f requirements.txt ]]; then pip install -r requirements.txt; fi
2022-12-27T11:34:36.1293500Z Collecting Cython
2022-12-27T11:34:36.1374770Z   Using cached Cython-0.29.32-py2.py3-none-any.whl (986 kB)
2022-12-27T11:34:36.2257970Z Installing collected packages: Cython
2022-12-27T11:34:37.0260410Z Successfully installed Cython-0.29.32
2022-12-27T11:34:37.1167930Z ##[endgroup]
2022-12-27T11:34:37.1168830Z                                                               [32m✓ [0m2.18s
2022-12-27T11:34:37.1169410Z ##[group]Building wheel...
2022-12-27T11:34:37.1169630Z 
2022-12-27T11:34:37.1178370Z + python -m pip wheel /Users/runner/actions-runner/_work/python.build/python.build/build_lxml23338/lxml-2.3.3 --wheel-dir=/private/var/folders/51/hd414ycd67n82196sw51xqtc0000gn/T/cibw-run-_zct2bev/cp38-macosx_arm64/built_wheel --no-deps -vvv
2022-12-27T11:34:37.5891660Z Created temporary directory: /private/var/folders/51/hd414ycd67n82196sw51xqtc0000gn/T/pip-ephem-wheel-cache-jjqo8fw3
2022-12-27T11:34:37.5899130Z Created temporary directory: /private/var/folders/51/hd414ycd67n82196sw51xqtc0000gn/T/pip-build-tracker-_wlo2v1y
2022-12-27T11:34:37.5904580Z Initialized build tracking at /private/var/folders/51/hd414ycd67n82196sw51xqtc0000gn/T/pip-build-tracker-_wlo2v1y
2022-12-27T11:34:37.5906800Z Created build tracker: /private/var/folders/51/hd414ycd67n82196sw51xqtc0000gn/T/pip-build-tracker-_wlo2v1y
2022-12-27T11:34:37.5909560Z Entered build tracker: /private/var/folders/51/hd414ycd67n82196sw51xqtc0000gn/T/pip-build-tracker-_wlo2v1y
2022-12-27T11:34:37.5917380Z Created temporary directory: /private/var/folders/51/hd414ycd67n82196sw51xqtc0000gn/T/pip-wheel-ogucn3f4
2022-12-27T11:34:37.5929500Z Created temporary directory: /private/var/folders/51/hd414ycd67n82196sw51xqtc0000gn/T/pip-ephem-wheel-cache-r6lx9a92
2022-12-27T11:34:37.6087940Z Processing /Users/runner/actions-runner/_work/python.build/python.build/build_lxml23338/lxml-2.3.3
2022-12-27T11:34:37.6096480Z   Added file:///Users/runner/actions-runner/_work/python.build/python.build/build_lxml23338/lxml-2.3.3 to build tracker '/private/var/folders/51/hd414ycd67n82196sw51xqtc0000gn/T/pip-build-tracker-_wlo2v1y'
2022-12-27T11:34:37.6104050Z   Running setup.py (path:/Users/runner/actions-runner/_work/python.build/python.build/build_lxml23338/lxml-2.3.3/setup.py) egg_info for package from file:///Users/runner/actions-runner/_work/python.build/python.build/build_lxml23338/lxml-2.3.3
2022-12-27T11:34:37.6110770Z   Created temporary directory: /private/var/folders/51/hd414ycd67n82196sw51xqtc0000gn/T/pip-pip-egg-info-09h6vot6
2022-12-27T11:34:37.6113640Z   Preparing metadata (setup.py): started
2022-12-27T11:34:37.6117040Z   Running command python setup.py egg_info
2022-12-27T11:34:38.3182750Z   Building lxml version 2.3.3.
2022-12-27T11:34:38.3186120Z   Building with Cython 0.29.32.
2022-12-27T11:34:38.3187380Z   Using build configuration of libxslt 1.1.29
2022-12-27T11:34:38.3191590Z   Building against libxml2/libxslt in the following directory: /Library/Developer/CommandLineTools/SDKs/MacOSX12.1.sdk/usr/lib
2022-12-27T11:34:38.3193530Z   running egg_info
2022-12-27T11:34:38.3196480Z   creating /private/var/folders/51/hd414ycd67n82196sw51xqtc0000gn/T/pip-pip-egg-info-09h6vot6/lxml.egg-info
2022-12-27T11:34:38.3202680Z   writing /private/var/folders/51/hd414ycd67n82196sw51xqtc0000gn/T/pip-pip-egg-info-09h6vot6/lxml.egg-info/PKG-INFO
2022-12-27T11:34:38.3208560Z   writing dependency_links to /private/var/folders/51/hd414ycd67n82196sw51xqtc0000gn/T/pip-pip-egg-info-09h6vot6/lxml.egg-info/dependency_links.txt
2022-12-27T11:34:38.3214390Z   writing top-level names to /private/var/folders/51/hd414ycd67n82196sw51xqtc0000gn/T/pip-pip-egg-info-09h6vot6/lxml.egg-info/top_level.txt
2022-12-27T11:34:38.3217970Z   writing manifest file '/private/var/folders/51/hd414ycd67n82196sw51xqtc0000gn/T/pip-pip-egg-info-09h6vot6/lxml.egg-info/SOURCES.txt'
2022-12-27T11:34:38.3349170Z   reading manifest file '/private/var/folders/51/hd414ycd67n82196sw51xqtc0000gn/T/pip-pip-egg-info-09h6vot6/lxml.egg-info/SOURCES.txt'
2022-12-27T11:34:38.3353580Z   reading manifest template 'MANIFEST.in'
2022-12-27T11:34:38.5438690Z   adding license file 'LICENSES.txt'
2022-12-27T11:34:38.5573000Z   writing manifest file '/private/var/folders/51/hd414ycd67n82196sw51xqtc0000gn/T/pip-pip-egg-info-09h6vot6/lxml.egg-info/SOURCES.txt'
2022-12-27T11:34:38.6023060Z   Preparing metadata (setup.py): finished with status 'done'
2022-12-27T11:34:38.6066800Z   Source in /Users/runner/actions-runner/_work/python.build/python.build/build_lxml23338/lxml-2.3.3 has version 2.3.3, which satisfies requirement lxml==2.3.3 from file:///Users/runner/actions-runner/_work/python.build/python.build/build_lxml23338/lxml-2.3.3
2022-12-27T11:34:38.6070980Z   Removed lxml==2.3.3 from file:///Users/runner/actions-runner/_work/python.build/python.build/build_lxml23338/lxml-2.3.3 from build tracker '/private/var/folders/51/hd414ycd67n82196sw51xqtc0000gn/T/pip-build-tracker-_wlo2v1y'
2022-12-27T11:34:38.6280690Z Created temporary directory: /private/var/folders/51/hd414ycd67n82196sw51xqtc0000gn/T/pip-unpack-5s9vbw3j
2022-12-27T11:34:38.6281700Z Building wheels for collected packages: lxml
2022-12-27T11:34:38.6292120Z   Created temporary directory: /private/var/folders/51/hd414ycd67n82196sw51xqtc0000gn/T/pip-wheel-869m3szj
2022-12-27T11:34:38.6294620Z   Building wheel for lxml (setup.py): started
2022-12-27T11:34:38.6298580Z   Destination directory: /private/var/folders/51/hd414ycd67n82196sw51xqtc0000gn/T/pip-wheel-869m3szj
2022-12-27T11:34:38.6299840Z   Running command python setup.py bdist_wheel
2022-12-27T11:34:39.0857220Z   Building lxml version 2.3.3.
2022-12-27T11:34:39.0858810Z   Building with Cython 0.29.32.
2022-12-27T11:34:39.1126000Z   Using build configuration of libxslt 1.1.29
2022-12-27T11:34:39.2980630Z   Building against libxml2/libxslt in the following directory: /Library/Developer/CommandLineTools/SDKs/MacOSX12.1.sdk/usr/lib
2022-12-27T11:34:39.3428290Z   running bdist_wheel
2022-12-27T11:34:39.3509030Z   running build
2022-12-27T11:34:39.3514960Z   running build_py
2022-12-27T11:34:39.3554610Z   creating build
2022-12-27T11:34:39.3557540Z   creating build/lib.macosx-11.0-arm64-cpython-38
2022-12-27T11:34:39.3562530Z   creating build/lib.macosx-11.0-arm64-cpython-38/lxml
2022-12-27T11:34:39.3565050Z   copying src/lxml/_elementpath.py -> build/lib.macosx-11.0-arm64-cpython-38/lxml
2022-12-27T11:34:39.3569270Z   copying src/lxml/sax.py -> build/lib.macosx-11.0-arm64-cpython-38/lxml
2022-12-27T11:34:39.3571410Z   copying src/lxml/pyclasslookup.py -> build/lib.macosx-11.0-arm64-cpython-38/lxml
2022-12-27T11:34:39.3574500Z   copying src/lxml/__init__.py -> build/lib.macosx-11.0-arm64-cpython-38/lxml
2022-12-27T11:34:39.3576950Z   copying src/lxml/builder.py -> build/lib.macosx-11.0-arm64-cpython-38/lxml
2022-12-27T11:34:39.3588660Z   copying src/lxml/doctestcompare.py -> build/lib.macosx-11.0-arm64-cpython-38/lxml
2022-12-27T11:34:39.3594280Z   copying src/lxml/usedoctest.py -> build/lib.macosx-11.0-arm64-cpython-38/lxml
2022-12-27T11:34:39.3603340Z   copying src/lxml/cssselect.py -> build/lib.macosx-11.0-arm64-cpython-38/lxml
2022-12-27T11:34:39.3609670Z   copying src/lxml/ElementInclude.py -> build/lib.macosx-11.0-arm64-cpython-38/lxml
2022-12-27T11:34:39.3623140Z   creating build/lib.macosx-11.0-arm64-cpython-38/lxml/html
2022-12-27T11:34:39.3625570Z   copying src/lxml/html/soupparser.py -> build/lib.macosx-11.0-arm64-cpython-38/lxml/html
2022-12-27T11:34:39.3632040Z   copying src/lxml/html/defs.py -> build/lib.macosx-11.0-arm64-cpython-38/lxml/html
2022-12-27T11:34:39.3635850Z   copying src/lxml/html/_setmixin.py -> build/lib.macosx-11.0-arm64-cpython-38/lxml/html
2022-12-27T11:34:39.3638670Z   copying src/lxml/html/clean.py -> build/lib.macosx-11.0-arm64-cpython-38/lxml/html
2022-12-27T11:34:39.3644520Z   copying src/lxml/html/_diffcommand.py -> build/lib.macosx-11.0-arm64-cpython-38/lxml/html
2022-12-27T11:34:39.3653330Z   copying src/lxml/html/html5parser.py -> build/lib.macosx-11.0-arm64-cpython-38/lxml/html
2022-12-27T11:34:39.3659450Z   copying src/lxml/html/__init__.py -> build/lib.macosx-11.0-arm64-cpython-38/lxml/html
2022-12-27T11:34:39.3666350Z   copying src/lxml/html/formfill.py -> build/lib.macosx-11.0-arm64-cpython-38/lxml/html
2022-12-27T11:34:39.3670060Z   copying src/lxml/html/builder.py -> build/lib.macosx-11.0-arm64-cpython-38/lxml/html
2022-12-27T11:34:39.3673430Z   copying src/lxml/html/ElementSoup.py -> build/lib.macosx-11.0-arm64-cpython-38/lxml/html
2022-12-27T11:34:39.3678900Z   copying src/lxml/html/_html5builder.py -> build/lib.macosx-11.0-arm64-cpython-38/lxml/html
2022-12-27T11:34:39.3682910Z   copying src/lxml/html/usedoctest.py -> build/lib.macosx-11.0-arm64-cpython-38/lxml/html
2022-12-27T11:34:39.3690540Z   copying src/lxml/html/diff.py -> build/lib.macosx-11.0-arm64-cpython-38/lxml/html
2022-12-27T11:34:39.3809090Z   copying src/lxml/html/_dictmixin.py -> build/lib.macosx-11.0-arm64-cpython-38/lxml/html
2022-12-27T11:34:39.3810850Z   creating build/lib.macosx-11.0-arm64-cpython-38/lxml/isoschematron
2022-12-27T11:34:39.3811580Z   copying src/lxml/isoschematron/__init__.py -> build/lib.macosx-11.0-arm64-cpython-38/lxml/isoschematron
2022-12-27T11:34:39.3812170Z   copying src/lxml/etreepublic.pxd -> build/lib.macosx-11.0-arm64-cpython-38/lxml
2022-12-27T11:34:39.3812760Z   copying src/lxml/tree.pxd -> build/lib.macosx-11.0-arm64-cpython-38/lxml
2022-12-27T11:34:39.3813340Z   copying src/lxml/etree_defs.h -> build/lib.macosx-11.0-arm64-cpython-38/lxml
2022-12-27T11:34:39.3813930Z   creating build/lib.macosx-11.0-arm64-cpython-38/lxml/isoschematron/resources
2022-12-27T11:34:39.3814490Z   creating build/lib.macosx-11.0-arm64-cpython-38/lxml/isoschematron/resources/rng
2022-12-27T11:34:39.3815170Z   copying src/lxml/isoschematron/resources/rng/iso-schematron.rng -> build/lib.macosx-11.0-arm64-cpython-38/lxml/isoschematron/resources/rng
2022-12-27T11:34:39.3816110Z   creating build/lib.macosx-11.0-arm64-cpython-38/lxml/isoschematron/resources/xsl
2022-12-27T11:34:39.3816810Z   copying src/lxml/isoschematron/resources/xsl/XSD2Schtrn.xsl -> build/lib.macosx-11.0-arm64-cpython-38/lxml/isoschematron/resources/xsl
2022-12-27T11:34:39.3817500Z   copying src/lxml/isoschematron/resources/xsl/RNG2Schtrn.xsl -> build/lib.macosx-11.0-arm64-cpython-38/lxml/isoschematron/resources/xsl
2022-12-27T11:34:39.3818200Z   creating build/lib.macosx-11.0-arm64-cpython-38/lxml/isoschematron/resources/xsl/iso-schematron-xslt1
2022-12-27T11:34:39.3819030Z   copying src/lxml/isoschematron/resources/xsl/iso-schematron-xslt1/iso_abstract_expand.xsl -> build/lib.macosx-11.0-arm64-cpython-38/lxml/isoschematron/resources/xsl/iso-schematron-xslt1
2022-12-27T11:34:39.3819950Z   copying src/lxml/isoschematron/resources/xsl/iso-schematron-xslt1/iso_dsdl_include.xsl -> build/lib.macosx-11.0-arm64-cpython-38/lxml/isoschematron/resources/xsl/iso-schematron-xslt1
2022-12-27T11:34:39.3820740Z   copying src/lxml/isoschematron/resources/xsl/iso-schematron-xslt1/iso_schematron_skeleton_for_xslt1.xsl -> build/lib.macosx-11.0-arm64-cpython-38/lxml/isoschematron/resources/xsl/iso-schematron-xslt1
2022-12-27T11:34:39.3821650Z   copying src/lxml/isoschematron/resources/xsl/iso-schematron-xslt1/iso_svrl_for_xslt1.xsl -> build/lib.macosx-11.0-arm64-cpython-38/lxml/isoschematron/resources/xsl/iso-schematron-xslt1
2022-12-27T11:34:39.3822960Z   copying src/lxml/isoschematron/resources/xsl/iso-schematron-xslt1/iso_schematron_message.xsl -> build/lib.macosx-11.0-arm64-cpython-38/lxml/isoschematron/resources/xsl/iso-schematron-xslt1
2022-12-27T11:34:39.3824290Z   copying src/lxml/isoschematron/resources/xsl/iso-schematron-xslt1/readme.txt -> build/lib.macosx-11.0-arm64-cpython-38/lxml/isoschematron/resources/xsl/iso-schematron-xslt1
2022-12-27T11:34:39.3846560Z   running build_ext
2022-12-27T11:34:39.4594840Z   skipping 'src/lxml/lxml.etree.c' Cython extension (up-to-date)
2022-12-27T11:34:39.4597700Z   skipping 'src/lxml/lxml.objectify.c' Cython extension (up-to-date)
2022-12-27T11:34:39.4603260Z   building 'lxml.etree' extension
2022-12-27T11:34:39.4605390Z   creating build/temp.macosx-11.0-arm64-cpython-38
2022-12-27T11:34:39.4608200Z   creating build/temp.macosx-11.0-arm64-cpython-38/src
2022-12-27T11:34:39.4611450Z   creating build/temp.macosx-11.0-arm64-cpython-38/src/lxml
2022-12-27T11:34:39.4616080Z   gcc -Wno-unused-result -Wsign-compare -Wunreachable-code -fno-common -dynamic -DNDEBUG -g -fwrapv -O3 -Wall -g -I/usr/local/opt/openssl@3/include -I/usr/local/opt/openssl@3/include -arch arm64 -I/Library/Developer/CommandLineTools/SDKs/MacOSX12.1.sdk/usr/include -I/private/var/folders/51/hd414ycd67n82196sw51xqtc0000gn/T/cibw-run-_zct2bev/cp38-macosx_arm64/build/venv/include -I/Library/Frameworks/Python.framework/Versions/3.8/include/python3.8 -c src/lxml/lxml.etree.c -o build/temp.macosx-11.0-arm64-cpython-38/src/lxml/lxml.etree.o -w -flat_namespace
2022-12-27T11:34:40.5677190Z   src/lxml/lxml.etree.c:164389:24: error: no member named 'exc_type' in 'struct _ts'
2022-12-27T11:34:40.5681280Z       tmp_type = tstate->exc_type;
2022-12-27T11:34:40.5683990Z                  ~~~~~~  ^
2022-12-27T11:34:40.5687630Z   src/lxml/lxml.etree.c:164390:25: error: no member named 'exc_value' in 'struct _ts'; did you mean 'curexc_value'?
2022-12-27T11:34:40.5689540Z       tmp_value = tstate->exc_value;
2022-12-27T11:34:40.5692510Z                           ^~~~~~~~~
2022-12-27T11:34:40.5694640Z                           curexc_value
2022-12-27T11:34:40.5698580Z   /Library/Frameworks/Python.framework/Versions/3.8/include/python3.8/cpython/pystate.h:80:15: note: 'curexc_value' declared here
2022-12-27T11:34:40.5699820Z       PyObject *curexc_value;
2022-12-27T11:34:40.5702700Z                 ^
2022-12-27T11:34:40.5705610Z   src/lxml/lxml.etree.c:164391:22: error: no member named 'exc_traceback' in 'struct _ts'; did you mean 'curexc_traceback'?
2022-12-27T11:34:40.5709300Z       tmp_tb = tstate->exc_traceback;
2022-12-27T11:34:40.5710360Z                        ^~~~~~~~~~~~~
2022-12-27T11:34:40.5713610Z                        curexc_traceback
2022-12-27T11:34:40.5716590Z   /Library/Frameworks/Python.framework/Versions/3.8/include/python3.8/cpython/pystate.h:81:15: note: 'curexc_traceback' declared here
2022-12-27T11:34:40.5718380Z       PyObject *curexc_traceback;
2022-12-27T11:34:40.5720750Z                 ^
2022-12-27T11:34:40.5724770Z   src/lxml/lxml.etree.c:164392:13: error: no member named 'exc_type' in 'struct _ts'
2022-12-27T11:34:40.5727440Z       tstate->exc_type = local_type;
2022-12-27T11:34:40.5729890Z       ~~~~~~  ^
2022-12-27T11:34:40.5733130Z   src/lxml/lxml.etree.c:164393:13: error: no member named 'exc_value' in 'struct _ts'; did you mean 'curexc_value'?
2022-12-27T11:34:40.5735300Z       tstate->exc_value = local_value;
2022-12-27T11:34:40.5737400Z               ^~~~~~~~~
2022-12-27T11:34:40.5740350Z               curexc_value
2022-12-27T11:34:40.5743090Z   /Library/Frameworks/Python.framework/Versions/3.8/include/python3.8/cpython/pystate.h:80:15: note: 'curexc_value' declared here
2022-12-27T11:34:40.5745500Z       PyObject *curexc_value;
2022-12-27T11:34:40.5748400Z                 ^
2022-12-27T11:34:40.5751260Z   src/lxml/lxml.etree.c:164394:13: error: no member named 'exc_traceback' in 'struct _ts'; did you mean 'curexc_traceback'?
2022-12-27T11:34:40.5753340Z       tstate->exc_traceback = local_tb;
2022-12-27T11:34:40.5755960Z               ^~~~~~~~~~~~~
2022-12-27T11:34:40.5758250Z               curexc_traceback
2022-12-27T11:34:40.5762280Z   /Library/Frameworks/Python.framework/Versions/3.8/include/python3.8/cpython/pystate.h:81:15: note: 'curexc_traceback' declared here
2022-12-27T11:34:40.5763720Z       PyObject *curexc_traceback;
2022-12-27T11:34:40.5767830Z                 ^
2022-12-27T11:34:40.5771220Z   src/lxml/lxml.etree.c:164558:21: error: no member named 'exc_type' in 'struct _ts'
2022-12-27T11:34:40.5773070Z       *type = tstate->exc_type;
2022-12-27T11:34:40.5775420Z               ~~~~~~  ^
2022-12-27T11:34:40.5778960Z   src/lxml/lxml.etree.c:164559:22: error: no member named 'exc_value' in 'struct _ts'; did you mean 'curexc_value'?
2022-12-27T11:34:40.5780810Z       *value = tstate->exc_value;
2022-12-27T11:34:40.5783690Z                        ^~~~~~~~~
2022-12-27T11:34:40.5786590Z                        curexc_value
2022-12-27T11:34:40.5789310Z   /Library/Frameworks/Python.framework/Versions/3.8/include/python3.8/cpython/pystate.h:80:15: note: 'curexc_value' declared here
2022-12-27T11:34:40.5792110Z       PyObject *curexc_value;
2022-12-27T11:34:40.5794310Z                 ^
2022-12-27T11:34:40.5797480Z   src/lxml/lxml.etree.c:164560:19: error: no member named 'exc_traceback' in 'struct _ts'; did you mean 'curexc_traceback'?
2022-12-27T11:34:40.5800020Z       *tb = tstate->exc_traceback;
2022-12-27T11:34:40.5802320Z                     ^~~~~~~~~~~~~
2022-12-27T11:34:40.5805200Z                     curexc_traceback
2022-12-27T11:34:40.5809170Z   /Library/Frameworks/Python.framework/Versions/3.8/include/python3.8/cpython/pystate.h:81:15: note: 'curexc_traceback' declared here
2022-12-27T11:34:40.5810780Z       PyObject *curexc_traceback;
2022-12-27T11:34:40.5813370Z                 ^
2022-12-27T11:34:40.5816550Z   src/lxml/lxml.etree.c:164569:24: error: no member named 'exc_type' in 'struct _ts'
2022-12-27T11:34:40.5819050Z       tmp_type = tstate->exc_type;
2022-12-27T11:34:40.5821400Z                  ~~~~~~  ^
2022-12-27T11:34:40.5824310Z   src/lxml/lxml.etree.c:164570:25: error: no member named 'exc_value' in 'struct _ts'; did you mean 'curexc_value'?
2022-12-27T11:34:40.5827020Z       tmp_value = tstate->exc_value;
2022-12-27T11:34:40.5829410Z                           ^~~~~~~~~
2022-12-27T11:34:40.5832100Z                           curexc_value
2022-12-27T11:34:40.5835040Z   /Library/Frameworks/Python.framework/Versions/3.8/include/python3.8/cpython/pystate.h:80:15: note: 'curexc_value' declared here
2022-12-27T11:34:40.5837460Z       PyObject *curexc_value;
2022-12-27T11:34:40.5839950Z                 ^
2022-12-27T11:34:40.5843050Z   src/lxml/lxml.etree.c:164571:22: error: no member named 'exc_traceback' in 'struct _ts'; did you mean 'curexc_traceback'?
2022-12-27T11:34:40.5845560Z       tmp_tb = tstate->exc_traceback;
2022-12-27T11:34:40.5848560Z                        ^~~~~~~~~~~~~
2022-12-27T11:34:40.5851160Z                        curexc_traceback
2022-12-27T11:34:40.5854230Z   /Library/Frameworks/Python.framework/Versions/3.8/include/python3.8/cpython/pystate.h:81:15: note: 'curexc_traceback' declared here
2022-12-27T11:34:40.5856570Z       PyObject *curexc_traceback;
2022-12-27T11:34:40.5859200Z                 ^
2022-12-27T11:34:40.5862000Z   src/lxml/lxml.etree.c:164572:13: error: no member named 'exc_type' in 'struct _ts'
2022-12-27T11:34:40.5864910Z       tstate->exc_type = type;
2022-12-27T11:34:40.5867440Z       ~~~~~~  ^
2022-12-27T11:34:40.5870590Z   src/lxml/lxml.etree.c:164573:13: error: no member named 'exc_value' in 'struct _ts'; did you mean 'curexc_value'?
2022-12-27T11:34:40.5873090Z       tstate->exc_value = value;
2022-12-27T11:34:40.5875600Z               ^~~~~~~~~
2022-12-27T11:34:40.5878060Z               curexc_value
2022-12-27T11:34:40.5881260Z   /Library/Frameworks/Python.framework/Versions/3.8/include/python3.8/cpython/pystate.h:80:15: note: 'curexc_value' declared here
2022-12-27T11:34:40.5883450Z       PyObject *curexc_value;
2022-12-27T11:34:40.5886630Z                 ^
2022-12-27T11:34:40.5889620Z   src/lxml/lxml.etree.c:164574:13: error: no member named 'exc_traceback' in 'struct _ts'; did you mean 'curexc_traceback'?
2022-12-27T11:34:40.5892040Z       tstate->exc_traceback = tb;
2022-12-27T11:34:40.5894510Z               ^~~~~~~~~~~~~
2022-12-27T11:34:40.5897580Z               curexc_traceback
2022-12-27T11:34:40.5900560Z   /Library/Frameworks/Python.framework/Versions/3.8/include/python3.8/cpython/pystate.h:81:15: note: 'curexc_traceback' declared here
2022-12-27T11:34:40.5902650Z       PyObject *curexc_traceback;
2022-12-27T11:34:40.5905350Z                 ^
2022-12-27T11:34:40.5908410Z   15 errors generated.
2022-12-27T11:34:40.5911270Z   error: command '/usr/bin/gcc' failed with exit code 1
2022-12-27T11:34:40.6642350Z   error: subprocess-exited-with-error
2022-12-27T11:34:40.6643020Z   
2022-12-27T11:34:40.6643750Z   × python setup.py bdist_wheel did not run successfully.
2022-12-27T11:34:40.6644190Z   │ exit code: 1
2022-12-27T11:34:40.6645690Z   ╰─> See above for output.
2022-12-27T11:34:40.6646310Z   
2022-12-27T11:34:40.6647020Z   note: This error originates from a subprocess, and is likely not a problem with pip.
2022-12-27T11:34:40.6661640Z   full command: /private/var/folders/51/hd414ycd67n82196sw51xqtc0000gn/T/cibw-run-_zct2bev/cp38-macosx_arm64/build/venv/bin/python -u -c '
2022-12-27T11:34:40.6663360Z   exec(compile('"'"''"'"''"'"'
2022-12-27T11:34:40.6664740Z   # This is <pip-setuptools-caller> -- a caller that pip uses to run setup.py
2022-12-27T11:34:40.6665870Z   #
2022-12-27T11:34:40.6667210Z   # - It imports setuptools before invoking setup.py, to enable projects that directly
2022-12-27T11:34:40.6669460Z   #   import from `distutils.core` to work with newer packaging standards.
2022-12-27T11:34:40.6670910Z   # - It provides a clear error message when setuptools is not installed.
2022-12-27T11:34:40.6672420Z   # - It sets `sys.argv[0]` to the underlying `setup.py`, when invoking `setup.py` so
2022-12-27T11:34:40.6673680Z   #   setuptools doesn'"'"'t think the script is `-c`. This avoids the following warning:
2022-12-27T11:34:40.6674380Z   #     manifest_maker: standard file '"'"'-c'"'"' not found".
2022-12-27T11:34:40.6675010Z   # - It generates a shim setup.py, for handling setup.cfg-only projects.
2022-12-27T11:34:40.6675780Z   import os, sys, tokenize
2022-12-27T11:34:40.6676120Z   
2022-12-27T11:34:40.6676330Z   try:
2022-12-27T11:34:40.6676620Z       import setuptools
2022-12-27T11:34:40.6676960Z   except ImportError as error:
2022-12-27T11:34:40.6677200Z       print(
2022-12-27T11:34:40.6677490Z           "ERROR: Can not execute `setup.py` since setuptools is not available in "
2022-12-27T11:34:40.6677890Z           "the build environment.",
2022-12-27T11:34:40.6678200Z           file=sys.stderr,
2022-12-27T11:34:40.6678420Z       )
2022-12-27T11:34:40.6678700Z       sys.exit(1)
2022-12-27T11:34:40.6679000Z   
2022-12-27T11:34:40.6679210Z   __file__ = %r
2022-12-27T11:34:40.6679520Z   sys.argv[0] = __file__
2022-12-27T11:34:40.6679780Z   
2022-12-27T11:34:40.6680000Z   if os.path.exists(__file__):
2022-12-27T11:34:40.6680310Z       filename = __file__
2022-12-27T11:34:40.6680640Z       with tokenize.open(__file__) as f:
2022-12-27T11:34:40.6680920Z           setup_py_code = f.read()
2022-12-27T11:34:40.6681250Z   else:
2022-12-27T11:34:40.6681680Z       filename = "<auto-generated setuptools caller>"
2022-12-27T11:34:40.6682000Z       setup_py_code = "from setuptools import setup; setup()"
2022-12-27T11:34:40.6682340Z   
2022-12-27T11:34:40.6682670Z   exec(compile(setup_py_code, filename, "exec"))
2022-12-27T11:34:40.6683450Z   '"'"''"'"''"'"' % ('"'"'/Users/runner/actions-runner/_work/python.build/python.build/build_lxml23338/lxml-2.3.3/setup.py'"'"',), "<pip-setuptools-caller>", "exec"))' bdist_wheel -d /private/var/folders/51/hd414ycd67n82196sw51xqtc0000gn/T/pip-wheel-869m3szj
2022-12-27T11:34:40.6684590Z   cwd: /Users/runner/actions-runner/_work/python.build/python.build/build_lxml23338/lxml-2.3.3/
2022-12-27T11:34:40.6685130Z   ERROR: Failed building wheel for lxml
2022-12-27T11:34:40.6685690Z   Building wheel for lxml (setup.py): finished with status 'error'
2022-12-27T11:34:40.6686060Z   Running setup.py clean for lxml
2022-12-27T11:34:40.6686650Z   Running command python setup.py clean
2022-12-27T11:34:41.1407540Z   Building lxml version 2.3.3.
2022-12-27T11:34:41.1408760Z   Building with Cython 0.29.32.
2022-12-27T11:34:41.1678530Z   Using build configuration of libxslt 1.1.29
2022-12-27T11:34:41.3602120Z   Building against libxml2/libxslt in the following directory: /Library/Developer/CommandLineTools/SDKs/MacOSX12.1.sdk/usr/lib
2022-12-27T11:34:41.3840670Z   running clean
2022-12-27T11:34:41.3888050Z   removing 'build/temp.macosx-11.0-arm64-cpython-38' (and everything under it)
2022-12-27T11:34:41.3900450Z   removing 'build/lib.macosx-11.0-arm64-cpython-38' (and everything under it)
2022-12-27T11:34:41.3960890Z   'build/bdist.macosx-11.0-arm64' does not exist -- can't clean it
2022-12-27T11:34:41.3965930Z   'build/scripts-3.8' does not exist -- can't clean it
2022-12-27T11:34:41.3966840Z   removing 'build'
2022-12-27T11:34:41.4430220Z Failed to build lxml
2022-12-27T11:34:41.4437480Z ERROR: Failed to build one or more wheels
2022-12-27T11:34:41.4454910Z Exception information:
2022-12-27T11:34:41.4455450Z Traceback (most recent call last):
2022-12-27T11:34:41.4468380Z   File "/private/var/folders/51/hd414ycd67n82196sw51xqtc0000gn/T/cibw-run-_zct2bev/cp38-macosx_arm64/build/venv/lib/python3.8/site-packages/pip/_internal/cli/base_command.py", line 160, in exc_logging_wrapper
2022-12-27T11:34:41.4469030Z     status = run_func(*args)
2022-12-27T11:34:41.4470920Z   File "/private/var/folders/51/hd414ycd67n82196sw51xqtc0000gn/T/cibw-run-_zct2bev/cp38-macosx_arm64/build/venv/lib/python3.8/site-packages/pip/_internal/cli/req_command.py", line 247, in wrapper
2022-12-27T11:34:41.4471450Z     return func(self, options, args)
2022-12-27T11:34:41.4472160Z   File "/private/var/folders/51/hd414ycd67n82196sw51xqtc0000gn/T/cibw-run-_zct2bev/cp38-macosx_arm64/build/venv/lib/python3.8/site-packages/pip/_internal/commands/wheel.py", line 201, in run
2022-12-27T11:34:41.4472720Z     raise CommandError("Failed to build one or more wheels")
2022-12-27T11:34:41.4473050Z pip._internal.exceptions.CommandError: Failed to build one or more wheels
2022-12-27T11:34:41.4473550Z Removed build tracker: '/private/var/folders/51/hd414ycd67n82196sw51xqtc0000gn/T/pip-build-tracker-_wlo2v1y'
2022-12-27T11:34:41.5389100Z ##[endgroup]
2022-12-27T11:34:41.5391020Z                                                               [31m✕ [0m4.42s
2022-12-27T11:34:41.6024630Z ##[error]Command ['python', '-m', 'pip', 'wheel', '/Users/runner/actions-runner/_work/python.build/python.build/build_lxml23338/lxml-2.3.3', '--wheel-dir=/private/var/folders/51/hd414ycd67n82196sw51xqtc0000gn/T/cibw-run-_zct2bev/cp38-macosx_arm64/built_wheel', '--no-deps', '-vvv'] failed with code 1. None
2022-12-27T11:34:41.6034040Z 
2022-12-27T11:34:41.6255860Z ##[error]Process completed with exit code 1.
2022-12-27T11:34:41.6306860Z ##[group]Run rm -rf build_lxml23338 wheelsout
2022-12-27T11:34:41.6307130Z [36;1mrm -rf build_lxml23338 wheelsout[0m
2022-12-27T11:34:41.6333300Z shell: /bin/bash -e {0}
2022-12-27T11:34:41.6333490Z env:
2022-12-27T11:34:41.6333720Z   pythonLocation: /Users/runner/hostedtoolcache/Python/3.8.15/x64
2022-12-27T11:34:41.6334060Z   PKG_CONFIG_PATH: /Users/runner/hostedtoolcache/Python/3.8.15/x64/lib/pkgconfig
2022-12-27T11:34:41.6334390Z   Python_ROOT_DIR: /Users/runner/hostedtoolcache/Python/3.8.15/x64
2022-12-27T11:34:41.6334680Z   Python2_ROOT_DIR: /Users/runner/hostedtoolcache/Python/3.8.15/x64
2022-12-27T11:34:41.6334960Z   Python3_ROOT_DIR: /Users/runner/hostedtoolcache/Python/3.8.15/x64
2022-12-27T11:34:41.6335170Z ##[endgroup]
2022-12-27T11:34:41.7332770Z Cleaning up orphan processes
