2022-12-27T01:50:51.2095810Z Requested labels: self-hosted, macOS, X64
2022-12-27T01:50:51.2095898Z Job defined at: kilnbuild/python.build/.github/workflows/mac_arm_build.yml@refs/heads/main
2022-12-27T01:50:51.2095934Z Waiting for a runner to pick up this job...
2022-12-27T01:51:15.9168695Z Job is about to start running on the runner: kr1 (organization)
2022-12-27T01:51:20.2277300Z Current runner version: '2.300.2'
2022-12-27T01:51:20.2284420Z Runner name: 'kr1'
2022-12-27T01:51:20.2284850Z Runner group name: 'Default'
2022-12-27T01:51:20.2285630Z Machine name: 'kr1'
2022-12-27T01:51:20.2288160Z ##[group]GITHUB_TOKEN Permissions
2022-12-27T01:51:20.2288790Z Actions: write
2022-12-27T01:51:20.2289040Z Checks: write
2022-12-27T01:51:20.2289270Z Contents: write
2022-12-27T01:51:20.2289510Z Deployments: write
2022-12-27T01:51:20.2289810Z Discussions: write
2022-12-27T01:51:20.2290060Z Issues: write
2022-12-27T01:51:20.2290270Z Metadata: read
2022-12-27T01:51:20.2290500Z Packages: write
2022-12-27T01:51:20.2290730Z Pages: write
2022-12-27T01:51:20.2290960Z PullRequests: write
2022-12-27T01:51:20.2291240Z RepositoryProjects: write
2022-12-27T01:51:20.2291520Z SecurityEvents: write
2022-12-27T01:51:20.2291760Z Statuses: write
2022-12-27T01:51:20.2291990Z ##[endgroup]
2022-12-27T01:51:20.2295910Z Secret source: Actions
2022-12-27T01:51:20.2296390Z Prepare workflow directory
2022-12-27T01:51:20.3373250Z Prepare all required actions
2022-12-27T01:51:20.3576660Z Getting action download info
2022-12-27T01:51:20.8006270Z Download action repository 'actions/setup-python@v4' (SHA:5ccb29d8773c3f3f653e1705f474dfaa8a06a912)
2022-12-27T01:51:22.4708300Z Download action repository 'actions/upload-artifact@v3' (SHA:83fd05a356d7e2593de66fc9913b3002723633cb)
2022-12-27T01:51:23.9392010Z ##[group]Run echo '{
2022-12-27T01:51:23.9392590Z [36;1mecho '{[0m
2022-12-27T01:51:23.9393020Z [36;1m  "environment_variables": "GRPC_PYTHON_BUILD_WITH_CYTHON=1 GRPC_BUILD_WITH_BORING_SSL_ASM='' GRPC_PYTHON_BUILD_SYSTEM_OPENSSL=TRUE",[0m
2022-12-27T01:51:23.9393420Z [36;1m  "package_name": "grpcio",[0m
2022-12-27T01:51:23.9393960Z [36;1m  "package_url": "https://files.pythonhosted.org/packages/ec/d1/4d3853097df7304a93053bc6ead69a776c4279b3271defddcd75b2118bbc/grpcio-0.4.0a2.tar.gz",[0m
2022-12-27T01:51:23.9394320Z [36;1m  "package_version": "0.4.0a2",[0m
2022-12-27T01:51:23.9394550Z [36;1m  "python_version": "3.11",[0m
2022-12-27T01:51:23.9394770Z [36;1m  "use_ccache": "true"[0m
2022-12-27T01:51:23.9394970Z [36;1m}'[0m
2022-12-27T01:51:23.9424480Z shell: /bin/bash -e {0}
2022-12-27T01:51:23.9424760Z ##[endgroup]
2022-12-27T01:51:23.9815570Z {
2022-12-27T01:51:23.9818270Z   "environment_variables": "GRPC_PYTHON_BUILD_WITH_CYTHON=1 GRPC_BUILD_WITH_BORING_SSL_ASM= GRPC_PYTHON_BUILD_SYSTEM_OPENSSL=TRUE",
2022-12-27T01:51:23.9818810Z   "package_name": "grpcio",
2022-12-27T01:51:23.9820110Z   "package_url": "https://files.pythonhosted.org/packages/ec/d1/4d3853097df7304a93053bc6ead69a776c4279b3271defddcd75b2118bbc/grpcio-0.4.0a2.tar.gz",
2022-12-27T01:51:23.9820630Z   "package_version": "0.4.0a2",
2022-12-27T01:51:23.9820920Z   "python_version": "3.11",
2022-12-27T01:51:23.9821310Z   "use_ccache": "true"
2022-12-27T01:51:23.9821630Z }
2022-12-27T01:51:24.0172470Z ##[group]Run actions/setup-python@v4
2022-12-27T01:51:24.0173070Z with:
2022-12-27T01:51:24.0173400Z   python-version: 3.11
2022-12-27T01:51:24.0173670Z   check-latest: false
2022-12-27T01:51:24.0174280Z   token: ***
2022-12-27T01:51:24.0174680Z   update-environment: true
2022-12-27T01:51:24.0175020Z ##[endgroup]
2022-12-27T01:51:24.2168760Z ##[group]Installed versions
2022-12-27T01:51:24.2237250Z Successfully set up CPython (3.11.1)
2022-12-27T01:51:24.2238670Z ##[endgroup]
2022-12-27T01:51:24.2481180Z ##[group]Run if [ "true" == "true" ]
2022-12-27T01:51:24.2481770Z [36;1mif [ "true" == "true" ][0m
2022-12-27T01:51:24.2482160Z [36;1mthen[0m
2022-12-27T01:51:24.2482690Z [36;1m  echo "CCACHE_PATH_PREPEND=/usr/local/opt/ccache/libexec" >> $GITHUB_OUTPUT[0m
2022-12-27T01:51:24.2483070Z [36;1melse[0m
2022-12-27T01:51:24.2483660Z [36;1m  echo "CCACHE_PATH_PREPEND=" >> $GITHUB_OUTPUT[0m
2022-12-27T01:51:24.2484100Z [36;1mfi[0m
2022-12-27T01:51:24.2519430Z shell: /bin/bash -e {0}
2022-12-27T01:51:24.2519840Z env:
2022-12-27T01:51:24.2520390Z   pythonLocation: /Users/runner/hostedtoolcache/Python/3.11.1/x64
2022-12-27T01:51:24.2520900Z   PKG_CONFIG_PATH: /Users/runner/hostedtoolcache/Python/3.11.1/x64/lib/pkgconfig
2022-12-27T01:51:24.2522020Z   Python_ROOT_DIR: /Users/runner/hostedtoolcache/Python/3.11.1/x64
2022-12-27T01:51:24.2522510Z   Python2_ROOT_DIR: /Users/runner/hostedtoolcache/Python/3.11.1/x64
2022-12-27T01:51:24.2523180Z   Python3_ROOT_DIR: /Users/runner/hostedtoolcache/Python/3.11.1/x64
2022-12-27T01:51:24.2523610Z ##[endgroup]
2022-12-27T01:51:24.2783650Z ##[group]Run echo "BUILD_NAME=$(echo grpcio_0.4.0a2_3.11 | tr -dc '[:alnum:]\n\r' | tr '[:upper:]' '[:lower:]')" >> $GITHUB_OUTPUT
2022-12-27T01:51:24.2784240Z [36;1mecho "BUILD_NAME=$(echo grpcio_0.4.0a2_3.11 | tr -dc '[:alnum:]\n\r' | tr '[:upper:]' '[:lower:]')" >> $GITHUB_OUTPUT[0m
2022-12-27T01:51:24.2813240Z shell: /bin/bash -e {0}
2022-12-27T01:51:24.2813560Z env:
2022-12-27T01:51:24.2813880Z   pythonLocation: /Users/runner/hostedtoolcache/Python/3.11.1/x64
2022-12-27T01:51:24.2814280Z   PKG_CONFIG_PATH: /Users/runner/hostedtoolcache/Python/3.11.1/x64/lib/pkgconfig
2022-12-27T01:51:24.2814700Z   Python_ROOT_DIR: /Users/runner/hostedtoolcache/Python/3.11.1/x64
2022-12-27T01:51:24.2815170Z   Python2_ROOT_DIR: /Users/runner/hostedtoolcache/Python/3.11.1/x64
2022-12-27T01:51:24.2815540Z   Python3_ROOT_DIR: /Users/runner/hostedtoolcache/Python/3.11.1/x64
2022-12-27T01:51:24.2815900Z ##[endgroup]
2022-12-27T01:51:24.3028900Z ##[group]Run echo "PYTHON_NO_DOTS=$(echo 3.11 | tr -dc '[:alnum:]\n\r' | tr '[:upper:]' '[:lower:]')" >> $GITHUB_OUTPUT
2022-12-27T01:51:24.3029560Z [36;1mecho "PYTHON_NO_DOTS=$(echo 3.11 | tr -dc '[:alnum:]\n\r' | tr '[:upper:]' '[:lower:]')" >> $GITHUB_OUTPUT[0m
2022-12-27T01:51:24.3057780Z shell: /bin/bash -e {0}
2022-12-27T01:51:24.3058100Z env:
2022-12-27T01:51:24.3058550Z   pythonLocation: /Users/runner/hostedtoolcache/Python/3.11.1/x64
2022-12-27T01:51:24.3059810Z   PKG_CONFIG_PATH: /Users/runner/hostedtoolcache/Python/3.11.1/x64/lib/pkgconfig
2022-12-27T01:51:24.3060260Z   Python_ROOT_DIR: /Users/runner/hostedtoolcache/Python/3.11.1/x64
2022-12-27T01:51:24.3060690Z   Python2_ROOT_DIR: /Users/runner/hostedtoolcache/Python/3.11.1/x64
2022-12-27T01:51:24.3061180Z   Python3_ROOT_DIR: /Users/runner/hostedtoolcache/Python/3.11.1/x64
2022-12-27T01:51:24.3061550Z ##[endgroup]
2022-12-27T01:51:24.3270270Z ##[group]Run rm -rf build_grpcio040a2311
2022-12-27T01:51:24.3270860Z [36;1mrm -rf build_grpcio040a2311[0m
2022-12-27T01:51:24.3271150Z [36;1mmkdir build_grpcio040a2311[0m
2022-12-27T01:51:24.3271540Z [36;1mcd build_grpcio040a2311[0m
2022-12-27T01:51:24.3272100Z [36;1m/usr/local/bin/wget --quiet https://files.pythonhosted.org/packages/ec/d1/4d3853097df7304a93053bc6ead69a776c4279b3271defddcd75b2118bbc/grpcio-0.4.0a2.tar.gz[0m
2022-12-27T01:51:24.3272530Z [36;1mtar xf *.tar.gz[0m
2022-12-27T01:51:24.3272940Z [36;1mcd grpcio-*/[0m
2022-12-27T01:51:24.3273310Z [36;1mpython -m pip install cibuildwheel==2.11.3[0m
2022-12-27T01:51:24.3273780Z [36;1mpython -m cibuildwheel --output-dir ../wheelsout[0m
2022-12-27T01:51:24.3302520Z shell: /bin/bash -e {0}
2022-12-27T01:51:24.3302910Z env:
2022-12-27T01:51:24.3303360Z   pythonLocation: /Users/runner/hostedtoolcache/Python/3.11.1/x64
2022-12-27T01:51:24.3303860Z   PKG_CONFIG_PATH: /Users/runner/hostedtoolcache/Python/3.11.1/x64/lib/pkgconfig
2022-12-27T01:51:24.3304270Z   Python_ROOT_DIR: /Users/runner/hostedtoolcache/Python/3.11.1/x64
2022-12-27T01:51:24.3304700Z   Python2_ROOT_DIR: /Users/runner/hostedtoolcache/Python/3.11.1/x64
2022-12-27T01:51:24.3305190Z   Python3_ROOT_DIR: /Users/runner/hostedtoolcache/Python/3.11.1/x64
2022-12-27T01:51:24.3305570Z   CIBW_ARCHS_MACOS: arm64
2022-12-27T01:51:24.3305840Z   CIBW_TEST_SKIP: *_arm64
2022-12-27T01:51:24.3306160Z   CIBW_BUILD: cp311-macosx_arm64
2022-12-27T01:51:24.3306500Z   CIBW_BUILD_FRONTEND: pip
2022-12-27T01:51:24.3306840Z   CIBW_BUILD_VERBOSITY: 3
2022-12-27T01:51:24.3307510Z   CIBW_ENVIRONMENT_MACOS: GRPC_PYTHON_BUILD_WITH_CYTHON=1 GRPC_BUILD_WITH_BORING_SSL_ASM='' GRPC_PYTHON_BUILD_SYSTEM_OPENSSL=TRUE CFLAGS="-I/usr/local/opt/openssl@3/include" LDFLAGS="-L/usr/local/opt/openssl@3/lib" CPPFLAGS="-I/usr/local/opt/openssl@3/include" MAKEFLAGS="-j$(sysctl -n hw.logicalcpu)" PATH=/usr/local/opt/ccache/libexec:$PATH
2022-12-27T01:51:24.3308550Z   CIBW_BEFORE_BUILD: pip install Cython; if [[ -f requirements.txt ]]; then pip install -r requirements.txt; fi
2022-12-27T01:51:24.3308990Z   MAKEFLAGS: -j$(sysctl -n hw.logicalcpu)
2022-12-27T01:51:24.3309270Z ##[endgroup]
2022-12-27T01:51:24.8140800Z Requirement already satisfied: cibuildwheel==2.11.3 in /Library/Frameworks/Python.framework/Versions/3.11/lib/python3.11/site-packages (2.11.3)
2022-12-27T01:51:24.8651130Z Requirement already satisfied: bashlex!=0.13 in /Library/Frameworks/Python.framework/Versions/3.11/lib/python3.11/site-packages (from cibuildwheel==2.11.3) (0.16)
2022-12-27T01:51:24.8661790Z Requirement already satisfied: bracex in /Library/Frameworks/Python.framework/Versions/3.11/lib/python3.11/site-packages (from cibuildwheel==2.11.3) (2.3.post1)
2022-12-27T01:51:24.8670390Z Requirement already satisfied: certifi in /Library/Frameworks/Python.framework/Versions/3.11/lib/python3.11/site-packages (from cibuildwheel==2.11.3) (2022.12.7)
2022-12-27T01:51:24.8680680Z Requirement already satisfied: filelock in /Library/Frameworks/Python.framework/Versions/3.11/lib/python3.11/site-packages (from cibuildwheel==2.11.3) (3.8.2)
2022-12-27T01:51:24.8694140Z Requirement already satisfied: packaging>=20.9 in /Library/Frameworks/Python.framework/Versions/3.11/lib/python3.11/site-packages (from cibuildwheel==2.11.3) (22.0)
2022-12-27T01:51:24.8706190Z Requirement already satisfied: platformdirs in /Library/Frameworks/Python.framework/Versions/3.11/lib/python3.11/site-packages (from cibuildwheel==2.11.3) (2.6.0)
2022-12-27T01:51:25.2261500Z 
2022-12-27T01:51:25.2262730Z      _ _       _ _   _       _           _
2022-12-27T01:51:25.2264820Z  ___|_| |_ _ _|_| |_| |_ _ _| |_ ___ ___| |
2022-12-27T01:51:25.2266590Z |  _| | . | | | | | . | | | |   | -_| -_| |
2022-12-27T01:51:25.2267690Z |___|_|___|___|_|_|___|_____|_|_|___|___|_|
2022-12-27T01:51:25.2268090Z 
2022-12-27T01:51:25.2268470Z cibuildwheel version 2.11.3
2022-12-27T01:51:25.2268880Z 
2022-12-27T01:51:25.2269170Z Build options:
2022-12-27T01:51:25.2269790Z   platform: macos
2022-12-27T01:51:25.2331490Z   architectures: arm64[0m
2022-12-27T01:51:25.2332540Z   build_selector: 
2022-12-27T01:51:25.2333490Z     build_config: cp311-macosx_arm64
2022-12-27T01:51:25.2333970Z     skip_config: 
2022-12-27T01:51:25.2334540Z     requires_python: None
2022-12-27T01:51:25.2336820Z     prerelease_pythons: False[0m
2022-12-27T01:51:25.2338760Z   [38;5;244mcontainer_engine: docker[0m
2022-12-27T01:51:25.2339800Z   output_dir: /Users/runner/actions-runner/_work/python.build/python.build/build_grpcio040a2311/wheelsout[0m
2022-12-27T01:51:25.2340890Z   package_dir: /Users/runner/actions-runner/_work/python.build/python.build/build_grpcio040a2311/grpcio-0.4.0a2[0m
2022-12-27T01:51:25.2341430Z   test_selector: 
2022-12-27T01:51:25.2342080Z     skip_config: *_arm64[0m
2022-12-27T01:51:25.2342570Z   [38;5;244mbefore_all: [0m
2022-12-27T01:51:25.2343280Z   before_build: pip install Cython; if [[ -f requirements.txt ]]; then pip install -r requirements.txt; fi[0m
2022-12-27T01:51:25.2343860Z   [38;5;244mbefore_test: [0m
2022-12-27T01:51:25.2344280Z   [38;5;244mbuild_frontend: pip[0m
2022-12-27T01:51:25.2344860Z   build_verbosity: 3[0m
2022-12-27T01:51:25.2345440Z   [38;5;244mconfig_settings: [0m
2022-12-27T01:51:25.2345920Z   [38;5;244mdependency_constraints: pinned[0m
2022-12-27T01:51:25.2346330Z   environment: 
2022-12-27T01:51:25.2346790Z     GRPC_PYTHON_BUILD_WITH_CYTHON=1
2022-12-27T01:51:25.2347190Z     GRPC_BUILD_WITH_BORING_SSL_ASM=''
2022-12-27T01:51:25.2347630Z     GRPC_PYTHON_BUILD_SYSTEM_OPENSSL=TRUE
2022-12-27T01:51:25.2348160Z     CFLAGS="-I/usr/local/opt/openssl@3/include"
2022-12-27T01:51:25.2348640Z     LDFLAGS="-L/usr/local/opt/openssl@3/lib"
2022-12-27T01:51:25.2349370Z     CPPFLAGS="-I/usr/local/opt/openssl@3/include"
2022-12-27T01:51:25.2349980Z     MAKEFLAGS="-j$(sysctl -n hw.logicalcpu)"
2022-12-27T01:51:25.2350920Z     PATH=/usr/local/opt/ccache/libexec:$PATH[0m
2022-12-27T01:51:25.2351580Z   [38;5;244mmanylinux_images: None[0m
2022-12-27T01:51:25.2352100Z   [38;5;244mmusllinux_images: None[0m
2022-12-27T01:51:25.2352850Z   [38;5;244mrepair_command: delocate-wheel --require-archs {delocate_archs} -w {dest_dir} -v {wheel}[0m
2022-12-27T01:51:25.2353460Z   [38;5;244mtest_command: [0m
2022-12-27T01:51:25.2353980Z   [38;5;244mtest_extras: [0m
2022-12-27T01:51:25.2354480Z   [38;5;244mtest_requires: [0m
2022-12-27T01:51:25.2354630Z 
2022-12-27T01:51:25.2354870Z Cache folder: /Users/runner/Library/Caches/cibuildwheel
2022-12-27T01:51:25.2356880Z 
2022-12-27T01:51:25.2357640Z Here we go!
2022-12-27T01:51:25.2357890Z 
2022-12-27T01:51:25.2502310Z 
2022-12-27T01:51:25.2502940Z [1m[34mBuilding cp311-macosx_arm64 wheel[0m
2022-12-27T01:51:25.2503670Z CPython 3.11 macOS arm64 - Apple Silicon
2022-12-27T01:51:25.2503970Z 
2022-12-27T01:51:25.2506260Z ##[group]Installing Python cp311...
2022-12-27T01:51:25.2506590Z 
2022-12-27T01:51:25.2506830Z + pkgutil --pkgs
2022-12-27T01:51:25.2678000Z ##[endgroup]
2022-12-27T01:51:25.2679990Z                                                               [32mâœ“ [0m0.02s
2022-12-27T01:51:25.2681060Z ##[group]Setting up build environment...
2022-12-27T01:51:25.2681410Z 
2022-12-27T01:51:25.2706630Z + /Library/Frameworks/Python.framework/Versions/3.11/bin/python -sS /Users/runner/Library/Caches/cibuildwheel/virtualenv-20.17.0.pyz --activators= --no-periodic-update --pip=22.3.1 --setuptools=65.6.3 --wheel=0.38.4 --symlink-app-data --python /Library/Frameworks/Python.framework/Versions/3.11/bin/python3 /private/var/folders/51/hd414ycd67n82196sw51xqtc0000gn/T/cibw-run-sa3jod51/cp311-macosx_arm64/build/venv
2022-12-27T01:51:25.5586580Z created virtual environment CPython3.11.1.final.0-64 in 72ms
2022-12-27T01:51:25.5587480Z   creator CPython3Posix(dest=/private/var/folders/51/hd414ycd67n82196sw51xqtc0000gn/T/cibw-run-sa3jod51/cp311-macosx_arm64/build/venv, clear=False, no_vcs_ignore=False, global=False)
2022-12-27T01:51:25.5588550Z   seeder FromAppData(download=False, pip=22.3.1, setuptools=65.6.3, wheel=0.38.4, via=symlink, app_data_dir=/Users/runner/Library/Application Support/virtualenv)
2022-12-27T01:51:25.5589130Z     added seed packages: pip==22.3.1, setuptools==65.6.3, wheel==0.38.4
2022-12-27T01:51:25.5821850Z + python -m pip install --upgrade pip -c /Library/Frameworks/Python.framework/Versions/3.11/lib/python3.11/site-packages/cibuildwheel/resources/constraints-python311.txt
2022-12-27T01:51:26.0061550Z Requirement already satisfied: pip in ./lib/python3.11/site-packages (22.3.1)
2022-12-27T01:51:26.2163100Z + which pip
2022-12-27T01:51:26.2202010Z /private/var/folders/51/hd414ycd67n82196sw51xqtc0000gn/T/cibw-run-sa3jod51/cp311-macosx_arm64/build/venv/bin/pip
2022-12-27T01:51:26.2206370Z + pip --version
2022-12-27T01:51:26.5288380Z pip 22.3.1 from /private/var/folders/51/hd414ycd67n82196sw51xqtc0000gn/T/cibw-run-sa3jod51/cp311-macosx_arm64/build/venv/lib/python3.11/site-packages/pip (python 3.11)
2022-12-27T01:51:26.5735430Z + which pip
2022-12-27T01:51:26.5782990Z + which python
2022-12-27T01:51:26.5827180Z /private/var/folders/51/hd414ycd67n82196sw51xqtc0000gn/T/cibw-run-sa3jod51/cp311-macosx_arm64/build/venv/bin/python
2022-12-27T01:51:26.5831920Z + python --version
2022-12-27T01:51:26.5934320Z Python 3.11.1
2022-12-27T01:51:26.5939240Z + which python
2022-12-27T01:51:26.6022360Z ##[endgroup]
2022-12-27T01:51:26.6023720Z                                                               [32mâœ“ [0m1.33s
2022-12-27T01:51:26.6025130Z ##[group]Installing build tools...
2022-12-27T01:51:26.6025550Z 
2022-12-27T01:51:26.6026980Z + pip install --upgrade setuptools wheel delocate -c /Library/Frameworks/Python.framework/Versions/3.11/lib/python3.11/site-packages/cibuildwheel/resources/constraints-python311.txt
2022-12-27T01:51:27.0233520Z Requirement already satisfied: setuptools in /private/var/folders/51/hd414ycd67n82196sw51xqtc0000gn/T/cibw-run-sa3jod51/cp311-macosx_arm64/build/venv/lib/python3.11/site-packages (65.6.3)
2022-12-27T01:51:27.2858040Z Requirement already satisfied: wheel in /private/var/folders/51/hd414ycd67n82196sw51xqtc0000gn/T/cibw-run-sa3jod51/cp311-macosx_arm64/build/venv/lib/python3.11/site-packages (0.38.4)
2022-12-27T01:51:27.3497770Z Collecting delocate
2022-12-27T01:51:27.3535450Z   Using cached delocate-0.10.3-py3-none-any.whl (142 kB)
2022-12-27T01:51:27.3932790Z Collecting packaging>=20.9
2022-12-27T01:51:27.3967110Z   Using cached packaging-21.3-py3-none-any.whl (40 kB)
2022-12-27T01:51:27.4185910Z Collecting typing-extensions
2022-12-27T01:51:27.4216990Z   Using cached typing_extensions-4.4.0-py3-none-any.whl (26 kB)
2022-12-27T01:51:27.4706450Z Collecting pyparsing!=3.0.5,>=2.0.2
2022-12-27T01:51:27.4736220Z   Using cached pyparsing-3.0.9-py3-none-any.whl (98 kB)
2022-12-27T01:51:27.5662450Z Installing collected packages: typing-extensions, pyparsing, packaging, delocate
2022-12-27T01:51:27.7780220Z Successfully installed delocate-0.10.3 packaging-21.3 pyparsing-3.0.9 typing-extensions-4.4.0
2022-12-27T01:51:27.8891920Z ##[endgroup]
2022-12-27T01:51:27.8894210Z                                                               [32mâœ“ [0m1.29s
2022-12-27T01:51:27.8895710Z ##[group]Running before_build...
2022-12-27T01:51:27.8896130Z 
2022-12-27T01:51:27.8898360Z + pip install Cython; if [[ -f requirements.txt ]]; then pip install -r requirements.txt; fi
2022-12-27T01:51:28.8448420Z Collecting Cython
2022-12-27T01:51:28.8515940Z   Using cached Cython-0.29.32-py2.py3-none-any.whl (986 kB)
2022-12-27T01:51:28.9143160Z Installing collected packages: Cython
2022-12-27T01:51:29.5718750Z Successfully installed Cython-0.29.32
2022-12-27T01:51:29.6612390Z ##[endgroup]
2022-12-27T01:51:29.6613270Z                                                               [32mâœ“ [0m1.77s
2022-12-27T01:51:29.6614030Z ##[group]Building wheel...
2022-12-27T01:51:29.6614170Z 
2022-12-27T01:51:29.6620720Z + python -m pip wheel /Users/runner/actions-runner/_work/python.build/python.build/build_grpcio040a2311/grpcio-0.4.0a2 --wheel-dir=/private/var/folders/51/hd414ycd67n82196sw51xqtc0000gn/T/cibw-run-sa3jod51/cp311-macosx_arm64/built_wheel --no-deps -vvv
2022-12-27T01:51:30.0291850Z Created temporary directory: /private/var/folders/51/hd414ycd67n82196sw51xqtc0000gn/T/pip-ephem-wheel-cache-hh_h6reu
2022-12-27T01:51:30.0296170Z Created temporary directory: /private/var/folders/51/hd414ycd67n82196sw51xqtc0000gn/T/pip-build-tracker-w4c9u8n_
2022-12-27T01:51:30.0299470Z Initialized build tracking at /private/var/folders/51/hd414ycd67n82196sw51xqtc0000gn/T/pip-build-tracker-w4c9u8n_
2022-12-27T01:51:30.0301980Z Created build tracker: /private/var/folders/51/hd414ycd67n82196sw51xqtc0000gn/T/pip-build-tracker-w4c9u8n_
2022-12-27T01:51:30.0303330Z Entered build tracker: /private/var/folders/51/hd414ycd67n82196sw51xqtc0000gn/T/pip-build-tracker-w4c9u8n_
2022-12-27T01:51:30.0307130Z Created temporary directory: /private/var/folders/51/hd414ycd67n82196sw51xqtc0000gn/T/pip-wheel-016jqlzp
2022-12-27T01:51:30.0315170Z Created temporary directory: /private/var/folders/51/hd414ycd67n82196sw51xqtc0000gn/T/pip-ephem-wheel-cache-d7gn3w6h
2022-12-27T01:51:30.0439610Z Processing /Users/runner/actions-runner/_work/python.build/python.build/build_grpcio040a2311/grpcio-0.4.0a2
2022-12-27T01:51:30.0447660Z   Added file:///Users/runner/actions-runner/_work/python.build/python.build/build_grpcio040a2311/grpcio-0.4.0a2 to build tracker '/private/var/folders/51/hd414ycd67n82196sw51xqtc0000gn/T/pip-build-tracker-w4c9u8n_'
2022-12-27T01:51:30.0452880Z   Running setup.py (path:/Users/runner/actions-runner/_work/python.build/python.build/build_grpcio040a2311/grpcio-0.4.0a2/setup.py) egg_info for package from file:///Users/runner/actions-runner/_work/python.build/python.build/build_grpcio040a2311/grpcio-0.4.0a2
2022-12-27T01:51:30.0457060Z   Created temporary directory: /private/var/folders/51/hd414ycd67n82196sw51xqtc0000gn/T/pip-pip-egg-info-lcs5araf
2022-12-27T01:51:30.0458830Z   Preparing metadata (setup.py): started
2022-12-27T01:51:30.0461420Z   Running command python setup.py egg_info
2022-12-27T01:51:30.2740330Z   running egg_info
2022-12-27T01:51:30.2742370Z   creating /private/var/folders/51/hd414ycd67n82196sw51xqtc0000gn/T/pip-pip-egg-info-lcs5araf/grpcio.egg-info
2022-12-27T01:51:30.2750450Z   writing /private/var/folders/51/hd414ycd67n82196sw51xqtc0000gn/T/pip-pip-egg-info-lcs5araf/grpcio.egg-info/PKG-INFO
2022-12-27T01:51:30.2752580Z   writing dependency_links to /private/var/folders/51/hd414ycd67n82196sw51xqtc0000gn/T/pip-pip-egg-info-lcs5araf/grpcio.egg-info/dependency_links.txt
2022-12-27T01:51:30.2755700Z   writing requirements to /private/var/folders/51/hd414ycd67n82196sw51xqtc0000gn/T/pip-pip-egg-info-lcs5araf/grpcio.egg-info/requires.txt
2022-12-27T01:51:30.2756820Z   writing top-level names to /private/var/folders/51/hd414ycd67n82196sw51xqtc0000gn/T/pip-pip-egg-info-lcs5araf/grpcio.egg-info/top_level.txt
2022-12-27T01:51:30.2758490Z   writing manifest file '/private/var/folders/51/hd414ycd67n82196sw51xqtc0000gn/T/pip-pip-egg-info-lcs5araf/grpcio.egg-info/SOURCES.txt'
2022-12-27T01:51:30.4080950Z   reading manifest file '/private/var/folders/51/hd414ycd67n82196sw51xqtc0000gn/T/pip-pip-egg-info-lcs5araf/grpcio.egg-info/SOURCES.txt'
2022-12-27T01:51:30.4081940Z   reading manifest template 'MANIFEST.in'
2022-12-27T01:51:30.4127090Z   writing manifest file '/private/var/folders/51/hd414ycd67n82196sw51xqtc0000gn/T/pip-pip-egg-info-lcs5araf/grpcio.egg-info/SOURCES.txt'
2022-12-27T01:51:30.4550720Z   Preparing metadata (setup.py): finished with status 'done'
2022-12-27T01:51:30.4582480Z   Source in /Users/runner/actions-runner/_work/python.build/python.build/build_grpcio040a2311/grpcio-0.4.0a2 has version 0.4.0a2, which satisfies requirement grpcio==0.4.0a2 from file:///Users/runner/actions-runner/_work/python.build/python.build/build_grpcio040a2311/grpcio-0.4.0a2
2022-12-27T01:51:30.4585990Z   Removed grpcio==0.4.0a2 from file:///Users/runner/actions-runner/_work/python.build/python.build/build_grpcio040a2311/grpcio-0.4.0a2 from build tracker '/private/var/folders/51/hd414ycd67n82196sw51xqtc0000gn/T/pip-build-tracker-w4c9u8n_'
2022-12-27T01:51:30.4610250Z Created temporary directory: /private/var/folders/51/hd414ycd67n82196sw51xqtc0000gn/T/pip-unpack-510o_y78
2022-12-27T01:51:30.4611540Z Building wheels for collected packages: grpcio
2022-12-27T01:51:30.4622830Z   Created temporary directory: /private/var/folders/51/hd414ycd67n82196sw51xqtc0000gn/T/pip-wheel-d5suraoj
2022-12-27T01:51:30.4624050Z   Building wheel for grpcio (setup.py): started
2022-12-27T01:51:30.4626190Z   Destination directory: /private/var/folders/51/hd414ycd67n82196sw51xqtc0000gn/T/pip-wheel-d5suraoj
2022-12-27T01:51:30.4627650Z   Running command python setup.py bdist_wheel
2022-12-27T01:51:30.7120320Z   running bdist_wheel
2022-12-27T01:51:30.8323210Z   running build
2022-12-27T01:51:30.8324340Z   running build_py
2022-12-27T01:51:30.8349530Z   creating build
2022-12-27T01:51:30.8354050Z   creating build/lib.macosx-11.0-arm64-cpython-311
2022-12-27T01:51:30.8355690Z   creating build/lib.macosx-11.0-arm64-cpython-311/grpc
2022-12-27T01:51:30.8357490Z   copying grpc/__init__.py -> build/lib.macosx-11.0-arm64-cpython-311/grpc
2022-12-27T01:51:30.8366760Z   creating build/lib.macosx-11.0-arm64-cpython-311/grpc/_adapter
2022-12-27T01:51:30.8368030Z   copying grpc/_adapter/fore.py -> build/lib.macosx-11.0-arm64-cpython-311/grpc/_adapter
2022-12-27T01:51:30.8370710Z   copying grpc/_adapter/_event_invocation_synchronous_event_service_test.py -> build/lib.macosx-11.0-arm64-cpython-311/grpc/_adapter
2022-12-27T01:51:30.8375880Z   copying grpc/_adapter/_lonely_rear_link_test.py -> build/lib.macosx-11.0-arm64-cpython-311/grpc/_adapter
2022-12-27T01:51:30.8378840Z   copying grpc/_adapter/_face_test_case.py -> build/lib.macosx-11.0-arm64-cpython-311/grpc/_adapter
2022-12-27T01:51:30.8381600Z   copying grpc/_adapter/_future_invocation_asynchronous_event_service_test.py -> build/lib.macosx-11.0-arm64-cpython-311/grpc/_adapter
2022-12-27T01:51:30.8388280Z   copying grpc/_adapter/_common.py -> build/lib.macosx-11.0-arm64-cpython-311/grpc/_adapter
2022-12-27T01:51:30.8390170Z   copying grpc/_adapter/__init__.py -> build/lib.macosx-11.0-arm64-cpython-311/grpc/_adapter
2022-12-27T01:51:30.8392240Z   copying grpc/_adapter/_low.py -> build/lib.macosx-11.0-arm64-cpython-311/grpc/_adapter
2022-12-27T01:51:30.8396860Z   copying grpc/_adapter/_blocking_invocation_inline_service_test.py -> build/lib.macosx-11.0-arm64-cpython-311/grpc/_adapter
2022-12-27T01:51:30.8401240Z   copying grpc/_adapter/_test_links.py -> build/lib.macosx-11.0-arm64-cpython-311/grpc/_adapter
2022-12-27T01:51:30.8403000Z   copying grpc/_adapter/rear.py -> build/lib.macosx-11.0-arm64-cpython-311/grpc/_adapter
2022-12-27T01:51:30.8406660Z   copying grpc/_adapter/_proto_scenarios.py -> build/lib.macosx-11.0-arm64-cpython-311/grpc/_adapter
2022-12-27T01:51:30.8410060Z   copying grpc/_adapter/_low_test.py -> build/lib.macosx-11.0-arm64-cpython-311/grpc/_adapter
2022-12-27T01:51:30.8414000Z   copying grpc/_adapter/_datatypes.py -> build/lib.macosx-11.0-arm64-cpython-311/grpc/_adapter
2022-12-27T01:51:30.8417500Z   copying grpc/_adapter/_links_test.py -> build/lib.macosx-11.0-arm64-cpython-311/grpc/_adapter
2022-12-27T01:51:30.8426540Z   copying grpc/_adapter/_c_test.py -> build/lib.macosx-11.0-arm64-cpython-311/grpc/_adapter
2022-12-27T01:51:30.8430100Z   creating build/lib.macosx-11.0-arm64-cpython-311/grpc/_junkdrawer
2022-12-27T01:51:30.8431910Z   copying grpc/_junkdrawer/stock_pb2.py -> build/lib.macosx-11.0-arm64-cpython-311/grpc/_junkdrawer
2022-12-27T01:51:30.8434120Z   copying grpc/_junkdrawer/__init__.py -> build/lib.macosx-11.0-arm64-cpython-311/grpc/_junkdrawer
2022-12-27T01:51:30.8512380Z   copying grpc/_junkdrawer/math_pb2.py -> build/lib.macosx-11.0-arm64-cpython-311/grpc/_junkdrawer
2022-12-27T01:51:30.8515480Z   creating build/lib.macosx-11.0-arm64-cpython-311/grpc/early_adopter
2022-12-27T01:51:30.8519920Z   copying grpc/early_adopter/__init__.py -> build/lib.macosx-11.0-arm64-cpython-311/grpc/early_adopter
2022-12-27T01:51:30.8521890Z   copying grpc/early_adopter/implementations_test.py -> build/lib.macosx-11.0-arm64-cpython-311/grpc/early_adopter
2022-12-27T01:51:30.8523610Z   copying grpc/early_adopter/implementations.py -> build/lib.macosx-11.0-arm64-cpython-311/grpc/early_adopter
2022-12-27T01:51:30.8530130Z   creating build/lib.macosx-11.0-arm64-cpython-311/grpc/framework
2022-12-27T01:51:30.8531480Z   copying grpc/framework/__init__.py -> build/lib.macosx-11.0-arm64-cpython-311/grpc/framework
2022-12-27T01:51:30.8537590Z   creating build/lib.macosx-11.0-arm64-cpython-311/grpc/framework/alpha
2022-12-27T01:51:30.8539490Z   copying grpc/framework/alpha/interfaces.py -> build/lib.macosx-11.0-arm64-cpython-311/grpc/framework/alpha
2022-12-27T01:51:30.8543090Z   copying grpc/framework/alpha/_face_utilities.py -> build/lib.macosx-11.0-arm64-cpython-311/grpc/framework/alpha
2022-12-27T01:51:30.8546660Z   copying grpc/framework/alpha/__init__.py -> build/lib.macosx-11.0-arm64-cpython-311/grpc/framework/alpha
2022-12-27T01:51:30.8550770Z   copying grpc/framework/alpha/exceptions.py -> build/lib.macosx-11.0-arm64-cpython-311/grpc/framework/alpha
2022-12-27T01:51:30.8555210Z   copying grpc/framework/alpha/_reexport.py -> build/lib.macosx-11.0-arm64-cpython-311/grpc/framework/alpha
2022-12-27T01:51:30.8557230Z   copying grpc/framework/alpha/utilities.py -> build/lib.macosx-11.0-arm64-cpython-311/grpc/framework/alpha
2022-12-27T01:51:30.8571500Z   creating build/lib.macosx-11.0-arm64-cpython-311/grpc/framework/base
2022-12-27T01:51:30.8573050Z   copying grpc/framework/base/interfaces.py -> build/lib.macosx-11.0-arm64-cpython-311/grpc/framework/base
2022-12-27T01:51:30.8576790Z   copying grpc/framework/base/_constants.py -> build/lib.macosx-11.0-arm64-cpython-311/grpc/framework/base
2022-12-27T01:51:30.8579520Z   copying grpc/framework/base/_expiration.py -> build/lib.macosx-11.0-arm64-cpython-311/grpc/framework/base
2022-12-27T01:51:30.8583740Z   copying grpc/framework/base/_transmission.py -> build/lib.macosx-11.0-arm64-cpython-311/grpc/framework/base
2022-12-27T01:51:30.8588320Z   copying grpc/framework/base/_reception.py -> build/lib.macosx-11.0-arm64-cpython-311/grpc/framework/base
2022-12-27T01:51:30.8592270Z   copying grpc/framework/base/_ingestion.py -> build/lib.macosx-11.0-arm64-cpython-311/grpc/framework/base
2022-12-27T01:51:30.8596250Z   copying grpc/framework/base/util.py -> build/lib.macosx-11.0-arm64-cpython-311/grpc/framework/base
2022-12-27T01:51:30.8599430Z   copying grpc/framework/base/_termination.py -> build/lib.macosx-11.0-arm64-cpython-311/grpc/framework/base
2022-12-27T01:51:30.8603450Z   copying grpc/framework/base/null.py -> build/lib.macosx-11.0-arm64-cpython-311/grpc/framework/base
2022-12-27T01:51:30.8607620Z   copying grpc/framework/base/__init__.py -> build/lib.macosx-11.0-arm64-cpython-311/grpc/framework/base
2022-12-27T01:51:30.8611140Z   copying grpc/framework/base/_interfaces.py -> build/lib.macosx-11.0-arm64-cpython-311/grpc/framework/base
2022-12-27T01:51:30.8615240Z   copying grpc/framework/base/_context.py -> build/lib.macosx-11.0-arm64-cpython-311/grpc/framework/base
2022-12-27T01:51:30.8618630Z   copying grpc/framework/base/implementations_test.py -> build/lib.macosx-11.0-arm64-cpython-311/grpc/framework/base
2022-12-27T01:51:30.8622500Z   copying grpc/framework/base/interfaces_test_case.py -> build/lib.macosx-11.0-arm64-cpython-311/grpc/framework/base
2022-12-27T01:51:30.8625100Z   copying grpc/framework/base/exceptions.py -> build/lib.macosx-11.0-arm64-cpython-311/grpc/framework/base
2022-12-27T01:51:30.8629390Z   copying grpc/framework/base/_ends.py -> build/lib.macosx-11.0-arm64-cpython-311/grpc/framework/base
2022-12-27T01:51:30.8634320Z   copying grpc/framework/base/_emission.py -> build/lib.macosx-11.0-arm64-cpython-311/grpc/framework/base
2022-12-27T01:51:30.8639450Z   copying grpc/framework/base/implementations.py -> build/lib.macosx-11.0-arm64-cpython-311/grpc/framework/base
2022-12-27T01:51:30.8641410Z   copying grpc/framework/base/in_memory.py -> build/lib.macosx-11.0-arm64-cpython-311/grpc/framework/base
2022-12-27T01:51:30.8645900Z   copying grpc/framework/base/_cancellation.py -> build/lib.macosx-11.0-arm64-cpython-311/grpc/framework/base
2022-12-27T01:51:30.8653090Z   creating build/lib.macosx-11.0-arm64-cpython-311/grpc/framework/common
2022-12-27T01:51:30.8654400Z   copying grpc/framework/common/style.py -> build/lib.macosx-11.0-arm64-cpython-311/grpc/framework/common
2022-12-27T01:51:30.8657940Z   copying grpc/framework/common/cardinality.py -> build/lib.macosx-11.0-arm64-cpython-311/grpc/framework/common
2022-12-27T01:51:30.8787600Z   copying grpc/framework/common/__init__.py -> build/lib.macosx-11.0-arm64-cpython-311/grpc/framework/common
2022-12-27T01:51:30.8789350Z   creating build/lib.macosx-11.0-arm64-cpython-311/grpc/framework/face
2022-12-27T01:51:30.8790040Z   copying grpc/framework/face/_service.py -> build/lib.macosx-11.0-arm64-cpython-311/grpc/framework/face
2022-12-27T01:51:30.8790820Z   copying grpc/framework/face/interfaces.py -> build/lib.macosx-11.0-arm64-cpython-311/grpc/framework/face
2022-12-27T01:51:30.8791520Z   copying grpc/framework/face/_control.py -> build/lib.macosx-11.0-arm64-cpython-311/grpc/framework/face
2022-12-27T01:51:30.8792400Z   copying grpc/framework/face/blocking_invocation_inline_service_test.py -> build/lib.macosx-11.0-arm64-cpython-311/grpc/framework/face
2022-12-27T01:51:30.8793190Z   copying grpc/framework/face/__init__.py -> build/lib.macosx-11.0-arm64-cpython-311/grpc/framework/face
2022-12-27T01:51:30.8794110Z   copying grpc/framework/face/demonstration.py -> build/lib.macosx-11.0-arm64-cpython-311/grpc/framework/face
2022-12-27T01:51:30.8795140Z   copying grpc/framework/face/_calls.py -> build/lib.macosx-11.0-arm64-cpython-311/grpc/framework/face
2022-12-27T01:51:30.8795840Z   copying grpc/framework/face/exceptions.py -> build/lib.macosx-11.0-arm64-cpython-311/grpc/framework/face
2022-12-27T01:51:30.8796450Z   copying grpc/framework/face/utilities.py -> build/lib.macosx-11.0-arm64-cpython-311/grpc/framework/face
2022-12-27T01:51:30.8797920Z   copying grpc/framework/face/event_invocation_synchronous_event_service_test.py -> build/lib.macosx-11.0-arm64-cpython-311/grpc/framework/face
2022-12-27T01:51:30.8798630Z   copying grpc/framework/face/_test_case.py -> build/lib.macosx-11.0-arm64-cpython-311/grpc/framework/face
2022-12-27T01:51:30.8799280Z   copying grpc/framework/face/implementations.py -> build/lib.macosx-11.0-arm64-cpython-311/grpc/framework/face
2022-12-27T01:51:30.8799960Z   copying grpc/framework/face/future_invocation_asynchronous_event_service_test.py -> build/lib.macosx-11.0-arm64-cpython-311/grpc/framework/face
2022-12-27T01:51:30.8800610Z   creating build/lib.macosx-11.0-arm64-cpython-311/grpc/framework/face/testing
2022-12-27T01:51:30.8801270Z   copying grpc/framework/face/testing/callback.py -> build/lib.macosx-11.0-arm64-cpython-311/grpc/framework/face/testing
2022-12-27T01:51:30.8802150Z   copying grpc/framework/face/testing/digest.py -> build/lib.macosx-11.0-arm64-cpython-311/grpc/framework/face/testing
2022-12-27T01:51:30.8802800Z   copying grpc/framework/face/testing/interfaces.py -> build/lib.macosx-11.0-arm64-cpython-311/grpc/framework/face/testing
2022-12-27T01:51:30.8803510Z   copying grpc/framework/face/testing/stock_service.py -> build/lib.macosx-11.0-arm64-cpython-311/grpc/framework/face/testing
2022-12-27T01:51:30.8804240Z   copying grpc/framework/face/testing/service.py -> build/lib.macosx-11.0-arm64-cpython-311/grpc/framework/face/testing
2022-12-27T01:51:30.8805010Z   copying grpc/framework/face/testing/blocking_invocation_inline_service_test_case.py -> build/lib.macosx-11.0-arm64-cpython-311/grpc/framework/face/testing
2022-12-27T01:51:30.8805680Z   copying grpc/framework/face/testing/base_util.py -> build/lib.macosx-11.0-arm64-cpython-311/grpc/framework/face/testing
2022-12-27T01:51:30.8806370Z   copying grpc/framework/face/testing/control.py -> build/lib.macosx-11.0-arm64-cpython-311/grpc/framework/face/testing
2022-12-27T01:51:30.8807010Z   copying grpc/framework/face/testing/__init__.py -> build/lib.macosx-11.0-arm64-cpython-311/grpc/framework/face/testing
2022-12-27T01:51:30.8808000Z   copying grpc/framework/face/testing/coverage.py -> build/lib.macosx-11.0-arm64-cpython-311/grpc/framework/face/testing
2022-12-27T01:51:30.8808760Z   copying grpc/framework/face/testing/event_invocation_synchronous_event_service_test_case.py -> build/lib.macosx-11.0-arm64-cpython-311/grpc/framework/face/testing
2022-12-27T01:51:30.8809510Z   copying grpc/framework/face/testing/test_case.py -> build/lib.macosx-11.0-arm64-cpython-311/grpc/framework/face/testing
2022-12-27T01:51:30.8810150Z   copying grpc/framework/face/testing/serial.py -> build/lib.macosx-11.0-arm64-cpython-311/grpc/framework/face/testing
2022-12-27T01:51:30.8810910Z   copying grpc/framework/face/testing/future_invocation_asynchronous_event_service_test_case.py -> build/lib.macosx-11.0-arm64-cpython-311/grpc/framework/face/testing
2022-12-27T01:51:30.8811490Z   creating build/lib.macosx-11.0-arm64-cpython-311/grpc/framework/foundation
2022-12-27T01:51:30.8812320Z   copying grpc/framework/foundation/callable_util.py -> build/lib.macosx-11.0-arm64-cpython-311/grpc/framework/foundation
2022-12-27T01:51:30.8813040Z   copying grpc/framework/foundation/abandonment.py -> build/lib.macosx-11.0-arm64-cpython-311/grpc/framework/foundation
2022-12-27T01:51:30.8813820Z   copying grpc/framework/foundation/stream_testing.py -> build/lib.macosx-11.0-arm64-cpython-311/grpc/framework/foundation
2022-12-27T01:51:30.8817850Z   copying grpc/framework/foundation/__init__.py -> build/lib.macosx-11.0-arm64-cpython-311/grpc/framework/foundation
2022-12-27T01:51:30.8820550Z   copying grpc/framework/foundation/stream.py -> build/lib.macosx-11.0-arm64-cpython-311/grpc/framework/foundation
2022-12-27T01:51:30.8822420Z   copying grpc/framework/foundation/activated.py -> build/lib.macosx-11.0-arm64-cpython-311/grpc/framework/foundation
2022-12-27T01:51:30.8826260Z   copying grpc/framework/foundation/later.py -> build/lib.macosx-11.0-arm64-cpython-311/grpc/framework/foundation
2022-12-27T01:51:30.8829690Z   copying grpc/framework/foundation/_later_test.py -> build/lib.macosx-11.0-arm64-cpython-311/grpc/framework/foundation
2022-12-27T01:51:30.8833440Z   copying grpc/framework/foundation/_logging_pool_test.py -> build/lib.macosx-11.0-arm64-cpython-311/grpc/framework/foundation
2022-12-27T01:51:30.8837280Z   copying grpc/framework/foundation/stream_util.py -> build/lib.macosx-11.0-arm64-cpython-311/grpc/framework/foundation
2022-12-27T01:51:30.8840940Z   copying grpc/framework/foundation/future.py -> build/lib.macosx-11.0-arm64-cpython-311/grpc/framework/foundation
2022-12-27T01:51:30.8844630Z   copying grpc/framework/foundation/_timer_future.py -> build/lib.macosx-11.0-arm64-cpython-311/grpc/framework/foundation
2022-12-27T01:51:30.8848440Z   copying grpc/framework/foundation/logging_pool.py -> build/lib.macosx-11.0-arm64-cpython-311/grpc/framework/foundation
2022-12-27T01:51:30.8907860Z   running build_ext
2022-12-27T01:51:30.8926160Z   building 'grpc._adapter._c' extension
2022-12-27T01:51:30.8928270Z   creating build/temp.macosx-11.0-arm64-cpython-311
2022-12-27T01:51:30.8930480Z   creating build/temp.macosx-11.0-arm64-cpython-311/grpc
2022-12-27T01:51:30.8931880Z   creating build/temp.macosx-11.0-arm64-cpython-311/grpc/_adapter
2022-12-27T01:51:30.8935730Z   clang -Wsign-compare -Wunreachable-code -fno-common -dynamic -DNDEBUG -g -fwrapv -O3 -Wall -g -I/usr/local/opt/openssl@3/include -I/usr/local/opt/openssl@3/include -arch arm64 -I. -I/private/var/folders/51/hd414ycd67n82196sw51xqtc0000gn/T/cibw-run-sa3jod51/cp311-macosx_arm64/build/venv/include -I/Library/Frameworks/Python.framework/Versions/3.11/include/python3.11 -c grpc/_adapter/_c.c -o build/temp.macosx-11.0-arm64-cpython-311/grpc/_adapter/_c.o
2022-12-27T01:51:31.0023790Z   grpc/_adapter/_c.c:35:10: fatal error: 'grpc/grpc.h' file not found
2022-12-27T01:51:31.0024270Z   #include <grpc/grpc.h>
2022-12-27T01:51:31.0024840Z            ^~~~~~~~~~~~~
2022-12-27T01:51:31.0031520Z   1 error generated.
2022-12-27T01:51:31.0066300Z   error: command '/usr/bin/clang' failed with exit code 1
2022-12-27T01:51:31.0845380Z   error: subprocess-exited-with-error
2022-12-27T01:51:31.0846080Z   
2022-12-27T01:51:31.0848130Z   Ã— python setup.py bdist_wheel did not run successfully.
2022-12-27T01:51:31.0848930Z   â”‚ exit code: 1
2022-12-27T01:51:31.0849700Z   â•°â”€> See above for output.
2022-12-27T01:51:31.0850290Z   
2022-12-27T01:51:31.0850930Z   note: This error originates from a subprocess, and is likely not a problem with pip.
2022-12-27T01:51:31.0854320Z   full command: /private/var/folders/51/hd414ycd67n82196sw51xqtc0000gn/T/cibw-run-sa3jod51/cp311-macosx_arm64/build/venv/bin/python -u -c '
2022-12-27T01:51:31.0855100Z   exec(compile('"'"''"'"''"'"'
2022-12-27T01:51:31.0855890Z   # This is <pip-setuptools-caller> -- a caller that pip uses to run setup.py
2022-12-27T01:51:31.0856330Z   #
2022-12-27T01:51:31.0857040Z   # - It imports setuptools before invoking setup.py, to enable projects that directly
2022-12-27T01:51:31.0860080Z   #   import from `distutils.core` to work with newer packaging standards.
2022-12-27T01:51:31.0861730Z   # - It provides a clear error message when setuptools is not installed.
2022-12-27T01:51:31.0862620Z   # - It sets `sys.argv[0]` to the underlying `setup.py`, when invoking `setup.py` so
2022-12-27T01:51:31.0863720Z   #   setuptools doesn'"'"'t think the script is `-c`. This avoids the following warning:
2022-12-27T01:51:31.0864700Z   #     manifest_maker: standard file '"'"'-c'"'"' not found".
2022-12-27T01:51:31.0865580Z   # - It generates a shim setup.py, for handling setup.cfg-only projects.
2022-12-27T01:51:31.0866340Z   import os, sys, tokenize
2022-12-27T01:51:31.0866930Z   
2022-12-27T01:51:31.0867520Z   try:
2022-12-27T01:51:31.0867990Z       import setuptools
2022-12-27T01:51:31.0868640Z   except ImportError as error:
2022-12-27T01:51:31.0869280Z       print(
2022-12-27T01:51:31.0869910Z           "ERROR: Can not execute `setup.py` since setuptools is not available in "
2022-12-27T01:51:31.0870700Z           "the build environment.",
2022-12-27T01:51:31.0872790Z           file=sys.stderr,
2022-12-27T01:51:31.0873270Z       )
2022-12-27T01:51:31.0873960Z       sys.exit(1)
2022-12-27T01:51:31.0874480Z   
2022-12-27T01:51:31.0874960Z   __file__ = %r
2022-12-27T01:51:31.0875540Z   sys.argv[0] = __file__
2022-12-27T01:51:31.0876100Z   
2022-12-27T01:51:31.0876550Z   if os.path.exists(__file__):
2022-12-27T01:51:31.0877120Z       filename = __file__
2022-12-27T01:51:31.0877760Z       with tokenize.open(__file__) as f:
2022-12-27T01:51:31.0878330Z           setup_py_code = f.read()
2022-12-27T01:51:31.0878950Z   else:
2022-12-27T01:51:31.0879810Z       filename = "<auto-generated setuptools caller>"
2022-12-27T01:51:31.0880510Z       setup_py_code = "from setuptools import setup; setup()"
2022-12-27T01:51:31.0881160Z   
2022-12-27T01:51:31.0881810Z   exec(compile(setup_py_code, filename, "exec"))
2022-12-27T01:51:31.0883330Z   '"'"''"'"''"'"' % ('"'"'/Users/runner/actions-runner/_work/python.build/python.build/build_grpcio040a2311/grpcio-0.4.0a2/setup.py'"'"',), "<pip-setuptools-caller>", "exec"))' bdist_wheel -d /private/var/folders/51/hd414ycd67n82196sw51xqtc0000gn/T/pip-wheel-d5suraoj
2022-12-27T01:51:31.0884730Z   cwd: /Users/runner/actions-runner/_work/python.build/python.build/build_grpcio040a2311/grpcio-0.4.0a2/
2022-12-27T01:51:31.0885610Z   ERROR: Failed building wheel for grpcio
2022-12-27T01:51:31.0886190Z   Running command python setup.py clean
2022-12-27T01:51:31.0886930Z   Building wheel for grpcio (setup.py): finished with status 'error'
2022-12-27T01:51:31.0887480Z   Running setup.py clean for grpcio
2022-12-27T01:51:31.3249000Z   running clean
2022-12-27T01:51:31.3265120Z   removing 'build/temp.macosx-11.0-arm64-cpython-311' (and everything under it)
2022-12-27T01:51:31.3269700Z   removing 'build/lib.macosx-11.0-arm64-cpython-311' (and everything under it)
2022-12-27T01:51:31.3404720Z   'build/bdist.macosx-11.0-arm64' does not exist -- can't clean it
2022-12-27T01:51:31.3405720Z   'build/scripts-3.11' does not exist -- can't clean it
2022-12-27T01:51:31.3407230Z   removing 'build'
2022-12-27T01:51:31.3774420Z Failed to build grpcio
2022-12-27T01:51:31.3779500Z ERROR: Failed to build one or more wheels
2022-12-27T01:51:31.3799150Z Exception information:
2022-12-27T01:51:31.3800130Z Traceback (most recent call last):
2022-12-27T01:51:31.3816250Z   File "/private/var/folders/51/hd414ycd67n82196sw51xqtc0000gn/T/cibw-run-sa3jod51/cp311-macosx_arm64/build/venv/lib/python3.11/site-packages/pip/_internal/cli/base_command.py", line 160, in exc_logging_wrapper
2022-12-27T01:51:31.3816840Z     status = run_func(*args)
2022-12-27T01:51:31.3817140Z              ^^^^^^^^^^^^^^^
2022-12-27T01:51:31.3817920Z   File "/private/var/folders/51/hd414ycd67n82196sw51xqtc0000gn/T/cibw-run-sa3jod51/cp311-macosx_arm64/build/venv/lib/python3.11/site-packages/pip/_internal/cli/req_command.py", line 247, in wrapper
2022-12-27T01:51:31.3818400Z     return func(self, options, args)
2022-12-27T01:51:31.3818740Z            ^^^^^^^^^^^^^^^^^^^^^^^^^
2022-12-27T01:51:31.3819580Z   File "/private/var/folders/51/hd414ycd67n82196sw51xqtc0000gn/T/cibw-run-sa3jod51/cp311-macosx_arm64/build/venv/lib/python3.11/site-packages/pip/_internal/commands/wheel.py", line 201, in run
2022-12-27T01:51:31.3820160Z     raise CommandError("Failed to build one or more wheels")
2022-12-27T01:51:31.3820600Z pip._internal.exceptions.CommandError: Failed to build one or more wheels
2022-12-27T01:51:31.3821180Z Removed build tracker: '/private/var/folders/51/hd414ycd67n82196sw51xqtc0000gn/T/pip-build-tracker-w4c9u8n_'
2022-12-27T01:51:31.4568690Z ##[endgroup]
2022-12-27T01:51:31.4601530Z ##[error]Command ['python', '-m', 'pip', 'wheel', '/Users/runner/actions-runner/_work/python.build/python.build/build_grpcio040a2311/grpcio-0.4.0a2', '--wheel-dir=/private/var/folders/51/hd414ycd67n82196sw51xqtc0000gn/T/cibw-run-sa3jod51/cp311-macosx_arm64/built_wheel', '--no-deps', '-vvv'] failed with code 1. None
2022-12-27T01:51:31.4610270Z 
2022-12-27T01:51:31.4610750Z                                                               [31mâœ• [0m1.80s
2022-12-27T01:51:31.5376450Z ##[error]Process completed with exit code 1.
2022-12-27T01:51:31.5430710Z ##[group]Run rm -rf build_grpcio040a2311 wheelsout
2022-12-27T01:51:31.5431040Z [36;1mrm -rf build_grpcio040a2311 wheelsout[0m
2022-12-27T01:51:31.5458780Z shell: /bin/bash -e {0}
2022-12-27T01:51:31.5459040Z env:
2022-12-27T01:51:31.5459390Z   pythonLocation: /Users/runner/hostedtoolcache/Python/3.11.1/x64
2022-12-27T01:51:31.5459840Z   PKG_CONFIG_PATH: /Users/runner/hostedtoolcache/Python/3.11.1/x64/lib/pkgconfig
2022-12-27T01:51:31.5460210Z   Python_ROOT_DIR: /Users/runner/hostedtoolcache/Python/3.11.1/x64
2022-12-27T01:51:31.5460610Z   Python2_ROOT_DIR: /Users/runner/hostedtoolcache/Python/3.11.1/x64
2022-12-27T01:51:31.5460990Z   Python3_ROOT_DIR: /Users/runner/hostedtoolcache/Python/3.11.1/x64
2022-12-27T01:51:31.5461280Z ##[endgroup]
2022-12-27T01:51:31.5904190Z Cleaning up orphan processes
