2022-12-27T08:48:17.1586551Z Requested labels: self-hosted, macOS, X64
2022-12-27T08:48:17.1586670Z Job defined at: kilnbuild/python.build/.github/workflows/mac_arm_build.yml@refs/heads/main
2022-12-27T08:48:17.1586722Z Waiting for a runner to pick up this job...
2022-12-27T11:12:16.3602826Z Job is about to start running on the runner: kr1 (organization)
2022-12-27T11:12:19.5419950Z Current runner version: '2.300.2'
2022-12-27T11:12:19.5428770Z Runner name: 'kr1'
2022-12-27T11:12:19.5429200Z Runner group name: 'Default'
2022-12-27T11:12:19.5430100Z Machine name: 'kr1'
2022-12-27T11:12:19.5432860Z ##[group]GITHUB_TOKEN Permissions
2022-12-27T11:12:19.5433590Z Actions: write
2022-12-27T11:12:19.5433870Z Checks: write
2022-12-27T11:12:19.5434130Z Contents: write
2022-12-27T11:12:19.5434390Z Deployments: write
2022-12-27T11:12:19.5434670Z Discussions: write
2022-12-27T11:12:19.5434940Z Issues: write
2022-12-27T11:12:19.5435280Z Metadata: read
2022-12-27T11:12:19.5435550Z Packages: write
2022-12-27T11:12:19.5435820Z Pages: write
2022-12-27T11:12:19.5436080Z PullRequests: write
2022-12-27T11:12:19.5436400Z RepositoryProjects: write
2022-12-27T11:12:19.5436710Z SecurityEvents: write
2022-12-27T11:12:19.5436980Z Statuses: write
2022-12-27T11:12:19.5437250Z ##[endgroup]
2022-12-27T11:12:19.5441240Z Secret source: Actions
2022-12-27T11:12:19.5441770Z Prepare workflow directory
2022-12-27T11:12:19.6585250Z Prepare all required actions
2022-12-27T11:12:19.6867990Z Getting action download info
2022-12-27T11:12:20.1404450Z Download action repository 'actions/setup-python@v4' (SHA:5ccb29d8773c3f3f653e1705f474dfaa8a06a912)
2022-12-27T11:12:22.6562570Z Download action repository 'actions/upload-artifact@v3' (SHA:83fd05a356d7e2593de66fc9913b3002723633cb)
2022-12-27T11:12:24.2996800Z ##[group]Run echo '{
2022-12-27T11:12:24.2997400Z [36;1mecho '{[0m
2022-12-27T11:12:24.2997790Z [36;1m  "package_name": "lxml",[0m
2022-12-27T11:12:24.2998310Z [36;1m  "package_url": "https://files.pythonhosted.org/packages/19/63/3be06acc09c2561813e0ca75244f6d0e710c22f4f3322f3d55e0c6d946c5/lxml-2.2.7.tar.gz",[0m
2022-12-27T11:12:24.2998790Z [36;1m  "package_version": "2.2.7",[0m
2022-12-27T11:12:24.2999120Z [36;1m  "python_version": "3.11",[0m
2022-12-27T11:12:24.2999370Z [36;1m  "use_ccache": "true"[0m
2022-12-27T11:12:24.2999750Z [36;1m}'[0m
2022-12-27T11:12:24.3026190Z shell: /bin/bash -e {0}
2022-12-27T11:12:24.3026520Z ##[endgroup]
2022-12-27T11:12:24.3441620Z {
2022-12-27T11:12:24.3444300Z   "package_name": "lxml",
2022-12-27T11:12:24.3445740Z   "package_url": "https://files.pythonhosted.org/packages/19/63/3be06acc09c2561813e0ca75244f6d0e710c22f4f3322f3d55e0c6d946c5/lxml-2.2.7.tar.gz",
2022-12-27T11:12:24.3446260Z   "package_version": "2.2.7",
2022-12-27T11:12:24.3446870Z   "python_version": "3.11",
2022-12-27T11:12:24.3447170Z   "use_ccache": "true"
2022-12-27T11:12:24.3447470Z }
2022-12-27T11:12:24.3799590Z ##[group]Run actions/setup-python@v4
2022-12-27T11:12:24.3800030Z with:
2022-12-27T11:12:24.3800480Z   python-version: 3.11
2022-12-27T11:12:24.3800820Z   check-latest: false
2022-12-27T11:12:24.3801300Z   token: ***
2022-12-27T11:12:24.3801620Z   update-environment: true
2022-12-27T11:12:24.3801980Z ##[endgroup]
2022-12-27T11:12:24.6004690Z ##[group]Installed versions
2022-12-27T11:12:24.6041330Z Successfully set up CPython (3.11.1)
2022-12-27T11:12:24.6042440Z ##[endgroup]
2022-12-27T11:12:24.6289890Z ##[group]Run if [ "true" == "true" ]
2022-12-27T11:12:24.6290640Z [36;1mif [ "true" == "true" ][0m
2022-12-27T11:12:24.6291020Z [36;1mthen[0m
2022-12-27T11:12:24.6291370Z [36;1m  echo "CCACHE_PATH_PREPEND=/usr/local/opt/ccache/libexec" >> $GITHUB_OUTPUT[0m
2022-12-27T11:12:24.6291820Z [36;1melse[0m
2022-12-27T11:12:24.6292320Z [36;1m  echo "CCACHE_PATH_PREPEND=" >> $GITHUB_OUTPUT[0m
2022-12-27T11:12:24.6292670Z [36;1mfi[0m
2022-12-27T11:12:24.6326050Z shell: /bin/bash -e {0}
2022-12-27T11:12:24.6326450Z env:
2022-12-27T11:12:24.6326910Z   pythonLocation: /Users/runner/hostedtoolcache/Python/3.11.1/x64
2022-12-27T11:12:24.6327420Z   PKG_CONFIG_PATH: /Users/runner/hostedtoolcache/Python/3.11.1/x64/lib/pkgconfig
2022-12-27T11:12:24.6327930Z   Python_ROOT_DIR: /Users/runner/hostedtoolcache/Python/3.11.1/x64
2022-12-27T11:12:24.6328430Z   Python2_ROOT_DIR: /Users/runner/hostedtoolcache/Python/3.11.1/x64
2022-12-27T11:12:24.6329110Z   Python3_ROOT_DIR: /Users/runner/hostedtoolcache/Python/3.11.1/x64
2022-12-27T11:12:24.6330170Z ##[endgroup]
2022-12-27T11:12:24.6651720Z ##[group]Run echo "BUILD_NAME=$(echo lxml_2.2.7_3.11 | tr -dc '[:alnum:]\n\r' | tr '[:upper:]' '[:lower:]')" >> $GITHUB_OUTPUT
2022-12-27T11:12:24.6652430Z [36;1mecho "BUILD_NAME=$(echo lxml_2.2.7_3.11 | tr -dc '[:alnum:]\n\r' | tr '[:upper:]' '[:lower:]')" >> $GITHUB_OUTPUT[0m
2022-12-27T11:12:24.6682350Z shell: /bin/bash -e {0}
2022-12-27T11:12:24.6682560Z env:
2022-12-27T11:12:24.6682820Z   pythonLocation: /Users/runner/hostedtoolcache/Python/3.11.1/x64
2022-12-27T11:12:24.6683240Z   PKG_CONFIG_PATH: /Users/runner/hostedtoolcache/Python/3.11.1/x64/lib/pkgconfig
2022-12-27T11:12:24.6683630Z   Python_ROOT_DIR: /Users/runner/hostedtoolcache/Python/3.11.1/x64
2022-12-27T11:12:24.6684050Z   Python2_ROOT_DIR: /Users/runner/hostedtoolcache/Python/3.11.1/x64
2022-12-27T11:12:24.6684500Z   Python3_ROOT_DIR: /Users/runner/hostedtoolcache/Python/3.11.1/x64
2022-12-27T11:12:24.6684780Z ##[endgroup]
2022-12-27T11:12:24.6946620Z ##[group]Run echo "PYTHON_NO_DOTS=$(echo 3.11 | tr -dc '[:alnum:]\n\r' | tr '[:upper:]' '[:lower:]')" >> $GITHUB_OUTPUT
2022-12-27T11:12:24.6947470Z [36;1mecho "PYTHON_NO_DOTS=$(echo 3.11 | tr -dc '[:alnum:]\n\r' | tr '[:upper:]' '[:lower:]')" >> $GITHUB_OUTPUT[0m
2022-12-27T11:12:24.6976850Z shell: /bin/bash -e {0}
2022-12-27T11:12:24.6977170Z env:
2022-12-27T11:12:24.6977540Z   pythonLocation: /Users/runner/hostedtoolcache/Python/3.11.1/x64
2022-12-27T11:12:24.6977970Z   PKG_CONFIG_PATH: /Users/runner/hostedtoolcache/Python/3.11.1/x64/lib/pkgconfig
2022-12-27T11:12:24.6978450Z   Python_ROOT_DIR: /Users/runner/hostedtoolcache/Python/3.11.1/x64
2022-12-27T11:12:24.6978870Z   Python2_ROOT_DIR: /Users/runner/hostedtoolcache/Python/3.11.1/x64
2022-12-27T11:12:24.6979300Z   Python3_ROOT_DIR: /Users/runner/hostedtoolcache/Python/3.11.1/x64
2022-12-27T11:12:24.6979590Z ##[endgroup]
2022-12-27T11:12:24.7244230Z ##[group]Run rm -rf build_lxml227311
2022-12-27T11:12:24.7244950Z [36;1mrm -rf build_lxml227311[0m
2022-12-27T11:12:24.7245280Z [36;1mmkdir build_lxml227311[0m
2022-12-27T11:12:24.7245610Z [36;1mcd build_lxml227311[0m
2022-12-27T11:12:24.7246110Z [36;1m/usr/local/bin/wget --quiet https://files.pythonhosted.org/packages/19/63/3be06acc09c2561813e0ca75244f6d0e710c22f4f3322f3d55e0c6d946c5/lxml-2.2.7.tar.gz[0m
2022-12-27T11:12:24.7246670Z [36;1mtar xf *.tar.gz[0m
2022-12-27T11:12:24.7246970Z [36;1mcd *[0m
2022-12-27T11:12:24.7247250Z [36;1mpython -m pip install cibuildwheel==2.11.3[0m
2022-12-27T11:12:24.7247640Z [36;1mpython -m cibuildwheel --output-dir ../wheelsout[0m
2022-12-27T11:12:24.7277010Z shell: /bin/bash -e {0}
2022-12-27T11:12:24.7277260Z env:
2022-12-27T11:12:24.7277620Z   pythonLocation: /Users/runner/hostedtoolcache/Python/3.11.1/x64
2022-12-27T11:12:24.7278060Z   PKG_CONFIG_PATH: /Users/runner/hostedtoolcache/Python/3.11.1/x64/lib/pkgconfig
2022-12-27T11:12:24.7278670Z   Python_ROOT_DIR: /Users/runner/hostedtoolcache/Python/3.11.1/x64
2022-12-27T11:12:24.7279040Z   Python2_ROOT_DIR: /Users/runner/hostedtoolcache/Python/3.11.1/x64
2022-12-27T11:12:24.7279470Z   Python3_ROOT_DIR: /Users/runner/hostedtoolcache/Python/3.11.1/x64
2022-12-27T11:12:24.7279840Z   CIBW_ARCHS_MACOS: arm64
2022-12-27T11:12:24.7280100Z   CIBW_TEST_SKIP: *_arm64
2022-12-27T11:12:24.7280510Z   CIBW_BUILD: cp311-macosx_arm64
2022-12-27T11:12:24.7280830Z   CIBW_BUILD_FRONTEND: pip
2022-12-27T11:12:24.7281090Z   CIBW_BUILD_VERBOSITY: 3
2022-12-27T11:12:24.7281630Z   CIBW_ENVIRONMENT_MACOS:  CFLAGS="-I/usr/local/opt/openssl@3/include" LDFLAGS="-L/usr/local/opt/openssl@3/lib" CPPFLAGS="-I/usr/local/opt/openssl@3/include" MAKEFLAGS="-j$(sysctl -n hw.logicalcpu)" PATH=/usr/local/opt/ccache/libexec:$PATH
2022-12-27T11:12:24.7282360Z   CIBW_BEFORE_BUILD: pip install Cython; if [[ -f requirements.txt ]]; then pip install -r requirements.txt; fi
2022-12-27T11:12:24.7283540Z   MAKEFLAGS: -j$(sysctl -n hw.logicalcpu)
2022-12-27T11:12:24.7283880Z ##[endgroup]
2022-12-27T11:12:25.4906500Z Requirement already satisfied: cibuildwheel==2.11.3 in /Library/Frameworks/Python.framework/Versions/3.11/lib/python3.11/site-packages (2.11.3)
2022-12-27T11:12:25.5469190Z Requirement already satisfied: bashlex!=0.13 in /Library/Frameworks/Python.framework/Versions/3.11/lib/python3.11/site-packages (from cibuildwheel==2.11.3) (0.16)
2022-12-27T11:12:25.5477310Z Requirement already satisfied: bracex in /Library/Frameworks/Python.framework/Versions/3.11/lib/python3.11/site-packages (from cibuildwheel==2.11.3) (2.3.post1)
2022-12-27T11:12:25.5486710Z Requirement already satisfied: certifi in /Library/Frameworks/Python.framework/Versions/3.11/lib/python3.11/site-packages (from cibuildwheel==2.11.3) (2022.12.7)
2022-12-27T11:12:25.5495110Z Requirement already satisfied: filelock in /Library/Frameworks/Python.framework/Versions/3.11/lib/python3.11/site-packages (from cibuildwheel==2.11.3) (3.8.2)
2022-12-27T11:12:25.5511350Z Requirement already satisfied: packaging>=20.9 in /Library/Frameworks/Python.framework/Versions/3.11/lib/python3.11/site-packages (from cibuildwheel==2.11.3) (22.0)
2022-12-27T11:12:25.5521510Z Requirement already satisfied: platformdirs in /Library/Frameworks/Python.framework/Versions/3.11/lib/python3.11/site-packages (from cibuildwheel==2.11.3) (2.6.0)
2022-12-27T11:12:25.9514430Z 
2022-12-27T11:12:25.9517540Z      _ _       _ _   _       _           _
2022-12-27T11:12:25.9518620Z  ___|_| |_ _ _|_| |_| |_ _ _| |_ ___ ___| |
2022-12-27T11:12:25.9519780Z |  _| | . | | | | | . | | | |   | -_| -_| |
2022-12-27T11:12:25.9520890Z |___|_|___|___|_|_|___|_____|_|_|___|___|_|
2022-12-27T11:12:25.9521400Z 
2022-12-27T11:12:25.9521740Z cibuildwheel version 2.11.3
2022-12-27T11:12:25.9522500Z 
2022-12-27T11:12:25.9522780Z Build options:
2022-12-27T11:12:25.9523290Z   platform: macos
2022-12-27T11:12:25.9602170Z   architectures: arm64[0m
2022-12-27T11:12:25.9603010Z   build_selector: 
2022-12-27T11:12:25.9606010Z     build_config: cp311-macosx_arm64
2022-12-27T11:12:25.9608320Z     skip_config: 
2022-12-27T11:12:25.9608920Z     requires_python: None
2022-12-27T11:12:25.9609370Z     prerelease_pythons: False[0m
2022-12-27T11:12:25.9610010Z   [38;5;244mcontainer_engine: docker[0m
2022-12-27T11:12:25.9611750Z   output_dir: /Users/runner/actions-runner/_work/python.build/python.build/build_lxml227311/wheelsout[0m
2022-12-27T11:12:25.9612590Z   package_dir: /Users/runner/actions-runner/_work/python.build/python.build/build_lxml227311/lxml-2.2.7[0m
2022-12-27T11:12:25.9612960Z   test_selector: 
2022-12-27T11:12:25.9613370Z     skip_config: *_arm64[0m
2022-12-27T11:12:25.9614850Z   [38;5;244mbefore_all: [0m
2022-12-27T11:12:25.9615430Z   before_build: pip install Cython; if [[ -f requirements.txt ]]; then pip install -r requirements.txt; fi[0m
2022-12-27T11:12:25.9616030Z   [38;5;244mbefore_test: [0m
2022-12-27T11:12:25.9616460Z   [38;5;244mbuild_frontend: pip[0m
2022-12-27T11:12:25.9616800Z   build_verbosity: 3[0m
2022-12-27T11:12:25.9617700Z   [38;5;244mconfig_settings: [0m
2022-12-27T11:12:25.9618190Z   [38;5;244mdependency_constraints: pinned[0m
2022-12-27T11:12:25.9618490Z   environment: 
2022-12-27T11:12:25.9618940Z     CFLAGS="-I/usr/local/opt/openssl@3/include"
2022-12-27T11:12:25.9619420Z     LDFLAGS="-L/usr/local/opt/openssl@3/lib"
2022-12-27T11:12:25.9620240Z     CPPFLAGS="-I/usr/local/opt/openssl@3/include"
2022-12-27T11:12:25.9620670Z     MAKEFLAGS="-j$(sysctl -n hw.logicalcpu)"
2022-12-27T11:12:25.9621200Z     PATH=/usr/local/opt/ccache/libexec:$PATH[0m
2022-12-27T11:12:25.9621670Z   [38;5;244mmanylinux_images: None[0m
2022-12-27T11:12:25.9622050Z   [38;5;244mmusllinux_images: None[0m
2022-12-27T11:12:25.9622910Z   [38;5;244mrepair_command: delocate-wheel --require-archs {delocate_archs} -w {dest_dir} -v {wheel}[0m
2022-12-27T11:12:25.9623410Z   [38;5;244mtest_command: [0m
2022-12-27T11:12:25.9623760Z   [38;5;244mtest_extras: [0m
2022-12-27T11:12:25.9624190Z   [38;5;244mtest_requires: [0m
2022-12-27T11:12:25.9624450Z 
2022-12-27T11:12:25.9624780Z Cache folder: /Users/runner/Library/Caches/cibuildwheel
2022-12-27T11:12:25.9625020Z 
2022-12-27T11:12:25.9625930Z Here we go!
2022-12-27T11:12:25.9626180Z 
2022-12-27T11:12:25.9703580Z 
2022-12-27T11:12:25.9705340Z [1m[34mBuilding cp311-macosx_arm64 wheel[0m
2022-12-27T11:12:25.9705950Z CPython 3.11 macOS arm64 - Apple Silicon
2022-12-27T11:12:25.9706460Z 
2022-12-27T11:12:25.9709090Z ##[group]Installing Python cp311...
2022-12-27T11:12:25.9709330Z 
2022-12-27T11:12:25.9709600Z + pkgutil --pkgs
2022-12-27T11:12:25.9917210Z ##[endgroup]
2022-12-27T11:12:25.9919690Z                                                               [32m✓ [0m0.02s
2022-12-27T11:12:25.9921170Z ##[group]Setting up build environment...
2022-12-27T11:12:25.9921470Z 
2022-12-27T11:12:25.9948860Z + /Library/Frameworks/Python.framework/Versions/3.11/bin/python -sS /Users/runner/Library/Caches/cibuildwheel/virtualenv-20.17.0.pyz --activators= --no-periodic-update --pip=22.3.1 --setuptools=65.6.3 --wheel=0.38.4 --symlink-app-data --python /Library/Frameworks/Python.framework/Versions/3.11/bin/python3 /private/var/folders/51/hd414ycd67n82196sw51xqtc0000gn/T/cibw-run-elyc3gnq/cp311-macosx_arm64/build/venv
2022-12-27T11:12:26.3010310Z created virtual environment CPython3.11.1.final.0-64 in 80ms
2022-12-27T11:12:26.3011950Z   creator CPython3Posix(dest=/private/var/folders/51/hd414ycd67n82196sw51xqtc0000gn/T/cibw-run-elyc3gnq/cp311-macosx_arm64/build/venv, clear=False, no_vcs_ignore=False, global=False)
2022-12-27T11:12:26.3013240Z   seeder FromAppData(download=False, pip=22.3.1, setuptools=65.6.3, wheel=0.38.4, via=symlink, app_data_dir=/Users/runner/Library/Application Support/virtualenv)
2022-12-27T11:12:26.3014240Z     added seed packages: pip==22.3.1, setuptools==65.6.3, wheel==0.38.4
2022-12-27T11:12:26.3360650Z + python -m pip install --upgrade pip -c /Library/Frameworks/Python.framework/Versions/3.11/lib/python3.11/site-packages/cibuildwheel/resources/constraints-python311.txt
2022-12-27T11:12:26.7996710Z Requirement already satisfied: pip in ./lib/python3.11/site-packages (22.3.1)
2022-12-27T11:12:27.0520420Z + which pip
2022-12-27T11:12:27.0562690Z /private/var/folders/51/hd414ycd67n82196sw51xqtc0000gn/T/cibw-run-elyc3gnq/cp311-macosx_arm64/build/venv/bin/pip
2022-12-27T11:12:27.0568680Z + pip --version
2022-12-27T11:12:27.3692860Z pip 22.3.1 from /private/var/folders/51/hd414ycd67n82196sw51xqtc0000gn/T/cibw-run-elyc3gnq/cp311-macosx_arm64/build/venv/lib/python3.11/site-packages/pip (python 3.11)
2022-12-27T11:12:27.4337950Z + which pip
2022-12-27T11:12:27.4401330Z + which python
2022-12-27T11:12:27.4453460Z /private/var/folders/51/hd414ycd67n82196sw51xqtc0000gn/T/cibw-run-elyc3gnq/cp311-macosx_arm64/build/venv/bin/python
2022-12-27T11:12:27.4459360Z + python --version
2022-12-27T11:12:27.4569840Z Python 3.11.1
2022-12-27T11:12:27.4575120Z + which python
2022-12-27T11:12:27.4678860Z ##[endgroup]
2022-12-27T11:12:27.4680230Z                                                               [32m✓ [0m1.48s
2022-12-27T11:12:27.4682010Z ##[group]Installing build tools...
2022-12-27T11:12:27.4682440Z 
2022-12-27T11:12:27.4683950Z + pip install --upgrade setuptools wheel delocate -c /Library/Frameworks/Python.framework/Versions/3.11/lib/python3.11/site-packages/cibuildwheel/resources/constraints-python311.txt
2022-12-27T11:12:27.9115310Z Requirement already satisfied: setuptools in /private/var/folders/51/hd414ycd67n82196sw51xqtc0000gn/T/cibw-run-elyc3gnq/cp311-macosx_arm64/build/venv/lib/python3.11/site-packages (65.6.3)
2022-12-27T11:12:28.1936240Z Requirement already satisfied: wheel in /private/var/folders/51/hd414ycd67n82196sw51xqtc0000gn/T/cibw-run-elyc3gnq/cp311-macosx_arm64/build/venv/lib/python3.11/site-packages (0.38.4)
2022-12-27T11:12:28.2599640Z Collecting delocate
2022-12-27T11:12:28.2643580Z   Using cached delocate-0.10.3-py3-none-any.whl (142 kB)
2022-12-27T11:12:28.3061580Z Collecting packaging>=20.9
2022-12-27T11:12:28.3099760Z   Using cached packaging-21.3-py3-none-any.whl (40 kB)
2022-12-27T11:12:28.3361300Z Collecting typing-extensions
2022-12-27T11:12:28.3404360Z   Using cached typing_extensions-4.4.0-py3-none-any.whl (26 kB)
2022-12-27T11:12:28.3864980Z Collecting pyparsing!=3.0.5,>=2.0.2
2022-12-27T11:12:28.3909090Z   Using cached pyparsing-3.0.9-py3-none-any.whl (98 kB)
2022-12-27T11:12:28.4769410Z Installing collected packages: typing-extensions, pyparsing, packaging, delocate
2022-12-27T11:12:28.7021960Z Successfully installed delocate-0.10.3 packaging-21.3 pyparsing-3.0.9 typing-extensions-4.4.0
2022-12-27T11:12:28.8376250Z ##[endgroup]
2022-12-27T11:12:28.8377590Z                                                               [32m✓ [0m1.37s
2022-12-27T11:12:28.8378770Z ##[group]Running before_build...
2022-12-27T11:12:28.8379180Z 
2022-12-27T11:12:28.8386700Z + pip install Cython; if [[ -f requirements.txt ]]; then pip install -r requirements.txt; fi
2022-12-27T11:12:29.7321720Z Collecting Cython
2022-12-27T11:12:29.7411360Z   Using cached Cython-0.29.32-py2.py3-none-any.whl (986 kB)
2022-12-27T11:12:29.8137230Z Installing collected packages: Cython
2022-12-27T11:12:30.5395140Z Successfully installed Cython-0.29.32
2022-12-27T11:12:30.6834270Z ##[endgroup]
2022-12-27T11:12:30.6836110Z                                                               [32m✓ [0m1.85s
2022-12-27T11:12:30.6837650Z ##[group]Building wheel...
2022-12-27T11:12:30.6837910Z 
2022-12-27T11:12:30.6848090Z + python -m pip wheel /Users/runner/actions-runner/_work/python.build/python.build/build_lxml227311/lxml-2.2.7 --wheel-dir=/private/var/folders/51/hd414ycd67n82196sw51xqtc0000gn/T/cibw-run-elyc3gnq/cp311-macosx_arm64/built_wheel --no-deps -vvv
2022-12-27T11:12:31.0873280Z Created temporary directory: /private/var/folders/51/hd414ycd67n82196sw51xqtc0000gn/T/pip-ephem-wheel-cache-n57b4kf1
2022-12-27T11:12:31.0879420Z Created temporary directory: /private/var/folders/51/hd414ycd67n82196sw51xqtc0000gn/T/pip-build-tracker-yhz7omko
2022-12-27T11:12:31.0884120Z Initialized build tracking at /private/var/folders/51/hd414ycd67n82196sw51xqtc0000gn/T/pip-build-tracker-yhz7omko
2022-12-27T11:12:31.0885570Z Created build tracker: /private/var/folders/51/hd414ycd67n82196sw51xqtc0000gn/T/pip-build-tracker-yhz7omko
2022-12-27T11:12:31.0887100Z Entered build tracker: /private/var/folders/51/hd414ycd67n82196sw51xqtc0000gn/T/pip-build-tracker-yhz7omko
2022-12-27T11:12:31.0891620Z Created temporary directory: /private/var/folders/51/hd414ycd67n82196sw51xqtc0000gn/T/pip-wheel-_qop6vae
2022-12-27T11:12:31.0901390Z Created temporary directory: /private/var/folders/51/hd414ycd67n82196sw51xqtc0000gn/T/pip-ephem-wheel-cache-meiuq3f4
2022-12-27T11:12:31.1035000Z Processing /Users/runner/actions-runner/_work/python.build/python.build/build_lxml227311/lxml-2.2.7
2022-12-27T11:12:31.1045290Z   Added file:///Users/runner/actions-runner/_work/python.build/python.build/build_lxml227311/lxml-2.2.7 to build tracker '/private/var/folders/51/hd414ycd67n82196sw51xqtc0000gn/T/pip-build-tracker-yhz7omko'
2022-12-27T11:12:31.1049410Z   Running setup.py (path:/Users/runner/actions-runner/_work/python.build/python.build/build_lxml227311/lxml-2.2.7/setup.py) egg_info for package from file:///Users/runner/actions-runner/_work/python.build/python.build/build_lxml227311/lxml-2.2.7
2022-12-27T11:12:31.1054290Z   Created temporary directory: /private/var/folders/51/hd414ycd67n82196sw51xqtc0000gn/T/pip-pip-egg-info-ucssrd6f
2022-12-27T11:12:31.1056780Z   Preparing metadata (setup.py): started
2022-12-27T11:12:31.1059600Z   Running command python setup.py egg_info
2022-12-27T11:12:31.7345850Z   Building lxml version 2.2.7.
2022-12-27T11:12:31.7348800Z   Building with Cython 0.29.32.
2022-12-27T11:12:31.7352260Z   Using build configuration of libxslt 1.1.29
2022-12-27T11:12:31.7357590Z   Building against libxml2/libxslt in the following directory: /Library/Developer/CommandLineTools/SDKs/MacOSX12.1.sdk/usr/lib
2022-12-27T11:12:31.7360160Z   running egg_info
2022-12-27T11:12:31.7366190Z   creating /private/var/folders/51/hd414ycd67n82196sw51xqtc0000gn/T/pip-pip-egg-info-ucssrd6f/lxml.egg-info
2022-12-27T11:12:31.7370640Z   writing /private/var/folders/51/hd414ycd67n82196sw51xqtc0000gn/T/pip-pip-egg-info-ucssrd6f/lxml.egg-info/PKG-INFO
2022-12-27T11:12:31.7373890Z   writing dependency_links to /private/var/folders/51/hd414ycd67n82196sw51xqtc0000gn/T/pip-pip-egg-info-ucssrd6f/lxml.egg-info/dependency_links.txt
2022-12-27T11:12:31.7378360Z   writing top-level names to /private/var/folders/51/hd414ycd67n82196sw51xqtc0000gn/T/pip-pip-egg-info-ucssrd6f/lxml.egg-info/top_level.txt
2022-12-27T11:12:31.7381780Z   writing manifest file '/private/var/folders/51/hd414ycd67n82196sw51xqtc0000gn/T/pip-pip-egg-info-ucssrd6f/lxml.egg-info/SOURCES.txt'
2022-12-27T11:12:31.7455060Z   reading manifest file '/private/var/folders/51/hd414ycd67n82196sw51xqtc0000gn/T/pip-pip-egg-info-ucssrd6f/lxml.egg-info/SOURCES.txt'
2022-12-27T11:12:31.7458040Z   reading manifest template 'MANIFEST.in'
2022-12-27T11:12:31.8955770Z   adding license file 'LICENSES.txt'
2022-12-27T11:12:31.9059450Z   writing manifest file '/private/var/folders/51/hd414ycd67n82196sw51xqtc0000gn/T/pip-pip-egg-info-ucssrd6f/lxml.egg-info/SOURCES.txt'
2022-12-27T11:12:31.9770050Z   Preparing metadata (setup.py): finished with status 'done'
2022-12-27T11:12:31.9808190Z   Source in /Users/runner/actions-runner/_work/python.build/python.build/build_lxml227311/lxml-2.2.7 has version 2.2.7, which satisfies requirement lxml==2.2.7 from file:///Users/runner/actions-runner/_work/python.build/python.build/build_lxml227311/lxml-2.2.7
2022-12-27T11:12:31.9810960Z   Removed lxml==2.2.7 from file:///Users/runner/actions-runner/_work/python.build/python.build/build_lxml227311/lxml-2.2.7 from build tracker '/private/var/folders/51/hd414ycd67n82196sw51xqtc0000gn/T/pip-build-tracker-yhz7omko'
2022-12-27T11:12:31.9838330Z Created temporary directory: /private/var/folders/51/hd414ycd67n82196sw51xqtc0000gn/T/pip-unpack-6gdboxqv
2022-12-27T11:12:31.9840570Z Building wheels for collected packages: lxml
2022-12-27T11:12:31.9850920Z   Created temporary directory: /private/var/folders/51/hd414ycd67n82196sw51xqtc0000gn/T/pip-wheel-x236yxix
2022-12-27T11:12:31.9851820Z   Building wheel for lxml (setup.py): started
2022-12-27T11:12:31.9854760Z   Destination directory: /private/var/folders/51/hd414ycd67n82196sw51xqtc0000gn/T/pip-wheel-x236yxix
2022-12-27T11:12:32.0137070Z   Running command python setup.py bdist_wheel
2022-12-27T11:12:32.3749610Z   Building lxml version 2.2.7.
2022-12-27T11:12:32.3753990Z   Building with Cython 0.29.32.
2022-12-27T11:12:32.4046850Z   Using build configuration of libxslt 1.1.29
2022-12-27T11:12:32.6027450Z   Building against libxml2/libxslt in the following directory: /Library/Developer/CommandLineTools/SDKs/MacOSX12.1.sdk/usr/lib
2022-12-27T11:12:32.6376330Z   running bdist_wheel
2022-12-27T11:12:32.6438110Z   running build
2022-12-27T11:12:32.6438820Z   running build_py
2022-12-27T11:12:32.6469970Z   creating build
2022-12-27T11:12:32.6478050Z   creating build/lib.macosx-11.0-arm64-cpython-311
2022-12-27T11:12:32.6483150Z   creating build/lib.macosx-11.0-arm64-cpython-311/lxml
2022-12-27T11:12:32.6485130Z   copying src/lxml/_elementpath.py -> build/lib.macosx-11.0-arm64-cpython-311/lxml
2022-12-27T11:12:32.6487950Z   copying src/lxml/sax.py -> build/lib.macosx-11.0-arm64-cpython-311/lxml
2022-12-27T11:12:32.6489860Z   copying src/lxml/pyclasslookup.py -> build/lib.macosx-11.0-arm64-cpython-311/lxml
2022-12-27T11:12:32.6491570Z   copying src/lxml/__init__.py -> build/lib.macosx-11.0-arm64-cpython-311/lxml
2022-12-27T11:12:32.6494460Z   copying src/lxml/builder.py -> build/lib.macosx-11.0-arm64-cpython-311/lxml
2022-12-27T11:12:32.6500820Z   copying src/lxml/doctestcompare.py -> build/lib.macosx-11.0-arm64-cpython-311/lxml
2022-12-27T11:12:32.6503820Z   copying src/lxml/usedoctest.py -> build/lib.macosx-11.0-arm64-cpython-311/lxml
2022-12-27T11:12:32.6508110Z   copying src/lxml/cssselect.py -> build/lib.macosx-11.0-arm64-cpython-311/lxml
2022-12-27T11:12:32.6512730Z   copying src/lxml/ElementInclude.py -> build/lib.macosx-11.0-arm64-cpython-311/lxml
2022-12-27T11:12:32.6524660Z   creating build/lib.macosx-11.0-arm64-cpython-311/lxml/html
2022-12-27T11:12:32.6526240Z   copying src/lxml/html/soupparser.py -> build/lib.macosx-11.0-arm64-cpython-311/lxml/html
2022-12-27T11:12:32.6529160Z   copying src/lxml/html/defs.py -> build/lib.macosx-11.0-arm64-cpython-311/lxml/html
2022-12-27T11:12:32.6535120Z   copying src/lxml/html/_setmixin.py -> build/lib.macosx-11.0-arm64-cpython-311/lxml/html
2022-12-27T11:12:32.6536970Z   copying src/lxml/html/clean.py -> build/lib.macosx-11.0-arm64-cpython-311/lxml/html
2022-12-27T11:12:32.6540270Z   copying src/lxml/html/_diffcommand.py -> build/lib.macosx-11.0-arm64-cpython-311/lxml/html
2022-12-27T11:12:32.6546070Z   copying src/lxml/html/html5parser.py -> build/lib.macosx-11.0-arm64-cpython-311/lxml/html
2022-12-27T11:12:32.6548260Z   copying src/lxml/html/__init__.py -> build/lib.macosx-11.0-arm64-cpython-311/lxml/html
2022-12-27T11:12:32.6557350Z   copying src/lxml/html/formfill.py -> build/lib.macosx-11.0-arm64-cpython-311/lxml/html
2022-12-27T11:12:32.6559160Z   copying src/lxml/html/builder.py -> build/lib.macosx-11.0-arm64-cpython-311/lxml/html
2022-12-27T11:12:32.6561990Z   copying src/lxml/html/ElementSoup.py -> build/lib.macosx-11.0-arm64-cpython-311/lxml/html
2022-12-27T11:12:32.6566540Z   copying src/lxml/html/_html5builder.py -> build/lib.macosx-11.0-arm64-cpython-311/lxml/html
2022-12-27T11:12:32.6570960Z   copying src/lxml/html/usedoctest.py -> build/lib.macosx-11.0-arm64-cpython-311/lxml/html
2022-12-27T11:12:32.6574380Z   copying src/lxml/html/diff.py -> build/lib.macosx-11.0-arm64-cpython-311/lxml/html
2022-12-27T11:12:32.6580410Z   copying src/lxml/html/_dictmixin.py -> build/lib.macosx-11.0-arm64-cpython-311/lxml/html
2022-12-27T11:12:32.6597440Z   running build_ext
2022-12-27T11:12:32.6808060Z   skipping 'src/lxml/lxml.etree.c' Cython extension (up-to-date)
2022-12-27T11:12:32.6815670Z   skipping 'src/lxml/lxml.objectify.c' Cython extension (up-to-date)
2022-12-27T11:12:32.6818790Z   building 'lxml.etree' extension
2022-12-27T11:12:32.6819960Z   creating build/temp.macosx-11.0-arm64-cpython-311
2022-12-27T11:12:32.6821660Z   creating build/temp.macosx-11.0-arm64-cpython-311/src
2022-12-27T11:12:32.6824140Z   creating build/temp.macosx-11.0-arm64-cpython-311/src/lxml
2022-12-27T11:12:32.6828360Z   clang -Wsign-compare -Wunreachable-code -fno-common -dynamic -DNDEBUG -g -fwrapv -O3 -Wall -g -I/usr/local/opt/openssl@3/include -I/usr/local/opt/openssl@3/include -arch arm64 -I/Library/Developer/CommandLineTools/SDKs/MacOSX12.1.sdk/usr/include -I/private/var/folders/51/hd414ycd67n82196sw51xqtc0000gn/T/cibw-run-elyc3gnq/cp311-macosx_arm64/build/venv/include -I/Library/Frameworks/Python.framework/Versions/3.11/include/python3.11 -c src/lxml/lxml.etree.c -o build/temp.macosx-11.0-arm64-cpython-311/src/lxml/lxml.etree.o -w -flat_namespace
2022-12-27T11:12:33.4914500Z   src/lxml/lxml.etree.c:120903:5: error: expression is not assignable
2022-12-27T11:12:33.4915540Z       ++Py_REFCNT(o);
2022-12-27T11:12:33.4917630Z       ^ ~~~~~~~~~~~~
2022-12-27T11:12:33.4919840Z   src/lxml/lxml.etree.c:120906:5: error: expression is not assignable
2022-12-27T11:12:33.4921350Z       --Py_REFCNT(o);
2022-12-27T11:12:33.4923760Z       ^ ~~~~~~~~~~~~
2022-12-27T11:12:33.4928450Z   src/lxml/lxml.etree.c:121104:5: error: expression is not assignable
2022-12-27T11:12:33.4931640Z       ++Py_REFCNT(o);
2022-12-27T11:12:33.4935620Z       ^ ~~~~~~~~~~~~
2022-12-27T11:12:33.4939320Z   src/lxml/lxml.etree.c:121107:5: error: expression is not assignable
2022-12-27T11:12:33.4943130Z       --Py_REFCNT(o);
2022-12-27T11:12:33.4946870Z       ^ ~~~~~~~~~~~~
2022-12-27T11:12:33.5276590Z   src/lxml/lxml.etree.c:130426:5: error: expression is not assignable
2022-12-27T11:12:33.5279580Z       ++Py_REFCNT(o);
2022-12-27T11:12:33.5284960Z       ^ ~~~~~~~~~~~~
2022-12-27T11:12:33.5287330Z   src/lxml/lxml.etree.c:130429:5: error: expression is not assignable
2022-12-27T11:12:33.5291050Z       --Py_REFCNT(o);
2022-12-27T11:12:33.5294760Z       ^ ~~~~~~~~~~~~
2022-12-27T11:12:33.5299040Z   src/lxml/lxml.etree.c:131003:5: error: expression is not assignable
2022-12-27T11:12:33.5302070Z       ++Py_REFCNT(o);
2022-12-27T11:12:33.5305790Z       ^ ~~~~~~~~~~~~
2022-12-27T11:12:33.5309930Z   src/lxml/lxml.etree.c:131006:5: error: expression is not assignable
2022-12-27T11:12:33.5313350Z       --Py_REFCNT(o);
2022-12-27T11:12:33.5316760Z       ^ ~~~~~~~~~~~~
2022-12-27T11:12:33.5322380Z   src/lxml/lxml.etree.c:131390:5: error: expression is not assignable
2022-12-27T11:12:33.5325460Z       ++Py_REFCNT(o);
2022-12-27T11:12:33.5329550Z       ^ ~~~~~~~~~~~~
2022-12-27T11:12:33.5332930Z   src/lxml/lxml.etree.c:131393:5: error: expression is not assignable
2022-12-27T11:12:33.5336780Z       --Py_REFCNT(o);
2022-12-27T11:12:33.5340250Z       ^ ~~~~~~~~~~~~
2022-12-27T11:12:33.5343580Z   src/lxml/lxml.etree.c:131567:5: error: expression is not assignable
2022-12-27T11:12:33.5345260Z       ++Py_REFCNT(o);
2022-12-27T11:12:33.5347140Z       ^ ~~~~~~~~~~~~
2022-12-27T11:12:33.5349010Z   src/lxml/lxml.etree.c:131570:5: error: expression is not assignable
2022-12-27T11:12:33.5350790Z       --Py_REFCNT(o);
2022-12-27T11:12:33.5352480Z       ^ ~~~~~~~~~~~~
2022-12-27T11:12:33.5507020Z   src/lxml/lxml.etree.c:135459:5: error: expression is not assignable
2022-12-27T11:12:33.5508030Z       ++Py_REFCNT(o);
2022-12-27T11:12:33.5508640Z       ^ ~~~~~~~~~~~~
2022-12-27T11:12:33.5509520Z   src/lxml/lxml.etree.c:135462:5: error: expression is not assignable
2022-12-27T11:12:33.5510950Z       --Py_REFCNT(o);
2022-12-27T11:12:33.5513230Z       ^ ~~~~~~~~~~~~
2022-12-27T11:12:33.5523060Z   src/lxml/lxml.etree.c:136021:5: error: expression is not assignable
2022-12-27T11:12:33.5524560Z       ++Py_REFCNT(o);
2022-12-27T11:12:33.5526250Z       ^ ~~~~~~~~~~~~
2022-12-27T11:12:33.5528520Z   src/lxml/lxml.etree.c:136024:5: error: expression is not assignable
2022-12-27T11:12:33.5530450Z       --Py_REFCNT(o);
2022-12-27T11:12:33.5532070Z       ^ ~~~~~~~~~~~~
2022-12-27T11:12:33.5551050Z   src/lxml/lxml.etree.c:136569:5: error: expression is not assignable
2022-12-27T11:12:33.5551530Z       ++Py_REFCNT(o);
2022-12-27T11:12:33.5552510Z       ^ ~~~~~~~~~~~~
2022-12-27T11:12:33.5557050Z   src/lxml/lxml.etree.c:136572:5: error: expression is not assignable
2022-12-27T11:12:33.5558270Z       --Py_REFCNT(o);
2022-12-27T11:12:33.5560510Z       ^ ~~~~~~~~~~~~
2022-12-27T11:12:33.5567630Z   src/lxml/lxml.etree.c:137135:5: error: expression is not assignable
2022-12-27T11:12:33.5568270Z       ++Py_REFCNT(o);
2022-12-27T11:12:33.5570710Z       ^ ~~~~~~~~~~~~
2022-12-27T11:12:33.5572600Z   fatal error: too many errors emitted, stopping now [-ferror-limit=]
2022-12-27T11:12:33.6376730Z   20 errors generated.
2022-12-27T11:12:33.6451900Z   error: command '/usr/bin/clang' failed with exit code 1
2022-12-27T11:12:33.7323480Z   error: subprocess-exited-with-error
2022-12-27T11:12:33.7323940Z   
2022-12-27T11:12:33.7324690Z   × python setup.py bdist_wheel did not run successfully.
2022-12-27T11:12:33.7325600Z   │ exit code: 1
2022-12-27T11:12:33.7326360Z   ╰─> See above for output.
2022-12-27T11:12:33.7326840Z   
2022-12-27T11:12:33.7327850Z   note: This error originates from a subprocess, and is likely not a problem with pip.
2022-12-27T11:12:33.7336200Z   full command: /private/var/folders/51/hd414ycd67n82196sw51xqtc0000gn/T/cibw-run-elyc3gnq/cp311-macosx_arm64/build/venv/bin/python -u -c '
2022-12-27T11:12:33.7337350Z   exec(compile('"'"''"'"''"'"'
2022-12-27T11:12:33.7338100Z   # This is <pip-setuptools-caller> -- a caller that pip uses to run setup.py
2022-12-27T11:12:33.7339790Z   #
2022-12-27T11:12:33.7340670Z   # - It imports setuptools before invoking setup.py, to enable projects that directly
2022-12-27T11:12:33.7341320Z   #   import from `distutils.core` to work with newer packaging standards.
2022-12-27T11:12:33.7342240Z   # - It provides a clear error message when setuptools is not installed.
2022-12-27T11:12:33.7343600Z   # - It sets `sys.argv[0]` to the underlying `setup.py`, when invoking `setup.py` so
2022-12-27T11:12:33.7344620Z   #   setuptools doesn'"'"'t think the script is `-c`. This avoids the following warning:
2022-12-27T11:12:33.7345370Z   #     manifest_maker: standard file '"'"'-c'"'"' not found".
2022-12-27T11:12:33.7347080Z   # - It generates a shim setup.py, for handling setup.cfg-only projects.
2022-12-27T11:12:33.7347700Z   import os, sys, tokenize
2022-12-27T11:12:33.7348120Z   
2022-12-27T11:12:33.7348550Z   try:
2022-12-27T11:12:33.7349040Z       import setuptools
2022-12-27T11:12:33.7349410Z   except ImportError as error:
2022-12-27T11:12:33.7350090Z       print(
2022-12-27T11:12:33.7350710Z           "ERROR: Can not execute `setup.py` since setuptools is not available in "
2022-12-27T11:12:33.7351380Z           "the build environment.",
2022-12-27T11:12:33.7351900Z           file=sys.stderr,
2022-12-27T11:12:33.7352440Z       )
2022-12-27T11:12:33.7353110Z       sys.exit(1)
2022-12-27T11:12:33.7353480Z   
2022-12-27T11:12:33.7353940Z   __file__ = %r
2022-12-27T11:12:33.7354470Z   sys.argv[0] = __file__
2022-12-27T11:12:33.7354880Z   
2022-12-27T11:12:33.7355360Z   if os.path.exists(__file__):
2022-12-27T11:12:33.7355840Z       filename = __file__
2022-12-27T11:12:33.7356390Z       with tokenize.open(__file__) as f:
2022-12-27T11:12:33.7356970Z           setup_py_code = f.read()
2022-12-27T11:12:33.7357480Z   else:
2022-12-27T11:12:33.7358070Z       filename = "<auto-generated setuptools caller>"
2022-12-27T11:12:33.7358730Z       setup_py_code = "from setuptools import setup; setup()"
2022-12-27T11:12:33.7359280Z   
2022-12-27T11:12:33.7359700Z   exec(compile(setup_py_code, filename, "exec"))
2022-12-27T11:12:33.7361170Z   '"'"''"'"''"'"' % ('"'"'/Users/runner/actions-runner/_work/python.build/python.build/build_lxml227311/lxml-2.2.7/setup.py'"'"',), "<pip-setuptools-caller>", "exec"))' bdist_wheel -d /private/var/folders/51/hd414ycd67n82196sw51xqtc0000gn/T/pip-wheel-x236yxix
2022-12-27T11:12:33.7363360Z   cwd: /Users/runner/actions-runner/_work/python.build/python.build/build_lxml227311/lxml-2.2.7/
2022-12-27T11:12:33.7364180Z   ERROR: Failed building wheel for lxml
2022-12-27T11:12:33.7364970Z   Building wheel for lxml (setup.py): finished with status 'error'
2022-12-27T11:12:33.7365620Z   Running setup.py clean for lxml
2022-12-27T11:12:33.7366220Z   Running command python setup.py clean
2022-12-27T11:12:34.1009120Z   Building lxml version 2.2.7.
2022-12-27T11:12:34.1012520Z   Building with Cython 0.29.32.
2022-12-27T11:12:34.1274390Z   Using build configuration of libxslt 1.1.29
2022-12-27T11:12:34.3254460Z   Building against libxml2/libxslt in the following directory: /Library/Developer/CommandLineTools/SDKs/MacOSX12.1.sdk/usr/lib
2022-12-27T11:12:34.3471170Z   running clean
2022-12-27T11:12:34.3508680Z   removing 'build/temp.macosx-11.0-arm64-cpython-311' (and everything under it)
2022-12-27T11:12:34.3513050Z   removing 'build/lib.macosx-11.0-arm64-cpython-311' (and everything under it)
2022-12-27T11:12:34.3549420Z   'build/bdist.macosx-11.0-arm64' does not exist -- can't clean it
2022-12-27T11:12:34.3550420Z   'build/scripts-3.11' does not exist -- can't clean it
2022-12-27T11:12:34.3551500Z   removing 'build'
2022-12-27T11:12:34.4151670Z Failed to build lxml
2022-12-27T11:12:34.4155060Z ERROR: Failed to build one or more wheels
2022-12-27T11:12:34.4176050Z Exception information:
2022-12-27T11:12:34.4176710Z Traceback (most recent call last):
2022-12-27T11:12:34.4188240Z   File "/private/var/folders/51/hd414ycd67n82196sw51xqtc0000gn/T/cibw-run-elyc3gnq/cp311-macosx_arm64/build/venv/lib/python3.11/site-packages/pip/_internal/cli/base_command.py", line 160, in exc_logging_wrapper
2022-12-27T11:12:34.4188880Z     status = run_func(*args)
2022-12-27T11:12:34.4189190Z              ^^^^^^^^^^^^^^^
2022-12-27T11:12:34.4189920Z   File "/private/var/folders/51/hd414ycd67n82196sw51xqtc0000gn/T/cibw-run-elyc3gnq/cp311-macosx_arm64/build/venv/lib/python3.11/site-packages/pip/_internal/cli/req_command.py", line 247, in wrapper
2022-12-27T11:12:34.4190460Z     return func(self, options, args)
2022-12-27T11:12:34.4190820Z            ^^^^^^^^^^^^^^^^^^^^^^^^^
2022-12-27T11:12:34.4191550Z   File "/private/var/folders/51/hd414ycd67n82196sw51xqtc0000gn/T/cibw-run-elyc3gnq/cp311-macosx_arm64/build/venv/lib/python3.11/site-packages/pip/_internal/commands/wheel.py", line 201, in run
2022-12-27T11:12:34.4193010Z     raise CommandError("Failed to build one or more wheels")
2022-12-27T11:12:34.4193470Z pip._internal.exceptions.CommandError: Failed to build one or more wheels
2022-12-27T11:12:34.4194100Z Removed build tracker: '/private/var/folders/51/hd414ycd67n82196sw51xqtc0000gn/T/pip-build-tracker-yhz7omko'
2022-12-27T11:12:34.5101400Z ##[endgroup]
2022-12-27T11:12:34.5140270Z ##[error]Command ['python', '-m', 'pip', 'wheel', '/Users/runner/actions-runner/_work/python.build/python.build/build_lxml227311/lxml-2.2.7', '--wheel-dir=/private/var/folders/51/hd414ycd67n82196sw51xqtc0000gn/T/cibw-run-elyc3gnq/cp311-macosx_arm64/built_wheel', '--no-deps', '-vvv'] failed with code 1. None
2022-12-27T11:12:34.5149880Z 
2022-12-27T11:12:34.5150400Z                                                               [31m✕ [0m3.83s
2022-12-27T11:12:34.6052390Z ##[error]Process completed with exit code 1.
2022-12-27T11:12:34.6114910Z ##[group]Run rm -rf build_lxml227311 wheelsout
2022-12-27T11:12:34.6115350Z [36;1mrm -rf build_lxml227311 wheelsout[0m
2022-12-27T11:12:34.6146120Z shell: /bin/bash -e {0}
2022-12-27T11:12:34.6146370Z env:
2022-12-27T11:12:34.6146740Z   pythonLocation: /Users/runner/hostedtoolcache/Python/3.11.1/x64
2022-12-27T11:12:34.6147180Z   PKG_CONFIG_PATH: /Users/runner/hostedtoolcache/Python/3.11.1/x64/lib/pkgconfig
2022-12-27T11:12:34.6147540Z   Python_ROOT_DIR: /Users/runner/hostedtoolcache/Python/3.11.1/x64
2022-12-27T11:12:34.6147950Z   Python2_ROOT_DIR: /Users/runner/hostedtoolcache/Python/3.11.1/x64
2022-12-27T11:12:34.6148310Z   Python3_ROOT_DIR: /Users/runner/hostedtoolcache/Python/3.11.1/x64
2022-12-27T11:12:34.6148610Z ##[endgroup]
2022-12-27T11:12:34.7267740Z Cleaning up orphan processes
