2022-12-27T08:51:25.6136981Z Requested labels: self-hosted, macOS, X64
2022-12-27T08:51:25.6137065Z Job defined at: kilnbuild/python.build/.github/workflows/mac_arm_build.yml@refs/heads/main
2022-12-27T08:51:25.6137095Z Waiting for a runner to pick up this job...
2022-12-27T11:23:02.8636910Z Job is about to start running on the runner: s1 (organization)
2022-12-27T11:23:06.5243880Z Current runner version: '2.300.2'
2022-12-27T11:23:06.5248880Z Runner name: 's1'
2022-12-27T11:23:06.5249130Z Runner group name: 'Default'
2022-12-27T11:23:06.5249560Z Machine name: 's1'
2022-12-27T11:23:06.5251110Z ##[group]GITHUB_TOKEN Permissions
2022-12-27T11:23:06.5251530Z Actions: write
2022-12-27T11:23:06.5251670Z Checks: write
2022-12-27T11:23:06.5251800Z Contents: write
2022-12-27T11:23:06.5251940Z Deployments: write
2022-12-27T11:23:06.5252070Z Discussions: write
2022-12-27T11:23:06.5252200Z Issues: write
2022-12-27T11:23:06.5252330Z Metadata: read
2022-12-27T11:23:06.5252460Z Packages: write
2022-12-27T11:23:06.5252590Z Pages: write
2022-12-27T11:23:06.5252730Z PullRequests: write
2022-12-27T11:23:06.5252880Z RepositoryProjects: write
2022-12-27T11:23:06.5253040Z SecurityEvents: write
2022-12-27T11:23:06.5253180Z Statuses: write
2022-12-27T11:23:06.5253310Z ##[endgroup]
2022-12-27T11:23:06.5255790Z Secret source: Actions
2022-12-27T11:23:06.5256120Z Prepare workflow directory
2022-12-27T11:23:06.5926250Z Prepare all required actions
2022-12-27T11:23:06.6047950Z Getting action download info
2022-12-27T11:23:07.0783960Z Download action repository 'actions/setup-python@v4' (SHA:5ccb29d8773c3f3f653e1705f474dfaa8a06a912)
2022-12-27T11:23:08.8691250Z Download action repository 'actions/upload-artifact@v3' (SHA:83fd05a356d7e2593de66fc9913b3002723633cb)
2022-12-27T11:23:10.1949050Z ##[group]Run echo '{
2022-12-27T11:23:10.1949360Z [36;1mecho '{[0m
2022-12-27T11:23:10.1949480Z [36;1m  "package_name": "lxml",[0m
2022-12-27T11:23:10.1949830Z [36;1m  "package_url": "https://files.pythonhosted.org/packages/39/af/e517a56b6f27a0fc8065fe5df38988d039d7892cca5fdb25248291e33d41/lxml-2.0alpha1.tar.gz",[0m
2022-12-27T11:23:10.1950090Z [36;1m  "package_version": "2.0alpha1",[0m
2022-12-27T11:23:10.1950260Z [36;1m  "python_version": "3.10",[0m
2022-12-27T11:23:10.1950400Z [36;1m  "use_ccache": "true"[0m
2022-12-27T11:23:10.1950510Z [36;1m}'[0m
2022-12-27T11:23:10.1966450Z shell: /bin/bash -e {0}
2022-12-27T11:23:10.1966640Z ##[endgroup]
2022-12-27T11:23:10.2182110Z {
2022-12-27T11:23:10.2183480Z   "package_name": "lxml",
2022-12-27T11:23:10.2184190Z   "package_url": "https://files.pythonhosted.org/packages/39/af/e517a56b6f27a0fc8065fe5df38988d039d7892cca5fdb25248291e33d41/lxml-2.0alpha1.tar.gz",
2022-12-27T11:23:10.2184480Z   "package_version": "2.0alpha1",
2022-12-27T11:23:10.2184740Z   "python_version": "3.10",
2022-12-27T11:23:10.2184930Z   "use_ccache": "true"
2022-12-27T11:23:10.2185100Z }
2022-12-27T11:23:10.2400810Z ##[group]Run actions/setup-python@v4
2022-12-27T11:23:10.2401070Z with:
2022-12-27T11:23:10.2401260Z   python-version: 3.10
2022-12-27T11:23:10.2401460Z   check-latest: false
2022-12-27T11:23:10.2401760Z   token: ***
2022-12-27T11:23:10.2401940Z   update-environment: true
2022-12-27T11:23:10.2402120Z ##[endgroup]
2022-12-27T11:23:10.3650450Z ##[group]Installed versions
2022-12-27T11:23:10.3695530Z Successfully set up CPython (3.10.9)
2022-12-27T11:23:10.3696270Z ##[endgroup]
2022-12-27T11:23:10.3853330Z ##[group]Run if [ "true" == "true" ]
2022-12-27T11:23:10.3853640Z [36;1mif [ "true" == "true" ][0m
2022-12-27T11:23:10.3853990Z [36;1mthen[0m
2022-12-27T11:23:10.3854230Z [36;1m  echo "CCACHE_PATH_PREPEND=/usr/local/opt/ccache/libexec" >> $GITHUB_OUTPUT[0m
2022-12-27T11:23:10.3854450Z [36;1melse[0m
2022-12-27T11:23:10.3854610Z [36;1m  echo "CCACHE_PATH_PREPEND=" >> $GITHUB_OUTPUT[0m
2022-12-27T11:23:10.3854810Z [36;1mfi[0m
2022-12-27T11:23:10.3871990Z shell: /bin/bash -e {0}
2022-12-27T11:23:10.3872220Z env:
2022-12-27T11:23:10.3872410Z   pythonLocation: /Users/runner/hostedtoolcache/Python/3.10.9/x64
2022-12-27T11:23:10.3872790Z   PKG_CONFIG_PATH: /Users/runner/hostedtoolcache/Python/3.10.9/x64/lib/pkgconfig
2022-12-27T11:23:10.3873050Z   Python_ROOT_DIR: /Users/runner/hostedtoolcache/Python/3.10.9/x64
2022-12-27T11:23:10.3873270Z   Python2_ROOT_DIR: /Users/runner/hostedtoolcache/Python/3.10.9/x64
2022-12-27T11:23:10.3873580Z   Python3_ROOT_DIR: /Users/runner/hostedtoolcache/Python/3.10.9/x64
2022-12-27T11:23:10.3874120Z ##[endgroup]
2022-12-27T11:23:10.3980470Z ##[group]Run echo "BUILD_NAME=$(echo lxml_2.0alpha1_3.10 | tr -dc '[:alnum:]\n\r' | tr '[:upper:]' '[:lower:]')" >> $GITHUB_OUTPUT
2022-12-27T11:23:10.3980920Z [36;1mecho "BUILD_NAME=$(echo lxml_2.0alpha1_3.10 | tr -dc '[:alnum:]\n\r' | tr '[:upper:]' '[:lower:]')" >> $GITHUB_OUTPUT[0m
2022-12-27T11:23:10.3994620Z shell: /bin/bash -e {0}
2022-12-27T11:23:10.3994820Z env:
2022-12-27T11:23:10.3995140Z   pythonLocation: /Users/runner/hostedtoolcache/Python/3.10.9/x64
2022-12-27T11:23:10.3995410Z   PKG_CONFIG_PATH: /Users/runner/hostedtoolcache/Python/3.10.9/x64/lib/pkgconfig
2022-12-27T11:23:10.3995640Z   Python_ROOT_DIR: /Users/runner/hostedtoolcache/Python/3.10.9/x64
2022-12-27T11:23:10.3995880Z   Python2_ROOT_DIR: /Users/runner/hostedtoolcache/Python/3.10.9/x64
2022-12-27T11:23:10.3996180Z   Python3_ROOT_DIR: /Users/runner/hostedtoolcache/Python/3.10.9/x64
2022-12-27T11:23:10.3996350Z ##[endgroup]
2022-12-27T11:23:10.4133740Z ##[group]Run echo "PYTHON_NO_DOTS=$(echo 3.10 | tr -dc '[:alnum:]\n\r' | tr '[:upper:]' '[:lower:]')" >> $GITHUB_OUTPUT
2022-12-27T11:23:10.4134140Z [36;1mecho "PYTHON_NO_DOTS=$(echo 3.10 | tr -dc '[:alnum:]\n\r' | tr '[:upper:]' '[:lower:]')" >> $GITHUB_OUTPUT[0m
2022-12-27T11:23:10.4148010Z shell: /bin/bash -e {0}
2022-12-27T11:23:10.4148170Z env:
2022-12-27T11:23:10.4148430Z   pythonLocation: /Users/runner/hostedtoolcache/Python/3.10.9/x64
2022-12-27T11:23:10.4149080Z   PKG_CONFIG_PATH: /Users/runner/hostedtoolcache/Python/3.10.9/x64/lib/pkgconfig
2022-12-27T11:23:10.4149330Z   Python_ROOT_DIR: /Users/runner/hostedtoolcache/Python/3.10.9/x64
2022-12-27T11:23:10.4149540Z   Python2_ROOT_DIR: /Users/runner/hostedtoolcache/Python/3.10.9/x64
2022-12-27T11:23:10.4149750Z   Python3_ROOT_DIR: /Users/runner/hostedtoolcache/Python/3.10.9/x64
2022-12-27T11:23:10.4149950Z ##[endgroup]
2022-12-27T11:23:10.4258580Z ##[group]Run rm -rf build_lxml20alpha1310
2022-12-27T11:23:10.4258960Z [36;1mrm -rf build_lxml20alpha1310[0m
2022-12-27T11:23:10.4259200Z [36;1mmkdir build_lxml20alpha1310[0m
2022-12-27T11:23:10.4259380Z [36;1mcd build_lxml20alpha1310[0m
2022-12-27T11:23:10.4259690Z [36;1m/usr/local/bin/wget --quiet https://files.pythonhosted.org/packages/39/af/e517a56b6f27a0fc8065fe5df38988d039d7892cca5fdb25248291e33d41/lxml-2.0alpha1.tar.gz[0m
2022-12-27T11:23:10.4259960Z [36;1mtar xf *.tar.gz[0m
2022-12-27T11:23:10.4260100Z [36;1mcd *[0m
2022-12-27T11:23:10.4260320Z [36;1mpython -m pip install cibuildwheel==2.11.3[0m
2022-12-27T11:23:10.4260550Z [36;1mpython -m cibuildwheel --output-dir ../wheelsout[0m
2022-12-27T11:23:10.4274490Z shell: /bin/bash -e {0}
2022-12-27T11:23:10.4274730Z env:
2022-12-27T11:23:10.4274950Z   pythonLocation: /Users/runner/hostedtoolcache/Python/3.10.9/x64
2022-12-27T11:23:10.4275220Z   PKG_CONFIG_PATH: /Users/runner/hostedtoolcache/Python/3.10.9/x64/lib/pkgconfig
2022-12-27T11:23:10.4275470Z   Python_ROOT_DIR: /Users/runner/hostedtoolcache/Python/3.10.9/x64
2022-12-27T11:23:10.4275730Z   Python2_ROOT_DIR: /Users/runner/hostedtoolcache/Python/3.10.9/x64
2022-12-27T11:23:10.4275970Z   Python3_ROOT_DIR: /Users/runner/hostedtoolcache/Python/3.10.9/x64
2022-12-27T11:23:10.4276140Z   CIBW_ARCHS_MACOS: arm64
2022-12-27T11:23:10.4276320Z   CIBW_TEST_SKIP: *_arm64
2022-12-27T11:23:10.4276500Z   CIBW_BUILD: cp310-macosx_arm64
2022-12-27T11:23:10.4276680Z   CIBW_BUILD_FRONTEND: pip
2022-12-27T11:23:10.4276860Z   CIBW_BUILD_VERBOSITY: 3
2022-12-27T11:23:10.4277170Z   CIBW_ENVIRONMENT_MACOS:  CFLAGS="-I/usr/local/opt/openssl@3/include" LDFLAGS="-L/usr/local/opt/openssl@3/lib" CPPFLAGS="-I/usr/local/opt/openssl@3/include" MAKEFLAGS="-j$(sysctl -n hw.logicalcpu)" PATH=/usr/local/opt/ccache/libexec:$PATH
2022-12-27T11:23:10.4277530Z   CIBW_BEFORE_BUILD: pip install Cython; if [[ -f requirements.txt ]]; then pip install -r requirements.txt; fi
2022-12-27T11:23:10.4277750Z   MAKEFLAGS: -j$(sysctl -n hw.logicalcpu)
2022-12-27T11:23:10.4277960Z ##[endgroup]
2022-12-27T11:23:10.8739370Z Requirement already satisfied: cibuildwheel==2.11.3 in /Users/runner/hostedtoolcache/Python/3.10.9/x64/lib/python3.10/site-packages (2.11.3)
2022-12-27T11:23:10.9000150Z Requirement already satisfied: tomli in /Users/runner/hostedtoolcache/Python/3.10.9/x64/lib/python3.10/site-packages (from cibuildwheel==2.11.3) (2.0.1)
2022-12-27T11:23:10.9006560Z Requirement already satisfied: bashlex!=0.13 in /Users/runner/hostedtoolcache/Python/3.10.9/x64/lib/python3.10/site-packages (from cibuildwheel==2.11.3) (0.16)
2022-12-27T11:23:10.9009820Z Requirement already satisfied: filelock in /Users/runner/hostedtoolcache/Python/3.10.9/x64/lib/python3.10/site-packages (from cibuildwheel==2.11.3) (3.8.2)
2022-12-27T11:23:10.9014730Z Requirement already satisfied: packaging>=20.9 in /Users/runner/hostedtoolcache/Python/3.10.9/x64/lib/python3.10/site-packages (from cibuildwheel==2.11.3) (22.0)
2022-12-27T11:23:10.9018080Z Requirement already satisfied: certifi in /Users/runner/hostedtoolcache/Python/3.10.9/x64/lib/python3.10/site-packages (from cibuildwheel==2.11.3) (2022.12.7)
2022-12-27T11:23:10.9021230Z Requirement already satisfied: platformdirs in /Users/runner/hostedtoolcache/Python/3.10.9/x64/lib/python3.10/site-packages (from cibuildwheel==2.11.3) (2.6.0)
2022-12-27T11:23:10.9024510Z Requirement already satisfied: bracex in /Users/runner/hostedtoolcache/Python/3.10.9/x64/lib/python3.10/site-packages (from cibuildwheel==2.11.3) (2.3.post1)
2022-12-27T11:23:10.9033240Z Requirement already satisfied: typing-extensions>=4.1.0 in /Users/runner/hostedtoolcache/Python/3.10.9/x64/lib/python3.10/site-packages (from cibuildwheel==2.11.3) (4.4.0)
2022-12-27T11:23:11.0824510Z 
2022-12-27T11:23:11.0824760Z      _ _       _ _   _       _           _
2022-12-27T11:23:11.0825390Z  ___|_| |_ _ _|_| |_| |_ _ _| |_ ___ ___| |
2022-12-27T11:23:11.0826920Z |  _| | . | | | | | . | | | |   | -_| -_| |
2022-12-27T11:23:11.0828070Z |___|_|___|___|_|_|___|_____|_|_|___|___|_|
2022-12-27T11:23:11.0828220Z 
2022-12-27T11:23:11.0828390Z cibuildwheel version 2.11.3
2022-12-27T11:23:11.0828590Z 
2022-12-27T11:23:11.0828730Z Build options:
2022-12-27T11:23:11.0829020Z   platform: macos
2022-12-27T11:23:11.0870250Z   architectures: arm64[0m
2022-12-27T11:23:11.0870690Z   build_selector: 
2022-12-27T11:23:11.0871270Z     build_config: cp310-macosx_arm64
2022-12-27T11:23:11.0871580Z     skip_config: 
2022-12-27T11:23:11.0871920Z     requires_python: None
2022-12-27T11:23:11.0872630Z     prerelease_pythons: False[0m
2022-12-27T11:23:11.0873080Z   [38;5;244mcontainer_engine: docker[0m
2022-12-27T11:23:11.0874020Z   output_dir: /Users/runner/actions-runner/_work/python.build/python.build/build_lxml20alpha1310/wheelsout[0m
2022-12-27T11:23:11.0874850Z   package_dir: /Users/runner/actions-runner/_work/python.build/python.build/build_lxml20alpha1310/lxml-2.0alpha1[0m
2022-12-27T11:23:11.0875320Z   test_selector: 
2022-12-27T11:23:11.0875840Z     skip_config: *_arm64[0m
2022-12-27T11:23:11.0876300Z   [38;5;244mbefore_all: [0m
2022-12-27T11:23:11.0876930Z   before_build: pip install Cython; if [[ -f requirements.txt ]]; then pip install -r requirements.txt; fi[0m
2022-12-27T11:23:11.0877490Z   [38;5;244mbefore_test: [0m
2022-12-27T11:23:11.0877870Z   [38;5;244mbuild_frontend: pip[0m
2022-12-27T11:23:11.0878510Z   build_verbosity: 3[0m
2022-12-27T11:23:11.0878950Z   [38;5;244mconfig_settings: [0m
2022-12-27T11:23:11.0879380Z   [38;5;244mdependency_constraints: pinned[0m
2022-12-27T11:23:11.0879740Z   environment: 
2022-12-27T11:23:11.0880380Z     CFLAGS="-I/usr/local/opt/openssl@3/include"
2022-12-27T11:23:11.0880770Z     LDFLAGS="-L/usr/local/opt/openssl@3/lib"
2022-12-27T11:23:11.0881190Z     CPPFLAGS="-I/usr/local/opt/openssl@3/include"
2022-12-27T11:23:11.0881600Z     MAKEFLAGS="-j$(sysctl -n hw.logicalcpu)"
2022-12-27T11:23:11.0881960Z     PATH=/usr/local/opt/ccache/libexec:$PATH[0m
2022-12-27T11:23:11.0882500Z   [38;5;244mmanylinux_images: None[0m
2022-12-27T11:23:11.0882900Z   [38;5;244mmusllinux_images: None[0m
2022-12-27T11:23:11.0883360Z   [38;5;244mrepair_command: delocate-wheel --require-archs {delocate_archs} -w {dest_dir} -v {wheel}[0m
2022-12-27T11:23:11.0884330Z   [38;5;244mtest_command: [0m
2022-12-27T11:23:11.0884680Z   [38;5;244mtest_extras: [0m
2022-12-27T11:23:11.0885180Z   [38;5;244mtest_requires: [0m
2022-12-27T11:23:11.0885300Z 
2022-12-27T11:23:11.0885470Z Cache folder: /Users/runner/Library/Caches/cibuildwheel
2022-12-27T11:23:11.0888850Z 
2022-12-27T11:23:11.0889090Z Here we go!
2022-12-27T11:23:11.0889270Z 
2022-12-27T11:23:11.0951310Z 
2022-12-27T11:23:11.0951810Z [1m[34mBuilding cp310-macosx_arm64 wheel[0m
2022-12-27T11:23:11.0952440Z CPython 3.10 macOS arm64 - Apple Silicon
2022-12-27T11:23:11.0952670Z 
2022-12-27T11:23:11.0954830Z ##[group]Installing Python cp310...
2022-12-27T11:23:11.0955050Z 
2022-12-27T11:23:11.0955340Z + pkgutil --pkgs
2022-12-27T11:23:11.1051690Z ##[endgroup]
2022-12-27T11:23:11.1052660Z                                                               [32m✓ [0m0.01s
2022-12-27T11:23:11.1053150Z ##[group]Setting up build environment...
2022-12-27T11:23:11.1053400Z 
2022-12-27T11:23:11.1071900Z + /Users/runner/hostedtoolcache/Python/3.10.9/x64/bin/python -sS /Users/runner/Library/Caches/cibuildwheel/virtualenv-20.17.0.pyz --activators= --no-periodic-update --pip=22.3.1 --setuptools=65.6.3 --wheel=0.38.4 --symlink-app-data --python /Library/Frameworks/Python.framework/Versions/3.10/bin/python3 /private/var/folders/51/hd414ycd67n82196sw51xqtc0000gn/T/cibw-run-w_58k577/cp310-macosx_arm64/build/venv
2022-12-27T11:23:11.2948520Z created virtual environment CPython3.10.8.final.0-64 in 47ms
2022-12-27T11:23:11.2949070Z   creator CPython3Posix(dest=/private/var/folders/51/hd414ycd67n82196sw51xqtc0000gn/T/cibw-run-w_58k577/cp310-macosx_arm64/build/venv, clear=False, no_vcs_ignore=False, global=False)
2022-12-27T11:23:11.2949710Z   seeder FromAppData(download=False, pip=22.3.1, setuptools=65.6.3, wheel=0.38.4, via=symlink, app_data_dir=/Users/runner/Library/Application Support/virtualenv)
2022-12-27T11:23:11.2950120Z     added seed packages: pip==22.3.1, setuptools==65.6.3, wheel==0.38.4
2022-12-27T11:23:11.3062990Z + python -m pip install --upgrade pip -c /Users/runner/hostedtoolcache/Python/3.10.9/x64/lib/python3.10/site-packages/cibuildwheel/resources/constraints-python310.txt
2022-12-27T11:23:11.5902900Z Requirement already satisfied: pip in ./lib/python3.10/site-packages (22.3.1)
2022-12-27T11:23:11.7202420Z + which pip
2022-12-27T11:23:11.7221370Z /private/var/folders/51/hd414ycd67n82196sw51xqtc0000gn/T/cibw-run-w_58k577/cp310-macosx_arm64/build/venv/bin/pip
2022-12-27T11:23:11.7223610Z + pip --version
2022-12-27T11:23:11.9230140Z pip 22.3.1 from /private/var/folders/51/hd414ycd67n82196sw51xqtc0000gn/T/cibw-run-w_58k577/cp310-macosx_arm64/build/venv/lib/python3.10/site-packages/pip (python 3.10)
2022-12-27T11:23:11.9439080Z + which pip
2022-12-27T11:23:11.9464740Z + which python
2022-12-27T11:23:11.9483530Z /private/var/folders/51/hd414ycd67n82196sw51xqtc0000gn/T/cibw-run-w_58k577/cp310-macosx_arm64/build/venv/bin/python
2022-12-27T11:23:11.9486070Z + python --version
2022-12-27T11:23:11.9531320Z Python 3.10.8
2022-12-27T11:23:11.9534000Z + which python
2022-12-27T11:23:11.9585980Z ##[endgroup]
2022-12-27T11:23:11.9586630Z                                                               [32m✓ [0m0.85s
2022-12-27T11:23:11.9587250Z ##[group]Installing build tools...
2022-12-27T11:23:11.9587400Z 
2022-12-27T11:23:11.9587770Z + pip install --upgrade setuptools wheel delocate -c /Users/runner/hostedtoolcache/Python/3.10.9/x64/lib/python3.10/site-packages/cibuildwheel/resources/constraints-python310.txt
2022-12-27T11:23:12.2339110Z Requirement already satisfied: setuptools in /private/var/folders/51/hd414ycd67n82196sw51xqtc0000gn/T/cibw-run-w_58k577/cp310-macosx_arm64/build/venv/lib/python3.10/site-packages (65.6.3)
2022-12-27T11:23:12.4306540Z Requirement already satisfied: wheel in /private/var/folders/51/hd414ycd67n82196sw51xqtc0000gn/T/cibw-run-w_58k577/cp310-macosx_arm64/build/venv/lib/python3.10/site-packages (0.38.4)
2022-12-27T11:23:12.4719360Z Collecting delocate
2022-12-27T11:23:12.4741050Z   Using cached delocate-0.10.3-py3-none-any.whl (142 kB)
2022-12-27T11:23:12.4950270Z Collecting typing-extensions
2022-12-27T11:23:12.4970070Z   Using cached typing_extensions-4.4.0-py3-none-any.whl (26 kB)
2022-12-27T11:23:12.5202080Z Collecting packaging>=20.9
2022-12-27T11:23:12.5219920Z   Using cached packaging-21.3-py3-none-any.whl (40 kB)
2022-12-27T11:23:12.5573960Z Collecting pyparsing!=3.0.5,>=2.0.2
2022-12-27T11:23:12.5590830Z   Using cached pyparsing-3.0.9-py3-none-any.whl (98 kB)
2022-12-27T11:23:12.5947430Z Installing collected packages: typing-extensions, pyparsing, packaging, delocate
2022-12-27T11:23:12.7264160Z Successfully installed delocate-0.10.3 packaging-21.3 pyparsing-3.0.9 typing-extensions-4.4.0
2022-12-27T11:23:12.7700310Z ##[endgroup]
2022-12-27T11:23:12.7701100Z                                                               [32m✓ [0m0.81s
2022-12-27T11:23:12.7701530Z ##[group]Running before_build...
2022-12-27T11:23:12.7701700Z 
2022-12-27T11:23:12.7707190Z + pip install Cython; if [[ -f requirements.txt ]]; then pip install -r requirements.txt; fi
2022-12-27T11:23:13.3726380Z Collecting Cython
2022-12-27T11:23:13.3770640Z   Using cached Cython-0.29.32-py2.py3-none-any.whl (986 kB)
2022-12-27T11:23:13.4167180Z Installing collected packages: Cython
2022-12-27T11:23:13.8216570Z Successfully installed Cython-0.29.32
2022-12-27T11:23:13.8638660Z ##[endgroup]
2022-12-27T11:23:13.8639400Z                                                               [32m✓ [0m1.09s
2022-12-27T11:23:13.8640030Z ##[group]Building wheel...
2022-12-27T11:23:13.8640320Z 
2022-12-27T11:23:13.8645600Z + python -m pip wheel /Users/runner/actions-runner/_work/python.build/python.build/build_lxml20alpha1310/lxml-2.0alpha1 --wheel-dir=/private/var/folders/51/hd414ycd67n82196sw51xqtc0000gn/T/cibw-run-w_58k577/cp310-macosx_arm64/built_wheel --no-deps -vvv
2022-12-27T11:23:14.1258150Z Created temporary directory: /private/var/folders/51/hd414ycd67n82196sw51xqtc0000gn/T/pip-ephem-wheel-cache-m__oa14b
2022-12-27T11:23:14.1262860Z Created temporary directory: /private/var/folders/51/hd414ycd67n82196sw51xqtc0000gn/T/pip-build-tracker-xsh7dzmm
2022-12-27T11:23:14.1265060Z Initialized build tracking at /private/var/folders/51/hd414ycd67n82196sw51xqtc0000gn/T/pip-build-tracker-xsh7dzmm
2022-12-27T11:23:14.1266810Z Created build tracker: /private/var/folders/51/hd414ycd67n82196sw51xqtc0000gn/T/pip-build-tracker-xsh7dzmm
2022-12-27T11:23:14.1268390Z Entered build tracker: /private/var/folders/51/hd414ycd67n82196sw51xqtc0000gn/T/pip-build-tracker-xsh7dzmm
2022-12-27T11:23:14.1272380Z Created temporary directory: /private/var/folders/51/hd414ycd67n82196sw51xqtc0000gn/T/pip-wheel-uq82cbz6
2022-12-27T11:23:14.1278610Z Created temporary directory: /private/var/folders/51/hd414ycd67n82196sw51xqtc0000gn/T/pip-ephem-wheel-cache-226tdm9d
2022-12-27T11:23:14.1421400Z Processing /Users/runner/actions-runner/_work/python.build/python.build/build_lxml20alpha1310/lxml-2.0alpha1
2022-12-27T11:23:14.1427330Z   Added file:///Users/runner/actions-runner/_work/python.build/python.build/build_lxml20alpha1310/lxml-2.0alpha1 to build tracker '/private/var/folders/51/hd414ycd67n82196sw51xqtc0000gn/T/pip-build-tracker-xsh7dzmm'
2022-12-27T11:23:14.1431740Z   Running setup.py (path:/Users/runner/actions-runner/_work/python.build/python.build/build_lxml20alpha1310/lxml-2.0alpha1/setup.py) egg_info for package from file:///Users/runner/actions-runner/_work/python.build/python.build/build_lxml20alpha1310/lxml-2.0alpha1
2022-12-27T11:23:14.1435200Z   Created temporary directory: /private/var/folders/51/hd414ycd67n82196sw51xqtc0000gn/T/pip-pip-egg-info-08gz3auj
2022-12-27T11:23:14.1436970Z   Preparing metadata (setup.py): started
2022-12-27T11:23:14.1439050Z   Running command python setup.py egg_info
2022-12-27T11:23:14.2957000Z   Traceback (most recent call last):
2022-12-27T11:23:14.2967510Z     File "<string>", line 2, in <module>
2022-12-27T11:23:14.2968420Z     File "<pip-setuptools-caller>", line 34, in <module>
2022-12-27T11:23:14.2969820Z     File "/Users/runner/actions-runner/_work/python.build/python.build/build_lxml20alpha1310/lxml-2.0alpha1/setup.py", line 41
2022-12-27T11:23:14.2970310Z       print "Building lxml version", svn_version
2022-12-27T11:23:14.2970640Z       ^^^^^^^^^^^^^^^^^^^^^^^^^^^^^^^^^^^^^^^^^^
2022-12-27T11:23:14.2971260Z   SyntaxError: Missing parentheses in call to 'print'. Did you mean print(...)?
2022-12-27T11:23:14.3158600Z   error: subprocess-exited-with-error
2022-12-27T11:23:14.3159030Z   
2022-12-27T11:23:14.3159520Z   × python setup.py egg_info did not run successfully.
2022-12-27T11:23:14.3159990Z   │ exit code: 1
2022-12-27T11:23:14.3160620Z   ╰─> See above for output.
2022-12-27T11:23:14.3160900Z   
2022-12-27T11:23:14.3161310Z   note: This error originates from a subprocess, and is likely not a problem with pip.
2022-12-27T11:23:14.3168770Z   full command: /private/var/folders/51/hd414ycd67n82196sw51xqtc0000gn/T/cibw-run-w_58k577/cp310-macosx_arm64/build/venv/bin/python -c '
2022-12-27T11:23:14.3170120Z   exec(compile('"'"''"'"''"'"'
2022-12-27T11:23:14.3170780Z   # This is <pip-setuptools-caller> -- a caller that pip uses to run setup.py
2022-12-27T11:23:14.3171140Z   #
2022-12-27T11:23:14.3171610Z   # - It imports setuptools before invoking setup.py, to enable projects that directly
2022-12-27T11:23:14.3172150Z   #   import from `distutils.core` to work with newer packaging standards.
2022-12-27T11:23:14.3172660Z   # - It provides a clear error message when setuptools is not installed.
2022-12-27T11:23:14.3173190Z   # - It sets `sys.argv[0]` to the underlying `setup.py`, when invoking `setup.py` so
2022-12-27T11:23:14.3173710Z   #   setuptools doesn'"'"'t think the script is `-c`. This avoids the following warning:
2022-12-27T11:23:14.3174140Z   #     manifest_maker: standard file '"'"'-c'"'"' not found".
2022-12-27T11:23:14.3175190Z   # - It generates a shim setup.py, for handling setup.cfg-only projects.
2022-12-27T11:23:14.3175570Z   import os, sys, tokenize
2022-12-27T11:23:14.3175790Z   
2022-12-27T11:23:14.3176020Z   try:
2022-12-27T11:23:14.3176430Z       import setuptools
2022-12-27T11:23:14.3176680Z   except ImportError as error:
2022-12-27T11:23:14.3176950Z       print(
2022-12-27T11:23:14.3177270Z           "ERROR: Can not execute `setup.py` since setuptools is not available in "
2022-12-27T11:23:14.3177560Z           "the build environment.",
2022-12-27T11:23:14.3177990Z           file=sys.stderr,
2022-12-27T11:23:14.3178240Z       )
2022-12-27T11:23:14.3178430Z       sys.exit(1)
2022-12-27T11:23:14.3178670Z   
2022-12-27T11:23:14.3178900Z   __file__ = %r
2022-12-27T11:23:14.3179260Z   sys.argv[0] = __file__
2022-12-27T11:23:14.3179520Z   
2022-12-27T11:23:14.3179780Z   if os.path.exists(__file__):
2022-12-27T11:23:14.3180050Z       filename = __file__
2022-12-27T11:23:14.3180290Z       with tokenize.open(__file__) as f:
2022-12-27T11:23:14.3180750Z           setup_py_code = f.read()
2022-12-27T11:23:14.3181000Z   else:
2022-12-27T11:23:14.3181390Z       filename = "<auto-generated setuptools caller>"
2022-12-27T11:23:14.3181790Z       setup_py_code = "from setuptools import setup; setup()"
2022-12-27T11:23:14.3182200Z   
2022-12-27T11:23:14.3182450Z   exec(compile(setup_py_code, filename, "exec"))
2022-12-27T11:23:14.3183080Z   '"'"''"'"''"'"' % ('"'"'/Users/runner/actions-runner/_work/python.build/python.build/build_lxml20alpha1310/lxml-2.0alpha1/setup.py'"'"',), "<pip-setuptools-caller>", "exec"))' egg_info --egg-base /private/var/folders/51/hd414ycd67n82196sw51xqtc0000gn/T/pip-pip-egg-info-08gz3auj
2022-12-27T11:23:14.3183590Z   cwd: /Users/runner/actions-runner/_work/python.build/python.build/build_lxml20alpha1310/lxml-2.0alpha1/
2022-12-27T11:23:14.3183990Z   Preparing metadata (setup.py): finished with status 'error'
2022-12-27T11:23:14.3189620Z error: metadata-generation-failed
2022-12-27T11:23:14.3189840Z 
2022-12-27T11:23:14.3190140Z × Encountered error while generating package metadata.
2022-12-27T11:23:14.3190560Z ╰─> See above for output.
2022-12-27T11:23:14.3191030Z 
2022-12-27T11:23:14.3191210Z note: This is an issue with the package mentioned above, not pip.
2022-12-27T11:23:14.3191500Z hint: See above for details.
2022-12-27T11:23:14.3216970Z Exception information:
2022-12-27T11:23:14.3217370Z Traceback (most recent call last):
2022-12-27T11:23:14.3218410Z   File "/private/var/folders/51/hd414ycd67n82196sw51xqtc0000gn/T/cibw-run-w_58k577/cp310-macosx_arm64/build/venv/lib/python3.10/site-packages/pip/_internal/operations/build/metadata_legacy.py", line 64, in generate_metadata
2022-12-27T11:23:14.3219820Z     call_subprocess(
2022-12-27T11:23:14.3221260Z   File "/private/var/folders/51/hd414ycd67n82196sw51xqtc0000gn/T/cibw-run-w_58k577/cp310-macosx_arm64/build/venv/lib/python3.10/site-packages/pip/_internal/utils/subprocess.py", line 224, in call_subprocess
2022-12-27T11:23:14.3222050Z     raise error
2022-12-27T11:23:14.3222440Z pip._internal.exceptions.InstallationSubprocessError: python setup.py egg_info exited with 1
2022-12-27T11:23:14.3222730Z 
2022-12-27T11:23:14.3222920Z The above exception was the direct cause of the following exception:
2022-12-27T11:23:14.3223130Z 
2022-12-27T11:23:14.3223270Z Traceback (most recent call last):
2022-12-27T11:23:14.3224250Z   File "/private/var/folders/51/hd414ycd67n82196sw51xqtc0000gn/T/cibw-run-w_58k577/cp310-macosx_arm64/build/venv/lib/python3.10/site-packages/pip/_internal/cli/base_command.py", line 160, in exc_logging_wrapper
2022-12-27T11:23:14.3224690Z     status = run_func(*args)
2022-12-27T11:23:14.3225410Z   File "/private/var/folders/51/hd414ycd67n82196sw51xqtc0000gn/T/cibw-run-w_58k577/cp310-macosx_arm64/build/venv/lib/python3.10/site-packages/pip/_internal/cli/req_command.py", line 247, in wrapper
2022-12-27T11:23:14.3225860Z     return func(self, options, args)
2022-12-27T11:23:14.3226820Z   File "/private/var/folders/51/hd414ycd67n82196sw51xqtc0000gn/T/cibw-run-w_58k577/cp310-macosx_arm64/build/venv/lib/python3.10/site-packages/pip/_internal/commands/wheel.py", line 170, in run
2022-12-27T11:23:14.3227540Z     requirement_set = resolver.resolve(reqs, check_supported_wheels=True)
2022-12-27T11:23:14.3228340Z   File "/private/var/folders/51/hd414ycd67n82196sw51xqtc0000gn/T/cibw-run-w_58k577/cp310-macosx_arm64/build/venv/lib/python3.10/site-packages/pip/_internal/resolution/resolvelib/resolver.py", line 73, in resolve
2022-12-27T11:23:14.3228810Z     collected = self.factory.collect_root_requirements(root_reqs)
2022-12-27T11:23:14.3229610Z   File "/private/var/folders/51/hd414ycd67n82196sw51xqtc0000gn/T/cibw-run-w_58k577/cp310-macosx_arm64/build/venv/lib/python3.10/site-packages/pip/_internal/resolution/resolvelib/factory.py", line 491, in collect_root_requirements
2022-12-27T11:23:14.3230240Z     req = self._make_requirement_from_install_req(
2022-12-27T11:23:14.3231090Z   File "/private/var/folders/51/hd414ycd67n82196sw51xqtc0000gn/T/cibw-run-w_58k577/cp310-macosx_arm64/build/venv/lib/python3.10/site-packages/pip/_internal/resolution/resolvelib/factory.py", line 453, in _make_requirement_from_install_req
2022-12-27T11:23:14.3231580Z     cand = self._make_candidate_from_link(
2022-12-27T11:23:14.3232290Z   File "/private/var/folders/51/hd414ycd67n82196sw51xqtc0000gn/T/cibw-run-w_58k577/cp310-macosx_arm64/build/venv/lib/python3.10/site-packages/pip/_internal/resolution/resolvelib/factory.py", line 206, in _make_candidate_from_link
2022-12-27T11:23:14.3232800Z     self._link_candidate_cache[link] = LinkCandidate(
2022-12-27T11:23:14.3233700Z   File "/private/var/folders/51/hd414ycd67n82196sw51xqtc0000gn/T/cibw-run-w_58k577/cp310-macosx_arm64/build/venv/lib/python3.10/site-packages/pip/_internal/resolution/resolvelib/candidates.py", line 297, in __init__
2022-12-27T11:23:14.3234160Z     super().__init__(
2022-12-27T11:23:14.3234860Z   File "/private/var/folders/51/hd414ycd67n82196sw51xqtc0000gn/T/cibw-run-w_58k577/cp310-macosx_arm64/build/venv/lib/python3.10/site-packages/pip/_internal/resolution/resolvelib/candidates.py", line 162, in __init__
2022-12-27T11:23:14.3235320Z     self.dist = self._prepare()
2022-12-27T11:23:14.3236550Z   File "/private/var/folders/51/hd414ycd67n82196sw51xqtc0000gn/T/cibw-run-w_58k577/cp310-macosx_arm64/build/venv/lib/python3.10/site-packages/pip/_internal/resolution/resolvelib/candidates.py", line 231, in _prepare
2022-12-27T11:23:14.3236910Z     dist = self._prepare_distribution()
2022-12-27T11:23:14.3237510Z   File "/private/var/folders/51/hd414ycd67n82196sw51xqtc0000gn/T/cibw-run-w_58k577/cp310-macosx_arm64/build/venv/lib/python3.10/site-packages/pip/_internal/resolution/resolvelib/candidates.py", line 308, in _prepare_distribution
2022-12-27T11:23:14.3237940Z     return preparer.prepare_linked_requirement(self._ireq, parallel_builds=True)
2022-12-27T11:23:14.3238740Z   File "/private/var/folders/51/hd414ycd67n82196sw51xqtc0000gn/T/cibw-run-w_58k577/cp310-macosx_arm64/build/venv/lib/python3.10/site-packages/pip/_internal/operations/prepare.py", line 491, in prepare_linked_requirement
2022-12-27T11:23:14.3239480Z     return self._prepare_linked_requirement(req, parallel_builds)
2022-12-27T11:23:14.3240010Z   File "/private/var/folders/51/hd414ycd67n82196sw51xqtc0000gn/T/cibw-run-w_58k577/cp310-macosx_arm64/build/venv/lib/python3.10/site-packages/pip/_internal/operations/prepare.py", line 577, in _prepare_linked_requirement
2022-12-27T11:23:14.3240350Z     dist = _get_prepared_distribution(
2022-12-27T11:23:14.3240820Z   File "/private/var/folders/51/hd414ycd67n82196sw51xqtc0000gn/T/cibw-run-w_58k577/cp310-macosx_arm64/build/venv/lib/python3.10/site-packages/pip/_internal/operations/prepare.py", line 69, in _get_prepared_distribution
2022-12-27T11:23:14.3241230Z     abstract_dist.prepare_distribution_metadata(
2022-12-27T11:23:14.3241880Z   File "/private/var/folders/51/hd414ycd67n82196sw51xqtc0000gn/T/cibw-run-w_58k577/cp310-macosx_arm64/build/venv/lib/python3.10/site-packages/pip/_internal/distributions/sdist.py", line 61, in prepare_distribution_metadata
2022-12-27T11:23:14.3242250Z     self.req.prepare_metadata()
2022-12-27T11:23:14.3242810Z   File "/private/var/folders/51/hd414ycd67n82196sw51xqtc0000gn/T/cibw-run-w_58k577/cp310-macosx_arm64/build/venv/lib/python3.10/site-packages/pip/_internal/req/req_install.py", line 541, in prepare_metadata
2022-12-27T11:23:14.3243450Z     self.metadata_directory = generate_metadata_legacy(
2022-12-27T11:23:14.3244330Z   File "/private/var/folders/51/hd414ycd67n82196sw51xqtc0000gn/T/cibw-run-w_58k577/cp310-macosx_arm64/build/venv/lib/python3.10/site-packages/pip/_internal/operations/build/metadata_legacy.py", line 71, in generate_metadata
2022-12-27T11:23:14.3244880Z     raise MetadataGenerationFailed(package_details=details) from error
2022-12-27T11:23:14.3245150Z pip._internal.exceptions.MetadataGenerationFailed: metadata generation failed
2022-12-27T11:23:14.3245690Z Removed file:///Users/runner/actions-runner/_work/python.build/python.build/build_lxml20alpha1310/lxml-2.0alpha1 from build tracker '/private/var/folders/51/hd414ycd67n82196sw51xqtc0000gn/T/pip-build-tracker-xsh7dzmm'
2022-12-27T11:23:14.3246250Z Removed build tracker: '/private/var/folders/51/hd414ycd67n82196sw51xqtc0000gn/T/pip-build-tracker-xsh7dzmm'
2022-12-27T11:23:14.3608520Z ##[endgroup]
2022-12-27T11:23:14.3631830Z ##[error]Command ['python', '-m', 'pip', 'wheel', '/Users/runner/actions-runner/_work/python.build/python.build/build_lxml20alpha1310/lxml-2.0alpha1', '--wheel-dir=/private/var/folders/51/hd414ycd67n82196sw51xqtc0000gn/T/cibw-run-w_58k577/cp310-macosx_arm64/built_wheel', '--no-deps', '-vvv'] failed with code 1. None
2022-12-27T11:23:14.3638510Z 
2022-12-27T11:23:14.3638860Z                                                               [31m✕ [0m0.50s
2022-12-27T11:23:14.4099800Z ##[error]Process completed with exit code 1.
2022-12-27T11:23:14.4192610Z ##[group]Run rm -rf build_lxml20alpha1310 wheelsout
2022-12-27T11:23:14.4192880Z [36;1mrm -rf build_lxml20alpha1310 wheelsout[0m
2022-12-27T11:23:14.4209040Z shell: /bin/bash -e {0}
2022-12-27T11:23:14.4209180Z env:
2022-12-27T11:23:14.4209390Z   pythonLocation: /Users/runner/hostedtoolcache/Python/3.10.9/x64
2022-12-27T11:23:14.4209820Z   PKG_CONFIG_PATH: /Users/runner/hostedtoolcache/Python/3.10.9/x64/lib/pkgconfig
2022-12-27T11:23:14.4210040Z   Python_ROOT_DIR: /Users/runner/hostedtoolcache/Python/3.10.9/x64
2022-12-27T11:23:14.4210270Z   Python2_ROOT_DIR: /Users/runner/hostedtoolcache/Python/3.10.9/x64
2022-12-27T11:23:14.4210480Z   Python3_ROOT_DIR: /Users/runner/hostedtoolcache/Python/3.10.9/x64
2022-12-27T11:23:14.4210680Z ##[endgroup]
2022-12-27T11:23:14.4753630Z Cleaning up orphan processes
