2022-12-27T01:50:51.2958093Z Requested labels: self-hosted, macOS, X64
2022-12-27T01:50:51.2958162Z Job defined at: kilnbuild/python.build/.github/workflows/mac_arm_build.yml@refs/heads/main
2022-12-27T01:50:51.2958189Z Waiting for a runner to pick up this job...
2022-12-27T01:51:26.2337778Z Job is about to start running on the runner: k1 (organization)
2022-12-27T01:51:30.7590810Z Current runner version: '2.300.2'
2022-12-27T01:51:30.7595590Z Runner name: 'k1'
2022-12-27T01:51:30.7595820Z Runner group name: 'Default'
2022-12-27T01:51:30.7596250Z Machine name: 'k1'
2022-12-27T01:51:30.7597720Z ##[group]GITHUB_TOKEN Permissions
2022-12-27T01:51:30.7598120Z Actions: write
2022-12-27T01:51:30.7598250Z Checks: write
2022-12-27T01:51:30.7598380Z Contents: write
2022-12-27T01:51:30.7598520Z Deployments: write
2022-12-27T01:51:30.7598650Z Discussions: write
2022-12-27T01:51:30.7598780Z Issues: write
2022-12-27T01:51:30.7598910Z Metadata: read
2022-12-27T01:51:30.7599040Z Packages: write
2022-12-27T01:51:30.7599170Z Pages: write
2022-12-27T01:51:30.7599310Z PullRequests: write
2022-12-27T01:51:30.7599470Z RepositoryProjects: write
2022-12-27T01:51:30.7599630Z SecurityEvents: write
2022-12-27T01:51:30.7599770Z Statuses: write
2022-12-27T01:51:30.7599900Z ##[endgroup]
2022-12-27T01:51:30.7602270Z Secret source: Actions
2022-12-27T01:51:30.7602580Z Prepare workflow directory
2022-12-27T01:51:30.8240050Z Prepare all required actions
2022-12-27T01:51:30.8357090Z Getting action download info
2022-12-27T01:51:31.2618150Z Download action repository 'actions/setup-python@v4' (SHA:5ccb29d8773c3f3f653e1705f474dfaa8a06a912)
2022-12-27T01:51:33.1242950Z Download action repository 'actions/upload-artifact@v3' (SHA:83fd05a356d7e2593de66fc9913b3002723633cb)
2022-12-27T01:51:34.5116650Z ##[group]Run echo '{
2022-12-27T01:51:34.5116950Z [36;1mecho '{[0m
2022-12-27T01:51:34.5117150Z [36;1m  "environment_variables": "GRPC_PYTHON_BUILD_WITH_CYTHON=1 GRPC_BUILD_WITH_BORING_SSL_ASM='' GRPC_PYTHON_BUILD_SYSTEM_OPENSSL=TRUE",[0m
2022-12-27T01:51:34.5117350Z [36;1m  "package_name": "grpcio",[0m
2022-12-27T01:51:34.5117600Z [36;1m  "package_url": "https://files.pythonhosted.org/packages/c1/ff/be9b347b6d3ac23b45a2cfc848aff7488dfb85f0bc18e4ea5f693d0ce739/grpcio-0.9.0a0.tar.gz",[0m
2022-12-27T01:51:34.5117830Z [36;1m  "package_version": "0.9.0a0",[0m
2022-12-27T01:51:34.5117950Z [36;1m  "python_version": "3.11",[0m
2022-12-27T01:51:34.5118070Z [36;1m  "use_ccache": "true"[0m
2022-12-27T01:51:34.5118180Z [36;1m}'[0m
2022-12-27T01:51:34.5133890Z shell: /bin/bash -e {0}
2022-12-27T01:51:34.5134100Z ##[endgroup]
2022-12-27T01:51:34.5349700Z {
2022-12-27T01:51:34.5351230Z   "environment_variables": "GRPC_PYTHON_BUILD_WITH_CYTHON=1 GRPC_BUILD_WITH_BORING_SSL_ASM= GRPC_PYTHON_BUILD_SYSTEM_OPENSSL=TRUE",
2022-12-27T01:51:34.5351560Z   "package_name": "grpcio",
2022-12-27T01:51:34.5352190Z   "package_url": "https://files.pythonhosted.org/packages/c1/ff/be9b347b6d3ac23b45a2cfc848aff7488dfb85f0bc18e4ea5f693d0ce739/grpcio-0.9.0a0.tar.gz",
2022-12-27T01:51:34.5352470Z   "package_version": "0.9.0a0",
2022-12-27T01:51:34.5352660Z   "python_version": "3.11",
2022-12-27T01:51:34.5352800Z   "use_ccache": "true"
2022-12-27T01:51:34.5353000Z }
2022-12-27T01:51:34.5559880Z ##[group]Run actions/setup-python@v4
2022-12-27T01:51:34.5560120Z with:
2022-12-27T01:51:34.5560270Z   python-version: 3.11
2022-12-27T01:51:34.5560450Z   check-latest: false
2022-12-27T01:51:34.5560850Z   token: ***
2022-12-27T01:51:34.5561030Z   update-environment: true
2022-12-27T01:51:34.5561180Z ##[endgroup]
2022-12-27T01:51:34.6803340Z ##[group]Installed versions
2022-12-27T01:51:34.6838550Z Successfully set up CPython (3.11.1)
2022-12-27T01:51:34.6839180Z ##[endgroup]
2022-12-27T01:51:34.6978110Z ##[group]Run if [ "true" == "true" ]
2022-12-27T01:51:34.6978570Z [36;1mif [ "true" == "true" ][0m
2022-12-27T01:51:34.6978770Z [36;1mthen[0m
2022-12-27T01:51:34.6978950Z [36;1m  echo "CCACHE_PATH_PREPEND=/usr/local/opt/ccache/libexec" >> $GITHUB_OUTPUT[0m
2022-12-27T01:51:34.6979150Z [36;1melse[0m
2022-12-27T01:51:34.6979340Z [36;1m  echo "CCACHE_PATH_PREPEND=" >> $GITHUB_OUTPUT[0m
2022-12-27T01:51:34.6979550Z [36;1mfi[0m
2022-12-27T01:51:34.6997040Z shell: /bin/bash -e {0}
2022-12-27T01:51:34.6997250Z env:
2022-12-27T01:51:34.6997550Z   pythonLocation: /Users/runner/hostedtoolcache/Python/3.11.1/x64
2022-12-27T01:51:34.6997780Z   PKG_CONFIG_PATH: /Users/runner/hostedtoolcache/Python/3.11.1/x64/lib/pkgconfig
2022-12-27T01:51:34.6998420Z   Python_ROOT_DIR: /Users/runner/hostedtoolcache/Python/3.11.1/x64
2022-12-27T01:51:34.6998660Z   Python2_ROOT_DIR: /Users/runner/hostedtoolcache/Python/3.11.1/x64
2022-12-27T01:51:34.6998920Z   Python3_ROOT_DIR: /Users/runner/hostedtoolcache/Python/3.11.1/x64
2022-12-27T01:51:34.6999190Z ##[endgroup]
2022-12-27T01:51:34.7104950Z ##[group]Run echo "BUILD_NAME=$(echo grpcio_0.9.0a0_3.11 | tr -dc '[:alnum:]\n\r' | tr '[:upper:]' '[:lower:]')" >> $GITHUB_OUTPUT
2022-12-27T01:51:34.7105370Z [36;1mecho "BUILD_NAME=$(echo grpcio_0.9.0a0_3.11 | tr -dc '[:alnum:]\n\r' | tr '[:upper:]' '[:lower:]')" >> $GITHUB_OUTPUT[0m
2022-12-27T01:51:34.7119890Z shell: /bin/bash -e {0}
2022-12-27T01:51:34.7120040Z env:
2022-12-27T01:51:34.7120340Z   pythonLocation: /Users/runner/hostedtoolcache/Python/3.11.1/x64
2022-12-27T01:51:34.7120600Z   PKG_CONFIG_PATH: /Users/runner/hostedtoolcache/Python/3.11.1/x64/lib/pkgconfig
2022-12-27T01:51:34.7120860Z   Python_ROOT_DIR: /Users/runner/hostedtoolcache/Python/3.11.1/x64
2022-12-27T01:51:34.7121110Z   Python2_ROOT_DIR: /Users/runner/hostedtoolcache/Python/3.11.1/x64
2022-12-27T01:51:34.7121400Z   Python3_ROOT_DIR: /Users/runner/hostedtoolcache/Python/3.11.1/x64
2022-12-27T01:51:34.7121600Z ##[endgroup]
2022-12-27T01:51:34.7266590Z ##[group]Run echo "PYTHON_NO_DOTS=$(echo 3.11 | tr -dc '[:alnum:]\n\r' | tr '[:upper:]' '[:lower:]')" >> $GITHUB_OUTPUT
2022-12-27T01:51:34.7266940Z [36;1mecho "PYTHON_NO_DOTS=$(echo 3.11 | tr -dc '[:alnum:]\n\r' | tr '[:upper:]' '[:lower:]')" >> $GITHUB_OUTPUT[0m
2022-12-27T01:51:34.7281610Z shell: /bin/bash -e {0}
2022-12-27T01:51:34.7281750Z env:
2022-12-27T01:51:34.7281940Z   pythonLocation: /Users/runner/hostedtoolcache/Python/3.11.1/x64
2022-12-27T01:51:34.7282590Z   PKG_CONFIG_PATH: /Users/runner/hostedtoolcache/Python/3.11.1/x64/lib/pkgconfig
2022-12-27T01:51:34.7282830Z   Python_ROOT_DIR: /Users/runner/hostedtoolcache/Python/3.11.1/x64
2022-12-27T01:51:34.7283030Z   Python2_ROOT_DIR: /Users/runner/hostedtoolcache/Python/3.11.1/x64
2022-12-27T01:51:34.7283290Z   Python3_ROOT_DIR: /Users/runner/hostedtoolcache/Python/3.11.1/x64
2022-12-27T01:51:34.7283490Z ##[endgroup]
2022-12-27T01:51:34.7394950Z ##[group]Run rm -rf build_grpcio090a0311
2022-12-27T01:51:34.7395290Z [36;1mrm -rf build_grpcio090a0311[0m
2022-12-27T01:51:34.7395490Z [36;1mmkdir build_grpcio090a0311[0m
2022-12-27T01:51:34.7395670Z [36;1mcd build_grpcio090a0311[0m
2022-12-27T01:51:34.7395980Z [36;1m/usr/local/bin/wget --quiet https://files.pythonhosted.org/packages/c1/ff/be9b347b6d3ac23b45a2cfc848aff7488dfb85f0bc18e4ea5f693d0ce739/grpcio-0.9.0a0.tar.gz[0m
2022-12-27T01:51:34.7396260Z [36;1mtar xf *.tar.gz[0m
2022-12-27T01:51:34.7396410Z [36;1mcd grpcio-*/[0m
2022-12-27T01:51:34.7396630Z [36;1mpython -m pip install cibuildwheel==2.11.3[0m
2022-12-27T01:51:34.7396850Z [36;1mpython -m cibuildwheel --output-dir ../wheelsout[0m
2022-12-27T01:51:34.7411210Z shell: /bin/bash -e {0}
2022-12-27T01:51:34.7411470Z env:
2022-12-27T01:51:34.7411680Z   pythonLocation: /Users/runner/hostedtoolcache/Python/3.11.1/x64
2022-12-27T01:51:34.7411950Z   PKG_CONFIG_PATH: /Users/runner/hostedtoolcache/Python/3.11.1/x64/lib/pkgconfig
2022-12-27T01:51:34.7412200Z   Python_ROOT_DIR: /Users/runner/hostedtoolcache/Python/3.11.1/x64
2022-12-27T01:51:34.7412460Z   Python2_ROOT_DIR: /Users/runner/hostedtoolcache/Python/3.11.1/x64
2022-12-27T01:51:34.7412690Z   Python3_ROOT_DIR: /Users/runner/hostedtoolcache/Python/3.11.1/x64
2022-12-27T01:51:34.7412860Z   CIBW_ARCHS_MACOS: arm64
2022-12-27T01:51:34.7413030Z   CIBW_TEST_SKIP: *_arm64
2022-12-27T01:51:34.7413200Z   CIBW_BUILD: cp311-macosx_arm64
2022-12-27T01:51:34.7413390Z   CIBW_BUILD_FRONTEND: pip
2022-12-27T01:51:34.7413560Z   CIBW_BUILD_VERBOSITY: 3
2022-12-27T01:51:34.7413930Z   CIBW_ENVIRONMENT_MACOS: GRPC_PYTHON_BUILD_WITH_CYTHON=1 GRPC_BUILD_WITH_BORING_SSL_ASM='' GRPC_PYTHON_BUILD_SYSTEM_OPENSSL=TRUE CFLAGS="-I/usr/local/opt/openssl@3/include" LDFLAGS="-L/usr/local/opt/openssl@3/lib" CPPFLAGS="-I/usr/local/opt/openssl@3/include" MAKEFLAGS="-j$(sysctl -n hw.logicalcpu)" PATH=/usr/local/opt/ccache/libexec:$PATH
2022-12-27T01:51:34.7414520Z   CIBW_BEFORE_BUILD: pip install Cython; if [[ -f requirements.txt ]]; then pip install -r requirements.txt; fi
2022-12-27T01:51:34.7414730Z   MAKEFLAGS: -j$(sysctl -n hw.logicalcpu)
2022-12-27T01:51:34.7414940Z ##[endgroup]
2022-12-27T01:51:35.0551610Z Requirement already satisfied: cibuildwheel==2.11.3 in /Library/Frameworks/Python.framework/Versions/3.11/lib/python3.11/site-packages (2.11.3)
2022-12-27T01:51:35.0855410Z Requirement already satisfied: bashlex!=0.13 in /Library/Frameworks/Python.framework/Versions/3.11/lib/python3.11/site-packages (from cibuildwheel==2.11.3) (0.16)
2022-12-27T01:51:35.0861440Z Requirement already satisfied: bracex in /Library/Frameworks/Python.framework/Versions/3.11/lib/python3.11/site-packages (from cibuildwheel==2.11.3) (2.3.post1)
2022-12-27T01:51:35.0867810Z Requirement already satisfied: certifi in /Library/Frameworks/Python.framework/Versions/3.11/lib/python3.11/site-packages (from cibuildwheel==2.11.3) (2022.12.7)
2022-12-27T01:51:35.0874590Z Requirement already satisfied: filelock in /Library/Frameworks/Python.framework/Versions/3.11/lib/python3.11/site-packages (from cibuildwheel==2.11.3) (3.8.2)
2022-12-27T01:51:35.0883050Z Requirement already satisfied: packaging>=20.9 in /Library/Frameworks/Python.framework/Versions/3.11/lib/python3.11/site-packages (from cibuildwheel==2.11.3) (22.0)
2022-12-27T01:51:35.0891180Z Requirement already satisfied: platformdirs in /Library/Frameworks/Python.framework/Versions/3.11/lib/python3.11/site-packages (from cibuildwheel==2.11.3) (2.6.0)
2022-12-27T01:51:35.3030120Z 
2022-12-27T01:51:35.3030610Z      _ _       _ _   _       _           _
2022-12-27T01:51:35.3031250Z  ___|_| |_ _ _|_| |_| |_ _ _| |_ ___ ___| |
2022-12-27T01:51:35.3031820Z |  _| | . | | | | | . | | | |   | -_| -_| |
2022-12-27T01:51:35.3032130Z |___|_|___|___|_|_|___|_____|_|_|___|___|_|
2022-12-27T01:51:35.3032310Z 
2022-12-27T01:51:35.3032440Z cibuildwheel version 2.11.3
2022-12-27T01:51:35.3032710Z 
2022-12-27T01:51:35.3032880Z Build options:
2022-12-27T01:51:35.3033140Z   platform: macos
2022-12-27T01:51:35.3077480Z   architectures: arm64[0m
2022-12-27T01:51:35.3078250Z   build_selector: 
2022-12-27T01:51:35.3079240Z     build_config: cp311-macosx_arm64
2022-12-27T01:51:35.3079530Z     skip_config: 
2022-12-27T01:51:35.3079820Z     requires_python: None
2022-12-27T01:51:35.3080260Z     prerelease_pythons: False[0m
2022-12-27T01:51:35.3080780Z   [38;5;244mcontainer_engine: docker[0m
2022-12-27T01:51:35.3081190Z   output_dir: /Users/runner/actions-runner/_work/python.build/python.build/build_grpcio090a0311/wheelsout[0m
2022-12-27T01:51:35.3081680Z   package_dir: /Users/runner/actions-runner/_work/python.build/python.build/build_grpcio090a0311/grpcio-0.9.0a0[0m
2022-12-27T01:51:35.3081970Z   test_selector: 
2022-12-27T01:51:35.3082200Z     skip_config: *_arm64[0m
2022-12-27T01:51:35.3082450Z   [38;5;244mbefore_all: [0m
2022-12-27T01:51:35.3082870Z   before_build: pip install Cython; if [[ -f requirements.txt ]]; then pip install -r requirements.txt; fi[0m
2022-12-27T01:51:35.3083210Z   [38;5;244mbefore_test: [0m
2022-12-27T01:51:35.3083450Z   [38;5;244mbuild_frontend: pip[0m
2022-12-27T01:51:35.3083800Z   build_verbosity: 3[0m
2022-12-27T01:51:35.3084070Z   [38;5;244mconfig_settings: [0m
2022-12-27T01:51:35.3084400Z   [38;5;244mdependency_constraints: pinned[0m
2022-12-27T01:51:35.3084750Z   environment: 
2022-12-27T01:51:35.3085160Z     GRPC_PYTHON_BUILD_WITH_CYTHON=1
2022-12-27T01:51:35.3085700Z     GRPC_BUILD_WITH_BORING_SSL_ASM=''
2022-12-27T01:51:35.3086120Z     GRPC_PYTHON_BUILD_SYSTEM_OPENSSL=TRUE
2022-12-27T01:51:35.3086580Z     CFLAGS="-I/usr/local/opt/openssl@3/include"
2022-12-27T01:51:35.3087030Z     LDFLAGS="-L/usr/local/opt/openssl@3/lib"
2022-12-27T01:51:35.3087360Z     CPPFLAGS="-I/usr/local/opt/openssl@3/include"
2022-12-27T01:51:35.3087790Z     MAKEFLAGS="-j$(sysctl -n hw.logicalcpu)"
2022-12-27T01:51:35.3088410Z     PATH=/usr/local/opt/ccache/libexec:$PATH[0m
2022-12-27T01:51:35.3088700Z   [38;5;244mmanylinux_images: None[0m
2022-12-27T01:51:35.3088980Z   [38;5;244mmusllinux_images: None[0m
2022-12-27T01:51:35.3089460Z   [38;5;244mrepair_command: delocate-wheel --require-archs {delocate_archs} -w {dest_dir} -v {wheel}[0m
2022-12-27T01:51:35.3089700Z   [38;5;244mtest_command: [0m
2022-12-27T01:51:35.3089910Z   [38;5;244mtest_extras: [0m
2022-12-27T01:51:35.3090200Z   [38;5;244mtest_requires: [0m
2022-12-27T01:51:35.3090310Z 
2022-12-27T01:51:35.3090500Z Cache folder: /Users/runner/Library/Caches/cibuildwheel
2022-12-27T01:51:35.3095910Z 
2022-12-27T01:51:35.3096070Z Here we go!
2022-12-27T01:51:35.3096200Z 
2022-12-27T01:51:35.3211860Z 
2022-12-27T01:51:35.3213110Z [1m[34mBuilding cp311-macosx_arm64 wheel[0m
2022-12-27T01:51:35.3213880Z CPython 3.11 macOS arm64 - Apple Silicon
2022-12-27T01:51:35.3214170Z 
2022-12-27T01:51:35.3214980Z ##[group]Installing Python cp311...
2022-12-27T01:51:35.3215260Z 
2022-12-27T01:51:35.3215690Z + pkgutil --pkgs
2022-12-27T01:51:35.3314490Z ##[endgroup]
2022-12-27T01:51:35.3315490Z                                                               [32m✓ [0m0.01s
2022-12-27T01:51:35.3316010Z ##[group]Setting up build environment...
2022-12-27T01:51:35.3316190Z 
2022-12-27T01:51:35.3334340Z + /Library/Frameworks/Python.framework/Versions/3.11/bin/python -sS /Users/runner/Library/Caches/cibuildwheel/virtualenv-20.17.0.pyz --activators= --no-periodic-update --pip=22.3.1 --setuptools=65.6.3 --wheel=0.38.4 --symlink-app-data --python /Library/Frameworks/Python.framework/Versions/3.11/bin/python3 /private/var/folders/51/hd414ycd67n82196sw51xqtc0000gn/T/cibw-run-lb46jedm/cp311-macosx_arm64/build/venv
2022-12-27T01:51:35.5137900Z created virtual environment CPython3.11.1.final.0-64 in 46ms
2022-12-27T01:51:35.5138570Z   creator CPython3Posix(dest=/private/var/folders/51/hd414ycd67n82196sw51xqtc0000gn/T/cibw-run-lb46jedm/cp311-macosx_arm64/build/venv, clear=False, no_vcs_ignore=False, global=False)
2022-12-27T01:51:35.5139430Z   seeder FromAppData(download=False, pip=22.3.1, setuptools=65.6.3, wheel=0.38.4, via=symlink, app_data_dir=/Users/runner/Library/Application Support/virtualenv)
2022-12-27T01:51:35.5139800Z     added seed packages: pip==22.3.1, setuptools==65.6.3, wheel==0.38.4
2022-12-27T01:51:35.5269230Z + python -m pip install --upgrade pip -c /Library/Frameworks/Python.framework/Versions/3.11/lib/python3.11/site-packages/cibuildwheel/resources/constraints-python311.txt
2022-12-27T01:51:35.7942380Z Requirement already satisfied: pip in ./lib/python3.11/site-packages (22.3.1)
2022-12-27T01:51:35.9202560Z + which pip
2022-12-27T01:51:35.9222190Z /private/var/folders/51/hd414ycd67n82196sw51xqtc0000gn/T/cibw-run-lb46jedm/cp311-macosx_arm64/build/venv/bin/pip
2022-12-27T01:51:35.9224090Z + pip --version
2022-12-27T01:51:36.1116350Z pip 22.3.1 from /private/var/folders/51/hd414ycd67n82196sw51xqtc0000gn/T/cibw-run-lb46jedm/cp311-macosx_arm64/build/venv/lib/python3.11/site-packages/pip (python 3.11)
2022-12-27T01:51:36.1364810Z + which pip
2022-12-27T01:51:36.1390420Z + which python
2022-12-27T01:51:36.1407800Z /private/var/folders/51/hd414ycd67n82196sw51xqtc0000gn/T/cibw-run-lb46jedm/cp311-macosx_arm64/build/venv/bin/python
2022-12-27T01:51:36.1409640Z + python --version
2022-12-27T01:51:36.1467670Z Python 3.11.1
2022-12-27T01:51:36.1470920Z + which python
2022-12-27T01:51:36.1523540Z ##[endgroup]
2022-12-27T01:51:36.1524040Z                                                               [32m✓ [0m0.82s
2022-12-27T01:51:36.1524620Z ##[group]Installing build tools...
2022-12-27T01:51:36.1524800Z 
2022-12-27T01:51:36.1525330Z + pip install --upgrade setuptools wheel delocate -c /Library/Frameworks/Python.framework/Versions/3.11/lib/python3.11/site-packages/cibuildwheel/resources/constraints-python311.txt
2022-12-27T01:51:36.4146500Z Requirement already satisfied: setuptools in /private/var/folders/51/hd414ycd67n82196sw51xqtc0000gn/T/cibw-run-lb46jedm/cp311-macosx_arm64/build/venv/lib/python3.11/site-packages (65.6.3)
2022-12-27T01:51:36.5905100Z Requirement already satisfied: wheel in /private/var/folders/51/hd414ycd67n82196sw51xqtc0000gn/T/cibw-run-lb46jedm/cp311-macosx_arm64/build/venv/lib/python3.11/site-packages (0.38.4)
2022-12-27T01:51:37.0752110Z Collecting delocate
2022-12-27T01:51:37.0774350Z   Using cached delocate-0.10.3-py3-none-any.whl (142 kB)
2022-12-27T01:51:37.1069390Z Collecting packaging>=20.9
2022-12-27T01:51:37.1087850Z   Using cached packaging-21.3-py3-none-any.whl (40 kB)
2022-12-27T01:51:37.1504800Z Collecting typing-extensions
2022-12-27T01:51:37.1523450Z   Using cached typing_extensions-4.4.0-py3-none-any.whl (26 kB)
2022-12-27T01:51:37.1940390Z Collecting pyparsing!=3.0.5,>=2.0.2
2022-12-27T01:51:37.1956970Z   Using cached pyparsing-3.0.9-py3-none-any.whl (98 kB)
2022-12-27T01:51:37.2519650Z Installing collected packages: typing-extensions, pyparsing, packaging, delocate
2022-12-27T01:51:37.3795440Z Successfully installed delocate-0.10.3 packaging-21.3 pyparsing-3.0.9 typing-extensions-4.4.0
2022-12-27T01:51:37.4296500Z ##[endgroup]
2022-12-27T01:51:37.4297140Z                                                               [32m✓ [0m1.28s
2022-12-27T01:51:37.4297630Z ##[group]Running before_build...
2022-12-27T01:51:37.4297790Z 
2022-12-27T01:51:37.4301440Z + pip install Cython; if [[ -f requirements.txt ]]; then pip install -r requirements.txt; fi
2022-12-27T01:51:37.9921360Z Collecting Cython
2022-12-27T01:51:37.9965920Z   Using cached Cython-0.29.32-py2.py3-none-any.whl (986 kB)
2022-12-27T01:51:38.0433000Z Installing collected packages: Cython
2022-12-27T01:51:38.4348870Z Successfully installed Cython-0.29.32
2022-12-27T01:51:38.4803370Z ##[endgroup]
2022-12-27T01:51:38.4804120Z                                                               [32m✓ [0m1.05s
2022-12-27T01:51:38.4804640Z ##[group]Building wheel...
2022-12-27T01:51:38.4804760Z 
2022-12-27T01:51:38.4808950Z + python -m pip wheel /Users/runner/actions-runner/_work/python.build/python.build/build_grpcio090a0311/grpcio-0.9.0a0 --wheel-dir=/private/var/folders/51/hd414ycd67n82196sw51xqtc0000gn/T/cibw-run-lb46jedm/cp311-macosx_arm64/built_wheel --no-deps -vvv
2022-12-27T01:51:38.7235160Z Created temporary directory: /private/var/folders/51/hd414ycd67n82196sw51xqtc0000gn/T/pip-ephem-wheel-cache-thlff8lw
2022-12-27T01:51:38.7240010Z Created temporary directory: /private/var/folders/51/hd414ycd67n82196sw51xqtc0000gn/T/pip-build-tracker-o9akwcf9
2022-12-27T01:51:38.7241860Z Initialized build tracking at /private/var/folders/51/hd414ycd67n82196sw51xqtc0000gn/T/pip-build-tracker-o9akwcf9
2022-12-27T01:51:38.7242900Z Created build tracker: /private/var/folders/51/hd414ycd67n82196sw51xqtc0000gn/T/pip-build-tracker-o9akwcf9
2022-12-27T01:51:38.7244680Z Entered build tracker: /private/var/folders/51/hd414ycd67n82196sw51xqtc0000gn/T/pip-build-tracker-o9akwcf9
2022-12-27T01:51:38.7247790Z Created temporary directory: /private/var/folders/51/hd414ycd67n82196sw51xqtc0000gn/T/pip-wheel-5ou3kzvu
2022-12-27T01:51:38.7253210Z Created temporary directory: /private/var/folders/51/hd414ycd67n82196sw51xqtc0000gn/T/pip-ephem-wheel-cache-3g8vklij
2022-12-27T01:51:38.7325970Z Processing /Users/runner/actions-runner/_work/python.build/python.build/build_grpcio090a0311/grpcio-0.9.0a0
2022-12-27T01:51:38.7331010Z   Added file:///Users/runner/actions-runner/_work/python.build/python.build/build_grpcio090a0311/grpcio-0.9.0a0 to build tracker '/private/var/folders/51/hd414ycd67n82196sw51xqtc0000gn/T/pip-build-tracker-o9akwcf9'
2022-12-27T01:51:38.7334220Z   Running setup.py (path:/Users/runner/actions-runner/_work/python.build/python.build/build_grpcio090a0311/grpcio-0.9.0a0/setup.py) egg_info for package from file:///Users/runner/actions-runner/_work/python.build/python.build/build_grpcio090a0311/grpcio-0.9.0a0
2022-12-27T01:51:38.7336540Z   Created temporary directory: /private/var/folders/51/hd414ycd67n82196sw51xqtc0000gn/T/pip-pip-egg-info-7r8eyyzd
2022-12-27T01:51:38.7337870Z   Preparing metadata (setup.py): started
2022-12-27T01:51:38.7339220Z   Running command python setup.py egg_info
2022-12-27T01:51:38.8831290Z   running egg_info
2022-12-27T01:51:38.8833060Z   creating /private/var/folders/51/hd414ycd67n82196sw51xqtc0000gn/T/pip-pip-egg-info-7r8eyyzd/grpcio.egg-info
2022-12-27T01:51:38.8837180Z   writing /private/var/folders/51/hd414ycd67n82196sw51xqtc0000gn/T/pip-pip-egg-info-7r8eyyzd/grpcio.egg-info/PKG-INFO
2022-12-27T01:51:38.8840290Z   writing dependency_links to /private/var/folders/51/hd414ycd67n82196sw51xqtc0000gn/T/pip-pip-egg-info-7r8eyyzd/grpcio.egg-info/dependency_links.txt
2022-12-27T01:51:38.8843030Z   writing requirements to /private/var/folders/51/hd414ycd67n82196sw51xqtc0000gn/T/pip-pip-egg-info-7r8eyyzd/grpcio.egg-info/requires.txt
2022-12-27T01:51:38.8845290Z   writing top-level names to /private/var/folders/51/hd414ycd67n82196sw51xqtc0000gn/T/pip-pip-egg-info-7r8eyyzd/grpcio.egg-info/top_level.txt
2022-12-27T01:51:38.8846700Z   writing manifest file '/private/var/folders/51/hd414ycd67n82196sw51xqtc0000gn/T/pip-pip-egg-info-7r8eyyzd/grpcio.egg-info/SOURCES.txt'
2022-12-27T01:51:38.9613770Z   reading manifest file '/private/var/folders/51/hd414ycd67n82196sw51xqtc0000gn/T/pip-pip-egg-info-7r8eyyzd/grpcio.egg-info/SOURCES.txt'
2022-12-27T01:51:38.9615890Z   reading manifest template 'MANIFEST.in'
2022-12-27T01:51:38.9644060Z   writing manifest file '/private/var/folders/51/hd414ycd67n82196sw51xqtc0000gn/T/pip-pip-egg-info-7r8eyyzd/grpcio.egg-info/SOURCES.txt'
2022-12-27T01:51:38.9889430Z   Preparing metadata (setup.py): finished with status 'done'
2022-12-27T01:51:38.9910460Z   Source in /Users/runner/actions-runner/_work/python.build/python.build/build_grpcio090a0311/grpcio-0.9.0a0 has version 0.9.0a0, which satisfies requirement grpcio==0.9.0a0 from file:///Users/runner/actions-runner/_work/python.build/python.build/build_grpcio090a0311/grpcio-0.9.0a0
2022-12-27T01:51:38.9913390Z   Removed grpcio==0.9.0a0 from file:///Users/runner/actions-runner/_work/python.build/python.build/build_grpcio090a0311/grpcio-0.9.0a0 from build tracker '/private/var/folders/51/hd414ycd67n82196sw51xqtc0000gn/T/pip-build-tracker-o9akwcf9'
2022-12-27T01:51:38.9928230Z Created temporary directory: /private/var/folders/51/hd414ycd67n82196sw51xqtc0000gn/T/pip-unpack-pnmk7gq1
2022-12-27T01:51:38.9929760Z Building wheels for collected packages: grpcio
2022-12-27T01:51:38.9934940Z   Created temporary directory: /private/var/folders/51/hd414ycd67n82196sw51xqtc0000gn/T/pip-wheel-1x2dafhu
2022-12-27T01:51:38.9935990Z   Building wheel for grpcio (setup.py): started
2022-12-27T01:51:38.9937590Z   Destination directory: /private/var/folders/51/hd414ycd67n82196sw51xqtc0000gn/T/pip-wheel-1x2dafhu
2022-12-27T01:51:38.9938510Z   Running command python setup.py bdist_wheel
2022-12-27T01:51:39.1474460Z   running bdist_wheel
2022-12-27T01:51:39.2179580Z   running build
2022-12-27T01:51:39.2180720Z   running build_py
2022-12-27T01:51:39.2196850Z   creating build
2022-12-27T01:51:39.2198270Z   creating build/lib.macosx-11.0-arm64-cpython-311
2022-12-27T01:51:39.2199370Z   creating build/lib.macosx-11.0-arm64-cpython-311/grpc
2022-12-27T01:51:39.2200430Z   copying grpc/__init__.py -> build/lib.macosx-11.0-arm64-cpython-311/grpc
2022-12-27T01:51:39.2208450Z   creating build/lib.macosx-11.0-arm64-cpython-311/grpc/_adapter
2022-12-27T01:51:39.2209540Z   copying grpc/_adapter/fore.py -> build/lib.macosx-11.0-arm64-cpython-311/grpc/_adapter
2022-12-27T01:51:39.2212540Z   copying grpc/_adapter/_event_invocation_synchronous_event_service_test.py -> build/lib.macosx-11.0-arm64-cpython-311/grpc/_adapter
2022-12-27T01:51:39.2215020Z   copying grpc/_adapter/_lonely_rear_link_test.py -> build/lib.macosx-11.0-arm64-cpython-311/grpc/_adapter
2022-12-27T01:51:39.2216920Z   copying grpc/_adapter/_face_test_case.py -> build/lib.macosx-11.0-arm64-cpython-311/grpc/_adapter
2022-12-27T01:51:39.2220520Z   copying grpc/_adapter/_future_invocation_asynchronous_event_service_test.py -> build/lib.macosx-11.0-arm64-cpython-311/grpc/_adapter
2022-12-27T01:51:39.2223380Z   copying grpc/_adapter/_common.py -> build/lib.macosx-11.0-arm64-cpython-311/grpc/_adapter
2022-12-27T01:51:39.2225990Z   copying grpc/_adapter/__init__.py -> build/lib.macosx-11.0-arm64-cpython-311/grpc/_adapter
2022-12-27T01:51:39.2229030Z   copying grpc/_adapter/_low.py -> build/lib.macosx-11.0-arm64-cpython-311/grpc/_adapter
2022-12-27T01:51:39.2230440Z   copying grpc/_adapter/_blocking_invocation_inline_service_test.py -> build/lib.macosx-11.0-arm64-cpython-311/grpc/_adapter
2022-12-27T01:51:39.2233880Z   copying grpc/_adapter/_test_links.py -> build/lib.macosx-11.0-arm64-cpython-311/grpc/_adapter
2022-12-27T01:51:39.2235250Z   copying grpc/_adapter/rear.py -> build/lib.macosx-11.0-arm64-cpython-311/grpc/_adapter
2022-12-27T01:51:39.2237780Z   copying grpc/_adapter/_proto_scenarios.py -> build/lib.macosx-11.0-arm64-cpython-311/grpc/_adapter
2022-12-27T01:51:39.2240140Z   copying grpc/_adapter/_low_test.py -> build/lib.macosx-11.0-arm64-cpython-311/grpc/_adapter
2022-12-27T01:51:39.2242480Z   copying grpc/_adapter/_datatypes.py -> build/lib.macosx-11.0-arm64-cpython-311/grpc/_adapter
2022-12-27T01:51:39.2244890Z   copying grpc/_adapter/_links_test.py -> build/lib.macosx-11.0-arm64-cpython-311/grpc/_adapter
2022-12-27T01:51:39.2247160Z   copying grpc/_adapter/_c_test.py -> build/lib.macosx-11.0-arm64-cpython-311/grpc/_adapter
2022-12-27T01:51:39.2251220Z   creating build/lib.macosx-11.0-arm64-cpython-311/grpc/_junkdrawer
2022-12-27T01:51:39.2252410Z   copying grpc/_junkdrawer/stock_pb2.py -> build/lib.macosx-11.0-arm64-cpython-311/grpc/_junkdrawer
2022-12-27T01:51:39.2254710Z   copying grpc/_junkdrawer/__init__.py -> build/lib.macosx-11.0-arm64-cpython-311/grpc/_junkdrawer
2022-12-27T01:51:39.2256990Z   copying grpc/_junkdrawer/math_pb2.py -> build/lib.macosx-11.0-arm64-cpython-311/grpc/_junkdrawer
2022-12-27T01:51:39.2261000Z   creating build/lib.macosx-11.0-arm64-cpython-311/grpc/early_adopter
2022-12-27T01:51:39.2262470Z   copying grpc/early_adopter/__init__.py -> build/lib.macosx-11.0-arm64-cpython-311/grpc/early_adopter
2022-12-27T01:51:39.2264670Z   copying grpc/early_adopter/implementations_test.py -> build/lib.macosx-11.0-arm64-cpython-311/grpc/early_adopter
2022-12-27T01:51:39.2267540Z   copying grpc/early_adopter/implementations.py -> build/lib.macosx-11.0-arm64-cpython-311/grpc/early_adopter
2022-12-27T01:51:39.2270700Z   creating build/lib.macosx-11.0-arm64-cpython-311/grpc/framework
2022-12-27T01:51:39.2271900Z   copying grpc/framework/__init__.py -> build/lib.macosx-11.0-arm64-cpython-311/grpc/framework
2022-12-27T01:51:39.2276030Z   creating build/lib.macosx-11.0-arm64-cpython-311/grpc/framework/alpha
2022-12-27T01:51:39.2277240Z   copying grpc/framework/alpha/interfaces.py -> build/lib.macosx-11.0-arm64-cpython-311/grpc/framework/alpha
2022-12-27T01:51:39.2279350Z   copying grpc/framework/alpha/_face_utilities.py -> build/lib.macosx-11.0-arm64-cpython-311/grpc/framework/alpha
2022-12-27T01:51:39.2281810Z   copying grpc/framework/alpha/__init__.py -> build/lib.macosx-11.0-arm64-cpython-311/grpc/framework/alpha
2022-12-27T01:51:39.2284280Z   copying grpc/framework/alpha/exceptions.py -> build/lib.macosx-11.0-arm64-cpython-311/grpc/framework/alpha
2022-12-27T01:51:39.2286170Z   copying grpc/framework/alpha/_reexport.py -> build/lib.macosx-11.0-arm64-cpython-311/grpc/framework/alpha
2022-12-27T01:51:39.2288820Z   copying grpc/framework/alpha/utilities.py -> build/lib.macosx-11.0-arm64-cpython-311/grpc/framework/alpha
2022-12-27T01:51:39.2297250Z   creating build/lib.macosx-11.0-arm64-cpython-311/grpc/framework/base
2022-12-27T01:51:39.2298270Z   copying grpc/framework/base/interfaces.py -> build/lib.macosx-11.0-arm64-cpython-311/grpc/framework/base
2022-12-27T01:51:39.2300380Z   copying grpc/framework/base/_constants.py -> build/lib.macosx-11.0-arm64-cpython-311/grpc/framework/base
2022-12-27T01:51:39.2302640Z   copying grpc/framework/base/_expiration.py -> build/lib.macosx-11.0-arm64-cpython-311/grpc/framework/base
2022-12-27T01:51:39.2305090Z   copying grpc/framework/base/_transmission.py -> build/lib.macosx-11.0-arm64-cpython-311/grpc/framework/base
2022-12-27T01:51:39.2307310Z   copying grpc/framework/base/_reception.py -> build/lib.macosx-11.0-arm64-cpython-311/grpc/framework/base
2022-12-27T01:51:39.2309740Z   copying grpc/framework/base/_ingestion.py -> build/lib.macosx-11.0-arm64-cpython-311/grpc/framework/base
2022-12-27T01:51:39.2312230Z   copying grpc/framework/base/util.py -> build/lib.macosx-11.0-arm64-cpython-311/grpc/framework/base
2022-12-27T01:51:39.2314680Z   copying grpc/framework/base/_termination.py -> build/lib.macosx-11.0-arm64-cpython-311/grpc/framework/base
2022-12-27T01:51:39.2316620Z   copying grpc/framework/base/null.py -> build/lib.macosx-11.0-arm64-cpython-311/grpc/framework/base
2022-12-27T01:51:39.2319220Z   copying grpc/framework/base/__init__.py -> build/lib.macosx-11.0-arm64-cpython-311/grpc/framework/base
2022-12-27T01:51:39.2321550Z   copying grpc/framework/base/_interfaces.py -> build/lib.macosx-11.0-arm64-cpython-311/grpc/framework/base
2022-12-27T01:51:39.2323680Z   copying grpc/framework/base/_context.py -> build/lib.macosx-11.0-arm64-cpython-311/grpc/framework/base
2022-12-27T01:51:39.2325890Z   copying grpc/framework/base/implementations_test.py -> build/lib.macosx-11.0-arm64-cpython-311/grpc/framework/base
2022-12-27T01:51:39.2328470Z   copying grpc/framework/base/interfaces_test_case.py -> build/lib.macosx-11.0-arm64-cpython-311/grpc/framework/base
2022-12-27T01:51:39.2330830Z   copying grpc/framework/base/exceptions.py -> build/lib.macosx-11.0-arm64-cpython-311/grpc/framework/base
2022-12-27T01:51:39.2333180Z   copying grpc/framework/base/_ends.py -> build/lib.macosx-11.0-arm64-cpython-311/grpc/framework/base
2022-12-27T01:51:39.2335800Z   copying grpc/framework/base/_emission.py -> build/lib.macosx-11.0-arm64-cpython-311/grpc/framework/base
2022-12-27T01:51:39.2337960Z   copying grpc/framework/base/implementations.py -> build/lib.macosx-11.0-arm64-cpython-311/grpc/framework/base
2022-12-27T01:51:39.2340440Z   copying grpc/framework/base/in_memory.py -> build/lib.macosx-11.0-arm64-cpython-311/grpc/framework/base
2022-12-27T01:51:39.2342580Z   copying grpc/framework/base/_cancellation.py -> build/lib.macosx-11.0-arm64-cpython-311/grpc/framework/base
2022-12-27T01:51:39.2347090Z   creating build/lib.macosx-11.0-arm64-cpython-311/grpc/framework/common
2022-12-27T01:51:39.2348490Z   copying grpc/framework/common/style.py -> build/lib.macosx-11.0-arm64-cpython-311/grpc/framework/common
2022-12-27T01:51:39.2350660Z   copying grpc/framework/common/cardinality.py -> build/lib.macosx-11.0-arm64-cpython-311/grpc/framework/common
2022-12-27T01:51:39.2352790Z   copying grpc/framework/common/__init__.py -> build/lib.macosx-11.0-arm64-cpython-311/grpc/framework/common
2022-12-27T01:51:39.2358970Z   creating build/lib.macosx-11.0-arm64-cpython-311/grpc/framework/face
2022-12-27T01:51:39.2360110Z   copying grpc/framework/face/_service.py -> build/lib.macosx-11.0-arm64-cpython-311/grpc/framework/face
2022-12-27T01:51:39.2362490Z   copying grpc/framework/face/interfaces.py -> build/lib.macosx-11.0-arm64-cpython-311/grpc/framework/face
2022-12-27T01:51:39.2365230Z   copying grpc/framework/face/_control.py -> build/lib.macosx-11.0-arm64-cpython-311/grpc/framework/face
2022-12-27T01:51:39.2367730Z   copying grpc/framework/face/blocking_invocation_inline_service_test.py -> build/lib.macosx-11.0-arm64-cpython-311/grpc/framework/face
2022-12-27T01:51:39.2369950Z   copying grpc/framework/face/__init__.py -> build/lib.macosx-11.0-arm64-cpython-311/grpc/framework/face
2022-12-27T01:51:39.2372610Z   copying grpc/framework/face/demonstration.py -> build/lib.macosx-11.0-arm64-cpython-311/grpc/framework/face
2022-12-27T01:51:39.2374760Z   copying grpc/framework/face/_calls.py -> build/lib.macosx-11.0-arm64-cpython-311/grpc/framework/face
2022-12-27T01:51:39.2376700Z   copying grpc/framework/face/exceptions.py -> build/lib.macosx-11.0-arm64-cpython-311/grpc/framework/face
2022-12-27T01:51:39.2379200Z   copying grpc/framework/face/utilities.py -> build/lib.macosx-11.0-arm64-cpython-311/grpc/framework/face
2022-12-27T01:51:39.2381390Z   copying grpc/framework/face/event_invocation_synchronous_event_service_test.py -> build/lib.macosx-11.0-arm64-cpython-311/grpc/framework/face
2022-12-27T01:51:39.2383670Z   copying grpc/framework/face/_test_case.py -> build/lib.macosx-11.0-arm64-cpython-311/grpc/framework/face
2022-12-27T01:51:39.2386360Z   copying grpc/framework/face/implementations.py -> build/lib.macosx-11.0-arm64-cpython-311/grpc/framework/face
2022-12-27T01:51:39.2388250Z   copying grpc/framework/face/future_invocation_asynchronous_event_service_test.py -> build/lib.macosx-11.0-arm64-cpython-311/grpc/framework/face
2022-12-27T01:51:39.2394520Z   creating build/lib.macosx-11.0-arm64-cpython-311/grpc/framework/face/testing
2022-12-27T01:51:39.2395820Z   copying grpc/framework/face/testing/callback.py -> build/lib.macosx-11.0-arm64-cpython-311/grpc/framework/face/testing
2022-12-27T01:51:39.2397920Z   copying grpc/framework/face/testing/digest.py -> build/lib.macosx-11.0-arm64-cpython-311/grpc/framework/face/testing
2022-12-27T01:51:39.2400330Z   copying grpc/framework/face/testing/interfaces.py -> build/lib.macosx-11.0-arm64-cpython-311/grpc/framework/face/testing
2022-12-27T01:51:39.2402410Z   copying grpc/framework/face/testing/stock_service.py -> build/lib.macosx-11.0-arm64-cpython-311/grpc/framework/face/testing
2022-12-27T01:51:39.2404870Z   copying grpc/framework/face/testing/service.py -> build/lib.macosx-11.0-arm64-cpython-311/grpc/framework/face/testing
2022-12-27T01:51:39.2407570Z   copying grpc/framework/face/testing/blocking_invocation_inline_service_test_case.py -> build/lib.macosx-11.0-arm64-cpython-311/grpc/framework/face/testing
2022-12-27T01:51:39.2409250Z   copying grpc/framework/face/testing/base_util.py -> build/lib.macosx-11.0-arm64-cpython-311/grpc/framework/face/testing
2022-12-27T01:51:39.2411870Z   copying grpc/framework/face/testing/control.py -> build/lib.macosx-11.0-arm64-cpython-311/grpc/framework/face/testing
2022-12-27T01:51:39.2413990Z   copying grpc/framework/face/testing/__init__.py -> build/lib.macosx-11.0-arm64-cpython-311/grpc/framework/face/testing
2022-12-27T01:51:39.2416430Z   copying grpc/framework/face/testing/coverage.py -> build/lib.macosx-11.0-arm64-cpython-311/grpc/framework/face/testing
2022-12-27T01:51:39.2419310Z   copying grpc/framework/face/testing/event_invocation_synchronous_event_service_test_case.py -> build/lib.macosx-11.0-arm64-cpython-311/grpc/framework/face/testing
2022-12-27T01:51:39.2422070Z   copying grpc/framework/face/testing/test_case.py -> build/lib.macosx-11.0-arm64-cpython-311/grpc/framework/face/testing
2022-12-27T01:51:39.2424650Z   copying grpc/framework/face/testing/serial.py -> build/lib.macosx-11.0-arm64-cpython-311/grpc/framework/face/testing
2022-12-27T01:51:39.2426750Z   copying grpc/framework/face/testing/future_invocation_asynchronous_event_service_test_case.py -> build/lib.macosx-11.0-arm64-cpython-311/grpc/framework/face/testing
2022-12-27T01:51:39.2433670Z   creating build/lib.macosx-11.0-arm64-cpython-311/grpc/framework/foundation
2022-12-27T01:51:39.2435160Z   copying grpc/framework/foundation/callable_util.py -> build/lib.macosx-11.0-arm64-cpython-311/grpc/framework/foundation
2022-12-27T01:51:39.2437200Z   copying grpc/framework/foundation/abandonment.py -> build/lib.macosx-11.0-arm64-cpython-311/grpc/framework/foundation
2022-12-27T01:51:39.2439370Z   copying grpc/framework/foundation/stream_testing.py -> build/lib.macosx-11.0-arm64-cpython-311/grpc/framework/foundation
2022-12-27T01:51:39.2442120Z   copying grpc/framework/foundation/__init__.py -> build/lib.macosx-11.0-arm64-cpython-311/grpc/framework/foundation
2022-12-27T01:51:39.2444060Z   copying grpc/framework/foundation/stream.py -> build/lib.macosx-11.0-arm64-cpython-311/grpc/framework/foundation
2022-12-27T01:51:39.2446140Z   copying grpc/framework/foundation/activated.py -> build/lib.macosx-11.0-arm64-cpython-311/grpc/framework/foundation
2022-12-27T01:51:39.2448410Z   copying grpc/framework/foundation/later.py -> build/lib.macosx-11.0-arm64-cpython-311/grpc/framework/foundation
2022-12-27T01:51:39.2450550Z   copying grpc/framework/foundation/_later_test.py -> build/lib.macosx-11.0-arm64-cpython-311/grpc/framework/foundation
2022-12-27T01:51:39.2452940Z   copying grpc/framework/foundation/_logging_pool_test.py -> build/lib.macosx-11.0-arm64-cpython-311/grpc/framework/foundation
2022-12-27T01:51:39.2455260Z   copying grpc/framework/foundation/stream_util.py -> build/lib.macosx-11.0-arm64-cpython-311/grpc/framework/foundation
2022-12-27T01:51:39.2457300Z   copying grpc/framework/foundation/future.py -> build/lib.macosx-11.0-arm64-cpython-311/grpc/framework/foundation
2022-12-27T01:51:39.2459820Z   copying grpc/framework/foundation/_timer_future.py -> build/lib.macosx-11.0-arm64-cpython-311/grpc/framework/foundation
2022-12-27T01:51:39.2526970Z   copying grpc/framework/foundation/logging_pool.py -> build/lib.macosx-11.0-arm64-cpython-311/grpc/framework/foundation
2022-12-27T01:51:39.2527400Z   running build_ext
2022-12-27T01:51:39.2527790Z   building 'grpc._adapter._c' extension
2022-12-27T01:51:39.2528130Z   creating build/temp.macosx-11.0-arm64-cpython-311
2022-12-27T01:51:39.2528440Z   creating build/temp.macosx-11.0-arm64-cpython-311/grpc
2022-12-27T01:51:39.2528710Z   creating build/temp.macosx-11.0-arm64-cpython-311/grpc/_adapter
2022-12-27T01:51:39.2529510Z   clang -Wsign-compare -Wunreachable-code -fno-common -dynamic -DNDEBUG -g -fwrapv -O3 -Wall -g -I/usr/local/opt/openssl@3/include -I/usr/local/opt/openssl@3/include -arch arm64 -I. -I/private/var/folders/51/hd414ycd67n82196sw51xqtc0000gn/T/cibw-run-lb46jedm/cp311-macosx_arm64/build/venv/include -I/Library/Frameworks/Python.framework/Versions/3.11/include/python3.11 -c grpc/_adapter/_c.c -o build/temp.macosx-11.0-arm64-cpython-311/grpc/_adapter/_c.o
2022-12-27T01:51:39.3158170Z   grpc/_adapter/_c.c:35:10: fatal error: 'grpc/grpc.h' file not found
2022-12-27T01:51:39.3159070Z   #include <grpc/grpc.h>
2022-12-27T01:51:39.3160200Z            ^~~~~~~~~~~~~
2022-12-27T01:51:39.3163850Z   1 error generated.
2022-12-27T01:51:39.3183130Z   error: command '/usr/bin/clang' failed with exit code 1
2022-12-27T01:51:39.3663740Z   error: subprocess-exited-with-error
2022-12-27T01:51:39.3664190Z   
2022-12-27T01:51:39.3665230Z   × python setup.py bdist_wheel did not run successfully.
2022-12-27T01:51:39.3665730Z   │ exit code: 1
2022-12-27T01:51:39.3666070Z   ╰─> See above for output.
2022-12-27T01:51:39.3666260Z   
2022-12-27T01:51:39.3666560Z   note: This error originates from a subprocess, and is likely not a problem with pip.
2022-12-27T01:51:39.3670050Z   full command: /private/var/folders/51/hd414ycd67n82196sw51xqtc0000gn/T/cibw-run-lb46jedm/cp311-macosx_arm64/build/venv/bin/python -u -c '
2022-12-27T01:51:39.3671220Z   exec(compile('"'"''"'"''"'"'
2022-12-27T01:51:39.3671900Z   # This is <pip-setuptools-caller> -- a caller that pip uses to run setup.py
2022-12-27T01:51:39.3672220Z   #
2022-12-27T01:51:39.3672610Z   # - It imports setuptools before invoking setup.py, to enable projects that directly
2022-12-27T01:51:39.3673200Z   #   import from `distutils.core` to work with newer packaging standards.
2022-12-27T01:51:39.3674420Z   # - It provides a clear error message when setuptools is not installed.
2022-12-27T01:51:39.3675040Z   # - It sets `sys.argv[0]` to the underlying `setup.py`, when invoking `setup.py` so
2022-12-27T01:51:39.3675630Z   #   setuptools doesn'"'"'t think the script is `-c`. This avoids the following warning:
2022-12-27T01:51:39.3676080Z   #     manifest_maker: standard file '"'"'-c'"'"' not found".
2022-12-27T01:51:39.3676610Z   # - It generates a shim setup.py, for handling setup.cfg-only projects.
2022-12-27T01:51:39.3677000Z   import os, sys, tokenize
2022-12-27T01:51:39.3677240Z   
2022-12-27T01:51:39.3677490Z   try:
2022-12-27T01:51:39.3677720Z       import setuptools
2022-12-27T01:51:39.3678040Z   except ImportError as error:
2022-12-27T01:51:39.3678290Z       print(
2022-12-27T01:51:39.3678640Z           "ERROR: Can not execute `setup.py` since setuptools is not available in "
2022-12-27T01:51:39.3678990Z           "the build environment.",
2022-12-27T01:51:39.3679690Z           file=sys.stderr,
2022-12-27T01:51:39.3679970Z       )
2022-12-27T01:51:39.3680220Z       sys.exit(1)
2022-12-27T01:51:39.3680440Z   
2022-12-27T01:51:39.3680690Z   __file__ = %r
2022-12-27T01:51:39.3680930Z   sys.argv[0] = __file__
2022-12-27T01:51:39.3681140Z   
2022-12-27T01:51:39.3681400Z   if os.path.exists(__file__):
2022-12-27T01:51:39.3681600Z       filename = __file__
2022-12-27T01:51:39.3681820Z       with tokenize.open(__file__) as f:
2022-12-27T01:51:39.3682040Z           setup_py_code = f.read()
2022-12-27T01:51:39.3682280Z   else:
2022-12-27T01:51:39.3682590Z       filename = "<auto-generated setuptools caller>"
2022-12-27T01:51:39.3682920Z       setup_py_code = "from setuptools import setup; setup()"
2022-12-27T01:51:39.3683190Z   
2022-12-27T01:51:39.3683400Z   exec(compile(setup_py_code, filename, "exec"))
2022-12-27T01:51:39.3684170Z   '"'"''"'"''"'"' % ('"'"'/Users/runner/actions-runner/_work/python.build/python.build/build_grpcio090a0311/grpcio-0.9.0a0/setup.py'"'"',), "<pip-setuptools-caller>", "exec"))' bdist_wheel -d /private/var/folders/51/hd414ycd67n82196sw51xqtc0000gn/T/pip-wheel-1x2dafhu
2022-12-27T01:51:39.3685050Z   cwd: /Users/runner/actions-runner/_work/python.build/python.build/build_grpcio090a0311/grpcio-0.9.0a0/
2022-12-27T01:51:39.3685420Z   ERROR: Failed building wheel for grpcio
2022-12-27T01:51:39.3685690Z   Running command python setup.py clean
2022-12-27T01:51:39.3685980Z   Building wheel for grpcio (setup.py): finished with status 'error'
2022-12-27T01:51:39.3686220Z   Running setup.py clean for grpcio
2022-12-27T01:51:39.5142850Z   running clean
2022-12-27T01:51:39.5158120Z   removing 'build/temp.macosx-11.0-arm64-cpython-311' (and everything under it)
2022-12-27T01:51:39.5161030Z   removing 'build/lib.macosx-11.0-arm64-cpython-311' (and everything under it)
2022-12-27T01:51:39.5235110Z   'build/bdist.macosx-11.0-arm64' does not exist -- can't clean it
2022-12-27T01:51:39.5236240Z   'build/scripts-3.11' does not exist -- can't clean it
2022-12-27T01:51:39.5237480Z   removing 'build'
2022-12-27T01:51:39.5447850Z Failed to build grpcio
2022-12-27T01:51:39.5452260Z ERROR: Failed to build one or more wheels
2022-12-27T01:51:39.5464060Z Exception information:
2022-12-27T01:51:39.5464340Z Traceback (most recent call last):
2022-12-27T01:51:39.5470240Z   File "/private/var/folders/51/hd414ycd67n82196sw51xqtc0000gn/T/cibw-run-lb46jedm/cp311-macosx_arm64/build/venv/lib/python3.11/site-packages/pip/_internal/cli/base_command.py", line 160, in exc_logging_wrapper
2022-12-27T01:51:39.5470740Z     status = run_func(*args)
2022-12-27T01:51:39.5470960Z              ^^^^^^^^^^^^^^^
2022-12-27T01:51:39.5471530Z   File "/private/var/folders/51/hd414ycd67n82196sw51xqtc0000gn/T/cibw-run-lb46jedm/cp311-macosx_arm64/build/venv/lib/python3.11/site-packages/pip/_internal/cli/req_command.py", line 247, in wrapper
2022-12-27T01:51:39.5471880Z     return func(self, options, args)
2022-12-27T01:51:39.5472110Z            ^^^^^^^^^^^^^^^^^^^^^^^^^
2022-12-27T01:51:39.5472630Z   File "/private/var/folders/51/hd414ycd67n82196sw51xqtc0000gn/T/cibw-run-lb46jedm/cp311-macosx_arm64/build/venv/lib/python3.11/site-packages/pip/_internal/commands/wheel.py", line 201, in run
2022-12-27T01:51:39.5473010Z     raise CommandError("Failed to build one or more wheels")
2022-12-27T01:51:39.5473270Z pip._internal.exceptions.CommandError: Failed to build one or more wheels
2022-12-27T01:51:39.5473720Z Removed build tracker: '/private/var/folders/51/hd414ycd67n82196sw51xqtc0000gn/T/pip-build-tracker-o9akwcf9'
2022-12-27T01:51:39.5917840Z ##[error]Command ['python', '-m', 'pip', 'wheel', '/Users/runner/actions-runner/_work/python.build/python.build/build_grpcio090a0311/grpcio-0.9.0a0', '--wheel-dir=/private/var/folders/51/hd414ycd67n82196sw51xqtc0000gn/T/cibw-run-lb46jedm/cp311-macosx_arm64/built_wheel', '--no-deps', '-vvv'] failed with code 1. None
2022-12-27T01:51:39.5924060Z 
2022-12-27T01:51:39.5924410Z ##[endgroup]
2022-12-27T01:51:39.5924850Z                                                               [31m✕ [0m1.11s
2022-12-27T01:51:39.6384830Z ##[error]Process completed with exit code 1.
2022-12-27T01:51:39.6417970Z ##[group]Run rm -rf build_grpcio090a0311 wheelsout
2022-12-27T01:51:39.6418170Z [36;1mrm -rf build_grpcio090a0311 wheelsout[0m
2022-12-27T01:51:39.6434530Z shell: /bin/bash -e {0}
2022-12-27T01:51:39.6434640Z env:
2022-12-27T01:51:39.6434790Z   pythonLocation: /Users/runner/hostedtoolcache/Python/3.11.1/x64
2022-12-27T01:51:39.6434980Z   PKG_CONFIG_PATH: /Users/runner/hostedtoolcache/Python/3.11.1/x64/lib/pkgconfig
2022-12-27T01:51:39.6435170Z   Python_ROOT_DIR: /Users/runner/hostedtoolcache/Python/3.11.1/x64
2022-12-27T01:51:39.6435330Z   Python2_ROOT_DIR: /Users/runner/hostedtoolcache/Python/3.11.1/x64
2022-12-27T01:51:39.6435500Z   Python3_ROOT_DIR: /Users/runner/hostedtoolcache/Python/3.11.1/x64
2022-12-27T01:51:39.6435650Z ##[endgroup]
2022-12-27T01:51:39.6694230Z Cleaning up orphan processes
