2022-12-27T08:53:23.5438134Z Requested labels: self-hosted, macOS, X64
2022-12-27T08:53:23.5438206Z Job defined at: kilnbuild/python.build/.github/workflows/mac_arm_build.yml@refs/heads/main
2022-12-27T08:53:23.5438232Z Waiting for a runner to pick up this job...
2022-12-27T11:26:55.9422071Z Job is about to start running on the runner: k1 (organization)
2022-12-27T11:26:59.1776450Z Current runner version: '2.300.2'
2022-12-27T11:26:59.1781080Z Runner name: 'k1'
2022-12-27T11:26:59.1781310Z Runner group name: 'Default'
2022-12-27T11:26:59.1781720Z Machine name: 'k1'
2022-12-27T11:26:59.1783150Z ##[group]GITHUB_TOKEN Permissions
2022-12-27T11:26:59.1783560Z Actions: write
2022-12-27T11:26:59.1783680Z Checks: write
2022-12-27T11:26:59.1783810Z Contents: write
2022-12-27T11:26:59.1783940Z Deployments: write
2022-12-27T11:26:59.1784070Z Discussions: write
2022-12-27T11:26:59.1784210Z Issues: write
2022-12-27T11:26:59.1784330Z Metadata: read
2022-12-27T11:26:59.1784450Z Packages: write
2022-12-27T11:26:59.1784590Z Pages: write
2022-12-27T11:26:59.1784720Z PullRequests: write
2022-12-27T11:26:59.1784870Z RepositoryProjects: write
2022-12-27T11:26:59.1785020Z SecurityEvents: write
2022-12-27T11:26:59.1785150Z Statuses: write
2022-12-27T11:26:59.1785280Z ##[endgroup]
2022-12-27T11:26:59.1787620Z Secret source: Actions
2022-12-27T11:26:59.1787930Z Prepare workflow directory
2022-12-27T11:26:59.2427590Z Prepare all required actions
2022-12-27T11:26:59.2544140Z Getting action download info
2022-12-27T11:26:59.7707930Z Download action repository 'actions/setup-python@v4' (SHA:5ccb29d8773c3f3f653e1705f474dfaa8a06a912)
2022-12-27T11:27:01.5156490Z Download action repository 'actions/upload-artifact@v3' (SHA:83fd05a356d7e2593de66fc9913b3002723633cb)
2022-12-27T11:27:02.8452480Z ##[group]Run echo '{
2022-12-27T11:27:02.8452800Z [36;1mecho '{[0m
2022-12-27T11:27:02.8452930Z [36;1m  "package_name": "lxml",[0m
2022-12-27T11:27:02.8453190Z [36;1m  "package_url": "https://files.pythonhosted.org/packages/09/87/0ff7644775ecaa2e9e94e6bae12cbcc13b025a683a957c1c58d0037d503b/lxml-2.0.9.tar.gz",[0m
2022-12-27T11:27:02.8453400Z [36;1m  "package_version": "2.0.9",[0m
2022-12-27T11:27:02.8453520Z [36;1m  "python_version": "3.10",[0m
2022-12-27T11:27:02.8453640Z [36;1m  "use_ccache": "true"[0m
2022-12-27T11:27:02.8453740Z [36;1m}'[0m
2022-12-27T11:27:02.8470010Z shell: /bin/bash -e {0}
2022-12-27T11:27:02.8470230Z ##[endgroup]
2022-12-27T11:27:02.8687610Z {
2022-12-27T11:27:02.8688980Z   "package_name": "lxml",
2022-12-27T11:27:02.8689690Z   "package_url": "https://files.pythonhosted.org/packages/09/87/0ff7644775ecaa2e9e94e6bae12cbcc13b025a683a957c1c58d0037d503b/lxml-2.0.9.tar.gz",
2022-12-27T11:27:02.8689980Z   "package_version": "2.0.9",
2022-12-27T11:27:02.8690230Z   "python_version": "3.10",
2022-12-27T11:27:02.8690370Z   "use_ccache": "true"
2022-12-27T11:27:02.8690570Z }
2022-12-27T11:27:02.8899360Z ##[group]Run actions/setup-python@v4
2022-12-27T11:27:02.8899610Z with:
2022-12-27T11:27:02.8899760Z   python-version: 3.10
2022-12-27T11:27:02.8899940Z   check-latest: false
2022-12-27T11:27:02.8900300Z   token: ***
2022-12-27T11:27:02.8900490Z   update-environment: true
2022-12-27T11:27:02.8900640Z ##[endgroup]
2022-12-27T11:27:03.0097770Z ##[group]Installed versions
2022-12-27T11:27:03.0134430Z Successfully set up CPython (3.10.9)
2022-12-27T11:27:03.0135490Z ##[endgroup]
2022-12-27T11:27:03.0281300Z ##[group]Run if [ "true" == "true" ]
2022-12-27T11:27:03.0281710Z [36;1mif [ "true" == "true" ][0m
2022-12-27T11:27:03.0281910Z [36;1mthen[0m
2022-12-27T11:27:03.0282090Z [36;1m  echo "CCACHE_PATH_PREPEND=/usr/local/opt/ccache/libexec" >> $GITHUB_OUTPUT[0m
2022-12-27T11:27:03.0282310Z [36;1melse[0m
2022-12-27T11:27:03.0282500Z [36;1m  echo "CCACHE_PATH_PREPEND=" >> $GITHUB_OUTPUT[0m
2022-12-27T11:27:03.0282790Z [36;1mfi[0m
2022-12-27T11:27:03.0299400Z shell: /bin/bash -e {0}
2022-12-27T11:27:03.0299610Z env:
2022-12-27T11:27:03.0299920Z   pythonLocation: /Users/runner/hostedtoolcache/Python/3.10.9/x64
2022-12-27T11:27:03.0300160Z   PKG_CONFIG_PATH: /Users/runner/hostedtoolcache/Python/3.10.9/x64/lib/pkgconfig
2022-12-27T11:27:03.0300420Z   Python_ROOT_DIR: /Users/runner/hostedtoolcache/Python/3.10.9/x64
2022-12-27T11:27:03.0300670Z   Python2_ROOT_DIR: /Users/runner/hostedtoolcache/Python/3.10.9/x64
2022-12-27T11:27:03.0300930Z   Python3_ROOT_DIR: /Users/runner/hostedtoolcache/Python/3.10.9/x64
2022-12-27T11:27:03.0301480Z ##[endgroup]
2022-12-27T11:27:03.0407160Z ##[group]Run echo "BUILD_NAME=$(echo lxml_2.0.9_3.10 | tr -dc '[:alnum:]\n\r' | tr '[:upper:]' '[:lower:]')" >> $GITHUB_OUTPUT
2022-12-27T11:27:03.0407520Z [36;1mecho "BUILD_NAME=$(echo lxml_2.0.9_3.10 | tr -dc '[:alnum:]\n\r' | tr '[:upper:]' '[:lower:]')" >> $GITHUB_OUTPUT[0m
2022-12-27T11:27:03.0421200Z shell: /bin/bash -e {0}
2022-12-27T11:27:03.0421460Z env:
2022-12-27T11:27:03.0421640Z   pythonLocation: /Users/runner/hostedtoolcache/Python/3.10.9/x64
2022-12-27T11:27:03.0421900Z   PKG_CONFIG_PATH: /Users/runner/hostedtoolcache/Python/3.10.9/x64/lib/pkgconfig
2022-12-27T11:27:03.0422150Z   Python_ROOT_DIR: /Users/runner/hostedtoolcache/Python/3.10.9/x64
2022-12-27T11:27:03.0422400Z   Python2_ROOT_DIR: /Users/runner/hostedtoolcache/Python/3.10.9/x64
2022-12-27T11:27:03.0422650Z   Python3_ROOT_DIR: /Users/runner/hostedtoolcache/Python/3.10.9/x64
2022-12-27T11:27:03.0422840Z ##[endgroup]
2022-12-27T11:27:03.0569490Z ##[group]Run echo "PYTHON_NO_DOTS=$(echo 3.10 | tr -dc '[:alnum:]\n\r' | tr '[:upper:]' '[:lower:]')" >> $GITHUB_OUTPUT
2022-12-27T11:27:03.0569890Z [36;1mecho "PYTHON_NO_DOTS=$(echo 3.10 | tr -dc '[:alnum:]\n\r' | tr '[:upper:]' '[:lower:]')" >> $GITHUB_OUTPUT[0m
2022-12-27T11:27:03.0583700Z shell: /bin/bash -e {0}
2022-12-27T11:27:03.0583850Z env:
2022-12-27T11:27:03.0584050Z   pythonLocation: /Users/runner/hostedtoolcache/Python/3.10.9/x64
2022-12-27T11:27:03.0584300Z   PKG_CONFIG_PATH: /Users/runner/hostedtoolcache/Python/3.10.9/x64/lib/pkgconfig
2022-12-27T11:27:03.0584580Z   Python_ROOT_DIR: /Users/runner/hostedtoolcache/Python/3.10.9/x64
2022-12-27T11:27:03.0584780Z   Python2_ROOT_DIR: /Users/runner/hostedtoolcache/Python/3.10.9/x64
2022-12-27T11:27:03.0585470Z   Python3_ROOT_DIR: /Users/runner/hostedtoolcache/Python/3.10.9/x64
2022-12-27T11:27:03.0585670Z ##[endgroup]
2022-12-27T11:27:03.0713110Z ##[group]Run rm -rf build_lxml209310
2022-12-27T11:27:03.0713630Z [36;1mrm -rf build_lxml209310[0m
2022-12-27T11:27:03.0713950Z [36;1mmkdir build_lxml209310[0m
2022-12-27T11:27:03.0714260Z [36;1mcd build_lxml209310[0m
2022-12-27T11:27:03.0714770Z [36;1m/usr/local/bin/wget --quiet https://files.pythonhosted.org/packages/09/87/0ff7644775ecaa2e9e94e6bae12cbcc13b025a683a957c1c58d0037d503b/lxml-2.0.9.tar.gz[0m
2022-12-27T11:27:03.0715290Z [36;1mtar xf *.tar.gz[0m
2022-12-27T11:27:03.0715560Z [36;1mcd *[0m
2022-12-27T11:27:03.0715800Z [36;1mpython -m pip install cibuildwheel==2.11.3[0m
2022-12-27T11:27:03.0716150Z [36;1mpython -m cibuildwheel --output-dir ../wheelsout[0m
2022-12-27T11:27:03.0740670Z shell: /bin/bash -e {0}
2022-12-27T11:27:03.0740900Z env:
2022-12-27T11:27:03.0741220Z   pythonLocation: /Users/runner/hostedtoolcache/Python/3.10.9/x64
2022-12-27T11:27:03.0741630Z   PKG_CONFIG_PATH: /Users/runner/hostedtoolcache/Python/3.10.9/x64/lib/pkgconfig
2022-12-27T11:27:03.0742170Z   Python_ROOT_DIR: /Users/runner/hostedtoolcache/Python/3.10.9/x64
2022-12-27T11:27:03.0742520Z   Python2_ROOT_DIR: /Users/runner/hostedtoolcache/Python/3.10.9/x64
2022-12-27T11:27:03.0742900Z   Python3_ROOT_DIR: /Users/runner/hostedtoolcache/Python/3.10.9/x64
2022-12-27T11:27:03.0743210Z   CIBW_ARCHS_MACOS: arm64
2022-12-27T11:27:03.0743520Z   CIBW_TEST_SKIP: *_arm64
2022-12-27T11:27:03.0743780Z   CIBW_BUILD: cp310-macosx_arm64
2022-12-27T11:27:03.0744100Z   CIBW_BUILD_FRONTEND: pip
2022-12-27T11:27:03.0744340Z   CIBW_BUILD_VERBOSITY: 3
2022-12-27T11:27:03.0744830Z   CIBW_ENVIRONMENT_MACOS:  CFLAGS="-I/usr/local/opt/openssl@3/include" LDFLAGS="-L/usr/local/opt/openssl@3/lib" CPPFLAGS="-I/usr/local/opt/openssl@3/include" MAKEFLAGS="-j$(sysctl -n hw.logicalcpu)" PATH=/usr/local/opt/ccache/libexec:$PATH
2022-12-27T11:27:03.0745500Z   CIBW_BEFORE_BUILD: pip install Cython; if [[ -f requirements.txt ]]; then pip install -r requirements.txt; fi
2022-12-27T11:27:03.0745920Z   MAKEFLAGS: -j$(sysctl -n hw.logicalcpu)
2022-12-27T11:27:03.0746160Z ##[endgroup]
2022-12-27T11:27:03.5195620Z Requirement already satisfied: cibuildwheel==2.11.3 in /Users/runner/hostedtoolcache/Python/3.10.9/x64/lib/python3.10/site-packages (2.11.3)
2022-12-27T11:27:03.5449360Z Requirement already satisfied: filelock in /Users/runner/hostedtoolcache/Python/3.10.9/x64/lib/python3.10/site-packages (from cibuildwheel==2.11.3) (3.8.2)
2022-12-27T11:27:03.5454760Z Requirement already satisfied: tomli in /Users/runner/hostedtoolcache/Python/3.10.9/x64/lib/python3.10/site-packages (from cibuildwheel==2.11.3) (2.0.1)
2022-12-27T11:27:03.5457980Z Requirement already satisfied: bracex in /Users/runner/hostedtoolcache/Python/3.10.9/x64/lib/python3.10/site-packages (from cibuildwheel==2.11.3) (2.3.post1)
2022-12-27T11:27:03.5467420Z Requirement already satisfied: typing-extensions>=4.1.0 in /Users/runner/hostedtoolcache/Python/3.10.9/x64/lib/python3.10/site-packages (from cibuildwheel==2.11.3) (4.4.0)
2022-12-27T11:27:03.5470760Z Requirement already satisfied: certifi in /Users/runner/hostedtoolcache/Python/3.10.9/x64/lib/python3.10/site-packages (from cibuildwheel==2.11.3) (2022.12.7)
2022-12-27T11:27:03.5475500Z Requirement already satisfied: packaging>=20.9 in /Users/runner/hostedtoolcache/Python/3.10.9/x64/lib/python3.10/site-packages (from cibuildwheel==2.11.3) (22.0)
2022-12-27T11:27:03.5479390Z Requirement already satisfied: platformdirs in /Users/runner/hostedtoolcache/Python/3.10.9/x64/lib/python3.10/site-packages (from cibuildwheel==2.11.3) (2.6.0)
2022-12-27T11:27:03.5484710Z Requirement already satisfied: bashlex!=0.13 in /Users/runner/hostedtoolcache/Python/3.10.9/x64/lib/python3.10/site-packages (from cibuildwheel==2.11.3) (0.16)
2022-12-27T11:27:03.7441920Z 
2022-12-27T11:27:03.7442160Z      _ _       _ _   _       _           _
2022-12-27T11:27:03.7442610Z  ___|_| |_ _ _|_| |_| |_ _ _| |_ ___ ___| |
2022-12-27T11:27:03.7443530Z |  _| | . | | | | | . | | | |   | -_| -_| |
2022-12-27T11:27:03.7444440Z |___|_|___|___|_|_|___|_____|_|_|___|___|_|
2022-12-27T11:27:03.7444580Z 
2022-12-27T11:27:03.7444710Z cibuildwheel version 2.11.3
2022-12-27T11:27:03.7444940Z 
2022-12-27T11:27:03.7445130Z Build options:
2022-12-27T11:27:03.7445510Z   platform: macos
2022-12-27T11:27:03.7504280Z   architectures: arm64[0m
2022-12-27T11:27:03.7504590Z   build_selector: 
2022-12-27T11:27:03.7505300Z     build_config: cp310-macosx_arm64
2022-12-27T11:27:03.7505710Z     skip_config: 
2022-12-27T11:27:03.7516200Z     requires_python: None
2022-12-27T11:27:03.7516570Z     prerelease_pythons: False[0m
2022-12-27T11:27:03.7516840Z   [38;5;244mcontainer_engine: docker[0m
2022-12-27T11:27:03.7517180Z   output_dir: /Users/runner/actions-runner/_work/python.build/python.build/build_lxml209310/wheelsout[0m
2022-12-27T11:27:03.7517600Z   package_dir: /Users/runner/actions-runner/_work/python.build/python.build/build_lxml209310/lxml-2.0.9[0m
2022-12-27T11:27:03.7517920Z   test_selector: 
2022-12-27T11:27:03.7518150Z     skip_config: *_arm64[0m
2022-12-27T11:27:03.7518380Z   [38;5;244mbefore_all: [0m
2022-12-27T11:27:03.7518710Z   before_build: pip install Cython; if [[ -f requirements.txt ]]; then pip install -r requirements.txt; fi[0m
2022-12-27T11:27:03.7519050Z   [38;5;244mbefore_test: [0m
2022-12-27T11:27:03.7519250Z   [38;5;244mbuild_frontend: pip[0m
2022-12-27T11:27:03.7519480Z   build_verbosity: 3[0m
2022-12-27T11:27:03.7519700Z   [38;5;244mconfig_settings: [0m
2022-12-27T11:27:03.7519930Z   [38;5;244mdependency_constraints: pinned[0m
2022-12-27T11:27:03.7520170Z   environment: 
2022-12-27T11:27:03.7520420Z     CFLAGS="-I/usr/local/opt/openssl@3/include"
2022-12-27T11:27:03.7520650Z     LDFLAGS="-L/usr/local/opt/openssl@3/lib"
2022-12-27T11:27:03.7520910Z     CPPFLAGS="-I/usr/local/opt/openssl@3/include"
2022-12-27T11:27:03.7521170Z     MAKEFLAGS="-j$(sysctl -n hw.logicalcpu)"
2022-12-27T11:27:03.7521460Z     PATH=/usr/local/opt/ccache/libexec:$PATH[0m
2022-12-27T11:27:03.7521720Z   [38;5;244mmanylinux_images: None[0m
2022-12-27T11:27:03.7521960Z   [38;5;244mmusllinux_images: None[0m
2022-12-27T11:27:03.7522290Z   [38;5;244mrepair_command: delocate-wheel --require-archs {delocate_archs} -w {dest_dir} -v {wheel}[0m
2022-12-27T11:27:03.7522820Z   [38;5;244mtest_command: [0m
2022-12-27T11:27:03.7523110Z   [38;5;244mtest_extras: [0m
2022-12-27T11:27:03.7523330Z   [38;5;244mtest_requires: [0m
2022-12-27T11:27:03.7523410Z 
2022-12-27T11:27:03.7523520Z Cache folder: /Users/runner/Library/Caches/cibuildwheel
2022-12-27T11:27:03.7526270Z 
2022-12-27T11:27:03.7526560Z Here we go!
2022-12-27T11:27:03.7526710Z 
2022-12-27T11:27:03.7650200Z 
2022-12-27T11:27:03.7651090Z [1m[34mBuilding cp310-macosx_arm64 wheel[0m
2022-12-27T11:27:03.7651790Z CPython 3.10 macOS arm64 - Apple Silicon
2022-12-27T11:27:03.7652060Z 
2022-12-27T11:27:03.7653860Z ##[group]Installing Python cp310...
2022-12-27T11:27:03.7654100Z 
2022-12-27T11:27:03.7654340Z + pkgutil --pkgs
2022-12-27T11:27:03.7755370Z ##[endgroup]
2022-12-27T11:27:03.7756510Z                                                               [32mâœ“ [0m0.01s
2022-12-27T11:27:03.7757100Z ##[group]Setting up build environment...
2022-12-27T11:27:03.7757270Z 
2022-12-27T11:27:03.7776980Z + /Users/runner/hostedtoolcache/Python/3.10.9/x64/bin/python -sS /Users/runner/Library/Caches/cibuildwheel/virtualenv-20.17.0.pyz --activators= --no-periodic-update --pip=22.3.1 --setuptools=65.6.3 --wheel=0.38.4 --symlink-app-data --python /Library/Frameworks/Python.framework/Versions/3.10/bin/python3 /private/var/folders/51/hd414ycd67n82196sw51xqtc0000gn/T/cibw-run-3fq_m7rx/cp310-macosx_arm64/build/venv
2022-12-27T11:27:03.9616900Z created virtual environment CPython3.10.8.final.0-64 in 45ms
2022-12-27T11:27:03.9617600Z   creator CPython3Posix(dest=/private/var/folders/51/hd414ycd67n82196sw51xqtc0000gn/T/cibw-run-3fq_m7rx/cp310-macosx_arm64/build/venv, clear=False, no_vcs_ignore=False, global=False)
2022-12-27T11:27:03.9618240Z   seeder FromAppData(download=False, pip=22.3.1, setuptools=65.6.3, wheel=0.38.4, via=symlink, app_data_dir=/Users/runner/Library/Application Support/virtualenv)
2022-12-27T11:27:03.9618590Z     added seed packages: pip==22.3.1, setuptools==65.6.3, wheel==0.38.4
2022-12-27T11:27:03.9743100Z + python -m pip install --upgrade pip -c /Users/runner/hostedtoolcache/Python/3.10.9/x64/lib/python3.10/site-packages/cibuildwheel/resources/constraints-python310.txt
2022-12-27T11:27:04.2474340Z Requirement already satisfied: pip in ./lib/python3.10/site-packages (22.3.1)
2022-12-27T11:27:04.3766630Z + which pip
2022-12-27T11:27:04.3782800Z /private/var/folders/51/hd414ycd67n82196sw51xqtc0000gn/T/cibw-run-3fq_m7rx/cp310-macosx_arm64/build/venv/bin/pip
2022-12-27T11:27:04.3784790Z + pip --version
2022-12-27T11:27:04.5742990Z pip 22.3.1 from /private/var/folders/51/hd414ycd67n82196sw51xqtc0000gn/T/cibw-run-3fq_m7rx/cp310-macosx_arm64/build/venv/lib/python3.10/site-packages/pip (python 3.10)
2022-12-27T11:27:04.5981980Z + which pip
2022-12-27T11:27:04.6009390Z + which python
2022-12-27T11:27:04.6027120Z /private/var/folders/51/hd414ycd67n82196sw51xqtc0000gn/T/cibw-run-3fq_m7rx/cp310-macosx_arm64/build/venv/bin/python
2022-12-27T11:27:04.6029910Z + python --version
2022-12-27T11:27:04.6076020Z Python 3.10.8
2022-12-27T11:27:04.6079200Z + which python
2022-12-27T11:27:04.6131360Z ##[endgroup]
2022-12-27T11:27:04.6132040Z                                                               [32mâœ“ [0m0.84s
2022-12-27T11:27:04.6132590Z ##[group]Installing build tools...
2022-12-27T11:27:04.6132760Z 
2022-12-27T11:27:04.6133260Z + pip install --upgrade setuptools wheel delocate -c /Users/runner/hostedtoolcache/Python/3.10.9/x64/lib/python3.10/site-packages/cibuildwheel/resources/constraints-python310.txt
2022-12-27T11:27:04.8994650Z Requirement already satisfied: setuptools in /private/var/folders/51/hd414ycd67n82196sw51xqtc0000gn/T/cibw-run-3fq_m7rx/cp310-macosx_arm64/build/venv/lib/python3.10/site-packages (65.6.3)
2022-12-27T11:27:05.0855240Z Requirement already satisfied: wheel in /private/var/folders/51/hd414ycd67n82196sw51xqtc0000gn/T/cibw-run-3fq_m7rx/cp310-macosx_arm64/build/venv/lib/python3.10/site-packages (0.38.4)
2022-12-27T11:27:05.1264950Z Collecting delocate
2022-12-27T11:27:05.1286370Z   Using cached delocate-0.10.3-py3-none-any.whl (142 kB)
2022-12-27T11:27:05.1490920Z Collecting typing-extensions
2022-12-27T11:27:05.1508210Z   Using cached typing_extensions-4.4.0-py3-none-any.whl (26 kB)
2022-12-27T11:27:05.1719210Z Collecting packaging>=20.9
2022-12-27T11:27:05.1738060Z   Using cached packaging-21.3-py3-none-any.whl (40 kB)
2022-12-27T11:27:05.2056620Z Collecting pyparsing!=3.0.5,>=2.0.2
2022-12-27T11:27:05.2073570Z   Using cached pyparsing-3.0.9-py3-none-any.whl (98 kB)
2022-12-27T11:27:05.2381800Z Installing collected packages: typing-extensions, pyparsing, packaging, delocate
2022-12-27T11:27:05.3576890Z Successfully installed delocate-0.10.3 packaging-21.3 pyparsing-3.0.9 typing-extensions-4.4.0
2022-12-27T11:27:05.4062660Z ##[endgroup]
2022-12-27T11:27:05.4063570Z                                                               [32mâœ“ [0m0.79s
2022-12-27T11:27:05.4064160Z ##[group]Running before_build...
2022-12-27T11:27:05.4064340Z 
2022-12-27T11:27:05.4071150Z + pip install Cython; if [[ -f requirements.txt ]]; then pip install -r requirements.txt; fi
2022-12-27T11:27:05.9851530Z Collecting Cython
2022-12-27T11:27:05.9894320Z   Using cached Cython-0.29.32-py2.py3-none-any.whl (986 kB)
2022-12-27T11:27:06.0271450Z Installing collected packages: Cython
2022-12-27T11:27:06.4136850Z Successfully installed Cython-0.29.32
2022-12-27T11:27:06.4591440Z ##[endgroup]
2022-12-27T11:27:06.4592270Z                                                               [32mâœ“ [0m1.05s
2022-12-27T11:27:06.4592890Z ##[group]Building wheel...
2022-12-27T11:27:06.4593060Z 
2022-12-27T11:27:06.4599860Z + python -m pip wheel /Users/runner/actions-runner/_work/python.build/python.build/build_lxml209310/lxml-2.0.9 --wheel-dir=/private/var/folders/51/hd414ycd67n82196sw51xqtc0000gn/T/cibw-run-3fq_m7rx/cp310-macosx_arm64/built_wheel --no-deps -vvv
2022-12-27T11:27:06.7071400Z Created temporary directory: /private/var/folders/51/hd414ycd67n82196sw51xqtc0000gn/T/pip-ephem-wheel-cache-2ck6vsyz
2022-12-27T11:27:06.7073990Z Created temporary directory: /private/var/folders/51/hd414ycd67n82196sw51xqtc0000gn/T/pip-build-tracker-ju175y_8
2022-12-27T11:27:06.7076100Z Initialized build tracking at /private/var/folders/51/hd414ycd67n82196sw51xqtc0000gn/T/pip-build-tracker-ju175y_8
2022-12-27T11:27:06.7077410Z Created build tracker: /private/var/folders/51/hd414ycd67n82196sw51xqtc0000gn/T/pip-build-tracker-ju175y_8
2022-12-27T11:27:06.7078680Z Entered build tracker: /private/var/folders/51/hd414ycd67n82196sw51xqtc0000gn/T/pip-build-tracker-ju175y_8
2022-12-27T11:27:06.7081910Z Created temporary directory: /private/var/folders/51/hd414ycd67n82196sw51xqtc0000gn/T/pip-wheel-x6rvdu47
2022-12-27T11:27:06.7087600Z Created temporary directory: /private/var/folders/51/hd414ycd67n82196sw51xqtc0000gn/T/pip-ephem-wheel-cache-g4rjuw6i
2022-12-27T11:27:06.7258810Z Processing /Users/runner/actions-runner/_work/python.build/python.build/build_lxml209310/lxml-2.0.9
2022-12-27T11:27:06.7263520Z   Added file:///Users/runner/actions-runner/_work/python.build/python.build/build_lxml209310/lxml-2.0.9 to build tracker '/private/var/folders/51/hd414ycd67n82196sw51xqtc0000gn/T/pip-build-tracker-ju175y_8'
2022-12-27T11:27:06.7267070Z   Running setup.py (path:/Users/runner/actions-runner/_work/python.build/python.build/build_lxml209310/lxml-2.0.9/setup.py) egg_info for package from file:///Users/runner/actions-runner/_work/python.build/python.build/build_lxml209310/lxml-2.0.9
2022-12-27T11:27:06.7269820Z   Created temporary directory: /private/var/folders/51/hd414ycd67n82196sw51xqtc0000gn/T/pip-pip-egg-info-47ao6bpm
2022-12-27T11:27:06.7271240Z   Preparing metadata (setup.py): started
2022-12-27T11:27:06.7272900Z   Running command python setup.py egg_info
2022-12-27T11:27:06.9940210Z   Traceback (most recent call last):
2022-12-27T11:27:06.9951050Z     File "<string>", line 2, in <module>
2022-12-27T11:27:06.9951950Z     File "<pip-setuptools-caller>", line 34, in <module>
2022-12-27T11:27:06.9952660Z     File "/Users/runner/actions-runner/_work/python.build/python.build/build_lxml209310/lxml-2.0.9/setup.py", line 104, in <module>
2022-12-27T11:27:06.9953550Z       ext_modules = setupinfo.ext_modules(
2022-12-27T11:27:06.9954410Z     File "/Users/runner/actions-runner/_work/python.build/python.build/build_lxml209310/lxml-2.0.9/setupinfo.py", line 42, in ext_modules
2022-12-27T11:27:06.9954950Z       _include_dirs = include_dirs(static_include_dirs)
2022-12-27T11:27:06.9955710Z     File "/Users/runner/actions-runner/_work/python.build/python.build/build_lxml209310/lxml-2.0.9/setupinfo.py", line 120, in include_dirs
2022-12-27T11:27:06.9956330Z       if possible_include_dir.startswith('-I'):
2022-12-27T11:27:06.9956800Z   TypeError: startswith first arg must be bytes or a tuple of bytes, not str
2022-12-27T11:27:06.9957280Z   Building lxml version 2.0.9.
2022-12-27T11:27:06.9957590Z   Building with Cython 0.29.32.
2022-12-27T11:27:06.9957920Z   Using build configuration of libxslt b'1.1.29'
2022-12-27T11:27:07.0253910Z   error: subprocess-exited-with-error
2022-12-27T11:27:07.0254370Z   
2022-12-27T11:27:07.0255190Z   Ã— python setup.py egg_info did not run successfully.
2022-12-27T11:27:07.0255670Z   â”‚ exit code: 1
2022-12-27T11:27:07.0255980Z   â•°â”€> See above for output.
2022-12-27T11:27:07.0256240Z   
2022-12-27T11:27:07.0256650Z   note: This error originates from a subprocess, and is likely not a problem with pip.
2022-12-27T11:27:07.0262860Z   full command: /private/var/folders/51/hd414ycd67n82196sw51xqtc0000gn/T/cibw-run-3fq_m7rx/cp310-macosx_arm64/build/venv/bin/python -c '
2022-12-27T11:27:07.0264010Z   exec(compile('"'"''"'"''"'"'
2022-12-27T11:27:07.0264830Z   # This is <pip-setuptools-caller> -- a caller that pip uses to run setup.py
2022-12-27T11:27:07.0265630Z   #
2022-12-27T11:27:07.0266450Z   # - It imports setuptools before invoking setup.py, to enable projects that directly
2022-12-27T11:27:07.0267760Z   #   import from `distutils.core` to work with newer packaging standards.
2022-12-27T11:27:07.0268440Z   # - It provides a clear error message when setuptools is not installed.
2022-12-27T11:27:07.0270510Z   # - It sets `sys.argv[0]` to the underlying `setup.py`, when invoking `setup.py` so
2022-12-27T11:27:07.0271220Z   #   setuptools doesn'"'"'t think the script is `-c`. This avoids the following warning:
2022-12-27T11:27:07.0272050Z   #     manifest_maker: standard file '"'"'-c'"'"' not found".
2022-12-27T11:27:07.0272620Z   # - It generates a shim setup.py, for handling setup.cfg-only projects.
2022-12-27T11:27:07.0272980Z   import os, sys, tokenize
2022-12-27T11:27:07.0273210Z   
2022-12-27T11:27:07.0273750Z   try:
2022-12-27T11:27:07.0274020Z       import setuptools
2022-12-27T11:27:07.0274280Z   except ImportError as error:
2022-12-27T11:27:07.0274550Z       print(
2022-12-27T11:27:07.0275210Z           "ERROR: Can not execute `setup.py` since setuptools is not available in "
2022-12-27T11:27:07.0275540Z           "the build environment.",
2022-12-27T11:27:07.0275820Z           file=sys.stderr,
2022-12-27T11:27:07.0276070Z       )
2022-12-27T11:27:07.0276540Z       sys.exit(1)
2022-12-27T11:27:07.0276790Z   
2022-12-27T11:27:07.0277050Z   __file__ = %r
2022-12-27T11:27:07.0277300Z   sys.argv[0] = __file__
2022-12-27T11:27:07.0277570Z   
2022-12-27T11:27:07.0277970Z   if os.path.exists(__file__):
2022-12-27T11:27:07.0278180Z       filename = __file__
2022-12-27T11:27:07.0278450Z       with tokenize.open(__file__) as f:
2022-12-27T11:27:07.0278630Z           setup_py_code = f.read()
2022-12-27T11:27:07.0278760Z   else:
2022-12-27T11:27:07.0279050Z       filename = "<auto-generated setuptools caller>"
2022-12-27T11:27:07.0279280Z       setup_py_code = "from setuptools import setup; setup()"
2022-12-27T11:27:07.0279420Z   
2022-12-27T11:27:07.0279590Z   exec(compile(setup_py_code, filename, "exec"))
2022-12-27T11:27:07.0280120Z   '"'"''"'"''"'"' % ('"'"'/Users/runner/actions-runner/_work/python.build/python.build/build_lxml209310/lxml-2.0.9/setup.py'"'"',), "<pip-setuptools-caller>", "exec"))' egg_info --egg-base /private/var/folders/51/hd414ycd67n82196sw51xqtc0000gn/T/pip-pip-egg-info-47ao6bpm
2022-12-27T11:27:07.0280810Z   cwd: /Users/runner/actions-runner/_work/python.build/python.build/build_lxml209310/lxml-2.0.9/
2022-12-27T11:27:07.0281090Z   Preparing metadata (setup.py): finished with status 'error'
2022-12-27T11:27:07.0282050Z error: metadata-generation-failed
2022-12-27T11:27:07.0282240Z 
2022-12-27T11:27:07.0282470Z Ã— Encountered error while generating package metadata.
2022-12-27T11:27:07.0282920Z â•°â”€> See above for output.
2022-12-27T11:27:07.0283030Z 
2022-12-27T11:27:07.0283190Z note: This is an issue with the package mentioned above, not pip.
2022-12-27T11:27:07.0283470Z hint: See above for details.
2022-12-27T11:27:07.0305930Z Exception information:
2022-12-27T11:27:07.0306200Z Traceback (most recent call last):
2022-12-27T11:27:07.0307660Z   File "/private/var/folders/51/hd414ycd67n82196sw51xqtc0000gn/T/cibw-run-3fq_m7rx/cp310-macosx_arm64/build/venv/lib/python3.10/site-packages/pip/_internal/operations/build/metadata_legacy.py", line 64, in generate_metadata
2022-12-27T11:27:07.0308310Z     call_subprocess(
2022-12-27T11:27:07.0309280Z   File "/private/var/folders/51/hd414ycd67n82196sw51xqtc0000gn/T/cibw-run-3fq_m7rx/cp310-macosx_arm64/build/venv/lib/python3.10/site-packages/pip/_internal/utils/subprocess.py", line 224, in call_subprocess
2022-12-27T11:27:07.0309950Z     raise error
2022-12-27T11:27:07.0310360Z pip._internal.exceptions.InstallationSubprocessError: python setup.py egg_info exited with 1
2022-12-27T11:27:07.0310600Z 
2022-12-27T11:27:07.0310780Z The above exception was the direct cause of the following exception:
2022-12-27T11:27:07.0311000Z 
2022-12-27T11:27:07.0311130Z Traceback (most recent call last):
2022-12-27T11:27:07.0312210Z   File "/private/var/folders/51/hd414ycd67n82196sw51xqtc0000gn/T/cibw-run-3fq_m7rx/cp310-macosx_arm64/build/venv/lib/python3.10/site-packages/pip/_internal/cli/base_command.py", line 160, in exc_logging_wrapper
2022-12-27T11:27:07.0312730Z     status = run_func(*args)
2022-12-27T11:27:07.0313400Z   File "/private/var/folders/51/hd414ycd67n82196sw51xqtc0000gn/T/cibw-run-3fq_m7rx/cp310-macosx_arm64/build/venv/lib/python3.10/site-packages/pip/_internal/cli/req_command.py", line 247, in wrapper
2022-12-27T11:27:07.0313880Z     return func(self, options, args)
2022-12-27T11:27:07.0314590Z   File "/private/var/folders/51/hd414ycd67n82196sw51xqtc0000gn/T/cibw-run-3fq_m7rx/cp310-macosx_arm64/build/venv/lib/python3.10/site-packages/pip/_internal/commands/wheel.py", line 170, in run
2022-12-27T11:27:07.0315180Z     requirement_set = resolver.resolve(reqs, check_supported_wheels=True)
2022-12-27T11:27:07.0315940Z   File "/private/var/folders/51/hd414ycd67n82196sw51xqtc0000gn/T/cibw-run-3fq_m7rx/cp310-macosx_arm64/build/venv/lib/python3.10/site-packages/pip/_internal/resolution/resolvelib/resolver.py", line 73, in resolve
2022-12-27T11:27:07.0316470Z     collected = self.factory.collect_root_requirements(root_reqs)
2022-12-27T11:27:07.0317220Z   File "/private/var/folders/51/hd414ycd67n82196sw51xqtc0000gn/T/cibw-run-3fq_m7rx/cp310-macosx_arm64/build/venv/lib/python3.10/site-packages/pip/_internal/resolution/resolvelib/factory.py", line 491, in collect_root_requirements
2022-12-27T11:27:07.0317700Z     req = self._make_requirement_from_install_req(
2022-12-27T11:27:07.0318230Z   File "/private/var/folders/51/hd414ycd67n82196sw51xqtc0000gn/T/cibw-run-3fq_m7rx/cp310-macosx_arm64/build/venv/lib/python3.10/site-packages/pip/_internal/resolution/resolvelib/factory.py", line 453, in _make_requirement_from_install_req
2022-12-27T11:27:07.0318620Z     cand = self._make_candidate_from_link(
2022-12-27T11:27:07.0319240Z   File "/private/var/folders/51/hd414ycd67n82196sw51xqtc0000gn/T/cibw-run-3fq_m7rx/cp310-macosx_arm64/build/venv/lib/python3.10/site-packages/pip/_internal/resolution/resolvelib/factory.py", line 206, in _make_candidate_from_link
2022-12-27T11:27:07.0319680Z     self._link_candidate_cache[link] = LinkCandidate(
2022-12-27T11:27:07.0320160Z   File "/private/var/folders/51/hd414ycd67n82196sw51xqtc0000gn/T/cibw-run-3fq_m7rx/cp310-macosx_arm64/build/venv/lib/python3.10/site-packages/pip/_internal/resolution/resolvelib/candidates.py", line 297, in __init__
2022-12-27T11:27:07.0320660Z     super().__init__(
2022-12-27T11:27:07.0321150Z   File "/private/var/folders/51/hd414ycd67n82196sw51xqtc0000gn/T/cibw-run-3fq_m7rx/cp310-macosx_arm64/build/venv/lib/python3.10/site-packages/pip/_internal/resolution/resolvelib/candidates.py", line 162, in __init__
2022-12-27T11:27:07.0321480Z     self.dist = self._prepare()
2022-12-27T11:27:07.0322040Z   File "/private/var/folders/51/hd414ycd67n82196sw51xqtc0000gn/T/cibw-run-3fq_m7rx/cp310-macosx_arm64/build/venv/lib/python3.10/site-packages/pip/_internal/resolution/resolvelib/candidates.py", line 231, in _prepare
2022-12-27T11:27:07.0322340Z     dist = self._prepare_distribution()
2022-12-27T11:27:07.0322840Z   File "/private/var/folders/51/hd414ycd67n82196sw51xqtc0000gn/T/cibw-run-3fq_m7rx/cp310-macosx_arm64/build/venv/lib/python3.10/site-packages/pip/_internal/resolution/resolvelib/candidates.py", line 308, in _prepare_distribution
2022-12-27T11:27:07.0323240Z     return preparer.prepare_linked_requirement(self._ireq, parallel_builds=True)
2022-12-27T11:27:07.0323840Z   File "/private/var/folders/51/hd414ycd67n82196sw51xqtc0000gn/T/cibw-run-3fq_m7rx/cp310-macosx_arm64/build/venv/lib/python3.10/site-packages/pip/_internal/operations/prepare.py", line 491, in prepare_linked_requirement
2022-12-27T11:27:07.0324210Z     return self._prepare_linked_requirement(req, parallel_builds)
2022-12-27T11:27:07.0324720Z   File "/private/var/folders/51/hd414ycd67n82196sw51xqtc0000gn/T/cibw-run-3fq_m7rx/cp310-macosx_arm64/build/venv/lib/python3.10/site-packages/pip/_internal/operations/prepare.py", line 577, in _prepare_linked_requirement
2022-12-27T11:27:07.0325030Z     dist = _get_prepared_distribution(
2022-12-27T11:27:07.0325660Z   File "/private/var/folders/51/hd414ycd67n82196sw51xqtc0000gn/T/cibw-run-3fq_m7rx/cp310-macosx_arm64/build/venv/lib/python3.10/site-packages/pip/_internal/operations/prepare.py", line 69, in _get_prepared_distribution
2022-12-27T11:27:07.0326210Z     abstract_dist.prepare_distribution_metadata(
2022-12-27T11:27:07.0326770Z   File "/private/var/folders/51/hd414ycd67n82196sw51xqtc0000gn/T/cibw-run-3fq_m7rx/cp310-macosx_arm64/build/venv/lib/python3.10/site-packages/pip/_internal/distributions/sdist.py", line 61, in prepare_distribution_metadata
2022-12-27T11:27:07.0327110Z     self.req.prepare_metadata()
2022-12-27T11:27:07.0327600Z   File "/private/var/folders/51/hd414ycd67n82196sw51xqtc0000gn/T/cibw-run-3fq_m7rx/cp310-macosx_arm64/build/venv/lib/python3.10/site-packages/pip/_internal/req/req_install.py", line 541, in prepare_metadata
2022-12-27T11:27:07.0327990Z     self.metadata_directory = generate_metadata_legacy(
2022-12-27T11:27:07.0328440Z   File "/private/var/folders/51/hd414ycd67n82196sw51xqtc0000gn/T/cibw-run-3fq_m7rx/cp310-macosx_arm64/build/venv/lib/python3.10/site-packages/pip/_internal/operations/build/metadata_legacy.py", line 71, in generate_metadata
2022-12-27T11:27:07.0328790Z     raise MetadataGenerationFailed(package_details=details) from error
2022-12-27T11:27:07.0329070Z pip._internal.exceptions.MetadataGenerationFailed: metadata generation failed
2022-12-27T11:27:07.0390110Z Removed file:///Users/runner/actions-runner/_work/python.build/python.build/build_lxml209310/lxml-2.0.9 from build tracker '/private/var/folders/51/hd414ycd67n82196sw51xqtc0000gn/T/pip-build-tracker-ju175y_8'
2022-12-27T11:27:07.0390640Z Removed build tracker: '/private/var/folders/51/hd414ycd67n82196sw51xqtc0000gn/T/pip-build-tracker-ju175y_8'
2022-12-27T11:27:07.0733970Z ##[endgroup]
2022-12-27T11:27:07.0734560Z                                                               [31mâœ• [0m0.61s
2022-12-27T11:27:07.0756930Z ##[error]Command ['python', '-m', 'pip', 'wheel', '/Users/runner/actions-runner/_work/python.build/python.build/build_lxml209310/lxml-2.0.9', '--wheel-dir=/private/var/folders/51/hd414ycd67n82196sw51xqtc0000gn/T/cibw-run-3fq_m7rx/cp310-macosx_arm64/built_wheel', '--no-deps', '-vvv'] failed with code 1. None
2022-12-27T11:27:07.0763790Z 
2022-12-27T11:27:07.1179480Z ##[error]Process completed with exit code 1.
2022-12-27T11:27:07.1211870Z ##[group]Run rm -rf build_lxml209310 wheelsout
2022-12-27T11:27:07.1212100Z [36;1mrm -rf build_lxml209310 wheelsout[0m
2022-12-27T11:27:07.1227260Z shell: /bin/bash -e {0}
2022-12-27T11:27:07.1227420Z env:
2022-12-27T11:27:07.1227610Z   pythonLocation: /Users/runner/hostedtoolcache/Python/3.10.9/x64
2022-12-27T11:27:07.1227850Z   PKG_CONFIG_PATH: /Users/runner/hostedtoolcache/Python/3.10.9/x64/lib/pkgconfig
2022-12-27T11:27:07.1228060Z   Python_ROOT_DIR: /Users/runner/hostedtoolcache/Python/3.10.9/x64
2022-12-27T11:27:07.1228280Z   Python2_ROOT_DIR: /Users/runner/hostedtoolcache/Python/3.10.9/x64
2022-12-27T11:27:07.1228500Z   Python3_ROOT_DIR: /Users/runner/hostedtoolcache/Python/3.10.9/x64
2022-12-27T11:27:07.1228650Z ##[endgroup]
2022-12-27T11:27:07.1705820Z Cleaning up orphan processes
