2022-12-27T01:58:07.4158412Z Requested labels: self-hosted, macOS, X64
2022-12-27T01:58:07.4158480Z Job defined at: kilnbuild/python.build/.github/workflows/mac_arm_build.yml@refs/heads/main
2022-12-27T01:58:07.4158506Z Waiting for a runner to pick up this job...
2022-12-27T02:57:24.8673669Z Job is about to start running on the runner: kr1 (organization)
2022-12-27T02:57:29.7471550Z Current runner version: '2.300.2'
2022-12-27T02:57:29.7479380Z Runner name: 'kr1'
2022-12-27T02:57:29.7479800Z Runner group name: 'Default'
2022-12-27T02:57:29.7480660Z Machine name: 'kr1'
2022-12-27T02:57:29.7483230Z ##[group]GITHUB_TOKEN Permissions
2022-12-27T02:57:29.7483940Z Actions: write
2022-12-27T02:57:29.7484190Z Checks: write
2022-12-27T02:57:29.7484530Z Contents: write
2022-12-27T02:57:29.7484790Z Deployments: write
2022-12-27T02:57:29.7485050Z Discussions: write
2022-12-27T02:57:29.7485310Z Issues: write
2022-12-27T02:57:29.7485550Z Metadata: read
2022-12-27T02:57:29.7485790Z Packages: write
2022-12-27T02:57:29.7486050Z Pages: write
2022-12-27T02:57:29.7486310Z PullRequests: write
2022-12-27T02:57:29.7486610Z RepositoryProjects: write
2022-12-27T02:57:29.7486900Z SecurityEvents: write
2022-12-27T02:57:29.7487170Z Statuses: write
2022-12-27T02:57:29.7487410Z ##[endgroup]
2022-12-27T02:57:29.7491090Z Secret source: Actions
2022-12-27T02:57:29.7491600Z Prepare workflow directory
2022-12-27T02:57:29.8634060Z Prepare all required actions
2022-12-27T02:57:29.8852710Z Getting action download info
2022-12-27T02:57:30.3513900Z Download action repository 'actions/setup-python@v4' (SHA:5ccb29d8773c3f3f653e1705f474dfaa8a06a912)
2022-12-27T02:57:32.2195920Z Download action repository 'actions/upload-artifact@v3' (SHA:83fd05a356d7e2593de66fc9913b3002723633cb)
2022-12-27T02:57:33.7857170Z ##[group]Run echo '{
2022-12-27T02:57:33.7858180Z [36;1mecho '{[0m
2022-12-27T02:57:33.7858690Z [36;1m  "environment_variables": "GRPC_PYTHON_BUILD_WITH_CYTHON=1 GRPC_BUILD_WITH_BORING_SSL_ASM='' GRPC_PYTHON_BUILD_SYSTEM_OPENSSL=TRUE",[0m
2022-12-27T02:57:33.7859130Z [36;1m  "package_name": "grpcio",[0m
2022-12-27T02:57:33.7859770Z [36;1m  "package_url": "https://files.pythonhosted.org/packages/67/0c/42203b718c1535f873dbc83f420df506e017b9dbf1f430ab23eab7830667/grpcio-1.11.1.tar.gz",[0m
2022-12-27T02:57:33.7860200Z [36;1m  "package_version": "1.11.1",[0m
2022-12-27T02:57:33.7860470Z [36;1m  "python_version": "3.9",[0m
2022-12-27T02:57:33.7860730Z [36;1m  "use_ccache": "true"[0m
2022-12-27T02:57:33.7861010Z [36;1m}'[0m
2022-12-27T02:57:33.7897450Z shell: /bin/bash -e {0}
2022-12-27T02:57:33.7897850Z ##[endgroup]
2022-12-27T02:57:33.8504870Z {
2022-12-27T02:57:33.8509340Z   "environment_variables": "GRPC_PYTHON_BUILD_WITH_CYTHON=1 GRPC_BUILD_WITH_BORING_SSL_ASM= GRPC_PYTHON_BUILD_SYSTEM_OPENSSL=TRUE",
2022-12-27T02:57:33.8510050Z   "package_name": "grpcio",
2022-12-27T02:57:33.8511690Z   "package_url": "https://files.pythonhosted.org/packages/67/0c/42203b718c1535f873dbc83f420df506e017b9dbf1f430ab23eab7830667/grpcio-1.11.1.tar.gz",
2022-12-27T02:57:33.8512400Z   "package_version": "1.11.1",
2022-12-27T02:57:33.8512820Z   "python_version": "3.9",
2022-12-27T02:57:33.8513340Z   "use_ccache": "true"
2022-12-27T02:57:33.8513880Z }
2022-12-27T02:57:33.9074010Z ##[group]Run actions/setup-python@v4
2022-12-27T02:57:33.9074860Z with:
2022-12-27T02:57:33.9075430Z   python-version: 3.9
2022-12-27T02:57:33.9075950Z   check-latest: false
2022-12-27T02:57:33.9076910Z   token: ***
2022-12-27T02:57:33.9077450Z   update-environment: true
2022-12-27T02:57:33.9078140Z ##[endgroup]
2022-12-27T02:57:34.2468550Z ##[group]Installed versions
2022-12-27T02:57:34.2656140Z Successfully set up CPython (3.9.16)
2022-12-27T02:57:34.2658230Z ##[endgroup]
2022-12-27T02:57:34.3011290Z ##[group]Run if [ "true" == "true" ]
2022-12-27T02:57:34.3011900Z [36;1mif [ "true" == "true" ][0m
2022-12-27T02:57:34.3012480Z [36;1mthen[0m
2022-12-27T02:57:34.3013150Z [36;1m  echo "CCACHE_PATH_PREPEND=/usr/local/opt/ccache/libexec" >> $GITHUB_OUTPUT[0m
2022-12-27T02:57:34.3013730Z [36;1melse[0m
2022-12-27T02:57:34.3014570Z [36;1m  echo "CCACHE_PATH_PREPEND=" >> $GITHUB_OUTPUT[0m
2022-12-27T02:57:34.3015180Z [36;1mfi[0m
2022-12-27T02:57:34.3061810Z shell: /bin/bash -e {0}
2022-12-27T02:57:34.3062660Z env:
2022-12-27T02:57:34.3063160Z   pythonLocation: /Users/runner/hostedtoolcache/Python/3.9.16/x64
2022-12-27T02:57:34.3063710Z   PKG_CONFIG_PATH: /Users/runner/hostedtoolcache/Python/3.9.16/x64/lib/pkgconfig
2022-12-27T02:57:34.3065210Z   Python_ROOT_DIR: /Users/runner/hostedtoolcache/Python/3.9.16/x64
2022-12-27T02:57:34.3065740Z   Python2_ROOT_DIR: /Users/runner/hostedtoolcache/Python/3.9.16/x64
2022-12-27T02:57:34.3066540Z   Python3_ROOT_DIR: /Users/runner/hostedtoolcache/Python/3.9.16/x64
2022-12-27T02:57:34.3066910Z ##[endgroup]
2022-12-27T02:57:34.3499540Z ##[group]Run echo "BUILD_NAME=$(echo grpcio_1.11.1_3.9 | tr -dc '[:alnum:]\n\r' | tr '[:upper:]' '[:lower:]')" >> $GITHUB_OUTPUT
2022-12-27T02:57:34.3500600Z [36;1mecho "BUILD_NAME=$(echo grpcio_1.11.1_3.9 | tr -dc '[:alnum:]\n\r' | tr '[:upper:]' '[:lower:]')" >> $GITHUB_OUTPUT[0m
2022-12-27T02:57:34.3549060Z shell: /bin/bash -e {0}
2022-12-27T02:57:34.3549490Z env:
2022-12-27T02:57:34.3549910Z   pythonLocation: /Users/runner/hostedtoolcache/Python/3.9.16/x64
2022-12-27T02:57:34.3550460Z   PKG_CONFIG_PATH: /Users/runner/hostedtoolcache/Python/3.9.16/x64/lib/pkgconfig
2022-12-27T02:57:34.3551000Z   Python_ROOT_DIR: /Users/runner/hostedtoolcache/Python/3.9.16/x64
2022-12-27T02:57:34.3551930Z   Python2_ROOT_DIR: /Users/runner/hostedtoolcache/Python/3.9.16/x64
2022-12-27T02:57:34.3552610Z   Python3_ROOT_DIR: /Users/runner/hostedtoolcache/Python/3.9.16/x64
2022-12-27T02:57:34.3553170Z ##[endgroup]
2022-12-27T02:57:34.3908290Z ##[group]Run echo "PYTHON_NO_DOTS=$(echo 3.9 | tr -dc '[:alnum:]\n\r' | tr '[:upper:]' '[:lower:]')" >> $GITHUB_OUTPUT
2022-12-27T02:57:34.3909270Z [36;1mecho "PYTHON_NO_DOTS=$(echo 3.9 | tr -dc '[:alnum:]\n\r' | tr '[:upper:]' '[:lower:]')" >> $GITHUB_OUTPUT[0m
2022-12-27T02:57:34.3956190Z shell: /bin/bash -e {0}
2022-12-27T02:57:34.3956730Z env:
2022-12-27T02:57:34.3957380Z   pythonLocation: /Users/runner/hostedtoolcache/Python/3.9.16/x64
2022-12-27T02:57:34.3958150Z   PKG_CONFIG_PATH: /Users/runner/hostedtoolcache/Python/3.9.16/x64/lib/pkgconfig
2022-12-27T02:57:34.3958970Z   Python_ROOT_DIR: /Users/runner/hostedtoolcache/Python/3.9.16/x64
2022-12-27T02:57:34.3959690Z   Python2_ROOT_DIR: /Users/runner/hostedtoolcache/Python/3.9.16/x64
2022-12-27T02:57:34.3960550Z   Python3_ROOT_DIR: /Users/runner/hostedtoolcache/Python/3.9.16/x64
2022-12-27T02:57:34.3961190Z ##[endgroup]
2022-12-27T02:57:34.4320750Z ##[group]Run rm -rf build_grpcio111139
2022-12-27T02:57:34.4321640Z [36;1mrm -rf build_grpcio111139[0m
2022-12-27T02:57:34.4322160Z [36;1mmkdir build_grpcio111139[0m
2022-12-27T02:57:34.4322880Z [36;1mcd build_grpcio111139[0m
2022-12-27T02:57:34.4323800Z [36;1m/usr/local/bin/wget --quiet https://files.pythonhosted.org/packages/67/0c/42203b718c1535f873dbc83f420df506e017b9dbf1f430ab23eab7830667/grpcio-1.11.1.tar.gz[0m
2022-12-27T02:57:34.4324630Z [36;1mtar xf *.tar.gz[0m
2022-12-27T02:57:34.4325240Z [36;1mcd grpcio-*/[0m
2022-12-27T02:57:34.4325860Z [36;1mpython -m pip install cibuildwheel==2.11.3[0m
2022-12-27T02:57:34.4326680Z [36;1mpython -m cibuildwheel --output-dir ../wheelsout[0m
2022-12-27T02:57:34.4374550Z shell: /bin/bash -e {0}
2022-12-27T02:57:34.4375140Z env:
2022-12-27T02:57:34.4376100Z   pythonLocation: /Users/runner/hostedtoolcache/Python/3.9.16/x64
2022-12-27T02:57:34.4376960Z   PKG_CONFIG_PATH: /Users/runner/hostedtoolcache/Python/3.9.16/x64/lib/pkgconfig
2022-12-27T02:57:34.4377770Z   Python_ROOT_DIR: /Users/runner/hostedtoolcache/Python/3.9.16/x64
2022-12-27T02:57:34.4378440Z   Python2_ROOT_DIR: /Users/runner/hostedtoolcache/Python/3.9.16/x64
2022-12-27T02:57:34.4379310Z   Python3_ROOT_DIR: /Users/runner/hostedtoolcache/Python/3.9.16/x64
2022-12-27T02:57:34.4379940Z   CIBW_ARCHS_MACOS: arm64
2022-12-27T02:57:34.4380440Z   CIBW_TEST_SKIP: *_arm64
2022-12-27T02:57:34.4380990Z   CIBW_BUILD: cp39-macosx_arm64
2022-12-27T02:57:34.4381570Z   CIBW_BUILD_FRONTEND: pip
2022-12-27T02:57:34.4382180Z   CIBW_BUILD_VERBOSITY: 3
2022-12-27T02:57:34.4383340Z   CIBW_ENVIRONMENT_MACOS: GRPC_PYTHON_BUILD_WITH_CYTHON=1 GRPC_BUILD_WITH_BORING_SSL_ASM='' GRPC_PYTHON_BUILD_SYSTEM_OPENSSL=TRUE CFLAGS="-I/usr/local/opt/openssl@3/include" LDFLAGS="-L/usr/local/opt/openssl@3/lib" CPPFLAGS="-I/usr/local/opt/openssl@3/include" MAKEFLAGS="-j$(sysctl -n hw.logicalcpu)" PATH=/usr/local/opt/ccache/libexec:$PATH
2022-12-27T02:57:34.4385280Z   CIBW_BEFORE_BUILD: pip install Cython; if [[ -f requirements.txt ]]; then pip install -r requirements.txt; fi
2022-12-27T02:57:34.4387010Z   MAKEFLAGS: -j$(sysctl -n hw.logicalcpu)
2022-12-27T02:57:34.4387740Z ##[endgroup]
2022-12-27T02:57:36.3109270Z Requirement already satisfied: cibuildwheel==2.11.3 in /Users/runner/hostedtoolcache/Python/3.9.16/x64/lib/python3.9/site-packages (2.11.3)
2022-12-27T02:57:36.3544730Z Requirement already satisfied: tomli in /Users/runner/hostedtoolcache/Python/3.9.16/x64/lib/python3.9/site-packages (from cibuildwheel==2.11.3) (2.0.1)
2022-12-27T02:57:36.3550380Z Requirement already satisfied: platformdirs in /Users/runner/hostedtoolcache/Python/3.9.16/x64/lib/python3.9/site-packages (from cibuildwheel==2.11.3) (2.6.0)
2022-12-27T02:57:36.3570090Z Requirement already satisfied: typing-extensions>=4.1.0 in /Users/runner/hostedtoolcache/Python/3.9.16/x64/lib/python3.9/site-packages (from cibuildwheel==2.11.3) (4.4.0)
2022-12-27T02:57:36.3580060Z Requirement already satisfied: bashlex!=0.13 in /Users/runner/hostedtoolcache/Python/3.9.16/x64/lib/python3.9/site-packages (from cibuildwheel==2.11.3) (0.16)
2022-12-27T02:57:36.3584250Z Requirement already satisfied: filelock in /Users/runner/hostedtoolcache/Python/3.9.16/x64/lib/python3.9/site-packages (from cibuildwheel==2.11.3) (3.8.2)
2022-12-27T02:57:36.3590530Z Requirement already satisfied: bracex in /Users/runner/hostedtoolcache/Python/3.9.16/x64/lib/python3.9/site-packages (from cibuildwheel==2.11.3) (2.3.post1)
2022-12-27T02:57:36.3603530Z Requirement already satisfied: packaging>=20.9 in /Users/runner/hostedtoolcache/Python/3.9.16/x64/lib/python3.9/site-packages (from cibuildwheel==2.11.3) (22.0)
2022-12-27T02:57:36.3606070Z Requirement already satisfied: certifi in /Users/runner/hostedtoolcache/Python/3.9.16/x64/lib/python3.9/site-packages (from cibuildwheel==2.11.3) (2022.12.7)
2022-12-27T02:57:36.6975910Z 
2022-12-27T02:57:36.6976730Z      _ _       _ _   _       _           _
2022-12-27T02:57:36.6977500Z  ___|_| |_ _ _|_| |_| |_ _ _| |_ ___ ___| |
2022-12-27T02:57:36.6982770Z |  _| | . | | | | | . | | | |   | -_| -_| |
2022-12-27T02:57:36.6984250Z |___|_|___|___|_|_|___|_____|_|_|___|___|_|
2022-12-27T02:57:36.6984640Z 
2022-12-27T02:57:36.6985190Z cibuildwheel version 2.11.3
2022-12-27T02:57:36.6985590Z 
2022-12-27T02:57:36.6985870Z Build options:
2022-12-27T02:57:36.6986360Z   platform: macos
2022-12-27T02:57:36.7280630Z   architectures: arm64[0m
2022-12-27T02:57:36.7281360Z   build_selector: 
2022-12-27T02:57:36.7281890Z     build_config: cp39-macosx_arm64
2022-12-27T02:57:36.7282270Z     skip_config: 
2022-12-27T02:57:36.7282610Z     requires_python: None
2022-12-27T02:57:36.7284180Z     prerelease_pythons: False[0m
2022-12-27T02:57:36.7285010Z   [38;5;244mcontainer_engine: docker[0m
2022-12-27T02:57:36.7286310Z   output_dir: /Users/runner/actions-runner/_work/python.build/python.build/build_grpcio111139/wheelsout[0m
2022-12-27T02:57:36.7287210Z   package_dir: /Users/runner/actions-runner/_work/python.build/python.build/build_grpcio111139/grpcio-1.11.1[0m
2022-12-27T02:57:36.7287790Z   test_selector: 
2022-12-27T02:57:36.7288940Z     skip_config: *_arm64[0m
2022-12-27T02:57:36.7289330Z   [38;5;244mbefore_all: [0m
2022-12-27T02:57:36.7290120Z   before_build: pip install Cython; if [[ -f requirements.txt ]]; then pip install -r requirements.txt; fi[0m
2022-12-27T02:57:36.7290760Z   [38;5;244mbefore_test: [0m
2022-12-27T02:57:36.7292800Z   [38;5;244mbuild_frontend: pip[0m
2022-12-27T02:57:36.7293290Z   build_verbosity: 3[0m
2022-12-27T02:57:36.7293760Z   [38;5;244mconfig_settings: [0m
2022-12-27T02:57:36.7294550Z   [38;5;244mdependency_constraints: pinned[0m
2022-12-27T02:57:36.7294990Z   environment: 
2022-12-27T02:57:36.7297090Z     GRPC_PYTHON_BUILD_WITH_CYTHON=1
2022-12-27T02:57:36.7297550Z     GRPC_BUILD_WITH_BORING_SSL_ASM=''
2022-12-27T02:57:36.7297890Z     GRPC_PYTHON_BUILD_SYSTEM_OPENSSL=TRUE
2022-12-27T02:57:36.7299090Z     CFLAGS="-I/usr/local/opt/openssl@3/include"
2022-12-27T02:57:36.7299940Z     LDFLAGS="-L/usr/local/opt/openssl@3/lib"
2022-12-27T02:57:36.7300400Z     CPPFLAGS="-I/usr/local/opt/openssl@3/include"
2022-12-27T02:57:36.7300890Z     MAKEFLAGS="-j$(sysctl -n hw.logicalcpu)"
2022-12-27T02:57:36.7301390Z     PATH=/usr/local/opt/ccache/libexec:$PATH[0m
2022-12-27T02:57:36.7301790Z   [38;5;244mmanylinux_images: None[0m
2022-12-27T02:57:36.7302420Z   [38;5;244mmusllinux_images: None[0m
2022-12-27T02:57:36.7303070Z   [38;5;244mrepair_command: delocate-wheel --require-archs {delocate_archs} -w {dest_dir} -v {wheel}[0m
2022-12-27T02:57:36.7303610Z   [38;5;244mtest_command: [0m
2022-12-27T02:57:36.7303970Z   [38;5;244mtest_extras: [0m
2022-12-27T02:57:36.7304460Z   [38;5;244mtest_requires: [0m
2022-12-27T02:57:36.7304990Z 
2022-12-27T02:57:36.7305210Z Cache folder: /Users/runner/Library/Caches/cibuildwheel
2022-12-27T02:57:36.7321350Z 
2022-12-27T02:57:36.7322980Z Here we go!
2022-12-27T02:57:36.7323470Z 
2022-12-27T02:57:36.7447360Z 
2022-12-27T02:57:36.7448360Z [1m[34mBuilding cp39-macosx_arm64 wheel[0m
2022-12-27T02:57:36.7448850Z CPython 3.9 macOS arm64 - Apple Silicon
2022-12-27T02:57:36.7449360Z 
2022-12-27T02:57:36.7451820Z ##[group]Installing Python cp39...
2022-12-27T02:57:36.7452080Z 
2022-12-27T02:57:36.7453880Z + pkgutil --pkgs
2022-12-27T02:57:36.7651640Z ##[endgroup]
2022-12-27T02:57:36.7653970Z                                                               [32m✓ [0m0.02s
2022-12-27T02:57:36.7654700Z ##[group]Setting up build environment...
2022-12-27T02:57:36.7654940Z 
2022-12-27T02:57:36.7690660Z + /Users/runner/hostedtoolcache/Python/3.9.16/x64/bin/python -sS /Users/runner/Library/Caches/cibuildwheel/virtualenv-20.17.0.pyz --activators= --no-periodic-update --pip=22.3.1 --setuptools=65.6.3 --wheel=0.38.4 --symlink-app-data --python /Library/Frameworks/Python.framework/Versions/3.9/bin/python3 /private/var/folders/51/hd414ycd67n82196sw51xqtc0000gn/T/cibw-run-ma3uyh_g/cp39-macosx_arm64/build/venv
2022-12-27T02:57:37.0679630Z created virtual environment CPython3.9.13.final.0-64 in 83ms
2022-12-27T02:57:37.0681110Z   creator CPython3Posix(dest=/private/var/folders/51/hd414ycd67n82196sw51xqtc0000gn/T/cibw-run-ma3uyh_g/cp39-macosx_arm64/build/venv, clear=False, no_vcs_ignore=False, global=False)
2022-12-27T02:57:37.0681820Z   seeder FromAppData(download=False, pip=22.3.1, setuptools=65.6.3, wheel=0.38.4, via=symlink, app_data_dir=/Users/runner/Library/Application Support/virtualenv)
2022-12-27T02:57:37.0682290Z     added seed packages: pip==22.3.1, setuptools==65.6.3, wheel==0.38.4
2022-12-27T02:57:37.0910320Z + python -m pip install --upgrade pip -c /Users/runner/hostedtoolcache/Python/3.9.16/x64/lib/python3.9/site-packages/cibuildwheel/resources/constraints-python39.txt
2022-12-27T02:57:37.6554330Z Requirement already satisfied: pip in ./lib/python3.9/site-packages (22.3.1)
2022-12-27T02:57:37.9390150Z + which pip
2022-12-27T02:57:37.9434330Z /private/var/folders/51/hd414ycd67n82196sw51xqtc0000gn/T/cibw-run-ma3uyh_g/cp39-macosx_arm64/build/venv/bin/pip
2022-12-27T02:57:37.9437380Z + pip --version
2022-12-27T02:57:38.3238430Z pip 22.3.1 from /private/var/folders/51/hd414ycd67n82196sw51xqtc0000gn/T/cibw-run-ma3uyh_g/cp39-macosx_arm64/build/venv/lib/python3.9/site-packages/pip (python 3.9)
2022-12-27T02:57:38.3701530Z + which pip
2022-12-27T02:57:38.3761720Z + which python
2022-12-27T02:57:38.3802460Z /private/var/folders/51/hd414ycd67n82196sw51xqtc0000gn/T/cibw-run-ma3uyh_g/cp39-macosx_arm64/build/venv/bin/python
2022-12-27T02:57:38.3807190Z + python --version
2022-12-27T02:57:38.3898480Z Python 3.9.13
2022-12-27T02:57:38.3904920Z + which python
2022-12-27T02:57:38.4011700Z ##[endgroup]
2022-12-27T02:57:38.4013610Z                                                               [32m✓ [0m1.64s
2022-12-27T02:57:38.4015130Z ##[group]Installing build tools...
2022-12-27T02:57:38.4015550Z 
2022-12-27T02:57:38.4016540Z + pip install --upgrade setuptools wheel delocate -c /Users/runner/hostedtoolcache/Python/3.9.16/x64/lib/python3.9/site-packages/cibuildwheel/resources/constraints-python39.txt
2022-12-27T02:57:38.9035020Z Requirement already satisfied: setuptools in /private/var/folders/51/hd414ycd67n82196sw51xqtc0000gn/T/cibw-run-ma3uyh_g/cp39-macosx_arm64/build/venv/lib/python3.9/site-packages (65.6.3)
2022-12-27T02:57:39.3391520Z Requirement already satisfied: wheel in /private/var/folders/51/hd414ycd67n82196sw51xqtc0000gn/T/cibw-run-ma3uyh_g/cp39-macosx_arm64/build/venv/lib/python3.9/site-packages (0.38.4)
2022-12-27T02:57:39.4304720Z Collecting delocate
2022-12-27T02:57:39.4359490Z   Using cached delocate-0.10.3-py3-none-any.whl (142 kB)
2022-12-27T02:57:39.4999650Z Collecting packaging>=20.9
2022-12-27T02:57:39.5046350Z   Using cached packaging-21.3-py3-none-any.whl (40 kB)
2022-12-27T02:57:39.5358460Z Collecting typing-extensions
2022-12-27T02:57:39.5402880Z   Using cached typing_extensions-4.4.0-py3-none-any.whl (26 kB)
2022-12-27T02:57:39.6089570Z Collecting pyparsing!=3.0.5,>=2.0.2
2022-12-27T02:57:39.6133300Z   Using cached pyparsing-3.0.9-py3-none-any.whl (98 kB)
2022-12-27T02:57:39.6804100Z Installing collected packages: typing-extensions, pyparsing, packaging, delocate
2022-12-27T02:57:39.9320420Z Successfully installed delocate-0.10.3 packaging-21.3 pyparsing-3.0.9 typing-extensions-4.4.0
2022-12-27T02:57:40.0649920Z ##[endgroup]
2022-12-27T02:57:40.0650870Z                                                               [32m✓ [0m1.66s
2022-12-27T02:57:40.0651840Z ##[group]Running before_build...
2022-12-27T02:57:40.0652000Z 
2022-12-27T02:57:40.0664550Z + pip install Cython; if [[ -f requirements.txt ]]; then pip install -r requirements.txt; fi
2022-12-27T02:57:41.3693340Z Collecting Cython
2022-12-27T02:57:41.3785450Z   Using cached Cython-0.29.32-py2.py3-none-any.whl (986 kB)
2022-12-27T02:57:41.4553220Z Installing collected packages: Cython
2022-12-27T02:57:42.3072860Z Successfully installed Cython-0.29.32
2022-12-27T02:57:43.7844840Z Collecting coverage>=4.0
2022-12-27T02:57:43.7906600Z   Using cached coverage-7.0.1-cp39-cp39-macosx_10_9_x86_64.whl (188 kB)
2022-12-27T02:57:43.8038140Z Requirement already satisfied: cython>=0.27 in /private/var/folders/51/hd414ycd67n82196sw51xqtc0000gn/T/cibw-run-ma3uyh_g/cp39-macosx_arm64/build/venv/lib/python3.9/site-packages (from -r requirements.txt (line 3)) (0.29.32)
2022-12-27T02:57:44.0407640Z Collecting enum34>=1.0.4
2022-12-27T02:57:44.0460080Z   Using cached enum34-1.1.10-py3-none-any.whl (11 kB)
2022-12-27T02:57:44.6386290Z Collecting protobuf>=3.5.0.post1
2022-12-27T02:57:44.6459140Z   Using cached protobuf-4.21.12-cp37-abi3-macosx_10_9_universal2.whl (486 kB)
2022-12-27T02:57:44.6905680Z Collecting six>=1.10
2022-12-27T02:57:44.6949720Z   Using cached six-1.16.0-py2.py3-none-any.whl (11 kB)
2022-12-27T02:57:44.6982070Z Requirement already satisfied: wheel>=0.29 in /private/var/folders/51/hd414ycd67n82196sw51xqtc0000gn/T/cibw-run-ma3uyh_g/cp39-macosx_arm64/build/venv/lib/python3.9/site-packages (from -r requirements.txt (line 7)) (0.38.4)
2022-12-27T02:57:44.7721420Z Installing collected packages: enum34, six, protobuf, coverage
2022-12-27T02:57:45.2282530Z Successfully installed coverage-7.0.1 enum34-1.1.10 protobuf-4.21.12 six-1.16.0
2022-12-27T02:57:45.3662330Z ##[endgroup]
2022-12-27T02:57:45.3663640Z                                                               [32m✓ [0m5.30s
2022-12-27T02:57:45.3664310Z ##[group]Building wheel...
2022-12-27T02:57:45.3664530Z 
2022-12-27T02:57:45.3674120Z + python -m pip wheel /Users/runner/actions-runner/_work/python.build/python.build/build_grpcio111139/grpcio-1.11.1 --wheel-dir=/private/var/folders/51/hd414ycd67n82196sw51xqtc0000gn/T/cibw-run-ma3uyh_g/cp39-macosx_arm64/built_wheel --no-deps -vvv
2022-12-27T02:57:45.8477090Z Created temporary directory: /private/var/folders/51/hd414ycd67n82196sw51xqtc0000gn/T/pip-ephem-wheel-cache-k1ehgtlc
2022-12-27T02:57:45.8486060Z Created temporary directory: /private/var/folders/51/hd414ycd67n82196sw51xqtc0000gn/T/pip-build-tracker-5uyob2va
2022-12-27T02:57:45.8488620Z Initialized build tracking at /private/var/folders/51/hd414ycd67n82196sw51xqtc0000gn/T/pip-build-tracker-5uyob2va
2022-12-27T02:57:45.8493180Z Created build tracker: /private/var/folders/51/hd414ycd67n82196sw51xqtc0000gn/T/pip-build-tracker-5uyob2va
2022-12-27T02:57:45.8494880Z Entered build tracker: /private/var/folders/51/hd414ycd67n82196sw51xqtc0000gn/T/pip-build-tracker-5uyob2va
2022-12-27T02:57:45.8500400Z Created temporary directory: /private/var/folders/51/hd414ycd67n82196sw51xqtc0000gn/T/pip-wheel-g3d5t54k
2022-12-27T02:57:45.8514060Z Created temporary directory: /private/var/folders/51/hd414ycd67n82196sw51xqtc0000gn/T/pip-ephem-wheel-cache-7sv0o68w
2022-12-27T02:57:45.8885620Z Processing /Users/runner/actions-runner/_work/python.build/python.build/build_grpcio111139/grpcio-1.11.1
2022-12-27T02:57:45.8892470Z   Added file:///Users/runner/actions-runner/_work/python.build/python.build/build_grpcio111139/grpcio-1.11.1 to build tracker '/private/var/folders/51/hd414ycd67n82196sw51xqtc0000gn/T/pip-build-tracker-5uyob2va'
2022-12-27T02:57:45.8898690Z   Running setup.py (path:/Users/runner/actions-runner/_work/python.build/python.build/build_grpcio111139/grpcio-1.11.1/setup.py) egg_info for package from file:///Users/runner/actions-runner/_work/python.build/python.build/build_grpcio111139/grpcio-1.11.1
2022-12-27T02:57:45.8905020Z   Created temporary directory: /private/var/folders/51/hd414ycd67n82196sw51xqtc0000gn/T/pip-pip-egg-info-3pkg83u1
2022-12-27T02:57:45.8908890Z   Preparing metadata (setup.py): started
2022-12-27T02:57:45.8911790Z   Running command python setup.py egg_info
2022-12-27T02:57:46.7516910Z   /private/var/folders/51/hd414ycd67n82196sw51xqtc0000gn/T/cibw-run-ma3uyh_g/cp39-macosx_arm64/build/venv/lib/python3.9/site-packages/Cython/Compiler/Main.py:369: FutureWarning: Cython directive 'language_level' not set, using 2 for now (Py2). This will change in a later release! File: /Users/runner/actions-runner/_work/python.build/python.build/build_grpcio111139/grpcio-1.11.1/src/python/grpcio/grpc/_cython/cygrpc.pxd
2022-12-27T02:57:46.7519280Z     tree = Parsing.p_module(s, pxd, full_module_name)
2022-12-27T02:57:46.9081080Z   warning: src/python/grpcio/grpc/_cython/_cygrpc/grpc.pxi:565:2: 'grpc_compression_level' redeclared
2022-12-27T02:57:46.9362010Z   warning: src/python/grpcio/grpc/_cython/_cygrpc/grpc.pxi:131:13: 'GRPC_ARG_PRIMARY_USER_AGENT_STRING' redeclared
2022-12-27T02:57:46.9466060Z   warning: src/python/grpcio/grpc/_cython/_cygrpc/grpc.pxi:566:4: 'GRPC_COMPRESS_LEVEL_NONE' redeclared
2022-12-27T02:57:46.9467960Z   warning: src/python/grpcio/grpc/_cython/_cygrpc/grpc.pxi:567:4: 'GRPC_COMPRESS_LEVEL_LOW' redeclared
2022-12-27T02:57:46.9471280Z   warning: src/python/grpcio/grpc/_cython/_cygrpc/grpc.pxi:568:4: 'GRPC_COMPRESS_LEVEL_MED' redeclared
2022-12-27T02:57:46.9473240Z   warning: src/python/grpcio/grpc/_cython/_cygrpc/grpc.pxi:569:4: 'GRPC_COMPRESS_LEVEL_HIGH' redeclared
2022-12-27T02:57:49.4963340Z   Compiling src/python/grpcio/grpc/_cython/cygrpc.pyx because it depends on /private/var/folders/51/hd414ycd67n82196sw51xqtc0000gn/T/cibw-run-ma3uyh_g/cp39-macosx_arm64/build/venv/lib/python3.9/site-packages/Cython/Includes/libc/time.pxd.
2022-12-27T02:57:49.4966620Z   [1/1] Cythonizing src/python/grpcio/grpc/_cython/cygrpc.pyx
2022-12-27T02:57:49.5309000Z   running egg_info
2022-12-27T02:57:49.5315870Z   creating /private/var/folders/51/hd414ycd67n82196sw51xqtc0000gn/T/pip-pip-egg-info-3pkg83u1/grpcio.egg-info
2022-12-27T02:57:49.5343200Z   writing /private/var/folders/51/hd414ycd67n82196sw51xqtc0000gn/T/pip-pip-egg-info-3pkg83u1/grpcio.egg-info/PKG-INFO
2022-12-27T02:57:49.5347540Z   writing dependency_links to /private/var/folders/51/hd414ycd67n82196sw51xqtc0000gn/T/pip-pip-egg-info-3pkg83u1/grpcio.egg-info/dependency_links.txt
2022-12-27T02:57:49.5353740Z   writing requirements to /private/var/folders/51/hd414ycd67n82196sw51xqtc0000gn/T/pip-pip-egg-info-3pkg83u1/grpcio.egg-info/requires.txt
2022-12-27T02:57:49.5358710Z   writing top-level names to /private/var/folders/51/hd414ycd67n82196sw51xqtc0000gn/T/pip-pip-egg-info-3pkg83u1/grpcio.egg-info/top_level.txt
2022-12-27T02:57:49.5363420Z   writing manifest file '/private/var/folders/51/hd414ycd67n82196sw51xqtc0000gn/T/pip-pip-egg-info-3pkg83u1/grpcio.egg-info/SOURCES.txt'
2022-12-27T02:57:49.5498720Z   reading manifest file '/private/var/folders/51/hd414ycd67n82196sw51xqtc0000gn/T/pip-pip-egg-info-3pkg83u1/grpcio.egg-info/SOURCES.txt'
2022-12-27T02:57:49.5500270Z   reading manifest template 'PYTHON-MANIFEST.in'
2022-12-27T02:57:49.5532460Z   warning: no files found matching '*.c' under directory 'src/python/grpcio/grpc'
2022-12-27T02:57:49.5562030Z   warning: no files found matching '*.h' under directory 'src/python/grpcio/grpc'
2022-12-27T02:57:49.5725710Z   warning: no files found matching '*.python' under directory 'src/python/grpcio/grpc'
2022-12-27T02:57:49.5764590Z   warning: no previously-included files matching '*.so' found under directory 'src/python/grpcio/grpc/_cython'
2022-12-27T02:57:49.5766250Z   warning: no previously-included files matching '*.pyd' found under directory 'src/python/grpcio/grpc/_cython'
2022-12-27T02:57:49.6412810Z   warning: no files found matching 'src/python/grpcio/precompiled.py'
2022-12-27T02:57:49.6759260Z   writing manifest file '/private/var/folders/51/hd414ycd67n82196sw51xqtc0000gn/T/pip-pip-egg-info-3pkg83u1/grpcio.egg-info/SOURCES.txt'
2022-12-27T02:57:49.8613740Z   Preparing metadata (setup.py): finished with status 'done'
2022-12-27T02:57:49.8686950Z   Source in /Users/runner/actions-runner/_work/python.build/python.build/build_grpcio111139/grpcio-1.11.1 has version 1.11.1, which satisfies requirement grpcio==1.11.1 from file:///Users/runner/actions-runner/_work/python.build/python.build/build_grpcio111139/grpcio-1.11.1
2022-12-27T02:57:49.8696720Z   Removed grpcio==1.11.1 from file:///Users/runner/actions-runner/_work/python.build/python.build/build_grpcio111139/grpcio-1.11.1 from build tracker '/private/var/folders/51/hd414ycd67n82196sw51xqtc0000gn/T/pip-build-tracker-5uyob2va'
2022-12-27T02:57:49.8735500Z Created temporary directory: /private/var/folders/51/hd414ycd67n82196sw51xqtc0000gn/T/pip-unpack-s3bn_s5o
2022-12-27T02:57:49.8739010Z Building wheels for collected packages: grpcio
2022-12-27T02:57:49.8752030Z   Created temporary directory: /private/var/folders/51/hd414ycd67n82196sw51xqtc0000gn/T/pip-wheel-6m2_cvat
2022-12-27T02:57:49.8753770Z   Building wheel for grpcio (setup.py): started
2022-12-27T02:57:49.8757180Z   Destination directory: /private/var/folders/51/hd414ycd67n82196sw51xqtc0000gn/T/pip-wheel-6m2_cvat
2022-12-27T02:57:49.8889930Z   Running command python setup.py bdist_wheel
2022-12-27T02:57:50.6449540Z   running bdist_wheel
2022-12-27T02:57:50.6507790Z   running build
2022-12-27T02:57:50.6510370Z   running build_py
2022-12-27T02:57:50.6512030Z   running build_project_metadata
2022-12-27T02:57:50.6520760Z   creating python_build
2022-12-27T02:57:50.6530780Z   creating python_build/lib.macosx-11.0-arm64-cpython-39
2022-12-27T02:57:50.6532590Z   creating python_build/lib.macosx-11.0-arm64-cpython-39/grpc
2022-12-27T02:57:50.6535670Z   copying src/python/grpcio/grpc/_channel.py -> python_build/lib.macosx-11.0-arm64-cpython-39/grpc
2022-12-27T02:57:50.6540950Z   copying src/python/grpcio/grpc/_common.py -> python_build/lib.macosx-11.0-arm64-cpython-39/grpc
2022-12-27T02:57:50.6542720Z   copying src/python/grpcio/grpc/__init__.py -> python_build/lib.macosx-11.0-arm64-cpython-39/grpc
2022-12-27T02:57:50.6545860Z   copying src/python/grpcio/grpc/_utilities.py -> python_build/lib.macosx-11.0-arm64-cpython-39/grpc
2022-12-27T02:57:50.6548810Z   copying src/python/grpcio/grpc/_plugin_wrapping.py -> python_build/lib.macosx-11.0-arm64-cpython-39/grpc
2022-12-27T02:57:50.6556850Z   copying src/python/grpcio/grpc/_interceptor.py -> python_build/lib.macosx-11.0-arm64-cpython-39/grpc
2022-12-27T02:57:50.6562230Z   copying src/python/grpcio/grpc/_grpcio_metadata.py -> python_build/lib.macosx-11.0-arm64-cpython-39/grpc
2022-12-27T02:57:50.6566260Z   copying src/python/grpcio/grpc/_server.py -> python_build/lib.macosx-11.0-arm64-cpython-39/grpc
2022-12-27T02:57:50.6568580Z   copying src/python/grpcio/grpc/_auth.py -> python_build/lib.macosx-11.0-arm64-cpython-39/grpc
2022-12-27T02:57:50.6578060Z   creating python_build/lib.macosx-11.0-arm64-cpython-39/grpc/beta
2022-12-27T02:57:50.6582360Z   copying src/python/grpcio/grpc/beta/_server_adaptations.py -> python_build/lib.macosx-11.0-arm64-cpython-39/grpc/beta
2022-12-27T02:57:50.6584990Z   copying src/python/grpcio/grpc/beta/interfaces.py -> python_build/lib.macosx-11.0-arm64-cpython-39/grpc/beta
2022-12-27T02:57:50.6591550Z   copying src/python/grpcio/grpc/beta/_metadata.py -> python_build/lib.macosx-11.0-arm64-cpython-39/grpc/beta
2022-12-27T02:57:50.6593850Z   copying src/python/grpcio/grpc/beta/__init__.py -> python_build/lib.macosx-11.0-arm64-cpython-39/grpc/beta
2022-12-27T02:57:50.6599220Z   copying src/python/grpcio/grpc/beta/utilities.py -> python_build/lib.macosx-11.0-arm64-cpython-39/grpc/beta
2022-12-27T02:57:50.6602540Z   copying src/python/grpcio/grpc/beta/implementations.py -> python_build/lib.macosx-11.0-arm64-cpython-39/grpc/beta
2022-12-27T02:57:50.6607380Z   copying src/python/grpcio/grpc/beta/_client_adaptations.py -> python_build/lib.macosx-11.0-arm64-cpython-39/grpc/beta
2022-12-27T02:57:50.6616700Z   creating python_build/lib.macosx-11.0-arm64-cpython-39/grpc/experimental
2022-12-27T02:57:50.6619170Z   copying src/python/grpcio/grpc/experimental/gevent.py -> python_build/lib.macosx-11.0-arm64-cpython-39/grpc/experimental
2022-12-27T02:57:50.6624270Z   copying src/python/grpcio/grpc/experimental/__init__.py -> python_build/lib.macosx-11.0-arm64-cpython-39/grpc/experimental
2022-12-27T02:57:50.6639160Z   creating python_build/lib.macosx-11.0-arm64-cpython-39/grpc/framework
2022-12-27T02:57:50.6645240Z   copying src/python/grpcio/grpc/framework/__init__.py -> python_build/lib.macosx-11.0-arm64-cpython-39/grpc/framework
2022-12-27T02:57:50.6648670Z   creating python_build/lib.macosx-11.0-arm64-cpython-39/grpc/_cython
2022-12-27T02:57:50.6651260Z   copying src/python/grpcio/grpc/_cython/__init__.py -> python_build/lib.macosx-11.0-arm64-cpython-39/grpc/_cython
2022-12-27T02:57:50.6661330Z   creating python_build/lib.macosx-11.0-arm64-cpython-39/grpc/framework/foundation
2022-12-27T02:57:50.6664100Z   copying src/python/grpcio/grpc/framework/foundation/callable_util.py -> python_build/lib.macosx-11.0-arm64-cpython-39/grpc/framework/foundation
2022-12-27T02:57:50.6667560Z   copying src/python/grpcio/grpc/framework/foundation/abandonment.py -> python_build/lib.macosx-11.0-arm64-cpython-39/grpc/framework/foundation
2022-12-27T02:57:50.6671680Z   copying src/python/grpcio/grpc/framework/foundation/__init__.py -> python_build/lib.macosx-11.0-arm64-cpython-39/grpc/framework/foundation
2022-12-27T02:57:50.6673700Z   copying src/python/grpcio/grpc/framework/foundation/stream.py -> python_build/lib.macosx-11.0-arm64-cpython-39/grpc/framework/foundation
2022-12-27T02:57:50.6682380Z   copying src/python/grpcio/grpc/framework/foundation/stream_util.py -> python_build/lib.macosx-11.0-arm64-cpython-39/grpc/framework/foundation
2022-12-27T02:57:50.6685630Z   copying src/python/grpcio/grpc/framework/foundation/future.py -> python_build/lib.macosx-11.0-arm64-cpython-39/grpc/framework/foundation
2022-12-27T02:57:50.6688540Z   copying src/python/grpcio/grpc/framework/foundation/logging_pool.py -> python_build/lib.macosx-11.0-arm64-cpython-39/grpc/framework/foundation
2022-12-27T02:57:50.6696260Z   creating python_build/lib.macosx-11.0-arm64-cpython-39/grpc/framework/common
2022-12-27T02:57:50.6699330Z   copying src/python/grpcio/grpc/framework/common/style.py -> python_build/lib.macosx-11.0-arm64-cpython-39/grpc/framework/common
2022-12-27T02:57:50.6705450Z   copying src/python/grpcio/grpc/framework/common/cardinality.py -> python_build/lib.macosx-11.0-arm64-cpython-39/grpc/framework/common
2022-12-27T02:57:50.6709120Z   copying src/python/grpcio/grpc/framework/common/__init__.py -> python_build/lib.macosx-11.0-arm64-cpython-39/grpc/framework/common
2022-12-27T02:57:50.6716620Z   creating python_build/lib.macosx-11.0-arm64-cpython-39/grpc/framework/interfaces
2022-12-27T02:57:50.6719090Z   copying src/python/grpcio/grpc/framework/interfaces/__init__.py -> python_build/lib.macosx-11.0-arm64-cpython-39/grpc/framework/interfaces
2022-12-27T02:57:50.6727110Z   creating python_build/lib.macosx-11.0-arm64-cpython-39/grpc/framework/interfaces/face
2022-12-27T02:57:50.6730180Z   copying src/python/grpcio/grpc/framework/interfaces/face/__init__.py -> python_build/lib.macosx-11.0-arm64-cpython-39/grpc/framework/interfaces/face
2022-12-27T02:57:50.6733530Z   copying src/python/grpcio/grpc/framework/interfaces/face/utilities.py -> python_build/lib.macosx-11.0-arm64-cpython-39/grpc/framework/interfaces/face
2022-12-27T02:57:50.6737910Z   copying src/python/grpcio/grpc/framework/interfaces/face/face.py -> python_build/lib.macosx-11.0-arm64-cpython-39/grpc/framework/interfaces/face
2022-12-27T02:57:50.6748210Z   creating python_build/lib.macosx-11.0-arm64-cpython-39/grpc/framework/interfaces/base
2022-12-27T02:57:50.6750820Z   copying src/python/grpcio/grpc/framework/interfaces/base/__init__.py -> python_build/lib.macosx-11.0-arm64-cpython-39/grpc/framework/interfaces/base
2022-12-27T02:57:50.6754420Z   copying src/python/grpcio/grpc/framework/interfaces/base/utilities.py -> python_build/lib.macosx-11.0-arm64-cpython-39/grpc/framework/interfaces/base
2022-12-27T02:57:50.6759300Z   copying src/python/grpcio/grpc/framework/interfaces/base/base.py -> python_build/lib.macosx-11.0-arm64-cpython-39/grpc/framework/interfaces/base
2022-12-27T02:57:50.6767480Z   creating python_build/lib.macosx-11.0-arm64-cpython-39/grpc/_cython/_cygrpc
2022-12-27T02:57:50.6770360Z   copying src/python/grpcio/grpc/_cython/_cygrpc/__init__.py -> python_build/lib.macosx-11.0-arm64-cpython-39/grpc/_cython/_cygrpc
2022-12-27T02:57:50.6780410Z   creating python_build/lib.macosx-11.0-arm64-cpython-39/grpc/_cython/_credentials
2022-12-27T02:57:50.6782770Z   copying src/python/grpcio/grpc/_cython/_credentials/roots.pem -> python_build/lib.macosx-11.0-arm64-cpython-39/grpc/_cython/_credentials
2022-12-27T02:57:50.6831880Z   running build_ext
2022-12-27T02:57:58.8881390Z   b'[C]       Compiling third_party/address_sorting/address_sorting.c\n[C]       Compiling third_party/address_sorting/address_sorting_posix.c\n[C]       Compiling third_party/address_sorting/address_sorting_windows.c\n[C]       Compiling third_party/cares/cares/ares__close_sockets.c\n[C]       Compiling third_party/cares/cares/ares__get_hostent.c\n[C]       Compiling third_party/cares/cares/ares__read_line.c\n[C]       Compiling third_party/cares/cares/ares__timeval.c\n[C]       Compiling third_party/cares/cares/ares_cancel.c\n[C]       Compiling third_party/cares/cares/ares_create_query.c\n[C]       Compiling third_party/cares/cares/ares_data.c\n[C]       Compiling third_party/cares/cares/ares_destroy.c\n[C]       Compiling third_party/cares/cares/ares_expand_name.c\n[C]       Compiling third_party/cares/cares/ares_expand_string.c\n[C]       Compiling third_party/cares/cares/ares_fds.c\n[C]       Compiling third_party/cares/cares/ares_free_hostent.c\n[C]       Compiling third_party/cares/cares/ares_free_string.c\n[C]       Compiling third_party/cares/cares/ares_getenv.c\n[C]       Compiling third_party/cares/cares/ares_gethostbyaddr.c\n[C]       Compiling third_party/cares/cares/ares_gethostbyname.c\n[C]       Compiling third_party/cares/cares/ares_getnameinfo.c\n[C]       Compiling third_party/cares/cares/ares_getopt.c\n[C]       Compiling third_party/cares/cares/ares_getsock.c\n[C]       Compiling third_party/cares/cares/ares_init.c\n[C]       Compiling third_party/cares/cares/ares_library_init.c\n[C]       Compiling third_party/cares/cares/ares_llist.c\n[C]       Compiling third_party/cares/cares/ares_mkquery.c\n[C]       Compiling third_party/cares/cares/ares_nowarn.c\n[C]       Compiling third_party/cares/cares/ares_options.c\n[C]       Compiling third_party/cares/cares/ares_parse_a_reply.c\n[C]       Compiling third_party/cares/cares/ares_parse_aaaa_reply.c\n[C]       Compiling third_party/cares/cares/ares_parse_mx_reply.c\n[C]       Compiling third_party/cares/cares/ares_parse_naptr_reply.c\n[C]       Compiling third_party/cares/cares/ares_parse_ns_reply.c\n[C]       Compiling third_party/cares/cares/ares_parse_ptr_reply.c\n[C]       Compiling third_party/cares/cares/ares_parse_soa_reply.c\n[C]       Compiling third_party/cares/cares/ares_parse_srv_reply.c\n[C]       Compiling third_party/cares/cares/ares_parse_txt_reply.c\n[C]       Compiling third_party/cares/cares/ares_platform.c\n[C]       Compiling third_party/cares/cares/ares_process.c\n[C]       Compiling third_party/cares/cares/ares_query.c\n[C]       Compiling third_party/cares/cares/ares_search.c\n[C]       Compiling third_party/cares/cares/ares_send.c\n[C]       Compiling third_party/cares/cares/ares_strcasecmp.c\n[C]       Compiling third_party/cares/cares/ares_strdup.c\n[C]       Compiling third_party/cares/cares/ares_strerror.c\n[C]       Compiling third_party/cares/cares/ares_timeout.c\n[C]       Compiling third_party/cares/cares/ares_version.c\n[C]       Compiling third_party/cares/cares/ares_writev.c\n[C]       Compiling third_party/cares/cares/bitncmp.c\n[C]       Compiling third_party/cares/cares/inet_net_pton.c\n[C]       Compiling third_party/cares/cares/inet_ntop.c\n[C]       Compiling third_party/cares/cares/windows_port.c\n[C]       Compiling third_party/zlib/adler32.c\n[C]       Compiling third_party/zlib/crc32.c\n[C]       Compiling third_party/zlib/compress.c\n[C]       Compiling third_party/zlib/deflate.c\n[C]       Compiling third_party/zlib/gzread.c\n[C]       Compiling third_party/zlib/gzlib.c\n[C]       Compiling third_party/zlib/gzwrite.c\n[C]       Compiling third_party/zlib/gzclose.c\n[C]       Compiling third_party/zlib/inffast.c\n[C]       Compiling third_party/zlib/infback.c\n[C]       Compiling third_party/zlib/inflate.c\n[C]       Compiling third_party/zlib/inftrees.c\n[C]       Compiling third_party/zlib/uncompr.c\n[C]       Compiling third_party/zlib/trees.c\n[C]       Compiling third_party/zlib/zutil.c\n[C]       Compiling third_party/boringssl/crypto/asn1/a_bitstr.c\n[C]       Compiling src/boringssl/err_data.c\n[C]       Compiling third_party/boringssl/crypto/asn1/a_bool.c\n[C]       Compiling third_party/boringssl/crypto/asn1/a_d2i_fp.c\n[C]       Compiling third_party/boringssl/crypto/asn1/a_dup.c\n[C]       Compiling third_party/boringssl/crypto/asn1/a_enum.c\n[C]       Compiling third_party/boringssl/crypto/asn1/a_gentm.c\n[C]       Compiling third_party/boringssl/crypto/asn1/a_i2d_fp.c\n[C]       Compiling third_party/boringssl/crypto/asn1/a_int.c\n[C]       Compiling third_party/boringssl/crypto/asn1/a_object.c\n[C]       Compiling third_party/boringssl/crypto/asn1/a_mbstr.c\n[C]       Compiling third_party/boringssl/crypto/asn1/a_print.c\n[C]       Compiling third_party/boringssl/crypto/asn1/a_octet.c\n[C]       Compiling third_party/boringssl/crypto/asn1/a_strnid.c\n[C]       Compiling third_party/boringssl/crypto/asn1/a_time.c\n[C]       Compiling third_party/boringssl/crypto/asn1/a_type.c\n[C]       Compiling third_party/boringssl/crypto/asn1/a_utctm.c\n[C]       Compiling third_party/boringssl/crypto/asn1/a_utf8.c\n[C]       Compiling third_party/boringssl/crypto/asn1/asn1_lib.c\n'
2022-12-27T02:57:58.9392180Z   b'make: Circular /Users/runner/actions-runner/_work/python.build/python.build/build_grpcio111139/grpcio-1.11.1/libs/opt/libares.a <- /Users/runner/actions-runner/_work/python.build/python.build/build_grpcio111139/grpcio-1.11.1/libs/opt/libz.a dependency dropped.\nmake: Circular /Users/runner/actions-runner/_work/python.build/python.build/build_grpcio111139/grpcio-1.11.1/libs/opt/libaddress_sorting.a <- /Users/runner/actions-runner/_work/python.build/python.build/build_grpcio111139/grpcio-1.11.1/libs/opt/libz.a dependency dropped.\nmake: Circular /Users/runner/actions-runner/_work/python.build/python.build/build_grpcio111139/grpcio-1.11.1/libs/opt/libaddress_sorting.a <- /Users/runner/actions-runner/_work/python.build/python.build/build_grpcio111139/grpcio-1.11.1/libs/opt/libares.a dependency dropped.\nIn file included from src/boringssl/err_data.c:17:\nthird_party/boringssl/include/openssl/base.h:143:9: error: \'OPENSSL_VERSION_NUMBER\' macro redefined [-Werror,-Wmacro-redefined]\n#define OPENSSL_VERSION_NUMBER 0x1010007f\n        ^\n/usr/local/opt/openssl@3/include/openssl/opensslv.h:99:10: note: previous definition is here\n# define OPENSSL_VERSION_NUMBER          \\\n         ^\nIn file included from src/boringssl/err_data.c:18:\nIn file included from /usr/local/opt/openssl@3/include/openssl/err.h:21:\n/usr/local/opt/openssl@3/include/openssl/e_os2.h:183:11: error: \'OPENSSL_EXPORT\' macro redefined [-Werror,-Wmacro-redefined]\n#  define OPENSSL_EXPORT extern\n          ^\nthird_party/boringssl/include/openssl/base.h:178:9: note: previous definition is here\n#define OPENSSL_EXPORT\n        ^\nIn file included from src/boringssl/err_data.c:18:\nIn file included from /usr/local/opt/openssl@3/include/openssl/err.h:28:\nIn file included from /usr/local/opt/openssl@3/include/openssl/types.h:21:\n/usr/local/opt/openssl@3/include/openssl/safestack.h:264:15: error: redefinition of typedef \'OPENSSL_BLOCK\' is a C11 feature [-Werror,-Wtypedef-redefinition]\ntypedef void *OPENSSL_BLOCK;\n              ^\nthird_party/boringssl/include/openssl/base.h:358:15: note: previous definition is here\ntypedef void *OPENSSL_BLOCK;\n              ^\nIn file included from src/boringssl/err_data.c:18:\nIn file included from /usr/local/opt/openssl@3/include/openssl/err.h:28:\n/usr/local/opt/openssl@3/include/openssl/types.h:45:31: error: redefinition of typedef \'ASN1_INTEGER\' is a C11 feature [-Werror,-Wtypedef-redefinition]\ntypedef struct asn1_string_st ASN1_INTEGER;\n                              ^\nthird_party/boringssl/include/openssl/base.h:253:31: note: previous definition is here\ntypedef struct asn1_string_st ASN1_INTEGER;\n                              ^\nIn file included from src/boringssl/err_data.c:18:\nIn file included from /usr/local/opt/openssl@3/include/openssl/err.h:28:\n/usr/local/opt/openssl@3/include/openssl/types.h:46:31: error: redefinition of typedef \'ASN1_ENUMERATED\' is a C11 feature [-Werror,-Wtypedef-redefinition]\ntypedef struct asn1_string_st ASN1_ENUMERATED;\n                              ^\nthird_party/boringssl/include/openssl/base.h:249:31: note: previous definition is here\ntypedef struct asn1_string_st ASN1_ENUMERATED;\n                              ^\nIn file included from src/boringssl/err_data.c:18:\nIn file included from /usr/local/opt/openssl@3/include/openssl/err.h:28:\n/usr/local/opt/openssl@3/include/openssl/types.h:47:31: error: redefinition of typedef \'ASN1_BIT_STRING\' is a C11 feature [-Werror,-Wtypedef-redefinition]\ntypedef struct asn1_string_st ASN1_BIT_STRING;\n                              ^\nthird_party/boringssl/include/openssl/base.h:247:31: note: previous definition is here\ntypedef struct asn1_string_st ASN1_BIT_STRING;\n                              ^\nIn file included from src/boringssl/err_data.c:18:\nIn file included from /usr/local/opt/openssl@3/include/openssl/err.h:28:\n/usr/local/opt/openssl@3/include/openssl/types.h:48:31: error: redefinition of typedef \'ASN1_OCTET_STRING\' is a C11 feature [-Werror,-Wtypedef-redefinition]\ntypedef struct asn1_string_st ASN1_OCTET_STRING;\n                              ^\nthird_party/boringssl/include/openssl/base.h:254:31: note: previous definition is here\ntypedef struct asn1_string_st ASN1_OCTET_STRING;\n                              ^\nIn file included from src/boringssl/err_data.c:18:\nIn file included from /usr/local/opt/openssl@3/include/openssl/err.h:28:\n/usr/local/opt/openssl@3/include/openssl/types.h:49:31: error: redefinition of typedef \'ASN1_PRINTABLESTRING\' is a C11 feature [-Werror,-Wtypedef-redefinition]\ntypedef struct asn1_string_st ASN1_PRINTABLESTRING;\n                              ^\nthird_party/boringssl/include/openssl/base.h:255:31: note: previous definition is here\ntypedef struct asn1_string_st ASN1_PRINTABLESTRING;\n                              ^\nIn file included from src/boringssl/err_data.c:18:\nIn file included from /usr/local/opt/openssl@3/include/openssl/err.h:28:\n/usr/local/opt/openssl@3/include/openssl/types.h:50:31: error: redefinition of typedef \'ASN1_T61STRING\' is a C11 feature [-Werror,-Wtypedef-redefinition]\ntypedef struct asn1_string_st ASN1_T61STRING;\n                              ^\nthird_party/boringssl/include/openssl/base.h:257:31: note: previous definition is here\ntypedef struct asn1_string_st ASN1_T61STRING;\n                              ^\nIn file included from src/boringssl/err_data.c:18:\nIn file included from /usr/local/opt/openssl@3/include/openssl/err.h:28:\n/usr/local/opt/openssl@3/include/openssl/types.h:51:31: error: redefinition of typedef \'ASN1_IA5STRING\' is a C11 feature [-Werror,-Wtypedef-redefinition]\ntypedef struct asn1_string_st ASN1_IA5STRING;\n                              ^\nthird_party/boringssl/include/openssl/base.h:252:31: note: previous definition is here\ntypedef struct asn1_string_st ASN1_IA5STRING;\n                              ^\nIn file included from src/boringssl/err_data.c:18:\nIn file included from /usr/local/opt/openssl@3/include/openssl/err.h:28:\n/usr/local/opt/openssl@3/include/openssl/types.h:52:31: error: redefinition of typedef \'ASN1_GENERALSTRING\' is a C11 feature [-Werror,-Wtypedef-redefinition]\ntypedef struct asn1_string_st ASN1_GENERALSTRING;\n                              ^\nthird_party/boringssl/include/openssl/base.h:251:31: note: previous definition is here\ntypedef struct asn1_string_st ASN1_GENERALSTRING;\n                              ^\nIn file included from src/boringssl/err_data.c:18:\nIn file included from /usr/local/opt/openssl@3/include/openssl/err.h:28:\n/usr/local/opt/openssl@3/include/openssl/types.h:53:31: error: redefinition of typedef \'ASN1_UNIVERSALSTRING\' is a C11 feature [-Werror,-Wtypedef-redefinition]\ntypedef struct asn1_string_st ASN1_UNIVERSALSTRING;\n                              ^\nthird_party/boringssl/include/openssl/base.h:259:31: note: previous definition is here\ntypedef struct asn1_string_st ASN1_UNIVERSALSTRING;\n                              ^\nIn file included from src/boringssl/err_data.c:18:\nIn file included from /usr/local/opt/openssl@3/include/openssl/err.h:28:\n/usr/local/opt/openssl@3/include/openssl/types.h:54:31: error: redefinition of typedef \'ASN1_BMPSTRING\' is a C11 feature [-Werror,-Wtypedef-redefinition]\ntypedef struct asn1_string_st ASN1_BMPSTRING;\n                              ^\nthird_party/boringssl/include/openssl/base.h:248:31: note: previous definition is here\ntypedef struct asn1_string_st ASN1_BMPSTRING;\n                              ^\nIn file included from src/boringssl/err_data.c:18:\nIn file included from /usr/local/opt/openssl@3/include/openssl/err.h:28:\n/usr/local/opt/openssl@3/include/openssl/types.h:55:31: error: redefinition of typedef \'ASN1_UTCTIME\' is a C11 feature [-Werror,-Wtypedef-redefinition]\ntypedef struct asn1_string_st ASN1_UTCTIME;\n                              ^\nthird_party/boringssl/include/openssl/base.h:260:31: note: previous definition is here\ntypedef struct asn1_string_st ASN1_UTCTIME;\n                              ^\nIn file included from src/boringssl/err_data.c:18:\nIn file included from /usr/local/opt/openssl@3/include/openssl/err.h:28:\n/usr/local/opt/openssl@3/include/openssl/types.h:56:31: error: redefinition of typedef \'ASN1_TIME\' is a C11 feature [-Werror,-Wtypedef-redefinition]\ntypedef struct asn1_string_st ASN1_TIME;\n                              ^\nthird_party/boringssl/include/openssl/base.h:258:31: note: previous definition is here\ntypedef struct asn1_string_st ASN1_TIME;\n                              ^\nIn file included from src/boringssl/err_data.c:18:\nIn file included from /usr/local/opt/openssl@3/include/openssl/err.h:28:\n/usr/local/opt/openssl@3/include/openssl/types.h:57:31: error: redefinition of typedef \'ASN1_GENERALIZEDTIME\' is a C11 feature [-Werror,-Wtypedef-redefinition]\ntypedef struct asn1_string_st ASN1_GENERALIZEDTIME;\n                              ^\nthird_party/boringssl/include/openssl/base.h:250:31: note: previous definition is here\ntypedef struct asn1_string_st ASN1_GENERALIZEDTIME;\n                              ^\nIn file included from src/boringssl/err_data.c:18:\nIn file included from /usr/local/opt/openssl@3/include/openssl/err.h:28:\n/usr/local/opt/openssl@3/include/openssl/types.h:58:31: error: redefinition of typedef \'ASN1_VISIBLESTRING\' is a C11 feature [-Werror,-Wtypedef-redefinition]\ntypedef struct asn1_string_st ASN1_VISIBLESTRING;\n                              ^\nthird_party/boringssl/include/openssl/base.h:262:31: note: previous definition is here\ntypedef struct asn1_string_st ASN1_VISIBLESTRING;\n                              ^\nIn file included from src/boringssl/err_data.c:18:\nIn file included from /usr/local/opt/openssl@3/include/openssl/err.h:28:\n/usr/local/opt/openssl@3/include/openssl/types.h:59:31: error: redefinition of typedef \'ASN1_UTF8STRING\' is a C11 feature [-Werror,-Wtypedef-redefinition]\ntypedef struct asn1_string_st ASN1_UTF8STRING;\n                              ^\nthird_party/boringssl/include/openssl/base.h:261:31: note: previous definition is here\ntypedef struct asn1_string_st ASN1_UTF8STRING;\n                              ^\nIn file included from src/boringssl/err_data.c:18:\nIn file included from /usr/local/opt/openssl@3/include/openssl/err.h:28:\n/usr/local/opt/openssl@3/include/openssl/types.h:60:31: error: redefinition of typedef \'ASN1_STRING\' is a C11 feature [-Werror,-Wtypedef-redefinition]\ntypedef struct asn1_string_st ASN1_STRING;\n                              ^\nthird_party/boringssl/include/openssl/base.h:256:31: note: previous definition is here\ntypedef struct asn1_string_st ASN1_STRING;\n                              ^\nfatal error: too many errors emitted, stopping now [-ferror-limit=]\nIn file included from third_party/boringssl/crypto/asn1/a_d2i_fp.c:61:\nIn file included from third_party/boringssl/include/openssl/buf.h:60:\nthird_party/boringssl/include/openssl/base.h:143:9: error: \'OPENSSL_VERSION_NUMBER\' macro redefined [-Werror,-Wmacro-redefined]\n#define OPENSSL_VERSION_NUMBER 0x1010007f\n        ^\n/usr/local/opt/openssl@3/include/openssl/opensslv.h:99:10: note: previous definition is here\n# define OPENSSL_VERSION_NUMBER          \\\n         ^\nIn file included from third_party/boringssl/crypto/asn1/a_d2i_fp.c:61:\nIn file included from third_party/boringssl/include/openssl/buf.h:60:\nthird_party/boringssl/include/openssl/base.h:178:9: error: \'OPENSSL_EXPORT\' macro redefined [-Werror,-Wmacro-redefined]\n#define OPENSSL_EXPORT\n        ^\n/usr/local/opt/openssl@3/include/openssl/e_os2.h:183:11: note: previous definition is here\n#  define OPENSSL_EXPORT extern\n          ^\nIn file included from third_party/boringssl/crypto/asn1/a_d2i_fp.c:61:\nIn file included from third_party/boringssl/include/openssl/buf.h:60:\nthird_party/boringssl/include/openssl/base.h:240:13: error: typedef redefinition with different types (\'int\' vs \'struct crypto_threadid_st\')\ntypedef int CRYPTO_THREADID;\n            ^\n/usr/local/opt/openssl@3/include/openssl/crypto.h:308:3: note: previous definition is here\n} CRYPTO_THREADID;\n  ^\nIn file included from third_party/boringssl/crypto/asn1/a_d2i_fp.c:61:\nIn file included from third_party/boringssl/include/openssl/buf.h:60:\nthird_party/boringssl/include/openssl/base.h:242:13: error: redefinition of typedef \'ASN1_BOOLEAN\' is a C11 feature [-Werror,-Wtypedef-redefinition]\ntypedef int ASN1_BOOLEAN;\n            ^\n/usr/local/opt/openssl@3/include/openssl/types.h:61:13: note: previous definition is here\ntypedef int ASN1_BOOLEAN;\n            ^\nIn file included from third_party/boringssl/crypto/asn1/a_d2i_fp.c:61:\nIn file included from third_party/boringssl/include/openssl/buf.h:60:\nthird_party/boringssl/include/openssl/base.h:243:13: error: redefinition of typedef \'ASN1_NULL\' is a C11 feature [-Werror,-Wtypedef-redefinition]\ntypedef int ASN1_NULL;\n            ^\n/usr/local/opt/openssl@3/include/openssl/types.h:62:13: note: previous definition is here\ntypedef int ASN1_NULL;\n            ^\nIn file included from third_party/boringssl/crypto/asn1/a_d2i_fp.c:61:\nIn file included from third_party/boringssl/include/openssl/buf.h:60:\nthird_party/boringssl/include/openssl/base.h:244:29: error: redefinition of typedef \'ASN1_ITEM\' is a C11 feature [-Werror,-Wtypedef-redefinition]\ntypedef struct ASN1_ITEM_st ASN1_ITEM;\n                            ^\n/usr/local/opt/openssl@3/include/openssl/types.h:69:29: note: previous definition is here\ntypedef struct ASN1_ITEM_st ASN1_ITEM;\n                            ^\nIn file included from third_party/boringssl/crypto/asn1/a_d2i_fp.c:61:\nIn file included from third_party/boringssl/include/openssl/buf.h:60:\nthird_party/boringssl/include/openssl/base.h:245:31: error: redefinition of typedef \'ASN1_OBJECT\' is a C11 feature [-Werror,-Wtypedef-redefinition]\ntypedef struct asn1_object_st ASN1_OBJECT;\n                              ^\n/usr/local/opt/openssl@3/include/openssl/types.h:66:31: note: previous definition is here\ntypedef struct asn1_object_st ASN1_OBJECT;\n                              ^\nIn file included from third_party/boringssl/crypto/asn1/a_d2i_fp.c:61:\nIn file included from third_party/boringssl/include/openssl/buf.h:60:\nthird_party/boringssl/include/openssl/base.h:246:29: error: redefinition of typedef \'ASN1_PCTX\' is a C11 feature [-Werror,-Wtypedef-redefinition]\ntypedef struct asn1_pctx_st ASN1_PCTX;\n                            ^\n/usr/local/opt/openssl@3/include/openssl/types.h:70:29: note: previous definition is here\ntypedef struct asn1_pctx_st ASN1_PCTX;\n                            ^\nIn file included from third_party/boringssl/crypto/asn1/a_d2i_fp.c:61:\nIn file included from third_party/boringssl/include/openssl/buf.h:60:\nthird_party/boringssl/include/openssl/base.h:247:31: error: redefinition of typedef \'ASN1_BIT_STRING\' is a C11 feature [-Werror,-Wtypedef-redefinition]\ntypedef struct asn1_string_st ASN1_BIT_STRING;\n                              ^\n/usr/local/opt/openssl@3/include/openssl/types.h:47:31: note: previous definition is here\ntypedef struct asn1_string_st ASN1_BIT_STRING;\n                              ^\nIn file included from third_party/boringssl/crypto/asn1/a_d2i_fp.c:61:\nIn file included from third_party/boringssl/include/openssl/buf.h:60:\nthird_party/boringssl/include/openssl/base.h:248:31: error: redefinition of typedef \'ASN1_BMPSTRING\' is a C11 feature [-Werror,-Wtypedef-redefinition]\ntypedef struct asn1_string_st ASN1_BMPSTRING;\n                              ^\n/usr/local/opt/openssl@3/include/openssl/types.h:54:31: note: previous definition is here\ntypedef struct asn1_string_st ASN1_BMPSTRING;\n                              ^\nIn file included from third_party/boringssl/crypto/asn1/a_d2i_fp.c:61:\nIn file included from third_party/boringssl/include/openssl/buf.h:60:\nthird_party/boringssl/include/openssl/base.h:249:31: error: redefinition of typedef \'ASN1_ENUMERATED\' is a C11 feature [-Werror,-Wtypedef-redefinition]\ntypedef struct asn1_string_st ASN1_ENUMERATED;\n                              ^\n/usr/local/opt/openssl@3/include/openssl/types.h:46:31: note: previous definition is here\ntypedef struct asn1_string_st ASN1_ENUMERATED;\n                              ^\nIn file included from third_party/boringssl/crypto/asn1/a_d2i_fp.c:61:\nIn file included from third_party/boringssl/include/openssl/buf.h:60:\nthird_party/boringssl/include/openssl/base.h:250:31: error: redefinition of typedef \'ASN1_GENERALIZEDTIME\' is a C11 feature [-Werror,-Wtypedef-redefinition]\ntypedef struct asn1_string_st ASN1_GENERALIZEDTIME;\n                              ^\n/usr/local/opt/openssl@3/include/openssl/types.h:57:31: note: previous definition is here\ntypedef struct asn1_string_st ASN1_GENERALIZEDTIME;\n                              ^\nIn file included from third_party/boringssl/crypto/asn1/a_d2i_fp.c:61:\nIn file included from third_party/boringssl/include/openssl/buf.h:60:\nthird_party/boringssl/include/openssl/base.h:251:31: error: redefinition of typedef \'ASN1_GENERALSTRING\' is a C11 feature [-Werror,-Wtypedef-redefinition]\ntypedef struct asn1_string_st ASN1_GENERALSTRING;\n                              ^\n/usr/local/opt/openssl@3/include/openssl/types.h:52:31: note: previous definition is here\ntypedef struct asn1_string_st ASN1_GENERALSTRING;\n                              ^\nIn file included from third_party/boringssl/crypto/asn1/a_d2i_fp.c:61:\nIn file included from third_party/boringssl/include/openssl/buf.h:60:\nthird_party/boringssl/include/openssl/base.h:252:31: error: redefinition of typedef \'ASN1_IA5STRING\' is a C11 feature [-Werror,-Wtypedef-redefinition]\ntypedef struct asn1_string_st ASN1_IA5STRING;\n                              ^\n/usr/local/opt/openssl@3/include/openssl/types.h:51:31: note: previous definition is here\ntypedef struct asn1_string_st ASN1_IA5STRING;\n                              ^\nIn file included from third_party/boringssl/crypto/asn1/a_d2i_fp.c:61:\nIn file included from third_party/boringssl/include/openssl/buf.h:60:\nthird_party/boringssl/include/openssl/base.h:253:31: error: redefinition of typedef \'ASN1_INTEGER\' is a C11 feature [-Werror,-Wtypedef-redefinition]\ntypedef struct asn1_string_st ASN1_INTEGER;\n                              ^\n/usr/local/opt/openssl@3/include/openssl/types.h:45:31: note: previous definition is here\ntypedef struct asn1_string_st ASN1_INTEGER;\n                              ^\nIn file included from third_party/boringssl/crypto/asn1/a_d2i_fp.c:61:\nIn file included from third_party/boringssl/include/openssl/buf.h:60:\nthird_party/boringssl/include/openssl/base.h:254:31: error: redefinition of typedef \'ASN1_OCTET_STRING\' is a C11 feature [-Werror,-Wtypedef-redefinition]\ntypedef struct asn1_string_st ASN1_OCTET_STRING;\n                              ^\n/usr/local/opt/openssl@3/include/openssl/types.h:48:31: note: previous definition is here\ntypedef struct asn1_string_st ASN1_OCTET_STRING;\n                              ^\nIn file included from third_party/boringssl/crypto/asn1/a_d2i_fp.c:61:\nIn file included from third_party/boringssl/include/openssl/buf.h:60:\nthird_party/boringssl/include/openssl/base.h:255:31: error: redefinition of typedef \'ASN1_PRINTABLESTRING\' is a C11 feature [-Werror,-Wtypedef-redefinition]\ntypedef struct asn1_string_st ASN1_PRINTABLESTRING;\n                              ^\n/usr/local/opt/openssl@3/include/openssl/types.h:49:31: note: previous definition is here\ntypedef struct asn1_string_st ASN1_PRINTABLESTRING;\n                              ^\nIn file included from third_party/boringssl/crypto/asn1/a_d2i_fp.c:61:\nIn file included from third_party/boringssl/include/openssl/buf.h:60:\nthird_party/boringssl/include/openssl/base.h:256:31: error: redefinition of typedef \'ASN1_STRING\' is a C11 feature [-Werror,-Wtypedef-redefinition]\ntypedef struct asn1_string_st ASN1_STRING;\n                              ^\n/usr/local/opt/openssl@3/include/openssl/types.h:60:31: note: previous definition is here\ntypedef struct asn1_string_st ASN1_STRING;\n                              ^\nIn file included from third_party/boringssl/crypto/asn1/a_d2i_fp.c:61:\nIn file included from third_party/boringssl/include/openssl/buf.h:60:\nthird_party/boringssl/include/openssl/base.h:257:31: error: redefinition of typedef \'ASN1_T61STRING\' is a C11 feature [-Werror,-Wtypedef-redefinition]\ntypedef struct asn1_string_st ASN1_T61STRING;\n                              ^\n/usr/local/opt/openssl@3/include/openssl/types.h:50:31: note: previous definition is here\ntypedef struct asn1_string_st ASN1_T61STRING;\n                              ^\nfatal error: too many errors emitted, stopping now [-ferror-limit=]\n20 errors generated.\nIn file included from third_party/boringssl/crypto/asn1/a_bitstr.c:63:\nIn file included from third_party/boringssl/include/openssl/mem.h:60:\nthird_party/boringssl/include/openssl/base.h:143:9: error: \'OPENSSL_VERSION_NUMBER\' macro redefined [-Werror,-Wmacro-redefined]\n#define OPENSSL_VERSION_NUMBER 0x1010007f\n        ^\n/usr/local/opt/openssl@3/include/openssl/opensslv.h:99:10: note: previous definition is here\n# define OPENSSL_VERSION_NUMBER          \\\n         ^\nIn file included from third_party/boringssl/crypto/asn1/a_bitstr.c:63:\nIn file included from third_party/boringssl/include/openssl/mem.h:60:\nthird_party/boringssl/include/openssl/base.h:178:9: error: \'OPENSSL_EXPORT\' macro redefined [-Werror,-Wmacro-redefined]\n#define OPENSSL_EXPORT\n        ^\n/usr/local/opt/openssl@3/include/openssl/e_os2.h:183:11: note: previous definition is here\n#  define OPENSSL_EXPORT extern\n          ^\nIn file included from third_party/boringssl/crypto/asn1/a_bitstr.c:63:\nIn file included from third_party/boringssl/include/openssl/mem.h:60:\nthird_party/boringssl/include/openssl/base.h:240:13: error: typedef redefinition with different types (\'int\' vs \'struct crypto_threadid_st\')\ntypedef int CRYPTO_THREADID;\n            ^\n/usr/local/opt/openssl@3/include/openssl/crypto.h:308:3: note: previous definition is here\n} CRYPTO_THREADID;\n  ^\nIn file included from third_party/boringssl/crypto/asn1/a_bitstr.c:63:\nIn file included from third_party/boringssl/include/openssl/mem.h:60:\nthird_party/boringssl/include/openssl/base.h:242:13: error: redefinition of typedef \'ASN1_BOOLEAN\' is a C11 feature [-Werror,-Wtypedef-redefinition]\ntypedef int ASN1_BOOLEAN;\n            ^\n/usr/local/opt/openssl@3/include/openssl/types.h:61:13: note: previous definition is here\ntypedef int ASN1_BOOLEAN;\n            ^\nIn file included from third_party/boringssl/crypto/asn1/a_bitstr.c:63:\nIn file included from third_party/boringssl/include/openssl/mem.h:60:\nthird_party/boringssl/include/openssl/base.h:243:13: error: redefinition of typedef \'ASN1_NULL\' is a C11 feature [-Werror,-Wtypedef-redefinition]\ntypedef int ASN1_NULL;\n            ^\n/usr/local/opt/openssl@3/include/openssl/types.h:62:13: note: previous definition is here\ntypedef int ASN1_NULL;\n            ^\nIn file included from third_party/boringssl/crypto/asn1/a_bitstr.c:63:\nIn file included from third_party/boringssl/include/openssl/mem.h:60:\nthird_party/boringssl/include/openssl/base.h:244:29: error: redefinition of typedef \'ASN1_ITEM\' is a C11 feature [-Werror,-Wtypedef-redefinition]\ntypedef struct ASN1_ITEM_st ASN1_ITEM;\n                            ^\n/usr/local/opt/openssl@3/include/openssl/types.h:69:29: note: previous definition is here\ntypedef struct ASN1_ITEM_st ASN1_ITEM;\n                            ^\nIn file included from third_party/boringssl/crypto/asn1/a_bitstr.c:63:\nIn file included from third_party/boringssl/include/openssl/mem.h:60:\nthird_party/boringssl/include/openssl/base.h:245:31: error: redefinition of typedef \'ASN1_OBJECT\' is a C11 feature [-Werror,-Wtypedef-redefinition]\ntypedef struct asn1_object_st ASN1_OBJECT;\n                              ^\n/usr/local/opt/openssl@3/include/openssl/types.h:66:31: note: previous definition is here\ntypedef struct asn1_object_st ASN1_OBJECT;\n                              ^\nIn file included from third_party/boringssl/crypto/asn1/a_bitstr.c:63:\nIn file included from third_party/boringssl/include/openssl/mem.h:60:\nthird_party/boringssl/include/openssl/base.h:246:29: error: redefinition of typedef \'ASN1_PCTX\' is a C11 feature [-Werror,-Wtypedef-redefinition]\ntypedef struct asn1_pctx_st ASN1_PCTX;\n                            ^\n/usr/local/opt/openssl@3/include/openssl/types.h:70:29: note: previous definition is here\ntypedef struct asn1_pctx_st ASN1_PCTX;\n                            ^\nIn file included from third_party/boringssl/crypto/asn1/a_bitstr.c:63:\nIn file included from third_party/boringssl/include/openssl/mem.h:60:\nthird_party/boringssl/include/openssl/base.h:247:31: error: redefinition of typedef \'ASN1_BIT_STRING\' is a C11 feature [-Werror,-Wtypedef-redefinition]\ntypedef struct asn1_string_st ASN1_BIT_STRING;\n                              ^\n/usr/local/opt/openssl@3/include/openssl/types.h:47:31: note: previous definition is here\ntypedef struct asn1_string_st ASN1_BIT_STRING;\n                              ^\nIn file included from third_party/boringssl/crypto/asn1/a_bitstr.c:63:\nIn file included from third_party/boringssl/include/openssl/mem.h:60:\nthird_party/boringssl/include/openssl/base.h:248:31: error: redefinition of typedef \'ASN1_BMPSTRING\' is a C11 feature [-Werror,-Wtypedef-redefinition]\ntypedef struct asn1_string_st ASN1_BMPSTRING;\n                              ^\n/usr/local/opt/openssl@3/include/openssl/types.h:54:31: note: previous definition is here\ntypedef struct asn1_string_st ASN1_BMPSTRING;\n                              ^\nIn file included from third_party/boringssl/crypto/asn1/a_bitstr.c:63:\nIn file included from third_party/boringssl/include/openssl/mem.h:60:\nthird_party/boringssl/include/openssl/base.h:249:31: error: redefinition of typedef \'ASN1_ENUMERATED\' is a C11 feature [-Werror,-Wtypedef-redefinition]\ntypedef struct asn1_string_st ASN1_ENUMERATED;\n                              ^\n/usr/local/opt/openssl@3/include/openssl/types.h:46:31: note: previous definition is here\ntypedef struct asn1_string_st ASN1_ENUMERATED;\n                              ^\nIn file included from third_party/boringssl/crypto/asn1/a_bitstr.c:63:\nIn file included from third_party/boringssl/include/openssl/mem.h:60:\nthird_party/boringssl/include/openssl/base.h:250:31: error: redefinition of typedef \'ASN1_GENERALIZEDTIME\' is a C11 feature [-Werror,-Wtypedef-redefinition]\ntypedef struct asn1_string_st ASN1_GENERALIZEDTIME;\n                              ^\n/usr/local/opt/openssl@3/include/openssl/types.h:57:31: note: previous definition is here\ntypedef struct asn1_string_st ASN1_GENERALIZEDTIME;\n                              ^\nIn file included from third_party/boringssl/crypto/asn1/a_bitstr.c:63:\nIn file included from third_party/boringssl/include/openssl/mem.h:60:\nthird_party/boringssl/include/openssl/base.h:251:31: error: redefinition of typedef \'ASN1_GENERALSTRING\' is a C11 feature [-Werror,-Wtypedef-redefinition]\ntypedef struct asn1_string_st ASN1_GENERALSTRING;\n                              ^\n/usr/local/opt/openssl@3/include/openssl/types.h:52:31: note: previous definition is here\ntypedef struct asn1_string_st ASN1_GENERALSTRING;\n                              ^\nIn file included from third_party/boringssl/crypto/asn1/a_bitstr.c:63:\nIn file included from third_party/boringssl/include/openssl/mem.h:60:\nthird_party/boringssl/include/openssl/base.h:252:31: error: redefinition of typedef \'ASN1_IA5STRING\' is a C11 feature [-Werror,-Wtypedef-redefinition]\ntypedef struct asn1_string_st ASN1_IA5STRING;\n                              ^\n/usr/local/opt/openssl@3/include/openssl/types.h:51:31: note: previous definition is here\ntypedef struct asn1_string_st ASN1_IA5STRING;\n                              ^\nIn file included from third_party/boringssl/crypto/asn1/a_bitstr.c:63:\nIn file included from third_party/boringssl/include/openssl/mem.h:60:\nthird_party/boringssl/include/openssl/base.h:253:31: error: 20 errorsredefinition of typedef \'ASN1_INTEGER\' is a C11 feature [-Werror,-Wtypedef-redefinition] generated\n.\ntypedef struct asn1_string_st ASN1_INTEGER;\n                              ^\n/usr/local/opt/openssl@3/include/openssl/types.h:45:31: note: previous definition is here\ntypedef struct asn1_string_st ASN1_INTEGER;\n                              ^\nIn file included from third_party/boringssl/crypto/asn1/a_bitstr.c:63:\nIn file included from third_party/boringssl/include/openssl/mem.h:60:\nthird_party/boringssl/include/openssl/base.h:254:31: error: redefinition of typedef \'ASN1_OCTET_STRING\' is a C11 feature [-Werror,-Wtypedef-redefinition]\ntypedef struct asn1_string_st ASN1_OCTET_STRING;\n                              ^\n/usr/local/opt/openssl@3/include/openssl/types.h:48:31: note: previous definition is here\ntypedef struct asn1_string_st ASN1_OCTET_STRING;\n                              ^\nIn file included from third_party/boringssl/crypto/asn1/a_bitstr.c:63:\nIn file included from third_party/boringssl/include/openssl/mem.h:60:\nthird_party/boringssl/include/openssl/base.h:255:31: error: redefinition of typedef \'ASN1_PRINTABLESTRING\' is a C11 feature [-Werror,-Wtypedef-redefinition]\ntypedef struct asn1_string_st ASN1_PRINTABLESTRING;\n                              ^\n/usr/local/opt/openssl@3/include/openssl/types.h:49:31: note: previous definition is here\ntypedef struct asn1_string_st ASN1_PRINTABLESTRING;\n                              ^\nIn file included from third_party/boringssl/crypto/asn1/a_bitstr.c:63:\nIn file included from third_party/boringssl/include/openssl/mem.h:60:\nthird_party/boringssl/include/openssl/base.h:256:31: error: redefinition of typedef \'ASN1_STRING\' is a C11 feature [-Werror,-Wtypedef-redefinition]\ntypedef struct asn1_string_st ASN1_STRING;\n                              ^\n/usr/local/opt/openssl@3/include/openssl/types.h:60:31: make: note: *** [/Users/runner/actions-runner/_work/python.build/python.build/build_grpcio111139/grpcio-1.11.1/objs/opt/src/boringssl/err_data.o] Error 1previous definition is here\n\ntypedef struct asn1_string_st ASN1_STRING;\n                              ^\nmake: In file included from *** Waiting for unfinished jobs....third_party/boringssl/crypto/asn1/a_bitstr.c:63:\n\nIn file included from third_party/boringssl/include/openssl/mem.h:60:\nthird_party/boringssl/include/openssl/base.h:257:31: error: redefinition of typedef \'ASN1_T61STRING\' is a C11 feature [-Werror,-Wtypedef-redefinition]\ntypedef struct asn1_string_st ASN1_T61STRING;\n                              ^\n/usr/local/opt/openssl@3/include/openssl/types.h:50:31: note: previous definition is here\ntypedef struct asn1_string_st ASN1_T61STRING;\n                              ^\nfatal error: too many errors emitted, stopping now [-ferror-limit=]\nIn file included from third_party/boringssl/crypto/asn1/a_octet.c:60:\nIn file included from third_party/boringssl/include/openssl/mem.h:60:\nthird_party/boringssl/include/openssl/base.h:143:9: error: \'OPENSSL_VERSION_NUMBER\' macro redefined [-Werror,-Wmacro-redefined]\n#define OPENSSL_VERSION_NUMBER 0x1010007f\n        ^\n/usr/local/opt/openssl@3/include/openssl/opensslv.h:99:10: note: previous definition is here\n# define OPENSSL_VERSION_NUMBER          \\\n         ^\nIn file included from third_party/boringssl/crypto/asn1/a_octet.c:60:\nIn file included from third_party/boringssl/include/openssl/mem.h:60:\nthird_party/boringssl/include/openssl/base.h:178:9: error: \'OPENSSL_EXPORT\' macro redefined [-Werror,-Wmacro-redefined]\n#define OPENSSL_EXPORT\n        ^\n/usr/local/opt/openssl@3/include/openssl/e_os2.h:183:11: note: previous definition is here\n#  define OPENSSL_EXPORT extern\n          ^\nIn file included from third_party/boringssl/crypto/asn1/a_octet.c:60:\nIn file included from third_party/boringssl/include/openssl/mem.h:60:\nthird_party/boringssl/include/openssl/base.h:240:13: error: typedef redefinition with different types (\'int\' vs \'struct crypto_threadid_st\')\ntypedef int CRYPTO_THREADID;\n            ^\n/usr/local/opt/openssl@3/include/openssl/crypto.h:308:3: note: previous definition is here\n} CRYPTO_THREADID;\n  ^\nIn file included from third_party/boringssl/crypto/asn1/a_octet.c:60:\nIn file included from third_party/boringssl/include/openssl/mem.h:60:\nthird_party/boringssl/include/openssl/base.h:242:13: error: redefinition of typedef \'ASN1_BOOLEAN\' is a C11 feature [-Werror,-Wtypedef-redefinition]\ntypedef int ASN1_BOOLEAN;\n            ^\n/usr/local/opt/openssl@3/include/openssl/types.h:61:13: note: previous definition is here\ntypedef int ASN1_BOOLEAN;\n            ^\nIn file included from third_party/boringssl/crypto/asn1/a_octet.c:60:\nIn file included from third_party/boringssl/include/openssl/mem.h:60:\nthird_party/boringssl/include/openssl/base.h:243:13: error: redefinition of typedef \'ASN1_NULL\' is a C11 feature [-Werror,-Wtypedef-redefinition]\ntypedef int ASN1_NULL;\n            ^\n/usr/local/opt/openssl@3/include/openssl/types.h:62:13: note: previous definition is here\ntypedef int ASN1_NULL;\n            ^\nIn file included from third_party/boringssl/crypto/asn1/a_octet.c:60:\nIn file included from third_party/boringssl/include/openssl/mem.h:60:\nthird_party/boringssl/include/openssl/base.h:244:29: error: redefinition of typedef \'ASN1_ITEM\' is a C11 feature [-Werror,-Wtypedef-redefinition]\ntypedef struct ASN1_ITEM_st ASN1_ITEM;\n                            ^\n/usr/local/opt/openssl@3/include/openssl/types.h:69:29: note: previous definition is here\ntypedef struct ASN1_ITEM_st ASN1_ITEM;\n                            ^\nIn file included from third_party/boringssl/crypto/asn1/a_octet.c:60:\nIn file included from third_party/boringssl/include/openssl/mem.h:60:\nthird_party/boringssl/include/openssl/base.h:245:31: error: redefinition of typedef \'ASN1_OBJECT\' is a C11 feature [-Werror,-Wtypedef-redefinition]\nmake: *** [/Users/runner/actions-runner/_work/python.build/python.build/build_grpcio111139/grpcio-1.11.1/objs/opt/third_party/boringssl/crypto/asn1/a_d2i_fp.o] Error 1\ntypedef struct asn1_object_st ASN1_OBJECT;\n                              ^\n/usr/local/opt/openssl@3/include/openssl/types.h:66:31: note: previous definition is here\ntypedef struct asn1_object_st ASN1_OBJECT;\n                              ^\nIn file included from third_party/boringssl/crypto/asn1/a_octet.c:60:\nIn file included from third_party/boringssl/include/openssl/mem.h:60:\nthird_party/boringssl/include/openssl/base.h:246:29: error: redefinition of typedef \'ASN1_PCTX\' is a C11 feature [-Werror,-Wtypedef-redefinition]\ntypedef struct asn1_pctx_st ASN1_PCTX;\n                            ^\n/usr/local/opt/openssl@3/include/openssl/types.h:70:29: note: previous definition is here\ntypedef struct asn1_pctx_st ASN1_PCTX;\n                            ^\nIn file included from third_party/boringssl/crypto/asn1/a_octet.c:60:\nIn file included from third_party/boringssl/include/openssl/mem.h:60:\nthird_party/boringssl/include/openssl/base.h:247:31: error: redefinition of typedef \'ASN1_BIT_STRING\' is a C11 feature [-Werror,-Wtypedef-redefinition]\ntypedef struct asn1_string_st ASN1_BIT_STRING;\n                              ^\n/usr/local/opt/openssl@3/include/openssl/types.h:47:31: note: previous definition is here\ntypedef struct asn1_string_st ASN1_BIT_STRING;\n                              ^\nIn file included from third_party/boringssl/crypto/asn1/a_octet.c:60:\nIn file included from third_party/boringssl/include/openssl/mem.h:60:\nthird_party/boringssl/include/openssl/base.h:248:31: error: redefinition of typedef \'ASN1_BMPSTRING\' is a C11 feature [-Werror,-Wtypedef-redefinition]\ntypedef struct asn1_string_st ASN1_BMPSTRING;\n                              ^\n/usr/local/opt/openssl@3/include/openssl/types.h:54:31: note: previous definition is here\ntypedef struct asn1_string_st ASN1_BMPSTRING;\n                              ^\nIn file included from third_party/boringssl/crypto/asn1/a_octet.c:60:\nIn file included from third_party/boringssl/include/openssl/mem.h:60:\nthird_party/boringssl/include/openssl/base.h:249:31: error: redefinition of typedef \'ASN1_ENUMERATED\' is a C11 feature [-Werror,-Wtypedef-redefinition]\ntypedef struct asn1_string_st ASN1_ENUMERATED;\n                              ^\n20 errors/usr/local/opt/openssl@3/include/openssl/types.h generated:46:31: note.\n: previous definition is here\ntypedef struct asn1_string_st ASN1_ENUMERATED;\n                              ^\nIn file included from third_party/boringssl/crypto/asn1/a_octet.c:60:\nIn file included from third_party/boringssl/include/openssl/mem.h:60:\nthird_party/boringssl/include/openssl/base.h:250:31: error: redefinition of typedef \'ASN1_GENERALIZEDTIME\' is a C11 feature [-Werror,-Wtypedef-redefinition]\ntypedef struct asn1_string_st ASN1_GENERALIZEDTIME;\n                              ^\n/usr/local/opt/openssl@3/include/openssl/types.h:57:31: note: previous definition is here\ntypedef struct asn1_string_st ASN1_GENERALIZEDTIME;\n                              ^\nIn file included from third_party/boringssl/crypto/asn1/a_octet.c:60:\nIn file included from third_party/boringssl/include/openssl/mem.h:60:\nthird_party/boringssl/include/openssl/base.h:251:31: error: redefinition of typedef \'ASN1_GENERALSTRING\' is a C11 feature [-Werror,-Wtypedef-redefinition]\ntypedef struct asn1_string_st ASN1_GENERALSTRING;\n                              ^\n/usr/local/opt/openssl@3/include/openssl/types.h:52:31: note: previous definition is here\ntypedef struct asn1_string_st ASN1_GENERALSTRING;\n                              ^\nIn file included from third_party/boringssl/crypto/asn1/a_octet.c:60:\nIn file included from third_party/boringssl/include/openssl/mem.h:60:\nthird_party/boringssl/include/openssl/base.h:252:31: error: redefinition of typedef \'ASN1_IA5STRING\' is a C11 feature [-Werror,-Wtypedef-redefinition]\ntypedef struct asn1_string_st ASN1_IA5STRING;\n                              ^\n/usr/local/opt/openssl@3/include/openssl/types.h:51:31: note: previous definition is here\ntypedef struct asn1_string_st ASN1_IA5STRING;\n                              ^\nIn file included from third_party/boringssl/crypto/asn1/a_octet.c:60:\nIn file included from third_party/boringssl/include/openssl/mem.h:60:\nthird_party/boringssl/include/openssl/base.h:253:31: error: redefinition of typedef \'ASN1_INTEGER\' is a C11 feature [-Werror,-Wtypedef-redefinition]\ntypedef struct asn1_string_st ASN1_INTEGER;\n                              ^\n/usr/local/opt/openssl@3/include/openssl/types.h:45:31: note: previous definition is here\ntypedef struct asn1_string_st ASN1_INTEGER;\n                              ^\nIn file included from third_party/boringssl/crypto/asn1/a_octet.c:60:\nIn file included from third_party/boringssl/include/openssl/mem.h:60:\nthird_party/boringssl/include/openssl/base.h:254:31: error: redefinition of typedef \'ASN1_OCTET_STRING\' is a C11 feature [-Werror,-Wtypedef-redefinition]\ntypedef struct asn1_string_st ASN1_OCTET_STRING;\n                              ^\n/usr/local/opt/openssl@3/include/openssl/types.h:48:31: note: previous definition is here\ntypedef struct asn1_string_st ASN1_OCTET_STRING;\n                              ^\nIn file included from third_party/boringssl/crypto/asn1/a_octet.c:60:\nIn file included from third_party/boringssl/include/openssl/mem.h:60:\nthird_party/boringssl/include/openssl/base.h:255:31: error: redefinition of typedef \'ASN1_PRINTABLESTRING\' is a C11 feature [-Werror,-Wtypedef-redefinition]\ntypedef struct asn1_string_st ASN1_PRINTABLESTRING;\n                              ^\n/usr/local/opt/openssl@3/include/openssl/types.h:49:31: note: previous definition is here\ntypedef struct asn1_string_st ASN1_PRINTABLESTRING;\n                              ^\nIn file included from third_party/boringssl/crypto/asn1/a_octet.c:60:\nIn file included from third_party/boringssl/include/openssl/mem.h:60:\nthird_party/boringssl/include/openssl/base.h:256:31: error: redefinition of typedef \'ASN1_STRING\' is a C11 feature [-Werror,-Wtypedef-redefinition]\ntypedef struct asn1_string_st ASN1_STRING;\n                              ^\n/usr/local/opt/openssl@3/include/openssl/types.h:60:31: note: previous definition is here\ntypedef struct asn1_string_st ASN1_STRING;\n                              ^\nIn file included from third_party/boringssl/crypto/asn1/a_octet.c:60:\nIn file included from third_party/boringssl/include/openssl/mem.h:60:\nthird_party/boringssl/include/openssl/base.h:257:31: error: redefinition of typedef \'ASN1_T61STRING\' is a C11 feature [-Werror,-Wtypedef-redefinition]\ntypedef struct asn1_string_st ASN1_T61STRING;\n                              ^\n/usr/local/opt/openssl@3/include/openssl/types.h:50:31: note: previous definition is here\ntypedef struct asn1_string_st ASN1_T61STRING;\n                              ^\nfatal error: too many errors emitted, stopping now [-ferror-limit=]\nIn file included from third_party/boringssl/crypto/asn1/a_time.c:63:\nIn file included from third_party/boringssl/include/openssl/buf.h:60:\nthird_party/boringssl/include/openssl/base.h:143:9: error: \'OPENSSL_VERSION_NUMBER\' macro redefined [-Werror,-Wmacro-redefined]\n#define OPENSSL_VERSION_NUMBER 0x1010007f\n        ^\n/usr/local/opt/openssl@3/include/openssl/opensslv.h:99:10: note: previous definition is here\n# define OPENSSL_VERSION_NUMBER          \\\n         ^\nIn file included from third_party/boringssl/crypto/asn1/a_time.c:63:\nIn file included from third_party/boringssl/include/openssl/buf.h:60:\nthird_party/boringssl/include/openssl/base.h:178:9: error: \'OPENSSL_EXPORT\' macro redefined [-Werror,-Wmacro-redefined]\n#define OPENSSL_EXPORT\n        ^\n/usr/local/opt/openssl@3/include/openssl/e_os2.h:183:11: note: previous definition is here\n#  define OPENSSL_EXPORT extern\n          ^\n20 errors generated.\nIn file included from third_party/boringssl/crypto/asn1/a_time.c:63:\nIn file included from third_party/boringssl/include/openssl/buf.h:60:\nthird_party/boringssl/include/openssl/base.h:240:13: error: typedef redefinition with different types (\'int\' vs \'struct crypto_threadid_st\')\ntypedef int CRYPTO_THREADID;\n            ^\n/usr/local/opt/openssl@3/include/openssl/crypto.h:308:3: note: previous definition is here\n} CRYPTO_THREADID;\n  ^\nIn file included from third_party/boringssl/crypto/asn1/a_time.c:63:\nIn file included from third_party/boringssl/include/openssl/buf.h:60:\nthird_party/boringssl/include/openssl/base.h:242:13: error: redefinition of typedef \'ASN1_BOOLEAN\' is a C11 feature [-Werror,-Wtypedef-redefinition]\ntypedef int ASN1_BOOLEAN;\n            ^\n/usr/local/opt/openssl@3/include/openssl/types.h:61:13: note: previous definition is here\ntypedef int ASN1_BOOLEAN;\n            ^\nIn file included from third_party/boringssl/crypto/asn1/a_time.c:63:\nIn file included from third_party/boringssl/include/openssl/buf.h:60:\nthird_party/boringssl/include/openssl/base.h:243:13: error: redefinition of typedef \'ASN1_NULL\' is a C11 feature [-Werror,-Wtypedef-redefinition]\ntypedef int ASN1_NULL;\n            ^\n/usr/local/opt/openssl@3/include/openssl/types.h:62:13: note: previous definition is here\ntypedef int ASN1_NULL;\n            ^\nIn file included from third_party/boringssl/crypto/asn1/a_time.c:63:\nIn file included from third_party/boringssl/include/openssl/buf.h:60:\nthird_party/boringssl/include/openssl/base.h:244:29: error: redefinition of typedef \'ASN1_ITEM\' is a C11 feature [-Werror,-Wtypedef-redefinition]\ntypedef struct ASN1_ITEM_st ASN1_ITEM;\n                            ^\n/usr/local/opt/openssl@3/include/openssl/types.h:69:29: note: previous definition is here\ntypedef struct ASN1_ITEM_st ASN1_ITEM;\n                            ^\nIn file included from third_party/boringssl/crypto/asn1/a_time.c:63:\nIn file included from third_party/boringssl/include/openssl/buf.h:60:\nthird_party/boringssl/include/openssl/base.h:245:31: error: redefinition of typedef \'ASN1_OBJECT\' is a C11 feature [-Werror,-Wtypedef-redefinition]\ntypedef struct asn1_object_st ASN1_OBJECT;\n                              ^\n/usr/local/opt/openssl@3/include/openssl/types.h:66:31: note: previous definition is here\ntypedef struct asn1_object_st ASN1_OBJECT;\n                              ^\nIn file included from third_party/boringssl/crypto/asn1/a_time.c:63:\nIn file included from third_party/boringssl/include/openssl/buf.h:60:\nthird_party/boringssl/include/openssl/base.h:246:29: error: redefinition of typedef \'ASN1_PCTX\' is a C11 feature [-Werror,-Wtypedef-redefinition]\ntypedef struct asn1_pctx_st ASN1_PCTX;\n                            ^\n/usr/local/opt/openssl@3/include/openssl/types.h:70:29: note: previous definition is here\ntypedef struct asn1_pctx_st ASN1_PCTX;\n                            ^\nIn file included from third_party/boringssl/crypto/asn1/a_time.c:63:\nIn file included from third_party/boringssl/include/openssl/buf.h:60:\nthird_party/boringssl/include/openssl/base.h:247:31: error: redefinition of typedef \'ASN1_BIT_STRING\' is a C11 feature [-Werror,-Wtypedef-redefinition]\ntypedef struct asn1_string_st ASN1_BIT_STRING;\n                              ^\n/usr/local/opt/openssl@3/include/openssl/types.h:47:31: note: previous definition is here\ntypedef struct asn1_string_st ASN1_BIT_STRING;\n                              ^\nIn file included from third_party/boringssl/crypto/asn1/a_time.c:63:\nIn file included from third_party/boringssl/include/openssl/buf.h:60:\nthird_party/boringssl/include/openssl/base.h:248:31: error: redefinition of typedef \'ASN1_BMPSTRING\' is a C11 feature [-Werror,-Wtypedef-redefinition]\ntypedef struct asn1_string_st ASN1_BMPSTRING;\n                              ^\n/usr/local/opt/openssl@3/include/openssl/types.h:54:31: note: previous definition is here\ntypedef struct asn1_string_st ASN1_BMPSTRING;\n                              ^\nIn file included from third_party/boringssl/crypto/asn1/a_time.c:63:\nIn file included from third_party/boringssl/include/openssl/buf.h:60:\nthird_party/boringssl/include/openssl/base.h:249:31: error: redefinition of typedef \'ASN1_ENUMERATED\' is a C11 feature [-Werror,-Wtypedef-redefinition]\ntypedef struct asn1_string_st ASN1_ENUMERATED;\n                              ^\n/usr/local/opt/openssl@3/include/openssl/types.h:46:31: note: previous definition is here\ntypedef struct asn1_string_st ASN1_ENUMERATED;\n                              ^\nIn file included from third_party/boringssl/crypto/asn1/a_time.c:63:\nIn file included from third_party/boringssl/include/openssl/buf.h:60:\nthird_party/boringssl/include/openssl/base.h:250:31: error: redefinition of typedef \'ASN1_GENERALIZEDTIME\' is a C11 feature [-Werror,-Wtypedef-redefinition]\ntypedef struct asn1_string_st ASN1_GENERALIZEDTIME;\n                              ^\n/usr/local/opt/openssl@3/include/openssl/types.h:57:31: note: previous definition is here\ntypedef struct asn1_string_st ASN1_GENERALIZEDTIME;\n                              ^\nIn file included from third_party/boringssl/crypto/asn1/a_time.c:63:\nIn file included from third_party/boringssl/include/openssl/buf.h:60:\nthird_party/boringssl/include/openssl/base.h:251:31: error: redefinition of typedef \'ASN1_GENERALSTRING\' is a C11 feature [-Werror,-Wtypedef-redefinition]\ntypedef struct asn1_string_st ASN1_GENERALSTRING;\n                              ^\n/usr/local/opt/openssl@3/include/openssl/types.h:52:31: note: previous definition is here\ntypedef struct asn1_string_st ASN1_GENERALSTRING;\n                              ^\nIn file included from third_party/boringssl/crypto/asn1/a_time.c:63:\nIn file included from third_party/boringssl/include/openssl/buf.h:60:\nthird_party/boringssl/include/openssl/base.h:252:31: error: redefinition of typedef \'ASN1_IA5STRING\' is a C11 feature [-Werror,-Wtypedef-redefinition]\ntypedef struct asn1_string_st ASN1_IA5STRING;\n                              ^\n/usr/local/opt/openssl@3/include/openssl/types.h:51:31: note: previous definition is here\ntypedef struct asn1_string_st ASN1_IA5STRING;\n                              ^\nIn file included from third_party/boringssl/crypto/asn1/a_time.c:63:\nIn file included from third_party/boringssl/include/openssl/buf.h:60:\nthird_party/boringssl/include/openssl/base.h:253:31: error: redefinition of typedef \'ASN1_INTEGER\' is a C11 feature [-Werror,-Wtypedef-redefinition]\ntypedef struct asn1_string_st ASN1_INTEGER;\n                              ^\n/usr/local/opt/openssl@3/include/openssl/types.h:45:31: note: previous definition is here\ntypedef struct asn1_string_st ASN1_INTEGER;\n                              ^\nIn file included from third_party/boringssl/crypto/asn1/a_time.c:63:\nIn file included from third_party/boringssl/include/openssl/buf.h:60:\nthird_party/boringssl/include/openssl/base.h:254:31: errormake: *** [/Users/runner/actions-runner/_work/python.build/python.build/build_grpcio111139/grpcio-1.11.1/objs/opt/third_party/boringssl/crypto/asn1/a_bitstr.o] Error 1\n: redefinition of typedef \'ASN1_OCTET_STRING\' is a C11 feature [-Werror,-Wtypedef-redefinition]\ntypedef struct asn1_string_st ASN1_OCTET_STRING;\n                              ^\n/usr/local/opt/openssl@3/include/openssl/types.h:48:31: note: previous definition is here\ntypedef struct asn1_string_st ASN1_OCTET_STRING;\n                              ^\nIn file included from third_party/boringssl/crypto/asn1/a_time.c:63:\nIn file included from third_party/boringssl/include/openssl/buf.h:60:\nthird_party/boringssl/include/openssl/base.h:255:In file included from third_party/boringssl/crypto/asn1/a_dup.c:60:\nIn file included from third_party/boringssl/include/openssl/mem.h:60:\nthird_party/boringssl/include/openssl/base.h31: error: :143redefinition of typedef \'ASN1_PRINTABLESTRING\' is a C11 feature [-Werror,-Wtypedef-redefinition]:\n9: error: \'OPENSSL_VERSION_NUMBER\' macro redefined [-Werror,-Wmacro-redefined]\ntypedef struct asn1_string_st ASN1_PRINTABLESTRING;\n                              ^\n/usr/local/opt/openssl@3/include/openssl/types.h:#define OPENSSL_VERSION_NUMBER 0x1010007f49\n:        ^31: \nnote: previous definition is here\n/usr/local/opt/openssl@3/include/openssl/opensslv.h:99:10: note: previous definition is here\ntypedef struct asn1_string_st ASN1_PRINTABLESTRING;\n# define OPENSSL_VERSION_NUMBER          \\\n         ^\n                              ^\nIn file included from third_party/boringssl/crypto/asn1/a_dup.c:60:\nIn file included from third_party/boringssl/include/openssl/mem.h:60:\nthird_party/boringssl/include/openssl/base.h:178:9In file included from third_party/boringssl/crypto/asn1/a_time.c:63:\nIn file included from :third_party/boringssl/include/openssl/buf.h :60:\nerrorthird_party/boringssl/include/openssl/base.h: :\'OPENSSL_EXPORT\' macro redefined [-Werror,-Wmacro-redefined]256\n:31:#define OPENSSL_EXPORT \nerror        ^: \nredefinition of typedef \'ASN1_STRING\' is a C11 feature [-Werror,-Wtypedef-redefinition]\n/usr/local/opt/openssl@3/include/openssl/e_os2.h:183:11: note: previous definition is here\ntypedef struct asn1_string_st ASN1_STRING;\n                              ^#  define OPENSSL_EXPORT extern\n\n          ^\n/usr/local/opt/openssl@3/include/openssl/types.h:60:31: note: previous definition is here\ntypedef struct asn1_string_st ASN1_STRING;\n                              ^\nIn file included from third_party/boringssl/crypto/asn1/a_time.c:63:\nIn file included from third_party/boringssl/include/openssl/buf.h:60:\nthird_party/boringssl/include/openssl/base.h:257:31: error: redefinition of typedef \'ASN1_T61STRING\' is a C11 feature [-Werror,-Wtypedef-redefinition]\ntypedef struct asn1_string_st ASN1_T61STRING;\n                              ^\n/usr/local/opt/openssl@3/include/openssl/types.h:50:31: note: previous definition is here\ntypedef struct asn1_string_st ASN1_T61STRING;\n                              ^\nfatal error: too many errors emitted, stopping now [-ferror-limit=]In file included from third_party/boringssl/crypto/asn1/a_dup.c:60:\nIn file included from third_party/boringssl/include/openssl/mem.h:60:\nthird_party/boringssl/include/openssl/base.h:\n240:13: error: typedef redefinition with different types (\'int\' vs \'struct crypto_threadid_st\')\ntypedef int CRYPTO_THREADID;\n            ^\n/usr/local/opt/openssl@3/include/openssl/crypto.h:308:3: note: previous definition is here\n} CRYPTO_THREADID;\n  ^\nIn file included from third_party/boringssl/crypto/asn1/a_dup.c:60:\nIn file included from third_party/boringssl/include/openssl/mem.h:60:\nthird_party/boringssl/include/openssl/base.h:242:13: error: redefinition of typedef \'ASN1_BOOLEAN\' is a C11 feature [-Werror,-Wtypedef-redefinition]\ntypedef int ASN1_BOOLEAN;\n            ^\n/usr/local/opt/openssl@3/include/openssl/types.h:61:13: note: previous definition is here\ntypedef int ASN1_BOOLEAN;\n            ^\nIn file included from third_party/boringssl/crypto/asn1/a_dup.c:60:\nIn file included from third_party/boringssl/include/openssl/mem.h:60:\nthird_party/boringssl/include/openssl/base.h:243:13: error: redefinition of typedef \'ASN1_NULL\' is a C11 feature [-Werror,-Wtypedef-redefinition]\ntypedef int ASN1_NULL;\n            ^\n/usr/local/opt/openssl@3/include/openssl/types.h:62:13: note: previous definition is here\ntypedef int ASN1_NULL;\n            ^\nIn file included from third_party/boringssl/crypto/asn1/a_dup.c:60:\nIn file included from third_party/boringssl/include/openssl/mem.h:60:\nthird_party/boringssl/include/openssl/base.h:244:29: error: redefinition of typedef \'ASN1_ITEM\' is a C11 feature [-Werror,-Wtypedef-redefinition]\ntypedef struct ASN1_ITEM_st ASN1_ITEM;\n                            ^\n/usr/local/opt/openssl@3/include/openssl/types.h:69:29: note: previous definition is here\ntypedef struct ASN1_ITEM_st ASN1_ITEM;In file included from \nthird_party/boringssl/crypto/asn1/a_int.c                            ^:\n63:\nIn file included from third_party/boringssl/include/openssl/mem.h:60:\nthird_party/boringssl/include/openssl/base.h:143:9: In file included from errorthird_party/boringssl/crypto/asn1/a_dup.c:60:\nIn file included from third_party/boringssl/include/openssl/mem.h:60:\nthird_party/boringssl/include/openssl/base.h:: \'OPENSSL_VERSION_NUMBER\' macro redefined [-Werror,-Wmacro-redefined]\n245:31: error: redefinition of typedef \'ASN1_OBJECT\' is a C11 feature [-Werror,-Wtypedef-redefinition]\n#define OPENSSL_VERSION_NUMBER 0x1010007f\n        ^\n/usr/local/opt/openssl@3/include/openssl/opensslv.htypedef struct asn1_object_st ASN1_OBJECT;:\n99                              ^\n:10: /usr/local/opt/openssl@3/include/openssl/types.hnote:: previous definition is here\n# define OPENSSL_VERSION_NUMBER          \\\n         ^\n66:31: note: previous definition is here\nIn file included from typedef struct asn1_object_st ASN1_OBJECT;third_party/boringssl/crypto/asn1/a_int.c:63:\nIn file included from \n                              ^\nthird_party/boringssl/include/openssl/mem.h:60:\nthird_party/boringssl/include/openssl/base.h:178:In file included from third_party/boringssl/crypto/asn1/a_dup.c:60:\nIn file included from third_party/boringssl/include/openssl/mem.h:60:\nthird_party/boringssl/include/openssl/base.h:2469: error: :\'OPENSSL_EXPORT\' macro redefined [-Werror,-Wmacro-redefined]29\n: error: #define OPENSSL_EXPORTredefinition of typedef \'ASN1_PCTX\' is a C11 feature [-Werror,-Wtypedef-redefinition]\n\n        ^\n/usr/local/opt/openssl@3/include/openssl/e_os2.h:typedef struct asn1_pctx_st ASN1_PCTX;183\n:                            ^11\n/usr/local/opt/openssl@3/include/openssl/types.h:70:29: :note : noteprevious definition is here: \nprevious definition is here\ntypedef struct asn1_pctx_st ASN1_PCTX;\n                            ^\nIn file included from third_party/boringssl/crypto/asn1/a_dup.c:60:\nIn file included from third_party/boringssl/include/openssl/mem.h:60:\nthird_party/boringssl/include/openssl/base.h:247:31: error: redefinition of typedef \'ASN1_BIT_STRING\' is a C11 feature [-Werror,-Wtypedef-redefinition]\ntypedef struct asn1_string_st ASN1_BIT_STRING;\n                              ^\n/usr/local/opt/openssl@3/include/openssl/types.h:47:#  define OPENSSL_EXPORT extern\n          ^\n31: note: previous definition is here\ntypedef struct asn1_string_st ASN1_BIT_STRING;\n                              ^\nIn file included from third_party/boringssl/crypto/asn1/a_dup.c:60:\nIn file included from third_party/boringssl/include/openssl/mem.h:60:\nthird_party/boringssl/include/openssl/base.h:248:31: error: redefinition of typedef \'ASN1_BMPSTRING\' is a C11 feature [-Werror,-Wtypedef-redefinition]\ntypedef struct asn1_string_st ASN1_BMPSTRING;\n                              ^\n/usr/local/opt/openssl@3/include/openssl/types.h:54:31: note: previous definition is here\ntypedef struct asn1_string_st ASN1_BMPSTRING;In file included from third_party/boringssl/crypto/asn1/a_int.c:63:\nIn file included from third_party/boringssl/include/openssl/mem.h:60:\nthird_party/boringssl/include/openssl/base.h:240:13:\n                              ^\n error: typedef redefinition with different types (\'int\' vs \'struct crypto_threadid_st\')\ntypedef int CRYPTO_THREADID;\n            ^\nIn file included from third_party/boringssl/crypto/asn1/a_dup.c:60:\nIn file included from third_party/boringssl/include/openssl/mem.h:60:\nthird_party/boringssl/include/openssl/base.h/usr/local/opt/openssl@3/include/openssl/crypto.h:308:3:: 249:note31::  previous definition is hereerror: redefinition of typedef \'ASN1_ENUMERATED\' is a C11 feature [-Werror,-Wtypedef-redefinition]\n\n} CRYPTO_THREADID;\n  ^\ntypedef struct asn1_string_st ASN1_ENUMERATED;\n                              ^\n/usr/local/opt/openssl@3/include/openssl/types.h:46:31: note: previous definition is here\ntypedef struct asn1_string_st ASN1_ENUMERATED;\n                              ^\nIn file included from In file included from make: *** [/Users/runner/actions-runner/_work/python.build/python.build/build_grpcio111139/grpcio-1.11.1/objs/opt/third_party/boringssl/crypto/asn1/a_octet.o] Error 1\nthird_party/boringssl/crypto/asn1/a_int.c:third_party/boringssl/crypto/asn1/a_dup.c63:\n:In file included from 60third_party/boringssl/include/openssl/mem.h:\n:In file included from 60third_party/boringssl/include/openssl/mem.h:\n:third_party/boringssl/include/openssl/base.h60:242:13: error: redefinition of typedef \'ASN1_BOOLEAN\' is a C11 feature [-Werror,-Wtypedef-redefinition]\n:\ntypedef int ASN1_BOOLEAN;third_party/boringssl/include/openssl/base.h:250:31: error: redefinition of typedef \'ASN1_GENERALIZEDTIME\' is a C11 feature [-Werror,-Wtypedef-redefinition]\n\n            ^\n/usr/local/opt/openssl@3/include/openssl/types.h:61:13typedef struct asn1_string_st ASN1_GENERALIZEDTIME;:\n                               ^note: previous definition is here\n\ntypedef int ASN1_BOOLEAN;\n            ^\n/usr/local/opt/openssl@3/include/openssl/types.h:57:31: note: previous definition is hereIn file included from \nthird_party/boringssl/crypto/asn1/a_int.c:typedef struct asn1_string_st ASN1_GENERALIZEDTIME;\n                              ^\n63:\nIn file included from third_party/boringssl/include/openssl/mem.h:60:\nthird_party/boringssl/include/openssl/base.h:243:In file included from 13third_party/boringssl/crypto/asn1/a_dup.c:60: error: :\nredefinition of typedef \'ASN1_NULL\' is a C11 feature [-Werror,-Wtypedef-redefinition]\nIn file included from third_party/boringssl/include/openssl/mem.htypedef int ASN1_NULL;:\n60            ^:\n\nthird_party/boringssl/include/openssl/base.h/usr/local/opt/openssl@3/include/openssl/types.h:62::13251:: 31note: previous definition is here\ntypedef int ASN1_NULL;\n            ^\n: error: redefinition of typedef \'ASN1_GENERALSTRING\' is a C11 feature [-Werror,-Wtypedef-redefinition]\nIn file included from third_party/boringssl/crypto/asn1/a_int.c:63:\nIn file included from typedef struct asn1_string_st ASN1_GENERALSTRING;third_party/boringssl/include/openssl/mem.h\n:                              ^60\n:\nthird_party/boringssl/include/openssl/base.h:244/usr/local/opt/openssl@3/include/openssl/types.h::2952:: 31error::  redefinition of typedef \'ASN1_ITEM\' is a C11 feature [-Werror,-Wtypedef-redefinition]note: previous definition is here\n\ntypedef struct asn1_string_st ASN1_GENERALSTRING;\n                              ^\ntypedef struct ASN1_ITEM_st ASN1_ITEM;\n                            ^\n/usr/local/opt/openssl@3/include/openssl/types.h:In file included from 69third_party/boringssl/crypto/asn1/a_dup.c::2960::\n note: previous definition is hereIn file included from \nthird_party/boringssl/include/openssl/mem.h:60:\nthird_party/boringssl/include/openssl/base.htypedef struct ASN1_ITEM_st ASN1_ITEM;\n                            ^:\n252:31: error: redefinition of typedef \'ASN1_IA5STRING\' is a C11 feature [-Werror,-Wtypedef-redefinition]\ntypedef struct asn1_string_st ASN1_IA5STRING;\nIn file included from                               ^third_party/boringssl/crypto/asn1/a_int.c\n:63/usr/local/opt/openssl@3/include/openssl/types.h:\n:In file included from 51:31: notethird_party/boringssl/include/openssl/mem.h: :previous definition is here\n60:\ntypedef struct asn1_string_st ASN1_IA5STRING;third_party/boringssl/include/openssl/base.h:245:31: error\n:                               ^\nredefinition of typedef \'ASN1_OBJECT\' is a C11 feature [-Werror,-Wtypedef-redefinition]\nIn file included from third_party/boringssl/crypto/asn1/a_dup.c:typedef struct asn1_object_st ASN1_OBJECT;60\n                              ^\n:\nIn file included from third_party/boringssl/include/openssl/mem.h/usr/local/opt/openssl@3/include/openssl/types.h::6066:\n:31: third_party/boringssl/include/openssl/base.hnote:253:31: : error: previous definition is hereredefinition of typedef \'ASN1_INTEGER\' is a C11 feature [-Werror,-Wtypedef-redefinition]\n\ntypedef struct asn1_object_st ASN1_OBJECT;typedef struct asn1_string_st ASN1_INTEGER;\n\n                              ^                              ^\n\n/usr/local/opt/openssl@3/include/openssl/types.h:45:31In file included from third_party/boringssl/crypto/asn1/a_int.c::63 :\nnoteIn file included from : third_party/boringssl/include/openssl/mem.h:60:\nthird_party/boringssl/include/openssl/base.hprevious definition is here\n:246:29typedef struct asn1_string_st ASN1_INTEGER;:\n                               ^error\n: redefinition of typedef \'ASN1_PCTX\' is a C11 feature [-Werror,-Wtypedef-redefinition]\nIn file included from third_party/boringssl/crypto/asn1/a_dup.c:60typedef struct asn1_pctx_st ASN1_PCTX;:\n\nIn file included from                             ^\n/usr/local/opt/openssl@3/include/openssl/types.h:70third_party/boringssl/include/openssl/mem.h:60:\n:third_party/boringssl/include/openssl/base.h:254:31: 29error::  redefinition of typedef \'ASN1_OCTET_STRING\' is a C11 feature [-Werror,-Wtypedef-redefinition]note: previous definition is here\n\ntypedef struct asn1_string_st ASN1_OCTET_STRING;\n                              ^\ntypedef struct asn1_pctx_st ASN1_PCTX;/usr/local/opt/openssl@3/include/openssl/types.h\n:                            ^48\n:31: note: previous definition is here\nIn file included from typedef struct asn1_string_st ASN1_OCTET_STRING;third_party/boringssl/crypto/asn1/a_int.c\n:                              ^63\n:\nIn file included from third_party/boringssl/include/openssl/mem.h:60:\nthird_party/boringssl/include/openssl/base.hIn file included from third_party/boringssl/crypto/asn1/a_dup.c:60:\nIn file included from third_party/boringssl/include/openssl/mem.h:60:\nthird_party/boringssl/include/openssl/base.h:255:31: error: :247redefinition of typedef \'ASN1_PRINTABLESTRING\' is a C11 feature [-Werror,-Wtypedef-redefinition]:\n31: error: redefinition of typedef \'ASN1_BIT_STRING\' is a C11 feature [-Werror,-Wtypedef-redefinition]\ntypedef struct asn1_string_st ASN1_PRINTABLESTRING;\n                              ^\n/usr/local/opt/openssl@3/include/openssl/types.h:49:31: note: previous definition is here\ntypedef struct asn1_string_st ASN1_PRINTABLESTRING;\n                              ^\ntypedef struct asn1_string_st ASN1_BIT_STRING;\n                              ^\nIn file included from third_party/boringssl/crypto/asn1/a_dup.c:/usr/local/opt/openssl@3/include/openssl/types.h:47:3160::\nIn file included from third_party/boringssl/include/openssl/mem.h:60:\nthird_party/boringssl/include/openssl/base.h:256:31 : noteerror: : redefinition of typedef \'ASN1_STRING\' is a C11 feature [-Werror,-Wtypedef-redefinition]previous definition is here\n\ntypedef struct asn1_string_st ASN1_STRING;\ntypedef struct asn1_string_st ASN1_BIT_STRING;                              ^\n\n                              ^\n/usr/local/opt/openssl@3/include/openssl/types.h:60:31: note: previous definition is here\nIn file included from third_party/boringssl/crypto/asn1/a_int.c:63:\nIn file included from third_party/boringssl/include/openssl/mem.h:60:\nthird_party/boringssl/include/openssl/base.h:typedef struct asn1_string_st ASN1_STRING;\n                              ^\n248:31: error: In file included from redefinition of typedef \'ASN1_BMPSTRING\' is a C11 feature [-Werror,-Wtypedef-redefinition]third_party/boringssl/crypto/asn1/a_dup.c\n:60:\nIn file included from third_party/boringssl/include/openssl/mem.h:typedef struct asn1_string_st ASN1_BMPSTRING;60\n:\n                              ^third_party/boringssl/include/openssl/base.h\n:257:31: error: redefinition of typedef \'ASN1_T61STRING\' is a C11 feature [-Werror,-Wtypedef-redefinition]\n/usr/local/opt/openssl@3/include/openssl/types.h:typedef struct asn1_string_st ASN1_T61STRING;\n                              ^\n54:31:/usr/local/opt/openssl@3/include/openssl/types.h:50 note: previous definition is here:\n31: note: typedef struct asn1_string_st ASN1_BMPSTRING;\n                              ^\nprevious definition is here\nIn file included from third_party/boringssl/crypto/asn1/a_int.c:typedef struct asn1_string_st ASN1_T61STRING;63\n                              ^\n:\nIn file included from third_party/boringssl/include/openssl/mem.h:fatal error60:\nthird_party/boringssl/include/openssl/base.h:249: too many errors emitted, stopping now [-ferror-limit=]\n:31: error: redefinition of typedef \'ASN1_ENUMERATED\' is a C11 feature [-Werror,-Wtypedef-redefinition]\ntypedef struct asn1_string_st ASN1_ENUMERATED;\n                              ^\n/usr/local/opt/openssl@3/include/openssl/types.h:46:31: note: previous definition is here\ntypedef struct asn1_string_st ASN1_ENUMERATED;\n                              ^\nIn file included from third_party/boringssl/crypto/asn1/a_int.c:63:\nIn file included from third_party/boringssl/include/openssl/mem.h:60:\nthird_party/boringssl/include/openssl/base.h:250:31: error: redefinition of typedef \'ASN1_GENERALIZEDTIME\' is a C11 feature [-Werror,-Wtypedef-redefinition]\ntypedef struct asn1_string_st ASN1_GENERALIZEDTIME;\n                              ^\n/usr/local/opt/openssl@3/include/openssl/types.h:57:31: note: previous definition is here\ntypedef struct asn1_string_st ASN1_GENERALIZEDTIME;\n                              ^\nIn file included from third_party/boringssl/crypto/asn1/a_int.c:63:\nIn file included from third_party/boringssl/include/openssl/mem.h:60:\nthird_party/boringssl/include/openssl/base.h:251:31: error: redefinition of typedef \'ASN1_GENERALSTRING\' is a C11 feature [-Werror,-Wtypedef-redefinition]\ntypedef struct asn1_string_st ASN1_GENERALSTRING;\n                              ^\n/usr/local/opt/openssl@3/include/openssl/types.h:52:31: note: previous definition is here\ntypedef struct asn1_string_st ASN1_GENERALSTRING;\n                              ^\nIn file included from third_party/boringssl/crypto/asn1/a_int.c:63:\nIn file included from third_party/boringssl/include/openssl/mem.h:60:\nthird_party/boringssl/include/openssl/base.h:252:31: error: redefinition of typedef \'ASN1_IA5STRING\' is a C11 feature [-Werror,-Wtypedef-redefinition]\ntypedef struct asn1_string_st ASN1_IA5STRING;\n                              ^\n/usr/local/opt/openssl@3/include/openssl/types.h:51:31: note: previous definition is here\ntypedef struct asn1_string_st ASN1_IA5STRING;\n                              ^\nIn file included from third_party/boringssl/crypto/asn1/a_int.c:63:\nIn file included from third_party/boringssl/include/openssl/mem.h:60:\nthird_party/boringssl/include/openssl/base.h:253:31: error: redefinition of typedef \'ASN1_INTEGER\' is a C11 feature [-Werror,-Wtypedef-redefinition]\nIn file included from typedef struct asn1_string_st ASN1_INTEGER;\n                              ^\nthird_party/boringssl/crypto/asn1/a_bool.c:60:\n/usr/local/opt/openssl@3/include/openssl/types.h:45:31In file included from third_party/boringssl/include/openssl/mem.h:60:\n: note: third_party/boringssl/include/openssl/base.hprevious definition is here:\n143:9: typedef struct asn1_string_st ASN1_INTEGER;error\n: \'OPENSSL_VERSION_NUMBER\' macro redefined [-Werror,-Wmacro-redefined]                              ^\n\nIn file included from third_party/boringssl/crypto/asn1/a_int.c:63:\nIn file included from third_party/boringssl/include/openssl/mem.h:60:\nthird_party/boringssl/include/openssl/base.h#define OPENSSL_VERSION_NUMBER 0x1010007f\n        ^\n:254:31: error: /usr/local/opt/openssl@3/include/openssl/opensslv.h:99:redefinition of typedef \'ASN1_OCTET_STRING\' is a C11 feature [-Werror,-Wtypedef-redefinition]\n10: notetypedef struct asn1_string_st ASN1_OCTET_STRING;: \nprevious definition is here\n# define OPENSSL_VERSION_NUMBER          \\\n         ^\n                              ^\n/usr/local/opt/openssl@3/include/openssl/types.hIn file included from third_party/boringssl/crypto/asn1/a_bool.c:60:\nIn file included from :third_party/boringssl/include/openssl/mem.h:6048:\n:third_party/boringssl/include/openssl/base.h31::178 :note9: :previous definition is here error: \'OPENSSL_EXPORT\' macro redefined [-Werror,-Wmacro-redefined]\n\n#define OPENSSL_EXPORT\n        ^\n/usr/local/opt/openssl@3/include/openssl/e_os2.h:183:11: notetypedef struct asn1_string_st ASN1_OCTET_STRING;: \nprevious definition is here                              ^\n\n#  define OPENSSL_EXPORT extern\n          ^\nIn file included from third_party/boringssl/crypto/asn1/a_int.c:63:\nIn file included from third_party/boringssl/include/openssl/mem.h:60:\nthird_party/boringssl/include/openssl/base.h:255:31: error: redefinition of typedef \'ASN1_PRINTABLESTRING\' is a C11 feature [-Werror,-Wtypedef-redefinition]\ntypedef struct asn1_string_st ASN1_PRINTABLESTRING;\n                              ^\n/usr/local/opt/openssl@3/include/openssl/types.h:49:31: note: previous definition is here\ntypedef struct asn1_string_st ASN1_PRINTABLESTRING;\n                              ^\nIn file included from third_party/boringssl/crypto/asn1/a_int.c:63:\nIn file included from third_party/boringssl/include/openssl/mem.h:60:\nthird_party/boringssl/include/openssl/base.h:256:31: In file included from third_party/boringssl/crypto/asn1/a_bool.c:60:\nIn file included from third_party/boringssl/include/openssl/mem.h:60:\nthird_party/boringssl/include/openssl/base.herror: redefinition of typedef \'ASN1_STRING\' is a C11 feature [-Werror,-Wtypedef-redefinition]\n:240:13: typedef struct asn1_string_st ASN1_STRING;error\n:                               ^typedef redefinition with different types (\'int\' vs \'struct crypto_threadid_st\')\n\n/usr/local/opt/openssl@3/include/openssl/types.h:60:typedef int CRYPTO_THREADID;31\n: note: previous definition is here\n            ^\ntypedef struct asn1_string_st ASN1_STRING;\n                              ^\nIn file included from third_party/boringssl/crypto/asn1/a_int.c:63:\nIn file included from third_party/boringssl/include/openssl/mem.h:60:\nthird_party/boringssl/include/openssl/base.h:257:31: /usr/local/opt/openssl@3/include/openssl/crypto.herror:: 308:redefinition of typedef \'ASN1_T61STRING\' is a C11 feature [-Werror,-Wtypedef-redefinition]3\n: typedef struct asn1_string_st ASN1_T61STRING;note\n:                               ^previous definition is here\n\n/usr/local/opt/openssl@3/include/openssl/types.h:50:31:} CRYPTO_THREADID; \nnote  ^: \nprevious definition is here\ntypedef struct asn1_string_st ASN1_T61STRING;\n                              ^\nfatal error: In file included from too many errors emitted, stopping now [-ferror-limit=]\nthird_party/boringssl/crypto/asn1/a_bool.c:60:\nIn file included from third_party/boringssl/include/openssl/mem.h:60:\nthird_party/boringssl/include/openssl/base.h:242:13: error: redefinition of typedef \'ASN1_BOOLEAN\' is a C11 feature [-Werror,-Wtypedef-redefinition]\ntypedef int ASN1_BOOLEAN;\n            ^\n20 errors generated.\n/usr/local/opt/openssl@3/include/openssl/types.h:61:13: note: previous definition is here\ntypedef int ASN1_BOOLEAN;\n            ^\nIn file included from third_party/boringssl/crypto/asn1/a_bool.c:60:\nIn file included from third_party/boringssl/include/openssl/mem.h:60:\nthird_party/boringssl/include/openssl/base.h:243:13: error: redefinition of typedef \'ASN1_NULL\' is a C11 feature [-Werror,-Wtypedef-redefinition]\ntypedef int ASN1_NULL;\n            ^\n/usr/local/opt/openssl@3/include/openssl/types.h:62:13: note: previous definition is here\ntypedef int ASN1_NULL;\n            ^\nIn file included from third_party/boringssl/crypto/asn1/a_bool.c:60:\nIn file included from third_party/boringssl/include/openssl/mem.h:60:\nthird_party/boringssl/include/openssl/base.h:244:29: error: redefinition of typedef \'ASN1_ITEM\' is a C11 feature [-Werror,-Wtypedef-redefinition]\ntypedef struct ASN1_ITEM_st ASN1_ITEM;\n                            ^\n/usr/local/opt/openssl@3/include/openssl/types.h:69:29: note: previous definition is here\ntypedef struct ASN1_ITEM_st ASN1_ITEM;\n                            ^\nIn file included from third_party/boringssl/crypto/asn1/a_bool.c:60:\nIn file included from third_party/boringssl/include/openssl/mem.h:60:\nthird_party/boringssl/include/openssl/base.h:245:31: error: redefinition of typedef \'ASN1_OBJECT\' is a C11 feature [-Werror,-Wtypedef-redefinition]\ntypedef struct asn1_object_st ASN1_OBJECT;\n                              ^\n/usr/local/opt/openssl@3/include/openssl/types.h:66:31: note: previous definition is here\ntypedef struct asn1_object_st ASN1_OBJECT;\n                              ^\nIn file included from third_party/boringssl/crypto/asn1/a_bool.c:60:\nIn file included from third_party/boringssl/include/openssl/mem.h:60:\nthird_party/boringssl/include/openssl/base.h:246:29: error: redefinition of typedef \'ASN1_PCTX\' is a C11 feature [-Werror,-Wtypedef-redefinition]\ntypedef struct asn1_pctx_st ASN1_PCTX;\n                            ^\n/usr/local/opt/openssl@3/include/openssl/types.h:70:29: note: previous definition is here\ntypedef struct asn1_pctx_st ASN1_PCTX;\n                            ^\nIn file included from third_party/boringssl/crypto/asn1/a_bool.c:60:\nIn file included from third_party/boringssl/include/openssl/mem.h:60:\nthird_party/boringssl/include/openssl/base.h:247:31: error: redefinition of typedef \'ASN1_BIT_STRING\' is a C11 feature [-Werror,-Wtypedef-redefinition]\ntypedef struct asn1_string_st ASN1_BIT_STRING;20\n error                              ^s\n generated/usr/local/opt/openssl@3/include/openssl/types.h.\n:47:31: note: previous definition is here\ntypedef struct asn1_string_st ASN1_BIT_STRING;\n                              ^\nIn file included from third_party/boringssl/crypto/asn1/a_bool.c:60:\nIn file included from third_party/boringssl/include/openssl/mem.h:60:\nthird_party/boringssl/include/openssl/base.h:248:31: error: redefinition of typedef \'ASN1_BMPSTRING\' is a C11 feature [-Werror,-Wtypedef-redefinition]\ntypedef struct asn1_string_st ASN1_BMPSTRING;\n                              ^\n/usr/local/opt/openssl@3/include/openssl/types.h:54:31: note: previous definition is here\ntypedef struct asn1_string_st ASN1_BMPSTRING;\n                              ^\nIn file included from third_party/boringssl/crypto/asn1/a_bool.c:60:\nIn file included from third_party/boringssl/include/openssl/mem.h:60:\nthird_party/boringssl/include/openssl/base.h:249:31: error: redefinition of typedef \'ASN1_ENUMERATED\' is a C11 feature [-Werror,-Wtypedef-redefinition]\ntypedef struct asn1_string_st ASN1_ENUMERATED;\n                              ^\n/usr/local/opt/openssl@3/include/openssl/types.h:46:31: note: previous definition is here\ntypedef struct asn1_string_st ASN1_ENUMERATED;\n                              ^\nIn file included from third_party/boringssl/crypto/asn1/a_bool.c:60:\nIn file included from third_party/boringssl/include/openssl/mem.h:60:\nthird_party/boringssl/include/openssl/base.h:250:31: error: redefinition of typedef \'ASN1_GENERALIZEDTIME\' is a C11 feature [-Werror,-Wtypedef-redefinition]\ntypedef struct asn1_string_st ASN1_GENERALIZEDTIME;\n                              ^\n/usr/local/opt/openssl@3/include/openssl/types.h:57:31: note: previous definition is here\ntypedef struct asn1_string_st ASN1_GENERALIZEDTIME;\n                              ^\nIn file included from third_party/boringssl/crypto/asn1/a_bool.c:60:\nIn file included from third_party/boringssl/include/openssl/mem.h:60:\nthird_party/boringssl/include/openssl/base.h:251:31: error: redefinition of typedef \'ASN1_GENERALSTRING\' is a C11 feature [-Werror,-Wtypedef-redefinition]\ntypedef struct asn1_string_st ASN1_GENERALSTRING;\n                              ^\n/usr/local/opt/openssl@3/include/openssl/types.h:52:31: note: previous definition is here\ntypedef struct asn1_string_st ASN1_GENERALSTRING;\n                              ^\nIn file included from third_party/boringssl/crypto/asn1/a_bool.c:60:\nIn file included from third_party/boringssl/include/openssl/mem.h:60:\nthird_party/boringssl/include/openssl/base.h:252:31: error: redefinition of typedef \'ASN1_IA5STRING\' is a C11 feature [-Werror,-Wtypedef-redefinition]\ntypedef struct asn1_string_st ASN1_IA5STRING;\n                              ^\n/usr/local/opt/openssl@3/include/openssl/types.h:51:31: note: previous definition is here\ntypedef struct asn1_string_st ASN1_IA5STRING;\n                              ^\nIn file included from third_party/boringssl/crypto/asn1/a_bool.c:60:\nIn file included from third_party/boringssl/include/openssl/mem.h:60:\nthird_party/boringssl/include/openssl/base.h:253:31: error: redefinition of typedef \'ASN1_INTEGER\' is a C11 feature [-Werror,-Wtypedef-redefinition]\ntypedef struct asn1_string_st ASN1_INTEGER;\n                              ^\n/usr/local/opt/openssl@3/include/openssl/types.h:45:31: note: previous definition is here\ntypedef struct asn1_string_st ASN1_INTEGER;\n                              ^\nIn file included from third_party/boringssl/crypto/asn1/a_bool.c:60:\nIn file included from third_party/boringssl/include/openssl/mem.h:60:\nthird_party/boringssl/include/openssl/base.h:254:31: error: redefinition of typedef \'ASN1_OCTET_STRING\' is a C11 feature [-Werror,-Wtypedef-redefinition]\ntypedef struct asn1_string_st ASN1_OCTET_STRING;\n                              ^\n/usr/local/opt/openssl@3/include/openssl/types.h:48:31: note: previous definition is here\ntypedef struct asn1_string_st ASN1_OCTET_STRING;\n                              ^\nIn file included from third_party/boringssl/crypto/asn1/a_bool.c:60:\nIn file included from third_party/boringssl/include/openssl/mem.h:60:\nthird_party/boringssl/include/openssl/base.h:255:31: error: redefinition of typedef \'ASN1_PRINTABLESTRING\' is a C11 feature [-Werror,-Wtypedef-redefinition]\ntypedef struct asn1_string_st ASN1_PRINTABLESTRING;\n                              ^\n/usr/local/opt/openssl@3/include/openssl/types.h:49:31: note: previous definition is here\ntypedef struct asn1_string_st ASN1_PRINTABLESTRING;\n                              ^\nIn file included from third_party/boringssl/crypto/asn1/a_bool.c:60:\nIn file included from third_party/boringssl/include/openssl/mem.h:60:\nthird_party/boringssl/include/openssl/base.h:256:31: error: redefinition of typedef \'ASN1_STRING\' is a C11 feature [-Werror,-Wtypedef-redefinition]\ntypedef struct asn1_string_st ASN1_STRING;\n                              ^\n/usr/local/opt/openssl@3/include/openssl/types.h:60:31: note: previous definition is here\ntypedef struct asn1_string_st ASN1_STRING;\n                              ^\nIn file included from third_party/boringssl/crypto/asn1/a_bool.c:60:\nIn file included from third_party/boringssl/include/openssl/mem.h:60:\nthird_party/boringssl/include/openssl/base.h:257:31: error: redefinition of typedef \'ASN1_T61STRING\' is a C11 feature [-Werror,-Wtypedef-redefinition]\ntypedef struct asn1_string_st ASN1_T61STRING;\n                              ^\n/usr/local/opt/openssl@3/include/openssl/types.h:50:31: note: previous definition is here\ntypedef struct asn1_string_st ASN1_T61STRING;\n                              ^\nfatal error: too many errors emitted, stopping now [-ferror-limit=]\nIn file included from third_party/boringssl/crypto/asn1/a_mbstr.c:62:\nIn file included from third_party/boringssl/include/openssl/mem.h:60:\nthird_party/boringssl/include/openssl/base.h:143:9: error: make: \'OPENSSL_VERSION_NUMBER\' macro redefined [-Werror,-Wmacro-redefined]\n*** [/Users/runner/actions-runner/_work/python.build/python.build/build_grpcio111139/grpcio-1.11.1/objs/opt/third_party/boringssl/crypto/asn1/a_dup.o] Error 1\n#define OPENSSL_VERSION_NUMBER 0x1010007f\n        ^\n/usr/local/opt/openssl@3/include/openssl/opensslv.h:99:10: note: previous definition is here\n# define OPENSSL_VERSION_NUMBER          \\\n         ^\nIn file included from third_party/boringssl/crypto/asn1/a_mbstr.c:62:\nIn file included from third_party/boringssl/include/openssl/mem.h:60:\nthird_party/boringssl/include/openssl/base.h:178:9: error: \'OPENSSL_EXPORT\' macro redefined [-Werror,-Wmacro-redefined]\n#define OPENSSL_EXPORT\n        ^\n/usr/local/opt/openssl@3/include/openssl/e_os2.h:183:11: note: previous definition is here\n#  define OPENSSL_EXPORT extern\n          ^\nIn file included from 20third_party/boringssl/crypto/asn1/a_mbstr.c error:s62 generated:\n.\nIn file included from third_party/boringssl/include/openssl/mem.h:60:\nthird_party/boringssl/include/openssl/base.h:240:13: error: typedef redefinition with different types (\'int\' vs \'struct crypto_threadid_st\')\ntypedef int CRYPTO_THREADID;\n            ^\n/usr/local/opt/openssl@3/include/openssl/crypto.h:308:3: note: previous definition is here\n} CRYPTO_THREADID;\n  ^\nIn file included from third_party/boringssl/crypto/asn1/a_mbstr.c:62:\nIn file included from third_party/boringssl/include/openssl/mem.h:60:\nthird_party/boringssl/include/openssl/base.h:242:13: error: redefinition of typedef \'ASN1_BOOLEAN\' is a C11 feature [-Werror,-Wtypedef-redefinition]\ntypedef int ASN1_BOOLEAN;\n            ^\n/usr/local/opt/openssl@3/include/openssl/types.h:61:13: note: previous definition is here\ntypedef int ASN1_BOOLEAN;\n            ^\nIn file included from third_party/boringssl/crypto/asn1/a_mbstr.c:62:\nIn file included from third_party/boringssl/include/openssl/mem.h:60:\nthird_party/boringssl/include/openssl/base.h:243:13: error: redefinition of typedef \'ASN1_NULL\' is a C11 feature [-Werror,-Wtypedef-redefinition]\ntypedef int ASN1_NULL;\n            ^\n/usr/local/opt/openssl@3/include/openssl/types.h:62:13: note: previous definition is here\ntypedef int ASN1_NULL;\n            ^\nIn file included from third_party/boringssl/crypto/asn1/a_mbstr.c:62:\nIn file included from third_party/boringssl/include/openssl/mem.h:60:\nthird_party/boringssl/include/openssl/base.h:244:29: error: redefinition of typedef \'ASN1_ITEM\' is a C11 feature [-Werror,-Wtypedef-redefinition]\ntypedef struct ASN1_ITEM_st ASN1_ITEM;\n                            ^\n/usr/local/opt/openssl@3/include/openssl/types.h:69:29: note: previous definition is here\ntypedef struct ASN1_ITEM_st ASN1_ITEM;\n                            ^\nIn file included from third_party/boringssl/crypto/asn1/a_mbstr.c:62:\nIn file included from third_party/boringssl/include/openssl/mem.h:60:\nthird_party/boringssl/include/openssl/base.h:245:31: error: redefinition of typedef \'ASN1_OBJECT\' is a C11 feature [-Werror,-Wtypedef-redefinition]\ntypedef struct asn1_object_st ASN1_OBJECT;\n                              ^\n/usr/local/opt/openssl@3/include/openssl/types.h:66:31: note: previous definition is here\ntypedef struct asn1_object_st ASN1_OBJECT;\n                              ^\nIn file included from third_party/boringssl/crypto/asn1/a_mbstr.c:62:\nIn file included from third_party/boringssl/include/openssl/mem.h:60:\nthird_party/boringssl/include/openssl/base.h:246:29: error: redefinition of typedef \'ASN1_PCTX\' is a C11 feature [-Werror,-Wtypedef-redefinition]\ntypedef struct asn1_pctx_st ASN1_PCTX;\n                            ^\n/usr/local/opt/openssl@3/include/openssl/types.h:70:29: note: previous definition is here\ntypedef struct asn1_pctx_st ASN1_PCTX;\n                            ^\nIn file included from third_party/boringssl/crypto/asn1/a_mbstr.c:62:\nIn file included from third_party/boringssl/include/openssl/mem.h:60:\nthird_party/boringssl/include/openssl/base.h:247:31: error: redefinition of typedef \'ASN1_BIT_STRING\' is a C11 feature [-Werror,-Wtypedef-redefinition]\ntypedef struct asn1_string_st ASN1_BIT_STRING;\n                              ^\n/usr/local/opt/openssl@3/include/openssl/types.h:47:31: note: make: previous definition is here*** [/Users/runner/actions-runner/_work/python.build/python.build/build_grpcio111139/grpcio-1.11.1/objs/opt/third_party/boringssl/crypto/asn1/a_time.o] Error 1\n\ntypedef struct asn1_string_st ASN1_BIT_STRING;\n                              ^\nIn file included from third_party/boringssl/crypto/asn1/a_mbstr.c:62:\nIn file included from third_party/boringssl/include/openssl/mem.h:60:\nthird_party/boringssl/include/openssl/base.h:248:31: error: redefinition of typedef \'ASN1_BMPSTRING\' is a C11 feature [-Werror,-Wtypedef-redefinition]\ntypedef struct asn1_string_st ASN1_BMPSTRING;\n                              ^\n/usr/local/opt/openssl@3/include/openssl/types.h:54:31: note: previous definition is here\ntypedef struct asn1_string_st ASN1_BMPSTRING;\n                              ^\nIn file included from third_party/boringssl/crypto/asn1/a_mbstr.c:62:\nIn file included from third_party/boringssl/include/openssl/mem.h:60:\nthird_party/boringssl/include/openssl/base.h:249:31: error: redefinition of typedef \'ASN1_ENUMERATED\' is a C11 feature [-Werror,-Wtypedef-redefinition]\ntypedef struct asn1_string_st ASN1_ENUMERATED;\n                              ^\n/usr/local/opt/openssl@3/include/openssl/types.h:46:31: note: previous definition is here\ntypedef struct asn1_string_st ASN1_ENUMERATED;\n                              ^\nIn file included from third_party/boringssl/crypto/asn1/a_mbstr.c:62:\nIn file included from third_party/boringssl/include/openssl/mem.h:60:\nthird_party/boringssl/include/openssl/base.h:250:31: error: redefinition of typedef \'ASN1_GENERALIZEDTIME\' is a C11 feature [-Werror,-Wtypedef-redefinition]\ntypedef struct asn1_string_st ASN1_GENERALIZEDTIME;\n                              ^\n/usr/local/opt/openssl@3/include/openssl/types.h:57:31: note: previous definition is here\ntypedef struct asn1_string_st ASN1_GENERALIZEDTIME;\n                              ^\nIn file included from third_party/boringssl/crypto/asn1/a_mbstr.c:62:\nIn file included from third_party/boringssl/include/openssl/mem.h:60:\nthird_party/boringssl/include/openssl/base.h:251:31: error: redefinition of typedef \'ASN1_GENERALSTRING\' is a C11 feature [-Werror,-Wtypedef-redefinition]\ntypedef struct asn1_string_st ASN1_GENERALSTRING;\n                              ^\n/usr/local/opt/openssl@3/include/openssl/types.h:52:31: note: previous definition is here\ntypedef struct asn1_string_st ASN1_GENERALSTRING;\n                              ^\nIn file included from third_party/boringssl/crypto/asn1/a_mbstr.c:62:\nIn file included from third_party/boringssl/include/openssl/mem.h:60:\nthird_party/boringssl/include/openssl/base.h:252:31: error: redefinition of typedef \'ASN1_IA5STRING\' is a C11 feature [-Werror,-Wtypedef-redefinition]\ntypedef struct asn1_string_st ASN1_IA5STRING;\n                              ^\n/usr/local/opt/openssl@3/include/openssl/types.h:51:31: note: previous definition is here\ntypedef struct asn1_string_st ASN1_IA5STRING;\n                              ^\nIn file included from third_party/boringssl/crypto/asn1/a_mbstr.c:62:\nIn file included from third_party/boringssl/include/openssl/mem.h:60:\nthird_party/boringssl/include/openssl/base.h:253:31: error: redefinition of typedef \'ASN1_INTEGER\' is a C11 feature [-Werror,-Wtypedef-redefinition]\n20typedef struct asn1_string_st ASN1_INTEGER;\n                              ^\n/usr/local/opt/openssl@3/include/openssl/types.h: error45s generated.\n:31: note: previous definition is here\ntypedef struct asn1_string_st ASN1_INTEGER;\n                              ^\nIn file included from third_party/boringssl/crypto/asn1/a_mbstr.c:62:\nIn file included from third_party/boringssl/include/openssl/mem.h:60:\nthird_party/boringssl/include/openssl/base.h:254:31: error: redefinition of typedef \'ASN1_OCTET_STRING\' is a C11 feature [-Werror,-Wtypedef-redefinition]\ntypedef struct asn1_string_st ASN1_OCTET_STRING;\n                              ^\n/usr/local/opt/openssl@3/include/openssl/types.h:48:31: note: previous definition is here\ntypedef struct asn1_string_st ASN1_OCTET_STRING;\n                              ^\nIn file included from third_party/boringssl/crypto/asn1/a_mbstr.c:62:\nIn file included from third_party/boringssl/include/openssl/mem.h:60:\nthird_party/boringssl/include/openssl/base.h:255:31: error: redefinition of typedef \'ASN1_PRINTABLESTRING\' is a C11 feature [-Werror,-Wtypedef-redefinition]\ntypedef struct asn1_string_st ASN1_PRINTABLESTRING;\n                              ^\n/usr/local/opt/openssl@3/include/openssl/types.h:49:31: note: previous definition is here\ntypedef struct asn1_string_st ASN1_PRINTABLESTRING;\n                              ^\nIn file included from third_party/boringssl/crypto/asn1/a_mbstr.c:62:\nIn file included from third_party/boringssl/include/openssl/mem.h:60:\nthird_party/boringssl/include/openssl/base.h:256:31: error: redefinition of typedef \'ASN1_STRING\' is a C11 feature [-Werror,-Wtypedef-redefinition]\ntypedef struct asn1_string_st ASN1_STRING;\n                              ^\n/usr/local/opt/openssl@3/include/openssl/types.h:60:31: note: previous definition is here\ntypedef struct asn1_string_st ASN1_STRING;\n                              ^\nIn file included from third_party/boringssl/crypto/asn1/a_mbstr.c:62:\nIn file included from third_party/boringssl/include/openssl/mem.h:60:\nthird_party/boringssl/include/openssl/base.h:257:31: error: redefinition of typedef \'ASN1_T61STRING\' is a C11 feature [-Werror,-Wtypedef-redefinition]\ntypedef struct asn1_string_st ASN1_T61STRING;\n                              ^\n/usr/local/opt/openssl@3/include/openssl/types.h:50:31: note: previous definition is here\ntypedef struct asn1_string_st ASN1_T61STRING;\n                              ^\nfatal error: too many errors emitted, stopping now [-ferror-limit=]\nIn file included from third_party/boringssl/crypto/asn1/a_object.c:63:\nIn file included from third_party/boringssl/include/openssl/mem.h:60:\nthird_party/boringssl/include/openssl/base.h:143:9: error: \'OPENSSL_VERSION_NUMBER\' macro redefined [-Werror,-Wmacro-redefined]\n#define OPENSSL_VERSION_NUMBER 0x1010007f\n        ^\n/usr/local/opt/openssl@3/include/openssl/opensslv.h:99:10: note: previous definition is here\n# define OPENSSL_VERSION_NUMBER          \\\n         ^\nIn file included from third_party/boringssl/crypto/asn1/a_object.c:63:\nIn file included from third_party/boringssl/include/openssl/mem.h:60:\nthird_party/boringssl/include/openssl/base.h:178:9: error: \'OPENSSL_EXPORT\' macro redefined [-Werror,-Wmacro-redefined]\n#define OPENSSL_EXPORT\n        ^\n/usr/local/opt/openssl@3/include/openssl/e_os2.h:183:11: note: previous definition is here\n#  define OPENSSL_EXPORT extern\n          ^\nIn file included from third_party/boringssl/crypto/asn1/a_object.c:63:\nIn file included from third_party/boringssl/include/openssl/mem.h:60:\nthird_party/boringssl/include/openssl/base.h:240:13: error: typedef redefinition with different types (\'int\' vs \'struct crypto_threadid_st\')\ntypedef int CRYPTO_THREADID;\n            ^\n/usr/local/opt/openssl@3/include/openssl/crypto.h:308:3: note: previous definition is here\n} CRYPTO_THREADID;\n  ^\nIn file included from third_party/boringssl/crypto/asn1/a_object.c:63:\nIn file included from third_party/boringssl/include/openssl/mem.h:60:\nthird_party/boringssl/include/openssl/base.h:242:13: error: redefinition of typedef \'ASN1_BOOLEAN\' is a C11 feature [-Werror,-Wtypedef-redefinition]\ntypedef int ASN1_BOOLEAN;\n            ^\n/usr/local/opt/openssl@3/include/openssl/types.h:61:13: note: previous definition is here\ntypedef int ASN1_BOOLEAN;\n            ^\nIn file included from third_party/boringssl/crypto/asn1/a_object.c:63:\nIn file included from third_party/boringssl/include/openssl/mem.h:60make: :\nthird_party/boringssl/include/openssl/base.h:243:13:*** [/Users/runner/actions-runner/_work/python.build/python.build/build_grpcio111139/grpcio-1.11.1/objs/opt/third_party/boringssl/crypto/asn1/a_bool.o] Error 1 error: redefinition of typedef \'ASN1_NULL\' is a C11 feature [-Werror,-Wtypedef-redefinition]\n\ntypedef int ASN1_NULL;\n            ^\n/usr/local/opt/openssl@3/include/openssl/types.h:62:13: note: previous definition is here\ntypedef int ASN1_NULL;\n            ^\nIn file included from third_party/boringssl/crypto/asn1/a_object.c:63:\nIn file included from third_party/boringssl/include/openssl/mem.h:60:\nthird_party/boringssl/include/openssl/base.h:244:29: error: redefinition of typedef \'ASN1_ITEM\' is a C11 feature [-Werror,-Wtypedef-redefinition]\ntypedef struct ASN1_ITEM_st ASN1_ITEM;\n                            ^\n/usr/local/opt/openssl@3/include/openssl/types.h:69:29: note: previous definition is here\ntypedef struct ASN1_ITEM_st ASN1_ITEM;\n                            ^\nIn file included from third_party/boringssl/crypto/asn1/a_object.c:63:\nIn file included from third_party/boringssl/include/openssl/mem.h:60:\nthird_party/boringssl/include/openssl/base.h:245:31: error: redefinition of typedef \'ASN1_OBJECT\' is a C11 feature [-Werror,-Wtypedef-redefinition]\ntypedef struct asn1_object_st ASN1_OBJECT;\n                              ^\n/usr/local/opt/openssl@3/include/openssl/types.h:66:31: note: previous definition is here\ntypedef struct asn1_object_st ASN1_OBJECT;\n                              ^\nIn file included from third_party/boringssl/crypto/asn1/a_object.c:63:\nIn file included from third_party/boringssl/include/openssl/mem.h:60:\nthird_party/boringssl/include/openssl/base.h:246:29: error: redefinition of typedef \'ASN1_PCTX\' is a C11 feature [-Werror,-Wtypedef-redefinition]\ntypedef struct asn1_pctx_st ASN1_PCTX;\n                            ^\n/usr/local/opt/openssl@3/include/openssl/types.h:70:29: note: previous definition is here\ntypedef struct asn1_pctx_st ASN1_PCTX;\n                            ^\nIn file included from third_party/boringssl/crypto/asn1/a_object.c:63:\nIn file included from third_party/boringssl/include/openssl/mem.h:60:\nthird_party/boringssl/include/openssl/base.h:247:31: error: redefinition of typedef \'ASN1_BIT_STRING\' is a C11 feature [-Werror,-Wtypedef-redefinition]\ntypedef struct asn1_string_st ASN1_BIT_STRING;\n                              ^\n/usr/local/opt/openssl@3/include/openssl/types.h:47:31: note: previous definition is here\nIn file included from third_party/boringssl/crypto/asn1/a_strnid.ctypedef struct asn1_string_st ASN1_BIT_STRING;:\n63                              ^:\nIn file included from third_party/boringssl/include/openssl/mem.h:60\n:\nIn file included from third_party/boringssl/crypto/asn1/a_object.c:63:\nIn file included from third_party/boringssl/include/openssl/mem.h:60:\nthird_party/boringssl/include/openssl/base.h:248:31: error: redefinition of typedef \'ASN1_BMPSTRING\' is a C11 feature [-Werror,-Wtypedef-redefinition]\nthird_party/boringssl/include/openssl/base.h:143typedef struct asn1_string_st ASN1_BMPSTRING;\n                              ^\n:/usr/local/opt/openssl@3/include/openssl/types.h9::54 :error31: :\'OPENSSL_VERSION_NUMBER\' macro redefined [-Werror,-Wmacro-redefined] \nnote: previous definition is here\ntypedef struct asn1_string_st ASN1_BMPSTRING;\n                              ^\nIn file included from third_party/boringssl/crypto/asn1/a_object.c:63:\nIn file included from #define OPENSSL_VERSION_NUMBER 0x1010007fthird_party/boringssl/include/openssl/mem.h\n:60:\nthird_party/boringssl/include/openssl/base.h:249:31:         ^\nerror: redefinition of typedef \'ASN1_ENUMERATED\' is a C11 feature [-Werror,-Wtypedef-redefinition]\n/usr/local/opt/openssl@3/include/openssl/opensslv.h:99typedef struct asn1_string_st ASN1_ENUMERATED;:\n10                              ^: note: previous definition is here\n\n/usr/local/opt/openssl@3/include/openssl/types.h:46:31: note: previous definition is here# define OPENSSL_VERSION_NUMBER          \\\n         ^\n\nIn file included from third_party/boringssl/crypto/asn1/a_strnid.ctypedef struct asn1_string_st ASN1_ENUMERATED;:\n63:\n                              ^\nIn file included from third_party/boringssl/include/openssl/mem.h:60:\nthird_party/boringssl/include/openssl/base.h:178:9: errorIn file included from : third_party/boringssl/crypto/asn1/a_object.c\'OPENSSL_EXPORT\' macro redefined [-Werror,-Wmacro-redefined]\n:#define OPENSSL_EXPORT\n        ^\n63:\n/usr/local/opt/openssl@3/include/openssl/e_os2.hIn file included from :third_party/boringssl/include/openssl/mem.h183:11:60:\nthird_party/boringssl/include/openssl/base.h:: 250note:: previous definition is here\n31: error: redefinition of typedef \'ASN1_GENERALIZEDTIME\' is a C11 feature [-Werror,-Wtypedef-redefinition]\n#  define OPENSSL_EXPORT extern\n          ^\ntypedef struct asn1_string_st ASN1_GENERALIZEDTIME;\n                              ^\n/usr/local/opt/openssl@3/include/openssl/types.h:57:31: note: previous definition is here\ntypedef struct asn1_string_st ASN1_GENERALIZEDTIME;\n                              ^\nIn file included from third_party/boringssl/crypto/asn1/a_object.c:63:\nIn file included from In file included from third_party/boringssl/crypto/asn1/a_strnid.cthird_party/boringssl/include/openssl/mem.h::6360:\n:\nIn file included from third_party/boringssl/include/openssl/base.hthird_party/boringssl/include/openssl/mem.h::25160::\n31third_party/boringssl/include/openssl/base.h:: 240error:: 13redefinition of typedef \'ASN1_GENERALSTRING\' is a C11 feature [-Werror,-Wtypedef-redefinition]:\n error: typedef redefinition with different types (\'int\' vs \'struct crypto_threadid_st\')\ntypedef struct asn1_string_st ASN1_GENERALSTRING;typedef int CRYPTO_THREADID;\n\n                              ^            ^\n\n20/usr/local/opt/openssl@3/include/openssl/types.h:52:31 errors generated.\n/usr/local/opt/openssl@3/include/openssl/crypto.h: note:308:3: note: previous definition is here\n: previous definition is here\n} CRYPTO_THREADID;\n  ^\ntypedef struct asn1_string_st ASN1_GENERALSTRING;\n                              ^\nIn file included from In file included from third_party/boringssl/crypto/asn1/a_strnid.cthird_party/boringssl/crypto/asn1/a_object.c::63:\nIn file included from third_party/boringssl/include/openssl/mem.h63:\nIn file included from third_party/boringssl/include/openssl/mem.h:60:\n:third_party/boringssl/include/openssl/base.h60:\nthird_party/boringssl/include/openssl/base.h::252242::13:31 :error: redefinition of typedef \'ASN1_BOOLEAN\' is a C11 feature [-Werror,-Wtypedef-redefinition] \nerror: redefinition of typedef \'ASN1_IA5STRING\' is a C11 feature [-Werror,-Wtypedef-redefinition]\ntypedef struct asn1_string_st ASN1_IA5STRING;\n                              ^\n/usr/local/opt/openssl@3/include/openssl/types.htypedef int ASN1_BOOLEAN;:51:31:\n note            ^\n: previous definition is here\n/usr/local/opt/openssl@3/include/openssl/types.h:typedef struct asn1_string_st ASN1_IA5STRING;61\n:13: note:                               ^previous definition is here\n\nIn file included from third_party/boringssl/crypto/asn1/a_object.c:typedef int ASN1_BOOLEAN;63\n            ^:\nIn file included from third_party/boringssl/include/openssl/mem.h\n:60:\nthird_party/boringssl/include/openssl/base.h:253:31In file included from :third_party/boringssl/crypto/asn1/a_strnid.c :error63: :\nredefinition of typedef \'ASN1_INTEGER\' is a C11 feature [-Werror,-Wtypedef-redefinition]In file included from \nthird_party/boringssl/include/openssl/mem.h:60:\nthird_party/boringssl/include/openssl/base.htypedef struct asn1_string_st ASN1_INTEGER;:\n243                              ^:\n13:/usr/local/opt/openssl@3/include/openssl/types.h :error45: :31redefinition of typedef \'ASN1_NULL\' is a C11 feature [-Werror,-Wtypedef-redefinition]\n: note: typedef int ASN1_NULL;previous definition is here\n            ^\n\n/usr/local/opt/openssl@3/include/openssl/types.h:62:13typedef struct asn1_string_st ASN1_INTEGER;:\n                              ^\n note: In file included from previous definition is here\nthird_party/boringssl/crypto/asn1/a_object.c:typedef int ASN1_NULL;63\n:\n            ^In file included from \nthird_party/boringssl/include/openssl/mem.h:60:\nthird_party/boringssl/include/openssl/base.h:254:31: error: redefinition of typedef \'ASN1_OCTET_STRING\' is a C11 feature [-Werror,-Wtypedef-redefinition]\nIn file included from third_party/boringssl/crypto/asn1/a_strnid.c:63:\nIn file included from typedef struct asn1_string_st ASN1_OCTET_STRING;\n                              ^\nthird_party/boringssl/include/openssl/mem.h:/usr/local/opt/openssl@3/include/openssl/types.h60::\n48third_party/boringssl/include/openssl/base.h:244::31: note: previous definition is here\n29typedef struct asn1_string_st ASN1_OCTET_STRING;\n:                              ^ \nerror: redefinition of typedef \'ASN1_ITEM\' is a C11 feature [-Werror,-Wtypedef-redefinition]\nIn file included from third_party/boringssl/crypto/asn1/a_object.c:63make: :\nIn file included from third_party/boringssl/include/openssl/mem.h*** [/Users/runner/actions-runner/_work/python.build/python.build/build_grpcio111139/grpcio-1.11.1/objs/opt/third_party/boringssl/crypto/asn1/a_int.o] Error 1typedef struct ASN1_ITEM_st ASN1_ITEM;\n                            ^\n:\n60:\n/usr/local/opt/openssl@3/include/openssl/types.hthird_party/boringssl/include/openssl/base.h::69255::2931::  noteerror: : previous definition is hereredefinition of typedef \'ASN1_PRINTABLESTRING\' is a C11 feature [-Werror,-Wtypedef-redefinition]\n\ntypedef struct asn1_string_st ASN1_PRINTABLESTRING;\n                              ^\ntypedef struct ASN1_ITEM_st ASN1_ITEM;\n                            ^\n/usr/local/opt/openssl@3/include/openssl/types.h:49:31: note: previous definition is here\nIn file included from third_party/boringssl/crypto/asn1/a_strnid.c:63:\nIn file included from third_party/boringssl/include/openssl/mem.h:60:\nthird_party/boringssl/include/openssl/base.h:245:31typedef struct asn1_string_st ASN1_PRINTABLESTRING;\n                              ^\n: error: redefinition of typedef \'ASN1_OBJECT\' is a C11 feature [-Werror,-Wtypedef-redefinition]\nIn file included from third_party/boringssl/crypto/asn1/a_object.c:typedef struct asn1_object_st ASN1_OBJECT;\n                              ^\n63:\nIn file included from third_party/boringssl/include/openssl/mem.h:60:\n/usr/local/opt/openssl@3/include/openssl/types.hthird_party/boringssl/include/openssl/base.h::66:25631::31 :note : errorprevious definition is here: \nredefinition of typedef \'ASN1_STRING\' is a C11 feature [-Werror,-Wtypedef-redefinition]\ntypedef struct asn1_object_st ASN1_OBJECT;\ntypedef struct asn1_string_st ASN1_STRING;\n                              ^\n                              ^\n/usr/local/opt/openssl@3/include/openssl/types.h:60:31: note: previous definition is here\ntypedef struct asn1_string_st ASN1_STRING;\n                              ^\nIn file included from third_party/boringssl/crypto/asn1/a_strnid.c:63:\nIn file included from third_party/boringssl/include/openssl/mem.hIn file included from third_party/boringssl/crypto/asn1/a_object.c:63::\nIn file included from 60third_party/boringssl/include/openssl/mem.h:\n:60:\nthird_party/boringssl/include/openssl/base.h:third_party/boringssl/include/openssl/base.h257::31246:: error: redefinition of typedef \'ASN1_T61STRING\' is a C11 feature [-Werror,-Wtypedef-redefinition]29: error: redefinition of typedef \'ASN1_PCTX\' is a C11 feature [-Werror,-Wtypedef-redefinition]\n\ntypedef struct asn1_pctx_st ASN1_PCTX;\n                            ^\ntypedef struct asn1_string_st ASN1_T61STRING;/usr/local/opt/openssl@3/include/openssl/types.h\n:                              ^70\n:29/usr/local/opt/openssl@3/include/openssl/types.h:: 50note:: 31previous definition is here:\n note: previous definition is here\ntypedef struct asn1_pctx_st ASN1_PCTX;\n                            ^\ntypedef struct asn1_string_st ASN1_T61STRING;\n                              ^\nIn file included from third_party/boringssl/crypto/asn1/a_strnid.c:63:\nfatal error: too many errors emitted, stopping now [-ferror-limit=]\nIn file included from third_party/boringssl/include/openssl/mem.h:60:\nthird_party/boringssl/include/openssl/base.h:247:31: error: redefinition of typedef \'ASN1_BIT_STRING\' is a C11 feature [-Werror,-Wtypedef-redefinition]\ntypedef struct asn1_string_st ASN1_BIT_STRING;\n                              ^\n/usr/local/opt/openssl@3/include/openssl/types.h:47:31: note: previous definition is here\ntypedef struct asn1_string_st ASN1_BIT_STRING;\n                              ^\nIn file included from third_party/boringssl/crypto/asn1/a_strnid.c:63:\nIn file included from third_party/boringssl/include/openssl/mem.h:60:\nthird_party/boringssl/include/openssl/base.h:248:31: error: redefinition of typedef \'ASN1_BMPSTRING\' is a C11 feature [-Werror,-Wtypedef-redefinition]\ntypedef struct asn1_string_st ASN1_BMPSTRING;\n                              ^\n/usr/local/opt/openssl@3/include/openssl/types.h:54:31: note: previous definition is here\ntypedef struct asn1_string_st ASN1_BMPSTRING;\n                              ^\nIn file included from third_party/boringssl/crypto/asn1/a_strnid.c:63:\nIn file included from third_party/boringssl/include/openssl/mem.h:60:\nthird_party/boringssl/include/openssl/base.h:249:31: error: redefinition of typedef \'ASN1_ENUMERATED\' is a C11 feature [-Werror,-Wtypedef-redefinition]\ntypedef struct asn1_string_st ASN1_ENUMERATED;\n                              ^\n/usr/local/opt/openssl@3/include/openssl/types.hIn file included from :third_party/boringssl/crypto/asn1/a_enum.c46::6331::\n noteIn file included from : third_party/boringssl/include/openssl/mem.hprevious definition is here:\n60:\nthird_party/boringssl/include/openssl/base.h:143:typedef struct asn1_string_st ASN1_ENUMERATED;9\n:                               ^error\n: \'OPENSSL_VERSION_NUMBER\' macro redefined [-Werror,-Wmacro-redefined]\nIn file included from third_party/boringssl/crypto/asn1/a_strnid.c:63:\nIn file included from third_party/boringssl/include/openssl/mem.h:60:\nthird_party/boringssl/include/openssl/base.h:250:31: error: redefinition of typedef \'ASN1_GENERALIZEDTIME\' is a C11 feature [-Werror,-Wtypedef-redefinition]\n#define OPENSSL_VERSION_NUMBER 0x1010007f\n        ^\ntypedef struct asn1_string_st ASN1_GENERALIZEDTIME;\n/usr/local/opt/openssl@3/include/openssl/opensslv.h                              ^:\n99:/usr/local/opt/openssl@3/include/openssl/types.h10::57:31: note:  previous definition is here\nnote: previous definition is here\ntypedef struct asn1_string_st ASN1_GENERALIZEDTIME;\n                              ^\nIn file included from third_party/boringssl/crypto/asn1/a_strnid.c:63:\nIn file included from third_party/boringssl/include/openssl/mem.h:# define OPENSSL_VERSION_NUMBER          \\60\n         ^\n:\nthird_party/boringssl/include/openssl/base.h:251:31: error: redefinition of typedef \'ASN1_GENERALSTRING\' is a C11 feature [-Werror,-Wtypedef-redefinition]\ntypedef struct asn1_string_st ASN1_GENERALSTRING;In file included from \nthird_party/boringssl/crypto/asn1/a_enum.c                              ^:63:\nIn file included from \n/usr/local/opt/openssl@3/include/openssl/types.h:52third_party/boringssl/include/openssl/mem.h:60:\nthird_party/boringssl/include/openssl/base.h::31: note178:9: :previous definition is here \nerror: \'OPENSSL_EXPORT\' macro redefined [-Werror,-Wmacro-redefined]\ntypedef struct asn1_string_st ASN1_GENERALSTRING;\n                              ^\n#define OPENSSL_EXPORT\n        ^\nIn file included from third_party/boringssl/crypto/asn1/a_strnid.c:63/usr/local/opt/openssl@3/include/openssl/e_os2.h:\n:183:11In file included from :third_party/boringssl/include/openssl/mem.h note: :previous definition is here\n60:\nthird_party/boringssl/include/openssl/base.h:252#  define OPENSSL_EXPORT extern:\n31          ^\n: error: redefinition of typedef \'ASN1_IA5STRING\' is a C11 feature [-Werror,-Wtypedef-redefinition]In file included from \nthird_party/boringssl/crypto/asn1/a_i2d_fp.c:60:\nIn file included from third_party/boringssl/include/openssl/mem.h:60:\nthird_party/boringssl/include/openssl/base.h:143:9: error: \'OPENSSL_VERSION_NUMBER\' macro redefined [-Werror,-Wmacro-redefined]typedef struct asn1_string_st ASN1_IA5STRING;\n                              ^\n\n/usr/local/opt/openssl@3/include/openssl/types.h:51:31: note: previous definition is here\ntypedef struct asn1_string_st ASN1_IA5STRING;\n                              ^#define OPENSSL_VERSION_NUMBER 0x1010007f\n\n        ^\n/usr/local/opt/openssl@3/include/openssl/opensslv.h:99:In file included from 10third_party/boringssl/crypto/asn1/a_strnid.c:: 63noteIn file included from third_party/boringssl/crypto/asn1/a_enum.c::\n: In file included from 63:\nthird_party/boringssl/include/openssl/mem.hIn file included from :60:\nthird_party/boringssl/include/openssl/base.h:253:31: In file included from previous definition is here\nerror: redefinition of typedef \'ASN1_INTEGER\' is a C11 feature [-Werror,-Wtypedef-redefinition]\nthird_party/boringssl/include/openssl/mem.hthird_party/boringssl/crypto/asn1/a_print.c::# define OPENSSL_VERSION_NUMBER          \\\ntypedef struct asn1_string_st ASN1_INTEGER;6060:\n:\nIn file included from \n         ^                              ^\nthird_party/boringssl/include/openssl/base.hthird_party/boringssl/include/openssl/mem.h:240:13::/usr/local/opt/openssl@3/include/openssl/types.h 60:error45: :\n:\ntypedef redefinition with different types (\'int\' vs \'struct crypto_threadid_st\')31In file included from third_party/boringssl/crypto/asn1/a_i2d_fp.c:60:\nIn file included from third_party/boringssl/include/openssl/mem.h\n:third_party/boringssl/include/openssl/base.h: notetypedef int CRYPTO_THREADID;:\n            ^\n60: :\nprevious definition is here143\n:third_party/boringssl/include/openssl/base.h9:: 178typedef struct asn1_string_st ASN1_INTEGER;:\n9                              ^:error : error\'OPENSSL_VERSION_NUMBER\' macro redefined [-Werror,-Wmacro-redefined]: \n\'OPENSSL_EXPORT\' macro redefined [-Werror,-Wmacro-redefined]\n/usr/local/opt/openssl@3/include/openssl/crypto.h\n:308:3: note#define OPENSSL_EXPORT\n        ^#define OPENSSL_VERSION_NUMBER 0x1010007f: \n        ^\nIn file included from \nprevious definition is here\n/usr/local/opt/openssl@3/include/openssl/opensslv.h:99:10/usr/local/opt/openssl@3/include/openssl/e_os2.hthird_party/boringssl/crypto/asn1/a_strnid.c::: 63note:\n: In file included from 183} CRYPTO_THREADID;\n:  ^11: note: \nthird_party/boringssl/include/openssl/mem.hprevious definition is here:\n60:\nprevious definition is herethird_party/boringssl/include/openssl/base.h:254:\n31: error: redefinition of typedef \'ASN1_OCTET_STRING\' is a C11 feature [-Werror,-Wtypedef-redefinition]#  define OPENSSL_EXPORT extern\n\n          ^In file included from third_party/boringssl/crypto/asn1/a_enum.c:63# define OPENSSL_VERSION_NUMBER          \\:\n\nIn file included from third_party/boringssl/include/openssl/mem.h:60:\nthird_party/boringssl/include/openssl/base.htypedef struct asn1_string_st ASN1_OCTET_STRING;:\n242                              ^:\n\n/usr/local/opt/openssl@3/include/openssl/types.h:13         ^:\n 48error:: 31redefinition of typedef \'ASN1_BOOLEAN\' is a C11 feature [-Werror,-Wtypedef-redefinition]\n: note: previous definition is here\ntypedef int ASN1_BOOLEAN;\n            ^typedef struct asn1_string_st ASN1_OCTET_STRING;\n\n                              ^\nIn file included from third_party/boringssl/crypto/asn1/a_print.c:60:\nIn file included from third_party/boringssl/include/openssl/mem.h:60/usr/local/opt/openssl@3/include/openssl/types.h:\n:third_party/boringssl/include/openssl/base.h61::178In file included from 13third_party/boringssl/crypto/asn1/a_strnid.c: note: :previous definition is here:\n639:\n:In file included from  In file included from third_party/boringssl/include/openssl/mem.hthird_party/boringssl/crypto/asn1/a_i2d_fp.c::6060:\n:\nthird_party/boringssl/include/openssl/base.hIn file included from third_party/boringssl/include/openssl/mem.htypedef int ASN1_BOOLEAN;:60\n:\nerrorthird_party/boringssl/include/openssl/base.h: :240:            ^:\n255:31: error: In file included from redefinition of typedef \'ASN1_PRINTABLESTRING\' is a C11 feature [-Werror,-Wtypedef-redefinition]\n\'OPENSSL_EXPORT\' macro redefined [-Werror,-Wmacro-redefined]typedef struct asn1_string_st ASN1_PRINTABLESTRING;third_party/boringssl/crypto/asn1/a_enum.c13:\n error\n:#define OPENSSL_EXPORT                              ^\n\n63        ^:\n\n/usr/local/opt/openssl@3/include/openssl/types.h: /usr/local/opt/openssl@3/include/openssl/e_os2.h:In file included from typedef redefinition with different types (\'int\' vs \'struct crypto_threadid_st\')third_party/boringssl/include/openssl/mem.h::6049:\n:31: 183:11\nnotethird_party/boringssl/include/openssl/base.h: ::243:13typedef int CRYPTO_THREADID;:\n            ^ \nnote: previous definition is hereprevious definition is here\n \nerror: redefinition of typedef \'ASN1_NULL\' is a C11 feature [-Werror,-Wtypedef-redefinition]#  define OPENSSL_EXPORT extern\n\n          ^\ntypedef struct asn1_string_st ASN1_PRINTABLESTRING;/usr/local/opt/openssl@3/include/openssl/crypto.h\n                              ^typedef int ASN1_NULL;\n\n            ^\n:308/usr/local/opt/openssl@3/include/openssl/types.h:3: In file included from notethird_party/boringssl/crypto/asn1/a_strnid.c: previous definition is here:\n63:\nIn file included from third_party/boringssl/include/openssl/mem.h::6260:\n:third_party/boringssl/include/openssl/base.h13:} CRYPTO_THREADID;256:31:\n   ^error\n: redefinition of typedef \'ASN1_STRING\' is a C11 feature [-Werror,-Wtypedef-redefinition]\n: typedef struct asn1_string_st ASN1_STRING;note\n:                               ^\nprevious definition is here/usr/local/opt/openssl@3/include/openssl/types.h\n:60:31: notetypedef int ASN1_NULL;: \n            ^\nprevious definition is hereIn file included from \nthird_party/boringssl/crypto/asn1/a_i2d_fp.c:60:\nIn file included from typedef struct asn1_string_st ASN1_STRING;third_party/boringssl/include/openssl/mem.h\n:                              ^\nIn file included from In file included from 60:\nIn file included from third_party/boringssl/include/openssl/base.hthird_party/boringssl/crypto/asn1/a_enum.c::third_party/boringssl/crypto/asn1/a_strnid.c63:third_party/boringssl/crypto/asn1/a_print.c63::\n60In file included from :\nthird_party/boringssl/include/openssl/mem.h::\nIn file included from In file included from third_party/boringssl/include/openssl/mem.hthird_party/boringssl/include/openssl/mem.h:60:242:6013:\n::\nthird_party/boringssl/include/openssl/base.h60third_party/boringssl/include/openssl/base.h:\n:240third_party/boringssl/include/openssl/base.h::13: 257error::  typedef redefinition with different types (\'int\' vs \'struct crypto_threadid_st\')error\n: 31::typedef int CRYPTO_THREADID;244\n            ^ \nredefinition of typedef \'ASN1_BOOLEAN\' is a C11 feature [-Werror,-Wtypedef-redefinition]\n:error29: : redefinition of typedef \'ASN1_T61STRING\' is a C11 feature [-Werror,-Wtypedef-redefinition]\ntypedef int ASN1_BOOLEAN;\n            ^error\n: redefinition of typedef \'ASN1_ITEM\' is a C11 feature [-Werror,-Wtypedef-redefinition]typedef struct asn1_string_st ASN1_T61STRING;/usr/local/opt/openssl@3/include/openssl/crypto.h/usr/local/opt/openssl@3/include/openssl/types.h::308\n\n                              ^61::\n13:3/usr/local/opt/openssl@3/include/openssl/types.h make: typedef struct ASN1_ITEM_st ASN1_ITEM;note\n:                             ^previous definition is here\n*** [/Users/runner/actions-runner/_work/python.build/python.build/build_grpcio111139/grpcio-1.11.1/objs/opt/third_party/boringssl/crypto/asn1/a_mbstr.o] Error 1\n/usr/local/opt/openssl@3/include/openssl/types.h:: 69note:29: note: previous definition is here: \nprevious definition is here\n\n} CRYPTO_THREADID;\n:typedef int ASN1_BOOLEAN;50typedef struct ASN1_ITEM_st ASN1_ITEM;:\n31                            ^:\n  ^\n\n             ^\nnote: previous definition is here\nIn file included from third_party/boringssl/crypto/asn1/a_print.c:60:\nIn file included from typedef struct asn1_string_st ASN1_T61STRING;third_party/boringssl/include/openssl/mem.h\n                              ^\n:60:\nIn file included from third_party/boringssl/include/openssl/base.hthird_party/boringssl/crypto/asn1/a_i2d_fp.c::fatal error60: :\ntoo many errors emitted, stopping now [-ferror-limit=]In file included from \nthird_party/boringssl/include/openssl/mem.h:60:\nthird_party/boringssl/include/openssl/base.h242:243:13: In file included from error: redefinition of typedef \'ASN1_NULL\' is a C11 feature [-Werror,-Wtypedef-redefinition]:\n13: error: third_party/boringssl/crypto/asn1/a_enum.credefinition of typedef \'ASN1_BOOLEAN\' is a C11 feature [-Werror,-Wtypedef-redefinition]typedef int ASN1_NULL;\n\n:            ^63\n:\nIn file included from third_party/boringssl/include/openssl/mem.h/usr/local/opt/openssl@3/include/openssl/types.h::6062:\n:third_party/boringssl/include/openssl/base.h13typedef int ASN1_BOOLEAN;\n            ^\n::245 note: previous definition is here/usr/local/opt/openssl@3/include/openssl/types.h\n::typedef int ASN1_NULL;31\n61            ^:\n13: note: :previous definition is here\n error: redefinition of typedef \'ASN1_OBJECT\' is a C11 feature [-Werror,-Wtypedef-redefinition]\ntypedef int ASN1_BOOLEAN;typedef struct asn1_object_st ASN1_OBJECT;\n\n            ^                              ^\n\nIn file included from third_party/boringssl/crypto/asn1/a_i2d_fp.c:60:\nIn file included from /usr/local/opt/openssl@3/include/openssl/types.h:66:31:third_party/boringssl/include/openssl/mem.h note:60:\nIn file included from : third_party/boringssl/include/openssl/base.hprevious definition is here\n:third_party/boringssl/crypto/asn1/a_print.ctypedef struct asn1_object_st ASN1_OBJECT;\n                              ^\n244:29:: error60: :\nIn file included from redefinition of typedef \'ASN1_ITEM\' is a C11 feature [-Werror,-Wtypedef-redefinition]third_party/boringssl/include/openssl/mem.h\n:60:\nthird_party/boringssl/include/openssl/base.h:243:13:In file included from  error: typedef struct ASN1_ITEM_st ASN1_ITEM;\nredefinition of typedef \'ASN1_NULL\' is a C11 feature [-Werror,-Wtypedef-redefinition]                            ^\nthird_party/boringssl/crypto/asn1/a_enum.c\n:typedef int ASN1_NULL;63\n:\nIn file included from third_party/boringssl/include/openssl/mem.h:/usr/local/opt/openssl@3/include/openssl/types.h:            ^6960:\nthird_party/boringssl/include/openssl/base.h:\n:24629:/usr/local/opt/openssl@3/include/openssl/types.h29:62:13: ::  noteerror: note: previous definition is here\n: redefinition of typedef \'ASN1_PCTX\' is a C11 feature [-Werror,-Wtypedef-redefinition]\nprevious definition is here\ntypedef struct ASN1_ITEM_st ASN1_ITEM;typedef struct asn1_pctx_st ASN1_PCTX;\n                            ^typedef int ASN1_NULL;\n\n            ^/usr/local/opt/openssl@3/include/openssl/types.h\n:\n70:                            ^29\n: note: previous definition is here\nIn file included from third_party/boringssl/crypto/asn1/a_print.c:60:\ntypedef struct asn1_pctx_st ASN1_PCTX;In file included from \n                            ^\nthird_party/boringssl/include/openssl/mem.h:In file included from third_party/boringssl/crypto/asn1/a_i2d_fp.c:6060:\n:\nIn file included from third_party/boringssl/include/openssl/mem.h:60:\nthird_party/boringssl/include/openssl/base.hthird_party/boringssl/include/openssl/base.hIn file included from ::244245::2931::  third_party/boringssl/crypto/asn1/a_enum.cerror:: redefinition of typedef \'ASN1_ITEM\' is a C11 feature [-Werror,-Wtypedef-redefinition]63error\n: redefinition of typedef \'ASN1_OBJECT\' is a C11 feature [-Werror,-Wtypedef-redefinition]\n:\nIn file included from typedef struct ASN1_ITEM_st ASN1_ITEM;third_party/boringssl/include/openssl/mem.h:60:\n\nthird_party/boringssl/include/openssl/base.h                            ^:typedef struct asn1_object_st ASN1_OBJECT;\n\n                              ^\n/usr/local/opt/openssl@3/include/openssl/types.h:69247:31::29 :error : noteredefinition of typedef \'ASN1_BIT_STRING\' is a C11 feature [-Werror,-Wtypedef-redefinition]: \nprevious definition is here\n/usr/local/opt/openssl@3/include/openssl/types.h:typedef struct asn1_string_st ASN1_BIT_STRING;\n66                              ^:31:typedef struct ASN1_ITEM_st ASN1_ITEM;\n\n                            ^ /usr/local/opt/openssl@3/include/openssl/types.hnote:: \nprevious definition is here47\n:31: note: previous definition is here\nIn file included from third_party/boringssl/crypto/asn1/a_print.c:typedef struct asn1_string_st ASN1_BIT_STRING;\n                              ^\ntypedef struct asn1_object_st ASN1_OBJECT;\n60                              ^\nIn file included from :\nIn file included from third_party/boringssl/crypto/asn1/a_enum.cthird_party/boringssl/crypto/asn1/a_i2d_fp.c:63:\nIn file included from third_party/boringssl/include/openssl/mem.h:60In file included from :third_party/boringssl/include/openssl/mem.h:\n:60:\nIn file included from third_party/boringssl/include/openssl/mem.hthird_party/boringssl/include/openssl/base.h60::60248:\n:third_party/boringssl/include/openssl/base.h31:::\n errorthird_party/boringssl/include/openssl/base.h246: :redefinition of typedef \'ASN1_BMPSTRING\' is a C11 feature [-Werror,-Wtypedef-redefinition]29\n:245: error: :redefinition of typedef \'ASN1_PCTX\' is a C11 feature [-Werror,-Wtypedef-redefinition]31typedef struct asn1_string_st ASN1_BMPSTRING;\n                              ^:\n\n /usr/local/opt/openssl@3/include/openssl/types.herror:54:31: note: previous definition is here\ntypedef struct asn1_pctx_st ASN1_PCTX;\n: redefinition of typedef \'ASN1_OBJECT\' is a C11 feature [-Werror,-Wtypedef-redefinition]\ntypedef struct asn1_string_st ASN1_BMPSTRING;                            ^\n\n                              ^\n/usr/local/opt/openssl@3/include/openssl/types.h:70typedef struct asn1_object_st ASN1_OBJECT;\nIn file included from                               ^:29: note: previous definition is herethird_party/boringssl/crypto/asn1/a_enum.c:\n63:\n\nIn file included from third_party/boringssl/include/openssl/mem.h:60:\nthird_party/boringssl/include/openssl/base.h:249:31: error: redefinition of typedef \'ASN1_ENUMERATED\' is a C11 feature [-Werror,-Wtypedef-redefinition]\ntypedef struct asn1_pctx_st ASN1_PCTX;\n                            ^\n/usr/local/opt/openssl@3/include/openssl/types.h:66:31:In file included from  third_party/boringssl/crypto/asn1/a_i2d_fp.c:note60: :\nIn file included from previous definition is herethird_party/boringssl/include/openssl/mem.h:\n60typedef struct asn1_string_st ASN1_ENUMERATED;:\n\nthird_party/boringssl/include/openssl/base.h                              ^\ntypedef struct asn1_object_st ASN1_OBJECT;/usr/local/opt/openssl@3/include/openssl/types.h\n::46247::3131::  note: previous definition is here\nerror: redefinition of typedef \'ASN1_BIT_STRING\' is a C11 feature [-Werror,-Wtypedef-redefinition]\n                              ^\ntypedef struct asn1_string_st ASN1_BIT_STRING;\n                              ^\n/usr/local/opt/openssl@3/include/openssl/types.h:47:typedef struct asn1_string_st ASN1_ENUMERATED;\n                              ^31: note: \nprevious definition is hereIn file included from In file included from third_party/boringssl/crypto/asn1/a_enum.c:63:\nIn file included from third_party/boringssl/include/openssl/mem.h:60\n:\nthird_party/boringssl/include/openssl/base.h:250third_party/boringssl/crypto/asn1/a_print.c::6031: error: redefinition of typedef \'ASN1_GENERALIZEDTIME\' is a C11 feature [-Werror,-Wtypedef-redefinition]\n:\nIn file included from third_party/boringssl/include/openssl/mem.h:60typedef struct asn1_string_st ASN1_GENERALIZEDTIME;:\n\nthird_party/boringssl/include/openssl/base.htypedef struct asn1_string_st ASN1_BIT_STRING;:\n246                              ^\n                              ^\n:29:/usr/local/opt/openssl@3/include/openssl/types.h :error57:31: :redefinition of typedef \'ASN1_PCTX\' is a C11 feature [-Werror,-Wtypedef-redefinition]\n typedef struct asn1_pctx_st ASN1_PCTX;\nnote                            ^: \nprevious definition is here\n/usr/local/opt/openssl@3/include/openssl/types.h:70In file included from :third_party/boringssl/crypto/asn1/a_i2d_fp.ctypedef struct asn1_string_st ASN1_GENERALIZEDTIME;\n                              ^\n29: :In file included from notethird_party/boringssl/crypto/asn1/a_enum.c60::\n63In file included from :\nthird_party/boringssl/include/openssl/mem.h: In file included from :third_party/boringssl/include/openssl/mem.h60::\nthird_party/boringssl/include/openssl/base.h:248:31: previous definition is hereerror\n: redefinition of typedef \'ASN1_BMPSTRING\' is a C11 feature [-Werror,-Wtypedef-redefinition]\n60typedef struct asn1_pctx_st ASN1_PCTX;\ntypedef struct asn1_string_st ASN1_BMPSTRING;:\n                            ^\n\n                              ^\nthird_party/boringssl/include/openssl/base.h:/usr/local/opt/openssl@3/include/openssl/types.h251::5431In file included from :third_party/boringssl/crypto/asn1/a_print.c error: ::31:60 :\nnoteIn file included from : redefinition of typedef \'ASN1_GENERALSTRING\' is a C11 feature [-Werror,-Wtypedef-redefinition]\nprevious definition is herethird_party/boringssl/include/openssl/mem.h\n:60:\nthird_party/boringssl/include/openssl/base.h:247:31: typedef struct asn1_string_st ASN1_BMPSTRING;error\n: typedef struct asn1_string_st ASN1_GENERALSTRING;redefinition of typedef \'ASN1_BIT_STRING\' is a C11 feature [-Werror,-Wtypedef-redefinition]\n\n                              ^\n/usr/local/opt/openssl@3/include/openssl/types.h:52:                              ^typedef struct asn1_string_st ASN1_BIT_STRING;31\n: note\n: previous definition is here                              ^\n\nIn file included from third_party/boringssl/crypto/asn1/a_i2d_fp.c:/usr/local/opt/openssl@3/include/openssl/types.h60::\n47:31: typedef struct asn1_string_st ASN1_GENERALSTRING;\nnote                              ^: previous definition is hereIn file included from \nthird_party/boringssl/include/openssl/mem.h:60\n:\nthird_party/boringssl/include/openssl/base.h:249:typedef struct asn1_string_st ASN1_BIT_STRING;31\n:                               ^errorIn file included from : third_party/boringssl/crypto/asn1/a_enum.c:63:\n\nredefinition of typedef \'ASN1_ENUMERATED\' is a C11 feature [-Werror,-Wtypedef-redefinition]\nIn file included from third_party/boringssl/include/openssl/mem.hIn file included from typedef struct asn1_string_st ASN1_ENUMERATED;:\n60                              ^:\n\nthird_party/boringssl/crypto/asn1/a_print.c:60/usr/local/opt/openssl@3/include/openssl/types.h:46:31: :\nnoteIn file included from : third_party/boringssl/include/openssl/base.hthird_party/boringssl/include/openssl/mem.hprevious definition is here:\n:25260:\nthird_party/boringssl/include/openssl/base.h::248:typedef struct asn1_string_st ASN1_ENUMERATED;31\n:                              ^31\n: error:  redefinition of typedef \'ASN1_IA5STRING\' is a C11 feature [-Werror,-Wtypedef-redefinition]error\n: redefinition of typedef \'ASN1_BMPSTRING\' is a C11 feature [-Werror,-Wtypedef-redefinition]\nIn file included from third_party/boringssl/crypto/asn1/a_i2d_fp.c:60:\nIn file included from third_party/boringssl/include/openssl/mem.h:60typedef struct asn1_string_st ASN1_BMPSTRING;:\n\nthird_party/boringssl/include/openssl/base.htypedef struct asn1_string_st ASN1_IA5STRING;                              ^:\n\n                              ^\n250/usr/local/opt/openssl@3/include/openssl/types.h::5431::31 /usr/local/opt/openssl@3/include/openssl/types.h:error : noteredefinition of typedef \'ASN1_GENERALIZEDTIME\' is a C11 feature [-Werror,-Wtypedef-redefinition]: :previous definition is here\n51\n:31: note: previous definition is here\ntypedef struct asn1_string_st ASN1_BMPSTRING;\n                              ^typedef struct asn1_string_st ASN1_IA5STRING;\n                              ^\ntypedef struct asn1_string_st ASN1_GENERALIZEDTIME;\n\n                              ^\nIn file included from third_party/boringssl/crypto/asn1/a_enum.c:/usr/local/opt/openssl@3/include/openssl/types.h:57:31: note: 63previous definition is here:\nIn file included from third_party/boringssl/include/openssl/mem.h:\n60:\nthird_party/boringssl/include/openssl/base.hIn file included from :253:31: errorthird_party/boringssl/crypto/asn1/a_print.c:typedef struct asn1_string_st ASN1_GENERALIZEDTIME;60\n:\nIn file included from                               ^: redefinition of typedef \'ASN1_INTEGER\' is a C11 feature [-Werror,-Wtypedef-redefinition]\nthird_party/boringssl/include/openssl/mem.h\n:60:\nthird_party/boringssl/include/openssl/base.htypedef struct asn1_string_st ASN1_INTEGER;:\n249                              ^\n/usr/local/opt/openssl@3/include/openssl/types.h:31:: In file included from 45:error: redefinition of typedef \'ASN1_ENUMERATED\' is a C11 feature [-Werror,-Wtypedef-redefinition]\nthird_party/boringssl/crypto/asn1/a_i2d_fp.c31:60:typedef struct asn1_string_st ASN1_ENUMERATED; \nnote: :\nprevious definition is here                              ^In file included from \nthird_party/boringssl/include/openssl/mem.h\n:60:\n/usr/local/opt/openssl@3/include/openssl/types.hthird_party/boringssl/include/openssl/base.h:251:typedef struct asn1_string_st ASN1_INTEGER;\n                              ^:\n31: error46: :redefinition of typedef \'ASN1_GENERALSTRING\' is a C11 feature [-Werror,-Wtypedef-redefinition]31\n: note: previous definition is here\ntypedef struct asn1_string_st ASN1_GENERALSTRING;In file included from third_party/boringssl/crypto/asn1/a_enum.ctypedef struct asn1_string_st ASN1_ENUMERATED;:63:\n\nIn file included from                               ^\nthird_party/boringssl/include/openssl/mem.h:\n60In file included from third_party/boringssl/crypto/asn1/a_print.c:60:\nIn file included from :\nthird_party/boringssl/include/openssl/mem.h:60                              ^:\n\nthird_party/boringssl/include/openssl/base.hthird_party/boringssl/include/openssl/base.h::250:25431::31 :error : error: /usr/local/opt/openssl@3/include/openssl/types.h:52redefinition of typedef \'ASN1_GENERALIZEDTIME\' is a C11 feature [-Werror,-Wtypedef-redefinition]:31redefinition of typedef \'ASN1_OCTET_STRING\' is a C11 feature [-Werror,-Wtypedef-redefinition]:\n\ntypedef struct asn1_string_st ASN1_OCTET_STRING; \n                              ^\n/usr/local/opt/openssl@3/include/openssl/types.hnote:: 48previous definition is here:\n31: note: typedef struct asn1_string_st ASN1_GENERALIZEDTIME;\ntypedef struct asn1_string_st ASN1_GENERALSTRING;previous definition is here\n\n                              ^\n                              ^\ntypedef struct asn1_string_st ASN1_OCTET_STRING;In file included from third_party/boringssl/crypto/asn1/a_i2d_fp.c/usr/local/opt/openssl@3/include/openssl/types.h:\n:60                              ^:\n\nIn file included from third_party/boringssl/include/openssl/mem.h:60:\nthird_party/boringssl/include/openssl/base.h:252:5731::31 :error : noteredefinition of typedef \'ASN1_IA5STRING\' is a C11 feature [-Werror,-Wtypedef-redefinition]: \nIn file included from typedef struct asn1_string_st ASN1_IA5STRING;previous definition is here\n\n                              ^third_party/boringssl/crypto/asn1/a_enum.c:63:\n\nIn file included from third_party/boringssl/include/openssl/mem.h:/usr/local/opt/openssl@3/include/openssl/types.htypedef struct asn1_string_st ASN1_GENERALIZEDTIME;:\n                              ^60:\nthird_party/boringssl/include/openssl/base.h:51:31: note\n: previous definition is here\n255:31typedef struct asn1_string_st ASN1_IA5STRING;:\n                               ^error\n: redefinition of typedef \'ASN1_PRINTABLESTRING\' is a C11 feature [-Werror,-Wtypedef-redefinition]In file included from \nthird_party/boringssl/crypto/asn1/a_print.c:60:\nIn file included from In file included from third_party/boringssl/crypto/asn1/a_i2d_fp.c:60:\nIn file included from third_party/boringssl/include/openssl/mem.h:third_party/boringssl/include/openssl/mem.h60:60:\nthird_party/boringssl/include/openssl/base.h:251:31: error: :\nthird_party/boringssl/include/openssl/base.htypedef struct asn1_string_st ASN1_PRINTABLESTRING;redefinition of typedef \'ASN1_GENERALSTRING\' is a C11 feature [-Werror,-Wtypedef-redefinition]:253\n\n:                              ^31\n: error: redefinition of typedef \'ASN1_INTEGER\' is a C11 feature [-Werror,-Wtypedef-redefinition]/usr/local/opt/openssl@3/include/openssl/types.h\n:49:31: note: typedef struct asn1_string_st ASN1_INTEGER;previous definition is here\n\n                              ^\n/usr/local/opt/openssl@3/include/openssl/types.h:45:31:typedef struct asn1_string_st ASN1_PRINTABLESTRING; \nnote                              ^typedef struct asn1_string_st ASN1_GENERALSTRING;\n\n: previous definition is here\nIn file included from third_party/boringssl/crypto/asn1/a_enum.c:63:\nIn file included from third_party/boringssl/include/openssl/mem.h:60:\nthird_party/boringssl/include/openssl/base.h:                              ^\ntypedef struct asn1_string_st ASN1_INTEGER;\n                              ^\n/usr/local/opt/openssl@3/include/openssl/types.h:25652:31: In file included from notethird_party/boringssl/crypto/asn1/a_i2d_fp.c:60:\nIn file included from :third_party/boringssl/include/openssl/mem.h:6031:\n: previous definition is here:\n third_party/boringssl/include/openssl/base.h:254errortypedef struct asn1_string_st ASN1_GENERALSTRING;: \nredefinition of typedef \'ASN1_STRING\' is a C11 feature [-Werror,-Wtypedef-redefinition]:\n31: error: redefinition of typedef \'ASN1_OCTET_STRING\' is a C11 feature [-Werror,-Wtypedef-redefinition]                              ^\n\ntypedef struct asn1_string_st ASN1_STRING;typedef struct asn1_string_st ASN1_OCTET_STRING;\n\n                              ^\n                              ^/usr/local/opt/openssl@3/include/openssl/types.h:48:31: \nIn file included from notethird_party/boringssl/crypto/asn1/a_print.c: previous definition is here\n/usr/local/opt/openssl@3/include/openssl/types.h::60typedef struct asn1_string_st ASN1_OCTET_STRING;60\n:                              ^\n:\nIn file included from 31third_party/boringssl/include/openssl/mem.hIn file included from ::third_party/boringssl/crypto/asn1/a_i2d_fp.c60::\n60 third_party/boringssl/include/openssl/base.hnote:: 252:\n:In file included from 31third_party/boringssl/include/openssl/mem.h:: 60error:\nthird_party/boringssl/include/openssl/base.h:255:31: previous definition is here\n: error: redefinition of typedef \'ASN1_PRINTABLESTRING\' is a C11 feature [-Werror,-Wtypedef-redefinition]\nredefinition of typedef \'ASN1_IA5STRING\' is a C11 feature [-Werror,-Wtypedef-redefinition]typedef struct asn1_string_st ASN1_STRING;typedef struct asn1_string_st ASN1_PRINTABLESTRING;\n                              ^\n\n\n                              ^typedef struct asn1_string_st ASN1_IA5STRING;\nIn file included from third_party/boringssl/crypto/asn1/a_enum.c:\n/usr/local/opt/openssl@3/include/openssl/types.h:4963::\nIn file included from third_party/boringssl/include/openssl/mem.h                              ^31: note\n:60:\nthird_party/boringssl/include/openssl/base.h: /usr/local/opt/openssl@3/include/openssl/types.h:previous definition is here51:31: :note\n: previous definition is here\n257:typedef struct asn1_string_st ASN1_PRINTABLESTRING;\n31                              ^\ntypedef struct asn1_string_st ASN1_IA5STRING;\nIn file included from : error:                               ^third_party/boringssl/crypto/asn1/a_i2d_fp.c\n:redefinition of typedef \'ASN1_T61STRING\' is a C11 feature [-Werror,-Wtypedef-redefinition]\n60:\nIn file included from In file included from third_party/boringssl/include/openssl/mem.hthird_party/boringssl/crypto/asn1/a_print.c::typedef struct asn1_string_st ASN1_T61STRING;60\n:\n                              ^60:\nthird_party/boringssl/include/openssl/base.h:256In file included from \nthird_party/boringssl/include/openssl/mem.h::6031:\n:third_party/boringssl/include/openssl/base.h:253: 31error::  /usr/local/opt/openssl@3/include/openssl/types.herrorredefinition of typedef \'ASN1_STRING\' is a C11 feature [-Werror,-Wtypedef-redefinition]:\n: redefinition of typedef \'ASN1_INTEGER\' is a C11 feature [-Werror,-Wtypedef-redefinition]\ntypedef struct asn1_string_st ASN1_STRING;\n50                              ^\n:/usr/local/opt/openssl@3/include/openssl/types.h:typedef struct asn1_string_st ASN1_INTEGER;60\n:31                              ^31\n: /usr/local/opt/openssl@3/include/openssl/types.hnote:: 45previous definition is here:\n31: note: previous definition is here\n:typedef struct asn1_string_st ASN1_T61STRING;\n                               ^note\ntypedef struct asn1_string_st ASN1_INTEGER;\n                              ^: \nprevious definition is here\ntypedef struct asn1_string_st ASN1_STRING;\n                              ^\nIn file included from third_party/boringssl/crypto/asn1/a_print.c:60In file included from :\nthird_party/boringssl/crypto/asn1/a_i2d_fp.cIn file included from :third_party/boringssl/include/openssl/mem.h60:\nIn file included from third_party/boringssl/include/openssl/mem.h:60:\nthird_party/boringssl/include/openssl/base.h::fatal error60: :\ntoo many errors emitted, stopping now [-ferror-limit=]third_party/boringssl/include/openssl/base.h\n:254257::3131: error: redefinition of typedef \'ASN1_T61STRING\' is a C11 feature [-Werror,-Wtypedef-redefinition]: error: \nredefinition of typedef \'ASN1_OCTET_STRING\' is a C11 feature [-Werror,-Wtypedef-redefinition]typedef struct asn1_string_st ASN1_T61STRING;\n\n                              ^\n/usr/local/opt/openssl@3/include/openssl/types.htypedef struct asn1_string_st ASN1_OCTET_STRING;:\n50                              ^\n/usr/local/opt/openssl@3/include/openssl/types.h:48::31: note31: :previous definition is here note: \nprevious definition is here\ntypedef struct asn1_string_st ASN1_OCTET_STRING;\n                              ^\ntypedef struct asn1_string_st ASN1_T61STRING;\n                              ^\nIn file included from third_party/boringssl/crypto/asn1/a_print.c:60:\nIn file included from third_party/boringssl/include/openssl/mem.hfatal error:: 60too many errors emitted, stopping now [-ferror-limit=]:\n\nthird_party/boringssl/include/openssl/base.h:255:31: error: redefinition of typedef \'ASN1_PRINTABLESTRING\' is a C11 feature [-Werror,-Wtypedef-redefinition]\ntypedef struct asn1_string_st ASN1_PRINTABLESTRING;\n                              ^\n/usr/local/opt/openssl@3/include/openssl/types.h:49:31: note: previous definition is here\ntypedef struct asn1_string_st ASN1_PRINTABLESTRING;\n                              ^\nIn file included from third_party/boringssl/crypto/asn1/a_print.c:60:\nIn file included from third_party/boringssl/include/openssl/mem.h:60:\nthird_party/boringssl/include/openssl/base.h:256:31: error: redefinition of typedef \'ASN1_STRING\' is a C11 feature [-Werror,-Wtypedef-redefinition]\ntypedef struct asn1_string_st ASN1_STRING;\n                              ^\n/usr/local/opt/openssl@3/include/openssl/types.h:60:31: note: previous definition is here\ntypedef struct asn1_string_st ASN1_STRING;\n                              ^\nIn file included from third_party/boringssl/crypto/asn1/a_print.c:60:\nIn file included from third_party/boringssl/include/openssl/mem.h:60:\nthird_party/boringssl/include/openssl/base.h:257:31: error: redefinition of typedef \'ASN1_T61STRING\' is a C11 feature [-Werror,-Wtypedef-redefinition]\ntypedef struct asn1_string_st ASN1_T61STRING;\n                              ^\n/usr/local/opt/openssl@3/include/openssl/types.h:50:31: note: previous definition is here\ntypedef struct asn1_string_st ASN1_T61STRING;\n                              ^\nfatal error: too many errors emitted, stopping now [-ferror-limit=]\n20 errors generated.\n20 errors generated.\n20 errors generated.\n20 error20s generated.\n errors generated.\nIn file included from third_party/boringssl/crypto/asn1/a_gentm.c:63:\nIn file included from third_party/boringssl/include/openssl/mem.h:60:\nthird_party/boringssl/include/openssl/base.h:143:9: error: \'OPENSSL_VERSION_NUMBER\' macro redefined [-Werror,-Wmacro-redefined]\n#define OPENSSL_VERSION_NUMBER 0x1010007f\n        ^\n/usr/local/opt/openssl@3/include/openssl/opensslv.h:99:10: note: previous definition is here\n# define OPENSSL_VERSION_NUMBER          \\\n         ^\nIn file included from third_party/boringssl/crypto/asn1/a_gentm.c:63:\nIn file included from third_party/boringssl/include/openssl/mem.h:60:\nthird_party/boringssl/include/openssl/base.h:178:9: error: \'OPENSSL_EXPORT\' macro redefined [-Werror,-Wmacro-redefined]\n#define OPENSSL_EXPORT\n        ^\n/usr/local/opt/openssl@3/include/openssl/e_os2.h:183:11: note: previous definition is here\n#  define OPENSSL_EXPORT extern\n          ^\nIn file included from third_party/boringssl/crypto/asn1/a_gentm.c:63:\nIn file included from third_party/boringssl/include/openssl/mem.h:60:\nthird_party/boringssl/include/openssl/base.h:240:13: error: typedef redefinition with different types (\'int\' vs \'struct crypto_threadid_st\')\ntypedef int CRYPTO_THREADID;\n            ^\n/usr/local/opt/openssl@3/include/openssl/crypto.h:308:3: note: previous definition is here\n} CRYPTO_THREADID;\n  ^\nIn file included from third_party/boringssl/crypto/asn1/a_gentm.c:63:\nIn file included from third_party/boringssl/include/openssl/mem.h:60:\nthird_party/boringssl/include/openssl/base.h:242:13: error: redefinition of typedef \'ASN1_BOOLEAN\' is a C11 feature [-Werror,-Wtypedef-redefinition]\ntypedef int ASN1_BOOLEAN;\n            ^\n/usr/local/opt/openssl@3/include/openssl/types.h:61:13: note: previous definition is here\ntypedef int ASN1_BOOLEAN;\n            ^\nIn file included from third_party/boringssl/crypto/asn1/a_gentm.c:63:\nIn file included from third_party/boringssl/include/openssl/mem.h:60:\nthird_party/boringssl/include/openssl/base.h:243:13: error: redefinition of typedef \'ASN1_NULL\' is a C11 feature [-Werror,-Wtypedef-redefinition]\ntypedef int ASN1_NULL;\n            ^\n/usr/local/opt/openssl@3/include/openssl/types.h:62:13: note: previous definition is here\ntypedef int ASN1_NULL;\n            ^\nIn file included from third_party/boringssl/crypto/asn1/a_gentm.c:63:\nIn file included from third_party/boringssl/include/openssl/mem.h:60:\nthird_party/boringssl/include/openssl/base.h:244:29: error: redefinition of typedef \'ASN1_ITEM\' is a C11 feature [-Werror,-Wtypedef-redefinition]\ntypedef struct ASN1_ITEM_st ASN1_ITEM;\n                            ^\n/usr/local/opt/openssl@3/include/openssl/types.h:69:29: note: previous definition is here\ntypedef struct ASN1_ITEM_st ASN1_ITEM;\n                            ^\nIn file included from third_party/boringssl/crypto/asn1/a_gentm.c:63:\nIn file included from third_party/boringssl/include/openssl/mem.h:60:\nthird_party/boringssl/include/openssl/base.h:245:31: error: redefinition of typedef \'ASN1_OBJECT\' is a C11 feature [-Werror,-Wtypedef-redefinition]\ntypedef struct asn1_object_st ASN1_OBJECT;\n                              ^\n/usr/local/opt/openssl@3/include/openssl/types.h:66:31: note: previous definition is here\ntypedef struct asn1_object_st ASN1_OBJECT;\n                              ^\nIn file included from third_party/boringssl/crypto/asn1/a_gentm.c:63:\nIn file included from third_party/boringssl/include/openssl/mem.h:60:\nthird_party/boringssl/include/openssl/base.h:246:29: error: redefinition of typedef \'ASN1_PCTX\' is a C11 feature [-Werror,-Wtypedef-redefinition]\ntypedef struct asn1_pctx_st ASN1_PCTX;\n                            ^\n/usr/local/opt/openssl@3/include/openssl/types.h:70:29: note: previous definition is here\ntypedef struct asn1_pctx_st ASN1_PCTX;\n                            ^\nIn file included from third_party/boringssl/crypto/asn1/a_gentm.c:63:\nIn file included from third_party/boringssl/include/openssl/mem.h:60:\nthird_party/boringssl/include/openssl/base.h:247:31: error: redefinition of typedef \'ASN1_BIT_STRING\' is a C11 feature [-Werror,-Wtypedef-redefinition]\ntypedef struct asn1_string_st ASN1_BIT_STRING;\n                              ^\n/usr/local/opt/openssl@3/include/openssl/types.h:47:31: note: previous definition is here\ntypedef struct asn1_string_st ASN1_BIT_STRING;\n                              ^\nIn file included from third_party/boringssl/crypto/asn1/a_gentm.c:63:\nIn file included from third_party/boringssl/include/openssl/mem.h:60:\nthird_party/boringssl/include/openssl/base.h:248:31: error: redefinition of typedef \'ASN1_BMPSTRING\' is a C11 feature [-Werror,-Wtypedef-redefinition]\ntypedef struct asn1_string_st ASN1_BMPSTRING;\n                              ^\n/usr/local/opt/openssl@3/include/openssl/types.h:54:31: note: previous definition is here\ntypedef struct asn1_string_st ASN1_BMPSTRING;\n                              ^\nIn file included from third_party/boringssl/crypto/asn1/a_gentm.c:63:\nIn file included from third_party/boringssl/include/openssl/mem.h:60:\nthird_party/boringssl/include/openssl/base.h:249:31: error: redefinition of typedef \'ASN1_ENUMERATED\' is a C11 feature [-Werror,-Wtypedef-redefinition]\ntypedef struct asn1_string_st ASN1_ENUMERATED;\n                              ^\n/usr/local/opt/openssl@3/include/openssl/types.h:46:31: note: previous definition is here\ntypedef struct asn1_string_st ASN1_ENUMERATED;\n                              ^\nIn file included from third_party/boringssl/crypto/asn1/a_gentm.c:63:\nIn file included from third_party/boringssl/include/openssl/mem.h:60:\nthird_party/boringssl/include/openssl/base.h:250:31: error: redefinition of typedef \'ASN1_GENERALIZEDTIME\' is a C11 feature [-Werror,-Wtypedef-redefinition]\ntypedef struct asn1_string_st ASN1_GENERALIZEDTIME;\n                              ^\n/usr/local/opt/openssl@3/include/openssl/types.h:57:31: note: previous definition is here\ntypedef struct asn1_string_st ASN1_GENERALIZEDTIME;\n                              ^\nIn file included from third_party/boringssl/crypto/asn1/a_gentm.c:63:\nIn file included from third_party/boringssl/include/openssl/mem.h:60:\nthird_party/boringssl/include/openssl/base.h:251:31: error: redefinition of typedef \'ASN1_GENERALSTRING\' is a C11 feature [-Werror,-Wtypedef-redefinition]\ntypedef struct asn1_string_st ASN1_GENERALSTRING;\n                              ^\n/usr/local/opt/openssl@3/include/openssl/types.h:52:31: note: previous definition is here\ntypedef struct asn1_string_st ASN1_GENERALSTRING;\n                              ^\nIn file included from third_party/boringssl/crypto/asn1/a_gentm.c:63:\nIn file included from third_party/boringssl/include/openssl/mem.h:60:\nthird_party/boringssl/include/openssl/base.h:252:31: error: redefinition of typedef \'ASN1_IA5STRING\' is a C11 feature [-Werror,-Wtypedef-redefinition]\ntypedef struct asn1_string_st ASN1_IA5STRING;\n                              ^\n/usr/local/opt/openssl@3/include/openssl/types.h:51:31: note: previous definition is here\ntypedef struct asn1_string_st ASN1_IA5STRING;\n                              ^\nIn file included from third_party/boringssl/crypto/asn1/a_gentm.c:63:\nIn file included from third_party/boringssl/include/openssl/mem.h:60:\nthird_party/boringssl/include/openssl/base.h:253:31: error: redefinition of typedef \'ASN1_INTEGER\' is a C11 feature [-Werror,-Wtypedef-redefinition]\ntypedef struct asn1_string_st ASN1_INTEGER;\n                              ^\n/usr/local/opt/openssl@3/include/openssl/types.h:45:31: note: previous definition is here\ntypedef struct asn1_string_st ASN1_INTEGER;\n                              ^\nIn file included from third_party/boringssl/crypto/asn1/a_gentm.c:63:\nIn file included from third_party/boringssl/include/openssl/mem.h:60:\nthird_party/boringssl/include/openssl/base.h:254:31: errormake: : redefinition of typedef \'ASN1_OCTET_STRING\' is a C11 feature [-Werror,-Wtypedef-redefinition]\n*** [/Users/runner/actions-runner/_work/python.build/python.build/build_grpcio111139/grpcio-1.11.1/objs/opt/third_party/boringssl/crypto/asn1/a_print.o] Error 1\ntypedef struct asn1_string_st ASN1_OCTET_STRING;\n                              ^\n/usr/local/opt/openssl@3/include/openssl/types.h:48:31: note: previous definition is here\ntypedef struct asn1_string_st ASN1_OCTET_STRING;\n                              ^\nIn file included from third_party/boringssl/crypto/asn1/a_gentm.c:63:\nIn file included from third_party/boringssl/include/openssl/mem.h:60:\nthird_party/boringssl/include/openssl/base.h:255:31: error: redefinition of typedef \'ASN1_PRINTABLESTRING\' is a C11 feature [-Werror,-Wtypedef-redefinition]\ntypedef struct asn1_string_st ASN1_PRINTABLESTRING;\n                              ^\n/usr/local/opt/openssl@3/include/openssl/types.h:49:31: note: previous definition is here\ntypedef struct asn1_string_st ASN1_PRINTABLESTRING;\n                              ^\nIn file included from third_party/boringssl/crypto/asn1/a_gentm.c:63:\nIn file included from third_party/boringssl/include/openssl/mem.h:60:\nthird_party/boringssl/include/openssl/base.h:256:31: error: redefinition of typedef \'ASN1_STRING\' is a C11 feature [-Werror,-Wtypedef-redefinition]\ntypedef struct asn1_string_st ASN1_STRING;\n                              ^\n/usr/local/opt/openssl@3/include/openssl/types.h:60:31: note: previous definition is here\ntypedef struct asn1_string_st ASN1_STRING;\n                              ^\nIn file included from third_party/boringssl/crypto/asn1/a_gentm.c:63:\nIn file included from third_party/boringssl/include/openssl/mem.h:60:\nthird_party/boringssl/include/openssl/base.h:257:31: error: redefinition of typedef \'ASN1_T61STRING\' is a C11 feature [-Werror,-Wtypedef-redefinition]\ntypedef struct asn1_string_st ASN1_T61STRING;\n                              ^\n/usr/local/opt/openssl@3/include/openssl/types.h:50:31: note: previous definition is here\ntypedef struct asn1_string_st ASN1_T61STRING;\n                              ^\nfatal error: too many errors emitted, stopping now [-ferror-limit=]\nmake: *** [/Users/runner/actions-runner/_work/python.build/python.build/build_grpcio111139/grpcio-1.11.1/objs/opt/third_party/boringssl/crypto/asn1/a_object.o] Error 1\nmake: *** [/Users/runner/actions-runner/_work/python.build/python.build/build_grpcio111139/grpcio-1.11.1/objs/opt/third_party/boringssl/crypto/asn1/a_i2d_fp.o] Error 1\nmake: *** [/Users/runner/actions-runner/_work/python.build/python.build/build_grpcio111139/grpcio-1.11.1/objs/opt/third_party/boringssl/crypto/asn1/a_strnid.o] Error 1\nmake: *** [/Users/runner/actions-runner/_work/python.build/python.build/build_grpcio111139/grpcio-1.11.1/objs/opt/third_party/boringssl/crypto/asn1/a_enum.o] Error 1\n20 errors generated.\nmake: *** [/Users/runner/actions-runner/_work/python.build/python.build/build_grpcio111139/grpcio-1.11.1/objs/opt/third_party/boringssl/crypto/asn1/a_gentm.o] Error 1\nIn file included from third_party/boringssl/crypto/asn1/a_type.c:61:\nIn file included from third_party/boringssl/include/openssl/mem.h:60:\nthird_party/boringssl/include/openssl/base.h:143:9: error: \'OPENSSL_VERSION_NUMBER\' macro redefined [-Werror,-Wmacro-redefined]\n#define OPENSSL_VERSION_NUMBER 0x1010007f\n        ^\n/usr/local/opt/openssl@3/include/openssl/opensslv.h:99:10: note: previous definition is here\n# define OPENSSL_VERSION_NUMBER          \\\n         ^\nIn file included from third_party/boringssl/crypto/asn1/a_type.c:61:\nIn file included from third_party/boringssl/include/openssl/mem.h:60:\nthird_party/boringssl/include/openssl/base.h:178:9: error: \'OPENSSL_EXPORT\' macro redefined [-Werror,-Wmacro-redefined]\n#define OPENSSL_EXPORT\n        ^\n/usr/local/opt/openssl@3/include/openssl/e_os2.h:183:11: note: previous definition is here\n#  define OPENSSL_EXPORT extern\n          ^\nIn file included from third_party/boringssl/crypto/asn1/a_type.c:61:\nIn file included from third_party/boringssl/include/openssl/mem.h:60:\nthird_party/boringssl/include/openssl/base.h:240:13: error: typedef redefinition with different types (\'int\' vs \'struct crypto_threadid_st\')\ntypedef int CRYPTO_THREADID;\n            ^\n/usr/local/opt/openssl@3/include/openssl/crypto.h:308:3: note: previous definition is here\n} CRYPTO_THREADID;\n  ^\nIn file included from third_party/boringssl/crypto/asn1/a_type.c:61:\nIn file included from third_party/boringssl/include/openssl/mem.h:60:\nthird_party/boringssl/include/openssl/base.h:242:13: error: redefinition of typedef \'ASN1_BOOLEAN\' is a C11 feature [-Werror,-Wtypedef-redefinition]\ntypedef int ASN1_BOOLEAN;\n            ^\n/usr/local/opt/openssl@3/include/openssl/types.h:61:13: note: previous definition is here\ntypedef int ASN1_BOOLEAN;\n            ^\nIn file included from third_party/boringssl/crypto/asn1/a_type.c:61:\nIn file included from third_party/boringssl/include/openssl/mem.h:60:\nthird_party/boringssl/include/openssl/base.h:243:13: error: redefinition of typedef \'ASN1_NULL\' is a C11 feature [-Werror,-Wtypedef-redefinition]\ntypedef int ASN1_NULL;\n            ^\n/usr/local/opt/openssl@3/include/openssl/types.h:62:13: note: previous definition is here\ntypedef int ASN1_NULL;\n            ^\nIn file included from third_party/boringssl/crypto/asn1/a_type.c:61:\nIn file included from third_party/boringssl/include/openssl/mem.h:60:\nthird_party/boringssl/include/openssl/base.h:244:29: error: redefinition of typedef \'ASN1_ITEM\' is a C11 feature [-Werror,-Wtypedef-redefinition]\ntypedef struct ASN1_ITEM_st ASN1_ITEM;\n                            ^\n/usr/local/opt/openssl@3/include/openssl/types.h:69:29: note: previous definition is here\ntypedef struct ASN1_ITEM_st ASN1_ITEM;\n                            ^\nIn file included from third_party/boringssl/crypto/asn1/a_type.c:61:\nIn file included from third_party/boringssl/include/openssl/mem.h:60:\nthird_party/boringssl/include/openssl/base.h:245:31: error: redefinition of typedef \'ASN1_OBJECT\' is a C11 feature [-Werror,-Wtypedef-redefinition]\ntypedef struct asn1_object_st ASN1_OBJECT;\n                              ^\n/usr/local/opt/openssl@3/include/openssl/types.h:66:31: note: previous definition is here\ntypedef struct asn1_object_st ASN1_OBJECT;\n                              ^\nIn file included from third_party/boringssl/crypto/asn1/a_type.c:61:\nIn file included from third_party/boringssl/include/openssl/mem.h:60:\nthird_party/boringssl/include/openssl/base.h:246:29: error: redefinition of typedef \'ASN1_PCTX\' is a C11 feature [-Werror,-Wtypedef-redefinition]\ntypedef struct asn1_pctx_st ASN1_PCTX;\n                            ^\n/usr/local/opt/openssl@3/include/openssl/types.h:70:29: note: previous definition is here\ntypedef struct asn1_pctx_st ASN1_PCTX;\n                            ^\nIn file included from third_party/boringssl/crypto/asn1/a_type.c:61:\nIn file included from third_party/boringssl/include/openssl/mem.h:60:\nthird_party/boringssl/include/openssl/base.h:247:31: error: redefinition of typedef \'ASN1_BIT_STRING\' is a C11 feature [-Werror,-Wtypedef-redefinition]\ntypedef struct asn1_string_st ASN1_BIT_STRING;\n                              ^\n/usr/local/opt/openssl@3/include/openssl/types.h:47:31: note: previous definition is here\ntypedef struct asn1_string_st ASN1_BIT_STRING;\n                              ^\nIn file included from third_party/boringssl/crypto/asn1/a_type.c:61:\nIn file included from third_party/boringssl/include/openssl/mem.h:60:\nthird_party/boringssl/include/openssl/base.h:248:31: error: redefinition of typedef \'ASN1_BMPSTRING\' is a C11 feature [-Werror,-Wtypedef-redefinition]\ntypedef struct asn1_string_st ASN1_BMPSTRING;\n                              ^\n/usr/local/opt/openssl@3/include/openssl/types.h:54:31: note: previous definition is here\ntypedef struct asn1_string_st ASN1_BMPSTRING;\n                              ^\nIn file included from third_party/boringssl/crypto/asn1/a_type.c:61:\nIn file included from third_party/boringssl/include/openssl/mem.h:60:\nthird_party/boringssl/include/openssl/base.h:249:31: error: redefinition of typedef \'ASN1_ENUMERATED\' is a C11 feature [-Werror,-Wtypedef-redefinition]\ntypedef struct asn1_string_st ASN1_ENUMERATED;\n                              ^\n/usr/local/opt/openssl@3/include/openssl/types.h:46:31: note: previous definition is here\ntypedef struct asn1_string_st ASN1_ENUMERATED;\n                              ^\nIn file included from third_party/boringssl/crypto/asn1/a_type.c:61:\nIn file included from third_party/boringssl/include/openssl/mem.h:60:\nthird_party/boringssl/include/openssl/base.h:250:31: error: redefinition of typedef \'ASN1_GENERALIZEDTIME\' is a C11 feature [-Werror,-Wtypedef-redefinition]\ntypedef struct asn1_string_st ASN1_GENERALIZEDTIME;\n                              ^\n/usr/local/opt/openssl@3/include/openssl/types.h:57:31: note: previous definition is here\ntypedef struct asn1_string_st ASN1_GENERALIZEDTIME;\n                              ^\nIn file included from third_party/boringssl/crypto/asn1/a_type.c:61:\nIn file included from third_party/boringssl/include/openssl/mem.h:60:\nthird_party/boringssl/include/openssl/base.h:251:31: error: redefinition of typedef \'ASN1_GENERALSTRING\' is a C11 feature [-Werror,-Wtypedef-redefinition]\ntypedef struct asn1_string_st ASN1_GENERALSTRING;\n                              ^\n/usr/local/opt/openssl@3/include/openssl/types.h:52:31: note: previous definition is here\ntypedef struct asn1_string_st ASN1_GENERALSTRING;\n                              ^\nIn file included from third_party/boringssl/crypto/asn1/a_type.c:61:\nIn file included from third_party/boringssl/include/openssl/mem.h:60:\nthird_party/boringssl/include/openssl/base.h:252:31: error: redefinition of typedef \'ASN1_IA5STRING\' is a C11 feature [-Werror,-Wtypedef-redefinition]\ntypedef struct asn1_string_st ASN1_IA5STRING;\n                              ^\n/usr/local/opt/openssl@3/include/openssl/types.h:51:31: note: previous definition is here\ntypedef struct asn1_string_st ASN1_IA5STRING;\n                              ^\nIn file included from third_party/boringssl/crypto/asn1/a_type.c:61:\nIn file included from third_party/boringssl/include/openssl/mem.h:60:\nthird_party/boringssl/include/openssl/base.h:253:31: error: redefinition of typedef \'ASN1_INTEGER\' is a C11 feature [-Werror,-Wtypedef-redefinition]\ntypedef struct asn1_string_st ASN1_INTEGER;\n                              ^\n/usr/local/opt/openssl@3/include/openssl/types.h:45:31: note: previous definition is here\ntypedef struct asn1_string_st ASN1_INTEGER;\n                              ^\nIn file included from third_party/boringssl/crypto/asn1/a_type.c:61:\nIn file included from third_party/boringssl/include/openssl/mem.h:60:\nthird_party/boringssl/include/openssl/base.h:254:31: error: redefinition of typedef \'ASN1_OCTET_STRING\' is a C11 feature [-Werror,-Wtypedef-redefinition]\ntypedef struct asn1_string_st ASN1_OCTET_STRING;\n                              ^\n/usr/local/opt/openssl@3/include/openssl/types.h:48:31: note: previous definition is here\ntypedef struct asn1_string_st ASN1_OCTET_STRING;\n                              ^\nIn file included from third_party/boringssl/crypto/asn1/a_type.c:61:\nIn file included from third_party/boringssl/include/openssl/mem.h:60:\nthird_party/boringssl/include/openssl/base.h:255:31: error: redefinition of typedef \'ASN1_PRINTABLESTRING\' is a C11 feature [-Werror,-Wtypedef-redefinition]\ntypedef struct asn1_string_st ASN1_PRINTABLESTRING;\n                              ^\n/usr/local/opt/openssl@3/include/openssl/types.h:49:31: note: previous definition is here\ntypedef struct asn1_string_st ASN1_PRINTABLESTRING;\n                              ^\nIn file included from third_party/boringssl/crypto/asn1/a_type.c:61:\nIn file included from third_party/boringssl/include/openssl/mem.h:60:\nthird_party/boringssl/include/openssl/base.h:256:31: error: redefinition of typedef \'ASN1_STRING\' is a C11 feature [-Werror,-Wtypedef-redefinition]\ntypedef struct asn1_string_st ASN1_STRING;\n                              ^\n/usr/local/opt/openssl@3/include/openssl/types.h:60:31: note: previous definition is here\ntypedef struct asn1_string_st ASN1_STRING;\n                              ^\nIn file included from third_party/boringssl/crypto/asn1/a_type.c:61:\nIn file included from third_party/boringssl/include/openssl/mem.h:60:\nthird_party/boringssl/include/openssl/base.h:257:31: error: redefinition of typedef \'ASN1_T61STRING\' is a C11 feature [-Werror,-Wtypedef-redefinition]\ntypedef struct asn1_string_st ASN1_T61STRING;\n                              ^\n/usr/local/opt/openssl@3/include/openssl/types.h:50:31: note: previous definition is here\ntypedef struct asn1_string_st ASN1_T61STRING;\n                              ^\nfatal error: too many errors emitted, stopping now [-ferror-limit=]\n20 errors generated.\nmake: *** [/Users/runner/actions-runner/_work/python.build/python.build/build_grpcio111139/grpcio-1.11.1/objs/opt/third_party/boringssl/crypto/asn1/a_type.o] Error 1\nIn file included from third_party/boringssl/crypto/asn1/a_utctm.c:63:\nIn file included from third_party/boringssl/include/openssl/mem.h:60:\nthird_party/boringssl/include/openssl/base.h:143:9: error: \'OPENSSL_VERSION_NUMBER\' macro redefined [-Werror,-Wmacro-redefined]\n#define OPENSSL_VERSION_NUMBER 0x1010007f\n        ^\n/usr/local/opt/openssl@3/include/openssl/opensslv.h:99:10: note: previous definition is here\n# define OPENSSL_VERSION_NUMBER          \\\n         ^\nIn file included from third_party/boringssl/crypto/asn1/a_utctm.c:63:\nIn file included from third_party/boringssl/include/openssl/mem.h:60:\nthird_party/boringssl/include/openssl/base.h:178:9: error: \'OPENSSL_EXPORT\' macro redefined [-Werror,-Wmacro-redefined]\n#define OPENSSL_EXPORT\n        ^\n/usr/local/opt/openssl@3/include/openssl/e_os2.h:183:11: note: previous definition is here\n#  define OPENSSL_EXPORT extern\n          ^\nIn file included from third_party/boringssl/crypto/asn1/a_utctm.c:63:\nIn file included from third_party/boringssl/include/openssl/mem.h:60:\nthird_party/boringssl/include/openssl/base.h:240:13: error: typedef redefinition with different types (\'int\' vs \'struct crypto_threadid_st\')\ntypedef int CRYPTO_THREADID;\n            ^\n/usr/local/opt/openssl@3/include/openssl/crypto.h:308:3: note: previous definition is here\n} CRYPTO_THREADID;\n  ^\nIn file included from third_party/boringssl/crypto/asn1/a_utctm.c:63:\nIn file included from third_party/boringssl/include/openssl/mem.h:60:\nthird_party/boringssl/include/openssl/base.h:242:13: error: redefinition of typedef \'ASN1_BOOLEAN\' is a C11 feature [-Werror,-Wtypedef-redefinition]\ntypedef int ASN1_BOOLEAN;\n            ^\n/usr/local/opt/openssl@3/include/openssl/types.h:61:13: note: previous definition is here\ntypedef int ASN1_BOOLEAN;\n            ^\nIn file included from third_party/boringssl/crypto/asn1/a_utctm.c:63:\nIn file included from third_party/boringssl/include/openssl/mem.h:60:\nthird_party/boringssl/include/openssl/base.h:243:13: error: redefinition of typedef \'ASN1_NULL\' is a C11 feature [-Werror,-Wtypedef-redefinition]\ntypedef int ASN1_NULL;\n            ^\n/usr/local/opt/openssl@3/include/openssl/types.h:62:13: note: previous definition is here\ntypedef int ASN1_NULL;\n            ^\nIn file included from third_party/boringssl/crypto/asn1/a_utctm.c:63:\nIn file included from third_party/boringssl/include/openssl/mem.h:60:\nthird_party/boringssl/include/openssl/base.h:244:29: error: redefinition of typedef \'ASN1_ITEM\' is a C11 feature [-Werror,-Wtypedef-redefinition]\ntypedef struct ASN1_ITEM_st ASN1_ITEM;\n                            ^\n/usr/local/opt/openssl@3/include/openssl/types.h:69:29: note: previous definition is here\ntypedef struct ASN1_ITEM_st ASN1_ITEM;\n                            ^\nIn file included from third_party/boringssl/crypto/asn1/a_utctm.c:63:\nIn file included from third_party/boringssl/include/openssl/mem.h:60:\nthird_party/boringssl/include/openssl/base.h:245:31: error: redefinition of typedef \'ASN1_OBJECT\' is a C11 feature [-Werror,-Wtypedef-redefinition]\ntypedef struct asn1_object_st ASN1_OBJECT;\n                              ^\n/usr/local/opt/openssl@3/include/openssl/types.h:66:31: note: previous definition is here\ntypedef struct asn1_object_st ASN1_OBJECT;\n                              ^\nIn file included from third_party/boringssl/crypto/asn1/a_utctm.c:63:\nIn file included from third_party/boringssl/include/openssl/mem.h:60:\nthird_party/boringssl/include/openssl/base.h:246:29: error: redefinition of typedef \'ASN1_PCTX\' is a C11 feature [-Werror,-Wtypedef-redefinition]\ntypedef struct asn1_pctx_st ASN1_PCTX;\n                            ^\n/usr/local/opt/openssl@3/include/openssl/types.h:70:29: note: previous definition is here\ntypedef struct asn1_pctx_st ASN1_PCTX;\n                            ^\nIn file included from third_party/boringssl/crypto/asn1/a_utctm.c:63:\nIn file included from third_party/boringssl/include/openssl/mem.h:60:\nthird_party/boringssl/include/openssl/base.h:247:31: error: redefinition of typedef \'ASN1_BIT_STRING\' is a C11 feature [-Werror,-Wtypedef-redefinition]\ntypedef struct asn1_string_st ASN1_BIT_STRING;\n                              ^\n/usr/local/opt/openssl@3/include/openssl/types.h:47:31: note: previous definition is here\ntypedef struct asn1_string_st ASN1_BIT_STRING;\n                              ^\nIn file included from third_party/boringssl/crypto/asn1/a_utctm.c:63:\nIn file included from third_party/boringssl/include/openssl/mem.h:60:\nthird_party/boringssl/include/openssl/base.h:248:31: error: redefinition of typedef \'ASN1_BMPSTRING\' is a C11 feature [-Werror,-Wtypedef-redefinition]\ntypedef struct asn1_string_st ASN1_BMPSTRING;\n                              ^\n/usr/local/opt/openssl@3/include/openssl/types.h:54:31: note: previous definition is here\ntypedef struct asn1_string_st ASN1_BMPSTRING;\n                              ^\nIn file included from third_party/boringssl/crypto/asn1/a_utctm.c:63:\nIn file included from third_party/boringssl/include/openssl/mem.h:60:\nthird_party/boringssl/include/openssl/base.h:249:31: error: redefinition of typedef \'ASN1_ENUMERATED\' is a C11 feature [-Werror,-Wtypedef-redefinition]\ntypedef struct asn1_string_st ASN1_ENUMERATED;\n                              ^\n/usr/local/opt/openssl@3/include/openssl/types.h:46:31: note: previous definition is here\ntypedef struct asn1_string_st ASN1_ENUMERATED;\n                              ^\nIn file included from third_party/boringssl/crypto/asn1/a_utctm.c:63:\nIn file included from third_party/boringssl/include/openssl/mem.h:60:\nthird_party/boringssl/include/openssl/base.h:250:31: error: redefinition of typedef \'ASN1_GENERALIZEDTIME\' is a C11 feature [-Werror,-Wtypedef-redefinition]\ntypedef struct asn1_string_st ASN1_GENERALIZEDTIME;\n                              ^\n/usr/local/opt/openssl@3/include/openssl/types.h:57:31: note: previous definition is here\ntypedef struct asn1_string_st ASN1_GENERALIZEDTIME;\n                              ^\nIn file included from third_party/boringssl/crypto/asn1/a_utctm.c:63:\nIn file included from third_party/boringssl/include/openssl/mem.h:60:\nthird_party/boringssl/include/openssl/base.h:251:31: error: redefinition of typedef \'ASN1_GENERALSTRING\' is a C11 feature [-Werror,-Wtypedef-redefinition]\ntypedef struct asn1_string_st ASN1_GENERALSTRING;\n                              ^\n/usr/local/opt/openssl@3/include/openssl/types.h:52:31: note: previous definition is here\ntypedef struct asn1_string_st ASN1_GENERALSTRING;\n                              ^\nIn file included from third_party/boringssl/crypto/asn1/a_utctm.c:63:\nIn file included from third_party/boringssl/include/openssl/mem.h:60:\nthird_party/boringssl/include/openssl/base.h:252:31: error: redefinition of typedef \'ASN1_IA5STRING\' is a C11 feature [-Werror,-Wtypedef-redefinition]\ntypedef struct asn1_string_st ASN1_IA5STRING;\n                              ^\n/usr/local/opt/openssl@3/include/openssl/types.h:51:31: note: previous definition is here\ntypedef struct asn1_string_st ASN1_IA5STRING;\n                              ^\nIn file included from third_party/boringssl/crypto/asn1/a_utctm.c:63:\nIn file included from third_party/boringssl/include/openssl/mem.h:60:\nthird_party/boringssl/include/openssl/base.h:253:31: error: redefinition of typedef \'ASN1_INTEGER\' is a C11 feature [-Werror,-Wtypedef-redefinition]\ntypedef struct asn1_string_st ASN1_INTEGER;\n                              ^\n/usr/local/opt/openssl@3/include/openssl/types.h:45:31: note: previous definition is here\ntypedef struct asn1_string_st ASN1_INTEGER;\n                              ^\nIn file included from third_party/boringssl/crypto/asn1/a_utctm.c:63:\nIn file included from third_party/boringssl/include/openssl/mem.h:60:\nthird_party/boringssl/include/openssl/base.h:254:31: error: redefinition of typedef \'ASN1_OCTET_STRING\' is a C11 feature [-Werror,-Wtypedef-redefinition]\ntypedef struct asn1_string_st ASN1_OCTET_STRING;\n                              ^\n/usr/local/opt/openssl@3/include/openssl/types.h:48:31: note: previous definition is here\ntypedef struct asn1_string_st ASN1_OCTET_STRING;\n                              ^\nIn file included from third_party/boringssl/crypto/asn1/a_utctm.c:63:\nIn file included from third_party/boringssl/include/openssl/mem.h:60:\nthird_party/boringssl/include/openssl/base.h:255:31: error: redefinition of typedef \'ASN1_PRINTABLESTRING\' is a C11 feature [-Werror,-Wtypedef-redefinition]\ntypedef struct asn1_string_st ASN1_PRINTABLESTRING;\n                              ^\n/usr/local/opt/openssl@3/include/openssl/types.h:49:31: note: previous definition is here\ntypedef struct asn1_string_st ASN1_PRINTABLESTRING;\n                              ^\nIn file included from third_party/boringssl/crypto/asn1/a_utctm.c:63:\nIn file included from third_party/boringssl/include/openssl/mem.h:60:\nthird_party/boringssl/include/openssl/base.h:256:31: error: redefinition of typedef \'ASN1_STRING\' is a C11 feature [-Werror,-Wtypedef-redefinition]\ntypedef struct asn1_string_st ASN1_STRING;\n                              ^\n/usr/local/opt/openssl@3/include/openssl/types.h:60:31: note: previous definition is here\ntypedef struct asn1_string_st ASN1_STRING;\n                              ^\nIn file included from third_party/boringssl/crypto/asn1/a_utctm.c:63:\nIn file included from third_party/boringssl/include/openssl/mem.h:60:\nthird_party/boringssl/include/openssl/base.h:257:31: error: redefinition of typedef \'ASN1_T61STRING\' is a C11 feature [-Werror,-Wtypedef-redefinition]\ntypedef struct asn1_string_st ASN1_T61STRING;\n                              ^\n/usr/local/opt/openssl@3/include/openssl/types.h:50:31: note: previous definition is here\ntypedef struct asn1_string_st ASN1_T61STRING;\n                              ^\nfatal error: too many errors emitted, stopping now [-ferror-limit=]\n20 errors generated.\nmake: *** [/Users/runner/actions-runner/_work/python.build/python.build/build_grpcio111139/grpcio-1.11.1/objs/opt/third_party/boringssl/crypto/asn1/a_utctm.o] Error 1\nIn file included from third_party/boringssl/crypto/asn1/a_utf8.c:60:\nIn file included from third_party/boringssl/include/openssl/mem.h:60:\nthird_party/boringssl/include/openssl/base.h:143:9: error: \'OPENSSL_VERSION_NUMBER\' macro redefined [-Werror,-Wmacro-redefined]\n#define OPENSSL_VERSION_NUMBER 0x1010007f\n        ^\n/usr/local/opt/openssl@3/include/openssl/opensslv.h:99:10: note: previous definition is here\n# define OPENSSL_VERSION_NUMBER          \\\n         ^\nIn file included from third_party/boringssl/crypto/asn1/a_utf8.c:60:\nIn file included from third_party/boringssl/include/openssl/mem.h:60:\nthird_party/boringssl/include/openssl/base.h:178:9: error: \'OPENSSL_EXPORT\' macro redefined [-Werror,-Wmacro-redefined]\n#define OPENSSL_EXPORT\n        ^\n/usr/local/opt/openssl@3/include/openssl/e_os2.h:183:11: note: previous definition is here\n#  define OPENSSL_EXPORT extern\n          ^\nIn file included from third_party/boringssl/crypto/asn1/a_utf8.c:60:\nIn file included from third_party/boringssl/include/openssl/mem.h:60:\nthird_party/boringssl/include/openssl/base.h:240:13: error: typedef redefinition with different types (\'int\' vs \'struct crypto_threadid_st\')\ntypedef int CRYPTO_THREADID;\n            ^\n/usr/local/opt/openssl@3/include/openssl/crypto.h:308:3: note: previous definition is here\n} CRYPTO_THREADID;\n  ^\nIn file included from third_party/boringssl/crypto/asn1/a_utf8.c:60:\nIn file included from third_party/boringssl/include/openssl/mem.h:60:\nthird_party/boringssl/include/openssl/base.h:242:13: error: redefinition of typedef \'ASN1_BOOLEAN\' is a C11 feature [-Werror,-Wtypedef-redefinition]\ntypedef int ASN1_BOOLEAN;\n            ^\n/usr/local/opt/openssl@3/include/openssl/types.h:61:13: note: previous definition is here\ntypedef int ASN1_BOOLEAN;\n            ^\nIn file included from third_party/boringssl/crypto/asn1/a_utf8.c:60:\nIn file included from third_party/boringssl/include/openssl/mem.h:60:\nthird_party/boringssl/include/openssl/base.h:243:13: error: redefinition of typedef \'ASN1_NULL\' is a C11 feature [-Werror,-Wtypedef-redefinition]\ntypedef int ASN1_NULL;\n            ^\n/usr/local/opt/openssl@3/include/openssl/types.h:62:13: note: previous definition is here\ntypedef int ASN1_NULL;\n            ^\nIn file included from third_party/boringssl/crypto/asn1/a_utf8.c:60:\nIn file included from third_party/boringssl/include/openssl/mem.h:60:\nthird_party/boringssl/include/openssl/base.h:244:29: error: redefinition of typedef \'ASN1_ITEM\' is a C11 feature [-Werror,-Wtypedef-redefinition]\ntypedef struct ASN1_ITEM_st ASN1_ITEM;\n                            ^\n/usr/local/opt/openssl@3/include/openssl/types.h:69:29: note: previous definition is here\ntypedef struct ASN1_ITEM_st ASN1_ITEM;\n                            ^\nIn file included from third_party/boringssl/crypto/asn1/a_utf8.c:60:\nIn file included from third_party/boringssl/include/openssl/mem.h:60:\nthird_party/boringssl/include/openssl/base.h:245:31: error: redefinition of typedef \'ASN1_OBJECT\' is a C11 feature [-Werror,-Wtypedef-redefinition]\ntypedef struct asn1_object_st ASN1_OBJECT;\n                              ^\n/usr/local/opt/openssl@3/include/openssl/types.h:66:31: note: previous definition is here\ntypedef struct asn1_object_st ASN1_OBJECT;\n                              ^\nIn file included from third_party/boringssl/crypto/asn1/a_utf8.c:60:\nIn file included from third_party/boringssl/include/openssl/mem.h:60:\nthird_party/boringssl/include/openssl/base.h:246:29: error: redefinition of typedef \'ASN1_PCTX\' is a C11 feature [-Werror,-Wtypedef-redefinition]\ntypedef struct asn1_pctx_st ASN1_PCTX;\n                            ^\n/usr/local/opt/openssl@3/include/openssl/types.h:70:29: note: previous definition is here\ntypedef struct asn1_pctx_st ASN1_PCTX;\n                            ^\nIn file included from third_party/boringssl/crypto/asn1/a_utf8.c:60:\nIn file included from third_party/boringssl/include/openssl/mem.h:60:\nthird_party/boringssl/include/openssl/base.h:247:31: error: redefinition of typedef \'ASN1_BIT_STRING\' is a C11 feature [-Werror,-Wtypedef-redefinition]\ntypedef struct asn1_string_st ASN1_BIT_STRING;\n                              ^\n/usr/local/opt/openssl@3/include/openssl/types.h:47:31: note: previous definition is here\ntypedef struct asn1_string_st ASN1_BIT_STRING;\n                              ^\nIn file included from third_party/boringssl/crypto/asn1/a_utf8.c:60:\nIn file included from third_party/boringssl/include/openssl/mem.h:60:\nthird_party/boringssl/include/openssl/base.h:248:31: error: redefinition of typedef \'ASN1_BMPSTRING\' is a C11 feature [-Werror,-Wtypedef-redefinition]\ntypedef struct asn1_string_st ASN1_BMPSTRING;\n                              ^\n/usr/local/opt/openssl@3/include/openssl/types.h:54:31: note: previous definition is here\ntypedef struct asn1_string_st ASN1_BMPSTRING;\n                              ^\nIn file included from third_party/boringssl/crypto/asn1/a_utf8.c:60:\nIn file included from third_party/boringssl/include/openssl/mem.h:60:\nthird_party/boringssl/include/openssl/base.h:249:31: error: redefinition of typedef \'ASN1_ENUMERATED\' is a C11 feature [-Werror,-Wtypedef-redefinition]\ntypedef struct asn1_string_st ASN1_ENUMERATED;\n                              ^\n/usr/local/opt/openssl@3/include/openssl/types.h:46:31: note: previous definition is here\ntypedef struct asn1_string_st ASN1_ENUMERATED;\n                              ^\nIn file included from third_party/boringssl/crypto/asn1/a_utf8.c:60:\nIn file included from third_party/boringssl/include/openssl/mem.h:60:\nthird_party/boringssl/include/openssl/base.h:250:31: error: redefinition of typedef \'ASN1_GENERALIZEDTIME\' is a C11 feature [-Werror,-Wtypedef-redefinition]\ntypedef struct asn1_string_st ASN1_GENERALIZEDTIME;\n                              ^\n/usr/local/opt/openssl@3/include/openssl/types.h:57:31: note: previous definition is here\ntypedef struct asn1_string_st ASN1_GENERALIZEDTIME;\n                              ^\nIn file included from third_party/boringssl/crypto/asn1/a_utf8.c:60:\nIn file included from third_party/boringssl/include/openssl/mem.h:60:\nthird_party/boringssl/include/openssl/base.h:251:31: error: redefinition of typedef \'ASN1_GENERALSTRING\' is a C11 feature [-Werror,-Wtypedef-redefinition]\ntypedef struct asn1_string_st ASN1_GENERALSTRING;\n                              ^\n/usr/local/opt/openssl@3/include/openssl/types.h:52:31: note: previous definition is here\ntypedef struct asn1_string_st ASN1_GENERALSTRING;\n                              ^\nIn file included from third_party/boringssl/crypto/asn1/a_utf8.c:60:\nIn file included from third_party/boringssl/include/openssl/mem.h:60:\nthird_party/boringssl/include/openssl/base.h:252:31: error: redefinition of typedef \'ASN1_IA5STRING\' is a C11 feature [-Werror,-Wtypedef-redefinition]\ntypedef struct asn1_string_st ASN1_IA5STRING;\n                              ^\n/usr/local/opt/openssl@3/include/openssl/types.h:51:31: note: previous definition is here\ntypedef struct asn1_string_st ASN1_IA5STRING;\n                              ^\nIn file included from third_party/boringssl/crypto/asn1/a_utf8.c:60:\nIn file included from third_party/boringssl/include/openssl/mem.h:60:\nthird_party/boringssl/include/openssl/base.h:253:31: error: redefinition of typedef \'ASN1_INTEGER\' is a C11 feature [-Werror,-Wtypedef-redefinition]\ntypedef struct asn1_string_st ASN1_INTEGER;\n                              ^\n/usr/local/opt/openssl@3/include/openssl/types.h:45:31: note: previous definition is here\ntypedef struct asn1_string_st ASN1_INTEGER;\n                              ^\nIn file included from third_party/boringssl/crypto/asn1/a_utf8.c:60:\nIn file included from third_party/boringssl/include/openssl/mem.h:60:\nthird_party/boringssl/include/openssl/base.h:254:31: error: redefinition of typedef \'ASN1_OCTET_STRING\' is a C11 feature [-Werror,-Wtypedef-redefinition]\ntypedef struct asn1_string_st ASN1_OCTET_STRING;\n                              ^\n/usr/local/opt/openssl@3/include/openssl/types.h:48:31: note: previous definition is here\ntypedef struct asn1_string_st ASN1_OCTET_STRING;\n                              ^\nIn file included from third_party/boringssl/crypto/asn1/a_utf8.c:60:\nIn file included from third_party/boringssl/include/openssl/mem.h:60:\nthird_party/boringssl/include/openssl/base.h:255:31: error: redefinition of typedef \'ASN1_PRINTABLESTRING\' is a C11 feature [-Werror,-Wtypedef-redefinition]\ntypedef struct asn1_string_st ASN1_PRINTABLESTRING;\n                              ^\n/usr/local/opt/openssl@3/include/openssl/types.h:49:31: note: previous definition is here\ntypedef struct asn1_string_st ASN1_PRINTABLESTRING;\n                              ^\nIn file included from third_party/boringssl/crypto/asn1/a_utf8.c:60:\nIn file included from third_party/boringssl/include/openssl/mem.h:60:\nthird_party/boringssl/include/openssl/base.h:256:31: error: redefinition of typedef \'ASN1_STRING\' is a C11 feature [-Werror,-Wtypedef-redefinition]\ntypedef struct asn1_string_st ASN1_STRING;\n                              ^\n/usr/local/opt/openssl@3/include/openssl/types.h:60:31: note: previous definition is here\ntypedef struct asn1_string_st ASN1_STRING;\n                              ^\nIn file included from third_party/boringssl/crypto/asn1/a_utf8.c:60:\nIn file included from third_party/boringssl/include/openssl/mem.h:60:\nthird_party/boringssl/include/openssl/base.h:257:31: error: redefinition of typedef \'ASN1_T61STRING\' is a C11 feature [-Werror,-Wtypedef-redefinition]\ntypedef struct asn1_string_st ASN1_T61STRING;\n                              ^\n/usr/local/opt/openssl@3/include/openssl/types.h:50:31: note: previous definition is here\ntypedef struct asn1_string_st ASN1_T61STRING;\n                              ^\nfatal error: too many errors emitted, stopping now [-ferror-limit=]\nIn file included from third_party/boringssl/crypto/asn1/asn1_lib.c:62:\n/usr/local/opt/openssl@3/include/openssl/asn1_mac.h:10:2: error: "This file is obsolete; please update your software."\n#error "This file is obsolete; please update your software."\n ^\n20 errors generated.\nmake: *** [/Users/runner/actions-runner/_work/python.build/python.build/build_grpcio111139/grpcio-1.11.1/objs/opt/third_party/boringssl/crypto/asn1/a_utf8.o] Error 1\nIn file included from third_party/boringssl/crypto/asn1/asn1_lib.c:64:\nIn file included from third_party/boringssl/include/openssl/mem.h:60:\nthird_party/boringssl/include/openssl/base.h:143:9: error: \'OPENSSL_VERSION_NUMBER\' macro redefined [-Werror,-Wmacro-redefined]\n#define OPENSSL_VERSION_NUMBER 0x1010007f\n        ^\n/usr/local/opt/openssl@3/include/openssl/opensslv.h:99:10: note: previous definition is here\n# define OPENSSL_VERSION_NUMBER          \\\n         ^\nIn file included from third_party/boringssl/crypto/asn1/asn1_lib.c:64:\nIn file included from third_party/boringssl/include/openssl/mem.h:60:\nthird_party/boringssl/include/openssl/base.h:178:9: error: \'OPENSSL_EXPORT\' macro redefined [-Werror,-Wmacro-redefined]\n#define OPENSSL_EXPORT\n        ^\n/usr/local/opt/openssl@3/include/openssl/e_os2.h:183:11: note: previous definition is here\n#  define OPENSSL_EXPORT extern\n          ^\nIn file included from third_party/boringssl/crypto/asn1/asn1_lib.c:64:\nIn file included from third_party/boringssl/include/openssl/mem.h:60:\nthird_party/boringssl/include/openssl/base.h:240:13: error: typedef redefinition with different types (\'int\' vs \'struct crypto_threadid_st\')\ntypedef int CRYPTO_THREADID;\n            ^\n/usr/local/opt/openssl@3/include/openssl/crypto.h:308:3: note: previous definition is here\n} CRYPTO_THREADID;\n  ^\nIn file included from third_party/boringssl/crypto/asn1/asn1_lib.c:64:\nIn file included from third_party/boringssl/include/openssl/mem.h:60:\nthird_party/boringssl/include/openssl/base.h:242:13: error: redefinition of typedef \'ASN1_BOOLEAN\' is a C11 feature [-Werror,-Wtypedef-redefinition]\ntypedef int ASN1_BOOLEAN;\n            ^\n/usr/local/opt/openssl@3/include/openssl/types.h:61:13: note: previous definition is here\ntypedef int ASN1_BOOLEAN;\n            ^\nIn file included from third_party/boringssl/crypto/asn1/asn1_lib.c:64:\nIn file included from third_party/boringssl/include/openssl/mem.h:60:\nthird_party/boringssl/include/openssl/base.h:243:13: error: redefinition of typedef \'ASN1_NULL\' is a C11 feature [-Werror,-Wtypedef-redefinition]\ntypedef int ASN1_NULL;\n            ^\n/usr/local/opt/openssl@3/include/openssl/types.h:62:13: note: previous definition is here\ntypedef int ASN1_NULL;\n            ^\nIn file included from third_party/boringssl/crypto/asn1/asn1_lib.c:64:\nIn file included from third_party/boringssl/include/openssl/mem.h:60:\nthird_party/boringssl/include/openssl/base.h:244:29: error: redefinition of typedef \'ASN1_ITEM\' is a C11 feature [-Werror,-Wtypedef-redefinition]\ntypedef struct ASN1_ITEM_st ASN1_ITEM;\n                            ^\n/usr/local/opt/openssl@3/include/openssl/types.h:69:29: note: previous definition is here\ntypedef struct ASN1_ITEM_st ASN1_ITEM;\n                            ^\nIn file included from third_party/boringssl/crypto/asn1/asn1_lib.c:64:\nIn file included from third_party/boringssl/include/openssl/mem.h:60:\nthird_party/boringssl/include/openssl/base.h:245:31: error: redefinition of typedef \'ASN1_OBJECT\' is a C11 feature [-Werror,-Wtypedef-redefinition]\ntypedef struct asn1_object_st ASN1_OBJECT;\n                              ^\n/usr/local/opt/openssl@3/include/openssl/types.h:66:31: note: previous definition is here\ntypedef struct asn1_object_st ASN1_OBJECT;\n                              ^\nIn file included from third_party/boringssl/crypto/asn1/asn1_lib.c:64:\nIn file included from third_party/boringssl/include/openssl/mem.h:60:\nthird_party/boringssl/include/openssl/base.h:246:29: error: redefinition of typedef \'ASN1_PCTX\' is a C11 feature [-Werror,-Wtypedef-redefinition]\ntypedef struct asn1_pctx_st ASN1_PCTX;\n                            ^\n/usr/local/opt/openssl@3/include/openssl/types.h:70:29: note: previous definition is here\ntypedef struct asn1_pctx_st ASN1_PCTX;\n                            ^\nIn file included from third_party/boringssl/crypto/asn1/asn1_lib.c:64:\nIn file included from third_party/boringssl/include/openssl/mem.h:60:\nthird_party/boringssl/include/openssl/base.h:247:31: error: redefinition of typedef \'ASN1_BIT_STRING\' is a C11 feature [-Werror,-Wtypedef-redefinition]\ntypedef struct asn1_string_st ASN1_BIT_STRING;\n                              ^\n/usr/local/opt/openssl@3/include/openssl/types.h:47:31: note: previous definition is here\ntypedef struct asn1_string_st ASN1_BIT_STRING;\n                              ^\nIn file included from third_party/boringssl/crypto/asn1/asn1_lib.c:64:\nIn file included from third_party/boringssl/include/openssl/mem.h:60:\nthird_party/boringssl/include/openssl/base.h:248:31: error: redefinition of typedef \'ASN1_BMPSTRING\' is a C11 feature [-Werror,-Wtypedef-redefinition]\ntypedef struct asn1_string_st ASN1_BMPSTRING;\n                              ^\n/usr/local/opt/openssl@3/include/openssl/types.h:54:31: note: previous definition is here\ntypedef struct asn1_string_st ASN1_BMPSTRING;\n                              ^\nIn file included from third_party/boringssl/crypto/asn1/asn1_lib.c:64:\nIn file included from third_party/boringssl/include/openssl/mem.h:60:\nthird_party/boringssl/include/openssl/base.h:249:31: error: redefinition of typedef \'ASN1_ENUMERATED\' is a C11 feature [-Werror,-Wtypedef-redefinition]\ntypedef struct asn1_string_st ASN1_ENUMERATED;\n                              ^\n/usr/local/opt/openssl@3/include/openssl/types.h:46:31: note: previous definition is here\ntypedef struct asn1_string_st ASN1_ENUMERATED;\n                              ^\nIn file included from third_party/boringssl/crypto/asn1/asn1_lib.c:64:\nIn file included from third_party/boringssl/include/openssl/mem.h:60:\nthird_party/boringssl/include/openssl/base.h:250:31: error: redefinition of typedef \'ASN1_GENERALIZEDTIME\' is a C11 feature [-Werror,-Wtypedef-redefinition]\ntypedef struct asn1_string_st ASN1_GENERALIZEDTIME;\n                              ^\n/usr/local/opt/openssl@3/include/openssl/types.h:57:31: note: previous definition is here\ntypedef struct asn1_string_st ASN1_GENERALIZEDTIME;\n                              ^\nIn file included from third_party/boringssl/crypto/asn1/asn1_lib.c:64:\nIn file included from third_party/boringssl/include/openssl/mem.h:60:\nthird_party/boringssl/include/openssl/base.h:251:31: error: redefinition of typedef \'ASN1_GENERALSTRING\' is a C11 feature [-Werror,-Wtypedef-redefinition]\ntypedef struct asn1_string_st ASN1_GENERALSTRING;\n                              ^\n/usr/local/opt/openssl@3/include/openssl/types.h:52:31: note: previous definition is here\ntypedef struct asn1_string_st ASN1_GENERALSTRING;\n                              ^\nIn file included from third_party/boringssl/crypto/asn1/asn1_lib.c:64:\nIn file included from third_party/boringssl/include/openssl/mem.h:60:\nthird_party/boringssl/include/openssl/base.h:252:31: error: redefinition of typedef \'ASN1_IA5STRING\' is a C11 feature [-Werror,-Wtypedef-redefinition]\ntypedef struct asn1_string_st ASN1_IA5STRING;\n                              ^\n/usr/local/opt/openssl@3/include/openssl/types.h:51:31: note: previous definition is here\ntypedef struct asn1_string_st ASN1_IA5STRING;\n                              ^\nIn file included from third_party/boringssl/crypto/asn1/asn1_lib.c:64:\nIn file included from third_party/boringssl/include/openssl/mem.h:60:\nthird_party/boringssl/include/openssl/base.h:253:31: error: redefinition of typedef \'ASN1_INTEGER\' is a C11 feature [-Werror,-Wtypedef-redefinition]\ntypedef struct asn1_string_st ASN1_INTEGER;\n                              ^\n/usr/local/opt/openssl@3/include/openssl/types.h:45:31: note: previous definition is here\ntypedef struct asn1_string_st ASN1_INTEGER;\n                              ^\nIn file included from third_party/boringssl/crypto/asn1/asn1_lib.c:64:\nIn file included from third_party/boringssl/include/openssl/mem.h:60:\nthird_party/boringssl/include/openssl/base.h:254:31: error: redefinition of typedef \'ASN1_OCTET_STRING\' is a C11 feature [-Werror,-Wtypedef-redefinition]\ntypedef struct asn1_string_st ASN1_OCTET_STRING;\n                              ^\n/usr/local/opt/openssl@3/include/openssl/types.h:48:31: note: previous definition is here\ntypedef struct asn1_string_st ASN1_OCTET_STRING;\n                              ^\nIn file included from third_party/boringssl/crypto/asn1/asn1_lib.c:64:\nIn file included from third_party/boringssl/include/openssl/mem.h:60:\nthird_party/boringssl/include/openssl/base.h:255:31: error: redefinition of typedef \'ASN1_PRINTABLESTRING\' is a C11 feature [-Werror,-Wtypedef-redefinition]\ntypedef struct asn1_string_st ASN1_PRINTABLESTRING;\n                              ^\n/usr/local/opt/openssl@3/include/openssl/types.h:49:31: note: previous definition is here\ntypedef struct asn1_string_st ASN1_PRINTABLESTRING;\n                              ^\nIn file included from third_party/boringssl/crypto/asn1/asn1_lib.c:64:\nIn file included from third_party/boringssl/include/openssl/mem.h:60:\nthird_party/boringssl/include/openssl/base.h:256:31: error: redefinition of typedef \'ASN1_STRING\' is a C11 feature [-Werror,-Wtypedef-redefinition]\ntypedef struct asn1_string_st ASN1_STRING;\n                              ^\n/usr/local/opt/openssl@3/include/openssl/types.h:60:31: note: previous definition is here\ntypedef struct asn1_string_st ASN1_STRING;\n                              ^\nfatal error: too many errors emitted, stopping now [-ferror-limit=]\n20 errors generated.\nmake: *** [/Users/runner/actions-runner/_work/python.build/python.build/build_grpcio111139/grpcio-1.11.1/objs/opt/third_party/boringssl/crypto/asn1/asn1_lib.o] Error 1\n'
2022-12-27T02:57:58.9604830Z   Traceback (most recent call last):
2022-12-27T02:57:58.9616560Z     File "<string>", line 2, in <module>
2022-12-27T02:57:58.9617310Z     File "<pip-setuptools-caller>", line 34, in <module>
2022-12-27T02:57:58.9618010Z     File "/Users/runner/actions-runner/_work/python.build/python.build/build_grpcio111139/grpcio-1.11.1/setup.py", line 297, in <module>
2022-12-27T02:57:58.9618400Z       setuptools.setup(
2022-12-27T02:57:58.9619080Z     File "/private/var/folders/51/hd414ycd67n82196sw51xqtc0000gn/T/cibw-run-ma3uyh_g/cp39-macosx_arm64/build/venv/lib/python3.9/site-packages/setuptools/__init__.py", line 87, in setup
2022-12-27T02:57:58.9619700Z       return distutils.core.setup(**attrs)
2022-12-27T02:57:58.9620450Z     File "/private/var/folders/51/hd414ycd67n82196sw51xqtc0000gn/T/cibw-run-ma3uyh_g/cp39-macosx_arm64/build/venv/lib/python3.9/site-packages/setuptools/_distutils/core.py", line 185, in setup
2022-12-27T02:57:58.9620930Z       return run_commands(dist)
2022-12-27T02:57:58.9621930Z     File "/private/var/folders/51/hd414ycd67n82196sw51xqtc0000gn/T/cibw-run-ma3uyh_g/cp39-macosx_arm64/build/venv/lib/python3.9/site-packages/setuptools/_distutils/core.py", line 201, in run_commands
2022-12-27T02:57:58.9622540Z       dist.run_commands()
2022-12-27T02:57:58.9623190Z     File "/private/var/folders/51/hd414ycd67n82196sw51xqtc0000gn/T/cibw-run-ma3uyh_g/cp39-macosx_arm64/build/venv/lib/python3.9/site-packages/setuptools/_distutils/dist.py", line 969, in run_commands
2022-12-27T02:57:58.9623600Z       self.run_command(cmd)
2022-12-27T02:57:58.9624200Z     File "/private/var/folders/51/hd414ycd67n82196sw51xqtc0000gn/T/cibw-run-ma3uyh_g/cp39-macosx_arm64/build/venv/lib/python3.9/site-packages/setuptools/dist.py", line 1208, in run_command
2022-12-27T02:57:58.9624630Z       super().run_command(command)
2022-12-27T02:57:58.9625200Z     File "/private/var/folders/51/hd414ycd67n82196sw51xqtc0000gn/T/cibw-run-ma3uyh_g/cp39-macosx_arm64/build/venv/lib/python3.9/site-packages/setuptools/_distutils/dist.py", line 988, in run_command
2022-12-27T02:57:58.9625640Z       cmd_obj.run()
2022-12-27T02:57:58.9626320Z     File "/private/var/folders/51/hd414ycd67n82196sw51xqtc0000gn/T/cibw-run-ma3uyh_g/cp39-macosx_arm64/build/venv/lib/python3.9/site-packages/wheel/bdist_wheel.py", line 325, in run
2022-12-27T02:57:58.9626860Z       self.run_command("build")
2022-12-27T02:57:58.9627590Z     File "/private/var/folders/51/hd414ycd67n82196sw51xqtc0000gn/T/cibw-run-ma3uyh_g/cp39-macosx_arm64/build/venv/lib/python3.9/site-packages/setuptools/_distutils/cmd.py", line 318, in run_command
2022-12-27T02:57:58.9628040Z       self.distribution.run_command(command)
2022-12-27T02:57:58.9628720Z     File "/private/var/folders/51/hd414ycd67n82196sw51xqtc0000gn/T/cibw-run-ma3uyh_g/cp39-macosx_arm64/build/venv/lib/python3.9/site-packages/setuptools/dist.py", line 1208, in run_command
2022-12-27T02:57:58.9629180Z       super().run_command(command)
2022-12-27T02:57:58.9630110Z     File "/private/var/folders/51/hd414ycd67n82196sw51xqtc0000gn/T/cibw-run-ma3uyh_g/cp39-macosx_arm64/build/venv/lib/python3.9/site-packages/setuptools/_distutils/dist.py", line 988, in run_command
2022-12-27T02:57:58.9630670Z       cmd_obj.run()
2022-12-27T02:57:58.9631280Z     File "/private/var/folders/51/hd414ycd67n82196sw51xqtc0000gn/T/cibw-run-ma3uyh_g/cp39-macosx_arm64/build/venv/lib/python3.9/site-packages/setuptools/_distutils/command/build.py", line 132, in run
2022-12-27T02:57:58.9631810Z       self.run_command(cmd_name)
2022-12-27T02:57:58.9632580Z     File "/private/var/folders/51/hd414ycd67n82196sw51xqtc0000gn/T/cibw-run-ma3uyh_g/cp39-macosx_arm64/build/venv/lib/python3.9/site-packages/setuptools/_distutils/cmd.py", line 318, in run_command
2022-12-27T02:57:58.9633110Z       self.distribution.run_command(command)
2022-12-27T02:57:58.9633790Z     File "/private/var/folders/51/hd414ycd67n82196sw51xqtc0000gn/T/cibw-run-ma3uyh_g/cp39-macosx_arm64/build/venv/lib/python3.9/site-packages/setuptools/dist.py", line 1208, in run_command
2022-12-27T02:57:58.9634220Z       super().run_command(command)
2022-12-27T02:57:58.9634920Z     File "/private/var/folders/51/hd414ycd67n82196sw51xqtc0000gn/T/cibw-run-ma3uyh_g/cp39-macosx_arm64/build/venv/lib/python3.9/site-packages/setuptools/_distutils/dist.py", line 988, in run_command
2022-12-27T02:57:58.9635570Z       cmd_obj.run()
2022-12-27T02:57:58.9636250Z     File "/private/var/folders/51/hd414ycd67n82196sw51xqtc0000gn/T/cibw-run-ma3uyh_g/cp39-macosx_arm64/build/venv/lib/python3.9/site-packages/setuptools/command/build_ext.py", line 84, in run
2022-12-27T02:57:58.9636790Z       _build_ext.run(self)
2022-12-27T02:57:58.9637490Z     File "/private/var/folders/51/hd414ycd67n82196sw51xqtc0000gn/T/cibw-run-ma3uyh_g/cp39-macosx_arm64/build/venv/lib/python3.9/site-packages/Cython/Distutils/old_build_ext.py", line 186, in run
2022-12-27T02:57:58.9638000Z       _build_ext.build_ext.run(self)
2022-12-27T02:57:58.9638740Z     File "/private/var/folders/51/hd414ycd67n82196sw51xqtc0000gn/T/cibw-run-ma3uyh_g/cp39-macosx_arm64/build/venv/lib/python3.9/site-packages/setuptools/_distutils/command/build_ext.py", line 346, in run
2022-12-27T02:57:58.9639350Z       self.build_extensions()
2022-12-27T02:57:58.9640090Z     File "/Users/runner/actions-runner/_work/python.build/python.build/build_grpcio111139/grpcio-1.11.1/src/python/grpcio/commands.py", line 278, in build_extensions
2022-12-27T02:57:58.9640550Z       raise Exception("make command failed!")
2022-12-27T02:57:58.9640880Z   Exception: make command failed!
2022-12-27T02:57:59.0213540Z   error: subprocess-exited-with-error
2022-12-27T02:57:59.0214390Z   
2022-12-27T02:57:59.0215240Z   × python setup.py bdist_wheel did not run successfully.
2022-12-27T02:57:59.0216290Z   │ exit code: 1
2022-12-27T02:57:59.0216940Z   ╰─> See above for output.
2022-12-27T02:57:59.0217670Z   
2022-12-27T02:57:59.0218480Z   note: This error originates from a subprocess, and is likely not a problem with pip.
2022-12-27T02:57:59.0230970Z   full command: /private/var/folders/51/hd414ycd67n82196sw51xqtc0000gn/T/cibw-run-ma3uyh_g/cp39-macosx_arm64/build/venv/bin/python -u -c '
2022-12-27T02:57:59.0232670Z   exec(compile('"'"''"'"''"'"'
2022-12-27T02:57:59.0233700Z   # This is <pip-setuptools-caller> -- a caller that pip uses to run setup.py
2022-12-27T02:57:59.0234390Z   #
2022-12-27T02:57:59.0235260Z   # - It imports setuptools before invoking setup.py, to enable projects that directly
2022-12-27T02:57:59.0236240Z   #   import from `distutils.core` to work with newer packaging standards.
2022-12-27T02:57:59.0237370Z   Building wheel for grpcio (setup.py): finished with status 'error'
2022-12-27T02:57:59.0240680Z   # - It provides a clear error message when setuptools is not installed.
2022-12-27T02:57:59.0241530Z   # - It sets `sys.argv[0]` to the underlying `setup.py`, when invoking `setup.py` so
2022-12-27T02:57:59.0242800Z   #   setuptools doesn'"'"'t think the script is `-c`. This avoids the following warning:
2022-12-27T02:57:59.0243970Z   #     manifest_maker: standard file '"'"'-c'"'"' not found".
2022-12-27T02:57:59.0244450Z   # - It generates a shim setup.py, for handling setup.cfg-only projects.
2022-12-27T02:57:59.0244860Z   import os, sys, tokenize
2022-12-27T02:57:59.0245300Z   
2022-12-27T02:57:59.0245530Z   try:
2022-12-27T02:57:59.0245830Z       import setuptools
2022-12-27T02:57:59.0246520Z   except ImportError as error:
2022-12-27T02:57:59.0246870Z       print(
2022-12-27T02:57:59.0247400Z           "ERROR: Can not execute `setup.py` since setuptools is not available in "
2022-12-27T02:57:59.0247800Z           "the build environment.",
2022-12-27T02:57:59.0248160Z           file=sys.stderr,
2022-12-27T02:57:59.0248470Z       )
2022-12-27T02:57:59.0248740Z       sys.exit(1)
2022-12-27T02:57:59.0249020Z   
2022-12-27T02:57:59.0249300Z   __file__ = %r
2022-12-27T02:57:59.0249620Z   sys.argv[0] = __file__
2022-12-27T02:57:59.0249970Z   
2022-12-27T02:57:59.0250240Z   if os.path.exists(__file__):
2022-12-27T02:57:59.0250720Z   Running setup.py clean for grpcio
2022-12-27T02:57:59.0251050Z       filename = __file__
2022-12-27T02:57:59.0251270Z       with tokenize.open(__file__) as f:
2022-12-27T02:57:59.0251530Z           setup_py_code = f.read()
2022-12-27T02:57:59.0251800Z   else:
2022-12-27T02:57:59.0267210Z       filename = "<auto-generated setuptools caller>"
2022-12-27T02:57:59.0267960Z       setup_py_code = "from setuptools import setup; setup()"
2022-12-27T02:57:59.0268740Z   
2022-12-27T02:57:59.0269150Z   exec(compile(setup_py_code, filename, "exec"))
2022-12-27T02:57:59.0271220Z   '"'"''"'"''"'"' % ('"'"'/Users/runner/actions-runner/_work/python.build/python.build/build_grpcio111139/grpcio-1.11.1/setup.py'"'"',), "<pip-setuptools-caller>", "exec"))' bdist_wheel -d /private/var/folders/51/hd414ycd67n82196sw51xqtc0000gn/T/pip-wheel-6m2_cvat
2022-12-27T02:57:59.0272570Z   cwd: /Users/runner/actions-runner/_work/python.build/python.build/build_grpcio111139/grpcio-1.11.1/
2022-12-27T02:57:59.0273190Z   ERROR: Failed building wheel for grpcio
2022-12-27T02:57:59.0273600Z   Running command python setup.py clean
2022-12-27T02:57:59.7762120Z   running clean
2022-12-27T02:57:59.7788160Z   removing 'python_build/lib.macosx-11.0-arm64-cpython-39' (and everything under it)
2022-12-27T02:57:59.7856760Z   'python_build/bdist.macosx-11.0-arm64' does not exist -- can't clean it
2022-12-27T02:57:59.7859270Z   'python_build/scripts-3.9' does not exist -- can't clean it
2022-12-27T02:57:59.7862470Z   removing 'python_build'
2022-12-27T02:57:59.8597740Z Failed to build grpcio
2022-12-27T02:57:59.8605290Z ERROR: Failed to build one or more wheels
2022-12-27T02:57:59.8622860Z Exception information:
2022-12-27T02:57:59.8623390Z Traceback (most recent call last):
2022-12-27T02:57:59.8625570Z   File "/private/var/folders/51/hd414ycd67n82196sw51xqtc0000gn/T/cibw-run-ma3uyh_g/cp39-macosx_arm64/build/venv/lib/python3.9/site-packages/pip/_internal/cli/base_command.py", line 160, in exc_logging_wrapper
2022-12-27T02:57:59.8626480Z     status = run_func(*args)
2022-12-27T02:57:59.8628320Z   File "/private/var/folders/51/hd414ycd67n82196sw51xqtc0000gn/T/cibw-run-ma3uyh_g/cp39-macosx_arm64/build/venv/lib/python3.9/site-packages/pip/_internal/cli/req_command.py", line 247, in wrapper
2022-12-27T02:57:59.8629100Z     return func(self, options, args)
2022-12-27T02:57:59.8630820Z   File "/private/var/folders/51/hd414ycd67n82196sw51xqtc0000gn/T/cibw-run-ma3uyh_g/cp39-macosx_arm64/build/venv/lib/python3.9/site-packages/pip/_internal/commands/wheel.py", line 201, in run
2022-12-27T02:57:59.8631680Z     raise CommandError("Failed to build one or more wheels")
2022-12-27T02:57:59.8632290Z pip._internal.exceptions.CommandError: Failed to build one or more wheels
2022-12-27T02:57:59.8633320Z Removed build tracker: '/private/var/folders/51/hd414ycd67n82196sw51xqtc0000gn/T/pip-build-tracker-5uyob2va'
2022-12-27T02:57:59.9607440Z ##[endgroup]
2022-12-27T02:57:59.9670640Z ##[error]Command ['python', '-m', 'pip', 'wheel', '/Users/runner/actions-runner/_work/python.build/python.build/build_grpcio111139/grpcio-1.11.1', '--wheel-dir=/private/var/folders/51/hd414ycd67n82196sw51xqtc0000gn/T/cibw-run-ma3uyh_g/cp39-macosx_arm64/built_wheel', '--no-deps', '-vvv'] failed with code 1. None
2022-12-27T02:57:59.9688500Z 
2022-12-27T02:57:59.9689360Z                                                              [31m✕ [0m14.59s
2022-12-27T02:58:00.0705830Z ##[error]Process completed with exit code 1.
2022-12-27T02:58:00.0755650Z ##[group]Run rm -rf build_grpcio111139 wheelsout
2022-12-27T02:58:00.0756090Z [36;1mrm -rf build_grpcio111139 wheelsout[0m
2022-12-27T02:58:00.0782190Z shell: /bin/bash -e {0}
2022-12-27T02:58:00.0782370Z env:
2022-12-27T02:58:00.0782600Z   pythonLocation: /Users/runner/hostedtoolcache/Python/3.9.16/x64
2022-12-27T02:58:00.0782920Z   PKG_CONFIG_PATH: /Users/runner/hostedtoolcache/Python/3.9.16/x64/lib/pkgconfig
2022-12-27T02:58:00.0783230Z   Python_ROOT_DIR: /Users/runner/hostedtoolcache/Python/3.9.16/x64
2022-12-27T02:58:00.0783530Z   Python2_ROOT_DIR: /Users/runner/hostedtoolcache/Python/3.9.16/x64
2022-12-27T02:58:00.0783830Z   Python3_ROOT_DIR: /Users/runner/hostedtoolcache/Python/3.9.16/x64
2022-12-27T02:58:00.0784070Z ##[endgroup]
2022-12-27T02:58:00.3192670Z Cleaning up orphan processes
