2022-12-27T08:50:21.4553496Z Requested labels: self-hosted, macOS, X64
2022-12-27T08:50:21.4553582Z Job defined at: kilnbuild/python.build/.github/workflows/mac_arm_build.yml@refs/heads/main
2022-12-27T08:50:21.4553608Z Waiting for a runner to pick up this job...
2022-12-27T11:19:10.6306028Z Job is about to start running on the runner: kr2 (organization)
2022-12-27T11:19:18.3141770Z Current runner version: '2.300.2'
2022-12-27T11:19:18.3149560Z Runner name: 'kr2'
2022-12-27T11:19:18.3149970Z Runner group name: 'Default'
2022-12-27T11:19:18.3150840Z Machine name: 'kr2'
2022-12-27T11:19:18.3153420Z ##[group]GITHUB_TOKEN Permissions
2022-12-27T11:19:18.3154100Z Actions: write
2022-12-27T11:19:18.3154370Z Checks: write
2022-12-27T11:19:18.3154610Z Contents: write
2022-12-27T11:19:18.3154860Z Deployments: write
2022-12-27T11:19:18.3155120Z Discussions: write
2022-12-27T11:19:18.3155370Z Issues: write
2022-12-27T11:19:18.3155600Z Metadata: read
2022-12-27T11:19:18.3155850Z Packages: write
2022-12-27T11:19:18.3156100Z Pages: write
2022-12-27T11:19:18.3156340Z PullRequests: write
2022-12-27T11:19:18.3156650Z RepositoryProjects: write
2022-12-27T11:19:18.3156950Z SecurityEvents: write
2022-12-27T11:19:18.3157210Z Statuses: write
2022-12-27T11:19:18.3157450Z ##[endgroup]
2022-12-27T11:19:18.3161170Z Secret source: Actions
2022-12-27T11:19:18.3161670Z Prepare workflow directory
2022-12-27T11:19:18.4316190Z Prepare all required actions
2022-12-27T11:19:18.4518800Z Getting action download info
2022-12-27T11:19:18.8983300Z Download action repository 'actions/setup-python@v4' (SHA:5ccb29d8773c3f3f653e1705f474dfaa8a06a912)
2022-12-27T11:19:21.0749080Z Download action repository 'actions/upload-artifact@v3' (SHA:83fd05a356d7e2593de66fc9913b3002723633cb)
2022-12-27T11:19:22.5368670Z ##[group]Run echo '{
2022-12-27T11:19:22.5369320Z [36;1mecho '{[0m
2022-12-27T11:19:22.5369590Z [36;1m  "package_name": "lxml",[0m
2022-12-27T11:19:22.5370050Z [36;1m  "package_url": "https://files.pythonhosted.org/packages/45/ad/7bfdd5a2e5d1fdc7cfdfa1e01c208de1bb5c975d39d8f962d7516d79bd34/lxml-1.0.1.tar.gz",[0m
2022-12-27T11:19:22.5370420Z [36;1m  "package_version": "1.0.1",[0m
2022-12-27T11:19:22.5370640Z [36;1m  "python_version": "3.9",[0m
2022-12-27T11:19:22.5370850Z [36;1m  "use_ccache": "true"[0m
2022-12-27T11:19:22.5371030Z [36;1m}'[0m
2022-12-27T11:19:22.5399530Z shell: /bin/bash -e {0}
2022-12-27T11:19:22.5399760Z ##[endgroup]
2022-12-27T11:19:22.5811360Z {
2022-12-27T11:19:22.5813990Z   "package_name": "lxml",
2022-12-27T11:19:22.5815230Z   "package_url": "https://files.pythonhosted.org/packages/45/ad/7bfdd5a2e5d1fdc7cfdfa1e01c208de1bb5c975d39d8f962d7516d79bd34/lxml-1.0.1.tar.gz",
2022-12-27T11:19:22.5815790Z   "package_version": "1.0.1",
2022-12-27T11:19:22.5816260Z   "python_version": "3.9",
2022-12-27T11:19:22.5816550Z   "use_ccache": "true"
2022-12-27T11:19:22.5816930Z }
2022-12-27T11:19:22.6167910Z ##[group]Run actions/setup-python@v4
2022-12-27T11:19:22.6168400Z with:
2022-12-27T11:19:22.6168740Z   python-version: 3.9
2022-12-27T11:19:22.6169010Z   check-latest: false
2022-12-27T11:19:22.6169880Z   token: ***
2022-12-27T11:19:22.6170220Z   update-environment: true
2022-12-27T11:19:22.6170580Z ##[endgroup]
2022-12-27T11:19:22.8373600Z ##[group]Installed versions
2022-12-27T11:19:22.8430130Z Successfully set up CPython (3.9.16)
2022-12-27T11:19:22.8432380Z ##[endgroup]
2022-12-27T11:19:22.8660080Z ##[group]Run if [ "true" == "true" ]
2022-12-27T11:19:22.8660590Z [36;1mif [ "true" == "true" ][0m
2022-12-27T11:19:22.8661040Z [36;1mthen[0m
2022-12-27T11:19:22.8661450Z [36;1m  echo "CCACHE_PATH_PREPEND=/usr/local/opt/ccache/libexec" >> $GITHUB_OUTPUT[0m
2022-12-27T11:19:22.8661780Z [36;1melse[0m
2022-12-27T11:19:22.8662140Z [36;1m  echo "CCACHE_PATH_PREPEND=" >> $GITHUB_OUTPUT[0m
2022-12-27T11:19:22.8662610Z [36;1mfi[0m
2022-12-27T11:19:22.8691900Z shell: /bin/bash -e {0}
2022-12-27T11:19:22.8692180Z env:
2022-12-27T11:19:22.8692570Z   pythonLocation: /Users/runner/hostedtoolcache/Python/3.9.16/x64
2022-12-27T11:19:22.8693140Z   PKG_CONFIG_PATH: /Users/runner/hostedtoolcache/Python/3.9.16/x64/lib/pkgconfig
2022-12-27T11:19:22.8693530Z   Python_ROOT_DIR: /Users/runner/hostedtoolcache/Python/3.9.16/x64
2022-12-27T11:19:22.8693970Z   Python2_ROOT_DIR: /Users/runner/hostedtoolcache/Python/3.9.16/x64
2022-12-27T11:19:22.8694510Z   Python3_ROOT_DIR: /Users/runner/hostedtoolcache/Python/3.9.16/x64
2022-12-27T11:19:22.8695460Z ##[endgroup]
2022-12-27T11:19:22.9069240Z ##[group]Run echo "BUILD_NAME=$(echo lxml_1.0.1_3.9 | tr -dc '[:alnum:]\n\r' | tr '[:upper:]' '[:lower:]')" >> $GITHUB_OUTPUT
2022-12-27T11:19:22.9069850Z [36;1mecho "BUILD_NAME=$(echo lxml_1.0.1_3.9 | tr -dc '[:alnum:]\n\r' | tr '[:upper:]' '[:lower:]')" >> $GITHUB_OUTPUT[0m
2022-12-27T11:19:22.9097380Z shell: /bin/bash -e {0}
2022-12-27T11:19:22.9097700Z env:
2022-12-27T11:19:22.9097980Z   pythonLocation: /Users/runner/hostedtoolcache/Python/3.9.16/x64
2022-12-27T11:19:22.9098310Z   PKG_CONFIG_PATH: /Users/runner/hostedtoolcache/Python/3.9.16/x64/lib/pkgconfig
2022-12-27T11:19:22.9098620Z   Python_ROOT_DIR: /Users/runner/hostedtoolcache/Python/3.9.16/x64
2022-12-27T11:19:22.9098920Z   Python2_ROOT_DIR: /Users/runner/hostedtoolcache/Python/3.9.16/x64
2022-12-27T11:19:22.9099210Z   Python3_ROOT_DIR: /Users/runner/hostedtoolcache/Python/3.9.16/x64
2022-12-27T11:19:22.9099500Z ##[endgroup]
2022-12-27T11:19:22.9337680Z ##[group]Run echo "PYTHON_NO_DOTS=$(echo 3.9 | tr -dc '[:alnum:]\n\r' | tr '[:upper:]' '[:lower:]')" >> $GITHUB_OUTPUT
2022-12-27T11:19:22.9338390Z [36;1mecho "PYTHON_NO_DOTS=$(echo 3.9 | tr -dc '[:alnum:]\n\r' | tr '[:upper:]' '[:lower:]')" >> $GITHUB_OUTPUT[0m
2022-12-27T11:19:22.9366690Z shell: /bin/bash -e {0}
2022-12-27T11:19:22.9367000Z env:
2022-12-27T11:19:22.9367450Z   pythonLocation: /Users/runner/hostedtoolcache/Python/3.9.16/x64
2022-12-27T11:19:22.9368620Z   PKG_CONFIG_PATH: /Users/runner/hostedtoolcache/Python/3.9.16/x64/lib/pkgconfig
2022-12-27T11:19:22.9369060Z   Python_ROOT_DIR: /Users/runner/hostedtoolcache/Python/3.9.16/x64
2022-12-27T11:19:22.9369640Z   Python2_ROOT_DIR: /Users/runner/hostedtoolcache/Python/3.9.16/x64
2022-12-27T11:19:22.9370110Z   Python3_ROOT_DIR: /Users/runner/hostedtoolcache/Python/3.9.16/x64
2022-12-27T11:19:22.9370520Z ##[endgroup]
2022-12-27T11:19:22.9644050Z ##[group]Run rm -rf build_lxml10139
2022-12-27T11:19:22.9644650Z [36;1mrm -rf build_lxml10139[0m
2022-12-27T11:19:22.9645010Z [36;1mmkdir build_lxml10139[0m
2022-12-27T11:19:22.9645330Z [36;1mcd build_lxml10139[0m
2022-12-27T11:19:22.9645910Z [36;1m/usr/local/bin/wget --quiet https://files.pythonhosted.org/packages/45/ad/7bfdd5a2e5d1fdc7cfdfa1e01c208de1bb5c975d39d8f962d7516d79bd34/lxml-1.0.1.tar.gz[0m
2022-12-27T11:19:22.9646390Z [36;1mtar xf *.tar.gz[0m
2022-12-27T11:19:22.9646630Z [36;1mcd *[0m
2022-12-27T11:19:22.9646960Z [36;1mpython -m pip install cibuildwheel==2.11.3[0m
2022-12-27T11:19:22.9647440Z [36;1mpython -m cibuildwheel --output-dir ../wheelsout[0m
2022-12-27T11:19:22.9674160Z shell: /bin/bash -e {0}
2022-12-27T11:19:22.9674410Z env:
2022-12-27T11:19:22.9674760Z   pythonLocation: /Users/runner/hostedtoolcache/Python/3.9.16/x64
2022-12-27T11:19:22.9675290Z   PKG_CONFIG_PATH: /Users/runner/hostedtoolcache/Python/3.9.16/x64/lib/pkgconfig
2022-12-27T11:19:22.9675780Z   Python_ROOT_DIR: /Users/runner/hostedtoolcache/Python/3.9.16/x64
2022-12-27T11:19:22.9676140Z   Python2_ROOT_DIR: /Users/runner/hostedtoolcache/Python/3.9.16/x64
2022-12-27T11:19:22.9676580Z   Python3_ROOT_DIR: /Users/runner/hostedtoolcache/Python/3.9.16/x64
2022-12-27T11:19:22.9677000Z   CIBW_ARCHS_MACOS: arm64
2022-12-27T11:19:22.9677320Z   CIBW_TEST_SKIP: *_arm64
2022-12-27T11:19:22.9677760Z   CIBW_BUILD: cp39-macosx_arm64
2022-12-27T11:19:22.9678190Z   CIBW_BUILD_FRONTEND: pip
2022-12-27T11:19:22.9678820Z   CIBW_BUILD_VERBOSITY: 3
2022-12-27T11:19:22.9679460Z   CIBW_ENVIRONMENT_MACOS:  CFLAGS="-I/usr/local/opt/openssl@3/include" LDFLAGS="-L/usr/local/opt/openssl@3/lib" CPPFLAGS="-I/usr/local/opt/openssl@3/include" MAKEFLAGS="-j$(sysctl -n hw.logicalcpu)" PATH=/usr/local/opt/ccache/libexec:$PATH
2022-12-27T11:19:22.9680420Z   CIBW_BEFORE_BUILD: pip install Cython; if [[ -f requirements.txt ]]; then pip install -r requirements.txt; fi
2022-12-27T11:19:22.9681060Z   MAKEFLAGS: -j$(sysctl -n hw.logicalcpu)
2022-12-27T11:19:22.9681490Z ##[endgroup]
2022-12-27T11:19:23.5233820Z Requirement already satisfied: cibuildwheel==2.11.3 in /Users/runner/hostedtoolcache/Python/3.9.16/x64/lib/python3.9/site-packages (2.11.3)
2022-12-27T11:19:23.5640300Z Requirement already satisfied: platformdirs in /Users/runner/hostedtoolcache/Python/3.9.16/x64/lib/python3.9/site-packages (from cibuildwheel==2.11.3) (2.6.0)
2022-12-27T11:19:23.5644830Z Requirement already satisfied: bracex in /Users/runner/hostedtoolcache/Python/3.9.16/x64/lib/python3.9/site-packages (from cibuildwheel==2.11.3) (2.3.post1)
2022-12-27T11:19:23.5653620Z Requirement already satisfied: tomli in /Users/runner/hostedtoolcache/Python/3.9.16/x64/lib/python3.9/site-packages (from cibuildwheel==2.11.3) (2.0.1)
2022-12-27T11:19:23.5661240Z Requirement already satisfied: packaging>=20.9 in /Users/runner/hostedtoolcache/Python/3.9.16/x64/lib/python3.9/site-packages (from cibuildwheel==2.11.3) (22.0)
2022-12-27T11:19:23.5676010Z Requirement already satisfied: typing-extensions>=4.1.0 in /Users/runner/hostedtoolcache/Python/3.9.16/x64/lib/python3.9/site-packages (from cibuildwheel==2.11.3) (4.4.0)
2022-12-27T11:19:23.5682360Z Requirement already satisfied: bashlex!=0.13 in /Users/runner/hostedtoolcache/Python/3.9.16/x64/lib/python3.9/site-packages (from cibuildwheel==2.11.3) (0.16)
2022-12-27T11:19:23.5687050Z Requirement already satisfied: certifi in /Users/runner/hostedtoolcache/Python/3.9.16/x64/lib/python3.9/site-packages (from cibuildwheel==2.11.3) (2022.12.7)
2022-12-27T11:19:23.5691420Z Requirement already satisfied: filelock in /Users/runner/hostedtoolcache/Python/3.9.16/x64/lib/python3.9/site-packages (from cibuildwheel==2.11.3) (3.8.2)
2022-12-27T11:19:23.8524350Z 
2022-12-27T11:19:23.8525920Z      _ _       _ _   _       _           _
2022-12-27T11:19:23.8526980Z  ___|_| |_ _ _|_| |_| |_ _ _| |_ ___ ___| |
2022-12-27T11:19:23.8528190Z |  _| | . | | | | | . | | | |   | -_| -_| |
2022-12-27T11:19:23.8528800Z |___|_|___|___|_|_|___|_____|_|_|___|___|_|
2022-12-27T11:19:23.8530120Z 
2022-12-27T11:19:23.8530680Z cibuildwheel version 2.11.3
2022-12-27T11:19:23.8530910Z 
2022-12-27T11:19:23.8531070Z Build options:
2022-12-27T11:19:23.8531420Z   platform: macos
2022-12-27T11:19:23.8583290Z   architectures: arm64[0m
2022-12-27T11:19:23.8584700Z   build_selector: 
2022-12-27T11:19:23.8587210Z     build_config: cp39-macosx_arm64
2022-12-27T11:19:23.8588370Z     skip_config: 
2022-12-27T11:19:23.8590010Z     requires_python: None
2022-12-27T11:19:23.8591420Z     prerelease_pythons: False[0m
2022-12-27T11:19:23.8593410Z   [38;5;244mcontainer_engine: docker[0m
2022-12-27T11:19:23.8594760Z   output_dir: /Users/runner/actions-runner/_work/python.build/python.build/build_lxml10139/wheelsout[0m
2022-12-27T11:19:23.8596230Z   package_dir: /Users/runner/actions-runner/_work/python.build/python.build/build_lxml10139/lxml-1.0.1[0m
2022-12-27T11:19:23.8596860Z   test_selector: 
2022-12-27T11:19:23.8597400Z     skip_config: *_arm64[0m
2022-12-27T11:19:23.8598460Z   [38;5;244mbefore_all: [0m
2022-12-27T11:19:23.8599300Z   before_build: pip install Cython; if [[ -f requirements.txt ]]; then pip install -r requirements.txt; fi[0m
2022-12-27T11:19:23.8599860Z   [38;5;244mbefore_test: [0m
2022-12-27T11:19:23.8600240Z   [38;5;244mbuild_frontend: pip[0m
2022-12-27T11:19:23.8600820Z   build_verbosity: 3[0m
2022-12-27T11:19:23.8601280Z   [38;5;244mconfig_settings: [0m
2022-12-27T11:19:23.8601710Z   [38;5;244mdependency_constraints: pinned[0m
2022-12-27T11:19:23.8602090Z   environment: 
2022-12-27T11:19:23.8602550Z     CFLAGS="-I/usr/local/opt/openssl@3/include"
2022-12-27T11:19:23.8603260Z     LDFLAGS="-L/usr/local/opt/openssl@3/lib"
2022-12-27T11:19:23.8603790Z     CPPFLAGS="-I/usr/local/opt/openssl@3/include"
2022-12-27T11:19:23.8604280Z     MAKEFLAGS="-j$(sysctl -n hw.logicalcpu)"
2022-12-27T11:19:23.8604780Z     PATH=/usr/local/opt/ccache/libexec:$PATH[0m
2022-12-27T11:19:23.8605180Z   [38;5;244mmanylinux_images: None[0m
2022-12-27T11:19:23.8605820Z   [38;5;244mmusllinux_images: None[0m
2022-12-27T11:19:23.8606410Z   [38;5;244mrepair_command: delocate-wheel --require-archs {delocate_archs} -w {dest_dir} -v {wheel}[0m
2022-12-27T11:19:23.8607510Z   [38;5;244mtest_command: [0m
2022-12-27T11:19:23.8607930Z   [38;5;244mtest_extras: [0m
2022-12-27T11:19:23.8608500Z   [38;5;244mtest_requires: [0m
2022-12-27T11:19:23.8608710Z 
2022-12-27T11:19:23.8608850Z Cache folder: /Users/runner/Library/Caches/cibuildwheel
2022-12-27T11:19:23.8613660Z 
2022-12-27T11:19:23.8614140Z Here we go!
2022-12-27T11:19:23.8614470Z 
2022-12-27T11:19:23.8782390Z 
2022-12-27T11:19:23.8783660Z [1m[34mBuilding cp39-macosx_arm64 wheel[0m
2022-12-27T11:19:23.8784170Z CPython 3.9 macOS arm64 - Apple Silicon
2022-12-27T11:19:23.8784400Z 
2022-12-27T11:19:23.8788910Z ##[group]Installing Python cp39...
2022-12-27T11:19:23.8789380Z 
2022-12-27T11:19:23.8790360Z + pkgutil --pkgs
2022-12-27T11:19:23.8981680Z ##[endgroup]
2022-12-27T11:19:23.8983400Z                                                               [32mâœ“ [0m0.02s
2022-12-27T11:19:23.8984080Z ##[group]Setting up build environment...
2022-12-27T11:19:23.8984470Z 
2022-12-27T11:19:23.9017110Z + /Users/runner/hostedtoolcache/Python/3.9.16/x64/bin/python -sS /Users/runner/Library/Caches/cibuildwheel/virtualenv-20.17.0.pyz --activators= --no-periodic-update --pip=22.3.1 --setuptools=65.6.3 --wheel=0.38.4 --symlink-app-data --python /Library/Frameworks/Python.framework/Versions/3.9/bin/python3 /private/var/folders/51/hd414ycd67n82196sw51xqtc0000gn/T/cibw-run-vfymbu2j/cp39-macosx_arm64/build/venv
2022-12-27T11:19:24.2186400Z created virtual environment CPython3.9.13.final.0-64 in 82ms
2022-12-27T11:19:24.2188240Z   creator CPython3Posix(dest=/private/var/folders/51/hd414ycd67n82196sw51xqtc0000gn/T/cibw-run-vfymbu2j/cp39-macosx_arm64/build/venv, clear=False, no_vcs_ignore=False, global=False)
2022-12-27T11:19:24.2190700Z   seeder FromAppData(download=False, pip=22.3.1, setuptools=65.6.3, wheel=0.38.4, via=symlink, app_data_dir=/Users/runner/Library/Application Support/virtualenv)
2022-12-27T11:19:24.2192090Z     added seed packages: pip==22.3.1, setuptools==65.6.3, wheel==0.38.4
2022-12-27T11:19:24.2423970Z + python -m pip install --upgrade pip -c /Users/runner/hostedtoolcache/Python/3.9.16/x64/lib/python3.9/site-packages/cibuildwheel/resources/constraints-python39.txt
2022-12-27T11:19:24.7998500Z Requirement already satisfied: pip in ./lib/python3.9/site-packages (22.3.1)
2022-12-27T11:19:25.0934400Z + which pip
2022-12-27T11:19:25.0974690Z /private/var/folders/51/hd414ycd67n82196sw51xqtc0000gn/T/cibw-run-vfymbu2j/cp39-macosx_arm64/build/venv/bin/pip
2022-12-27T11:19:25.0980130Z + pip --version
2022-12-27T11:19:25.4764140Z pip 22.3.1 from /private/var/folders/51/hd414ycd67n82196sw51xqtc0000gn/T/cibw-run-vfymbu2j/cp39-macosx_arm64/build/venv/lib/python3.9/site-packages/pip (python 3.9)
2022-12-27T11:19:25.5341860Z + which pip
2022-12-27T11:19:25.5419180Z + which python
2022-12-27T11:19:25.5470650Z /private/var/folders/51/hd414ycd67n82196sw51xqtc0000gn/T/cibw-run-vfymbu2j/cp39-macosx_arm64/build/venv/bin/python
2022-12-27T11:19:25.5475890Z + python --version
2022-12-27T11:19:25.5572540Z Python 3.9.13
2022-12-27T11:19:25.5576870Z + which python
2022-12-27T11:19:25.5692800Z ##[endgroup]
2022-12-27T11:19:25.5693560Z                                                               [32mâœ“ [0m1.67s
2022-12-27T11:19:25.5694220Z ##[group]Installing build tools...
2022-12-27T11:19:25.5694440Z 
2022-12-27T11:19:25.5695360Z + pip install --upgrade setuptools wheel delocate -c /Users/runner/hostedtoolcache/Python/3.9.16/x64/lib/python3.9/site-packages/cibuildwheel/resources/constraints-python39.txt
2022-12-27T11:19:26.1078550Z Requirement already satisfied: setuptools in /private/var/folders/51/hd414ycd67n82196sw51xqtc0000gn/T/cibw-run-vfymbu2j/cp39-macosx_arm64/build/venv/lib/python3.9/site-packages (65.6.3)
2022-12-27T11:19:26.5256670Z Requirement already satisfied: wheel in /private/var/folders/51/hd414ycd67n82196sw51xqtc0000gn/T/cibw-run-vfymbu2j/cp39-macosx_arm64/build/venv/lib/python3.9/site-packages (0.38.4)
2022-12-27T11:19:26.6207370Z Collecting delocate
2022-12-27T11:19:26.6264090Z   Using cached delocate-0.10.3-py3-none-any.whl (142 kB)
2022-12-27T11:19:26.6844400Z Collecting packaging>=20.9
2022-12-27T11:19:26.6900890Z   Using cached packaging-21.3-py3-none-any.whl (40 kB)
2022-12-27T11:19:26.7239710Z Collecting typing-extensions
2022-12-27T11:19:26.7288730Z   Using cached typing_extensions-4.4.0-py3-none-any.whl (26 kB)
2022-12-27T11:19:26.8026160Z Collecting pyparsing!=3.0.5,>=2.0.2
2022-12-27T11:19:26.8079270Z   Using cached pyparsing-3.0.9-py3-none-any.whl (98 kB)
2022-12-27T11:19:26.8734480Z Installing collected packages: typing-extensions, pyparsing, packaging, delocate
2022-12-27T11:19:27.1263730Z Successfully installed delocate-0.10.3 packaging-21.3 pyparsing-3.0.9 typing-extensions-4.4.0
2022-12-27T11:19:27.2392750Z ##[endgroup]
2022-12-27T11:19:27.2394600Z                                                               [32mâœ“ [0m1.67s
2022-12-27T11:19:27.2395660Z ##[group]Running before_build...
2022-12-27T11:19:27.2396070Z 
2022-12-27T11:19:27.2407150Z + pip install Cython; if [[ -f requirements.txt ]]; then pip install -r requirements.txt; fi
2022-12-27T11:19:28.7800810Z Collecting Cython
2022-12-27T11:19:28.7954870Z   Using cached Cython-0.29.32-py2.py3-none-any.whl (986 kB)
2022-12-27T11:19:28.8754960Z Installing collected packages: Cython
2022-12-27T11:19:29.7229210Z Successfully installed Cython-0.29.32
2022-12-27T11:19:29.8283220Z ##[endgroup]
2022-12-27T11:19:29.8285300Z                                                               [32mâœ“ [0m2.59s
2022-12-27T11:19:29.8286620Z ##[group]Building wheel...
2022-12-27T11:19:29.8287010Z 
2022-12-27T11:19:29.8292240Z + python -m pip wheel /Users/runner/actions-runner/_work/python.build/python.build/build_lxml10139/lxml-1.0.1 --wheel-dir=/private/var/folders/51/hd414ycd67n82196sw51xqtc0000gn/T/cibw-run-vfymbu2j/cp39-macosx_arm64/built_wheel --no-deps -vvv
2022-12-27T11:19:30.2905890Z Created temporary directory: /private/var/folders/51/hd414ycd67n82196sw51xqtc0000gn/T/pip-ephem-wheel-cache-virjmbcp
2022-12-27T11:19:30.2913790Z Created temporary directory: /private/var/folders/51/hd414ycd67n82196sw51xqtc0000gn/T/pip-build-tracker-7cdsj1zz
2022-12-27T11:19:30.2915290Z Initialized build tracking at /private/var/folders/51/hd414ycd67n82196sw51xqtc0000gn/T/pip-build-tracker-7cdsj1zz
2022-12-27T11:19:30.2917900Z Created build tracker: /private/var/folders/51/hd414ycd67n82196sw51xqtc0000gn/T/pip-build-tracker-7cdsj1zz
2022-12-27T11:19:30.2920700Z Entered build tracker: /private/var/folders/51/hd414ycd67n82196sw51xqtc0000gn/T/pip-build-tracker-7cdsj1zz
2022-12-27T11:19:30.2926730Z Created temporary directory: /private/var/folders/51/hd414ycd67n82196sw51xqtc0000gn/T/pip-wheel-h4j054_8
2022-12-27T11:19:30.2938460Z Created temporary directory: /private/var/folders/51/hd414ycd67n82196sw51xqtc0000gn/T/pip-ephem-wheel-cache-heco02pa
2022-12-27T11:19:30.3297270Z Processing /Users/runner/actions-runner/_work/python.build/python.build/build_lxml10139/lxml-1.0.1
2022-12-27T11:19:30.3303620Z   Added file:///Users/runner/actions-runner/_work/python.build/python.build/build_lxml10139/lxml-1.0.1 to build tracker '/private/var/folders/51/hd414ycd67n82196sw51xqtc0000gn/T/pip-build-tracker-7cdsj1zz'
2022-12-27T11:19:30.3310760Z   Running setup.py (path:/Users/runner/actions-runner/_work/python.build/python.build/build_lxml10139/lxml-1.0.1/setup.py) egg_info for package from file:///Users/runner/actions-runner/_work/python.build/python.build/build_lxml10139/lxml-1.0.1
2022-12-27T11:19:30.3316300Z   Created temporary directory: /private/var/folders/51/hd414ycd67n82196sw51xqtc0000gn/T/pip-pip-egg-info-ltlg8rfs
2022-12-27T11:19:30.3319050Z   Preparing metadata (setup.py): started
2022-12-27T11:19:30.3322510Z   Running command python setup.py egg_info
2022-12-27T11:19:30.5911230Z   Traceback (most recent call last):
2022-12-27T11:19:30.5931610Z     File "<string>", line 2, in <module>
2022-12-27T11:19:30.5933340Z     File "<pip-setuptools-caller>", line 34, in <module>
2022-12-27T11:19:30.5934710Z     File "/Users/runner/actions-runner/_work/python.build/python.build/build_lxml10139/lxml-1.0.1/setup.py", line 22
2022-12-27T11:19:30.5936920Z       raise NotImplementedError, \
2022-12-27T11:19:30.5937500Z                                ^
2022-12-27T11:19:30.5938320Z   SyntaxError: invalid syntax
2022-12-27T11:19:30.6222580Z   error: subprocess-exited-with-error
2022-12-27T11:19:30.6223870Z   
2022-12-27T11:19:30.6224920Z   Ã— python setup.py egg_info did not run successfully.
2022-12-27T11:19:30.6225760Z   â”‚ exit code: 1
2022-12-27T11:19:30.6227190Z   â•°â”€> See above for output.
2022-12-27T11:19:30.6227850Z   
2022-12-27T11:19:30.6228810Z   note: This error originates from a subprocess, and is likely not a problem with pip.
2022-12-27T11:19:30.6238150Z   full command: /private/var/folders/51/hd414ycd67n82196sw51xqtc0000gn/T/cibw-run-vfymbu2j/cp39-macosx_arm64/build/venv/bin/python -c '
2022-12-27T11:19:30.6238840Z   exec(compile('"'"''"'"''"'"'
2022-12-27T11:19:30.6239380Z   # This is <pip-setuptools-caller> -- a caller that pip uses to run setup.py
2022-12-27T11:19:30.6239700Z   #
2022-12-27T11:19:30.6240260Z   # - It imports setuptools before invoking setup.py, to enable projects that directly
2022-12-27T11:19:30.6240820Z   #   import from `distutils.core` to work with newer packaging standards.
2022-12-27T11:19:30.6241500Z   # - It provides a clear error message when setuptools is not installed.
2022-12-27T11:19:30.6242020Z   # - It sets `sys.argv[0]` to the underlying `setup.py`, when invoking `setup.py` so
2022-12-27T11:19:30.6242680Z   #   setuptools doesn'"'"'t think the script is `-c`. This avoids the following warning:
2022-12-27T11:19:30.6243260Z   #     manifest_maker: standard file '"'"'-c'"'"' not found".
2022-12-27T11:19:30.6243850Z   # - It generates a shim setup.py, for handling setup.cfg-only projects.
2022-12-27T11:19:30.6245280Z   import os, sys, tokenize
2022-12-27T11:19:30.6245630Z   
2022-12-27T11:19:30.6246040Z   try:
2022-12-27T11:19:30.6247370Z       import setuptools
2022-12-27T11:19:30.6248420Z   except ImportError as error:
2022-12-27T11:19:30.6249130Z       print(
2022-12-27T11:19:30.6249790Z           "ERROR: Can not execute `setup.py` since setuptools is not available in "
2022-12-27T11:19:30.6250670Z           "the build environment.",
2022-12-27T11:19:30.6251700Z           file=sys.stderr,
2022-12-27T11:19:30.6252220Z       )
2022-12-27T11:19:30.6252830Z       sys.exit(1)
2022-12-27T11:19:30.6253450Z   
2022-12-27T11:19:30.6253920Z   __file__ = %r
2022-12-27T11:19:30.6254750Z   sys.argv[0] = __file__
2022-12-27T11:19:30.6255380Z   
2022-12-27T11:19:30.6255880Z   if os.path.exists(__file__):
2022-12-27T11:19:30.6256590Z       filename = __file__
2022-12-27T11:19:30.6257320Z       with tokenize.open(__file__) as f:
2022-12-27T11:19:30.6258110Z           setup_py_code = f.read()
2022-12-27T11:19:30.6258770Z   else:
2022-12-27T11:19:30.6259740Z       filename = "<auto-generated setuptools caller>"
2022-12-27T11:19:30.6260510Z       setup_py_code = "from setuptools import setup; setup()"
2022-12-27T11:19:30.6261260Z   
2022-12-27T11:19:30.6262160Z   exec(compile(setup_py_code, filename, "exec"))
2022-12-27T11:19:30.6263960Z   '"'"''"'"''"'"' % ('"'"'/Users/runner/actions-runner/_work/python.build/python.build/build_lxml10139/lxml-1.0.1/setup.py'"'"',), "<pip-setuptools-caller>", "exec"))' egg_info --egg-base /private/var/folders/51/hd414ycd67n82196sw51xqtc0000gn/T/pip-pip-egg-info-ltlg8rfs
2022-12-27T11:19:30.6265500Z   cwd: /Users/runner/actions-runner/_work/python.build/python.build/build_lxml10139/lxml-1.0.1/
2022-12-27T11:19:30.6266720Z   Preparing metadata (setup.py): finished with status 'error'
2022-12-27T11:19:30.6280640Z error: metadata-generation-failed
2022-12-27T11:19:30.6281180Z 
2022-12-27T11:19:30.6281890Z Ã— Encountered error while generating package metadata.
2022-12-27T11:19:30.6282690Z â•°â”€> See above for output.
2022-12-27T11:19:30.6283110Z 
2022-12-27T11:19:30.6283590Z note: This is an issue with the package mentioned above, not pip.
2022-12-27T11:19:30.6284730Z hint: See above for details.
2022-12-27T11:19:30.6328850Z Exception information:
2022-12-27T11:19:30.6330120Z Traceback (most recent call last):
2022-12-27T11:19:30.6333970Z   File "/private/var/folders/51/hd414ycd67n82196sw51xqtc0000gn/T/cibw-run-vfymbu2j/cp39-macosx_arm64/build/venv/lib/python3.9/site-packages/pip/_internal/operations/build/metadata_legacy.py", line 64, in generate_metadata
2022-12-27T11:19:30.6334650Z     call_subprocess(
2022-12-27T11:19:30.6336000Z   File "/private/var/folders/51/hd414ycd67n82196sw51xqtc0000gn/T/cibw-run-vfymbu2j/cp39-macosx_arm64/build/venv/lib/python3.9/site-packages/pip/_internal/utils/subprocess.py", line 224, in call_subprocess
2022-12-27T11:19:30.6463980Z     raise error
2022-12-27T11:19:30.6464490Z pip._internal.exceptions.InstallationSubprocessError: python setup.py egg_info exited with 1
2022-12-27T11:19:30.6464820Z 
2022-12-27T11:19:30.6465280Z The above exception was the direct cause of the following exception:
2022-12-27T11:19:30.6466440Z 
2022-12-27T11:19:30.6466630Z Traceback (most recent call last):
2022-12-27T11:19:30.6467950Z   File "/private/var/folders/51/hd414ycd67n82196sw51xqtc0000gn/T/cibw-run-vfymbu2j/cp39-macosx_arm64/build/venv/lib/python3.9/site-packages/pip/_internal/cli/base_command.py", line 160, in exc_logging_wrapper
2022-12-27T11:19:30.6468960Z     status = run_func(*args)
2022-12-27T11:19:30.6469740Z   File "/private/var/folders/51/hd414ycd67n82196sw51xqtc0000gn/T/cibw-run-vfymbu2j/cp39-macosx_arm64/build/venv/lib/python3.9/site-packages/pip/_internal/cli/req_command.py", line 247, in wrapper
2022-12-27T11:19:30.6470300Z     return func(self, options, args)
2022-12-27T11:19:30.6471140Z   File "/private/var/folders/51/hd414ycd67n82196sw51xqtc0000gn/T/cibw-run-vfymbu2j/cp39-macosx_arm64/build/venv/lib/python3.9/site-packages/pip/_internal/commands/wheel.py", line 170, in run
2022-12-27T11:19:30.6471820Z     requirement_set = resolver.resolve(reqs, check_supported_wheels=True)
2022-12-27T11:19:30.6473500Z   File "/private/var/folders/51/hd414ycd67n82196sw51xqtc0000gn/T/cibw-run-vfymbu2j/cp39-macosx_arm64/build/venv/lib/python3.9/site-packages/pip/_internal/resolution/resolvelib/resolver.py", line 73, in resolve
2022-12-27T11:19:30.6474050Z     collected = self.factory.collect_root_requirements(root_reqs)
2022-12-27T11:19:30.6474950Z   File "/private/var/folders/51/hd414ycd67n82196sw51xqtc0000gn/T/cibw-run-vfymbu2j/cp39-macosx_arm64/build/venv/lib/python3.9/site-packages/pip/_internal/resolution/resolvelib/factory.py", line 491, in collect_root_requirements
2022-12-27T11:19:30.6475530Z     req = self._make_requirement_from_install_req(
2022-12-27T11:19:30.6476420Z   File "/private/var/folders/51/hd414ycd67n82196sw51xqtc0000gn/T/cibw-run-vfymbu2j/cp39-macosx_arm64/build/venv/lib/python3.9/site-packages/pip/_internal/resolution/resolvelib/factory.py", line 453, in _make_requirement_from_install_req
2022-12-27T11:19:30.6477020Z     cand = self._make_candidate_from_link(
2022-12-27T11:19:30.6477860Z   File "/private/var/folders/51/hd414ycd67n82196sw51xqtc0000gn/T/cibw-run-vfymbu2j/cp39-macosx_arm64/build/venv/lib/python3.9/site-packages/pip/_internal/resolution/resolvelib/factory.py", line 206, in _make_candidate_from_link
2022-12-27T11:19:30.6478400Z     self._link_candidate_cache[link] = LinkCandidate(
2022-12-27T11:19:30.6479340Z   File "/private/var/folders/51/hd414ycd67n82196sw51xqtc0000gn/T/cibw-run-vfymbu2j/cp39-macosx_arm64/build/venv/lib/python3.9/site-packages/pip/_internal/resolution/resolvelib/candidates.py", line 297, in __init__
2022-12-27T11:19:30.6479880Z     super().__init__(
2022-12-27T11:19:30.6480650Z   File "/private/var/folders/51/hd414ycd67n82196sw51xqtc0000gn/T/cibw-run-vfymbu2j/cp39-macosx_arm64/build/venv/lib/python3.9/site-packages/pip/_internal/resolution/resolvelib/candidates.py", line 162, in __init__
2022-12-27T11:19:30.6481200Z     self.dist = self._prepare()
2022-12-27T11:19:30.6481990Z   File "/private/var/folders/51/hd414ycd67n82196sw51xqtc0000gn/T/cibw-run-vfymbu2j/cp39-macosx_arm64/build/venv/lib/python3.9/site-packages/pip/_internal/resolution/resolvelib/candidates.py", line 231, in _prepare
2022-12-27T11:19:30.6482500Z     dist = self._prepare_distribution()
2022-12-27T11:19:30.6483800Z   File "/private/var/folders/51/hd414ycd67n82196sw51xqtc0000gn/T/cibw-run-vfymbu2j/cp39-macosx_arm64/build/venv/lib/python3.9/site-packages/pip/_internal/resolution/resolvelib/candidates.py", line 308, in _prepare_distribution
2022-12-27T11:19:30.6484430Z     return preparer.prepare_linked_requirement(self._ireq, parallel_builds=True)
2022-12-27T11:19:30.6485280Z   File "/private/var/folders/51/hd414ycd67n82196sw51xqtc0000gn/T/cibw-run-vfymbu2j/cp39-macosx_arm64/build/venv/lib/python3.9/site-packages/pip/_internal/operations/prepare.py", line 491, in prepare_linked_requirement
2022-12-27T11:19:30.6485890Z     return self._prepare_linked_requirement(req, parallel_builds)
2022-12-27T11:19:30.6486740Z   File "/private/var/folders/51/hd414ycd67n82196sw51xqtc0000gn/T/cibw-run-vfymbu2j/cp39-macosx_arm64/build/venv/lib/python3.9/site-packages/pip/_internal/operations/prepare.py", line 577, in _prepare_linked_requirement
2022-12-27T11:19:30.6487180Z     dist = _get_prepared_distribution(
2022-12-27T11:19:30.6487920Z   File "/private/var/folders/51/hd414ycd67n82196sw51xqtc0000gn/T/cibw-run-vfymbu2j/cp39-macosx_arm64/build/venv/lib/python3.9/site-packages/pip/_internal/operations/prepare.py", line 69, in _get_prepared_distribution
2022-12-27T11:19:30.6488610Z     abstract_dist.prepare_distribution_metadata(
2022-12-27T11:19:30.6489450Z   File "/private/var/folders/51/hd414ycd67n82196sw51xqtc0000gn/T/cibw-run-vfymbu2j/cp39-macosx_arm64/build/venv/lib/python3.9/site-packages/pip/_internal/distributions/sdist.py", line 61, in prepare_distribution_metadata
2022-12-27T11:19:30.6490010Z     self.req.prepare_metadata()
2022-12-27T11:19:30.6490970Z   File "/private/var/folders/51/hd414ycd67n82196sw51xqtc0000gn/T/cibw-run-vfymbu2j/cp39-macosx_arm64/build/venv/lib/python3.9/site-packages/pip/_internal/req/req_install.py", line 541, in prepare_metadata
2022-12-27T11:19:30.6491640Z     self.metadata_directory = generate_metadata_legacy(
2022-12-27T11:19:30.6492460Z   File "/private/var/folders/51/hd414ycd67n82196sw51xqtc0000gn/T/cibw-run-vfymbu2j/cp39-macosx_arm64/build/venv/lib/python3.9/site-packages/pip/_internal/operations/build/metadata_legacy.py", line 71, in generate_metadata
2022-12-27T11:19:30.6493110Z     raise MetadataGenerationFailed(package_details=details) from error
2022-12-27T11:19:30.6493590Z pip._internal.exceptions.MetadataGenerationFailed: metadata generation failed
2022-12-27T11:19:30.6494340Z Removed file:///Users/runner/actions-runner/_work/python.build/python.build/build_lxml10139/lxml-1.0.1 from build tracker '/private/var/folders/51/hd414ycd67n82196sw51xqtc0000gn/T/pip-build-tracker-7cdsj1zz'
2022-12-27T11:19:30.6495110Z Removed build tracker: '/private/var/folders/51/hd414ycd67n82196sw51xqtc0000gn/T/pip-build-tracker-7cdsj1zz'
2022-12-27T11:19:30.7187380Z ##[endgroup]
2022-12-27T11:19:30.7234350Z ##[error]Command ['python', '-m', 'pip', 'wheel', '/Users/runner/actions-runner/_work/python.build/python.build/build_lxml10139/lxml-1.0.1', '--wheel-dir=/private/var/folders/51/hd414ycd67n82196sw51xqtc0000gn/T/cibw-run-vfymbu2j/cp39-macosx_arm64/built_wheel', '--no-deps', '-vvv'] failed with code 1. None
2022-12-27T11:19:30.7246050Z 
2022-12-27T11:19:30.7246810Z                                                               [31mâœ• [0m0.89s
2022-12-27T11:19:30.8138710Z ##[error]Process completed with exit code 1.
2022-12-27T11:19:30.8214700Z ##[group]Run rm -rf build_lxml10139 wheelsout
2022-12-27T11:19:30.8215040Z [36;1mrm -rf build_lxml10139 wheelsout[0m
2022-12-27T11:19:30.8242460Z shell: /bin/bash -e {0}
2022-12-27T11:19:30.8242750Z env:
2022-12-27T11:19:30.8243110Z   pythonLocation: /Users/runner/hostedtoolcache/Python/3.9.16/x64
2022-12-27T11:19:30.8243500Z   PKG_CONFIG_PATH: /Users/runner/hostedtoolcache/Python/3.9.16/x64/lib/pkgconfig
2022-12-27T11:19:30.8243940Z   Python_ROOT_DIR: /Users/runner/hostedtoolcache/Python/3.9.16/x64
2022-12-27T11:19:30.8244380Z   Python2_ROOT_DIR: /Users/runner/hostedtoolcache/Python/3.9.16/x64
2022-12-27T11:19:30.8244700Z   Python3_ROOT_DIR: /Users/runner/hostedtoolcache/Python/3.9.16/x64
2022-12-27T11:19:30.8245390Z ##[endgroup]
2022-12-27T11:19:30.8741670Z Cleaning up orphan processes
