2022-12-27T08:47:19.8381436Z Requested labels: self-hosted, macOS, X64
2022-12-27T08:47:19.8381563Z Job defined at: kilnbuild/python.build/.github/workflows/mac_arm_build.yml@refs/heads/main
2022-12-27T08:47:19.8381593Z Waiting for a runner to pick up this job...
2022-12-27T11:10:38.4310086Z Job is about to start running on the runner: k1 (organization)
2022-12-27T11:10:41.2080480Z Current runner version: '2.300.2'
2022-12-27T11:10:41.2086120Z Runner name: 'k1'
2022-12-27T11:10:41.2086360Z Runner group name: 'Default'
2022-12-27T11:10:41.2086860Z Machine name: 'k1'
2022-12-27T11:10:41.2088340Z ##[group]GITHUB_TOKEN Permissions
2022-12-27T11:10:41.2088760Z Actions: write
2022-12-27T11:10:41.2088900Z Checks: write
2022-12-27T11:10:41.2089030Z Contents: write
2022-12-27T11:10:41.2089170Z Deployments: write
2022-12-27T11:10:41.2089310Z Discussions: write
2022-12-27T11:10:41.2089450Z Issues: write
2022-12-27T11:10:41.2089570Z Metadata: read
2022-12-27T11:10:41.2089710Z Packages: write
2022-12-27T11:10:41.2089850Z Pages: write
2022-12-27T11:10:41.2089980Z PullRequests: write
2022-12-27T11:10:41.2090150Z RepositoryProjects: write
2022-12-27T11:10:41.2090310Z SecurityEvents: write
2022-12-27T11:10:41.2090510Z Statuses: write
2022-12-27T11:10:41.2090650Z ##[endgroup]
2022-12-27T11:10:41.2093380Z Secret source: Actions
2022-12-27T11:10:41.2093710Z Prepare workflow directory
2022-12-27T11:10:41.2759200Z Prepare all required actions
2022-12-27T11:10:41.2880390Z Getting action download info
2022-12-27T11:10:41.7268930Z Download action repository 'actions/setup-python@v4' (SHA:5ccb29d8773c3f3f653e1705f474dfaa8a06a912)
2022-12-27T11:10:43.5888150Z Download action repository 'actions/upload-artifact@v3' (SHA:83fd05a356d7e2593de66fc9913b3002723633cb)
2022-12-27T11:10:44.9229420Z ##[group]Run echo '{
2022-12-27T11:10:44.9229720Z [36;1mecho '{[0m
2022-12-27T11:10:44.9229850Z [36;1m  "package_name": "lxml",[0m
2022-12-27T11:10:44.9230130Z [36;1m  "package_url": "https://files.pythonhosted.org/packages/66/45/f11fc376f784c6f2e77ffc7a9d02374ff3ceb07ede8c56f918939409577c/lxml-3.7.2.tar.gz",[0m
2022-12-27T11:10:44.9230350Z [36;1m  "package_version": "3.7.2",[0m
2022-12-27T11:10:44.9230490Z [36;1m  "python_version": "3.9",[0m
2022-12-27T11:10:44.9230600Z [36;1m  "use_ccache": "true"[0m
2022-12-27T11:10:44.9230720Z [36;1m}'[0m
2022-12-27T11:10:44.9246430Z shell: /bin/bash -e {0}
2022-12-27T11:10:44.9246610Z ##[endgroup]
2022-12-27T11:10:44.9464300Z {
2022-12-27T11:10:44.9465710Z   "package_name": "lxml",
2022-12-27T11:10:44.9466370Z   "package_url": "https://files.pythonhosted.org/packages/66/45/f11fc376f784c6f2e77ffc7a9d02374ff3ceb07ede8c56f918939409577c/lxml-3.7.2.tar.gz",
2022-12-27T11:10:44.9466660Z   "package_version": "3.7.2",
2022-12-27T11:10:44.9466970Z   "python_version": "3.9",
2022-12-27T11:10:44.9467130Z   "use_ccache": "true"
2022-12-27T11:10:44.9467310Z }
2022-12-27T11:10:44.9677120Z ##[group]Run actions/setup-python@v4
2022-12-27T11:10:44.9677330Z with:
2022-12-27T11:10:44.9677570Z   python-version: 3.9
2022-12-27T11:10:44.9677760Z   check-latest: false
2022-12-27T11:10:44.9678030Z   token: ***
2022-12-27T11:10:44.9678210Z   update-environment: true
2022-12-27T11:10:44.9678430Z ##[endgroup]
2022-12-27T11:10:45.0872280Z ##[group]Installed versions
2022-12-27T11:10:45.0976490Z Successfully set up CPython (3.9.16)
2022-12-27T11:10:45.0977160Z ##[endgroup]
2022-12-27T11:10:45.1117020Z ##[group]Run if [ "true" == "true" ]
2022-12-27T11:10:45.1117420Z [36;1mif [ "true" == "true" ][0m
2022-12-27T11:10:45.1117610Z [36;1mthen[0m
2022-12-27T11:10:45.1117790Z [36;1m  echo "CCACHE_PATH_PREPEND=/usr/local/opt/ccache/libexec" >> $GITHUB_OUTPUT[0m
2022-12-27T11:10:45.1118000Z [36;1melse[0m
2022-12-27T11:10:45.1118260Z [36;1m  echo "CCACHE_PATH_PREPEND=" >> $GITHUB_OUTPUT[0m
2022-12-27T11:10:45.1118420Z [36;1mfi[0m
2022-12-27T11:10:45.1134740Z shell: /bin/bash -e {0}
2022-12-27T11:10:45.1135020Z env:
2022-12-27T11:10:45.1135210Z   pythonLocation: /Users/runner/hostedtoolcache/Python/3.9.16/x64
2022-12-27T11:10:45.1135480Z   PKG_CONFIG_PATH: /Users/runner/hostedtoolcache/Python/3.9.16/x64/lib/pkgconfig
2022-12-27T11:10:45.1135740Z   Python_ROOT_DIR: /Users/runner/hostedtoolcache/Python/3.9.16/x64
2022-12-27T11:10:45.1136010Z   Python2_ROOT_DIR: /Users/runner/hostedtoolcache/Python/3.9.16/x64
2022-12-27T11:10:45.1136330Z   Python3_ROOT_DIR: /Users/runner/hostedtoolcache/Python/3.9.16/x64
2022-12-27T11:10:45.1136830Z ##[endgroup]
2022-12-27T11:10:45.1245360Z ##[group]Run echo "BUILD_NAME=$(echo lxml_3.7.2_3.9 | tr -dc '[:alnum:]\n\r' | tr '[:upper:]' '[:lower:]')" >> $GITHUB_OUTPUT
2022-12-27T11:10:45.1245760Z [36;1mecho "BUILD_NAME=$(echo lxml_3.7.2_3.9 | tr -dc '[:alnum:]\n\r' | tr '[:upper:]' '[:lower:]')" >> $GITHUB_OUTPUT[0m
2022-12-27T11:10:45.1259600Z shell: /bin/bash -e {0}
2022-12-27T11:10:45.1301900Z env:
2022-12-27T11:10:45.1302170Z   pythonLocation: /Users/runner/hostedtoolcache/Python/3.9.16/x64
2022-12-27T11:10:45.1302450Z   PKG_CONFIG_PATH: /Users/runner/hostedtoolcache/Python/3.9.16/x64/lib/pkgconfig
2022-12-27T11:10:45.1302770Z   Python_ROOT_DIR: /Users/runner/hostedtoolcache/Python/3.9.16/x64
2022-12-27T11:10:45.1302960Z   Python2_ROOT_DIR: /Users/runner/hostedtoolcache/Python/3.9.16/x64
2022-12-27T11:10:45.1303160Z   Python3_ROOT_DIR: /Users/runner/hostedtoolcache/Python/3.9.16/x64
2022-12-27T11:10:45.1303310Z ##[endgroup]
2022-12-27T11:10:45.1410990Z ##[group]Run echo "PYTHON_NO_DOTS=$(echo 3.9 | tr -dc '[:alnum:]\n\r' | tr '[:upper:]' '[:lower:]')" >> $GITHUB_OUTPUT
2022-12-27T11:10:45.1411390Z [36;1mecho "PYTHON_NO_DOTS=$(echo 3.9 | tr -dc '[:alnum:]\n\r' | tr '[:upper:]' '[:lower:]')" >> $GITHUB_OUTPUT[0m
2022-12-27T11:10:45.1424730Z shell: /bin/bash -e {0}
2022-12-27T11:10:45.1424870Z env:
2022-12-27T11:10:45.1425080Z   pythonLocation: /Users/runner/hostedtoolcache/Python/3.9.16/x64
2022-12-27T11:10:45.1425830Z   PKG_CONFIG_PATH: /Users/runner/hostedtoolcache/Python/3.9.16/x64/lib/pkgconfig
2022-12-27T11:10:45.1426100Z   Python_ROOT_DIR: /Users/runner/hostedtoolcache/Python/3.9.16/x64
2022-12-27T11:10:45.1426300Z   Python2_ROOT_DIR: /Users/runner/hostedtoolcache/Python/3.9.16/x64
2022-12-27T11:10:45.1426520Z   Python3_ROOT_DIR: /Users/runner/hostedtoolcache/Python/3.9.16/x64
2022-12-27T11:10:45.1426710Z ##[endgroup]
2022-12-27T11:10:45.1539530Z ##[group]Run rm -rf build_lxml37239
2022-12-27T11:10:45.1539850Z [36;1mrm -rf build_lxml37239[0m
2022-12-27T11:10:45.1540010Z [36;1mmkdir build_lxml37239[0m
2022-12-27T11:10:45.1540200Z [36;1mcd build_lxml37239[0m
2022-12-27T11:10:45.1540520Z [36;1m/usr/local/bin/wget --quiet https://files.pythonhosted.org/packages/66/45/f11fc376f784c6f2e77ffc7a9d02374ff3ceb07ede8c56f918939409577c/lxml-3.7.2.tar.gz[0m
2022-12-27T11:10:45.1540770Z [36;1mtar xf *.tar.gz[0m
2022-12-27T11:10:45.1540910Z [36;1mcd *[0m
2022-12-27T11:10:45.1541090Z [36;1mpython -m pip install cibuildwheel==2.11.3[0m
2022-12-27T11:10:45.1541310Z [36;1mpython -m cibuildwheel --output-dir ../wheelsout[0m
2022-12-27T11:10:45.1554420Z shell: /bin/bash -e {0}
2022-12-27T11:10:45.1554620Z env:
2022-12-27T11:10:45.1554850Z   pythonLocation: /Users/runner/hostedtoolcache/Python/3.9.16/x64
2022-12-27T11:10:45.1555100Z   PKG_CONFIG_PATH: /Users/runner/hostedtoolcache/Python/3.9.16/x64/lib/pkgconfig
2022-12-27T11:10:45.1555470Z   Python_ROOT_DIR: /Users/runner/hostedtoolcache/Python/3.9.16/x64
2022-12-27T11:10:45.1555700Z   Python2_ROOT_DIR: /Users/runner/hostedtoolcache/Python/3.9.16/x64
2022-12-27T11:10:45.1555950Z   Python3_ROOT_DIR: /Users/runner/hostedtoolcache/Python/3.9.16/x64
2022-12-27T11:10:45.1556160Z   CIBW_ARCHS_MACOS: arm64
2022-12-27T11:10:45.1556360Z   CIBW_TEST_SKIP: *_arm64
2022-12-27T11:10:45.1556550Z   CIBW_BUILD: cp39-macosx_arm64
2022-12-27T11:10:45.1556760Z   CIBW_BUILD_FRONTEND: pip
2022-12-27T11:10:45.1556920Z   CIBW_BUILD_VERBOSITY: 3
2022-12-27T11:10:45.1557250Z   CIBW_ENVIRONMENT_MACOS:  CFLAGS="-I/usr/local/opt/openssl@3/include" LDFLAGS="-L/usr/local/opt/openssl@3/lib" CPPFLAGS="-I/usr/local/opt/openssl@3/include" MAKEFLAGS="-j$(sysctl -n hw.logicalcpu)" PATH=/usr/local/opt/ccache/libexec:$PATH
2022-12-27T11:10:45.1557670Z   CIBW_BEFORE_BUILD: pip install Cython; if [[ -f requirements.txt ]]; then pip install -r requirements.txt; fi
2022-12-27T11:10:45.1557930Z   MAKEFLAGS: -j$(sysctl -n hw.logicalcpu)
2022-12-27T11:10:45.1558100Z ##[endgroup]
2022-12-27T11:10:45.6449750Z Requirement already satisfied: cibuildwheel==2.11.3 in /Users/runner/hostedtoolcache/Python/3.9.16/x64/lib/python3.9/site-packages (2.11.3)
2022-12-27T11:10:45.6691480Z Requirement already satisfied: platformdirs in /Users/runner/hostedtoolcache/Python/3.9.16/x64/lib/python3.9/site-packages (from cibuildwheel==2.11.3) (2.6.0)
2022-12-27T11:10:45.6693790Z Requirement already satisfied: certifi in /Users/runner/hostedtoolcache/Python/3.9.16/x64/lib/python3.9/site-packages (from cibuildwheel==2.11.3) (2022.12.7)
2022-12-27T11:10:45.6701850Z Requirement already satisfied: typing-extensions>=4.1.0 in /Users/runner/hostedtoolcache/Python/3.9.16/x64/lib/python3.9/site-packages (from cibuildwheel==2.11.3) (4.4.0)
2022-12-27T11:10:45.6705180Z Requirement already satisfied: filelock in /Users/runner/hostedtoolcache/Python/3.9.16/x64/lib/python3.9/site-packages (from cibuildwheel==2.11.3) (3.8.2)
2022-12-27T11:10:45.6710980Z Requirement already satisfied: packaging>=20.9 in /Users/runner/hostedtoolcache/Python/3.9.16/x64/lib/python3.9/site-packages (from cibuildwheel==2.11.3) (22.0)
2022-12-27T11:10:45.6715560Z Requirement already satisfied: bashlex!=0.13 in /Users/runner/hostedtoolcache/Python/3.9.16/x64/lib/python3.9/site-packages (from cibuildwheel==2.11.3) (0.16)
2022-12-27T11:10:45.6721170Z Requirement already satisfied: tomli in /Users/runner/hostedtoolcache/Python/3.9.16/x64/lib/python3.9/site-packages (from cibuildwheel==2.11.3) (2.0.1)
2022-12-27T11:10:45.6724430Z Requirement already satisfied: bracex in /Users/runner/hostedtoolcache/Python/3.9.16/x64/lib/python3.9/site-packages (from cibuildwheel==2.11.3) (2.3.post1)
2022-12-27T11:10:45.8343960Z 
2022-12-27T11:10:45.8344330Z      _ _       _ _   _       _           _
2022-12-27T11:10:45.8344680Z  ___|_| |_ _ _|_| |_| |_ _ _| |_ ___ ___| |
2022-12-27T11:10:45.8345420Z |  _| | . | | | | | . | | | |   | -_| -_| |
2022-12-27T11:10:45.8345960Z |___|_|___|___|_|_|___|_____|_|_|___|___|_|
2022-12-27T11:10:45.8347170Z 
2022-12-27T11:10:45.8347350Z cibuildwheel version 2.11.3
2022-12-27T11:10:45.8347560Z 
2022-12-27T11:10:45.8347690Z Build options:
2022-12-27T11:10:45.8347900Z   platform: macos
2022-12-27T11:10:45.8447000Z   architectures: arm64[0m
2022-12-27T11:10:45.8447550Z   build_selector: 
2022-12-27T11:10:45.8448080Z     build_config: cp39-macosx_arm64
2022-12-27T11:10:45.8449170Z     skip_config: 
2022-12-27T11:10:45.8450290Z     requires_python: None
2022-12-27T11:10:45.8450710Z     prerelease_pythons: False[0m
2022-12-27T11:10:45.8451230Z   [38;5;244mcontainer_engine: docker[0m
2022-12-27T11:10:45.8451710Z   output_dir: /Users/runner/actions-runner/_work/python.build/python.build/build_lxml37239/wheelsout[0m
2022-12-27T11:10:45.8452560Z   package_dir: /Users/runner/actions-runner/_work/python.build/python.build/build_lxml37239/lxml-3.7.2[0m
2022-12-27T11:10:45.8453040Z   test_selector: 
2022-12-27T11:10:45.8453600Z     skip_config: *_arm64[0m
2022-12-27T11:10:45.8454250Z   [38;5;244mbefore_all: [0m
2022-12-27T11:10:45.8454900Z   before_build: pip install Cython; if [[ -f requirements.txt ]]; then pip install -r requirements.txt; fi[0m
2022-12-27T11:10:45.8455320Z   [38;5;244mbefore_test: [0m
2022-12-27T11:10:45.8455620Z   [38;5;244mbuild_frontend: pip[0m
2022-12-27T11:10:45.8455970Z   build_verbosity: 3[0m
2022-12-27T11:10:45.8456230Z   [38;5;244mconfig_settings: [0m
2022-12-27T11:10:45.8456560Z   [38;5;244mdependency_constraints: pinned[0m
2022-12-27T11:10:45.8456800Z   environment: 
2022-12-27T11:10:45.8457090Z     CFLAGS="-I/usr/local/opt/openssl@3/include"
2022-12-27T11:10:45.8457460Z     LDFLAGS="-L/usr/local/opt/openssl@3/lib"
2022-12-27T11:10:45.8457810Z     CPPFLAGS="-I/usr/local/opt/openssl@3/include"
2022-12-27T11:10:45.8458120Z     MAKEFLAGS="-j$(sysctl -n hw.logicalcpu)"
2022-12-27T11:10:45.8458450Z     PATH=/usr/local/opt/ccache/libexec:$PATH[0m
2022-12-27T11:10:45.8458790Z   [38;5;244mmanylinux_images: None[0m
2022-12-27T11:10:45.8459120Z   [38;5;244mmusllinux_images: None[0m
2022-12-27T11:10:45.8459550Z   [38;5;244mrepair_command: delocate-wheel --require-archs {delocate_archs} -w {dest_dir} -v {wheel}[0m
2022-12-27T11:10:45.8460180Z   [38;5;244mtest_command: [0m
2022-12-27T11:10:45.8460460Z   [38;5;244mtest_extras: [0m
2022-12-27T11:10:45.8460710Z   [38;5;244mtest_requires: [0m
2022-12-27T11:10:45.8460900Z 
2022-12-27T11:10:45.8461040Z Cache folder: /Users/runner/Library/Caches/cibuildwheel
2022-12-27T11:10:45.8463410Z 
2022-12-27T11:10:45.8463660Z Here we go!
2022-12-27T11:10:45.8463800Z 
2022-12-27T11:10:45.8583310Z 
2022-12-27T11:10:45.8583860Z [1m[34mBuilding cp39-macosx_arm64 wheel[0m
2022-12-27T11:10:45.8584330Z CPython 3.9 macOS arm64 - Apple Silicon
2022-12-27T11:10:45.8584510Z 
2022-12-27T11:10:45.8586710Z ##[group]Installing Python cp39...
2022-12-27T11:10:45.8586910Z 
2022-12-27T11:10:45.8587120Z + pkgutil --pkgs
2022-12-27T11:10:45.8683280Z ##[endgroup]
2022-12-27T11:10:45.8684420Z                                                               [32mâœ“ [0m0.01s
2022-12-27T11:10:45.8685000Z ##[group]Setting up build environment...
2022-12-27T11:10:45.8685150Z 
2022-12-27T11:10:45.8703060Z + /Users/runner/hostedtoolcache/Python/3.9.16/x64/bin/python -sS /Users/runner/Library/Caches/cibuildwheel/virtualenv-20.17.0.pyz --activators= --no-periodic-update --pip=22.3.1 --setuptools=65.6.3 --wheel=0.38.4 --symlink-app-data --python /Library/Frameworks/Python.framework/Versions/3.9/bin/python3 /private/var/folders/51/hd414ycd67n82196sw51xqtc0000gn/T/cibw-run-nipj3671/cp39-macosx_arm64/build/venv
2022-12-27T11:10:46.0552740Z created virtual environment CPython3.9.13.final.0-64 in 51ms
2022-12-27T11:10:46.0553340Z   creator CPython3Posix(dest=/private/var/folders/51/hd414ycd67n82196sw51xqtc0000gn/T/cibw-run-nipj3671/cp39-macosx_arm64/build/venv, clear=False, no_vcs_ignore=False, global=False)
2022-12-27T11:10:46.0554290Z   seeder FromAppData(download=False, pip=22.3.1, setuptools=65.6.3, wheel=0.38.4, via=symlink, app_data_dir=/Users/runner/Library/Application Support/virtualenv)
2022-12-27T11:10:46.0554710Z     added seed packages: pip==22.3.1, setuptools==65.6.3, wheel==0.38.4
2022-12-27T11:10:46.0654590Z + python -m pip install --upgrade pip -c /Users/runner/hostedtoolcache/Python/3.9.16/x64/lib/python3.9/site-packages/cibuildwheel/resources/constraints-python39.txt
2022-12-27T11:10:46.3571340Z Requirement already satisfied: pip in ./lib/python3.9/site-packages (22.3.1)
2022-12-27T11:10:46.4938360Z + which pip
2022-12-27T11:10:46.4956060Z /private/var/folders/51/hd414ycd67n82196sw51xqtc0000gn/T/cibw-run-nipj3671/cp39-macosx_arm64/build/venv/bin/pip
2022-12-27T11:10:46.4958180Z + pip --version
2022-12-27T11:10:46.7050420Z pip 22.3.1 from /private/var/folders/51/hd414ycd67n82196sw51xqtc0000gn/T/cibw-run-nipj3671/cp39-macosx_arm64/build/venv/lib/python3.9/site-packages/pip (python 3.9)
2022-12-27T11:10:46.7263150Z + which pip
2022-12-27T11:10:46.7291840Z + which python
2022-12-27T11:10:46.7310420Z /private/var/folders/51/hd414ycd67n82196sw51xqtc0000gn/T/cibw-run-nipj3671/cp39-macosx_arm64/build/venv/bin/python
2022-12-27T11:10:46.7313110Z + python --version
2022-12-27T11:10:46.7361980Z Python 3.9.13
2022-12-27T11:10:46.7364720Z + which python
2022-12-27T11:10:46.7421110Z ##[endgroup]
2022-12-27T11:10:46.7421660Z                                                               [32mâœ“ [0m0.87s
2022-12-27T11:10:46.7422260Z ##[group]Installing build tools...
2022-12-27T11:10:46.7422420Z 
2022-12-27T11:10:46.7422890Z + pip install --upgrade setuptools wheel delocate -c /Users/runner/hostedtoolcache/Python/3.9.16/x64/lib/python3.9/site-packages/cibuildwheel/resources/constraints-python39.txt
2022-12-27T11:10:47.0277980Z Requirement already satisfied: setuptools in /private/var/folders/51/hd414ycd67n82196sw51xqtc0000gn/T/cibw-run-nipj3671/cp39-macosx_arm64/build/venv/lib/python3.9/site-packages (65.6.3)
2022-12-27T11:10:47.2521040Z Requirement already satisfied: wheel in /private/var/folders/51/hd414ycd67n82196sw51xqtc0000gn/T/cibw-run-nipj3671/cp39-macosx_arm64/build/venv/lib/python3.9/site-packages (0.38.4)
2022-12-27T11:10:47.3052530Z Collecting delocate
2022-12-27T11:10:47.3076780Z   Using cached delocate-0.10.3-py3-none-any.whl (142 kB)
2022-12-27T11:10:47.3387230Z Collecting packaging>=20.9
2022-12-27T11:10:47.3408380Z   Using cached packaging-21.3-py3-none-any.whl (40 kB)
2022-12-27T11:10:47.3585630Z Collecting typing-extensions
2022-12-27T11:10:47.3607990Z   Using cached typing_extensions-4.4.0-py3-none-any.whl (26 kB)
2022-12-27T11:10:47.3983950Z Collecting pyparsing!=3.0.5,>=2.0.2
2022-12-27T11:10:47.4006620Z   Using cached pyparsing-3.0.9-py3-none-any.whl (98 kB)
2022-12-27T11:10:47.4386020Z Installing collected packages: typing-extensions, pyparsing, packaging, delocate
2022-12-27T11:10:47.5856340Z Successfully installed delocate-0.10.3 packaging-21.3 pyparsing-3.0.9 typing-extensions-4.4.0
2022-12-27T11:10:47.6344540Z ##[endgroup]
2022-12-27T11:10:47.6345180Z                                                               [32mâœ“ [0m0.89s
2022-12-27T11:10:47.6345690Z ##[group]Running before_build...
2022-12-27T11:10:47.6345830Z 
2022-12-27T11:10:47.6351990Z + pip install Cython; if [[ -f requirements.txt ]]; then pip install -r requirements.txt; fi
2022-12-27T11:10:48.3375800Z Collecting Cython
2022-12-27T11:10:48.3421000Z   Using cached Cython-0.29.32-py2.py3-none-any.whl (986 kB)
2022-12-27T11:10:48.3909310Z Installing collected packages: Cython
2022-12-27T11:10:48.8495710Z Successfully installed Cython-0.29.32
2022-12-27T11:10:49.1732110Z Requirement already satisfied: Cython>=0.20 in /private/var/folders/51/hd414ycd67n82196sw51xqtc0000gn/T/cibw-run-nipj3671/cp39-macosx_arm64/build/venv/lib/python3.9/site-packages (from -r requirements.txt (line 1)) (0.29.32)
2022-12-27T11:10:49.2382970Z ##[endgroup]
2022-12-27T11:10:49.2383620Z                                                               [32mâœ“ [0m1.60s
2022-12-27T11:10:49.2384230Z ##[group]Building wheel...
2022-12-27T11:10:49.2384350Z 
2022-12-27T11:10:49.2390310Z + python -m pip wheel /Users/runner/actions-runner/_work/python.build/python.build/build_lxml37239/lxml-3.7.2 --wheel-dir=/private/var/folders/51/hd414ycd67n82196sw51xqtc0000gn/T/cibw-run-nipj3671/cp39-macosx_arm64/built_wheel --no-deps -vvv
2022-12-27T11:10:49.5062990Z Created temporary directory: /private/var/folders/51/hd414ycd67n82196sw51xqtc0000gn/T/pip-ephem-wheel-cache-jj8adegt
2022-12-27T11:10:49.5067520Z Created temporary directory: /private/var/folders/51/hd414ycd67n82196sw51xqtc0000gn/T/pip-build-tracker-rw9hzc6h
2022-12-27T11:10:49.5069290Z Initialized build tracking at /private/var/folders/51/hd414ycd67n82196sw51xqtc0000gn/T/pip-build-tracker-rw9hzc6h
2022-12-27T11:10:49.5070850Z Created build tracker: /private/var/folders/51/hd414ycd67n82196sw51xqtc0000gn/T/pip-build-tracker-rw9hzc6h
2022-12-27T11:10:49.5072120Z Entered build tracker: /private/var/folders/51/hd414ycd67n82196sw51xqtc0000gn/T/pip-build-tracker-rw9hzc6h
2022-12-27T11:10:49.5075600Z Created temporary directory: /private/var/folders/51/hd414ycd67n82196sw51xqtc0000gn/T/pip-wheel-rc521r0l
2022-12-27T11:10:49.5081790Z Created temporary directory: /private/var/folders/51/hd414ycd67n82196sw51xqtc0000gn/T/pip-ephem-wheel-cache-yx3jchs9
2022-12-27T11:10:49.5247300Z Processing /Users/runner/actions-runner/_work/python.build/python.build/build_lxml37239/lxml-3.7.2
2022-12-27T11:10:49.5252870Z   Added file:///Users/runner/actions-runner/_work/python.build/python.build/build_lxml37239/lxml-3.7.2 to build tracker '/private/var/folders/51/hd414ycd67n82196sw51xqtc0000gn/T/pip-build-tracker-rw9hzc6h'
2022-12-27T11:10:49.5256500Z   Running setup.py (path:/Users/runner/actions-runner/_work/python.build/python.build/build_lxml37239/lxml-3.7.2/setup.py) egg_info for package from file:///Users/runner/actions-runner/_work/python.build/python.build/build_lxml37239/lxml-3.7.2
2022-12-27T11:10:49.5259940Z   Created temporary directory: /private/var/folders/51/hd414ycd67n82196sw51xqtc0000gn/T/pip-pip-egg-info-lpzmfehl
2022-12-27T11:10:49.5260990Z   Preparing metadata (setup.py): started
2022-12-27T11:10:49.5262960Z   Running command python setup.py egg_info
2022-12-27T11:10:49.8095630Z   Building lxml version 3.7.2.
2022-12-27T11:10:49.8096490Z   Building without Cython.
2022-12-27T11:10:49.8098360Z   Using build configuration of libxslt 1.1.29
2022-12-27T11:10:49.8099640Z   Building against libxml2/libxslt in the following directory: /Library/Developer/CommandLineTools/SDKs/MacOSX12.1.sdk/usr/lib
2022-12-27T11:10:49.8100870Z   running egg_info
2022-12-27T11:10:49.8103320Z   creating /private/var/folders/51/hd414ycd67n82196sw51xqtc0000gn/T/pip-pip-egg-info-lpzmfehl/lxml.egg-info
2022-12-27T11:10:49.8104190Z   writing /private/var/folders/51/hd414ycd67n82196sw51xqtc0000gn/T/pip-pip-egg-info-lpzmfehl/lxml.egg-info/PKG-INFO
2022-12-27T11:10:49.8106280Z   writing dependency_links to /private/var/folders/51/hd414ycd67n82196sw51xqtc0000gn/T/pip-pip-egg-info-lpzmfehl/lxml.egg-info/dependency_links.txt
2022-12-27T11:10:49.8107480Z   writing requirements to /private/var/folders/51/hd414ycd67n82196sw51xqtc0000gn/T/pip-pip-egg-info-lpzmfehl/lxml.egg-info/requires.txt
2022-12-27T11:10:49.8109190Z   writing top-level names to /private/var/folders/51/hd414ycd67n82196sw51xqtc0000gn/T/pip-pip-egg-info-lpzmfehl/lxml.egg-info/top_level.txt
2022-12-27T11:10:49.8111150Z   writing manifest file '/private/var/folders/51/hd414ycd67n82196sw51xqtc0000gn/T/pip-pip-egg-info-lpzmfehl/lxml.egg-info/SOURCES.txt'
2022-12-27T11:10:49.8204320Z   reading manifest file '/private/var/folders/51/hd414ycd67n82196sw51xqtc0000gn/T/pip-pip-egg-info-lpzmfehl/lxml.egg-info/SOURCES.txt'
2022-12-27T11:10:49.8209370Z   reading manifest template 'MANIFEST.in'
2022-12-27T11:10:49.9245670Z   adding license file 'LICENSES.txt'
2022-12-27T11:10:49.9312440Z   writing manifest file '/private/var/folders/51/hd414ycd67n82196sw51xqtc0000gn/T/pip-pip-egg-info-lpzmfehl/lxml.egg-info/SOURCES.txt'
2022-12-27T11:10:49.9550570Z   Preparing metadata (setup.py): finished with status 'done'
2022-12-27T11:10:49.9576170Z   Source in /Users/runner/actions-runner/_work/python.build/python.build/build_lxml37239/lxml-3.7.2 has version 3.7.2, which satisfies requirement lxml==3.7.2 from file:///Users/runner/actions-runner/_work/python.build/python.build/build_lxml37239/lxml-3.7.2
2022-12-27T11:10:49.9579020Z   Removed lxml==3.7.2 from file:///Users/runner/actions-runner/_work/python.build/python.build/build_lxml37239/lxml-3.7.2 from build tracker '/private/var/folders/51/hd414ycd67n82196sw51xqtc0000gn/T/pip-build-tracker-rw9hzc6h'
2022-12-27T11:10:49.9596330Z Created temporary directory: /private/var/folders/51/hd414ycd67n82196sw51xqtc0000gn/T/pip-unpack-rffaaldl
2022-12-27T11:10:49.9598500Z Building wheels for collected packages: lxml
2022-12-27T11:10:49.9604130Z   Created temporary directory: /private/var/folders/51/hd414ycd67n82196sw51xqtc0000gn/T/pip-wheel-48wotwo5
2022-12-27T11:10:49.9605820Z   Building wheel for lxml (setup.py): started
2022-12-27T11:10:49.9607600Z   Destination directory: /private/var/folders/51/hd414ycd67n82196sw51xqtc0000gn/T/pip-wheel-48wotwo5
2022-12-27T11:10:49.9609020Z   Running command python setup.py bdist_wheel
2022-12-27T11:10:50.1141220Z   Building lxml version 3.7.2.
2022-12-27T11:10:50.1143860Z   Building without Cython.
2022-12-27T11:10:50.1282000Z   Using build configuration of libxslt 1.1.29
2022-12-27T11:10:50.2215520Z   Building against libxml2/libxslt in the following directory: /Library/Developer/CommandLineTools/SDKs/MacOSX12.1.sdk/usr/lib
2022-12-27T11:10:50.2474290Z   running bdist_wheel
2022-12-27T11:10:50.2515300Z   running build
2022-12-27T11:10:50.2516970Z   running build_py
2022-12-27T11:10:50.2536990Z   creating build
2022-12-27T11:10:50.2538830Z   creating build/lib.macosx-11.0-arm64-cpython-39
2022-12-27T11:10:50.2540230Z   creating build/lib.macosx-11.0-arm64-cpython-39/lxml
2022-12-27T11:10:50.2542210Z   copying src/lxml/_elementpath.py -> build/lib.macosx-11.0-arm64-cpython-39/lxml
2022-12-27T11:10:50.2543920Z   copying src/lxml/sax.py -> build/lib.macosx-11.0-arm64-cpython-39/lxml
2022-12-27T11:10:50.2548930Z   copying src/lxml/pyclasslookup.py -> build/lib.macosx-11.0-arm64-cpython-39/lxml
2022-12-27T11:10:50.2550520Z   copying src/lxml/__init__.py -> build/lib.macosx-11.0-arm64-cpython-39/lxml
2022-12-27T11:10:50.2552140Z   copying src/lxml/builder.py -> build/lib.macosx-11.0-arm64-cpython-39/lxml
2022-12-27T11:10:50.2555450Z   copying src/lxml/doctestcompare.py -> build/lib.macosx-11.0-arm64-cpython-39/lxml
2022-12-27T11:10:50.2557390Z   copying src/lxml/usedoctest.py -> build/lib.macosx-11.0-arm64-cpython-39/lxml
2022-12-27T11:10:50.2560140Z   copying src/lxml/cssselect.py -> build/lib.macosx-11.0-arm64-cpython-39/lxml
2022-12-27T11:10:50.2562200Z   copying src/lxml/ElementInclude.py -> build/lib.macosx-11.0-arm64-cpython-39/lxml
2022-12-27T11:10:50.2567160Z   creating build/lib.macosx-11.0-arm64-cpython-39/lxml/includes
2022-12-27T11:10:50.2568200Z   copying src/lxml/includes/__init__.py -> build/lib.macosx-11.0-arm64-cpython-39/lxml/includes
2022-12-27T11:10:50.2574900Z   creating build/lib.macosx-11.0-arm64-cpython-39/lxml/html
2022-12-27T11:10:50.2576020Z   copying src/lxml/html/soupparser.py -> build/lib.macosx-11.0-arm64-cpython-39/lxml/html
2022-12-27T11:10:50.2579450Z   copying src/lxml/html/defs.py -> build/lib.macosx-11.0-arm64-cpython-39/lxml/html
2022-12-27T11:10:50.2581100Z   copying src/lxml/html/_setmixin.py -> build/lib.macosx-11.0-arm64-cpython-39/lxml/html
2022-12-27T11:10:50.2583840Z   copying src/lxml/html/clean.py -> build/lib.macosx-11.0-arm64-cpython-39/lxml/html
2022-12-27T11:10:50.2586820Z   copying src/lxml/html/_diffcommand.py -> build/lib.macosx-11.0-arm64-cpython-39/lxml/html
2022-12-27T11:10:50.2589500Z   copying src/lxml/html/html5parser.py -> build/lib.macosx-11.0-arm64-cpython-39/lxml/html
2022-12-27T11:10:50.2591400Z   copying src/lxml/html/__init__.py -> build/lib.macosx-11.0-arm64-cpython-39/lxml/html
2022-12-27T11:10:50.2595030Z   copying src/lxml/html/formfill.py -> build/lib.macosx-11.0-arm64-cpython-39/lxml/html
2022-12-27T11:10:50.2597370Z   copying src/lxml/html/builder.py -> build/lib.macosx-11.0-arm64-cpython-39/lxml/html
2022-12-27T11:10:50.2600180Z   copying src/lxml/html/ElementSoup.py -> build/lib.macosx-11.0-arm64-cpython-39/lxml/html
2022-12-27T11:10:50.2602670Z   copying src/lxml/html/_html5builder.py -> build/lib.macosx-11.0-arm64-cpython-39/lxml/html
2022-12-27T11:10:50.2604710Z   copying src/lxml/html/usedoctest.py -> build/lib.macosx-11.0-arm64-cpython-39/lxml/html
2022-12-27T11:10:50.2607360Z   copying src/lxml/html/diff.py -> build/lib.macosx-11.0-arm64-cpython-39/lxml/html
2022-12-27T11:10:50.2611530Z   creating build/lib.macosx-11.0-arm64-cpython-39/lxml/isoschematron
2022-12-27T11:10:50.2613120Z   copying src/lxml/isoschematron/__init__.py -> build/lib.macosx-11.0-arm64-cpython-39/lxml/isoschematron
2022-12-27T11:10:50.2637340Z   copying src/lxml/lxml.etree.h -> build/lib.macosx-11.0-arm64-cpython-39/lxml
2022-12-27T11:10:50.2641640Z   copying src/lxml/lxml.etree_api.h -> build/lib.macosx-11.0-arm64-cpython-39/lxml
2022-12-27T11:10:50.2644790Z   copying src/lxml/includes/xmlerror.pxd -> build/lib.macosx-11.0-arm64-cpython-39/lxml/includes
2022-12-27T11:10:50.2648110Z   copying src/lxml/includes/c14n.pxd -> build/lib.macosx-11.0-arm64-cpython-39/lxml/includes
2022-12-27T11:10:50.2650460Z   copying src/lxml/includes/xmlschema.pxd -> build/lib.macosx-11.0-arm64-cpython-39/lxml/includes
2022-12-27T11:10:50.2653740Z   copying src/lxml/includes/schematron.pxd -> build/lib.macosx-11.0-arm64-cpython-39/lxml/includes
2022-12-27T11:10:50.2657340Z   copying src/lxml/includes/tree.pxd -> build/lib.macosx-11.0-arm64-cpython-39/lxml/includes
2022-12-27T11:10:50.2659340Z   copying src/lxml/includes/uri.pxd -> build/lib.macosx-11.0-arm64-cpython-39/lxml/includes
2022-12-27T11:10:50.2662080Z   copying src/lxml/includes/etreepublic.pxd -> build/lib.macosx-11.0-arm64-cpython-39/lxml/includes
2022-12-27T11:10:50.2665420Z   copying src/lxml/includes/xpath.pxd -> build/lib.macosx-11.0-arm64-cpython-39/lxml/includes
2022-12-27T11:10:50.2668000Z   copying src/lxml/includes/htmlparser.pxd -> build/lib.macosx-11.0-arm64-cpython-39/lxml/includes
2022-12-27T11:10:50.2671010Z   copying src/lxml/includes/xslt.pxd -> build/lib.macosx-11.0-arm64-cpython-39/lxml/includes
2022-12-27T11:10:50.2673630Z   copying src/lxml/includes/config.pxd -> build/lib.macosx-11.0-arm64-cpython-39/lxml/includes
2022-12-27T11:10:50.2676460Z   copying src/lxml/includes/xmlparser.pxd -> build/lib.macosx-11.0-arm64-cpython-39/lxml/includes
2022-12-27T11:10:50.2679280Z   copying src/lxml/includes/xinclude.pxd -> build/lib.macosx-11.0-arm64-cpython-39/lxml/includes
2022-12-27T11:10:50.2682600Z   copying src/lxml/includes/dtdvalid.pxd -> build/lib.macosx-11.0-arm64-cpython-39/lxml/includes
2022-12-27T11:10:50.2684700Z   copying src/lxml/includes/relaxng.pxd -> build/lib.macosx-11.0-arm64-cpython-39/lxml/includes
2022-12-27T11:10:50.2687190Z   copying src/lxml/includes/lxml-version.h -> build/lib.macosx-11.0-arm64-cpython-39/lxml/includes
2022-12-27T11:10:50.2691530Z   copying src/lxml/includes/etree_defs.h -> build/lib.macosx-11.0-arm64-cpython-39/lxml/includes
2022-12-27T11:10:50.2693890Z   creating build/lib.macosx-11.0-arm64-cpython-39/lxml/isoschematron/resources
2022-12-27T11:10:50.2695480Z   creating build/lib.macosx-11.0-arm64-cpython-39/lxml/isoschematron/resources/rng
2022-12-27T11:10:50.2697160Z   copying src/lxml/isoschematron/resources/rng/iso-schematron.rng -> build/lib.macosx-11.0-arm64-cpython-39/lxml/isoschematron/resources/rng
2022-12-27T11:10:50.2698780Z   creating build/lib.macosx-11.0-arm64-cpython-39/lxml/isoschematron/resources/xsl
2022-12-27T11:10:50.2700590Z   copying src/lxml/isoschematron/resources/xsl/XSD2Schtrn.xsl -> build/lib.macosx-11.0-arm64-cpython-39/lxml/isoschematron/resources/xsl
2022-12-27T11:10:50.2703320Z   copying src/lxml/isoschematron/resources/xsl/RNG2Schtrn.xsl -> build/lib.macosx-11.0-arm64-cpython-39/lxml/isoschematron/resources/xsl
2022-12-27T11:10:50.2706420Z   creating build/lib.macosx-11.0-arm64-cpython-39/lxml/isoschematron/resources/xsl/iso-schematron-xslt1
2022-12-27T11:10:50.2708460Z   copying src/lxml/isoschematron/resources/xsl/iso-schematron-xslt1/iso_abstract_expand.xsl -> build/lib.macosx-11.0-arm64-cpython-39/lxml/isoschematron/resources/xsl/iso-schematron-xslt1
2022-12-27T11:10:50.2710790Z   copying src/lxml/isoschematron/resources/xsl/iso-schematron-xslt1/iso_dsdl_include.xsl -> build/lib.macosx-11.0-arm64-cpython-39/lxml/isoschematron/resources/xsl/iso-schematron-xslt1
2022-12-27T11:10:50.2714550Z   copying src/lxml/isoschematron/resources/xsl/iso-schematron-xslt1/iso_schematron_skeleton_for_xslt1.xsl -> build/lib.macosx-11.0-arm64-cpython-39/lxml/isoschematron/resources/xsl/iso-schematron-xslt1
2022-12-27T11:10:50.2717750Z   copying src/lxml/isoschematron/resources/xsl/iso-schematron-xslt1/iso_svrl_for_xslt1.xsl -> build/lib.macosx-11.0-arm64-cpython-39/lxml/isoschematron/resources/xsl/iso-schematron-xslt1
2022-12-27T11:10:50.2720470Z   copying src/lxml/isoschematron/resources/xsl/iso-schematron-xslt1/iso_schematron_message.xsl -> build/lib.macosx-11.0-arm64-cpython-39/lxml/isoschematron/resources/xsl/iso-schematron-xslt1
2022-12-27T11:10:50.2723360Z   copying src/lxml/isoschematron/resources/xsl/iso-schematron-xslt1/readme.txt -> build/lib.macosx-11.0-arm64-cpython-39/lxml/isoschematron/resources/xsl/iso-schematron-xslt1
2022-12-27T11:10:50.2736460Z   running build_ext
2022-12-27T11:10:50.3107300Z   building 'lxml.etree' extension
2022-12-27T11:10:50.3108120Z   creating build/temp.macosx-11.0-arm64-cpython-39
2022-12-27T11:10:50.3108720Z   creating build/temp.macosx-11.0-arm64-cpython-39/src
2022-12-27T11:10:50.3109180Z   creating build/temp.macosx-11.0-arm64-cpython-39/src/lxml
2022-12-27T11:10:50.3110640Z   gcc -Wno-unused-result -Wsign-compare -Wunreachable-code -fno-common -dynamic -DNDEBUG -g -fwrapv -O3 -Wall -g -I/usr/local/opt/openssl@3/include -I/usr/local/opt/openssl@3/include -arch arm64 -I/Library/Developer/CommandLineTools/SDKs/MacOSX12.1.sdk/usr/include -Isrc/lxml/includes -I/private/var/folders/51/hd414ycd67n82196sw51xqtc0000gn/T/cibw-run-nipj3671/cp39-macosx_arm64/build/venv/include -I/Library/Frameworks/Python.framework/Versions/3.9/include/python3.9 -c src/lxml/lxml.etree.c -o build/temp.macosx-11.0-arm64-cpython-39/src/lxml/lxml.etree.o -w -flat_namespace
2022-12-27T11:10:51.0786750Z   src/lxml/lxml.etree.c:221498:38: error: no member named 'tp_print' in 'struct _typeobject'
2022-12-27T11:10:51.0787190Z     __pyx_type_4lxml_5etree__TempStore.tp_print = 0;
2022-12-27T11:10:51.0788650Z     ~~~~~~~~~~~~~~~~~~~~~~~~~~~~~~~~~~ ^
2022-12-27T11:10:51.0791200Z   src/lxml/lxml.etree.c:221508:45: error: no member named 'tp_print' in 'struct _typeobject'
2022-12-27T11:10:51.0792090Z     __pyx_type_4lxml_5etree__ExceptionContext.tp_print = 0;
2022-12-27T11:10:51.0793710Z     ~~~~~~~~~~~~~~~~~~~~~~~~~~~~~~~~~~~~~~~~~ ^
2022-12-27T11:10:51.0795880Z   src/lxml/lxml.etree.c:221515:37: error: no member named 'tp_print' in 'struct _typeobject'
2022-12-27T11:10:51.0796970Z     __pyx_type_4lxml_5etree__LogEntry.tp_print = 0;
2022-12-27T11:10:51.0798610Z     ~~~~~~~~~~~~~~~~~~~~~~~~~~~~~~~~~ ^
2022-12-27T11:10:51.0800470Z   src/lxml/lxml.etree.c:221527:41: error: no member named 'tp_print' in 'struct _typeobject'
2022-12-27T11:10:51.0801900Z     __pyx_type_4lxml_5etree__BaseErrorLog.tp_print = 0;
2022-12-27T11:10:51.0803120Z     ~~~~~~~~~~~~~~~~~~~~~~~~~~~~~~~~~~~~~ ^
2022-12-27T11:10:51.0804900Z   src/lxml/lxml.etree.c:221536:41: error: no member named 'tp_print' in 'struct _typeobject'
2022-12-27T11:10:51.0806110Z     __pyx_type_4lxml_5etree__ListErrorLog.tp_print = 0;
2022-12-27T11:10:51.0807380Z     ~~~~~~~~~~~~~~~~~~~~~~~~~~~~~~~~~~~~~ ^
2022-12-27T11:10:51.0808900Z   src/lxml/lxml.etree.c:221541:44: error: no member named 'tp_print' in 'struct _typeobject'
2022-12-27T11:10:51.0810140Z     __pyx_type_4lxml_5etree__ErrorLogContext.tp_print = 0;
2022-12-27T11:10:51.0811370Z     ~~~~~~~~~~~~~~~~~~~~~~~~~~~~~~~~~~~~~~~~ ^
2022-12-27T11:10:51.0813010Z   src/lxml/lxml.etree.c:221553:37: error: no member named 'tp_print' in 'struct _typeobject'
2022-12-27T11:10:51.0814680Z     __pyx_type_4lxml_5etree__ErrorLog.tp_print = 0;
2022-12-27T11:10:51.0815570Z     ~~~~~~~~~~~~~~~~~~~~~~~~~~~~~~~~~ ^
2022-12-27T11:10:51.0817070Z   src/lxml/lxml.etree.c:221562:43: error: no member named 'tp_print' in 'struct _typeobject'
2022-12-27T11:10:51.0818290Z     __pyx_type_4lxml_5etree__DomainErrorLog.tp_print = 0;
2022-12-27T11:10:51.0819450Z     ~~~~~~~~~~~~~~~~~~~~~~~~~~~~~~~~~~~~~~~ ^
2022-12-27T11:10:51.0821140Z   src/lxml/lxml.etree.c:221571:45: error: no member named 'tp_print' in 'struct _typeobject'
2022-12-27T11:10:51.0822230Z     __pyx_type_4lxml_5etree__RotatingErrorLog.tp_print = 0;
2022-12-27T11:10:51.0823510Z     ~~~~~~~~~~~~~~~~~~~~~~~~~~~~~~~~~~~~~~~~~ ^
2022-12-27T11:10:51.0825010Z   src/lxml/lxml.etree.c:221581:38: error: no member named 'tp_print' in 'struct _typeobject'
2022-12-27T11:10:51.0826220Z     __pyx_type_4lxml_5etree_PyErrorLog.tp_print = 0;
2022-12-27T11:10:51.0827430Z     ~~~~~~~~~~~~~~~~~~~~~~~~~~~~~~~~~~ ^
2022-12-27T11:10:51.0828960Z   src/lxml/lxml.etree.c:221595:20: error: no member named 'tp_print' in 'struct _typeobject'
2022-12-27T11:10:51.0830120Z     LxmlDocumentType.tp_print = 0;
2022-12-27T11:10:51.0831380Z     ~~~~~~~~~~~~~~~~ ^
2022-12-27T11:10:51.0832970Z   src/lxml/lxml.etree.c:221602:35: error: no member named 'tp_print' in 'struct _typeobject'
2022-12-27T11:10:51.0834220Z     __pyx_type_4lxml_5etree_DocInfo.tp_print = 0;
2022-12-27T11:10:51.0835440Z     ~~~~~~~~~~~~~~~~~~~~~~~~~~~~~~~ ^
2022-12-27T11:10:51.0836960Z   src/lxml/lxml.etree.c:221607:19: error: no member named 'tp_print' in 'struct _typeobject'
2022-12-27T11:10:51.0838230Z     LxmlElementType.tp_print = 0;
2022-12-27T11:10:51.0839450Z     ~~~~~~~~~~~~~~~ ^
2022-12-27T11:10:51.0840980Z   src/lxml/lxml.etree.c:221684:48: error: no member named 'tp_print' in 'struct _typeobject'
2022-12-27T11:10:51.0842260Z     __pyx_type_4lxml_5etree___ContentOnlyElement.tp_print = 0;
2022-12-27T11:10:51.0843500Z     ~~~~~~~~~~~~~~~~~~~~~~~~~~~~~~~~~~~~~~~~~~~~ ^
2022-12-27T11:10:51.0845190Z   src/lxml/lxml.etree.c:221721:36: error: no member named 'tp_print' in 'struct _typeobject'
2022-12-27T11:10:51.0846420Z     __pyx_type_4lxml_5etree__Comment.tp_print = 0;
2022-12-27T11:10:51.0847740Z     ~~~~~~~~~~~~~~~~~~~~~~~~~~~~~~~~ ^
2022-12-27T11:10:51.0849300Z   src/lxml/lxml.etree.c:221729:50: error: no member named 'tp_print' in 'struct _typeobject'
2022-12-27T11:10:51.0850510Z     __pyx_type_4lxml_5etree__ProcessingInstruction.tp_print = 0;
2022-12-27T11:10:51.0851830Z     ~~~~~~~~~~~~~~~~~~~~~~~~~~~~~~~~~~~~~~~~~~~~~~ ^
2022-12-27T11:10:51.0853390Z   src/lxml/lxml.etree.c:221737:35: error: no member named 'tp_print' in 'struct _typeobject'
2022-12-27T11:10:51.0854610Z     __pyx_type_4lxml_5etree__Entity.tp_print = 0;
2022-12-27T11:10:51.0855950Z     ~~~~~~~~~~~~~~~~~~~~~~~~~~~~~~~ ^
2022-12-27T11:10:51.0857490Z   src/lxml/lxml.etree.c:221742:33: error: no member named 'tp_print' in 'struct _typeobject'
2022-12-27T11:10:51.0858710Z     __pyx_type_4lxml_5etree_QName.tp_print = 0;
2022-12-27T11:10:51.0859980Z     ~~~~~~~~~~~~~~~~~~~~~~~~~~~~~ ^
2022-12-27T11:10:51.0861550Z   src/lxml/lxml.etree.c:221748:23: error: no member named 'tp_print' in 'struct _typeobject'
2022-12-27T11:10:51.0862740Z     LxmlElementTreeType.tp_print = 0;
2022-12-27T11:10:51.0864070Z     ~~~~~~~~~~~~~~~~~~~ ^
2022-12-27T11:10:51.0865800Z   fatal error: too many errors emitted, stopping now [-ferror-limit=]
2022-12-27T11:10:51.1768000Z   20 errors generated.
2022-12-27T11:10:51.1814060Z   Compile failed: command '/usr/bin/gcc' failed with exit code 1
2022-12-27T11:10:51.2473230Z   creating var
2022-12-27T11:10:51.2474870Z   creating var/folders
2022-12-27T11:10:51.2476520Z   creating var/folders/51
2022-12-27T11:10:51.2477910Z   creating var/folders/51/hd414ycd67n82196sw51xqtc0000gn
2022-12-27T11:10:51.2479720Z   creating var/folders/51/hd414ycd67n82196sw51xqtc0000gn/T
2022-12-27T11:10:51.2482460Z   cc -arch arm64 -I/Library/Developer/CommandLineTools/SDKs/MacOSX12.1.sdk/usr/include -I/usr/include/libxml2 -c /var/folders/51/hd414ycd67n82196sw51xqtc0000gn/T/xmlXPathInit6qr5p5oy.c -o var/folders/51/hd414ycd67n82196sw51xqtc0000gn/T/xmlXPathInit6qr5p5oy.o
2022-12-27T11:10:51.2905900Z   cc -arch arm64 var/folders/51/hd414ycd67n82196sw51xqtc0000gn/T/xmlXPathInit6qr5p5oy.o -L/Library/Developer/CommandLineTools/SDKs/MacOSX12.1.sdk/usr/lib -lxml2 -o a.out
2022-12-27T11:10:51.3342040Z   error: command '/usr/bin/gcc' failed with exit code 1
2022-12-27T11:10:51.3636050Z   error: subprocess-exited-with-error
2022-12-27T11:10:51.3636500Z   
2022-12-27T11:10:51.3637120Z   Ã— python setup.py bdist_wheel did not run successfully.
2022-12-27T11:10:51.3637600Z   â”‚ exit code: 1
2022-12-27T11:10:51.3637990Z   â•°â”€> See above for output.
2022-12-27T11:10:51.3638250Z   
2022-12-27T11:10:51.3638550Z   note: This error originates from a subprocess, and is likely not a problem with pip.
2022-12-27T11:10:51.3645110Z   full command: /private/var/folders/51/hd414ycd67n82196sw51xqtc0000gn/T/cibw-run-nipj3671/cp39-macosx_arm64/build/venv/bin/python -u -c '
2022-12-27T11:10:51.3645720Z   exec(compile('"'"''"'"''"'"'
2022-12-27T11:10:51.3647300Z   # This is <pip-setuptools-caller> -- a caller that pip uses to run setup.py
2022-12-27T11:10:51.3647650Z   #
2022-12-27T11:10:51.3648180Z   # - It imports setuptools before invoking setup.py, to enable projects that directly
2022-12-27T11:10:51.3648690Z   #   import from `distutils.core` to work with newer packaging standards.
2022-12-27T11:10:51.3649270Z   # - It provides a clear error message when setuptools is not installed.
2022-12-27T11:10:51.3649840Z   # - It sets `sys.argv[0]` to the underlying `setup.py`, when invoking `setup.py` so
2022-12-27T11:10:51.3650520Z   #   setuptools doesn'"'"'t think the script is `-c`. This avoids the following warning:
2022-12-27T11:10:51.3651090Z   #     manifest_maker: standard file '"'"'-c'"'"' not found".
2022-12-27T11:10:51.3651850Z   # - It generates a shim setup.py, for handling setup.cfg-only projects.
2022-12-27T11:10:51.3652230Z   import os, sys, tokenize
2022-12-27T11:10:51.3652550Z   
2022-12-27T11:10:51.3652830Z   try:
2022-12-27T11:10:51.3653100Z       import setuptools
2022-12-27T11:10:51.3653480Z   except ImportError as error:
2022-12-27T11:10:51.3653780Z       print(
2022-12-27T11:10:51.3654530Z           "ERROR: Can not execute `setup.py` since setuptools is not available in "
2022-12-27T11:10:51.3654830Z           "the build environment.",
2022-12-27T11:10:51.3655000Z           file=sys.stderr,
2022-12-27T11:10:51.3655100Z       )
2022-12-27T11:10:51.3655280Z       sys.exit(1)
2022-12-27T11:10:51.3655450Z   
2022-12-27T11:10:51.3655570Z   __file__ = %r
2022-12-27T11:10:51.3655740Z   sys.argv[0] = __file__
2022-12-27T11:10:51.3655880Z   
2022-12-27T11:10:51.3656020Z   if os.path.exists(__file__):
2022-12-27T11:10:51.3656200Z       filename = __file__
2022-12-27T11:10:51.3656400Z       with tokenize.open(__file__) as f:
2022-12-27T11:10:51.3656590Z           setup_py_code = f.read()
2022-12-27T11:10:51.3656740Z   else:
2022-12-27T11:10:51.3657010Z       filename = "<auto-generated setuptools caller>"
2022-12-27T11:10:51.3657250Z       setup_py_code = "from setuptools import setup; setup()"
2022-12-27T11:10:51.3657410Z   
2022-12-27T11:10:51.3657600Z   exec(compile(setup_py_code, filename, "exec"))
2022-12-27T11:10:51.3658130Z   '"'"''"'"''"'"' % ('"'"'/Users/runner/actions-runner/_work/python.build/python.build/build_lxml37239/lxml-3.7.2/setup.py'"'"',), "<pip-setuptools-caller>", "exec"))' bdist_wheel -d /private/var/folders/51/hd414ycd67n82196sw51xqtc0000gn/T/pip-wheel-48wotwo5
2022-12-27T11:10:51.3658590Z   cwd: /Users/runner/actions-runner/_work/python.build/python.build/build_lxml37239/lxml-3.7.2/
2022-12-27T11:10:51.3658850Z   ERROR: Failed building wheel for lxml
2022-12-27T11:10:51.3659170Z   Building wheel for lxml (setup.py): finished with status 'error'
2022-12-27T11:10:51.3659400Z   Running setup.py clean for lxml
2022-12-27T11:10:51.3659670Z   Running command python setup.py clean
2022-12-27T11:10:51.5199940Z   Building lxml version 3.7.2.
2022-12-27T11:10:51.5201530Z   Building without Cython.
2022-12-27T11:10:51.5332420Z   Using build configuration of libxslt 1.1.29
2022-12-27T11:10:51.6269350Z   Building against libxml2/libxslt in the following directory: /Library/Developer/CommandLineTools/SDKs/MacOSX12.1.sdk/usr/lib
2022-12-27T11:10:51.6439640Z   running clean
2022-12-27T11:10:51.6467590Z   removing 'build/temp.macosx-11.0-arm64-cpython-39' (and everything under it)
2022-12-27T11:10:51.6473080Z   removing 'build/lib.macosx-11.0-arm64-cpython-39' (and everything under it)
2022-12-27T11:10:51.6521700Z   'build/bdist.macosx-11.0-arm64' does not exist -- can't clean it
2022-12-27T11:10:51.6523600Z   'build/scripts-3.9' does not exist -- can't clean it
2022-12-27T11:10:51.6525280Z   removing 'build'
2022-12-27T11:10:51.6766250Z Failed to build lxml
2022-12-27T11:10:51.6770490Z ERROR: Failed to build one or more wheels
2022-12-27T11:10:51.6780010Z Exception information:
2022-12-27T11:10:51.6780240Z Traceback (most recent call last):
2022-12-27T11:10:51.6787370Z   File "/private/var/folders/51/hd414ycd67n82196sw51xqtc0000gn/T/cibw-run-nipj3671/cp39-macosx_arm64/build/venv/lib/python3.9/site-packages/pip/_internal/cli/base_command.py", line 160, in exc_logging_wrapper
2022-12-27T11:10:51.6787830Z     status = run_func(*args)
2022-12-27T11:10:51.6788430Z   File "/private/var/folders/51/hd414ycd67n82196sw51xqtc0000gn/T/cibw-run-nipj3671/cp39-macosx_arm64/build/venv/lib/python3.9/site-packages/pip/_internal/cli/req_command.py", line 247, in wrapper
2022-12-27T11:10:51.6788820Z     return func(self, options, args)
2022-12-27T11:10:51.6789380Z   File "/private/var/folders/51/hd414ycd67n82196sw51xqtc0000gn/T/cibw-run-nipj3671/cp39-macosx_arm64/build/venv/lib/python3.9/site-packages/pip/_internal/commands/wheel.py", line 201, in run
2022-12-27T11:10:51.6789790Z     raise CommandError("Failed to build one or more wheels")
2022-12-27T11:10:51.6790100Z pip._internal.exceptions.CommandError: Failed to build one or more wheels
2022-12-27T11:10:51.6790510Z Removed build tracker: '/private/var/folders/51/hd414ycd67n82196sw51xqtc0000gn/T/pip-build-tracker-rw9hzc6h'
2022-12-27T11:10:51.7217800Z ##[error]Command ['python', '-m', 'pip', 'wheel', '/Users/runner/actions-runner/_work/python.build/python.build/build_lxml37239/lxml-3.7.2', '--wheel-dir=/private/var/folders/51/hd414ycd67n82196sw51xqtc0000gn/T/cibw-run-nipj3671/cp39-macosx_arm64/built_wheel', '--no-deps', '-vvv'] failed with code 1. None
2022-12-27T11:10:51.7224180Z 
2022-12-27T11:10:51.7224440Z ##[endgroup]
2022-12-27T11:10:51.7224910Z                                                               [31mâœ• [0m2.48s
2022-12-27T11:10:51.7654890Z ##[error]Process completed with exit code 1.
2022-12-27T11:10:51.7685280Z ##[group]Run rm -rf build_lxml37239 wheelsout
2022-12-27T11:10:51.7685470Z [36;1mrm -rf build_lxml37239 wheelsout[0m
2022-12-27T11:10:51.7699980Z shell: /bin/bash -e {0}
2022-12-27T11:10:51.7700110Z env:
2022-12-27T11:10:51.7700270Z   pythonLocation: /Users/runner/hostedtoolcache/Python/3.9.16/x64
2022-12-27T11:10:51.7700480Z   PKG_CONFIG_PATH: /Users/runner/hostedtoolcache/Python/3.9.16/x64/lib/pkgconfig
2022-12-27T11:10:51.7700690Z   Python_ROOT_DIR: /Users/runner/hostedtoolcache/Python/3.9.16/x64
2022-12-27T11:10:51.7700880Z   Python2_ROOT_DIR: /Users/runner/hostedtoolcache/Python/3.9.16/x64
2022-12-27T11:10:51.7701070Z   Python3_ROOT_DIR: /Users/runner/hostedtoolcache/Python/3.9.16/x64
2022-12-27T11:10:51.7701190Z ##[endgroup]
2022-12-27T11:10:51.8259330Z Cleaning up orphan processes
