2022-12-27T08:50:26.2028606Z Requested labels: self-hosted, macOS, X64
2022-12-27T08:50:26.2028697Z Job defined at: kilnbuild/python.build/.github/workflows/mac_arm_build.yml@refs/heads/main
2022-12-27T08:50:26.2028728Z Waiting for a runner to pick up this job...
2022-12-27T11:21:01.8295624Z Job is about to start running on the runner: s1 (organization)
2022-12-27T11:21:04.6497800Z Current runner version: '2.300.2'
2022-12-27T11:21:04.6502940Z Runner name: 's1'
2022-12-27T11:21:04.6503200Z Runner group name: 'Default'
2022-12-27T11:21:04.6503640Z Machine name: 's1'
2022-12-27T11:21:04.6505200Z ##[group]GITHUB_TOKEN Permissions
2022-12-27T11:21:04.6505610Z Actions: write
2022-12-27T11:21:04.6505760Z Checks: write
2022-12-27T11:21:04.6505900Z Contents: write
2022-12-27T11:21:04.6506040Z Deployments: write
2022-12-27T11:21:04.6506180Z Discussions: write
2022-12-27T11:21:04.6506320Z Issues: write
2022-12-27T11:21:04.6506440Z Metadata: read
2022-12-27T11:21:04.6506580Z Packages: write
2022-12-27T11:21:04.6506720Z Pages: write
2022-12-27T11:21:04.6506860Z PullRequests: write
2022-12-27T11:21:04.6507030Z RepositoryProjects: write
2022-12-27T11:21:04.6507190Z SecurityEvents: write
2022-12-27T11:21:04.6507330Z Statuses: write
2022-12-27T11:21:04.6507460Z ##[endgroup]
2022-12-27T11:21:04.6510010Z Secret source: Actions
2022-12-27T11:21:04.6510330Z Prepare workflow directory
2022-12-27T11:21:04.7197320Z Prepare all required actions
2022-12-27T11:21:04.7321930Z Getting action download info
2022-12-27T11:21:05.3109240Z Download action repository 'actions/setup-python@v4' (SHA:5ccb29d8773c3f3f653e1705f474dfaa8a06a912)
2022-12-27T11:21:07.0996610Z Download action repository 'actions/upload-artifact@v3' (SHA:83fd05a356d7e2593de66fc9913b3002723633cb)
2022-12-27T11:21:09.0290010Z ##[group]Run echo '{
2022-12-27T11:21:09.0290260Z [36;1mecho '{[0m
2022-12-27T11:21:09.0290480Z [36;1m  "package_name": "lxml",[0m
2022-12-27T11:21:09.0290770Z [36;1m  "package_url": "https://files.pythonhosted.org/packages/94/c5/9ac3a75b3e879f0be6717cae4308dd768be66d348e14ed94c56f0c368fc1/lxml-1.2.tar.gz",[0m
2022-12-27T11:21:09.0291060Z [36;1m  "package_version": "1.2",[0m
2022-12-27T11:21:09.0291190Z [36;1m  "python_version": "3.8",[0m
2022-12-27T11:21:09.0291310Z [36;1m  "use_ccache": "true"[0m
2022-12-27T11:21:09.0291410Z [36;1m}'[0m
2022-12-27T11:21:09.0307590Z shell: /bin/bash -e {0}
2022-12-27T11:21:09.0307820Z ##[endgroup]
2022-12-27T11:21:09.0525450Z {
2022-12-27T11:21:09.0526810Z   "package_name": "lxml",
2022-12-27T11:21:09.0527510Z   "package_url": "https://files.pythonhosted.org/packages/94/c5/9ac3a75b3e879f0be6717cae4308dd768be66d348e14ed94c56f0c368fc1/lxml-1.2.tar.gz",
2022-12-27T11:21:09.0527810Z   "package_version": "1.2",
2022-12-27T11:21:09.0528070Z   "python_version": "3.8",
2022-12-27T11:21:09.0528240Z   "use_ccache": "true"
2022-12-27T11:21:09.0528400Z }
2022-12-27T11:21:09.0745670Z ##[group]Run actions/setup-python@v4
2022-12-27T11:21:09.0745900Z with:
2022-12-27T11:21:09.0746150Z   python-version: 3.8
2022-12-27T11:21:09.0746340Z   check-latest: false
2022-12-27T11:21:09.0746640Z   token: ***
2022-12-27T11:21:09.0746800Z   update-environment: true
2022-12-27T11:21:09.0747040Z ##[endgroup]
2022-12-27T11:21:09.2013160Z ##[group]Installed versions
2022-12-27T11:21:09.2055740Z Successfully set up CPython (3.8.15)
2022-12-27T11:21:09.2056530Z ##[endgroup]
2022-12-27T11:21:09.2202250Z ##[group]Run if [ "true" == "true" ]
2022-12-27T11:21:09.2202570Z [36;1mif [ "true" == "true" ][0m
2022-12-27T11:21:09.2202820Z [36;1mthen[0m
2022-12-27T11:21:09.2203040Z [36;1m  echo "CCACHE_PATH_PREPEND=/usr/local/opt/ccache/libexec" >> $GITHUB_OUTPUT[0m
2022-12-27T11:21:09.2203250Z [36;1melse[0m
2022-12-27T11:21:09.2203410Z [36;1m  echo "CCACHE_PATH_PREPEND=" >> $GITHUB_OUTPUT[0m
2022-12-27T11:21:09.2203880Z [36;1mfi[0m
2022-12-27T11:21:09.2220900Z shell: /bin/bash -e {0}
2022-12-27T11:21:09.2221120Z env:
2022-12-27T11:21:09.2221310Z   pythonLocation: /Users/runner/hostedtoolcache/Python/3.8.15/x64
2022-12-27T11:21:09.2221620Z   PKG_CONFIG_PATH: /Users/runner/hostedtoolcache/Python/3.8.15/x64/lib/pkgconfig
2022-12-27T11:21:09.2221880Z   Python_ROOT_DIR: /Users/runner/hostedtoolcache/Python/3.8.15/x64
2022-12-27T11:21:09.2222090Z   Python2_ROOT_DIR: /Users/runner/hostedtoolcache/Python/3.8.15/x64
2022-12-27T11:21:09.2222380Z   Python3_ROOT_DIR: /Users/runner/hostedtoolcache/Python/3.8.15/x64
2022-12-27T11:21:09.2222940Z ##[endgroup]
2022-12-27T11:21:09.2327800Z ##[group]Run echo "BUILD_NAME=$(echo lxml_1.2_3.8 | tr -dc '[:alnum:]\n\r' | tr '[:upper:]' '[:lower:]')" >> $GITHUB_OUTPUT
2022-12-27T11:21:09.2328370Z [36;1mecho "BUILD_NAME=$(echo lxml_1.2_3.8 | tr -dc '[:alnum:]\n\r' | tr '[:upper:]' '[:lower:]')" >> $GITHUB_OUTPUT[0m
2022-12-27T11:21:09.2342350Z shell: /bin/bash -e {0}
2022-12-27T11:21:09.2342550Z env:
2022-12-27T11:21:09.2342740Z   pythonLocation: /Users/runner/hostedtoolcache/Python/3.8.15/x64
2022-12-27T11:21:09.2343100Z   PKG_CONFIG_PATH: /Users/runner/hostedtoolcache/Python/3.8.15/x64/lib/pkgconfig
2022-12-27T11:21:09.2343360Z   Python_ROOT_DIR: /Users/runner/hostedtoolcache/Python/3.8.15/x64
2022-12-27T11:21:09.2343570Z   Python2_ROOT_DIR: /Users/runner/hostedtoolcache/Python/3.8.15/x64
2022-12-27T11:21:09.2343830Z   Python3_ROOT_DIR: /Users/runner/hostedtoolcache/Python/3.8.15/x64
2022-12-27T11:21:09.2344100Z ##[endgroup]
2022-12-27T11:21:09.2483510Z ##[group]Run echo "PYTHON_NO_DOTS=$(echo 3.8 | tr -dc '[:alnum:]\n\r' | tr '[:upper:]' '[:lower:]')" >> $GITHUB_OUTPUT
2022-12-27T11:21:09.2483900Z [36;1mecho "PYTHON_NO_DOTS=$(echo 3.8 | tr -dc '[:alnum:]\n\r' | tr '[:upper:]' '[:lower:]')" >> $GITHUB_OUTPUT[0m
2022-12-27T11:21:09.2498270Z shell: /bin/bash -e {0}
2022-12-27T11:21:09.2498450Z env:
2022-12-27T11:21:09.2498670Z   pythonLocation: /Users/runner/hostedtoolcache/Python/3.8.15/x64
2022-12-27T11:21:09.2498910Z   PKG_CONFIG_PATH: /Users/runner/hostedtoolcache/Python/3.8.15/x64/lib/pkgconfig
2022-12-27T11:21:09.2499150Z   Python_ROOT_DIR: /Users/runner/hostedtoolcache/Python/3.8.15/x64
2022-12-27T11:21:09.2499390Z   Python2_ROOT_DIR: /Users/runner/hostedtoolcache/Python/3.8.15/x64
2022-12-27T11:21:09.2499630Z   Python3_ROOT_DIR: /Users/runner/hostedtoolcache/Python/3.8.15/x64
2022-12-27T11:21:09.2499800Z ##[endgroup]
2022-12-27T11:21:09.2612820Z ##[group]Run rm -rf build_lxml1238
2022-12-27T11:21:09.2613150Z [36;1mrm -rf build_lxml1238[0m
2022-12-27T11:21:09.2613310Z [36;1mmkdir build_lxml1238[0m
2022-12-27T11:21:09.2613520Z [36;1mcd build_lxml1238[0m
2022-12-27T11:21:09.2613800Z [36;1m/usr/local/bin/wget --quiet https://files.pythonhosted.org/packages/94/c5/9ac3a75b3e879f0be6717cae4308dd768be66d348e14ed94c56f0c368fc1/lxml-1.2.tar.gz[0m
2022-12-27T11:21:09.2614110Z [36;1mtar xf *.tar.gz[0m
2022-12-27T11:21:09.2614240Z [36;1mcd *[0m
2022-12-27T11:21:09.2614430Z [36;1mpython -m pip install cibuildwheel==2.11.3[0m
2022-12-27T11:21:09.2614650Z [36;1mpython -m cibuildwheel --output-dir ../wheelsout[0m
2022-12-27T11:21:09.2628700Z shell: /bin/bash -e {0}
2022-12-27T11:21:09.2628900Z env:
2022-12-27T11:21:09.2629110Z   pythonLocation: /Users/runner/hostedtoolcache/Python/3.8.15/x64
2022-12-27T11:21:09.2629380Z   PKG_CONFIG_PATH: /Users/runner/hostedtoolcache/Python/3.8.15/x64/lib/pkgconfig
2022-12-27T11:21:09.2629730Z   Python_ROOT_DIR: /Users/runner/hostedtoolcache/Python/3.8.15/x64
2022-12-27T11:21:09.2629940Z   Python2_ROOT_DIR: /Users/runner/hostedtoolcache/Python/3.8.15/x64
2022-12-27T11:21:09.2630170Z   Python3_ROOT_DIR: /Users/runner/hostedtoolcache/Python/3.8.15/x64
2022-12-27T11:21:09.2630370Z   CIBW_ARCHS_MACOS: arm64
2022-12-27T11:21:09.2630550Z   CIBW_TEST_SKIP: *_arm64
2022-12-27T11:21:09.2630730Z   CIBW_BUILD: cp38-macosx_arm64
2022-12-27T11:21:09.2630900Z   CIBW_BUILD_FRONTEND: pip
2022-12-27T11:21:09.2631050Z   CIBW_BUILD_VERBOSITY: 3
2022-12-27T11:21:09.2631360Z   CIBW_ENVIRONMENT_MACOS:  CFLAGS="-I/usr/local/opt/openssl@3/include" LDFLAGS="-L/usr/local/opt/openssl@3/lib" CPPFLAGS="-I/usr/local/opt/openssl@3/include" MAKEFLAGS="-j$(sysctl -n hw.logicalcpu)" PATH=/usr/local/opt/ccache/libexec:$PATH
2022-12-27T11:21:09.2631760Z   CIBW_BEFORE_BUILD: pip install Cython; if [[ -f requirements.txt ]]; then pip install -r requirements.txt; fi
2022-12-27T11:21:09.2632010Z   MAKEFLAGS: -j$(sysctl -n hw.logicalcpu)
2022-12-27T11:21:09.2632240Z ##[endgroup]
2022-12-27T11:21:09.6196810Z Requirement already satisfied: cibuildwheel==2.11.3 in /Users/runner/hostedtoolcache/Python/3.8.15/x64/lib/python3.8/site-packages (2.11.3)
2022-12-27T11:21:09.6553540Z Requirement already satisfied: certifi in /Users/runner/hostedtoolcache/Python/3.8.15/x64/lib/python3.8/site-packages (from cibuildwheel==2.11.3) (2022.12.7)
2022-12-27T11:21:09.6556840Z Requirement already satisfied: bracex in /Users/runner/hostedtoolcache/Python/3.8.15/x64/lib/python3.8/site-packages (from cibuildwheel==2.11.3) (2.3.post1)
2022-12-27T11:21:09.6562190Z Requirement already satisfied: packaging>=20.9 in /Users/runner/hostedtoolcache/Python/3.8.15/x64/lib/python3.8/site-packages (from cibuildwheel==2.11.3) (22.0)
2022-12-27T11:21:09.6567250Z Requirement already satisfied: bashlex!=0.13 in /Users/runner/hostedtoolcache/Python/3.8.15/x64/lib/python3.8/site-packages (from cibuildwheel==2.11.3) (0.16)
2022-12-27T11:21:09.6570860Z Requirement already satisfied: filelock in /Users/runner/hostedtoolcache/Python/3.8.15/x64/lib/python3.8/site-packages (from cibuildwheel==2.11.3) (3.8.2)
2022-12-27T11:21:09.6574470Z Requirement already satisfied: platformdirs in /Users/runner/hostedtoolcache/Python/3.8.15/x64/lib/python3.8/site-packages (from cibuildwheel==2.11.3) (2.6.0)
2022-12-27T11:21:09.6580460Z Requirement already satisfied: tomli in /Users/runner/hostedtoolcache/Python/3.8.15/x64/lib/python3.8/site-packages (from cibuildwheel==2.11.3) (2.0.1)
2022-12-27T11:21:09.6590460Z Requirement already satisfied: typing-extensions>=4.1.0 in /Users/runner/hostedtoolcache/Python/3.8.15/x64/lib/python3.8/site-packages (from cibuildwheel==2.11.3) (4.4.0)
2022-12-27T11:21:09.8231310Z 
2022-12-27T11:21:09.8231720Z      _ _       _ _   _       _           _
2022-12-27T11:21:09.8232040Z  ___|_| |_ _ _|_| |_| |_ _ _| |_ ___ ___| |
2022-12-27T11:21:09.8232620Z |  _| | . | | | | | . | | | |   | -_| -_| |
2022-12-27T11:21:09.8232870Z |___|_|___|___|_|_|___|_____|_|_|___|___|_|
2022-12-27T11:21:09.8233600Z 
2022-12-27T11:21:09.8233840Z cibuildwheel version 2.11.3
2022-12-27T11:21:09.8234000Z 
2022-12-27T11:21:09.8234120Z Build options:
2022-12-27T11:21:09.8234330Z   platform: macos
2022-12-27T11:21:09.8299840Z   architectures: arm64[0m
2022-12-27T11:21:09.8300410Z   build_selector: 
2022-12-27T11:21:09.8301160Z     build_config: cp38-macosx_arm64
2022-12-27T11:21:09.8301710Z     skip_config: 
2022-12-27T11:21:09.8302230Z     requires_python: None
2022-12-27T11:21:09.8302540Z     prerelease_pythons: False[0m
2022-12-27T11:21:09.8302870Z   [38;5;244mcontainer_engine: docker[0m
2022-12-27T11:21:09.8303290Z   output_dir: /Users/runner/actions-runner/_work/python.build/python.build/build_lxml1238/wheelsout[0m
2022-12-27T11:21:09.8303840Z   package_dir: /Users/runner/actions-runner/_work/python.build/python.build/build_lxml1238/lxml-1.2[0m
2022-12-27T11:21:09.8304100Z   test_selector: 
2022-12-27T11:21:09.8304410Z     skip_config: *_arm64[0m
2022-12-27T11:21:09.8304690Z   [38;5;244mbefore_all: [0m
2022-12-27T11:21:09.8305200Z   before_build: pip install Cython; if [[ -f requirements.txt ]]; then pip install -r requirements.txt; fi[0m
2022-12-27T11:21:09.8305560Z   [38;5;244mbefore_test: [0m
2022-12-27T11:21:09.8305850Z   [38;5;244mbuild_frontend: pip[0m
2022-12-27T11:21:09.8306080Z   build_verbosity: 3[0m
2022-12-27T11:21:09.8306510Z   [38;5;244mconfig_settings: [0m
2022-12-27T11:21:09.8306860Z   [38;5;244mdependency_constraints: pinned[0m
2022-12-27T11:21:09.8307090Z   environment: 
2022-12-27T11:21:09.8307360Z     CFLAGS="-I/usr/local/opt/openssl@3/include"
2022-12-27T11:21:09.8307670Z     LDFLAGS="-L/usr/local/opt/openssl@3/lib"
2022-12-27T11:21:09.8308320Z     CPPFLAGS="-I/usr/local/opt/openssl@3/include"
2022-12-27T11:21:09.8308610Z     MAKEFLAGS="-j$(sysctl -n hw.logicalcpu)"
2022-12-27T11:21:09.8308930Z     PATH=/usr/local/opt/ccache/libexec:$PATH[0m
2022-12-27T11:21:09.8309240Z   [38;5;244mmanylinux_images: None[0m
2022-12-27T11:21:09.8309490Z   [38;5;244mmusllinux_images: None[0m
2022-12-27T11:21:09.8310100Z   [38;5;244mrepair_command: delocate-wheel --require-archs {delocate_archs} -w {dest_dir} -v {wheel}[0m
2022-12-27T11:21:09.8310450Z   [38;5;244mtest_command: [0m
2022-12-27T11:21:09.8311200Z   [38;5;244mtest_extras: [0m
2022-12-27T11:21:09.8311450Z   [38;5;244mtest_requires: [0m
2022-12-27T11:21:09.8311590Z 
2022-12-27T11:21:09.8311850Z Cache folder: /Users/runner/Library/Caches/cibuildwheel
2022-12-27T11:21:09.8322570Z 
2022-12-27T11:21:09.8322780Z Here we go!
2022-12-27T11:21:09.8322970Z 
2022-12-27T11:21:09.8385510Z 
2022-12-27T11:21:09.8385990Z [1m[34mBuilding cp38-macosx_arm64 wheel[0m
2022-12-27T11:21:09.8386330Z CPython 3.8 macOS arm64 - Apple Silicon
2022-12-27T11:21:09.8386490Z 
2022-12-27T11:21:09.8389440Z ##[group]Installing Python cp38...
2022-12-27T11:21:09.8389700Z 
2022-12-27T11:21:09.8390130Z + pkgutil --pkgs
2022-12-27T11:21:09.8486880Z ##[endgroup]
2022-12-27T11:21:09.8487850Z                                                               [32mâœ“ [0m0.01s
2022-12-27T11:21:09.8488410Z ##[group]Setting up build environment...
2022-12-27T11:21:09.8488530Z 
2022-12-27T11:21:09.8507180Z + /Users/runner/hostedtoolcache/Python/3.8.15/x64/bin/python -sS /Users/runner/Library/Caches/cibuildwheel/virtualenv-20.17.0.pyz --activators= --no-periodic-update --pip=22.3.1 --setuptools=65.6.3 --wheel=0.38.4 --symlink-app-data --python /Library/Frameworks/Python.framework/Versions/3.8/bin/python3 /private/var/folders/51/hd414ycd67n82196sw51xqtc0000gn/T/cibw-run-o2xsu3sj/cp38-macosx_arm64/build/venv
2022-12-27T11:21:10.0410830Z created virtual environment CPython3.8.10.final.0-64 in 46ms
2022-12-27T11:21:10.0411490Z   creator CPython3Posix(dest=/private/var/folders/51/hd414ycd67n82196sw51xqtc0000gn/T/cibw-run-o2xsu3sj/cp38-macosx_arm64/build/venv, clear=False, no_vcs_ignore=False, global=False)
2022-12-27T11:21:10.0412200Z   seeder FromAppData(download=False, pip=22.3.1, setuptools=65.6.3, wheel=0.38.4, via=symlink, app_data_dir=/Users/runner/Library/Application Support/virtualenv)
2022-12-27T11:21:10.0412610Z     added seed packages: pip==22.3.1, setuptools==65.6.3, wheel==0.38.4
2022-12-27T11:21:10.0532170Z + python -m pip install --upgrade pip -c /Users/runner/hostedtoolcache/Python/3.8.15/x64/lib/python3.8/site-packages/cibuildwheel/resources/constraints-python38.txt
2022-12-27T11:21:10.3597420Z Requirement already satisfied: pip in ./lib/python3.8/site-packages (22.3.1)
2022-12-27T11:21:10.5016610Z + which pip
2022-12-27T11:21:10.5033240Z /private/var/folders/51/hd414ycd67n82196sw51xqtc0000gn/T/cibw-run-o2xsu3sj/cp38-macosx_arm64/build/venv/bin/pip
2022-12-27T11:21:10.5035890Z + pip --version
2022-12-27T11:21:10.7344730Z pip 22.3.1 from /private/var/folders/51/hd414ycd67n82196sw51xqtc0000gn/T/cibw-run-o2xsu3sj/cp38-macosx_arm64/build/venv/lib/python3.8/site-packages/pip (python 3.8)
2022-12-27T11:21:10.7558660Z + which pip
2022-12-27T11:21:10.7585500Z + which python
2022-12-27T11:21:10.7602560Z /private/var/folders/51/hd414ycd67n82196sw51xqtc0000gn/T/cibw-run-o2xsu3sj/cp38-macosx_arm64/build/venv/bin/python
2022-12-27T11:21:10.7604780Z + python --version
2022-12-27T11:21:10.7650470Z Python 3.8.10
2022-12-27T11:21:10.7653400Z + which python
2022-12-27T11:21:10.7705310Z ##[endgroup]
2022-12-27T11:21:10.7705810Z                                                               [32mâœ“ [0m0.92s
2022-12-27T11:21:10.7706450Z ##[group]Installing build tools...
2022-12-27T11:21:10.7706610Z 
2022-12-27T11:21:10.7707040Z + pip install --upgrade setuptools wheel delocate -c /Users/runner/hostedtoolcache/Python/3.8.15/x64/lib/python3.8/site-packages/cibuildwheel/resources/constraints-python38.txt
2022-12-27T11:21:11.0788950Z Requirement already satisfied: setuptools in /private/var/folders/51/hd414ycd67n82196sw51xqtc0000gn/T/cibw-run-o2xsu3sj/cp38-macosx_arm64/build/venv/lib/python3.8/site-packages (65.6.3)
2022-12-27T11:21:11.3000610Z Requirement already satisfied: wheel in /private/var/folders/51/hd414ycd67n82196sw51xqtc0000gn/T/cibw-run-o2xsu3sj/cp38-macosx_arm64/build/venv/lib/python3.8/site-packages (0.38.4)
2022-12-27T11:21:11.3482890Z Collecting delocate
2022-12-27T11:21:11.3507330Z   Using cached delocate-0.10.3-py3-none-any.whl (142 kB)
2022-12-27T11:21:11.3824620Z Collecting packaging>=20.9
2022-12-27T11:21:11.3845570Z   Using cached packaging-21.3-py3-none-any.whl (40 kB)
2022-12-27T11:21:11.4018760Z Collecting typing-extensions
2022-12-27T11:21:11.4039290Z   Using cached typing_extensions-4.4.0-py3-none-any.whl (26 kB)
2022-12-27T11:21:11.4419410Z Collecting pyparsing!=3.0.5,>=2.0.2
2022-12-27T11:21:11.4441100Z   Using cached pyparsing-3.0.9-py3-none-any.whl (98 kB)
2022-12-27T11:21:11.4824020Z Installing collected packages: typing-extensions, pyparsing, packaging, delocate
2022-12-27T11:21:11.6187770Z Successfully installed delocate-0.10.3 packaging-21.3 pyparsing-3.0.9 typing-extensions-4.4.0
2022-12-27T11:21:11.6593890Z ##[endgroup]
2022-12-27T11:21:11.6594600Z                                                               [32mâœ“ [0m0.89s
2022-12-27T11:21:11.6595110Z ##[group]Running before_build...
2022-12-27T11:21:11.6595270Z 
2022-12-27T11:21:11.6600690Z + pip install Cython; if [[ -f requirements.txt ]]; then pip install -r requirements.txt; fi
2022-12-27T11:21:12.3386880Z Collecting Cython
2022-12-27T11:21:12.3433720Z   Using cached Cython-0.29.32-py2.py3-none-any.whl (986 kB)
2022-12-27T11:21:12.3882080Z Installing collected packages: Cython
2022-12-27T11:21:12.8332380Z Successfully installed Cython-0.29.32
2022-12-27T11:21:12.8741530Z ##[endgroup]
2022-12-27T11:21:12.8742070Z                                                               [32mâœ“ [0m1.21s
2022-12-27T11:21:12.8742620Z ##[group]Building wheel...
2022-12-27T11:21:12.8742750Z 
2022-12-27T11:21:12.8747470Z + python -m pip wheel /Users/runner/actions-runner/_work/python.build/python.build/build_lxml1238/lxml-1.2 --wheel-dir=/private/var/folders/51/hd414ycd67n82196sw51xqtc0000gn/T/cibw-run-o2xsu3sj/cp38-macosx_arm64/built_wheel --no-deps -vvv
2022-12-27T11:21:13.1583150Z Created temporary directory: /private/var/folders/51/hd414ycd67n82196sw51xqtc0000gn/T/pip-ephem-wheel-cache-sxvqixfp
2022-12-27T11:21:13.1587790Z Created temporary directory: /private/var/folders/51/hd414ycd67n82196sw51xqtc0000gn/T/pip-build-tracker-fi48mttp
2022-12-27T11:21:13.1589920Z Initialized build tracking at /private/var/folders/51/hd414ycd67n82196sw51xqtc0000gn/T/pip-build-tracker-fi48mttp
2022-12-27T11:21:13.1591290Z Created build tracker: /private/var/folders/51/hd414ycd67n82196sw51xqtc0000gn/T/pip-build-tracker-fi48mttp
2022-12-27T11:21:13.1593050Z Entered build tracker: /private/var/folders/51/hd414ycd67n82196sw51xqtc0000gn/T/pip-build-tracker-fi48mttp
2022-12-27T11:21:13.1596480Z Created temporary directory: /private/var/folders/51/hd414ycd67n82196sw51xqtc0000gn/T/pip-wheel-442fi80i
2022-12-27T11:21:13.1602920Z Created temporary directory: /private/var/folders/51/hd414ycd67n82196sw51xqtc0000gn/T/pip-ephem-wheel-cache-sq7_dfoh
2022-12-27T11:21:13.1685300Z Processing /Users/runner/actions-runner/_work/python.build/python.build/build_lxml1238/lxml-1.2
2022-12-27T11:21:13.1691060Z   Added file:///Users/runner/actions-runner/_work/python.build/python.build/build_lxml1238/lxml-1.2 to build tracker '/private/var/folders/51/hd414ycd67n82196sw51xqtc0000gn/T/pip-build-tracker-fi48mttp'
2022-12-27T11:21:13.1694960Z   Running setup.py (path:/Users/runner/actions-runner/_work/python.build/python.build/build_lxml1238/lxml-1.2/setup.py) egg_info for package from file:///Users/runner/actions-runner/_work/python.build/python.build/build_lxml1238/lxml-1.2
2022-12-27T11:21:13.1698440Z   Created temporary directory: /private/var/folders/51/hd414ycd67n82196sw51xqtc0000gn/T/pip-pip-egg-info-4gi3ruyn
2022-12-27T11:21:13.1699990Z   Preparing metadata (setup.py): started
2022-12-27T11:21:13.1701900Z   Running command python setup.py egg_info
2022-12-27T11:21:13.3351530Z   Traceback (most recent call last):
2022-12-27T11:21:13.3359520Z     File "<string>", line 2, in <module>
2022-12-27T11:21:13.3360110Z     File "<pip-setuptools-caller>", line 34, in <module>
2022-12-27T11:21:13.3360560Z     File "/Users/runner/actions-runner/_work/python.build/python.build/build_lxml1238/lxml-1.2/setup.py", line 25
2022-12-27T11:21:13.3360810Z       print "Building lxml version", svn_version
2022-12-27T11:21:13.3361460Z             ^
2022-12-27T11:21:13.3361830Z   SyntaxError: Missing parentheses in call to 'print'. Did you mean print("Building lxml version", svn_version)?
2022-12-27T11:21:13.3632530Z   error: subprocess-exited-with-error
2022-12-27T11:21:13.3632830Z   
2022-12-27T11:21:13.3633150Z   Ã— python setup.py egg_info did not run successfully.
2022-12-27T11:21:13.3633640Z   â”‚ exit code: 1
2022-12-27T11:21:13.3633930Z   â•°â”€> See above for output.
2022-12-27T11:21:13.3634410Z   
2022-12-27T11:21:13.3634640Z   note: This error originates from a subprocess, and is likely not a problem with pip.
2022-12-27T11:21:13.3642430Z   full command: /private/var/folders/51/hd414ycd67n82196sw51xqtc0000gn/T/cibw-run-o2xsu3sj/cp38-macosx_arm64/build/venv/bin/python -c '
2022-12-27T11:21:13.3642910Z   exec(compile('"'"''"'"''"'"'
2022-12-27T11:21:13.3643250Z   # This is <pip-setuptools-caller> -- a caller that pip uses to run setup.py
2022-12-27T11:21:13.3643440Z   #
2022-12-27T11:21:13.3643860Z   # - It imports setuptools before invoking setup.py, to enable projects that directly
2022-12-27T11:21:13.3644150Z   #   import from `distutils.core` to work with newer packaging standards.
2022-12-27T11:21:13.3644430Z   # - It provides a clear error message when setuptools is not installed.
2022-12-27T11:21:13.3644750Z   # - It sets `sys.argv[0]` to the underlying `setup.py`, when invoking `setup.py` so
2022-12-27T11:21:13.3645250Z   #   setuptools doesn'"'"'t think the script is `-c`. This avoids the following warning:
2022-12-27T11:21:13.3645550Z   #     manifest_maker: standard file '"'"'-c'"'"' not found".
2022-12-27T11:21:13.3645810Z   # - It generates a shim setup.py, for handling setup.cfg-only projects.
2022-12-27T11:21:13.3646140Z   import os, sys, tokenize
2022-12-27T11:21:13.3646320Z   
2022-12-27T11:21:13.3646870Z   try:
2022-12-27T11:21:13.3647090Z       import setuptools
2022-12-27T11:21:13.3647440Z   except ImportError as error:
2022-12-27T11:21:13.3647590Z       print(
2022-12-27T11:21:13.3647820Z           "ERROR: Can not execute `setup.py` since setuptools is not available in "
2022-12-27T11:21:13.3648040Z           "the build environment.",
2022-12-27T11:21:13.3648200Z           file=sys.stderr,
2022-12-27T11:21:13.3648490Z       )
2022-12-27T11:21:13.3648650Z       sys.exit(1)
2022-12-27T11:21:13.3648780Z   
2022-12-27T11:21:13.3648940Z   __file__ = %r
2022-12-27T11:21:13.3649110Z   sys.argv[0] = __file__
2022-12-27T11:21:13.3649360Z   
2022-12-27T11:21:13.3649530Z   if os.path.exists(__file__):
2022-12-27T11:21:13.3649720Z       filename = __file__
2022-12-27T11:21:13.3649880Z       with tokenize.open(__file__) as f:
2022-12-27T11:21:13.3650090Z           setup_py_code = f.read()
2022-12-27T11:21:13.3650370Z   else:
2022-12-27T11:21:13.3650600Z       filename = "<auto-generated setuptools caller>"
2022-12-27T11:21:13.3650840Z       setup_py_code = "from setuptools import setup; setup()"
2022-12-27T11:21:13.3651050Z   
2022-12-27T11:21:13.3651350Z   exec(compile(setup_py_code, filename, "exec"))
2022-12-27T11:21:13.3651890Z   '"'"''"'"''"'"' % ('"'"'/Users/runner/actions-runner/_work/python.build/python.build/build_lxml1238/lxml-1.2/setup.py'"'"',), "<pip-setuptools-caller>", "exec"))' egg_info --egg-base /private/var/folders/51/hd414ycd67n82196sw51xqtc0000gn/T/pip-pip-egg-info-4gi3ruyn
2022-12-27T11:21:13.3652470Z   cwd: /Users/runner/actions-runner/_work/python.build/python.build/build_lxml1238/lxml-1.2/
2022-12-27T11:21:13.3652810Z   Preparing metadata (setup.py): finished with status 'error'
2022-12-27T11:21:13.3659760Z error: metadata-generation-failed
2022-12-27T11:21:13.3659880Z 
2022-12-27T11:21:13.3660210Z Ã— Encountered error while generating package metadata.
2022-12-27T11:21:13.3660480Z â•°â”€> See above for output.
2022-12-27T11:21:13.3660600Z 
2022-12-27T11:21:13.3660730Z note: This is an issue with the package mentioned above, not pip.
2022-12-27T11:21:13.3660910Z hint: See above for details.
2022-12-27T11:21:13.3687200Z Exception information:
2022-12-27T11:21:13.3688400Z Traceback (most recent call last):
2022-12-27T11:21:13.3689130Z   File "/private/var/folders/51/hd414ycd67n82196sw51xqtc0000gn/T/cibw-run-o2xsu3sj/cp38-macosx_arm64/build/venv/lib/python3.8/site-packages/pip/_internal/operations/build/metadata_legacy.py", line 64, in generate_metadata
2022-12-27T11:21:13.3689560Z     call_subprocess(
2022-12-27T11:21:13.3690310Z   File "/private/var/folders/51/hd414ycd67n82196sw51xqtc0000gn/T/cibw-run-o2xsu3sj/cp38-macosx_arm64/build/venv/lib/python3.8/site-packages/pip/_internal/utils/subprocess.py", line 224, in call_subprocess
2022-12-27T11:21:13.3690640Z     raise error
2022-12-27T11:21:13.3690970Z pip._internal.exceptions.InstallationSubprocessError: python setup.py egg_info exited with 1
2022-12-27T11:21:13.3691330Z 
2022-12-27T11:21:13.3691490Z The above exception was the direct cause of the following exception:
2022-12-27T11:21:13.3691660Z 
2022-12-27T11:21:13.3691770Z Traceback (most recent call last):
2022-12-27T11:21:13.3692540Z   File "/private/var/folders/51/hd414ycd67n82196sw51xqtc0000gn/T/cibw-run-o2xsu3sj/cp38-macosx_arm64/build/venv/lib/python3.8/site-packages/pip/_internal/cli/base_command.py", line 160, in exc_logging_wrapper
2022-12-27T11:21:13.3693090Z     status = run_func(*args)
2022-12-27T11:21:13.3693660Z   File "/private/var/folders/51/hd414ycd67n82196sw51xqtc0000gn/T/cibw-run-o2xsu3sj/cp38-macosx_arm64/build/venv/lib/python3.8/site-packages/pip/_internal/cli/req_command.py", line 247, in wrapper
2022-12-27T11:21:13.3694020Z     return func(self, options, args)
2022-12-27T11:21:13.3694550Z   File "/private/var/folders/51/hd414ycd67n82196sw51xqtc0000gn/T/cibw-run-o2xsu3sj/cp38-macosx_arm64/build/venv/lib/python3.8/site-packages/pip/_internal/commands/wheel.py", line 170, in run
2022-12-27T11:21:13.3695270Z     requirement_set = resolver.resolve(reqs, check_supported_wheels=True)
2022-12-27T11:21:13.3696230Z   File "/private/var/folders/51/hd414ycd67n82196sw51xqtc0000gn/T/cibw-run-o2xsu3sj/cp38-macosx_arm64/build/venv/lib/python3.8/site-packages/pip/_internal/resolution/resolvelib/resolver.py", line 73, in resolve
2022-12-27T11:21:13.3696720Z     collected = self.factory.collect_root_requirements(root_reqs)
2022-12-27T11:21:13.3697350Z   File "/private/var/folders/51/hd414ycd67n82196sw51xqtc0000gn/T/cibw-run-o2xsu3sj/cp38-macosx_arm64/build/venv/lib/python3.8/site-packages/pip/_internal/resolution/resolvelib/factory.py", line 491, in collect_root_requirements
2022-12-27T11:21:13.3698120Z     req = self._make_requirement_from_install_req(
2022-12-27T11:21:13.3698730Z   File "/private/var/folders/51/hd414ycd67n82196sw51xqtc0000gn/T/cibw-run-o2xsu3sj/cp38-macosx_arm64/build/venv/lib/python3.8/site-packages/pip/_internal/resolution/resolvelib/factory.py", line 453, in _make_requirement_from_install_req
2022-12-27T11:21:13.3699070Z     cand = self._make_candidate_from_link(
2022-12-27T11:21:13.3699570Z   File "/private/var/folders/51/hd414ycd67n82196sw51xqtc0000gn/T/cibw-run-o2xsu3sj/cp38-macosx_arm64/build/venv/lib/python3.8/site-packages/pip/_internal/resolution/resolvelib/factory.py", line 206, in _make_candidate_from_link
2022-12-27T11:21:13.3699980Z     self._link_candidate_cache[link] = LinkCandidate(
2022-12-27T11:21:13.3700420Z   File "/private/var/folders/51/hd414ycd67n82196sw51xqtc0000gn/T/cibw-run-o2xsu3sj/cp38-macosx_arm64/build/venv/lib/python3.8/site-packages/pip/_internal/resolution/resolvelib/candidates.py", line 297, in __init__
2022-12-27T11:21:13.3700730Z     super().__init__(
2022-12-27T11:21:13.3701170Z   File "/private/var/folders/51/hd414ycd67n82196sw51xqtc0000gn/T/cibw-run-o2xsu3sj/cp38-macosx_arm64/build/venv/lib/python3.8/site-packages/pip/_internal/resolution/resolvelib/candidates.py", line 162, in __init__
2022-12-27T11:21:13.3701540Z     self.dist = self._prepare()
2022-12-27T11:21:13.3701990Z   File "/private/var/folders/51/hd414ycd67n82196sw51xqtc0000gn/T/cibw-run-o2xsu3sj/cp38-macosx_arm64/build/venv/lib/python3.8/site-packages/pip/_internal/resolution/resolvelib/candidates.py", line 231, in _prepare
2022-12-27T11:21:13.3702510Z     dist = self._prepare_distribution()
2022-12-27T11:21:13.3703090Z   File "/private/var/folders/51/hd414ycd67n82196sw51xqtc0000gn/T/cibw-run-o2xsu3sj/cp38-macosx_arm64/build/venv/lib/python3.8/site-packages/pip/_internal/resolution/resolvelib/candidates.py", line 308, in _prepare_distribution
2022-12-27T11:21:13.3703500Z     return preparer.prepare_linked_requirement(self._ireq, parallel_builds=True)
2022-12-27T11:21:13.3704110Z   File "/private/var/folders/51/hd414ycd67n82196sw51xqtc0000gn/T/cibw-run-o2xsu3sj/cp38-macosx_arm64/build/venv/lib/python3.8/site-packages/pip/_internal/operations/prepare.py", line 491, in prepare_linked_requirement
2022-12-27T11:21:13.3704450Z     return self._prepare_linked_requirement(req, parallel_builds)
2022-12-27T11:21:13.3704930Z   File "/private/var/folders/51/hd414ycd67n82196sw51xqtc0000gn/T/cibw-run-o2xsu3sj/cp38-macosx_arm64/build/venv/lib/python3.8/site-packages/pip/_internal/operations/prepare.py", line 577, in _prepare_linked_requirement
2022-12-27T11:21:13.3705250Z     dist = _get_prepared_distribution(
2022-12-27T11:21:13.3705750Z   File "/private/var/folders/51/hd414ycd67n82196sw51xqtc0000gn/T/cibw-run-o2xsu3sj/cp38-macosx_arm64/build/venv/lib/python3.8/site-packages/pip/_internal/operations/prepare.py", line 69, in _get_prepared_distribution
2022-12-27T11:21:13.3706080Z     abstract_dist.prepare_distribution_metadata(
2022-12-27T11:21:13.3706560Z   File "/private/var/folders/51/hd414ycd67n82196sw51xqtc0000gn/T/cibw-run-o2xsu3sj/cp38-macosx_arm64/build/venv/lib/python3.8/site-packages/pip/_internal/distributions/sdist.py", line 61, in prepare_distribution_metadata
2022-12-27T11:21:13.3706870Z     self.req.prepare_metadata()
2022-12-27T11:21:13.3707540Z   File "/private/var/folders/51/hd414ycd67n82196sw51xqtc0000gn/T/cibw-run-o2xsu3sj/cp38-macosx_arm64/build/venv/lib/python3.8/site-packages/pip/_internal/req/req_install.py", line 541, in prepare_metadata
2022-12-27T11:21:13.3707860Z     self.metadata_directory = generate_metadata_legacy(
2022-12-27T11:21:13.3708360Z   File "/private/var/folders/51/hd414ycd67n82196sw51xqtc0000gn/T/cibw-run-o2xsu3sj/cp38-macosx_arm64/build/venv/lib/python3.8/site-packages/pip/_internal/operations/build/metadata_legacy.py", line 71, in generate_metadata
2022-12-27T11:21:13.3708730Z     raise MetadataGenerationFailed(package_details=details) from error
2022-12-27T11:21:13.3709020Z pip._internal.exceptions.MetadataGenerationFailed: metadata generation failed
2022-12-27T11:21:13.3709600Z Removed file:///Users/runner/actions-runner/_work/python.build/python.build/build_lxml1238/lxml-1.2 from build tracker '/private/var/folders/51/hd414ycd67n82196sw51xqtc0000gn/T/pip-build-tracker-fi48mttp'
2022-12-27T11:21:13.3710020Z Removed build tracker: '/private/var/folders/51/hd414ycd67n82196sw51xqtc0000gn/T/pip-build-tracker-fi48mttp'
2022-12-27T11:21:13.4014160Z ##[endgroup]
2022-12-27T11:21:13.4014780Z                                                               [31mâœ• [0m0.53s
2022-12-27T11:21:13.4385730Z ##[error]Command ['python', '-m', 'pip', 'wheel', '/Users/runner/actions-runner/_work/python.build/python.build/build_lxml1238/lxml-1.2', '--wheel-dir=/private/var/folders/51/hd414ycd67n82196sw51xqtc0000gn/T/cibw-run-o2xsu3sj/cp38-macosx_arm64/built_wheel', '--no-deps', '-vvv'] failed with code 1. None
2022-12-27T11:21:13.4392210Z 
2022-12-27T11:21:13.4486550Z ##[error]Process completed with exit code 1.
2022-12-27T11:21:13.4578760Z ##[group]Run rm -rf build_lxml1238 wheelsout
2022-12-27T11:21:13.4579040Z [36;1mrm -rf build_lxml1238 wheelsout[0m
2022-12-27T11:21:13.4594290Z shell: /bin/bash -e {0}
2022-12-27T11:21:13.4594490Z env:
2022-12-27T11:21:13.4594710Z   pythonLocation: /Users/runner/hostedtoolcache/Python/3.8.15/x64
2022-12-27T11:21:13.4594930Z   PKG_CONFIG_PATH: /Users/runner/hostedtoolcache/Python/3.8.15/x64/lib/pkgconfig
2022-12-27T11:21:13.4595150Z   Python_ROOT_DIR: /Users/runner/hostedtoolcache/Python/3.8.15/x64
2022-12-27T11:21:13.4595360Z   Python2_ROOT_DIR: /Users/runner/hostedtoolcache/Python/3.8.15/x64
2022-12-27T11:21:13.4595790Z   Python3_ROOT_DIR: /Users/runner/hostedtoolcache/Python/3.8.15/x64
2022-12-27T11:21:13.4595950Z ##[endgroup]
2022-12-27T11:21:13.4892410Z Cleaning up orphan processes
