2022-12-27T02:00:07.9845368Z Requested labels: self-hosted, macOS, X64
2022-12-27T02:00:07.9845445Z Job defined at: kilnbuild/python.build/.github/workflows/mac_arm_build.yml@refs/heads/main
2022-12-27T02:00:07.9845477Z Waiting for a runner to pick up this job...
2022-12-27T03:20:57.3549775Z Job is about to start running on the runner: kr1 (organization)
2022-12-27T03:20:59.6736080Z Current runner version: '2.300.2'
2022-12-27T03:20:59.6747660Z Runner name: 'kr1'
2022-12-27T03:20:59.6748200Z Runner group name: 'Default'
2022-12-27T03:20:59.6749210Z Machine name: 'kr1'
2022-12-27T03:20:59.6752100Z ##[group]GITHUB_TOKEN Permissions
2022-12-27T03:20:59.6752910Z Actions: write
2022-12-27T03:20:59.6753190Z Checks: write
2022-12-27T03:20:59.6753460Z Contents: write
2022-12-27T03:20:59.6753740Z Deployments: write
2022-12-27T03:20:59.6754020Z Discussions: write
2022-12-27T03:20:59.6754290Z Issues: write
2022-12-27T03:20:59.6754560Z Metadata: read
2022-12-27T03:20:59.6754820Z Packages: write
2022-12-27T03:20:59.6755100Z Pages: write
2022-12-27T03:20:59.6755390Z PullRequests: write
2022-12-27T03:20:59.6755720Z RepositoryProjects: write
2022-12-27T03:20:59.6756040Z SecurityEvents: write
2022-12-27T03:20:59.6756330Z Statuses: write
2022-12-27T03:20:59.6756600Z ##[endgroup]
2022-12-27T03:20:59.6762820Z Secret source: Actions
2022-12-27T03:20:59.6763630Z Prepare workflow directory
2022-12-27T03:20:59.7917030Z Prepare all required actions
2022-12-27T03:20:59.8120160Z Getting action download info
2022-12-27T03:21:00.2652260Z Download action repository 'actions/setup-python@v4' (SHA:5ccb29d8773c3f3f653e1705f474dfaa8a06a912)
2022-12-27T03:21:02.2423180Z Download action repository 'actions/upload-artifact@v3' (SHA:83fd05a356d7e2593de66fc9913b3002723633cb)
2022-12-27T03:21:03.7819490Z ##[group]Run echo '{
2022-12-27T03:21:03.7819980Z [36;1mecho '{[0m
2022-12-27T03:21:03.7820330Z [36;1m  "environment_variables": "GRPC_PYTHON_BUILD_WITH_CYTHON=1 GRPC_BUILD_WITH_BORING_SSL_ASM='' GRPC_PYTHON_BUILD_SYSTEM_OPENSSL=TRUE",[0m
2022-12-27T03:21:03.7820670Z [36;1m  "package_name": "grpcio",[0m
2022-12-27T03:21:03.7821310Z [36;1m  "package_url": "https://files.pythonhosted.org/packages/c1/ff/be9b347b6d3ac23b45a2cfc848aff7488dfb85f0bc18e4ea5f693d0ce739/grpcio-0.9.0a0.tar.gz",[0m
2022-12-27T03:21:03.7821680Z [36;1m  "package_version": "0.9.0a0",[0m
2022-12-27T03:21:03.7821980Z [36;1m  "python_version": "3.10",[0m
2022-12-27T03:21:03.7822250Z [36;1m  "use_ccache": "true"[0m
2022-12-27T03:21:03.7822420Z [36;1m}'[0m
2022-12-27T03:21:03.7850940Z shell: /bin/bash -e {0}
2022-12-27T03:21:03.7851260Z ##[endgroup]
2022-12-27T03:21:03.8262180Z {
2022-12-27T03:21:03.8265330Z   "environment_variables": "GRPC_PYTHON_BUILD_WITH_CYTHON=1 GRPC_BUILD_WITH_BORING_SSL_ASM= GRPC_PYTHON_BUILD_SYSTEM_OPENSSL=TRUE",
2022-12-27T03:21:03.8265880Z   "package_name": "grpcio",
2022-12-27T03:21:03.8267560Z   "package_url": "https://files.pythonhosted.org/packages/c1/ff/be9b347b6d3ac23b45a2cfc848aff7488dfb85f0bc18e4ea5f693d0ce739/grpcio-0.9.0a0.tar.gz",
2022-12-27T03:21:03.8268110Z   "package_version": "0.9.0a0",
2022-12-27T03:21:03.8268410Z   "python_version": "3.10",
2022-12-27T03:21:03.8268760Z   "use_ccache": "true"
2022-12-27T03:21:03.8269160Z }
2022-12-27T03:21:03.8644240Z ##[group]Run actions/setup-python@v4
2022-12-27T03:21:03.8644740Z with:
2022-12-27T03:21:03.8645020Z   python-version: 3.10
2022-12-27T03:21:03.8645390Z   check-latest: false
2022-12-27T03:21:03.8646260Z   token: ***
2022-12-27T03:21:03.8646630Z   update-environment: true
2022-12-27T03:21:03.8646910Z ##[endgroup]
2022-12-27T03:21:04.0867050Z ##[group]Installed versions
2022-12-27T03:21:04.0935270Z Successfully set up CPython (3.10.9)
2022-12-27T03:21:04.0936690Z ##[endgroup]
2022-12-27T03:21:04.1194940Z ##[group]Run if [ "true" == "true" ]
2022-12-27T03:21:04.1195660Z [36;1mif [ "true" == "true" ][0m
2022-12-27T03:21:04.1196170Z [36;1mthen[0m
2022-12-27T03:21:04.1196550Z [36;1m  echo "CCACHE_PATH_PREPEND=/usr/local/opt/ccache/libexec" >> $GITHUB_OUTPUT[0m
2022-12-27T03:21:04.1197000Z [36;1melse[0m
2022-12-27T03:21:04.1197530Z [36;1m  echo "CCACHE_PATH_PREPEND=" >> $GITHUB_OUTPUT[0m
2022-12-27T03:21:04.1197940Z [36;1mfi[0m
2022-12-27T03:21:04.1231650Z shell: /bin/bash -e {0}
2022-12-27T03:21:04.1232050Z env:
2022-12-27T03:21:04.1232630Z   pythonLocation: /Users/runner/hostedtoolcache/Python/3.10.9/x64
2022-12-27T03:21:04.1233070Z   PKG_CONFIG_PATH: /Users/runner/hostedtoolcache/Python/3.10.9/x64/lib/pkgconfig
2022-12-27T03:21:04.1234640Z   Python_ROOT_DIR: /Users/runner/hostedtoolcache/Python/3.10.9/x64
2022-12-27T03:21:04.1235150Z   Python2_ROOT_DIR: /Users/runner/hostedtoolcache/Python/3.10.9/x64
2022-12-27T03:21:04.1235850Z   Python3_ROOT_DIR: /Users/runner/hostedtoolcache/Python/3.10.9/x64
2022-12-27T03:21:04.1236320Z ##[endgroup]
2022-12-27T03:21:04.1543560Z ##[group]Run echo "BUILD_NAME=$(echo grpcio_0.9.0a0_3.10 | tr -dc '[:alnum:]\n\r' | tr '[:upper:]' '[:lower:]')" >> $GITHUB_OUTPUT
2022-12-27T03:21:04.1544230Z [36;1mecho "BUILD_NAME=$(echo grpcio_0.9.0a0_3.10 | tr -dc '[:alnum:]\n\r' | tr '[:upper:]' '[:lower:]')" >> $GITHUB_OUTPUT[0m
2022-12-27T03:21:04.1570700Z shell: /bin/bash -e {0}
2022-12-27T03:21:04.1570880Z env:
2022-12-27T03:21:04.1571120Z   pythonLocation: /Users/runner/hostedtoolcache/Python/3.10.9/x64
2022-12-27T03:21:04.1571500Z   PKG_CONFIG_PATH: /Users/runner/hostedtoolcache/Python/3.10.9/x64/lib/pkgconfig
2022-12-27T03:21:04.1571810Z   Python_ROOT_DIR: /Users/runner/hostedtoolcache/Python/3.10.9/x64
2022-12-27T03:21:04.1572200Z   Python2_ROOT_DIR: /Users/runner/hostedtoolcache/Python/3.10.9/x64
2022-12-27T03:21:04.1572500Z   Python3_ROOT_DIR: /Users/runner/hostedtoolcache/Python/3.10.9/x64
2022-12-27T03:21:04.1572730Z ##[endgroup]
2022-12-27T03:21:04.1805410Z ##[group]Run echo "PYTHON_NO_DOTS=$(echo 3.10 | tr -dc '[:alnum:]\n\r' | tr '[:upper:]' '[:lower:]')" >> $GITHUB_OUTPUT
2022-12-27T03:21:04.1806000Z [36;1mecho "PYTHON_NO_DOTS=$(echo 3.10 | tr -dc '[:alnum:]\n\r' | tr '[:upper:]' '[:lower:]')" >> $GITHUB_OUTPUT[0m
2022-12-27T03:21:04.1832990Z shell: /bin/bash -e {0}
2022-12-27T03:21:04.1833310Z env:
2022-12-27T03:21:04.1833670Z   pythonLocation: /Users/runner/hostedtoolcache/Python/3.10.9/x64
2022-12-27T03:21:04.1835250Z   PKG_CONFIG_PATH: /Users/runner/hostedtoolcache/Python/3.10.9/x64/lib/pkgconfig
2022-12-27T03:21:04.1835710Z   Python_ROOT_DIR: /Users/runner/hostedtoolcache/Python/3.10.9/x64
2022-12-27T03:21:04.1836200Z   Python2_ROOT_DIR: /Users/runner/hostedtoolcache/Python/3.10.9/x64
2022-12-27T03:21:04.1836700Z   Python3_ROOT_DIR: /Users/runner/hostedtoolcache/Python/3.10.9/x64
2022-12-27T03:21:04.1837000Z ##[endgroup]
2022-12-27T03:21:04.2078910Z ##[group]Run rm -rf build_grpcio090a0310
2022-12-27T03:21:04.2079510Z [36;1mrm -rf build_grpcio090a0310[0m
2022-12-27T03:21:04.2079800Z [36;1mmkdir build_grpcio090a0310[0m
2022-12-27T03:21:04.2080130Z [36;1mcd build_grpcio090a0310[0m
2022-12-27T03:21:04.2080750Z [36;1m/usr/local/bin/wget --quiet https://files.pythonhosted.org/packages/c1/ff/be9b347b6d3ac23b45a2cfc848aff7488dfb85f0bc18e4ea5f693d0ce739/grpcio-0.9.0a0.tar.gz[0m
2022-12-27T03:21:04.2081330Z [36;1mtar xf *.tar.gz[0m
2022-12-27T03:21:04.2081600Z [36;1mcd grpcio-*/[0m
2022-12-27T03:21:04.2081950Z [36;1mpython -m pip install cibuildwheel==2.11.3[0m
2022-12-27T03:21:04.2082360Z [36;1mpython -m cibuildwheel --output-dir ../wheelsout[0m
2022-12-27T03:21:04.2110230Z shell: /bin/bash -e {0}
2022-12-27T03:21:04.2110650Z env:
2022-12-27T03:21:04.2111010Z   pythonLocation: /Users/runner/hostedtoolcache/Python/3.10.9/x64
2022-12-27T03:21:04.2111600Z   PKG_CONFIG_PATH: /Users/runner/hostedtoolcache/Python/3.10.9/x64/lib/pkgconfig
2022-12-27T03:21:04.2112740Z   Python_ROOT_DIR: /Users/runner/hostedtoolcache/Python/3.10.9/x64
2022-12-27T03:21:04.2113420Z   Python2_ROOT_DIR: /Users/runner/hostedtoolcache/Python/3.10.9/x64
2022-12-27T03:21:04.2113890Z   Python3_ROOT_DIR: /Users/runner/hostedtoolcache/Python/3.10.9/x64
2022-12-27T03:21:04.2114280Z   CIBW_ARCHS_MACOS: arm64
2022-12-27T03:21:04.2114680Z   CIBW_TEST_SKIP: *_arm64
2022-12-27T03:21:04.2115030Z   CIBW_BUILD: cp310-macosx_arm64
2022-12-27T03:21:04.2115400Z   CIBW_BUILD_FRONTEND: pip
2022-12-27T03:21:04.2115680Z   CIBW_BUILD_VERBOSITY: 3
2022-12-27T03:21:04.2116370Z   CIBW_ENVIRONMENT_MACOS: GRPC_PYTHON_BUILD_WITH_CYTHON=1 GRPC_BUILD_WITH_BORING_SSL_ASM='' GRPC_PYTHON_BUILD_SYSTEM_OPENSSL=TRUE CFLAGS="-I/usr/local/opt/openssl@3/include" LDFLAGS="-L/usr/local/opt/openssl@3/lib" CPPFLAGS="-I/usr/local/opt/openssl@3/include" MAKEFLAGS="-j$(sysctl -n hw.logicalcpu)" PATH=/usr/local/opt/ccache/libexec:$PATH
2022-12-27T03:21:04.2117800Z   CIBW_BEFORE_BUILD: pip install Cython; if [[ -f requirements.txt ]]; then pip install -r requirements.txt; fi
2022-12-27T03:21:04.2118270Z   MAKEFLAGS: -j$(sysctl -n hw.logicalcpu)
2022-12-27T03:21:04.2118620Z ##[endgroup]
2022-12-27T03:21:04.7992450Z Requirement already satisfied: cibuildwheel==2.11.3 in /Users/runner/hostedtoolcache/Python/3.10.9/x64/lib/python3.10/site-packages (2.11.3)
2022-12-27T03:21:04.8383050Z Requirement already satisfied: filelock in /Users/runner/hostedtoolcache/Python/3.10.9/x64/lib/python3.10/site-packages (from cibuildwheel==2.11.3) (3.8.2)
2022-12-27T03:21:04.8390120Z Requirement already satisfied: bashlex!=0.13 in /Users/runner/hostedtoolcache/Python/3.10.9/x64/lib/python3.10/site-packages (from cibuildwheel==2.11.3) (0.16)
2022-12-27T03:21:04.8396140Z Requirement already satisfied: bracex in /Users/runner/hostedtoolcache/Python/3.10.9/x64/lib/python3.10/site-packages (from cibuildwheel==2.11.3) (2.3.post1)
2022-12-27T03:21:04.8405000Z Requirement already satisfied: packaging>=20.9 in /Users/runner/hostedtoolcache/Python/3.10.9/x64/lib/python3.10/site-packages (from cibuildwheel==2.11.3) (22.0)
2022-12-27T03:21:04.8411250Z Requirement already satisfied: platformdirs in /Users/runner/hostedtoolcache/Python/3.10.9/x64/lib/python3.10/site-packages (from cibuildwheel==2.11.3) (2.6.0)
2022-12-27T03:21:04.8420660Z Requirement already satisfied: tomli in /Users/runner/hostedtoolcache/Python/3.10.9/x64/lib/python3.10/site-packages (from cibuildwheel==2.11.3) (2.0.1)
2022-12-27T03:21:04.8433190Z Requirement already satisfied: typing-extensions>=4.1.0 in /Users/runner/hostedtoolcache/Python/3.10.9/x64/lib/python3.10/site-packages (from cibuildwheel==2.11.3) (4.4.0)
2022-12-27T03:21:04.8442090Z Requirement already satisfied: certifi in /Users/runner/hostedtoolcache/Python/3.10.9/x64/lib/python3.10/site-packages (from cibuildwheel==2.11.3) (2022.12.7)
2022-12-27T03:21:05.1795690Z 
2022-12-27T03:21:05.1796640Z      _ _       _ _   _       _           _
2022-12-27T03:21:05.1798890Z  ___|_| |_ _ _|_| |_| |_ _ _| |_ ___ ___| |
2022-12-27T03:21:05.1803860Z |  _| | . | | | | | . | | | |   | -_| -_| |
2022-12-27T03:21:05.1804720Z |___|_|___|___|_|_|___|_____|_|_|___|___|_|
2022-12-27T03:21:05.1805160Z 
2022-12-27T03:21:05.1805510Z cibuildwheel version 2.11.3
2022-12-27T03:21:05.1805980Z 
2022-12-27T03:21:05.1806330Z Build options:
2022-12-27T03:21:05.1806910Z   platform: macos
2022-12-27T03:21:05.1893350Z   architectures: arm64[0m
2022-12-27T03:21:05.1894040Z   build_selector: 
2022-12-27T03:21:05.1894840Z     build_config: cp310-macosx_arm64
2022-12-27T03:21:05.1895500Z     skip_config: 
2022-12-27T03:21:05.1898380Z     requires_python: None
2022-12-27T03:21:05.1899600Z     prerelease_pythons: False[0m
2022-12-27T03:21:05.1900690Z   [38;5;244mcontainer_engine: docker[0m
2022-12-27T03:21:05.1901900Z   output_dir: /Users/runner/actions-runner/_work/python.build/python.build/build_grpcio090a0310/wheelsout[0m
2022-12-27T03:21:05.1903820Z   package_dir: /Users/runner/actions-runner/_work/python.build/python.build/build_grpcio090a0310/grpcio-0.9.0a0[0m
2022-12-27T03:21:05.1904560Z   test_selector: 
2022-12-27T03:21:05.1905840Z     skip_config: *_arm64[0m
2022-12-27T03:21:05.1906710Z   [38;5;244mbefore_all: [0m
2022-12-27T03:21:05.1907840Z   before_build: pip install Cython; if [[ -f requirements.txt ]]; then pip install -r requirements.txt; fi[0m
2022-12-27T03:21:05.1908930Z   [38;5;244mbefore_test: [0m
2022-12-27T03:21:05.1909760Z   [38;5;244mbuild_frontend: pip[0m
2022-12-27T03:21:05.1910550Z   build_verbosity: 3[0m
2022-12-27T03:21:05.1911230Z   [38;5;244mconfig_settings: [0m
2022-12-27T03:21:05.1912100Z   [38;5;244mdependency_constraints: pinned[0m
2022-12-27T03:21:05.1912960Z   environment: 
2022-12-27T03:21:05.1913520Z     GRPC_PYTHON_BUILD_WITH_CYTHON=1
2022-12-27T03:21:05.1914320Z     GRPC_BUILD_WITH_BORING_SSL_ASM=''
2022-12-27T03:21:05.1916070Z     GRPC_PYTHON_BUILD_SYSTEM_OPENSSL=TRUE
2022-12-27T03:21:05.1916890Z     CFLAGS="-I/usr/local/opt/openssl@3/include"
2022-12-27T03:21:05.1918070Z     LDFLAGS="-L/usr/local/opt/openssl@3/lib"
2022-12-27T03:21:05.1919010Z     CPPFLAGS="-I/usr/local/opt/openssl@3/include"
2022-12-27T03:21:05.1919800Z     MAKEFLAGS="-j$(sysctl -n hw.logicalcpu)"
2022-12-27T03:21:05.1920720Z     PATH=/usr/local/opt/ccache/libexec:$PATH[0m
2022-12-27T03:21:05.1921790Z   [38;5;244mmanylinux_images: None[0m
2022-12-27T03:21:05.1922780Z   [38;5;244mmusllinux_images: None[0m
2022-12-27T03:21:05.1923800Z   [38;5;244mrepair_command: delocate-wheel --require-archs {delocate_archs} -w {dest_dir} -v {wheel}[0m
2022-12-27T03:21:05.1924760Z   [38;5;244mtest_command: [0m
2022-12-27T03:21:05.1925540Z   [38;5;244mtest_extras: [0m
2022-12-27T03:21:05.1926400Z   [38;5;244mtest_requires: [0m
2022-12-27T03:21:05.1926790Z 
2022-12-27T03:21:05.1927160Z Cache folder: /Users/runner/Library/Caches/cibuildwheel
2022-12-27T03:21:05.1935780Z 
2022-12-27T03:21:05.1936610Z Here we go!
2022-12-27T03:21:05.1936990Z 
2022-12-27T03:21:05.2057290Z 
2022-12-27T03:21:05.2059130Z [1m[34mBuilding cp310-macosx_arm64 wheel[0m
2022-12-27T03:21:05.2059950Z CPython 3.10 macOS arm64 - Apple Silicon
2022-12-27T03:21:05.2060370Z 
2022-12-27T03:21:05.2064390Z ##[group]Installing Python cp310...
2022-12-27T03:21:05.2064710Z 
2022-12-27T03:21:05.2065970Z + pkgutil --pkgs
2022-12-27T03:21:05.2285300Z ##[endgroup]
2022-12-27T03:21:05.2287190Z                                                               [32m✓ [0m0.02s
2022-12-27T03:21:05.2288080Z ##[group]Setting up build environment...
2022-12-27T03:21:05.2288250Z 
2022-12-27T03:21:05.2337500Z + /Users/runner/hostedtoolcache/Python/3.10.9/x64/bin/python -sS /Users/runner/Library/Caches/cibuildwheel/virtualenv-20.17.0.pyz --activators= --no-periodic-update --pip=22.3.1 --setuptools=65.6.3 --wheel=0.38.4 --symlink-app-data --python /Library/Frameworks/Python.framework/Versions/3.10/bin/python3 /private/var/folders/51/hd414ycd67n82196sw51xqtc0000gn/T/cibw-run-w9abvih2/cp310-macosx_arm64/build/venv
2022-12-27T03:21:05.5492510Z created virtual environment CPython3.10.8.final.0-64 in 83ms
2022-12-27T03:21:05.5494360Z   creator CPython3Posix(dest=/private/var/folders/51/hd414ycd67n82196sw51xqtc0000gn/T/cibw-run-w9abvih2/cp310-macosx_arm64/build/venv, clear=False, no_vcs_ignore=False, global=False)
2022-12-27T03:21:05.5495290Z   seeder FromAppData(download=False, pip=22.3.1, setuptools=65.6.3, wheel=0.38.4, via=symlink, app_data_dir=/Users/runner/Library/Application Support/virtualenv)
2022-12-27T03:21:05.5495940Z     added seed packages: pip==22.3.1, setuptools==65.6.3, wheel==0.38.4
2022-12-27T03:21:05.5808490Z + python -m pip install --upgrade pip -c /Users/runner/hostedtoolcache/Python/3.10.9/x64/lib/python3.10/site-packages/cibuildwheel/resources/constraints-python310.txt
2022-12-27T03:21:06.0659630Z Requirement already satisfied: pip in ./lib/python3.10/site-packages (22.3.1)
2022-12-27T03:21:06.3295380Z + which pip
2022-12-27T03:21:06.3337540Z /private/var/folders/51/hd414ycd67n82196sw51xqtc0000gn/T/cibw-run-w9abvih2/cp310-macosx_arm64/build/venv/bin/pip
2022-12-27T03:21:06.3344280Z + pip --version
2022-12-27T03:21:06.6632680Z pip 22.3.1 from /private/var/folders/51/hd414ycd67n82196sw51xqtc0000gn/T/cibw-run-w9abvih2/cp310-macosx_arm64/build/venv/lib/python3.10/site-packages/pip (python 3.10)
2022-12-27T03:21:06.7199560Z + which pip
2022-12-27T03:21:06.7268090Z + which python
2022-12-27T03:21:06.7313170Z /private/var/folders/51/hd414ycd67n82196sw51xqtc0000gn/T/cibw-run-w9abvih2/cp310-macosx_arm64/build/venv/bin/python
2022-12-27T03:21:06.7316210Z + python --version
2022-12-27T03:21:06.7417410Z Python 3.10.8
2022-12-27T03:21:06.7426860Z + which python
2022-12-27T03:21:06.7559230Z ##[endgroup]
2022-12-27T03:21:06.7560550Z                                                               [32m✓ [0m1.53s
2022-12-27T03:21:06.7561360Z ##[group]Installing build tools...
2022-12-27T03:21:06.7561590Z 
2022-12-27T03:21:06.7562940Z + pip install --upgrade setuptools wheel delocate -c /Users/runner/hostedtoolcache/Python/3.10.9/x64/lib/python3.10/site-packages/cibuildwheel/resources/constraints-python310.txt
2022-12-27T03:21:07.2131750Z Requirement already satisfied: setuptools in /private/var/folders/51/hd414ycd67n82196sw51xqtc0000gn/T/cibw-run-w9abvih2/cp310-macosx_arm64/build/venv/lib/python3.10/site-packages (65.6.3)
2022-12-27T03:21:07.5257910Z Requirement already satisfied: wheel in /private/var/folders/51/hd414ycd67n82196sw51xqtc0000gn/T/cibw-run-w9abvih2/cp310-macosx_arm64/build/venv/lib/python3.10/site-packages (0.38.4)
2022-12-27T03:21:07.5980140Z Collecting delocate
2022-12-27T03:21:07.6071630Z   Using cached delocate-0.10.3-py3-none-any.whl (142 kB)
2022-12-27T03:21:07.6492070Z Collecting typing-extensions
2022-12-27T03:21:07.6536840Z   Using cached typing_extensions-4.4.0-py3-none-any.whl (26 kB)
2022-12-27T03:21:07.6903630Z Collecting packaging>=20.9
2022-12-27T03:21:07.6937670Z   Using cached packaging-21.3-py3-none-any.whl (40 kB)
2022-12-27T03:21:07.7510770Z Collecting pyparsing!=3.0.5,>=2.0.2
2022-12-27T03:21:07.7550620Z   Using cached pyparsing-3.0.9-py3-none-any.whl (98 kB)
2022-12-27T03:21:07.8074010Z Installing collected packages: typing-extensions, pyparsing, packaging, delocate
2022-12-27T03:21:08.0142680Z Successfully installed delocate-0.10.3 packaging-21.3 pyparsing-3.0.9 typing-extensions-4.4.0
2022-12-27T03:21:08.1415530Z ##[endgroup]
2022-12-27T03:21:08.1417050Z                                                               [32m✓ [0m1.39s
2022-12-27T03:21:08.1418070Z ##[group]Running before_build...
2022-12-27T03:21:08.1418470Z 
2022-12-27T03:21:08.1428550Z + pip install Cython; if [[ -f requirements.txt ]]; then pip install -r requirements.txt; fi
2022-12-27T03:21:09.1355500Z Collecting Cython
2022-12-27T03:21:09.1448220Z   Using cached Cython-0.29.32-py2.py3-none-any.whl (986 kB)
2022-12-27T03:21:09.2110110Z Installing collected packages: Cython
2022-12-27T03:21:09.9439840Z Successfully installed Cython-0.29.32
2022-12-27T03:21:10.0831340Z ##[endgroup]
2022-12-27T03:21:10.0833800Z                                                               [32m✓ [0m1.94s
2022-12-27T03:21:10.0836260Z ##[group]Building wheel...
2022-12-27T03:21:10.0836780Z 
2022-12-27T03:21:10.0841080Z + python -m pip wheel /Users/runner/actions-runner/_work/python.build/python.build/build_grpcio090a0310/grpcio-0.9.0a0 --wheel-dir=/private/var/folders/51/hd414ycd67n82196sw51xqtc0000gn/T/cibw-run-w9abvih2/cp310-macosx_arm64/built_wheel --no-deps -vvv
2022-12-27T03:21:10.5065700Z Created temporary directory: /private/var/folders/51/hd414ycd67n82196sw51xqtc0000gn/T/pip-ephem-wheel-cache-o5cfvtnm
2022-12-27T03:21:10.5084000Z Created temporary directory: /private/var/folders/51/hd414ycd67n82196sw51xqtc0000gn/T/pip-build-tracker-njkgu7o7
2022-12-27T03:21:10.5086740Z Initialized build tracking at /private/var/folders/51/hd414ycd67n82196sw51xqtc0000gn/T/pip-build-tracker-njkgu7o7
2022-12-27T03:21:10.5088200Z Created build tracker: /private/var/folders/51/hd414ycd67n82196sw51xqtc0000gn/T/pip-build-tracker-njkgu7o7
2022-12-27T03:21:10.5090960Z Entered build tracker: /private/var/folders/51/hd414ycd67n82196sw51xqtc0000gn/T/pip-build-tracker-njkgu7o7
2022-12-27T03:21:10.5097940Z Created temporary directory: /private/var/folders/51/hd414ycd67n82196sw51xqtc0000gn/T/pip-wheel-20l1umky
2022-12-27T03:21:10.5109540Z Created temporary directory: /private/var/folders/51/hd414ycd67n82196sw51xqtc0000gn/T/pip-ephem-wheel-cache-fzd7dz9j
2022-12-27T03:21:10.5407020Z Processing /Users/runner/actions-runner/_work/python.build/python.build/build_grpcio090a0310/grpcio-0.9.0a0
2022-12-27T03:21:10.5413210Z   Added file:///Users/runner/actions-runner/_work/python.build/python.build/build_grpcio090a0310/grpcio-0.9.0a0 to build tracker '/private/var/folders/51/hd414ycd67n82196sw51xqtc0000gn/T/pip-build-tracker-njkgu7o7'
2022-12-27T03:21:10.5419790Z   Running setup.py (path:/Users/runner/actions-runner/_work/python.build/python.build/build_grpcio090a0310/grpcio-0.9.0a0/setup.py) egg_info for package from file:///Users/runner/actions-runner/_work/python.build/python.build/build_grpcio090a0310/grpcio-0.9.0a0
2022-12-27T03:21:10.5425130Z   Created temporary directory: /private/var/folders/51/hd414ycd67n82196sw51xqtc0000gn/T/pip-pip-egg-info-e2sjuq7y
2022-12-27T03:21:10.5427340Z   Preparing metadata (setup.py): started
2022-12-27T03:21:10.5431290Z   Running command python setup.py egg_info
2022-12-27T03:21:10.8170050Z   running egg_info
2022-12-27T03:21:10.8173870Z   creating /private/var/folders/51/hd414ycd67n82196sw51xqtc0000gn/T/pip-pip-egg-info-e2sjuq7y/grpcio.egg-info
2022-12-27T03:21:10.8175550Z   writing /private/var/folders/51/hd414ycd67n82196sw51xqtc0000gn/T/pip-pip-egg-info-e2sjuq7y/grpcio.egg-info/PKG-INFO
2022-12-27T03:21:10.8177620Z   writing dependency_links to /private/var/folders/51/hd414ycd67n82196sw51xqtc0000gn/T/pip-pip-egg-info-e2sjuq7y/grpcio.egg-info/dependency_links.txt
2022-12-27T03:21:10.8183300Z   writing requirements to /private/var/folders/51/hd414ycd67n82196sw51xqtc0000gn/T/pip-pip-egg-info-e2sjuq7y/grpcio.egg-info/requires.txt
2022-12-27T03:21:10.8185890Z   writing top-level names to /private/var/folders/51/hd414ycd67n82196sw51xqtc0000gn/T/pip-pip-egg-info-e2sjuq7y/grpcio.egg-info/top_level.txt
2022-12-27T03:21:10.8189890Z   writing manifest file '/private/var/folders/51/hd414ycd67n82196sw51xqtc0000gn/T/pip-pip-egg-info-e2sjuq7y/grpcio.egg-info/SOURCES.txt'
2022-12-27T03:21:10.9742390Z   reading manifest file '/private/var/folders/51/hd414ycd67n82196sw51xqtc0000gn/T/pip-pip-egg-info-e2sjuq7y/grpcio.egg-info/SOURCES.txt'
2022-12-27T03:21:10.9747100Z   reading manifest template 'MANIFEST.in'
2022-12-27T03:21:10.9802700Z   writing manifest file '/private/var/folders/51/hd414ycd67n82196sw51xqtc0000gn/T/pip-pip-egg-info-e2sjuq7y/grpcio.egg-info/SOURCES.txt'
2022-12-27T03:21:11.0348920Z   Preparing metadata (setup.py): finished with status 'done'
2022-12-27T03:21:11.0385670Z   Source in /Users/runner/actions-runner/_work/python.build/python.build/build_grpcio090a0310/grpcio-0.9.0a0 has version 0.9.0a0, which satisfies requirement grpcio==0.9.0a0 from file:///Users/runner/actions-runner/_work/python.build/python.build/build_grpcio090a0310/grpcio-0.9.0a0
2022-12-27T03:21:11.0388470Z   Removed grpcio==0.9.0a0 from file:///Users/runner/actions-runner/_work/python.build/python.build/build_grpcio090a0310/grpcio-0.9.0a0 from build tracker '/private/var/folders/51/hd414ycd67n82196sw51xqtc0000gn/T/pip-build-tracker-njkgu7o7'
2022-12-27T03:21:11.0415790Z Created temporary directory: /private/var/folders/51/hd414ycd67n82196sw51xqtc0000gn/T/pip-unpack-230yr7hs
2022-12-27T03:21:11.0417470Z Building wheels for collected packages: grpcio
2022-12-27T03:21:11.0431850Z   Created temporary directory: /private/var/folders/51/hd414ycd67n82196sw51xqtc0000gn/T/pip-wheel-p31pe6oy
2022-12-27T03:21:11.0433140Z   Building wheel for grpcio (setup.py): started
2022-12-27T03:21:11.0435570Z   Destination directory: /private/var/folders/51/hd414ycd67n82196sw51xqtc0000gn/T/pip-wheel-p31pe6oy
2022-12-27T03:21:11.0437980Z   Running command python setup.py bdist_wheel
2022-12-27T03:21:11.3166270Z   running bdist_wheel
2022-12-27T03:21:11.4544270Z   running build
2022-12-27T03:21:11.4549270Z   running build_py
2022-12-27T03:21:11.4569670Z   creating build
2022-12-27T03:21:11.4571590Z   creating build/lib.macosx-11.0-arm64-cpython-310
2022-12-27T03:21:11.4574690Z   creating build/lib.macosx-11.0-arm64-cpython-310/grpc
2022-12-27T03:21:11.4576290Z   copying grpc/__init__.py -> build/lib.macosx-11.0-arm64-cpython-310/grpc
2022-12-27T03:21:11.4584660Z   creating build/lib.macosx-11.0-arm64-cpython-310/grpc/_adapter
2022-12-27T03:21:11.4587800Z   copying grpc/_adapter/fore.py -> build/lib.macosx-11.0-arm64-cpython-310/grpc/_adapter
2022-12-27T03:21:11.4594640Z   copying grpc/_adapter/_event_invocation_synchronous_event_service_test.py -> build/lib.macosx-11.0-arm64-cpython-310/grpc/_adapter
2022-12-27T03:21:11.4596420Z   copying grpc/_adapter/_lonely_rear_link_test.py -> build/lib.macosx-11.0-arm64-cpython-310/grpc/_adapter
2022-12-27T03:21:11.4599610Z   copying grpc/_adapter/_face_test_case.py -> build/lib.macosx-11.0-arm64-cpython-310/grpc/_adapter
2022-12-27T03:21:11.4604060Z   copying grpc/_adapter/_future_invocation_asynchronous_event_service_test.py -> build/lib.macosx-11.0-arm64-cpython-310/grpc/_adapter
2022-12-27T03:21:11.4608290Z   copying grpc/_adapter/_common.py -> build/lib.macosx-11.0-arm64-cpython-310/grpc/_adapter
2022-12-27T03:21:11.4615120Z   copying grpc/_adapter/__init__.py -> build/lib.macosx-11.0-arm64-cpython-310/grpc/_adapter
2022-12-27T03:21:11.4618360Z   copying grpc/_adapter/_low.py -> build/lib.macosx-11.0-arm64-cpython-310/grpc/_adapter
2022-12-27T03:21:11.4620380Z   copying grpc/_adapter/_blocking_invocation_inline_service_test.py -> build/lib.macosx-11.0-arm64-cpython-310/grpc/_adapter
2022-12-27T03:21:11.4622640Z   copying grpc/_adapter/_test_links.py -> build/lib.macosx-11.0-arm64-cpython-310/grpc/_adapter
2022-12-27T03:21:11.4627980Z   copying grpc/_adapter/rear.py -> build/lib.macosx-11.0-arm64-cpython-310/grpc/_adapter
2022-12-27T03:21:11.4632190Z   copying grpc/_adapter/_proto_scenarios.py -> build/lib.macosx-11.0-arm64-cpython-310/grpc/_adapter
2022-12-27T03:21:11.4636720Z   copying grpc/_adapter/_low_test.py -> build/lib.macosx-11.0-arm64-cpython-310/grpc/_adapter
2022-12-27T03:21:11.4640720Z   copying grpc/_adapter/_datatypes.py -> build/lib.macosx-11.0-arm64-cpython-310/grpc/_adapter
2022-12-27T03:21:11.4650930Z   copying grpc/_adapter/_links_test.py -> build/lib.macosx-11.0-arm64-cpython-310/grpc/_adapter
2022-12-27T03:21:11.4656120Z   copying grpc/_adapter/_c_test.py -> build/lib.macosx-11.0-arm64-cpython-310/grpc/_adapter
2022-12-27T03:21:11.4661250Z   creating build/lib.macosx-11.0-arm64-cpython-310/grpc/_junkdrawer
2022-12-27T03:21:11.4665950Z   copying grpc/_junkdrawer/stock_pb2.py -> build/lib.macosx-11.0-arm64-cpython-310/grpc/_junkdrawer
2022-12-27T03:21:11.4671010Z   copying grpc/_junkdrawer/__init__.py -> build/lib.macosx-11.0-arm64-cpython-310/grpc/_junkdrawer
2022-12-27T03:21:11.4674480Z   copying grpc/_junkdrawer/math_pb2.py -> build/lib.macosx-11.0-arm64-cpython-310/grpc/_junkdrawer
2022-12-27T03:21:11.4676980Z   creating build/lib.macosx-11.0-arm64-cpython-310/grpc/early_adopter
2022-12-27T03:21:11.4678860Z   copying grpc/early_adopter/__init__.py -> build/lib.macosx-11.0-arm64-cpython-310/grpc/early_adopter
2022-12-27T03:21:11.4681280Z   copying grpc/early_adopter/implementations_test.py -> build/lib.macosx-11.0-arm64-cpython-310/grpc/early_adopter
2022-12-27T03:21:11.4683710Z   copying grpc/early_adopter/implementations.py -> build/lib.macosx-11.0-arm64-cpython-310/grpc/early_adopter
2022-12-27T03:21:11.4689950Z   creating build/lib.macosx-11.0-arm64-cpython-310/grpc/framework
2022-12-27T03:21:11.4691680Z   copying grpc/framework/__init__.py -> build/lib.macosx-11.0-arm64-cpython-310/grpc/framework
2022-12-27T03:21:11.4700680Z   creating build/lib.macosx-11.0-arm64-cpython-310/grpc/framework/alpha
2022-12-27T03:21:11.4702970Z   copying grpc/framework/alpha/interfaces.py -> build/lib.macosx-11.0-arm64-cpython-310/grpc/framework/alpha
2022-12-27T03:21:11.4708100Z   copying grpc/framework/alpha/_face_utilities.py -> build/lib.macosx-11.0-arm64-cpython-310/grpc/framework/alpha
2022-12-27T03:21:11.4710580Z   copying grpc/framework/alpha/__init__.py -> build/lib.macosx-11.0-arm64-cpython-310/grpc/framework/alpha
2022-12-27T03:21:11.4716160Z   copying grpc/framework/alpha/exceptions.py -> build/lib.macosx-11.0-arm64-cpython-310/grpc/framework/alpha
2022-12-27T03:21:11.4718450Z   copying grpc/framework/alpha/_reexport.py -> build/lib.macosx-11.0-arm64-cpython-310/grpc/framework/alpha
2022-12-27T03:21:11.4723920Z   copying grpc/framework/alpha/utilities.py -> build/lib.macosx-11.0-arm64-cpython-310/grpc/framework/alpha
2022-12-27T03:21:11.4738880Z   creating build/lib.macosx-11.0-arm64-cpython-310/grpc/framework/base
2022-12-27T03:21:11.4740780Z   copying grpc/framework/base/interfaces.py -> build/lib.macosx-11.0-arm64-cpython-310/grpc/framework/base
2022-12-27T03:21:11.4745710Z   copying grpc/framework/base/_constants.py -> build/lib.macosx-11.0-arm64-cpython-310/grpc/framework/base
2022-12-27T03:21:11.4748240Z   copying grpc/framework/base/_expiration.py -> build/lib.macosx-11.0-arm64-cpython-310/grpc/framework/base
2022-12-27T03:21:11.4753450Z   copying grpc/framework/base/_transmission.py -> build/lib.macosx-11.0-arm64-cpython-310/grpc/framework/base
2022-12-27T03:21:11.4756720Z   copying grpc/framework/base/_reception.py -> build/lib.macosx-11.0-arm64-cpython-310/grpc/framework/base
2022-12-27T03:21:11.4762160Z   copying grpc/framework/base/_ingestion.py -> build/lib.macosx-11.0-arm64-cpython-310/grpc/framework/base
2022-12-27T03:21:11.4887050Z   copying grpc/framework/base/util.py -> build/lib.macosx-11.0-arm64-cpython-310/grpc/framework/base
2022-12-27T03:21:11.4887980Z   copying grpc/framework/base/_termination.py -> build/lib.macosx-11.0-arm64-cpython-310/grpc/framework/base
2022-12-27T03:21:11.4889000Z   copying grpc/framework/base/null.py -> build/lib.macosx-11.0-arm64-cpython-310/grpc/framework/base
2022-12-27T03:21:11.4889660Z   copying grpc/framework/base/__init__.py -> build/lib.macosx-11.0-arm64-cpython-310/grpc/framework/base
2022-12-27T03:21:11.4890390Z   copying grpc/framework/base/_interfaces.py -> build/lib.macosx-11.0-arm64-cpython-310/grpc/framework/base
2022-12-27T03:21:11.4891160Z   copying grpc/framework/base/_context.py -> build/lib.macosx-11.0-arm64-cpython-310/grpc/framework/base
2022-12-27T03:21:11.4891920Z   copying grpc/framework/base/implementations_test.py -> build/lib.macosx-11.0-arm64-cpython-310/grpc/framework/base
2022-12-27T03:21:11.4893560Z   copying grpc/framework/base/interfaces_test_case.py -> build/lib.macosx-11.0-arm64-cpython-310/grpc/framework/base
2022-12-27T03:21:11.4894320Z   copying grpc/framework/base/exceptions.py -> build/lib.macosx-11.0-arm64-cpython-310/grpc/framework/base
2022-12-27T03:21:11.4895030Z   copying grpc/framework/base/_ends.py -> build/lib.macosx-11.0-arm64-cpython-310/grpc/framework/base
2022-12-27T03:21:11.4895750Z   copying grpc/framework/base/_emission.py -> build/lib.macosx-11.0-arm64-cpython-310/grpc/framework/base
2022-12-27T03:21:11.4897380Z   copying grpc/framework/base/implementations.py -> build/lib.macosx-11.0-arm64-cpython-310/grpc/framework/base
2022-12-27T03:21:11.4898170Z   copying grpc/framework/base/in_memory.py -> build/lib.macosx-11.0-arm64-cpython-310/grpc/framework/base
2022-12-27T03:21:11.4898890Z   copying grpc/framework/base/_cancellation.py -> build/lib.macosx-11.0-arm64-cpython-310/grpc/framework/base
2022-12-27T03:21:11.4899550Z   creating build/lib.macosx-11.0-arm64-cpython-310/grpc/framework/common
2022-12-27T03:21:11.4900170Z   copying grpc/framework/common/style.py -> build/lib.macosx-11.0-arm64-cpython-310/grpc/framework/common
2022-12-27T03:21:11.4900840Z   copying grpc/framework/common/cardinality.py -> build/lib.macosx-11.0-arm64-cpython-310/grpc/framework/common
2022-12-27T03:21:11.4901510Z   copying grpc/framework/common/__init__.py -> build/lib.macosx-11.0-arm64-cpython-310/grpc/framework/common
2022-12-27T03:21:11.4902810Z   creating build/lib.macosx-11.0-arm64-cpython-310/grpc/framework/face
2022-12-27T03:21:11.4903410Z   copying grpc/framework/face/_service.py -> build/lib.macosx-11.0-arm64-cpython-310/grpc/framework/face
2022-12-27T03:21:11.4904140Z   copying grpc/framework/face/interfaces.py -> build/lib.macosx-11.0-arm64-cpython-310/grpc/framework/face
2022-12-27T03:21:11.4904850Z   copying grpc/framework/face/_control.py -> build/lib.macosx-11.0-arm64-cpython-310/grpc/framework/face
2022-12-27T03:21:11.4905620Z   copying grpc/framework/face/blocking_invocation_inline_service_test.py -> build/lib.macosx-11.0-arm64-cpython-310/grpc/framework/face
2022-12-27T03:21:11.4906290Z   copying grpc/framework/face/__init__.py -> build/lib.macosx-11.0-arm64-cpython-310/grpc/framework/face
2022-12-27T03:21:11.4906920Z   copying grpc/framework/face/demonstration.py -> build/lib.macosx-11.0-arm64-cpython-310/grpc/framework/face
2022-12-27T03:21:11.4907610Z   copying grpc/framework/face/_calls.py -> build/lib.macosx-11.0-arm64-cpython-310/grpc/framework/face
2022-12-27T03:21:11.4908770Z   copying grpc/framework/face/exceptions.py -> build/lib.macosx-11.0-arm64-cpython-310/grpc/framework/face
2022-12-27T03:21:11.4909400Z   copying grpc/framework/face/utilities.py -> build/lib.macosx-11.0-arm64-cpython-310/grpc/framework/face
2022-12-27T03:21:11.4910140Z   copying grpc/framework/face/event_invocation_synchronous_event_service_test.py -> build/lib.macosx-11.0-arm64-cpython-310/grpc/framework/face
2022-12-27T03:21:11.4910810Z   copying grpc/framework/face/_test_case.py -> build/lib.macosx-11.0-arm64-cpython-310/grpc/framework/face
2022-12-27T03:21:11.4911470Z   copying grpc/framework/face/implementations.py -> build/lib.macosx-11.0-arm64-cpython-310/grpc/framework/face
2022-12-27T03:21:11.4914480Z   copying grpc/framework/face/future_invocation_asynchronous_event_service_test.py -> build/lib.macosx-11.0-arm64-cpython-310/grpc/framework/face
2022-12-27T03:21:11.4922440Z   creating build/lib.macosx-11.0-arm64-cpython-310/grpc/framework/face/testing
2022-12-27T03:21:11.4925160Z   copying grpc/framework/face/testing/callback.py -> build/lib.macosx-11.0-arm64-cpython-310/grpc/framework/face/testing
2022-12-27T03:21:11.4933630Z   copying grpc/framework/face/testing/digest.py -> build/lib.macosx-11.0-arm64-cpython-310/grpc/framework/face/testing
2022-12-27T03:21:11.4936470Z   copying grpc/framework/face/testing/interfaces.py -> build/lib.macosx-11.0-arm64-cpython-310/grpc/framework/face/testing
2022-12-27T03:21:11.4938970Z   copying grpc/framework/face/testing/stock_service.py -> build/lib.macosx-11.0-arm64-cpython-310/grpc/framework/face/testing
2022-12-27T03:21:11.4942140Z   copying grpc/framework/face/testing/service.py -> build/lib.macosx-11.0-arm64-cpython-310/grpc/framework/face/testing
2022-12-27T03:21:11.4944990Z   copying grpc/framework/face/testing/blocking_invocation_inline_service_test_case.py -> build/lib.macosx-11.0-arm64-cpython-310/grpc/framework/face/testing
2022-12-27T03:21:11.4953060Z   copying grpc/framework/face/testing/base_util.py -> build/lib.macosx-11.0-arm64-cpython-310/grpc/framework/face/testing
2022-12-27T03:21:11.4957130Z   copying grpc/framework/face/testing/control.py -> build/lib.macosx-11.0-arm64-cpython-310/grpc/framework/face/testing
2022-12-27T03:21:11.4958050Z   copying grpc/framework/face/testing/__init__.py -> build/lib.macosx-11.0-arm64-cpython-310/grpc/framework/face/testing
2022-12-27T03:21:11.4965080Z   copying grpc/framework/face/testing/coverage.py -> build/lib.macosx-11.0-arm64-cpython-310/grpc/framework/face/testing
2022-12-27T03:21:11.4969270Z   copying grpc/framework/face/testing/event_invocation_synchronous_event_service_test_case.py -> build/lib.macosx-11.0-arm64-cpython-310/grpc/framework/face/testing
2022-12-27T03:21:11.4971100Z   copying grpc/framework/face/testing/test_case.py -> build/lib.macosx-11.0-arm64-cpython-310/grpc/framework/face/testing
2022-12-27T03:21:11.4975220Z   copying grpc/framework/face/testing/serial.py -> build/lib.macosx-11.0-arm64-cpython-310/grpc/framework/face/testing
2022-12-27T03:21:11.4978490Z   copying grpc/framework/face/testing/future_invocation_asynchronous_event_service_test_case.py -> build/lib.macosx-11.0-arm64-cpython-310/grpc/framework/face/testing
2022-12-27T03:21:11.4992650Z   creating build/lib.macosx-11.0-arm64-cpython-310/grpc/framework/foundation
2022-12-27T03:21:11.4994390Z   copying grpc/framework/foundation/callable_util.py -> build/lib.macosx-11.0-arm64-cpython-310/grpc/framework/foundation
2022-12-27T03:21:11.4996660Z   copying grpc/framework/foundation/abandonment.py -> build/lib.macosx-11.0-arm64-cpython-310/grpc/framework/foundation
2022-12-27T03:21:11.5001750Z   copying grpc/framework/foundation/stream_testing.py -> build/lib.macosx-11.0-arm64-cpython-310/grpc/framework/foundation
2022-12-27T03:21:11.5007440Z   copying grpc/framework/foundation/__init__.py -> build/lib.macosx-11.0-arm64-cpython-310/grpc/framework/foundation
2022-12-27T03:21:11.5010700Z   copying grpc/framework/foundation/stream.py -> build/lib.macosx-11.0-arm64-cpython-310/grpc/framework/foundation
2022-12-27T03:21:11.5013850Z   copying grpc/framework/foundation/activated.py -> build/lib.macosx-11.0-arm64-cpython-310/grpc/framework/foundation
2022-12-27T03:21:11.5018440Z   copying grpc/framework/foundation/later.py -> build/lib.macosx-11.0-arm64-cpython-310/grpc/framework/foundation
2022-12-27T03:21:11.5021930Z   copying grpc/framework/foundation/_later_test.py -> build/lib.macosx-11.0-arm64-cpython-310/grpc/framework/foundation
2022-12-27T03:21:11.5027110Z   copying grpc/framework/foundation/_logging_pool_test.py -> build/lib.macosx-11.0-arm64-cpython-310/grpc/framework/foundation
2022-12-27T03:21:11.5032290Z   copying grpc/framework/foundation/stream_util.py -> build/lib.macosx-11.0-arm64-cpython-310/grpc/framework/foundation
2022-12-27T03:21:11.5036680Z   copying grpc/framework/foundation/future.py -> build/lib.macosx-11.0-arm64-cpython-310/grpc/framework/foundation
2022-12-27T03:21:11.5039670Z   copying grpc/framework/foundation/_timer_future.py -> build/lib.macosx-11.0-arm64-cpython-310/grpc/framework/foundation
2022-12-27T03:21:11.5044160Z   copying grpc/framework/foundation/logging_pool.py -> build/lib.macosx-11.0-arm64-cpython-310/grpc/framework/foundation
2022-12-27T03:21:11.5111980Z   running build_ext
2022-12-27T03:21:11.5136050Z   building 'grpc._adapter._c' extension
2022-12-27T03:21:11.5138070Z   creating build/temp.macosx-11.0-arm64-cpython-310
2022-12-27T03:21:11.5140910Z   creating build/temp.macosx-11.0-arm64-cpython-310/grpc
2022-12-27T03:21:11.5143410Z   creating build/temp.macosx-11.0-arm64-cpython-310/grpc/_adapter
2022-12-27T03:21:11.5147620Z   clang -Wno-unused-result -Wsign-compare -Wunreachable-code -fno-common -dynamic -DNDEBUG -g -fwrapv -O3 -Wall -g -I/usr/local/opt/openssl@3/include -I/usr/local/opt/openssl@3/include -arch arm64 -I. -I/private/var/folders/51/hd414ycd67n82196sw51xqtc0000gn/T/cibw-run-w9abvih2/cp310-macosx_arm64/build/venv/include -I/Library/Frameworks/Python.framework/Versions/3.10/include/python3.10 -c grpc/_adapter/_c.c -o build/temp.macosx-11.0-arm64-cpython-310/grpc/_adapter/_c.o
2022-12-27T03:21:11.6358530Z   grpc/_adapter/_c.c:35:10: fatal error: 'grpc/grpc.h' file not found
2022-12-27T03:21:11.6362150Z   #include <grpc/grpc.h>
2022-12-27T03:21:11.6363270Z            ^~~~~~~~~~~~~
2022-12-27T03:21:11.6365250Z   1 error generated.
2022-12-27T03:21:11.6411060Z   error: command '/usr/bin/clang' failed with exit code 1
2022-12-27T03:21:11.7356120Z   error: subprocess-exited-with-error
2022-12-27T03:21:11.7356540Z   
2022-12-27T03:21:11.7357030Z   × python setup.py bdist_wheel did not run successfully.
2022-12-27T03:21:11.7357460Z   │ exit code: 1
2022-12-27T03:21:11.7357900Z   ╰─> See above for output.
2022-12-27T03:21:11.7358210Z   
2022-12-27T03:21:11.7358640Z   note: This error originates from a subprocess, and is likely not a problem with pip.
2022-12-27T03:21:11.7370480Z   full command: /private/var/folders/51/hd414ycd67n82196sw51xqtc0000gn/T/cibw-run-w9abvih2/cp310-macosx_arm64/build/venv/bin/python -u -c '
2022-12-27T03:21:11.7371580Z   exec(compile('"'"''"'"''"'"'
2022-12-27T03:21:11.7372650Z   # This is <pip-setuptools-caller> -- a caller that pip uses to run setup.py
2022-12-27T03:21:11.7373430Z   #
2022-12-27T03:21:11.7374170Z   # - It imports setuptools before invoking setup.py, to enable projects that directly
2022-12-27T03:21:11.7375120Z   #   import from `distutils.core` to work with newer packaging standards.
2022-12-27T03:21:11.7376210Z   # - It provides a clear error message when setuptools is not installed.
2022-12-27T03:21:11.7377200Z   # - It sets `sys.argv[0]` to the underlying `setup.py`, when invoking `setup.py` so
2022-12-27T03:21:11.7378340Z   #   setuptools doesn'"'"'t think the script is `-c`. This avoids the following warning:
2022-12-27T03:21:11.7379230Z   #     manifest_maker: standard file '"'"'-c'"'"' not found".
2022-12-27T03:21:11.7380120Z   # - It generates a shim setup.py, for handling setup.cfg-only projects.
2022-12-27T03:21:11.7380620Z   import os, sys, tokenize
2022-12-27T03:21:11.7382190Z   
2022-12-27T03:21:11.7382700Z   try:
2022-12-27T03:21:11.7383130Z       import setuptools
2022-12-27T03:21:11.7383740Z   except ImportError as error:
2022-12-27T03:21:11.7384340Z       print(
2022-12-27T03:21:11.7384990Z           "ERROR: Can not execute `setup.py` since setuptools is not available in "
2022-12-27T03:21:11.7385760Z           "the build environment.",
2022-12-27T03:21:11.7386410Z           file=sys.stderr,
2022-12-27T03:21:11.7386950Z       )
2022-12-27T03:21:11.7387350Z       sys.exit(1)
2022-12-27T03:21:11.7387890Z   
2022-12-27T03:21:11.7388450Z   __file__ = %r
2022-12-27T03:21:11.7388930Z   sys.argv[0] = __file__
2022-12-27T03:21:11.7389510Z   
2022-12-27T03:21:11.7390340Z   if os.path.exists(__file__):
2022-12-27T03:21:11.7390880Z       filename = __file__
2022-12-27T03:21:11.7391540Z       with tokenize.open(__file__) as f:
2022-12-27T03:21:11.7392220Z           setup_py_code = f.read()
2022-12-27T03:21:11.7392720Z   else:
2022-12-27T03:21:11.7393620Z       filename = "<auto-generated setuptools caller>"
2022-12-27T03:21:11.7394440Z       setup_py_code = "from setuptools import setup; setup()"
2022-12-27T03:21:11.7394980Z   
2022-12-27T03:21:11.7395600Z   exec(compile(setup_py_code, filename, "exec"))
2022-12-27T03:21:11.7397220Z   '"'"''"'"''"'"' % ('"'"'/Users/runner/actions-runner/_work/python.build/python.build/build_grpcio090a0310/grpcio-0.9.0a0/setup.py'"'"',), "<pip-setuptools-caller>", "exec"))' bdist_wheel -d /private/var/folders/51/hd414ycd67n82196sw51xqtc0000gn/T/pip-wheel-p31pe6oy
2022-12-27T03:21:11.7398910Z   cwd: /Users/runner/actions-runner/_work/python.build/python.build/build_grpcio090a0310/grpcio-0.9.0a0/
2022-12-27T03:21:11.7399690Z   ERROR: Failed building wheel for grpcio
2022-12-27T03:21:11.7400630Z   Building wheel for grpcio (setup.py): finished with status 'error'
2022-12-27T03:21:11.7401320Z   Running command python setup.py clean
2022-12-27T03:21:11.7402190Z   Running setup.py clean for grpcio
2022-12-27T03:21:12.0028670Z   running clean
2022-12-27T03:21:12.0055970Z   removing 'build/temp.macosx-11.0-arm64-cpython-310' (and everything under it)
2022-12-27T03:21:12.0058430Z   removing 'build/lib.macosx-11.0-arm64-cpython-310' (and everything under it)
2022-12-27T03:21:12.0202050Z   'build/bdist.macosx-11.0-arm64' does not exist -- can't clean it
2022-12-27T03:21:12.0204470Z   'build/scripts-3.10' does not exist -- can't clean it
2022-12-27T03:21:12.0207230Z   removing 'build'
2022-12-27T03:21:12.0673550Z Failed to build grpcio
2022-12-27T03:21:12.0679930Z ERROR: Failed to build one or more wheels
2022-12-27T03:21:12.0695360Z Exception information:
2022-12-27T03:21:12.0695750Z Traceback (most recent call last):
2022-12-27T03:21:12.0705680Z   File "/private/var/folders/51/hd414ycd67n82196sw51xqtc0000gn/T/cibw-run-w9abvih2/cp310-macosx_arm64/build/venv/lib/python3.10/site-packages/pip/_internal/cli/base_command.py", line 160, in exc_logging_wrapper
2022-12-27T03:21:12.0706280Z     status = run_func(*args)
2022-12-27T03:21:12.0707160Z   File "/private/var/folders/51/hd414ycd67n82196sw51xqtc0000gn/T/cibw-run-w9abvih2/cp310-macosx_arm64/build/venv/lib/python3.10/site-packages/pip/_internal/cli/req_command.py", line 247, in wrapper
2022-12-27T03:21:12.0707780Z     return func(self, options, args)
2022-12-27T03:21:12.0708590Z   File "/private/var/folders/51/hd414ycd67n82196sw51xqtc0000gn/T/cibw-run-w9abvih2/cp310-macosx_arm64/build/venv/lib/python3.10/site-packages/pip/_internal/commands/wheel.py", line 201, in run
2022-12-27T03:21:12.0709210Z     raise CommandError("Failed to build one or more wheels")
2022-12-27T03:21:12.0709610Z pip._internal.exceptions.CommandError: Failed to build one or more wheels
2022-12-27T03:21:12.0710270Z Removed build tracker: '/private/var/folders/51/hd414ycd67n82196sw51xqtc0000gn/T/pip-build-tracker-njkgu7o7'
2022-12-27T03:21:12.1654160Z ##[endgroup]
2022-12-27T03:21:12.1714750Z ##[error]Command ['python', '-m', 'pip', 'wheel', '/Users/runner/actions-runner/_work/python.build/python.build/build_grpcio090a0310/grpcio-0.9.0a0', '--wheel-dir=/private/var/folders/51/hd414ycd67n82196sw51xqtc0000gn/T/cibw-run-w9abvih2/cp310-macosx_arm64/built_wheel', '--no-deps', '-vvv'] failed with code 1. None
2022-12-27T03:21:12.1725310Z                                                               [31m✕ [0m2.08s
2022-12-27T03:21:12.1725660Z 
2022-12-27T03:21:12.2524120Z ##[error]Process completed with exit code 1.
2022-12-27T03:21:12.2614600Z ##[group]Run rm -rf build_grpcio090a0310 wheelsout
2022-12-27T03:21:12.2614910Z [36;1mrm -rf build_grpcio090a0310 wheelsout[0m
2022-12-27T03:21:12.2640970Z shell: /bin/bash -e {0}
2022-12-27T03:21:12.2641160Z env:
2022-12-27T03:21:12.2641390Z   pythonLocation: /Users/runner/hostedtoolcache/Python/3.10.9/x64
2022-12-27T03:21:12.2641760Z   PKG_CONFIG_PATH: /Users/runner/hostedtoolcache/Python/3.10.9/x64/lib/pkgconfig
2022-12-27T03:21:12.2642080Z   Python_ROOT_DIR: /Users/runner/hostedtoolcache/Python/3.10.9/x64
2022-12-27T03:21:12.2642370Z   Python2_ROOT_DIR: /Users/runner/hostedtoolcache/Python/3.10.9/x64
2022-12-27T03:21:12.2642680Z   Python3_ROOT_DIR: /Users/runner/hostedtoolcache/Python/3.10.9/x64
2022-12-27T03:21:12.2642900Z ##[endgroup]
2022-12-27T03:21:12.3138500Z Cleaning up orphan processes
