2022-12-27T08:53:27.0783390Z Requested labels: self-hosted, macOS, X64
2022-12-27T08:53:27.0783490Z Job defined at: kilnbuild/python.build/.github/workflows/mac_arm_build.yml@refs/heads/main
2022-12-27T08:53:27.0783521Z Waiting for a runner to pick up this job...
2022-12-27T11:27:56.5107186Z Job is about to start running on the runner: k1 (organization)
2022-12-27T11:28:00.3964890Z Current runner version: '2.300.2'
2022-12-27T11:28:00.3969630Z Runner name: 'k1'
2022-12-27T11:28:00.3969870Z Runner group name: 'Default'
2022-12-27T11:28:00.3970300Z Machine name: 'k1'
2022-12-27T11:28:00.3971760Z ##[group]GITHUB_TOKEN Permissions
2022-12-27T11:28:00.3972170Z Actions: write
2022-12-27T11:28:00.3972310Z Checks: write
2022-12-27T11:28:00.3972440Z Contents: write
2022-12-27T11:28:00.3972580Z Deployments: write
2022-12-27T11:28:00.3972710Z Discussions: write
2022-12-27T11:28:00.3972840Z Issues: write
2022-12-27T11:28:00.3972960Z Metadata: read
2022-12-27T11:28:00.3973090Z Packages: write
2022-12-27T11:28:00.3973220Z Pages: write
2022-12-27T11:28:00.3973350Z PullRequests: write
2022-12-27T11:28:00.3973510Z RepositoryProjects: write
2022-12-27T11:28:00.3973660Z SecurityEvents: write
2022-12-27T11:28:00.3973800Z Statuses: write
2022-12-27T11:28:00.3973930Z ##[endgroup]
2022-12-27T11:28:00.3976340Z Secret source: Actions
2022-12-27T11:28:00.3976650Z Prepare workflow directory
2022-12-27T11:28:00.4622800Z Prepare all required actions
2022-12-27T11:28:00.4741130Z Getting action download info
2022-12-27T11:28:00.9658570Z Download action repository 'actions/setup-python@v4' (SHA:5ccb29d8773c3f3f653e1705f474dfaa8a06a912)
2022-12-27T11:28:02.8034260Z Download action repository 'actions/upload-artifact@v3' (SHA:83fd05a356d7e2593de66fc9913b3002723633cb)
2022-12-27T11:28:04.1239860Z ##[group]Run echo '{
2022-12-27T11:28:04.1240160Z [36;1mecho '{[0m
2022-12-27T11:28:04.1240340Z [36;1m  "package_name": "lxml",[0m
2022-12-27T11:28:04.1240620Z [36;1m  "package_url": "https://files.pythonhosted.org/packages/a8/49/92a5928049aa47e8c35112b71ec68e3cda8f0c5cf5273a01573e0ed26aaa/lxml-2.1beta3.tar.gz",[0m
2022-12-27T11:28:04.1240900Z [36;1m  "package_version": "2.1beta3",[0m
2022-12-27T11:28:04.1241050Z [36;1m  "python_version": "3.8",[0m
2022-12-27T11:28:04.1241170Z [36;1m  "use_ccache": "true"[0m
2022-12-27T11:28:04.1241300Z [36;1m}'[0m
2022-12-27T11:28:04.1256570Z shell: /bin/bash -e {0}
2022-12-27T11:28:04.1256750Z ##[endgroup]
2022-12-27T11:28:04.1471760Z {
2022-12-27T11:28:04.1473090Z   "package_name": "lxml",
2022-12-27T11:28:04.1473670Z   "package_url": "https://files.pythonhosted.org/packages/a8/49/92a5928049aa47e8c35112b71ec68e3cda8f0c5cf5273a01573e0ed26aaa/lxml-2.1beta3.tar.gz",
2022-12-27T11:28:04.1473940Z   "package_version": "2.1beta3",
2022-12-27T11:28:04.1474220Z   "python_version": "3.8",
2022-12-27T11:28:04.1474370Z   "use_ccache": "true"
2022-12-27T11:28:04.1474520Z }
2022-12-27T11:28:04.1680940Z ##[group]Run actions/setup-python@v4
2022-12-27T11:28:04.1681200Z with:
2022-12-27T11:28:04.1681430Z   python-version: 3.8
2022-12-27T11:28:04.1681580Z   check-latest: false
2022-12-27T11:28:04.1681870Z   token: ***
2022-12-27T11:28:04.1682050Z   update-environment: true
2022-12-27T11:28:04.1682220Z ##[endgroup]
2022-12-27T11:28:04.2870450Z ##[group]Installed versions
2022-12-27T11:28:04.2910120Z Successfully set up CPython (3.8.15)
2022-12-27T11:28:04.2910730Z ##[endgroup]
2022-12-27T11:28:04.3050660Z ##[group]Run if [ "true" == "true" ]
2022-12-27T11:28:04.3051080Z [36;1mif [ "true" == "true" ][0m
2022-12-27T11:28:04.3051300Z [36;1mthen[0m
2022-12-27T11:28:04.3051610Z [36;1m  echo "CCACHE_PATH_PREPEND=/usr/local/opt/ccache/libexec" >> $GITHUB_OUTPUT[0m
2022-12-27T11:28:04.3052000Z [36;1melse[0m
2022-12-27T11:28:04.3052270Z [36;1m  echo "CCACHE_PATH_PREPEND=" >> $GITHUB_OUTPUT[0m
2022-12-27T11:28:04.3052490Z [36;1mfi[0m
2022-12-27T11:28:04.3071620Z shell: /bin/bash -e {0}
2022-12-27T11:28:04.3071970Z env:
2022-12-27T11:28:04.3072220Z   pythonLocation: /Users/runner/hostedtoolcache/Python/3.8.15/x64
2022-12-27T11:28:04.3072580Z   PKG_CONFIG_PATH: /Users/runner/hostedtoolcache/Python/3.8.15/x64/lib/pkgconfig
2022-12-27T11:28:04.3072930Z   Python_ROOT_DIR: /Users/runner/hostedtoolcache/Python/3.8.15/x64
2022-12-27T11:28:04.3073320Z   Python2_ROOT_DIR: /Users/runner/hostedtoolcache/Python/3.8.15/x64
2022-12-27T11:28:04.3073670Z   Python3_ROOT_DIR: /Users/runner/hostedtoolcache/Python/3.8.15/x64
2022-12-27T11:28:04.3074270Z ##[endgroup]
2022-12-27T11:28:04.3188890Z ##[group]Run echo "BUILD_NAME=$(echo lxml_2.1beta3_3.8 | tr -dc '[:alnum:]\n\r' | tr '[:upper:]' '[:lower:]')" >> $GITHUB_OUTPUT
2022-12-27T11:28:04.3189400Z [36;1mecho "BUILD_NAME=$(echo lxml_2.1beta3_3.8 | tr -dc '[:alnum:]\n\r' | tr '[:upper:]' '[:lower:]')" >> $GITHUB_OUTPUT[0m
2022-12-27T11:28:04.3203860Z shell: /bin/bash -e {0}
2022-12-27T11:28:04.3204040Z env:
2022-12-27T11:28:04.3204220Z   pythonLocation: /Users/runner/hostedtoolcache/Python/3.8.15/x64
2022-12-27T11:28:04.3204490Z   PKG_CONFIG_PATH: /Users/runner/hostedtoolcache/Python/3.8.15/x64/lib/pkgconfig
2022-12-27T11:28:04.3204810Z   Python_ROOT_DIR: /Users/runner/hostedtoolcache/Python/3.8.15/x64
2022-12-27T11:28:04.3205010Z   Python2_ROOT_DIR: /Users/runner/hostedtoolcache/Python/3.8.15/x64
2022-12-27T11:28:04.3205250Z   Python3_ROOT_DIR: /Users/runner/hostedtoolcache/Python/3.8.15/x64
2022-12-27T11:28:04.3205440Z ##[endgroup]
2022-12-27T11:28:04.3370040Z ##[group]Run echo "PYTHON_NO_DOTS=$(echo 3.8 | tr -dc '[:alnum:]\n\r' | tr '[:upper:]' '[:lower:]')" >> $GITHUB_OUTPUT
2022-12-27T11:28:04.3370460Z [36;1mecho "PYTHON_NO_DOTS=$(echo 3.8 | tr -dc '[:alnum:]\n\r' | tr '[:upper:]' '[:lower:]')" >> $GITHUB_OUTPUT[0m
2022-12-27T11:28:04.3384430Z shell: /bin/bash -e {0}
2022-12-27T11:28:04.3384570Z env:
2022-12-27T11:28:04.3384770Z   pythonLocation: /Users/runner/hostedtoolcache/Python/3.8.15/x64
2022-12-27T11:28:04.3385550Z   PKG_CONFIG_PATH: /Users/runner/hostedtoolcache/Python/3.8.15/x64/lib/pkgconfig
2022-12-27T11:28:04.3385800Z   Python_ROOT_DIR: /Users/runner/hostedtoolcache/Python/3.8.15/x64
2022-12-27T11:28:04.3386000Z   Python2_ROOT_DIR: /Users/runner/hostedtoolcache/Python/3.8.15/x64
2022-12-27T11:28:04.3386210Z   Python3_ROOT_DIR: /Users/runner/hostedtoolcache/Python/3.8.15/x64
2022-12-27T11:28:04.3386410Z ##[endgroup]
2022-12-27T11:28:04.3507440Z ##[group]Run rm -rf build_lxml21beta338
2022-12-27T11:28:04.3507830Z [36;1mrm -rf build_lxml21beta338[0m
2022-12-27T11:28:04.3508050Z [36;1mmkdir build_lxml21beta338[0m
2022-12-27T11:28:04.3508200Z [36;1mcd build_lxml21beta338[0m
2022-12-27T11:28:04.3508520Z [36;1m/usr/local/bin/wget --quiet https://files.pythonhosted.org/packages/a8/49/92a5928049aa47e8c35112b71ec68e3cda8f0c5cf5273a01573e0ed26aaa/lxml-2.1beta3.tar.gz[0m
2022-12-27T11:28:04.3508780Z [36;1mtar xf *.tar.gz[0m
2022-12-27T11:28:04.3508950Z [36;1mcd *[0m
2022-12-27T11:28:04.3509100Z [36;1mpython -m pip install cibuildwheel==2.11.3[0m
2022-12-27T11:28:04.3509350Z [36;1mpython -m cibuildwheel --output-dir ../wheelsout[0m
2022-12-27T11:28:04.3523300Z shell: /bin/bash -e {0}
2022-12-27T11:28:04.3523450Z env:
2022-12-27T11:28:04.3523660Z   pythonLocation: /Users/runner/hostedtoolcache/Python/3.8.15/x64
2022-12-27T11:28:04.3524010Z   PKG_CONFIG_PATH: /Users/runner/hostedtoolcache/Python/3.8.15/x64/lib/pkgconfig
2022-12-27T11:28:04.3524230Z   Python_ROOT_DIR: /Users/runner/hostedtoolcache/Python/3.8.15/x64
2022-12-27T11:28:04.3524460Z   Python2_ROOT_DIR: /Users/runner/hostedtoolcache/Python/3.8.15/x64
2022-12-27T11:28:04.3524680Z   Python3_ROOT_DIR: /Users/runner/hostedtoolcache/Python/3.8.15/x64
2022-12-27T11:28:04.3524920Z   CIBW_ARCHS_MACOS: arm64
2022-12-27T11:28:04.3525060Z   CIBW_TEST_SKIP: *_arm64
2022-12-27T11:28:04.3525250Z   CIBW_BUILD: cp38-macosx_arm64
2022-12-27T11:28:04.3525430Z   CIBW_BUILD_FRONTEND: pip
2022-12-27T11:28:04.3525580Z   CIBW_BUILD_VERBOSITY: 3
2022-12-27T11:28:04.3525920Z   CIBW_ENVIRONMENT_MACOS:  CFLAGS="-I/usr/local/opt/openssl@3/include" LDFLAGS="-L/usr/local/opt/openssl@3/lib" CPPFLAGS="-I/usr/local/opt/openssl@3/include" MAKEFLAGS="-j$(sysctl -n hw.logicalcpu)" PATH=/usr/local/opt/ccache/libexec:$PATH
2022-12-27T11:28:04.3526270Z   CIBW_BEFORE_BUILD: pip install Cython; if [[ -f requirements.txt ]]; then pip install -r requirements.txt; fi
2022-12-27T11:28:04.3526530Z   MAKEFLAGS: -j$(sysctl -n hw.logicalcpu)
2022-12-27T11:28:04.3526670Z ##[endgroup]
2022-12-27T11:28:04.8036410Z Requirement already satisfied: cibuildwheel==2.11.3 in /Users/runner/hostedtoolcache/Python/3.8.15/x64/lib/python3.8/site-packages (2.11.3)
2022-12-27T11:28:04.8373560Z Requirement already satisfied: platformdirs in /Users/runner/hostedtoolcache/Python/3.8.15/x64/lib/python3.8/site-packages (from cibuildwheel==2.11.3) (2.6.0)
2022-12-27T11:28:04.8379370Z Requirement already satisfied: tomli in /Users/runner/hostedtoolcache/Python/3.8.15/x64/lib/python3.8/site-packages (from cibuildwheel==2.11.3) (2.0.1)
2022-12-27T11:28:04.8387770Z Requirement already satisfied: typing-extensions>=4.1.0 in /Users/runner/hostedtoolcache/Python/3.8.15/x64/lib/python3.8/site-packages (from cibuildwheel==2.11.3) (4.4.0)
2022-12-27T11:28:04.8391900Z Requirement already satisfied: filelock in /Users/runner/hostedtoolcache/Python/3.8.15/x64/lib/python3.8/site-packages (from cibuildwheel==2.11.3) (3.8.2)
2022-12-27T11:28:04.8395390Z Requirement already satisfied: certifi in /Users/runner/hostedtoolcache/Python/3.8.15/x64/lib/python3.8/site-packages (from cibuildwheel==2.11.3) (2022.12.7)
2022-12-27T11:28:04.8399990Z Requirement already satisfied: bracex in /Users/runner/hostedtoolcache/Python/3.8.15/x64/lib/python3.8/site-packages (from cibuildwheel==2.11.3) (2.3.post1)
2022-12-27T11:28:04.8404510Z Requirement already satisfied: packaging>=20.9 in /Users/runner/hostedtoolcache/Python/3.8.15/x64/lib/python3.8/site-packages (from cibuildwheel==2.11.3) (22.0)
2022-12-27T11:28:04.8409390Z Requirement already satisfied: bashlex!=0.13 in /Users/runner/hostedtoolcache/Python/3.8.15/x64/lib/python3.8/site-packages (from cibuildwheel==2.11.3) (0.16)
2022-12-27T11:28:05.0061090Z 
2022-12-27T11:28:05.0061430Z      _ _       _ _   _       _           _
2022-12-27T11:28:05.0061890Z  ___|_| |_ _ _|_| |_| |_ _ _| |_ ___ ___| |
2022-12-27T11:28:05.0062730Z |  _| | . | | | | | . | | | |   | -_| -_| |
2022-12-27T11:28:05.0063530Z |___|_|___|___|_|_|___|_____|_|_|___|___|_|
2022-12-27T11:28:05.0063780Z 
2022-12-27T11:28:05.0063870Z cibuildwheel version 2.11.3
2022-12-27T11:28:05.0064050Z 
2022-12-27T11:28:05.0064170Z Build options:
2022-12-27T11:28:05.0064430Z   platform: macos
2022-12-27T11:28:05.0161050Z   architectures: arm64[0m
2022-12-27T11:28:05.0161490Z   build_selector: 
2022-12-27T11:28:05.0162810Z     build_config: cp38-macosx_arm64
2022-12-27T11:28:05.0163410Z     skip_config: 
2022-12-27T11:28:05.0163690Z     requires_python: None
2022-12-27T11:28:05.0164090Z     prerelease_pythons: False[0m
2022-12-27T11:28:05.0164640Z   [38;5;244mcontainer_engine: docker[0m
2022-12-27T11:28:05.0165180Z   output_dir: /Users/runner/actions-runner/_work/python.build/python.build/build_lxml21beta338/wheelsout[0m
2022-12-27T11:28:05.0165830Z   package_dir: /Users/runner/actions-runner/_work/python.build/python.build/build_lxml21beta338/lxml-2.1beta3[0m
2022-12-27T11:28:05.0166220Z   test_selector: 
2022-12-27T11:28:05.0166630Z     skip_config: *_arm64[0m
2022-12-27T11:28:05.0166950Z   [38;5;244mbefore_all: [0m
2022-12-27T11:28:05.0167480Z   before_build: pip install Cython; if [[ -f requirements.txt ]]; then pip install -r requirements.txt; fi[0m
2022-12-27T11:28:05.0167860Z   [38;5;244mbefore_test: [0m
2022-12-27T11:28:05.0168130Z   [38;5;244mbuild_frontend: pip[0m
2022-12-27T11:28:05.0168470Z   build_verbosity: 3[0m
2022-12-27T11:28:05.0168770Z   [38;5;244mconfig_settings: [0m
2022-12-27T11:28:05.0169060Z   [38;5;244mdependency_constraints: pinned[0m
2022-12-27T11:28:05.0169310Z   environment: 
2022-12-27T11:28:05.0169630Z     CFLAGS="-I/usr/local/opt/openssl@3/include"
2022-12-27T11:28:05.0170000Z     LDFLAGS="-L/usr/local/opt/openssl@3/lib"
2022-12-27T11:28:05.0170370Z     CPPFLAGS="-I/usr/local/opt/openssl@3/include"
2022-12-27T11:28:05.0170720Z     MAKEFLAGS="-j$(sysctl -n hw.logicalcpu)"
2022-12-27T11:28:05.0171060Z     PATH=/usr/local/opt/ccache/libexec:$PATH[0m
2022-12-27T11:28:05.0171350Z   [38;5;244mmanylinux_images: None[0m
2022-12-27T11:28:05.0171710Z   [38;5;244mmusllinux_images: None[0m
2022-12-27T11:28:05.0172160Z   [38;5;244mrepair_command: delocate-wheel --require-archs {delocate_archs} -w {dest_dir} -v {wheel}[0m
2022-12-27T11:28:05.0172840Z   [38;5;244mtest_command: [0m
2022-12-27T11:28:05.0173130Z   [38;5;244mtest_extras: [0m
2022-12-27T11:28:05.0173480Z   [38;5;244mtest_requires: [0m
2022-12-27T11:28:05.0173620Z 
2022-12-27T11:28:05.0173730Z Cache folder: /Users/runner/Library/Caches/cibuildwheel
2022-12-27T11:28:05.0179080Z 
2022-12-27T11:28:05.0179340Z Here we go!
2022-12-27T11:28:05.0179550Z 
2022-12-27T11:28:05.0235210Z 
2022-12-27T11:28:05.0235650Z [1m[34mBuilding cp38-macosx_arm64 wheel[0m
2022-12-27T11:28:05.0236110Z CPython 3.8 macOS arm64 - Apple Silicon
2022-12-27T11:28:05.0236430Z 
2022-12-27T11:28:05.0239010Z ##[group]Installing Python cp38...
2022-12-27T11:28:05.0239280Z 
2022-12-27T11:28:05.0239760Z + pkgutil --pkgs
2022-12-27T11:28:05.0348860Z ##[endgroup]
2022-12-27T11:28:05.0350610Z                                                               [32mâœ“ [0m0.01s
2022-12-27T11:28:05.0351050Z ##[group]Setting up build environment...
2022-12-27T11:28:05.0351320Z 
2022-12-27T11:28:05.0371150Z + /Users/runner/hostedtoolcache/Python/3.8.15/x64/bin/python -sS /Users/runner/Library/Caches/cibuildwheel/virtualenv-20.17.0.pyz --activators= --no-periodic-update --pip=22.3.1 --setuptools=65.6.3 --wheel=0.38.4 --symlink-app-data --python /Library/Frameworks/Python.framework/Versions/3.8/bin/python3 /private/var/folders/51/hd414ycd67n82196sw51xqtc0000gn/T/cibw-run-61kyh_t8/cp38-macosx_arm64/build/venv
2022-12-27T11:28:05.2340990Z created virtual environment CPython3.8.10.final.0-64 in 49ms
2022-12-27T11:28:05.2341880Z   creator CPython3Posix(dest=/private/var/folders/51/hd414ycd67n82196sw51xqtc0000gn/T/cibw-run-61kyh_t8/cp38-macosx_arm64/build/venv, clear=False, no_vcs_ignore=False, global=False)
2022-12-27T11:28:05.2342870Z   seeder FromAppData(download=False, pip=22.3.1, setuptools=65.6.3, wheel=0.38.4, via=symlink, app_data_dir=/Users/runner/Library/Application Support/virtualenv)
2022-12-27T11:28:05.2343440Z     added seed packages: pip==22.3.1, setuptools==65.6.3, wheel==0.38.4
2022-12-27T11:28:05.2488020Z + python -m pip install --upgrade pip -c /Users/runner/hostedtoolcache/Python/3.8.15/x64/lib/python3.8/site-packages/cibuildwheel/resources/constraints-python38.txt
2022-12-27T11:28:05.5713390Z Requirement already satisfied: pip in ./lib/python3.8/site-packages (22.3.1)
2022-12-27T11:28:05.7150010Z + which pip
2022-12-27T11:28:05.7171580Z /private/var/folders/51/hd414ycd67n82196sw51xqtc0000gn/T/cibw-run-61kyh_t8/cp38-macosx_arm64/build/venv/bin/pip
2022-12-27T11:28:05.7174300Z + pip --version
2022-12-27T11:28:05.9373060Z pip 22.3.1 from /private/var/folders/51/hd414ycd67n82196sw51xqtc0000gn/T/cibw-run-61kyh_t8/cp38-macosx_arm64/build/venv/lib/python3.8/site-packages/pip (python 3.8)
2022-12-27T11:28:05.9607840Z + which pip
2022-12-27T11:28:05.9637700Z + which python
2022-12-27T11:28:05.9658120Z /private/var/folders/51/hd414ycd67n82196sw51xqtc0000gn/T/cibw-run-61kyh_t8/cp38-macosx_arm64/build/venv/bin/python
2022-12-27T11:28:05.9661170Z + python --version
2022-12-27T11:28:05.9712440Z Python 3.8.10
2022-12-27T11:28:05.9715580Z + which python
2022-12-27T11:28:05.9782840Z ##[endgroup]
2022-12-27T11:28:05.9783670Z                                                               [32mâœ“ [0m0.94s
2022-12-27T11:28:05.9784410Z ##[group]Installing build tools...
2022-12-27T11:28:05.9784700Z 
2022-12-27T11:28:05.9785250Z + pip install --upgrade setuptools wheel delocate -c /Users/runner/hostedtoolcache/Python/3.8.15/x64/lib/python3.8/site-packages/cibuildwheel/resources/constraints-python38.txt
2022-12-27T11:28:06.2876990Z Requirement already satisfied: setuptools in /private/var/folders/51/hd414ycd67n82196sw51xqtc0000gn/T/cibw-run-61kyh_t8/cp38-macosx_arm64/build/venv/lib/python3.8/site-packages (65.6.3)
2022-12-27T11:28:06.5061750Z Requirement already satisfied: wheel in /private/var/folders/51/hd414ycd67n82196sw51xqtc0000gn/T/cibw-run-61kyh_t8/cp38-macosx_arm64/build/venv/lib/python3.8/site-packages (0.38.4)
2022-12-27T11:28:06.5608060Z Collecting delocate
2022-12-27T11:28:06.5637410Z   Using cached delocate-0.10.3-py3-none-any.whl (142 kB)
2022-12-27T11:28:06.5946900Z Collecting packaging>=20.9
2022-12-27T11:28:06.5970510Z   Using cached packaging-21.3-py3-none-any.whl (40 kB)
2022-12-27T11:28:06.6138050Z Collecting typing-extensions
2022-12-27T11:28:06.6158880Z   Using cached typing_extensions-4.4.0-py3-none-any.whl (26 kB)
2022-12-27T11:28:06.6559970Z Collecting pyparsing!=3.0.5,>=2.0.2
2022-12-27T11:28:06.6583990Z   Using cached pyparsing-3.0.9-py3-none-any.whl (98 kB)
2022-12-27T11:28:06.6955070Z Installing collected packages: typing-extensions, pyparsing, packaging, delocate
2022-12-27T11:28:06.8250250Z Successfully installed delocate-0.10.3 packaging-21.3 pyparsing-3.0.9 typing-extensions-4.4.0
2022-12-27T11:28:06.8713720Z ##[endgroup]
2022-12-27T11:28:06.8714420Z                                                               [32mâœ“ [0m0.89s
2022-12-27T11:28:06.8714810Z ##[group]Running before_build...
2022-12-27T11:28:06.8714900Z 
2022-12-27T11:28:06.8722130Z + pip install Cython; if [[ -f requirements.txt ]]; then pip install -r requirements.txt; fi
2022-12-27T11:28:07.5350100Z Collecting Cython
2022-12-27T11:28:07.5399880Z   Using cached Cython-0.29.32-py2.py3-none-any.whl (986 kB)
2022-12-27T11:28:07.5816510Z Installing collected packages: Cython
2022-12-27T11:28:08.0073210Z Successfully installed Cython-0.29.32
2022-12-27T11:28:08.0480130Z ##[endgroup]
2022-12-27T11:28:08.0480870Z                                                               [32mâœ“ [0m1.18s
2022-12-27T11:28:08.0481720Z ##[group]Building wheel...
2022-12-27T11:28:08.0482000Z 
2022-12-27T11:28:08.0486250Z + python -m pip wheel /Users/runner/actions-runner/_work/python.build/python.build/build_lxml21beta338/lxml-2.1beta3 --wheel-dir=/private/var/folders/51/hd414ycd67n82196sw51xqtc0000gn/T/cibw-run-61kyh_t8/cp38-macosx_arm64/built_wheel --no-deps -vvv
2022-12-27T11:28:08.3355340Z Created temporary directory: /private/var/folders/51/hd414ycd67n82196sw51xqtc0000gn/T/pip-ephem-wheel-cache-_joydy74
2022-12-27T11:28:08.3360360Z Created temporary directory: /private/var/folders/51/hd414ycd67n82196sw51xqtc0000gn/T/pip-build-tracker-1ijtr8ct
2022-12-27T11:28:08.3361870Z Initialized build tracking at /private/var/folders/51/hd414ycd67n82196sw51xqtc0000gn/T/pip-build-tracker-1ijtr8ct
2022-12-27T11:28:08.3363380Z Created build tracker: /private/var/folders/51/hd414ycd67n82196sw51xqtc0000gn/T/pip-build-tracker-1ijtr8ct
2022-12-27T11:28:08.3364780Z Entered build tracker: /private/var/folders/51/hd414ycd67n82196sw51xqtc0000gn/T/pip-build-tracker-1ijtr8ct
2022-12-27T11:28:08.3368140Z Created temporary directory: /private/var/folders/51/hd414ycd67n82196sw51xqtc0000gn/T/pip-wheel-5s_s9d0t
2022-12-27T11:28:08.3374410Z Created temporary directory: /private/var/folders/51/hd414ycd67n82196sw51xqtc0000gn/T/pip-ephem-wheel-cache-v5i6tbht
2022-12-27T11:28:08.3455040Z Processing /Users/runner/actions-runner/_work/python.build/python.build/build_lxml21beta338/lxml-2.1beta3
2022-12-27T11:28:08.3460200Z   Added file:///Users/runner/actions-runner/_work/python.build/python.build/build_lxml21beta338/lxml-2.1beta3 to build tracker '/private/var/folders/51/hd414ycd67n82196sw51xqtc0000gn/T/pip-build-tracker-1ijtr8ct'
2022-12-27T11:28:08.3463870Z   Running setup.py (path:/Users/runner/actions-runner/_work/python.build/python.build/build_lxml21beta338/lxml-2.1beta3/setup.py) egg_info for package from file:///Users/runner/actions-runner/_work/python.build/python.build/build_lxml21beta338/lxml-2.1beta3
2022-12-27T11:28:08.3466740Z   Created temporary directory: /private/var/folders/51/hd414ycd67n82196sw51xqtc0000gn/T/pip-pip-egg-info-gvft0x83
2022-12-27T11:28:08.3468040Z   Preparing metadata (setup.py): started
2022-12-27T11:28:08.3470370Z   Running command python setup.py egg_info
2022-12-27T11:28:08.7400800Z   Building lxml version 2.1.beta3.
2022-12-27T11:28:08.7401510Z   Building with Cython 0.29.32.
2022-12-27T11:28:08.7403360Z   Using build configuration of libxslt 1.1.29
2022-12-27T11:28:08.7405600Z   Building against libxml2/libxslt in the following directory: /Library/Developer/CommandLineTools/SDKs/MacOSX12.1.sdk/usr/lib
2022-12-27T11:28:08.7406660Z   running egg_info
2022-12-27T11:28:08.7409100Z   creating /private/var/folders/51/hd414ycd67n82196sw51xqtc0000gn/T/pip-pip-egg-info-gvft0x83/lxml.egg-info
2022-12-27T11:28:08.7410600Z   writing /private/var/folders/51/hd414ycd67n82196sw51xqtc0000gn/T/pip-pip-egg-info-gvft0x83/lxml.egg-info/PKG-INFO
2022-12-27T11:28:08.7415660Z   writing dependency_links to /private/var/folders/51/hd414ycd67n82196sw51xqtc0000gn/T/pip-pip-egg-info-gvft0x83/lxml.egg-info/dependency_links.txt
2022-12-27T11:28:08.7417750Z   writing top-level names to /private/var/folders/51/hd414ycd67n82196sw51xqtc0000gn/T/pip-pip-egg-info-gvft0x83/lxml.egg-info/top_level.txt
2022-12-27T11:28:08.7419640Z   writing manifest file '/private/var/folders/51/hd414ycd67n82196sw51xqtc0000gn/T/pip-pip-egg-info-gvft0x83/lxml.egg-info/SOURCES.txt'
2022-12-27T11:28:08.7479380Z   reading manifest file '/private/var/folders/51/hd414ycd67n82196sw51xqtc0000gn/T/pip-pip-egg-info-gvft0x83/lxml.egg-info/SOURCES.txt'
2022-12-27T11:28:08.7483270Z   reading manifest template 'MANIFEST.in'
2022-12-27T11:28:08.8283520Z   adding license file 'LICENSES.txt'
2022-12-27T11:28:08.8346370Z   writing manifest file '/private/var/folders/51/hd414ycd67n82196sw51xqtc0000gn/T/pip-pip-egg-info-gvft0x83/lxml.egg-info/SOURCES.txt'
2022-12-27T11:28:08.8348830Z   /private/var/folders/51/hd414ycd67n82196sw51xqtc0000gn/T/cibw-run-61kyh_t8/cp38-macosx_arm64/build/venv/lib/python3.8/site-packages/setuptools/dist.py:529: UserWarning: Normalizing '2.1beta3' to '2.1b3'
2022-12-27T11:28:08.8350390Z     warnings.warn(tmpl.format(**locals()))
2022-12-27T11:28:08.8591430Z   Preparing metadata (setup.py): finished with status 'done'
2022-12-27T11:28:08.8619210Z   Source in /Users/runner/actions-runner/_work/python.build/python.build/build_lxml21beta338/lxml-2.1beta3 has version 2.1b3, which satisfies requirement lxml==2.1b3 from file:///Users/runner/actions-runner/_work/python.build/python.build/build_lxml21beta338/lxml-2.1beta3
2022-12-27T11:28:08.8622730Z   Removed lxml==2.1b3 from file:///Users/runner/actions-runner/_work/python.build/python.build/build_lxml21beta338/lxml-2.1beta3 from build tracker '/private/var/folders/51/hd414ycd67n82196sw51xqtc0000gn/T/pip-build-tracker-1ijtr8ct'
2022-12-27T11:28:08.8738930Z Created temporary directory: /private/var/folders/51/hd414ycd67n82196sw51xqtc0000gn/T/pip-unpack-6ytr3c43
2022-12-27T11:28:08.8741210Z Building wheels for collected packages: lxml
2022-12-27T11:28:08.8747940Z   Created temporary directory: /private/var/folders/51/hd414ycd67n82196sw51xqtc0000gn/T/pip-wheel-j9t7cbr6
2022-12-27T11:28:08.8749650Z   Building wheel for lxml (setup.py): started
2022-12-27T11:28:08.8752120Z   Destination directory: /private/var/folders/51/hd414ycd67n82196sw51xqtc0000gn/T/pip-wheel-j9t7cbr6
2022-12-27T11:28:08.8753550Z   Running command python setup.py bdist_wheel
2022-12-27T11:28:09.1304380Z   Building lxml version 2.1.beta3.
2022-12-27T11:28:09.1306170Z   Building with Cython 0.29.32.
2022-12-27T11:28:09.1440390Z   Using build configuration of libxslt 1.1.29
2022-12-27T11:28:09.2432870Z   Building against libxml2/libxslt in the following directory: /Library/Developer/CommandLineTools/SDKs/MacOSX12.1.sdk/usr/lib
2022-12-27T11:28:09.2536780Z   /private/var/folders/51/hd414ycd67n82196sw51xqtc0000gn/T/cibw-run-61kyh_t8/cp38-macosx_arm64/build/venv/lib/python3.8/site-packages/setuptools/dist.py:529: UserWarning: Normalizing '2.1beta3' to '2.1b3'
2022-12-27T11:28:09.2537510Z     warnings.warn(tmpl.format(**locals()))
2022-12-27T11:28:09.2670940Z   running bdist_wheel
2022-12-27T11:28:09.2711970Z   running build
2022-12-27T11:28:09.2714270Z   running build_py
2022-12-27T11:28:09.2734400Z   creating build
2022-12-27T11:28:09.2736940Z   creating build/lib.macosx-11.0-arm64-cpython-38
2022-12-27T11:28:09.2739280Z   creating build/lib.macosx-11.0-arm64-cpython-38/lxml
2022-12-27T11:28:09.2741000Z   copying src/lxml/_elementpath.py -> build/lib.macosx-11.0-arm64-cpython-38/lxml
2022-12-27T11:28:09.2743430Z   copying src/lxml/sax.py -> build/lib.macosx-11.0-arm64-cpython-38/lxml
2022-12-27T11:28:09.2745450Z   copying src/lxml/pyclasslookup.py -> build/lib.macosx-11.0-arm64-cpython-38/lxml
2022-12-27T11:28:09.2747650Z   copying src/lxml/__init__.py -> build/lib.macosx-11.0-arm64-cpython-38/lxml
2022-12-27T11:28:09.2749890Z   copying src/lxml/builder.py -> build/lib.macosx-11.0-arm64-cpython-38/lxml
2022-12-27T11:28:09.2754420Z   copying src/lxml/doctestcompare.py -> build/lib.macosx-11.0-arm64-cpython-38/lxml
2022-12-27T11:28:09.2756760Z   copying src/lxml/usedoctest.py -> build/lib.macosx-11.0-arm64-cpython-38/lxml
2022-12-27T11:28:09.2758790Z   copying src/lxml/cssselect.py -> build/lib.macosx-11.0-arm64-cpython-38/lxml
2022-12-27T11:28:09.2760550Z   copying src/lxml/ElementInclude.py -> build/lib.macosx-11.0-arm64-cpython-38/lxml
2022-12-27T11:28:09.2767430Z   creating build/lib.macosx-11.0-arm64-cpython-38/lxml/html
2022-12-27T11:28:09.2769190Z   copying src/lxml/html/soupparser.py -> build/lib.macosx-11.0-arm64-cpython-38/lxml/html
2022-12-27T11:28:09.2771750Z   copying src/lxml/html/defs.py -> build/lib.macosx-11.0-arm64-cpython-38/lxml/html
2022-12-27T11:28:09.2775190Z   copying src/lxml/html/_setmixin.py -> build/lib.macosx-11.0-arm64-cpython-38/lxml/html
2022-12-27T11:28:09.2777110Z   copying src/lxml/html/clean.py -> build/lib.macosx-11.0-arm64-cpython-38/lxml/html
2022-12-27T11:28:09.2780890Z   copying src/lxml/html/_diffcommand.py -> build/lib.macosx-11.0-arm64-cpython-38/lxml/html
2022-12-27T11:28:09.2783030Z   copying src/lxml/html/__init__.py -> build/lib.macosx-11.0-arm64-cpython-38/lxml/html
2022-12-27T11:28:09.2786150Z   copying src/lxml/html/formfill.py -> build/lib.macosx-11.0-arm64-cpython-38/lxml/html
2022-12-27T11:28:09.2788580Z   copying src/lxml/html/builder.py -> build/lib.macosx-11.0-arm64-cpython-38/lxml/html
2022-12-27T11:28:09.2792050Z   copying src/lxml/html/ElementSoup.py -> build/lib.macosx-11.0-arm64-cpython-38/lxml/html
2022-12-27T11:28:09.2793880Z   copying src/lxml/html/usedoctest.py -> build/lib.macosx-11.0-arm64-cpython-38/lxml/html
2022-12-27T11:28:09.2796620Z   copying src/lxml/html/diff.py -> build/lib.macosx-11.0-arm64-cpython-38/lxml/html
2022-12-27T11:28:09.2799360Z   copying src/lxml/html/_dictmixin.py -> build/lib.macosx-11.0-arm64-cpython-38/lxml/html
2022-12-27T11:28:09.2809430Z   running build_ext
2022-12-27T11:28:09.3233990Z   skipping 'src/lxml/lxml.etree.c' Cython extension (up-to-date)
2022-12-27T11:28:09.3237690Z   skipping 'src/lxml/lxml.objectify.c' Cython extension (up-to-date)
2022-12-27T11:28:09.3239580Z   building 'lxml.etree' extension
2022-12-27T11:28:09.3241670Z   creating build/temp.macosx-11.0-arm64-cpython-38
2022-12-27T11:28:09.3243620Z   creating build/temp.macosx-11.0-arm64-cpython-38/src
2022-12-27T11:28:09.3245630Z   creating build/temp.macosx-11.0-arm64-cpython-38/src/lxml
2022-12-27T11:28:09.3249150Z   gcc -Wno-unused-result -Wsign-compare -Wunreachable-code -fno-common -dynamic -DNDEBUG -g -fwrapv -O3 -Wall -g -I/usr/local/opt/openssl@3/include -I/usr/local/opt/openssl@3/include -arch arm64 -I/Library/Developer/CommandLineTools/SDKs/MacOSX12.1.sdk/usr/include -I/private/var/folders/51/hd414ycd67n82196sw51xqtc0000gn/T/cibw-run-61kyh_t8/cp38-macosx_arm64/build/venv/include -I/Library/Frameworks/Python.framework/Versions/3.8/include/python3.8 -c src/lxml/lxml.etree.c -o build/temp.macosx-11.0-arm64-cpython-38/src/lxml/lxml.etree.o -w -flat_namespace
2022-12-27T11:28:09.8046470Z   src/lxml/lxml.etree.c:120832:24: error: no member named 'exc_type' in 'struct _ts'
2022-12-27T11:28:09.8047690Z       tmp_type = tstate->exc_type;
2022-12-27T11:28:09.8050110Z                  ~~~~~~  ^
2022-12-27T11:28:09.8052050Z   src/lxml/lxml.etree.c:120833:25: error: no member named 'exc_value' in 'struct _ts'; did you mean 'curexc_value'?
2022-12-27T11:28:09.8054110Z       tmp_value = tstate->exc_value;
2022-12-27T11:28:09.8055900Z                           ^~~~~~~~~
2022-12-27T11:28:09.8057750Z                           curexc_value
2022-12-27T11:28:09.8060070Z   /Library/Frameworks/Python.framework/Versions/3.8/include/python3.8/cpython/pystate.h:80:15: note: 'curexc_value' declared here
2022-12-27T11:28:09.8061950Z       PyObject *curexc_value;
2022-12-27T11:28:09.8063940Z                 ^
2022-12-27T11:28:09.8066550Z   src/lxml/lxml.etree.c:120834:22: error: no member named 'exc_traceback' in 'struct _ts'; did you mean 'curexc_traceback'?
2022-12-27T11:28:09.8068010Z       tmp_tb = tstate->exc_traceback;
2022-12-27T11:28:09.8070170Z                        ^~~~~~~~~~~~~
2022-12-27T11:28:09.8072270Z                        curexc_traceback
2022-12-27T11:28:09.8074670Z   /Library/Frameworks/Python.framework/Versions/3.8/include/python3.8/cpython/pystate.h:81:15: note: 'curexc_traceback' declared here
2022-12-27T11:28:09.8076400Z       PyObject *curexc_traceback;
2022-12-27T11:28:09.8078290Z                 ^
2022-12-27T11:28:09.8080640Z   src/lxml/lxml.etree.c:120835:13: error: no member named 'exc_type' in 'struct _ts'
2022-12-27T11:28:09.8082700Z       tstate->exc_type = *type;
2022-12-27T11:28:09.8084460Z       ~~~~~~  ^
2022-12-27T11:28:09.8086910Z   src/lxml/lxml.etree.c:120836:13: error: no member named 'exc_value' in 'struct _ts'; did you mean 'curexc_value'?
2022-12-27T11:28:09.8088640Z       tstate->exc_value = *value;
2022-12-27T11:28:09.8090600Z               ^~~~~~~~~
2022-12-27T11:28:09.8092680Z               curexc_value
2022-12-27T11:28:09.8095090Z   /Library/Frameworks/Python.framework/Versions/3.8/include/python3.8/cpython/pystate.h:80:15: note: 'curexc_value' declared here
2022-12-27T11:28:09.8096660Z       PyObject *curexc_value;
2022-12-27T11:28:09.8098690Z                 ^
2022-12-27T11:28:09.8101310Z   src/lxml/lxml.etree.c:120837:13: error: no member named 'exc_traceback' in 'struct _ts'; did you mean 'curexc_traceback'?
2022-12-27T11:28:09.8103350Z       tstate->exc_traceback = *tb;
2022-12-27T11:28:09.8104710Z               ^~~~~~~~~~~~~
2022-12-27T11:28:09.8106710Z               curexc_traceback
2022-12-27T11:28:09.8178450Z   /Library/Frameworks/Python.framework/Versions/3.8/include/python3.8/cpython/pystate.h:81:15: note: 'curexc_traceback' declared here
2022-12-27T11:28:09.8179010Z       PyObject *curexc_traceback;
2022-12-27T11:28:09.8179300Z                 ^
2022-12-27T11:28:09.8179540Z   6 errors generated.
2022-12-27T11:28:09.8180100Z   error: command '/usr/bin/gcc' failed with exit code 1
2022-12-27T11:28:09.8498950Z   error: subprocess-exited-with-error
2022-12-27T11:28:09.8499390Z   
2022-12-27T11:28:09.8499920Z   Ã— python setup.py bdist_wheel did not run successfully.
2022-12-27T11:28:09.8500380Z   â”‚ exit code: 1
2022-12-27T11:28:09.8500660Z   â•°â”€> See above for output.
2022-12-27T11:28:09.8500890Z   
2022-12-27T11:28:09.8501140Z   note: This error originates from a subprocess, and is likely not a problem with pip.
2022-12-27T11:28:09.8508860Z   full command: /private/var/folders/51/hd414ycd67n82196sw51xqtc0000gn/T/cibw-run-61kyh_t8/cp38-macosx_arm64/build/venv/bin/python -u -c '
2022-12-27T11:28:09.8509610Z   exec(compile('"'"''"'"''"'"'
2022-12-27T11:28:09.8511010Z   # This is <pip-setuptools-caller> -- a caller that pip uses to run setup.py
2022-12-27T11:28:09.8511340Z   #
2022-12-27T11:28:09.8511880Z   # - It imports setuptools before invoking setup.py, to enable projects that directly
2022-12-27T11:28:09.8512590Z   #   import from `distutils.core` to work with newer packaging standards.
2022-12-27T11:28:09.8513220Z   # - It provides a clear error message when setuptools is not installed.
2022-12-27T11:28:09.8513800Z   # - It sets `sys.argv[0]` to the underlying `setup.py`, when invoking `setup.py` so
2022-12-27T11:28:09.8514410Z   #   setuptools doesn'"'"'t think the script is `-c`. This avoids the following warning:
2022-12-27T11:28:09.8514990Z   #     manifest_maker: standard file '"'"'-c'"'"' not found".
2022-12-27T11:28:09.8515490Z   # - It generates a shim setup.py, for handling setup.cfg-only projects.
2022-12-27T11:28:09.8515880Z   import os, sys, tokenize
2022-12-27T11:28:09.8516120Z   
2022-12-27T11:28:09.8516840Z   try:
2022-12-27T11:28:09.8517050Z       import setuptools
2022-12-27T11:28:09.8517290Z   except ImportError as error:
2022-12-27T11:28:09.8517500Z       print(
2022-12-27T11:28:09.8517790Z           "ERROR: Can not execute `setup.py` since setuptools is not available in "
2022-12-27T11:28:09.8518080Z           "the build environment.",
2022-12-27T11:28:09.8518300Z           file=sys.stderr,
2022-12-27T11:28:09.8518470Z       )
2022-12-27T11:28:09.8518650Z       sys.exit(1)
2022-12-27T11:28:09.8518900Z   
2022-12-27T11:28:09.8519030Z   __file__ = %r
2022-12-27T11:28:09.8519210Z   sys.argv[0] = __file__
2022-12-27T11:28:09.8519370Z   
2022-12-27T11:28:09.8519510Z   if os.path.exists(__file__):
2022-12-27T11:28:09.8519710Z       filename = __file__
2022-12-27T11:28:09.8519910Z       with tokenize.open(__file__) as f:
2022-12-27T11:28:09.8520100Z           setup_py_code = f.read()
2022-12-27T11:28:09.8520280Z   else:
2022-12-27T11:28:09.8520540Z       filename = "<auto-generated setuptools caller>"
2022-12-27T11:28:09.8520780Z       setup_py_code = "from setuptools import setup; setup()"
2022-12-27T11:28:09.8520940Z   
2022-12-27T11:28:09.8521130Z   exec(compile(setup_py_code, filename, "exec"))
2022-12-27T11:28:09.8521610Z   '"'"''"'"''"'"' % ('"'"'/Users/runner/actions-runner/_work/python.build/python.build/build_lxml21beta338/lxml-2.1beta3/setup.py'"'"',), "<pip-setuptools-caller>", "exec"))' bdist_wheel -d /private/var/folders/51/hd414ycd67n82196sw51xqtc0000gn/T/pip-wheel-j9t7cbr6
2022-12-27T11:28:09.8522120Z   cwd: /Users/runner/actions-runner/_work/python.build/python.build/build_lxml21beta338/lxml-2.1beta3/
2022-12-27T11:28:09.8522330Z   ERROR: Failed building wheel for lxml
2022-12-27T11:28:09.8522610Z   Building wheel for lxml (setup.py): finished with status 'error'
2022-12-27T11:28:09.8522830Z   Running setup.py clean for lxml
2022-12-27T11:28:09.8523220Z   Running command python setup.py clean
2022-12-27T11:28:10.0999500Z   Building lxml version 2.1.beta3.
2022-12-27T11:28:10.1001170Z   Building with Cython 0.29.32.
2022-12-27T11:28:10.1128730Z   Using build configuration of libxslt 1.1.29
2022-12-27T11:28:10.2091040Z   Building against libxml2/libxslt in the following directory: /Library/Developer/CommandLineTools/SDKs/MacOSX12.1.sdk/usr/lib
2022-12-27T11:28:10.2196000Z   /private/var/folders/51/hd414ycd67n82196sw51xqtc0000gn/T/cibw-run-61kyh_t8/cp38-macosx_arm64/build/venv/lib/python3.8/site-packages/setuptools/dist.py:529: UserWarning: Normalizing '2.1beta3' to '2.1b3'
2022-12-27T11:28:10.2197610Z     warnings.warn(tmpl.format(**locals()))
2022-12-27T11:28:10.2230080Z   running clean
2022-12-27T11:28:10.2257510Z   removing 'build/temp.macosx-11.0-arm64-cpython-38' (and everything under it)
2022-12-27T11:28:10.2261500Z   removing 'build/lib.macosx-11.0-arm64-cpython-38' (and everything under it)
2022-12-27T11:28:10.2279870Z   'build/bdist.macosx-11.0-arm64' does not exist -- can't clean it
2022-12-27T11:28:10.2282150Z   'build/scripts-3.8' does not exist -- can't clean it
2022-12-27T11:28:10.2283940Z   removing 'build'
2022-12-27T11:28:10.2503910Z Failed to build lxml
2022-12-27T11:28:10.2508390Z ERROR: Failed to build one or more wheels
2022-12-27T11:28:10.2517940Z Exception information:
2022-12-27T11:28:10.2518190Z Traceback (most recent call last):
2022-12-27T11:28:10.2525460Z   File "/private/var/folders/51/hd414ycd67n82196sw51xqtc0000gn/T/cibw-run-61kyh_t8/cp38-macosx_arm64/build/venv/lib/python3.8/site-packages/pip/_internal/cli/base_command.py", line 160, in exc_logging_wrapper
2022-12-27T11:28:10.2525900Z     status = run_func(*args)
2022-12-27T11:28:10.2526440Z   File "/private/var/folders/51/hd414ycd67n82196sw51xqtc0000gn/T/cibw-run-61kyh_t8/cp38-macosx_arm64/build/venv/lib/python3.8/site-packages/pip/_internal/cli/req_command.py", line 247, in wrapper
2022-12-27T11:28:10.2526780Z     return func(self, options, args)
2022-12-27T11:28:10.2527250Z   File "/private/var/folders/51/hd414ycd67n82196sw51xqtc0000gn/T/cibw-run-61kyh_t8/cp38-macosx_arm64/build/venv/lib/python3.8/site-packages/pip/_internal/commands/wheel.py", line 201, in run
2022-12-27T11:28:10.2528100Z     raise CommandError("Failed to build one or more wheels")
2022-12-27T11:28:10.2528390Z pip._internal.exceptions.CommandError: Failed to build one or more wheels
2022-12-27T11:28:10.2528820Z Removed build tracker: '/private/var/folders/51/hd414ycd67n82196sw51xqtc0000gn/T/pip-build-tracker-1ijtr8ct'
2022-12-27T11:28:10.2910550Z ##[endgroup]
2022-12-27T11:28:10.2911180Z                                                               [31mâœ• [0m2.24s
2022-12-27T11:28:10.3251320Z ##[error]Command ['python', '-m', 'pip', 'wheel', '/Users/runner/actions-runner/_work/python.build/python.build/build_lxml21beta338/lxml-2.1beta3', '--wheel-dir=/private/var/folders/51/hd414ycd67n82196sw51xqtc0000gn/T/cibw-run-61kyh_t8/cp38-macosx_arm64/built_wheel', '--no-deps', '-vvv'] failed with code 1. None
2022-12-27T11:28:10.3257080Z 
2022-12-27T11:28:10.3356000Z ##[error]Process completed with exit code 1.
2022-12-27T11:28:10.3389320Z ##[group]Run rm -rf build_lxml21beta338 wheelsout
2022-12-27T11:28:10.3389540Z [36;1mrm -rf build_lxml21beta338 wheelsout[0m
2022-12-27T11:28:10.3404120Z shell: /bin/bash -e {0}
2022-12-27T11:28:10.3404300Z env:
2022-12-27T11:28:10.3404500Z   pythonLocation: /Users/runner/hostedtoolcache/Python/3.8.15/x64
2022-12-27T11:28:10.3404720Z   PKG_CONFIG_PATH: /Users/runner/hostedtoolcache/Python/3.8.15/x64/lib/pkgconfig
2022-12-27T11:28:10.3405020Z   Python_ROOT_DIR: /Users/runner/hostedtoolcache/Python/3.8.15/x64
2022-12-27T11:28:10.3405250Z   Python2_ROOT_DIR: /Users/runner/hostedtoolcache/Python/3.8.15/x64
2022-12-27T11:28:10.3405440Z   Python3_ROOT_DIR: /Users/runner/hostedtoolcache/Python/3.8.15/x64
2022-12-27T11:28:10.3405630Z ##[endgroup]
2022-12-27T11:28:10.3905070Z Cleaning up orphan processes
