2022-12-27T08:53:28.8937763Z Requested labels: self-hosted, macOS, X64
2022-12-27T08:53:28.8937851Z Job defined at: kilnbuild/python.build/.github/workflows/mac_arm_build.yml@refs/heads/main
2022-12-27T08:53:28.8937878Z Waiting for a runner to pick up this job...
2022-12-27T11:28:43.8934211Z Job is about to start running on the runner: kr2 (organization)
2022-12-27T11:28:50.0799360Z Current runner version: '2.300.2'
2022-12-27T11:28:50.0806860Z Runner name: 'kr2'
2022-12-27T11:28:50.0807320Z Runner group name: 'Default'
2022-12-27T11:28:50.0808120Z Machine name: 'kr2'
2022-12-27T11:28:50.0810780Z ##[group]GITHUB_TOKEN Permissions
2022-12-27T11:28:50.0811450Z Actions: write
2022-12-27T11:28:50.0811720Z Checks: write
2022-12-27T11:28:50.0811960Z Contents: write
2022-12-27T11:28:50.0812200Z Deployments: write
2022-12-27T11:28:50.0812460Z Discussions: write
2022-12-27T11:28:50.0812710Z Issues: write
2022-12-27T11:28:50.0812940Z Metadata: read
2022-12-27T11:28:50.0813190Z Packages: write
2022-12-27T11:28:50.0813450Z Pages: write
2022-12-27T11:28:50.0813690Z PullRequests: write
2022-12-27T11:28:50.0813990Z RepositoryProjects: write
2022-12-27T11:28:50.0814280Z SecurityEvents: write
2022-12-27T11:28:50.0814530Z Statuses: write
2022-12-27T11:28:50.0814780Z ##[endgroup]
2022-12-27T11:28:50.0818270Z Secret source: Actions
2022-12-27T11:28:50.0818740Z Prepare workflow directory
2022-12-27T11:28:50.1919560Z Prepare all required actions
2022-12-27T11:28:50.2125900Z Getting action download info
2022-12-27T11:28:50.6577650Z Download action repository 'actions/setup-python@v4' (SHA:5ccb29d8773c3f3f653e1705f474dfaa8a06a912)
2022-12-27T11:28:52.5196930Z Download action repository 'actions/upload-artifact@v3' (SHA:83fd05a356d7e2593de66fc9913b3002723633cb)
2022-12-27T11:28:53.9811180Z ##[group]Run echo '{
2022-12-27T11:28:53.9811770Z [36;1mecho '{[0m
2022-12-27T11:28:53.9812050Z [36;1m  "package_name": "lxml",[0m
2022-12-27T11:28:53.9812570Z [36;1m  "package_url": "https://files.pythonhosted.org/packages/14/f5/85393978ccc126409bc55ac56fde020db911233df4b8c26ec8339a28c825/lxml-2.1.1.tar.gz",[0m
2022-12-27T11:28:53.9812960Z [36;1m  "package_version": "2.1.1",[0m
2022-12-27T11:28:53.9813270Z [36;1m  "python_version": "3.9",[0m
2022-12-27T11:28:53.9813530Z [36;1m  "use_ccache": "true"[0m
2022-12-27T11:28:53.9813710Z [36;1m}'[0m
2022-12-27T11:28:53.9840700Z shell: /bin/bash -e {0}
2022-12-27T11:28:53.9841030Z ##[endgroup]
2022-12-27T11:28:54.0254120Z {
2022-12-27T11:28:54.0257290Z   "package_name": "lxml",
2022-12-27T11:28:54.0258770Z   "package_url": "https://files.pythonhosted.org/packages/14/f5/85393978ccc126409bc55ac56fde020db911233df4b8c26ec8339a28c825/lxml-2.1.1.tar.gz",
2022-12-27T11:28:54.0259510Z   "package_version": "2.1.1",
2022-12-27T11:28:54.0260180Z   "python_version": "3.9",
2022-12-27T11:28:54.0260590Z   "use_ccache": "true"
2022-12-27T11:28:54.0261080Z }
2022-12-27T11:28:54.0623840Z ##[group]Run actions/setup-python@v4
2022-12-27T11:28:54.0624350Z with:
2022-12-27T11:28:54.0624760Z   python-version: 3.9
2022-12-27T11:28:54.0625100Z   check-latest: false
2022-12-27T11:28:54.0625590Z   token: ***
2022-12-27T11:28:54.0625910Z   update-environment: true
2022-12-27T11:28:54.0626240Z ##[endgroup]
2022-12-27T11:28:54.2843040Z ##[group]Installed versions
2022-12-27T11:28:54.2911740Z Successfully set up CPython (3.9.16)
2022-12-27T11:28:54.2914910Z ##[endgroup]
2022-12-27T11:28:54.3157960Z ##[group]Run if [ "true" == "true" ]
2022-12-27T11:28:54.3158680Z [36;1mif [ "true" == "true" ][0m
2022-12-27T11:28:54.3159040Z [36;1mthen[0m
2022-12-27T11:28:54.3159370Z [36;1m  echo "CCACHE_PATH_PREPEND=/usr/local/opt/ccache/libexec" >> $GITHUB_OUTPUT[0m
2022-12-27T11:28:54.3159770Z [36;1melse[0m
2022-12-27T11:28:54.3160140Z [36;1m  echo "CCACHE_PATH_PREPEND=" >> $GITHUB_OUTPUT[0m
2022-12-27T11:28:54.3160530Z [36;1mfi[0m
2022-12-27T11:28:54.3190080Z shell: /bin/bash -e {0}
2022-12-27T11:28:54.3190430Z env:
2022-12-27T11:28:54.3190760Z   pythonLocation: /Users/runner/hostedtoolcache/Python/3.9.16/x64
2022-12-27T11:28:54.3191340Z   PKG_CONFIG_PATH: /Users/runner/hostedtoolcache/Python/3.9.16/x64/lib/pkgconfig
2022-12-27T11:28:54.3191810Z   Python_ROOT_DIR: /Users/runner/hostedtoolcache/Python/3.9.16/x64
2022-12-27T11:28:54.3192250Z   Python2_ROOT_DIR: /Users/runner/hostedtoolcache/Python/3.9.16/x64
2022-12-27T11:28:54.3192740Z   Python3_ROOT_DIR: /Users/runner/hostedtoolcache/Python/3.9.16/x64
2022-12-27T11:28:54.3193670Z ##[endgroup]
2022-12-27T11:28:54.3479960Z ##[group]Run echo "BUILD_NAME=$(echo lxml_2.1.1_3.9 | tr -dc '[:alnum:]\n\r' | tr '[:upper:]' '[:lower:]')" >> $GITHUB_OUTPUT
2022-12-27T11:28:54.3480580Z [36;1mecho "BUILD_NAME=$(echo lxml_2.1.1_3.9 | tr -dc '[:alnum:]\n\r' | tr '[:upper:]' '[:lower:]')" >> $GITHUB_OUTPUT[0m
2022-12-27T11:28:54.3506030Z shell: /bin/bash -e {0}
2022-12-27T11:28:54.3506360Z env:
2022-12-27T11:28:54.3506690Z   pythonLocation: /Users/runner/hostedtoolcache/Python/3.9.16/x64
2022-12-27T11:28:54.3507130Z   PKG_CONFIG_PATH: /Users/runner/hostedtoolcache/Python/3.9.16/x64/lib/pkgconfig
2022-12-27T11:28:54.3507550Z   Python_ROOT_DIR: /Users/runner/hostedtoolcache/Python/3.9.16/x64
2022-12-27T11:28:54.3507970Z   Python2_ROOT_DIR: /Users/runner/hostedtoolcache/Python/3.9.16/x64
2022-12-27T11:28:54.3508450Z   Python3_ROOT_DIR: /Users/runner/hostedtoolcache/Python/3.9.16/x64
2022-12-27T11:28:54.3508750Z ##[endgroup]
2022-12-27T11:28:54.3738980Z ##[group]Run echo "PYTHON_NO_DOTS=$(echo 3.9 | tr -dc '[:alnum:]\n\r' | tr '[:upper:]' '[:lower:]')" >> $GITHUB_OUTPUT
2022-12-27T11:28:54.3739750Z [36;1mecho "PYTHON_NO_DOTS=$(echo 3.9 | tr -dc '[:alnum:]\n\r' | tr '[:upper:]' '[:lower:]')" >> $GITHUB_OUTPUT[0m
2022-12-27T11:28:54.3765170Z shell: /bin/bash -e {0}
2022-12-27T11:28:54.3765480Z env:
2022-12-27T11:28:54.3765790Z   pythonLocation: /Users/runner/hostedtoolcache/Python/3.9.16/x64
2022-12-27T11:28:54.3767110Z   PKG_CONFIG_PATH: /Users/runner/hostedtoolcache/Python/3.9.16/x64/lib/pkgconfig
2022-12-27T11:28:54.3767550Z   Python_ROOT_DIR: /Users/runner/hostedtoolcache/Python/3.9.16/x64
2022-12-27T11:28:54.3767980Z   Python2_ROOT_DIR: /Users/runner/hostedtoolcache/Python/3.9.16/x64
2022-12-27T11:28:54.3768470Z   Python3_ROOT_DIR: /Users/runner/hostedtoolcache/Python/3.9.16/x64
2022-12-27T11:28:54.3768840Z ##[endgroup]
2022-12-27T11:28:54.4023960Z ##[group]Run rm -rf build_lxml21139
2022-12-27T11:28:54.4024680Z [36;1mrm -rf build_lxml21139[0m
2022-12-27T11:28:54.4024950Z [36;1mmkdir build_lxml21139[0m
2022-12-27T11:28:54.4025420Z [36;1mcd build_lxml21139[0m
2022-12-27T11:28:54.4026000Z [36;1m/usr/local/bin/wget --quiet https://files.pythonhosted.org/packages/14/f5/85393978ccc126409bc55ac56fde020db911233df4b8c26ec8339a28c825/lxml-2.1.1.tar.gz[0m
2022-12-27T11:28:54.4026480Z [36;1mtar xf *.tar.gz[0m
2022-12-27T11:28:54.4026730Z [36;1mcd *[0m
2022-12-27T11:28:54.4027070Z [36;1mpython -m pip install cibuildwheel==2.11.3[0m
2022-12-27T11:28:54.4027550Z [36;1mpython -m cibuildwheel --output-dir ../wheelsout[0m
2022-12-27T11:28:54.4054600Z shell: /bin/bash -e {0}
2022-12-27T11:28:54.4054930Z env:
2022-12-27T11:28:54.4055400Z   pythonLocation: /Users/runner/hostedtoolcache/Python/3.9.16/x64
2022-12-27T11:28:54.4055800Z   PKG_CONFIG_PATH: /Users/runner/hostedtoolcache/Python/3.9.16/x64/lib/pkgconfig
2022-12-27T11:28:54.4056370Z   Python_ROOT_DIR: /Users/runner/hostedtoolcache/Python/3.9.16/x64
2022-12-27T11:28:54.4056750Z   Python2_ROOT_DIR: /Users/runner/hostedtoolcache/Python/3.9.16/x64
2022-12-27T11:28:54.4057260Z   Python3_ROOT_DIR: /Users/runner/hostedtoolcache/Python/3.9.16/x64
2022-12-27T11:28:54.4057640Z   CIBW_ARCHS_MACOS: arm64
2022-12-27T11:28:54.4057910Z   CIBW_TEST_SKIP: *_arm64
2022-12-27T11:28:54.4058250Z   CIBW_BUILD: cp39-macosx_arm64
2022-12-27T11:28:54.4058870Z   CIBW_BUILD_FRONTEND: pip
2022-12-27T11:28:54.4059220Z   CIBW_BUILD_VERBOSITY: 3
2022-12-27T11:28:54.4059770Z   CIBW_ENVIRONMENT_MACOS:  CFLAGS="-I/usr/local/opt/openssl@3/include" LDFLAGS="-L/usr/local/opt/openssl@3/lib" CPPFLAGS="-I/usr/local/opt/openssl@3/include" MAKEFLAGS="-j$(sysctl -n hw.logicalcpu)" PATH=/usr/local/opt/ccache/libexec:$PATH
2022-12-27T11:28:54.4060460Z   CIBW_BEFORE_BUILD: pip install Cython; if [[ -f requirements.txt ]]; then pip install -r requirements.txt; fi
2022-12-27T11:28:54.4060930Z   MAKEFLAGS: -j$(sysctl -n hw.logicalcpu)
2022-12-27T11:28:54.4061210Z ##[endgroup]
2022-12-27T11:28:55.1980960Z Requirement already satisfied: cibuildwheel==2.11.3 in /Users/runner/hostedtoolcache/Python/3.9.16/x64/lib/python3.9/site-packages (2.11.3)
2022-12-27T11:28:55.2374770Z Requirement already satisfied: tomli in /Users/runner/hostedtoolcache/Python/3.9.16/x64/lib/python3.9/site-packages (from cibuildwheel==2.11.3) (2.0.1)
2022-12-27T11:28:55.2381000Z Requirement already satisfied: packaging>=20.9 in /Users/runner/hostedtoolcache/Python/3.9.16/x64/lib/python3.9/site-packages (from cibuildwheel==2.11.3) (22.0)
2022-12-27T11:28:55.2385850Z Requirement already satisfied: platformdirs in /Users/runner/hostedtoolcache/Python/3.9.16/x64/lib/python3.9/site-packages (from cibuildwheel==2.11.3) (2.6.0)
2022-12-27T11:28:55.2401390Z Requirement already satisfied: typing-extensions>=4.1.0 in /Users/runner/hostedtoolcache/Python/3.9.16/x64/lib/python3.9/site-packages (from cibuildwheel==2.11.3) (4.4.0)
2022-12-27T11:28:55.2404530Z Requirement already satisfied: bracex in /Users/runner/hostedtoolcache/Python/3.9.16/x64/lib/python3.9/site-packages (from cibuildwheel==2.11.3) (2.3.post1)
2022-12-27T11:28:55.2411650Z Requirement already satisfied: bashlex!=0.13 in /Users/runner/hostedtoolcache/Python/3.9.16/x64/lib/python3.9/site-packages (from cibuildwheel==2.11.3) (0.16)
2022-12-27T11:28:55.2416790Z Requirement already satisfied: certifi in /Users/runner/hostedtoolcache/Python/3.9.16/x64/lib/python3.9/site-packages (from cibuildwheel==2.11.3) (2022.12.7)
2022-12-27T11:28:55.2421490Z Requirement already satisfied: filelock in /Users/runner/hostedtoolcache/Python/3.9.16/x64/lib/python3.9/site-packages (from cibuildwheel==2.11.3) (3.8.2)
2022-12-27T11:28:55.5372730Z 
2022-12-27T11:28:55.5373470Z      _ _       _ _   _       _           _
2022-12-27T11:28:55.5374810Z  ___|_| |_ _ _|_| |_| |_ _ _| |_ ___ ___| |
2022-12-27T11:28:55.5377160Z |  _| | . | | | | | . | | | |   | -_| -_| |
2022-12-27T11:28:55.5378560Z |___|_|___|___|_|_|___|_____|_|_|___|___|_|
2022-12-27T11:28:55.5381360Z 
2022-12-27T11:28:55.5381760Z cibuildwheel version 2.11.3
2022-12-27T11:28:55.5382520Z 
2022-12-27T11:28:55.5382850Z Build options:
2022-12-27T11:28:55.5383430Z   platform: macos
2022-12-27T11:28:55.5474110Z   architectures: arm64[0m
2022-12-27T11:28:55.5474850Z   build_selector: 
2022-12-27T11:28:55.5477230Z     build_config: cp39-macosx_arm64
2022-12-27T11:28:55.5478150Z     skip_config: 
2022-12-27T11:28:55.5479150Z     requires_python: None
2022-12-27T11:28:55.5480250Z     prerelease_pythons: False[0m
2022-12-27T11:28:55.5482390Z   [38;5;244mcontainer_engine: docker[0m
2022-12-27T11:28:55.5483480Z   output_dir: /Users/runner/actions-runner/_work/python.build/python.build/build_lxml21139/wheelsout[0m
2022-12-27T11:28:55.5484350Z   package_dir: /Users/runner/actions-runner/_work/python.build/python.build/build_lxml21139/lxml-2.1.1[0m
2022-12-27T11:28:55.5484830Z   test_selector: 
2022-12-27T11:28:55.5485360Z     skip_config: *_arm64[0m
2022-12-27T11:28:55.5486160Z   [38;5;244mbefore_all: [0m
2022-12-27T11:28:55.5486690Z   before_build: pip install Cython; if [[ -f requirements.txt ]]; then pip install -r requirements.txt; fi[0m
2022-12-27T11:28:55.5487230Z   [38;5;244mbefore_test: [0m
2022-12-27T11:28:55.5487650Z   [38;5;244mbuild_frontend: pip[0m
2022-12-27T11:28:55.5488000Z   build_verbosity: 3[0m
2022-12-27T11:28:55.5488570Z   [38;5;244mconfig_settings: [0m
2022-12-27T11:28:55.5489130Z   [38;5;244mdependency_constraints: pinned[0m
2022-12-27T11:28:55.5489510Z   environment: 
2022-12-27T11:28:55.5489900Z     CFLAGS="-I/usr/local/opt/openssl@3/include"
2022-12-27T11:28:55.5490500Z     LDFLAGS="-L/usr/local/opt/openssl@3/lib"
2022-12-27T11:28:55.5490980Z     CPPFLAGS="-I/usr/local/opt/openssl@3/include"
2022-12-27T11:28:55.5491390Z     MAKEFLAGS="-j$(sysctl -n hw.logicalcpu)"
2022-12-27T11:28:55.5491860Z     PATH=/usr/local/opt/ccache/libexec:$PATH[0m
2022-12-27T11:28:55.5492320Z   [38;5;244mmanylinux_images: None[0m
2022-12-27T11:28:55.5492850Z   [38;5;244mmusllinux_images: None[0m
2022-12-27T11:28:55.5493440Z   [38;5;244mrepair_command: delocate-wheel --require-archs {delocate_archs} -w {dest_dir} -v {wheel}[0m
2022-12-27T11:28:55.5494560Z   [38;5;244mtest_command: [0m
2022-12-27T11:28:55.5494910Z   [38;5;244mtest_extras: [0m
2022-12-27T11:28:55.5495310Z   [38;5;244mtest_requires: [0m
2022-12-27T11:28:55.5495650Z 
2022-12-27T11:28:55.5495860Z Cache folder: /Users/runner/Library/Caches/cibuildwheel
2022-12-27T11:28:55.5502790Z 
2022-12-27T11:28:55.5503390Z Here we go!
2022-12-27T11:28:55.5503770Z 
2022-12-27T11:28:55.5667400Z 
2022-12-27T11:28:55.5668470Z [1m[34mBuilding cp39-macosx_arm64 wheel[0m
2022-12-27T11:28:55.5670010Z CPython 3.9 macOS arm64 - Apple Silicon
2022-12-27T11:28:55.5670480Z 
2022-12-27T11:28:55.5672560Z ##[group]Installing Python cp39...
2022-12-27T11:28:55.5673050Z 
2022-12-27T11:28:55.5673490Z + pkgutil --pkgs
2022-12-27T11:28:55.5867070Z ##[endgroup]
2022-12-27T11:28:55.5870400Z                                                               [32m✓ [0m0.02s
2022-12-27T11:28:55.5872090Z ##[group]Setting up build environment...
2022-12-27T11:28:55.5872590Z 
2022-12-27T11:28:55.5902740Z + /Users/runner/hostedtoolcache/Python/3.9.16/x64/bin/python -sS /Users/runner/Library/Caches/cibuildwheel/virtualenv-20.17.0.pyz --activators= --no-periodic-update --pip=22.3.1 --setuptools=65.6.3 --wheel=0.38.4 --symlink-app-data --python /Library/Frameworks/Python.framework/Versions/3.9/bin/python3 /private/var/folders/51/hd414ycd67n82196sw51xqtc0000gn/T/cibw-run-g418yyl0/cp39-macosx_arm64/build/venv
2022-12-27T11:28:55.8910780Z created virtual environment CPython3.9.13.final.0-64 in 81ms
2022-12-27T11:28:55.8911730Z   creator CPython3Posix(dest=/private/var/folders/51/hd414ycd67n82196sw51xqtc0000gn/T/cibw-run-g418yyl0/cp39-macosx_arm64/build/venv, clear=False, no_vcs_ignore=False, global=False)
2022-12-27T11:28:55.8912990Z   seeder FromAppData(download=False, pip=22.3.1, setuptools=65.6.3, wheel=0.38.4, via=symlink, app_data_dir=/Users/runner/Library/Application Support/virtualenv)
2022-12-27T11:28:55.8913730Z     added seed packages: pip==22.3.1, setuptools==65.6.3, wheel==0.38.4
2022-12-27T11:28:55.9151580Z + python -m pip install --upgrade pip -c /Users/runner/hostedtoolcache/Python/3.9.16/x64/lib/python3.9/site-packages/cibuildwheel/resources/constraints-python39.txt
2022-12-27T11:28:56.4262690Z Requirement already satisfied: pip in ./lib/python3.9/site-packages (22.3.1)
2022-12-27T11:28:56.6954910Z + which pip
2022-12-27T11:28:56.6997010Z /private/var/folders/51/hd414ycd67n82196sw51xqtc0000gn/T/cibw-run-g418yyl0/cp39-macosx_arm64/build/venv/bin/pip
2022-12-27T11:28:56.7001430Z + pip --version
2022-12-27T11:28:57.0642070Z pip 22.3.1 from /private/var/folders/51/hd414ycd67n82196sw51xqtc0000gn/T/cibw-run-g418yyl0/cp39-macosx_arm64/build/venv/lib/python3.9/site-packages/pip (python 3.9)
2022-12-27T11:28:57.1077870Z + which pip
2022-12-27T11:28:57.1158280Z + which python
2022-12-27T11:28:57.1204670Z /private/var/folders/51/hd414ycd67n82196sw51xqtc0000gn/T/cibw-run-g418yyl0/cp39-macosx_arm64/build/venv/bin/python
2022-12-27T11:28:57.1209060Z + python --version
2022-12-27T11:28:57.1312490Z Python 3.9.13
2022-12-27T11:28:57.1319820Z + which python
2022-12-27T11:28:57.1420280Z ##[endgroup]
2022-12-27T11:28:57.1421200Z                                                               [32m✓ [0m1.56s
2022-12-27T11:28:57.1422380Z ##[group]Installing build tools...
2022-12-27T11:28:57.1422640Z 
2022-12-27T11:28:57.1423210Z + pip install --upgrade setuptools wheel delocate -c /Users/runner/hostedtoolcache/Python/3.9.16/x64/lib/python3.9/site-packages/cibuildwheel/resources/constraints-python39.txt
2022-12-27T11:28:57.6473200Z Requirement already satisfied: setuptools in /private/var/folders/51/hd414ycd67n82196sw51xqtc0000gn/T/cibw-run-g418yyl0/cp39-macosx_arm64/build/venv/lib/python3.9/site-packages (65.6.3)
2022-12-27T11:28:58.0518740Z Requirement already satisfied: wheel in /private/var/folders/51/hd414ycd67n82196sw51xqtc0000gn/T/cibw-run-g418yyl0/cp39-macosx_arm64/build/venv/lib/python3.9/site-packages (0.38.4)
2022-12-27T11:28:58.1467790Z Collecting delocate
2022-12-27T11:28:58.1528280Z   Using cached delocate-0.10.3-py3-none-any.whl (142 kB)
2022-12-27T11:28:58.2114280Z Collecting packaging>=20.9
2022-12-27T11:28:58.2178850Z   Using cached packaging-21.3-py3-none-any.whl (40 kB)
2022-12-27T11:28:58.2494430Z Collecting typing-extensions
2022-12-27T11:28:58.2541550Z   Using cached typing_extensions-4.4.0-py3-none-any.whl (26 kB)
2022-12-27T11:28:58.3183280Z Collecting pyparsing!=3.0.5,>=2.0.2
2022-12-27T11:28:58.3231530Z   Using cached pyparsing-3.0.9-py3-none-any.whl (98 kB)
2022-12-27T11:28:58.3873500Z Installing collected packages: typing-extensions, pyparsing, packaging, delocate
2022-12-27T11:28:58.6339120Z Successfully installed delocate-0.10.3 packaging-21.3 pyparsing-3.0.9 typing-extensions-4.4.0
2022-12-27T11:28:58.7338200Z ##[endgroup]
2022-12-27T11:28:58.7340050Z                                                               [32m✓ [0m1.59s
2022-12-27T11:28:58.7341940Z ##[group]Running before_build...
2022-12-27T11:28:58.7342630Z 
2022-12-27T11:28:58.7364540Z + pip install Cython; if [[ -f requirements.txt ]]; then pip install -r requirements.txt; fi
2022-12-27T11:29:00.0652100Z Collecting Cython
2022-12-27T11:29:00.0733380Z   Using cached Cython-0.29.32-py2.py3-none-any.whl (986 kB)
2022-12-27T11:29:00.1581390Z Installing collected packages: Cython
2022-12-27T11:29:01.0533720Z Successfully installed Cython-0.29.32
2022-12-27T11:29:01.1531470Z ##[endgroup]
2022-12-27T11:29:01.1533170Z                                                               [32m✓ [0m2.42s
2022-12-27T11:29:01.1534910Z ##[group]Building wheel...
2022-12-27T11:29:01.1535350Z 
2022-12-27T11:29:01.1547910Z + python -m pip wheel /Users/runner/actions-runner/_work/python.build/python.build/build_lxml21139/lxml-2.1.1 --wheel-dir=/private/var/folders/51/hd414ycd67n82196sw51xqtc0000gn/T/cibw-run-g418yyl0/cp39-macosx_arm64/built_wheel --no-deps -vvv
2022-12-27T11:29:01.6188580Z Created temporary directory: /private/var/folders/51/hd414ycd67n82196sw51xqtc0000gn/T/pip-ephem-wheel-cache-9bxkcac6
2022-12-27T11:29:01.6196290Z Created temporary directory: /private/var/folders/51/hd414ycd67n82196sw51xqtc0000gn/T/pip-build-tracker-vejuiuua
2022-12-27T11:29:01.6198440Z Initialized build tracking at /private/var/folders/51/hd414ycd67n82196sw51xqtc0000gn/T/pip-build-tracker-vejuiuua
2022-12-27T11:29:01.6201580Z Created build tracker: /private/var/folders/51/hd414ycd67n82196sw51xqtc0000gn/T/pip-build-tracker-vejuiuua
2022-12-27T11:29:01.6203550Z Entered build tracker: /private/var/folders/51/hd414ycd67n82196sw51xqtc0000gn/T/pip-build-tracker-vejuiuua
2022-12-27T11:29:01.6211380Z Created temporary directory: /private/var/folders/51/hd414ycd67n82196sw51xqtc0000gn/T/pip-wheel-3cco2zp3
2022-12-27T11:29:01.6223970Z Created temporary directory: /private/var/folders/51/hd414ycd67n82196sw51xqtc0000gn/T/pip-ephem-wheel-cache-_33tt2ex
2022-12-27T11:29:01.6545920Z Processing /Users/runner/actions-runner/_work/python.build/python.build/build_lxml21139/lxml-2.1.1
2022-12-27T11:29:01.6555700Z   Added file:///Users/runner/actions-runner/_work/python.build/python.build/build_lxml21139/lxml-2.1.1 to build tracker '/private/var/folders/51/hd414ycd67n82196sw51xqtc0000gn/T/pip-build-tracker-vejuiuua'
2022-12-27T11:29:01.6561700Z   Running setup.py (path:/Users/runner/actions-runner/_work/python.build/python.build/build_lxml21139/lxml-2.1.1/setup.py) egg_info for package from file:///Users/runner/actions-runner/_work/python.build/python.build/build_lxml21139/lxml-2.1.1
2022-12-27T11:29:01.6567870Z   Created temporary directory: /private/var/folders/51/hd414ycd67n82196sw51xqtc0000gn/T/pip-pip-egg-info-vvimwphc
2022-12-27T11:29:01.6570600Z   Preparing metadata (setup.py): started
2022-12-27T11:29:01.6574710Z   Running command python setup.py egg_info
2022-12-27T11:29:02.3520180Z   Building lxml version 2.1.1.
2022-12-27T11:29:02.3523780Z   Building with Cython 0.29.32.
2022-12-27T11:29:02.3528430Z   Using build configuration of libxslt 1.1.29
2022-12-27T11:29:02.3531000Z   Building against libxml2/libxslt in the following directory: /Library/Developer/CommandLineTools/SDKs/MacOSX12.1.sdk/usr/lib
2022-12-27T11:29:02.3533910Z   running egg_info
2022-12-27T11:29:02.3538460Z   creating /private/var/folders/51/hd414ycd67n82196sw51xqtc0000gn/T/pip-pip-egg-info-vvimwphc/lxml.egg-info
2022-12-27T11:29:02.3540010Z   writing /private/var/folders/51/hd414ycd67n82196sw51xqtc0000gn/T/pip-pip-egg-info-vvimwphc/lxml.egg-info/PKG-INFO
2022-12-27T11:29:02.3544170Z   writing dependency_links to /private/var/folders/51/hd414ycd67n82196sw51xqtc0000gn/T/pip-pip-egg-info-vvimwphc/lxml.egg-info/dependency_links.txt
2022-12-27T11:29:02.3546290Z   writing top-level names to /private/var/folders/51/hd414ycd67n82196sw51xqtc0000gn/T/pip-pip-egg-info-vvimwphc/lxml.egg-info/top_level.txt
2022-12-27T11:29:02.3548780Z   writing manifest file '/private/var/folders/51/hd414ycd67n82196sw51xqtc0000gn/T/pip-pip-egg-info-vvimwphc/lxml.egg-info/SOURCES.txt'
2022-12-27T11:29:02.3649340Z   reading manifest file '/private/var/folders/51/hd414ycd67n82196sw51xqtc0000gn/T/pip-pip-egg-info-vvimwphc/lxml.egg-info/SOURCES.txt'
2022-12-27T11:29:02.3650960Z   reading manifest template 'MANIFEST.in'
2022-12-27T11:29:02.5344250Z   adding license file 'LICENSES.txt'
2022-12-27T11:29:02.5458780Z   writing manifest file '/private/var/folders/51/hd414ycd67n82196sw51xqtc0000gn/T/pip-pip-egg-info-vvimwphc/lxml.egg-info/SOURCES.txt'
2022-12-27T11:29:02.6047980Z   Preparing metadata (setup.py): finished with status 'done'
2022-12-27T11:29:02.6088890Z   Source in /Users/runner/actions-runner/_work/python.build/python.build/build_lxml21139/lxml-2.1.1 has version 2.1.1, which satisfies requirement lxml==2.1.1 from file:///Users/runner/actions-runner/_work/python.build/python.build/build_lxml21139/lxml-2.1.1
2022-12-27T11:29:02.6094210Z   Removed lxml==2.1.1 from file:///Users/runner/actions-runner/_work/python.build/python.build/build_lxml21139/lxml-2.1.1 from build tracker '/private/var/folders/51/hd414ycd67n82196sw51xqtc0000gn/T/pip-build-tracker-vejuiuua'
2022-12-27T11:29:02.6123000Z Created temporary directory: /private/var/folders/51/hd414ycd67n82196sw51xqtc0000gn/T/pip-unpack-upyr_cey
2022-12-27T11:29:02.6124730Z Building wheels for collected packages: lxml
2022-12-27T11:29:02.6137560Z   Created temporary directory: /private/var/folders/51/hd414ycd67n82196sw51xqtc0000gn/T/pip-wheel-t3ch70n4
2022-12-27T11:29:02.6140300Z   Building wheel for lxml (setup.py): started
2022-12-27T11:29:02.6143750Z   Destination directory: /private/var/folders/51/hd414ycd67n82196sw51xqtc0000gn/T/pip-wheel-t3ch70n4
2022-12-27T11:29:02.6145990Z   Running command python setup.py bdist_wheel
2022-12-27T11:29:03.0619720Z   Building lxml version 2.1.1.
2022-12-27T11:29:03.0625130Z   Building with Cython 0.29.32.
2022-12-27T11:29:03.0855600Z   Using build configuration of libxslt 1.1.29
2022-12-27T11:29:03.2680870Z   Building against libxml2/libxslt in the following directory: /Library/Developer/CommandLineTools/SDKs/MacOSX12.1.sdk/usr/lib
2022-12-27T11:29:03.3094320Z   running bdist_wheel
2022-12-27T11:29:03.3162910Z   running build
2022-12-27T11:29:03.3168980Z   running build_py
2022-12-27T11:29:03.3203110Z   creating build
2022-12-27T11:29:03.3204810Z   creating build/lib.macosx-11.0-arm64-cpython-39
2022-12-27T11:29:03.3207280Z   creating build/lib.macosx-11.0-arm64-cpython-39/lxml
2022-12-27T11:29:03.3210070Z   copying src/lxml/_elementpath.py -> build/lib.macosx-11.0-arm64-cpython-39/lxml
2022-12-27T11:29:03.3212360Z   copying src/lxml/sax.py -> build/lib.macosx-11.0-arm64-cpython-39/lxml
2022-12-27T11:29:03.3215980Z   copying src/lxml/pyclasslookup.py -> build/lib.macosx-11.0-arm64-cpython-39/lxml
2022-12-27T11:29:03.3218710Z   copying src/lxml/__init__.py -> build/lib.macosx-11.0-arm64-cpython-39/lxml
2022-12-27T11:29:03.3225340Z   copying src/lxml/builder.py -> build/lib.macosx-11.0-arm64-cpython-39/lxml
2022-12-27T11:29:03.3230420Z   copying src/lxml/doctestcompare.py -> build/lib.macosx-11.0-arm64-cpython-39/lxml
2022-12-27T11:29:03.3236280Z   copying src/lxml/usedoctest.py -> build/lib.macosx-11.0-arm64-cpython-39/lxml
2022-12-27T11:29:03.3240080Z   copying src/lxml/cssselect.py -> build/lib.macosx-11.0-arm64-cpython-39/lxml
2022-12-27T11:29:03.3243210Z   copying src/lxml/ElementInclude.py -> build/lib.macosx-11.0-arm64-cpython-39/lxml
2022-12-27T11:29:03.3252970Z   creating build/lib.macosx-11.0-arm64-cpython-39/lxml/html
2022-12-27T11:29:03.3255860Z   copying src/lxml/html/soupparser.py -> build/lib.macosx-11.0-arm64-cpython-39/lxml/html
2022-12-27T11:29:03.3258980Z   copying src/lxml/html/defs.py -> build/lib.macosx-11.0-arm64-cpython-39/lxml/html
2022-12-27T11:29:03.3263710Z   copying src/lxml/html/_setmixin.py -> build/lib.macosx-11.0-arm64-cpython-39/lxml/html
2022-12-27T11:29:03.3267630Z   copying src/lxml/html/clean.py -> build/lib.macosx-11.0-arm64-cpython-39/lxml/html
2022-12-27T11:29:03.3273180Z   copying src/lxml/html/_diffcommand.py -> build/lib.macosx-11.0-arm64-cpython-39/lxml/html
2022-12-27T11:29:03.3276710Z   copying src/lxml/html/__init__.py -> build/lib.macosx-11.0-arm64-cpython-39/lxml/html
2022-12-27T11:29:03.3281880Z   copying src/lxml/html/formfill.py -> build/lib.macosx-11.0-arm64-cpython-39/lxml/html
2022-12-27T11:29:03.3286710Z   copying src/lxml/html/builder.py -> build/lib.macosx-11.0-arm64-cpython-39/lxml/html
2022-12-27T11:29:03.3294540Z   copying src/lxml/html/ElementSoup.py -> build/lib.macosx-11.0-arm64-cpython-39/lxml/html
2022-12-27T11:29:03.3297860Z   copying src/lxml/html/usedoctest.py -> build/lib.macosx-11.0-arm64-cpython-39/lxml/html
2022-12-27T11:29:03.3300520Z   copying src/lxml/html/diff.py -> build/lib.macosx-11.0-arm64-cpython-39/lxml/html
2022-12-27T11:29:03.3303100Z   copying src/lxml/html/_dictmixin.py -> build/lib.macosx-11.0-arm64-cpython-39/lxml/html
2022-12-27T11:29:03.3322490Z   running build_ext
2022-12-27T11:29:03.4057700Z   skipping 'src/lxml/lxml.etree.c' Cython extension (up-to-date)
2022-12-27T11:29:03.4064180Z   skipping 'src/lxml/lxml.objectify.c' Cython extension (up-to-date)
2022-12-27T11:29:03.4069330Z   building 'lxml.etree' extension
2022-12-27T11:29:03.4074590Z   creating build/temp.macosx-11.0-arm64-cpython-39
2022-12-27T11:29:03.4080370Z   creating build/temp.macosx-11.0-arm64-cpython-39/src
2022-12-27T11:29:03.4087530Z   creating build/temp.macosx-11.0-arm64-cpython-39/src/lxml
2022-12-27T11:29:03.4094510Z   gcc -Wno-unused-result -Wsign-compare -Wunreachable-code -fno-common -dynamic -DNDEBUG -g -fwrapv -O3 -Wall -g -I/usr/local/opt/openssl@3/include -I/usr/local/opt/openssl@3/include -arch arm64 -I/Library/Developer/CommandLineTools/SDKs/MacOSX12.1.sdk/usr/include -I/private/var/folders/51/hd414ycd67n82196sw51xqtc0000gn/T/cibw-run-g418yyl0/cp39-macosx_arm64/build/venv/include -I/Library/Frameworks/Python.framework/Versions/3.9/include/python3.9 -c src/lxml/lxml.etree.c -o build/temp.macosx-11.0-arm64-cpython-39/src/lxml/lxml.etree.o -w -flat_namespace
2022-12-27T11:29:04.2339280Z   src/lxml/lxml.etree.c:121820:24: error: no member named 'exc_type' in 'struct _ts'
2022-12-27T11:29:04.2342450Z       tmp_type = tstate->exc_type;
2022-12-27T11:29:04.2346840Z                  ~~~~~~  ^
2022-12-27T11:29:04.2354540Z   src/lxml/lxml.etree.c:121821:25: error: no member named 'exc_value' in 'struct _ts'; did you mean 'curexc_value'?
2022-12-27T11:29:04.2358100Z       tmp_value = tstate->exc_value;
2022-12-27T11:29:04.2363380Z                           ^~~~~~~~~
2022-12-27T11:29:04.2367660Z                           curexc_value
2022-12-27T11:29:04.2374480Z   /Library/Frameworks/Python.framework/Versions/3.9/include/python3.9/cpython/pystate.h:78:15: note: 'curexc_value' declared here
2022-12-27T11:29:04.2378310Z       PyObject *curexc_value;
2022-12-27T11:29:04.2383880Z                 ^
2022-12-27T11:29:04.2389610Z   src/lxml/lxml.etree.c:121822:22: error: no member named 'exc_traceback' in 'struct _ts'; did you mean 'curexc_traceback'?
2022-12-27T11:29:04.2395090Z       tmp_tb = tstate->exc_traceback;
2022-12-27T11:29:04.2399410Z                        ^~~~~~~~~~~~~
2022-12-27T11:29:04.2405070Z                        curexc_traceback
2022-12-27T11:29:04.2411360Z   /Library/Frameworks/Python.framework/Versions/3.9/include/python3.9/cpython/pystate.h:79:15: note: 'curexc_traceback' declared here
2022-12-27T11:29:04.2415500Z       PyObject *curexc_traceback;
2022-12-27T11:29:04.2420130Z                 ^
2022-12-27T11:29:04.2426310Z   src/lxml/lxml.etree.c:121823:13: error: no member named 'exc_type' in 'struct _ts'
2022-12-27T11:29:04.2431610Z       tstate->exc_type = *type;
2022-12-27T11:29:04.2436370Z       ~~~~~~  ^
2022-12-27T11:29:04.2441690Z   src/lxml/lxml.etree.c:121824:13: error: no member named 'exc_value' in 'struct _ts'; did you mean 'curexc_value'?
2022-12-27T11:29:04.2444090Z       tstate->exc_value = *value;
2022-12-27T11:29:04.2446290Z               ^~~~~~~~~
2022-12-27T11:29:04.2448830Z               curexc_value
2022-12-27T11:29:04.2452280Z   /Library/Frameworks/Python.framework/Versions/3.9/include/python3.9/cpython/pystate.h:78:15: note: 'curexc_value' declared here
2022-12-27T11:29:04.2454050Z       PyObject *curexc_value;
2022-12-27T11:29:04.2456990Z                 ^
2022-12-27T11:29:04.2460080Z   src/lxml/lxml.etree.c:121825:13: error: no member named 'exc_traceback' in 'struct _ts'; did you mean 'curexc_traceback'?
2022-12-27T11:29:04.2462080Z       tstate->exc_traceback = *tb;
2022-12-27T11:29:04.2464790Z               ^~~~~~~~~~~~~
2022-12-27T11:29:04.2467080Z               curexc_traceback
2022-12-27T11:29:04.2470690Z   /Library/Frameworks/Python.framework/Versions/3.9/include/python3.9/cpython/pystate.h:79:15: note: 'curexc_traceback' declared here
2022-12-27T11:29:04.2472340Z       PyObject *curexc_traceback;
2022-12-27T11:29:04.2475210Z                 ^
2022-12-27T11:29:04.2478560Z   6 errors generated.
2022-12-27T11:29:04.2509390Z   error: command '/usr/bin/gcc' failed with exit code 1
2022-12-27T11:29:04.3324210Z   error: subprocess-exited-with-error
2022-12-27T11:29:04.3325000Z   
2022-12-27T11:29:04.3326890Z   × python setup.py bdist_wheel did not run successfully.
2022-12-27T11:29:04.3327840Z   │ exit code: 1
2022-12-27T11:29:04.3328540Z   ╰─> See above for output.
2022-12-27T11:29:04.3329160Z   
2022-12-27T11:29:04.3329840Z   note: This error originates from a subprocess, and is likely not a problem with pip.
2022-12-27T11:29:04.3342150Z   full command: /private/var/folders/51/hd414ycd67n82196sw51xqtc0000gn/T/cibw-run-g418yyl0/cp39-macosx_arm64/build/venv/bin/python -u -c '
2022-12-27T11:29:04.3343390Z   exec(compile('"'"''"'"''"'"'
2022-12-27T11:29:04.3344550Z   # This is <pip-setuptools-caller> -- a caller that pip uses to run setup.py
2022-12-27T11:29:04.3345270Z   #
2022-12-27T11:29:04.3346300Z   # - It imports setuptools before invoking setup.py, to enable projects that directly
2022-12-27T11:29:04.3347390Z   #   import from `distutils.core` to work with newer packaging standards.
2022-12-27T11:29:04.3348580Z   # - It provides a clear error message when setuptools is not installed.
2022-12-27T11:29:04.3349700Z   # - It sets `sys.argv[0]` to the underlying `setup.py`, when invoking `setup.py` so
2022-12-27T11:29:04.3350710Z   #   setuptools doesn'"'"'t think the script is `-c`. This avoids the following warning:
2022-12-27T11:29:04.3352040Z   #     manifest_maker: standard file '"'"'-c'"'"' not found".
2022-12-27T11:29:04.3353030Z   # - It generates a shim setup.py, for handling setup.cfg-only projects.
2022-12-27T11:29:04.3353870Z   import os, sys, tokenize
2022-12-27T11:29:04.3354420Z   
2022-12-27T11:29:04.3354820Z   try:
2022-12-27T11:29:04.3355380Z       import setuptools
2022-12-27T11:29:04.3356090Z   except ImportError as error:
2022-12-27T11:29:04.3356650Z       print(
2022-12-27T11:29:04.3357470Z           "ERROR: Can not execute `setup.py` since setuptools is not available in "
2022-12-27T11:29:04.3358340Z           "the build environment.",
2022-12-27T11:29:04.3358960Z           file=sys.stderr,
2022-12-27T11:29:04.3359420Z       )
2022-12-27T11:29:04.3359960Z       sys.exit(1)
2022-12-27T11:29:04.3361230Z   
2022-12-27T11:29:04.3361820Z   __file__ = %r
2022-12-27T11:29:04.3362270Z   sys.argv[0] = __file__
2022-12-27T11:29:04.3362690Z   
2022-12-27T11:29:04.3363180Z   if os.path.exists(__file__):
2022-12-27T11:29:04.3364280Z       filename = __file__
2022-12-27T11:29:04.3364810Z       with tokenize.open(__file__) as f:
2022-12-27T11:29:04.3365460Z           setup_py_code = f.read()
2022-12-27T11:29:04.3365920Z   else:
2022-12-27T11:29:04.3366690Z       filename = "<auto-generated setuptools caller>"
2022-12-27T11:29:04.3367210Z       setup_py_code = "from setuptools import setup; setup()"
2022-12-27T11:29:04.3367530Z   
2022-12-27T11:29:04.3367920Z   exec(compile(setup_py_code, filename, "exec"))
2022-12-27T11:29:04.3368920Z   '"'"''"'"''"'"' % ('"'"'/Users/runner/actions-runner/_work/python.build/python.build/build_lxml21139/lxml-2.1.1/setup.py'"'"',), "<pip-setuptools-caller>", "exec"))' bdist_wheel -d /private/var/folders/51/hd414ycd67n82196sw51xqtc0000gn/T/pip-wheel-t3ch70n4
2022-12-27T11:29:04.3369870Z   cwd: /Users/runner/actions-runner/_work/python.build/python.build/build_lxml21139/lxml-2.1.1/
2022-12-27T11:29:04.3370260Z   ERROR: Failed building wheel for lxml
2022-12-27T11:29:04.3370780Z   Building wheel for lxml (setup.py): finished with status 'error'
2022-12-27T11:29:04.3371290Z   Running command python setup.py clean
2022-12-27T11:29:04.3371610Z   Running setup.py clean for lxml
2022-12-27T11:29:04.7639630Z   Building lxml version 2.1.1.
2022-12-27T11:29:04.7641040Z   Building with Cython 0.29.32.
2022-12-27T11:29:04.7916100Z   Using build configuration of libxslt 1.1.29
2022-12-27T11:29:04.9891720Z   Building against libxml2/libxslt in the following directory: /Library/Developer/CommandLineTools/SDKs/MacOSX12.1.sdk/usr/lib
2022-12-27T11:29:05.0134510Z   running clean
2022-12-27T11:29:05.0176890Z   removing 'build/temp.macosx-11.0-arm64-cpython-39' (and everything under it)
2022-12-27T11:29:05.0187640Z   removing 'build/lib.macosx-11.0-arm64-cpython-39' (and everything under it)
2022-12-27T11:29:05.0217240Z   'build/bdist.macosx-11.0-arm64' does not exist -- can't clean it
2022-12-27T11:29:05.0217860Z   'build/scripts-3.9' does not exist -- can't clean it
2022-12-27T11:29:05.0219780Z   removing 'build'
2022-12-27T11:29:05.0743270Z Failed to build lxml
2022-12-27T11:29:05.0748860Z ERROR: Failed to build one or more wheels
2022-12-27T11:29:05.0766390Z Exception information:
2022-12-27T11:29:05.0767080Z Traceback (most recent call last):
2022-12-27T11:29:05.0786790Z   File "/private/var/folders/51/hd414ycd67n82196sw51xqtc0000gn/T/cibw-run-g418yyl0/cp39-macosx_arm64/build/venv/lib/python3.9/site-packages/pip/_internal/cli/base_command.py", line 160, in exc_logging_wrapper
2022-12-27T11:29:05.0787510Z     status = run_func(*args)
2022-12-27T11:29:05.0788520Z   File "/private/var/folders/51/hd414ycd67n82196sw51xqtc0000gn/T/cibw-run-g418yyl0/cp39-macosx_arm64/build/venv/lib/python3.9/site-packages/pip/_internal/cli/req_command.py", line 247, in wrapper
2022-12-27T11:29:05.0789110Z     return func(self, options, args)
2022-12-27T11:29:05.0789830Z   File "/private/var/folders/51/hd414ycd67n82196sw51xqtc0000gn/T/cibw-run-g418yyl0/cp39-macosx_arm64/build/venv/lib/python3.9/site-packages/pip/_internal/commands/wheel.py", line 201, in run
2022-12-27T11:29:05.0790420Z     raise CommandError("Failed to build one or more wheels")
2022-12-27T11:29:05.0790870Z pip._internal.exceptions.CommandError: Failed to build one or more wheels
2022-12-27T11:29:05.0791610Z Removed build tracker: '/private/var/folders/51/hd414ycd67n82196sw51xqtc0000gn/T/pip-build-tracker-vejuiuua'
2022-12-27T11:29:05.1767760Z ##[endgroup]
2022-12-27T11:29:05.1811290Z ##[error]Command ['python', '-m', 'pip', 'wheel', '/Users/runner/actions-runner/_work/python.build/python.build/build_lxml21139/lxml-2.1.1', '--wheel-dir=/private/var/folders/51/hd414ycd67n82196sw51xqtc0000gn/T/cibw-run-g418yyl0/cp39-macosx_arm64/built_wheel', '--no-deps', '-vvv'] failed with code 1. None
2022-12-27T11:29:05.1820960Z 
2022-12-27T11:29:05.1821570Z                                                               [31m✕ [0m4.02s
2022-12-27T11:29:05.2660550Z ##[error]Process completed with exit code 1.
2022-12-27T11:29:05.2735580Z ##[group]Run rm -rf build_lxml21139 wheelsout
2022-12-27T11:29:05.2736340Z [36;1mrm -rf build_lxml21139 wheelsout[0m
2022-12-27T11:29:05.2765490Z shell: /bin/bash -e {0}
2022-12-27T11:29:05.2765790Z env:
2022-12-27T11:29:05.2766130Z   pythonLocation: /Users/runner/hostedtoolcache/Python/3.9.16/x64
2022-12-27T11:29:05.2766490Z   PKG_CONFIG_PATH: /Users/runner/hostedtoolcache/Python/3.9.16/x64/lib/pkgconfig
2022-12-27T11:29:05.2766920Z   Python_ROOT_DIR: /Users/runner/hostedtoolcache/Python/3.9.16/x64
2022-12-27T11:29:05.2767340Z   Python2_ROOT_DIR: /Users/runner/hostedtoolcache/Python/3.9.16/x64
2022-12-27T11:29:05.2767770Z   Python3_ROOT_DIR: /Users/runner/hostedtoolcache/Python/3.9.16/x64
2022-12-27T11:29:05.2768060Z ##[endgroup]
2022-12-27T11:29:05.3824810Z Cleaning up orphan processes
