2022-12-27T01:55:06.2453866Z Requested labels: self-hosted, macOS, X64
2022-12-27T01:55:06.2453924Z Job defined at: kilnbuild/python.build/.github/workflows/mac_arm_build.yml@refs/heads/main
2022-12-27T01:55:06.2453950Z Waiting for a runner to pick up this job...
2022-12-27T02:25:28.7586191Z Job is about to start running on the runner: kr1 (organization)
2022-12-27T02:25:34.3396960Z Current runner version: '2.300.2'
2022-12-27T02:25:34.3404490Z Runner name: 'kr1'
2022-12-27T02:25:34.3404890Z Runner group name: 'Default'
2022-12-27T02:25:34.3405720Z Machine name: 'kr1'
2022-12-27T02:25:34.3408340Z ##[group]GITHUB_TOKEN Permissions
2022-12-27T02:25:34.3409040Z Actions: write
2022-12-27T02:25:34.3409290Z Checks: write
2022-12-27T02:25:34.3409530Z Contents: write
2022-12-27T02:25:34.3409790Z Deployments: write
2022-12-27T02:25:34.3410050Z Discussions: write
2022-12-27T02:25:34.3410310Z Issues: write
2022-12-27T02:25:34.3410550Z Metadata: read
2022-12-27T02:25:34.3410800Z Packages: write
2022-12-27T02:25:34.3411060Z Pages: write
2022-12-27T02:25:34.3411320Z PullRequests: write
2022-12-27T02:25:34.3411620Z RepositoryProjects: write
2022-12-27T02:25:34.3411920Z SecurityEvents: write
2022-12-27T02:25:34.3412180Z Statuses: write
2022-12-27T02:25:34.3412430Z ##[endgroup]
2022-12-27T02:25:34.3416070Z Secret source: Actions
2022-12-27T02:25:34.3416570Z Prepare workflow directory
2022-12-27T02:25:34.4583380Z Prepare all required actions
2022-12-27T02:25:34.4785730Z Getting action download info
2022-12-27T02:25:34.9325020Z Download action repository 'actions/setup-python@v4' (SHA:5ccb29d8773c3f3f653e1705f474dfaa8a06a912)
2022-12-27T02:25:37.4371560Z Download action repository 'actions/upload-artifact@v3' (SHA:83fd05a356d7e2593de66fc9913b3002723633cb)
2022-12-27T02:25:39.1948860Z ##[group]Run echo '{
2022-12-27T02:25:39.1949260Z [36;1mecho '{[0m
2022-12-27T02:25:39.1949720Z [36;1m  "environment_variables": "GRPC_PYTHON_BUILD_WITH_CYTHON=1 GRPC_BUILD_WITH_BORING_SSL_ASM='' GRPC_PYTHON_BUILD_SYSTEM_OPENSSL=TRUE",[0m
2022-12-27T02:25:39.1950070Z [36;1m  "package_name": "grpcio",[0m
2022-12-27T02:25:39.1950620Z [36;1m  "package_url": "https://files.pythonhosted.org/packages/7e/54/aff0f03318f7aceef3ca1b1a1e0e869d8291f4796f0042883c3e98d58c44/grpcio-0.13.0.tar.gz",[0m
2022-12-27T02:25:39.1951100Z [36;1m  "package_version": "0.13.0",[0m
2022-12-27T02:25:39.1951410Z [36;1m  "python_version": "3.8",[0m
2022-12-27T02:25:39.1951670Z [36;1m  "use_ccache": "true"[0m
2022-12-27T02:25:39.1951890Z [36;1m}'[0m
2022-12-27T02:25:39.1979610Z shell: /bin/bash -e {0}
2022-12-27T02:25:39.1979810Z ##[endgroup]
2022-12-27T02:25:39.2362170Z {
2022-12-27T02:25:39.2364920Z   "environment_variables": "GRPC_PYTHON_BUILD_WITH_CYTHON=1 GRPC_BUILD_WITH_BORING_SSL_ASM= GRPC_PYTHON_BUILD_SYSTEM_OPENSSL=TRUE",
2022-12-27T02:25:39.2365430Z   "package_name": "grpcio",
2022-12-27T02:25:39.2366790Z   "package_url": "https://files.pythonhosted.org/packages/7e/54/aff0f03318f7aceef3ca1b1a1e0e869d8291f4796f0042883c3e98d58c44/grpcio-0.13.0.tar.gz",
2022-12-27T02:25:39.2367370Z   "package_version": "0.13.0",
2022-12-27T02:25:39.2367660Z   "python_version": "3.8",
2022-12-27T02:25:39.2368020Z   "use_ccache": "true"
2022-12-27T02:25:39.2368330Z }
2022-12-27T02:25:39.2722850Z ##[group]Run actions/setup-python@v4
2022-12-27T02:25:39.2723300Z with:
2022-12-27T02:25:39.2723570Z   python-version: 3.8
2022-12-27T02:25:39.2723910Z   check-latest: false
2022-12-27T02:25:39.2724580Z   token: ***
2022-12-27T02:25:39.2724940Z   update-environment: true
2022-12-27T02:25:39.2725280Z ##[endgroup]
2022-12-27T02:25:39.4823420Z ##[group]Installed versions
2022-12-27T02:25:39.4893260Z Successfully set up CPython (3.8.15)
2022-12-27T02:25:39.4896370Z ##[endgroup]
2022-12-27T02:25:39.5121630Z ##[group]Run if [ "true" == "true" ]
2022-12-27T02:25:39.5122110Z [36;1mif [ "true" == "true" ][0m
2022-12-27T02:25:39.5122570Z [36;1mthen[0m
2022-12-27T02:25:39.5122910Z [36;1m  echo "CCACHE_PATH_PREPEND=/usr/local/opt/ccache/libexec" >> $GITHUB_OUTPUT[0m
2022-12-27T02:25:39.5123300Z [36;1melse[0m
2022-12-27T02:25:39.5123680Z [36;1m  echo "CCACHE_PATH_PREPEND=" >> $GITHUB_OUTPUT[0m
2022-12-27T02:25:39.5124120Z [36;1mfi[0m
2022-12-27T02:25:39.5153910Z shell: /bin/bash -e {0}
2022-12-27T02:25:39.5154270Z env:
2022-12-27T02:25:39.5154650Z   pythonLocation: /Users/runner/hostedtoolcache/Python/3.8.15/x64
2022-12-27T02:25:39.5155160Z   PKG_CONFIG_PATH: /Users/runner/hostedtoolcache/Python/3.8.15/x64/lib/pkgconfig
2022-12-27T02:25:39.5156570Z   Python_ROOT_DIR: /Users/runner/hostedtoolcache/Python/3.8.15/x64
2022-12-27T02:25:39.5157110Z   Python2_ROOT_DIR: /Users/runner/hostedtoolcache/Python/3.8.15/x64
2022-12-27T02:25:39.5157590Z   Python3_ROOT_DIR: /Users/runner/hostedtoolcache/Python/3.8.15/x64
2022-12-27T02:25:39.5158070Z ##[endgroup]
2022-12-27T02:25:39.5430930Z ##[group]Run echo "BUILD_NAME=$(echo grpcio_0.13.0_3.8 | tr -dc '[:alnum:]\n\r' | tr '[:upper:]' '[:lower:]')" >> $GITHUB_OUTPUT
2022-12-27T02:25:39.5431460Z [36;1mecho "BUILD_NAME=$(echo grpcio_0.13.0_3.8 | tr -dc '[:alnum:]\n\r' | tr '[:upper:]' '[:lower:]')" >> $GITHUB_OUTPUT[0m
2022-12-27T02:25:39.5458450Z shell: /bin/bash -e {0}
2022-12-27T02:25:39.5458700Z env:
2022-12-27T02:25:39.5459060Z   pythonLocation: /Users/runner/hostedtoolcache/Python/3.8.15/x64
2022-12-27T02:25:39.5459510Z   PKG_CONFIG_PATH: /Users/runner/hostedtoolcache/Python/3.8.15/x64/lib/pkgconfig
2022-12-27T02:25:39.5459880Z   Python_ROOT_DIR: /Users/runner/hostedtoolcache/Python/3.8.15/x64
2022-12-27T02:25:39.5460380Z   Python2_ROOT_DIR: /Users/runner/hostedtoolcache/Python/3.8.15/x64
2022-12-27T02:25:39.5460760Z   Python3_ROOT_DIR: /Users/runner/hostedtoolcache/Python/3.8.15/x64
2022-12-27T02:25:39.5461100Z ##[endgroup]
2022-12-27T02:25:39.5682180Z ##[group]Run echo "PYTHON_NO_DOTS=$(echo 3.8 | tr -dc '[:alnum:]\n\r' | tr '[:upper:]' '[:lower:]')" >> $GITHUB_OUTPUT
2022-12-27T02:25:39.5682760Z [36;1mecho "PYTHON_NO_DOTS=$(echo 3.8 | tr -dc '[:alnum:]\n\r' | tr '[:upper:]' '[:lower:]')" >> $GITHUB_OUTPUT[0m
2022-12-27T02:25:39.5710360Z shell: /bin/bash -e {0}
2022-12-27T02:25:39.5710770Z env:
2022-12-27T02:25:39.5711100Z   pythonLocation: /Users/runner/hostedtoolcache/Python/3.8.15/x64
2022-12-27T02:25:39.5712170Z   PKG_CONFIG_PATH: /Users/runner/hostedtoolcache/Python/3.8.15/x64/lib/pkgconfig
2022-12-27T02:25:39.5712650Z   Python_ROOT_DIR: /Users/runner/hostedtoolcache/Python/3.8.15/x64
2022-12-27T02:25:39.5713100Z   Python2_ROOT_DIR: /Users/runner/hostedtoolcache/Python/3.8.15/x64
2022-12-27T02:25:39.5713710Z   Python3_ROOT_DIR: /Users/runner/hostedtoolcache/Python/3.8.15/x64
2022-12-27T02:25:39.5714110Z ##[endgroup]
2022-12-27T02:25:39.5952310Z ##[group]Run rm -rf build_grpcio013038
2022-12-27T02:25:39.5953040Z [36;1mrm -rf build_grpcio013038[0m
2022-12-27T02:25:39.5953460Z [36;1mmkdir build_grpcio013038[0m
2022-12-27T02:25:39.5953810Z [36;1mcd build_grpcio013038[0m
2022-12-27T02:25:39.5954370Z [36;1m/usr/local/bin/wget --quiet https://files.pythonhosted.org/packages/7e/54/aff0f03318f7aceef3ca1b1a1e0e869d8291f4796f0042883c3e98d58c44/grpcio-0.13.0.tar.gz[0m
2022-12-27T02:25:39.5954870Z [36;1mtar xf *.tar.gz[0m
2022-12-27T02:25:39.5955280Z [36;1mcd grpcio-*/[0m
2022-12-27T02:25:39.5955660Z [36;1mpython -m pip install cibuildwheel==2.11.3[0m
2022-12-27T02:25:39.5956020Z [36;1mpython -m cibuildwheel --output-dir ../wheelsout[0m
2022-12-27T02:25:39.5984130Z shell: /bin/bash -e {0}
2022-12-27T02:25:39.5984550Z env:
2022-12-27T02:25:39.5984950Z   pythonLocation: /Users/runner/hostedtoolcache/Python/3.8.15/x64
2022-12-27T02:25:39.5985460Z   PKG_CONFIG_PATH: /Users/runner/hostedtoolcache/Python/3.8.15/x64/lib/pkgconfig
2022-12-27T02:25:39.5985930Z   Python_ROOT_DIR: /Users/runner/hostedtoolcache/Python/3.8.15/x64
2022-12-27T02:25:39.5986450Z   Python2_ROOT_DIR: /Users/runner/hostedtoolcache/Python/3.8.15/x64
2022-12-27T02:25:39.5986890Z   Python3_ROOT_DIR: /Users/runner/hostedtoolcache/Python/3.8.15/x64
2022-12-27T02:25:39.5987210Z   CIBW_ARCHS_MACOS: arm64
2022-12-27T02:25:39.5988380Z   CIBW_TEST_SKIP: *_arm64
2022-12-27T02:25:39.5988860Z   CIBW_BUILD: cp38-macosx_arm64
2022-12-27T02:25:39.5989150Z   CIBW_BUILD_FRONTEND: pip
2022-12-27T02:25:39.5989480Z   CIBW_BUILD_VERBOSITY: 3
2022-12-27T02:25:39.5990180Z   CIBW_ENVIRONMENT_MACOS: GRPC_PYTHON_BUILD_WITH_CYTHON=1 GRPC_BUILD_WITH_BORING_SSL_ASM='' GRPC_PYTHON_BUILD_SYSTEM_OPENSSL=TRUE CFLAGS="-I/usr/local/opt/openssl@3/include" LDFLAGS="-L/usr/local/opt/openssl@3/lib" CPPFLAGS="-I/usr/local/opt/openssl@3/include" MAKEFLAGS="-j$(sysctl -n hw.logicalcpu)" PATH=/usr/local/opt/ccache/libexec:$PATH
2022-12-27T02:25:39.5991570Z   CIBW_BEFORE_BUILD: pip install Cython; if [[ -f requirements.txt ]]; then pip install -r requirements.txt; fi
2022-12-27T02:25:39.5992040Z   MAKEFLAGS: -j$(sysctl -n hw.logicalcpu)
2022-12-27T02:25:39.5992380Z ##[endgroup]
2022-12-27T02:25:40.8980610Z Requirement already satisfied: cibuildwheel==2.11.3 in /Users/runner/hostedtoolcache/Python/3.8.15/x64/lib/python3.8/site-packages (2.11.3)
2022-12-27T02:25:40.9550570Z Requirement already satisfied: platformdirs in /Users/runner/hostedtoolcache/Python/3.8.15/x64/lib/python3.8/site-packages (from cibuildwheel==2.11.3) (2.6.0)
2022-12-27T02:25:40.9554570Z Requirement already satisfied: bracex in /Users/runner/hostedtoolcache/Python/3.8.15/x64/lib/python3.8/site-packages (from cibuildwheel==2.11.3) (2.3.post1)
2022-12-27T02:25:40.9564330Z Requirement already satisfied: packaging>=20.9 in /Users/runner/hostedtoolcache/Python/3.8.15/x64/lib/python3.8/site-packages (from cibuildwheel==2.11.3) (22.0)
2022-12-27T02:25:40.9568990Z Requirement already satisfied: certifi in /Users/runner/hostedtoolcache/Python/3.8.15/x64/lib/python3.8/site-packages (from cibuildwheel==2.11.3) (2022.12.7)
2022-12-27T02:25:40.9583560Z Requirement already satisfied: typing-extensions>=4.1.0 in /Users/runner/hostedtoolcache/Python/3.8.15/x64/lib/python3.8/site-packages (from cibuildwheel==2.11.3) (4.4.0)
2022-12-27T02:25:40.9595320Z Requirement already satisfied: tomli in /Users/runner/hostedtoolcache/Python/3.8.15/x64/lib/python3.8/site-packages (from cibuildwheel==2.11.3) (2.0.1)
2022-12-27T02:25:40.9603810Z Requirement already satisfied: bashlex!=0.13 in /Users/runner/hostedtoolcache/Python/3.8.15/x64/lib/python3.8/site-packages (from cibuildwheel==2.11.3) (0.16)
2022-12-27T02:25:40.9608900Z Requirement already satisfied: filelock in /Users/runner/hostedtoolcache/Python/3.8.15/x64/lib/python3.8/site-packages (from cibuildwheel==2.11.3) (3.8.2)
2022-12-27T02:25:41.2634550Z 
2022-12-27T02:25:41.2634970Z      _ _       _ _   _       _           _
2022-12-27T02:25:41.2635400Z  ___|_| |_ _ _|_| |_| |_ _ _| |_ ___ ___| |
2022-12-27T02:25:41.2637420Z |  _| | . | | | | | . | | | |   | -_| -_| |
2022-12-27T02:25:41.2637880Z |___|_|___|___|_|_|___|_____|_|_|___|___|_|
2022-12-27T02:25:41.2638030Z 
2022-12-27T02:25:41.2638210Z cibuildwheel version 2.11.3
2022-12-27T02:25:41.2638670Z 
2022-12-27T02:25:41.2638860Z Build options:
2022-12-27T02:25:41.2639200Z   platform: macos
2022-12-27T02:25:41.2877720Z   architectures: arm64[0m
2022-12-27T02:25:41.2878320Z   build_selector: 
2022-12-27T02:25:41.2879210Z     build_config: cp38-macosx_arm64
2022-12-27T02:25:41.2879510Z     skip_config: 
2022-12-27T02:25:41.2881820Z     requires_python: None
2022-12-27T02:25:41.2884900Z     prerelease_pythons: False[0m
2022-12-27T02:25:41.2886570Z   [38;5;244mcontainer_engine: docker[0m
2022-12-27T02:25:41.2888280Z   output_dir: /Users/runner/actions-runner/_work/python.build/python.build/build_grpcio013038/wheelsout[0m
2022-12-27T02:25:41.2889250Z   package_dir: /Users/runner/actions-runner/_work/python.build/python.build/build_grpcio013038/grpcio-0.13.0[0m
2022-12-27T02:25:41.2889650Z   test_selector: 
2022-12-27T02:25:41.2890130Z     skip_config: *_arm64[0m
2022-12-27T02:25:41.2890740Z   [38;5;244mbefore_all: [0m
2022-12-27T02:25:41.2891310Z   before_build: pip install Cython; if [[ -f requirements.txt ]]; then pip install -r requirements.txt; fi[0m
2022-12-27T02:25:41.2891760Z   [38;5;244mbefore_test: [0m
2022-12-27T02:25:41.2892170Z   [38;5;244mbuild_frontend: pip[0m
2022-12-27T02:25:41.2892580Z   build_verbosity: 3[0m
2022-12-27T02:25:41.2893100Z   [38;5;244mconfig_settings: [0m
2022-12-27T02:25:41.2893550Z   [38;5;244mdependency_constraints: pinned[0m
2022-12-27T02:25:41.2893900Z   environment: 
2022-12-27T02:25:41.2894320Z     GRPC_PYTHON_BUILD_WITH_CYTHON=1
2022-12-27T02:25:41.2894730Z     GRPC_BUILD_WITH_BORING_SSL_ASM=''
2022-12-27T02:25:41.2895270Z     GRPC_PYTHON_BUILD_SYSTEM_OPENSSL=TRUE
2022-12-27T02:25:41.2896470Z     CFLAGS="-I/usr/local/opt/openssl@3/include"
2022-12-27T02:25:41.2896920Z     LDFLAGS="-L/usr/local/opt/openssl@3/lib"
2022-12-27T02:25:41.2897400Z     CPPFLAGS="-I/usr/local/opt/openssl@3/include"
2022-12-27T02:25:41.2897800Z     MAKEFLAGS="-j$(sysctl -n hw.logicalcpu)"
2022-12-27T02:25:41.2898580Z     PATH=/usr/local/opt/ccache/libexec:$PATH[0m
2022-12-27T02:25:41.2899030Z   [38;5;244mmanylinux_images: None[0m
2022-12-27T02:25:41.2899460Z   [38;5;244mmusllinux_images: None[0m
2022-12-27T02:25:41.2900000Z   [38;5;244mrepair_command: delocate-wheel --require-archs {delocate_archs} -w {dest_dir} -v {wheel}[0m
2022-12-27T02:25:41.2900670Z   [38;5;244mtest_command: [0m
2022-12-27T02:25:41.2901080Z   [38;5;244mtest_extras: [0m
2022-12-27T02:25:41.2901420Z   [38;5;244mtest_requires: [0m
2022-12-27T02:25:41.2901620Z 
2022-12-27T02:25:41.2901810Z Cache folder: /Users/runner/Library/Caches/cibuildwheel
2022-12-27T02:25:41.2914960Z 
2022-12-27T02:25:41.2916310Z Here we go!
2022-12-27T02:25:41.2917180Z 
2022-12-27T02:25:41.3036930Z 
2022-12-27T02:25:41.3039020Z [1m[34mBuilding cp38-macosx_arm64 wheel[0m
2022-12-27T02:25:41.3040450Z CPython 3.8 macOS arm64 - Apple Silicon
2022-12-27T02:25:41.3040850Z 
2022-12-27T02:25:41.3043140Z ##[group]Installing Python cp38...
2022-12-27T02:25:41.3043440Z 
2022-12-27T02:25:41.3043880Z + pkgutil --pkgs
2022-12-27T02:25:41.3227650Z ##[endgroup]
2022-12-27T02:25:41.3229480Z                                                               [32m✓ [0m0.02s
2022-12-27T02:25:41.3230120Z ##[group]Setting up build environment...
2022-12-27T02:25:41.3230540Z 
2022-12-27T02:25:41.3260810Z + /Users/runner/hostedtoolcache/Python/3.8.15/x64/bin/python -sS /Users/runner/Library/Caches/cibuildwheel/virtualenv-20.17.0.pyz --activators= --no-periodic-update --pip=22.3.1 --setuptools=65.6.3 --wheel=0.38.4 --symlink-app-data --python /Library/Frameworks/Python.framework/Versions/3.8/bin/python3 /private/var/folders/51/hd414ycd67n82196sw51xqtc0000gn/T/cibw-run-3qz6cadz/cp38-macosx_arm64/build/venv
2022-12-27T02:25:41.6293280Z created virtual environment CPython3.8.10.final.0-64 in 75ms
2022-12-27T02:25:41.6294860Z   creator CPython3Posix(dest=/private/var/folders/51/hd414ycd67n82196sw51xqtc0000gn/T/cibw-run-3qz6cadz/cp38-macosx_arm64/build/venv, clear=False, no_vcs_ignore=False, global=False)
2022-12-27T02:25:41.6295640Z   seeder FromAppData(download=False, pip=22.3.1, setuptools=65.6.3, wheel=0.38.4, via=symlink, app_data_dir=/Users/runner/Library/Application Support/virtualenv)
2022-12-27T02:25:41.6296230Z     added seed packages: pip==22.3.1, setuptools==65.6.3, wheel==0.38.4
2022-12-27T02:25:41.6508620Z + python -m pip install --upgrade pip -c /Users/runner/hostedtoolcache/Python/3.8.15/x64/lib/python3.8/site-packages/cibuildwheel/resources/constraints-python38.txt
2022-12-27T02:25:42.1772930Z Requirement already satisfied: pip in ./lib/python3.8/site-packages (22.3.1)
2022-12-27T02:25:42.4496570Z + which pip
2022-12-27T02:25:42.4533520Z /private/var/folders/51/hd414ycd67n82196sw51xqtc0000gn/T/cibw-run-3qz6cadz/cp38-macosx_arm64/build/venv/bin/pip
2022-12-27T02:25:42.4539080Z + pip --version
2022-12-27T02:25:42.8465840Z pip 22.3.1 from /private/var/folders/51/hd414ycd67n82196sw51xqtc0000gn/T/cibw-run-3qz6cadz/cp38-macosx_arm64/build/venv/lib/python3.8/site-packages/pip (python 3.8)
2022-12-27T02:25:42.8929290Z + which pip
2022-12-27T02:25:42.8982070Z + which python
2022-12-27T02:25:42.9024460Z /private/var/folders/51/hd414ycd67n82196sw51xqtc0000gn/T/cibw-run-3qz6cadz/cp38-macosx_arm64/build/venv/bin/python
2022-12-27T02:25:42.9031410Z + python --version
2022-12-27T02:25:42.9125820Z Python 3.8.10
2022-12-27T02:25:42.9131620Z + which python
2022-12-27T02:25:42.9235150Z ##[endgroup]
2022-12-27T02:25:42.9235890Z                                                               [32m✓ [0m1.60s
2022-12-27T02:25:42.9236710Z ##[group]Installing build tools...
2022-12-27T02:25:42.9237270Z 
2022-12-27T02:25:42.9237820Z + pip install --upgrade setuptools wheel delocate -c /Users/runner/hostedtoolcache/Python/3.8.15/x64/lib/python3.8/site-packages/cibuildwheel/resources/constraints-python38.txt
2022-12-27T02:25:43.4560050Z Requirement already satisfied: setuptools in /private/var/folders/51/hd414ycd67n82196sw51xqtc0000gn/T/cibw-run-3qz6cadz/cp38-macosx_arm64/build/venv/lib/python3.8/site-packages (65.6.3)
2022-12-27T02:25:43.8619780Z Requirement already satisfied: wheel in /private/var/folders/51/hd414ycd67n82196sw51xqtc0000gn/T/cibw-run-3qz6cadz/cp38-macosx_arm64/build/venv/lib/python3.8/site-packages (0.38.4)
2022-12-27T02:25:43.9543690Z Collecting delocate
2022-12-27T02:25:43.9599340Z   Using cached delocate-0.10.3-py3-none-any.whl (142 kB)
2022-12-27T02:25:44.0184600Z Collecting packaging>=20.9
2022-12-27T02:25:44.0230720Z   Using cached packaging-21.3-py3-none-any.whl (40 kB)
2022-12-27T02:25:44.0554070Z Collecting typing-extensions
2022-12-27T02:25:44.0603090Z   Using cached typing_extensions-4.4.0-py3-none-any.whl (26 kB)
2022-12-27T02:25:44.1304790Z Collecting pyparsing!=3.0.5,>=2.0.2
2022-12-27T02:25:44.1351570Z   Using cached pyparsing-3.0.9-py3-none-any.whl (98 kB)
2022-12-27T02:25:44.2066050Z Installing collected packages: typing-extensions, pyparsing, packaging, delocate
2022-12-27T02:25:44.4288310Z Successfully installed delocate-0.10.3 packaging-21.3 pyparsing-3.0.9 typing-extensions-4.4.0
2022-12-27T02:25:44.5563210Z ##[endgroup]
2022-12-27T02:25:44.5564240Z                                                               [32m✓ [0m1.63s
2022-12-27T02:25:44.5565020Z ##[group]Running before_build...
2022-12-27T02:25:44.5565240Z 
2022-12-27T02:25:44.5576840Z + pip install Cython; if [[ -f requirements.txt ]]; then pip install -r requirements.txt; fi
2022-12-27T02:25:45.7529760Z Collecting Cython
2022-12-27T02:25:45.7625600Z   Using cached Cython-0.29.32-py2.py3-none-any.whl (986 kB)
2022-12-27T02:25:45.8413810Z Installing collected packages: Cython
2022-12-27T02:25:46.5951410Z Successfully installed Cython-0.29.32
2022-12-27T02:25:47.2896310Z Collecting enum34>=1.0.4
2022-12-27T02:25:47.2947990Z   Using cached enum34-1.1.10-py3-none-any.whl (11 kB)
2022-12-27T02:25:47.3249810Z Collecting futures>=2.2.0
2022-12-27T02:25:47.3252130Z   Using cached futures-3.0.5-py3-none-any.whl
2022-12-27T02:25:47.3326750Z Requirement already satisfied: cython>=0.23 in /private/var/folders/51/hd414ycd67n82196sw51xqtc0000gn/T/cibw-run-3qz6cadz/cp38-macosx_arm64/build/venv/lib/python3.8/site-packages (from -r requirements.txt (line 4)) (0.29.32)
2022-12-27T02:25:48.0457560Z Collecting coverage>=4.0
2022-12-27T02:25:48.0511150Z   Using cached coverage-7.0.1-cp38-cp38-macosx_10_9_x86_64.whl (187 kB)
2022-12-27T02:25:48.0854520Z Collecting six>=1.10
2022-12-27T02:25:48.0897180Z   Using cached six-1.16.0-py2.py3-none-any.whl (11 kB)
2022-12-27T02:25:48.0939070Z Requirement already satisfied: wheel>=0.29 in /private/var/folders/51/hd414ycd67n82196sw51xqtc0000gn/T/cibw-run-3qz6cadz/cp38-macosx_arm64/build/venv/lib/python3.8/site-packages (from -r requirements.txt (line 7)) (0.38.4)
2022-12-27T02:25:48.1687360Z Installing collected packages: futures, enum34, six, coverage
2022-12-27T02:25:48.3513140Z Successfully installed coverage-7.0.1 enum34-1.1.10 futures-3.0.5 six-1.16.0
2022-12-27T02:25:48.4631190Z ##[endgroup]
2022-12-27T02:25:48.4632350Z                                                               [32m✓ [0m3.91s
2022-12-27T02:25:48.4633090Z ##[group]Building wheel...
2022-12-27T02:25:48.4633370Z 
2022-12-27T02:25:48.4645510Z + python -m pip wheel /Users/runner/actions-runner/_work/python.build/python.build/build_grpcio013038/grpcio-0.13.0 --wheel-dir=/private/var/folders/51/hd414ycd67n82196sw51xqtc0000gn/T/cibw-run-3qz6cadz/cp38-macosx_arm64/built_wheel --no-deps -vvv
2022-12-27T02:25:48.9610420Z Created temporary directory: /private/var/folders/51/hd414ycd67n82196sw51xqtc0000gn/T/pip-ephem-wheel-cache-xsmh__x5
2022-12-27T02:25:48.9618890Z Created temporary directory: /private/var/folders/51/hd414ycd67n82196sw51xqtc0000gn/T/pip-build-tracker-htwucpep
2022-12-27T02:25:48.9621530Z Initialized build tracking at /private/var/folders/51/hd414ycd67n82196sw51xqtc0000gn/T/pip-build-tracker-htwucpep
2022-12-27T02:25:48.9623480Z Created build tracker: /private/var/folders/51/hd414ycd67n82196sw51xqtc0000gn/T/pip-build-tracker-htwucpep
2022-12-27T02:25:48.9627320Z Entered build tracker: /private/var/folders/51/hd414ycd67n82196sw51xqtc0000gn/T/pip-build-tracker-htwucpep
2022-12-27T02:25:48.9633020Z Created temporary directory: /private/var/folders/51/hd414ycd67n82196sw51xqtc0000gn/T/pip-wheel-vt8_8wlj
2022-12-27T02:25:48.9645330Z Created temporary directory: /private/var/folders/51/hd414ycd67n82196sw51xqtc0000gn/T/pip-ephem-wheel-cache-1ighofps
2022-12-27T02:25:48.9799430Z Processing /Users/runner/actions-runner/_work/python.build/python.build/build_grpcio013038/grpcio-0.13.0
2022-12-27T02:25:48.9807510Z   Added file:///Users/runner/actions-runner/_work/python.build/python.build/build_grpcio013038/grpcio-0.13.0 to build tracker '/private/var/folders/51/hd414ycd67n82196sw51xqtc0000gn/T/pip-build-tracker-htwucpep'
2022-12-27T02:25:48.9814650Z   Running setup.py (path:/Users/runner/actions-runner/_work/python.build/python.build/build_grpcio013038/grpcio-0.13.0/setup.py) egg_info for package from file:///Users/runner/actions-runner/_work/python.build/python.build/build_grpcio013038/grpcio-0.13.0
2022-12-27T02:25:48.9821080Z   Created temporary directory: /private/var/folders/51/hd414ycd67n82196sw51xqtc0000gn/T/pip-pip-egg-info-sn3w909_
2022-12-27T02:25:48.9824190Z   Preparing metadata (setup.py): started
2022-12-27T02:25:48.9827710Z   Running command python setup.py egg_info
2022-12-27T02:25:51.6246330Z   Compiling ./src/python/grpcio/grpc/_cython/cygrpc.pyx because it depends on /private/var/folders/51/hd414ycd67n82196sw51xqtc0000gn/T/cibw-run-3qz6cadz/cp38-macosx_arm64/build/venv/lib/python3.8/site-packages/Cython/Includes/libc/time.pxd.
2022-12-27T02:25:51.6248550Z   [1/1] Cythonizing ./src/python/grpcio/grpc/_cython/cygrpc.pyx
2022-12-27T02:26:12.9947650Z   running egg_info
2022-12-27T02:26:12.9949490Z   creating /private/var/folders/51/hd414ycd67n82196sw51xqtc0000gn/T/pip-pip-egg-info-sn3w909_/grpcio.egg-info
2022-12-27T02:26:13.0152020Z   writing /private/var/folders/51/hd414ycd67n82196sw51xqtc0000gn/T/pip-pip-egg-info-sn3w909_/grpcio.egg-info/PKG-INFO
2022-12-27T02:26:13.0158370Z   writing dependency_links to /private/var/folders/51/hd414ycd67n82196sw51xqtc0000gn/T/pip-pip-egg-info-sn3w909_/grpcio.egg-info/dependency_links.txt
2022-12-27T02:26:13.0162200Z   writing requirements to /private/var/folders/51/hd414ycd67n82196sw51xqtc0000gn/T/pip-pip-egg-info-sn3w909_/grpcio.egg-info/requires.txt
2022-12-27T02:26:13.0165630Z   writing top-level names to /private/var/folders/51/hd414ycd67n82196sw51xqtc0000gn/T/pip-pip-egg-info-sn3w909_/grpcio.egg-info/top_level.txt
2022-12-27T02:26:13.0169590Z   writing manifest file '/private/var/folders/51/hd414ycd67n82196sw51xqtc0000gn/T/pip-pip-egg-info-sn3w909_/grpcio.egg-info/SOURCES.txt'
2022-12-27T02:26:13.0752740Z   reading manifest file '/private/var/folders/51/hd414ycd67n82196sw51xqtc0000gn/T/pip-pip-egg-info-sn3w909_/grpcio.egg-info/SOURCES.txt'
2022-12-27T02:26:13.0754100Z   reading manifest template 'PYTHON-MANIFEST.in'
2022-12-27T02:26:13.1947570Z   writing manifest file '/private/var/folders/51/hd414ycd67n82196sw51xqtc0000gn/T/pip-pip-egg-info-sn3w909_/grpcio.egg-info/SOURCES.txt'
2022-12-27T02:26:13.1951060Z   /private/var/folders/51/hd414ycd67n82196sw51xqtc0000gn/T/cibw-run-3qz6cadz/cp38-macosx_arm64/build/venv/lib/python3.8/site-packages/Cython/Compiler/Main.py:369: FutureWarning: Cython directive 'language_level' not set, using 2 for now (Py2). This will change in a later release! File: /Users/runner/actions-runner/_work/python.build/python.build/build_grpcio013038/grpcio-0.13.0/src/python/grpcio/grpc/_cython/cygrpc.pxd
2022-12-27T02:26:13.1953510Z     tree = Parsing.p_module(s, pxd, full_module_name)
2022-12-27T02:26:13.1954230Z   warning: ./src/python/grpcio/grpc/_cython/_cygrpc/grpc.pxi:128:13: 'GRPC_ARG_PRIMARY_USER_AGENT_STRING' redeclared
2022-12-27T02:26:13.1956050Z   could not download precompiled extension: https://storage.googleapis.com/grpc-precompiled-binaries/python/cygrpc-0.13.0-Darwin-x86_64-ucs4.so
2022-12-27T02:26:13.1960140Z   /private/var/folders/51/hd414ycd67n82196sw51xqtc0000gn/T/cibw-run-3qz6cadz/cp38-macosx_arm64/build/venv/lib/python3.8/site-packages/setuptools/installer.py:27: SetuptoolsDeprecationWarning: setuptools.installer is deprecated. Requirements should be satisfied by a PEP 517 installer.
2022-12-27T02:26:13.1961690Z     warnings.warn(
2022-12-27T02:26:13.1965780Z   /private/var/folders/51/hd414ycd67n82196sw51xqtc0000gn/T/cibw-run-3qz6cadz/cp38-macosx_arm64/build/venv/lib/python3.8/site-packages/setuptools/installer.py:60: UserWarning: Unbuilt egg for grpcio [unknown version] (/Users/runner/actions-runner/_work/python.build/python.build/build_grpcio013038/grpcio-0.13.0/src/python/grpcio)
2022-12-27T02:26:13.1967270Z     environment = pkg_resources.Environment()
2022-12-27T02:26:13.3497000Z   Preparing metadata (setup.py): finished with status 'done'
2022-12-27T02:26:13.3544440Z   Source in /Users/runner/actions-runner/_work/python.build/python.build/build_grpcio013038/grpcio-0.13.0 has version 0.13.0, which satisfies requirement grpcio==0.13.0 from file:///Users/runner/actions-runner/_work/python.build/python.build/build_grpcio013038/grpcio-0.13.0
2022-12-27T02:26:13.3548150Z   Removed grpcio==0.13.0 from file:///Users/runner/actions-runner/_work/python.build/python.build/build_grpcio013038/grpcio-0.13.0 from build tracker '/private/var/folders/51/hd414ycd67n82196sw51xqtc0000gn/T/pip-build-tracker-htwucpep'
2022-12-27T02:26:13.3809220Z Created temporary directory: /private/var/folders/51/hd414ycd67n82196sw51xqtc0000gn/T/pip-unpack-rs74ef4z
2022-12-27T02:26:13.3811270Z Building wheels for collected packages: grpcio
2022-12-27T02:26:13.3821320Z   Created temporary directory: /private/var/folders/51/hd414ycd67n82196sw51xqtc0000gn/T/pip-wheel-nl08puqa
2022-12-27T02:26:13.3824570Z   Building wheel for grpcio (setup.py): started
2022-12-27T02:26:13.3827820Z   Destination directory: /private/var/folders/51/hd414ycd67n82196sw51xqtc0000gn/T/pip-wheel-nl08puqa
2022-12-27T02:26:13.3830410Z   Running command python setup.py bdist_wheel
2022-12-27T02:26:14.6281690Z   could not download precompiled extension: https://storage.googleapis.com/grpc-precompiled-binaries/python/cygrpc-0.13.0-Darwin-x86_64-ucs4.so
2022-12-27T02:26:14.6510250Z   /private/var/folders/51/hd414ycd67n82196sw51xqtc0000gn/T/cibw-run-3qz6cadz/cp38-macosx_arm64/build/venv/lib/python3.8/site-packages/setuptools/installer.py:27: SetuptoolsDeprecationWarning: setuptools.installer is deprecated. Requirements should be satisfied by a PEP 517 installer.
2022-12-27T02:26:14.6511740Z     warnings.warn(
2022-12-27T02:26:14.6523810Z   /private/var/folders/51/hd414ycd67n82196sw51xqtc0000gn/T/cibw-run-3qz6cadz/cp38-macosx_arm64/build/venv/lib/python3.8/site-packages/setuptools/installer.py:60: UserWarning: Unbuilt egg for grpcio [unknown version] (/Users/runner/actions-runner/_work/python.build/python.build/build_grpcio013038/grpcio-0.13.0/src/python/grpcio)
2022-12-27T02:26:14.6525050Z     environment = pkg_resources.Environment()
2022-12-27T02:26:15.9907430Z   Traceback (most recent call last):
2022-12-27T02:26:15.9923940Z     File "<string>", line 2, in <module>
2022-12-27T02:26:15.9924860Z     File "<pip-setuptools-caller>", line 34, in <module>
2022-12-27T02:26:15.9925610Z     File "/Users/runner/actions-runner/_work/python.build/python.build/build_grpcio013038/grpcio-0.13.0/setup.py", line 242, in <module>
2022-12-27T02:26:15.9926050Z       setuptools.setup(**setup_arguments)
2022-12-27T02:26:15.9927050Z     File "/private/var/folders/51/hd414ycd67n82196sw51xqtc0000gn/T/cibw-run-3qz6cadz/cp38-macosx_arm64/build/venv/lib/python3.8/site-packages/setuptools/__init__.py", line 86, in setup
2022-12-27T02:26:15.9927610Z       _install_setup_requires(attrs)
2022-12-27T02:26:15.9928420Z     File "/private/var/folders/51/hd414ycd67n82196sw51xqtc0000gn/T/cibw-run-3qz6cadz/cp38-macosx_arm64/build/venv/lib/python3.8/site-packages/setuptools/__init__.py", line 80, in _install_setup_requires
2022-12-27T02:26:15.9929750Z       dist.fetch_build_eggs(dist.setup_requires)
2022-12-27T02:26:16.0050640Z     File "/private/var/folders/51/hd414ycd67n82196sw51xqtc0000gn/T/cibw-run-3qz6cadz/cp38-macosx_arm64/build/venv/lib/python3.8/site-packages/setuptools/dist.py", line 874, in fetch_build_eggs
2022-12-27T02:26:16.0051330Z       resolved_dists = pkg_resources.working_set.resolve(
2022-12-27T02:26:16.0052280Z     File "/private/var/folders/51/hd414ycd67n82196sw51xqtc0000gn/T/cibw-run-3qz6cadz/cp38-macosx_arm64/build/venv/lib/python3.8/site-packages/pkg_resources/__init__.py", line 789, in resolve
2022-12-27T02:26:16.0052710Z       dist = best[req.key] = env.best_match(
2022-12-27T02:26:16.0053350Z     File "/private/var/folders/51/hd414ycd67n82196sw51xqtc0000gn/T/cibw-run-3qz6cadz/cp38-macosx_arm64/build/venv/lib/python3.8/site-packages/pkg_resources/__init__.py", line 1075, in best_match
2022-12-27T02:26:16.0053780Z       return self.obtain(req, installer)
2022-12-27T02:26:16.0058100Z     File "/private/var/folders/51/hd414ycd67n82196sw51xqtc0000gn/T/cibw-run-3qz6cadz/cp38-macosx_arm64/build/venv/lib/python3.8/site-packages/pkg_resources/__init__.py", line 1087, in obtain
2022-12-27T02:26:16.0058990Z       return installer(requirement)
2022-12-27T02:26:16.0060560Z     File "/private/var/folders/51/hd414ycd67n82196sw51xqtc0000gn/T/cibw-run-3qz6cadz/cp38-macosx_arm64/build/venv/lib/python3.8/site-packages/setuptools/dist.py", line 944, in fetch_build_egg
2022-12-27T02:26:16.0061550Z       return fetch_build_egg(self, req)
2022-12-27T02:26:16.0071490Z     File "/private/var/folders/51/hd414ycd67n82196sw51xqtc0000gn/T/cibw-run-3qz6cadz/cp38-macosx_arm64/build/venv/lib/python3.8/site-packages/setuptools/installer.py", line 87, in fetch_build_egg
2022-12-27T02:26:16.0072080Z       wheel.install_as_egg(dist_location)
2022-12-27T02:26:16.0073230Z     File "/private/var/folders/51/hd414ycd67n82196sw51xqtc0000gn/T/cibw-run-3qz6cadz/cp38-macosx_arm64/build/venv/lib/python3.8/site-packages/setuptools/wheel.py", line 110, in install_as_egg
2022-12-27T02:26:16.0074900Z       self._install_as_egg(destination_eggdir, zf)
2022-12-27T02:26:16.0076200Z     File "/private/var/folders/51/hd414ycd67n82196sw51xqtc0000gn/T/cibw-run-3qz6cadz/cp38-macosx_arm64/build/venv/lib/python3.8/site-packages/setuptools/wheel.py", line 118, in _install_as_egg
2022-12-27T02:26:16.0077160Z       self._convert_metadata(zf, destination_eggdir, dist_info, egg_info)
2022-12-27T02:26:16.0079200Z     File "/private/var/folders/51/hd414ycd67n82196sw51xqtc0000gn/T/cibw-run-3qz6cadz/cp38-macosx_arm64/build/venv/lib/python3.8/site-packages/setuptools/wheel.py", line 139, in _convert_metadata
2022-12-27T02:26:16.0080300Z       _unpack_zipfile_obj(zf, destination_eggdir)
2022-12-27T02:26:16.0082080Z     File "/private/var/folders/51/hd414ycd67n82196sw51xqtc0000gn/T/cibw-run-3qz6cadz/cp38-macosx_arm64/build/venv/lib/python3.8/site-packages/setuptools/archive_util.py", line 129, in _unpack_zipfile_obj
2022-12-27T02:26:16.0083410Z       with open(target, 'wb') as f:
2022-12-27T02:26:16.0085080Z   PermissionError: [Errno 13] Permission denied: '/Users/runner/actions-runner/_work/python.build/python.build/build_grpcio013038/grpcio-0.13.0/.eggs/protobuf-4.21.12-py3.8-macosx-11.0-arm64.egg/google/protobuf/any_pb2.py'
2022-12-27T02:26:16.1002020Z   error: subprocess-exited-with-error
2022-12-27T02:26:16.1003100Z   
2022-12-27T02:26:16.1003710Z   × python setup.py bdist_wheel did not run successfully.
2022-12-27T02:26:16.1004150Z   │ exit code: 1
2022-12-27T02:26:16.1004500Z   ╰─> See above for output.
2022-12-27T02:26:16.1004830Z   
2022-12-27T02:26:16.1005240Z   note: This error originates from a subprocess, and is likely not a problem with pip.
2022-12-27T02:26:16.1016670Z   full command: /private/var/folders/51/hd414ycd67n82196sw51xqtc0000gn/T/cibw-run-3qz6cadz/cp38-macosx_arm64/build/venv/bin/python -u -c '
2022-12-27T02:26:16.1017470Z   exec(compile('"'"''"'"''"'"'
2022-12-27T02:26:16.1018900Z   # This is <pip-setuptools-caller> -- a caller that pip uses to run setup.py
2022-12-27T02:26:16.1019330Z   #
2022-12-27T02:26:16.1019880Z   # - It imports setuptools before invoking setup.py, to enable projects that directly
2022-12-27T02:26:16.1020560Z   #   import from `distutils.core` to work with newer packaging standards.
2022-12-27T02:26:16.1021910Z   # - It provides a clear error message when setuptools is not installed.
2022-12-27T02:26:16.1022510Z   # - It sets `sys.argv[0]` to the underlying `setup.py`, when invoking `setup.py` so
2022-12-27T02:26:16.1023200Z   #   setuptools doesn'"'"'t think the script is `-c`. This avoids the following warning:
2022-12-27T02:26:16.1023950Z   #     manifest_maker: standard file '"'"'-c'"'"' not found".
2022-12-27T02:26:16.1024580Z   Building wheel for grpcio (setup.py): finished with status 'error'
2022-12-27T02:26:16.1027550Z   # - It generates a shim setup.py, for handling setup.cfg-only projects.
2022-12-27T02:26:16.1028570Z   import os, sys, tokenize
2022-12-27T02:26:16.1029230Z   
2022-12-27T02:26:16.1029750Z   try:
2022-12-27T02:26:16.1030200Z       import setuptools
2022-12-27T02:26:16.1030890Z   except ImportError as error:
2022-12-27T02:26:16.1031520Z       print(
2022-12-27T02:26:16.1032120Z           "ERROR: Can not execute `setup.py` since setuptools is not available in "
2022-12-27T02:26:16.1032830Z           "the build environment.",
2022-12-27T02:26:16.1033440Z           file=sys.stderr,
2022-12-27T02:26:16.1033920Z       )
2022-12-27T02:26:16.1034480Z       sys.exit(1)
2022-12-27T02:26:16.1035050Z   
2022-12-27T02:26:16.1035490Z   __file__ = %r
2022-12-27T02:26:16.1036090Z   sys.argv[0] = __file__
2022-12-27T02:26:16.1036640Z   
2022-12-27T02:26:16.1037130Z   if os.path.exists(__file__):
2022-12-27T02:26:16.1037700Z       filename = __file__
2022-12-27T02:26:16.1038520Z       with tokenize.open(__file__) as f:
2022-12-27T02:26:16.1039040Z           setup_py_code = f.read()
2022-12-27T02:26:16.1039610Z   else:
2022-12-27T02:26:16.1040370Z       filename = "<auto-generated setuptools caller>"
2022-12-27T02:26:16.1040910Z       setup_py_code = "from setuptools import setup; setup()"
2022-12-27T02:26:16.1041520Z   
2022-12-27T02:26:16.1043180Z   exec(compile(setup_py_code, filename, "exec"))
2022-12-27T02:26:16.1044660Z   '"'"''"'"''"'"' % ('"'"'/Users/runner/actions-runner/_work/python.build/python.build/build_grpcio013038/grpcio-0.13.0/setup.py'"'"',), "<pip-setuptools-caller>", "exec"))' bdist_wheel -d /private/var/folders/51/hd414ycd67n82196sw51xqtc0000gn/T/pip-wheel-nl08puqa
2022-12-27T02:26:16.1045970Z   cwd: /Users/runner/actions-runner/_work/python.build/python.build/build_grpcio013038/grpcio-0.13.0/
2022-12-27T02:26:16.1046700Z   ERROR: Failed building wheel for grpcio
2022-12-27T02:26:16.1047370Z   Running command python setup.py clean
2022-12-27T02:26:16.1047850Z   Running setup.py clean for grpcio
2022-12-27T02:26:17.3358830Z   could not download precompiled extension: https://storage.googleapis.com/grpc-precompiled-binaries/python/cygrpc-0.13.0-Darwin-x86_64-ucs4.so
2022-12-27T02:26:17.3551230Z   /private/var/folders/51/hd414ycd67n82196sw51xqtc0000gn/T/cibw-run-3qz6cadz/cp38-macosx_arm64/build/venv/lib/python3.8/site-packages/setuptools/installer.py:27: SetuptoolsDeprecationWarning: setuptools.installer is deprecated. Requirements should be satisfied by a PEP 517 installer.
2022-12-27T02:26:17.3554550Z     warnings.warn(
2022-12-27T02:26:17.3569810Z   /private/var/folders/51/hd414ycd67n82196sw51xqtc0000gn/T/cibw-run-3qz6cadz/cp38-macosx_arm64/build/venv/lib/python3.8/site-packages/setuptools/installer.py:60: UserWarning: Unbuilt egg for grpcio [unknown version] (/Users/runner/actions-runner/_work/python.build/python.build/build_grpcio013038/grpcio-0.13.0/src/python/grpcio)
2022-12-27T02:26:17.3571380Z     environment = pkg_resources.Environment()
2022-12-27T02:26:18.5871010Z   Traceback (most recent call last):
2022-12-27T02:26:18.5874280Z     File "<string>", line 2, in <module>
2022-12-27T02:26:18.5875720Z     File "<pip-setuptools-caller>", line 34, in <module>
2022-12-27T02:26:18.5879320Z     File "/Users/runner/actions-runner/_work/python.build/python.build/build_grpcio013038/grpcio-0.13.0/setup.py", line 242, in <module>
2022-12-27T02:26:18.5880510Z       setuptools.setup(**setup_arguments)
2022-12-27T02:26:18.5884340Z     File "/private/var/folders/51/hd414ycd67n82196sw51xqtc0000gn/T/cibw-run-3qz6cadz/cp38-macosx_arm64/build/venv/lib/python3.8/site-packages/setuptools/__init__.py", line 86, in setup
2022-12-27T02:26:18.5886020Z       _install_setup_requires(attrs)
2022-12-27T02:26:18.5890320Z     File "/private/var/folders/51/hd414ycd67n82196sw51xqtc0000gn/T/cibw-run-3qz6cadz/cp38-macosx_arm64/build/venv/lib/python3.8/site-packages/setuptools/__init__.py", line 80, in _install_setup_requires
2022-12-27T02:26:18.5891140Z       dist.fetch_build_eggs(dist.setup_requires)
2022-12-27T02:26:18.5895030Z     File "/private/var/folders/51/hd414ycd67n82196sw51xqtc0000gn/T/cibw-run-3qz6cadz/cp38-macosx_arm64/build/venv/lib/python3.8/site-packages/setuptools/dist.py", line 874, in fetch_build_eggs
2022-12-27T02:26:18.5897270Z       resolved_dists = pkg_resources.working_set.resolve(
2022-12-27T02:26:18.5900550Z     File "/private/var/folders/51/hd414ycd67n82196sw51xqtc0000gn/T/cibw-run-3qz6cadz/cp38-macosx_arm64/build/venv/lib/python3.8/site-packages/pkg_resources/__init__.py", line 789, in resolve
2022-12-27T02:26:18.5902590Z       dist = best[req.key] = env.best_match(
2022-12-27T02:26:18.5906170Z     File "/private/var/folders/51/hd414ycd67n82196sw51xqtc0000gn/T/cibw-run-3qz6cadz/cp38-macosx_arm64/build/venv/lib/python3.8/site-packages/pkg_resources/__init__.py", line 1075, in best_match
2022-12-27T02:26:18.5908480Z       return self.obtain(req, installer)
2022-12-27T02:26:18.5911360Z     File "/private/var/folders/51/hd414ycd67n82196sw51xqtc0000gn/T/cibw-run-3qz6cadz/cp38-macosx_arm64/build/venv/lib/python3.8/site-packages/pkg_resources/__init__.py", line 1087, in obtain
2022-12-27T02:26:18.5913640Z       return installer(requirement)
2022-12-27T02:26:18.5917200Z     File "/private/var/folders/51/hd414ycd67n82196sw51xqtc0000gn/T/cibw-run-3qz6cadz/cp38-macosx_arm64/build/venv/lib/python3.8/site-packages/setuptools/dist.py", line 944, in fetch_build_egg
2022-12-27T02:26:18.5918600Z       return fetch_build_egg(self, req)
2022-12-27T02:26:18.5922880Z     File "/private/var/folders/51/hd414ycd67n82196sw51xqtc0000gn/T/cibw-run-3qz6cadz/cp38-macosx_arm64/build/venv/lib/python3.8/site-packages/setuptools/installer.py", line 87, in fetch_build_egg
2022-12-27T02:26:18.5924340Z       wheel.install_as_egg(dist_location)
2022-12-27T02:26:18.5927820Z     File "/private/var/folders/51/hd414ycd67n82196sw51xqtc0000gn/T/cibw-run-3qz6cadz/cp38-macosx_arm64/build/venv/lib/python3.8/site-packages/setuptools/wheel.py", line 110, in install_as_egg
2022-12-27T02:26:18.5929650Z       self._install_as_egg(destination_eggdir, zf)
2022-12-27T02:26:18.5933290Z     File "/private/var/folders/51/hd414ycd67n82196sw51xqtc0000gn/T/cibw-run-3qz6cadz/cp38-macosx_arm64/build/venv/lib/python3.8/site-packages/setuptools/wheel.py", line 118, in _install_as_egg
2022-12-27T02:26:18.5935180Z       self._convert_metadata(zf, destination_eggdir, dist_info, egg_info)
2022-12-27T02:26:18.5939170Z     File "/private/var/folders/51/hd414ycd67n82196sw51xqtc0000gn/T/cibw-run-3qz6cadz/cp38-macosx_arm64/build/venv/lib/python3.8/site-packages/setuptools/wheel.py", line 139, in _convert_metadata
2022-12-27T02:26:18.5940580Z       _unpack_zipfile_obj(zf, destination_eggdir)
2022-12-27T02:26:18.5944130Z     File "/private/var/folders/51/hd414ycd67n82196sw51xqtc0000gn/T/cibw-run-3qz6cadz/cp38-macosx_arm64/build/venv/lib/python3.8/site-packages/setuptools/archive_util.py", line 129, in _unpack_zipfile_obj
2022-12-27T02:26:18.5946000Z       with open(target, 'wb') as f:
2022-12-27T02:26:18.5950080Z   PermissionError: [Errno 13] Permission denied: '/Users/runner/actions-runner/_work/python.build/python.build/build_grpcio013038/grpcio-0.13.0/.eggs/protobuf-4.21.12-py3.8-macosx-11.0-arm64.egg/google/protobuf/any_pb2.py'
2022-12-27T02:26:18.6858140Z   error: subprocess-exited-with-error
2022-12-27T02:26:18.6858620Z   
2022-12-27T02:26:18.6859410Z   × python setup.py clean did not run successfully.
2022-12-27T02:26:18.6860140Z   │ exit code: 1
2022-12-27T02:26:18.6860540Z   ╰─> See above for output.
2022-12-27T02:26:18.6861310Z   
2022-12-27T02:26:18.6861780Z   note: This error originates from a subprocess, and is likely not a problem with pip.
2022-12-27T02:26:18.6877020Z   full command: /private/var/folders/51/hd414ycd67n82196sw51xqtc0000gn/T/cibw-run-3qz6cadz/cp38-macosx_arm64/build/venv/bin/python -u -c '
2022-12-27T02:26:18.6879810Z   exec(compile('"'"''"'"''"'"'
2022-12-27T02:26:18.6881150Z   # This is <pip-setuptools-caller> -- a caller that pip uses to run setup.py
2022-12-27T02:26:18.6881890Z   #
2022-12-27T02:26:18.6882860Z   # - It imports setuptools before invoking setup.py, to enable projects that directly
2022-12-27T02:26:18.6883750Z   #   import from `distutils.core` to work with newer packaging standards.
2022-12-27T02:26:18.6884910Z   # - It provides a clear error message when setuptools is not installed.
2022-12-27T02:26:18.6886040Z   # - It sets `sys.argv[0]` to the underlying `setup.py`, when invoking `setup.py` so
2022-12-27T02:26:18.6887070Z   #   setuptools doesn'"'"'t think the script is `-c`. This avoids the following warning:
2022-12-27T02:26:18.6887900Z   #     manifest_maker: standard file '"'"'-c'"'"' not found".
2022-12-27T02:26:18.6890150Z   # - It generates a shim setup.py, for handling setup.cfg-only projects.
2022-12-27T02:26:18.6890650Z   import os, sys, tokenize
2022-12-27T02:26:18.6890910Z   
2022-12-27T02:26:18.6891190Z   try:
2022-12-27T02:26:18.6891510Z       import setuptools
2022-12-27T02:26:18.6891810Z   except ImportError as error:
2022-12-27T02:26:18.6892830Z       print(
2022-12-27T02:26:18.6893310Z           "ERROR: Can not execute `setup.py` since setuptools is not available in "
2022-12-27T02:26:18.6893610Z           "the build environment.",
2022-12-27T02:26:18.6893930Z           file=sys.stderr,
2022-12-27T02:26:18.6894190Z       )
2022-12-27T02:26:18.6894410Z       sys.exit(1)
2022-12-27T02:26:18.6894590Z   
2022-12-27T02:26:18.6896030Z   __file__ = %r
2022-12-27T02:26:18.6896370Z   sys.argv[0] = __file__
2022-12-27T02:26:18.6896700Z   
2022-12-27T02:26:18.6896960Z   if os.path.exists(__file__):
2022-12-27T02:26:18.6897320Z       filename = __file__
2022-12-27T02:26:18.6898710Z       with tokenize.open(__file__) as f:
2022-12-27T02:26:18.6899020Z           setup_py_code = f.read()
2022-12-27T02:26:18.6899330Z   else:
2022-12-27T02:26:18.6899800Z       filename = "<auto-generated setuptools caller>"
2022-12-27T02:26:18.6900200Z       setup_py_code = "from setuptools import setup; setup()"
2022-12-27T02:26:18.6900610Z   
2022-12-27T02:26:18.6901090Z   exec(compile(setup_py_code, filename, "exec"))
2022-12-27T02:26:18.6901790Z   '"'"''"'"''"'"' % ('"'"'/Users/runner/actions-runner/_work/python.build/python.build/build_grpcio013038/grpcio-0.13.0/setup.py'"'"',), "<pip-setuptools-caller>", "exec"))' clean --all
2022-12-27T02:26:18.6903440Z   cwd: /Users/runner/actions-runner/_work/python.build/python.build/build_grpcio013038/grpcio-0.13.0
2022-12-27T02:26:18.6903960Z   ERROR: Failed cleaning build dir for grpcio
2022-12-27T02:26:18.6904400Z Failed to build grpcio
2022-12-27T02:26:18.6904720Z ERROR: Failed to build one or more wheels
2022-12-27T02:26:18.6921210Z Exception information:
2022-12-27T02:26:18.6922620Z Traceback (most recent call last):
2022-12-27T02:26:18.6923970Z   File "/private/var/folders/51/hd414ycd67n82196sw51xqtc0000gn/T/cibw-run-3qz6cadz/cp38-macosx_arm64/build/venv/lib/python3.8/site-packages/pip/_internal/cli/base_command.py", line 160, in exc_logging_wrapper
2022-12-27T02:26:18.6924700Z     status = run_func(*args)
2022-12-27T02:26:18.6925490Z   File "/private/var/folders/51/hd414ycd67n82196sw51xqtc0000gn/T/cibw-run-3qz6cadz/cp38-macosx_arm64/build/venv/lib/python3.8/site-packages/pip/_internal/cli/req_command.py", line 247, in wrapper
2022-12-27T02:26:18.6926790Z     return func(self, options, args)
2022-12-27T02:26:18.6927720Z   File "/private/var/folders/51/hd414ycd67n82196sw51xqtc0000gn/T/cibw-run-3qz6cadz/cp38-macosx_arm64/build/venv/lib/python3.8/site-packages/pip/_internal/commands/wheel.py", line 201, in run
2022-12-27T02:26:18.6928350Z     raise CommandError("Failed to build one or more wheels")
2022-12-27T02:26:18.6929120Z pip._internal.exceptions.CommandError: Failed to build one or more wheels
2022-12-27T02:26:18.6929800Z Removed build tracker: '/private/var/folders/51/hd414ycd67n82196sw51xqtc0000gn/T/pip-build-tracker-htwucpep'
2022-12-27T02:26:18.7721730Z ##[endgroup]
2022-12-27T02:26:18.7722410Z                                                              [31m✕ [0m30.31s
2022-12-27T02:26:18.8540270Z ##[error]Command ['python', '-m', 'pip', 'wheel', '/Users/runner/actions-runner/_work/python.build/python.build/build_grpcio013038/grpcio-0.13.0', '--wheel-dir=/private/var/folders/51/hd414ycd67n82196sw51xqtc0000gn/T/cibw-run-3qz6cadz/cp38-macosx_arm64/built_wheel', '--no-deps', '-vvv'] failed with code 1. None
2022-12-27T02:26:18.8550610Z 
2022-12-27T02:26:18.8743750Z ##[error]Process completed with exit code 1.
2022-12-27T02:26:18.8799860Z ##[group]Run rm -rf build_grpcio013038 wheelsout
2022-12-27T02:26:18.8800170Z [36;1mrm -rf build_grpcio013038 wheelsout[0m
2022-12-27T02:26:18.8827110Z shell: /bin/bash -e {0}
2022-12-27T02:26:18.8827290Z env:
2022-12-27T02:26:18.8827540Z   pythonLocation: /Users/runner/hostedtoolcache/Python/3.8.15/x64
2022-12-27T02:26:18.8827880Z   PKG_CONFIG_PATH: /Users/runner/hostedtoolcache/Python/3.8.15/x64/lib/pkgconfig
2022-12-27T02:26:18.8828210Z   Python_ROOT_DIR: /Users/runner/hostedtoolcache/Python/3.8.15/x64
2022-12-27T02:26:18.8828510Z   Python2_ROOT_DIR: /Users/runner/hostedtoolcache/Python/3.8.15/x64
2022-12-27T02:26:18.8828830Z   Python3_ROOT_DIR: /Users/runner/hostedtoolcache/Python/3.8.15/x64
2022-12-27T02:26:18.8829070Z ##[endgroup]
2022-12-27T02:26:19.5380160Z Cleaning up orphan processes
