2022-12-27T08:49:18.3468065Z Requested labels: self-hosted, macOS, X64
2022-12-27T08:49:18.3468208Z Job defined at: kilnbuild/python.build/.github/workflows/mac_arm_build.yml@refs/heads/main
2022-12-27T08:49:18.3468250Z Waiting for a runner to pick up this job...
2022-12-27T11:14:58.6946469Z Job is about to start running on the runner: k2 (organization)
2022-12-27T11:15:01.5667420Z Current runner version: '2.300.2'
2022-12-27T11:15:01.5672330Z Runner name: 'k2'
2022-12-27T11:15:01.5672570Z Runner group name: 'Default'
2022-12-27T11:15:01.5673100Z Machine name: 'k2'
2022-12-27T11:15:01.5674540Z ##[group]GITHUB_TOKEN Permissions
2022-12-27T11:15:01.5674940Z Actions: write
2022-12-27T11:15:01.5675080Z Checks: write
2022-12-27T11:15:01.5675200Z Contents: write
2022-12-27T11:15:01.5675340Z Deployments: write
2022-12-27T11:15:01.5675480Z Discussions: write
2022-12-27T11:15:01.5675610Z Issues: write
2022-12-27T11:15:01.5675730Z Metadata: read
2022-12-27T11:15:01.5675860Z Packages: write
2022-12-27T11:15:01.5676000Z Pages: write
2022-12-27T11:15:01.5676130Z PullRequests: write
2022-12-27T11:15:01.5676290Z RepositoryProjects: write
2022-12-27T11:15:01.5676440Z SecurityEvents: write
2022-12-27T11:15:01.5676580Z Statuses: write
2022-12-27T11:15:01.5676710Z ##[endgroup]
2022-12-27T11:15:01.5679140Z Secret source: Actions
2022-12-27T11:15:01.5679450Z Prepare workflow directory
2022-12-27T11:15:01.6338930Z Prepare all required actions
2022-12-27T11:15:01.6464370Z Getting action download info
2022-12-27T11:15:02.1396480Z Download action repository 'actions/setup-python@v4' (SHA:5ccb29d8773c3f3f653e1705f474dfaa8a06a912)
2022-12-27T11:15:04.0496860Z Download action repository 'actions/upload-artifact@v3' (SHA:83fd05a356d7e2593de66fc9913b3002723633cb)
2022-12-27T11:15:05.3627240Z ##[group]Run echo '{
2022-12-27T11:15:05.3627550Z [36;1mecho '{[0m
2022-12-27T11:15:05.3627700Z [36;1m  "package_name": "lxml",[0m
2022-12-27T11:15:05.3627970Z [36;1m  "package_url": "https://files.pythonhosted.org/packages/66/45/f11fc376f784c6f2e77ffc7a9d02374ff3ceb07ede8c56f918939409577c/lxml-3.7.2.tar.gz",[0m
2022-12-27T11:15:05.3628200Z [36;1m  "package_version": "3.7.2",[0m
2022-12-27T11:15:05.3628330Z [36;1m  "python_version": "3.11",[0m
2022-12-27T11:15:05.3628450Z [36;1m  "use_ccache": "true"[0m
2022-12-27T11:15:05.3628570Z [36;1m}'[0m
2022-12-27T11:15:05.3644100Z shell: /bin/bash -e {0}
2022-12-27T11:15:05.3644300Z ##[endgroup]
2022-12-27T11:15:05.3857980Z {
2022-12-27T11:15:05.3859560Z   "package_name": "lxml",
2022-12-27T11:15:05.3860240Z   "package_url": "https://files.pythonhosted.org/packages/66/45/f11fc376f784c6f2e77ffc7a9d02374ff3ceb07ede8c56f918939409577c/lxml-3.7.2.tar.gz",
2022-12-27T11:15:05.3860540Z   "package_version": "3.7.2",
2022-12-27T11:15:05.3860780Z   "python_version": "3.11",
2022-12-27T11:15:05.3860960Z   "use_ccache": "true"
2022-12-27T11:15:05.3861090Z }
2022-12-27T11:15:05.4067760Z ##[group]Run actions/setup-python@v4
2022-12-27T11:15:05.4068090Z with:
2022-12-27T11:15:05.4068240Z   python-version: 3.11
2022-12-27T11:15:05.4068420Z   check-latest: false
2022-12-27T11:15:05.4068700Z   token: ***
2022-12-27T11:15:05.4068920Z   update-environment: true
2022-12-27T11:15:05.4069060Z ##[endgroup]
2022-12-27T11:15:05.5303840Z ##[group]Installed versions
2022-12-27T11:15:05.5406670Z Successfully set up CPython (3.11.1)
2022-12-27T11:15:05.5407510Z ##[endgroup]
2022-12-27T11:15:05.5550270Z ##[group]Run if [ "true" == "true" ]
2022-12-27T11:15:05.5550540Z [36;1mif [ "true" == "true" ][0m
2022-12-27T11:15:05.5550720Z [36;1mthen[0m
2022-12-27T11:15:05.5550940Z [36;1m  echo "CCACHE_PATH_PREPEND=/usr/local/opt/ccache/libexec" >> $GITHUB_OUTPUT[0m
2022-12-27T11:15:05.5551270Z [36;1melse[0m
2022-12-27T11:15:05.5551430Z [36;1m  echo "CCACHE_PATH_PREPEND=" >> $GITHUB_OUTPUT[0m
2022-12-27T11:15:05.5551620Z [36;1mfi[0m
2022-12-27T11:15:05.5568490Z shell: /bin/bash -e {0}
2022-12-27T11:15:05.5568730Z env:
2022-12-27T11:15:05.5568940Z   pythonLocation: /Users/runner/hostedtoolcache/Python/3.11.1/x64
2022-12-27T11:15:05.5569200Z   PKG_CONFIG_PATH: /Users/runner/hostedtoolcache/Python/3.11.1/x64/lib/pkgconfig
2022-12-27T11:15:05.5569420Z   Python_ROOT_DIR: /Users/runner/hostedtoolcache/Python/3.11.1/x64
2022-12-27T11:15:05.5569660Z   Python2_ROOT_DIR: /Users/runner/hostedtoolcache/Python/3.11.1/x64
2022-12-27T11:15:05.5570000Z   Python3_ROOT_DIR: /Users/runner/hostedtoolcache/Python/3.11.1/x64
2022-12-27T11:15:05.5570570Z ##[endgroup]
2022-12-27T11:15:05.5682290Z ##[group]Run echo "BUILD_NAME=$(echo lxml_3.7.2_3.11 | tr -dc '[:alnum:]\n\r' | tr '[:upper:]' '[:lower:]')" >> $GITHUB_OUTPUT
2022-12-27T11:15:05.5682670Z [36;1mecho "BUILD_NAME=$(echo lxml_3.7.2_3.11 | tr -dc '[:alnum:]\n\r' | tr '[:upper:]' '[:lower:]')" >> $GITHUB_OUTPUT[0m
2022-12-27T11:15:05.5698420Z shell: /bin/bash -e {0}
2022-12-27T11:15:05.5698600Z env:
2022-12-27T11:15:05.5698820Z   pythonLocation: /Users/runner/hostedtoolcache/Python/3.11.1/x64
2022-12-27T11:15:05.5740360Z   PKG_CONFIG_PATH: /Users/runner/hostedtoolcache/Python/3.11.1/x64/lib/pkgconfig
2022-12-27T11:15:05.5740620Z   Python_ROOT_DIR: /Users/runner/hostedtoolcache/Python/3.11.1/x64
2022-12-27T11:15:05.5740800Z   Python2_ROOT_DIR: /Users/runner/hostedtoolcache/Python/3.11.1/x64
2022-12-27T11:15:05.5740980Z   Python3_ROOT_DIR: /Users/runner/hostedtoolcache/Python/3.11.1/x64
2022-12-27T11:15:05.5741150Z ##[endgroup]
2022-12-27T11:15:05.5852510Z ##[group]Run echo "PYTHON_NO_DOTS=$(echo 3.11 | tr -dc '[:alnum:]\n\r' | tr '[:upper:]' '[:lower:]')" >> $GITHUB_OUTPUT
2022-12-27T11:15:05.5852940Z [36;1mecho "PYTHON_NO_DOTS=$(echo 3.11 | tr -dc '[:alnum:]\n\r' | tr '[:upper:]' '[:lower:]')" >> $GITHUB_OUTPUT[0m
2022-12-27T11:15:05.5867450Z shell: /bin/bash -e {0}
2022-12-27T11:15:05.5867600Z env:
2022-12-27T11:15:05.5867810Z   pythonLocation: /Users/runner/hostedtoolcache/Python/3.11.1/x64
2022-12-27T11:15:05.5868490Z   PKG_CONFIG_PATH: /Users/runner/hostedtoolcache/Python/3.11.1/x64/lib/pkgconfig
2022-12-27T11:15:05.5868750Z   Python_ROOT_DIR: /Users/runner/hostedtoolcache/Python/3.11.1/x64
2022-12-27T11:15:05.5868990Z   Python2_ROOT_DIR: /Users/runner/hostedtoolcache/Python/3.11.1/x64
2022-12-27T11:15:05.5869220Z   Python3_ROOT_DIR: /Users/runner/hostedtoolcache/Python/3.11.1/x64
2022-12-27T11:15:05.5869420Z ##[endgroup]
2022-12-27T11:15:05.5980040Z ##[group]Run rm -rf build_lxml372311
2022-12-27T11:15:05.5980430Z [36;1mrm -rf build_lxml372311[0m
2022-12-27T11:15:05.5980590Z [36;1mmkdir build_lxml372311[0m
2022-12-27T11:15:05.5980790Z [36;1mcd build_lxml372311[0m
2022-12-27T11:15:05.5981090Z [36;1m/usr/local/bin/wget --quiet https://files.pythonhosted.org/packages/66/45/f11fc376f784c6f2e77ffc7a9d02374ff3ceb07ede8c56f918939409577c/lxml-3.7.2.tar.gz[0m
2022-12-27T11:15:05.5981400Z [36;1mtar xf *.tar.gz[0m
2022-12-27T11:15:05.5981540Z [36;1mcd *[0m
2022-12-27T11:15:05.5981730Z [36;1mpython -m pip install cibuildwheel==2.11.3[0m
2022-12-27T11:15:05.5981950Z [36;1mpython -m cibuildwheel --output-dir ../wheelsout[0m
2022-12-27T11:15:05.5996470Z shell: /bin/bash -e {0}
2022-12-27T11:15:05.5996660Z env:
2022-12-27T11:15:05.5996870Z   pythonLocation: /Users/runner/hostedtoolcache/Python/3.11.1/x64
2022-12-27T11:15:05.5997100Z   PKG_CONFIG_PATH: /Users/runner/hostedtoolcache/Python/3.11.1/x64/lib/pkgconfig
2022-12-27T11:15:05.5997440Z   Python_ROOT_DIR: /Users/runner/hostedtoolcache/Python/3.11.1/x64
2022-12-27T11:15:05.5997660Z   Python2_ROOT_DIR: /Users/runner/hostedtoolcache/Python/3.11.1/x64
2022-12-27T11:15:05.5997890Z   Python3_ROOT_DIR: /Users/runner/hostedtoolcache/Python/3.11.1/x64
2022-12-27T11:15:05.5998090Z   CIBW_ARCHS_MACOS: arm64
2022-12-27T11:15:05.5998240Z   CIBW_TEST_SKIP: *_arm64
2022-12-27T11:15:05.5998450Z   CIBW_BUILD: cp311-macosx_arm64
2022-12-27T11:15:05.5998640Z   CIBW_BUILD_FRONTEND: pip
2022-12-27T11:15:05.5998780Z   CIBW_BUILD_VERBOSITY: 3
2022-12-27T11:15:05.5999100Z   CIBW_ENVIRONMENT_MACOS:  CFLAGS="-I/usr/local/opt/openssl@3/include" LDFLAGS="-L/usr/local/opt/openssl@3/lib" CPPFLAGS="-I/usr/local/opt/openssl@3/include" MAKEFLAGS="-j$(sysctl -n hw.logicalcpu)" PATH=/usr/local/opt/ccache/libexec:$PATH
2022-12-27T11:15:05.5999470Z   CIBW_BEFORE_BUILD: pip install Cython; if [[ -f requirements.txt ]]; then pip install -r requirements.txt; fi
2022-12-27T11:15:05.5999740Z   MAKEFLAGS: -j$(sysctl -n hw.logicalcpu)
2022-12-27T11:15:05.5999890Z ##[endgroup]
2022-12-27T11:15:06.1474680Z Requirement already satisfied: cibuildwheel==2.11.3 in /Library/Frameworks/Python.framework/Versions/3.11/lib/python3.11/site-packages (2.11.3)
2022-12-27T11:15:06.1783220Z Requirement already satisfied: bashlex!=0.13 in /Library/Frameworks/Python.framework/Versions/3.11/lib/python3.11/site-packages (from cibuildwheel==2.11.3) (0.16)
2022-12-27T11:15:06.1789860Z Requirement already satisfied: bracex in /Library/Frameworks/Python.framework/Versions/3.11/lib/python3.11/site-packages (from cibuildwheel==2.11.3) (2.3.post1)
2022-12-27T11:15:06.1796210Z Requirement already satisfied: certifi in /Library/Frameworks/Python.framework/Versions/3.11/lib/python3.11/site-packages (from cibuildwheel==2.11.3) (2022.12.7)
2022-12-27T11:15:06.1802440Z Requirement already satisfied: filelock in /Library/Frameworks/Python.framework/Versions/3.11/lib/python3.11/site-packages (from cibuildwheel==2.11.3) (3.8.2)
2022-12-27T11:15:06.1811310Z Requirement already satisfied: packaging>=20.9 in /Library/Frameworks/Python.framework/Versions/3.11/lib/python3.11/site-packages (from cibuildwheel==2.11.3) (22.0)
2022-12-27T11:15:06.1819460Z Requirement already satisfied: platformdirs in /Library/Frameworks/Python.framework/Versions/3.11/lib/python3.11/site-packages (from cibuildwheel==2.11.3) (2.6.0)
2022-12-27T11:15:06.4253340Z 
2022-12-27T11:15:06.4253660Z      _ _       _ _   _       _           _
2022-12-27T11:15:06.4254700Z  ___|_| |_ _ _|_| |_| |_ _ _| |_ ___ ___| |
2022-12-27T11:15:06.4255580Z |  _| | . | | | | | . | | | |   | -_| -_| |
2022-12-27T11:15:06.4255870Z |___|_|___|___|_|_|___|_____|_|_|___|___|_|
2022-12-27T11:15:06.4256060Z 
2022-12-27T11:15:06.4256220Z cibuildwheel version 2.11.3
2022-12-27T11:15:06.4256440Z 
2022-12-27T11:15:06.4256580Z Build options:
2022-12-27T11:15:06.4256890Z   platform: macos
2022-12-27T11:15:06.4356570Z   architectures: arm64[0m
2022-12-27T11:15:06.4357000Z   build_selector: 
2022-12-27T11:15:06.4358560Z     build_config: cp311-macosx_arm64
2022-12-27T11:15:06.4359000Z     skip_config: 
2022-12-27T11:15:06.4359540Z     requires_python: None
2022-12-27T11:15:06.4359920Z     prerelease_pythons: False[0m
2022-12-27T11:15:06.4360250Z   [38;5;244mcontainer_engine: docker[0m
2022-12-27T11:15:06.4360790Z   output_dir: /Users/runner/actions-runner/_work/python.build/python.build/build_lxml372311/wheelsout[0m
2022-12-27T11:15:06.4361410Z   package_dir: /Users/runner/actions-runner/_work/python.build/python.build/build_lxml372311/lxml-3.7.2[0m
2022-12-27T11:15:06.4361760Z   test_selector: 
2022-12-27T11:15:06.4362030Z     skip_config: *_arm64[0m
2022-12-27T11:15:06.4362350Z   [38;5;244mbefore_all: [0m
2022-12-27T11:15:06.4362840Z   before_build: pip install Cython; if [[ -f requirements.txt ]]; then pip install -r requirements.txt; fi[0m
2022-12-27T11:15:06.4363250Z   [38;5;244mbefore_test: [0m
2022-12-27T11:15:06.4363580Z   [38;5;244mbuild_frontend: pip[0m
2022-12-27T11:15:06.4363890Z   build_verbosity: 3[0m
2022-12-27T11:15:06.4364170Z   [38;5;244mconfig_settings: [0m
2022-12-27T11:15:06.4364530Z   [38;5;244mdependency_constraints: pinned[0m
2022-12-27T11:15:06.4364850Z   environment: 
2022-12-27T11:15:06.4365160Z     CFLAGS="-I/usr/local/opt/openssl@3/include"
2022-12-27T11:15:06.4365470Z     LDFLAGS="-L/usr/local/opt/openssl@3/lib"
2022-12-27T11:15:06.4365800Z     CPPFLAGS="-I/usr/local/opt/openssl@3/include"
2022-12-27T11:15:06.4366170Z     MAKEFLAGS="-j$(sysctl -n hw.logicalcpu)"
2022-12-27T11:15:06.4366460Z     PATH=/usr/local/opt/ccache/libexec:$PATH[0m
2022-12-27T11:15:06.4366760Z   [38;5;244mmanylinux_images: None[0m
2022-12-27T11:15:06.4367050Z   [38;5;244mmusllinux_images: None[0m
2022-12-27T11:15:06.4367420Z   [38;5;244mrepair_command: delocate-wheel --require-archs {delocate_archs} -w {dest_dir} -v {wheel}[0m
2022-12-27T11:15:06.4367800Z   [38;5;244mtest_command: [0m
2022-12-27T11:15:06.4368070Z   [38;5;244mtest_extras: [0m
2022-12-27T11:15:06.4368310Z   [38;5;244mtest_requires: [0m
2022-12-27T11:15:06.4368450Z 
2022-12-27T11:15:06.4368580Z Cache folder: /Users/runner/Library/Caches/cibuildwheel
2022-12-27T11:15:06.4370900Z 
2022-12-27T11:15:06.4371600Z Here we go!
2022-12-27T11:15:06.4371880Z 
2022-12-27T11:15:06.4474100Z 
2022-12-27T11:15:06.4474830Z [1m[34mBuilding cp311-macosx_arm64 wheel[0m
2022-12-27T11:15:06.4475440Z CPython 3.11 macOS arm64 - Apple Silicon
2022-12-27T11:15:06.4475710Z 
2022-12-27T11:15:06.4477130Z ##[group]Installing Python cp311...
2022-12-27T11:15:06.4477480Z 
2022-12-27T11:15:06.4477830Z + pkgutil --pkgs
2022-12-27T11:15:06.4580010Z ##[endgroup]
2022-12-27T11:15:06.4581270Z                                                               [32m✓ [0m0.01s
2022-12-27T11:15:06.4581910Z ##[group]Setting up build environment...
2022-12-27T11:15:06.4582090Z 
2022-12-27T11:15:06.4597760Z + /Library/Frameworks/Python.framework/Versions/3.11/bin/python -sS /Users/runner/Library/Caches/cibuildwheel/virtualenv-20.17.0.pyz --activators= --no-periodic-update --pip=22.3.1 --setuptools=65.6.3 --wheel=0.38.4 --symlink-app-data --python /Library/Frameworks/Python.framework/Versions/3.11/bin/python3 /private/var/folders/51/hd414ycd67n82196sw51xqtc0000gn/T/cibw-run-xmf71akb/cp311-macosx_arm64/build/venv
2022-12-27T11:15:06.6458820Z created virtual environment CPython3.11.1.final.0-64 in 48ms
2022-12-27T11:15:06.6459850Z   creator CPython3Posix(dest=/private/var/folders/51/hd414ycd67n82196sw51xqtc0000gn/T/cibw-run-xmf71akb/cp311-macosx_arm64/build/venv, clear=False, no_vcs_ignore=False, global=False)
2022-12-27T11:15:06.6460690Z   seeder FromAppData(download=False, pip=22.3.1, setuptools=65.6.3, wheel=0.38.4, via=symlink, app_data_dir=/Users/runner/Library/Application Support/virtualenv)
2022-12-27T11:15:06.6461250Z     added seed packages: pip==22.3.1, setuptools==65.6.3, wheel==0.38.4
2022-12-27T11:15:06.6651050Z + python -m pip install --upgrade pip -c /Library/Frameworks/Python.framework/Versions/3.11/lib/python3.11/site-packages/cibuildwheel/resources/constraints-python311.txt
2022-12-27T11:15:06.9367650Z Requirement already satisfied: pip in ./lib/python3.11/site-packages (22.3.1)
2022-12-27T11:15:07.0624270Z + which pip
2022-12-27T11:15:07.0645220Z /private/var/folders/51/hd414ycd67n82196sw51xqtc0000gn/T/cibw-run-xmf71akb/cp311-macosx_arm64/build/venv/bin/pip
2022-12-27T11:15:07.0647250Z + pip --version
2022-12-27T11:15:07.2557470Z pip 22.3.1 from /private/var/folders/51/hd414ycd67n82196sw51xqtc0000gn/T/cibw-run-xmf71akb/cp311-macosx_arm64/build/venv/lib/python3.11/site-packages/pip (python 3.11)
2022-12-27T11:15:07.2810790Z + which pip
2022-12-27T11:15:07.2837990Z + which python
2022-12-27T11:15:07.2855710Z /private/var/folders/51/hd414ycd67n82196sw51xqtc0000gn/T/cibw-run-xmf71akb/cp311-macosx_arm64/build/venv/bin/python
2022-12-27T11:15:07.2859130Z + python --version
2022-12-27T11:15:07.2918180Z Python 3.11.1
2022-12-27T11:15:07.2921510Z + which python
2022-12-27T11:15:07.2973430Z ##[endgroup]
2022-12-27T11:15:07.2973960Z                                                               [32m✓ [0m0.84s
2022-12-27T11:15:07.2974520Z ##[group]Installing build tools...
2022-12-27T11:15:07.2974690Z 
2022-12-27T11:15:07.2975190Z + pip install --upgrade setuptools wheel delocate -c /Library/Frameworks/Python.framework/Versions/3.11/lib/python3.11/site-packages/cibuildwheel/resources/constraints-python311.txt
2022-12-27T11:15:07.5626710Z Requirement already satisfied: setuptools in /private/var/folders/51/hd414ycd67n82196sw51xqtc0000gn/T/cibw-run-xmf71akb/cp311-macosx_arm64/build/venv/lib/python3.11/site-packages (65.6.3)
2022-12-27T11:15:07.7361310Z Requirement already satisfied: wheel in /private/var/folders/51/hd414ycd67n82196sw51xqtc0000gn/T/cibw-run-xmf71akb/cp311-macosx_arm64/build/venv/lib/python3.11/site-packages (0.38.4)
2022-12-27T11:15:07.7745090Z Collecting delocate
2022-12-27T11:15:07.7773510Z   Using cached delocate-0.10.3-py3-none-any.whl (142 kB)
2022-12-27T11:15:07.8037110Z Collecting packaging>=20.9
2022-12-27T11:15:07.8055110Z   Using cached packaging-21.3-py3-none-any.whl (40 kB)
2022-12-27T11:15:07.8201470Z Collecting typing-extensions
2022-12-27T11:15:07.8220090Z   Using cached typing_extensions-4.4.0-py3-none-any.whl (26 kB)
2022-12-27T11:15:07.8526810Z Collecting pyparsing!=3.0.5,>=2.0.2
2022-12-27T11:15:07.8544840Z   Using cached pyparsing-3.0.9-py3-none-any.whl (98 kB)
2022-12-27T11:15:07.9100040Z Installing collected packages: typing-extensions, pyparsing, packaging, delocate
2022-12-27T11:15:08.0401570Z Successfully installed delocate-0.10.3 packaging-21.3 pyparsing-3.0.9 typing-extensions-4.4.0
2022-12-27T11:15:08.0892520Z ##[endgroup]
2022-12-27T11:15:08.0893200Z                                                               [32m✓ [0m0.79s
2022-12-27T11:15:08.0893660Z ##[group]Running before_build...
2022-12-27T11:15:08.0893960Z 
2022-12-27T11:15:08.0897690Z + pip install Cython; if [[ -f requirements.txt ]]; then pip install -r requirements.txt; fi
2022-12-27T11:15:08.6545840Z Collecting Cython
2022-12-27T11:15:08.6591460Z   Using cached Cython-0.29.32-py2.py3-none-any.whl (986 kB)
2022-12-27T11:15:08.7003960Z Installing collected packages: Cython
2022-12-27T11:15:09.1516560Z Successfully installed Cython-0.29.32
2022-12-27T11:15:09.4577390Z Requirement already satisfied: Cython>=0.20 in /private/var/folders/51/hd414ycd67n82196sw51xqtc0000gn/T/cibw-run-xmf71akb/cp311-macosx_arm64/build/venv/lib/python3.11/site-packages (from -r requirements.txt (line 1)) (0.29.32)
2022-12-27T11:15:09.5317610Z ##[endgroup]
2022-12-27T11:15:09.5318410Z                                                               [32m✓ [0m1.44s
2022-12-27T11:15:09.5318910Z ##[group]Building wheel...
2022-12-27T11:15:09.5319230Z 
2022-12-27T11:15:09.5323220Z + python -m pip wheel /Users/runner/actions-runner/_work/python.build/python.build/build_lxml372311/lxml-3.7.2 --wheel-dir=/private/var/folders/51/hd414ycd67n82196sw51xqtc0000gn/T/cibw-run-xmf71akb/cp311-macosx_arm64/built_wheel --no-deps -vvv
2022-12-27T11:15:09.7845410Z Created temporary directory: /private/var/folders/51/hd414ycd67n82196sw51xqtc0000gn/T/pip-ephem-wheel-cache-kk_mrlqh
2022-12-27T11:15:09.7849470Z Created temporary directory: /private/var/folders/51/hd414ycd67n82196sw51xqtc0000gn/T/pip-build-tracker-h6hd_ixf
2022-12-27T11:15:09.7851150Z Initialized build tracking at /private/var/folders/51/hd414ycd67n82196sw51xqtc0000gn/T/pip-build-tracker-h6hd_ixf
2022-12-27T11:15:09.7852630Z Created build tracker: /private/var/folders/51/hd414ycd67n82196sw51xqtc0000gn/T/pip-build-tracker-h6hd_ixf
2022-12-27T11:15:09.7854100Z Entered build tracker: /private/var/folders/51/hd414ycd67n82196sw51xqtc0000gn/T/pip-build-tracker-h6hd_ixf
2022-12-27T11:15:09.7857140Z Created temporary directory: /private/var/folders/51/hd414ycd67n82196sw51xqtc0000gn/T/pip-wheel-2symccy4
2022-12-27T11:15:09.7862280Z Created temporary directory: /private/var/folders/51/hd414ycd67n82196sw51xqtc0000gn/T/pip-ephem-wheel-cache-re4aw5md
2022-12-27T11:15:09.7935780Z Processing /Users/runner/actions-runner/_work/python.build/python.build/build_lxml372311/lxml-3.7.2
2022-12-27T11:15:09.7940980Z   Added file:///Users/runner/actions-runner/_work/python.build/python.build/build_lxml372311/lxml-3.7.2 to build tracker '/private/var/folders/51/hd414ycd67n82196sw51xqtc0000gn/T/pip-build-tracker-h6hd_ixf'
2022-12-27T11:15:09.7943930Z   Running setup.py (path:/Users/runner/actions-runner/_work/python.build/python.build/build_lxml372311/lxml-3.7.2/setup.py) egg_info for package from file:///Users/runner/actions-runner/_work/python.build/python.build/build_lxml372311/lxml-3.7.2
2022-12-27T11:15:09.7946310Z   Created temporary directory: /private/var/folders/51/hd414ycd67n82196sw51xqtc0000gn/T/pip-pip-egg-info-1gwhfza1
2022-12-27T11:15:09.7947370Z   Preparing metadata (setup.py): started
2022-12-27T11:15:09.7948750Z   Running command python setup.py egg_info
2022-12-27T11:15:10.0687550Z   Building lxml version 3.7.2.
2022-12-27T11:15:10.0688230Z   Building without Cython.
2022-12-27T11:15:10.0689650Z   Using build configuration of libxslt 1.1.29
2022-12-27T11:15:10.0690870Z   Building against libxml2/libxslt in the following directory: /Library/Developer/CommandLineTools/SDKs/MacOSX12.1.sdk/usr/lib
2022-12-27T11:15:10.0692030Z   running egg_info
2022-12-27T11:15:10.0693930Z   creating /private/var/folders/51/hd414ycd67n82196sw51xqtc0000gn/T/pip-pip-egg-info-1gwhfza1/lxml.egg-info
2022-12-27T11:15:10.0697630Z   writing /private/var/folders/51/hd414ycd67n82196sw51xqtc0000gn/T/pip-pip-egg-info-1gwhfza1/lxml.egg-info/PKG-INFO
2022-12-27T11:15:10.0701880Z   writing dependency_links to /private/var/folders/51/hd414ycd67n82196sw51xqtc0000gn/T/pip-pip-egg-info-1gwhfza1/lxml.egg-info/dependency_links.txt
2022-12-27T11:15:10.0705620Z   writing requirements to /private/var/folders/51/hd414ycd67n82196sw51xqtc0000gn/T/pip-pip-egg-info-1gwhfza1/lxml.egg-info/requires.txt
2022-12-27T11:15:10.0707440Z   writing top-level names to /private/var/folders/51/hd414ycd67n82196sw51xqtc0000gn/T/pip-pip-egg-info-1gwhfza1/lxml.egg-info/top_level.txt
2022-12-27T11:15:10.0709690Z   writing manifest file '/private/var/folders/51/hd414ycd67n82196sw51xqtc0000gn/T/pip-pip-egg-info-1gwhfza1/lxml.egg-info/SOURCES.txt'
2022-12-27T11:15:10.0798990Z   reading manifest file '/private/var/folders/51/hd414ycd67n82196sw51xqtc0000gn/T/pip-pip-egg-info-1gwhfza1/lxml.egg-info/SOURCES.txt'
2022-12-27T11:15:10.0801020Z   reading manifest template 'MANIFEST.in'
2022-12-27T11:15:10.1726600Z   adding license file 'LICENSES.txt'
2022-12-27T11:15:10.1783600Z   writing manifest file '/private/var/folders/51/hd414ycd67n82196sw51xqtc0000gn/T/pip-pip-egg-info-1gwhfza1/lxml.egg-info/SOURCES.txt'
2022-12-27T11:15:10.2066840Z   Preparing metadata (setup.py): finished with status 'done'
2022-12-27T11:15:10.2091150Z   Source in /Users/runner/actions-runner/_work/python.build/python.build/build_lxml372311/lxml-3.7.2 has version 3.7.2, which satisfies requirement lxml==3.7.2 from file:///Users/runner/actions-runner/_work/python.build/python.build/build_lxml372311/lxml-3.7.2
2022-12-27T11:15:10.2094700Z   Removed lxml==3.7.2 from file:///Users/runner/actions-runner/_work/python.build/python.build/build_lxml372311/lxml-3.7.2 from build tracker '/private/var/folders/51/hd414ycd67n82196sw51xqtc0000gn/T/pip-build-tracker-h6hd_ixf'
2022-12-27T11:15:10.2110830Z Created temporary directory: /private/var/folders/51/hd414ycd67n82196sw51xqtc0000gn/T/pip-unpack-4jw91vx7
2022-12-27T11:15:10.2112710Z Building wheels for collected packages: lxml
2022-12-27T11:15:10.2119050Z   Created temporary directory: /private/var/folders/51/hd414ycd67n82196sw51xqtc0000gn/T/pip-wheel-sri_gpev
2022-12-27T11:15:10.2231180Z   Building wheel for lxml (setup.py): started
2022-12-27T11:15:10.2232600Z   Destination directory: /private/var/folders/51/hd414ycd67n82196sw51xqtc0000gn/T/pip-wheel-sri_gpev
2022-12-27T11:15:10.2233570Z   Running command python setup.py bdist_wheel
2022-12-27T11:15:10.3639190Z   Building lxml version 3.7.2.
2022-12-27T11:15:10.3639870Z   Building without Cython.
2022-12-27T11:15:10.3778610Z   Using build configuration of libxslt 1.1.29
2022-12-27T11:15:10.4751600Z   Building against libxml2/libxslt in the following directory: /Library/Developer/CommandLineTools/SDKs/MacOSX12.1.sdk/usr/lib
2022-12-27T11:15:10.4996350Z   running bdist_wheel
2022-12-27T11:15:10.5034030Z   running build
2022-12-27T11:15:10.5035600Z   running build_py
2022-12-27T11:15:10.5054590Z   creating build
2022-12-27T11:15:10.5056330Z   creating build/lib.macosx-11.0-arm64-cpython-311
2022-12-27T11:15:10.5057950Z   creating build/lib.macosx-11.0-arm64-cpython-311/lxml
2022-12-27T11:15:10.5059100Z   copying src/lxml/_elementpath.py -> build/lib.macosx-11.0-arm64-cpython-311/lxml
2022-12-27T11:15:10.5062860Z   copying src/lxml/sax.py -> build/lib.macosx-11.0-arm64-cpython-311/lxml
2022-12-27T11:15:10.5065640Z   copying src/lxml/pyclasslookup.py -> build/lib.macosx-11.0-arm64-cpython-311/lxml
2022-12-27T11:15:10.5068260Z   copying src/lxml/__init__.py -> build/lib.macosx-11.0-arm64-cpython-311/lxml
2022-12-27T11:15:10.5073800Z   copying src/lxml/builder.py -> build/lib.macosx-11.0-arm64-cpython-311/lxml
2022-12-27T11:15:10.5076130Z   copying src/lxml/doctestcompare.py -> build/lib.macosx-11.0-arm64-cpython-311/lxml
2022-12-27T11:15:10.5078740Z   copying src/lxml/usedoctest.py -> build/lib.macosx-11.0-arm64-cpython-311/lxml
2022-12-27T11:15:10.5082030Z   copying src/lxml/cssselect.py -> build/lib.macosx-11.0-arm64-cpython-311/lxml
2022-12-27T11:15:10.5084190Z   copying src/lxml/ElementInclude.py -> build/lib.macosx-11.0-arm64-cpython-311/lxml
2022-12-27T11:15:10.5089270Z   creating build/lib.macosx-11.0-arm64-cpython-311/lxml/includes
2022-12-27T11:15:10.5090410Z   copying src/lxml/includes/__init__.py -> build/lib.macosx-11.0-arm64-cpython-311/lxml/includes
2022-12-27T11:15:10.5096270Z   creating build/lib.macosx-11.0-arm64-cpython-311/lxml/html
2022-12-27T11:15:10.5097610Z   copying src/lxml/html/soupparser.py -> build/lib.macosx-11.0-arm64-cpython-311/lxml/html
2022-12-27T11:15:10.5100890Z   copying src/lxml/html/defs.py -> build/lib.macosx-11.0-arm64-cpython-311/lxml/html
2022-12-27T11:15:10.5103720Z   copying src/lxml/html/_setmixin.py -> build/lib.macosx-11.0-arm64-cpython-311/lxml/html
2022-12-27T11:15:10.5107070Z   copying src/lxml/html/clean.py -> build/lib.macosx-11.0-arm64-cpython-311/lxml/html
2022-12-27T11:15:10.5111080Z   copying src/lxml/html/_diffcommand.py -> build/lib.macosx-11.0-arm64-cpython-311/lxml/html
2022-12-27T11:15:10.5114650Z   copying src/lxml/html/html5parser.py -> build/lib.macosx-11.0-arm64-cpython-311/lxml/html
2022-12-27T11:15:10.5117590Z   copying src/lxml/html/__init__.py -> build/lib.macosx-11.0-arm64-cpython-311/lxml/html
2022-12-27T11:15:10.5120950Z   copying src/lxml/html/formfill.py -> build/lib.macosx-11.0-arm64-cpython-311/lxml/html
2022-12-27T11:15:10.5124050Z   copying src/lxml/html/builder.py -> build/lib.macosx-11.0-arm64-cpython-311/lxml/html
2022-12-27T11:15:10.5127880Z   copying src/lxml/html/ElementSoup.py -> build/lib.macosx-11.0-arm64-cpython-311/lxml/html
2022-12-27T11:15:10.5130220Z   copying src/lxml/html/_html5builder.py -> build/lib.macosx-11.0-arm64-cpython-311/lxml/html
2022-12-27T11:15:10.5133440Z   copying src/lxml/html/usedoctest.py -> build/lib.macosx-11.0-arm64-cpython-311/lxml/html
2022-12-27T11:15:10.5137100Z   copying src/lxml/html/diff.py -> build/lib.macosx-11.0-arm64-cpython-311/lxml/html
2022-12-27T11:15:10.5142560Z   creating build/lib.macosx-11.0-arm64-cpython-311/lxml/isoschematron
2022-12-27T11:15:10.5144590Z   copying src/lxml/isoschematron/__init__.py -> build/lib.macosx-11.0-arm64-cpython-311/lxml/isoschematron
2022-12-27T11:15:10.5166910Z   copying src/lxml/lxml.etree.h -> build/lib.macosx-11.0-arm64-cpython-311/lxml
2022-12-27T11:15:10.5170770Z   copying src/lxml/lxml.etree_api.h -> build/lib.macosx-11.0-arm64-cpython-311/lxml
2022-12-27T11:15:10.5175030Z   copying src/lxml/includes/xmlerror.pxd -> build/lib.macosx-11.0-arm64-cpython-311/lxml/includes
2022-12-27T11:15:10.5179750Z   copying src/lxml/includes/c14n.pxd -> build/lib.macosx-11.0-arm64-cpython-311/lxml/includes
2022-12-27T11:15:10.5183170Z   copying src/lxml/includes/xmlschema.pxd -> build/lib.macosx-11.0-arm64-cpython-311/lxml/includes
2022-12-27T11:15:10.5186110Z   copying src/lxml/includes/schematron.pxd -> build/lib.macosx-11.0-arm64-cpython-311/lxml/includes
2022-12-27T11:15:10.5189170Z   copying src/lxml/includes/tree.pxd -> build/lib.macosx-11.0-arm64-cpython-311/lxml/includes
2022-12-27T11:15:10.5193220Z   copying src/lxml/includes/uri.pxd -> build/lib.macosx-11.0-arm64-cpython-311/lxml/includes
2022-12-27T11:15:10.5196670Z   copying src/lxml/includes/etreepublic.pxd -> build/lib.macosx-11.0-arm64-cpython-311/lxml/includes
2022-12-27T11:15:10.5199140Z   copying src/lxml/includes/xpath.pxd -> build/lib.macosx-11.0-arm64-cpython-311/lxml/includes
2022-12-27T11:15:10.5202370Z   copying src/lxml/includes/htmlparser.pxd -> build/lib.macosx-11.0-arm64-cpython-311/lxml/includes
2022-12-27T11:15:10.5205430Z   copying src/lxml/includes/xslt.pxd -> build/lib.macosx-11.0-arm64-cpython-311/lxml/includes
2022-12-27T11:15:10.5208160Z   copying src/lxml/includes/config.pxd -> build/lib.macosx-11.0-arm64-cpython-311/lxml/includes
2022-12-27T11:15:10.5210930Z   copying src/lxml/includes/xmlparser.pxd -> build/lib.macosx-11.0-arm64-cpython-311/lxml/includes
2022-12-27T11:15:10.5214560Z   copying src/lxml/includes/xinclude.pxd -> build/lib.macosx-11.0-arm64-cpython-311/lxml/includes
2022-12-27T11:15:10.5217750Z   copying src/lxml/includes/dtdvalid.pxd -> build/lib.macosx-11.0-arm64-cpython-311/lxml/includes
2022-12-27T11:15:10.5220590Z   copying src/lxml/includes/relaxng.pxd -> build/lib.macosx-11.0-arm64-cpython-311/lxml/includes
2022-12-27T11:15:10.5224090Z   copying src/lxml/includes/lxml-version.h -> build/lib.macosx-11.0-arm64-cpython-311/lxml/includes
2022-12-27T11:15:10.5227720Z   copying src/lxml/includes/etree_defs.h -> build/lib.macosx-11.0-arm64-cpython-311/lxml/includes
2022-12-27T11:15:10.5231070Z   creating build/lib.macosx-11.0-arm64-cpython-311/lxml/isoschematron/resources
2022-12-27T11:15:10.5232780Z   creating build/lib.macosx-11.0-arm64-cpython-311/lxml/isoschematron/resources/rng
2022-12-27T11:15:10.5234470Z   copying src/lxml/isoschematron/resources/rng/iso-schematron.rng -> build/lib.macosx-11.0-arm64-cpython-311/lxml/isoschematron/resources/rng
2022-12-27T11:15:10.5238440Z   creating build/lib.macosx-11.0-arm64-cpython-311/lxml/isoschematron/resources/xsl
2022-12-27T11:15:10.5239880Z   copying src/lxml/isoschematron/resources/xsl/XSD2Schtrn.xsl -> build/lib.macosx-11.0-arm64-cpython-311/lxml/isoschematron/resources/xsl
2022-12-27T11:15:10.5241600Z   copying src/lxml/isoschematron/resources/xsl/RNG2Schtrn.xsl -> build/lib.macosx-11.0-arm64-cpython-311/lxml/isoschematron/resources/xsl
2022-12-27T11:15:10.5245460Z   creating build/lib.macosx-11.0-arm64-cpython-311/lxml/isoschematron/resources/xsl/iso-schematron-xslt1
2022-12-27T11:15:10.5247570Z   copying src/lxml/isoschematron/resources/xsl/iso-schematron-xslt1/iso_abstract_expand.xsl -> build/lib.macosx-11.0-arm64-cpython-311/lxml/isoschematron/resources/xsl/iso-schematron-xslt1
2022-12-27T11:15:10.5251180Z   copying src/lxml/isoschematron/resources/xsl/iso-schematron-xslt1/iso_dsdl_include.xsl -> build/lib.macosx-11.0-arm64-cpython-311/lxml/isoschematron/resources/xsl/iso-schematron-xslt1
2022-12-27T11:15:10.5254940Z   copying src/lxml/isoschematron/resources/xsl/iso-schematron-xslt1/iso_schematron_skeleton_for_xslt1.xsl -> build/lib.macosx-11.0-arm64-cpython-311/lxml/isoschematron/resources/xsl/iso-schematron-xslt1
2022-12-27T11:15:10.5259660Z   copying src/lxml/isoschematron/resources/xsl/iso-schematron-xslt1/iso_svrl_for_xslt1.xsl -> build/lib.macosx-11.0-arm64-cpython-311/lxml/isoschematron/resources/xsl/iso-schematron-xslt1
2022-12-27T11:15:10.5264000Z   copying src/lxml/isoschematron/resources/xsl/iso-schematron-xslt1/iso_schematron_message.xsl -> build/lib.macosx-11.0-arm64-cpython-311/lxml/isoschematron/resources/xsl/iso-schematron-xslt1
2022-12-27T11:15:10.5268150Z   copying src/lxml/isoschematron/resources/xsl/iso-schematron-xslt1/readme.txt -> build/lib.macosx-11.0-arm64-cpython-311/lxml/isoschematron/resources/xsl/iso-schematron-xslt1
2022-12-27T11:15:10.5279900Z   running build_ext
2022-12-27T11:15:10.5309100Z   building 'lxml.etree' extension
2022-12-27T11:15:10.5310890Z   creating build/temp.macosx-11.0-arm64-cpython-311
2022-12-27T11:15:10.5312920Z   creating build/temp.macosx-11.0-arm64-cpython-311/src
2022-12-27T11:15:10.5314330Z   creating build/temp.macosx-11.0-arm64-cpython-311/src/lxml
2022-12-27T11:15:10.5317320Z   clang -Wsign-compare -Wunreachable-code -fno-common -dynamic -DNDEBUG -g -fwrapv -O3 -Wall -g -I/usr/local/opt/openssl@3/include -I/usr/local/opt/openssl@3/include -arch arm64 -I/Library/Developer/CommandLineTools/SDKs/MacOSX12.1.sdk/usr/include -Isrc/lxml/includes -I/private/var/folders/51/hd414ycd67n82196sw51xqtc0000gn/T/cibw-run-xmf71akb/cp311-macosx_arm64/build/venv/include -I/Library/Frameworks/Python.framework/Versions/3.11/include/python3.11 -c src/lxml/lxml.etree.c -o build/temp.macosx-11.0-arm64-cpython-311/src/lxml/lxml.etree.o -w -flat_namespace
2022-12-27T11:15:10.6092780Z   src/lxml/lxml.etree.c:231:12: fatal error: 'longintrepr.h' file not found
2022-12-27T11:15:10.6093820Z     #include "longintrepr.h"
2022-12-27T11:15:10.6095670Z              ^~~~~~~~~~~~~~~
2022-12-27T11:15:11.4141320Z   1 error generated.
2022-12-27T11:15:11.4189220Z   Compile failed: command '/usr/bin/clang' failed with exit code 1
2022-12-27T11:15:11.4864260Z   creating var
2022-12-27T11:15:11.4865750Z   creating var/folders
2022-12-27T11:15:11.4866260Z   creating var/folders/51
2022-12-27T11:15:11.4867910Z   creating var/folders/51/hd414ycd67n82196sw51xqtc0000gn
2022-12-27T11:15:11.4868950Z   creating var/folders/51/hd414ycd67n82196sw51xqtc0000gn/T
2022-12-27T11:15:11.4871090Z   cc -arch arm64 -I/Library/Developer/CommandLineTools/SDKs/MacOSX12.1.sdk/usr/include -I/usr/include/libxml2 -c /var/folders/51/hd414ycd67n82196sw51xqtc0000gn/T/xmlXPathInitgbezy5kl.c -o var/folders/51/hd414ycd67n82196sw51xqtc0000gn/T/xmlXPathInitgbezy5kl.o
2022-12-27T11:15:11.5307040Z   cc -arch arm64 var/folders/51/hd414ycd67n82196sw51xqtc0000gn/T/xmlXPathInitgbezy5kl.o -L/Library/Developer/CommandLineTools/SDKs/MacOSX12.1.sdk/usr/lib -lxml2 -o a.out
2022-12-27T11:15:11.5716320Z   error: command '/usr/bin/clang' failed with exit code 1
2022-12-27T11:15:11.6073970Z   error: subprocess-exited-with-error
2022-12-27T11:15:11.6074350Z   
2022-12-27T11:15:11.6074780Z   × python setup.py bdist_wheel did not run successfully.
2022-12-27T11:15:11.6075160Z   │ exit code: 1
2022-12-27T11:15:11.6075500Z   ╰─> See above for output.
2022-12-27T11:15:11.6075710Z   
2022-12-27T11:15:11.6076000Z   note: This error originates from a subprocess, and is likely not a problem with pip.
2022-12-27T11:15:11.6080360Z   full command: /private/var/folders/51/hd414ycd67n82196sw51xqtc0000gn/T/cibw-run-xmf71akb/cp311-macosx_arm64/build/venv/bin/python -u -c '
2022-12-27T11:15:11.6080840Z   exec(compile('"'"''"'"''"'"'
2022-12-27T11:15:11.6081180Z   # This is <pip-setuptools-caller> -- a caller that pip uses to run setup.py
2022-12-27T11:15:11.6081450Z   #
2022-12-27T11:15:11.6082270Z   # - It imports setuptools before invoking setup.py, to enable projects that directly
2022-12-27T11:15:11.6082610Z   #   import from `distutils.core` to work with newer packaging standards.
2022-12-27T11:15:11.6083010Z   # - It provides a clear error message when setuptools is not installed.
2022-12-27T11:15:11.6083390Z   # - It sets `sys.argv[0]` to the underlying `setup.py`, when invoking `setup.py` so
2022-12-27T11:15:11.6083830Z   #   setuptools doesn'"'"'t think the script is `-c`. This avoids the following warning:
2022-12-27T11:15:11.6086750Z   #     manifest_maker: standard file '"'"'-c'"'"' not found".
2022-12-27T11:15:11.6087560Z   # - It generates a shim setup.py, for handling setup.cfg-only projects.
2022-12-27T11:15:11.6087970Z   import os, sys, tokenize
2022-12-27T11:15:11.6088330Z   
2022-12-27T11:15:11.6088540Z   try:
2022-12-27T11:15:11.6088760Z       import setuptools
2022-12-27T11:15:11.6089050Z   except ImportError as error:
2022-12-27T11:15:11.6089260Z       print(
2022-12-27T11:15:11.6089560Z           "ERROR: Can not execute `setup.py` since setuptools is not available in "
2022-12-27T11:15:11.6089880Z           "the build environment.",
2022-12-27T11:15:11.6090100Z           file=sys.stderr,
2022-12-27T11:15:11.6090320Z       )
2022-12-27T11:15:11.6090520Z       sys.exit(1)
2022-12-27T11:15:11.6090680Z   
2022-12-27T11:15:11.6090870Z   __file__ = %r
2022-12-27T11:15:11.6091260Z   sys.argv[0] = __file__
2022-12-27T11:15:11.6091470Z   
2022-12-27T11:15:11.6091690Z   if os.path.exists(__file__):
2022-12-27T11:15:11.6091950Z       filename = __file__
2022-12-27T11:15:11.6092160Z       with tokenize.open(__file__) as f:
2022-12-27T11:15:11.6092560Z           setup_py_code = f.read()
2022-12-27T11:15:11.6092800Z   else:
2022-12-27T11:15:11.6093110Z       filename = "<auto-generated setuptools caller>"
2022-12-27T11:15:11.6093430Z       setup_py_code = "from setuptools import setup; setup()"
2022-12-27T11:15:11.6093660Z   
2022-12-27T11:15:11.6093910Z   exec(compile(setup_py_code, filename, "exec"))
2022-12-27T11:15:11.6094590Z   '"'"''"'"''"'"' % ('"'"'/Users/runner/actions-runner/_work/python.build/python.build/build_lxml372311/lxml-3.7.2/setup.py'"'"',), "<pip-setuptools-caller>", "exec"))' bdist_wheel -d /private/var/folders/51/hd414ycd67n82196sw51xqtc0000gn/T/pip-wheel-sri_gpev
2022-12-27T11:15:11.6095660Z   cwd: /Users/runner/actions-runner/_work/python.build/python.build/build_lxml372311/lxml-3.7.2/
2022-12-27T11:15:11.6095980Z   ERROR: Failed building wheel for lxml
2022-12-27T11:15:11.6096220Z   Building wheel for lxml (setup.py): finished with status 'error'
2022-12-27T11:15:11.6096440Z   Running setup.py clean for lxml
2022-12-27T11:15:11.6096650Z   Running command python setup.py clean
2022-12-27T11:15:11.7584560Z   Building lxml version 3.7.2.
2022-12-27T11:15:11.7586680Z   Building without Cython.
2022-12-27T11:15:11.7720000Z   Using build configuration of libxslt 1.1.29
2022-12-27T11:15:11.8680140Z   Building against libxml2/libxslt in the following directory: /Library/Developer/CommandLineTools/SDKs/MacOSX12.1.sdk/usr/lib
2022-12-27T11:15:11.8826240Z   running clean
2022-12-27T11:15:11.8859130Z   removing 'build/temp.macosx-11.0-arm64-cpython-311' (and everything under it)
2022-12-27T11:15:11.8863590Z   removing 'build/lib.macosx-11.0-arm64-cpython-311' (and everything under it)
2022-12-27T11:15:11.8909890Z   'build/bdist.macosx-11.0-arm64' does not exist -- can't clean it
2022-12-27T11:15:11.8911650Z   'build/scripts-3.11' does not exist -- can't clean it
2022-12-27T11:15:11.8913350Z   removing 'build'
2022-12-27T11:15:11.9188620Z Failed to build lxml
2022-12-27T11:15:11.9193430Z ERROR: Failed to build one or more wheels
2022-12-27T11:15:11.9206450Z Exception information:
2022-12-27T11:15:11.9206690Z Traceback (most recent call last):
2022-12-27T11:15:11.9213740Z   File "/private/var/folders/51/hd414ycd67n82196sw51xqtc0000gn/T/cibw-run-xmf71akb/cp311-macosx_arm64/build/venv/lib/python3.11/site-packages/pip/_internal/cli/base_command.py", line 160, in exc_logging_wrapper
2022-12-27T11:15:11.9214550Z     status = run_func(*args)
2022-12-27T11:15:11.9214780Z              ^^^^^^^^^^^^^^^
2022-12-27T11:15:11.9215440Z   File "/private/var/folders/51/hd414ycd67n82196sw51xqtc0000gn/T/cibw-run-xmf71akb/cp311-macosx_arm64/build/venv/lib/python3.11/site-packages/pip/_internal/cli/req_command.py", line 247, in wrapper
2022-12-27T11:15:11.9215860Z     return func(self, options, args)
2022-12-27T11:15:11.9216040Z            ^^^^^^^^^^^^^^^^^^^^^^^^^
2022-12-27T11:15:11.9216590Z   File "/private/var/folders/51/hd414ycd67n82196sw51xqtc0000gn/T/cibw-run-xmf71akb/cp311-macosx_arm64/build/venv/lib/python3.11/site-packages/pip/_internal/commands/wheel.py", line 201, in run
2022-12-27T11:15:11.9216980Z     raise CommandError("Failed to build one or more wheels")
2022-12-27T11:15:11.9217280Z pip._internal.exceptions.CommandError: Failed to build one or more wheels
2022-12-27T11:15:11.9217710Z Removed build tracker: '/private/var/folders/51/hd414ycd67n82196sw51xqtc0000gn/T/pip-build-tracker-h6hd_ixf'
2022-12-27T11:15:11.9686180Z ##[error]Command ['python', '-m', 'pip', 'wheel', '/Users/runner/actions-runner/_work/python.build/python.build/build_lxml372311/lxml-3.7.2', '--wheel-dir=/private/var/folders/51/hd414ycd67n82196sw51xqtc0000gn/T/cibw-run-xmf71akb/cp311-macosx_arm64/built_wheel', '--no-deps', '-vvv'] failed with code 1. None
2022-12-27T11:15:11.9694640Z 
2022-12-27T11:15:11.9695040Z ##[endgroup]
2022-12-27T11:15:11.9695570Z                                                               [31m✕ [0m2.43s
2022-12-27T11:15:12.0207100Z ##[error]Process completed with exit code 1.
2022-12-27T11:15:12.0240320Z ##[group]Run rm -rf build_lxml372311 wheelsout
2022-12-27T11:15:12.0240550Z [36;1mrm -rf build_lxml372311 wheelsout[0m
2022-12-27T11:15:12.0256930Z shell: /bin/bash -e {0}
2022-12-27T11:15:12.0257110Z env:
2022-12-27T11:15:12.0257290Z   pythonLocation: /Users/runner/hostedtoolcache/Python/3.11.1/x64
2022-12-27T11:15:12.0257550Z   PKG_CONFIG_PATH: /Users/runner/hostedtoolcache/Python/3.11.1/x64/lib/pkgconfig
2022-12-27T11:15:12.0257810Z   Python_ROOT_DIR: /Users/runner/hostedtoolcache/Python/3.11.1/x64
2022-12-27T11:15:12.0258090Z   Python2_ROOT_DIR: /Users/runner/hostedtoolcache/Python/3.11.1/x64
2022-12-27T11:15:12.0258460Z   Python3_ROOT_DIR: /Users/runner/hostedtoolcache/Python/3.11.1/x64
2022-12-27T11:15:12.0258660Z ##[endgroup]
2022-12-27T11:15:12.0817740Z Cleaning up orphan processes
