2022-12-27T08:48:19.1662901Z Requested labels: self-hosted, macOS, X64
2022-12-27T08:48:19.1662998Z Job defined at: kilnbuild/python.build/.github/workflows/mac_arm_build.yml@refs/heads/main
2022-12-27T08:48:19.1663051Z Waiting for a runner to pick up this job...
2022-12-27T11:13:14.7201064Z Job is about to start running on the runner: k1 (organization)
2022-12-27T11:13:19.0742330Z Current runner version: '2.300.2'
2022-12-27T11:13:19.0747500Z Runner name: 'k1'
2022-12-27T11:13:19.0747740Z Runner group name: 'Default'
2022-12-27T11:13:19.0748220Z Machine name: 'k1'
2022-12-27T11:13:19.0749670Z ##[group]GITHUB_TOKEN Permissions
2022-12-27T11:13:19.0750120Z Actions: write
2022-12-27T11:13:19.0750250Z Checks: write
2022-12-27T11:13:19.0750380Z Contents: write
2022-12-27T11:13:19.0750520Z Deployments: write
2022-12-27T11:13:19.0750660Z Discussions: write
2022-12-27T11:13:19.0750780Z Issues: write
2022-12-27T11:13:19.0750910Z Metadata: read
2022-12-27T11:13:19.0751040Z Packages: write
2022-12-27T11:13:19.0751170Z Pages: write
2022-12-27T11:13:19.0751310Z PullRequests: write
2022-12-27T11:13:19.0751470Z RepositoryProjects: write
2022-12-27T11:13:19.0751620Z SecurityEvents: write
2022-12-27T11:13:19.0751760Z Statuses: write
2022-12-27T11:13:19.0751890Z ##[endgroup]
2022-12-27T11:13:19.0754560Z Secret source: Actions
2022-12-27T11:13:19.0755030Z Prepare workflow directory
2022-12-27T11:13:19.1398930Z Prepare all required actions
2022-12-27T11:13:19.1522570Z Getting action download info
2022-12-27T11:13:24.0734230Z Download action repository 'actions/setup-python@v4' (SHA:5ccb29d8773c3f3f653e1705f474dfaa8a06a912)
2022-12-27T11:13:25.8207750Z Download action repository 'actions/upload-artifact@v3' (SHA:83fd05a356d7e2593de66fc9913b3002723633cb)
2022-12-27T11:13:27.1211390Z ##[group]Run echo '{
2022-12-27T11:13:27.1211630Z [36;1mecho '{[0m
2022-12-27T11:13:27.1211750Z [36;1m  "package_name": "lxml",[0m
2022-12-27T11:13:27.1211970Z [36;1m  "package_url": "https://files.pythonhosted.org/packages/03/26/376fd3b51a113f8a260537bda00ea5fa456643052b7b608423bd74e37db9/lxml-3.0.tar.gz",[0m
2022-12-27T11:13:27.1212230Z [36;1m  "package_version": "3.0",[0m
2022-12-27T11:13:27.1212350Z [36;1m  "python_version": "3.11",[0m
2022-12-27T11:13:27.1212460Z [36;1m  "use_ccache": "true"[0m
2022-12-27T11:13:27.1212570Z [36;1m}'[0m
2022-12-27T11:13:27.1228010Z shell: /bin/bash -e {0}
2022-12-27T11:13:27.1228150Z ##[endgroup]
2022-12-27T11:13:27.1447710Z {
2022-12-27T11:13:27.1449280Z   "package_name": "lxml",
2022-12-27T11:13:27.1450030Z   "package_url": "https://files.pythonhosted.org/packages/03/26/376fd3b51a113f8a260537bda00ea5fa456643052b7b608423bd74e37db9/lxml-3.0.tar.gz",
2022-12-27T11:13:27.1450350Z   "package_version": "3.0",
2022-12-27T11:13:27.1450630Z   "python_version": "3.11",
2022-12-27T11:13:27.1450820Z   "use_ccache": "true"
2022-12-27T11:13:27.1450980Z }
2022-12-27T11:13:27.1670850Z ##[group]Run actions/setup-python@v4
2022-12-27T11:13:27.1671190Z with:
2022-12-27T11:13:27.1671370Z   python-version: 3.11
2022-12-27T11:13:27.1671550Z   check-latest: false
2022-12-27T11:13:27.1671800Z   token: ***
2022-12-27T11:13:27.1671970Z   update-environment: true
2022-12-27T11:13:27.1672200Z ##[endgroup]
2022-12-27T11:13:27.2924530Z ##[group]Installed versions
2022-12-27T11:13:27.3027290Z Successfully set up CPython (3.11.1)
2022-12-27T11:13:27.3027990Z ##[endgroup]
2022-12-27T11:13:27.3171970Z ##[group]Run if [ "true" == "true" ]
2022-12-27T11:13:27.3172310Z [36;1mif [ "true" == "true" ][0m
2022-12-27T11:13:27.3172510Z [36;1mthen[0m
2022-12-27T11:13:27.3172700Z [36;1m  echo "CCACHE_PATH_PREPEND=/usr/local/opt/ccache/libexec" >> $GITHUB_OUTPUT[0m
2022-12-27T11:13:27.3172920Z [36;1melse[0m
2022-12-27T11:13:27.3173250Z [36;1m  echo "CCACHE_PATH_PREPEND=" >> $GITHUB_OUTPUT[0m
2022-12-27T11:13:27.3173440Z [36;1mfi[0m
2022-12-27T11:13:27.3191170Z shell: /bin/bash -e {0}
2022-12-27T11:13:27.3191470Z env:
2022-12-27T11:13:27.3191700Z   pythonLocation: /Users/runner/hostedtoolcache/Python/3.11.1/x64
2022-12-27T11:13:27.3191930Z   PKG_CONFIG_PATH: /Users/runner/hostedtoolcache/Python/3.11.1/x64/lib/pkgconfig
2022-12-27T11:13:27.3192200Z   Python_ROOT_DIR: /Users/runner/hostedtoolcache/Python/3.11.1/x64
2022-12-27T11:13:27.3192440Z   Python2_ROOT_DIR: /Users/runner/hostedtoolcache/Python/3.11.1/x64
2022-12-27T11:13:27.3192780Z   Python3_ROOT_DIR: /Users/runner/hostedtoolcache/Python/3.11.1/x64
2022-12-27T11:13:27.3193310Z ##[endgroup]
2022-12-27T11:13:27.3344170Z ##[group]Run echo "BUILD_NAME=$(echo lxml_3.0_3.11 | tr -dc '[:alnum:]\n\r' | tr '[:upper:]' '[:lower:]')" >> $GITHUB_OUTPUT
2022-12-27T11:13:27.3344510Z [36;1mecho "BUILD_NAME=$(echo lxml_3.0_3.11 | tr -dc '[:alnum:]\n\r' | tr '[:upper:]' '[:lower:]')" >> $GITHUB_OUTPUT[0m
2022-12-27T11:13:27.3359500Z shell: /bin/bash -e {0}
2022-12-27T11:13:27.3359620Z env:
2022-12-27T11:13:27.3359760Z   pythonLocation: /Users/runner/hostedtoolcache/Python/3.11.1/x64
2022-12-27T11:13:27.3359950Z   PKG_CONFIG_PATH: /Users/runner/hostedtoolcache/Python/3.11.1/x64/lib/pkgconfig
2022-12-27T11:13:27.3360130Z   Python_ROOT_DIR: /Users/runner/hostedtoolcache/Python/3.11.1/x64
2022-12-27T11:13:27.3360300Z   Python2_ROOT_DIR: /Users/runner/hostedtoolcache/Python/3.11.1/x64
2022-12-27T11:13:27.3360500Z   Python3_ROOT_DIR: /Users/runner/hostedtoolcache/Python/3.11.1/x64
2022-12-27T11:13:27.3360650Z ##[endgroup]
2022-12-27T11:13:27.3476020Z ##[group]Run echo "PYTHON_NO_DOTS=$(echo 3.11 | tr -dc '[:alnum:]\n\r' | tr '[:upper:]' '[:lower:]')" >> $GITHUB_OUTPUT
2022-12-27T11:13:27.3476490Z [36;1mecho "PYTHON_NO_DOTS=$(echo 3.11 | tr -dc '[:alnum:]\n\r' | tr '[:upper:]' '[:lower:]')" >> $GITHUB_OUTPUT[0m
2022-12-27T11:13:27.3492710Z shell: /bin/bash -e {0}
2022-12-27T11:13:27.3492890Z env:
2022-12-27T11:13:27.3493250Z   pythonLocation: /Users/runner/hostedtoolcache/Python/3.11.1/x64
2022-12-27T11:13:27.3493840Z   PKG_CONFIG_PATH: /Users/runner/hostedtoolcache/Python/3.11.1/x64/lib/pkgconfig
2022-12-27T11:13:27.3494070Z   Python_ROOT_DIR: /Users/runner/hostedtoolcache/Python/3.11.1/x64
2022-12-27T11:13:27.3494300Z   Python2_ROOT_DIR: /Users/runner/hostedtoolcache/Python/3.11.1/x64
2022-12-27T11:13:27.3494600Z   Python3_ROOT_DIR: /Users/runner/hostedtoolcache/Python/3.11.1/x64
2022-12-27T11:13:27.3494800Z ##[endgroup]
2022-12-27T11:13:27.3613500Z ##[group]Run rm -rf build_lxml30311
2022-12-27T11:13:27.3613940Z [36;1mrm -rf build_lxml30311[0m
2022-12-27T11:13:27.3614130Z [36;1mmkdir build_lxml30311[0m
2022-12-27T11:13:27.3614320Z [36;1mcd build_lxml30311[0m
2022-12-27T11:13:27.3614620Z [36;1m/usr/local/bin/wget --quiet https://files.pythonhosted.org/packages/03/26/376fd3b51a113f8a260537bda00ea5fa456643052b7b608423bd74e37db9/lxml-3.0.tar.gz[0m
2022-12-27T11:13:27.3614950Z [36;1mtar xf *.tar.gz[0m
2022-12-27T11:13:27.3615090Z [36;1mcd *[0m
2022-12-27T11:13:27.3615280Z [36;1mpython -m pip install cibuildwheel==2.11.3[0m
2022-12-27T11:13:27.3615510Z [36;1mpython -m cibuildwheel --output-dir ../wheelsout[0m
2022-12-27T11:13:27.3631280Z shell: /bin/bash -e {0}
2022-12-27T11:13:27.3631440Z env:
2022-12-27T11:13:27.3631650Z   pythonLocation: /Users/runner/hostedtoolcache/Python/3.11.1/x64
2022-12-27T11:13:27.3631920Z   PKG_CONFIG_PATH: /Users/runner/hostedtoolcache/Python/3.11.1/x64/lib/pkgconfig
2022-12-27T11:13:27.3632240Z   Python_ROOT_DIR: /Users/runner/hostedtoolcache/Python/3.11.1/x64
2022-12-27T11:13:27.3632440Z   Python2_ROOT_DIR: /Users/runner/hostedtoolcache/Python/3.11.1/x64
2022-12-27T11:13:27.3632680Z   Python3_ROOT_DIR: /Users/runner/hostedtoolcache/Python/3.11.1/x64
2022-12-27T11:13:27.3632880Z   CIBW_ARCHS_MACOS: arm64
2022-12-27T11:13:27.3633060Z   CIBW_TEST_SKIP: *_arm64
2022-12-27T11:13:27.3633310Z   CIBW_BUILD: cp311-macosx_arm64
2022-12-27T11:13:27.3633490Z   CIBW_BUILD_FRONTEND: pip
2022-12-27T11:13:27.3633680Z   CIBW_BUILD_VERBOSITY: 3
2022-12-27T11:13:27.3633950Z   CIBW_ENVIRONMENT_MACOS:  CFLAGS="-I/usr/local/opt/openssl@3/include" LDFLAGS="-L/usr/local/opt/openssl@3/lib" CPPFLAGS="-I/usr/local/opt/openssl@3/include" MAKEFLAGS="-j$(sysctl -n hw.logicalcpu)" PATH=/usr/local/opt/ccache/libexec:$PATH
2022-12-27T11:13:27.3634320Z   CIBW_BEFORE_BUILD: pip install Cython; if [[ -f requirements.txt ]]; then pip install -r requirements.txt; fi
2022-12-27T11:13:27.3634600Z   MAKEFLAGS: -j$(sysctl -n hw.logicalcpu)
2022-12-27T11:13:27.3634780Z ##[endgroup]
2022-12-27T11:13:27.8316010Z Requirement already satisfied: cibuildwheel==2.11.3 in /Library/Frameworks/Python.framework/Versions/3.11/lib/python3.11/site-packages (2.11.3)
2022-12-27T11:13:27.8614200Z Requirement already satisfied: bashlex!=0.13 in /Library/Frameworks/Python.framework/Versions/3.11/lib/python3.11/site-packages (from cibuildwheel==2.11.3) (0.16)
2022-12-27T11:13:27.8620470Z Requirement already satisfied: bracex in /Library/Frameworks/Python.framework/Versions/3.11/lib/python3.11/site-packages (from cibuildwheel==2.11.3) (2.3.post1)
2022-12-27T11:13:27.8626910Z Requirement already satisfied: certifi in /Library/Frameworks/Python.framework/Versions/3.11/lib/python3.11/site-packages (from cibuildwheel==2.11.3) (2022.12.7)
2022-12-27T11:13:27.8633030Z Requirement already satisfied: filelock in /Library/Frameworks/Python.framework/Versions/3.11/lib/python3.11/site-packages (from cibuildwheel==2.11.3) (3.8.2)
2022-12-27T11:13:27.8642100Z Requirement already satisfied: packaging>=20.9 in /Library/Frameworks/Python.framework/Versions/3.11/lib/python3.11/site-packages (from cibuildwheel==2.11.3) (22.0)
2022-12-27T11:13:27.8650000Z Requirement already satisfied: platformdirs in /Library/Frameworks/Python.framework/Versions/3.11/lib/python3.11/site-packages (from cibuildwheel==2.11.3) (2.6.0)
2022-12-27T11:13:28.0902840Z 
2022-12-27T11:13:28.0903260Z      _ _       _ _   _       _           _
2022-12-27T11:13:28.0904370Z  ___|_| |_ _ _|_| |_| |_ _ _| |_ ___ ___| |
2022-12-27T11:13:28.0905300Z |  _| | . | | | | | . | | | |   | -_| -_| |
2022-12-27T11:13:28.0905760Z |___|_|___|___|_|_|___|_____|_|_|___|___|_|
2022-12-27T11:13:28.0906010Z 
2022-12-27T11:13:28.0906250Z cibuildwheel version 2.11.3
2022-12-27T11:13:28.0906430Z 
2022-12-27T11:13:28.0906510Z Build options:
2022-12-27T11:13:28.0906860Z   platform: macos
2022-12-27T11:13:28.0998460Z   architectures: arm64[0m
2022-12-27T11:13:28.0999050Z   build_selector: 
2022-12-27T11:13:28.1000470Z     build_config: cp311-macosx_arm64
2022-12-27T11:13:28.1001120Z     skip_config: 
2022-12-27T11:13:28.1001390Z     requires_python: None
2022-12-27T11:13:28.1001730Z     prerelease_pythons: False[0m
2022-12-27T11:13:28.1002110Z   [38;5;244mcontainer_engine: docker[0m
2022-12-27T11:13:28.1002710Z   output_dir: /Users/runner/actions-runner/_work/python.build/python.build/build_lxml30311/wheelsout[0m
2022-12-27T11:13:28.1003280Z   package_dir: /Users/runner/actions-runner/_work/python.build/python.build/build_lxml30311/lxml-3.0[0m
2022-12-27T11:13:28.1003640Z   test_selector: 
2022-12-27T11:13:28.1003970Z     skip_config: *_arm64[0m
2022-12-27T11:13:28.1004250Z   [38;5;244mbefore_all: [0m
2022-12-27T11:13:28.1004890Z   before_build: pip install Cython; if [[ -f requirements.txt ]]; then pip install -r requirements.txt; fi[0m
2022-12-27T11:13:28.1005360Z   [38;5;244mbefore_test: [0m
2022-12-27T11:13:28.1005700Z   [38;5;244mbuild_frontend: pip[0m
2022-12-27T11:13:28.1006070Z   build_verbosity: 3[0m
2022-12-27T11:13:28.1006420Z   [38;5;244mconfig_settings: [0m
2022-12-27T11:13:28.1006890Z   [38;5;244mdependency_constraints: pinned[0m
2022-12-27T11:13:28.1007130Z   environment: 
2022-12-27T11:13:28.1007430Z     CFLAGS="-I/usr/local/opt/openssl@3/include"
2022-12-27T11:13:28.1007740Z     LDFLAGS="-L/usr/local/opt/openssl@3/lib"
2022-12-27T11:13:28.1008030Z     CPPFLAGS="-I/usr/local/opt/openssl@3/include"
2022-12-27T11:13:28.1008440Z     MAKEFLAGS="-j$(sysctl -n hw.logicalcpu)"
2022-12-27T11:13:28.1008760Z     PATH=/usr/local/opt/ccache/libexec:$PATH[0m
2022-12-27T11:13:28.1009020Z   [38;5;244mmanylinux_images: None[0m
2022-12-27T11:13:28.1009300Z   [38;5;244mmusllinux_images: None[0m
2022-12-27T11:13:28.1009770Z   [38;5;244mrepair_command: delocate-wheel --require-archs {delocate_archs} -w {dest_dir} -v {wheel}[0m
2022-12-27T11:13:28.1010110Z   [38;5;244mtest_command: [0m
2022-12-27T11:13:28.1010340Z   [38;5;244mtest_extras: [0m
2022-12-27T11:13:28.1010610Z   [38;5;244mtest_requires: [0m
2022-12-27T11:13:28.1010740Z 
2022-12-27T11:13:28.1010870Z Cache folder: /Users/runner/Library/Caches/cibuildwheel
2022-12-27T11:13:28.1012580Z 
2022-12-27T11:13:28.1012890Z Here we go!
2022-12-27T11:13:28.1013320Z 
2022-12-27T11:13:28.1060350Z 
2022-12-27T11:13:28.1060730Z [1m[34mBuilding cp311-macosx_arm64 wheel[0m
2022-12-27T11:13:28.1061120Z CPython 3.11 macOS arm64 - Apple Silicon
2022-12-27T11:13:28.1061300Z 
2022-12-27T11:13:28.1063770Z ##[group]Installing Python cp311...
2022-12-27T11:13:28.1064020Z 
2022-12-27T11:13:28.1064230Z + pkgutil --pkgs
2022-12-27T11:13:28.1166660Z ##[endgroup]
2022-12-27T11:13:28.1167670Z                                                               [32mâœ“ [0m0.01s
2022-12-27T11:13:28.1168200Z ##[group]Setting up build environment...
2022-12-27T11:13:28.1168360Z 
2022-12-27T11:13:28.1185110Z + /Library/Frameworks/Python.framework/Versions/3.11/bin/python -sS /Users/runner/Library/Caches/cibuildwheel/virtualenv-20.17.0.pyz --activators= --no-periodic-update --pip=22.3.1 --setuptools=65.6.3 --wheel=0.38.4 --symlink-app-data --python /Library/Frameworks/Python.framework/Versions/3.11/bin/python3 /private/var/folders/51/hd414ycd67n82196sw51xqtc0000gn/T/cibw-run-drkptf5n/cp311-macosx_arm64/build/venv
2022-12-27T11:13:28.3016680Z created virtual environment CPython3.11.1.final.0-64 in 45ms
2022-12-27T11:13:28.3017250Z   creator CPython3Posix(dest=/private/var/folders/51/hd414ycd67n82196sw51xqtc0000gn/T/cibw-run-drkptf5n/cp311-macosx_arm64/build/venv, clear=False, no_vcs_ignore=False, global=False)
2022-12-27T11:13:28.3017650Z   seeder FromAppData(download=False, pip=22.3.1, setuptools=65.6.3, wheel=0.38.4, via=symlink, app_data_dir=/Users/runner/Library/Application Support/virtualenv)
2022-12-27T11:13:28.3017950Z     added seed packages: pip==22.3.1, setuptools==65.6.3, wheel==0.38.4
2022-12-27T11:13:28.3138010Z + python -m pip install --upgrade pip -c /Library/Frameworks/Python.framework/Versions/3.11/lib/python3.11/site-packages/cibuildwheel/resources/constraints-python311.txt
2022-12-27T11:13:28.5750650Z Requirement already satisfied: pip in ./lib/python3.11/site-packages (22.3.1)
2022-12-27T11:13:28.6997770Z + which pip
2022-12-27T11:13:28.7015160Z /private/var/folders/51/hd414ycd67n82196sw51xqtc0000gn/T/cibw-run-drkptf5n/cp311-macosx_arm64/build/venv/bin/pip
2022-12-27T11:13:28.7017430Z + pip --version
2022-12-27T11:13:28.8921380Z pip 22.3.1 from /private/var/folders/51/hd414ycd67n82196sw51xqtc0000gn/T/cibw-run-drkptf5n/cp311-macosx_arm64/build/venv/lib/python3.11/site-packages/pip (python 3.11)
2022-12-27T11:13:28.9161150Z + which pip
2022-12-27T11:13:28.9188090Z + which python
2022-12-27T11:13:28.9205250Z /private/var/folders/51/hd414ycd67n82196sw51xqtc0000gn/T/cibw-run-drkptf5n/cp311-macosx_arm64/build/venv/bin/python
2022-12-27T11:13:28.9207280Z + python --version
2022-12-27T11:13:28.9264820Z Python 3.11.1
2022-12-27T11:13:28.9267640Z + which python
2022-12-27T11:13:28.9319110Z ##[endgroup]
2022-12-27T11:13:28.9319620Z                                                               [32mâœ“ [0m0.82s
2022-12-27T11:13:28.9320160Z ##[group]Installing build tools...
2022-12-27T11:13:28.9320330Z 
2022-12-27T11:13:28.9320830Z + pip install --upgrade setuptools wheel delocate -c /Library/Frameworks/Python.framework/Versions/3.11/lib/python3.11/site-packages/cibuildwheel/resources/constraints-python311.txt
2022-12-27T11:13:29.2008270Z Requirement already satisfied: setuptools in /private/var/folders/51/hd414ycd67n82196sw51xqtc0000gn/T/cibw-run-drkptf5n/cp311-macosx_arm64/build/venv/lib/python3.11/site-packages (65.6.3)
2022-12-27T11:13:29.3724690Z Requirement already satisfied: wheel in /private/var/folders/51/hd414ycd67n82196sw51xqtc0000gn/T/cibw-run-drkptf5n/cp311-macosx_arm64/build/venv/lib/python3.11/site-packages (0.38.4)
2022-12-27T11:13:29.4177570Z Collecting delocate
2022-12-27T11:13:29.4199790Z   Using cached delocate-0.10.3-py3-none-any.whl (142 kB)
2022-12-27T11:13:29.4457680Z Collecting packaging>=20.9
2022-12-27T11:13:29.4477350Z   Using cached packaging-21.3-py3-none-any.whl (40 kB)
2022-12-27T11:13:29.4641070Z Collecting typing-extensions
2022-12-27T11:13:29.4660280Z   Using cached typing_extensions-4.4.0-py3-none-any.whl (26 kB)
2022-12-27T11:13:29.4950110Z Collecting pyparsing!=3.0.5,>=2.0.2
2022-12-27T11:13:29.4966520Z   Using cached pyparsing-3.0.9-py3-none-any.whl (98 kB)
2022-12-27T11:13:29.5522520Z Installing collected packages: typing-extensions, pyparsing, packaging, delocate
2022-12-27T11:13:29.6809610Z Successfully installed delocate-0.10.3 packaging-21.3 pyparsing-3.0.9 typing-extensions-4.4.0
2022-12-27T11:13:29.7284040Z ##[endgroup]
2022-12-27T11:13:29.7284790Z                                                               [32mâœ“ [0m0.80s
2022-12-27T11:13:29.7285270Z ##[group]Running before_build...
2022-12-27T11:13:29.7285450Z 
2022-12-27T11:13:29.7290190Z + pip install Cython; if [[ -f requirements.txt ]]; then pip install -r requirements.txt; fi
2022-12-27T11:13:30.2885080Z Collecting Cython
2022-12-27T11:13:30.2928990Z   Using cached Cython-0.29.32-py2.py3-none-any.whl (986 kB)
2022-12-27T11:13:30.3322430Z Installing collected packages: Cython
2022-12-27T11:13:30.7454160Z Successfully installed Cython-0.29.32
2022-12-27T11:13:30.7904020Z ##[endgroup]
2022-12-27T11:13:30.7904690Z                                                               [32mâœ“ [0m1.06s
2022-12-27T11:13:30.7905280Z ##[group]Building wheel...
2022-12-27T11:13:30.7905420Z 
2022-12-27T11:13:30.7909290Z + python -m pip wheel /Users/runner/actions-runner/_work/python.build/python.build/build_lxml30311/lxml-3.0 --wheel-dir=/private/var/folders/51/hd414ycd67n82196sw51xqtc0000gn/T/cibw-run-drkptf5n/cp311-macosx_arm64/built_wheel --no-deps -vvv
2022-12-27T11:13:31.0316040Z Created temporary directory: /private/var/folders/51/hd414ycd67n82196sw51xqtc0000gn/T/pip-ephem-wheel-cache-dt7xtmlf
2022-12-27T11:13:31.0320600Z Created temporary directory: /private/var/folders/51/hd414ycd67n82196sw51xqtc0000gn/T/pip-build-tracker-jsph0u6i
2022-12-27T11:13:31.0322420Z Initialized build tracking at /private/var/folders/51/hd414ycd67n82196sw51xqtc0000gn/T/pip-build-tracker-jsph0u6i
2022-12-27T11:13:31.0323400Z Created build tracker: /private/var/folders/51/hd414ycd67n82196sw51xqtc0000gn/T/pip-build-tracker-jsph0u6i
2022-12-27T11:13:31.0324690Z Entered build tracker: /private/var/folders/51/hd414ycd67n82196sw51xqtc0000gn/T/pip-build-tracker-jsph0u6i
2022-12-27T11:13:31.0327550Z Created temporary directory: /private/var/folders/51/hd414ycd67n82196sw51xqtc0000gn/T/pip-wheel-lmj1a8qx
2022-12-27T11:13:31.0332320Z Created temporary directory: /private/var/folders/51/hd414ycd67n82196sw51xqtc0000gn/T/pip-ephem-wheel-cache-g6u45jv8
2022-12-27T11:13:31.0402970Z Processing /Users/runner/actions-runner/_work/python.build/python.build/build_lxml30311/lxml-3.0
2022-12-27T11:13:31.0407630Z   Added file:///Users/runner/actions-runner/_work/python.build/python.build/build_lxml30311/lxml-3.0 to build tracker '/private/var/folders/51/hd414ycd67n82196sw51xqtc0000gn/T/pip-build-tracker-jsph0u6i'
2022-12-27T11:13:31.0410650Z   Running setup.py (path:/Users/runner/actions-runner/_work/python.build/python.build/build_lxml30311/lxml-3.0/setup.py) egg_info for package from file:///Users/runner/actions-runner/_work/python.build/python.build/build_lxml30311/lxml-3.0
2022-12-27T11:13:31.0413120Z   Created temporary directory: /private/var/folders/51/hd414ycd67n82196sw51xqtc0000gn/T/pip-pip-egg-info-14vh7xjr
2022-12-27T11:13:31.0414320Z   Preparing metadata (setup.py): started
2022-12-27T11:13:31.0415840Z   Running command python setup.py egg_info
2022-12-27T11:13:31.3729950Z   Building lxml version 3.0.
2022-12-27T11:13:31.3730530Z   Building without Cython.
2022-12-27T11:13:31.3732200Z   Using build configuration of libxslt 1.1.29
2022-12-27T11:13:31.3733140Z   Building against libxml2/libxslt in the following directory: /Library/Developer/CommandLineTools/SDKs/MacOSX12.1.sdk/usr/lib
2022-12-27T11:13:31.3734320Z   running egg_info
2022-12-27T11:13:31.3736450Z   creating /private/var/folders/51/hd414ycd67n82196sw51xqtc0000gn/T/pip-pip-egg-info-14vh7xjr/lxml.egg-info
2022-12-27T11:13:31.3737350Z   writing /private/var/folders/51/hd414ycd67n82196sw51xqtc0000gn/T/pip-pip-egg-info-14vh7xjr/lxml.egg-info/PKG-INFO
2022-12-27T11:13:31.3741880Z   writing dependency_links to /private/var/folders/51/hd414ycd67n82196sw51xqtc0000gn/T/pip-pip-egg-info-14vh7xjr/lxml.egg-info/dependency_links.txt
2022-12-27T11:13:31.3745160Z   writing top-level names to /private/var/folders/51/hd414ycd67n82196sw51xqtc0000gn/T/pip-pip-egg-info-14vh7xjr/lxml.egg-info/top_level.txt
2022-12-27T11:13:31.3746640Z   writing manifest file '/private/var/folders/51/hd414ycd67n82196sw51xqtc0000gn/T/pip-pip-egg-info-14vh7xjr/lxml.egg-info/SOURCES.txt'
2022-12-27T11:13:31.3815810Z   reading manifest file '/private/var/folders/51/hd414ycd67n82196sw51xqtc0000gn/T/pip-pip-egg-info-14vh7xjr/lxml.egg-info/SOURCES.txt'
2022-12-27T11:13:31.3817800Z   reading manifest template 'MANIFEST.in'
2022-12-27T11:13:31.4101070Z   warning: no files found matching '*.txt' under directory 'src/lxml/tests'
2022-12-27T11:13:31.4599880Z   adding license file 'LICENSES.txt'
2022-12-27T11:13:31.4648940Z   writing manifest file '/private/var/folders/51/hd414ycd67n82196sw51xqtc0000gn/T/pip-pip-egg-info-14vh7xjr/lxml.egg-info/SOURCES.txt'
2022-12-27T11:13:31.4909130Z   Preparing metadata (setup.py): finished with status 'done'
2022-12-27T11:13:31.4930900Z   Source in /Users/runner/actions-runner/_work/python.build/python.build/build_lxml30311/lxml-3.0 has version 3.0, which satisfies requirement lxml==3.0 from file:///Users/runner/actions-runner/_work/python.build/python.build/build_lxml30311/lxml-3.0
2022-12-27T11:13:31.4933730Z   Removed lxml==3.0 from file:///Users/runner/actions-runner/_work/python.build/python.build/build_lxml30311/lxml-3.0 from build tracker '/private/var/folders/51/hd414ycd67n82196sw51xqtc0000gn/T/pip-build-tracker-jsph0u6i'
2022-12-27T11:13:31.4948690Z Created temporary directory: /private/var/folders/51/hd414ycd67n82196sw51xqtc0000gn/T/pip-unpack-5svn4cct
2022-12-27T11:13:31.4951320Z Building wheels for collected packages: lxml
2022-12-27T11:13:31.4957020Z   Created temporary directory: /private/var/folders/51/hd414ycd67n82196sw51xqtc0000gn/T/pip-wheel-vcy45t1y
2022-12-27T11:13:31.4957920Z   Building wheel for lxml (setup.py): started
2022-12-27T11:13:31.5067860Z   Destination directory: /private/var/folders/51/hd414ycd67n82196sw51xqtc0000gn/T/pip-wheel-vcy45t1y
2022-12-27T11:13:31.5068550Z   Running command python setup.py bdist_wheel
2022-12-27T11:13:31.7148240Z   Building lxml version 3.0.
2022-12-27T11:13:31.7148830Z   Building without Cython.
2022-12-27T11:13:31.7278600Z   Using build configuration of libxslt 1.1.29
2022-12-27T11:13:31.8171120Z   Building against libxml2/libxslt in the following directory: /Library/Developer/CommandLineTools/SDKs/MacOSX12.1.sdk/usr/lib
2022-12-27T11:13:31.8380120Z   running bdist_wheel
2022-12-27T11:13:31.8414370Z   running build
2022-12-27T11:13:31.8415640Z   running build_py
2022-12-27T11:13:31.8433300Z   creating build
2022-12-27T11:13:31.8435030Z   creating build/lib.macosx-11.0-arm64-cpython-311
2022-12-27T11:13:31.8436470Z   creating build/lib.macosx-11.0-arm64-cpython-311/lxml
2022-12-27T11:13:31.8437720Z   copying src/lxml/_elementpath.py -> build/lib.macosx-11.0-arm64-cpython-311/lxml
2022-12-27T11:13:31.8440230Z   copying src/lxml/sax.py -> build/lib.macosx-11.0-arm64-cpython-311/lxml
2022-12-27T11:13:31.8442480Z   copying src/lxml/pyclasslookup.py -> build/lib.macosx-11.0-arm64-cpython-311/lxml
2022-12-27T11:13:31.8444910Z   copying src/lxml/__init__.py -> build/lib.macosx-11.0-arm64-cpython-311/lxml
2022-12-27T11:13:31.8446830Z   copying src/lxml/builder.py -> build/lib.macosx-11.0-arm64-cpython-311/lxml
2022-12-27T11:13:31.8449920Z   copying src/lxml/doctestcompare.py -> build/lib.macosx-11.0-arm64-cpython-311/lxml
2022-12-27T11:13:31.8451960Z   copying src/lxml/usedoctest.py -> build/lib.macosx-11.0-arm64-cpython-311/lxml
2022-12-27T11:13:31.8454290Z   copying src/lxml/cssselect.py -> build/lib.macosx-11.0-arm64-cpython-311/lxml
2022-12-27T11:13:31.8456480Z   copying src/lxml/ElementInclude.py -> build/lib.macosx-11.0-arm64-cpython-311/lxml
2022-12-27T11:13:31.8460250Z   creating build/lib.macosx-11.0-arm64-cpython-311/lxml/includes
2022-12-27T11:13:31.8461220Z   copying src/lxml/includes/__init__.py -> build/lib.macosx-11.0-arm64-cpython-311/lxml/includes
2022-12-27T11:13:31.8466980Z   creating build/lib.macosx-11.0-arm64-cpython-311/lxml/html
2022-12-27T11:13:31.8468310Z   copying src/lxml/html/soupparser.py -> build/lib.macosx-11.0-arm64-cpython-311/lxml/html
2022-12-27T11:13:31.8470750Z   copying src/lxml/html/defs.py -> build/lib.macosx-11.0-arm64-cpython-311/lxml/html
2022-12-27T11:13:31.8472460Z   copying src/lxml/html/_setmixin.py -> build/lib.macosx-11.0-arm64-cpython-311/lxml/html
2022-12-27T11:13:31.8475170Z   copying src/lxml/html/clean.py -> build/lib.macosx-11.0-arm64-cpython-311/lxml/html
2022-12-27T11:13:31.8477440Z   copying src/lxml/html/_diffcommand.py -> build/lib.macosx-11.0-arm64-cpython-311/lxml/html
2022-12-27T11:13:31.8479680Z   copying src/lxml/html/html5parser.py -> build/lib.macosx-11.0-arm64-cpython-311/lxml/html
2022-12-27T11:13:31.8481700Z   copying src/lxml/html/__init__.py -> build/lib.macosx-11.0-arm64-cpython-311/lxml/html
2022-12-27T11:13:31.8484230Z   copying src/lxml/html/formfill.py -> build/lib.macosx-11.0-arm64-cpython-311/lxml/html
2022-12-27T11:13:31.8486640Z   copying src/lxml/html/builder.py -> build/lib.macosx-11.0-arm64-cpython-311/lxml/html
2022-12-27T11:13:31.8488990Z   copying src/lxml/html/ElementSoup.py -> build/lib.macosx-11.0-arm64-cpython-311/lxml/html
2022-12-27T11:13:31.8490860Z   copying src/lxml/html/_html5builder.py -> build/lib.macosx-11.0-arm64-cpython-311/lxml/html
2022-12-27T11:13:31.8493150Z   copying src/lxml/html/usedoctest.py -> build/lib.macosx-11.0-arm64-cpython-311/lxml/html
2022-12-27T11:13:31.8495580Z   copying src/lxml/html/diff.py -> build/lib.macosx-11.0-arm64-cpython-311/lxml/html
2022-12-27T11:13:31.8499320Z   creating build/lib.macosx-11.0-arm64-cpython-311/lxml/isoschematron
2022-12-27T11:13:31.8500740Z   copying src/lxml/isoschematron/__init__.py -> build/lib.macosx-11.0-arm64-cpython-311/lxml/isoschematron
2022-12-27T11:13:31.8520650Z   copying src/lxml/lxml.etree.h -> build/lib.macosx-11.0-arm64-cpython-311/lxml
2022-12-27T11:13:31.8523330Z   copying src/lxml/lxml.etree_api.h -> build/lib.macosx-11.0-arm64-cpython-311/lxml
2022-12-27T11:13:31.8526150Z   copying src/lxml/includes/xmlerror.pxd -> build/lib.macosx-11.0-arm64-cpython-311/lxml/includes
2022-12-27T11:13:31.8529100Z   copying src/lxml/includes/c14n.pxd -> build/lib.macosx-11.0-arm64-cpython-311/lxml/includes
2022-12-27T11:13:31.8531250Z   copying src/lxml/includes/xmlschema.pxd -> build/lib.macosx-11.0-arm64-cpython-311/lxml/includes
2022-12-27T11:13:31.8533790Z   copying src/lxml/includes/schematron.pxd -> build/lib.macosx-11.0-arm64-cpython-311/lxml/includes
2022-12-27T11:13:31.8536580Z   copying src/lxml/includes/tree.pxd -> build/lib.macosx-11.0-arm64-cpython-311/lxml/includes
2022-12-27T11:13:31.8538890Z   copying src/lxml/includes/uri.pxd -> build/lib.macosx-11.0-arm64-cpython-311/lxml/includes
2022-12-27T11:13:31.8541960Z   copying src/lxml/includes/etreepublic.pxd -> build/lib.macosx-11.0-arm64-cpython-311/lxml/includes
2022-12-27T11:13:31.8544660Z   copying src/lxml/includes/xpath.pxd -> build/lib.macosx-11.0-arm64-cpython-311/lxml/includes
2022-12-27T11:13:31.8547690Z   copying src/lxml/includes/htmlparser.pxd -> build/lib.macosx-11.0-arm64-cpython-311/lxml/includes
2022-12-27T11:13:31.8549870Z   copying src/lxml/includes/xslt.pxd -> build/lib.macosx-11.0-arm64-cpython-311/lxml/includes
2022-12-27T11:13:31.8552520Z   copying src/lxml/includes/config.pxd -> build/lib.macosx-11.0-arm64-cpython-311/lxml/includes
2022-12-27T11:13:31.8554590Z   copying src/lxml/includes/xmlparser.pxd -> build/lib.macosx-11.0-arm64-cpython-311/lxml/includes
2022-12-27T11:13:31.8557300Z   copying src/lxml/includes/xinclude.pxd -> build/lib.macosx-11.0-arm64-cpython-311/lxml/includes
2022-12-27T11:13:31.8559680Z   copying src/lxml/includes/dtdvalid.pxd -> build/lib.macosx-11.0-arm64-cpython-311/lxml/includes
2022-12-27T11:13:31.8561830Z   copying src/lxml/includes/relaxng.pxd -> build/lib.macosx-11.0-arm64-cpython-311/lxml/includes
2022-12-27T11:13:31.8564540Z   copying src/lxml/includes/lxml-version.h -> build/lib.macosx-11.0-arm64-cpython-311/lxml/includes
2022-12-27T11:13:31.8566880Z   copying src/lxml/includes/etree_defs.h -> build/lib.macosx-11.0-arm64-cpython-311/lxml/includes
2022-12-27T11:13:31.8569950Z   creating build/lib.macosx-11.0-arm64-cpython-311/lxml/isoschematron/resources
2022-12-27T11:13:31.8571000Z   creating build/lib.macosx-11.0-arm64-cpython-311/lxml/isoschematron/resources/rng
2022-12-27T11:13:31.8572290Z   copying src/lxml/isoschematron/resources/rng/iso-schematron.rng -> build/lib.macosx-11.0-arm64-cpython-311/lxml/isoschematron/resources/rng
2022-12-27T11:13:31.8574820Z   creating build/lib.macosx-11.0-arm64-cpython-311/lxml/isoschematron/resources/xsl
2022-12-27T11:13:31.8576540Z   copying src/lxml/isoschematron/resources/xsl/XSD2Schtrn.xsl -> build/lib.macosx-11.0-arm64-cpython-311/lxml/isoschematron/resources/xsl
2022-12-27T11:13:31.8578490Z   copying src/lxml/isoschematron/resources/xsl/RNG2Schtrn.xsl -> build/lib.macosx-11.0-arm64-cpython-311/lxml/isoschematron/resources/xsl
2022-12-27T11:13:31.8581320Z   creating build/lib.macosx-11.0-arm64-cpython-311/lxml/isoschematron/resources/xsl/iso-schematron-xslt1
2022-12-27T11:13:31.8583560Z   copying src/lxml/isoschematron/resources/xsl/iso-schematron-xslt1/iso_abstract_expand.xsl -> build/lib.macosx-11.0-arm64-cpython-311/lxml/isoschematron/resources/xsl/iso-schematron-xslt1
2022-12-27T11:13:31.8585250Z   copying src/lxml/isoschematron/resources/xsl/iso-schematron-xslt1/iso_dsdl_include.xsl -> build/lib.macosx-11.0-arm64-cpython-311/lxml/isoschematron/resources/xsl/iso-schematron-xslt1
2022-12-27T11:13:31.8588120Z   copying src/lxml/isoschematron/resources/xsl/iso-schematron-xslt1/iso_schematron_skeleton_for_xslt1.xsl -> build/lib.macosx-11.0-arm64-cpython-311/lxml/isoschematron/resources/xsl/iso-schematron-xslt1
2022-12-27T11:13:31.8591010Z   copying src/lxml/isoschematron/resources/xsl/iso-schematron-xslt1/iso_svrl_for_xslt1.xsl -> build/lib.macosx-11.0-arm64-cpython-311/lxml/isoschematron/resources/xsl/iso-schematron-xslt1
2022-12-27T11:13:31.8594180Z   copying src/lxml/isoschematron/resources/xsl/iso-schematron-xslt1/iso_schematron_message.xsl -> build/lib.macosx-11.0-arm64-cpython-311/lxml/isoschematron/resources/xsl/iso-schematron-xslt1
2022-12-27T11:13:31.8596460Z   copying src/lxml/isoschematron/resources/xsl/iso-schematron-xslt1/readme.txt -> build/lib.macosx-11.0-arm64-cpython-311/lxml/isoschematron/resources/xsl/iso-schematron-xslt1
2022-12-27T11:13:31.8606510Z   running build_ext
2022-12-27T11:13:31.8717030Z   building 'lxml.etree' extension
2022-12-27T11:13:31.8718440Z   creating build/temp.macosx-11.0-arm64-cpython-311
2022-12-27T11:13:31.8719790Z   creating build/temp.macosx-11.0-arm64-cpython-311/src
2022-12-27T11:13:31.8720940Z   creating build/temp.macosx-11.0-arm64-cpython-311/src/lxml
2022-12-27T11:13:31.8723790Z   clang -Wsign-compare -Wunreachable-code -fno-common -dynamic -DNDEBUG -g -fwrapv -O3 -Wall -g -I/usr/local/opt/openssl@3/include -I/usr/local/opt/openssl@3/include -arch arm64 -I/Library/Developer/CommandLineTools/SDKs/MacOSX12.1.sdk/usr/include -I/Users/runner/actions-runner/_work/python.build/python.build/build_lxml30311/lxml-3.0/src/lxml/includes -I/private/var/folders/51/hd414ycd67n82196sw51xqtc0000gn/T/cibw-run-drkptf5n/cp311-macosx_arm64/build/venv/include -I/Library/Frameworks/Python.framework/Versions/3.11/include/python3.11 -c src/lxml/lxml.etree.c -o build/temp.macosx-11.0-arm64-cpython-311/src/lxml/lxml.etree.o -flat_namespace
2022-12-27T11:13:31.8872730Z   clang: warning: argument unused during compilation: '-flat_namespace' [-Wunused-command-line-argument]
2022-12-27T11:13:31.9632040Z   src/lxml/lxml.etree.c:3955:20: error: expression is not assignable
2022-12-27T11:13:31.9632680Z           Py_SIZE(L) -= 1;
2022-12-27T11:13:31.9634360Z           ~~~~~~~~~~ ^
2022-12-27T11:13:31.9701660Z   src/lxml/lxml.etree.c:4007:23: error: expression is not assignable
2022-12-27T11:13:31.9702050Z           Py_SIZE(list) = len+1;
2022-12-27T11:13:31.9702870Z           ~~~~~~~~~~~~~ ^
2022-12-27T11:13:31.9989280Z   src/lxml/lxml.etree.c:18621:15: warning: incompatible pointer types passing 'PySliceObject *' to parameter of type 'PyObject *' (aka 'struct _object *') [-Wincompatible-pointer-types]
2022-12-27T11:13:31.9990630Z     __pyx_t_3 = PySlice_GetIndicesEx(((PySliceObject *)__pyx_v_sliceobject), __pyx_v_childcount, (&__pyx_v_start), (&__pyx_v_stop), __pyx_v_c_step, __pyx_v_c_length); if (unlikely(__pyx_t_3 == -1)) {__pyx_filename = __pyx_f[4]; __pyx_lineno = 725; __pyx_clineno = __LINE__; goto __pyx_L1_error;}
2022-12-27T11:13:31.9991590Z                 ^~~~~~~~~~~~~~~~~~~~~~~~~~~~~~~~~~~~~~~~~~~~~~~~~~~~~~~~~~~~~~~~~~~~~~~~~~~~~~~~~~~~~~~~~~~~~~~~~~~~~~~~~~~~~~~~~~~~~~~~~~~~~~~~~~~~~~~~~~~~~~~~~~~~~
2022-12-27T11:13:31.9993400Z   /Library/Frameworks/Python.framework/Versions/3.11/include/python3.11/sliceobject.h:51:20: note: expanded from macro 'PySlice_GetIndicesEx'
2022-12-27T11:13:31.9994210Z       PySlice_Unpack((slice), (start), (stop), (step)) < 0 ?                  \
2022-12-27T11:13:31.9995440Z                      ^~~~~~~
2022-12-27T11:13:31.9996990Z   /Library/Frameworks/Python.framework/Versions/3.11/include/python3.11/sliceobject.h:55:42: note: passing argument to parameter 'slice' here
2022-12-27T11:13:31.9997870Z   PyAPI_FUNC(int) PySlice_Unpack(PyObject *slice,
2022-12-27T11:13:31.9999020Z                                            ^
2022-12-27T11:13:32.0602130Z   src/lxml/lxml.etree.c:40593:33: warning: equality comparison with extraneous parentheses [-Wparentheses-equality]
2022-12-27T11:13:32.0603350Z         if ((__pyx_v_c_ns->prefix == NULL)) {
2022-12-27T11:13:32.0604440Z              ~~~~~~~~~~~~~~~~~~~~~^~~~~~~
2022-12-27T11:13:32.0606000Z   src/lxml/lxml.etree.c:40593:33: note: remove extraneous parentheses around the comparison to silence this warning
2022-12-27T11:13:32.0607590Z         if ((__pyx_v_c_ns->prefix == NULL)) {
2022-12-27T11:13:32.0608220Z             ~                     ^      ~
2022-12-27T11:13:32.0609500Z   src/lxml/lxml.etree.c:40593:33: note: use '=' to turn this equality comparison into an assignment
2022-12-27T11:13:32.0610310Z         if ((__pyx_v_c_ns->prefix == NULL)) {
2022-12-27T11:13:32.0611260Z                                   ^~
2022-12-27T11:13:32.0612190Z                                   =
2022-12-27T11:13:32.0613660Z   src/lxml/lxml.etree.c:40623:33: warning: equality comparison with extraneous parentheses [-Wparentheses-equality]
2022-12-27T11:13:32.0614640Z           if ((__pyx_v_c_ns->href == NULL)) {
2022-12-27T11:13:32.0615440Z                ~~~~~~~~~~~~~~~~~~~^~~~~~~
2022-12-27T11:13:32.0616630Z   src/lxml/lxml.etree.c:40623:33: note: remove extraneous parentheses around the comparison to silence this warning
2022-12-27T11:13:32.0617550Z           if ((__pyx_v_c_ns->href == NULL)) {
2022-12-27T11:13:32.0618490Z               ~                   ^      ~
2022-12-27T11:13:32.0619700Z   src/lxml/lxml.etree.c:40623:33: note: use '=' to turn this equality comparison into an assignment
2022-12-27T11:13:32.0620720Z           if ((__pyx_v_c_ns->href == NULL)) {
2022-12-27T11:13:32.0621500Z                                   ^~
2022-12-27T11:13:32.0622730Z                                   =
2022-12-27T11:13:32.1922830Z   src/lxml/lxml.etree.c:78733:15: warning: 'PyUnicode_GET_DATA_SIZE' is deprecated [-Wdeprecated-declarations]
2022-12-27T11:13:32.1923630Z     __pyx_v_l = PyUnicode_GET_DATA_SIZE(((PyObject *)__pyx_v_utext));
2022-12-27T11:13:32.1924770Z                 ^
2022-12-27T11:13:32.1926840Z   /Library/Frameworks/Python.framework/Versions/3.11/include/python3.11/cpython/unicodeobject.h:676:39: note: expanded from macro 'PyUnicode_GET_DATA_SIZE'
2022-12-27T11:13:32.1927620Z   #  define PyUnicode_GET_DATA_SIZE(op) PyUnicode_GET_DATA_SIZE(_PyObject_CAST(op))
2022-12-27T11:13:32.1928620Z                                         ^
2022-12-27T11:13:32.1930040Z   /Library/Frameworks/Python.framework/Versions/3.11/include/python3.11/cpython/unicodeobject.h:667:1: note: 'PyUnicode_GET_DATA_SIZE' has been explicitly marked deprecated here
2022-12-27T11:13:32.1930760Z   Py_DEPRECATED(3.3)
2022-12-27T11:13:32.1931440Z   ^
2022-12-27T11:13:32.1932860Z   /Library/Frameworks/Python.framework/Versions/3.11/include/python3.11/pyport.h:336:54: note: expanded from macro 'Py_DEPRECATED'
2022-12-27T11:13:32.1933470Z   #define Py_DEPRECATED(VERSION_UNUSED) __attribute__((__deprecated__))
2022-12-27T11:13:32.1934590Z                                                        ^
2022-12-27T11:13:32.1935750Z   src/lxml/lxml.etree.c:78742:20: warning: 'PyUnicode_AS_DATA' is deprecated [-Wdeprecated-declarations]
2022-12-27T11:13:32.1936610Z     __pyx_v_buffer = PyUnicode_AS_DATA(((PyObject *)__pyx_v_utext));
2022-12-27T11:13:32.1937390Z                      ^
2022-12-27T11:13:32.1938680Z   /Library/Frameworks/Python.framework/Versions/3.11/include/python3.11/cpython/unicodeobject.h:712:33: note: expanded from macro 'PyUnicode_AS_DATA'
2022-12-27T11:13:32.1939450Z   #  define PyUnicode_AS_DATA(op) PyUnicode_AS_DATA(_PyObject_CAST(op))
2022-12-27T11:13:32.1940400Z                                   ^
2022-12-27T11:13:32.1941690Z   /Library/Frameworks/Python.framework/Versions/3.11/include/python3.11/cpython/unicodeobject.h:701:1: note: 'PyUnicode_AS_DATA' has been explicitly marked deprecated here
2022-12-27T11:13:32.1942380Z   Py_DEPRECATED(3.3)
2022-12-27T11:13:32.1943360Z   ^
2022-12-27T11:13:32.1944660Z   /Library/Frameworks/Python.framework/Versions/3.11/include/python3.11/pyport.h:336:54: note: expanded from macro 'Py_DEPRECATED'
2022-12-27T11:13:32.1945370Z   #define Py_DEPRECATED(VERSION_UNUSED) __attribute__((__deprecated__))
2022-12-27T11:13:32.1946560Z                                                        ^
2022-12-27T11:13:32.2086410Z   src/lxml/lxml.etree.c:85610:27: warning: 'PyUnicode_GET_DATA_SIZE' is deprecated [-Wdeprecated-declarations]
2022-12-27T11:13:32.2087560Z     __pyx_v_py_buffer_len = PyUnicode_GET_DATA_SIZE(__pyx_v_utext);
2022-12-27T11:13:32.2088620Z                             ^
2022-12-27T11:13:32.2090450Z   /Library/Frameworks/Python.framework/Versions/3.11/include/python3.11/cpython/unicodeobject.h:676:39: note: expanded from macro 'PyUnicode_GET_DATA_SIZE'
2022-12-27T11:13:32.2091360Z   #  define PyUnicode_GET_DATA_SIZE(op) PyUnicode_GET_DATA_SIZE(_PyObject_CAST(op))
2022-12-27T11:13:32.2092440Z                                         ^
2022-12-27T11:13:32.2094150Z   /Library/Frameworks/Python.framework/Versions/3.11/include/python3.11/cpython/unicodeobject.h:667:1: note: 'PyUnicode_GET_DATA_SIZE' has been explicitly marked deprecated here
2022-12-27T11:13:32.2094990Z   Py_DEPRECATED(3.3)
2022-12-27T11:13:32.2096200Z   ^
2022-12-27T11:13:32.2097700Z   /Library/Frameworks/Python.framework/Versions/3.11/include/python3.11/pyport.h:336:54: note: expanded from macro 'Py_DEPRECATED'
2022-12-27T11:13:32.2098660Z   #define Py_DEPRECATED(VERSION_UNUSED) __attribute__((__deprecated__))
2022-12-27T11:13:32.2099600Z                                                        ^
2022-12-27T11:13:32.2100950Z   src/lxml/lxml.etree.c:85727:22: warning: 'PyUnicode_AS_DATA' is deprecated [-Wdeprecated-declarations]
2022-12-27T11:13:32.2101680Z       __pyx_v_c_text = PyUnicode_AS_DATA(__pyx_v_utext);
2022-12-27T11:13:32.2102630Z                        ^
2022-12-27T11:13:32.2103820Z   /Library/Frameworks/Python.framework/Versions/3.11/include/python3.11/cpython/unicodeobject.h:712:33: note: expanded from macro 'PyUnicode_AS_DATA'
2022-12-27T11:13:32.2104590Z   #  define PyUnicode_AS_DATA(op) PyUnicode_AS_DATA(_PyObject_CAST(op))
2022-12-27T11:13:32.2105520Z                                   ^
2022-12-27T11:13:32.2106710Z   /Library/Frameworks/Python.framework/Versions/3.11/include/python3.11/cpython/unicodeobject.h:701:1: note: 'PyUnicode_AS_DATA' has been explicitly marked deprecated here
2022-12-27T11:13:32.2107400Z   Py_DEPRECATED(3.3)
2022-12-27T11:13:32.2108510Z   ^
2022-12-27T11:13:32.2109810Z   /Library/Frameworks/Python.framework/Versions/3.11/include/python3.11/pyport.h:336:54: note: expanded from macro 'Py_DEPRECATED'
2022-12-27T11:13:32.2110560Z   #define Py_DEPRECATED(VERSION_UNUSED) __attribute__((__deprecated__))
2022-12-27T11:13:32.2111670Z                                                        ^
2022-12-27T11:13:32.2118370Z   src/lxml/lxml.etree.c:87014:22: warning: 'PyUnicode_AS_DATA' is deprecated [-Wdeprecated-declarations]
2022-12-27T11:13:32.2119150Z       __pyx_v_c_data = PyUnicode_AS_DATA(__pyx_v_data);
2022-12-27T11:13:32.2120250Z                        ^
2022-12-27T11:13:32.2121600Z   /Library/Frameworks/Python.framework/Versions/3.11/include/python3.11/cpython/unicodeobject.h:712:33: note: expanded from macro 'PyUnicode_AS_DATA'
2022-12-27T11:13:32.2122450Z   #  define PyUnicode_AS_DATA(op) PyUnicode_AS_DATA(_PyObject_CAST(op))
2022-12-27T11:13:32.2123310Z                                   ^
2022-12-27T11:13:32.2124640Z   /Library/Frameworks/Python.framework/Versions/3.11/include/python3.11/cpython/unicodeobject.h:701:1: note: 'PyUnicode_AS_DATA' has been explicitly marked deprecated here
2022-12-27T11:13:32.2125300Z   Py_DEPRECATED(3.3)
2022-12-27T11:13:32.2126260Z   ^
2022-12-27T11:13:32.2127590Z   /Library/Frameworks/Python.framework/Versions/3.11/include/python3.11/pyport.h:336:54: note: expanded from macro 'Py_DEPRECATED'
2022-12-27T11:13:32.2128360Z   #define Py_DEPRECATED(VERSION_UNUSED) __attribute__((__deprecated__))
2022-12-27T11:13:32.2129320Z                                                        ^
2022-12-27T11:13:32.2130460Z   src/lxml/lxml.etree.c:87023:29: warning: 'PyUnicode_GET_DATA_SIZE' is deprecated [-Wdeprecated-declarations]
2022-12-27T11:13:32.2131260Z       __pyx_v_py_buffer_len = PyUnicode_GET_DATA_SIZE(__pyx_v_data);
2022-12-27T11:13:32.2132220Z                               ^
2022-12-27T11:13:32.2133720Z   /Library/Frameworks/Python.framework/Versions/3.11/include/python3.11/cpython/unicodeobject.h:676:39: note: expanded from macro 'PyUnicode_GET_DATA_SIZE'
2022-12-27T11:13:32.2134380Z   #  define PyUnicode_GET_DATA_SIZE(op) PyUnicode_GET_DATA_SIZE(_PyObject_CAST(op))
2022-12-27T11:13:32.2135300Z                                         ^
2022-12-27T11:13:32.2136600Z   /Library/Frameworks/Python.framework/Versions/3.11/include/python3.11/cpython/unicodeobject.h:667:1: note: 'PyUnicode_GET_DATA_SIZE' has been explicitly marked deprecated here
2022-12-27T11:13:32.2137180Z   Py_DEPRECATED(3.3)
2022-12-27T11:13:32.2138160Z   ^
2022-12-27T11:13:32.2139630Z   /Library/Frameworks/Python.framework/Versions/3.11/include/python3.11/pyport.h:336:54: note: expanded from macro 'Py_DEPRECATED'
2022-12-27T11:13:32.2140370Z   #define Py_DEPRECATED(VERSION_UNUSED) __attribute__((__deprecated__))
2022-12-27T11:13:32.2141320Z                                                        ^
2022-12-27T11:13:32.2185380Z   src/lxml/lxml.etree.c:89373:21: warning: 'PyUnicode_GET_DATA_SIZE' is deprecated [-Wdeprecated-declarations]
2022-12-27T11:13:32.2186420Z       __pyx_v_c_len = PyUnicode_GET_DATA_SIZE(__pyx_v_text);
2022-12-27T11:13:32.2187660Z                       ^
2022-12-27T11:13:32.2189320Z   /Library/Frameworks/Python.framework/Versions/3.11/include/python3.11/cpython/unicodeobject.h:676:39: note: expanded from macro 'PyUnicode_GET_DATA_SIZE'
2022-12-27T11:13:32.2190290Z   #  define PyUnicode_GET_DATA_SIZE(op) PyUnicode_GET_DATA_SIZE(_PyObject_CAST(op))
2022-12-27T11:13:32.2191430Z                                         ^
2022-12-27T11:13:32.2193050Z   /Library/Frameworks/Python.framework/Versions/3.11/include/python3.11/cpython/unicodeobject.h:667:1: note: 'PyUnicode_GET_DATA_SIZE' has been explicitly marked deprecated here
2022-12-27T11:13:32.2193820Z   Py_DEPRECATED(3.3)
2022-12-27T11:13:32.2195130Z   ^
2022-12-27T11:13:32.2196620Z   /Library/Frameworks/Python.framework/Versions/3.11/include/python3.11/pyport.h:336:54: note: expanded from macro 'Py_DEPRECATED'
2022-12-27T11:13:32.2197540Z   #define Py_DEPRECATED(VERSION_UNUSED) __attribute__((__deprecated__))
2022-12-27T11:13:32.2198600Z                                                        ^
2022-12-27T11:13:32.2413170Z   src/lxml/lxml.etree.c:98424:126: error: implicit declaration of function 'xmlBufLength' is invalid in C99 [-Werror,-Wimplicit-function-declaration]
2022-12-27T11:13:32.2414770Z         __pyx_t_6 = ((PyObject *)__Pyx_decode_c_string(((char *)((unsigned char *)xmlBufContent(__pyx_v_c_result_buffer))), 0, xmlBufLength(__pyx_v_c_result_buffer), NULL, NULL, PyUnicode_DecodeUTF8)); if (unlikely(!__pyx_t_6)) {__pyx_filename = __pyx_f[6]; __pyx_lineno = 137; __pyx_clineno = __LINE__; goto __pyx_L16;}
2022-12-27T11:13:32.2416860Z                                                                                                                                ^
2022-12-27T11:13:32.2431500Z   src/lxml/lxml.etree.c:98424:126: note: did you mean 'xmlBufferLength'?
2022-12-27T11:13:32.2432800Z   /Library/Developer/CommandLineTools/SDKs/MacOSX12.1.sdk/usr/include/libxml/tree.h:746:3: note: 'xmlBufferLength' declared here
2022-12-27T11:13:32.2433570Z                   xmlBufferLength         (const xmlBuffer *buf);
2022-12-27T11:13:32.2434500Z                   ^
2022-12-27T11:13:32.2436080Z   src/lxml/lxml.etree.c:98439:123: error: implicit declaration of function 'xmlBufLength' is invalid in C99 [-Werror,-Wimplicit-function-declaration]
2022-12-27T11:13:32.2437240Z         __pyx_t_6 = PyBytes_FromStringAndSize(((const char*)((unsigned char *)xmlBufContent(__pyx_v_c_result_buffer))) + 0, xmlBufLength(__pyx_v_c_result_buffer) - 0); if (unlikely(!__pyx_t_6)) {__pyx_filename = __pyx_f[6]; __pyx_lineno = 140; __pyx_clineno = __LINE__; goto __pyx_L16;}
2022-12-27T11:13:32.2438620Z                                                                                                                             ^
2022-12-27T11:13:32.2990970Z   src/lxml/lxml.etree.c:116604:25: warning: equality comparison with extraneous parentheses [-Wparentheses-equality]
2022-12-27T11:13:32.2992060Z     if ((__pyx_v_c_ns_uri == NULL)) {
2022-12-27T11:13:32.2993070Z          ~~~~~~~~~~~~~~~~~^~~~~~~
2022-12-27T11:13:32.2995130Z   src/lxml/lxml.etree.c:116604:25: note: remove extraneous parentheses around the comparison to silence this warning
2022-12-27T11:13:32.2996040Z     if ((__pyx_v_c_ns_uri == NULL)) {
2022-12-27T11:13:32.2997240Z         ~                 ^      ~
2022-12-27T11:13:32.2998680Z   src/lxml/lxml.etree.c:116604:25: note: use '=' to turn this equality comparison into an assignment
2022-12-27T11:13:32.2999170Z     if ((__pyx_v_c_ns_uri == NULL)) {
2022-12-27T11:13:32.3000160Z                           ^~
2022-12-27T11:13:32.3001060Z                           =
2022-12-27T11:13:32.3552750Z   src/lxml/lxml.etree.c:132418:72: warning: incompatible pointer types passing 'struct __pyx_obj_4lxml_5etree__BaseContext *' to parameter of type 'struct __pyx_obj_4lxml_5etree__XSLTContext *' [-Wincompatible-pointer-types]
2022-12-27T11:13:32.3554430Z       __pyx_t_1 = ((PyObject *)__pyx_f_4lxml_5etree_12_XSLTContext__copy(((struct __pyx_obj_4lxml_5etree__BaseContext *)__pyx_v_self->_context))); if (unlikely(!__pyx_t_1)) {__pyx_filename = __pyx_f[2]; __pyx_lineno = 543; __pyx_clineno = __LINE__; goto __pyx_L9;}
2022-12-27T11:13:32.3555730Z                                                                          ^~~~~~~~~~~~~~~~~~~~~~~~~~~~~~~~~~~~~~~~~~~~~~~~~~~~~~~~~~~~~~~~~~~~~~
2022-12-27T11:13:32.3557520Z   src/lxml/lxml.etree.c:130379:138: note: passing argument to parameter '__pyx_v_self' here
2022-12-27T11:13:32.3558850Z   static struct __pyx_obj_4lxml_5etree__BaseContext *__pyx_f_4lxml_5etree_12_XSLTContext__copy(struct __pyx_obj_4lxml_5etree__XSLTContext *__pyx_v_self) {
2022-12-27T11:13:32.3560880Z                                                                                                                                            ^
2022-12-27T11:13:32.3588550Z   src/lxml/lxml.etree.c:133807:70: warning: incompatible pointer types passing 'struct __pyx_obj_4lxml_5etree__BaseContext *' to parameter of type 'struct __pyx_obj_4lxml_5etree__XSLTContext *' [-Wincompatible-pointer-types]
2022-12-27T11:13:32.3589600Z     __pyx_t_1 = ((PyObject *)__pyx_f_4lxml_5etree_12_XSLTContext__copy(((struct __pyx_obj_4lxml_5etree__BaseContext *)__pyx_v_stylesheet->_context))); if (unlikely(!__pyx_t_1)) {__pyx_filename = __pyx_f[2]; __pyx_lineno = 680; __pyx_clineno = __LINE__; goto __pyx_L1_error;}
2022-12-27T11:13:32.3591140Z                                                                        ^~~~~~~~~~~~~~~~~~~~~~~~~~~~~~~~~~~~~~~~~~~~~~~~~~~~~~~~~~~~~~~~~~~~~~~~~~~~
2022-12-27T11:13:32.3592570Z   src/lxml/lxml.etree.c:130379:138: note: passing argument to parameter '__pyx_v_self' here
2022-12-27T11:13:32.3593670Z   static struct __pyx_obj_4lxml_5etree__BaseContext *__pyx_f_4lxml_5etree_12_XSLTContext__copy(struct __pyx_obj_4lxml_5etree__XSLTContext *__pyx_v_self) {
2022-12-27T11:13:32.3596040Z                                                                                                                                            ^
2022-12-27T11:13:32.3714950Z   src/lxml/lxml.etree.c:137912:73: warning: format string is not a string literal (potentially insecure) [-Wformat-security]
2022-12-27T11:13:32.3715730Z             xsltTransformError(__pyx_v_c_ctxt, NULL, __pyx_v_c_inst_node, __pyx_t_23);
2022-12-27T11:13:32.3717390Z                                                                           ^~~~~~~~~~
2022-12-27T11:13:32.3718430Z   src/lxml/lxml.etree.c:137912:73: note: treat the string as an argument to avoid this
2022-12-27T11:13:32.3719320Z             xsltTransformError(__pyx_v_c_ctxt, NULL, __pyx_v_c_inst_node, __pyx_t_23);
2022-12-27T11:13:32.3720230Z                                                                           ^
2022-12-27T11:13:32.3721280Z                                                                           "%s",
2022-12-27T11:13:32.3722520Z   src/lxml/lxml.etree.c:137962:73: warning: format string is not a string literal (potentially insecure) [-Wformat-security]
2022-12-27T11:13:32.3723590Z             xsltTransformError(__pyx_v_c_ctxt, NULL, __pyx_v_c_inst_node, __pyx_t_23);
2022-12-27T11:13:32.3724570Z                                                                           ^~~~~~~~~~
2022-12-27T11:13:32.3725630Z   src/lxml/lxml.etree.c:137962:73: note: treat the string as an argument to avoid this
2022-12-27T11:13:32.3726630Z             xsltTransformError(__pyx_v_c_ctxt, NULL, __pyx_v_c_inst_node, __pyx_t_23);
2022-12-27T11:13:32.3727530Z                                                                           ^
2022-12-27T11:13:32.3728400Z                                                                           "%s",
2022-12-27T11:13:32.3729740Z   src/lxml/lxml.etree.c:138026:69: warning: format string is not a string literal (potentially insecure) [-Wformat-security]
2022-12-27T11:13:32.3730520Z         xsltTransformError(__pyx_v_c_ctxt, NULL, __pyx_v_c_inst_node, __pyx_k_344);
2022-12-27T11:13:32.3731660Z                                                                       ^~~~~~~~~~~
2022-12-27T11:13:32.3732680Z   src/lxml/lxml.etree.c:138026:69: note: treat the string as an argument to avoid this
2022-12-27T11:13:32.3733820Z         xsltTransformError(__pyx_v_c_ctxt, NULL, __pyx_v_c_inst_node, __pyx_k_344);
2022-12-27T11:13:32.3734660Z                                                                       ^
2022-12-27T11:13:32.3735830Z                                                                       "%s",
2022-12-27T11:13:32.4162920Z   src/lxml/lxml.etree.c:151689:5: error: expression is not assignable
2022-12-27T11:13:32.4163990Z       ++Py_REFCNT(o);
2022-12-27T11:13:32.4165410Z       ^ ~~~~~~~~~~~~
2022-12-27T11:13:32.4167160Z   src/lxml/lxml.etree.c:151692:5: error: expression is not assignable
2022-12-27T11:13:32.4168070Z       --Py_REFCNT(o);
2022-12-27T11:13:32.4169230Z       ^ ~~~~~~~~~~~~
2022-12-27T11:13:32.4170390Z   src/lxml/lxml.etree.c:151897:5: error: expression is not assignable
2022-12-27T11:13:32.4171520Z       ++Py_REFCNT(o);
2022-12-27T11:13:32.4172410Z       ^ ~~~~~~~~~~~~
2022-12-27T11:13:32.4173650Z   src/lxml/lxml.etree.c:151900:5: error: expression is not assignable
2022-12-27T11:13:32.4174600Z       --Py_REFCNT(o);
2022-12-27T11:13:32.4175460Z       ^ ~~~~~~~~~~~~
2022-12-27T11:13:32.4290800Z   src/lxml/lxml.etree.c:156624:5: error: expression is not assignable
2022-12-27T11:13:32.4291880Z       ++Py_REFCNT(o);
2022-12-27T11:13:32.4293440Z       ^ ~~~~~~~~~~~~
2022-12-27T11:13:32.4294320Z   src/lxml/lxml.etree.c:156627:5: error: expression is not assignable
2022-12-27T11:13:32.4295790Z       --Py_REFCNT(o);
2022-12-27T11:13:32.4296750Z       ^ ~~~~~~~~~~~~
2022-12-27T11:13:32.4445870Z   src/lxml/lxml.etree.c:164214:5: error: expression is not assignable
2022-12-27T11:13:32.4446810Z       ++Py_REFCNT(o);
2022-12-27T11:13:32.4448290Z       ^ ~~~~~~~~~~~~
2022-12-27T11:13:32.4449130Z   src/lxml/lxml.etree.c:164217:5: error: expression is not assignable
2022-12-27T11:13:32.4450510Z       --Py_REFCNT(o);
2022-12-27T11:13:32.4451340Z       ^ ~~~~~~~~~~~~
2022-12-27T11:13:32.4460110Z   src/lxml/lxml.etree.c:164818:5: error: expression is not assignable
2022-12-27T11:13:32.4461110Z       ++Py_REFCNT(o);
2022-12-27T11:13:32.4462080Z       ^ ~~~~~~~~~~~~
2022-12-27T11:13:32.4463140Z   src/lxml/lxml.etree.c:164821:5: error: expression is not assignable
2022-12-27T11:13:32.4464200Z       --Py_REFCNT(o);
2022-12-27T11:13:32.4465250Z       ^ ~~~~~~~~~~~~
2022-12-27T11:13:32.4470840Z   src/lxml/lxml.etree.c:165231:5: error: expression is not assignable
2022-12-27T11:13:32.4471840Z       ++Py_REFCNT(o);
2022-12-27T11:13:32.4472800Z       ^ ~~~~~~~~~~~~
2022-12-27T11:13:32.4473860Z   src/lxml/lxml.etree.c:165234:5: error: expression is not assignable
2022-12-27T11:13:32.4474910Z       --Py_REFCNT(o);
2022-12-27T11:13:32.4475800Z       ^ ~~~~~~~~~~~~
2022-12-27T11:13:32.4476890Z   src/lxml/lxml.etree.c:165418:5: error: expression is not assignable
2022-12-27T11:13:32.4477860Z       ++Py_REFCNT(o);
2022-12-27T11:13:32.4478790Z       ^ ~~~~~~~~~~~~
2022-12-27T11:13:32.4480030Z   src/lxml/lxml.etree.c:165421:5: error: expression is not assignable
2022-12-27T11:13:32.4480750Z       --Py_REFCNT(o);
2022-12-27T11:13:32.4481670Z       ^ ~~~~~~~~~~~~
2022-12-27T11:13:32.4593500Z   src/lxml/lxml.etree.c:169489:5: error: expression is not assignable
2022-12-27T11:13:32.4594850Z       ++Py_REFCNT(o);
2022-12-27T11:13:32.4595980Z       ^ ~~~~~~~~~~~~
2022-12-27T11:13:32.4597350Z   fatal error: too many errors emitted, stopping now [-ferror-limit=]
2022-12-27T11:13:32.5405010Z   16 warnings and 20 errors generated.
2022-12-27T11:13:32.5448590Z   error: command '/usr/bin/clang' failed with exit code 1
2022-12-27T11:13:32.5812470Z   error: subprocess-exited-with-error
2022-12-27T11:13:32.5812660Z   
2022-12-27T11:13:32.5812960Z   Ã— python setup.py bdist_wheel did not run successfully.
2022-12-27T11:13:32.5813280Z   â”‚ exit code: 1
2022-12-27T11:13:32.5813490Z   â•°â”€> See above for output.
2022-12-27T11:13:32.5813640Z   
2022-12-27T11:13:32.5813930Z   note: This error originates from a subprocess, and is likely not a problem with pip.
2022-12-27T11:13:32.5818820Z   full command: /private/var/folders/51/hd414ycd67n82196sw51xqtc0000gn/T/cibw-run-drkptf5n/cp311-macosx_arm64/build/venv/bin/python -u -c '
2022-12-27T11:13:32.5819220Z   exec(compile('"'"''"'"''"'"'
2022-12-27T11:13:32.5819590Z   # This is <pip-setuptools-caller> -- a caller that pip uses to run setup.py
2022-12-27T11:13:32.5819820Z   #
2022-12-27T11:13:32.5820140Z   # - It imports setuptools before invoking setup.py, to enable projects that directly
2022-12-27T11:13:32.5820480Z   #   import from `distutils.core` to work with newer packaging standards.
2022-12-27T11:13:32.5820780Z   # - It provides a clear error message when setuptools is not installed.
2022-12-27T11:13:32.5821060Z   # - It sets `sys.argv[0]` to the underlying `setup.py`, when invoking `setup.py` so
2022-12-27T11:13:32.5821340Z   #   setuptools doesn'"'"'t think the script is `-c`. This avoids the following warning:
2022-12-27T11:13:32.5821790Z   #     manifest_maker: standard file '"'"'-c'"'"' not found".
2022-12-27T11:13:32.5822070Z   # - It generates a shim setup.py, for handling setup.cfg-only projects.
2022-12-27T11:13:32.5822250Z   import os, sys, tokenize
2022-12-27T11:13:32.5822820Z   
2022-12-27T11:13:32.5822930Z   try:
2022-12-27T11:13:32.5823050Z       import setuptools
2022-12-27T11:13:32.5823180Z   except ImportError as error:
2022-12-27T11:13:32.5823310Z       print(
2022-12-27T11:13:32.5823480Z           "ERROR: Can not execute `setup.py` since setuptools is not available in "
2022-12-27T11:13:32.5823650Z           "the build environment.",
2022-12-27T11:13:32.5823790Z           file=sys.stderr,
2022-12-27T11:13:32.5823900Z       )
2022-12-27T11:13:32.5824000Z       sys.exit(1)
2022-12-27T11:13:32.5824110Z   
2022-12-27T11:13:32.5824210Z   __file__ = %r
2022-12-27T11:13:32.5824330Z   sys.argv[0] = __file__
2022-12-27T11:13:32.5824440Z   
2022-12-27T11:13:32.5824560Z   if os.path.exists(__file__):
2022-12-27T11:13:32.5824690Z       filename = __file__
2022-12-27T11:13:32.5824830Z       with tokenize.open(__file__) as f:
2022-12-27T11:13:32.5824980Z           setup_py_code = f.read()
2022-12-27T11:13:32.5825090Z   else:
2022-12-27T11:13:32.5825300Z       filename = "<auto-generated setuptools caller>"
2022-12-27T11:13:32.5825490Z       setup_py_code = "from setuptools import setup; setup()"
2022-12-27T11:13:32.5825630Z   
2022-12-27T11:13:32.5825750Z   exec(compile(setup_py_code, filename, "exec"))
2022-12-27T11:13:32.5826220Z   '"'"''"'"''"'"' % ('"'"'/Users/runner/actions-runner/_work/python.build/python.build/build_lxml30311/lxml-3.0/setup.py'"'"',), "<pip-setuptools-caller>", "exec"))' bdist_wheel -d /private/var/folders/51/hd414ycd67n82196sw51xqtc0000gn/T/pip-wheel-vcy45t1y
2022-12-27T11:13:32.5826650Z   cwd: /Users/runner/actions-runner/_work/python.build/python.build/build_lxml30311/lxml-3.0/
2022-12-27T11:13:32.5826840Z   ERROR: Failed building wheel for lxml
2022-12-27T11:13:32.5826990Z   Running command python setup.py clean
2022-12-27T11:13:32.5827400Z   Building wheel for lxml (setup.py): finished with status 'error'
2022-12-27T11:13:32.5827600Z   Running setup.py clean for lxml
2022-12-27T11:13:32.7870800Z   Building lxml version 3.0.
2022-12-27T11:13:32.7871570Z   Building without Cython.
2022-12-27T11:13:32.7993980Z   Using build configuration of libxslt 1.1.29
2022-12-27T11:13:32.8884200Z   Building against libxml2/libxslt in the following directory: /Library/Developer/CommandLineTools/SDKs/MacOSX12.1.sdk/usr/lib
2022-12-27T11:13:32.8997090Z   running clean
2022-12-27T11:13:32.9019670Z   removing 'build/temp.macosx-11.0-arm64-cpython-311' (and everything under it)
2022-12-27T11:13:32.9023190Z   removing 'build/lib.macosx-11.0-arm64-cpython-311' (and everything under it)
2022-12-27T11:13:32.9064210Z   'build/bdist.macosx-11.0-arm64' does not exist -- can't clean it
2022-12-27T11:13:32.9065560Z   'build/scripts-3.11' does not exist -- can't clean it
2022-12-27T11:13:32.9066940Z   removing 'build'
2022-12-27T11:13:32.9323840Z Failed to build lxml
2022-12-27T11:13:32.9327460Z ERROR: Failed to build one or more wheels
2022-12-27T11:13:32.9339560Z Exception information:
2022-12-27T11:13:32.9339700Z Traceback (most recent call last):
2022-12-27T11:13:32.9346110Z   File "/private/var/folders/51/hd414ycd67n82196sw51xqtc0000gn/T/cibw-run-drkptf5n/cp311-macosx_arm64/build/venv/lib/python3.11/site-packages/pip/_internal/cli/base_command.py", line 160, in exc_logging_wrapper
2022-12-27T11:13:32.9346420Z     status = run_func(*args)
2022-12-27T11:13:32.9346540Z              ^^^^^^^^^^^^^^^
2022-12-27T11:13:32.9347040Z   File "/private/var/folders/51/hd414ycd67n82196sw51xqtc0000gn/T/cibw-run-drkptf5n/cp311-macosx_arm64/build/venv/lib/python3.11/site-packages/pip/_internal/cli/req_command.py", line 247, in wrapper
2022-12-27T11:13:32.9347280Z     return func(self, options, args)
2022-12-27T11:13:32.9347440Z            ^^^^^^^^^^^^^^^^^^^^^^^^^
2022-12-27T11:13:32.9347910Z   File "/private/var/folders/51/hd414ycd67n82196sw51xqtc0000gn/T/cibw-run-drkptf5n/cp311-macosx_arm64/build/venv/lib/python3.11/site-packages/pip/_internal/commands/wheel.py", line 201, in run
2022-12-27T11:13:32.9348270Z     raise CommandError("Failed to build one or more wheels")
2022-12-27T11:13:32.9348860Z pip._internal.exceptions.CommandError: Failed to build one or more wheels
2022-12-27T11:13:32.9349270Z Removed build tracker: '/private/var/folders/51/hd414ycd67n82196sw51xqtc0000gn/T/pip-build-tracker-jsph0u6i'
2022-12-27T11:13:32.9791040Z ##[endgroup]
2022-12-27T11:13:32.9814290Z ##[error]Command ['python', '-m', 'pip', 'wheel', '/Users/runner/actions-runner/_work/python.build/python.build/build_lxml30311/lxml-3.0', '--wheel-dir=/private/var/folders/51/hd414ycd67n82196sw51xqtc0000gn/T/cibw-run-drkptf5n/cp311-macosx_arm64/built_wheel', '--no-deps', '-vvv'] failed with code 1. None
2022-12-27T11:13:32.9820330Z 
2022-12-27T11:13:32.9820650Z                                                               [31mâœ• [0m2.19s
2022-12-27T11:13:33.0260730Z ##[error]Process completed with exit code 1.
2022-12-27T11:13:33.0290210Z ##[group]Run rm -rf build_lxml30311 wheelsout
2022-12-27T11:13:33.0290380Z [36;1mrm -rf build_lxml30311 wheelsout[0m
2022-12-27T11:13:33.0305810Z shell: /bin/bash -e {0}
2022-12-27T11:13:33.0305930Z env:
2022-12-27T11:13:33.0306070Z   pythonLocation: /Users/runner/hostedtoolcache/Python/3.11.1/x64
2022-12-27T11:13:33.0306260Z   PKG_CONFIG_PATH: /Users/runner/hostedtoolcache/Python/3.11.1/x64/lib/pkgconfig
2022-12-27T11:13:33.0306450Z   Python_ROOT_DIR: /Users/runner/hostedtoolcache/Python/3.11.1/x64
2022-12-27T11:13:33.0306610Z   Python2_ROOT_DIR: /Users/runner/hostedtoolcache/Python/3.11.1/x64
2022-12-27T11:13:33.0306770Z   Python3_ROOT_DIR: /Users/runner/hostedtoolcache/Python/3.11.1/x64
2022-12-27T11:13:33.0306900Z ##[endgroup]
2022-12-27T11:13:33.0795620Z Cleaning up orphan processes
