2022-12-27T08:57:31.4711975Z Requested labels: self-hosted, macOS, X64
2022-12-27T08:57:31.4712068Z Job defined at: kilnbuild/python.build/.github/workflows/mac_arm_build.yml@refs/heads/main
2022-12-27T08:57:31.4712093Z Waiting for a runner to pick up this job...
2022-12-27T11:39:46.3418929Z Job is about to start running on the runner: s1 (organization)
2022-12-27T11:39:50.1547490Z Current runner version: '2.300.2'
2022-12-27T11:39:50.1552470Z Runner name: 's1'
2022-12-27T11:39:50.1552730Z Runner group name: 'Default'
2022-12-27T11:39:50.1553230Z Machine name: 's1'
2022-12-27T11:39:50.1554810Z ##[group]GITHUB_TOKEN Permissions
2022-12-27T11:39:50.1555250Z Actions: write
2022-12-27T11:39:50.1555400Z Checks: write
2022-12-27T11:39:50.1555530Z Contents: write
2022-12-27T11:39:50.1555680Z Deployments: write
2022-12-27T11:39:50.1555820Z Discussions: write
2022-12-27T11:39:50.1555950Z Issues: write
2022-12-27T11:39:50.1556080Z Metadata: read
2022-12-27T11:39:50.1556220Z Packages: write
2022-12-27T11:39:50.1556360Z Pages: write
2022-12-27T11:39:50.1556510Z PullRequests: write
2022-12-27T11:39:50.1556680Z RepositoryProjects: write
2022-12-27T11:39:50.1556840Z SecurityEvents: write
2022-12-27T11:39:50.1556990Z Statuses: write
2022-12-27T11:39:50.1557130Z ##[endgroup]
2022-12-27T11:39:50.1559630Z Secret source: Actions
2022-12-27T11:39:50.1559970Z Prepare workflow directory
2022-12-27T11:39:50.2223530Z Prepare all required actions
2022-12-27T11:39:50.2345260Z Getting action download info
2022-12-27T11:39:50.6697630Z Download action repository 'actions/setup-python@v4' (SHA:5ccb29d8773c3f3f653e1705f474dfaa8a06a912)
2022-12-27T11:39:52.4345660Z Download action repository 'actions/upload-artifact@v3' (SHA:83fd05a356d7e2593de66fc9913b3002723633cb)
2022-12-27T11:39:53.7554850Z ##[group]Run echo '{
2022-12-27T11:39:53.7555210Z [36;1mecho '{[0m
2022-12-27T11:39:53.7555350Z [36;1m  "package_name": "lxml",[0m
2022-12-27T11:39:53.7555610Z [36;1m  "package_url": "https://files.pythonhosted.org/packages/76/a6/90af8ad550008c90a34e391953e03bb7604276a662e032b7d2afe2750cc6/lxml-3.3.0.tar.gz",[0m
2022-12-27T11:39:53.7555820Z [36;1m  "package_version": "3.3.0",[0m
2022-12-27T11:39:53.7556010Z [36;1m  "python_version": "3.9",[0m
2022-12-27T11:39:53.7556170Z [36;1m  "use_ccache": "true"[0m
2022-12-27T11:39:53.7556310Z [36;1m}'[0m
2022-12-27T11:39:53.7571990Z shell: /bin/bash -e {0}
2022-12-27T11:39:53.7572140Z ##[endgroup]
2022-12-27T11:39:53.7790450Z {
2022-12-27T11:39:53.7791890Z   "package_name": "lxml",
2022-12-27T11:39:53.7792590Z   "package_url": "https://files.pythonhosted.org/packages/76/a6/90af8ad550008c90a34e391953e03bb7604276a662e032b7d2afe2750cc6/lxml-3.3.0.tar.gz",
2022-12-27T11:39:53.7792880Z   "package_version": "3.3.0",
2022-12-27T11:39:53.7793230Z   "python_version": "3.9",
2022-12-27T11:39:53.7793400Z   "use_ccache": "true"
2022-12-27T11:39:53.7793570Z }
2022-12-27T11:39:53.8019310Z ##[group]Run actions/setup-python@v4
2022-12-27T11:39:53.8019540Z with:
2022-12-27T11:39:53.8019730Z   python-version: 3.9
2022-12-27T11:39:53.8019970Z   check-latest: false
2022-12-27T11:39:53.8020250Z   token: ***
2022-12-27T11:39:53.8020450Z   update-environment: true
2022-12-27T11:39:53.8020640Z ##[endgroup]
2022-12-27T11:39:53.9319570Z ##[group]Installed versions
2022-12-27T11:39:53.9361600Z Successfully set up CPython (3.9.16)
2022-12-27T11:39:53.9362470Z ##[endgroup]
2022-12-27T11:39:53.9507490Z ##[group]Run if [ "true" == "true" ]
2022-12-27T11:39:53.9508420Z [36;1mif [ "true" == "true" ][0m
2022-12-27T11:39:53.9508700Z [36;1mthen[0m
2022-12-27T11:39:53.9508900Z [36;1m  echo "CCACHE_PATH_PREPEND=/usr/local/opt/ccache/libexec" >> $GITHUB_OUTPUT[0m
2022-12-27T11:39:53.9509350Z [36;1melse[0m
2022-12-27T11:39:53.9509570Z [36;1m  echo "CCACHE_PATH_PREPEND=" >> $GITHUB_OUTPUT[0m
2022-12-27T11:39:53.9510010Z [36;1mfi[0m
2022-12-27T11:39:53.9527100Z shell: /bin/bash -e {0}
2022-12-27T11:39:53.9527330Z env:
2022-12-27T11:39:53.9527530Z   pythonLocation: /Users/runner/hostedtoolcache/Python/3.9.16/x64
2022-12-27T11:39:53.9527810Z   PKG_CONFIG_PATH: /Users/runner/hostedtoolcache/Python/3.9.16/x64/lib/pkgconfig
2022-12-27T11:39:53.9528090Z   Python_ROOT_DIR: /Users/runner/hostedtoolcache/Python/3.9.16/x64
2022-12-27T11:39:53.9528420Z   Python2_ROOT_DIR: /Users/runner/hostedtoolcache/Python/3.9.16/x64
2022-12-27T11:39:53.9528700Z   Python3_ROOT_DIR: /Users/runner/hostedtoolcache/Python/3.9.16/x64
2022-12-27T11:39:53.9529360Z ##[endgroup]
2022-12-27T11:39:53.9634700Z ##[group]Run echo "BUILD_NAME=$(echo lxml_3.3.0_3.9 | tr -dc '[:alnum:]\n\r' | tr '[:upper:]' '[:lower:]')" >> $GITHUB_OUTPUT
2022-12-27T11:39:53.9635190Z [36;1mecho "BUILD_NAME=$(echo lxml_3.3.0_3.9 | tr -dc '[:alnum:]\n\r' | tr '[:upper:]' '[:lower:]')" >> $GITHUB_OUTPUT[0m
2022-12-27T11:39:53.9648890Z shell: /bin/bash -e {0}
2022-12-27T11:39:53.9649110Z env:
2022-12-27T11:39:53.9649340Z   pythonLocation: /Users/runner/hostedtoolcache/Python/3.9.16/x64
2022-12-27T11:39:53.9649620Z   PKG_CONFIG_PATH: /Users/runner/hostedtoolcache/Python/3.9.16/x64/lib/pkgconfig
2022-12-27T11:39:53.9649930Z   Python_ROOT_DIR: /Users/runner/hostedtoolcache/Python/3.9.16/x64
2022-12-27T11:39:53.9650190Z   Python2_ROOT_DIR: /Users/runner/hostedtoolcache/Python/3.9.16/x64
2022-12-27T11:39:53.9650440Z   Python3_ROOT_DIR: /Users/runner/hostedtoolcache/Python/3.9.16/x64
2022-12-27T11:39:53.9650610Z ##[endgroup]
2022-12-27T11:39:53.9791240Z ##[group]Run echo "PYTHON_NO_DOTS=$(echo 3.9 | tr -dc '[:alnum:]\n\r' | tr '[:upper:]' '[:lower:]')" >> $GITHUB_OUTPUT
2022-12-27T11:39:53.9791660Z [36;1mecho "PYTHON_NO_DOTS=$(echo 3.9 | tr -dc '[:alnum:]\n\r' | tr '[:upper:]' '[:lower:]')" >> $GITHUB_OUTPUT[0m
2022-12-27T11:39:53.9806040Z shell: /bin/bash -e {0}
2022-12-27T11:39:53.9806210Z env:
2022-12-27T11:39:53.9806390Z   pythonLocation: /Users/runner/hostedtoolcache/Python/3.9.16/x64
2022-12-27T11:39:53.9806640Z   PKG_CONFIG_PATH: /Users/runner/hostedtoolcache/Python/3.9.16/x64/lib/pkgconfig
2022-12-27T11:39:53.9806850Z   Python_ROOT_DIR: /Users/runner/hostedtoolcache/Python/3.9.16/x64
2022-12-27T11:39:53.9807100Z   Python2_ROOT_DIR: /Users/runner/hostedtoolcache/Python/3.9.16/x64
2022-12-27T11:39:53.9807320Z   Python3_ROOT_DIR: /Users/runner/hostedtoolcache/Python/3.9.16/x64
2022-12-27T11:39:53.9807490Z ##[endgroup]
2022-12-27T11:39:53.9920990Z ##[group]Run rm -rf build_lxml33039
2022-12-27T11:39:53.9921380Z [36;1mrm -rf build_lxml33039[0m
2022-12-27T11:39:53.9921540Z [36;1mmkdir build_lxml33039[0m
2022-12-27T11:39:53.9921750Z [36;1mcd build_lxml33039[0m
2022-12-27T11:39:53.9922060Z [36;1m/usr/local/bin/wget --quiet https://files.pythonhosted.org/packages/76/a6/90af8ad550008c90a34e391953e03bb7604276a662e032b7d2afe2750cc6/lxml-3.3.0.tar.gz[0m
2022-12-27T11:39:53.9922330Z [36;1mtar xf *.tar.gz[0m
2022-12-27T11:39:53.9922480Z [36;1mcd *[0m
2022-12-27T11:39:53.9922670Z [36;1mpython -m pip install cibuildwheel==2.11.3[0m
2022-12-27T11:39:53.9922890Z [36;1mpython -m cibuildwheel --output-dir ../wheelsout[0m
2022-12-27T11:39:53.9936690Z shell: /bin/bash -e {0}
2022-12-27T11:39:53.9936850Z env:
2022-12-27T11:39:53.9937060Z   pythonLocation: /Users/runner/hostedtoolcache/Python/3.9.16/x64
2022-12-27T11:39:53.9937330Z   PKG_CONFIG_PATH: /Users/runner/hostedtoolcache/Python/3.9.16/x64/lib/pkgconfig
2022-12-27T11:39:53.9937640Z   Python_ROOT_DIR: /Users/runner/hostedtoolcache/Python/3.9.16/x64
2022-12-27T11:39:53.9937880Z   Python2_ROOT_DIR: /Users/runner/hostedtoolcache/Python/3.9.16/x64
2022-12-27T11:39:53.9938090Z   Python3_ROOT_DIR: /Users/runner/hostedtoolcache/Python/3.9.16/x64
2022-12-27T11:39:53.9938290Z   CIBW_ARCHS_MACOS: arm64
2022-12-27T11:39:53.9938470Z   CIBW_TEST_SKIP: *_arm64
2022-12-27T11:39:53.9938650Z   CIBW_BUILD: cp39-macosx_arm64
2022-12-27T11:39:53.9938820Z   CIBW_BUILD_FRONTEND: pip
2022-12-27T11:39:53.9939000Z   CIBW_BUILD_VERBOSITY: 3
2022-12-27T11:39:53.9939280Z   CIBW_ENVIRONMENT_MACOS:  CFLAGS="-I/usr/local/opt/openssl@3/include" LDFLAGS="-L/usr/local/opt/openssl@3/lib" CPPFLAGS="-I/usr/local/opt/openssl@3/include" MAKEFLAGS="-j$(sysctl -n hw.logicalcpu)" PATH=/usr/local/opt/ccache/libexec:$PATH
2022-12-27T11:39:53.9939640Z   CIBW_BEFORE_BUILD: pip install Cython; if [[ -f requirements.txt ]]; then pip install -r requirements.txt; fi
2022-12-27T11:39:53.9939920Z   MAKEFLAGS: -j$(sysctl -n hw.logicalcpu)
2022-12-27T11:39:53.9940100Z ##[endgroup]
2022-12-27T11:39:54.4973850Z Requirement already satisfied: cibuildwheel==2.11.3 in /Users/runner/hostedtoolcache/Python/3.9.16/x64/lib/python3.9/site-packages (2.11.3)
2022-12-27T11:39:54.5234720Z Requirement already satisfied: tomli in /Users/runner/hostedtoolcache/Python/3.9.16/x64/lib/python3.9/site-packages (from cibuildwheel==2.11.3) (2.0.1)
2022-12-27T11:39:54.5244490Z Requirement already satisfied: typing-extensions>=4.1.0 in /Users/runner/hostedtoolcache/Python/3.9.16/x64/lib/python3.9/site-packages (from cibuildwheel==2.11.3) (4.4.0)
2022-12-27T11:39:54.5249480Z Requirement already satisfied: bashlex!=0.13 in /Users/runner/hostedtoolcache/Python/3.9.16/x64/lib/python3.9/site-packages (from cibuildwheel==2.11.3) (0.16)
2022-12-27T11:39:54.5252970Z Requirement already satisfied: filelock in /Users/runner/hostedtoolcache/Python/3.9.16/x64/lib/python3.9/site-packages (from cibuildwheel==2.11.3) (3.8.2)
2022-12-27T11:39:54.5258320Z Requirement already satisfied: packaging>=20.9 in /Users/runner/hostedtoolcache/Python/3.9.16/x64/lib/python3.9/site-packages (from cibuildwheel==2.11.3) (22.0)
2022-12-27T11:39:54.5261560Z Requirement already satisfied: certifi in /Users/runner/hostedtoolcache/Python/3.9.16/x64/lib/python3.9/site-packages (from cibuildwheel==2.11.3) (2022.12.7)
2022-12-27T11:39:54.5264990Z Requirement already satisfied: bracex in /Users/runner/hostedtoolcache/Python/3.9.16/x64/lib/python3.9/site-packages (from cibuildwheel==2.11.3) (2.3.post1)
2022-12-27T11:39:54.5268340Z Requirement already satisfied: platformdirs in /Users/runner/hostedtoolcache/Python/3.9.16/x64/lib/python3.9/site-packages (from cibuildwheel==2.11.3) (2.6.0)
2022-12-27T11:39:54.7049360Z 
2022-12-27T11:39:54.7049600Z      _ _       _ _   _       _           _
2022-12-27T11:39:54.7050030Z  ___|_| |_ _ _|_| |_| |_ _ _| |_ ___ ___| |
2022-12-27T11:39:54.7050930Z |  _| | . | | | | | . | | | |   | -_| -_| |
2022-12-27T11:39:54.7051230Z |___|_|___|___|_|_|___|_____|_|_|___|___|_|
2022-12-27T11:39:54.7051850Z 
2022-12-27T11:39:54.7052020Z cibuildwheel version 2.11.3
2022-12-27T11:39:54.7052160Z 
2022-12-27T11:39:54.7052220Z Build options:
2022-12-27T11:39:54.7052410Z   platform: macos
2022-12-27T11:39:54.7154250Z   architectures: arm64[0m
2022-12-27T11:39:54.7154680Z   build_selector: 
2022-12-27T11:39:54.7155330Z     build_config: cp39-macosx_arm64
2022-12-27T11:39:54.7156270Z     skip_config: 
2022-12-27T11:39:54.7156610Z     requires_python: None
2022-12-27T11:39:54.7157050Z     prerelease_pythons: False[0m
2022-12-27T11:39:54.7157740Z   [38;5;244mcontainer_engine: docker[0m
2022-12-27T11:39:54.7158450Z   output_dir: /Users/runner/actions-runner/_work/python.build/python.build/build_lxml33039/wheelsout[0m
2022-12-27T11:39:54.7159080Z   package_dir: /Users/runner/actions-runner/_work/python.build/python.build/build_lxml33039/lxml-3.3.0[0m
2022-12-27T11:39:54.7159630Z   test_selector: 
2022-12-27T11:39:54.7160040Z     skip_config: *_arm64[0m
2022-12-27T11:39:54.7160440Z   [38;5;244mbefore_all: [0m
2022-12-27T11:39:54.7160930Z   before_build: pip install Cython; if [[ -f requirements.txt ]]; then pip install -r requirements.txt; fi[0m
2022-12-27T11:39:54.7161540Z   [38;5;244mbefore_test: [0m
2022-12-27T11:39:54.7161930Z   [38;5;244mbuild_frontend: pip[0m
2022-12-27T11:39:54.7162250Z   build_verbosity: 3[0m
2022-12-27T11:39:54.7162620Z   [38;5;244mconfig_settings: [0m
2022-12-27T11:39:54.7163200Z   [38;5;244mdependency_constraints: pinned[0m
2022-12-27T11:39:54.7163470Z   environment: 
2022-12-27T11:39:54.7163880Z     CFLAGS="-I/usr/local/opt/openssl@3/include"
2022-12-27T11:39:54.7164320Z     LDFLAGS="-L/usr/local/opt/openssl@3/lib"
2022-12-27T11:39:54.7164700Z     CPPFLAGS="-I/usr/local/opt/openssl@3/include"
2022-12-27T11:39:54.7165260Z     MAKEFLAGS="-j$(sysctl -n hw.logicalcpu)"
2022-12-27T11:39:54.7165700Z     PATH=/usr/local/opt/ccache/libexec:$PATH[0m
2022-12-27T11:39:54.7166110Z   [38;5;244mmanylinux_images: None[0m
2022-12-27T11:39:54.7166450Z   [38;5;244mmusllinux_images: None[0m
2022-12-27T11:39:54.7166950Z   [38;5;244mrepair_command: delocate-wheel --require-archs {delocate_archs} -w {dest_dir} -v {wheel}[0m
2022-12-27T11:39:54.7167900Z   [38;5;244mtest_command: [0m
2022-12-27T11:39:54.7168220Z   [38;5;244mtest_extras: [0m
2022-12-27T11:39:54.7168590Z   [38;5;244mtest_requires: [0m
2022-12-27T11:39:54.7168770Z 
2022-12-27T11:39:54.7168940Z Cache folder: /Users/runner/Library/Caches/cibuildwheel
2022-12-27T11:39:54.7172890Z 
2022-12-27T11:39:54.7173130Z Here we go!
2022-12-27T11:39:54.7173380Z 
2022-12-27T11:39:54.7231030Z 
2022-12-27T11:39:54.7231520Z [1m[34mBuilding cp39-macosx_arm64 wheel[0m
2022-12-27T11:39:54.7231880Z CPython 3.9 macOS arm64 - Apple Silicon
2022-12-27T11:39:54.7232040Z 
2022-12-27T11:39:54.7234600Z ##[group]Installing Python cp39...
2022-12-27T11:39:54.7234780Z 
2022-12-27T11:39:54.7235000Z + pkgutil --pkgs
2022-12-27T11:39:54.7337590Z ##[endgroup]
2022-12-27T11:39:54.7338410Z                                                               [32mâœ“ [0m0.01s
2022-12-27T11:39:54.7338810Z ##[group]Setting up build environment...
2022-12-27T11:39:54.7338980Z 
2022-12-27T11:39:54.7359510Z + /Users/runner/hostedtoolcache/Python/3.9.16/x64/bin/python -sS /Users/runner/Library/Caches/cibuildwheel/virtualenv-20.17.0.pyz --activators= --no-periodic-update --pip=22.3.1 --setuptools=65.6.3 --wheel=0.38.4 --symlink-app-data --python /Library/Frameworks/Python.framework/Versions/3.9/bin/python3 /private/var/folders/51/hd414ycd67n82196sw51xqtc0000gn/T/cibw-run-q24sqcut/cp39-macosx_arm64/build/venv
2022-12-27T11:39:54.9237350Z created virtual environment CPython3.9.13.final.0-64 in 47ms
2022-12-27T11:39:54.9238030Z   creator CPython3Posix(dest=/private/var/folders/51/hd414ycd67n82196sw51xqtc0000gn/T/cibw-run-q24sqcut/cp39-macosx_arm64/build/venv, clear=False, no_vcs_ignore=False, global=False)
2022-12-27T11:39:54.9238730Z   seeder FromAppData(download=False, pip=22.3.1, setuptools=65.6.3, wheel=0.38.4, via=symlink, app_data_dir=/Users/runner/Library/Application Support/virtualenv)
2022-12-27T11:39:54.9239060Z     added seed packages: pip==22.3.1, setuptools==65.6.3, wheel==0.38.4
2022-12-27T11:39:54.9336860Z + python -m pip install --upgrade pip -c /Users/runner/hostedtoolcache/Python/3.9.16/x64/lib/python3.9/site-packages/cibuildwheel/resources/constraints-python39.txt
2022-12-27T11:39:55.2419560Z Requirement already satisfied: pip in ./lib/python3.9/site-packages (22.3.1)
2022-12-27T11:39:55.3870290Z + which pip
2022-12-27T11:39:55.3888260Z /private/var/folders/51/hd414ycd67n82196sw51xqtc0000gn/T/cibw-run-q24sqcut/cp39-macosx_arm64/build/venv/bin/pip
2022-12-27T11:39:55.3890610Z + pip --version
2022-12-27T11:39:55.6188490Z pip 22.3.1 from /private/var/folders/51/hd414ycd67n82196sw51xqtc0000gn/T/cibw-run-q24sqcut/cp39-macosx_arm64/build/venv/lib/python3.9/site-packages/pip (python 3.9)
2022-12-27T11:39:55.6393720Z + which pip
2022-12-27T11:39:55.6421360Z + which python
2022-12-27T11:39:55.6438760Z /private/var/folders/51/hd414ycd67n82196sw51xqtc0000gn/T/cibw-run-q24sqcut/cp39-macosx_arm64/build/venv/bin/python
2022-12-27T11:39:55.6440480Z + python --version
2022-12-27T11:39:55.6487400Z Python 3.9.13
2022-12-27T11:39:55.6489590Z + which python
2022-12-27T11:39:55.6540830Z ##[endgroup]
2022-12-27T11:39:55.6541330Z                                                               [32mâœ“ [0m0.92s
2022-12-27T11:39:55.6541750Z ##[group]Installing build tools...
2022-12-27T11:39:55.6541890Z 
2022-12-27T11:39:55.6542360Z + pip install --upgrade setuptools wheel delocate -c /Users/runner/hostedtoolcache/Python/3.9.16/x64/lib/python3.9/site-packages/cibuildwheel/resources/constraints-python39.txt
2022-12-27T11:39:55.9594100Z Requirement already satisfied: setuptools in /private/var/folders/51/hd414ycd67n82196sw51xqtc0000gn/T/cibw-run-q24sqcut/cp39-macosx_arm64/build/venv/lib/python3.9/site-packages (65.6.3)
2022-12-27T11:39:56.1934020Z Requirement already satisfied: wheel in /private/var/folders/51/hd414ycd67n82196sw51xqtc0000gn/T/cibw-run-q24sqcut/cp39-macosx_arm64/build/venv/lib/python3.9/site-packages (0.38.4)
2022-12-27T11:39:56.2424490Z Collecting delocate
2022-12-27T11:39:56.2449820Z   Using cached delocate-0.10.3-py3-none-any.whl (142 kB)
2022-12-27T11:39:56.2689040Z Collecting typing-extensions
2022-12-27T11:39:56.2713060Z   Using cached typing_extensions-4.4.0-py3-none-any.whl (26 kB)
2022-12-27T11:39:56.2982460Z Collecting packaging>=20.9
2022-12-27T11:39:56.3003720Z   Using cached packaging-21.3-py3-none-any.whl (40 kB)
2022-12-27T11:39:56.3420910Z Collecting pyparsing!=3.0.5,>=2.0.2
2022-12-27T11:39:56.3441590Z   Using cached pyparsing-3.0.9-py3-none-any.whl (98 kB)
2022-12-27T11:39:56.3818670Z Installing collected packages: typing-extensions, pyparsing, packaging, delocate
2022-12-27T11:39:56.5320440Z Successfully installed delocate-0.10.3 packaging-21.3 pyparsing-3.0.9 typing-extensions-4.4.0
2022-12-27T11:39:56.5765760Z ##[endgroup]
2022-12-27T11:39:56.5766400Z                                                               [32mâœ“ [0m0.92s
2022-12-27T11:39:56.5766820Z ##[group]Running before_build...
2022-12-27T11:39:56.5766940Z 
2022-12-27T11:39:56.5772930Z + pip install Cython; if [[ -f requirements.txt ]]; then pip install -r requirements.txt; fi
2022-12-27T11:39:57.2889240Z Collecting Cython
2022-12-27T11:39:57.2936940Z   Using cached Cython-0.29.32-py2.py3-none-any.whl (986 kB)
2022-12-27T11:39:57.3382960Z Installing collected packages: Cython
2022-12-27T11:39:57.8339550Z Successfully installed Cython-0.29.32
2022-12-27T11:39:57.8747560Z ##[endgroup]
2022-12-27T11:39:57.8748650Z                                                               [32mâœ“ [0m1.30s
2022-12-27T11:39:57.8749320Z ##[group]Building wheel...
2022-12-27T11:39:57.8749510Z 
2022-12-27T11:39:57.8754080Z + python -m pip wheel /Users/runner/actions-runner/_work/python.build/python.build/build_lxml33039/lxml-3.3.0 --wheel-dir=/private/var/folders/51/hd414ycd67n82196sw51xqtc0000gn/T/cibw-run-q24sqcut/cp39-macosx_arm64/built_wheel --no-deps -vvv
2022-12-27T11:39:58.1563480Z Created temporary directory: /private/var/folders/51/hd414ycd67n82196sw51xqtc0000gn/T/pip-ephem-wheel-cache-mc0fz8yy
2022-12-27T11:39:58.1567220Z Created temporary directory: /private/var/folders/51/hd414ycd67n82196sw51xqtc0000gn/T/pip-build-tracker-2d6rsaec
2022-12-27T11:39:58.1569290Z Initialized build tracking at /private/var/folders/51/hd414ycd67n82196sw51xqtc0000gn/T/pip-build-tracker-2d6rsaec
2022-12-27T11:39:58.1570860Z Created build tracker: /private/var/folders/51/hd414ycd67n82196sw51xqtc0000gn/T/pip-build-tracker-2d6rsaec
2022-12-27T11:39:58.1572300Z Entered build tracker: /private/var/folders/51/hd414ycd67n82196sw51xqtc0000gn/T/pip-build-tracker-2d6rsaec
2022-12-27T11:39:58.1575790Z Created temporary directory: /private/var/folders/51/hd414ycd67n82196sw51xqtc0000gn/T/pip-wheel-irxh_6zz
2022-12-27T11:39:58.1582180Z Created temporary directory: /private/var/folders/51/hd414ycd67n82196sw51xqtc0000gn/T/pip-ephem-wheel-cache-td1ps491
2022-12-27T11:39:58.1730050Z Processing /Users/runner/actions-runner/_work/python.build/python.build/build_lxml33039/lxml-3.3.0
2022-12-27T11:39:58.1735480Z   Added file:///Users/runner/actions-runner/_work/python.build/python.build/build_lxml33039/lxml-3.3.0 to build tracker '/private/var/folders/51/hd414ycd67n82196sw51xqtc0000gn/T/pip-build-tracker-2d6rsaec'
2022-12-27T11:39:58.1739050Z   Running setup.py (path:/Users/runner/actions-runner/_work/python.build/python.build/build_lxml33039/lxml-3.3.0/setup.py) egg_info for package from file:///Users/runner/actions-runner/_work/python.build/python.build/build_lxml33039/lxml-3.3.0
2022-12-27T11:39:58.1742550Z   Created temporary directory: /private/var/folders/51/hd414ycd67n82196sw51xqtc0000gn/T/pip-pip-egg-info-0e4mhp5k
2022-12-27T11:39:58.1744050Z   Preparing metadata (setup.py): started
2022-12-27T11:39:58.1745970Z   Running command python setup.py egg_info
2022-12-27T11:39:58.5211780Z   /private/var/folders/51/hd414ycd67n82196sw51xqtc0000gn/T/cibw-run-q24sqcut/cp39-macosx_arm64/build/venv/lib/python3.9/site-packages/setuptools/_distutils/dist.py:265: UserWarning: Unknown distribution option: 'bugtrack_url'
2022-12-27T11:39:58.5212260Z     warnings.warn(msg)
2022-12-27T11:39:58.5306620Z   Building lxml version 3.3.0.
2022-12-27T11:39:58.5308520Z   Building without Cython.
2022-12-27T11:39:58.5310600Z   Using build configuration of libxslt 1.1.29
2022-12-27T11:39:58.5312550Z   Building against libxml2/libxslt in the following directory: /Library/Developer/CommandLineTools/SDKs/MacOSX12.1.sdk/usr/lib
2022-12-27T11:39:58.5314200Z   running egg_info
2022-12-27T11:39:58.5317930Z   creating /private/var/folders/51/hd414ycd67n82196sw51xqtc0000gn/T/pip-pip-egg-info-0e4mhp5k/lxml.egg-info
2022-12-27T11:39:58.5332370Z   writing /private/var/folders/51/hd414ycd67n82196sw51xqtc0000gn/T/pip-pip-egg-info-0e4mhp5k/lxml.egg-info/PKG-INFO
2022-12-27T11:39:58.5337960Z   writing dependency_links to /private/var/folders/51/hd414ycd67n82196sw51xqtc0000gn/T/pip-pip-egg-info-0e4mhp5k/lxml.egg-info/dependency_links.txt
2022-12-27T11:39:58.5342320Z   writing top-level names to /private/var/folders/51/hd414ycd67n82196sw51xqtc0000gn/T/pip-pip-egg-info-0e4mhp5k/lxml.egg-info/top_level.txt
2022-12-27T11:39:58.5344120Z   writing manifest file '/private/var/folders/51/hd414ycd67n82196sw51xqtc0000gn/T/pip-pip-egg-info-0e4mhp5k/lxml.egg-info/SOURCES.txt'
2022-12-27T11:39:58.5433210Z   reading manifest file '/private/var/folders/51/hd414ycd67n82196sw51xqtc0000gn/T/pip-pip-egg-info-0e4mhp5k/lxml.egg-info/SOURCES.txt'
2022-12-27T11:39:58.5436330Z   reading manifest template 'MANIFEST.in'
2022-12-27T11:39:58.6502060Z   adding license file 'LICENSES.txt'
2022-12-27T11:39:58.6569840Z   writing manifest file '/private/var/folders/51/hd414ycd67n82196sw51xqtc0000gn/T/pip-pip-egg-info-0e4mhp5k/lxml.egg-info/SOURCES.txt'
2022-12-27T11:39:58.6799830Z   Preparing metadata (setup.py): finished with status 'done'
2022-12-27T11:39:58.6825870Z   Source in /Users/runner/actions-runner/_work/python.build/python.build/build_lxml33039/lxml-3.3.0 has version 3.3.0, which satisfies requirement lxml==3.3.0 from file:///Users/runner/actions-runner/_work/python.build/python.build/build_lxml33039/lxml-3.3.0
2022-12-27T11:39:58.6829400Z   Removed lxml==3.3.0 from file:///Users/runner/actions-runner/_work/python.build/python.build/build_lxml33039/lxml-3.3.0 from build tracker '/private/var/folders/51/hd414ycd67n82196sw51xqtc0000gn/T/pip-build-tracker-2d6rsaec'
2022-12-27T11:39:58.6847460Z Created temporary directory: /private/var/folders/51/hd414ycd67n82196sw51xqtc0000gn/T/pip-unpack-yg503w1s
2022-12-27T11:39:58.6849800Z Building wheels for collected packages: lxml
2022-12-27T11:39:58.6857230Z   Created temporary directory: /private/var/folders/51/hd414ycd67n82196sw51xqtc0000gn/T/pip-wheel-lwxrjqw8
2022-12-27T11:39:58.6859410Z   Building wheel for lxml (setup.py): started
2022-12-27T11:39:58.6861770Z   Destination directory: /private/var/folders/51/hd414ycd67n82196sw51xqtc0000gn/T/pip-wheel-lwxrjqw8
2022-12-27T11:39:58.6863850Z   Running command python setup.py bdist_wheel
2022-12-27T11:39:58.9092060Z   Building lxml version 3.3.0.
2022-12-27T11:39:58.9094070Z   Building without Cython.
2022-12-27T11:39:58.9227010Z   Using build configuration of libxslt 1.1.29
2022-12-27T11:39:59.0170350Z   Building against libxml2/libxslt in the following directory: /Library/Developer/CommandLineTools/SDKs/MacOSX12.1.sdk/usr/lib
2022-12-27T11:39:59.0251680Z   /private/var/folders/51/hd414ycd67n82196sw51xqtc0000gn/T/cibw-run-q24sqcut/cp39-macosx_arm64/build/venv/lib/python3.9/site-packages/setuptools/_distutils/dist.py:265: UserWarning: Unknown distribution option: 'bugtrack_url'
2022-12-27T11:39:59.0253770Z     warnings.warn(msg)
2022-12-27T11:39:59.0425050Z   running bdist_wheel
2022-12-27T11:39:59.0469610Z   running build
2022-12-27T11:39:59.0472020Z   running build_py
2022-12-27T11:39:59.0495840Z   creating build
2022-12-27T11:39:59.0498170Z   creating build/lib.macosx-11.0-arm64-cpython-39
2022-12-27T11:39:59.0500320Z   creating build/lib.macosx-11.0-arm64-cpython-39/lxml
2022-12-27T11:39:59.0502380Z   copying src/lxml/_elementpath.py -> build/lib.macosx-11.0-arm64-cpython-39/lxml
2022-12-27T11:39:59.0504020Z   copying src/lxml/sax.py -> build/lib.macosx-11.0-arm64-cpython-39/lxml
2022-12-27T11:39:59.0508050Z   copying src/lxml/pyclasslookup.py -> build/lib.macosx-11.0-arm64-cpython-39/lxml
2022-12-27T11:39:59.0510630Z   copying src/lxml/__init__.py -> build/lib.macosx-11.0-arm64-cpython-39/lxml
2022-12-27T11:39:59.0514390Z   copying src/lxml/builder.py -> build/lib.macosx-11.0-arm64-cpython-39/lxml
2022-12-27T11:39:59.0517580Z   copying src/lxml/doctestcompare.py -> build/lib.macosx-11.0-arm64-cpython-39/lxml
2022-12-27T11:39:59.0520990Z   copying src/lxml/usedoctest.py -> build/lib.macosx-11.0-arm64-cpython-39/lxml
2022-12-27T11:39:59.0523430Z   copying src/lxml/cssselect.py -> build/lib.macosx-11.0-arm64-cpython-39/lxml
2022-12-27T11:39:59.0526490Z   copying src/lxml/ElementInclude.py -> build/lib.macosx-11.0-arm64-cpython-39/lxml
2022-12-27T11:39:59.0531100Z   creating build/lib.macosx-11.0-arm64-cpython-39/lxml/includes
2022-12-27T11:39:59.0533340Z   copying src/lxml/includes/__init__.py -> build/lib.macosx-11.0-arm64-cpython-39/lxml/includes
2022-12-27T11:39:59.0540350Z   creating build/lib.macosx-11.0-arm64-cpython-39/lxml/html
2022-12-27T11:39:59.0542900Z   copying src/lxml/html/soupparser.py -> build/lib.macosx-11.0-arm64-cpython-39/lxml/html
2022-12-27T11:39:59.0545050Z   copying src/lxml/html/defs.py -> build/lib.macosx-11.0-arm64-cpython-39/lxml/html
2022-12-27T11:39:59.0547310Z   copying src/lxml/html/_setmixin.py -> build/lib.macosx-11.0-arm64-cpython-39/lxml/html
2022-12-27T11:39:59.0549890Z   copying src/lxml/html/clean.py -> build/lib.macosx-11.0-arm64-cpython-39/lxml/html
2022-12-27T11:39:59.0553120Z   copying src/lxml/html/_diffcommand.py -> build/lib.macosx-11.0-arm64-cpython-39/lxml/html
2022-12-27T11:39:59.0556210Z   copying src/lxml/html/html5parser.py -> build/lib.macosx-11.0-arm64-cpython-39/lxml/html
2022-12-27T11:39:59.0559420Z   copying src/lxml/html/__init__.py -> build/lib.macosx-11.0-arm64-cpython-39/lxml/html
2022-12-27T11:39:59.0563300Z   copying src/lxml/html/formfill.py -> build/lib.macosx-11.0-arm64-cpython-39/lxml/html
2022-12-27T11:39:59.0566390Z   copying src/lxml/html/builder.py -> build/lib.macosx-11.0-arm64-cpython-39/lxml/html
2022-12-27T11:39:59.0568930Z   copying src/lxml/html/ElementSoup.py -> build/lib.macosx-11.0-arm64-cpython-39/lxml/html
2022-12-27T11:39:59.0572200Z   copying src/lxml/html/_html5builder.py -> build/lib.macosx-11.0-arm64-cpython-39/lxml/html
2022-12-27T11:39:59.0574820Z   copying src/lxml/html/usedoctest.py -> build/lib.macosx-11.0-arm64-cpython-39/lxml/html
2022-12-27T11:39:59.0577870Z   copying src/lxml/html/diff.py -> build/lib.macosx-11.0-arm64-cpython-39/lxml/html
2022-12-27T11:39:59.0583080Z   creating build/lib.macosx-11.0-arm64-cpython-39/lxml/isoschematron
2022-12-27T11:39:59.0585800Z   copying src/lxml/isoschematron/__init__.py -> build/lib.macosx-11.0-arm64-cpython-39/lxml/isoschematron
2022-12-27T11:39:59.0611580Z   copying src/lxml/lxml.etree.h -> build/lib.macosx-11.0-arm64-cpython-39/lxml
2022-12-27T11:39:59.0617360Z   copying src/lxml/lxml.etree_api.h -> build/lib.macosx-11.0-arm64-cpython-39/lxml
2022-12-27T11:39:59.0623060Z   copying src/lxml/includes/xmlerror.pxd -> build/lib.macosx-11.0-arm64-cpython-39/lxml/includes
2022-12-27T11:39:59.0628400Z   copying src/lxml/includes/c14n.pxd -> build/lib.macosx-11.0-arm64-cpython-39/lxml/includes
2022-12-27T11:39:59.0632030Z   copying src/lxml/includes/xmlschema.pxd -> build/lib.macosx-11.0-arm64-cpython-39/lxml/includes
2022-12-27T11:39:59.0636360Z   copying src/lxml/includes/schematron.pxd -> build/lib.macosx-11.0-arm64-cpython-39/lxml/includes
2022-12-27T11:39:59.0639840Z   copying src/lxml/includes/tree.pxd -> build/lib.macosx-11.0-arm64-cpython-39/lxml/includes
2022-12-27T11:39:59.0643330Z   copying src/lxml/includes/uri.pxd -> build/lib.macosx-11.0-arm64-cpython-39/lxml/includes
2022-12-27T11:39:59.0648150Z   copying src/lxml/includes/etreepublic.pxd -> build/lib.macosx-11.0-arm64-cpython-39/lxml/includes
2022-12-27T11:39:59.0651290Z   copying src/lxml/includes/xpath.pxd -> build/lib.macosx-11.0-arm64-cpython-39/lxml/includes
2022-12-27T11:39:59.0654890Z   copying src/lxml/includes/htmlparser.pxd -> build/lib.macosx-11.0-arm64-cpython-39/lxml/includes
2022-12-27T11:39:59.0657870Z   copying src/lxml/includes/xslt.pxd -> build/lib.macosx-11.0-arm64-cpython-39/lxml/includes
2022-12-27T11:39:59.0660980Z   copying src/lxml/includes/config.pxd -> build/lib.macosx-11.0-arm64-cpython-39/lxml/includes
2022-12-27T11:39:59.0663650Z   copying src/lxml/includes/xmlparser.pxd -> build/lib.macosx-11.0-arm64-cpython-39/lxml/includes
2022-12-27T11:39:59.0667290Z   copying src/lxml/includes/xinclude.pxd -> build/lib.macosx-11.0-arm64-cpython-39/lxml/includes
2022-12-27T11:39:59.0669910Z   copying src/lxml/includes/dtdvalid.pxd -> build/lib.macosx-11.0-arm64-cpython-39/lxml/includes
2022-12-27T11:39:59.0673010Z   copying src/lxml/includes/relaxng.pxd -> build/lib.macosx-11.0-arm64-cpython-39/lxml/includes
2022-12-27T11:39:59.0676250Z   copying src/lxml/includes/lxml-version.h -> build/lib.macosx-11.0-arm64-cpython-39/lxml/includes
2022-12-27T11:39:59.0679260Z   copying src/lxml/includes/etree_defs.h -> build/lib.macosx-11.0-arm64-cpython-39/lxml/includes
2022-12-27T11:39:59.0682650Z   creating build/lib.macosx-11.0-arm64-cpython-39/lxml/isoschematron/resources
2022-12-27T11:39:59.0684400Z   creating build/lib.macosx-11.0-arm64-cpython-39/lxml/isoschematron/resources/rng
2022-12-27T11:39:59.0686340Z   copying src/lxml/isoschematron/resources/rng/iso-schematron.rng -> build/lib.macosx-11.0-arm64-cpython-39/lxml/isoschematron/resources/rng
2022-12-27T11:39:59.0688740Z   creating build/lib.macosx-11.0-arm64-cpython-39/lxml/isoschematron/resources/xsl
2022-12-27T11:39:59.0691390Z   copying src/lxml/isoschematron/resources/xsl/XSD2Schtrn.xsl -> build/lib.macosx-11.0-arm64-cpython-39/lxml/isoschematron/resources/xsl
2022-12-27T11:39:59.0693950Z   copying src/lxml/isoschematron/resources/xsl/RNG2Schtrn.xsl -> build/lib.macosx-11.0-arm64-cpython-39/lxml/isoschematron/resources/xsl
2022-12-27T11:39:59.0696740Z   creating build/lib.macosx-11.0-arm64-cpython-39/lxml/isoschematron/resources/xsl/iso-schematron-xslt1
2022-12-27T11:39:59.0699560Z   copying src/lxml/isoschematron/resources/xsl/iso-schematron-xslt1/iso_abstract_expand.xsl -> build/lib.macosx-11.0-arm64-cpython-39/lxml/isoschematron/resources/xsl/iso-schematron-xslt1
2022-12-27T11:39:59.0701540Z   copying src/lxml/isoschematron/resources/xsl/iso-schematron-xslt1/iso_dsdl_include.xsl -> build/lib.macosx-11.0-arm64-cpython-39/lxml/isoschematron/resources/xsl/iso-schematron-xslt1
2022-12-27T11:39:59.0705450Z   copying src/lxml/isoschematron/resources/xsl/iso-schematron-xslt1/iso_schematron_skeleton_for_xslt1.xsl -> build/lib.macosx-11.0-arm64-cpython-39/lxml/isoschematron/resources/xsl/iso-schematron-xslt1
2022-12-27T11:39:59.0709170Z   copying src/lxml/isoschematron/resources/xsl/iso-schematron-xslt1/iso_svrl_for_xslt1.xsl -> build/lib.macosx-11.0-arm64-cpython-39/lxml/isoschematron/resources/xsl/iso-schematron-xslt1
2022-12-27T11:39:59.0713130Z   copying src/lxml/isoschematron/resources/xsl/iso-schematron-xslt1/iso_schematron_message.xsl -> build/lib.macosx-11.0-arm64-cpython-39/lxml/isoschematron/resources/xsl/iso-schematron-xslt1
2022-12-27T11:39:59.0716680Z   copying src/lxml/isoschematron/resources/xsl/iso-schematron-xslt1/readme.txt -> build/lib.macosx-11.0-arm64-cpython-39/lxml/isoschematron/resources/xsl/iso-schematron-xslt1
2022-12-27T11:39:59.0729970Z   running build_ext
2022-12-27T11:39:59.1147010Z   building 'lxml.etree' extension
2022-12-27T11:39:59.1148700Z   creating build/temp.macosx-11.0-arm64-cpython-39
2022-12-27T11:39:59.1151420Z   creating build/temp.macosx-11.0-arm64-cpython-39/src
2022-12-27T11:39:59.1153920Z   creating build/temp.macosx-11.0-arm64-cpython-39/src/lxml
2022-12-27T11:39:59.1158070Z   gcc -Wno-unused-result -Wsign-compare -Wunreachable-code -fno-common -dynamic -DNDEBUG -g -fwrapv -O3 -Wall -g -I/usr/local/opt/openssl@3/include -I/usr/local/opt/openssl@3/include -arch arm64 -I/Library/Developer/CommandLineTools/SDKs/MacOSX12.1.sdk/usr/include -I/Users/runner/actions-runner/_work/python.build/python.build/build_lxml33039/lxml-3.3.0/src/lxml/includes -I/private/var/folders/51/hd414ycd67n82196sw51xqtc0000gn/T/cibw-run-q24sqcut/cp39-macosx_arm64/build/venv/include -I/Library/Frameworks/Python.framework/Versions/3.9/include/python3.9 -c src/lxml/lxml.etree.c -o build/temp.macosx-11.0-arm64-cpython-39/src/lxml/lxml.etree.o -w -flat_namespace
2022-12-27T11:39:59.7873460Z   src/lxml/lxml.etree.c:188027:39: error: no member named 'tp_print' in 'struct _typeobject'
2022-12-27T11:39:59.7874950Z     __pyx_type_4lxml_5etree__BaseParser.tp_print = 0;
2022-12-27T11:39:59.7876840Z     ~~~~~~~~~~~~~~~~~~~~~~~~~~~~~~~~~~~ ^
2022-12-27T11:39:59.7879080Z   src/lxml/lxml.etree.c:188036:39: error: no member named 'tp_print' in 'struct _typeobject'
2022-12-27T11:39:59.7880050Z     __pyx_type_4lxml_5etree__FeedParser.tp_print = 0;
2022-12-27T11:39:59.7881540Z     ~~~~~~~~~~~~~~~~~~~~~~~~~~~~~~~~~~~ ^
2022-12-27T11:39:59.7883440Z   src/lxml/lxml.etree.c:188044:37: error: no member named 'tp_print' in 'struct _typeobject'
2022-12-27T11:39:59.7884630Z     __pyx_type_4lxml_5etree_XMLParser.tp_print = 0;
2022-12-27T11:39:59.7885990Z     ~~~~~~~~~~~~~~~~~~~~~~~~~~~~~~~~~ ^
2022-12-27T11:39:59.7887530Z   src/lxml/lxml.etree.c:188052:45: error: no member named 'tp_print' in 'struct _typeobject'
2022-12-27T11:39:59.7888890Z     __pyx_type_4lxml_5etree_ETCompatXMLParser.tp_print = 0;
2022-12-27T11:39:59.7953880Z     ~~~~~~~~~~~~~~~~~~~~~~~~~~~~~~~~~~~~~~~~~ ^
2022-12-27T11:39:59.7954240Z   src/lxml/lxml.etree.c:188057:19: error: no member named 'tp_print' in 'struct _typeobject'
2022-12-27T11:39:59.7954440Z     LxmlElementType.tp_print = 0;
2022-12-27T11:39:59.7954760Z     ~~~~~~~~~~~~~~~ ^
2022-12-27T11:39:59.7955030Z   src/lxml/lxml.etree.c:188134:48: error: no member named 'tp_print' in 'struct _typeobject'
2022-12-27T11:39:59.7955300Z     __pyx_type_4lxml_5etree___ContentOnlyElement.tp_print = 0;
2022-12-27T11:39:59.7956000Z     ~~~~~~~~~~~~~~~~~~~~~~~~~~~~~~~~~~~~~~~~~~~~ ^
2022-12-27T11:39:59.7956330Z   src/lxml/lxml.etree.c:188171:50: error: no member named 'tp_print' in 'struct _typeobject'
2022-12-27T11:39:59.7956580Z     __pyx_type_4lxml_5etree__ProcessingInstruction.tp_print = 0;
2022-12-27T11:39:59.7956760Z     ~~~~~~~~~~~~~~~~~~~~~~~~~~~~~~~~~~~~~~~~~~~~~~ ^
2022-12-27T11:39:59.7957010Z   src/lxml/lxml.etree.c:188179:34: error: no member named 'tp_print' in 'struct _typeobject'
2022-12-27T11:39:59.7957210Z     __pyx_type_4lxml_5etree_PIBase.tp_print = 0;
2022-12-27T11:39:59.7957380Z     ~~~~~~~~~~~~~~~~~~~~~~~~~~~~~~ ^
2022-12-27T11:39:59.7957620Z   src/lxml/lxml.etree.c:188187:54: error: no member named 'tp_print' in 'struct _typeobject'
2022-12-27T11:39:59.7957860Z     __pyx_type_4lxml_5etree__XSLTProcessingInstruction.tp_print = 0;
2022-12-27T11:39:59.7958080Z     ~~~~~~~~~~~~~~~~~~~~~~~~~~~~~~~~~~~~~~~~~~~~~~~~~~ ^
2022-12-27T11:39:59.7958370Z   src/lxml/lxml.etree.c:188195:41: error: no member named 'tp_print' in 'struct _typeobject'
2022-12-27T11:39:59.7958590Z     __pyx_type_4lxml_5etree_XMLPullParser.tp_print = 0;
2022-12-27T11:39:59.7958760Z     ~~~~~~~~~~~~~~~~~~~~~~~~~~~~~~~~~~~~~ ^
2022-12-27T11:39:59.7959200Z   src/lxml/lxml.etree.c:188200:58: error: no member named 'tp_print' in 'struct _typeobject'
2022-12-27T11:39:59.7959450Z     __pyx_type_4lxml_5etree___pyx_scope_struct__itervalues.tp_print = 0;
2022-12-27T11:39:59.7959640Z     ~~~~~~~~~~~~~~~~~~~~~~~~~~~~~~~~~~~~~~~~~~~~~~~~~~~~~~ ^
2022-12-27T11:39:59.7959920Z   src/lxml/lxml.etree.c:188206:46: error: no member named 'tp_print' in 'struct _typeobject'
2022-12-27T11:39:59.7960280Z     __pyx_type_4lxml_5etree__NamespaceRegistry.tp_print = 0;
2022-12-27T11:39:59.7960490Z     ~~~~~~~~~~~~~~~~~~~~~~~~~~~~~~~~~~~~~~~~~~ ^
2022-12-27T11:39:59.7960740Z   src/lxml/lxml.etree.c:188213:54: error: no member named 'tp_print' in 'struct _typeobject'
2022-12-27T11:39:59.7960990Z     __pyx_type_4lxml_5etree__FunctionNamespaceRegistry.tp_print = 0;
2022-12-27T11:39:59.7961220Z     ~~~~~~~~~~~~~~~~~~~~~~~~~~~~~~~~~~~~~~~~~~~~~~~~~~ ^
2022-12-27T11:39:59.7961470Z   src/lxml/lxml.etree.c:188220:59: error: no member named 'tp_print' in 'struct _typeobject'
2022-12-27T11:39:59.7961960Z     __pyx_type_4lxml_5etree__XPathFunctionNamespaceRegistry.tp_print = 0;
2022-12-27T11:39:59.7962180Z     ~~~~~~~~~~~~~~~~~~~~~~~~~~~~~~~~~~~~~~~~~~~~~~~~~~~~~~~ ^
2022-12-27T11:39:59.7962460Z   src/lxml/lxml.etree.c:188231:46: error: no member named 'tp_print' in 'struct _typeobject'
2022-12-27T11:39:59.7962680Z     __pyx_type_4lxml_5etree__FileReaderContext.tp_print = 0;
2022-12-27T11:39:59.7962890Z     ~~~~~~~~~~~~~~~~~~~~~~~~~~~~~~~~~~~~~~~~~~ ^
2022-12-27T11:39:59.7963140Z   src/lxml/lxml.etree.c:188242:41: error: no member named 'tp_print' in 'struct _typeobject'
2022-12-27T11:39:59.7963350Z     __pyx_type_4lxml_5etree__BaseErrorLog.tp_print = 0;
2022-12-27T11:39:59.7963550Z     ~~~~~~~~~~~~~~~~~~~~~~~~~~~~~~~~~~~~~ ^
2022-12-27T11:39:59.7963990Z   src/lxml/lxml.etree.c:188249:29: error: no member named 'tp_print' in 'struct _typeobject'
2022-12-27T11:39:59.7964230Z     LxmlElementTagMatcherType.tp_print = 0;
2022-12-27T11:39:59.7964400Z     ~~~~~~~~~~~~~~~~~~~~~~~~~ ^
2022-12-27T11:39:59.7964690Z   src/lxml/lxml.etree.c:188256:32: error: no member named 'tp_print' in 'struct _typeobject'
2022-12-27T11:39:59.7964930Z     __pyx_type_4lxml_5etree_XSLT.tp_print = 0;
2022-12-27T11:39:59.7965230Z     ~~~~~~~~~~~~~~~~~~~~~~~~~~~~ ^
2022-12-27T11:39:59.7965510Z   src/lxml/lxml.etree.c:188274:53: error: no member named 'tp_print' in 'struct _typeobject'
2022-12-27T11:39:59.7965780Z     __pyx_type_4lxml_5etree_ElementDepthFirstIterator.tp_print = 0;
2022-12-27T11:39:59.7968170Z     ~~~~~~~~~~~~~~~~~~~~~~~~~~~~~~~~~~~~~~~~~~~~~~~~~ ^
2022-12-27T11:39:59.7971060Z   fatal error: too many errors emitted, stopping now [-ferror-limit=]
2022-12-27T11:39:59.8438180Z   20 errors generated.
2022-12-27T11:39:59.8482200Z   error: command '/usr/bin/gcc' failed with exit code 1
2022-12-27T11:39:59.8830400Z   error: subprocess-exited-with-error
2022-12-27T11:39:59.8830860Z   
2022-12-27T11:39:59.8831220Z   Ã— python setup.py bdist_wheel did not run successfully.
2022-12-27T11:39:59.8831650Z   â”‚ exit code: 1
2022-12-27T11:39:59.8831930Z   â•°â”€> See above for output.
2022-12-27T11:39:59.8832110Z   
2022-12-27T11:39:59.8832380Z   note: This error originates from a subprocess, and is likely not a problem with pip.
2022-12-27T11:39:59.8839810Z   full command: /private/var/folders/51/hd414ycd67n82196sw51xqtc0000gn/T/cibw-run-q24sqcut/cp39-macosx_arm64/build/venv/bin/python -u -c '
2022-12-27T11:39:59.8840360Z   exec(compile('"'"''"'"''"'"'
2022-12-27T11:39:59.8840830Z   # This is <pip-setuptools-caller> -- a caller that pip uses to run setup.py
2022-12-27T11:39:59.8841160Z   #
2022-12-27T11:39:59.8841600Z   # - It imports setuptools before invoking setup.py, to enable projects that directly
2022-12-27T11:39:59.8842030Z   #   import from `distutils.core` to work with newer packaging standards.
2022-12-27T11:39:59.8842500Z   # - It provides a clear error message when setuptools is not installed.
2022-12-27T11:39:59.8843030Z   # - It sets `sys.argv[0]` to the underlying `setup.py`, when invoking `setup.py` so
2022-12-27T11:39:59.8843560Z   #   setuptools doesn'"'"'t think the script is `-c`. This avoids the following warning:
2022-12-27T11:39:59.8843970Z   #     manifest_maker: standard file '"'"'-c'"'"' not found".
2022-12-27T11:39:59.8844430Z   # - It generates a shim setup.py, for handling setup.cfg-only projects.
2022-12-27T11:39:59.8844760Z   import os, sys, tokenize
2022-12-27T11:39:59.8844960Z   
2022-12-27T11:39:59.8845170Z   try:
2022-12-27T11:39:59.8845370Z       import setuptools
2022-12-27T11:39:59.8845600Z   except ImportError as error:
2022-12-27T11:39:59.8845790Z       print(
2022-12-27T11:39:59.8846040Z           "ERROR: Can not execute `setup.py` since setuptools is not available in "
2022-12-27T11:39:59.8846290Z           "the build environment.",
2022-12-27T11:39:59.8846530Z           file=sys.stderr,
2022-12-27T11:39:59.8846750Z       )
2022-12-27T11:39:59.8846960Z       sys.exit(1)
2022-12-27T11:39:59.8847150Z   
2022-12-27T11:39:59.8847360Z   __file__ = %r
2022-12-27T11:39:59.8847910Z   sys.argv[0] = __file__
2022-12-27T11:39:59.8848130Z   
2022-12-27T11:39:59.8848380Z   if os.path.exists(__file__):
2022-12-27T11:39:59.8848640Z       filename = __file__
2022-12-27T11:39:59.8848850Z       with tokenize.open(__file__) as f:
2022-12-27T11:39:59.8849140Z           setup_py_code = f.read()
2022-12-27T11:39:59.8849410Z   else:
2022-12-27T11:39:59.8849770Z       filename = "<auto-generated setuptools caller>"
2022-12-27T11:39:59.8850130Z       setup_py_code = "from setuptools import setup; setup()"
2022-12-27T11:39:59.8850400Z   
2022-12-27T11:39:59.8850630Z   exec(compile(setup_py_code, filename, "exec"))
2022-12-27T11:39:59.8851590Z   '"'"''"'"''"'"' % ('"'"'/Users/runner/actions-runner/_work/python.build/python.build/build_lxml33039/lxml-3.3.0/setup.py'"'"',), "<pip-setuptools-caller>", "exec"))' bdist_wheel -d /private/var/folders/51/hd414ycd67n82196sw51xqtc0000gn/T/pip-wheel-lwxrjqw8
2022-12-27T11:39:59.8852390Z   cwd: /Users/runner/actions-runner/_work/python.build/python.build/build_lxml33039/lxml-3.3.0/
2022-12-27T11:39:59.8852770Z   ERROR: Failed building wheel for lxml
2022-12-27T11:39:59.8853280Z   Building wheel for lxml (setup.py): finished with status 'error'
2022-12-27T11:39:59.8853590Z   Running setup.py clean for lxml
2022-12-27T11:39:59.8855250Z   Running command python setup.py clean
2022-12-27T11:40:00.1109120Z   Building lxml version 3.3.0.
2022-12-27T11:40:00.1110670Z   Building without Cython.
2022-12-27T11:40:00.1243880Z   Using build configuration of libxslt 1.1.29
2022-12-27T11:40:00.2183920Z   Building against libxml2/libxslt in the following directory: /Library/Developer/CommandLineTools/SDKs/MacOSX12.1.sdk/usr/lib
2022-12-27T11:40:00.2262520Z   /private/var/folders/51/hd414ycd67n82196sw51xqtc0000gn/T/cibw-run-q24sqcut/cp39-macosx_arm64/build/venv/lib/python3.9/site-packages/setuptools/_distutils/dist.py:265: UserWarning: Unknown distribution option: 'bugtrack_url'
2022-12-27T11:40:00.2263340Z     warnings.warn(msg)
2022-12-27T11:40:00.2324250Z   running clean
2022-12-27T11:40:00.2360540Z   removing 'build/temp.macosx-11.0-arm64-cpython-39' (and everything under it)
2022-12-27T11:40:00.2365040Z   removing 'build/lib.macosx-11.0-arm64-cpython-39' (and everything under it)
2022-12-27T11:40:00.2417540Z   'build/bdist.macosx-11.0-arm64' does not exist -- can't clean it
2022-12-27T11:40:00.2419560Z   'build/scripts-3.9' does not exist -- can't clean it
2022-12-27T11:40:00.2421500Z   removing 'build'
2022-12-27T11:40:00.2646900Z Failed to build lxml
2022-12-27T11:40:00.2651880Z ERROR: Failed to build one or more wheels
2022-12-27T11:40:00.2662060Z Exception information:
2022-12-27T11:40:00.2662300Z Traceback (most recent call last):
2022-12-27T11:40:00.2672400Z   File "/private/var/folders/51/hd414ycd67n82196sw51xqtc0000gn/T/cibw-run-q24sqcut/cp39-macosx_arm64/build/venv/lib/python3.9/site-packages/pip/_internal/cli/base_command.py", line 160, in exc_logging_wrapper
2022-12-27T11:40:00.2672830Z     status = run_func(*args)
2022-12-27T11:40:00.2673570Z   File "/private/var/folders/51/hd414ycd67n82196sw51xqtc0000gn/T/cibw-run-q24sqcut/cp39-macosx_arm64/build/venv/lib/python3.9/site-packages/pip/_internal/cli/req_command.py", line 247, in wrapper
2022-12-27T11:40:00.2673970Z     return func(self, options, args)
2022-12-27T11:40:00.2674500Z   File "/private/var/folders/51/hd414ycd67n82196sw51xqtc0000gn/T/cibw-run-q24sqcut/cp39-macosx_arm64/build/venv/lib/python3.9/site-packages/pip/_internal/commands/wheel.py", line 201, in run
2022-12-27T11:40:00.2674840Z     raise CommandError("Failed to build one or more wheels")
2022-12-27T11:40:00.2675060Z pip._internal.exceptions.CommandError: Failed to build one or more wheels
2022-12-27T11:40:00.2675460Z Removed build tracker: '/private/var/folders/51/hd414ycd67n82196sw51xqtc0000gn/T/pip-build-tracker-2d6rsaec'
2022-12-27T11:40:00.3065460Z ##[endgroup]
2022-12-27T11:40:00.3097630Z ##[error]Command ['python', '-m', 'pip', 'wheel', '/Users/runner/actions-runner/_work/python.build/python.build/build_lxml33039/lxml-3.3.0', '--wheel-dir=/private/var/folders/51/hd414ycd67n82196sw51xqtc0000gn/T/cibw-run-q24sqcut/cp39-macosx_arm64/built_wheel', '--no-deps', '-vvv'] failed with code 1. None
2022-12-27T11:40:00.3106950Z 
2022-12-27T11:40:00.3107410Z                                                               [31mâœ• [0m2.43s
2022-12-27T11:40:00.3586440Z ##[error]Process completed with exit code 1.
2022-12-27T11:40:00.3618320Z ##[group]Run rm -rf build_lxml33039 wheelsout
2022-12-27T11:40:00.3618510Z [36;1mrm -rf build_lxml33039 wheelsout[0m
2022-12-27T11:40:00.3633710Z shell: /bin/bash -e {0}
2022-12-27T11:40:00.3633830Z env:
2022-12-27T11:40:00.3633980Z   pythonLocation: /Users/runner/hostedtoolcache/Python/3.9.16/x64
2022-12-27T11:40:00.3634180Z   PKG_CONFIG_PATH: /Users/runner/hostedtoolcache/Python/3.9.16/x64/lib/pkgconfig
2022-12-27T11:40:00.3634370Z   Python_ROOT_DIR: /Users/runner/hostedtoolcache/Python/3.9.16/x64
2022-12-27T11:40:00.3634550Z   Python2_ROOT_DIR: /Users/runner/hostedtoolcache/Python/3.9.16/x64
2022-12-27T11:40:00.3634730Z   Python3_ROOT_DIR: /Users/runner/hostedtoolcache/Python/3.9.16/x64
2022-12-27T11:40:00.3634870Z ##[endgroup]
2022-12-27T11:40:00.4214650Z Cleaning up orphan processes
