2022-12-27T08:54:27.7527411Z Requested labels: self-hosted, macOS, X64
2022-12-27T08:54:27.7527518Z Job defined at: kilnbuild/python.build/.github/workflows/mac_arm_build.yml@refs/heads/main
2022-12-27T08:54:27.7527545Z Waiting for a runner to pick up this job...
2022-12-27T11:30:40.0936436Z Job is about to start running on the runner: s1 (organization)
2022-12-27T11:30:42.1090360Z Current runner version: '2.300.2'
2022-12-27T11:30:42.1095440Z Runner name: 's1'
2022-12-27T11:30:42.1095690Z Runner group name: 'Default'
2022-12-27T11:30:42.1096140Z Machine name: 's1'
2022-12-27T11:30:42.1097670Z ##[group]GITHUB_TOKEN Permissions
2022-12-27T11:30:42.1098090Z Actions: write
2022-12-27T11:30:42.1098240Z Checks: write
2022-12-27T11:30:42.1098380Z Contents: write
2022-12-27T11:30:42.1098510Z Deployments: write
2022-12-27T11:30:42.1098660Z Discussions: write
2022-12-27T11:30:42.1098800Z Issues: write
2022-12-27T11:30:42.1098930Z Metadata: read
2022-12-27T11:30:42.1099060Z Packages: write
2022-12-27T11:30:42.1099200Z Pages: write
2022-12-27T11:30:42.1099330Z PullRequests: write
2022-12-27T11:30:42.1099490Z RepositoryProjects: write
2022-12-27T11:30:42.1099660Z SecurityEvents: write
2022-12-27T11:30:42.1099790Z Statuses: write
2022-12-27T11:30:42.1099930Z ##[endgroup]
2022-12-27T11:30:42.1102430Z Secret source: Actions
2022-12-27T11:30:42.1102750Z Prepare workflow directory
2022-12-27T11:30:42.1773620Z Prepare all required actions
2022-12-27T11:30:42.1895620Z Getting action download info
2022-12-27T11:30:42.6376270Z Download action repository 'actions/setup-python@v4' (SHA:5ccb29d8773c3f3f653e1705f474dfaa8a06a912)
2022-12-27T11:30:44.3750330Z Download action repository 'actions/upload-artifact@v3' (SHA:83fd05a356d7e2593de66fc9913b3002723633cb)
2022-12-27T11:30:45.6978390Z ##[group]Run echo '{
2022-12-27T11:30:45.6978690Z [36;1mecho '{[0m
2022-12-27T11:30:45.6978850Z [36;1m  "package_name": "lxml",[0m
2022-12-27T11:30:45.6979110Z [36;1m  "package_url": "https://files.pythonhosted.org/packages/fa/d0/c52e0209cf6ba8c4f732ae55036900fc790b6bf7f7734f1c20b887f8b1da/lxml-2.2beta3.tar.gz",[0m
2022-12-27T11:30:45.6979340Z [36;1m  "package_version": "2.2beta3",[0m
2022-12-27T11:30:45.6979490Z [36;1m  "python_version": "3.9",[0m
2022-12-27T11:30:45.6979640Z [36;1m  "use_ccache": "true"[0m
2022-12-27T11:30:45.6979810Z [36;1m}'[0m
2022-12-27T11:30:45.6995680Z shell: /bin/bash -e {0}
2022-12-27T11:30:45.6995820Z ##[endgroup]
2022-12-27T11:30:45.7212800Z {
2022-12-27T11:30:45.7214300Z   "package_name": "lxml",
2022-12-27T11:30:45.7214990Z   "package_url": "https://files.pythonhosted.org/packages/fa/d0/c52e0209cf6ba8c4f732ae55036900fc790b6bf7f7734f1c20b887f8b1da/lxml-2.2beta3.tar.gz",
2022-12-27T11:30:45.7215350Z   "package_version": "2.2beta3",
2022-12-27T11:30:45.7215600Z   "python_version": "3.9",
2022-12-27T11:30:45.7215770Z   "use_ccache": "true"
2022-12-27T11:30:45.7215940Z }
2022-12-27T11:30:45.7433590Z ##[group]Run actions/setup-python@v4
2022-12-27T11:30:45.7433860Z with:
2022-12-27T11:30:45.7434050Z   python-version: 3.9
2022-12-27T11:30:45.7434210Z   check-latest: false
2022-12-27T11:30:45.7434640Z   token: ***
2022-12-27T11:30:45.7434850Z   update-environment: true
2022-12-27T11:30:45.7435000Z ##[endgroup]
2022-12-27T11:30:45.8694890Z ##[group]Installed versions
2022-12-27T11:30:45.8739540Z Successfully set up CPython (3.9.16)
2022-12-27T11:30:45.8740680Z ##[endgroup]
2022-12-27T11:30:45.8884770Z ##[group]Run if [ "true" == "true" ]
2022-12-27T11:30:45.8885090Z [36;1mif [ "true" == "true" ][0m
2022-12-27T11:30:45.8885250Z [36;1mthen[0m
2022-12-27T11:30:45.8885650Z [36;1m  echo "CCACHE_PATH_PREPEND=/usr/local/opt/ccache/libexec" >> $GITHUB_OUTPUT[0m
2022-12-27T11:30:45.8885850Z [36;1melse[0m
2022-12-27T11:30:45.8886050Z [36;1m  echo "CCACHE_PATH_PREPEND=" >> $GITHUB_OUTPUT[0m
2022-12-27T11:30:45.8886240Z [36;1mfi[0m
2022-12-27T11:30:45.8903110Z shell: /bin/bash -e {0}
2022-12-27T11:30:45.8903300Z env:
2022-12-27T11:30:45.8903530Z   pythonLocation: /Users/runner/hostedtoolcache/Python/3.9.16/x64
2022-12-27T11:30:45.8903800Z   PKG_CONFIG_PATH: /Users/runner/hostedtoolcache/Python/3.9.16/x64/lib/pkgconfig
2022-12-27T11:30:45.8904030Z   Python_ROOT_DIR: /Users/runner/hostedtoolcache/Python/3.9.16/x64
2022-12-27T11:30:45.8904340Z   Python2_ROOT_DIR: /Users/runner/hostedtoolcache/Python/3.9.16/x64
2022-12-27T11:30:45.8904640Z   Python3_ROOT_DIR: /Users/runner/hostedtoolcache/Python/3.9.16/x64
2022-12-27T11:30:45.8905100Z ##[endgroup]
2022-12-27T11:30:45.9007940Z ##[group]Run echo "BUILD_NAME=$(echo lxml_2.2beta3_3.9 | tr -dc '[:alnum:]\n\r' | tr '[:upper:]' '[:lower:]')" >> $GITHUB_OUTPUT
2022-12-27T11:30:45.9008420Z [36;1mecho "BUILD_NAME=$(echo lxml_2.2beta3_3.9 | tr -dc '[:alnum:]\n\r' | tr '[:upper:]' '[:lower:]')" >> $GITHUB_OUTPUT[0m
2022-12-27T11:30:45.9022680Z shell: /bin/bash -e {0}
2022-12-27T11:30:45.9022850Z env:
2022-12-27T11:30:45.9023070Z   pythonLocation: /Users/runner/hostedtoolcache/Python/3.9.16/x64
2022-12-27T11:30:45.9023430Z   PKG_CONFIG_PATH: /Users/runner/hostedtoolcache/Python/3.9.16/x64/lib/pkgconfig
2022-12-27T11:30:45.9023690Z   Python_ROOT_DIR: /Users/runner/hostedtoolcache/Python/3.9.16/x64
2022-12-27T11:30:45.9023930Z   Python2_ROOT_DIR: /Users/runner/hostedtoolcache/Python/3.9.16/x64
2022-12-27T11:30:45.9024170Z   Python3_ROOT_DIR: /Users/runner/hostedtoolcache/Python/3.9.16/x64
2022-12-27T11:30:45.9024380Z ##[endgroup]
2022-12-27T11:30:45.9162730Z ##[group]Run echo "PYTHON_NO_DOTS=$(echo 3.9 | tr -dc '[:alnum:]\n\r' | tr '[:upper:]' '[:lower:]')" >> $GITHUB_OUTPUT
2022-12-27T11:30:45.9163150Z [36;1mecho "PYTHON_NO_DOTS=$(echo 3.9 | tr -dc '[:alnum:]\n\r' | tr '[:upper:]' '[:lower:]')" >> $GITHUB_OUTPUT[0m
2022-12-27T11:30:45.9177300Z shell: /bin/bash -e {0}
2022-12-27T11:30:45.9177500Z env:
2022-12-27T11:30:45.9177720Z   pythonLocation: /Users/runner/hostedtoolcache/Python/3.9.16/x64
2022-12-27T11:30:45.9178400Z   PKG_CONFIG_PATH: /Users/runner/hostedtoolcache/Python/3.9.16/x64/lib/pkgconfig
2022-12-27T11:30:45.9178620Z   Python_ROOT_DIR: /Users/runner/hostedtoolcache/Python/3.9.16/x64
2022-12-27T11:30:45.9178800Z   Python2_ROOT_DIR: /Users/runner/hostedtoolcache/Python/3.9.16/x64
2022-12-27T11:30:45.9179000Z   Python3_ROOT_DIR: /Users/runner/hostedtoolcache/Python/3.9.16/x64
2022-12-27T11:30:45.9179180Z ##[endgroup]
2022-12-27T11:30:45.9285960Z ##[group]Run rm -rf build_lxml22beta339
2022-12-27T11:30:45.9286320Z [36;1mrm -rf build_lxml22beta339[0m
2022-12-27T11:30:45.9286520Z [36;1mmkdir build_lxml22beta339[0m
2022-12-27T11:30:45.9286700Z [36;1mcd build_lxml22beta339[0m
2022-12-27T11:30:45.9287000Z [36;1m/usr/local/bin/wget --quiet https://files.pythonhosted.org/packages/fa/d0/c52e0209cf6ba8c4f732ae55036900fc790b6bf7f7734f1c20b887f8b1da/lxml-2.2beta3.tar.gz[0m
2022-12-27T11:30:45.9287300Z [36;1mtar xf *.tar.gz[0m
2022-12-27T11:30:45.9287430Z [36;1mcd *[0m
2022-12-27T11:30:45.9287620Z [36;1mpython -m pip install cibuildwheel==2.11.3[0m
2022-12-27T11:30:45.9287830Z [36;1mpython -m cibuildwheel --output-dir ../wheelsout[0m
2022-12-27T11:30:45.9302030Z shell: /bin/bash -e {0}
2022-12-27T11:30:45.9302220Z env:
2022-12-27T11:30:45.9302430Z   pythonLocation: /Users/runner/hostedtoolcache/Python/3.9.16/x64
2022-12-27T11:30:45.9302710Z   PKG_CONFIG_PATH: /Users/runner/hostedtoolcache/Python/3.9.16/x64/lib/pkgconfig
2022-12-27T11:30:45.9303000Z   Python_ROOT_DIR: /Users/runner/hostedtoolcache/Python/3.9.16/x64
2022-12-27T11:30:45.9303230Z   Python2_ROOT_DIR: /Users/runner/hostedtoolcache/Python/3.9.16/x64
2022-12-27T11:30:45.9303470Z   Python3_ROOT_DIR: /Users/runner/hostedtoolcache/Python/3.9.16/x64
2022-12-27T11:30:45.9303680Z   CIBW_ARCHS_MACOS: arm64
2022-12-27T11:30:45.9304000Z   CIBW_TEST_SKIP: *_arm64
2022-12-27T11:30:45.9304190Z   CIBW_BUILD: cp39-macosx_arm64
2022-12-27T11:30:45.9304340Z   CIBW_BUILD_FRONTEND: pip
2022-12-27T11:30:45.9304510Z   CIBW_BUILD_VERBOSITY: 3
2022-12-27T11:30:45.9304820Z   CIBW_ENVIRONMENT_MACOS:  CFLAGS="-I/usr/local/opt/openssl@3/include" LDFLAGS="-L/usr/local/opt/openssl@3/lib" CPPFLAGS="-I/usr/local/opt/openssl@3/include" MAKEFLAGS="-j$(sysctl -n hw.logicalcpu)" PATH=/usr/local/opt/ccache/libexec:$PATH
2022-12-27T11:30:45.9305220Z   CIBW_BEFORE_BUILD: pip install Cython; if [[ -f requirements.txt ]]; then pip install -r requirements.txt; fi
2022-12-27T11:30:45.9305440Z   MAKEFLAGS: -j$(sysctl -n hw.logicalcpu)
2022-12-27T11:30:45.9305610Z ##[endgroup]
2022-12-27T11:30:46.4081990Z Requirement already satisfied: cibuildwheel==2.11.3 in /Users/runner/hostedtoolcache/Python/3.9.16/x64/lib/python3.9/site-packages (2.11.3)
2022-12-27T11:30:46.4347180Z Requirement already satisfied: certifi in /Users/runner/hostedtoolcache/Python/3.9.16/x64/lib/python3.9/site-packages (from cibuildwheel==2.11.3) (2022.12.7)
2022-12-27T11:30:46.4352450Z Requirement already satisfied: bashlex!=0.13 in /Users/runner/hostedtoolcache/Python/3.9.16/x64/lib/python3.9/site-packages (from cibuildwheel==2.11.3) (0.16)
2022-12-27T11:30:46.4355750Z Requirement already satisfied: platformdirs in /Users/runner/hostedtoolcache/Python/3.9.16/x64/lib/python3.9/site-packages (from cibuildwheel==2.11.3) (2.6.0)
2022-12-27T11:30:46.4359370Z Requirement already satisfied: bracex in /Users/runner/hostedtoolcache/Python/3.9.16/x64/lib/python3.9/site-packages (from cibuildwheel==2.11.3) (2.3.post1)
2022-12-27T11:30:46.4365560Z Requirement already satisfied: tomli in /Users/runner/hostedtoolcache/Python/3.9.16/x64/lib/python3.9/site-packages (from cibuildwheel==2.11.3) (2.0.1)
2022-12-27T11:30:46.4370220Z Requirement already satisfied: filelock in /Users/runner/hostedtoolcache/Python/3.9.16/x64/lib/python3.9/site-packages (from cibuildwheel==2.11.3) (3.8.2)
2022-12-27T11:30:46.4375420Z Requirement already satisfied: packaging>=20.9 in /Users/runner/hostedtoolcache/Python/3.9.16/x64/lib/python3.9/site-packages (from cibuildwheel==2.11.3) (22.0)
2022-12-27T11:30:46.4384180Z Requirement already satisfied: typing-extensions>=4.1.0 in /Users/runner/hostedtoolcache/Python/3.9.16/x64/lib/python3.9/site-packages (from cibuildwheel==2.11.3) (4.4.0)
2022-12-27T11:30:46.6055320Z 
2022-12-27T11:30:46.6055620Z      _ _       _ _   _       _           _
2022-12-27T11:30:46.6056620Z  ___|_| |_ _ _|_| |_| |_ _ _| |_ ___ ___| |
2022-12-27T11:30:46.6057410Z |  _| | . | | | | | . | | | |   | -_| -_| |
2022-12-27T11:30:46.6058500Z |___|_|___|___|_|_|___|_____|_|_|___|___|_|
2022-12-27T11:30:46.6058760Z 
2022-12-27T11:30:46.6059120Z cibuildwheel version 2.11.3
2022-12-27T11:30:46.6059350Z 
2022-12-27T11:30:46.6059530Z Build options:
2022-12-27T11:30:46.6059810Z   platform: macos
2022-12-27T11:30:46.6122470Z   architectures: arm64[0m
2022-12-27T11:30:46.6122880Z   build_selector: 
2022-12-27T11:30:46.6123560Z     build_config: cp39-macosx_arm64
2022-12-27T11:30:46.6123970Z     skip_config: 
2022-12-27T11:30:46.6124310Z     requires_python: None
2022-12-27T11:30:46.6124760Z     prerelease_pythons: False[0m
2022-12-27T11:30:46.6125530Z   [38;5;244mcontainer_engine: docker[0m
2022-12-27T11:30:46.6126260Z   output_dir: /Users/runner/actions-runner/_work/python.build/python.build/build_lxml22beta339/wheelsout[0m
2022-12-27T11:30:46.6127230Z   package_dir: /Users/runner/actions-runner/_work/python.build/python.build/build_lxml22beta339/lxml-2.2beta3[0m
2022-12-27T11:30:46.6127590Z   test_selector: 
2022-12-27T11:30:46.6127980Z     skip_config: *_arm64[0m
2022-12-27T11:30:46.6128360Z   [38;5;244mbefore_all: [0m
2022-12-27T11:30:46.6128840Z   before_build: pip install Cython; if [[ -f requirements.txt ]]; then pip install -r requirements.txt; fi[0m
2022-12-27T11:30:46.6129480Z   [38;5;244mbefore_test: [0m
2022-12-27T11:30:46.6129870Z   [38;5;244mbuild_frontend: pip[0m
2022-12-27T11:30:46.6130190Z   build_verbosity: 3[0m
2022-12-27T11:30:46.6130550Z   [38;5;244mconfig_settings: [0m
2022-12-27T11:30:46.6131130Z   [38;5;244mdependency_constraints: pinned[0m
2022-12-27T11:30:46.6131440Z   environment: 
2022-12-27T11:30:46.6131810Z     CFLAGS="-I/usr/local/opt/openssl@3/include"
2022-12-27T11:30:46.6132220Z     LDFLAGS="-L/usr/local/opt/openssl@3/lib"
2022-12-27T11:30:46.6132650Z     CPPFLAGS="-I/usr/local/opt/openssl@3/include"
2022-12-27T11:30:46.6133190Z     MAKEFLAGS="-j$(sysctl -n hw.logicalcpu)"
2022-12-27T11:30:46.6133630Z     PATH=/usr/local/opt/ccache/libexec:$PATH[0m
2022-12-27T11:30:46.6134040Z   [38;5;244mmanylinux_images: None[0m
2022-12-27T11:30:46.6134450Z   [38;5;244mmusllinux_images: None[0m
2022-12-27T11:30:46.6135020Z   [38;5;244mrepair_command: delocate-wheel --require-archs {delocate_archs} -w {dest_dir} -v {wheel}[0m
2022-12-27T11:30:46.6136010Z   [38;5;244mtest_command: [0m
2022-12-27T11:30:46.6136340Z   [38;5;244mtest_extras: [0m
2022-12-27T11:30:46.6136710Z   [38;5;244mtest_requires: [0m
2022-12-27T11:30:46.6136890Z 
2022-12-27T11:30:46.6137050Z Cache folder: /Users/runner/Library/Caches/cibuildwheel
2022-12-27T11:30:46.6145350Z 
2022-12-27T11:30:46.6145620Z Here we go!
2022-12-27T11:30:46.6145770Z 
2022-12-27T11:30:46.6201280Z 
2022-12-27T11:30:46.6201980Z [1m[34mBuilding cp39-macosx_arm64 wheel[0m
2022-12-27T11:30:46.6202480Z CPython 3.9 macOS arm64 - Apple Silicon
2022-12-27T11:30:46.6202700Z 
2022-12-27T11:30:46.6205070Z ##[group]Installing Python cp39...
2022-12-27T11:30:46.6205280Z 
2022-12-27T11:30:46.6205440Z + pkgutil --pkgs
2022-12-27T11:30:46.6303740Z ##[endgroup]
2022-12-27T11:30:46.6304820Z                                                               [32m✓ [0m0.01s
2022-12-27T11:30:46.6305400Z ##[group]Setting up build environment...
2022-12-27T11:30:46.6305640Z 
2022-12-27T11:30:46.6325680Z + /Users/runner/hostedtoolcache/Python/3.9.16/x64/bin/python -sS /Users/runner/Library/Caches/cibuildwheel/virtualenv-20.17.0.pyz --activators= --no-periodic-update --pip=22.3.1 --setuptools=65.6.3 --wheel=0.38.4 --symlink-app-data --python /Library/Frameworks/Python.framework/Versions/3.9/bin/python3 /private/var/folders/51/hd414ycd67n82196sw51xqtc0000gn/T/cibw-run-_upk5pb6/cp39-macosx_arm64/build/venv
2022-12-27T11:30:46.8196990Z created virtual environment CPython3.9.13.final.0-64 in 48ms
2022-12-27T11:30:46.8198010Z   creator CPython3Posix(dest=/private/var/folders/51/hd414ycd67n82196sw51xqtc0000gn/T/cibw-run-_upk5pb6/cp39-macosx_arm64/build/venv, clear=False, no_vcs_ignore=False, global=False)
2022-12-27T11:30:46.8198720Z   seeder FromAppData(download=False, pip=22.3.1, setuptools=65.6.3, wheel=0.38.4, via=symlink, app_data_dir=/Users/runner/Library/Application Support/virtualenv)
2022-12-27T11:30:46.8199070Z     added seed packages: pip==22.3.1, setuptools==65.6.3, wheel==0.38.4
2022-12-27T11:30:46.8293530Z + python -m pip install --upgrade pip -c /Users/runner/hostedtoolcache/Python/3.9.16/x64/lib/python3.9/site-packages/cibuildwheel/resources/constraints-python39.txt
2022-12-27T11:30:47.1470350Z Requirement already satisfied: pip in ./lib/python3.9/site-packages (22.3.1)
2022-12-27T11:30:47.3000070Z + which pip
2022-12-27T11:30:47.3016470Z /private/var/folders/51/hd414ycd67n82196sw51xqtc0000gn/T/cibw-run-_upk5pb6/cp39-macosx_arm64/build/venv/bin/pip
2022-12-27T11:30:47.3018450Z + pip --version
2022-12-27T11:30:47.5308460Z pip 22.3.1 from /private/var/folders/51/hd414ycd67n82196sw51xqtc0000gn/T/cibw-run-_upk5pb6/cp39-macosx_arm64/build/venv/lib/python3.9/site-packages/pip (python 3.9)
2022-12-27T11:30:47.5517880Z + which pip
2022-12-27T11:30:47.5545090Z + which python
2022-12-27T11:30:47.5563010Z /private/var/folders/51/hd414ycd67n82196sw51xqtc0000gn/T/cibw-run-_upk5pb6/cp39-macosx_arm64/build/venv/bin/python
2022-12-27T11:30:47.5565570Z + python --version
2022-12-27T11:30:47.5611080Z Python 3.9.13
2022-12-27T11:30:47.5614430Z + which python
2022-12-27T11:30:47.5665850Z ##[endgroup]
2022-12-27T11:30:47.5666260Z                                                               [32m✓ [0m0.94s
2022-12-27T11:30:47.5666710Z ##[group]Installing build tools...
2022-12-27T11:30:47.5666860Z 
2022-12-27T11:30:47.5667260Z + pip install --upgrade setuptools wheel delocate -c /Users/runner/hostedtoolcache/Python/3.9.16/x64/lib/python3.9/site-packages/cibuildwheel/resources/constraints-python39.txt
2022-12-27T11:30:47.8742690Z Requirement already satisfied: setuptools in /private/var/folders/51/hd414ycd67n82196sw51xqtc0000gn/T/cibw-run-_upk5pb6/cp39-macosx_arm64/build/venv/lib/python3.9/site-packages (65.6.3)
2022-12-27T11:30:48.1185370Z Requirement already satisfied: wheel in /private/var/folders/51/hd414ycd67n82196sw51xqtc0000gn/T/cibw-run-_upk5pb6/cp39-macosx_arm64/build/venv/lib/python3.9/site-packages (0.38.4)
2022-12-27T11:30:48.1687380Z Collecting delocate
2022-12-27T11:30:48.1713320Z   Using cached delocate-0.10.3-py3-none-any.whl (142 kB)
2022-12-27T11:30:48.2045030Z Collecting packaging>=20.9
2022-12-27T11:30:48.2067350Z   Using cached packaging-21.3-py3-none-any.whl (40 kB)
2022-12-27T11:30:48.2257430Z Collecting typing-extensions
2022-12-27T11:30:48.2278700Z   Using cached typing_extensions-4.4.0-py3-none-any.whl (26 kB)
2022-12-27T11:30:48.2682810Z Collecting pyparsing!=3.0.5,>=2.0.2
2022-12-27T11:30:48.2704200Z   Using cached pyparsing-3.0.9-py3-none-any.whl (98 kB)
2022-12-27T11:30:48.3093840Z Installing collected packages: typing-extensions, pyparsing, packaging, delocate
2022-12-27T11:30:48.4615840Z Successfully installed delocate-0.10.3 packaging-21.3 pyparsing-3.0.9 typing-extensions-4.4.0
2022-12-27T11:30:48.5059050Z ##[endgroup]
2022-12-27T11:30:48.5059690Z                                                               [32m✓ [0m0.94s
2022-12-27T11:30:48.5060110Z ##[group]Running before_build...
2022-12-27T11:30:48.5060260Z 
2022-12-27T11:30:48.5065180Z + pip install Cython; if [[ -f requirements.txt ]]; then pip install -r requirements.txt; fi
2022-12-27T11:30:49.2158510Z Collecting Cython
2022-12-27T11:30:49.2244800Z   Using cached Cython-0.29.32-py2.py3-none-any.whl (986 kB)
2022-12-27T11:30:49.2687690Z Installing collected packages: Cython
2022-12-27T11:30:49.7528900Z Successfully installed Cython-0.29.32
2022-12-27T11:30:49.7939880Z ##[endgroup]
2022-12-27T11:30:49.7940520Z                                                               [32m✓ [0m1.29s
2022-12-27T11:30:49.7940980Z ##[group]Building wheel...
2022-12-27T11:30:49.7941100Z 
2022-12-27T11:30:49.7945780Z + python -m pip wheel /Users/runner/actions-runner/_work/python.build/python.build/build_lxml22beta339/lxml-2.2beta3 --wheel-dir=/private/var/folders/51/hd414ycd67n82196sw51xqtc0000gn/T/cibw-run-_upk5pb6/cp39-macosx_arm64/built_wheel --no-deps -vvv
2022-12-27T11:30:50.0812570Z Created temporary directory: /private/var/folders/51/hd414ycd67n82196sw51xqtc0000gn/T/pip-ephem-wheel-cache-4cfdthp4
2022-12-27T11:30:50.0816540Z Created temporary directory: /private/var/folders/51/hd414ycd67n82196sw51xqtc0000gn/T/pip-build-tracker-2ruzvh39
2022-12-27T11:30:50.0819010Z Initialized build tracking at /private/var/folders/51/hd414ycd67n82196sw51xqtc0000gn/T/pip-build-tracker-2ruzvh39
2022-12-27T11:30:50.0820490Z Created build tracker: /private/var/folders/51/hd414ycd67n82196sw51xqtc0000gn/T/pip-build-tracker-2ruzvh39
2022-12-27T11:30:50.0822020Z Entered build tracker: /private/var/folders/51/hd414ycd67n82196sw51xqtc0000gn/T/pip-build-tracker-2ruzvh39
2022-12-27T11:30:50.0825560Z Created temporary directory: /private/var/folders/51/hd414ycd67n82196sw51xqtc0000gn/T/pip-wheel-klt4_dw7
2022-12-27T11:30:50.0832590Z Created temporary directory: /private/var/folders/51/hd414ycd67n82196sw51xqtc0000gn/T/pip-ephem-wheel-cache-_7q6wljg
2022-12-27T11:30:50.1005340Z Processing /Users/runner/actions-runner/_work/python.build/python.build/build_lxml22beta339/lxml-2.2beta3
2022-12-27T11:30:50.1011360Z   Added file:///Users/runner/actions-runner/_work/python.build/python.build/build_lxml22beta339/lxml-2.2beta3 to build tracker '/private/var/folders/51/hd414ycd67n82196sw51xqtc0000gn/T/pip-build-tracker-2ruzvh39'
2022-12-27T11:30:50.1015460Z   Running setup.py (path:/Users/runner/actions-runner/_work/python.build/python.build/build_lxml22beta339/lxml-2.2beta3/setup.py) egg_info for package from file:///Users/runner/actions-runner/_work/python.build/python.build/build_lxml22beta339/lxml-2.2beta3
2022-12-27T11:30:50.1019260Z   Created temporary directory: /private/var/folders/51/hd414ycd67n82196sw51xqtc0000gn/T/pip-pip-egg-info-2ys44l29
2022-12-27T11:30:50.1021370Z   Preparing metadata (setup.py): started
2022-12-27T11:30:50.1024030Z   Running command python setup.py egg_info
2022-12-27T11:30:50.4853130Z   /private/var/folders/51/hd414ycd67n82196sw51xqtc0000gn/T/cibw-run-_upk5pb6/cp39-macosx_arm64/build/venv/lib/python3.9/site-packages/setuptools/dist.py:529: UserWarning: Normalizing '2.2beta3' to '2.2b3'
2022-12-27T11:30:50.4853620Z     warnings.warn(tmpl.format(**locals()))
2022-12-27T11:30:50.4914070Z   Building lxml version 2.2.beta3.
2022-12-27T11:30:50.4916060Z   Building with Cython 0.29.32.
2022-12-27T11:30:50.4917920Z   Using build configuration of libxslt 1.1.29
2022-12-27T11:30:50.4919960Z   Building against libxml2/libxslt in the following directory: /Library/Developer/CommandLineTools/SDKs/MacOSX12.1.sdk/usr/lib
2022-12-27T11:30:50.4921370Z   running egg_info
2022-12-27T11:30:50.4923430Z   creating /private/var/folders/51/hd414ycd67n82196sw51xqtc0000gn/T/pip-pip-egg-info-2ys44l29/lxml.egg-info
2022-12-27T11:30:50.4934830Z   writing /private/var/folders/51/hd414ycd67n82196sw51xqtc0000gn/T/pip-pip-egg-info-2ys44l29/lxml.egg-info/PKG-INFO
2022-12-27T11:30:50.4939880Z   writing dependency_links to /private/var/folders/51/hd414ycd67n82196sw51xqtc0000gn/T/pip-pip-egg-info-2ys44l29/lxml.egg-info/dependency_links.txt
2022-12-27T11:30:50.4944160Z   writing top-level names to /private/var/folders/51/hd414ycd67n82196sw51xqtc0000gn/T/pip-pip-egg-info-2ys44l29/lxml.egg-info/top_level.txt
2022-12-27T11:30:50.4947700Z   writing manifest file '/private/var/folders/51/hd414ycd67n82196sw51xqtc0000gn/T/pip-pip-egg-info-2ys44l29/lxml.egg-info/SOURCES.txt'
2022-12-27T11:30:50.5012940Z   reading manifest file '/private/var/folders/51/hd414ycd67n82196sw51xqtc0000gn/T/pip-pip-egg-info-2ys44l29/lxml.egg-info/SOURCES.txt'
2022-12-27T11:30:50.5015590Z   reading manifest template 'MANIFEST.in'
2022-12-27T11:30:50.5916580Z   adding license file 'LICENSES.txt'
2022-12-27T11:30:50.5982610Z   writing manifest file '/private/var/folders/51/hd414ycd67n82196sw51xqtc0000gn/T/pip-pip-egg-info-2ys44l29/lxml.egg-info/SOURCES.txt'
2022-12-27T11:30:50.6222530Z   Preparing metadata (setup.py): finished with status 'done'
2022-12-27T11:30:50.6247510Z   Source in /Users/runner/actions-runner/_work/python.build/python.build/build_lxml22beta339/lxml-2.2beta3 has version 2.2b3, which satisfies requirement lxml==2.2b3 from file:///Users/runner/actions-runner/_work/python.build/python.build/build_lxml22beta339/lxml-2.2beta3
2022-12-27T11:30:50.6250910Z   Removed lxml==2.2b3 from file:///Users/runner/actions-runner/_work/python.build/python.build/build_lxml22beta339/lxml-2.2beta3 from build tracker '/private/var/folders/51/hd414ycd67n82196sw51xqtc0000gn/T/pip-build-tracker-2ruzvh39'
2022-12-27T11:30:50.6268710Z Created temporary directory: /private/var/folders/51/hd414ycd67n82196sw51xqtc0000gn/T/pip-unpack-jv7ic10k
2022-12-27T11:30:50.6271060Z Building wheels for collected packages: lxml
2022-12-27T11:30:50.6278360Z   Created temporary directory: /private/var/folders/51/hd414ycd67n82196sw51xqtc0000gn/T/pip-wheel-q5n_ukg6
2022-12-27T11:30:50.6280320Z   Building wheel for lxml (setup.py): started
2022-12-27T11:30:50.6282330Z   Destination directory: /private/var/folders/51/hd414ycd67n82196sw51xqtc0000gn/T/pip-wheel-q5n_ukg6
2022-12-27T11:30:50.6283910Z   Running command python setup.py bdist_wheel
2022-12-27T11:30:50.8846340Z   Building lxml version 2.2.beta3.
2022-12-27T11:30:50.8847750Z   Building with Cython 0.29.32.
2022-12-27T11:30:50.8977630Z   Using build configuration of libxslt 1.1.29
2022-12-27T11:30:50.9928460Z   Building against libxml2/libxslt in the following directory: /Library/Developer/CommandLineTools/SDKs/MacOSX12.1.sdk/usr/lib
2022-12-27T11:30:51.0037980Z   /private/var/folders/51/hd414ycd67n82196sw51xqtc0000gn/T/cibw-run-_upk5pb6/cp39-macosx_arm64/build/venv/lib/python3.9/site-packages/setuptools/dist.py:529: UserWarning: Normalizing '2.2beta3' to '2.2b3'
2022-12-27T11:30:51.0039260Z     warnings.warn(tmpl.format(**locals()))
2022-12-27T11:30:51.0184460Z   running bdist_wheel
2022-12-27T11:30:51.0230140Z   running build
2022-12-27T11:30:51.0232250Z   running build_py
2022-12-27T11:30:51.0255320Z   creating build
2022-12-27T11:30:51.0257720Z   creating build/lib.macosx-11.0-arm64-cpython-39
2022-12-27T11:30:51.0259640Z   creating build/lib.macosx-11.0-arm64-cpython-39/lxml
2022-12-27T11:30:51.0261600Z   copying src/lxml/_elementpath.py -> build/lib.macosx-11.0-arm64-cpython-39/lxml
2022-12-27T11:30:51.0263360Z   copying src/lxml/sax.py -> build/lib.macosx-11.0-arm64-cpython-39/lxml
2022-12-27T11:30:51.0264950Z   copying src/lxml/pyclasslookup.py -> build/lib.macosx-11.0-arm64-cpython-39/lxml
2022-12-27T11:30:51.0268220Z   copying src/lxml/__init__.py -> build/lib.macosx-11.0-arm64-cpython-39/lxml
2022-12-27T11:30:51.0270910Z   copying src/lxml/builder.py -> build/lib.macosx-11.0-arm64-cpython-39/lxml
2022-12-27T11:30:51.0274870Z   copying src/lxml/doctestcompare.py -> build/lib.macosx-11.0-arm64-cpython-39/lxml
2022-12-27T11:30:51.0278830Z   copying src/lxml/usedoctest.py -> build/lib.macosx-11.0-arm64-cpython-39/lxml
2022-12-27T11:30:51.0281560Z   copying src/lxml/cssselect.py -> build/lib.macosx-11.0-arm64-cpython-39/lxml
2022-12-27T11:30:51.0285110Z   copying src/lxml/ElementInclude.py -> build/lib.macosx-11.0-arm64-cpython-39/lxml
2022-12-27T11:30:51.0293340Z   creating build/lib.macosx-11.0-arm64-cpython-39/lxml/html
2022-12-27T11:30:51.0295580Z   copying src/lxml/html/soupparser.py -> build/lib.macosx-11.0-arm64-cpython-39/lxml/html
2022-12-27T11:30:51.0298400Z   copying src/lxml/html/defs.py -> build/lib.macosx-11.0-arm64-cpython-39/lxml/html
2022-12-27T11:30:51.0301870Z   copying src/lxml/html/_setmixin.py -> build/lib.macosx-11.0-arm64-cpython-39/lxml/html
2022-12-27T11:30:51.0304980Z   copying src/lxml/html/clean.py -> build/lib.macosx-11.0-arm64-cpython-39/lxml/html
2022-12-27T11:30:51.0308300Z   copying src/lxml/html/_diffcommand.py -> build/lib.macosx-11.0-arm64-cpython-39/lxml/html
2022-12-27T11:30:51.0310860Z   copying src/lxml/html/html5parser.py -> build/lib.macosx-11.0-arm64-cpython-39/lxml/html
2022-12-27T11:30:51.0314410Z   copying src/lxml/html/__init__.py -> build/lib.macosx-11.0-arm64-cpython-39/lxml/html
2022-12-27T11:30:51.0317350Z   copying src/lxml/html/formfill.py -> build/lib.macosx-11.0-arm64-cpython-39/lxml/html
2022-12-27T11:30:51.0319950Z   copying src/lxml/html/builder.py -> build/lib.macosx-11.0-arm64-cpython-39/lxml/html
2022-12-27T11:30:51.0322480Z   copying src/lxml/html/ElementSoup.py -> build/lib.macosx-11.0-arm64-cpython-39/lxml/html
2022-12-27T11:30:51.0325300Z   copying src/lxml/html/_html5builder.py -> build/lib.macosx-11.0-arm64-cpython-39/lxml/html
2022-12-27T11:30:51.0328010Z   copying src/lxml/html/usedoctest.py -> build/lib.macosx-11.0-arm64-cpython-39/lxml/html
2022-12-27T11:30:51.0331240Z   copying src/lxml/html/diff.py -> build/lib.macosx-11.0-arm64-cpython-39/lxml/html
2022-12-27T11:30:51.0334290Z   copying src/lxml/html/_dictmixin.py -> build/lib.macosx-11.0-arm64-cpython-39/lxml/html
2022-12-27T11:30:51.0346440Z   running build_ext
2022-12-27T11:30:51.0757250Z   skipping 'src/lxml/lxml.etree.c' Cython extension (up-to-date)
2022-12-27T11:30:51.0759800Z   skipping 'src/lxml/lxml.objectify.c' Cython extension (up-to-date)
2022-12-27T11:30:51.0761740Z   building 'lxml.etree' extension
2022-12-27T11:30:51.0763510Z   creating build/temp.macosx-11.0-arm64-cpython-39
2022-12-27T11:30:51.0764900Z   creating build/temp.macosx-11.0-arm64-cpython-39/src
2022-12-27T11:30:51.0766440Z   creating build/temp.macosx-11.0-arm64-cpython-39/src/lxml
2022-12-27T11:30:51.0768920Z   gcc -Wno-unused-result -Wsign-compare -Wunreachable-code -fno-common -dynamic -DNDEBUG -g -fwrapv -O3 -Wall -g -I/usr/local/opt/openssl@3/include -I/usr/local/opt/openssl@3/include -arch arm64 -I/Library/Developer/CommandLineTools/SDKs/MacOSX12.1.sdk/usr/include -I/private/var/folders/51/hd414ycd67n82196sw51xqtc0000gn/T/cibw-run-_upk5pb6/cp39-macosx_arm64/build/venv/include -I/Library/Frameworks/Python.framework/Versions/3.9/include/python3.9 -c src/lxml/lxml.etree.c -o build/temp.macosx-11.0-arm64-cpython-39/src/lxml/lxml.etree.o -w -flat_namespace
2022-12-27T11:30:51.6487080Z   src/lxml/lxml.etree.c:147939:21: error: no member named 'exc_type' in 'struct _ts'
2022-12-27T11:30:51.6488490Z       *type = tstate->exc_type;
2022-12-27T11:30:51.6490210Z               ~~~~~~  ^
2022-12-27T11:30:51.6492560Z   src/lxml/lxml.etree.c:147940:22: error: no member named 'exc_value' in 'struct _ts'; did you mean 'curexc_value'?
2022-12-27T11:30:51.6494330Z       *value = tstate->exc_value;
2022-12-27T11:30:51.6495720Z                        ^~~~~~~~~
2022-12-27T11:30:51.6497150Z                        curexc_value
2022-12-27T11:30:51.6498890Z   /Library/Frameworks/Python.framework/Versions/3.9/include/python3.9/cpython/pystate.h:78:15: note: 'curexc_value' declared here
2022-12-27T11:30:51.6500240Z       PyObject *curexc_value;
2022-12-27T11:30:51.6501640Z                 ^
2022-12-27T11:30:51.6503340Z   src/lxml/lxml.etree.c:147941:19: error: no member named 'exc_traceback' in 'struct _ts'; did you mean 'curexc_traceback'?
2022-12-27T11:30:51.6504770Z       *tb = tstate->exc_traceback;
2022-12-27T11:30:51.6506040Z                     ^~~~~~~~~~~~~
2022-12-27T11:30:51.6507510Z                     curexc_traceback
2022-12-27T11:30:51.6509150Z   /Library/Frameworks/Python.framework/Versions/3.9/include/python3.9/cpython/pystate.h:79:15: note: 'curexc_traceback' declared here
2022-12-27T11:30:51.6510480Z       PyObject *curexc_traceback;
2022-12-27T11:30:51.6511810Z                 ^
2022-12-27T11:30:51.6513430Z   src/lxml/lxml.etree.c:147950:24: error: no member named 'exc_type' in 'struct _ts'
2022-12-27T11:30:51.6514930Z       tmp_type = tstate->exc_type;
2022-12-27T11:30:51.6516260Z                  ~~~~~~  ^
2022-12-27T11:30:51.6517860Z   src/lxml/lxml.etree.c:147951:25: error: no member named 'exc_value' in 'struct _ts'; did you mean 'curexc_value'?
2022-12-27T11:30:51.6519250Z       tmp_value = tstate->exc_value;
2022-12-27T11:30:51.6520600Z                           ^~~~~~~~~
2022-12-27T11:30:51.6522020Z                           curexc_value
2022-12-27T11:30:51.6523670Z   /Library/Frameworks/Python.framework/Versions/3.9/include/python3.9/cpython/pystate.h:78:15: note: 'curexc_value' declared here
2022-12-27T11:30:51.6525000Z       PyObject *curexc_value;
2022-12-27T11:30:51.6526640Z                 ^
2022-12-27T11:30:51.6528190Z   src/lxml/lxml.etree.c:147952:22: error: no member named 'exc_traceback' in 'struct _ts'; did you mean 'curexc_traceback'?
2022-12-27T11:30:51.6529460Z       tmp_tb = tstate->exc_traceback;
2022-12-27T11:30:51.6530940Z                        ^~~~~~~~~~~~~
2022-12-27T11:30:51.6532270Z                        curexc_traceback
2022-12-27T11:30:51.6533950Z   /Library/Frameworks/Python.framework/Versions/3.9/include/python3.9/cpython/pystate.h:79:15: note: 'curexc_traceback' declared here
2022-12-27T11:30:51.6535320Z       PyObject *curexc_traceback;
2022-12-27T11:30:51.6536690Z                 ^
2022-12-27T11:30:51.6538310Z   src/lxml/lxml.etree.c:147953:13: error: no member named 'exc_type' in 'struct _ts'
2022-12-27T11:30:51.6539680Z       tstate->exc_type = type;
2022-12-27T11:30:51.6541020Z       ~~~~~~  ^
2022-12-27T11:30:51.6542670Z   src/lxml/lxml.etree.c:147954:13: error: no member named 'exc_value' in 'struct _ts'; did you mean 'curexc_value'?
2022-12-27T11:30:51.6544080Z       tstate->exc_value = value;
2022-12-27T11:30:51.6545300Z               ^~~~~~~~~
2022-12-27T11:30:51.6546760Z               curexc_value
2022-12-27T11:30:51.6548430Z   /Library/Frameworks/Python.framework/Versions/3.9/include/python3.9/cpython/pystate.h:78:15: note: 'curexc_value' declared here
2022-12-27T11:30:51.6549700Z       PyObject *curexc_value;
2022-12-27T11:30:51.6551050Z                 ^
2022-12-27T11:30:51.6552770Z   src/lxml/lxml.etree.c:147955:13: error: no member named 'exc_traceback' in 'struct _ts'; did you mean 'curexc_traceback'?
2022-12-27T11:30:51.6554150Z       tstate->exc_traceback = tb;
2022-12-27T11:30:51.6555540Z               ^~~~~~~~~~~~~
2022-12-27T11:30:51.6556960Z               curexc_traceback
2022-12-27T11:30:51.6558670Z   /Library/Frameworks/Python.framework/Versions/3.9/include/python3.9/cpython/pystate.h:79:15: note: 'curexc_traceback' declared here
2022-12-27T11:30:51.6559950Z       PyObject *curexc_traceback;
2022-12-27T11:30:51.6561330Z                 ^
2022-12-27T11:30:51.6563070Z   src/lxml/lxml.etree.c:148032:24: error: no member named 'exc_type' in 'struct _ts'
2022-12-27T11:30:51.6564680Z       tmp_type = tstate->exc_type;
2022-12-27T11:30:51.6565860Z                  ~~~~~~  ^
2022-12-27T11:30:51.6567520Z   src/lxml/lxml.etree.c:148033:25: error: no member named 'exc_value' in 'struct _ts'; did you mean 'curexc_value'?
2022-12-27T11:30:51.6629080Z       tmp_value = tstate->exc_value;
2022-12-27T11:30:51.6629290Z                           ^~~~~~~~~
2022-12-27T11:30:51.6629460Z                           curexc_value
2022-12-27T11:30:51.6629910Z   /Library/Frameworks/Python.framework/Versions/3.9/include/python3.9/cpython/pystate.h:78:15: note: 'curexc_value' declared here
2022-12-27T11:30:51.6630170Z       PyObject *curexc_value;
2022-12-27T11:30:51.6630310Z                 ^
2022-12-27T11:30:51.6630670Z   src/lxml/lxml.etree.c:148034:22: error: no member named 'exc_traceback' in 'struct _ts'; did you mean 'curexc_traceback'?
2022-12-27T11:30:51.6630920Z       tmp_tb = tstate->exc_traceback;
2022-12-27T11:30:51.6631050Z                        ^~~~~~~~~~~~~
2022-12-27T11:30:51.6631210Z                        curexc_traceback
2022-12-27T11:30:51.6631740Z   /Library/Frameworks/Python.framework/Versions/3.9/include/python3.9/cpython/pystate.h:79:15: note: 'curexc_traceback' declared here
2022-12-27T11:30:51.6631960Z       PyObject *curexc_traceback;
2022-12-27T11:30:51.6632570Z                 ^
2022-12-27T11:30:51.6633160Z   src/lxml/lxml.etree.c:148035:13: error: no member named 'exc_type' in 'struct _ts'
2022-12-27T11:30:51.6633790Z       tstate->exc_type = *type;
2022-12-27T11:30:51.6634170Z       ~~~~~~  ^
2022-12-27T11:30:51.6634670Z   src/lxml/lxml.etree.c:148036:13: error: no member named 'exc_value' in 'struct _ts'; did you mean 'curexc_value'?
2022-12-27T11:30:51.6635120Z       tstate->exc_value = *value;
2022-12-27T11:30:51.6635530Z               ^~~~~~~~~
2022-12-27T11:30:51.6635750Z               curexc_value
2022-12-27T11:30:51.6636680Z   /Library/Frameworks/Python.framework/Versions/3.9/include/python3.9/cpython/pystate.h:78:15: note: 'curexc_value' declared here
2022-12-27T11:30:51.6637120Z       PyObject *curexc_value;
2022-12-27T11:30:51.6637330Z                 ^
2022-12-27T11:30:51.6637860Z   src/lxml/lxml.etree.c:148037:13: error: no member named 'exc_traceback' in 'struct _ts'; did you mean 'curexc_traceback'?
2022-12-27T11:30:51.6638320Z       tstate->exc_traceback = *tb;
2022-12-27T11:30:51.6638580Z               ^~~~~~~~~~~~~
2022-12-27T11:30:51.6638790Z               curexc_traceback
2022-12-27T11:30:51.6639330Z   /Library/Frameworks/Python.framework/Versions/3.9/include/python3.9/cpython/pystate.h:79:15: note: 'curexc_traceback' declared here
2022-12-27T11:30:51.6639720Z       PyObject *curexc_traceback;
2022-12-27T11:30:51.6639950Z                 ^
2022-12-27T11:30:51.6640350Z   src/lxml/lxml.etree.c:148157:46: error: no member named 'd_type' in 'PyMethodDescrObject'
2022-12-27T11:30:51.6640850Z           return PyDescr_NewClassMethod(descr->d_type, descr->d_method);
2022-12-27T11:30:51.6641310Z                                         ~~~~~  ^
2022-12-27T11:30:51.6641590Z   16 errors generated.
2022-12-27T11:30:51.6642010Z   error: command '/usr/bin/gcc' failed with exit code 1
2022-12-27T11:30:51.6937030Z   error: subprocess-exited-with-error
2022-12-27T11:30:51.6937440Z   
2022-12-27T11:30:51.6937820Z   × python setup.py bdist_wheel did not run successfully.
2022-12-27T11:30:51.6938140Z   │ exit code: 1
2022-12-27T11:30:51.6938380Z   ╰─> See above for output.
2022-12-27T11:30:51.6938590Z   
2022-12-27T11:30:51.6938880Z   note: This error originates from a subprocess, and is likely not a problem with pip.
2022-12-27T11:30:51.6946300Z   full command: /private/var/folders/51/hd414ycd67n82196sw51xqtc0000gn/T/cibw-run-_upk5pb6/cp39-macosx_arm64/build/venv/bin/python -u -c '
2022-12-27T11:30:51.6946650Z   exec(compile('"'"''"'"''"'"'
2022-12-27T11:30:51.6946950Z   # This is <pip-setuptools-caller> -- a caller that pip uses to run setup.py
2022-12-27T11:30:51.6947170Z   #
2022-12-27T11:30:51.6947420Z   # - It imports setuptools before invoking setup.py, to enable projects that directly
2022-12-27T11:30:51.6948120Z   #   import from `distutils.core` to work with newer packaging standards.
2022-12-27T11:30:51.6948440Z   # - It provides a clear error message when setuptools is not installed.
2022-12-27T11:30:51.6948730Z   # - It sets `sys.argv[0]` to the underlying `setup.py`, when invoking `setup.py` so
2022-12-27T11:30:51.6949210Z   #   setuptools doesn'"'"'t think the script is `-c`. This avoids the following warning:
2022-12-27T11:30:51.6949540Z   #     manifest_maker: standard file '"'"'-c'"'"' not found".
2022-12-27T11:30:51.6949840Z   # - It generates a shim setup.py, for handling setup.cfg-only projects.
2022-12-27T11:30:51.6950030Z   import os, sys, tokenize
2022-12-27T11:30:51.6950200Z   
2022-12-27T11:30:51.6950360Z   try:
2022-12-27T11:30:51.6950490Z       import setuptools
2022-12-27T11:30:51.6950660Z   except ImportError as error:
2022-12-27T11:30:51.6950840Z       print(
2022-12-27T11:30:51.6951020Z           "ERROR: Can not execute `setup.py` since setuptools is not available in "
2022-12-27T11:30:51.6951250Z           "the build environment.",
2022-12-27T11:30:51.6951410Z           file=sys.stderr,
2022-12-27T11:30:51.6951540Z       )
2022-12-27T11:30:51.6951660Z       sys.exit(1)
2022-12-27T11:30:51.6951830Z   
2022-12-27T11:30:51.6951980Z   __file__ = %r
2022-12-27T11:30:51.6952120Z   sys.argv[0] = __file__
2022-12-27T11:30:51.6952280Z   
2022-12-27T11:30:51.6952450Z   if os.path.exists(__file__):
2022-12-27T11:30:51.6952590Z       filename = __file__
2022-12-27T11:30:51.6952780Z       with tokenize.open(__file__) as f:
2022-12-27T11:30:51.6952960Z           setup_py_code = f.read()
2022-12-27T11:30:51.6953090Z   else:
2022-12-27T11:30:51.6953280Z       filename = "<auto-generated setuptools caller>"
2022-12-27T11:30:51.6953470Z       setup_py_code = "from setuptools import setup; setup()"
2022-12-27T11:30:51.6953780Z   
2022-12-27T11:30:51.6953960Z   exec(compile(setup_py_code, filename, "exec"))
2022-12-27T11:30:51.6954720Z   '"'"''"'"''"'"' % ('"'"'/Users/runner/actions-runner/_work/python.build/python.build/build_lxml22beta339/lxml-2.2beta3/setup.py'"'"',), "<pip-setuptools-caller>", "exec"))' bdist_wheel -d /private/var/folders/51/hd414ycd67n82196sw51xqtc0000gn/T/pip-wheel-q5n_ukg6
2022-12-27T11:30:51.6955510Z   cwd: /Users/runner/actions-runner/_work/python.build/python.build/build_lxml22beta339/lxml-2.2beta3/
2022-12-27T11:30:51.6955870Z   ERROR: Failed building wheel for lxml
2022-12-27T11:30:51.6956230Z   Building wheel for lxml (setup.py): finished with status 'error'
2022-12-27T11:30:51.6958700Z   Running setup.py clean for lxml
2022-12-27T11:30:51.6960220Z   Running command python setup.py clean
2022-12-27T11:30:51.9541100Z   Building lxml version 2.2.beta3.
2022-12-27T11:30:51.9543060Z   Building with Cython 0.29.32.
2022-12-27T11:30:51.9669020Z   Using build configuration of libxslt 1.1.29
2022-12-27T11:30:52.0629650Z   Building against libxml2/libxslt in the following directory: /Library/Developer/CommandLineTools/SDKs/MacOSX12.1.sdk/usr/lib
2022-12-27T11:30:52.0741220Z   /private/var/folders/51/hd414ycd67n82196sw51xqtc0000gn/T/cibw-run-_upk5pb6/cp39-macosx_arm64/build/venv/lib/python3.9/site-packages/setuptools/dist.py:529: UserWarning: Normalizing '2.2beta3' to '2.2b3'
2022-12-27T11:30:52.0742230Z     warnings.warn(tmpl.format(**locals()))
2022-12-27T11:30:52.0781740Z   running clean
2022-12-27T11:30:52.0812090Z   removing 'build/temp.macosx-11.0-arm64-cpython-39' (and everything under it)
2022-12-27T11:30:52.0816420Z   removing 'build/lib.macosx-11.0-arm64-cpython-39' (and everything under it)
2022-12-27T11:30:52.0838580Z   'build/bdist.macosx-11.0-arm64' does not exist -- can't clean it
2022-12-27T11:30:52.0840640Z   'build/scripts-3.9' does not exist -- can't clean it
2022-12-27T11:30:52.0842250Z   removing 'build'
2022-12-27T11:30:52.1098840Z Failed to build lxml
2022-12-27T11:30:52.1103540Z ERROR: Failed to build one or more wheels
2022-12-27T11:30:52.1113140Z Exception information:
2022-12-27T11:30:52.1113370Z Traceback (most recent call last):
2022-12-27T11:30:52.1120970Z   File "/private/var/folders/51/hd414ycd67n82196sw51xqtc0000gn/T/cibw-run-_upk5pb6/cp39-macosx_arm64/build/venv/lib/python3.9/site-packages/pip/_internal/cli/base_command.py", line 160, in exc_logging_wrapper
2022-12-27T11:30:52.1121390Z     status = run_func(*args)
2022-12-27T11:30:52.1121900Z   File "/private/var/folders/51/hd414ycd67n82196sw51xqtc0000gn/T/cibw-run-_upk5pb6/cp39-macosx_arm64/build/venv/lib/python3.9/site-packages/pip/_internal/cli/req_command.py", line 247, in wrapper
2022-12-27T11:30:52.1122190Z     return func(self, options, args)
2022-12-27T11:30:52.1122710Z   File "/private/var/folders/51/hd414ycd67n82196sw51xqtc0000gn/T/cibw-run-_upk5pb6/cp39-macosx_arm64/build/venv/lib/python3.9/site-packages/pip/_internal/commands/wheel.py", line 201, in run
2022-12-27T11:30:52.1123050Z     raise CommandError("Failed to build one or more wheels")
2022-12-27T11:30:52.1123280Z pip._internal.exceptions.CommandError: Failed to build one or more wheels
2022-12-27T11:30:52.1123660Z Removed build tracker: '/private/var/folders/51/hd414ycd67n82196sw51xqtc0000gn/T/pip-build-tracker-2ruzvh39'
2022-12-27T11:30:52.1510940Z ##[endgroup]
2022-12-27T11:30:52.1535230Z ##[error]Command ['python', '-m', 'pip', 'wheel', '/Users/runner/actions-runner/_work/python.build/python.build/build_lxml22beta339/lxml-2.2beta3', '--wheel-dir=/private/var/folders/51/hd414ycd67n82196sw51xqtc0000gn/T/cibw-run-_upk5pb6/cp39-macosx_arm64/built_wheel', '--no-deps', '-vvv'] failed with code 1. None
2022-12-27T11:30:52.1541920Z 
2022-12-27T11:30:52.1542210Z                                                               [31m✕ [0m2.36s
2022-12-27T11:30:52.1962930Z ##[error]Process completed with exit code 1.
2022-12-27T11:30:52.1995380Z ##[group]Run rm -rf build_lxml22beta339 wheelsout
2022-12-27T11:30:52.1995580Z [36;1mrm -rf build_lxml22beta339 wheelsout[0m
2022-12-27T11:30:52.2010490Z shell: /bin/bash -e {0}
2022-12-27T11:30:52.2010610Z env:
2022-12-27T11:30:52.2010750Z   pythonLocation: /Users/runner/hostedtoolcache/Python/3.9.16/x64
2022-12-27T11:30:52.2010950Z   PKG_CONFIG_PATH: /Users/runner/hostedtoolcache/Python/3.9.16/x64/lib/pkgconfig
2022-12-27T11:30:52.2011140Z   Python_ROOT_DIR: /Users/runner/hostedtoolcache/Python/3.9.16/x64
2022-12-27T11:30:52.2011310Z   Python2_ROOT_DIR: /Users/runner/hostedtoolcache/Python/3.9.16/x64
2022-12-27T11:30:52.2011480Z   Python3_ROOT_DIR: /Users/runner/hostedtoolcache/Python/3.9.16/x64
2022-12-27T11:30:52.2011610Z ##[endgroup]
2022-12-27T11:30:52.2550180Z Cleaning up orphan processes
