2022-12-27T08:48:22.6998185Z Requested labels: self-hosted, macOS, X64
2022-12-27T08:48:22.6998267Z Job defined at: kilnbuild/python.build/.github/workflows/mac_arm_build.yml@refs/heads/main
2022-12-27T08:48:22.6998293Z Waiting for a runner to pick up this job...
2022-12-27T11:14:26.0753098Z Job is about to start running on the runner: k1 (organization)
2022-12-27T11:14:30.0917010Z Current runner version: '2.300.2'
2022-12-27T11:14:30.0921580Z Runner name: 'k1'
2022-12-27T11:14:30.0921880Z Runner group name: 'Default'
2022-12-27T11:14:30.0922310Z Machine name: 'k1'
2022-12-27T11:14:30.0923740Z ##[group]GITHUB_TOKEN Permissions
2022-12-27T11:14:30.0924120Z Actions: write
2022-12-27T11:14:30.0924260Z Checks: write
2022-12-27T11:14:30.0924380Z Contents: write
2022-12-27T11:14:30.0924510Z Deployments: write
2022-12-27T11:14:30.0924640Z Discussions: write
2022-12-27T11:14:30.0924770Z Issues: write
2022-12-27T11:14:30.0924890Z Metadata: read
2022-12-27T11:14:30.0925010Z Packages: write
2022-12-27T11:14:30.0925140Z Pages: write
2022-12-27T11:14:30.0925270Z PullRequests: write
2022-12-27T11:14:30.0925410Z RepositoryProjects: write
2022-12-27T11:14:30.0925560Z SecurityEvents: write
2022-12-27T11:14:30.0925690Z Statuses: write
2022-12-27T11:14:30.0925820Z ##[endgroup]
2022-12-27T11:14:30.0928110Z Secret source: Actions
2022-12-27T11:14:30.0928420Z Prepare workflow directory
2022-12-27T11:14:30.1545990Z Prepare all required actions
2022-12-27T11:14:30.1659740Z Getting action download info
2022-12-27T11:14:30.6029200Z Download action repository 'actions/setup-python@v4' (SHA:5ccb29d8773c3f3f653e1705f474dfaa8a06a912)
2022-12-27T11:14:32.3505970Z Download action repository 'actions/upload-artifact@v3' (SHA:83fd05a356d7e2593de66fc9913b3002723633cb)
2022-12-27T11:14:33.6748790Z ##[group]Run echo '{
2022-12-27T11:14:33.6749050Z [36;1mecho '{[0m
2022-12-27T11:14:33.6749180Z [36;1m  "package_name": "lxml",[0m
2022-12-27T11:14:33.6749440Z [36;1m  "package_url": "https://files.pythonhosted.org/packages/46/1e/0083e30b444049a20aa04f07559eece0696d046750719ae2dbb4714db74d/lxml-3.3.4.tar.gz",[0m
2022-12-27T11:14:33.6749690Z [36;1m  "package_version": "3.3.4",[0m
2022-12-27T11:14:33.6749830Z [36;1m  "python_version": "3.11",[0m
2022-12-27T11:14:33.6749960Z [36;1m  "use_ccache": "true"[0m
2022-12-27T11:14:33.6750080Z [36;1m}'[0m
2022-12-27T11:14:33.6765920Z shell: /bin/bash -e {0}
2022-12-27T11:14:33.6766070Z ##[endgroup]
2022-12-27T11:14:33.6990110Z {
2022-12-27T11:14:33.6991500Z   "package_name": "lxml",
2022-12-27T11:14:33.6992150Z   "package_url": "https://files.pythonhosted.org/packages/46/1e/0083e30b444049a20aa04f07559eece0696d046750719ae2dbb4714db74d/lxml-3.3.4.tar.gz",
2022-12-27T11:14:33.6992460Z   "package_version": "3.3.4",
2022-12-27T11:14:33.6992780Z   "python_version": "3.11",
2022-12-27T11:14:33.6992970Z   "use_ccache": "true"
2022-12-27T11:14:33.6993160Z }
2022-12-27T11:14:33.7213040Z ##[group]Run actions/setup-python@v4
2022-12-27T11:14:33.7213370Z with:
2022-12-27T11:14:33.7213550Z   python-version: 3.11
2022-12-27T11:14:33.7213700Z   check-latest: false
2022-12-27T11:14:33.7214000Z   token: ***
2022-12-27T11:14:33.7214170Z   update-environment: true
2022-12-27T11:14:33.7214370Z ##[endgroup]
2022-12-27T11:14:33.8458600Z ##[group]Installed versions
2022-12-27T11:14:33.8491020Z Successfully set up CPython (3.11.1)
2022-12-27T11:14:33.8491950Z ##[endgroup]
2022-12-27T11:14:33.8634520Z ##[group]Run if [ "true" == "true" ]
2022-12-27T11:14:33.8634860Z [36;1mif [ "true" == "true" ][0m
2022-12-27T11:14:33.8635130Z [36;1mthen[0m
2022-12-27T11:14:33.8635350Z [36;1m  echo "CCACHE_PATH_PREPEND=/usr/local/opt/ccache/libexec" >> $GITHUB_OUTPUT[0m
2022-12-27T11:14:33.8635530Z [36;1melse[0m
2022-12-27T11:14:33.8635720Z [36;1m  echo "CCACHE_PATH_PREPEND=" >> $GITHUB_OUTPUT[0m
2022-12-27T11:14:33.8635970Z [36;1mfi[0m
2022-12-27T11:14:33.8653770Z shell: /bin/bash -e {0}
2022-12-27T11:14:33.8653940Z env:
2022-12-27T11:14:33.8654160Z   pythonLocation: /Users/runner/hostedtoolcache/Python/3.11.1/x64
2022-12-27T11:14:33.8654520Z   PKG_CONFIG_PATH: /Users/runner/hostedtoolcache/Python/3.11.1/x64/lib/pkgconfig
2022-12-27T11:14:33.8654740Z   Python_ROOT_DIR: /Users/runner/hostedtoolcache/Python/3.11.1/x64
2022-12-27T11:14:33.8654980Z   Python2_ROOT_DIR: /Users/runner/hostedtoolcache/Python/3.11.1/x64
2022-12-27T11:14:33.8655270Z   Python3_ROOT_DIR: /Users/runner/hostedtoolcache/Python/3.11.1/x64
2022-12-27T11:14:33.8655870Z ##[endgroup]
2022-12-27T11:14:33.8771370Z ##[group]Run echo "BUILD_NAME=$(echo lxml_3.3.4_3.11 | tr -dc '[:alnum:]\n\r' | tr '[:upper:]' '[:lower:]')" >> $GITHUB_OUTPUT
2022-12-27T11:14:33.8772180Z [36;1mecho "BUILD_NAME=$(echo lxml_3.3.4_3.11 | tr -dc '[:alnum:]\n\r' | tr '[:upper:]' '[:lower:]')" >> $GITHUB_OUTPUT[0m
2022-12-27T11:14:33.8788430Z shell: /bin/bash -e {0}
2022-12-27T11:14:33.8788590Z env:
2022-12-27T11:14:33.8788900Z   pythonLocation: /Users/runner/hostedtoolcache/Python/3.11.1/x64
2022-12-27T11:14:33.8833730Z   PKG_CONFIG_PATH: /Users/runner/hostedtoolcache/Python/3.11.1/x64/lib/pkgconfig
2022-12-27T11:14:33.8833960Z   Python_ROOT_DIR: /Users/runner/hostedtoolcache/Python/3.11.1/x64
2022-12-27T11:14:33.8834140Z   Python2_ROOT_DIR: /Users/runner/hostedtoolcache/Python/3.11.1/x64
2022-12-27T11:14:33.8834320Z   Python3_ROOT_DIR: /Users/runner/hostedtoolcache/Python/3.11.1/x64
2022-12-27T11:14:33.8834480Z ##[endgroup]
2022-12-27T11:14:33.8953550Z ##[group]Run echo "PYTHON_NO_DOTS=$(echo 3.11 | tr -dc '[:alnum:]\n\r' | tr '[:upper:]' '[:lower:]')" >> $GITHUB_OUTPUT
2022-12-27T11:14:33.8954000Z [36;1mecho "PYTHON_NO_DOTS=$(echo 3.11 | tr -dc '[:alnum:]\n\r' | tr '[:upper:]' '[:lower:]')" >> $GITHUB_OUTPUT[0m
2022-12-27T11:14:33.8968860Z shell: /bin/bash -e {0}
2022-12-27T11:14:33.8969010Z env:
2022-12-27T11:14:33.8969210Z   pythonLocation: /Users/runner/hostedtoolcache/Python/3.11.1/x64
2022-12-27T11:14:33.8969520Z   PKG_CONFIG_PATH: /Users/runner/hostedtoolcache/Python/3.11.1/x64/lib/pkgconfig
2022-12-27T11:14:33.8969740Z   Python_ROOT_DIR: /Users/runner/hostedtoolcache/Python/3.11.1/x64
2022-12-27T11:14:33.8969970Z   Python2_ROOT_DIR: /Users/runner/hostedtoolcache/Python/3.11.1/x64
2022-12-27T11:14:33.8970190Z   Python3_ROOT_DIR: /Users/runner/hostedtoolcache/Python/3.11.1/x64
2022-12-27T11:14:33.8970380Z ##[endgroup]
2022-12-27T11:14:33.9096710Z ##[group]Run rm -rf build_lxml334311
2022-12-27T11:14:33.9097020Z [36;1mrm -rf build_lxml334311[0m
2022-12-27T11:14:33.9097210Z [36;1mmkdir build_lxml334311[0m
2022-12-27T11:14:33.9097440Z [36;1mcd build_lxml334311[0m
2022-12-27T11:14:33.9097790Z [36;1m/usr/local/bin/wget --quiet https://files.pythonhosted.org/packages/46/1e/0083e30b444049a20aa04f07559eece0696d046750719ae2dbb4714db74d/lxml-3.3.4.tar.gz[0m
2022-12-27T11:14:33.9098060Z [36;1mtar xf *.tar.gz[0m
2022-12-27T11:14:33.9098200Z [36;1mcd *[0m
2022-12-27T11:14:33.9098390Z [36;1mpython -m pip install cibuildwheel==2.11.3[0m
2022-12-27T11:14:33.9098660Z [36;1mpython -m cibuildwheel --output-dir ../wheelsout[0m
2022-12-27T11:14:33.9114070Z shell: /bin/bash -e {0}
2022-12-27T11:14:33.9114250Z env:
2022-12-27T11:14:33.9114490Z   pythonLocation: /Users/runner/hostedtoolcache/Python/3.11.1/x64
2022-12-27T11:14:33.9114830Z   PKG_CONFIG_PATH: /Users/runner/hostedtoolcache/Python/3.11.1/x64/lib/pkgconfig
2022-12-27T11:14:33.9115140Z   Python_ROOT_DIR: /Users/runner/hostedtoolcache/Python/3.11.1/x64
2022-12-27T11:14:33.9115390Z   Python2_ROOT_DIR: /Users/runner/hostedtoolcache/Python/3.11.1/x64
2022-12-27T11:14:33.9115590Z   Python3_ROOT_DIR: /Users/runner/hostedtoolcache/Python/3.11.1/x64
2022-12-27T11:14:33.9115840Z   CIBW_ARCHS_MACOS: arm64
2022-12-27T11:14:33.9116020Z   CIBW_TEST_SKIP: *_arm64
2022-12-27T11:14:33.9116180Z   CIBW_BUILD: cp311-macosx_arm64
2022-12-27T11:14:33.9116370Z   CIBW_BUILD_FRONTEND: pip
2022-12-27T11:14:33.9116560Z   CIBW_BUILD_VERBOSITY: 3
2022-12-27T11:14:33.9116890Z   CIBW_ENVIRONMENT_MACOS:  CFLAGS="-I/usr/local/opt/openssl@3/include" LDFLAGS="-L/usr/local/opt/openssl@3/lib" CPPFLAGS="-I/usr/local/opt/openssl@3/include" MAKEFLAGS="-j$(sysctl -n hw.logicalcpu)" PATH=/usr/local/opt/ccache/libexec:$PATH
2022-12-27T11:14:33.9117240Z   CIBW_BEFORE_BUILD: pip install Cython; if [[ -f requirements.txt ]]; then pip install -r requirements.txt; fi
2022-12-27T11:14:33.9117480Z   MAKEFLAGS: -j$(sysctl -n hw.logicalcpu)
2022-12-27T11:14:33.9117670Z ##[endgroup]
2022-12-27T11:14:34.3876020Z Requirement already satisfied: cibuildwheel==2.11.3 in /Library/Frameworks/Python.framework/Versions/3.11/lib/python3.11/site-packages (2.11.3)
2022-12-27T11:14:34.4196870Z Requirement already satisfied: bashlex!=0.13 in /Library/Frameworks/Python.framework/Versions/3.11/lib/python3.11/site-packages (from cibuildwheel==2.11.3) (0.16)
2022-12-27T11:14:34.4204070Z Requirement already satisfied: bracex in /Library/Frameworks/Python.framework/Versions/3.11/lib/python3.11/site-packages (from cibuildwheel==2.11.3) (2.3.post1)
2022-12-27T11:14:34.4211380Z Requirement already satisfied: certifi in /Library/Frameworks/Python.framework/Versions/3.11/lib/python3.11/site-packages (from cibuildwheel==2.11.3) (2022.12.7)
2022-12-27T11:14:34.4217280Z Requirement already satisfied: filelock in /Library/Frameworks/Python.framework/Versions/3.11/lib/python3.11/site-packages (from cibuildwheel==2.11.3) (3.8.2)
2022-12-27T11:14:34.4225980Z Requirement already satisfied: packaging>=20.9 in /Library/Frameworks/Python.framework/Versions/3.11/lib/python3.11/site-packages (from cibuildwheel==2.11.3) (22.0)
2022-12-27T11:14:34.4233600Z Requirement already satisfied: platformdirs in /Library/Frameworks/Python.framework/Versions/3.11/lib/python3.11/site-packages (from cibuildwheel==2.11.3) (2.6.0)
2022-12-27T11:14:34.6544630Z 
2022-12-27T11:14:34.6544830Z      _ _       _ _   _       _           _
2022-12-27T11:14:34.6545380Z  ___|_| |_ _ _|_| |_| |_ _ _| |_ ___ ___| |
2022-12-27T11:14:34.6546010Z |  _| | . | | | | | . | | | |   | -_| -_| |
2022-12-27T11:14:34.6546220Z |___|_|___|___|_|_|___|_____|_|_|___|___|_|
2022-12-27T11:14:34.6546380Z 
2022-12-27T11:14:34.6546500Z cibuildwheel version 2.11.3
2022-12-27T11:14:34.6546670Z 
2022-12-27T11:14:34.6546910Z Build options:
2022-12-27T11:14:34.6547160Z   platform: macos
2022-12-27T11:14:34.6636630Z   architectures: arm64[0m
2022-12-27T11:14:34.6636910Z   build_selector: 
2022-12-27T11:14:34.6637950Z     build_config: cp311-macosx_arm64
2022-12-27T11:14:34.6639010Z     skip_config: 
2022-12-27T11:14:34.6639310Z     requires_python: None
2022-12-27T11:14:34.6639670Z     prerelease_pythons: False[0m
2022-12-27T11:14:34.6639990Z   [38;5;244mcontainer_engine: docker[0m
2022-12-27T11:14:34.6640510Z   output_dir: /Users/runner/actions-runner/_work/python.build/python.build/build_lxml334311/wheelsout[0m
2022-12-27T11:14:34.6641170Z   package_dir: /Users/runner/actions-runner/_work/python.build/python.build/build_lxml334311/lxml-3.3.4[0m
2022-12-27T11:14:34.6641490Z   test_selector: 
2022-12-27T11:14:34.6641820Z     skip_config: *_arm64[0m
2022-12-27T11:14:34.6642140Z   [38;5;244mbefore_all: [0m
2022-12-27T11:14:34.6642760Z   before_build: pip install Cython; if [[ -f requirements.txt ]]; then pip install -r requirements.txt; fi[0m
2022-12-27T11:14:34.6643150Z   [38;5;244mbefore_test: [0m
2022-12-27T11:14:34.6643490Z   [38;5;244mbuild_frontend: pip[0m
2022-12-27T11:14:34.6643830Z   build_verbosity: 3[0m
2022-12-27T11:14:34.6644130Z   [38;5;244mconfig_settings: [0m
2022-12-27T11:14:34.6644550Z   [38;5;244mdependency_constraints: pinned[0m
2022-12-27T11:14:34.6644850Z   environment: 
2022-12-27T11:14:34.6645170Z     CFLAGS="-I/usr/local/opt/openssl@3/include"
2022-12-27T11:14:34.6645550Z     LDFLAGS="-L/usr/local/opt/openssl@3/lib"
2022-12-27T11:14:34.6645950Z     CPPFLAGS="-I/usr/local/opt/openssl@3/include"
2022-12-27T11:14:34.6646320Z     MAKEFLAGS="-j$(sysctl -n hw.logicalcpu)"
2022-12-27T11:14:34.6646640Z     PATH=/usr/local/opt/ccache/libexec:$PATH[0m
2022-12-27T11:14:34.6646920Z   [38;5;244mmanylinux_images: None[0m
2022-12-27T11:14:34.6647130Z   [38;5;244mmusllinux_images: None[0m
2022-12-27T11:14:34.6647460Z   [38;5;244mrepair_command: delocate-wheel --require-archs {delocate_archs} -w {dest_dir} -v {wheel}[0m
2022-12-27T11:14:34.6647790Z   [38;5;244mtest_command: [0m
2022-12-27T11:14:34.6648010Z   [38;5;244mtest_extras: [0m
2022-12-27T11:14:34.6648200Z   [38;5;244mtest_requires: [0m
2022-12-27T11:14:34.6648310Z 
2022-12-27T11:14:34.6648420Z Cache folder: /Users/runner/Library/Caches/cibuildwheel
2022-12-27T11:14:34.6650600Z 
2022-12-27T11:14:34.6651290Z Here we go!
2022-12-27T11:14:34.6651460Z 
2022-12-27T11:14:34.6696490Z 
2022-12-27T11:14:34.6696890Z [1m[34mBuilding cp311-macosx_arm64 wheel[0m
2022-12-27T11:14:34.6697290Z CPython 3.11 macOS arm64 - Apple Silicon
2022-12-27T11:14:34.6697480Z 
2022-12-27T11:14:34.6699720Z ##[group]Installing Python cp311...
2022-12-27T11:14:34.6699940Z 
2022-12-27T11:14:34.6700320Z + pkgutil --pkgs
2022-12-27T11:14:34.6806040Z ##[endgroup]
2022-12-27T11:14:34.6807360Z                                                               [32mâœ“ [0m0.01s
2022-12-27T11:14:34.6807950Z ##[group]Setting up build environment...
2022-12-27T11:14:34.6808110Z 
2022-12-27T11:14:34.6824360Z + /Library/Frameworks/Python.framework/Versions/3.11/bin/python -sS /Users/runner/Library/Caches/cibuildwheel/virtualenv-20.17.0.pyz --activators= --no-periodic-update --pip=22.3.1 --setuptools=65.6.3 --wheel=0.38.4 --symlink-app-data --python /Library/Frameworks/Python.framework/Versions/3.11/bin/python3 /private/var/folders/51/hd414ycd67n82196sw51xqtc0000gn/T/cibw-run-8ph3z2io/cp311-macosx_arm64/build/venv
2022-12-27T11:14:34.8733670Z created virtual environment CPython3.11.1.final.0-64 in 46ms
2022-12-27T11:14:34.8734180Z   creator CPython3Posix(dest=/private/var/folders/51/hd414ycd67n82196sw51xqtc0000gn/T/cibw-run-8ph3z2io/cp311-macosx_arm64/build/venv, clear=False, no_vcs_ignore=False, global=False)
2022-12-27T11:14:34.8734570Z   seeder FromAppData(download=False, pip=22.3.1, setuptools=65.6.3, wheel=0.38.4, via=symlink, app_data_dir=/Users/runner/Library/Application Support/virtualenv)
2022-12-27T11:14:34.8734910Z     added seed packages: pip==22.3.1, setuptools==65.6.3, wheel==0.38.4
2022-12-27T11:14:34.8872310Z + python -m pip install --upgrade pip -c /Library/Frameworks/Python.framework/Versions/3.11/lib/python3.11/site-packages/cibuildwheel/resources/constraints-python311.txt
2022-12-27T11:14:35.1580350Z Requirement already satisfied: pip in ./lib/python3.11/site-packages (22.3.1)
2022-12-27T11:14:35.2874710Z + which pip
2022-12-27T11:14:35.2891980Z /private/var/folders/51/hd414ycd67n82196sw51xqtc0000gn/T/cibw-run-8ph3z2io/cp311-macosx_arm64/build/venv/bin/pip
2022-12-27T11:14:35.2893580Z + pip --version
2022-12-27T11:14:35.4820800Z pip 22.3.1 from /private/var/folders/51/hd414ycd67n82196sw51xqtc0000gn/T/cibw-run-8ph3z2io/cp311-macosx_arm64/build/venv/lib/python3.11/site-packages/pip (python 3.11)
2022-12-27T11:14:35.5124270Z + which pip
2022-12-27T11:14:35.5150600Z + which python
2022-12-27T11:14:35.5169380Z /private/var/folders/51/hd414ycd67n82196sw51xqtc0000gn/T/cibw-run-8ph3z2io/cp311-macosx_arm64/build/venv/bin/python
2022-12-27T11:14:35.5171400Z + python --version
2022-12-27T11:14:35.5231970Z Python 3.11.1
2022-12-27T11:14:35.5236100Z + which python
2022-12-27T11:14:35.5292900Z ##[endgroup]
2022-12-27T11:14:35.5293710Z                                                               [32mâœ“ [0m0.85s
2022-12-27T11:14:35.5294270Z ##[group]Installing build tools...
2022-12-27T11:14:35.5294470Z 
2022-12-27T11:14:35.5295020Z + pip install --upgrade setuptools wheel delocate -c /Library/Frameworks/Python.framework/Versions/3.11/lib/python3.11/site-packages/cibuildwheel/resources/constraints-python311.txt
2022-12-27T11:14:35.7969570Z Requirement already satisfied: setuptools in /private/var/folders/51/hd414ycd67n82196sw51xqtc0000gn/T/cibw-run-8ph3z2io/cp311-macosx_arm64/build/venv/lib/python3.11/site-packages (65.6.3)
2022-12-27T11:14:35.9695370Z Requirement already satisfied: wheel in /private/var/folders/51/hd414ycd67n82196sw51xqtc0000gn/T/cibw-run-8ph3z2io/cp311-macosx_arm64/build/venv/lib/python3.11/site-packages (0.38.4)
2022-12-27T11:14:36.0077370Z Collecting delocate
2022-12-27T11:14:36.0099070Z   Using cached delocate-0.10.3-py3-none-any.whl (142 kB)
2022-12-27T11:14:36.0352550Z Collecting packaging>=20.9
2022-12-27T11:14:36.0370510Z   Using cached packaging-21.3-py3-none-any.whl (40 kB)
2022-12-27T11:14:36.0522280Z Collecting typing-extensions
2022-12-27T11:14:36.0540910Z   Using cached typing_extensions-4.4.0-py3-none-any.whl (26 kB)
2022-12-27T11:14:36.0857830Z Collecting pyparsing!=3.0.5,>=2.0.2
2022-12-27T11:14:36.0875870Z   Using cached pyparsing-3.0.9-py3-none-any.whl (98 kB)
2022-12-27T11:14:36.1439840Z Installing collected packages: typing-extensions, pyparsing, packaging, delocate
2022-12-27T11:14:36.2723980Z Successfully installed delocate-0.10.3 packaging-21.3 pyparsing-3.0.9 typing-extensions-4.4.0
2022-12-27T11:14:36.3207370Z ##[endgroup]
2022-12-27T11:14:36.3207990Z                                                               [32mâœ“ [0m0.79s
2022-12-27T11:14:36.3208600Z ##[group]Running before_build...
2022-12-27T11:14:36.3208740Z 
2022-12-27T11:14:36.3211920Z + pip install Cython; if [[ -f requirements.txt ]]; then pip install -r requirements.txt; fi
2022-12-27T11:14:36.9147050Z Collecting Cython
2022-12-27T11:14:36.9194000Z   Using cached Cython-0.29.32-py2.py3-none-any.whl (986 kB)
2022-12-27T11:14:36.9651100Z Installing collected packages: Cython
2022-12-27T11:14:37.3585020Z Successfully installed Cython-0.29.32
2022-12-27T11:14:37.7053330Z Requirement already satisfied: Cython>=0.20 in /private/var/folders/51/hd414ycd67n82196sw51xqtc0000gn/T/cibw-run-8ph3z2io/cp311-macosx_arm64/build/venv/lib/python3.11/site-packages (from -r requirements.txt (line 1)) (0.29.32)
2022-12-27T11:14:37.8035260Z ##[endgroup]
2022-12-27T11:14:37.8036110Z                                                               [32mâœ“ [0m1.48s
2022-12-27T11:14:37.8036660Z ##[group]Building wheel...
2022-12-27T11:14:37.8036830Z 
2022-12-27T11:14:37.8041350Z + python -m pip wheel /Users/runner/actions-runner/_work/python.build/python.build/build_lxml334311/lxml-3.3.4 --wheel-dir=/private/var/folders/51/hd414ycd67n82196sw51xqtc0000gn/T/cibw-run-8ph3z2io/cp311-macosx_arm64/built_wheel --no-deps -vvv
2022-12-27T11:14:38.0654250Z Created temporary directory: /private/var/folders/51/hd414ycd67n82196sw51xqtc0000gn/T/pip-ephem-wheel-cache-sadwzj57
2022-12-27T11:14:38.0659150Z Created temporary directory: /private/var/folders/51/hd414ycd67n82196sw51xqtc0000gn/T/pip-build-tracker-fetyfjm4
2022-12-27T11:14:38.0660820Z Initialized build tracking at /private/var/folders/51/hd414ycd67n82196sw51xqtc0000gn/T/pip-build-tracker-fetyfjm4
2022-12-27T11:14:38.0662290Z Created build tracker: /private/var/folders/51/hd414ycd67n82196sw51xqtc0000gn/T/pip-build-tracker-fetyfjm4
2022-12-27T11:14:38.0663510Z Entered build tracker: /private/var/folders/51/hd414ycd67n82196sw51xqtc0000gn/T/pip-build-tracker-fetyfjm4
2022-12-27T11:14:38.0666340Z Created temporary directory: /private/var/folders/51/hd414ycd67n82196sw51xqtc0000gn/T/pip-wheel-0wyap2i1
2022-12-27T11:14:38.0671690Z Created temporary directory: /private/var/folders/51/hd414ycd67n82196sw51xqtc0000gn/T/pip-ephem-wheel-cache-9lettzq4
2022-12-27T11:14:38.0747700Z Processing /Users/runner/actions-runner/_work/python.build/python.build/build_lxml334311/lxml-3.3.4
2022-12-27T11:14:38.0752650Z   Added file:///Users/runner/actions-runner/_work/python.build/python.build/build_lxml334311/lxml-3.3.4 to build tracker '/private/var/folders/51/hd414ycd67n82196sw51xqtc0000gn/T/pip-build-tracker-fetyfjm4'
2022-12-27T11:14:38.0755660Z   Running setup.py (path:/Users/runner/actions-runner/_work/python.build/python.build/build_lxml334311/lxml-3.3.4/setup.py) egg_info for package from file:///Users/runner/actions-runner/_work/python.build/python.build/build_lxml334311/lxml-3.3.4
2022-12-27T11:14:38.0758020Z   Created temporary directory: /private/var/folders/51/hd414ycd67n82196sw51xqtc0000gn/T/pip-pip-egg-info-wmwqg0lp
2022-12-27T11:14:38.0759080Z   Preparing metadata (setup.py): started
2022-12-27T11:14:38.0760630Z   Running command python setup.py egg_info
2022-12-27T11:14:38.3902110Z   /private/var/folders/51/hd414ycd67n82196sw51xqtc0000gn/T/cibw-run-8ph3z2io/cp311-macosx_arm64/build/venv/lib/python3.11/site-packages/setuptools/_distutils/dist.py:265: UserWarning: Unknown distribution option: 'bugtrack_url'
2022-12-27T11:14:38.3902660Z     warnings.warn(msg)
2022-12-27T11:14:38.4003110Z   Building lxml version 3.3.4.
2022-12-27T11:14:38.4004320Z   Building without Cython.
2022-12-27T11:14:38.4005770Z   Using build configuration of libxslt 1.1.29
2022-12-27T11:14:38.4007930Z   Building against libxml2/libxslt in the following directory: /Library/Developer/CommandLineTools/SDKs/MacOSX12.1.sdk/usr/lib
2022-12-27T11:14:38.4008490Z   running egg_info
2022-12-27T11:14:38.4010770Z   creating /private/var/folders/51/hd414ycd67n82196sw51xqtc0000gn/T/pip-pip-egg-info-wmwqg0lp/lxml.egg-info
2022-12-27T11:14:38.4016940Z   writing /private/var/folders/51/hd414ycd67n82196sw51xqtc0000gn/T/pip-pip-egg-info-wmwqg0lp/lxml.egg-info/PKG-INFO
2022-12-27T11:14:38.4021460Z   writing dependency_links to /private/var/folders/51/hd414ycd67n82196sw51xqtc0000gn/T/pip-pip-egg-info-wmwqg0lp/lxml.egg-info/dependency_links.txt
2022-12-27T11:14:38.4025450Z   writing requirements to /private/var/folders/51/hd414ycd67n82196sw51xqtc0000gn/T/pip-pip-egg-info-wmwqg0lp/lxml.egg-info/requires.txt
2022-12-27T11:14:38.4027240Z   writing top-level names to /private/var/folders/51/hd414ycd67n82196sw51xqtc0000gn/T/pip-pip-egg-info-wmwqg0lp/lxml.egg-info/top_level.txt
2022-12-27T11:14:38.4028200Z   writing manifest file '/private/var/folders/51/hd414ycd67n82196sw51xqtc0000gn/T/pip-pip-egg-info-wmwqg0lp/lxml.egg-info/SOURCES.txt'
2022-12-27T11:14:38.4096020Z   reading manifest file '/private/var/folders/51/hd414ycd67n82196sw51xqtc0000gn/T/pip-pip-egg-info-wmwqg0lp/lxml.egg-info/SOURCES.txt'
2022-12-27T11:14:38.4098660Z   reading manifest template 'MANIFEST.in'
2022-12-27T11:14:38.4954730Z   adding license file 'LICENSES.txt'
2022-12-27T11:14:38.5006970Z   writing manifest file '/private/var/folders/51/hd414ycd67n82196sw51xqtc0000gn/T/pip-pip-egg-info-wmwqg0lp/lxml.egg-info/SOURCES.txt'
2022-12-27T11:14:38.5264970Z   Preparing metadata (setup.py): finished with status 'done'
2022-12-27T11:14:38.5289100Z   Source in /Users/runner/actions-runner/_work/python.build/python.build/build_lxml334311/lxml-3.3.4 has version 3.3.4, which satisfies requirement lxml==3.3.4 from file:///Users/runner/actions-runner/_work/python.build/python.build/build_lxml334311/lxml-3.3.4
2022-12-27T11:14:38.5292100Z   Removed lxml==3.3.4 from file:///Users/runner/actions-runner/_work/python.build/python.build/build_lxml334311/lxml-3.3.4 from build tracker '/private/var/folders/51/hd414ycd67n82196sw51xqtc0000gn/T/pip-build-tracker-fetyfjm4'
2022-12-27T11:14:38.5308770Z Created temporary directory: /private/var/folders/51/hd414ycd67n82196sw51xqtc0000gn/T/pip-unpack-o_uzjs80
2022-12-27T11:14:38.5310670Z Building wheels for collected packages: lxml
2022-12-27T11:14:38.5436930Z   Created temporary directory: /private/var/folders/51/hd414ycd67n82196sw51xqtc0000gn/T/pip-wheel-hjfjshkq
2022-12-27T11:14:38.5438160Z   Building wheel for lxml (setup.py): started
2022-12-27T11:14:38.5439770Z   Destination directory: /private/var/folders/51/hd414ycd67n82196sw51xqtc0000gn/T/pip-wheel-hjfjshkq
2022-12-27T11:14:38.5440700Z   Running command python setup.py bdist_wheel
2022-12-27T11:14:38.7329230Z   Building lxml version 3.3.4.
2022-12-27T11:14:38.7330290Z   Building without Cython.
2022-12-27T11:14:38.7469000Z   Using build configuration of libxslt 1.1.29
2022-12-27T11:14:38.8420340Z   Building against libxml2/libxslt in the following directory: /Library/Developer/CommandLineTools/SDKs/MacOSX12.1.sdk/usr/lib
2022-12-27T11:14:38.8488490Z   /private/var/folders/51/hd414ycd67n82196sw51xqtc0000gn/T/cibw-run-8ph3z2io/cp311-macosx_arm64/build/venv/lib/python3.11/site-packages/setuptools/_distutils/dist.py:265: UserWarning: Unknown distribution option: 'bugtrack_url'
2022-12-27T11:14:38.8489050Z     warnings.warn(msg)
2022-12-27T11:14:38.8650820Z   running bdist_wheel
2022-12-27T11:14:38.8686090Z   running build
2022-12-27T11:14:38.8687580Z   running build_py
2022-12-27T11:14:38.8704590Z   creating build
2022-12-27T11:14:38.8706280Z   creating build/lib.macosx-11.0-arm64-cpython-311
2022-12-27T11:14:38.8707490Z   creating build/lib.macosx-11.0-arm64-cpython-311/lxml
2022-12-27T11:14:38.8709360Z   copying src/lxml/_elementpath.py -> build/lib.macosx-11.0-arm64-cpython-311/lxml
2022-12-27T11:14:38.8712690Z   copying src/lxml/sax.py -> build/lib.macosx-11.0-arm64-cpython-311/lxml
2022-12-27T11:14:38.8716120Z   copying src/lxml/pyclasslookup.py -> build/lib.macosx-11.0-arm64-cpython-311/lxml
2022-12-27T11:14:38.8717670Z   copying src/lxml/__init__.py -> build/lib.macosx-11.0-arm64-cpython-311/lxml
2022-12-27T11:14:38.8719050Z   copying src/lxml/builder.py -> build/lib.macosx-11.0-arm64-cpython-311/lxml
2022-12-27T11:14:38.8721830Z   copying src/lxml/doctestcompare.py -> build/lib.macosx-11.0-arm64-cpython-311/lxml
2022-12-27T11:14:38.8724300Z   copying src/lxml/usedoctest.py -> build/lib.macosx-11.0-arm64-cpython-311/lxml
2022-12-27T11:14:38.8726300Z   copying src/lxml/cssselect.py -> build/lib.macosx-11.0-arm64-cpython-311/lxml
2022-12-27T11:14:38.8728940Z   copying src/lxml/ElementInclude.py -> build/lib.macosx-11.0-arm64-cpython-311/lxml
2022-12-27T11:14:38.8732530Z   creating build/lib.macosx-11.0-arm64-cpython-311/lxml/includes
2022-12-27T11:14:38.8733740Z   copying src/lxml/includes/__init__.py -> build/lib.macosx-11.0-arm64-cpython-311/lxml/includes
2022-12-27T11:14:38.8738830Z   creating build/lib.macosx-11.0-arm64-cpython-311/lxml/html
2022-12-27T11:14:38.8739950Z   copying src/lxml/html/soupparser.py -> build/lib.macosx-11.0-arm64-cpython-311/lxml/html
2022-12-27T11:14:38.8742200Z   copying src/lxml/html/defs.py -> build/lib.macosx-11.0-arm64-cpython-311/lxml/html
2022-12-27T11:14:38.8744660Z   copying src/lxml/html/_setmixin.py -> build/lib.macosx-11.0-arm64-cpython-311/lxml/html
2022-12-27T11:14:38.8746600Z   copying src/lxml/html/clean.py -> build/lib.macosx-11.0-arm64-cpython-311/lxml/html
2022-12-27T11:14:38.8749590Z   copying src/lxml/html/_diffcommand.py -> build/lib.macosx-11.0-arm64-cpython-311/lxml/html
2022-12-27T11:14:38.8751860Z   copying src/lxml/html/html5parser.py -> build/lib.macosx-11.0-arm64-cpython-311/lxml/html
2022-12-27T11:14:38.8754120Z   copying src/lxml/html/__init__.py -> build/lib.macosx-11.0-arm64-cpython-311/lxml/html
2022-12-27T11:14:38.8757620Z   copying src/lxml/html/formfill.py -> build/lib.macosx-11.0-arm64-cpython-311/lxml/html
2022-12-27T11:14:38.8759140Z   copying src/lxml/html/builder.py -> build/lib.macosx-11.0-arm64-cpython-311/lxml/html
2022-12-27T11:14:38.8761530Z   copying src/lxml/html/ElementSoup.py -> build/lib.macosx-11.0-arm64-cpython-311/lxml/html
2022-12-27T11:14:38.8764220Z   copying src/lxml/html/_html5builder.py -> build/lib.macosx-11.0-arm64-cpython-311/lxml/html
2022-12-27T11:14:38.8766210Z   copying src/lxml/html/usedoctest.py -> build/lib.macosx-11.0-arm64-cpython-311/lxml/html
2022-12-27T11:14:38.8768250Z   copying src/lxml/html/diff.py -> build/lib.macosx-11.0-arm64-cpython-311/lxml/html
2022-12-27T11:14:38.8772200Z   creating build/lib.macosx-11.0-arm64-cpython-311/lxml/isoschematron
2022-12-27T11:14:38.8773400Z   copying src/lxml/isoschematron/__init__.py -> build/lib.macosx-11.0-arm64-cpython-311/lxml/isoschematron
2022-12-27T11:14:38.8794240Z   copying src/lxml/lxml.etree.h -> build/lib.macosx-11.0-arm64-cpython-311/lxml
2022-12-27T11:14:38.8797890Z   copying src/lxml/lxml.etree_api.h -> build/lib.macosx-11.0-arm64-cpython-311/lxml
2022-12-27T11:14:38.8799990Z   copying src/lxml/includes/xmlerror.pxd -> build/lib.macosx-11.0-arm64-cpython-311/lxml/includes
2022-12-27T11:14:38.8802840Z   copying src/lxml/includes/c14n.pxd -> build/lib.macosx-11.0-arm64-cpython-311/lxml/includes
2022-12-27T11:14:38.8805620Z   copying src/lxml/includes/xmlschema.pxd -> build/lib.macosx-11.0-arm64-cpython-311/lxml/includes
2022-12-27T11:14:38.8807860Z   copying src/lxml/includes/schematron.pxd -> build/lib.macosx-11.0-arm64-cpython-311/lxml/includes
2022-12-27T11:14:38.8810210Z   copying src/lxml/includes/tree.pxd -> build/lib.macosx-11.0-arm64-cpython-311/lxml/includes
2022-12-27T11:14:38.8812980Z   copying src/lxml/includes/uri.pxd -> build/lib.macosx-11.0-arm64-cpython-311/lxml/includes
2022-12-27T11:14:38.8815850Z   copying src/lxml/includes/etreepublic.pxd -> build/lib.macosx-11.0-arm64-cpython-311/lxml/includes
2022-12-27T11:14:38.8817990Z   copying src/lxml/includes/xpath.pxd -> build/lib.macosx-11.0-arm64-cpython-311/lxml/includes
2022-12-27T11:14:38.8820190Z   copying src/lxml/includes/htmlparser.pxd -> build/lib.macosx-11.0-arm64-cpython-311/lxml/includes
2022-12-27T11:14:38.8822790Z   copying src/lxml/includes/xslt.pxd -> build/lib.macosx-11.0-arm64-cpython-311/lxml/includes
2022-12-27T11:14:38.8826120Z   copying src/lxml/includes/config.pxd -> build/lib.macosx-11.0-arm64-cpython-311/lxml/includes
2022-12-27T11:14:38.8829240Z   copying src/lxml/includes/xmlparser.pxd -> build/lib.macosx-11.0-arm64-cpython-311/lxml/includes
2022-12-27T11:14:38.8832220Z   copying src/lxml/includes/xinclude.pxd -> build/lib.macosx-11.0-arm64-cpython-311/lxml/includes
2022-12-27T11:14:38.8835300Z   copying src/lxml/includes/dtdvalid.pxd -> build/lib.macosx-11.0-arm64-cpython-311/lxml/includes
2022-12-27T11:14:38.8837140Z   copying src/lxml/includes/relaxng.pxd -> build/lib.macosx-11.0-arm64-cpython-311/lxml/includes
2022-12-27T11:14:38.8839590Z   copying src/lxml/includes/lxml-version.h -> build/lib.macosx-11.0-arm64-cpython-311/lxml/includes
2022-12-27T11:14:38.8842130Z   copying src/lxml/includes/etree_defs.h -> build/lib.macosx-11.0-arm64-cpython-311/lxml/includes
2022-12-27T11:14:38.8844940Z   creating build/lib.macosx-11.0-arm64-cpython-311/lxml/isoschematron/resources
2022-12-27T11:14:38.8846200Z   creating build/lib.macosx-11.0-arm64-cpython-311/lxml/isoschematron/resources/rng
2022-12-27T11:14:38.8847330Z   copying src/lxml/isoschematron/resources/rng/iso-schematron.rng -> build/lib.macosx-11.0-arm64-cpython-311/lxml/isoschematron/resources/rng
2022-12-27T11:14:38.8850240Z   creating build/lib.macosx-11.0-arm64-cpython-311/lxml/isoschematron/resources/xsl
2022-12-27T11:14:38.8852430Z   copying src/lxml/isoschematron/resources/xsl/XSD2Schtrn.xsl -> build/lib.macosx-11.0-arm64-cpython-311/lxml/isoschematron/resources/xsl
2022-12-27T11:14:38.8853850Z   copying src/lxml/isoschematron/resources/xsl/RNG2Schtrn.xsl -> build/lib.macosx-11.0-arm64-cpython-311/lxml/isoschematron/resources/xsl
2022-12-27T11:14:38.8856390Z   creating build/lib.macosx-11.0-arm64-cpython-311/lxml/isoschematron/resources/xsl/iso-schematron-xslt1
2022-12-27T11:14:38.8857850Z   copying src/lxml/isoschematron/resources/xsl/iso-schematron-xslt1/iso_abstract_expand.xsl -> build/lib.macosx-11.0-arm64-cpython-311/lxml/isoschematron/resources/xsl/iso-schematron-xslt1
2022-12-27T11:14:38.8859150Z   copying src/lxml/isoschematron/resources/xsl/iso-schematron-xslt1/iso_dsdl_include.xsl -> build/lib.macosx-11.0-arm64-cpython-311/lxml/isoschematron/resources/xsl/iso-schematron-xslt1
2022-12-27T11:14:38.8862350Z   copying src/lxml/isoschematron/resources/xsl/iso-schematron-xslt1/iso_schematron_skeleton_for_xslt1.xsl -> build/lib.macosx-11.0-arm64-cpython-311/lxml/isoschematron/resources/xsl/iso-schematron-xslt1
2022-12-27T11:14:38.8866470Z   copying src/lxml/isoschematron/resources/xsl/iso-schematron-xslt1/iso_svrl_for_xslt1.xsl -> build/lib.macosx-11.0-arm64-cpython-311/lxml/isoschematron/resources/xsl/iso-schematron-xslt1
2022-12-27T11:14:38.8869040Z   copying src/lxml/isoschematron/resources/xsl/iso-schematron-xslt1/iso_schematron_message.xsl -> build/lib.macosx-11.0-arm64-cpython-311/lxml/isoschematron/resources/xsl/iso-schematron-xslt1
2022-12-27T11:14:38.8871340Z   copying src/lxml/isoschematron/resources/xsl/iso-schematron-xslt1/readme.txt -> build/lib.macosx-11.0-arm64-cpython-311/lxml/isoschematron/resources/xsl/iso-schematron-xslt1
2022-12-27T11:14:38.8881280Z   running build_ext
2022-12-27T11:14:38.8990100Z   building 'lxml.etree' extension
2022-12-27T11:14:38.9061680Z   creating build/temp.macosx-11.0-arm64-cpython-311
2022-12-27T11:14:38.9061970Z   creating build/temp.macosx-11.0-arm64-cpython-311/src
2022-12-27T11:14:38.9062330Z   creating build/temp.macosx-11.0-arm64-cpython-311/src/lxml
2022-12-27T11:14:38.9063270Z   clang -Wsign-compare -Wunreachable-code -fno-common -dynamic -DNDEBUG -g -fwrapv -O3 -Wall -g -I/usr/local/opt/openssl@3/include -I/usr/local/opt/openssl@3/include -arch arm64 -I/Library/Developer/CommandLineTools/SDKs/MacOSX12.1.sdk/usr/include -I/Users/runner/actions-runner/_work/python.build/python.build/build_lxml334311/lxml-3.3.4/src/lxml/includes -I/private/var/folders/51/hd414ycd67n82196sw51xqtc0000gn/T/cibw-run-8ph3z2io/cp311-macosx_arm64/build/venv/include -I/Library/Frameworks/Python.framework/Versions/3.11/include/python3.11 -c src/lxml/lxml.etree.c -o build/temp.macosx-11.0-arm64-cpython-311/src/lxml/lxml.etree.o -w -flat_namespace
2022-12-27T11:14:38.9930920Z   src/lxml/lxml.etree.c:4239:23: error: expression is not assignable
2022-12-27T11:14:38.9931950Z           Py_SIZE(list) = len+1;
2022-12-27T11:14:38.9933680Z           ~~~~~~~~~~~~~ ^
2022-12-27T11:14:38.9934990Z   src/lxml/lxml.etree.c:4372:23: error: expression is not assignable
2022-12-27T11:14:38.9936520Z           Py_SIZE(list) = len+1;
2022-12-27T11:14:38.9937800Z           ~~~~~~~~~~~~~ ^
2022-12-27T11:14:39.4649510Z   src/lxml/lxml.etree.c:174187:5: error: expression is not assignable
2022-12-27T11:14:39.4650140Z       ++Py_REFCNT(o);
2022-12-27T11:14:39.4651080Z       ^ ~~~~~~~~~~~~
2022-12-27T11:14:39.4652630Z   src/lxml/lxml.etree.c:174189:5: error: expression is not assignable
2022-12-27T11:14:39.4653580Z       --Py_REFCNT(o);
2022-12-27T11:14:39.4654670Z       ^ ~~~~~~~~~~~~
2022-12-27T11:14:39.4655740Z   src/lxml/lxml.etree.c:174305:5: error: expression is not assignable
2022-12-27T11:14:39.4656860Z       ++Py_REFCNT(o);
2022-12-27T11:14:39.4657850Z       ^ ~~~~~~~~~~~~
2022-12-27T11:14:39.4658990Z   src/lxml/lxml.etree.c:174307:5: error: expression is not assignable
2022-12-27T11:14:39.4660070Z       --Py_REFCNT(o);
2022-12-27T11:14:39.4660830Z       ^ ~~~~~~~~~~~~
2022-12-27T11:14:39.4685650Z   src/lxml/lxml.etree.c:174931:5: error: expression is not assignable
2022-12-27T11:14:39.4686850Z       ++Py_REFCNT(o);
2022-12-27T11:14:39.4688300Z       ^ ~~~~~~~~~~~~
2022-12-27T11:14:39.4689170Z   src/lxml/lxml.etree.c:174933:5: error: expression is not assignable
2022-12-27T11:14:39.4690140Z       --Py_REFCNT(o);
2022-12-27T11:14:39.4691150Z       ^ ~~~~~~~~~~~~
2022-12-27T11:14:39.4772720Z   src/lxml/lxml.etree.c:177194:5: error: expression is not assignable
2022-12-27T11:14:39.4773290Z       ++Py_REFCNT(o);
2022-12-27T11:14:39.4774560Z       ^ ~~~~~~~~~~~~
2022-12-27T11:14:39.4775750Z   src/lxml/lxml.etree.c:177196:5: error: expression is not assignable
2022-12-27T11:14:39.4776750Z       --Py_REFCNT(o);
2022-12-27T11:14:39.4777670Z       ^ ~~~~~~~~~~~~
2022-12-27T11:14:39.4916490Z   src/lxml/lxml.etree.c:181103:5: error: expression is not assignable
2022-12-27T11:14:39.4917730Z       ++Py_REFCNT(o);
2022-12-27T11:14:39.4919130Z       ^ ~~~~~~~~~~~~
2022-12-27T11:14:39.4920270Z   src/lxml/lxml.etree.c:181105:5: error: expression is not assignable
2022-12-27T11:14:39.4921990Z       --Py_REFCNT(o);
2022-12-27T11:14:39.4922800Z       ^ ~~~~~~~~~~~~
2022-12-27T11:14:39.4934610Z   src/lxml/lxml.etree.c:181462:5: error: expression is not assignable
2022-12-27T11:14:39.4935430Z       ++Py_REFCNT(o);
2022-12-27T11:14:39.4936610Z       ^ ~~~~~~~~~~~~
2022-12-27T11:14:39.4937760Z   src/lxml/lxml.etree.c:181464:5: error: expression is not assignable
2022-12-27T11:14:39.4939100Z       --Py_REFCNT(o);
2022-12-27T11:14:39.4940140Z       ^ ~~~~~~~~~~~~
2022-12-27T11:14:39.4945710Z   src/lxml/lxml.etree.c:181695:5: error: expression is not assignable
2022-12-27T11:14:39.4946860Z       ++Py_REFCNT(o);
2022-12-27T11:14:39.4948020Z       ^ ~~~~~~~~~~~~
2022-12-27T11:14:39.4949090Z   src/lxml/lxml.etree.c:181697:5: error: expression is not assignable
2022-12-27T11:14:39.4950230Z       --Py_REFCNT(o);
2022-12-27T11:14:39.4951150Z       ^ ~~~~~~~~~~~~
2022-12-27T11:14:39.4952220Z   src/lxml/lxml.etree.c:181789:5: error: expression is not assignable
2022-12-27T11:14:39.4953230Z       ++Py_REFCNT(o);
2022-12-27T11:14:39.4954240Z       ^ ~~~~~~~~~~~~
2022-12-27T11:14:39.4955410Z   src/lxml/lxml.etree.c:181791:5: error: expression is not assignable
2022-12-27T11:14:39.4956480Z       --Py_REFCNT(o);
2022-12-27T11:14:39.4957320Z       ^ ~~~~~~~~~~~~
2022-12-27T11:14:39.5012120Z   src/lxml/lxml.etree.c:183182:5: error: expression is not assignable
2022-12-27T11:14:39.5013150Z       ++Py_REFCNT(o);
2022-12-27T11:14:39.5014470Z       ^ ~~~~~~~~~~~~
2022-12-27T11:14:39.5015820Z   fatal error: too many errors emitted, stopping now [-ferror-limit=]
2022-12-27T11:14:39.5881210Z   20 errors generated.
2022-12-27T11:14:39.5923550Z   error: command '/usr/bin/clang' failed with exit code 1
2022-12-27T11:14:39.6265890Z   error: subprocess-exited-with-error
2022-12-27T11:14:39.6266160Z   
2022-12-27T11:14:39.6266530Z   Ã— python setup.py bdist_wheel did not run successfully.
2022-12-27T11:14:39.6266840Z   â”‚ exit code: 1
2022-12-27T11:14:39.6267100Z   â•°â”€> See above for output.
2022-12-27T11:14:39.6267330Z   
2022-12-27T11:14:39.6267630Z   note: This error originates from a subprocess, and is likely not a problem with pip.
2022-12-27T11:14:39.6272100Z   full command: /private/var/folders/51/hd414ycd67n82196sw51xqtc0000gn/T/cibw-run-8ph3z2io/cp311-macosx_arm64/build/venv/bin/python -u -c '
2022-12-27T11:14:39.6272700Z   exec(compile('"'"''"'"''"'"'
2022-12-27T11:14:39.6276010Z   # This is <pip-setuptools-caller> -- a caller that pip uses to run setup.py
2022-12-27T11:14:39.6276390Z   #
2022-12-27T11:14:39.6276820Z   # - It imports setuptools before invoking setup.py, to enable projects that directly
2022-12-27T11:14:39.6277260Z   #   import from `distutils.core` to work with newer packaging standards.
2022-12-27T11:14:39.6277720Z   # - It provides a clear error message when setuptools is not installed.
2022-12-27T11:14:39.6278450Z   # - It sets `sys.argv[0]` to the underlying `setup.py`, when invoking `setup.py` so
2022-12-27T11:14:39.6279200Z   #   setuptools doesn'"'"'t think the script is `-c`. This avoids the following warning:
2022-12-27T11:14:39.6280310Z   #     manifest_maker: standard file '"'"'-c'"'"' not found".
2022-12-27T11:14:39.6281080Z   # - It generates a shim setup.py, for handling setup.cfg-only projects.
2022-12-27T11:14:39.6281510Z   import os, sys, tokenize
2022-12-27T11:14:39.6281860Z   
2022-12-27T11:14:39.6282240Z   try:
2022-12-27T11:14:39.6282620Z       import setuptools
2022-12-27T11:14:39.6283000Z   except ImportError as error:
2022-12-27T11:14:39.6283440Z       print(
2022-12-27T11:14:39.6283830Z           "ERROR: Can not execute `setup.py` since setuptools is not available in "
2022-12-27T11:14:39.6284250Z           "the build environment.",
2022-12-27T11:14:39.6284730Z           file=sys.stderr,
2022-12-27T11:14:39.6285070Z       )
2022-12-27T11:14:39.6285350Z       sys.exit(1)
2022-12-27T11:14:39.6285680Z   
2022-12-27T11:14:39.6285940Z   __file__ = %r
2022-12-27T11:14:39.6286260Z   sys.argv[0] = __file__
2022-12-27T11:14:39.6286600Z   
2022-12-27T11:14:39.6286940Z   if os.path.exists(__file__):
2022-12-27T11:14:39.6287310Z       filename = __file__
2022-12-27T11:14:39.6287660Z       with tokenize.open(__file__) as f:
2022-12-27T11:14:39.6287910Z           setup_py_code = f.read()
2022-12-27T11:14:39.6288100Z   else:
2022-12-27T11:14:39.6288570Z       filename = "<auto-generated setuptools caller>"
2022-12-27T11:14:39.6288890Z       setup_py_code = "from setuptools import setup; setup()"
2022-12-27T11:14:39.6289100Z   
2022-12-27T11:14:39.6289300Z   exec(compile(setup_py_code, filename, "exec"))
2022-12-27T11:14:39.6289790Z   '"'"''"'"''"'"' % ('"'"'/Users/runner/actions-runner/_work/python.build/python.build/build_lxml334311/lxml-3.3.4/setup.py'"'"',), "<pip-setuptools-caller>", "exec"))' bdist_wheel -d /private/var/folders/51/hd414ycd67n82196sw51xqtc0000gn/T/pip-wheel-hjfjshkq
2022-12-27T11:14:39.6290220Z   cwd: /Users/runner/actions-runner/_work/python.build/python.build/build_lxml334311/lxml-3.3.4/
2022-12-27T11:14:39.6290430Z   ERROR: Failed building wheel for lxml
2022-12-27T11:14:39.6290700Z   Building wheel for lxml (setup.py): finished with status 'error'
2022-12-27T11:14:39.6290930Z   Running command python setup.py clean
2022-12-27T11:14:39.6291130Z   Running setup.py clean for lxml
2022-12-27T11:14:39.8200820Z   Building lxml version 3.3.4.
2022-12-27T11:14:39.8201710Z   Building without Cython.
2022-12-27T11:14:39.8335500Z   Using build configuration of libxslt 1.1.29
2022-12-27T11:14:39.9302660Z   Building against libxml2/libxslt in the following directory: /Library/Developer/CommandLineTools/SDKs/MacOSX12.1.sdk/usr/lib
2022-12-27T11:14:39.9367640Z   /private/var/folders/51/hd414ycd67n82196sw51xqtc0000gn/T/cibw-run-8ph3z2io/cp311-macosx_arm64/build/venv/lib/python3.11/site-packages/setuptools/_distutils/dist.py:265: UserWarning: Unknown distribution option: 'bugtrack_url'
2022-12-27T11:14:39.9368590Z     warnings.warn(msg)
2022-12-27T11:14:39.9449140Z   running clean
2022-12-27T11:14:39.9471760Z   removing 'build/temp.macosx-11.0-arm64-cpython-311' (and everything under it)
2022-12-27T11:14:39.9474740Z   removing 'build/lib.macosx-11.0-arm64-cpython-311' (and everything under it)
2022-12-27T11:14:39.9516460Z   'build/bdist.macosx-11.0-arm64' does not exist -- can't clean it
2022-12-27T11:14:39.9517500Z   'build/scripts-3.11' does not exist -- can't clean it
2022-12-27T11:14:39.9518740Z   removing 'build'
2022-12-27T11:14:39.9774900Z Failed to build lxml
2022-12-27T11:14:39.9779190Z ERROR: Failed to build one or more wheels
2022-12-27T11:14:39.9791030Z Exception information:
2022-12-27T11:14:39.9791400Z Traceback (most recent call last):
2022-12-27T11:14:39.9798060Z   File "/private/var/folders/51/hd414ycd67n82196sw51xqtc0000gn/T/cibw-run-8ph3z2io/cp311-macosx_arm64/build/venv/lib/python3.11/site-packages/pip/_internal/cli/base_command.py", line 160, in exc_logging_wrapper
2022-12-27T11:14:39.9798580Z     status = run_func(*args)
2022-12-27T11:14:39.9798830Z              ^^^^^^^^^^^^^^^
2022-12-27T11:14:39.9799990Z   File "/private/var/folders/51/hd414ycd67n82196sw51xqtc0000gn/T/cibw-run-8ph3z2io/cp311-macosx_arm64/build/venv/lib/python3.11/site-packages/pip/_internal/cli/req_command.py", line 247, in wrapper
2022-12-27T11:14:39.9800460Z     return func(self, options, args)
2022-12-27T11:14:39.9800680Z            ^^^^^^^^^^^^^^^^^^^^^^^^^
2022-12-27T11:14:39.9801340Z   File "/private/var/folders/51/hd414ycd67n82196sw51xqtc0000gn/T/cibw-run-8ph3z2io/cp311-macosx_arm64/build/venv/lib/python3.11/site-packages/pip/_internal/commands/wheel.py", line 201, in run
2022-12-27T11:14:39.9801840Z     raise CommandError("Failed to build one or more wheels")
2022-12-27T11:14:39.9802220Z pip._internal.exceptions.CommandError: Failed to build one or more wheels
2022-12-27T11:14:39.9802750Z Removed build tracker: '/private/var/folders/51/hd414ycd67n82196sw51xqtc0000gn/T/pip-build-tracker-fetyfjm4'
2022-12-27T11:14:40.0231630Z ##[endgroup]
2022-12-27T11:14:40.0254700Z ##[error]Command ['python', '-m', 'pip', 'wheel', '/Users/runner/actions-runner/_work/python.build/python.build/build_lxml334311/lxml-3.3.4', '--wheel-dir=/private/var/folders/51/hd414ycd67n82196sw51xqtc0000gn/T/cibw-run-8ph3z2io/cp311-macosx_arm64/built_wheel', '--no-deps', '-vvv'] failed with code 1. None
2022-12-27T11:14:40.0260660Z 
2022-12-27T11:14:40.0260970Z                                                               [31mâœ• [0m2.22s
2022-12-27T11:14:40.0703060Z ##[error]Process completed with exit code 1.
2022-12-27T11:14:40.0734500Z ##[group]Run rm -rf build_lxml334311 wheelsout
2022-12-27T11:14:40.0734680Z [36;1mrm -rf build_lxml334311 wheelsout[0m
2022-12-27T11:14:40.0749720Z shell: /bin/bash -e {0}
2022-12-27T11:14:40.0749840Z env:
2022-12-27T11:14:40.0749980Z   pythonLocation: /Users/runner/hostedtoolcache/Python/3.11.1/x64
2022-12-27T11:14:40.0750170Z   PKG_CONFIG_PATH: /Users/runner/hostedtoolcache/Python/3.11.1/x64/lib/pkgconfig
2022-12-27T11:14:40.0750340Z   Python_ROOT_DIR: /Users/runner/hostedtoolcache/Python/3.11.1/x64
2022-12-27T11:14:40.0750500Z   Python2_ROOT_DIR: /Users/runner/hostedtoolcache/Python/3.11.1/x64
2022-12-27T11:14:40.0750660Z   Python3_ROOT_DIR: /Users/runner/hostedtoolcache/Python/3.11.1/x64
2022-12-27T11:14:40.0750790Z ##[endgroup]
2022-12-27T11:14:40.1272500Z Cleaning up orphan processes
