2022-12-27T01:58:08.9532918Z Requested labels: self-hosted, macOS, X64
2022-12-27T01:58:08.9532981Z Job defined at: kilnbuild/python.build/.github/workflows/mac_arm_build.yml@refs/heads/main
2022-12-27T01:58:08.9533008Z Waiting for a runner to pick up this job...
2022-12-27T02:58:31.9266225Z Job is about to start running on the runner: k2 (organization)
2022-12-27T02:58:35.3731440Z Current runner version: '2.300.2'
2022-12-27T02:58:35.3736110Z Runner name: 'k2'
2022-12-27T02:58:35.3736340Z Runner group name: 'Default'
2022-12-27T02:58:35.3736760Z Machine name: 'k2'
2022-12-27T02:58:35.3738170Z ##[group]GITHUB_TOKEN Permissions
2022-12-27T02:58:35.3738560Z Actions: write
2022-12-27T02:58:35.3738690Z Checks: write
2022-12-27T02:58:35.3738820Z Contents: write
2022-12-27T02:58:35.3738940Z Deployments: write
2022-12-27T02:58:35.3739070Z Discussions: write
2022-12-27T02:58:35.3739250Z Issues: write
2022-12-27T02:58:35.3739370Z Metadata: read
2022-12-27T02:58:35.3739490Z Packages: write
2022-12-27T02:58:35.3739620Z Pages: write
2022-12-27T02:58:35.3739750Z PullRequests: write
2022-12-27T02:58:35.3739900Z RepositoryProjects: write
2022-12-27T02:58:35.3740050Z SecurityEvents: write
2022-12-27T02:58:35.3740190Z Statuses: write
2022-12-27T02:58:35.3740320Z ##[endgroup]
2022-12-27T02:58:35.3742810Z Secret source: Actions
2022-12-27T02:58:35.3743120Z Prepare workflow directory
2022-12-27T02:58:35.4377110Z Prepare all required actions
2022-12-27T02:58:35.4506770Z Getting action download info
2022-12-27T02:58:35.8781310Z Download action repository 'actions/setup-python@v4' (SHA:5ccb29d8773c3f3f653e1705f474dfaa8a06a912)
2022-12-27T02:58:37.6185790Z Download action repository 'actions/upload-artifact@v3' (SHA:83fd05a356d7e2593de66fc9913b3002723633cb)
2022-12-27T02:58:38.9156270Z ##[group]Run echo '{
2022-12-27T02:58:38.9156590Z [36;1mecho '{[0m
2022-12-27T02:58:38.9156840Z [36;1m  "environment_variables": "GRPC_PYTHON_BUILD_WITH_CYTHON=1 GRPC_BUILD_WITH_BORING_SSL_ASM='' GRPC_PYTHON_BUILD_SYSTEM_OPENSSL=TRUE",[0m
2022-12-27T02:58:38.9157030Z [36;1m  "package_name": "grpcio",[0m
2022-12-27T02:58:38.9157330Z [36;1m  "package_url": "https://files.pythonhosted.org/packages/1e/ca/2ae3967c69f72fc5596815bbef3c895e34ad88738ec3322ebe87671e60c9/grpcio-1.20.1.tar.gz",[0m
2022-12-27T02:58:38.9157580Z [36;1m  "package_version": "1.20.1",[0m
2022-12-27T02:58:38.9157710Z [36;1m  "python_version": "3.9",[0m
2022-12-27T02:58:38.9157820Z [36;1m  "use_ccache": "true"[0m
2022-12-27T02:58:38.9157920Z [36;1m}'[0m
2022-12-27T02:58:38.9172780Z shell: /bin/bash -e {0}
2022-12-27T02:58:38.9172910Z ##[endgroup]
2022-12-27T02:58:38.9385940Z {
2022-12-27T02:58:38.9387390Z   "environment_variables": "GRPC_PYTHON_BUILD_WITH_CYTHON=1 GRPC_BUILD_WITH_BORING_SSL_ASM= GRPC_PYTHON_BUILD_SYSTEM_OPENSSL=TRUE",
2022-12-27T02:58:38.9387640Z   "package_name": "grpcio",
2022-12-27T02:58:38.9388310Z   "package_url": "https://files.pythonhosted.org/packages/1e/ca/2ae3967c69f72fc5596815bbef3c895e34ad88738ec3322ebe87671e60c9/grpcio-1.20.1.tar.gz",
2022-12-27T02:58:38.9388590Z   "package_version": "1.20.1",
2022-12-27T02:58:38.9388810Z   "python_version": "3.9",
2022-12-27T02:58:38.9388960Z   "use_ccache": "true"
2022-12-27T02:58:38.9389150Z }
2022-12-27T02:58:38.9594030Z ##[group]Run actions/setup-python@v4
2022-12-27T02:58:38.9594280Z with:
2022-12-27T02:58:38.9594470Z   python-version: 3.9
2022-12-27T02:58:38.9594620Z   check-latest: false
2022-12-27T02:58:38.9595010Z   token: ***
2022-12-27T02:58:38.9595190Z   update-environment: true
2022-12-27T02:58:38.9595340Z ##[endgroup]
2022-12-27T02:58:39.0784630Z ##[group]Installed versions
2022-12-27T02:58:39.0890520Z Successfully set up CPython (3.9.16)
2022-12-27T02:58:39.0891480Z ##[endgroup]
2022-12-27T02:58:39.1038040Z ##[group]Run if [ "true" == "true" ]
2022-12-27T02:58:39.1038260Z [36;1mif [ "true" == "true" ][0m
2022-12-27T02:58:39.1038460Z [36;1mthen[0m
2022-12-27T02:58:39.1038790Z [36;1m  echo "CCACHE_PATH_PREPEND=/usr/local/opt/ccache/libexec" >> $GITHUB_OUTPUT[0m
2022-12-27T02:58:39.1039080Z [36;1melse[0m
2022-12-27T02:58:39.1039240Z [36;1m  echo "CCACHE_PATH_PREPEND=" >> $GITHUB_OUTPUT[0m
2022-12-27T02:58:39.1039450Z [36;1mfi[0m
2022-12-27T02:58:39.1055950Z shell: /bin/bash -e {0}
2022-12-27T02:58:39.1056130Z env:
2022-12-27T02:58:39.1056350Z   pythonLocation: /Users/runner/hostedtoolcache/Python/3.9.16/x64
2022-12-27T02:58:39.1056610Z   PKG_CONFIG_PATH: /Users/runner/hostedtoolcache/Python/3.9.16/x64/lib/pkgconfig
2022-12-27T02:58:39.1057230Z   Python_ROOT_DIR: /Users/runner/hostedtoolcache/Python/3.9.16/x64
2022-12-27T02:58:39.1057430Z   Python2_ROOT_DIR: /Users/runner/hostedtoolcache/Python/3.9.16/x64
2022-12-27T02:58:39.1057710Z   Python3_ROOT_DIR: /Users/runner/hostedtoolcache/Python/3.9.16/x64
2022-12-27T02:58:39.1057910Z ##[endgroup]
2022-12-27T02:58:39.1163240Z ##[group]Run echo "BUILD_NAME=$(echo grpcio_1.20.1_3.9 | tr -dc '[:alnum:]\n\r' | tr '[:upper:]' '[:lower:]')" >> $GITHUB_OUTPUT
2022-12-27T02:58:39.1163740Z [36;1mecho "BUILD_NAME=$(echo grpcio_1.20.1_3.9 | tr -dc '[:alnum:]\n\r' | tr '[:upper:]' '[:lower:]')" >> $GITHUB_OUTPUT[0m
2022-12-27T02:58:39.1177190Z shell: /bin/bash -e {0}
2022-12-27T02:58:39.1177330Z env:
2022-12-27T02:58:39.1177540Z   pythonLocation: /Users/runner/hostedtoolcache/Python/3.9.16/x64
2022-12-27T02:58:39.1177900Z   PKG_CONFIG_PATH: /Users/runner/hostedtoolcache/Python/3.9.16/x64/lib/pkgconfig
2022-12-27T02:58:39.1178120Z   Python_ROOT_DIR: /Users/runner/hostedtoolcache/Python/3.9.16/x64
2022-12-27T02:58:39.1178400Z   Python2_ROOT_DIR: /Users/runner/hostedtoolcache/Python/3.9.16/x64
2022-12-27T02:58:39.1178640Z   Python3_ROOT_DIR: /Users/runner/hostedtoolcache/Python/3.9.16/x64
2022-12-27T02:58:39.1179000Z ##[endgroup]
2022-12-27T02:58:39.1325380Z ##[group]Run echo "PYTHON_NO_DOTS=$(echo 3.9 | tr -dc '[:alnum:]\n\r' | tr '[:upper:]' '[:lower:]')" >> $GITHUB_OUTPUT
2022-12-27T02:58:39.1325790Z [36;1mecho "PYTHON_NO_DOTS=$(echo 3.9 | tr -dc '[:alnum:]\n\r' | tr '[:upper:]' '[:lower:]')" >> $GITHUB_OUTPUT[0m
2022-12-27T02:58:39.1339400Z shell: /bin/bash -e {0}
2022-12-27T02:58:39.1339550Z env:
2022-12-27T02:58:39.1339810Z   pythonLocation: /Users/runner/hostedtoolcache/Python/3.9.16/x64
2022-12-27T02:58:39.1340530Z   PKG_CONFIG_PATH: /Users/runner/hostedtoolcache/Python/3.9.16/x64/lib/pkgconfig
2022-12-27T02:58:39.1340740Z   Python_ROOT_DIR: /Users/runner/hostedtoolcache/Python/3.9.16/x64
2022-12-27T02:58:39.1340970Z   Python2_ROOT_DIR: /Users/runner/hostedtoolcache/Python/3.9.16/x64
2022-12-27T02:58:39.1341220Z   Python3_ROOT_DIR: /Users/runner/hostedtoolcache/Python/3.9.16/x64
2022-12-27T02:58:39.1341430Z ##[endgroup]
2022-12-27T02:58:39.1450090Z ##[group]Run rm -rf build_grpcio120139
2022-12-27T02:58:39.1450440Z [36;1mrm -rf build_grpcio120139[0m
2022-12-27T02:58:39.1450600Z [36;1mmkdir build_grpcio120139[0m
2022-12-27T02:58:39.1450810Z [36;1mcd build_grpcio120139[0m
2022-12-27T02:58:39.1451100Z [36;1m/usr/local/bin/wget --quiet https://files.pythonhosted.org/packages/1e/ca/2ae3967c69f72fc5596815bbef3c895e34ad88738ec3322ebe87671e60c9/grpcio-1.20.1.tar.gz[0m
2022-12-27T02:58:39.1451330Z [36;1mtar xf *.tar.gz[0m
2022-12-27T02:58:39.1451530Z [36;1mcd grpcio-*/[0m
2022-12-27T02:58:39.1451720Z [36;1mpython -m pip install cibuildwheel==2.11.3[0m
2022-12-27T02:58:39.1451980Z [36;1mpython -m cibuildwheel --output-dir ../wheelsout[0m
2022-12-27T02:58:39.1464930Z shell: /bin/bash -e {0}
2022-12-27T02:58:39.1465110Z env:
2022-12-27T02:58:39.1465390Z   pythonLocation: /Users/runner/hostedtoolcache/Python/3.9.16/x64
2022-12-27T02:58:39.1465670Z   PKG_CONFIG_PATH: /Users/runner/hostedtoolcache/Python/3.9.16/x64/lib/pkgconfig
2022-12-27T02:58:39.1465910Z   Python_ROOT_DIR: /Users/runner/hostedtoolcache/Python/3.9.16/x64
2022-12-27T02:58:39.1466110Z   Python2_ROOT_DIR: /Users/runner/hostedtoolcache/Python/3.9.16/x64
2022-12-27T02:58:39.1466360Z   Python3_ROOT_DIR: /Users/runner/hostedtoolcache/Python/3.9.16/x64
2022-12-27T02:58:39.1466560Z   CIBW_ARCHS_MACOS: arm64
2022-12-27T02:58:39.1466700Z   CIBW_TEST_SKIP: *_arm64
2022-12-27T02:58:39.1466860Z   CIBW_BUILD: cp39-macosx_arm64
2022-12-27T02:58:39.1467040Z   CIBW_BUILD_FRONTEND: pip
2022-12-27T02:58:39.1467200Z   CIBW_BUILD_VERBOSITY: 3
2022-12-27T02:58:39.1467560Z   CIBW_ENVIRONMENT_MACOS: GRPC_PYTHON_BUILD_WITH_CYTHON=1 GRPC_BUILD_WITH_BORING_SSL_ASM='' GRPC_PYTHON_BUILD_SYSTEM_OPENSSL=TRUE CFLAGS="-I/usr/local/opt/openssl@3/include" LDFLAGS="-L/usr/local/opt/openssl@3/lib" CPPFLAGS="-I/usr/local/opt/openssl@3/include" MAKEFLAGS="-j$(sysctl -n hw.logicalcpu)" PATH=/usr/local/opt/ccache/libexec:$PATH
2022-12-27T02:58:39.1468140Z   CIBW_BEFORE_BUILD: pip install Cython; if [[ -f requirements.txt ]]; then pip install -r requirements.txt; fi
2022-12-27T02:58:39.1468380Z   MAKEFLAGS: -j$(sysctl -n hw.logicalcpu)
2022-12-27T02:58:39.1468520Z ##[endgroup]
2022-12-27T02:58:40.3179740Z Requirement already satisfied: cibuildwheel==2.11.3 in /Users/runner/hostedtoolcache/Python/3.9.16/x64/lib/python3.9/site-packages (2.11.3)
2022-12-27T02:58:40.3434040Z Requirement already satisfied: packaging>=20.9 in /Users/runner/hostedtoolcache/Python/3.9.16/x64/lib/python3.9/site-packages (from cibuildwheel==2.11.3) (22.0)
2022-12-27T02:58:40.3437290Z Requirement already satisfied: certifi in /Users/runner/hostedtoolcache/Python/3.9.16/x64/lib/python3.9/site-packages (from cibuildwheel==2.11.3) (2022.12.7)
2022-12-27T02:58:40.3440740Z Requirement already satisfied: platformdirs in /Users/runner/hostedtoolcache/Python/3.9.16/x64/lib/python3.9/site-packages (from cibuildwheel==2.11.3) (2.6.0)
2022-12-27T02:58:40.3450790Z Requirement already satisfied: typing-extensions>=4.1.0 in /Users/runner/hostedtoolcache/Python/3.9.16/x64/lib/python3.9/site-packages (from cibuildwheel==2.11.3) (4.4.0)
2022-12-27T02:58:40.3456070Z Requirement already satisfied: tomli in /Users/runner/hostedtoolcache/Python/3.9.16/x64/lib/python3.9/site-packages (from cibuildwheel==2.11.3) (2.0.1)
2022-12-27T02:58:40.3459190Z Requirement already satisfied: filelock in /Users/runner/hostedtoolcache/Python/3.9.16/x64/lib/python3.9/site-packages (from cibuildwheel==2.11.3) (3.8.2)
2022-12-27T02:58:40.3462370Z Requirement already satisfied: bracex in /Users/runner/hostedtoolcache/Python/3.9.16/x64/lib/python3.9/site-packages (from cibuildwheel==2.11.3) (2.3.post1)
2022-12-27T02:58:40.3467160Z Requirement already satisfied: bashlex!=0.13 in /Users/runner/hostedtoolcache/Python/3.9.16/x64/lib/python3.9/site-packages (from cibuildwheel==2.11.3) (0.16)
2022-12-27T02:58:40.5220660Z 
2022-12-27T02:58:40.5221160Z      _ _       _ _   _       _           _
2022-12-27T02:58:40.5221480Z  ___|_| |_ _ _|_| |_| |_ _ _| |_ ___ ___| |
2022-12-27T02:58:40.5222910Z |  _| | . | | | | | . | | | |   | -_| -_| |
2022-12-27T02:58:40.5223200Z |___|_|___|___|_|_|___|_____|_|_|___|___|_|
2022-12-27T02:58:40.5223390Z 
2022-12-27T02:58:40.5223530Z cibuildwheel version 2.11.3
2022-12-27T02:58:40.5223820Z 
2022-12-27T02:58:40.5223960Z Build options:
2022-12-27T02:58:40.5224240Z   platform: macos
2022-12-27T02:58:40.5393100Z   architectures: arm64[0m
2022-12-27T02:58:40.5393480Z   build_selector: 
2022-12-27T02:58:40.5394130Z     build_config: cp39-macosx_arm64
2022-12-27T02:58:40.5394790Z     skip_config: 
2022-12-27T02:58:40.5395080Z     requires_python: None
2022-12-27T02:58:40.5395420Z     prerelease_pythons: False[0m
2022-12-27T02:58:40.5396490Z   [38;5;244mcontainer_engine: docker[0m
2022-12-27T02:58:40.5397300Z   output_dir: /Users/runner/actions-runner/_work/python.build/python.build/build_grpcio120139/wheelsout[0m
2022-12-27T02:58:40.5398030Z   package_dir: /Users/runner/actions-runner/_work/python.build/python.build/build_grpcio120139/grpcio-1.20.1[0m
2022-12-27T02:58:40.5398340Z   test_selector: 
2022-12-27T02:58:40.5398630Z     skip_config: *_arm64[0m
2022-12-27T02:58:40.5398950Z   [38;5;244mbefore_all: [0m
2022-12-27T02:58:40.5399350Z   before_build: pip install Cython; if [[ -f requirements.txt ]]; then pip install -r requirements.txt; fi[0m
2022-12-27T02:58:40.5399670Z   [38;5;244mbefore_test: [0m
2022-12-27T02:58:40.5399930Z   [38;5;244mbuild_frontend: pip[0m
2022-12-27T02:58:40.5400180Z   build_verbosity: 3[0m
2022-12-27T02:58:40.5400400Z   [38;5;244mconfig_settings: [0m
2022-12-27T02:58:40.5400730Z   [38;5;244mdependency_constraints: pinned[0m
2022-12-27T02:58:40.5400940Z   environment: 
2022-12-27T02:58:40.5401140Z     GRPC_PYTHON_BUILD_WITH_CYTHON=1
2022-12-27T02:58:40.5401390Z     GRPC_BUILD_WITH_BORING_SSL_ASM=''
2022-12-27T02:58:40.5401670Z     GRPC_PYTHON_BUILD_SYSTEM_OPENSSL=TRUE
2022-12-27T02:58:40.5402260Z     CFLAGS="-I/usr/local/opt/openssl@3/include"
2022-12-27T02:58:40.5402570Z     LDFLAGS="-L/usr/local/opt/openssl@3/lib"
2022-12-27T02:58:40.5402880Z     CPPFLAGS="-I/usr/local/opt/openssl@3/include"
2022-12-27T02:58:40.5403150Z     MAKEFLAGS="-j$(sysctl -n hw.logicalcpu)"
2022-12-27T02:58:40.5403490Z     PATH=/usr/local/opt/ccache/libexec:$PATH[0m
2022-12-27T02:58:40.5403780Z   [38;5;244mmanylinux_images: None[0m
2022-12-27T02:58:40.5404020Z   [38;5;244mmusllinux_images: None[0m
2022-12-27T02:58:40.5404400Z   [38;5;244mrepair_command: delocate-wheel --require-archs {delocate_archs} -w {dest_dir} -v {wheel}[0m
2022-12-27T02:58:40.5404720Z   [38;5;244mtest_command: [0m
2022-12-27T02:58:40.5405020Z   [38;5;244mtest_extras: [0m
2022-12-27T02:58:40.5405240Z   [38;5;244mtest_requires: [0m
2022-12-27T02:58:40.5405370Z 
2022-12-27T02:58:40.5405490Z Cache folder: /Users/runner/Library/Caches/cibuildwheel
2022-12-27T02:58:40.5416670Z 
2022-12-27T02:58:40.5416850Z Here we go!
2022-12-27T02:58:40.5417000Z 
2022-12-27T02:58:40.5549090Z 
2022-12-27T02:58:40.5549560Z [1m[34mBuilding cp39-macosx_arm64 wheel[0m
2022-12-27T02:58:40.5550130Z CPython 3.9 macOS arm64 - Apple Silicon
2022-12-27T02:58:40.5550410Z 
2022-12-27T02:58:40.5553740Z ##[group]Installing Python cp39...
2022-12-27T02:58:40.5554050Z 
2022-12-27T02:58:40.5554430Z + pkgutil --pkgs
2022-12-27T02:58:40.5660030Z ##[endgroup]
2022-12-27T02:58:40.5661160Z                                                               [32mâœ“ [0m0.01s
2022-12-27T02:58:40.5661890Z ##[group]Setting up build environment...
2022-12-27T02:58:40.5662030Z 
2022-12-27T02:58:40.5681010Z + /Users/runner/hostedtoolcache/Python/3.9.16/x64/bin/python -sS /Users/runner/Library/Caches/cibuildwheel/virtualenv-20.17.0.pyz --activators= --no-periodic-update --pip=22.3.1 --setuptools=65.6.3 --wheel=0.38.4 --symlink-app-data --python /Library/Frameworks/Python.framework/Versions/3.9/bin/python3 /private/var/folders/51/hd414ycd67n82196sw51xqtc0000gn/T/cibw-run-__kqxc7y/cp39-macosx_arm64/build/venv
2022-12-27T02:58:40.7539220Z created virtual environment CPython3.9.13.final.0-64 in 52ms
2022-12-27T02:58:40.7540470Z   creator CPython3Posix(dest=/private/var/folders/51/hd414ycd67n82196sw51xqtc0000gn/T/cibw-run-__kqxc7y/cp39-macosx_arm64/build/venv, clear=False, no_vcs_ignore=False, global=False)
2022-12-27T02:58:40.7541140Z   seeder FromAppData(download=False, pip=22.3.1, setuptools=65.6.3, wheel=0.38.4, via=symlink, app_data_dir=/Users/runner/Library/Application Support/virtualenv)
2022-12-27T02:58:40.7541580Z     added seed packages: pip==22.3.1, setuptools==65.6.3, wheel==0.38.4
2022-12-27T02:58:40.7632750Z + python -m pip install --upgrade pip -c /Users/runner/hostedtoolcache/Python/3.9.16/x64/lib/python3.9/site-packages/cibuildwheel/resources/constraints-python39.txt
2022-12-27T02:58:41.0572130Z Requirement already satisfied: pip in ./lib/python3.9/site-packages (22.3.1)
2022-12-27T02:58:41.1995310Z + which pip
2022-12-27T02:58:41.2013340Z /private/var/folders/51/hd414ycd67n82196sw51xqtc0000gn/T/cibw-run-__kqxc7y/cp39-macosx_arm64/build/venv/bin/pip
2022-12-27T02:58:41.2015120Z + pip --version
2022-12-27T02:58:41.4179030Z pip 22.3.1 from /private/var/folders/51/hd414ycd67n82196sw51xqtc0000gn/T/cibw-run-__kqxc7y/cp39-macosx_arm64/build/venv/lib/python3.9/site-packages/pip (python 3.9)
2022-12-27T02:58:41.4392130Z + which pip
2022-12-27T02:58:41.4422910Z + which python
2022-12-27T02:58:41.4442100Z /private/var/folders/51/hd414ycd67n82196sw51xqtc0000gn/T/cibw-run-__kqxc7y/cp39-macosx_arm64/build/venv/bin/python
2022-12-27T02:58:41.4444990Z + python --version
2022-12-27T02:58:41.4494550Z Python 3.9.13
2022-12-27T02:58:41.4497670Z + which python
2022-12-27T02:58:41.4552970Z ##[endgroup]
2022-12-27T02:58:41.4553550Z                                                               [32mâœ“ [0m0.89s
2022-12-27T02:58:41.4554040Z ##[group]Installing build tools...
2022-12-27T02:58:41.4554230Z 
2022-12-27T02:58:41.4554860Z + pip install --upgrade setuptools wheel delocate -c /Users/runner/hostedtoolcache/Python/3.9.16/x64/lib/python3.9/site-packages/cibuildwheel/resources/constraints-python39.txt
2022-12-27T02:58:41.7551480Z Requirement already satisfied: setuptools in /private/var/folders/51/hd414ycd67n82196sw51xqtc0000gn/T/cibw-run-__kqxc7y/cp39-macosx_arm64/build/venv/lib/python3.9/site-packages (65.6.3)
2022-12-27T02:58:41.9821660Z Requirement already satisfied: wheel in /private/var/folders/51/hd414ycd67n82196sw51xqtc0000gn/T/cibw-run-__kqxc7y/cp39-macosx_arm64/build/venv/lib/python3.9/site-packages (0.38.4)
2022-12-27T02:58:42.0369300Z Collecting delocate
2022-12-27T02:58:42.0396210Z   Using cached delocate-0.10.3-py3-none-any.whl (142 kB)
2022-12-27T02:58:42.0658740Z Collecting typing-extensions
2022-12-27T02:58:42.0679770Z   Using cached typing_extensions-4.4.0-py3-none-any.whl (26 kB)
2022-12-27T02:58:42.0964110Z Collecting packaging>=20.9
2022-12-27T02:58:42.0986470Z   Using cached packaging-21.3-py3-none-any.whl (40 kB)
2022-12-27T02:58:42.1411840Z Collecting pyparsing!=3.0.5,>=2.0.2
2022-12-27T02:58:42.1432640Z   Using cached pyparsing-3.0.9-py3-none-any.whl (98 kB)
2022-12-27T02:58:42.1801300Z Installing collected packages: typing-extensions, pyparsing, packaging, delocate
2022-12-27T02:58:42.3254160Z Successfully installed delocate-0.10.3 packaging-21.3 pyparsing-3.0.9 typing-extensions-4.4.0
2022-12-27T02:58:42.3737270Z ##[endgroup]
2022-12-27T02:58:42.3738210Z                                                               [32mâœ“ [0m0.92s
2022-12-27T02:58:42.3738700Z ##[group]Running before_build...
2022-12-27T02:58:42.3738850Z 
2022-12-27T02:58:42.3745650Z + pip install Cython; if [[ -f requirements.txt ]]; then pip install -r requirements.txt; fi
2022-12-27T02:58:43.0637600Z Collecting Cython
2022-12-27T02:58:43.0681510Z   Using cached Cython-0.29.32-py2.py3-none-any.whl (986 kB)
2022-12-27T02:58:43.1091360Z Installing collected packages: Cython
2022-12-27T02:58:43.5649140Z Successfully installed Cython-0.29.32
2022-12-27T02:58:44.3434590Z Collecting coverage>=4.0
2022-12-27T02:58:44.3463910Z   Using cached coverage-7.0.1-cp39-cp39-macosx_10_9_x86_64.whl (188 kB)
2022-12-27T02:58:44.7310530Z Collecting cython==0.28.3
2022-12-27T02:58:44.7374880Z   Using cached Cython-0.28.3.tar.gz (1.9 MB)
2022-12-27T02:58:45.2436090Z   Preparing metadata (setup.py): started
2022-12-27T02:58:53.1219270Z   Preparing metadata (setup.py): finished with status 'done'
2022-12-27T02:58:53.1415270Z Collecting enum34>=1.0.4
2022-12-27T02:58:53.1440460Z   Using cached enum34-1.1.10-py3-none-any.whl (11 kB)
2022-12-27T02:58:53.4505990Z Collecting protobuf>=3.5.0.post1
2022-12-27T02:58:53.4539960Z   Using cached protobuf-4.21.12-cp37-abi3-macosx_10_9_universal2.whl (486 kB)
2022-12-27T02:58:53.4727490Z Collecting six>=1.10
2022-12-27T02:58:53.4746970Z   Using cached six-1.16.0-py2.py3-none-any.whl (11 kB)
2022-12-27T02:58:53.4763410Z Requirement already satisfied: wheel>=0.29 in /private/var/folders/51/hd414ycd67n82196sw51xqtc0000gn/T/cibw-run-__kqxc7y/cp39-macosx_arm64/build/venv/lib/python3.9/site-packages (from -r requirements.txt (line 7)) (0.38.4)
2022-12-27T02:58:53.4843730Z Building wheels for collected packages: cython
2022-12-27T02:58:53.4848410Z   Building wheel for cython (setup.py): started
2022-12-27T02:58:54.1248130Z   Building wheel for cython (setup.py): finished with status 'error'
2022-12-27T02:58:54.1521230Z   error: subprocess-exited-with-error
2022-12-27T02:58:54.1521570Z   
2022-12-27T02:58:54.1522210Z   Ã— python setup.py bdist_wheel did not run successfully.
2022-12-27T02:58:54.1523110Z   â”‚ exit code: 1
2022-12-27T02:58:54.1523780Z   â•°â”€> [560 lines of output]
2022-12-27T02:58:54.1524140Z       Unable to find pgen, not compiling formal grammar.
2022-12-27T02:58:54.1524560Z       running bdist_wheel
2022-12-27T02:58:54.1524870Z       running build
2022-12-27T02:58:54.1525170Z       running build_py
2022-12-27T02:58:54.1525420Z       creating build
2022-12-27T02:58:54.1526030Z       creating build/lib.macosx-11.0-arm64-cpython-39
2022-12-27T02:58:54.1526480Z       copying cython.py -> build/lib.macosx-11.0-arm64-cpython-39
2022-12-27T02:58:54.1529190Z       creating build/lib.macosx-11.0-arm64-cpython-39/Cython
2022-12-27T02:58:54.1529770Z       copying Cython/TestUtils.py -> build/lib.macosx-11.0-arm64-cpython-39/Cython
2022-12-27T02:58:54.1530530Z       copying Cython/StringIOTree.py -> build/lib.macosx-11.0-arm64-cpython-39/Cython
2022-12-27T02:58:54.1531020Z       copying Cython/__init__.py -> build/lib.macosx-11.0-arm64-cpython-39/Cython
2022-12-27T02:58:54.1531450Z       copying Cython/Coverage.py -> build/lib.macosx-11.0-arm64-cpython-39/Cython
2022-12-27T02:58:54.1531920Z       copying Cython/Debugging.py -> build/lib.macosx-11.0-arm64-cpython-39/Cython
2022-12-27T02:58:54.1532670Z       copying Cython/Utils.py -> build/lib.macosx-11.0-arm64-cpython-39/Cython
2022-12-27T02:58:54.1533920Z       copying Cython/Shadow.py -> build/lib.macosx-11.0-arm64-cpython-39/Cython
2022-12-27T02:58:54.1534510Z       copying Cython/CodeWriter.py -> build/lib.macosx-11.0-arm64-cpython-39/Cython
2022-12-27T02:58:54.1535300Z       creating build/lib.macosx-11.0-arm64-cpython-39/Cython/Build
2022-12-27T02:58:54.1535890Z       copying Cython/Build/Cythonize.py -> build/lib.macosx-11.0-arm64-cpython-39/Cython/Build
2022-12-27T02:58:54.1536470Z       copying Cython/Build/__init__.py -> build/lib.macosx-11.0-arm64-cpython-39/Cython/Build
2022-12-27T02:58:54.1538210Z       copying Cython/Build/IpythonMagic.py -> build/lib.macosx-11.0-arm64-cpython-39/Cython/Build
2022-12-27T02:58:54.1539270Z       copying Cython/Build/BuildExecutable.py -> build/lib.macosx-11.0-arm64-cpython-39/Cython/Build
2022-12-27T02:58:54.1540660Z       copying Cython/Build/Distutils.py -> build/lib.macosx-11.0-arm64-cpython-39/Cython/Build
2022-12-27T02:58:54.1541230Z       copying Cython/Build/Dependencies.py -> build/lib.macosx-11.0-arm64-cpython-39/Cython/Build
2022-12-27T02:58:54.1542070Z       copying Cython/Build/Inline.py -> build/lib.macosx-11.0-arm64-cpython-39/Cython/Build
2022-12-27T02:58:54.1542590Z       creating build/lib.macosx-11.0-arm64-cpython-39/Cython/Compiler
2022-12-27T02:58:54.1543680Z       copying Cython/Compiler/Optimize.py -> build/lib.macosx-11.0-arm64-cpython-39/Cython/Compiler
2022-12-27T02:58:54.1544770Z       copying Cython/Compiler/Options.py -> build/lib.macosx-11.0-arm64-cpython-39/Cython/Compiler
2022-12-27T02:58:54.1545370Z       copying Cython/Compiler/CodeGeneration.py -> build/lib.macosx-11.0-arm64-cpython-39/Cython/Compiler
2022-12-27T02:58:54.1545960Z       copying Cython/Compiler/ModuleNode.py -> build/lib.macosx-11.0-arm64-cpython-39/Cython/Compiler
2022-12-27T02:58:54.1546580Z       copying Cython/Compiler/DebugFlags.py -> build/lib.macosx-11.0-arm64-cpython-39/Cython/Compiler
2022-12-27T02:58:54.1547100Z       copying Cython/Compiler/TypeSlots.py -> build/lib.macosx-11.0-arm64-cpython-39/Cython/Compiler
2022-12-27T02:58:54.1547650Z       copying Cython/Compiler/Version.py -> build/lib.macosx-11.0-arm64-cpython-39/Cython/Compiler
2022-12-27T02:58:54.1548150Z       copying Cython/Compiler/Parsing.py -> build/lib.macosx-11.0-arm64-cpython-39/Cython/Compiler
2022-12-27T02:58:54.1548520Z       copying Cython/Compiler/Symtab.py -> build/lib.macosx-11.0-arm64-cpython-39/Cython/Compiler
2022-12-27T02:58:54.1548990Z       copying Cython/Compiler/UtilNodes.py -> build/lib.macosx-11.0-arm64-cpython-39/Cython/Compiler
2022-12-27T02:58:54.1549420Z       copying Cython/Compiler/Pythran.py -> build/lib.macosx-11.0-arm64-cpython-39/Cython/Compiler
2022-12-27T02:58:54.1549900Z       copying Cython/Compiler/Naming.py -> build/lib.macosx-11.0-arm64-cpython-39/Cython/Compiler
2022-12-27T02:58:54.1550290Z       copying Cython/Compiler/UtilityCode.py -> build/lib.macosx-11.0-arm64-cpython-39/Cython/Compiler
2022-12-27T02:58:54.1550720Z       copying Cython/Compiler/TreePath.py -> build/lib.macosx-11.0-arm64-cpython-39/Cython/Compiler
2022-12-27T02:58:54.1551270Z       copying Cython/Compiler/CmdLine.py -> build/lib.macosx-11.0-arm64-cpython-39/Cython/Compiler
2022-12-27T02:58:54.1551700Z       copying Cython/Compiler/MemoryView.py -> build/lib.macosx-11.0-arm64-cpython-39/Cython/Compiler
2022-12-27T02:58:54.1552280Z       copying Cython/Compiler/Code.py -> build/lib.macosx-11.0-arm64-cpython-39/Cython/Compiler
2022-12-27T02:58:54.1552690Z       copying Cython/Compiler/__init__.py -> build/lib.macosx-11.0-arm64-cpython-39/Cython/Compiler
2022-12-27T02:58:54.1553200Z       copying Cython/Compiler/TreeFragment.py -> build/lib.macosx-11.0-arm64-cpython-39/Cython/Compiler
2022-12-27T02:58:54.1553650Z       copying Cython/Compiler/ParseTreeTransforms.py -> build/lib.macosx-11.0-arm64-cpython-39/Cython/Compiler
2022-12-27T02:58:54.1554040Z       copying Cython/Compiler/Annotate.py -> build/lib.macosx-11.0-arm64-cpython-39/Cython/Compiler
2022-12-27T02:58:54.1554460Z       copying Cython/Compiler/Lexicon.py -> build/lib.macosx-11.0-arm64-cpython-39/Cython/Compiler
2022-12-27T02:58:54.1554880Z       copying Cython/Compiler/Interpreter.py -> build/lib.macosx-11.0-arm64-cpython-39/Cython/Compiler
2022-12-27T02:58:54.1555330Z       copying Cython/Compiler/AutoDocTransforms.py -> build/lib.macosx-11.0-arm64-cpython-39/Cython/Compiler
2022-12-27T02:58:54.1555760Z       copying Cython/Compiler/Visitor.py -> build/lib.macosx-11.0-arm64-cpython-39/Cython/Compiler
2022-12-27T02:58:54.1556170Z       copying Cython/Compiler/Pipeline.py -> build/lib.macosx-11.0-arm64-cpython-39/Cython/Compiler
2022-12-27T02:58:54.1556580Z       copying Cython/Compiler/Buffer.py -> build/lib.macosx-11.0-arm64-cpython-39/Cython/Compiler
2022-12-27T02:58:54.1556960Z       copying Cython/Compiler/ExprNodes.py -> build/lib.macosx-11.0-arm64-cpython-39/Cython/Compiler
2022-12-27T02:58:54.1557430Z       copying Cython/Compiler/CythonScope.py -> build/lib.macosx-11.0-arm64-cpython-39/Cython/Compiler
2022-12-27T02:58:54.1557880Z       copying Cython/Compiler/Scanning.py -> build/lib.macosx-11.0-arm64-cpython-39/Cython/Compiler
2022-12-27T02:58:54.1558270Z       copying Cython/Compiler/FusedNode.py -> build/lib.macosx-11.0-arm64-cpython-39/Cython/Compiler
2022-12-27T02:58:54.1558610Z       copying Cython/Compiler/TypeInference.py -> build/lib.macosx-11.0-arm64-cpython-39/Cython/Compiler
2022-12-27T02:58:54.1559170Z       copying Cython/Compiler/Builtin.py -> build/lib.macosx-11.0-arm64-cpython-39/Cython/Compiler
2022-12-27T02:58:54.1559560Z       copying Cython/Compiler/Future.py -> build/lib.macosx-11.0-arm64-cpython-39/Cython/Compiler
2022-12-27T02:58:54.1560250Z       copying Cython/Compiler/Errors.py -> build/lib.macosx-11.0-arm64-cpython-39/Cython/Compiler
2022-12-27T02:58:54.1560610Z       copying Cython/Compiler/Nodes.py -> build/lib.macosx-11.0-arm64-cpython-39/Cython/Compiler
2022-12-27T02:58:54.1560920Z       copying Cython/Compiler/Main.py -> build/lib.macosx-11.0-arm64-cpython-39/Cython/Compiler
2022-12-27T02:58:54.1561360Z       copying Cython/Compiler/StringEncoding.py -> build/lib.macosx-11.0-arm64-cpython-39/Cython/Compiler
2022-12-27T02:58:54.1561750Z       copying Cython/Compiler/AnalysedTreeTransforms.py -> build/lib.macosx-11.0-arm64-cpython-39/Cython/Compiler
2022-12-27T02:58:54.1562090Z       copying Cython/Compiler/FlowControl.py -> build/lib.macosx-11.0-arm64-cpython-39/Cython/Compiler
2022-12-27T02:58:54.1562460Z       copying Cython/Compiler/PyrexTypes.py -> build/lib.macosx-11.0-arm64-cpython-39/Cython/Compiler
2022-12-27T02:58:54.1562850Z       creating build/lib.macosx-11.0-arm64-cpython-39/Cython/Runtime
2022-12-27T02:58:54.1563200Z       copying Cython/Runtime/__init__.py -> build/lib.macosx-11.0-arm64-cpython-39/Cython/Runtime
2022-12-27T02:58:54.1563490Z       creating build/lib.macosx-11.0-arm64-cpython-39/Cython/Distutils
2022-12-27T02:58:54.1563850Z       copying Cython/Distutils/old_build_ext.py -> build/lib.macosx-11.0-arm64-cpython-39/Cython/Distutils
2022-12-27T02:58:54.1564210Z       copying Cython/Distutils/build_ext.py -> build/lib.macosx-11.0-arm64-cpython-39/Cython/Distutils
2022-12-27T02:58:54.1564630Z       copying Cython/Distutils/__init__.py -> build/lib.macosx-11.0-arm64-cpython-39/Cython/Distutils
2022-12-27T02:58:54.1630950Z       copying Cython/Distutils/extension.py -> build/lib.macosx-11.0-arm64-cpython-39/Cython/Distutils
2022-12-27T02:58:54.1631440Z       creating build/lib.macosx-11.0-arm64-cpython-39/Cython/Debugger
2022-12-27T02:58:54.1631730Z       copying Cython/Debugger/libcython.py -> build/lib.macosx-11.0-arm64-cpython-39/Cython/Debugger
2022-12-27T02:58:54.1632060Z       copying Cython/Debugger/__init__.py -> build/lib.macosx-11.0-arm64-cpython-39/Cython/Debugger
2022-12-27T02:58:54.1632440Z       copying Cython/Debugger/Cygdb.py -> build/lib.macosx-11.0-arm64-cpython-39/Cython/Debugger
2022-12-27T02:58:54.1632750Z       copying Cython/Debugger/DebugWriter.py -> build/lib.macosx-11.0-arm64-cpython-39/Cython/Debugger
2022-12-27T02:58:54.1633050Z       copying Cython/Debugger/libpython.py -> build/lib.macosx-11.0-arm64-cpython-39/Cython/Debugger
2022-12-27T02:58:54.1633320Z       creating build/lib.macosx-11.0-arm64-cpython-39/Cython/Debugger/Tests
2022-12-27T02:58:54.1633720Z       copying Cython/Debugger/Tests/test_libcython_in_gdb.py -> build/lib.macosx-11.0-arm64-cpython-39/Cython/Debugger/Tests
2022-12-27T02:58:54.1634070Z       copying Cython/Debugger/Tests/TestLibCython.py -> build/lib.macosx-11.0-arm64-cpython-39/Cython/Debugger/Tests
2022-12-27T02:58:54.1634440Z       copying Cython/Debugger/Tests/__init__.py -> build/lib.macosx-11.0-arm64-cpython-39/Cython/Debugger/Tests
2022-12-27T02:58:54.1634840Z       copying Cython/Debugger/Tests/test_libpython_in_gdb.py -> build/lib.macosx-11.0-arm64-cpython-39/Cython/Debugger/Tests
2022-12-27T02:58:54.1635170Z       creating build/lib.macosx-11.0-arm64-cpython-39/Cython/Plex
2022-12-27T02:58:54.1635450Z       copying Cython/Plex/Machines.py -> build/lib.macosx-11.0-arm64-cpython-39/Cython/Plex
2022-12-27T02:58:54.1635790Z       copying Cython/Plex/Actions.py -> build/lib.macosx-11.0-arm64-cpython-39/Cython/Plex
2022-12-27T02:58:54.1636160Z       copying Cython/Plex/__init__.py -> build/lib.macosx-11.0-arm64-cpython-39/Cython/Plex
2022-12-27T02:58:54.1636450Z       copying Cython/Plex/Timing.py -> build/lib.macosx-11.0-arm64-cpython-39/Cython/Plex
2022-12-27T02:58:54.1637100Z       copying Cython/Plex/Transitions.py -> build/lib.macosx-11.0-arm64-cpython-39/Cython/Plex
2022-12-27T02:58:54.1637510Z       copying Cython/Plex/Regexps.py -> build/lib.macosx-11.0-arm64-cpython-39/Cython/Plex
2022-12-27T02:58:54.1637950Z       copying Cython/Plex/DFA.py -> build/lib.macosx-11.0-arm64-cpython-39/Cython/Plex
2022-12-27T02:58:54.1638260Z       copying Cython/Plex/Errors.py -> build/lib.macosx-11.0-arm64-cpython-39/Cython/Plex
2022-12-27T02:58:54.1638600Z       copying Cython/Plex/Traditional.py -> build/lib.macosx-11.0-arm64-cpython-39/Cython/Plex
2022-12-27T02:58:54.1638940Z       copying Cython/Plex/Lexicons.py -> build/lib.macosx-11.0-arm64-cpython-39/Cython/Plex
2022-12-27T02:58:54.1639280Z       copying Cython/Plex/Scanners.py -> build/lib.macosx-11.0-arm64-cpython-39/Cython/Plex
2022-12-27T02:58:54.1639560Z       creating build/lib.macosx-11.0-arm64-cpython-39/Cython/Tests
2022-12-27T02:58:54.1639880Z       copying Cython/Tests/TestStringIOTree.py -> build/lib.macosx-11.0-arm64-cpython-39/Cython/Tests
2022-12-27T02:58:54.1640250Z       copying Cython/Tests/TestCodeWriter.py -> build/lib.macosx-11.0-arm64-cpython-39/Cython/Tests
2022-12-27T02:58:54.1640570Z       copying Cython/Tests/TestJediTyper.py -> build/lib.macosx-11.0-arm64-cpython-39/Cython/Tests
2022-12-27T02:58:54.1640930Z       copying Cython/Tests/xmlrunner.py -> build/lib.macosx-11.0-arm64-cpython-39/Cython/Tests
2022-12-27T02:58:54.1641230Z       copying Cython/Tests/__init__.py -> build/lib.macosx-11.0-arm64-cpython-39/Cython/Tests
2022-12-27T02:58:54.1641570Z       creating build/lib.macosx-11.0-arm64-cpython-39/Cython/Build/Tests
2022-12-27T02:58:54.1641910Z       copying Cython/Build/Tests/TestInline.py -> build/lib.macosx-11.0-arm64-cpython-39/Cython/Build/Tests
2022-12-27T02:58:54.1642280Z       copying Cython/Build/Tests/__init__.py -> build/lib.macosx-11.0-arm64-cpython-39/Cython/Build/Tests
2022-12-27T02:58:54.1642930Z       copying Cython/Build/Tests/TestIpythonMagic.py -> build/lib.macosx-11.0-arm64-cpython-39/Cython/Build/Tests
2022-12-27T02:58:54.1643350Z       copying Cython/Build/Tests/TestStripLiterals.py -> build/lib.macosx-11.0-arm64-cpython-39/Cython/Build/Tests
2022-12-27T02:58:54.1643680Z       creating build/lib.macosx-11.0-arm64-cpython-39/Cython/Compiler/Tests
2022-12-27T02:58:54.1644050Z       copying Cython/Compiler/Tests/TestGrammar.py -> build/lib.macosx-11.0-arm64-cpython-39/Cython/Compiler/Tests
2022-12-27T02:58:54.1644450Z       copying Cython/Compiler/Tests/TestCmdLine.py -> build/lib.macosx-11.0-arm64-cpython-39/Cython/Compiler/Tests
2022-12-27T02:58:54.1644870Z       copying Cython/Compiler/Tests/TestSignatureMatching.py -> build/lib.macosx-11.0-arm64-cpython-39/Cython/Compiler/Tests
2022-12-27T02:58:54.1645270Z       copying Cython/Compiler/Tests/TestTreeFragment.py -> build/lib.macosx-11.0-arm64-cpython-39/Cython/Compiler/Tests
2022-12-27T02:58:54.1645690Z       copying Cython/Compiler/Tests/TestParseTreeTransforms.py -> build/lib.macosx-11.0-arm64-cpython-39/Cython/Compiler/Tests
2022-12-27T02:58:54.1646090Z       copying Cython/Compiler/Tests/TestBuffer.py -> build/lib.macosx-11.0-arm64-cpython-39/Cython/Compiler/Tests
2022-12-27T02:58:54.1646490Z       copying Cython/Compiler/Tests/TestUtilityLoad.py -> build/lib.macosx-11.0-arm64-cpython-39/Cython/Compiler/Tests
2022-12-27T02:58:54.1646860Z       copying Cython/Compiler/Tests/TestFlowControl.py -> build/lib.macosx-11.0-arm64-cpython-39/Cython/Compiler/Tests
2022-12-27T02:58:54.1647210Z       copying Cython/Compiler/Tests/__init__.py -> build/lib.macosx-11.0-arm64-cpython-39/Cython/Compiler/Tests
2022-12-27T02:58:54.1647590Z       copying Cython/Compiler/Tests/TestTreePath.py -> build/lib.macosx-11.0-arm64-cpython-39/Cython/Compiler/Tests
2022-12-27T02:58:54.1647950Z       copying Cython/Compiler/Tests/TestTypes.py -> build/lib.macosx-11.0-arm64-cpython-39/Cython/Compiler/Tests
2022-12-27T02:58:54.1648280Z       copying Cython/Compiler/Tests/TestVisitor.py -> build/lib.macosx-11.0-arm64-cpython-39/Cython/Compiler/Tests
2022-12-27T02:58:54.1648770Z       copying Cython/Compiler/Tests/TestMemView.py -> build/lib.macosx-11.0-arm64-cpython-39/Cython/Compiler/Tests
2022-12-27T02:58:54.1649130Z       creating build/lib.macosx-11.0-arm64-cpython-39/Cython/Utility
2022-12-27T02:58:54.1649420Z       copying Cython/Utility/__init__.py -> build/lib.macosx-11.0-arm64-cpython-39/Cython/Utility
2022-12-27T02:58:54.1649740Z       creating build/lib.macosx-11.0-arm64-cpython-39/Cython/Tempita
2022-12-27T02:58:54.1650050Z       copying Cython/Tempita/__init__.py -> build/lib.macosx-11.0-arm64-cpython-39/Cython/Tempita
2022-12-27T02:58:54.1650440Z       copying Cython/Tempita/_looper.py -> build/lib.macosx-11.0-arm64-cpython-39/Cython/Tempita
2022-12-27T02:58:54.1650770Z       copying Cython/Tempita/_tempita.py -> build/lib.macosx-11.0-arm64-cpython-39/Cython/Tempita
2022-12-27T02:58:54.1651120Z       copying Cython/Tempita/compat3.py -> build/lib.macosx-11.0-arm64-cpython-39/Cython/Tempita
2022-12-27T02:58:54.1651420Z       creating build/lib.macosx-11.0-arm64-cpython-39/pyximport
2022-12-27T02:58:54.1651700Z       copying pyximport/pyximport.py -> build/lib.macosx-11.0-arm64-cpython-39/pyximport
2022-12-27T02:58:54.1652030Z       copying pyximport/__init__.py -> build/lib.macosx-11.0-arm64-cpython-39/pyximport
2022-12-27T02:58:54.1652350Z       copying pyximport/pyxbuild.py -> build/lib.macosx-11.0-arm64-cpython-39/pyximport
2022-12-27T02:58:54.1652630Z       creating build/lib.macosx-11.0-arm64-cpython-39/Cython/Includes
2022-12-27T02:58:54.1652920Z       copying Cython/Includes/openmp.pxd -> build/lib.macosx-11.0-arm64-cpython-39/Cython/Includes
2022-12-27T02:58:54.1653260Z       creating build/lib.macosx-11.0-arm64-cpython-39/Cython/Includes/posix
2022-12-27T02:58:54.1653620Z       copying Cython/Includes/posix/types.pxd -> build/lib.macosx-11.0-arm64-cpython-39/Cython/Includes/posix
2022-12-27T02:58:54.1653980Z       copying Cython/Includes/posix/select.pxd -> build/lib.macosx-11.0-arm64-cpython-39/Cython/Includes/posix
2022-12-27T02:58:54.1654490Z       copying Cython/Includes/posix/resource.pxd -> build/lib.macosx-11.0-arm64-cpython-39/Cython/Includes/posix
2022-12-27T02:58:54.1654860Z       copying Cython/Includes/posix/wait.pxd -> build/lib.macosx-11.0-arm64-cpython-39/Cython/Includes/posix
2022-12-27T02:58:54.1655200Z       copying Cython/Includes/posix/stat.pxd -> build/lib.macosx-11.0-arm64-cpython-39/Cython/Includes/posix
2022-12-27T02:58:54.1655560Z       copying Cython/Includes/posix/dlfcn.pxd -> build/lib.macosx-11.0-arm64-cpython-39/Cython/Includes/posix
2022-12-27T02:58:54.1655870Z       copying Cython/Includes/posix/__init__.pxd -> build/lib.macosx-11.0-arm64-cpython-39/Cython/Includes/posix
2022-12-27T02:58:54.1656220Z       copying Cython/Includes/posix/strings.pxd -> build/lib.macosx-11.0-arm64-cpython-39/Cython/Includes/posix
2022-12-27T02:58:54.1656660Z       copying Cython/Includes/posix/stdio.pxd -> build/lib.macosx-11.0-arm64-cpython-39/Cython/Includes/posix
2022-12-27T02:58:54.1656990Z       copying Cython/Includes/posix/stdlib.pxd -> build/lib.macosx-11.0-arm64-cpython-39/Cython/Includes/posix
2022-12-27T02:58:54.1657310Z       copying Cython/Includes/posix/mman.pxd -> build/lib.macosx-11.0-arm64-cpython-39/Cython/Includes/posix
2022-12-27T02:58:54.1657620Z       copying Cython/Includes/posix/ioctl.pxd -> build/lib.macosx-11.0-arm64-cpython-39/Cython/Includes/posix
2022-12-27T02:58:54.1657970Z       copying Cython/Includes/posix/signal.pxd -> build/lib.macosx-11.0-arm64-cpython-39/Cython/Includes/posix
2022-12-27T02:58:54.1658270Z       copying Cython/Includes/posix/fcntl.pxd -> build/lib.macosx-11.0-arm64-cpython-39/Cython/Includes/posix
2022-12-27T02:58:54.1658630Z       copying Cython/Includes/posix/unistd.pxd -> build/lib.macosx-11.0-arm64-cpython-39/Cython/Includes/posix
2022-12-27T02:58:54.1658970Z       copying Cython/Includes/posix/time.pxd -> build/lib.macosx-11.0-arm64-cpython-39/Cython/Includes/posix
2022-12-27T02:58:54.1659290Z       creating build/lib.macosx-11.0-arm64-cpython-39/Cython/Includes/libc
2022-12-27T02:58:54.1659720Z       copying Cython/Includes/libc/locale.pxd -> build/lib.macosx-11.0-arm64-cpython-39/Cython/Includes/libc
2022-12-27T02:58:54.1660090Z       copying Cython/Includes/libc/__init__.pxd -> build/lib.macosx-11.0-arm64-cpython-39/Cython/Includes/libc
2022-12-27T02:58:54.1660440Z       copying Cython/Includes/libc/math.pxd -> build/lib.macosx-11.0-arm64-cpython-39/Cython/Includes/libc
2022-12-27T02:58:54.1660770Z       copying Cython/Includes/libc/limits.pxd -> build/lib.macosx-11.0-arm64-cpython-39/Cython/Includes/libc
2022-12-27T02:58:54.1661080Z       copying Cython/Includes/libc/setjmp.pxd -> build/lib.macosx-11.0-arm64-cpython-39/Cython/Includes/libc
2022-12-27T02:58:54.1661420Z       copying Cython/Includes/libc/string.pxd -> build/lib.macosx-11.0-arm64-cpython-39/Cython/Includes/libc
2022-12-27T02:58:54.1661720Z       copying Cython/Includes/libc/stdint.pxd -> build/lib.macosx-11.0-arm64-cpython-39/Cython/Includes/libc
2022-12-27T02:58:54.1662070Z       copying Cython/Includes/libc/stdio.pxd -> build/lib.macosx-11.0-arm64-cpython-39/Cython/Includes/libc
2022-12-27T02:58:54.1662390Z       copying Cython/Includes/libc/stdlib.pxd -> build/lib.macosx-11.0-arm64-cpython-39/Cython/Includes/libc
2022-12-27T02:58:54.1662750Z       copying Cython/Includes/libc/float.pxd -> build/lib.macosx-11.0-arm64-cpython-39/Cython/Includes/libc
2022-12-27T02:58:54.1663090Z       copying Cython/Includes/libc/signal.pxd -> build/lib.macosx-11.0-arm64-cpython-39/Cython/Includes/libc
2022-12-27T02:58:54.1663400Z       copying Cython/Includes/libc/stddef.pxd -> build/lib.macosx-11.0-arm64-cpython-39/Cython/Includes/libc
2022-12-27T02:58:54.1663760Z       copying Cython/Includes/libc/errno.pxd -> build/lib.macosx-11.0-arm64-cpython-39/Cython/Includes/libc
2022-12-27T02:58:54.1664160Z       copying Cython/Includes/libc/time.pxd -> build/lib.macosx-11.0-arm64-cpython-39/Cython/Includes/libc
2022-12-27T02:58:54.1664490Z       creating build/lib.macosx-11.0-arm64-cpython-39/Cython/Includes/numpy
2022-12-27T02:58:54.1664950Z       copying Cython/Includes/numpy/__init__.pxd -> build/lib.macosx-11.0-arm64-cpython-39/Cython/Includes/numpy
2022-12-27T02:58:54.1665310Z       copying Cython/Includes/numpy/math.pxd -> build/lib.macosx-11.0-arm64-cpython-39/Cython/Includes/numpy
2022-12-27T02:58:54.1665640Z       creating build/lib.macosx-11.0-arm64-cpython-39/Cython/Includes/cpython
2022-12-27T02:58:54.1666080Z       copying Cython/Includes/cpython/ref.pxd -> build/lib.macosx-11.0-arm64-cpython-39/Cython/Includes/cpython
2022-12-27T02:58:54.1666380Z       copying Cython/Includes/cpython/long.pxd -> build/lib.macosx-11.0-arm64-cpython-39/Cython/Includes/cpython
2022-12-27T02:58:54.1666740Z       copying Cython/Includes/cpython/iterator.pxd -> build/lib.macosx-11.0-arm64-cpython-39/Cython/Includes/cpython
2022-12-27T02:58:54.1667120Z       copying Cython/Includes/cpython/weakref.pxd -> build/lib.macosx-11.0-arm64-cpython-39/Cython/Includes/cpython
2022-12-27T02:58:54.1667440Z       copying Cython/Includes/cpython/cobject.pxd -> build/lib.macosx-11.0-arm64-cpython-39/Cython/Includes/cpython
2022-12-27T02:58:54.1667760Z       copying Cython/Includes/cpython/set.pxd -> build/lib.macosx-11.0-arm64-cpython-39/Cython/Includes/cpython
2022-12-27T02:58:54.1668150Z       copying Cython/Includes/cpython/__init__.pxd -> build/lib.macosx-11.0-arm64-cpython-39/Cython/Includes/cpython
2022-12-27T02:58:54.1668530Z       copying Cython/Includes/cpython/object.pxd -> build/lib.macosx-11.0-arm64-cpython-39/Cython/Includes/cpython
2022-12-27T02:58:54.1668900Z       copying Cython/Includes/cpython/slice.pxd -> build/lib.macosx-11.0-arm64-cpython-39/Cython/Includes/cpython
2022-12-27T02:58:54.1669250Z       copying Cython/Includes/cpython/getargs.pxd -> build/lib.macosx-11.0-arm64-cpython-39/Cython/Includes/cpython
2022-12-27T02:58:54.1669560Z       copying Cython/Includes/cpython/module.pxd -> build/lib.macosx-11.0-arm64-cpython-39/Cython/Includes/cpython
2022-12-27T02:58:54.1669920Z       copying Cython/Includes/cpython/version.pxd -> build/lib.macosx-11.0-arm64-cpython-39/Cython/Includes/cpython
2022-12-27T02:58:54.1670440Z       copying Cython/Includes/cpython/buffer.pxd -> build/lib.macosx-11.0-arm64-cpython-39/Cython/Includes/cpython
2022-12-27T02:58:54.1670790Z       copying Cython/Includes/cpython/bytes.pxd -> build/lib.macosx-11.0-arm64-cpython-39/Cython/Includes/cpython
2022-12-27T02:58:54.1671170Z       copying Cython/Includes/cpython/exc.pxd -> build/lib.macosx-11.0-arm64-cpython-39/Cython/Includes/cpython
2022-12-27T02:58:54.1671540Z       copying Cython/Includes/cpython/int.pxd -> build/lib.macosx-11.0-arm64-cpython-39/Cython/Includes/cpython
2022-12-27T02:58:54.1671850Z       copying Cython/Includes/cpython/mapping.pxd -> build/lib.macosx-11.0-arm64-cpython-39/Cython/Includes/cpython
2022-12-27T02:58:54.1672270Z       copying Cython/Includes/cpython/string.pxd -> build/lib.macosx-11.0-arm64-cpython-39/Cython/Includes/cpython
2022-12-27T02:58:54.1672640Z       copying Cython/Includes/cpython/dict.pxd -> build/lib.macosx-11.0-arm64-cpython-39/Cython/Includes/cpython
2022-12-27T02:58:54.1672980Z       copying Cython/Includes/cpython/float.pxd -> build/lib.macosx-11.0-arm64-cpython-39/Cython/Includes/cpython
2022-12-27T02:58:54.1673370Z       copying Cython/Includes/cpython/complex.pxd -> build/lib.macosx-11.0-arm64-cpython-39/Cython/Includes/cpython
2022-12-27T02:58:54.1673730Z       copying Cython/Includes/cpython/array.pxd -> build/lib.macosx-11.0-arm64-cpython-39/Cython/Includes/cpython
2022-12-27T02:58:54.1674070Z       copying Cython/Includes/cpython/function.pxd -> build/lib.macosx-11.0-arm64-cpython-39/Cython/Includes/cpython
2022-12-27T02:58:54.1674500Z       copying Cython/Includes/cpython/sequence.pxd -> build/lib.macosx-11.0-arm64-cpython-39/Cython/Includes/cpython
2022-12-27T02:58:54.1674900Z       copying Cython/Includes/cpython/method.pxd -> build/lib.macosx-11.0-arm64-cpython-39/Cython/Includes/cpython
2022-12-27T02:58:54.1675290Z       copying Cython/Includes/cpython/oldbuffer.pxd -> build/lib.macosx-11.0-arm64-cpython-39/Cython/Includes/cpython
2022-12-27T02:58:54.1675790Z       copying Cython/Includes/cpython/longintrepr.pxd -> build/lib.macosx-11.0-arm64-cpython-39/Cython/Includes/cpython
2022-12-27T02:58:54.1676170Z       copying Cython/Includes/cpython/pycapsule.pxd -> build/lib.macosx-11.0-arm64-cpython-39/Cython/Includes/cpython
2022-12-27T02:58:54.1676540Z       copying Cython/Includes/cpython/tuple.pxd -> build/lib.macosx-11.0-arm64-cpython-39/Cython/Includes/cpython
2022-12-27T02:58:54.1676890Z       copying Cython/Includes/cpython/list.pxd -> build/lib.macosx-11.0-arm64-cpython-39/Cython/Includes/cpython
2022-12-27T02:58:54.1677220Z       copying Cython/Includes/cpython/pystate.pxd -> build/lib.macosx-11.0-arm64-cpython-39/Cython/Includes/cpython
2022-12-27T02:58:54.1677590Z       copying Cython/Includes/cpython/mem.pxd -> build/lib.macosx-11.0-arm64-cpython-39/Cython/Includes/cpython
2022-12-27T02:58:54.1678010Z       copying Cython/Includes/cpython/datetime.pxd -> build/lib.macosx-11.0-arm64-cpython-39/Cython/Includes/cpython
2022-12-27T02:58:54.1678360Z       copying Cython/Includes/cpython/pythread.pxd -> build/lib.macosx-11.0-arm64-cpython-39/Cython/Includes/cpython
2022-12-27T02:58:54.1678700Z       copying Cython/Includes/cpython/instance.pxd -> build/lib.macosx-11.0-arm64-cpython-39/Cython/Includes/cpython
2022-12-27T02:58:54.1679060Z       copying Cython/Includes/cpython/unicode.pxd -> build/lib.macosx-11.0-arm64-cpython-39/Cython/Includes/cpython
2022-12-27T02:58:54.1679470Z       copying Cython/Includes/cpython/number.pxd -> build/lib.macosx-11.0-arm64-cpython-39/Cython/Includes/cpython
2022-12-27T02:58:54.1679840Z       copying Cython/Includes/cpython/type.pxd -> build/lib.macosx-11.0-arm64-cpython-39/Cython/Includes/cpython
2022-12-27T02:58:54.1680180Z       copying Cython/Includes/cpython/bool.pxd -> build/lib.macosx-11.0-arm64-cpython-39/Cython/Includes/cpython
2022-12-27T02:58:54.1680510Z       creating build/lib.macosx-11.0-arm64-cpython-39/Cython/Includes/libcpp
2022-12-27T02:58:54.1681000Z       copying Cython/Includes/libcpp/unordered_set.pxd -> build/lib.macosx-11.0-arm64-cpython-39/Cython/Includes/libcpp
2022-12-27T02:58:54.1681430Z       copying Cython/Includes/libcpp/memory.pxd -> build/lib.macosx-11.0-arm64-cpython-39/Cython/Includes/libcpp
2022-12-27T02:58:54.1681760Z       copying Cython/Includes/libcpp/iterator.pxd -> build/lib.macosx-11.0-arm64-cpython-39/Cython/Includes/libcpp
2022-12-27T02:58:54.1682120Z       copying Cython/Includes/libcpp/set.pxd -> build/lib.macosx-11.0-arm64-cpython-39/Cython/Includes/libcpp
2022-12-27T02:58:54.1682480Z       copying Cython/Includes/libcpp/__init__.pxd -> build/lib.macosx-11.0-arm64-cpython-39/Cython/Includes/libcpp
2022-12-27T02:58:54.1682830Z       copying Cython/Includes/libcpp/limits.pxd -> build/lib.macosx-11.0-arm64-cpython-39/Cython/Includes/libcpp
2022-12-27T02:58:54.1683160Z       copying Cython/Includes/libcpp/deque.pxd -> build/lib.macosx-11.0-arm64-cpython-39/Cython/Includes/libcpp
2022-12-27T02:58:54.1683550Z       copying Cython/Includes/libcpp/stack.pxd -> build/lib.macosx-11.0-arm64-cpython-39/Cython/Includes/libcpp
2022-12-27T02:58:54.1683920Z       copying Cython/Includes/libcpp/string.pxd -> build/lib.macosx-11.0-arm64-cpython-39/Cython/Includes/libcpp
2022-12-27T02:58:54.1684270Z       copying Cython/Includes/libcpp/typeindex.pxd -> build/lib.macosx-11.0-arm64-cpython-39/Cython/Includes/libcpp
2022-12-27T02:58:54.1684600Z       copying Cython/Includes/libcpp/map.pxd -> build/lib.macosx-11.0-arm64-cpython-39/Cython/Includes/libcpp
2022-12-27T02:58:54.1684920Z       copying Cython/Includes/libcpp/complex.pxd -> build/lib.macosx-11.0-arm64-cpython-39/Cython/Includes/libcpp
2022-12-27T02:58:54.1685280Z       copying Cython/Includes/libcpp/vector.pxd -> build/lib.macosx-11.0-arm64-cpython-39/Cython/Includes/libcpp
2022-12-27T02:58:54.1685580Z       copying Cython/Includes/libcpp/functional.pxd -> build/lib.macosx-11.0-arm64-cpython-39/Cython/Includes/libcpp
2022-12-27T02:58:54.1686060Z       copying Cython/Includes/libcpp/algorithm.pxd -> build/lib.macosx-11.0-arm64-cpython-39/Cython/Includes/libcpp
2022-12-27T02:58:54.1686390Z       copying Cython/Includes/libcpp/list.pxd -> build/lib.macosx-11.0-arm64-cpython-39/Cython/Includes/libcpp
2022-12-27T02:58:54.1686760Z       copying Cython/Includes/libcpp/queue.pxd -> build/lib.macosx-11.0-arm64-cpython-39/Cython/Includes/libcpp
2022-12-27T02:58:54.1687100Z       copying Cython/Includes/libcpp/unordered_map.pxd -> build/lib.macosx-11.0-arm64-cpython-39/Cython/Includes/libcpp
2022-12-27T02:58:54.1687470Z       copying Cython/Includes/libcpp/cast.pxd -> build/lib.macosx-11.0-arm64-cpython-39/Cython/Includes/libcpp
2022-12-27T02:58:54.1687890Z       copying Cython/Includes/libcpp/typeinfo.pxd -> build/lib.macosx-11.0-arm64-cpython-39/Cython/Includes/libcpp
2022-12-27T02:58:54.1688220Z       copying Cython/Includes/libcpp/pair.pxd -> build/lib.macosx-11.0-arm64-cpython-39/Cython/Includes/libcpp
2022-12-27T02:58:54.1688540Z       copying Cython/Includes/libcpp/utility.pxd -> build/lib.macosx-11.0-arm64-cpython-39/Cython/Includes/libcpp
2022-12-27T02:58:54.1688850Z       creating build/lib.macosx-11.0-arm64-cpython-39/Cython/Includes/Deprecated
2022-12-27T02:58:54.1689150Z       copying Cython/Includes/Deprecated/python_number.pxd -> build/lib.macosx-11.0-arm64-cpython-39/Cython/Includes/Deprecated
2022-12-27T02:58:54.1689470Z       copying Cython/Includes/Deprecated/python_unicode.pxd -> build/lib.macosx-11.0-arm64-cpython-39/Cython/Includes/Deprecated
2022-12-27T02:58:54.1689790Z       copying Cython/Includes/Deprecated/python_dict.pxd -> build/lib.macosx-11.0-arm64-cpython-39/Cython/Includes/Deprecated
2022-12-27T02:58:54.1690100Z       copying Cython/Includes/Deprecated/python_mem.pxd -> build/lib.macosx-11.0-arm64-cpython-39/Cython/Includes/Deprecated
2022-12-27T02:58:54.1690430Z       copying Cython/Includes/Deprecated/stl.pxd -> build/lib.macosx-11.0-arm64-cpython-39/Cython/Includes/Deprecated
2022-12-27T02:58:54.1690740Z       copying Cython/Includes/Deprecated/python2.5.pxd -> build/lib.macosx-11.0-arm64-cpython-39/Cython/Includes/Deprecated
2022-12-27T02:58:54.1691190Z       copying Cython/Includes/Deprecated/python_method.pxd -> build/lib.macosx-11.0-arm64-cpython-39/Cython/Includes/Deprecated
2022-12-27T02:58:54.1691550Z       copying Cython/Includes/Deprecated/python_pycapsule.pxd -> build/lib.macosx-11.0-arm64-cpython-39/Cython/Includes/Deprecated
2022-12-27T02:58:54.1691870Z       copying Cython/Includes/Deprecated/python_oldbuffer.pxd -> build/lib.macosx-11.0-arm64-cpython-39/Cython/Includes/Deprecated
2022-12-27T02:58:54.1692190Z       copying Cython/Includes/Deprecated/python_complex.pxd -> build/lib.macosx-11.0-arm64-cpython-39/Cython/Includes/Deprecated
2022-12-27T02:58:54.1692510Z       copying Cython/Includes/Deprecated/python_bytes.pxd -> build/lib.macosx-11.0-arm64-cpython-39/Cython/Includes/Deprecated
2022-12-27T02:58:54.1692830Z       copying Cython/Includes/Deprecated/python_iterator.pxd -> build/lib.macosx-11.0-arm64-cpython-39/Cython/Includes/Deprecated
2022-12-27T02:58:54.1693140Z       copying Cython/Includes/Deprecated/python_long.pxd -> build/lib.macosx-11.0-arm64-cpython-39/Cython/Includes/Deprecated
2022-12-27T02:58:54.1693450Z       copying Cython/Includes/Deprecated/stdio.pxd -> build/lib.macosx-11.0-arm64-cpython-39/Cython/Includes/Deprecated
2022-12-27T02:58:54.1693760Z       copying Cython/Includes/Deprecated/stdlib.pxd -> build/lib.macosx-11.0-arm64-cpython-39/Cython/Includes/Deprecated
2022-12-27T02:58:54.1694090Z       copying Cython/Includes/Deprecated/python_float.pxd -> build/lib.macosx-11.0-arm64-cpython-39/Cython/Includes/Deprecated
2022-12-27T02:58:54.1694430Z       copying Cython/Includes/Deprecated/python_buffer.pxd -> build/lib.macosx-11.0-arm64-cpython-39/Cython/Includes/Deprecated
2022-12-27T02:58:54.1694770Z       copying Cython/Includes/Deprecated/python_mapping.pxd -> build/lib.macosx-11.0-arm64-cpython-39/Cython/Includes/Deprecated
2022-12-27T02:58:54.1695090Z       copying Cython/Includes/Deprecated/python_instance.pxd -> build/lib.macosx-11.0-arm64-cpython-39/Cython/Includes/Deprecated
2022-12-27T02:58:54.1695560Z       copying Cython/Includes/Deprecated/python_int.pxd -> build/lib.macosx-11.0-arm64-cpython-39/Cython/Includes/Deprecated
2022-12-27T02:58:54.1695860Z       copying Cython/Includes/Deprecated/python_exc.pxd -> build/lib.macosx-11.0-arm64-cpython-39/Cython/Includes/Deprecated
2022-12-27T02:58:54.1696170Z       copying Cython/Includes/Deprecated/python_string.pxd -> build/lib.macosx-11.0-arm64-cpython-39/Cython/Includes/Deprecated
2022-12-27T02:58:54.1696480Z       copying Cython/Includes/Deprecated/python_object.pxd -> build/lib.macosx-11.0-arm64-cpython-39/Cython/Includes/Deprecated
2022-12-27T02:58:54.1696790Z       copying Cython/Includes/Deprecated/python_bool.pxd -> build/lib.macosx-11.0-arm64-cpython-39/Cython/Includes/Deprecated
2022-12-27T02:58:54.1697090Z       copying Cython/Includes/Deprecated/python_module.pxd -> build/lib.macosx-11.0-arm64-cpython-39/Cython/Includes/Deprecated
2022-12-27T02:58:54.1697400Z       copying Cython/Includes/Deprecated/python_set.pxd -> build/lib.macosx-11.0-arm64-cpython-39/Cython/Includes/Deprecated
2022-12-27T02:58:54.1697760Z       copying Cython/Includes/Deprecated/python_getargs.pxd -> build/lib.macosx-11.0-arm64-cpython-39/Cython/Includes/Deprecated
2022-12-27T02:58:54.1698070Z       copying Cython/Includes/Deprecated/python_type.pxd -> build/lib.macosx-11.0-arm64-cpython-39/Cython/Includes/Deprecated
2022-12-27T02:58:54.1698390Z       copying Cython/Includes/Deprecated/python_version.pxd -> build/lib.macosx-11.0-arm64-cpython-39/Cython/Includes/Deprecated
2022-12-27T02:58:54.1698700Z       copying Cython/Includes/Deprecated/python_tuple.pxd -> build/lib.macosx-11.0-arm64-cpython-39/Cython/Includes/Deprecated
2022-12-27T02:58:54.1699010Z       copying Cython/Includes/Deprecated/python_weakref.pxd -> build/lib.macosx-11.0-arm64-cpython-39/Cython/Includes/Deprecated
2022-12-27T02:58:54.1699320Z       copying Cython/Includes/Deprecated/python_ref.pxd -> build/lib.macosx-11.0-arm64-cpython-39/Cython/Includes/Deprecated
2022-12-27T02:58:54.1699740Z       copying Cython/Includes/Deprecated/python_cobject.pxd -> build/lib.macosx-11.0-arm64-cpython-39/Cython/Includes/Deprecated
2022-12-27T02:58:54.1700080Z       copying Cython/Includes/Deprecated/python_function.pxd -> build/lib.macosx-11.0-arm64-cpython-39/Cython/Includes/Deprecated
2022-12-27T02:58:54.1700410Z       copying Cython/Includes/Deprecated/python_sequence.pxd -> build/lib.macosx-11.0-arm64-cpython-39/Cython/Includes/Deprecated
2022-12-27T02:58:54.1700760Z       copying Cython/Includes/Deprecated/python.pxd -> build/lib.macosx-11.0-arm64-cpython-39/Cython/Includes/Deprecated
2022-12-27T02:58:54.1701070Z       copying Cython/Includes/Deprecated/python_list.pxd -> build/lib.macosx-11.0-arm64-cpython-39/Cython/Includes/Deprecated
2022-12-27T02:58:54.1701400Z       copying Cython/Compiler/ParseTreeTransforms.pxd -> build/lib.macosx-11.0-arm64-cpython-39/Cython/Compiler
2022-12-27T02:58:54.1701700Z       copying Cython/Compiler/Scanning.pxd -> build/lib.macosx-11.0-arm64-cpython-39/Cython/Compiler
2022-12-27T02:58:54.1701970Z       copying Cython/Compiler/Parsing.pxd -> build/lib.macosx-11.0-arm64-cpython-39/Cython/Compiler
2022-12-27T02:58:54.1702250Z       copying Cython/Compiler/FlowControl.pxd -> build/lib.macosx-11.0-arm64-cpython-39/Cython/Compiler
2022-12-27T02:58:54.1702520Z       copying Cython/Compiler/Code.pxd -> build/lib.macosx-11.0-arm64-cpython-39/Cython/Compiler
2022-12-27T02:58:54.1702790Z       copying Cython/Compiler/Visitor.pxd -> build/lib.macosx-11.0-arm64-cpython-39/Cython/Compiler
2022-12-27T02:58:54.1703080Z       copying Cython/Runtime/refnanny.pyx -> build/lib.macosx-11.0-arm64-cpython-39/Cython/Runtime
2022-12-27T02:58:54.1703360Z       copying Cython/Debugger/Tests/codefile -> build/lib.macosx-11.0-arm64-cpython-39/Cython/Debugger/Tests
2022-12-27T02:58:54.1703640Z       copying Cython/Debugger/Tests/cfuncs.c -> build/lib.macosx-11.0-arm64-cpython-39/Cython/Debugger/Tests
2022-12-27T02:58:54.1704060Z       copying Cython/Plex/Scanners.pxd -> build/lib.macosx-11.0-arm64-cpython-39/Cython/Plex
2022-12-27T02:58:54.1704330Z       copying Cython/Plex/Actions.pxd -> build/lib.macosx-11.0-arm64-cpython-39/Cython/Plex
2022-12-27T02:58:54.1704640Z       copying Cython/Utility/CpdefEnums.pyx -> build/lib.macosx-11.0-arm64-cpython-39/Cython/Utility
2022-12-27T02:58:54.1705000Z       copying Cython/Utility/TestCyUtilityLoader.pyx -> build/lib.macosx-11.0-arm64-cpython-39/Cython/Utility
2022-12-27T02:58:54.1705330Z       copying Cython/Utility/CppConvert.pyx -> build/lib.macosx-11.0-arm64-cpython-39/Cython/Utility
2022-12-27T02:58:54.1705650Z       copying Cython/Utility/TestCythonScope.pyx -> build/lib.macosx-11.0-arm64-cpython-39/Cython/Utility
2022-12-27T02:58:54.1705920Z       copying Cython/Utility/MemoryView.pyx -> build/lib.macosx-11.0-arm64-cpython-39/Cython/Utility
2022-12-27T02:58:54.1706180Z       copying Cython/Utility/CConvert.pyx -> build/lib.macosx-11.0-arm64-cpython-39/Cython/Utility
2022-12-27T02:58:54.1706450Z       copying Cython/Utility/ObjectHandling.c -> build/lib.macosx-11.0-arm64-cpython-39/Cython/Utility
2022-12-27T02:58:54.1706710Z       copying Cython/Utility/Buffer.c -> build/lib.macosx-11.0-arm64-cpython-39/Cython/Utility
2022-12-27T02:58:54.1706990Z       copying Cython/Utility/Builtins.c -> build/lib.macosx-11.0-arm64-cpython-39/Cython/Utility
2022-12-27T02:58:54.1707260Z       copying Cython/Utility/Overflow.c -> build/lib.macosx-11.0-arm64-cpython-39/Cython/Utility
2022-12-27T02:58:54.1707550Z       copying Cython/Utility/Capsule.c -> build/lib.macosx-11.0-arm64-cpython-39/Cython/Utility
2022-12-27T02:58:54.1707860Z       copying Cython/Utility/FunctionArguments.c -> build/lib.macosx-11.0-arm64-cpython-39/Cython/Utility
2022-12-27T02:58:54.1708140Z       copying Cython/Utility/TestUtilityLoader.c -> build/lib.macosx-11.0-arm64-cpython-39/Cython/Utility
2022-12-27T02:58:54.1708420Z       copying Cython/Utility/MemoryView_C.c -> build/lib.macosx-11.0-arm64-cpython-39/Cython/Utility
2022-12-27T02:58:54.1708690Z       copying Cython/Utility/Printing.c -> build/lib.macosx-11.0-arm64-cpython-39/Cython/Utility
2022-12-27T02:58:54.1709090Z       copying Cython/Utility/CythonFunction.c -> build/lib.macosx-11.0-arm64-cpython-39/Cython/Utility
2022-12-27T02:58:54.1709390Z       copying Cython/Utility/Complex.c -> build/lib.macosx-11.0-arm64-cpython-39/Cython/Utility
2022-12-27T02:58:54.1709650Z       copying Cython/Utility/StringTools.c -> build/lib.macosx-11.0-arm64-cpython-39/Cython/Utility
2022-12-27T02:58:54.1709940Z       copying Cython/Utility/ImportExport.c -> build/lib.macosx-11.0-arm64-cpython-39/Cython/Utility
2022-12-27T02:58:54.1710200Z       copying Cython/Utility/CMath.c -> build/lib.macosx-11.0-arm64-cpython-39/Cython/Utility
2022-12-27T02:58:54.1710470Z       copying Cython/Utility/CommonStructures.c -> build/lib.macosx-11.0-arm64-cpython-39/Cython/Utility
2022-12-27T02:58:54.1710740Z       copying Cython/Utility/Embed.c -> build/lib.macosx-11.0-arm64-cpython-39/Cython/Utility
2022-12-27T02:58:54.1711010Z       copying Cython/Utility/ExtensionTypes.c -> build/lib.macosx-11.0-arm64-cpython-39/Cython/Utility
2022-12-27T02:58:54.1711270Z       copying Cython/Utility/Optimize.c -> build/lib.macosx-11.0-arm64-cpython-39/Cython/Utility
2022-12-27T02:58:54.1711540Z       copying Cython/Utility/ModuleSetupCode.c -> build/lib.macosx-11.0-arm64-cpython-39/Cython/Utility
2022-12-27T02:58:54.1711810Z       copying Cython/Utility/Profile.c -> build/lib.macosx-11.0-arm64-cpython-39/Cython/Utility
2022-12-27T02:58:54.1712070Z       copying Cython/Utility/Exceptions.c -> build/lib.macosx-11.0-arm64-cpython-39/Cython/Utility
2022-12-27T02:58:54.1712330Z       copying Cython/Utility/AsyncGen.c -> build/lib.macosx-11.0-arm64-cpython-39/Cython/Utility
2022-12-27T02:58:54.1712600Z       copying Cython/Utility/TypeConversion.c -> build/lib.macosx-11.0-arm64-cpython-39/Cython/Utility
2022-12-27T02:58:54.1712860Z       copying Cython/Utility/Coroutine.c -> build/lib.macosx-11.0-arm64-cpython-39/Cython/Utility
2022-12-27T02:58:54.1713270Z       copying Cython/Utility/arrayarray.h -> build/lib.macosx-11.0-arm64-cpython-39/Cython/Utility
2022-12-27T02:58:54.1713540Z       copying Cython/Utility/CppSupport.cpp -> build/lib.macosx-11.0-arm64-cpython-39/Cython/Utility
2022-12-27T02:58:54.1713720Z       running build_ext
2022-12-27T02:58:54.1713890Z       building 'Cython.Plex.Scanners' extension
2022-12-27T02:58:54.1714080Z       creating build/temp.macosx-11.0-arm64-cpython-39
2022-12-27T02:58:54.1714300Z       creating build/temp.macosx-11.0-arm64-cpython-39/private
2022-12-27T02:58:54.1714520Z       creating build/temp.macosx-11.0-arm64-cpython-39/private/var
2022-12-27T02:58:54.1714740Z       creating build/temp.macosx-11.0-arm64-cpython-39/private/var/folders
2022-12-27T02:58:54.1714990Z       creating build/temp.macosx-11.0-arm64-cpython-39/private/var/folders/51
2022-12-27T02:58:54.1715260Z       creating build/temp.macosx-11.0-arm64-cpython-39/private/var/folders/51/hd414ycd67n82196sw51xqtc0000gn
2022-12-27T02:58:54.1715550Z       creating build/temp.macosx-11.0-arm64-cpython-39/private/var/folders/51/hd414ycd67n82196sw51xqtc0000gn/T
2022-12-27T02:58:54.1715870Z       creating build/temp.macosx-11.0-arm64-cpython-39/private/var/folders/51/hd414ycd67n82196sw51xqtc0000gn/T/pip-install-g0p_a6vz
2022-12-27T02:58:54.1716240Z       creating build/temp.macosx-11.0-arm64-cpython-39/private/var/folders/51/hd414ycd67n82196sw51xqtc0000gn/T/pip-install-g0p_a6vz/cython_ab90ede6122b42a9a63c88d9413f15d1
2022-12-27T02:58:54.1716630Z       creating build/temp.macosx-11.0-arm64-cpython-39/private/var/folders/51/hd414ycd67n82196sw51xqtc0000gn/T/pip-install-g0p_a6vz/cython_ab90ede6122b42a9a63c88d9413f15d1/Cython
2022-12-27T02:58:54.1717020Z       creating build/temp.macosx-11.0-arm64-cpython-39/private/var/folders/51/hd414ycd67n82196sw51xqtc0000gn/T/pip-install-g0p_a6vz/cython_ab90ede6122b42a9a63c88d9413f15d1/Cython/Plex
2022-12-27T02:58:54.1718110Z       gcc -Wno-unused-result -Wsign-compare -Wunreachable-code -fno-common -dynamic -DNDEBUG -g -fwrapv -O3 -Wall -g -I/usr/local/opt/openssl@3/include -I/usr/local/opt/openssl@3/include -arch arm64 -I/private/var/folders/51/hd414ycd67n82196sw51xqtc0000gn/T/cibw-run-__kqxc7y/cp39-macosx_arm64/build/venv/include -I/Library/Frameworks/Python.framework/Versions/3.9/include/python3.9 -c /private/var/folders/51/hd414ycd67n82196sw51xqtc0000gn/T/pip-install-g0p_a6vz/cython_ab90ede6122b42a9a63c88d9413f15d1/Cython/Plex/Scanners.c -o build/temp.macosx-11.0-arm64-cpython-39/private/var/folders/51/hd414ycd67n82196sw51xqtc0000gn/T/pip-install-g0p_a6vz/cython_ab90ede6122b42a9a63c88d9413f15d1/Cython/Plex/Scanners.o
2022-12-27T02:58:54.1718920Z       /private/var/folders/51/hd414ycd67n82196sw51xqtc0000gn/T/pip-install-g0p_a6vz/cython_ab90ede6122b42a9a63c88d9413f15d1/Cython/Plex/Scanners.c:3495:51: warning: '_PyUnicode_get_wstr_length' is deprecated [-Wdeprecated-declarations]
2022-12-27T02:58:54.1719190Z                 __pyx_t_8 = (__pyx_v_data != Py_None)&&(__Pyx_PyUnicode_IS_TRUE(__pyx_v_data) != 0);
2022-12-27T02:58:54.1719350Z                                                         ^
2022-12-27T02:58:54.1719680Z       /private/var/folders/51/hd414ycd67n82196sw51xqtc0000gn/T/pip-install-g0p_a6vz/cython_ab90ede6122b42a9a63c88d9413f15d1/Cython/Plex/Scanners.c:422:108: note: expanded from macro '__Pyx_PyUnicode_IS_TRUE'
2022-12-27T02:58:54.1719960Z         #define __Pyx_PyUnicode_IS_TRUE(u)      (0 != (likely(PyUnicode_IS_READY(u)) ? PyUnicode_GET_LENGTH(u) : PyUnicode_GET_SIZE(u)))
2022-12-27T02:58:54.1720170Z                                                                                                                  ^
2022-12-27T02:58:54.1720460Z       /Library/Frameworks/Python.framework/Versions/3.9/include/python3.9/cpython/unicodeobject.h:261:7: note: expanded from macro 'PyUnicode_GET_SIZE'
2022-12-27T02:58:54.1720670Z             PyUnicode_WSTR_LENGTH(op) :                    \
2022-12-27T02:58:54.1720780Z             ^
2022-12-27T02:58:54.1721050Z       /Library/Frameworks/Python.framework/Versions/3.9/include/python3.9/cpython/unicodeobject.h:451:35: note: expanded from macro 'PyUnicode_WSTR_LENGTH'
2022-12-27T02:58:54.1721400Z       #define PyUnicode_WSTR_LENGTH(op) _PyUnicode_get_wstr_length((PyObject*)op)
2022-12-27T02:58:54.1721550Z                                         ^
2022-12-27T02:58:54.1721860Z       /Library/Frameworks/Python.framework/Versions/3.9/include/python3.9/cpython/unicodeobject.h:445:1: note: '_PyUnicode_get_wstr_length' has been explicitly marked deprecated here
2022-12-27T02:58:54.1722060Z       Py_DEPRECATED(3.3)
2022-12-27T02:58:54.1722160Z       ^
2022-12-27T02:58:54.1722410Z       /Library/Frameworks/Python.framework/Versions/3.9/include/python3.9/pyport.h:508:54: note: expanded from macro 'Py_DEPRECATED'
2022-12-27T02:58:54.1722610Z       #define Py_DEPRECATED(VERSION_UNUSED) __attribute__((__deprecated__))
2022-12-27T02:58:54.1722760Z                                                            ^
2022-12-27T02:58:54.1723120Z       /private/var/folders/51/hd414ycd67n82196sw51xqtc0000gn/T/pip-install-g0p_a6vz/cython_ab90ede6122b42a9a63c88d9413f15d1/Cython/Plex/Scanners.c:3495:51: warning: 'PyUnicode_AsUnicode' is deprecated [-Wdeprecated-declarations]
2022-12-27T02:58:54.1723410Z                 __pyx_t_8 = (__pyx_v_data != Py_None)&&(__Pyx_PyUnicode_IS_TRUE(__pyx_v_data) != 0);
2022-12-27T02:58:54.1723570Z                                                         ^
2022-12-27T02:58:54.1723930Z       /private/var/folders/51/hd414ycd67n82196sw51xqtc0000gn/T/pip-install-g0p_a6vz/cython_ab90ede6122b42a9a63c88d9413f15d1/Cython/Plex/Scanners.c:422:108: note: expanded from macro '__Pyx_PyUnicode_IS_TRUE'
2022-12-27T02:58:54.1724200Z         #define __Pyx_PyUnicode_IS_TRUE(u)      (0 != (likely(PyUnicode_IS_READY(u)) ? PyUnicode_GET_LENGTH(u) : PyUnicode_GET_SIZE(u)))
2022-12-27T02:58:54.1724420Z                                                                                                                  ^
2022-12-27T02:58:54.1724720Z       /Library/Frameworks/Python.framework/Versions/3.9/include/python3.9/cpython/unicodeobject.h:262:14: note: expanded from macro 'PyUnicode_GET_SIZE'
2022-12-27T02:58:54.1725090Z             ((void)PyUnicode_AsUnicode(_PyObject_CAST(op)),\
2022-12-27T02:58:54.1725240Z                    ^
2022-12-27T02:58:54.1725550Z       /Library/Frameworks/Python.framework/Versions/3.9/include/python3.9/cpython/unicodeobject.h:580:1: note: 'PyUnicode_AsUnicode' has been explicitly marked deprecated here
2022-12-27T02:58:54.1725780Z       Py_DEPRECATED(3.3) PyAPI_FUNC(Py_UNICODE *) PyUnicode_AsUnicode(
2022-12-27T02:58:54.1725910Z       ^
2022-12-27T02:58:54.1726150Z       /Library/Frameworks/Python.framework/Versions/3.9/include/python3.9/pyport.h:508:54: note: expanded from macro 'Py_DEPRECATED'
2022-12-27T02:58:54.1726350Z       #define Py_DEPRECATED(VERSION_UNUSED) __attribute__((__deprecated__))
2022-12-27T02:58:54.1726500Z                                                            ^
2022-12-27T02:58:54.1726860Z       /private/var/folders/51/hd414ycd67n82196sw51xqtc0000gn/T/pip-install-g0p_a6vz/cython_ab90ede6122b42a9a63c88d9413f15d1/Cython/Plex/Scanners.c:3495:51: warning: '_PyUnicode_get_wstr_length' is deprecated [-Wdeprecated-declarations]
2022-12-27T02:58:54.1727150Z                 __pyx_t_8 = (__pyx_v_data != Py_None)&&(__Pyx_PyUnicode_IS_TRUE(__pyx_v_data) != 0);
2022-12-27T02:58:54.1727290Z                                                         ^
2022-12-27T02:58:54.1727610Z       /private/var/folders/51/hd414ycd67n82196sw51xqtc0000gn/T/pip-install-g0p_a6vz/cython_ab90ede6122b42a9a63c88d9413f15d1/Cython/Plex/Scanners.c:422:108: note: expanded from macro '__Pyx_PyUnicode_IS_TRUE'
2022-12-27T02:58:54.1727910Z         #define __Pyx_PyUnicode_IS_TRUE(u)      (0 != (likely(PyUnicode_IS_READY(u)) ? PyUnicode_GET_LENGTH(u) : PyUnicode_GET_SIZE(u)))
2022-12-27T02:58:54.1728100Z                                                                                                                  ^
2022-12-27T02:58:54.1728380Z       /Library/Frameworks/Python.framework/Versions/3.9/include/python3.9/cpython/unicodeobject.h:264:8: note: expanded from macro 'PyUnicode_GET_SIZE'
2022-12-27T02:58:54.1728710Z              PyUnicode_WSTR_LENGTH(op)))
2022-12-27T02:58:54.1728820Z              ^
2022-12-27T02:58:54.1729110Z       /Library/Frameworks/Python.framework/Versions/3.9/include/python3.9/cpython/unicodeobject.h:451:35: note: expanded from macro 'PyUnicode_WSTR_LENGTH'
2022-12-27T02:58:54.1729330Z       #define PyUnicode_WSTR_LENGTH(op) _PyUnicode_get_wstr_length((PyObject*)op)
2022-12-27T02:58:54.1729480Z                                         ^
2022-12-27T02:58:54.1729770Z       /Library/Frameworks/Python.framework/Versions/3.9/include/python3.9/cpython/unicodeobject.h:445:1: note: '_PyUnicode_get_wstr_length' has been explicitly marked deprecated here
2022-12-27T02:58:54.1729980Z       Py_DEPRECATED(3.3)
2022-12-27T02:58:54.1730070Z       ^
2022-12-27T02:58:54.1730310Z       /Library/Frameworks/Python.framework/Versions/3.9/include/python3.9/pyport.h:508:54: note: expanded from macro 'Py_DEPRECATED'
2022-12-27T02:58:54.1730520Z       #define Py_DEPRECATED(VERSION_UNUSED) __attribute__((__deprecated__))
2022-12-27T02:58:54.1730660Z                                                            ^
2022-12-27T02:58:54.1731030Z       /private/var/folders/51/hd414ycd67n82196sw51xqtc0000gn/T/pip-install-g0p_a6vz/cython_ab90ede6122b42a9a63c88d9413f15d1/Cython/Plex/Scanners.c:8518:46: error: no member named 'tp_print' in 'struct _typeobject'
2022-12-27T02:58:54.1731260Z         __pyx_type_6Cython_4Plex_8Scanners_Scanner.tp_print = 0;
2022-12-27T02:58:54.1731410Z         ~~~~~~~~~~~~~~~~~~~~~~~~~~~~~~~~~~~~~~~~~~ ^
2022-12-27T02:58:54.1731750Z       /private/var/folders/51/hd414ycd67n82196sw51xqtc0000gn/T/pip-install-g0p_a6vz/cython_ab90ede6122b42a9a63c88d9413f15d1/Cython/Plex/Scanners.c:9075:22: warning: '_PyUnicode_get_wstr_length' is deprecated [-Wdeprecated-declarations]
2022-12-27T02:58:54.1732020Z                           (PyUnicode_GET_SIZE(**name) != PyUnicode_GET_SIZE(key)) ? 1 :
2022-12-27T02:58:54.1732160Z                            ^
2022-12-27T02:58:54.1732570Z       /Library/Frameworks/Python.framework/Versions/3.9/include/python3.9/cpython/unicodeobject.h:261:7: note: expanded from macro 'PyUnicode_GET_SIZE'
2022-12-27T02:58:54.1732790Z             PyUnicode_WSTR_LENGTH(op) :                    \
2022-12-27T02:58:54.1732900Z             ^
2022-12-27T02:58:54.1733170Z       /Library/Frameworks/Python.framework/Versions/3.9/include/python3.9/cpython/unicodeobject.h:451:35: note: expanded from macro 'PyUnicode_WSTR_LENGTH'
2022-12-27T02:58:54.1733390Z       #define PyUnicode_WSTR_LENGTH(op) _PyUnicode_get_wstr_length((PyObject*)op)
2022-12-27T02:58:54.1733540Z                                         ^
2022-12-27T02:58:54.1733830Z       /Library/Frameworks/Python.framework/Versions/3.9/include/python3.9/cpython/unicodeobject.h:445:1: note: '_PyUnicode_get_wstr_length' has been explicitly marked deprecated here
2022-12-27T02:58:54.1734030Z       Py_DEPRECATED(3.3)
2022-12-27T02:58:54.1734130Z       ^
2022-12-27T02:58:54.1734390Z       /Library/Frameworks/Python.framework/Versions/3.9/include/python3.9/pyport.h:508:54: note: expanded from macro 'Py_DEPRECATED'
2022-12-27T02:58:54.1734600Z       #define Py_DEPRECATED(VERSION_UNUSED) __attribute__((__deprecated__))
2022-12-27T02:58:54.1734760Z                                                            ^
2022-12-27T02:58:54.1735120Z       /private/var/folders/51/hd414ycd67n82196sw51xqtc0000gn/T/pip-install-g0p_a6vz/cython_ab90ede6122b42a9a63c88d9413f15d1/Cython/Plex/Scanners.c:9075:22: warning: 'PyUnicode_AsUnicode' is deprecated [-Wdeprecated-declarations]
2022-12-27T02:58:54.1735380Z                           (PyUnicode_GET_SIZE(**name) != PyUnicode_GET_SIZE(key)) ? 1 :
2022-12-27T02:58:54.1735520Z                            ^
2022-12-27T02:58:54.1735780Z       /Library/Frameworks/Python.framework/Versions/3.9/include/python3.9/cpython/unicodeobject.h:262:14: note: expanded from macro 'PyUnicode_GET_SIZE'
2022-12-27T02:58:54.1736070Z             ((void)PyUnicode_AsUnicode(_PyObject_CAST(op)),\
2022-12-27T02:58:54.1736200Z                    ^
2022-12-27T02:58:54.1736500Z       /Library/Frameworks/Python.framework/Versions/3.9/include/python3.9/cpython/unicodeobject.h:580:1: note: 'PyUnicode_AsUnicode' has been explicitly marked deprecated here
2022-12-27T02:58:54.1736730Z       Py_DEPRECATED(3.3) PyAPI_FUNC(Py_UNICODE *) PyUnicode_AsUnicode(
2022-12-27T02:58:54.1736880Z       ^
2022-12-27T02:58:54.1737120Z       /Library/Frameworks/Python.framework/Versions/3.9/include/python3.9/pyport.h:508:54: note: expanded from macro 'Py_DEPRECATED'
2022-12-27T02:58:54.1737330Z       #define Py_DEPRECATED(VERSION_UNUSED) __attribute__((__deprecated__))
2022-12-27T02:58:54.1737470Z                                                            ^
2022-12-27T02:58:54.1737870Z       /private/var/folders/51/hd414ycd67n82196sw51xqtc0000gn/T/pip-install-g0p_a6vz/cython_ab90ede6122b42a9a63c88d9413f15d1/Cython/Plex/Scanners.c:9075:22: warning: '_PyUnicode_get_wstr_length' is deprecated [-Wdeprecated-declarations]
2022-12-27T02:58:54.1738130Z                           (PyUnicode_GET_SIZE(**name) != PyUnicode_GET_SIZE(key)) ? 1 :
2022-12-27T02:58:54.1738260Z                            ^
2022-12-27T02:58:54.1738520Z       /Library/Frameworks/Python.framework/Versions/3.9/include/python3.9/cpython/unicodeobject.h:264:8: note: expanded from macro 'PyUnicode_GET_SIZE'
2022-12-27T02:58:54.1738720Z              PyUnicode_WSTR_LENGTH(op)))
2022-12-27T02:58:54.1738830Z              ^
2022-12-27T02:58:54.1739090Z       /Library/Frameworks/Python.framework/Versions/3.9/include/python3.9/cpython/unicodeobject.h:451:35: note: expanded from macro 'PyUnicode_WSTR_LENGTH'
2022-12-27T02:58:54.1739310Z       #define PyUnicode_WSTR_LENGTH(op) _PyUnicode_get_wstr_length((PyObject*)op)
2022-12-27T02:58:54.1739460Z                                         ^
2022-12-27T02:58:54.1739740Z       /Library/Frameworks/Python.framework/Versions/3.9/include/python3.9/cpython/unicodeobject.h:445:1: note: '_PyUnicode_get_wstr_length' has been explicitly marked deprecated here
2022-12-27T02:58:54.1739950Z       Py_DEPRECATED(3.3)
2022-12-27T02:58:54.1740170Z       ^
2022-12-27T02:58:54.1740440Z       /Library/Frameworks/Python.framework/Versions/3.9/include/python3.9/pyport.h:508:54: note: expanded from macro 'Py_DEPRECATED'
2022-12-27T02:58:54.1740640Z       #define Py_DEPRECATED(VERSION_UNUSED) __attribute__((__deprecated__))
2022-12-27T02:58:54.1740790Z                                                            ^
2022-12-27T02:58:54.1741210Z       /private/var/folders/51/hd414ycd67n82196sw51xqtc0000gn/T/pip-install-g0p_a6vz/cython_ab90ede6122b42a9a63c88d9413f15d1/Cython/Plex/Scanners.c:9075:52: warning: '_PyUnicode_get_wstr_length' is deprecated [-Wdeprecated-declarations]
2022-12-27T02:58:54.1741470Z                           (PyUnicode_GET_SIZE(**name) != PyUnicode_GET_SIZE(key)) ? 1 :
2022-12-27T02:58:54.1741610Z                                                          ^
2022-12-27T02:58:54.1742000Z       /Library/Frameworks/Python.framework/Versions/3.9/include/python3.9/cpython/unicodeobject.h:261:7: note: expanded from macro 'PyUnicode_GET_SIZE'
2022-12-27T02:58:54.1742240Z             PyUnicode_WSTR_LENGTH(op) :                    \
2022-12-27T02:58:54.1742350Z             ^
2022-12-27T02:58:54.1742620Z       /Library/Frameworks/Python.framework/Versions/3.9/include/python3.9/cpython/unicodeobject.h:451:35: note: expanded from macro 'PyUnicode_WSTR_LENGTH'
2022-12-27T02:58:54.1742840Z       #define PyUnicode_WSTR_LENGTH(op) _PyUnicode_get_wstr_length((PyObject*)op)
2022-12-27T02:58:54.1742990Z                                         ^
2022-12-27T02:58:54.1743280Z       /Library/Frameworks/Python.framework/Versions/3.9/include/python3.9/cpython/unicodeobject.h:445:1: note: '_PyUnicode_get_wstr_length' has been explicitly marked deprecated here
2022-12-27T02:58:54.1743480Z       Py_DEPRECATED(3.3)
2022-12-27T02:58:54.1743580Z       ^
2022-12-27T02:58:54.1743810Z       /Library/Frameworks/Python.framework/Versions/3.9/include/python3.9/pyport.h:508:54: note: expanded from macro 'Py_DEPRECATED'
2022-12-27T02:58:54.1744110Z       #define Py_DEPRECATED(VERSION_UNUSED) __attribute__((__deprecated__))
2022-12-27T02:58:54.1744250Z                                                            ^
2022-12-27T02:58:54.1744610Z       /private/var/folders/51/hd414ycd67n82196sw51xqtc0000gn/T/pip-install-g0p_a6vz/cython_ab90ede6122b42a9a63c88d9413f15d1/Cython/Plex/Scanners.c:9075:52: warning: 'PyUnicode_AsUnicode' is deprecated [-Wdeprecated-declarations]
2022-12-27T02:58:54.1744860Z                           (PyUnicode_GET_SIZE(**name) != PyUnicode_GET_SIZE(key)) ? 1 :
2022-12-27T02:58:54.1745010Z                                                          ^
2022-12-27T02:58:54.1745280Z       /Library/Frameworks/Python.framework/Versions/3.9/include/python3.9/cpython/unicodeobject.h:262:14: note: expanded from macro 'PyUnicode_GET_SIZE'
2022-12-27T02:58:54.1745490Z             ((void)PyUnicode_AsUnicode(_PyObject_CAST(op)),\
2022-12-27T02:58:54.1745620Z                    ^
2022-12-27T02:58:54.1745900Z       /Library/Frameworks/Python.framework/Versions/3.9/include/python3.9/cpython/unicodeobject.h:580:1: note: 'PyUnicode_AsUnicode' has been explicitly marked deprecated here
2022-12-27T02:58:54.1746140Z       Py_DEPRECATED(3.3) PyAPI_FUNC(Py_UNICODE *) PyUnicode_AsUnicode(
2022-12-27T02:58:54.1746260Z       ^
2022-12-27T02:58:54.1746500Z       /Library/Frameworks/Python.framework/Versions/3.9/include/python3.9/pyport.h:508:54: note: expanded from macro 'Py_DEPRECATED'
2022-12-27T02:58:54.1746700Z       #define Py_DEPRECATED(VERSION_UNUSED) __attribute__((__deprecated__))
2022-12-27T02:58:54.1746850Z                                                            ^
2022-12-27T02:58:54.1747190Z       /private/var/folders/51/hd414ycd67n82196sw51xqtc0000gn/T/pip-install-g0p_a6vz/cython_ab90ede6122b42a9a63c88d9413f15d1/Cython/Plex/Scanners.c:9075:52: warning: '_PyUnicode_get_wstr_length' is deprecated [-Wdeprecated-declarations]
2022-12-27T02:58:54.1747450Z                           (PyUnicode_GET_SIZE(**name) != PyUnicode_GET_SIZE(key)) ? 1 :
2022-12-27T02:58:54.1747660Z                                                          ^
2022-12-27T02:58:54.1747950Z       /Library/Frameworks/Python.framework/Versions/3.9/include/python3.9/cpython/unicodeobject.h:264:8: note: expanded from macro 'PyUnicode_GET_SIZE'
2022-12-27T02:58:54.1748140Z              PyUnicode_WSTR_LENGTH(op)))
2022-12-27T02:58:54.1748250Z              ^
2022-12-27T02:58:54.1748510Z       /Library/Frameworks/Python.framework/Versions/3.9/include/python3.9/cpython/unicodeobject.h:451:35: note: expanded from macro 'PyUnicode_WSTR_LENGTH'
2022-12-27T02:58:54.1748740Z       #define PyUnicode_WSTR_LENGTH(op) _PyUnicode_get_wstr_length((PyObject*)op)
2022-12-27T02:58:54.1748880Z                                         ^
2022-12-27T02:58:54.1749170Z       /Library/Frameworks/Python.framework/Versions/3.9/include/python3.9/cpython/unicodeobject.h:445:1: note: '_PyUnicode_get_wstr_length' has been explicitly marked deprecated here
2022-12-27T02:58:54.1749370Z       Py_DEPRECATED(3.3)
2022-12-27T02:58:54.1749470Z       ^
2022-12-27T02:58:54.1749700Z       /Library/Frameworks/Python.framework/Versions/3.9/include/python3.9/pyport.h:508:54: note: expanded from macro 'Py_DEPRECATED'
2022-12-27T02:58:54.1749910Z       #define Py_DEPRECATED(VERSION_UNUSED) __attribute__((__deprecated__))
2022-12-27T02:58:54.1750060Z                                                            ^
2022-12-27T02:58:54.1750400Z       /private/var/folders/51/hd414ycd67n82196sw51xqtc0000gn/T/pip-install-g0p_a6vz/cython_ab90ede6122b42a9a63c88d9413f15d1/Cython/Plex/Scanners.c:9091:26: warning: '_PyUnicode_get_wstr_length' is deprecated [-Wdeprecated-declarations]
2022-12-27T02:58:54.1750670Z                               (PyUnicode_GET_SIZE(**argname) != PyUnicode_GET_SIZE(key)) ? 1 :
2022-12-27T02:58:54.1750810Z                                ^
2022-12-27T02:58:54.1751070Z       /Library/Frameworks/Python.framework/Versions/3.9/include/python3.9/cpython/unicodeobject.h:261:7: note: expanded from macro 'PyUnicode_GET_SIZE'
2022-12-27T02:58:54.1751340Z             PyUnicode_WSTR_LENGTH(op) :                    \
2022-12-27T02:58:54.1751450Z             ^
2022-12-27T02:58:54.1751720Z       /Library/Frameworks/Python.framework/Versions/3.9/include/python3.9/cpython/unicodeobject.h:451:35: note: expanded from macro 'PyUnicode_WSTR_LENGTH'
2022-12-27T02:58:54.1751940Z       #define PyUnicode_WSTR_LENGTH(op) _PyUnicode_get_wstr_length((PyObject*)op)
2022-12-27T02:58:54.1752090Z                                         ^
2022-12-27T02:58:54.1752390Z       /Library/Frameworks/Python.framework/Versions/3.9/include/python3.9/cpython/unicodeobject.h:445:1: note: '_PyUnicode_get_wstr_length' has been explicitly marked deprecated here
2022-12-27T02:58:54.1752620Z       Py_DEPRECATED(3.3)
2022-12-27T02:58:54.1752710Z       ^
2022-12-27T02:58:54.1752950Z       /Library/Frameworks/Python.framework/Versions/3.9/include/python3.9/pyport.h:508:54: note: expanded from macro 'Py_DEPRECATED'
2022-12-27T02:58:54.1753160Z       #define Py_DEPRECATED(VERSION_UNUSED) __attribute__((__deprecated__))
2022-12-27T02:58:54.1753300Z                                                            ^
2022-12-27T02:58:54.1753670Z       /private/var/folders/51/hd414ycd67n82196sw51xqtc0000gn/T/pip-install-g0p_a6vz/cython_ab90ede6122b42a9a63c88d9413f15d1/Cython/Plex/Scanners.c:9091:26: warning: 'PyUnicode_AsUnicode' is deprecated [-Wdeprecated-declarations]
2022-12-27T02:58:54.1753940Z                               (PyUnicode_GET_SIZE(**argname) != PyUnicode_GET_SIZE(key)) ? 1 :
2022-12-27T02:58:54.1754070Z                                ^
2022-12-27T02:58:54.1754370Z       /Library/Frameworks/Python.framework/Versions/3.9/include/python3.9/cpython/unicodeobject.h:262:14: note: expanded from macro 'PyUnicode_GET_SIZE'
2022-12-27T02:58:54.1754600Z             ((void)PyUnicode_AsUnicode(_PyObject_CAST(op)),\
2022-12-27T02:58:54.1754720Z                    ^
2022-12-27T02:58:54.1755080Z       /Library/Frameworks/Python.framework/Versions/3.9/include/python3.9/cpython/unicodeobject.h:580:1: note: 'PyUnicode_AsUnicode' has been explicitly marked deprecated here
2022-12-27T02:58:54.1755320Z       Py_DEPRECATED(3.3) PyAPI_FUNC(Py_UNICODE *) PyUnicode_AsUnicode(
2022-12-27T02:58:54.1755450Z       ^
2022-12-27T02:58:54.1755690Z       /Library/Frameworks/Python.framework/Versions/3.9/include/python3.9/pyport.h:508:54: note: expanded from macro 'Py_DEPRECATED'
2022-12-27T02:58:54.1755890Z       #define Py_DEPRECATED(VERSION_UNUSED) __attribute__((__deprecated__))
2022-12-27T02:58:54.1756040Z                                                            ^
2022-12-27T02:58:54.1756390Z       /private/var/folders/51/hd414ycd67n82196sw51xqtc0000gn/T/pip-install-g0p_a6vz/cython_ab90ede6122b42a9a63c88d9413f15d1/Cython/Plex/Scanners.c:9091:26: warning: '_PyUnicode_get_wstr_length' is deprecated [-Wdeprecated-declarations]
2022-12-27T02:58:54.1756650Z                               (PyUnicode_GET_SIZE(**argname) != PyUnicode_GET_SIZE(key)) ? 1 :
2022-12-27T02:58:54.1756790Z                                ^
2022-12-27T02:58:54.1757100Z       /Library/Frameworks/Python.framework/Versions/3.9/include/python3.9/cpython/unicodeobject.h:264:8: note: expanded from macro 'PyUnicode_GET_SIZE'
2022-12-27T02:58:54.1757290Z              PyUnicode_WSTR_LENGTH(op)))
2022-12-27T02:58:54.1757400Z              ^
2022-12-27T02:58:54.1757670Z       /Library/Frameworks/Python.framework/Versions/3.9/include/python3.9/cpython/unicodeobject.h:451:35: note: expanded from macro 'PyUnicode_WSTR_LENGTH'
2022-12-27T02:58:54.1757970Z       #define PyUnicode_WSTR_LENGTH(op) _PyUnicode_get_wstr_length((PyObject*)op)
2022-12-27T02:58:54.1758120Z                                         ^
2022-12-27T02:58:54.1758410Z       /Library/Frameworks/Python.framework/Versions/3.9/include/python3.9/cpython/unicodeobject.h:445:1: note: '_PyUnicode_get_wstr_length' has been explicitly marked deprecated here
2022-12-27T02:58:54.1758610Z       Py_DEPRECATED(3.3)
2022-12-27T02:58:54.1758810Z       ^
2022-12-27T02:58:54.1759050Z       /Library/Frameworks/Python.framework/Versions/3.9/include/python3.9/pyport.h:508:54: note: expanded from macro 'Py_DEPRECATED'
2022-12-27T02:58:54.1759250Z       #define Py_DEPRECATED(VERSION_UNUSED) __attribute__((__deprecated__))
2022-12-27T02:58:54.1759400Z                                                            ^
2022-12-27T02:58:54.1759760Z       /private/var/folders/51/hd414ycd67n82196sw51xqtc0000gn/T/pip-install-g0p_a6vz/cython_ab90ede6122b42a9a63c88d9413f15d1/Cython/Plex/Scanners.c:9091:59: warning: '_PyUnicode_get_wstr_length' is deprecated [-Wdeprecated-declarations]
2022-12-27T02:58:54.1760020Z                               (PyUnicode_GET_SIZE(**argname) != PyUnicode_GET_SIZE(key)) ? 1 :
2022-12-27T02:58:54.1760160Z                                                                 ^
2022-12-27T02:58:54.1760440Z       /Library/Frameworks/Python.framework/Versions/3.9/include/python3.9/cpython/unicodeobject.h:261:7: note: expanded from macro 'PyUnicode_GET_SIZE'
2022-12-27T02:58:54.1760670Z             PyUnicode_WSTR_LENGTH(op) :                    \
2022-12-27T02:58:54.1760770Z             ^
2022-12-27T02:58:54.1761040Z       /Library/Frameworks/Python.framework/Versions/3.9/include/python3.9/cpython/unicodeobject.h:451:35: note: expanded from macro 'PyUnicode_WSTR_LENGTH'
2022-12-27T02:58:54.1761260Z       #define PyUnicode_WSTR_LENGTH(op) _PyUnicode_get_wstr_length((PyObject*)op)
2022-12-27T02:58:54.1761410Z                                         ^
2022-12-27T02:58:54.1761700Z       /Library/Frameworks/Python.framework/Versions/3.9/include/python3.9/cpython/unicodeobject.h:445:1: note: '_PyUnicode_get_wstr_length' has been explicitly marked deprecated here
2022-12-27T02:58:54.1761900Z       Py_DEPRECATED(3.3)
2022-12-27T02:58:54.1762030Z       ^
2022-12-27T02:58:54.1762270Z       /Library/Frameworks/Python.framework/Versions/3.9/include/python3.9/pyport.h:508:54: note: expanded from macro 'Py_DEPRECATED'
2022-12-27T02:58:54.1762480Z       #define Py_DEPRECATED(VERSION_UNUSED) __attribute__((__deprecated__))
2022-12-27T02:58:54.1762700Z                                                            ^
2022-12-27T02:58:54.1763060Z       /private/var/folders/51/hd414ycd67n82196sw51xqtc0000gn/T/pip-install-g0p_a6vz/cython_ab90ede6122b42a9a63c88d9413f15d1/Cython/Plex/Scanners.c:9091:59: warning: 'PyUnicode_AsUnicode' is deprecated [-Wdeprecated-declarations]
2022-12-27T02:58:54.1763330Z                               (PyUnicode_GET_SIZE(**argname) != PyUnicode_GET_SIZE(key)) ? 1 :
2022-12-27T02:58:54.1763470Z                                                                 ^
2022-12-27T02:58:54.1763750Z       /Library/Frameworks/Python.framework/Versions/3.9/include/python3.9/cpython/unicodeobject.h:262:14: note: expanded from macro 'PyUnicode_GET_SIZE'
2022-12-27T02:58:54.1763990Z             ((void)PyUnicode_AsUnicode(_PyObject_CAST(op)),\
2022-12-27T02:58:54.1764110Z                    ^
2022-12-27T02:58:54.1764390Z       /Library/Frameworks/Python.framework/Versions/3.9/include/python3.9/cpython/unicodeobject.h:580:1: note: 'PyUnicode_AsUnicode' has been explicitly marked deprecated here
2022-12-27T02:58:54.1764630Z       Py_DEPRECATED(3.3) PyAPI_FUNC(Py_UNICODE *) PyUnicode_AsUnicode(
2022-12-27T02:58:54.1764780Z       ^
2022-12-27T02:58:54.1765020Z       /Library/Frameworks/Python.framework/Versions/3.9/include/python3.9/pyport.h:508:54: note: expanded from macro 'Py_DEPRECATED'
2022-12-27T02:58:54.1765220Z       #define Py_DEPRECATED(VERSION_UNUSED) __attribute__((__deprecated__))
2022-12-27T02:58:54.1765370Z                                                            ^
2022-12-27T02:58:54.1765720Z       /private/var/folders/51/hd414ycd67n82196sw51xqtc0000gn/T/pip-install-g0p_a6vz/cython_ab90ede6122b42a9a63c88d9413f15d1/Cython/Plex/Scanners.c:9091:59: warning: '_PyUnicode_get_wstr_length' is deprecated [-Wdeprecated-declarations]
2022-12-27T02:58:54.1766090Z                               (PyUnicode_GET_SIZE(**argname) != PyUnicode_GET_SIZE(key)) ? 1 :
2022-12-27T02:58:54.1766310Z                                                                 ^
2022-12-27T02:58:54.1766600Z       /Library/Frameworks/Python.framework/Versions/3.9/include/python3.9/cpython/unicodeobject.h:264:8: note: expanded from macro 'PyUnicode_GET_SIZE'
2022-12-27T02:58:54.1766790Z              PyUnicode_WSTR_LENGTH(op)))
2022-12-27T02:58:54.1766900Z              ^
2022-12-27T02:58:54.1767160Z       /Library/Frameworks/Python.framework/Versions/3.9/include/python3.9/cpython/unicodeobject.h:451:35: note: expanded from macro 'PyUnicode_WSTR_LENGTH'
2022-12-27T02:58:54.1767380Z       #define PyUnicode_WSTR_LENGTH(op) _PyUnicode_get_wstr_length((PyObject*)op)
2022-12-27T02:58:54.1767520Z                                         ^
2022-12-27T02:58:54.1767820Z       /Library/Frameworks/Python.framework/Versions/3.9/include/python3.9/cpython/unicodeobject.h:445:1: note: '_PyUnicode_get_wstr_length' has been explicitly marked deprecated here
2022-12-27T02:58:54.1768020Z       Py_DEPRECATED(3.3)
2022-12-27T02:58:54.1768130Z       ^
2022-12-27T02:58:54.1768370Z       /Library/Frameworks/Python.framework/Versions/3.9/include/python3.9/pyport.h:508:54: note: expanded from macro 'Py_DEPRECATED'
2022-12-27T02:58:54.1768580Z       #define Py_DEPRECATED(VERSION_UNUSED) __attribute__((__deprecated__))
2022-12-27T02:58:54.1768720Z                                                            ^
2022-12-27T02:58:54.1769070Z       /private/var/folders/51/hd414ycd67n82196sw51xqtc0000gn/T/pip-install-g0p_a6vz/cython_ab90ede6122b42a9a63c88d9413f15d1/Cython/Plex/Scanners.c:9540:16: warning: 'PyUnicode_FromUnicode' is deprecated [-Wdeprecated-declarations]
2022-12-27T02:58:54.1769320Z               return PyUnicode_FromUnicode(NULL, 0);
2022-12-27T02:58:54.1769440Z                      ^
2022-12-27T02:58:54.1769730Z       /Library/Frameworks/Python.framework/Versions/3.9/include/python3.9/cpython/unicodeobject.h:551:1: note: 'PyUnicode_FromUnicode' has been explicitly marked deprecated here
2022-12-27T02:58:54.1769960Z       Py_DEPRECATED(3.3) PyAPI_FUNC(PyObject*) PyUnicode_FromUnicode(
2022-12-27T02:58:54.1770090Z       ^
2022-12-27T02:58:54.1770400Z       /Library/Frameworks/Python.framework/Versions/3.9/include/python3.9/pyport.h:508:54: note: expanded from macro 'Py_DEPRECATED'
2022-12-27T02:58:54.1770610Z       #define Py_DEPRECATED(VERSION_UNUSED) __attribute__((__deprecated__))
2022-12-27T02:58:54.1770760Z                                                            ^
2022-12-27T02:58:54.1770880Z       16 warnings and 1 error generated.
2022-12-27T02:58:54.1771070Z       error: command '/usr/bin/gcc' failed with exit code 1
2022-12-27T02:58:54.1771200Z       [end of output]
2022-12-27T02:58:54.1771310Z   
2022-12-27T02:58:54.1771450Z   note: This error originates from a subprocess, and is likely not a problem with pip.
2022-12-27T02:58:54.1771610Z   ERROR: Failed building wheel for cython
2022-12-27T02:58:54.1771740Z   Running setup.py clean for cython
2022-12-27T02:58:54.4195100Z Failed to build cython
2022-12-27T02:58:54.4747700Z Installing collected packages: enum34, six, protobuf, cython, coverage
2022-12-27T02:58:54.6566520Z   Attempting uninstall: cython
2022-12-27T02:58:54.6572320Z     Found existing installation: Cython 0.29.32
2022-12-27T02:58:54.8071740Z     Uninstalling Cython-0.29.32:
2022-12-27T02:58:54.8171850Z       Successfully uninstalled Cython-0.29.32
2022-12-27T02:58:54.8184650Z   Running setup.py install for cython: started
2022-12-27T02:58:55.4621010Z   Running setup.py install for cython: finished with status 'error'
2022-12-27T02:58:55.4861610Z   error: subprocess-exited-with-error
2022-12-27T02:58:55.4861820Z   
2022-12-27T02:58:55.4862200Z   Ã— Running setup.py install for cython did not run successfully.
2022-12-27T02:58:55.4862570Z   â”‚ exit code: 1
2022-12-27T02:58:55.4862890Z   â•°â”€> [562 lines of output]
2022-12-27T02:58:55.4863180Z       Unable to find pgen, not compiling formal grammar.
2022-12-27T02:58:55.4863440Z       running install
2022-12-27T02:58:55.4865090Z       /private/var/folders/51/hd414ycd67n82196sw51xqtc0000gn/T/cibw-run-__kqxc7y/cp39-macosx_arm64/build/venv/lib/python3.9/site-packages/setuptools/command/install.py:34: SetuptoolsDeprecationWarning: setup.py install is deprecated. Use build and pip and other standards-based tools.
2022-12-27T02:58:55.4865690Z         warnings.warn(
2022-12-27T02:58:55.4865900Z       running build
2022-12-27T02:58:55.4866090Z       running build_py
2022-12-27T02:58:55.4866290Z       creating build
2022-12-27T02:58:55.4866650Z       creating build/lib.macosx-11.0-arm64-cpython-39
2022-12-27T02:58:55.4866990Z       copying cython.py -> build/lib.macosx-11.0-arm64-cpython-39
2022-12-27T02:58:55.4867410Z       creating build/lib.macosx-11.0-arm64-cpython-39/Cython
2022-12-27T02:58:55.4867980Z       copying Cython/TestUtils.py -> build/lib.macosx-11.0-arm64-cpython-39/Cython
2022-12-27T02:58:55.4868480Z       copying Cython/StringIOTree.py -> build/lib.macosx-11.0-arm64-cpython-39/Cython
2022-12-27T02:58:55.4868970Z       copying Cython/__init__.py -> build/lib.macosx-11.0-arm64-cpython-39/Cython
2022-12-27T02:58:55.4869460Z       copying Cython/Coverage.py -> build/lib.macosx-11.0-arm64-cpython-39/Cython
2022-12-27T02:58:55.4869950Z       copying Cython/Debugging.py -> build/lib.macosx-11.0-arm64-cpython-39/Cython
2022-12-27T02:58:55.4870430Z       copying Cython/Utils.py -> build/lib.macosx-11.0-arm64-cpython-39/Cython
2022-12-27T02:58:55.4870920Z       copying Cython/Shadow.py -> build/lib.macosx-11.0-arm64-cpython-39/Cython
2022-12-27T02:58:55.4871410Z       copying Cython/CodeWriter.py -> build/lib.macosx-11.0-arm64-cpython-39/Cython
2022-12-27T02:58:55.4871870Z       creating build/lib.macosx-11.0-arm64-cpython-39/Cython/Build
2022-12-27T02:58:55.4872370Z       copying Cython/Build/Cythonize.py -> build/lib.macosx-11.0-arm64-cpython-39/Cython/Build
2022-12-27T02:58:55.4872890Z       copying Cython/Build/__init__.py -> build/lib.macosx-11.0-arm64-cpython-39/Cython/Build
2022-12-27T02:58:55.4873530Z       copying Cython/Build/IpythonMagic.py -> build/lib.macosx-11.0-arm64-cpython-39/Cython/Build
2022-12-27T02:58:55.4874320Z       copying Cython/Build/BuildExecutable.py -> build/lib.macosx-11.0-arm64-cpython-39/Cython/Build
2022-12-27T02:58:55.4874940Z       copying Cython/Build/Distutils.py -> build/lib.macosx-11.0-arm64-cpython-39/Cython/Build
2022-12-27T02:58:55.4875680Z       copying Cython/Build/Dependencies.py -> build/lib.macosx-11.0-arm64-cpython-39/Cython/Build
2022-12-27T02:58:55.4876280Z       copying Cython/Build/Inline.py -> build/lib.macosx-11.0-arm64-cpython-39/Cython/Build
2022-12-27T02:58:55.4876820Z       creating build/lib.macosx-11.0-arm64-cpython-39/Cython/Compiler
2022-12-27T02:58:55.4877350Z       copying Cython/Compiler/Optimize.py -> build/lib.macosx-11.0-arm64-cpython-39/Cython/Compiler
2022-12-27T02:58:55.4877770Z       copying Cython/Compiler/Options.py -> build/lib.macosx-11.0-arm64-cpython-39/Cython/Compiler
2022-12-27T02:58:55.4878220Z       copying Cython/Compiler/CodeGeneration.py -> build/lib.macosx-11.0-arm64-cpython-39/Cython/Compiler
2022-12-27T02:58:55.4878570Z       copying Cython/Compiler/ModuleNode.py -> build/lib.macosx-11.0-arm64-cpython-39/Cython/Compiler
2022-12-27T02:58:55.4878930Z       copying Cython/Compiler/DebugFlags.py -> build/lib.macosx-11.0-arm64-cpython-39/Cython/Compiler
2022-12-27T02:58:55.4891270Z       copying Cython/Compiler/TypeSlots.py -> build/lib.macosx-11.0-arm64-cpython-39/Cython/Compiler
2022-12-27T02:58:55.4891700Z       copying Cython/Compiler/Version.py -> build/lib.macosx-11.0-arm64-cpython-39/Cython/Compiler
2022-12-27T02:58:55.4892070Z       copying Cython/Compiler/Parsing.py -> build/lib.macosx-11.0-arm64-cpython-39/Cython/Compiler
2022-12-27T02:58:55.4892350Z       copying Cython/Compiler/Symtab.py -> build/lib.macosx-11.0-arm64-cpython-39/Cython/Compiler
2022-12-27T02:58:55.4892630Z       copying Cython/Compiler/UtilNodes.py -> build/lib.macosx-11.0-arm64-cpython-39/Cython/Compiler
2022-12-27T02:58:55.4892990Z       copying Cython/Compiler/Pythran.py -> build/lib.macosx-11.0-arm64-cpython-39/Cython/Compiler
2022-12-27T02:58:55.4893520Z       copying Cython/Compiler/Naming.py -> build/lib.macosx-11.0-arm64-cpython-39/Cython/Compiler
2022-12-27T02:58:55.4893800Z       copying Cython/Compiler/UtilityCode.py -> build/lib.macosx-11.0-arm64-cpython-39/Cython/Compiler
2022-12-27T02:58:55.4894080Z       copying Cython/Compiler/TreePath.py -> build/lib.macosx-11.0-arm64-cpython-39/Cython/Compiler
2022-12-27T02:58:55.4894350Z       copying Cython/Compiler/CmdLine.py -> build/lib.macosx-11.0-arm64-cpython-39/Cython/Compiler
2022-12-27T02:58:55.4894630Z       copying Cython/Compiler/MemoryView.py -> build/lib.macosx-11.0-arm64-cpython-39/Cython/Compiler
2022-12-27T02:58:55.4894890Z       copying Cython/Compiler/Code.py -> build/lib.macosx-11.0-arm64-cpython-39/Cython/Compiler
2022-12-27T02:58:55.4896620Z       copying Cython/Compiler/__init__.py -> build/lib.macosx-11.0-arm64-cpython-39/Cython/Compiler
2022-12-27T02:58:55.4896910Z       copying Cython/Compiler/TreeFragment.py -> build/lib.macosx-11.0-arm64-cpython-39/Cython/Compiler
2022-12-27T02:58:55.4897210Z       copying Cython/Compiler/ParseTreeTransforms.py -> build/lib.macosx-11.0-arm64-cpython-39/Cython/Compiler
2022-12-27T02:58:55.4897500Z       copying Cython/Compiler/Annotate.py -> build/lib.macosx-11.0-arm64-cpython-39/Cython/Compiler
2022-12-27T02:58:55.4897810Z       copying Cython/Compiler/Lexicon.py -> build/lib.macosx-11.0-arm64-cpython-39/Cython/Compiler
2022-12-27T02:58:55.4898100Z       copying Cython/Compiler/Interpreter.py -> build/lib.macosx-11.0-arm64-cpython-39/Cython/Compiler
2022-12-27T02:58:55.4898390Z       copying Cython/Compiler/AutoDocTransforms.py -> build/lib.macosx-11.0-arm64-cpython-39/Cython/Compiler
2022-12-27T02:58:55.4898660Z       copying Cython/Compiler/Visitor.py -> build/lib.macosx-11.0-arm64-cpython-39/Cython/Compiler
2022-12-27T02:58:55.4898930Z       copying Cython/Compiler/Pipeline.py -> build/lib.macosx-11.0-arm64-cpython-39/Cython/Compiler
2022-12-27T02:58:55.4899210Z       copying Cython/Compiler/Buffer.py -> build/lib.macosx-11.0-arm64-cpython-39/Cython/Compiler
2022-12-27T02:58:55.4899630Z       copying Cython/Compiler/ExprNodes.py -> build/lib.macosx-11.0-arm64-cpython-39/Cython/Compiler
2022-12-27T02:58:55.4899940Z       copying Cython/Compiler/CythonScope.py -> build/lib.macosx-11.0-arm64-cpython-39/Cython/Compiler
2022-12-27T02:58:55.4900220Z       copying Cython/Compiler/Scanning.py -> build/lib.macosx-11.0-arm64-cpython-39/Cython/Compiler
2022-12-27T02:58:55.4900490Z       copying Cython/Compiler/FusedNode.py -> build/lib.macosx-11.0-arm64-cpython-39/Cython/Compiler
2022-12-27T02:58:55.4900770Z       copying Cython/Compiler/TypeInference.py -> build/lib.macosx-11.0-arm64-cpython-39/Cython/Compiler
2022-12-27T02:58:55.4901030Z       copying Cython/Compiler/Builtin.py -> build/lib.macosx-11.0-arm64-cpython-39/Cython/Compiler
2022-12-27T02:58:55.4901300Z       copying Cython/Compiler/Future.py -> build/lib.macosx-11.0-arm64-cpython-39/Cython/Compiler
2022-12-27T02:58:55.4901580Z       copying Cython/Compiler/Errors.py -> build/lib.macosx-11.0-arm64-cpython-39/Cython/Compiler
2022-12-27T02:58:55.4901850Z       copying Cython/Compiler/Nodes.py -> build/lib.macosx-11.0-arm64-cpython-39/Cython/Compiler
2022-12-27T02:58:55.4902110Z       copying Cython/Compiler/Main.py -> build/lib.macosx-11.0-arm64-cpython-39/Cython/Compiler
2022-12-27T02:58:55.4902380Z       copying Cython/Compiler/StringEncoding.py -> build/lib.macosx-11.0-arm64-cpython-39/Cython/Compiler
2022-12-27T02:58:55.4902680Z       copying Cython/Compiler/AnalysedTreeTransforms.py -> build/lib.macosx-11.0-arm64-cpython-39/Cython/Compiler
2022-12-27T02:58:55.4902970Z       copying Cython/Compiler/FlowControl.py -> build/lib.macosx-11.0-arm64-cpython-39/Cython/Compiler
2022-12-27T02:58:55.4903250Z       copying Cython/Compiler/PyrexTypes.py -> build/lib.macosx-11.0-arm64-cpython-39/Cython/Compiler
2022-12-27T02:58:55.4903500Z       creating build/lib.macosx-11.0-arm64-cpython-39/Cython/Runtime
2022-12-27T02:58:55.4903750Z       copying Cython/Runtime/__init__.py -> build/lib.macosx-11.0-arm64-cpython-39/Cython/Runtime
2022-12-27T02:58:55.4904110Z       creating build/lib.macosx-11.0-arm64-cpython-39/Cython/Distutils
2022-12-27T02:58:55.4904380Z       copying Cython/Distutils/old_build_ext.py -> build/lib.macosx-11.0-arm64-cpython-39/Cython/Distutils
2022-12-27T02:58:55.4904660Z       copying Cython/Distutils/build_ext.py -> build/lib.macosx-11.0-arm64-cpython-39/Cython/Distutils
2022-12-27T02:58:55.4904940Z       copying Cython/Distutils/__init__.py -> build/lib.macosx-11.0-arm64-cpython-39/Cython/Distutils
2022-12-27T02:58:55.4905200Z       copying Cython/Distutils/extension.py -> build/lib.macosx-11.0-arm64-cpython-39/Cython/Distutils
2022-12-27T02:58:55.4905440Z       creating build/lib.macosx-11.0-arm64-cpython-39/Cython/Debugger
2022-12-27T02:58:55.4905700Z       copying Cython/Debugger/libcython.py -> build/lib.macosx-11.0-arm64-cpython-39/Cython/Debugger
2022-12-27T02:58:55.4905970Z       copying Cython/Debugger/__init__.py -> build/lib.macosx-11.0-arm64-cpython-39/Cython/Debugger
2022-12-27T02:58:55.4906240Z       copying Cython/Debugger/Cygdb.py -> build/lib.macosx-11.0-arm64-cpython-39/Cython/Debugger
2022-12-27T02:58:55.4906520Z       copying Cython/Debugger/DebugWriter.py -> build/lib.macosx-11.0-arm64-cpython-39/Cython/Debugger
2022-12-27T02:58:55.4906800Z       copying Cython/Debugger/libpython.py -> build/lib.macosx-11.0-arm64-cpython-39/Cython/Debugger
2022-12-27T02:58:55.4907050Z       creating build/lib.macosx-11.0-arm64-cpython-39/Cython/Debugger/Tests
2022-12-27T02:58:55.4907340Z       copying Cython/Debugger/Tests/test_libcython_in_gdb.py -> build/lib.macosx-11.0-arm64-cpython-39/Cython/Debugger/Tests
2022-12-27T02:58:55.4907650Z       copying Cython/Debugger/Tests/TestLibCython.py -> build/lib.macosx-11.0-arm64-cpython-39/Cython/Debugger/Tests
2022-12-27T02:58:55.4907940Z       copying Cython/Debugger/Tests/__init__.py -> build/lib.macosx-11.0-arm64-cpython-39/Cython/Debugger/Tests
2022-12-27T02:58:55.4908240Z       copying Cython/Debugger/Tests/test_libpython_in_gdb.py -> build/lib.macosx-11.0-arm64-cpython-39/Cython/Debugger/Tests
2022-12-27T02:58:55.4908580Z       creating build/lib.macosx-11.0-arm64-cpython-39/Cython/Plex
2022-12-27T02:58:55.4908860Z       copying Cython/Plex/Machines.py -> build/lib.macosx-11.0-arm64-cpython-39/Cython/Plex
2022-12-27T02:58:55.4909110Z       copying Cython/Plex/Actions.py -> build/lib.macosx-11.0-arm64-cpython-39/Cython/Plex
2022-12-27T02:58:55.4909380Z       copying Cython/Plex/__init__.py -> build/lib.macosx-11.0-arm64-cpython-39/Cython/Plex
2022-12-27T02:58:55.4909630Z       copying Cython/Plex/Timing.py -> build/lib.macosx-11.0-arm64-cpython-39/Cython/Plex
2022-12-27T02:58:55.4909900Z       copying Cython/Plex/Transitions.py -> build/lib.macosx-11.0-arm64-cpython-39/Cython/Plex
2022-12-27T02:58:55.4910200Z       copying Cython/Plex/Regexps.py -> build/lib.macosx-11.0-arm64-cpython-39/Cython/Plex
2022-12-27T02:58:55.4910450Z       copying Cython/Plex/DFA.py -> build/lib.macosx-11.0-arm64-cpython-39/Cython/Plex
2022-12-27T02:58:55.4910700Z       copying Cython/Plex/Errors.py -> build/lib.macosx-11.0-arm64-cpython-39/Cython/Plex
2022-12-27T02:58:55.4910970Z       copying Cython/Plex/Traditional.py -> build/lib.macosx-11.0-arm64-cpython-39/Cython/Plex
2022-12-27T02:58:55.4911220Z       copying Cython/Plex/Lexicons.py -> build/lib.macosx-11.0-arm64-cpython-39/Cython/Plex
2022-12-27T02:58:55.4911470Z       copying Cython/Plex/Scanners.py -> build/lib.macosx-11.0-arm64-cpython-39/Cython/Plex
2022-12-27T02:58:55.4911710Z       creating build/lib.macosx-11.0-arm64-cpython-39/Cython/Tests
2022-12-27T02:58:55.4911960Z       copying Cython/Tests/TestStringIOTree.py -> build/lib.macosx-11.0-arm64-cpython-39/Cython/Tests
2022-12-27T02:58:55.4912240Z       copying Cython/Tests/TestCodeWriter.py -> build/lib.macosx-11.0-arm64-cpython-39/Cython/Tests
2022-12-27T02:58:55.4912520Z       copying Cython/Tests/TestJediTyper.py -> build/lib.macosx-11.0-arm64-cpython-39/Cython/Tests
2022-12-27T02:58:55.4912890Z       copying Cython/Tests/xmlrunner.py -> build/lib.macosx-11.0-arm64-cpython-39/Cython/Tests
2022-12-27T02:58:55.4913150Z       copying Cython/Tests/__init__.py -> build/lib.macosx-11.0-arm64-cpython-39/Cython/Tests
2022-12-27T02:58:55.4913400Z       creating build/lib.macosx-11.0-arm64-cpython-39/Cython/Build/Tests
2022-12-27T02:58:55.4913660Z       copying Cython/Build/Tests/TestInline.py -> build/lib.macosx-11.0-arm64-cpython-39/Cython/Build/Tests
2022-12-27T02:58:55.4913950Z       copying Cython/Build/Tests/__init__.py -> build/lib.macosx-11.0-arm64-cpython-39/Cython/Build/Tests
2022-12-27T02:58:55.4914230Z       copying Cython/Build/Tests/TestIpythonMagic.py -> build/lib.macosx-11.0-arm64-cpython-39/Cython/Build/Tests
2022-12-27T02:58:55.4914540Z       copying Cython/Build/Tests/TestStripLiterals.py -> build/lib.macosx-11.0-arm64-cpython-39/Cython/Build/Tests
2022-12-27T02:58:55.4914800Z       creating build/lib.macosx-11.0-arm64-cpython-39/Cython/Compiler/Tests
2022-12-27T02:58:55.4915080Z       copying Cython/Compiler/Tests/TestGrammar.py -> build/lib.macosx-11.0-arm64-cpython-39/Cython/Compiler/Tests
2022-12-27T02:58:55.4915370Z       copying Cython/Compiler/Tests/TestCmdLine.py -> build/lib.macosx-11.0-arm64-cpython-39/Cython/Compiler/Tests
2022-12-27T02:58:55.4915690Z       copying Cython/Compiler/Tests/TestSignatureMatching.py -> build/lib.macosx-11.0-arm64-cpython-39/Cython/Compiler/Tests
2022-12-27T02:58:55.4916010Z       copying Cython/Compiler/Tests/TestTreeFragment.py -> build/lib.macosx-11.0-arm64-cpython-39/Cython/Compiler/Tests
2022-12-27T02:58:55.4916320Z       copying Cython/Compiler/Tests/TestParseTreeTransforms.py -> build/lib.macosx-11.0-arm64-cpython-39/Cython/Compiler/Tests
2022-12-27T02:58:55.4916640Z       copying Cython/Compiler/Tests/TestBuffer.py -> build/lib.macosx-11.0-arm64-cpython-39/Cython/Compiler/Tests
2022-12-27T02:58:55.4916950Z       copying Cython/Compiler/Tests/TestUtilityLoad.py -> build/lib.macosx-11.0-arm64-cpython-39/Cython/Compiler/Tests
2022-12-27T02:58:55.4917260Z       copying Cython/Compiler/Tests/TestFlowControl.py -> build/lib.macosx-11.0-arm64-cpython-39/Cython/Compiler/Tests
2022-12-27T02:58:55.4917660Z       copying Cython/Compiler/Tests/__init__.py -> build/lib.macosx-11.0-arm64-cpython-39/Cython/Compiler/Tests
2022-12-27T02:58:55.4917980Z       copying Cython/Compiler/Tests/TestTreePath.py -> build/lib.macosx-11.0-arm64-cpython-39/Cython/Compiler/Tests
2022-12-27T02:58:55.4918290Z       copying Cython/Compiler/Tests/TestTypes.py -> build/lib.macosx-11.0-arm64-cpython-39/Cython/Compiler/Tests
2022-12-27T02:58:55.4918590Z       copying Cython/Compiler/Tests/TestVisitor.py -> build/lib.macosx-11.0-arm64-cpython-39/Cython/Compiler/Tests
2022-12-27T02:58:55.4918880Z       copying Cython/Compiler/Tests/TestMemView.py -> build/lib.macosx-11.0-arm64-cpython-39/Cython/Compiler/Tests
2022-12-27T02:58:55.4919120Z       creating build/lib.macosx-11.0-arm64-cpython-39/Cython/Utility
2022-12-27T02:58:55.4919380Z       copying Cython/Utility/__init__.py -> build/lib.macosx-11.0-arm64-cpython-39/Cython/Utility
2022-12-27T02:58:55.4919620Z       creating build/lib.macosx-11.0-arm64-cpython-39/Cython/Tempita
2022-12-27T02:58:55.4919870Z       copying Cython/Tempita/__init__.py -> build/lib.macosx-11.0-arm64-cpython-39/Cython/Tempita
2022-12-27T02:58:55.4920130Z       copying Cython/Tempita/_looper.py -> build/lib.macosx-11.0-arm64-cpython-39/Cython/Tempita
2022-12-27T02:58:55.4920400Z       copying Cython/Tempita/_tempita.py -> build/lib.macosx-11.0-arm64-cpython-39/Cython/Tempita
2022-12-27T02:58:55.4920670Z       copying Cython/Tempita/compat3.py -> build/lib.macosx-11.0-arm64-cpython-39/Cython/Tempita
2022-12-27T02:58:55.4920900Z       creating build/lib.macosx-11.0-arm64-cpython-39/pyximport
2022-12-27T02:58:55.4921150Z       copying pyximport/pyximport.py -> build/lib.macosx-11.0-arm64-cpython-39/pyximport
2022-12-27T02:58:55.4921400Z       copying pyximport/__init__.py -> build/lib.macosx-11.0-arm64-cpython-39/pyximport
2022-12-27T02:58:55.4921660Z       copying pyximport/pyxbuild.py -> build/lib.macosx-11.0-arm64-cpython-39/pyximport
2022-12-27T02:58:55.4921990Z       creating build/lib.macosx-11.0-arm64-cpython-39/Cython/Includes
2022-12-27T02:58:55.4922260Z       copying Cython/Includes/openmp.pxd -> build/lib.macosx-11.0-arm64-cpython-39/Cython/Includes
2022-12-27T02:58:55.4922510Z       creating build/lib.macosx-11.0-arm64-cpython-39/Cython/Includes/posix
2022-12-27T02:58:55.4922780Z       copying Cython/Includes/posix/types.pxd -> build/lib.macosx-11.0-arm64-cpython-39/Cython/Includes/posix
2022-12-27T02:58:55.4923080Z       copying Cython/Includes/posix/select.pxd -> build/lib.macosx-11.0-arm64-cpython-39/Cython/Includes/posix
2022-12-27T02:58:55.4923370Z       copying Cython/Includes/posix/resource.pxd -> build/lib.macosx-11.0-arm64-cpython-39/Cython/Includes/posix
2022-12-27T02:58:55.4923660Z       copying Cython/Includes/posix/wait.pxd -> build/lib.macosx-11.0-arm64-cpython-39/Cython/Includes/posix
2022-12-27T02:58:55.4923940Z       copying Cython/Includes/posix/stat.pxd -> build/lib.macosx-11.0-arm64-cpython-39/Cython/Includes/posix
2022-12-27T02:58:55.4924240Z       copying Cython/Includes/posix/dlfcn.pxd -> build/lib.macosx-11.0-arm64-cpython-39/Cython/Includes/posix
2022-12-27T02:58:55.4924530Z       copying Cython/Includes/posix/__init__.pxd -> build/lib.macosx-11.0-arm64-cpython-39/Cython/Includes/posix
2022-12-27T02:58:55.4924810Z       copying Cython/Includes/posix/strings.pxd -> build/lib.macosx-11.0-arm64-cpython-39/Cython/Includes/posix
2022-12-27T02:58:55.4925100Z       copying Cython/Includes/posix/stdio.pxd -> build/lib.macosx-11.0-arm64-cpython-39/Cython/Includes/posix
2022-12-27T02:58:55.4925400Z       copying Cython/Includes/posix/stdlib.pxd -> build/lib.macosx-11.0-arm64-cpython-39/Cython/Includes/posix
2022-12-27T02:58:55.4925690Z       copying Cython/Includes/posix/mman.pxd -> build/lib.macosx-11.0-arm64-cpython-39/Cython/Includes/posix
2022-12-27T02:58:55.4925960Z       copying Cython/Includes/posix/ioctl.pxd -> build/lib.macosx-11.0-arm64-cpython-39/Cython/Includes/posix
2022-12-27T02:58:55.4926250Z       copying Cython/Includes/posix/signal.pxd -> build/lib.macosx-11.0-arm64-cpython-39/Cython/Includes/posix
2022-12-27T02:58:55.4926600Z       copying Cython/Includes/posix/fcntl.pxd -> build/lib.macosx-11.0-arm64-cpython-39/Cython/Includes/posix
2022-12-27T02:58:55.4926910Z       copying Cython/Includes/posix/unistd.pxd -> build/lib.macosx-11.0-arm64-cpython-39/Cython/Includes/posix
2022-12-27T02:58:55.4927190Z       copying Cython/Includes/posix/time.pxd -> build/lib.macosx-11.0-arm64-cpython-39/Cython/Includes/posix
2022-12-27T02:58:55.4927450Z       creating build/lib.macosx-11.0-arm64-cpython-39/Cython/Includes/libc
2022-12-27T02:58:55.4927720Z       copying Cython/Includes/libc/locale.pxd -> build/lib.macosx-11.0-arm64-cpython-39/Cython/Includes/libc
2022-12-27T02:58:55.4928000Z       copying Cython/Includes/libc/__init__.pxd -> build/lib.macosx-11.0-arm64-cpython-39/Cython/Includes/libc
2022-12-27T02:58:55.4928280Z       copying Cython/Includes/libc/math.pxd -> build/lib.macosx-11.0-arm64-cpython-39/Cython/Includes/libc
2022-12-27T02:58:55.4928560Z       copying Cython/Includes/libc/limits.pxd -> build/lib.macosx-11.0-arm64-cpython-39/Cython/Includes/libc
2022-12-27T02:58:55.4928840Z       copying Cython/Includes/libc/setjmp.pxd -> build/lib.macosx-11.0-arm64-cpython-39/Cython/Includes/libc
2022-12-27T02:58:55.4929110Z       copying Cython/Includes/libc/string.pxd -> build/lib.macosx-11.0-arm64-cpython-39/Cython/Includes/libc
2022-12-27T02:58:55.4929380Z       copying Cython/Includes/libc/stdint.pxd -> build/lib.macosx-11.0-arm64-cpython-39/Cython/Includes/libc
2022-12-27T02:58:55.4929670Z       copying Cython/Includes/libc/stdio.pxd -> build/lib.macosx-11.0-arm64-cpython-39/Cython/Includes/libc
2022-12-27T02:58:55.4929950Z       copying Cython/Includes/libc/stdlib.pxd -> build/lib.macosx-11.0-arm64-cpython-39/Cython/Includes/libc
2022-12-27T02:58:55.4930230Z       copying Cython/Includes/libc/float.pxd -> build/lib.macosx-11.0-arm64-cpython-39/Cython/Includes/libc
2022-12-27T02:58:55.4930590Z       copying Cython/Includes/libc/signal.pxd -> build/lib.macosx-11.0-arm64-cpython-39/Cython/Includes/libc
2022-12-27T02:58:55.4930870Z       copying Cython/Includes/libc/stddef.pxd -> build/lib.macosx-11.0-arm64-cpython-39/Cython/Includes/libc
2022-12-27T02:58:55.4931150Z       copying Cython/Includes/libc/errno.pxd -> build/lib.macosx-11.0-arm64-cpython-39/Cython/Includes/libc
2022-12-27T02:58:55.4931430Z       copying Cython/Includes/libc/time.pxd -> build/lib.macosx-11.0-arm64-cpython-39/Cython/Includes/libc
2022-12-27T02:58:55.4931690Z       creating build/lib.macosx-11.0-arm64-cpython-39/Cython/Includes/numpy
2022-12-27T02:58:55.4932320Z       copying Cython/Includes/numpy/__init__.pxd -> build/lib.macosx-11.0-arm64-cpython-39/Cython/Includes/numpy
2022-12-27T02:58:55.4932620Z       copying Cython/Includes/numpy/math.pxd -> build/lib.macosx-11.0-arm64-cpython-39/Cython/Includes/numpy
2022-12-27T02:58:55.4932870Z       creating build/lib.macosx-11.0-arm64-cpython-39/Cython/Includes/cpython
2022-12-27T02:58:55.4933150Z       copying Cython/Includes/cpython/ref.pxd -> build/lib.macosx-11.0-arm64-cpython-39/Cython/Includes/cpython
2022-12-27T02:58:55.4933450Z       copying Cython/Includes/cpython/long.pxd -> build/lib.macosx-11.0-arm64-cpython-39/Cython/Includes/cpython
2022-12-27T02:58:55.4933750Z       copying Cython/Includes/cpython/iterator.pxd -> build/lib.macosx-11.0-arm64-cpython-39/Cython/Includes/cpython
2022-12-27T02:58:55.4934050Z       copying Cython/Includes/cpython/weakref.pxd -> build/lib.macosx-11.0-arm64-cpython-39/Cython/Includes/cpython
2022-12-27T02:58:55.4934340Z       copying Cython/Includes/cpython/cobject.pxd -> build/lib.macosx-11.0-arm64-cpython-39/Cython/Includes/cpython
2022-12-27T02:58:55.4934630Z       copying Cython/Includes/cpython/set.pxd -> build/lib.macosx-11.0-arm64-cpython-39/Cython/Includes/cpython
2022-12-27T02:58:55.4934920Z       copying Cython/Includes/cpython/__init__.pxd -> build/lib.macosx-11.0-arm64-cpython-39/Cython/Includes/cpython
2022-12-27T02:58:55.4935220Z       copying Cython/Includes/cpython/object.pxd -> build/lib.macosx-11.0-arm64-cpython-39/Cython/Includes/cpython
2022-12-27T02:58:55.4935600Z       copying Cython/Includes/cpython/slice.pxd -> build/lib.macosx-11.0-arm64-cpython-39/Cython/Includes/cpython
2022-12-27T02:58:55.4935920Z       copying Cython/Includes/cpython/getargs.pxd -> build/lib.macosx-11.0-arm64-cpython-39/Cython/Includes/cpython
2022-12-27T02:58:55.4936210Z       copying Cython/Includes/cpython/module.pxd -> build/lib.macosx-11.0-arm64-cpython-39/Cython/Includes/cpython
2022-12-27T02:58:55.4936510Z       copying Cython/Includes/cpython/version.pxd -> build/lib.macosx-11.0-arm64-cpython-39/Cython/Includes/cpython
2022-12-27T02:58:55.4936800Z       copying Cython/Includes/cpython/buffer.pxd -> build/lib.macosx-11.0-arm64-cpython-39/Cython/Includes/cpython
2022-12-27T02:58:55.4937090Z       copying Cython/Includes/cpython/bytes.pxd -> build/lib.macosx-11.0-arm64-cpython-39/Cython/Includes/cpython
2022-12-27T02:58:55.4937380Z       copying Cython/Includes/cpython/exc.pxd -> build/lib.macosx-11.0-arm64-cpython-39/Cython/Includes/cpython
2022-12-27T02:58:55.4937710Z       copying Cython/Includes/cpython/int.pxd -> build/lib.macosx-11.0-arm64-cpython-39/Cython/Includes/cpython
2022-12-27T02:58:55.4938000Z       copying Cython/Includes/cpython/mapping.pxd -> build/lib.macosx-11.0-arm64-cpython-39/Cython/Includes/cpython
2022-12-27T02:58:55.4938300Z       copying Cython/Includes/cpython/string.pxd -> build/lib.macosx-11.0-arm64-cpython-39/Cython/Includes/cpython
2022-12-27T02:58:55.4938600Z       copying Cython/Includes/cpython/dict.pxd -> build/lib.macosx-11.0-arm64-cpython-39/Cython/Includes/cpython
2022-12-27T02:58:55.4938890Z       copying Cython/Includes/cpython/float.pxd -> build/lib.macosx-11.0-arm64-cpython-39/Cython/Includes/cpython
2022-12-27T02:58:55.4939180Z       copying Cython/Includes/cpython/complex.pxd -> build/lib.macosx-11.0-arm64-cpython-39/Cython/Includes/cpython
2022-12-27T02:58:55.4939570Z       copying Cython/Includes/cpython/array.pxd -> build/lib.macosx-11.0-arm64-cpython-39/Cython/Includes/cpython
2022-12-27T02:58:55.4939870Z       copying Cython/Includes/cpython/function.pxd -> build/lib.macosx-11.0-arm64-cpython-39/Cython/Includes/cpython
2022-12-27T02:58:55.4940170Z       copying Cython/Includes/cpython/sequence.pxd -> build/lib.macosx-11.0-arm64-cpython-39/Cython/Includes/cpython
2022-12-27T02:58:55.4940460Z       copying Cython/Includes/cpython/method.pxd -> build/lib.macosx-11.0-arm64-cpython-39/Cython/Includes/cpython
2022-12-27T02:58:55.4940760Z       copying Cython/Includes/cpython/oldbuffer.pxd -> build/lib.macosx-11.0-arm64-cpython-39/Cython/Includes/cpython
2022-12-27T02:58:55.4941070Z       copying Cython/Includes/cpython/longintrepr.pxd -> build/lib.macosx-11.0-arm64-cpython-39/Cython/Includes/cpython
2022-12-27T02:58:55.4941380Z       copying Cython/Includes/cpython/pycapsule.pxd -> build/lib.macosx-11.0-arm64-cpython-39/Cython/Includes/cpython
2022-12-27T02:58:55.4941680Z       copying Cython/Includes/cpython/tuple.pxd -> build/lib.macosx-11.0-arm64-cpython-39/Cython/Includes/cpython
2022-12-27T02:58:55.4941970Z       copying Cython/Includes/cpython/list.pxd -> build/lib.macosx-11.0-arm64-cpython-39/Cython/Includes/cpython
2022-12-27T02:58:55.4942260Z       copying Cython/Includes/cpython/pystate.pxd -> build/lib.macosx-11.0-arm64-cpython-39/Cython/Includes/cpython
2022-12-27T02:58:55.4942650Z       copying Cython/Includes/cpython/mem.pxd -> build/lib.macosx-11.0-arm64-cpython-39/Cython/Includes/cpython
2022-12-27T02:58:55.4943120Z       copying Cython/Includes/cpython/datetime.pxd -> build/lib.macosx-11.0-arm64-cpython-39/Cython/Includes/cpython
2022-12-27T02:58:55.4943560Z       copying Cython/Includes/cpython/pythread.pxd -> build/lib.macosx-11.0-arm64-cpython-39/Cython/Includes/cpython
2022-12-27T02:58:55.4943860Z       copying Cython/Includes/cpython/instance.pxd -> build/lib.macosx-11.0-arm64-cpython-39/Cython/Includes/cpython
2022-12-27T02:58:55.4944150Z       copying Cython/Includes/cpython/unicode.pxd -> build/lib.macosx-11.0-arm64-cpython-39/Cython/Includes/cpython
2022-12-27T02:58:55.4944540Z       copying Cython/Includes/cpython/number.pxd -> build/lib.macosx-11.0-arm64-cpython-39/Cython/Includes/cpython
2022-12-27T02:58:55.4944870Z       copying Cython/Includes/cpython/type.pxd -> build/lib.macosx-11.0-arm64-cpython-39/Cython/Includes/cpython
2022-12-27T02:58:55.4945160Z       copying Cython/Includes/cpython/bool.pxd -> build/lib.macosx-11.0-arm64-cpython-39/Cython/Includes/cpython
2022-12-27T02:58:55.4945420Z       creating build/lib.macosx-11.0-arm64-cpython-39/Cython/Includes/libcpp
2022-12-27T02:58:55.4945710Z       copying Cython/Includes/libcpp/unordered_set.pxd -> build/lib.macosx-11.0-arm64-cpython-39/Cython/Includes/libcpp
2022-12-27T02:58:55.4946020Z       copying Cython/Includes/libcpp/memory.pxd -> build/lib.macosx-11.0-arm64-cpython-39/Cython/Includes/libcpp
2022-12-27T02:58:55.4946310Z       copying Cython/Includes/libcpp/iterator.pxd -> build/lib.macosx-11.0-arm64-cpython-39/Cython/Includes/libcpp
2022-12-27T02:58:55.4946610Z       copying Cython/Includes/libcpp/set.pxd -> build/lib.macosx-11.0-arm64-cpython-39/Cython/Includes/libcpp
2022-12-27T02:58:55.4946910Z       copying Cython/Includes/libcpp/__init__.pxd -> build/lib.macosx-11.0-arm64-cpython-39/Cython/Includes/libcpp
2022-12-27T02:58:55.4947200Z       copying Cython/Includes/libcpp/limits.pxd -> build/lib.macosx-11.0-arm64-cpython-39/Cython/Includes/libcpp
2022-12-27T02:58:55.4947480Z       copying Cython/Includes/libcpp/deque.pxd -> build/lib.macosx-11.0-arm64-cpython-39/Cython/Includes/libcpp
2022-12-27T02:58:55.4947770Z       copying Cython/Includes/libcpp/stack.pxd -> build/lib.macosx-11.0-arm64-cpython-39/Cython/Includes/libcpp
2022-12-27T02:58:55.4948060Z       copying Cython/Includes/libcpp/string.pxd -> build/lib.macosx-11.0-arm64-cpython-39/Cython/Includes/libcpp
2022-12-27T02:58:55.4948350Z       copying Cython/Includes/libcpp/typeindex.pxd -> build/lib.macosx-11.0-arm64-cpython-39/Cython/Includes/libcpp
2022-12-27T02:58:55.4948730Z       copying Cython/Includes/libcpp/map.pxd -> build/lib.macosx-11.0-arm64-cpython-39/Cython/Includes/libcpp
2022-12-27T02:58:55.4949030Z       copying Cython/Includes/libcpp/complex.pxd -> build/lib.macosx-11.0-arm64-cpython-39/Cython/Includes/libcpp
2022-12-27T02:58:55.4949330Z       copying Cython/Includes/libcpp/vector.pxd -> build/lib.macosx-11.0-arm64-cpython-39/Cython/Includes/libcpp
2022-12-27T02:58:55.4949640Z       copying Cython/Includes/libcpp/functional.pxd -> build/lib.macosx-11.0-arm64-cpython-39/Cython/Includes/libcpp
2022-12-27T02:58:55.4949930Z       copying Cython/Includes/libcpp/algorithm.pxd -> build/lib.macosx-11.0-arm64-cpython-39/Cython/Includes/libcpp
2022-12-27T02:58:55.4950230Z       copying Cython/Includes/libcpp/list.pxd -> build/lib.macosx-11.0-arm64-cpython-39/Cython/Includes/libcpp
2022-12-27T02:58:55.4950520Z       copying Cython/Includes/libcpp/queue.pxd -> build/lib.macosx-11.0-arm64-cpython-39/Cython/Includes/libcpp
2022-12-27T02:58:55.4950830Z       copying Cython/Includes/libcpp/unordered_map.pxd -> build/lib.macosx-11.0-arm64-cpython-39/Cython/Includes/libcpp
2022-12-27T02:58:55.4951120Z       copying Cython/Includes/libcpp/cast.pxd -> build/lib.macosx-11.0-arm64-cpython-39/Cython/Includes/libcpp
2022-12-27T02:58:55.4951410Z       copying Cython/Includes/libcpp/typeinfo.pxd -> build/lib.macosx-11.0-arm64-cpython-39/Cython/Includes/libcpp
2022-12-27T02:58:55.4951700Z       copying Cython/Includes/libcpp/pair.pxd -> build/lib.macosx-11.0-arm64-cpython-39/Cython/Includes/libcpp
2022-12-27T02:58:55.4951990Z       copying Cython/Includes/libcpp/utility.pxd -> build/lib.macosx-11.0-arm64-cpython-39/Cython/Includes/libcpp
2022-12-27T02:58:55.4952250Z       creating build/lib.macosx-11.0-arm64-cpython-39/Cython/Includes/Deprecated
2022-12-27T02:58:55.4952550Z       copying Cython/Includes/Deprecated/python_number.pxd -> build/lib.macosx-11.0-arm64-cpython-39/Cython/Includes/Deprecated
2022-12-27T02:58:55.4952880Z       copying Cython/Includes/Deprecated/python_unicode.pxd -> build/lib.macosx-11.0-arm64-cpython-39/Cython/Includes/Deprecated
2022-12-27T02:58:55.4953270Z       copying Cython/Includes/Deprecated/python_dict.pxd -> build/lib.macosx-11.0-arm64-cpython-39/Cython/Includes/Deprecated
2022-12-27T02:58:55.4953610Z       copying Cython/Includes/Deprecated/python_mem.pxd -> build/lib.macosx-11.0-arm64-cpython-39/Cython/Includes/Deprecated
2022-12-27T02:58:55.4953930Z       copying Cython/Includes/Deprecated/stl.pxd -> build/lib.macosx-11.0-arm64-cpython-39/Cython/Includes/Deprecated
2022-12-27T02:58:55.4954240Z       copying Cython/Includes/Deprecated/python2.5.pxd -> build/lib.macosx-11.0-arm64-cpython-39/Cython/Includes/Deprecated
2022-12-27T02:58:55.4954560Z       copying Cython/Includes/Deprecated/python_method.pxd -> build/lib.macosx-11.0-arm64-cpython-39/Cython/Includes/Deprecated
2022-12-27T02:58:55.4955000Z       copying Cython/Includes/Deprecated/python_pycapsule.pxd -> build/lib.macosx-11.0-arm64-cpython-39/Cython/Includes/Deprecated
2022-12-27T02:58:55.4955330Z       copying Cython/Includes/Deprecated/python_oldbuffer.pxd -> build/lib.macosx-11.0-arm64-cpython-39/Cython/Includes/Deprecated
2022-12-27T02:58:55.4955650Z       copying Cython/Includes/Deprecated/python_complex.pxd -> build/lib.macosx-11.0-arm64-cpython-39/Cython/Includes/Deprecated
2022-12-27T02:58:55.4955970Z       copying Cython/Includes/Deprecated/python_bytes.pxd -> build/lib.macosx-11.0-arm64-cpython-39/Cython/Includes/Deprecated
2022-12-27T02:58:55.4956300Z       copying Cython/Includes/Deprecated/python_iterator.pxd -> build/lib.macosx-11.0-arm64-cpython-39/Cython/Includes/Deprecated
2022-12-27T02:58:55.4956620Z       copying Cython/Includes/Deprecated/python_long.pxd -> build/lib.macosx-11.0-arm64-cpython-39/Cython/Includes/Deprecated
2022-12-27T02:58:55.4956930Z       copying Cython/Includes/Deprecated/stdio.pxd -> build/lib.macosx-11.0-arm64-cpython-39/Cython/Includes/Deprecated
2022-12-27T02:58:55.4957240Z       copying Cython/Includes/Deprecated/stdlib.pxd -> build/lib.macosx-11.0-arm64-cpython-39/Cython/Includes/Deprecated
2022-12-27T02:58:55.4957690Z       copying Cython/Includes/Deprecated/python_float.pxd -> build/lib.macosx-11.0-arm64-cpython-39/Cython/Includes/Deprecated
2022-12-27T02:58:55.4958010Z       copying Cython/Includes/Deprecated/python_buffer.pxd -> build/lib.macosx-11.0-arm64-cpython-39/Cython/Includes/Deprecated
2022-12-27T02:58:55.4958330Z       copying Cython/Includes/Deprecated/python_mapping.pxd -> build/lib.macosx-11.0-arm64-cpython-39/Cython/Includes/Deprecated
2022-12-27T02:58:55.4958660Z       copying Cython/Includes/Deprecated/python_instance.pxd -> build/lib.macosx-11.0-arm64-cpython-39/Cython/Includes/Deprecated
2022-12-27T02:58:55.4958970Z       copying Cython/Includes/Deprecated/python_int.pxd -> build/lib.macosx-11.0-arm64-cpython-39/Cython/Includes/Deprecated
2022-12-27T02:58:55.4959280Z       copying Cython/Includes/Deprecated/python_exc.pxd -> build/lib.macosx-11.0-arm64-cpython-39/Cython/Includes/Deprecated
2022-12-27T02:58:55.4959590Z       copying Cython/Includes/Deprecated/python_string.pxd -> build/lib.macosx-11.0-arm64-cpython-39/Cython/Includes/Deprecated
2022-12-27T02:58:55.4959910Z       copying Cython/Includes/Deprecated/python_object.pxd -> build/lib.macosx-11.0-arm64-cpython-39/Cython/Includes/Deprecated
2022-12-27T02:58:55.4960220Z       copying Cython/Includes/Deprecated/python_bool.pxd -> build/lib.macosx-11.0-arm64-cpython-39/Cython/Includes/Deprecated
2022-12-27T02:58:55.4960540Z       copying Cython/Includes/Deprecated/python_module.pxd -> build/lib.macosx-11.0-arm64-cpython-39/Cython/Includes/Deprecated
2022-12-27T02:58:55.4960860Z       copying Cython/Includes/Deprecated/python_set.pxd -> build/lib.macosx-11.0-arm64-cpython-39/Cython/Includes/Deprecated
2022-12-27T02:58:55.4961180Z       copying Cython/Includes/Deprecated/python_getargs.pxd -> build/lib.macosx-11.0-arm64-cpython-39/Cython/Includes/Deprecated
2022-12-27T02:58:55.4961490Z       copying Cython/Includes/Deprecated/python_type.pxd -> build/lib.macosx-11.0-arm64-cpython-39/Cython/Includes/Deprecated
2022-12-27T02:58:55.4961880Z       copying Cython/Includes/Deprecated/python_version.pxd -> build/lib.macosx-11.0-arm64-cpython-39/Cython/Includes/Deprecated
2022-12-27T02:58:55.4962220Z       copying Cython/Includes/Deprecated/python_tuple.pxd -> build/lib.macosx-11.0-arm64-cpython-39/Cython/Includes/Deprecated
2022-12-27T02:58:55.4962530Z       copying Cython/Includes/Deprecated/python_weakref.pxd -> build/lib.macosx-11.0-arm64-cpython-39/Cython/Includes/Deprecated
2022-12-27T02:58:55.4962840Z       copying Cython/Includes/Deprecated/python_ref.pxd -> build/lib.macosx-11.0-arm64-cpython-39/Cython/Includes/Deprecated
2022-12-27T02:58:55.4963150Z       copying Cython/Includes/Deprecated/python_cobject.pxd -> build/lib.macosx-11.0-arm64-cpython-39/Cython/Includes/Deprecated
2022-12-27T02:58:55.4963470Z       copying Cython/Includes/Deprecated/python_function.pxd -> build/lib.macosx-11.0-arm64-cpython-39/Cython/Includes/Deprecated
2022-12-27T02:58:55.4963790Z       copying Cython/Includes/Deprecated/python_sequence.pxd -> build/lib.macosx-11.0-arm64-cpython-39/Cython/Includes/Deprecated
2022-12-27T02:58:55.4964100Z       copying Cython/Includes/Deprecated/python.pxd -> build/lib.macosx-11.0-arm64-cpython-39/Cython/Includes/Deprecated
2022-12-27T02:58:55.4964410Z       copying Cython/Includes/Deprecated/python_list.pxd -> build/lib.macosx-11.0-arm64-cpython-39/Cython/Includes/Deprecated
2022-12-27T02:58:55.4964720Z       copying Cython/Compiler/ParseTreeTransforms.pxd -> build/lib.macosx-11.0-arm64-cpython-39/Cython/Compiler
2022-12-27T02:58:55.4965010Z       copying Cython/Compiler/Scanning.pxd -> build/lib.macosx-11.0-arm64-cpython-39/Cython/Compiler
2022-12-27T02:58:55.4965290Z       copying Cython/Compiler/Parsing.pxd -> build/lib.macosx-11.0-arm64-cpython-39/Cython/Compiler
2022-12-27T02:58:55.4965570Z       copying Cython/Compiler/FlowControl.pxd -> build/lib.macosx-11.0-arm64-cpython-39/Cython/Compiler
2022-12-27T02:58:55.4965840Z       copying Cython/Compiler/Code.pxd -> build/lib.macosx-11.0-arm64-cpython-39/Cython/Compiler
2022-12-27T02:58:55.4966200Z       copying Cython/Compiler/Visitor.pxd -> build/lib.macosx-11.0-arm64-cpython-39/Cython/Compiler
2022-12-27T02:58:55.4966470Z       copying Cython/Runtime/refnanny.pyx -> build/lib.macosx-11.0-arm64-cpython-39/Cython/Runtime
2022-12-27T02:58:55.4966760Z       copying Cython/Debugger/Tests/codefile -> build/lib.macosx-11.0-arm64-cpython-39/Cython/Debugger/Tests
2022-12-27T02:58:55.4967050Z       copying Cython/Debugger/Tests/cfuncs.c -> build/lib.macosx-11.0-arm64-cpython-39/Cython/Debugger/Tests
2022-12-27T02:58:55.4967320Z       copying Cython/Plex/Scanners.pxd -> build/lib.macosx-11.0-arm64-cpython-39/Cython/Plex
2022-12-27T02:58:55.4967580Z       copying Cython/Plex/Actions.pxd -> build/lib.macosx-11.0-arm64-cpython-39/Cython/Plex
2022-12-27T02:58:55.4967850Z       copying Cython/Utility/CpdefEnums.pyx -> build/lib.macosx-11.0-arm64-cpython-39/Cython/Utility
2022-12-27T02:58:55.4968140Z       copying Cython/Utility/TestCyUtilityLoader.pyx -> build/lib.macosx-11.0-arm64-cpython-39/Cython/Utility
2022-12-27T02:58:55.4968430Z       copying Cython/Utility/CppConvert.pyx -> build/lib.macosx-11.0-arm64-cpython-39/Cython/Utility
2022-12-27T02:58:55.4968710Z       copying Cython/Utility/TestCythonScope.pyx -> build/lib.macosx-11.0-arm64-cpython-39/Cython/Utility
2022-12-27T02:58:55.4968990Z       copying Cython/Utility/MemoryView.pyx -> build/lib.macosx-11.0-arm64-cpython-39/Cython/Utility
2022-12-27T02:58:55.4969260Z       copying Cython/Utility/CConvert.pyx -> build/lib.macosx-11.0-arm64-cpython-39/Cython/Utility
2022-12-27T02:58:55.4969540Z       copying Cython/Utility/ObjectHandling.c -> build/lib.macosx-11.0-arm64-cpython-39/Cython/Utility
2022-12-27T02:58:55.4969800Z       copying Cython/Utility/Buffer.c -> build/lib.macosx-11.0-arm64-cpython-39/Cython/Utility
2022-12-27T02:58:55.4970070Z       copying Cython/Utility/Builtins.c -> build/lib.macosx-11.0-arm64-cpython-39/Cython/Utility
2022-12-27T02:58:55.4970340Z       copying Cython/Utility/Overflow.c -> build/lib.macosx-11.0-arm64-cpython-39/Cython/Utility
2022-12-27T02:58:55.4970660Z       copying Cython/Utility/Capsule.c -> build/lib.macosx-11.0-arm64-cpython-39/Cython/Utility
2022-12-27T02:58:55.4970960Z       copying Cython/Utility/FunctionArguments.c -> build/lib.macosx-11.0-arm64-cpython-39/Cython/Utility
2022-12-27T02:58:55.4971250Z       copying Cython/Utility/TestUtilityLoader.c -> build/lib.macosx-11.0-arm64-cpython-39/Cython/Utility
2022-12-27T02:58:55.4971520Z       copying Cython/Utility/MemoryView_C.c -> build/lib.macosx-11.0-arm64-cpython-39/Cython/Utility
2022-12-27T02:58:55.4971790Z       copying Cython/Utility/Printing.c -> build/lib.macosx-11.0-arm64-cpython-39/Cython/Utility
2022-12-27T02:58:55.4972060Z       copying Cython/Utility/CythonFunction.c -> build/lib.macosx-11.0-arm64-cpython-39/Cython/Utility
2022-12-27T02:58:55.4972330Z       copying Cython/Utility/Complex.c -> build/lib.macosx-11.0-arm64-cpython-39/Cython/Utility
2022-12-27T02:58:55.4972590Z       copying Cython/Utility/StringTools.c -> build/lib.macosx-11.0-arm64-cpython-39/Cython/Utility
2022-12-27T02:58:55.4972860Z       copying Cython/Utility/ImportExport.c -> build/lib.macosx-11.0-arm64-cpython-39/Cython/Utility
2022-12-27T02:58:55.4973120Z       copying Cython/Utility/CMath.c -> build/lib.macosx-11.0-arm64-cpython-39/Cython/Utility
2022-12-27T02:58:55.4973390Z       copying Cython/Utility/CommonStructures.c -> build/lib.macosx-11.0-arm64-cpython-39/Cython/Utility
2022-12-27T02:58:55.4973650Z       copying Cython/Utility/Embed.c -> build/lib.macosx-11.0-arm64-cpython-39/Cython/Utility
2022-12-27T02:58:55.4973920Z       copying Cython/Utility/ExtensionTypes.c -> build/lib.macosx-11.0-arm64-cpython-39/Cython/Utility
2022-12-27T02:58:55.4974190Z       copying Cython/Utility/Optimize.c -> build/lib.macosx-11.0-arm64-cpython-39/Cython/Utility
2022-12-27T02:58:55.4974470Z       copying Cython/Utility/ModuleSetupCode.c -> build/lib.macosx-11.0-arm64-cpython-39/Cython/Utility
2022-12-27T02:58:55.4974930Z       copying Cython/Utility/Profile.c -> build/lib.macosx-11.0-arm64-cpython-39/Cython/Utility
2022-12-27T02:58:55.4975200Z       copying Cython/Utility/Exceptions.c -> build/lib.macosx-11.0-arm64-cpython-39/Cython/Utility
2022-12-27T02:58:55.4975470Z       copying Cython/Utility/AsyncGen.c -> build/lib.macosx-11.0-arm64-cpython-39/Cython/Utility
2022-12-27T02:58:55.4975800Z       copying Cython/Utility/TypeConversion.c -> build/lib.macosx-11.0-arm64-cpython-39/Cython/Utility
2022-12-27T02:58:55.4976250Z       copying Cython/Utility/Coroutine.c -> build/lib.macosx-11.0-arm64-cpython-39/Cython/Utility
2022-12-27T02:58:55.4976540Z       copying Cython/Utility/arrayarray.h -> build/lib.macosx-11.0-arm64-cpython-39/Cython/Utility
2022-12-27T02:58:55.4976810Z       copying Cython/Utility/CppSupport.cpp -> build/lib.macosx-11.0-arm64-cpython-39/Cython/Utility
2022-12-27T02:58:55.4976970Z       running build_ext
2022-12-27T02:58:55.4977140Z       building 'Cython.Plex.Scanners' extension
2022-12-27T02:58:55.4977500Z       creating build/temp.macosx-11.0-arm64-cpython-39
2022-12-27T02:58:55.4977770Z       creating build/temp.macosx-11.0-arm64-cpython-39/private
2022-12-27T02:58:55.4977990Z       creating build/temp.macosx-11.0-arm64-cpython-39/private/var
2022-12-27T02:58:55.4978230Z       creating build/temp.macosx-11.0-arm64-cpython-39/private/var/folders
2022-12-27T02:58:55.4978470Z       creating build/temp.macosx-11.0-arm64-cpython-39/private/var/folders/51
2022-12-27T02:58:55.4978750Z       creating build/temp.macosx-11.0-arm64-cpython-39/private/var/folders/51/hd414ycd67n82196sw51xqtc0000gn
2022-12-27T02:58:55.4979040Z       creating build/temp.macosx-11.0-arm64-cpython-39/private/var/folders/51/hd414ycd67n82196sw51xqtc0000gn/T
2022-12-27T02:58:55.4979370Z       creating build/temp.macosx-11.0-arm64-cpython-39/private/var/folders/51/hd414ycd67n82196sw51xqtc0000gn/T/pip-install-g0p_a6vz
2022-12-27T02:58:55.4979830Z       creating build/temp.macosx-11.0-arm64-cpython-39/private/var/folders/51/hd414ycd67n82196sw51xqtc0000gn/T/pip-install-g0p_a6vz/cython_ab90ede6122b42a9a63c88d9413f15d1
2022-12-27T02:58:55.4980320Z       creating build/temp.macosx-11.0-arm64-cpython-39/private/var/folders/51/hd414ycd67n82196sw51xqtc0000gn/T/pip-install-g0p_a6vz/cython_ab90ede6122b42a9a63c88d9413f15d1/Cython
2022-12-27T02:58:55.4980750Z       creating build/temp.macosx-11.0-arm64-cpython-39/private/var/folders/51/hd414ycd67n82196sw51xqtc0000gn/T/pip-install-g0p_a6vz/cython_ab90ede6122b42a9a63c88d9413f15d1/Cython/Plex
2022-12-27T02:58:55.4981690Z       gcc -Wno-unused-result -Wsign-compare -Wunreachable-code -fno-common -dynamic -DNDEBUG -g -fwrapv -O3 -Wall -g -I/usr/local/opt/openssl@3/include -I/usr/local/opt/openssl@3/include -arch arm64 -I/private/var/folders/51/hd414ycd67n82196sw51xqtc0000gn/T/cibw-run-__kqxc7y/cp39-macosx_arm64/build/venv/include -I/Library/Frameworks/Python.framework/Versions/3.9/include/python3.9 -c /private/var/folders/51/hd414ycd67n82196sw51xqtc0000gn/T/pip-install-g0p_a6vz/cython_ab90ede6122b42a9a63c88d9413f15d1/Cython/Plex/Scanners.c -o build/temp.macosx-11.0-arm64-cpython-39/private/var/folders/51/hd414ycd67n82196sw51xqtc0000gn/T/pip-install-g0p_a6vz/cython_ab90ede6122b42a9a63c88d9413f15d1/Cython/Plex/Scanners.o
2022-12-27T02:58:55.4982450Z       /private/var/folders/51/hd414ycd67n82196sw51xqtc0000gn/T/pip-install-g0p_a6vz/cython_ab90ede6122b42a9a63c88d9413f15d1/Cython/Plex/Scanners.c:3495:51: warning: '_PyUnicode_get_wstr_length' is deprecated [-Wdeprecated-declarations]
2022-12-27T02:58:55.4982730Z                 __pyx_t_8 = (__pyx_v_data != Py_None)&&(__Pyx_PyUnicode_IS_TRUE(__pyx_v_data) != 0);
2022-12-27T02:58:55.4982890Z                                                         ^
2022-12-27T02:58:55.4983220Z       /private/var/folders/51/hd414ycd67n82196sw51xqtc0000gn/T/pip-install-g0p_a6vz/cython_ab90ede6122b42a9a63c88d9413f15d1/Cython/Plex/Scanners.c:422:108: note: expanded from macro '__Pyx_PyUnicode_IS_TRUE'
2022-12-27T02:58:55.4983500Z         #define __Pyx_PyUnicode_IS_TRUE(u)      (0 != (likely(PyUnicode_IS_READY(u)) ? PyUnicode_GET_LENGTH(u) : PyUnicode_GET_SIZE(u)))
2022-12-27T02:58:55.4983790Z                                                                                                                  ^
2022-12-27T02:58:55.4984090Z       /Library/Frameworks/Python.framework/Versions/3.9/include/python3.9/cpython/unicodeobject.h:261:7: note: expanded from macro 'PyUnicode_GET_SIZE'
2022-12-27T02:58:55.4984300Z             PyUnicode_WSTR_LENGTH(op) :                    \
2022-12-27T02:58:55.4984410Z             ^
2022-12-27T02:58:55.4984680Z       /Library/Frameworks/Python.framework/Versions/3.9/include/python3.9/cpython/unicodeobject.h:451:35: note: expanded from macro 'PyUnicode_WSTR_LENGTH'
2022-12-27T02:58:55.4984920Z       #define PyUnicode_WSTR_LENGTH(op) _PyUnicode_get_wstr_length((PyObject*)op)
2022-12-27T02:58:55.4985060Z                                         ^
2022-12-27T02:58:55.4985370Z       /Library/Frameworks/Python.framework/Versions/3.9/include/python3.9/cpython/unicodeobject.h:445:1: note: '_PyUnicode_get_wstr_length' has been explicitly marked deprecated here
2022-12-27T02:58:55.4985580Z       Py_DEPRECATED(3.3)
2022-12-27T02:58:55.4985690Z       ^
2022-12-27T02:58:55.4985930Z       /Library/Frameworks/Python.framework/Versions/3.9/include/python3.9/pyport.h:508:54: note: expanded from macro 'Py_DEPRECATED'
2022-12-27T02:58:55.4986150Z       #define Py_DEPRECATED(VERSION_UNUSED) __attribute__((__deprecated__))
2022-12-27T02:58:55.4986300Z                                                            ^
2022-12-27T02:58:55.4986660Z       /private/var/folders/51/hd414ycd67n82196sw51xqtc0000gn/T/pip-install-g0p_a6vz/cython_ab90ede6122b42a9a63c88d9413f15d1/Cython/Plex/Scanners.c:3495:51: warning: 'PyUnicode_AsUnicode' is deprecated [-Wdeprecated-declarations]
2022-12-27T02:58:55.4986950Z                 __pyx_t_8 = (__pyx_v_data != Py_None)&&(__Pyx_PyUnicode_IS_TRUE(__pyx_v_data) != 0);
2022-12-27T02:58:55.4987110Z                                                         ^
2022-12-27T02:58:55.4987570Z       /private/var/folders/51/hd414ycd67n82196sw51xqtc0000gn/T/pip-install-g0p_a6vz/cython_ab90ede6122b42a9a63c88d9413f15d1/Cython/Plex/Scanners.c:422:108: note: expanded from macro '__Pyx_PyUnicode_IS_TRUE'
2022-12-27T02:58:55.4987860Z         #define __Pyx_PyUnicode_IS_TRUE(u)      (0 != (likely(PyUnicode_IS_READY(u)) ? PyUnicode_GET_LENGTH(u) : PyUnicode_GET_SIZE(u)))
2022-12-27T02:58:55.4988050Z                                                                                                                  ^
2022-12-27T02:58:55.4988350Z       /Library/Frameworks/Python.framework/Versions/3.9/include/python3.9/cpython/unicodeobject.h:262:14: note: expanded from macro 'PyUnicode_GET_SIZE'
2022-12-27T02:58:55.4988570Z             ((void)PyUnicode_AsUnicode(_PyObject_CAST(op)),\
2022-12-27T02:58:55.4988690Z                    ^
2022-12-27T02:58:55.4988980Z       /Library/Frameworks/Python.framework/Versions/3.9/include/python3.9/cpython/unicodeobject.h:580:1: note: 'PyUnicode_AsUnicode' has been explicitly marked deprecated here
2022-12-27T02:58:55.4989220Z       Py_DEPRECATED(3.3) PyAPI_FUNC(Py_UNICODE *) PyUnicode_AsUnicode(
2022-12-27T02:58:55.4989350Z       ^
2022-12-27T02:58:55.4989590Z       /Library/Frameworks/Python.framework/Versions/3.9/include/python3.9/pyport.h:508:54: note: expanded from macro 'Py_DEPRECATED'
2022-12-27T02:58:55.4989810Z       #define Py_DEPRECATED(VERSION_UNUSED) __attribute__((__deprecated__))
2022-12-27T02:58:55.4989960Z                                                            ^
2022-12-27T02:58:55.4990320Z       /private/var/folders/51/hd414ycd67n82196sw51xqtc0000gn/T/pip-install-g0p_a6vz/cython_ab90ede6122b42a9a63c88d9413f15d1/Cython/Plex/Scanners.c:3495:51: warning: '_PyUnicode_get_wstr_length' is deprecated [-Wdeprecated-declarations]
2022-12-27T02:58:55.4990600Z                 __pyx_t_8 = (__pyx_v_data != Py_None)&&(__Pyx_PyUnicode_IS_TRUE(__pyx_v_data) != 0);
2022-12-27T02:58:55.4990750Z                                                         ^
2022-12-27T02:58:55.4991170Z       /private/var/folders/51/hd414ycd67n82196sw51xqtc0000gn/T/pip-install-g0p_a6vz/cython_ab90ede6122b42a9a63c88d9413f15d1/Cython/Plex/Scanners.c:422:108: note: expanded from macro '__Pyx_PyUnicode_IS_TRUE'
2022-12-27T02:58:55.4991440Z         #define __Pyx_PyUnicode_IS_TRUE(u)      (0 != (likely(PyUnicode_IS_READY(u)) ? PyUnicode_GET_LENGTH(u) : PyUnicode_GET_SIZE(u)))
2022-12-27T02:58:55.4991630Z                                                                                                                  ^
2022-12-27T02:58:55.4991920Z       /Library/Frameworks/Python.framework/Versions/3.9/include/python3.9/cpython/unicodeobject.h:264:8: note: expanded from macro 'PyUnicode_GET_SIZE'
2022-12-27T02:58:55.4992120Z              PyUnicode_WSTR_LENGTH(op)))
2022-12-27T02:58:55.4992230Z              ^
2022-12-27T02:58:55.4992500Z       /Library/Frameworks/Python.framework/Versions/3.9/include/python3.9/cpython/unicodeobject.h:451:35: note: expanded from macro 'PyUnicode_WSTR_LENGTH'
2022-12-27T02:58:55.4992730Z       #define PyUnicode_WSTR_LENGTH(op) _PyUnicode_get_wstr_length((PyObject*)op)
2022-12-27T02:58:55.4992880Z                                         ^
2022-12-27T02:58:55.4993190Z       /Library/Frameworks/Python.framework/Versions/3.9/include/python3.9/cpython/unicodeobject.h:445:1: note: '_PyUnicode_get_wstr_length' has been explicitly marked deprecated here
2022-12-27T02:58:55.4993400Z       Py_DEPRECATED(3.3)
2022-12-27T02:58:55.4993510Z       ^
2022-12-27T02:58:55.4993750Z       /Library/Frameworks/Python.framework/Versions/3.9/include/python3.9/pyport.h:508:54: note: expanded from macro 'Py_DEPRECATED'
2022-12-27T02:58:55.4993960Z       #define Py_DEPRECATED(VERSION_UNUSED) __attribute__((__deprecated__))
2022-12-27T02:58:55.4994110Z                                                            ^
2022-12-27T02:58:55.4994450Z       /private/var/folders/51/hd414ycd67n82196sw51xqtc0000gn/T/pip-install-g0p_a6vz/cython_ab90ede6122b42a9a63c88d9413f15d1/Cython/Plex/Scanners.c:8518:46: error: no member named 'tp_print' in 'struct _typeobject'
2022-12-27T02:58:55.4994690Z         __pyx_type_6Cython_4Plex_8Scanners_Scanner.tp_print = 0;
2022-12-27T02:58:55.4994900Z         ~~~~~~~~~~~~~~~~~~~~~~~~~~~~~~~~~~~~~~~~~~ ^
2022-12-27T02:58:55.4995290Z       /private/var/folders/51/hd414ycd67n82196sw51xqtc0000gn/T/pip-install-g0p_a6vz/cython_ab90ede6122b42a9a63c88d9413f15d1/Cython/Plex/Scanners.c:9075:22: warning: '_PyUnicode_get_wstr_length' is deprecated [-Wdeprecated-declarations]
2022-12-27T02:58:55.4995570Z                           (PyUnicode_GET_SIZE(**name) != PyUnicode_GET_SIZE(key)) ? 1 :
2022-12-27T02:58:55.4995700Z                            ^
2022-12-27T02:58:55.4995980Z       /Library/Frameworks/Python.framework/Versions/3.9/include/python3.9/cpython/unicodeobject.h:261:7: note: expanded from macro 'PyUnicode_GET_SIZE'
2022-12-27T02:58:55.4996180Z             PyUnicode_WSTR_LENGTH(op) :                    \
2022-12-27T02:58:55.4996300Z             ^
2022-12-27T02:58:55.4996560Z       /Library/Frameworks/Python.framework/Versions/3.9/include/python3.9/cpython/unicodeobject.h:451:35: note: expanded from macro 'PyUnicode_WSTR_LENGTH'
2022-12-27T02:58:55.4996790Z       #define PyUnicode_WSTR_LENGTH(op) _PyUnicode_get_wstr_length((PyObject*)op)
2022-12-27T02:58:55.4996940Z                                         ^
2022-12-27T02:58:55.4997240Z       /Library/Frameworks/Python.framework/Versions/3.9/include/python3.9/cpython/unicodeobject.h:445:1: note: '_PyUnicode_get_wstr_length' has been explicitly marked deprecated here
2022-12-27T02:58:55.4997450Z       Py_DEPRECATED(3.3)
2022-12-27T02:58:55.4997550Z       ^
2022-12-27T02:58:55.4997840Z       /Library/Frameworks/Python.framework/Versions/3.9/include/python3.9/pyport.h:508:54: note: expanded from macro 'Py_DEPRECATED'
2022-12-27T02:58:55.4998040Z       #define Py_DEPRECATED(VERSION_UNUSED) __attribute__((__deprecated__))
2022-12-27T02:58:55.4998190Z                                                            ^
2022-12-27T02:58:55.4998660Z       /private/var/folders/51/hd414ycd67n82196sw51xqtc0000gn/T/pip-install-g0p_a6vz/cython_ab90ede6122b42a9a63c88d9413f15d1/Cython/Plex/Scanners.c:9075:22: warning: 'PyUnicode_AsUnicode' is deprecated [-Wdeprecated-declarations]
2022-12-27T02:58:55.4998940Z                           (PyUnicode_GET_SIZE(**name) != PyUnicode_GET_SIZE(key)) ? 1 :
2022-12-27T02:58:55.4999070Z                            ^
2022-12-27T02:58:55.4999350Z       /Library/Frameworks/Python.framework/Versions/3.9/include/python3.9/cpython/unicodeobject.h:262:14: note: expanded from macro 'PyUnicode_GET_SIZE'
2022-12-27T02:58:55.4999560Z             ((void)PyUnicode_AsUnicode(_PyObject_CAST(op)),\
2022-12-27T02:58:55.4999690Z                    ^
2022-12-27T02:58:55.4999980Z       /Library/Frameworks/Python.framework/Versions/3.9/include/python3.9/cpython/unicodeobject.h:580:1: note: 'PyUnicode_AsUnicode' has been explicitly marked deprecated here
2022-12-27T02:58:55.5000210Z       Py_DEPRECATED(3.3) PyAPI_FUNC(Py_UNICODE *) PyUnicode_AsUnicode(
2022-12-27T02:58:55.5000350Z       ^
2022-12-27T02:58:55.5000580Z       /Library/Frameworks/Python.framework/Versions/3.9/include/python3.9/pyport.h:508:54: note: expanded from macro 'Py_DEPRECATED'
2022-12-27T02:58:55.5000790Z       #define Py_DEPRECATED(VERSION_UNUSED) __attribute__((__deprecated__))
2022-12-27T02:58:55.5000940Z                                                            ^
2022-12-27T02:58:55.5001290Z       /private/var/folders/51/hd414ycd67n82196sw51xqtc0000gn/T/pip-install-g0p_a6vz/cython_ab90ede6122b42a9a63c88d9413f15d1/Cython/Plex/Scanners.c:9075:22: warning: '_PyUnicode_get_wstr_length' is deprecated [-Wdeprecated-declarations]
2022-12-27T02:58:55.5001560Z                           (PyUnicode_GET_SIZE(**name) != PyUnicode_GET_SIZE(key)) ? 1 :
2022-12-27T02:58:55.5001690Z                            ^
2022-12-27T02:58:55.5001960Z       /Library/Frameworks/Python.framework/Versions/3.9/include/python3.9/cpython/unicodeobject.h:264:8: note: expanded from macro 'PyUnicode_GET_SIZE'
2022-12-27T02:58:55.5002150Z              PyUnicode_WSTR_LENGTH(op)))
2022-12-27T02:58:55.5002260Z              ^
2022-12-27T02:58:55.5002600Z       /Library/Frameworks/Python.framework/Versions/3.9/include/python3.9/cpython/unicodeobject.h:451:35: note: expanded from macro 'PyUnicode_WSTR_LENGTH'
2022-12-27T02:58:55.5002840Z       #define PyUnicode_WSTR_LENGTH(op) _PyUnicode_get_wstr_length((PyObject*)op)
2022-12-27T02:58:55.5002980Z                                         ^
2022-12-27T02:58:55.5003290Z       /Library/Frameworks/Python.framework/Versions/3.9/include/python3.9/cpython/unicodeobject.h:445:1: note: '_PyUnicode_get_wstr_length' has been explicitly marked deprecated here
2022-12-27T02:58:55.5003500Z       Py_DEPRECATED(3.3)
2022-12-27T02:58:55.5003600Z       ^
2022-12-27T02:58:55.5003840Z       /Library/Frameworks/Python.framework/Versions/3.9/include/python3.9/pyport.h:508:54: note: expanded from macro 'Py_DEPRECATED'
2022-12-27T02:58:55.5004050Z       #define Py_DEPRECATED(VERSION_UNUSED) __attribute__((__deprecated__))
2022-12-27T02:58:55.5004200Z                                                            ^
2022-12-27T02:58:55.5004570Z       /private/var/folders/51/hd414ycd67n82196sw51xqtc0000gn/T/pip-install-g0p_a6vz/cython_ab90ede6122b42a9a63c88d9413f15d1/Cython/Plex/Scanners.c:9075:52: warning: '_PyUnicode_get_wstr_length' is deprecated [-Wdeprecated-declarations]
2022-12-27T02:58:55.5004830Z                           (PyUnicode_GET_SIZE(**name) != PyUnicode_GET_SIZE(key)) ? 1 :
2022-12-27T02:58:55.5004970Z                                                          ^
2022-12-27T02:58:55.5005250Z       /Library/Frameworks/Python.framework/Versions/3.9/include/python3.9/cpython/unicodeobject.h:261:7: note: expanded from macro 'PyUnicode_GET_SIZE'
2022-12-27T02:58:55.5005450Z             PyUnicode_WSTR_LENGTH(op) :                    \
2022-12-27T02:58:55.5005570Z             ^
2022-12-27T02:58:55.5005840Z       /Library/Frameworks/Python.framework/Versions/3.9/include/python3.9/cpython/unicodeobject.h:451:35: note: expanded from macro 'PyUnicode_WSTR_LENGTH'
2022-12-27T02:58:55.5006140Z       #define PyUnicode_WSTR_LENGTH(op) _PyUnicode_get_wstr_length((PyObject*)op)
2022-12-27T02:58:55.5006290Z                                         ^
2022-12-27T02:58:55.5006600Z       /Library/Frameworks/Python.framework/Versions/3.9/include/python3.9/cpython/unicodeobject.h:445:1: note: '_PyUnicode_get_wstr_length' has been explicitly marked deprecated here
2022-12-27T02:58:55.5006800Z       Py_DEPRECATED(3.3)
2022-12-27T02:58:55.5006900Z       ^
2022-12-27T02:58:55.5007140Z       /Library/Frameworks/Python.framework/Versions/3.9/include/python3.9/pyport.h:508:54: note: expanded from macro 'Py_DEPRECATED'
2022-12-27T02:58:55.5007350Z       #define Py_DEPRECATED(VERSION_UNUSED) __attribute__((__deprecated__))
2022-12-27T02:58:55.5007490Z                                                            ^
2022-12-27T02:58:55.5007850Z       /private/var/folders/51/hd414ycd67n82196sw51xqtc0000gn/T/pip-install-g0p_a6vz/cython_ab90ede6122b42a9a63c88d9413f15d1/Cython/Plex/Scanners.c:9075:52: warning: 'PyUnicode_AsUnicode' is deprecated [-Wdeprecated-declarations]
2022-12-27T02:58:55.5008110Z                           (PyUnicode_GET_SIZE(**name) != PyUnicode_GET_SIZE(key)) ? 1 :
2022-12-27T02:58:55.5008260Z                                                          ^
2022-12-27T02:58:55.5008530Z       /Library/Frameworks/Python.framework/Versions/3.9/include/python3.9/cpython/unicodeobject.h:262:14: note: expanded from macro 'PyUnicode_GET_SIZE'
2022-12-27T02:58:55.5008740Z             ((void)PyUnicode_AsUnicode(_PyObject_CAST(op)),\
2022-12-27T02:58:55.5008870Z                    ^
2022-12-27T02:58:55.5009160Z       /Library/Frameworks/Python.framework/Versions/3.9/include/python3.9/cpython/unicodeobject.h:580:1: note: 'PyUnicode_AsUnicode' has been explicitly marked deprecated here
2022-12-27T02:58:55.5009390Z       Py_DEPRECATED(3.3) PyAPI_FUNC(Py_UNICODE *) PyUnicode_AsUnicode(
2022-12-27T02:58:55.5009520Z       ^
2022-12-27T02:58:55.5009760Z       /Library/Frameworks/Python.framework/Versions/3.9/include/python3.9/pyport.h:508:54: note: expanded from macro 'Py_DEPRECATED'
2022-12-27T02:58:55.5010030Z       #define Py_DEPRECATED(VERSION_UNUSED) __attribute__((__deprecated__))
2022-12-27T02:58:55.5010190Z                                                            ^
2022-12-27T02:58:55.5010560Z       /private/var/folders/51/hd414ycd67n82196sw51xqtc0000gn/T/pip-install-g0p_a6vz/cython_ab90ede6122b42a9a63c88d9413f15d1/Cython/Plex/Scanners.c:9075:52: warning: '_PyUnicode_get_wstr_length' is deprecated [-Wdeprecated-declarations]
2022-12-27T02:58:55.5010820Z                           (PyUnicode_GET_SIZE(**name) != PyUnicode_GET_SIZE(key)) ? 1 :
2022-12-27T02:58:55.5010960Z                                                          ^
2022-12-27T02:58:55.5011240Z       /Library/Frameworks/Python.framework/Versions/3.9/include/python3.9/cpython/unicodeobject.h:264:8: note: expanded from macro 'PyUnicode_GET_SIZE'
2022-12-27T02:58:55.5011440Z              PyUnicode_WSTR_LENGTH(op)))
2022-12-27T02:58:55.5011550Z              ^
2022-12-27T02:58:55.5011820Z       /Library/Frameworks/Python.framework/Versions/3.9/include/python3.9/cpython/unicodeobject.h:451:35: note: expanded from macro 'PyUnicode_WSTR_LENGTH'
2022-12-27T02:58:55.5012050Z       #define PyUnicode_WSTR_LENGTH(op) _PyUnicode_get_wstr_length((PyObject*)op)
2022-12-27T02:58:55.5012200Z                                         ^
2022-12-27T02:58:55.5012500Z       /Library/Frameworks/Python.framework/Versions/3.9/include/python3.9/cpython/unicodeobject.h:445:1: note: '_PyUnicode_get_wstr_length' has been explicitly marked deprecated here
2022-12-27T02:58:55.5012700Z       Py_DEPRECATED(3.3)
2022-12-27T02:58:55.5012810Z       ^
2022-12-27T02:58:55.5013110Z       /Library/Frameworks/Python.framework/Versions/3.9/include/python3.9/pyport.h:508:54: note: expanded from macro 'Py_DEPRECATED'
2022-12-27T02:58:55.5013330Z       #define Py_DEPRECATED(VERSION_UNUSED) __attribute__((__deprecated__))
2022-12-27T02:58:55.5013570Z                                                            ^
2022-12-27T02:58:55.5013940Z       /private/var/folders/51/hd414ycd67n82196sw51xqtc0000gn/T/pip-install-g0p_a6vz/cython_ab90ede6122b42a9a63c88d9413f15d1/Cython/Plex/Scanners.c:9091:26: warning: '_PyUnicode_get_wstr_length' is deprecated [-Wdeprecated-declarations]
2022-12-27T02:58:55.5014220Z                               (PyUnicode_GET_SIZE(**argname) != PyUnicode_GET_SIZE(key)) ? 1 :
2022-12-27T02:58:55.5014350Z                                ^
2022-12-27T02:58:55.5014620Z       /Library/Frameworks/Python.framework/Versions/3.9/include/python3.9/cpython/unicodeobject.h:261:7: note: expanded from macro 'PyUnicode_GET_SIZE'
2022-12-27T02:58:55.5014830Z             PyUnicode_WSTR_LENGTH(op) :                    \
2022-12-27T02:58:55.5014940Z             ^
2022-12-27T02:58:55.5015210Z       /Library/Frameworks/Python.framework/Versions/3.9/include/python3.9/cpython/unicodeobject.h:451:35: note: expanded from macro 'PyUnicode_WSTR_LENGTH'
2022-12-27T02:58:55.5015440Z       #define PyUnicode_WSTR_LENGTH(op) _PyUnicode_get_wstr_length((PyObject*)op)
2022-12-27T02:58:55.5015590Z                                         ^
2022-12-27T02:58:55.5015890Z       /Library/Frameworks/Python.framework/Versions/3.9/include/python3.9/cpython/unicodeobject.h:445:1: note: '_PyUnicode_get_wstr_length' has been explicitly marked deprecated here
2022-12-27T02:58:55.5016090Z       Py_DEPRECATED(3.3)
2022-12-27T02:58:55.5016200Z       ^
2022-12-27T02:58:55.5016430Z       /Library/Frameworks/Python.framework/Versions/3.9/include/python3.9/pyport.h:508:54: note: expanded from macro 'Py_DEPRECATED'
2022-12-27T02:58:55.5016640Z       #define Py_DEPRECATED(VERSION_UNUSED) __attribute__((__deprecated__))
2022-12-27T02:58:55.5016790Z                                                            ^
2022-12-27T02:58:55.5017140Z       /private/var/folders/51/hd414ycd67n82196sw51xqtc0000gn/T/pip-install-g0p_a6vz/cython_ab90ede6122b42a9a63c88d9413f15d1/Cython/Plex/Scanners.c:9091:26: warning: 'PyUnicode_AsUnicode' is deprecated [-Wdeprecated-declarations]
2022-12-27T02:58:55.5017470Z                               (PyUnicode_GET_SIZE(**argname) != PyUnicode_GET_SIZE(key)) ? 1 :
2022-12-27T02:58:55.5017660Z                                ^
2022-12-27T02:58:55.5018010Z       /Library/Frameworks/Python.framework/Versions/3.9/include/python3.9/cpython/unicodeobject.h:262:14: note: expanded from macro 'PyUnicode_GET_SIZE'
2022-12-27T02:58:55.5018230Z             ((void)PyUnicode_AsUnicode(_PyObject_CAST(op)),\
2022-12-27T02:58:55.5018350Z                    ^
2022-12-27T02:58:55.5018650Z       /Library/Frameworks/Python.framework/Versions/3.9/include/python3.9/cpython/unicodeobject.h:580:1: note: 'PyUnicode_AsUnicode' has been explicitly marked deprecated here
2022-12-27T02:58:55.5018880Z       Py_DEPRECATED(3.3) PyAPI_FUNC(Py_UNICODE *) PyUnicode_AsUnicode(
2022-12-27T02:58:55.5019010Z       ^
2022-12-27T02:58:55.5019250Z       /Library/Frameworks/Python.framework/Versions/3.9/include/python3.9/pyport.h:508:54: note: expanded from macro 'Py_DEPRECATED'
2022-12-27T02:58:55.5019460Z       #define Py_DEPRECATED(VERSION_UNUSED) __attribute__((__deprecated__))
2022-12-27T02:58:55.5019610Z                                                            ^
2022-12-27T02:58:55.5019960Z       /private/var/folders/51/hd414ycd67n82196sw51xqtc0000gn/T/pip-install-g0p_a6vz/cython_ab90ede6122b42a9a63c88d9413f15d1/Cython/Plex/Scanners.c:9091:26: warning: '_PyUnicode_get_wstr_length' is deprecated [-Wdeprecated-declarations]
2022-12-27T02:58:55.5020230Z                               (PyUnicode_GET_SIZE(**argname) != PyUnicode_GET_SIZE(key)) ? 1 :
2022-12-27T02:58:55.5020360Z                                ^
2022-12-27T02:58:55.5020630Z       /Library/Frameworks/Python.framework/Versions/3.9/include/python3.9/cpython/unicodeobject.h:264:8: note: expanded from macro 'PyUnicode_GET_SIZE'
2022-12-27T02:58:55.5020820Z              PyUnicode_WSTR_LENGTH(op)))
2022-12-27T02:58:55.5020930Z              ^
2022-12-27T02:58:55.5021300Z       /Library/Frameworks/Python.framework/Versions/3.9/include/python3.9/cpython/unicodeobject.h:451:35: note: expanded from macro 'PyUnicode_WSTR_LENGTH'
2022-12-27T02:58:55.5021530Z       #define PyUnicode_WSTR_LENGTH(op) _PyUnicode_get_wstr_length((PyObject*)op)
2022-12-27T02:58:55.5021670Z                                         ^
2022-12-27T02:58:55.5021970Z       /Library/Frameworks/Python.framework/Versions/3.9/include/python3.9/cpython/unicodeobject.h:445:1: note: '_PyUnicode_get_wstr_length' has been explicitly marked deprecated here
2022-12-27T02:58:55.5022180Z       Py_DEPRECATED(3.3)
2022-12-27T02:58:55.5022280Z       ^
2022-12-27T02:58:55.5022520Z       /Library/Frameworks/Python.framework/Versions/3.9/include/python3.9/pyport.h:508:54: note: expanded from macro 'Py_DEPRECATED'
2022-12-27T02:58:55.5022760Z       #define Py_DEPRECATED(VERSION_UNUSED) __attribute__((__deprecated__))
2022-12-27T02:58:55.5022910Z                                                            ^
2022-12-27T02:58:55.5023270Z       /private/var/folders/51/hd414ycd67n82196sw51xqtc0000gn/T/pip-install-g0p_a6vz/cython_ab90ede6122b42a9a63c88d9413f15d1/Cython/Plex/Scanners.c:9091:59: warning: '_PyUnicode_get_wstr_length' is deprecated [-Wdeprecated-declarations]
2022-12-27T02:58:55.5023540Z                               (PyUnicode_GET_SIZE(**argname) != PyUnicode_GET_SIZE(key)) ? 1 :
2022-12-27T02:58:55.5023690Z                                                                 ^
2022-12-27T02:58:55.5023970Z       /Library/Frameworks/Python.framework/Versions/3.9/include/python3.9/cpython/unicodeobject.h:261:7: note: expanded from macro 'PyUnicode_GET_SIZE'
2022-12-27T02:58:55.5024170Z             PyUnicode_WSTR_LENGTH(op) :                    \
2022-12-27T02:58:55.5024290Z             ^
2022-12-27T02:58:55.5024560Z       /Library/Frameworks/Python.framework/Versions/3.9/include/python3.9/cpython/unicodeobject.h:451:35: note: expanded from macro 'PyUnicode_WSTR_LENGTH'
2022-12-27T02:58:55.5024780Z       #define PyUnicode_WSTR_LENGTH(op) _PyUnicode_get_wstr_length((PyObject*)op)
2022-12-27T02:58:55.5024930Z                                         ^
2022-12-27T02:58:55.5025300Z       /Library/Frameworks/Python.framework/Versions/3.9/include/python3.9/cpython/unicodeobject.h:445:1: note: '_PyUnicode_get_wstr_length' has been explicitly marked deprecated here
2022-12-27T02:58:55.5025520Z       Py_DEPRECATED(3.3)
2022-12-27T02:58:55.5025620Z       ^
2022-12-27T02:58:55.5025870Z       /Library/Frameworks/Python.framework/Versions/3.9/include/python3.9/pyport.h:508:54: note: expanded from macro 'Py_DEPRECATED'
2022-12-27T02:58:55.5026090Z       #define Py_DEPRECATED(VERSION_UNUSED) __attribute__((__deprecated__))
2022-12-27T02:58:55.5026230Z                                                            ^
2022-12-27T02:58:55.5026580Z       /private/var/folders/51/hd414ycd67n82196sw51xqtc0000gn/T/pip-install-g0p_a6vz/cython_ab90ede6122b42a9a63c88d9413f15d1/Cython/Plex/Scanners.c:9091:59: warning: 'PyUnicode_AsUnicode' is deprecated [-Wdeprecated-declarations]
2022-12-27T02:58:55.5026850Z                               (PyUnicode_GET_SIZE(**argname) != PyUnicode_GET_SIZE(key)) ? 1 :
2022-12-27T02:58:55.5027000Z                                                                 ^
2022-12-27T02:58:55.5027280Z       /Library/Frameworks/Python.framework/Versions/3.9/include/python3.9/cpython/unicodeobject.h:262:14: note: expanded from macro 'PyUnicode_GET_SIZE'
2022-12-27T02:58:55.5027490Z             ((void)PyUnicode_AsUnicode(_PyObject_CAST(op)),\
2022-12-27T02:58:55.5027610Z                    ^
2022-12-27T02:58:55.5027900Z       /Library/Frameworks/Python.framework/Versions/3.9/include/python3.9/cpython/unicodeobject.h:580:1: note: 'PyUnicode_AsUnicode' has been explicitly marked deprecated here
2022-12-27T02:58:55.5028130Z       Py_DEPRECATED(3.3) PyAPI_FUNC(Py_UNICODE *) PyUnicode_AsUnicode(
2022-12-27T02:58:55.5028260Z       ^
2022-12-27T02:58:55.5028500Z       /Library/Frameworks/Python.framework/Versions/3.9/include/python3.9/pyport.h:508:54: note: expanded from macro 'Py_DEPRECATED'
2022-12-27T02:58:55.5028780Z       #define Py_DEPRECATED(VERSION_UNUSED) __attribute__((__deprecated__))
2022-12-27T02:58:55.5028930Z                                                            ^
2022-12-27T02:58:55.5029290Z       /private/var/folders/51/hd414ycd67n82196sw51xqtc0000gn/T/pip-install-g0p_a6vz/cython_ab90ede6122b42a9a63c88d9413f15d1/Cython/Plex/Scanners.c:9091:59: warning: '_PyUnicode_get_wstr_length' is deprecated [-Wdeprecated-declarations]
2022-12-27T02:58:55.5029560Z                               (PyUnicode_GET_SIZE(**argname) != PyUnicode_GET_SIZE(key)) ? 1 :
2022-12-27T02:58:55.5029700Z                                                                 ^
2022-12-27T02:58:55.5029980Z       /Library/Frameworks/Python.framework/Versions/3.9/include/python3.9/cpython/unicodeobject.h:264:8: note: expanded from macro 'PyUnicode_GET_SIZE'
2022-12-27T02:58:55.5030170Z              PyUnicode_WSTR_LENGTH(op)))
2022-12-27T02:58:55.5030280Z              ^
2022-12-27T02:58:55.5030550Z       /Library/Frameworks/Python.framework/Versions/3.9/include/python3.9/cpython/unicodeobject.h:451:35: note: expanded from macro 'PyUnicode_WSTR_LENGTH'
2022-12-27T02:58:55.5030780Z       #define PyUnicode_WSTR_LENGTH(op) _PyUnicode_get_wstr_length((PyObject*)op)
2022-12-27T02:58:55.5030920Z                                         ^
2022-12-27T02:58:55.5031220Z       /Library/Frameworks/Python.framework/Versions/3.9/include/python3.9/cpython/unicodeobject.h:445:1: note: '_PyUnicode_get_wstr_length' has been explicitly marked deprecated here
2022-12-27T02:58:55.5031420Z       Py_DEPRECATED(3.3)
2022-12-27T02:58:55.5031520Z       ^
2022-12-27T02:58:55.5031760Z       /Library/Frameworks/Python.framework/Versions/3.9/include/python3.9/pyport.h:508:54: note: expanded from macro 'Py_DEPRECATED'
2022-12-27T02:58:55.5031960Z       #define Py_DEPRECATED(VERSION_UNUSED) __attribute__((__deprecated__))
2022-12-27T02:58:55.5032110Z                                                            ^
2022-12-27T02:58:55.5032530Z       /private/var/folders/51/hd414ycd67n82196sw51xqtc0000gn/T/pip-install-g0p_a6vz/cython_ab90ede6122b42a9a63c88d9413f15d1/Cython/Plex/Scanners.c:9540:16: warning: 'PyUnicode_FromUnicode' is deprecated [-Wdeprecated-declarations]
2022-12-27T02:58:55.5032790Z               return PyUnicode_FromUnicode(NULL, 0);
2022-12-27T02:58:55.5032910Z                      ^
2022-12-27T02:58:55.5033210Z       /Library/Frameworks/Python.framework/Versions/3.9/include/python3.9/cpython/unicodeobject.h:551:1: note: 'PyUnicode_FromUnicode' has been explicitly marked deprecated here
2022-12-27T02:58:55.5033450Z       Py_DEPRECATED(3.3) PyAPI_FUNC(PyObject*) PyUnicode_FromUnicode(
2022-12-27T02:58:55.5033580Z       ^
2022-12-27T02:58:55.5033820Z       /Library/Frameworks/Python.framework/Versions/3.9/include/python3.9/pyport.h:508:54: note: expanded from macro 'Py_DEPRECATED'
2022-12-27T02:58:55.5034020Z       #define Py_DEPRECATED(VERSION_UNUSED) __attribute__((__deprecated__))
2022-12-27T02:58:55.5034170Z                                                            ^
2022-12-27T02:58:55.5034290Z       16 warnings and 1 error generated.
2022-12-27T02:58:55.5034480Z       error: command '/usr/bin/gcc' failed with exit code 1
2022-12-27T02:58:55.5034600Z       [end of output]
2022-12-27T02:58:55.5034700Z   
2022-12-27T02:58:55.5034850Z   note: This error originates from a subprocess, and is likely not a problem with pip.
2022-12-27T02:58:55.5035040Z error: legacy-install-failure
2022-12-27T02:58:55.5035130Z 
2022-12-27T02:58:55.5035250Z Ã— Encountered error while trying to install package.
2022-12-27T02:58:55.5035410Z â•°â”€> cython
2022-12-27T02:58:55.5035470Z 
2022-12-27T02:58:55.5035550Z note: This is an issue with the package mentioned above, not pip.
2022-12-27T02:58:55.5035710Z hint: See above for output from the failure.
2022-12-27T02:58:55.5035860Z   Rolling back uninstall of Cython
2022-12-27T02:58:55.5036120Z   Moving to /private/var/folders/51/hd414ycd67n82196sw51xqtc0000gn/T/cibw-run-__kqxc7y/cp39-macosx_arm64/build/venv/bin/cygdb
2022-12-27T02:58:55.5036500Z    from /private/var/folders/51/hd414ycd67n82196sw51xqtc0000gn/T/pip-uninstall-4tyaqwv2/cygdb
2022-12-27T02:58:55.5036800Z   Moving to /private/var/folders/51/hd414ycd67n82196sw51xqtc0000gn/T/cibw-run-__kqxc7y/cp39-macosx_arm64/build/venv/bin/cython
2022-12-27T02:58:55.5037090Z    from /private/var/folders/51/hd414ycd67n82196sw51xqtc0000gn/T/pip-uninstall-4tyaqwv2/cython
2022-12-27T02:58:55.5037380Z   Moving to /private/var/folders/51/hd414ycd67n82196sw51xqtc0000gn/T/cibw-run-__kqxc7y/cp39-macosx_arm64/build/venv/bin/cythonize
2022-12-27T02:58:55.5037710Z    from /private/var/folders/51/hd414ycd67n82196sw51xqtc0000gn/T/pip-uninstall-4tyaqwv2/cythonize
2022-12-27T02:58:55.5038050Z   Moving to /private/var/folders/51/hd414ycd67n82196sw51xqtc0000gn/T/cibw-run-__kqxc7y/cp39-macosx_arm64/build/venv/lib/python3.9/site-packages/Cython-0.29.32.dist-info/
2022-12-27T02:58:55.5038430Z    from /private/var/folders/51/hd414ycd67n82196sw51xqtc0000gn/T/cibw-run-__kqxc7y/cp39-macosx_arm64/build/venv/lib/python3.9/site-packages/~ython-0.29.32.dist-info
2022-12-27T02:58:55.5038780Z   Moving to /private/var/folders/51/hd414ycd67n82196sw51xqtc0000gn/T/cibw-run-__kqxc7y/cp39-macosx_arm64/build/venv/lib/python3.9/site-packages/Cython/
2022-12-27T02:58:55.5039130Z    from /private/var/folders/51/hd414ycd67n82196sw51xqtc0000gn/T/cibw-run-__kqxc7y/cp39-macosx_arm64/build/venv/lib/python3.9/site-packages/~ython
2022-12-27T02:58:55.5039500Z   Moving to /private/var/folders/51/hd414ycd67n82196sw51xqtc0000gn/T/cibw-run-__kqxc7y/cp39-macosx_arm64/build/venv/lib/python3.9/site-packages/__pycache__/cython.cpython-39.pyc
2022-12-27T02:58:55.5039840Z    from /private/var/folders/51/hd414ycd67n82196sw51xqtc0000gn/T/pip-uninstall-lliqp26s/cython.cpython-39.pyc
2022-12-27T02:58:55.5040170Z   Moving to /private/var/folders/51/hd414ycd67n82196sw51xqtc0000gn/T/cibw-run-__kqxc7y/cp39-macosx_arm64/build/venv/lib/python3.9/site-packages/cython.py
2022-12-27T02:58:55.5040470Z    from /private/var/folders/51/hd414ycd67n82196sw51xqtc0000gn/T/pip-uninstall-0xf5_brj/cython.py
2022-12-27T02:58:55.5040870Z   Moving to /private/var/folders/51/hd414ycd67n82196sw51xqtc0000gn/T/cibw-run-__kqxc7y/cp39-macosx_arm64/build/venv/lib/python3.9/site-packages/pyximport/
2022-12-27T02:58:55.5041230Z    from /private/var/folders/51/hd414ycd67n82196sw51xqtc0000gn/T/cibw-run-__kqxc7y/cp39-macosx_arm64/build/venv/lib/python3.9/site-packages/~yximport
2022-12-27T02:58:55.6789960Z ##[endgroup]
2022-12-27T02:58:55.6819580Z ##[error]Command pip install Cython; if [[ -f requirements.txt ]]; then pip install -r requirements.txt; fi failed with code 1. None
2022-12-27T02:58:55.6825290Z 
2022-12-27T02:58:55.6825600Z                                                              [31mâœ• [0m13.31s
2022-12-27T02:58:55.7322310Z ##[error]Process completed with exit code 1.
2022-12-27T02:58:55.7350870Z ##[group]Run rm -rf build_grpcio120139 wheelsout
2022-12-27T02:58:55.7351050Z [36;1mrm -rf build_grpcio120139 wheelsout[0m
2022-12-27T02:58:55.7364980Z shell: /bin/bash -e {0}
2022-12-27T02:58:55.7365090Z env:
2022-12-27T02:58:55.7365220Z   pythonLocation: /Users/runner/hostedtoolcache/Python/3.9.16/x64
2022-12-27T02:58:55.7365410Z   PKG_CONFIG_PATH: /Users/runner/hostedtoolcache/Python/3.9.16/x64/lib/pkgconfig
2022-12-27T02:58:55.7365580Z   Python_ROOT_DIR: /Users/runner/hostedtoolcache/Python/3.9.16/x64
2022-12-27T02:58:55.7365740Z   Python2_ROOT_DIR: /Users/runner/hostedtoolcache/Python/3.9.16/x64
2022-12-27T02:58:55.7365910Z   Python3_ROOT_DIR: /Users/runner/hostedtoolcache/Python/3.9.16/x64
2022-12-27T02:58:55.7366040Z ##[endgroup]
2022-12-27T02:58:55.8522190Z Cleaning up orphan processes
