2022-12-27T08:53:30.5224797Z Requested labels: self-hosted, macOS, X64
2022-12-27T08:53:30.5224879Z Job defined at: kilnbuild/python.build/.github/workflows/mac_arm_build.yml@refs/heads/main
2022-12-27T08:53:30.5224904Z Waiting for a runner to pick up this job...
2022-12-27T11:29:30.9861406Z Job is about to start running on the runner: k1 (organization)
2022-12-27T11:29:35.0828170Z Current runner version: '2.300.2'
2022-12-27T11:29:35.0833250Z Runner name: 'k1'
2022-12-27T11:29:35.0833490Z Runner group name: 'Default'
2022-12-27T11:29:35.0833940Z Machine name: 'k1'
2022-12-27T11:29:35.0835480Z ##[group]GITHUB_TOKEN Permissions
2022-12-27T11:29:35.0835890Z Actions: write
2022-12-27T11:29:35.0836030Z Checks: write
2022-12-27T11:29:35.0836160Z Contents: write
2022-12-27T11:29:35.0836300Z Deployments: write
2022-12-27T11:29:35.0836440Z Discussions: write
2022-12-27T11:29:35.0836570Z Issues: write
2022-12-27T11:29:35.0836690Z Metadata: read
2022-12-27T11:29:35.0836820Z Packages: write
2022-12-27T11:29:35.0836960Z Pages: write
2022-12-27T11:29:35.0837090Z PullRequests: write
2022-12-27T11:29:35.0837250Z RepositoryProjects: write
2022-12-27T11:29:35.0837410Z SecurityEvents: write
2022-12-27T11:29:35.0837550Z Statuses: write
2022-12-27T11:29:35.0837680Z ##[endgroup]
2022-12-27T11:29:35.0840120Z Secret source: Actions
2022-12-27T11:29:35.0840420Z Prepare workflow directory
2022-12-27T11:29:35.1501200Z Prepare all required actions
2022-12-27T11:29:35.1621920Z Getting action download info
2022-12-27T11:29:35.6680750Z Download action repository 'actions/setup-python@v4' (SHA:5ccb29d8773c3f3f653e1705f474dfaa8a06a912)
2022-12-27T11:29:37.4224340Z Download action repository 'actions/upload-artifact@v3' (SHA:83fd05a356d7e2593de66fc9913b3002723633cb)
2022-12-27T11:29:38.7386640Z ##[group]Run echo '{
2022-12-27T11:29:38.7386960Z [36;1mecho '{[0m
2022-12-27T11:29:38.7387090Z [36;1m  "package_name": "lxml",[0m
2022-12-27T11:29:38.7387330Z [36;1m  "package_url": "https://files.pythonhosted.org/packages/ba/f6/a241cb9070451c60e977005a3433f06a2293ffb8a90763ae97b47c148329/lxml-2.1.4.tar.gz",[0m
2022-12-27T11:29:38.7387560Z [36;1m  "package_version": "2.1.4",[0m
2022-12-27T11:29:38.7387690Z [36;1m  "python_version": "3.9",[0m
2022-12-27T11:29:38.7387840Z [36;1m  "use_ccache": "true"[0m
2022-12-27T11:29:38.7387970Z [36;1m}'[0m
2022-12-27T11:29:38.7403790Z shell: /bin/bash -e {0}
2022-12-27T11:29:38.7403970Z ##[endgroup]
2022-12-27T11:29:38.7628840Z {
2022-12-27T11:29:38.7630210Z   "package_name": "lxml",
2022-12-27T11:29:38.7630860Z   "package_url": "https://files.pythonhosted.org/packages/ba/f6/a241cb9070451c60e977005a3433f06a2293ffb8a90763ae97b47c148329/lxml-2.1.4.tar.gz",
2022-12-27T11:29:38.7631160Z   "package_version": "2.1.4",
2022-12-27T11:29:38.7631400Z   "python_version": "3.9",
2022-12-27T11:29:38.7631660Z   "use_ccache": "true"
2022-12-27T11:29:38.7631820Z }
2022-12-27T11:29:38.7841040Z ##[group]Run actions/setup-python@v4
2022-12-27T11:29:38.7841230Z with:
2022-12-27T11:29:38.7841400Z   python-version: 3.9
2022-12-27T11:29:38.7841570Z   check-latest: false
2022-12-27T11:29:38.7841840Z   token: ***
2022-12-27T11:29:38.7842060Z   update-environment: true
2022-12-27T11:29:38.7842230Z ##[endgroup]
2022-12-27T11:29:38.9056450Z ##[group]Installed versions
2022-12-27T11:29:38.9159430Z Successfully set up CPython (3.9.16)
2022-12-27T11:29:38.9160320Z ##[endgroup]
2022-12-27T11:29:38.9311290Z ##[group]Run if [ "true" == "true" ]
2022-12-27T11:29:38.9311710Z [36;1mif [ "true" == "true" ][0m
2022-12-27T11:29:38.9311900Z [36;1mthen[0m
2022-12-27T11:29:38.9312090Z [36;1m  echo "CCACHE_PATH_PREPEND=/usr/local/opt/ccache/libexec" >> $GITHUB_OUTPUT[0m
2022-12-27T11:29:38.9312300Z [36;1melse[0m
2022-12-27T11:29:38.9312490Z [36;1m  echo "CCACHE_PATH_PREPEND=" >> $GITHUB_OUTPUT[0m
2022-12-27T11:29:38.9313030Z [36;1mfi[0m
2022-12-27T11:29:38.9329600Z shell: /bin/bash -e {0}
2022-12-27T11:29:38.9329820Z env:
2022-12-27T11:29:38.9330130Z   pythonLocation: /Users/runner/hostedtoolcache/Python/3.9.16/x64
2022-12-27T11:29:38.9330400Z   PKG_CONFIG_PATH: /Users/runner/hostedtoolcache/Python/3.9.16/x64/lib/pkgconfig
2022-12-27T11:29:38.9330620Z   Python_ROOT_DIR: /Users/runner/hostedtoolcache/Python/3.9.16/x64
2022-12-27T11:29:38.9330860Z   Python2_ROOT_DIR: /Users/runner/hostedtoolcache/Python/3.9.16/x64
2022-12-27T11:29:38.9331200Z   Python3_ROOT_DIR: /Users/runner/hostedtoolcache/Python/3.9.16/x64
2022-12-27T11:29:38.9331650Z ##[endgroup]
2022-12-27T11:29:38.9446350Z ##[group]Run echo "BUILD_NAME=$(echo lxml_2.1.4_3.9 | tr -dc '[:alnum:]\n\r' | tr '[:upper:]' '[:lower:]')" >> $GITHUB_OUTPUT
2022-12-27T11:29:38.9446840Z [36;1mecho "BUILD_NAME=$(echo lxml_2.1.4_3.9 | tr -dc '[:alnum:]\n\r' | tr '[:upper:]' '[:lower:]')" >> $GITHUB_OUTPUT[0m
2022-12-27T11:29:38.9460850Z shell: /bin/bash -e {0}
2022-12-27T11:29:38.9461130Z env:
2022-12-27T11:29:38.9501230Z   pythonLocation: /Users/runner/hostedtoolcache/Python/3.9.16/x64
2022-12-27T11:29:38.9501470Z   PKG_CONFIG_PATH: /Users/runner/hostedtoolcache/Python/3.9.16/x64/lib/pkgconfig
2022-12-27T11:29:38.9501690Z   Python_ROOT_DIR: /Users/runner/hostedtoolcache/Python/3.9.16/x64
2022-12-27T11:29:38.9501890Z   Python2_ROOT_DIR: /Users/runner/hostedtoolcache/Python/3.9.16/x64
2022-12-27T11:29:38.9502090Z   Python3_ROOT_DIR: /Users/runner/hostedtoolcache/Python/3.9.16/x64
2022-12-27T11:29:38.9502270Z ##[endgroup]
2022-12-27T11:29:38.9621670Z ##[group]Run echo "PYTHON_NO_DOTS=$(echo 3.9 | tr -dc '[:alnum:]\n\r' | tr '[:upper:]' '[:lower:]')" >> $GITHUB_OUTPUT
2022-12-27T11:29:38.9622070Z [36;1mecho "PYTHON_NO_DOTS=$(echo 3.9 | tr -dc '[:alnum:]\n\r' | tr '[:upper:]' '[:lower:]')" >> $GITHUB_OUTPUT[0m
2022-12-27T11:29:38.9635780Z shell: /bin/bash -e {0}
2022-12-27T11:29:38.9635930Z env:
2022-12-27T11:29:38.9636130Z   pythonLocation: /Users/runner/hostedtoolcache/Python/3.9.16/x64
2022-12-27T11:29:38.9636380Z   PKG_CONFIG_PATH: /Users/runner/hostedtoolcache/Python/3.9.16/x64/lib/pkgconfig
2022-12-27T11:29:38.9636630Z   Python_ROOT_DIR: /Users/runner/hostedtoolcache/Python/3.9.16/x64
2022-12-27T11:29:38.9636870Z   Python2_ROOT_DIR: /Users/runner/hostedtoolcache/Python/3.9.16/x64
2022-12-27T11:29:38.9637100Z   Python3_ROOT_DIR: /Users/runner/hostedtoolcache/Python/3.9.16/x64
2022-12-27T11:29:38.9637260Z ##[endgroup]
2022-12-27T11:29:38.9760510Z ##[group]Run rm -rf build_lxml21439
2022-12-27T11:29:38.9760920Z [36;1mrm -rf build_lxml21439[0m
2022-12-27T11:29:38.9761110Z [36;1mmkdir build_lxml21439[0m
2022-12-27T11:29:38.9761290Z [36;1mcd build_lxml21439[0m
2022-12-27T11:29:38.9761610Z [36;1m/usr/local/bin/wget --quiet https://files.pythonhosted.org/packages/ba/f6/a241cb9070451c60e977005a3433f06a2293ffb8a90763ae97b47c148329/lxml-2.1.4.tar.gz[0m
2022-12-27T11:29:38.9761880Z [36;1mtar xf *.tar.gz[0m
2022-12-27T11:29:38.9762010Z [36;1mcd *[0m
2022-12-27T11:29:38.9762200Z [36;1mpython -m pip install cibuildwheel==2.11.3[0m
2022-12-27T11:29:38.9762420Z [36;1mpython -m cibuildwheel --output-dir ../wheelsout[0m
2022-12-27T11:29:38.9776800Z shell: /bin/bash -e {0}
2022-12-27T11:29:38.9776960Z env:
2022-12-27T11:29:38.9777170Z   pythonLocation: /Users/runner/hostedtoolcache/Python/3.9.16/x64
2022-12-27T11:29:38.9777500Z   PKG_CONFIG_PATH: /Users/runner/hostedtoolcache/Python/3.9.16/x64/lib/pkgconfig
2022-12-27T11:29:38.9777770Z   Python_ROOT_DIR: /Users/runner/hostedtoolcache/Python/3.9.16/x64
2022-12-27T11:29:38.9778010Z   Python2_ROOT_DIR: /Users/runner/hostedtoolcache/Python/3.9.16/x64
2022-12-27T11:29:38.9778210Z   Python3_ROOT_DIR: /Users/runner/hostedtoolcache/Python/3.9.16/x64
2022-12-27T11:29:38.9778410Z   CIBW_ARCHS_MACOS: arm64
2022-12-27T11:29:38.9778640Z   CIBW_TEST_SKIP: *_arm64
2022-12-27T11:29:38.9778790Z   CIBW_BUILD: cp39-macosx_arm64
2022-12-27T11:29:38.9778970Z   CIBW_BUILD_FRONTEND: pip
2022-12-27T11:29:38.9779140Z   CIBW_BUILD_VERBOSITY: 3
2022-12-27T11:29:38.9779420Z   CIBW_ENVIRONMENT_MACOS:  CFLAGS="-I/usr/local/opt/openssl@3/include" LDFLAGS="-L/usr/local/opt/openssl@3/lib" CPPFLAGS="-I/usr/local/opt/openssl@3/include" MAKEFLAGS="-j$(sysctl -n hw.logicalcpu)" PATH=/usr/local/opt/ccache/libexec:$PATH
2022-12-27T11:29:38.9779820Z   CIBW_BEFORE_BUILD: pip install Cython; if [[ -f requirements.txt ]]; then pip install -r requirements.txt; fi
2022-12-27T11:29:38.9780060Z   MAKEFLAGS: -j$(sysctl -n hw.logicalcpu)
2022-12-27T11:29:38.9780240Z ##[endgroup]
2022-12-27T11:29:39.4557240Z Requirement already satisfied: cibuildwheel==2.11.3 in /Users/runner/hostedtoolcache/Python/3.9.16/x64/lib/python3.9/site-packages (2.11.3)
2022-12-27T11:29:39.4801740Z Requirement already satisfied: platformdirs in /Users/runner/hostedtoolcache/Python/3.9.16/x64/lib/python3.9/site-packages (from cibuildwheel==2.11.3) (2.6.0)
2022-12-27T11:29:39.4806850Z Requirement already satisfied: bashlex!=0.13 in /Users/runner/hostedtoolcache/Python/3.9.16/x64/lib/python3.9/site-packages (from cibuildwheel==2.11.3) (0.16)
2022-12-27T11:29:39.4810400Z Requirement already satisfied: certifi in /Users/runner/hostedtoolcache/Python/3.9.16/x64/lib/python3.9/site-packages (from cibuildwheel==2.11.3) (2022.12.7)
2022-12-27T11:29:39.4814990Z Requirement already satisfied: packaging>=20.9 in /Users/runner/hostedtoolcache/Python/3.9.16/x64/lib/python3.9/site-packages (from cibuildwheel==2.11.3) (22.0)
2022-12-27T11:29:39.4822030Z Requirement already satisfied: tomli in /Users/runner/hostedtoolcache/Python/3.9.16/x64/lib/python3.9/site-packages (from cibuildwheel==2.11.3) (2.0.1)
2022-12-27T11:29:39.4830140Z Requirement already satisfied: typing-extensions>=4.1.0 in /Users/runner/hostedtoolcache/Python/3.9.16/x64/lib/python3.9/site-packages (from cibuildwheel==2.11.3) (4.4.0)
2022-12-27T11:29:39.4834130Z Requirement already satisfied: filelock in /Users/runner/hostedtoolcache/Python/3.9.16/x64/lib/python3.9/site-packages (from cibuildwheel==2.11.3) (3.8.2)
2022-12-27T11:29:39.4837530Z Requirement already satisfied: bracex in /Users/runner/hostedtoolcache/Python/3.9.16/x64/lib/python3.9/site-packages (from cibuildwheel==2.11.3) (2.3.post1)
2022-12-27T11:29:39.6501100Z 
2022-12-27T11:29:39.6501330Z      _ _       _ _   _       _           _
2022-12-27T11:29:39.6501700Z  ___|_| |_ _ _|_| |_| |_ _ _| |_ ___ ___| |
2022-12-27T11:29:39.6502440Z |  _| | . | | | | | . | | | |   | -_| -_| |
2022-12-27T11:29:39.6502830Z |___|_|___|___|_|_|___|_____|_|_|___|___|_|
2022-12-27T11:29:39.6503830Z 
2022-12-27T11:29:39.6504000Z cibuildwheel version 2.11.3
2022-12-27T11:29:39.6504180Z 
2022-12-27T11:29:39.6504260Z Build options:
2022-12-27T11:29:39.6504520Z   platform: macos
2022-12-27T11:29:39.6564650Z   architectures: arm64[0m
2022-12-27T11:29:39.6565000Z   build_selector: 
2022-12-27T11:29:39.6565910Z     build_config: cp39-macosx_arm64
2022-12-27T11:29:39.6566250Z     skip_config: 
2022-12-27T11:29:39.6566550Z     requires_python: None
2022-12-27T11:29:39.6566890Z     prerelease_pythons: False[0m
2022-12-27T11:29:39.6567450Z   [38;5;244mcontainer_engine: docker[0m
2022-12-27T11:29:39.6568030Z   output_dir: /Users/runner/actions-runner/_work/python.build/python.build/build_lxml21439/wheelsout[0m
2022-12-27T11:29:39.6568640Z   package_dir: /Users/runner/actions-runner/_work/python.build/python.build/build_lxml21439/lxml-2.1.4[0m
2022-12-27T11:29:39.6569030Z   test_selector: 
2022-12-27T11:29:39.6569450Z     skip_config: *_arm64[0m
2022-12-27T11:29:39.6569780Z   [38;5;244mbefore_all: [0m
2022-12-27T11:29:39.6570340Z   before_build: pip install Cython; if [[ -f requirements.txt ]]; then pip install -r requirements.txt; fi[0m
2022-12-27T11:29:39.6570800Z   [38;5;244mbefore_test: [0m
2022-12-27T11:29:39.6571170Z   [38;5;244mbuild_frontend: pip[0m
2022-12-27T11:29:39.6571540Z   build_verbosity: 3[0m
2022-12-27T11:29:39.6571900Z   [38;5;244mconfig_settings: [0m
2022-12-27T11:29:39.6572300Z   [38;5;244mdependency_constraints: pinned[0m
2022-12-27T11:29:39.6572560Z   environment: 
2022-12-27T11:29:39.6572930Z     CFLAGS="-I/usr/local/opt/openssl@3/include"
2022-12-27T11:29:39.6573320Z     LDFLAGS="-L/usr/local/opt/openssl@3/lib"
2022-12-27T11:29:39.6573620Z     CPPFLAGS="-I/usr/local/opt/openssl@3/include"
2022-12-27T11:29:39.6573930Z     MAKEFLAGS="-j$(sysctl -n hw.logicalcpu)"
2022-12-27T11:29:39.6574250Z     PATH=/usr/local/opt/ccache/libexec:$PATH[0m
2022-12-27T11:29:39.6574520Z   [38;5;244mmanylinux_images: None[0m
2022-12-27T11:29:39.6574860Z   [38;5;244mmusllinux_images: None[0m
2022-12-27T11:29:39.6575330Z   [38;5;244mrepair_command: delocate-wheel --require-archs {delocate_archs} -w {dest_dir} -v {wheel}[0m
2022-12-27T11:29:39.6575970Z   [38;5;244mtest_command: [0m
2022-12-27T11:29:39.6576200Z   [38;5;244mtest_extras: [0m
2022-12-27T11:29:39.6576520Z   [38;5;244mtest_requires: [0m
2022-12-27T11:29:39.6576650Z 
2022-12-27T11:29:39.6576800Z Cache folder: /Users/runner/Library/Caches/cibuildwheel
2022-12-27T11:29:39.6581900Z 
2022-12-27T11:29:39.6582090Z Here we go!
2022-12-27T11:29:39.6582220Z 
2022-12-27T11:29:39.6633840Z 
2022-12-27T11:29:39.6634480Z [1m[34mBuilding cp39-macosx_arm64 wheel[0m
2022-12-27T11:29:39.6634940Z CPython 3.9 macOS arm64 - Apple Silicon
2022-12-27T11:29:39.6635280Z 
2022-12-27T11:29:39.6637050Z ##[group]Installing Python cp39...
2022-12-27T11:29:39.6637280Z 
2022-12-27T11:29:39.6637550Z + pkgutil --pkgs
2022-12-27T11:29:39.6745240Z ##[endgroup]
2022-12-27T11:29:39.6746160Z                                                               [32mâœ“ [0m0.01s
2022-12-27T11:29:39.6746610Z ##[group]Setting up build environment...
2022-12-27T11:29:39.6746760Z 
2022-12-27T11:29:39.6765600Z + /Users/runner/hostedtoolcache/Python/3.9.16/x64/bin/python -sS /Users/runner/Library/Caches/cibuildwheel/virtualenv-20.17.0.pyz --activators= --no-periodic-update --pip=22.3.1 --setuptools=65.6.3 --wheel=0.38.4 --symlink-app-data --python /Library/Frameworks/Python.framework/Versions/3.9/bin/python3 /private/var/folders/51/hd414ycd67n82196sw51xqtc0000gn/T/cibw-run-lagup757/cp39-macosx_arm64/build/venv
2022-12-27T11:29:39.8650560Z created virtual environment CPython3.9.13.final.0-64 in 54ms
2022-12-27T11:29:39.8651460Z   creator CPython3Posix(dest=/private/var/folders/51/hd414ycd67n82196sw51xqtc0000gn/T/cibw-run-lagup757/cp39-macosx_arm64/build/venv, clear=False, no_vcs_ignore=False, global=False)
2022-12-27T11:29:39.8652290Z   seeder FromAppData(download=False, pip=22.3.1, setuptools=65.6.3, wheel=0.38.4, via=symlink, app_data_dir=/Users/runner/Library/Application Support/virtualenv)
2022-12-27T11:29:39.8652740Z     added seed packages: pip==22.3.1, setuptools==65.6.3, wheel==0.38.4
2022-12-27T11:29:39.8771860Z + python -m pip install --upgrade pip -c /Users/runner/hostedtoolcache/Python/3.9.16/x64/lib/python3.9/site-packages/cibuildwheel/resources/constraints-python39.txt
2022-12-27T11:29:40.1704250Z Requirement already satisfied: pip in ./lib/python3.9/site-packages (22.3.1)
2022-12-27T11:29:40.3126530Z + which pip
2022-12-27T11:29:40.3141890Z /private/var/folders/51/hd414ycd67n82196sw51xqtc0000gn/T/cibw-run-lagup757/cp39-macosx_arm64/build/venv/bin/pip
2022-12-27T11:29:40.3143940Z + pip --version
2022-12-27T11:29:40.5320240Z pip 22.3.1 from /private/var/folders/51/hd414ycd67n82196sw51xqtc0000gn/T/cibw-run-lagup757/cp39-macosx_arm64/build/venv/lib/python3.9/site-packages/pip (python 3.9)
2022-12-27T11:29:40.5552270Z + which pip
2022-12-27T11:29:40.5579900Z + which python
2022-12-27T11:29:40.5598440Z /private/var/folders/51/hd414ycd67n82196sw51xqtc0000gn/T/cibw-run-lagup757/cp39-macosx_arm64/build/venv/bin/python
2022-12-27T11:29:40.5600910Z + python --version
2022-12-27T11:29:40.5649100Z Python 3.9.13
2022-12-27T11:29:40.5652260Z + which python
2022-12-27T11:29:40.5706180Z ##[endgroup]
2022-12-27T11:29:40.5706750Z                                                               [32mâœ“ [0m0.90s
2022-12-27T11:29:40.5707270Z ##[group]Installing build tools...
2022-12-27T11:29:40.5707440Z 
2022-12-27T11:29:40.5707980Z + pip install --upgrade setuptools wheel delocate -c /Users/runner/hostedtoolcache/Python/3.9.16/x64/lib/python3.9/site-packages/cibuildwheel/resources/constraints-python39.txt
2022-12-27T11:29:40.8748440Z Requirement already satisfied: setuptools in /private/var/folders/51/hd414ycd67n82196sw51xqtc0000gn/T/cibw-run-lagup757/cp39-macosx_arm64/build/venv/lib/python3.9/site-packages (65.6.3)
2022-12-27T11:29:41.1050460Z Requirement already satisfied: wheel in /private/var/folders/51/hd414ycd67n82196sw51xqtc0000gn/T/cibw-run-lagup757/cp39-macosx_arm64/build/venv/lib/python3.9/site-packages (0.38.4)
2022-12-27T11:29:41.1616880Z Collecting delocate
2022-12-27T11:29:41.1643290Z   Using cached delocate-0.10.3-py3-none-any.whl (142 kB)
2022-12-27T11:29:41.1875670Z Collecting typing-extensions
2022-12-27T11:29:41.1897340Z   Using cached typing_extensions-4.4.0-py3-none-any.whl (26 kB)
2022-12-27T11:29:41.2161000Z Collecting packaging>=20.9
2022-12-27T11:29:41.2183240Z   Using cached packaging-21.3-py3-none-any.whl (40 kB)
2022-12-27T11:29:41.2547240Z Collecting pyparsing!=3.0.5,>=2.0.2
2022-12-27T11:29:41.2569780Z   Using cached pyparsing-3.0.9-py3-none-any.whl (98 kB)
2022-12-27T11:29:41.2942260Z Installing collected packages: typing-extensions, pyparsing, packaging, delocate
2022-12-27T11:29:41.4416370Z Successfully installed delocate-0.10.3 packaging-21.3 pyparsing-3.0.9 typing-extensions-4.4.0
2022-12-27T11:29:41.4883740Z ##[endgroup]
2022-12-27T11:29:41.4884560Z                                                               [32mâœ“ [0m0.92s
2022-12-27T11:29:41.4885040Z ##[group]Running before_build...
2022-12-27T11:29:41.4885220Z 
2022-12-27T11:29:41.4892480Z + pip install Cython; if [[ -f requirements.txt ]]; then pip install -r requirements.txt; fi
2022-12-27T11:29:42.2060980Z Collecting Cython
2022-12-27T11:29:42.2108400Z   Using cached Cython-0.29.32-py2.py3-none-any.whl (986 kB)
2022-12-27T11:29:42.2605860Z Installing collected packages: Cython
2022-12-27T11:29:42.7373240Z Successfully installed Cython-0.29.32
2022-12-27T11:29:42.7822360Z ##[endgroup]
2022-12-27T11:29:42.7822960Z                                                               [32mâœ“ [0m1.29s
2022-12-27T11:29:42.7823380Z ##[group]Building wheel...
2022-12-27T11:29:42.7823510Z 
2022-12-27T11:29:42.7828540Z + python -m pip wheel /Users/runner/actions-runner/_work/python.build/python.build/build_lxml21439/lxml-2.1.4 --wheel-dir=/private/var/folders/51/hd414ycd67n82196sw51xqtc0000gn/T/cibw-run-lagup757/cp39-macosx_arm64/built_wheel --no-deps -vvv
2022-12-27T11:29:43.0896600Z Created temporary directory: /private/var/folders/51/hd414ycd67n82196sw51xqtc0000gn/T/pip-ephem-wheel-cache-q2xxgksq
2022-12-27T11:29:43.0900590Z Created temporary directory: /private/var/folders/51/hd414ycd67n82196sw51xqtc0000gn/T/pip-build-tracker-lp_05yrs
2022-12-27T11:29:43.0902220Z Initialized build tracking at /private/var/folders/51/hd414ycd67n82196sw51xqtc0000gn/T/pip-build-tracker-lp_05yrs
2022-12-27T11:29:43.0903700Z Created build tracker: /private/var/folders/51/hd414ycd67n82196sw51xqtc0000gn/T/pip-build-tracker-lp_05yrs
2022-12-27T11:29:43.0905330Z Entered build tracker: /private/var/folders/51/hd414ycd67n82196sw51xqtc0000gn/T/pip-build-tracker-lp_05yrs
2022-12-27T11:29:43.0908880Z Created temporary directory: /private/var/folders/51/hd414ycd67n82196sw51xqtc0000gn/T/pip-wheel-u1mmrlkq
2022-12-27T11:29:43.0915110Z Created temporary directory: /private/var/folders/51/hd414ycd67n82196sw51xqtc0000gn/T/pip-ephem-wheel-cache-f4x1wqps
2022-12-27T11:29:43.1079430Z Processing /Users/runner/actions-runner/_work/python.build/python.build/build_lxml21439/lxml-2.1.4
2022-12-27T11:29:43.1084930Z   Added file:///Users/runner/actions-runner/_work/python.build/python.build/build_lxml21439/lxml-2.1.4 to build tracker '/private/var/folders/51/hd414ycd67n82196sw51xqtc0000gn/T/pip-build-tracker-lp_05yrs'
2022-12-27T11:29:43.1088800Z   Running setup.py (path:/Users/runner/actions-runner/_work/python.build/python.build/build_lxml21439/lxml-2.1.4/setup.py) egg_info for package from file:///Users/runner/actions-runner/_work/python.build/python.build/build_lxml21439/lxml-2.1.4
2022-12-27T11:29:43.1092130Z   Created temporary directory: /private/var/folders/51/hd414ycd67n82196sw51xqtc0000gn/T/pip-pip-egg-info-_lh5gn77
2022-12-27T11:29:43.1093410Z   Preparing metadata (setup.py): started
2022-12-27T11:29:43.1095280Z   Running command python setup.py egg_info
2022-12-27T11:29:43.4886680Z   Building lxml version 2.1.4.
2022-12-27T11:29:43.4887590Z   Building with Cython 0.29.32.
2022-12-27T11:29:43.4889560Z   Using build configuration of libxslt 1.1.29
2022-12-27T11:29:43.4891140Z   Building against libxml2/libxslt in the following directory: /Library/Developer/CommandLineTools/SDKs/MacOSX12.1.sdk/usr/lib
2022-12-27T11:29:43.4892570Z   running egg_info
2022-12-27T11:29:43.4894730Z   creating /private/var/folders/51/hd414ycd67n82196sw51xqtc0000gn/T/pip-pip-egg-info-_lh5gn77/lxml.egg-info
2022-12-27T11:29:43.4897410Z   writing /private/var/folders/51/hd414ycd67n82196sw51xqtc0000gn/T/pip-pip-egg-info-_lh5gn77/lxml.egg-info/PKG-INFO
2022-12-27T11:29:43.4901760Z   writing dependency_links to /private/var/folders/51/hd414ycd67n82196sw51xqtc0000gn/T/pip-pip-egg-info-_lh5gn77/lxml.egg-info/dependency_links.txt
2022-12-27T11:29:43.4905600Z   writing top-level names to /private/var/folders/51/hd414ycd67n82196sw51xqtc0000gn/T/pip-pip-egg-info-_lh5gn77/lxml.egg-info/top_level.txt
2022-12-27T11:29:43.4908450Z   writing manifest file '/private/var/folders/51/hd414ycd67n82196sw51xqtc0000gn/T/pip-pip-egg-info-_lh5gn77/lxml.egg-info/SOURCES.txt'
2022-12-27T11:29:43.4968960Z   reading manifest file '/private/var/folders/51/hd414ycd67n82196sw51xqtc0000gn/T/pip-pip-egg-info-_lh5gn77/lxml.egg-info/SOURCES.txt'
2022-12-27T11:29:43.4970990Z   reading manifest template 'MANIFEST.in'
2022-12-27T11:29:43.5812800Z   adding license file 'LICENSES.txt'
2022-12-27T11:29:43.5875100Z   writing manifest file '/private/var/folders/51/hd414ycd67n82196sw51xqtc0000gn/T/pip-pip-egg-info-_lh5gn77/lxml.egg-info/SOURCES.txt'
2022-12-27T11:29:43.6143430Z   Preparing metadata (setup.py): finished with status 'done'
2022-12-27T11:29:43.6169140Z   Source in /Users/runner/actions-runner/_work/python.build/python.build/build_lxml21439/lxml-2.1.4 has version 2.1.4, which satisfies requirement lxml==2.1.4 from file:///Users/runner/actions-runner/_work/python.build/python.build/build_lxml21439/lxml-2.1.4
2022-12-27T11:29:43.6173400Z   Removed lxml==2.1.4 from file:///Users/runner/actions-runner/_work/python.build/python.build/build_lxml21439/lxml-2.1.4 from build tracker '/private/var/folders/51/hd414ycd67n82196sw51xqtc0000gn/T/pip-build-tracker-lp_05yrs'
2022-12-27T11:29:43.6190580Z Created temporary directory: /private/var/folders/51/hd414ycd67n82196sw51xqtc0000gn/T/pip-unpack-vear4eb6
2022-12-27T11:29:43.6192770Z Building wheels for collected packages: lxml
2022-12-27T11:29:43.6199440Z   Created temporary directory: /private/var/folders/51/hd414ycd67n82196sw51xqtc0000gn/T/pip-wheel-6il4lcfp
2022-12-27T11:29:43.6200600Z   Building wheel for lxml (setup.py): started
2022-12-27T11:29:43.6202990Z   Destination directory: /private/var/folders/51/hd414ycd67n82196sw51xqtc0000gn/T/pip-wheel-6il4lcfp
2022-12-27T11:29:43.6204030Z   Running command python setup.py bdist_wheel
2022-12-27T11:29:43.8679030Z   Building lxml version 2.1.4.
2022-12-27T11:29:43.8680340Z   Building with Cython 0.29.32.
2022-12-27T11:29:43.8814920Z   Using build configuration of libxslt 1.1.29
2022-12-27T11:29:43.9788180Z   Building against libxml2/libxslt in the following directory: /Library/Developer/CommandLineTools/SDKs/MacOSX12.1.sdk/usr/lib
2022-12-27T11:29:44.0024470Z   running bdist_wheel
2022-12-27T11:29:44.0064870Z   running build
2022-12-27T11:29:44.0066840Z   running build_py
2022-12-27T11:29:44.0087710Z   creating build
2022-12-27T11:29:44.0090030Z   creating build/lib.macosx-11.0-arm64-cpython-39
2022-12-27T11:29:44.0092040Z   creating build/lib.macosx-11.0-arm64-cpython-39/lxml
2022-12-27T11:29:44.0094070Z   copying src/lxml/_elementpath.py -> build/lib.macosx-11.0-arm64-cpython-39/lxml
2022-12-27T11:29:44.0095700Z   copying src/lxml/sax.py -> build/lib.macosx-11.0-arm64-cpython-39/lxml
2022-12-27T11:29:44.0097480Z   copying src/lxml/pyclasslookup.py -> build/lib.macosx-11.0-arm64-cpython-39/lxml
2022-12-27T11:29:44.0099290Z   copying src/lxml/__init__.py -> build/lib.macosx-11.0-arm64-cpython-39/lxml
2022-12-27T11:29:44.0102690Z   copying src/lxml/builder.py -> build/lib.macosx-11.0-arm64-cpython-39/lxml
2022-12-27T11:29:44.0105600Z   copying src/lxml/doctestcompare.py -> build/lib.macosx-11.0-arm64-cpython-39/lxml
2022-12-27T11:29:44.0107930Z   copying src/lxml/usedoctest.py -> build/lib.macosx-11.0-arm64-cpython-39/lxml
2022-12-27T11:29:44.0110360Z   copying src/lxml/cssselect.py -> build/lib.macosx-11.0-arm64-cpython-39/lxml
2022-12-27T11:29:44.0113350Z   copying src/lxml/ElementInclude.py -> build/lib.macosx-11.0-arm64-cpython-39/lxml
2022-12-27T11:29:44.0120630Z   creating build/lib.macosx-11.0-arm64-cpython-39/lxml/html
2022-12-27T11:29:44.0122220Z   copying src/lxml/html/soupparser.py -> build/lib.macosx-11.0-arm64-cpython-39/lxml/html
2022-12-27T11:29:44.0125440Z   copying src/lxml/html/defs.py -> build/lib.macosx-11.0-arm64-cpython-39/lxml/html
2022-12-27T11:29:44.0128360Z   copying src/lxml/html/_setmixin.py -> build/lib.macosx-11.0-arm64-cpython-39/lxml/html
2022-12-27T11:29:44.0131100Z   copying src/lxml/html/clean.py -> build/lib.macosx-11.0-arm64-cpython-39/lxml/html
2022-12-27T11:29:44.0133080Z   copying src/lxml/html/_diffcommand.py -> build/lib.macosx-11.0-arm64-cpython-39/lxml/html
2022-12-27T11:29:44.0135710Z   copying src/lxml/html/__init__.py -> build/lib.macosx-11.0-arm64-cpython-39/lxml/html
2022-12-27T11:29:44.0139100Z   copying src/lxml/html/formfill.py -> build/lib.macosx-11.0-arm64-cpython-39/lxml/html
2022-12-27T11:29:44.0141950Z   copying src/lxml/html/builder.py -> build/lib.macosx-11.0-arm64-cpython-39/lxml/html
2022-12-27T11:29:44.0144410Z   copying src/lxml/html/ElementSoup.py -> build/lib.macosx-11.0-arm64-cpython-39/lxml/html
2022-12-27T11:29:44.0147090Z   copying src/lxml/html/usedoctest.py -> build/lib.macosx-11.0-arm64-cpython-39/lxml/html
2022-12-27T11:29:44.0149370Z   copying src/lxml/html/diff.py -> build/lib.macosx-11.0-arm64-cpython-39/lxml/html
2022-12-27T11:29:44.0152630Z   copying src/lxml/html/_dictmixin.py -> build/lib.macosx-11.0-arm64-cpython-39/lxml/html
2022-12-27T11:29:44.0162960Z   running build_ext
2022-12-27T11:29:44.0590990Z   skipping 'src/lxml/lxml.etree.c' Cython extension (up-to-date)
2022-12-27T11:29:44.0593200Z   skipping 'src/lxml/lxml.objectify.c' Cython extension (up-to-date)
2022-12-27T11:29:44.0595560Z   building 'lxml.etree' extension
2022-12-27T11:29:44.0597170Z   creating build/temp.macosx-11.0-arm64-cpython-39
2022-12-27T11:29:44.0599040Z   creating build/temp.macosx-11.0-arm64-cpython-39/src
2022-12-27T11:29:44.0600680Z   creating build/temp.macosx-11.0-arm64-cpython-39/src/lxml
2022-12-27T11:29:44.0603940Z   gcc -Wno-unused-result -Wsign-compare -Wunreachable-code -fno-common -dynamic -DNDEBUG -g -fwrapv -O3 -Wall -g -I/usr/local/opt/openssl@3/include -I/usr/local/opt/openssl@3/include -arch arm64 -I/Library/Developer/CommandLineTools/SDKs/MacOSX12.1.sdk/usr/include -I/private/var/folders/51/hd414ycd67n82196sw51xqtc0000gn/T/cibw-run-lagup757/cp39-macosx_arm64/build/venv/include -I/Library/Frameworks/Python.framework/Versions/3.9/include/python3.9 -c src/lxml/lxml.etree.c -o build/temp.macosx-11.0-arm64-cpython-39/src/lxml/lxml.etree.o -w -flat_namespace
2022-12-27T11:29:44.5636950Z   src/lxml/lxml.etree.c:127355:21: error: no member named 'exc_type' in 'struct _ts'
2022-12-27T11:29:44.5638140Z       *type = tstate->exc_type;
2022-12-27T11:29:44.5640390Z               ~~~~~~  ^
2022-12-27T11:29:44.5643520Z   src/lxml/lxml.etree.c:127356:22: error: no member named 'exc_value' in 'struct _ts'; did you mean 'curexc_value'?
2022-12-27T11:29:44.5645150Z       *value = tstate->exc_value;
2022-12-27T11:29:44.5647490Z                        ^~~~~~~~~
2022-12-27T11:29:44.5650010Z                        curexc_value
2022-12-27T11:29:44.5652570Z   /Library/Frameworks/Python.framework/Versions/3.9/include/python3.9/cpython/pystate.h:78:15: note: 'curexc_value' declared here
2022-12-27T11:29:44.5654640Z       PyObject *curexc_value;
2022-12-27T11:29:44.5657060Z                 ^
2022-12-27T11:29:44.5659810Z   src/lxml/lxml.etree.c:127357:19: error: no member named 'exc_traceback' in 'struct _ts'; did you mean 'curexc_traceback'?
2022-12-27T11:29:44.5661990Z       *tb = tstate->exc_traceback;
2022-12-27T11:29:44.5664130Z                     ^~~~~~~~~~~~~
2022-12-27T11:29:44.5666560Z                     curexc_traceback
2022-12-27T11:29:44.5669170Z   /Library/Frameworks/Python.framework/Versions/3.9/include/python3.9/cpython/pystate.h:79:15: note: 'curexc_traceback' declared here
2022-12-27T11:29:44.5671470Z       PyObject *curexc_traceback;
2022-12-27T11:29:44.5673730Z                 ^
2022-12-27T11:29:44.5676360Z   src/lxml/lxml.etree.c:127366:24: error: no member named 'exc_type' in 'struct _ts'
2022-12-27T11:29:44.5678480Z       tmp_type = tstate->exc_type;
2022-12-27T11:29:44.5680040Z                  ~~~~~~  ^
2022-12-27T11:29:44.5681750Z   src/lxml/lxml.etree.c:127367:25: error: no member named 'exc_value' in 'struct _ts'; did you mean 'curexc_value'?
2022-12-27T11:29:44.5683010Z       tmp_value = tstate->exc_value;
2022-12-27T11:29:44.5684350Z                           ^~~~~~~~~
2022-12-27T11:29:44.5685860Z                           curexc_value
2022-12-27T11:29:44.5687470Z   /Library/Frameworks/Python.framework/Versions/3.9/include/python3.9/cpython/pystate.h:78:15: note: 'curexc_value' declared here
2022-12-27T11:29:44.5688660Z       PyObject *curexc_value;
2022-12-27T11:29:44.5690030Z                 ^
2022-12-27T11:29:44.5691590Z   src/lxml/lxml.etree.c:127368:22: error: no member named 'exc_traceback' in 'struct _ts'; did you mean 'curexc_traceback'?
2022-12-27T11:29:44.5692700Z       tmp_tb = tstate->exc_traceback;
2022-12-27T11:29:44.5693920Z                        ^~~~~~~~~~~~~
2022-12-27T11:29:44.5695430Z                        curexc_traceback
2022-12-27T11:29:44.5697250Z   /Library/Frameworks/Python.framework/Versions/3.9/include/python3.9/cpython/pystate.h:79:15: note: 'curexc_traceback' declared here
2022-12-27T11:29:44.5698380Z       PyObject *curexc_traceback;
2022-12-27T11:29:44.5766480Z                 ^
2022-12-27T11:29:44.5767140Z   src/lxml/lxml.etree.c:127369:13: error: no member named 'exc_type' in 'struct _ts'
2022-12-27T11:29:44.5767700Z       tstate->exc_type = type;
2022-12-27T11:29:44.5768170Z       ~~~~~~  ^
2022-12-27T11:29:44.5769900Z   src/lxml/lxml.etree.c:127370:13: error: no member named 'exc_value' in 'struct _ts'; did you mean 'curexc_value'?
2022-12-27T11:29:44.5770460Z       tstate->exc_value = value;
2022-12-27T11:29:44.5770800Z               ^~~~~~~~~
2022-12-27T11:29:44.5771080Z               curexc_value
2022-12-27T11:29:44.5771760Z   /Library/Frameworks/Python.framework/Versions/3.9/include/python3.9/cpython/pystate.h:78:15: note: 'curexc_value' declared here
2022-12-27T11:29:44.5772380Z       PyObject *curexc_value;
2022-12-27T11:29:44.5772710Z                 ^
2022-12-27T11:29:44.5773380Z   src/lxml/lxml.etree.c:127371:13: error: no member named 'exc_traceback' in 'struct _ts'; did you mean 'curexc_traceback'?
2022-12-27T11:29:44.5773930Z       tstate->exc_traceback = tb;
2022-12-27T11:29:44.5774240Z               ^~~~~~~~~~~~~
2022-12-27T11:29:44.5774590Z               curexc_traceback
2022-12-27T11:29:44.5775150Z   /Library/Frameworks/Python.framework/Versions/3.9/include/python3.9/cpython/pystate.h:79:15: note: 'curexc_traceback' declared here
2022-12-27T11:29:44.5775590Z       PyObject *curexc_traceback;
2022-12-27T11:29:44.5775820Z                 ^
2022-12-27T11:29:44.5776310Z   src/lxml/lxml.etree.c:127448:24: error: no member named 'exc_type' in 'struct _ts'
2022-12-27T11:29:44.5776720Z       tmp_type = tstate->exc_type;
2022-12-27T11:29:44.5776950Z                  ~~~~~~  ^
2022-12-27T11:29:44.5777400Z   src/lxml/lxml.etree.c:127449:25: error: no member named 'exc_value' in 'struct _ts'; did you mean 'curexc_value'?
2022-12-27T11:29:44.5777760Z       tmp_value = tstate->exc_value;
2022-12-27T11:29:44.5777970Z                           ^~~~~~~~~
2022-12-27T11:29:44.5778220Z                           curexc_value
2022-12-27T11:29:44.5778710Z   /Library/Frameworks/Python.framework/Versions/3.9/include/python3.9/cpython/pystate.h:78:15: note: 'curexc_value' declared here
2022-12-27T11:29:44.5779190Z       PyObject *curexc_value;
2022-12-27T11:29:44.5779530Z                 ^
2022-12-27T11:29:44.5780560Z   src/lxml/lxml.etree.c:127450:22: error: no member named 'exc_traceback' in 'struct _ts'; did you mean 'curexc_traceback'?
2022-12-27T11:29:44.5781380Z       tmp_tb = tstate->exc_traceback;
2022-12-27T11:29:44.5782020Z                        ^~~~~~~~~~~~~
2022-12-27T11:29:44.5782280Z                        curexc_traceback
2022-12-27T11:29:44.5783560Z   /Library/Frameworks/Python.framework/Versions/3.9/include/python3.9/cpython/pystate.h:79:15: note: 'curexc_traceback' declared here
2022-12-27T11:29:44.5783970Z       PyObject *curexc_traceback;
2022-12-27T11:29:44.5784250Z                 ^
2022-12-27T11:29:44.5784720Z   src/lxml/lxml.etree.c:127451:13: error: no member named 'exc_type' in 'struct _ts'
2022-12-27T11:29:44.5785110Z       tstate->exc_type = *type;
2022-12-27T11:29:44.5785390Z       ~~~~~~  ^
2022-12-27T11:29:44.5785900Z   src/lxml/lxml.etree.c:127452:13: error: no member named 'exc_value' in 'struct _ts'; did you mean 'curexc_value'?
2022-12-27T11:29:44.5786340Z       tstate->exc_value = *value;
2022-12-27T11:29:44.5786590Z               ^~~~~~~~~
2022-12-27T11:29:44.5786810Z               curexc_value
2022-12-27T11:29:44.5787400Z   /Library/Frameworks/Python.framework/Versions/3.9/include/python3.9/cpython/pystate.h:78:15: note: 'curexc_value' declared here
2022-12-27T11:29:44.5787790Z       PyObject *curexc_value;
2022-12-27T11:29:44.5788090Z                 ^
2022-12-27T11:29:44.5788590Z   src/lxml/lxml.etree.c:127453:13: error: no member named 'exc_traceback' in 'struct _ts'; did you mean 'curexc_traceback'?
2022-12-27T11:29:44.5789020Z       tstate->exc_traceback = *tb;
2022-12-27T11:29:44.5789640Z               ^~~~~~~~~~~~~
2022-12-27T11:29:44.5789920Z               curexc_traceback
2022-12-27T11:29:44.5790520Z   /Library/Frameworks/Python.framework/Versions/3.9/include/python3.9/cpython/pystate.h:79:15: note: 'curexc_traceback' declared here
2022-12-27T11:29:44.5790900Z       PyObject *curexc_traceback;
2022-12-27T11:29:44.5791460Z                 ^
2022-12-27T11:29:44.5791730Z   15 errors generated.
2022-12-27T11:29:44.5792310Z   error: command '/usr/bin/gcc' failed with exit code 1
2022-12-27T11:29:44.6113150Z   error: subprocess-exited-with-error
2022-12-27T11:29:44.6113560Z   
2022-12-27T11:29:44.6114280Z   Ã— python setup.py bdist_wheel did not run successfully.
2022-12-27T11:29:44.6114730Z   â”‚ exit code: 1
2022-12-27T11:29:44.6115020Z   â•°â”€> See above for output.
2022-12-27T11:29:44.6115240Z   
2022-12-27T11:29:44.6115510Z   note: This error originates from a subprocess, and is likely not a problem with pip.
2022-12-27T11:29:44.6124920Z   full command: /private/var/folders/51/hd414ycd67n82196sw51xqtc0000gn/T/cibw-run-lagup757/cp39-macosx_arm64/build/venv/bin/python -u -c '
2022-12-27T11:29:44.6125520Z   exec(compile('"'"''"'"''"'"'
2022-12-27T11:29:44.6126030Z   # This is <pip-setuptools-caller> -- a caller that pip uses to run setup.py
2022-12-27T11:29:44.6126410Z   #
2022-12-27T11:29:44.6126860Z   # - It imports setuptools before invoking setup.py, to enable projects that directly
2022-12-27T11:29:44.6127340Z   #   import from `distutils.core` to work with newer packaging standards.
2022-12-27T11:29:44.6127860Z   # - It provides a clear error message when setuptools is not installed.
2022-12-27T11:29:44.6128370Z   # - It sets `sys.argv[0]` to the underlying `setup.py`, when invoking `setup.py` so
2022-12-27T11:29:44.6128910Z   #   setuptools doesn'"'"'t think the script is `-c`. This avoids the following warning:
2022-12-27T11:29:44.6129430Z   #     manifest_maker: standard file '"'"'-c'"'"' not found".
2022-12-27T11:29:44.6129920Z   # - It generates a shim setup.py, for handling setup.cfg-only projects.
2022-12-27T11:29:44.6130200Z   import os, sys, tokenize
2022-12-27T11:29:44.6130480Z   
2022-12-27T11:29:44.6130680Z   try:
2022-12-27T11:29:44.6130840Z       import setuptools
2022-12-27T11:29:44.6131070Z   except ImportError as error:
2022-12-27T11:29:44.6131270Z       print(
2022-12-27T11:29:44.6131500Z           "ERROR: Can not execute `setup.py` since setuptools is not available in "
2022-12-27T11:29:44.6131770Z           "the build environment.",
2022-12-27T11:29:44.6131960Z           file=sys.stderr,
2022-12-27T11:29:44.6132130Z       )
2022-12-27T11:29:44.6132310Z       sys.exit(1)
2022-12-27T11:29:44.6132770Z   
2022-12-27T11:29:44.6132920Z   __file__ = %r
2022-12-27T11:29:44.6133080Z   sys.argv[0] = __file__
2022-12-27T11:29:44.6133240Z   
2022-12-27T11:29:44.6133380Z   if os.path.exists(__file__):
2022-12-27T11:29:44.6133570Z       filename = __file__
2022-12-27T11:29:44.6133790Z       with tokenize.open(__file__) as f:
2022-12-27T11:29:44.6133980Z           setup_py_code = f.read()
2022-12-27T11:29:44.6134170Z   else:
2022-12-27T11:29:44.6134470Z       filename = "<auto-generated setuptools caller>"
2022-12-27T11:29:44.6134710Z       setup_py_code = "from setuptools import setup; setup()"
2022-12-27T11:29:44.6134870Z   
2022-12-27T11:29:44.6135050Z   exec(compile(setup_py_code, filename, "exec"))
2022-12-27T11:29:44.6135590Z   '"'"''"'"''"'"' % ('"'"'/Users/runner/actions-runner/_work/python.build/python.build/build_lxml21439/lxml-2.1.4/setup.py'"'"',), "<pip-setuptools-caller>", "exec"))' bdist_wheel -d /private/var/folders/51/hd414ycd67n82196sw51xqtc0000gn/T/pip-wheel-6il4lcfp
2022-12-27T11:29:44.6136190Z   cwd: /Users/runner/actions-runner/_work/python.build/python.build/build_lxml21439/lxml-2.1.4/
2022-12-27T11:29:44.6136400Z   ERROR: Failed building wheel for lxml
2022-12-27T11:29:44.6136610Z   Running command python setup.py clean
2022-12-27T11:29:44.6136910Z   Building wheel for lxml (setup.py): finished with status 'error'
2022-12-27T11:29:44.6137110Z   Running setup.py clean for lxml
2022-12-27T11:29:44.8587790Z   Building lxml version 2.1.4.
2022-12-27T11:29:44.8589400Z   Building with Cython 0.29.32.
2022-12-27T11:29:44.8715530Z   Using build configuration of libxslt 1.1.29
2022-12-27T11:29:44.9783840Z   Building against libxml2/libxslt in the following directory: /Library/Developer/CommandLineTools/SDKs/MacOSX12.1.sdk/usr/lib
2022-12-27T11:29:44.9932290Z   running clean
2022-12-27T11:29:44.9965900Z   removing 'build/temp.macosx-11.0-arm64-cpython-39' (and everything under it)
2022-12-27T11:29:44.9970350Z   removing 'build/lib.macosx-11.0-arm64-cpython-39' (and everything under it)
2022-12-27T11:29:44.9992880Z   'build/bdist.macosx-11.0-arm64' does not exist -- can't clean it
2022-12-27T11:29:44.9995130Z   'build/scripts-3.9' does not exist -- can't clean it
2022-12-27T11:29:44.9996650Z   removing 'build'
2022-12-27T11:29:45.0308590Z Failed to build lxml
2022-12-27T11:29:45.0312750Z ERROR: Failed to build one or more wheels
2022-12-27T11:29:45.0323510Z Exception information:
2022-12-27T11:29:45.0323760Z Traceback (most recent call last):
2022-12-27T11:29:45.0331770Z   File "/private/var/folders/51/hd414ycd67n82196sw51xqtc0000gn/T/cibw-run-lagup757/cp39-macosx_arm64/build/venv/lib/python3.9/site-packages/pip/_internal/cli/base_command.py", line 160, in exc_logging_wrapper
2022-12-27T11:29:45.0332250Z     status = run_func(*args)
2022-12-27T11:29:45.0333020Z   File "/private/var/folders/51/hd414ycd67n82196sw51xqtc0000gn/T/cibw-run-lagup757/cp39-macosx_arm64/build/venv/lib/python3.9/site-packages/pip/_internal/cli/req_command.py", line 247, in wrapper
2022-12-27T11:29:45.0333440Z     return func(self, options, args)
2022-12-27T11:29:45.0334090Z   File "/private/var/folders/51/hd414ycd67n82196sw51xqtc0000gn/T/cibw-run-lagup757/cp39-macosx_arm64/build/venv/lib/python3.9/site-packages/pip/_internal/commands/wheel.py", line 201, in run
2022-12-27T11:29:45.0334570Z     raise CommandError("Failed to build one or more wheels")
2022-12-27T11:29:45.0334900Z pip._internal.exceptions.CommandError: Failed to build one or more wheels
2022-12-27T11:29:45.0335330Z Removed build tracker: '/private/var/folders/51/hd414ycd67n82196sw51xqtc0000gn/T/pip-build-tracker-lp_05yrs'
2022-12-27T11:29:45.0766710Z ##[endgroup]
2022-12-27T11:29:45.0793210Z ##[error]Command ['python', '-m', 'pip', 'wheel', '/Users/runner/actions-runner/_work/python.build/python.build/build_lxml21439/lxml-2.1.4', '--wheel-dir=/private/var/folders/51/hd414ycd67n82196sw51xqtc0000gn/T/cibw-run-lagup757/cp39-macosx_arm64/built_wheel', '--no-deps', '-vvv'] failed with code 1. None
2022-12-27T11:29:45.0799870Z 
2022-12-27T11:29:45.0800260Z                                                               [31mâœ• [0m2.29s
2022-12-27T11:29:45.1218550Z ##[error]Process completed with exit code 1.
2022-12-27T11:29:45.1252020Z ##[group]Run rm -rf build_lxml21439 wheelsout
2022-12-27T11:29:45.1252200Z [36;1mrm -rf build_lxml21439 wheelsout[0m
2022-12-27T11:29:45.1266770Z shell: /bin/bash -e {0}
2022-12-27T11:29:45.1266900Z env:
2022-12-27T11:29:45.1267040Z   pythonLocation: /Users/runner/hostedtoolcache/Python/3.9.16/x64
2022-12-27T11:29:45.1267230Z   PKG_CONFIG_PATH: /Users/runner/hostedtoolcache/Python/3.9.16/x64/lib/pkgconfig
2022-12-27T11:29:45.1267410Z   Python_ROOT_DIR: /Users/runner/hostedtoolcache/Python/3.9.16/x64
2022-12-27T11:29:45.1267570Z   Python2_ROOT_DIR: /Users/runner/hostedtoolcache/Python/3.9.16/x64
2022-12-27T11:29:45.1267730Z   Python3_ROOT_DIR: /Users/runner/hostedtoolcache/Python/3.9.16/x64
2022-12-27T11:29:45.1267860Z ##[endgroup]
2022-12-27T11:29:45.1783700Z Cleaning up orphan processes
