2022-12-27T01:57:07.3701875Z Requested labels: self-hosted, macOS, X64
2022-12-27T01:57:07.3701938Z Job defined at: kilnbuild/python.build/.github/workflows/mac_arm_build.yml@refs/heads/main
2022-12-27T01:57:07.3701962Z Waiting for a runner to pick up this job...
2022-12-27T02:53:11.5190918Z Job is about to start running on the runner: k2 (organization)
2022-12-27T02:53:14.7198340Z Current runner version: '2.300.2'
2022-12-27T02:53:14.7206920Z Runner name: 'k2'
2022-12-27T02:53:14.7207420Z Runner group name: 'Default'
2022-12-27T02:53:14.7208290Z Machine name: 'k2'
2022-12-27T02:53:14.7211140Z ##[group]GITHUB_TOKEN Permissions
2022-12-27T02:53:14.7211920Z Actions: write
2022-12-27T02:53:14.7212200Z Checks: write
2022-12-27T02:53:14.7212460Z Contents: write
2022-12-27T02:53:14.7212720Z Deployments: write
2022-12-27T02:53:14.7213000Z Discussions: write
2022-12-27T02:53:14.7213260Z Issues: write
2022-12-27T02:53:14.7213510Z Metadata: read
2022-12-27T02:53:14.7213770Z Packages: write
2022-12-27T02:53:14.7214040Z Pages: write
2022-12-27T02:53:14.7214310Z PullRequests: write
2022-12-27T02:53:14.7214610Z RepositoryProjects: write
2022-12-27T02:53:14.7214910Z SecurityEvents: write
2022-12-27T02:53:14.7215190Z Statuses: write
2022-12-27T02:53:14.7215450Z ##[endgroup]
2022-12-27T02:53:14.7220050Z Secret source: Actions
2022-12-27T02:53:14.7220630Z Prepare workflow directory
2022-12-27T02:53:14.8387170Z Prepare all required actions
2022-12-27T02:53:14.8623880Z Getting action download info
2022-12-27T02:53:15.2984980Z Download action repository 'actions/setup-python@v4' (SHA:5ccb29d8773c3f3f653e1705f474dfaa8a06a912)
2022-12-27T02:53:17.1747790Z Download action repository 'actions/upload-artifact@v3' (SHA:83fd05a356d7e2593de66fc9913b3002723633cb)
2022-12-27T02:53:19.1873920Z ##[group]Run echo '{
2022-12-27T02:53:19.1874590Z [36;1mecho '{[0m
2022-12-27T02:53:19.1875010Z [36;1m  "environment_variables": "GRPC_PYTHON_BUILD_WITH_CYTHON=1 GRPC_BUILD_WITH_BORING_SSL_ASM='' GRPC_PYTHON_BUILD_SYSTEM_OPENSSL=TRUE",[0m
2022-12-27T02:53:19.1875440Z [36;1m  "package_name": "grpcio",[0m
2022-12-27T02:53:19.1875970Z [36;1m  "package_url": "https://files.pythonhosted.org/packages/cf/55/4ca745906236b81ec2b6d16739acffcac99a2f1abf095a4e039929b3f9c6/grpcio-0.4.0a13.tar.gz",[0m
2022-12-27T02:53:19.1876370Z [36;1m  "package_version": "0.4.0a13",[0m
2022-12-27T02:53:19.1876710Z [36;1m  "python_version": "3.9",[0m
2022-12-27T02:53:19.1877010Z [36;1m  "use_ccache": "true"[0m
2022-12-27T02:53:19.1877220Z [36;1m}'[0m
2022-12-27T02:53:19.1905410Z shell: /bin/bash -e {0}
2022-12-27T02:53:19.1905640Z ##[endgroup]
2022-12-27T02:53:19.2294360Z {
2022-12-27T02:53:19.2297750Z   "environment_variables": "GRPC_PYTHON_BUILD_WITH_CYTHON=1 GRPC_BUILD_WITH_BORING_SSL_ASM= GRPC_PYTHON_BUILD_SYSTEM_OPENSSL=TRUE",
2022-12-27T02:53:19.2298340Z   "package_name": "grpcio",
2022-12-27T02:53:19.2299450Z   "package_url": "https://files.pythonhosted.org/packages/cf/55/4ca745906236b81ec2b6d16739acffcac99a2f1abf095a4e039929b3f9c6/grpcio-0.4.0a13.tar.gz",
2022-12-27T02:53:19.2300010Z   "package_version": "0.4.0a13",
2022-12-27T02:53:19.2300430Z   "python_version": "3.9",
2022-12-27T02:53:19.2300700Z   "use_ccache": "true"
2022-12-27T02:53:19.2300990Z }
2022-12-27T02:53:19.2685510Z ##[group]Run actions/setup-python@v4
2022-12-27T02:53:19.2685960Z with:
2022-12-27T02:53:19.2686260Z   python-version: 3.9
2022-12-27T02:53:19.2686620Z   check-latest: false
2022-12-27T02:53:19.2687240Z   token: ***
2022-12-27T02:53:19.2687530Z   update-environment: true
2022-12-27T02:53:19.2687820Z ##[endgroup]
2022-12-27T02:53:19.4982790Z ##[group]Installed versions
2022-12-27T02:53:19.5132710Z Successfully set up CPython (3.9.16)
2022-12-27T02:53:19.5133930Z ##[endgroup]
2022-12-27T02:53:19.5390940Z ##[group]Run if [ "true" == "true" ]
2022-12-27T02:53:19.5391370Z [36;1mif [ "true" == "true" ][0m
2022-12-27T02:53:19.5391790Z [36;1mthen[0m
2022-12-27T02:53:19.5392200Z [36;1m  echo "CCACHE_PATH_PREPEND=/usr/local/opt/ccache/libexec" >> $GITHUB_OUTPUT[0m
2022-12-27T02:53:19.5392570Z [36;1melse[0m
2022-12-27T02:53:19.5392860Z [36;1m  echo "CCACHE_PATH_PREPEND=" >> $GITHUB_OUTPUT[0m
2022-12-27T02:53:19.5393240Z [36;1mfi[0m
2022-12-27T02:53:19.5424470Z shell: /bin/bash -e {0}
2022-12-27T02:53:19.5424810Z env:
2022-12-27T02:53:19.5425250Z   pythonLocation: /Users/runner/hostedtoolcache/Python/3.9.16/x64
2022-12-27T02:53:19.5425940Z   PKG_CONFIG_PATH: /Users/runner/hostedtoolcache/Python/3.9.16/x64/lib/pkgconfig
2022-12-27T02:53:19.5427270Z   Python_ROOT_DIR: /Users/runner/hostedtoolcache/Python/3.9.16/x64
2022-12-27T02:53:19.5427700Z   Python2_ROOT_DIR: /Users/runner/hostedtoolcache/Python/3.9.16/x64
2022-12-27T02:53:19.5428280Z   Python3_ROOT_DIR: /Users/runner/hostedtoolcache/Python/3.9.16/x64
2022-12-27T02:53:19.5428860Z ##[endgroup]
2022-12-27T02:53:19.5644080Z ##[group]Run echo "BUILD_NAME=$(echo grpcio_0.4.0a13_3.9 | tr -dc '[:alnum:]\n\r' | tr '[:upper:]' '[:lower:]')" >> $GITHUB_OUTPUT
2022-12-27T02:53:19.5644870Z [36;1mecho "BUILD_NAME=$(echo grpcio_0.4.0a13_3.9 | tr -dc '[:alnum:]\n\r' | tr '[:upper:]' '[:lower:]')" >> $GITHUB_OUTPUT[0m
2022-12-27T02:53:19.5677070Z shell: /bin/bash -e {0}
2022-12-27T02:53:19.5677370Z env:
2022-12-27T02:53:19.5677780Z   pythonLocation: /Users/runner/hostedtoolcache/Python/3.9.16/x64
2022-12-27T02:53:19.5678280Z   PKG_CONFIG_PATH: /Users/runner/hostedtoolcache/Python/3.9.16/x64/lib/pkgconfig
2022-12-27T02:53:19.5678690Z   Python_ROOT_DIR: /Users/runner/hostedtoolcache/Python/3.9.16/x64
2022-12-27T02:53:19.5679410Z   Python2_ROOT_DIR: /Users/runner/hostedtoolcache/Python/3.9.16/x64
2022-12-27T02:53:19.5679890Z   Python3_ROOT_DIR: /Users/runner/hostedtoolcache/Python/3.9.16/x64
2022-12-27T02:53:19.5680210Z ##[endgroup]
2022-12-27T02:53:19.5977640Z ##[group]Run echo "PYTHON_NO_DOTS=$(echo 3.9 | tr -dc '[:alnum:]\n\r' | tr '[:upper:]' '[:lower:]')" >> $GITHUB_OUTPUT
2022-12-27T02:53:19.5978380Z [36;1mecho "PYTHON_NO_DOTS=$(echo 3.9 | tr -dc '[:alnum:]\n\r' | tr '[:upper:]' '[:lower:]')" >> $GITHUB_OUTPUT[0m
2022-12-27T02:53:19.6006760Z shell: /bin/bash -e {0}
2022-12-27T02:53:19.6007020Z env:
2022-12-27T02:53:19.6007370Z   pythonLocation: /Users/runner/hostedtoolcache/Python/3.9.16/x64
2022-12-27T02:53:19.6007820Z   PKG_CONFIG_PATH: /Users/runner/hostedtoolcache/Python/3.9.16/x64/lib/pkgconfig
2022-12-27T02:53:19.6008320Z   Python_ROOT_DIR: /Users/runner/hostedtoolcache/Python/3.9.16/x64
2022-12-27T02:53:19.6008770Z   Python2_ROOT_DIR: /Users/runner/hostedtoolcache/Python/3.9.16/x64
2022-12-27T02:53:19.6009240Z   Python3_ROOT_DIR: /Users/runner/hostedtoolcache/Python/3.9.16/x64
2022-12-27T02:53:19.6009530Z ##[endgroup]
2022-12-27T02:53:19.6240220Z ##[group]Run rm -rf build_grpcio040a1339
2022-12-27T02:53:19.6240780Z [36;1mrm -rf build_grpcio040a1339[0m
2022-12-27T02:53:19.6241080Z [36;1mmkdir build_grpcio040a1339[0m
2022-12-27T02:53:19.6241440Z [36;1mcd build_grpcio040a1339[0m
2022-12-27T02:53:19.6242030Z [36;1m/usr/local/bin/wget --quiet https://files.pythonhosted.org/packages/cf/55/4ca745906236b81ec2b6d16739acffcac99a2f1abf095a4e039929b3f9c6/grpcio-0.4.0a13.tar.gz[0m
2022-12-27T02:53:19.6242410Z [36;1mtar xf *.tar.gz[0m
2022-12-27T02:53:19.6242690Z [36;1mcd grpcio-*/[0m
2022-12-27T02:53:19.6243030Z [36;1mpython -m pip install cibuildwheel==2.11.3[0m
2022-12-27T02:53:19.6243460Z [36;1mpython -m cibuildwheel --output-dir ../wheelsout[0m
2022-12-27T02:53:19.6269940Z shell: /bin/bash -e {0}
2022-12-27T02:53:19.6270320Z env:
2022-12-27T02:53:19.6270670Z   pythonLocation: /Users/runner/hostedtoolcache/Python/3.9.16/x64
2022-12-27T02:53:19.6271260Z   PKG_CONFIG_PATH: /Users/runner/hostedtoolcache/Python/3.9.16/x64/lib/pkgconfig
2022-12-27T02:53:19.6272560Z   Python_ROOT_DIR: /Users/runner/hostedtoolcache/Python/3.9.16/x64
2022-12-27T02:53:19.6272950Z   Python2_ROOT_DIR: /Users/runner/hostedtoolcache/Python/3.9.16/x64
2022-12-27T02:53:19.6273360Z   Python3_ROOT_DIR: /Users/runner/hostedtoolcache/Python/3.9.16/x64
2022-12-27T02:53:19.6273760Z   CIBW_ARCHS_MACOS: arm64
2022-12-27T02:53:19.6274000Z   CIBW_TEST_SKIP: *_arm64
2022-12-27T02:53:19.6274280Z   CIBW_BUILD: cp39-macosx_arm64
2022-12-27T02:53:19.6274570Z   CIBW_BUILD_FRONTEND: pip
2022-12-27T02:53:19.6274880Z   CIBW_BUILD_VERBOSITY: 3
2022-12-27T02:53:19.6275580Z   CIBW_ENVIRONMENT_MACOS: GRPC_PYTHON_BUILD_WITH_CYTHON=1 GRPC_BUILD_WITH_BORING_SSL_ASM='' GRPC_PYTHON_BUILD_SYSTEM_OPENSSL=TRUE CFLAGS="-I/usr/local/opt/openssl@3/include" LDFLAGS="-L/usr/local/opt/openssl@3/lib" CPPFLAGS="-I/usr/local/opt/openssl@3/include" MAKEFLAGS="-j$(sysctl -n hw.logicalcpu)" PATH=/usr/local/opt/ccache/libexec:$PATH
2022-12-27T02:53:19.6276980Z   CIBW_BEFORE_BUILD: pip install Cython; if [[ -f requirements.txt ]]; then pip install -r requirements.txt; fi
2022-12-27T02:53:19.6277450Z   MAKEFLAGS: -j$(sysctl -n hw.logicalcpu)
2022-12-27T02:53:19.6277740Z ##[endgroup]
2022-12-27T02:53:20.2287890Z Requirement already satisfied: cibuildwheel==2.11.3 in /Users/runner/hostedtoolcache/Python/3.9.16/x64/lib/python3.9/site-packages (2.11.3)
2022-12-27T02:53:20.2804310Z Requirement already satisfied: packaging>=20.9 in /Users/runner/hostedtoolcache/Python/3.9.16/x64/lib/python3.9/site-packages (from cibuildwheel==2.11.3) (22.0)
2022-12-27T02:53:20.2810350Z Requirement already satisfied: bracex in /Users/runner/hostedtoolcache/Python/3.9.16/x64/lib/python3.9/site-packages (from cibuildwheel==2.11.3) (2.3.post1)
2022-12-27T02:53:20.2816970Z Requirement already satisfied: filelock in /Users/runner/hostedtoolcache/Python/3.9.16/x64/lib/python3.9/site-packages (from cibuildwheel==2.11.3) (3.8.2)
2022-12-27T02:53:20.2826630Z Requirement already satisfied: bashlex!=0.13 in /Users/runner/hostedtoolcache/Python/3.9.16/x64/lib/python3.9/site-packages (from cibuildwheel==2.11.3) (0.16)
2022-12-27T02:53:20.2839480Z Requirement already satisfied: tomli in /Users/runner/hostedtoolcache/Python/3.9.16/x64/lib/python3.9/site-packages (from cibuildwheel==2.11.3) (2.0.1)
2022-12-27T02:53:20.2855330Z Requirement already satisfied: typing-extensions>=4.1.0 in /Users/runner/hostedtoolcache/Python/3.9.16/x64/lib/python3.9/site-packages (from cibuildwheel==2.11.3) (4.4.0)
2022-12-27T02:53:20.2861250Z Requirement already satisfied: certifi in /Users/runner/hostedtoolcache/Python/3.9.16/x64/lib/python3.9/site-packages (from cibuildwheel==2.11.3) (2022.12.7)
2022-12-27T02:53:20.2866830Z Requirement already satisfied: platformdirs in /Users/runner/hostedtoolcache/Python/3.9.16/x64/lib/python3.9/site-packages (from cibuildwheel==2.11.3) (2.6.0)
2022-12-27T02:53:20.6166000Z 
2022-12-27T02:53:20.6166360Z      _ _       _ _   _       _           _
2022-12-27T02:53:20.6167590Z  ___|_| |_ _ _|_| |_| |_ _ _| |_ ___ ___| |
2022-12-27T02:53:20.6169460Z |  _| | . | | | | | . | | | |   | -_| -_| |
2022-12-27T02:53:20.6169920Z |___|_|___|___|_|_|___|_____|_|_|___|___|_|
2022-12-27T02:53:20.6170060Z 
2022-12-27T02:53:20.6170220Z cibuildwheel version 2.11.3
2022-12-27T02:53:20.6170420Z 
2022-12-27T02:53:20.6170670Z Build options:
2022-12-27T02:53:20.6170990Z   platform: macos
2022-12-27T02:53:20.6263360Z   architectures: arm64[0m
2022-12-27T02:53:20.6263980Z   build_selector: 
2022-12-27T02:53:20.6264590Z     build_config: cp39-macosx_arm64
2022-12-27T02:53:20.6265710Z     skip_config: 
2022-12-27T02:53:20.6266440Z     requires_python: None
2022-12-27T02:53:20.6266980Z     prerelease_pythons: False[0m
2022-12-27T02:53:20.6267540Z   [38;5;244mcontainer_engine: docker[0m
2022-12-27T02:53:20.6268310Z   output_dir: /Users/runner/actions-runner/_work/python.build/python.build/build_grpcio040a1339/wheelsout[0m
2022-12-27T02:53:20.6269290Z   package_dir: /Users/runner/actions-runner/_work/python.build/python.build/build_grpcio040a1339/grpcio-0.4.0a13[0m
2022-12-27T02:53:20.6269760Z   test_selector: 
2022-12-27T02:53:20.6270190Z     skip_config: *_arm64[0m
2022-12-27T02:53:20.6270660Z   [38;5;244mbefore_all: [0m
2022-12-27T02:53:20.6271440Z   before_build: pip install Cython; if [[ -f requirements.txt ]]; then pip install -r requirements.txt; fi[0m
2022-12-27T02:53:20.6272050Z   [38;5;244mbefore_test: [0m
2022-12-27T02:53:20.6272480Z   [38;5;244mbuild_frontend: pip[0m
2022-12-27T02:53:20.6272960Z   build_verbosity: 3[0m
2022-12-27T02:53:20.6273390Z   [38;5;244mconfig_settings: [0m
2022-12-27T02:53:20.6273940Z   [38;5;244mdependency_constraints: pinned[0m
2022-12-27T02:53:20.6274310Z   environment: 
2022-12-27T02:53:20.6274660Z     GRPC_PYTHON_BUILD_WITH_CYTHON=1
2022-12-27T02:53:20.6275060Z     GRPC_BUILD_WITH_BORING_SSL_ASM=''
2022-12-27T02:53:20.6276070Z     GRPC_PYTHON_BUILD_SYSTEM_OPENSSL=TRUE
2022-12-27T02:53:20.6276920Z     CFLAGS="-I/usr/local/opt/openssl@3/include"
2022-12-27T02:53:20.6277420Z     LDFLAGS="-L/usr/local/opt/openssl@3/lib"
2022-12-27T02:53:20.6277960Z     CPPFLAGS="-I/usr/local/opt/openssl@3/include"
2022-12-27T02:53:20.6278490Z     MAKEFLAGS="-j$(sysctl -n hw.logicalcpu)"
2022-12-27T02:53:20.6278950Z     PATH=/usr/local/opt/ccache/libexec:$PATH[0m
2022-12-27T02:53:20.6279590Z   [38;5;244mmanylinux_images: None[0m
2022-12-27T02:53:20.6280090Z   [38;5;244mmusllinux_images: None[0m
2022-12-27T02:53:20.6280730Z   [38;5;244mrepair_command: delocate-wheel --require-archs {delocate_archs} -w {dest_dir} -v {wheel}[0m
2022-12-27T02:53:20.6281250Z   [38;5;244mtest_command: [0m
2022-12-27T02:53:20.6281800Z   [38;5;244mtest_extras: [0m
2022-12-27T02:53:20.6282250Z   [38;5;244mtest_requires: [0m
2022-12-27T02:53:20.6282400Z 
2022-12-27T02:53:20.6282610Z Cache folder: /Users/runner/Library/Caches/cibuildwheel
2022-12-27T02:53:20.6304310Z 
2022-12-27T02:53:20.6305220Z Here we go!
2022-12-27T02:53:20.6305570Z 
2022-12-27T02:53:20.6439060Z 
2022-12-27T02:53:20.6440170Z [1m[34mBuilding cp39-macosx_arm64 wheel[0m
2022-12-27T02:53:20.6440880Z CPython 3.9 macOS arm64 - Apple Silicon
2022-12-27T02:53:20.6441100Z 
2022-12-27T02:53:20.6447580Z ##[group]Installing Python cp39...
2022-12-27T02:53:20.6447790Z 
2022-12-27T02:53:20.6448250Z + pkgutil --pkgs
2022-12-27T02:53:20.6646140Z ##[endgroup]
2022-12-27T02:53:20.6648010Z                                                               [32m✓ [0m0.02s
2022-12-27T02:53:20.6648820Z ##[group]Setting up build environment...
2022-12-27T02:53:20.6649080Z 
2022-12-27T02:53:20.6682520Z + /Users/runner/hostedtoolcache/Python/3.9.16/x64/bin/python -sS /Users/runner/Library/Caches/cibuildwheel/virtualenv-20.17.0.pyz --activators= --no-periodic-update --pip=22.3.1 --setuptools=65.6.3 --wheel=0.38.4 --symlink-app-data --python /Library/Frameworks/Python.framework/Versions/3.9/bin/python3 /private/var/folders/51/hd414ycd67n82196sw51xqtc0000gn/T/cibw-run-v7fc9u3z/cp39-macosx_arm64/build/venv
2022-12-27T02:53:21.0059600Z created virtual environment CPython3.9.13.final.0-64 in 86ms
2022-12-27T02:53:21.0061060Z   creator CPython3Posix(dest=/private/var/folders/51/hd414ycd67n82196sw51xqtc0000gn/T/cibw-run-v7fc9u3z/cp39-macosx_arm64/build/venv, clear=False, no_vcs_ignore=False, global=False)
2022-12-27T02:53:21.0061870Z   seeder FromAppData(download=False, pip=22.3.1, setuptools=65.6.3, wheel=0.38.4, via=symlink, app_data_dir=/Users/runner/Library/Application Support/virtualenv)
2022-12-27T02:53:21.0062430Z     added seed packages: pip==22.3.1, setuptools==65.6.3, wheel==0.38.4
2022-12-27T02:53:21.0306570Z + python -m pip install --upgrade pip -c /Users/runner/hostedtoolcache/Python/3.9.16/x64/lib/python3.9/site-packages/cibuildwheel/resources/constraints-python39.txt
2022-12-27T02:53:21.6193510Z Requirement already satisfied: pip in ./lib/python3.9/site-packages (22.3.1)
2022-12-27T02:53:21.9365960Z + which pip
2022-12-27T02:53:21.9402060Z /private/var/folders/51/hd414ycd67n82196sw51xqtc0000gn/T/cibw-run-v7fc9u3z/cp39-macosx_arm64/build/venv/bin/pip
2022-12-27T02:53:21.9406400Z + pip --version
2022-12-27T02:53:22.3782780Z pip 22.3.1 from /private/var/folders/51/hd414ycd67n82196sw51xqtc0000gn/T/cibw-run-v7fc9u3z/cp39-macosx_arm64/build/venv/lib/python3.9/site-packages/pip (python 3.9)
2022-12-27T02:53:22.4390710Z + which pip
2022-12-27T02:53:22.4440230Z + which python
2022-12-27T02:53:22.4478250Z /private/var/folders/51/hd414ycd67n82196sw51xqtc0000gn/T/cibw-run-v7fc9u3z/cp39-macosx_arm64/build/venv/bin/python
2022-12-27T02:53:22.4483530Z + python --version
2022-12-27T02:53:22.4579450Z Python 3.9.13
2022-12-27T02:53:22.4586700Z + which python
2022-12-27T02:53:22.4691600Z ##[endgroup]
2022-12-27T02:53:22.4692760Z                                                               [32m✓ [0m1.80s
2022-12-27T02:53:22.4693390Z ##[group]Installing build tools...
2022-12-27T02:53:22.4693610Z 
2022-12-27T02:53:22.4694250Z + pip install --upgrade setuptools wheel delocate -c /Users/runner/hostedtoolcache/Python/3.9.16/x64/lib/python3.9/site-packages/cibuildwheel/resources/constraints-python39.txt
2022-12-27T02:53:23.0563840Z Requirement already satisfied: setuptools in /private/var/folders/51/hd414ycd67n82196sw51xqtc0000gn/T/cibw-run-v7fc9u3z/cp39-macosx_arm64/build/venv/lib/python3.9/site-packages (65.6.3)
2022-12-27T02:53:23.5615520Z Requirement already satisfied: wheel in /private/var/folders/51/hd414ycd67n82196sw51xqtc0000gn/T/cibw-run-v7fc9u3z/cp39-macosx_arm64/build/venv/lib/python3.9/site-packages (0.38.4)
2022-12-27T02:53:23.6565450Z Collecting delocate
2022-12-27T02:53:23.6619500Z   Using cached delocate-0.10.3-py3-none-any.whl (142 kB)
2022-12-27T02:53:23.7262530Z Collecting packaging>=20.9
2022-12-27T02:53:23.7310830Z   Using cached packaging-21.3-py3-none-any.whl (40 kB)
2022-12-27T02:53:23.7694890Z Collecting typing-extensions
2022-12-27T02:53:23.7744530Z   Using cached typing_extensions-4.4.0-py3-none-any.whl (26 kB)
2022-12-27T02:53:23.8544480Z Collecting pyparsing!=3.0.5,>=2.0.2
2022-12-27T02:53:23.8595200Z   Using cached pyparsing-3.0.9-py3-none-any.whl (98 kB)
2022-12-27T02:53:23.9414250Z Installing collected packages: typing-extensions, pyparsing, packaging, delocate
2022-12-27T02:53:24.2338230Z Successfully installed delocate-0.10.3 packaging-21.3 pyparsing-3.0.9 typing-extensions-4.4.0
2022-12-27T02:53:24.3512250Z ##[endgroup]
2022-12-27T02:53:24.3513240Z                                                               [32m✓ [0m1.88s
2022-12-27T02:53:24.3513900Z ##[group]Running before_build...
2022-12-27T02:53:24.3514130Z 
2022-12-27T02:53:24.3524100Z + pip install Cython; if [[ -f requirements.txt ]]; then pip install -r requirements.txt; fi
2022-12-27T02:53:25.7789930Z Collecting Cython
2022-12-27T02:53:25.7873180Z   Using cached Cython-0.29.32-py2.py3-none-any.whl (986 kB)
2022-12-27T02:53:25.8714100Z Installing collected packages: Cython
2022-12-27T02:53:26.8498440Z Successfully installed Cython-0.29.32
2022-12-27T02:53:26.9750770Z ##[endgroup]
2022-12-27T02:53:26.9751880Z                                                               [32m✓ [0m2.62s
2022-12-27T02:53:26.9753380Z ##[group]Building wheel...
2022-12-27T02:53:26.9753660Z 
2022-12-27T02:53:26.9759560Z + python -m pip wheel /Users/runner/actions-runner/_work/python.build/python.build/build_grpcio040a1339/grpcio-0.4.0a13 --wheel-dir=/private/var/folders/51/hd414ycd67n82196sw51xqtc0000gn/T/cibw-run-v7fc9u3z/cp39-macosx_arm64/built_wheel --no-deps -vvv
2022-12-27T02:53:27.5240350Z Created temporary directory: /private/var/folders/51/hd414ycd67n82196sw51xqtc0000gn/T/pip-ephem-wheel-cache-c7rtp9u3
2022-12-27T02:53:27.5249960Z Created temporary directory: /private/var/folders/51/hd414ycd67n82196sw51xqtc0000gn/T/pip-build-tracker-tvpfik8p
2022-12-27T02:53:27.5253700Z Initialized build tracking at /private/var/folders/51/hd414ycd67n82196sw51xqtc0000gn/T/pip-build-tracker-tvpfik8p
2022-12-27T02:53:27.5257840Z Created build tracker: /private/var/folders/51/hd414ycd67n82196sw51xqtc0000gn/T/pip-build-tracker-tvpfik8p
2022-12-27T02:53:27.5259730Z Entered build tracker: /private/var/folders/51/hd414ycd67n82196sw51xqtc0000gn/T/pip-build-tracker-tvpfik8p
2022-12-27T02:53:27.5266700Z Created temporary directory: /private/var/folders/51/hd414ycd67n82196sw51xqtc0000gn/T/pip-wheel-l3p6c6sw
2022-12-27T02:53:27.5280440Z Created temporary directory: /private/var/folders/51/hd414ycd67n82196sw51xqtc0000gn/T/pip-ephem-wheel-cache-4oztlvhb
2022-12-27T02:53:27.5634120Z Processing /Users/runner/actions-runner/_work/python.build/python.build/build_grpcio040a1339/grpcio-0.4.0a13
2022-12-27T02:53:27.5645600Z   Added file:///Users/runner/actions-runner/_work/python.build/python.build/build_grpcio040a1339/grpcio-0.4.0a13 to build tracker '/private/var/folders/51/hd414ycd67n82196sw51xqtc0000gn/T/pip-build-tracker-tvpfik8p'
2022-12-27T02:53:27.5654390Z   Running setup.py (path:/Users/runner/actions-runner/_work/python.build/python.build/build_grpcio040a1339/grpcio-0.4.0a13/setup.py) egg_info for package from file:///Users/runner/actions-runner/_work/python.build/python.build/build_grpcio040a1339/grpcio-0.4.0a13
2022-12-27T02:53:27.5661290Z   Created temporary directory: /private/var/folders/51/hd414ycd67n82196sw51xqtc0000gn/T/pip-pip-egg-info-o37vh5lc
2022-12-27T02:53:27.5664640Z   Preparing metadata (setup.py): started
2022-12-27T02:53:27.5668270Z   Running command python setup.py egg_info
2022-12-27T02:53:27.9085620Z   running egg_info
2022-12-27T02:53:27.9089760Z   creating /private/var/folders/51/hd414ycd67n82196sw51xqtc0000gn/T/pip-pip-egg-info-o37vh5lc/grpcio.egg-info
2022-12-27T02:53:27.9105080Z   writing /private/var/folders/51/hd414ycd67n82196sw51xqtc0000gn/T/pip-pip-egg-info-o37vh5lc/grpcio.egg-info/PKG-INFO
2022-12-27T02:53:27.9112270Z   writing dependency_links to /private/var/folders/51/hd414ycd67n82196sw51xqtc0000gn/T/pip-pip-egg-info-o37vh5lc/grpcio.egg-info/dependency_links.txt
2022-12-27T02:53:27.9120320Z   writing requirements to /private/var/folders/51/hd414ycd67n82196sw51xqtc0000gn/T/pip-pip-egg-info-o37vh5lc/grpcio.egg-info/requires.txt
2022-12-27T02:53:27.9123820Z   writing top-level names to /private/var/folders/51/hd414ycd67n82196sw51xqtc0000gn/T/pip-pip-egg-info-o37vh5lc/grpcio.egg-info/top_level.txt
2022-12-27T02:53:27.9126930Z   writing manifest file '/private/var/folders/51/hd414ycd67n82196sw51xqtc0000gn/T/pip-pip-egg-info-o37vh5lc/grpcio.egg-info/SOURCES.txt'
2022-12-27T02:53:28.0980570Z   reading manifest file '/private/var/folders/51/hd414ycd67n82196sw51xqtc0000gn/T/pip-pip-egg-info-o37vh5lc/grpcio.egg-info/SOURCES.txt'
2022-12-27T02:53:28.0982910Z   reading manifest template 'MANIFEST.in'
2022-12-27T02:53:28.1056400Z   writing manifest file '/private/var/folders/51/hd414ycd67n82196sw51xqtc0000gn/T/pip-pip-egg-info-o37vh5lc/grpcio.egg-info/SOURCES.txt'
2022-12-27T02:53:28.1565030Z   Preparing metadata (setup.py): finished with status 'done'
2022-12-27T02:53:28.1611030Z   Source in /Users/runner/actions-runner/_work/python.build/python.build/build_grpcio040a1339/grpcio-0.4.0a13 has version 0.4.0a13, which satisfies requirement grpcio==0.4.0a13 from file:///Users/runner/actions-runner/_work/python.build/python.build/build_grpcio040a1339/grpcio-0.4.0a13
2022-12-27T02:53:28.1618360Z   Removed grpcio==0.4.0a13 from file:///Users/runner/actions-runner/_work/python.build/python.build/build_grpcio040a1339/grpcio-0.4.0a13 from build tracker '/private/var/folders/51/hd414ycd67n82196sw51xqtc0000gn/T/pip-build-tracker-tvpfik8p'
2022-12-27T02:53:28.1651700Z Created temporary directory: /private/var/folders/51/hd414ycd67n82196sw51xqtc0000gn/T/pip-unpack-m1yixvc5
2022-12-27T02:53:28.1655420Z Building wheels for collected packages: grpcio
2022-12-27T02:53:28.1666350Z   Created temporary directory: /private/var/folders/51/hd414ycd67n82196sw51xqtc0000gn/T/pip-wheel-jmqf3h64
2022-12-27T02:53:28.1669940Z   Building wheel for grpcio (setup.py): started
2022-12-27T02:53:28.1673510Z   Destination directory: /private/var/folders/51/hd414ycd67n82196sw51xqtc0000gn/T/pip-wheel-jmqf3h64
2022-12-27T02:53:28.1676370Z   Running command python setup.py bdist_wheel
2022-12-27T02:53:28.5215360Z   running bdist_wheel
2022-12-27T02:53:28.7090270Z   running build
2022-12-27T02:53:28.7092720Z   running build_py
2022-12-27T02:53:28.7132010Z   creating build
2022-12-27T02:53:28.7135250Z   creating build/lib.macosx-11.0-arm64-cpython-39
2022-12-27T02:53:28.7138890Z   creating build/lib.macosx-11.0-arm64-cpython-39/grpc
2022-12-27T02:53:28.7141740Z   copying grpc/__init__.py -> build/lib.macosx-11.0-arm64-cpython-39/grpc
2022-12-27T02:53:28.7153680Z   creating build/lib.macosx-11.0-arm64-cpython-39/grpc/_adapter
2022-12-27T02:53:28.7157190Z   copying grpc/_adapter/fore.py -> build/lib.macosx-11.0-arm64-cpython-39/grpc/_adapter
2022-12-27T02:53:28.7160900Z   copying grpc/_adapter/_event_invocation_synchronous_event_service_test.py -> build/lib.macosx-11.0-arm64-cpython-39/grpc/_adapter
2022-12-27T02:53:28.7168430Z   copying grpc/_adapter/_lonely_rear_link_test.py -> build/lib.macosx-11.0-arm64-cpython-39/grpc/_adapter
2022-12-27T02:53:28.7172900Z   copying grpc/_adapter/_face_test_case.py -> build/lib.macosx-11.0-arm64-cpython-39/grpc/_adapter
2022-12-27T02:53:28.7176740Z   copying grpc/_adapter/_future_invocation_asynchronous_event_service_test.py -> build/lib.macosx-11.0-arm64-cpython-39/grpc/_adapter
2022-12-27T02:53:28.7180220Z   copying grpc/_adapter/_common.py -> build/lib.macosx-11.0-arm64-cpython-39/grpc/_adapter
2022-12-27T02:53:28.7183670Z   copying grpc/_adapter/__init__.py -> build/lib.macosx-11.0-arm64-cpython-39/grpc/_adapter
2022-12-27T02:53:28.7187100Z   copying grpc/_adapter/_low.py -> build/lib.macosx-11.0-arm64-cpython-39/grpc/_adapter
2022-12-27T02:53:28.7190600Z   copying grpc/_adapter/_blocking_invocation_inline_service_test.py -> build/lib.macosx-11.0-arm64-cpython-39/grpc/_adapter
2022-12-27T02:53:28.7196130Z   copying grpc/_adapter/_test_links.py -> build/lib.macosx-11.0-arm64-cpython-39/grpc/_adapter
2022-12-27T02:53:28.7200240Z   copying grpc/_adapter/rear.py -> build/lib.macosx-11.0-arm64-cpython-39/grpc/_adapter
2022-12-27T02:53:28.7203860Z   copying grpc/_adapter/_proto_scenarios.py -> build/lib.macosx-11.0-arm64-cpython-39/grpc/_adapter
2022-12-27T02:53:28.7209260Z   copying grpc/_adapter/_low_test.py -> build/lib.macosx-11.0-arm64-cpython-39/grpc/_adapter
2022-12-27T02:53:28.7213670Z   copying grpc/_adapter/_datatypes.py -> build/lib.macosx-11.0-arm64-cpython-39/grpc/_adapter
2022-12-27T02:53:28.7218360Z   copying grpc/_adapter/_links_test.py -> build/lib.macosx-11.0-arm64-cpython-39/grpc/_adapter
2022-12-27T02:53:28.7222590Z   copying grpc/_adapter/_c_test.py -> build/lib.macosx-11.0-arm64-cpython-39/grpc/_adapter
2022-12-27T02:53:28.7231950Z   creating build/lib.macosx-11.0-arm64-cpython-39/grpc/_junkdrawer
2022-12-27T02:53:28.7235460Z   copying grpc/_junkdrawer/stock_pb2.py -> build/lib.macosx-11.0-arm64-cpython-39/grpc/_junkdrawer
2022-12-27T02:53:28.7238730Z   copying grpc/_junkdrawer/__init__.py -> build/lib.macosx-11.0-arm64-cpython-39/grpc/_junkdrawer
2022-12-27T02:53:28.7242890Z   copying grpc/_junkdrawer/math_pb2.py -> build/lib.macosx-11.0-arm64-cpython-39/grpc/_junkdrawer
2022-12-27T02:53:28.7252520Z   creating build/lib.macosx-11.0-arm64-cpython-39/grpc/early_adopter
2022-12-27T02:53:28.7256160Z   copying grpc/early_adopter/__init__.py -> build/lib.macosx-11.0-arm64-cpython-39/grpc/early_adopter
2022-12-27T02:53:28.7261890Z   copying grpc/early_adopter/implementations_test.py -> build/lib.macosx-11.0-arm64-cpython-39/grpc/early_adopter
2022-12-27T02:53:28.7264940Z   copying grpc/early_adopter/implementations.py -> build/lib.macosx-11.0-arm64-cpython-39/grpc/early_adopter
2022-12-27T02:53:28.7273410Z   creating build/lib.macosx-11.0-arm64-cpython-39/grpc/framework
2022-12-27T02:53:28.7276960Z   copying grpc/framework/__init__.py -> build/lib.macosx-11.0-arm64-cpython-39/grpc/framework
2022-12-27T02:53:28.7286690Z   creating build/lib.macosx-11.0-arm64-cpython-39/grpc/framework/alpha
2022-12-27T02:53:28.7289200Z   copying grpc/framework/alpha/interfaces.py -> build/lib.macosx-11.0-arm64-cpython-39/grpc/framework/alpha
2022-12-27T02:53:28.7293580Z   copying grpc/framework/alpha/_face_utilities.py -> build/lib.macosx-11.0-arm64-cpython-39/grpc/framework/alpha
2022-12-27T02:53:28.7298390Z   copying grpc/framework/alpha/__init__.py -> build/lib.macosx-11.0-arm64-cpython-39/grpc/framework/alpha
2022-12-27T02:53:28.7303740Z   copying grpc/framework/alpha/exceptions.py -> build/lib.macosx-11.0-arm64-cpython-39/grpc/framework/alpha
2022-12-27T02:53:28.7306840Z   copying grpc/framework/alpha/_reexport.py -> build/lib.macosx-11.0-arm64-cpython-39/grpc/framework/alpha
2022-12-27T02:53:28.7312420Z   copying grpc/framework/alpha/utilities.py -> build/lib.macosx-11.0-arm64-cpython-39/grpc/framework/alpha
2022-12-27T02:53:28.7330820Z   creating build/lib.macosx-11.0-arm64-cpython-39/grpc/framework/base
2022-12-27T02:53:28.7334180Z   copying grpc/framework/base/interfaces.py -> build/lib.macosx-11.0-arm64-cpython-39/grpc/framework/base
2022-12-27T02:53:28.7337920Z   copying grpc/framework/base/_constants.py -> build/lib.macosx-11.0-arm64-cpython-39/grpc/framework/base
2022-12-27T02:53:28.7342750Z   copying grpc/framework/base/_expiration.py -> build/lib.macosx-11.0-arm64-cpython-39/grpc/framework/base
2022-12-27T02:53:28.7346870Z   copying grpc/framework/base/_transmission.py -> build/lib.macosx-11.0-arm64-cpython-39/grpc/framework/base
2022-12-27T02:53:28.7352000Z   copying grpc/framework/base/_reception.py -> build/lib.macosx-11.0-arm64-cpython-39/grpc/framework/base
2022-12-27T02:53:28.7356280Z   copying grpc/framework/base/_ingestion.py -> build/lib.macosx-11.0-arm64-cpython-39/grpc/framework/base
2022-12-27T02:53:28.7362120Z   copying grpc/framework/base/util.py -> build/lib.macosx-11.0-arm64-cpython-39/grpc/framework/base
2022-12-27T02:53:28.7367040Z   copying grpc/framework/base/_termination.py -> build/lib.macosx-11.0-arm64-cpython-39/grpc/framework/base
2022-12-27T02:53:28.7371270Z   copying grpc/framework/base/null.py -> build/lib.macosx-11.0-arm64-cpython-39/grpc/framework/base
2022-12-27T02:53:28.7376920Z   copying grpc/framework/base/__init__.py -> build/lib.macosx-11.0-arm64-cpython-39/grpc/framework/base
2022-12-27T02:53:28.7380810Z   copying grpc/framework/base/_interfaces.py -> build/lib.macosx-11.0-arm64-cpython-39/grpc/framework/base
2022-12-27T02:53:28.7385850Z   copying grpc/framework/base/_context.py -> build/lib.macosx-11.0-arm64-cpython-39/grpc/framework/base
2022-12-27T02:53:28.7389440Z   copying grpc/framework/base/implementations_test.py -> build/lib.macosx-11.0-arm64-cpython-39/grpc/framework/base
2022-12-27T02:53:28.7394880Z   copying grpc/framework/base/interfaces_test_case.py -> build/lib.macosx-11.0-arm64-cpython-39/grpc/framework/base
2022-12-27T02:53:28.7399920Z   copying grpc/framework/base/exceptions.py -> build/lib.macosx-11.0-arm64-cpython-39/grpc/framework/base
2022-12-27T02:53:28.7404420Z   copying grpc/framework/base/_ends.py -> build/lib.macosx-11.0-arm64-cpython-39/grpc/framework/base
2022-12-27T02:53:28.7410240Z   copying grpc/framework/base/_emission.py -> build/lib.macosx-11.0-arm64-cpython-39/grpc/framework/base
2022-12-27T02:53:28.7414510Z   copying grpc/framework/base/implementations.py -> build/lib.macosx-11.0-arm64-cpython-39/grpc/framework/base
2022-12-27T02:53:28.7420070Z   copying grpc/framework/base/in_memory.py -> build/lib.macosx-11.0-arm64-cpython-39/grpc/framework/base
2022-12-27T02:53:28.7423790Z   copying grpc/framework/base/_cancellation.py -> build/lib.macosx-11.0-arm64-cpython-39/grpc/framework/base
2022-12-27T02:53:28.7434490Z   creating build/lib.macosx-11.0-arm64-cpython-39/grpc/framework/common
2022-12-27T02:53:28.7437730Z   copying grpc/framework/common/style.py -> build/lib.macosx-11.0-arm64-cpython-39/grpc/framework/common
2022-12-27T02:53:28.7440520Z   copying grpc/framework/common/cardinality.py -> build/lib.macosx-11.0-arm64-cpython-39/grpc/framework/common
2022-12-27T02:53:28.7445950Z   copying grpc/framework/common/__init__.py -> build/lib.macosx-11.0-arm64-cpython-39/grpc/framework/common
2022-12-27T02:53:28.7460370Z   creating build/lib.macosx-11.0-arm64-cpython-39/grpc/framework/face
2022-12-27T02:53:28.7463570Z   copying grpc/framework/face/_service.py -> build/lib.macosx-11.0-arm64-cpython-39/grpc/framework/face
2022-12-27T02:53:28.7466920Z   copying grpc/framework/face/interfaces.py -> build/lib.macosx-11.0-arm64-cpython-39/grpc/framework/face
2022-12-27T02:53:28.7472700Z   copying grpc/framework/face/_control.py -> build/lib.macosx-11.0-arm64-cpython-39/grpc/framework/face
2022-12-27T02:53:28.7478010Z   copying grpc/framework/face/blocking_invocation_inline_service_test.py -> build/lib.macosx-11.0-arm64-cpython-39/grpc/framework/face
2022-12-27T02:53:28.7482220Z   copying grpc/framework/face/__init__.py -> build/lib.macosx-11.0-arm64-cpython-39/grpc/framework/face
2022-12-27T02:53:28.7487450Z   copying grpc/framework/face/demonstration.py -> build/lib.macosx-11.0-arm64-cpython-39/grpc/framework/face
2022-12-27T02:53:28.7491700Z   copying grpc/framework/face/_calls.py -> build/lib.macosx-11.0-arm64-cpython-39/grpc/framework/face
2022-12-27T02:53:28.7497020Z   copying grpc/framework/face/exceptions.py -> build/lib.macosx-11.0-arm64-cpython-39/grpc/framework/face
2022-12-27T02:53:28.7501590Z   copying grpc/framework/face/utilities.py -> build/lib.macosx-11.0-arm64-cpython-39/grpc/framework/face
2022-12-27T02:53:28.7505500Z   copying grpc/framework/face/event_invocation_synchronous_event_service_test.py -> build/lib.macosx-11.0-arm64-cpython-39/grpc/framework/face
2022-12-27T02:53:28.7510710Z   copying grpc/framework/face/_test_case.py -> build/lib.macosx-11.0-arm64-cpython-39/grpc/framework/face
2022-12-27T02:53:28.7514460Z   copying grpc/framework/face/implementations.py -> build/lib.macosx-11.0-arm64-cpython-39/grpc/framework/face
2022-12-27T02:53:28.7520060Z   copying grpc/framework/face/future_invocation_asynchronous_event_service_test.py -> build/lib.macosx-11.0-arm64-cpython-39/grpc/framework/face
2022-12-27T02:53:28.7641470Z   creating build/lib.macosx-11.0-arm64-cpython-39/grpc/framework/face/testing
2022-12-27T02:53:28.7642690Z   copying grpc/framework/face/testing/callback.py -> build/lib.macosx-11.0-arm64-cpython-39/grpc/framework/face/testing
2022-12-27T02:53:28.7644080Z   copying grpc/framework/face/testing/digest.py -> build/lib.macosx-11.0-arm64-cpython-39/grpc/framework/face/testing
2022-12-27T02:53:28.7644820Z   copying grpc/framework/face/testing/interfaces.py -> build/lib.macosx-11.0-arm64-cpython-39/grpc/framework/face/testing
2022-12-27T02:53:28.7645780Z   copying grpc/framework/face/testing/stock_service.py -> build/lib.macosx-11.0-arm64-cpython-39/grpc/framework/face/testing
2022-12-27T02:53:28.7646920Z   copying grpc/framework/face/testing/service.py -> build/lib.macosx-11.0-arm64-cpython-39/grpc/framework/face/testing
2022-12-27T02:53:28.7647770Z   copying grpc/framework/face/testing/blocking_invocation_inline_service_test_case.py -> build/lib.macosx-11.0-arm64-cpython-39/grpc/framework/face/testing
2022-12-27T02:53:28.7648740Z   copying grpc/framework/face/testing/base_util.py -> build/lib.macosx-11.0-arm64-cpython-39/grpc/framework/face/testing
2022-12-27T02:53:28.7649470Z   copying grpc/framework/face/testing/control.py -> build/lib.macosx-11.0-arm64-cpython-39/grpc/framework/face/testing
2022-12-27T02:53:28.7650630Z   copying grpc/framework/face/testing/__init__.py -> build/lib.macosx-11.0-arm64-cpython-39/grpc/framework/face/testing
2022-12-27T02:53:28.7651390Z   copying grpc/framework/face/testing/coverage.py -> build/lib.macosx-11.0-arm64-cpython-39/grpc/framework/face/testing
2022-12-27T02:53:28.7652450Z   copying grpc/framework/face/testing/event_invocation_synchronous_event_service_test_case.py -> build/lib.macosx-11.0-arm64-cpython-39/grpc/framework/face/testing
2022-12-27T02:53:28.7653320Z   copying grpc/framework/face/testing/test_case.py -> build/lib.macosx-11.0-arm64-cpython-39/grpc/framework/face/testing
2022-12-27T02:53:28.7654030Z   copying grpc/framework/face/testing/serial.py -> build/lib.macosx-11.0-arm64-cpython-39/grpc/framework/face/testing
2022-12-27T02:53:28.7655020Z   copying grpc/framework/face/testing/future_invocation_asynchronous_event_service_test_case.py -> build/lib.macosx-11.0-arm64-cpython-39/grpc/framework/face/testing
2022-12-27T02:53:28.7655780Z   creating build/lib.macosx-11.0-arm64-cpython-39/grpc/framework/foundation
2022-12-27T02:53:28.7656570Z   copying grpc/framework/foundation/callable_util.py -> build/lib.macosx-11.0-arm64-cpython-39/grpc/framework/foundation
2022-12-27T02:53:28.7657480Z   copying grpc/framework/foundation/abandonment.py -> build/lib.macosx-11.0-arm64-cpython-39/grpc/framework/foundation
2022-12-27T02:53:28.7658360Z   copying grpc/framework/foundation/stream_testing.py -> build/lib.macosx-11.0-arm64-cpython-39/grpc/framework/foundation
2022-12-27T02:53:28.7659170Z   copying grpc/framework/foundation/__init__.py -> build/lib.macosx-11.0-arm64-cpython-39/grpc/framework/foundation
2022-12-27T02:53:28.7660010Z   copying grpc/framework/foundation/stream.py -> build/lib.macosx-11.0-arm64-cpython-39/grpc/framework/foundation
2022-12-27T02:53:28.7660880Z   copying grpc/framework/foundation/activated.py -> build/lib.macosx-11.0-arm64-cpython-39/grpc/framework/foundation
2022-12-27T02:53:28.7662320Z   copying grpc/framework/foundation/later.py -> build/lib.macosx-11.0-arm64-cpython-39/grpc/framework/foundation
2022-12-27T02:53:28.7663330Z   copying grpc/framework/foundation/_later_test.py -> build/lib.macosx-11.0-arm64-cpython-39/grpc/framework/foundation
2022-12-27T02:53:28.7664860Z   copying grpc/framework/foundation/_logging_pool_test.py -> build/lib.macosx-11.0-arm64-cpython-39/grpc/framework/foundation
2022-12-27T02:53:28.7671900Z   copying grpc/framework/foundation/stream_util.py -> build/lib.macosx-11.0-arm64-cpython-39/grpc/framework/foundation
2022-12-27T02:53:28.7675550Z   copying grpc/framework/foundation/future.py -> build/lib.macosx-11.0-arm64-cpython-39/grpc/framework/foundation
2022-12-27T02:53:28.7680710Z   copying grpc/framework/foundation/_timer_future.py -> build/lib.macosx-11.0-arm64-cpython-39/grpc/framework/foundation
2022-12-27T02:53:28.7686770Z   copying grpc/framework/foundation/logging_pool.py -> build/lib.macosx-11.0-arm64-cpython-39/grpc/framework/foundation
2022-12-27T02:53:28.7776540Z   running build_ext
2022-12-27T02:53:28.8321320Z   building 'grpc._adapter._c' extension
2022-12-27T02:53:28.8324680Z   creating build/temp.macosx-11.0-arm64-cpython-39
2022-12-27T02:53:28.8328870Z   creating build/temp.macosx-11.0-arm64-cpython-39/grpc
2022-12-27T02:53:28.8331600Z   creating build/temp.macosx-11.0-arm64-cpython-39/grpc/_adapter
2022-12-27T02:53:28.8336430Z   gcc -Wno-unused-result -Wsign-compare -Wunreachable-code -fno-common -dynamic -DNDEBUG -g -fwrapv -O3 -Wall -g -I/usr/local/opt/openssl@3/include -I/usr/local/opt/openssl@3/include -arch arm64 -I. -I/private/var/folders/51/hd414ycd67n82196sw51xqtc0000gn/T/cibw-run-v7fc9u3z/cp39-macosx_arm64/build/venv/include -I/Library/Frameworks/Python.framework/Versions/3.9/include/python3.9 -c grpc/_adapter/_c.c -o build/temp.macosx-11.0-arm64-cpython-39/grpc/_adapter/_c.o
2022-12-27T02:53:28.9664530Z   grpc/_adapter/_c.c:35:10: fatal error: 'grpc/grpc.h' file not found
2022-12-27T02:53:28.9667030Z   #include <grpc/grpc.h>
2022-12-27T02:53:28.9670400Z            ^~~~~~~~~~~~~
2022-12-27T02:53:28.9674780Z   1 error generated.
2022-12-27T02:53:28.9711270Z   error: command '/usr/bin/gcc' failed with exit code 1
2022-12-27T02:53:29.0477370Z   error: subprocess-exited-with-error
2022-12-27T02:53:29.0477930Z   
2022-12-27T02:53:29.0478890Z   × python setup.py bdist_wheel did not run successfully.
2022-12-27T02:53:29.0479290Z   │ exit code: 1
2022-12-27T02:53:29.0479700Z   ╰─> See above for output.
2022-12-27T02:53:29.0480010Z   
2022-12-27T02:53:29.0480370Z   note: This error originates from a subprocess, and is likely not a problem with pip.
2022-12-27T02:53:29.0497080Z   full command: /private/var/folders/51/hd414ycd67n82196sw51xqtc0000gn/T/cibw-run-v7fc9u3z/cp39-macosx_arm64/build/venv/bin/python -u -c '
2022-12-27T02:53:29.0497760Z   exec(compile('"'"''"'"''"'"'
2022-12-27T02:53:29.0498260Z   # This is <pip-setuptools-caller> -- a caller that pip uses to run setup.py
2022-12-27T02:53:29.0498910Z   #
2022-12-27T02:53:29.0499670Z   # - It imports setuptools before invoking setup.py, to enable projects that directly
2022-12-27T02:53:29.0500180Z   #   import from `distutils.core` to work with newer packaging standards.
2022-12-27T02:53:29.0500710Z   # - It provides a clear error message when setuptools is not installed.
2022-12-27T02:53:29.0501420Z   # - It sets `sys.argv[0]` to the underlying `setup.py`, when invoking `setup.py` so
2022-12-27T02:53:29.0502040Z   #   setuptools doesn'"'"'t think the script is `-c`. This avoids the following warning:
2022-12-27T02:53:29.0502580Z   #     manifest_maker: standard file '"'"'-c'"'"' not found".
2022-12-27T02:53:29.0503110Z   # - It generates a shim setup.py, for handling setup.cfg-only projects.
2022-12-27T02:53:29.0503510Z   import os, sys, tokenize
2022-12-27T02:53:29.0503820Z   
2022-12-27T02:53:29.0504040Z   try:
2022-12-27T02:53:29.0504320Z       import setuptools
2022-12-27T02:53:29.0505360Z   except ImportError as error:
2022-12-27T02:53:29.0505640Z       print(
2022-12-27T02:53:29.0506050Z           "ERROR: Can not execute `setup.py` since setuptools is not available in "
2022-12-27T02:53:29.0506410Z           "the build environment.",
2022-12-27T02:53:29.0506630Z           file=sys.stderr,
2022-12-27T02:53:29.0506900Z       )
2022-12-27T02:53:29.0507140Z       sys.exit(1)
2022-12-27T02:53:29.0507320Z   
2022-12-27T02:53:29.0507590Z   __file__ = %r
2022-12-27T02:53:29.0507910Z   sys.argv[0] = __file__
2022-12-27T02:53:29.0508160Z   
2022-12-27T02:53:29.0508490Z   if os.path.exists(__file__):
2022-12-27T02:53:29.0508840Z       filename = __file__
2022-12-27T02:53:29.0509150Z       with tokenize.open(__file__) as f:
2022-12-27T02:53:29.0509520Z           setup_py_code = f.read()
2022-12-27T02:53:29.0509840Z   else:
2022-12-27T02:53:29.0510330Z       filename = "<auto-generated setuptools caller>"
2022-12-27T02:53:29.0510710Z       setup_py_code = "from setuptools import setup; setup()"
2022-12-27T02:53:29.0511080Z   
2022-12-27T02:53:29.0511410Z   exec(compile(setup_py_code, filename, "exec"))
2022-12-27T02:53:29.0512260Z   '"'"''"'"''"'"' % ('"'"'/Users/runner/actions-runner/_work/python.build/python.build/build_grpcio040a1339/grpcio-0.4.0a13/setup.py'"'"',), "<pip-setuptools-caller>", "exec"))' bdist_wheel -d /private/var/folders/51/hd414ycd67n82196sw51xqtc0000gn/T/pip-wheel-jmqf3h64
2022-12-27T02:53:29.0513260Z   cwd: /Users/runner/actions-runner/_work/python.build/python.build/build_grpcio040a1339/grpcio-0.4.0a13/
2022-12-27T02:53:29.0513920Z   Building wheel for grpcio (setup.py): finished with status 'error'
2022-12-27T02:53:29.0514360Z   ERROR: Failed building wheel for grpcio
2022-12-27T02:53:29.0516360Z   Running setup.py clean for grpcio
2022-12-27T02:53:29.0519560Z   Running command python setup.py clean
2022-12-27T02:53:29.3894820Z   running clean
2022-12-27T02:53:29.3932610Z   removing 'build/temp.macosx-11.0-arm64-cpython-39' (and everything under it)
2022-12-27T02:53:29.3938410Z   removing 'build/lib.macosx-11.0-arm64-cpython-39' (and everything under it)
2022-12-27T02:53:29.4121370Z   'build/bdist.macosx-11.0-arm64' does not exist -- can't clean it
2022-12-27T02:53:29.4124490Z   'build/scripts-3.9' does not exist -- can't clean it
2022-12-27T02:53:29.4126930Z   removing 'build'
2022-12-27T02:53:29.4575270Z Failed to build grpcio
2022-12-27T02:53:29.4582580Z ERROR: Failed to build one or more wheels
2022-12-27T02:53:29.4600670Z Exception information:
2022-12-27T02:53:29.4601250Z Traceback (most recent call last):
2022-12-27T02:53:29.4613520Z   File "/private/var/folders/51/hd414ycd67n82196sw51xqtc0000gn/T/cibw-run-v7fc9u3z/cp39-macosx_arm64/build/venv/lib/python3.9/site-packages/pip/_internal/cli/base_command.py", line 160, in exc_logging_wrapper
2022-12-27T02:53:29.4614180Z     status = run_func(*args)
2022-12-27T02:53:29.4615150Z   File "/private/var/folders/51/hd414ycd67n82196sw51xqtc0000gn/T/cibw-run-v7fc9u3z/cp39-macosx_arm64/build/venv/lib/python3.9/site-packages/pip/_internal/cli/req_command.py", line 247, in wrapper
2022-12-27T02:53:29.4615740Z     return func(self, options, args)
2022-12-27T02:53:29.4616670Z   File "/private/var/folders/51/hd414ycd67n82196sw51xqtc0000gn/T/cibw-run-v7fc9u3z/cp39-macosx_arm64/build/venv/lib/python3.9/site-packages/pip/_internal/commands/wheel.py", line 201, in run
2022-12-27T02:53:29.4617290Z     raise CommandError("Failed to build one or more wheels")
2022-12-27T02:53:29.4617750Z pip._internal.exceptions.CommandError: Failed to build one or more wheels
2022-12-27T02:53:29.4618500Z Removed build tracker: '/private/var/folders/51/hd414ycd67n82196sw51xqtc0000gn/T/pip-build-tracker-tvpfik8p'
2022-12-27T02:53:29.5568330Z ##[error]Command ['python', '-m', 'pip', 'wheel', '/Users/runner/actions-runner/_work/python.build/python.build/build_grpcio040a1339/grpcio-0.4.0a13', '--wheel-dir=/private/var/folders/51/hd414ycd67n82196sw51xqtc0000gn/T/cibw-run-v7fc9u3z/cp39-macosx_arm64/built_wheel', '--no-deps', '-vvv'] failed with code 1. None
2022-12-27T02:53:29.5577810Z 
2022-12-27T02:53:29.5578370Z ##[endgroup]
2022-12-27T02:53:29.5579080Z                                                               [31m✕ [0m2.58s
2022-12-27T02:53:29.6423990Z ##[error]Process completed with exit code 1.
2022-12-27T02:53:29.6481420Z ##[group]Run rm -rf build_grpcio040a1339 wheelsout
2022-12-27T02:53:29.6481730Z [36;1mrm -rf build_grpcio040a1339 wheelsout[0m
2022-12-27T02:53:29.6511870Z shell: /bin/bash -e {0}
2022-12-27T02:53:29.6512080Z env:
2022-12-27T02:53:29.6512320Z   pythonLocation: /Users/runner/hostedtoolcache/Python/3.9.16/x64
2022-12-27T02:53:29.6512680Z   PKG_CONFIG_PATH: /Users/runner/hostedtoolcache/Python/3.9.16/x64/lib/pkgconfig
2022-12-27T02:53:29.6513020Z   Python_ROOT_DIR: /Users/runner/hostedtoolcache/Python/3.9.16/x64
2022-12-27T02:53:29.6513350Z   Python2_ROOT_DIR: /Users/runner/hostedtoolcache/Python/3.9.16/x64
2022-12-27T02:53:29.6513660Z   Python3_ROOT_DIR: /Users/runner/hostedtoolcache/Python/3.9.16/x64
2022-12-27T02:53:29.6513900Z ##[endgroup]
2022-12-27T02:53:29.7028360Z Cleaning up orphan processes
