2022-12-27T01:57:07.8594188Z Requested labels: self-hosted, macOS, X64
2022-12-27T01:57:07.8594266Z Job defined at: kilnbuild/python.build/.github/workflows/mac_arm_build.yml@refs/heads/main
2022-12-27T01:57:07.8594298Z Waiting for a runner to pick up this job...
2022-12-27T02:53:38.0127078Z Job is about to start running on the runner: k2 (organization)
2022-12-27T02:53:45.8016080Z Current runner version: '2.300.2'
2022-12-27T02:53:45.8025270Z Runner name: 'k2'
2022-12-27T02:53:45.8025770Z Runner group name: 'Default'
2022-12-27T02:53:45.8026580Z Machine name: 'k2'
2022-12-27T02:53:45.8029160Z ##[group]GITHUB_TOKEN Permissions
2022-12-27T02:53:45.8029950Z Actions: write
2022-12-27T02:53:45.8030200Z Checks: write
2022-12-27T02:53:45.8030440Z Contents: write
2022-12-27T02:53:45.8030670Z Deployments: write
2022-12-27T02:53:45.8030910Z Discussions: write
2022-12-27T02:53:45.8031150Z Issues: write
2022-12-27T02:53:45.8031370Z Metadata: read
2022-12-27T02:53:45.8031670Z Packages: write
2022-12-27T02:53:45.8031920Z Pages: write
2022-12-27T02:53:45.8032160Z PullRequests: write
2022-12-27T02:53:45.8032550Z RepositoryProjects: write
2022-12-27T02:53:45.8032830Z SecurityEvents: write
2022-12-27T02:53:45.8033080Z Statuses: write
2022-12-27T02:53:45.8033340Z ##[endgroup]
2022-12-27T02:53:45.8037710Z Secret source: Actions
2022-12-27T02:53:45.8038280Z Prepare workflow directory
2022-12-27T02:53:45.9262470Z Prepare all required actions
2022-12-27T02:53:45.9495530Z Getting action download info
2022-12-27T02:53:46.3906900Z Download action repository 'actions/setup-python@v4' (SHA:5ccb29d8773c3f3f653e1705f474dfaa8a06a912)
2022-12-27T02:53:48.3074880Z Download action repository 'actions/upload-artifact@v3' (SHA:83fd05a356d7e2593de66fc9913b3002723633cb)
2022-12-27T02:53:50.2796840Z ##[group]Run echo '{
2022-12-27T02:53:50.2797110Z [36;1mecho '{[0m
2022-12-27T02:53:50.2797330Z [36;1m  "environment_variables": "GRPC_PYTHON_BUILD_WITH_CYTHON=1 GRPC_BUILD_WITH_BORING_SSL_ASM='' GRPC_PYTHON_BUILD_SYSTEM_OPENSSL=TRUE",[0m
2022-12-27T02:53:50.2797550Z [36;1m  "package_name": "grpcio",[0m
2022-12-27T02:53:50.2797910Z [36;1m  "package_url": "https://files.pythonhosted.org/packages/c3/c5/13292086702c2ebb35bd1fe5388143cf0db4d179c61184ff0fd3965d71d7/grpcio-0.5.0a1.tar.gz",[0m
2022-12-27T02:53:50.2798200Z [36;1m  "package_version": "0.5.0a1",[0m
2022-12-27T02:53:50.2798350Z [36;1m  "python_version": "3.9",[0m
2022-12-27T02:53:50.2798550Z [36;1m  "use_ccache": "true"[0m
2022-12-27T02:53:50.2798720Z [36;1m}'[0m
2022-12-27T02:53:50.2815430Z shell: /bin/bash -e {0}
2022-12-27T02:53:50.2815640Z ##[endgroup]
2022-12-27T02:53:50.3066250Z {
2022-12-27T02:53:50.3067980Z   "environment_variables": "GRPC_PYTHON_BUILD_WITH_CYTHON=1 GRPC_BUILD_WITH_BORING_SSL_ASM= GRPC_PYTHON_BUILD_SYSTEM_OPENSSL=TRUE",
2022-12-27T02:53:50.3068350Z   "package_name": "grpcio",
2022-12-27T02:53:50.3068980Z   "package_url": "https://files.pythonhosted.org/packages/c3/c5/13292086702c2ebb35bd1fe5388143cf0db4d179c61184ff0fd3965d71d7/grpcio-0.5.0a1.tar.gz",
2022-12-27T02:53:50.3069290Z   "package_version": "0.5.0a1",
2022-12-27T02:53:50.3069490Z   "python_version": "3.9",
2022-12-27T02:53:50.3069640Z   "use_ccache": "true"
2022-12-27T02:53:50.3069860Z }
2022-12-27T02:53:50.3307250Z ##[group]Run actions/setup-python@v4
2022-12-27T02:53:50.3307560Z with:
2022-12-27T02:53:50.3307710Z   python-version: 3.9
2022-12-27T02:53:50.3307910Z   check-latest: false
2022-12-27T02:53:50.3308340Z   token: ***
2022-12-27T02:53:50.3308540Z   update-environment: true
2022-12-27T02:53:50.3308700Z ##[endgroup]
2022-12-27T02:53:50.4668110Z ##[group]Installed versions
2022-12-27T02:53:50.4705080Z Successfully set up CPython (3.9.16)
2022-12-27T02:53:50.4706220Z ##[endgroup]
2022-12-27T02:53:50.4860310Z ##[group]Run if [ "true" == "true" ]
2022-12-27T02:53:50.4860590Z [36;1mif [ "true" == "true" ][0m
2022-12-27T02:53:50.4860760Z [36;1mthen[0m
2022-12-27T02:53:50.4861010Z [36;1m  echo "CCACHE_PATH_PREPEND=/usr/local/opt/ccache/libexec" >> $GITHUB_OUTPUT[0m
2022-12-27T02:53:50.4861330Z [36;1melse[0m
2022-12-27T02:53:50.4861510Z [36;1m  echo "CCACHE_PATH_PREPEND=" >> $GITHUB_OUTPUT[0m
2022-12-27T02:53:50.4861720Z [36;1mfi[0m
2022-12-27T02:53:50.4879520Z shell: /bin/bash -e {0}
2022-12-27T02:53:50.4879840Z env:
2022-12-27T02:53:50.4880060Z   pythonLocation: /Users/runner/hostedtoolcache/Python/3.9.16/x64
2022-12-27T02:53:50.4880390Z   PKG_CONFIG_PATH: /Users/runner/hostedtoolcache/Python/3.9.16/x64/lib/pkgconfig
2022-12-27T02:53:50.4881180Z   Python_ROOT_DIR: /Users/runner/hostedtoolcache/Python/3.9.16/x64
2022-12-27T02:53:50.4881440Z   Python2_ROOT_DIR: /Users/runner/hostedtoolcache/Python/3.9.16/x64
2022-12-27T02:53:50.4881880Z   Python3_ROOT_DIR: /Users/runner/hostedtoolcache/Python/3.9.16/x64
2022-12-27T02:53:50.4882120Z ##[endgroup]
2022-12-27T02:53:50.5015960Z ##[group]Run echo "BUILD_NAME=$(echo grpcio_0.5.0a1_3.9 | tr -dc '[:alnum:]\n\r' | tr '[:upper:]' '[:lower:]')" >> $GITHUB_OUTPUT
2022-12-27T02:53:50.5016390Z [36;1mecho "BUILD_NAME=$(echo grpcio_0.5.0a1_3.9 | tr -dc '[:alnum:]\n\r' | tr '[:upper:]' '[:lower:]')" >> $GITHUB_OUTPUT[0m
2022-12-27T02:53:50.5031920Z shell: /bin/bash -e {0}
2022-12-27T02:53:50.5032140Z env:
2022-12-27T02:53:50.5032350Z   pythonLocation: /Users/runner/hostedtoolcache/Python/3.9.16/x64
2022-12-27T02:53:50.5032660Z   PKG_CONFIG_PATH: /Users/runner/hostedtoolcache/Python/3.9.16/x64/lib/pkgconfig
2022-12-27T02:53:50.5033030Z   Python_ROOT_DIR: /Users/runner/hostedtoolcache/Python/3.9.16/x64
2022-12-27T02:53:50.5033330Z   Python2_ROOT_DIR: /Users/runner/hostedtoolcache/Python/3.9.16/x64
2022-12-27T02:53:50.5033610Z   Python3_ROOT_DIR: /Users/runner/hostedtoolcache/Python/3.9.16/x64
2022-12-27T02:53:50.5033840Z ##[endgroup]
2022-12-27T02:53:50.5188410Z ##[group]Run echo "PYTHON_NO_DOTS=$(echo 3.9 | tr -dc '[:alnum:]\n\r' | tr '[:upper:]' '[:lower:]')" >> $GITHUB_OUTPUT
2022-12-27T02:53:50.5188760Z [36;1mecho "PYTHON_NO_DOTS=$(echo 3.9 | tr -dc '[:alnum:]\n\r' | tr '[:upper:]' '[:lower:]')" >> $GITHUB_OUTPUT[0m
2022-12-27T02:53:50.5203700Z shell: /bin/bash -e {0}
2022-12-27T02:53:50.5203880Z env:
2022-12-27T02:53:50.5204120Z   pythonLocation: /Users/runner/hostedtoolcache/Python/3.9.16/x64
2022-12-27T02:53:50.5204910Z   PKG_CONFIG_PATH: /Users/runner/hostedtoolcache/Python/3.9.16/x64/lib/pkgconfig
2022-12-27T02:53:50.5205160Z   Python_ROOT_DIR: /Users/runner/hostedtoolcache/Python/3.9.16/x64
2022-12-27T02:53:50.5205370Z   Python2_ROOT_DIR: /Users/runner/hostedtoolcache/Python/3.9.16/x64
2022-12-27T02:53:50.5205640Z   Python3_ROOT_DIR: /Users/runner/hostedtoolcache/Python/3.9.16/x64
2022-12-27T02:53:50.5205820Z ##[endgroup]
2022-12-27T02:53:50.5354960Z ##[group]Run rm -rf build_grpcio050a139
2022-12-27T02:53:50.5355350Z [36;1mrm -rf build_grpcio050a139[0m
2022-12-27T02:53:50.5355570Z [36;1mmkdir build_grpcio050a139[0m
2022-12-27T02:53:50.5355770Z [36;1mcd build_grpcio050a139[0m
2022-12-27T02:53:50.5356090Z [36;1m/usr/local/bin/wget --quiet https://files.pythonhosted.org/packages/c3/c5/13292086702c2ebb35bd1fe5388143cf0db4d179c61184ff0fd3965d71d7/grpcio-0.5.0a1.tar.gz[0m
2022-12-27T02:53:50.5356350Z [36;1mtar xf *.tar.gz[0m
2022-12-27T02:53:50.5356540Z [36;1mcd grpcio-*/[0m
2022-12-27T02:53:50.5356810Z [36;1mpython -m pip install cibuildwheel==2.11.3[0m
2022-12-27T02:53:50.5357080Z [36;1mpython -m cibuildwheel --output-dir ../wheelsout[0m
2022-12-27T02:53:50.5372860Z shell: /bin/bash -e {0}
2022-12-27T02:53:50.5373130Z env:
2022-12-27T02:53:50.5373390Z   pythonLocation: /Users/runner/hostedtoolcache/Python/3.9.16/x64
2022-12-27T02:53:50.5373720Z   PKG_CONFIG_PATH: /Users/runner/hostedtoolcache/Python/3.9.16/x64/lib/pkgconfig
2022-12-27T02:53:50.5373970Z   Python_ROOT_DIR: /Users/runner/hostedtoolcache/Python/3.9.16/x64
2022-12-27T02:53:50.5374250Z   Python2_ROOT_DIR: /Users/runner/hostedtoolcache/Python/3.9.16/x64
2022-12-27T02:53:50.5374550Z   Python3_ROOT_DIR: /Users/runner/hostedtoolcache/Python/3.9.16/x64
2022-12-27T02:53:50.5374780Z   CIBW_ARCHS_MACOS: arm64
2022-12-27T02:53:50.5375030Z   CIBW_TEST_SKIP: *_arm64
2022-12-27T02:53:50.5375230Z   CIBW_BUILD: cp39-macosx_arm64
2022-12-27T02:53:50.5375470Z   CIBW_BUILD_FRONTEND: pip
2022-12-27T02:53:50.5375630Z   CIBW_BUILD_VERBOSITY: 3
2022-12-27T02:53:50.5376070Z   CIBW_ENVIRONMENT_MACOS: GRPC_PYTHON_BUILD_WITH_CYTHON=1 GRPC_BUILD_WITH_BORING_SSL_ASM='' GRPC_PYTHON_BUILD_SYSTEM_OPENSSL=TRUE CFLAGS="-I/usr/local/opt/openssl@3/include" LDFLAGS="-L/usr/local/opt/openssl@3/lib" CPPFLAGS="-I/usr/local/opt/openssl@3/include" MAKEFLAGS="-j$(sysctl -n hw.logicalcpu)" PATH=/usr/local/opt/ccache/libexec:$PATH
2022-12-27T02:53:50.5376780Z   CIBW_BEFORE_BUILD: pip install Cython; if [[ -f requirements.txt ]]; then pip install -r requirements.txt; fi
2022-12-27T02:53:50.5377060Z   MAKEFLAGS: -j$(sysctl -n hw.logicalcpu)
2022-12-27T02:53:50.5377270Z ##[endgroup]
2022-12-27T02:53:51.8874200Z Requirement already satisfied: cibuildwheel==2.11.3 in /Users/runner/hostedtoolcache/Python/3.9.16/x64/lib/python3.9/site-packages (2.11.3)
2022-12-27T02:53:51.9128460Z Requirement already satisfied: certifi in /Users/runner/hostedtoolcache/Python/3.9.16/x64/lib/python3.9/site-packages (from cibuildwheel==2.11.3) (2022.12.7)
2022-12-27T02:53:51.9133420Z Requirement already satisfied: packaging>=20.9 in /Users/runner/hostedtoolcache/Python/3.9.16/x64/lib/python3.9/site-packages (from cibuildwheel==2.11.3) (22.0)
2022-12-27T02:53:51.9136990Z Requirement already satisfied: filelock in /Users/runner/hostedtoolcache/Python/3.9.16/x64/lib/python3.9/site-packages (from cibuildwheel==2.11.3) (3.8.2)
2022-12-27T02:53:51.9140600Z Requirement already satisfied: bracex in /Users/runner/hostedtoolcache/Python/3.9.16/x64/lib/python3.9/site-packages (from cibuildwheel==2.11.3) (2.3.post1)
2022-12-27T02:53:51.9146890Z Requirement already satisfied: tomli in /Users/runner/hostedtoolcache/Python/3.9.16/x64/lib/python3.9/site-packages (from cibuildwheel==2.11.3) (2.0.1)
2022-12-27T02:53:51.9152450Z Requirement already satisfied: bashlex!=0.13 in /Users/runner/hostedtoolcache/Python/3.9.16/x64/lib/python3.9/site-packages (from cibuildwheel==2.11.3) (0.16)
2022-12-27T02:53:51.9156000Z Requirement already satisfied: platformdirs in /Users/runner/hostedtoolcache/Python/3.9.16/x64/lib/python3.9/site-packages (from cibuildwheel==2.11.3) (2.6.0)
2022-12-27T02:53:51.9164540Z Requirement already satisfied: typing-extensions>=4.1.0 in /Users/runner/hostedtoolcache/Python/3.9.16/x64/lib/python3.9/site-packages (from cibuildwheel==2.11.3) (4.4.0)
2022-12-27T02:53:52.0948490Z 
2022-12-27T02:53:52.0949010Z      _ _       _ _   _       _           _
2022-12-27T02:53:52.0949820Z  ___|_| |_ _ _|_| |_| |_ _ _| |_ ___ ___| |
2022-12-27T02:53:52.0951620Z |  _| | . | | | | | . | | | |   | -_| -_| |
2022-12-27T02:53:52.0952120Z |___|_|___|___|_|_|___|_____|_|_|___|___|_|
2022-12-27T02:53:52.0952260Z 
2022-12-27T02:53:52.0952430Z cibuildwheel version 2.11.3
2022-12-27T02:53:52.0952640Z 
2022-12-27T02:53:52.0952810Z Build options:
2022-12-27T02:53:52.0953290Z   platform: macos
2022-12-27T02:53:52.1004700Z   architectures: arm64[0m
2022-12-27T02:53:52.1005100Z   build_selector: 
2022-12-27T02:53:52.1005690Z     build_config: cp39-macosx_arm64
2022-12-27T02:53:52.1006840Z     skip_config: 
2022-12-27T02:53:52.1007140Z     requires_python: None
2022-12-27T02:53:52.1007580Z     prerelease_pythons: False[0m
2022-12-27T02:53:52.1008030Z   [38;5;244mcontainer_engine: docker[0m
2022-12-27T02:53:52.1008690Z   output_dir: /Users/runner/actions-runner/_work/python.build/python.build/build_grpcio050a139/wheelsout[0m
2022-12-27T02:53:52.1009800Z   package_dir: /Users/runner/actions-runner/_work/python.build/python.build/build_grpcio050a139/grpcio-0.5.0a1[0m
2022-12-27T02:53:52.1010260Z   test_selector: 
2022-12-27T02:53:52.1010610Z     skip_config: *_arm64[0m
2022-12-27T02:53:52.1010940Z   [38;5;244mbefore_all: [0m
2022-12-27T02:53:52.1011530Z   before_build: pip install Cython; if [[ -f requirements.txt ]]; then pip install -r requirements.txt; fi[0m
2022-12-27T02:53:52.1011950Z   [38;5;244mbefore_test: [0m
2022-12-27T02:53:52.1012260Z   [38;5;244mbuild_frontend: pip[0m
2022-12-27T02:53:52.1012580Z   build_verbosity: 3[0m
2022-12-27T02:53:52.1012940Z   [38;5;244mconfig_settings: [0m
2022-12-27T02:53:52.1013360Z   [38;5;244mdependency_constraints: pinned[0m
2022-12-27T02:53:52.1013630Z   environment: 
2022-12-27T02:53:52.1013960Z     GRPC_PYTHON_BUILD_WITH_CYTHON=1
2022-12-27T02:53:52.1014250Z     GRPC_BUILD_WITH_BORING_SSL_ASM=''
2022-12-27T02:53:52.1014550Z     GRPC_PYTHON_BUILD_SYSTEM_OPENSSL=TRUE
2022-12-27T02:53:52.1015510Z     CFLAGS="-I/usr/local/opt/openssl@3/include"
2022-12-27T02:53:52.1015870Z     LDFLAGS="-L/usr/local/opt/openssl@3/lib"
2022-12-27T02:53:52.1016270Z     CPPFLAGS="-I/usr/local/opt/openssl@3/include"
2022-12-27T02:53:52.1016660Z     MAKEFLAGS="-j$(sysctl -n hw.logicalcpu)"
2022-12-27T02:53:52.1017140Z     PATH=/usr/local/opt/ccache/libexec:$PATH[0m
2022-12-27T02:53:52.1017480Z   [38;5;244mmanylinux_images: None[0m
2022-12-27T02:53:52.1017830Z   [38;5;244mmusllinux_images: None[0m
2022-12-27T02:53:52.1018320Z   [38;5;244mrepair_command: delocate-wheel --require-archs {delocate_archs} -w {dest_dir} -v {wheel}[0m
2022-12-27T02:53:52.1018690Z   [38;5;244mtest_command: [0m
2022-12-27T02:53:52.1019270Z   [38;5;244mtest_extras: [0m
2022-12-27T02:53:52.1019640Z   [38;5;244mtest_requires: [0m
2022-12-27T02:53:52.1019800Z 
2022-12-27T02:53:52.1019930Z Cache folder: /Users/runner/Library/Caches/cibuildwheel
2022-12-27T02:53:52.1028990Z 
2022-12-27T02:53:52.1029210Z Here we go!
2022-12-27T02:53:52.1029390Z 
2022-12-27T02:53:52.1097290Z 
2022-12-27T02:53:52.1097960Z [1m[34mBuilding cp39-macosx_arm64 wheel[0m
2022-12-27T02:53:52.1098690Z CPython 3.9 macOS arm64 - Apple Silicon
2022-12-27T02:53:52.1098940Z 
2022-12-27T02:53:52.1101130Z ##[group]Installing Python cp39...
2022-12-27T02:53:52.1101400Z 
2022-12-27T02:53:52.1101730Z + pkgutil --pkgs
2022-12-27T02:53:52.1218940Z ##[endgroup]
2022-12-27T02:53:52.1219870Z                                                               [32mâœ“ [0m0.01s
2022-12-27T02:53:52.1220390Z ##[group]Setting up build environment...
2022-12-27T02:53:52.1220560Z 
2022-12-27T02:53:52.1241510Z + /Users/runner/hostedtoolcache/Python/3.9.16/x64/bin/python -sS /Users/runner/Library/Caches/cibuildwheel/virtualenv-20.17.0.pyz --activators= --no-periodic-update --pip=22.3.1 --setuptools=65.6.3 --wheel=0.38.4 --symlink-app-data --python /Library/Frameworks/Python.framework/Versions/3.9/bin/python3 /private/var/folders/51/hd414ycd67n82196sw51xqtc0000gn/T/cibw-run-o9rwc73y/cp39-macosx_arm64/build/venv
2022-12-27T02:53:52.3154210Z created virtual environment CPython3.9.13.final.0-64 in 48ms
2022-12-27T02:53:52.3155390Z   creator CPython3Posix(dest=/private/var/folders/51/hd414ycd67n82196sw51xqtc0000gn/T/cibw-run-o9rwc73y/cp39-macosx_arm64/build/venv, clear=False, no_vcs_ignore=False, global=False)
2022-12-27T02:53:52.3155880Z   seeder FromAppData(download=False, pip=22.3.1, setuptools=65.6.3, wheel=0.38.4, via=symlink, app_data_dir=/Users/runner/Library/Application Support/virtualenv)
2022-12-27T02:53:52.3156290Z     added seed packages: pip==22.3.1, setuptools==65.6.3, wheel==0.38.4
2022-12-27T02:53:52.3270570Z + python -m pip install --upgrade pip -c /Users/runner/hostedtoolcache/Python/3.9.16/x64/lib/python3.9/site-packages/cibuildwheel/resources/constraints-python39.txt
2022-12-27T02:53:52.6422050Z Requirement already satisfied: pip in ./lib/python3.9/site-packages (22.3.1)
2022-12-27T02:53:52.7960520Z + which pip
2022-12-27T02:53:52.7979400Z /private/var/folders/51/hd414ycd67n82196sw51xqtc0000gn/T/cibw-run-o9rwc73y/cp39-macosx_arm64/build/venv/bin/pip
2022-12-27T02:53:52.7981860Z + pip --version
2022-12-27T02:53:53.0251580Z pip 22.3.1 from /private/var/folders/51/hd414ycd67n82196sw51xqtc0000gn/T/cibw-run-o9rwc73y/cp39-macosx_arm64/build/venv/lib/python3.9/site-packages/pip (python 3.9)
2022-12-27T02:53:53.0507070Z + which pip
2022-12-27T02:53:53.0544040Z + which python
2022-12-27T02:53:53.0572940Z /private/var/folders/51/hd414ycd67n82196sw51xqtc0000gn/T/cibw-run-o9rwc73y/cp39-macosx_arm64/build/venv/bin/python
2022-12-27T02:53:53.0576650Z + python --version
2022-12-27T02:53:53.0636310Z Python 3.9.13
2022-12-27T02:53:53.0640300Z + which python
2022-12-27T02:53:53.0703440Z ##[endgroup]
2022-12-27T02:53:53.0704020Z                                                               [32mâœ“ [0m0.95s
2022-12-27T02:53:53.0704640Z ##[group]Installing build tools...
2022-12-27T02:53:53.0704830Z 
2022-12-27T02:53:53.0705400Z + pip install --upgrade setuptools wheel delocate -c /Users/runner/hostedtoolcache/Python/3.9.16/x64/lib/python3.9/site-packages/cibuildwheel/resources/constraints-python39.txt
2022-12-27T02:53:53.3782210Z Requirement already satisfied: setuptools in /private/var/folders/51/hd414ycd67n82196sw51xqtc0000gn/T/cibw-run-o9rwc73y/cp39-macosx_arm64/build/venv/lib/python3.9/site-packages (65.6.3)
2022-12-27T02:53:53.6358530Z Requirement already satisfied: wheel in /private/var/folders/51/hd414ycd67n82196sw51xqtc0000gn/T/cibw-run-o9rwc73y/cp39-macosx_arm64/build/venv/lib/python3.9/site-packages (0.38.4)
2022-12-27T02:53:53.6888080Z Collecting delocate
2022-12-27T02:53:53.6922610Z   Using cached delocate-0.10.3-py3-none-any.whl (142 kB)
2022-12-27T02:53:53.7181150Z Collecting typing-extensions
2022-12-27T02:53:53.7209360Z   Using cached typing_extensions-4.4.0-py3-none-any.whl (26 kB)
2022-12-27T02:53:53.9646850Z Collecting packaging>=20.9
2022-12-27T02:53:53.9676000Z   Using cached packaging-21.3-py3-none-any.whl (40 kB)
2022-12-27T02:53:54.0067870Z Collecting pyparsing!=3.0.5,>=2.0.2
2022-12-27T02:53:54.0094340Z   Using cached pyparsing-3.0.9-py3-none-any.whl (98 kB)
2022-12-27T02:53:54.0487340Z Installing collected packages: typing-extensions, pyparsing, packaging, delocate
2022-12-27T02:53:54.2042500Z Successfully installed delocate-0.10.3 packaging-21.3 pyparsing-3.0.9 typing-extensions-4.4.0
2022-12-27T02:53:54.2551420Z ##[endgroup]
2022-12-27T02:53:54.2552070Z                                                               [32mâœ“ [0m1.18s
2022-12-27T02:53:54.2552480Z ##[group]Running before_build...
2022-12-27T02:53:54.2552640Z 
2022-12-27T02:53:54.2559570Z + pip install Cython; if [[ -f requirements.txt ]]; then pip install -r requirements.txt; fi
2022-12-27T02:53:54.9692180Z Collecting Cython
2022-12-27T02:53:54.9746040Z   Using cached Cython-0.29.32-py2.py3-none-any.whl (986 kB)
2022-12-27T02:53:55.0177330Z Installing collected packages: Cython
2022-12-27T02:53:55.5153960Z Successfully installed Cython-0.29.32
2022-12-27T02:53:55.5617680Z ##[endgroup]
2022-12-27T02:53:55.5618400Z                                                               [32mâœ“ [0m1.31s
2022-12-27T02:53:55.5618920Z ##[group]Building wheel...
2022-12-27T02:53:55.5619530Z 
2022-12-27T02:53:55.5624080Z + python -m pip wheel /Users/runner/actions-runner/_work/python.build/python.build/build_grpcio050a139/grpcio-0.5.0a1 --wheel-dir=/private/var/folders/51/hd414ycd67n82196sw51xqtc0000gn/T/cibw-run-o9rwc73y/cp39-macosx_arm64/built_wheel --no-deps -vvv
2022-12-27T02:53:55.8397420Z Created temporary directory: /private/var/folders/51/hd414ycd67n82196sw51xqtc0000gn/T/pip-ephem-wheel-cache-ux7hwimd
2022-12-27T02:53:55.8403030Z Created temporary directory: /private/var/folders/51/hd414ycd67n82196sw51xqtc0000gn/T/pip-build-tracker-s135tsff
2022-12-27T02:53:55.8404980Z Initialized build tracking at /private/var/folders/51/hd414ycd67n82196sw51xqtc0000gn/T/pip-build-tracker-s135tsff
2022-12-27T02:53:55.8406530Z Created build tracker: /private/var/folders/51/hd414ycd67n82196sw51xqtc0000gn/T/pip-build-tracker-s135tsff
2022-12-27T02:53:55.8407880Z Entered build tracker: /private/var/folders/51/hd414ycd67n82196sw51xqtc0000gn/T/pip-build-tracker-s135tsff
2022-12-27T02:53:55.8411390Z Created temporary directory: /private/var/folders/51/hd414ycd67n82196sw51xqtc0000gn/T/pip-wheel-616r95hz
2022-12-27T02:53:55.8418230Z Created temporary directory: /private/var/folders/51/hd414ycd67n82196sw51xqtc0000gn/T/pip-ephem-wheel-cache-txdz5qlb
2022-12-27T02:53:55.8599480Z Processing /Users/runner/actions-runner/_work/python.build/python.build/build_grpcio050a139/grpcio-0.5.0a1
2022-12-27T02:53:55.8605320Z   Added file:///Users/runner/actions-runner/_work/python.build/python.build/build_grpcio050a139/grpcio-0.5.0a1 to build tracker '/private/var/folders/51/hd414ycd67n82196sw51xqtc0000gn/T/pip-build-tracker-s135tsff'
2022-12-27T02:53:55.8609060Z   Running setup.py (path:/Users/runner/actions-runner/_work/python.build/python.build/build_grpcio050a139/grpcio-0.5.0a1/setup.py) egg_info for package from file:///Users/runner/actions-runner/_work/python.build/python.build/build_grpcio050a139/grpcio-0.5.0a1
2022-12-27T02:53:55.8612060Z   Created temporary directory: /private/var/folders/51/hd414ycd67n82196sw51xqtc0000gn/T/pip-pip-egg-info-jpbyijb1
2022-12-27T02:53:55.8613580Z   Preparing metadata (setup.py): started
2022-12-27T02:53:55.8615540Z   Running command python setup.py egg_info
2022-12-27T02:53:56.0350660Z   running egg_info
2022-12-27T02:53:56.0353240Z   creating /private/var/folders/51/hd414ycd67n82196sw51xqtc0000gn/T/pip-pip-egg-info-jpbyijb1/grpcio.egg-info
2022-12-27T02:53:56.0358440Z   writing /private/var/folders/51/hd414ycd67n82196sw51xqtc0000gn/T/pip-pip-egg-info-jpbyijb1/grpcio.egg-info/PKG-INFO
2022-12-27T02:53:56.0364310Z   writing dependency_links to /private/var/folders/51/hd414ycd67n82196sw51xqtc0000gn/T/pip-pip-egg-info-jpbyijb1/grpcio.egg-info/dependency_links.txt
2022-12-27T02:53:56.0366610Z   writing requirements to /private/var/folders/51/hd414ycd67n82196sw51xqtc0000gn/T/pip-pip-egg-info-jpbyijb1/grpcio.egg-info/requires.txt
2022-12-27T02:53:56.0369560Z   writing top-level names to /private/var/folders/51/hd414ycd67n82196sw51xqtc0000gn/T/pip-pip-egg-info-jpbyijb1/grpcio.egg-info/top_level.txt
2022-12-27T02:53:56.0371540Z   writing manifest file '/private/var/folders/51/hd414ycd67n82196sw51xqtc0000gn/T/pip-pip-egg-info-jpbyijb1/grpcio.egg-info/SOURCES.txt'
2022-12-27T02:53:56.1310820Z   reading manifest file '/private/var/folders/51/hd414ycd67n82196sw51xqtc0000gn/T/pip-pip-egg-info-jpbyijb1/grpcio.egg-info/SOURCES.txt'
2022-12-27T02:53:56.1311900Z   reading manifest template 'MANIFEST.in'
2022-12-27T02:53:56.1348200Z   writing manifest file '/private/var/folders/51/hd414ycd67n82196sw51xqtc0000gn/T/pip-pip-egg-info-jpbyijb1/grpcio.egg-info/SOURCES.txt'
2022-12-27T02:53:56.1599570Z   Preparing metadata (setup.py): finished with status 'done'
2022-12-27T02:53:56.1624950Z   Source in /Users/runner/actions-runner/_work/python.build/python.build/build_grpcio050a139/grpcio-0.5.0a1 has version 0.5.0a1, which satisfies requirement grpcio==0.5.0a1 from file:///Users/runner/actions-runner/_work/python.build/python.build/build_grpcio050a139/grpcio-0.5.0a1
2022-12-27T02:53:56.1628450Z   Removed grpcio==0.5.0a1 from file:///Users/runner/actions-runner/_work/python.build/python.build/build_grpcio050a139/grpcio-0.5.0a1 from build tracker '/private/var/folders/51/hd414ycd67n82196sw51xqtc0000gn/T/pip-build-tracker-s135tsff'
2022-12-27T02:53:56.1645310Z Created temporary directory: /private/var/folders/51/hd414ycd67n82196sw51xqtc0000gn/T/pip-unpack-5o4n_rph
2022-12-27T02:53:56.1647540Z Building wheels for collected packages: grpcio
2022-12-27T02:53:56.1653130Z   Created temporary directory: /private/var/folders/51/hd414ycd67n82196sw51xqtc0000gn/T/pip-wheel-js5n5dbg
2022-12-27T02:53:56.1654920Z   Building wheel for grpcio (setup.py): started
2022-12-27T02:53:56.1656740Z   Destination directory: /private/var/folders/51/hd414ycd67n82196sw51xqtc0000gn/T/pip-wheel-js5n5dbg
2022-12-27T02:53:56.1658160Z   Running command python setup.py bdist_wheel
2022-12-27T02:53:56.3478460Z   running bdist_wheel
2022-12-27T02:53:56.4336410Z   running build
2022-12-27T02:53:56.4338080Z   running build_py
2022-12-27T02:53:56.4358110Z   creating build
2022-12-27T02:53:56.4360710Z   creating build/lib.macosx-11.0-arm64-cpython-39
2022-12-27T02:53:56.4362730Z   creating build/lib.macosx-11.0-arm64-cpython-39/grpc
2022-12-27T02:53:56.4363900Z   copying grpc/__init__.py -> build/lib.macosx-11.0-arm64-cpython-39/grpc
2022-12-27T02:53:56.4370990Z   creating build/lib.macosx-11.0-arm64-cpython-39/grpc/_adapter
2022-12-27T02:53:56.4372780Z   copying grpc/_adapter/fore.py -> build/lib.macosx-11.0-arm64-cpython-39/grpc/_adapter
2022-12-27T02:53:56.4374390Z   copying grpc/_adapter/_event_invocation_synchronous_event_service_test.py -> build/lib.macosx-11.0-arm64-cpython-39/grpc/_adapter
2022-12-27T02:53:56.4379580Z   copying grpc/_adapter/_lonely_rear_link_test.py -> build/lib.macosx-11.0-arm64-cpython-39/grpc/_adapter
2022-12-27T02:53:56.4382020Z   copying grpc/_adapter/_face_test_case.py -> build/lib.macosx-11.0-arm64-cpython-39/grpc/_adapter
2022-12-27T02:53:56.4383460Z   copying grpc/_adapter/_future_invocation_asynchronous_event_service_test.py -> build/lib.macosx-11.0-arm64-cpython-39/grpc/_adapter
2022-12-27T02:53:56.4385070Z   copying grpc/_adapter/_common.py -> build/lib.macosx-11.0-arm64-cpython-39/grpc/_adapter
2022-12-27T02:53:56.4389080Z   copying grpc/_adapter/__init__.py -> build/lib.macosx-11.0-arm64-cpython-39/grpc/_adapter
2022-12-27T02:53:56.4391190Z   copying grpc/_adapter/_low.py -> build/lib.macosx-11.0-arm64-cpython-39/grpc/_adapter
2022-12-27T02:53:56.4394170Z   copying grpc/_adapter/_blocking_invocation_inline_service_test.py -> build/lib.macosx-11.0-arm64-cpython-39/grpc/_adapter
2022-12-27T02:53:56.4398110Z   copying grpc/_adapter/_test_links.py -> build/lib.macosx-11.0-arm64-cpython-39/grpc/_adapter
2022-12-27T02:53:56.4400280Z   copying grpc/_adapter/rear.py -> build/lib.macosx-11.0-arm64-cpython-39/grpc/_adapter
2022-12-27T02:53:56.4402260Z   copying grpc/_adapter/_proto_scenarios.py -> build/lib.macosx-11.0-arm64-cpython-39/grpc/_adapter
2022-12-27T02:53:56.4405050Z   copying grpc/_adapter/_low_test.py -> build/lib.macosx-11.0-arm64-cpython-39/grpc/_adapter
2022-12-27T02:53:56.4408240Z   copying grpc/_adapter/_datatypes.py -> build/lib.macosx-11.0-arm64-cpython-39/grpc/_adapter
2022-12-27T02:53:56.4410440Z   copying grpc/_adapter/_links_test.py -> build/lib.macosx-11.0-arm64-cpython-39/grpc/_adapter
2022-12-27T02:53:56.4413150Z   copying grpc/_adapter/_c_test.py -> build/lib.macosx-11.0-arm64-cpython-39/grpc/_adapter
2022-12-27T02:53:56.4418110Z   creating build/lib.macosx-11.0-arm64-cpython-39/grpc/_junkdrawer
2022-12-27T02:53:56.4420290Z   copying grpc/_junkdrawer/stock_pb2.py -> build/lib.macosx-11.0-arm64-cpython-39/grpc/_junkdrawer
2022-12-27T02:53:56.4421950Z   copying grpc/_junkdrawer/__init__.py -> build/lib.macosx-11.0-arm64-cpython-39/grpc/_junkdrawer
2022-12-27T02:53:56.4425020Z   copying grpc/_junkdrawer/math_pb2.py -> build/lib.macosx-11.0-arm64-cpython-39/grpc/_junkdrawer
2022-12-27T02:53:56.4429290Z   creating build/lib.macosx-11.0-arm64-cpython-39/grpc/early_adopter
2022-12-27T02:53:56.4431270Z   copying grpc/early_adopter/__init__.py -> build/lib.macosx-11.0-arm64-cpython-39/grpc/early_adopter
2022-12-27T02:53:56.4433880Z   copying grpc/early_adopter/implementations_test.py -> build/lib.macosx-11.0-arm64-cpython-39/grpc/early_adopter
2022-12-27T02:53:56.4436290Z   copying grpc/early_adopter/implementations.py -> build/lib.macosx-11.0-arm64-cpython-39/grpc/early_adopter
2022-12-27T02:53:56.4440650Z   creating build/lib.macosx-11.0-arm64-cpython-39/grpc/framework
2022-12-27T02:53:56.4442800Z   copying grpc/framework/__init__.py -> build/lib.macosx-11.0-arm64-cpython-39/grpc/framework
2022-12-27T02:53:56.4447780Z   creating build/lib.macosx-11.0-arm64-cpython-39/grpc/framework/alpha
2022-12-27T02:53:56.4449270Z   copying grpc/framework/alpha/interfaces.py -> build/lib.macosx-11.0-arm64-cpython-39/grpc/framework/alpha
2022-12-27T02:53:56.4452340Z   copying grpc/framework/alpha/_face_utilities.py -> build/lib.macosx-11.0-arm64-cpython-39/grpc/framework/alpha
2022-12-27T02:53:56.4454940Z   copying grpc/framework/alpha/__init__.py -> build/lib.macosx-11.0-arm64-cpython-39/grpc/framework/alpha
2022-12-27T02:53:56.4457210Z   copying grpc/framework/alpha/exceptions.py -> build/lib.macosx-11.0-arm64-cpython-39/grpc/framework/alpha
2022-12-27T02:53:56.4460160Z   copying grpc/framework/alpha/_reexport.py -> build/lib.macosx-11.0-arm64-cpython-39/grpc/framework/alpha
2022-12-27T02:53:56.4462310Z   copying grpc/framework/alpha/utilities.py -> build/lib.macosx-11.0-arm64-cpython-39/grpc/framework/alpha
2022-12-27T02:53:56.4471300Z   creating build/lib.macosx-11.0-arm64-cpython-39/grpc/framework/base
2022-12-27T02:53:56.4473560Z   copying grpc/framework/base/interfaces.py -> build/lib.macosx-11.0-arm64-cpython-39/grpc/framework/base
2022-12-27T02:53:56.4475550Z   copying grpc/framework/base/_constants.py -> build/lib.macosx-11.0-arm64-cpython-39/grpc/framework/base
2022-12-27T02:53:56.4478040Z   copying grpc/framework/base/_expiration.py -> build/lib.macosx-11.0-arm64-cpython-39/grpc/framework/base
2022-12-27T02:53:56.4481080Z   copying grpc/framework/base/_transmission.py -> build/lib.macosx-11.0-arm64-cpython-39/grpc/framework/base
2022-12-27T02:53:56.4484440Z   copying grpc/framework/base/_reception.py -> build/lib.macosx-11.0-arm64-cpython-39/grpc/framework/base
2022-12-27T02:53:56.4486340Z   copying grpc/framework/base/_ingestion.py -> build/lib.macosx-11.0-arm64-cpython-39/grpc/framework/base
2022-12-27T02:53:56.4489300Z   copying grpc/framework/base/util.py -> build/lib.macosx-11.0-arm64-cpython-39/grpc/framework/base
2022-12-27T02:53:56.4492200Z   copying grpc/framework/base/_termination.py -> build/lib.macosx-11.0-arm64-cpython-39/grpc/framework/base
2022-12-27T02:53:56.4494700Z   copying grpc/framework/base/null.py -> build/lib.macosx-11.0-arm64-cpython-39/grpc/framework/base
2022-12-27T02:53:56.4498060Z   copying grpc/framework/base/__init__.py -> build/lib.macosx-11.0-arm64-cpython-39/grpc/framework/base
2022-12-27T02:53:56.4500180Z   copying grpc/framework/base/_interfaces.py -> build/lib.macosx-11.0-arm64-cpython-39/grpc/framework/base
2022-12-27T02:53:56.4503020Z   copying grpc/framework/base/_context.py -> build/lib.macosx-11.0-arm64-cpython-39/grpc/framework/base
2022-12-27T02:53:56.4505360Z   copying grpc/framework/base/implementations_test.py -> build/lib.macosx-11.0-arm64-cpython-39/grpc/framework/base
2022-12-27T02:53:56.4508090Z   copying grpc/framework/base/interfaces_test_case.py -> build/lib.macosx-11.0-arm64-cpython-39/grpc/framework/base
2022-12-27T02:53:56.4510970Z   copying grpc/framework/base/exceptions.py -> build/lib.macosx-11.0-arm64-cpython-39/grpc/framework/base
2022-12-27T02:53:56.4514220Z   copying grpc/framework/base/_ends.py -> build/lib.macosx-11.0-arm64-cpython-39/grpc/framework/base
2022-12-27T02:53:56.4516690Z   copying grpc/framework/base/_emission.py -> build/lib.macosx-11.0-arm64-cpython-39/grpc/framework/base
2022-12-27T02:53:56.4519290Z   copying grpc/framework/base/implementations.py -> build/lib.macosx-11.0-arm64-cpython-39/grpc/framework/base
2022-12-27T02:53:56.4521920Z   copying grpc/framework/base/in_memory.py -> build/lib.macosx-11.0-arm64-cpython-39/grpc/framework/base
2022-12-27T02:53:56.4524530Z   copying grpc/framework/base/_cancellation.py -> build/lib.macosx-11.0-arm64-cpython-39/grpc/framework/base
2022-12-27T02:53:56.4529500Z   creating build/lib.macosx-11.0-arm64-cpython-39/grpc/framework/common
2022-12-27T02:53:56.4531400Z   copying grpc/framework/common/style.py -> build/lib.macosx-11.0-arm64-cpython-39/grpc/framework/common
2022-12-27T02:53:56.4533670Z   copying grpc/framework/common/cardinality.py -> build/lib.macosx-11.0-arm64-cpython-39/grpc/framework/common
2022-12-27T02:53:56.4536440Z   copying grpc/framework/common/__init__.py -> build/lib.macosx-11.0-arm64-cpython-39/grpc/framework/common
2022-12-27T02:53:56.4543860Z   creating build/lib.macosx-11.0-arm64-cpython-39/grpc/framework/face
2022-12-27T02:53:56.4545520Z   copying grpc/framework/face/_service.py -> build/lib.macosx-11.0-arm64-cpython-39/grpc/framework/face
2022-12-27T02:53:56.4547770Z   copying grpc/framework/face/interfaces.py -> build/lib.macosx-11.0-arm64-cpython-39/grpc/framework/face
2022-12-27T02:53:56.4551040Z   copying grpc/framework/face/_control.py -> build/lib.macosx-11.0-arm64-cpython-39/grpc/framework/face
2022-12-27T02:53:56.4553640Z   copying grpc/framework/face/blocking_invocation_inline_service_test.py -> build/lib.macosx-11.0-arm64-cpython-39/grpc/framework/face
2022-12-27T02:53:56.4556390Z   copying grpc/framework/face/__init__.py -> build/lib.macosx-11.0-arm64-cpython-39/grpc/framework/face
2022-12-27T02:53:56.4559140Z   copying grpc/framework/face/demonstration.py -> build/lib.macosx-11.0-arm64-cpython-39/grpc/framework/face
2022-12-27T02:53:56.4561650Z   copying grpc/framework/face/_calls.py -> build/lib.macosx-11.0-arm64-cpython-39/grpc/framework/face
2022-12-27T02:53:56.4564400Z   copying grpc/framework/face/exceptions.py -> build/lib.macosx-11.0-arm64-cpython-39/grpc/framework/face
2022-12-27T02:53:56.4567100Z   copying grpc/framework/face/utilities.py -> build/lib.macosx-11.0-arm64-cpython-39/grpc/framework/face
2022-12-27T02:53:56.4569790Z   copying grpc/framework/face/event_invocation_synchronous_event_service_test.py -> build/lib.macosx-11.0-arm64-cpython-39/grpc/framework/face
2022-12-27T02:53:56.4572370Z   copying grpc/framework/face/_test_case.py -> build/lib.macosx-11.0-arm64-cpython-39/grpc/framework/face
2022-12-27T02:53:56.4575170Z   copying grpc/framework/face/implementations.py -> build/lib.macosx-11.0-arm64-cpython-39/grpc/framework/face
2022-12-27T02:53:56.4577960Z   copying grpc/framework/face/future_invocation_asynchronous_event_service_test.py -> build/lib.macosx-11.0-arm64-cpython-39/grpc/framework/face
2022-12-27T02:53:56.4585760Z   creating build/lib.macosx-11.0-arm64-cpython-39/grpc/framework/face/testing
2022-12-27T02:53:56.4587500Z   copying grpc/framework/face/testing/callback.py -> build/lib.macosx-11.0-arm64-cpython-39/grpc/framework/face/testing
2022-12-27T02:53:56.4590660Z   copying grpc/framework/face/testing/digest.py -> build/lib.macosx-11.0-arm64-cpython-39/grpc/framework/face/testing
2022-12-27T02:53:56.4593040Z   copying grpc/framework/face/testing/interfaces.py -> build/lib.macosx-11.0-arm64-cpython-39/grpc/framework/face/testing
2022-12-27T02:53:56.4596330Z   copying grpc/framework/face/testing/stock_service.py -> build/lib.macosx-11.0-arm64-cpython-39/grpc/framework/face/testing
2022-12-27T02:53:56.4598690Z   copying grpc/framework/face/testing/service.py -> build/lib.macosx-11.0-arm64-cpython-39/grpc/framework/face/testing
2022-12-27T02:53:56.4602490Z   copying grpc/framework/face/testing/blocking_invocation_inline_service_test_case.py -> build/lib.macosx-11.0-arm64-cpython-39/grpc/framework/face/testing
2022-12-27T02:53:56.4604950Z   copying grpc/framework/face/testing/base_util.py -> build/lib.macosx-11.0-arm64-cpython-39/grpc/framework/face/testing
2022-12-27T02:53:56.4607240Z   copying grpc/framework/face/testing/control.py -> build/lib.macosx-11.0-arm64-cpython-39/grpc/framework/face/testing
2022-12-27T02:53:56.4609800Z   copying grpc/framework/face/testing/__init__.py -> build/lib.macosx-11.0-arm64-cpython-39/grpc/framework/face/testing
2022-12-27T02:53:56.4612270Z   copying grpc/framework/face/testing/coverage.py -> build/lib.macosx-11.0-arm64-cpython-39/grpc/framework/face/testing
2022-12-27T02:53:56.4616050Z   copying grpc/framework/face/testing/event_invocation_synchronous_event_service_test_case.py -> build/lib.macosx-11.0-arm64-cpython-39/grpc/framework/face/testing
2022-12-27T02:53:56.4618510Z   copying grpc/framework/face/testing/test_case.py -> build/lib.macosx-11.0-arm64-cpython-39/grpc/framework/face/testing
2022-12-27T02:53:56.4620570Z   copying grpc/framework/face/testing/serial.py -> build/lib.macosx-11.0-arm64-cpython-39/grpc/framework/face/testing
2022-12-27T02:53:56.4690570Z   copying grpc/framework/face/testing/future_invocation_asynchronous_event_service_test_case.py -> build/lib.macosx-11.0-arm64-cpython-39/grpc/framework/face/testing
2022-12-27T02:53:56.4691240Z   creating build/lib.macosx-11.0-arm64-cpython-39/grpc/framework/foundation
2022-12-27T02:53:56.4691970Z   copying grpc/framework/foundation/callable_util.py -> build/lib.macosx-11.0-arm64-cpython-39/grpc/framework/foundation
2022-12-27T02:53:56.4692570Z   copying grpc/framework/foundation/abandonment.py -> build/lib.macosx-11.0-arm64-cpython-39/grpc/framework/foundation
2022-12-27T02:53:56.4692920Z   copying grpc/framework/foundation/stream_testing.py -> build/lib.macosx-11.0-arm64-cpython-39/grpc/framework/foundation
2022-12-27T02:53:56.4693320Z   copying grpc/framework/foundation/__init__.py -> build/lib.macosx-11.0-arm64-cpython-39/grpc/framework/foundation
2022-12-27T02:53:56.4693700Z   copying grpc/framework/foundation/stream.py -> build/lib.macosx-11.0-arm64-cpython-39/grpc/framework/foundation
2022-12-27T02:53:56.4694040Z   copying grpc/framework/foundation/activated.py -> build/lib.macosx-11.0-arm64-cpython-39/grpc/framework/foundation
2022-12-27T02:53:56.4694810Z   copying grpc/framework/foundation/later.py -> build/lib.macosx-11.0-arm64-cpython-39/grpc/framework/foundation
2022-12-27T02:53:56.4695180Z   copying grpc/framework/foundation/_later_test.py -> build/lib.macosx-11.0-arm64-cpython-39/grpc/framework/foundation
2022-12-27T02:53:56.4695500Z   copying grpc/framework/foundation/_logging_pool_test.py -> build/lib.macosx-11.0-arm64-cpython-39/grpc/framework/foundation
2022-12-27T02:53:56.4695820Z   copying grpc/framework/foundation/stream_util.py -> build/lib.macosx-11.0-arm64-cpython-39/grpc/framework/foundation
2022-12-27T02:53:56.4696170Z   copying grpc/framework/foundation/future.py -> build/lib.macosx-11.0-arm64-cpython-39/grpc/framework/foundation
2022-12-27T02:53:56.4696500Z   copying grpc/framework/foundation/_timer_future.py -> build/lib.macosx-11.0-arm64-cpython-39/grpc/framework/foundation
2022-12-27T02:53:56.4696880Z   copying grpc/framework/foundation/logging_pool.py -> build/lib.macosx-11.0-arm64-cpython-39/grpc/framework/foundation
2022-12-27T02:53:56.4703330Z   running build_ext
2022-12-27T02:53:56.5002230Z   building 'grpc._adapter._c' extension
2022-12-27T02:53:56.5004470Z   creating build/temp.macosx-11.0-arm64-cpython-39
2022-12-27T02:53:56.5006450Z   creating build/temp.macosx-11.0-arm64-cpython-39/grpc
2022-12-27T02:53:56.5008790Z   creating build/temp.macosx-11.0-arm64-cpython-39/grpc/_adapter
2022-12-27T02:53:56.5011110Z   gcc -Wno-unused-result -Wsign-compare -Wunreachable-code -fno-common -dynamic -DNDEBUG -g -fwrapv -O3 -Wall -g -I/usr/local/opt/openssl@3/include -I/usr/local/opt/openssl@3/include -arch arm64 -I. -I/private/var/folders/51/hd414ycd67n82196sw51xqtc0000gn/T/cibw-run-o9rwc73y/cp39-macosx_arm64/build/venv/include -I/Library/Frameworks/Python.framework/Versions/3.9/include/python3.9 -c grpc/_adapter/_c.c -o build/temp.macosx-11.0-arm64-cpython-39/grpc/_adapter/_c.o
2022-12-27T02:53:56.5698370Z   grpc/_adapter/_c.c:35:10: fatal error: 'grpc/grpc.h' file not found
2022-12-27T02:53:56.5700150Z   #include <grpc/grpc.h>
2022-12-27T02:53:56.5702670Z            ^~~~~~~~~~~~~
2022-12-27T02:53:56.5704520Z   1 error generated.
2022-12-27T02:53:56.5726750Z   error: command '/usr/bin/gcc' failed with exit code 1
2022-12-27T02:53:56.6094260Z   error: subprocess-exited-with-error
2022-12-27T02:53:56.6094750Z   
2022-12-27T02:53:56.6095160Z   Ã— python setup.py bdist_wheel did not run successfully.
2022-12-27T02:53:56.6095520Z   â”‚ exit code: 1
2022-12-27T02:53:56.6095980Z   â•°â”€> See above for output.
2022-12-27T02:53:56.6096220Z   
2022-12-27T02:53:56.6096550Z   note: This error originates from a subprocess, and is likely not a problem with pip.
2022-12-27T02:53:56.6104080Z   full command: /private/var/folders/51/hd414ycd67n82196sw51xqtc0000gn/T/cibw-run-o9rwc73y/cp39-macosx_arm64/build/venv/bin/python -u -c '
2022-12-27T02:53:56.6105120Z   exec(compile('"'"''"'"''"'"'
2022-12-27T02:53:56.6105650Z   # This is <pip-setuptools-caller> -- a caller that pip uses to run setup.py
2022-12-27T02:53:56.6106140Z   #
2022-12-27T02:53:56.6106550Z   # - It imports setuptools before invoking setup.py, to enable projects that directly
2022-12-27T02:53:56.6106900Z   #   import from `distutils.core` to work with newer packaging standards.
2022-12-27T02:53:56.6107340Z   # - It provides a clear error message when setuptools is not installed.
2022-12-27T02:53:56.6107830Z   # - It sets `sys.argv[0]` to the underlying `setup.py`, when invoking `setup.py` so
2022-12-27T02:53:56.6108980Z   #   setuptools doesn'"'"'t think the script is `-c`. This avoids the following warning:
2022-12-27T02:53:56.6110480Z   #     manifest_maker: standard file '"'"'-c'"'"' not found".
2022-12-27T02:53:56.6111110Z   # - It generates a shim setup.py, for handling setup.cfg-only projects.
2022-12-27T02:53:56.6111500Z   import os, sys, tokenize
2022-12-27T02:53:56.6111750Z   
2022-12-27T02:53:56.6111970Z   try:
2022-12-27T02:53:56.6112240Z       import setuptools
2022-12-27T02:53:56.6112550Z   except ImportError as error:
2022-12-27T02:53:56.6113380Z       print(
2022-12-27T02:53:56.6113680Z           "ERROR: Can not execute `setup.py` since setuptools is not available in "
2022-12-27T02:53:56.6114030Z           "the build environment.",
2022-12-27T02:53:56.6114290Z           file=sys.stderr,
2022-12-27T02:53:56.6114550Z       )
2022-12-27T02:53:56.6114930Z       sys.exit(1)
2022-12-27T02:53:56.6115160Z   
2022-12-27T02:53:56.6115380Z   __file__ = %r
2022-12-27T02:53:56.6115640Z   sys.argv[0] = __file__
2022-12-27T02:53:56.6115850Z   
2022-12-27T02:53:56.6116070Z   if os.path.exists(__file__):
2022-12-27T02:53:56.6116370Z       filename = __file__
2022-12-27T02:53:56.6116580Z       with tokenize.open(__file__) as f:
2022-12-27T02:53:56.6116900Z           setup_py_code = f.read()
2022-12-27T02:53:56.6117170Z   else:
2022-12-27T02:53:56.6117560Z       filename = "<auto-generated setuptools caller>"
2022-12-27T02:53:56.6117940Z       setup_py_code = "from setuptools import setup; setup()"
2022-12-27T02:53:56.6118260Z   
2022-12-27T02:53:56.6118520Z   exec(compile(setup_py_code, filename, "exec"))
2022-12-27T02:53:56.6119370Z   '"'"''"'"''"'"' % ('"'"'/Users/runner/actions-runner/_work/python.build/python.build/build_grpcio050a139/grpcio-0.5.0a1/setup.py'"'"',), "<pip-setuptools-caller>", "exec"))' bdist_wheel -d /private/var/folders/51/hd414ycd67n82196sw51xqtc0000gn/T/pip-wheel-js5n5dbg
2022-12-27T02:53:56.6120210Z   cwd: /Users/runner/actions-runner/_work/python.build/python.build/build_grpcio050a139/grpcio-0.5.0a1/
2022-12-27T02:53:56.6120790Z   Building wheel for grpcio (setup.py): finished with status 'error'
2022-12-27T02:53:56.6121110Z   ERROR: Failed building wheel for grpcio
2022-12-27T02:53:56.6121430Z   Running command python setup.py clean
2022-12-27T02:53:56.6121710Z   Running setup.py clean for grpcio
2022-12-27T02:53:56.7828480Z   running clean
2022-12-27T02:53:56.7847000Z   removing 'build/temp.macosx-11.0-arm64-cpython-39' (and everything under it)
2022-12-27T02:53:56.7851240Z   removing 'build/lib.macosx-11.0-arm64-cpython-39' (and everything under it)
2022-12-27T02:53:56.7935820Z   'build/bdist.macosx-11.0-arm64' does not exist -- can't clean it
2022-12-27T02:53:56.7937400Z   'build/scripts-3.9' does not exist -- can't clean it
2022-12-27T02:53:56.7938790Z   removing 'build'
2022-12-27T02:53:56.8128690Z Failed to build grpcio
2022-12-27T02:53:56.8133160Z ERROR: Failed to build one or more wheels
2022-12-27T02:53:56.8143640Z Exception information:
2022-12-27T02:53:56.8143860Z Traceback (most recent call last):
2022-12-27T02:53:56.8151100Z   File "/private/var/folders/51/hd414ycd67n82196sw51xqtc0000gn/T/cibw-run-o9rwc73y/cp39-macosx_arm64/build/venv/lib/python3.9/site-packages/pip/_internal/cli/base_command.py", line 160, in exc_logging_wrapper
2022-12-27T02:53:56.8151570Z     status = run_func(*args)
2022-12-27T02:53:56.8152230Z   File "/private/var/folders/51/hd414ycd67n82196sw51xqtc0000gn/T/cibw-run-o9rwc73y/cp39-macosx_arm64/build/venv/lib/python3.9/site-packages/pip/_internal/cli/req_command.py", line 247, in wrapper
2022-12-27T02:53:56.8152600Z     return func(self, options, args)
2022-12-27T02:53:56.8153140Z   File "/private/var/folders/51/hd414ycd67n82196sw51xqtc0000gn/T/cibw-run-o9rwc73y/cp39-macosx_arm64/build/venv/lib/python3.9/site-packages/pip/_internal/commands/wheel.py", line 201, in run
2022-12-27T02:53:56.8153550Z     raise CommandError("Failed to build one or more wheels")
2022-12-27T02:53:56.8153870Z pip._internal.exceptions.CommandError: Failed to build one or more wheels
2022-12-27T02:53:56.8154380Z Removed build tracker: '/private/var/folders/51/hd414ycd67n82196sw51xqtc0000gn/T/pip-build-tracker-s135tsff'
2022-12-27T02:53:56.8596540Z ##[error]Command ['python', '-m', 'pip', 'wheel', '/Users/runner/actions-runner/_work/python.build/python.build/build_grpcio050a139/grpcio-0.5.0a1', '--wheel-dir=/private/var/folders/51/hd414ycd67n82196sw51xqtc0000gn/T/cibw-run-o9rwc73y/cp39-macosx_arm64/built_wheel', '--no-deps', '-vvv'] failed with code 1. None
2022-12-27T02:53:56.8602530Z 
2022-12-27T02:53:56.8602850Z ##[endgroup]
2022-12-27T02:53:56.8603630Z                                                               [31mâœ• [0m1.30s
2022-12-27T02:53:56.9025770Z ##[error]Process completed with exit code 1.
2022-12-27T02:53:56.9059210Z ##[group]Run rm -rf build_grpcio050a139 wheelsout
2022-12-27T02:53:56.9059410Z [36;1mrm -rf build_grpcio050a139 wheelsout[0m
2022-12-27T02:53:56.9074280Z shell: /bin/bash -e {0}
2022-12-27T02:53:56.9074390Z env:
2022-12-27T02:53:56.9074540Z   pythonLocation: /Users/runner/hostedtoolcache/Python/3.9.16/x64
2022-12-27T02:53:56.9074790Z   PKG_CONFIG_PATH: /Users/runner/hostedtoolcache/Python/3.9.16/x64/lib/pkgconfig
2022-12-27T02:53:56.9074970Z   Python_ROOT_DIR: /Users/runner/hostedtoolcache/Python/3.9.16/x64
2022-12-27T02:53:56.9075150Z   Python2_ROOT_DIR: /Users/runner/hostedtoolcache/Python/3.9.16/x64
2022-12-27T02:53:56.9075320Z   Python3_ROOT_DIR: /Users/runner/hostedtoolcache/Python/3.9.16/x64
2022-12-27T02:53:56.9075450Z ##[endgroup]
2022-12-27T02:53:56.9334910Z Cleaning up orphan processes
