2022-12-27T02:00:06.2744956Z Requested labels: self-hosted, macOS, X64
2022-12-27T02:00:06.2745018Z Job defined at: kilnbuild/python.build/.github/workflows/mac_arm_build.yml@refs/heads/main
2022-12-27T02:00:06.2745048Z Waiting for a runner to pick up this job...
2022-12-27T03:20:22.2862217Z Job is about to start running on the runner: s1 (organization)
2022-12-27T03:20:26.5173410Z Current runner version: '2.300.2'
2022-12-27T03:20:26.5178480Z Runner name: 's1'
2022-12-27T03:20:26.5178730Z Runner group name: 'Default'
2022-12-27T03:20:26.5179180Z Machine name: 's1'
2022-12-27T03:20:26.5180750Z ##[group]GITHUB_TOKEN Permissions
2022-12-27T03:20:26.5181180Z Actions: write
2022-12-27T03:20:26.5181330Z Checks: write
2022-12-27T03:20:26.5181460Z Contents: write
2022-12-27T03:20:26.5181610Z Deployments: write
2022-12-27T03:20:26.5181740Z Discussions: write
2022-12-27T03:20:26.5181880Z Issues: write
2022-12-27T03:20:26.5182010Z Metadata: read
2022-12-27T03:20:26.5182140Z Packages: write
2022-12-27T03:20:26.5182280Z Pages: write
2022-12-27T03:20:26.5182410Z PullRequests: write
2022-12-27T03:20:26.5182580Z RepositoryProjects: write
2022-12-27T03:20:26.5182740Z SecurityEvents: write
2022-12-27T03:20:26.5182890Z Statuses: write
2022-12-27T03:20:26.5183020Z ##[endgroup]
2022-12-27T03:20:26.5185750Z Secret source: Actions
2022-12-27T03:20:26.5186230Z Prepare workflow directory
2022-12-27T03:20:26.5856050Z Prepare all required actions
2022-12-27T03:20:26.5978860Z Getting action download info
2022-12-27T03:20:27.0287170Z Download action repository 'actions/setup-python@v4' (SHA:5ccb29d8773c3f3f653e1705f474dfaa8a06a912)
2022-12-27T03:20:28.7846270Z Download action repository 'actions/upload-artifact@v3' (SHA:83fd05a356d7e2593de66fc9913b3002723633cb)
2022-12-27T03:20:30.2046780Z ##[group]Run echo '{
2022-12-27T03:20:30.2047240Z [36;1mecho '{[0m
2022-12-27T03:20:30.2047450Z [36;1m  "environment_variables": "GRPC_PYTHON_BUILD_WITH_CYTHON=1 GRPC_BUILD_WITH_BORING_SSL_ASM='' GRPC_PYTHON_BUILD_SYSTEM_OPENSSL=TRUE",[0m
2022-12-27T03:20:30.2047640Z [36;1m  "package_name": "grpcio",[0m
2022-12-27T03:20:30.2047900Z [36;1m  "package_url": "https://files.pythonhosted.org/packages/37/c0/8c76b015890655ec1e9c2f2c9444a74b652b5d34310ffadfaefa35290a66/grpcio-0.4.0a0.tar.gz",[0m
2022-12-27T03:20:30.2048140Z [36;1m  "package_version": "0.4.0a0",[0m
2022-12-27T03:20:30.2048320Z [36;1m  "python_version": "3.10",[0m
2022-12-27T03:20:30.2048480Z [36;1m  "use_ccache": "true"[0m
2022-12-27T03:20:30.2048650Z [36;1m}'[0m
2022-12-27T03:20:30.2064890Z shell: /bin/bash -e {0}
2022-12-27T03:20:30.2065070Z ##[endgroup]
2022-12-27T03:20:30.2284080Z {
2022-12-27T03:20:30.2285640Z   "environment_variables": "GRPC_PYTHON_BUILD_WITH_CYTHON=1 GRPC_BUILD_WITH_BORING_SSL_ASM= GRPC_PYTHON_BUILD_SYSTEM_OPENSSL=TRUE",
2022-12-27T03:20:30.2285930Z   "package_name": "grpcio",
2022-12-27T03:20:30.2286530Z   "package_url": "https://files.pythonhosted.org/packages/37/c0/8c76b015890655ec1e9c2f2c9444a74b652b5d34310ffadfaefa35290a66/grpcio-0.4.0a0.tar.gz",
2022-12-27T03:20:30.2286910Z   "package_version": "0.4.0a0",
2022-12-27T03:20:30.2287130Z   "python_version": "3.10",
2022-12-27T03:20:30.2287320Z   "use_ccache": "true"
2022-12-27T03:20:30.2287490Z }
2022-12-27T03:20:30.2506230Z ##[group]Run actions/setup-python@v4
2022-12-27T03:20:30.2506450Z with:
2022-12-27T03:20:30.2506710Z   python-version: 3.10
2022-12-27T03:20:30.2506990Z   check-latest: false
2022-12-27T03:20:30.2507310Z   token: ***
2022-12-27T03:20:30.2507550Z   update-environment: true
2022-12-27T03:20:30.2507750Z ##[endgroup]
2022-12-27T03:20:30.3762500Z ##[group]Installed versions
2022-12-27T03:20:30.3809980Z Successfully set up CPython (3.10.9)
2022-12-27T03:20:30.3810620Z ##[endgroup]
2022-12-27T03:20:30.3958560Z ##[group]Run if [ "true" == "true" ]
2022-12-27T03:20:30.3958790Z [36;1mif [ "true" == "true" ][0m
2022-12-27T03:20:30.3959040Z [36;1mthen[0m
2022-12-27T03:20:30.3959260Z [36;1m  echo "CCACHE_PATH_PREPEND=/usr/local/opt/ccache/libexec" >> $GITHUB_OUTPUT[0m
2022-12-27T03:20:30.3959470Z [36;1melse[0m
2022-12-27T03:20:30.3959630Z [36;1m  echo "CCACHE_PATH_PREPEND=" >> $GITHUB_OUTPUT[0m
2022-12-27T03:20:30.3959820Z [36;1mfi[0m
2022-12-27T03:20:30.3976890Z shell: /bin/bash -e {0}
2022-12-27T03:20:30.3977070Z env:
2022-12-27T03:20:30.3977290Z   pythonLocation: /Users/runner/hostedtoolcache/Python/3.10.9/x64
2022-12-27T03:20:30.3977630Z   PKG_CONFIG_PATH: /Users/runner/hostedtoolcache/Python/3.10.9/x64/lib/pkgconfig
2022-12-27T03:20:30.3978310Z   Python_ROOT_DIR: /Users/runner/hostedtoolcache/Python/3.10.9/x64
2022-12-27T03:20:30.3978600Z   Python2_ROOT_DIR: /Users/runner/hostedtoolcache/Python/3.10.9/x64
2022-12-27T03:20:30.3978970Z   Python3_ROOT_DIR: /Users/runner/hostedtoolcache/Python/3.10.9/x64
2022-12-27T03:20:30.3979240Z ##[endgroup]
2022-12-27T03:20:30.4090260Z ##[group]Run echo "BUILD_NAME=$(echo grpcio_0.4.0a0_3.10 | tr -dc '[:alnum:]\n\r' | tr '[:upper:]' '[:lower:]')" >> $GITHUB_OUTPUT
2022-12-27T03:20:30.4090800Z [36;1mecho "BUILD_NAME=$(echo grpcio_0.4.0a0_3.10 | tr -dc '[:alnum:]\n\r' | tr '[:upper:]' '[:lower:]')" >> $GITHUB_OUTPUT[0m
2022-12-27T03:20:30.4105210Z shell: /bin/bash -e {0}
2022-12-27T03:20:30.4105370Z env:
2022-12-27T03:20:30.4105670Z   pythonLocation: /Users/runner/hostedtoolcache/Python/3.10.9/x64
2022-12-27T03:20:30.4105970Z   PKG_CONFIG_PATH: /Users/runner/hostedtoolcache/Python/3.10.9/x64/lib/pkgconfig
2022-12-27T03:20:30.4106300Z   Python_ROOT_DIR: /Users/runner/hostedtoolcache/Python/3.10.9/x64
2022-12-27T03:20:30.4106610Z   Python2_ROOT_DIR: /Users/runner/hostedtoolcache/Python/3.10.9/x64
2022-12-27T03:20:30.4106850Z   Python3_ROOT_DIR: /Users/runner/hostedtoolcache/Python/3.10.9/x64
2022-12-27T03:20:30.4107140Z ##[endgroup]
2022-12-27T03:20:30.4249380Z ##[group]Run echo "PYTHON_NO_DOTS=$(echo 3.10 | tr -dc '[:alnum:]\n\r' | tr '[:upper:]' '[:lower:]')" >> $GITHUB_OUTPUT
2022-12-27T03:20:30.4249730Z [36;1mecho "PYTHON_NO_DOTS=$(echo 3.10 | tr -dc '[:alnum:]\n\r' | tr '[:upper:]' '[:lower:]')" >> $GITHUB_OUTPUT[0m
2022-12-27T03:20:30.4264050Z shell: /bin/bash -e {0}
2022-12-27T03:20:30.4264240Z env:
2022-12-27T03:20:30.4264450Z   pythonLocation: /Users/runner/hostedtoolcache/Python/3.10.9/x64
2022-12-27T03:20:30.4265130Z   PKG_CONFIG_PATH: /Users/runner/hostedtoolcache/Python/3.10.9/x64/lib/pkgconfig
2022-12-27T03:20:30.4265400Z   Python_ROOT_DIR: /Users/runner/hostedtoolcache/Python/3.10.9/x64
2022-12-27T03:20:30.4265660Z   Python2_ROOT_DIR: /Users/runner/hostedtoolcache/Python/3.10.9/x64
2022-12-27T03:20:30.4265930Z   Python3_ROOT_DIR: /Users/runner/hostedtoolcache/Python/3.10.9/x64
2022-12-27T03:20:30.4266070Z ##[endgroup]
2022-12-27T03:20:30.4377460Z ##[group]Run rm -rf build_grpcio040a0310
2022-12-27T03:20:30.4377830Z [36;1mrm -rf build_grpcio040a0310[0m
2022-12-27T03:20:30.4378000Z [36;1mmkdir build_grpcio040a0310[0m
2022-12-27T03:20:30.4378180Z [36;1mcd build_grpcio040a0310[0m
2022-12-27T03:20:30.4378610Z [36;1m/usr/local/bin/wget --quiet https://files.pythonhosted.org/packages/37/c0/8c76b015890655ec1e9c2f2c9444a74b652b5d34310ffadfaefa35290a66/grpcio-0.4.0a0.tar.gz[0m
2022-12-27T03:20:30.4378870Z [36;1mtar xf *.tar.gz[0m
2022-12-27T03:20:30.4379070Z [36;1mcd grpcio-*/[0m
2022-12-27T03:20:30.4379270Z [36;1mpython -m pip install cibuildwheel==2.11.3[0m
2022-12-27T03:20:30.4379530Z [36;1mpython -m cibuildwheel --output-dir ../wheelsout[0m
2022-12-27T03:20:30.4393630Z shell: /bin/bash -e {0}
2022-12-27T03:20:30.4393850Z env:
2022-12-27T03:20:30.4394070Z   pythonLocation: /Users/runner/hostedtoolcache/Python/3.10.9/x64
2022-12-27T03:20:30.4394410Z   PKG_CONFIG_PATH: /Users/runner/hostedtoolcache/Python/3.10.9/x64/lib/pkgconfig
2022-12-27T03:20:30.4394670Z   Python_ROOT_DIR: /Users/runner/hostedtoolcache/Python/3.10.9/x64
2022-12-27T03:20:30.4394880Z   Python2_ROOT_DIR: /Users/runner/hostedtoolcache/Python/3.10.9/x64
2022-12-27T03:20:30.4395110Z   Python3_ROOT_DIR: /Users/runner/hostedtoolcache/Python/3.10.9/x64
2022-12-27T03:20:30.4395360Z   CIBW_ARCHS_MACOS: arm64
2022-12-27T03:20:30.4395510Z   CIBW_TEST_SKIP: *_arm64
2022-12-27T03:20:30.4395700Z   CIBW_BUILD: cp310-macosx_arm64
2022-12-27T03:20:30.4395880Z   CIBW_BUILD_FRONTEND: pip
2022-12-27T03:20:30.4396030Z   CIBW_BUILD_VERBOSITY: 3
2022-12-27T03:20:30.4396440Z   CIBW_ENVIRONMENT_MACOS: GRPC_PYTHON_BUILD_WITH_CYTHON=1 GRPC_BUILD_WITH_BORING_SSL_ASM='' GRPC_PYTHON_BUILD_SYSTEM_OPENSSL=TRUE CFLAGS="-I/usr/local/opt/openssl@3/include" LDFLAGS="-L/usr/local/opt/openssl@3/lib" CPPFLAGS="-I/usr/local/opt/openssl@3/include" MAKEFLAGS="-j$(sysctl -n hw.logicalcpu)" PATH=/usr/local/opt/ccache/libexec:$PATH
2022-12-27T03:20:30.4397090Z   CIBW_BEFORE_BUILD: pip install Cython; if [[ -f requirements.txt ]]; then pip install -r requirements.txt; fi
2022-12-27T03:20:30.4397350Z   MAKEFLAGS: -j$(sysctl -n hw.logicalcpu)
2022-12-27T03:20:30.4397530Z ##[endgroup]
2022-12-27T03:20:30.7916160Z Requirement already satisfied: cibuildwheel==2.11.3 in /Users/runner/hostedtoolcache/Python/3.10.9/x64/lib/python3.10/site-packages (2.11.3)
2022-12-27T03:20:30.8181920Z Requirement already satisfied: bracex in /Users/runner/hostedtoolcache/Python/3.10.9/x64/lib/python3.10/site-packages (from cibuildwheel==2.11.3) (2.3.post1)
2022-12-27T03:20:30.8185050Z Requirement already satisfied: filelock in /Users/runner/hostedtoolcache/Python/3.10.9/x64/lib/python3.10/site-packages (from cibuildwheel==2.11.3) (3.8.2)
2022-12-27T03:20:30.8195340Z Requirement already satisfied: typing-extensions>=4.1.0 in /Users/runner/hostedtoolcache/Python/3.10.9/x64/lib/python3.10/site-packages (from cibuildwheel==2.11.3) (4.4.0)
2022-12-27T03:20:30.8199000Z Requirement already satisfied: platformdirs in /Users/runner/hostedtoolcache/Python/3.10.9/x64/lib/python3.10/site-packages (from cibuildwheel==2.11.3) (2.6.0)
2022-12-27T03:20:30.8202390Z Requirement already satisfied: certifi in /Users/runner/hostedtoolcache/Python/3.10.9/x64/lib/python3.10/site-packages (from cibuildwheel==2.11.3) (2022.12.7)
2022-12-27T03:20:30.8207490Z Requirement already satisfied: bashlex!=0.13 in /Users/runner/hostedtoolcache/Python/3.10.9/x64/lib/python3.10/site-packages (from cibuildwheel==2.11.3) (0.16)
2022-12-27T03:20:30.8213630Z Requirement already satisfied: tomli in /Users/runner/hostedtoolcache/Python/3.10.9/x64/lib/python3.10/site-packages (from cibuildwheel==2.11.3) (2.0.1)
2022-12-27T03:20:30.8219020Z Requirement already satisfied: packaging>=20.9 in /Users/runner/hostedtoolcache/Python/3.10.9/x64/lib/python3.10/site-packages (from cibuildwheel==2.11.3) (22.0)
2022-12-27T03:20:31.0050390Z 
2022-12-27T03:20:31.0050770Z      _ _       _ _   _       _           _
2022-12-27T03:20:31.0051300Z  ___|_| |_ _ _|_| |_| |_ _ _| |_ ___ ___| |
2022-12-27T03:20:31.0052760Z |  _| | . | | | | | . | | | |   | -_| -_| |
2022-12-27T03:20:31.0053110Z |___|_|___|___|_|_|___|_____|_|_|___|___|_|
2022-12-27T03:20:31.0053250Z 
2022-12-27T03:20:31.0053360Z cibuildwheel version 2.11.3
2022-12-27T03:20:31.0053510Z 
2022-12-27T03:20:31.0053730Z Build options:
2022-12-27T03:20:31.0053920Z   platform: macos
2022-12-27T03:20:31.0108410Z   architectures: arm64[0m
2022-12-27T03:20:31.0108670Z   build_selector: 
2022-12-27T03:20:31.0108940Z     build_config: cp310-macosx_arm64
2022-12-27T03:20:31.0109520Z     skip_config: 
2022-12-27T03:20:31.0109930Z     requires_python: None
2022-12-27T03:20:31.0110320Z     prerelease_pythons: False[0m
2022-12-27T03:20:31.0110630Z   [38;5;244mcontainer_engine: docker[0m
2022-12-27T03:20:31.0111090Z   output_dir: /Users/runner/actions-runner/_work/python.build/python.build/build_grpcio040a0310/wheelsout[0m
2022-12-27T03:20:31.0111770Z   package_dir: /Users/runner/actions-runner/_work/python.build/python.build/build_grpcio040a0310/grpcio-0.4.0a0[0m
2022-12-27T03:20:31.0112040Z   test_selector: 
2022-12-27T03:20:31.0113080Z     skip_config: *_arm64[0m
2022-12-27T03:20:31.0113520Z   [38;5;244mbefore_all: [0m
2022-12-27T03:20:31.0114220Z   before_build: pip install Cython; if [[ -f requirements.txt ]]; then pip install -r requirements.txt; fi[0m
2022-12-27T03:20:31.0114720Z   [38;5;244mbefore_test: [0m
2022-12-27T03:20:31.0115130Z   [38;5;244mbuild_frontend: pip[0m
2022-12-27T03:20:31.0115590Z   build_verbosity: 3[0m
2022-12-27T03:20:31.0116150Z   [38;5;244mconfig_settings: [0m
2022-12-27T03:20:31.0116590Z   [38;5;244mdependency_constraints: pinned[0m
2022-12-27T03:20:31.0116840Z   environment: 
2022-12-27T03:20:31.0117140Z     GRPC_PYTHON_BUILD_WITH_CYTHON=1
2022-12-27T03:20:31.0117490Z     GRPC_BUILD_WITH_BORING_SSL_ASM=''
2022-12-27T03:20:31.0118240Z     GRPC_PYTHON_BUILD_SYSTEM_OPENSSL=TRUE
2022-12-27T03:20:31.0118780Z     CFLAGS="-I/usr/local/opt/openssl@3/include"
2022-12-27T03:20:31.0119220Z     LDFLAGS="-L/usr/local/opt/openssl@3/lib"
2022-12-27T03:20:31.0119600Z     CPPFLAGS="-I/usr/local/opt/openssl@3/include"
2022-12-27T03:20:31.0120020Z     MAKEFLAGS="-j$(sysctl -n hw.logicalcpu)"
2022-12-27T03:20:31.0120590Z     PATH=/usr/local/opt/ccache/libexec:$PATH[0m
2022-12-27T03:20:31.0120940Z   [38;5;244mmanylinux_images: None[0m
2022-12-27T03:20:31.0121330Z   [38;5;244mmusllinux_images: None[0m
2022-12-27T03:20:31.0121850Z   [38;5;244mrepair_command: delocate-wheel --require-archs {delocate_archs} -w {dest_dir} -v {wheel}[0m
2022-12-27T03:20:31.0122420Z   [38;5;244mtest_command: [0m
2022-12-27T03:20:31.0122740Z   [38;5;244mtest_extras: [0m
2022-12-27T03:20:31.0123100Z   [38;5;244mtest_requires: [0m
2022-12-27T03:20:31.0123270Z 
2022-12-27T03:20:31.0123430Z Cache folder: /Users/runner/Library/Caches/cibuildwheel
2022-12-27T03:20:31.0140180Z 
2022-12-27T03:20:31.0140450Z Here we go!
2022-12-27T03:20:31.0140680Z 
2022-12-27T03:20:31.0206660Z 
2022-12-27T03:20:31.0207280Z [1m[34mBuilding cp310-macosx_arm64 wheel[0m
2022-12-27T03:20:31.0207750Z CPython 3.10 macOS arm64 - Apple Silicon
2022-12-27T03:20:31.0207910Z 
2022-12-27T03:20:31.0210170Z ##[group]Installing Python cp310...
2022-12-27T03:20:31.0210360Z 
2022-12-27T03:20:31.0210660Z + pkgutil --pkgs
2022-12-27T03:20:31.0313400Z ##[endgroup]
2022-12-27T03:20:31.0314210Z                                                               [32m✓ [0m0.01s
2022-12-27T03:20:31.0314600Z ##[group]Setting up build environment...
2022-12-27T03:20:31.0314810Z 
2022-12-27T03:20:31.0334000Z + /Users/runner/hostedtoolcache/Python/3.10.9/x64/bin/python -sS /Users/runner/Library/Caches/cibuildwheel/virtualenv-20.17.0.pyz --activators= --no-periodic-update --pip=22.3.1 --setuptools=65.6.3 --wheel=0.38.4 --symlink-app-data --python /Library/Frameworks/Python.framework/Versions/3.10/bin/python3 /private/var/folders/51/hd414ycd67n82196sw51xqtc0000gn/T/cibw-run-6coaqdqh/cp310-macosx_arm64/build/venv
2022-12-27T03:20:31.2250830Z created virtual environment CPython3.10.8.final.0-64 in 50ms
2022-12-27T03:20:31.2251780Z   creator CPython3Posix(dest=/private/var/folders/51/hd414ycd67n82196sw51xqtc0000gn/T/cibw-run-6coaqdqh/cp310-macosx_arm64/build/venv, clear=False, no_vcs_ignore=False, global=False)
2022-12-27T03:20:31.2252220Z   seeder FromAppData(download=False, pip=22.3.1, setuptools=65.6.3, wheel=0.38.4, via=symlink, app_data_dir=/Users/runner/Library/Application Support/virtualenv)
2022-12-27T03:20:31.2252630Z     added seed packages: pip==22.3.1, setuptools==65.6.3, wheel==0.38.4
2022-12-27T03:20:31.2376150Z + python -m pip install --upgrade pip -c /Users/runner/hostedtoolcache/Python/3.10.9/x64/lib/python3.10/site-packages/cibuildwheel/resources/constraints-python310.txt
2022-12-27T03:20:31.5217540Z Requirement already satisfied: pip in ./lib/python3.10/site-packages (22.3.1)
2022-12-27T03:20:31.6582310Z + which pip
2022-12-27T03:20:31.6598420Z /private/var/folders/51/hd414ycd67n82196sw51xqtc0000gn/T/cibw-run-6coaqdqh/cp310-macosx_arm64/build/venv/bin/pip
2022-12-27T03:20:31.6600720Z + pip --version
2022-12-27T03:20:31.8631140Z pip 22.3.1 from /private/var/folders/51/hd414ycd67n82196sw51xqtc0000gn/T/cibw-run-6coaqdqh/cp310-macosx_arm64/build/venv/lib/python3.10/site-packages/pip (python 3.10)
2022-12-27T03:20:31.8847590Z + which pip
2022-12-27T03:20:31.8874730Z + which python
2022-12-27T03:20:31.8891680Z /private/var/folders/51/hd414ycd67n82196sw51xqtc0000gn/T/cibw-run-6coaqdqh/cp310-macosx_arm64/build/venv/bin/python
2022-12-27T03:20:31.8894290Z + python --version
2022-12-27T03:20:31.8941580Z Python 3.10.8
2022-12-27T03:20:31.8944650Z + which python
2022-12-27T03:20:31.8995720Z ##[endgroup]
2022-12-27T03:20:31.8996170Z                                                               [32m✓ [0m0.87s
2022-12-27T03:20:31.8996620Z ##[group]Installing build tools...
2022-12-27T03:20:31.8996770Z 
2022-12-27T03:20:31.8997800Z + pip install --upgrade setuptools wheel delocate -c /Users/runner/hostedtoolcache/Python/3.10.9/x64/lib/python3.10/site-packages/cibuildwheel/resources/constraints-python310.txt
2022-12-27T03:20:32.1728160Z Requirement already satisfied: setuptools in /private/var/folders/51/hd414ycd67n82196sw51xqtc0000gn/T/cibw-run-6coaqdqh/cp310-macosx_arm64/build/venv/lib/python3.10/site-packages (65.6.3)
2022-12-27T03:20:32.3714130Z Requirement already satisfied: wheel in /private/var/folders/51/hd414ycd67n82196sw51xqtc0000gn/T/cibw-run-6coaqdqh/cp310-macosx_arm64/build/venv/lib/python3.10/site-packages (0.38.4)
2022-12-27T03:20:32.4145070Z Collecting delocate
2022-12-27T03:20:32.4167100Z   Using cached delocate-0.10.3-py3-none-any.whl (142 kB)
2022-12-27T03:20:32.6472770Z Collecting typing-extensions
2022-12-27T03:20:32.6490650Z   Using cached typing_extensions-4.4.0-py3-none-any.whl (26 kB)
2022-12-27T03:20:32.6711680Z Collecting packaging>=20.9
2022-12-27T03:20:32.6729280Z   Using cached packaging-21.3-py3-none-any.whl (40 kB)
2022-12-27T03:20:32.7055580Z Collecting pyparsing!=3.0.5,>=2.0.2
2022-12-27T03:20:32.7074930Z   Using cached pyparsing-3.0.9-py3-none-any.whl (98 kB)
2022-12-27T03:20:32.7403460Z Installing collected packages: typing-extensions, pyparsing, packaging, delocate
2022-12-27T03:20:32.8695340Z Successfully installed delocate-0.10.3 packaging-21.3 pyparsing-3.0.9 typing-extensions-4.4.0
2022-12-27T03:20:32.9125440Z ##[endgroup]
2022-12-27T03:20:32.9126070Z                                                               [32m✓ [0m1.01s
2022-12-27T03:20:32.9126560Z ##[group]Running before_build...
2022-12-27T03:20:32.9126720Z 
2022-12-27T03:20:32.9133200Z + pip install Cython; if [[ -f requirements.txt ]]; then pip install -r requirements.txt; fi
2022-12-27T03:20:33.5223770Z Collecting Cython
2022-12-27T03:20:33.5265980Z   Using cached Cython-0.29.32-py2.py3-none-any.whl (986 kB)
2022-12-27T03:20:33.5658590Z Installing collected packages: Cython
2022-12-27T03:20:33.9787400Z Successfully installed Cython-0.29.32
2022-12-27T03:20:34.0215140Z ##[endgroup]
2022-12-27T03:20:34.0215870Z                                                               [32m✓ [0m1.11s
2022-12-27T03:20:34.0221240Z ##[group]Building wheel...
2022-12-27T03:20:34.0221400Z 
2022-12-27T03:20:34.0221850Z + python -m pip wheel /Users/runner/actions-runner/_work/python.build/python.build/build_grpcio040a0310/grpcio-0.4.0a0 --wheel-dir=/private/var/folders/51/hd414ycd67n82196sw51xqtc0000gn/T/cibw-run-6coaqdqh/cp310-macosx_arm64/built_wheel --no-deps -vvv
2022-12-27T03:20:34.2818590Z Created temporary directory: /private/var/folders/51/hd414ycd67n82196sw51xqtc0000gn/T/pip-ephem-wheel-cache-99u0g_i7
2022-12-27T03:20:34.2822620Z Created temporary directory: /private/var/folders/51/hd414ycd67n82196sw51xqtc0000gn/T/pip-build-tracker-n3q0vwxl
2022-12-27T03:20:34.2824420Z Initialized build tracking at /private/var/folders/51/hd414ycd67n82196sw51xqtc0000gn/T/pip-build-tracker-n3q0vwxl
2022-12-27T03:20:34.2825820Z Created build tracker: /private/var/folders/51/hd414ycd67n82196sw51xqtc0000gn/T/pip-build-tracker-n3q0vwxl
2022-12-27T03:20:34.2827330Z Entered build tracker: /private/var/folders/51/hd414ycd67n82196sw51xqtc0000gn/T/pip-build-tracker-n3q0vwxl
2022-12-27T03:20:34.2830840Z Created temporary directory: /private/var/folders/51/hd414ycd67n82196sw51xqtc0000gn/T/pip-wheel-yu2wexcp
2022-12-27T03:20:34.2836490Z Created temporary directory: /private/var/folders/51/hd414ycd67n82196sw51xqtc0000gn/T/pip-ephem-wheel-cache-ygmu21ud
2022-12-27T03:20:34.2987950Z Processing /Users/runner/actions-runner/_work/python.build/python.build/build_grpcio040a0310/grpcio-0.4.0a0
2022-12-27T03:20:34.2993120Z   Added file:///Users/runner/actions-runner/_work/python.build/python.build/build_grpcio040a0310/grpcio-0.4.0a0 to build tracker '/private/var/folders/51/hd414ycd67n82196sw51xqtc0000gn/T/pip-build-tracker-n3q0vwxl'
2022-12-27T03:20:34.2996530Z   Running setup.py (path:/Users/runner/actions-runner/_work/python.build/python.build/build_grpcio040a0310/grpcio-0.4.0a0/setup.py) egg_info for package from file:///Users/runner/actions-runner/_work/python.build/python.build/build_grpcio040a0310/grpcio-0.4.0a0
2022-12-27T03:20:34.2999980Z   Created temporary directory: /private/var/folders/51/hd414ycd67n82196sw51xqtc0000gn/T/pip-pip-egg-info-kzjcfg9b
2022-12-27T03:20:34.3001510Z   Preparing metadata (setup.py): started
2022-12-27T03:20:34.3003260Z   Running command python setup.py egg_info
2022-12-27T03:20:34.5690270Z   Preparing metadata (setup.py): finished with status 'done'
2022-12-27T03:20:34.5712110Z   Source in /Users/runner/actions-runner/_work/python.build/python.build/build_grpcio040a0310/grpcio-0.4.0a0 has version 0.4.0a0, which satisfies requirement grpcio==0.4.0a0 from file:///Users/runner/actions-runner/_work/python.build/python.build/build_grpcio040a0310/grpcio-0.4.0a0
2022-12-27T03:20:34.5715460Z   Removed grpcio==0.4.0a0 from file:///Users/runner/actions-runner/_work/python.build/python.build/build_grpcio040a0310/grpcio-0.4.0a0 from build tracker '/private/var/folders/51/hd414ycd67n82196sw51xqtc0000gn/T/pip-build-tracker-n3q0vwxl'
2022-12-27T03:20:34.5731320Z Created temporary directory: /private/var/folders/51/hd414ycd67n82196sw51xqtc0000gn/T/pip-unpack-k2zqeps2
2022-12-27T03:20:34.5733810Z Building wheels for collected packages: grpcio
2022-12-27T03:20:34.5742700Z   Created temporary directory: /private/var/folders/51/hd414ycd67n82196sw51xqtc0000gn/T/pip-wheel-mysg_u8k
2022-12-27T03:20:34.5744690Z   Building wheel for grpcio (setup.py): started
2022-12-27T03:20:34.5746710Z   Destination directory: /private/var/folders/51/hd414ycd67n82196sw51xqtc0000gn/T/pip-wheel-mysg_u8k
2022-12-27T03:20:34.5748780Z   Running command python setup.py bdist_wheel
2022-12-27T03:20:34.9189740Z   grpc/_adapter/_c.c:35:10: fatal error: 'grpc/grpc.h' file not found
2022-12-27T03:20:34.9190200Z   #include <grpc/grpc.h>
2022-12-27T03:20:34.9191930Z            ^~~~~~~~~~~~~
2022-12-27T03:20:34.9192970Z   1 error generated.
2022-12-27T03:20:34.9205250Z   error: command '/usr/bin/clang' failed with exit code 1
2022-12-27T03:20:34.9524410Z   error: subprocess-exited-with-error
2022-12-27T03:20:34.9524710Z   
2022-12-27T03:20:34.9525750Z   × python setup.py bdist_wheel did not run successfully.
2022-12-27T03:20:34.9526100Z   │ exit code: 1
2022-12-27T03:20:34.9526410Z   ╰─> See above for output.
2022-12-27T03:20:34.9526680Z   
2022-12-27T03:20:34.9527030Z   note: This error originates from a subprocess, and is likely not a problem with pip.
2022-12-27T03:20:34.9533010Z   full command: /private/var/folders/51/hd414ycd67n82196sw51xqtc0000gn/T/cibw-run-6coaqdqh/cp310-macosx_arm64/build/venv/bin/python -u -c '
2022-12-27T03:20:34.9533610Z   exec(compile('"'"''"'"''"'"'
2022-12-27T03:20:34.9534040Z   # This is <pip-setuptools-caller> -- a caller that pip uses to run setup.py
2022-12-27T03:20:34.9534330Z   #
2022-12-27T03:20:34.9534600Z   # - It imports setuptools before invoking setup.py, to enable projects that directly
2022-12-27T03:20:34.9534890Z   #   import from `distutils.core` to work with newer packaging standards.
2022-12-27T03:20:34.9535230Z   # - It provides a clear error message when setuptools is not installed.
2022-12-27T03:20:34.9535530Z   # - It sets `sys.argv[0]` to the underlying `setup.py`, when invoking `setup.py` so
2022-12-27T03:20:34.9535900Z   #   setuptools doesn'"'"'t think the script is `-c`. This avoids the following warning:
2022-12-27T03:20:34.9536210Z   #     manifest_maker: standard file '"'"'-c'"'"' not found".
2022-12-27T03:20:34.9536470Z   # - It generates a shim setup.py, for handling setup.cfg-only projects.
2022-12-27T03:20:34.9536690Z   import os, sys, tokenize
2022-12-27T03:20:34.9536860Z   
2022-12-27T03:20:34.9537090Z   try:
2022-12-27T03:20:34.9537230Z       import setuptools
2022-12-27T03:20:34.9537410Z   except ImportError as error:
2022-12-27T03:20:34.9537590Z       print(
2022-12-27T03:20:34.9537770Z           "ERROR: Can not execute `setup.py` since setuptools is not available in "
2022-12-27T03:20:34.9538040Z           "the build environment.",
2022-12-27T03:20:34.9538560Z           file=sys.stderr,
2022-12-27T03:20:34.9538770Z       )
2022-12-27T03:20:34.9538930Z       sys.exit(1)
2022-12-27T03:20:34.9539150Z   
2022-12-27T03:20:34.9539280Z   __file__ = %r
2022-12-27T03:20:34.9539460Z   sys.argv[0] = __file__
2022-12-27T03:20:34.9539630Z   
2022-12-27T03:20:34.9539770Z   if os.path.exists(__file__):
2022-12-27T03:20:34.9539980Z       filename = __file__
2022-12-27T03:20:34.9540180Z       with tokenize.open(__file__) as f:
2022-12-27T03:20:34.9540340Z           setup_py_code = f.read()
2022-12-27T03:20:34.9540510Z   else:
2022-12-27T03:20:34.9540780Z       filename = "<auto-generated setuptools caller>"
2022-12-27T03:20:34.9541030Z       setup_py_code = "from setuptools import setup; setup()"
2022-12-27T03:20:34.9541220Z   
2022-12-27T03:20:34.9541410Z   exec(compile(setup_py_code, filename, "exec"))
2022-12-27T03:20:34.9541910Z   '"'"''"'"''"'"' % ('"'"'/Users/runner/actions-runner/_work/python.build/python.build/build_grpcio040a0310/grpcio-0.4.0a0/setup.py'"'"',), "<pip-setuptools-caller>", "exec"))' bdist_wheel -d /private/var/folders/51/hd414ycd67n82196sw51xqtc0000gn/T/pip-wheel-mysg_u8k
2022-12-27T03:20:34.9542370Z   cwd: /Users/runner/actions-runner/_work/python.build/python.build/build_grpcio040a0310/grpcio-0.4.0a0/
2022-12-27T03:20:34.9542660Z   ERROR: Failed building wheel for grpcio
2022-12-27T03:20:34.9542960Z   Building wheel for grpcio (setup.py): finished with status 'error'
2022-12-27T03:20:34.9543160Z   Running setup.py clean for grpcio
2022-12-27T03:20:34.9543370Z   Running command python setup.py clean
2022-12-27T03:20:35.1207710Z   'build/bdist.macosx-11.0-arm64' does not exist -- can't clean it
2022-12-27T03:20:35.1208800Z   'build/scripts-3.10' does not exist -- can't clean it
2022-12-27T03:20:35.1373080Z Failed to build grpcio
2022-12-27T03:20:35.1378150Z ERROR: Failed to build one or more wheels
2022-12-27T03:20:35.1387820Z Exception information:
2022-12-27T03:20:35.1388030Z Traceback (most recent call last):
2022-12-27T03:20:35.1394880Z   File "/private/var/folders/51/hd414ycd67n82196sw51xqtc0000gn/T/cibw-run-6coaqdqh/cp310-macosx_arm64/build/venv/lib/python3.10/site-packages/pip/_internal/cli/base_command.py", line 160, in exc_logging_wrapper
2022-12-27T03:20:35.1395310Z     status = run_func(*args)
2022-12-27T03:20:35.1395860Z   File "/private/var/folders/51/hd414ycd67n82196sw51xqtc0000gn/T/cibw-run-6coaqdqh/cp310-macosx_arm64/build/venv/lib/python3.10/site-packages/pip/_internal/cli/req_command.py", line 247, in wrapper
2022-12-27T03:20:35.1396180Z     return func(self, options, args)
2022-12-27T03:20:35.1396630Z   File "/private/var/folders/51/hd414ycd67n82196sw51xqtc0000gn/T/cibw-run-6coaqdqh/cp310-macosx_arm64/build/venv/lib/python3.10/site-packages/pip/_internal/commands/wheel.py", line 201, in run
2022-12-27T03:20:35.1397010Z     raise CommandError("Failed to build one or more wheels")
2022-12-27T03:20:35.1397240Z pip._internal.exceptions.CommandError: Failed to build one or more wheels
2022-12-27T03:20:35.1397630Z Removed build tracker: '/private/var/folders/51/hd414ycd67n82196sw51xqtc0000gn/T/pip-build-tracker-n3q0vwxl'
2022-12-27T03:20:35.1806330Z ##[endgroup]
2022-12-27T03:20:35.1806840Z                                                               [31m✕ [0m1.16s
2022-12-27T03:20:35.1828500Z ##[error]Command ['python', '-m', 'pip', 'wheel', '/Users/runner/actions-runner/_work/python.build/python.build/build_grpcio040a0310/grpcio-0.4.0a0', '--wheel-dir=/private/var/folders/51/hd414ycd67n82196sw51xqtc0000gn/T/cibw-run-6coaqdqh/cp310-macosx_arm64/built_wheel', '--no-deps', '-vvv'] failed with code 1. None
2022-12-27T03:20:35.1836870Z 
2022-12-27T03:20:35.2287440Z ##[error]Process completed with exit code 1.
2022-12-27T03:20:35.2323450Z ##[group]Run rm -rf build_grpcio040a0310 wheelsout
2022-12-27T03:20:35.2323760Z [36;1mrm -rf build_grpcio040a0310 wheelsout[0m
2022-12-27T03:20:35.2339480Z shell: /bin/bash -e {0}
2022-12-27T03:20:35.2398940Z env:
2022-12-27T03:20:35.2399150Z   pythonLocation: /Users/runner/hostedtoolcache/Python/3.10.9/x64
2022-12-27T03:20:35.2400050Z   PKG_CONFIG_PATH: /Users/runner/hostedtoolcache/Python/3.10.9/x64/lib/pkgconfig
2022-12-27T03:20:35.2400490Z   Python_ROOT_DIR: /Users/runner/hostedtoolcache/Python/3.10.9/x64
2022-12-27T03:20:35.2400800Z   Python2_ROOT_DIR: /Users/runner/hostedtoolcache/Python/3.10.9/x64
2022-12-27T03:20:35.2401050Z   Python3_ROOT_DIR: /Users/runner/hostedtoolcache/Python/3.10.9/x64
2022-12-27T03:20:35.2401290Z ##[endgroup]
2022-12-27T03:20:35.2662460Z Cleaning up orphan processes
