2022-12-27T08:52:24.4813714Z Requested labels: self-hosted, macOS, X64
2022-12-27T08:52:24.4813807Z Job defined at: kilnbuild/python.build/.github/workflows/mac_arm_build.yml@refs/heads/main
2022-12-27T08:52:24.4813832Z Waiting for a runner to pick up this job...
2022-12-27T11:24:54.0840813Z Job is about to start running on the runner: kr1 (organization)
2022-12-27T11:24:57.2065220Z Current runner version: '2.300.2'
2022-12-27T11:24:57.2072730Z Runner name: 'kr1'
2022-12-27T11:24:57.2073120Z Runner group name: 'Default'
2022-12-27T11:24:57.2074010Z Machine name: 'kr1'
2022-12-27T11:24:57.2076720Z ##[group]GITHUB_TOKEN Permissions
2022-12-27T11:24:57.2077400Z Actions: write
2022-12-27T11:24:57.2077670Z Checks: write
2022-12-27T11:24:57.2077920Z Contents: write
2022-12-27T11:24:57.2078170Z Deployments: write
2022-12-27T11:24:57.2078440Z Discussions: write
2022-12-27T11:24:57.2078700Z Issues: write
2022-12-27T11:24:57.2078940Z Metadata: read
2022-12-27T11:24:57.2079200Z Packages: write
2022-12-27T11:24:57.2079460Z Pages: write
2022-12-27T11:24:57.2079730Z PullRequests: write
2022-12-27T11:24:57.2080020Z RepositoryProjects: write
2022-12-27T11:24:57.2080330Z SecurityEvents: write
2022-12-27T11:24:57.2080600Z Statuses: write
2022-12-27T11:24:57.2080840Z ##[endgroup]
2022-12-27T11:24:57.2084490Z Secret source: Actions
2022-12-27T11:24:57.2085000Z Prepare workflow directory
2022-12-27T11:24:57.3185300Z Prepare all required actions
2022-12-27T11:24:57.3390840Z Getting action download info
2022-12-27T11:24:57.7893270Z Download action repository 'actions/setup-python@v4' (SHA:5ccb29d8773c3f3f653e1705f474dfaa8a06a912)
2022-12-27T11:24:59.6913430Z Download action repository 'actions/upload-artifact@v3' (SHA:83fd05a356d7e2593de66fc9913b3002723633cb)
2022-12-27T11:25:01.1641710Z ##[group]Run echo '{
2022-12-27T11:25:01.1642240Z [36;1mecho '{[0m
2022-12-27T11:25:01.1642510Z [36;1m  "package_name": "lxml",[0m
2022-12-27T11:25:01.1643010Z [36;1m  "package_url": "https://files.pythonhosted.org/packages/8a/fe/011b3ee8ef8685186427be41cf82892b17a9176b37585e01692e7f0fd862/lxml-2.0.1.tar.gz",[0m
2022-12-27T11:25:01.1643380Z [36;1m  "package_version": "2.0.1",[0m
2022-12-27T11:25:01.1643580Z [36;1m  "python_version": "3.8",[0m
2022-12-27T11:25:01.1643900Z [36;1m  "use_ccache": "true"[0m
2022-12-27T11:25:01.1644230Z [36;1m}'[0m
2022-12-27T11:25:01.1674950Z shell: /bin/bash -e {0}
2022-12-27T11:25:01.1675310Z ##[endgroup]
2022-12-27T11:25:01.2074340Z {
2022-12-27T11:25:01.2076740Z   "package_name": "lxml",
2022-12-27T11:25:01.2077920Z   "package_url": "https://files.pythonhosted.org/packages/8a/fe/011b3ee8ef8685186427be41cf82892b17a9176b37585e01692e7f0fd862/lxml-2.0.1.tar.gz",
2022-12-27T11:25:01.2078450Z   "package_version": "2.0.1",
2022-12-27T11:25:01.2078890Z   "python_version": "3.8",
2022-12-27T11:25:01.2079180Z   "use_ccache": "true"
2022-12-27T11:25:01.2079460Z }
2022-12-27T11:25:01.2419780Z ##[group]Run actions/setup-python@v4
2022-12-27T11:25:01.2420300Z with:
2022-12-27T11:25:01.2420620Z   python-version: 3.8
2022-12-27T11:25:01.2420890Z   check-latest: false
2022-12-27T11:25:01.2421440Z   token: ***
2022-12-27T11:25:01.2421820Z   update-environment: true
2022-12-27T11:25:01.2422160Z ##[endgroup]
2022-12-27T11:25:01.4513940Z ##[group]Installed versions
2022-12-27T11:25:01.4587530Z Successfully set up CPython (3.8.15)
2022-12-27T11:25:01.4588900Z ##[endgroup]
2022-12-27T11:25:01.4822800Z ##[group]Run if [ "true" == "true" ]
2022-12-27T11:25:01.4823420Z [36;1mif [ "true" == "true" ][0m
2022-12-27T11:25:01.4823770Z [36;1mthen[0m
2022-12-27T11:25:01.4824100Z [36;1m  echo "CCACHE_PATH_PREPEND=/usr/local/opt/ccache/libexec" >> $GITHUB_OUTPUT[0m
2022-12-27T11:25:01.4824620Z [36;1melse[0m
2022-12-27T11:25:01.4824990Z [36;1m  echo "CCACHE_PATH_PREPEND=" >> $GITHUB_OUTPUT[0m
2022-12-27T11:25:01.4825290Z [36;1mfi[0m
2022-12-27T11:25:01.4856200Z shell: /bin/bash -e {0}
2022-12-27T11:25:01.4856600Z env:
2022-12-27T11:25:01.4857080Z   pythonLocation: /Users/runner/hostedtoolcache/Python/3.8.15/x64
2022-12-27T11:25:01.4857580Z   PKG_CONFIG_PATH: /Users/runner/hostedtoolcache/Python/3.8.15/x64/lib/pkgconfig
2022-12-27T11:25:01.4857970Z   Python_ROOT_DIR: /Users/runner/hostedtoolcache/Python/3.8.15/x64
2022-12-27T11:25:01.4858530Z   Python2_ROOT_DIR: /Users/runner/hostedtoolcache/Python/3.8.15/x64
2022-12-27T11:25:01.4859240Z   Python3_ROOT_DIR: /Users/runner/hostedtoolcache/Python/3.8.15/x64
2022-12-27T11:25:01.4860260Z ##[endgroup]
2022-12-27T11:25:01.5141210Z ##[group]Run echo "BUILD_NAME=$(echo lxml_2.0.1_3.8 | tr -dc '[:alnum:]\n\r' | tr '[:upper:]' '[:lower:]')" >> $GITHUB_OUTPUT
2022-12-27T11:25:01.5141880Z [36;1mecho "BUILD_NAME=$(echo lxml_2.0.1_3.8 | tr -dc '[:alnum:]\n\r' | tr '[:upper:]' '[:lower:]')" >> $GITHUB_OUTPUT[0m
2022-12-27T11:25:01.5170030Z shell: /bin/bash -e {0}
2022-12-27T11:25:01.5170340Z env:
2022-12-27T11:25:01.5170650Z   pythonLocation: /Users/runner/hostedtoolcache/Python/3.8.15/x64
2022-12-27T11:25:01.5171140Z   PKG_CONFIG_PATH: /Users/runner/hostedtoolcache/Python/3.8.15/x64/lib/pkgconfig
2022-12-27T11:25:01.5171590Z   Python_ROOT_DIR: /Users/runner/hostedtoolcache/Python/3.8.15/x64
2022-12-27T11:25:01.5171970Z   Python2_ROOT_DIR: /Users/runner/hostedtoolcache/Python/3.8.15/x64
2022-12-27T11:25:01.5172410Z   Python3_ROOT_DIR: /Users/runner/hostedtoolcache/Python/3.8.15/x64
2022-12-27T11:25:01.5172790Z ##[endgroup]
2022-12-27T11:25:01.5400740Z ##[group]Run echo "PYTHON_NO_DOTS=$(echo 3.8 | tr -dc '[:alnum:]\n\r' | tr '[:upper:]' '[:lower:]')" >> $GITHUB_OUTPUT
2022-12-27T11:25:01.5401500Z [36;1mecho "PYTHON_NO_DOTS=$(echo 3.8 | tr -dc '[:alnum:]\n\r' | tr '[:upper:]' '[:lower:]')" >> $GITHUB_OUTPUT[0m
2022-12-27T11:25:01.5428380Z shell: /bin/bash -e {0}
2022-12-27T11:25:01.5428700Z env:
2022-12-27T11:25:01.5429000Z   pythonLocation: /Users/runner/hostedtoolcache/Python/3.8.15/x64
2022-12-27T11:25:01.5430600Z   PKG_CONFIG_PATH: /Users/runner/hostedtoolcache/Python/3.8.15/x64/lib/pkgconfig
2022-12-27T11:25:01.5431060Z   Python_ROOT_DIR: /Users/runner/hostedtoolcache/Python/3.8.15/x64
2022-12-27T11:25:01.5431490Z   Python2_ROOT_DIR: /Users/runner/hostedtoolcache/Python/3.8.15/x64
2022-12-27T11:25:01.5431920Z   Python3_ROOT_DIR: /Users/runner/hostedtoolcache/Python/3.8.15/x64
2022-12-27T11:25:01.5432300Z ##[endgroup]
2022-12-27T11:25:01.5676130Z ##[group]Run rm -rf build_lxml20138
2022-12-27T11:25:01.5676700Z [36;1mrm -rf build_lxml20138[0m
2022-12-27T11:25:01.5677160Z [36;1mmkdir build_lxml20138[0m
2022-12-27T11:25:01.5677590Z [36;1mcd build_lxml20138[0m
2022-12-27T11:25:01.5678110Z [36;1m/usr/local/bin/wget --quiet https://files.pythonhosted.org/packages/8a/fe/011b3ee8ef8685186427be41cf82892b17a9176b37585e01692e7f0fd862/lxml-2.0.1.tar.gz[0m
2022-12-27T11:25:01.5678580Z [36;1mtar xf *.tar.gz[0m
2022-12-27T11:25:01.5678900Z [36;1mcd *[0m
2022-12-27T11:25:01.5679180Z [36;1mpython -m pip install cibuildwheel==2.11.3[0m
2022-12-27T11:25:01.5679660Z [36;1mpython -m cibuildwheel --output-dir ../wheelsout[0m
2022-12-27T11:25:01.5706520Z shell: /bin/bash -e {0}
2022-12-27T11:25:01.5706750Z env:
2022-12-27T11:25:01.5707210Z   pythonLocation: /Users/runner/hostedtoolcache/Python/3.8.15/x64
2022-12-27T11:25:01.5707650Z   PKG_CONFIG_PATH: /Users/runner/hostedtoolcache/Python/3.8.15/x64/lib/pkgconfig
2022-12-27T11:25:01.5708160Z   Python_ROOT_DIR: /Users/runner/hostedtoolcache/Python/3.8.15/x64
2022-12-27T11:25:01.5708520Z   Python2_ROOT_DIR: /Users/runner/hostedtoolcache/Python/3.8.15/x64
2022-12-27T11:25:01.5709010Z   Python3_ROOT_DIR: /Users/runner/hostedtoolcache/Python/3.8.15/x64
2022-12-27T11:25:01.5709360Z   CIBW_ARCHS_MACOS: arm64
2022-12-27T11:25:01.5709610Z   CIBW_TEST_SKIP: *_arm64
2022-12-27T11:25:01.5709920Z   CIBW_BUILD: cp38-macosx_arm64
2022-12-27T11:25:01.5710240Z   CIBW_BUILD_FRONTEND: pip
2022-12-27T11:25:01.5710580Z   CIBW_BUILD_VERBOSITY: 3
2022-12-27T11:25:01.5711110Z   CIBW_ENVIRONMENT_MACOS:  CFLAGS="-I/usr/local/opt/openssl@3/include" LDFLAGS="-L/usr/local/opt/openssl@3/lib" CPPFLAGS="-I/usr/local/opt/openssl@3/include" MAKEFLAGS="-j$(sysctl -n hw.logicalcpu)" PATH=/usr/local/opt/ccache/libexec:$PATH
2022-12-27T11:25:01.5711740Z   CIBW_BEFORE_BUILD: pip install Cython; if [[ -f requirements.txt ]]; then pip install -r requirements.txt; fi
2022-12-27T11:25:01.5712170Z   MAKEFLAGS: -j$(sysctl -n hw.logicalcpu)
2022-12-27T11:25:01.5713060Z ##[endgroup]
2022-12-27T11:25:02.2757540Z Requirement already satisfied: cibuildwheel==2.11.3 in /Users/runner/hostedtoolcache/Python/3.8.15/x64/lib/python3.8/site-packages (2.11.3)
2022-12-27T11:25:02.3372970Z Requirement already satisfied: bracex in /Users/runner/hostedtoolcache/Python/3.8.15/x64/lib/python3.8/site-packages (from cibuildwheel==2.11.3) (2.3.post1)
2022-12-27T11:25:02.3376800Z Requirement already satisfied: filelock in /Users/runner/hostedtoolcache/Python/3.8.15/x64/lib/python3.8/site-packages (from cibuildwheel==2.11.3) (3.8.2)
2022-12-27T11:25:02.3384510Z Requirement already satisfied: bashlex!=0.13 in /Users/runner/hostedtoolcache/Python/3.8.15/x64/lib/python3.8/site-packages (from cibuildwheel==2.11.3) (0.16)
2022-12-27T11:25:02.3388540Z Requirement already satisfied: platformdirs in /Users/runner/hostedtoolcache/Python/3.8.15/x64/lib/python3.8/site-packages (from cibuildwheel==2.11.3) (2.6.0)
2022-12-27T11:25:02.3398410Z Requirement already satisfied: tomli in /Users/runner/hostedtoolcache/Python/3.8.15/x64/lib/python3.8/site-packages (from cibuildwheel==2.11.3) (2.0.1)
2022-12-27T11:25:02.3405340Z Requirement already satisfied: packaging>=20.9 in /Users/runner/hostedtoolcache/Python/3.8.15/x64/lib/python3.8/site-packages (from cibuildwheel==2.11.3) (22.0)
2022-12-27T11:25:02.3419820Z Requirement already satisfied: typing-extensions>=4.1.0 in /Users/runner/hostedtoolcache/Python/3.8.15/x64/lib/python3.8/site-packages (from cibuildwheel==2.11.3) (4.4.0)
2022-12-27T11:25:02.3425300Z Requirement already satisfied: certifi in /Users/runner/hostedtoolcache/Python/3.8.15/x64/lib/python3.8/site-packages (from cibuildwheel==2.11.3) (2022.12.7)
2022-12-27T11:25:02.6570730Z 
2022-12-27T11:25:02.6571580Z      _ _       _ _   _       _           _
2022-12-27T11:25:02.6572300Z  ___|_| |_ _ _|_| |_| |_ _ _| |_ ___ ___| |
2022-12-27T11:25:02.6574460Z |  _| | . | | | | | . | | | |   | -_| -_| |
2022-12-27T11:25:02.6575330Z |___|_|___|___|_|_|___|_____|_|_|___|___|_|
2022-12-27T11:25:02.6578490Z 
2022-12-27T11:25:02.6578970Z cibuildwheel version 2.11.3
2022-12-27T11:25:02.6579240Z 
2022-12-27T11:25:02.6579580Z Build options:
2022-12-27T11:25:02.6580490Z   platform: macos
2022-12-27T11:25:02.6738180Z   architectures: arm64[0m
2022-12-27T11:25:02.6738940Z   build_selector: 
2022-12-27T11:25:02.6739950Z     build_config: cp38-macosx_arm64
2022-12-27T11:25:02.6740910Z     skip_config: 
2022-12-27T11:25:02.6742100Z     requires_python: None
2022-12-27T11:25:02.6743870Z     prerelease_pythons: False[0m
2022-12-27T11:25:02.6744940Z   [38;5;244mcontainer_engine: docker[0m
2022-12-27T11:25:02.6746520Z   output_dir: /Users/runner/actions-runner/_work/python.build/python.build/build_lxml20138/wheelsout[0m
2022-12-27T11:25:02.6747550Z   package_dir: /Users/runner/actions-runner/_work/python.build/python.build/build_lxml20138/lxml-2.0.1[0m
2022-12-27T11:25:02.6747980Z   test_selector: 
2022-12-27T11:25:02.6748490Z     skip_config: *_arm64[0m
2022-12-27T11:25:02.6748870Z   [38;5;244mbefore_all: [0m
2022-12-27T11:25:02.6749450Z   before_build: pip install Cython; if [[ -f requirements.txt ]]; then pip install -r requirements.txt; fi[0m
2022-12-27T11:25:02.6750310Z   [38;5;244mbefore_test: [0m
2022-12-27T11:25:02.6750750Z   [38;5;244mbuild_frontend: pip[0m
2022-12-27T11:25:02.6751360Z   build_verbosity: 3[0m
2022-12-27T11:25:02.6751780Z   [38;5;244mconfig_settings: [0m
2022-12-27T11:25:02.6752350Z   [38;5;244mdependency_constraints: pinned[0m
2022-12-27T11:25:02.6752620Z   environment: 
2022-12-27T11:25:02.6753080Z     CFLAGS="-I/usr/local/opt/openssl@3/include"
2022-12-27T11:25:02.6753550Z     LDFLAGS="-L/usr/local/opt/openssl@3/lib"
2022-12-27T11:25:02.6753960Z     CPPFLAGS="-I/usr/local/opt/openssl@3/include"
2022-12-27T11:25:02.6754530Z     MAKEFLAGS="-j$(sysctl -n hw.logicalcpu)"
2022-12-27T11:25:02.6755020Z     PATH=/usr/local/opt/ccache/libexec:$PATH[0m
2022-12-27T11:25:02.6755420Z   [38;5;244mmanylinux_images: None[0m
2022-12-27T11:25:02.6755860Z   [38;5;244mmusllinux_images: None[0m
2022-12-27T11:25:02.6756450Z   [38;5;244mrepair_command: delocate-wheel --require-archs {delocate_archs} -w {dest_dir} -v {wheel}[0m
2022-12-27T11:25:02.6757970Z   [38;5;244mtest_command: [0m
2022-12-27T11:25:02.6758310Z   [38;5;244mtest_extras: [0m
2022-12-27T11:25:02.6758720Z   [38;5;244mtest_requires: [0m
2022-12-27T11:25:02.6758920Z 
2022-12-27T11:25:02.6759120Z Cache folder: /Users/runner/Library/Caches/cibuildwheel
2022-12-27T11:25:02.6766580Z 
2022-12-27T11:25:02.6768300Z Here we go!
2022-12-27T11:25:02.6768780Z 
2022-12-27T11:25:02.6863240Z 
2022-12-27T11:25:02.6865190Z [1m[34mBuilding cp38-macosx_arm64 wheel[0m
2022-12-27T11:25:02.6866440Z CPython 3.8 macOS arm64 - Apple Silicon
2022-12-27T11:25:02.6866930Z 
2022-12-27T11:25:02.6869100Z ##[group]Installing Python cp38...
2022-12-27T11:25:02.6869600Z 
2022-12-27T11:25:02.6870840Z + pkgutil --pkgs
2022-12-27T11:25:02.7078310Z ##[endgroup]
2022-12-27T11:25:02.7080930Z                                                               [32mâœ“ [0m0.02s
2022-12-27T11:25:02.7082100Z ##[group]Setting up build environment...
2022-12-27T11:25:02.7082530Z 
2022-12-27T11:25:02.7112700Z + /Users/runner/hostedtoolcache/Python/3.8.15/x64/bin/python -sS /Users/runner/Library/Caches/cibuildwheel/virtualenv-20.17.0.pyz --activators= --no-periodic-update --pip=22.3.1 --setuptools=65.6.3 --wheel=0.38.4 --symlink-app-data --python /Library/Frameworks/Python.framework/Versions/3.8/bin/python3 /private/var/folders/51/hd414ycd67n82196sw51xqtc0000gn/T/cibw-run-_jiqzo41/cp38-macosx_arm64/build/venv
2022-12-27T11:25:03.0165460Z created virtual environment CPython3.8.10.final.0-64 in 76ms
2022-12-27T11:25:03.0166320Z   creator CPython3Posix(dest=/private/var/folders/51/hd414ycd67n82196sw51xqtc0000gn/T/cibw-run-_jiqzo41/cp38-macosx_arm64/build/venv, clear=False, no_vcs_ignore=False, global=False)
2022-12-27T11:25:03.0167360Z   seeder FromAppData(download=False, pip=22.3.1, setuptools=65.6.3, wheel=0.38.4, via=symlink, app_data_dir=/Users/runner/Library/Application Support/virtualenv)
2022-12-27T11:25:03.0167930Z     added seed packages: pip==22.3.1, setuptools==65.6.3, wheel==0.38.4
2022-12-27T11:25:03.0389530Z + python -m pip install --upgrade pip -c /Users/runner/hostedtoolcache/Python/3.8.15/x64/lib/python3.8/site-packages/cibuildwheel/resources/constraints-python38.txt
2022-12-27T11:25:03.5614790Z Requirement already satisfied: pip in ./lib/python3.8/site-packages (22.3.1)
2022-12-27T11:25:03.8278360Z + which pip
2022-12-27T11:25:03.8316470Z /private/var/folders/51/hd414ycd67n82196sw51xqtc0000gn/T/cibw-run-_jiqzo41/cp38-macosx_arm64/build/venv/bin/pip
2022-12-27T11:25:03.8322250Z + pip --version
2022-12-27T11:25:04.2271750Z pip 22.3.1 from /private/var/folders/51/hd414ycd67n82196sw51xqtc0000gn/T/cibw-run-_jiqzo41/cp38-macosx_arm64/build/venv/lib/python3.8/site-packages/pip (python 3.8)
2022-12-27T11:25:04.2747040Z + which pip
2022-12-27T11:25:04.2810840Z + which python
2022-12-27T11:25:04.2855130Z /private/var/folders/51/hd414ycd67n82196sw51xqtc0000gn/T/cibw-run-_jiqzo41/cp38-macosx_arm64/build/venv/bin/python
2022-12-27T11:25:04.2859060Z + python --version
2022-12-27T11:25:04.2944670Z Python 3.8.10
2022-12-27T11:25:04.2955970Z + which python
2022-12-27T11:25:04.3095680Z ##[endgroup]
2022-12-27T11:25:04.3097390Z                                                               [32mâœ“ [0m1.60s
2022-12-27T11:25:04.3099420Z ##[group]Installing build tools...
2022-12-27T11:25:04.3100200Z 
2022-12-27T11:25:04.3100990Z + pip install --upgrade setuptools wheel delocate -c /Users/runner/hostedtoolcache/Python/3.8.15/x64/lib/python3.8/site-packages/cibuildwheel/resources/constraints-python38.txt
2022-12-27T11:25:04.8405390Z Requirement already satisfied: setuptools in /private/var/folders/51/hd414ycd67n82196sw51xqtc0000gn/T/cibw-run-_jiqzo41/cp38-macosx_arm64/build/venv/lib/python3.8/site-packages (65.6.3)
2022-12-27T11:25:05.2530480Z Requirement already satisfied: wheel in /private/var/folders/51/hd414ycd67n82196sw51xqtc0000gn/T/cibw-run-_jiqzo41/cp38-macosx_arm64/build/venv/lib/python3.8/site-packages (0.38.4)
2022-12-27T11:25:05.3470160Z Collecting delocate
2022-12-27T11:25:05.3530710Z   Using cached delocate-0.10.3-py3-none-any.whl (142 kB)
2022-12-27T11:25:05.3967610Z Collecting typing-extensions
2022-12-27T11:25:05.4015920Z   Using cached typing_extensions-4.4.0-py3-none-any.whl (26 kB)
2022-12-27T11:25:05.4480080Z Collecting packaging>=20.9
2022-12-27T11:25:05.4528480Z   Using cached packaging-21.3-py3-none-any.whl (40 kB)
2022-12-27T11:25:05.5228160Z Collecting pyparsing!=3.0.5,>=2.0.2
2022-12-27T11:25:05.5270360Z   Using cached pyparsing-3.0.9-py3-none-any.whl (98 kB)
2022-12-27T11:25:05.5950920Z Installing collected packages: typing-extensions, pyparsing, packaging, delocate
2022-12-27T11:25:05.8231010Z Successfully installed delocate-0.10.3 packaging-21.3 pyparsing-3.0.9 typing-extensions-4.4.0
2022-12-27T11:25:05.9228720Z ##[endgroup]
2022-12-27T11:25:05.9230380Z                                                               [32mâœ“ [0m1.61s
2022-12-27T11:25:05.9231430Z ##[group]Running before_build...
2022-12-27T11:25:05.9231830Z 
2022-12-27T11:25:05.9239760Z + pip install Cython; if [[ -f requirements.txt ]]; then pip install -r requirements.txt; fi
2022-12-27T11:25:07.1305680Z Collecting Cython
2022-12-27T11:25:07.1434090Z   Using cached Cython-0.29.32-py2.py3-none-any.whl (986 kB)
2022-12-27T11:25:07.2233100Z Installing collected packages: Cython
2022-12-27T11:25:07.9730070Z Successfully installed Cython-0.29.32
2022-12-27T11:25:08.0705330Z ##[endgroup]
2022-12-27T11:25:08.0706760Z                                                               [32mâœ“ [0m2.15s
2022-12-27T11:25:08.0707360Z ##[group]Building wheel...
2022-12-27T11:25:08.0707580Z 
2022-12-27T11:25:08.0714230Z + python -m pip wheel /Users/runner/actions-runner/_work/python.build/python.build/build_lxml20138/lxml-2.0.1 --wheel-dir=/private/var/folders/51/hd414ycd67n82196sw51xqtc0000gn/T/cibw-run-_jiqzo41/cp38-macosx_arm64/built_wheel --no-deps -vvv
2022-12-27T11:25:08.5458070Z Created temporary directory: /private/var/folders/51/hd414ycd67n82196sw51xqtc0000gn/T/pip-ephem-wheel-cache-qu76e0dn
2022-12-27T11:25:08.5465050Z Created temporary directory: /private/var/folders/51/hd414ycd67n82196sw51xqtc0000gn/T/pip-build-tracker-5zbo2jr4
2022-12-27T11:25:08.5467130Z Initialized build tracking at /private/var/folders/51/hd414ycd67n82196sw51xqtc0000gn/T/pip-build-tracker-5zbo2jr4
2022-12-27T11:25:08.5470240Z Created build tracker: /private/var/folders/51/hd414ycd67n82196sw51xqtc0000gn/T/pip-build-tracker-5zbo2jr4
2022-12-27T11:25:08.5473550Z Entered build tracker: /private/var/folders/51/hd414ycd67n82196sw51xqtc0000gn/T/pip-build-tracker-5zbo2jr4
2022-12-27T11:25:08.5478810Z Created temporary directory: /private/var/folders/51/hd414ycd67n82196sw51xqtc0000gn/T/pip-wheel-pv5jo1wn
2022-12-27T11:25:08.5491370Z Created temporary directory: /private/var/folders/51/hd414ycd67n82196sw51xqtc0000gn/T/pip-ephem-wheel-cache-7uv9nm3l
2022-12-27T11:25:08.5641210Z Processing /Users/runner/actions-runner/_work/python.build/python.build/build_lxml20138/lxml-2.0.1
2022-12-27T11:25:08.5649230Z   Added file:///Users/runner/actions-runner/_work/python.build/python.build/build_lxml20138/lxml-2.0.1 to build tracker '/private/var/folders/51/hd414ycd67n82196sw51xqtc0000gn/T/pip-build-tracker-5zbo2jr4'
2022-12-27T11:25:08.5654470Z   Running setup.py (path:/Users/runner/actions-runner/_work/python.build/python.build/build_lxml20138/lxml-2.0.1/setup.py) egg_info for package from file:///Users/runner/actions-runner/_work/python.build/python.build/build_lxml20138/lxml-2.0.1
2022-12-27T11:25:08.5660280Z   Created temporary directory: /private/var/folders/51/hd414ycd67n82196sw51xqtc0000gn/T/pip-pip-egg-info-3mqs18ts
2022-12-27T11:25:08.5663390Z   Preparing metadata (setup.py): started
2022-12-27T11:25:08.5666220Z   Running command python setup.py egg_info
2022-12-27T11:25:09.2443120Z   Building with Cython 0.29.32.
2022-12-27T11:25:09.2444400Z   Building lxml version 2.0.1.
2022-12-27T11:25:09.2446860Z   running egg_info
2022-12-27T11:25:09.2450300Z   creating /private/var/folders/51/hd414ycd67n82196sw51xqtc0000gn/T/pip-pip-egg-info-3mqs18ts/lxml.egg-info
2022-12-27T11:25:09.2458260Z   writing /private/var/folders/51/hd414ycd67n82196sw51xqtc0000gn/T/pip-pip-egg-info-3mqs18ts/lxml.egg-info/PKG-INFO
2022-12-27T11:25:09.2466400Z   writing dependency_links to /private/var/folders/51/hd414ycd67n82196sw51xqtc0000gn/T/pip-pip-egg-info-3mqs18ts/lxml.egg-info/dependency_links.txt
2022-12-27T11:25:09.2473640Z   writing top-level names to /private/var/folders/51/hd414ycd67n82196sw51xqtc0000gn/T/pip-pip-egg-info-3mqs18ts/lxml.egg-info/top_level.txt
2022-12-27T11:25:09.2475780Z   writing manifest file '/private/var/folders/51/hd414ycd67n82196sw51xqtc0000gn/T/pip-pip-egg-info-3mqs18ts/lxml.egg-info/SOURCES.txt'
2022-12-27T11:25:09.2572720Z   reading manifest file '/private/var/folders/51/hd414ycd67n82196sw51xqtc0000gn/T/pip-pip-egg-info-3mqs18ts/lxml.egg-info/SOURCES.txt'
2022-12-27T11:25:09.2583890Z   reading manifest template 'MANIFEST.in'
2022-12-27T11:25:09.3838750Z   warning: no previously-included files found matching 'doc/pyrex.txt'
2022-12-27T11:25:09.3842320Z   adding license file 'LICENSES.txt'
2022-12-27T11:25:09.3923380Z   writing manifest file '/private/var/folders/51/hd414ycd67n82196sw51xqtc0000gn/T/pip-pip-egg-info-3mqs18ts/lxml.egg-info/SOURCES.txt'
2022-12-27T11:25:09.4386840Z   Preparing metadata (setup.py): finished with status 'done'
2022-12-27T11:25:09.4427080Z   Source in /Users/runner/actions-runner/_work/python.build/python.build/build_lxml20138/lxml-2.0.1 has version 2.0.1, which satisfies requirement lxml==2.0.1 from file:///Users/runner/actions-runner/_work/python.build/python.build/build_lxml20138/lxml-2.0.1
2022-12-27T11:25:09.4430360Z   Removed lxml==2.0.1 from file:///Users/runner/actions-runner/_work/python.build/python.build/build_lxml20138/lxml-2.0.1 from build tracker '/private/var/folders/51/hd414ycd67n82196sw51xqtc0000gn/T/pip-build-tracker-5zbo2jr4'
2022-12-27T11:25:09.4643600Z Created temporary directory: /private/var/folders/51/hd414ycd67n82196sw51xqtc0000gn/T/pip-unpack-ml7p8k0_
2022-12-27T11:25:09.4645200Z Building wheels for collected packages: lxml
2022-12-27T11:25:09.4654730Z   Created temporary directory: /private/var/folders/51/hd414ycd67n82196sw51xqtc0000gn/T/pip-wheel-5njtaqnr
2022-12-27T11:25:09.4657190Z   Building wheel for lxml (setup.py): started
2022-12-27T11:25:09.4660720Z   Destination directory: /private/var/folders/51/hd414ycd67n82196sw51xqtc0000gn/T/pip-wheel-5njtaqnr
2022-12-27T11:25:09.4663370Z   Running command python setup.py bdist_wheel
2022-12-27T11:25:09.9273170Z   Building with Cython 0.29.32.
2022-12-27T11:25:09.9274770Z   Building lxml version 2.0.1.
2022-12-27T11:25:10.1631160Z   running bdist_wheel
2022-12-27T11:25:10.1706390Z   running build
2022-12-27T11:25:10.1706980Z   running build_py
2022-12-27T11:25:10.1742580Z   creating build
2022-12-27T11:25:10.1744140Z   creating build/lib.macosx-11.0-arm64-cpython-38
2022-12-27T11:25:10.1746480Z   creating build/lib.macosx-11.0-arm64-cpython-38/lxml
2022-12-27T11:25:10.1749730Z   copying src/lxml/_elementpath.py -> build/lib.macosx-11.0-arm64-cpython-38/lxml
2022-12-27T11:25:10.1752400Z   copying src/lxml/sax.py -> build/lib.macosx-11.0-arm64-cpython-38/lxml
2022-12-27T11:25:10.1755590Z   copying src/lxml/__init__.py -> build/lib.macosx-11.0-arm64-cpython-38/lxml
2022-12-27T11:25:10.1760460Z   copying src/lxml/builder.py -> build/lib.macosx-11.0-arm64-cpython-38/lxml
2022-12-27T11:25:10.1767840Z   copying src/lxml/doctestcompare.py -> build/lib.macosx-11.0-arm64-cpython-38/lxml
2022-12-27T11:25:10.1770380Z   copying src/lxml/usedoctest.py -> build/lib.macosx-11.0-arm64-cpython-38/lxml
2022-12-27T11:25:10.1773060Z   copying src/lxml/cssselect.py -> build/lib.macosx-11.0-arm64-cpython-38/lxml
2022-12-27T11:25:10.1785360Z   copying src/lxml/ElementInclude.py -> build/lib.macosx-11.0-arm64-cpython-38/lxml
2022-12-27T11:25:10.1796710Z   creating build/lib.macosx-11.0-arm64-cpython-38/lxml/html
2022-12-27T11:25:10.1802960Z   copying src/lxml/html/defs.py -> build/lib.macosx-11.0-arm64-cpython-38/lxml/html
2022-12-27T11:25:10.1808370Z   copying src/lxml/html/_setmixin.py -> build/lib.macosx-11.0-arm64-cpython-38/lxml/html
2022-12-27T11:25:10.1813300Z   copying src/lxml/html/clean.py -> build/lib.macosx-11.0-arm64-cpython-38/lxml/html
2022-12-27T11:25:10.1819150Z   copying src/lxml/html/_diffcommand.py -> build/lib.macosx-11.0-arm64-cpython-38/lxml/html
2022-12-27T11:25:10.1824140Z   copying src/lxml/html/__init__.py -> build/lib.macosx-11.0-arm64-cpython-38/lxml/html
2022-12-27T11:25:10.1829500Z   copying src/lxml/html/formfill.py -> build/lib.macosx-11.0-arm64-cpython-38/lxml/html
2022-12-27T11:25:10.1834640Z   copying src/lxml/html/builder.py -> build/lib.macosx-11.0-arm64-cpython-38/lxml/html
2022-12-27T11:25:10.1839940Z   copying src/lxml/html/ElementSoup.py -> build/lib.macosx-11.0-arm64-cpython-38/lxml/html
2022-12-27T11:25:10.1843640Z   copying src/lxml/html/usedoctest.py -> build/lib.macosx-11.0-arm64-cpython-38/lxml/html
2022-12-27T11:25:10.1846470Z   copying src/lxml/html/diff.py -> build/lib.macosx-11.0-arm64-cpython-38/lxml/html
2022-12-27T11:25:10.1848400Z   copying src/lxml/html/_dictmixin.py -> build/lib.macosx-11.0-arm64-cpython-38/lxml/html
2022-12-27T11:25:10.1858180Z   running build_ext
2022-12-27T11:25:10.2623370Z   skipping 'src/lxml/lxml.etree.c' Cython extension (up-to-date)
2022-12-27T11:25:10.2624560Z   skipping 'src/lxml/lxml.objectify.c' Cython extension (up-to-date)
2022-12-27T11:25:10.2625570Z   skipping 'src/lxml/lxml.pyclasslookup.c' Cython extension (up-to-date)
2022-12-27T11:25:10.2628430Z   building 'lxml.etree' extension
2022-12-27T11:25:10.2630680Z   creating build/temp.macosx-11.0-arm64-cpython-38
2022-12-27T11:25:10.2633780Z   creating build/temp.macosx-11.0-arm64-cpython-38/src
2022-12-27T11:25:10.2635800Z   creating build/temp.macosx-11.0-arm64-cpython-38/src/lxml
2022-12-27T11:25:10.2640360Z   gcc -Wno-unused-result -Wsign-compare -Wunreachable-code -fno-common -dynamic -DNDEBUG -g -fwrapv -O3 -Wall -g -I/usr/local/opt/openssl@3/include -I/usr/local/opt/openssl@3/include -arch arm64 -I/private/var/folders/51/hd414ycd67n82196sw51xqtc0000gn/T/cibw-run-_jiqzo41/cp38-macosx_arm64/build/venv/include -I/Library/Frameworks/Python.framework/Versions/3.8/include/python3.8 -c src/lxml/lxml.etree.c -o build/temp.macosx-11.0-arm64-cpython-38/src/lxml/lxml.etree.o -w b'-I/Library/Developer/CommandLineTools/SDKs/MacOSX12.1.sdk/usr/include\n'
2022-12-27T11:25:10.3081320Z   clang: error: no such file or directory: 'b'-I/Library/Developer/CommandLineTools/SDKs/MacOSX12.1.sdk/usr/include\n''
2022-12-27T11:25:10.3107660Z   error: command '/usr/bin/gcc' failed with exit code 1
2022-12-27T11:25:10.3869400Z   error: subprocess-exited-with-error
2022-12-27T11:25:10.3870120Z   
2022-12-27T11:25:10.3872470Z   Ã— python setup.py bdist_wheel did not run successfully.
2022-12-27T11:25:10.3873300Z   â”‚ exit code: 1
2022-12-27T11:25:10.3874130Z   â•°â”€> See above for output.
2022-12-27T11:25:10.3874760Z   
2022-12-27T11:25:10.3876060Z   note: This error originates from a subprocess, and is likely not a problem with pip.
2022-12-27T11:25:10.3888120Z   full command: /private/var/folders/51/hd414ycd67n82196sw51xqtc0000gn/T/cibw-run-_jiqzo41/cp38-macosx_arm64/build/venv/bin/python -u -c '
2022-12-27T11:25:10.3888880Z   exec(compile('"'"''"'"''"'"'
2022-12-27T11:25:10.4027780Z   # This is <pip-setuptools-caller> -- a caller that pip uses to run setup.py
2022-12-27T11:25:10.4028170Z   #
2022-12-27T11:25:10.4028790Z   # - It imports setuptools before invoking setup.py, to enable projects that directly
2022-12-27T11:25:10.4029160Z   #   import from `distutils.core` to work with newer packaging standards.
2022-12-27T11:25:10.4029580Z   # - It provides a clear error message when setuptools is not installed.
2022-12-27T11:25:10.4030200Z   # - It sets `sys.argv[0]` to the underlying `setup.py`, when invoking `setup.py` so
2022-12-27T11:25:10.4030800Z   #   setuptools doesn'"'"'t think the script is `-c`. This avoids the following warning:
2022-12-27T11:25:10.4033880Z   #     manifest_maker: standard file '"'"'-c'"'"' not found".
2022-12-27T11:25:10.4035020Z   # - It generates a shim setup.py, for handling setup.cfg-only projects.
2022-12-27T11:25:10.4036700Z   import os, sys, tokenize
2022-12-27T11:25:10.4037080Z   
2022-12-27T11:25:10.4037310Z   try:
2022-12-27T11:25:10.4038580Z       import setuptools
2022-12-27T11:25:10.4038950Z   except ImportError as error:
2022-12-27T11:25:10.4039220Z       print(
2022-12-27T11:25:10.4039610Z           "ERROR: Can not execute `setup.py` since setuptools is not available in "
2022-12-27T11:25:10.4040040Z           "the build environment.",
2022-12-27T11:25:10.4040320Z           file=sys.stderr,
2022-12-27T11:25:10.4040650Z       )
2022-12-27T11:25:10.4040950Z       sys.exit(1)
2022-12-27T11:25:10.4041230Z   
2022-12-27T11:25:10.4041440Z   __file__ = %r
2022-12-27T11:25:10.4041760Z   sys.argv[0] = __file__
2022-12-27T11:25:10.4042070Z   
2022-12-27T11:25:10.4042320Z   if os.path.exists(__file__):
2022-12-27T11:25:10.4042620Z       filename = __file__
2022-12-27T11:25:10.4043230Z       with tokenize.open(__file__) as f:
2022-12-27T11:25:10.4043510Z           setup_py_code = f.read()
2022-12-27T11:25:10.4043830Z   else:
2022-12-27T11:25:10.4044310Z       filename = "<auto-generated setuptools caller>"
2022-12-27T11:25:10.4044660Z       setup_py_code = "from setuptools import setup; setup()"
2022-12-27T11:25:10.4045000Z   
2022-12-27T11:25:10.4045350Z   exec(compile(setup_py_code, filename, "exec"))
2022-12-27T11:25:10.4046120Z   '"'"''"'"''"'"' % ('"'"'/Users/runner/actions-runner/_work/python.build/python.build/build_lxml20138/lxml-2.0.1/setup.py'"'"',), "<pip-setuptools-caller>", "exec"))' bdist_wheel -d /private/var/folders/51/hd414ycd67n82196sw51xqtc0000gn/T/pip-wheel-5njtaqnr
2022-12-27T11:25:10.4047580Z   Building wheel for lxml (setup.py): finished with status 'error'
2022-12-27T11:25:10.4048370Z   Running setup.py clean for lxml
2022-12-27T11:25:10.4049490Z   cwd: /Users/runner/actions-runner/_work/python.build/python.build/build_lxml20138/lxml-2.0.1/
2022-12-27T11:25:10.4050750Z   ERROR: Failed building wheel for lxml
2022-12-27T11:25:10.4051540Z   Running command python setup.py clean
2022-12-27T11:25:10.8430720Z   Building with Cython 0.29.32.
2022-12-27T11:25:10.8432690Z   Building lxml version 2.0.1.
2022-12-27T11:25:11.0519330Z   running clean
2022-12-27T11:25:11.0567590Z   removing 'build/temp.macosx-11.0-arm64-cpython-38' (and everything under it)
2022-12-27T11:25:11.0570270Z   removing 'build/lib.macosx-11.0-arm64-cpython-38' (and everything under it)
2022-12-27T11:25:11.0602680Z   'build/bdist.macosx-11.0-arm64' does not exist -- can't clean it
2022-12-27T11:25:11.0607770Z   'build/scripts-3.8' does not exist -- can't clean it
2022-12-27T11:25:11.0613670Z   removing 'build'
2022-12-27T11:25:11.1174820Z Failed to build lxml
2022-12-27T11:25:11.1183530Z ERROR: Failed to build one or more wheels
2022-12-27T11:25:11.1199870Z Exception information:
2022-12-27T11:25:11.1200340Z Traceback (most recent call last):
2022-12-27T11:25:11.1212120Z   File "/private/var/folders/51/hd414ycd67n82196sw51xqtc0000gn/T/cibw-run-_jiqzo41/cp38-macosx_arm64/build/venv/lib/python3.8/site-packages/pip/_internal/cli/base_command.py", line 160, in exc_logging_wrapper
2022-12-27T11:25:11.1213470Z     status = run_func(*args)
2022-12-27T11:25:11.1215050Z   File "/private/var/folders/51/hd414ycd67n82196sw51xqtc0000gn/T/cibw-run-_jiqzo41/cp38-macosx_arm64/build/venv/lib/python3.8/site-packages/pip/_internal/cli/req_command.py", line 247, in wrapper
2022-12-27T11:25:11.1215970Z     return func(self, options, args)
2022-12-27T11:25:11.1217230Z   File "/private/var/folders/51/hd414ycd67n82196sw51xqtc0000gn/T/cibw-run-_jiqzo41/cp38-macosx_arm64/build/venv/lib/python3.8/site-packages/pip/_internal/commands/wheel.py", line 201, in run
2022-12-27T11:25:11.1217970Z     raise CommandError("Failed to build one or more wheels")
2022-12-27T11:25:11.1218370Z pip._internal.exceptions.CommandError: Failed to build one or more wheels
2022-12-27T11:25:11.1218930Z Removed build tracker: '/private/var/folders/51/hd414ycd67n82196sw51xqtc0000gn/T/pip-build-tracker-5zbo2jr4'
2022-12-27T11:25:11.1996750Z ##[endgroup]
2022-12-27T11:25:11.1998210Z                                                               [31mâœ• [0m3.13s
2022-12-27T11:25:11.2623730Z ##[error]Command ['python', '-m', 'pip', 'wheel', '/Users/runner/actions-runner/_work/python.build/python.build/build_lxml20138/lxml-2.0.1', '--wheel-dir=/private/var/folders/51/hd414ycd67n82196sw51xqtc0000gn/T/cibw-run-_jiqzo41/cp38-macosx_arm64/built_wheel', '--no-deps', '-vvv'] failed with code 1. None
2022-12-27T11:25:11.2632850Z 
2022-12-27T11:25:11.2836430Z ##[error]Process completed with exit code 1.
2022-12-27T11:25:11.2888530Z ##[group]Run rm -rf build_lxml20138 wheelsout
2022-12-27T11:25:11.2888900Z [36;1mrm -rf build_lxml20138 wheelsout[0m
2022-12-27T11:25:11.2916000Z shell: /bin/bash -e {0}
2022-12-27T11:25:11.2916290Z env:
2022-12-27T11:25:11.2916650Z   pythonLocation: /Users/runner/hostedtoolcache/Python/3.8.15/x64
2022-12-27T11:25:11.2917140Z   PKG_CONFIG_PATH: /Users/runner/hostedtoolcache/Python/3.8.15/x64/lib/pkgconfig
2022-12-27T11:25:11.2917500Z   Python_ROOT_DIR: /Users/runner/hostedtoolcache/Python/3.8.15/x64
2022-12-27T11:25:11.2917970Z   Python2_ROOT_DIR: /Users/runner/hostedtoolcache/Python/3.8.15/x64
2022-12-27T11:25:11.2918460Z   Python3_ROOT_DIR: /Users/runner/hostedtoolcache/Python/3.8.15/x64
2022-12-27T11:25:11.2918790Z ##[endgroup]
2022-12-27T11:25:11.3715890Z Cleaning up orphan processes
