2022-12-27T02:00:12.0277569Z Requested labels: self-hosted, macOS, X64
2022-12-27T02:00:12.0277647Z Job defined at: kilnbuild/python.build/.github/workflows/mac_arm_build.yml@refs/heads/main
2022-12-27T02:00:12.0277677Z Waiting for a runner to pick up this job...
2022-12-27T03:23:15.9593346Z Job is about to start running on the runner: kr1 (organization)
2022-12-27T03:23:20.1194970Z Current runner version: '2.300.2'
2022-12-27T03:23:20.1205270Z Runner name: 'kr1'
2022-12-27T03:23:20.1205750Z Runner group name: 'Default'
2022-12-27T03:23:20.1206680Z Machine name: 'kr1'
2022-12-27T03:23:20.1209690Z ##[group]GITHUB_TOKEN Permissions
2022-12-27T03:23:20.1210480Z Actions: write
2022-12-27T03:23:20.1210770Z Checks: write
2022-12-27T03:23:20.1211050Z Contents: write
2022-12-27T03:23:20.1211320Z Deployments: write
2022-12-27T03:23:20.1211610Z Discussions: write
2022-12-27T03:23:20.1211890Z Issues: write
2022-12-27T03:23:20.1212150Z Metadata: read
2022-12-27T03:23:20.1212430Z Packages: write
2022-12-27T03:23:20.1212730Z Pages: write
2022-12-27T03:23:20.1213010Z PullRequests: write
2022-12-27T03:23:20.1213350Z RepositoryProjects: write
2022-12-27T03:23:20.1213680Z SecurityEvents: write
2022-12-27T03:23:20.1213970Z Statuses: write
2022-12-27T03:23:20.1214240Z ##[endgroup]
2022-12-27T03:23:20.1219510Z Secret source: Actions
2022-12-27T03:23:20.1220100Z Prepare workflow directory
2022-12-27T03:23:20.2412420Z Prepare all required actions
2022-12-27T03:23:20.2625740Z Getting action download info
2022-12-27T03:23:20.6980340Z Download action repository 'actions/setup-python@v4' (SHA:5ccb29d8773c3f3f653e1705f474dfaa8a06a912)
2022-12-27T03:23:22.6149200Z Download action repository 'actions/upload-artifact@v3' (SHA:83fd05a356d7e2593de66fc9913b3002723633cb)
2022-12-27T03:23:24.0745160Z ##[group]Run echo '{
2022-12-27T03:23:24.0745650Z [36;1mecho '{[0m
2022-12-27T03:23:24.0746050Z [36;1m  "environment_variables": "GRPC_PYTHON_BUILD_WITH_CYTHON=1 GRPC_BUILD_WITH_BORING_SSL_ASM='' GRPC_PYTHON_BUILD_SYSTEM_OPENSSL=TRUE",[0m
2022-12-27T03:23:24.0746440Z [36;1m  "package_name": "grpcio",[0m
2022-12-27T03:23:24.0746930Z [36;1m  "package_url": "https://files.pythonhosted.org/packages/1b/40/3e89d778c9a5a5a59bc6ef80c8f096ea8b9e02a30e163479d1501257b8a6/grpcio-1.4.0.tar.gz",[0m
2022-12-27T03:23:24.0747320Z [36;1m  "package_version": "1.4.0",[0m
2022-12-27T03:23:24.0747560Z [36;1m  "python_version": "3.10",[0m
2022-12-27T03:23:24.0747790Z [36;1m  "use_ccache": "true"[0m
2022-12-27T03:23:24.0748100Z [36;1m}'[0m
2022-12-27T03:23:24.0780070Z shell: /bin/bash -e {0}
2022-12-27T03:23:24.0780330Z ##[endgroup]
2022-12-27T03:23:24.1215380Z {
2022-12-27T03:23:24.1218200Z   "environment_variables": "GRPC_PYTHON_BUILD_WITH_CYTHON=1 GRPC_BUILD_WITH_BORING_SSL_ASM= GRPC_PYTHON_BUILD_SYSTEM_OPENSSL=TRUE",
2022-12-27T03:23:24.1218910Z   "package_name": "grpcio",
2022-12-27T03:23:24.1220040Z   "package_url": "https://files.pythonhosted.org/packages/1b/40/3e89d778c9a5a5a59bc6ef80c8f096ea8b9e02a30e163479d1501257b8a6/grpcio-1.4.0.tar.gz",
2022-12-27T03:23:24.1220550Z   "package_version": "1.4.0",
2022-12-27T03:23:24.1220890Z   "python_version": "3.10",
2022-12-27T03:23:24.1221170Z   "use_ccache": "true"
2022-12-27T03:23:24.1221560Z }
2022-12-27T03:23:24.1581850Z ##[group]Run actions/setup-python@v4
2022-12-27T03:23:24.1582290Z with:
2022-12-27T03:23:24.1582620Z   python-version: 3.10
2022-12-27T03:23:24.1582900Z   check-latest: false
2022-12-27T03:23:24.1583880Z   token: ***
2022-12-27T03:23:24.1584230Z   update-environment: true
2022-12-27T03:23:24.1584570Z ##[endgroup]
2022-12-27T03:23:24.3826820Z ##[group]Installed versions
2022-12-27T03:23:24.3899770Z Successfully set up CPython (3.10.9)
2022-12-27T03:23:24.3901520Z ##[endgroup]
2022-12-27T03:23:24.4138040Z ##[group]Run if [ "true" == "true" ]
2022-12-27T03:23:24.4138390Z [36;1mif [ "true" == "true" ][0m
2022-12-27T03:23:24.4138830Z [36;1mthen[0m
2022-12-27T03:23:24.4139210Z [36;1m  echo "CCACHE_PATH_PREPEND=/usr/local/opt/ccache/libexec" >> $GITHUB_OUTPUT[0m
2022-12-27T03:23:24.4139530Z [36;1melse[0m
2022-12-27T03:23:24.4140000Z [36;1m  echo "CCACHE_PATH_PREPEND=" >> $GITHUB_OUTPUT[0m
2022-12-27T03:23:24.4140440Z [36;1mfi[0m
2022-12-27T03:23:24.4171920Z shell: /bin/bash -e {0}
2022-12-27T03:23:24.4172200Z env:
2022-12-27T03:23:24.4172570Z   pythonLocation: /Users/runner/hostedtoolcache/Python/3.10.9/x64
2022-12-27T03:23:24.4173140Z   PKG_CONFIG_PATH: /Users/runner/hostedtoolcache/Python/3.10.9/x64/lib/pkgconfig
2022-12-27T03:23:24.4174010Z   Python_ROOT_DIR: /Users/runner/hostedtoolcache/Python/3.10.9/x64
2022-12-27T03:23:24.4174430Z   Python2_ROOT_DIR: /Users/runner/hostedtoolcache/Python/3.10.9/x64
2022-12-27T03:23:24.4174950Z   Python3_ROOT_DIR: /Users/runner/hostedtoolcache/Python/3.10.9/x64
2022-12-27T03:23:24.4175340Z ##[endgroup]
2022-12-27T03:23:24.4459800Z ##[group]Run echo "BUILD_NAME=$(echo grpcio_1.4.0_3.10 | tr -dc '[:alnum:]\n\r' | tr '[:upper:]' '[:lower:]')" >> $GITHUB_OUTPUT
2022-12-27T03:23:24.4460440Z [36;1mecho "BUILD_NAME=$(echo grpcio_1.4.0_3.10 | tr -dc '[:alnum:]\n\r' | tr '[:upper:]' '[:lower:]')" >> $GITHUB_OUTPUT[0m
2022-12-27T03:23:24.4488600Z shell: /bin/bash -e {0}
2022-12-27T03:23:24.4488870Z env:
2022-12-27T03:23:24.4489240Z   pythonLocation: /Users/runner/hostedtoolcache/Python/3.10.9/x64
2022-12-27T03:23:24.4489700Z   PKG_CONFIG_PATH: /Users/runner/hostedtoolcache/Python/3.10.9/x64/lib/pkgconfig
2022-12-27T03:23:24.4490130Z   Python_ROOT_DIR: /Users/runner/hostedtoolcache/Python/3.10.9/x64
2022-12-27T03:23:24.4490590Z   Python2_ROOT_DIR: /Users/runner/hostedtoolcache/Python/3.10.9/x64
2022-12-27T03:23:24.4491030Z   Python3_ROOT_DIR: /Users/runner/hostedtoolcache/Python/3.10.9/x64
2022-12-27T03:23:24.4491400Z ##[endgroup]
2022-12-27T03:23:24.4748100Z ##[group]Run echo "PYTHON_NO_DOTS=$(echo 3.10 | tr -dc '[:alnum:]\n\r' | tr '[:upper:]' '[:lower:]')" >> $GITHUB_OUTPUT
2022-12-27T03:23:24.4748800Z [36;1mecho "PYTHON_NO_DOTS=$(echo 3.10 | tr -dc '[:alnum:]\n\r' | tr '[:upper:]' '[:lower:]')" >> $GITHUB_OUTPUT[0m
2022-12-27T03:23:24.4775990Z shell: /bin/bash -e {0}
2022-12-27T03:23:24.4776300Z env:
2022-12-27T03:23:24.4776600Z   pythonLocation: /Users/runner/hostedtoolcache/Python/3.10.9/x64
2022-12-27T03:23:24.4777190Z   PKG_CONFIG_PATH: /Users/runner/hostedtoolcache/Python/3.10.9/x64/lib/pkgconfig
2022-12-27T03:23:24.4777620Z   Python_ROOT_DIR: /Users/runner/hostedtoolcache/Python/3.10.9/x64
2022-12-27T03:23:24.4778040Z   Python2_ROOT_DIR: /Users/runner/hostedtoolcache/Python/3.10.9/x64
2022-12-27T03:23:24.4778460Z   Python3_ROOT_DIR: /Users/runner/hostedtoolcache/Python/3.10.9/x64
2022-12-27T03:23:24.4778900Z ##[endgroup]
2022-12-27T03:23:24.5022940Z ##[group]Run rm -rf build_grpcio140310
2022-12-27T03:23:24.5023520Z [36;1mrm -rf build_grpcio140310[0m
2022-12-27T03:23:24.5023870Z [36;1mmkdir build_grpcio140310[0m
2022-12-27T03:23:24.5024280Z [36;1mcd build_grpcio140310[0m
2022-12-27T03:23:24.5024720Z [36;1m/usr/local/bin/wget --quiet https://files.pythonhosted.org/packages/1b/40/3e89d778c9a5a5a59bc6ef80c8f096ea8b9e02a30e163479d1501257b8a6/grpcio-1.4.0.tar.gz[0m
2022-12-27T03:23:24.5025190Z [36;1mtar xf *.tar.gz[0m
2022-12-27T03:23:24.5025520Z [36;1mcd grpcio-*/[0m
2022-12-27T03:23:24.5025880Z [36;1mpython -m pip install cibuildwheel==2.11.3[0m
2022-12-27T03:23:24.5026280Z [36;1mpython -m cibuildwheel --output-dir ../wheelsout[0m
2022-12-27T03:23:24.5052820Z shell: /bin/bash -e {0}
2022-12-27T03:23:24.5053140Z env:
2022-12-27T03:23:24.5053510Z   pythonLocation: /Users/runner/hostedtoolcache/Python/3.10.9/x64
2022-12-27T03:23:24.5054100Z   PKG_CONFIG_PATH: /Users/runner/hostedtoolcache/Python/3.10.9/x64/lib/pkgconfig
2022-12-27T03:23:24.5054550Z   Python_ROOT_DIR: /Users/runner/hostedtoolcache/Python/3.10.9/x64
2022-12-27T03:23:24.5054970Z   Python2_ROOT_DIR: /Users/runner/hostedtoolcache/Python/3.10.9/x64
2022-12-27T03:23:24.5055480Z   Python3_ROOT_DIR: /Users/runner/hostedtoolcache/Python/3.10.9/x64
2022-12-27T03:23:24.5055790Z   CIBW_ARCHS_MACOS: arm64
2022-12-27T03:23:24.5056100Z   CIBW_TEST_SKIP: *_arm64
2022-12-27T03:23:24.5056440Z   CIBW_BUILD: cp310-macosx_arm64
2022-12-27T03:23:24.5056720Z   CIBW_BUILD_FRONTEND: pip
2022-12-27T03:23:24.5057120Z   CIBW_BUILD_VERBOSITY: 3
2022-12-27T03:23:24.5057760Z   CIBW_ENVIRONMENT_MACOS: GRPC_PYTHON_BUILD_WITH_CYTHON=1 GRPC_BUILD_WITH_BORING_SSL_ASM='' GRPC_PYTHON_BUILD_SYSTEM_OPENSSL=TRUE CFLAGS="-I/usr/local/opt/openssl@3/include" LDFLAGS="-L/usr/local/opt/openssl@3/lib" CPPFLAGS="-I/usr/local/opt/openssl@3/include" MAKEFLAGS="-j$(sysctl -n hw.logicalcpu)" PATH=/usr/local/opt/ccache/libexec:$PATH
2022-12-27T03:23:24.5060140Z   CIBW_BEFORE_BUILD: pip install Cython; if [[ -f requirements.txt ]]; then pip install -r requirements.txt; fi
2022-12-27T03:23:24.5062600Z   MAKEFLAGS: -j$(sysctl -n hw.logicalcpu)
2022-12-27T03:23:24.5063260Z ##[endgroup]
2022-12-27T03:23:26.6221260Z Requirement already satisfied: cibuildwheel==2.11.3 in /Users/runner/hostedtoolcache/Python/3.10.9/x64/lib/python3.10/site-packages (2.11.3)
2022-12-27T03:23:26.6622390Z Requirement already satisfied: bashlex!=0.13 in /Users/runner/hostedtoolcache/Python/3.10.9/x64/lib/python3.10/site-packages (from cibuildwheel==2.11.3) (0.16)
2022-12-27T03:23:26.6630680Z Requirement already satisfied: tomli in /Users/runner/hostedtoolcache/Python/3.10.9/x64/lib/python3.10/site-packages (from cibuildwheel==2.11.3) (2.0.1)
2022-12-27T03:23:26.6638360Z Requirement already satisfied: bracex in /Users/runner/hostedtoolcache/Python/3.10.9/x64/lib/python3.10/site-packages (from cibuildwheel==2.11.3) (2.3.post1)
2022-12-27T03:23:26.6643960Z Requirement already satisfied: packaging>=20.9 in /Users/runner/hostedtoolcache/Python/3.10.9/x64/lib/python3.10/site-packages (from cibuildwheel==2.11.3) (22.0)
2022-12-27T03:23:26.6648630Z Requirement already satisfied: platformdirs in /Users/runner/hostedtoolcache/Python/3.10.9/x64/lib/python3.10/site-packages (from cibuildwheel==2.11.3) (2.6.0)
2022-12-27T03:23:26.6653740Z Requirement already satisfied: certifi in /Users/runner/hostedtoolcache/Python/3.10.9/x64/lib/python3.10/site-packages (from cibuildwheel==2.11.3) (2022.12.7)
2022-12-27T03:23:26.6666320Z Requirement already satisfied: typing-extensions>=4.1.0 in /Users/runner/hostedtoolcache/Python/3.10.9/x64/lib/python3.10/site-packages (from cibuildwheel==2.11.3) (4.4.0)
2022-12-27T03:23:26.6671360Z Requirement already satisfied: filelock in /Users/runner/hostedtoolcache/Python/3.10.9/x64/lib/python3.10/site-packages (from cibuildwheel==2.11.3) (3.8.2)
2022-12-27T03:23:27.0217780Z 
2022-12-27T03:23:27.0218370Z      _ _       _ _   _       _           _
2022-12-27T03:23:27.0218800Z  ___|_| |_ _ _|_| |_| |_ _ _| |_ ___ ___| |
2022-12-27T03:23:27.0222150Z |  _| | . | | | | | . | | | |   | -_| -_| |
2022-12-27T03:23:27.0225870Z |___|_|___|___|_|_|___|_____|_|_|___|___|_|
2022-12-27T03:23:27.0226350Z 
2022-12-27T03:23:27.0226710Z cibuildwheel version 2.11.3
2022-12-27T03:23:27.0227110Z 
2022-12-27T03:23:27.0227440Z Build options:
2022-12-27T03:23:27.0227930Z   platform: macos
2022-12-27T03:23:27.0470700Z   architectures: arm64[0m
2022-12-27T03:23:27.0471360Z   build_selector: 
2022-12-27T03:23:27.0471900Z     build_config: cp310-macosx_arm64
2022-12-27T03:23:27.0472650Z     skip_config: 
2022-12-27T03:23:27.0473030Z     requires_python: None
2022-12-27T03:23:27.0473540Z     prerelease_pythons: False[0m
2022-12-27T03:23:27.0474090Z   [38;5;244mcontainer_engine: docker[0m
2022-12-27T03:23:27.0475080Z   output_dir: /Users/runner/actions-runner/_work/python.build/python.build/build_grpcio140310/wheelsout[0m
2022-12-27T03:23:27.0476590Z   package_dir: /Users/runner/actions-runner/_work/python.build/python.build/build_grpcio140310/grpcio-1.4.0[0m
2022-12-27T03:23:27.0477180Z   test_selector: 
2022-12-27T03:23:27.0477630Z     skip_config: *_arm64[0m
2022-12-27T03:23:27.0478090Z   [38;5;244mbefore_all: [0m
2022-12-27T03:23:27.0479710Z   before_build: pip install Cython; if [[ -f requirements.txt ]]; then pip install -r requirements.txt; fi[0m
2022-12-27T03:23:27.0480360Z   [38;5;244mbefore_test: [0m
2022-12-27T03:23:27.0480860Z   [38;5;244mbuild_frontend: pip[0m
2022-12-27T03:23:27.0481370Z   build_verbosity: 3[0m
2022-12-27T03:23:27.0482350Z   [38;5;244mconfig_settings: [0m
2022-12-27T03:23:27.0482940Z   [38;5;244mdependency_constraints: pinned[0m
2022-12-27T03:23:27.0483770Z   environment: 
2022-12-27T03:23:27.0484170Z     GRPC_PYTHON_BUILD_WITH_CYTHON=1
2022-12-27T03:23:27.0484570Z     GRPC_BUILD_WITH_BORING_SSL_ASM=''
2022-12-27T03:23:27.0485270Z     GRPC_PYTHON_BUILD_SYSTEM_OPENSSL=TRUE
2022-12-27T03:23:27.0486590Z     CFLAGS="-I/usr/local/opt/openssl@3/include"
2022-12-27T03:23:27.0487030Z     LDFLAGS="-L/usr/local/opt/openssl@3/lib"
2022-12-27T03:23:27.0487560Z     CPPFLAGS="-I/usr/local/opt/openssl@3/include"
2022-12-27T03:23:27.0488120Z     MAKEFLAGS="-j$(sysctl -n hw.logicalcpu)"
2022-12-27T03:23:27.0488840Z     PATH=/usr/local/opt/ccache/libexec:$PATH[0m
2022-12-27T03:23:27.0489260Z   [38;5;244mmanylinux_images: None[0m
2022-12-27T03:23:27.0489740Z   [38;5;244mmusllinux_images: None[0m
2022-12-27T03:23:27.0490360Z   [38;5;244mrepair_command: delocate-wheel --require-archs {delocate_archs} -w {dest_dir} -v {wheel}[0m
2022-12-27T03:23:27.0490820Z   [38;5;244mtest_command: [0m
2022-12-27T03:23:27.0491490Z   [38;5;244mtest_extras: [0m
2022-12-27T03:23:27.0491930Z   [38;5;244mtest_requires: [0m
2022-12-27T03:23:27.0492140Z 
2022-12-27T03:23:27.0492280Z Cache folder: /Users/runner/Library/Caches/cibuildwheel
2022-12-27T03:23:27.0508330Z 
2022-12-27T03:23:27.0509930Z Here we go!
2022-12-27T03:23:27.0510330Z 
2022-12-27T03:23:27.0611230Z 
2022-12-27T03:23:27.0612240Z [1m[34mBuilding cp310-macosx_arm64 wheel[0m
2022-12-27T03:23:27.0612760Z CPython 3.10 macOS arm64 - Apple Silicon
2022-12-27T03:23:27.0612980Z 
2022-12-27T03:23:27.0615400Z ##[group]Installing Python cp310...
2022-12-27T03:23:27.0615660Z 
2022-12-27T03:23:27.0617360Z + pkgutil --pkgs
2022-12-27T03:23:27.0820470Z ##[endgroup]
2022-12-27T03:23:27.0822340Z                                                               [32m✓ [0m0.02s
2022-12-27T03:23:27.0823070Z ##[group]Setting up build environment...
2022-12-27T03:23:27.0823300Z 
2022-12-27T03:23:27.0855330Z + /Users/runner/hostedtoolcache/Python/3.10.9/x64/bin/python -sS /Users/runner/Library/Caches/cibuildwheel/virtualenv-20.17.0.pyz --activators= --no-periodic-update --pip=22.3.1 --setuptools=65.6.3 --wheel=0.38.4 --symlink-app-data --python /Library/Frameworks/Python.framework/Versions/3.10/bin/python3 /private/var/folders/51/hd414ycd67n82196sw51xqtc0000gn/T/cibw-run-6xrbonl6/cp310-macosx_arm64/build/venv
2022-12-27T03:23:27.3974700Z created virtual environment CPython3.10.8.final.0-64 in 83ms
2022-12-27T03:23:27.3976140Z   creator CPython3Posix(dest=/private/var/folders/51/hd414ycd67n82196sw51xqtc0000gn/T/cibw-run-6xrbonl6/cp310-macosx_arm64/build/venv, clear=False, no_vcs_ignore=False, global=False)
2022-12-27T03:23:27.3977010Z   seeder FromAppData(download=False, pip=22.3.1, setuptools=65.6.3, wheel=0.38.4, via=symlink, app_data_dir=/Users/runner/Library/Application Support/virtualenv)
2022-12-27T03:23:27.3977530Z     added seed packages: pip==22.3.1, setuptools==65.6.3, wheel==0.38.4
2022-12-27T03:23:27.4276100Z + python -m pip install --upgrade pip -c /Users/runner/hostedtoolcache/Python/3.10.9/x64/lib/python3.10/site-packages/cibuildwheel/resources/constraints-python310.txt
2022-12-27T03:23:27.9049260Z Requirement already satisfied: pip in ./lib/python3.10/site-packages (22.3.1)
2022-12-27T03:23:28.1534840Z + which pip
2022-12-27T03:23:28.1572720Z /private/var/folders/51/hd414ycd67n82196sw51xqtc0000gn/T/cibw-run-6xrbonl6/cp310-macosx_arm64/build/venv/bin/pip
2022-12-27T03:23:28.1578350Z + pip --version
2022-12-27T03:23:28.4965390Z pip 22.3.1 from /private/var/folders/51/hd414ycd67n82196sw51xqtc0000gn/T/cibw-run-6xrbonl6/cp310-macosx_arm64/build/venv/lib/python3.10/site-packages/pip (python 3.10)
2022-12-27T03:23:28.5522470Z + which pip
2022-12-27T03:23:28.5602090Z + which python
2022-12-27T03:23:28.5638650Z /private/var/folders/51/hd414ycd67n82196sw51xqtc0000gn/T/cibw-run-6xrbonl6/cp310-macosx_arm64/build/venv/bin/python
2022-12-27T03:23:28.5645810Z + python --version
2022-12-27T03:23:28.5742080Z Python 3.10.8
2022-12-27T03:23:28.5747750Z + which python
2022-12-27T03:23:28.5862730Z ##[endgroup]
2022-12-27T03:23:28.5863710Z                                                               [32m✓ [0m1.50s
2022-12-27T03:23:28.5864560Z ##[group]Installing build tools...
2022-12-27T03:23:28.5865080Z 
2022-12-27T03:23:28.5865710Z + pip install --upgrade setuptools wheel delocate -c /Users/runner/hostedtoolcache/Python/3.10.9/x64/lib/python3.10/site-packages/cibuildwheel/resources/constraints-python310.txt
2022-12-27T03:23:29.0409800Z Requirement already satisfied: setuptools in /private/var/folders/51/hd414ycd67n82196sw51xqtc0000gn/T/cibw-run-6xrbonl6/cp310-macosx_arm64/build/venv/lib/python3.10/site-packages (65.6.3)
2022-12-27T03:23:29.3597460Z Requirement already satisfied: wheel in /private/var/folders/51/hd414ycd67n82196sw51xqtc0000gn/T/cibw-run-6xrbonl6/cp310-macosx_arm64/build/venv/lib/python3.10/site-packages (0.38.4)
2022-12-27T03:23:29.4291080Z Collecting delocate
2022-12-27T03:23:29.4338850Z   Using cached delocate-0.10.3-py3-none-any.whl (142 kB)
2022-12-27T03:23:29.4805990Z Collecting packaging>=20.9
2022-12-27T03:23:29.4846220Z   Using cached packaging-21.3-py3-none-any.whl (40 kB)
2022-12-27T03:23:29.5099630Z Collecting typing-extensions
2022-12-27T03:23:29.5137500Z   Using cached typing_extensions-4.4.0-py3-none-any.whl (26 kB)
2022-12-27T03:23:29.5645640Z Collecting pyparsing!=3.0.5,>=2.0.2
2022-12-27T03:23:29.5686050Z   Using cached pyparsing-3.0.9-py3-none-any.whl (98 kB)
2022-12-27T03:23:29.6212870Z Installing collected packages: typing-extensions, pyparsing, packaging, delocate
2022-12-27T03:23:29.8270090Z Successfully installed delocate-0.10.3 packaging-21.3 pyparsing-3.0.9 typing-extensions-4.4.0
2022-12-27T03:23:29.9644090Z ##[endgroup]
2022-12-27T03:23:29.9645100Z                                                               [32m✓ [0m1.38s
2022-12-27T03:23:29.9645880Z ##[group]Running before_build...
2022-12-27T03:23:29.9646100Z 
2022-12-27T03:23:29.9654370Z + pip install Cython; if [[ -f requirements.txt ]]; then pip install -r requirements.txt; fi
2022-12-27T03:23:30.9655450Z Collecting Cython
2022-12-27T03:23:30.9741360Z   Using cached Cython-0.29.32-py2.py3-none-any.whl (986 kB)
2022-12-27T03:23:31.0363380Z Installing collected packages: Cython
2022-12-27T03:23:31.7307000Z Successfully installed Cython-0.29.32
2022-12-27T03:23:32.9677240Z Collecting coverage>=4.0
2022-12-27T03:23:32.9727840Z   Using cached coverage-7.0.1-cp310-cp310-macosx_10_9_x86_64.whl (188 kB)
2022-12-27T03:23:32.9792200Z Requirement already satisfied: cython>=0.23 in /private/var/folders/51/hd414ycd67n82196sw51xqtc0000gn/T/cibw-run-6xrbonl6/cp310-macosx_arm64/build/venv/lib/python3.10/site-packages (from -r requirements.txt (line 3)) (0.29.32)
2022-12-27T03:23:33.0013190Z Collecting enum34>=1.0.4
2022-12-27T03:23:33.0047130Z   Using cached enum34-1.1.10-py3-none-any.whl (11 kB)
2022-12-27T03:23:33.0285570Z Collecting futures>=2.2.0
2022-12-27T03:23:33.0286970Z   Using cached futures-3.0.5-py3-none-any.whl
2022-12-27T03:23:33.4580290Z Collecting protobuf>=3.2.0
2022-12-27T03:23:33.4639460Z   Using cached protobuf-4.21.12-cp37-abi3-macosx_10_9_universal2.whl (486 kB)
2022-12-27T03:23:33.4963160Z Collecting six>=1.10
2022-12-27T03:23:33.5002610Z   Using cached six-1.16.0-py2.py3-none-any.whl (11 kB)
2022-12-27T03:23:33.5036660Z Requirement already satisfied: wheel>=0.29 in /private/var/folders/51/hd414ycd67n82196sw51xqtc0000gn/T/cibw-run-6xrbonl6/cp310-macosx_arm64/build/venv/lib/python3.10/site-packages (from -r requirements.txt (line 8)) (0.38.4)
2022-12-27T03:23:33.5764270Z Installing collected packages: futures, enum34, six, protobuf, coverage
2022-12-27T03:23:33.9832440Z Successfully installed coverage-7.0.1 enum34-1.1.10 futures-3.0.5 protobuf-4.21.12 six-1.16.0
2022-12-27T03:23:34.1515290Z ##[endgroup]
2022-12-27T03:23:34.1516720Z                                                               [32m✓ [0m4.19s
2022-12-27T03:23:34.1518000Z ##[group]Building wheel...
2022-12-27T03:23:34.1518350Z 
2022-12-27T03:23:34.1525170Z + python -m pip wheel /Users/runner/actions-runner/_work/python.build/python.build/build_grpcio140310/grpcio-1.4.0 --wheel-dir=/private/var/folders/51/hd414ycd67n82196sw51xqtc0000gn/T/cibw-run-6xrbonl6/cp310-macosx_arm64/built_wheel --no-deps -vvv
2022-12-27T03:23:34.5868180Z Created temporary directory: /private/var/folders/51/hd414ycd67n82196sw51xqtc0000gn/T/pip-ephem-wheel-cache-inwpdnjs
2022-12-27T03:23:34.5875830Z Created temporary directory: /private/var/folders/51/hd414ycd67n82196sw51xqtc0000gn/T/pip-build-tracker-a6ffanbu
2022-12-27T03:23:34.5877520Z Initialized build tracking at /private/var/folders/51/hd414ycd67n82196sw51xqtc0000gn/T/pip-build-tracker-a6ffanbu
2022-12-27T03:23:34.5880900Z Created build tracker: /private/var/folders/51/hd414ycd67n82196sw51xqtc0000gn/T/pip-build-tracker-a6ffanbu
2022-12-27T03:23:34.5882360Z Entered build tracker: /private/var/folders/51/hd414ycd67n82196sw51xqtc0000gn/T/pip-build-tracker-a6ffanbu
2022-12-27T03:23:34.5887540Z Created temporary directory: /private/var/folders/51/hd414ycd67n82196sw51xqtc0000gn/T/pip-wheel-ogcgmovz
2022-12-27T03:23:34.5898440Z Created temporary directory: /private/var/folders/51/hd414ycd67n82196sw51xqtc0000gn/T/pip-ephem-wheel-cache-wik9o4lf
2022-12-27T03:23:34.6234730Z Processing /Users/runner/actions-runner/_work/python.build/python.build/build_grpcio140310/grpcio-1.4.0
2022-12-27T03:23:34.6238600Z   Added file:///Users/runner/actions-runner/_work/python.build/python.build/build_grpcio140310/grpcio-1.4.0 to build tracker '/private/var/folders/51/hd414ycd67n82196sw51xqtc0000gn/T/pip-build-tracker-a6ffanbu'
2022-12-27T03:23:34.6244710Z   Running setup.py (path:/Users/runner/actions-runner/_work/python.build/python.build/build_grpcio140310/grpcio-1.4.0/setup.py) egg_info for package from file:///Users/runner/actions-runner/_work/python.build/python.build/build_grpcio140310/grpcio-1.4.0
2022-12-27T03:23:34.6250170Z   Created temporary directory: /private/var/folders/51/hd414ycd67n82196sw51xqtc0000gn/T/pip-pip-egg-info-l22d9mdu
2022-12-27T03:23:34.6252270Z   Preparing metadata (setup.py): started
2022-12-27T03:23:34.6255800Z   Running command python setup.py egg_info
2022-12-27T03:23:35.3268600Z   /private/var/folders/51/hd414ycd67n82196sw51xqtc0000gn/T/cibw-run-6xrbonl6/cp310-macosx_arm64/build/venv/lib/python3.10/site-packages/Cython/Compiler/Main.py:369: FutureWarning: Cython directive 'language_level' not set, using 2 for now (Py2). This will change in a later release! File: /Users/runner/actions-runner/_work/python.build/python.build/build_grpcio140310/grpcio-1.4.0/src/python/grpcio/grpc/_cython/cygrpc.pxd
2022-12-27T03:23:35.3269760Z     tree = Parsing.p_module(s, pxd, full_module_name)
2022-12-27T03:23:35.4140140Z   warning: src/python/grpcio/grpc/_cython/_cygrpc/grpc.pxi:150:13: 'GRPC_ARG_PRIMARY_USER_AGENT_STRING' redeclared
2022-12-27T03:23:36.8851760Z   Compiling src/python/grpcio/grpc/_cython/cygrpc.pyx because it depends on /private/var/folders/51/hd414ycd67n82196sw51xqtc0000gn/T/cibw-run-6xrbonl6/cp310-macosx_arm64/build/venv/lib/python3.10/site-packages/Cython/Includes/libc/time.pxd.
2022-12-27T03:23:36.8853400Z   [1/1] Cythonizing src/python/grpcio/grpc/_cython/cygrpc.pyx
2022-12-27T03:23:36.9145870Z   running egg_info
2022-12-27T03:23:36.9151210Z   creating /private/var/folders/51/hd414ycd67n82196sw51xqtc0000gn/T/pip-pip-egg-info-l22d9mdu/grpcio.egg-info
2022-12-27T03:23:36.9167710Z   writing /private/var/folders/51/hd414ycd67n82196sw51xqtc0000gn/T/pip-pip-egg-info-l22d9mdu/grpcio.egg-info/PKG-INFO
2022-12-27T03:23:36.9178510Z   writing dependency_links to /private/var/folders/51/hd414ycd67n82196sw51xqtc0000gn/T/pip-pip-egg-info-l22d9mdu/grpcio.egg-info/dependency_links.txt
2022-12-27T03:23:36.9182780Z   writing requirements to /private/var/folders/51/hd414ycd67n82196sw51xqtc0000gn/T/pip-pip-egg-info-l22d9mdu/grpcio.egg-info/requires.txt
2022-12-27T03:23:36.9184450Z   writing top-level names to /private/var/folders/51/hd414ycd67n82196sw51xqtc0000gn/T/pip-pip-egg-info-l22d9mdu/grpcio.egg-info/top_level.txt
2022-12-27T03:23:36.9187040Z   writing manifest file '/private/var/folders/51/hd414ycd67n82196sw51xqtc0000gn/T/pip-pip-egg-info-l22d9mdu/grpcio.egg-info/SOURCES.txt'
2022-12-27T03:23:36.9275850Z   reading manifest file '/private/var/folders/51/hd414ycd67n82196sw51xqtc0000gn/T/pip-pip-egg-info-l22d9mdu/grpcio.egg-info/SOURCES.txt'
2022-12-27T03:23:36.9279830Z   reading manifest template 'PYTHON-MANIFEST.in'
2022-12-27T03:23:36.9330410Z   warning: no files found matching '*.h' under directory 'src/python/grpcio/grpc'
2022-12-27T03:23:36.9449130Z   warning: no files found matching '*.python' under directory 'src/python/grpcio/grpc'
2022-12-27T03:23:36.9480310Z   warning: no previously-included files matching '*.so' found under directory 'src/python/grpcio/grpc/_cython'
2022-12-27T03:23:36.9482640Z   warning: no previously-included files matching '*.pyd' found under directory 'src/python/grpcio/grpc/_cython'
2022-12-27T03:23:37.0653580Z   warning: no files found matching 'src/python/grpcio/precompiled.py'
2022-12-27T03:23:37.1363810Z   writing manifest file '/private/var/folders/51/hd414ycd67n82196sw51xqtc0000gn/T/pip-pip-egg-info-l22d9mdu/grpcio.egg-info/SOURCES.txt'
2022-12-27T03:23:37.3195970Z   Preparing metadata (setup.py): finished with status 'done'
2022-12-27T03:23:37.3238280Z   Source in /Users/runner/actions-runner/_work/python.build/python.build/build_grpcio140310/grpcio-1.4.0 has version 1.4.0, which satisfies requirement grpcio==1.4.0 from file:///Users/runner/actions-runner/_work/python.build/python.build/build_grpcio140310/grpcio-1.4.0
2022-12-27T03:23:37.3244060Z   Removed grpcio==1.4.0 from file:///Users/runner/actions-runner/_work/python.build/python.build/build_grpcio140310/grpcio-1.4.0 from build tracker '/private/var/folders/51/hd414ycd67n82196sw51xqtc0000gn/T/pip-build-tracker-a6ffanbu'
2022-12-27T03:23:37.3277960Z Created temporary directory: /private/var/folders/51/hd414ycd67n82196sw51xqtc0000gn/T/pip-unpack-ury1_kr7
2022-12-27T03:23:37.3280280Z Building wheels for collected packages: grpcio
2022-12-27T03:23:37.3291130Z   Created temporary directory: /private/var/folders/51/hd414ycd67n82196sw51xqtc0000gn/T/pip-wheel-z3gd6z0a
2022-12-27T03:23:37.3293240Z   Building wheel for grpcio (setup.py): started
2022-12-27T03:23:37.3297040Z   Destination directory: /private/var/folders/51/hd414ycd67n82196sw51xqtc0000gn/T/pip-wheel-z3gd6z0a
2022-12-27T03:23:37.3298620Z   Running command python setup.py bdist_wheel
2022-12-27T03:23:37.9900370Z   running bdist_wheel
2022-12-27T03:23:37.9948660Z   running build
2022-12-27T03:23:37.9950690Z   running build_py
2022-12-27T03:23:37.9952730Z   running build_project_metadata
2022-12-27T03:23:37.9955900Z   creating python_build
2022-12-27T03:23:37.9958150Z   creating python_build/lib.macosx-11.0-arm64-cpython-310
2022-12-27T03:23:37.9960420Z   creating python_build/lib.macosx-11.0-arm64-cpython-310/grpc
2022-12-27T03:23:37.9965430Z   copying src/python/grpcio/grpc/_channel.py -> python_build/lib.macosx-11.0-arm64-cpython-310/grpc
2022-12-27T03:23:37.9974500Z   copying src/python/grpcio/grpc/_common.py -> python_build/lib.macosx-11.0-arm64-cpython-310/grpc
2022-12-27T03:23:37.9977860Z   copying src/python/grpcio/grpc/__init__.py -> python_build/lib.macosx-11.0-arm64-cpython-310/grpc
2022-12-27T03:23:37.9980610Z   copying src/python/grpcio/grpc/_utilities.py -> python_build/lib.macosx-11.0-arm64-cpython-310/grpc
2022-12-27T03:23:37.9986000Z   copying src/python/grpcio/grpc/_plugin_wrapping.py -> python_build/lib.macosx-11.0-arm64-cpython-310/grpc
2022-12-27T03:23:37.9988030Z   copying src/python/grpcio/grpc/_grpcio_metadata.py -> python_build/lib.macosx-11.0-arm64-cpython-310/grpc
2022-12-27T03:23:37.9993790Z   copying src/python/grpcio/grpc/_server.py -> python_build/lib.macosx-11.0-arm64-cpython-310/grpc
2022-12-27T03:23:37.9998470Z   copying src/python/grpcio/grpc/_auth.py -> python_build/lib.macosx-11.0-arm64-cpython-310/grpc
2022-12-27T03:23:38.0003640Z   copying src/python/grpcio/grpc/_credential_composition.py -> python_build/lib.macosx-11.0-arm64-cpython-310/grpc
2022-12-27T03:23:38.0161520Z   creating python_build/lib.macosx-11.0-arm64-cpython-310/grpc/beta
2022-12-27T03:23:38.0163270Z   copying src/python/grpcio/grpc/beta/_server_adaptations.py -> python_build/lib.macosx-11.0-arm64-cpython-310/grpc/beta
2022-12-27T03:23:38.0164130Z   copying src/python/grpcio/grpc/beta/interfaces.py -> python_build/lib.macosx-11.0-arm64-cpython-310/grpc/beta
2022-12-27T03:23:38.0165740Z   copying src/python/grpcio/grpc/beta/__init__.py -> python_build/lib.macosx-11.0-arm64-cpython-310/grpc/beta
2022-12-27T03:23:38.0166820Z   copying src/python/grpcio/grpc/beta/utilities.py -> python_build/lib.macosx-11.0-arm64-cpython-310/grpc/beta
2022-12-27T03:23:38.0167800Z   copying src/python/grpcio/grpc/beta/implementations.py -> python_build/lib.macosx-11.0-arm64-cpython-310/grpc/beta
2022-12-27T03:23:38.0168530Z   copying src/python/grpcio/grpc/beta/_client_adaptations.py -> python_build/lib.macosx-11.0-arm64-cpython-310/grpc/beta
2022-12-27T03:23:38.0169320Z   creating python_build/lib.macosx-11.0-arm64-cpython-310/grpc/framework
2022-12-27T03:23:38.0170100Z   copying src/python/grpcio/grpc/framework/__init__.py -> python_build/lib.macosx-11.0-arm64-cpython-310/grpc/framework
2022-12-27T03:23:38.0170670Z   creating python_build/lib.macosx-11.0-arm64-cpython-310/grpc/_cython
2022-12-27T03:23:38.0171320Z   copying src/python/grpcio/grpc/_cython/__init__.py -> python_build/lib.macosx-11.0-arm64-cpython-310/grpc/_cython
2022-12-27T03:23:38.0171980Z   creating python_build/lib.macosx-11.0-arm64-cpython-310/grpc/framework/foundation
2022-12-27T03:23:38.0172750Z   copying src/python/grpcio/grpc/framework/foundation/callable_util.py -> python_build/lib.macosx-11.0-arm64-cpython-310/grpc/framework/foundation
2022-12-27T03:23:38.0174680Z   copying src/python/grpcio/grpc/framework/foundation/abandonment.py -> python_build/lib.macosx-11.0-arm64-cpython-310/grpc/framework/foundation
2022-12-27T03:23:38.0175500Z   copying src/python/grpcio/grpc/framework/foundation/__init__.py -> python_build/lib.macosx-11.0-arm64-cpython-310/grpc/framework/foundation
2022-12-27T03:23:38.0176290Z   copying src/python/grpcio/grpc/framework/foundation/stream.py -> python_build/lib.macosx-11.0-arm64-cpython-310/grpc/framework/foundation
2022-12-27T03:23:38.0177100Z   copying src/python/grpcio/grpc/framework/foundation/stream_util.py -> python_build/lib.macosx-11.0-arm64-cpython-310/grpc/framework/foundation
2022-12-27T03:23:38.0178250Z   copying src/python/grpcio/grpc/framework/foundation/future.py -> python_build/lib.macosx-11.0-arm64-cpython-310/grpc/framework/foundation
2022-12-27T03:23:38.0179540Z   copying src/python/grpcio/grpc/framework/foundation/logging_pool.py -> python_build/lib.macosx-11.0-arm64-cpython-310/grpc/framework/foundation
2022-12-27T03:23:38.0180240Z   creating python_build/lib.macosx-11.0-arm64-cpython-310/grpc/framework/common
2022-12-27T03:23:38.0180970Z   copying src/python/grpcio/grpc/framework/common/style.py -> python_build/lib.macosx-11.0-arm64-cpython-310/grpc/framework/common
2022-12-27T03:23:38.0182360Z   copying src/python/grpcio/grpc/framework/common/cardinality.py -> python_build/lib.macosx-11.0-arm64-cpython-310/grpc/framework/common
2022-12-27T03:23:38.0183170Z   copying src/python/grpcio/grpc/framework/common/__init__.py -> python_build/lib.macosx-11.0-arm64-cpython-310/grpc/framework/common
2022-12-27T03:23:38.0183820Z   creating python_build/lib.macosx-11.0-arm64-cpython-310/grpc/framework/interfaces
2022-12-27T03:23:38.0184570Z   copying src/python/grpcio/grpc/framework/interfaces/__init__.py -> python_build/lib.macosx-11.0-arm64-cpython-310/grpc/framework/interfaces
2022-12-27T03:23:38.0185240Z   creating python_build/lib.macosx-11.0-arm64-cpython-310/grpc/framework/interfaces/face
2022-12-27T03:23:38.0186020Z   copying src/python/grpcio/grpc/framework/interfaces/face/__init__.py -> python_build/lib.macosx-11.0-arm64-cpython-310/grpc/framework/interfaces/face
2022-12-27T03:23:38.0186800Z   copying src/python/grpcio/grpc/framework/interfaces/face/utilities.py -> python_build/lib.macosx-11.0-arm64-cpython-310/grpc/framework/interfaces/face
2022-12-27T03:23:38.0187640Z   copying src/python/grpcio/grpc/framework/interfaces/face/face.py -> python_build/lib.macosx-11.0-arm64-cpython-310/grpc/framework/interfaces/face
2022-12-27T03:23:38.0188340Z   creating python_build/lib.macosx-11.0-arm64-cpython-310/grpc/framework/interfaces/base
2022-12-27T03:23:38.0189430Z   copying src/python/grpcio/grpc/framework/interfaces/base/__init__.py -> python_build/lib.macosx-11.0-arm64-cpython-310/grpc/framework/interfaces/base
2022-12-27T03:23:38.0190280Z   copying src/python/grpcio/grpc/framework/interfaces/base/utilities.py -> python_build/lib.macosx-11.0-arm64-cpython-310/grpc/framework/interfaces/base
2022-12-27T03:23:38.0191090Z   copying src/python/grpcio/grpc/framework/interfaces/base/base.py -> python_build/lib.macosx-11.0-arm64-cpython-310/grpc/framework/interfaces/base
2022-12-27T03:23:38.0191770Z   creating python_build/lib.macosx-11.0-arm64-cpython-310/grpc/_cython/_cygrpc
2022-12-27T03:23:38.0192400Z   copying src/python/grpcio/grpc/_cython/_cygrpc/__init__.py -> python_build/lib.macosx-11.0-arm64-cpython-310/grpc/_cython/_cygrpc
2022-12-27T03:23:38.0193160Z   creating python_build/lib.macosx-11.0-arm64-cpython-310/grpc/_cython/_credentials
2022-12-27T03:23:38.0193890Z   copying src/python/grpcio/grpc/_cython/_credentials/roots.pem -> python_build/lib.macosx-11.0-arm64-cpython-310/grpc/_cython/_credentials
2022-12-27T03:23:38.0226360Z   running build_ext
2022-12-27T03:23:44.0690690Z   b'[C]       Compiling third_party/cares/cares/ares__close_sockets.c\n[C]       Compiling third_party/cares/cares/ares__get_hostent.c\n[C]       Compiling third_party/cares/cares/ares__read_line.c\n[C]       Compiling third_party/cares/cares/ares__timeval.c\n[C]       Compiling third_party/cares/cares/ares_cancel.c\n[C]       Compiling third_party/cares/cares/ares_create_query.c\n[C]       Compiling third_party/cares/cares/ares_data.c\n[C]       Compiling third_party/cares/cares/ares_destroy.c\n[C]       Compiling third_party/cares/cares/ares_expand_name.c\n[C]       Compiling third_party/cares/cares/ares_expand_string.c\n[C]       Compiling third_party/cares/cares/ares_fds.c\n[C]       Compiling third_party/cares/cares/ares_free_hostent.c\n[C]       Compiling third_party/cares/cares/ares_free_string.c\n[C]       Compiling third_party/cares/cares/ares_getenv.c\n[C]       Compiling third_party/cares/cares/ares_gethostbyaddr.c\n[C]       Compiling third_party/cares/cares/ares_gethostbyname.c\n[C]       Compiling third_party/cares/cares/ares_getnameinfo.c\n[C]       Compiling third_party/cares/cares/ares_getopt.c\n[C]       Compiling third_party/cares/cares/ares_getsock.c\n[C]       Compiling third_party/cares/cares/ares_init.c\n[C]       Compiling third_party/cares/cares/ares_library_init.c\n[C]       Compiling third_party/cares/cares/ares_llist.c\n[C]       Compiling third_party/cares/cares/ares_mkquery.c\n[C]       Compiling third_party/cares/cares/ares_nowarn.c\n[C]       Compiling third_party/cares/cares/ares_options.c\n[C]       Compiling third_party/cares/cares/ares_parse_a_reply.c\n[C]       Compiling third_party/cares/cares/ares_parse_aaaa_reply.c\n[C]       Compiling third_party/cares/cares/ares_parse_mx_reply.c\n[C]       Compiling third_party/cares/cares/ares_parse_naptr_reply.c\n[C]       Compiling third_party/cares/cares/ares_parse_ns_reply.c\n[C]       Compiling third_party/cares/cares/ares_parse_ptr_reply.c\n[C]       Compiling third_party/cares/cares/ares_parse_soa_reply.c\n[C]       Compiling third_party/cares/cares/ares_parse_srv_reply.c\n[C]       Compiling third_party/cares/cares/ares_parse_txt_reply.c\n[C]       Compiling third_party/cares/cares/ares_platform.c\n[C]       Compiling third_party/cares/cares/ares_process.c\n[C]       Compiling third_party/cares/cares/ares_query.c\n[C]       Compiling third_party/cares/cares/ares_search.c\n[C]       Compiling third_party/cares/cares/ares_send.c\n[C]       Compiling third_party/cares/cares/ares_strcasecmp.c\n[C]       Compiling third_party/cares/cares/ares_strdup.c\n[C]       Compiling third_party/cares/cares/ares_strerror.c\n[C]       Compiling third_party/cares/cares/ares_timeout.c\n[C]       Compiling third_party/cares/cares/ares_version.c\n[C]       Compiling third_party/cares/cares/ares_writev.c\n[C]       Compiling third_party/cares/cares/bitncmp.c\n[C]       Compiling third_party/cares/cares/inet_net_pton.c\n[C]       Compiling third_party/cares/cares/inet_ntop.c\n[C]       Compiling third_party/cares/cares/windows_port.c\n[C]       Compiling third_party/zlib/adler32.c\n[C]       Compiling third_party/zlib/compress.c\n[C]       Compiling third_party/zlib/crc32.c\n[C]       Compiling third_party/zlib/gzclose.c\n[C]       Compiling third_party/zlib/gzread.c\n[C]       Compiling third_party/zlib/gzwrite.c\n[C]       Compiling third_party/zlib/gzlib.c\n[C]       Compiling third_party/zlib/deflate.c\n[C]       Compiling third_party/zlib/infback.c\n[C]       Compiling third_party/zlib/inffast.c\n[C]       Compiling third_party/zlib/inflate.c\n[C]       Compiling third_party/zlib/inftrees.c\n[C]       Compiling third_party/zlib/trees.c\n[C]       Compiling third_party/zlib/uncompr.c\n[C]       Compiling third_party/zlib/zutil.c\n[C]       Compiling src/boringssl/err_data.c\n[C]       Compiling third_party/boringssl/crypto/aes/aes.c\n[C]       Compiling third_party/boringssl/crypto/aes/mode_wrappers.c\n[C]       Compiling third_party/boringssl/crypto/asn1/a_bitstr.c\n[C]       Compiling third_party/boringssl/crypto/asn1/a_d2i_fp.c\n[C]       Compiling third_party/boringssl/crypto/asn1/a_bool.c\n[C]       Compiling third_party/boringssl/crypto/asn1/a_dup.c\n[C]       Compiling third_party/boringssl/crypto/asn1/a_enum.c\n[C]       Compiling third_party/boringssl/crypto/asn1/a_gentm.c\n[C]       Compiling third_party/boringssl/crypto/asn1/a_i2d_fp.c\n[C]       Compiling third_party/boringssl/crypto/asn1/a_int.c\n[C]       Compiling third_party/boringssl/crypto/asn1/a_mbstr.c\n[C]       Compiling third_party/boringssl/crypto/asn1/a_object.c\n[C]       Compiling third_party/boringssl/crypto/asn1/a_octet.c\n[C]       Compiling third_party/boringssl/crypto/asn1/a_print.c\n[C]       Compiling third_party/boringssl/crypto/asn1/a_strnid.c\n[C]       Compiling third_party/boringssl/crypto/asn1/a_time.c\n'
2022-12-27T03:23:44.1117320Z   b"make: Circular /Users/runner/actions-runner/_work/python.build/python.build/build_grpcio140310/grpcio-1.4.0/libs/opt/libares.a <- /Users/runner/actions-runner/_work/python.build/python.build/build_grpcio140310/grpcio-1.4.0/libs/opt/libz.a dependency dropped.\nIn file included from src/boringssl/err_data.c:17:\nthird_party/boringssl/include/openssl/base.h:120:9: error: In file included from 'OPENSSL_VERSION_NUMBER' macro redefined [-Werror,-Wmacro-redefined]third_party/boringssl/crypto/aes/mode_wrappers.c\n:53:\nIn file included from third_party/boringssl/crypto/aes/../modes/internal.h:52:\nthird_party/boringssl/include/openssl/base.h:120:9: error: 'OPENSSL_VERSION_NUMBER' macro redefined [-Werror,-Wmacro-redefined]\n#define OPENSSL_VERSION_NUMBER 0x10002000\n        ^\n/usr/local/opt/openssl@3/include/openssl/opensslv.h:99:10: note: previous definition is here\n# define OPENSSL_VERSION_NUMBER          \\\n         ^\n#define OPENSSL_VERSION_NUMBER 0x10002000\n        ^\n/usr/local/opt/openssl@3/include/openssl/opensslv.h:99:10: note: previous definition is here\n# define OPENSSL_VERSION_NUMBER          \\\n         ^\nIn file included from src/boringssl/err_data.c:18:\nIn file included from /usr/local/opt/openssl@3/include/openssl/err.h:21:\n/usr/local/opt/openssl@3/include/openssl/e_os2.h:183:11: error: 'OPENSSL_EXPORT' macro redefined [-Werror,-Wmacro-redefined]\n#  define OPENSSL_EXPORT extern\n          ^\nthird_party/boringssl/include/openssl/base.h:155:9: note: previous definition is herethird_party/boringssl/crypto/aes/mode_wrappers.c:60:37: error: 'AES_encrypt' is deprecated [-Werror,-Wdeprecated-declarations]\n                        (block128_f)AES_encrypt);\n                                    ^\n/usr/local/opt/openssl@3/include/openssl/aes.h:56:1: note: 'AES_encrypt' has been explicitly marked deprecated here\n\nOSSL_DEPRECATEDIN_3_0\n#define OPENSSL_EXPORT^\n\n        ^\n/usr/local/opt/openssl@3/include/openssl/macros.h:182:49: note: expanded from macro 'OSSL_DEPRECATEDIN_3_0'\n#   define OSSL_DEPRECATEDIN_3_0                OSSL_DEPRECATED(3.0)\n                                                ^\n/usr/local/opt/openssl@3/include/openssl/macros.h:62:52: note: expanded from macro 'OSSL_DEPRECATED'\n#     define OSSL_DEPRECATED(since) __attribute__((deprecated))\n                                                   ^\n2 errors generated.\nmake: *** [/Users/runner/actions-runner/_work/python.build/python.build/build_grpcio140310/grpcio-1.4.0/objs/opt/third_party/boringssl/crypto/aes/mode_wrappers.o] Error 1\nmake: *** Waiting for unfinished jobs....\nIn file included from third_party/boringssl/crypto/aes/aes.c:54:\nIn file included from third_party/boringssl/include/openssl/cpu.h:64:\nthird_party/boringssl/include/openssl/base.h:120:9: error: 'OPENSSL_VERSION_NUMBER' macro redefined [-Werror,-Wmacro-redefined]\n#define OPENSSL_VERSION_NUMBER 0x10002000\n        ^\n/usr/local/opt/openssl@3/include/openssl/opensslv.h:99:10: note: previous definition is here\n# define OPENSSL_VERSION_NUMBER          \\\n         ^\nIn file included from src/boringssl/err_data.c:18:\nIn file included from /usr/local/opt/openssl@3/include/openssl/err.h:28:\nIn file included from /usr/local/opt/openssl@3/include/openssl/types.h:21:\n/usr/local/opt/openssl@3/include/openssl/safestack.h:264:15: error: redefinition of typedef 'OPENSSL_BLOCK' is a C11 feature [-Werror,-Wtypedef-redefinition]\ntypedef void *OPENSSL_BLOCK;\n              ^\nthird_party/boringssl/include/openssl/base.h:298:15: note: previous definition is here\ntypedef void *OPENSSL_BLOCK;\n              ^\nIn file included from src/boringssl/err_data.c:18:\nIn file included from /usr/local/opt/openssl@3/include/openssl/err.h:28:\n/usr/local/opt/openssl@3/include/openssl/types.h:45:31: error: redefinition of typedef 'ASN1_INTEGER' is a C11 feature [-Werror,-Wtypedef-redefinition]\ntypedef struct asn1_string_st ASN1_INTEGER;\n                              ^\nthird_party/boringssl/include/openssl/base.h:189:31: note: previous definition is here\ntypedef struct asn1_string_st ASN1_INTEGER;\n                              ^\nIn file included from src/boringssl/err_data.c:18:\nIn file included from /usr/local/opt/openssl@3/include/openssl/err.h:28:\n/usr/local/opt/openssl@3/include/openssl/types.h:46:31: error: redefinition of typedef 'ASN1_ENUMERATED' is a C11 feature [-Werror,-Wtypedef-redefinition]\ntypedef struct asn1_string_st ASN1_ENUMERATED;\n                              ^\nthird_party/boringssl/include/openssl/base.h:185:31: note: previous definition is here\ntypedef struct asn1_string_st ASN1_ENUMERATED;\n                              ^\nIn file included from src/boringssl/err_data.c:18:\nIn file included from /usr/local/opt/openssl@3/include/openssl/err.h:28:\n/usr/local/opt/openssl@3/include/openssl/types.h:47:31: error: redefinition of typedef 'ASN1_BIT_STRING' is a C11 feature [-Werror,-Wtypedef-redefinition]\ntypedef struct asn1_string_st ASN1_BIT_STRING;\n                              ^\nthird_party/boringssl/include/openssl/base.h:183:31: note: previous definition is here\ntypedef struct asn1_string_st ASN1_BIT_STRING;\n                              ^\nthird_party/boringssl/crypto/aes/aes.c:537:5: error: conflicting types for 'AES_set_encrypt_key'\nint AES_set_encrypt_key(const uint8_t *key, unsigned bits, AES_KEY *aeskey) {In file included from \n    ^\nsrc/boringssl/err_data.c:18:\n/usr/local/opt/openssl@3/include/openssl/aes.hIn file included from :/usr/local/opt/openssl@3/include/openssl/err.h51::285:\n: /usr/local/opt/openssl@3/include/openssl/types.hnote:: 48previous declaration is here:\n31: error: redefinition of typedef 'ASN1_OCTET_STRING' is a C11 feature [-Werror,-Wtypedef-redefinition]\nint AES_set_encrypt_key(const unsigned char *userKey, const int bits,\ntypedef struct asn1_string_st ASN1_OCTET_STRING;    ^\n\n                              ^\nthird_party/boringssl/include/openssl/base.h:190:31: note: previous definition is here\ntypedef struct asn1_string_st ASN1_OCTET_STRING;\n                              ^\nIn file included from src/boringssl/err_data.c:18:\nIn file included from /usr/local/opt/openssl@3/include/openssl/err.h:28:\n/usr/local/opt/openssl@3/include/openssl/types.h:49:31: error: redefinition of typedef 'ASN1_PRINTABLESTRING' is a C11 feature [-Werror,-Wtypedef-redefinition]\ntypedef struct asn1_string_st ASN1_PRINTABLESTRING;\n                              ^\nthird_party/boringssl/include/openssl/base.h:191:31: note: previous definition is here\ntypedef struct asn1_string_st ASN1_PRINTABLESTRING;\n                              ^\nIn file included from src/boringssl/err_data.c:18:\nIn file included from /usr/local/opt/openssl@3/include/openssl/err.h:28:\n/usr/local/opt/openssl@3/include/openssl/types.h:50:31: error: redefinition of typedef 'ASN1_T61STRING' is a C11 feature [-Werror,-Wtypedef-redefinition]\ntypedef struct asn1_string_st ASN1_T61STRING;\n                              ^\nthird_party/boringssl/include/openssl/base.h:193:31: note: previous definition is here\ntypedef struct asn1_string_st ASN1_T61STRING;\n                              ^\nIn file included from src/boringssl/err_data.c:18:\nIn file included from /usr/local/opt/openssl@3/include/openssl/err.h:28:\n/usr/local/opt/openssl@3/include/openssl/types.h:51:31: error: redefinition of typedef 'ASN1_IA5STRING' is a C11 feature [-Werror,-Wtypedef-redefinition]\ntypedef struct asn1_string_st ASN1_IA5STRING;\n                              ^\nthird_party/boringssl/include/openssl/base.h:188:31: note: previous definition is here\ntypedef struct asn1_string_st ASN1_IA5STRING;\n                              ^\nIn file included from src/boringssl/err_data.c:18:\nIn file included from /usr/local/opt/openssl@3/include/openssl/err.h:28:\n/usr/local/opt/openssl@3/include/openssl/types.h:52:31: error: redefinition of typedef 'ASN1_GENERALSTRING' is a C11 feature [-Werror,-Wtypedef-redefinition]\ntypedef struct asn1_string_st ASN1_GENERALSTRING;\n                              ^\nthird_party/boringssl/include/openssl/base.h:187:31: note: previous definition is here\ntypedef struct asn1_string_st ASN1_GENERALSTRING;\n                              ^\nIn file included from src/boringssl/err_data.c:18:\nIn file included from /usr/local/opt/openssl@3/include/openssl/err.h:28:\n/usr/local/opt/openssl@3/include/openssl/types.h:53:31: error: redefinition of typedef 'ASN1_UNIVERSALSTRING' is a C11 feature [-Werror,-Wtypedef-redefinition]\ntypedef struct asn1_string_st ASN1_UNIVERSALSTRING;\n                              ^\nthird_party/boringssl/include/openssl/base.h:195:31: note: previous definition is herethird_party/boringssl/crypto/aes/aes.c:632\n:5: error: conflicting types for 'AES_set_decrypt_key'\ntypedef struct asn1_string_st ASN1_UNIVERSALSTRING;\n                              ^\nint AES_set_decrypt_key(const uint8_t *key, unsigned bits, AES_KEY *aeskey) {\n    ^\nIn file included from src/boringssl/err_data.c/usr/local/opt/openssl@3/include/openssl/aes.h::1854:\n:In file included from 5/usr/local/opt/openssl@3/include/openssl/err.h:: 28:\n/usr/local/opt/openssl@3/include/openssl/types.h:note54: :31previous declaration is here:\n error: redefinition of typedef 'ASN1_BMPSTRING' is a C11 feature [-Werror,-Wtypedef-redefinition]\nint AES_set_decrypt_key(const unsigned char *userKey, const int bits,\n    ^typedef struct asn1_string_st ASN1_BMPSTRING;\n\n                              ^\nthird_party/boringssl/include/openssl/base.h:184:31: note: previous definition is here\ntypedef struct asn1_string_st ASN1_BMPSTRING;\n                              ^\nIn file included from src/boringssl/err_data.c:18third_party/boringssl/crypto/aes/aes.c::\n638:12: errorIn file included from /usr/local/opt/openssl@3/include/openssl/err.h:28:\n: /usr/local/opt/openssl@3/include/openssl/types.h:'AES_set_encrypt_key' is deprecated [-Werror,-Wdeprecated-declarations]55\n:31: error: redefinition of typedef 'ASN1_UTCTIME' is a C11 feature [-Werror,-Wtypedef-redefinition]\n  status = AES_set_encrypt_key(key, bits, aeskey);\n           ^typedef struct asn1_string_st ASN1_UTCTIME;\n\n                              ^/usr/local/opt/openssl@3/include/openssl/aes.h:\n50third_party/boringssl/include/openssl/base.h:196::31:1 :note : noteprevious definition is here\n: 'AES_set_encrypt_key' has been explicitly marked deprecated here\ntypedef struct asn1_string_st ASN1_UTCTIME;\nOSSL_DEPRECATEDIN_3_0\n^\n/usr/local/opt/openssl@3/include/openssl/macros.h                              ^\n:182:49: note: expanded from macro 'OSSL_DEPRECATEDIN_3_0'\nIn file included from #   define OSSL_DEPRECATEDIN_3_0                OSSL_DEPRECATED(3.0)src/boringssl/err_data.c\n:                                                ^18\n:\nIn file included from /usr/local/opt/openssl@3/include/openssl/macros.h/usr/local/opt/openssl@3/include/openssl/err.h::6228::\n52/usr/local/opt/openssl@3/include/openssl/types.h::56:31:  noteerror: : expanded from macro 'OSSL_DEPRECATED'redefinition of typedef 'ASN1_TIME' is a C11 feature [-Werror,-Wtypedef-redefinition]\n\ntypedef struct asn1_string_st ASN1_TIME;\n                              ^\nthird_party/boringssl/include/openssl/base.h:194:#     define OSSL_DEPRECATED(since) __attribute__((deprecated))31\n:                                                   ^ \nnote: previous definition is here\ntypedef struct asn1_string_st ASN1_TIME;\n                              ^\nIn file included from src/boringssl/err_data.c:18:\nIn file included from /usr/local/opt/openssl@3/include/openssl/err.h:28:\n/usr/local/opt/openssl@3/include/openssl/types.h:57:31: error: redefinition of typedef 'ASN1_GENERALIZEDTIME' is a C11 feature [-Werror,-Wtypedef-redefinition]\ntypedef struct asn1_string_st ASN1_GENERALIZEDTIME;\n                              ^\nthird_party/boringssl/include/openssl/base.h:186:31: note: previous definition is here\ntypedef struct asn1_string_st ASN1_GENERALIZEDTIME;\n                              ^\nIn file included from src/boringssl/err_data.c:18:\nIn file included from /usr/local/opt/openssl@3/include/openssl/err.h:28:\n/usr/local/opt/openssl@3/include/openssl/types.h:58:31: error: redefinition of typedef 'ASN1_VISIBLESTRING' is a C11 feature [-Werror,-Wtypedef-redefinition]\ntypedef struct asn1_string_st ASN1_VISIBLESTRING;\n                              ^\nthird_party/boringssl/include/openssl/base.h:198:31: note: previous definition is here\ntypedef struct asn1_string_st ASN1_VISIBLESTRING;\n                              ^\nIn file included from src/boringssl/err_data.c:18:\nIn file included from /usr/local/opt/openssl@3/include/openssl/err.h:28:\n/usr/local/opt/openssl@3/include/openssl/types.h:59:31: error: redefinition of typedef 'ASN1_UTF8STRING' is a C11 feature [-Werror,-Wtypedef-redefinition]\ntypedef struct asn1_string_st ASN1_UTF8STRING;\n                              ^\nthird_party/boringssl/include/openssl/base.h:197:31: note: previous definition is here\ntypedef struct asn1_string_st ASN1_UTF8STRING;\n                              ^\nIn file included from src/boringssl/err_data.c:18:\nIn file included from /usr/local/opt/openssl@3/include/openssl/err.h:28:\n/usr/local/opt/openssl@3/include/openssl/types.h:60:31: error: redefinition of typedef 'ASN1_STRING' is a C11 feature [-Werror,-Wtypedef-redefinition]\ntypedef struct asn1_string_st ASN1_STRING;\n                              ^\nthird_party/boringssl/include/openssl/base.h:192:31: note: previous definition is here\ntypedef struct asn1_string_st ASN1_STRING;\n                              ^\nfatal error: too many errors emitted, stopping now [-ferror-limit=]\n4 errors generated.\nmake: *** [/Users/runner/actions-runner/_work/python.build/python.build/build_grpcio140310/grpcio-1.4.0/objs/opt/third_party/boringssl/crypto/aes/aes.o] Error 1\n20 errors generated.\nIn file included from third_party/boringssl/crypto/asn1/a_bitstr.c:62:\nIn file included from third_party/boringssl/include/openssl/mem.h:60:\nthird_party/boringssl/include/openssl/base.h:120:9: error: 'OPENSSL_VERSION_NUMBER' macro redefined [-Werror,-Wmacro-redefined]\n#define OPENSSL_VERSION_NUMBER 0x10002000\n        ^\nIn file included from third_party/boringssl/crypto/asn1/a_d2i_fp.c:/usr/local/opt/openssl@3/include/openssl/opensslv.h61::\nIn file included from third_party/boringssl/include/openssl/buf.h:60:\nthird_party/boringssl/include/openssl/base.h:120:9: error: 99:10: 'OPENSSL_VERSION_NUMBER' macro redefined [-Werror,-Wmacro-redefined]note: \nprevious definition is here\n# define OPENSSL_VERSION_NUMBER          \\\n         ^\n#define OPENSSL_VERSION_NUMBER 0x10002000\n        ^\n/usr/local/opt/openssl@3/include/openssl/opensslv.h:99In file included from :third_party/boringssl/crypto/asn1/a_bitstr.c10::62 :\nnoteIn file included from : third_party/boringssl/include/openssl/mem.hprevious definition is here\n:60:\nthird_party/boringssl/include/openssl/base.h:# define OPENSSL_VERSION_NUMBER          \\\n155:9: error         ^\n: 'OPENSSL_EXPORT' macro redefined [-Werror,-Wmacro-redefined]\n#define OPENSSL_EXPORT\n        ^\n/usr/local/opt/openssl@3/include/openssl/e_os2.h:183In file included from third_party/boringssl/crypto/asn1/a_d2i_fp.c::1161::\n In file included from third_party/boringssl/include/openssl/buf.hnote:: 60previous definition is here\n:\nthird_party/boringssl/include/openssl/base.h#  define OPENSSL_EXPORT extern:\n155:9          ^\n: error: 'OPENSSL_EXPORT' macro redefined [-Werror,-Wmacro-redefined]\n#define OPENSSL_EXPORT\n        ^\n/usr/local/opt/openssl@3/include/openssl/e_os2.h:183:11: note: previous definition is here\n#  define OPENSSL_EXPORT extern\n          ^\nIn file included from third_party/boringssl/crypto/asn1/a_bitstr.c:62:\nIn file included from third_party/boringssl/include/openssl/mem.h:60:\nthird_party/boringssl/include/openssl/base.h:176:13: error: typedef redefinition with different types ('int' vs 'struct crypto_threadid_st')\ntypedef int CRYPTO_THREADID;\n            ^\n/usr/local/opt/openssl@3/include/openssl/crypto.h:308:3:In file included from third_party/boringssl/crypto/asn1/a_d2i_fp.c: 61note:\n: In file included from previous definition is herethird_party/boringssl/include/openssl/buf.h\n:60:\n} CRYPTO_THREADID;third_party/boringssl/include/openssl/base.h\n:  ^176\n:13: In file included from errorthird_party/boringssl/crypto/asn1/a_bitstr.c: :62typedef redefinition with different types ('int' vs 'struct crypto_threadid_st')\n:\nIn file included from third_party/boringssl/include/openssl/mem.htypedef int CRYPTO_THREADID;:\n            ^\n60:\nthird_party/boringssl/include/openssl/base.h:178:13: error: redefinition of typedef 'ASN1_BOOLEAN' is a C11 feature [-Werror,-Wtypedef-redefinition]\ntypedef int ASN1_BOOLEAN;\n            ^\n/usr/local/opt/openssl@3/include/openssl/types.h:61:13:/usr/local/opt/openssl@3/include/openssl/crypto.h :note: previous definition is here\ntypedef int ASN1_BOOLEAN;308\n:            ^\n3:In file included from  third_party/boringssl/crypto/asn1/a_bool.cnote:In file included from 60:\nIn file included from third_party/boringssl/include/openssl/mem.h:third_party/boringssl/crypto/asn1/a_bitstr.c60:\n:: third_party/boringssl/include/openssl/base.h62::\n120In file included from :9:third_party/boringssl/include/openssl/mem.h :error60: :\n'OPENSSL_VERSION_NUMBER' macro redefined [-Werror,-Wmacro-redefined]third_party/boringssl/include/openssl/base.h:179:13previous definition is here\n\n: } CRYPTO_THREADID;\nerror  ^: \nredefinition of typedef 'ASN1_NULL' is a C11 feature [-Werror,-Wtypedef-redefinition]\ntypedef int ASN1_NULL;\n            ^\n/usr/local/opt/openssl@3/include/openssl/types.h:62:13: noteIn file included from : third_party/boringssl/crypto/asn1/a_d2i_fp.cprevious definition is here:\n61:\n#define OPENSSL_VERSION_NUMBER 0x10002000typedef int ASN1_NULL;In file included from \nthird_party/boringssl/include/openssl/buf.h:60:\n\nthird_party/boringssl/include/openssl/base.h:        ^\n            ^\n178/usr/local/opt/openssl@3/include/openssl/opensslv.h:13: error: redefinition of typedef 'ASN1_BOOLEAN' is a C11 feature [-Werror,-Wtypedef-redefinition]\ntypedef int ASN1_BOOLEAN;\n            ^\n:/usr/local/opt/openssl@3/include/openssl/types.h:61:13: 99note: previous definition is here\nIn file included from typedef int ASN1_BOOLEAN;\n            ^\n:10: note: previous definition is here\nIn file included from third_party/boringssl/crypto/asn1/a_d2i_fp.c:61:\nIn file included from third_party/boringssl/include/openssl/buf.h:60:\nthird_party/boringssl/include/openssl/base.h:179:13: error# define OPENSSL_VERSION_NUMBER          \\: \nredefinition of typedef 'ASN1_NULL' is a C11 feature [-Werror,-Wtypedef-redefinition]         ^\n\ntypedef int ASN1_NULL;\n            ^\n/usr/local/opt/openssl@3/include/openssl/types.h:62:13: note: previous definition is hereIn file included from \nthird_party/boringssl/crypto/asn1/a_bool.c:60typedef int ASN1_NULL;\n            ^\nthird_party/boringssl/crypto/asn1/a_bitstr.c:62:\n:\nIn file included from In file included from third_party/boringssl/include/openssl/mem.h:In file included from 60third_party/boringssl/crypto/asn1/a_d2i_fp.c:\nthird_party/boringssl/include/openssl/mem.hthird_party/boringssl/include/openssl/base.h:60:\nthird_party/boringssl/include/openssl/base.h:155:::1809::29 :error : error'OPENSSL_EXPORT' macro redefined [-Werror,-Wmacro-redefined]61: redefinition of typedef 'ASN1_ITEM' is a C11 feature [-Werror,-Wtypedef-redefinition]\n:\nIn file included from third_party/boringssl/include/openssl/buf.h:60:\nthird_party/boringssl/include/openssl/base.h:180typedef struct ASN1_ITEM_st ASN1_ITEM;:\n                            ^\n29: error: redefinition of typedef 'ASN1_ITEM' is a C11 feature [-Werror,-Wtypedef-redefinition]\n\n#define OPENSSL_EXPORT\n        ^/usr/local/opt/openssl@3/include/openssl/types.h:69:29: notetypedef struct ASN1_ITEM_st ASN1_ITEM;: \nprevious definition is here                            ^\n\n/usr/local/opt/openssl@3/include/openssl/types.h:69:29:/usr/local/opt/openssl@3/include/openssl/e_os2.h: 183note:: 11:previous definition is here\n\ntypedef struct ASN1_ITEM_st ASN1_ITEM;\n                            ^\n note: previous definition is here\nIn file included from third_party/boringssl/crypto/asn1/a_d2i_fp.c:61:\nIn file included from third_party/boringssl/include/openssl/buf.h:60:\nthird_party/boringssl/include/openssl/base.h:181#  define OPENSSL_EXPORT extern:\n          ^typedef struct ASN1_ITEM_st ASN1_ITEM;\n31                            ^\n\nIn file included from :third_party/boringssl/crypto/asn1/a_bitstr.c:62 error: redefinition of typedef 'ASN1_OBJECT' is a C11 feature [-Werror,-Wtypedef-redefinition]\n:\ntypedef struct asn1_object_st ASN1_OBJECT;\n                              ^\n/usr/local/opt/openssl@3/include/openssl/types.h:66:31: note: previous definition is here\ntypedef struct asn1_object_st ASN1_OBJECT;\n                              ^\nIn file included from third_party/boringssl/crypto/asn1/a_bool.c:60:\nIn file included from third_party/boringssl/include/openssl/mem.h:60:\nthird_party/boringssl/include/openssl/base.h:176:In file included from 13third_party/boringssl/crypto/asn1/a_d2i_fp.c:61In file included from :\nthird_party/boringssl/include/openssl/mem.hIn file included from :60third_party/boringssl/include/openssl/buf.h:\n:third_party/boringssl/include/openssl/base.h60:\n:third_party/boringssl/include/openssl/base.h::182181:31:  :29: errorerror: redefinition of typedef 'ASN1_PCTX' is a C11 feature [-Werror,-Wtypedef-redefinition]: errorredefinition of typedef 'ASN1_OBJECT' is a C11 feature [-Werror,-Wtypedef-redefinition]: \ntypedef redefinition with different types ('int' vs 'struct crypto_threadid_st')\ntypedef int CRYPTO_THREADID;\n            ^\n\ntypedef struct asn1_object_st ASN1_OBJECT;\n                              ^\ntypedef struct asn1_pctx_st ASN1_PCTX;\n                            ^\n/usr/local/opt/openssl@3/include/openssl/types.h/usr/local/opt/openssl@3/include/openssl/types.h::6670::3129:: note note: previous definition is here\n: typedef struct asn1_pctx_st ASN1_PCTX;/usr/local/opt/openssl@3/include/openssl/crypto.h:308:3:previous definition is here\n\n                            ^\ntypedef struct asn1_object_st ASN1_OBJECT;\n                              ^\nIn file included from third_party/boringssl/crypto/asn1/a_d2i_fp.c:61:\nIn file included from third_party/boringssl/include/openssl/buf.h:60:\nthird_party/boringssl/include/openssl/base.hIn file included from third_party/boringssl/crypto/asn1/a_bitstr.c::62183:\n:In file included from 31third_party/boringssl/include/openssl/mem.h:: error: redefinition of typedef 'ASN1_BIT_STRING' is a C11 feature [-Werror,-Wtypedef-redefinition]\n note: previous definition is here\n} CRYPTO_THREADID;\n  ^\ntypedef struct asn1_string_st ASN1_BIT_STRING;\n                              ^\n60:\nthird_party/boringssl/include/openssl/base.h:182/usr/local/opt/openssl@3/include/openssl/types.h:In file included from third_party/boringssl/crypto/asn1/a_bool.c:60:\n47In file included from :third_party/boringssl/include/openssl/mem.h31::60:\n:third_party/boringssl/include/openssl/base.h:29: 178: 13:note : error: previous definition is hereredefinition of typedef 'ASN1_BOOLEAN' is a C11 feature [-Werror,-Wtypedef-redefinition]\n\nerrortypedef struct asn1_string_st ASN1_BIT_STRING;\n                              ^\n: redefinition of typedef 'ASN1_PCTX' is a C11 feature [-Werror,-Wtypedef-redefinition]\nIn file included from third_party/boringssl/crypto/asn1/a_d2i_fp.c:61:\nIn file included from third_party/boringssl/include/openssl/buf.htypedef int ASN1_BOOLEAN;\ntypedef struct asn1_pctx_st ASN1_PCTX;\n                            ^            ^\n\n/usr/local/opt/openssl@3/include/openssl/types.h:70:29: note: previous definition is here\ntypedef struct asn1_pctx_st ASN1_PCTX;\n                            ^\n:60:\nthird_party/boringssl/include/openssl/base.h:184:31: error: redefinition of typedef 'ASN1_BMPSTRING' is a C11 feature [-Werror,-Wtypedef-redefinition]\nIn file included from third_party/boringssl/crypto/asn1/a_bitstr.ctypedef struct asn1_string_st ASN1_BMPSTRING;:\n62                              ^\n/usr/local/opt/openssl@3/include/openssl/types.h:/usr/local/opt/openssl@3/include/openssl/types.h61::13: :\nnoteIn file included from 54third_party/boringssl/include/openssl/mem.h::6031:\n:third_party/boringssl/include/openssl/base.h:183: note: previous definition is here\ntypedef struct asn1_string_st ASN1_BMPSTRING;\n                              ^\nIn file included from third_party/boringssl/crypto/asn1/a_d2i_fp.c:61:\nIn file included from third_party/boringssl/include/openssl/buf.h:60:\nthird_party/boringssl/include/openssl/base.h:185:31: error: redefinition of typedef 'ASN1_ENUMERATED' is a C11 feature [-Werror,-Wtypedef-redefinition]: previous definition is here\n\ntypedef int ASN1_BOOLEAN;\n            ^\ntypedef struct asn1_string_st ASN1_ENUMERATED;\n                              ^\n/usr/local/opt/openssl@3/include/openssl/types.h:46:31: note: In file included from third_party/boringssl/crypto/asn1/a_bool.c:60previous definition is here\n31: error: typedef struct asn1_string_st ASN1_ENUMERATED;\n                              ^:\n\nIn file included from third_party/boringssl/include/openssl/mem.h:60:\nthird_party/boringssl/include/openssl/base.h:179:13: error: redefinition of typedef 'ASN1_NULL' is a C11 feature [-Werror,-Wtypedef-redefinition]\nIn file included from third_party/boringssl/crypto/asn1/a_d2i_fp.c:typedef int ASN1_NULL;\n            ^\nredefinition of typedef 'ASN1_BIT_STRING' is a C11 feature [-Werror,-Wtypedef-redefinition]/usr/local/opt/openssl@3/include/openssl/types.h\n61:\nIn file included from typedef struct asn1_string_st ASN1_BIT_STRING;third_party/boringssl/include/openssl/buf.h\n                              ^\n/usr/local/opt/openssl@3/include/openssl/types.h:47:31: note: previous definition is here\ntypedef struct asn1_string_st ASN1_BIT_STRING;\n                              ^\nIn file included from :third_party/boringssl/crypto/asn1/a_bitstr.c:6260:\n:third_party/boringssl/include/openssl/base.h:62186:13: note:\n: previous definition is hereIn file included from \n:third_party/boringssl/include/openssl/mem.h:31typedef int ASN1_NULL;\n:            ^ \n60:\nthird_party/boringssl/include/openssl/base.h:error: redefinition of typedef 'ASN1_GENERALIZEDTIME' is a C11 feature [-Werror,-Wtypedef-redefinition]\nIn file included from typedef struct asn1_string_st ASN1_GENERALIZEDTIME;third_party/boringssl/crypto/asn1/a_bool.c\n                              ^\n184/usr/local/opt/openssl@3/include/openssl/types.h:57:31:: 31note: previous definition is here\n::make: typedef struct asn1_string_st ASN1_GENERALIZEDTIME;*** [/Users/runner/actions-runner/_work/python.build/python.build/build_grpcio140310/grpcio-1.4.0/objs/opt/src/boringssl/err_data.o] Error 1 \nerror:                               ^\nredefinition of typedef 'ASN1_BMPSTRING' is a C11 feature [-Werror,-Wtypedef-redefinition]\n60:\nIn file included from third_party/boringssl/include/openssl/mem.h:60:\nthird_party/boringssl/include/openssl/base.h:180:29: In file included from errorthird_party/boringssl/crypto/asn1/a_d2i_fp.c: redefinition of typedef 'ASN1_ITEM' is a C11 feature [-Werror,-Wtypedef-redefinition]\n\n:typedef struct ASN1_ITEM_st ASN1_ITEM;61\n:\n                            ^In file included from \nthird_party/boringssl/include/openssl/buf.h:typedef struct asn1_string_st ASN1_BMPSTRING;60\n/usr/local/opt/openssl@3/include/openssl/types.h:69:29:\n:third_party/boringssl/include/openssl/base.h                              ^:187\n note/usr/local/opt/openssl@3/include/openssl/types.h::5431::31 :error note: : previous definition is hereprevious definition is here\n\n: typedef struct asn1_string_st ASN1_BMPSTRING;redefinition of typedef 'ASN1_GENERALSTRING' is a C11 feature [-Werror,-Wtypedef-redefinition]\n\n                              ^\ntypedef struct ASN1_ITEM_st ASN1_ITEM;\ntypedef struct asn1_string_st ASN1_GENERALSTRING;                            ^\nIn file included from third_party/boringssl/crypto/asn1/a_bitstr.c:62:\nIn file included from third_party/boringssl/include/openssl/mem.h:In file included from 60third_party/boringssl/crypto/asn1/a_bool.c:\nthird_party/boringssl/include/openssl/base.h:60:\nIn file included from third_party/boringssl/include/openssl/mem.h:60:\nthird_party/boringssl/include/openssl/base.h:\n                              ^\n/usr/local/opt/openssl@3/include/openssl/types.h:52:185:31: error: redefinition of typedef 'ASN1_ENUMERATED' is a C11 feature [-Werror,-Wtypedef-redefinition]\ntypedef struct asn1_string_st ASN1_ENUMERATED;\n                              ^\n/usr/local/opt/openssl@3/include/openssl/types.h:46:31: :31: notenote: previous definition is here181:: previous definition is here\ntypedef struct asn1_string_st ASN1_ENUMERATED;\n                              ^\n\ntypedef struct asn1_string_st ASN1_GENERALSTRING;\n                              ^\nIn file included from third_party/boringssl/crypto/asn1/a_d2i_fp.c:61:\nIn file included from In file included from third_party/boringssl/crypto/asn1/a_bitstr.c:62:\n31In file included from :third_party/boringssl/include/openssl/mem.h :error60:\nthird_party/boringssl/include/openssl/buf.hthird_party/boringssl/include/openssl/base.h::60186:\n:third_party/boringssl/include/openssl/base.h:188:: 31: redefinition of typedef 'ASN1_OBJECT' is a C11 feature [-Werror,-Wtypedef-redefinition]error: redefinition of typedef 'ASN1_IA5STRING' is a C11 feature [-Werror,-Wtypedef-redefinition]\n\ntypedef struct asn1_string_st ASN1_IA5STRING;\n                              ^\n/usr/local/opt/openssl@3/include/openssl/types.h:51:31: note: previous definition is here31:typedef struct asn1_object_st ASN1_OBJECT;\n\n                              ^\n/usr/local/opt/openssl@3/include/openssl/types.h error: redefinition of typedef 'ASN1_GENERALIZEDTIME' is a C11 feature [-Werror,-Wtypedef-redefinition]typedef struct asn1_string_st ASN1_IA5STRING;\n                              ^:\n\n66:In file included from 31third_party/boringssl/crypto/asn1/a_d2i_fp.ctypedef struct asn1_string_st ASN1_GENERALIZEDTIME;:\n61                              ^:\n\nIn file included from third_party/boringssl/include/openssl/buf.h/usr/local/opt/openssl@3/include/openssl/types.h:57:: :note60: :\n31third_party/boringssl/include/openssl/base.hprevious definition is here::189 :note31: previous definition is here\n\ntypedef struct asn1_string_st ASN1_GENERALIZEDTIME;\n                              ^\ntypedef struct asn1_object_st ASN1_OBJECT;In file included from \nthird_party/boringssl/crypto/asn1/a_bitstr.c                              ^\n: error: redefinition of typedef 'ASN1_INTEGER' is a C11 feature [-Werror,-Wtypedef-redefinition]\nIn file included from third_party/boringssl/crypto/asn1/a_bool.c:60:\nIn file included from third_party/boringssl/include/openssl/mem.h:60:\nthird_party/boringssl/include/openssl/base.h:182:29: error: redefinition of typedef 'ASN1_PCTX' is a C11 feature [-Werror,-Wtypedef-redefinition]\ntypedef struct asn1_string_st ASN1_INTEGER;\n                              ^\n:62:\n/usr/local/opt/openssl@3/include/openssl/types.hIn file included from :45:31third_party/boringssl/include/openssl/mem.h:: note: typedef struct asn1_pctx_st ASN1_PCTX;previous definition is here\n                            ^\n60:\n/usr/local/opt/openssl@3/include/openssl/types.h:third_party/boringssl/include/openssl/base.h70:187:\n31: error: redefinition of typedef 'ASN1_GENERALSTRING' is a C11 feature [-Werror,-Wtypedef-redefinition]\ntypedef struct asn1_string_st ASN1_INTEGER;\n                              ^\ntypedef struct asn1_string_st ASN1_GENERALSTRING;:\nIn file included from 29                              ^\n/usr/local/opt/openssl@3/include/openssl/types.h:52third_party/boringssl/crypto/asn1/a_d2i_fp.c:61::\n note:In file included from third_party/boringssl/include/openssl/buf.h:60:\n31third_party/boringssl/include/openssl/base.h:: 190note: previous definition is here: \nprevious definition is here\ntypedef struct asn1_pctx_st ASN1_PCTX;\n                            ^typedef struct asn1_string_st ASN1_GENERALSTRING;\n:31In file included from third_party/boringssl/crypto/asn1/a_bool.c:60:\n\n:                              ^\nIn file included from  third_party/boringssl/include/openssl/mem.h:60:\nIn file included from third_party/boringssl/include/openssl/base.hthird_party/boringssl/crypto/asn1/a_bitstr.c::18362::\nerror: redefinition of typedef 'ASN1_OCTET_STRING' is a C11 feature [-Werror,-Wtypedef-redefinition]\n31:typedef struct asn1_string_st ASN1_OCTET_STRING;\n                              ^\n/usr/local/opt/openssl@3/include/openssl/types.h:48:31: note: previous definition is here\n typedef struct asn1_string_st ASN1_OCTET_STRING;\n                              ^\nerror: redefinition of typedef 'ASN1_BIT_STRING' is a C11 feature [-Werror,-Wtypedef-redefinition]\nIn file included from third_party/boringssl/crypto/asn1/a_d2i_fp.c:61:\nIn file included from third_party/boringssl/include/openssl/buf.h:60:\nthird_party/boringssl/include/openssl/base.h:191:31: error: redefinition of typedef 'ASN1_PRINTABLESTRING' is a C11 feature [-Werror,-Wtypedef-redefinition]\ntypedef struct asn1_string_st ASN1_PRINTABLESTRING;\nIn file included from typedef struct asn1_string_st ASN1_BIT_STRING;\nthird_party/boringssl/include/openssl/mem.h                              ^:\n60/usr/local/opt/openssl@3/include/openssl/types.h                              ^\n:\n/usr/local/opt/openssl@3/include/openssl/types.hthird_party/boringssl/include/openssl/base.h::49188:31:31:: 47:31:: error: noteredefinition of typedef 'ASN1_IA5STRING' is a C11 feature [-Werror,-Wtypedef-redefinition]\n: previous definition is here\n note: previous definition is here\ntypedef struct asn1_string_st ASN1_IA5STRING;\ntypedef struct asn1_string_st ASN1_BIT_STRING;                              ^\n\n                              ^\n/usr/local/opt/openssl@3/include/openssl/types.h:typedef struct asn1_string_st ASN1_PRINTABLESTRING;51:\n31:                              ^ \nnote: previous definition is here\nIn file included from typedef struct asn1_string_st ASN1_IA5STRING;third_party/boringssl/crypto/asn1/a_bool.c\n:                              ^60\n:\nIn file included from third_party/boringssl/include/openssl/mem.h:60:\nthird_party/boringssl/include/openssl/base.h:184:31:In file included from third_party/boringssl/crypto/asn1/a_d2i_fp.c: 61In file included from error:\n: In file included from redefinition of typedef 'ASN1_BMPSTRING' is a C11 feature [-Werror,-Wtypedef-redefinition]third_party/boringssl/include/openssl/buf.h:third_party/boringssl/crypto/asn1/a_bitstr.c60:\n:third_party/boringssl/include/openssl/base.h62:192:\n31: error: redefinition of typedef 'ASN1_STRING' is a C11 feature [-Werror,-Wtypedef-redefinition]\ntypedef struct asn1_string_st ASN1_STRING;\n                              ^\ntypedef struct asn1_string_st ASN1_BMPSTRING;\n                              ^\n/usr/local/opt/openssl@3/include/openssl/types.h:60:/usr/local/opt/openssl@3/include/openssl/types.h31: note: previous definition is here:\n\nIn file included from third_party/boringssl/include/openssl/mem.h:typedef struct asn1_string_st ASN1_STRING;60\n                              ^\n:54:31In file included from :third_party/boringssl/crypto/asn1/a_d2i_fp.c :note61:\n: previous definition is here\n:\nthird_party/boringssl/include/openssl/base.h:189:31: error: typedef struct asn1_string_st ASN1_BMPSTRING;redefinition of typedef 'ASN1_INTEGER' is a C11 feature [-Werror,-Wtypedef-redefinition]In file included from third_party/boringssl/include/openssl/buf.h:60:\nthird_party/boringssl/include/openssl/base.h:\n193:                              ^31\n: error: redefinition of typedef 'ASN1_T61STRING' is a C11 feature [-Werror,-Wtypedef-redefinition]\nIn file included from third_party/boringssl/crypto/asn1/a_bool.c:60:\nIn file included from third_party/boringssl/include/openssl/mem.h:60:\nthird_party/boringssl/include/openssl/base.h:185:31:typedef struct asn1_string_st ASN1_T61STRING; \n\nerror                              ^\n/usr/local/opt/openssl@3/include/openssl/types.h: :50redefinition of typedef 'ASN1_ENUMERATED' is a C11 feature [-Werror,-Wtypedef-redefinition]:\n31:typedef struct asn1_string_st ASN1_INTEGER;\n                              ^typedef struct asn1_string_st ASN1_ENUMERATED; \nnote                              ^: \n/usr/local/opt/openssl@3/include/openssl/types.h:46\n:31: note/usr/local/opt/openssl@3/include/openssl/types.h:previous definition is here45:\n31: note: previous definition is here\ntypedef struct asn1_string_st ASN1_T61STRING;\n                              ^\ntypedef struct asn1_string_st ASN1_INTEGER;\n                              ^\nfatal error: too many errors emitted, stopping now [-ferror-limit=]\nIn file included from third_party/boringssl/crypto/asn1/a_bitstr.c:62:\nIn file included from third_party/boringssl/include/openssl/mem.h:60:\nthird_party/boringssl/include/openssl/base.h:190:31: error: redefinition of typedef 'ASN1_OCTET_STRING' is a C11 feature [-Werror,-Wtypedef-redefinition]: \nprevious definition is here\ntypedef struct asn1_string_st ASN1_ENUMERATED;typedef struct asn1_string_st ASN1_OCTET_STRING;\n\n                              ^                              ^\n\n/usr/local/opt/openssl@3/include/openssl/types.h:48:31: note: previous definition is here\nIn file included from third_party/boringssl/crypto/asn1/a_bool.c:60:\nIn file included from third_party/boringssl/include/openssl/mem.htypedef struct asn1_string_st ASN1_OCTET_STRING;\n                              ^\n:In file included from third_party/boringssl/crypto/asn1/a_bitstr.c:62:\nIn file included from third_party/boringssl/include/openssl/mem.h:6060:\nthird_party/boringssl/include/openssl/base.h:\n:186:31: error: redefinition of typedef 'ASN1_GENERALIZEDTIME' is a C11 feature [-Werror,-Wtypedef-redefinition]\ntypedef struct asn1_string_st ASN1_GENERALIZEDTIME;\nthird_party/boringssl/include/openssl/base.h                              ^\n/usr/local/opt/openssl@3/include/openssl/types.h:57:31: note: previous definition is here\ntypedef struct asn1_string_st ASN1_GENERALIZEDTIME;\n                              ^\nIn file included from third_party/boringssl/crypto/asn1/a_bool.c::60:\nIn file included from third_party/boringssl/include/openssl/mem.h:60:\nthird_party/boringssl/include/openssl/base.h:187:31: error: redefinition of typedef 'ASN1_GENERALSTRING' is a C11 feature [-Werror,-Wtypedef-redefinition]\ntypedef struct asn1_string_st ASN1_GENERALSTRING;\n                              ^\n/usr/local/opt/openssl@3/include/openssl/types.h:52191:31: :31: note: previous definition is here\ntypedef struct asn1_string_st ASN1_GENERALSTRING;\n                              ^\nIn file included from third_party/boringssl/crypto/asn1/a_bool.c:60:\nIn file included from third_party/boringssl/include/openssl/mem.h:60:\nthird_party/boringssl/include/openssl/base.h:188:31: error: redefinition of typedef 'ASN1_IA5STRING' is a C11 feature [-Werror,-Wtypedef-redefinition]\ntypedef struct asn1_string_st ASN1_IA5STRING;\n                              ^\n/usr/local/opt/openssl@3/include/openssl/types.h:51:31: note: previous definition is here\ntypedef struct asn1_string_st ASN1_IA5STRING;\n                              ^\nerrorIn file included from third_party/boringssl/crypto/asn1/a_bool.c:60:\nIn file included from third_party/boringssl/include/openssl/mem.h: redefinition of typedef 'ASN1_PRINTABLESTRING' is a C11 feature [-Werror,-Wtypedef-redefinition]\ntypedef struct asn1_string_st ASN1_PRINTABLESTRING;\n                              ^\n:/usr/local/opt/openssl@3/include/openssl/types.h:49:31: note: previous definition is here\ntypedef struct asn1_string_st ASN1_PRINTABLESTRING;\n                              ^\nIn file included from third_party/boringssl/crypto/asn1/a_bitstr.c:62:\nIn file included from third_party/boringssl/include/openssl/mem.h:60:\nthird_party/boringssl/include/openssl/base.h:192:31: error: redefinition of typedef 'ASN1_STRING' is a C11 feature [-Werror,-Wtypedef-redefinition]\ntypedef struct asn1_string_st ASN1_STRING;\n                              ^\n/usr/local/opt/openssl@3/include/openssl/types.h:60:60:\nthird_party/boringssl/include/openssl/base.h:189:31: error: redefinition of typedef 'ASN1_INTEGER' is a C11 feature [-Werror,-Wtypedef-redefinition]\ntypedef struct asn1_string_st ASN1_INTEGER;\n                              ^\n31/usr/local/opt/openssl@3/include/openssl/types.h:45:31: note: previous definition is here\ntypedef struct asn1_string_st ASN1_INTEGER;\n                              ^\nIn file included from third_party/boringssl/crypto/asn1/a_bool.c:60:\nIn file included from third_party/boringssl/include/openssl/mem.h:60:\nthird_party/boringssl/include/openssl/base.h:190:31: error: redefinition of typedef 'ASN1_OCTET_STRING' is a C11 feature [-Werror,-Wtypedef-redefinition]\ntypedef struct asn1_string_st ASN1_OCTET_STRING;\n                              ^\n/usr/local/opt/openssl@3/include/openssl/types.h:48:31: note: previous definition is here\ntypedef struct asn1_string_st ASN1_OCTET_STRING;\n                              ^\nIn file included from third_party/boringssl/crypto/asn1/a_bool.c:60:\nIn file included from third_party/boringssl/include/openssl/mem.h:60:\nthird_party/boringssl/include/openssl/base.h:191:: note: previous definition is here31: error: redefinition of typedef 'ASN1_PRINTABLESTRING' is a C11 feature [-Werror,-Wtypedef-redefinition]\ntypedef struct asn1_string_st ASN1_STRING;\n                              ^\nIn file included from third_party/boringssl/crypto/asn1/a_bitstr.c:62:\nIn file included from third_party/boringssl/include/openssl/mem.h:60\ntypedef struct asn1_string_st ASN1_PRINTABLESTRING;\n                              ^\n/usr/local/opt/openssl@3/include/openssl/types.h:49In file included from :\nthird_party/boringssl/crypto/asn1/a_mbstr.c:62:\nIn file included from third_party/boringssl/include/openssl/mem.h:60:\nthird_party/boringssl/include/openssl/base.hthird_party/boringssl/include/openssl/base.h:120::9: error: 31'OPENSSL_VERSION_NUMBER' macro redefined [-Werror,-Wmacro-redefined]: note:193\n:31: error: redefinition of typedef 'ASN1_T61STRING' is a C11 feature [-Werror,-Wtypedef-redefinition]\n: typedef struct asn1_string_st ASN1_T61STRING;\n                              ^\n/usr/local/opt/openssl@3/include/openssl/types.h:50:31: note: previous definition is here\ntypedef struct asn1_string_st ASN1_T61STRING;\n                              ^\n#define OPENSSL_VERSION_NUMBER 0x10002000\n        ^\nfatal error: too many errors emitted, stopping now [-ferror-limit=]\nprevious definition is here/usr/local/opt/openssl@3/include/openssl/opensslv.h:99:\n10: note: previous definition is here\n# define OPENSSL_VERSION_NUMBER          \\\n         ^\nIn file included from third_party/boringssl/crypto/asn1/a_mbstr.c:62:\nIn file included from third_party/boringssl/include/openssl/mem.h:60:\nthird_party/boringssl/include/openssl/base.h:155:9:typedef struct asn1_string_st ASN1_PRINTABLESTRING;\n                              ^ error: 'OPENSSL_EXPORT' macro redefined [-Werror,-Wmacro-redefined]\n#define OPENSSL_EXPORT\n        ^\n/usr/local/opt/openssl@3/include/openssl/e_os2.h:183:11: note: previous definition is here\n#  define OPENSSL_EXPORT extern\n          ^\n\nIn file included from third_party/boringssl/crypto/asn1/a_bool.c:60In file included from third_party/boringssl/crypto/asn1/a_mbstr.c:62:\nIn file included from third_party/boringssl/include/openssl/mem.h:60:\nthird_party/boringssl/include/openssl/base.h:176:13: error: typedef redefinition with different types ('int' vs 'struct crypto_threadid_st')\ntypedef int CRYPTO_THREADID;\n            ^\n:\nIn file included from /usr/local/opt/openssl@3/include/openssl/crypto.h:308:3: note: previous definition is here\n} CRYPTO_THREADID;\n  ^\nthird_party/boringssl/include/openssl/mem.hIn file included from :third_party/boringssl/crypto/asn1/a_mbstr.c60:\nthird_party/boringssl/include/openssl/base.h::19262::\n31:In file included from  error: redefinition of typedef 'ASN1_STRING' is a C11 feature [-Werror,-Wtypedef-redefinition]\nthird_party/boringssl/include/openssl/mem.h:60:\nthird_party/boringssl/include/openssl/base.h:178:13: error: redefinition of typedef 'ASN1_BOOLEAN' is a C11 feature [-Werror,-Wtypedef-redefinition]\ntypedef struct asn1_string_st ASN1_STRING;\n                              ^\n/usr/local/opt/openssl@3/include/openssl/types.h:60:31: notetypedef int ASN1_BOOLEAN;\n: previous definition is here\ntypedef struct asn1_string_st ASN1_STRING;\n                              ^\nIn file included from third_party/boringssl/crypto/asn1/a_bool.c:60:\nIn file included from third_party/boringssl/include/openssl/mem.h:60:\nthird_party/boringssl/include/openssl/base.h:            ^\n/usr/local/opt/openssl@3/include/openssl/types.h:61:13: note: previous definition is here\n193:31: error: redefinition of typedef 'ASN1_T61STRING' is a C11 feature [-Werror,-Wtypedef-redefinition]\ntypedef struct asn1_string_st ASN1_T61STRING;\n                              ^\n/usr/local/opt/openssl@3/include/openssl/types.h:50:31: note: previous definition is here\ntypedef struct asn1_string_st ASN1_T61STRING;\n                              ^\ntypedef int ASN1_BOOLEAN;\n            ^\nfatal error: too many errors emitted, stopping now [-ferror-limit=]\nIn file included from third_party/boringssl/crypto/asn1/a_mbstr.c:62:\nIn file included from third_party/boringssl/include/openssl/mem.h:60:\nthird_party/boringssl/include/openssl/base.h:179:13: error: redefinition of typedef 'ASN1_NULL' is a C11 feature [-Werror,-Wtypedef-redefinition]\ntypedef int ASN1_NULL;\n            ^\n/usr/local/opt/openssl@3/include/openssl/types.h:62:13: note: previous definition is here\ntypedef int ASN1_NULL;\n            ^\nIn file included from third_party/boringssl/crypto/asn1/a_mbstr.c:62:\nIn file included from third_party/boringssl/include/openssl/mem.h:60:\nthird_party/boringssl/include/openssl/base.h:180:29: error: redefinition of typedef 'ASN1_ITEM' is a C11 feature [-Werror,-Wtypedef-redefinition]\ntypedef struct ASN1_ITEM_st ASN1_ITEM;\n                            ^\n/usr/local/opt/openssl@3/include/openssl/types.h:69:29: note: previous definition is here\ntypedef struct ASN1_ITEM_st ASN1_ITEM;\n                            ^\nIn file included from third_party/boringssl/crypto/asn1/a_mbstr.c:62:\nIn file included from third_party/boringssl/include/openssl/mem.h:60:\nthird_party/boringssl/include/openssl/base.h:181:31: error: redefinition of typedef 'ASN1_OBJECT' is a C11 feature [-Werror,-Wtypedef-redefinition]\ntypedef struct asn1_object_st ASN1_OBJECT;\n                              ^\n/usr/local/opt/openssl@3/include/openssl/types.h:2066 error:s31 generated:.\n note: previous definition is here\ntypedef struct asn1_object_st ASN1_OBJECT;\n                              ^\nIn file included from third_party/boringssl/crypto/asn1/a_mbstr.c:62:\nIn file included from third_party/boringssl/include/openssl/mem.h:60:\nthird_party/boringssl/include/openssl/base.h:182:29: error: redefinition of typedef 'ASN1_PCTX' is a C11 feature [-Werror,-Wtypedef-redefinition]\ntypedef struct asn1_pctx_st ASN1_PCTX;\n                            ^\n/usr/local/opt/openssl@3/include/openssl/types.h:70:29: note: previous definition is here\ntypedef struct asn1_pctx_st ASN1_PCTX;\n                            ^\nIn file included from third_party/boringssl/crypto/asn1/a_mbstr.c:62:\nIn file included from third_party/boringssl/include/openssl/mem.h:6020:\nthird_party/boringssl/include/openssl/base.h:183:31: error errors generated.\n: redefinition of typedef 'ASN1_BIT_STRING' is a C11 feature [-Werror,-Wtypedef-redefinition]\ntypedef struct asn1_string_st ASN1_BIT_STRING;\n                              ^\n/usr/local/opt/openssl@3/include/openssl/types.h:47:31: note: previous definition is here\ntypedef struct asn1_string_st ASN1_BIT_STRING;\n                              ^\nIn file included from third_party/boringssl/crypto/asn1/a_mbstr.c:62:\nIn file included from third_party/boringssl/include/openssl/mem.h:60:\nthird_party/boringssl/include/openssl/base.h:184:31: error: redefinition of typedef 'ASN1_BMPSTRING' is a C11 feature [-Werror,-Wtypedef-redefinition]\ntypedef struct asn1_string_st ASN1_BMPSTRING;\n                              ^\n/usr/local/opt/openssl@3/include/openssl/types.h:54:31: note: previous definition is here\ntypedef struct asn1_string_st ASN1_BMPSTRING;\n                              ^\nIn file included from third_party/boringssl/crypto/asn1/a_mbstr.c:62:\nIn file included from third_party/boringssl/include/openssl/mem.h:60:\nthird_party/boringssl/include/openssl/base.h:185:31: error: redefinition of typedef 'ASN1_ENUMERATED' is a C11 feature [-Werror,-Wtypedef-redefinition]\ntypedef struct asn1_string_st ASN1_ENUMERATED;\n                              ^\n/usr/local/opt/openssl@3/include/openssl/types.h:46:31: note: previous definition is here\ntypedef struct asn1_string_st ASN1_ENUMERATED;\n                              ^\nIn file included from third_party/boringssl/crypto/asn1/a_mbstr.c:62:\nIn file included from third_party/boringssl/include/openssl/mem.h:60:\nthird_party/boringssl/include/openssl/base.h:186:31: error: redefinition of typedef 'ASN1_GENERALIZEDTIME' is a C11 feature [-Werror,-Wtypedef-redefinition]\ntypedef struct asn1_string_st ASN1_GENERALIZEDTIME;\n                              ^\n/usr/local/opt/openssl@3/include/openssl/types.h:57:31: note: previous definition is here\ntypedef struct asn1_string_st ASN1_GENERALIZEDTIME;\n                              ^\nIn file included from third_party/boringssl/crypto/asn1/a_mbstr.c:62:\nIn file included from third_party/boringssl/include/openssl/mem.h:60:\nthird_party/boringssl/include/openssl/base.h:187:31: error: redefinition of typedef 'ASN1_GENERALSTRING' is a C11 feature [-Werror,-Wtypedef-redefinition]\ntypedef struct asn1_string_st ASN1_GENERALSTRING;\n                              ^\n/usr/local/opt/openssl@3/include/openssl/types.h:52:31: note: previous definition is here\ntypedef struct asn1_string_st ASN1_GENERALSTRING;\n                              ^\nIn file included from third_party/boringssl/crypto/asn1/a_mbstr.c:62:\nIn file included from third_party/boringssl/include/openssl/mem.h:60:\nthird_party/boringssl/include/openssl/base.h:188:31: error: redefinition of typedef 'ASN1_IA5STRING' is a C11 feature [-Werror,-Wtypedef-redefinition]\ntypedef struct asn1_string_st ASN1_IA5STRING;\n                              ^\n/usr/local/opt/openssl@3/include/openssl/types.h:51:31: note: previous definition is here\ntypedef struct asn1_string_st ASN1_IA5STRING;\n                              ^\nIn file included from third_party/boringssl/crypto/asn1/a_mbstr.c:62:\nIn file included from third_party/boringssl/include/openssl/mem.h:60:\nthird_party/boringssl/include/openssl/base.h:189:31: error: redefinition of typedef 'ASN1_INTEGER' is a C11 feature [-Werror,-Wtypedef-redefinition]\ntypedef struct asn1_string_st ASN1_INTEGER;\n                              ^\n/usr/local/opt/openssl@3/include/openssl/types.h:45:31: note: previous definition is here\ntypedef struct asn1_string_st ASN1_INTEGER;\n                              ^\nIn file included from third_party/boringssl/crypto/asn1/a_mbstr.c:62:\nIn file included from third_party/boringssl/include/openssl/mem.h:60:\nthird_party/boringssl/include/openssl/base.h:190:31: error: redefinition of typedef 'ASN1_OCTET_STRING' is a C11 feature [-Werror,-Wtypedef-redefinition]\ntypedef struct asn1_string_st ASN1_OCTET_STRING;\n                              ^\n/usr/local/opt/openssl@3/include/openssl/types.h:48:31: note: previous definition is here\ntypedef struct asn1_string_st ASN1_OCTET_STRING;\n                              ^\nIn file included from third_party/boringssl/crypto/asn1/a_mbstr.c:62:\nIn file included from third_party/boringssl/include/openssl/mem.h:60:\nthird_party/boringssl/include/openssl/base.h:191:31: error: redefinition of typedef 'ASN1_PRINTABLESTRING' is a C11 feature [-Werror,-Wtypedef-redefinition]\ntypedef struct asn1_string_st ASN1_PRINTABLESTRING;\n                              ^\n/usr/local/opt/openssl@3/include/openssl/types.h:49:31: note: previous definition is here\ntypedef struct asn1_string_st ASN1_PRINTABLESTRING;\n                              ^\nIn file included from third_party/boringssl/crypto/asn1/a_mbstr.c:62:\nIn file included from third_party/boringssl/include/openssl/mem.h:60:\nthird_party/boringssl/include/openssl/base.h:192:31: error: redefinition of typedef 'ASN1_STRING' is a C11 feature [-Werror,-Wtypedef-redefinition]\ntypedef struct asn1_string_st ASN1_STRING;\n                              ^\n/usr/local/opt/openssl@3/include/openssl/types.h:60:31: note: previous definition is here\ntypedef struct asn1_string_st ASN1_STRING;\n                              ^\nIn file included from third_party/boringssl/crypto/asn1/a_mbstr.c:62:\nIn file included from third_party/boringssl/include/openssl/mem.h:60:\nthird_party/boringssl/include/openssl/base.h:193:31: error: redefinition of typedef 'ASN1_T61STRING' is a C11 feature [-Werror,-Wtypedef-redefinition]\ntypedef struct asn1_string_st ASN1_T61STRING;\n                              ^\n/usr/local/opt/openssl@3/include/openssl/types.h:50:31: note: previous definition is here\ntypedef struct asn1_string_st ASN1_T61STRING;\n                              ^\nfatal error: too many errors emitted, stopping now [-ferror-limit=]\n20 errors generated.\nIn file included from third_party/boringssl/crypto/asn1/a_dup.c:60:\nIn file included from third_party/boringssl/include/openssl/mem.h:60:\nthird_party/boringssl/include/openssl/base.h:120:9: error: 'OPENSSL_VERSION_NUMBER' macro redefined [-Werror,-Wmacro-redefined]\n#define OPENSSL_VERSION_NUMBER 0x10002000\n        ^\n/usr/local/opt/openssl@3/include/openssl/opensslv.h:99:10: note: previous definition is here\n# define OPENSSL_VERSION_NUMBER          \\\n         ^\nIn file included from third_party/boringssl/crypto/asn1/a_dup.c:60:\nIn file included from third_party/boringssl/include/openssl/mem.h:60:\nthird_party/boringssl/include/openssl/base.h:155:9: error: 'OPENSSL_EXPORT' macro redefined [-Werror,-Wmacro-redefined]\n#define OPENSSL_EXPORT\n        ^\n/usr/local/opt/openssl@3/include/openssl/e_os2.h:183:11: note: previous definition is here\n#  define OPENSSL_EXPORT extern\n          ^\nIn file included from third_party/boringssl/crypto/asn1/a_dup.c:60:\nIn file included from third_party/boringssl/include/openssl/mem.h:60:\nthird_party/boringssl/include/openssl/base.h:176:13: error: typedef redefinition with different types ('int' vs 'struct crypto_threadid_st')\ntypedef int CRYPTO_THREADID;\n            ^\n/usr/local/opt/openssl@3/include/openssl/crypto.h:308:3: note: previous definition is here\n} CRYPTO_THREADID;\n  ^\nIn file included from third_party/boringssl/crypto/asn1/a_dup.c:60:\nIn file included from third_party/boringssl/include/openssl/mem.h:60:\nthird_party/boringssl/include/openssl/base.h:178:13: error: redefinition of typedef 'ASN1_BOOLEAN' is a C11 feature [-Werror,-Wtypedef-redefinition]\ntypedef int ASN1_BOOLEAN;\n            ^\n/usr/local/opt/openssl@3/include/openssl/types.h:61:13: note: previous definition is here\ntypedef int ASN1_BOOLEAN;\n            ^\nIn file included from third_party/boringssl/crypto/asn1/a_dup.c:60make: *** [/Users/runner/actions-runner/_work/python.build/python.build/build_grpcio140310/grpcio-1.4.0/objs/opt/third_party/boringssl/crypto/asn1/a_bitstr.o] Error 1\n:\nIn file included from third_party/boringssl/include/openssl/mem.h:60:\nthird_party/boringssl/include/openssl/base.h:179:13: error: redefinition of typedef 'ASN1_NULL' is a C11 feature [-Werror,-Wtypedef-redefinition]\ntypedef int ASN1_NULL;\n            ^\n/usr/local/opt/openssl@3/include/openssl/types.h:62:13: note: previous definition is here\ntypedef int ASN1_NULL;\n            ^\nIn file included from third_party/boringssl/crypto/asn1/a_dup.c:60:\nIn file included from third_party/boringssl/include/openssl/mem.h:60:\nthird_party/boringssl/include/openssl/base.h:180:29: error: redefinition of typedef 'ASN1_ITEM' is a C11 feature [-Werror,-Wtypedef-redefinition]\ntypedef struct ASN1_ITEM_st ASN1_ITEM;\n                            ^\n/usr/local/opt/openssl@3/include/openssl/types.h:69:29: note: previous definition is here\ntypedef struct ASN1_ITEM_st ASN1_ITEM;\n                            ^\nIn file included from third_party/boringssl/crypto/asn1/a_dup.c:60:\nIn file included from third_party/boringssl/include/openssl/mem.h:60:\nthird_party/boringssl/include/openssl/base.h:181:31: error: redefinition of typedef 'ASN1_OBJECT' is a C11 feature [-Werror,-Wtypedef-redefinition]\ntypedef struct asn1_object_st ASN1_OBJECT;\n                              ^\n/usr/local/opt/openssl@3/include/openssl/types.h:66:31: note: previous definition is here\ntypedef struct asn1_object_st ASN1_OBJECT;\n                              ^\nIn file included from third_party/boringssl/crypto/asn1/a_dup.c:60:\nIn file included from third_party/boringssl/include/openssl/mem.h:60:\nthird_party/boringssl/include/openssl/base.h:182:29: error: redefinition of typedef 'ASN1_PCTX' is a C11 feature [-Werror,-Wtypedef-redefinition]\ntypedef struct asn1_pctx_st ASN1_PCTX;\n                            ^\n/usr/local/opt/openssl@3/include/openssl/types.h:70:29: note: previous definition is here\ntypedef struct asn1_pctx_st ASN1_PCTX;\n                            ^\nIn file included from third_party/boringssl/crypto/asn1/a_dup.c:60:\nIn file included from third_party/boringssl/include/openssl/mem.h:60:\nthird_party/boringssl/include/openssl/base.h:183:31: error: redefinition of typedef 'ASN1_BIT_STRING' is a C11 feature [-Werror,-Wtypedef-redefinition]\ntypedef struct asn1_string_st ASN1_BIT_STRING;\n                              ^\n/usr/local/opt/openssl@3/include/openssl/types.h:47:31: note: previous definition is here\ntypedef struct asn1_string_st ASN1_BIT_STRING;\n                              ^\nIn file included from third_party/boringssl/crypto/asn1/a_dup.c:60:\nIn file included from third_party/boringssl/include/openssl/mem.h:60:\nthird_party/boringssl/include/openssl/base.h:184:31: error: redefinition of typedef 'ASN1_BMPSTRING' is a C11 feature [-Werror,-Wtypedef-redefinition]\ntypedef struct asn1_string_st ASN1_BMPSTRING;\n                              ^\n/usr/local/opt/openssl@3/include/openssl/types.h:54:31: note: previous definition is here\ntypedef struct asn1_string_st ASN1_BMPSTRING;\n                              ^\nIn file included from third_party/boringssl/crypto/asn1/a_dup.c:60:\nIn file included from third_party/boringssl/include/openssl/mem.h:60:\nthird_party/boringssl/include/openssl/base.h:185:31: error: redefinition of typedef 'ASN1_ENUMERATED' is a C11 feature [-Werror,-Wtypedef-redefinition]\ntypedef struct asn1_string_st ASN1_ENUMERATED;\n                              ^\n/usr/local/opt/openssl@3/include/openssl/types.h:46:31: note: previous definition is here\ntypedef struct asn1_string_st ASN1_ENUMERATED;\n                              ^\nIn file included from third_party/boringssl/crypto/asn1/a_dup.c:60:\nIn file included from third_party/boringssl/include/openssl/mem.h:60:\nthird_party/boringssl/include/openssl/base.h:186:31: error: redefinition of typedef 'ASN1_GENERALIZEDTIME' is a C11 feature [-Werror,-Wtypedef-redefinition]\ntypedef struct asn1_string_st ASN1_GENERALIZEDTIME;\n                              ^\n/usr/local/opt/openssl@3/include/openssl/types.h:57:31: note: previous definition is here\ntypedef struct asn1_string_st ASN1_GENERALIZEDTIME;\n                              ^\nIn file included from third_party/boringssl/crypto/asn1/a_dup.c:60:\nIn file included from third_party/boringssl/include/openssl/mem.h:60:\nthird_party/boringssl/include/openssl/base.h:187:31: error: redefinition of typedef 'ASN1_GENERALSTRING' is a C11 feature [-Werror,-Wtypedef-redefinition]\ntypedef struct asn1_string_st ASN1_GENERALSTRING;\n                              ^\n/usr/local/opt/openssl@3/include/openssl/types.h:52:31: note: previous definition is here\nIn file included from third_party/boringssl/crypto/asn1/a_i2d_fp.c:60:\nIn file included from typedef struct asn1_string_st ASN1_GENERALSTRING;\n                              ^\nIn file included from third_party/boringssl/crypto/asn1/a_dup.c:60:\nIn file included from third_party/boringssl/include/openssl/mem.h:60:\nthird_party/boringssl/include/openssl/base.h:188:31: error: redefinition of typedef 'ASN1_IA5STRING' is a C11 feature [-Werror,-Wtypedef-redefinition]\ntypedef struct asn1_string_st ASN1_IA5STRING;third_party/boringssl/include/openssl/mem.h:60:\nthird_party/boringssl/include/openssl/base.h:120:9: error: 'OPENSSL_VERSION_NUMBER' macro redefined [-Werror,-Wmacro-redefined]\n\n                              ^\n/usr/local/opt/openssl@3/include/openssl/types.h:51:31: note: previous definition is here\ntypedef struct asn1_string_st ASN1_IA5STRING;\n                              ^\nIn file included from third_party/boringssl/crypto/asn1/a_dup.c:60:\nIn file included from third_party/boringssl/include/openssl/mem.h:60:\nthird_party/boringssl/include/openssl/base.h:189:31: error: redefinition of typedef 'ASN1_INTEGER' is a C11 feature [-Werror,-Wtypedef-redefinition]\ntypedef struct asn1_string_st ASN1_INTEGER;\n                              ^\n/usr/local/opt/openssl@3/include/openssl/types.h:45:31: note: #define OPENSSL_VERSION_NUMBER 0x10002000\n        ^\nprevious definition is here\ntypedef struct asn1_string_st ASN1_INTEGER;\n                              ^\nIn file included from third_party/boringssl/crypto/asn1/a_dup.c:60/usr/local/opt/openssl@3/include/openssl/opensslv.h:99:10: note: previous definition is here\nmake: 20 error*** [/Users/runner/actions-runner/_work/python.build/python.build/build_grpcio140310/grpcio-1.4.0/objs/opt/third_party/boringssl/crypto/asn1/a_bool.o] Error 1s\n generated:\nIn file included from # define OPENSSL_VERSION_NUMBER          \\third_party/boringssl/include/openssl/mem.h\n         ^:\n60:\nthird_party/boringssl/include/openssl/base.h:190:31: error: .\nredefinition of typedef 'ASN1_OCTET_STRING' is a C11 feature [-Werror,-Wtypedef-redefinition]\nIn file included from third_party/boringssl/crypto/asn1/a_i2d_fp.c:60:\nIn file included from third_party/boringssl/include/openssl/mem.h:60:\nthird_party/boringssl/include/openssl/base.h:typedef struct asn1_string_st ASN1_OCTET_STRING;\n                              ^\n/usr/local/opt/openssl@3/include/openssl/types.h:48:31: note: previous definition is here\n155typedef struct asn1_string_st ASN1_OCTET_STRING;:\n9                              ^: error: 'OPENSSL_EXPORT' macro redefined [-Werror,-Wmacro-redefined]\n#define OPENSSL_EXPORT\n\n        ^\n/usr/local/opt/openssl@3/include/openssl/e_os2.h:183:11: note: previous definition is here\n#  define OPENSSL_EXPORT extern\nIn file included from           ^third_party/boringssl/crypto/asn1/a_dup.c\n:60:\nIn file included from third_party/boringssl/include/openssl/mem.h:60:\nthird_party/boringssl/include/openssl/base.h:191:31: error: redefinition of typedef 'ASN1_PRINTABLESTRING' is a C11 feature [-Werror,-Wtypedef-redefinition]\ntypedef struct asn1_string_st ASN1_PRINTABLESTRING;\n                              ^\n/usr/local/opt/openssl@3/include/openssl/types.h:49:31: note: previous definition is here\ntypedef struct asn1_string_st ASN1_PRINTABLESTRING;\n                              ^\nIn file included from third_party/boringssl/crypto/asn1/a_dup.c:60:\nIn file included from third_party/boringssl/include/openssl/mem.h:60:\nthird_party/boringssl/include/openssl/base.h:192:31: error: redefinition of typedef 'ASN1_STRING' is a C11 feature [-Werror,-Wtypedef-redefinition]\ntypedef struct asn1_string_st ASN1_STRING;\nIn file included from                               ^\n/usr/local/opt/openssl@3/include/openssl/types.h:60third_party/boringssl/crypto/asn1/a_i2d_fp.c:60:\nIn file included from third_party/boringssl/include/openssl/mem.h:60:\nthird_party/boringssl/include/openssl/base.h:176:13: error: typedef redefinition with different types ('int' vs 'struct crypto_threadid_st')\ntypedef int CRYPTO_THREADID;\n            ^\n:31: note: previous definition is here\n/usr/local/opt/openssl@3/include/openssl/crypto.h:308:3: note: typedef struct asn1_string_st ASN1_STRING;previous definition is here\n\n                              ^\n} CRYPTO_THREADID;\n  ^\nIn file included from third_party/boringssl/crypto/asn1/a_dup.c:60In file included from :\nIn file included from third_party/boringssl/include/openssl/mem.h:60:\nthird_party/boringssl/crypto/asn1/a_i2d_fp.c:60:\nIn file included from third_party/boringssl/include/openssl/mem.h:60:\nthird_party/boringssl/include/openssl/base.h:178:13: error: redefinition of typedef 'ASN1_BOOLEAN' is a C11 feature [-Werror,-Wtypedef-redefinition]\nthird_party/boringssl/include/openssl/base.h:193:31: typedef int ASN1_BOOLEAN;error\n:             ^redefinition of typedef 'ASN1_T61STRING' is a C11 feature [-Werror,-Wtypedef-redefinition]\n\ntypedef struct asn1_string_st ASN1_T61STRING;\n                              ^\n/usr/local/opt/openssl@3/include/openssl/types.h:/usr/local/opt/openssl@3/include/openssl/types.h50::6131::13 : note: previous definition is here\ntypedef int ASN1_BOOLEAN;\n            ^\nIn file included from third_party/boringssl/crypto/asn1/a_i2d_fp.c:60:\nIn file included from third_party/boringssl/include/openssl/mem.h:60:\nthird_party/boringssl/include/openssl/base.h:179:13: error: redefinition of typedef 'ASN1_NULL' is a C11 feature [-Werror,-Wtypedef-redefinition]\ntypedef int ASN1_NULL;\n            ^\n/usr/local/opt/openssl@3/include/openssl/types.h:62:13: note: previous definition is here\ntypedef int ASN1_NULL;\n            ^\nIn file included from notethird_party/boringssl/crypto/asn1/a_i2d_fp.c: :60previous definition is here:\n\nIn file included from third_party/boringssl/include/openssl/mem.h:60:\nthird_party/boringssl/include/openssl/base.h:typedef struct asn1_string_st ASN1_T61STRING;180\n:                              ^29\n: error: redefinition of typedef 'ASN1_ITEM' is a C11 feature [-Werror,-Wtypedef-redefinition]\nfatal errortypedef struct ASN1_ITEM_st ASN1_ITEM;: too many errors emitted, stopping now [-ferror-limit=]\n\n                            ^\n/usr/local/opt/openssl@3/include/openssl/types.h:69:29: note: previous definition is here\ntypedef struct ASN1_ITEM_st ASN1_ITEM;\n                            ^\nIn file included from third_party/boringssl/crypto/asn1/a_i2d_fp.c:60:\nIn file included from third_party/boringssl/include/openssl/mem.h:60:\nthird_party/boringssl/include/openssl/base.h:181:31: error: redefinition of typedef 'ASN1_OBJECT' is a C11 feature [-Werror,-Wtypedef-redefinition]\ntypedef struct asn1_object_st ASN1_OBJECT;\n                              ^\n/usr/local/opt/openssl@3/include/openssl/types.h:66:31: note: previous definition is here\ntypedef struct asn1_object_st ASN1_OBJECT;\n                              ^\nIn file included from third_party/boringssl/crypto/asn1/a_i2d_fp.c:60:\nIn file included from third_party/boringssl/include/openssl/mem.h:60:\nthird_party/boringssl/include/openssl/base.h:182:29: error: redefinition of typedef 'ASN1_PCTX' is a C11 feature [-Werror,-Wtypedef-redefinition]\ntypedef struct asn1_pctx_st ASN1_PCTX;\n                            ^\n/usr/local/opt/openssl@3/include/openssl/types.h:70:29: note: previous definition is here\ntypedef struct asn1_pctx_st ASN1_PCTX;\n                            ^\nIn file included from third_party/boringssl/crypto/asn1/a_i2d_fp.c:60:\nIn file included from third_party/boringssl/include/openssl/mem.h:60:\nthird_party/boringssl/include/openssl/base.h:183:31: error: redefinition of typedef 'ASN1_BIT_STRING' is a C11 feature [-Werror,-Wtypedef-redefinition]\ntypedef struct asn1_string_st ASN1_BIT_STRING;\n                              ^\n/usr/local/opt/openssl@3/include/openssl/types.h:47:31: note: previous definition is here\ntypedef struct asn1_string_st ASN1_BIT_STRING;\n                              ^\nIn file included from third_party/boringssl/crypto/asn1/a_i2d_fp.c:60:\nIn file included from third_party/boringssl/include/openssl/mem.h:60:\nthird_party/boringssl/include/openssl/base.h:184:31: error: redefinition of typedef 'ASN1_BMPSTRING' is a C11 feature [-Werror,-Wtypedef-redefinition]\ntypedef struct asn1_string_st ASN1_BMPSTRING;\n                              ^\n/usr/local/opt/openssl@3/include/openssl/types.h:54:31: note: previous definition is here\ntypedef struct asn1_string_st ASN1_BMPSTRING;\n                              ^\nmake: In file included from *** [/Users/runner/actions-runner/_work/python.build/python.build/build_grpcio140310/grpcio-1.4.0/objs/opt/third_party/boringssl/crypto/asn1/a_d2i_fp.o] Error 1\nthird_party/boringssl/crypto/asn1/a_i2d_fp.c:60:\nIn file included from third_party/boringssl/include/openssl/mem.h:60:\nthird_party/boringssl/include/openssl/base.h:185:31: error: redefinition of typedef 'ASN1_ENUMERATED' is a C11 feature [-Werror,-Wtypedef-redefinition]\ntypedef struct asn1_string_st ASN1_ENUMERATED;\n                              ^\n/usr/local/opt/openssl@3/include/openssl/types.h:46:31: note: previous definition is here\ntypedef struct asn1_string_st ASN1_ENUMERATED;\n                              ^\nIn file included from third_party/boringssl/crypto/asn1/a_i2d_fp.c:60:\nIn file included from third_party/boringssl/include/openssl/mem.h:60:\nthird_party/boringssl/include/openssl/base.h:186:31: error: redefinition of typedef 'ASN1_GENERALIZEDTIME' is a C11 feature [-Werror,-Wtypedef-redefinition]\ntypedef struct asn1_string_st ASN1_GENERALIZEDTIME;\n                              ^\n/usr/local/opt/openssl@3/include/openssl/types.h:57:31: note: previous definition is here\ntypedef struct asn1_string_st ASN1_GENERALIZEDTIME;\n                              ^\nIn file included from third_party/boringssl/crypto/asn1/a_i2d_fp.c:60:\nIn file included from third_party/boringssl/include/openssl/mem.h:60:\nthird_party/boringssl/include/openssl/base.h:187:31: error: redefinition of typedef 'ASN1_GENERALSTRING' is a C11 feature [-Werror,-Wtypedef-redefinition]\ntypedef struct asn1_string_st ASN1_GENERALSTRING;\n                              ^\n/usr/local/opt/openssl@3/include/openssl/types.h:52:31: note: previous definition is here\ntypedef struct asn1_string_st ASN1_GENERALSTRING;\n                              ^\nIn file included from third_party/boringssl/crypto/asn1/a_i2d_fp.c:60:\nIn file included from third_party/boringssl/include/openssl/mem.h:60:\nthird_party/boringssl/include/openssl/base.h:188:31: error: redefinition of typedef 'ASN1_IA5STRING' is a C11 feature [-Werror,-Wtypedef-redefinition]\ntypedef struct asn1_string_st ASN1_IA5STRING;\n                              ^\n/usr/local/opt/openssl@3/include/openssl/types.h:51:31: note: previous definition is here\ntypedef struct asn1_string_st ASN1_IA5STRING;\n                              ^\nIn file included from third_party/boringssl/crypto/asn1/a_i2d_fp.c:60:\nIn file included from third_party/boringssl/include/openssl/mem.h:60:\nthird_party/boringssl/include/openssl/base.h:189:31: error: redefinition of typedef 'ASN1_INTEGER' is a C11 feature [-Werror,-Wtypedef-redefinition]\ntypedef struct asn1_string_st ASN1_INTEGER;\n                              ^\n/usr/local/opt/openssl@3/include/openssl/types.h:45:31: note: previous definition is here\ntypedef struct asn1_string_st ASN1_INTEGER;\n                              ^\nIn file included from third_party/boringssl/crypto/asn1/a_i2d_fp.c:60:\nIn file included from third_party/boringssl/include/openssl/mem.h:60:\nthird_party/boringssl/include/openssl/base.h:190:31: error: redefinition of typedef 'ASN1_OCTET_STRING' is a C11 feature [-Werror,-Wtypedef-redefinition]\ntypedef struct asn1_string_st ASN1_OCTET_STRING;\n                              ^\n/usr/local/opt/openssl@3/include/openssl/types.h:48:31: note: previous definition is here\ntypedef struct asn1_string_st ASN1_OCTET_STRING;\n                              ^\nIn file included from third_party/boringssl/crypto/asn1/a_i2d_fp.c:60:\nIn file included from third_party/boringssl/include/openssl/mem.h:60:\nthird_party/boringssl/include/openssl/base.h:191:31: error: redefinition of typedef 'ASN1_PRINTABLESTRING' is a C11 feature [-Werror,-Wtypedef-redefinition]\ntypedef struct asn1_string_st ASN1_PRINTABLESTRING;\n                              ^\n/usr/local/opt/openssl@3/include/openssl/types.h:49:31: note: previous definition is here\ntypedef struct asn1_string_st ASN1_PRINTABLESTRING;\n                              ^\nIn file included from third_party/boringssl/crypto/asn1/a_i2d_fp.c:60:\nIn file included from third_party/boringssl/include/openssl/mem.h:60:\nthird_party/boringssl/include/openssl/base.h:192:31: error: redefinition of typedef 'ASN1_STRING' is a C11 feature [-Werror,-Wtypedef-redefinition]\ntypedef struct asn1_string_st ASN1_STRING;\n                              ^\n/usr/local/opt/openssl@3/include/openssl/types.h:60:31: note: previous definition is here\ntypedef struct asn1_string_st ASN1_STRING;\n                              ^\nIn file included from third_party/boringssl/crypto/asn1/a_i2d_fp.c:60:\nIn file included from third_party/boringssl/include/openssl/mem.h:60:\nthird_party/boringssl/include/openssl/base.h:193:31: error: redefinition of typedef 'ASN1_T61STRING' is a C11 feature [-Werror,-Wtypedef-redefinition]\ntypedef struct asn1_string_st ASN1_T61STRING;\n                              ^\n/usr/local/opt/openssl@3/include/openssl/types.h:50:31: note: previous definition is here\ntypedef struct asn1_string_st ASN1_T61STRING;\n                              ^\nfatal error: too many errors emitted, stopping now [-ferror-limit=]\n20 errors generated.\nmake: *** [/Users/runner/actions-runner/_work/python.build/python.build/build_grpcio140310/grpcio-1.4.0/objs/opt/third_party/boringssl/crypto/asn1/a_mbstr.o] Error 1\n20 errors generated.\nIn file included from third_party/boringssl/crypto/asn1/a_print.c:60:\nIn file included from third_party/boringssl/include/openssl/mem.h:60:\nthird_party/boringssl/include/openssl/base.h:120:9: In file included from errorthird_party/boringssl/crypto/asn1/a_int.c:62:\nIn file included from third_party/boringssl/include/openssl/mem.h:60:\nthird_party/boringssl/include/openssl/base.h:120:9:: 'OPENSSL_VERSION_NUMBER' macro redefined [-Werror,-Wmacro-redefined]\n error: 'OPENSSL_VERSION_NUMBER' macro redefined [-Werror,-Wmacro-redefined]\n#define OPENSSL_VERSION_NUMBER 0x10002000\n        ^\n/usr/local/opt/openssl@3/include/openssl/opensslv.h:99:10: note: previous definition is here\n# define OPENSSL_VERSION_NUMBER          \\#define OPENSSL_VERSION_NUMBER 0x10002000\n\n         ^        ^\n\n/usr/local/opt/openssl@3/include/openssl/opensslv.hIn file included from :third_party/boringssl/crypto/asn1/a_print.c99::6010:\n:In file included from  third_party/boringssl/include/openssl/mem.hnote:: 60previous definition is here:\n\nthird_party/boringssl/include/openssl/base.h:155:9: # define OPENSSL_VERSION_NUMBER          \\error\n:          ^'OPENSSL_EXPORT' macro redefined [-Werror,-Wmacro-redefined]\n\n#define OPENSSL_EXPORT\n        ^\n/usr/local/opt/openssl@3/include/openssl/e_os2.h:183:11: note: previous definition is hereIn file included from third_party/boringssl/crypto/asn1/a_int.c:62:\nIn file included from third_party/boringssl/include/openssl/mem.h:60:\nthird_party/boringssl/include/openssl/base.h:155:9: error: 'OPENSSL_EXPORT' macro redefined [-Werror,-Wmacro-redefined]\n#define OPENSSL_EXPORT\n        ^\n/usr/local/opt/openssl@3/include/openssl/e_os2.h:183:11: note: previous definition is here\n#  define OPENSSL_EXPORT extern\n          ^\n\n#  define OPENSSL_EXPORT extern\n          ^\nIn file included from third_party/boringssl/crypto/asn1/a_int.c:62:\nIn file included from third_party/boringssl/include/openssl/mem.h:60:\nthird_party/boringssl/include/openssl/base.h:176:13: error: typedef redefinition with different types ('int' vs 'struct crypto_threadid_st')\ntypedef int CRYPTO_THREADID;\n            ^\nIn file included from third_party/boringssl/crypto/asn1/a_print.c:60:\nIn file included from third_party/boringssl/include/openssl/mem.h:60:\nthird_party/boringssl/include/openssl/base.h:176:13: error: typedef redefinition with different types ('int' vs 'struct crypto_threadid_st')\n/usr/local/opt/openssl@3/include/openssl/crypto.h:308:typedef int CRYPTO_THREADID;3\n            ^:\n note: previous definition is here\n} CRYPTO_THREADID;\n  ^\nIn file included from third_party/boringssl/crypto/asn1/a_int.c:62:\n/usr/local/opt/openssl@3/include/openssl/crypto.hIn file included from :third_party/boringssl/include/openssl/mem.h308::603:\n:third_party/boringssl/include/openssl/base.h :note178: :previous definition is here13\n: error: } CRYPTO_THREADID;redefinition of typedef 'ASN1_BOOLEAN' is a C11 feature [-Werror,-Wtypedef-redefinition]\ntypedef int ASN1_BOOLEAN;\n            ^\n\n/usr/local/opt/openssl@3/include/openssl/types.h:  ^61\n:13: note: previous definition is here\nmake: typedef int ASN1_BOOLEAN;\n*** [/Users/runner/actions-runner/_work/python.build/python.build/build_grpcio140310/grpcio-1.4.0/objs/opt/third_party/boringssl/crypto/asn1/a_dup.o] Error 1\nIn file included from             ^third_party/boringssl/crypto/asn1/a_print.c:60:\nIn file included from third_party/boringssl/include/openssl/mem.h:60:\nthird_party/boringssl/include/openssl/base.h:178:13\n:In file included from third_party/boringssl/crypto/asn1/a_int.c:62:\nIn file included from third_party/boringssl/include/openssl/mem.h error: :redefinition of typedef 'ASN1_BOOLEAN' is a C11 feature [-Werror,-Wtypedef-redefinition]60\n:\nthird_party/boringssl/include/openssl/base.h:179:13: error: redefinition of typedef 'ASN1_NULL' is a C11 feature [-Werror,-Wtypedef-redefinition]\ntypedef int ASN1_NULL;\n            ^\n/usr/local/opt/openssl@3/include/openssl/types.h:62:typedef int ASN1_BOOLEAN;13\n:            ^\n note: previous definition is here\ntypedef int ASN1_NULL;\n            ^\n/usr/local/opt/openssl@3/include/openssl/types.h:61:13: note: previous definition is here\ntypedef int ASN1_BOOLEAN;\n            ^\nIn file included from third_party/boringssl/crypto/asn1/a_int.c:62:\nIn file included from third_party/boringssl/include/openssl/mem.h:60:\nthird_party/boringssl/include/openssl/base.h:180:29:In file included from third_party/boringssl/crypto/asn1/a_print.c: error: redefinition of typedef 'ASN1_ITEM' is a C11 feature [-Werror,-Wtypedef-redefinition]\ntypedef struct ASN1_ITEM_st ASN1_ITEM;\n                            ^\n/usr/local/opt/openssl@3/include/openssl/types.h:69:29: note60:\nIn file included from third_party/boringssl/include/openssl/mem.h:60:\nthird_party/boringssl/include/openssl/base.h:179: previous definition is here\ntypedef struct ASN1_ITEM_st ASN1_ITEM;\n                            ^\nIn file included from third_party/boringssl/crypto/asn1/a_int.c:62:\n:13: error: redefinition of typedef 'ASN1_NULL' is a C11 feature [-Werror,-Wtypedef-redefinition]\ntypedef int ASN1_NULL;\n            ^\n/usr/local/opt/openssl@3/include/openssl/types.h:62:13: note: previous definition is here\ntypedef int ASN1_NULL;\n            ^\nIn file included from third_party/boringssl/include/openssl/mem.h:60:\nthird_party/boringssl/include/openssl/base.h:181:31: error: redefinition of typedef 'ASN1_OBJECT' is a C11 feature [-Werror,-Wtypedef-redefinition]\ntypedef struct asn1_object_st ASN1_OBJECT;\n                              ^\n/usr/local/opt/openssl@3/include/openssl/types.h:66:31: note: previous definition is here\nIn file included from third_party/boringssl/crypto/asn1/a_print.c:60typedef struct asn1_object_st ASN1_OBJECT;:\n\nIn file included from                               ^third_party/boringssl/include/openssl/mem.h\n:60:\nthird_party/boringssl/include/openssl/base.h:180:29In file included from :third_party/boringssl/crypto/asn1/a_int.c:62:\nIn file included from third_party/boringssl/include/openssl/mem.h error: redefinition of typedef 'ASN1_ITEM' is a C11 feature [-Werror,-Wtypedef-redefinition]\n:60:\nthird_party/boringssl/include/openssl/base.h:182:29: error: redefinition of typedef 'ASN1_PCTX' is a C11 feature [-Werror,-Wtypedef-redefinition]\ntypedef struct asn1_pctx_st ASN1_PCTX;typedef struct ASN1_ITEM_st ASN1_ITEM;\n                            ^\n\n/usr/local/opt/openssl@3/include/openssl/types.h:69                            ^:\n29: note: previous definition is here\n/usr/local/opt/openssl@3/include/openssl/types.h:typedef struct ASN1_ITEM_st ASN1_ITEM;70\n:                            ^29\n: note: previous definition is here\nIn file included from third_party/boringssl/crypto/asn1/a_print.c:60:\nIn file included from third_party/boringssl/include/openssl/mem.h:60:\nthird_party/boringssl/include/openssl/base.h:181:31: error: redefinition of typedef 'ASN1_OBJECT' is a C11 feature [-Werror,-Wtypedef-redefinition]\ntypedef struct asn1_object_st ASN1_OBJECT;\n                              ^\n/usr/local/opt/openssl@3/include/openssl/types.h:66:31: note: previous definition is here\ntypedef struct asn1_object_st ASN1_OBJECT;\n                              ^\ntypedef struct asn1_pctx_st ASN1_PCTX;In file included from \n                            ^\nthird_party/boringssl/crypto/asn1/a_print.c:60:\nIn file included from third_party/boringssl/include/openssl/mem.h:In file included from third_party/boringssl/crypto/asn1/a_int.c:60:\nthird_party/boringssl/include/openssl/base.h:62182In file included from :29: error: redefinition of typedef 'ASN1_PCTX' is a C11 feature [-Werror,-Wtypedef-redefinition]\n:\nIn file included from third_party/boringssl/include/openssl/mem.h:60:\ntypedef struct asn1_pctx_st ASN1_PCTX;\n                            ^third_party/boringssl/include/openssl/base.h\n:183:31:third_party/boringssl/crypto/asn1/a_object.c/usr/local/opt/openssl@3/include/openssl/types.h::63:\n70 error: In file included from :third_party/boringssl/include/openssl/mem.hredefinition of typedef 'ASN1_BIT_STRING' is a C11 feature [-Werror,-Wtypedef-redefinition]29: \nnote: previous definition is here\ntypedef struct asn1_pctx_st ASN1_PCTX;\n                            ^\nIn file included from third_party/boringssl/crypto/asn1/a_print.c:60:60:\n:\nIn file included from third_party/boringssl/include/openssl/mem.hthird_party/boringssl/include/openssl/base.h::60120:\n:third_party/boringssl/include/openssl/base.h9::183 :error31: :'OPENSSL_VERSION_NUMBER' macro redefined [-Werror,-Wmacro-redefined] error\n: redefinition of typedef 'ASN1_BIT_STRING' is a C11 feature [-Werror,-Wtypedef-redefinition]\ntypedef struct asn1_string_st ASN1_BIT_STRING;\n                              ^\ntypedef struct asn1_string_st ASN1_BIT_STRING;/usr/local/opt/openssl@3/include/openssl/types.h\n:                              ^47\n:31: note: previous definition is here/usr/local/opt/openssl@3/include/openssl/types.h\n:#define OPENSSL_VERSION_NUMBER 0x10002000\n        ^\n47:31typedef struct asn1_string_st ASN1_BIT_STRING;:\n                               ^\nnote: previous definition is here\n/usr/local/opt/openssl@3/include/openssl/opensslv.hIn file included from third_party/boringssl/crypto/asn1/a_int.c:typedef struct asn1_string_st ASN1_BIT_STRING;62\n:99::\n10:In file included from  notethird_party/boringssl/include/openssl/mem.h: :previous definition is here60\n:\nthird_party/boringssl/include/openssl/base.h:                              ^184:\n31# define OPENSSL_VERSION_NUMBER          \\:\n          ^error\n: redefinition of typedef 'ASN1_BMPSTRING' is a C11 feature [-Werror,-Wtypedef-redefinition]\nIn file included from third_party/boringssl/crypto/asn1/a_print.c:60In file included from :\nthird_party/boringssl/crypto/asn1/a_object.cIn file included from :third_party/boringssl/include/openssl/mem.h:typedef struct asn1_string_st ASN1_BMPSTRING;60\n:\n                              ^\n63/usr/local/opt/openssl@3/include/openssl/types.h:\n:In file included from third_party/boringssl/include/openssl/mem.h:third_party/boringssl/include/openssl/base.h:54:31:60 note:\n184third_party/boringssl/include/openssl/base.h::31155:: 9previous definition is here\n: error: typedef struct asn1_string_st ASN1_BMPSTRING;redefinition of typedef 'ASN1_BMPSTRING' is a C11 feature [-Werror,-Wtypedef-redefinition]\n\n                              ^\ntypedef struct asn1_string_st ASN1_BMPSTRING;\n                              ^In file included from third_party/boringssl/crypto/asn1/a_int.c:62:\nIn file included from \nthird_party/boringssl/include/openssl/mem.h:60:\n/usr/local/opt/openssl@3/include/openssl/types.h:54:: 31error::  note'OPENSSL_EXPORT' macro redefined [-Werror,-Wmacro-redefined]: \nprevious definition is here\n#define OPENSSL_EXPORT\ntypedef struct asn1_string_st ASN1_BMPSTRING;\nthird_party/boringssl/include/openssl/base.h                              ^:\n185:31: error: redefinition of typedef 'ASN1_ENUMERATED' is a C11 feature [-Werror,-Wtypedef-redefinition]\nIn file included from third_party/boringssl/crypto/asn1/a_print.c:60:\nIn file included from         ^typedef struct asn1_string_st ASN1_ENUMERATED;\n\nthird_party/boringssl/include/openssl/mem.h:60                              ^:\nthird_party/boringssl/include/openssl/base.h\n:185:/usr/local/opt/openssl@3/include/openssl/e_os2.h31:183:11: note: previous definition is here\n/usr/local/opt/openssl@3/include/openssl/types.h:46: error: redefinition of typedef 'ASN1_ENUMERATED' is a C11 feature [-Werror,-Wtypedef-redefinition]\n#  define OPENSSL_EXPORT extern\n          ^\ntypedef struct asn1_string_st ASN1_ENUMERATED;\n                              ^\n/usr/local/opt/openssl@3/include/openssl/types.h:46:31: note: previous definition is here\ntypedef struct asn1_string_st ASN1_ENUMERATED;\n                              ^\nIn file included from :third_party/boringssl/crypto/asn1/a_print.c:3160::\n In file included from notethird_party/boringssl/include/openssl/mem.h: :previous definition is here60\n:\nthird_party/boringssl/include/openssl/base.h:186:31: typedef struct asn1_string_st ASN1_ENUMERATED;error\n:                               ^redefinition of typedef 'ASN1_GENERALIZEDTIME' is a C11 feature [-Werror,-Wtypedef-redefinition]\n\ntypedef struct asn1_string_st ASN1_GENERALIZEDTIME;\n                              ^\nIn file included from In file included from third_party/boringssl/crypto/asn1/a_object.c:63/usr/local/opt/openssl@3/include/openssl/types.h:\nIn file included from :third_party/boringssl/include/openssl/mem.h57::6031:\n:third_party/boringssl/include/openssl/base.h:third_party/boringssl/crypto/asn1/a_int.c176::6213:\n:In file included from  third_party/boringssl/include/openssl/mem.herror: typedef redefinition with different types ('int' vs 'struct crypto_threadid_st') \nnote: previous definition is here\ntypedef int CRYPTO_THREADID;\n            ^\ntypedef struct asn1_string_st ASN1_GENERALIZEDTIME;\n                              ^\n:In file included from third_party/boringssl/crypto/asn1/a_print.c:6060:\n:\nIn file included from third_party/boringssl/include/openssl/mem.h:third_party/boringssl/include/openssl/base.h/usr/local/opt/openssl@3/include/openssl/crypto.h::186308:3:: 31note::  previous definition is hereerror\n: redefinition of typedef 'ASN1_GENERALIZEDTIME' is a C11 feature [-Werror,-Wtypedef-redefinition]\n} CRYPTO_THREADID;\n  ^\nIn file included from third_party/boringssl/crypto/asn1/a_object.c:6063:\n:\nIn file included from third_party/boringssl/include/openssl/mem.h:60typedef struct asn1_string_st ASN1_GENERALIZEDTIME;:\n\nthird_party/boringssl/include/openssl/base.h                              ^\n:178:13/usr/local/opt/openssl@3/include/openssl/types.h:: 57third_party/boringssl/include/openssl/base.herror:: 187redefinition of typedef 'ASN1_BOOLEAN' is a C11 feature [-Werror,-Wtypedef-redefinition]:\n31: error: typedef int ASN1_BOOLEAN;\nmake:             ^*** [/Users/runner/actions-runner/_work/python.build/python.build/build_grpcio140310/grpcio-1.4.0/objs/opt/third_party/boringssl/crypto/asn1/a_i2d_fp.o] Error 1\n\nredefinition of typedef 'ASN1_GENERALSTRING' is a C11 feature [-Werror,-Wtypedef-redefinition]\n/usr/local/opt/openssl@3/include/openssl/types.h:typedef struct asn1_string_st ASN1_GENERALSTRING;61\n:                              ^13\n:/usr/local/opt/openssl@3/include/openssl/types.h:52:31: : 31note::  note: previous definition is here\nnote: previous definition is heretypedef struct asn1_string_st ASN1_GENERALIZEDTIME;previous definition is here\n\n                              ^\nIn file included from third_party/boringssl/crypto/asn1/a_int.c:62:\nIn file included from typedef int ASN1_BOOLEAN;third_party/boringssl/include/openssl/mem.h\n:            ^60\n:\nthird_party/boringssl/include/openssl/base.h:187:31: error: redefinition of typedef 'ASN1_GENERALSTRING' is a C11 feature [-Werror,-Wtypedef-redefinition]\nIn file included from third_party/boringssl/crypto/asn1/a_object.c:63:\nIn file included from third_party/boringssl/include/openssl/mem.h:\n60:\nthird_party/boringssl/include/openssl/base.h:179:13: error: redefinition of typedef 'ASN1_NULL' is a C11 feature [-Werror,-Wtypedef-redefinition]\ntypedef struct asn1_string_st ASN1_GENERALSTRING;\n                              ^typedef int ASN1_NULL;\n\n            ^\n/usr/local/opt/openssl@3/include/openssl/types.h:/usr/local/opt/openssl@3/include/openssl/types.htypedef struct asn1_string_st ASN1_GENERALSTRING;:\n62                              ^52\n:31: note:: previous definition is here13\n: In file included from third_party/boringssl/crypto/asn1/a_print.c:60typedef struct asn1_string_st ASN1_GENERALSTRING;:\n\nIn file included from                               ^third_party/boringssl/include/openssl/mem.h\n:60:\nthird_party/boringssl/include/openssl/base.h:188:31: error: redefinition of typedef 'ASN1_IA5STRING' is a C11 feature [-Werror,-Wtypedef-redefinition]\ntypedef struct asn1_string_st ASN1_IA5STRING;\n                              ^noteIn file included from : third_party/boringssl/crypto/asn1/a_int.c:previous definition is here\n\n62:\nIn file included from typedef int ASN1_NULL;\nthird_party/boringssl/include/openssl/mem.h            ^:\n/usr/local/opt/openssl@3/include/openssl/types.h60::\n51third_party/boringssl/include/openssl/base.h::188:31: error: 31: note: previous definition is here\nIn file included from typedef struct asn1_string_st ASN1_IA5STRING;third_party/boringssl/crypto/asn1/a_object.c\n:                              ^\nredefinition of typedef 'ASN1_IA5STRING' is a C11 feature [-Werror,-Wtypedef-redefinition]\nIn file included from third_party/boringssl/crypto/asn1/a_print.c:6063:\n:\nIn file included from In file included from third_party/boringssl/include/openssl/mem.hthird_party/boringssl/include/openssl/mem.h::6060:\n:\nthird_party/boringssl/include/openssl/base.h:typedef struct asn1_string_st ASN1_IA5STRING;189\n:                              ^31:third_party/boringssl/include/openssl/base.h :error180: :redefinition of typedef 'ASN1_INTEGER' is a C11 feature [-Werror,-Wtypedef-redefinition]\n\n/usr/local/opt/openssl@3/include/openssl/types.h29typedef struct asn1_string_st ASN1_INTEGER;:\n                               ^error\n: /usr/local/opt/openssl@3/include/openssl/types.hredefinition of typedef 'ASN1_ITEM' is a C11 feature [-Werror,-Wtypedef-redefinition]:\n45:31: note: previous definition is here\n:51:31: note: previous definition is here\ntypedef struct ASN1_ITEM_st ASN1_ITEM;\n                            ^\ntypedef struct asn1_string_st ASN1_IA5STRING;\n/usr/local/opt/openssl@3/include/openssl/types.h:69:                              ^29typedef struct asn1_string_st ASN1_INTEGER;\n                              ^\n\n: note: previous definition is here\nIn file included from third_party/boringssl/crypto/asn1/a_print.c:60:\nIn file included from third_party/boringssl/include/openssl/mem.hIn file included from :third_party/boringssl/crypto/asn1/a_int.c:60:\ntypedef struct ASN1_ITEM_st ASN1_ITEM;third_party/boringssl/include/openssl/base.h\n:                            ^190\n:31: error: redefinition of typedef 'ASN1_OCTET_STRING' is a C11 feature [-Werror,-Wtypedef-redefinition]\n62In file included from :\nthird_party/boringssl/crypto/asn1/a_object.cIn file included from :third_party/boringssl/include/openssl/mem.h63::\n60In file included from third_party/boringssl/include/openssl/mem.htypedef struct asn1_string_st ASN1_OCTET_STRING;:\n60:\n                              ^:\n\nthird_party/boringssl/include/openssl/base.hthird_party/boringssl/include/openssl/base.h::/usr/local/opt/openssl@3/include/openssl/types.h181::48:31: 189note: previous definition is here:\n31: error: redefinition of typedef 'ASN1_INTEGER' is a C11 feature [-Werror,-Wtypedef-redefinition]\ntypedef struct asn1_string_st ASN1_OCTET_STRING;\n                              ^\ntypedef struct asn1_string_st ASN1_INTEGER;\n                              ^\nIn file included from third_party/boringssl/crypto/asn1/a_print.c:/usr/local/opt/openssl@3/include/openssl/types.h:4531:31:: 60:\nIn file included from third_party/boringssl/include/openssl/mem.h :60error:\n: third_party/boringssl/include/openssl/base.h:redefinition of typedef 'ASN1_OBJECT' is a C11 feature [-Werror,-Wtypedef-redefinition]191note\n: previous definition is here\ntypedef struct asn1_object_st ASN1_OBJECT;\n                              ^\ntypedef struct asn1_string_st ASN1_INTEGER;\n                              ^:\n31: error: redefinition of typedef 'ASN1_PRINTABLESTRING' is a C11 feature [-Werror,-Wtypedef-redefinition]\nIn file included from third_party/boringssl/crypto/asn1/a_int.c:62:\ntypedef struct asn1_string_st ASN1_PRINTABLESTRING;\n                              ^\n/usr/local/opt/openssl@3/include/openssl/types.h:/usr/local/opt/openssl@3/include/openssl/types.h:6649::31: note: In file included from previous definition is herethird_party/boringssl/include/openssl/mem.h\n:60:\nthird_party/boringssl/include/openssl/base.h:190:31typedef struct asn1_object_st ASN1_OBJECT;31:: note : error: previous definition is here\nredefinition of typedef 'ASN1_OCTET_STRING' is a C11 feature [-Werror,-Wtypedef-redefinition]\ntypedef struct asn1_string_st ASN1_PRINTABLESTRING;\n                              ^\ntypedef struct asn1_string_st ASN1_OCTET_STRING;\n                              ^\n/usr/local/opt/openssl@3/include/openssl/types.h:48:31: In file included from notethird_party/boringssl/crypto/asn1/a_print.c: :previous definition is here60\n:\nIn file included from third_party/boringssl/include/openssl/mem.h:60:\nthird_party/boringssl/include/openssl/base.hIn file included from :typedef struct asn1_string_st ASN1_OCTET_STRING;third_party/boringssl/crypto/asn1/a_octet.c192::31:\n \nerror60                              ^\n:\n: In file included from third_party/boringssl/include/openssl/mem.h:                              ^60\nredefinition of typedef 'ASN1_STRING' is a C11 feature [-Werror,-Wtypedef-redefinition]\nIn file included from third_party/boringssl/crypto/asn1/a_int.c:62:\n:\nIn file included from third_party/boringssl/include/openssl/mem.h:60In file included from third_party/boringssl/include/openssl/base.hthird_party/boringssl/crypto/asn1/a_object.c::12063::\n9In file included from typedef struct asn1_string_st ASN1_STRING;third_party/boringssl/include/openssl/mem.h\n::\n60:\n:third_party/boringssl/include/openssl/base.h:191                              ^third_party/boringssl/include/openssl/base.h\n :error: :182'OPENSSL_VERSION_NUMBER' macro redefined [-Werror,-Wmacro-redefined]\n31/usr/local/opt/openssl@3/include/openssl/types.h: :error: 60:redefinition of typedef 'ASN1_PRINTABLESTRING' is a C11 feature [-Werror,-Wtypedef-redefinition]31\n: note: previous definition is here\n:typedef struct asn1_string_st ASN1_PRINTABLESTRING;29#define OPENSSL_VERSION_NUMBER 0x10002000\n        ^\n                              ^: error: \nredefinition of typedef 'ASN1_PCTX' is a C11 feature [-Werror,-Wtypedef-redefinition]\ntypedef struct asn1_string_st ASN1_STRING;\n                              ^\ntypedef struct asn1_pctx_st ASN1_PCTX;\n                            ^\n/usr/local/opt/openssl@3/include/openssl/opensslv.h:99:/usr/local/opt/openssl@3/include/openssl/types.h10In file included from :third_party/boringssl/crypto/asn1/a_print.c :note60: :\nprevious definition is hereIn file included from \nthird_party/boringssl/include/openssl/mem.h:60\n:\n# define OPENSSL_VERSION_NUMBER          \\/usr/local/opt/openssl@3/include/openssl/types.h:49:31third_party/boringssl/include/openssl/base.h::\n193 :         ^\n31:note70:29: :previous definition is here :error:  redefinition of typedef 'ASN1_T61STRING' is a C11 feature [-Werror,-Wtypedef-redefinition]\nIn file included from note: typedef struct asn1_string_st ASN1_PRINTABLESTRING;previous definition is herethird_party/boringssl/crypto/asn1/a_octet.c\n:\n60:\nIn file included from typedef struct asn1_pctx_st ASN1_PCTX;\n                            ^\nthird_party/boringssl/include/openssl/mem.htypedef struct asn1_string_st ASN1_T61STRING;\n                              ^\n\n:                              ^60\nIn file included from /usr/local/opt/openssl@3/include/openssl/types.h:\nthird_party/boringssl/crypto/asn1/a_object.c::5063::\n31In file included from :third_party/boringssl/include/openssl/mem.h :note60: :\nprevious definition is herethird_party/boringssl/include/openssl/base.h\n:183:third_party/boringssl/include/openssl/base.h31::155:typedef struct asn1_string_st ASN1_T61STRING;9\n:                              ^ \nerror: 'OPENSSL_EXPORT' macro redefined [-Werror,-Wmacro-redefined]\n error: #define OPENSSL_EXPORTredefinition of typedef 'ASN1_BIT_STRING' is a C11 feature [-Werror,-Wtypedef-redefinition]\n\n        ^\n/usr/local/opt/openssl@3/include/openssl/e_os2.hIn file included from :fatal error183third_party/boringssl/crypto/asn1/a_int.c:typedef struct asn1_string_st ASN1_BIT_STRING;11\n                              ^\n:/usr/local/opt/openssl@3/include/openssl/types.h62::\n47In file included from : third_party/boringssl/include/openssl/mem.h:too many errors emitted, stopping now [-ferror-limit=]60\n:\nthird_party/boringssl/include/openssl/base.h::19231::31: error: redefinition of typedef 'ASN1_STRING' is a C11 feature [-Werror,-Wtypedef-redefinition] \nnote: :previous definition is here\n note: previous definition is here#  define OPENSSL_EXPORT extern\n\n          ^typedef struct asn1_string_st ASN1_STRING;\n\n                              ^\n/usr/local/opt/openssl@3/include/openssl/types.h:60:31: note: previous definition is here\ntypedef struct asn1_string_st ASN1_STRING;\n                              ^\ntypedef struct asn1_string_st ASN1_BIT_STRING;\n                              ^\nIn file included from third_party/boringssl/crypto/asn1/a_int.c:62:\nIn file included from third_party/boringssl/include/openssl/mem.h:60:\nthird_party/boringssl/include/openssl/base.h:193:31: error: redefinition of typedef 'ASN1_T61STRING' is a C11 feature [-Werror,-Wtypedef-redefinition]In file included from \nthird_party/boringssl/crypto/asn1/a_object.c:63:\ntypedef struct asn1_string_st ASN1_T61STRING;In file included from \nthird_party/boringssl/include/openssl/mem.h                              ^:60:\nIn file included from third_party/boringssl/crypto/asn1/a_octet.c:60:\nIn file included from \nthird_party/boringssl/include/openssl/mem.h:60:\nthird_party/boringssl/include/openssl/base.h:176/usr/local/opt/openssl@3/include/openssl/types.h:13:: error: third_party/boringssl/include/openssl/base.htypedef redefinition with different types ('int' vs 'struct crypto_threadid_st'):\n184:31:typedef int CRYPTO_THREADID; \nerror            ^: \nredefinition of typedef 'ASN1_BMPSTRING' is a C11 feature [-Werror,-Wtypedef-redefinition]\ntypedef struct asn1_string_st ASN1_BMPSTRING;50\n                              ^:\n31/usr/local/opt/openssl@3/include/openssl/types.h:54/usr/local/opt/openssl@3/include/openssl/crypto.h::31308:: 3note::  previous definition is herenote\n: :previous definition is here\n note: } CRYPTO_THREADID;previous definition is here\n\n  ^\ntypedef struct asn1_string_st ASN1_T61STRING;\n                              ^In file included from third_party/boringssl/crypto/asn1/a_octet.ctypedef struct asn1_string_st ASN1_BMPSTRING;\n                              ^\n:60:\nIn file included from third_party/boringssl/include/openssl/mem.h:60:\nthird_party/boringssl/include/openssl/base.h:178:13: error: fatal errorredefinition of typedef 'ASN1_BOOLEAN' is a C11 feature [-Werror,-Wtypedef-redefinition]: \ntoo many errors emitted, stopping now [-ferror-limit=]\n\ntypedef int ASN1_BOOLEAN;\n            ^\n/usr/local/opt/openssl@3/include/openssl/types.h:61:13: note: previous definition is here\ntypedef int ASN1_BOOLEAN;\n            ^\nIn file included from In file included from third_party/boringssl/crypto/asn1/a_object.cthird_party/boringssl/crypto/asn1/a_octet.c:63:\nIn file included from third_party/boringssl/include/openssl/mem.h:60:\nthird_party/boringssl/include/openssl/base.h:185:31:60: error: redefinition of typedef 'ASN1_ENUMERATED' is a C11 feature [-Werror,-Wtypedef-redefinition]\n:\nIn file included from typedef struct asn1_string_st ASN1_ENUMERATED;\n                              ^\n/usr/local/opt/openssl@3/include/openssl/types.h:46:31: note: previous definition is here\nthird_party/boringssl/include/openssl/mem.htypedef struct asn1_string_st ASN1_ENUMERATED;\n                              ^\n:60:\nthird_party/boringssl/include/openssl/base.h:179In file included from third_party/boringssl/crypto/asn1/a_object.c:63:\nIn file included from third_party/boringssl/include/openssl/mem.h:60:\nthird_party/boringssl/include/openssl/base.h:186::13: error: redefinition of typedef 'ASN1_NULL' is a C11 feature [-Werror,-Wtypedef-redefinition]\ntypedef int ASN1_NULL;\n            ^\n/usr/local/opt/openssl@3/include/openssl/types.h:62:13: note: previous definition is here\ntypedef int ASN1_NULL;\n            ^\nIn file included from third_party/boringssl/crypto/asn1/a_octet.c:60:\nIn file included from third_party/boringssl/include/openssl/mem.h:60:\n31third_party/boringssl/include/openssl/base.h:: error: 180:redefinition of typedef 'ASN1_GENERALIZEDTIME' is a C11 feature [-Werror,-Wtypedef-redefinition]29\n: error: redefinition of typedef 'ASN1_ITEM' is a C11 feature [-Werror,-Wtypedef-redefinition]\ntypedef struct ASN1_ITEM_st ASN1_ITEM;\n                            ^\n/usr/local/opt/openssl@3/include/openssl/types.h:69:typedef struct asn1_string_st ASN1_GENERALIZEDTIME;29\n:                               ^note: previous definition is here\ntypedef struct ASN1_ITEM_st ASN1_ITEM;\n\n                            ^\n/usr/local/opt/openssl@3/include/openssl/types.h:57:31: note: previous definition is here\ntypedef struct asn1_string_st ASN1_GENERALIZEDTIME;\nIn file included from third_party/boringssl/crypto/asn1/a_octet.c:60:\nIn file included from third_party/boringssl/include/openssl/mem.h:60                              ^\n:\nthird_party/boringssl/include/openssl/base.hIn file included from :third_party/boringssl/crypto/asn1/a_object.c181::6331:\n:In file included from  third_party/boringssl/include/openssl/mem.herror:: 60redefinition of typedef 'ASN1_OBJECT' is a C11 feature [-Werror,-Wtypedef-redefinition]\n:\nthird_party/boringssl/include/openssl/base.h:187:31typedef struct asn1_object_st ASN1_OBJECT;\n                              ^\n: error/usr/local/opt/openssl@3/include/openssl/types.h: :redefinition of typedef 'ASN1_GENERALSTRING' is a C11 feature [-Werror,-Wtypedef-redefinition]\n66:31: notetypedef struct asn1_string_st ASN1_GENERALSTRING;: \n                              ^previous definition is here\n\n/usr/local/opt/openssl@3/include/openssl/types.h:52:31: note: typedef struct asn1_object_st ASN1_OBJECT;\n                              ^\nprevious definition is here\nIn file included from typedef struct asn1_string_st ASN1_GENERALSTRING;third_party/boringssl/crypto/asn1/a_octet.c\n:                              ^60:\nIn file included from third_party/boringssl/include/openssl/mem.h:60:\n\nthird_party/boringssl/include/openssl/base.h:182:29: error: redefinition of typedef 'ASN1_PCTX' is a C11 feature [-Werror,-Wtypedef-redefinition]\nIn file included from third_party/boringssl/crypto/asn1/a_object.c:63:\ntypedef struct asn1_pctx_st ASN1_PCTX;\n                            ^\n/usr/local/opt/openssl@3/include/openssl/types.h:70:29: note: previous definition is here\nIn file included from third_party/boringssl/include/openssl/mem.htypedef struct asn1_pctx_st ASN1_PCTX;\n                            ^\n:60:\nthird_party/boringssl/include/openssl/base.h20In file included from third_party/boringssl/crypto/asn1/a_octet.c::60:\n errorIn file included from 188:31: error: redefinition of typedef 'ASN1_IA5STRING' is a C11 feature [-Werror,-Wtypedef-redefinition]\ns generatedthird_party/boringssl/include/openssl/mem.h.\n:60:\nthird_party/boringssl/include/openssl/base.htypedef struct asn1_string_st ASN1_IA5STRING;\n:183:31                              ^: error: \nredefinition of typedef 'ASN1_BIT_STRING' is a C11 feature [-Werror,-Wtypedef-redefinition]\n/usr/local/opt/openssl@3/include/openssl/types.h:51:31: typedef struct asn1_string_st ASN1_BIT_STRING;note\n                              ^\n/usr/local/opt/openssl@3/include/openssl/types.h:47:31: note: previous definition is here: \nIn file included from third_party/boringssl/crypto/asn1/a_enum.cprevious definition is here:62\n:\nIn file included from third_party/boringssl/include/openssl/mem.h:60:\nthird_party/boringssl/include/openssl/base.h:typedef struct asn1_string_st ASN1_BIT_STRING;\n                              ^\n120:9: error: 'OPENSSL_VERSION_NUMBER' macro redefined [-Werror,-Wmacro-redefined]\nIn file included from third_party/boringssl/crypto/asn1/a_octet.c:#define OPENSSL_VERSION_NUMBER 0x10002000\n        ^typedef struct asn1_string_st ASN1_IA5STRING;\n\n                              ^\n60/usr/local/opt/openssl@3/include/openssl/opensslv.h::\n99In file included from third_party/boringssl/include/openssl/mem.hIn file included from third_party/boringssl/crypto/asn1/a_object.c:63:\n::In file included from 60third_party/boringssl/include/openssl/mem.h:\n:third_party/boringssl/include/openssl/base.h60:\nthird_party/boringssl/include/openssl/base.h:189:3110::  errornote: redefinition of typedef 'ASN1_INTEGER' is a C11 feature [-Werror,-Wtypedef-redefinition]:: 184:31:previous definition is here\n error: redefinition of typedef 'ASN1_BMPSTRING' is a C11 feature [-Werror,-Wtypedef-redefinition]\n# define OPENSSL_VERSION_NUMBER          \\\n\n         ^\ntypedef struct asn1_string_st ASN1_BMPSTRING;\n                              ^\nIn file included from third_party/boringssl/crypto/asn1/a_enum.c/usr/local/opt/openssl@3/include/openssl/types.htypedef struct asn1_string_st ASN1_INTEGER;::54:31: note: 62previous definition is here:\n\nIn file included from third_party/boringssl/include/openssl/mem.h:60:\nthird_party/boringssl/include/openssl/base.h:155:typedef struct asn1_string_st ASN1_BMPSTRING;9: error\n: 'OPENSSL_EXPORT' macro redefined [-Werror,-Wmacro-redefined]                              ^\n\n                              ^\n#define OPENSSL_EXPORT\n        ^\n/usr/local/opt/openssl@3/include/openssl/e_os2.h:183:In file included from 11third_party/boringssl/crypto/asn1/a_octet.c:: 60note:\n: In file included from previous definition is herethird_party/boringssl/include/openssl/mem.h:\n60/usr/local/opt/openssl@3/include/openssl/types.h:45::\n31:third_party/boringssl/include/openssl/base.h :note185: :previous definition is here31: \n\n#  define OPENSSL_EXPORT externerror\n:           ^typedef struct asn1_string_st ASN1_INTEGER;redefinition of typedef 'ASN1_ENUMERATED' is a C11 feature [-Werror,-Wtypedef-redefinition]\n\n                              ^\n\nIn file included from third_party/boringssl/crypto/asn1/a_object.c:63:\nIn file included from third_party/boringssl/include/openssl/mem.h:60:\nthird_party/boringssl/include/openssl/base.h:190:typedef struct asn1_string_st ASN1_ENUMERATED;31: \nerror: redefinition of typedef 'ASN1_OCTET_STRING' is a C11 feature [-Werror,-Wtypedef-redefinition]\n                              ^\ntypedef struct asn1_string_st ASN1_OCTET_STRING;/usr/local/opt/openssl@3/include/openssl/types.h:46\n:31: note: previous definition is here\ntypedef struct asn1_string_st ASN1_ENUMERATED;                              ^\n\n                              ^\n/usr/local/opt/openssl@3/include/openssl/types.h:48:31: note: previous definition is here\nIn file included from third_party/boringssl/crypto/asn1/a_octet.c:60:\nIn file included from third_party/boringssl/include/openssl/mem.htypedef struct asn1_string_st ASN1_OCTET_STRING;\n                              ^In file included from \nthird_party/boringssl/crypto/asn1/a_enum.c:62:\nIn file included from third_party/boringssl/include/openssl/mem.h:60:\nthird_party/boringssl/include/openssl/base.h:176:13: error: typedef redefinition with different types ('int' vs 'struct crypto_threadid_st')\n:60typedef int CRYPTO_THREADID;:\n\nthird_party/boringssl/include/openssl/base.h            ^:\n186In file included from third_party/boringssl/crypto/asn1/a_object.c:63:\nIn file included from third_party/boringssl/include/openssl/mem.h:60:\nthird_party/boringssl/include/openssl/base.h:191:31:/usr/local/opt/openssl@3/include/openssl/crypto.h :error308: :redefinition of typedef 'ASN1_PRINTABLESTRING' is a C11 feature [-Werror,-Wtypedef-redefinition]:\n31: error: redefinition of typedef 'ASN1_GENERALIZEDTIME' is a C11 feature [-Werror,-Wtypedef-redefinition]\ntypedef struct asn1_string_st ASN1_PRINTABLESTRING;\n                              ^\n/usr/local/opt/openssl@3/include/openssl/types.h:49:typedef struct asn1_string_st ASN1_GENERALIZEDTIME;31: 3:\n                              ^note\n: previous definition is here/usr/local/opt/openssl@3/include/openssl/types.h: 57:note31: :previous definition is here\n\n} CRYPTO_THREADID;\n  ^\ntypedef struct asn1_string_st ASN1_PRINTABLESTRING;\n                              ^\n note: previous definition is here\nIn file included from third_party/boringssl/crypto/asn1/a_enum.c:62:\nIn file included from third_party/boringssl/include/openssl/mem.h:60:\nthird_party/boringssl/include/openssl/base.h:178:13: errortypedef struct asn1_string_st ASN1_GENERALIZEDTIME;: \nredefinition of typedef 'ASN1_BOOLEAN' is a C11 feature [-Werror,-Wtypedef-redefinition]\nIn file included from third_party/boringssl/crypto/asn1/a_object.c:63:\nIn file included from third_party/boringssl/include/openssl/mem.h                              ^\n:In file included from third_party/boringssl/crypto/asn1/a_octet.c60::\ntypedef int ASN1_BOOLEAN;60\n:\n            ^In file included from \nthird_party/boringssl/include/openssl/mem.h:60:\nthird_party/boringssl/include/openssl/base.h:187:31:/usr/local/opt/openssl@3/include/openssl/types.h :error61third_party/boringssl/include/openssl/base.h:192:: :redefinition of typedef 'ASN1_GENERALSTRING' is a C11 feature [-Werror,-Wtypedef-redefinition]13\n: note: previous definition is here\ntypedef struct asn1_string_st ASN1_GENERALSTRING;\n                              ^31\ntypedef int ASN1_BOOLEAN;\n            ^/usr/local/opt/openssl@3/include/openssl/types.h\n:52:31: note: previous definition is here\nIn file included from third_party/boringssl/crypto/asn1/a_enum.c:62:\nIn file included from third_party/boringssl/include/openssl/mem.h:60typedef struct asn1_string_st ASN1_GENERALSTRING;:\n\n                              ^\n: error: redefinition of typedef 'ASN1_STRING' is a C11 feature [-Werror,-Wtypedef-redefinition]\nthird_party/boringssl/include/openssl/base.h:typedef struct asn1_string_st ASN1_STRING;179In file included from :third_party/boringssl/crypto/asn1/a_octet.c:60:\n13In file included from \n:                              ^\n errorthird_party/boringssl/include/openssl/mem.h/usr/local/opt/openssl@3/include/openssl/types.h:: :redefinition of typedef 'ASN1_NULL' is a C11 feature [-Werror,-Wtypedef-redefinition]\n60:31: note: previous definition is here\ntypedef struct asn1_string_st ASN1_STRING;\n                              ^\ntypedef int ASN1_NULL;\n            ^In file included from third_party/boringssl/crypto/asn1/a_object.c:6360:\n:\nIn file included from \nthird_party/boringssl/include/openssl/mem.h:60:\nthird_party/boringssl/include/openssl/base.h:193:31:/usr/local/opt/openssl@3/include/openssl/types.h :62third_party/boringssl/include/openssl/base.h::13188::31error : redefinition of typedef 'ASN1_T61STRING' is a C11 feature [-Werror,-Wtypedef-redefinition]\n: error: redefinition of typedef 'ASN1_IA5STRING' is a C11 feature [-Werror,-Wtypedef-redefinition]\ntypedef struct asn1_string_st ASN1_T61STRING;\n                              ^\ntypedef struct asn1_string_st ASN1_IA5STRING;/usr/local/opt/openssl@3/include/openssl/types.hnote:: 50:previous definition is here31\n\n                              ^\ntypedef int ASN1_NULL;\n            ^/usr/local/opt/openssl@3/include/openssl/types.h\n:51: note: previous definition is hereIn file included from \nthird_party/boringssl/crypto/asn1/a_enum.c:62:\nIn file included from third_party/boringssl/include/openssl/mem.h:typedef struct asn1_string_st ASN1_T61STRING;60\n:\n                              ^third_party/boringssl/include/openssl/base.h\n::31180:29: fatal errorerror: :too many errors emitted, stopping now [-ferror-limit=] \nnote: previous definition is here\ntypedef struct asn1_string_st ASN1_IA5STRING;\n                              ^\n: In file included from third_party/boringssl/crypto/asn1/a_octet.credefinition of typedef 'ASN1_ITEM' is a C11 feature [-Werror,-Wtypedef-redefinition]\ntypedef struct ASN1_ITEM_st ASN1_ITEM;\n                            ^\n/usr/local/opt/openssl@3/include/openssl/types.h:69:29: note: previous definition is here\ntypedef struct ASN1_ITEM_st ASN1_ITEM;\n                            ^\nIn file included from :third_party/boringssl/crypto/asn1/a_enum.c:6062:\n:\nIn file included from In file included from third_party/boringssl/include/openssl/mem.hthird_party/boringssl/include/openssl/mem.h::6060:\n:\nthird_party/boringssl/include/openssl/base.hthird_party/boringssl/include/openssl/base.h::189181::3131: error: :redefinition of typedef 'ASN1_OBJECT' is a C11 feature [-Werror,-Wtypedef-redefinition]\ntypedef struct asn1_object_st ASN1_OBJECT;\n                              ^\n/usr/local/opt/openssl@3/include/openssl/types.h:66:31: note: previous definition is here\ntypedef struct asn1_object_st ASN1_OBJECT;\n                              ^\nIn file included from third_party/boringssl/crypto/asn1/a_enum.c:62:\nIn file included from third_party/boringssl/include/openssl/mem.h:60:\nthird_party/boringssl/include/openssl/base.h:182:29: error: redefinition of typedef 'ASN1_PCTX' is a C11 feature [-Werror,-Wtypedef-redefinition]\ntypedef struct asn1_pctx_st ASN1_PCTX;\n                            ^20\n error/usr/local/opt/openssl@3/include/openssl/types.hs: generated70.\n: error: redefinition of typedef 'ASN1_INTEGER' is a C11 feature [-Werror,-Wtypedef-redefinition]\ntypedef struct asn1_string_st ASN1_INTEGER;\n                              ^\n/usr/local/opt/openssl@3/include/openssl/types.h:45:31:29: note: previous definition is here\ntypedef struct asn1_pctx_st ASN1_PCTX;\n                            ^\n note: previous definition is here\ntypedef struct asn1_string_st ASN1_INTEGER;In file included from \n                              ^\nthird_party/boringssl/crypto/asn1/a_enum.c:62:\nIn file included from third_party/boringssl/include/openssl/mem.h:60:\nthird_party/boringssl/include/openssl/base.h:183:31: error: redefinition of typedef 'ASN1_BIT_STRING' is a C11 feature [-Werror,-Wtypedef-redefinition]\nIn file included from third_party/boringssl/crypto/asn1/a_octet.c:60:\nIn file included from third_party/boringssl/include/openssl/mem.htypedef struct asn1_string_st ASN1_BIT_STRING;\n                              ^\n/usr/local/opt/openssl@3/include/openssl/types.h:60:\nthird_party/boringssl/include/openssl/base.h:190:31: error: redefinition of typedef 'ASN1_OCTET_STRING' is a C11 feature [-Werror,-Wtypedef-redefinition]\ntypedef struct asn1_string_st ASN1_OCTET_STRING;\n                              ^\n:/usr/local/opt/openssl@3/include/openssl/types.h47::4831::31 :note : noteprevious definition is here: \nprevious definition is here\ntypedef struct asn1_string_st ASN1_OCTET_STRING;\n                              ^\ntypedef struct asn1_string_st ASN1_BIT_STRING;\n                              ^\nIn file included from third_party/boringssl/crypto/asn1/a_octet.c:60:\nIn file included from third_party/boringssl/crypto/asn1/a_enum.c:62:\nIn file included from third_party/boringssl/include/openssl/mem.h:60:\nthird_party/boringssl/include/openssl/base.h:In file included from 184:third_party/boringssl/include/openssl/mem.h:60:\n31: error: third_party/boringssl/include/openssl/base.h:191:31: error: redefinition of typedef 'ASN1_PRINTABLESTRING' is a C11 feature [-Werror,-Wtypedef-redefinition]\nredefinition of typedef 'ASN1_BMPSTRING' is a C11 feature [-Werror,-Wtypedef-redefinition]\ntypedef struct asn1_string_st ASN1_BMPSTRING;\n                              ^\ntypedef struct asn1_string_st ASN1_PRINTABLESTRING;\n                              ^\n/usr/local/opt/openssl@3/include/openssl/types.h:/usr/local/opt/openssl@3/include/openssl/types.h54:31: note: previous definition is here:\n49:31: note: previous definition is here\ntypedef struct asn1_string_st ASN1_PRINTABLESTRING;\n                              ^\ntypedef struct asn1_string_st ASN1_BMPSTRING;\n                              ^\nIn file included from third_party/boringssl/crypto/asn1/a_enum.c:62:\nIn file included from In file included from third_party/boringssl/crypto/asn1/a_octet.cthird_party/boringssl/include/openssl/mem.h::6060:\n:\nIn file included from third_party/boringssl/include/openssl/base.hthird_party/boringssl/include/openssl/mem.h::18560::\n31third_party/boringssl/include/openssl/base.h: error: :redefinition of typedef 'ASN1_ENUMERATED' is a C11 feature [-Werror,-Wtypedef-redefinition]192\n:31: error: typedef struct asn1_string_st ASN1_ENUMERATED;\n                              ^\nredefinition of typedef 'ASN1_STRING' is a C11 feature [-Werror,-Wtypedef-redefinition]\n/usr/local/opt/openssl@3/include/openssl/types.h:46:31: typedef struct asn1_string_st ASN1_STRING;\n                              ^\nnote: previous definition is here\ntypedef struct asn1_string_st ASN1_ENUMERATED;\n                              ^\nIn file included from third_party/boringssl/crypto/asn1/a_enum.c:62:\nIn file included from third_party/boringssl/include/openssl/mem.h:60:\nthird_party/boringssl/include/openssl/base.h:186:31: error: redefinition of typedef 'ASN1_GENERALIZEDTIME' is a C11 feature [-Werror,-Wtypedef-redefinition]\ntypedef struct asn1_string_st ASN1_GENERALIZEDTIME;/usr/local/opt/openssl@3/include/openssl/types.h:60:31: note: previous definition is here\ntypedef struct asn1_string_st ASN1_STRING;\n\n                              ^                              ^\n\n/usr/local/opt/openssl@3/include/openssl/types.h:57:31: note: In file included from third_party/boringssl/crypto/asn1/a_octet.c:60:\nIn file included from third_party/boringssl/include/openssl/mem.h:60:\nthird_party/boringssl/include/openssl/base.h:193:31: error: redefinition of typedef 'ASN1_T61STRING' is a C11 feature [-Werror,-Wtypedef-redefinition]\ntypedef struct asn1_string_st ASN1_T61STRING;\n                              ^\nprevious definition is here/usr/local/opt/openssl@3/include/openssl/types.h:\n50:31: note: previous definition is here\ntypedef struct asn1_string_st ASN1_GENERALIZEDTIME;\n                              ^\ntypedef struct asn1_string_st ASN1_T61STRING;\n                              ^\nfatal errorIn file included from third_party/boringssl/crypto/asn1/a_enum.c:: 62:\nIn file included from too many errors emitted, stopping now [-ferror-limit=]third_party/boringssl/include/openssl/mem.h\n:60:\nthird_party/boringssl/include/openssl/base.h:187:31: error: redefinition of typedef 'ASN1_GENERALSTRING' is a C11 feature [-Werror,-Wtypedef-redefinition]\ntypedef struct asn1_string_st ASN1_GENERALSTRING;\n                              ^\n/usr/local/opt/openssl@3/include/openssl/types.h:52:31: note: previous definition is here\ntypedef struct asn1_string_st ASN1_GENERALSTRING;\n                              ^\nIn file included from third_party/boringssl/crypto/asn1/a_enum.c:62:\nIn file included from third_party/boringssl/include/openssl/mem.h:60:\nthird_party/boringssl/include/openssl/base.h:188:31: error: redefinition of typedef 'ASN1_IA5STRING' is a C11 feature [-Werror,-Wtypedef-redefinition]\ntypedef struct asn1_string_st ASN1_IA5STRING;\n                              ^\n/usr/local/opt/openssl@3/include/openssl/types.h:51:31: note: previous definition is here\ntypedef struct asn1_string_st ASN1_IA5STRING;\n                              ^\nIn file included from third_party/boringssl/crypto/asn1/a_enum.c:62:\nIn file included from third_party/boringssl/include/openssl/mem.h:60:\nthird_party/boringssl/include/openssl/base.h:189:31: error: redefinition of typedef 'ASN1_INTEGER' is a C11 feature [-Werror,-Wtypedef-redefinition]\ntypedef struct asn1_string_st ASN1_INTEGER;\n                              ^\n/usr/local/opt/openssl@3/include/openssl/types.h:45:31: note: previous definition is here\ntypedef struct asn1_string_st ASN1_INTEGER;\n                              ^\nIn file included from third_party/boringssl/crypto/asn1/a_enum.c:62:\nIn file included from third_party/boringssl/include/openssl/mem.h:60:\nthird_party/boringssl/include/openssl/base.h:190:31: error: redefinition of typedef 'ASN1_OCTET_STRING' is a C11 feature [-Werror,-Wtypedef-redefinition]\ntypedef struct asn1_string_st ASN1_OCTET_STRING;\n                              ^\n/usr/local/opt/openssl@3/include/openssl/types.h:48:31: note: previous definition is here\ntypedef struct asn1_string_st ASN1_OCTET_STRING;\n                              ^\nIn file included from third_party/boringssl/crypto/asn1/a_enum.c:62:\nIn file included from third_party/boringssl/include/openssl/mem.h:60:\nthird_party/boringssl/include/openssl/base.h:191:31: error: redefinition of typedef 'ASN1_PRINTABLESTRING' is a C11 feature [-Werror,-Wtypedef-redefinition]\ntypedef struct asn1_string_st ASN1_PRINTABLESTRING;\n                              ^\n/usr/local/opt/openssl@3/include/openssl/types.h:49:31: note: previous definition is here\ntypedef struct asn1_string_st ASN1_PRINTABLESTRING;\n                              ^\nIn file included from third_party/boringssl/crypto/asn1/a_enum.c:62:\nIn file included from third_party/boringssl/include/openssl/mem.h:60:\nthird_party/boringssl/include/openssl/base.h:192:31make: *** [/Users/runner/actions-runner/_work/python.build/python.build/build_grpcio140310/grpcio-1.4.0/objs/opt/third_party/boringssl/crypto/asn1/a_print.o] Error 1\n: error: redefinition of typedef 'ASN1_STRING' is a C11 feature [-Werror,-Wtypedef-redefinition]\ntypedef struct asn1_string_st ASN1_STRING;\n                              ^\n/usr/local/opt/openssl@3/include/openssl/types.h:60:31: note: previous definition is here\ntypedef struct asn1_string_st ASN1_STRING;\n                              ^\nIn file included from third_party/boringssl/crypto/asn1/a_enum.c:62:\nIn file included from third_party/boringssl/include/openssl/mem.h:60:\nthird_party/boringssl/include/openssl/base.h:193:31: error: redefinition of typedef 'ASN1_T61STRING' is a C11 feature [-Werror,-Wtypedef-redefinition]\ntypedef struct asn1_string_st ASN1_T61STRING;\n                              ^\n/usr/local/opt/openssl@3/include/openssl/types.h:50:31: note: previous definition is here\ntypedef struct asn1_string_st ASN1_T61STRING;\n                              ^\nfatal error: too many errors emitted, stopping now [-ferror-limit=]\n20 errors generated.\nIn file included from third_party/boringssl/crypto/asn1/a_gentm.c:63:\nIn file included from third_party/boringssl/include/openssl/mem.h:60:\nthird_party/boringssl/include/openssl/base.h:120:9: error: 'OPENSSL_VERSION_NUMBER' macro redefined [-Werror,-Wmacro-redefined]\n#define OPENSSL_VERSION_NUMBER 0x10002000\n        ^\n/usr/local/opt/openssl@3/include/openssl/opensslv.h:99:10: note: previous definition is here\n# define OPENSSL_VERSION_NUMBER          \\\n         ^\nIn file included from third_party/boringssl/crypto/asn1/a_gentm.c:63:\nIn file included from third_party/boringssl/include/openssl/mem.h:60:\nthird_party/boringssl/include/openssl/base.h:155:9: error: 'OPENSSL_EXPORT' macro redefined [-Werror,-Wmacro-redefined]\n#define OPENSSL_EXPORT\n        ^\n/usr/local/opt/openssl@3/include/openssl/e_os2.h:183:11: note: previous definition is here\n#  define OPENSSL_EXPORT extern\n          ^\nIn file included from third_party/boringssl/crypto/asn1/a_gentm.c:63:\nIn file included from third_party/boringssl/include/openssl/mem.h:60:\nthird_party/boringssl/include/openssl/base.h:176:13: error: typedef redefinition with different types ('int' vs 'struct crypto_threadid_st')\ntypedef int CRYPTO_THREADID;\n            ^\n/usr/local/opt/openssl@3/include/openssl/crypto.h:308:3: note: previous definition is here\n} CRYPTO_THREADID;\n  ^\nIn file included from third_party/boringssl/crypto/asn1/a_gentm.c:63:\nIn file included from third_party/boringssl/include/openssl/mem.h:60:\nthird_party/boringssl/include/openssl/base.h:178:13: error: redefinition of typedef 'ASN1_BOOLEAN' is a C11 feature [-Werror,-Wtypedef-redefinition]\ntypedef int ASN1_BOOLEAN;\n            ^\n/usr/local/opt/openssl@3/include/openssl/types.h:61:13: note: previous definition is here\ntypedef int ASN1_BOOLEAN;\n            ^\nIn file included from third_party/boringssl/crypto/asn1/a_gentm.c:63:\nIn file included from third_party/boringssl/include/openssl/mem.h:60:\nthird_party/boringssl/include/openssl/base.h:179:13: error: redefinition of typedef 'ASN1_NULL' is a C11 feature [-Werror,-Wtypedef-redefinition]\ntypedef int ASN1_NULL;\n            ^\n/usr/local/opt/openssl@3/include/openssl/types.h:62:13: note: previous definition is here\ntypedef int ASN1_NULL;\n            ^\nIn file included from third_party/boringssl/crypto/asn1/a_gentm.c:63:\nIn file included from third_party/boringssl/include/openssl/mem.h:60:\nthird_party/boringssl/include/openssl/base.h:180:29: error: redefinition of typedef 'ASN1_ITEM' is a C11 feature [-Werror,-Wtypedef-redefinition]\ntypedef struct ASN1_ITEM_st ASN1_ITEM;\n                            ^\n/usr/local/opt/openssl@3/include/openssl/types.h:69:29: note: previous definition is here\ntypedef struct ASN1_ITEM_st ASN1_ITEM;\n                            ^\nIn file included from third_party/boringssl/crypto/asn1/a_gentm.c:63:\nIn file included from third_party/boringssl/include/openssl/mem.h:60:\nthird_party/boringssl/include/openssl/base.h:181:31: error: redefinition of typedef 'ASN1_OBJECT' is a C11 feature [-Werror,-Wtypedef-redefinition]\ntypedef struct asn1_object_st ASN1_OBJECT;\n                              ^\n/usr/local/opt/openssl@3/include/openssl/types.h:66:31: note: previous definition is here\ntypedef struct asn1_object_st ASN1_OBJECT;\n                              ^\nIn file included from third_party/boringssl/crypto/asn1/a_gentm.c:63:\nIn file included from third_party/boringssl/include/openssl/mem.h:60:\nthird_party/boringssl/include/openssl/base.h:182:29: error: redefinition of typedef 'ASN1_PCTX' is a C11 feature [-Werror,-Wtypedef-redefinition]\ntypedef struct asn1_pctx_st ASN1_PCTX;\n                            ^\n/usr/local/opt/openssl@3/include/openssl/types.h:70:29: note: previous definition is here\ntypedef struct asn1_pctx_st ASN1_PCTX;\n                            ^\nIn file included from third_party/boringssl/crypto/asn1/a_gentm.c:63:\nIn file included from third_party/boringssl/include/openssl/mem.h:60:\nthird_party/boringssl/include/openssl/base.h:183:31: error: redefinition of typedef 'ASN1_BIT_STRING' is a C11 feature [-Werror,-Wtypedef-redefinition]\ntypedef struct asn1_string_st ASN1_BIT_STRING;\n                              ^\n/usr/local/opt/openssl@3/include/openssl/types.h:47:31: note: previous definition is here\ntypedef struct asn1_string_st ASN1_BIT_STRING;\n                              ^\nIn file included from third_party/boringssl/crypto/asn1/a_gentm.c:63:\nIn file included from third_party/boringssl/include/openssl/mem.h:60:\nthird_party/boringssl/include/openssl/base.h:184:31: error: redefinition of typedef 'ASN1_BMPSTRING' is a C11 feature [-Werror,-Wtypedef-redefinition]\ntypedef struct asn1_string_st ASN1_BMPSTRING;\n                              ^\n/usr/local/opt/openssl@3/include/openssl/types.h:54:31: note: previous definition is here\ntypedef struct asn1_string_st ASN1_BMPSTRING;\n                              ^\nIn file included from third_party/boringssl/crypto/asn1/a_gentm.c:63:\nIn file included from third_party/boringssl/include/openssl/mem.h:60:\nthird_party/boringssl/include/openssl/base.h:185:31: error: redefinition of typedef 'ASN1_ENUMERATED' is a C11 feature [-Werror,-Wtypedef-redefinition]\nmake: *** [/Users/runner/actions-runner/_work/python.build/python.build/build_grpcio140310/grpcio-1.4.0/objs/opt/third_party/boringssl/crypto/asn1/a_int.o] Error 1\ntypedef struct asn1_string_st ASN1_ENUMERATED;\n                              ^\n/usr/local/opt/openssl@3/include/openssl/types.h:46:31: note: previous definition is here\ntypedef struct asn1_string_st ASN1_ENUMERATED;\n                              ^\nIn file included from third_party/boringssl/crypto/asn1/a_gentm.c:63:\nIn file included from third_party/boringssl/include/openssl/mem.h:60:\nthird_party/boringssl/include/openssl/base.h:186:31: error: redefinition of typedef 'ASN1_GENERALIZEDTIME' is a C11 feature [-Werror,-Wtypedef-redefinition]\ntypedef struct asn1_string_st ASN1_GENERALIZEDTIME;\n                              ^\n/usr/local/opt/openssl@3/include/openssl/types.h:57:31: note: previous definition is here\ntypedef struct asn1_string_st ASN1_GENERALIZEDTIME;\n                              ^\nIn file included from third_party/boringssl/crypto/asn1/a_gentm.c:63:\nIn file included from third_party/boringssl/include/openssl/mem.h:60:\nthird_party/boringssl/include/openssl/base.h:187:31: error: redefinition of typedef 'ASN1_GENERALSTRING' is a C11 feature [-Werror,-Wtypedef-redefinition]\ntypedef struct asn1_string_st ASN1_GENERALSTRING;\n                              ^\n/usr/local/opt/openssl@3/include/openssl/types.h:52:31: note: previous definition is here\ntypedef struct asn1_string_st ASN1_GENERALSTRING;\n                              ^\nIn file included from third_party/boringssl/crypto/asn1/a_gentm.c:63:\nIn file included from third_party/boringssl/include/openssl/mem.h:60:\n20third_party/boringssl/include/openssl/base.h error:188:31: error: redefinition of typedef 'ASN1_IA5STRING' is a C11 feature [-Werror,-Wtypedef-redefinition]\ns generated.\ntypedef struct asn1_string_st ASN1_IA5STRING;\n                              ^\n/usr/local/opt/openssl@3/include/openssl/types.h:51:31: note: previous definition is here\ntypedef struct asn1_string_st ASN1_IA5STRING;\n                              ^\nIn file included from third_party/boringssl/crypto/asn1/a_gentm.c:63:\nIn file included from third_party/boringssl/include/openssl/mem.h:60:\nthird_party/boringssl/include/openssl/base.h:189:31: error: redefinition of typedef 'ASN1_INTEGER' is a C11 feature [-Werror,-Wtypedef-redefinition]\ntypedef struct asn1_string_st ASN1_INTEGER;\n                              ^\n/usr/local/opt/openssl@3/include/openssl/types.h:45:31: note: previous definition is here\ntypedef struct asn1_string_st ASN1_INTEGER;\n                              ^\nIn file included from third_party/boringssl/crypto/asn1/a_gentm.c:63:\nIn file included from third_party/boringssl/include/openssl/mem.h:60:\nthird_party/boringssl/include/openssl/base.h:190:31: error: redefinition of typedef 'ASN1_OCTET_STRING' is a C11 feature [-Werror,-Wtypedef-redefinition]\ntypedef struct asn1_string_st ASN1_OCTET_STRING;\n                              ^\n/usr/local/opt/openssl@3/include/openssl/types.h:48:31: note: previous definition is here\ntypedef struct asn1_string_st ASN1_OCTET_STRING;\n                              ^\nIn file included from third_party/boringssl/crypto/asn1/a_gentm.c:63:\nIn file included from third_party/boringssl/include/openssl/mem.h:60:\nthird_party/boringssl/include/openssl/base.h:191:31: error: redefinition of typedef 'ASN1_PRINTABLESTRING' is a C11 feature [-Werror,-Wtypedef-redefinition]\ntypedef struct asn1_string_st ASN1_PRINTABLESTRING;\n                              ^\n/usr/local/opt/openssl@3/include/openssl/types.h:49:31: note: previous definition is here\ntypedef struct asn1_string_st ASN1_PRINTABLESTRING;\n                              ^\nIn file included from third_party/boringssl/crypto/asn1/a_gentm.c:63:\nIn file included from third_party/boringssl/include/openssl/mem.h:60:\nthird_party/boringssl/include/openssl/base.h:192:31: error: redefinition of typedef 'ASN1_STRING' is a C11 feature [-Werror,-Wtypedef-redefinition]\ntypedef struct asn1_string_st ASN1_STRING;\n                              ^\n/usr/local/opt/openssl@3/include/openssl/types.h:60:31: note: previous definition is here\ntypedef struct asn1_string_st ASN1_STRING;\n                              ^\nIn file included from third_party/boringssl/crypto/asn1/a_gentm.c:63:\nIn file included from third_party/boringssl/include/openssl/mem.h:60:\nthird_party/boringssl/include/openssl/base.h:193:31: error: redefinition of typedef 'ASN1_T61STRING' is a C11 feature [-Werror,-Wtypedef-redefinition]\ntypedef struct asn1_string_st ASN1_T61STRING;\n                              ^\n/usr/local/opt/openssl@3/include/openssl/types.h:50:31: note: previous definition is here\ntypedef struct asn1_string_st ASN1_T61STRING;\n                              ^\nfatal error: too many errors emitted, stopping now [-ferror-limit=]\nmake: *** [/Users/runner/actions-runner/_work/python.build/python.build/build_grpcio140310/grpcio-1.4.0/objs/opt/third_party/boringssl/crypto/asn1/a_octet.o] Error 1\n20 errors generated.\nmake: *** [/Users/runner/actions-runner/_work/python.build/python.build/build_grpcio140310/grpcio-1.4.0/objs/opt/third_party/boringssl/crypto/asn1/a_enum.o] Error 1\n20 errors generated.\nmake: *** [/Users/runner/actions-runner/_work/python.build/python.build/build_grpcio140310/grpcio-1.4.0/objs/opt/third_party/boringssl/crypto/asn1/a_object.o] Error 1\nmake: *** [/Users/runner/actions-runner/_work/python.build/python.build/build_grpcio140310/grpcio-1.4.0/objs/opt/third_party/boringssl/crypto/asn1/a_gentm.o] Error 1\nIn file included from third_party/boringssl/crypto/asn1/a_strnid.c:63:\nIn file included from third_party/boringssl/include/openssl/mem.h:60:\nthird_party/boringssl/include/openssl/base.h:120:9: error: 'OPENSSL_VERSION_NUMBER' macro redefined [-Werror,-Wmacro-redefined]\n#define OPENSSL_VERSION_NUMBER 0x10002000\n        ^\n/usr/local/opt/openssl@3/include/openssl/opensslv.h:99:10: note: previous definition is here\n# define OPENSSL_VERSION_NUMBER          \\\n         ^\nIn file included from third_party/boringssl/crypto/asn1/a_strnid.c:63:\nIn file included from third_party/boringssl/include/openssl/mem.h:60:\nthird_party/boringssl/include/openssl/base.h:155:9: error: 'OPENSSL_EXPORT' macro redefined [-Werror,-Wmacro-redefined]\n#define OPENSSL_EXPORT\n        ^\n/usr/local/opt/openssl@3/include/openssl/e_os2.h:183:11: note: previous definition is here\n#  define OPENSSL_EXPORT extern\n          ^\nIn file included from third_party/boringssl/crypto/asn1/a_strnid.c:63:\nIn file included from third_party/boringssl/include/openssl/mem.h:60:\nthird_party/boringssl/include/openssl/base.h:176:13: error: typedef redefinition with different types ('int' vs 'struct crypto_threadid_st')\ntypedef int CRYPTO_THREADID;\n            ^\n/usr/local/opt/openssl@3/include/openssl/crypto.h:308:3: note: previous definition is here\n} CRYPTO_THREADID;\n  ^\nIn file included from third_party/boringssl/crypto/asn1/a_strnid.c:63:\nIn file included from third_party/boringssl/include/openssl/mem.h:60:\nthird_party/boringssl/include/openssl/base.h:178:13: error: redefinition of typedef 'ASN1_BOOLEAN' is a C11 feature [-Werror,-Wtypedef-redefinition]\ntypedef int ASN1_BOOLEAN;\n            ^\n/usr/local/opt/openssl@3/include/openssl/types.h:61:13: note: previous definition is here\ntypedef int ASN1_BOOLEAN;\n            ^\nIn file included from third_party/boringssl/crypto/asn1/a_strnid.c:63:\nIn file included from third_party/boringssl/include/openssl/mem.h:60:\nthird_party/boringssl/include/openssl/base.h:179:13: error: redefinition of typedef 'ASN1_NULL' is a C11 feature [-Werror,-Wtypedef-redefinition]\ntypedef int ASN1_NULL;\n            ^\n/usr/local/opt/openssl@3/include/openssl/types.h:62:13: note: previous definition is here\ntypedef int ASN1_NULL;\n            ^\nIn file included from third_party/boringssl/crypto/asn1/a_strnid.c:63:\nIn file included from third_party/boringssl/include/openssl/mem.h:60:\nthird_party/boringssl/include/openssl/base.h:180:29: error: redefinition of typedef 'ASN1_ITEM' is a C11 feature [-Werror,-Wtypedef-redefinition]\ntypedef struct ASN1_ITEM_st ASN1_ITEM;\n                            ^\n/usr/local/opt/openssl@3/include/openssl/types.h:69:29: note: previous definition is here\ntypedef struct ASN1_ITEM_st ASN1_ITEM;\n                            ^\nIn file included from third_party/boringssl/crypto/asn1/a_strnid.c:63:\nIn file included from third_party/boringssl/include/openssl/mem.h:60:\nthird_party/boringssl/include/openssl/base.h:181:31: error: redefinition of typedef 'ASN1_OBJECT' is a C11 feature [-Werror,-Wtypedef-redefinition]\ntypedef struct asn1_object_st ASN1_OBJECT;\n                              ^\n/usr/local/opt/openssl@3/include/openssl/types.h:66:31: note: previous definition is here\ntypedef struct asn1_object_st ASN1_OBJECT;\n                              ^\nIn file included from third_party/boringssl/crypto/asn1/a_strnid.c:63:\nIn file included from third_party/boringssl/include/openssl/mem.h:60:\nthird_party/boringssl/include/openssl/base.h:182:29: error: redefinition of typedef 'ASN1_PCTX' is a C11 feature [-Werror,-Wtypedef-redefinition]\ntypedef struct asn1_pctx_st ASN1_PCTX;\n                            ^\n/usr/local/opt/openssl@3/include/openssl/types.h:70:29: note: previous definition is here\ntypedef struct asn1_pctx_st ASN1_PCTX;\n                            ^\nIn file included from third_party/boringssl/crypto/asn1/a_strnid.c:63:\nIn file included from third_party/boringssl/include/openssl/mem.h:60:\nthird_party/boringssl/include/openssl/base.h:183:31: error: redefinition of typedef 'ASN1_BIT_STRING' is a C11 feature [-Werror,-Wtypedef-redefinition]\ntypedef struct asn1_string_st ASN1_BIT_STRING;\n                              ^\n/usr/local/opt/openssl@3/include/openssl/types.h:47:31: note: previous definition is here\ntypedef struct asn1_string_st ASN1_BIT_STRING;\n                              ^\nIn file included from third_party/boringssl/crypto/asn1/a_strnid.c:63:\nIn file included from third_party/boringssl/include/openssl/mem.h:60:\nthird_party/boringssl/include/openssl/base.h:184:31: error: redefinition of typedef 'ASN1_BMPSTRING' is a C11 feature [-Werror,-Wtypedef-redefinition]\ntypedef struct asn1_string_st ASN1_BMPSTRING;\n                              ^\n/usr/local/opt/openssl@3/include/openssl/types.h:54:31: note: previous definition is here\ntypedef struct asn1_string_st ASN1_BMPSTRING;\n                              ^\nIn file included from third_party/boringssl/crypto/asn1/a_strnid.c:63:\nIn file included from third_party/boringssl/include/openssl/mem.h:60:\nthird_party/boringssl/include/openssl/base.h:185:31: error: redefinition of typedef 'ASN1_ENUMERATED' is a C11 feature [-Werror,-Wtypedef-redefinition]\ntypedef struct asn1_string_st ASN1_ENUMERATED;\n                              ^\n/usr/local/opt/openssl@3/include/openssl/types.h:46:31: note: previous definition is here\ntypedef struct asn1_string_st ASN1_ENUMERATED;\n                              ^\nIn file included from third_party/boringssl/crypto/asn1/a_strnid.c:63:\nIn file included from third_party/boringssl/include/openssl/mem.h:60:\nthird_party/boringssl/include/openssl/base.h:186:31: error: redefinition of typedef 'ASN1_GENERALIZEDTIME' is a C11 feature [-Werror,-Wtypedef-redefinition]\ntypedef struct asn1_string_st ASN1_GENERALIZEDTIME;\n                              ^\n/usr/local/opt/openssl@3/include/openssl/types.h:57:31: note: previous definition is here\ntypedef struct asn1_string_st ASN1_GENERALIZEDTIME;\n                              ^\nIn file included from third_party/boringssl/crypto/asn1/a_strnid.c:63:\nIn file included from third_party/boringssl/include/openssl/mem.h:60:\nthird_party/boringssl/include/openssl/base.h:187:31: error: redefinition of typedef 'ASN1_GENERALSTRING' is a C11 feature [-Werror,-Wtypedef-redefinition]\ntypedef struct asn1_string_st ASN1_GENERALSTRING;\n                              ^\n/usr/local/opt/openssl@3/include/openssl/types.h:52:31: note: previous definition is here\ntypedef struct asn1_string_st ASN1_GENERALSTRING;\n                              ^\nIn file included from third_party/boringssl/crypto/asn1/a_strnid.c:63:\nIn file included from third_party/boringssl/include/openssl/mem.h:60:\nthird_party/boringssl/include/openssl/base.h:188:31: error: redefinition of typedef 'ASN1_IA5STRING' is a C11 feature [-Werror,-Wtypedef-redefinition]\ntypedef struct asn1_string_st ASN1_IA5STRING;\n                              ^\n/usr/local/opt/openssl@3/include/openssl/types.h:51:31: note: previous definition is here\ntypedef struct asn1_string_st ASN1_IA5STRING;\n                              ^\nIn file included from third_party/boringssl/crypto/asn1/a_strnid.c:63:\nIn file included from third_party/boringssl/include/openssl/mem.h:60:\nthird_party/boringssl/include/openssl/base.h:189:31: error: redefinition of typedef 'ASN1_INTEGER' is a C11 feature [-Werror,-Wtypedef-redefinition]\ntypedef struct asn1_string_st ASN1_INTEGER;\n                              ^\n/usr/local/opt/openssl@3/include/openssl/types.h:45:31: note: previous definition is here\ntypedef struct asn1_string_st ASN1_INTEGER;\n                              ^\nIn file included from third_party/boringssl/crypto/asn1/a_strnid.c:63:\nIn file included from third_party/boringssl/include/openssl/mem.h:60:\nthird_party/boringssl/include/openssl/base.h:190:31: error: redefinition of typedef 'ASN1_OCTET_STRING' is a C11 feature [-Werror,-Wtypedef-redefinition]\ntypedef struct asn1_string_st ASN1_OCTET_STRING;\n                              ^\n/usr/local/opt/openssl@3/include/openssl/types.h:48:31: note: previous definition is here\ntypedef struct asn1_string_st ASN1_OCTET_STRING;\n                              ^\nIn file included from third_party/boringssl/crypto/asn1/a_strnid.c:63:\nIn file included from third_party/boringssl/include/openssl/mem.h:60:\nthird_party/boringssl/include/openssl/base.h:191:31: error: redefinition of typedef 'ASN1_PRINTABLESTRING' is a C11 feature [-Werror,-Wtypedef-redefinition]\ntypedef struct asn1_string_st ASN1_PRINTABLESTRING;\n                              ^\n/usr/local/opt/openssl@3/include/openssl/types.h:49:31: note: previous definition is here\ntypedef struct asn1_string_st ASN1_PRINTABLESTRING;\n                              ^\nIn file included from third_party/boringssl/crypto/asn1/a_strnid.c:63:\nIn file included from third_party/boringssl/include/openssl/mem.h:60:\nthird_party/boringssl/include/openssl/base.h:192:31: error: redefinition of typedef 'ASN1_STRING' is a C11 feature [-Werror,-Wtypedef-redefinition]\ntypedef struct asn1_string_st ASN1_STRING;\n                              ^\n/usr/local/opt/openssl@3/include/openssl/types.h:60:31: note: previous definition is here\ntypedef struct asn1_string_st ASN1_STRING;\n                              ^\nIn file included from third_party/boringssl/crypto/asn1/a_strnid.c:63:\nIn file included from third_party/boringssl/include/openssl/mem.h:60:\nthird_party/boringssl/include/openssl/base.h:193:31: error: redefinition of typedef 'ASN1_T61STRING' is a C11 feature [-Werror,-Wtypedef-redefinition]\ntypedef struct asn1_string_st ASN1_T61STRING;\n                              ^\n/usr/local/opt/openssl@3/include/openssl/types.h:50:31: note: previous definition is here\ntypedef struct asn1_string_st ASN1_T61STRING;\n                              ^\nfatal error: too many errors emitted, stopping now [-ferror-limit=]\n20 errors generated.\nmake: *** [/Users/runner/actions-runner/_work/python.build/python.build/build_grpcio140310/grpcio-1.4.0/objs/opt/third_party/boringssl/crypto/asn1/a_strnid.o] Error 1\nIn file included from third_party/boringssl/crypto/asn1/a_time.c:63:\nIn file included from third_party/boringssl/include/openssl/buf.h:60:\nthird_party/boringssl/include/openssl/base.h:120:9: error: 'OPENSSL_VERSION_NUMBER' macro redefined [-Werror,-Wmacro-redefined]\n#define OPENSSL_VERSION_NUMBER 0x10002000\n        ^\n/usr/local/opt/openssl@3/include/openssl/opensslv.h:99:10: note: previous definition is here\n# define OPENSSL_VERSION_NUMBER          \\\n         ^\nIn file included from third_party/boringssl/crypto/asn1/a_time.c:63:\nIn file included from third_party/boringssl/include/openssl/buf.h:60:\nthird_party/boringssl/include/openssl/base.h:155:9: error: 'OPENSSL_EXPORT' macro redefined [-Werror,-Wmacro-redefined]\n#define OPENSSL_EXPORT\n        ^\n/usr/local/opt/openssl@3/include/openssl/e_os2.h:183:11: note: previous definition is here\n#  define OPENSSL_EXPORT extern\n          ^\nIn file included from third_party/boringssl/crypto/asn1/a_time.c:63:\nIn file included from third_party/boringssl/include/openssl/buf.h:60:\nthird_party/boringssl/include/openssl/base.h:176:13: error: typedef redefinition with different types ('int' vs 'struct crypto_threadid_st')\ntypedef int CRYPTO_THREADID;\n            ^\n/usr/local/opt/openssl@3/include/openssl/crypto.h:308:3: note: previous definition is here\n} CRYPTO_THREADID;\n  ^\nIn file included from third_party/boringssl/crypto/asn1/a_time.c:63:\nIn file included from third_party/boringssl/include/openssl/buf.h:60:\nthird_party/boringssl/include/openssl/base.h:178:13: error: redefinition of typedef 'ASN1_BOOLEAN' is a C11 feature [-Werror,-Wtypedef-redefinition]\ntypedef int ASN1_BOOLEAN;\n            ^\n/usr/local/opt/openssl@3/include/openssl/types.h:61:13: note: previous definition is here\ntypedef int ASN1_BOOLEAN;\n            ^\nIn file included from third_party/boringssl/crypto/asn1/a_time.c:63:\nIn file included from third_party/boringssl/include/openssl/buf.h:60:\nthird_party/boringssl/include/openssl/base.h:179:13: error: redefinition of typedef 'ASN1_NULL' is a C11 feature [-Werror,-Wtypedef-redefinition]\ntypedef int ASN1_NULL;\n            ^\n/usr/local/opt/openssl@3/include/openssl/types.h:62:13: note: previous definition is here\ntypedef int ASN1_NULL;\n            ^\nIn file included from third_party/boringssl/crypto/asn1/a_time.c:63:\nIn file included from third_party/boringssl/include/openssl/buf.h:60:\nthird_party/boringssl/include/openssl/base.h:180:29: error: redefinition of typedef 'ASN1_ITEM' is a C11 feature [-Werror,-Wtypedef-redefinition]\ntypedef struct ASN1_ITEM_st ASN1_ITEM;\n                            ^\n/usr/local/opt/openssl@3/include/openssl/types.h:69:29: note: previous definition is here\ntypedef struct ASN1_ITEM_st ASN1_ITEM;\n                            ^\nIn file included from third_party/boringssl/crypto/asn1/a_time.c:63:\nIn file included from third_party/boringssl/include/openssl/buf.h:60:\nthird_party/boringssl/include/openssl/base.h:181:31: error: redefinition of typedef 'ASN1_OBJECT' is a C11 feature [-Werror,-Wtypedef-redefinition]\ntypedef struct asn1_object_st ASN1_OBJECT;\n                              ^\n/usr/local/opt/openssl@3/include/openssl/types.h:66:31: note: previous definition is here\ntypedef struct asn1_object_st ASN1_OBJECT;\n                              ^\nIn file included from third_party/boringssl/crypto/asn1/a_time.c:63:\nIn file included from third_party/boringssl/include/openssl/buf.h:60:\nthird_party/boringssl/include/openssl/base.h:182:29: error: redefinition of typedef 'ASN1_PCTX' is a C11 feature [-Werror,-Wtypedef-redefinition]\ntypedef struct asn1_pctx_st ASN1_PCTX;\n                            ^\n/usr/local/opt/openssl@3/include/openssl/types.h:70:29: note: previous definition is here\ntypedef struct asn1_pctx_st ASN1_PCTX;\n                            ^\nIn file included from third_party/boringssl/crypto/asn1/a_time.c:63:\nIn file included from third_party/boringssl/include/openssl/buf.h:60:\nthird_party/boringssl/include/openssl/base.h:183:31: error: redefinition of typedef 'ASN1_BIT_STRING' is a C11 feature [-Werror,-Wtypedef-redefinition]\ntypedef struct asn1_string_st ASN1_BIT_STRING;\n                              ^\n/usr/local/opt/openssl@3/include/openssl/types.h:47:31: note: previous definition is here\ntypedef struct asn1_string_st ASN1_BIT_STRING;\n                              ^\nIn file included from third_party/boringssl/crypto/asn1/a_time.c:63:\nIn file included from third_party/boringssl/include/openssl/buf.h:60:\nthird_party/boringssl/include/openssl/base.h:184:31: error: redefinition of typedef 'ASN1_BMPSTRING' is a C11 feature [-Werror,-Wtypedef-redefinition]\ntypedef struct asn1_string_st ASN1_BMPSTRING;\n                              ^\n/usr/local/opt/openssl@3/include/openssl/types.h:54:31: note: previous definition is here\ntypedef struct asn1_string_st ASN1_BMPSTRING;\n                              ^\nIn file included from third_party/boringssl/crypto/asn1/a_time.c:63:\nIn file included from third_party/boringssl/include/openssl/buf.h:60:\nthird_party/boringssl/include/openssl/base.h:185:31: error: redefinition of typedef 'ASN1_ENUMERATED' is a C11 feature [-Werror,-Wtypedef-redefinition]\ntypedef struct asn1_string_st ASN1_ENUMERATED;\n                              ^\n/usr/local/opt/openssl@3/include/openssl/types.h:46:31: note: previous definition is here\ntypedef struct asn1_string_st ASN1_ENUMERATED;\n                              ^\nIn file included from third_party/boringssl/crypto/asn1/a_time.c:63:\nIn file included from third_party/boringssl/include/openssl/buf.h:60:\nthird_party/boringssl/include/openssl/base.h:186:31: error: redefinition of typedef 'ASN1_GENERALIZEDTIME' is a C11 feature [-Werror,-Wtypedef-redefinition]\ntypedef struct asn1_string_st ASN1_GENERALIZEDTIME;\n                              ^\n/usr/local/opt/openssl@3/include/openssl/types.h:57:31: note: previous definition is here\ntypedef struct asn1_string_st ASN1_GENERALIZEDTIME;\n                              ^\nIn file included from third_party/boringssl/crypto/asn1/a_time.c:63:\nIn file included from third_party/boringssl/include/openssl/buf.h:60:\nthird_party/boringssl/include/openssl/base.h:187:31: error: redefinition of typedef 'ASN1_GENERALSTRING' is a C11 feature [-Werror,-Wtypedef-redefinition]\ntypedef struct asn1_string_st ASN1_GENERALSTRING;\n                              ^\n/usr/local/opt/openssl@3/include/openssl/types.h:52:31: note: previous definition is here\ntypedef struct asn1_string_st ASN1_GENERALSTRING;\n                              ^\nIn file included from third_party/boringssl/crypto/asn1/a_time.c:63:\nIn file included from third_party/boringssl/include/openssl/buf.h:60:\nthird_party/boringssl/include/openssl/base.h:188:31: error: redefinition of typedef 'ASN1_IA5STRING' is a C11 feature [-Werror,-Wtypedef-redefinition]\ntypedef struct asn1_string_st ASN1_IA5STRING;\n                              ^\n/usr/local/opt/openssl@3/include/openssl/types.h:51:31: note: previous definition is here\ntypedef struct asn1_string_st ASN1_IA5STRING;\n                              ^\nIn file included from third_party/boringssl/crypto/asn1/a_time.c:63:\nIn file included from third_party/boringssl/include/openssl/buf.h:60:\nthird_party/boringssl/include/openssl/base.h:189:31: error: redefinition of typedef 'ASN1_INTEGER' is a C11 feature [-Werror,-Wtypedef-redefinition]\ntypedef struct asn1_string_st ASN1_INTEGER;\n                              ^\n/usr/local/opt/openssl@3/include/openssl/types.h:45:31: note: previous definition is here\ntypedef struct asn1_string_st ASN1_INTEGER;\n                              ^\nIn file included from third_party/boringssl/crypto/asn1/a_time.c:63:\nIn file included from third_party/boringssl/include/openssl/buf.h:60:\nthird_party/boringssl/include/openssl/base.h:190:31: error: redefinition of typedef 'ASN1_OCTET_STRING' is a C11 feature [-Werror,-Wtypedef-redefinition]\ntypedef struct asn1_string_st ASN1_OCTET_STRING;\n                              ^\n/usr/local/opt/openssl@3/include/openssl/types.h:48:31: note: previous definition is here\ntypedef struct asn1_string_st ASN1_OCTET_STRING;\n                              ^\nIn file included from third_party/boringssl/crypto/asn1/a_time.c:63:\nIn file included from third_party/boringssl/include/openssl/buf.h:60:\nthird_party/boringssl/include/openssl/base.h:191:31: error: redefinition of typedef 'ASN1_PRINTABLESTRING' is a C11 feature [-Werror,-Wtypedef-redefinition]\ntypedef struct asn1_string_st ASN1_PRINTABLESTRING;\n                              ^\n/usr/local/opt/openssl@3/include/openssl/types.h:49:31: note: previous definition is here\ntypedef struct asn1_string_st ASN1_PRINTABLESTRING;\n                              ^\nIn file included from third_party/boringssl/crypto/asn1/a_time.c:63:\nIn file included from third_party/boringssl/include/openssl/buf.h:60:\nthird_party/boringssl/include/openssl/base.h:192:31: error: redefinition of typedef 'ASN1_STRING' is a C11 feature [-Werror,-Wtypedef-redefinition]\ntypedef struct asn1_string_st ASN1_STRING;\n                              ^\n/usr/local/opt/openssl@3/include/openssl/types.h:60:31: note: previous definition is here\ntypedef struct asn1_string_st ASN1_STRING;\n                              ^\nIn file included from third_party/boringssl/crypto/asn1/a_time.c:63:\nIn file included from third_party/boringssl/include/openssl/buf.h:60:\nthird_party/boringssl/include/openssl/base.h:193:31: error: redefinition of typedef 'ASN1_T61STRING' is a C11 feature [-Werror,-Wtypedef-redefinition]\ntypedef struct asn1_string_st ASN1_T61STRING;\n                              ^\n/usr/local/opt/openssl@3/include/openssl/types.h:50:31: note: previous definition is here\ntypedef struct asn1_string_st ASN1_T61STRING;\n                              ^\nfatal error: too many errors emitted, stopping now [-ferror-limit=]\n20 errors generated.\nmake: *** [/Users/runner/actions-runner/_work/python.build/python.build/build_grpcio140310/grpcio-1.4.0/objs/opt/third_party/boringssl/crypto/asn1/a_time.o] Error 1\n"
2022-12-27T03:23:44.1286910Z   Traceback (most recent call last):
2022-12-27T03:23:44.1297140Z     File "<string>", line 2, in <module>
2022-12-27T03:23:44.1297910Z     File "<pip-setuptools-caller>", line 34, in <module>
2022-12-27T03:23:44.1298590Z     File "/Users/runner/actions-runner/_work/python.build/python.build/build_grpcio140310/grpcio-1.4.0/setup.py", line 293, in <module>
2022-12-27T03:23:44.1299020Z       setuptools.setup(
2022-12-27T03:23:44.1299810Z     File "/private/var/folders/51/hd414ycd67n82196sw51xqtc0000gn/T/cibw-run-6xrbonl6/cp310-macosx_arm64/build/venv/lib/python3.10/site-packages/setuptools/__init__.py", line 87, in setup
2022-12-27T03:23:44.1300400Z       return distutils.core.setup(**attrs)
2022-12-27T03:23:44.1301250Z     File "/private/var/folders/51/hd414ycd67n82196sw51xqtc0000gn/T/cibw-run-6xrbonl6/cp310-macosx_arm64/build/venv/lib/python3.10/site-packages/setuptools/_distutils/core.py", line 185, in setup
2022-12-27T03:23:44.1301740Z       return run_commands(dist)
2022-12-27T03:23:44.1302460Z     File "/private/var/folders/51/hd414ycd67n82196sw51xqtc0000gn/T/cibw-run-6xrbonl6/cp310-macosx_arm64/build/venv/lib/python3.10/site-packages/setuptools/_distutils/core.py", line 201, in run_commands
2022-12-27T03:23:44.1302960Z       dist.run_commands()
2022-12-27T03:23:44.1303750Z     File "/private/var/folders/51/hd414ycd67n82196sw51xqtc0000gn/T/cibw-run-6xrbonl6/cp310-macosx_arm64/build/venv/lib/python3.10/site-packages/setuptools/_distutils/dist.py", line 969, in run_commands
2022-12-27T03:23:44.1304440Z       self.run_command(cmd)
2022-12-27T03:23:44.1305150Z     File "/private/var/folders/51/hd414ycd67n82196sw51xqtc0000gn/T/cibw-run-6xrbonl6/cp310-macosx_arm64/build/venv/lib/python3.10/site-packages/setuptools/dist.py", line 1208, in run_command
2022-12-27T03:23:44.1305640Z       super().run_command(command)
2022-12-27T03:23:44.1306450Z     File "/private/var/folders/51/hd414ycd67n82196sw51xqtc0000gn/T/cibw-run-6xrbonl6/cp310-macosx_arm64/build/venv/lib/python3.10/site-packages/setuptools/_distutils/dist.py", line 988, in run_command
2022-12-27T03:23:44.1306920Z       cmd_obj.run()
2022-12-27T03:23:44.1307570Z     File "/private/var/folders/51/hd414ycd67n82196sw51xqtc0000gn/T/cibw-run-6xrbonl6/cp310-macosx_arm64/build/venv/lib/python3.10/site-packages/wheel/bdist_wheel.py", line 325, in run
2022-12-27T03:23:44.1308050Z       self.run_command("build")
2022-12-27T03:23:44.1308760Z     File "/private/var/folders/51/hd414ycd67n82196sw51xqtc0000gn/T/cibw-run-6xrbonl6/cp310-macosx_arm64/build/venv/lib/python3.10/site-packages/setuptools/_distutils/cmd.py", line 318, in run_command
2022-12-27T03:23:44.1309240Z       self.distribution.run_command(command)
2022-12-27T03:23:44.1309920Z     File "/private/var/folders/51/hd414ycd67n82196sw51xqtc0000gn/T/cibw-run-6xrbonl6/cp310-macosx_arm64/build/venv/lib/python3.10/site-packages/setuptools/dist.py", line 1208, in run_command
2022-12-27T03:23:44.1310350Z       super().run_command(command)
2022-12-27T03:23:44.1311060Z     File "/private/var/folders/51/hd414ycd67n82196sw51xqtc0000gn/T/cibw-run-6xrbonl6/cp310-macosx_arm64/build/venv/lib/python3.10/site-packages/setuptools/_distutils/dist.py", line 988, in run_command
2022-12-27T03:23:44.1311540Z       cmd_obj.run()
2022-12-27T03:23:44.1312330Z     File "/private/var/folders/51/hd414ycd67n82196sw51xqtc0000gn/T/cibw-run-6xrbonl6/cp310-macosx_arm64/build/venv/lib/python3.10/site-packages/setuptools/_distutils/command/build.py", line 132, in run
2022-12-27T03:23:44.1312840Z       self.run_command(cmd_name)
2022-12-27T03:23:44.1313750Z     File "/private/var/folders/51/hd414ycd67n82196sw51xqtc0000gn/T/cibw-run-6xrbonl6/cp310-macosx_arm64/build/venv/lib/python3.10/site-packages/setuptools/_distutils/cmd.py", line 318, in run_command
2022-12-27T03:23:44.1314320Z       self.distribution.run_command(command)
2022-12-27T03:23:44.1315050Z     File "/private/var/folders/51/hd414ycd67n82196sw51xqtc0000gn/T/cibw-run-6xrbonl6/cp310-macosx_arm64/build/venv/lib/python3.10/site-packages/setuptools/dist.py", line 1208, in run_command
2022-12-27T03:23:44.1315550Z       super().run_command(command)
2022-12-27T03:23:44.1316250Z     File "/private/var/folders/51/hd414ycd67n82196sw51xqtc0000gn/T/cibw-run-6xrbonl6/cp310-macosx_arm64/build/venv/lib/python3.10/site-packages/setuptools/_distutils/dist.py", line 988, in run_command
2022-12-27T03:23:44.1316690Z       cmd_obj.run()
2022-12-27T03:23:44.1317300Z     File "/private/var/folders/51/hd414ycd67n82196sw51xqtc0000gn/T/cibw-run-6xrbonl6/cp310-macosx_arm64/build/venv/lib/python3.10/site-packages/setuptools/command/build_ext.py", line 84, in run
2022-12-27T03:23:44.1317820Z       _build_ext.run(self)
2022-12-27T03:23:44.1318500Z     File "/private/var/folders/51/hd414ycd67n82196sw51xqtc0000gn/T/cibw-run-6xrbonl6/cp310-macosx_arm64/build/venv/lib/python3.10/site-packages/Cython/Distutils/old_build_ext.py", line 186, in run
2022-12-27T03:23:44.1319000Z       _build_ext.build_ext.run(self)
2022-12-27T03:23:44.1319710Z     File "/private/var/folders/51/hd414ycd67n82196sw51xqtc0000gn/T/cibw-run-6xrbonl6/cp310-macosx_arm64/build/venv/lib/python3.10/site-packages/setuptools/_distutils/command/build_ext.py", line 346, in run
2022-12-27T03:23:44.1320240Z       self.build_extensions()
2022-12-27T03:23:44.1320990Z     File "/Users/runner/actions-runner/_work/python.build/python.build/build_grpcio140310/grpcio-1.4.0/src/python/grpcio/commands.py", line 291, in build_extensions
2022-12-27T03:23:44.1321500Z       raise Exception("make command failed!")
2022-12-27T03:23:44.1322150Z   Exception: make command failed!
2022-12-27T03:23:44.1631660Z   error: subprocess-exited-with-error
2022-12-27T03:23:44.1632530Z   
2022-12-27T03:23:44.1633510Z   × python setup.py bdist_wheel did not run successfully.
2022-12-27T03:23:44.1634160Z   │ exit code: 1
2022-12-27T03:23:44.1634480Z   ╰─> See above for output.
2022-12-27T03:23:44.1634790Z   
2022-12-27T03:23:44.1635170Z   note: This error originates from a subprocess, and is likely not a problem with pip.
2022-12-27T03:23:44.1648110Z   full command: /private/var/folders/51/hd414ycd67n82196sw51xqtc0000gn/T/cibw-run-6xrbonl6/cp310-macosx_arm64/build/venv/bin/python -u -c '
2022-12-27T03:23:44.1648700Z   exec(compile('"'"''"'"''"'"'
2022-12-27T03:23:44.1649190Z   # This is <pip-setuptools-caller> -- a caller that pip uses to run setup.py
2022-12-27T03:23:44.1649510Z   #
2022-12-27T03:23:44.1650040Z   # - It imports setuptools before invoking setup.py, to enable projects that directly
2022-12-27T03:23:44.1650590Z   #   import from `distutils.core` to work with newer packaging standards.
2022-12-27T03:23:44.1651200Z   # - It provides a clear error message when setuptools is not installed.
2022-12-27T03:23:44.1651760Z   # - It sets `sys.argv[0]` to the underlying `setup.py`, when invoking `setup.py` so
2022-12-27T03:23:44.1652400Z   #   setuptools doesn'"'"'t think the script is `-c`. This avoids the following warning:
2022-12-27T03:23:44.1652960Z   #     manifest_maker: standard file '"'"'-c'"'"' not found".
2022-12-27T03:23:44.1653590Z   # - It generates a shim setup.py, for handling setup.cfg-only projects.
2022-12-27T03:23:44.1653900Z   import os, sys, tokenize
2022-12-27T03:23:44.1654210Z   
2022-12-27T03:23:44.1654420Z   try:
2022-12-27T03:23:44.1655850Z       import setuptools
2022-12-27T03:23:44.1656060Z   except ImportError as error:
2022-12-27T03:23:44.1656310Z       print(
2022-12-27T03:23:44.1656750Z           "ERROR: Can not execute `setup.py` since setuptools is not available in "
2022-12-27T03:23:44.1657070Z           "the build environment.",
2022-12-27T03:23:44.1657450Z           file=sys.stderr,
2022-12-27T03:23:44.1657780Z       )
2022-12-27T03:23:44.1658000Z       sys.exit(1)
2022-12-27T03:23:44.1658660Z   
2022-12-27T03:23:44.1658970Z   __file__ = %r
2022-12-27T03:23:44.1659220Z   sys.argv[0] = __file__
2022-12-27T03:23:44.1659530Z   
2022-12-27T03:23:44.1659770Z   if os.path.exists(__file__):
2022-12-27T03:23:44.1660060Z       filename = __file__
2022-12-27T03:23:44.1660500Z       with tokenize.open(__file__) as f:
2022-12-27T03:23:44.1660920Z           setup_py_code = f.read()
2022-12-27T03:23:44.1661190Z   else:
2022-12-27T03:23:44.1661650Z       filename = "<auto-generated setuptools caller>"
2022-12-27T03:23:44.1662080Z       setup_py_code = "from setuptools import setup; setup()"
2022-12-27T03:23:44.1662460Z   
2022-12-27T03:23:44.1662730Z   exec(compile(setup_py_code, filename, "exec"))
2022-12-27T03:23:44.1663810Z   '"'"''"'"''"'"' % ('"'"'/Users/runner/actions-runner/_work/python.build/python.build/build_grpcio140310/grpcio-1.4.0/setup.py'"'"',), "<pip-setuptools-caller>", "exec"))' bdist_wheel -d /private/var/folders/51/hd414ycd67n82196sw51xqtc0000gn/T/pip-wheel-z3gd6z0a
2022-12-27T03:23:44.1664650Z   cwd: /Users/runner/actions-runner/_work/python.build/python.build/build_grpcio140310/grpcio-1.4.0/
2022-12-27T03:23:44.1665110Z   ERROR: Failed building wheel for grpcio
2022-12-27T03:23:44.1665610Z   Building wheel for grpcio (setup.py): finished with status 'error'
2022-12-27T03:23:44.1665990Z   Running command python setup.py clean
2022-12-27T03:23:44.1666280Z   Running setup.py clean for grpcio
2022-12-27T03:23:44.8377390Z   running clean
2022-12-27T03:23:44.8398500Z   removing 'python_build/lib.macosx-11.0-arm64-cpython-310' (and everything under it)
2022-12-27T03:23:44.8467970Z   'python_build/bdist.macosx-11.0-arm64' does not exist -- can't clean it
2022-12-27T03:23:44.8469300Z   'python_build/scripts-3.10' does not exist -- can't clean it
2022-12-27T03:23:44.8471560Z   removing 'python_build'
2022-12-27T03:23:44.9269480Z Failed to build grpcio
2022-12-27T03:23:44.9276500Z ERROR: Failed to build one or more wheels
2022-12-27T03:23:44.9292920Z Exception information:
2022-12-27T03:23:44.9293980Z Traceback (most recent call last):
2022-12-27T03:23:44.9295320Z   File "/private/var/folders/51/hd414ycd67n82196sw51xqtc0000gn/T/cibw-run-6xrbonl6/cp310-macosx_arm64/build/venv/lib/python3.10/site-packages/pip/_internal/cli/base_command.py", line 160, in exc_logging_wrapper
2022-12-27T03:23:44.9296100Z     status = run_func(*args)
2022-12-27T03:23:44.9297050Z   File "/private/var/folders/51/hd414ycd67n82196sw51xqtc0000gn/T/cibw-run-6xrbonl6/cp310-macosx_arm64/build/venv/lib/python3.10/site-packages/pip/_internal/cli/req_command.py", line 247, in wrapper
2022-12-27T03:23:44.9297630Z     return func(self, options, args)
2022-12-27T03:23:44.9299350Z   File "/private/var/folders/51/hd414ycd67n82196sw51xqtc0000gn/T/cibw-run-6xrbonl6/cp310-macosx_arm64/build/venv/lib/python3.10/site-packages/pip/_internal/commands/wheel.py", line 201, in run
2022-12-27T03:23:44.9300590Z     raise CommandError("Failed to build one or more wheels")
2022-12-27T03:23:44.9301460Z pip._internal.exceptions.CommandError: Failed to build one or more wheels
2022-12-27T03:23:44.9302650Z Removed build tracker: '/private/var/folders/51/hd414ycd67n82196sw51xqtc0000gn/T/pip-build-tracker-a6ffanbu'
2022-12-27T03:23:45.0289420Z ##[endgroup]
2022-12-27T03:23:45.0327450Z ##[error]Command ['python', '-m', 'pip', 'wheel', '/Users/runner/actions-runner/_work/python.build/python.build/build_grpcio140310/grpcio-1.4.0', '--wheel-dir=/private/var/folders/51/hd414ycd67n82196sw51xqtc0000gn/T/cibw-run-6xrbonl6/cp310-macosx_arm64/built_wheel', '--no-deps', '-vvv'] failed with code 1. None
2022-12-27T03:23:45.0337140Z 
2022-12-27T03:23:45.0337730Z                                                              [31m✕ [0m10.88s
2022-12-27T03:23:45.1435990Z ##[error]Process completed with exit code 1.
2022-12-27T03:23:45.1493540Z ##[group]Run rm -rf build_grpcio140310 wheelsout
2022-12-27T03:23:45.1493850Z [36;1mrm -rf build_grpcio140310 wheelsout[0m
2022-12-27T03:23:45.1520070Z shell: /bin/bash -e {0}
2022-12-27T03:23:45.1520240Z env:
2022-12-27T03:23:45.1520530Z   pythonLocation: /Users/runner/hostedtoolcache/Python/3.10.9/x64
2022-12-27T03:23:45.1520820Z   PKG_CONFIG_PATH: /Users/runner/hostedtoolcache/Python/3.10.9/x64/lib/pkgconfig
2022-12-27T03:23:45.1521120Z   Python_ROOT_DIR: /Users/runner/hostedtoolcache/Python/3.10.9/x64
2022-12-27T03:23:45.1521400Z   Python2_ROOT_DIR: /Users/runner/hostedtoolcache/Python/3.10.9/x64
2022-12-27T03:23:45.1521670Z   Python3_ROOT_DIR: /Users/runner/hostedtoolcache/Python/3.10.9/x64
2022-12-27T03:23:45.1521890Z ##[endgroup]
2022-12-27T03:23:45.6202160Z Cleaning up orphan processes
