2022-12-27T08:49:20.3323002Z Requested labels: self-hosted, macOS, X64
2022-12-27T08:49:20.3323158Z Job defined at: kilnbuild/python.build/.github/workflows/mac_arm_build.yml@refs/heads/main
2022-12-27T08:49:20.3323194Z Waiting for a runner to pick up this job...
2022-12-27T11:15:36.4780565Z Job is about to start running on the runner: k1 (organization)
2022-12-27T11:15:40.0132530Z Current runner version: '2.300.2'
2022-12-27T11:15:40.0137250Z Runner name: 'k1'
2022-12-27T11:15:40.0137500Z Runner group name: 'Default'
2022-12-27T11:15:40.0137920Z Machine name: 'k1'
2022-12-27T11:15:40.0139390Z ##[group]GITHUB_TOKEN Permissions
2022-12-27T11:15:40.0139800Z Actions: write
2022-12-27T11:15:40.0139930Z Checks: write
2022-12-27T11:15:40.0140070Z Contents: write
2022-12-27T11:15:40.0140200Z Deployments: write
2022-12-27T11:15:40.0140340Z Discussions: write
2022-12-27T11:15:40.0140480Z Issues: write
2022-12-27T11:15:40.0140610Z Metadata: read
2022-12-27T11:15:40.0140730Z Packages: write
2022-12-27T11:15:40.0140870Z Pages: write
2022-12-27T11:15:40.0141010Z PullRequests: write
2022-12-27T11:15:40.0141180Z RepositoryProjects: write
2022-12-27T11:15:40.0141340Z SecurityEvents: write
2022-12-27T11:15:40.0141480Z Statuses: write
2022-12-27T11:15:40.0141610Z ##[endgroup]
2022-12-27T11:15:40.0144000Z Secret source: Actions
2022-12-27T11:15:40.0144310Z Prepare workflow directory
2022-12-27T11:15:40.0788330Z Prepare all required actions
2022-12-27T11:15:40.0906560Z Getting action download info
2022-12-27T11:15:40.5299290Z Download action repository 'actions/setup-python@v4' (SHA:5ccb29d8773c3f3f653e1705f474dfaa8a06a912)
2022-12-27T11:15:42.2910150Z Download action repository 'actions/upload-artifact@v3' (SHA:83fd05a356d7e2593de66fc9913b3002723633cb)
2022-12-27T11:15:43.7237710Z ##[group]Run echo '{
2022-12-27T11:15:43.7238130Z [36;1mecho '{[0m
2022-12-27T11:15:43.7238350Z [36;1m  "package_name": "lxml",[0m
2022-12-27T11:15:43.7238850Z [36;1m  "package_url": "https://files.pythonhosted.org/packages/ca/63/139b710671c1655aed3b20c1e6776118c62e9f9311152f4c6031e12a0554/lxml-4.2.4.tar.gz",[0m
2022-12-27T11:15:43.7239270Z [36;1m  "package_version": "4.2.4",[0m
2022-12-27T11:15:43.7239530Z [36;1m  "python_version": "3.11",[0m
2022-12-27T11:15:43.7239790Z [36;1m  "use_ccache": "true"[0m
2022-12-27T11:15:43.7240090Z [36;1m}'[0m
2022-12-27T11:15:43.7266340Z shell: /bin/bash -e {0}
2022-12-27T11:15:43.7266550Z ##[endgroup]
2022-12-27T11:15:43.7561420Z {
2022-12-27T11:15:43.7563450Z   "package_name": "lxml",
2022-12-27T11:15:43.7564490Z   "package_url": "https://files.pythonhosted.org/packages/ca/63/139b710671c1655aed3b20c1e6776118c62e9f9311152f4c6031e12a0554/lxml-4.2.4.tar.gz",
2022-12-27T11:15:43.7564940Z   "package_version": "4.2.4",
2022-12-27T11:15:43.7565340Z   "python_version": "3.11",
2022-12-27T11:15:43.7565640Z   "use_ccache": "true"
2022-12-27T11:15:43.7565890Z }
2022-12-27T11:15:43.7841020Z ##[group]Run actions/setup-python@v4
2022-12-27T11:15:43.7841270Z with:
2022-12-27T11:15:43.7841500Z   python-version: 3.11
2022-12-27T11:15:43.7841650Z   check-latest: false
2022-12-27T11:15:43.7841950Z   token: ***
2022-12-27T11:15:43.7842120Z   update-environment: true
2022-12-27T11:15:43.7842360Z ##[endgroup]
2022-12-27T11:15:43.9145190Z ##[group]Installed versions
2022-12-27T11:15:43.9179520Z Successfully set up CPython (3.11.1)
2022-12-27T11:15:43.9180110Z ##[endgroup]
2022-12-27T11:15:43.9329340Z ##[group]Run if [ "true" == "true" ]
2022-12-27T11:15:43.9329690Z [36;1mif [ "true" == "true" ][0m
2022-12-27T11:15:43.9329870Z [36;1mthen[0m
2022-12-27T11:15:43.9330090Z [36;1m  echo "CCACHE_PATH_PREPEND=/usr/local/opt/ccache/libexec" >> $GITHUB_OUTPUT[0m
2022-12-27T11:15:43.9330270Z [36;1melse[0m
2022-12-27T11:15:43.9330530Z [36;1m  echo "CCACHE_PATH_PREPEND=" >> $GITHUB_OUTPUT[0m
2022-12-27T11:15:43.9330720Z [36;1mfi[0m
2022-12-27T11:15:43.9348850Z shell: /bin/bash -e {0}
2022-12-27T11:15:43.9349160Z env:
2022-12-27T11:15:43.9349400Z   pythonLocation: /Users/runner/hostedtoolcache/Python/3.11.1/x64
2022-12-27T11:15:43.9349630Z   PKG_CONFIG_PATH: /Users/runner/hostedtoolcache/Python/3.11.1/x64/lib/pkgconfig
2022-12-27T11:15:43.9349900Z   Python_ROOT_DIR: /Users/runner/hostedtoolcache/Python/3.11.1/x64
2022-12-27T11:15:43.9350140Z   Python2_ROOT_DIR: /Users/runner/hostedtoolcache/Python/3.11.1/x64
2022-12-27T11:15:43.9350490Z   Python3_ROOT_DIR: /Users/runner/hostedtoolcache/Python/3.11.1/x64
2022-12-27T11:15:43.9350990Z ##[endgroup]
2022-12-27T11:15:43.9464140Z ##[group]Run echo "BUILD_NAME=$(echo lxml_4.2.4_3.11 | tr -dc '[:alnum:]\n\r' | tr '[:upper:]' '[:lower:]')" >> $GITHUB_OUTPUT
2022-12-27T11:15:43.9464550Z [36;1mecho "BUILD_NAME=$(echo lxml_4.2.4_3.11 | tr -dc '[:alnum:]\n\r' | tr '[:upper:]' '[:lower:]')" >> $GITHUB_OUTPUT[0m
2022-12-27T11:15:43.9479960Z shell: /bin/bash -e {0}
2022-12-27T11:15:43.9480170Z env:
2022-12-27T11:15:43.9524140Z   pythonLocation: /Users/runner/hostedtoolcache/Python/3.11.1/x64
2022-12-27T11:15:43.9524350Z   PKG_CONFIG_PATH: /Users/runner/hostedtoolcache/Python/3.11.1/x64/lib/pkgconfig
2022-12-27T11:15:43.9524540Z   Python_ROOT_DIR: /Users/runner/hostedtoolcache/Python/3.11.1/x64
2022-12-27T11:15:43.9524750Z   Python2_ROOT_DIR: /Users/runner/hostedtoolcache/Python/3.11.1/x64
2022-12-27T11:15:43.9524940Z   Python3_ROOT_DIR: /Users/runner/hostedtoolcache/Python/3.11.1/x64
2022-12-27T11:15:43.9525070Z ##[endgroup]
2022-12-27T11:15:43.9645130Z ##[group]Run echo "PYTHON_NO_DOTS=$(echo 3.11 | tr -dc '[:alnum:]\n\r' | tr '[:upper:]' '[:lower:]')" >> $GITHUB_OUTPUT
2022-12-27T11:15:43.9645580Z [36;1mecho "PYTHON_NO_DOTS=$(echo 3.11 | tr -dc '[:alnum:]\n\r' | tr '[:upper:]' '[:lower:]')" >> $GITHUB_OUTPUT[0m
2022-12-27T11:15:43.9660650Z shell: /bin/bash -e {0}
2022-12-27T11:15:43.9660810Z env:
2022-12-27T11:15:43.9661010Z   pythonLocation: /Users/runner/hostedtoolcache/Python/3.11.1/x64
2022-12-27T11:15:43.9661900Z   PKG_CONFIG_PATH: /Users/runner/hostedtoolcache/Python/3.11.1/x64/lib/pkgconfig
2022-12-27T11:15:43.9662210Z   Python_ROOT_DIR: /Users/runner/hostedtoolcache/Python/3.11.1/x64
2022-12-27T11:15:43.9662420Z   Python2_ROOT_DIR: /Users/runner/hostedtoolcache/Python/3.11.1/x64
2022-12-27T11:15:43.9662650Z   Python3_ROOT_DIR: /Users/runner/hostedtoolcache/Python/3.11.1/x64
2022-12-27T11:15:43.9662840Z ##[endgroup]
2022-12-27T11:15:43.9786990Z ##[group]Run rm -rf build_lxml424311
2022-12-27T11:15:43.9787450Z [36;1mrm -rf build_lxml424311[0m
2022-12-27T11:15:43.9787620Z [36;1mmkdir build_lxml424311[0m
2022-12-27T11:15:43.9787830Z [36;1mcd build_lxml424311[0m
2022-12-27T11:15:43.9788190Z [36;1m/usr/local/bin/wget --quiet https://files.pythonhosted.org/packages/ca/63/139b710671c1655aed3b20c1e6776118c62e9f9311152f4c6031e12a0554/lxml-4.2.4.tar.gz[0m
2022-12-27T11:15:43.9788500Z [36;1mtar xf *.tar.gz[0m
2022-12-27T11:15:43.9788640Z [36;1mcd *[0m
2022-12-27T11:15:43.9788840Z [36;1mpython -m pip install cibuildwheel==2.11.3[0m
2022-12-27T11:15:43.9789070Z [36;1mpython -m cibuildwheel --output-dir ../wheelsout[0m
2022-12-27T11:15:43.9805160Z shell: /bin/bash -e {0}
2022-12-27T11:15:43.9805350Z env:
2022-12-27T11:15:43.9805570Z   pythonLocation: /Users/runner/hostedtoolcache/Python/3.11.1/x64
2022-12-27T11:15:43.9805800Z   PKG_CONFIG_PATH: /Users/runner/hostedtoolcache/Python/3.11.1/x64/lib/pkgconfig
2022-12-27T11:15:43.9806180Z   Python_ROOT_DIR: /Users/runner/hostedtoolcache/Python/3.11.1/x64
2022-12-27T11:15:43.9806400Z   Python2_ROOT_DIR: /Users/runner/hostedtoolcache/Python/3.11.1/x64
2022-12-27T11:15:43.9806630Z   Python3_ROOT_DIR: /Users/runner/hostedtoolcache/Python/3.11.1/x64
2022-12-27T11:15:43.9806840Z   CIBW_ARCHS_MACOS: arm64
2022-12-27T11:15:43.9806990Z   CIBW_TEST_SKIP: *_arm64
2022-12-27T11:15:43.9807220Z   CIBW_BUILD: cp311-macosx_arm64
2022-12-27T11:15:43.9807410Z   CIBW_BUILD_FRONTEND: pip
2022-12-27T11:15:43.9807550Z   CIBW_BUILD_VERBOSITY: 3
2022-12-27T11:15:43.9807870Z   CIBW_ENVIRONMENT_MACOS:  CFLAGS="-I/usr/local/opt/openssl@3/include" LDFLAGS="-L/usr/local/opt/openssl@3/lib" CPPFLAGS="-I/usr/local/opt/openssl@3/include" MAKEFLAGS="-j$(sysctl -n hw.logicalcpu)" PATH=/usr/local/opt/ccache/libexec:$PATH
2022-12-27T11:15:43.9808290Z   CIBW_BEFORE_BUILD: pip install Cython; if [[ -f requirements.txt ]]; then pip install -r requirements.txt; fi
2022-12-27T11:15:43.9808540Z   MAKEFLAGS: -j$(sysctl -n hw.logicalcpu)
2022-12-27T11:15:43.9808690Z ##[endgroup]
2022-12-27T11:15:44.3918890Z Requirement already satisfied: cibuildwheel==2.11.3 in /Library/Frameworks/Python.framework/Versions/3.11/lib/python3.11/site-packages (2.11.3)
2022-12-27T11:15:44.4229710Z Requirement already satisfied: bashlex!=0.13 in /Library/Frameworks/Python.framework/Versions/3.11/lib/python3.11/site-packages (from cibuildwheel==2.11.3) (0.16)
2022-12-27T11:15:44.4236300Z Requirement already satisfied: bracex in /Library/Frameworks/Python.framework/Versions/3.11/lib/python3.11/site-packages (from cibuildwheel==2.11.3) (2.3.post1)
2022-12-27T11:15:44.4242330Z Requirement already satisfied: certifi in /Library/Frameworks/Python.framework/Versions/3.11/lib/python3.11/site-packages (from cibuildwheel==2.11.3) (2022.12.7)
2022-12-27T11:15:44.4249020Z Requirement already satisfied: filelock in /Library/Frameworks/Python.framework/Versions/3.11/lib/python3.11/site-packages (from cibuildwheel==2.11.3) (3.8.2)
2022-12-27T11:15:44.4257760Z Requirement already satisfied: packaging>=20.9 in /Library/Frameworks/Python.framework/Versions/3.11/lib/python3.11/site-packages (from cibuildwheel==2.11.3) (22.0)
2022-12-27T11:15:44.4265900Z Requirement already satisfied: platformdirs in /Library/Frameworks/Python.framework/Versions/3.11/lib/python3.11/site-packages (from cibuildwheel==2.11.3) (2.6.0)
2022-12-27T11:15:44.6530640Z 
2022-12-27T11:15:44.6531180Z      _ _       _ _   _       _           _
2022-12-27T11:15:44.6531560Z  ___|_| |_ _ _|_| |_| |_ _ _| |_ ___ ___| |
2022-12-27T11:15:44.6532320Z |  _| | . | | | | | . | | | |   | -_| -_| |
2022-12-27T11:15:44.6532530Z |___|_|___|___|_|_|___|_____|_|_|___|___|_|
2022-12-27T11:15:44.6532830Z 
2022-12-27T11:15:44.6532980Z cibuildwheel version 2.11.3
2022-12-27T11:15:44.6533130Z 
2022-12-27T11:15:44.6533240Z Build options:
2022-12-27T11:15:44.6533470Z   platform: macos
2022-12-27T11:15:44.6631930Z   architectures: arm64[0m
2022-12-27T11:15:44.6632460Z   build_selector: 
2022-12-27T11:15:44.6633650Z     build_config: cp311-macosx_arm64
2022-12-27T11:15:44.6633930Z     skip_config: 
2022-12-27T11:15:44.6634320Z     requires_python: None
2022-12-27T11:15:44.6634900Z     prerelease_pythons: False[0m
2022-12-27T11:15:44.6635230Z   [38;5;244mcontainer_engine: docker[0m
2022-12-27T11:15:44.6635740Z   output_dir: /Users/runner/actions-runner/_work/python.build/python.build/build_lxml424311/wheelsout[0m
2022-12-27T11:15:44.6636310Z   package_dir: /Users/runner/actions-runner/_work/python.build/python.build/build_lxml424311/lxml-4.2.4[0m
2022-12-27T11:15:44.6636660Z   test_selector: 
2022-12-27T11:15:44.6637010Z     skip_config: *_arm64[0m
2022-12-27T11:15:44.6637300Z   [38;5;244mbefore_all: [0m
2022-12-27T11:15:44.6637710Z   before_build: pip install Cython; if [[ -f requirements.txt ]]; then pip install -r requirements.txt; fi[0m
2022-12-27T11:15:44.6638030Z   [38;5;244mbefore_test: [0m
2022-12-27T11:15:44.6638310Z   [38;5;244mbuild_frontend: pip[0m
2022-12-27T11:15:44.6638630Z   build_verbosity: 3[0m
2022-12-27T11:15:44.6639060Z   [38;5;244mconfig_settings: [0m
2022-12-27T11:15:44.6639370Z   [38;5;244mdependency_constraints: pinned[0m
2022-12-27T11:15:44.6639610Z   environment: 
2022-12-27T11:15:44.6639950Z     CFLAGS="-I/usr/local/opt/openssl@3/include"
2022-12-27T11:15:44.6640240Z     LDFLAGS="-L/usr/local/opt/openssl@3/lib"
2022-12-27T11:15:44.6640610Z     CPPFLAGS="-I/usr/local/opt/openssl@3/include"
2022-12-27T11:15:44.6640930Z     MAKEFLAGS="-j$(sysctl -n hw.logicalcpu)"
2022-12-27T11:15:44.6641220Z     PATH=/usr/local/opt/ccache/libexec:$PATH[0m
2022-12-27T11:15:44.6641560Z   [38;5;244mmanylinux_images: None[0m
2022-12-27T11:15:44.6641850Z   [38;5;244mmusllinux_images: None[0m
2022-12-27T11:15:44.6642210Z   [38;5;244mrepair_command: delocate-wheel --require-archs {delocate_archs} -w {dest_dir} -v {wheel}[0m
2022-12-27T11:15:44.6642550Z   [38;5;244mtest_command: [0m
2022-12-27T11:15:44.6642810Z   [38;5;244mtest_extras: [0m
2022-12-27T11:15:44.6643150Z   [38;5;244mtest_requires: [0m
2022-12-27T11:15:44.6643290Z 
2022-12-27T11:15:44.6643420Z Cache folder: /Users/runner/Library/Caches/cibuildwheel
2022-12-27T11:15:44.6645270Z 
2022-12-27T11:15:44.6645680Z Here we go!
2022-12-27T11:15:44.6645810Z 
2022-12-27T11:15:44.6757130Z 
2022-12-27T11:15:44.6758080Z [1m[34mBuilding cp311-macosx_arm64 wheel[0m
2022-12-27T11:15:44.6758710Z CPython 3.11 macOS arm64 - Apple Silicon
2022-12-27T11:15:44.6758920Z 
2022-12-27T11:15:44.6760280Z ##[group]Installing Python cp311...
2022-12-27T11:15:44.6760510Z 
2022-12-27T11:15:44.6760760Z + pkgutil --pkgs
2022-12-27T11:15:44.6865040Z ##[endgroup]
2022-12-27T11:15:44.6866260Z                                                               [32m✓ [0m0.01s
2022-12-27T11:15:44.6866830Z ##[group]Setting up build environment...
2022-12-27T11:15:44.6866990Z 
2022-12-27T11:15:44.6884050Z + /Library/Frameworks/Python.framework/Versions/3.11/bin/python -sS /Users/runner/Library/Caches/cibuildwheel/virtualenv-20.17.0.pyz --activators= --no-periodic-update --pip=22.3.1 --setuptools=65.6.3 --wheel=0.38.4 --symlink-app-data --python /Library/Frameworks/Python.framework/Versions/3.11/bin/python3 /private/var/folders/51/hd414ycd67n82196sw51xqtc0000gn/T/cibw-run-odizfsq3/cp311-macosx_arm64/build/venv
2022-12-27T11:15:44.8775480Z created virtual environment CPython3.11.1.final.0-64 in 53ms
2022-12-27T11:15:44.8776000Z   creator CPython3Posix(dest=/private/var/folders/51/hd414ycd67n82196sw51xqtc0000gn/T/cibw-run-odizfsq3/cp311-macosx_arm64/build/venv, clear=False, no_vcs_ignore=False, global=False)
2022-12-27T11:15:44.8776470Z   seeder FromAppData(download=False, pip=22.3.1, setuptools=65.6.3, wheel=0.38.4, via=symlink, app_data_dir=/Users/runner/Library/Application Support/virtualenv)
2022-12-27T11:15:44.8776900Z     added seed packages: pip==22.3.1, setuptools==65.6.3, wheel==0.38.4
2022-12-27T11:15:44.8919800Z + python -m pip install --upgrade pip -c /Library/Frameworks/Python.framework/Versions/3.11/lib/python3.11/site-packages/cibuildwheel/resources/constraints-python311.txt
2022-12-27T11:15:45.1616080Z Requirement already satisfied: pip in ./lib/python3.11/site-packages (22.3.1)
2022-12-27T11:15:45.2874680Z + which pip
2022-12-27T11:15:45.2892500Z /private/var/folders/51/hd414ycd67n82196sw51xqtc0000gn/T/cibw-run-odizfsq3/cp311-macosx_arm64/build/venv/bin/pip
2022-12-27T11:15:45.2894040Z + pip --version
2022-12-27T11:15:45.4847100Z pip 22.3.1 from /private/var/folders/51/hd414ycd67n82196sw51xqtc0000gn/T/cibw-run-odizfsq3/cp311-macosx_arm64/build/venv/lib/python3.11/site-packages/pip (python 3.11)
2022-12-27T11:15:45.5101820Z + which pip
2022-12-27T11:15:45.5128670Z + which python
2022-12-27T11:15:45.5147790Z /private/var/folders/51/hd414ycd67n82196sw51xqtc0000gn/T/cibw-run-odizfsq3/cp311-macosx_arm64/build/venv/bin/python
2022-12-27T11:15:45.5151300Z + python --version
2022-12-27T11:15:45.5213000Z Python 3.11.1
2022-12-27T11:15:45.5217180Z + which python
2022-12-27T11:15:45.5274620Z ##[endgroup]
2022-12-27T11:15:45.5275290Z                                                               [32m✓ [0m0.84s
2022-12-27T11:15:45.5276030Z ##[group]Installing build tools...
2022-12-27T11:15:45.5276210Z 
2022-12-27T11:15:45.5276750Z + pip install --upgrade setuptools wheel delocate -c /Library/Frameworks/Python.framework/Versions/3.11/lib/python3.11/site-packages/cibuildwheel/resources/constraints-python311.txt
2022-12-27T11:15:45.8017300Z Requirement already satisfied: setuptools in /private/var/folders/51/hd414ycd67n82196sw51xqtc0000gn/T/cibw-run-odizfsq3/cp311-macosx_arm64/build/venv/lib/python3.11/site-packages (65.6.3)
2022-12-27T11:15:45.9730430Z Requirement already satisfied: wheel in /private/var/folders/51/hd414ycd67n82196sw51xqtc0000gn/T/cibw-run-odizfsq3/cp311-macosx_arm64/build/venv/lib/python3.11/site-packages (0.38.4)
2022-12-27T11:15:46.0178090Z Collecting delocate
2022-12-27T11:15:46.0199100Z   Using cached delocate-0.10.3-py3-none-any.whl (142 kB)
2022-12-27T11:15:46.0453170Z Collecting packaging>=20.9
2022-12-27T11:15:46.0471060Z   Using cached packaging-21.3-py3-none-any.whl (40 kB)
2022-12-27T11:15:46.0623120Z Collecting typing-extensions
2022-12-27T11:15:46.0640270Z   Using cached typing_extensions-4.4.0-py3-none-any.whl (26 kB)
2022-12-27T11:15:46.0952610Z Collecting pyparsing!=3.0.5,>=2.0.2
2022-12-27T11:15:46.0968800Z   Using cached pyparsing-3.0.9-py3-none-any.whl (98 kB)
2022-12-27T11:15:46.1521900Z Installing collected packages: typing-extensions, pyparsing, packaging, delocate
2022-12-27T11:15:46.2795950Z Successfully installed delocate-0.10.3 packaging-21.3 pyparsing-3.0.9 typing-extensions-4.4.0
2022-12-27T11:15:46.3245140Z ##[endgroup]
2022-12-27T11:15:46.3245910Z                                                               [32m✓ [0m0.80s
2022-12-27T11:15:46.3246560Z ##[group]Running before_build...
2022-12-27T11:15:46.3246750Z 
2022-12-27T11:15:46.3250430Z + pip install Cython; if [[ -f requirements.txt ]]; then pip install -r requirements.txt; fi
2022-12-27T11:15:46.8919040Z Collecting Cython
2022-12-27T11:15:46.8961500Z   Using cached Cython-0.29.32-py2.py3-none-any.whl (986 kB)
2022-12-27T11:15:46.9434100Z Installing collected packages: Cython
2022-12-27T11:15:47.3489670Z Successfully installed Cython-0.29.32
2022-12-27T11:15:47.6499840Z Requirement already satisfied: Cython>=0.26.1 in /private/var/folders/51/hd414ycd67n82196sw51xqtc0000gn/T/cibw-run-odizfsq3/cp311-macosx_arm64/build/venv/lib/python3.11/site-packages (from -r requirements.txt (line 1)) (0.29.32)
2022-12-27T11:15:47.7194660Z ##[endgroup]
2022-12-27T11:15:47.7195270Z                                                               [32m✓ [0m1.39s
2022-12-27T11:15:47.7195830Z ##[group]Building wheel...
2022-12-27T11:15:47.7196090Z 
2022-12-27T11:15:47.7200670Z + python -m pip wheel /Users/runner/actions-runner/_work/python.build/python.build/build_lxml424311/lxml-4.2.4 --wheel-dir=/private/var/folders/51/hd414ycd67n82196sw51xqtc0000gn/T/cibw-run-odizfsq3/cp311-macosx_arm64/built_wheel --no-deps -vvv
2022-12-27T11:15:47.9712060Z Created temporary directory: /private/var/folders/51/hd414ycd67n82196sw51xqtc0000gn/T/pip-ephem-wheel-cache-6n7eiy_0
2022-12-27T11:15:47.9715320Z Created temporary directory: /private/var/folders/51/hd414ycd67n82196sw51xqtc0000gn/T/pip-build-tracker-gyb_volg
2022-12-27T11:15:47.9717350Z Initialized build tracking at /private/var/folders/51/hd414ycd67n82196sw51xqtc0000gn/T/pip-build-tracker-gyb_volg
2022-12-27T11:15:47.9718150Z Created build tracker: /private/var/folders/51/hd414ycd67n82196sw51xqtc0000gn/T/pip-build-tracker-gyb_volg
2022-12-27T11:15:47.9719410Z Entered build tracker: /private/var/folders/51/hd414ycd67n82196sw51xqtc0000gn/T/pip-build-tracker-gyb_volg
2022-12-27T11:15:47.9722140Z Created temporary directory: /private/var/folders/51/hd414ycd67n82196sw51xqtc0000gn/T/pip-wheel-988ch0bn
2022-12-27T11:15:47.9727000Z Created temporary directory: /private/var/folders/51/hd414ycd67n82196sw51xqtc0000gn/T/pip-ephem-wheel-cache-9hscpr5s
2022-12-27T11:15:47.9796640Z Processing /Users/runner/actions-runner/_work/python.build/python.build/build_lxml424311/lxml-4.2.4
2022-12-27T11:15:47.9801160Z   Added file:///Users/runner/actions-runner/_work/python.build/python.build/build_lxml424311/lxml-4.2.4 to build tracker '/private/var/folders/51/hd414ycd67n82196sw51xqtc0000gn/T/pip-build-tracker-gyb_volg'
2022-12-27T11:15:47.9804090Z   Running setup.py (path:/Users/runner/actions-runner/_work/python.build/python.build/build_lxml424311/lxml-4.2.4/setup.py) egg_info for package from file:///Users/runner/actions-runner/_work/python.build/python.build/build_lxml424311/lxml-4.2.4
2022-12-27T11:15:47.9806520Z   Created temporary directory: /private/var/folders/51/hd414ycd67n82196sw51xqtc0000gn/T/pip-pip-egg-info-4k7t8mc7
2022-12-27T11:15:47.9807390Z   Preparing metadata (setup.py): started
2022-12-27T11:15:47.9809180Z   Running command python setup.py egg_info
2022-12-27T11:15:48.2566670Z   Building lxml version 4.2.4.
2022-12-27T11:15:48.2567110Z   Building without Cython.
2022-12-27T11:15:48.2568790Z   Using build configuration of libxslt 1.1.29
2022-12-27T11:15:48.2570240Z   Building against libxml2/libxslt in the following directory: /Library/Developer/CommandLineTools/SDKs/MacOSX12.1.sdk/usr/lib
2022-12-27T11:15:48.2570920Z   running egg_info
2022-12-27T11:15:48.2572800Z   creating /private/var/folders/51/hd414ycd67n82196sw51xqtc0000gn/T/pip-pip-egg-info-4k7t8mc7/lxml.egg-info
2022-12-27T11:15:48.2574130Z   writing /private/var/folders/51/hd414ycd67n82196sw51xqtc0000gn/T/pip-pip-egg-info-4k7t8mc7/lxml.egg-info/PKG-INFO
2022-12-27T11:15:48.2575590Z   writing dependency_links to /private/var/folders/51/hd414ycd67n82196sw51xqtc0000gn/T/pip-pip-egg-info-4k7t8mc7/lxml.egg-info/dependency_links.txt
2022-12-27T11:15:48.2576650Z   writing requirements to /private/var/folders/51/hd414ycd67n82196sw51xqtc0000gn/T/pip-pip-egg-info-4k7t8mc7/lxml.egg-info/requires.txt
2022-12-27T11:15:48.2579240Z   writing top-level names to /private/var/folders/51/hd414ycd67n82196sw51xqtc0000gn/T/pip-pip-egg-info-4k7t8mc7/lxml.egg-info/top_level.txt
2022-12-27T11:15:48.2580830Z   writing manifest file '/private/var/folders/51/hd414ycd67n82196sw51xqtc0000gn/T/pip-pip-egg-info-4k7t8mc7/lxml.egg-info/SOURCES.txt'
2022-12-27T11:15:48.2664830Z   reading manifest file '/private/var/folders/51/hd414ycd67n82196sw51xqtc0000gn/T/pip-pip-egg-info-4k7t8mc7/lxml.egg-info/SOURCES.txt'
2022-12-27T11:15:48.2667350Z   reading manifest template 'MANIFEST.in'
2022-12-27T11:15:48.3046100Z   warning: no files found matching '*.html' under directory 'doc'
2022-12-27T11:15:48.3116420Z   adding license file 'LICENSES.txt'
2022-12-27T11:15:48.3139810Z   writing manifest file '/private/var/folders/51/hd414ycd67n82196sw51xqtc0000gn/T/pip-pip-egg-info-4k7t8mc7/lxml.egg-info/SOURCES.txt'
2022-12-27T11:15:48.3400230Z   Preparing metadata (setup.py): finished with status 'done'
2022-12-27T11:15:48.3423490Z   Source in /Users/runner/actions-runner/_work/python.build/python.build/build_lxml424311/lxml-4.2.4 has version 4.2.4, which satisfies requirement lxml==4.2.4 from file:///Users/runner/actions-runner/_work/python.build/python.build/build_lxml424311/lxml-4.2.4
2022-12-27T11:15:48.3426760Z   Removed lxml==4.2.4 from file:///Users/runner/actions-runner/_work/python.build/python.build/build_lxml424311/lxml-4.2.4 from build tracker '/private/var/folders/51/hd414ycd67n82196sw51xqtc0000gn/T/pip-build-tracker-gyb_volg'
2022-12-27T11:15:48.3442960Z Created temporary directory: /private/var/folders/51/hd414ycd67n82196sw51xqtc0000gn/T/pip-unpack-xy8f88cc
2022-12-27T11:15:48.3444370Z Building wheels for collected packages: lxml
2022-12-27T11:15:48.3578740Z   Created temporary directory: /private/var/folders/51/hd414ycd67n82196sw51xqtc0000gn/T/pip-wheel-mivkjwf5
2022-12-27T11:15:48.3579690Z   Building wheel for lxml (setup.py): started
2022-12-27T11:15:48.3581420Z   Destination directory: /private/var/folders/51/hd414ycd67n82196sw51xqtc0000gn/T/pip-wheel-mivkjwf5
2022-12-27T11:15:48.3582150Z   Running command python setup.py bdist_wheel
2022-12-27T11:15:48.4956560Z   Building lxml version 4.2.4.
2022-12-27T11:15:48.4958250Z   Building without Cython.
2022-12-27T11:15:48.5091510Z   Using build configuration of libxslt 1.1.29
2022-12-27T11:15:48.6115990Z   Building against libxml2/libxslt in the following directory: /Library/Developer/CommandLineTools/SDKs/MacOSX12.1.sdk/usr/lib
2022-12-27T11:15:48.6350890Z   running bdist_wheel
2022-12-27T11:15:48.6387350Z   running build
2022-12-27T11:15:48.6388840Z   running build_py
2022-12-27T11:15:48.6407160Z   creating build
2022-12-27T11:15:48.6409080Z   creating build/lib.macosx-11.0-arm64-cpython-311
2022-12-27T11:15:48.6410260Z   creating build/lib.macosx-11.0-arm64-cpython-311/lxml
2022-12-27T11:15:48.6411800Z   copying src/lxml/_elementpath.py -> build/lib.macosx-11.0-arm64-cpython-311/lxml
2022-12-27T11:15:48.6416130Z   copying src/lxml/sax.py -> build/lib.macosx-11.0-arm64-cpython-311/lxml
2022-12-27T11:15:48.6418240Z   copying src/lxml/pyclasslookup.py -> build/lib.macosx-11.0-arm64-cpython-311/lxml
2022-12-27T11:15:48.6419470Z   copying src/lxml/__init__.py -> build/lib.macosx-11.0-arm64-cpython-311/lxml
2022-12-27T11:15:48.6422140Z   copying src/lxml/builder.py -> build/lib.macosx-11.0-arm64-cpython-311/lxml
2022-12-27T11:15:48.6424040Z   copying src/lxml/doctestcompare.py -> build/lib.macosx-11.0-arm64-cpython-311/lxml
2022-12-27T11:15:48.6427030Z   copying src/lxml/usedoctest.py -> build/lib.macosx-11.0-arm64-cpython-311/lxml
2022-12-27T11:15:48.6429470Z   copying src/lxml/cssselect.py -> build/lib.macosx-11.0-arm64-cpython-311/lxml
2022-12-27T11:15:48.6431200Z   copying src/lxml/ElementInclude.py -> build/lib.macosx-11.0-arm64-cpython-311/lxml
2022-12-27T11:15:48.6435490Z   creating build/lib.macosx-11.0-arm64-cpython-311/lxml/includes
2022-12-27T11:15:48.6436600Z   copying src/lxml/includes/__init__.py -> build/lib.macosx-11.0-arm64-cpython-311/lxml/includes
2022-12-27T11:15:48.6441920Z   creating build/lib.macosx-11.0-arm64-cpython-311/lxml/html
2022-12-27T11:15:48.6443270Z   copying src/lxml/html/soupparser.py -> build/lib.macosx-11.0-arm64-cpython-311/lxml/html
2022-12-27T11:15:48.6445640Z   copying src/lxml/html/defs.py -> build/lib.macosx-11.0-arm64-cpython-311/lxml/html
2022-12-27T11:15:48.6448780Z   copying src/lxml/html/_setmixin.py -> build/lib.macosx-11.0-arm64-cpython-311/lxml/html
2022-12-27T11:15:48.6450210Z   copying src/lxml/html/clean.py -> build/lib.macosx-11.0-arm64-cpython-311/lxml/html
2022-12-27T11:15:48.6452950Z   copying src/lxml/html/_diffcommand.py -> build/lib.macosx-11.0-arm64-cpython-311/lxml/html
2022-12-27T11:15:48.6455710Z   copying src/lxml/html/html5parser.py -> build/lib.macosx-11.0-arm64-cpython-311/lxml/html
2022-12-27T11:15:48.6458360Z   copying src/lxml/html/__init__.py -> build/lib.macosx-11.0-arm64-cpython-311/lxml/html
2022-12-27T11:15:48.6460580Z   copying src/lxml/html/formfill.py -> build/lib.macosx-11.0-arm64-cpython-311/lxml/html
2022-12-27T11:15:48.6463090Z   copying src/lxml/html/builder.py -> build/lib.macosx-11.0-arm64-cpython-311/lxml/html
2022-12-27T11:15:48.6465830Z   copying src/lxml/html/ElementSoup.py -> build/lib.macosx-11.0-arm64-cpython-311/lxml/html
2022-12-27T11:15:48.6467750Z   copying src/lxml/html/_html5builder.py -> build/lib.macosx-11.0-arm64-cpython-311/lxml/html
2022-12-27T11:15:48.6469830Z   copying src/lxml/html/usedoctest.py -> build/lib.macosx-11.0-arm64-cpython-311/lxml/html
2022-12-27T11:15:48.6472340Z   copying src/lxml/html/diff.py -> build/lib.macosx-11.0-arm64-cpython-311/lxml/html
2022-12-27T11:15:48.6476420Z   creating build/lib.macosx-11.0-arm64-cpython-311/lxml/isoschematron
2022-12-27T11:15:48.6477590Z   copying src/lxml/isoschematron/__init__.py -> build/lib.macosx-11.0-arm64-cpython-311/lxml/isoschematron
2022-12-27T11:15:48.6499770Z   copying src/lxml/etree.h -> build/lib.macosx-11.0-arm64-cpython-311/lxml
2022-12-27T11:15:48.6503100Z   copying src/lxml/etree_api.h -> build/lib.macosx-11.0-arm64-cpython-311/lxml
2022-12-27T11:15:48.6505650Z   copying src/lxml/lxml.etree.h -> build/lib.macosx-11.0-arm64-cpython-311/lxml
2022-12-27T11:15:48.6508440Z   copying src/lxml/lxml.etree_api.h -> build/lib.macosx-11.0-arm64-cpython-311/lxml
2022-12-27T11:15:48.6511610Z   copying src/lxml/includes/xmlerror.pxd -> build/lib.macosx-11.0-arm64-cpython-311/lxml/includes
2022-12-27T11:15:48.6515170Z   copying src/lxml/includes/c14n.pxd -> build/lib.macosx-11.0-arm64-cpython-311/lxml/includes
2022-12-27T11:15:48.6517490Z   copying src/lxml/includes/xmlschema.pxd -> build/lib.macosx-11.0-arm64-cpython-311/lxml/includes
2022-12-27T11:15:48.6520750Z   copying src/lxml/includes/__init__.pxd -> build/lib.macosx-11.0-arm64-cpython-311/lxml/includes
2022-12-27T11:15:48.6522880Z   copying src/lxml/includes/schematron.pxd -> build/lib.macosx-11.0-arm64-cpython-311/lxml/includes
2022-12-27T11:15:48.6525020Z   copying src/lxml/includes/tree.pxd -> build/lib.macosx-11.0-arm64-cpython-311/lxml/includes
2022-12-27T11:15:48.6528260Z   copying src/lxml/includes/uri.pxd -> build/lib.macosx-11.0-arm64-cpython-311/lxml/includes
2022-12-27T11:15:48.6531530Z   copying src/lxml/includes/etreepublic.pxd -> build/lib.macosx-11.0-arm64-cpython-311/lxml/includes
2022-12-27T11:15:48.6533200Z   copying src/lxml/includes/xpath.pxd -> build/lib.macosx-11.0-arm64-cpython-311/lxml/includes
2022-12-27T11:15:48.6535820Z   copying src/lxml/includes/htmlparser.pxd -> build/lib.macosx-11.0-arm64-cpython-311/lxml/includes
2022-12-27T11:15:48.6538360Z   copying src/lxml/includes/xslt.pxd -> build/lib.macosx-11.0-arm64-cpython-311/lxml/includes
2022-12-27T11:15:48.6540900Z   copying src/lxml/includes/config.pxd -> build/lib.macosx-11.0-arm64-cpython-311/lxml/includes
2022-12-27T11:15:48.6543110Z   copying src/lxml/includes/xmlparser.pxd -> build/lib.macosx-11.0-arm64-cpython-311/lxml/includes
2022-12-27T11:15:48.6546430Z   copying src/lxml/includes/xinclude.pxd -> build/lib.macosx-11.0-arm64-cpython-311/lxml/includes
2022-12-27T11:15:48.6549220Z   copying src/lxml/includes/dtdvalid.pxd -> build/lib.macosx-11.0-arm64-cpython-311/lxml/includes
2022-12-27T11:15:48.6551080Z   copying src/lxml/includes/relaxng.pxd -> build/lib.macosx-11.0-arm64-cpython-311/lxml/includes
2022-12-27T11:15:48.6553720Z   copying src/lxml/includes/lxml-version.h -> build/lib.macosx-11.0-arm64-cpython-311/lxml/includes
2022-12-27T11:15:48.6556950Z   copying src/lxml/includes/etree_defs.h -> build/lib.macosx-11.0-arm64-cpython-311/lxml/includes
2022-12-27T11:15:48.6559300Z   creating build/lib.macosx-11.0-arm64-cpython-311/lxml/isoschematron/resources
2022-12-27T11:15:48.6560710Z   creating build/lib.macosx-11.0-arm64-cpython-311/lxml/isoschematron/resources/rng
2022-12-27T11:15:48.6561990Z   copying src/lxml/isoschematron/resources/rng/iso-schematron.rng -> build/lib.macosx-11.0-arm64-cpython-311/lxml/isoschematron/resources/rng
2022-12-27T11:15:48.6564620Z   creating build/lib.macosx-11.0-arm64-cpython-311/lxml/isoschematron/resources/xsl
2022-12-27T11:15:48.6566200Z   copying src/lxml/isoschematron/resources/xsl/XSD2Schtrn.xsl -> build/lib.macosx-11.0-arm64-cpython-311/lxml/isoschematron/resources/xsl
2022-12-27T11:15:48.6568530Z   copying src/lxml/isoschematron/resources/xsl/RNG2Schtrn.xsl -> build/lib.macosx-11.0-arm64-cpython-311/lxml/isoschematron/resources/xsl
2022-12-27T11:15:48.6571020Z   creating build/lib.macosx-11.0-arm64-cpython-311/lxml/isoschematron/resources/xsl/iso-schematron-xslt1
2022-12-27T11:15:48.6572640Z   copying src/lxml/isoschematron/resources/xsl/iso-schematron-xslt1/iso_abstract_expand.xsl -> build/lib.macosx-11.0-arm64-cpython-311/lxml/isoschematron/resources/xsl/iso-schematron-xslt1
2022-12-27T11:15:48.6575030Z   copying src/lxml/isoschematron/resources/xsl/iso-schematron-xslt1/iso_dsdl_include.xsl -> build/lib.macosx-11.0-arm64-cpython-311/lxml/isoschematron/resources/xsl/iso-schematron-xslt1
2022-12-27T11:15:48.6578870Z   copying src/lxml/isoschematron/resources/xsl/iso-schematron-xslt1/iso_schematron_skeleton_for_xslt1.xsl -> build/lib.macosx-11.0-arm64-cpython-311/lxml/isoschematron/resources/xsl/iso-schematron-xslt1
2022-12-27T11:15:48.6581390Z   copying src/lxml/isoschematron/resources/xsl/iso-schematron-xslt1/iso_svrl_for_xslt1.xsl -> build/lib.macosx-11.0-arm64-cpython-311/lxml/isoschematron/resources/xsl/iso-schematron-xslt1
2022-12-27T11:15:48.6584560Z   copying src/lxml/isoschematron/resources/xsl/iso-schematron-xslt1/iso_schematron_message.xsl -> build/lib.macosx-11.0-arm64-cpython-311/lxml/isoschematron/resources/xsl/iso-schematron-xslt1
2022-12-27T11:15:48.6587100Z   copying src/lxml/isoschematron/resources/xsl/iso-schematron-xslt1/readme.txt -> build/lib.macosx-11.0-arm64-cpython-311/lxml/isoschematron/resources/xsl/iso-schematron-xslt1
2022-12-27T11:15:48.6598280Z   running build_ext
2022-12-27T11:15:48.6695730Z   building 'lxml.etree' extension
2022-12-27T11:15:48.6696500Z   creating build/temp.macosx-11.0-arm64-cpython-311
2022-12-27T11:15:48.6697120Z   creating build/temp.macosx-11.0-arm64-cpython-311/src
2022-12-27T11:15:48.6697660Z   creating build/temp.macosx-11.0-arm64-cpython-311/src/lxml
2022-12-27T11:15:48.6698870Z   clang -Wsign-compare -Wunreachable-code -fno-common -dynamic -DNDEBUG -g -fwrapv -O3 -Wall -g -I/usr/local/opt/openssl@3/include -I/usr/local/opt/openssl@3/include -arch arm64 -DCYTHON_CLINE_IN_TRACEBACK=0 -I/Library/Developer/CommandLineTools/SDKs/MacOSX12.1.sdk/usr/include -Isrc -Isrc/lxml/includes -I/private/var/folders/51/hd414ycd67n82196sw51xqtc0000gn/T/cibw-run-odizfsq3/cp311-macosx_arm64/build/venv/include -I/Library/Frameworks/Python.framework/Versions/3.11/include/python3.11 -c src/lxml/etree.c -o build/temp.macosx-11.0-arm64-cpython-311/src/lxml/etree.o -w -flat_namespace
2022-12-27T11:15:48.7401100Z   src/lxml/etree.c:275:12: fatal error: 'longintrepr.h' file not found
2022-12-27T11:15:48.7402120Z     #include "longintrepr.h"
2022-12-27T11:15:48.7403680Z              ^~~~~~~~~~~~~~~
2022-12-27T11:15:49.9922420Z   1 error generated.
2022-12-27T11:15:49.9984620Z   Compile failed: command '/usr/bin/clang' failed with exit code 1
2022-12-27T11:15:50.0639720Z   creating var
2022-12-27T11:15:50.0641370Z   creating var/folders
2022-12-27T11:15:50.0642530Z   creating var/folders/51
2022-12-27T11:15:50.0643980Z   creating var/folders/51/hd414ycd67n82196sw51xqtc0000gn
2022-12-27T11:15:50.0645880Z   creating var/folders/51/hd414ycd67n82196sw51xqtc0000gn/T
2022-12-27T11:15:50.0648200Z   cc -arch arm64 -I/Library/Developer/CommandLineTools/SDKs/MacOSX12.1.sdk/usr/include -I/usr/include/libxml2 -c /var/folders/51/hd414ycd67n82196sw51xqtc0000gn/T/xmlXPathInitq82cz96u.c -o var/folders/51/hd414ycd67n82196sw51xqtc0000gn/T/xmlXPathInitq82cz96u.o
2022-12-27T11:15:50.1069970Z   cc -arch arm64 var/folders/51/hd414ycd67n82196sw51xqtc0000gn/T/xmlXPathInitq82cz96u.o -L/Library/Developer/CommandLineTools/SDKs/MacOSX12.1.sdk/usr/lib -lxml2 -o a.out
2022-12-27T11:15:50.1476310Z   error: command '/usr/bin/clang' failed with exit code 1
2022-12-27T11:15:50.1873820Z   error: subprocess-exited-with-error
2022-12-27T11:15:50.1874110Z   
2022-12-27T11:15:50.1874470Z   × python setup.py bdist_wheel did not run successfully.
2022-12-27T11:15:50.1874760Z   │ exit code: 1
2022-12-27T11:15:50.1875080Z   ╰─> See above for output.
2022-12-27T11:15:50.1875310Z   
2022-12-27T11:15:50.1876060Z   note: This error originates from a subprocess, and is likely not a problem with pip.
2022-12-27T11:15:50.1881120Z   full command: /private/var/folders/51/hd414ycd67n82196sw51xqtc0000gn/T/cibw-run-odizfsq3/cp311-macosx_arm64/build/venv/bin/python -u -c '
2022-12-27T11:15:50.1881990Z   exec(compile('"'"''"'"''"'"'
2022-12-27T11:15:50.1882420Z   # This is <pip-setuptools-caller> -- a caller that pip uses to run setup.py
2022-12-27T11:15:50.1882710Z   #
2022-12-27T11:15:50.1883070Z   # - It imports setuptools before invoking setup.py, to enable projects that directly
2022-12-27T11:15:50.1883550Z   #   import from `distutils.core` to work with newer packaging standards.
2022-12-27T11:15:50.1883950Z   # - It provides a clear error message when setuptools is not installed.
2022-12-27T11:15:50.1884340Z   # - It sets `sys.argv[0]` to the underlying `setup.py`, when invoking `setup.py` so
2022-12-27T11:15:50.1884760Z   #   setuptools doesn'"'"'t think the script is `-c`. This avoids the following warning:
2022-12-27T11:15:50.1885150Z   #     manifest_maker: standard file '"'"'-c'"'"' not found".
2022-12-27T11:15:50.1885500Z   # - It generates a shim setup.py, for handling setup.cfg-only projects.
2022-12-27T11:15:50.1885920Z   import os, sys, tokenize
2022-12-27T11:15:50.1886190Z   
2022-12-27T11:15:50.1886340Z   try:
2022-12-27T11:15:50.1886500Z       import setuptools
2022-12-27T11:15:50.1886730Z   except ImportError as error:
2022-12-27T11:15:50.1887130Z       print(
2022-12-27T11:15:50.1887490Z           "ERROR: Can not execute `setup.py` since setuptools is not available in "
2022-12-27T11:15:50.1887770Z           "the build environment.",
2022-12-27T11:15:50.1887990Z           file=sys.stderr,
2022-12-27T11:15:50.1888230Z       )
2022-12-27T11:15:50.1888420Z       sys.exit(1)
2022-12-27T11:15:50.1888610Z   
2022-12-27T11:15:50.1888760Z   __file__ = %r
2022-12-27T11:15:50.1889000Z   sys.argv[0] = __file__
2022-12-27T11:15:50.1889180Z   
2022-12-27T11:15:50.1889350Z   if os.path.exists(__file__):
2022-12-27T11:15:50.1889560Z       filename = __file__
2022-12-27T11:15:50.1889800Z       with tokenize.open(__file__) as f:
2022-12-27T11:15:50.1890000Z           setup_py_code = f.read()
2022-12-27T11:15:50.1890200Z   else:
2022-12-27T11:15:50.1891130Z       filename = "<auto-generated setuptools caller>"
2022-12-27T11:15:50.1891390Z       setup_py_code = "from setuptools import setup; setup()"
2022-12-27T11:15:50.1891680Z   
2022-12-27T11:15:50.1891900Z   exec(compile(setup_py_code, filename, "exec"))
2022-12-27T11:15:50.1892550Z   '"'"''"'"''"'"' % ('"'"'/Users/runner/actions-runner/_work/python.build/python.build/build_lxml424311/lxml-4.2.4/setup.py'"'"',), "<pip-setuptools-caller>", "exec"))' bdist_wheel -d /private/var/folders/51/hd414ycd67n82196sw51xqtc0000gn/T/pip-wheel-mivkjwf5
2022-12-27T11:15:50.1893170Z   cwd: /Users/runner/actions-runner/_work/python.build/python.build/build_lxml424311/lxml-4.2.4/
2022-12-27T11:15:50.1893480Z   ERROR: Failed building wheel for lxml
2022-12-27T11:15:50.1893730Z   Running command python setup.py clean
2022-12-27T11:15:50.1894030Z   Building wheel for lxml (setup.py): finished with status 'error'
2022-12-27T11:15:50.1894270Z   Running setup.py clean for lxml
2022-12-27T11:15:50.3291420Z   Building lxml version 4.2.4.
2022-12-27T11:15:50.3292620Z   Building without Cython.
2022-12-27T11:15:50.3424600Z   Using build configuration of libxslt 1.1.29
2022-12-27T11:15:50.4434380Z   Building against libxml2/libxslt in the following directory: /Library/Developer/CommandLineTools/SDKs/MacOSX12.1.sdk/usr/lib
2022-12-27T11:15:50.4586450Z   running clean
2022-12-27T11:15:50.4619890Z   removing 'build/temp.macosx-11.0-arm64-cpython-311' (and everything under it)
2022-12-27T11:15:50.4623190Z   removing 'build/lib.macosx-11.0-arm64-cpython-311' (and everything under it)
2022-12-27T11:15:50.4668910Z   'build/bdist.macosx-11.0-arm64' does not exist -- can't clean it
2022-12-27T11:15:50.4670220Z   'build/scripts-3.11' does not exist -- can't clean it
2022-12-27T11:15:50.4671660Z   removing 'build'
2022-12-27T11:15:50.4946550Z Failed to build lxml
2022-12-27T11:15:50.4951070Z ERROR: Failed to build one or more wheels
2022-12-27T11:15:50.4964230Z Exception information:
2022-12-27T11:15:50.4964600Z Traceback (most recent call last):
2022-12-27T11:15:50.4972340Z   File "/private/var/folders/51/hd414ycd67n82196sw51xqtc0000gn/T/cibw-run-odizfsq3/cp311-macosx_arm64/build/venv/lib/python3.11/site-packages/pip/_internal/cli/base_command.py", line 160, in exc_logging_wrapper
2022-12-27T11:15:50.4972750Z     status = run_func(*args)
2022-12-27T11:15:50.4973130Z              ^^^^^^^^^^^^^^^
2022-12-27T11:15:50.4973720Z   File "/private/var/folders/51/hd414ycd67n82196sw51xqtc0000gn/T/cibw-run-odizfsq3/cp311-macosx_arm64/build/venv/lib/python3.11/site-packages/pip/_internal/cli/req_command.py", line 247, in wrapper
2022-12-27T11:15:50.4974110Z     return func(self, options, args)
2022-12-27T11:15:50.4974330Z            ^^^^^^^^^^^^^^^^^^^^^^^^^
2022-12-27T11:15:50.4974880Z   File "/private/var/folders/51/hd414ycd67n82196sw51xqtc0000gn/T/cibw-run-odizfsq3/cp311-macosx_arm64/build/venv/lib/python3.11/site-packages/pip/_internal/commands/wheel.py", line 201, in run
2022-12-27T11:15:50.4975310Z     raise CommandError("Failed to build one or more wheels")
2022-12-27T11:15:50.4975600Z pip._internal.exceptions.CommandError: Failed to build one or more wheels
2022-12-27T11:15:50.4976070Z Removed build tracker: '/private/var/folders/51/hd414ycd67n82196sw51xqtc0000gn/T/pip-build-tracker-gyb_volg'
2022-12-27T11:15:50.5430790Z ##[error]Command ['python', '-m', 'pip', 'wheel', '/Users/runner/actions-runner/_work/python.build/python.build/build_lxml424311/lxml-4.2.4', '--wheel-dir=/private/var/folders/51/hd414ycd67n82196sw51xqtc0000gn/T/cibw-run-odizfsq3/cp311-macosx_arm64/built_wheel', '--no-deps', '-vvv'] failed with code 1. None
2022-12-27T11:15:50.5436590Z 
2022-12-27T11:15:50.5436900Z ##[endgroup]
2022-12-27T11:15:50.5437360Z                                                               [31m✕ [0m2.82s
2022-12-27T11:15:50.5898570Z ##[error]Process completed with exit code 1.
2022-12-27T11:15:50.5930360Z ##[group]Run rm -rf build_lxml424311 wheelsout
2022-12-27T11:15:50.5930600Z [36;1mrm -rf build_lxml424311 wheelsout[0m
2022-12-27T11:15:50.5946390Z shell: /bin/bash -e {0}
2022-12-27T11:15:50.5946520Z env:
2022-12-27T11:15:50.5946720Z   pythonLocation: /Users/runner/hostedtoolcache/Python/3.11.1/x64
2022-12-27T11:15:50.5946970Z   PKG_CONFIG_PATH: /Users/runner/hostedtoolcache/Python/3.11.1/x64/lib/pkgconfig
2022-12-27T11:15:50.5947180Z   Python_ROOT_DIR: /Users/runner/hostedtoolcache/Python/3.11.1/x64
2022-12-27T11:15:50.5947400Z   Python2_ROOT_DIR: /Users/runner/hostedtoolcache/Python/3.11.1/x64
2022-12-27T11:15:50.5947570Z   Python3_ROOT_DIR: /Users/runner/hostedtoolcache/Python/3.11.1/x64
2022-12-27T11:15:50.5947750Z ##[endgroup]
2022-12-27T11:15:50.6302820Z Cleaning up orphan processes
