2022-12-27T08:52:23.5250197Z Requested labels: self-hosted, macOS, X64
2022-12-27T08:52:23.5250280Z Job defined at: kilnbuild/python.build/.github/workflows/mac_arm_build.yml@refs/heads/main
2022-12-27T08:52:23.5250308Z Waiting for a runner to pick up this job...
2022-12-27T11:24:36.0821904Z Job is about to start running on the runner: k1 (organization)
2022-12-27T11:24:38.4754460Z Current runner version: '2.300.2'
2022-12-27T11:24:38.4759580Z Runner name: 'k1'
2022-12-27T11:24:38.4759830Z Runner group name: 'Default'
2022-12-27T11:24:38.4760260Z Machine name: 'k1'
2022-12-27T11:24:38.4761740Z ##[group]GITHUB_TOKEN Permissions
2022-12-27T11:24:38.4762160Z Actions: write
2022-12-27T11:24:38.4762300Z Checks: write
2022-12-27T11:24:38.4762490Z Contents: write
2022-12-27T11:24:38.4762670Z Deployments: write
2022-12-27T11:24:38.4762820Z Discussions: write
2022-12-27T11:24:38.4763050Z Issues: write
2022-12-27T11:24:38.4763270Z Metadata: read
2022-12-27T11:24:38.4763470Z Packages: write
2022-12-27T11:24:38.4763610Z Pages: write
2022-12-27T11:24:38.4763760Z PullRequests: write
2022-12-27T11:24:38.4763920Z RepositoryProjects: write
2022-12-27T11:24:38.4764080Z SecurityEvents: write
2022-12-27T11:24:38.4764220Z Statuses: write
2022-12-27T11:24:38.4764350Z ##[endgroup]
2022-12-27T11:24:38.4767020Z Secret source: Actions
2022-12-27T11:24:38.4767340Z Prepare workflow directory
2022-12-27T11:24:38.5418530Z Prepare all required actions
2022-12-27T11:24:38.5540230Z Getting action download info
2022-12-27T11:24:38.9753660Z Download action repository 'actions/setup-python@v4' (SHA:5ccb29d8773c3f3f653e1705f474dfaa8a06a912)
2022-12-27T11:24:40.7187920Z Download action repository 'actions/upload-artifact@v3' (SHA:83fd05a356d7e2593de66fc9913b3002723633cb)
2022-12-27T11:24:42.0317860Z ##[group]Run echo '{
2022-12-27T11:24:42.0318190Z [36;1mecho '{[0m
2022-12-27T11:24:42.0318340Z [36;1m  "package_name": "lxml",[0m
2022-12-27T11:24:42.0318610Z [36;1m  "package_url": "https://files.pythonhosted.org/packages/b2/47/f3e4990aa1076b122a5b921ff6c16219a49458fd1df307f8f905b4ad34e7/lxml-2.0beta2.tar.gz",[0m
2022-12-27T11:24:42.0318840Z [36;1m  "package_version": "2.0beta2",[0m
2022-12-27T11:24:42.0319020Z [36;1m  "python_version": "3.10",[0m
2022-12-27T11:24:42.0319150Z [36;1m  "use_ccache": "true"[0m
2022-12-27T11:24:42.0319250Z [36;1m}'[0m
2022-12-27T11:24:42.0334310Z shell: /bin/bash -e {0}
2022-12-27T11:24:42.0334490Z ##[endgroup]
2022-12-27T11:24:42.0548090Z {
2022-12-27T11:24:42.0549430Z   "package_name": "lxml",
2022-12-27T11:24:42.0550070Z   "package_url": "https://files.pythonhosted.org/packages/b2/47/f3e4990aa1076b122a5b921ff6c16219a49458fd1df307f8f905b4ad34e7/lxml-2.0beta2.tar.gz",
2022-12-27T11:24:42.0550390Z   "package_version": "2.0beta2",
2022-12-27T11:24:42.0550660Z   "python_version": "3.10",
2022-12-27T11:24:42.0550820Z   "use_ccache": "true"
2022-12-27T11:24:42.0550990Z }
2022-12-27T11:24:42.0764090Z ##[group]Run actions/setup-python@v4
2022-12-27T11:24:42.0764340Z with:
2022-12-27T11:24:42.0764490Z   python-version: 3.10
2022-12-27T11:24:42.0764680Z   check-latest: false
2022-12-27T11:24:42.0765090Z   token: ***
2022-12-27T11:24:42.0765290Z   update-environment: true
2022-12-27T11:24:42.0765450Z ##[endgroup]
2022-12-27T11:24:42.1992650Z ##[group]Installed versions
2022-12-27T11:24:42.2098140Z Successfully set up CPython (3.10.9)
2022-12-27T11:24:42.2099040Z ##[endgroup]
2022-12-27T11:24:42.2243800Z ##[group]Run if [ "true" == "true" ]
2022-12-27T11:24:42.2244090Z [36;1mif [ "true" == "true" ][0m
2022-12-27T11:24:42.2244330Z [36;1mthen[0m
2022-12-27T11:24:42.2244530Z [36;1m  echo "CCACHE_PATH_PREPEND=/usr/local/opt/ccache/libexec" >> $GITHUB_OUTPUT[0m
2022-12-27T11:24:42.2244750Z [36;1melse[0m
2022-12-27T11:24:42.2244940Z [36;1m  echo "CCACHE_PATH_PREPEND=" >> $GITHUB_OUTPUT[0m
2022-12-27T11:24:42.2245420Z [36;1mfi[0m
2022-12-27T11:24:42.2261290Z shell: /bin/bash -e {0}
2022-12-27T11:24:42.2261490Z env:
2022-12-27T11:24:42.2261670Z   pythonLocation: /Users/runner/hostedtoolcache/Python/3.10.9/x64
2022-12-27T11:24:42.2262010Z   PKG_CONFIG_PATH: /Users/runner/hostedtoolcache/Python/3.10.9/x64/lib/pkgconfig
2022-12-27T11:24:42.2262260Z   Python_ROOT_DIR: /Users/runner/hostedtoolcache/Python/3.10.9/x64
2022-12-27T11:24:42.2262490Z   Python2_ROOT_DIR: /Users/runner/hostedtoolcache/Python/3.10.9/x64
2022-12-27T11:24:42.2262750Z   Python3_ROOT_DIR: /Users/runner/hostedtoolcache/Python/3.10.9/x64
2022-12-27T11:24:42.2263420Z ##[endgroup]
2022-12-27T11:24:42.2376010Z ##[group]Run echo "BUILD_NAME=$(echo lxml_2.0beta2_3.10 | tr -dc '[:alnum:]\n\r' | tr '[:upper:]' '[:lower:]')" >> $GITHUB_OUTPUT
2022-12-27T11:24:42.2376570Z [36;1mecho "BUILD_NAME=$(echo lxml_2.0beta2_3.10 | tr -dc '[:alnum:]\n\r' | tr '[:upper:]' '[:lower:]')" >> $GITHUB_OUTPUT[0m
2022-12-27T11:24:42.2391200Z shell: /bin/bash -e {0}
2022-12-27T11:24:42.2391390Z env:
2022-12-27T11:24:42.2391650Z   pythonLocation: /Users/runner/hostedtoolcache/Python/3.10.9/x64
2022-12-27T11:24:42.2391910Z   PKG_CONFIG_PATH: /Users/runner/hostedtoolcache/Python/3.10.9/x64/lib/pkgconfig
2022-12-27T11:24:42.2392160Z   Python_ROOT_DIR: /Users/runner/hostedtoolcache/Python/3.10.9/x64
2022-12-27T11:24:42.2392400Z   Python2_ROOT_DIR: /Users/runner/hostedtoolcache/Python/3.10.9/x64
2022-12-27T11:24:42.2392600Z   Python3_ROOT_DIR: /Users/runner/hostedtoolcache/Python/3.10.9/x64
2022-12-27T11:24:42.2392850Z ##[endgroup]
2022-12-27T11:24:42.2548970Z ##[group]Run echo "PYTHON_NO_DOTS=$(echo 3.10 | tr -dc '[:alnum:]\n\r' | tr '[:upper:]' '[:lower:]')" >> $GITHUB_OUTPUT
2022-12-27T11:24:42.2549590Z [36;1mecho "PYTHON_NO_DOTS=$(echo 3.10 | tr -dc '[:alnum:]\n\r' | tr '[:upper:]' '[:lower:]')" >> $GITHUB_OUTPUT[0m
2022-12-27T11:24:42.2563100Z shell: /bin/bash -e {0}
2022-12-27T11:24:42.2563250Z env:
2022-12-27T11:24:42.2563490Z   pythonLocation: /Users/runner/hostedtoolcache/Python/3.10.9/x64
2022-12-27T11:24:42.2563740Z   PKG_CONFIG_PATH: /Users/runner/hostedtoolcache/Python/3.10.9/x64/lib/pkgconfig
2022-12-27T11:24:42.2563940Z   Python_ROOT_DIR: /Users/runner/hostedtoolcache/Python/3.10.9/x64
2022-12-27T11:24:42.2564170Z   Python2_ROOT_DIR: /Users/runner/hostedtoolcache/Python/3.10.9/x64
2022-12-27T11:24:42.2564390Z   Python3_ROOT_DIR: /Users/runner/hostedtoolcache/Python/3.10.9/x64
2022-12-27T11:24:42.2564620Z ##[endgroup]
2022-12-27T11:24:42.2689810Z ##[group]Run rm -rf build_lxml20beta2310
2022-12-27T11:24:42.2690160Z [36;1mrm -rf build_lxml20beta2310[0m
2022-12-27T11:24:42.2690420Z [36;1mmkdir build_lxml20beta2310[0m
2022-12-27T11:24:42.2690570Z [36;1mcd build_lxml20beta2310[0m
2022-12-27T11:24:42.2690870Z [36;1m/usr/local/bin/wget --quiet https://files.pythonhosted.org/packages/b2/47/f3e4990aa1076b122a5b921ff6c16219a49458fd1df307f8f905b4ad34e7/lxml-2.0beta2.tar.gz[0m
2022-12-27T11:24:42.2691130Z [36;1mtar xf *.tar.gz[0m
2022-12-27T11:24:42.2691260Z [36;1mcd *[0m
2022-12-27T11:24:42.2691480Z [36;1mpython -m pip install cibuildwheel==2.11.3[0m
2022-12-27T11:24:42.2691690Z [36;1mpython -m cibuildwheel --output-dir ../wheelsout[0m
2022-12-27T11:24:42.2704850Z shell: /bin/bash -e {0}
2022-12-27T11:24:42.2705000Z env:
2022-12-27T11:24:42.2705320Z   pythonLocation: /Users/runner/hostedtoolcache/Python/3.10.9/x64
2022-12-27T11:24:42.2705620Z   PKG_CONFIG_PATH: /Users/runner/hostedtoolcache/Python/3.10.9/x64/lib/pkgconfig
2022-12-27T11:24:42.2705820Z   Python_ROOT_DIR: /Users/runner/hostedtoolcache/Python/3.10.9/x64
2022-12-27T11:24:42.2706060Z   Python2_ROOT_DIR: /Users/runner/hostedtoolcache/Python/3.10.9/x64
2022-12-27T11:24:42.2706340Z   Python3_ROOT_DIR: /Users/runner/hostedtoolcache/Python/3.10.9/x64
2022-12-27T11:24:42.2706510Z   CIBW_ARCHS_MACOS: arm64
2022-12-27T11:24:42.2706690Z   CIBW_TEST_SKIP: *_arm64
2022-12-27T11:24:42.2706870Z   CIBW_BUILD: cp310-macosx_arm64
2022-12-27T11:24:42.2707020Z   CIBW_BUILD_FRONTEND: pip
2022-12-27T11:24:42.2707230Z   CIBW_BUILD_VERBOSITY: 3
2022-12-27T11:24:42.2707550Z   CIBW_ENVIRONMENT_MACOS:  CFLAGS="-I/usr/local/opt/openssl@3/include" LDFLAGS="-L/usr/local/opt/openssl@3/lib" CPPFLAGS="-I/usr/local/opt/openssl@3/include" MAKEFLAGS="-j$(sysctl -n hw.logicalcpu)" PATH=/usr/local/opt/ccache/libexec:$PATH
2022-12-27T11:24:42.2707910Z   CIBW_BEFORE_BUILD: pip install Cython; if [[ -f requirements.txt ]]; then pip install -r requirements.txt; fi
2022-12-27T11:24:42.2708160Z   MAKEFLAGS: -j$(sysctl -n hw.logicalcpu)
2022-12-27T11:24:42.2708350Z ##[endgroup]
2022-12-27T11:24:42.7337900Z Requirement already satisfied: cibuildwheel==2.11.3 in /Users/runner/hostedtoolcache/Python/3.10.9/x64/lib/python3.10/site-packages (2.11.3)
2022-12-27T11:24:42.7588420Z Requirement already satisfied: filelock in /Users/runner/hostedtoolcache/Python/3.10.9/x64/lib/python3.10/site-packages (from cibuildwheel==2.11.3) (3.8.2)
2022-12-27T11:24:42.7591510Z Requirement already satisfied: certifi in /Users/runner/hostedtoolcache/Python/3.10.9/x64/lib/python3.10/site-packages (from cibuildwheel==2.11.3) (2022.12.7)
2022-12-27T11:24:42.7595010Z Requirement already satisfied: platformdirs in /Users/runner/hostedtoolcache/Python/3.10.9/x64/lib/python3.10/site-packages (from cibuildwheel==2.11.3) (2.6.0)
2022-12-27T11:24:42.7600960Z Requirement already satisfied: tomli in /Users/runner/hostedtoolcache/Python/3.10.9/x64/lib/python3.10/site-packages (from cibuildwheel==2.11.3) (2.0.1)
2022-12-27T11:24:42.7610700Z Requirement already satisfied: typing-extensions>=4.1.0 in /Users/runner/hostedtoolcache/Python/3.10.9/x64/lib/python3.10/site-packages (from cibuildwheel==2.11.3) (4.4.0)
2022-12-27T11:24:42.7615630Z Requirement already satisfied: packaging>=20.9 in /Users/runner/hostedtoolcache/Python/3.10.9/x64/lib/python3.10/site-packages (from cibuildwheel==2.11.3) (22.0)
2022-12-27T11:24:42.7620760Z Requirement already satisfied: bashlex!=0.13 in /Users/runner/hostedtoolcache/Python/3.10.9/x64/lib/python3.10/site-packages (from cibuildwheel==2.11.3) (0.16)
2022-12-27T11:24:42.7624150Z Requirement already satisfied: bracex in /Users/runner/hostedtoolcache/Python/3.10.9/x64/lib/python3.10/site-packages (from cibuildwheel==2.11.3) (2.3.post1)
2022-12-27T11:24:42.9482030Z 
2022-12-27T11:24:42.9482470Z      _ _       _ _   _       _           _
2022-12-27T11:24:42.9483130Z  ___|_| |_ _ _|_| |_| |_ _ _| |_ ___ ___| |
2022-12-27T11:24:42.9484140Z |  _| | . | | | | | . | | | |   | -_| -_| |
2022-12-27T11:24:42.9485450Z |___|_|___|___|_|_|___|_____|_|_|___|___|_|
2022-12-27T11:24:42.9485610Z 
2022-12-27T11:24:42.9485770Z cibuildwheel version 2.11.3
2022-12-27T11:24:42.9485960Z 
2022-12-27T11:24:42.9486100Z Build options:
2022-12-27T11:24:42.9486380Z   platform: macos
2022-12-27T11:24:42.9545100Z   architectures: arm64[0m
2022-12-27T11:24:42.9546140Z   build_selector: 
2022-12-27T11:24:42.9546780Z     build_config: cp310-macosx_arm64
2022-12-27T11:24:42.9547230Z     skip_config: 
2022-12-27T11:24:42.9547570Z     requires_python: None
2022-12-27T11:24:42.9548360Z     prerelease_pythons: False[0m
2022-12-27T11:24:42.9548780Z   [38;5;244mcontainer_engine: docker[0m
2022-12-27T11:24:42.9549310Z   output_dir: /Users/runner/actions-runner/_work/python.build/python.build/build_lxml20beta2310/wheelsout[0m
2022-12-27T11:24:42.9549970Z   package_dir: /Users/runner/actions-runner/_work/python.build/python.build/build_lxml20beta2310/lxml-2.0beta2[0m
2022-12-27T11:24:42.9550500Z   test_selector: 
2022-12-27T11:24:42.9550830Z     skip_config: *_arm64[0m
2022-12-27T11:24:42.9551180Z   [38;5;244mbefore_all: [0m
2022-12-27T11:24:42.9551720Z   before_build: pip install Cython; if [[ -f requirements.txt ]]; then pip install -r requirements.txt; fi[0m
2022-12-27T11:24:42.9552190Z   [38;5;244mbefore_test: [0m
2022-12-27T11:24:42.9552610Z   [38;5;244mbuild_frontend: pip[0m
2022-12-27T11:24:42.9552970Z   build_verbosity: 3[0m
2022-12-27T11:24:42.9553330Z   [38;5;244mconfig_settings: [0m
2022-12-27T11:24:42.9553690Z   [38;5;244mdependency_constraints: pinned[0m
2022-12-27T11:24:42.9553990Z   environment: 
2022-12-27T11:24:42.9554480Z     CFLAGS="-I/usr/local/opt/openssl@3/include"
2022-12-27T11:24:42.9554860Z     LDFLAGS="-L/usr/local/opt/openssl@3/lib"
2022-12-27T11:24:42.9555280Z     CPPFLAGS="-I/usr/local/opt/openssl@3/include"
2022-12-27T11:24:42.9555700Z     MAKEFLAGS="-j$(sysctl -n hw.logicalcpu)"
2022-12-27T11:24:42.9556090Z     PATH=/usr/local/opt/ccache/libexec:$PATH[0m
2022-12-27T11:24:42.9556600Z   [38;5;244mmanylinux_images: None[0m
2022-12-27T11:24:42.9557100Z   [38;5;244mmusllinux_images: None[0m
2022-12-27T11:24:42.9557640Z   [38;5;244mrepair_command: delocate-wheel --require-archs {delocate_archs} -w {dest_dir} -v {wheel}[0m
2022-12-27T11:24:42.9558390Z   [38;5;244mtest_command: [0m
2022-12-27T11:24:42.9558830Z   [38;5;244mtest_extras: [0m
2022-12-27T11:24:42.9559190Z   [38;5;244mtest_requires: [0m
2022-12-27T11:24:42.9559360Z 
2022-12-27T11:24:42.9559500Z Cache folder: /Users/runner/Library/Caches/cibuildwheel
2022-12-27T11:24:42.9563090Z 
2022-12-27T11:24:42.9563300Z Here we go!
2022-12-27T11:24:42.9563450Z 
2022-12-27T11:24:42.9688520Z 
2022-12-27T11:24:42.9689100Z [1m[34mBuilding cp310-macosx_arm64 wheel[0m
2022-12-27T11:24:42.9689480Z CPython 3.10 macOS arm64 - Apple Silicon
2022-12-27T11:24:42.9689640Z 
2022-12-27T11:24:42.9691630Z ##[group]Installing Python cp310...
2022-12-27T11:24:42.9691940Z 
2022-12-27T11:24:42.9692130Z + pkgutil --pkgs
2022-12-27T11:24:42.9801640Z ##[endgroup]
2022-12-27T11:24:42.9802570Z                                                               [32mâœ“ [0m0.01s
2022-12-27T11:24:42.9803180Z ##[group]Setting up build environment...
2022-12-27T11:24:42.9803530Z 
2022-12-27T11:24:42.9823690Z + /Users/runner/hostedtoolcache/Python/3.10.9/x64/bin/python -sS /Users/runner/Library/Caches/cibuildwheel/virtualenv-20.17.0.pyz --activators= --no-periodic-update --pip=22.3.1 --setuptools=65.6.3 --wheel=0.38.4 --symlink-app-data --python /Library/Frameworks/Python.framework/Versions/3.10/bin/python3 /private/var/folders/51/hd414ycd67n82196sw51xqtc0000gn/T/cibw-run-ehoy71ta/cp310-macosx_arm64/build/venv
2022-12-27T11:24:43.1721180Z created virtual environment CPython3.10.8.final.0-64 in 49ms
2022-12-27T11:24:43.1721890Z   creator CPython3Posix(dest=/private/var/folders/51/hd414ycd67n82196sw51xqtc0000gn/T/cibw-run-ehoy71ta/cp310-macosx_arm64/build/venv, clear=False, no_vcs_ignore=False, global=False)
2022-12-27T11:24:43.1722630Z   seeder FromAppData(download=False, pip=22.3.1, setuptools=65.6.3, wheel=0.38.4, via=symlink, app_data_dir=/Users/runner/Library/Application Support/virtualenv)
2022-12-27T11:24:43.1723010Z     added seed packages: pip==22.3.1, setuptools==65.6.3, wheel==0.38.4
2022-12-27T11:24:43.1855620Z + python -m pip install --upgrade pip -c /Users/runner/hostedtoolcache/Python/3.10.9/x64/lib/python3.10/site-packages/cibuildwheel/resources/constraints-python310.txt
2022-12-27T11:24:43.4630030Z Requirement already satisfied: pip in ./lib/python3.10/site-packages (22.3.1)
2022-12-27T11:24:43.5933900Z + which pip
2022-12-27T11:24:43.5952190Z /private/var/folders/51/hd414ycd67n82196sw51xqtc0000gn/T/cibw-run-ehoy71ta/cp310-macosx_arm64/build/venv/bin/pip
2022-12-27T11:24:43.5954190Z + pip --version
2022-12-27T11:24:43.7995750Z pip 22.3.1 from /private/var/folders/51/hd414ycd67n82196sw51xqtc0000gn/T/cibw-run-ehoy71ta/cp310-macosx_arm64/build/venv/lib/python3.10/site-packages/pip (python 3.10)
2022-12-27T11:24:43.8248830Z + which pip
2022-12-27T11:24:43.8274820Z + which python
2022-12-27T11:24:43.8295910Z /private/var/folders/51/hd414ycd67n82196sw51xqtc0000gn/T/cibw-run-ehoy71ta/cp310-macosx_arm64/build/venv/bin/python
2022-12-27T11:24:43.8298130Z + python --version
2022-12-27T11:24:43.8345630Z Python 3.10.8
2022-12-27T11:24:43.8350260Z + which python
2022-12-27T11:24:43.8406430Z ##[endgroup]
2022-12-27T11:24:43.8406950Z                                                               [32mâœ“ [0m0.86s
2022-12-27T11:24:43.8407680Z ##[group]Installing build tools...
2022-12-27T11:24:43.8407840Z 
2022-12-27T11:24:43.8408290Z + pip install --upgrade setuptools wheel delocate -c /Users/runner/hostedtoolcache/Python/3.10.9/x64/lib/python3.10/site-packages/cibuildwheel/resources/constraints-python310.txt
2022-12-27T11:24:44.1088590Z Requirement already satisfied: setuptools in /private/var/folders/51/hd414ycd67n82196sw51xqtc0000gn/T/cibw-run-ehoy71ta/cp310-macosx_arm64/build/venv/lib/python3.10/site-packages (65.6.3)
2022-12-27T11:24:44.2937060Z Requirement already satisfied: wheel in /private/var/folders/51/hd414ycd67n82196sw51xqtc0000gn/T/cibw-run-ehoy71ta/cp310-macosx_arm64/build/venv/lib/python3.10/site-packages (0.38.4)
2022-12-27T11:24:44.3397650Z Collecting delocate
2022-12-27T11:24:44.3420930Z   Using cached delocate-0.10.3-py3-none-any.whl (142 kB)
2022-12-27T11:24:44.3629040Z Collecting typing-extensions
2022-12-27T11:24:44.3646660Z   Using cached typing_extensions-4.4.0-py3-none-any.whl (26 kB)
2022-12-27T11:24:44.3871220Z Collecting packaging>=20.9
2022-12-27T11:24:44.3889370Z   Using cached packaging-21.3-py3-none-any.whl (40 kB)
2022-12-27T11:24:44.4217440Z Collecting pyparsing!=3.0.5,>=2.0.2
2022-12-27T11:24:44.4234430Z   Using cached pyparsing-3.0.9-py3-none-any.whl (98 kB)
2022-12-27T11:24:44.4545300Z Installing collected packages: typing-extensions, pyparsing, packaging, delocate
2022-12-27T11:24:44.5818130Z Successfully installed delocate-0.10.3 packaging-21.3 pyparsing-3.0.9 typing-extensions-4.4.0
2022-12-27T11:24:44.6253560Z ##[endgroup]
2022-12-27T11:24:44.6254240Z                                                               [32mâœ“ [0m0.78s
2022-12-27T11:24:44.6254850Z ##[group]Running before_build...
2022-12-27T11:24:44.6255010Z 
2022-12-27T11:24:44.6261270Z + pip install Cython; if [[ -f requirements.txt ]]; then pip install -r requirements.txt; fi
2022-12-27T11:24:45.1972760Z Collecting Cython
2022-12-27T11:24:45.2017550Z   Using cached Cython-0.29.32-py2.py3-none-any.whl (986 kB)
2022-12-27T11:24:45.2457140Z Installing collected packages: Cython
2022-12-27T11:24:45.6256480Z Successfully installed Cython-0.29.32
2022-12-27T11:24:45.6688890Z ##[endgroup]
2022-12-27T11:24:45.6689550Z                                                               [32mâœ“ [0m1.04s
2022-12-27T11:24:45.6690000Z ##[group]Building wheel...
2022-12-27T11:24:45.6690160Z 
2022-12-27T11:24:45.6694710Z + python -m pip wheel /Users/runner/actions-runner/_work/python.build/python.build/build_lxml20beta2310/lxml-2.0beta2 --wheel-dir=/private/var/folders/51/hd414ycd67n82196sw51xqtc0000gn/T/cibw-run-ehoy71ta/cp310-macosx_arm64/built_wheel --no-deps -vvv
2022-12-27T11:24:45.9171190Z Created temporary directory: /private/var/folders/51/hd414ycd67n82196sw51xqtc0000gn/T/pip-ephem-wheel-cache-4iee2k2g
2022-12-27T11:24:45.9176550Z Created temporary directory: /private/var/folders/51/hd414ycd67n82196sw51xqtc0000gn/T/pip-build-tracker-gwipq01e
2022-12-27T11:24:45.9177730Z Initialized build tracking at /private/var/folders/51/hd414ycd67n82196sw51xqtc0000gn/T/pip-build-tracker-gwipq01e
2022-12-27T11:24:45.9179060Z Created build tracker: /private/var/folders/51/hd414ycd67n82196sw51xqtc0000gn/T/pip-build-tracker-gwipq01e
2022-12-27T11:24:45.9180470Z Entered build tracker: /private/var/folders/51/hd414ycd67n82196sw51xqtc0000gn/T/pip-build-tracker-gwipq01e
2022-12-27T11:24:45.9183750Z Created temporary directory: /private/var/folders/51/hd414ycd67n82196sw51xqtc0000gn/T/pip-wheel-1nhv9zqn
2022-12-27T11:24:45.9189390Z Created temporary directory: /private/var/folders/51/hd414ycd67n82196sw51xqtc0000gn/T/pip-ephem-wheel-cache-l2mnbwnr
2022-12-27T11:24:45.9336380Z Processing /Users/runner/actions-runner/_work/python.build/python.build/build_lxml20beta2310/lxml-2.0beta2
2022-12-27T11:24:45.9341670Z   Added file:///Users/runner/actions-runner/_work/python.build/python.build/build_lxml20beta2310/lxml-2.0beta2 to build tracker '/private/var/folders/51/hd414ycd67n82196sw51xqtc0000gn/T/pip-build-tracker-gwipq01e'
2022-12-27T11:24:45.9345240Z   Running setup.py (path:/Users/runner/actions-runner/_work/python.build/python.build/build_lxml20beta2310/lxml-2.0beta2/setup.py) egg_info for package from file:///Users/runner/actions-runner/_work/python.build/python.build/build_lxml20beta2310/lxml-2.0beta2
2022-12-27T11:24:45.9347860Z   Created temporary directory: /private/var/folders/51/hd414ycd67n82196sw51xqtc0000gn/T/pip-pip-egg-info-r_uh2pvw
2022-12-27T11:24:45.9349460Z   Preparing metadata (setup.py): started
2022-12-27T11:24:45.9351020Z   Running command python setup.py egg_info
2022-12-27T11:24:46.2656300Z   /private/var/folders/51/hd414ycd67n82196sw51xqtc0000gn/T/cibw-run-ehoy71ta/cp310-macosx_arm64/build/venv/lib/python3.10/site-packages/setuptools/dist.py:529: UserWarning: Normalizing '2.0beta2' to '2.0b2'
2022-12-27T11:24:46.2657330Z     warnings.warn(tmpl.format(**locals()))
2022-12-27T11:24:46.2704940Z   Building with Cython 0.29.32.
2022-12-27T11:24:46.2705920Z   Building lxml version 2.0.beta2.
2022-12-27T11:24:46.2707450Z   running egg_info
2022-12-27T11:24:46.2712310Z   creating /private/var/folders/51/hd414ycd67n82196sw51xqtc0000gn/T/pip-pip-egg-info-r_uh2pvw/lxml.egg-info
2022-12-27T11:24:46.2723430Z   writing /private/var/folders/51/hd414ycd67n82196sw51xqtc0000gn/T/pip-pip-egg-info-r_uh2pvw/lxml.egg-info/PKG-INFO
2022-12-27T11:24:46.2727540Z   writing dependency_links to /private/var/folders/51/hd414ycd67n82196sw51xqtc0000gn/T/pip-pip-egg-info-r_uh2pvw/lxml.egg-info/dependency_links.txt
2022-12-27T11:24:46.2731120Z   writing top-level names to /private/var/folders/51/hd414ycd67n82196sw51xqtc0000gn/T/pip-pip-egg-info-r_uh2pvw/lxml.egg-info/top_level.txt
2022-12-27T11:24:46.2733100Z   writing manifest file '/private/var/folders/51/hd414ycd67n82196sw51xqtc0000gn/T/pip-pip-egg-info-r_uh2pvw/lxml.egg-info/SOURCES.txt'
2022-12-27T11:24:46.2784000Z   reading manifest file '/private/var/folders/51/hd414ycd67n82196sw51xqtc0000gn/T/pip-pip-egg-info-r_uh2pvw/lxml.egg-info/SOURCES.txt'
2022-12-27T11:24:46.2785540Z   reading manifest template 'MANIFEST.in'
2022-12-27T11:24:46.3505680Z   warning: no previously-included files found matching 'doc/pyrex.txt'
2022-12-27T11:24:46.3507350Z   warning: no previously-included files found matching 'src/lxml/etree.pxi'
2022-12-27T11:24:46.3509230Z   adding license file 'LICENSES.txt'
2022-12-27T11:24:46.3560750Z   writing manifest file '/private/var/folders/51/hd414ycd67n82196sw51xqtc0000gn/T/pip-pip-egg-info-r_uh2pvw/lxml.egg-info/SOURCES.txt'
2022-12-27T11:24:46.3825210Z   Preparing metadata (setup.py): finished with status 'done'
2022-12-27T11:24:46.3846930Z   Source in /Users/runner/actions-runner/_work/python.build/python.build/build_lxml20beta2310/lxml-2.0beta2 has version 2.0b2, which satisfies requirement lxml==2.0b2 from file:///Users/runner/actions-runner/_work/python.build/python.build/build_lxml20beta2310/lxml-2.0beta2
2022-12-27T11:24:46.3849480Z   Removed lxml==2.0b2 from file:///Users/runner/actions-runner/_work/python.build/python.build/build_lxml20beta2310/lxml-2.0beta2 from build tracker '/private/var/folders/51/hd414ycd67n82196sw51xqtc0000gn/T/pip-build-tracker-gwipq01e'
2022-12-27T11:24:46.3864170Z Created temporary directory: /private/var/folders/51/hd414ycd67n82196sw51xqtc0000gn/T/pip-unpack-9vz29h5j
2022-12-27T11:24:46.3866240Z Building wheels for collected packages: lxml
2022-12-27T11:24:46.3873010Z   Created temporary directory: /private/var/folders/51/hd414ycd67n82196sw51xqtc0000gn/T/pip-wheel-067tkuv1
2022-12-27T11:24:46.3873650Z   Building wheel for lxml (setup.py): started
2022-12-27T11:24:46.3875680Z   Destination directory: /private/var/folders/51/hd414ycd67n82196sw51xqtc0000gn/T/pip-wheel-067tkuv1
2022-12-27T11:24:46.3876380Z   Running command python setup.py bdist_wheel
2022-12-27T11:24:46.6103060Z   Building with Cython 0.29.32.
2022-12-27T11:24:46.6104510Z   Building lxml version 2.0.beta2.
2022-12-27T11:24:46.7169580Z   /private/var/folders/51/hd414ycd67n82196sw51xqtc0000gn/T/cibw-run-ehoy71ta/cp310-macosx_arm64/build/venv/lib/python3.10/site-packages/setuptools/dist.py:529: UserWarning: Normalizing '2.0beta2' to '2.0b2'
2022-12-27T11:24:46.7170370Z     warnings.warn(tmpl.format(**locals()))
2022-12-27T11:24:46.7294380Z   running bdist_wheel
2022-12-27T11:24:46.7330540Z   running build
2022-12-27T11:24:46.7332120Z   running build_py
2022-12-27T11:24:46.7354350Z   creating build
2022-12-27T11:24:46.7356430Z   creating build/lib.macosx-11.0-arm64-cpython-310
2022-12-27T11:24:46.7358370Z   creating build/lib.macosx-11.0-arm64-cpython-310/lxml
2022-12-27T11:24:46.7360520Z   copying src/lxml/_elementpath.py -> build/lib.macosx-11.0-arm64-cpython-310/lxml
2022-12-27T11:24:46.7362010Z   copying src/lxml/sax.py -> build/lib.macosx-11.0-arm64-cpython-310/lxml
2022-12-27T11:24:46.7363740Z   copying src/lxml/__init__.py -> build/lib.macosx-11.0-arm64-cpython-310/lxml
2022-12-27T11:24:46.7365380Z   copying src/lxml/builder.py -> build/lib.macosx-11.0-arm64-cpython-310/lxml
2022-12-27T11:24:46.7369890Z   copying src/lxml/doctestcompare.py -> build/lib.macosx-11.0-arm64-cpython-310/lxml
2022-12-27T11:24:46.7371240Z   copying src/lxml/usedoctest.py -> build/lib.macosx-11.0-arm64-cpython-310/lxml
2022-12-27T11:24:46.7373990Z   copying src/lxml/cssselect.py -> build/lib.macosx-11.0-arm64-cpython-310/lxml
2022-12-27T11:24:46.7375940Z   copying src/lxml/htmlbuilder.py -> build/lib.macosx-11.0-arm64-cpython-310/lxml
2022-12-27T11:24:46.7378710Z   copying src/lxml/ElementInclude.py -> build/lib.macosx-11.0-arm64-cpython-310/lxml
2022-12-27T11:24:46.7384820Z   creating build/lib.macosx-11.0-arm64-cpython-310/lxml/html
2022-12-27T11:24:46.7386230Z   copying src/lxml/html/defs.py -> build/lib.macosx-11.0-arm64-cpython-310/lxml/html
2022-12-27T11:24:46.7388880Z   copying src/lxml/html/setmixin.py -> build/lib.macosx-11.0-arm64-cpython-310/lxml/html
2022-12-27T11:24:46.7390870Z   copying src/lxml/html/clean.py -> build/lib.macosx-11.0-arm64-cpython-310/lxml/html
2022-12-27T11:24:46.7393960Z   copying src/lxml/html/_diffcommand.py -> build/lib.macosx-11.0-arm64-cpython-310/lxml/html
2022-12-27T11:24:46.7396340Z   copying src/lxml/html/__init__.py -> build/lib.macosx-11.0-arm64-cpython-310/lxml/html
2022-12-27T11:24:46.7399100Z   copying src/lxml/html/formfill.py -> build/lib.macosx-11.0-arm64-cpython-310/lxml/html
2022-12-27T11:24:46.7401090Z   copying src/lxml/html/builder.py -> build/lib.macosx-11.0-arm64-cpython-310/lxml/html
2022-12-27T11:24:46.7404040Z   copying src/lxml/html/ElementSoup.py -> build/lib.macosx-11.0-arm64-cpython-310/lxml/html
2022-12-27T11:24:46.7406010Z   copying src/lxml/html/usedoctest.py -> build/lib.macosx-11.0-arm64-cpython-310/lxml/html
2022-12-27T11:24:46.7408980Z   copying src/lxml/html/diff.py -> build/lib.macosx-11.0-arm64-cpython-310/lxml/html
2022-12-27T11:24:46.7417700Z   running build_ext
2022-12-27T11:24:46.7531650Z   skipping 'src/lxml/lxml.etree.c' Cython extension (up-to-date)
2022-12-27T11:24:46.7533410Z   skipping 'src/lxml/lxml.objectify.c' Cython extension (up-to-date)
2022-12-27T11:24:46.7535160Z   skipping 'src/lxml/lxml.pyclasslookup.c' Cython extension (up-to-date)
2022-12-27T11:24:46.7536630Z   building 'lxml.etree' extension
2022-12-27T11:24:46.7538600Z   creating build/temp.macosx-11.0-arm64-cpython-310
2022-12-27T11:24:46.7540100Z   creating build/temp.macosx-11.0-arm64-cpython-310/src
2022-12-27T11:24:46.7542190Z   creating build/temp.macosx-11.0-arm64-cpython-310/src/lxml
2022-12-27T11:24:46.7544750Z   clang -Wno-unused-result -Wsign-compare -Wunreachable-code -fno-common -dynamic -DNDEBUG -g -fwrapv -O3 -Wall -g -I/usr/local/opt/openssl@3/include -I/usr/local/opt/openssl@3/include -arch arm64 -I/private/var/folders/51/hd414ycd67n82196sw51xqtc0000gn/T/cibw-run-ehoy71ta/cp310-macosx_arm64/build/venv/include -I/Library/Frameworks/Python.framework/Versions/3.10/include/python3.10 -c src/lxml/lxml.etree.c -o build/temp.macosx-11.0-arm64-cpython-310/src/lxml/lxml.etree.o -w b'-I/Library/Developer/CommandLineTools/SDKs/MacOSX12.1.sdk/usr/include\n'
2022-12-27T11:24:46.7736180Z   clang: error: no such file or directory: 'b'-I/Library/Developer/CommandLineTools/SDKs/MacOSX12.1.sdk/usr/include\n''
2022-12-27T11:24:46.7750830Z   error: command '/usr/bin/clang' failed with exit code 1
2022-12-27T11:24:46.8078480Z   error: subprocess-exited-with-error
2022-12-27T11:24:46.8078780Z   
2022-12-27T11:24:46.8079150Z   Ã— python setup.py bdist_wheel did not run successfully.
2022-12-27T11:24:46.8079480Z   â”‚ exit code: 1
2022-12-27T11:24:46.8080090Z   â•°â”€> See above for output.
2022-12-27T11:24:46.8080280Z   
2022-12-27T11:24:46.8080590Z   note: This error originates from a subprocess, and is likely not a problem with pip.
2022-12-27T11:24:46.8086260Z   full command: /private/var/folders/51/hd414ycd67n82196sw51xqtc0000gn/T/cibw-run-ehoy71ta/cp310-macosx_arm64/build/venv/bin/python -u -c '
2022-12-27T11:24:46.8086910Z   exec(compile('"'"''"'"''"'"'
2022-12-27T11:24:46.8088840Z   # This is <pip-setuptools-caller> -- a caller that pip uses to run setup.py
2022-12-27T11:24:46.8089750Z   #
2022-12-27T11:24:46.8090160Z   # - It imports setuptools before invoking setup.py, to enable projects that directly
2022-12-27T11:24:46.8090510Z   #   import from `distutils.core` to work with newer packaging standards.
2022-12-27T11:24:46.8091030Z   # - It provides a clear error message when setuptools is not installed.
2022-12-27T11:24:46.8091730Z   # - It sets `sys.argv[0]` to the underlying `setup.py`, when invoking `setup.py` so
2022-12-27T11:24:46.8092230Z   #   setuptools doesn'"'"'t think the script is `-c`. This avoids the following warning:
2022-12-27T11:24:46.8092900Z   #     manifest_maker: standard file '"'"'-c'"'"' not found".
2022-12-27T11:24:46.8093510Z   # - It generates a shim setup.py, for handling setup.cfg-only projects.
2022-12-27T11:24:46.8093870Z   import os, sys, tokenize
2022-12-27T11:24:46.8094070Z   
2022-12-27T11:24:46.8094390Z   try:
2022-12-27T11:24:46.8094630Z       import setuptools
2022-12-27T11:24:46.8094900Z   except ImportError as error:
2022-12-27T11:24:46.8095320Z       print(
2022-12-27T11:24:46.8095890Z           "ERROR: Can not execute `setup.py` since setuptools is not available in "
2022-12-27T11:24:46.8096310Z           "the build environment.",
2022-12-27T11:24:46.8096540Z           file=sys.stderr,
2022-12-27T11:24:46.8096850Z       )
2022-12-27T11:24:46.8097110Z       sys.exit(1)
2022-12-27T11:24:46.8097300Z   
2022-12-27T11:24:46.8097530Z   __file__ = %r
2022-12-27T11:24:46.8097850Z   sys.argv[0] = __file__
2022-12-27T11:24:46.8098130Z   
2022-12-27T11:24:46.8098500Z   if os.path.exists(__file__):
2022-12-27T11:24:46.8160340Z       filename = __file__
2022-12-27T11:24:46.8160530Z       with tokenize.open(__file__) as f:
2022-12-27T11:24:46.8160710Z           setup_py_code = f.read()
2022-12-27T11:24:46.8161370Z   else:
2022-12-27T11:24:46.8161790Z       filename = "<auto-generated setuptools caller>"
2022-12-27T11:24:46.8161970Z       setup_py_code = "from setuptools import setup; setup()"
2022-12-27T11:24:46.8162250Z   Building wheel for lxml (setup.py): finished with status 'error'
2022-12-27T11:24:46.8162450Z   
2022-12-27T11:24:46.8162580Z   exec(compile(setup_py_code, filename, "exec"))
2022-12-27T11:24:46.8163060Z   '"'"''"'"''"'"' % ('"'"'/Users/runner/actions-runner/_work/python.build/python.build/build_lxml20beta2310/lxml-2.0beta2/setup.py'"'"',), "<pip-setuptools-caller>", "exec"))' bdist_wheel -d /private/var/folders/51/hd414ycd67n82196sw51xqtc0000gn/T/pip-wheel-067tkuv1
2022-12-27T11:24:46.8163490Z   cwd: /Users/runner/actions-runner/_work/python.build/python.build/build_lxml20beta2310/lxml-2.0beta2/
2022-12-27T11:24:46.8163660Z   ERROR: Failed building wheel for lxml
2022-12-27T11:24:46.8163810Z   Running command python setup.py clean
2022-12-27T11:24:46.8163960Z   Running setup.py clean for lxml
2022-12-27T11:24:47.0290030Z   Building with Cython 0.29.32.
2022-12-27T11:24:47.0290730Z   Building lxml version 2.0.beta2.
2022-12-27T11:24:47.1368690Z   /private/var/folders/51/hd414ycd67n82196sw51xqtc0000gn/T/cibw-run-ehoy71ta/cp310-macosx_arm64/build/venv/lib/python3.10/site-packages/setuptools/dist.py:529: UserWarning: Normalizing '2.0beta2' to '2.0b2'
2022-12-27T11:24:47.1369380Z     warnings.warn(tmpl.format(**locals()))
2022-12-27T11:24:47.1399640Z   running clean
2022-12-27T11:24:47.1422560Z   removing 'build/temp.macosx-11.0-arm64-cpython-310' (and everything under it)
2022-12-27T11:24:47.1427490Z   removing 'build/lib.macosx-11.0-arm64-cpython-310' (and everything under it)
2022-12-27T11:24:47.1442950Z   'build/bdist.macosx-11.0-arm64' does not exist -- can't clean it
2022-12-27T11:24:47.1444540Z   'build/scripts-3.10' does not exist -- can't clean it
2022-12-27T11:24:47.1445830Z   removing 'build'
2022-12-27T11:24:47.1703960Z Failed to build lxml
2022-12-27T11:24:47.1708130Z ERROR: Failed to build one or more wheels
2022-12-27T11:24:47.1716820Z Exception information:
2022-12-27T11:24:47.1717200Z Traceback (most recent call last):
2022-12-27T11:24:47.1724930Z   File "/private/var/folders/51/hd414ycd67n82196sw51xqtc0000gn/T/cibw-run-ehoy71ta/cp310-macosx_arm64/build/venv/lib/python3.10/site-packages/pip/_internal/cli/base_command.py", line 160, in exc_logging_wrapper
2022-12-27T11:24:47.1725390Z     status = run_func(*args)
2022-12-27T11:24:47.1726090Z   File "/private/var/folders/51/hd414ycd67n82196sw51xqtc0000gn/T/cibw-run-ehoy71ta/cp310-macosx_arm64/build/venv/lib/python3.10/site-packages/pip/_internal/cli/req_command.py", line 247, in wrapper
2022-12-27T11:24:47.1726460Z     return func(self, options, args)
2022-12-27T11:24:47.1727030Z   File "/private/var/folders/51/hd414ycd67n82196sw51xqtc0000gn/T/cibw-run-ehoy71ta/cp310-macosx_arm64/build/venv/lib/python3.10/site-packages/pip/_internal/commands/wheel.py", line 201, in run
2022-12-27T11:24:47.1727430Z     raise CommandError("Failed to build one or more wheels")
2022-12-27T11:24:47.1727740Z pip._internal.exceptions.CommandError: Failed to build one or more wheels
2022-12-27T11:24:47.1728270Z Removed build tracker: '/private/var/folders/51/hd414ycd67n82196sw51xqtc0000gn/T/pip-build-tracker-gwipq01e'
2022-12-27T11:24:47.2139040Z ##[endgroup]
2022-12-27T11:24:47.2162510Z ##[error]Command ['python', '-m', 'pip', 'wheel', '/Users/runner/actions-runner/_work/python.build/python.build/build_lxml20beta2310/lxml-2.0beta2', '--wheel-dir=/private/var/folders/51/hd414ycd67n82196sw51xqtc0000gn/T/cibw-run-ehoy71ta/cp310-macosx_arm64/built_wheel', '--no-deps', '-vvv'] failed with code 1. None
2022-12-27T11:24:47.2168460Z 
2022-12-27T11:24:47.2168790Z                                                               [31mâœ• [0m1.55s
2022-12-27T11:24:47.2597320Z ##[error]Process completed with exit code 1.
2022-12-27T11:24:47.2631360Z ##[group]Run rm -rf build_lxml20beta2310 wheelsout
2022-12-27T11:24:47.2631630Z [36;1mrm -rf build_lxml20beta2310 wheelsout[0m
2022-12-27T11:24:47.2646400Z shell: /bin/bash -e {0}
2022-12-27T11:24:47.2646580Z env:
2022-12-27T11:24:47.2646780Z   pythonLocation: /Users/runner/hostedtoolcache/Python/3.10.9/x64
2022-12-27T11:24:47.2647080Z   PKG_CONFIG_PATH: /Users/runner/hostedtoolcache/Python/3.10.9/x64/lib/pkgconfig
2022-12-27T11:24:47.2647330Z   Python_ROOT_DIR: /Users/runner/hostedtoolcache/Python/3.10.9/x64
2022-12-27T11:24:47.2647560Z   Python2_ROOT_DIR: /Users/runner/hostedtoolcache/Python/3.10.9/x64
2022-12-27T11:24:47.2647790Z   Python3_ROOT_DIR: /Users/runner/hostedtoolcache/Python/3.10.9/x64
2022-12-27T11:24:47.2647950Z ##[endgroup]
2022-12-27T11:24:47.3161960Z Cleaning up orphan processes
