2022-12-27T08:49:23.4354089Z Requested labels: self-hosted, macOS, X64
2022-12-27T08:49:23.4354165Z Job defined at: kilnbuild/python.build/.github/workflows/mac_arm_build.yml@refs/heads/main
2022-12-27T08:49:23.4354194Z Waiting for a runner to pick up this job...
2022-12-27T11:17:01.5505847Z Job is about to start running on the runner: k2 (organization)
2022-12-27T11:17:03.9352000Z Current runner version: '2.300.2'
2022-12-27T11:17:03.9356930Z Runner name: 'k2'
2022-12-27T11:17:03.9357170Z Runner group name: 'Default'
2022-12-27T11:17:03.9357590Z Machine name: 'k2'
2022-12-27T11:17:03.9359060Z ##[group]GITHUB_TOKEN Permissions
2022-12-27T11:17:03.9359480Z Actions: write
2022-12-27T11:17:03.9359610Z Checks: write
2022-12-27T11:17:03.9359740Z Contents: write
2022-12-27T11:17:03.9359880Z Deployments: write
2022-12-27T11:17:03.9360010Z Discussions: write
2022-12-27T11:17:03.9360150Z Issues: write
2022-12-27T11:17:03.9360270Z Metadata: read
2022-12-27T11:17:03.9360400Z Packages: write
2022-12-27T11:17:03.9360530Z Pages: write
2022-12-27T11:17:03.9360660Z PullRequests: write
2022-12-27T11:17:03.9360820Z RepositoryProjects: write
2022-12-27T11:17:03.9360980Z SecurityEvents: write
2022-12-27T11:17:03.9361120Z Statuses: write
2022-12-27T11:17:03.9361240Z ##[endgroup]
2022-12-27T11:17:03.9363930Z Secret source: Actions
2022-12-27T11:17:03.9364240Z Prepare workflow directory
2022-12-27T11:17:04.0006620Z Prepare all required actions
2022-12-27T11:17:04.0123560Z Getting action download info
2022-12-27T11:17:04.4588180Z Download action repository 'actions/setup-python@v4' (SHA:5ccb29d8773c3f3f653e1705f474dfaa8a06a912)
2022-12-27T11:17:06.2252690Z Download action repository 'actions/upload-artifact@v3' (SHA:83fd05a356d7e2593de66fc9913b3002723633cb)
2022-12-27T11:17:07.5398560Z ##[group]Run echo '{
2022-12-27T11:17:07.5398850Z [36;1mecho '{[0m
2022-12-27T11:17:07.5398980Z [36;1m  "package_name": "lxml",[0m
2022-12-27T11:17:07.5399240Z [36;1m  "package_url": "https://files.pythonhosted.org/packages/3b/94/e2b1b3bad91d15526c7e38918795883cee18b93f6785ea8ecf13f8ffa01e/lxml-4.8.0.tar.gz",[0m
2022-12-27T11:17:07.5399470Z [36;1m  "package_version": "4.8.0",[0m
2022-12-27T11:17:07.5399610Z [36;1m  "python_version": "3.11",[0m
2022-12-27T11:17:07.5399780Z [36;1m  "use_ccache": "true"[0m
2022-12-27T11:17:07.5399920Z [36;1m}'[0m
2022-12-27T11:17:07.5415760Z shell: /bin/bash -e {0}
2022-12-27T11:17:07.5415990Z ##[endgroup]
2022-12-27T11:17:07.5639080Z {
2022-12-27T11:17:07.5640390Z   "package_name": "lxml",
2022-12-27T11:17:07.5641050Z   "package_url": "https://files.pythonhosted.org/packages/3b/94/e2b1b3bad91d15526c7e38918795883cee18b93f6785ea8ecf13f8ffa01e/lxml-4.8.0.tar.gz",
2022-12-27T11:17:07.5641330Z   "package_version": "4.8.0",
2022-12-27T11:17:07.5641610Z   "python_version": "3.11",
2022-12-27T11:17:07.5641760Z   "use_ccache": "true"
2022-12-27T11:17:07.5641930Z }
2022-12-27T11:17:07.5851020Z ##[group]Run actions/setup-python@v4
2022-12-27T11:17:07.5851270Z with:
2022-12-27T11:17:07.5851500Z   python-version: 3.11
2022-12-27T11:17:07.5851660Z   check-latest: false
2022-12-27T11:17:07.5851950Z   token: ***
2022-12-27T11:17:07.5852130Z   update-environment: true
2022-12-27T11:17:07.5852270Z ##[endgroup]
2022-12-27T11:17:07.7052260Z ##[group]Installed versions
2022-12-27T11:17:07.7154140Z Successfully set up CPython (3.11.1)
2022-12-27T11:17:07.7154930Z ##[endgroup]
2022-12-27T11:17:07.7298590Z ##[group]Run if [ "true" == "true" ]
2022-12-27T11:17:07.7298920Z [36;1mif [ "true" == "true" ][0m
2022-12-27T11:17:07.7299120Z [36;1mthen[0m
2022-12-27T11:17:07.7299410Z [36;1m  echo "CCACHE_PATH_PREPEND=/usr/local/opt/ccache/libexec" >> $GITHUB_OUTPUT[0m
2022-12-27T11:17:07.7299590Z [36;1melse[0m
2022-12-27T11:17:07.7299780Z [36;1m  echo "CCACHE_PATH_PREPEND=" >> $GITHUB_OUTPUT[0m
2022-12-27T11:17:07.7300230Z [36;1mfi[0m
2022-12-27T11:17:07.7317890Z shell: /bin/bash -e {0}
2022-12-27T11:17:07.7318060Z env:
2022-12-27T11:17:07.7318290Z   pythonLocation: /Users/runner/hostedtoolcache/Python/3.11.1/x64
2022-12-27T11:17:07.7318560Z   PKG_CONFIG_PATH: /Users/runner/hostedtoolcache/Python/3.11.1/x64/lib/pkgconfig
2022-12-27T11:17:07.7318790Z   Python_ROOT_DIR: /Users/runner/hostedtoolcache/Python/3.11.1/x64
2022-12-27T11:17:07.7319120Z   Python2_ROOT_DIR: /Users/runner/hostedtoolcache/Python/3.11.1/x64
2022-12-27T11:17:07.7319420Z   Python3_ROOT_DIR: /Users/runner/hostedtoolcache/Python/3.11.1/x64
2022-12-27T11:17:07.7319910Z ##[endgroup]
2022-12-27T11:17:07.7429540Z ##[group]Run echo "BUILD_NAME=$(echo lxml_4.8.0_3.11 | tr -dc '[:alnum:]\n\r' | tr '[:upper:]' '[:lower:]')" >> $GITHUB_OUTPUT
2022-12-27T11:17:07.7430010Z [36;1mecho "BUILD_NAME=$(echo lxml_4.8.0_3.11 | tr -dc '[:alnum:]\n\r' | tr '[:upper:]' '[:lower:]')" >> $GITHUB_OUTPUT[0m
2022-12-27T11:17:07.7444440Z shell: /bin/bash -e {0}
2022-12-27T11:17:07.7444630Z env:
2022-12-27T11:17:07.7444840Z   pythonLocation: /Users/runner/hostedtoolcache/Python/3.11.1/x64
2022-12-27T11:17:07.7445170Z   PKG_CONFIG_PATH: /Users/runner/hostedtoolcache/Python/3.11.1/x64/lib/pkgconfig
2022-12-27T11:17:07.7445510Z   Python_ROOT_DIR: /Users/runner/hostedtoolcache/Python/3.11.1/x64
2022-12-27T11:17:07.7445730Z   Python2_ROOT_DIR: /Users/runner/hostedtoolcache/Python/3.11.1/x64
2022-12-27T11:17:07.7445960Z   Python3_ROOT_DIR: /Users/runner/hostedtoolcache/Python/3.11.1/x64
2022-12-27T11:17:07.7446170Z ##[endgroup]
2022-12-27T11:17:07.7594630Z ##[group]Run echo "PYTHON_NO_DOTS=$(echo 3.11 | tr -dc '[:alnum:]\n\r' | tr '[:upper:]' '[:lower:]')" >> $GITHUB_OUTPUT
2022-12-27T11:17:07.7595150Z [36;1mecho "PYTHON_NO_DOTS=$(echo 3.11 | tr -dc '[:alnum:]\n\r' | tr '[:upper:]' '[:lower:]')" >> $GITHUB_OUTPUT[0m
2022-12-27T11:17:07.7609880Z shell: /bin/bash -e {0}
2022-12-27T11:17:07.7610030Z env:
2022-12-27T11:17:07.7610300Z   pythonLocation: /Users/runner/hostedtoolcache/Python/3.11.1/x64
2022-12-27T11:17:07.7610550Z   PKG_CONFIG_PATH: /Users/runner/hostedtoolcache/Python/3.11.1/x64/lib/pkgconfig
2022-12-27T11:17:07.7610760Z   Python_ROOT_DIR: /Users/runner/hostedtoolcache/Python/3.11.1/x64
2022-12-27T11:17:07.7610990Z   Python2_ROOT_DIR: /Users/runner/hostedtoolcache/Python/3.11.1/x64
2022-12-27T11:17:07.7611220Z   Python3_ROOT_DIR: /Users/runner/hostedtoolcache/Python/3.11.1/x64
2022-12-27T11:17:07.7611450Z ##[endgroup]
2022-12-27T11:17:07.7722080Z ##[group]Run rm -rf build_lxml480311
2022-12-27T11:17:07.7722450Z [36;1mrm -rf build_lxml480311[0m
2022-12-27T11:17:07.7722610Z [36;1mmkdir build_lxml480311[0m
2022-12-27T11:17:07.7722840Z [36;1mcd build_lxml480311[0m
2022-12-27T11:17:07.7723120Z [36;1m/usr/local/bin/wget --quiet https://files.pythonhosted.org/packages/3b/94/e2b1b3bad91d15526c7e38918795883cee18b93f6785ea8ecf13f8ffa01e/lxml-4.8.0.tar.gz[0m
2022-12-27T11:17:07.7723390Z [36;1mtar xf *.tar.gz[0m
2022-12-27T11:17:07.7723520Z [36;1mcd *[0m
2022-12-27T11:17:07.7723700Z [36;1mpython -m pip install cibuildwheel==2.11.3[0m
2022-12-27T11:17:07.7723950Z [36;1mpython -m cibuildwheel --output-dir ../wheelsout[0m
2022-12-27T11:17:07.7738150Z shell: /bin/bash -e {0}
2022-12-27T11:17:07.7738330Z env:
2022-12-27T11:17:07.7738580Z   pythonLocation: /Users/runner/hostedtoolcache/Python/3.11.1/x64
2022-12-27T11:17:07.7738840Z   PKG_CONFIG_PATH: /Users/runner/hostedtoolcache/Python/3.11.1/x64/lib/pkgconfig
2022-12-27T11:17:07.7739110Z   Python_ROOT_DIR: /Users/runner/hostedtoolcache/Python/3.11.1/x64
2022-12-27T11:17:07.7739310Z   Python2_ROOT_DIR: /Users/runner/hostedtoolcache/Python/3.11.1/x64
2022-12-27T11:17:07.7739540Z   Python3_ROOT_DIR: /Users/runner/hostedtoolcache/Python/3.11.1/x64
2022-12-27T11:17:07.7739760Z   CIBW_ARCHS_MACOS: arm64
2022-12-27T11:17:07.7739900Z   CIBW_TEST_SKIP: *_arm64
2022-12-27T11:17:07.7740060Z   CIBW_BUILD: cp311-macosx_arm64
2022-12-27T11:17:07.7740230Z   CIBW_BUILD_FRONTEND: pip
2022-12-27T11:17:07.7740380Z   CIBW_BUILD_VERBOSITY: 3
2022-12-27T11:17:07.7740710Z   CIBW_ENVIRONMENT_MACOS:  CFLAGS="-I/usr/local/opt/openssl@3/include" LDFLAGS="-L/usr/local/opt/openssl@3/lib" CPPFLAGS="-I/usr/local/opt/openssl@3/include" MAKEFLAGS="-j$(sysctl -n hw.logicalcpu)" PATH=/usr/local/opt/ccache/libexec:$PATH
2022-12-27T11:17:07.7741070Z   CIBW_BEFORE_BUILD: pip install Cython; if [[ -f requirements.txt ]]; then pip install -r requirements.txt; fi
2022-12-27T11:17:07.7741300Z   MAKEFLAGS: -j$(sysctl -n hw.logicalcpu)
2022-12-27T11:17:07.7741470Z ##[endgroup]
2022-12-27T11:17:08.2208030Z Requirement already satisfied: cibuildwheel==2.11.3 in /Library/Frameworks/Python.framework/Versions/3.11/lib/python3.11/site-packages (2.11.3)
2022-12-27T11:17:08.2523520Z Requirement already satisfied: bashlex!=0.13 in /Library/Frameworks/Python.framework/Versions/3.11/lib/python3.11/site-packages (from cibuildwheel==2.11.3) (0.16)
2022-12-27T11:17:08.2530240Z Requirement already satisfied: bracex in /Library/Frameworks/Python.framework/Versions/3.11/lib/python3.11/site-packages (from cibuildwheel==2.11.3) (2.3.post1)
2022-12-27T11:17:08.2536480Z Requirement already satisfied: certifi in /Library/Frameworks/Python.framework/Versions/3.11/lib/python3.11/site-packages (from cibuildwheel==2.11.3) (2022.12.7)
2022-12-27T11:17:08.2542780Z Requirement already satisfied: filelock in /Library/Frameworks/Python.framework/Versions/3.11/lib/python3.11/site-packages (from cibuildwheel==2.11.3) (3.8.2)
2022-12-27T11:17:08.2551890Z Requirement already satisfied: packaging>=20.9 in /Library/Frameworks/Python.framework/Versions/3.11/lib/python3.11/site-packages (from cibuildwheel==2.11.3) (22.0)
2022-12-27T11:17:08.2559900Z Requirement already satisfied: platformdirs in /Library/Frameworks/Python.framework/Versions/3.11/lib/python3.11/site-packages (from cibuildwheel==2.11.3) (2.6.0)
2022-12-27T11:17:08.4780950Z 
2022-12-27T11:17:08.4781110Z      _ _       _ _   _       _           _
2022-12-27T11:17:08.4781520Z  ___|_| |_ _ _|_| |_| |_ _ _| |_ ___ ___| |
2022-12-27T11:17:08.4782580Z |  _| | . | | | | | . | | | |   | -_| -_| |
2022-12-27T11:17:08.4782860Z |___|_|___|___|_|_|___|_____|_|_|___|___|_|
2022-12-27T11:17:08.4783040Z 
2022-12-27T11:17:08.4783160Z cibuildwheel version 2.11.3
2022-12-27T11:17:08.4783320Z 
2022-12-27T11:17:08.4783430Z Build options:
2022-12-27T11:17:08.4783770Z   platform: macos
2022-12-27T11:17:08.4900030Z   architectures: arm64[0m
2022-12-27T11:17:08.4900540Z   build_selector: 
2022-12-27T11:17:08.4902290Z     build_config: cp311-macosx_arm64
2022-12-27T11:17:08.4902680Z     skip_config: 
2022-12-27T11:17:08.4903220Z     requires_python: None
2022-12-27T11:17:08.4903720Z     prerelease_pythons: False[0m
2022-12-27T11:17:08.4904040Z   [38;5;244mcontainer_engine: docker[0m
2022-12-27T11:17:08.4904510Z   output_dir: /Users/runner/actions-runner/_work/python.build/python.build/build_lxml480311/wheelsout[0m
2022-12-27T11:17:08.4905150Z   package_dir: /Users/runner/actions-runner/_work/python.build/python.build/build_lxml480311/lxml-4.8.0[0m
2022-12-27T11:17:08.4905540Z   test_selector: 
2022-12-27T11:17:08.4905810Z     skip_config: *_arm64[0m
2022-12-27T11:17:08.4906110Z   [38;5;244mbefore_all: [0m
2022-12-27T11:17:08.4906580Z   before_build: pip install Cython; if [[ -f requirements.txt ]]; then pip install -r requirements.txt; fi[0m
2022-12-27T11:17:08.4907020Z   [38;5;244mbefore_test: [0m
2022-12-27T11:17:08.4907290Z   [38;5;244mbuild_frontend: pip[0m
2022-12-27T11:17:08.4907600Z   build_verbosity: 3[0m
2022-12-27T11:17:08.4907900Z   [38;5;244mconfig_settings: [0m
2022-12-27T11:17:08.4908200Z   [38;5;244mdependency_constraints: pinned[0m
2022-12-27T11:17:08.4908500Z   environment: 
2022-12-27T11:17:08.4908830Z     CFLAGS="-I/usr/local/opt/openssl@3/include"
2022-12-27T11:17:08.4909140Z     LDFLAGS="-L/usr/local/opt/openssl@3/lib"
2022-12-27T11:17:08.4909500Z     CPPFLAGS="-I/usr/local/opt/openssl@3/include"
2022-12-27T11:17:08.4909850Z     MAKEFLAGS="-j$(sysctl -n hw.logicalcpu)"
2022-12-27T11:17:08.4910230Z     PATH=/usr/local/opt/ccache/libexec:$PATH[0m
2022-12-27T11:17:08.4910530Z   [38;5;244mmanylinux_images: None[0m
2022-12-27T11:17:08.4910770Z   [38;5;244mmusllinux_images: None[0m
2022-12-27T11:17:08.4911100Z   [38;5;244mrepair_command: delocate-wheel --require-archs {delocate_archs} -w {dest_dir} -v {wheel}[0m
2022-12-27T11:17:08.4911400Z   [38;5;244mtest_command: [0m
2022-12-27T11:17:08.4911680Z   [38;5;244mtest_extras: [0m
2022-12-27T11:17:08.4911920Z   [38;5;244mtest_requires: [0m
2022-12-27T11:17:08.4912000Z 
2022-12-27T11:17:08.4912130Z Cache folder: /Users/runner/Library/Caches/cibuildwheel
2022-12-27T11:17:08.4915820Z 
2022-12-27T11:17:08.4916200Z Here we go!
2022-12-27T11:17:08.4916320Z 
2022-12-27T11:17:08.5025750Z 
2022-12-27T11:17:08.5026390Z [1m[34mBuilding cp311-macosx_arm64 wheel[0m
2022-12-27T11:17:08.5026840Z CPython 3.11 macOS arm64 - Apple Silicon
2022-12-27T11:17:08.5027020Z 
2022-12-27T11:17:08.5028740Z ##[group]Installing Python cp311...
2022-12-27T11:17:08.5028940Z 
2022-12-27T11:17:08.5029200Z + pkgutil --pkgs
2022-12-27T11:17:08.5128490Z ##[endgroup]
2022-12-27T11:17:08.5129210Z                                                               [32m✓ [0m0.01s
2022-12-27T11:17:08.5129640Z ##[group]Setting up build environment...
2022-12-27T11:17:08.5129770Z 
2022-12-27T11:17:08.5146930Z + /Library/Frameworks/Python.framework/Versions/3.11/bin/python -sS /Users/runner/Library/Caches/cibuildwheel/virtualenv-20.17.0.pyz --activators= --no-periodic-update --pip=22.3.1 --setuptools=65.6.3 --wheel=0.38.4 --symlink-app-data --python /Library/Frameworks/Python.framework/Versions/3.11/bin/python3 /private/var/folders/51/hd414ycd67n82196sw51xqtc0000gn/T/cibw-run-9u8a_6e8/cp311-macosx_arm64/build/venv
2022-12-27T11:17:08.7020660Z created virtual environment CPython3.11.1.final.0-64 in 53ms
2022-12-27T11:17:08.7021370Z   creator CPython3Posix(dest=/private/var/folders/51/hd414ycd67n82196sw51xqtc0000gn/T/cibw-run-9u8a_6e8/cp311-macosx_arm64/build/venv, clear=False, no_vcs_ignore=False, global=False)
2022-12-27T11:17:08.7021840Z   seeder FromAppData(download=False, pip=22.3.1, setuptools=65.6.3, wheel=0.38.4, via=symlink, app_data_dir=/Users/runner/Library/Application Support/virtualenv)
2022-12-27T11:17:08.7022220Z     added seed packages: pip==22.3.1, setuptools==65.6.3, wheel==0.38.4
2022-12-27T11:17:08.7162380Z + python -m pip install --upgrade pip -c /Library/Frameworks/Python.framework/Versions/3.11/lib/python3.11/site-packages/cibuildwheel/resources/constraints-python311.txt
2022-12-27T11:17:08.9865350Z Requirement already satisfied: pip in ./lib/python3.11/site-packages (22.3.1)
2022-12-27T11:17:09.1138870Z + which pip
2022-12-27T11:17:09.1155590Z /private/var/folders/51/hd414ycd67n82196sw51xqtc0000gn/T/cibw-run-9u8a_6e8/cp311-macosx_arm64/build/venv/bin/pip
2022-12-27T11:17:09.1158580Z + pip --version
2022-12-27T11:17:09.3093440Z pip 22.3.1 from /private/var/folders/51/hd414ycd67n82196sw51xqtc0000gn/T/cibw-run-9u8a_6e8/cp311-macosx_arm64/build/venv/lib/python3.11/site-packages/pip (python 3.11)
2022-12-27T11:17:09.3368090Z + which pip
2022-12-27T11:17:09.3394700Z + which python
2022-12-27T11:17:09.3412500Z /private/var/folders/51/hd414ycd67n82196sw51xqtc0000gn/T/cibw-run-9u8a_6e8/cp311-macosx_arm64/build/venv/bin/python
2022-12-27T11:17:09.3414260Z + python --version
2022-12-27T11:17:09.3470180Z Python 3.11.1
2022-12-27T11:17:09.3473350Z + which python
2022-12-27T11:17:09.3527490Z ##[endgroup]
2022-12-27T11:17:09.3528030Z                                                               [32m✓ [0m0.84s
2022-12-27T11:17:09.3528490Z ##[group]Installing build tools...
2022-12-27T11:17:09.3528620Z 
2022-12-27T11:17:09.3529010Z + pip install --upgrade setuptools wheel delocate -c /Library/Frameworks/Python.framework/Versions/3.11/lib/python3.11/site-packages/cibuildwheel/resources/constraints-python311.txt
2022-12-27T11:17:09.6152030Z Requirement already satisfied: setuptools in /private/var/folders/51/hd414ycd67n82196sw51xqtc0000gn/T/cibw-run-9u8a_6e8/cp311-macosx_arm64/build/venv/lib/python3.11/site-packages (65.6.3)
2022-12-27T11:17:09.7881310Z Requirement already satisfied: wheel in /private/var/folders/51/hd414ycd67n82196sw51xqtc0000gn/T/cibw-run-9u8a_6e8/cp311-macosx_arm64/build/venv/lib/python3.11/site-packages (0.38.4)
2022-12-27T11:17:09.8262410Z Collecting delocate
2022-12-27T11:17:09.8285220Z   Using cached delocate-0.10.3-py3-none-any.whl (142 kB)
2022-12-27T11:17:09.8539390Z Collecting packaging>=20.9
2022-12-27T11:17:09.8557410Z   Using cached packaging-21.3-py3-none-any.whl (40 kB)
2022-12-27T11:17:09.8706130Z Collecting typing-extensions
2022-12-27T11:17:09.8723670Z   Using cached typing_extensions-4.4.0-py3-none-any.whl (26 kB)
2022-12-27T11:17:09.9028730Z Collecting pyparsing!=3.0.5,>=2.0.2
2022-12-27T11:17:09.9046650Z   Using cached pyparsing-3.0.9-py3-none-any.whl (98 kB)
2022-12-27T11:17:09.9604330Z Installing collected packages: typing-extensions, pyparsing, packaging, delocate
2022-12-27T11:17:10.0885610Z Successfully installed delocate-0.10.3 packaging-21.3 pyparsing-3.0.9 typing-extensions-4.4.0
2022-12-27T11:17:10.1347730Z ##[endgroup]
2022-12-27T11:17:10.1348320Z                                                               [32m✓ [0m0.78s
2022-12-27T11:17:10.1348960Z ##[group]Running before_build...
2022-12-27T11:17:10.1349130Z 
2022-12-27T11:17:10.1353350Z + pip install Cython; if [[ -f requirements.txt ]]; then pip install -r requirements.txt; fi
2022-12-27T11:17:10.6997960Z Collecting Cython
2022-12-27T11:17:10.7043020Z   Using cached Cython-0.29.32-py2.py3-none-any.whl (986 kB)
2022-12-27T11:17:10.7449840Z Installing collected packages: Cython
2022-12-27T11:17:11.1809370Z Successfully installed Cython-0.29.32
2022-12-27T11:17:11.4913300Z Requirement already satisfied: Cython>=0.29.7 in /private/var/folders/51/hd414ycd67n82196sw51xqtc0000gn/T/cibw-run-9u8a_6e8/cp311-macosx_arm64/build/venv/lib/python3.11/site-packages (from -r requirements.txt (line 1)) (0.29.32)
2022-12-27T11:17:11.5634010Z ##[endgroup]
2022-12-27T11:17:11.5634780Z                                                               [32m✓ [0m1.43s
2022-12-27T11:17:11.5635400Z ##[group]Building wheel...
2022-12-27T11:17:11.5635580Z 
2022-12-27T11:17:11.5639480Z + python -m pip wheel /Users/runner/actions-runner/_work/python.build/python.build/build_lxml480311/lxml-4.8.0 --wheel-dir=/private/var/folders/51/hd414ycd67n82196sw51xqtc0000gn/T/cibw-run-9u8a_6e8/cp311-macosx_arm64/built_wheel --no-deps -vvv
2022-12-27T11:17:11.8069150Z Created temporary directory: /private/var/folders/51/hd414ycd67n82196sw51xqtc0000gn/T/pip-ephem-wheel-cache-b5hnlc3w
2022-12-27T11:17:11.8072430Z Created temporary directory: /private/var/folders/51/hd414ycd67n82196sw51xqtc0000gn/T/pip-build-tracker-4hua4bsz
2022-12-27T11:17:11.8074270Z Initialized build tracking at /private/var/folders/51/hd414ycd67n82196sw51xqtc0000gn/T/pip-build-tracker-4hua4bsz
2022-12-27T11:17:11.8075470Z Created build tracker: /private/var/folders/51/hd414ycd67n82196sw51xqtc0000gn/T/pip-build-tracker-4hua4bsz
2022-12-27T11:17:11.8076830Z Entered build tracker: /private/var/folders/51/hd414ycd67n82196sw51xqtc0000gn/T/pip-build-tracker-4hua4bsz
2022-12-27T11:17:11.8079990Z Created temporary directory: /private/var/folders/51/hd414ycd67n82196sw51xqtc0000gn/T/pip-wheel-2g62a6e9
2022-12-27T11:17:11.8085250Z Created temporary directory: /private/var/folders/51/hd414ycd67n82196sw51xqtc0000gn/T/pip-ephem-wheel-cache-xwaavk_d
2022-12-27T11:17:11.8158150Z Processing /Users/runner/actions-runner/_work/python.build/python.build/build_lxml480311/lxml-4.8.0
2022-12-27T11:17:11.8162660Z   Added file:///Users/runner/actions-runner/_work/python.build/python.build/build_lxml480311/lxml-4.8.0 to build tracker '/private/var/folders/51/hd414ycd67n82196sw51xqtc0000gn/T/pip-build-tracker-4hua4bsz'
2022-12-27T11:17:11.8165760Z   Running setup.py (path:/Users/runner/actions-runner/_work/python.build/python.build/build_lxml480311/lxml-4.8.0/setup.py) egg_info for package from file:///Users/runner/actions-runner/_work/python.build/python.build/build_lxml480311/lxml-4.8.0
2022-12-27T11:17:11.8168410Z   Created temporary directory: /private/var/folders/51/hd414ycd67n82196sw51xqtc0000gn/T/pip-pip-egg-info-cakyv7o5
2022-12-27T11:17:11.8169420Z   Preparing metadata (setup.py): started
2022-12-27T11:17:11.8170730Z   Running command python setup.py egg_info
2022-12-27T11:17:12.1538620Z   Building lxml version 4.8.0.
2022-12-27T11:17:12.1539000Z   Building without Cython.
2022-12-27T11:17:12.1540320Z   Building against libxml2 2.9.4 and libxslt 1.1.29
2022-12-27T11:17:12.1541840Z   Building against libxml2/libxslt in the following directory: /Library/Developer/CommandLineTools/SDKs/MacOSX12.1.sdk/usr/lib
2022-12-27T11:17:12.1542660Z   running egg_info
2022-12-27T11:17:12.1544700Z   creating /private/var/folders/51/hd414ycd67n82196sw51xqtc0000gn/T/pip-pip-egg-info-cakyv7o5/lxml.egg-info
2022-12-27T11:17:12.1545990Z   writing /private/var/folders/51/hd414ycd67n82196sw51xqtc0000gn/T/pip-pip-egg-info-cakyv7o5/lxml.egg-info/PKG-INFO
2022-12-27T11:17:12.1547480Z   writing dependency_links to /private/var/folders/51/hd414ycd67n82196sw51xqtc0000gn/T/pip-pip-egg-info-cakyv7o5/lxml.egg-info/dependency_links.txt
2022-12-27T11:17:12.1550940Z   writing requirements to /private/var/folders/51/hd414ycd67n82196sw51xqtc0000gn/T/pip-pip-egg-info-cakyv7o5/lxml.egg-info/requires.txt
2022-12-27T11:17:12.1552370Z   writing top-level names to /private/var/folders/51/hd414ycd67n82196sw51xqtc0000gn/T/pip-pip-egg-info-cakyv7o5/lxml.egg-info/top_level.txt
2022-12-27T11:17:12.1553530Z   writing manifest file '/private/var/folders/51/hd414ycd67n82196sw51xqtc0000gn/T/pip-pip-egg-info-cakyv7o5/lxml.egg-info/SOURCES.txt'
2022-12-27T11:17:12.1637960Z   reading manifest file '/private/var/folders/51/hd414ycd67n82196sw51xqtc0000gn/T/pip-pip-egg-info-cakyv7o5/lxml.egg-info/SOURCES.txt'
2022-12-27T11:17:12.1640260Z   reading manifest template 'MANIFEST.in'
2022-12-27T11:17:12.2345360Z   adding license file 'LICENSE.txt'
2022-12-27T11:17:12.2346890Z   adding license file 'LICENSES.txt'
2022-12-27T11:17:12.2379410Z   writing manifest file '/private/var/folders/51/hd414ycd67n82196sw51xqtc0000gn/T/pip-pip-egg-info-cakyv7o5/lxml.egg-info/SOURCES.txt'
2022-12-27T11:17:12.2659800Z   Preparing metadata (setup.py): finished with status 'done'
2022-12-27T11:17:12.2683360Z   Source in /Users/runner/actions-runner/_work/python.build/python.build/build_lxml480311/lxml-4.8.0 has version 4.8.0, which satisfies requirement lxml==4.8.0 from file:///Users/runner/actions-runner/_work/python.build/python.build/build_lxml480311/lxml-4.8.0
2022-12-27T11:17:12.2686960Z   Removed lxml==4.8.0 from file:///Users/runner/actions-runner/_work/python.build/python.build/build_lxml480311/lxml-4.8.0 from build tracker '/private/var/folders/51/hd414ycd67n82196sw51xqtc0000gn/T/pip-build-tracker-4hua4bsz'
2022-12-27T11:17:12.2846750Z Created temporary directory: /private/var/folders/51/hd414ycd67n82196sw51xqtc0000gn/T/pip-unpack-d7jaiyts
2022-12-27T11:17:12.2847970Z Building wheels for collected packages: lxml
2022-12-27T11:17:12.2853780Z   Created temporary directory: /private/var/folders/51/hd414ycd67n82196sw51xqtc0000gn/T/pip-wheel-lhqy_qxc
2022-12-27T11:17:12.2855010Z   Building wheel for lxml (setup.py): started
2022-12-27T11:17:12.2856730Z   Destination directory: /private/var/folders/51/hd414ycd67n82196sw51xqtc0000gn/T/pip-wheel-lhqy_qxc
2022-12-27T11:17:12.2857660Z   Running command python setup.py bdist_wheel
2022-12-27T11:17:12.4261030Z   Building lxml version 4.8.0.
2022-12-27T11:17:12.4262320Z   Building without Cython.
2022-12-27T11:17:12.4561510Z   Building against libxml2 2.9.4 and libxslt 1.1.29
2022-12-27T11:17:12.6034810Z   Building against libxml2/libxslt in the following directory: /Library/Developer/CommandLineTools/SDKs/MacOSX12.1.sdk/usr/lib
2022-12-27T11:17:12.6280980Z   running bdist_wheel
2022-12-27T11:17:12.6319300Z   running build
2022-12-27T11:17:12.6320680Z   running build_py
2022-12-27T11:17:12.6339620Z   creating build
2022-12-27T11:17:12.6341410Z   creating build/lib.macosx-11.0-arm64-cpython-311
2022-12-27T11:17:12.6342620Z   creating build/lib.macosx-11.0-arm64-cpython-311/lxml
2022-12-27T11:17:12.6344340Z   copying src/lxml/_elementpath.py -> build/lib.macosx-11.0-arm64-cpython-311/lxml
2022-12-27T11:17:12.6347360Z   copying src/lxml/sax.py -> build/lib.macosx-11.0-arm64-cpython-311/lxml
2022-12-27T11:17:12.6350200Z   copying src/lxml/pyclasslookup.py -> build/lib.macosx-11.0-arm64-cpython-311/lxml
2022-12-27T11:17:12.6351910Z   copying src/lxml/__init__.py -> build/lib.macosx-11.0-arm64-cpython-311/lxml
2022-12-27T11:17:12.6354280Z   copying src/lxml/builder.py -> build/lib.macosx-11.0-arm64-cpython-311/lxml
2022-12-27T11:17:12.6357220Z   copying src/lxml/doctestcompare.py -> build/lib.macosx-11.0-arm64-cpython-311/lxml
2022-12-27T11:17:12.6359870Z   copying src/lxml/usedoctest.py -> build/lib.macosx-11.0-arm64-cpython-311/lxml
2022-12-27T11:17:12.6362030Z   copying src/lxml/cssselect.py -> build/lib.macosx-11.0-arm64-cpython-311/lxml
2022-12-27T11:17:12.6365420Z   copying src/lxml/ElementInclude.py -> build/lib.macosx-11.0-arm64-cpython-311/lxml
2022-12-27T11:17:12.6369100Z   creating build/lib.macosx-11.0-arm64-cpython-311/lxml/includes
2022-12-27T11:17:12.6370690Z   copying src/lxml/includes/__init__.py -> build/lib.macosx-11.0-arm64-cpython-311/lxml/includes
2022-12-27T11:17:12.6375910Z   creating build/lib.macosx-11.0-arm64-cpython-311/lxml/html
2022-12-27T11:17:12.6377720Z   copying src/lxml/html/soupparser.py -> build/lib.macosx-11.0-arm64-cpython-311/lxml/html
2022-12-27T11:17:12.6379100Z   copying src/lxml/html/defs.py -> build/lib.macosx-11.0-arm64-cpython-311/lxml/html
2022-12-27T11:17:12.6381790Z   copying src/lxml/html/_setmixin.py -> build/lib.macosx-11.0-arm64-cpython-311/lxml/html
2022-12-27T11:17:12.6384430Z   copying src/lxml/html/clean.py -> build/lib.macosx-11.0-arm64-cpython-311/lxml/html
2022-12-27T11:17:12.6386800Z   copying src/lxml/html/_diffcommand.py -> build/lib.macosx-11.0-arm64-cpython-311/lxml/html
2022-12-27T11:17:12.6389290Z   copying src/lxml/html/html5parser.py -> build/lib.macosx-11.0-arm64-cpython-311/lxml/html
2022-12-27T11:17:12.6391510Z   copying src/lxml/html/__init__.py -> build/lib.macosx-11.0-arm64-cpython-311/lxml/html
2022-12-27T11:17:12.6394350Z   copying src/lxml/html/formfill.py -> build/lib.macosx-11.0-arm64-cpython-311/lxml/html
2022-12-27T11:17:12.6397210Z   copying src/lxml/html/builder.py -> build/lib.macosx-11.0-arm64-cpython-311/lxml/html
2022-12-27T11:17:12.6399540Z   copying src/lxml/html/ElementSoup.py -> build/lib.macosx-11.0-arm64-cpython-311/lxml/html
2022-12-27T11:17:12.6402210Z   copying src/lxml/html/_html5builder.py -> build/lib.macosx-11.0-arm64-cpython-311/lxml/html
2022-12-27T11:17:12.6404390Z   copying src/lxml/html/usedoctest.py -> build/lib.macosx-11.0-arm64-cpython-311/lxml/html
2022-12-27T11:17:12.6406640Z   copying src/lxml/html/diff.py -> build/lib.macosx-11.0-arm64-cpython-311/lxml/html
2022-12-27T11:17:12.6410650Z   creating build/lib.macosx-11.0-arm64-cpython-311/lxml/isoschematron
2022-12-27T11:17:12.6411980Z   copying src/lxml/isoschematron/__init__.py -> build/lib.macosx-11.0-arm64-cpython-311/lxml/isoschematron
2022-12-27T11:17:12.6435480Z   copying src/lxml/etree.h -> build/lib.macosx-11.0-arm64-cpython-311/lxml
2022-12-27T11:17:12.6438160Z   copying src/lxml/etree_api.h -> build/lib.macosx-11.0-arm64-cpython-311/lxml
2022-12-27T11:17:12.6441250Z   copying src/lxml/lxml.etree.h -> build/lib.macosx-11.0-arm64-cpython-311/lxml
2022-12-27T11:17:12.6444500Z   copying src/lxml/lxml.etree_api.h -> build/lib.macosx-11.0-arm64-cpython-311/lxml
2022-12-27T11:17:12.6446810Z   copying src/lxml/includes/xmlerror.pxd -> build/lib.macosx-11.0-arm64-cpython-311/lxml/includes
2022-12-27T11:17:12.6450790Z   copying src/lxml/includes/c14n.pxd -> build/lib.macosx-11.0-arm64-cpython-311/lxml/includes
2022-12-27T11:17:12.6452650Z   copying src/lxml/includes/xmlschema.pxd -> build/lib.macosx-11.0-arm64-cpython-311/lxml/includes
2022-12-27T11:17:12.6455310Z   copying src/lxml/includes/__init__.pxd -> build/lib.macosx-11.0-arm64-cpython-311/lxml/includes
2022-12-27T11:17:12.6457170Z   copying src/lxml/includes/schematron.pxd -> build/lib.macosx-11.0-arm64-cpython-311/lxml/includes
2022-12-27T11:17:12.6460060Z   copying src/lxml/includes/tree.pxd -> build/lib.macosx-11.0-arm64-cpython-311/lxml/includes
2022-12-27T11:17:12.6462910Z   copying src/lxml/includes/uri.pxd -> build/lib.macosx-11.0-arm64-cpython-311/lxml/includes
2022-12-27T11:17:12.6465750Z   copying src/lxml/includes/etreepublic.pxd -> build/lib.macosx-11.0-arm64-cpython-311/lxml/includes
2022-12-27T11:17:12.6468260Z   copying src/lxml/includes/xpath.pxd -> build/lib.macosx-11.0-arm64-cpython-311/lxml/includes
2022-12-27T11:17:12.6471410Z   copying src/lxml/includes/htmlparser.pxd -> build/lib.macosx-11.0-arm64-cpython-311/lxml/includes
2022-12-27T11:17:12.6473560Z   copying src/lxml/includes/xslt.pxd -> build/lib.macosx-11.0-arm64-cpython-311/lxml/includes
2022-12-27T11:17:12.6476390Z   copying src/lxml/includes/config.pxd -> build/lib.macosx-11.0-arm64-cpython-311/lxml/includes
2022-12-27T11:17:12.6478780Z   copying src/lxml/includes/xmlparser.pxd -> build/lib.macosx-11.0-arm64-cpython-311/lxml/includes
2022-12-27T11:17:12.6481510Z   copying src/lxml/includes/xinclude.pxd -> build/lib.macosx-11.0-arm64-cpython-311/lxml/includes
2022-12-27T11:17:12.6483840Z   copying src/lxml/includes/dtdvalid.pxd -> build/lib.macosx-11.0-arm64-cpython-311/lxml/includes
2022-12-27T11:17:12.6486500Z   copying src/lxml/includes/relaxng.pxd -> build/lib.macosx-11.0-arm64-cpython-311/lxml/includes
2022-12-27T11:17:12.6489100Z   copying src/lxml/includes/lxml-version.h -> build/lib.macosx-11.0-arm64-cpython-311/lxml/includes
2022-12-27T11:17:12.6491660Z   copying src/lxml/includes/etree_defs.h -> build/lib.macosx-11.0-arm64-cpython-311/lxml/includes
2022-12-27T11:17:12.6494760Z   creating build/lib.macosx-11.0-arm64-cpython-311/lxml/isoschematron/resources
2022-12-27T11:17:12.6495930Z   creating build/lib.macosx-11.0-arm64-cpython-311/lxml/isoschematron/resources/rng
2022-12-27T11:17:12.6497100Z   copying src/lxml/isoschematron/resources/rng/iso-schematron.rng -> build/lib.macosx-11.0-arm64-cpython-311/lxml/isoschematron/resources/rng
2022-12-27T11:17:12.6499700Z   creating build/lib.macosx-11.0-arm64-cpython-311/lxml/isoschematron/resources/xsl
2022-12-27T11:17:12.6501160Z   copying src/lxml/isoschematron/resources/xsl/XSD2Schtrn.xsl -> build/lib.macosx-11.0-arm64-cpython-311/lxml/isoschematron/resources/xsl
2022-12-27T11:17:12.6503610Z   copying src/lxml/isoschematron/resources/xsl/RNG2Schtrn.xsl -> build/lib.macosx-11.0-arm64-cpython-311/lxml/isoschematron/resources/xsl
2022-12-27T11:17:12.6507060Z   creating build/lib.macosx-11.0-arm64-cpython-311/lxml/isoschematron/resources/xsl/iso-schematron-xslt1
2022-12-27T11:17:12.6508210Z   copying src/lxml/isoschematron/resources/xsl/iso-schematron-xslt1/iso_abstract_expand.xsl -> build/lib.macosx-11.0-arm64-cpython-311/lxml/isoschematron/resources/xsl/iso-schematron-xslt1
2022-12-27T11:17:12.6510670Z   copying src/lxml/isoschematron/resources/xsl/iso-schematron-xslt1/iso_dsdl_include.xsl -> build/lib.macosx-11.0-arm64-cpython-311/lxml/isoschematron/resources/xsl/iso-schematron-xslt1
2022-12-27T11:17:12.6514060Z   copying src/lxml/isoschematron/resources/xsl/iso-schematron-xslt1/iso_schematron_skeleton_for_xslt1.xsl -> build/lib.macosx-11.0-arm64-cpython-311/lxml/isoschematron/resources/xsl/iso-schematron-xslt1
2022-12-27T11:17:12.6517110Z   copying src/lxml/isoschematron/resources/xsl/iso-schematron-xslt1/iso_svrl_for_xslt1.xsl -> build/lib.macosx-11.0-arm64-cpython-311/lxml/isoschematron/resources/xsl/iso-schematron-xslt1
2022-12-27T11:17:12.6519910Z   copying src/lxml/isoschematron/resources/xsl/iso-schematron-xslt1/iso_schematron_message.xsl -> build/lib.macosx-11.0-arm64-cpython-311/lxml/isoschematron/resources/xsl/iso-schematron-xslt1
2022-12-27T11:17:12.6522720Z   copying src/lxml/isoschematron/resources/xsl/iso-schematron-xslt1/readme.txt -> build/lib.macosx-11.0-arm64-cpython-311/lxml/isoschematron/resources/xsl/iso-schematron-xslt1
2022-12-27T11:17:12.6533690Z   running build_ext
2022-12-27T11:17:12.6563220Z   building 'lxml.etree' extension
2022-12-27T11:17:12.6564650Z   creating build/temp.macosx-11.0-arm64-cpython-311
2022-12-27T11:17:12.6566290Z   creating build/temp.macosx-11.0-arm64-cpython-311/src
2022-12-27T11:17:12.6567790Z   creating build/temp.macosx-11.0-arm64-cpython-311/src/lxml
2022-12-27T11:17:12.6570750Z   clang -Wsign-compare -Wunreachable-code -fno-common -dynamic -DNDEBUG -g -fwrapv -O3 -Wall -g -I/usr/local/opt/openssl@3/include -I/usr/local/opt/openssl@3/include -arch arm64 -DCYTHON_CLINE_IN_TRACEBACK=0 -I/Library/Developer/CommandLineTools/SDKs/MacOSX12.1.sdk/usr/include -Isrc -Isrc/lxml/includes -I/private/var/folders/51/hd414ycd67n82196sw51xqtc0000gn/T/cibw-run-9u8a_6e8/cp311-macosx_arm64/build/venv/include -I/Library/Frameworks/Python.framework/Versions/3.11/include/python3.11 -c src/lxml/etree.c -o build/temp.macosx-11.0-arm64-cpython-311/src/lxml/etree.o -w -flat_namespace
2022-12-27T11:17:13.7200810Z   src/lxml/etree.c:265439:14: error: incomplete definition of type 'struct _frame'
2022-12-27T11:17:13.7201560Z               f->f_back = PyThreadState_GetFrame(tstate);
2022-12-27T11:17:13.7203010Z               ~^
2022-12-27T11:17:13.7205140Z   /Library/Frameworks/Python.framework/Versions/3.11/include/python3.11/pytypedefs.h:22:16: note: forward declaration of 'struct _frame'
2022-12-27T11:17:13.7205810Z   typedef struct _frame PyFrameObject;
2022-12-27T11:17:13.7207270Z                  ^
2022-12-27T11:17:13.7208940Z   src/lxml/etree.c:265476:19: error: incomplete definition of type 'struct _frame'
2022-12-27T11:17:13.7209940Z           Py_CLEAR(f->f_back);
2022-12-27T11:17:13.7210820Z                    ~^
2022-12-27T11:17:13.7212190Z   /Library/Frameworks/Python.framework/Versions/3.11/include/python3.11/object.h:581:44: note: expanded from macro 'Py_CLEAR'
2022-12-27T11:17:13.7213000Z           PyObject *_py_tmp = _PyObject_CAST(op); \
2022-12-27T11:17:13.7214140Z                                              ^~
2022-12-27T11:17:13.7215390Z   /Library/Frameworks/Python.framework/Versions/3.11/include/python3.11/object.h:107:49: note: expanded from macro '_PyObject_CAST'
2022-12-27T11:17:13.7216350Z   #define _PyObject_CAST(op) _Py_CAST(PyObject*, (op))
2022-12-27T11:17:13.7217220Z                                                   ^~
2022-12-27T11:17:13.7218540Z   /Library/Frameworks/Python.framework/Versions/3.11/include/python3.11/pyport.h:24:38: note: expanded from macro '_Py_CAST'
2022-12-27T11:17:13.7219350Z   #define _Py_CAST(type, expr) ((type)(expr))
2022-12-27T11:17:13.7220740Z                                        ^~~~
2022-12-27T11:17:13.7221620Z   /Library/Frameworks/Python.framework/Versions/3.11/include/python3.11/pytypedefs.h:22:16: note: forward declaration of 'struct _frame'
2022-12-27T11:17:13.7222430Z   typedef struct _frame PyFrameObject;
2022-12-27T11:17:13.7223410Z                  ^
2022-12-27T11:17:13.7224610Z   src/lxml/etree.c:265476:19: error: incomplete definition of type 'struct _frame'
2022-12-27T11:17:13.7225620Z           Py_CLEAR(f->f_back);
2022-12-27T11:17:13.7226510Z                    ~^
2022-12-27T11:17:13.7227830Z   /Library/Frameworks/Python.framework/Versions/3.11/include/python3.11/object.h:583:14: note: expanded from macro 'Py_CLEAR'
2022-12-27T11:17:13.7228580Z               (op) = NULL;                        \
2022-12-27T11:17:13.7229580Z                ^~
2022-12-27T11:17:13.7231100Z   /Library/Frameworks/Python.framework/Versions/3.11/include/python3.11/pytypedefs.h:22:16: note: forward declaration of 'struct _frame'
2022-12-27T11:17:13.7231890Z   typedef struct _frame PyFrameObject;
2022-12-27T11:17:13.7232870Z                  ^
2022-12-27T11:17:13.7326790Z   src/lxml/etree.c:268244:5: error: incomplete definition of type 'struct _frame'
2022-12-27T11:17:13.7327870Z       __Pyx_PyFrame_SetLineNumber(py_frame, py_line);
2022-12-27T11:17:13.7329280Z       ^~~~~~~~~~~~~~~~~~~~~~~~~~~~~~~~~~~~~~~~~~~~~~
2022-12-27T11:17:13.7331090Z   src/lxml/etree.c:528:62: note: expanded from macro '__Pyx_PyFrame_SetLineNumber'
2022-12-27T11:17:13.7331760Z     #define __Pyx_PyFrame_SetLineNumber(frame, lineno)  (frame)->f_lineno = (lineno)
2022-12-27T11:17:13.7332840Z                                                         ~~~~~~~^
2022-12-27T11:17:13.7334030Z   /Library/Frameworks/Python.framework/Versions/3.11/include/python3.11/pytypedefs.h:22:16: note: forward declaration of 'struct _frame'
2022-12-27T11:17:13.7334850Z   typedef struct _frame PyFrameObject;
2022-12-27T11:17:13.7335720Z                  ^
2022-12-27T11:17:13.7502510Z   4 errors generated.
2022-12-27T11:17:13.7560110Z   Compile failed: command '/usr/bin/clang' failed with exit code 1
2022-12-27T11:17:13.8502210Z   creating var
2022-12-27T11:17:13.8503320Z   creating var/folders
2022-12-27T11:17:13.8504750Z   creating var/folders/51
2022-12-27T11:17:13.8506600Z   creating var/folders/51/hd414ycd67n82196sw51xqtc0000gn
2022-12-27T11:17:13.8507660Z   creating var/folders/51/hd414ycd67n82196sw51xqtc0000gn/T
2022-12-27T11:17:13.8510130Z   cc -arch arm64 -I/Library/Developer/CommandLineTools/SDKs/MacOSX12.1.sdk/usr/include -I/usr/include/libxml2 -c /var/folders/51/hd414ycd67n82196sw51xqtc0000gn/T/xmlXPathInitrya_ahma.c -o var/folders/51/hd414ycd67n82196sw51xqtc0000gn/T/xmlXPathInitrya_ahma.o
2022-12-27T11:17:13.8936310Z   cc -arch arm64 var/folders/51/hd414ycd67n82196sw51xqtc0000gn/T/xmlXPathInitrya_ahma.o -L/Library/Developer/CommandLineTools/SDKs/MacOSX12.1.sdk/usr/lib -lxml2 -o a.out
2022-12-27T11:17:13.9339860Z   error: command '/usr/bin/clang' failed with exit code 1
2022-12-27T11:17:13.9692550Z   error: subprocess-exited-with-error
2022-12-27T11:17:13.9692840Z   
2022-12-27T11:17:13.9693290Z   × python setup.py bdist_wheel did not run successfully.
2022-12-27T11:17:13.9693650Z   │ exit code: 1
2022-12-27T11:17:13.9693960Z   ╰─> See above for output.
2022-12-27T11:17:13.9694230Z   
2022-12-27T11:17:13.9694650Z   note: This error originates from a subprocess, and is likely not a problem with pip.
2022-12-27T11:17:13.9699820Z   full command: /private/var/folders/51/hd414ycd67n82196sw51xqtc0000gn/T/cibw-run-9u8a_6e8/cp311-macosx_arm64/build/venv/bin/python -u -c '
2022-12-27T11:17:13.9700440Z   exec(compile('"'"''"'"''"'"'
2022-12-27T11:17:13.9701090Z   # This is <pip-setuptools-caller> -- a caller that pip uses to run setup.py
2022-12-27T11:17:13.9701420Z   #
2022-12-27T11:17:13.9701770Z   # - It imports setuptools before invoking setup.py, to enable projects that directly
2022-12-27T11:17:13.9702160Z   #   import from `distutils.core` to work with newer packaging standards.
2022-12-27T11:17:13.9703530Z   # - It provides a clear error message when setuptools is not installed.
2022-12-27T11:17:13.9704430Z   # - It sets `sys.argv[0]` to the underlying `setup.py`, when invoking `setup.py` so
2022-12-27T11:17:13.9705130Z   #   setuptools doesn'"'"'t think the script is `-c`. This avoids the following warning:
2022-12-27T11:17:13.9705840Z   #     manifest_maker: standard file '"'"'-c'"'"' not found".
2022-12-27T11:17:13.9706540Z   # - It generates a shim setup.py, for handling setup.cfg-only projects.
2022-12-27T11:17:13.9707110Z   import os, sys, tokenize
2022-12-27T11:17:13.9707390Z   
2022-12-27T11:17:13.9707660Z   try:
2022-12-27T11:17:13.9707940Z       import setuptools
2022-12-27T11:17:13.9708230Z   except ImportError as error:
2022-12-27T11:17:13.9708550Z       print(
2022-12-27T11:17:13.9708930Z           "ERROR: Can not execute `setup.py` since setuptools is not available in "
2022-12-27T11:17:13.9709290Z           "the build environment.",
2022-12-27T11:17:13.9709600Z           file=sys.stderr,
2022-12-27T11:17:13.9709850Z       )
2022-12-27T11:17:13.9710100Z       sys.exit(1)
2022-12-27T11:17:13.9710380Z   
2022-12-27T11:17:13.9710650Z   __file__ = %r
2022-12-27T11:17:13.9710850Z   sys.argv[0] = __file__
2022-12-27T11:17:13.9711080Z   
2022-12-27T11:17:13.9711290Z   if os.path.exists(__file__):
2022-12-27T11:17:13.9711520Z       filename = __file__
2022-12-27T11:17:13.9711940Z   Building wheel for lxml (setup.py): finished with status 'error'
2022-12-27T11:17:13.9712290Z       with tokenize.open(__file__) as f:
2022-12-27T11:17:13.9712540Z           setup_py_code = f.read()
2022-12-27T11:17:13.9712750Z   else:
2022-12-27T11:17:13.9713100Z       filename = "<auto-generated setuptools caller>"
2022-12-27T11:17:13.9713430Z       setup_py_code = "from setuptools import setup; setup()"
2022-12-27T11:17:13.9713680Z   
2022-12-27T11:17:13.9713930Z   exec(compile(setup_py_code, filename, "exec"))
2022-12-27T11:17:13.9714710Z   '"'"''"'"''"'"' % ('"'"'/Users/runner/actions-runner/_work/python.build/python.build/build_lxml480311/lxml-4.8.0/setup.py'"'"',), "<pip-setuptools-caller>", "exec"))' bdist_wheel -d /private/var/folders/51/hd414ycd67n82196sw51xqtc0000gn/T/pip-wheel-lhqy_qxc
2022-12-27T11:17:13.9715650Z   cwd: /Users/runner/actions-runner/_work/python.build/python.build/build_lxml480311/lxml-4.8.0/
2022-12-27T11:17:13.9715860Z   ERROR: Failed building wheel for lxml
2022-12-27T11:17:13.9716130Z   Running command python setup.py clean
2022-12-27T11:17:13.9716340Z   Running setup.py clean for lxml
2022-12-27T11:17:14.1131860Z   Building lxml version 4.8.0.
2022-12-27T11:17:14.1133010Z   Building without Cython.
2022-12-27T11:17:14.1435580Z   Building against libxml2 2.9.4 and libxslt 1.1.29
2022-12-27T11:17:14.2883600Z   Building against libxml2/libxslt in the following directory: /Library/Developer/CommandLineTools/SDKs/MacOSX12.1.sdk/usr/lib
2022-12-27T11:17:14.3025310Z   running clean
2022-12-27T11:17:14.3050400Z   removing 'build/temp.macosx-11.0-arm64-cpython-311' (and everything under it)
2022-12-27T11:17:14.3053690Z   removing 'build/lib.macosx-11.0-arm64-cpython-311' (and everything under it)
2022-12-27T11:17:14.3099050Z   'build/bdist.macosx-11.0-arm64' does not exist -- can't clean it
2022-12-27T11:17:14.3100910Z   'build/scripts-3.11' does not exist -- can't clean it
2022-12-27T11:17:14.3102670Z   removing 'build'
2022-12-27T11:17:14.3359090Z Failed to build lxml
2022-12-27T11:17:14.3363440Z ERROR: Failed to build one or more wheels
2022-12-27T11:17:14.3376860Z Exception information:
2022-12-27T11:17:14.3377100Z Traceback (most recent call last):
2022-12-27T11:17:14.3385020Z   File "/private/var/folders/51/hd414ycd67n82196sw51xqtc0000gn/T/cibw-run-9u8a_6e8/cp311-macosx_arm64/build/venv/lib/python3.11/site-packages/pip/_internal/cli/base_command.py", line 160, in exc_logging_wrapper
2022-12-27T11:17:14.3385580Z     status = run_func(*args)
2022-12-27T11:17:14.3385800Z              ^^^^^^^^^^^^^^^
2022-12-27T11:17:14.3386930Z   File "/private/var/folders/51/hd414ycd67n82196sw51xqtc0000gn/T/cibw-run-9u8a_6e8/cp311-macosx_arm64/build/venv/lib/python3.11/site-packages/pip/_internal/cli/req_command.py", line 247, in wrapper
2022-12-27T11:17:14.3387470Z     return func(self, options, args)
2022-12-27T11:17:14.3387730Z            ^^^^^^^^^^^^^^^^^^^^^^^^^
2022-12-27T11:17:14.3388380Z   File "/private/var/folders/51/hd414ycd67n82196sw51xqtc0000gn/T/cibw-run-9u8a_6e8/cp311-macosx_arm64/build/venv/lib/python3.11/site-packages/pip/_internal/commands/wheel.py", line 201, in run
2022-12-27T11:17:14.3388910Z     raise CommandError("Failed to build one or more wheels")
2022-12-27T11:17:14.3389310Z pip._internal.exceptions.CommandError: Failed to build one or more wheels
2022-12-27T11:17:14.3389980Z Removed build tracker: '/private/var/folders/51/hd414ycd67n82196sw51xqtc0000gn/T/pip-build-tracker-4hua4bsz'
2022-12-27T11:17:14.3853500Z ##[endgroup]
2022-12-27T11:17:14.3885540Z ##[error]Command ['python', '-m', 'pip', 'wheel', '/Users/runner/actions-runner/_work/python.build/python.build/build_lxml480311/lxml-4.8.0', '--wheel-dir=/private/var/folders/51/hd414ycd67n82196sw51xqtc0000gn/T/cibw-run-9u8a_6e8/cp311-macosx_arm64/built_wheel', '--no-deps', '-vvv'] failed with code 1. None
2022-12-27T11:17:14.3894120Z 
2022-12-27T11:17:14.3894550Z                                                               [31m✕ [0m2.82s
2022-12-27T11:17:14.4385770Z ##[error]Process completed with exit code 1.
2022-12-27T11:17:14.4418690Z ##[group]Run rm -rf build_lxml480311 wheelsout
2022-12-27T11:17:14.4418880Z [36;1mrm -rf build_lxml480311 wheelsout[0m
2022-12-27T11:17:14.4434890Z shell: /bin/bash -e {0}
2022-12-27T11:17:14.4435000Z env:
2022-12-27T11:17:14.4435150Z   pythonLocation: /Users/runner/hostedtoolcache/Python/3.11.1/x64
2022-12-27T11:17:14.4435340Z   PKG_CONFIG_PATH: /Users/runner/hostedtoolcache/Python/3.11.1/x64/lib/pkgconfig
2022-12-27T11:17:14.4435530Z   Python_ROOT_DIR: /Users/runner/hostedtoolcache/Python/3.11.1/x64
2022-12-27T11:17:14.4435700Z   Python2_ROOT_DIR: /Users/runner/hostedtoolcache/Python/3.11.1/x64
2022-12-27T11:17:14.4435870Z   Python3_ROOT_DIR: /Users/runner/hostedtoolcache/Python/3.11.1/x64
2022-12-27T11:17:14.4436000Z ##[endgroup]
2022-12-27T11:17:14.4855930Z Cleaning up orphan processes
