2022-12-27T01:50:49.9393128Z Requested labels: self-hosted, macOS, X64
2022-12-27T01:50:49.9393193Z Job defined at: kilnbuild/python.build/.github/workflows/mac_arm_build.yml@refs/heads/main
2022-12-27T01:50:49.9393219Z Waiting for a runner to pick up this job...
2022-12-27T01:51:09.8574491Z Job is about to start running on the runner: k1 (organization)
2022-12-27T01:51:13.5217740Z Current runner version: '2.300.2'
2022-12-27T01:51:13.5222410Z Runner name: 'k1'
2022-12-27T01:51:13.5222640Z Runner group name: 'Default'
2022-12-27T01:51:13.5223050Z Machine name: 'k1'
2022-12-27T01:51:13.5224510Z ##[group]GITHUB_TOKEN Permissions
2022-12-27T01:51:13.5224900Z Actions: write
2022-12-27T01:51:13.5225040Z Checks: write
2022-12-27T01:51:13.5225170Z Contents: write
2022-12-27T01:51:13.5225300Z Deployments: write
2022-12-27T01:51:13.5225440Z Discussions: write
2022-12-27T01:51:13.5225570Z Issues: write
2022-12-27T01:51:13.5225710Z Metadata: read
2022-12-27T01:51:13.5225830Z Packages: write
2022-12-27T01:51:13.5225960Z Pages: write
2022-12-27T01:51:13.5226100Z PullRequests: write
2022-12-27T01:51:13.5226250Z RepositoryProjects: write
2022-12-27T01:51:13.5226410Z SecurityEvents: write
2022-12-27T01:51:13.5226550Z Statuses: write
2022-12-27T01:51:13.5226670Z ##[endgroup]
2022-12-27T01:51:13.5229290Z Secret source: Actions
2022-12-27T01:51:13.5229590Z Prepare workflow directory
2022-12-27T01:51:13.5871150Z Prepare all required actions
2022-12-27T01:51:13.5988370Z Getting action download info
2022-12-27T01:51:14.0378700Z Download action repository 'actions/setup-python@v4' (SHA:5ccb29d8773c3f3f653e1705f474dfaa8a06a912)
2022-12-27T01:51:15.4727810Z Download action repository 'actions/upload-artifact@v3' (SHA:83fd05a356d7e2593de66fc9913b3002723633cb)
2022-12-27T01:51:16.7704170Z ##[group]Run echo '{
2022-12-27T01:51:16.7704410Z [36;1mecho '{[0m
2022-12-27T01:51:16.7704610Z [36;1m  "environment_variables": "GRPC_PYTHON_BUILD_WITH_CYTHON=1 GRPC_BUILD_WITH_BORING_SSL_ASM='' GRPC_PYTHON_BUILD_SYSTEM_OPENSSL=TRUE",[0m
2022-12-27T01:51:16.7704810Z [36;1m  "package_name": "grpcio",[0m
2022-12-27T01:51:16.7705110Z [36;1m  "package_url": "https://files.pythonhosted.org/packages/b5/2a/8f636fdac99314f784152ad93d7fb5dc35a78f0815bc4f9a6ca702b881e8/grpcio-0.4.0a4.tar.gz",[0m
2022-12-27T01:51:16.7705370Z [36;1m  "package_version": "0.4.0a4",[0m
2022-12-27T01:51:16.7705560Z [36;1m  "python_version": "3.11",[0m
2022-12-27T01:51:16.7705720Z [36;1m  "use_ccache": "true"[0m
2022-12-27T01:51:16.7705850Z [36;1m}'[0m
2022-12-27T01:51:16.7721320Z shell: /bin/bash -e {0}
2022-12-27T01:51:16.7721510Z ##[endgroup]
2022-12-27T01:51:16.7928990Z {
2022-12-27T01:51:16.7930430Z   "environment_variables": "GRPC_PYTHON_BUILD_WITH_CYTHON=1 GRPC_BUILD_WITH_BORING_SSL_ASM= GRPC_PYTHON_BUILD_SYSTEM_OPENSSL=TRUE",
2022-12-27T01:51:16.7930770Z   "package_name": "grpcio",
2022-12-27T01:51:16.7931430Z   "package_url": "https://files.pythonhosted.org/packages/b5/2a/8f636fdac99314f784152ad93d7fb5dc35a78f0815bc4f9a6ca702b881e8/grpcio-0.4.0a4.tar.gz",
2022-12-27T01:51:16.7931710Z   "package_version": "0.4.0a4",
2022-12-27T01:51:16.7931860Z   "python_version": "3.11",
2022-12-27T01:51:16.7932090Z   "use_ccache": "true"
2022-12-27T01:51:16.7932240Z }
2022-12-27T01:51:16.8140120Z ##[group]Run actions/setup-python@v4
2022-12-27T01:51:16.8140380Z with:
2022-12-27T01:51:16.8140530Z   python-version: 3.11
2022-12-27T01:51:16.8140720Z   check-latest: false
2022-12-27T01:51:16.8141100Z   token: ***
2022-12-27T01:51:16.8141290Z   update-environment: true
2022-12-27T01:51:16.8141440Z ##[endgroup]
2022-12-27T01:51:16.9316170Z ##[group]Installed versions
2022-12-27T01:51:16.9419400Z Successfully set up CPython (3.11.1)
2022-12-27T01:51:16.9420080Z ##[endgroup]
2022-12-27T01:51:16.9562260Z ##[group]Run if [ "true" == "true" ]
2022-12-27T01:51:16.9562500Z [36;1mif [ "true" == "true" ][0m
2022-12-27T01:51:16.9562680Z [36;1mthen[0m
2022-12-27T01:51:16.9562910Z [36;1m  echo "CCACHE_PATH_PREPEND=/usr/local/opt/ccache/libexec" >> $GITHUB_OUTPUT[0m
2022-12-27T01:51:16.9563460Z [36;1melse[0m
2022-12-27T01:51:16.9563630Z [36;1m  echo "CCACHE_PATH_PREPEND=" >> $GITHUB_OUTPUT[0m
2022-12-27T01:51:16.9563810Z [36;1mfi[0m
2022-12-27T01:51:16.9581540Z shell: /bin/bash -e {0}
2022-12-27T01:51:16.9581720Z env:
2022-12-27T01:51:16.9581940Z   pythonLocation: /Users/runner/hostedtoolcache/Python/3.11.1/x64
2022-12-27T01:51:16.9582210Z   PKG_CONFIG_PATH: /Users/runner/hostedtoolcache/Python/3.11.1/x64/lib/pkgconfig
2022-12-27T01:51:16.9582770Z   Python_ROOT_DIR: /Users/runner/hostedtoolcache/Python/3.11.1/x64
2022-12-27T01:51:16.9583050Z   Python2_ROOT_DIR: /Users/runner/hostedtoolcache/Python/3.11.1/x64
2022-12-27T01:51:16.9583350Z   Python3_ROOT_DIR: /Users/runner/hostedtoolcache/Python/3.11.1/x64
2022-12-27T01:51:16.9583560Z ##[endgroup]
2022-12-27T01:51:16.9691090Z ##[group]Run echo "BUILD_NAME=$(echo grpcio_0.4.0a4_3.11 | tr -dc '[:alnum:]\n\r' | tr '[:upper:]' '[:lower:]')" >> $GITHUB_OUTPUT
2022-12-27T01:51:16.9691500Z [36;1mecho "BUILD_NAME=$(echo grpcio_0.4.0a4_3.11 | tr -dc '[:alnum:]\n\r' | tr '[:upper:]' '[:lower:]')" >> $GITHUB_OUTPUT[0m
2022-12-27T01:51:16.9706250Z shell: /bin/bash -e {0}
2022-12-27T01:51:16.9706440Z env:
2022-12-27T01:51:16.9706660Z   pythonLocation: /Users/runner/hostedtoolcache/Python/3.11.1/x64
2022-12-27T01:51:16.9706890Z   PKG_CONFIG_PATH: /Users/runner/hostedtoolcache/Python/3.11.1/x64/lib/pkgconfig
2022-12-27T01:51:16.9707240Z   Python_ROOT_DIR: /Users/runner/hostedtoolcache/Python/3.11.1/x64
2022-12-27T01:51:16.9707520Z   Python2_ROOT_DIR: /Users/runner/hostedtoolcache/Python/3.11.1/x64
2022-12-27T01:51:16.9707810Z   Python3_ROOT_DIR: /Users/runner/hostedtoolcache/Python/3.11.1/x64
2022-12-27T01:51:16.9708050Z ##[endgroup]
2022-12-27T01:51:16.9852280Z ##[group]Run echo "PYTHON_NO_DOTS=$(echo 3.11 | tr -dc '[:alnum:]\n\r' | tr '[:upper:]' '[:lower:]')" >> $GITHUB_OUTPUT
2022-12-27T01:51:16.9852630Z [36;1mecho "PYTHON_NO_DOTS=$(echo 3.11 | tr -dc '[:alnum:]\n\r' | tr '[:upper:]' '[:lower:]')" >> $GITHUB_OUTPUT[0m
2022-12-27T01:51:16.9867300Z shell: /bin/bash -e {0}
2022-12-27T01:51:16.9867500Z env:
2022-12-27T01:51:16.9867720Z   pythonLocation: /Users/runner/hostedtoolcache/Python/3.11.1/x64
2022-12-27T01:51:16.9868030Z   PKG_CONFIG_PATH: /Users/runner/hostedtoolcache/Python/3.11.1/x64/lib/pkgconfig
2022-12-27T01:51:16.9868250Z   Python_ROOT_DIR: /Users/runner/hostedtoolcache/Python/3.11.1/x64
2022-12-27T01:51:16.9868490Z   Python2_ROOT_DIR: /Users/runner/hostedtoolcache/Python/3.11.1/x64
2022-12-27T01:51:16.9868760Z   Python3_ROOT_DIR: /Users/runner/hostedtoolcache/Python/3.11.1/x64
2022-12-27T01:51:16.9868910Z ##[endgroup]
2022-12-27T01:51:16.9976800Z ##[group]Run rm -rf build_grpcio040a4311
2022-12-27T01:51:16.9977110Z [36;1mrm -rf build_grpcio040a4311[0m
2022-12-27T01:51:16.9977280Z [36;1mmkdir build_grpcio040a4311[0m
2022-12-27T01:51:16.9977490Z [36;1mcd build_grpcio040a4311[0m
2022-12-27T01:51:16.9977800Z [36;1m/usr/local/bin/wget --quiet https://files.pythonhosted.org/packages/b5/2a/8f636fdac99314f784152ad93d7fb5dc35a78f0815bc4f9a6ca702b881e8/grpcio-0.4.0a4.tar.gz[0m
2022-12-27T01:51:16.9978090Z [36;1mtar xf *.tar.gz[0m
2022-12-27T01:51:16.9978270Z [36;1mcd grpcio-*/[0m
2022-12-27T01:51:16.9978470Z [36;1mpython -m pip install cibuildwheel==2.11.3[0m
2022-12-27T01:51:16.9978690Z [36;1mpython -m cibuildwheel --output-dir ../wheelsout[0m
2022-12-27T01:51:16.9993550Z shell: /bin/bash -e {0}
2022-12-27T01:51:16.9993760Z env:
2022-12-27T01:51:16.9993960Z   pythonLocation: /Users/runner/hostedtoolcache/Python/3.11.1/x64
2022-12-27T01:51:16.9994250Z   PKG_CONFIG_PATH: /Users/runner/hostedtoolcache/Python/3.11.1/x64/lib/pkgconfig
2022-12-27T01:51:16.9994510Z   Python_ROOT_DIR: /Users/runner/hostedtoolcache/Python/3.11.1/x64
2022-12-27T01:51:16.9994730Z   Python2_ROOT_DIR: /Users/runner/hostedtoolcache/Python/3.11.1/x64
2022-12-27T01:51:16.9994960Z   Python3_ROOT_DIR: /Users/runner/hostedtoolcache/Python/3.11.1/x64
2022-12-27T01:51:16.9995170Z   CIBW_ARCHS_MACOS: arm64
2022-12-27T01:51:16.9995310Z   CIBW_TEST_SKIP: *_arm64
2022-12-27T01:51:16.9995500Z   CIBW_BUILD: cp311-macosx_arm64
2022-12-27T01:51:16.9995680Z   CIBW_BUILD_FRONTEND: pip
2022-12-27T01:51:16.9995820Z   CIBW_BUILD_VERBOSITY: 3
2022-12-27T01:51:16.9996190Z   CIBW_ENVIRONMENT_MACOS: GRPC_PYTHON_BUILD_WITH_CYTHON=1 GRPC_BUILD_WITH_BORING_SSL_ASM='' GRPC_PYTHON_BUILD_SYSTEM_OPENSSL=TRUE CFLAGS="-I/usr/local/opt/openssl@3/include" LDFLAGS="-L/usr/local/opt/openssl@3/lib" CPPFLAGS="-I/usr/local/opt/openssl@3/include" MAKEFLAGS="-j$(sysctl -n hw.logicalcpu)" PATH=/usr/local/opt/ccache/libexec:$PATH
2022-12-27T01:51:16.9996840Z   CIBW_BEFORE_BUILD: pip install Cython; if [[ -f requirements.txt ]]; then pip install -r requirements.txt; fi
2022-12-27T01:51:16.9997080Z   MAKEFLAGS: -j$(sysctl -n hw.logicalcpu)
2022-12-27T01:51:16.9997230Z ##[endgroup]
2022-12-27T01:51:17.3078720Z Requirement already satisfied: cibuildwheel==2.11.3 in /Library/Frameworks/Python.framework/Versions/3.11/lib/python3.11/site-packages (2.11.3)
2022-12-27T01:51:17.3393460Z Requirement already satisfied: bashlex!=0.13 in /Library/Frameworks/Python.framework/Versions/3.11/lib/python3.11/site-packages (from cibuildwheel==2.11.3) (0.16)
2022-12-27T01:51:17.3400120Z Requirement already satisfied: bracex in /Library/Frameworks/Python.framework/Versions/3.11/lib/python3.11/site-packages (from cibuildwheel==2.11.3) (2.3.post1)
2022-12-27T01:51:17.3406550Z Requirement already satisfied: certifi in /Library/Frameworks/Python.framework/Versions/3.11/lib/python3.11/site-packages (from cibuildwheel==2.11.3) (2022.12.7)
2022-12-27T01:51:17.3413200Z Requirement already satisfied: filelock in /Library/Frameworks/Python.framework/Versions/3.11/lib/python3.11/site-packages (from cibuildwheel==2.11.3) (3.8.2)
2022-12-27T01:51:17.3422070Z Requirement already satisfied: packaging>=20.9 in /Library/Frameworks/Python.framework/Versions/3.11/lib/python3.11/site-packages (from cibuildwheel==2.11.3) (22.0)
2022-12-27T01:51:17.3430210Z Requirement already satisfied: platformdirs in /Library/Frameworks/Python.framework/Versions/3.11/lib/python3.11/site-packages (from cibuildwheel==2.11.3) (2.6.0)
2022-12-27T01:51:17.5624580Z 
2022-12-27T01:51:17.5625120Z      _ _       _ _   _       _           _
2022-12-27T01:51:17.5625790Z  ___|_| |_ _ _|_| |_| |_ _ _| |_ ___ ___| |
2022-12-27T01:51:17.5626580Z |  _| | . | | | | | . | | | |   | -_| -_| |
2022-12-27T01:51:17.5626810Z |___|_|___|___|_|_|___|_____|_|_|___|___|_|
2022-12-27T01:51:17.5626970Z 
2022-12-27T01:51:17.5627090Z cibuildwheel version 2.11.3
2022-12-27T01:51:17.5627250Z 
2022-12-27T01:51:17.5627480Z Build options:
2022-12-27T01:51:17.5627730Z   platform: macos
2022-12-27T01:51:17.5669580Z   architectures: arm64[0m
2022-12-27T01:51:17.5670210Z   build_selector: 
2022-12-27T01:51:17.5670960Z     build_config: cp311-macosx_arm64
2022-12-27T01:51:17.5671380Z     skip_config: 
2022-12-27T01:51:17.5671610Z     requires_python: None
2022-12-27T01:51:17.5671970Z     prerelease_pythons: False[0m
2022-12-27T01:51:17.5672340Z   [38;5;244mcontainer_engine: docker[0m
2022-12-27T01:51:17.5672880Z   output_dir: /Users/runner/actions-runner/_work/python.build/python.build/build_grpcio040a4311/wheelsout[0m
2022-12-27T01:51:17.5673500Z   package_dir: /Users/runner/actions-runner/_work/python.build/python.build/build_grpcio040a4311/grpcio-0.4.0a4[0m
2022-12-27T01:51:17.5673850Z   test_selector: 
2022-12-27T01:51:17.5674130Z     skip_config: *_arm64[0m
2022-12-27T01:51:17.5674450Z   [38;5;244mbefore_all: [0m
2022-12-27T01:51:17.5675010Z   before_build: pip install Cython; if [[ -f requirements.txt ]]; then pip install -r requirements.txt; fi[0m
2022-12-27T01:51:17.5675440Z   [38;5;244mbefore_test: [0m
2022-12-27T01:51:17.5675740Z   [38;5;244mbuild_frontend: pip[0m
2022-12-27T01:51:17.5676060Z   build_verbosity: 3[0m
2022-12-27T01:51:17.5676440Z   [38;5;244mconfig_settings: [0m
2022-12-27T01:51:17.5676770Z   [38;5;244mdependency_constraints: pinned[0m
2022-12-27T01:51:17.5677060Z   environment: 
2022-12-27T01:51:17.5677320Z     GRPC_PYTHON_BUILD_WITH_CYTHON=1
2022-12-27T01:51:17.5677550Z     GRPC_BUILD_WITH_BORING_SSL_ASM=''
2022-12-27T01:51:17.5677840Z     GRPC_PYTHON_BUILD_SYSTEM_OPENSSL=TRUE
2022-12-27T01:51:17.5678150Z     CFLAGS="-I/usr/local/opt/openssl@3/include"
2022-12-27T01:51:17.5678420Z     LDFLAGS="-L/usr/local/opt/openssl@3/lib"
2022-12-27T01:51:17.5678710Z     CPPFLAGS="-I/usr/local/opt/openssl@3/include"
2022-12-27T01:51:17.5679000Z     MAKEFLAGS="-j$(sysctl -n hw.logicalcpu)"
2022-12-27T01:51:17.5679550Z     PATH=/usr/local/opt/ccache/libexec:$PATH[0m
2022-12-27T01:51:17.5679830Z   [38;5;244mmanylinux_images: None[0m
2022-12-27T01:51:17.5680090Z   [38;5;244mmusllinux_images: None[0m
2022-12-27T01:51:17.5680460Z   [38;5;244mrepair_command: delocate-wheel --require-archs {delocate_archs} -w {dest_dir} -v {wheel}[0m
2022-12-27T01:51:17.5680760Z   [38;5;244mtest_command: [0m
2022-12-27T01:51:17.5681050Z   [38;5;244mtest_extras: [0m
2022-12-27T01:51:17.5681290Z   [38;5;244mtest_requires: [0m
2022-12-27T01:51:17.5681380Z 
2022-12-27T01:51:17.5681510Z Cache folder: /Users/runner/Library/Caches/cibuildwheel
2022-12-27T01:51:17.5685400Z 
2022-12-27T01:51:17.5685610Z Here we go!
2022-12-27T01:51:17.5685810Z 
2022-12-27T01:51:17.5731940Z 
2022-12-27T01:51:17.5732430Z [1m[34mBuilding cp311-macosx_arm64 wheel[0m
2022-12-27T01:51:17.5732970Z CPython 3.11 macOS arm64 - Apple Silicon
2022-12-27T01:51:17.5733160Z 
2022-12-27T01:51:17.5734760Z ##[group]Installing Python cp311...
2022-12-27T01:51:17.5734940Z 
2022-12-27T01:51:17.5735160Z + pkgutil --pkgs
2022-12-27T01:51:17.5834370Z ##[endgroup]
2022-12-27T01:51:17.5835380Z                                                               [32mâœ“ [0m0.01s
2022-12-27T01:51:17.5835890Z ##[group]Setting up build environment...
2022-12-27T01:51:17.5836060Z 
2022-12-27T01:51:17.5852900Z + /Library/Frameworks/Python.framework/Versions/3.11/bin/python -sS /Users/runner/Library/Caches/cibuildwheel/virtualenv-20.17.0.pyz --activators= --no-periodic-update --pip=22.3.1 --setuptools=65.6.3 --wheel=0.38.4 --symlink-app-data --python /Library/Frameworks/Python.framework/Versions/3.11/bin/python3 /private/var/folders/51/hd414ycd67n82196sw51xqtc0000gn/T/cibw-run-cg90jvfy/cp311-macosx_arm64/build/venv
2022-12-27T01:51:17.7672970Z created virtual environment CPython3.11.1.final.0-64 in 46ms
2022-12-27T01:51:17.7673780Z   creator CPython3Posix(dest=/private/var/folders/51/hd414ycd67n82196sw51xqtc0000gn/T/cibw-run-cg90jvfy/cp311-macosx_arm64/build/venv, clear=False, no_vcs_ignore=False, global=False)
2022-12-27T01:51:17.7674500Z   seeder FromAppData(download=False, pip=22.3.1, setuptools=65.6.3, wheel=0.38.4, via=symlink, app_data_dir=/Users/runner/Library/Application Support/virtualenv)
2022-12-27T01:51:17.7675000Z     added seed packages: pip==22.3.1, setuptools==65.6.3, wheel==0.38.4
2022-12-27T01:51:17.7801330Z + python -m pip install --upgrade pip -c /Library/Frameworks/Python.framework/Versions/3.11/lib/python3.11/site-packages/cibuildwheel/resources/constraints-python311.txt
2022-12-27T01:51:18.0440630Z Requirement already satisfied: pip in ./lib/python3.11/site-packages (22.3.1)
2022-12-27T01:51:18.1732690Z + which pip
2022-12-27T01:51:18.1750150Z /private/var/folders/51/hd414ycd67n82196sw51xqtc0000gn/T/cibw-run-cg90jvfy/cp311-macosx_arm64/build/venv/bin/pip
2022-12-27T01:51:18.1752660Z + pip --version
2022-12-27T01:51:18.3641730Z pip 22.3.1 from /private/var/folders/51/hd414ycd67n82196sw51xqtc0000gn/T/cibw-run-cg90jvfy/cp311-macosx_arm64/build/venv/lib/python3.11/site-packages/pip (python 3.11)
2022-12-27T01:51:18.3901470Z + which pip
2022-12-27T01:51:18.3929260Z + which python
2022-12-27T01:51:18.3948030Z /private/var/folders/51/hd414ycd67n82196sw51xqtc0000gn/T/cibw-run-cg90jvfy/cp311-macosx_arm64/build/venv/bin/python
2022-12-27T01:51:18.3950460Z + python --version
2022-12-27T01:51:18.4008050Z Python 3.11.1
2022-12-27T01:51:18.4011710Z + which python
2022-12-27T01:51:18.4060350Z ##[endgroup]
2022-12-27T01:51:18.4060890Z                                                               [32mâœ“ [0m0.82s
2022-12-27T01:51:18.4061430Z ##[group]Installing build tools...
2022-12-27T01:51:18.4061610Z 
2022-12-27T01:51:18.4062200Z + pip install --upgrade setuptools wheel delocate -c /Library/Frameworks/Python.framework/Versions/3.11/lib/python3.11/site-packages/cibuildwheel/resources/constraints-python311.txt
2022-12-27T01:51:18.6723970Z Requirement already satisfied: setuptools in /private/var/folders/51/hd414ycd67n82196sw51xqtc0000gn/T/cibw-run-cg90jvfy/cp311-macosx_arm64/build/venv/lib/python3.11/site-packages (65.6.3)
2022-12-27T01:51:19.8552130Z Requirement already satisfied: wheel in /private/var/folders/51/hd414ycd67n82196sw51xqtc0000gn/T/cibw-run-cg90jvfy/cp311-macosx_arm64/build/venv/lib/python3.11/site-packages (0.38.4)
2022-12-27T01:51:19.8940680Z Collecting delocate
2022-12-27T01:51:19.8962170Z   Using cached delocate-0.10.3-py3-none-any.whl (142 kB)
2022-12-27T01:51:19.9219500Z Collecting packaging>=20.9
2022-12-27T01:51:19.9236670Z   Using cached packaging-21.3-py3-none-any.whl (40 kB)
2022-12-27T01:51:19.9392320Z Collecting typing-extensions
2022-12-27T01:51:19.9409070Z   Using cached typing_extensions-4.4.0-py3-none-any.whl (26 kB)
2022-12-27T01:51:19.9743940Z Collecting pyparsing!=3.0.5,>=2.0.2
2022-12-27T01:51:19.9761140Z   Using cached pyparsing-3.0.9-py3-none-any.whl (98 kB)
2022-12-27T01:51:20.0303010Z Installing collected packages: typing-extensions, pyparsing, packaging, delocate
2022-12-27T01:51:20.1566680Z Successfully installed delocate-0.10.3 packaging-21.3 pyparsing-3.0.9 typing-extensions-4.4.0
2022-12-27T01:51:20.2047600Z ##[endgroup]
2022-12-27T01:51:20.2048420Z                                                               [32mâœ“ [0m1.80s
2022-12-27T01:51:20.2048860Z ##[group]Running before_build...
2022-12-27T01:51:20.2049000Z 
2022-12-27T01:51:20.2052180Z + pip install Cython; if [[ -f requirements.txt ]]; then pip install -r requirements.txt; fi
2022-12-27T01:51:20.7660060Z Collecting Cython
2022-12-27T01:51:20.7703250Z   Using cached Cython-0.29.32-py2.py3-none-any.whl (986 kB)
2022-12-27T01:51:20.8100740Z Installing collected packages: Cython
2022-12-27T01:51:21.2081840Z Successfully installed Cython-0.29.32
2022-12-27T01:51:21.2540550Z ##[endgroup]
2022-12-27T01:51:21.2541360Z                                                               [32mâœ“ [0m1.05s
2022-12-27T01:51:21.2542000Z ##[group]Building wheel...
2022-12-27T01:51:21.2542150Z 
2022-12-27T01:51:21.2545470Z + python -m pip wheel /Users/runner/actions-runner/_work/python.build/python.build/build_grpcio040a4311/grpcio-0.4.0a4 --wheel-dir=/private/var/folders/51/hd414ycd67n82196sw51xqtc0000gn/T/cibw-run-cg90jvfy/cp311-macosx_arm64/built_wheel --no-deps -vvv
2022-12-27T01:51:21.4958510Z Created temporary directory: /private/var/folders/51/hd414ycd67n82196sw51xqtc0000gn/T/pip-ephem-wheel-cache-d3852bqv
2022-12-27T01:51:21.4961570Z Created temporary directory: /private/var/folders/51/hd414ycd67n82196sw51xqtc0000gn/T/pip-build-tracker-_sc4hzwf
2022-12-27T01:51:21.4962970Z Initialized build tracking at /private/var/folders/51/hd414ycd67n82196sw51xqtc0000gn/T/pip-build-tracker-_sc4hzwf
2022-12-27T01:51:21.4964460Z Created build tracker: /private/var/folders/51/hd414ycd67n82196sw51xqtc0000gn/T/pip-build-tracker-_sc4hzwf
2022-12-27T01:51:21.4965750Z Entered build tracker: /private/var/folders/51/hd414ycd67n82196sw51xqtc0000gn/T/pip-build-tracker-_sc4hzwf
2022-12-27T01:51:21.4968740Z Created temporary directory: /private/var/folders/51/hd414ycd67n82196sw51xqtc0000gn/T/pip-wheel-_ezq59wi
2022-12-27T01:51:21.4973720Z Created temporary directory: /private/var/folders/51/hd414ycd67n82196sw51xqtc0000gn/T/pip-ephem-wheel-cache-lecfzza9
2022-12-27T01:51:21.5045860Z Processing /Users/runner/actions-runner/_work/python.build/python.build/build_grpcio040a4311/grpcio-0.4.0a4
2022-12-27T01:51:21.5050390Z   Added file:///Users/runner/actions-runner/_work/python.build/python.build/build_grpcio040a4311/grpcio-0.4.0a4 to build tracker '/private/var/folders/51/hd414ycd67n82196sw51xqtc0000gn/T/pip-build-tracker-_sc4hzwf'
2022-12-27T01:51:21.5053590Z   Running setup.py (path:/Users/runner/actions-runner/_work/python.build/python.build/build_grpcio040a4311/grpcio-0.4.0a4/setup.py) egg_info for package from file:///Users/runner/actions-runner/_work/python.build/python.build/build_grpcio040a4311/grpcio-0.4.0a4
2022-12-27T01:51:21.5056000Z   Created temporary directory: /private/var/folders/51/hd414ycd67n82196sw51xqtc0000gn/T/pip-pip-egg-info-sn_zk28x
2022-12-27T01:51:21.5057130Z   Preparing metadata (setup.py): started
2022-12-27T01:51:21.5058610Z   Running command python setup.py egg_info
2022-12-27T01:51:21.6523030Z   running egg_info
2022-12-27T01:51:21.6524740Z   creating /private/var/folders/51/hd414ycd67n82196sw51xqtc0000gn/T/pip-pip-egg-info-sn_zk28x/grpcio.egg-info
2022-12-27T01:51:21.6527990Z   writing /private/var/folders/51/hd414ycd67n82196sw51xqtc0000gn/T/pip-pip-egg-info-sn_zk28x/grpcio.egg-info/PKG-INFO
2022-12-27T01:51:21.6530100Z   writing dependency_links to /private/var/folders/51/hd414ycd67n82196sw51xqtc0000gn/T/pip-pip-egg-info-sn_zk28x/grpcio.egg-info/dependency_links.txt
2022-12-27T01:51:21.6531820Z   writing requirements to /private/var/folders/51/hd414ycd67n82196sw51xqtc0000gn/T/pip-pip-egg-info-sn_zk28x/grpcio.egg-info/requires.txt
2022-12-27T01:51:21.6534610Z   writing top-level names to /private/var/folders/51/hd414ycd67n82196sw51xqtc0000gn/T/pip-pip-egg-info-sn_zk28x/grpcio.egg-info/top_level.txt
2022-12-27T01:51:21.6536310Z   writing manifest file '/private/var/folders/51/hd414ycd67n82196sw51xqtc0000gn/T/pip-pip-egg-info-sn_zk28x/grpcio.egg-info/SOURCES.txt'
2022-12-27T01:51:21.7298900Z   reading manifest file '/private/var/folders/51/hd414ycd67n82196sw51xqtc0000gn/T/pip-pip-egg-info-sn_zk28x/grpcio.egg-info/SOURCES.txt'
2022-12-27T01:51:21.7299620Z   reading manifest template 'MANIFEST.in'
2022-12-27T01:51:21.7327680Z   writing manifest file '/private/var/folders/51/hd414ycd67n82196sw51xqtc0000gn/T/pip-pip-egg-info-sn_zk28x/grpcio.egg-info/SOURCES.txt'
2022-12-27T01:51:21.7557110Z   Preparing metadata (setup.py): finished with status 'done'
2022-12-27T01:51:21.7578500Z   Source in /Users/runner/actions-runner/_work/python.build/python.build/build_grpcio040a4311/grpcio-0.4.0a4 has version 0.4.0a4, which satisfies requirement grpcio==0.4.0a4 from file:///Users/runner/actions-runner/_work/python.build/python.build/build_grpcio040a4311/grpcio-0.4.0a4
2022-12-27T01:51:21.7581310Z   Removed grpcio==0.4.0a4 from file:///Users/runner/actions-runner/_work/python.build/python.build/build_grpcio040a4311/grpcio-0.4.0a4 from build tracker '/private/var/folders/51/hd414ycd67n82196sw51xqtc0000gn/T/pip-build-tracker-_sc4hzwf'
2022-12-27T01:51:21.7596340Z Created temporary directory: /private/var/folders/51/hd414ycd67n82196sw51xqtc0000gn/T/pip-unpack-12v48ilz
2022-12-27T01:51:21.7597910Z Building wheels for collected packages: grpcio
2022-12-27T01:51:21.7603220Z   Created temporary directory: /private/var/folders/51/hd414ycd67n82196sw51xqtc0000gn/T/pip-wheel-9z3kcbd5
2022-12-27T01:51:21.7604120Z   Building wheel for grpcio (setup.py): started
2022-12-27T01:51:21.7605790Z   Destination directory: /private/var/folders/51/hd414ycd67n82196sw51xqtc0000gn/T/pip-wheel-9z3kcbd5
2022-12-27T01:51:21.7606720Z   Running command python setup.py bdist_wheel
2022-12-27T01:51:21.9151120Z   running bdist_wheel
2022-12-27T01:51:21.9855810Z   running build
2022-12-27T01:51:21.9857370Z   running build_py
2022-12-27T01:51:21.9872660Z   creating build
2022-12-27T01:51:21.9874460Z   creating build/lib.macosx-11.0-arm64-cpython-311
2022-12-27T01:51:21.9875290Z   creating build/lib.macosx-11.0-arm64-cpython-311/grpc
2022-12-27T01:51:21.9876550Z   copying grpc/__init__.py -> build/lib.macosx-11.0-arm64-cpython-311/grpc
2022-12-27T01:51:21.9884270Z   creating build/lib.macosx-11.0-arm64-cpython-311/grpc/_adapter
2022-12-27T01:51:21.9885680Z   copying grpc/_adapter/fore.py -> build/lib.macosx-11.0-arm64-cpython-311/grpc/_adapter
2022-12-27T01:51:21.9889280Z   copying grpc/_adapter/_event_invocation_synchronous_event_service_test.py -> build/lib.macosx-11.0-arm64-cpython-311/grpc/_adapter
2022-12-27T01:51:21.9890860Z   copying grpc/_adapter/_lonely_rear_link_test.py -> build/lib.macosx-11.0-arm64-cpython-311/grpc/_adapter
2022-12-27T01:51:21.9893740Z   copying grpc/_adapter/_face_test_case.py -> build/lib.macosx-11.0-arm64-cpython-311/grpc/_adapter
2022-12-27T01:51:21.9895110Z   copying grpc/_adapter/_future_invocation_asynchronous_event_service_test.py -> build/lib.macosx-11.0-arm64-cpython-311/grpc/_adapter
2022-12-27T01:51:21.9898120Z   copying grpc/_adapter/_common.py -> build/lib.macosx-11.0-arm64-cpython-311/grpc/_adapter
2022-12-27T01:51:21.9900030Z   copying grpc/_adapter/__init__.py -> build/lib.macosx-11.0-arm64-cpython-311/grpc/_adapter
2022-12-27T01:51:21.9902050Z   copying grpc/_adapter/_low.py -> build/lib.macosx-11.0-arm64-cpython-311/grpc/_adapter
2022-12-27T01:51:21.9904390Z   copying grpc/_adapter/_blocking_invocation_inline_service_test.py -> build/lib.macosx-11.0-arm64-cpython-311/grpc/_adapter
2022-12-27T01:51:21.9906600Z   copying grpc/_adapter/_test_links.py -> build/lib.macosx-11.0-arm64-cpython-311/grpc/_adapter
2022-12-27T01:51:21.9908750Z   copying grpc/_adapter/rear.py -> build/lib.macosx-11.0-arm64-cpython-311/grpc/_adapter
2022-12-27T01:51:21.9911310Z   copying grpc/_adapter/_proto_scenarios.py -> build/lib.macosx-11.0-arm64-cpython-311/grpc/_adapter
2022-12-27T01:51:21.9913390Z   copying grpc/_adapter/_low_test.py -> build/lib.macosx-11.0-arm64-cpython-311/grpc/_adapter
2022-12-27T01:51:21.9915940Z   copying grpc/_adapter/_datatypes.py -> build/lib.macosx-11.0-arm64-cpython-311/grpc/_adapter
2022-12-27T01:51:21.9918200Z   copying grpc/_adapter/_links_test.py -> build/lib.macosx-11.0-arm64-cpython-311/grpc/_adapter
2022-12-27T01:51:21.9920300Z   copying grpc/_adapter/_c_test.py -> build/lib.macosx-11.0-arm64-cpython-311/grpc/_adapter
2022-12-27T01:51:21.9924600Z   creating build/lib.macosx-11.0-arm64-cpython-311/grpc/_junkdrawer
2022-12-27T01:51:21.9925630Z   copying grpc/_junkdrawer/stock_pb2.py -> build/lib.macosx-11.0-arm64-cpython-311/grpc/_junkdrawer
2022-12-27T01:51:21.9928100Z   copying grpc/_junkdrawer/__init__.py -> build/lib.macosx-11.0-arm64-cpython-311/grpc/_junkdrawer
2022-12-27T01:51:21.9930380Z   copying grpc/_junkdrawer/math_pb2.py -> build/lib.macosx-11.0-arm64-cpython-311/grpc/_junkdrawer
2022-12-27T01:51:21.9934370Z   creating build/lib.macosx-11.0-arm64-cpython-311/grpc/early_adopter
2022-12-27T01:51:21.9935700Z   copying grpc/early_adopter/__init__.py -> build/lib.macosx-11.0-arm64-cpython-311/grpc/early_adopter
2022-12-27T01:51:21.9938170Z   copying grpc/early_adopter/implementations_test.py -> build/lib.macosx-11.0-arm64-cpython-311/grpc/early_adopter
2022-12-27T01:51:21.9940550Z   copying grpc/early_adopter/implementations.py -> build/lib.macosx-11.0-arm64-cpython-311/grpc/early_adopter
2022-12-27T01:51:21.9943980Z   creating build/lib.macosx-11.0-arm64-cpython-311/grpc/framework
2022-12-27T01:51:21.9945190Z   copying grpc/framework/__init__.py -> build/lib.macosx-11.0-arm64-cpython-311/grpc/framework
2022-12-27T01:51:21.9949610Z   creating build/lib.macosx-11.0-arm64-cpython-311/grpc/framework/alpha
2022-12-27T01:51:21.9950960Z   copying grpc/framework/alpha/interfaces.py -> build/lib.macosx-11.0-arm64-cpython-311/grpc/framework/alpha
2022-12-27T01:51:21.9953530Z   copying grpc/framework/alpha/_face_utilities.py -> build/lib.macosx-11.0-arm64-cpython-311/grpc/framework/alpha
2022-12-27T01:51:21.9955090Z   copying grpc/framework/alpha/__init__.py -> build/lib.macosx-11.0-arm64-cpython-311/grpc/framework/alpha
2022-12-27T01:51:21.9958060Z   copying grpc/framework/alpha/exceptions.py -> build/lib.macosx-11.0-arm64-cpython-311/grpc/framework/alpha
2022-12-27T01:51:21.9959940Z   copying grpc/framework/alpha/_reexport.py -> build/lib.macosx-11.0-arm64-cpython-311/grpc/framework/alpha
2022-12-27T01:51:21.9961980Z   copying grpc/framework/alpha/utilities.py -> build/lib.macosx-11.0-arm64-cpython-311/grpc/framework/alpha
2022-12-27T01:51:21.9969580Z   creating build/lib.macosx-11.0-arm64-cpython-311/grpc/framework/base
2022-12-27T01:51:21.9971240Z   copying grpc/framework/base/interfaces.py -> build/lib.macosx-11.0-arm64-cpython-311/grpc/framework/base
2022-12-27T01:51:21.9972800Z   copying grpc/framework/base/_constants.py -> build/lib.macosx-11.0-arm64-cpython-311/grpc/framework/base
2022-12-27T01:51:21.9975090Z   copying grpc/framework/base/_expiration.py -> build/lib.macosx-11.0-arm64-cpython-311/grpc/framework/base
2022-12-27T01:51:21.9977470Z   copying grpc/framework/base/_transmission.py -> build/lib.macosx-11.0-arm64-cpython-311/grpc/framework/base
2022-12-27T01:51:21.9980100Z   copying grpc/framework/base/_reception.py -> build/lib.macosx-11.0-arm64-cpython-311/grpc/framework/base
2022-12-27T01:51:21.9982590Z   copying grpc/framework/base/_ingestion.py -> build/lib.macosx-11.0-arm64-cpython-311/grpc/framework/base
2022-12-27T01:51:21.9985480Z   copying grpc/framework/base/util.py -> build/lib.macosx-11.0-arm64-cpython-311/grpc/framework/base
2022-12-27T01:51:21.9988640Z   copying grpc/framework/base/_termination.py -> build/lib.macosx-11.0-arm64-cpython-311/grpc/framework/base
2022-12-27T01:51:21.9990220Z   copying grpc/framework/base/null.py -> build/lib.macosx-11.0-arm64-cpython-311/grpc/framework/base
2022-12-27T01:51:21.9992470Z   copying grpc/framework/base/__init__.py -> build/lib.macosx-11.0-arm64-cpython-311/grpc/framework/base
2022-12-27T01:51:21.9994890Z   copying grpc/framework/base/_interfaces.py -> build/lib.macosx-11.0-arm64-cpython-311/grpc/framework/base
2022-12-27T01:51:21.9997320Z   copying grpc/framework/base/_context.py -> build/lib.macosx-11.0-arm64-cpython-311/grpc/framework/base
2022-12-27T01:51:21.9999070Z   copying grpc/framework/base/implementations_test.py -> build/lib.macosx-11.0-arm64-cpython-311/grpc/framework/base
2022-12-27T01:51:22.0001430Z   copying grpc/framework/base/interfaces_test_case.py -> build/lib.macosx-11.0-arm64-cpython-311/grpc/framework/base
2022-12-27T01:51:22.0003470Z   copying grpc/framework/base/exceptions.py -> build/lib.macosx-11.0-arm64-cpython-311/grpc/framework/base
2022-12-27T01:51:22.0006160Z   copying grpc/framework/base/_ends.py -> build/lib.macosx-11.0-arm64-cpython-311/grpc/framework/base
2022-12-27T01:51:22.0008960Z   copying grpc/framework/base/_emission.py -> build/lib.macosx-11.0-arm64-cpython-311/grpc/framework/base
2022-12-27T01:51:22.0011340Z   copying grpc/framework/base/implementations.py -> build/lib.macosx-11.0-arm64-cpython-311/grpc/framework/base
2022-12-27T01:51:22.0013660Z   copying grpc/framework/base/in_memory.py -> build/lib.macosx-11.0-arm64-cpython-311/grpc/framework/base
2022-12-27T01:51:22.0016130Z   copying grpc/framework/base/_cancellation.py -> build/lib.macosx-11.0-arm64-cpython-311/grpc/framework/base
2022-12-27T01:51:22.0020170Z   creating build/lib.macosx-11.0-arm64-cpython-311/grpc/framework/common
2022-12-27T01:51:22.0021150Z   copying grpc/framework/common/style.py -> build/lib.macosx-11.0-arm64-cpython-311/grpc/framework/common
2022-12-27T01:51:22.0023480Z   copying grpc/framework/common/cardinality.py -> build/lib.macosx-11.0-arm64-cpython-311/grpc/framework/common
2022-12-27T01:51:22.0025630Z   copying grpc/framework/common/__init__.py -> build/lib.macosx-11.0-arm64-cpython-311/grpc/framework/common
2022-12-27T01:51:22.0031420Z   creating build/lib.macosx-11.0-arm64-cpython-311/grpc/framework/face
2022-12-27T01:51:22.0032810Z   copying grpc/framework/face/_service.py -> build/lib.macosx-11.0-arm64-cpython-311/grpc/framework/face
2022-12-27T01:51:22.0034920Z   copying grpc/framework/face/interfaces.py -> build/lib.macosx-11.0-arm64-cpython-311/grpc/framework/face
2022-12-27T01:51:22.0037210Z   copying grpc/framework/face/_control.py -> build/lib.macosx-11.0-arm64-cpython-311/grpc/framework/face
2022-12-27T01:51:22.0039910Z   copying grpc/framework/face/blocking_invocation_inline_service_test.py -> build/lib.macosx-11.0-arm64-cpython-311/grpc/framework/face
2022-12-27T01:51:22.0042030Z   copying grpc/framework/face/__init__.py -> build/lib.macosx-11.0-arm64-cpython-311/grpc/framework/face
2022-12-27T01:51:22.0044290Z   copying grpc/framework/face/demonstration.py -> build/lib.macosx-11.0-arm64-cpython-311/grpc/framework/face
2022-12-27T01:51:22.0046580Z   copying grpc/framework/face/_calls.py -> build/lib.macosx-11.0-arm64-cpython-311/grpc/framework/face
2022-12-27T01:51:22.0049130Z   copying grpc/framework/face/exceptions.py -> build/lib.macosx-11.0-arm64-cpython-311/grpc/framework/face
2022-12-27T01:51:22.0051000Z   copying grpc/framework/face/utilities.py -> build/lib.macosx-11.0-arm64-cpython-311/grpc/framework/face
2022-12-27T01:51:22.0053670Z   copying grpc/framework/face/event_invocation_synchronous_event_service_test.py -> build/lib.macosx-11.0-arm64-cpython-311/grpc/framework/face
2022-12-27T01:51:22.0055990Z   copying grpc/framework/face/_test_case.py -> build/lib.macosx-11.0-arm64-cpython-311/grpc/framework/face
2022-12-27T01:51:22.0058130Z   copying grpc/framework/face/implementations.py -> build/lib.macosx-11.0-arm64-cpython-311/grpc/framework/face
2022-12-27T01:51:22.0061070Z   copying grpc/framework/face/future_invocation_asynchronous_event_service_test.py -> build/lib.macosx-11.0-arm64-cpython-311/grpc/framework/face
2022-12-27T01:51:22.0066870Z   creating build/lib.macosx-11.0-arm64-cpython-311/grpc/framework/face/testing
2022-12-27T01:51:22.0068440Z   copying grpc/framework/face/testing/callback.py -> build/lib.macosx-11.0-arm64-cpython-311/grpc/framework/face/testing
2022-12-27T01:51:22.0070070Z   copying grpc/framework/face/testing/digest.py -> build/lib.macosx-11.0-arm64-cpython-311/grpc/framework/face/testing
2022-12-27T01:51:22.0072640Z   copying grpc/framework/face/testing/interfaces.py -> build/lib.macosx-11.0-arm64-cpython-311/grpc/framework/face/testing
2022-12-27T01:51:22.0074620Z   copying grpc/framework/face/testing/stock_service.py -> build/lib.macosx-11.0-arm64-cpython-311/grpc/framework/face/testing
2022-12-27T01:51:22.0077070Z   copying grpc/framework/face/testing/service.py -> build/lib.macosx-11.0-arm64-cpython-311/grpc/framework/face/testing
2022-12-27T01:51:22.0079330Z   copying grpc/framework/face/testing/blocking_invocation_inline_service_test_case.py -> build/lib.macosx-11.0-arm64-cpython-311/grpc/framework/face/testing
2022-12-27T01:51:22.0081420Z   copying grpc/framework/face/testing/base_util.py -> build/lib.macosx-11.0-arm64-cpython-311/grpc/framework/face/testing
2022-12-27T01:51:22.0084130Z   copying grpc/framework/face/testing/control.py -> build/lib.macosx-11.0-arm64-cpython-311/grpc/framework/face/testing
2022-12-27T01:51:22.0086240Z   copying grpc/framework/face/testing/__init__.py -> build/lib.macosx-11.0-arm64-cpython-311/grpc/framework/face/testing
2022-12-27T01:51:22.0089370Z   copying grpc/framework/face/testing/coverage.py -> build/lib.macosx-11.0-arm64-cpython-311/grpc/framework/face/testing
2022-12-27T01:51:22.0091070Z   copying grpc/framework/face/testing/event_invocation_synchronous_event_service_test_case.py -> build/lib.macosx-11.0-arm64-cpython-311/grpc/framework/face/testing
2022-12-27T01:51:22.0093260Z   copying grpc/framework/face/testing/test_case.py -> build/lib.macosx-11.0-arm64-cpython-311/grpc/framework/face/testing
2022-12-27T01:51:22.0096160Z   copying grpc/framework/face/testing/serial.py -> build/lib.macosx-11.0-arm64-cpython-311/grpc/framework/face/testing
2022-12-27T01:51:22.0097800Z   copying grpc/framework/face/testing/future_invocation_asynchronous_event_service_test_case.py -> build/lib.macosx-11.0-arm64-cpython-311/grpc/framework/face/testing
2022-12-27T01:51:22.0104100Z   creating build/lib.macosx-11.0-arm64-cpython-311/grpc/framework/foundation
2022-12-27T01:51:22.0105660Z   copying grpc/framework/foundation/callable_util.py -> build/lib.macosx-11.0-arm64-cpython-311/grpc/framework/foundation
2022-12-27T01:51:22.0107180Z   copying grpc/framework/foundation/abandonment.py -> build/lib.macosx-11.0-arm64-cpython-311/grpc/framework/foundation
2022-12-27T01:51:22.0109820Z   copying grpc/framework/foundation/stream_testing.py -> build/lib.macosx-11.0-arm64-cpython-311/grpc/framework/foundation
2022-12-27T01:51:22.0111880Z   copying grpc/framework/foundation/__init__.py -> build/lib.macosx-11.0-arm64-cpython-311/grpc/framework/foundation
2022-12-27T01:51:22.0114790Z   copying grpc/framework/foundation/stream.py -> build/lib.macosx-11.0-arm64-cpython-311/grpc/framework/foundation
2022-12-27T01:51:22.0116510Z   copying grpc/framework/foundation/activated.py -> build/lib.macosx-11.0-arm64-cpython-311/grpc/framework/foundation
2022-12-27T01:51:22.0118800Z   copying grpc/framework/foundation/later.py -> build/lib.macosx-11.0-arm64-cpython-311/grpc/framework/foundation
2022-12-27T01:51:22.0121340Z   copying grpc/framework/foundation/_later_test.py -> build/lib.macosx-11.0-arm64-cpython-311/grpc/framework/foundation
2022-12-27T01:51:22.0123610Z   copying grpc/framework/foundation/_logging_pool_test.py -> build/lib.macosx-11.0-arm64-cpython-311/grpc/framework/foundation
2022-12-27T01:51:22.0125910Z   copying grpc/framework/foundation/stream_util.py -> build/lib.macosx-11.0-arm64-cpython-311/grpc/framework/foundation
2022-12-27T01:51:22.0128160Z   copying grpc/framework/foundation/future.py -> build/lib.macosx-11.0-arm64-cpython-311/grpc/framework/foundation
2022-12-27T01:51:22.0130470Z   copying grpc/framework/foundation/_timer_future.py -> build/lib.macosx-11.0-arm64-cpython-311/grpc/framework/foundation
2022-12-27T01:51:22.0192520Z   copying grpc/framework/foundation/logging_pool.py -> build/lib.macosx-11.0-arm64-cpython-311/grpc/framework/foundation
2022-12-27T01:51:22.0193170Z   running build_ext
2022-12-27T01:51:22.0193860Z   building 'grpc._adapter._c' extension
2022-12-27T01:51:22.0194380Z   creating build/temp.macosx-11.0-arm64-cpython-311
2022-12-27T01:51:22.0194880Z   creating build/temp.macosx-11.0-arm64-cpython-311/grpc
2022-12-27T01:51:22.0195430Z   creating build/temp.macosx-11.0-arm64-cpython-311/grpc/_adapter
2022-12-27T01:51:22.0196940Z   clang -Wsign-compare -Wunreachable-code -fno-common -dynamic -DNDEBUG -g -fwrapv -O3 -Wall -g -I/usr/local/opt/openssl@3/include -I/usr/local/opt/openssl@3/include -arch arm64 -I. -I/private/var/folders/51/hd414ycd67n82196sw51xqtc0000gn/T/cibw-run-cg90jvfy/cp311-macosx_arm64/build/venv/include -I/Library/Frameworks/Python.framework/Versions/3.11/include/python3.11 -c grpc/_adapter/_c.c -o build/temp.macosx-11.0-arm64-cpython-311/grpc/_adapter/_c.o
2022-12-27T01:51:22.0860090Z   grpc/_adapter/_c.c:35:10: fatal error: 'grpc/grpc.h' file not found
2022-12-27T01:51:22.0860720Z   #include <grpc/grpc.h>
2022-12-27T01:51:22.0862280Z            ^~~~~~~~~~~~~
2022-12-27T01:51:22.0865880Z   1 error generated.
2022-12-27T01:51:22.0884210Z   error: command '/usr/bin/clang' failed with exit code 1
2022-12-27T01:51:22.1413120Z   error: subprocess-exited-with-error
2022-12-27T01:51:22.1413410Z   
2022-12-27T01:51:22.1414390Z   Ã— python setup.py bdist_wheel did not run successfully.
2022-12-27T01:51:22.1414950Z   â”‚ exit code: 1
2022-12-27T01:51:22.1415190Z   â•°â”€> See above for output.
2022-12-27T01:51:22.1415410Z   
2022-12-27T01:51:22.1415700Z   note: This error originates from a subprocess, and is likely not a problem with pip.
2022-12-27T01:51:22.1420580Z   full command: /private/var/folders/51/hd414ycd67n82196sw51xqtc0000gn/T/cibw-run-cg90jvfy/cp311-macosx_arm64/build/venv/bin/python -u -c '
2022-12-27T01:51:22.1421160Z   exec(compile('"'"''"'"''"'"'
2022-12-27T01:51:22.1421720Z   # This is <pip-setuptools-caller> -- a caller that pip uses to run setup.py
2022-12-27T01:51:22.1422110Z   #
2022-12-27T01:51:22.1422640Z   # - It imports setuptools before invoking setup.py, to enable projects that directly
2022-12-27T01:51:22.1423030Z   #   import from `distutils.core` to work with newer packaging standards.
2022-12-27T01:51:22.1424190Z   # - It provides a clear error message when setuptools is not installed.
2022-12-27T01:51:22.1426360Z   # - It sets `sys.argv[0]` to the underlying `setup.py`, when invoking `setup.py` so
2022-12-27T01:51:22.1427220Z   #   setuptools doesn'"'"'t think the script is `-c`. This avoids the following warning:
2022-12-27T01:51:22.1427730Z   #     manifest_maker: standard file '"'"'-c'"'"' not found".
2022-12-27T01:51:22.1428300Z   # - It generates a shim setup.py, for handling setup.cfg-only projects.
2022-12-27T01:51:22.1428730Z   import os, sys, tokenize
2022-12-27T01:51:22.1428950Z   
2022-12-27T01:51:22.1429190Z   try:
2022-12-27T01:51:22.1429420Z       import setuptools
2022-12-27T01:51:22.1429670Z   except ImportError as error:
2022-12-27T01:51:22.1429950Z       print(
2022-12-27T01:51:22.1430300Z           "ERROR: Can not execute `setup.py` since setuptools is not available in "
2022-12-27T01:51:22.1430620Z           "the build environment.",
2022-12-27T01:51:22.1431300Z           file=sys.stderr,
2022-12-27T01:51:22.1431540Z       )
2022-12-27T01:51:22.1431730Z       sys.exit(1)
2022-12-27T01:51:22.1431950Z   
2022-12-27T01:51:22.1432120Z   __file__ = %r
2022-12-27T01:51:22.1432260Z   sys.argv[0] = __file__
2022-12-27T01:51:22.1432430Z   
2022-12-27T01:51:22.1432600Z   if os.path.exists(__file__):
2022-12-27T01:51:22.1432750Z       filename = __file__
2022-12-27T01:51:22.1432940Z       with tokenize.open(__file__) as f:
2022-12-27T01:51:22.1433100Z           setup_py_code = f.read()
2022-12-27T01:51:22.1433220Z   else:
2022-12-27T01:51:22.1433510Z       filename = "<auto-generated setuptools caller>"
2022-12-27T01:51:22.1433760Z       setup_py_code = "from setuptools import setup; setup()"
2022-12-27T01:51:22.1433960Z   
2022-12-27T01:51:22.1434180Z   exec(compile(setup_py_code, filename, "exec"))
2022-12-27T01:51:22.1434850Z   '"'"''"'"''"'"' % ('"'"'/Users/runner/actions-runner/_work/python.build/python.build/build_grpcio040a4311/grpcio-0.4.0a4/setup.py'"'"',), "<pip-setuptools-caller>", "exec"))' bdist_wheel -d /private/var/folders/51/hd414ycd67n82196sw51xqtc0000gn/T/pip-wheel-9z3kcbd5
2022-12-27T01:51:22.1435490Z   cwd: /Users/runner/actions-runner/_work/python.build/python.build/build_grpcio040a4311/grpcio-0.4.0a4/
2022-12-27T01:51:22.1435880Z   Building wheel for grpcio (setup.py): finished with status 'error'
2022-12-27T01:51:22.1436190Z   ERROR: Failed building wheel for grpcio
2022-12-27T01:51:22.1436450Z   Running command python setup.py clean
2022-12-27T01:51:22.1436710Z   Running setup.py clean for grpcio
2022-12-27T01:51:22.2917420Z   running clean
2022-12-27T01:51:22.2931090Z   removing 'build/temp.macosx-11.0-arm64-cpython-311' (and everything under it)
2022-12-27T01:51:22.2934110Z   removing 'build/lib.macosx-11.0-arm64-cpython-311' (and everything under it)
2022-12-27T01:51:22.3009260Z   'build/bdist.macosx-11.0-arm64' does not exist -- can't clean it
2022-12-27T01:51:22.3010740Z   'build/scripts-3.11' does not exist -- can't clean it
2022-12-27T01:51:22.3012050Z   removing 'build'
2022-12-27T01:51:22.3200750Z Failed to build grpcio
2022-12-27T01:51:22.3204490Z ERROR: Failed to build one or more wheels
2022-12-27T01:51:22.3218060Z Exception information:
2022-12-27T01:51:22.3218570Z Traceback (most recent call last):
2022-12-27T01:51:22.3226790Z   File "/private/var/folders/51/hd414ycd67n82196sw51xqtc0000gn/T/cibw-run-cg90jvfy/cp311-macosx_arm64/build/venv/lib/python3.11/site-packages/pip/_internal/cli/base_command.py", line 160, in exc_logging_wrapper
2022-12-27T01:51:22.3227390Z     status = run_func(*args)
2022-12-27T01:51:22.3227610Z              ^^^^^^^^^^^^^^^
2022-12-27T01:51:22.3228300Z   File "/private/var/folders/51/hd414ycd67n82196sw51xqtc0000gn/T/cibw-run-cg90jvfy/cp311-macosx_arm64/build/venv/lib/python3.11/site-packages/pip/_internal/cli/req_command.py", line 247, in wrapper
2022-12-27T01:51:22.3228760Z     return func(self, options, args)
2022-12-27T01:51:22.3228950Z            ^^^^^^^^^^^^^^^^^^^^^^^^^
2022-12-27T01:51:22.3229360Z   File "/private/var/folders/51/hd414ycd67n82196sw51xqtc0000gn/T/cibw-run-cg90jvfy/cp311-macosx_arm64/build/venv/lib/python3.11/site-packages/pip/_internal/commands/wheel.py", line 201, in run
2022-12-27T01:51:22.3229720Z     raise CommandError("Failed to build one or more wheels")
2022-12-27T01:51:22.3230010Z pip._internal.exceptions.CommandError: Failed to build one or more wheels
2022-12-27T01:51:22.3230410Z Removed build tracker: '/private/var/folders/51/hd414ycd67n82196sw51xqtc0000gn/T/pip-build-tracker-_sc4hzwf'
2022-12-27T01:51:22.3658040Z ##[endgroup]
2022-12-27T01:51:22.3690570Z ##[error]Command ['python', '-m', 'pip', 'wheel', '/Users/runner/actions-runner/_work/python.build/python.build/build_grpcio040a4311/grpcio-0.4.0a4', '--wheel-dir=/private/var/folders/51/hd414ycd67n82196sw51xqtc0000gn/T/cibw-run-cg90jvfy/cp311-macosx_arm64/built_wheel', '--no-deps', '-vvv'] failed with code 1. None
2022-12-27T01:51:22.3699090Z 
2022-12-27T01:51:22.3699480Z                                                               [31mâœ• [0m1.11s
2022-12-27T01:51:22.4164060Z ##[error]Process completed with exit code 1.
2022-12-27T01:51:22.4196050Z ##[group]Run rm -rf build_grpcio040a4311 wheelsout
2022-12-27T01:51:22.4196250Z [36;1mrm -rf build_grpcio040a4311 wheelsout[0m
2022-12-27T01:51:22.4211910Z shell: /bin/bash -e {0}
2022-12-27T01:51:22.4212030Z env:
2022-12-27T01:51:22.4212170Z   pythonLocation: /Users/runner/hostedtoolcache/Python/3.11.1/x64
2022-12-27T01:51:22.4212370Z   PKG_CONFIG_PATH: /Users/runner/hostedtoolcache/Python/3.11.1/x64/lib/pkgconfig
2022-12-27T01:51:22.4212550Z   Python_ROOT_DIR: /Users/runner/hostedtoolcache/Python/3.11.1/x64
2022-12-27T01:51:22.4212720Z   Python2_ROOT_DIR: /Users/runner/hostedtoolcache/Python/3.11.1/x64
2022-12-27T01:51:22.4212890Z   Python3_ROOT_DIR: /Users/runner/hostedtoolcache/Python/3.11.1/x64
2022-12-27T01:51:22.4213030Z ##[endgroup]
2022-12-27T01:51:22.4467530Z Cleaning up orphan processes
