2022-12-27T02:00:05.6743906Z Requested labels: self-hosted, macOS, X64
2022-12-27T02:00:05.6743969Z Job defined at: kilnbuild/python.build/.github/workflows/mac_arm_build.yml@refs/heads/main
2022-12-27T02:00:05.6744012Z Waiting for a runner to pick up this job...
2022-12-27T03:20:13.5966650Z Job is about to start running on the runner: k2 (organization)
2022-12-27T03:20:17.3352380Z Current runner version: '2.300.2'
2022-12-27T03:20:17.3357320Z Runner name: 'k2'
2022-12-27T03:20:17.3357620Z Runner group name: 'Default'
2022-12-27T03:20:17.3358170Z Machine name: 'k2'
2022-12-27T03:20:17.3359850Z ##[group]GITHUB_TOKEN Permissions
2022-12-27T03:20:17.3360330Z Actions: write
2022-12-27T03:20:17.3360480Z Checks: write
2022-12-27T03:20:17.3360610Z Contents: write
2022-12-27T03:20:17.3360750Z Deployments: write
2022-12-27T03:20:17.3360890Z Discussions: write
2022-12-27T03:20:17.3361030Z Issues: write
2022-12-27T03:20:17.3361160Z Metadata: read
2022-12-27T03:20:17.3361300Z Packages: write
2022-12-27T03:20:17.3361440Z Pages: write
2022-12-27T03:20:17.3361570Z PullRequests: write
2022-12-27T03:20:17.3361740Z RepositoryProjects: write
2022-12-27T03:20:17.3361900Z SecurityEvents: write
2022-12-27T03:20:17.3362040Z Statuses: write
2022-12-27T03:20:17.3362170Z ##[endgroup]
2022-12-27T03:20:17.3364900Z Secret source: Actions
2022-12-27T03:20:17.3365230Z Prepare workflow directory
2022-12-27T03:20:17.4025260Z Prepare all required actions
2022-12-27T03:20:17.4146090Z Getting action download info
2022-12-27T03:20:17.8272890Z Download action repository 'actions/setup-python@v4' (SHA:5ccb29d8773c3f3f653e1705f474dfaa8a06a912)
2022-12-27T03:20:19.6900630Z Download action repository 'actions/upload-artifact@v3' (SHA:83fd05a356d7e2593de66fc9913b3002723633cb)
2022-12-27T03:20:21.1154160Z ##[group]Run echo '{
2022-12-27T03:20:21.1154460Z [36;1mecho '{[0m
2022-12-27T03:20:21.1154720Z [36;1m  "environment_variables": "GRPC_PYTHON_BUILD_WITH_CYTHON=1 GRPC_BUILD_WITH_BORING_SSL_ASM='' GRPC_PYTHON_BUILD_SYSTEM_OPENSSL=TRUE",[0m
2022-12-27T03:20:21.1154940Z [36;1m  "package_name": "grpcio",[0m
2022-12-27T03:20:21.1155230Z [36;1m  "package_url": "https://files.pythonhosted.org/packages/65/43/5198cfbfa6737acc8b45f7196eacfb105d8c0167492244cd6cbd547d8de6/grpcio-0.4.0a5.tar.gz",[0m
2022-12-27T03:20:21.1155480Z [36;1m  "package_version": "0.4.0a5",[0m
2022-12-27T03:20:21.1155640Z [36;1m  "python_version": "3.10",[0m
2022-12-27T03:20:21.1155770Z [36;1m  "use_ccache": "true"[0m
2022-12-27T03:20:21.1155900Z [36;1m}'[0m
2022-12-27T03:20:21.1171440Z shell: /bin/bash -e {0}
2022-12-27T03:20:21.1171620Z ##[endgroup]
2022-12-27T03:20:21.1389220Z {
2022-12-27T03:20:21.1390810Z   "environment_variables": "GRPC_PYTHON_BUILD_WITH_CYTHON=1 GRPC_BUILD_WITH_BORING_SSL_ASM= GRPC_PYTHON_BUILD_SYSTEM_OPENSSL=TRUE",
2022-12-27T03:20:21.1391090Z   "package_name": "grpcio",
2022-12-27T03:20:21.1391770Z   "package_url": "https://files.pythonhosted.org/packages/65/43/5198cfbfa6737acc8b45f7196eacfb105d8c0167492244cd6cbd547d8de6/grpcio-0.4.0a5.tar.gz",
2022-12-27T03:20:21.1392130Z   "package_version": "0.4.0a5",
2022-12-27T03:20:21.1392290Z   "python_version": "3.10",
2022-12-27T03:20:21.1392480Z   "use_ccache": "true"
2022-12-27T03:20:21.1392650Z }
2022-12-27T03:20:21.1611630Z ##[group]Run actions/setup-python@v4
2022-12-27T03:20:21.1611950Z with:
2022-12-27T03:20:21.1612110Z   python-version: 3.10
2022-12-27T03:20:21.1612300Z   check-latest: false
2022-12-27T03:20:21.1612630Z   token: ***
2022-12-27T03:20:21.1612820Z   update-environment: true
2022-12-27T03:20:21.1613020Z ##[endgroup]
2022-12-27T03:20:21.2847860Z ##[group]Installed versions
2022-12-27T03:20:21.2884900Z Successfully set up CPython (3.10.9)
2022-12-27T03:20:21.2885760Z ##[endgroup]
2022-12-27T03:20:21.3033950Z ##[group]Run if [ "true" == "true" ]
2022-12-27T03:20:21.3034220Z [36;1mif [ "true" == "true" ][0m
2022-12-27T03:20:21.3034380Z [36;1mthen[0m
2022-12-27T03:20:21.3034690Z [36;1m  echo "CCACHE_PATH_PREPEND=/usr/local/opt/ccache/libexec" >> $GITHUB_OUTPUT[0m
2022-12-27T03:20:21.3034910Z [36;1melse[0m
2022-12-27T03:20:21.3035080Z [36;1m  echo "CCACHE_PATH_PREPEND=" >> $GITHUB_OUTPUT[0m
2022-12-27T03:20:21.3035280Z [36;1mfi[0m
2022-12-27T03:20:21.3051920Z shell: /bin/bash -e {0}
2022-12-27T03:20:21.3052130Z env:
2022-12-27T03:20:21.3052320Z   pythonLocation: /Users/runner/hostedtoolcache/Python/3.10.9/x64
2022-12-27T03:20:21.3052600Z   PKG_CONFIG_PATH: /Users/runner/hostedtoolcache/Python/3.10.9/x64/lib/pkgconfig
2022-12-27T03:20:21.3053290Z   Python_ROOT_DIR: /Users/runner/hostedtoolcache/Python/3.10.9/x64
2022-12-27T03:20:21.3053500Z   Python2_ROOT_DIR: /Users/runner/hostedtoolcache/Python/3.10.9/x64
2022-12-27T03:20:21.3053820Z   Python3_ROOT_DIR: /Users/runner/hostedtoolcache/Python/3.10.9/x64
2022-12-27T03:20:21.3054020Z ##[endgroup]
2022-12-27T03:20:21.3168120Z ##[group]Run echo "BUILD_NAME=$(echo grpcio_0.4.0a5_3.10 | tr -dc '[:alnum:]\n\r' | tr '[:upper:]' '[:lower:]')" >> $GITHUB_OUTPUT
2022-12-27T03:20:21.3168570Z [36;1mecho "BUILD_NAME=$(echo grpcio_0.4.0a5_3.10 | tr -dc '[:alnum:]\n\r' | tr '[:upper:]' '[:lower:]')" >> $GITHUB_OUTPUT[0m
2022-12-27T03:20:21.3183160Z shell: /bin/bash -e {0}
2022-12-27T03:20:21.3183350Z env:
2022-12-27T03:20:21.3183530Z   pythonLocation: /Users/runner/hostedtoolcache/Python/3.10.9/x64
2022-12-27T03:20:21.3183870Z   PKG_CONFIG_PATH: /Users/runner/hostedtoolcache/Python/3.10.9/x64/lib/pkgconfig
2022-12-27T03:20:21.3184170Z   Python_ROOT_DIR: /Users/runner/hostedtoolcache/Python/3.10.9/x64
2022-12-27T03:20:21.3184410Z   Python2_ROOT_DIR: /Users/runner/hostedtoolcache/Python/3.10.9/x64
2022-12-27T03:20:21.3184650Z   Python3_ROOT_DIR: /Users/runner/hostedtoolcache/Python/3.10.9/x64
2022-12-27T03:20:21.3184850Z ##[endgroup]
2022-12-27T03:20:21.3347980Z ##[group]Run echo "PYTHON_NO_DOTS=$(echo 3.10 | tr -dc '[:alnum:]\n\r' | tr '[:upper:]' '[:lower:]')" >> $GITHUB_OUTPUT
2022-12-27T03:20:21.3348360Z [36;1mecho "PYTHON_NO_DOTS=$(echo 3.10 | tr -dc '[:alnum:]\n\r' | tr '[:upper:]' '[:lower:]')" >> $GITHUB_OUTPUT[0m
2022-12-27T03:20:21.3361890Z shell: /bin/bash -e {0}
2022-12-27T03:20:21.3362070Z env:
2022-12-27T03:20:21.3362300Z   pythonLocation: /Users/runner/hostedtoolcache/Python/3.10.9/x64
2022-12-27T03:20:21.3362850Z   PKG_CONFIG_PATH: /Users/runner/hostedtoolcache/Python/3.10.9/x64/lib/pkgconfig
2022-12-27T03:20:21.3363090Z   Python_ROOT_DIR: /Users/runner/hostedtoolcache/Python/3.10.9/x64
2022-12-27T03:20:21.3363300Z   Python2_ROOT_DIR: /Users/runner/hostedtoolcache/Python/3.10.9/x64
2022-12-27T03:20:21.3363580Z   Python3_ROOT_DIR: /Users/runner/hostedtoolcache/Python/3.10.9/x64
2022-12-27T03:20:21.3363800Z ##[endgroup]
2022-12-27T03:20:21.3487360Z ##[group]Run rm -rf build_grpcio040a5310
2022-12-27T03:20:21.3487820Z [36;1mrm -rf build_grpcio040a5310[0m
2022-12-27T03:20:21.3487980Z [36;1mmkdir build_grpcio040a5310[0m
2022-12-27T03:20:21.3488160Z [36;1mcd build_grpcio040a5310[0m
2022-12-27T03:20:21.3488480Z [36;1m/usr/local/bin/wget --quiet https://files.pythonhosted.org/packages/65/43/5198cfbfa6737acc8b45f7196eacfb105d8c0167492244cd6cbd547d8de6/grpcio-0.4.0a5.tar.gz[0m
2022-12-27T03:20:21.3488720Z [36;1mtar xf *.tar.gz[0m
2022-12-27T03:20:21.3488960Z [36;1mcd grpcio-*/[0m
2022-12-27T03:20:21.3489160Z [36;1mpython -m pip install cibuildwheel==2.11.3[0m
2022-12-27T03:20:21.3489380Z [36;1mpython -m cibuildwheel --output-dir ../wheelsout[0m
2022-12-27T03:20:21.3503650Z shell: /bin/bash -e {0}
2022-12-27T03:20:21.3503890Z env:
2022-12-27T03:20:21.3504100Z   pythonLocation: /Users/runner/hostedtoolcache/Python/3.10.9/x64
2022-12-27T03:20:21.3504380Z   PKG_CONFIG_PATH: /Users/runner/hostedtoolcache/Python/3.10.9/x64/lib/pkgconfig
2022-12-27T03:20:21.3504600Z   Python_ROOT_DIR: /Users/runner/hostedtoolcache/Python/3.10.9/x64
2022-12-27T03:20:21.3504870Z   Python2_ROOT_DIR: /Users/runner/hostedtoolcache/Python/3.10.9/x64
2022-12-27T03:20:21.3505100Z   Python3_ROOT_DIR: /Users/runner/hostedtoolcache/Python/3.10.9/x64
2022-12-27T03:20:21.3505300Z   CIBW_ARCHS_MACOS: arm64
2022-12-27T03:20:21.3505450Z   CIBW_TEST_SKIP: *_arm64
2022-12-27T03:20:21.3505670Z   CIBW_BUILD: cp310-macosx_arm64
2022-12-27T03:20:21.3505850Z   CIBW_BUILD_FRONTEND: pip
2022-12-27T03:20:21.3506000Z   CIBW_BUILD_VERBOSITY: 3
2022-12-27T03:20:21.3506370Z   CIBW_ENVIRONMENT_MACOS: GRPC_PYTHON_BUILD_WITH_CYTHON=1 GRPC_BUILD_WITH_BORING_SSL_ASM='' GRPC_PYTHON_BUILD_SYSTEM_OPENSSL=TRUE CFLAGS="-I/usr/local/opt/openssl@3/include" LDFLAGS="-L/usr/local/opt/openssl@3/lib" CPPFLAGS="-I/usr/local/opt/openssl@3/include" MAKEFLAGS="-j$(sysctl -n hw.logicalcpu)" PATH=/usr/local/opt/ccache/libexec:$PATH
2022-12-27T03:20:21.3507010Z   CIBW_BEFORE_BUILD: pip install Cython; if [[ -f requirements.txt ]]; then pip install -r requirements.txt; fi
2022-12-27T03:20:21.3507290Z   MAKEFLAGS: -j$(sysctl -n hw.logicalcpu)
2022-12-27T03:20:21.3507430Z ##[endgroup]
2022-12-27T03:20:21.6890470Z Requirement already satisfied: cibuildwheel==2.11.3 in /Users/runner/hostedtoolcache/Python/3.10.9/x64/lib/python3.10/site-packages (2.11.3)
2022-12-27T03:20:21.7135200Z Requirement already satisfied: platformdirs in /Users/runner/hostedtoolcache/Python/3.10.9/x64/lib/python3.10/site-packages (from cibuildwheel==2.11.3) (2.6.0)
2022-12-27T03:20:21.7138290Z Requirement already satisfied: bracex in /Users/runner/hostedtoolcache/Python/3.10.9/x64/lib/python3.10/site-packages (from cibuildwheel==2.11.3) (2.3.post1)
2022-12-27T03:20:21.7141450Z Requirement already satisfied: certifi in /Users/runner/hostedtoolcache/Python/3.10.9/x64/lib/python3.10/site-packages (from cibuildwheel==2.11.3) (2022.12.7)
2022-12-27T03:20:21.7151150Z Requirement already satisfied: typing-extensions>=4.1.0 in /Users/runner/hostedtoolcache/Python/3.10.9/x64/lib/python3.10/site-packages (from cibuildwheel==2.11.3) (4.4.0)
2022-12-27T03:20:21.7155620Z Requirement already satisfied: bashlex!=0.13 in /Users/runner/hostedtoolcache/Python/3.10.9/x64/lib/python3.10/site-packages (from cibuildwheel==2.11.3) (0.16)
2022-12-27T03:20:21.7161450Z Requirement already satisfied: tomli in /Users/runner/hostedtoolcache/Python/3.10.9/x64/lib/python3.10/site-packages (from cibuildwheel==2.11.3) (2.0.1)
2022-12-27T03:20:21.7164710Z Requirement already satisfied: filelock in /Users/runner/hostedtoolcache/Python/3.10.9/x64/lib/python3.10/site-packages (from cibuildwheel==2.11.3) (3.8.2)
2022-12-27T03:20:21.7169640Z Requirement already satisfied: packaging>=20.9 in /Users/runner/hostedtoolcache/Python/3.10.9/x64/lib/python3.10/site-packages (from cibuildwheel==2.11.3) (22.0)
2022-12-27T03:20:21.8944650Z 
2022-12-27T03:20:21.8945120Z      _ _       _ _   _       _           _
2022-12-27T03:20:21.8945960Z  ___|_| |_ _ _|_| |_| |_ _ _| |_ ___ ___| |
2022-12-27T03:20:21.8947870Z |  _| | . | | | | | . | | | |   | -_| -_| |
2022-12-27T03:20:21.8948320Z |___|_|___|___|_|_|___|_____|_|_|___|___|_|
2022-12-27T03:20:21.8948690Z 
2022-12-27T03:20:21.8948820Z cibuildwheel version 2.11.3
2022-12-27T03:20:21.8948980Z 
2022-12-27T03:20:21.8949110Z Build options:
2022-12-27T03:20:21.8949360Z   platform: macos
2022-12-27T03:20:21.9000750Z   architectures: arm64[0m
2022-12-27T03:20:21.9001460Z   build_selector: 
2022-12-27T03:20:21.9001870Z     build_config: cp310-macosx_arm64
2022-12-27T03:20:21.9002440Z     skip_config: 
2022-12-27T03:20:21.9002830Z     requires_python: None
2022-12-27T03:20:21.9003960Z     prerelease_pythons: False[0m
2022-12-27T03:20:21.9004480Z   [38;5;244mcontainer_engine: docker[0m
2022-12-27T03:20:21.9005190Z   output_dir: /Users/runner/actions-runner/_work/python.build/python.build/build_grpcio040a5310/wheelsout[0m
2022-12-27T03:20:21.9005870Z   package_dir: /Users/runner/actions-runner/_work/python.build/python.build/build_grpcio040a5310/grpcio-0.4.0a5[0m
2022-12-27T03:20:21.9006260Z   test_selector: 
2022-12-27T03:20:21.9006670Z     skip_config: *_arm64[0m
2022-12-27T03:20:21.9007040Z   [38;5;244mbefore_all: [0m
2022-12-27T03:20:21.9007560Z   before_build: pip install Cython; if [[ -f requirements.txt ]]; then pip install -r requirements.txt; fi[0m
2022-12-27T03:20:21.9007960Z   [38;5;244mbefore_test: [0m
2022-12-27T03:20:21.9008330Z   [38;5;244mbuild_frontend: pip[0m
2022-12-27T03:20:21.9008740Z   build_verbosity: 3[0m
2022-12-27T03:20:21.9009030Z   [38;5;244mconfig_settings: [0m
2022-12-27T03:20:21.9009390Z   [38;5;244mdependency_constraints: pinned[0m
2022-12-27T03:20:21.9009660Z   environment: 
2022-12-27T03:20:21.9010900Z     GRPC_PYTHON_BUILD_WITH_CYTHON=1
2022-12-27T03:20:21.9011240Z     GRPC_BUILD_WITH_BORING_SSL_ASM=''
2022-12-27T03:20:21.9011930Z     GRPC_PYTHON_BUILD_SYSTEM_OPENSSL=TRUE
2022-12-27T03:20:21.9012330Z     CFLAGS="-I/usr/local/opt/openssl@3/include"
2022-12-27T03:20:21.9012690Z     LDFLAGS="-L/usr/local/opt/openssl@3/lib"
2022-12-27T03:20:21.9013210Z     CPPFLAGS="-I/usr/local/opt/openssl@3/include"
2022-12-27T03:20:21.9013600Z     MAKEFLAGS="-j$(sysctl -n hw.logicalcpu)"
2022-12-27T03:20:21.9013960Z     PATH=/usr/local/opt/ccache/libexec:$PATH[0m
2022-12-27T03:20:21.9014320Z   [38;5;244mmanylinux_images: None[0m
2022-12-27T03:20:21.9014660Z   [38;5;244mmusllinux_images: None[0m
2022-12-27T03:20:21.9015210Z   [38;5;244mrepair_command: delocate-wheel --require-archs {delocate_archs} -w {dest_dir} -v {wheel}[0m
2022-12-27T03:20:21.9015620Z   [38;5;244mtest_command: [0m
2022-12-27T03:20:21.9015940Z   [38;5;244mtest_extras: [0m
2022-12-27T03:20:21.9016260Z   [38;5;244mtest_requires: [0m
2022-12-27T03:20:21.9016380Z 
2022-12-27T03:20:21.9016540Z Cache folder: /Users/runner/Library/Caches/cibuildwheel
2022-12-27T03:20:21.9023310Z 
2022-12-27T03:20:21.9023710Z Here we go!
2022-12-27T03:20:21.9023940Z 
2022-12-27T03:20:21.9154030Z 
2022-12-27T03:20:21.9154630Z [1m[34mBuilding cp310-macosx_arm64 wheel[0m
2022-12-27T03:20:21.9155100Z CPython 3.10 macOS arm64 - Apple Silicon
2022-12-27T03:20:21.9155300Z 
2022-12-27T03:20:21.9157920Z ##[group]Installing Python cp310...
2022-12-27T03:20:21.9158140Z 
2022-12-27T03:20:21.9158320Z + pkgutil --pkgs
2022-12-27T03:20:21.9257070Z ##[endgroup]
2022-12-27T03:20:21.9258110Z                                                               [32mâœ“ [0m0.01s
2022-12-27T03:20:21.9258690Z ##[group]Setting up build environment...
2022-12-27T03:20:21.9258900Z 
2022-12-27T03:20:21.9278320Z + /Users/runner/hostedtoolcache/Python/3.10.9/x64/bin/python -sS /Users/runner/Library/Caches/cibuildwheel/virtualenv-20.17.0.pyz --activators= --no-periodic-update --pip=22.3.1 --setuptools=65.6.3 --wheel=0.38.4 --symlink-app-data --python /Library/Frameworks/Python.framework/Versions/3.10/bin/python3 /private/var/folders/51/hd414ycd67n82196sw51xqtc0000gn/T/cibw-run-e0ljwhic/cp310-macosx_arm64/build/venv
2022-12-27T03:20:22.1193180Z created virtual environment CPython3.10.8.final.0-64 in 47ms
2022-12-27T03:20:22.1194160Z   creator CPython3Posix(dest=/private/var/folders/51/hd414ycd67n82196sw51xqtc0000gn/T/cibw-run-e0ljwhic/cp310-macosx_arm64/build/venv, clear=False, no_vcs_ignore=False, global=False)
2022-12-27T03:20:22.1194720Z   seeder FromAppData(download=False, pip=22.3.1, setuptools=65.6.3, wheel=0.38.4, via=symlink, app_data_dir=/Users/runner/Library/Application Support/virtualenv)
2022-12-27T03:20:22.1195130Z     added seed packages: pip==22.3.1, setuptools==65.6.3, wheel==0.38.4
2022-12-27T03:20:22.1326190Z + python -m pip install --upgrade pip -c /Users/runner/hostedtoolcache/Python/3.10.9/x64/lib/python3.10/site-packages/cibuildwheel/resources/constraints-python310.txt
2022-12-27T03:20:22.4041030Z Requirement already satisfied: pip in ./lib/python3.10/site-packages (22.3.1)
2022-12-27T03:20:22.5327010Z + which pip
2022-12-27T03:20:22.5346250Z /private/var/folders/51/hd414ycd67n82196sw51xqtc0000gn/T/cibw-run-e0ljwhic/cp310-macosx_arm64/build/venv/bin/pip
2022-12-27T03:20:22.5349720Z + pip --version
2022-12-27T03:20:22.7367630Z pip 22.3.1 from /private/var/folders/51/hd414ycd67n82196sw51xqtc0000gn/T/cibw-run-e0ljwhic/cp310-macosx_arm64/build/venv/lib/python3.10/site-packages/pip (python 3.10)
2022-12-27T03:20:22.7617680Z + which pip
2022-12-27T03:20:22.7646080Z + which python
2022-12-27T03:20:22.7667070Z /private/var/folders/51/hd414ycd67n82196sw51xqtc0000gn/T/cibw-run-e0ljwhic/cp310-macosx_arm64/build/venv/bin/python
2022-12-27T03:20:22.7669840Z + python --version
2022-12-27T03:20:22.7721310Z Python 3.10.8
2022-12-27T03:20:22.7724720Z + which python
2022-12-27T03:20:22.7777300Z ##[endgroup]
2022-12-27T03:20:22.7777790Z                                                               [32mâœ“ [0m0.85s
2022-12-27T03:20:22.7778380Z ##[group]Installing build tools...
2022-12-27T03:20:22.7778550Z 
2022-12-27T03:20:22.7779490Z + pip install --upgrade setuptools wheel delocate -c /Users/runner/hostedtoolcache/Python/3.10.9/x64/lib/python3.10/site-packages/cibuildwheel/resources/constraints-python310.txt
2022-12-27T03:20:23.0446110Z Requirement already satisfied: setuptools in /private/var/folders/51/hd414ycd67n82196sw51xqtc0000gn/T/cibw-run-e0ljwhic/cp310-macosx_arm64/build/venv/lib/python3.10/site-packages (65.6.3)
2022-12-27T03:20:23.2509170Z Requirement already satisfied: wheel in /private/var/folders/51/hd414ycd67n82196sw51xqtc0000gn/T/cibw-run-e0ljwhic/cp310-macosx_arm64/build/venv/lib/python3.10/site-packages (0.38.4)
2022-12-27T03:20:23.2929900Z Collecting delocate
2022-12-27T03:20:23.2951910Z   Using cached delocate-0.10.3-py3-none-any.whl (142 kB)
2022-12-27T03:20:23.3228490Z Collecting packaging>=20.9
2022-12-27T03:20:23.3246600Z   Using cached packaging-21.3-py3-none-any.whl (40 kB)
2022-12-27T03:20:23.3406440Z Collecting typing-extensions
2022-12-27T03:20:23.3423550Z   Using cached typing_extensions-4.4.0-py3-none-any.whl (26 kB)
2022-12-27T03:20:23.3741020Z Collecting pyparsing!=3.0.5,>=2.0.2
2022-12-27T03:20:23.3759780Z   Using cached pyparsing-3.0.9-py3-none-any.whl (98 kB)
2022-12-27T03:20:23.4083610Z Installing collected packages: typing-extensions, pyparsing, packaging, delocate
2022-12-27T03:20:23.5323520Z Successfully installed delocate-0.10.3 packaging-21.3 pyparsing-3.0.9 typing-extensions-4.4.0
2022-12-27T03:20:23.5822600Z ##[endgroup]
2022-12-27T03:20:23.5823570Z                                                               [32mâœ“ [0m0.80s
2022-12-27T03:20:23.5824110Z ##[group]Running before_build...
2022-12-27T03:20:23.5824280Z 
2022-12-27T03:20:23.5830620Z + pip install Cython; if [[ -f requirements.txt ]]; then pip install -r requirements.txt; fi
2022-12-27T03:20:24.1765220Z Collecting Cython
2022-12-27T03:20:24.1807990Z   Using cached Cython-0.29.32-py2.py3-none-any.whl (986 kB)
2022-12-27T03:20:24.2246200Z Installing collected packages: Cython
2022-12-27T03:20:24.6215720Z Successfully installed Cython-0.29.32
2022-12-27T03:20:24.6679030Z ##[endgroup]
2022-12-27T03:20:24.6679900Z                                                               [32mâœ“ [0m1.09s
2022-12-27T03:20:24.6680750Z ##[group]Building wheel...
2022-12-27T03:20:24.6680870Z 
2022-12-27T03:20:24.6685160Z + python -m pip wheel /Users/runner/actions-runner/_work/python.build/python.build/build_grpcio040a5310/grpcio-0.4.0a5 --wheel-dir=/private/var/folders/51/hd414ycd67n82196sw51xqtc0000gn/T/cibw-run-e0ljwhic/cp310-macosx_arm64/built_wheel --no-deps -vvv
2022-12-27T03:20:24.9187710Z Created temporary directory: /private/var/folders/51/hd414ycd67n82196sw51xqtc0000gn/T/pip-ephem-wheel-cache-3rrk3fa3
2022-12-27T03:20:24.9192500Z Created temporary directory: /private/var/folders/51/hd414ycd67n82196sw51xqtc0000gn/T/pip-build-tracker-pgvag_g3
2022-12-27T03:20:24.9193890Z Initialized build tracking at /private/var/folders/51/hd414ycd67n82196sw51xqtc0000gn/T/pip-build-tracker-pgvag_g3
2022-12-27T03:20:24.9195470Z Created build tracker: /private/var/folders/51/hd414ycd67n82196sw51xqtc0000gn/T/pip-build-tracker-pgvag_g3
2022-12-27T03:20:24.9196890Z Entered build tracker: /private/var/folders/51/hd414ycd67n82196sw51xqtc0000gn/T/pip-build-tracker-pgvag_g3
2022-12-27T03:20:24.9200290Z Created temporary directory: /private/var/folders/51/hd414ycd67n82196sw51xqtc0000gn/T/pip-wheel-cuar79c5
2022-12-27T03:20:24.9206110Z Created temporary directory: /private/var/folders/51/hd414ycd67n82196sw51xqtc0000gn/T/pip-ephem-wheel-cache-dmlpavc4
2022-12-27T03:20:24.9368730Z Processing /Users/runner/actions-runner/_work/python.build/python.build/build_grpcio040a5310/grpcio-0.4.0a5
2022-12-27T03:20:24.9373450Z   Added file:///Users/runner/actions-runner/_work/python.build/python.build/build_grpcio040a5310/grpcio-0.4.0a5 to build tracker '/private/var/folders/51/hd414ycd67n82196sw51xqtc0000gn/T/pip-build-tracker-pgvag_g3'
2022-12-27T03:20:24.9377500Z   Running setup.py (path:/Users/runner/actions-runner/_work/python.build/python.build/build_grpcio040a5310/grpcio-0.4.0a5/setup.py) egg_info for package from file:///Users/runner/actions-runner/_work/python.build/python.build/build_grpcio040a5310/grpcio-0.4.0a5
2022-12-27T03:20:24.9380480Z   Created temporary directory: /private/var/folders/51/hd414ycd67n82196sw51xqtc0000gn/T/pip-pip-egg-info-gsml67i7
2022-12-27T03:20:24.9381750Z   Preparing metadata (setup.py): started
2022-12-27T03:20:24.9383830Z   Running command python setup.py egg_info
2022-12-27T03:20:25.0953760Z   running egg_info
2022-12-27T03:20:25.0956320Z   creating /private/var/folders/51/hd414ycd67n82196sw51xqtc0000gn/T/pip-pip-egg-info-gsml67i7/grpcio.egg-info
2022-12-27T03:20:25.0958050Z   writing /private/var/folders/51/hd414ycd67n82196sw51xqtc0000gn/T/pip-pip-egg-info-gsml67i7/grpcio.egg-info/PKG-INFO
2022-12-27T03:20:25.0959400Z   writing dependency_links to /private/var/folders/51/hd414ycd67n82196sw51xqtc0000gn/T/pip-pip-egg-info-gsml67i7/grpcio.egg-info/dependency_links.txt
2022-12-27T03:20:25.0962080Z   writing requirements to /private/var/folders/51/hd414ycd67n82196sw51xqtc0000gn/T/pip-pip-egg-info-gsml67i7/grpcio.egg-info/requires.txt
2022-12-27T03:20:25.0964190Z   writing top-level names to /private/var/folders/51/hd414ycd67n82196sw51xqtc0000gn/T/pip-pip-egg-info-gsml67i7/grpcio.egg-info/top_level.txt
2022-12-27T03:20:25.0966230Z   writing manifest file '/private/var/folders/51/hd414ycd67n82196sw51xqtc0000gn/T/pip-pip-egg-info-gsml67i7/grpcio.egg-info/SOURCES.txt'
2022-12-27T03:20:25.1804720Z   reading manifest file '/private/var/folders/51/hd414ycd67n82196sw51xqtc0000gn/T/pip-pip-egg-info-gsml67i7/grpcio.egg-info/SOURCES.txt'
2022-12-27T03:20:25.1806120Z   reading manifest template 'MANIFEST.in'
2022-12-27T03:20:25.1837390Z   writing manifest file '/private/var/folders/51/hd414ycd67n82196sw51xqtc0000gn/T/pip-pip-egg-info-gsml67i7/grpcio.egg-info/SOURCES.txt'
2022-12-27T03:20:25.2081160Z   Preparing metadata (setup.py): finished with status 'done'
2022-12-27T03:20:25.2102970Z   Source in /Users/runner/actions-runner/_work/python.build/python.build/build_grpcio040a5310/grpcio-0.4.0a5 has version 0.4.0a5, which satisfies requirement grpcio==0.4.0a5 from file:///Users/runner/actions-runner/_work/python.build/python.build/build_grpcio040a5310/grpcio-0.4.0a5
2022-12-27T03:20:25.2106120Z   Removed grpcio==0.4.0a5 from file:///Users/runner/actions-runner/_work/python.build/python.build/build_grpcio040a5310/grpcio-0.4.0a5 from build tracker '/private/var/folders/51/hd414ycd67n82196sw51xqtc0000gn/T/pip-build-tracker-pgvag_g3'
2022-12-27T03:20:25.2121250Z Created temporary directory: /private/var/folders/51/hd414ycd67n82196sw51xqtc0000gn/T/pip-unpack-cu_i15y7
2022-12-27T03:20:25.2123260Z Building wheels for collected packages: grpcio
2022-12-27T03:20:25.2128840Z   Created temporary directory: /private/var/folders/51/hd414ycd67n82196sw51xqtc0000gn/T/pip-wheel-f7lyuf94
2022-12-27T03:20:25.2130460Z   Building wheel for grpcio (setup.py): started
2022-12-27T03:20:25.2132230Z   Destination directory: /private/var/folders/51/hd414ycd67n82196sw51xqtc0000gn/T/pip-wheel-f7lyuf94
2022-12-27T03:20:25.2133500Z   Running command python setup.py bdist_wheel
2022-12-27T03:20:25.3743420Z   running bdist_wheel
2022-12-27T03:20:25.4515630Z   running build
2022-12-27T03:20:25.4517270Z   running build_py
2022-12-27T03:20:25.4533390Z   creating build
2022-12-27T03:20:25.4534590Z   creating build/lib.macosx-11.0-arm64-cpython-310
2022-12-27T03:20:25.4536090Z   creating build/lib.macosx-11.0-arm64-cpython-310/grpc
2022-12-27T03:20:25.4537650Z   copying grpc/__init__.py -> build/lib.macosx-11.0-arm64-cpython-310/grpc
2022-12-27T03:20:25.4545400Z   creating build/lib.macosx-11.0-arm64-cpython-310/grpc/_adapter
2022-12-27T03:20:25.4547110Z   copying grpc/_adapter/fore.py -> build/lib.macosx-11.0-arm64-cpython-310/grpc/_adapter
2022-12-27T03:20:25.4551390Z   copying grpc/_adapter/_event_invocation_synchronous_event_service_test.py -> build/lib.macosx-11.0-arm64-cpython-310/grpc/_adapter
2022-12-27T03:20:25.4553420Z   copying grpc/_adapter/_lonely_rear_link_test.py -> build/lib.macosx-11.0-arm64-cpython-310/grpc/_adapter
2022-12-27T03:20:25.4554780Z   copying grpc/_adapter/_face_test_case.py -> build/lib.macosx-11.0-arm64-cpython-310/grpc/_adapter
2022-12-27T03:20:25.4556420Z   copying grpc/_adapter/_future_invocation_asynchronous_event_service_test.py -> build/lib.macosx-11.0-arm64-cpython-310/grpc/_adapter
2022-12-27T03:20:25.4559010Z   copying grpc/_adapter/_common.py -> build/lib.macosx-11.0-arm64-cpython-310/grpc/_adapter
2022-12-27T03:20:25.4562400Z   copying grpc/_adapter/__init__.py -> build/lib.macosx-11.0-arm64-cpython-310/grpc/_adapter
2022-12-27T03:20:25.4564270Z   copying grpc/_adapter/_low.py -> build/lib.macosx-11.0-arm64-cpython-310/grpc/_adapter
2022-12-27T03:20:25.4567190Z   copying grpc/_adapter/_blocking_invocation_inline_service_test.py -> build/lib.macosx-11.0-arm64-cpython-310/grpc/_adapter
2022-12-27T03:20:25.4569530Z   copying grpc/_adapter/_test_links.py -> build/lib.macosx-11.0-arm64-cpython-310/grpc/_adapter
2022-12-27T03:20:25.4571550Z   copying grpc/_adapter/rear.py -> build/lib.macosx-11.0-arm64-cpython-310/grpc/_adapter
2022-12-27T03:20:25.4574330Z   copying grpc/_adapter/_proto_scenarios.py -> build/lib.macosx-11.0-arm64-cpython-310/grpc/_adapter
2022-12-27T03:20:25.4576570Z   copying grpc/_adapter/_low_test.py -> build/lib.macosx-11.0-arm64-cpython-310/grpc/_adapter
2022-12-27T03:20:25.4579070Z   copying grpc/_adapter/_datatypes.py -> build/lib.macosx-11.0-arm64-cpython-310/grpc/_adapter
2022-12-27T03:20:25.4581870Z   copying grpc/_adapter/_links_test.py -> build/lib.macosx-11.0-arm64-cpython-310/grpc/_adapter
2022-12-27T03:20:25.4583830Z   copying grpc/_adapter/_c_test.py -> build/lib.macosx-11.0-arm64-cpython-310/grpc/_adapter
2022-12-27T03:20:25.4588480Z   creating build/lib.macosx-11.0-arm64-cpython-310/grpc/_junkdrawer
2022-12-27T03:20:25.4590080Z   copying grpc/_junkdrawer/stock_pb2.py -> build/lib.macosx-11.0-arm64-cpython-310/grpc/_junkdrawer
2022-12-27T03:20:25.4592580Z   copying grpc/_junkdrawer/__init__.py -> build/lib.macosx-11.0-arm64-cpython-310/grpc/_junkdrawer
2022-12-27T03:20:25.4595150Z   copying grpc/_junkdrawer/math_pb2.py -> build/lib.macosx-11.0-arm64-cpython-310/grpc/_junkdrawer
2022-12-27T03:20:25.4599530Z   creating build/lib.macosx-11.0-arm64-cpython-310/grpc/early_adopter
2022-12-27T03:20:25.4601180Z   copying grpc/early_adopter/__init__.py -> build/lib.macosx-11.0-arm64-cpython-310/grpc/early_adopter
2022-12-27T03:20:25.4602950Z   copying grpc/early_adopter/implementations_test.py -> build/lib.macosx-11.0-arm64-cpython-310/grpc/early_adopter
2022-12-27T03:20:25.4605750Z   copying grpc/early_adopter/implementations.py -> build/lib.macosx-11.0-arm64-cpython-310/grpc/early_adopter
2022-12-27T03:20:25.4609170Z   creating build/lib.macosx-11.0-arm64-cpython-310/grpc/framework
2022-12-27T03:20:25.4610880Z   copying grpc/framework/__init__.py -> build/lib.macosx-11.0-arm64-cpython-310/grpc/framework
2022-12-27T03:20:25.4615560Z   creating build/lib.macosx-11.0-arm64-cpython-310/grpc/framework/alpha
2022-12-27T03:20:25.4617010Z   copying grpc/framework/alpha/interfaces.py -> build/lib.macosx-11.0-arm64-cpython-310/grpc/framework/alpha
2022-12-27T03:20:25.4618830Z   copying grpc/framework/alpha/_face_utilities.py -> build/lib.macosx-11.0-arm64-cpython-310/grpc/framework/alpha
2022-12-27T03:20:25.4621750Z   copying grpc/framework/alpha/__init__.py -> build/lib.macosx-11.0-arm64-cpython-310/grpc/framework/alpha
2022-12-27T03:20:25.4624060Z   copying grpc/framework/alpha/exceptions.py -> build/lib.macosx-11.0-arm64-cpython-310/grpc/framework/alpha
2022-12-27T03:20:25.4626340Z   copying grpc/framework/alpha/_reexport.py -> build/lib.macosx-11.0-arm64-cpython-310/grpc/framework/alpha
2022-12-27T03:20:25.4628630Z   copying grpc/framework/alpha/utilities.py -> build/lib.macosx-11.0-arm64-cpython-310/grpc/framework/alpha
2022-12-27T03:20:25.4637240Z   creating build/lib.macosx-11.0-arm64-cpython-310/grpc/framework/base
2022-12-27T03:20:25.4638630Z   copying grpc/framework/base/interfaces.py -> build/lib.macosx-11.0-arm64-cpython-310/grpc/framework/base
2022-12-27T03:20:25.4641490Z   copying grpc/framework/base/_constants.py -> build/lib.macosx-11.0-arm64-cpython-310/grpc/framework/base
2022-12-27T03:20:25.4644160Z   copying grpc/framework/base/_expiration.py -> build/lib.macosx-11.0-arm64-cpython-310/grpc/framework/base
2022-12-27T03:20:25.4646250Z   copying grpc/framework/base/_transmission.py -> build/lib.macosx-11.0-arm64-cpython-310/grpc/framework/base
2022-12-27T03:20:25.4649300Z   copying grpc/framework/base/_reception.py -> build/lib.macosx-11.0-arm64-cpython-310/grpc/framework/base
2022-12-27T03:20:25.4651090Z   copying grpc/framework/base/_ingestion.py -> build/lib.macosx-11.0-arm64-cpython-310/grpc/framework/base
2022-12-27T03:20:25.4654630Z   copying grpc/framework/base/util.py -> build/lib.macosx-11.0-arm64-cpython-310/grpc/framework/base
2022-12-27T03:20:25.4656900Z   copying grpc/framework/base/_termination.py -> build/lib.macosx-11.0-arm64-cpython-310/grpc/framework/base
2022-12-27T03:20:25.4658980Z   copying grpc/framework/base/null.py -> build/lib.macosx-11.0-arm64-cpython-310/grpc/framework/base
2022-12-27T03:20:25.4661450Z   copying grpc/framework/base/__init__.py -> build/lib.macosx-11.0-arm64-cpython-310/grpc/framework/base
2022-12-27T03:20:25.4664200Z   copying grpc/framework/base/_interfaces.py -> build/lib.macosx-11.0-arm64-cpython-310/grpc/framework/base
2022-12-27T03:20:25.4666460Z   copying grpc/framework/base/_context.py -> build/lib.macosx-11.0-arm64-cpython-310/grpc/framework/base
2022-12-27T03:20:25.4669270Z   copying grpc/framework/base/implementations_test.py -> build/lib.macosx-11.0-arm64-cpython-310/grpc/framework/base
2022-12-27T03:20:25.4671420Z   copying grpc/framework/base/interfaces_test_case.py -> build/lib.macosx-11.0-arm64-cpython-310/grpc/framework/base
2022-12-27T03:20:25.4673420Z   copying grpc/framework/base/exceptions.py -> build/lib.macosx-11.0-arm64-cpython-310/grpc/framework/base
2022-12-27T03:20:25.4675780Z   copying grpc/framework/base/_ends.py -> build/lib.macosx-11.0-arm64-cpython-310/grpc/framework/base
2022-12-27T03:20:25.4679180Z   copying grpc/framework/base/_emission.py -> build/lib.macosx-11.0-arm64-cpython-310/grpc/framework/base
2022-12-27T03:20:25.4682320Z   copying grpc/framework/base/implementations.py -> build/lib.macosx-11.0-arm64-cpython-310/grpc/framework/base
2022-12-27T03:20:25.4683570Z   copying grpc/framework/base/in_memory.py -> build/lib.macosx-11.0-arm64-cpython-310/grpc/framework/base
2022-12-27T03:20:25.4686120Z   copying grpc/framework/base/_cancellation.py -> build/lib.macosx-11.0-arm64-cpython-310/grpc/framework/base
2022-12-27T03:20:25.4690720Z   creating build/lib.macosx-11.0-arm64-cpython-310/grpc/framework/common
2022-12-27T03:20:25.4692210Z   copying grpc/framework/common/style.py -> build/lib.macosx-11.0-arm64-cpython-310/grpc/framework/common
2022-12-27T03:20:25.4695100Z   copying grpc/framework/common/cardinality.py -> build/lib.macosx-11.0-arm64-cpython-310/grpc/framework/common
2022-12-27T03:20:25.4696700Z   copying grpc/framework/common/__init__.py -> build/lib.macosx-11.0-arm64-cpython-310/grpc/framework/common
2022-12-27T03:20:25.4703950Z   creating build/lib.macosx-11.0-arm64-cpython-310/grpc/framework/face
2022-12-27T03:20:25.4705570Z   copying grpc/framework/face/_service.py -> build/lib.macosx-11.0-arm64-cpython-310/grpc/framework/face
2022-12-27T03:20:25.4707980Z   copying grpc/framework/face/interfaces.py -> build/lib.macosx-11.0-arm64-cpython-310/grpc/framework/face
2022-12-27T03:20:25.4710560Z   copying grpc/framework/face/_control.py -> build/lib.macosx-11.0-arm64-cpython-310/grpc/framework/face
2022-12-27T03:20:25.4713690Z   copying grpc/framework/face/blocking_invocation_inline_service_test.py -> build/lib.macosx-11.0-arm64-cpython-310/grpc/framework/face
2022-12-27T03:20:25.4715600Z   copying grpc/framework/face/__init__.py -> build/lib.macosx-11.0-arm64-cpython-310/grpc/framework/face
2022-12-27T03:20:25.4718220Z   copying grpc/framework/face/demonstration.py -> build/lib.macosx-11.0-arm64-cpython-310/grpc/framework/face
2022-12-27T03:20:25.4720350Z   copying grpc/framework/face/_calls.py -> build/lib.macosx-11.0-arm64-cpython-310/grpc/framework/face
2022-12-27T03:20:25.4723020Z   copying grpc/framework/face/exceptions.py -> build/lib.macosx-11.0-arm64-cpython-310/grpc/framework/face
2022-12-27T03:20:25.4725080Z   copying grpc/framework/face/utilities.py -> build/lib.macosx-11.0-arm64-cpython-310/grpc/framework/face
2022-12-27T03:20:25.4727750Z   copying grpc/framework/face/event_invocation_synchronous_event_service_test.py -> build/lib.macosx-11.0-arm64-cpython-310/grpc/framework/face
2022-12-27T03:20:25.4730730Z   copying grpc/framework/face/_test_case.py -> build/lib.macosx-11.0-arm64-cpython-310/grpc/framework/face
2022-12-27T03:20:25.4733010Z   copying grpc/framework/face/implementations.py -> build/lib.macosx-11.0-arm64-cpython-310/grpc/framework/face
2022-12-27T03:20:25.4735040Z   copying grpc/framework/face/future_invocation_asynchronous_event_service_test.py -> build/lib.macosx-11.0-arm64-cpython-310/grpc/framework/face
2022-12-27T03:20:25.4742400Z   creating build/lib.macosx-11.0-arm64-cpython-310/grpc/framework/face/testing
2022-12-27T03:20:25.4743940Z   copying grpc/framework/face/testing/callback.py -> build/lib.macosx-11.0-arm64-cpython-310/grpc/framework/face/testing
2022-12-27T03:20:25.4746190Z   copying grpc/framework/face/testing/digest.py -> build/lib.macosx-11.0-arm64-cpython-310/grpc/framework/face/testing
2022-12-27T03:20:25.4748870Z   copying grpc/framework/face/testing/interfaces.py -> build/lib.macosx-11.0-arm64-cpython-310/grpc/framework/face/testing
2022-12-27T03:20:25.4751140Z   copying grpc/framework/face/testing/stock_service.py -> build/lib.macosx-11.0-arm64-cpython-310/grpc/framework/face/testing
2022-12-27T03:20:25.4753640Z   copying grpc/framework/face/testing/service.py -> build/lib.macosx-11.0-arm64-cpython-310/grpc/framework/face/testing
2022-12-27T03:20:25.4756330Z   copying grpc/framework/face/testing/blocking_invocation_inline_service_test_case.py -> build/lib.macosx-11.0-arm64-cpython-310/grpc/framework/face/testing
2022-12-27T03:20:25.4758620Z   copying grpc/framework/face/testing/base_util.py -> build/lib.macosx-11.0-arm64-cpython-310/grpc/framework/face/testing
2022-12-27T03:20:25.4761450Z   copying grpc/framework/face/testing/control.py -> build/lib.macosx-11.0-arm64-cpython-310/grpc/framework/face/testing
2022-12-27T03:20:25.4764720Z   copying grpc/framework/face/testing/__init__.py -> build/lib.macosx-11.0-arm64-cpython-310/grpc/framework/face/testing
2022-12-27T03:20:25.4766730Z   copying grpc/framework/face/testing/coverage.py -> build/lib.macosx-11.0-arm64-cpython-310/grpc/framework/face/testing
2022-12-27T03:20:25.4768760Z   copying grpc/framework/face/testing/event_invocation_synchronous_event_service_test_case.py -> build/lib.macosx-11.0-arm64-cpython-310/grpc/framework/face/testing
2022-12-27T03:20:25.4771850Z   copying grpc/framework/face/testing/test_case.py -> build/lib.macosx-11.0-arm64-cpython-310/grpc/framework/face/testing
2022-12-27T03:20:25.4774220Z   copying grpc/framework/face/testing/serial.py -> build/lib.macosx-11.0-arm64-cpython-310/grpc/framework/face/testing
2022-12-27T03:20:25.4776540Z   copying grpc/framework/face/testing/future_invocation_asynchronous_event_service_test_case.py -> build/lib.macosx-11.0-arm64-cpython-310/grpc/framework/face/testing
2022-12-27T03:20:25.4783680Z   creating build/lib.macosx-11.0-arm64-cpython-310/grpc/framework/foundation
2022-12-27T03:20:25.4785320Z   copying grpc/framework/foundation/callable_util.py -> build/lib.macosx-11.0-arm64-cpython-310/grpc/framework/foundation
2022-12-27T03:20:25.4788140Z   copying grpc/framework/foundation/abandonment.py -> build/lib.macosx-11.0-arm64-cpython-310/grpc/framework/foundation
2022-12-27T03:20:25.4790890Z   copying grpc/framework/foundation/stream_testing.py -> build/lib.macosx-11.0-arm64-cpython-310/grpc/framework/foundation
2022-12-27T03:20:25.4792720Z   copying grpc/framework/foundation/__init__.py -> build/lib.macosx-11.0-arm64-cpython-310/grpc/framework/foundation
2022-12-27T03:20:25.4795230Z   copying grpc/framework/foundation/stream.py -> build/lib.macosx-11.0-arm64-cpython-310/grpc/framework/foundation
2022-12-27T03:20:25.4797790Z   copying grpc/framework/foundation/activated.py -> build/lib.macosx-11.0-arm64-cpython-310/grpc/framework/foundation
2022-12-27T03:20:25.4799810Z   copying grpc/framework/foundation/later.py -> build/lib.macosx-11.0-arm64-cpython-310/grpc/framework/foundation
2022-12-27T03:20:25.4802270Z   copying grpc/framework/foundation/_later_test.py -> build/lib.macosx-11.0-arm64-cpython-310/grpc/framework/foundation
2022-12-27T03:20:25.4804500Z   copying grpc/framework/foundation/_logging_pool_test.py -> build/lib.macosx-11.0-arm64-cpython-310/grpc/framework/foundation
2022-12-27T03:20:25.4807310Z   copying grpc/framework/foundation/stream_util.py -> build/lib.macosx-11.0-arm64-cpython-310/grpc/framework/foundation
2022-12-27T03:20:25.4810390Z   copying grpc/framework/foundation/future.py -> build/lib.macosx-11.0-arm64-cpython-310/grpc/framework/foundation
2022-12-27T03:20:25.4812580Z   copying grpc/framework/foundation/_timer_future.py -> build/lib.macosx-11.0-arm64-cpython-310/grpc/framework/foundation
2022-12-27T03:20:25.4814740Z   copying grpc/framework/foundation/logging_pool.py -> build/lib.macosx-11.0-arm64-cpython-310/grpc/framework/foundation
2022-12-27T03:20:25.4850510Z   running build_ext
2022-12-27T03:20:25.4865250Z   building 'grpc._adapter._c' extension
2022-12-27T03:20:25.4867110Z   creating build/temp.macosx-11.0-arm64-cpython-310
2022-12-27T03:20:25.4868760Z   creating build/temp.macosx-11.0-arm64-cpython-310/grpc
2022-12-27T03:20:25.4870170Z   creating build/temp.macosx-11.0-arm64-cpython-310/grpc/_adapter
2022-12-27T03:20:25.4872860Z   clang -Wno-unused-result -Wsign-compare -Wunreachable-code -fno-common -dynamic -DNDEBUG -g -fwrapv -O3 -Wall -g -I/usr/local/opt/openssl@3/include -I/usr/local/opt/openssl@3/include -arch arm64 -I. -I/private/var/folders/51/hd414ycd67n82196sw51xqtc0000gn/T/cibw-run-e0ljwhic/cp310-macosx_arm64/build/venv/include -I/Library/Frameworks/Python.framework/Versions/3.10/include/python3.10 -c grpc/_adapter/_c.c -o build/temp.macosx-11.0-arm64-cpython-310/grpc/_adapter/_c.o
2022-12-27T03:20:25.5557310Z   grpc/_adapter/_c.c:35:10: fatal error: 'grpc/grpc.h' file not found
2022-12-27T03:20:25.5558420Z   #include <grpc/grpc.h>
2022-12-27T03:20:25.5558830Z            ^~~~~~~~~~~~~
2022-12-27T03:20:25.5559150Z   1 error generated.
2022-12-27T03:20:25.5559810Z   error: command '/usr/bin/clang' failed with exit code 1
2022-12-27T03:20:25.5893400Z   error: subprocess-exited-with-error
2022-12-27T03:20:25.5893730Z   
2022-12-27T03:20:25.5894140Z   Ã— python setup.py bdist_wheel did not run successfully.
2022-12-27T03:20:25.5894460Z   â”‚ exit code: 1
2022-12-27T03:20:25.5894790Z   â•°â”€> See above for output.
2022-12-27T03:20:25.5895000Z   
2022-12-27T03:20:25.5895230Z   note: This error originates from a subprocess, and is likely not a problem with pip.
2022-12-27T03:20:25.5901560Z   full command: /private/var/folders/51/hd414ycd67n82196sw51xqtc0000gn/T/cibw-run-e0ljwhic/cp310-macosx_arm64/build/venv/bin/python -u -c '
2022-12-27T03:20:25.5902250Z   exec(compile('"'"''"'"''"'"'
2022-12-27T03:20:25.5902640Z   # This is <pip-setuptools-caller> -- a caller that pip uses to run setup.py
2022-12-27T03:20:25.5902910Z   #
2022-12-27T03:20:25.5903250Z   # - It imports setuptools before invoking setup.py, to enable projects that directly
2022-12-27T03:20:25.5903640Z   #   import from `distutils.core` to work with newer packaging standards.
2022-12-27T03:20:25.5904540Z   # - It provides a clear error message when setuptools is not installed.
2022-12-27T03:20:25.5905000Z   # - It sets `sys.argv[0]` to the underlying `setup.py`, when invoking `setup.py` so
2022-12-27T03:20:25.5905690Z   #   setuptools doesn'"'"'t think the script is `-c`. This avoids the following warning:
2022-12-27T03:20:25.5906100Z   #     manifest_maker: standard file '"'"'-c'"'"' not found".
2022-12-27T03:20:25.5906490Z   # - It generates a shim setup.py, for handling setup.cfg-only projects.
2022-12-27T03:20:25.5906970Z   import os, sys, tokenize
2022-12-27T03:20:25.5907720Z   
2022-12-27T03:20:25.5907980Z   try:
2022-12-27T03:20:25.5908170Z       import setuptools
2022-12-27T03:20:25.5908420Z   except ImportError as error:
2022-12-27T03:20:25.5908660Z       print(
2022-12-27T03:20:25.5908920Z           "ERROR: Can not execute `setup.py` since setuptools is not available in "
2022-12-27T03:20:25.5909220Z           "the build environment.",
2022-12-27T03:20:25.5909470Z           file=sys.stderr,
2022-12-27T03:20:25.5909820Z   Building wheel for grpcio (setup.py): finished with status 'error'
2022-12-27T03:20:25.5910100Z       )
2022-12-27T03:20:25.5910320Z       sys.exit(1)
2022-12-27T03:20:25.5910760Z   
2022-12-27T03:20:25.5910960Z   __file__ = %r
2022-12-27T03:20:25.5911180Z   sys.argv[0] = __file__
2022-12-27T03:20:25.5911360Z   
2022-12-27T03:20:25.5911580Z   if os.path.exists(__file__):
2022-12-27T03:20:25.5911820Z       filename = __file__
2022-12-27T03:20:25.5912040Z       with tokenize.open(__file__) as f:
2022-12-27T03:20:25.5912270Z           setup_py_code = f.read()
2022-12-27T03:20:25.5912490Z   else:
2022-12-27T03:20:25.5912780Z       filename = "<auto-generated setuptools caller>"
2022-12-27T03:20:25.5913060Z       setup_py_code = "from setuptools import setup; setup()"
2022-12-27T03:20:25.5913270Z   
2022-12-27T03:20:25.5913510Z   exec(compile(setup_py_code, filename, "exec"))
2022-12-27T03:20:25.5914200Z   '"'"''"'"''"'"' % ('"'"'/Users/runner/actions-runner/_work/python.build/python.build/build_grpcio040a5310/grpcio-0.4.0a5/setup.py'"'"',), "<pip-setuptools-caller>", "exec"))' bdist_wheel -d /private/var/folders/51/hd414ycd67n82196sw51xqtc0000gn/T/pip-wheel-f7lyuf94
2022-12-27T03:20:25.5914880Z   cwd: /Users/runner/actions-runner/_work/python.build/python.build/build_grpcio040a5310/grpcio-0.4.0a5/
2022-12-27T03:20:25.5915210Z   ERROR: Failed building wheel for grpcio
2022-12-27T03:20:25.5915480Z   Running setup.py clean for grpcio
2022-12-27T03:20:25.5915720Z   Running command python setup.py clean
2022-12-27T03:20:25.7455460Z   running clean
2022-12-27T03:20:25.7467640Z   removing 'build/temp.macosx-11.0-arm64-cpython-310' (and everything under it)
2022-12-27T03:20:25.7472930Z   removing 'build/lib.macosx-11.0-arm64-cpython-310' (and everything under it)
2022-12-27T03:20:25.7553460Z   'build/bdist.macosx-11.0-arm64' does not exist -- can't clean it
2022-12-27T03:20:25.7555220Z   'build/scripts-3.10' does not exist -- can't clean it
2022-12-27T03:20:25.7556740Z   removing 'build'
2022-12-27T03:20:25.7754010Z Failed to build grpcio
2022-12-27T03:20:25.7757940Z ERROR: Failed to build one or more wheels
2022-12-27T03:20:25.7767680Z Exception information:
2022-12-27T03:20:25.7768000Z Traceback (most recent call last):
2022-12-27T03:20:25.7775940Z   File "/private/var/folders/51/hd414ycd67n82196sw51xqtc0000gn/T/cibw-run-e0ljwhic/cp310-macosx_arm64/build/venv/lib/python3.10/site-packages/pip/_internal/cli/base_command.py", line 160, in exc_logging_wrapper
2022-12-27T03:20:25.7776490Z     status = run_func(*args)
2022-12-27T03:20:25.7777230Z   File "/private/var/folders/51/hd414ycd67n82196sw51xqtc0000gn/T/cibw-run-e0ljwhic/cp310-macosx_arm64/build/venv/lib/python3.10/site-packages/pip/_internal/cli/req_command.py", line 247, in wrapper
2022-12-27T03:20:25.7777720Z     return func(self, options, args)
2022-12-27T03:20:25.7778330Z   File "/private/var/folders/51/hd414ycd67n82196sw51xqtc0000gn/T/cibw-run-e0ljwhic/cp310-macosx_arm64/build/venv/lib/python3.10/site-packages/pip/_internal/commands/wheel.py", line 201, in run
2022-12-27T03:20:25.7778780Z     raise CommandError("Failed to build one or more wheels")
2022-12-27T03:20:25.7779130Z pip._internal.exceptions.CommandError: Failed to build one or more wheels
2022-12-27T03:20:25.7779600Z Removed build tracker: '/private/var/folders/51/hd414ycd67n82196sw51xqtc0000gn/T/pip-build-tracker-pgvag_g3'
2022-12-27T03:20:25.8192420Z ##[endgroup]
2022-12-27T03:20:25.8216140Z ##[error]Command ['python', '-m', 'pip', 'wheel', '/Users/runner/actions-runner/_work/python.build/python.build/build_grpcio040a5310/grpcio-0.4.0a5', '--wheel-dir=/private/var/folders/51/hd414ycd67n82196sw51xqtc0000gn/T/cibw-run-e0ljwhic/cp310-macosx_arm64/built_wheel', '--no-deps', '-vvv'] failed with code 1. None
2022-12-27T03:20:25.8222710Z 
2022-12-27T03:20:25.8223030Z                                                               [31mâœ• [0m1.15s
2022-12-27T03:20:25.8671410Z ##[error]Process completed with exit code 1.
2022-12-27T03:20:25.8708540Z ##[group]Run rm -rf build_grpcio040a5310 wheelsout
2022-12-27T03:20:25.8708780Z [36;1mrm -rf build_grpcio040a5310 wheelsout[0m
2022-12-27T03:20:25.8724150Z shell: /bin/bash -e {0}
2022-12-27T03:20:25.8724270Z env:
2022-12-27T03:20:25.8724420Z   pythonLocation: /Users/runner/hostedtoolcache/Python/3.10.9/x64
2022-12-27T03:20:25.8724620Z   PKG_CONFIG_PATH: /Users/runner/hostedtoolcache/Python/3.10.9/x64/lib/pkgconfig
2022-12-27T03:20:25.8724820Z   Python_ROOT_DIR: /Users/runner/hostedtoolcache/Python/3.10.9/x64
2022-12-27T03:20:25.8725060Z   Python2_ROOT_DIR: /Users/runner/hostedtoolcache/Python/3.10.9/x64
2022-12-27T03:20:25.8725280Z   Python3_ROOT_DIR: /Users/runner/hostedtoolcache/Python/3.10.9/x64
2022-12-27T03:20:25.8725490Z ##[endgroup]
2022-12-27T03:20:25.8998570Z Cleaning up orphan processes
