2022-12-27T08:46:11.2050965Z Requested labels: self-hosted, macOS, X64
2022-12-27T08:46:11.2051049Z Job defined at: kilnbuild/python.build/.github/workflows/mac_arm_build.yml@refs/heads/main
2022-12-27T08:46:11.2051074Z Waiting for a runner to pick up this job...
2022-12-27T11:04:57.0948745Z Job is about to start running on the runner: s1 (organization)
2022-12-27T11:05:00.4592920Z Current runner version: '2.300.2'
2022-12-27T11:05:00.4597920Z Runner name: 's1'
2022-12-27T11:05:00.4598160Z Runner group name: 'Default'
2022-12-27T11:05:00.4598610Z Machine name: 's1'
2022-12-27T11:05:00.4600170Z ##[group]GITHUB_TOKEN Permissions
2022-12-27T11:05:00.4600590Z Actions: write
2022-12-27T11:05:00.4600790Z Checks: write
2022-12-27T11:05:00.4600940Z Contents: write
2022-12-27T11:05:00.4601080Z Deployments: write
2022-12-27T11:05:00.4601220Z Discussions: write
2022-12-27T11:05:00.4601360Z Issues: write
2022-12-27T11:05:00.4601490Z Metadata: read
2022-12-27T11:05:00.4601620Z Packages: write
2022-12-27T11:05:00.4601760Z Pages: write
2022-12-27T11:05:00.4601900Z PullRequests: write
2022-12-27T11:05:00.4602060Z RepositoryProjects: write
2022-12-27T11:05:00.4602220Z SecurityEvents: write
2022-12-27T11:05:00.4602370Z Statuses: write
2022-12-27T11:05:00.4602500Z ##[endgroup]
2022-12-27T11:05:00.4605100Z Secret source: Actions
2022-12-27T11:05:00.4605430Z Prepare workflow directory
2022-12-27T11:05:00.5287650Z Prepare all required actions
2022-12-27T11:05:00.5409680Z Getting action download info
2022-12-27T11:05:01.0430290Z Download action repository 'actions/setup-python@v4' (SHA:5ccb29d8773c3f3f653e1705f474dfaa8a06a912)
2022-12-27T11:05:02.8139600Z Download action repository 'actions/upload-artifact@v3' (SHA:83fd05a356d7e2593de66fc9913b3002723633cb)
2022-12-27T11:05:04.1325560Z ##[group]Run echo '{
2022-12-27T11:05:04.1325810Z [36;1mecho '{[0m
2022-12-27T11:05:04.1325930Z [36;1m  "package_name": "lxml",[0m
2022-12-27T11:05:04.1326180Z [36;1m  "package_url": "https://files.pythonhosted.org/packages/ec/c9/93eca41962a133a0c804e76278efbd2488ba0a865322386ba28f07e77ff4/lxml-1.0.3.tar.gz",[0m
2022-12-27T11:05:04.1326500Z [36;1m  "package_version": "1.0.3",[0m
2022-12-27T11:05:04.1326700Z [36;1m  "python_version": "3.11",[0m
2022-12-27T11:05:04.1326840Z [36;1m  "use_ccache": "true"[0m
2022-12-27T11:05:04.1326950Z [36;1m}'[0m
2022-12-27T11:05:04.1342460Z shell: /bin/bash -e {0}
2022-12-27T11:05:04.1342610Z ##[endgroup]
2022-12-27T11:05:04.1559950Z {
2022-12-27T11:05:04.1561260Z   "package_name": "lxml",
2022-12-27T11:05:04.1561920Z   "package_url": "https://files.pythonhosted.org/packages/ec/c9/93eca41962a133a0c804e76278efbd2488ba0a865322386ba28f07e77ff4/lxml-1.0.3.tar.gz",
2022-12-27T11:05:04.1562220Z   "package_version": "1.0.3",
2022-12-27T11:05:04.1562480Z   "python_version": "3.11",
2022-12-27T11:05:04.1562680Z   "use_ccache": "true"
2022-12-27T11:05:04.1562850Z }
2022-12-27T11:05:04.1783260Z ##[group]Run actions/setup-python@v4
2022-12-27T11:05:04.1783540Z with:
2022-12-27T11:05:04.1783800Z   python-version: 3.11
2022-12-27T11:05:04.1783970Z   check-latest: false
2022-12-27T11:05:04.1784340Z   token: ***
2022-12-27T11:05:04.1784550Z   update-environment: true
2022-12-27T11:05:04.1784700Z ##[endgroup]
2022-12-27T11:05:04.3045100Z ##[group]Installed versions
2022-12-27T11:05:04.3087120Z Successfully set up CPython (3.11.1)
2022-12-27T11:05:04.3088080Z ##[endgroup]
2022-12-27T11:05:04.3237970Z ##[group]Run if [ "true" == "true" ]
2022-12-27T11:05:04.3238340Z [36;1mif [ "true" == "true" ][0m
2022-12-27T11:05:04.3238500Z [36;1mthen[0m
2022-12-27T11:05:04.3238720Z [36;1m  echo "CCACHE_PATH_PREPEND=/usr/local/opt/ccache/libexec" >> $GITHUB_OUTPUT[0m
2022-12-27T11:05:04.3238920Z [36;1melse[0m
2022-12-27T11:05:04.3239090Z [36;1m  echo "CCACHE_PATH_PREPEND=" >> $GITHUB_OUTPUT[0m
2022-12-27T11:05:04.3239580Z [36;1mfi[0m
2022-12-27T11:05:04.3257480Z shell: /bin/bash -e {0}
2022-12-27T11:05:04.3257700Z env:
2022-12-27T11:05:04.3257960Z   pythonLocation: /Users/runner/hostedtoolcache/Python/3.11.1/x64
2022-12-27T11:05:04.3258220Z   PKG_CONFIG_PATH: /Users/runner/hostedtoolcache/Python/3.11.1/x64/lib/pkgconfig
2022-12-27T11:05:04.3258480Z   Python_ROOT_DIR: /Users/runner/hostedtoolcache/Python/3.11.1/x64
2022-12-27T11:05:04.3258690Z   Python2_ROOT_DIR: /Users/runner/hostedtoolcache/Python/3.11.1/x64
2022-12-27T11:05:04.3259010Z   Python3_ROOT_DIR: /Users/runner/hostedtoolcache/Python/3.11.1/x64
2022-12-27T11:05:04.3259420Z ##[endgroup]
2022-12-27T11:05:04.3368090Z ##[group]Run echo "BUILD_NAME=$(echo lxml_1.0.3_3.11 | tr -dc '[:alnum:]\n\r' | tr '[:upper:]' '[:lower:]')" >> $GITHUB_OUTPUT
2022-12-27T11:05:04.3368520Z [36;1mecho "BUILD_NAME=$(echo lxml_1.0.3_3.11 | tr -dc '[:alnum:]\n\r' | tr '[:upper:]' '[:lower:]')" >> $GITHUB_OUTPUT[0m
2022-12-27T11:05:04.3383630Z shell: /bin/bash -e {0}
2022-12-27T11:05:04.3383830Z env:
2022-12-27T11:05:04.3384170Z   pythonLocation: /Users/runner/hostedtoolcache/Python/3.11.1/x64
2022-12-27T11:05:04.3384460Z   PKG_CONFIG_PATH: /Users/runner/hostedtoolcache/Python/3.11.1/x64/lib/pkgconfig
2022-12-27T11:05:04.3384720Z   Python_ROOT_DIR: /Users/runner/hostedtoolcache/Python/3.11.1/x64
2022-12-27T11:05:04.3384960Z   Python2_ROOT_DIR: /Users/runner/hostedtoolcache/Python/3.11.1/x64
2022-12-27T11:05:04.3385210Z   Python3_ROOT_DIR: /Users/runner/hostedtoolcache/Python/3.11.1/x64
2022-12-27T11:05:04.3385480Z ##[endgroup]
2022-12-27T11:05:04.3528690Z ##[group]Run echo "PYTHON_NO_DOTS=$(echo 3.11 | tr -dc '[:alnum:]\n\r' | tr '[:upper:]' '[:lower:]')" >> $GITHUB_OUTPUT
2022-12-27T11:05:04.3529090Z [36;1mecho "PYTHON_NO_DOTS=$(echo 3.11 | tr -dc '[:alnum:]\n\r' | tr '[:upper:]' '[:lower:]')" >> $GITHUB_OUTPUT[0m
2022-12-27T11:05:04.3544190Z shell: /bin/bash -e {0}
2022-12-27T11:05:04.3544400Z env:
2022-12-27T11:05:04.3544620Z   pythonLocation: /Users/runner/hostedtoolcache/Python/3.11.1/x64
2022-12-27T11:05:04.3544890Z   PKG_CONFIG_PATH: /Users/runner/hostedtoolcache/Python/3.11.1/x64/lib/pkgconfig
2022-12-27T11:05:04.3545100Z   Python_ROOT_DIR: /Users/runner/hostedtoolcache/Python/3.11.1/x64
2022-12-27T11:05:04.3545340Z   Python2_ROOT_DIR: /Users/runner/hostedtoolcache/Python/3.11.1/x64
2022-12-27T11:05:04.3545560Z   Python3_ROOT_DIR: /Users/runner/hostedtoolcache/Python/3.11.1/x64
2022-12-27T11:05:04.3545730Z ##[endgroup]
2022-12-27T11:05:04.3658600Z ##[group]Run rm -rf build_lxml103311
2022-12-27T11:05:04.3658920Z [36;1mrm -rf build_lxml103311[0m
2022-12-27T11:05:04.3659120Z [36;1mmkdir build_lxml103311[0m
2022-12-27T11:05:04.3659340Z [36;1mcd build_lxml103311[0m
2022-12-27T11:05:04.3659660Z [36;1m/usr/local/bin/wget --quiet https://files.pythonhosted.org/packages/ec/c9/93eca41962a133a0c804e76278efbd2488ba0a865322386ba28f07e77ff4/lxml-1.0.3.tar.gz[0m
2022-12-27T11:05:04.3659930Z [36;1mtar xf *.tar.gz[0m
2022-12-27T11:05:04.3660070Z [36;1mcd *[0m
2022-12-27T11:05:04.3660260Z [36;1mpython -m pip install cibuildwheel==2.11.3[0m
2022-12-27T11:05:04.3660530Z [36;1mpython -m cibuildwheel --output-dir ../wheelsout[0m
2022-12-27T11:05:04.3675600Z shell: /bin/bash -e {0}
2022-12-27T11:05:04.3675750Z env:
2022-12-27T11:05:04.3676020Z   pythonLocation: /Users/runner/hostedtoolcache/Python/3.11.1/x64
2022-12-27T11:05:04.3676300Z   PKG_CONFIG_PATH: /Users/runner/hostedtoolcache/Python/3.11.1/x64/lib/pkgconfig
2022-12-27T11:05:04.3676580Z   Python_ROOT_DIR: /Users/runner/hostedtoolcache/Python/3.11.1/x64
2022-12-27T11:05:04.3676790Z   Python2_ROOT_DIR: /Users/runner/hostedtoolcache/Python/3.11.1/x64
2022-12-27T11:05:04.3677030Z   Python3_ROOT_DIR: /Users/runner/hostedtoolcache/Python/3.11.1/x64
2022-12-27T11:05:04.3677260Z   CIBW_ARCHS_MACOS: arm64
2022-12-27T11:05:04.3677440Z   CIBW_TEST_SKIP: *_arm64
2022-12-27T11:05:04.3678040Z   CIBW_BUILD: cp311-macosx_arm64
2022-12-27T11:05:04.3678330Z   CIBW_BUILD_FRONTEND: pip
2022-12-27T11:05:04.3678650Z   CIBW_BUILD_VERBOSITY: 3
2022-12-27T11:05:04.3679110Z   CIBW_ENVIRONMENT_MACOS:  CFLAGS="-I/usr/local/opt/openssl@3/include" LDFLAGS="-L/usr/local/opt/openssl@3/lib" CPPFLAGS="-I/usr/local/opt/openssl@3/include" MAKEFLAGS="-j$(sysctl -n hw.logicalcpu)" PATH=/usr/local/opt/ccache/libexec:$PATH
2022-12-27T11:05:04.3679630Z   CIBW_BEFORE_BUILD: pip install Cython; if [[ -f requirements.txt ]]; then pip install -r requirements.txt; fi
2022-12-27T11:05:04.3679880Z   MAKEFLAGS: -j$(sysctl -n hw.logicalcpu)
2022-12-27T11:05:04.3680060Z ##[endgroup]
2022-12-27T11:05:04.7114910Z Requirement already satisfied: cibuildwheel==2.11.3 in /Library/Frameworks/Python.framework/Versions/3.11/lib/python3.11/site-packages (2.11.3)
2022-12-27T11:05:04.7419350Z Requirement already satisfied: bashlex!=0.13 in /Library/Frameworks/Python.framework/Versions/3.11/lib/python3.11/site-packages (from cibuildwheel==2.11.3) (0.16)
2022-12-27T11:05:04.7426420Z Requirement already satisfied: bracex in /Library/Frameworks/Python.framework/Versions/3.11/lib/python3.11/site-packages (from cibuildwheel==2.11.3) (2.3.post1)
2022-12-27T11:05:04.7433430Z Requirement already satisfied: certifi in /Library/Frameworks/Python.framework/Versions/3.11/lib/python3.11/site-packages (from cibuildwheel==2.11.3) (2022.12.7)
2022-12-27T11:05:04.7440310Z Requirement already satisfied: filelock in /Library/Frameworks/Python.framework/Versions/3.11/lib/python3.11/site-packages (from cibuildwheel==2.11.3) (3.8.2)
2022-12-27T11:05:04.7449900Z Requirement already satisfied: packaging>=20.9 in /Library/Frameworks/Python.framework/Versions/3.11/lib/python3.11/site-packages (from cibuildwheel==2.11.3) (22.0)
2022-12-27T11:05:04.7458300Z Requirement already satisfied: platformdirs in /Library/Frameworks/Python.framework/Versions/3.11/lib/python3.11/site-packages (from cibuildwheel==2.11.3) (2.6.0)
2022-12-27T11:05:04.9680000Z 
2022-12-27T11:05:04.9680630Z      _ _       _ _   _       _           _
2022-12-27T11:05:04.9681360Z  ___|_| |_ _ _|_| |_| |_ _ _| |_ ___ ___| |
2022-12-27T11:05:04.9682270Z |  _| | . | | | | | . | | | |   | -_| -_| |
2022-12-27T11:05:04.9682640Z |___|_|___|___|_|_|___|_____|_|_|___|___|_|
2022-12-27T11:05:04.9682780Z 
2022-12-27T11:05:04.9682900Z cibuildwheel version 2.11.3
2022-12-27T11:05:04.9683110Z 
2022-12-27T11:05:04.9683180Z Build options:
2022-12-27T11:05:04.9683400Z   platform: macos
2022-12-27T11:05:04.9714540Z   architectures: arm64[0m
2022-12-27T11:05:04.9714760Z   build_selector: 
2022-12-27T11:05:04.9715960Z     build_config: cp311-macosx_arm64
2022-12-27T11:05:04.9716270Z     skip_config: 
2022-12-27T11:05:04.9716490Z     requires_python: None
2022-12-27T11:05:04.9716790Z     prerelease_pythons: False[0m
2022-12-27T11:05:04.9717110Z   [38;5;244mcontainer_engine: docker[0m
2022-12-27T11:05:04.9718090Z   output_dir: /Users/runner/actions-runner/_work/python.build/python.build/build_lxml103311/wheelsout[0m
2022-12-27T11:05:04.9718620Z   package_dir: /Users/runner/actions-runner/_work/python.build/python.build/build_lxml103311/lxml-1.0.3[0m
2022-12-27T11:05:04.9718900Z   test_selector: 
2022-12-27T11:05:04.9719320Z     skip_config: *_arm64[0m
2022-12-27T11:05:04.9719530Z   [38;5;244mbefore_all: [0m
2022-12-27T11:05:04.9719870Z   before_build: pip install Cython; if [[ -f requirements.txt ]]; then pip install -r requirements.txt; fi[0m
2022-12-27T11:05:04.9720320Z   [38;5;244mbefore_test: [0m
2022-12-27T11:05:04.9720560Z   [38;5;244mbuild_frontend: pip[0m
2022-12-27T11:05:04.9720750Z   build_verbosity: 3[0m
2022-12-27T11:05:04.9720990Z   [38;5;244mconfig_settings: [0m
2022-12-27T11:05:04.9721370Z   [38;5;244mdependency_constraints: pinned[0m
2022-12-27T11:05:04.9721610Z   environment: 
2022-12-27T11:05:04.9721880Z     CFLAGS="-I/usr/local/opt/openssl@3/include"
2022-12-27T11:05:04.9722150Z     LDFLAGS="-L/usr/local/opt/openssl@3/lib"
2022-12-27T11:05:04.9722390Z     CPPFLAGS="-I/usr/local/opt/openssl@3/include"
2022-12-27T11:05:04.9722790Z     MAKEFLAGS="-j$(sysctl -n hw.logicalcpu)"
2022-12-27T11:05:04.9723060Z     PATH=/usr/local/opt/ccache/libexec:$PATH[0m
2022-12-27T11:05:04.9723310Z   [38;5;244mmanylinux_images: None[0m
2022-12-27T11:05:04.9723510Z   [38;5;244mmusllinux_images: None[0m
2022-12-27T11:05:04.9723950Z   [38;5;244mrepair_command: delocate-wheel --require-archs {delocate_archs} -w {dest_dir} -v {wheel}[0m
2022-12-27T11:05:04.9724360Z   [38;5;244mtest_command: [0m
2022-12-27T11:05:04.9724570Z   [38;5;244mtest_extras: [0m
2022-12-27T11:05:04.9724800Z   [38;5;244mtest_requires: [0m
2022-12-27T11:05:04.9724910Z 
2022-12-27T11:05:04.9725030Z Cache folder: /Users/runner/Library/Caches/cibuildwheel
2022-12-27T11:05:04.9734890Z 
2022-12-27T11:05:04.9735300Z Here we go!
2022-12-27T11:05:04.9735390Z 
2022-12-27T11:05:04.9780420Z 
2022-12-27T11:05:04.9780950Z [1m[34mBuilding cp311-macosx_arm64 wheel[0m
2022-12-27T11:05:04.9781270Z CPython 3.11 macOS arm64 - Apple Silicon
2022-12-27T11:05:04.9781420Z 
2022-12-27T11:05:04.9784730Z ##[group]Installing Python cp311...
2022-12-27T11:05:04.9785020Z 
2022-12-27T11:05:04.9785210Z + pkgutil --pkgs
2022-12-27T11:05:04.9885900Z ##[endgroup]
2022-12-27T11:05:04.9886880Z                                                               [32m✓ [0m0.01s
2022-12-27T11:05:04.9887480Z ##[group]Setting up build environment...
2022-12-27T11:05:04.9887650Z 
2022-12-27T11:05:04.9904170Z + /Library/Frameworks/Python.framework/Versions/3.11/bin/python -sS /Users/runner/Library/Caches/cibuildwheel/virtualenv-20.17.0.pyz --activators= --no-periodic-update --pip=22.3.1 --setuptools=65.6.3 --wheel=0.38.4 --symlink-app-data --python /Library/Frameworks/Python.framework/Versions/3.11/bin/python3 /private/var/folders/51/hd414ycd67n82196sw51xqtc0000gn/T/cibw-run-zdny4iwv/cp311-macosx_arm64/build/venv
2022-12-27T11:05:05.1790360Z created virtual environment CPython3.11.1.final.0-64 in 48ms
2022-12-27T11:05:05.1790920Z   creator CPython3Posix(dest=/private/var/folders/51/hd414ycd67n82196sw51xqtc0000gn/T/cibw-run-zdny4iwv/cp311-macosx_arm64/build/venv, clear=False, no_vcs_ignore=False, global=False)
2022-12-27T11:05:05.1791410Z   seeder FromAppData(download=False, pip=22.3.1, setuptools=65.6.3, wheel=0.38.4, via=symlink, app_data_dir=/Users/runner/Library/Application Support/virtualenv)
2022-12-27T11:05:05.1791720Z     added seed packages: pip==22.3.1, setuptools==65.6.3, wheel==0.38.4
2022-12-27T11:05:05.1913230Z + python -m pip install --upgrade pip -c /Library/Frameworks/Python.framework/Versions/3.11/lib/python3.11/site-packages/cibuildwheel/resources/constraints-python311.txt
2022-12-27T11:05:05.4729740Z Requirement already satisfied: pip in ./lib/python3.11/site-packages (22.3.1)
2022-12-27T11:05:05.6022030Z + which pip
2022-12-27T11:05:05.6042530Z /private/var/folders/51/hd414ycd67n82196sw51xqtc0000gn/T/cibw-run-zdny4iwv/cp311-macosx_arm64/build/venv/bin/pip
2022-12-27T11:05:05.6043710Z + pip --version
2022-12-27T11:05:05.8036200Z pip 22.3.1 from /private/var/folders/51/hd414ycd67n82196sw51xqtc0000gn/T/cibw-run-zdny4iwv/cp311-macosx_arm64/build/venv/lib/python3.11/site-packages/pip (python 3.11)
2022-12-27T11:05:05.8271420Z + which pip
2022-12-27T11:05:05.8300380Z + which python
2022-12-27T11:05:05.8320500Z /private/var/folders/51/hd414ycd67n82196sw51xqtc0000gn/T/cibw-run-zdny4iwv/cp311-macosx_arm64/build/venv/bin/python
2022-12-27T11:05:05.8322490Z + python --version
2022-12-27T11:05:05.8376760Z Python 3.11.1
2022-12-27T11:05:05.8379670Z + which python
2022-12-27T11:05:05.8432850Z ##[endgroup]
2022-12-27T11:05:05.8433360Z                                                               [32m✓ [0m0.85s
2022-12-27T11:05:05.8433800Z ##[group]Installing build tools...
2022-12-27T11:05:05.8434060Z 
2022-12-27T11:05:05.8434470Z + pip install --upgrade setuptools wheel delocate -c /Library/Frameworks/Python.framework/Versions/3.11/lib/python3.11/site-packages/cibuildwheel/resources/constraints-python311.txt
2022-12-27T11:05:06.1171550Z Requirement already satisfied: setuptools in /private/var/folders/51/hd414ycd67n82196sw51xqtc0000gn/T/cibw-run-zdny4iwv/cp311-macosx_arm64/build/venv/lib/python3.11/site-packages (65.6.3)
2022-12-27T11:05:06.2920540Z Requirement already satisfied: wheel in /private/var/folders/51/hd414ycd67n82196sw51xqtc0000gn/T/cibw-run-zdny4iwv/cp311-macosx_arm64/build/venv/lib/python3.11/site-packages (0.38.4)
2022-12-27T11:05:06.3308130Z Collecting delocate
2022-12-27T11:05:06.3330010Z   Using cached delocate-0.10.3-py3-none-any.whl (142 kB)
2022-12-27T11:05:06.3595070Z Collecting packaging>=20.9
2022-12-27T11:05:06.3615430Z   Using cached packaging-21.3-py3-none-any.whl (40 kB)
2022-12-27T11:05:06.3778580Z Collecting typing-extensions
2022-12-27T11:05:06.3798540Z   Using cached typing_extensions-4.4.0-py3-none-any.whl (26 kB)
2022-12-27T11:05:06.4089300Z Collecting pyparsing!=3.0.5,>=2.0.2
2022-12-27T11:05:06.4106880Z   Using cached pyparsing-3.0.9-py3-none-any.whl (98 kB)
2022-12-27T11:05:06.4673390Z Installing collected packages: typing-extensions, pyparsing, packaging, delocate
2022-12-27T11:05:06.6046620Z Successfully installed delocate-0.10.3 packaging-21.3 pyparsing-3.0.9 typing-extensions-4.4.0
2022-12-27T11:05:06.6513320Z ##[endgroup]
2022-12-27T11:05:06.6514110Z                                                               [32m✓ [0m0.81s
2022-12-27T11:05:06.6514640Z ##[group]Running before_build...
2022-12-27T11:05:06.6514790Z 
2022-12-27T11:05:06.6518260Z + pip install Cython; if [[ -f requirements.txt ]]; then pip install -r requirements.txt; fi
2022-12-27T11:05:07.2310420Z Collecting Cython
2022-12-27T11:05:07.2353840Z   Using cached Cython-0.29.32-py2.py3-none-any.whl (986 kB)
2022-12-27T11:05:07.2773420Z Installing collected packages: Cython
2022-12-27T11:05:07.6998370Z Successfully installed Cython-0.29.32
2022-12-27T11:05:07.7447330Z ##[endgroup]
2022-12-27T11:05:07.7447970Z                                                               [32m✓ [0m1.09s
2022-12-27T11:05:07.7448500Z ##[group]Building wheel...
2022-12-27T11:05:07.7448600Z 
2022-12-27T11:05:07.7455510Z + python -m pip wheel /Users/runner/actions-runner/_work/python.build/python.build/build_lxml103311/lxml-1.0.3 --wheel-dir=/private/var/folders/51/hd414ycd67n82196sw51xqtc0000gn/T/cibw-run-zdny4iwv/cp311-macosx_arm64/built_wheel --no-deps -vvv
2022-12-27T11:05:07.9948770Z Created temporary directory: /private/var/folders/51/hd414ycd67n82196sw51xqtc0000gn/T/pip-ephem-wheel-cache-9l3jayjj
2022-12-27T11:05:07.9952950Z Created temporary directory: /private/var/folders/51/hd414ycd67n82196sw51xqtc0000gn/T/pip-build-tracker-xz4fbz7b
2022-12-27T11:05:07.9955190Z Initialized build tracking at /private/var/folders/51/hd414ycd67n82196sw51xqtc0000gn/T/pip-build-tracker-xz4fbz7b
2022-12-27T11:05:07.9956600Z Created build tracker: /private/var/folders/51/hd414ycd67n82196sw51xqtc0000gn/T/pip-build-tracker-xz4fbz7b
2022-12-27T11:05:07.9958240Z Entered build tracker: /private/var/folders/51/hd414ycd67n82196sw51xqtc0000gn/T/pip-build-tracker-xz4fbz7b
2022-12-27T11:05:07.9961510Z Created temporary directory: /private/var/folders/51/hd414ycd67n82196sw51xqtc0000gn/T/pip-wheel-7rn0xq8b
2022-12-27T11:05:07.9966880Z Created temporary directory: /private/var/folders/51/hd414ycd67n82196sw51xqtc0000gn/T/pip-ephem-wheel-cache-rohq5tsn
2022-12-27T11:05:08.0041310Z Processing /Users/runner/actions-runner/_work/python.build/python.build/build_lxml103311/lxml-1.0.3
2022-12-27T11:05:08.0046770Z   Added file:///Users/runner/actions-runner/_work/python.build/python.build/build_lxml103311/lxml-1.0.3 to build tracker '/private/var/folders/51/hd414ycd67n82196sw51xqtc0000gn/T/pip-build-tracker-xz4fbz7b'
2022-12-27T11:05:08.0050120Z   Running setup.py (path:/Users/runner/actions-runner/_work/python.build/python.build/build_lxml103311/lxml-1.0.3/setup.py) egg_info for package from file:///Users/runner/actions-runner/_work/python.build/python.build/build_lxml103311/lxml-1.0.3
2022-12-27T11:05:08.0052930Z   Created temporary directory: /private/var/folders/51/hd414ycd67n82196sw51xqtc0000gn/T/pip-pip-egg-info-_pgte8j6
2022-12-27T11:05:08.0054410Z   Preparing metadata (setup.py): started
2022-12-27T11:05:08.0056300Z   Running command python setup.py egg_info
2022-12-27T11:05:08.1457950Z   Traceback (most recent call last):
2022-12-27T11:05:08.1467130Z     File "<string>", line 2, in <module>
2022-12-27T11:05:08.1467780Z     File "<pip-setuptools-caller>", line 34, in <module>
2022-12-27T11:05:08.1468450Z     File "/Users/runner/actions-runner/_work/python.build/python.build/build_lxml103311/lxml-1.0.3/setup.py", line 22
2022-12-27T11:05:08.1468740Z       raise NotImplementedError, \
2022-12-27T11:05:08.1468980Z                                ^
2022-12-27T11:05:08.1469230Z   SyntaxError: invalid syntax
2022-12-27T11:05:08.1776280Z   error: subprocess-exited-with-error
2022-12-27T11:05:08.1776780Z   
2022-12-27T11:05:08.1777830Z   × python setup.py egg_info did not run successfully.
2022-12-27T11:05:08.1778150Z   │ exit code: 1
2022-12-27T11:05:08.1778400Z   ╰─> See above for output.
2022-12-27T11:05:08.1778800Z   
2022-12-27T11:05:08.1779070Z   note: This error originates from a subprocess, and is likely not a problem with pip.
2022-12-27T11:05:08.1785830Z   full command: /private/var/folders/51/hd414ycd67n82196sw51xqtc0000gn/T/cibw-run-zdny4iwv/cp311-macosx_arm64/build/venv/bin/python -c '
2022-12-27T11:05:08.1786200Z   exec(compile('"'"''"'"''"'"'
2022-12-27T11:05:08.1786640Z   # This is <pip-setuptools-caller> -- a caller that pip uses to run setup.py
2022-12-27T11:05:08.1786870Z   #
2022-12-27T11:05:08.1787130Z   # - It imports setuptools before invoking setup.py, to enable projects that directly
2022-12-27T11:05:08.1787440Z   #   import from `distutils.core` to work with newer packaging standards.
2022-12-27T11:05:08.1787760Z   # - It provides a clear error message when setuptools is not installed.
2022-12-27T11:05:08.1788170Z   # - It sets `sys.argv[0]` to the underlying `setup.py`, when invoking `setup.py` so
2022-12-27T11:05:08.1788500Z   #   setuptools doesn'"'"'t think the script is `-c`. This avoids the following warning:
2022-12-27T11:05:08.1788800Z   #     manifest_maker: standard file '"'"'-c'"'"' not found".
2022-12-27T11:05:08.1789090Z   # - It generates a shim setup.py, for handling setup.cfg-only projects.
2022-12-27T11:05:08.1789280Z   import os, sys, tokenize
2022-12-27T11:05:08.1789580Z   
2022-12-27T11:05:08.1789730Z   try:
2022-12-27T11:05:08.1789870Z       import setuptools
2022-12-27T11:05:08.1790050Z   except ImportError as error:
2022-12-27T11:05:08.1790350Z       print(
2022-12-27T11:05:08.1790540Z           "ERROR: Can not execute `setup.py` since setuptools is not available in "
2022-12-27T11:05:08.1791020Z           "the build environment.",
2022-12-27T11:05:08.1791240Z           file=sys.stderr,
2022-12-27T11:05:08.1791380Z       )
2022-12-27T11:05:08.1791670Z       sys.exit(1)
2022-12-27T11:05:08.1791840Z   
2022-12-27T11:05:08.1791970Z   __file__ = %r
2022-12-27T11:05:08.1792140Z   sys.argv[0] = __file__
2022-12-27T11:05:08.1792300Z   
2022-12-27T11:05:08.1792550Z   if os.path.exists(__file__):
2022-12-27T11:05:08.1792740Z       filename = __file__
2022-12-27T11:05:08.1792930Z       with tokenize.open(__file__) as f:
2022-12-27T11:05:08.1793090Z           setup_py_code = f.read()
2022-12-27T11:05:08.1793270Z   else:
2022-12-27T11:05:08.1793640Z       filename = "<auto-generated setuptools caller>"
2022-12-27T11:05:08.1793840Z       setup_py_code = "from setuptools import setup; setup()"
2022-12-27T11:05:08.1794030Z   
2022-12-27T11:05:08.1794220Z   exec(compile(setup_py_code, filename, "exec"))
2022-12-27T11:05:08.1794840Z   '"'"''"'"''"'"' % ('"'"'/Users/runner/actions-runner/_work/python.build/python.build/build_lxml103311/lxml-1.0.3/setup.py'"'"',), "<pip-setuptools-caller>", "exec"))' egg_info --egg-base /private/var/folders/51/hd414ycd67n82196sw51xqtc0000gn/T/pip-pip-egg-info-_pgte8j6
2022-12-27T11:05:08.1795280Z   cwd: /Users/runner/actions-runner/_work/python.build/python.build/build_lxml103311/lxml-1.0.3/
2022-12-27T11:05:08.1795610Z   Preparing metadata (setup.py): finished with status 'error'
2022-12-27T11:05:08.1803040Z error: metadata-generation-failed
2022-12-27T11:05:08.1803180Z 
2022-12-27T11:05:08.1803390Z × Encountered error while generating package metadata.
2022-12-27T11:05:08.1803770Z ╰─> See above for output.
2022-12-27T11:05:08.1803890Z 
2022-12-27T11:05:08.1804010Z note: This is an issue with the package mentioned above, not pip.
2022-12-27T11:05:08.1804230Z hint: See above for details.
2022-12-27T11:05:08.1835700Z Exception information:
2022-12-27T11:05:08.1836010Z Traceback (most recent call last):
2022-12-27T11:05:08.1836850Z   File "/private/var/folders/51/hd414ycd67n82196sw51xqtc0000gn/T/cibw-run-zdny4iwv/cp311-macosx_arm64/build/venv/lib/python3.11/site-packages/pip/_internal/operations/build/metadata_legacy.py", line 64, in generate_metadata
2022-12-27T11:05:08.1837580Z     call_subprocess(
2022-12-27T11:05:08.1838170Z   File "/private/var/folders/51/hd414ycd67n82196sw51xqtc0000gn/T/cibw-run-zdny4iwv/cp311-macosx_arm64/build/venv/lib/python3.11/site-packages/pip/_internal/utils/subprocess.py", line 224, in call_subprocess
2022-12-27T11:05:08.1838700Z     raise error
2022-12-27T11:05:08.1838990Z pip._internal.exceptions.InstallationSubprocessError: python setup.py egg_info exited with 1
2022-12-27T11:05:08.1839210Z 
2022-12-27T11:05:08.1839360Z The above exception was the direct cause of the following exception:
2022-12-27T11:05:08.1840000Z 
2022-12-27T11:05:08.1840140Z Traceback (most recent call last):
2022-12-27T11:05:08.1840630Z   File "/private/var/folders/51/hd414ycd67n82196sw51xqtc0000gn/T/cibw-run-zdny4iwv/cp311-macosx_arm64/build/venv/lib/python3.11/site-packages/pip/_internal/cli/base_command.py", line 160, in exc_logging_wrapper
2022-12-27T11:05:08.1840930Z     status = run_func(*args)
2022-12-27T11:05:08.1841290Z              ^^^^^^^^^^^^^^^
2022-12-27T11:05:08.1841710Z   File "/private/var/folders/51/hd414ycd67n82196sw51xqtc0000gn/T/cibw-run-zdny4iwv/cp311-macosx_arm64/build/venv/lib/python3.11/site-packages/pip/_internal/cli/req_command.py", line 247, in wrapper
2022-12-27T11:05:08.1842190Z     return func(self, options, args)
2022-12-27T11:05:08.1842390Z            ^^^^^^^^^^^^^^^^^^^^^^^^^
2022-12-27T11:05:08.1843340Z   File "/private/var/folders/51/hd414ycd67n82196sw51xqtc0000gn/T/cibw-run-zdny4iwv/cp311-macosx_arm64/build/venv/lib/python3.11/site-packages/pip/_internal/commands/wheel.py", line 170, in run
2022-12-27T11:05:08.1843780Z     requirement_set = resolver.resolve(reqs, check_supported_wheels=True)
2022-12-27T11:05:08.1843990Z                       ^^^^^^^^^^^^^^^^^^^^^^^^^^^^^^^^^^^^^^^^^^^^^^^^^^^
2022-12-27T11:05:08.1844930Z   File "/private/var/folders/51/hd414ycd67n82196sw51xqtc0000gn/T/cibw-run-zdny4iwv/cp311-macosx_arm64/build/venv/lib/python3.11/site-packages/pip/_internal/resolution/resolvelib/resolver.py", line 73, in resolve
2022-12-27T11:05:08.1845360Z     collected = self.factory.collect_root_requirements(root_reqs)
2022-12-27T11:05:08.1845590Z                 ^^^^^^^^^^^^^^^^^^^^^^^^^^^^^^^^^^^^^^^^^^^^^^^^^
2022-12-27T11:05:08.1846170Z   File "/private/var/folders/51/hd414ycd67n82196sw51xqtc0000gn/T/cibw-run-zdny4iwv/cp311-macosx_arm64/build/venv/lib/python3.11/site-packages/pip/_internal/resolution/resolvelib/factory.py", line 491, in collect_root_requirements
2022-12-27T11:05:08.1846490Z     req = self._make_requirement_from_install_req(
2022-12-27T11:05:08.1846690Z           ^^^^^^^^^^^^^^^^^^^^^^^^^^^^^^^^^^^^^^^^
2022-12-27T11:05:08.1847210Z   File "/private/var/folders/51/hd414ycd67n82196sw51xqtc0000gn/T/cibw-run-zdny4iwv/cp311-macosx_arm64/build/venv/lib/python3.11/site-packages/pip/_internal/resolution/resolvelib/factory.py", line 453, in _make_requirement_from_install_req
2022-12-27T11:05:08.1847690Z     cand = self._make_candidate_from_link(
2022-12-27T11:05:08.1847860Z            ^^^^^^^^^^^^^^^^^^^^^^^^^^^^^^^
2022-12-27T11:05:08.1848320Z   File "/private/var/folders/51/hd414ycd67n82196sw51xqtc0000gn/T/cibw-run-zdny4iwv/cp311-macosx_arm64/build/venv/lib/python3.11/site-packages/pip/_internal/resolution/resolvelib/factory.py", line 206, in _make_candidate_from_link
2022-12-27T11:05:08.1848650Z     self._link_candidate_cache[link] = LinkCandidate(
2022-12-27T11:05:08.1848960Z                                        ^^^^^^^^^^^^^^
2022-12-27T11:05:08.1849380Z   File "/private/var/folders/51/hd414ycd67n82196sw51xqtc0000gn/T/cibw-run-zdny4iwv/cp311-macosx_arm64/build/venv/lib/python3.11/site-packages/pip/_internal/resolution/resolvelib/candidates.py", line 297, in __init__
2022-12-27T11:05:08.1849710Z     super().__init__(
2022-12-27T11:05:08.1850160Z   File "/private/var/folders/51/hd414ycd67n82196sw51xqtc0000gn/T/cibw-run-zdny4iwv/cp311-macosx_arm64/build/venv/lib/python3.11/site-packages/pip/_internal/resolution/resolvelib/candidates.py", line 162, in __init__
2022-12-27T11:05:08.1850470Z     self.dist = self._prepare()
2022-12-27T11:05:08.1851120Z                 ^^^^^^^^^^^^^^^
2022-12-27T11:05:08.1851610Z   File "/private/var/folders/51/hd414ycd67n82196sw51xqtc0000gn/T/cibw-run-zdny4iwv/cp311-macosx_arm64/build/venv/lib/python3.11/site-packages/pip/_internal/resolution/resolvelib/candidates.py", line 231, in _prepare
2022-12-27T11:05:08.1851940Z     dist = self._prepare_distribution()
2022-12-27T11:05:08.1852140Z            ^^^^^^^^^^^^^^^^^^^^^^^^^^^^
2022-12-27T11:05:08.1852860Z   File "/private/var/folders/51/hd414ycd67n82196sw51xqtc0000gn/T/cibw-run-zdny4iwv/cp311-macosx_arm64/build/venv/lib/python3.11/site-packages/pip/_internal/resolution/resolvelib/candidates.py", line 308, in _prepare_distribution
2022-12-27T11:05:08.1853330Z     return preparer.prepare_linked_requirement(self._ireq, parallel_builds=True)
2022-12-27T11:05:08.1853580Z            ^^^^^^^^^^^^^^^^^^^^^^^^^^^^^^^^^^^^^^^^^^^^^^^^^^^^^^^^^^^^^^^^^^^^^
2022-12-27T11:05:08.1854040Z   File "/private/var/folders/51/hd414ycd67n82196sw51xqtc0000gn/T/cibw-run-zdny4iwv/cp311-macosx_arm64/build/venv/lib/python3.11/site-packages/pip/_internal/operations/prepare.py", line 491, in prepare_linked_requirement
2022-12-27T11:05:08.1854380Z     return self._prepare_linked_requirement(req, parallel_builds)
2022-12-27T11:05:08.1854640Z            ^^^^^^^^^^^^^^^^^^^^^^^^^^^^^^^^^^^^^^^^^^^^^^^^^^^^^^
2022-12-27T11:05:08.1855110Z   File "/private/var/folders/51/hd414ycd67n82196sw51xqtc0000gn/T/cibw-run-zdny4iwv/cp311-macosx_arm64/build/venv/lib/python3.11/site-packages/pip/_internal/operations/prepare.py", line 577, in _prepare_linked_requirement
2022-12-27T11:05:08.1855420Z     dist = _get_prepared_distribution(
2022-12-27T11:05:08.1855620Z            ^^^^^^^^^^^^^^^^^^^^^^^^^^^
2022-12-27T11:05:08.1856270Z   File "/private/var/folders/51/hd414ycd67n82196sw51xqtc0000gn/T/cibw-run-zdny4iwv/cp311-macosx_arm64/build/venv/lib/python3.11/site-packages/pip/_internal/operations/prepare.py", line 69, in _get_prepared_distribution
2022-12-27T11:05:08.1856600Z     abstract_dist.prepare_distribution_metadata(
2022-12-27T11:05:08.1857100Z   File "/private/var/folders/51/hd414ycd67n82196sw51xqtc0000gn/T/cibw-run-zdny4iwv/cp311-macosx_arm64/build/venv/lib/python3.11/site-packages/pip/_internal/distributions/sdist.py", line 61, in prepare_distribution_metadata
2022-12-27T11:05:08.1857430Z     self.req.prepare_metadata()
2022-12-27T11:05:08.1857880Z   File "/private/var/folders/51/hd414ycd67n82196sw51xqtc0000gn/T/cibw-run-zdny4iwv/cp311-macosx_arm64/build/venv/lib/python3.11/site-packages/pip/_internal/req/req_install.py", line 541, in prepare_metadata
2022-12-27T11:05:08.1858280Z     self.metadata_directory = generate_metadata_legacy(
2022-12-27T11:05:08.1858460Z                               ^^^^^^^^^^^^^^^^^^^^^^^^^
2022-12-27T11:05:08.1858920Z   File "/private/var/folders/51/hd414ycd67n82196sw51xqtc0000gn/T/cibw-run-zdny4iwv/cp311-macosx_arm64/build/venv/lib/python3.11/site-packages/pip/_internal/operations/build/metadata_legacy.py", line 71, in generate_metadata
2022-12-27T11:05:08.1859290Z     raise MetadataGenerationFailed(package_details=details) from error
2022-12-27T11:05:08.1859640Z pip._internal.exceptions.MetadataGenerationFailed: metadata generation failed
2022-12-27T11:05:08.1860110Z Removed file:///Users/runner/actions-runner/_work/python.build/python.build/build_lxml103311/lxml-1.0.3 from build tracker '/private/var/folders/51/hd414ycd67n82196sw51xqtc0000gn/T/pip-build-tracker-xz4fbz7b'
2022-12-27T11:05:08.1860550Z Removed build tracker: '/private/var/folders/51/hd414ycd67n82196sw51xqtc0000gn/T/pip-build-tracker-xz4fbz7b'
2022-12-27T11:05:08.2212400Z ##[endgroup]
2022-12-27T11:05:08.2245130Z ##[error]Command ['python', '-m', 'pip', 'wheel', '/Users/runner/actions-runner/_work/python.build/python.build/build_lxml103311/lxml-1.0.3', '--wheel-dir=/private/var/folders/51/hd414ycd67n82196sw51xqtc0000gn/T/cibw-run-zdny4iwv/cp311-macosx_arm64/built_wheel', '--no-deps', '-vvv'] failed with code 1. None
2022-12-27T11:05:08.2253860Z 
2022-12-27T11:05:08.2254330Z                                                               [31m✕ [0m0.48s
2022-12-27T11:05:08.2731290Z ##[error]Process completed with exit code 1.
2022-12-27T11:05:08.2827730Z ##[group]Run rm -rf build_lxml103311 wheelsout
2022-12-27T11:05:08.2827960Z [36;1mrm -rf build_lxml103311 wheelsout[0m
2022-12-27T11:05:08.2844650Z shell: /bin/bash -e {0}
2022-12-27T11:05:08.2844850Z env:
2022-12-27T11:05:08.2845060Z   pythonLocation: /Users/runner/hostedtoolcache/Python/3.11.1/x64
2022-12-27T11:05:08.2845290Z   PKG_CONFIG_PATH: /Users/runner/hostedtoolcache/Python/3.11.1/x64/lib/pkgconfig
2022-12-27T11:05:08.2845520Z   Python_ROOT_DIR: /Users/runner/hostedtoolcache/Python/3.11.1/x64
2022-12-27T11:05:08.2845740Z   Python2_ROOT_DIR: /Users/runner/hostedtoolcache/Python/3.11.1/x64
2022-12-27T11:05:08.2845940Z   Python3_ROOT_DIR: /Users/runner/hostedtoolcache/Python/3.11.1/x64
2022-12-27T11:05:08.2846140Z ##[endgroup]
2022-12-27T11:05:08.3112510Z Cleaning up orphan processes
