2022-12-27T08:46:12.6316135Z Requested labels: self-hosted, macOS, X64
2022-12-27T08:46:12.6316220Z Job defined at: kilnbuild/python.build/.github/workflows/mac_arm_build.yml@refs/heads/main
2022-12-27T08:46:12.6316247Z Waiting for a runner to pick up this job...
2022-12-27T11:05:26.5176911Z Job is about to start running on the runner: s1 (organization)
2022-12-27T11:05:31.0908770Z Current runner version: '2.300.2'
2022-12-27T11:05:31.0913770Z Runner name: 's1'
2022-12-27T11:05:31.0914030Z Runner group name: 'Default'
2022-12-27T11:05:31.0914460Z Machine name: 's1'
2022-12-27T11:05:31.0916020Z ##[group]GITHUB_TOKEN Permissions
2022-12-27T11:05:31.0916440Z Actions: write
2022-12-27T11:05:31.0916580Z Checks: write
2022-12-27T11:05:31.0916710Z Contents: write
2022-12-27T11:05:31.0916860Z Deployments: write
2022-12-27T11:05:31.0917000Z Discussions: write
2022-12-27T11:05:31.0917140Z Issues: write
2022-12-27T11:05:31.0917270Z Metadata: read
2022-12-27T11:05:31.0917410Z Packages: write
2022-12-27T11:05:31.0917540Z Pages: write
2022-12-27T11:05:31.0917680Z PullRequests: write
2022-12-27T11:05:31.0917850Z RepositoryProjects: write
2022-12-27T11:05:31.0918010Z SecurityEvents: write
2022-12-27T11:05:31.0918160Z Statuses: write
2022-12-27T11:05:31.0918290Z ##[endgroup]
2022-12-27T11:05:31.0920980Z Secret source: Actions
2022-12-27T11:05:31.0921310Z Prepare workflow directory
2022-12-27T11:05:31.1601930Z Prepare all required actions
2022-12-27T11:05:31.1724590Z Getting action download info
2022-12-27T11:05:31.6002370Z Download action repository 'actions/setup-python@v4' (SHA:5ccb29d8773c3f3f653e1705f474dfaa8a06a912)
2022-12-27T11:05:33.3569370Z Download action repository 'actions/upload-artifact@v3' (SHA:83fd05a356d7e2593de66fc9913b3002723633cb)
2022-12-27T11:05:34.7135880Z ##[group]Run echo '{
2022-12-27T11:05:34.7136130Z [36;1mecho '{[0m
2022-12-27T11:05:34.7136260Z [36;1m  "package_name": "lxml",[0m
2022-12-27T11:05:34.7136590Z [36;1m  "package_url": "https://files.pythonhosted.org/packages/6c/f0/21c7a77867c9987ffc6e6e5a5858118466964cbdfffa15d5d4996f80edd9/lxml-1.3beta.tar.gz",[0m
2022-12-27T11:05:34.7136910Z [36;1m  "package_version": "1.3beta",[0m
2022-12-27T11:05:34.7137060Z [36;1m  "python_version": "3.11",[0m
2022-12-27T11:05:34.7137210Z [36;1m  "use_ccache": "true"[0m
2022-12-27T11:05:34.7137330Z [36;1m}'[0m
2022-12-27T11:05:34.7153330Z shell: /bin/bash -e {0}
2022-12-27T11:05:34.7153490Z ##[endgroup]
2022-12-27T11:05:34.7370460Z {
2022-12-27T11:05:34.7371880Z   "package_name": "lxml",
2022-12-27T11:05:34.7372540Z   "package_url": "https://files.pythonhosted.org/packages/6c/f0/21c7a77867c9987ffc6e6e5a5858118466964cbdfffa15d5d4996f80edd9/lxml-1.3beta.tar.gz",
2022-12-27T11:05:34.7372830Z   "package_version": "1.3beta",
2022-12-27T11:05:34.7373060Z   "python_version": "3.11",
2022-12-27T11:05:34.7373210Z   "use_ccache": "true"
2022-12-27T11:05:34.7373410Z }
2022-12-27T11:05:34.7587000Z ##[group]Run actions/setup-python@v4
2022-12-27T11:05:34.7587270Z with:
2022-12-27T11:05:34.7587480Z   python-version: 3.11
2022-12-27T11:05:34.7587640Z   check-latest: false
2022-12-27T11:05:34.7587980Z   token: ***
2022-12-27T11:05:34.7588170Z   update-environment: true
2022-12-27T11:05:34.7588350Z ##[endgroup]
2022-12-27T11:05:34.8807140Z ##[group]Installed versions
2022-12-27T11:05:34.8844880Z Successfully set up CPython (3.11.1)
2022-12-27T11:05:34.8845650Z ##[endgroup]
2022-12-27T11:05:34.8999070Z ##[group]Run if [ "true" == "true" ]
2022-12-27T11:05:34.8999420Z [36;1mif [ "true" == "true" ][0m
2022-12-27T11:05:34.8999590Z [36;1mthen[0m
2022-12-27T11:05:34.8999810Z [36;1m  echo "CCACHE_PATH_PREPEND=/usr/local/opt/ccache/libexec" >> $GITHUB_OUTPUT[0m
2022-12-27T11:05:34.9000070Z [36;1melse[0m
2022-12-27T11:05:34.9000290Z [36;1m  echo "CCACHE_PATH_PREPEND=" >> $GITHUB_OUTPUT[0m
2022-12-27T11:05:34.9000750Z [36;1mfi[0m
2022-12-27T11:05:34.9019050Z shell: /bin/bash -e {0}
2022-12-27T11:05:34.9019280Z env:
2022-12-27T11:05:34.9019520Z   pythonLocation: /Users/runner/hostedtoolcache/Python/3.11.1/x64
2022-12-27T11:05:34.9019780Z   PKG_CONFIG_PATH: /Users/runner/hostedtoolcache/Python/3.11.1/x64/lib/pkgconfig
2022-12-27T11:05:34.9020140Z   Python_ROOT_DIR: /Users/runner/hostedtoolcache/Python/3.11.1/x64
2022-12-27T11:05:34.9020400Z   Python2_ROOT_DIR: /Users/runner/hostedtoolcache/Python/3.11.1/x64
2022-12-27T11:05:34.9020670Z   Python3_ROOT_DIR: /Users/runner/hostedtoolcache/Python/3.11.1/x64
2022-12-27T11:05:34.9021270Z ##[endgroup]
2022-12-27T11:05:34.9132420Z ##[group]Run echo "BUILD_NAME=$(echo lxml_1.3beta_3.11 | tr -dc '[:alnum:]\n\r' | tr '[:upper:]' '[:lower:]')" >> $GITHUB_OUTPUT
2022-12-27T11:05:34.9132830Z [36;1mecho "BUILD_NAME=$(echo lxml_1.3beta_3.11 | tr -dc '[:alnum:]\n\r' | tr '[:upper:]' '[:lower:]')" >> $GITHUB_OUTPUT[0m
2022-12-27T11:05:34.9148240Z shell: /bin/bash -e {0}
2022-12-27T11:05:34.9148440Z env:
2022-12-27T11:05:34.9148670Z   pythonLocation: /Users/runner/hostedtoolcache/Python/3.11.1/x64
2022-12-27T11:05:34.9149000Z   PKG_CONFIG_PATH: /Users/runner/hostedtoolcache/Python/3.11.1/x64/lib/pkgconfig
2022-12-27T11:05:34.9149280Z   Python_ROOT_DIR: /Users/runner/hostedtoolcache/Python/3.11.1/x64
2022-12-27T11:05:34.9149540Z   Python2_ROOT_DIR: /Users/runner/hostedtoolcache/Python/3.11.1/x64
2022-12-27T11:05:34.9149790Z   Python3_ROOT_DIR: /Users/runner/hostedtoolcache/Python/3.11.1/x64
2022-12-27T11:05:34.9150000Z ##[endgroup]
2022-12-27T11:05:34.9295820Z ##[group]Run echo "PYTHON_NO_DOTS=$(echo 3.11 | tr -dc '[:alnum:]\n\r' | tr '[:upper:]' '[:lower:]')" >> $GITHUB_OUTPUT
2022-12-27T11:05:34.9296270Z [36;1mecho "PYTHON_NO_DOTS=$(echo 3.11 | tr -dc '[:alnum:]\n\r' | tr '[:upper:]' '[:lower:]')" >> $GITHUB_OUTPUT[0m
2022-12-27T11:05:34.9311200Z shell: /bin/bash -e {0}
2022-12-27T11:05:34.9311360Z env:
2022-12-27T11:05:34.9311580Z   pythonLocation: /Users/runner/hostedtoolcache/Python/3.11.1/x64
2022-12-27T11:05:34.9311840Z   PKG_CONFIG_PATH: /Users/runner/hostedtoolcache/Python/3.11.1/x64/lib/pkgconfig
2022-12-27T11:05:34.9312060Z   Python_ROOT_DIR: /Users/runner/hostedtoolcache/Python/3.11.1/x64
2022-12-27T11:05:34.9312300Z   Python2_ROOT_DIR: /Users/runner/hostedtoolcache/Python/3.11.1/x64
2022-12-27T11:05:34.9312500Z   Python3_ROOT_DIR: /Users/runner/hostedtoolcache/Python/3.11.1/x64
2022-12-27T11:05:34.9312650Z ##[endgroup]
2022-12-27T11:05:34.9425540Z ##[group]Run rm -rf build_lxml13beta311
2022-12-27T11:05:34.9425980Z [36;1mrm -rf build_lxml13beta311[0m
2022-12-27T11:05:34.9426240Z [36;1mmkdir build_lxml13beta311[0m
2022-12-27T11:05:34.9426410Z [36;1mcd build_lxml13beta311[0m
2022-12-27T11:05:34.9426710Z [36;1m/usr/local/bin/wget --quiet https://files.pythonhosted.org/packages/6c/f0/21c7a77867c9987ffc6e6e5a5858118466964cbdfffa15d5d4996f80edd9/lxml-1.3beta.tar.gz[0m
2022-12-27T11:05:34.9426990Z [36;1mtar xf *.tar.gz[0m
2022-12-27T11:05:34.9427120Z [36;1mcd *[0m
2022-12-27T11:05:34.9427340Z [36;1mpython -m pip install cibuildwheel==2.11.3[0m
2022-12-27T11:05:34.9427570Z [36;1mpython -m cibuildwheel --output-dir ../wheelsout[0m
2022-12-27T11:05:34.9442430Z shell: /bin/bash -e {0}
2022-12-27T11:05:34.9442590Z env:
2022-12-27T11:05:34.9442850Z   pythonLocation: /Users/runner/hostedtoolcache/Python/3.11.1/x64
2022-12-27T11:05:34.9443160Z   PKG_CONFIG_PATH: /Users/runner/hostedtoolcache/Python/3.11.1/x64/lib/pkgconfig
2022-12-27T11:05:34.9443400Z   Python_ROOT_DIR: /Users/runner/hostedtoolcache/Python/3.11.1/x64
2022-12-27T11:05:34.9443630Z   Python2_ROOT_DIR: /Users/runner/hostedtoolcache/Python/3.11.1/x64
2022-12-27T11:05:34.9443910Z   Python3_ROOT_DIR: /Users/runner/hostedtoolcache/Python/3.11.1/x64
2022-12-27T11:05:34.9444090Z   CIBW_ARCHS_MACOS: arm64
2022-12-27T11:05:34.9444260Z   CIBW_TEST_SKIP: *_arm64
2022-12-27T11:05:34.9444440Z   CIBW_BUILD: cp311-macosx_arm64
2022-12-27T11:05:34.9444590Z   CIBW_BUILD_FRONTEND: pip
2022-12-27T11:05:34.9444800Z   CIBW_BUILD_VERBOSITY: 3
2022-12-27T11:05:34.9445120Z   CIBW_ENVIRONMENT_MACOS:  CFLAGS="-I/usr/local/opt/openssl@3/include" LDFLAGS="-L/usr/local/opt/openssl@3/lib" CPPFLAGS="-I/usr/local/opt/openssl@3/include" MAKEFLAGS="-j$(sysctl -n hw.logicalcpu)" PATH=/usr/local/opt/ccache/libexec:$PATH
2022-12-27T11:05:34.9445490Z   CIBW_BEFORE_BUILD: pip install Cython; if [[ -f requirements.txt ]]; then pip install -r requirements.txt; fi
2022-12-27T11:05:34.9445700Z   MAKEFLAGS: -j$(sysctl -n hw.logicalcpu)
2022-12-27T11:05:34.9445980Z ##[endgroup]
2022-12-27T11:05:35.2908950Z Requirement already satisfied: cibuildwheel==2.11.3 in /Library/Frameworks/Python.framework/Versions/3.11/lib/python3.11/site-packages (2.11.3)
2022-12-27T11:05:35.3208340Z Requirement already satisfied: bashlex!=0.13 in /Library/Frameworks/Python.framework/Versions/3.11/lib/python3.11/site-packages (from cibuildwheel==2.11.3) (0.16)
2022-12-27T11:05:35.3214970Z Requirement already satisfied: bracex in /Library/Frameworks/Python.framework/Versions/3.11/lib/python3.11/site-packages (from cibuildwheel==2.11.3) (2.3.post1)
2022-12-27T11:05:35.3221480Z Requirement already satisfied: certifi in /Library/Frameworks/Python.framework/Versions/3.11/lib/python3.11/site-packages (from cibuildwheel==2.11.3) (2022.12.7)
2022-12-27T11:05:35.3228000Z Requirement already satisfied: filelock in /Library/Frameworks/Python.framework/Versions/3.11/lib/python3.11/site-packages (from cibuildwheel==2.11.3) (3.8.2)
2022-12-27T11:05:35.3237130Z Requirement already satisfied: packaging>=20.9 in /Library/Frameworks/Python.framework/Versions/3.11/lib/python3.11/site-packages (from cibuildwheel==2.11.3) (22.0)
2022-12-27T11:05:35.3245600Z Requirement already satisfied: platformdirs in /Library/Frameworks/Python.framework/Versions/3.11/lib/python3.11/site-packages (from cibuildwheel==2.11.3) (2.6.0)
2022-12-27T11:05:35.5455750Z 
2022-12-27T11:05:35.5456210Z      _ _       _ _   _       _           _
2022-12-27T11:05:35.5456910Z  ___|_| |_ _ _|_| |_| |_ _ _| |_ ___ ___| |
2022-12-27T11:05:35.5457910Z |  _| | . | | | | | . | | | |   | -_| -_| |
2022-12-27T11:05:35.5458430Z |___|_|___|___|_|_|___|_____|_|_|___|___|_|
2022-12-27T11:05:35.5458630Z 
2022-12-27T11:05:35.5458810Z cibuildwheel version 2.11.3
2022-12-27T11:05:35.5459030Z 
2022-12-27T11:05:35.5460140Z Build options:
2022-12-27T11:05:35.5460510Z   platform: macos
2022-12-27T11:05:35.5489730Z   architectures: arm64[0m
2022-12-27T11:05:35.5490070Z   build_selector: 
2022-12-27T11:05:35.5491310Z     build_config: cp311-macosx_arm64
2022-12-27T11:05:35.5491980Z     skip_config: 
2022-12-27T11:05:35.5492640Z     requires_python: None
2022-12-27T11:05:35.5493250Z     prerelease_pythons: False[0m
2022-12-27T11:05:35.5493960Z   [38;5;244mcontainer_engine: docker[0m
2022-12-27T11:05:35.5494690Z   output_dir: /Users/runner/actions-runner/_work/python.build/python.build/build_lxml13beta311/wheelsout[0m
2022-12-27T11:05:35.5495570Z   package_dir: /Users/runner/actions-runner/_work/python.build/python.build/build_lxml13beta311/lxml-1.3beta[0m
2022-12-27T11:05:35.5496090Z   test_selector: 
2022-12-27T11:05:35.5496750Z     skip_config: *_arm64[0m
2022-12-27T11:05:35.5497150Z   [38;5;244mbefore_all: [0m
2022-12-27T11:05:35.5497850Z   before_build: pip install Cython; if [[ -f requirements.txt ]]; then pip install -r requirements.txt; fi[0m
2022-12-27T11:05:35.5498440Z   [38;5;244mbefore_test: [0m
2022-12-27T11:05:35.5499090Z   [38;5;244mbuild_frontend: pip[0m
2022-12-27T11:05:35.5499520Z   build_verbosity: 3[0m
2022-12-27T11:05:35.5499980Z   [38;5;244mconfig_settings: [0m
2022-12-27T11:05:35.5500470Z   [38;5;244mdependency_constraints: pinned[0m
2022-12-27T11:05:35.5500790Z   environment: 
2022-12-27T11:05:35.5501480Z     CFLAGS="-I/usr/local/opt/openssl@3/include"
2022-12-27T11:05:35.5502020Z     LDFLAGS="-L/usr/local/opt/openssl@3/lib"
2022-12-27T11:05:35.5502500Z     CPPFLAGS="-I/usr/local/opt/openssl@3/include"
2022-12-27T11:05:35.5502980Z     MAKEFLAGS="-j$(sysctl -n hw.logicalcpu)"
2022-12-27T11:05:35.5503530Z     PATH=/usr/local/opt/ccache/libexec:$PATH[0m
2022-12-27T11:05:35.5504100Z   [38;5;244mmanylinux_images: None[0m
2022-12-27T11:05:35.5504440Z   [38;5;244mmusllinux_images: None[0m
2022-12-27T11:05:35.5504960Z   [38;5;244mrepair_command: delocate-wheel --require-archs {delocate_archs} -w {dest_dir} -v {wheel}[0m
2022-12-27T11:05:35.5505420Z   [38;5;244mtest_command: [0m
2022-12-27T11:05:35.5505730Z   [38;5;244mtest_extras: [0m
2022-12-27T11:05:35.5506320Z   [38;5;244mtest_requires: [0m
2022-12-27T11:05:35.5506500Z 
2022-12-27T11:05:35.5506680Z Cache folder: /Users/runner/Library/Caches/cibuildwheel
2022-12-27T11:05:35.5507240Z 
2022-12-27T11:05:35.5507370Z Here we go!
2022-12-27T11:05:35.5507480Z 
2022-12-27T11:05:35.5549080Z 
2022-12-27T11:05:35.5549550Z [1m[34mBuilding cp311-macosx_arm64 wheel[0m
2022-12-27T11:05:35.5550130Z CPython 3.11 macOS arm64 - Apple Silicon
2022-12-27T11:05:35.5550360Z 
2022-12-27T11:05:35.5552340Z ##[group]Installing Python cp311...
2022-12-27T11:05:35.5552530Z 
2022-12-27T11:05:35.5553040Z + pkgutil --pkgs
2022-12-27T11:05:35.5651920Z ##[endgroup]
2022-12-27T11:05:35.5653000Z                                                               [32m✓ [0m0.01s
2022-12-27T11:05:35.5653410Z ##[group]Setting up build environment...
2022-12-27T11:05:35.5653540Z 
2022-12-27T11:05:35.5670380Z + /Library/Frameworks/Python.framework/Versions/3.11/bin/python -sS /Users/runner/Library/Caches/cibuildwheel/virtualenv-20.17.0.pyz --activators= --no-periodic-update --pip=22.3.1 --setuptools=65.6.3 --wheel=0.38.4 --symlink-app-data --python /Library/Frameworks/Python.framework/Versions/3.11/bin/python3 /private/var/folders/51/hd414ycd67n82196sw51xqtc0000gn/T/cibw-run-yx317irk/cp311-macosx_arm64/build/venv
2022-12-27T11:05:35.7549250Z created virtual environment CPython3.11.1.final.0-64 in 47ms
2022-12-27T11:05:35.7549960Z   creator CPython3Posix(dest=/private/var/folders/51/hd414ycd67n82196sw51xqtc0000gn/T/cibw-run-yx317irk/cp311-macosx_arm64/build/venv, clear=False, no_vcs_ignore=False, global=False)
2022-12-27T11:05:35.7550390Z   seeder FromAppData(download=False, pip=22.3.1, setuptools=65.6.3, wheel=0.38.4, via=symlink, app_data_dir=/Users/runner/Library/Application Support/virtualenv)
2022-12-27T11:05:35.7550720Z     added seed packages: pip==22.3.1, setuptools==65.6.3, wheel==0.38.4
2022-12-27T11:05:35.7676180Z + python -m pip install --upgrade pip -c /Library/Frameworks/Python.framework/Versions/3.11/lib/python3.11/site-packages/cibuildwheel/resources/constraints-python311.txt
2022-12-27T11:05:36.0417410Z Requirement already satisfied: pip in ./lib/python3.11/site-packages (22.3.1)
2022-12-27T11:05:36.1794990Z + which pip
2022-12-27T11:05:36.1812340Z /private/var/folders/51/hd414ycd67n82196sw51xqtc0000gn/T/cibw-run-yx317irk/cp311-macosx_arm64/build/venv/bin/pip
2022-12-27T11:05:36.1814370Z + pip --version
2022-12-27T11:05:36.3798090Z pip 22.3.1 from /private/var/folders/51/hd414ycd67n82196sw51xqtc0000gn/T/cibw-run-yx317irk/cp311-macosx_arm64/build/venv/lib/python3.11/site-packages/pip (python 3.11)
2022-12-27T11:05:36.4025950Z + which pip
2022-12-27T11:05:36.4050390Z + which python
2022-12-27T11:05:36.4066710Z /private/var/folders/51/hd414ycd67n82196sw51xqtc0000gn/T/cibw-run-yx317irk/cp311-macosx_arm64/build/venv/bin/python
2022-12-27T11:05:36.4068340Z + python --version
2022-12-27T11:05:36.4121510Z Python 3.11.1
2022-12-27T11:05:36.4124270Z + which python
2022-12-27T11:05:36.4175220Z ##[endgroup]
2022-12-27T11:05:36.4175820Z                                                               [32m✓ [0m0.85s
2022-12-27T11:05:36.4176560Z ##[group]Installing build tools...
2022-12-27T11:05:36.4176680Z 
2022-12-27T11:05:36.4177140Z + pip install --upgrade setuptools wheel delocate -c /Library/Frameworks/Python.framework/Versions/3.11/lib/python3.11/site-packages/cibuildwheel/resources/constraints-python311.txt
2022-12-27T11:05:36.6893200Z Requirement already satisfied: setuptools in /private/var/folders/51/hd414ycd67n82196sw51xqtc0000gn/T/cibw-run-yx317irk/cp311-macosx_arm64/build/venv/lib/python3.11/site-packages (65.6.3)
2022-12-27T11:05:36.8692080Z Requirement already satisfied: wheel in /private/var/folders/51/hd414ycd67n82196sw51xqtc0000gn/T/cibw-run-yx317irk/cp311-macosx_arm64/build/venv/lib/python3.11/site-packages (0.38.4)
2022-12-27T11:05:36.9091280Z Collecting delocate
2022-12-27T11:05:36.9113060Z   Using cached delocate-0.10.3-py3-none-any.whl (142 kB)
2022-12-27T11:05:36.9378810Z Collecting packaging>=20.9
2022-12-27T11:05:36.9396920Z   Using cached packaging-21.3-py3-none-any.whl (40 kB)
2022-12-27T11:05:36.9542010Z Collecting typing-extensions
2022-12-27T11:05:36.9559870Z   Using cached typing_extensions-4.4.0-py3-none-any.whl (26 kB)
2022-12-27T11:05:36.9865580Z Collecting pyparsing!=3.0.5,>=2.0.2
2022-12-27T11:05:36.9883120Z   Using cached pyparsing-3.0.9-py3-none-any.whl (98 kB)
2022-12-27T11:05:37.0451170Z Installing collected packages: typing-extensions, pyparsing, packaging, delocate
2022-12-27T11:05:37.1794600Z Successfully installed delocate-0.10.3 packaging-21.3 pyparsing-3.0.9 typing-extensions-4.4.0
2022-12-27T11:05:37.2247710Z ##[endgroup]
2022-12-27T11:05:37.2248360Z                                                               [32m✓ [0m0.81s
2022-12-27T11:05:37.2248950Z ##[group]Running before_build...
2022-12-27T11:05:37.2249100Z 
2022-12-27T11:05:37.2254180Z + pip install Cython; if [[ -f requirements.txt ]]; then pip install -r requirements.txt; fi
2022-12-27T11:05:37.8010750Z Collecting Cython
2022-12-27T11:05:37.8053150Z   Using cached Cython-0.29.32-py2.py3-none-any.whl (986 kB)
2022-12-27T11:05:37.8468740Z Installing collected packages: Cython
2022-12-27T11:05:38.2727280Z Successfully installed Cython-0.29.32
2022-12-27T11:05:38.3181100Z ##[endgroup]
2022-12-27T11:05:38.3181970Z                                                               [32m✓ [0m1.09s
2022-12-27T11:05:38.3182580Z ##[group]Building wheel...
2022-12-27T11:05:38.3182860Z 
2022-12-27T11:05:38.3186590Z + python -m pip wheel /Users/runner/actions-runner/_work/python.build/python.build/build_lxml13beta311/lxml-1.3beta --wheel-dir=/private/var/folders/51/hd414ycd67n82196sw51xqtc0000gn/T/cibw-run-yx317irk/cp311-macosx_arm64/built_wheel --no-deps -vvv
2022-12-27T11:05:38.5691040Z Created temporary directory: /private/var/folders/51/hd414ycd67n82196sw51xqtc0000gn/T/pip-ephem-wheel-cache-31ycu_i1
2022-12-27T11:05:38.5695100Z Created temporary directory: /private/var/folders/51/hd414ycd67n82196sw51xqtc0000gn/T/pip-build-tracker-n0u2uzrk
2022-12-27T11:05:38.5697420Z Initialized build tracking at /private/var/folders/51/hd414ycd67n82196sw51xqtc0000gn/T/pip-build-tracker-n0u2uzrk
2022-12-27T11:05:38.5699170Z Created build tracker: /private/var/folders/51/hd414ycd67n82196sw51xqtc0000gn/T/pip-build-tracker-n0u2uzrk
2022-12-27T11:05:38.5700850Z Entered build tracker: /private/var/folders/51/hd414ycd67n82196sw51xqtc0000gn/T/pip-build-tracker-n0u2uzrk
2022-12-27T11:05:38.5704260Z Created temporary directory: /private/var/folders/51/hd414ycd67n82196sw51xqtc0000gn/T/pip-wheel-isyzundh
2022-12-27T11:05:38.5709760Z Created temporary directory: /private/var/folders/51/hd414ycd67n82196sw51xqtc0000gn/T/pip-ephem-wheel-cache-jgvxr8eq
2022-12-27T11:05:38.5784270Z Processing /Users/runner/actions-runner/_work/python.build/python.build/build_lxml13beta311/lxml-1.3beta
2022-12-27T11:05:38.5791100Z   Added file:///Users/runner/actions-runner/_work/python.build/python.build/build_lxml13beta311/lxml-1.3beta to build tracker '/private/var/folders/51/hd414ycd67n82196sw51xqtc0000gn/T/pip-build-tracker-n0u2uzrk'
2022-12-27T11:05:38.5794710Z   Running setup.py (path:/Users/runner/actions-runner/_work/python.build/python.build/build_lxml13beta311/lxml-1.3beta/setup.py) egg_info for package from file:///Users/runner/actions-runner/_work/python.build/python.build/build_lxml13beta311/lxml-1.3beta
2022-12-27T11:05:38.5797800Z   Created temporary directory: /private/var/folders/51/hd414ycd67n82196sw51xqtc0000gn/T/pip-pip-egg-info-5e4rb0rb
2022-12-27T11:05:38.5799330Z   Preparing metadata (setup.py): started
2022-12-27T11:05:38.5801210Z   Running command python setup.py egg_info
2022-12-27T11:05:38.7209810Z   Traceback (most recent call last):
2022-12-27T11:05:38.7217770Z     File "<string>", line 2, in <module>
2022-12-27T11:05:38.7218410Z     File "<pip-setuptools-caller>", line 34, in <module>
2022-12-27T11:05:38.7218850Z     File "/Users/runner/actions-runner/_work/python.build/python.build/build_lxml13beta311/lxml-1.3beta/setup.py", line 25
2022-12-27T11:05:38.7219140Z       print "Building lxml version", svn_version
2022-12-27T11:05:38.7219360Z       ^^^^^^^^^^^^^^^^^^^^^^^^^^^^^^^^^^^^^^^^^^
2022-12-27T11:05:38.7219620Z   SyntaxError: Missing parentheses in call to 'print'. Did you mean print(...)?
2022-12-27T11:05:38.7527250Z   error: subprocess-exited-with-error
2022-12-27T11:05:38.7527600Z   
2022-12-27T11:05:38.7528180Z   × python setup.py egg_info did not run successfully.
2022-12-27T11:05:38.7528520Z   │ exit code: 1
2022-12-27T11:05:38.7528810Z   ╰─> See above for output.
2022-12-27T11:05:38.7529000Z   
2022-12-27T11:05:38.7529280Z   note: This error originates from a subprocess, and is likely not a problem with pip.
2022-12-27T11:05:38.7536880Z   full command: /private/var/folders/51/hd414ycd67n82196sw51xqtc0000gn/T/cibw-run-yx317irk/cp311-macosx_arm64/build/venv/bin/python -c '
2022-12-27T11:05:38.7537550Z   exec(compile('"'"''"'"''"'"'
2022-12-27T11:05:38.7538000Z   # This is <pip-setuptools-caller> -- a caller that pip uses to run setup.py
2022-12-27T11:05:38.7538550Z   #
2022-12-27T11:05:38.7539060Z   # - It imports setuptools before invoking setup.py, to enable projects that directly
2022-12-27T11:05:38.7539480Z   #   import from `distutils.core` to work with newer packaging standards.
2022-12-27T11:05:38.7540060Z   # - It provides a clear error message when setuptools is not installed.
2022-12-27T11:05:38.7540770Z   # - It sets `sys.argv[0]` to the underlying `setup.py`, when invoking `setup.py` so
2022-12-27T11:05:38.7541320Z   #   setuptools doesn'"'"'t think the script is `-c`. This avoids the following warning:
2022-12-27T11:05:38.7541760Z   #     manifest_maker: standard file '"'"'-c'"'"' not found".
2022-12-27T11:05:38.7542260Z   # - It generates a shim setup.py, for handling setup.cfg-only projects.
2022-12-27T11:05:38.7542750Z   import os, sys, tokenize
2022-12-27T11:05:38.7542980Z   
2022-12-27T11:05:38.7543230Z   try:
2022-12-27T11:05:38.7543500Z       import setuptools
2022-12-27T11:05:38.7543740Z   except ImportError as error:
2022-12-27T11:05:38.7544180Z       print(
2022-12-27T11:05:38.7544860Z           "ERROR: Can not execute `setup.py` since setuptools is not available in "
2022-12-27T11:05:38.7545270Z           "the build environment.",
2022-12-27T11:05:38.7545520Z           file=sys.stderr,
2022-12-27T11:05:38.7545790Z       )
2022-12-27T11:05:38.7546240Z       sys.exit(1)
2022-12-27T11:05:38.7546460Z   
2022-12-27T11:05:38.7546710Z   __file__ = %r
2022-12-27T11:05:38.7546980Z   sys.argv[0] = __file__
2022-12-27T11:05:38.7547190Z   
2022-12-27T11:05:38.7547600Z   if os.path.exists(__file__):
2022-12-27T11:05:38.7547890Z       filename = __file__
2022-12-27T11:05:38.7548150Z       with tokenize.open(__file__) as f:
2022-12-27T11:05:38.7548450Z           setup_py_code = f.read()
2022-12-27T11:05:38.7548880Z   else:
2022-12-27T11:05:38.7549270Z       filename = "<auto-generated setuptools caller>"
2022-12-27T11:05:38.7549660Z       setup_py_code = "from setuptools import setup; setup()"
2022-12-27T11:05:38.7549960Z   
2022-12-27T11:05:38.7550190Z   exec(compile(setup_py_code, filename, "exec"))
2022-12-27T11:05:38.7550800Z   '"'"''"'"''"'"' % ('"'"'/Users/runner/actions-runner/_work/python.build/python.build/build_lxml13beta311/lxml-1.3beta/setup.py'"'"',), "<pip-setuptools-caller>", "exec"))' egg_info --egg-base /private/var/folders/51/hd414ycd67n82196sw51xqtc0000gn/T/pip-pip-egg-info-5e4rb0rb
2022-12-27T11:05:38.7551320Z   cwd: /Users/runner/actions-runner/_work/python.build/python.build/build_lxml13beta311/lxml-1.3beta/
2022-12-27T11:05:38.7551660Z   Preparing metadata (setup.py): finished with status 'error'
2022-12-27T11:05:38.7554670Z error: metadata-generation-failed
2022-12-27T11:05:38.7554800Z 
2022-12-27T11:05:38.7555010Z × Encountered error while generating package metadata.
2022-12-27T11:05:38.7555440Z ╰─> See above for output.
2022-12-27T11:05:38.7555560Z 
2022-12-27T11:05:38.7555680Z note: This is an issue with the package mentioned above, not pip.
2022-12-27T11:05:38.7555870Z hint: See above for details.
2022-12-27T11:05:38.7585600Z Exception information:
2022-12-27T11:05:38.7586100Z Traceback (most recent call last):
2022-12-27T11:05:38.7586840Z   File "/private/var/folders/51/hd414ycd67n82196sw51xqtc0000gn/T/cibw-run-yx317irk/cp311-macosx_arm64/build/venv/lib/python3.11/site-packages/pip/_internal/operations/build/metadata_legacy.py", line 64, in generate_metadata
2022-12-27T11:05:38.7587580Z     call_subprocess(
2022-12-27T11:05:38.7588120Z   File "/private/var/folders/51/hd414ycd67n82196sw51xqtc0000gn/T/cibw-run-yx317irk/cp311-macosx_arm64/build/venv/lib/python3.11/site-packages/pip/_internal/utils/subprocess.py", line 224, in call_subprocess
2022-12-27T11:05:38.7588690Z     raise error
2022-12-27T11:05:38.7589030Z pip._internal.exceptions.InstallationSubprocessError: python setup.py egg_info exited with 1
2022-12-27T11:05:38.7589250Z 
2022-12-27T11:05:38.7589400Z The above exception was the direct cause of the following exception:
2022-12-27T11:05:38.7589580Z 
2022-12-27T11:05:38.7589810Z Traceback (most recent call last):
2022-12-27T11:05:38.7590360Z   File "/private/var/folders/51/hd414ycd67n82196sw51xqtc0000gn/T/cibw-run-yx317irk/cp311-macosx_arm64/build/venv/lib/python3.11/site-packages/pip/_internal/cli/base_command.py", line 160, in exc_logging_wrapper
2022-12-27T11:05:38.7591360Z     status = run_func(*args)
2022-12-27T11:05:38.7591870Z              ^^^^^^^^^^^^^^^
2022-12-27T11:05:38.7592820Z   File "/private/var/folders/51/hd414ycd67n82196sw51xqtc0000gn/T/cibw-run-yx317irk/cp311-macosx_arm64/build/venv/lib/python3.11/site-packages/pip/_internal/cli/req_command.py", line 247, in wrapper
2022-12-27T11:05:38.7593390Z     return func(self, options, args)
2022-12-27T11:05:38.7593730Z            ^^^^^^^^^^^^^^^^^^^^^^^^^
2022-12-27T11:05:38.7594880Z   File "/private/var/folders/51/hd414ycd67n82196sw51xqtc0000gn/T/cibw-run-yx317irk/cp311-macosx_arm64/build/venv/lib/python3.11/site-packages/pip/_internal/commands/wheel.py", line 170, in run
2022-12-27T11:05:38.7595690Z     requirement_set = resolver.resolve(reqs, check_supported_wheels=True)
2022-12-27T11:05:38.7596310Z                       ^^^^^^^^^^^^^^^^^^^^^^^^^^^^^^^^^^^^^^^^^^^^^^^^^^^
2022-12-27T11:05:38.7597140Z   File "/private/var/folders/51/hd414ycd67n82196sw51xqtc0000gn/T/cibw-run-yx317irk/cp311-macosx_arm64/build/venv/lib/python3.11/site-packages/pip/_internal/resolution/resolvelib/resolver.py", line 73, in resolve
2022-12-27T11:05:38.7597720Z     collected = self.factory.collect_root_requirements(root_reqs)
2022-12-27T11:05:38.7598020Z                 ^^^^^^^^^^^^^^^^^^^^^^^^^^^^^^^^^^^^^^^^^^^^^^^^^
2022-12-27T11:05:38.7598920Z   File "/private/var/folders/51/hd414ycd67n82196sw51xqtc0000gn/T/cibw-run-yx317irk/cp311-macosx_arm64/build/venv/lib/python3.11/site-packages/pip/_internal/resolution/resolvelib/factory.py", line 491, in collect_root_requirements
2022-12-27T11:05:38.7599460Z     req = self._make_requirement_from_install_req(
2022-12-27T11:05:38.7599800Z           ^^^^^^^^^^^^^^^^^^^^^^^^^^^^^^^^^^^^^^^^
2022-12-27T11:05:38.7600630Z   File "/private/var/folders/51/hd414ycd67n82196sw51xqtc0000gn/T/cibw-run-yx317irk/cp311-macosx_arm64/build/venv/lib/python3.11/site-packages/pip/_internal/resolution/resolvelib/factory.py", line 453, in _make_requirement_from_install_req
2022-12-27T11:05:38.7601210Z     cand = self._make_candidate_from_link(
2022-12-27T11:05:38.7601530Z            ^^^^^^^^^^^^^^^^^^^^^^^^^^^^^^^
2022-12-27T11:05:38.7602330Z   File "/private/var/folders/51/hd414ycd67n82196sw51xqtc0000gn/T/cibw-run-yx317irk/cp311-macosx_arm64/build/venv/lib/python3.11/site-packages/pip/_internal/resolution/resolvelib/factory.py", line 206, in _make_candidate_from_link
2022-12-27T11:05:38.7602880Z     self._link_candidate_cache[link] = LinkCandidate(
2022-12-27T11:05:38.7603290Z                                        ^^^^^^^^^^^^^^
2022-12-27T11:05:38.7603980Z   File "/private/var/folders/51/hd414ycd67n82196sw51xqtc0000gn/T/cibw-run-yx317irk/cp311-macosx_arm64/build/venv/lib/python3.11/site-packages/pip/_internal/resolution/resolvelib/candidates.py", line 297, in __init__
2022-12-27T11:05:38.7604480Z     super().__init__(
2022-12-27T11:05:38.7605240Z   File "/private/var/folders/51/hd414ycd67n82196sw51xqtc0000gn/T/cibw-run-yx317irk/cp311-macosx_arm64/build/venv/lib/python3.11/site-packages/pip/_internal/resolution/resolvelib/candidates.py", line 162, in __init__
2022-12-27T11:05:38.7605870Z     self.dist = self._prepare()
2022-12-27T11:05:38.7606180Z                 ^^^^^^^^^^^^^^^
2022-12-27T11:05:38.7606690Z   File "/private/var/folders/51/hd414ycd67n82196sw51xqtc0000gn/T/cibw-run-yx317irk/cp311-macosx_arm64/build/venv/lib/python3.11/site-packages/pip/_internal/resolution/resolvelib/candidates.py", line 231, in _prepare
2022-12-27T11:05:38.7607030Z     dist = self._prepare_distribution()
2022-12-27T11:05:38.7607240Z            ^^^^^^^^^^^^^^^^^^^^^^^^^^^^
2022-12-27T11:05:38.7607820Z   File "/private/var/folders/51/hd414ycd67n82196sw51xqtc0000gn/T/cibw-run-yx317irk/cp311-macosx_arm64/build/venv/lib/python3.11/site-packages/pip/_internal/resolution/resolvelib/candidates.py", line 308, in _prepare_distribution
2022-12-27T11:05:38.7608170Z     return preparer.prepare_linked_requirement(self._ireq, parallel_builds=True)
2022-12-27T11:05:38.7608410Z            ^^^^^^^^^^^^^^^^^^^^^^^^^^^^^^^^^^^^^^^^^^^^^^^^^^^^^^^^^^^^^^^^^^^^^
2022-12-27T11:05:38.7608900Z   File "/private/var/folders/51/hd414ycd67n82196sw51xqtc0000gn/T/cibw-run-yx317irk/cp311-macosx_arm64/build/venv/lib/python3.11/site-packages/pip/_internal/operations/prepare.py", line 491, in prepare_linked_requirement
2022-12-27T11:05:38.7609250Z     return self._prepare_linked_requirement(req, parallel_builds)
2022-12-27T11:05:38.7609550Z            ^^^^^^^^^^^^^^^^^^^^^^^^^^^^^^^^^^^^^^^^^^^^^^^^^^^^^^
2022-12-27T11:05:38.7609980Z   File "/private/var/folders/51/hd414ycd67n82196sw51xqtc0000gn/T/cibw-run-yx317irk/cp311-macosx_arm64/build/venv/lib/python3.11/site-packages/pip/_internal/operations/prepare.py", line 577, in _prepare_linked_requirement
2022-12-27T11:05:38.7610310Z     dist = _get_prepared_distribution(
2022-12-27T11:05:38.7610520Z            ^^^^^^^^^^^^^^^^^^^^^^^^^^^
2022-12-27T11:05:38.7611200Z   File "/private/var/folders/51/hd414ycd67n82196sw51xqtc0000gn/T/cibw-run-yx317irk/cp311-macosx_arm64/build/venv/lib/python3.11/site-packages/pip/_internal/operations/prepare.py", line 69, in _get_prepared_distribution
2022-12-27T11:05:38.7611590Z     abstract_dist.prepare_distribution_metadata(
2022-12-27T11:05:38.7612060Z   File "/private/var/folders/51/hd414ycd67n82196sw51xqtc0000gn/T/cibw-run-yx317irk/cp311-macosx_arm64/build/venv/lib/python3.11/site-packages/pip/_internal/distributions/sdist.py", line 61, in prepare_distribution_metadata
2022-12-27T11:05:38.7612380Z     self.req.prepare_metadata()
2022-12-27T11:05:38.7612840Z   File "/private/var/folders/51/hd414ycd67n82196sw51xqtc0000gn/T/cibw-run-yx317irk/cp311-macosx_arm64/build/venv/lib/python3.11/site-packages/pip/_internal/req/req_install.py", line 541, in prepare_metadata
2022-12-27T11:05:38.7613250Z     self.metadata_directory = generate_metadata_legacy(
2022-12-27T11:05:38.7613430Z                               ^^^^^^^^^^^^^^^^^^^^^^^^^
2022-12-27T11:05:38.7613900Z   File "/private/var/folders/51/hd414ycd67n82196sw51xqtc0000gn/T/cibw-run-yx317irk/cp311-macosx_arm64/build/venv/lib/python3.11/site-packages/pip/_internal/operations/build/metadata_legacy.py", line 71, in generate_metadata
2022-12-27T11:05:38.7614280Z     raise MetadataGenerationFailed(package_details=details) from error
2022-12-27T11:05:38.7614660Z pip._internal.exceptions.MetadataGenerationFailed: metadata generation failed
2022-12-27T11:05:38.7615180Z Removed file:///Users/runner/actions-runner/_work/python.build/python.build/build_lxml13beta311/lxml-1.3beta from build tracker '/private/var/folders/51/hd414ycd67n82196sw51xqtc0000gn/T/pip-build-tracker-n0u2uzrk'
2022-12-27T11:05:38.7615600Z Removed build tracker: '/private/var/folders/51/hd414ycd67n82196sw51xqtc0000gn/T/pip-build-tracker-n0u2uzrk'
2022-12-27T11:05:38.7952240Z ##[endgroup]
2022-12-27T11:05:38.7974870Z ##[error]Command ['python', '-m', 'pip', 'wheel', '/Users/runner/actions-runner/_work/python.build/python.build/build_lxml13beta311/lxml-1.3beta', '--wheel-dir=/private/var/folders/51/hd414ycd67n82196sw51xqtc0000gn/T/cibw-run-yx317irk/cp311-macosx_arm64/built_wheel', '--no-deps', '-vvv'] failed with code 1. None
2022-12-27T11:05:38.7981490Z 
2022-12-27T11:05:38.8047130Z                                                               [31m✕ [0m0.48s
2022-12-27T11:05:38.8427400Z ##[error]Process completed with exit code 1.
2022-12-27T11:05:38.8461860Z ##[group]Run rm -rf build_lxml13beta311 wheelsout
2022-12-27T11:05:38.8462150Z [36;1mrm -rf build_lxml13beta311 wheelsout[0m
2022-12-27T11:05:38.8478610Z shell: /bin/bash -e {0}
2022-12-27T11:05:38.8478800Z env:
2022-12-27T11:05:38.8479020Z   pythonLocation: /Users/runner/hostedtoolcache/Python/3.11.1/x64
2022-12-27T11:05:38.8479220Z   PKG_CONFIG_PATH: /Users/runner/hostedtoolcache/Python/3.11.1/x64/lib/pkgconfig
2022-12-27T11:05:38.8479470Z   Python_ROOT_DIR: /Users/runner/hostedtoolcache/Python/3.11.1/x64
2022-12-27T11:05:38.8479700Z   Python2_ROOT_DIR: /Users/runner/hostedtoolcache/Python/3.11.1/x64
2022-12-27T11:05:38.8479910Z   Python3_ROOT_DIR: /Users/runner/hostedtoolcache/Python/3.11.1/x64
2022-12-27T11:05:38.8480060Z ##[endgroup]
2022-12-27T11:05:38.8772970Z Cleaning up orphan processes
