2022-12-27T08:54:26.2396398Z Requested labels: self-hosted, macOS, X64
2022-12-27T08:54:26.2396503Z Job defined at: kilnbuild/python.build/.github/workflows/mac_arm_build.yml@refs/heads/main
2022-12-27T08:54:26.2396530Z Waiting for a runner to pick up this job...
2022-12-27T11:30:06.9298204Z Job is about to start running on the runner: s1 (organization)
2022-12-27T11:30:09.5695640Z Current runner version: '2.300.2'
2022-12-27T11:30:09.5700750Z Runner name: 's1'
2022-12-27T11:30:09.5701000Z Runner group name: 'Default'
2022-12-27T11:30:09.5701440Z Machine name: 's1'
2022-12-27T11:30:09.5702960Z ##[group]GITHUB_TOKEN Permissions
2022-12-27T11:30:09.5703380Z Actions: write
2022-12-27T11:30:09.5703520Z Checks: write
2022-12-27T11:30:09.5703660Z Contents: write
2022-12-27T11:30:09.5703800Z Deployments: write
2022-12-27T11:30:09.5703940Z Discussions: write
2022-12-27T11:30:09.5704070Z Issues: write
2022-12-27T11:30:09.5704200Z Metadata: read
2022-12-27T11:30:09.5704330Z Packages: write
2022-12-27T11:30:09.5704470Z Pages: write
2022-12-27T11:30:09.5704610Z PullRequests: write
2022-12-27T11:30:09.5704770Z RepositoryProjects: write
2022-12-27T11:30:09.5704930Z SecurityEvents: write
2022-12-27T11:30:09.5705070Z Statuses: write
2022-12-27T11:30:09.5705200Z ##[endgroup]
2022-12-27T11:30:09.5707920Z Secret source: Actions
2022-12-27T11:30:09.5708240Z Prepare workflow directory
2022-12-27T11:30:09.6376690Z Prepare all required actions
2022-12-27T11:30:09.6497220Z Getting action download info
2022-12-27T11:30:10.1002610Z Download action repository 'actions/setup-python@v4' (SHA:5ccb29d8773c3f3f653e1705f474dfaa8a06a912)
2022-12-27T11:30:11.8611400Z Download action repository 'actions/upload-artifact@v3' (SHA:83fd05a356d7e2593de66fc9913b3002723633cb)
2022-12-27T11:30:13.1668620Z ##[group]Run echo '{
2022-12-27T11:30:13.1668900Z [36;1mecho '{[0m
2022-12-27T11:30:13.1669070Z [36;1m  "package_name": "lxml",[0m
2022-12-27T11:30:13.1669350Z [36;1m  "package_url": "https://files.pythonhosted.org/packages/70/e1/d8a04fe3f03a806d89305a8ea2ec5a81b119e75af6dc46c8427a1762b1d8/lxml-2.2beta1.tar.gz",[0m
2022-12-27T11:30:13.1669600Z [36;1m  "package_version": "2.2beta1",[0m
2022-12-27T11:30:13.1669750Z [36;1m  "python_version": "3.10",[0m
2022-12-27T11:30:13.1669920Z [36;1m  "use_ccache": "true"[0m
2022-12-27T11:30:13.1670040Z [36;1m}'[0m
2022-12-27T11:30:13.1685480Z shell: /bin/bash -e {0}
2022-12-27T11:30:13.1685630Z ##[endgroup]
2022-12-27T11:30:13.1903190Z {
2022-12-27T11:30:13.1904550Z   "package_name": "lxml",
2022-12-27T11:30:13.1905280Z   "package_url": "https://files.pythonhosted.org/packages/70/e1/d8a04fe3f03a806d89305a8ea2ec5a81b119e75af6dc46c8427a1762b1d8/lxml-2.2beta1.tar.gz",
2022-12-27T11:30:13.1905580Z   "package_version": "2.2beta1",
2022-12-27T11:30:13.1905790Z   "python_version": "3.10",
2022-12-27T11:30:13.1906020Z   "use_ccache": "true"
2022-12-27T11:30:13.1906190Z }
2022-12-27T11:30:13.2121640Z ##[group]Run actions/setup-python@v4
2022-12-27T11:30:13.2121910Z with:
2022-12-27T11:30:13.2122150Z   python-version: 3.10
2022-12-27T11:30:13.2122310Z   check-latest: false
2022-12-27T11:30:13.2122600Z   token: ***
2022-12-27T11:30:13.2122780Z   update-environment: true
2022-12-27T11:30:13.2122940Z ##[endgroup]
2022-12-27T11:30:13.3386640Z ##[group]Installed versions
2022-12-27T11:30:13.3426450Z Successfully set up CPython (3.10.9)
2022-12-27T11:30:13.3427500Z ##[endgroup]
2022-12-27T11:30:13.3574280Z ##[group]Run if [ "true" == "true" ]
2022-12-27T11:30:13.3574580Z [36;1mif [ "true" == "true" ][0m
2022-12-27T11:30:13.3574860Z [36;1mthen[0m
2022-12-27T11:30:13.3575040Z [36;1m  echo "CCACHE_PATH_PREPEND=/usr/local/opt/ccache/libexec" >> $GITHUB_OUTPUT[0m
2022-12-27T11:30:13.3575260Z [36;1melse[0m
2022-12-27T11:30:13.3575450Z [36;1m  echo "CCACHE_PATH_PREPEND=" >> $GITHUB_OUTPUT[0m
2022-12-27T11:30:13.3575880Z [36;1mfi[0m
2022-12-27T11:30:13.3592530Z shell: /bin/bash -e {0}
2022-12-27T11:30:13.3592750Z env:
2022-12-27T11:30:13.3592980Z   pythonLocation: /Users/runner/hostedtoolcache/Python/3.10.9/x64
2022-12-27T11:30:13.3593220Z   PKG_CONFIG_PATH: /Users/runner/hostedtoolcache/Python/3.10.9/x64/lib/pkgconfig
2022-12-27T11:30:13.3593560Z   Python_ROOT_DIR: /Users/runner/hostedtoolcache/Python/3.10.9/x64
2022-12-27T11:30:13.3593880Z   Python2_ROOT_DIR: /Users/runner/hostedtoolcache/Python/3.10.9/x64
2022-12-27T11:30:13.3594320Z   Python3_ROOT_DIR: /Users/runner/hostedtoolcache/Python/3.10.9/x64
2022-12-27T11:30:13.3594870Z ##[endgroup]
2022-12-27T11:30:13.3700070Z ##[group]Run echo "BUILD_NAME=$(echo lxml_2.2beta1_3.10 | tr -dc '[:alnum:]\n\r' | tr '[:upper:]' '[:lower:]')" >> $GITHUB_OUTPUT
2022-12-27T11:30:13.3700670Z [36;1mecho "BUILD_NAME=$(echo lxml_2.2beta1_3.10 | tr -dc '[:alnum:]\n\r' | tr '[:upper:]' '[:lower:]')" >> $GITHUB_OUTPUT[0m
2022-12-27T11:30:13.3714590Z shell: /bin/bash -e {0}
2022-12-27T11:30:13.3714740Z env:
2022-12-27T11:30:13.3714950Z   pythonLocation: /Users/runner/hostedtoolcache/Python/3.10.9/x64
2022-12-27T11:30:13.3715310Z   PKG_CONFIG_PATH: /Users/runner/hostedtoolcache/Python/3.10.9/x64/lib/pkgconfig
2022-12-27T11:30:13.3715530Z   Python_ROOT_DIR: /Users/runner/hostedtoolcache/Python/3.10.9/x64
2022-12-27T11:30:13.3715770Z   Python2_ROOT_DIR: /Users/runner/hostedtoolcache/Python/3.10.9/x64
2022-12-27T11:30:13.3716000Z   Python3_ROOT_DIR: /Users/runner/hostedtoolcache/Python/3.10.9/x64
2022-12-27T11:30:13.3716200Z ##[endgroup]
2022-12-27T11:30:13.3857650Z ##[group]Run echo "PYTHON_NO_DOTS=$(echo 3.10 | tr -dc '[:alnum:]\n\r' | tr '[:upper:]' '[:lower:]')" >> $GITHUB_OUTPUT
2022-12-27T11:30:13.3858090Z [36;1mecho "PYTHON_NO_DOTS=$(echo 3.10 | tr -dc '[:alnum:]\n\r' | tr '[:upper:]' '[:lower:]')" >> $GITHUB_OUTPUT[0m
2022-12-27T11:30:13.3872090Z shell: /bin/bash -e {0}
2022-12-27T11:30:13.3872270Z env:
2022-12-27T11:30:13.3872480Z   pythonLocation: /Users/runner/hostedtoolcache/Python/3.10.9/x64
2022-12-27T11:30:13.3872710Z   PKG_CONFIG_PATH: /Users/runner/hostedtoolcache/Python/3.10.9/x64/lib/pkgconfig
2022-12-27T11:30:13.3872990Z   Python_ROOT_DIR: /Users/runner/hostedtoolcache/Python/3.10.9/x64
2022-12-27T11:30:13.3873220Z   Python2_ROOT_DIR: /Users/runner/hostedtoolcache/Python/3.10.9/x64
2022-12-27T11:30:13.3873450Z   Python3_ROOT_DIR: /Users/runner/hostedtoolcache/Python/3.10.9/x64
2022-12-27T11:30:13.3873620Z ##[endgroup]
2022-12-27T11:30:13.3979770Z ##[group]Run rm -rf build_lxml22beta1310
2022-12-27T11:30:13.3980150Z [36;1mrm -rf build_lxml22beta1310[0m
2022-12-27T11:30:13.3980380Z [36;1mmkdir build_lxml22beta1310[0m
2022-12-27T11:30:13.3980560Z [36;1mcd build_lxml22beta1310[0m
2022-12-27T11:30:13.3980860Z [36;1m/usr/local/bin/wget --quiet https://files.pythonhosted.org/packages/70/e1/d8a04fe3f03a806d89305a8ea2ec5a81b119e75af6dc46c8427a1762b1d8/lxml-2.2beta1.tar.gz[0m
2022-12-27T11:30:13.3981160Z [36;1mtar xf *.tar.gz[0m
2022-12-27T11:30:13.3981320Z [36;1mcd *[0m
2022-12-27T11:30:13.3981480Z [36;1mpython -m pip install cibuildwheel==2.11.3[0m
2022-12-27T11:30:13.3981700Z [36;1mpython -m cibuildwheel --output-dir ../wheelsout[0m
2022-12-27T11:30:13.3995540Z shell: /bin/bash -e {0}
2022-12-27T11:30:13.3995720Z env:
2022-12-27T11:30:13.3995900Z   pythonLocation: /Users/runner/hostedtoolcache/Python/3.10.9/x64
2022-12-27T11:30:13.3996240Z   PKG_CONFIG_PATH: /Users/runner/hostedtoolcache/Python/3.10.9/x64/lib/pkgconfig
2022-12-27T11:30:13.3996550Z   Python_ROOT_DIR: /Users/runner/hostedtoolcache/Python/3.10.9/x64
2022-12-27T11:30:13.3996760Z   Python2_ROOT_DIR: /Users/runner/hostedtoolcache/Python/3.10.9/x64
2022-12-27T11:30:13.3996990Z   Python3_ROOT_DIR: /Users/runner/hostedtoolcache/Python/3.10.9/x64
2022-12-27T11:30:13.3997190Z   CIBW_ARCHS_MACOS: arm64
2022-12-27T11:30:13.3997370Z   CIBW_TEST_SKIP: *_arm64
2022-12-27T11:30:13.3997550Z   CIBW_BUILD: cp310-macosx_arm64
2022-12-27T11:30:13.3997730Z   CIBW_BUILD_FRONTEND: pip
2022-12-27T11:30:13.3997870Z   CIBW_BUILD_VERBOSITY: 3
2022-12-27T11:30:13.3998190Z   CIBW_ENVIRONMENT_MACOS:  CFLAGS="-I/usr/local/opt/openssl@3/include" LDFLAGS="-L/usr/local/opt/openssl@3/lib" CPPFLAGS="-I/usr/local/opt/openssl@3/include" MAKEFLAGS="-j$(sysctl -n hw.logicalcpu)" PATH=/usr/local/opt/ccache/libexec:$PATH
2022-12-27T11:30:13.3998580Z   CIBW_BEFORE_BUILD: pip install Cython; if [[ -f requirements.txt ]]; then pip install -r requirements.txt; fi
2022-12-27T11:30:13.3998830Z   MAKEFLAGS: -j$(sysctl -n hw.logicalcpu)
2022-12-27T11:30:13.3998980Z ##[endgroup]
2022-12-27T11:30:13.8748080Z Requirement already satisfied: cibuildwheel==2.11.3 in /Users/runner/hostedtoolcache/Python/3.10.9/x64/lib/python3.10/site-packages (2.11.3)
2022-12-27T11:30:13.9013660Z Requirement already satisfied: bashlex!=0.13 in /Users/runner/hostedtoolcache/Python/3.10.9/x64/lib/python3.10/site-packages (from cibuildwheel==2.11.3) (0.16)
2022-12-27T11:30:13.9016970Z Requirement already satisfied: certifi in /Users/runner/hostedtoolcache/Python/3.10.9/x64/lib/python3.10/site-packages (from cibuildwheel==2.11.3) (2022.12.7)
2022-12-27T11:30:13.9022100Z Requirement already satisfied: packaging>=20.9 in /Users/runner/hostedtoolcache/Python/3.10.9/x64/lib/python3.10/site-packages (from cibuildwheel==2.11.3) (22.0)
2022-12-27T11:30:13.9029150Z Requirement already satisfied: tomli in /Users/runner/hostedtoolcache/Python/3.10.9/x64/lib/python3.10/site-packages (from cibuildwheel==2.11.3) (2.0.1)
2022-12-27T11:30:13.9038010Z Requirement already satisfied: typing-extensions>=4.1.0 in /Users/runner/hostedtoolcache/Python/3.10.9/x64/lib/python3.10/site-packages (from cibuildwheel==2.11.3) (4.4.0)
2022-12-27T11:30:13.9041260Z Requirement already satisfied: platformdirs in /Users/runner/hostedtoolcache/Python/3.10.9/x64/lib/python3.10/site-packages (from cibuildwheel==2.11.3) (2.6.0)
2022-12-27T11:30:13.9044770Z Requirement already satisfied: filelock in /Users/runner/hostedtoolcache/Python/3.10.9/x64/lib/python3.10/site-packages (from cibuildwheel==2.11.3) (3.8.2)
2022-12-27T11:30:13.9048060Z Requirement already satisfied: bracex in /Users/runner/hostedtoolcache/Python/3.10.9/x64/lib/python3.10/site-packages (from cibuildwheel==2.11.3) (2.3.post1)
2022-12-27T11:30:14.0879140Z 
2022-12-27T11:30:14.0879450Z      _ _       _ _   _       _           _
2022-12-27T11:30:14.0880120Z  ___|_| |_ _ _|_| |_| |_ _ _| |_ ___ ___| |
2022-12-27T11:30:14.0881470Z |  _| | . | | | | | . | | | |   | -_| -_| |
2022-12-27T11:30:14.0882840Z |___|_|___|___|_|_|___|_____|_|_|___|___|_|
2022-12-27T11:30:14.0883030Z 
2022-12-27T11:30:14.0883220Z cibuildwheel version 2.11.3
2022-12-27T11:30:14.0883550Z 
2022-12-27T11:30:14.0883720Z Build options:
2022-12-27T11:30:14.0884220Z   platform: macos
2022-12-27T11:30:14.0944680Z   architectures: arm64[0m
2022-12-27T11:30:14.0945100Z   build_selector: 
2022-12-27T11:30:14.0945630Z     build_config: cp310-macosx_arm64
2022-12-27T11:30:14.0946180Z     skip_config: 
2022-12-27T11:30:14.0946490Z     requires_python: None
2022-12-27T11:30:14.0946980Z     prerelease_pythons: False[0m
2022-12-27T11:30:14.0947700Z   [38;5;244mcontainer_engine: docker[0m
2022-12-27T11:30:14.0948370Z   output_dir: /Users/runner/actions-runner/_work/python.build/python.build/build_lxml22beta1310/wheelsout[0m
2022-12-27T11:30:14.0949210Z   package_dir: /Users/runner/actions-runner/_work/python.build/python.build/build_lxml22beta1310/lxml-2.2beta1[0m
2022-12-27T11:30:14.0949870Z   test_selector: 
2022-12-27T11:30:14.0950370Z     skip_config: *_arm64[0m
2022-12-27T11:30:14.0950690Z   [38;5;244mbefore_all: [0m
2022-12-27T11:30:14.0951190Z   before_build: pip install Cython; if [[ -f requirements.txt ]]; then pip install -r requirements.txt; fi[0m
2022-12-27T11:30:14.0951670Z   [38;5;244mbefore_test: [0m
2022-12-27T11:30:14.0952130Z   [38;5;244mbuild_frontend: pip[0m
2022-12-27T11:30:14.0952490Z   build_verbosity: 3[0m
2022-12-27T11:30:14.0952850Z   [38;5;244mconfig_settings: [0m
2022-12-27T11:30:14.0953280Z   [38;5;244mdependency_constraints: pinned[0m
2022-12-27T11:30:14.0953660Z   environment: 
2022-12-27T11:30:14.0954240Z     CFLAGS="-I/usr/local/opt/openssl@3/include"
2022-12-27T11:30:14.0954600Z     LDFLAGS="-L/usr/local/opt/openssl@3/lib"
2022-12-27T11:30:14.0955010Z     CPPFLAGS="-I/usr/local/opt/openssl@3/include"
2022-12-27T11:30:14.0955420Z     MAKEFLAGS="-j$(sysctl -n hw.logicalcpu)"
2022-12-27T11:30:14.0956000Z     PATH=/usr/local/opt/ccache/libexec:$PATH[0m
2022-12-27T11:30:14.0956370Z   [38;5;244mmanylinux_images: None[0m
2022-12-27T11:30:14.0956820Z   [38;5;244mmusllinux_images: None[0m
2022-12-27T11:30:14.0957320Z   [38;5;244mrepair_command: delocate-wheel --require-archs {delocate_archs} -w {dest_dir} -v {wheel}[0m
2022-12-27T11:30:14.0958040Z   [38;5;244mtest_command: [0m
2022-12-27T11:30:14.0958580Z   [38;5;244mtest_extras: [0m
2022-12-27T11:30:14.0958940Z   [38;5;244mtest_requires: [0m
2022-12-27T11:30:14.0959110Z 
2022-12-27T11:30:14.0959230Z Cache folder: /Users/runner/Library/Caches/cibuildwheel
2022-12-27T11:30:14.0969290Z 
2022-12-27T11:30:14.0969490Z Here we go!
2022-12-27T11:30:14.0969640Z 
2022-12-27T11:30:14.1033960Z 
2022-12-27T11:30:14.1034570Z [1m[34mBuilding cp310-macosx_arm64 wheel[0m
2022-12-27T11:30:14.1035050Z CPython 3.10 macOS arm64 - Apple Silicon
2022-12-27T11:30:14.1036760Z 
2022-12-27T11:30:14.1037570Z ##[group]Installing Python cp310...
2022-12-27T11:30:14.1037800Z 
2022-12-27T11:30:14.1037970Z + pkgutil --pkgs
2022-12-27T11:30:14.1134400Z ##[endgroup]
2022-12-27T11:30:14.1135210Z                                                               [32mâœ“ [0m0.01s
2022-12-27T11:30:14.1135680Z ##[group]Setting up build environment...
2022-12-27T11:30:14.1135900Z 
2022-12-27T11:30:14.1154140Z + /Users/runner/hostedtoolcache/Python/3.10.9/x64/bin/python -sS /Users/runner/Library/Caches/cibuildwheel/virtualenv-20.17.0.pyz --activators= --no-periodic-update --pip=22.3.1 --setuptools=65.6.3 --wheel=0.38.4 --symlink-app-data --python /Library/Frameworks/Python.framework/Versions/3.10/bin/python3 /private/var/folders/51/hd414ycd67n82196sw51xqtc0000gn/T/cibw-run-hjacvhl2/cp310-macosx_arm64/build/venv
2022-12-27T11:30:14.3070640Z created virtual environment CPython3.10.8.final.0-64 in 49ms
2022-12-27T11:30:14.3071380Z   creator CPython3Posix(dest=/private/var/folders/51/hd414ycd67n82196sw51xqtc0000gn/T/cibw-run-hjacvhl2/cp310-macosx_arm64/build/venv, clear=False, no_vcs_ignore=False, global=False)
2022-12-27T11:30:14.3072140Z   seeder FromAppData(download=False, pip=22.3.1, setuptools=65.6.3, wheel=0.38.4, via=symlink, app_data_dir=/Users/runner/Library/Application Support/virtualenv)
2022-12-27T11:30:14.3072560Z     added seed packages: pip==22.3.1, setuptools==65.6.3, wheel==0.38.4
2022-12-27T11:30:14.3193750Z + python -m pip install --upgrade pip -c /Users/runner/hostedtoolcache/Python/3.10.9/x64/lib/python3.10/site-packages/cibuildwheel/resources/constraints-python310.txt
2022-12-27T11:30:14.5981200Z Requirement already satisfied: pip in ./lib/python3.10/site-packages (22.3.1)
2022-12-27T11:30:14.7270770Z + which pip
2022-12-27T11:30:14.7287710Z /private/var/folders/51/hd414ycd67n82196sw51xqtc0000gn/T/cibw-run-hjacvhl2/cp310-macosx_arm64/build/venv/bin/pip
2022-12-27T11:30:14.7289800Z + pip --version
2022-12-27T11:30:14.9339570Z pip 22.3.1 from /private/var/folders/51/hd414ycd67n82196sw51xqtc0000gn/T/cibw-run-hjacvhl2/cp310-macosx_arm64/build/venv/lib/python3.10/site-packages/pip (python 3.10)
2022-12-27T11:30:14.9556440Z + which pip
2022-12-27T11:30:14.9583070Z + which python
2022-12-27T11:30:14.9600030Z /private/var/folders/51/hd414ycd67n82196sw51xqtc0000gn/T/cibw-run-hjacvhl2/cp310-macosx_arm64/build/venv/bin/python
2022-12-27T11:30:14.9602740Z + python --version
2022-12-27T11:30:14.9652690Z Python 3.10.8
2022-12-27T11:30:14.9655320Z + which python
2022-12-27T11:30:14.9707800Z ##[endgroup]
2022-12-27T11:30:14.9708450Z                                                               [32mâœ“ [0m0.86s
2022-12-27T11:30:14.9708930Z ##[group]Installing build tools...
2022-12-27T11:30:14.9709080Z 
2022-12-27T11:30:14.9709480Z + pip install --upgrade setuptools wheel delocate -c /Users/runner/hostedtoolcache/Python/3.10.9/x64/lib/python3.10/site-packages/cibuildwheel/resources/constraints-python310.txt
2022-12-27T11:30:15.2478160Z Requirement already satisfied: setuptools in /private/var/folders/51/hd414ycd67n82196sw51xqtc0000gn/T/cibw-run-hjacvhl2/cp310-macosx_arm64/build/venv/lib/python3.10/site-packages (65.6.3)
2022-12-27T11:30:15.4443730Z Requirement already satisfied: wheel in /private/var/folders/51/hd414ycd67n82196sw51xqtc0000gn/T/cibw-run-hjacvhl2/cp310-macosx_arm64/build/venv/lib/python3.10/site-packages (0.38.4)
2022-12-27T11:30:15.4866810Z Collecting delocate
2022-12-27T11:30:15.4930180Z   Using cached delocate-0.10.3-py3-none-any.whl (142 kB)
2022-12-27T11:30:15.5214310Z Collecting packaging>=20.9
2022-12-27T11:30:15.5232670Z   Using cached packaging-21.3-py3-none-any.whl (40 kB)
2022-12-27T11:30:15.5387160Z Collecting typing-extensions
2022-12-27T11:30:15.5404220Z   Using cached typing_extensions-4.4.0-py3-none-any.whl (26 kB)
2022-12-27T11:30:15.5755800Z Collecting pyparsing!=3.0.5,>=2.0.2
2022-12-27T11:30:15.5773890Z   Using cached pyparsing-3.0.9-py3-none-any.whl (98 kB)
2022-12-27T11:30:15.6105280Z Installing collected packages: typing-extensions, pyparsing, packaging, delocate
2022-12-27T11:30:15.7388910Z Successfully installed delocate-0.10.3 packaging-21.3 pyparsing-3.0.9 typing-extensions-4.4.0
2022-12-27T11:30:15.7814800Z ##[endgroup]
2022-12-27T11:30:15.7815450Z                                                               [32mâœ“ [0m0.81s
2022-12-27T11:30:15.7815860Z ##[group]Running before_build...
2022-12-27T11:30:15.7816010Z 
2022-12-27T11:30:15.7822470Z + pip install Cython; if [[ -f requirements.txt ]]; then pip install -r requirements.txt; fi
2022-12-27T11:30:16.3782930Z Collecting Cython
2022-12-27T11:30:16.3824230Z   Using cached Cython-0.29.32-py2.py3-none-any.whl (986 kB)
2022-12-27T11:30:16.4209320Z Installing collected packages: Cython
2022-12-27T11:30:16.8250750Z Successfully installed Cython-0.29.32
2022-12-27T11:30:16.8680180Z ##[endgroup]
2022-12-27T11:30:16.8680940Z                                                               [32mâœ“ [0m1.09s
2022-12-27T11:30:16.8681380Z ##[group]Building wheel...
2022-12-27T11:30:16.8681530Z 
2022-12-27T11:30:16.8685980Z + python -m pip wheel /Users/runner/actions-runner/_work/python.build/python.build/build_lxml22beta1310/lxml-2.2beta1 --wheel-dir=/private/var/folders/51/hd414ycd67n82196sw51xqtc0000gn/T/cibw-run-hjacvhl2/cp310-macosx_arm64/built_wheel --no-deps -vvv
2022-12-27T11:30:17.1259330Z Created temporary directory: /private/var/folders/51/hd414ycd67n82196sw51xqtc0000gn/T/pip-ephem-wheel-cache-9pbx5zwx
2022-12-27T11:30:17.1263240Z Created temporary directory: /private/var/folders/51/hd414ycd67n82196sw51xqtc0000gn/T/pip-build-tracker-onqv3y9q
2022-12-27T11:30:17.1265310Z Initialized build tracking at /private/var/folders/51/hd414ycd67n82196sw51xqtc0000gn/T/pip-build-tracker-onqv3y9q
2022-12-27T11:30:17.1266450Z Created build tracker: /private/var/folders/51/hd414ycd67n82196sw51xqtc0000gn/T/pip-build-tracker-onqv3y9q
2022-12-27T11:30:17.1267960Z Entered build tracker: /private/var/folders/51/hd414ycd67n82196sw51xqtc0000gn/T/pip-build-tracker-onqv3y9q
2022-12-27T11:30:17.1271310Z Created temporary directory: /private/var/folders/51/hd414ycd67n82196sw51xqtc0000gn/T/pip-wheel-tsid_x3s
2022-12-27T11:30:17.1277360Z Created temporary directory: /private/var/folders/51/hd414ycd67n82196sw51xqtc0000gn/T/pip-ephem-wheel-cache-j9q9qaq7
2022-12-27T11:30:17.1419010Z Processing /Users/runner/actions-runner/_work/python.build/python.build/build_lxml22beta1310/lxml-2.2beta1
2022-12-27T11:30:17.1424310Z   Added file:///Users/runner/actions-runner/_work/python.build/python.build/build_lxml22beta1310/lxml-2.2beta1 to build tracker '/private/var/folders/51/hd414ycd67n82196sw51xqtc0000gn/T/pip-build-tracker-onqv3y9q'
2022-12-27T11:30:17.1428000Z   Running setup.py (path:/Users/runner/actions-runner/_work/python.build/python.build/build_lxml22beta1310/lxml-2.2beta1/setup.py) egg_info for package from file:///Users/runner/actions-runner/_work/python.build/python.build/build_lxml22beta1310/lxml-2.2beta1
2022-12-27T11:30:17.1431160Z   Created temporary directory: /private/var/folders/51/hd414ycd67n82196sw51xqtc0000gn/T/pip-pip-egg-info-y73krss2
2022-12-27T11:30:17.1432710Z   Preparing metadata (setup.py): started
2022-12-27T11:30:17.1434540Z   Running command python setup.py egg_info
2022-12-27T11:30:17.4927720Z   /private/var/folders/51/hd414ycd67n82196sw51xqtc0000gn/T/cibw-run-hjacvhl2/cp310-macosx_arm64/build/venv/lib/python3.10/site-packages/setuptools/dist.py:529: UserWarning: Normalizing '2.2beta1' to '2.2b1'
2022-12-27T11:30:17.4928540Z     warnings.warn(tmpl.format(**locals()))
2022-12-27T11:30:17.4979550Z   Building lxml version 2.2.beta1.
2022-12-27T11:30:17.4980860Z   Building with Cython 0.29.32.
2022-12-27T11:30:17.4982160Z   Using build configuration of libxslt 1.1.29
2022-12-27T11:30:17.4983870Z   Building against libxml2/libxslt in the following directory: /Library/Developer/CommandLineTools/SDKs/MacOSX12.1.sdk/usr/lib
2022-12-27T11:30:17.4985040Z   running egg_info
2022-12-27T11:30:17.4986790Z   creating /private/var/folders/51/hd414ycd67n82196sw51xqtc0000gn/T/pip-pip-egg-info-y73krss2/lxml.egg-info
2022-12-27T11:30:17.4998170Z   writing /private/var/folders/51/hd414ycd67n82196sw51xqtc0000gn/T/pip-pip-egg-info-y73krss2/lxml.egg-info/PKG-INFO
2022-12-27T11:30:17.5002530Z   writing dependency_links to /private/var/folders/51/hd414ycd67n82196sw51xqtc0000gn/T/pip-pip-egg-info-y73krss2/lxml.egg-info/dependency_links.txt
2022-12-27T11:30:17.5006130Z   writing top-level names to /private/var/folders/51/hd414ycd67n82196sw51xqtc0000gn/T/pip-pip-egg-info-y73krss2/lxml.egg-info/top_level.txt
2022-12-27T11:30:17.5009480Z   writing manifest file '/private/var/folders/51/hd414ycd67n82196sw51xqtc0000gn/T/pip-pip-egg-info-y73krss2/lxml.egg-info/SOURCES.txt'
2022-12-27T11:30:17.5061700Z   reading manifest file '/private/var/folders/51/hd414ycd67n82196sw51xqtc0000gn/T/pip-pip-egg-info-y73krss2/lxml.egg-info/SOURCES.txt'
2022-12-27T11:30:17.5063930Z   reading manifest template 'MANIFEST.in'
2022-12-27T11:30:17.5862930Z   adding license file 'LICENSES.txt'
2022-12-27T11:30:17.5921990Z   writing manifest file '/private/var/folders/51/hd414ycd67n82196sw51xqtc0000gn/T/pip-pip-egg-info-y73krss2/lxml.egg-info/SOURCES.txt'
2022-12-27T11:30:17.6183800Z   Preparing metadata (setup.py): finished with status 'done'
2022-12-27T11:30:17.6206090Z   Source in /Users/runner/actions-runner/_work/python.build/python.build/build_lxml22beta1310/lxml-2.2beta1 has version 2.2b1, which satisfies requirement lxml==2.2b1 from file:///Users/runner/actions-runner/_work/python.build/python.build/build_lxml22beta1310/lxml-2.2beta1
2022-12-27T11:30:17.6209210Z   Removed lxml==2.2b1 from file:///Users/runner/actions-runner/_work/python.build/python.build/build_lxml22beta1310/lxml-2.2beta1 from build tracker '/private/var/folders/51/hd414ycd67n82196sw51xqtc0000gn/T/pip-build-tracker-onqv3y9q'
2022-12-27T11:30:17.6225290Z Created temporary directory: /private/var/folders/51/hd414ycd67n82196sw51xqtc0000gn/T/pip-unpack-7fbzyaei
2022-12-27T11:30:17.6227600Z Building wheels for collected packages: lxml
2022-12-27T11:30:17.6234810Z   Created temporary directory: /private/var/folders/51/hd414ycd67n82196sw51xqtc0000gn/T/pip-wheel-y5j3jvip
2022-12-27T11:30:17.6236560Z   Building wheel for lxml (setup.py): started
2022-12-27T11:30:17.6238460Z   Destination directory: /private/var/folders/51/hd414ycd67n82196sw51xqtc0000gn/T/pip-wheel-y5j3jvip
2022-12-27T11:30:17.6240020Z   Running command python setup.py bdist_wheel
2022-12-27T11:30:17.8574710Z   Building lxml version 2.2.beta1.
2022-12-27T11:30:17.8576130Z   Building with Cython 0.29.32.
2022-12-27T11:30:17.8703370Z   Using build configuration of libxslt 1.1.29
2022-12-27T11:30:17.9639710Z   Building against libxml2/libxslt in the following directory: /Library/Developer/CommandLineTools/SDKs/MacOSX12.1.sdk/usr/lib
2022-12-27T11:30:17.9731680Z   /private/var/folders/51/hd414ycd67n82196sw51xqtc0000gn/T/cibw-run-hjacvhl2/cp310-macosx_arm64/build/venv/lib/python3.10/site-packages/setuptools/dist.py:529: UserWarning: Normalizing '2.2beta1' to '2.2b1'
2022-12-27T11:30:17.9732940Z     warnings.warn(tmpl.format(**locals()))
2022-12-27T11:30:17.9856470Z   running bdist_wheel
2022-12-27T11:30:17.9895260Z   running build
2022-12-27T11:30:17.9897410Z   running build_py
2022-12-27T11:30:17.9921290Z   creating build
2022-12-27T11:30:17.9923600Z   creating build/lib.macosx-11.0-arm64-cpython-310
2022-12-27T11:30:17.9925470Z   creating build/lib.macosx-11.0-arm64-cpython-310/lxml
2022-12-27T11:30:17.9927350Z   copying src/lxml/_elementpath.py -> build/lib.macosx-11.0-arm64-cpython-310/lxml
2022-12-27T11:30:17.9928910Z   copying src/lxml/sax.py -> build/lib.macosx-11.0-arm64-cpython-310/lxml
2022-12-27T11:30:17.9931910Z   copying src/lxml/pyclasslookup.py -> build/lib.macosx-11.0-arm64-cpython-310/lxml
2022-12-27T11:30:17.9933770Z   copying src/lxml/__init__.py -> build/lib.macosx-11.0-arm64-cpython-310/lxml
2022-12-27T11:30:17.9937090Z   copying src/lxml/builder.py -> build/lib.macosx-11.0-arm64-cpython-310/lxml
2022-12-27T11:30:17.9939480Z   copying src/lxml/doctestcompare.py -> build/lib.macosx-11.0-arm64-cpython-310/lxml
2022-12-27T11:30:17.9941720Z   copying src/lxml/usedoctest.py -> build/lib.macosx-11.0-arm64-cpython-310/lxml
2022-12-27T11:30:17.9944520Z   copying src/lxml/cssselect.py -> build/lib.macosx-11.0-arm64-cpython-310/lxml
2022-12-27T11:30:17.9947460Z   copying src/lxml/ElementInclude.py -> build/lib.macosx-11.0-arm64-cpython-310/lxml
2022-12-27T11:30:17.9955520Z   creating build/lib.macosx-11.0-arm64-cpython-310/lxml/html
2022-12-27T11:30:17.9957320Z   copying src/lxml/html/soupparser.py -> build/lib.macosx-11.0-arm64-cpython-310/lxml/html
2022-12-27T11:30:17.9960360Z   copying src/lxml/html/defs.py -> build/lib.macosx-11.0-arm64-cpython-310/lxml/html
2022-12-27T11:30:17.9963200Z   copying src/lxml/html/_setmixin.py -> build/lib.macosx-11.0-arm64-cpython-310/lxml/html
2022-12-27T11:30:17.9965970Z   copying src/lxml/html/clean.py -> build/lib.macosx-11.0-arm64-cpython-310/lxml/html
2022-12-27T11:30:17.9969300Z   copying src/lxml/html/_diffcommand.py -> build/lib.macosx-11.0-arm64-cpython-310/lxml/html
2022-12-27T11:30:17.9971830Z   copying src/lxml/html/html5parser.py -> build/lib.macosx-11.0-arm64-cpython-310/lxml/html
2022-12-27T11:30:17.9974860Z   copying src/lxml/html/__init__.py -> build/lib.macosx-11.0-arm64-cpython-310/lxml/html
2022-12-27T11:30:17.9978900Z   copying src/lxml/html/formfill.py -> build/lib.macosx-11.0-arm64-cpython-310/lxml/html
2022-12-27T11:30:17.9981670Z   copying src/lxml/html/builder.py -> build/lib.macosx-11.0-arm64-cpython-310/lxml/html
2022-12-27T11:30:17.9984380Z   copying src/lxml/html/ElementSoup.py -> build/lib.macosx-11.0-arm64-cpython-310/lxml/html
2022-12-27T11:30:17.9987120Z   copying src/lxml/html/_html5builder.py -> build/lib.macosx-11.0-arm64-cpython-310/lxml/html
2022-12-27T11:30:17.9989990Z   copying src/lxml/html/usedoctest.py -> build/lib.macosx-11.0-arm64-cpython-310/lxml/html
2022-12-27T11:30:17.9992770Z   copying src/lxml/html/diff.py -> build/lib.macosx-11.0-arm64-cpython-310/lxml/html
2022-12-27T11:30:17.9996260Z   copying src/lxml/html/_dictmixin.py -> build/lib.macosx-11.0-arm64-cpython-310/lxml/html
2022-12-27T11:30:18.0008090Z   running build_ext
2022-12-27T11:30:18.0139920Z   skipping 'src/lxml/lxml.etree.c' Cython extension (up-to-date)
2022-12-27T11:30:18.0143330Z   skipping 'src/lxml/lxml.objectify.c' Cython extension (up-to-date)
2022-12-27T11:30:18.0145570Z   building 'lxml.etree' extension
2022-12-27T11:30:18.0147040Z   creating build/temp.macosx-11.0-arm64-cpython-310
2022-12-27T11:30:18.0148310Z   creating build/temp.macosx-11.0-arm64-cpython-310/src
2022-12-27T11:30:18.0149690Z   creating build/temp.macosx-11.0-arm64-cpython-310/src/lxml
2022-12-27T11:30:18.0152340Z   clang -Wno-unused-result -Wsign-compare -Wunreachable-code -fno-common -dynamic -DNDEBUG -g -fwrapv -O3 -Wall -g -I/usr/local/opt/openssl@3/include -I/usr/local/opt/openssl@3/include -arch arm64 -I/Library/Developer/CommandLineTools/SDKs/MacOSX12.1.sdk/usr/include -I/private/var/folders/51/hd414ycd67n82196sw51xqtc0000gn/T/cibw-run-hjacvhl2/cp310-macosx_arm64/build/venv/include -I/Library/Frameworks/Python.framework/Versions/3.10/include/python3.10 -c src/lxml/lxml.etree.c -o build/temp.macosx-11.0-arm64-cpython-310/src/lxml/lxml.etree.o -w -flat_namespace
2022-12-27T11:30:18.4505740Z   src/lxml/lxml.etree.c:114072:5: error: expression is not assignable
2022-12-27T11:30:18.4507110Z       ++Py_REFCNT(o);
2022-12-27T11:30:18.4508850Z       ^ ~~~~~~~~~~~~
2022-12-27T11:30:18.4510850Z   src/lxml/lxml.etree.c:114075:5: error: expression is not assignable
2022-12-27T11:30:18.4512600Z       --Py_REFCNT(o);
2022-12-27T11:30:18.4513870Z       ^ ~~~~~~~~~~~~
2022-12-27T11:30:18.4515310Z   src/lxml/lxml.etree.c:114269:5: error: expression is not assignable
2022-12-27T11:30:18.4516740Z       ++Py_REFCNT(o);
2022-12-27T11:30:18.4517990Z       ^ ~~~~~~~~~~~~
2022-12-27T11:30:18.4519340Z   src/lxml/lxml.etree.c:114272:5: error: expression is not assignable
2022-12-27T11:30:18.4520780Z       --Py_REFCNT(o);
2022-12-27T11:30:18.4522230Z       ^ ~~~~~~~~~~~~
2022-12-27T11:30:18.4727330Z   src/lxml/lxml.etree.c:123394:5: error: expression is not assignable
2022-12-27T11:30:18.4729200Z       ++Py_REFCNT(o);
2022-12-27T11:30:18.4730850Z       ^ ~~~~~~~~~~~~
2022-12-27T11:30:18.4732600Z   src/lxml/lxml.etree.c:123397:5: error: expression is not assignable
2022-12-27T11:30:18.4734150Z       --Py_REFCNT(o);
2022-12-27T11:30:18.4735490Z       ^ ~~~~~~~~~~~~
2022-12-27T11:30:18.4741730Z   src/lxml/lxml.etree.c:123959:5: error: expression is not assignable
2022-12-27T11:30:18.4743120Z       ++Py_REFCNT(o);
2022-12-27T11:30:18.4744410Z       ^ ~~~~~~~~~~~~
2022-12-27T11:30:18.4745960Z   src/lxml/lxml.etree.c:123962:5: error: expression is not assignable
2022-12-27T11:30:18.4747210Z       --Py_REFCNT(o);
2022-12-27T11:30:18.4748610Z       ^ ~~~~~~~~~~~~
2022-12-27T11:30:18.4752040Z   src/lxml/lxml.etree.c:124338:5: error: expression is not assignable
2022-12-27T11:30:18.4753500Z       ++Py_REFCNT(o);
2022-12-27T11:30:18.4754840Z       ^ ~~~~~~~~~~~~
2022-12-27T11:30:18.4756240Z   src/lxml/lxml.etree.c:124341:5: error: expression is not assignable
2022-12-27T11:30:18.4757660Z       --Py_REFCNT(o);
2022-12-27T11:30:18.4758880Z       ^ ~~~~~~~~~~~~
2022-12-27T11:30:18.4760610Z   src/lxml/lxml.etree.c:124511:5: error: expression is not assignable
2022-12-27T11:30:18.4761740Z       ++Py_REFCNT(o);
2022-12-27T11:30:18.4763360Z       ^ ~~~~~~~~~~~~
2022-12-27T11:30:18.4764470Z   src/lxml/lxml.etree.c:124514:5: error: expression is not assignable
2022-12-27T11:30:18.4765790Z       --Py_REFCNT(o);
2022-12-27T11:30:18.4767120Z       ^ ~~~~~~~~~~~~
2022-12-27T11:30:18.4858550Z   src/lxml/lxml.etree.c:128311:5: error: expression is not assignable
2022-12-27T11:30:18.4860290Z       ++Py_REFCNT(o);
2022-12-27T11:30:18.4861870Z       ^ ~~~~~~~~~~~~
2022-12-27T11:30:18.4863650Z   src/lxml/lxml.etree.c:128314:5: error: expression is not assignable
2022-12-27T11:30:18.4865050Z       --Py_REFCNT(o);
2022-12-27T11:30:18.4866400Z       ^ ~~~~~~~~~~~~
2022-12-27T11:30:18.4872530Z   src/lxml/lxml.etree.c:128861:5: error: expression is not assignable
2022-12-27T11:30:18.4874000Z       ++Py_REFCNT(o);
2022-12-27T11:30:18.4934520Z       ^ ~~~~~~~~~~~~
2022-12-27T11:30:18.4935490Z   src/lxml/lxml.etree.c:128864:5: error: expression is not assignable
2022-12-27T11:30:18.4936010Z       --Py_REFCNT(o);
2022-12-27T11:30:18.4936400Z       ^ ~~~~~~~~~~~~
2022-12-27T11:30:18.4936770Z   src/lxml/lxml.etree.c:129397:5: error: expression is not assignable
2022-12-27T11:30:18.4937140Z       ++Py_REFCNT(o);
2022-12-27T11:30:18.4937360Z       ^ ~~~~~~~~~~~~
2022-12-27T11:30:18.4937660Z   src/lxml/lxml.etree.c:129400:5: error: expression is not assignable
2022-12-27T11:30:18.4938100Z       --Py_REFCNT(o);
2022-12-27T11:30:18.4938400Z       ^ ~~~~~~~~~~~~
2022-12-27T11:30:18.4938720Z   src/lxml/lxml.etree.c:129772:5: error: expression is not assignable
2022-12-27T11:30:18.4939100Z       ++Py_REFCNT(o);
2022-12-27T11:30:18.4939390Z       ^ ~~~~~~~~~~~~
2022-12-27T11:30:18.4939890Z   fatal error: too many errors emitted, stopping now [-ferror-limit=]
2022-12-27T11:30:18.5301940Z   20 errors generated.
2022-12-27T11:30:18.5337290Z   error: command '/usr/bin/clang' failed with exit code 1
2022-12-27T11:30:18.5679900Z   error: subprocess-exited-with-error
2022-12-27T11:30:18.5680280Z   
2022-12-27T11:30:18.5680840Z   Ã— python setup.py bdist_wheel did not run successfully.
2022-12-27T11:30:18.5681210Z   â”‚ exit code: 1
2022-12-27T11:30:18.5681450Z   â•°â”€> See above for output.
2022-12-27T11:30:18.5682160Z   
2022-12-27T11:30:18.5682450Z   note: This error originates from a subprocess, and is likely not a problem with pip.
2022-12-27T11:30:18.5688300Z   full command: /private/var/folders/51/hd414ycd67n82196sw51xqtc0000gn/T/cibw-run-hjacvhl2/cp310-macosx_arm64/build/venv/bin/python -u -c '
2022-12-27T11:30:18.5688790Z   exec(compile('"'"''"'"''"'"'
2022-12-27T11:30:18.5689230Z   # This is <pip-setuptools-caller> -- a caller that pip uses to run setup.py
2022-12-27T11:30:18.5689570Z   #
2022-12-27T11:30:18.5690000Z   # - It imports setuptools before invoking setup.py, to enable projects that directly
2022-12-27T11:30:18.5690390Z   #   import from `distutils.core` to work with newer packaging standards.
2022-12-27T11:30:18.5690990Z   # - It provides a clear error message when setuptools is not installed.
2022-12-27T11:30:18.5691540Z   # - It sets `sys.argv[0]` to the underlying `setup.py`, when invoking `setup.py` so
2022-12-27T11:30:18.5692180Z   #   setuptools doesn'"'"'t think the script is `-c`. This avoids the following warning:
2022-12-27T11:30:18.5692680Z   #     manifest_maker: standard file '"'"'-c'"'"' not found".
2022-12-27T11:30:18.5693150Z   # - It generates a shim setup.py, for handling setup.cfg-only projects.
2022-12-27T11:30:18.5693500Z   import os, sys, tokenize
2022-12-27T11:30:18.5693700Z   
2022-12-27T11:30:18.5693930Z   try:
2022-12-27T11:30:18.5694160Z       import setuptools
2022-12-27T11:30:18.5694400Z   except ImportError as error:
2022-12-27T11:30:18.5694660Z       print(
2022-12-27T11:30:18.5695150Z           "ERROR: Can not execute `setup.py` since setuptools is not available in "
2022-12-27T11:30:18.5695440Z           "the build environment.",
2022-12-27T11:30:18.5695720Z           file=sys.stderr,
2022-12-27T11:30:18.5695960Z       )
2022-12-27T11:30:18.5696230Z       sys.exit(1)
2022-12-27T11:30:18.5696630Z   
2022-12-27T11:30:18.5697220Z   __file__ = %r
2022-12-27T11:30:18.5697520Z   sys.argv[0] = __file__
2022-12-27T11:30:18.5697720Z   
2022-12-27T11:30:18.5697980Z   if os.path.exists(__file__):
2022-12-27T11:30:18.5698250Z       filename = __file__
2022-12-27T11:30:18.5698500Z       with tokenize.open(__file__) as f:
2022-12-27T11:30:18.5698760Z           setup_py_code = f.read()
2022-12-27T11:30:18.5699000Z   else:
2022-12-27T11:30:18.5699370Z       filename = "<auto-generated setuptools caller>"
2022-12-27T11:30:18.5699730Z       setup_py_code = "from setuptools import setup; setup()"
2022-12-27T11:30:18.5699980Z   
2022-12-27T11:30:18.5700190Z   exec(compile(setup_py_code, filename, "exec"))
2022-12-27T11:30:18.5700960Z   '"'"''"'"''"'"' % ('"'"'/Users/runner/actions-runner/_work/python.build/python.build/build_lxml22beta1310/lxml-2.2beta1/setup.py'"'"',), "<pip-setuptools-caller>", "exec"))' bdist_wheel -d /private/var/folders/51/hd414ycd67n82196sw51xqtc0000gn/T/pip-wheel-y5j3jvip
2022-12-27T11:30:18.5701710Z   cwd: /Users/runner/actions-runner/_work/python.build/python.build/build_lxml22beta1310/lxml-2.2beta1/
2022-12-27T11:30:18.5702230Z   Building wheel for lxml (setup.py): finished with status 'error'
2022-12-27T11:30:18.5702530Z   ERROR: Failed building wheel for lxml
2022-12-27T11:30:18.5702830Z   Running command python setup.py clean
2022-12-27T11:30:18.5703120Z   Running setup.py clean for lxml
2022-12-27T11:30:18.8014950Z   Building lxml version 2.2.beta1.
2022-12-27T11:30:18.8017540Z   Building with Cython 0.29.32.
2022-12-27T11:30:18.8147990Z   Using build configuration of libxslt 1.1.29
2022-12-27T11:30:18.9080710Z   Building against libxml2/libxslt in the following directory: /Library/Developer/CommandLineTools/SDKs/MacOSX12.1.sdk/usr/lib
2022-12-27T11:30:18.9175470Z   /private/var/folders/51/hd414ycd67n82196sw51xqtc0000gn/T/cibw-run-hjacvhl2/cp310-macosx_arm64/build/venv/lib/python3.10/site-packages/setuptools/dist.py:529: UserWarning: Normalizing '2.2beta1' to '2.2b1'
2022-12-27T11:30:18.9176900Z     warnings.warn(tmpl.format(**locals()))
2022-12-27T11:30:18.9208930Z   running clean
2022-12-27T11:30:18.9233100Z   removing 'build/temp.macosx-11.0-arm64-cpython-310' (and everything under it)
2022-12-27T11:30:18.9237130Z   removing 'build/lib.macosx-11.0-arm64-cpython-310' (and everything under it)
2022-12-27T11:30:18.9258030Z   'build/bdist.macosx-11.0-arm64' does not exist -- can't clean it
2022-12-27T11:30:18.9259910Z   'build/scripts-3.10' does not exist -- can't clean it
2022-12-27T11:30:18.9261470Z   removing 'build'
2022-12-27T11:30:18.9505900Z Failed to build lxml
2022-12-27T11:30:18.9510050Z ERROR: Failed to build one or more wheels
2022-12-27T11:30:18.9519500Z Exception information:
2022-12-27T11:30:18.9519720Z Traceback (most recent call last):
2022-12-27T11:30:18.9528290Z   File "/private/var/folders/51/hd414ycd67n82196sw51xqtc0000gn/T/cibw-run-hjacvhl2/cp310-macosx_arm64/build/venv/lib/python3.10/site-packages/pip/_internal/cli/base_command.py", line 160, in exc_logging_wrapper
2022-12-27T11:30:18.9528750Z     status = run_func(*args)
2022-12-27T11:30:18.9529430Z   File "/private/var/folders/51/hd414ycd67n82196sw51xqtc0000gn/T/cibw-run-hjacvhl2/cp310-macosx_arm64/build/venv/lib/python3.10/site-packages/pip/_internal/cli/req_command.py", line 247, in wrapper
2022-12-27T11:30:18.9529860Z     return func(self, options, args)
2022-12-27T11:30:18.9530400Z   File "/private/var/folders/51/hd414ycd67n82196sw51xqtc0000gn/T/cibw-run-hjacvhl2/cp310-macosx_arm64/build/venv/lib/python3.10/site-packages/pip/_internal/commands/wheel.py", line 201, in run
2022-12-27T11:30:18.9530790Z     raise CommandError("Failed to build one or more wheels")
2022-12-27T11:30:18.9531060Z pip._internal.exceptions.CommandError: Failed to build one or more wheels
2022-12-27T11:30:18.9531510Z Removed build tracker: '/private/var/folders/51/hd414ycd67n82196sw51xqtc0000gn/T/pip-build-tracker-onqv3y9q'
2022-12-27T11:30:18.9908450Z ##[endgroup]
2022-12-27T11:30:18.9930780Z ##[error]Command ['python', '-m', 'pip', 'wheel', '/Users/runner/actions-runner/_work/python.build/python.build/build_lxml22beta1310/lxml-2.2beta1', '--wheel-dir=/private/var/folders/51/hd414ycd67n82196sw51xqtc0000gn/T/cibw-run-hjacvhl2/cp310-macosx_arm64/built_wheel', '--no-deps', '-vvv'] failed with code 1. None
2022-12-27T11:30:18.9936980Z 
2022-12-27T11:30:18.9937300Z                                                               [31mâœ• [0m2.12s
2022-12-27T11:30:19.0370200Z ##[error]Process completed with exit code 1.
2022-12-27T11:30:19.0404260Z ##[group]Run rm -rf build_lxml22beta1310 wheelsout
2022-12-27T11:30:19.0404530Z [36;1mrm -rf build_lxml22beta1310 wheelsout[0m
2022-12-27T11:30:19.0420660Z shell: /bin/bash -e {0}
2022-12-27T11:30:19.0420840Z env:
2022-12-27T11:30:19.0421050Z   pythonLocation: /Users/runner/hostedtoolcache/Python/3.10.9/x64
2022-12-27T11:30:19.0421280Z   PKG_CONFIG_PATH: /Users/runner/hostedtoolcache/Python/3.10.9/x64/lib/pkgconfig
2022-12-27T11:30:19.0421520Z   Python_ROOT_DIR: /Users/runner/hostedtoolcache/Python/3.10.9/x64
2022-12-27T11:30:19.0421720Z   Python2_ROOT_DIR: /Users/runner/hostedtoolcache/Python/3.10.9/x64
2022-12-27T11:30:19.0421950Z   Python3_ROOT_DIR: /Users/runner/hostedtoolcache/Python/3.10.9/x64
2022-12-27T11:30:19.0422100Z ##[endgroup]
2022-12-27T11:30:19.0948210Z Cleaning up orphan processes
