2022-12-27T08:46:14.1958383Z Requested labels: self-hosted, macOS, X64
2022-12-27T08:46:14.1958464Z Job defined at: kilnbuild/python.build/.github/workflows/mac_arm_build.yml@refs/heads/main
2022-12-27T08:46:14.1958492Z Waiting for a runner to pick up this job...
2022-12-27T11:05:55.4038860Z Job is about to start running on the runner: k1 (organization)
2022-12-27T11:05:59.6473740Z Current runner version: '2.300.2'
2022-12-27T11:05:59.6478350Z Runner name: 'k1'
2022-12-27T11:05:59.6478630Z Runner group name: 'Default'
2022-12-27T11:05:59.6479090Z Machine name: 'k1'
2022-12-27T11:05:59.6480570Z ##[group]GITHUB_TOKEN Permissions
2022-12-27T11:05:59.6480960Z Actions: write
2022-12-27T11:05:59.6481100Z Checks: write
2022-12-27T11:05:59.6481230Z Contents: write
2022-12-27T11:05:59.6481360Z Deployments: write
2022-12-27T11:05:59.6481510Z Discussions: write
2022-12-27T11:05:59.6481630Z Issues: write
2022-12-27T11:05:59.6481760Z Metadata: read
2022-12-27T11:05:59.6481880Z Packages: write
2022-12-27T11:05:59.6482020Z Pages: write
2022-12-27T11:05:59.6482150Z PullRequests: write
2022-12-27T11:05:59.6482300Z RepositoryProjects: write
2022-12-27T11:05:59.6482460Z SecurityEvents: write
2022-12-27T11:05:59.6482590Z Statuses: write
2022-12-27T11:05:59.6482720Z ##[endgroup]
2022-12-27T11:05:59.6485070Z Secret source: Actions
2022-12-27T11:05:59.6485360Z Prepare workflow directory
2022-12-27T11:05:59.7153600Z Prepare all required actions
2022-12-27T11:05:59.7279590Z Getting action download info
2022-12-27T11:06:00.1546420Z Download action repository 'actions/setup-python@v4' (SHA:5ccb29d8773c3f3f653e1705f474dfaa8a06a912)
2022-12-27T11:06:01.9168690Z Download action repository 'actions/upload-artifact@v3' (SHA:83fd05a356d7e2593de66fc9913b3002723633cb)
2022-12-27T11:06:03.2658760Z ##[group]Run echo '{
2022-12-27T11:06:03.2659040Z [36;1mecho '{[0m
2022-12-27T11:06:03.2659240Z [36;1m  "package_name": "lxml",[0m
2022-12-27T11:06:03.2659530Z [36;1m  "package_url": "https://files.pythonhosted.org/packages/39/af/e517a56b6f27a0fc8065fe5df38988d039d7892cca5fdb25248291e33d41/lxml-2.0alpha1.tar.gz",[0m
2022-12-27T11:06:03.2659770Z [36;1m  "package_version": "2.0alpha1",[0m
2022-12-27T11:06:03.2659980Z [36;1m  "python_version": "3.11",[0m
2022-12-27T11:06:03.2660150Z [36;1m  "use_ccache": "true"[0m
2022-12-27T11:06:03.2660280Z [36;1m}'[0m
2022-12-27T11:06:03.2675910Z shell: /bin/bash -e {0}
2022-12-27T11:06:03.2676120Z ##[endgroup]
2022-12-27T11:06:03.2897940Z {
2022-12-27T11:06:03.2899350Z   "package_name": "lxml",
2022-12-27T11:06:03.2900000Z   "package_url": "https://files.pythonhosted.org/packages/39/af/e517a56b6f27a0fc8065fe5df38988d039d7892cca5fdb25248291e33d41/lxml-2.0alpha1.tar.gz",
2022-12-27T11:06:03.2900290Z   "package_version": "2.0alpha1",
2022-12-27T11:06:03.2900590Z   "python_version": "3.11",
2022-12-27T11:06:03.2900740Z   "use_ccache": "true"
2022-12-27T11:06:03.2900900Z }
2022-12-27T11:06:03.3108660Z ##[group]Run actions/setup-python@v4
2022-12-27T11:06:03.3108900Z with:
2022-12-27T11:06:03.3109070Z   python-version: 3.11
2022-12-27T11:06:03.3109250Z   check-latest: false
2022-12-27T11:06:03.3109570Z   token: ***
2022-12-27T11:06:03.3109750Z   update-environment: true
2022-12-27T11:06:03.3109920Z ##[endgroup]
2022-12-27T11:06:03.4329200Z ##[group]Installed versions
2022-12-27T11:06:03.4431160Z Successfully set up CPython (3.11.1)
2022-12-27T11:06:03.4432350Z ##[endgroup]
2022-12-27T11:06:03.4582620Z ##[group]Run if [ "true" == "true" ]
2022-12-27T11:06:03.4582990Z [36;1mif [ "true" == "true" ][0m
2022-12-27T11:06:03.4583180Z [36;1mthen[0m
2022-12-27T11:06:03.4583380Z [36;1m  echo "CCACHE_PATH_PREPEND=/usr/local/opt/ccache/libexec" >> $GITHUB_OUTPUT[0m
2022-12-27T11:06:03.4583690Z [36;1melse[0m
2022-12-27T11:06:03.4583980Z [36;1m  echo "CCACHE_PATH_PREPEND=" >> $GITHUB_OUTPUT[0m
2022-12-27T11:06:03.4584200Z [36;1mfi[0m
2022-12-27T11:06:03.4602240Z shell: /bin/bash -e {0}
2022-12-27T11:06:03.4602440Z env:
2022-12-27T11:06:03.4602660Z   pythonLocation: /Users/runner/hostedtoolcache/Python/3.11.1/x64
2022-12-27T11:06:03.4602910Z   PKG_CONFIG_PATH: /Users/runner/hostedtoolcache/Python/3.11.1/x64/lib/pkgconfig
2022-12-27T11:06:03.4603170Z   Python_ROOT_DIR: /Users/runner/hostedtoolcache/Python/3.11.1/x64
2022-12-27T11:06:03.4603470Z   Python2_ROOT_DIR: /Users/runner/hostedtoolcache/Python/3.11.1/x64
2022-12-27T11:06:03.4603750Z   Python3_ROOT_DIR: /Users/runner/hostedtoolcache/Python/3.11.1/x64
2022-12-27T11:06:03.4604500Z ##[endgroup]
2022-12-27T11:06:03.4715890Z ##[group]Run echo "BUILD_NAME=$(echo lxml_2.0alpha1_3.11 | tr -dc '[:alnum:]\n\r' | tr '[:upper:]' '[:lower:]')" >> $GITHUB_OUTPUT
2022-12-27T11:06:03.4716260Z [36;1mecho "BUILD_NAME=$(echo lxml_2.0alpha1_3.11 | tr -dc '[:alnum:]\n\r' | tr '[:upper:]' '[:lower:]')" >> $GITHUB_OUTPUT[0m
2022-12-27T11:06:03.4730830Z shell: /bin/bash -e {0}
2022-12-27T11:06:03.4731020Z env:
2022-12-27T11:06:03.4731250Z   pythonLocation: /Users/runner/hostedtoolcache/Python/3.11.1/x64
2022-12-27T11:06:03.4731580Z   PKG_CONFIG_PATH: /Users/runner/hostedtoolcache/Python/3.11.1/x64/lib/pkgconfig
2022-12-27T11:06:03.4731800Z   Python_ROOT_DIR: /Users/runner/hostedtoolcache/Python/3.11.1/x64
2022-12-27T11:06:03.4732080Z   Python2_ROOT_DIR: /Users/runner/hostedtoolcache/Python/3.11.1/x64
2022-12-27T11:06:03.4732700Z   Python3_ROOT_DIR: /Users/runner/hostedtoolcache/Python/3.11.1/x64
2022-12-27T11:06:03.4732910Z ##[endgroup]
2022-12-27T11:06:03.4890120Z ##[group]Run echo "PYTHON_NO_DOTS=$(echo 3.11 | tr -dc '[:alnum:]\n\r' | tr '[:upper:]' '[:lower:]')" >> $GITHUB_OUTPUT
2022-12-27T11:06:03.4890560Z [36;1mecho "PYTHON_NO_DOTS=$(echo 3.11 | tr -dc '[:alnum:]\n\r' | tr '[:upper:]' '[:lower:]')" >> $GITHUB_OUTPUT[0m
2022-12-27T11:06:03.4905730Z shell: /bin/bash -e {0}
2022-12-27T11:06:03.4905880Z env:
2022-12-27T11:06:03.4906080Z   pythonLocation: /Users/runner/hostedtoolcache/Python/3.11.1/x64
2022-12-27T11:06:03.4906340Z   PKG_CONFIG_PATH: /Users/runner/hostedtoolcache/Python/3.11.1/x64/lib/pkgconfig
2022-12-27T11:06:03.4906550Z   Python_ROOT_DIR: /Users/runner/hostedtoolcache/Python/3.11.1/x64
2022-12-27T11:06:03.4906810Z   Python2_ROOT_DIR: /Users/runner/hostedtoolcache/Python/3.11.1/x64
2022-12-27T11:06:03.4907030Z   Python3_ROOT_DIR: /Users/runner/hostedtoolcache/Python/3.11.1/x64
2022-12-27T11:06:03.4907230Z ##[endgroup]
2022-12-27T11:06:03.5032110Z ##[group]Run rm -rf build_lxml20alpha1311
2022-12-27T11:06:03.5032510Z [36;1mrm -rf build_lxml20alpha1311[0m
2022-12-27T11:06:03.5032740Z [36;1mmkdir build_lxml20alpha1311[0m
2022-12-27T11:06:03.5032900Z [36;1mcd build_lxml20alpha1311[0m
2022-12-27T11:06:03.5033200Z [36;1m/usr/local/bin/wget --quiet https://files.pythonhosted.org/packages/39/af/e517a56b6f27a0fc8065fe5df38988d039d7892cca5fdb25248291e33d41/lxml-2.0alpha1.tar.gz[0m
2022-12-27T11:06:03.5033460Z [36;1mtar xf *.tar.gz[0m
2022-12-27T11:06:03.5033630Z [36;1mcd *[0m
2022-12-27T11:06:03.5033800Z [36;1mpython -m pip install cibuildwheel==2.11.3[0m
2022-12-27T11:06:03.5034020Z [36;1mpython -m cibuildwheel --output-dir ../wheelsout[0m
2022-12-27T11:06:03.5048950Z shell: /bin/bash -e {0}
2022-12-27T11:06:03.5049100Z env:
2022-12-27T11:06:03.5049300Z   pythonLocation: /Users/runner/hostedtoolcache/Python/3.11.1/x64
2022-12-27T11:06:03.5049600Z   PKG_CONFIG_PATH: /Users/runner/hostedtoolcache/Python/3.11.1/x64/lib/pkgconfig
2022-12-27T11:06:03.5049820Z   Python_ROOT_DIR: /Users/runner/hostedtoolcache/Python/3.11.1/x64
2022-12-27T11:06:03.5050090Z   Python2_ROOT_DIR: /Users/runner/hostedtoolcache/Python/3.11.1/x64
2022-12-27T11:06:03.5050320Z   Python3_ROOT_DIR: /Users/runner/hostedtoolcache/Python/3.11.1/x64
2022-12-27T11:06:03.5050490Z   CIBW_ARCHS_MACOS: arm64
2022-12-27T11:06:03.5050660Z   CIBW_TEST_SKIP: *_arm64
2022-12-27T11:06:03.5050880Z   CIBW_BUILD: cp311-macosx_arm64
2022-12-27T11:06:03.5051050Z   CIBW_BUILD_FRONTEND: pip
2022-12-27T11:06:03.5051190Z   CIBW_BUILD_VERBOSITY: 3
2022-12-27T11:06:03.5051510Z   CIBW_ENVIRONMENT_MACOS:  CFLAGS="-I/usr/local/opt/openssl@3/include" LDFLAGS="-L/usr/local/opt/openssl@3/lib" CPPFLAGS="-I/usr/local/opt/openssl@3/include" MAKEFLAGS="-j$(sysctl -n hw.logicalcpu)" PATH=/usr/local/opt/ccache/libexec:$PATH
2022-12-27T11:06:03.5051880Z   CIBW_BEFORE_BUILD: pip install Cython; if [[ -f requirements.txt ]]; then pip install -r requirements.txt; fi
2022-12-27T11:06:03.5052150Z   MAKEFLAGS: -j$(sysctl -n hw.logicalcpu)
2022-12-27T11:06:03.5052300Z ##[endgroup]
2022-12-27T11:06:03.9378010Z Requirement already satisfied: cibuildwheel==2.11.3 in /Library/Frameworks/Python.framework/Versions/3.11/lib/python3.11/site-packages (2.11.3)
2022-12-27T11:06:03.9681480Z Requirement already satisfied: bashlex!=0.13 in /Library/Frameworks/Python.framework/Versions/3.11/lib/python3.11/site-packages (from cibuildwheel==2.11.3) (0.16)
2022-12-27T11:06:03.9687170Z Requirement already satisfied: bracex in /Library/Frameworks/Python.framework/Versions/3.11/lib/python3.11/site-packages (from cibuildwheel==2.11.3) (2.3.post1)
2022-12-27T11:06:03.9693150Z Requirement already satisfied: certifi in /Library/Frameworks/Python.framework/Versions/3.11/lib/python3.11/site-packages (from cibuildwheel==2.11.3) (2022.12.7)
2022-12-27T11:06:03.9699220Z Requirement already satisfied: filelock in /Library/Frameworks/Python.framework/Versions/3.11/lib/python3.11/site-packages (from cibuildwheel==2.11.3) (3.8.2)
2022-12-27T11:06:03.9707690Z Requirement already satisfied: packaging>=20.9 in /Library/Frameworks/Python.framework/Versions/3.11/lib/python3.11/site-packages (from cibuildwheel==2.11.3) (22.0)
2022-12-27T11:06:03.9715180Z Requirement already satisfied: platformdirs in /Library/Frameworks/Python.framework/Versions/3.11/lib/python3.11/site-packages (from cibuildwheel==2.11.3) (2.6.0)
2022-12-27T11:06:04.1937480Z 
2022-12-27T11:06:04.1938140Z      _ _       _ _   _       _           _
2022-12-27T11:06:04.1938970Z  ___|_| |_ _ _|_| |_| |_ _ _| |_ ___ ___| |
2022-12-27T11:06:04.1939800Z |  _| | . | | | | | . | | | |   | -_| -_| |
2022-12-27T11:06:04.1940070Z |___|_|___|___|_|_|___|_____|_|_|___|___|_|
2022-12-27T11:06:04.1940230Z 
2022-12-27T11:06:04.1940370Z cibuildwheel version 2.11.3
2022-12-27T11:06:04.1940540Z 
2022-12-27T11:06:04.1940740Z Build options:
2022-12-27T11:06:04.1941080Z   platform: macos
2022-12-27T11:06:04.1970630Z   architectures: arm64[0m
2022-12-27T11:06:04.1970950Z   build_selector: 
2022-12-27T11:06:04.1972450Z     build_config: cp311-macosx_arm64
2022-12-27T11:06:04.1972740Z     skip_config: 
2022-12-27T11:06:04.1973160Z     requires_python: None
2022-12-27T11:06:04.1973560Z     prerelease_pythons: False[0m
2022-12-27T11:06:04.1973910Z   [38;5;244mcontainer_engine: docker[0m
2022-12-27T11:06:04.1974450Z   output_dir: /Users/runner/actions-runner/_work/python.build/python.build/build_lxml20alpha1311/wheelsout[0m
2022-12-27T11:06:04.1975150Z   package_dir: /Users/runner/actions-runner/_work/python.build/python.build/build_lxml20alpha1311/lxml-2.0alpha1[0m
2022-12-27T11:06:04.1975510Z   test_selector: 
2022-12-27T11:06:04.1975800Z     skip_config: *_arm64[0m
2022-12-27T11:06:04.1976110Z   [38;5;244mbefore_all: [0m
2022-12-27T11:06:04.1976640Z   before_build: pip install Cython; if [[ -f requirements.txt ]]; then pip install -r requirements.txt; fi[0m
2022-12-27T11:06:04.1977110Z   [38;5;244mbefore_test: [0m
2022-12-27T11:06:04.1977450Z   [38;5;244mbuild_frontend: pip[0m
2022-12-27T11:06:04.1977780Z   build_verbosity: 3[0m
2022-12-27T11:06:04.1978070Z   [38;5;244mconfig_settings: [0m
2022-12-27T11:06:04.1978430Z   [38;5;244mdependency_constraints: pinned[0m
2022-12-27T11:06:04.1978810Z   environment: 
2022-12-27T11:06:04.1979260Z     CFLAGS="-I/usr/local/opt/openssl@3/include"
2022-12-27T11:06:04.1979720Z     LDFLAGS="-L/usr/local/opt/openssl@3/lib"
2022-12-27T11:06:04.1980130Z     CPPFLAGS="-I/usr/local/opt/openssl@3/include"
2022-12-27T11:06:04.1980660Z     MAKEFLAGS="-j$(sysctl -n hw.logicalcpu)"
2022-12-27T11:06:04.1981040Z     PATH=/usr/local/opt/ccache/libexec:$PATH[0m
2022-12-27T11:06:04.1981370Z   [38;5;244mmanylinux_images: None[0m
2022-12-27T11:06:04.1981640Z   [38;5;244mmusllinux_images: None[0m
2022-12-27T11:06:04.1981990Z   [38;5;244mrepair_command: delocate-wheel --require-archs {delocate_archs} -w {dest_dir} -v {wheel}[0m
2022-12-27T11:06:04.1982380Z   [38;5;244mtest_command: [0m
2022-12-27T11:06:04.1982630Z   [38;5;244mtest_extras: [0m
2022-12-27T11:06:04.1982840Z   [38;5;244mtest_requires: [0m
2022-12-27T11:06:04.1982960Z 
2022-12-27T11:06:04.1983080Z Cache folder: /Users/runner/Library/Caches/cibuildwheel
2022-12-27T11:06:04.1984360Z 
2022-12-27T11:06:04.1984580Z Here we go!
2022-12-27T11:06:04.1984870Z 
2022-12-27T11:06:04.2094810Z 
2022-12-27T11:06:04.2095400Z [1m[34mBuilding cp311-macosx_arm64 wheel[0m
2022-12-27T11:06:04.2095810Z CPython 3.11 macOS arm64 - Apple Silicon
2022-12-27T11:06:04.2096020Z 
2022-12-27T11:06:04.2098030Z ##[group]Installing Python cp311...
2022-12-27T11:06:04.2098340Z 
2022-12-27T11:06:04.2098570Z + pkgutil --pkgs
2022-12-27T11:06:04.2203870Z ##[endgroup]
2022-12-27T11:06:04.2204600Z                                                               [32m✓ [0m0.01s
2022-12-27T11:06:04.2205060Z ##[group]Setting up build environment...
2022-12-27T11:06:04.2205200Z 
2022-12-27T11:06:04.2221320Z + /Library/Frameworks/Python.framework/Versions/3.11/bin/python -sS /Users/runner/Library/Caches/cibuildwheel/virtualenv-20.17.0.pyz --activators= --no-periodic-update --pip=22.3.1 --setuptools=65.6.3 --wheel=0.38.4 --symlink-app-data --python /Library/Frameworks/Python.framework/Versions/3.11/bin/python3 /private/var/folders/51/hd414ycd67n82196sw51xqtc0000gn/T/cibw-run-j9uaa1r_/cp311-macosx_arm64/build/venv
2022-12-27T11:06:04.4131480Z created virtual environment CPython3.11.1.final.0-64 in 54ms
2022-12-27T11:06:04.4132230Z   creator CPython3Posix(dest=/private/var/folders/51/hd414ycd67n82196sw51xqtc0000gn/T/cibw-run-j9uaa1r_/cp311-macosx_arm64/build/venv, clear=False, no_vcs_ignore=False, global=False)
2022-12-27T11:06:04.4132810Z   seeder FromAppData(download=False, pip=22.3.1, setuptools=65.6.3, wheel=0.38.4, via=symlink, app_data_dir=/Users/runner/Library/Application Support/virtualenv)
2022-12-27T11:06:04.4133340Z     added seed packages: pip==22.3.1, setuptools==65.6.3, wheel==0.38.4
2022-12-27T11:06:04.4273920Z + python -m pip install --upgrade pip -c /Library/Frameworks/Python.framework/Versions/3.11/lib/python3.11/site-packages/cibuildwheel/resources/constraints-python311.txt
2022-12-27T11:06:04.7001690Z Requirement already satisfied: pip in ./lib/python3.11/site-packages (22.3.1)
2022-12-27T11:06:04.8264820Z + which pip
2022-12-27T11:06:04.8287050Z /private/var/folders/51/hd414ycd67n82196sw51xqtc0000gn/T/cibw-run-j9uaa1r_/cp311-macosx_arm64/build/venv/bin/pip
2022-12-27T11:06:04.8290540Z + pip --version
2022-12-27T11:06:05.0232530Z pip 22.3.1 from /private/var/folders/51/hd414ycd67n82196sw51xqtc0000gn/T/cibw-run-j9uaa1r_/cp311-macosx_arm64/build/venv/lib/python3.11/site-packages/pip (python 3.11)
2022-12-27T11:06:05.0473530Z + which pip
2022-12-27T11:06:05.0498920Z + which python
2022-12-27T11:06:05.0521020Z /private/var/folders/51/hd414ycd67n82196sw51xqtc0000gn/T/cibw-run-j9uaa1r_/cp311-macosx_arm64/build/venv/bin/python
2022-12-27T11:06:05.0522960Z + python --version
2022-12-27T11:06:05.0585680Z Python 3.11.1
2022-12-27T11:06:05.0589050Z + which python
2022-12-27T11:06:05.0641100Z ##[endgroup]
2022-12-27T11:06:05.0641610Z                                                               [32m✓ [0m0.84s
2022-12-27T11:06:05.0642110Z ##[group]Installing build tools...
2022-12-27T11:06:05.0642400Z 
2022-12-27T11:06:05.0642920Z + pip install --upgrade setuptools wheel delocate -c /Library/Frameworks/Python.framework/Versions/3.11/lib/python3.11/site-packages/cibuildwheel/resources/constraints-python311.txt
2022-12-27T11:06:05.3441660Z Requirement already satisfied: setuptools in /private/var/folders/51/hd414ycd67n82196sw51xqtc0000gn/T/cibw-run-j9uaa1r_/cp311-macosx_arm64/build/venv/lib/python3.11/site-packages (65.6.3)
2022-12-27T11:06:05.5122130Z Requirement already satisfied: wheel in /private/var/folders/51/hd414ycd67n82196sw51xqtc0000gn/T/cibw-run-j9uaa1r_/cp311-macosx_arm64/build/venv/lib/python3.11/site-packages (0.38.4)
2022-12-27T11:06:05.5556160Z Collecting delocate
2022-12-27T11:06:05.5578590Z   Using cached delocate-0.10.3-py3-none-any.whl (142 kB)
2022-12-27T11:06:05.5834040Z Collecting packaging>=20.9
2022-12-27T11:06:05.5851810Z   Using cached packaging-21.3-py3-none-any.whl (40 kB)
2022-12-27T11:06:05.6005400Z Collecting typing-extensions
2022-12-27T11:06:05.6023950Z   Using cached typing_extensions-4.4.0-py3-none-any.whl (26 kB)
2022-12-27T11:06:05.6326120Z Collecting pyparsing!=3.0.5,>=2.0.2
2022-12-27T11:06:05.6345670Z   Using cached pyparsing-3.0.9-py3-none-any.whl (98 kB)
2022-12-27T11:06:05.6879600Z Installing collected packages: typing-extensions, pyparsing, packaging, delocate
2022-12-27T11:06:05.8140550Z Successfully installed delocate-0.10.3 packaging-21.3 pyparsing-3.0.9 typing-extensions-4.4.0
2022-12-27T11:06:05.8616450Z ##[endgroup]
2022-12-27T11:06:05.8617170Z                                                               [32m✓ [0m0.80s
2022-12-27T11:06:05.8617710Z ##[group]Running before_build...
2022-12-27T11:06:05.8618060Z 
2022-12-27T11:06:05.8622990Z + pip install Cython; if [[ -f requirements.txt ]]; then pip install -r requirements.txt; fi
2022-12-27T11:06:06.4460350Z Collecting Cython
2022-12-27T11:06:06.4505970Z   Using cached Cython-0.29.32-py2.py3-none-any.whl (986 kB)
2022-12-27T11:06:06.4983640Z Installing collected packages: Cython
2022-12-27T11:06:06.9213930Z Successfully installed Cython-0.29.32
2022-12-27T11:06:06.9715520Z ##[endgroup]
2022-12-27T11:06:06.9716150Z                                                               [32m✓ [0m1.11s
2022-12-27T11:06:06.9716690Z ##[group]Building wheel...
2022-12-27T11:06:06.9716870Z 
2022-12-27T11:06:06.9720200Z + python -m pip wheel /Users/runner/actions-runner/_work/python.build/python.build/build_lxml20alpha1311/lxml-2.0alpha1 --wheel-dir=/private/var/folders/51/hd414ycd67n82196sw51xqtc0000gn/T/cibw-run-j9uaa1r_/cp311-macosx_arm64/built_wheel --no-deps -vvv
2022-12-27T11:06:07.2296460Z Created temporary directory: /private/var/folders/51/hd414ycd67n82196sw51xqtc0000gn/T/pip-ephem-wheel-cache-yy5c5sev
2022-12-27T11:06:07.2300860Z Created temporary directory: /private/var/folders/51/hd414ycd67n82196sw51xqtc0000gn/T/pip-build-tracker-29btgbli
2022-12-27T11:06:07.2303400Z Initialized build tracking at /private/var/folders/51/hd414ycd67n82196sw51xqtc0000gn/T/pip-build-tracker-29btgbli
2022-12-27T11:06:07.2304480Z Created build tracker: /private/var/folders/51/hd414ycd67n82196sw51xqtc0000gn/T/pip-build-tracker-29btgbli
2022-12-27T11:06:07.2305780Z Entered build tracker: /private/var/folders/51/hd414ycd67n82196sw51xqtc0000gn/T/pip-build-tracker-29btgbli
2022-12-27T11:06:07.2308860Z Created temporary directory: /private/var/folders/51/hd414ycd67n82196sw51xqtc0000gn/T/pip-wheel-z5a2gr1f
2022-12-27T11:06:07.2313700Z Created temporary directory: /private/var/folders/51/hd414ycd67n82196sw51xqtc0000gn/T/pip-ephem-wheel-cache-njzgidkg
2022-12-27T11:06:07.2384010Z Processing /Users/runner/actions-runner/_work/python.build/python.build/build_lxml20alpha1311/lxml-2.0alpha1
2022-12-27T11:06:07.2388460Z   Added file:///Users/runner/actions-runner/_work/python.build/python.build/build_lxml20alpha1311/lxml-2.0alpha1 to build tracker '/private/var/folders/51/hd414ycd67n82196sw51xqtc0000gn/T/pip-build-tracker-29btgbli'
2022-12-27T11:06:07.2391580Z   Running setup.py (path:/Users/runner/actions-runner/_work/python.build/python.build/build_lxml20alpha1311/lxml-2.0alpha1/setup.py) egg_info for package from file:///Users/runner/actions-runner/_work/python.build/python.build/build_lxml20alpha1311/lxml-2.0alpha1
2022-12-27T11:06:07.2393720Z   Created temporary directory: /private/var/folders/51/hd414ycd67n82196sw51xqtc0000gn/T/pip-pip-egg-info-_wr32w_2
2022-12-27T11:06:07.2394770Z   Preparing metadata (setup.py): started
2022-12-27T11:06:07.2396240Z   Running command python setup.py egg_info
2022-12-27T11:06:07.3802050Z   Traceback (most recent call last):
2022-12-27T11:06:07.3809530Z     File "<string>", line 2, in <module>
2022-12-27T11:06:07.3810220Z     File "<pip-setuptools-caller>", line 34, in <module>
2022-12-27T11:06:07.3810830Z     File "/Users/runner/actions-runner/_work/python.build/python.build/build_lxml20alpha1311/lxml-2.0alpha1/setup.py", line 41
2022-12-27T11:06:07.3811200Z       print "Building lxml version", svn_version
2022-12-27T11:06:07.3811520Z       ^^^^^^^^^^^^^^^^^^^^^^^^^^^^^^^^^^^^^^^^^^
2022-12-27T11:06:07.3812320Z   SyntaxError: Missing parentheses in call to 'print'. Did you mean print(...)?
2022-12-27T11:06:07.4145260Z   error: subprocess-exited-with-error
2022-12-27T11:06:07.4145550Z   
2022-12-27T11:06:07.4145870Z   × python setup.py egg_info did not run successfully.
2022-12-27T11:06:07.4146170Z   │ exit code: 1
2022-12-27T11:06:07.4146440Z   ╰─> See above for output.
2022-12-27T11:06:07.4146710Z   
2022-12-27T11:06:07.4146990Z   note: This error originates from a subprocess, and is likely not a problem with pip.
2022-12-27T11:06:07.4152030Z   full command: /private/var/folders/51/hd414ycd67n82196sw51xqtc0000gn/T/cibw-run-j9uaa1r_/cp311-macosx_arm64/build/venv/bin/python -c '
2022-12-27T11:06:07.4152430Z   exec(compile('"'"''"'"''"'"'
2022-12-27T11:06:07.4152770Z   # This is <pip-setuptools-caller> -- a caller that pip uses to run setup.py
2022-12-27T11:06:07.4154620Z   #
2022-12-27T11:06:07.4155300Z   # - It imports setuptools before invoking setup.py, to enable projects that directly
2022-12-27T11:06:07.4155740Z   #   import from `distutils.core` to work with newer packaging standards.
2022-12-27T11:06:07.4156390Z   # - It provides a clear error message when setuptools is not installed.
2022-12-27T11:06:07.4157420Z   # - It sets `sys.argv[0]` to the underlying `setup.py`, when invoking `setup.py` so
2022-12-27T11:06:07.4157950Z   #   setuptools doesn'"'"'t think the script is `-c`. This avoids the following warning:
2022-12-27T11:06:07.4158380Z   #     manifest_maker: standard file '"'"'-c'"'"' not found".
2022-12-27T11:06:07.4159190Z   # - It generates a shim setup.py, for handling setup.cfg-only projects.
2022-12-27T11:06:07.4159540Z   import os, sys, tokenize
2022-12-27T11:06:07.4159910Z   
2022-12-27T11:06:07.4160100Z   try:
2022-12-27T11:06:07.4160350Z       import setuptools
2022-12-27T11:06:07.4160630Z   except ImportError as error:
2022-12-27T11:06:07.4161320Z       print(
2022-12-27T11:06:07.4161820Z           "ERROR: Can not execute `setup.py` since setuptools is not available in "
2022-12-27T11:06:07.4162220Z           "the build environment.",
2022-12-27T11:06:07.4162380Z           file=sys.stderr,
2022-12-27T11:06:07.4162770Z       )
2022-12-27T11:06:07.4163020Z       sys.exit(1)
2022-12-27T11:06:07.4163170Z   
2022-12-27T11:06:07.4163570Z   __file__ = %r
2022-12-27T11:06:07.4163820Z   sys.argv[0] = __file__
2022-12-27T11:06:07.4163960Z   
2022-12-27T11:06:07.4164140Z   if os.path.exists(__file__):
2022-12-27T11:06:07.4164400Z       filename = __file__
2022-12-27T11:06:07.4164570Z       with tokenize.open(__file__) as f:
2022-12-27T11:06:07.4164800Z           setup_py_code = f.read()
2022-12-27T11:06:07.4165070Z   else:
2022-12-27T11:06:07.4165500Z       filename = "<auto-generated setuptools caller>"
2022-12-27T11:06:07.4166190Z       setup_py_code = "from setuptools import setup; setup()"
2022-12-27T11:06:07.4166480Z   
2022-12-27T11:06:07.4166710Z   exec(compile(setup_py_code, filename, "exec"))
2022-12-27T11:06:07.4167780Z   '"'"''"'"''"'"' % ('"'"'/Users/runner/actions-runner/_work/python.build/python.build/build_lxml20alpha1311/lxml-2.0alpha1/setup.py'"'"',), "<pip-setuptools-caller>", "exec"))' egg_info --egg-base /private/var/folders/51/hd414ycd67n82196sw51xqtc0000gn/T/pip-pip-egg-info-_wr32w_2
2022-12-27T11:06:07.4168580Z   cwd: /Users/runner/actions-runner/_work/python.build/python.build/build_lxml20alpha1311/lxml-2.0alpha1/
2022-12-27T11:06:07.4168980Z   Preparing metadata (setup.py): finished with status 'error'
2022-12-27T11:06:07.4169310Z error: metadata-generation-failed
2022-12-27T11:06:07.4169440Z 
2022-12-27T11:06:07.4169610Z × Encountered error while generating package metadata.
2022-12-27T11:06:07.4170110Z ╰─> See above for output.
2022-12-27T11:06:07.4170220Z 
2022-12-27T11:06:07.4170340Z note: This is an issue with the package mentioned above, not pip.
2022-12-27T11:06:07.4170530Z hint: See above for details.
2022-12-27T11:06:07.4194770Z Exception information:
2022-12-27T11:06:07.4195070Z Traceback (most recent call last):
2022-12-27T11:06:07.4196240Z   File "/private/var/folders/51/hd414ycd67n82196sw51xqtc0000gn/T/cibw-run-j9uaa1r_/cp311-macosx_arm64/build/venv/lib/python3.11/site-packages/pip/_internal/operations/build/metadata_legacy.py", line 64, in generate_metadata
2022-12-27T11:06:07.4197360Z     call_subprocess(
2022-12-27T11:06:07.4198290Z   File "/private/var/folders/51/hd414ycd67n82196sw51xqtc0000gn/T/cibw-run-j9uaa1r_/cp311-macosx_arm64/build/venv/lib/python3.11/site-packages/pip/_internal/utils/subprocess.py", line 224, in call_subprocess
2022-12-27T11:06:07.4199520Z     raise error
2022-12-27T11:06:07.4200080Z pip._internal.exceptions.InstallationSubprocessError: python setup.py egg_info exited with 1
2022-12-27T11:06:07.4200450Z 
2022-12-27T11:06:07.4200870Z The above exception was the direct cause of the following exception:
2022-12-27T11:06:07.4201220Z 
2022-12-27T11:06:07.4201400Z Traceback (most recent call last):
2022-12-27T11:06:07.4202830Z   File "/private/var/folders/51/hd414ycd67n82196sw51xqtc0000gn/T/cibw-run-j9uaa1r_/cp311-macosx_arm64/build/venv/lib/python3.11/site-packages/pip/_internal/cli/base_command.py", line 160, in exc_logging_wrapper
2022-12-27T11:06:07.4203450Z     status = run_func(*args)
2022-12-27T11:06:07.4203750Z              ^^^^^^^^^^^^^^^
2022-12-27T11:06:07.4204580Z   File "/private/var/folders/51/hd414ycd67n82196sw51xqtc0000gn/T/cibw-run-j9uaa1r_/cp311-macosx_arm64/build/venv/lib/python3.11/site-packages/pip/_internal/cli/req_command.py", line 247, in wrapper
2022-12-27T11:06:07.4205200Z     return func(self, options, args)
2022-12-27T11:06:07.4205490Z            ^^^^^^^^^^^^^^^^^^^^^^^^^
2022-12-27T11:06:07.4206690Z   File "/private/var/folders/51/hd414ycd67n82196sw51xqtc0000gn/T/cibw-run-j9uaa1r_/cp311-macosx_arm64/build/venv/lib/python3.11/site-packages/pip/_internal/commands/wheel.py", line 170, in run
2022-12-27T11:06:07.4207300Z     requirement_set = resolver.resolve(reqs, check_supported_wheels=True)
2022-12-27T11:06:07.4207980Z                       ^^^^^^^^^^^^^^^^^^^^^^^^^^^^^^^^^^^^^^^^^^^^^^^^^^^
2022-12-27T11:06:07.4208980Z   File "/private/var/folders/51/hd414ycd67n82196sw51xqtc0000gn/T/cibw-run-j9uaa1r_/cp311-macosx_arm64/build/venv/lib/python3.11/site-packages/pip/_internal/resolution/resolvelib/resolver.py", line 73, in resolve
2022-12-27T11:06:07.4209610Z     collected = self.factory.collect_root_requirements(root_reqs)
2022-12-27T11:06:07.4209950Z                 ^^^^^^^^^^^^^^^^^^^^^^^^^^^^^^^^^^^^^^^^^^^^^^^^^
2022-12-27T11:06:07.4210850Z   File "/private/var/folders/51/hd414ycd67n82196sw51xqtc0000gn/T/cibw-run-j9uaa1r_/cp311-macosx_arm64/build/venv/lib/python3.11/site-packages/pip/_internal/resolution/resolvelib/factory.py", line 491, in collect_root_requirements
2022-12-27T11:06:07.4211560Z     req = self._make_requirement_from_install_req(
2022-12-27T11:06:07.4211900Z           ^^^^^^^^^^^^^^^^^^^^^^^^^^^^^^^^^^^^^^^^
2022-12-27T11:06:07.4212770Z   File "/private/var/folders/51/hd414ycd67n82196sw51xqtc0000gn/T/cibw-run-j9uaa1r_/cp311-macosx_arm64/build/venv/lib/python3.11/site-packages/pip/_internal/resolution/resolvelib/factory.py", line 453, in _make_requirement_from_install_req
2022-12-27T11:06:07.4213200Z     cand = self._make_candidate_from_link(
2022-12-27T11:06:07.4213480Z            ^^^^^^^^^^^^^^^^^^^^^^^^^^^^^^^
2022-12-27T11:06:07.4214250Z   File "/private/var/folders/51/hd414ycd67n82196sw51xqtc0000gn/T/cibw-run-j9uaa1r_/cp311-macosx_arm64/build/venv/lib/python3.11/site-packages/pip/_internal/resolution/resolvelib/factory.py", line 206, in _make_candidate_from_link
2022-12-27T11:06:07.4214730Z     self._link_candidate_cache[link] = LinkCandidate(
2022-12-27T11:06:07.4214970Z                                        ^^^^^^^^^^^^^^
2022-12-27T11:06:07.4215630Z   File "/private/var/folders/51/hd414ycd67n82196sw51xqtc0000gn/T/cibw-run-j9uaa1r_/cp311-macosx_arm64/build/venv/lib/python3.11/site-packages/pip/_internal/resolution/resolvelib/candidates.py", line 297, in __init__
2022-12-27T11:06:07.4216130Z     super().__init__(
2022-12-27T11:06:07.4216780Z   File "/private/var/folders/51/hd414ycd67n82196sw51xqtc0000gn/T/cibw-run-j9uaa1r_/cp311-macosx_arm64/build/venv/lib/python3.11/site-packages/pip/_internal/resolution/resolvelib/candidates.py", line 162, in __init__
2022-12-27T11:06:07.4217430Z     self.dist = self._prepare()
2022-12-27T11:06:07.4217640Z                 ^^^^^^^^^^^^^^^
2022-12-27T11:06:07.4218290Z   File "/private/var/folders/51/hd414ycd67n82196sw51xqtc0000gn/T/cibw-run-j9uaa1r_/cp311-macosx_arm64/build/venv/lib/python3.11/site-packages/pip/_internal/resolution/resolvelib/candidates.py", line 231, in _prepare
2022-12-27T11:06:07.4218820Z     dist = self._prepare_distribution()
2022-12-27T11:06:07.4219090Z            ^^^^^^^^^^^^^^^^^^^^^^^^^^^^
2022-12-27T11:06:07.4219750Z   File "/private/var/folders/51/hd414ycd67n82196sw51xqtc0000gn/T/cibw-run-j9uaa1r_/cp311-macosx_arm64/build/venv/lib/python3.11/site-packages/pip/_internal/resolution/resolvelib/candidates.py", line 308, in _prepare_distribution
2022-12-27T11:06:07.4220290Z     return preparer.prepare_linked_requirement(self._ireq, parallel_builds=True)
2022-12-27T11:06:07.4220700Z            ^^^^^^^^^^^^^^^^^^^^^^^^^^^^^^^^^^^^^^^^^^^^^^^^^^^^^^^^^^^^^^^^^^^^^
2022-12-27T11:06:07.4289250Z   File "/private/var/folders/51/hd414ycd67n82196sw51xqtc0000gn/T/cibw-run-j9uaa1r_/cp311-macosx_arm64/build/venv/lib/python3.11/site-packages/pip/_internal/operations/prepare.py", line 491, in prepare_linked_requirement
2022-12-27T11:06:07.4289570Z     return self._prepare_linked_requirement(req, parallel_builds)
2022-12-27T11:06:07.4289750Z            ^^^^^^^^^^^^^^^^^^^^^^^^^^^^^^^^^^^^^^^^^^^^^^^^^^^^^^
2022-12-27T11:06:07.4290290Z   File "/private/var/folders/51/hd414ycd67n82196sw51xqtc0000gn/T/cibw-run-j9uaa1r_/cp311-macosx_arm64/build/venv/lib/python3.11/site-packages/pip/_internal/operations/prepare.py", line 577, in _prepare_linked_requirement
2022-12-27T11:06:07.4290760Z     dist = _get_prepared_distribution(
2022-12-27T11:06:07.4291220Z            ^^^^^^^^^^^^^^^^^^^^^^^^^^^
2022-12-27T11:06:07.4291750Z   File "/private/var/folders/51/hd414ycd67n82196sw51xqtc0000gn/T/cibw-run-j9uaa1r_/cp311-macosx_arm64/build/venv/lib/python3.11/site-packages/pip/_internal/operations/prepare.py", line 69, in _get_prepared_distribution
2022-12-27T11:06:07.4292070Z     abstract_dist.prepare_distribution_metadata(
2022-12-27T11:06:07.4292540Z   File "/private/var/folders/51/hd414ycd67n82196sw51xqtc0000gn/T/cibw-run-j9uaa1r_/cp311-macosx_arm64/build/venv/lib/python3.11/site-packages/pip/_internal/distributions/sdist.py", line 61, in prepare_distribution_metadata
2022-12-27T11:06:07.4292860Z     self.req.prepare_metadata()
2022-12-27T11:06:07.4293310Z   File "/private/var/folders/51/hd414ycd67n82196sw51xqtc0000gn/T/cibw-run-j9uaa1r_/cp311-macosx_arm64/build/venv/lib/python3.11/site-packages/pip/_internal/req/req_install.py", line 541, in prepare_metadata
2022-12-27T11:06:07.4293640Z     self.metadata_directory = generate_metadata_legacy(
2022-12-27T11:06:07.4293820Z                               ^^^^^^^^^^^^^^^^^^^^^^^^^
2022-12-27T11:06:07.4294280Z   File "/private/var/folders/51/hd414ycd67n82196sw51xqtc0000gn/T/cibw-run-j9uaa1r_/cp311-macosx_arm64/build/venv/lib/python3.11/site-packages/pip/_internal/operations/build/metadata_legacy.py", line 71, in generate_metadata
2022-12-27T11:06:07.4294680Z     raise MetadataGenerationFailed(package_details=details) from error
2022-12-27T11:06:07.4295030Z pip._internal.exceptions.MetadataGenerationFailed: metadata generation failed
2022-12-27T11:06:07.4295490Z Removed file:///Users/runner/actions-runner/_work/python.build/python.build/build_lxml20alpha1311/lxml-2.0alpha1 from build tracker '/private/var/folders/51/hd414ycd67n82196sw51xqtc0000gn/T/pip-build-tracker-29btgbli'
2022-12-27T11:06:07.4295910Z Removed build tracker: '/private/var/folders/51/hd414ycd67n82196sw51xqtc0000gn/T/pip-build-tracker-29btgbli'
2022-12-27T11:06:07.4594180Z ##[endgroup]
2022-12-27T11:06:07.4618460Z ##[error]Command ['python', '-m', 'pip', 'wheel', '/Users/runner/actions-runner/_work/python.build/python.build/build_lxml20alpha1311/lxml-2.0alpha1', '--wheel-dir=/private/var/folders/51/hd414ycd67n82196sw51xqtc0000gn/T/cibw-run-j9uaa1r_/cp311-macosx_arm64/built_wheel', '--no-deps', '-vvv'] failed with code 1. None
2022-12-27T11:06:07.4625260Z 
2022-12-27T11:06:07.4625530Z                                                               [31m✕ [0m0.49s
2022-12-27T11:06:07.5108930Z ##[error]Process completed with exit code 1.
2022-12-27T11:06:07.5141420Z ##[group]Run rm -rf build_lxml20alpha1311 wheelsout
2022-12-27T11:06:07.5141670Z [36;1mrm -rf build_lxml20alpha1311 wheelsout[0m
2022-12-27T11:06:07.5158280Z shell: /bin/bash -e {0}
2022-12-27T11:06:07.5158470Z env:
2022-12-27T11:06:07.5158680Z   pythonLocation: /Users/runner/hostedtoolcache/Python/3.11.1/x64
2022-12-27T11:06:07.5158940Z   PKG_CONFIG_PATH: /Users/runner/hostedtoolcache/Python/3.11.1/x64/lib/pkgconfig
2022-12-27T11:06:07.5159150Z   Python_ROOT_DIR: /Users/runner/hostedtoolcache/Python/3.11.1/x64
2022-12-27T11:06:07.5159380Z   Python2_ROOT_DIR: /Users/runner/hostedtoolcache/Python/3.11.1/x64
2022-12-27T11:06:07.5159600Z   Python3_ROOT_DIR: /Users/runner/hostedtoolcache/Python/3.11.1/x64
2022-12-27T11:06:07.5159770Z ##[endgroup]
2022-12-27T11:06:07.5636150Z Cleaning up orphan processes
