2022-12-27T08:48:22.9388127Z Requested labels: self-hosted, macOS, X64
2022-12-27T08:48:22.9388229Z Job defined at: kilnbuild/python.build/.github/workflows/mac_arm_build.yml@refs/heads/main
2022-12-27T08:48:22.9388276Z Waiting for a runner to pick up this job...
2022-12-27T11:14:34.4536445Z Job is about to start running on the runner: s1 (organization)
2022-12-27T11:14:37.6074580Z Current runner version: '2.300.2'
2022-12-27T11:14:37.6079840Z Runner name: 's1'
2022-12-27T11:14:37.6080090Z Runner group name: 'Default'
2022-12-27T11:14:37.6080520Z Machine name: 's1'
2022-12-27T11:14:37.6082050Z ##[group]GITHUB_TOKEN Permissions
2022-12-27T11:14:37.6082470Z Actions: write
2022-12-27T11:14:37.6082610Z Checks: write
2022-12-27T11:14:37.6082740Z Contents: write
2022-12-27T11:14:37.6082890Z Deployments: write
2022-12-27T11:14:37.6083030Z Discussions: write
2022-12-27T11:14:37.6083170Z Issues: write
2022-12-27T11:14:37.6083300Z Metadata: read
2022-12-27T11:14:37.6083440Z Packages: write
2022-12-27T11:14:37.6083580Z Pages: write
2022-12-27T11:14:37.6083720Z PullRequests: write
2022-12-27T11:14:37.6083880Z RepositoryProjects: write
2022-12-27T11:14:37.6084040Z SecurityEvents: write
2022-12-27T11:14:37.6084190Z Statuses: write
2022-12-27T11:14:37.6084320Z ##[endgroup]
2022-12-27T11:14:37.6087050Z Secret source: Actions
2022-12-27T11:14:37.6087390Z Prepare workflow directory
2022-12-27T11:14:37.6776330Z Prepare all required actions
2022-12-27T11:14:37.6897690Z Getting action download info
2022-12-27T11:14:38.1387650Z Download action repository 'actions/setup-python@v4' (SHA:5ccb29d8773c3f3f653e1705f474dfaa8a06a912)
2022-12-27T11:14:39.8880240Z Download action repository 'actions/upload-artifact@v3' (SHA:83fd05a356d7e2593de66fc9913b3002723633cb)
2022-12-27T11:14:41.2019440Z ##[group]Run echo '{
2022-12-27T11:14:41.2019740Z [36;1mecho '{[0m
2022-12-27T11:14:41.2019930Z [36;1m  "package_name": "lxml",[0m
2022-12-27T11:14:41.2020220Z [36;1m  "package_url": "https://files.pythonhosted.org/packages/29/87/79cb6ae920cdd631a4e773dee82655ace700d733d9e4bfeb5444ee83a91f/lxml-3.4.3.tar.gz",[0m
2022-12-27T11:14:41.2020480Z [36;1m  "package_version": "3.4.3",[0m
2022-12-27T11:14:41.2020650Z [36;1m  "python_version": "3.11",[0m
2022-12-27T11:14:41.2020770Z [36;1m  "use_ccache": "true"[0m
2022-12-27T11:14:41.2020870Z [36;1m}'[0m
2022-12-27T11:14:41.2036200Z shell: /bin/bash -e {0}
2022-12-27T11:14:41.2036350Z ##[endgroup]
2022-12-27T11:14:41.2246510Z {
2022-12-27T11:14:41.2247900Z   "package_name": "lxml",
2022-12-27T11:14:41.2248530Z   "package_url": "https://files.pythonhosted.org/packages/29/87/79cb6ae920cdd631a4e773dee82655ace700d733d9e4bfeb5444ee83a91f/lxml-3.4.3.tar.gz",
2022-12-27T11:14:41.2248830Z   "package_version": "3.4.3",
2022-12-27T11:14:41.2249060Z   "python_version": "3.11",
2022-12-27T11:14:41.2249220Z   "use_ccache": "true"
2022-12-27T11:14:41.2249420Z }
2022-12-27T11:14:41.2472710Z ##[group]Run actions/setup-python@v4
2022-12-27T11:14:41.2472930Z with:
2022-12-27T11:14:41.2473120Z   python-version: 3.11
2022-12-27T11:14:41.2473320Z   check-latest: false
2022-12-27T11:14:41.2473710Z   token: ***
2022-12-27T11:14:41.2473910Z   update-environment: true
2022-12-27T11:14:41.2474110Z ##[endgroup]
2022-12-27T11:14:41.3717420Z ##[group]Installed versions
2022-12-27T11:14:41.3755860Z Successfully set up CPython (3.11.1)
2022-12-27T11:14:41.3756710Z ##[endgroup]
2022-12-27T11:14:41.3904920Z ##[group]Run if [ "true" == "true" ]
2022-12-27T11:14:41.3905280Z [36;1mif [ "true" == "true" ][0m
2022-12-27T11:14:41.3905450Z [36;1mthen[0m
2022-12-27T11:14:41.3905670Z [36;1m  echo "CCACHE_PATH_PREPEND=/usr/local/opt/ccache/libexec" >> $GITHUB_OUTPUT[0m
2022-12-27T11:14:41.3906080Z [36;1melse[0m
2022-12-27T11:14:41.3906250Z [36;1m  echo "CCACHE_PATH_PREPEND=" >> $GITHUB_OUTPUT[0m
2022-12-27T11:14:41.3906690Z [36;1mfi[0m
2022-12-27T11:14:41.3924440Z shell: /bin/bash -e {0}
2022-12-27T11:14:41.3924740Z env:
2022-12-27T11:14:41.3924940Z   pythonLocation: /Users/runner/hostedtoolcache/Python/3.11.1/x64
2022-12-27T11:14:41.3925210Z   PKG_CONFIG_PATH: /Users/runner/hostedtoolcache/Python/3.11.1/x64/lib/pkgconfig
2022-12-27T11:14:41.3925470Z   Python_ROOT_DIR: /Users/runner/hostedtoolcache/Python/3.11.1/x64
2022-12-27T11:14:41.3925670Z   Python2_ROOT_DIR: /Users/runner/hostedtoolcache/Python/3.11.1/x64
2022-12-27T11:14:41.3926050Z   Python3_ROOT_DIR: /Users/runner/hostedtoolcache/Python/3.11.1/x64
2022-12-27T11:14:41.3926500Z ##[endgroup]
2022-12-27T11:14:41.4031040Z ##[group]Run echo "BUILD_NAME=$(echo lxml_3.4.3_3.11 | tr -dc '[:alnum:]\n\r' | tr '[:upper:]' '[:lower:]')" >> $GITHUB_OUTPUT
2022-12-27T11:14:41.4031560Z [36;1mecho "BUILD_NAME=$(echo lxml_3.4.3_3.11 | tr -dc '[:alnum:]\n\r' | tr '[:upper:]' '[:lower:]')" >> $GITHUB_OUTPUT[0m
2022-12-27T11:14:41.4047030Z shell: /bin/bash -e {0}
2022-12-27T11:14:41.4047210Z env:
2022-12-27T11:14:41.4047440Z   pythonLocation: /Users/runner/hostedtoolcache/Python/3.11.1/x64
2022-12-27T11:14:41.4047730Z   PKG_CONFIG_PATH: /Users/runner/hostedtoolcache/Python/3.11.1/x64/lib/pkgconfig
2022-12-27T11:14:41.4047960Z   Python_ROOT_DIR: /Users/runner/hostedtoolcache/Python/3.11.1/x64
2022-12-27T11:14:41.4048330Z   Python2_ROOT_DIR: /Users/runner/hostedtoolcache/Python/3.11.1/x64
2022-12-27T11:14:41.4048580Z   Python3_ROOT_DIR: /Users/runner/hostedtoolcache/Python/3.11.1/x64
2022-12-27T11:14:41.4048760Z ##[endgroup]
2022-12-27T11:14:41.4192550Z ##[group]Run echo "PYTHON_NO_DOTS=$(echo 3.11 | tr -dc '[:alnum:]\n\r' | tr '[:upper:]' '[:lower:]')" >> $GITHUB_OUTPUT
2022-12-27T11:14:41.4193070Z [36;1mecho "PYTHON_NO_DOTS=$(echo 3.11 | tr -dc '[:alnum:]\n\r' | tr '[:upper:]' '[:lower:]')" >> $GITHUB_OUTPUT[0m
2022-12-27T11:14:41.4208850Z shell: /bin/bash -e {0}
2022-12-27T11:14:41.4209010Z env:
2022-12-27T11:14:41.4209230Z   pythonLocation: /Users/runner/hostedtoolcache/Python/3.11.1/x64
2022-12-27T11:14:41.4209510Z   PKG_CONFIG_PATH: /Users/runner/hostedtoolcache/Python/3.11.1/x64/lib/pkgconfig
2022-12-27T11:14:41.4209750Z   Python_ROOT_DIR: /Users/runner/hostedtoolcache/Python/3.11.1/x64
2022-12-27T11:14:41.4210110Z   Python2_ROOT_DIR: /Users/runner/hostedtoolcache/Python/3.11.1/x64
2022-12-27T11:14:41.4210320Z   Python3_ROOT_DIR: /Users/runner/hostedtoolcache/Python/3.11.1/x64
2022-12-27T11:14:41.4210500Z ##[endgroup]
2022-12-27T11:14:41.4327190Z ##[group]Run rm -rf build_lxml343311
2022-12-27T11:14:41.4327580Z [36;1mrm -rf build_lxml343311[0m
2022-12-27T11:14:41.4327780Z [36;1mmkdir build_lxml343311[0m
2022-12-27T11:14:41.4327990Z [36;1mcd build_lxml343311[0m
2022-12-27T11:14:41.4328290Z [36;1m/usr/local/bin/wget --quiet https://files.pythonhosted.org/packages/29/87/79cb6ae920cdd631a4e773dee82655ace700d733d9e4bfeb5444ee83a91f/lxml-3.4.3.tar.gz[0m
2022-12-27T11:14:41.4328550Z [36;1mtar xf *.tar.gz[0m
2022-12-27T11:14:41.4328710Z [36;1mcd *[0m
2022-12-27T11:14:41.4328870Z [36;1mpython -m pip install cibuildwheel==2.11.3[0m
2022-12-27T11:14:41.4329120Z [36;1mpython -m cibuildwheel --output-dir ../wheelsout[0m
2022-12-27T11:14:41.4343920Z shell: /bin/bash -e {0}
2022-12-27T11:14:41.4344150Z env:
2022-12-27T11:14:41.4344350Z   pythonLocation: /Users/runner/hostedtoolcache/Python/3.11.1/x64
2022-12-27T11:14:41.4344600Z   PKG_CONFIG_PATH: /Users/runner/hostedtoolcache/Python/3.11.1/x64/lib/pkgconfig
2022-12-27T11:14:41.4344890Z   Python_ROOT_DIR: /Users/runner/hostedtoolcache/Python/3.11.1/x64
2022-12-27T11:14:41.4345100Z   Python2_ROOT_DIR: /Users/runner/hostedtoolcache/Python/3.11.1/x64
2022-12-27T11:14:41.4345360Z   Python3_ROOT_DIR: /Users/runner/hostedtoolcache/Python/3.11.1/x64
2022-12-27T11:14:41.4345560Z   CIBW_ARCHS_MACOS: arm64
2022-12-27T11:14:41.4345700Z   CIBW_TEST_SKIP: *_arm64
2022-12-27T11:14:41.4345880Z   CIBW_BUILD: cp311-macosx_arm64
2022-12-27T11:14:41.4346090Z   CIBW_BUILD_FRONTEND: pip
2022-12-27T11:14:41.4346270Z   CIBW_BUILD_VERBOSITY: 3
2022-12-27T11:14:41.4346550Z   CIBW_ENVIRONMENT_MACOS:  CFLAGS="-I/usr/local/opt/openssl@3/include" LDFLAGS="-L/usr/local/opt/openssl@3/lib" CPPFLAGS="-I/usr/local/opt/openssl@3/include" MAKEFLAGS="-j$(sysctl -n hw.logicalcpu)" PATH=/usr/local/opt/ccache/libexec:$PATH
2022-12-27T11:14:41.4346920Z   CIBW_BEFORE_BUILD: pip install Cython; if [[ -f requirements.txt ]]; then pip install -r requirements.txt; fi
2022-12-27T11:14:41.4347160Z   MAKEFLAGS: -j$(sysctl -n hw.logicalcpu)
2022-12-27T11:14:41.4347370Z ##[endgroup]
2022-12-27T11:14:41.9209440Z Requirement already satisfied: cibuildwheel==2.11.3 in /Library/Frameworks/Python.framework/Versions/3.11/lib/python3.11/site-packages (2.11.3)
2022-12-27T11:14:41.9520730Z Requirement already satisfied: bashlex!=0.13 in /Library/Frameworks/Python.framework/Versions/3.11/lib/python3.11/site-packages (from cibuildwheel==2.11.3) (0.16)
2022-12-27T11:14:41.9527770Z Requirement already satisfied: bracex in /Library/Frameworks/Python.framework/Versions/3.11/lib/python3.11/site-packages (from cibuildwheel==2.11.3) (2.3.post1)
2022-12-27T11:14:41.9534770Z Requirement already satisfied: certifi in /Library/Frameworks/Python.framework/Versions/3.11/lib/python3.11/site-packages (from cibuildwheel==2.11.3) (2022.12.7)
2022-12-27T11:14:41.9541780Z Requirement already satisfied: filelock in /Library/Frameworks/Python.framework/Versions/3.11/lib/python3.11/site-packages (from cibuildwheel==2.11.3) (3.8.2)
2022-12-27T11:14:41.9551460Z Requirement already satisfied: packaging>=20.9 in /Library/Frameworks/Python.framework/Versions/3.11/lib/python3.11/site-packages (from cibuildwheel==2.11.3) (22.0)
2022-12-27T11:14:41.9560200Z Requirement already satisfied: platformdirs in /Library/Frameworks/Python.framework/Versions/3.11/lib/python3.11/site-packages (from cibuildwheel==2.11.3) (2.6.0)
2022-12-27T11:14:42.1884240Z 
2022-12-27T11:14:42.1884570Z      _ _       _ _   _       _           _
2022-12-27T11:14:42.1885140Z  ___|_| |_ _ _|_| |_| |_ _ _| |_ ___ ___| |
2022-12-27T11:14:42.1886310Z |  _| | . | | | | | . | | | |   | -_| -_| |
2022-12-27T11:14:42.1886670Z |___|_|___|___|_|_|___|_____|_|_|___|___|_|
2022-12-27T11:14:42.1886850Z 
2022-12-27T11:14:42.1886990Z cibuildwheel version 2.11.3
2022-12-27T11:14:42.1887400Z 
2022-12-27T11:14:42.1887540Z Build options:
2022-12-27T11:14:42.1887780Z   platform: macos
2022-12-27T11:14:42.1992880Z   architectures: arm64[0m
2022-12-27T11:14:42.1993180Z   build_selector: 
2022-12-27T11:14:42.1994110Z     build_config: cp311-macosx_arm64
2022-12-27T11:14:42.1994370Z     skip_config: 
2022-12-27T11:14:42.1994610Z     requires_python: None
2022-12-27T11:14:42.1994950Z     prerelease_pythons: False[0m
2022-12-27T11:14:42.1995380Z   [38;5;244mcontainer_engine: docker[0m
2022-12-27T11:14:42.1995820Z   output_dir: /Users/runner/actions-runner/_work/python.build/python.build/build_lxml343311/wheelsout[0m
2022-12-27T11:14:42.1996890Z   package_dir: /Users/runner/actions-runner/_work/python.build/python.build/build_lxml343311/lxml-3.4.3[0m
2022-12-27T11:14:42.1997710Z   test_selector: 
2022-12-27T11:14:42.1998210Z     skip_config: *_arm64[0m
2022-12-27T11:14:42.1998770Z   [38;5;244mbefore_all: [0m
2022-12-27T11:14:42.1999400Z   before_build: pip install Cython; if [[ -f requirements.txt ]]; then pip install -r requirements.txt; fi[0m
2022-12-27T11:14:42.2000190Z   [38;5;244mbefore_test: [0m
2022-12-27T11:14:42.2000680Z   [38;5;244mbuild_frontend: pip[0m
2022-12-27T11:14:42.2001070Z   build_verbosity: 3[0m
2022-12-27T11:14:42.2001530Z   [38;5;244mconfig_settings: [0m
2022-12-27T11:14:42.2002030Z   [38;5;244mdependency_constraints: pinned[0m
2022-12-27T11:14:42.2002510Z   environment: 
2022-12-27T11:14:42.2002870Z     CFLAGS="-I/usr/local/opt/openssl@3/include"
2022-12-27T11:14:42.2003300Z     LDFLAGS="-L/usr/local/opt/openssl@3/lib"
2022-12-27T11:14:42.2003740Z     CPPFLAGS="-I/usr/local/opt/openssl@3/include"
2022-12-27T11:14:42.2004150Z     MAKEFLAGS="-j$(sysctl -n hw.logicalcpu)"
2022-12-27T11:14:42.2004740Z     PATH=/usr/local/opt/ccache/libexec:$PATH[0m
2022-12-27T11:14:42.2005140Z   [38;5;244mmanylinux_images: None[0m
2022-12-27T11:14:42.2005480Z   [38;5;244mmusllinux_images: None[0m
2022-12-27T11:14:42.2005990Z   [38;5;244mrepair_command: delocate-wheel --require-archs {delocate_archs} -w {dest_dir} -v {wheel}[0m
2022-12-27T11:14:42.2006560Z   [38;5;244mtest_command: [0m
2022-12-27T11:14:42.2006850Z   [38;5;244mtest_extras: [0m
2022-12-27T11:14:42.2007090Z   [38;5;244mtest_requires: [0m
2022-12-27T11:14:42.2007210Z 
2022-12-27T11:14:42.2007320Z Cache folder: /Users/runner/Library/Caches/cibuildwheel
2022-12-27T11:14:42.2012260Z 
2022-12-27T11:14:42.2012660Z Here we go!
2022-12-27T11:14:42.2012900Z 
2022-12-27T11:14:42.2058580Z 
2022-12-27T11:14:42.2058860Z [1m[34mBuilding cp311-macosx_arm64 wheel[0m
2022-12-27T11:14:42.2059260Z CPython 3.11 macOS arm64 - Apple Silicon
2022-12-27T11:14:42.2059410Z 
2022-12-27T11:14:42.2062260Z ##[group]Installing Python cp311...
2022-12-27T11:14:42.2062520Z 
2022-12-27T11:14:42.2062790Z + pkgutil --pkgs
2022-12-27T11:14:42.2163010Z ##[endgroup]
2022-12-27T11:14:42.2163870Z                                                               [32mâœ“ [0m0.01s
2022-12-27T11:14:42.2164300Z ##[group]Setting up build environment...
2022-12-27T11:14:42.2164410Z 
2022-12-27T11:14:42.2182370Z + /Library/Frameworks/Python.framework/Versions/3.11/bin/python -sS /Users/runner/Library/Caches/cibuildwheel/virtualenv-20.17.0.pyz --activators= --no-periodic-update --pip=22.3.1 --setuptools=65.6.3 --wheel=0.38.4 --symlink-app-data --python /Library/Frameworks/Python.framework/Versions/3.11/bin/python3 /private/var/folders/51/hd414ycd67n82196sw51xqtc0000gn/T/cibw-run-1_y3s2eb/cp311-macosx_arm64/build/venv
2022-12-27T11:14:42.4089640Z created virtual environment CPython3.11.1.final.0-64 in 50ms
2022-12-27T11:14:42.4090240Z   creator CPython3Posix(dest=/private/var/folders/51/hd414ycd67n82196sw51xqtc0000gn/T/cibw-run-1_y3s2eb/cp311-macosx_arm64/build/venv, clear=False, no_vcs_ignore=False, global=False)
2022-12-27T11:14:42.4090790Z   seeder FromAppData(download=False, pip=22.3.1, setuptools=65.6.3, wheel=0.38.4, via=symlink, app_data_dir=/Users/runner/Library/Application Support/virtualenv)
2022-12-27T11:14:42.4091110Z     added seed packages: pip==22.3.1, setuptools==65.6.3, wheel==0.38.4
2022-12-27T11:14:42.4219780Z + python -m pip install --upgrade pip -c /Library/Frameworks/Python.framework/Versions/3.11/lib/python3.11/site-packages/cibuildwheel/resources/constraints-python311.txt
2022-12-27T11:14:42.6986620Z Requirement already satisfied: pip in ./lib/python3.11/site-packages (22.3.1)
2022-12-27T11:14:42.8280630Z + which pip
2022-12-27T11:14:42.8298520Z /private/var/folders/51/hd414ycd67n82196sw51xqtc0000gn/T/cibw-run-1_y3s2eb/cp311-macosx_arm64/build/venv/bin/pip
2022-12-27T11:14:42.8300980Z + pip --version
2022-12-27T11:14:43.0283330Z pip 22.3.1 from /private/var/folders/51/hd414ycd67n82196sw51xqtc0000gn/T/cibw-run-1_y3s2eb/cp311-macosx_arm64/build/venv/lib/python3.11/site-packages/pip (python 3.11)
2022-12-27T11:14:43.0521840Z + which pip
2022-12-27T11:14:43.0546880Z + which python
2022-12-27T11:14:43.0564070Z /private/var/folders/51/hd414ycd67n82196sw51xqtc0000gn/T/cibw-run-1_y3s2eb/cp311-macosx_arm64/build/venv/bin/python
2022-12-27T11:14:43.0566190Z + python --version
2022-12-27T11:14:43.0618920Z Python 3.11.1
2022-12-27T11:14:43.0622110Z + which python
2022-12-27T11:14:43.0674620Z ##[endgroup]
2022-12-27T11:14:43.0675280Z                                                               [32mâœ“ [0m0.85s
2022-12-27T11:14:43.0675770Z ##[group]Installing build tools...
2022-12-27T11:14:43.0675890Z 
2022-12-27T11:14:43.0676310Z + pip install --upgrade setuptools wheel delocate -c /Library/Frameworks/Python.framework/Versions/3.11/lib/python3.11/site-packages/cibuildwheel/resources/constraints-python311.txt
2022-12-27T11:14:43.3597020Z Requirement already satisfied: setuptools in /private/var/folders/51/hd414ycd67n82196sw51xqtc0000gn/T/cibw-run-1_y3s2eb/cp311-macosx_arm64/build/venv/lib/python3.11/site-packages (65.6.3)
2022-12-27T11:14:43.5364440Z Requirement already satisfied: wheel in /private/var/folders/51/hd414ycd67n82196sw51xqtc0000gn/T/cibw-run-1_y3s2eb/cp311-macosx_arm64/build/venv/lib/python3.11/site-packages (0.38.4)
2022-12-27T11:14:43.5797990Z Collecting delocate
2022-12-27T11:14:43.5820290Z   Using cached delocate-0.10.3-py3-none-any.whl (142 kB)
2022-12-27T11:14:43.6105470Z Collecting packaging>=20.9
2022-12-27T11:14:43.6124050Z   Using cached packaging-21.3-py3-none-any.whl (40 kB)
2022-12-27T11:14:43.6274020Z Collecting typing-extensions
2022-12-27T11:14:43.6291950Z   Using cached typing_extensions-4.4.0-py3-none-any.whl (26 kB)
2022-12-27T11:14:43.6610290Z Collecting pyparsing!=3.0.5,>=2.0.2
2022-12-27T11:14:43.6628180Z   Using cached pyparsing-3.0.9-py3-none-any.whl (98 kB)
2022-12-27T11:14:43.7200130Z Installing collected packages: typing-extensions, pyparsing, packaging, delocate
2022-12-27T11:14:43.8513620Z Successfully installed delocate-0.10.3 packaging-21.3 pyparsing-3.0.9 typing-extensions-4.4.0
2022-12-27T11:14:43.8959840Z ##[endgroup]
2022-12-27T11:14:43.8960450Z                                                               [32mâœ“ [0m0.83s
2022-12-27T11:14:43.8960860Z ##[group]Running before_build...
2022-12-27T11:14:43.8961000Z 
2022-12-27T11:14:43.8964730Z + pip install Cython; if [[ -f requirements.txt ]]; then pip install -r requirements.txt; fi
2022-12-27T11:14:44.4692930Z Collecting Cython
2022-12-27T11:14:44.4735950Z   Using cached Cython-0.29.32-py2.py3-none-any.whl (986 kB)
2022-12-27T11:14:44.5152200Z Installing collected packages: Cython
2022-12-27T11:14:44.9145370Z Successfully installed Cython-0.29.32
2022-12-27T11:14:45.2252180Z Requirement already satisfied: Cython>=0.20 in /private/var/folders/51/hd414ycd67n82196sw51xqtc0000gn/T/cibw-run-1_y3s2eb/cp311-macosx_arm64/build/venv/lib/python3.11/site-packages (from -r requirements.txt (line 1)) (0.29.32)
2022-12-27T11:14:45.2958060Z ##[endgroup]
2022-12-27T11:14:45.2958820Z                                                               [32mâœ“ [0m1.40s
2022-12-27T11:14:45.2959290Z ##[group]Building wheel...
2022-12-27T11:14:45.2959370Z 
2022-12-27T11:14:45.2964510Z + python -m pip wheel /Users/runner/actions-runner/_work/python.build/python.build/build_lxml343311/lxml-3.4.3 --wheel-dir=/private/var/folders/51/hd414ycd67n82196sw51xqtc0000gn/T/cibw-run-1_y3s2eb/cp311-macosx_arm64/built_wheel --no-deps -vvv
2022-12-27T11:14:45.5455330Z Created temporary directory: /private/var/folders/51/hd414ycd67n82196sw51xqtc0000gn/T/pip-ephem-wheel-cache-rfl4gkpx
2022-12-27T11:14:45.5459070Z Created temporary directory: /private/var/folders/51/hd414ycd67n82196sw51xqtc0000gn/T/pip-build-tracker-2e47ew7f
2022-12-27T11:14:45.5461190Z Initialized build tracking at /private/var/folders/51/hd414ycd67n82196sw51xqtc0000gn/T/pip-build-tracker-2e47ew7f
2022-12-27T11:14:45.5462810Z Created build tracker: /private/var/folders/51/hd414ycd67n82196sw51xqtc0000gn/T/pip-build-tracker-2e47ew7f
2022-12-27T11:14:45.5464800Z Entered build tracker: /private/var/folders/51/hd414ycd67n82196sw51xqtc0000gn/T/pip-build-tracker-2e47ew7f
2022-12-27T11:14:45.5468110Z Created temporary directory: /private/var/folders/51/hd414ycd67n82196sw51xqtc0000gn/T/pip-wheel-qms_fcmq
2022-12-27T11:14:45.5473700Z Created temporary directory: /private/var/folders/51/hd414ycd67n82196sw51xqtc0000gn/T/pip-ephem-wheel-cache-2f2ucse0
2022-12-27T11:14:45.5547890Z Processing /Users/runner/actions-runner/_work/python.build/python.build/build_lxml343311/lxml-3.4.3
2022-12-27T11:14:45.5553200Z   Added file:///Users/runner/actions-runner/_work/python.build/python.build/build_lxml343311/lxml-3.4.3 to build tracker '/private/var/folders/51/hd414ycd67n82196sw51xqtc0000gn/T/pip-build-tracker-2e47ew7f'
2022-12-27T11:14:45.5556500Z   Running setup.py (path:/Users/runner/actions-runner/_work/python.build/python.build/build_lxml343311/lxml-3.4.3/setup.py) egg_info for package from file:///Users/runner/actions-runner/_work/python.build/python.build/build_lxml343311/lxml-3.4.3
2022-12-27T11:14:45.5559790Z   Created temporary directory: /private/var/folders/51/hd414ycd67n82196sw51xqtc0000gn/T/pip-pip-egg-info-72ssenck
2022-12-27T11:14:45.5561470Z   Preparing metadata (setup.py): started
2022-12-27T11:14:45.5563610Z   Running command python setup.py egg_info
2022-12-27T11:14:45.8746130Z   /private/var/folders/51/hd414ycd67n82196sw51xqtc0000gn/T/cibw-run-1_y3s2eb/cp311-macosx_arm64/build/venv/lib/python3.11/site-packages/setuptools/_distutils/dist.py:265: UserWarning: Unknown distribution option: 'bugtrack_url'
2022-12-27T11:14:45.8746600Z     warnings.warn(msg)
2022-12-27T11:14:45.8857540Z   Building lxml version 3.4.3.
2022-12-27T11:14:45.8859530Z   Building without Cython.
2022-12-27T11:14:45.8861780Z   Using build configuration of libxslt 1.1.29
2022-12-27T11:14:45.8863530Z   Building against libxml2/libxslt in the following directory: /Library/Developer/CommandLineTools/SDKs/MacOSX12.1.sdk/usr/lib
2022-12-27T11:14:45.8865070Z   running egg_info
2022-12-27T11:14:45.8867170Z   creating /private/var/folders/51/hd414ycd67n82196sw51xqtc0000gn/T/pip-pip-egg-info-72ssenck/lxml.egg-info
2022-12-27T11:14:45.8873670Z   writing /private/var/folders/51/hd414ycd67n82196sw51xqtc0000gn/T/pip-pip-egg-info-72ssenck/lxml.egg-info/PKG-INFO
2022-12-27T11:14:45.8878310Z   writing dependency_links to /private/var/folders/51/hd414ycd67n82196sw51xqtc0000gn/T/pip-pip-egg-info-72ssenck/lxml.egg-info/dependency_links.txt
2022-12-27T11:14:45.8881430Z   writing requirements to /private/var/folders/51/hd414ycd67n82196sw51xqtc0000gn/T/pip-pip-egg-info-72ssenck/lxml.egg-info/requires.txt
2022-12-27T11:14:45.8883460Z   writing top-level names to /private/var/folders/51/hd414ycd67n82196sw51xqtc0000gn/T/pip-pip-egg-info-72ssenck/lxml.egg-info/top_level.txt
2022-12-27T11:14:45.8885630Z   writing manifest file '/private/var/folders/51/hd414ycd67n82196sw51xqtc0000gn/T/pip-pip-egg-info-72ssenck/lxml.egg-info/SOURCES.txt'
2022-12-27T11:14:45.8959930Z   reading manifest file '/private/var/folders/51/hd414ycd67n82196sw51xqtc0000gn/T/pip-pip-egg-info-72ssenck/lxml.egg-info/SOURCES.txt'
2022-12-27T11:14:45.8962490Z   reading manifest template 'MANIFEST.in'
2022-12-27T11:14:45.9879260Z   adding license file 'LICENSES.txt'
2022-12-27T11:14:45.9935860Z   writing manifest file '/private/var/folders/51/hd414ycd67n82196sw51xqtc0000gn/T/pip-pip-egg-info-72ssenck/lxml.egg-info/SOURCES.txt'
2022-12-27T11:14:46.0191980Z   Preparing metadata (setup.py): finished with status 'done'
2022-12-27T11:14:46.0216540Z   Source in /Users/runner/actions-runner/_work/python.build/python.build/build_lxml343311/lxml-3.4.3 has version 3.4.3, which satisfies requirement lxml==3.4.3 from file:///Users/runner/actions-runner/_work/python.build/python.build/build_lxml343311/lxml-3.4.3
2022-12-27T11:14:46.0220350Z   Removed lxml==3.4.3 from file:///Users/runner/actions-runner/_work/python.build/python.build/build_lxml343311/lxml-3.4.3 from build tracker '/private/var/folders/51/hd414ycd67n82196sw51xqtc0000gn/T/pip-build-tracker-2e47ew7f'
2022-12-27T11:14:46.0239860Z Created temporary directory: /private/var/folders/51/hd414ycd67n82196sw51xqtc0000gn/T/pip-unpack-x4hyqm18
2022-12-27T11:14:46.0242010Z Building wheels for collected packages: lxml
2022-12-27T11:14:46.0357150Z   Created temporary directory: /private/var/folders/51/hd414ycd67n82196sw51xqtc0000gn/T/pip-wheel-5oc_w_5j
2022-12-27T11:14:46.0358920Z   Building wheel for lxml (setup.py): started
2022-12-27T11:14:46.0360930Z   Destination directory: /private/var/folders/51/hd414ycd67n82196sw51xqtc0000gn/T/pip-wheel-5oc_w_5j
2022-12-27T11:14:46.0362580Z   Running command python setup.py bdist_wheel
2022-12-27T11:14:46.2344180Z   Building lxml version 3.4.3.
2022-12-27T11:14:46.2345870Z   Building without Cython.
2022-12-27T11:14:46.2482290Z   Using build configuration of libxslt 1.1.29
2022-12-27T11:14:46.3444020Z   Building against libxml2/libxslt in the following directory: /Library/Developer/CommandLineTools/SDKs/MacOSX12.1.sdk/usr/lib
2022-12-27T11:14:46.3515920Z   /private/var/folders/51/hd414ycd67n82196sw51xqtc0000gn/T/cibw-run-1_y3s2eb/cp311-macosx_arm64/build/venv/lib/python3.11/site-packages/setuptools/_distutils/dist.py:265: UserWarning: Unknown distribution option: 'bugtrack_url'
2022-12-27T11:14:46.3516990Z     warnings.warn(msg)
2022-12-27T11:14:46.3698910Z   running bdist_wheel
2022-12-27T11:14:46.3737890Z   running build
2022-12-27T11:14:46.3739710Z   running build_py
2022-12-27T11:14:46.3760750Z   creating build
2022-12-27T11:14:46.3763040Z   creating build/lib.macosx-11.0-arm64-cpython-311
2022-12-27T11:14:46.3765080Z   creating build/lib.macosx-11.0-arm64-cpython-311/lxml
2022-12-27T11:14:46.3766900Z   copying src/lxml/_elementpath.py -> build/lib.macosx-11.0-arm64-cpython-311/lxml
2022-12-27T11:14:46.3770420Z   copying src/lxml/sax.py -> build/lib.macosx-11.0-arm64-cpython-311/lxml
2022-12-27T11:14:46.3773650Z   copying src/lxml/pyclasslookup.py -> build/lib.macosx-11.0-arm64-cpython-311/lxml
2022-12-27T11:14:46.3776570Z   copying src/lxml/__init__.py -> build/lib.macosx-11.0-arm64-cpython-311/lxml
2022-12-27T11:14:46.3779840Z   copying src/lxml/builder.py -> build/lib.macosx-11.0-arm64-cpython-311/lxml
2022-12-27T11:14:46.3783350Z   copying src/lxml/doctestcompare.py -> build/lib.macosx-11.0-arm64-cpython-311/lxml
2022-12-27T11:14:46.3786200Z   copying src/lxml/usedoctest.py -> build/lib.macosx-11.0-arm64-cpython-311/lxml
2022-12-27T11:14:46.3789080Z   copying src/lxml/cssselect.py -> build/lib.macosx-11.0-arm64-cpython-311/lxml
2022-12-27T11:14:46.3791630Z   copying src/lxml/ElementInclude.py -> build/lib.macosx-11.0-arm64-cpython-311/lxml
2022-12-27T11:14:46.3796130Z   creating build/lib.macosx-11.0-arm64-cpython-311/lxml/includes
2022-12-27T11:14:46.3797380Z   copying src/lxml/includes/__init__.py -> build/lib.macosx-11.0-arm64-cpython-311/lxml/includes
2022-12-27T11:14:46.3803830Z   creating build/lib.macosx-11.0-arm64-cpython-311/lxml/html
2022-12-27T11:14:46.3804740Z   copying src/lxml/html/soupparser.py -> build/lib.macosx-11.0-arm64-cpython-311/lxml/html
2022-12-27T11:14:46.3808040Z   copying src/lxml/html/defs.py -> build/lib.macosx-11.0-arm64-cpython-311/lxml/html
2022-12-27T11:14:46.3810890Z   copying src/lxml/html/_setmixin.py -> build/lib.macosx-11.0-arm64-cpython-311/lxml/html
2022-12-27T11:14:46.3813930Z   copying src/lxml/html/clean.py -> build/lib.macosx-11.0-arm64-cpython-311/lxml/html
2022-12-27T11:14:46.3816430Z   copying src/lxml/html/_diffcommand.py -> build/lib.macosx-11.0-arm64-cpython-311/lxml/html
2022-12-27T11:14:46.3819750Z   copying src/lxml/html/html5parser.py -> build/lib.macosx-11.0-arm64-cpython-311/lxml/html
2022-12-27T11:14:46.3822670Z   copying src/lxml/html/__init__.py -> build/lib.macosx-11.0-arm64-cpython-311/lxml/html
2022-12-27T11:14:46.3826330Z   copying src/lxml/html/formfill.py -> build/lib.macosx-11.0-arm64-cpython-311/lxml/html
2022-12-27T11:14:46.3829560Z   copying src/lxml/html/builder.py -> build/lib.macosx-11.0-arm64-cpython-311/lxml/html
2022-12-27T11:14:46.3833120Z   copying src/lxml/html/ElementSoup.py -> build/lib.macosx-11.0-arm64-cpython-311/lxml/html
2022-12-27T11:14:46.3836270Z   copying src/lxml/html/_html5builder.py -> build/lib.macosx-11.0-arm64-cpython-311/lxml/html
2022-12-27T11:14:46.3839440Z   copying src/lxml/html/usedoctest.py -> build/lib.macosx-11.0-arm64-cpython-311/lxml/html
2022-12-27T11:14:46.3842420Z   copying src/lxml/html/diff.py -> build/lib.macosx-11.0-arm64-cpython-311/lxml/html
2022-12-27T11:14:46.3847660Z   creating build/lib.macosx-11.0-arm64-cpython-311/lxml/isoschematron
2022-12-27T11:14:46.3848920Z   copying src/lxml/isoschematron/__init__.py -> build/lib.macosx-11.0-arm64-cpython-311/lxml/isoschematron
2022-12-27T11:14:46.3871710Z   copying src/lxml/lxml.etree.h -> build/lib.macosx-11.0-arm64-cpython-311/lxml
2022-12-27T11:14:46.3875410Z   copying src/lxml/lxml.etree_api.h -> build/lib.macosx-11.0-arm64-cpython-311/lxml
2022-12-27T11:14:46.3878800Z   copying src/lxml/includes/xmlerror.pxd -> build/lib.macosx-11.0-arm64-cpython-311/lxml/includes
2022-12-27T11:14:46.3882610Z   copying src/lxml/includes/c14n.pxd -> build/lib.macosx-11.0-arm64-cpython-311/lxml/includes
2022-12-27T11:14:46.3884830Z   copying src/lxml/includes/xmlschema.pxd -> build/lib.macosx-11.0-arm64-cpython-311/lxml/includes
2022-12-27T11:14:46.3888510Z   copying src/lxml/includes/schematron.pxd -> build/lib.macosx-11.0-arm64-cpython-311/lxml/includes
2022-12-27T11:14:46.3891370Z   copying src/lxml/includes/tree.pxd -> build/lib.macosx-11.0-arm64-cpython-311/lxml/includes
2022-12-27T11:14:46.3894660Z   copying src/lxml/includes/uri.pxd -> build/lib.macosx-11.0-arm64-cpython-311/lxml/includes
2022-12-27T11:14:46.3898210Z   copying src/lxml/includes/etreepublic.pxd -> build/lib.macosx-11.0-arm64-cpython-311/lxml/includes
2022-12-27T11:14:46.3901410Z   copying src/lxml/includes/xpath.pxd -> build/lib.macosx-11.0-arm64-cpython-311/lxml/includes
2022-12-27T11:14:46.3904690Z   copying src/lxml/includes/htmlparser.pxd -> build/lib.macosx-11.0-arm64-cpython-311/lxml/includes
2022-12-27T11:14:46.3907740Z   copying src/lxml/includes/xslt.pxd -> build/lib.macosx-11.0-arm64-cpython-311/lxml/includes
2022-12-27T11:14:46.3910890Z   copying src/lxml/includes/config.pxd -> build/lib.macosx-11.0-arm64-cpython-311/lxml/includes
2022-12-27T11:14:46.3913930Z   copying src/lxml/includes/xmlparser.pxd -> build/lib.macosx-11.0-arm64-cpython-311/lxml/includes
2022-12-27T11:14:46.3917230Z   copying src/lxml/includes/xinclude.pxd -> build/lib.macosx-11.0-arm64-cpython-311/lxml/includes
2022-12-27T11:14:46.3920170Z   copying src/lxml/includes/dtdvalid.pxd -> build/lib.macosx-11.0-arm64-cpython-311/lxml/includes
2022-12-27T11:14:46.3922950Z   copying src/lxml/includes/relaxng.pxd -> build/lib.macosx-11.0-arm64-cpython-311/lxml/includes
2022-12-27T11:14:46.3926110Z   copying src/lxml/includes/lxml-version.h -> build/lib.macosx-11.0-arm64-cpython-311/lxml/includes
2022-12-27T11:14:46.3929440Z   copying src/lxml/includes/etree_defs.h -> build/lib.macosx-11.0-arm64-cpython-311/lxml/includes
2022-12-27T11:14:46.3932910Z   creating build/lib.macosx-11.0-arm64-cpython-311/lxml/isoschematron/resources
2022-12-27T11:14:46.3934200Z   creating build/lib.macosx-11.0-arm64-cpython-311/lxml/isoschematron/resources/rng
2022-12-27T11:14:46.3935550Z   copying src/lxml/isoschematron/resources/rng/iso-schematron.rng -> build/lib.macosx-11.0-arm64-cpython-311/lxml/isoschematron/resources/rng
2022-12-27T11:14:46.3938990Z   creating build/lib.macosx-11.0-arm64-cpython-311/lxml/isoschematron/resources/xsl
2022-12-27T11:14:46.3940470Z   copying src/lxml/isoschematron/resources/xsl/XSD2Schtrn.xsl -> build/lib.macosx-11.0-arm64-cpython-311/lxml/isoschematron/resources/xsl
2022-12-27T11:14:46.3944120Z   copying src/lxml/isoschematron/resources/xsl/RNG2Schtrn.xsl -> build/lib.macosx-11.0-arm64-cpython-311/lxml/isoschematron/resources/xsl
2022-12-27T11:14:46.3947560Z   creating build/lib.macosx-11.0-arm64-cpython-311/lxml/isoschematron/resources/xsl/iso-schematron-xslt1
2022-12-27T11:14:46.3948950Z   copying src/lxml/isoschematron/resources/xsl/iso-schematron-xslt1/iso_abstract_expand.xsl -> build/lib.macosx-11.0-arm64-cpython-311/lxml/isoschematron/resources/xsl/iso-schematron-xslt1
2022-12-27T11:14:46.3952420Z   copying src/lxml/isoschematron/resources/xsl/iso-schematron-xslt1/iso_dsdl_include.xsl -> build/lib.macosx-11.0-arm64-cpython-311/lxml/isoschematron/resources/xsl/iso-schematron-xslt1
2022-12-27T11:14:46.3956330Z   copying src/lxml/isoschematron/resources/xsl/iso-schematron-xslt1/iso_schematron_skeleton_for_xslt1.xsl -> build/lib.macosx-11.0-arm64-cpython-311/lxml/isoschematron/resources/xsl/iso-schematron-xslt1
2022-12-27T11:14:46.3960590Z   copying src/lxml/isoschematron/resources/xsl/iso-schematron-xslt1/iso_svrl_for_xslt1.xsl -> build/lib.macosx-11.0-arm64-cpython-311/lxml/isoschematron/resources/xsl/iso-schematron-xslt1
2022-12-27T11:14:46.3963890Z   copying src/lxml/isoschematron/resources/xsl/iso-schematron-xslt1/iso_schematron_message.xsl -> build/lib.macosx-11.0-arm64-cpython-311/lxml/isoschematron/resources/xsl/iso-schematron-xslt1
2022-12-27T11:14:46.3967140Z   copying src/lxml/isoschematron/resources/xsl/iso-schematron-xslt1/readme.txt -> build/lib.macosx-11.0-arm64-cpython-311/lxml/isoschematron/resources/xsl/iso-schematron-xslt1
2022-12-27T11:14:46.3978890Z   running build_ext
2022-12-27T11:14:46.4098490Z   building 'lxml.etree' extension
2022-12-27T11:14:46.4099970Z   creating build/temp.macosx-11.0-arm64-cpython-311
2022-12-27T11:14:46.4101570Z   creating build/temp.macosx-11.0-arm64-cpython-311/src
2022-12-27T11:14:46.4103100Z   creating build/temp.macosx-11.0-arm64-cpython-311/src/lxml
2022-12-27T11:14:46.4105580Z   clang -Wsign-compare -Wunreachable-code -fno-common -dynamic -DNDEBUG -g -fwrapv -O3 -Wall -g -I/usr/local/opt/openssl@3/include -I/usr/local/opt/openssl@3/include -arch arm64 -I/Library/Developer/CommandLineTools/SDKs/MacOSX12.1.sdk/usr/include -I/Users/runner/actions-runner/_work/python.build/python.build/build_lxml343311/lxml-3.4.3/src/lxml/includes -I/private/var/folders/51/hd414ycd67n82196sw51xqtc0000gn/T/cibw-run-1_y3s2eb/cp311-macosx_arm64/build/venv/include -I/Library/Frameworks/Python.framework/Versions/3.11/include/python3.11 -c src/lxml/lxml.etree.c -o build/temp.macosx-11.0-arm64-cpython-311/src/lxml/lxml.etree.o -w -flat_namespace
2022-12-27T11:14:46.5082580Z   src/lxml/lxml.etree.c:4147:23: error: expression is not assignable
2022-12-27T11:14:46.5083800Z           Py_SIZE(list) = len+1;
2022-12-27T11:14:46.5085150Z           ~~~~~~~~~~~~~ ^
2022-12-27T11:14:46.5086500Z   src/lxml/lxml.etree.c:4247:23: error: expression is not assignable
2022-12-27T11:14:46.5087920Z           Py_SIZE(list) = len+1;
2022-12-27T11:14:46.5089170Z           ~~~~~~~~~~~~~ ^
2022-12-27T11:14:47.0793480Z   src/lxml/lxml.etree.c:180871:5: error: expression is not assignable
2022-12-27T11:14:47.0794520Z       ++Py_REFCNT(o);
2022-12-27T11:14:47.0795870Z       ^ ~~~~~~~~~~~~
2022-12-27T11:14:47.0857630Z   src/lxml/lxml.etree.c:180873:5: error: expression is not assignable
2022-12-27T11:14:47.0858750Z       --Py_REFCNT(o);
2022-12-27T11:14:47.0858960Z       ^ ~~~~~~~~~~~~
2022-12-27T11:14:47.0859180Z   src/lxml/lxml.etree.c:180987:5: error: expression is not assignable
2022-12-27T11:14:47.0859430Z       ++Py_REFCNT(o);
2022-12-27T11:14:47.0859600Z       ^ ~~~~~~~~~~~~
2022-12-27T11:14:47.0859820Z   src/lxml/lxml.etree.c:180989:5: error: expression is not assignable
2022-12-27T11:14:47.0860090Z       --Py_REFCNT(o);
2022-12-27T11:14:47.0860230Z       ^ ~~~~~~~~~~~~
2022-12-27T11:14:47.0860430Z   src/lxml/lxml.etree.c:181611:5: error: expression is not assignable
2022-12-27T11:14:47.0860650Z       ++Py_REFCNT(o);
2022-12-27T11:14:47.0861740Z       ^ ~~~~~~~~~~~~
2022-12-27T11:14:47.0862220Z   src/lxml/lxml.etree.c:181613:5: error: expression is not assignable
2022-12-27T11:14:47.0862790Z       --Py_REFCNT(o);
2022-12-27T11:14:47.0863080Z       ^ ~~~~~~~~~~~~
2022-12-27T11:14:47.0932960Z   src/lxml/lxml.etree.c:183847:5: error: expression is not assignable
2022-12-27T11:14:47.0934590Z       ++Py_REFCNT(o);
2022-12-27T11:14:47.0935900Z       ^ ~~~~~~~~~~~~
2022-12-27T11:14:47.0937330Z   src/lxml/lxml.etree.c:183849:5: error: expression is not assignable
2022-12-27T11:14:47.0938720Z       --Py_REFCNT(o);
2022-12-27T11:14:47.0940060Z       ^ ~~~~~~~~~~~~
2022-12-27T11:14:47.1090910Z   src/lxml/lxml.etree.c:187684:5: error: expression is not assignable
2022-12-27T11:14:47.1092620Z       ++Py_REFCNT(o);
2022-12-27T11:14:47.1093950Z       ^ ~~~~~~~~~~~~
2022-12-27T11:14:47.1095570Z   src/lxml/lxml.etree.c:187686:5: error: expression is not assignable
2022-12-27T11:14:47.1097180Z       --Py_REFCNT(o);
2022-12-27T11:14:47.1098130Z       ^ ~~~~~~~~~~~~
2022-12-27T11:14:47.1114950Z   src/lxml/lxml.etree.c:188037:5: error: expression is not assignable
2022-12-27T11:14:47.1116480Z       ++Py_REFCNT(o);
2022-12-27T11:14:47.1118010Z       ^ ~~~~~~~~~~~~
2022-12-27T11:14:47.1119510Z   src/lxml/lxml.etree.c:188039:5: error: expression is not assignable
2022-12-27T11:14:47.1121200Z       --Py_REFCNT(o);
2022-12-27T11:14:47.1122530Z       ^ ~~~~~~~~~~~~
2022-12-27T11:14:47.1129710Z   src/lxml/lxml.etree.c:188268:5: error: expression is not assignable
2022-12-27T11:14:47.1130940Z       ++Py_REFCNT(o);
2022-12-27T11:14:47.1132210Z       ^ ~~~~~~~~~~~~
2022-12-27T11:14:47.1133400Z   src/lxml/lxml.etree.c:188270:5: error: expression is not assignable
2022-12-27T11:14:47.1134830Z       --Py_REFCNT(o);
2022-12-27T11:14:47.1135990Z       ^ ~~~~~~~~~~~~
2022-12-27T11:14:47.1137640Z   src/lxml/lxml.etree.c:188378:5: error: expression is not assignable
2022-12-27T11:14:47.1139330Z       ++Py_REFCNT(o);
2022-12-27T11:14:47.1140500Z       ^ ~~~~~~~~~~~~
2022-12-27T11:14:47.1142170Z   src/lxml/lxml.etree.c:188380:5: error: expression is not assignable
2022-12-27T11:14:47.1143600Z       --Py_REFCNT(o);
2022-12-27T11:14:47.1145000Z       ^ ~~~~~~~~~~~~
2022-12-27T11:14:47.1212680Z   src/lxml/lxml.etree.c:189810:5: error: expression is not assignable
2022-12-27T11:14:47.1214230Z       ++Py_REFCNT(o);
2022-12-27T11:14:47.1215760Z       ^ ~~~~~~~~~~~~
2022-12-27T11:14:47.1216910Z   fatal error: too many errors emitted, stopping now [-ferror-limit=]
2022-12-27T11:14:47.2191860Z   20 errors generated.
2022-12-27T11:14:47.2236100Z   error: command '/usr/bin/clang' failed with exit code 1
2022-12-27T11:14:47.2609340Z   error: subprocess-exited-with-error
2022-12-27T11:14:47.2609710Z   
2022-12-27T11:14:47.2610220Z   Ã— python setup.py bdist_wheel did not run successfully.
2022-12-27T11:14:47.2610600Z   â”‚ exit code: 1
2022-12-27T11:14:47.2610860Z   â•°â”€> See above for output.
2022-12-27T11:14:47.2611080Z   
2022-12-27T11:14:47.2611390Z   note: This error originates from a subprocess, and is likely not a problem with pip.
2022-12-27T11:14:47.2617510Z   full command: /private/var/folders/51/hd414ycd67n82196sw51xqtc0000gn/T/cibw-run-1_y3s2eb/cp311-macosx_arm64/build/venv/bin/python -u -c '
2022-12-27T11:14:47.2618160Z   exec(compile('"'"''"'"''"'"'
2022-12-27T11:14:47.2619300Z   # This is <pip-setuptools-caller> -- a caller that pip uses to run setup.py
2022-12-27T11:14:47.2619650Z   #
2022-12-27T11:14:47.2620290Z   # - It imports setuptools before invoking setup.py, to enable projects that directly
2022-12-27T11:14:47.2620770Z   #   import from `distutils.core` to work with newer packaging standards.
2022-12-27T11:14:47.2621300Z   # - It provides a clear error message when setuptools is not installed.
2022-12-27T11:14:47.2621790Z   # - It sets `sys.argv[0]` to the underlying `setup.py`, when invoking `setup.py` so
2022-12-27T11:14:47.2622360Z   #   setuptools doesn'"'"'t think the script is `-c`. This avoids the following warning:
2022-12-27T11:14:47.2623340Z   #     manifest_maker: standard file '"'"'-c'"'"' not found".
2022-12-27T11:14:47.2623880Z   # - It generates a shim setup.py, for handling setup.cfg-only projects.
2022-12-27T11:14:47.2624160Z   import os, sys, tokenize
2022-12-27T11:14:47.2624390Z   
2022-12-27T11:14:47.2624610Z   try:
2022-12-27T11:14:47.2624800Z       import setuptools
2022-12-27T11:14:47.2625080Z   except ImportError as error:
2022-12-27T11:14:47.2625340Z       print(
2022-12-27T11:14:47.2625580Z           "ERROR: Can not execute `setup.py` since setuptools is not available in "
2022-12-27T11:14:47.2625930Z           "the build environment.",
2022-12-27T11:14:47.2626190Z           file=sys.stderr,
2022-12-27T11:14:47.2626440Z       )
2022-12-27T11:14:47.2626620Z       sys.exit(1)
2022-12-27T11:14:47.2626820Z   
2022-12-27T11:14:47.2627060Z   __file__ = %r
2022-12-27T11:14:47.2627270Z   sys.argv[0] = __file__
2022-12-27T11:14:47.2627520Z   
2022-12-27T11:14:47.2627770Z   if os.path.exists(__file__):
2022-12-27T11:14:47.2628010Z       filename = __file__
2022-12-27T11:14:47.2628300Z       with tokenize.open(__file__) as f:
2022-12-27T11:14:47.2628790Z           setup_py_code = f.read()
2022-12-27T11:14:47.2629020Z   else:
2022-12-27T11:14:47.2629420Z       filename = "<auto-generated setuptools caller>"
2022-12-27T11:14:47.2629780Z       setup_py_code = "from setuptools import setup; setup()"
2022-12-27T11:14:47.2630020Z   
2022-12-27T11:14:47.2630320Z   exec(compile(setup_py_code, filename, "exec"))
2022-12-27T11:14:47.2631090Z   '"'"''"'"''"'"' % ('"'"'/Users/runner/actions-runner/_work/python.build/python.build/build_lxml343311/lxml-3.4.3/setup.py'"'"',), "<pip-setuptools-caller>", "exec"))' bdist_wheel -d /private/var/folders/51/hd414ycd67n82196sw51xqtc0000gn/T/pip-wheel-5oc_w_5j
2022-12-27T11:14:47.2631850Z   cwd: /Users/runner/actions-runner/_work/python.build/python.build/build_lxml343311/lxml-3.4.3/
2022-12-27T11:14:47.2632330Z   Building wheel for lxml (setup.py): finished with status 'error'
2022-12-27T11:14:47.2632690Z   ERROR: Failed building wheel for lxml
2022-12-27T11:14:47.2632960Z   Running command python setup.py clean
2022-12-27T11:14:47.2633280Z   Running setup.py clean for lxml
2022-12-27T11:14:47.4611710Z   Building lxml version 3.4.3.
2022-12-27T11:14:47.4612830Z   Building without Cython.
2022-12-27T11:14:47.4750170Z   Using build configuration of libxslt 1.1.29
2022-12-27T11:14:47.5687670Z   Building against libxml2/libxslt in the following directory: /Library/Developer/CommandLineTools/SDKs/MacOSX12.1.sdk/usr/lib
2022-12-27T11:14:47.5759710Z   /private/var/folders/51/hd414ycd67n82196sw51xqtc0000gn/T/cibw-run-1_y3s2eb/cp311-macosx_arm64/build/venv/lib/python3.11/site-packages/setuptools/_distutils/dist.py:265: UserWarning: Unknown distribution option: 'bugtrack_url'
2022-12-27T11:14:47.5761080Z     warnings.warn(msg)
2022-12-27T11:14:47.5847690Z   running clean
2022-12-27T11:14:47.5871050Z   removing 'build/temp.macosx-11.0-arm64-cpython-311' (and everything under it)
2022-12-27T11:14:47.5874160Z   removing 'build/lib.macosx-11.0-arm64-cpython-311' (and everything under it)
2022-12-27T11:14:47.5917330Z   'build/bdist.macosx-11.0-arm64' does not exist -- can't clean it
2022-12-27T11:14:47.5919390Z   'build/scripts-3.11' does not exist -- can't clean it
2022-12-27T11:14:47.5921220Z   removing 'build'
2022-12-27T11:14:47.6186310Z Failed to build lxml
2022-12-27T11:14:47.6190110Z ERROR: Failed to build one or more wheels
2022-12-27T11:14:47.6202310Z Exception information:
2022-12-27T11:14:47.6202540Z Traceback (most recent call last):
2022-12-27T11:14:47.6209820Z   File "/private/var/folders/51/hd414ycd67n82196sw51xqtc0000gn/T/cibw-run-1_y3s2eb/cp311-macosx_arm64/build/venv/lib/python3.11/site-packages/pip/_internal/cli/base_command.py", line 160, in exc_logging_wrapper
2022-12-27T11:14:47.6210280Z     status = run_func(*args)
2022-12-27T11:14:47.6210460Z              ^^^^^^^^^^^^^^^
2022-12-27T11:14:47.6211450Z   File "/private/var/folders/51/hd414ycd67n82196sw51xqtc0000gn/T/cibw-run-1_y3s2eb/cp311-macosx_arm64/build/venv/lib/python3.11/site-packages/pip/_internal/cli/req_command.py", line 247, in wrapper
2022-12-27T11:14:47.6211900Z     return func(self, options, args)
2022-12-27T11:14:47.6212140Z            ^^^^^^^^^^^^^^^^^^^^^^^^^
2022-12-27T11:14:47.6212680Z   File "/private/var/folders/51/hd414ycd67n82196sw51xqtc0000gn/T/cibw-run-1_y3s2eb/cp311-macosx_arm64/build/venv/lib/python3.11/site-packages/pip/_internal/commands/wheel.py", line 201, in run
2022-12-27T11:14:47.6213040Z     raise CommandError("Failed to build one or more wheels")
2022-12-27T11:14:47.6213350Z pip._internal.exceptions.CommandError: Failed to build one or more wheels
2022-12-27T11:14:47.6213910Z Removed build tracker: '/private/var/folders/51/hd414ycd67n82196sw51xqtc0000gn/T/pip-build-tracker-2e47ew7f'
2022-12-27T11:14:47.6636540Z ##[endgroup]
2022-12-27T11:14:47.6660430Z ##[error]Command ['python', '-m', 'pip', 'wheel', '/Users/runner/actions-runner/_work/python.build/python.build/build_lxml343311/lxml-3.4.3', '--wheel-dir=/private/var/folders/51/hd414ycd67n82196sw51xqtc0000gn/T/cibw-run-1_y3s2eb/cp311-macosx_arm64/built_wheel', '--no-deps', '-vvv'] failed with code 1. None
2022-12-27T11:14:47.6666840Z 
2022-12-27T11:14:47.6667210Z                                                               [31mâœ• [0m2.37s
2022-12-27T11:14:47.7152470Z ##[error]Process completed with exit code 1.
2022-12-27T11:14:47.7183690Z ##[group]Run rm -rf build_lxml343311 wheelsout
2022-12-27T11:14:47.7183890Z [36;1mrm -rf build_lxml343311 wheelsout[0m
2022-12-27T11:14:47.7200490Z shell: /bin/bash -e {0}
2022-12-27T11:14:47.7200620Z env:
2022-12-27T11:14:47.7200770Z   pythonLocation: /Users/runner/hostedtoolcache/Python/3.11.1/x64
2022-12-27T11:14:47.7200970Z   PKG_CONFIG_PATH: /Users/runner/hostedtoolcache/Python/3.11.1/x64/lib/pkgconfig
2022-12-27T11:14:47.7201160Z   Python_ROOT_DIR: /Users/runner/hostedtoolcache/Python/3.11.1/x64
2022-12-27T11:14:47.7201350Z   Python2_ROOT_DIR: /Users/runner/hostedtoolcache/Python/3.11.1/x64
2022-12-27T11:14:47.7201520Z   Python3_ROOT_DIR: /Users/runner/hostedtoolcache/Python/3.11.1/x64
2022-12-27T11:14:47.7201660Z ##[endgroup]
2022-12-27T11:14:47.7811290Z Cleaning up orphan processes
