2022-12-27T01:55:04.4949248Z Requested labels: self-hosted, macOS, X64
2022-12-27T01:55:04.4949334Z Job defined at: kilnbuild/python.build/.github/workflows/mac_arm_build.yml@refs/heads/main
2022-12-27T01:55:04.4949386Z Waiting for a runner to pick up this job...
2022-12-27T02:24:18.7164170Z Job is about to start running on the runner: kr2 (organization)
2022-12-27T02:24:26.0142440Z Current runner version: '2.300.2'
2022-12-27T02:24:26.0150270Z Runner name: 'kr2'
2022-12-27T02:24:26.0150720Z Runner group name: 'Default'
2022-12-27T02:24:26.0151570Z Machine name: 'kr2'
2022-12-27T02:24:26.0154250Z ##[group]GITHUB_TOKEN Permissions
2022-12-27T02:24:26.0154950Z Actions: write
2022-12-27T02:24:26.0155200Z Checks: write
2022-12-27T02:24:26.0155440Z Contents: write
2022-12-27T02:24:26.0155700Z Deployments: write
2022-12-27T02:24:26.0155950Z Discussions: write
2022-12-27T02:24:26.0156190Z Issues: write
2022-12-27T02:24:26.0156440Z Metadata: read
2022-12-27T02:24:26.0156680Z Packages: write
2022-12-27T02:24:26.0156930Z Pages: write
2022-12-27T02:24:26.0157190Z PullRequests: write
2022-12-27T02:24:26.0157470Z RepositoryProjects: write
2022-12-27T02:24:26.0157760Z SecurityEvents: write
2022-12-27T02:24:26.0158020Z Statuses: write
2022-12-27T02:24:26.0158260Z ##[endgroup]
2022-12-27T02:24:26.0161950Z Secret source: Actions
2022-12-27T02:24:26.0162450Z Prepare workflow directory
2022-12-27T02:24:26.1329200Z Prepare all required actions
2022-12-27T02:24:26.1538820Z Getting action download info
2022-12-27T02:24:26.5865190Z Download action repository 'actions/setup-python@v4' (SHA:5ccb29d8773c3f3f653e1705f474dfaa8a06a912)
2022-12-27T02:24:28.5254270Z Download action repository 'actions/upload-artifact@v3' (SHA:83fd05a356d7e2593de66fc9913b3002723633cb)
2022-12-27T02:24:30.0209750Z ##[group]Run echo '{
2022-12-27T02:24:30.0210300Z [36;1mecho '{[0m
2022-12-27T02:24:30.0210640Z [36;1m  "environment_variables": "GRPC_PYTHON_BUILD_WITH_CYTHON=1 GRPC_BUILD_WITH_BORING_SSL_ASM='' GRPC_PYTHON_BUILD_SYSTEM_OPENSSL=TRUE",[0m
2022-12-27T02:24:30.0211840Z [36;1m  "package_name": "grpcio",[0m
2022-12-27T02:24:30.0212270Z [36;1m  "package_url": "https://files.pythonhosted.org/packages/01/19/4a7be2cd9262bc08fec1d6a052f705b77684d7c04cdfaac8fe7f3683aa14/grpcio-0.12.0b0.tar.gz",[0m
2022-12-27T02:24:30.0212720Z [36;1m  "package_version": "0.12.0b0",[0m
2022-12-27T02:24:30.0213020Z [36;1m  "python_version": "3.8",[0m
2022-12-27T02:24:30.0213290Z [36;1m  "use_ccache": "true"[0m
2022-12-27T02:24:30.0213490Z [36;1m}'[0m
2022-12-27T02:24:30.0241160Z shell: /bin/bash -e {0}
2022-12-27T02:24:30.0241450Z ##[endgroup]
2022-12-27T02:24:30.0673150Z {
2022-12-27T02:24:30.0676260Z   "environment_variables": "GRPC_PYTHON_BUILD_WITH_CYTHON=1 GRPC_BUILD_WITH_BORING_SSL_ASM= GRPC_PYTHON_BUILD_SYSTEM_OPENSSL=TRUE",
2022-12-27T02:24:30.0676720Z   "package_name": "grpcio",
2022-12-27T02:24:30.0677920Z   "package_url": "https://files.pythonhosted.org/packages/01/19/4a7be2cd9262bc08fec1d6a052f705b77684d7c04cdfaac8fe7f3683aa14/grpcio-0.12.0b0.tar.gz",
2022-12-27T02:24:30.0678450Z   "package_version": "0.12.0b0",
2022-12-27T02:24:30.0678820Z   "python_version": "3.8",
2022-12-27T02:24:30.0679180Z   "use_ccache": "true"
2022-12-27T02:24:30.0679510Z }
2022-12-27T02:24:30.1055830Z ##[group]Run actions/setup-python@v4
2022-12-27T02:24:30.1056300Z with:
2022-12-27T02:24:30.1056640Z   python-version: 3.8
2022-12-27T02:24:30.1056910Z   check-latest: false
2022-12-27T02:24:30.1057490Z   token: ***
2022-12-27T02:24:30.1057920Z   update-environment: true
2022-12-27T02:24:30.1058200Z ##[endgroup]
2022-12-27T02:24:30.3211890Z ##[group]Installed versions
2022-12-27T02:24:30.3275230Z Successfully set up CPython (3.8.15)
2022-12-27T02:24:30.3276690Z ##[endgroup]
2022-12-27T02:24:30.3544480Z ##[group]Run if [ "true" == "true" ]
2022-12-27T02:24:30.3545010Z [36;1mif [ "true" == "true" ][0m
2022-12-27T02:24:30.3545420Z [36;1mthen[0m
2022-12-27T02:24:30.3545910Z [36;1m  echo "CCACHE_PATH_PREPEND=/usr/local/opt/ccache/libexec" >> $GITHUB_OUTPUT[0m
2022-12-27T02:24:30.3546360Z [36;1melse[0m
2022-12-27T02:24:30.3546770Z [36;1m  echo "CCACHE_PATH_PREPEND=" >> $GITHUB_OUTPUT[0m
2022-12-27T02:24:30.3547190Z [36;1mfi[0m
2022-12-27T02:24:30.3581850Z shell: /bin/bash -e {0}
2022-12-27T02:24:30.3582280Z env:
2022-12-27T02:24:30.3582730Z   pythonLocation: /Users/runner/hostedtoolcache/Python/3.8.15/x64
2022-12-27T02:24:30.3583190Z   PKG_CONFIG_PATH: /Users/runner/hostedtoolcache/Python/3.8.15/x64/lib/pkgconfig
2022-12-27T02:24:30.3584670Z   Python_ROOT_DIR: /Users/runner/hostedtoolcache/Python/3.8.15/x64
2022-12-27T02:24:30.3585200Z   Python2_ROOT_DIR: /Users/runner/hostedtoolcache/Python/3.8.15/x64
2022-12-27T02:24:30.3585750Z   Python3_ROOT_DIR: /Users/runner/hostedtoolcache/Python/3.8.15/x64
2022-12-27T02:24:30.3586200Z ##[endgroup]
2022-12-27T02:24:30.3888030Z ##[group]Run echo "BUILD_NAME=$(echo grpcio_0.12.0b0_3.8 | tr -dc '[:alnum:]\n\r' | tr '[:upper:]' '[:lower:]')" >> $GITHUB_OUTPUT
2022-12-27T02:24:30.3888660Z [36;1mecho "BUILD_NAME=$(echo grpcio_0.12.0b0_3.8 | tr -dc '[:alnum:]\n\r' | tr '[:upper:]' '[:lower:]')" >> $GITHUB_OUTPUT[0m
2022-12-27T02:24:30.3914900Z shell: /bin/bash -e {0}
2022-12-27T02:24:30.3915140Z env:
2022-12-27T02:24:30.3915420Z   pythonLocation: /Users/runner/hostedtoolcache/Python/3.8.15/x64
2022-12-27T02:24:30.3915740Z   PKG_CONFIG_PATH: /Users/runner/hostedtoolcache/Python/3.8.15/x64/lib/pkgconfig
2022-12-27T02:24:30.3916050Z   Python_ROOT_DIR: /Users/runner/hostedtoolcache/Python/3.8.15/x64
2022-12-27T02:24:30.3916410Z   Python2_ROOT_DIR: /Users/runner/hostedtoolcache/Python/3.8.15/x64
2022-12-27T02:24:30.3916750Z   Python3_ROOT_DIR: /Users/runner/hostedtoolcache/Python/3.8.15/x64
2022-12-27T02:24:30.3916990Z ##[endgroup]
2022-12-27T02:24:30.4163280Z ##[group]Run echo "PYTHON_NO_DOTS=$(echo 3.8 | tr -dc '[:alnum:]\n\r' | tr '[:upper:]' '[:lower:]')" >> $GITHUB_OUTPUT
2022-12-27T02:24:30.4163830Z [36;1mecho "PYTHON_NO_DOTS=$(echo 3.8 | tr -dc '[:alnum:]\n\r' | tr '[:upper:]' '[:lower:]')" >> $GITHUB_OUTPUT[0m
2022-12-27T02:24:30.4192110Z shell: /bin/bash -e {0}
2022-12-27T02:24:30.4192450Z env:
2022-12-27T02:24:30.4192830Z   pythonLocation: /Users/runner/hostedtoolcache/Python/3.8.15/x64
2022-12-27T02:24:30.4193270Z   PKG_CONFIG_PATH: /Users/runner/hostedtoolcache/Python/3.8.15/x64/lib/pkgconfig
2022-12-27T02:24:30.4193840Z   Python_ROOT_DIR: /Users/runner/hostedtoolcache/Python/3.8.15/x64
2022-12-27T02:24:30.4194370Z   Python2_ROOT_DIR: /Users/runner/hostedtoolcache/Python/3.8.15/x64
2022-12-27T02:24:30.4195990Z   Python3_ROOT_DIR: /Users/runner/hostedtoolcache/Python/3.8.15/x64
2022-12-27T02:24:30.4196310Z ##[endgroup]
2022-12-27T02:24:30.4480680Z ##[group]Run rm -rf build_grpcio0120b038
2022-12-27T02:24:30.4481420Z [36;1mrm -rf build_grpcio0120b038[0m
2022-12-27T02:24:30.4481830Z [36;1mmkdir build_grpcio0120b038[0m
2022-12-27T02:24:30.4482230Z [36;1mcd build_grpcio0120b038[0m
2022-12-27T02:24:30.4482900Z [36;1m/usr/local/bin/wget --quiet https://files.pythonhosted.org/packages/01/19/4a7be2cd9262bc08fec1d6a052f705b77684d7c04cdfaac8fe7f3683aa14/grpcio-0.12.0b0.tar.gz[0m
2022-12-27T02:24:30.4483460Z [36;1mtar xf *.tar.gz[0m
2022-12-27T02:24:30.4483850Z [36;1mcd grpcio-*/[0m
2022-12-27T02:24:30.4484260Z [36;1mpython -m pip install cibuildwheel==2.11.3[0m
2022-12-27T02:24:30.4484700Z [36;1mpython -m cibuildwheel --output-dir ../wheelsout[0m
2022-12-27T02:24:30.4518340Z shell: /bin/bash -e {0}
2022-12-27T02:24:30.4518780Z env:
2022-12-27T02:24:30.4519130Z   pythonLocation: /Users/runner/hostedtoolcache/Python/3.8.15/x64
2022-12-27T02:24:30.4519810Z   PKG_CONFIG_PATH: /Users/runner/hostedtoolcache/Python/3.8.15/x64/lib/pkgconfig
2022-12-27T02:24:30.4520340Z   Python_ROOT_DIR: /Users/runner/hostedtoolcache/Python/3.8.15/x64
2022-12-27T02:24:30.4520830Z   Python2_ROOT_DIR: /Users/runner/hostedtoolcache/Python/3.8.15/x64
2022-12-27T02:24:30.4521310Z   Python3_ROOT_DIR: /Users/runner/hostedtoolcache/Python/3.8.15/x64
2022-12-27T02:24:30.4521670Z   CIBW_ARCHS_MACOS: arm64
2022-12-27T02:24:30.4522120Z   CIBW_TEST_SKIP: *_arm64
2022-12-27T02:24:30.4522520Z   CIBW_BUILD: cp38-macosx_arm64
2022-12-27T02:24:30.4522840Z   CIBW_BUILD_FRONTEND: pip
2022-12-27T02:24:30.4523220Z   CIBW_BUILD_VERBOSITY: 3
2022-12-27T02:24:30.4524030Z   CIBW_ENVIRONMENT_MACOS: GRPC_PYTHON_BUILD_WITH_CYTHON=1 GRPC_BUILD_WITH_BORING_SSL_ASM='' GRPC_PYTHON_BUILD_SYSTEM_OPENSSL=TRUE CFLAGS="-I/usr/local/opt/openssl@3/include" LDFLAGS="-L/usr/local/opt/openssl@3/lib" CPPFLAGS="-I/usr/local/opt/openssl@3/include" MAKEFLAGS="-j$(sysctl -n hw.logicalcpu)" PATH=/usr/local/opt/ccache/libexec:$PATH
2022-12-27T02:24:30.4525380Z   CIBW_BEFORE_BUILD: pip install Cython; if [[ -f requirements.txt ]]; then pip install -r requirements.txt; fi
2022-12-27T02:24:30.4525890Z   MAKEFLAGS: -j$(sysctl -n hw.logicalcpu)
2022-12-27T02:24:30.4526210Z ##[endgroup]
2022-12-27T02:24:31.0731180Z Requirement already satisfied: cibuildwheel==2.11.3 in /Users/runner/hostedtoolcache/Python/3.8.15/x64/lib/python3.8/site-packages (2.11.3)
2022-12-27T02:24:31.1385980Z Requirement already satisfied: packaging>=20.9 in /Users/runner/hostedtoolcache/Python/3.8.15/x64/lib/python3.8/site-packages (from cibuildwheel==2.11.3) (22.0)
2022-12-27T02:24:31.1391190Z Requirement already satisfied: platformdirs in /Users/runner/hostedtoolcache/Python/3.8.15/x64/lib/python3.8/site-packages (from cibuildwheel==2.11.3) (2.6.0)
2022-12-27T02:24:31.1404940Z Requirement already satisfied: typing-extensions>=4.1.0 in /Users/runner/hostedtoolcache/Python/3.8.15/x64/lib/python3.8/site-packages (from cibuildwheel==2.11.3) (4.4.0)
2022-12-27T02:24:31.1408930Z Requirement already satisfied: filelock in /Users/runner/hostedtoolcache/Python/3.8.15/x64/lib/python3.8/site-packages (from cibuildwheel==2.11.3) (3.8.2)
2022-12-27T02:24:31.1415040Z Requirement already satisfied: bracex in /Users/runner/hostedtoolcache/Python/3.8.15/x64/lib/python3.8/site-packages (from cibuildwheel==2.11.3) (2.3.post1)
2022-12-27T02:24:31.1425320Z Requirement already satisfied: tomli in /Users/runner/hostedtoolcache/Python/3.8.15/x64/lib/python3.8/site-packages (from cibuildwheel==2.11.3) (2.0.1)
2022-12-27T02:24:31.1429880Z Requirement already satisfied: certifi in /Users/runner/hostedtoolcache/Python/3.8.15/x64/lib/python3.8/site-packages (from cibuildwheel==2.11.3) (2022.12.7)
2022-12-27T02:24:31.1437740Z Requirement already satisfied: bashlex!=0.13 in /Users/runner/hostedtoolcache/Python/3.8.15/x64/lib/python3.8/site-packages (from cibuildwheel==2.11.3) (0.16)
2022-12-27T02:24:31.4669830Z 
2022-12-27T02:24:31.4670980Z      _ _       _ _   _       _           _
2022-12-27T02:24:31.4672460Z  ___|_| |_ _ _|_| |_| |_ _ _| |_ ___ ___| |
2022-12-27T02:24:31.4676200Z |  _| | . | | | | | . | | | |   | -_| -_| |
2022-12-27T02:24:31.4677310Z |___|_|___|___|_|_|___|_____|_|_|___|___|_|
2022-12-27T02:24:31.4677710Z 
2022-12-27T02:24:31.4678030Z cibuildwheel version 2.11.3
2022-12-27T02:24:31.4678360Z 
2022-12-27T02:24:31.4678870Z Build options:
2022-12-27T02:24:31.4679210Z   platform: macos
2022-12-27T02:24:31.4865850Z   architectures: arm64[0m
2022-12-27T02:24:31.4866800Z   build_selector: 
2022-12-27T02:24:31.4872620Z     build_config: cp38-macosx_arm64
2022-12-27T02:24:31.4873280Z     skip_config: 
2022-12-27T02:24:31.4874110Z     requires_python: None
2022-12-27T02:24:31.4875160Z     prerelease_pythons: False[0m
2022-12-27T02:24:31.4875910Z   [38;5;244mcontainer_engine: docker[0m
2022-12-27T02:24:31.4877850Z   output_dir: /Users/runner/actions-runner/_work/python.build/python.build/build_grpcio0120b038/wheelsout[0m
2022-12-27T02:24:31.4879230Z   package_dir: /Users/runner/actions-runner/_work/python.build/python.build/build_grpcio0120b038/grpcio-0.12.0b0[0m
2022-12-27T02:24:31.4880090Z   test_selector: 
2022-12-27T02:24:31.4880820Z     skip_config: *_arm64[0m
2022-12-27T02:24:31.4881880Z   [38;5;244mbefore_all: [0m
2022-12-27T02:24:31.4882990Z   before_build: pip install Cython; if [[ -f requirements.txt ]]; then pip install -r requirements.txt; fi[0m
2022-12-27T02:24:31.4883840Z   [38;5;244mbefore_test: [0m
2022-12-27T02:24:31.4884640Z   [38;5;244mbuild_frontend: pip[0m
2022-12-27T02:24:31.4885470Z   build_verbosity: 3[0m
2022-12-27T02:24:31.4886390Z   [38;5;244mconfig_settings: [0m
2022-12-27T02:24:31.4887340Z   [38;5;244mdependency_constraints: pinned[0m
2022-12-27T02:24:31.4888040Z   environment: 
2022-12-27T02:24:31.4888750Z     GRPC_PYTHON_BUILD_WITH_CYTHON=1
2022-12-27T02:24:31.4889610Z     GRPC_BUILD_WITH_BORING_SSL_ASM=''
2022-12-27T02:24:31.4891900Z     GRPC_PYTHON_BUILD_SYSTEM_OPENSSL=TRUE
2022-12-27T02:24:31.4892850Z     CFLAGS="-I/usr/local/opt/openssl@3/include"
2022-12-27T02:24:31.4893640Z     LDFLAGS="-L/usr/local/opt/openssl@3/lib"
2022-12-27T02:24:31.4894660Z     CPPFLAGS="-I/usr/local/opt/openssl@3/include"
2022-12-27T02:24:31.4895820Z     MAKEFLAGS="-j$(sysctl -n hw.logicalcpu)"
2022-12-27T02:24:31.4896630Z     PATH=/usr/local/opt/ccache/libexec:$PATH[0m
2022-12-27T02:24:31.4897510Z   [38;5;244mmanylinux_images: None[0m
2022-12-27T02:24:31.4898340Z   [38;5;244mmusllinux_images: None[0m
2022-12-27T02:24:31.4899290Z   [38;5;244mrepair_command: delocate-wheel --require-archs {delocate_archs} -w {dest_dir} -v {wheel}[0m
2022-12-27T02:24:31.4900490Z   [38;5;244mtest_command: [0m
2022-12-27T02:24:31.4901300Z   [38;5;244mtest_extras: [0m
2022-12-27T02:24:31.4902090Z   [38;5;244mtest_requires: [0m
2022-12-27T02:24:31.4902350Z 
2022-12-27T02:24:31.4902740Z Cache folder: /Users/runner/Library/Caches/cibuildwheel
2022-12-27T02:24:31.4905900Z 
2022-12-27T02:24:31.4906930Z Here we go!
2022-12-27T02:24:31.4907640Z 
2022-12-27T02:24:31.5039580Z 
2022-12-27T02:24:31.5041430Z [1m[34mBuilding cp38-macosx_arm64 wheel[0m
2022-12-27T02:24:31.5042720Z CPython 3.8 macOS arm64 - Apple Silicon
2022-12-27T02:24:31.5043310Z 
2022-12-27T02:24:31.5047300Z ##[group]Installing Python cp38...
2022-12-27T02:24:31.5048000Z 
2022-12-27T02:24:31.5049730Z + pkgutil --pkgs
2022-12-27T02:24:31.5254300Z ##[endgroup]
2022-12-27T02:24:31.5256860Z                                                               [32m✓ [0m0.02s
2022-12-27T02:24:31.5258270Z ##[group]Setting up build environment...
2022-12-27T02:24:31.5258720Z 
2022-12-27T02:24:31.5286020Z + /Users/runner/hostedtoolcache/Python/3.8.15/x64/bin/python -sS /Users/runner/Library/Caches/cibuildwheel/virtualenv-20.17.0.pyz --activators= --no-periodic-update --pip=22.3.1 --setuptools=65.6.3 --wheel=0.38.4 --symlink-app-data --python /Library/Frameworks/Python.framework/Versions/3.8/bin/python3 /private/var/folders/51/hd414ycd67n82196sw51xqtc0000gn/T/cibw-run-0ike_1tf/cp38-macosx_arm64/build/venv
2022-12-27T02:24:31.8768950Z created virtual environment CPython3.8.10.final.0-64 in 86ms
2022-12-27T02:24:31.8770270Z   creator CPython3Posix(dest=/private/var/folders/51/hd414ycd67n82196sw51xqtc0000gn/T/cibw-run-0ike_1tf/cp38-macosx_arm64/build/venv, clear=False, no_vcs_ignore=False, global=False)
2022-12-27T02:24:31.8771190Z   seeder FromAppData(download=False, pip=22.3.1, setuptools=65.6.3, wheel=0.38.4, via=symlink, app_data_dir=/Users/runner/Library/Application Support/virtualenv)
2022-12-27T02:24:31.8771730Z     added seed packages: pip==22.3.1, setuptools==65.6.3, wheel==0.38.4
2022-12-27T02:24:31.9027340Z + python -m pip install --upgrade pip -c /Users/runner/hostedtoolcache/Python/3.8.15/x64/lib/python3.8/site-packages/cibuildwheel/resources/constraints-python38.txt
2022-12-27T02:24:32.4890350Z Requirement already satisfied: pip in ./lib/python3.8/site-packages (22.3.1)
2022-12-27T02:24:32.9948430Z + which pip
2022-12-27T02:24:32.9996530Z /private/var/folders/51/hd414ycd67n82196sw51xqtc0000gn/T/cibw-run-0ike_1tf/cp38-macosx_arm64/build/venv/bin/pip
2022-12-27T02:24:33.0001900Z + pip --version
2022-12-27T02:24:33.4118080Z pip 22.3.1 from /private/var/folders/51/hd414ycd67n82196sw51xqtc0000gn/T/cibw-run-0ike_1tf/cp38-macosx_arm64/build/venv/lib/python3.8/site-packages/pip (python 3.8)
2022-12-27T02:24:33.4699980Z + which pip
2022-12-27T02:24:33.4761740Z + which python
2022-12-27T02:24:33.4803060Z /private/var/folders/51/hd414ycd67n82196sw51xqtc0000gn/T/cibw-run-0ike_1tf/cp38-macosx_arm64/build/venv/bin/python
2022-12-27T02:24:33.4809350Z + python --version
2022-12-27T02:24:33.4912800Z Python 3.8.10
2022-12-27T02:24:33.4921290Z + which python
2022-12-27T02:24:33.5033060Z ##[endgroup]
2022-12-27T02:24:33.5034220Z                                                               [32m✓ [0m1.98s
2022-12-27T02:24:33.5036140Z ##[group]Installing build tools...
2022-12-27T02:24:33.5036590Z 
2022-12-27T02:24:33.5037640Z + pip install --upgrade setuptools wheel delocate -c /Users/runner/hostedtoolcache/Python/3.8.15/x64/lib/python3.8/site-packages/cibuildwheel/resources/constraints-python38.txt
2022-12-27T02:24:34.0233220Z Requirement already satisfied: setuptools in /private/var/folders/51/hd414ycd67n82196sw51xqtc0000gn/T/cibw-run-0ike_1tf/cp38-macosx_arm64/build/venv/lib/python3.8/site-packages (65.6.3)
2022-12-27T02:24:34.4375270Z Requirement already satisfied: wheel in /private/var/folders/51/hd414ycd67n82196sw51xqtc0000gn/T/cibw-run-0ike_1tf/cp38-macosx_arm64/build/venv/lib/python3.8/site-packages (0.38.4)
2022-12-27T02:24:34.5346980Z Collecting delocate
2022-12-27T02:24:34.5400090Z   Using cached delocate-0.10.3-py3-none-any.whl (142 kB)
2022-12-27T02:24:34.5993080Z Collecting packaging>=20.9
2022-12-27T02:24:34.6047440Z   Using cached packaging-21.3-py3-none-any.whl (40 kB)
2022-12-27T02:24:34.6381360Z Collecting typing-extensions
2022-12-27T02:24:34.6428910Z   Using cached typing_extensions-4.4.0-py3-none-any.whl (26 kB)
2022-12-27T02:24:34.7230060Z Collecting pyparsing!=3.0.5,>=2.0.2
2022-12-27T02:24:34.7285740Z   Using cached pyparsing-3.0.9-py3-none-any.whl (98 kB)
2022-12-27T02:24:34.8000170Z Installing collected packages: typing-extensions, pyparsing, packaging, delocate
2022-12-27T02:24:35.0313490Z Successfully installed delocate-0.10.3 packaging-21.3 pyparsing-3.0.9 typing-extensions-4.4.0
2022-12-27T02:24:35.1575980Z ##[endgroup]
2022-12-27T02:24:35.1577650Z                                                               [32m✓ [0m1.65s
2022-12-27T02:24:35.1578720Z ##[group]Running before_build...
2022-12-27T02:24:35.1579410Z 
2022-12-27T02:24:35.1597840Z + pip install Cython; if [[ -f requirements.txt ]]; then pip install -r requirements.txt; fi
2022-12-27T02:24:36.4223500Z Collecting Cython
2022-12-27T02:24:36.4333990Z   Using cached Cython-0.29.32-py2.py3-none-any.whl (986 kB)
2022-12-27T02:24:36.5185190Z Installing collected packages: Cython
2022-12-27T02:24:37.3213370Z Successfully installed Cython-0.29.32
2022-12-27T02:24:38.0511940Z Collecting enum34>=1.0.4
2022-12-27T02:24:38.0560770Z   Using cached enum34-1.1.10-py3-none-any.whl (11 kB)
2022-12-27T02:24:38.0859650Z Collecting futures>=2.2.0
2022-12-27T02:24:38.0862030Z   Using cached futures-3.0.5-py3-none-any.whl
2022-12-27T02:24:38.0942510Z Requirement already satisfied: cython>=0.23 in /private/var/folders/51/hd414ycd67n82196sw51xqtc0000gn/T/cibw-run-0ike_1tf/cp38-macosx_arm64/build/venv/lib/python3.8/site-packages (from -r requirements.txt (line 3)) (0.29.32)
2022-12-27T02:24:38.8420820Z Collecting coverage>=4.0
2022-12-27T02:24:38.8497790Z   Using cached coverage-7.0.1-cp38-cp38-macosx_10_9_x86_64.whl (187 kB)
2022-12-27T02:24:38.9264140Z Installing collected packages: futures, enum34, coverage
2022-12-27T02:24:39.0874380Z Successfully installed coverage-7.0.1 enum34-1.1.10 futures-3.0.5
2022-12-27T02:24:39.1934090Z ##[endgroup]
2022-12-27T02:24:39.1935770Z                                                               [32m✓ [0m4.04s
2022-12-27T02:24:39.1937050Z ##[group]Building wheel...
2022-12-27T02:24:39.1937490Z 
2022-12-27T02:24:39.1943550Z + python -m pip wheel /Users/runner/actions-runner/_work/python.build/python.build/build_grpcio0120b038/grpcio-0.12.0b0 --wheel-dir=/private/var/folders/51/hd414ycd67n82196sw51xqtc0000gn/T/cibw-run-0ike_1tf/cp38-macosx_arm64/built_wheel --no-deps -vvv
2022-12-27T02:24:39.6852250Z Created temporary directory: /private/var/folders/51/hd414ycd67n82196sw51xqtc0000gn/T/pip-ephem-wheel-cache-y3jzqdy4
2022-12-27T02:24:39.6859090Z Created temporary directory: /private/var/folders/51/hd414ycd67n82196sw51xqtc0000gn/T/pip-build-tracker-qu0f53qf
2022-12-27T02:24:39.6862700Z Initialized build tracking at /private/var/folders/51/hd414ycd67n82196sw51xqtc0000gn/T/pip-build-tracker-qu0f53qf
2022-12-27T02:24:39.6864290Z Created build tracker: /private/var/folders/51/hd414ycd67n82196sw51xqtc0000gn/T/pip-build-tracker-qu0f53qf
2022-12-27T02:24:39.6867380Z Entered build tracker: /private/var/folders/51/hd414ycd67n82196sw51xqtc0000gn/T/pip-build-tracker-qu0f53qf
2022-12-27T02:24:39.6873840Z Created temporary directory: /private/var/folders/51/hd414ycd67n82196sw51xqtc0000gn/T/pip-wheel-u0aym7at
2022-12-27T02:24:39.6884740Z Created temporary directory: /private/var/folders/51/hd414ycd67n82196sw51xqtc0000gn/T/pip-ephem-wheel-cache-pbowum8c
2022-12-27T02:24:39.7031460Z Processing /Users/runner/actions-runner/_work/python.build/python.build/build_grpcio0120b038/grpcio-0.12.0b0
2022-12-27T02:24:39.7041090Z   Added file:///Users/runner/actions-runner/_work/python.build/python.build/build_grpcio0120b038/grpcio-0.12.0b0 to build tracker '/private/var/folders/51/hd414ycd67n82196sw51xqtc0000gn/T/pip-build-tracker-qu0f53qf'
2022-12-27T02:24:39.7047800Z   Running setup.py (path:/Users/runner/actions-runner/_work/python.build/python.build/build_grpcio0120b038/grpcio-0.12.0b0/setup.py) egg_info for package from file:///Users/runner/actions-runner/_work/python.build/python.build/build_grpcio0120b038/grpcio-0.12.0b0
2022-12-27T02:24:39.7053670Z   Created temporary directory: /private/var/folders/51/hd414ycd67n82196sw51xqtc0000gn/T/pip-pip-egg-info-dnu_1_my
2022-12-27T02:24:39.7056370Z   Preparing metadata (setup.py): started
2022-12-27T02:24:39.7060040Z   Running command python setup.py egg_info
2022-12-27T02:24:45.6395220Z   Compiling grpc/_cython/cygrpc.pyx because it depends on /private/var/folders/51/hd414ycd67n82196sw51xqtc0000gn/T/cibw-run-0ike_1tf/cp38-macosx_arm64/build/venv/lib/python3.8/site-packages/Cython/Includes/libc/string.pxd.
2022-12-27T02:24:45.6396380Z   Compiling grpc/_cython/_cygrpc/call.pyx because it depends on /private/var/folders/51/hd414ycd67n82196sw51xqtc0000gn/T/cibw-run-0ike_1tf/cp38-macosx_arm64/build/venv/lib/python3.8/site-packages/Cython/Includes/libc/string.pxd.
2022-12-27T02:24:45.6400110Z   Compiling grpc/_cython/_cygrpc/channel.pyx because it depends on /private/var/folders/51/hd414ycd67n82196sw51xqtc0000gn/T/cibw-run-0ike_1tf/cp38-macosx_arm64/build/venv/lib/python3.8/site-packages/Cython/Includes/libc/string.pxd.
2022-12-27T02:24:45.6402970Z   Compiling grpc/_cython/_cygrpc/completion_queue.pyx because it depends on /private/var/folders/51/hd414ycd67n82196sw51xqtc0000gn/T/cibw-run-0ike_1tf/cp38-macosx_arm64/build/venv/lib/python3.8/site-packages/Cython/Includes/libc/string.pxd.
2022-12-27T02:24:45.6405190Z   Compiling grpc/_cython/_cygrpc/credentials.pyx because it depends on /private/var/folders/51/hd414ycd67n82196sw51xqtc0000gn/T/cibw-run-0ike_1tf/cp38-macosx_arm64/build/venv/lib/python3.8/site-packages/Cython/Includes/libc/string.pxd.
2022-12-27T02:24:45.6407590Z   Compiling grpc/_cython/_cygrpc/server.pyx because it depends on /private/var/folders/51/hd414ycd67n82196sw51xqtc0000gn/T/cibw-run-0ike_1tf/cp38-macosx_arm64/build/venv/lib/python3.8/site-packages/Cython/Includes/libc/string.pxd.
2022-12-27T02:24:45.6408970Z   [1/6] Cythonizing grpc/_cython/_cygrpc/call.pyx
2022-12-27T02:24:45.6412130Z   [2/6] Cythonizing grpc/_cython/_cygrpc/channel.pyx
2022-12-27T02:24:45.6414840Z   [3/6] Cythonizing grpc/_cython/_cygrpc/completion_queue.pyx
2022-12-27T02:24:45.6417310Z   [4/6] Cythonizing grpc/_cython/_cygrpc/credentials.pyx
2022-12-27T02:24:45.6420370Z   [5/6] Cythonizing grpc/_cython/_cygrpc/server.pyx
2022-12-27T02:24:45.6423830Z   [6/6] Cythonizing grpc/_cython/cygrpc.pyx
2022-12-27T02:25:04.9845710Z   running egg_info
2022-12-27T02:25:04.9855780Z   creating /private/var/folders/51/hd414ycd67n82196sw51xqtc0000gn/T/pip-pip-egg-info-dnu_1_my/grpcio.egg-info
2022-12-27T02:25:05.0040120Z   writing /private/var/folders/51/hd414ycd67n82196sw51xqtc0000gn/T/pip-pip-egg-info-dnu_1_my/grpcio.egg-info/PKG-INFO
2022-12-27T02:25:05.0045520Z   writing dependency_links to /private/var/folders/51/hd414ycd67n82196sw51xqtc0000gn/T/pip-pip-egg-info-dnu_1_my/grpcio.egg-info/dependency_links.txt
2022-12-27T02:25:05.0052110Z   writing requirements to /private/var/folders/51/hd414ycd67n82196sw51xqtc0000gn/T/pip-pip-egg-info-dnu_1_my/grpcio.egg-info/requires.txt
2022-12-27T02:25:05.0053140Z   writing top-level names to /private/var/folders/51/hd414ycd67n82196sw51xqtc0000gn/T/pip-pip-egg-info-dnu_1_my/grpcio.egg-info/top_level.txt
2022-12-27T02:25:05.0060540Z   writing manifest file '/private/var/folders/51/hd414ycd67n82196sw51xqtc0000gn/T/pip-pip-egg-info-dnu_1_my/grpcio.egg-info/SOURCES.txt'
2022-12-27T02:25:05.0716690Z   reading manifest file '/private/var/folders/51/hd414ycd67n82196sw51xqtc0000gn/T/pip-pip-egg-info-dnu_1_my/grpcio.egg-info/SOURCES.txt'
2022-12-27T02:25:05.0719290Z   reading manifest template 'MANIFEST.in'
2022-12-27T02:25:05.0880140Z   writing manifest file '/private/var/folders/51/hd414ycd67n82196sw51xqtc0000gn/T/pip-pip-egg-info-dnu_1_my/grpcio.egg-info/SOURCES.txt'
2022-12-27T02:25:05.0891100Z   /private/var/folders/51/hd414ycd67n82196sw51xqtc0000gn/T/cibw-run-0ike_1tf/cp38-macosx_arm64/build/venv/lib/python3.8/site-packages/Cython/Compiler/Main.py:369: FutureWarning: Cython directive 'language_level' not set, using 2 for now (Py2). This will change in a later release! File: /Users/runner/actions-runner/_work/python.build/python.build/build_grpcio0120b038/grpcio-0.12.0b0/grpc/_cython/_cygrpc/call.pxd
2022-12-27T02:25:05.0894260Z     tree = Parsing.p_module(s, pxd, full_module_name)
2022-12-27T02:25:05.0900430Z   warning: grpc/_cython/_cygrpc/grpc.pxd:143:13: 'GRPC_ARG_PRIMARY_USER_AGENT_STRING' redeclared
2022-12-27T02:25:05.0907810Z   /private/var/folders/51/hd414ycd67n82196sw51xqtc0000gn/T/cibw-run-0ike_1tf/cp38-macosx_arm64/build/venv/lib/python3.8/site-packages/Cython/Compiler/Main.py:369: FutureWarning: Cython directive 'language_level' not set, using 2 for now (Py2). This will change in a later release! File: /Users/runner/actions-runner/_work/python.build/python.build/build_grpcio0120b038/grpcio-0.12.0b0/grpc/_cython/_cygrpc/channel.pxd
2022-12-27T02:25:05.0909410Z     tree = Parsing.p_module(s, pxd, full_module_name)
2022-12-27T02:25:05.0911390Z   warning: grpc/_cython/_cygrpc/grpc.pxd:143:13: 'GRPC_ARG_PRIMARY_USER_AGENT_STRING' redeclared
2022-12-27T02:25:05.0917430Z   /private/var/folders/51/hd414ycd67n82196sw51xqtc0000gn/T/cibw-run-0ike_1tf/cp38-macosx_arm64/build/venv/lib/python3.8/site-packages/Cython/Compiler/Main.py:369: FutureWarning: Cython directive 'language_level' not set, using 2 for now (Py2). This will change in a later release! File: /Users/runner/actions-runner/_work/python.build/python.build/build_grpcio0120b038/grpcio-0.12.0b0/grpc/_cython/_cygrpc/completion_queue.pxd
2022-12-27T02:25:05.0920080Z     tree = Parsing.p_module(s, pxd, full_module_name)
2022-12-27T02:25:05.0921520Z   warning: grpc/_cython/_cygrpc/grpc.pxd:143:13: 'GRPC_ARG_PRIMARY_USER_AGENT_STRING' redeclared
2022-12-27T02:25:05.0924040Z   /private/var/folders/51/hd414ycd67n82196sw51xqtc0000gn/T/cibw-run-0ike_1tf/cp38-macosx_arm64/build/venv/lib/python3.8/site-packages/Cython/Compiler/Main.py:369: FutureWarning: Cython directive 'language_level' not set, using 2 for now (Py2). This will change in a later release! File: /Users/runner/actions-runner/_work/python.build/python.build/build_grpcio0120b038/grpcio-0.12.0b0/grpc/_cython/_cygrpc/credentials.pxd
2022-12-27T02:25:05.0926200Z     tree = Parsing.p_module(s, pxd, full_module_name)
2022-12-27T02:25:05.0928280Z   warning: grpc/_cython/_cygrpc/grpc.pxd:143:13: 'GRPC_ARG_PRIMARY_USER_AGENT_STRING' redeclared
2022-12-27T02:25:05.0931370Z   /private/var/folders/51/hd414ycd67n82196sw51xqtc0000gn/T/cibw-run-0ike_1tf/cp38-macosx_arm64/build/venv/lib/python3.8/site-packages/Cython/Compiler/Main.py:369: FutureWarning: Cython directive 'language_level' not set, using 2 for now (Py2). This will change in a later release! File: /Users/runner/actions-runner/_work/python.build/python.build/build_grpcio0120b038/grpcio-0.12.0b0/grpc/_cython/_cygrpc/server.pxd
2022-12-27T02:25:05.0933190Z     tree = Parsing.p_module(s, pxd, full_module_name)
2022-12-27T02:25:05.0935990Z   warning: grpc/_cython/_cygrpc/grpc.pxd:143:13: 'GRPC_ARG_PRIMARY_USER_AGENT_STRING' redeclared
2022-12-27T02:25:05.0940510Z   /private/var/folders/51/hd414ycd67n82196sw51xqtc0000gn/T/cibw-run-0ike_1tf/cp38-macosx_arm64/build/venv/lib/python3.8/site-packages/Cython/Compiler/Main.py:369: FutureWarning: Cython directive 'language_level' not set, using 2 for now (Py2). This will change in a later release! File: /Users/runner/actions-runner/_work/python.build/python.build/build_grpcio0120b038/grpcio-0.12.0b0/grpc/_cython/cygrpc.pyx
2022-12-27T02:25:05.0944040Z     tree = Parsing.p_module(s, pxd, full_module_name)
2022-12-27T02:25:05.0945260Z   warning: grpc/_cython/_cygrpc/grpc.pxd:143:13: 'GRPC_ARG_PRIMARY_USER_AGENT_STRING' redeclared
2022-12-27T02:25:05.1078940Z   /private/var/folders/51/hd414ycd67n82196sw51xqtc0000gn/T/cibw-run-0ike_1tf/cp38-macosx_arm64/build/venv/lib/python3.8/site-packages/setuptools/installer.py:27: SetuptoolsDeprecationWarning: setuptools.installer is deprecated. Requirements should be satisfied by a PEP 517 installer.
2022-12-27T02:25:05.1079480Z     warnings.warn(
2022-12-27T02:25:05.2064020Z   Preparing metadata (setup.py): finished with status 'done'
2022-12-27T02:25:05.2105330Z   Source in /Users/runner/actions-runner/_work/python.build/python.build/build_grpcio0120b038/grpcio-0.12.0b0 has version 0.12.0b0, which satisfies requirement grpcio==0.12.0b0 from file:///Users/runner/actions-runner/_work/python.build/python.build/build_grpcio0120b038/grpcio-0.12.0b0
2022-12-27T02:25:05.2109500Z   Removed grpcio==0.12.0b0 from file:///Users/runner/actions-runner/_work/python.build/python.build/build_grpcio0120b038/grpcio-0.12.0b0 from build tracker '/private/var/folders/51/hd414ycd67n82196sw51xqtc0000gn/T/pip-build-tracker-qu0f53qf'
2022-12-27T02:25:05.2323030Z Created temporary directory: /private/var/folders/51/hd414ycd67n82196sw51xqtc0000gn/T/pip-unpack-8o82a99m
2022-12-27T02:25:05.2325160Z Building wheels for collected packages: grpcio
2022-12-27T02:25:05.2336370Z   Created temporary directory: /private/var/folders/51/hd414ycd67n82196sw51xqtc0000gn/T/pip-wheel-h4ub84z5
2022-12-27T02:25:05.2337820Z   Building wheel for grpcio (setup.py): started
2022-12-27T02:25:05.2341480Z   Destination directory: /private/var/folders/51/hd414ycd67n82196sw51xqtc0000gn/T/pip-wheel-h4ub84z5
2022-12-27T02:25:05.2344340Z   Running command python setup.py bdist_wheel
2022-12-27T02:25:06.0024340Z   /private/var/folders/51/hd414ycd67n82196sw51xqtc0000gn/T/cibw-run-0ike_1tf/cp38-macosx_arm64/build/venv/lib/python3.8/site-packages/setuptools/installer.py:27: SetuptoolsDeprecationWarning: setuptools.installer is deprecated. Requirements should be satisfied by a PEP 517 installer.
2022-12-27T02:25:06.0026040Z     warnings.warn(
2022-12-27T02:25:07.0701610Z   Traceback (most recent call last):
2022-12-27T02:25:07.0720440Z     File "<string>", line 2, in <module>
2022-12-27T02:25:07.0721310Z     File "<pip-setuptools-caller>", line 34, in <module>
2022-12-27T02:25:07.0722040Z     File "/Users/runner/actions-runner/_work/python.build/python.build/build_grpcio0120b038/grpcio-0.12.0b0/setup.py", line 164, in <module>
2022-12-27T02:25:07.0722530Z       setuptools.setup(
2022-12-27T02:25:07.0723250Z     File "/private/var/folders/51/hd414ycd67n82196sw51xqtc0000gn/T/cibw-run-0ike_1tf/cp38-macosx_arm64/build/venv/lib/python3.8/site-packages/setuptools/__init__.py", line 86, in setup
2022-12-27T02:25:07.0723850Z       _install_setup_requires(attrs)
2022-12-27T02:25:07.0724650Z     File "/private/var/folders/51/hd414ycd67n82196sw51xqtc0000gn/T/cibw-run-0ike_1tf/cp38-macosx_arm64/build/venv/lib/python3.8/site-packages/setuptools/__init__.py", line 80, in _install_setup_requires
2022-12-27T02:25:07.0726000Z       dist.fetch_build_eggs(dist.setup_requires)
2022-12-27T02:25:07.0730020Z     File "/private/var/folders/51/hd414ycd67n82196sw51xqtc0000gn/T/cibw-run-0ike_1tf/cp38-macosx_arm64/build/venv/lib/python3.8/site-packages/setuptools/dist.py", line 874, in fetch_build_eggs
2022-12-27T02:25:07.0731280Z       resolved_dists = pkg_resources.working_set.resolve(
2022-12-27T02:25:07.0734160Z     File "/private/var/folders/51/hd414ycd67n82196sw51xqtc0000gn/T/cibw-run-0ike_1tf/cp38-macosx_arm64/build/venv/lib/python3.8/site-packages/pkg_resources/__init__.py", line 789, in resolve
2022-12-27T02:25:07.0741010Z       dist = best[req.key] = env.best_match(
2022-12-27T02:25:07.0747870Z     File "/private/var/folders/51/hd414ycd67n82196sw51xqtc0000gn/T/cibw-run-0ike_1tf/cp38-macosx_arm64/build/venv/lib/python3.8/site-packages/pkg_resources/__init__.py", line 1075, in best_match
2022-12-27T02:25:07.0749810Z       return self.obtain(req, installer)
2022-12-27T02:25:07.0753090Z     File "/private/var/folders/51/hd414ycd67n82196sw51xqtc0000gn/T/cibw-run-0ike_1tf/cp38-macosx_arm64/build/venv/lib/python3.8/site-packages/pkg_resources/__init__.py", line 1087, in obtain
2022-12-27T02:25:07.0755680Z       return installer(requirement)
2022-12-27T02:25:07.0758700Z     File "/private/var/folders/51/hd414ycd67n82196sw51xqtc0000gn/T/cibw-run-0ike_1tf/cp38-macosx_arm64/build/venv/lib/python3.8/site-packages/setuptools/dist.py", line 944, in fetch_build_egg
2022-12-27T02:25:07.0761190Z       return fetch_build_egg(self, req)
2022-12-27T02:25:07.0764590Z     File "/private/var/folders/51/hd414ycd67n82196sw51xqtc0000gn/T/cibw-run-0ike_1tf/cp38-macosx_arm64/build/venv/lib/python3.8/site-packages/setuptools/installer.py", line 87, in fetch_build_egg
2022-12-27T02:25:07.0766510Z       wheel.install_as_egg(dist_location)
2022-12-27T02:25:07.0770230Z     File "/private/var/folders/51/hd414ycd67n82196sw51xqtc0000gn/T/cibw-run-0ike_1tf/cp38-macosx_arm64/build/venv/lib/python3.8/site-packages/setuptools/wheel.py", line 110, in install_as_egg
2022-12-27T02:25:07.0772570Z       self._install_as_egg(destination_eggdir, zf)
2022-12-27T02:25:07.0775900Z     File "/private/var/folders/51/hd414ycd67n82196sw51xqtc0000gn/T/cibw-run-0ike_1tf/cp38-macosx_arm64/build/venv/lib/python3.8/site-packages/setuptools/wheel.py", line 118, in _install_as_egg
2022-12-27T02:25:07.0777880Z       self._convert_metadata(zf, destination_eggdir, dist_info, egg_info)
2022-12-27T02:25:07.0781230Z     File "/private/var/folders/51/hd414ycd67n82196sw51xqtc0000gn/T/cibw-run-0ike_1tf/cp38-macosx_arm64/build/venv/lib/python3.8/site-packages/setuptools/wheel.py", line 162, in _convert_metadata
2022-12-27T02:25:07.0783250Z       os.rename(dist_info, egg_info)
2022-12-27T02:25:07.0790120Z   OSError: [Errno 66] Directory not empty: '/Users/runner/actions-runner/_work/python.build/python.build/build_grpcio0120b038/grpcio-0.12.0b0/.eggs/MarkupSafe-2.1.1-py3.8-macosx-11.0-arm64.egg/MarkupSafe-2.1.1.dist-info' -> '/Users/runner/actions-runner/_work/python.build/python.build/build_grpcio0120b038/grpcio-0.12.0b0/.eggs/MarkupSafe-2.1.1-py3.8-macosx-11.0-arm64.egg/EGG-INFO'
2022-12-27T02:25:07.1618180Z   error: subprocess-exited-with-error
2022-12-27T02:25:07.1619250Z   
2022-12-27T02:25:07.1620580Z   × python setup.py bdist_wheel did not run successfully.
2022-12-27T02:25:07.1621660Z   │ exit code: 1
2022-12-27T02:25:07.1622530Z   ╰─> See above for output.
2022-12-27T02:25:07.1623360Z   
2022-12-27T02:25:07.1624250Z   note: This error originates from a subprocess, and is likely not a problem with pip.
2022-12-27T02:25:07.1635170Z   full command: /private/var/folders/51/hd414ycd67n82196sw51xqtc0000gn/T/cibw-run-0ike_1tf/cp38-macosx_arm64/build/venv/bin/python -u -c '
2022-12-27T02:25:07.1635970Z   exec(compile('"'"''"'"''"'"'
2022-12-27T02:25:07.1636720Z   # This is <pip-setuptools-caller> -- a caller that pip uses to run setup.py
2022-12-27T02:25:07.1637210Z   #
2022-12-27T02:25:07.1637780Z   # - It imports setuptools before invoking setup.py, to enable projects that directly
2022-12-27T02:25:07.1638540Z   #   import from `distutils.core` to work with newer packaging standards.
2022-12-27T02:25:07.1640160Z   # - It provides a clear error message when setuptools is not installed.
2022-12-27T02:25:07.1641420Z   # - It sets `sys.argv[0]` to the underlying `setup.py`, when invoking `setup.py` so
2022-12-27T02:25:07.1643000Z   #   setuptools doesn'"'"'t think the script is `-c`. This avoids the following warning:
2022-12-27T02:25:07.1644050Z   #     manifest_maker: standard file '"'"'-c'"'"' not found".
2022-12-27T02:25:07.1645330Z   # - It generates a shim setup.py, for handling setup.cfg-only projects.
2022-12-27T02:25:07.1647100Z   import os, sys, tokenize
2022-12-27T02:25:07.1647740Z   
2022-12-27T02:25:07.1648210Z   try:
2022-12-27T02:25:07.1648820Z       import setuptools
2022-12-27T02:25:07.1649510Z   except ImportError as error:
2022-12-27T02:25:07.1650770Z   Building wheel for grpcio (setup.py): finished with status 'error'
2022-12-27T02:25:07.1651420Z       print(
2022-12-27T02:25:07.1652040Z           "ERROR: Can not execute `setup.py` since setuptools is not available in "
2022-12-27T02:25:07.1653230Z           "the build environment.",
2022-12-27T02:25:07.1653800Z           file=sys.stderr,
2022-12-27T02:25:07.1654410Z       )
2022-12-27T02:25:07.1655010Z       sys.exit(1)
2022-12-27T02:25:07.1655810Z   
2022-12-27T02:25:07.1656390Z   __file__ = %r
2022-12-27T02:25:07.1657020Z   sys.argv[0] = __file__
2022-12-27T02:25:07.1657520Z   
2022-12-27T02:25:07.1658140Z   if os.path.exists(__file__):
2022-12-27T02:25:07.1658810Z       filename = __file__
2022-12-27T02:25:07.1659390Z       with tokenize.open(__file__) as f:
2022-12-27T02:25:07.1661080Z   Running setup.py clean for grpcio
2022-12-27T02:25:07.1662190Z           setup_py_code = f.read()
2022-12-27T02:25:07.1662870Z   else:
2022-12-27T02:25:07.1663810Z       filename = "<auto-generated setuptools caller>"
2022-12-27T02:25:07.1664510Z       setup_py_code = "from setuptools import setup; setup()"
2022-12-27T02:25:07.1665360Z   
2022-12-27T02:25:07.1666070Z   exec(compile(setup_py_code, filename, "exec"))
2022-12-27T02:25:07.1667590Z   '"'"''"'"''"'"' % ('"'"'/Users/runner/actions-runner/_work/python.build/python.build/build_grpcio0120b038/grpcio-0.12.0b0/setup.py'"'"',), "<pip-setuptools-caller>", "exec"))' bdist_wheel -d /private/var/folders/51/hd414ycd67n82196sw51xqtc0000gn/T/pip-wheel-h4ub84z5
2022-12-27T02:25:07.1669410Z   cwd: /Users/runner/actions-runner/_work/python.build/python.build/build_grpcio0120b038/grpcio-0.12.0b0/
2022-12-27T02:25:07.1670340Z   ERROR: Failed building wheel for grpcio
2022-12-27T02:25:07.1671110Z   Running command python setup.py clean
2022-12-27T02:25:07.9250350Z   /private/var/folders/51/hd414ycd67n82196sw51xqtc0000gn/T/cibw-run-0ike_1tf/cp38-macosx_arm64/build/venv/lib/python3.8/site-packages/setuptools/installer.py:27: SetuptoolsDeprecationWarning: setuptools.installer is deprecated. Requirements should be satisfied by a PEP 517 installer.
2022-12-27T02:25:07.9251670Z     warnings.warn(
2022-12-27T02:25:08.9686360Z   Traceback (most recent call last):
2022-12-27T02:25:08.9691940Z     File "<string>", line 2, in <module>
2022-12-27T02:25:08.9694000Z     File "<pip-setuptools-caller>", line 34, in <module>
2022-12-27T02:25:08.9696500Z     File "/Users/runner/actions-runner/_work/python.build/python.build/build_grpcio0120b038/grpcio-0.12.0b0/setup.py", line 164, in <module>
2022-12-27T02:25:08.9698090Z       setuptools.setup(
2022-12-27T02:25:08.9702120Z     File "/private/var/folders/51/hd414ycd67n82196sw51xqtc0000gn/T/cibw-run-0ike_1tf/cp38-macosx_arm64/build/venv/lib/python3.8/site-packages/setuptools/__init__.py", line 86, in setup
2022-12-27T02:25:08.9703700Z       _install_setup_requires(attrs)
2022-12-27T02:25:08.9707440Z     File "/private/var/folders/51/hd414ycd67n82196sw51xqtc0000gn/T/cibw-run-0ike_1tf/cp38-macosx_arm64/build/venv/lib/python3.8/site-packages/setuptools/__init__.py", line 80, in _install_setup_requires
2022-12-27T02:25:08.9709230Z       dist.fetch_build_eggs(dist.setup_requires)
2022-12-27T02:25:08.9712770Z     File "/private/var/folders/51/hd414ycd67n82196sw51xqtc0000gn/T/cibw-run-0ike_1tf/cp38-macosx_arm64/build/venv/lib/python3.8/site-packages/setuptools/dist.py", line 874, in fetch_build_eggs
2022-12-27T02:25:08.9714630Z       resolved_dists = pkg_resources.working_set.resolve(
2022-12-27T02:25:08.9718300Z     File "/private/var/folders/51/hd414ycd67n82196sw51xqtc0000gn/T/cibw-run-0ike_1tf/cp38-macosx_arm64/build/venv/lib/python3.8/site-packages/pkg_resources/__init__.py", line 789, in resolve
2022-12-27T02:25:08.9720660Z       dist = best[req.key] = env.best_match(
2022-12-27T02:25:08.9724320Z     File "/private/var/folders/51/hd414ycd67n82196sw51xqtc0000gn/T/cibw-run-0ike_1tf/cp38-macosx_arm64/build/venv/lib/python3.8/site-packages/pkg_resources/__init__.py", line 1075, in best_match
2022-12-27T02:25:08.9725990Z       return self.obtain(req, installer)
2022-12-27T02:25:08.9730860Z     File "/private/var/folders/51/hd414ycd67n82196sw51xqtc0000gn/T/cibw-run-0ike_1tf/cp38-macosx_arm64/build/venv/lib/python3.8/site-packages/pkg_resources/__init__.py", line 1087, in obtain
2022-12-27T02:25:08.9731960Z       return installer(requirement)
2022-12-27T02:25:08.9735310Z     File "/private/var/folders/51/hd414ycd67n82196sw51xqtc0000gn/T/cibw-run-0ike_1tf/cp38-macosx_arm64/build/venv/lib/python3.8/site-packages/setuptools/dist.py", line 944, in fetch_build_egg
2022-12-27T02:25:08.9737000Z       return fetch_build_egg(self, req)
2022-12-27T02:25:08.9740680Z     File "/private/var/folders/51/hd414ycd67n82196sw51xqtc0000gn/T/cibw-run-0ike_1tf/cp38-macosx_arm64/build/venv/lib/python3.8/site-packages/setuptools/installer.py", line 87, in fetch_build_egg
2022-12-27T02:25:08.9742050Z       wheel.install_as_egg(dist_location)
2022-12-27T02:25:08.9746770Z     File "/private/var/folders/51/hd414ycd67n82196sw51xqtc0000gn/T/cibw-run-0ike_1tf/cp38-macosx_arm64/build/venv/lib/python3.8/site-packages/setuptools/wheel.py", line 110, in install_as_egg
2022-12-27T02:25:08.9748060Z       self._install_as_egg(destination_eggdir, zf)
2022-12-27T02:25:08.9751960Z     File "/private/var/folders/51/hd414ycd67n82196sw51xqtc0000gn/T/cibw-run-0ike_1tf/cp38-macosx_arm64/build/venv/lib/python3.8/site-packages/setuptools/wheel.py", line 118, in _install_as_egg
2022-12-27T02:25:08.9753480Z       self._convert_metadata(zf, destination_eggdir, dist_info, egg_info)
2022-12-27T02:25:08.9756930Z     File "/private/var/folders/51/hd414ycd67n82196sw51xqtc0000gn/T/cibw-run-0ike_1tf/cp38-macosx_arm64/build/venv/lib/python3.8/site-packages/setuptools/wheel.py", line 162, in _convert_metadata
2022-12-27T02:25:08.9758500Z       os.rename(dist_info, egg_info)
2022-12-27T02:25:08.9763670Z   OSError: [Errno 66] Directory not empty: '/Users/runner/actions-runner/_work/python.build/python.build/build_grpcio0120b038/grpcio-0.12.0b0/.eggs/MarkupSafe-2.1.1-py3.8-macosx-11.0-arm64.egg/MarkupSafe-2.1.1.dist-info' -> '/Users/runner/actions-runner/_work/python.build/python.build/build_grpcio0120b038/grpcio-0.12.0b0/.eggs/MarkupSafe-2.1.1-py3.8-macosx-11.0-arm64.egg/EGG-INFO'
2022-12-27T02:25:09.0542010Z   error: subprocess-exited-with-error
2022-12-27T02:25:09.0542600Z   
2022-12-27T02:25:09.0543650Z   × python setup.py clean did not run successfully.
2022-12-27T02:25:09.0544520Z   │ exit code: 1
2022-12-27T02:25:09.0545180Z   ╰─> See above for output.
2022-12-27T02:25:09.0545940Z   
2022-12-27T02:25:09.0546660Z   note: This error originates from a subprocess, and is likely not a problem with pip.
2022-12-27T02:25:09.0563250Z   full command: /private/var/folders/51/hd414ycd67n82196sw51xqtc0000gn/T/cibw-run-0ike_1tf/cp38-macosx_arm64/build/venv/bin/python -u -c '
2022-12-27T02:25:09.0564320Z   exec(compile('"'"''"'"''"'"'
2022-12-27T02:25:09.0565450Z   # This is <pip-setuptools-caller> -- a caller that pip uses to run setup.py
2022-12-27T02:25:09.0566090Z   #
2022-12-27T02:25:09.0566970Z   # - It imports setuptools before invoking setup.py, to enable projects that directly
2022-12-27T02:25:09.0567940Z   #   import from `distutils.core` to work with newer packaging standards.
2022-12-27T02:25:09.0569180Z   # - It provides a clear error message when setuptools is not installed.
2022-12-27T02:25:09.0570200Z   # - It sets `sys.argv[0]` to the underlying `setup.py`, when invoking `setup.py` so
2022-12-27T02:25:09.0571040Z   #   setuptools doesn'"'"'t think the script is `-c`. This avoids the following warning:
2022-12-27T02:25:09.0572040Z   #     manifest_maker: standard file '"'"'-c'"'"' not found".
2022-12-27T02:25:09.0573090Z   # - It generates a shim setup.py, for handling setup.cfg-only projects.
2022-12-27T02:25:09.0573890Z   import os, sys, tokenize
2022-12-27T02:25:09.0575320Z   
2022-12-27T02:25:09.0575860Z   try:
2022-12-27T02:25:09.0576380Z       import setuptools
2022-12-27T02:25:09.0576710Z   except ImportError as error:
2022-12-27T02:25:09.0577060Z       print(
2022-12-27T02:25:09.0577400Z           "ERROR: Can not execute `setup.py` since setuptools is not available in "
2022-12-27T02:25:09.0577740Z           "the build environment.",
2022-12-27T02:25:09.0578070Z           file=sys.stderr,
2022-12-27T02:25:09.0578410Z       )
2022-12-27T02:25:09.0579160Z       sys.exit(1)
2022-12-27T02:25:09.0579460Z   
2022-12-27T02:25:09.0579750Z   __file__ = %r
2022-12-27T02:25:09.0580010Z   sys.argv[0] = __file__
2022-12-27T02:25:09.0580320Z   
2022-12-27T02:25:09.0580630Z   if os.path.exists(__file__):
2022-12-27T02:25:09.0580910Z       filename = __file__
2022-12-27T02:25:09.0581260Z       with tokenize.open(__file__) as f:
2022-12-27T02:25:09.0581620Z           setup_py_code = f.read()
2022-12-27T02:25:09.0581880Z   else:
2022-12-27T02:25:09.0582290Z       filename = "<auto-generated setuptools caller>"
2022-12-27T02:25:09.0582710Z       setup_py_code = "from setuptools import setup; setup()"
2022-12-27T02:25:09.0583070Z   
2022-12-27T02:25:09.0583350Z   exec(compile(setup_py_code, filename, "exec"))
2022-12-27T02:25:09.0584210Z   '"'"''"'"''"'"' % ('"'"'/Users/runner/actions-runner/_work/python.build/python.build/build_grpcio0120b038/grpcio-0.12.0b0/setup.py'"'"',), "<pip-setuptools-caller>", "exec"))' clean --all
2022-12-27T02:25:09.0584930Z   cwd: /Users/runner/actions-runner/_work/python.build/python.build/build_grpcio0120b038/grpcio-0.12.0b0
2022-12-27T02:25:09.0585390Z   ERROR: Failed cleaning build dir for grpcio
2022-12-27T02:25:09.0592870Z Failed to build grpcio
2022-12-27T02:25:09.0602050Z ERROR: Failed to build one or more wheels
2022-12-27T02:25:09.0619440Z Exception information:
2022-12-27T02:25:09.0620060Z Traceback (most recent call last):
2022-12-27T02:25:09.0622090Z   File "/private/var/folders/51/hd414ycd67n82196sw51xqtc0000gn/T/cibw-run-0ike_1tf/cp38-macosx_arm64/build/venv/lib/python3.8/site-packages/pip/_internal/cli/base_command.py", line 160, in exc_logging_wrapper
2022-12-27T02:25:09.0623030Z     status = run_func(*args)
2022-12-27T02:25:09.0624960Z   File "/private/var/folders/51/hd414ycd67n82196sw51xqtc0000gn/T/cibw-run-0ike_1tf/cp38-macosx_arm64/build/venv/lib/python3.8/site-packages/pip/_internal/cli/req_command.py", line 247, in wrapper
2022-12-27T02:25:09.0625940Z     return func(self, options, args)
2022-12-27T02:25:09.0627280Z   File "/private/var/folders/51/hd414ycd67n82196sw51xqtc0000gn/T/cibw-run-0ike_1tf/cp38-macosx_arm64/build/venv/lib/python3.8/site-packages/pip/_internal/commands/wheel.py", line 201, in run
2022-12-27T02:25:09.0628220Z     raise CommandError("Failed to build one or more wheels")
2022-12-27T02:25:09.0629060Z pip._internal.exceptions.CommandError: Failed to build one or more wheels
2022-12-27T02:25:09.0630000Z Removed build tracker: '/private/var/folders/51/hd414ycd67n82196sw51xqtc0000gn/T/pip-build-tracker-qu0f53qf'
2022-12-27T02:25:09.1457270Z ##[endgroup]
2022-12-27T02:25:09.1458280Z                                                              [31m✕ [0m29.95s
2022-12-27T02:25:09.2359080Z ##[error]Command ['python', '-m', 'pip', 'wheel', '/Users/runner/actions-runner/_work/python.build/python.build/build_grpcio0120b038/grpcio-0.12.0b0', '--wheel-dir=/private/var/folders/51/hd414ycd67n82196sw51xqtc0000gn/T/cibw-run-0ike_1tf/cp38-macosx_arm64/built_wheel', '--no-deps', '-vvv'] failed with code 1. None
2022-12-27T02:25:09.2369450Z 
2022-12-27T02:25:09.2577910Z ##[error]Process completed with exit code 1.
2022-12-27T02:25:09.2632920Z ##[group]Run rm -rf build_grpcio0120b038 wheelsout
2022-12-27T02:25:09.2633320Z [36;1mrm -rf build_grpcio0120b038 wheelsout[0m
2022-12-27T02:25:09.2662120Z shell: /bin/bash -e {0}
2022-12-27T02:25:09.2662300Z env:
2022-12-27T02:25:09.2662550Z   pythonLocation: /Users/runner/hostedtoolcache/Python/3.8.15/x64
2022-12-27T02:25:09.2662880Z   PKG_CONFIG_PATH: /Users/runner/hostedtoolcache/Python/3.8.15/x64/lib/pkgconfig
2022-12-27T02:25:09.2663480Z   Python_ROOT_DIR: /Users/runner/hostedtoolcache/Python/3.8.15/x64
2022-12-27T02:25:09.2663790Z   Python2_ROOT_DIR: /Users/runner/hostedtoolcache/Python/3.8.15/x64
2022-12-27T02:25:09.2664090Z   Python3_ROOT_DIR: /Users/runner/hostedtoolcache/Python/3.8.15/x64
2022-12-27T02:25:09.2664330Z ##[endgroup]
2022-12-27T02:25:09.7183380Z Cleaning up orphan processes
