2022-12-27T08:52:21.7516940Z Requested labels: self-hosted, macOS, X64
2022-12-27T08:52:21.7517013Z Job defined at: kilnbuild/python.build/.github/workflows/mac_arm_build.yml@refs/heads/main
2022-12-27T08:52:21.7517039Z Waiting for a runner to pick up this job...
2022-12-27T11:24:02.6073416Z Job is about to start running on the runner: k1 (organization)
2022-12-27T11:24:06.4817040Z Current runner version: '2.300.2'
2022-12-27T11:24:06.4821950Z Runner name: 'k1'
2022-12-27T11:24:06.4822200Z Runner group name: 'Default'
2022-12-27T11:24:06.4822700Z Machine name: 'k1'
2022-12-27T11:24:06.4824160Z ##[group]GITHUB_TOKEN Permissions
2022-12-27T11:24:06.4824560Z Actions: write
2022-12-27T11:24:06.4824700Z Checks: write
2022-12-27T11:24:06.4824830Z Contents: write
2022-12-27T11:24:06.4824970Z Deployments: write
2022-12-27T11:24:06.4825100Z Discussions: write
2022-12-27T11:24:06.4825240Z Issues: write
2022-12-27T11:24:06.4825360Z Metadata: read
2022-12-27T11:24:06.4825490Z Packages: write
2022-12-27T11:24:06.4825620Z Pages: write
2022-12-27T11:24:06.4825750Z PullRequests: write
2022-12-27T11:24:06.4825920Z RepositoryProjects: write
2022-12-27T11:24:06.4826080Z SecurityEvents: write
2022-12-27T11:24:06.4826220Z Statuses: write
2022-12-27T11:24:06.4826350Z ##[endgroup]
2022-12-27T11:24:06.4828950Z Secret source: Actions
2022-12-27T11:24:06.4829270Z Prepare workflow directory
2022-12-27T11:24:06.5470630Z Prepare all required actions
2022-12-27T11:24:06.5589520Z Getting action download info
2022-12-27T11:24:07.0121960Z Download action repository 'actions/setup-python@v4' (SHA:5ccb29d8773c3f3f653e1705f474dfaa8a06a912)
2022-12-27T11:24:08.7918090Z Download action repository 'actions/upload-artifact@v3' (SHA:83fd05a356d7e2593de66fc9913b3002723633cb)
2022-12-27T11:24:10.1085110Z ##[group]Run echo '{
2022-12-27T11:24:10.1085420Z [36;1mecho '{[0m
2022-12-27T11:24:10.1085590Z [36;1m  "package_name": "lxml",[0m
2022-12-27T11:24:10.1085870Z [36;1m  "package_url": "https://files.pythonhosted.org/packages/93/15/e7512c7f2f17cfbc2ae6479db75b30460714ad7c2ff5d8e4f4c1a7ac324e/lxml-2.0alpha5.tar.gz",[0m
2022-12-27T11:24:10.1086120Z [36;1m  "package_version": "2.0alpha5",[0m
2022-12-27T11:24:10.1086260Z [36;1m  "python_version": "3.10",[0m
2022-12-27T11:24:10.1086390Z [36;1m  "use_ccache": "true"[0m
2022-12-27T11:24:10.1086510Z [36;1m}'[0m
2022-12-27T11:24:10.1101820Z shell: /bin/bash -e {0}
2022-12-27T11:24:10.1102020Z ##[endgroup]
2022-12-27T11:24:10.1320030Z {
2022-12-27T11:24:10.1321400Z   "package_name": "lxml",
2022-12-27T11:24:10.1322080Z   "package_url": "https://files.pythonhosted.org/packages/93/15/e7512c7f2f17cfbc2ae6479db75b30460714ad7c2ff5d8e4f4c1a7ac324e/lxml-2.0alpha5.tar.gz",
2022-12-27T11:24:10.1322380Z   "package_version": "2.0alpha5",
2022-12-27T11:24:10.1322670Z   "python_version": "3.10",
2022-12-27T11:24:10.1322820Z   "use_ccache": "true"
2022-12-27T11:24:10.1322980Z }
2022-12-27T11:24:10.1595970Z ##[group]Run actions/setup-python@v4
2022-12-27T11:24:10.1596360Z with:
2022-12-27T11:24:10.1596650Z   python-version: 3.10
2022-12-27T11:24:10.1596940Z   check-latest: false
2022-12-27T11:24:10.1597340Z   token: ***
2022-12-27T11:24:10.1597650Z   update-environment: true
2022-12-27T11:24:10.1598040Z ##[endgroup]
2022-12-27T11:24:10.2896380Z ##[group]Installed versions
2022-12-27T11:24:10.2926300Z Successfully set up CPython (3.10.9)
2022-12-27T11:24:10.2927110Z ##[endgroup]
2022-12-27T11:24:10.3073930Z ##[group]Run if [ "true" == "true" ]
2022-12-27T11:24:10.3074210Z [36;1mif [ "true" == "true" ][0m
2022-12-27T11:24:10.3074370Z [36;1mthen[0m
2022-12-27T11:24:10.3074650Z [36;1m  echo "CCACHE_PATH_PREPEND=/usr/local/opt/ccache/libexec" >> $GITHUB_OUTPUT[0m
2022-12-27T11:24:10.3074950Z [36;1melse[0m
2022-12-27T11:24:10.3075110Z [36;1m  echo "CCACHE_PATH_PREPEND=" >> $GITHUB_OUTPUT[0m
2022-12-27T11:24:10.3075580Z [36;1mfi[0m
2022-12-27T11:24:10.3092310Z shell: /bin/bash -e {0}
2022-12-27T11:24:10.3092550Z env:
2022-12-27T11:24:10.3092760Z   pythonLocation: /Users/runner/hostedtoolcache/Python/3.10.9/x64
2022-12-27T11:24:10.3093060Z   PKG_CONFIG_PATH: /Users/runner/hostedtoolcache/Python/3.10.9/x64/lib/pkgconfig
2022-12-27T11:24:10.3093360Z   Python_ROOT_DIR: /Users/runner/hostedtoolcache/Python/3.10.9/x64
2022-12-27T11:24:10.3093660Z   Python2_ROOT_DIR: /Users/runner/hostedtoolcache/Python/3.10.9/x64
2022-12-27T11:24:10.3094000Z   Python3_ROOT_DIR: /Users/runner/hostedtoolcache/Python/3.10.9/x64
2022-12-27T11:24:10.3094660Z ##[endgroup]
2022-12-27T11:24:10.3214270Z ##[group]Run echo "BUILD_NAME=$(echo lxml_2.0alpha5_3.10 | tr -dc '[:alnum:]\n\r' | tr '[:upper:]' '[:lower:]')" >> $GITHUB_OUTPUT
2022-12-27T11:24:10.3215030Z [36;1mecho "BUILD_NAME=$(echo lxml_2.0alpha5_3.10 | tr -dc '[:alnum:]\n\r' | tr '[:upper:]' '[:lower:]')" >> $GITHUB_OUTPUT[0m
2022-12-27T11:24:10.3229040Z shell: /bin/bash -e {0}
2022-12-27T11:24:10.3229200Z env:
2022-12-27T11:24:10.3272310Z   pythonLocation: /Users/runner/hostedtoolcache/Python/3.10.9/x64
2022-12-27T11:24:10.3272590Z   PKG_CONFIG_PATH: /Users/runner/hostedtoolcache/Python/3.10.9/x64/lib/pkgconfig
2022-12-27T11:24:10.3272800Z   Python_ROOT_DIR: /Users/runner/hostedtoolcache/Python/3.10.9/x64
2022-12-27T11:24:10.3272970Z   Python2_ROOT_DIR: /Users/runner/hostedtoolcache/Python/3.10.9/x64
2022-12-27T11:24:10.3273140Z   Python3_ROOT_DIR: /Users/runner/hostedtoolcache/Python/3.10.9/x64
2022-12-27T11:24:10.3273270Z ##[endgroup]
2022-12-27T11:24:10.3396650Z ##[group]Run echo "PYTHON_NO_DOTS=$(echo 3.10 | tr -dc '[:alnum:]\n\r' | tr '[:upper:]' '[:lower:]')" >> $GITHUB_OUTPUT
2022-12-27T11:24:10.3397350Z [36;1mecho "PYTHON_NO_DOTS=$(echo 3.10 | tr -dc '[:alnum:]\n\r' | tr '[:upper:]' '[:lower:]')" >> $GITHUB_OUTPUT[0m
2022-12-27T11:24:10.3415140Z shell: /bin/bash -e {0}
2022-12-27T11:24:10.3415290Z env:
2022-12-27T11:24:10.3415500Z   pythonLocation: /Users/runner/hostedtoolcache/Python/3.10.9/x64
2022-12-27T11:24:10.3415770Z   PKG_CONFIG_PATH: /Users/runner/hostedtoolcache/Python/3.10.9/x64/lib/pkgconfig
2022-12-27T11:24:10.3415990Z   Python_ROOT_DIR: /Users/runner/hostedtoolcache/Python/3.10.9/x64
2022-12-27T11:24:10.3416270Z   Python2_ROOT_DIR: /Users/runner/hostedtoolcache/Python/3.10.9/x64
2022-12-27T11:24:10.3416510Z   Python3_ROOT_DIR: /Users/runner/hostedtoolcache/Python/3.10.9/x64
2022-12-27T11:24:10.3416710Z ##[endgroup]
2022-12-27T11:24:10.3543330Z ##[group]Run rm -rf build_lxml20alpha5310
2022-12-27T11:24:10.3543760Z [36;1mrm -rf build_lxml20alpha5310[0m
2022-12-27T11:24:10.3543980Z [36;1mmkdir build_lxml20alpha5310[0m
2022-12-27T11:24:10.3544130Z [36;1mcd build_lxml20alpha5310[0m
2022-12-27T11:24:10.3544430Z [36;1m/usr/local/bin/wget --quiet https://files.pythonhosted.org/packages/93/15/e7512c7f2f17cfbc2ae6479db75b30460714ad7c2ff5d8e4f4c1a7ac324e/lxml-2.0alpha5.tar.gz[0m
2022-12-27T11:24:10.3544710Z [36;1mtar xf *.tar.gz[0m
2022-12-27T11:24:10.3544880Z [36;1mcd *[0m
2022-12-27T11:24:10.3545070Z [36;1mpython -m pip install cibuildwheel==2.11.3[0m
2022-12-27T11:24:10.3545290Z [36;1mpython -m cibuildwheel --output-dir ../wheelsout[0m
2022-12-27T11:24:10.3558880Z shell: /bin/bash -e {0}
2022-12-27T11:24:10.3559030Z env:
2022-12-27T11:24:10.3559230Z   pythonLocation: /Users/runner/hostedtoolcache/Python/3.10.9/x64
2022-12-27T11:24:10.3559530Z   PKG_CONFIG_PATH: /Users/runner/hostedtoolcache/Python/3.10.9/x64/lib/pkgconfig
2022-12-27T11:24:10.3559740Z   Python_ROOT_DIR: /Users/runner/hostedtoolcache/Python/3.10.9/x64
2022-12-27T11:24:10.3560020Z   Python2_ROOT_DIR: /Users/runner/hostedtoolcache/Python/3.10.9/x64
2022-12-27T11:24:10.3560250Z   Python3_ROOT_DIR: /Users/runner/hostedtoolcache/Python/3.10.9/x64
2022-12-27T11:24:10.3560420Z   CIBW_ARCHS_MACOS: arm64
2022-12-27T11:24:10.3560600Z   CIBW_TEST_SKIP: *_arm64
2022-12-27T11:24:10.3560830Z   CIBW_BUILD: cp310-macosx_arm64
2022-12-27T11:24:10.3561010Z   CIBW_BUILD_FRONTEND: pip
2022-12-27T11:24:10.3561150Z   CIBW_BUILD_VERBOSITY: 3
2022-12-27T11:24:10.3561450Z   CIBW_ENVIRONMENT_MACOS:  CFLAGS="-I/usr/local/opt/openssl@3/include" LDFLAGS="-L/usr/local/opt/openssl@3/lib" CPPFLAGS="-I/usr/local/opt/openssl@3/include" MAKEFLAGS="-j$(sysctl -n hw.logicalcpu)" PATH=/usr/local/opt/ccache/libexec:$PATH
2022-12-27T11:24:10.3561810Z   CIBW_BEFORE_BUILD: pip install Cython; if [[ -f requirements.txt ]]; then pip install -r requirements.txt; fi
2022-12-27T11:24:10.3562090Z   MAKEFLAGS: -j$(sysctl -n hw.logicalcpu)
2022-12-27T11:24:10.3562240Z ##[endgroup]
2022-12-27T11:24:10.8239970Z Requirement already satisfied: cibuildwheel==2.11.3 in /Users/runner/hostedtoolcache/Python/3.10.9/x64/lib/python3.10/site-packages (2.11.3)
2022-12-27T11:24:10.8498130Z Requirement already satisfied: typing-extensions>=4.1.0 in /Users/runner/hostedtoolcache/Python/3.10.9/x64/lib/python3.10/site-packages (from cibuildwheel==2.11.3) (4.4.0)
2022-12-27T11:24:10.8502490Z Requirement already satisfied: certifi in /Users/runner/hostedtoolcache/Python/3.10.9/x64/lib/python3.10/site-packages (from cibuildwheel==2.11.3) (2022.12.7)
2022-12-27T11:24:10.8507450Z Requirement already satisfied: packaging>=20.9 in /Users/runner/hostedtoolcache/Python/3.10.9/x64/lib/python3.10/site-packages (from cibuildwheel==2.11.3) (22.0)
2022-12-27T11:24:10.8513010Z Requirement already satisfied: tomli in /Users/runner/hostedtoolcache/Python/3.10.9/x64/lib/python3.10/site-packages (from cibuildwheel==2.11.3) (2.0.1)
2022-12-27T11:24:10.8516440Z Requirement already satisfied: bracex in /Users/runner/hostedtoolcache/Python/3.10.9/x64/lib/python3.10/site-packages (from cibuildwheel==2.11.3) (2.3.post1)
2022-12-27T11:24:10.8519660Z Requirement already satisfied: filelock in /Users/runner/hostedtoolcache/Python/3.10.9/x64/lib/python3.10/site-packages (from cibuildwheel==2.11.3) (3.8.2)
2022-12-27T11:24:10.8524650Z Requirement already satisfied: bashlex!=0.13 in /Users/runner/hostedtoolcache/Python/3.10.9/x64/lib/python3.10/site-packages (from cibuildwheel==2.11.3) (0.16)
2022-12-27T11:24:10.8530050Z Requirement already satisfied: platformdirs in /Users/runner/hostedtoolcache/Python/3.10.9/x64/lib/python3.10/site-packages (from cibuildwheel==2.11.3) (2.6.0)
2022-12-27T11:24:11.0362240Z 
2022-12-27T11:24:11.0362730Z      _ _       _ _   _       _           _
2022-12-27T11:24:11.0364170Z  ___|_| |_ _ _|_| |_| |_ _ _| |_ ___ ___| |
2022-12-27T11:24:11.0364850Z |  _| | . | | | | | . | | | |   | -_| -_| |
2022-12-27T11:24:11.0366070Z |___|_|___|___|_|_|___|_____|_|_|___|___|_|
2022-12-27T11:24:11.0366380Z 
2022-12-27T11:24:11.0366540Z cibuildwheel version 2.11.3
2022-12-27T11:24:11.0366750Z 
2022-12-27T11:24:11.0366900Z Build options:
2022-12-27T11:24:11.0367260Z   platform: macos
2022-12-27T11:24:11.0426090Z   architectures: arm64[0m
2022-12-27T11:24:11.0426410Z   build_selector: 
2022-12-27T11:24:11.0426810Z     build_config: cp310-macosx_arm64
2022-12-27T11:24:11.0427230Z     skip_config: 
2022-12-27T11:24:11.0428040Z     requires_python: None
2022-12-27T11:24:11.0428500Z     prerelease_pythons: False[0m
2022-12-27T11:24:11.0429000Z   [38;5;244mcontainer_engine: docker[0m
2022-12-27T11:24:11.0429540Z   output_dir: /Users/runner/actions-runner/_work/python.build/python.build/build_lxml20alpha5310/wheelsout[0m
2022-12-27T11:24:11.0430200Z   package_dir: /Users/runner/actions-runner/_work/python.build/python.build/build_lxml20alpha5310/lxml-2.0alpha5[0m
2022-12-27T11:24:11.0430530Z   test_selector: 
2022-12-27T11:24:11.0430860Z     skip_config: *_arm64[0m
2022-12-27T11:24:11.0431180Z   [38;5;244mbefore_all: [0m
2022-12-27T11:24:11.0431610Z   before_build: pip install Cython; if [[ -f requirements.txt ]]; then pip install -r requirements.txt; fi[0m
2022-12-27T11:24:11.0432070Z   [38;5;244mbefore_test: [0m
2022-12-27T11:24:11.0432390Z   [38;5;244mbuild_frontend: pip[0m
2022-12-27T11:24:11.0432670Z   build_verbosity: 3[0m
2022-12-27T11:24:11.0432980Z   [38;5;244mconfig_settings: [0m
2022-12-27T11:24:11.0433340Z   [38;5;244mdependency_constraints: pinned[0m
2022-12-27T11:24:11.0433680Z   environment: 
2022-12-27T11:24:11.0434010Z     CFLAGS="-I/usr/local/opt/openssl@3/include"
2022-12-27T11:24:11.0434390Z     LDFLAGS="-L/usr/local/opt/openssl@3/lib"
2022-12-27T11:24:11.0434760Z     CPPFLAGS="-I/usr/local/opt/openssl@3/include"
2022-12-27T11:24:11.0435090Z     MAKEFLAGS="-j$(sysctl -n hw.logicalcpu)"
2022-12-27T11:24:11.0435510Z     PATH=/usr/local/opt/ccache/libexec:$PATH[0m
2022-12-27T11:24:11.0435860Z   [38;5;244mmanylinux_images: None[0m
2022-12-27T11:24:11.0436140Z   [38;5;244mmusllinux_images: None[0m
2022-12-27T11:24:11.0436510Z   [38;5;244mrepair_command: delocate-wheel --require-archs {delocate_archs} -w {dest_dir} -v {wheel}[0m
2022-12-27T11:24:11.0437180Z   [38;5;244mtest_command: [0m
2022-12-27T11:24:11.0437400Z   [38;5;244mtest_extras: [0m
2022-12-27T11:24:11.0437660Z   [38;5;244mtest_requires: [0m
2022-12-27T11:24:11.0437780Z 
2022-12-27T11:24:11.0437910Z Cache folder: /Users/runner/Library/Caches/cibuildwheel
2022-12-27T11:24:11.0444410Z 
2022-12-27T11:24:11.0444660Z Here we go!
2022-12-27T11:24:11.0444890Z 
2022-12-27T11:24:11.0567590Z 
2022-12-27T11:24:11.0568150Z [1m[34mBuilding cp310-macosx_arm64 wheel[0m
2022-12-27T11:24:11.0568590Z CPython 3.10 macOS arm64 - Apple Silicon
2022-12-27T11:24:11.0568790Z 
2022-12-27T11:24:11.0571060Z ##[group]Installing Python cp310...
2022-12-27T11:24:11.0571300Z 
2022-12-27T11:24:11.0571510Z + pkgutil --pkgs
2022-12-27T11:24:11.0680530Z ##[endgroup]
2022-12-27T11:24:11.0681360Z                                                               [32mâœ“ [0m0.01s
2022-12-27T11:24:11.0681780Z ##[group]Setting up build environment...
2022-12-27T11:24:11.0681950Z 
2022-12-27T11:24:11.0700860Z + /Users/runner/hostedtoolcache/Python/3.10.9/x64/bin/python -sS /Users/runner/Library/Caches/cibuildwheel/virtualenv-20.17.0.pyz --activators= --no-periodic-update --pip=22.3.1 --setuptools=65.6.3 --wheel=0.38.4 --symlink-app-data --python /Library/Frameworks/Python.framework/Versions/3.10/bin/python3 /private/var/folders/51/hd414ycd67n82196sw51xqtc0000gn/T/cibw-run-nmq3f1r4/cp310-macosx_arm64/build/venv
2022-12-27T11:24:11.2679270Z created virtual environment CPython3.10.8.final.0-64 in 56ms
2022-12-27T11:24:11.2679940Z   creator CPython3Posix(dest=/private/var/folders/51/hd414ycd67n82196sw51xqtc0000gn/T/cibw-run-nmq3f1r4/cp310-macosx_arm64/build/venv, clear=False, no_vcs_ignore=False, global=False)
2022-12-27T11:24:11.2680750Z   seeder FromAppData(download=False, pip=22.3.1, setuptools=65.6.3, wheel=0.38.4, via=symlink, app_data_dir=/Users/runner/Library/Application Support/virtualenv)
2022-12-27T11:24:11.2681310Z     added seed packages: pip==22.3.1, setuptools==65.6.3, wheel==0.38.4
2022-12-27T11:24:11.2825680Z + python -m pip install --upgrade pip -c /Users/runner/hostedtoolcache/Python/3.10.9/x64/lib/python3.10/site-packages/cibuildwheel/resources/constraints-python310.txt
2022-12-27T11:24:11.5650940Z Requirement already satisfied: pip in ./lib/python3.10/site-packages (22.3.1)
2022-12-27T11:24:11.6935160Z + which pip
2022-12-27T11:24:11.6956040Z /private/var/folders/51/hd414ycd67n82196sw51xqtc0000gn/T/cibw-run-nmq3f1r4/cp310-macosx_arm64/build/venv/bin/pip
2022-12-27T11:24:11.6958250Z + pip --version
2022-12-27T11:24:11.9046760Z pip 22.3.1 from /private/var/folders/51/hd414ycd67n82196sw51xqtc0000gn/T/cibw-run-nmq3f1r4/cp310-macosx_arm64/build/venv/lib/python3.10/site-packages/pip (python 3.10)
2022-12-27T11:24:11.9331850Z + which pip
2022-12-27T11:24:11.9359290Z + which python
2022-12-27T11:24:11.9376930Z /private/var/folders/51/hd414ycd67n82196sw51xqtc0000gn/T/cibw-run-nmq3f1r4/cp310-macosx_arm64/build/venv/bin/python
2022-12-27T11:24:11.9378760Z + python --version
2022-12-27T11:24:11.9424270Z Python 3.10.8
2022-12-27T11:24:11.9427020Z + which python
2022-12-27T11:24:11.9483600Z ##[endgroup]
2022-12-27T11:24:11.9484140Z                                                               [32mâœ“ [0m0.88s
2022-12-27T11:24:11.9484790Z ##[group]Installing build tools...
2022-12-27T11:24:11.9484960Z 
2022-12-27T11:24:11.9485410Z + pip install --upgrade setuptools wheel delocate -c /Users/runner/hostedtoolcache/Python/3.10.9/x64/lib/python3.10/site-packages/cibuildwheel/resources/constraints-python310.txt
2022-12-27T11:24:12.2251450Z Requirement already satisfied: setuptools in /private/var/folders/51/hd414ycd67n82196sw51xqtc0000gn/T/cibw-run-nmq3f1r4/cp310-macosx_arm64/build/venv/lib/python3.10/site-packages (65.6.3)
2022-12-27T11:24:12.4403470Z Requirement already satisfied: wheel in /private/var/folders/51/hd414ycd67n82196sw51xqtc0000gn/T/cibw-run-nmq3f1r4/cp310-macosx_arm64/build/venv/lib/python3.10/site-packages (0.38.4)
2022-12-27T11:24:12.5089760Z Collecting delocate
2022-12-27T11:24:12.5112370Z   Using cached delocate-0.10.3-py3-none-any.whl (142 kB)
2022-12-27T11:24:12.5320970Z Collecting typing-extensions
2022-12-27T11:24:12.5338330Z   Using cached typing_extensions-4.4.0-py3-none-any.whl (26 kB)
2022-12-27T11:24:12.5565320Z Collecting packaging>=20.9
2022-12-27T11:24:12.5584120Z   Using cached packaging-21.3-py3-none-any.whl (40 kB)
2022-12-27T11:24:12.5914970Z Collecting pyparsing!=3.0.5,>=2.0.2
2022-12-27T11:24:12.5932990Z   Using cached pyparsing-3.0.9-py3-none-any.whl (98 kB)
2022-12-27T11:24:12.6252010Z Installing collected packages: typing-extensions, pyparsing, packaging, delocate
2022-12-27T11:24:12.7485030Z Successfully installed delocate-0.10.3 packaging-21.3 pyparsing-3.0.9 typing-extensions-4.4.0
2022-12-27T11:24:12.7959780Z ##[endgroup]
2022-12-27T11:24:12.7960840Z                                                               [32mâœ“ [0m0.85s
2022-12-27T11:24:12.7961560Z ##[group]Running before_build...
2022-12-27T11:24:12.7961800Z 
2022-12-27T11:24:12.7969340Z + pip install Cython; if [[ -f requirements.txt ]]; then pip install -r requirements.txt; fi
2022-12-27T11:24:13.3832060Z Collecting Cython
2022-12-27T11:24:13.3879170Z   Using cached Cython-0.29.32-py2.py3-none-any.whl (986 kB)
2022-12-27T11:24:13.4321240Z Installing collected packages: Cython
2022-12-27T11:24:13.8347740Z Successfully installed Cython-0.29.32
2022-12-27T11:24:13.8829490Z ##[endgroup]
2022-12-27T11:24:13.8830140Z                                                               [32mâœ“ [0m1.09s
2022-12-27T11:24:13.8830630Z ##[group]Building wheel...
2022-12-27T11:24:13.8830760Z 
2022-12-27T11:24:13.8836280Z + python -m pip wheel /Users/runner/actions-runner/_work/python.build/python.build/build_lxml20alpha5310/lxml-2.0alpha5 --wheel-dir=/private/var/folders/51/hd414ycd67n82196sw51xqtc0000gn/T/cibw-run-nmq3f1r4/cp310-macosx_arm64/built_wheel --no-deps -vvv
2022-12-27T11:24:14.1289460Z Created temporary directory: /private/var/folders/51/hd414ycd67n82196sw51xqtc0000gn/T/pip-ephem-wheel-cache-qgxjtjo1
2022-12-27T11:24:14.1293460Z Created temporary directory: /private/var/folders/51/hd414ycd67n82196sw51xqtc0000gn/T/pip-build-tracker-7nwawd_g
2022-12-27T11:24:14.1295180Z Initialized build tracking at /private/var/folders/51/hd414ycd67n82196sw51xqtc0000gn/T/pip-build-tracker-7nwawd_g
2022-12-27T11:24:14.1296540Z Created build tracker: /private/var/folders/51/hd414ycd67n82196sw51xqtc0000gn/T/pip-build-tracker-7nwawd_g
2022-12-27T11:24:14.1297680Z Entered build tracker: /private/var/folders/51/hd414ycd67n82196sw51xqtc0000gn/T/pip-build-tracker-7nwawd_g
2022-12-27T11:24:14.1301140Z Created temporary directory: /private/var/folders/51/hd414ycd67n82196sw51xqtc0000gn/T/pip-wheel-s43qweot
2022-12-27T11:24:14.1306570Z Created temporary directory: /private/var/folders/51/hd414ycd67n82196sw51xqtc0000gn/T/pip-ephem-wheel-cache-vmdihfqe
2022-12-27T11:24:14.1464460Z Processing /Users/runner/actions-runner/_work/python.build/python.build/build_lxml20alpha5310/lxml-2.0alpha5
2022-12-27T11:24:14.1469530Z   Added file:///Users/runner/actions-runner/_work/python.build/python.build/build_lxml20alpha5310/lxml-2.0alpha5 to build tracker '/private/var/folders/51/hd414ycd67n82196sw51xqtc0000gn/T/pip-build-tracker-7nwawd_g'
2022-12-27T11:24:14.1472880Z   Running setup.py (path:/Users/runner/actions-runner/_work/python.build/python.build/build_lxml20alpha5310/lxml-2.0alpha5/setup.py) egg_info for package from file:///Users/runner/actions-runner/_work/python.build/python.build/build_lxml20alpha5310/lxml-2.0alpha5
2022-12-27T11:24:14.1476300Z   Created temporary directory: /private/var/folders/51/hd414ycd67n82196sw51xqtc0000gn/T/pip-pip-egg-info-r8h54lde
2022-12-27T11:24:14.1476880Z   Preparing metadata (setup.py): started
2022-12-27T11:24:14.1478930Z   Running command python setup.py egg_info
2022-12-27T11:24:14.4966090Z   /private/var/folders/51/hd414ycd67n82196sw51xqtc0000gn/T/cibw-run-nmq3f1r4/cp310-macosx_arm64/build/venv/lib/python3.10/site-packages/setuptools/dist.py:529: UserWarning: Normalizing '2.0alpha5' to '2.0a5'
2022-12-27T11:24:14.4967540Z     warnings.warn(tmpl.format(**locals()))
2022-12-27T11:24:14.5013650Z   Building with Cython 0.29.32.
2022-12-27T11:24:14.5015050Z   Building lxml version 2.0.alpha5.
2022-12-27T11:24:14.5016640Z   running egg_info
2022-12-27T11:24:14.5020370Z   creating /private/var/folders/51/hd414ycd67n82196sw51xqtc0000gn/T/pip-pip-egg-info-r8h54lde/lxml.egg-info
2022-12-27T11:24:14.5030940Z   writing /private/var/folders/51/hd414ycd67n82196sw51xqtc0000gn/T/pip-pip-egg-info-r8h54lde/lxml.egg-info/PKG-INFO
2022-12-27T11:24:14.5035110Z   writing dependency_links to /private/var/folders/51/hd414ycd67n82196sw51xqtc0000gn/T/pip-pip-egg-info-r8h54lde/lxml.egg-info/dependency_links.txt
2022-12-27T11:24:14.5038930Z   writing top-level names to /private/var/folders/51/hd414ycd67n82196sw51xqtc0000gn/T/pip-pip-egg-info-r8h54lde/lxml.egg-info/top_level.txt
2022-12-27T11:24:14.5041640Z   writing manifest file '/private/var/folders/51/hd414ycd67n82196sw51xqtc0000gn/T/pip-pip-egg-info-r8h54lde/lxml.egg-info/SOURCES.txt'
2022-12-27T11:24:14.5088060Z   reading manifest file '/private/var/folders/51/hd414ycd67n82196sw51xqtc0000gn/T/pip-pip-egg-info-r8h54lde/lxml.egg-info/SOURCES.txt'
2022-12-27T11:24:14.5090460Z   reading manifest template 'MANIFEST.in'
2022-12-27T11:24:14.5873120Z   warning: no previously-included files found matching 'doc/pyrex.txt'
2022-12-27T11:24:14.5874420Z   warning: no previously-included files found matching 'src/lxml/etree.pxi'
2022-12-27T11:24:14.5875920Z   adding license file 'LICENSES.txt'
2022-12-27T11:24:14.5925810Z   writing manifest file '/private/var/folders/51/hd414ycd67n82196sw51xqtc0000gn/T/pip-pip-egg-info-r8h54lde/lxml.egg-info/SOURCES.txt'
2022-12-27T11:24:14.6222420Z   Preparing metadata (setup.py): finished with status 'done'
2022-12-27T11:24:14.6244950Z   Source in /Users/runner/actions-runner/_work/python.build/python.build/build_lxml20alpha5310/lxml-2.0alpha5 has version 2.0a5, which satisfies requirement lxml==2.0a5 from file:///Users/runner/actions-runner/_work/python.build/python.build/build_lxml20alpha5310/lxml-2.0alpha5
2022-12-27T11:24:14.6248140Z   Removed lxml==2.0a5 from file:///Users/runner/actions-runner/_work/python.build/python.build/build_lxml20alpha5310/lxml-2.0alpha5 from build tracker '/private/var/folders/51/hd414ycd67n82196sw51xqtc0000gn/T/pip-build-tracker-7nwawd_g'
2022-12-27T11:24:14.6263830Z Created temporary directory: /private/var/folders/51/hd414ycd67n82196sw51xqtc0000gn/T/pip-unpack-pdwaczx3
2022-12-27T11:24:14.6265880Z Building wheels for collected packages: lxml
2022-12-27T11:24:14.6273440Z   Created temporary directory: /private/var/folders/51/hd414ycd67n82196sw51xqtc0000gn/T/pip-wheel-ti_6dqxq
2022-12-27T11:24:14.6274240Z   Building wheel for lxml (setup.py): started
2022-12-27T11:24:14.6276340Z   Destination directory: /private/var/folders/51/hd414ycd67n82196sw51xqtc0000gn/T/pip-wheel-ti_6dqxq
2022-12-27T11:24:14.6277540Z   Running command python setup.py bdist_wheel
2022-12-27T11:24:14.8650990Z   Building with Cython 0.29.32.
2022-12-27T11:24:14.8652830Z   Building lxml version 2.0.alpha5.
2022-12-27T11:24:14.9735450Z   /private/var/folders/51/hd414ycd67n82196sw51xqtc0000gn/T/cibw-run-nmq3f1r4/cp310-macosx_arm64/build/venv/lib/python3.10/site-packages/setuptools/dist.py:529: UserWarning: Normalizing '2.0alpha5' to '2.0a5'
2022-12-27T11:24:14.9736310Z     warnings.warn(tmpl.format(**locals()))
2022-12-27T11:24:14.9864190Z   running bdist_wheel
2022-12-27T11:24:14.9901420Z   running build
2022-12-27T11:24:14.9903330Z   running build_py
2022-12-27T11:24:14.9927360Z   creating build
2022-12-27T11:24:14.9929320Z   creating build/lib.macosx-11.0-arm64-cpython-310
2022-12-27T11:24:14.9931430Z   creating build/lib.macosx-11.0-arm64-cpython-310/lxml
2022-12-27T11:24:14.9933050Z   copying src/lxml/_elementpath.py -> build/lib.macosx-11.0-arm64-cpython-310/lxml
2022-12-27T11:24:14.9934820Z   copying src/lxml/sax.py -> build/lib.macosx-11.0-arm64-cpython-310/lxml
2022-12-27T11:24:14.9936840Z   copying src/lxml/__init__.py -> build/lib.macosx-11.0-arm64-cpython-310/lxml
2022-12-27T11:24:14.9939210Z   copying src/lxml/builder.py -> build/lib.macosx-11.0-arm64-cpython-310/lxml
2022-12-27T11:24:14.9942020Z   copying src/lxml/doctestcompare.py -> build/lib.macosx-11.0-arm64-cpython-310/lxml
2022-12-27T11:24:14.9945110Z   copying src/lxml/usedoctest.py -> build/lib.macosx-11.0-arm64-cpython-310/lxml
2022-12-27T11:24:14.9947540Z   copying src/lxml/cssselect.py -> build/lib.macosx-11.0-arm64-cpython-310/lxml
2022-12-27T11:24:14.9950170Z   copying src/lxml/htmlbuilder.py -> build/lib.macosx-11.0-arm64-cpython-310/lxml
2022-12-27T11:24:14.9953150Z   copying src/lxml/ElementInclude.py -> build/lib.macosx-11.0-arm64-cpython-310/lxml
2022-12-27T11:24:14.9958850Z   creating build/lib.macosx-11.0-arm64-cpython-310/lxml/html
2022-12-27T11:24:14.9960480Z   copying src/lxml/html/defs.py -> build/lib.macosx-11.0-arm64-cpython-310/lxml/html
2022-12-27T11:24:14.9963120Z   copying src/lxml/html/setmixin.py -> build/lib.macosx-11.0-arm64-cpython-310/lxml/html
2022-12-27T11:24:14.9965100Z   copying src/lxml/html/clean.py -> build/lib.macosx-11.0-arm64-cpython-310/lxml/html
2022-12-27T11:24:14.9968350Z   copying src/lxml/html/_diffcommand.py -> build/lib.macosx-11.0-arm64-cpython-310/lxml/html
2022-12-27T11:24:14.9970890Z   copying src/lxml/html/__init__.py -> build/lib.macosx-11.0-arm64-cpython-310/lxml/html
2022-12-27T11:24:14.9973740Z   copying src/lxml/html/formfill.py -> build/lib.macosx-11.0-arm64-cpython-310/lxml/html
2022-12-27T11:24:14.9975790Z   copying src/lxml/html/builder.py -> build/lib.macosx-11.0-arm64-cpython-310/lxml/html
2022-12-27T11:24:14.9977800Z   copying src/lxml/html/ElementSoup.py -> build/lib.macosx-11.0-arm64-cpython-310/lxml/html
2022-12-27T11:24:14.9981470Z   copying src/lxml/html/usedoctest.py -> build/lib.macosx-11.0-arm64-cpython-310/lxml/html
2022-12-27T11:24:14.9983640Z   copying src/lxml/html/diff.py -> build/lib.macosx-11.0-arm64-cpython-310/lxml/html
2022-12-27T11:24:14.9992200Z   running build_ext
2022-12-27T11:24:15.0108490Z   skipping 'src/lxml/lxml.etree.c' Cython extension (up-to-date)
2022-12-27T11:24:15.0110080Z   skipping 'src/lxml/lxml.objectify.c' Cython extension (up-to-date)
2022-12-27T11:24:15.0111650Z   skipping 'src/lxml/lxml.pyclasslookup.c' Cython extension (up-to-date)
2022-12-27T11:24:15.0113510Z   building 'lxml.etree' extension
2022-12-27T11:24:15.0114820Z   creating build/temp.macosx-11.0-arm64-cpython-310
2022-12-27T11:24:15.0116450Z   creating build/temp.macosx-11.0-arm64-cpython-310/src
2022-12-27T11:24:15.0118070Z   creating build/temp.macosx-11.0-arm64-cpython-310/src/lxml
2022-12-27T11:24:15.0120490Z   clang -Wno-unused-result -Wsign-compare -Wunreachable-code -fno-common -dynamic -DNDEBUG -g -fwrapv -O3 -Wall -g -I/usr/local/opt/openssl@3/include -I/usr/local/opt/openssl@3/include -arch arm64 -I/private/var/folders/51/hd414ycd67n82196sw51xqtc0000gn/T/cibw-run-nmq3f1r4/cp310-macosx_arm64/build/venv/include -I/Library/Frameworks/Python.framework/Versions/3.10/include/python3.10 -c src/lxml/lxml.etree.c -o build/temp.macosx-11.0-arm64-cpython-310/src/lxml/lxml.etree.o -w b'-I/Library/Developer/CommandLineTools/SDKs/MacOSX12.1.sdk/usr/include\n'
2022-12-27T11:24:15.0330410Z   clang: error: no such file or directory: 'b'-I/Library/Developer/CommandLineTools/SDKs/MacOSX12.1.sdk/usr/include\n''
2022-12-27T11:24:15.0346810Z   error: command '/usr/bin/clang' failed with exit code 1
2022-12-27T11:24:15.0740400Z   error: subprocess-exited-with-error
2022-12-27T11:24:15.0740710Z   
2022-12-27T11:24:15.0741510Z   Ã— python setup.py bdist_wheel did not run successfully.
2022-12-27T11:24:15.0741910Z   â”‚ exit code: 1
2022-12-27T11:24:15.0742220Z   â•°â”€> See above for output.
2022-12-27T11:24:15.0742500Z   
2022-12-27T11:24:15.0742950Z   note: This error originates from a subprocess, and is likely not a problem with pip.
2022-12-27T11:24:15.0747860Z   full command: /private/var/folders/51/hd414ycd67n82196sw51xqtc0000gn/T/cibw-run-nmq3f1r4/cp310-macosx_arm64/build/venv/bin/python -u -c '
2022-12-27T11:24:15.0749430Z   exec(compile('"'"''"'"''"'"'
2022-12-27T11:24:15.0750380Z   # This is <pip-setuptools-caller> -- a caller that pip uses to run setup.py
2022-12-27T11:24:15.0751030Z   #
2022-12-27T11:24:15.0752450Z   # - It imports setuptools before invoking setup.py, to enable projects that directly
2022-12-27T11:24:15.0753120Z   #   import from `distutils.core` to work with newer packaging standards.
2022-12-27T11:24:15.0753760Z   # - It provides a clear error message when setuptools is not installed.
2022-12-27T11:24:15.0754300Z   # - It sets `sys.argv[0]` to the underlying `setup.py`, when invoking `setup.py` so
2022-12-27T11:24:15.0754800Z   #   setuptools doesn'"'"'t think the script is `-c`. This avoids the following warning:
2022-12-27T11:24:15.0755550Z   #     manifest_maker: standard file '"'"'-c'"'"' not found".
2022-12-27T11:24:15.0756170Z   # - It generates a shim setup.py, for handling setup.cfg-only projects.
2022-12-27T11:24:15.0822030Z   import os, sys, tokenize
2022-12-27T11:24:15.0822240Z   
2022-12-27T11:24:15.0822380Z   try:
2022-12-27T11:24:15.0822550Z       import setuptools
2022-12-27T11:24:15.0822710Z   except ImportError as error:
2022-12-27T11:24:15.0822890Z       print(
2022-12-27T11:24:15.0823100Z           "ERROR: Can not execute `setup.py` since setuptools is not available in "
2022-12-27T11:24:15.0823350Z           "the build environment.",
2022-12-27T11:24:15.0823790Z           file=sys.stderr,
2022-12-27T11:24:15.0823950Z       )
2022-12-27T11:24:15.0824110Z       sys.exit(1)
2022-12-27T11:24:15.0824240Z   
2022-12-27T11:24:15.0824390Z   __file__ = %r
2022-12-27T11:24:15.0824540Z   sys.argv[0] = __file__
2022-12-27T11:24:15.0824670Z   
2022-12-27T11:24:15.0824790Z   if os.path.exists(__file__):
2022-12-27T11:24:15.0824970Z       filename = __file__
2022-12-27T11:24:15.0825120Z       with tokenize.open(__file__) as f:
2022-12-27T11:24:15.0825690Z           setup_py_code = f.read()
2022-12-27T11:24:15.0825880Z   else:
2022-12-27T11:24:15.0826150Z   Building wheel for lxml (setup.py): finished with status 'error'
2022-12-27T11:24:15.0826330Z   Running setup.py clean for lxml
2022-12-27T11:24:15.0826570Z       filename = "<auto-generated setuptools caller>"
2022-12-27T11:24:15.0826780Z       setup_py_code = "from setuptools import setup; setup()"
2022-12-27T11:24:15.0826940Z   
2022-12-27T11:24:15.0827110Z   exec(compile(setup_py_code, filename, "exec"))
2022-12-27T11:24:15.0827630Z   '"'"''"'"''"'"' % ('"'"'/Users/runner/actions-runner/_work/python.build/python.build/build_lxml20alpha5310/lxml-2.0alpha5/setup.py'"'"',), "<pip-setuptools-caller>", "exec"))' bdist_wheel -d /private/var/folders/51/hd414ycd67n82196sw51xqtc0000gn/T/pip-wheel-ti_6dqxq
2022-12-27T11:24:15.0828130Z   cwd: /Users/runner/actions-runner/_work/python.build/python.build/build_lxml20alpha5310/lxml-2.0alpha5/
2022-12-27T11:24:15.0828320Z   ERROR: Failed building wheel for lxml
2022-12-27T11:24:15.0828530Z   Running command python setup.py clean
2022-12-27T11:24:15.2988470Z   Building with Cython 0.29.32.
2022-12-27T11:24:15.2988900Z   Building lxml version 2.0.alpha5.
2022-12-27T11:24:15.4056720Z   /private/var/folders/51/hd414ycd67n82196sw51xqtc0000gn/T/cibw-run-nmq3f1r4/cp310-macosx_arm64/build/venv/lib/python3.10/site-packages/setuptools/dist.py:529: UserWarning: Normalizing '2.0alpha5' to '2.0a5'
2022-12-27T11:24:15.4057300Z     warnings.warn(tmpl.format(**locals()))
2022-12-27T11:24:15.4086530Z   running clean
2022-12-27T11:24:15.4109690Z   removing 'build/temp.macosx-11.0-arm64-cpython-310' (and everything under it)
2022-12-27T11:24:15.4112930Z   removing 'build/lib.macosx-11.0-arm64-cpython-310' (and everything under it)
2022-12-27T11:24:15.4130070Z   'build/bdist.macosx-11.0-arm64' does not exist -- can't clean it
2022-12-27T11:24:15.4131700Z   'build/scripts-3.10' does not exist -- can't clean it
2022-12-27T11:24:15.4133070Z   removing 'build'
2022-12-27T11:24:15.4412720Z Failed to build lxml
2022-12-27T11:24:15.4416550Z ERROR: Failed to build one or more wheels
2022-12-27T11:24:15.4426220Z Exception information:
2022-12-27T11:24:15.4426860Z Traceback (most recent call last):
2022-12-27T11:24:15.4433630Z   File "/private/var/folders/51/hd414ycd67n82196sw51xqtc0000gn/T/cibw-run-nmq3f1r4/cp310-macosx_arm64/build/venv/lib/python3.10/site-packages/pip/_internal/cli/base_command.py", line 160, in exc_logging_wrapper
2022-12-27T11:24:15.4434140Z     status = run_func(*args)
2022-12-27T11:24:15.4434870Z   File "/private/var/folders/51/hd414ycd67n82196sw51xqtc0000gn/T/cibw-run-nmq3f1r4/cp310-macosx_arm64/build/venv/lib/python3.10/site-packages/pip/_internal/cli/req_command.py", line 247, in wrapper
2022-12-27T11:24:15.4435320Z     return func(self, options, args)
2022-12-27T11:24:15.4435960Z   File "/private/var/folders/51/hd414ycd67n82196sw51xqtc0000gn/T/cibw-run-nmq3f1r4/cp310-macosx_arm64/build/venv/lib/python3.10/site-packages/pip/_internal/commands/wheel.py", line 201, in run
2022-12-27T11:24:15.4436420Z     raise CommandError("Failed to build one or more wheels")
2022-12-27T11:24:15.4436710Z pip._internal.exceptions.CommandError: Failed to build one or more wheels
2022-12-27T11:24:15.4437100Z Removed build tracker: '/private/var/folders/51/hd414ycd67n82196sw51xqtc0000gn/T/pip-build-tracker-7nwawd_g'
2022-12-27T11:24:15.4837890Z ##[endgroup]
2022-12-27T11:24:15.4860760Z ##[error]Command ['python', '-m', 'pip', 'wheel', '/Users/runner/actions-runner/_work/python.build/python.build/build_lxml20alpha5310/lxml-2.0alpha5', '--wheel-dir=/private/var/folders/51/hd414ycd67n82196sw51xqtc0000gn/T/cibw-run-nmq3f1r4/cp310-macosx_arm64/built_wheel', '--no-deps', '-vvv'] failed with code 1. None
2022-12-27T11:24:15.4866500Z 
2022-12-27T11:24:15.4866790Z                                                               [31mâœ• [0m1.60s
2022-12-27T11:24:15.5296710Z ##[error]Process completed with exit code 1.
2022-12-27T11:24:15.5329170Z ##[group]Run rm -rf build_lxml20alpha5310 wheelsout
2022-12-27T11:24:15.5329390Z [36;1mrm -rf build_lxml20alpha5310 wheelsout[0m
2022-12-27T11:24:15.5344680Z shell: /bin/bash -e {0}
2022-12-27T11:24:15.5344850Z env:
2022-12-27T11:24:15.5345050Z   pythonLocation: /Users/runner/hostedtoolcache/Python/3.10.9/x64
2022-12-27T11:24:15.5345260Z   PKG_CONFIG_PATH: /Users/runner/hostedtoolcache/Python/3.10.9/x64/lib/pkgconfig
2022-12-27T11:24:15.5345500Z   Python_ROOT_DIR: /Users/runner/hostedtoolcache/Python/3.10.9/x64
2022-12-27T11:24:15.5345740Z   Python2_ROOT_DIR: /Users/runner/hostedtoolcache/Python/3.10.9/x64
2022-12-27T11:24:15.5345930Z   Python3_ROOT_DIR: /Users/runner/hostedtoolcache/Python/3.10.9/x64
2022-12-27T11:24:15.5346090Z ##[endgroup]
2022-12-27T11:24:15.5862210Z Cleaning up orphan processes
