2022-12-27T08:55:32.0441191Z Requested labels: self-hosted, macOS, X64
2022-12-27T08:55:32.0441303Z Job defined at: kilnbuild/python.build/.github/workflows/mac_arm_build.yml@refs/heads/main
2022-12-27T08:55:32.0441332Z Waiting for a runner to pick up this job...
2022-12-27T11:35:04.8896228Z Job is about to start running on the runner: kr1 (organization)
2022-12-27T11:35:08.0876540Z Current runner version: '2.300.2'
2022-12-27T11:35:08.0883970Z Runner name: 'kr1'
2022-12-27T11:35:08.0884430Z Runner group name: 'Default'
2022-12-27T11:35:08.0885210Z Machine name: 'kr1'
2022-12-27T11:35:08.0887800Z ##[group]GITHUB_TOKEN Permissions
2022-12-27T11:35:08.0888430Z Actions: write
2022-12-27T11:35:08.0888700Z Checks: write
2022-12-27T11:35:08.0888950Z Contents: write
2022-12-27T11:35:08.0889200Z Deployments: write
2022-12-27T11:35:08.0889480Z Discussions: write
2022-12-27T11:35:08.0889730Z Issues: write
2022-12-27T11:35:08.0889970Z Metadata: read
2022-12-27T11:35:08.0890220Z Packages: write
2022-12-27T11:35:08.0890480Z Pages: write
2022-12-27T11:35:08.0890730Z PullRequests: write
2022-12-27T11:35:08.0891040Z RepositoryProjects: write
2022-12-27T11:35:08.0891340Z SecurityEvents: write
2022-12-27T11:35:08.0891620Z Statuses: write
2022-12-27T11:35:08.0891880Z ##[endgroup]
2022-12-27T11:35:08.0895550Z Secret source: Actions
2022-12-27T11:35:08.0896060Z Prepare workflow directory
2022-12-27T11:35:08.2017910Z Prepare all required actions
2022-12-27T11:35:08.2229090Z Getting action download info
2022-12-27T11:35:08.7323530Z Download action repository 'actions/setup-python@v4' (SHA:5ccb29d8773c3f3f653e1705f474dfaa8a06a912)
2022-12-27T11:35:10.6628570Z Download action repository 'actions/upload-artifact@v3' (SHA:83fd05a356d7e2593de66fc9913b3002723633cb)
2022-12-27T11:35:12.1280130Z ##[group]Run echo '{
2022-12-27T11:35:12.1280920Z [36;1mecho '{[0m
2022-12-27T11:35:12.1281270Z [36;1m  "package_name": "lxml",[0m
2022-12-27T11:35:12.1281870Z [36;1m  "package_url": "https://files.pythonhosted.org/packages/c1/0d/30174b1c276612296e95ce17bb559d47e2faca0389fe758632f571252102/lxml-2.3.6.tar.gz",[0m
2022-12-27T11:35:12.1282310Z [36;1m  "package_version": "2.3.6",[0m
2022-12-27T11:35:12.1282680Z [36;1m  "python_version": "3.10",[0m
2022-12-27T11:35:12.1283220Z [36;1m  "use_ccache": "true"[0m
2022-12-27T11:35:12.1283540Z [36;1m}'[0m
2022-12-27T11:35:12.1311310Z shell: /bin/bash -e {0}
2022-12-27T11:35:12.1311830Z ##[endgroup]
2022-12-27T11:35:12.1728950Z {
2022-12-27T11:35:12.1731660Z   "package_name": "lxml",
2022-12-27T11:35:12.1732750Z   "package_url": "https://files.pythonhosted.org/packages/c1/0d/30174b1c276612296e95ce17bb559d47e2faca0389fe758632f571252102/lxml-2.3.6.tar.gz",
2022-12-27T11:35:12.1733250Z   "package_version": "2.3.6",
2022-12-27T11:35:12.1733740Z   "python_version": "3.10",
2022-12-27T11:35:12.1734030Z   "use_ccache": "true"
2022-12-27T11:35:12.1734410Z }
2022-12-27T11:35:12.2123270Z ##[group]Run actions/setup-python@v4
2022-12-27T11:35:12.2123740Z with:
2022-12-27T11:35:12.2124010Z   python-version: 3.10
2022-12-27T11:35:12.2124360Z   check-latest: false
2022-12-27T11:35:12.2125110Z   token: ***
2022-12-27T11:35:12.2125450Z   update-environment: true
2022-12-27T11:35:12.2125720Z ##[endgroup]
2022-12-27T11:35:12.4363730Z ##[group]Installed versions
2022-12-27T11:35:12.4441500Z Successfully set up CPython (3.10.9)
2022-12-27T11:35:12.4443650Z ##[endgroup]
2022-12-27T11:35:12.4701070Z ##[group]Run if [ "true" == "true" ]
2022-12-27T11:35:12.4701750Z [36;1mif [ "true" == "true" ][0m
2022-12-27T11:35:12.4702100Z [36;1mthen[0m
2022-12-27T11:35:12.4702500Z [36;1m  echo "CCACHE_PATH_PREPEND=/usr/local/opt/ccache/libexec" >> $GITHUB_OUTPUT[0m
2022-12-27T11:35:12.4702880Z [36;1melse[0m
2022-12-27T11:35:12.4703340Z [36;1m  echo "CCACHE_PATH_PREPEND=" >> $GITHUB_OUTPUT[0m
2022-12-27T11:35:12.4703690Z [36;1mfi[0m
2022-12-27T11:35:12.4733270Z shell: /bin/bash -e {0}
2022-12-27T11:35:12.4733650Z env:
2022-12-27T11:35:12.4734190Z   pythonLocation: /Users/runner/hostedtoolcache/Python/3.10.9/x64
2022-12-27T11:35:12.4734750Z   PKG_CONFIG_PATH: /Users/runner/hostedtoolcache/Python/3.10.9/x64/lib/pkgconfig
2022-12-27T11:35:12.4735160Z   Python_ROOT_DIR: /Users/runner/hostedtoolcache/Python/3.10.9/x64
2022-12-27T11:35:12.4735630Z   Python2_ROOT_DIR: /Users/runner/hostedtoolcache/Python/3.10.9/x64
2022-12-27T11:35:12.4736260Z   Python3_ROOT_DIR: /Users/runner/hostedtoolcache/Python/3.10.9/x64
2022-12-27T11:35:12.4736970Z ##[endgroup]
2022-12-27T11:35:12.5045600Z ##[group]Run echo "BUILD_NAME=$(echo lxml_2.3.6_3.10 | tr -dc '[:alnum:]\n\r' | tr '[:upper:]' '[:lower:]')" >> $GITHUB_OUTPUT
2022-12-27T11:35:12.5046150Z [36;1mecho "BUILD_NAME=$(echo lxml_2.3.6_3.10 | tr -dc '[:alnum:]\n\r' | tr '[:upper:]' '[:lower:]')" >> $GITHUB_OUTPUT[0m
2022-12-27T11:35:12.5073440Z shell: /bin/bash -e {0}
2022-12-27T11:35:12.5073630Z env:
2022-12-27T11:35:12.5073950Z   pythonLocation: /Users/runner/hostedtoolcache/Python/3.10.9/x64
2022-12-27T11:35:12.5074280Z   PKG_CONFIG_PATH: /Users/runner/hostedtoolcache/Python/3.10.9/x64/lib/pkgconfig
2022-12-27T11:35:12.5074610Z   Python_ROOT_DIR: /Users/runner/hostedtoolcache/Python/3.10.9/x64
2022-12-27T11:35:12.5074910Z   Python2_ROOT_DIR: /Users/runner/hostedtoolcache/Python/3.10.9/x64
2022-12-27T11:35:12.5075210Z   Python3_ROOT_DIR: /Users/runner/hostedtoolcache/Python/3.10.9/x64
2022-12-27T11:35:12.5075450Z ##[endgroup]
2022-12-27T11:35:12.5315890Z ##[group]Run echo "PYTHON_NO_DOTS=$(echo 3.10 | tr -dc '[:alnum:]\n\r' | tr '[:upper:]' '[:lower:]')" >> $GITHUB_OUTPUT
2022-12-27T11:35:12.5316550Z [36;1mecho "PYTHON_NO_DOTS=$(echo 3.10 | tr -dc '[:alnum:]\n\r' | tr '[:upper:]' '[:lower:]')" >> $GITHUB_OUTPUT[0m
2022-12-27T11:35:12.5343910Z shell: /bin/bash -e {0}
2022-12-27T11:35:12.5344240Z env:
2022-12-27T11:35:12.5344610Z   pythonLocation: /Users/runner/hostedtoolcache/Python/3.10.9/x64
2022-12-27T11:35:12.5345000Z   PKG_CONFIG_PATH: /Users/runner/hostedtoolcache/Python/3.10.9/x64/lib/pkgconfig
2022-12-27T11:35:12.5345540Z   Python_ROOT_DIR: /Users/runner/hostedtoolcache/Python/3.10.9/x64
2022-12-27T11:35:12.5345980Z   Python2_ROOT_DIR: /Users/runner/hostedtoolcache/Python/3.10.9/x64
2022-12-27T11:35:12.5346360Z   Python3_ROOT_DIR: /Users/runner/hostedtoolcache/Python/3.10.9/x64
2022-12-27T11:35:12.5346730Z ##[endgroup]
2022-12-27T11:35:12.5596240Z ##[group]Run rm -rf build_lxml236310
2022-12-27T11:35:12.5596760Z [36;1mrm -rf build_lxml236310[0m
2022-12-27T11:35:12.5597040Z [36;1mmkdir build_lxml236310[0m
2022-12-27T11:35:12.5597430Z [36;1mcd build_lxml236310[0m
2022-12-27T11:35:12.5597940Z [36;1m/usr/local/bin/wget --quiet https://files.pythonhosted.org/packages/c1/0d/30174b1c276612296e95ce17bb559d47e2faca0389fe758632f571252102/lxml-2.3.6.tar.gz[0m
2022-12-27T11:35:12.5598500Z [36;1mtar xf *.tar.gz[0m
2022-12-27T11:35:12.5598760Z [36;1mcd *[0m
2022-12-27T11:35:12.5599110Z [36;1mpython -m pip install cibuildwheel==2.11.3[0m
2022-12-27T11:35:12.5599520Z [36;1mpython -m cibuildwheel --output-dir ../wheelsout[0m
2022-12-27T11:35:12.5626620Z shell: /bin/bash -e {0}
2022-12-27T11:35:12.5626870Z env:
2022-12-27T11:35:12.5627240Z   pythonLocation: /Users/runner/hostedtoolcache/Python/3.10.9/x64
2022-12-27T11:35:12.5627680Z   PKG_CONFIG_PATH: /Users/runner/hostedtoolcache/Python/3.10.9/x64/lib/pkgconfig
2022-12-27T11:35:12.5629040Z   Python_ROOT_DIR: /Users/runner/hostedtoolcache/Python/3.10.9/x64
2022-12-27T11:35:12.5629480Z   Python2_ROOT_DIR: /Users/runner/hostedtoolcache/Python/3.10.9/x64
2022-12-27T11:35:12.5629850Z   Python3_ROOT_DIR: /Users/runner/hostedtoolcache/Python/3.10.9/x64
2022-12-27T11:35:12.5630220Z   CIBW_ARCHS_MACOS: arm64
2022-12-27T11:35:12.5630600Z   CIBW_TEST_SKIP: *_arm64
2022-12-27T11:35:12.5630870Z   CIBW_BUILD: cp310-macosx_arm64
2022-12-27T11:35:12.5631210Z   CIBW_BUILD_FRONTEND: pip
2022-12-27T11:35:12.5631530Z   CIBW_BUILD_VERBOSITY: 3
2022-12-27T11:35:12.5632030Z   CIBW_ENVIRONMENT_MACOS:  CFLAGS="-I/usr/local/opt/openssl@3/include" LDFLAGS="-L/usr/local/opt/openssl@3/lib" CPPFLAGS="-I/usr/local/opt/openssl@3/include" MAKEFLAGS="-j$(sysctl -n hw.logicalcpu)" PATH=/usr/local/opt/ccache/libexec:$PATH
2022-12-27T11:35:12.5632770Z   CIBW_BEFORE_BUILD: pip install Cython; if [[ -f requirements.txt ]]; then pip install -r requirements.txt; fi
2022-12-27T11:35:12.5633370Z   MAKEFLAGS: -j$(sysctl -n hw.logicalcpu)
2022-12-27T11:35:12.5633710Z ##[endgroup]
2022-12-27T11:35:13.3875590Z Requirement already satisfied: cibuildwheel==2.11.3 in /Users/runner/hostedtoolcache/Python/3.10.9/x64/lib/python3.10/site-packages (2.11.3)
2022-12-27T11:35:13.4285080Z Requirement already satisfied: typing-extensions>=4.1.0 in /Users/runner/hostedtoolcache/Python/3.10.9/x64/lib/python3.10/site-packages (from cibuildwheel==2.11.3) (4.4.0)
2022-12-27T11:35:13.4294500Z Requirement already satisfied: packaging>=20.9 in /Users/runner/hostedtoolcache/Python/3.10.9/x64/lib/python3.10/site-packages (from cibuildwheel==2.11.3) (22.0)
2022-12-27T11:35:13.4302790Z Requirement already satisfied: tomli in /Users/runner/hostedtoolcache/Python/3.10.9/x64/lib/python3.10/site-packages (from cibuildwheel==2.11.3) (2.0.1)
2022-12-27T11:35:13.4306230Z Requirement already satisfied: platformdirs in /Users/runner/hostedtoolcache/Python/3.10.9/x64/lib/python3.10/site-packages (from cibuildwheel==2.11.3) (2.6.0)
2022-12-27T11:35:13.4312200Z Requirement already satisfied: bracex in /Users/runner/hostedtoolcache/Python/3.10.9/x64/lib/python3.10/site-packages (from cibuildwheel==2.11.3) (2.3.post1)
2022-12-27T11:35:13.4318510Z Requirement already satisfied: bashlex!=0.13 in /Users/runner/hostedtoolcache/Python/3.10.9/x64/lib/python3.10/site-packages (from cibuildwheel==2.11.3) (0.16)
2022-12-27T11:35:13.4323420Z Requirement already satisfied: filelock in /Users/runner/hostedtoolcache/Python/3.10.9/x64/lib/python3.10/site-packages (from cibuildwheel==2.11.3) (3.8.2)
2022-12-27T11:35:13.4328440Z Requirement already satisfied: certifi in /Users/runner/hostedtoolcache/Python/3.10.9/x64/lib/python3.10/site-packages (from cibuildwheel==2.11.3) (2022.12.7)
2022-12-27T11:35:13.7944390Z 
2022-12-27T11:35:13.7945480Z      _ _       _ _   _       _           _
2022-12-27T11:35:13.7946270Z  ___|_| |_ _ _|_| |_| |_ _ _| |_ ___ ___| |
2022-12-27T11:35:13.7947640Z |  _| | . | | | | | . | | | |   | -_| -_| |
2022-12-27T11:35:13.7951520Z |___|_|___|___|_|_|___|_____|_|_|___|___|_|
2022-12-27T11:35:13.7952000Z 
2022-12-27T11:35:13.7952330Z cibuildwheel version 2.11.3
2022-12-27T11:35:13.7952590Z 
2022-12-27T11:35:13.7952910Z Build options:
2022-12-27T11:35:13.7953540Z   platform: macos
2022-12-27T11:35:13.8149760Z   architectures: arm64[0m
2022-12-27T11:35:13.8150370Z   build_selector: 
2022-12-27T11:35:13.8151260Z     build_config: cp310-macosx_arm64
2022-12-27T11:35:13.8152650Z     skip_config: 
2022-12-27T11:35:13.8154440Z     requires_python: None
2022-12-27T11:35:13.8157170Z     prerelease_pythons: False[0m
2022-12-27T11:35:13.8157690Z   [38;5;244mcontainer_engine: docker[0m
2022-12-27T11:35:13.8158330Z   output_dir: /Users/runner/actions-runner/_work/python.build/python.build/build_lxml236310/wheelsout[0m
2022-12-27T11:35:13.8159000Z   package_dir: /Users/runner/actions-runner/_work/python.build/python.build/build_lxml236310/lxml-2.3.6[0m
2022-12-27T11:35:13.8160120Z   test_selector: 
2022-12-27T11:35:13.8160600Z     skip_config: *_arm64[0m
2022-12-27T11:35:13.8160990Z   [38;5;244mbefore_all: [0m
2022-12-27T11:35:13.8161610Z   before_build: pip install Cython; if [[ -f requirements.txt ]]; then pip install -r requirements.txt; fi[0m
2022-12-27T11:35:13.8162950Z   [38;5;244mbefore_test: [0m
2022-12-27T11:35:13.8163470Z   [38;5;244mbuild_frontend: pip[0m
2022-12-27T11:35:13.8163860Z   build_verbosity: 3[0m
2022-12-27T11:35:13.8164300Z   [38;5;244mconfig_settings: [0m
2022-12-27T11:35:13.8164780Z   [38;5;244mdependency_constraints: pinned[0m
2022-12-27T11:35:13.8165250Z   environment: 
2022-12-27T11:35:13.8165750Z     CFLAGS="-I/usr/local/opt/openssl@3/include"
2022-12-27T11:35:13.8166240Z     LDFLAGS="-L/usr/local/opt/openssl@3/lib"
2022-12-27T11:35:13.8166690Z     CPPFLAGS="-I/usr/local/opt/openssl@3/include"
2022-12-27T11:35:13.8167240Z     MAKEFLAGS="-j$(sysctl -n hw.logicalcpu)"
2022-12-27T11:35:13.8167930Z     PATH=/usr/local/opt/ccache/libexec:$PATH[0m
2022-12-27T11:35:13.8168340Z   [38;5;244mmanylinux_images: None[0m
2022-12-27T11:35:13.8168810Z   [38;5;244mmusllinux_images: None[0m
2022-12-27T11:35:13.8169440Z   [38;5;244mrepair_command: delocate-wheel --require-archs {delocate_archs} -w {dest_dir} -v {wheel}[0m
2022-12-27T11:35:13.8170990Z   [38;5;244mtest_command: [0m
2022-12-27T11:35:13.8171350Z   [38;5;244mtest_extras: [0m
2022-12-27T11:35:13.8171800Z   [38;5;244mtest_requires: [0m
2022-12-27T11:35:13.8172010Z 
2022-12-27T11:35:13.8172220Z Cache folder: /Users/runner/Library/Caches/cibuildwheel
2022-12-27T11:35:13.8201100Z 
2022-12-27T11:35:13.8203610Z Here we go!
2022-12-27T11:35:13.8204100Z 
2022-12-27T11:35:13.8313660Z 
2022-12-27T11:35:13.8314410Z [1m[34mBuilding cp310-macosx_arm64 wheel[0m
2022-12-27T11:35:13.8315570Z CPython 3.10 macOS arm64 - Apple Silicon
2022-12-27T11:35:13.8316000Z 
2022-12-27T11:35:13.8320020Z ##[group]Installing Python cp310...
2022-12-27T11:35:13.8321120Z 
2022-12-27T11:35:13.8321950Z + pkgutil --pkgs
2022-12-27T11:35:13.8530110Z ##[endgroup]
2022-12-27T11:35:13.8533620Z                                                               [32mâœ“ [0m0.02s
2022-12-27T11:35:13.8534420Z ##[group]Setting up build environment...
2022-12-27T11:35:13.8534670Z 
2022-12-27T11:35:13.8566240Z + /Users/runner/hostedtoolcache/Python/3.10.9/x64/bin/python -sS /Users/runner/Library/Caches/cibuildwheel/virtualenv-20.17.0.pyz --activators= --no-periodic-update --pip=22.3.1 --setuptools=65.6.3 --wheel=0.38.4 --symlink-app-data --python /Library/Frameworks/Python.framework/Versions/3.10/bin/python3 /private/var/folders/51/hd414ycd67n82196sw51xqtc0000gn/T/cibw-run-b4f3ezj1/cp310-macosx_arm64/build/venv
2022-12-27T11:35:14.1805470Z created virtual environment CPython3.10.8.final.0-64 in 83ms
2022-12-27T11:35:14.1807190Z   creator CPython3Posix(dest=/private/var/folders/51/hd414ycd67n82196sw51xqtc0000gn/T/cibw-run-b4f3ezj1/cp310-macosx_arm64/build/venv, clear=False, no_vcs_ignore=False, global=False)
2022-12-27T11:35:14.1809450Z   seeder FromAppData(download=False, pip=22.3.1, setuptools=65.6.3, wheel=0.38.4, via=symlink, app_data_dir=/Users/runner/Library/Application Support/virtualenv)
2022-12-27T11:35:14.1810500Z     added seed packages: pip==22.3.1, setuptools==65.6.3, wheel==0.38.4
2022-12-27T11:35:14.2097510Z + python -m pip install --upgrade pip -c /Users/runner/hostedtoolcache/Python/3.10.9/x64/lib/python3.10/site-packages/cibuildwheel/resources/constraints-python310.txt
2022-12-27T11:35:14.6920600Z Requirement already satisfied: pip in ./lib/python3.10/site-packages (22.3.1)
2022-12-27T11:35:14.9287870Z + which pip
2022-12-27T11:35:14.9325910Z /private/var/folders/51/hd414ycd67n82196sw51xqtc0000gn/T/cibw-run-b4f3ezj1/cp310-macosx_arm64/build/venv/bin/pip
2022-12-27T11:35:14.9336220Z + pip --version
2022-12-27T11:35:15.2648330Z pip 22.3.1 from /private/var/folders/51/hd414ycd67n82196sw51xqtc0000gn/T/cibw-run-b4f3ezj1/cp310-macosx_arm64/build/venv/lib/python3.10/site-packages/pip (python 3.10)
2022-12-27T11:35:15.3228040Z + which pip
2022-12-27T11:35:15.3435280Z + which python
2022-12-27T11:35:15.3486830Z /private/var/folders/51/hd414ycd67n82196sw51xqtc0000gn/T/cibw-run-b4f3ezj1/cp310-macosx_arm64/build/venv/bin/python
2022-12-27T11:35:15.3494100Z + python --version
2022-12-27T11:35:15.3594420Z Python 3.10.8
2022-12-27T11:35:15.3601890Z + which python
2022-12-27T11:35:15.3710780Z ##[endgroup]
2022-12-27T11:35:15.3711750Z                                                               [32mâœ“ [0m1.52s
2022-12-27T11:35:15.3712360Z ##[group]Installing build tools...
2022-12-27T11:35:15.3712600Z 
2022-12-27T11:35:15.3713560Z + pip install --upgrade setuptools wheel delocate -c /Users/runner/hostedtoolcache/Python/3.10.9/x64/lib/python3.10/site-packages/cibuildwheel/resources/constraints-python310.txt
2022-12-27T11:35:15.8239860Z Requirement already satisfied: setuptools in /private/var/folders/51/hd414ycd67n82196sw51xqtc0000gn/T/cibw-run-b4f3ezj1/cp310-macosx_arm64/build/venv/lib/python3.10/site-packages (65.6.3)
2022-12-27T11:35:16.1275370Z Requirement already satisfied: wheel in /private/var/folders/51/hd414ycd67n82196sw51xqtc0000gn/T/cibw-run-b4f3ezj1/cp310-macosx_arm64/build/venv/lib/python3.10/site-packages (0.38.4)
2022-12-27T11:35:16.1950530Z Collecting delocate
2022-12-27T11:35:16.1990820Z   Using cached delocate-0.10.3-py3-none-any.whl (142 kB)
2022-12-27T11:35:16.2341850Z Collecting typing-extensions
2022-12-27T11:35:16.2377060Z   Using cached typing_extensions-4.4.0-py3-none-any.whl (26 kB)
2022-12-27T11:35:16.2807300Z Collecting packaging>=20.9
2022-12-27T11:35:16.2843180Z   Using cached packaging-21.3-py3-none-any.whl (40 kB)
2022-12-27T11:35:16.3400610Z Collecting pyparsing!=3.0.5,>=2.0.2
2022-12-27T11:35:16.3451390Z   Using cached pyparsing-3.0.9-py3-none-any.whl (98 kB)
2022-12-27T11:35:16.4044980Z Installing collected packages: typing-extensions, pyparsing, packaging, delocate
2022-12-27T11:35:16.6091840Z Successfully installed delocate-0.10.3 packaging-21.3 pyparsing-3.0.9 typing-extensions-4.4.0
2022-12-27T11:35:16.7458410Z ##[endgroup]
2022-12-27T11:35:16.7459390Z                                                               [32mâœ“ [0m1.37s
2022-12-27T11:35:16.7460000Z ##[group]Running before_build...
2022-12-27T11:35:16.7460200Z 
2022-12-27T11:35:16.7480130Z + pip install Cython; if [[ -f requirements.txt ]]; then pip install -r requirements.txt; fi
2022-12-27T11:35:17.7212760Z Collecting Cython
2022-12-27T11:35:17.7305000Z   Using cached Cython-0.29.32-py2.py3-none-any.whl (986 kB)
2022-12-27T11:35:17.8057960Z Installing collected packages: Cython
2022-12-27T11:35:18.5029830Z Successfully installed Cython-0.29.32
2022-12-27T11:35:18.6315610Z ##[endgroup]
2022-12-27T11:35:18.6317130Z                                                               [32mâœ“ [0m1.89s
2022-12-27T11:35:18.6318360Z ##[group]Building wheel...
2022-12-27T11:35:18.6318760Z 
2022-12-27T11:35:18.6324610Z + python -m pip wheel /Users/runner/actions-runner/_work/python.build/python.build/build_lxml236310/lxml-2.3.6 --wheel-dir=/private/var/folders/51/hd414ycd67n82196sw51xqtc0000gn/T/cibw-run-b4f3ezj1/cp310-macosx_arm64/built_wheel --no-deps -vvv
2022-12-27T11:35:19.0375020Z Created temporary directory: /private/var/folders/51/hd414ycd67n82196sw51xqtc0000gn/T/pip-ephem-wheel-cache-e6122sxl
2022-12-27T11:35:19.0381410Z Created temporary directory: /private/var/folders/51/hd414ycd67n82196sw51xqtc0000gn/T/pip-build-tracker-0m7ghrnh
2022-12-27T11:35:19.0384650Z Initialized build tracking at /private/var/folders/51/hd414ycd67n82196sw51xqtc0000gn/T/pip-build-tracker-0m7ghrnh
2022-12-27T11:35:19.0386140Z Created build tracker: /private/var/folders/51/hd414ycd67n82196sw51xqtc0000gn/T/pip-build-tracker-0m7ghrnh
2022-12-27T11:35:19.0387460Z Entered build tracker: /private/var/folders/51/hd414ycd67n82196sw51xqtc0000gn/T/pip-build-tracker-0m7ghrnh
2022-12-27T11:35:19.0393250Z Created temporary directory: /private/var/folders/51/hd414ycd67n82196sw51xqtc0000gn/T/pip-wheel-gl6zmu6u
2022-12-27T11:35:19.0403030Z Created temporary directory: /private/var/folders/51/hd414ycd67n82196sw51xqtc0000gn/T/pip-ephem-wheel-cache-__ol0r1b
2022-12-27T11:35:19.0775300Z Processing /Users/runner/actions-runner/_work/python.build/python.build/build_lxml236310/lxml-2.3.6
2022-12-27T11:35:19.0782700Z   Added file:///Users/runner/actions-runner/_work/python.build/python.build/build_lxml236310/lxml-2.3.6 to build tracker '/private/var/folders/51/hd414ycd67n82196sw51xqtc0000gn/T/pip-build-tracker-0m7ghrnh'
2022-12-27T11:35:19.0788550Z   Running setup.py (path:/Users/runner/actions-runner/_work/python.build/python.build/build_lxml236310/lxml-2.3.6/setup.py) egg_info for package from file:///Users/runner/actions-runner/_work/python.build/python.build/build_lxml236310/lxml-2.3.6
2022-12-27T11:35:19.0793330Z   Created temporary directory: /private/var/folders/51/hd414ycd67n82196sw51xqtc0000gn/T/pip-pip-egg-info-ottrqgqo
2022-12-27T11:35:19.0795950Z   Preparing metadata (setup.py): started
2022-12-27T11:35:19.0799080Z   Running command python setup.py egg_info
2022-12-27T11:35:19.7113830Z   Building lxml version 2.3.6.
2022-12-27T11:35:19.7116570Z   Building with Cython 0.29.32.
2022-12-27T11:35:19.7121960Z   Using build configuration of libxslt 1.1.29
2022-12-27T11:35:19.7127790Z   Building against libxml2/libxslt in the following directory: /Library/Developer/CommandLineTools/SDKs/MacOSX12.1.sdk/usr/lib
2022-12-27T11:35:19.7131870Z   running egg_info
2022-12-27T11:35:19.7139330Z   creating /private/var/folders/51/hd414ycd67n82196sw51xqtc0000gn/T/pip-pip-egg-info-ottrqgqo/lxml.egg-info
2022-12-27T11:35:19.7142300Z   writing /private/var/folders/51/hd414ycd67n82196sw51xqtc0000gn/T/pip-pip-egg-info-ottrqgqo/lxml.egg-info/PKG-INFO
2022-12-27T11:35:19.7147150Z   writing dependency_links to /private/var/folders/51/hd414ycd67n82196sw51xqtc0000gn/T/pip-pip-egg-info-ottrqgqo/lxml.egg-info/dependency_links.txt
2022-12-27T11:35:19.7151410Z   writing top-level names to /private/var/folders/51/hd414ycd67n82196sw51xqtc0000gn/T/pip-pip-egg-info-ottrqgqo/lxml.egg-info/top_level.txt
2022-12-27T11:35:19.7155690Z   writing manifest file '/private/var/folders/51/hd414ycd67n82196sw51xqtc0000gn/T/pip-pip-egg-info-ottrqgqo/lxml.egg-info/SOURCES.txt'
2022-12-27T11:35:19.7242020Z   reading manifest file '/private/var/folders/51/hd414ycd67n82196sw51xqtc0000gn/T/pip-pip-egg-info-ottrqgqo/lxml.egg-info/SOURCES.txt'
2022-12-27T11:35:19.7245050Z   reading manifest template 'MANIFEST.in'
2022-12-27T11:35:19.9060030Z   adding license file 'LICENSES.txt'
2022-12-27T11:35:19.9233500Z   writing manifest file '/private/var/folders/51/hd414ycd67n82196sw51xqtc0000gn/T/pip-pip-egg-info-ottrqgqo/lxml.egg-info/SOURCES.txt'
2022-12-27T11:35:19.9754250Z   Preparing metadata (setup.py): finished with status 'done'
2022-12-27T11:35:19.9818870Z   Source in /Users/runner/actions-runner/_work/python.build/python.build/build_lxml236310/lxml-2.3.6 has version 2.3.6, which satisfies requirement lxml==2.3.6 from file:///Users/runner/actions-runner/_work/python.build/python.build/build_lxml236310/lxml-2.3.6
2022-12-27T11:35:19.9828740Z   Removed lxml==2.3.6 from file:///Users/runner/actions-runner/_work/python.build/python.build/build_lxml236310/lxml-2.3.6 from build tracker '/private/var/folders/51/hd414ycd67n82196sw51xqtc0000gn/T/pip-build-tracker-0m7ghrnh'
2022-12-27T11:35:19.9870450Z Created temporary directory: /private/var/folders/51/hd414ycd67n82196sw51xqtc0000gn/T/pip-unpack-iwmtxngw
2022-12-27T11:35:19.9871020Z Building wheels for collected packages: lxml
2022-12-27T11:35:19.9879270Z   Created temporary directory: /private/var/folders/51/hd414ycd67n82196sw51xqtc0000gn/T/pip-wheel-djke11oo
2022-12-27T11:35:19.9880730Z   Building wheel for lxml (setup.py): started
2022-12-27T11:35:19.9883970Z   Destination directory: /private/var/folders/51/hd414ycd67n82196sw51xqtc0000gn/T/pip-wheel-djke11oo
2022-12-27T11:35:19.9885980Z   Running command python setup.py bdist_wheel
2022-12-27T11:35:20.3638430Z   Building lxml version 2.3.6.
2022-12-27T11:35:20.3645240Z   Building with Cython 0.29.32.
2022-12-27T11:35:20.3904810Z   Using build configuration of libxslt 1.1.29
2022-12-27T11:35:20.5862640Z   Building against libxml2/libxslt in the following directory: /Library/Developer/CommandLineTools/SDKs/MacOSX12.1.sdk/usr/lib
2022-12-27T11:35:20.6238950Z   running bdist_wheel
2022-12-27T11:35:20.6309630Z   running build
2022-12-27T11:35:20.6312230Z   running build_py
2022-12-27T11:35:20.6338790Z   creating build
2022-12-27T11:35:20.6340630Z   creating build/lib.macosx-11.0-arm64-cpython-310
2022-12-27T11:35:20.6342700Z   creating build/lib.macosx-11.0-arm64-cpython-310/lxml
2022-12-27T11:35:20.6346060Z   copying src/lxml/_elementpath.py -> build/lib.macosx-11.0-arm64-cpython-310/lxml
2022-12-27T11:35:20.6353500Z   copying src/lxml/sax.py -> build/lib.macosx-11.0-arm64-cpython-310/lxml
2022-12-27T11:35:20.6356260Z   copying src/lxml/pyclasslookup.py -> build/lib.macosx-11.0-arm64-cpython-310/lxml
2022-12-27T11:35:20.6358120Z   copying src/lxml/__init__.py -> build/lib.macosx-11.0-arm64-cpython-310/lxml
2022-12-27T11:35:20.6369150Z   copying src/lxml/builder.py -> build/lib.macosx-11.0-arm64-cpython-310/lxml
2022-12-27T11:35:20.6374270Z   copying src/lxml/doctestcompare.py -> build/lib.macosx-11.0-arm64-cpython-310/lxml
2022-12-27T11:35:20.6378870Z   copying src/lxml/usedoctest.py -> build/lib.macosx-11.0-arm64-cpython-310/lxml
2022-12-27T11:35:20.6384240Z   copying src/lxml/cssselect.py -> build/lib.macosx-11.0-arm64-cpython-310/lxml
2022-12-27T11:35:20.6391150Z   copying src/lxml/ElementInclude.py -> build/lib.macosx-11.0-arm64-cpython-310/lxml
2022-12-27T11:35:20.6396010Z   creating build/lib.macosx-11.0-arm64-cpython-310/lxml/html
2022-12-27T11:35:20.6398650Z   copying src/lxml/html/soupparser.py -> build/lib.macosx-11.0-arm64-cpython-310/lxml/html
2022-12-27T11:35:20.6400710Z   copying src/lxml/html/defs.py -> build/lib.macosx-11.0-arm64-cpython-310/lxml/html
2022-12-27T11:35:20.6404130Z   copying src/lxml/html/_setmixin.py -> build/lib.macosx-11.0-arm64-cpython-310/lxml/html
2022-12-27T11:35:20.6406220Z   copying src/lxml/html/clean.py -> build/lib.macosx-11.0-arm64-cpython-310/lxml/html
2022-12-27T11:35:20.6411410Z   copying src/lxml/html/_diffcommand.py -> build/lib.macosx-11.0-arm64-cpython-310/lxml/html
2022-12-27T11:35:20.6415780Z   copying src/lxml/html/html5parser.py -> build/lib.macosx-11.0-arm64-cpython-310/lxml/html
2022-12-27T11:35:20.6419900Z   copying src/lxml/html/__init__.py -> build/lib.macosx-11.0-arm64-cpython-310/lxml/html
2022-12-27T11:35:20.6428500Z   copying src/lxml/html/formfill.py -> build/lib.macosx-11.0-arm64-cpython-310/lxml/html
2022-12-27T11:35:20.6430880Z   copying src/lxml/html/builder.py -> build/lib.macosx-11.0-arm64-cpython-310/lxml/html
2022-12-27T11:35:20.6433290Z   copying src/lxml/html/ElementSoup.py -> build/lib.macosx-11.0-arm64-cpython-310/lxml/html
2022-12-27T11:35:20.6437170Z   copying src/lxml/html/_html5builder.py -> build/lib.macosx-11.0-arm64-cpython-310/lxml/html
2022-12-27T11:35:20.6441510Z   copying src/lxml/html/usedoctest.py -> build/lib.macosx-11.0-arm64-cpython-310/lxml/html
2022-12-27T11:35:20.6557990Z   copying src/lxml/html/diff.py -> build/lib.macosx-11.0-arm64-cpython-310/lxml/html
2022-12-27T11:35:20.6560050Z   copying src/lxml/html/_dictmixin.py -> build/lib.macosx-11.0-arm64-cpython-310/lxml/html
2022-12-27T11:35:20.6561280Z   creating build/lib.macosx-11.0-arm64-cpython-310/lxml/isoschematron
2022-12-27T11:35:20.6562320Z   copying src/lxml/isoschematron/__init__.py -> build/lib.macosx-11.0-arm64-cpython-310/lxml/isoschematron
2022-12-27T11:35:20.6563180Z   copying src/lxml/etreepublic.pxd -> build/lib.macosx-11.0-arm64-cpython-310/lxml
2022-12-27T11:35:20.6564030Z   copying src/lxml/tree.pxd -> build/lib.macosx-11.0-arm64-cpython-310/lxml
2022-12-27T11:35:20.6564940Z   copying src/lxml/etree_defs.h -> build/lib.macosx-11.0-arm64-cpython-310/lxml
2022-12-27T11:35:20.6565710Z   creating build/lib.macosx-11.0-arm64-cpython-310/lxml/isoschematron/resources
2022-12-27T11:35:20.6566660Z   creating build/lib.macosx-11.0-arm64-cpython-310/lxml/isoschematron/resources/rng
2022-12-27T11:35:20.6567680Z   copying src/lxml/isoschematron/resources/rng/iso-schematron.rng -> build/lib.macosx-11.0-arm64-cpython-310/lxml/isoschematron/resources/rng
2022-12-27T11:35:20.6568710Z   creating build/lib.macosx-11.0-arm64-cpython-310/lxml/isoschematron/resources/xsl
2022-12-27T11:35:20.6569700Z   copying src/lxml/isoschematron/resources/xsl/XSD2Schtrn.xsl -> build/lib.macosx-11.0-arm64-cpython-310/lxml/isoschematron/resources/xsl
2022-12-27T11:35:20.6571140Z   copying src/lxml/isoschematron/resources/xsl/RNG2Schtrn.xsl -> build/lib.macosx-11.0-arm64-cpython-310/lxml/isoschematron/resources/xsl
2022-12-27T11:35:20.6572410Z   creating build/lib.macosx-11.0-arm64-cpython-310/lxml/isoschematron/resources/xsl/iso-schematron-xslt1
2022-12-27T11:35:20.6573410Z   copying src/lxml/isoschematron/resources/xsl/iso-schematron-xslt1/iso_abstract_expand.xsl -> build/lib.macosx-11.0-arm64-cpython-310/lxml/isoschematron/resources/xsl/iso-schematron-xslt1
2022-12-27T11:35:20.6574650Z   copying src/lxml/isoschematron/resources/xsl/iso-schematron-xslt1/iso_dsdl_include.xsl -> build/lib.macosx-11.0-arm64-cpython-310/lxml/isoschematron/resources/xsl/iso-schematron-xslt1
2022-12-27T11:35:20.6575620Z   copying src/lxml/isoschematron/resources/xsl/iso-schematron-xslt1/iso_schematron_skeleton_for_xslt1.xsl -> build/lib.macosx-11.0-arm64-cpython-310/lxml/isoschematron/resources/xsl/iso-schematron-xslt1
2022-12-27T11:35:20.6577150Z   copying src/lxml/isoschematron/resources/xsl/iso-schematron-xslt1/iso_svrl_for_xslt1.xsl -> build/lib.macosx-11.0-arm64-cpython-310/lxml/isoschematron/resources/xsl/iso-schematron-xslt1
2022-12-27T11:35:20.6578130Z   copying src/lxml/isoschematron/resources/xsl/iso-schematron-xslt1/iso_schematron_message.xsl -> build/lib.macosx-11.0-arm64-cpython-310/lxml/isoschematron/resources/xsl/iso-schematron-xslt1
2022-12-27T11:35:20.6579080Z   copying src/lxml/isoschematron/resources/xsl/iso-schematron-xslt1/readme.txt -> build/lib.macosx-11.0-arm64-cpython-310/lxml/isoschematron/resources/xsl/iso-schematron-xslt1
2022-12-27T11:35:20.6579630Z   running build_ext
2022-12-27T11:35:20.6773930Z   skipping 'src/lxml/lxml.etree.c' Cython extension (up-to-date)
2022-12-27T11:35:20.6778230Z   skipping 'src/lxml/lxml.objectify.c' Cython extension (up-to-date)
2022-12-27T11:35:20.6782580Z   building 'lxml.etree' extension
2022-12-27T11:35:20.6787100Z   creating build/temp.macosx-11.0-arm64-cpython-310
2022-12-27T11:35:20.6791760Z   creating build/temp.macosx-11.0-arm64-cpython-310/src
2022-12-27T11:35:20.6795750Z   creating build/temp.macosx-11.0-arm64-cpython-310/src/lxml
2022-12-27T11:35:20.6802370Z   clang -Wno-unused-result -Wsign-compare -Wunreachable-code -fno-common -dynamic -DNDEBUG -g -fwrapv -O3 -Wall -g -I/usr/local/opt/openssl@3/include -I/usr/local/opt/openssl@3/include -arch arm64 -I/Library/Developer/CommandLineTools/SDKs/MacOSX12.1.sdk/usr/include -I/private/var/folders/51/hd414ycd67n82196sw51xqtc0000gn/T/cibw-run-b4f3ezj1/cp310-macosx_arm64/build/venv/include -I/Library/Frameworks/Python.framework/Versions/3.10/include/python3.10 -c src/lxml/lxml.etree.c -o build/temp.macosx-11.0-arm64-cpython-310/src/lxml/lxml.etree.o -w -flat_namespace
2022-12-27T11:35:21.5478180Z   src/lxml/lxml.etree.c:136992:5: error: expression is not assignable
2022-12-27T11:35:21.5480210Z       ++Py_REFCNT(o);
2022-12-27T11:35:21.5486200Z       ^ ~~~~~~~~~~~~
2022-12-27T11:35:21.5490490Z   src/lxml/lxml.etree.c:136995:5: error: expression is not assignable
2022-12-27T11:35:21.5494260Z       --Py_REFCNT(o);
2022-12-27T11:35:21.5498410Z       ^ ~~~~~~~~~~~~
2022-12-27T11:35:21.5503050Z   src/lxml/lxml.etree.c:137200:5: error: expression is not assignable
2022-12-27T11:35:21.5506640Z       ++Py_REFCNT(o);
2022-12-27T11:35:21.5512000Z       ^ ~~~~~~~~~~~~
2022-12-27T11:35:21.5516390Z   src/lxml/lxml.etree.c:137203:5: error: expression is not assignable
2022-12-27T11:35:21.5521280Z       --Py_REFCNT(o);
2022-12-27T11:35:21.5524570Z       ^ ~~~~~~~~~~~~
2022-12-27T11:35:21.5883590Z   src/lxml/lxml.etree.c:148385:5: error: expression is not assignable
2022-12-27T11:35:21.5885350Z       ++Py_REFCNT(o);
2022-12-27T11:35:21.5887510Z       ^ ~~~~~~~~~~~~
2022-12-27T11:35:21.5890370Z   src/lxml/lxml.etree.c:148388:5: error: expression is not assignable
2022-12-27T11:35:21.5892640Z       --Py_REFCNT(o);
2022-12-27T11:35:21.5894410Z       ^ ~~~~~~~~~~~~
2022-12-27T11:35:21.5903720Z   src/lxml/lxml.etree.c:148989:5: error: expression is not assignable
2022-12-27T11:35:21.5904610Z       ++Py_REFCNT(o);
2022-12-27T11:35:21.5906980Z       ^ ~~~~~~~~~~~~
2022-12-27T11:35:21.5909740Z   src/lxml/lxml.etree.c:148992:5: error: expression is not assignable
2022-12-27T11:35:21.5911910Z       --Py_REFCNT(o);
2022-12-27T11:35:21.5913860Z       ^ ~~~~~~~~~~~~
2022-12-27T11:35:21.5924600Z   src/lxml/lxml.etree.c:149402:5: error: expression is not assignable
2022-12-27T11:35:21.5926350Z       ++Py_REFCNT(o);
2022-12-27T11:35:21.5928690Z       ^ ~~~~~~~~~~~~
2022-12-27T11:35:21.5931330Z   src/lxml/lxml.etree.c:149405:5: error: expression is not assignable
2022-12-27T11:35:21.5933360Z       --Py_REFCNT(o);
2022-12-27T11:35:21.5935280Z       ^ ~~~~~~~~~~~~
2022-12-27T11:35:21.5937830Z   src/lxml/lxml.etree.c:149589:5: error: expression is not assignable
2022-12-27T11:35:21.5939530Z       ++Py_REFCNT(o);
2022-12-27T11:35:21.5941960Z       ^ ~~~~~~~~~~~~
2022-12-27T11:35:21.5944040Z   src/lxml/lxml.etree.c:149592:5: error: expression is not assignable
2022-12-27T11:35:21.5946120Z       --Py_REFCNT(o);
2022-12-27T11:35:21.5948270Z       ^ ~~~~~~~~~~~~
2022-12-27T11:35:21.6105090Z   src/lxml/lxml.etree.c:153652:5: error: expression is not assignable
2022-12-27T11:35:21.6108010Z       ++Py_REFCNT(o);
2022-12-27T11:35:21.6112680Z       ^ ~~~~~~~~~~~~
2022-12-27T11:35:21.6117680Z   src/lxml/lxml.etree.c:153655:5: error: expression is not assignable
2022-12-27T11:35:21.6121190Z       --Py_REFCNT(o);
2022-12-27T11:35:21.6125410Z       ^ ~~~~~~~~~~~~
2022-12-27T11:35:21.6130430Z   src/lxml/lxml.etree.c:154239:5: error: expression is not assignable
2022-12-27T11:35:21.6133900Z       ++Py_REFCNT(o);
2022-12-27T11:35:21.6138800Z       ^ ~~~~~~~~~~~~
2022-12-27T11:35:21.6143000Z   src/lxml/lxml.etree.c:154242:5: error: expression is not assignable
2022-12-27T11:35:21.6147610Z       --Py_REFCNT(o);
2022-12-27T11:35:21.6150930Z       ^ ~~~~~~~~~~~~
2022-12-27T11:35:21.6156350Z   src/lxml/lxml.etree.c:154816:5: error: expression is not assignable
2022-12-27T11:35:21.6160080Z       ++Py_REFCNT(o);
2022-12-27T11:35:21.6164180Z       ^ ~~~~~~~~~~~~
2022-12-27T11:35:21.6168700Z   src/lxml/lxml.etree.c:154819:5: error: expression is not assignable
2022-12-27T11:35:21.6172450Z       --Py_REFCNT(o);
2022-12-27T11:35:21.6176990Z       ^ ~~~~~~~~~~~~
2022-12-27T11:35:21.6181030Z   src/lxml/lxml.etree.c:155414:5: error: expression is not assignable
2022-12-27T11:35:21.6185540Z       ++Py_REFCNT(o);
2022-12-27T11:35:21.6189220Z       ^ ~~~~~~~~~~~~
2022-12-27T11:35:21.6193900Z   fatal error: too many errors emitted, stopping now [-ferror-limit=]
2022-12-27T11:35:21.7207430Z   20 errors generated.
2022-12-27T11:35:21.7285390Z   error: command '/usr/bin/clang' failed with exit code 1
2022-12-27T11:35:21.8076260Z   error: subprocess-exited-with-error
2022-12-27T11:35:21.8077630Z   
2022-12-27T11:35:21.8078550Z   Ã— python setup.py bdist_wheel did not run successfully.
2022-12-27T11:35:21.8079400Z   â”‚ exit code: 1
2022-12-27T11:35:21.8080220Z   â•°â”€> See above for output.
2022-12-27T11:35:21.8080970Z   
2022-12-27T11:35:21.8081620Z   note: This error originates from a subprocess, and is likely not a problem with pip.
2022-12-27T11:35:21.8089560Z   full command: /private/var/folders/51/hd414ycd67n82196sw51xqtc0000gn/T/cibw-run-b4f3ezj1/cp310-macosx_arm64/build/venv/bin/python -u -c '
2022-12-27T11:35:21.8090660Z   exec(compile('"'"''"'"''"'"'
2022-12-27T11:35:21.8091560Z   # This is <pip-setuptools-caller> -- a caller that pip uses to run setup.py
2022-12-27T11:35:21.8093540Z   #
2022-12-27T11:35:21.8096210Z   # - It imports setuptools before invoking setup.py, to enable projects that directly
2022-12-27T11:35:21.8097170Z   #   import from `distutils.core` to work with newer packaging standards.
2022-12-27T11:35:21.8098320Z   # - It provides a clear error message when setuptools is not installed.
2022-12-27T11:35:21.8099440Z   # - It sets `sys.argv[0]` to the underlying `setup.py`, when invoking `setup.py` so
2022-12-27T11:35:21.8100570Z   #   setuptools doesn'"'"'t think the script is `-c`. This avoids the following warning:
2022-12-27T11:35:21.8101770Z   #     manifest_maker: standard file '"'"'-c'"'"' not found".
2022-12-27T11:35:21.8102610Z   # - It generates a shim setup.py, for handling setup.cfg-only projects.
2022-12-27T11:35:21.8103360Z   import os, sys, tokenize
2022-12-27T11:35:21.8103880Z   
2022-12-27T11:35:21.8104250Z   try:
2022-12-27T11:35:21.8104790Z       import setuptools
2022-12-27T11:35:21.8105300Z   except ImportError as error:
2022-12-27T11:35:21.8105670Z       print(
2022-12-27T11:35:21.8106260Z           "ERROR: Can not execute `setup.py` since setuptools is not available in "
2022-12-27T11:35:21.8106940Z           "the build environment.",
2022-12-27T11:35:21.8107340Z           file=sys.stderr,
2022-12-27T11:35:21.8107800Z       )
2022-12-27T11:35:21.8108280Z       sys.exit(1)
2022-12-27T11:35:21.8108720Z   
2022-12-27T11:35:21.8109230Z   __file__ = %r
2022-12-27T11:35:21.8109790Z   sys.argv[0] = __file__
2022-12-27T11:35:21.8111280Z   
2022-12-27T11:35:21.8111880Z   if os.path.exists(__file__):
2022-12-27T11:35:21.8112470Z       filename = __file__
2022-12-27T11:35:21.8112970Z       with tokenize.open(__file__) as f:
2022-12-27T11:35:21.8113600Z           setup_py_code = f.read()
2022-12-27T11:35:21.8114200Z   else:
2022-12-27T11:35:21.8114940Z       filename = "<auto-generated setuptools caller>"
2022-12-27T11:35:21.8115760Z       setup_py_code = "from setuptools import setup; setup()"
2022-12-27T11:35:21.8116440Z   
2022-12-27T11:35:21.8117190Z   exec(compile(setup_py_code, filename, "exec"))
2022-12-27T11:35:21.8118690Z   '"'"''"'"''"'"' % ('"'"'/Users/runner/actions-runner/_work/python.build/python.build/build_lxml236310/lxml-2.3.6/setup.py'"'"',), "<pip-setuptools-caller>", "exec"))' bdist_wheel -d /private/var/folders/51/hd414ycd67n82196sw51xqtc0000gn/T/pip-wheel-djke11oo
2022-12-27T11:35:21.8120220Z   cwd: /Users/runner/actions-runner/_work/python.build/python.build/build_lxml236310/lxml-2.3.6/
2022-12-27T11:35:21.8121480Z   Building wheel for lxml (setup.py): finished with status 'error'
2022-12-27T11:35:21.8122280Z   ERROR: Failed building wheel for lxml
2022-12-27T11:35:21.8122880Z   Running command python setup.py clean
2022-12-27T11:35:21.8123590Z   Running setup.py clean for lxml
2022-12-27T11:35:22.1875720Z   Building lxml version 2.3.6.
2022-12-27T11:35:22.1876360Z   Building with Cython 0.29.32.
2022-12-27T11:35:22.2174110Z   Using build configuration of libxslt 1.1.29
2022-12-27T11:35:22.4162150Z   Building against libxml2/libxslt in the following directory: /Library/Developer/CommandLineTools/SDKs/MacOSX12.1.sdk/usr/lib
2022-12-27T11:35:22.4357200Z   running clean
2022-12-27T11:35:22.4393900Z   removing 'build/temp.macosx-11.0-arm64-cpython-310' (and everything under it)
2022-12-27T11:35:22.4404420Z   removing 'build/lib.macosx-11.0-arm64-cpython-310' (and everything under it)
2022-12-27T11:35:22.4455420Z   'build/bdist.macosx-11.0-arm64' does not exist -- can't clean it
2022-12-27T11:35:22.4459580Z   'build/scripts-3.10' does not exist -- can't clean it
2022-12-27T11:35:22.4463940Z   removing 'build'
2022-12-27T11:35:22.5070980Z Failed to build lxml
2022-12-27T11:35:22.5075320Z ERROR: Failed to build one or more wheels
2022-12-27T11:35:22.5093120Z Exception information:
2022-12-27T11:35:22.5093560Z Traceback (most recent call last):
2022-12-27T11:35:22.5105640Z   File "/private/var/folders/51/hd414ycd67n82196sw51xqtc0000gn/T/cibw-run-b4f3ezj1/cp310-macosx_arm64/build/venv/lib/python3.10/site-packages/pip/_internal/cli/base_command.py", line 160, in exc_logging_wrapper
2022-12-27T11:35:22.5107350Z     status = run_func(*args)
2022-12-27T11:35:22.5108210Z   File "/private/var/folders/51/hd414ycd67n82196sw51xqtc0000gn/T/cibw-run-b4f3ezj1/cp310-macosx_arm64/build/venv/lib/python3.10/site-packages/pip/_internal/cli/req_command.py", line 247, in wrapper
2022-12-27T11:35:22.5108800Z     return func(self, options, args)
2022-12-27T11:35:22.5109690Z   File "/private/var/folders/51/hd414ycd67n82196sw51xqtc0000gn/T/cibw-run-b4f3ezj1/cp310-macosx_arm64/build/venv/lib/python3.10/site-packages/pip/_internal/commands/wheel.py", line 201, in run
2022-12-27T11:35:22.5110310Z     raise CommandError("Failed to build one or more wheels")
2022-12-27T11:35:22.5110700Z pip._internal.exceptions.CommandError: Failed to build one or more wheels
2022-12-27T11:35:22.5111370Z Removed build tracker: '/private/var/folders/51/hd414ycd67n82196sw51xqtc0000gn/T/pip-build-tracker-0m7ghrnh'
2022-12-27T11:35:22.6171160Z ##[endgroup]
2022-12-27T11:35:22.6210000Z ##[error]Command ['python', '-m', 'pip', 'wheel', '/Users/runner/actions-runner/_work/python.build/python.build/build_lxml236310/lxml-2.3.6', '--wheel-dir=/private/var/folders/51/hd414ycd67n82196sw51xqtc0000gn/T/cibw-run-b4f3ezj1/cp310-macosx_arm64/built_wheel', '--no-deps', '-vvv'] failed with code 1. None
2022-12-27T11:35:22.6220210Z 
2022-12-27T11:35:22.6220810Z                                                               [31mâœ• [0m3.99s
2022-12-27T11:35:22.7073630Z ##[error]Process completed with exit code 1.
2022-12-27T11:35:22.7155120Z ##[group]Run rm -rf build_lxml236310 wheelsout
2022-12-27T11:35:22.7155410Z [36;1mrm -rf build_lxml236310 wheelsout[0m
2022-12-27T11:35:22.7183060Z shell: /bin/bash -e {0}
2022-12-27T11:35:22.7183250Z env:
2022-12-27T11:35:22.7183500Z   pythonLocation: /Users/runner/hostedtoolcache/Python/3.10.9/x64
2022-12-27T11:35:22.7183820Z   PKG_CONFIG_PATH: /Users/runner/hostedtoolcache/Python/3.10.9/x64/lib/pkgconfig
2022-12-27T11:35:22.7184140Z   Python_ROOT_DIR: /Users/runner/hostedtoolcache/Python/3.10.9/x64
2022-12-27T11:35:22.7184450Z   Python2_ROOT_DIR: /Users/runner/hostedtoolcache/Python/3.10.9/x64
2022-12-27T11:35:22.7184750Z   Python3_ROOT_DIR: /Users/runner/hostedtoolcache/Python/3.10.9/x64
2022-12-27T11:35:22.7184990Z ##[endgroup]
2022-12-27T11:35:22.8264530Z Cleaning up orphan processes
