2022-12-27T08:46:14.5250211Z Requested labels: self-hosted, macOS, X64
2022-12-27T08:46:14.5250285Z Job defined at: kilnbuild/python.build/.github/workflows/mac_arm_build.yml@refs/heads/main
2022-12-27T08:46:14.5250311Z Waiting for a runner to pick up this job...
2022-12-27T11:06:04.1344538Z Job is about to start running on the runner: k2 (organization)
2022-12-27T11:06:05.8850660Z Current runner version: '2.300.2'
2022-12-27T11:06:05.8855590Z Runner name: 'k2'
2022-12-27T11:06:05.8855840Z Runner group name: 'Default'
2022-12-27T11:06:05.8856300Z Machine name: 'k2'
2022-12-27T11:06:05.8857780Z ##[group]GITHUB_TOKEN Permissions
2022-12-27T11:06:05.8858190Z Actions: write
2022-12-27T11:06:05.8858330Z Checks: write
2022-12-27T11:06:05.8858460Z Contents: write
2022-12-27T11:06:05.8858600Z Deployments: write
2022-12-27T11:06:05.8858730Z Discussions: write
2022-12-27T11:06:05.8858860Z Issues: write
2022-12-27T11:06:05.8858990Z Metadata: read
2022-12-27T11:06:05.8859120Z Packages: write
2022-12-27T11:06:05.8859260Z Pages: write
2022-12-27T11:06:05.8859400Z PullRequests: write
2022-12-27T11:06:05.8859550Z RepositoryProjects: write
2022-12-27T11:06:05.8859770Z SecurityEvents: write
2022-12-27T11:06:05.8859910Z Statuses: write
2022-12-27T11:06:05.8860040Z ##[endgroup]
2022-12-27T11:06:05.8862510Z Secret source: Actions
2022-12-27T11:06:05.8862830Z Prepare workflow directory
2022-12-27T11:06:05.9517440Z Prepare all required actions
2022-12-27T11:06:05.9646950Z Getting action download info
2022-12-27T11:06:06.4697340Z Download action repository 'actions/setup-python@v4' (SHA:5ccb29d8773c3f3f653e1705f474dfaa8a06a912)
2022-12-27T11:06:08.2232110Z Download action repository 'actions/upload-artifact@v3' (SHA:83fd05a356d7e2593de66fc9913b3002723633cb)
2022-12-27T11:06:09.5352970Z ##[group]Run echo '{
2022-12-27T11:06:09.5353260Z [36;1mecho '{[0m
2022-12-27T11:06:09.5353390Z [36;1m  "package_name": "lxml",[0m
2022-12-27T11:06:09.5353650Z [36;1m  "package_url": "https://files.pythonhosted.org/packages/57/2b/8e38cda3b870a723b19f1268b35835ef66258c9478fccf0e927cc8b23462/lxml-2.0alpha4.tar.gz",[0m
2022-12-27T11:06:09.5353960Z [36;1m  "package_version": "2.0alpha4",[0m
2022-12-27T11:06:09.5354130Z [36;1m  "python_version": "3.11",[0m
2022-12-27T11:06:09.5354300Z [36;1m  "use_ccache": "true"[0m
2022-12-27T11:06:09.5354430Z [36;1m}'[0m
2022-12-27T11:06:09.5369450Z shell: /bin/bash -e {0}
2022-12-27T11:06:09.5369640Z ##[endgroup]
2022-12-27T11:06:09.5581090Z {
2022-12-27T11:06:09.5582390Z   "package_name": "lxml",
2022-12-27T11:06:09.5582990Z   "package_url": "https://files.pythonhosted.org/packages/57/2b/8e38cda3b870a723b19f1268b35835ef66258c9478fccf0e927cc8b23462/lxml-2.0alpha4.tar.gz",
2022-12-27T11:06:09.5583280Z   "package_version": "2.0alpha4",
2022-12-27T11:06:09.5583510Z   "python_version": "3.11",
2022-12-27T11:06:09.5583700Z   "use_ccache": "true"
2022-12-27T11:06:09.5583860Z }
2022-12-27T11:06:09.5787500Z ##[group]Run actions/setup-python@v4
2022-12-27T11:06:09.5787700Z with:
2022-12-27T11:06:09.5787880Z   python-version: 3.11
2022-12-27T11:06:09.5788110Z   check-latest: false
2022-12-27T11:06:09.5788360Z   token: ***
2022-12-27T11:06:09.5788540Z   update-environment: true
2022-12-27T11:06:09.5788720Z ##[endgroup]
2022-12-27T11:06:09.7018070Z ##[group]Installed versions
2022-12-27T11:06:09.7122800Z Successfully set up CPython (3.11.1)
2022-12-27T11:06:09.7123400Z ##[endgroup]
2022-12-27T11:06:09.7267870Z ##[group]Run if [ "true" == "true" ]
2022-12-27T11:06:09.7268170Z [36;1mif [ "true" == "true" ][0m
2022-12-27T11:06:09.7268400Z [36;1mthen[0m
2022-12-27T11:06:09.7268620Z [36;1m  echo "CCACHE_PATH_PREPEND=/usr/local/opt/ccache/libexec" >> $GITHUB_OUTPUT[0m
2022-12-27T11:06:09.7268830Z [36;1melse[0m
2022-12-27T11:06:09.7268990Z [36;1m  echo "CCACHE_PATH_PREPEND=" >> $GITHUB_OUTPUT[0m
2022-12-27T11:06:09.7269170Z [36;1mfi[0m
2022-12-27T11:06:09.7286510Z shell: /bin/bash -e {0}
2022-12-27T11:06:09.7286730Z env:
2022-12-27T11:06:09.7286920Z   pythonLocation: /Users/runner/hostedtoolcache/Python/3.11.1/x64
2022-12-27T11:06:09.7287300Z   PKG_CONFIG_PATH: /Users/runner/hostedtoolcache/Python/3.11.1/x64/lib/pkgconfig
2022-12-27T11:06:09.7287560Z   Python_ROOT_DIR: /Users/runner/hostedtoolcache/Python/3.11.1/x64
2022-12-27T11:06:09.7287760Z   Python2_ROOT_DIR: /Users/runner/hostedtoolcache/Python/3.11.1/x64
2022-12-27T11:06:09.7288060Z   Python3_ROOT_DIR: /Users/runner/hostedtoolcache/Python/3.11.1/x64
2022-12-27T11:06:09.7288610Z ##[endgroup]
2022-12-27T11:06:09.7400550Z ##[group]Run echo "BUILD_NAME=$(echo lxml_2.0alpha4_3.11 | tr -dc '[:alnum:]\n\r' | tr '[:upper:]' '[:lower:]')" >> $GITHUB_OUTPUT
2022-12-27T11:06:09.7400890Z [36;1mecho "BUILD_NAME=$(echo lxml_2.0alpha4_3.11 | tr -dc '[:alnum:]\n\r' | tr '[:upper:]' '[:lower:]')" >> $GITHUB_OUTPUT[0m
2022-12-27T11:06:09.7416690Z shell: /bin/bash -e {0}
2022-12-27T11:06:09.7416890Z env:
2022-12-27T11:06:09.7417190Z   pythonLocation: /Users/runner/hostedtoolcache/Python/3.11.1/x64
2022-12-27T11:06:09.7417430Z   PKG_CONFIG_PATH: /Users/runner/hostedtoolcache/Python/3.11.1/x64/lib/pkgconfig
2022-12-27T11:06:09.7417730Z   Python_ROOT_DIR: /Users/runner/hostedtoolcache/Python/3.11.1/x64
2022-12-27T11:06:09.7417970Z   Python2_ROOT_DIR: /Users/runner/hostedtoolcache/Python/3.11.1/x64
2022-12-27T11:06:09.7418180Z   Python3_ROOT_DIR: /Users/runner/hostedtoolcache/Python/3.11.1/x64
2022-12-27T11:06:09.7418450Z ##[endgroup]
2022-12-27T11:06:09.7584620Z ##[group]Run echo "PYTHON_NO_DOTS=$(echo 3.11 | tr -dc '[:alnum:]\n\r' | tr '[:upper:]' '[:lower:]')" >> $GITHUB_OUTPUT
2022-12-27T11:06:09.7585070Z [36;1mecho "PYTHON_NO_DOTS=$(echo 3.11 | tr -dc '[:alnum:]\n\r' | tr '[:upper:]' '[:lower:]')" >> $GITHUB_OUTPUT[0m
2022-12-27T11:06:09.7599950Z shell: /bin/bash -e {0}
2022-12-27T11:06:09.7600090Z env:
2022-12-27T11:06:09.7600300Z   pythonLocation: /Users/runner/hostedtoolcache/Python/3.11.1/x64
2022-12-27T11:06:09.7601130Z   PKG_CONFIG_PATH: /Users/runner/hostedtoolcache/Python/3.11.1/x64/lib/pkgconfig
2022-12-27T11:06:09.7601390Z   Python_ROOT_DIR: /Users/runner/hostedtoolcache/Python/3.11.1/x64
2022-12-27T11:06:09.7601590Z   Python2_ROOT_DIR: /Users/runner/hostedtoolcache/Python/3.11.1/x64
2022-12-27T11:06:09.7601810Z   Python3_ROOT_DIR: /Users/runner/hostedtoolcache/Python/3.11.1/x64
2022-12-27T11:06:09.7602010Z ##[endgroup]
2022-12-27T11:06:09.7718800Z ##[group]Run rm -rf build_lxml20alpha4311
2022-12-27T11:06:09.7719130Z [36;1mrm -rf build_lxml20alpha4311[0m
2022-12-27T11:06:09.7719440Z [36;1mmkdir build_lxml20alpha4311[0m
2022-12-27T11:06:09.7719590Z [36;1mcd build_lxml20alpha4311[0m
2022-12-27T11:06:09.7719920Z [36;1m/usr/local/bin/wget --quiet https://files.pythonhosted.org/packages/57/2b/8e38cda3b870a723b19f1268b35835ef66258c9478fccf0e927cc8b23462/lxml-2.0alpha4.tar.gz[0m
2022-12-27T11:06:09.7720180Z [36;1mtar xf *.tar.gz[0m
2022-12-27T11:06:09.7720350Z [36;1mcd *[0m
2022-12-27T11:06:09.7720500Z [36;1mpython -m pip install cibuildwheel==2.11.3[0m
2022-12-27T11:06:09.7720790Z [36;1mpython -m cibuildwheel --output-dir ../wheelsout[0m
2022-12-27T11:06:09.7737040Z shell: /bin/bash -e {0}
2022-12-27T11:06:09.7737200Z env:
2022-12-27T11:06:09.7737420Z   pythonLocation: /Users/runner/hostedtoolcache/Python/3.11.1/x64
2022-12-27T11:06:09.7737810Z   PKG_CONFIG_PATH: /Users/runner/hostedtoolcache/Python/3.11.1/x64/lib/pkgconfig
2022-12-27T11:06:09.7738030Z   Python_ROOT_DIR: /Users/runner/hostedtoolcache/Python/3.11.1/x64
2022-12-27T11:06:09.7738280Z   Python2_ROOT_DIR: /Users/runner/hostedtoolcache/Python/3.11.1/x64
2022-12-27T11:06:09.7738530Z   Python3_ROOT_DIR: /Users/runner/hostedtoolcache/Python/3.11.1/x64
2022-12-27T11:06:09.7738720Z   CIBW_ARCHS_MACOS: arm64
2022-12-27T11:06:09.7738910Z   CIBW_TEST_SKIP: *_arm64
2022-12-27T11:06:09.7739090Z   CIBW_BUILD: cp311-macosx_arm64
2022-12-27T11:06:09.7739270Z   CIBW_BUILD_FRONTEND: pip
2022-12-27T11:06:09.7739460Z   CIBW_BUILD_VERBOSITY: 3
2022-12-27T11:06:09.7739790Z   CIBW_ENVIRONMENT_MACOS:  CFLAGS="-I/usr/local/opt/openssl@3/include" LDFLAGS="-L/usr/local/opt/openssl@3/lib" CPPFLAGS="-I/usr/local/opt/openssl@3/include" MAKEFLAGS="-j$(sysctl -n hw.logicalcpu)" PATH=/usr/local/opt/ccache/libexec:$PATH
2022-12-27T11:06:09.7740210Z   CIBW_BEFORE_BUILD: pip install Cython; if [[ -f requirements.txt ]]; then pip install -r requirements.txt; fi
2022-12-27T11:06:09.7740440Z   MAKEFLAGS: -j$(sysctl -n hw.logicalcpu)
2022-12-27T11:06:09.7740590Z ##[endgroup]
2022-12-27T11:06:10.1971660Z Requirement already satisfied: cibuildwheel==2.11.3 in /Library/Frameworks/Python.framework/Versions/3.11/lib/python3.11/site-packages (2.11.3)
2022-12-27T11:06:10.2257360Z Requirement already satisfied: bashlex!=0.13 in /Library/Frameworks/Python.framework/Versions/3.11/lib/python3.11/site-packages (from cibuildwheel==2.11.3) (0.16)
2022-12-27T11:06:10.2263630Z Requirement already satisfied: bracex in /Library/Frameworks/Python.framework/Versions/3.11/lib/python3.11/site-packages (from cibuildwheel==2.11.3) (2.3.post1)
2022-12-27T11:06:10.2269920Z Requirement already satisfied: certifi in /Library/Frameworks/Python.framework/Versions/3.11/lib/python3.11/site-packages (from cibuildwheel==2.11.3) (2022.12.7)
2022-12-27T11:06:10.2275810Z Requirement already satisfied: filelock in /Library/Frameworks/Python.framework/Versions/3.11/lib/python3.11/site-packages (from cibuildwheel==2.11.3) (3.8.2)
2022-12-27T11:06:10.2284660Z Requirement already satisfied: packaging>=20.9 in /Library/Frameworks/Python.framework/Versions/3.11/lib/python3.11/site-packages (from cibuildwheel==2.11.3) (22.0)
2022-12-27T11:06:10.2292290Z Requirement already satisfied: platformdirs in /Library/Frameworks/Python.framework/Versions/3.11/lib/python3.11/site-packages (from cibuildwheel==2.11.3) (2.6.0)
2022-12-27T11:06:10.4382430Z 
2022-12-27T11:06:10.4382540Z      _ _       _ _   _       _           _
2022-12-27T11:06:10.4382930Z  ___|_| |_ _ _|_| |_| |_ _ _| |_ ___ ___| |
2022-12-27T11:06:10.4383550Z |  _| | . | | | | | . | | | |   | -_| -_| |
2022-12-27T11:06:10.4383770Z |___|_|___|___|_|_|___|_____|_|_|___|___|_|
2022-12-27T11:06:10.4383900Z 
2022-12-27T11:06:10.4383980Z cibuildwheel version 2.11.3
2022-12-27T11:06:10.4384120Z 
2022-12-27T11:06:10.4384290Z Build options:
2022-12-27T11:06:10.4384510Z   platform: macos
2022-12-27T11:06:10.4415610Z   architectures: arm64[0m
2022-12-27T11:06:10.4415900Z   build_selector: 
2022-12-27T11:06:10.4417310Z     build_config: cp311-macosx_arm64
2022-12-27T11:06:10.4418380Z     skip_config: 
2022-12-27T11:06:10.4418690Z     requires_python: None
2022-12-27T11:06:10.4419160Z     prerelease_pythons: False[0m
2022-12-27T11:06:10.4419690Z   [38;5;244mcontainer_engine: docker[0m
2022-12-27T11:06:10.4420610Z   output_dir: /Users/runner/actions-runner/_work/python.build/python.build/build_lxml20alpha4311/wheelsout[0m
2022-12-27T11:06:10.4421700Z   package_dir: /Users/runner/actions-runner/_work/python.build/python.build/build_lxml20alpha4311/lxml-2.0alpha4[0m
2022-12-27T11:06:10.4422270Z   test_selector: 
2022-12-27T11:06:10.4422870Z     skip_config: *_arm64[0m
2022-12-27T11:06:10.4423310Z   [38;5;244mbefore_all: [0m
2022-12-27T11:06:10.4424080Z   before_build: pip install Cython; if [[ -f requirements.txt ]]; then pip install -r requirements.txt; fi[0m
2022-12-27T11:06:10.4424730Z   [38;5;244mbefore_test: [0m
2022-12-27T11:06:10.4425190Z   [38;5;244mbuild_frontend: pip[0m
2022-12-27T11:06:10.4425730Z   build_verbosity: 3[0m
2022-12-27T11:06:10.4426230Z   [38;5;244mconfig_settings: [0m
2022-12-27T11:06:10.4426740Z   [38;5;244mdependency_constraints: pinned[0m
2022-12-27T11:06:10.4427180Z   environment: 
2022-12-27T11:06:10.4427760Z     CFLAGS="-I/usr/local/opt/openssl@3/include"
2022-12-27T11:06:10.4428290Z     LDFLAGS="-L/usr/local/opt/openssl@3/lib"
2022-12-27T11:06:10.4428890Z     CPPFLAGS="-I/usr/local/opt/openssl@3/include"
2022-12-27T11:06:10.4429480Z     MAKEFLAGS="-j$(sysctl -n hw.logicalcpu)"
2022-12-27T11:06:10.4430010Z     PATH=/usr/local/opt/ccache/libexec:$PATH[0m
2022-12-27T11:06:10.4430480Z   [38;5;244mmanylinux_images: None[0m
2022-12-27T11:06:10.4430720Z   [38;5;244mmusllinux_images: None[0m
2022-12-27T11:06:10.4431030Z   [38;5;244mrepair_command: delocate-wheel --require-archs {delocate_archs} -w {dest_dir} -v {wheel}[0m
2022-12-27T11:06:10.4431270Z   [38;5;244mtest_command: [0m
2022-12-27T11:06:10.4431480Z   [38;5;244mtest_extras: [0m
2022-12-27T11:06:10.4431770Z   [38;5;244mtest_requires: [0m
2022-12-27T11:06:10.4431880Z 
2022-12-27T11:06:10.4431960Z Cache folder: /Users/runner/Library/Caches/cibuildwheel
2022-12-27T11:06:10.4432310Z 
2022-12-27T11:06:10.4432390Z Here we go!
2022-12-27T11:06:10.4432490Z 
2022-12-27T11:06:10.4541290Z 
2022-12-27T11:06:10.4541820Z [1m[34mBuilding cp311-macosx_arm64 wheel[0m
2022-12-27T11:06:10.4542420Z CPython 3.11 macOS arm64 - Apple Silicon
2022-12-27T11:06:10.4542590Z 
2022-12-27T11:06:10.4544410Z ##[group]Installing Python cp311...
2022-12-27T11:06:10.4544620Z 
2022-12-27T11:06:10.4544880Z + pkgutil --pkgs
2022-12-27T11:06:10.4640530Z ##[endgroup]
2022-12-27T11:06:10.4641430Z                                                               [32mâœ“ [0m0.01s
2022-12-27T11:06:10.4641950Z ##[group]Setting up build environment...
2022-12-27T11:06:10.4642090Z 
2022-12-27T11:06:10.4657990Z + /Library/Frameworks/Python.framework/Versions/3.11/bin/python -sS /Users/runner/Library/Caches/cibuildwheel/virtualenv-20.17.0.pyz --activators= --no-periodic-update --pip=22.3.1 --setuptools=65.6.3 --wheel=0.38.4 --symlink-app-data --python /Library/Frameworks/Python.framework/Versions/3.11/bin/python3 /private/var/folders/51/hd414ycd67n82196sw51xqtc0000gn/T/cibw-run-ao2dsxpl/cp311-macosx_arm64/build/venv
2022-12-27T11:06:10.6525790Z created virtual environment CPython3.11.1.final.0-64 in 52ms
2022-12-27T11:06:10.6526680Z   creator CPython3Posix(dest=/private/var/folders/51/hd414ycd67n82196sw51xqtc0000gn/T/cibw-run-ao2dsxpl/cp311-macosx_arm64/build/venv, clear=False, no_vcs_ignore=False, global=False)
2022-12-27T11:06:10.6527390Z   seeder FromAppData(download=False, pip=22.3.1, setuptools=65.6.3, wheel=0.38.4, via=symlink, app_data_dir=/Users/runner/Library/Application Support/virtualenv)
2022-12-27T11:06:10.6527910Z     added seed packages: pip==22.3.1, setuptools==65.6.3, wheel==0.38.4
2022-12-27T11:06:10.6658650Z + python -m pip install --upgrade pip -c /Library/Frameworks/Python.framework/Versions/3.11/lib/python3.11/site-packages/cibuildwheel/resources/constraints-python311.txt
2022-12-27T11:06:10.9329320Z Requirement already satisfied: pip in ./lib/python3.11/site-packages (22.3.1)
2022-12-27T11:06:11.0594110Z + which pip
2022-12-27T11:06:11.0610180Z /private/var/folders/51/hd414ycd67n82196sw51xqtc0000gn/T/cibw-run-ao2dsxpl/cp311-macosx_arm64/build/venv/bin/pip
2022-12-27T11:06:11.0611820Z + pip --version
2022-12-27T11:06:11.2503850Z pip 22.3.1 from /private/var/folders/51/hd414ycd67n82196sw51xqtc0000gn/T/cibw-run-ao2dsxpl/cp311-macosx_arm64/build/venv/lib/python3.11/site-packages/pip (python 3.11)
2022-12-27T11:06:11.2771140Z + which pip
2022-12-27T11:06:11.2796480Z + which python
2022-12-27T11:06:11.2814050Z /private/var/folders/51/hd414ycd67n82196sw51xqtc0000gn/T/cibw-run-ao2dsxpl/cp311-macosx_arm64/build/venv/bin/python
2022-12-27T11:06:11.2816700Z + python --version
2022-12-27T11:06:11.2875050Z Python 3.11.1
2022-12-27T11:06:11.2878890Z + which python
2022-12-27T11:06:11.2929560Z ##[endgroup]
2022-12-27T11:06:11.2930070Z                                                               [32mâœ“ [0m0.83s
2022-12-27T11:06:11.2930680Z ##[group]Installing build tools...
2022-12-27T11:06:11.2930840Z 
2022-12-27T11:06:11.2931260Z + pip install --upgrade setuptools wheel delocate -c /Library/Frameworks/Python.framework/Versions/3.11/lib/python3.11/site-packages/cibuildwheel/resources/constraints-python311.txt
2022-12-27T11:06:11.5582160Z Requirement already satisfied: setuptools in /private/var/folders/51/hd414ycd67n82196sw51xqtc0000gn/T/cibw-run-ao2dsxpl/cp311-macosx_arm64/build/venv/lib/python3.11/site-packages (65.6.3)
2022-12-27T11:06:11.7263990Z Requirement already satisfied: wheel in /private/var/folders/51/hd414ycd67n82196sw51xqtc0000gn/T/cibw-run-ao2dsxpl/cp311-macosx_arm64/build/venv/lib/python3.11/site-packages (0.38.4)
2022-12-27T11:06:11.7709090Z Collecting delocate
2022-12-27T11:06:11.7730300Z   Using cached delocate-0.10.3-py3-none-any.whl (142 kB)
2022-12-27T11:06:11.7984290Z Collecting packaging>=20.9
2022-12-27T11:06:11.8002270Z   Using cached packaging-21.3-py3-none-any.whl (40 kB)
2022-12-27T11:06:11.8151130Z Collecting typing-extensions
2022-12-27T11:06:11.8168200Z   Using cached typing_extensions-4.4.0-py3-none-any.whl (26 kB)
2022-12-27T11:06:11.8464180Z Collecting pyparsing!=3.0.5,>=2.0.2
2022-12-27T11:06:11.8483550Z   Using cached pyparsing-3.0.9-py3-none-any.whl (98 kB)
2022-12-27T11:06:11.9017590Z Installing collected packages: typing-extensions, pyparsing, packaging, delocate
2022-12-27T11:06:12.0448020Z Successfully installed delocate-0.10.3 packaging-21.3 pyparsing-3.0.9 typing-extensions-4.4.0
2022-12-27T11:06:12.0933720Z ##[endgroup]
2022-12-27T11:06:12.0934330Z                                                               [32mâœ“ [0m0.80s
2022-12-27T11:06:12.0934780Z ##[group]Running before_build...
2022-12-27T11:06:12.0934900Z 
2022-12-27T11:06:12.0939450Z + pip install Cython; if [[ -f requirements.txt ]]; then pip install -r requirements.txt; fi
2022-12-27T11:06:12.6562630Z Collecting Cython
2022-12-27T11:06:12.6607570Z   Using cached Cython-0.29.32-py2.py3-none-any.whl (986 kB)
2022-12-27T11:06:12.7062200Z Installing collected packages: Cython
2022-12-27T11:06:13.1015750Z Successfully installed Cython-0.29.32
2022-12-27T11:06:13.1494820Z ##[endgroup]
2022-12-27T11:06:13.1495590Z                                                               [32mâœ“ [0m1.06s
2022-12-27T11:06:13.1496060Z ##[group]Building wheel...
2022-12-27T11:06:13.1496190Z 
2022-12-27T11:06:13.1500400Z + python -m pip wheel /Users/runner/actions-runner/_work/python.build/python.build/build_lxml20alpha4311/lxml-2.0alpha4 --wheel-dir=/private/var/folders/51/hd414ycd67n82196sw51xqtc0000gn/T/cibw-run-ao2dsxpl/cp311-macosx_arm64/built_wheel --no-deps -vvv
2022-12-27T11:06:13.3873210Z Created temporary directory: /private/var/folders/51/hd414ycd67n82196sw51xqtc0000gn/T/pip-ephem-wheel-cache-o3gx77is
2022-12-27T11:06:13.3877250Z Created temporary directory: /private/var/folders/51/hd414ycd67n82196sw51xqtc0000gn/T/pip-build-tracker-k6c9a7z5
2022-12-27T11:06:13.3879770Z Initialized build tracking at /private/var/folders/51/hd414ycd67n82196sw51xqtc0000gn/T/pip-build-tracker-k6c9a7z5
2022-12-27T11:06:13.3880820Z Created build tracker: /private/var/folders/51/hd414ycd67n82196sw51xqtc0000gn/T/pip-build-tracker-k6c9a7z5
2022-12-27T11:06:13.3882480Z Entered build tracker: /private/var/folders/51/hd414ycd67n82196sw51xqtc0000gn/T/pip-build-tracker-k6c9a7z5
2022-12-27T11:06:13.3884890Z Created temporary directory: /private/var/folders/51/hd414ycd67n82196sw51xqtc0000gn/T/pip-wheel-mqfeecc6
2022-12-27T11:06:13.3890020Z Created temporary directory: /private/var/folders/51/hd414ycd67n82196sw51xqtc0000gn/T/pip-ephem-wheel-cache-_y_j50uv
2022-12-27T11:06:13.3961470Z Processing /Users/runner/actions-runner/_work/python.build/python.build/build_lxml20alpha4311/lxml-2.0alpha4
2022-12-27T11:06:13.3966130Z   Added file:///Users/runner/actions-runner/_work/python.build/python.build/build_lxml20alpha4311/lxml-2.0alpha4 to build tracker '/private/var/folders/51/hd414ycd67n82196sw51xqtc0000gn/T/pip-build-tracker-k6c9a7z5'
2022-12-27T11:06:13.3969240Z   Running setup.py (path:/Users/runner/actions-runner/_work/python.build/python.build/build_lxml20alpha4311/lxml-2.0alpha4/setup.py) egg_info for package from file:///Users/runner/actions-runner/_work/python.build/python.build/build_lxml20alpha4311/lxml-2.0alpha4
2022-12-27T11:06:13.3971510Z   Created temporary directory: /private/var/folders/51/hd414ycd67n82196sw51xqtc0000gn/T/pip-pip-egg-info-f0_zq9wh
2022-12-27T11:06:13.3972460Z   Preparing metadata (setup.py): started
2022-12-27T11:06:13.3973950Z   Running command python setup.py egg_info
2022-12-27T11:06:13.5332200Z   Traceback (most recent call last):
2022-12-27T11:06:13.5341020Z     File "<string>", line 2, in <module>
2022-12-27T11:06:13.5341670Z     File "<pip-setuptools-caller>", line 34, in <module>
2022-12-27T11:06:13.5342300Z     File "/Users/runner/actions-runner/_work/python.build/python.build/build_lxml20alpha4311/lxml-2.0alpha4/setup.py", line 41
2022-12-27T11:06:13.5342660Z       print "Building lxml version", svn_version
2022-12-27T11:06:13.5342860Z       ^^^^^^^^^^^^^^^^^^^^^^^^^^^^^^^^^^^^^^^^^^
2022-12-27T11:06:13.5343550Z   SyntaxError: Missing parentheses in call to 'print'. Did you mean print(...)?
2022-12-27T11:06:13.5679870Z   error: subprocess-exited-with-error
2022-12-27T11:06:13.5680340Z   
2022-12-27T11:06:13.5680740Z   Ã— python setup.py egg_info did not run successfully.
2022-12-27T11:06:13.5681220Z   â”‚ exit code: 1
2022-12-27T11:06:13.5681580Z   â•°â”€> See above for output.
2022-12-27T11:06:13.5681780Z   
2022-12-27T11:06:13.5682140Z   note: This error originates from a subprocess, and is likely not a problem with pip.
2022-12-27T11:06:13.5686370Z   full command: /private/var/folders/51/hd414ycd67n82196sw51xqtc0000gn/T/cibw-run-ao2dsxpl/cp311-macosx_arm64/build/venv/bin/python -c '
2022-12-27T11:06:13.5686790Z   exec(compile('"'"''"'"''"'"'
2022-12-27T11:06:13.5687130Z   # This is <pip-setuptools-caller> -- a caller that pip uses to run setup.py
2022-12-27T11:06:13.5687680Z   #
2022-12-27T11:06:13.5688080Z   # - It imports setuptools before invoking setup.py, to enable projects that directly
2022-12-27T11:06:13.5688420Z   #   import from `distutils.core` to work with newer packaging standards.
2022-12-27T11:06:13.5688840Z   # - It provides a clear error message when setuptools is not installed.
2022-12-27T11:06:13.5689430Z   # - It sets `sys.argv[0]` to the underlying `setup.py`, when invoking `setup.py` so
2022-12-27T11:06:13.5690210Z   #   setuptools doesn'"'"'t think the script is `-c`. This avoids the following warning:
2022-12-27T11:06:13.5690690Z   #     manifest_maker: standard file '"'"'-c'"'"' not found".
2022-12-27T11:06:13.5692340Z   # - It generates a shim setup.py, for handling setup.cfg-only projects.
2022-12-27T11:06:13.5692660Z   import os, sys, tokenize
2022-12-27T11:06:13.5692850Z   
2022-12-27T11:06:13.5693040Z   try:
2022-12-27T11:06:13.5693520Z       import setuptools
2022-12-27T11:06:13.5693730Z   except ImportError as error:
2022-12-27T11:06:13.5694390Z       print(
2022-12-27T11:06:13.5694850Z           "ERROR: Can not execute `setup.py` since setuptools is not available in "
2022-12-27T11:06:13.5695130Z           "the build environment.",
2022-12-27T11:06:13.5695380Z           file=sys.stderr,
2022-12-27T11:06:13.5695610Z       )
2022-12-27T11:06:13.5695920Z       sys.exit(1)
2022-12-27T11:06:13.5696080Z   
2022-12-27T11:06:13.5696280Z   __file__ = %r
2022-12-27T11:06:13.5696600Z   sys.argv[0] = __file__
2022-12-27T11:06:13.5696770Z   
2022-12-27T11:06:13.5696990Z   if os.path.exists(__file__):
2022-12-27T11:06:13.5697220Z       filename = __file__
2022-12-27T11:06:13.5697430Z       with tokenize.open(__file__) as f:
2022-12-27T11:06:13.5697720Z           setup_py_code = f.read()
2022-12-27T11:06:13.5697950Z   else:
2022-12-27T11:06:13.5698250Z       filename = "<auto-generated setuptools caller>"
2022-12-27T11:06:13.5698550Z       setup_py_code = "from setuptools import setup; setup()"
2022-12-27T11:06:13.5698790Z   
2022-12-27T11:06:13.5699030Z   exec(compile(setup_py_code, filename, "exec"))
2022-12-27T11:06:13.5699500Z   Preparing metadata (setup.py): finished with status 'error'
2022-12-27T11:06:13.5700140Z   '"'"''"'"''"'"' % ('"'"'/Users/runner/actions-runner/_work/python.build/python.build/build_lxml20alpha4311/lxml-2.0alpha4/setup.py'"'"',), "<pip-setuptools-caller>", "exec"))' egg_info --egg-base /private/var/folders/51/hd414ycd67n82196sw51xqtc0000gn/T/pip-pip-egg-info-f0_zq9wh
2022-12-27T11:06:13.5700680Z   cwd: /Users/runner/actions-runner/_work/python.build/python.build/build_lxml20alpha4311/lxml-2.0alpha4/
2022-12-27T11:06:13.5700960Z error: metadata-generation-failed
2022-12-27T11:06:13.5701320Z 
2022-12-27T11:06:13.5701530Z Ã— Encountered error while generating package metadata.
2022-12-27T11:06:13.5701800Z â•°â”€> See above for output.
2022-12-27T11:06:13.5701910Z 
2022-12-27T11:06:13.5702030Z note: This is an issue with the package mentioned above, not pip.
2022-12-27T11:06:13.5702220Z hint: See above for details.
2022-12-27T11:06:13.5729530Z Exception information:
2022-12-27T11:06:13.5729940Z Traceback (most recent call last):
2022-12-27T11:06:13.5730890Z   File "/private/var/folders/51/hd414ycd67n82196sw51xqtc0000gn/T/cibw-run-ao2dsxpl/cp311-macosx_arm64/build/venv/lib/python3.11/site-packages/pip/_internal/operations/build/metadata_legacy.py", line 64, in generate_metadata
2022-12-27T11:06:13.5732130Z     call_subprocess(
2022-12-27T11:06:13.5732850Z   File "/private/var/folders/51/hd414ycd67n82196sw51xqtc0000gn/T/cibw-run-ao2dsxpl/cp311-macosx_arm64/build/venv/lib/python3.11/site-packages/pip/_internal/utils/subprocess.py", line 224, in call_subprocess
2022-12-27T11:06:13.5733260Z     raise error
2022-12-27T11:06:13.5733590Z pip._internal.exceptions.InstallationSubprocessError: python setup.py egg_info exited with 1
2022-12-27T11:06:13.5733880Z 
2022-12-27T11:06:13.5734040Z The above exception was the direct cause of the following exception:
2022-12-27T11:06:13.5734800Z 
2022-12-27T11:06:13.5734880Z Traceback (most recent call last):
2022-12-27T11:06:13.5735560Z   File "/private/var/folders/51/hd414ycd67n82196sw51xqtc0000gn/T/cibw-run-ao2dsxpl/cp311-macosx_arm64/build/venv/lib/python3.11/site-packages/pip/_internal/cli/base_command.py", line 160, in exc_logging_wrapper
2022-12-27T11:06:13.5735980Z     status = run_func(*args)
2022-12-27T11:06:13.5736230Z              ^^^^^^^^^^^^^^^
2022-12-27T11:06:13.5736900Z   File "/private/var/folders/51/hd414ycd67n82196sw51xqtc0000gn/T/cibw-run-ao2dsxpl/cp311-macosx_arm64/build/venv/lib/python3.11/site-packages/pip/_internal/cli/req_command.py", line 247, in wrapper
2022-12-27T11:06:13.5737280Z     return func(self, options, args)
2022-12-27T11:06:13.5737530Z            ^^^^^^^^^^^^^^^^^^^^^^^^^
2022-12-27T11:06:13.5738140Z   File "/private/var/folders/51/hd414ycd67n82196sw51xqtc0000gn/T/cibw-run-ao2dsxpl/cp311-macosx_arm64/build/venv/lib/python3.11/site-packages/pip/_internal/commands/wheel.py", line 170, in run
2022-12-27T11:06:13.5738620Z     requirement_set = resolver.resolve(reqs, check_supported_wheels=True)
2022-12-27T11:06:13.5739350Z                       ^^^^^^^^^^^^^^^^^^^^^^^^^^^^^^^^^^^^^^^^^^^^^^^^^^^
2022-12-27T11:06:13.5740020Z   File "/private/var/folders/51/hd414ycd67n82196sw51xqtc0000gn/T/cibw-run-ao2dsxpl/cp311-macosx_arm64/build/venv/lib/python3.11/site-packages/pip/_internal/resolution/resolvelib/resolver.py", line 73, in resolve
2022-12-27T11:06:13.5740480Z     collected = self.factory.collect_root_requirements(root_reqs)
2022-12-27T11:06:13.5740790Z                 ^^^^^^^^^^^^^^^^^^^^^^^^^^^^^^^^^^^^^^^^^^^^^^^^^
2022-12-27T11:06:13.5741700Z   File "/private/var/folders/51/hd414ycd67n82196sw51xqtc0000gn/T/cibw-run-ao2dsxpl/cp311-macosx_arm64/build/venv/lib/python3.11/site-packages/pip/_internal/resolution/resolvelib/factory.py", line 491, in collect_root_requirements
2022-12-27T11:06:13.5742160Z     req = self._make_requirement_from_install_req(
2022-12-27T11:06:13.5742390Z           ^^^^^^^^^^^^^^^^^^^^^^^^^^^^^^^^^^^^^^^^
2022-12-27T11:06:13.5743100Z   File "/private/var/folders/51/hd414ycd67n82196sw51xqtc0000gn/T/cibw-run-ao2dsxpl/cp311-macosx_arm64/build/venv/lib/python3.11/site-packages/pip/_internal/resolution/resolvelib/factory.py", line 453, in _make_requirement_from_install_req
2022-12-27T11:06:13.5743550Z     cand = self._make_candidate_from_link(
2022-12-27T11:06:13.5743850Z            ^^^^^^^^^^^^^^^^^^^^^^^^^^^^^^^
2022-12-27T11:06:13.5744470Z   File "/private/var/folders/51/hd414ycd67n82196sw51xqtc0000gn/T/cibw-run-ao2dsxpl/cp311-macosx_arm64/build/venv/lib/python3.11/site-packages/pip/_internal/resolution/resolvelib/factory.py", line 206, in _make_candidate_from_link
2022-12-27T11:06:13.5744920Z     self._link_candidate_cache[link] = LinkCandidate(
2022-12-27T11:06:13.5745180Z                                        ^^^^^^^^^^^^^^
2022-12-27T11:06:13.5745850Z   File "/private/var/folders/51/hd414ycd67n82196sw51xqtc0000gn/T/cibw-run-ao2dsxpl/cp311-macosx_arm64/build/venv/lib/python3.11/site-packages/pip/_internal/resolution/resolvelib/candidates.py", line 297, in __init__
2022-12-27T11:06:13.5746260Z     super().__init__(
2022-12-27T11:06:13.5746830Z   File "/private/var/folders/51/hd414ycd67n82196sw51xqtc0000gn/T/cibw-run-ao2dsxpl/cp311-macosx_arm64/build/venv/lib/python3.11/site-packages/pip/_internal/resolution/resolvelib/candidates.py", line 162, in __init__
2022-12-27T11:06:13.5747410Z     self.dist = self._prepare()
2022-12-27T11:06:13.5747650Z                 ^^^^^^^^^^^^^^^
2022-12-27T11:06:13.5748350Z   File "/private/var/folders/51/hd414ycd67n82196sw51xqtc0000gn/T/cibw-run-ao2dsxpl/cp311-macosx_arm64/build/venv/lib/python3.11/site-packages/pip/_internal/resolution/resolvelib/candidates.py", line 231, in _prepare
2022-12-27T11:06:13.5748780Z     dist = self._prepare_distribution()
2022-12-27T11:06:13.5748990Z            ^^^^^^^^^^^^^^^^^^^^^^^^^^^^
2022-12-27T11:06:13.5749650Z   File "/private/var/folders/51/hd414ycd67n82196sw51xqtc0000gn/T/cibw-run-ao2dsxpl/cp311-macosx_arm64/build/venv/lib/python3.11/site-packages/pip/_internal/resolution/resolvelib/candidates.py", line 308, in _prepare_distribution
2022-12-27T11:06:13.5750220Z     return preparer.prepare_linked_requirement(self._ireq, parallel_builds=True)
2022-12-27T11:06:13.5750520Z            ^^^^^^^^^^^^^^^^^^^^^^^^^^^^^^^^^^^^^^^^^^^^^^^^^^^^^^^^^^^^^^^^^^^^^
2022-12-27T11:06:13.5750930Z   File "/private/var/folders/51/hd414ycd67n82196sw51xqtc0000gn/T/cibw-run-ao2dsxpl/cp311-macosx_arm64/build/venv/lib/python3.11/site-packages/pip/_internal/operations/prepare.py", line 491, in prepare_linked_requirement
2022-12-27T11:06:13.5751250Z     return self._prepare_linked_requirement(req, parallel_builds)
2022-12-27T11:06:13.5751470Z            ^^^^^^^^^^^^^^^^^^^^^^^^^^^^^^^^^^^^^^^^^^^^^^^^^^^^^^
2022-12-27T11:06:13.5752000Z   File "/private/var/folders/51/hd414ycd67n82196sw51xqtc0000gn/T/cibw-run-ao2dsxpl/cp311-macosx_arm64/build/venv/lib/python3.11/site-packages/pip/_internal/operations/prepare.py", line 577, in _prepare_linked_requirement
2022-12-27T11:06:13.5752310Z     dist = _get_prepared_distribution(
2022-12-27T11:06:13.5752600Z            ^^^^^^^^^^^^^^^^^^^^^^^^^^^
2022-12-27T11:06:13.5753070Z   File "/private/var/folders/51/hd414ycd67n82196sw51xqtc0000gn/T/cibw-run-ao2dsxpl/cp311-macosx_arm64/build/venv/lib/python3.11/site-packages/pip/_internal/operations/prepare.py", line 69, in _get_prepared_distribution
2022-12-27T11:06:13.5753460Z     abstract_dist.prepare_distribution_metadata(
2022-12-27T11:06:13.5753920Z   File "/private/var/folders/51/hd414ycd67n82196sw51xqtc0000gn/T/cibw-run-ao2dsxpl/cp311-macosx_arm64/build/venv/lib/python3.11/site-packages/pip/_internal/distributions/sdist.py", line 61, in prepare_distribution_metadata
2022-12-27T11:06:13.5754230Z     self.req.prepare_metadata()
2022-12-27T11:06:13.5754620Z   File "/private/var/folders/51/hd414ycd67n82196sw51xqtc0000gn/T/cibw-run-ao2dsxpl/cp311-macosx_arm64/build/venv/lib/python3.11/site-packages/pip/_internal/req/req_install.py", line 541, in prepare_metadata
2022-12-27T11:06:13.5754980Z     self.metadata_directory = generate_metadata_legacy(
2022-12-27T11:06:13.5817090Z                               ^^^^^^^^^^^^^^^^^^^^^^^^^
2022-12-27T11:06:13.5817610Z   File "/private/var/folders/51/hd414ycd67n82196sw51xqtc0000gn/T/cibw-run-ao2dsxpl/cp311-macosx_arm64/build/venv/lib/python3.11/site-packages/pip/_internal/operations/build/metadata_legacy.py", line 71, in generate_metadata
2022-12-27T11:06:13.5817960Z     raise MetadataGenerationFailed(package_details=details) from error
2022-12-27T11:06:13.5818310Z pip._internal.exceptions.MetadataGenerationFailed: metadata generation failed
2022-12-27T11:06:13.5818780Z Removed file:///Users/runner/actions-runner/_work/python.build/python.build/build_lxml20alpha4311/lxml-2.0alpha4 from build tracker '/private/var/folders/51/hd414ycd67n82196sw51xqtc0000gn/T/pip-build-tracker-k6c9a7z5'
2022-12-27T11:06:13.5819260Z Removed build tracker: '/private/var/folders/51/hd414ycd67n82196sw51xqtc0000gn/T/pip-build-tracker-k6c9a7z5'
2022-12-27T11:06:13.6095100Z ##[endgroup]
2022-12-27T11:06:13.6116830Z ##[error]Command ['python', '-m', 'pip', 'wheel', '/Users/runner/actions-runner/_work/python.build/python.build/build_lxml20alpha4311/lxml-2.0alpha4', '--wheel-dir=/private/var/folders/51/hd414ycd67n82196sw51xqtc0000gn/T/cibw-run-ao2dsxpl/cp311-macosx_arm64/built_wheel', '--no-deps', '-vvv'] failed with code 1. None
2022-12-27T11:06:13.6123290Z                                                               [31mâœ• [0m0.46s
2022-12-27T11:06:13.6123430Z 
2022-12-27T11:06:13.6573760Z ##[error]Process completed with exit code 1.
2022-12-27T11:06:13.6607410Z ##[group]Run rm -rf build_lxml20alpha4311 wheelsout
2022-12-27T11:06:13.6607690Z [36;1mrm -rf build_lxml20alpha4311 wheelsout[0m
2022-12-27T11:06:13.6623710Z shell: /bin/bash -e {0}
2022-12-27T11:06:13.6623880Z env:
2022-12-27T11:06:13.6624040Z   pythonLocation: /Users/runner/hostedtoolcache/Python/3.11.1/x64
2022-12-27T11:06:13.6624270Z   PKG_CONFIG_PATH: /Users/runner/hostedtoolcache/Python/3.11.1/x64/lib/pkgconfig
2022-12-27T11:06:13.6624510Z   Python_ROOT_DIR: /Users/runner/hostedtoolcache/Python/3.11.1/x64
2022-12-27T11:06:13.6624720Z   Python2_ROOT_DIR: /Users/runner/hostedtoolcache/Python/3.11.1/x64
2022-12-27T11:06:13.6624940Z   Python3_ROOT_DIR: /Users/runner/hostedtoolcache/Python/3.11.1/x64
2022-12-27T11:06:13.6625120Z ##[endgroup]
2022-12-27T11:06:13.7094420Z Cleaning up orphan processes
