2022-12-27T08:46:18.6558163Z Requested labels: self-hosted, macOS, X64
2022-12-27T08:46:18.6558262Z Job defined at: kilnbuild/python.build/.github/workflows/mac_arm_build.yml@refs/heads/main
2022-12-27T08:46:18.6558294Z Waiting for a runner to pick up this job...
2022-12-27T11:07:36.3092404Z Job is about to start running on the runner: k2 (organization)
2022-12-27T11:07:38.2497630Z Current runner version: '2.300.2'
2022-12-27T11:07:38.2502920Z Runner name: 'k2'
2022-12-27T11:07:38.2503190Z Runner group name: 'Default'
2022-12-27T11:07:38.2503680Z Machine name: 'k2'
2022-12-27T11:07:38.2505200Z ##[group]GITHUB_TOKEN Permissions
2022-12-27T11:07:38.2505620Z Actions: write
2022-12-27T11:07:38.2505770Z Checks: write
2022-12-27T11:07:38.2505900Z Contents: write
2022-12-27T11:07:38.2506040Z Deployments: write
2022-12-27T11:07:38.2506190Z Discussions: write
2022-12-27T11:07:38.2506330Z Issues: write
2022-12-27T11:07:38.2506460Z Metadata: read
2022-12-27T11:07:38.2506590Z Packages: write
2022-12-27T11:07:38.2506730Z Pages: write
2022-12-27T11:07:38.2506860Z PullRequests: write
2022-12-27T11:07:38.2507030Z RepositoryProjects: write
2022-12-27T11:07:38.2507190Z SecurityEvents: write
2022-12-27T11:07:38.2507330Z Statuses: write
2022-12-27T11:07:38.2507460Z ##[endgroup]
2022-12-27T11:07:38.2510230Z Secret source: Actions
2022-12-27T11:07:38.2510560Z Prepare workflow directory
2022-12-27T11:07:38.3190970Z Prepare all required actions
2022-12-27T11:07:38.3313370Z Getting action download info
2022-12-27T11:07:38.7632870Z Download action repository 'actions/setup-python@v4' (SHA:5ccb29d8773c3f3f653e1705f474dfaa8a06a912)
2022-12-27T11:07:40.9517900Z Download action repository 'actions/upload-artifact@v3' (SHA:83fd05a356d7e2593de66fc9913b3002723633cb)
2022-12-27T11:07:42.2587810Z ##[group]Run echo '{
2022-12-27T11:07:42.2588100Z [36;1mecho '{[0m
2022-12-27T11:07:42.2588290Z [36;1m  "package_name": "lxml",[0m
2022-12-27T11:07:42.2588540Z [36;1m  "package_url": "https://files.pythonhosted.org/packages/ba/f6/a241cb9070451c60e977005a3433f06a2293ffb8a90763ae97b47c148329/lxml-2.1.4.tar.gz",[0m
2022-12-27T11:07:42.2588760Z [36;1m  "package_version": "2.1.4",[0m
2022-12-27T11:07:42.2588900Z [36;1m  "python_version": "3.11",[0m
2022-12-27T11:07:42.2589030Z [36;1m  "use_ccache": "true"[0m
2022-12-27T11:07:42.2589130Z [36;1m}'[0m
2022-12-27T11:07:42.2605640Z shell: /bin/bash -e {0}
2022-12-27T11:07:42.2605830Z ##[endgroup]
2022-12-27T11:07:42.2829890Z {
2022-12-27T11:07:42.2831210Z   "package_name": "lxml",
2022-12-27T11:07:42.2831850Z   "package_url": "https://files.pythonhosted.org/packages/ba/f6/a241cb9070451c60e977005a3433f06a2293ffb8a90763ae97b47c148329/lxml-2.1.4.tar.gz",
2022-12-27T11:07:42.2832180Z   "package_version": "2.1.4",
2022-12-27T11:07:42.2832400Z   "python_version": "3.11",
2022-12-27T11:07:42.2832560Z   "use_ccache": "true"
2022-12-27T11:07:42.2832730Z }
2022-12-27T11:07:42.3048620Z ##[group]Run actions/setup-python@v4
2022-12-27T11:07:42.3048830Z with:
2022-12-27T11:07:42.3049010Z   python-version: 3.11
2022-12-27T11:07:42.3049210Z   check-latest: false
2022-12-27T11:07:42.3049530Z   token: ***
2022-12-27T11:07:42.3049720Z   update-environment: true
2022-12-27T11:07:42.3049900Z ##[endgroup]
2022-12-27T11:07:42.4295780Z ##[group]Installed versions
2022-12-27T11:07:42.4398780Z Successfully set up CPython (3.11.1)
2022-12-27T11:07:42.4399750Z ##[endgroup]
2022-12-27T11:07:42.4546820Z ##[group]Run if [ "true" == "true" ]
2022-12-27T11:07:42.4547150Z [36;1mif [ "true" == "true" ][0m
2022-12-27T11:07:42.4547340Z [36;1mthen[0m
2022-12-27T11:07:42.4547600Z [36;1m  echo "CCACHE_PATH_PREPEND=/usr/local/opt/ccache/libexec" >> $GITHUB_OUTPUT[0m
2022-12-27T11:07:42.4547800Z [36;1melse[0m
2022-12-27T11:07:42.4548000Z [36;1m  echo "CCACHE_PATH_PREPEND=" >> $GITHUB_OUTPUT[0m
2022-12-27T11:07:42.4548150Z [36;1mfi[0m
2022-12-27T11:07:42.4565100Z shell: /bin/bash -e {0}
2022-12-27T11:07:42.4565310Z env:
2022-12-27T11:07:42.4565510Z   pythonLocation: /Users/runner/hostedtoolcache/Python/3.11.1/x64
2022-12-27T11:07:42.4565790Z   PKG_CONFIG_PATH: /Users/runner/hostedtoolcache/Python/3.11.1/x64/lib/pkgconfig
2022-12-27T11:07:42.4566140Z   Python_ROOT_DIR: /Users/runner/hostedtoolcache/Python/3.11.1/x64
2022-12-27T11:07:42.4566400Z   Python2_ROOT_DIR: /Users/runner/hostedtoolcache/Python/3.11.1/x64
2022-12-27T11:07:42.4566700Z   Python3_ROOT_DIR: /Users/runner/hostedtoolcache/Python/3.11.1/x64
2022-12-27T11:07:42.4567220Z ##[endgroup]
2022-12-27T11:07:42.4680830Z ##[group]Run echo "BUILD_NAME=$(echo lxml_2.1.4_3.11 | tr -dc '[:alnum:]\n\r' | tr '[:upper:]' '[:lower:]')" >> $GITHUB_OUTPUT
2022-12-27T11:07:42.4681320Z [36;1mecho "BUILD_NAME=$(echo lxml_2.1.4_3.11 | tr -dc '[:alnum:]\n\r' | tr '[:upper:]' '[:lower:]')" >> $GITHUB_OUTPUT[0m
2022-12-27T11:07:42.4697330Z shell: /bin/bash -e {0}
2022-12-27T11:07:42.4697510Z env:
2022-12-27T11:07:42.4697800Z   pythonLocation: /Users/runner/hostedtoolcache/Python/3.11.1/x64
2022-12-27T11:07:42.4698180Z   PKG_CONFIG_PATH: /Users/runner/hostedtoolcache/Python/3.11.1/x64/lib/pkgconfig
2022-12-27T11:07:42.4698420Z   Python_ROOT_DIR: /Users/runner/hostedtoolcache/Python/3.11.1/x64
2022-12-27T11:07:42.4698720Z   Python2_ROOT_DIR: /Users/runner/hostedtoolcache/Python/3.11.1/x64
2022-12-27T11:07:42.4699410Z   Python3_ROOT_DIR: /Users/runner/hostedtoolcache/Python/3.11.1/x64
2022-12-27T11:07:42.4699710Z ##[endgroup]
2022-12-27T11:07:42.4853980Z ##[group]Run echo "PYTHON_NO_DOTS=$(echo 3.11 | tr -dc '[:alnum:]\n\r' | tr '[:upper:]' '[:lower:]')" >> $GITHUB_OUTPUT
2022-12-27T11:07:42.4854450Z [36;1mecho "PYTHON_NO_DOTS=$(echo 3.11 | tr -dc '[:alnum:]\n\r' | tr '[:upper:]' '[:lower:]')" >> $GITHUB_OUTPUT[0m
2022-12-27T11:07:42.4869200Z shell: /bin/bash -e {0}
2022-12-27T11:07:42.4869390Z env:
2022-12-27T11:07:42.4869650Z   pythonLocation: /Users/runner/hostedtoolcache/Python/3.11.1/x64
2022-12-27T11:07:42.4869880Z   PKG_CONFIG_PATH: /Users/runner/hostedtoolcache/Python/3.11.1/x64/lib/pkgconfig
2022-12-27T11:07:42.4870120Z   Python_ROOT_DIR: /Users/runner/hostedtoolcache/Python/3.11.1/x64
2022-12-27T11:07:42.4870360Z   Python2_ROOT_DIR: /Users/runner/hostedtoolcache/Python/3.11.1/x64
2022-12-27T11:07:42.4870560Z   Python3_ROOT_DIR: /Users/runner/hostedtoolcache/Python/3.11.1/x64
2022-12-27T11:07:42.4870800Z ##[endgroup]
2022-12-27T11:07:42.4996600Z ##[group]Run rm -rf build_lxml214311
2022-12-27T11:07:42.4996900Z [36;1mrm -rf build_lxml214311[0m
2022-12-27T11:07:42.4997060Z [36;1mmkdir build_lxml214311[0m
2022-12-27T11:07:42.4997330Z [36;1mcd build_lxml214311[0m
2022-12-27T11:07:42.4997620Z [36;1m/usr/local/bin/wget --quiet https://files.pythonhosted.org/packages/ba/f6/a241cb9070451c60e977005a3433f06a2293ffb8a90763ae97b47c148329/lxml-2.1.4.tar.gz[0m
2022-12-27T11:07:42.4997890Z [36;1mtar xf *.tar.gz[0m
2022-12-27T11:07:42.4998030Z [36;1mcd *[0m
2022-12-27T11:07:42.4998270Z [36;1mpython -m pip install cibuildwheel==2.11.3[0m
2022-12-27T11:07:42.4998490Z [36;1mpython -m cibuildwheel --output-dir ../wheelsout[0m
2022-12-27T11:07:42.5012840Z shell: /bin/bash -e {0}
2022-12-27T11:07:42.5013040Z env:
2022-12-27T11:07:42.5013310Z   pythonLocation: /Users/runner/hostedtoolcache/Python/3.11.1/x64
2022-12-27T11:07:42.5013560Z   PKG_CONFIG_PATH: /Users/runner/hostedtoolcache/Python/3.11.1/x64/lib/pkgconfig
2022-12-27T11:07:42.5013850Z   Python_ROOT_DIR: /Users/runner/hostedtoolcache/Python/3.11.1/x64
2022-12-27T11:07:42.5014080Z   Python2_ROOT_DIR: /Users/runner/hostedtoolcache/Python/3.11.1/x64
2022-12-27T11:07:42.5014420Z   Python3_ROOT_DIR: /Users/runner/hostedtoolcache/Python/3.11.1/x64
2022-12-27T11:07:42.5014630Z   CIBW_ARCHS_MACOS: arm64
2022-12-27T11:07:42.5014780Z   CIBW_TEST_SKIP: *_arm64
2022-12-27T11:07:42.5014970Z   CIBW_BUILD: cp311-macosx_arm64
2022-12-27T11:07:42.5015200Z   CIBW_BUILD_FRONTEND: pip
2022-12-27T11:07:42.5015390Z   CIBW_BUILD_VERBOSITY: 3
2022-12-27T11:07:42.5015650Z   CIBW_ENVIRONMENT_MACOS:  CFLAGS="-I/usr/local/opt/openssl@3/include" LDFLAGS="-L/usr/local/opt/openssl@3/lib" CPPFLAGS="-I/usr/local/opt/openssl@3/include" MAKEFLAGS="-j$(sysctl -n hw.logicalcpu)" PATH=/usr/local/opt/ccache/libexec:$PATH
2022-12-27T11:07:42.5016010Z   CIBW_BEFORE_BUILD: pip install Cython; if [[ -f requirements.txt ]]; then pip install -r requirements.txt; fi
2022-12-27T11:07:42.5016250Z   MAKEFLAGS: -j$(sysctl -n hw.logicalcpu)
2022-12-27T11:07:42.5016460Z ##[endgroup]
2022-12-27T11:07:42.9580190Z Requirement already satisfied: cibuildwheel==2.11.3 in /Library/Frameworks/Python.framework/Versions/3.11/lib/python3.11/site-packages (2.11.3)
2022-12-27T11:07:42.9895270Z Requirement already satisfied: bashlex!=0.13 in /Library/Frameworks/Python.framework/Versions/3.11/lib/python3.11/site-packages (from cibuildwheel==2.11.3) (0.16)
2022-12-27T11:07:42.9901790Z Requirement already satisfied: bracex in /Library/Frameworks/Python.framework/Versions/3.11/lib/python3.11/site-packages (from cibuildwheel==2.11.3) (2.3.post1)
2022-12-27T11:07:42.9907880Z Requirement already satisfied: certifi in /Library/Frameworks/Python.framework/Versions/3.11/lib/python3.11/site-packages (from cibuildwheel==2.11.3) (2022.12.7)
2022-12-27T11:07:42.9914940Z Requirement already satisfied: filelock in /Library/Frameworks/Python.framework/Versions/3.11/lib/python3.11/site-packages (from cibuildwheel==2.11.3) (3.8.2)
2022-12-27T11:07:42.9923660Z Requirement already satisfied: packaging>=20.9 in /Library/Frameworks/Python.framework/Versions/3.11/lib/python3.11/site-packages (from cibuildwheel==2.11.3) (22.0)
2022-12-27T11:07:42.9931780Z Requirement already satisfied: platformdirs in /Library/Frameworks/Python.framework/Versions/3.11/lib/python3.11/site-packages (from cibuildwheel==2.11.3) (2.6.0)
2022-12-27T11:07:43.2101790Z 
2022-12-27T11:07:43.2102170Z      _ _       _ _   _       _           _
2022-12-27T11:07:43.2102430Z  ___|_| |_ _ _|_| |_| |_ _ _| |_ ___ ___| |
2022-12-27T11:07:43.2103220Z |  _| | . | | | | | . | | | |   | -_| -_| |
2022-12-27T11:07:43.2103740Z |___|_|___|___|_|_|___|_____|_|_|___|___|_|
2022-12-27T11:07:43.2103900Z 
2022-12-27T11:07:43.2104030Z cibuildwheel version 2.11.3
2022-12-27T11:07:43.2104190Z 
2022-12-27T11:07:43.2104260Z Build options:
2022-12-27T11:07:43.2104510Z   platform: macos
2022-12-27T11:07:43.2155400Z   architectures: arm64[0m
2022-12-27T11:07:43.2155670Z   build_selector: 
2022-12-27T11:07:43.2156780Z     build_config: cp311-macosx_arm64
2022-12-27T11:07:43.2157470Z     skip_config: 
2022-12-27T11:07:43.2158190Z     requires_python: None
2022-12-27T11:07:43.2158520Z     prerelease_pythons: False[0m
2022-12-27T11:07:43.2158890Z   [38;5;244mcontainer_engine: docker[0m
2022-12-27T11:07:43.2159370Z   output_dir: /Users/runner/actions-runner/_work/python.build/python.build/build_lxml214311/wheelsout[0m
2022-12-27T11:07:43.2159880Z   package_dir: /Users/runner/actions-runner/_work/python.build/python.build/build_lxml214311/lxml-2.1.4[0m
2022-12-27T11:07:43.2160320Z   test_selector: 
2022-12-27T11:07:43.2160640Z     skip_config: *_arm64[0m
2022-12-27T11:07:43.2160920Z   [38;5;244mbefore_all: [0m
2022-12-27T11:07:43.2161400Z   before_build: pip install Cython; if [[ -f requirements.txt ]]; then pip install -r requirements.txt; fi[0m
2022-12-27T11:07:43.2161810Z   [38;5;244mbefore_test: [0m
2022-12-27T11:07:43.2162200Z   [38;5;244mbuild_frontend: pip[0m
2022-12-27T11:07:43.2162600Z   build_verbosity: 3[0m
2022-12-27T11:07:43.2163060Z   [38;5;244mconfig_settings: [0m
2022-12-27T11:07:43.2163440Z   [38;5;244mdependency_constraints: pinned[0m
2022-12-27T11:07:43.2163680Z   environment: 
2022-12-27T11:07:43.2164100Z     CFLAGS="-I/usr/local/opt/openssl@3/include"
2022-12-27T11:07:43.2164480Z     LDFLAGS="-L/usr/local/opt/openssl@3/lib"
2022-12-27T11:07:43.2164820Z     CPPFLAGS="-I/usr/local/opt/openssl@3/include"
2022-12-27T11:07:43.2165200Z     MAKEFLAGS="-j$(sysctl -n hw.logicalcpu)"
2022-12-27T11:07:43.2165620Z     PATH=/usr/local/opt/ccache/libexec:$PATH[0m
2022-12-27T11:07:43.2165990Z   [38;5;244mmanylinux_images: None[0m
2022-12-27T11:07:43.2166290Z   [38;5;244mmusllinux_images: None[0m
2022-12-27T11:07:43.2166690Z   [38;5;244mrepair_command: delocate-wheel --require-archs {delocate_archs} -w {dest_dir} -v {wheel}[0m
2022-12-27T11:07:43.2167040Z   [38;5;244mtest_command: [0m
2022-12-27T11:07:43.2167320Z   [38;5;244mtest_extras: [0m
2022-12-27T11:07:43.2167600Z   [38;5;244mtest_requires: [0m
2022-12-27T11:07:43.2167730Z 
2022-12-27T11:07:43.2167870Z Cache folder: /Users/runner/Library/Caches/cibuildwheel
2022-12-27T11:07:43.2169080Z 
2022-12-27T11:07:43.2169500Z Here we go!
2022-12-27T11:07:43.2169690Z 
2022-12-27T11:07:43.2279940Z 
2022-12-27T11:07:43.2281090Z [1m[34mBuilding cp311-macosx_arm64 wheel[0m
2022-12-27T11:07:43.2281680Z CPython 3.11 macOS arm64 - Apple Silicon
2022-12-27T11:07:43.2281860Z 
2022-12-27T11:07:43.2283080Z ##[group]Installing Python cp311...
2022-12-27T11:07:43.2283280Z 
2022-12-27T11:07:43.2283460Z + pkgutil --pkgs
2022-12-27T11:07:43.2384270Z ##[endgroup]
2022-12-27T11:07:43.2385340Z                                                               [32m✓ [0m0.01s
2022-12-27T11:07:43.2385830Z ##[group]Setting up build environment...
2022-12-27T11:07:43.2385990Z 
2022-12-27T11:07:43.2402350Z + /Library/Frameworks/Python.framework/Versions/3.11/bin/python -sS /Users/runner/Library/Caches/cibuildwheel/virtualenv-20.17.0.pyz --activators= --no-periodic-update --pip=22.3.1 --setuptools=65.6.3 --wheel=0.38.4 --symlink-app-data --python /Library/Frameworks/Python.framework/Versions/3.11/bin/python3 /private/var/folders/51/hd414ycd67n82196sw51xqtc0000gn/T/cibw-run-krpuzggi/cp311-macosx_arm64/build/venv
2022-12-27T11:07:43.4284790Z created virtual environment CPython3.11.1.final.0-64 in 53ms
2022-12-27T11:07:43.4285410Z   creator CPython3Posix(dest=/private/var/folders/51/hd414ycd67n82196sw51xqtc0000gn/T/cibw-run-krpuzggi/cp311-macosx_arm64/build/venv, clear=False, no_vcs_ignore=False, global=False)
2022-12-27T11:07:43.4285910Z   seeder FromAppData(download=False, pip=22.3.1, setuptools=65.6.3, wheel=0.38.4, via=symlink, app_data_dir=/Users/runner/Library/Application Support/virtualenv)
2022-12-27T11:07:43.4286510Z     added seed packages: pip==22.3.1, setuptools==65.6.3, wheel==0.38.4
2022-12-27T11:07:43.4422120Z + python -m pip install --upgrade pip -c /Library/Frameworks/Python.framework/Versions/3.11/lib/python3.11/site-packages/cibuildwheel/resources/constraints-python311.txt
2022-12-27T11:07:43.7168200Z Requirement already satisfied: pip in ./lib/python3.11/site-packages (22.3.1)
2022-12-27T11:07:43.8434150Z + which pip
2022-12-27T11:07:43.8454390Z /private/var/folders/51/hd414ycd67n82196sw51xqtc0000gn/T/cibw-run-krpuzggi/cp311-macosx_arm64/build/venv/bin/pip
2022-12-27T11:07:43.8456160Z + pip --version
2022-12-27T11:07:44.0370930Z pip 22.3.1 from /private/var/folders/51/hd414ycd67n82196sw51xqtc0000gn/T/cibw-run-krpuzggi/cp311-macosx_arm64/build/venv/lib/python3.11/site-packages/pip (python 3.11)
2022-12-27T11:07:44.0616420Z + which pip
2022-12-27T11:07:44.0643100Z + which python
2022-12-27T11:07:44.0664580Z /private/var/folders/51/hd414ycd67n82196sw51xqtc0000gn/T/cibw-run-krpuzggi/cp311-macosx_arm64/build/venv/bin/python
2022-12-27T11:07:44.0667200Z + python --version
2022-12-27T11:07:44.0727170Z Python 3.11.1
2022-12-27T11:07:44.0730420Z + which python
2022-12-27T11:07:44.0783590Z ##[endgroup]
2022-12-27T11:07:44.0784080Z                                                               [32m✓ [0m0.84s
2022-12-27T11:07:44.0784570Z ##[group]Installing build tools...
2022-12-27T11:07:44.0784730Z 
2022-12-27T11:07:44.0785190Z + pip install --upgrade setuptools wheel delocate -c /Library/Frameworks/Python.framework/Versions/3.11/lib/python3.11/site-packages/cibuildwheel/resources/constraints-python311.txt
2022-12-27T11:07:44.3487400Z Requirement already satisfied: setuptools in /private/var/folders/51/hd414ycd67n82196sw51xqtc0000gn/T/cibw-run-krpuzggi/cp311-macosx_arm64/build/venv/lib/python3.11/site-packages (65.6.3)
2022-12-27T11:07:44.5192420Z Requirement already satisfied: wheel in /private/var/folders/51/hd414ycd67n82196sw51xqtc0000gn/T/cibw-run-krpuzggi/cp311-macosx_arm64/build/venv/lib/python3.11/site-packages (0.38.4)
2022-12-27T11:07:44.5635230Z Collecting delocate
2022-12-27T11:07:44.5657070Z   Using cached delocate-0.10.3-py3-none-any.whl (142 kB)
2022-12-27T11:07:44.5909850Z Collecting packaging>=20.9
2022-12-27T11:07:44.5928280Z   Using cached packaging-21.3-py3-none-any.whl (40 kB)
2022-12-27T11:07:44.6077070Z Collecting typing-extensions
2022-12-27T11:07:44.6094020Z   Using cached typing_extensions-4.4.0-py3-none-any.whl (26 kB)
2022-12-27T11:07:44.6401200Z Collecting pyparsing!=3.0.5,>=2.0.2
2022-12-27T11:07:44.6417670Z   Using cached pyparsing-3.0.9-py3-none-any.whl (98 kB)
2022-12-27T11:07:44.6973610Z Installing collected packages: typing-extensions, pyparsing, packaging, delocate
2022-12-27T11:07:44.8267010Z Successfully installed delocate-0.10.3 packaging-21.3 pyparsing-3.0.9 typing-extensions-4.4.0
2022-12-27T11:07:44.8720140Z ##[endgroup]
2022-12-27T11:07:44.8720740Z                                                               [32m✓ [0m0.79s
2022-12-27T11:07:44.8721070Z ##[group]Running before_build...
2022-12-27T11:07:44.8721190Z 
2022-12-27T11:07:44.8725690Z + pip install Cython; if [[ -f requirements.txt ]]; then pip install -r requirements.txt; fi
2022-12-27T11:07:45.4438940Z Collecting Cython
2022-12-27T11:07:45.4483450Z   Using cached Cython-0.29.32-py2.py3-none-any.whl (986 kB)
2022-12-27T11:07:45.5036420Z Installing collected packages: Cython
2022-12-27T11:07:45.9309820Z Successfully installed Cython-0.29.32
2022-12-27T11:07:45.9791630Z ##[endgroup]
2022-12-27T11:07:45.9792350Z                                                               [32m✓ [0m1.11s
2022-12-27T11:07:45.9793130Z ##[group]Building wheel...
2022-12-27T11:07:45.9793250Z 
2022-12-27T11:07:45.9797400Z + python -m pip wheel /Users/runner/actions-runner/_work/python.build/python.build/build_lxml214311/lxml-2.1.4 --wheel-dir=/private/var/folders/51/hd414ycd67n82196sw51xqtc0000gn/T/cibw-run-krpuzggi/cp311-macosx_arm64/built_wheel --no-deps -vvv
2022-12-27T11:07:46.2234710Z Created temporary directory: /private/var/folders/51/hd414ycd67n82196sw51xqtc0000gn/T/pip-ephem-wheel-cache-jbw5alcq
2022-12-27T11:07:46.2239870Z Created temporary directory: /private/var/folders/51/hd414ycd67n82196sw51xqtc0000gn/T/pip-build-tracker-359azf60
2022-12-27T11:07:46.2241380Z Initialized build tracking at /private/var/folders/51/hd414ycd67n82196sw51xqtc0000gn/T/pip-build-tracker-359azf60
2022-12-27T11:07:46.2242270Z Created build tracker: /private/var/folders/51/hd414ycd67n82196sw51xqtc0000gn/T/pip-build-tracker-359azf60
2022-12-27T11:07:46.2243350Z Entered build tracker: /private/var/folders/51/hd414ycd67n82196sw51xqtc0000gn/T/pip-build-tracker-359azf60
2022-12-27T11:07:46.2246320Z Created temporary directory: /private/var/folders/51/hd414ycd67n82196sw51xqtc0000gn/T/pip-wheel-qv_x310r
2022-12-27T11:07:46.2251530Z Created temporary directory: /private/var/folders/51/hd414ycd67n82196sw51xqtc0000gn/T/pip-ephem-wheel-cache-pc6cebk0
2022-12-27T11:07:46.2322890Z Processing /Users/runner/actions-runner/_work/python.build/python.build/build_lxml214311/lxml-2.1.4
2022-12-27T11:07:46.2327330Z   Added file:///Users/runner/actions-runner/_work/python.build/python.build/build_lxml214311/lxml-2.1.4 to build tracker '/private/var/folders/51/hd414ycd67n82196sw51xqtc0000gn/T/pip-build-tracker-359azf60'
2022-12-27T11:07:46.2330680Z   Running setup.py (path:/Users/runner/actions-runner/_work/python.build/python.build/build_lxml214311/lxml-2.1.4/setup.py) egg_info for package from file:///Users/runner/actions-runner/_work/python.build/python.build/build_lxml214311/lxml-2.1.4
2022-12-27T11:07:46.2333090Z   Created temporary directory: /private/var/folders/51/hd414ycd67n82196sw51xqtc0000gn/T/pip-pip-egg-info-qlsdqj0v
2022-12-27T11:07:46.2334210Z   Preparing metadata (setup.py): started
2022-12-27T11:07:46.2335620Z   Running command python setup.py egg_info
2022-12-27T11:07:46.5708920Z   Building lxml version 2.1.4.
2022-12-27T11:07:46.5710460Z   Building with Cython 0.29.32.
2022-12-27T11:07:46.5711220Z   Using build configuration of libxslt 1.1.29
2022-12-27T11:07:46.5712970Z   Building against libxml2/libxslt in the following directory: /Library/Developer/CommandLineTools/SDKs/MacOSX12.1.sdk/usr/lib
2022-12-27T11:07:46.5713500Z   running egg_info
2022-12-27T11:07:46.5715680Z   creating /private/var/folders/51/hd414ycd67n82196sw51xqtc0000gn/T/pip-pip-egg-info-qlsdqj0v/lxml.egg-info
2022-12-27T11:07:46.5718870Z   writing /private/var/folders/51/hd414ycd67n82196sw51xqtc0000gn/T/pip-pip-egg-info-qlsdqj0v/lxml.egg-info/PKG-INFO
2022-12-27T11:07:46.5722710Z   writing dependency_links to /private/var/folders/51/hd414ycd67n82196sw51xqtc0000gn/T/pip-pip-egg-info-qlsdqj0v/lxml.egg-info/dependency_links.txt
2022-12-27T11:07:46.5725470Z   writing top-level names to /private/var/folders/51/hd414ycd67n82196sw51xqtc0000gn/T/pip-pip-egg-info-qlsdqj0v/lxml.egg-info/top_level.txt
2022-12-27T11:07:46.5727880Z   writing manifest file '/private/var/folders/51/hd414ycd67n82196sw51xqtc0000gn/T/pip-pip-egg-info-qlsdqj0v/lxml.egg-info/SOURCES.txt'
2022-12-27T11:07:46.5777840Z   reading manifest file '/private/var/folders/51/hd414ycd67n82196sw51xqtc0000gn/T/pip-pip-egg-info-qlsdqj0v/lxml.egg-info/SOURCES.txt'
2022-12-27T11:07:46.5780100Z   reading manifest template 'MANIFEST.in'
2022-12-27T11:07:46.6513110Z   adding license file 'LICENSES.txt'
2022-12-27T11:07:46.6562030Z   writing manifest file '/private/var/folders/51/hd414ycd67n82196sw51xqtc0000gn/T/pip-pip-egg-info-qlsdqj0v/lxml.egg-info/SOURCES.txt'
2022-12-27T11:07:46.6843480Z   Preparing metadata (setup.py): finished with status 'done'
2022-12-27T11:07:46.6867570Z   Source in /Users/runner/actions-runner/_work/python.build/python.build/build_lxml214311/lxml-2.1.4 has version 2.1.4, which satisfies requirement lxml==2.1.4 from file:///Users/runner/actions-runner/_work/python.build/python.build/build_lxml214311/lxml-2.1.4
2022-12-27T11:07:46.6869870Z   Removed lxml==2.1.4 from file:///Users/runner/actions-runner/_work/python.build/python.build/build_lxml214311/lxml-2.1.4 from build tracker '/private/var/folders/51/hd414ycd67n82196sw51xqtc0000gn/T/pip-build-tracker-359azf60'
2022-12-27T11:07:46.6885290Z Created temporary directory: /private/var/folders/51/hd414ycd67n82196sw51xqtc0000gn/T/pip-unpack-amllh43p
2022-12-27T11:07:46.6887270Z Building wheels for collected packages: lxml
2022-12-27T11:07:46.6892980Z   Created temporary directory: /private/var/folders/51/hd414ycd67n82196sw51xqtc0000gn/T/pip-wheel-2pm051fa
2022-12-27T11:07:46.6893620Z   Building wheel for lxml (setup.py): started
2022-12-27T11:07:46.6895440Z   Destination directory: /private/var/folders/51/hd414ycd67n82196sw51xqtc0000gn/T/pip-wheel-2pm051fa
2022-12-27T11:07:46.6896170Z   Running command python setup.py bdist_wheel
2022-12-27T11:07:46.9128410Z   Building lxml version 2.1.4.
2022-12-27T11:07:46.9129980Z   Building with Cython 0.29.32.
2022-12-27T11:07:46.9130890Z   Using build configuration of libxslt 1.1.29
2022-12-27T11:07:47.0082420Z   Building against libxml2/libxslt in the following directory: /Library/Developer/CommandLineTools/SDKs/MacOSX12.1.sdk/usr/lib
2022-12-27T11:07:47.0300190Z   running bdist_wheel
2022-12-27T11:07:47.0336300Z   running build
2022-12-27T11:07:47.0337270Z   running build_py
2022-12-27T11:07:47.0356700Z   creating build
2022-12-27T11:07:47.0358170Z   creating build/lib.macosx-11.0-arm64-cpython-311
2022-12-27T11:07:47.0359720Z   creating build/lib.macosx-11.0-arm64-cpython-311/lxml
2022-12-27T11:07:47.0361340Z   copying src/lxml/_elementpath.py -> build/lib.macosx-11.0-arm64-cpython-311/lxml
2022-12-27T11:07:47.0365430Z   copying src/lxml/sax.py -> build/lib.macosx-11.0-arm64-cpython-311/lxml
2022-12-27T11:07:47.0367310Z   copying src/lxml/pyclasslookup.py -> build/lib.macosx-11.0-arm64-cpython-311/lxml
2022-12-27T11:07:47.0368440Z   copying src/lxml/__init__.py -> build/lib.macosx-11.0-arm64-cpython-311/lxml
2022-12-27T11:07:47.0371060Z   copying src/lxml/builder.py -> build/lib.macosx-11.0-arm64-cpython-311/lxml
2022-12-27T11:07:47.0373220Z   copying src/lxml/doctestcompare.py -> build/lib.macosx-11.0-arm64-cpython-311/lxml
2022-12-27T11:07:47.0375590Z   copying src/lxml/usedoctest.py -> build/lib.macosx-11.0-arm64-cpython-311/lxml
2022-12-27T11:07:47.0378220Z   copying src/lxml/cssselect.py -> build/lib.macosx-11.0-arm64-cpython-311/lxml
2022-12-27T11:07:47.0380890Z   copying src/lxml/ElementInclude.py -> build/lib.macosx-11.0-arm64-cpython-311/lxml
2022-12-27T11:07:47.0386780Z   creating build/lib.macosx-11.0-arm64-cpython-311/lxml/html
2022-12-27T11:07:47.0388200Z   copying src/lxml/html/soupparser.py -> build/lib.macosx-11.0-arm64-cpython-311/lxml/html
2022-12-27T11:07:47.0391250Z   copying src/lxml/html/defs.py -> build/lib.macosx-11.0-arm64-cpython-311/lxml/html
2022-12-27T11:07:47.0393000Z   copying src/lxml/html/_setmixin.py -> build/lib.macosx-11.0-arm64-cpython-311/lxml/html
2022-12-27T11:07:47.0395370Z   copying src/lxml/html/clean.py -> build/lib.macosx-11.0-arm64-cpython-311/lxml/html
2022-12-27T11:07:47.0398400Z   copying src/lxml/html/_diffcommand.py -> build/lib.macosx-11.0-arm64-cpython-311/lxml/html
2022-12-27T11:07:47.0400330Z   copying src/lxml/html/__init__.py -> build/lib.macosx-11.0-arm64-cpython-311/lxml/html
2022-12-27T11:07:47.0403000Z   copying src/lxml/html/formfill.py -> build/lib.macosx-11.0-arm64-cpython-311/lxml/html
2022-12-27T11:07:47.0405280Z   copying src/lxml/html/builder.py -> build/lib.macosx-11.0-arm64-cpython-311/lxml/html
2022-12-27T11:07:47.0407850Z   copying src/lxml/html/ElementSoup.py -> build/lib.macosx-11.0-arm64-cpython-311/lxml/html
2022-12-27T11:07:47.0409450Z   copying src/lxml/html/usedoctest.py -> build/lib.macosx-11.0-arm64-cpython-311/lxml/html
2022-12-27T11:07:47.0411930Z   copying src/lxml/html/diff.py -> build/lib.macosx-11.0-arm64-cpython-311/lxml/html
2022-12-27T11:07:47.0414970Z   copying src/lxml/html/_dictmixin.py -> build/lib.macosx-11.0-arm64-cpython-311/lxml/html
2022-12-27T11:07:47.0423060Z   running build_ext
2022-12-27T11:07:47.0543310Z   skipping 'src/lxml/lxml.etree.c' Cython extension (up-to-date)
2022-12-27T11:07:47.0546900Z   skipping 'src/lxml/lxml.objectify.c' Cython extension (up-to-date)
2022-12-27T11:07:47.0548110Z   building 'lxml.etree' extension
2022-12-27T11:07:47.0549990Z   creating build/temp.macosx-11.0-arm64-cpython-311
2022-12-27T11:07:47.0551170Z   creating build/temp.macosx-11.0-arm64-cpython-311/src
2022-12-27T11:07:47.0552810Z   creating build/temp.macosx-11.0-arm64-cpython-311/src/lxml
2022-12-27T11:07:47.0555200Z   clang -Wsign-compare -Wunreachable-code -fno-common -dynamic -DNDEBUG -g -fwrapv -O3 -Wall -g -I/usr/local/opt/openssl@3/include -I/usr/local/opt/openssl@3/include -arch arm64 -I/Library/Developer/CommandLineTools/SDKs/MacOSX12.1.sdk/usr/include -I/private/var/folders/51/hd414ycd67n82196sw51xqtc0000gn/T/cibw-run-krpuzggi/cp311-macosx_arm64/build/venv/include -I/Library/Frameworks/Python.framework/Versions/3.11/include/python3.11 -c src/lxml/lxml.etree.c -o build/temp.macosx-11.0-arm64-cpython-311/src/lxml/lxml.etree.o -w -flat_namespace
2022-12-27T11:07:47.4623190Z   src/lxml/lxml.etree.c:105682:5: error: expression is not assignable
2022-12-27T11:07:47.4624850Z       ++Py_REFCNT(o);
2022-12-27T11:07:47.4625700Z       ^ ~~~~~~~~~~~~
2022-12-27T11:07:47.4626860Z   src/lxml/lxml.etree.c:105685:5: error: expression is not assignable
2022-12-27T11:07:47.4628100Z       --Py_REFCNT(o);
2022-12-27T11:07:47.4628900Z       ^ ~~~~~~~~~~~~
2022-12-27T11:07:47.4632160Z   src/lxml/lxml.etree.c:106117:5: error: expression is not assignable
2022-12-27T11:07:47.4632740Z       ++Py_REFCNT(o);
2022-12-27T11:07:47.4633840Z       ^ ~~~~~~~~~~~~
2022-12-27T11:07:47.4635360Z   src/lxml/lxml.etree.c:106120:5: error: expression is not assignable
2022-12-27T11:07:47.4636190Z       --Py_REFCNT(o);
2022-12-27T11:07:47.4637060Z       ^ ~~~~~~~~~~~~
2022-12-27T11:07:47.4816740Z   src/lxml/lxml.etree.c:114541:5: error: expression is not assignable
2022-12-27T11:07:47.4817540Z       ++Py_REFCNT(o);
2022-12-27T11:07:47.4818940Z       ^ ~~~~~~~~~~~~
2022-12-27T11:07:47.4820780Z   src/lxml/lxml.etree.c:114544:5: error: expression is not assignable
2022-12-27T11:07:47.4821630Z       --Py_REFCNT(o);
2022-12-27T11:07:47.4823000Z       ^ ~~~~~~~~~~~~
2022-12-27T11:07:47.4828580Z   src/lxml/lxml.etree.c:115106:5: error: expression is not assignable
2022-12-27T11:07:47.4829480Z       ++Py_REFCNT(o);
2022-12-27T11:07:47.4830600Z       ^ ~~~~~~~~~~~~
2022-12-27T11:07:47.4831890Z   src/lxml/lxml.etree.c:115109:5: error: expression is not assignable
2022-12-27T11:07:47.4832990Z       --Py_REFCNT(o);
2022-12-27T11:07:47.4833910Z       ^ ~~~~~~~~~~~~
2022-12-27T11:07:47.4837370Z   src/lxml/lxml.etree.c:115485:5: error: expression is not assignable
2022-12-27T11:07:47.4838510Z       ++Py_REFCNT(o);
2022-12-27T11:07:47.4839890Z       ^ ~~~~~~~~~~~~
2022-12-27T11:07:47.4840880Z   src/lxml/lxml.etree.c:115488:5: error: expression is not assignable
2022-12-27T11:07:47.4841930Z       --Py_REFCNT(o);
2022-12-27T11:07:47.4842850Z       ^ ~~~~~~~~~~~~
2022-12-27T11:07:47.4844040Z   src/lxml/lxml.etree.c:115658:5: error: expression is not assignable
2022-12-27T11:07:47.4844980Z       ++Py_REFCNT(o);
2022-12-27T11:07:47.4845970Z       ^ ~~~~~~~~~~~~
2022-12-27T11:07:47.4847250Z   src/lxml/lxml.etree.c:115661:5: error: expression is not assignable
2022-12-27T11:07:47.4848270Z       --Py_REFCNT(o);
2022-12-27T11:07:47.4849140Z       ^ ~~~~~~~~~~~~
2022-12-27T11:07:47.4938090Z   src/lxml/lxml.etree.c:119458:5: error: expression is not assignable
2022-12-27T11:07:47.4939460Z       ++Py_REFCNT(o);
2022-12-27T11:07:47.4940950Z       ^ ~~~~~~~~~~~~
2022-12-27T11:07:47.4942370Z   src/lxml/lxml.etree.c:119461:5: error: expression is not assignable
2022-12-27T11:07:47.4943640Z       --Py_REFCNT(o);
2022-12-27T11:07:47.4944970Z       ^ ~~~~~~~~~~~~
2022-12-27T11:07:47.4949970Z   src/lxml/lxml.etree.c:120008:5: error: expression is not assignable
2022-12-27T11:07:47.4950990Z       ++Py_REFCNT(o);
2022-12-27T11:07:47.4952150Z       ^ ~~~~~~~~~~~~
2022-12-27T11:07:47.4953350Z   src/lxml/lxml.etree.c:120011:5: error: expression is not assignable
2022-12-27T11:07:47.4955180Z       --Py_REFCNT(o);
2022-12-27T11:07:47.4955940Z       ^ ~~~~~~~~~~~~
2022-12-27T11:07:47.4962120Z   src/lxml/lxml.etree.c:120544:5: error: expression is not assignable
2022-12-27T11:07:47.4963130Z       ++Py_REFCNT(o);
2022-12-27T11:07:47.4964280Z       ^ ~~~~~~~~~~~~
2022-12-27T11:07:47.4965660Z   src/lxml/lxml.etree.c:120547:5: error: expression is not assignable
2022-12-27T11:07:47.4966480Z       --Py_REFCNT(o);
2022-12-27T11:07:47.5029900Z       ^ ~~~~~~~~~~~~
2022-12-27T11:07:47.5030100Z   src/lxml/lxml.etree.c:120919:5: error: expression is not assignable
2022-12-27T11:07:47.5030260Z       ++Py_REFCNT(o);
2022-12-27T11:07:47.5030420Z       ^ ~~~~~~~~~~~~
2022-12-27T11:07:47.5030920Z   fatal error: too many errors emitted, stopping now [-ferror-limit=]
2022-12-27T11:07:47.5383260Z   20 errors generated.
2022-12-27T11:07:47.5425000Z   error: command '/usr/bin/clang' failed with exit code 1
2022-12-27T11:07:47.5815120Z   error: subprocess-exited-with-error
2022-12-27T11:07:47.5815460Z   
2022-12-27T11:07:47.5815890Z   × python setup.py bdist_wheel did not run successfully.
2022-12-27T11:07:47.5816270Z   │ exit code: 1
2022-12-27T11:07:47.5816600Z   ╰─> See above for output.
2022-12-27T11:07:47.5817020Z   
2022-12-27T11:07:47.5817370Z   note: This error originates from a subprocess, and is likely not a problem with pip.
2022-12-27T11:07:47.5822480Z   full command: /private/var/folders/51/hd414ycd67n82196sw51xqtc0000gn/T/cibw-run-krpuzggi/cp311-macosx_arm64/build/venv/bin/python -u -c '
2022-12-27T11:07:47.5822970Z   exec(compile('"'"''"'"''"'"'
2022-12-27T11:07:47.5823410Z   # This is <pip-setuptools-caller> -- a caller that pip uses to run setup.py
2022-12-27T11:07:47.5823690Z   #
2022-12-27T11:07:47.5824050Z   # - It imports setuptools before invoking setup.py, to enable projects that directly
2022-12-27T11:07:47.5824710Z   #   import from `distutils.core` to work with newer packaging standards.
2022-12-27T11:07:47.5825470Z   # - It provides a clear error message when setuptools is not installed.
2022-12-27T11:07:47.5825970Z   # - It sets `sys.argv[0]` to the underlying `setup.py`, when invoking `setup.py` so
2022-12-27T11:07:47.5826390Z   #   setuptools doesn'"'"'t think the script is `-c`. This avoids the following warning:
2022-12-27T11:07:47.5826830Z   #     manifest_maker: standard file '"'"'-c'"'"' not found".
2022-12-27T11:07:47.5827570Z   # - It generates a shim setup.py, for handling setup.cfg-only projects.
2022-12-27T11:07:47.5827990Z   import os, sys, tokenize
2022-12-27T11:07:47.5828240Z   
2022-12-27T11:07:47.5829850Z   try:
2022-12-27T11:07:47.5830310Z       import setuptools
2022-12-27T11:07:47.5830730Z   except ImportError as error:
2022-12-27T11:07:47.5831150Z       print(
2022-12-27T11:07:47.5831680Z           "ERROR: Can not execute `setup.py` since setuptools is not available in "
2022-12-27T11:07:47.5832210Z           "the build environment.",
2022-12-27T11:07:47.5832660Z           file=sys.stderr,
2022-12-27T11:07:47.5833030Z       )
2022-12-27T11:07:47.5833440Z       sys.exit(1)
2022-12-27T11:07:47.5833830Z   
2022-12-27T11:07:47.5834290Z   __file__ = %r
2022-12-27T11:07:47.5835140Z   sys.argv[0] = __file__
2022-12-27T11:07:47.5835910Z   Building wheel for lxml (setup.py): finished with status 'error'
2022-12-27T11:07:47.5836290Z   
2022-12-27T11:07:47.5836500Z   if os.path.exists(__file__):
2022-12-27T11:07:47.5836800Z       filename = __file__
2022-12-27T11:07:47.5837060Z       with tokenize.open(__file__) as f:
2022-12-27T11:07:47.5837300Z           setup_py_code = f.read()
2022-12-27T11:07:47.5837530Z   else:
2022-12-27T11:07:47.5837920Z       filename = "<auto-generated setuptools caller>"
2022-12-27T11:07:47.5838240Z       setup_py_code = "from setuptools import setup; setup()"
2022-12-27T11:07:47.5838480Z   
2022-12-27T11:07:47.5838740Z   exec(compile(setup_py_code, filename, "exec"))
2022-12-27T11:07:47.5839820Z   '"'"''"'"''"'"' % ('"'"'/Users/runner/actions-runner/_work/python.build/python.build/build_lxml214311/lxml-2.1.4/setup.py'"'"',), "<pip-setuptools-caller>", "exec"))' bdist_wheel -d /private/var/folders/51/hd414ycd67n82196sw51xqtc0000gn/T/pip-wheel-2pm051fa
2022-12-27T11:07:47.5840460Z   cwd: /Users/runner/actions-runner/_work/python.build/python.build/build_lxml214311/lxml-2.1.4/
2022-12-27T11:07:47.5840830Z   ERROR: Failed building wheel for lxml
2022-12-27T11:07:47.5841140Z   Running command python setup.py clean
2022-12-27T11:07:47.5841710Z   Running setup.py clean for lxml
2022-12-27T11:07:47.7971030Z   Building lxml version 2.1.4.
2022-12-27T11:07:47.7971530Z   Building with Cython 0.29.32.
2022-12-27T11:07:47.8105340Z   Using build configuration of libxslt 1.1.29
2022-12-27T11:07:47.9095240Z   Building against libxml2/libxslt in the following directory: /Library/Developer/CommandLineTools/SDKs/MacOSX12.1.sdk/usr/lib
2022-12-27T11:07:47.9214270Z   running clean
2022-12-27T11:07:47.9237620Z   removing 'build/temp.macosx-11.0-arm64-cpython-311' (and everything under it)
2022-12-27T11:07:47.9241250Z   removing 'build/lib.macosx-11.0-arm64-cpython-311' (and everything under it)
2022-12-27T11:07:47.9258040Z   'build/bdist.macosx-11.0-arm64' does not exist -- can't clean it
2022-12-27T11:07:47.9259520Z   'build/scripts-3.11' does not exist -- can't clean it
2022-12-27T11:07:47.9260810Z   removing 'build'
2022-12-27T11:07:47.9529220Z Failed to build lxml
2022-12-27T11:07:47.9533500Z ERROR: Failed to build one or more wheels
2022-12-27T11:07:47.9546320Z Exception information:
2022-12-27T11:07:47.9546640Z Traceback (most recent call last):
2022-12-27T11:07:47.9554230Z   File "/private/var/folders/51/hd414ycd67n82196sw51xqtc0000gn/T/cibw-run-krpuzggi/cp311-macosx_arm64/build/venv/lib/python3.11/site-packages/pip/_internal/cli/base_command.py", line 160, in exc_logging_wrapper
2022-12-27T11:07:47.9554710Z     status = run_func(*args)
2022-12-27T11:07:47.9554960Z              ^^^^^^^^^^^^^^^
2022-12-27T11:07:47.9555750Z   File "/private/var/folders/51/hd414ycd67n82196sw51xqtc0000gn/T/cibw-run-krpuzggi/cp311-macosx_arm64/build/venv/lib/python3.11/site-packages/pip/_internal/cli/req_command.py", line 247, in wrapper
2022-12-27T11:07:47.9556160Z     return func(self, options, args)
2022-12-27T11:07:47.9556390Z            ^^^^^^^^^^^^^^^^^^^^^^^^^
2022-12-27T11:07:47.9556920Z   File "/private/var/folders/51/hd414ycd67n82196sw51xqtc0000gn/T/cibw-run-krpuzggi/cp311-macosx_arm64/build/venv/lib/python3.11/site-packages/pip/_internal/commands/wheel.py", line 201, in run
2022-12-27T11:07:47.9557320Z     raise CommandError("Failed to build one or more wheels")
2022-12-27T11:07:47.9557640Z pip._internal.exceptions.CommandError: Failed to build one or more wheels
2022-12-27T11:07:47.9558440Z Removed build tracker: '/private/var/folders/51/hd414ycd67n82196sw51xqtc0000gn/T/pip-build-tracker-359azf60'
2022-12-27T11:07:48.0079700Z ##[error]Command ['python', '-m', 'pip', 'wheel', '/Users/runner/actions-runner/_work/python.build/python.build/build_lxml214311/lxml-2.1.4', '--wheel-dir=/private/var/folders/51/hd414ycd67n82196sw51xqtc0000gn/T/cibw-run-krpuzggi/cp311-macosx_arm64/built_wheel', '--no-deps', '-vvv'] failed with code 1. None
2022-12-27T11:07:48.0085590Z 
2022-12-27T11:07:48.0085820Z ##[endgroup]
2022-12-27T11:07:48.0086230Z                                                               [31m✕ [0m2.03s
2022-12-27T11:07:48.0541590Z ##[error]Process completed with exit code 1.
2022-12-27T11:07:48.0573310Z ##[group]Run rm -rf build_lxml214311 wheelsout
2022-12-27T11:07:48.0573520Z [36;1mrm -rf build_lxml214311 wheelsout[0m
2022-12-27T11:07:48.0589450Z shell: /bin/bash -e {0}
2022-12-27T11:07:48.0589640Z env:
2022-12-27T11:07:48.0589810Z   pythonLocation: /Users/runner/hostedtoolcache/Python/3.11.1/x64
2022-12-27T11:07:48.0590060Z   PKG_CONFIG_PATH: /Users/runner/hostedtoolcache/Python/3.11.1/x64/lib/pkgconfig
2022-12-27T11:07:48.0590260Z   Python_ROOT_DIR: /Users/runner/hostedtoolcache/Python/3.11.1/x64
2022-12-27T11:07:48.0590490Z   Python2_ROOT_DIR: /Users/runner/hostedtoolcache/Python/3.11.1/x64
2022-12-27T11:07:48.0590740Z   Python3_ROOT_DIR: /Users/runner/hostedtoolcache/Python/3.11.1/x64
2022-12-27T11:07:48.0590920Z ##[endgroup]
2022-12-27T11:07:48.1115690Z Cleaning up orphan processes
