2022-12-27T01:56:01.9287822Z Requested labels: self-hosted, macOS, X64
2022-12-27T01:56:01.9287899Z Job defined at: kilnbuild/python.build/.github/workflows/mac_arm_build.yml@refs/heads/main
2022-12-27T01:56:01.9287931Z Waiting for a runner to pick up this job...
2022-12-27T02:27:03.4078035Z Job is about to start running on the runner: kr1 (organization)
2022-12-27T02:27:09.8739240Z Current runner version: '2.300.2'
2022-12-27T02:27:09.8747140Z Runner name: 'kr1'
2022-12-27T02:27:09.8747540Z Runner group name: 'Default'
2022-12-27T02:27:09.8748380Z Machine name: 'kr1'
2022-12-27T02:27:09.8751080Z ##[group]GITHUB_TOKEN Permissions
2022-12-27T02:27:09.8751770Z Actions: write
2022-12-27T02:27:09.8752020Z Checks: write
2022-12-27T02:27:09.8752270Z Contents: write
2022-12-27T02:27:09.8752520Z Deployments: write
2022-12-27T02:27:09.8752780Z Discussions: write
2022-12-27T02:27:09.8753030Z Issues: write
2022-12-27T02:27:09.8753280Z Metadata: read
2022-12-27T02:27:09.8753520Z Packages: write
2022-12-27T02:27:09.8753790Z Pages: write
2022-12-27T02:27:09.8754040Z PullRequests: write
2022-12-27T02:27:09.8754340Z RepositoryProjects: write
2022-12-27T02:27:09.8754630Z SecurityEvents: write
2022-12-27T02:27:09.8754890Z Statuses: write
2022-12-27T02:27:09.8755140Z ##[endgroup]
2022-12-27T02:27:09.8758900Z Secret source: Actions
2022-12-27T02:27:09.8759400Z Prepare workflow directory
2022-12-27T02:27:09.9864480Z Prepare all required actions
2022-12-27T02:27:10.0073330Z Getting action download info
2022-12-27T02:27:10.4437610Z Download action repository 'actions/setup-python@v4' (SHA:5ccb29d8773c3f3f653e1705f474dfaa8a06a912)
2022-12-27T02:27:12.1619110Z Download action repository 'actions/upload-artifact@v3' (SHA:83fd05a356d7e2593de66fc9913b3002723633cb)
2022-12-27T02:27:13.6198640Z ##[group]Run echo '{
2022-12-27T02:27:13.6199230Z [36;1mecho '{[0m
2022-12-27T02:27:13.6199640Z [36;1m  "environment_variables": "GRPC_PYTHON_BUILD_WITH_CYTHON=1 GRPC_BUILD_WITH_BORING_SSL_ASM='' GRPC_PYTHON_BUILD_SYSTEM_OPENSSL=TRUE",[0m
2022-12-27T02:27:13.6199970Z [36;1m  "package_name": "grpcio",[0m
2022-12-27T02:27:13.6200360Z [36;1m  "package_url": "https://files.pythonhosted.org/packages/0f/87/2dcd4f532312c2ffa872bbd7bfb638c14d1b51845da7ee226bf1526a5f7b/grpcio-1.8.3.tar.gz",[0m
2022-12-27T02:27:13.6200770Z [36;1m  "package_version": "1.8.3",[0m
2022-12-27T02:27:13.6200980Z [36;1m  "python_version": "3.8",[0m
2022-12-27T02:27:13.6201200Z [36;1m  "use_ccache": "true"[0m
2022-12-27T02:27:13.6201390Z [36;1m}'[0m
2022-12-27T02:27:13.6228220Z shell: /bin/bash -e {0}
2022-12-27T02:27:13.6228420Z ##[endgroup]
2022-12-27T02:27:13.6618570Z {
2022-12-27T02:27:13.6621820Z   "environment_variables": "GRPC_PYTHON_BUILD_WITH_CYTHON=1 GRPC_BUILD_WITH_BORING_SSL_ASM= GRPC_PYTHON_BUILD_SYSTEM_OPENSSL=TRUE",
2022-12-27T02:27:13.6622280Z   "package_name": "grpcio",
2022-12-27T02:27:13.6623440Z   "package_url": "https://files.pythonhosted.org/packages/0f/87/2dcd4f532312c2ffa872bbd7bfb638c14d1b51845da7ee226bf1526a5f7b/grpcio-1.8.3.tar.gz",
2022-12-27T02:27:13.6624000Z   "package_version": "1.8.3",
2022-12-27T02:27:13.6624430Z   "python_version": "3.8",
2022-12-27T02:27:13.6624720Z   "use_ccache": "true"
2022-12-27T02:27:13.6625030Z }
2022-12-27T02:27:13.6986500Z ##[group]Run actions/setup-python@v4
2022-12-27T02:27:13.6986960Z with:
2022-12-27T02:27:13.6987400Z   python-version: 3.8
2022-12-27T02:27:13.6987690Z   check-latest: false
2022-12-27T02:27:13.6988350Z   token: ***
2022-12-27T02:27:13.6988700Z   update-environment: true
2022-12-27T02:27:13.6989050Z ##[endgroup]
2022-12-27T02:27:13.9255100Z ##[group]Installed versions
2022-12-27T02:27:13.9341390Z Successfully set up CPython (3.8.15)
2022-12-27T02:27:13.9345490Z ##[endgroup]
2022-12-27T02:27:13.9576740Z ##[group]Run if [ "true" == "true" ]
2022-12-27T02:27:13.9577100Z [36;1mif [ "true" == "true" ][0m
2022-12-27T02:27:13.9577460Z [36;1mthen[0m
2022-12-27T02:27:13.9577970Z [36;1m  echo "CCACHE_PATH_PREPEND=/usr/local/opt/ccache/libexec" >> $GITHUB_OUTPUT[0m
2022-12-27T02:27:13.9578340Z [36;1melse[0m
2022-12-27T02:27:13.9578790Z [36;1m  echo "CCACHE_PATH_PREPEND=" >> $GITHUB_OUTPUT[0m
2022-12-27T02:27:13.9579160Z [36;1mfi[0m
2022-12-27T02:27:13.9608200Z shell: /bin/bash -e {0}
2022-12-27T02:27:13.9608490Z env:
2022-12-27T02:27:13.9608890Z   pythonLocation: /Users/runner/hostedtoolcache/Python/3.8.15/x64
2022-12-27T02:27:13.9609360Z   PKG_CONFIG_PATH: /Users/runner/hostedtoolcache/Python/3.8.15/x64/lib/pkgconfig
2022-12-27T02:27:13.9610560Z   Python_ROOT_DIR: /Users/runner/hostedtoolcache/Python/3.8.15/x64
2022-12-27T02:27:13.9611000Z   Python2_ROOT_DIR: /Users/runner/hostedtoolcache/Python/3.8.15/x64
2022-12-27T02:27:13.9611570Z   Python3_ROOT_DIR: /Users/runner/hostedtoolcache/Python/3.8.15/x64
2022-12-27T02:27:13.9611890Z ##[endgroup]
2022-12-27T02:27:13.9908740Z ##[group]Run echo "BUILD_NAME=$(echo grpcio_1.8.3_3.8 | tr -dc '[:alnum:]\n\r' | tr '[:upper:]' '[:lower:]')" >> $GITHUB_OUTPUT
2022-12-27T02:27:13.9909300Z [36;1mecho "BUILD_NAME=$(echo grpcio_1.8.3_3.8 | tr -dc '[:alnum:]\n\r' | tr '[:upper:]' '[:lower:]')" >> $GITHUB_OUTPUT[0m
2022-12-27T02:27:13.9937240Z shell: /bin/bash -e {0}
2022-12-27T02:27:13.9937530Z env:
2022-12-27T02:27:13.9937830Z   pythonLocation: /Users/runner/hostedtoolcache/Python/3.8.15/x64
2022-12-27T02:27:13.9938300Z   PKG_CONFIG_PATH: /Users/runner/hostedtoolcache/Python/3.8.15/x64/lib/pkgconfig
2022-12-27T02:27:13.9938840Z   Python_ROOT_DIR: /Users/runner/hostedtoolcache/Python/3.8.15/x64
2022-12-27T02:27:13.9939310Z   Python2_ROOT_DIR: /Users/runner/hostedtoolcache/Python/3.8.15/x64
2022-12-27T02:27:13.9939760Z   Python3_ROOT_DIR: /Users/runner/hostedtoolcache/Python/3.8.15/x64
2022-12-27T02:27:13.9940100Z ##[endgroup]
2022-12-27T02:27:14.0198030Z ##[group]Run echo "PYTHON_NO_DOTS=$(echo 3.8 | tr -dc '[:alnum:]\n\r' | tr '[:upper:]' '[:lower:]')" >> $GITHUB_OUTPUT
2022-12-27T02:27:14.0199000Z [36;1mecho "PYTHON_NO_DOTS=$(echo 3.8 | tr -dc '[:alnum:]\n\r' | tr '[:upper:]' '[:lower:]')" >> $GITHUB_OUTPUT[0m
2022-12-27T02:27:14.0227420Z shell: /bin/bash -e {0}
2022-12-27T02:27:14.0227770Z env:
2022-12-27T02:27:14.0228090Z   pythonLocation: /Users/runner/hostedtoolcache/Python/3.8.15/x64
2022-12-27T02:27:14.0228550Z   PKG_CONFIG_PATH: /Users/runner/hostedtoolcache/Python/3.8.15/x64/lib/pkgconfig
2022-12-27T02:27:14.0229130Z   Python_ROOT_DIR: /Users/runner/hostedtoolcache/Python/3.8.15/x64
2022-12-27T02:27:14.0229590Z   Python2_ROOT_DIR: /Users/runner/hostedtoolcache/Python/3.8.15/x64
2022-12-27T02:27:14.0230040Z   Python3_ROOT_DIR: /Users/runner/hostedtoolcache/Python/3.8.15/x64
2022-12-27T02:27:14.0230400Z ##[endgroup]
2022-12-27T02:27:14.0484300Z ##[group]Run rm -rf build_grpcio18338
2022-12-27T02:27:14.0484780Z [36;1mrm -rf build_grpcio18338[0m
2022-12-27T02:27:14.0485060Z [36;1mmkdir build_grpcio18338[0m
2022-12-27T02:27:14.0485410Z [36;1mcd build_grpcio18338[0m
2022-12-27T02:27:14.0486020Z [36;1m/usr/local/bin/wget --quiet https://files.pythonhosted.org/packages/0f/87/2dcd4f532312c2ffa872bbd7bfb638c14d1b51845da7ee226bf1526a5f7b/grpcio-1.8.3.tar.gz[0m
2022-12-27T02:27:14.0486480Z [36;1mtar xf *.tar.gz[0m
2022-12-27T02:27:14.0486810Z [36;1mcd grpcio-*/[0m
2022-12-27T02:27:14.0487170Z [36;1mpython -m pip install cibuildwheel==2.11.3[0m
2022-12-27T02:27:14.0487570Z [36;1mpython -m cibuildwheel --output-dir ../wheelsout[0m
2022-12-27T02:27:14.0514560Z shell: /bin/bash -e {0}
2022-12-27T02:27:14.0514870Z env:
2022-12-27T02:27:14.0515300Z   pythonLocation: /Users/runner/hostedtoolcache/Python/3.8.15/x64
2022-12-27T02:27:14.0515890Z   PKG_CONFIG_PATH: /Users/runner/hostedtoolcache/Python/3.8.15/x64/lib/pkgconfig
2022-12-27T02:27:14.0516940Z   Python_ROOT_DIR: /Users/runner/hostedtoolcache/Python/3.8.15/x64
2022-12-27T02:27:14.0517300Z   Python2_ROOT_DIR: /Users/runner/hostedtoolcache/Python/3.8.15/x64
2022-12-27T02:27:14.0517720Z   Python3_ROOT_DIR: /Users/runner/hostedtoolcache/Python/3.8.15/x64
2022-12-27T02:27:14.0518100Z   CIBW_ARCHS_MACOS: arm64
2022-12-27T02:27:14.0518570Z   CIBW_TEST_SKIP: *_arm64
2022-12-27T02:27:14.0518840Z   CIBW_BUILD: cp38-macosx_arm64
2022-12-27T02:27:14.0519180Z   CIBW_BUILD_FRONTEND: pip
2022-12-27T02:27:14.0519510Z   CIBW_BUILD_VERBOSITY: 3
2022-12-27T02:27:14.0520100Z   CIBW_ENVIRONMENT_MACOS: GRPC_PYTHON_BUILD_WITH_CYTHON=1 GRPC_BUILD_WITH_BORING_SSL_ASM='' GRPC_PYTHON_BUILD_SYSTEM_OPENSSL=TRUE CFLAGS="-I/usr/local/opt/openssl@3/include" LDFLAGS="-L/usr/local/opt/openssl@3/lib" CPPFLAGS="-I/usr/local/opt/openssl@3/include" MAKEFLAGS="-j$(sysctl -n hw.logicalcpu)" PATH=/usr/local/opt/ccache/libexec:$PATH
2022-12-27T02:27:14.0521550Z   CIBW_BEFORE_BUILD: pip install Cython; if [[ -f requirements.txt ]]; then pip install -r requirements.txt; fi
2022-12-27T02:27:14.0522020Z   MAKEFLAGS: -j$(sysctl -n hw.logicalcpu)
2022-12-27T02:27:14.0522390Z ##[endgroup]
2022-12-27T02:27:16.3651570Z Requirement already satisfied: cibuildwheel==2.11.3 in /Users/runner/hostedtoolcache/Python/3.8.15/x64/lib/python3.8/site-packages (2.11.3)
2022-12-27T02:27:16.4262580Z Requirement already satisfied: tomli in /Users/runner/hostedtoolcache/Python/3.8.15/x64/lib/python3.8/site-packages (from cibuildwheel==2.11.3) (2.0.1)
2022-12-27T02:27:16.4268800Z Requirement already satisfied: packaging>=20.9 in /Users/runner/hostedtoolcache/Python/3.8.15/x64/lib/python3.8/site-packages (from cibuildwheel==2.11.3) (22.0)
2022-12-27T02:27:16.4273300Z Requirement already satisfied: certifi in /Users/runner/hostedtoolcache/Python/3.8.15/x64/lib/python3.8/site-packages (from cibuildwheel==2.11.3) (2022.12.7)
2022-12-27T02:27:16.4281600Z Requirement already satisfied: bashlex!=0.13 in /Users/runner/hostedtoolcache/Python/3.8.15/x64/lib/python3.8/site-packages (from cibuildwheel==2.11.3) (0.16)
2022-12-27T02:27:16.4286310Z Requirement already satisfied: bracex in /Users/runner/hostedtoolcache/Python/3.8.15/x64/lib/python3.8/site-packages (from cibuildwheel==2.11.3) (2.3.post1)
2022-12-27T02:27:16.4301340Z Requirement already satisfied: typing-extensions>=4.1.0 in /Users/runner/hostedtoolcache/Python/3.8.15/x64/lib/python3.8/site-packages (from cibuildwheel==2.11.3) (4.4.0)
2022-12-27T02:27:16.4305680Z Requirement already satisfied: platformdirs in /Users/runner/hostedtoolcache/Python/3.8.15/x64/lib/python3.8/site-packages (from cibuildwheel==2.11.3) (2.6.0)
2022-12-27T02:27:16.4310560Z Requirement already satisfied: filelock in /Users/runner/hostedtoolcache/Python/3.8.15/x64/lib/python3.8/site-packages (from cibuildwheel==2.11.3) (3.8.2)
2022-12-27T02:27:16.7625490Z 
2022-12-27T02:27:16.7626300Z      _ _       _ _   _       _           _
2022-12-27T02:27:16.7626990Z  ___|_| |_ _ _|_| |_| |_ _ _| |_ ___ ___| |
2022-12-27T02:27:16.7630200Z |  _| | . | | | | | . | | | |   | -_| -_| |
2022-12-27T02:27:16.7631520Z |___|_|___|___|_|_|___|_____|_|_|___|___|_|
2022-12-27T02:27:16.7632070Z 
2022-12-27T02:27:16.7632850Z cibuildwheel version 2.11.3
2022-12-27T02:27:16.7633480Z 
2022-12-27T02:27:16.7633960Z Build options:
2022-12-27T02:27:16.7634880Z   platform: macos
2022-12-27T02:27:16.7936930Z   architectures: arm64[0m
2022-12-27T02:27:16.7938270Z   build_selector: 
2022-12-27T02:27:16.7943950Z     build_config: cp38-macosx_arm64
2022-12-27T02:27:16.7944930Z     skip_config: 
2022-12-27T02:27:16.7945830Z     requires_python: None
2022-12-27T02:27:16.7947080Z     prerelease_pythons: False[0m
2022-12-27T02:27:16.7949410Z   [38;5;244mcontainer_engine: docker[0m
2022-12-27T02:27:16.7950980Z   output_dir: /Users/runner/actions-runner/_work/python.build/python.build/build_grpcio18338/wheelsout[0m
2022-12-27T02:27:16.7952940Z   package_dir: /Users/runner/actions-runner/_work/python.build/python.build/build_grpcio18338/grpcio-1.8.3[0m
2022-12-27T02:27:16.7953820Z   test_selector: 
2022-12-27T02:27:16.7954550Z     skip_config: *_arm64[0m
2022-12-27T02:27:16.7955790Z   [38;5;244mbefore_all: [0m
2022-12-27T02:27:16.7957120Z   before_build: pip install Cython; if [[ -f requirements.txt ]]; then pip install -r requirements.txt; fi[0m
2022-12-27T02:27:16.7958000Z   [38;5;244mbefore_test: [0m
2022-12-27T02:27:16.7958820Z   [38;5;244mbuild_frontend: pip[0m
2022-12-27T02:27:16.7959610Z   build_verbosity: 3[0m
2022-12-27T02:27:16.7960570Z   [38;5;244mconfig_settings: [0m
2022-12-27T02:27:16.7961480Z   [38;5;244mdependency_constraints: pinned[0m
2022-12-27T02:27:16.7962160Z   environment: 
2022-12-27T02:27:16.7962840Z     GRPC_PYTHON_BUILD_WITH_CYTHON=1
2022-12-27T02:27:16.7963500Z     GRPC_BUILD_WITH_BORING_SSL_ASM=''
2022-12-27T02:27:16.7964390Z     GRPC_PYTHON_BUILD_SYSTEM_OPENSSL=TRUE
2022-12-27T02:27:16.7965800Z     CFLAGS="-I/usr/local/opt/openssl@3/include"
2022-12-27T02:27:16.7966290Z     LDFLAGS="-L/usr/local/opt/openssl@3/lib"
2022-12-27T02:27:16.7966810Z     CPPFLAGS="-I/usr/local/opt/openssl@3/include"
2022-12-27T02:27:16.7967450Z     MAKEFLAGS="-j$(sysctl -n hw.logicalcpu)"
2022-12-27T02:27:16.7967860Z     PATH=/usr/local/opt/ccache/libexec:$PATH[0m
2022-12-27T02:27:16.7968300Z   [38;5;244mmanylinux_images: None[0m
2022-12-27T02:27:16.7968750Z   [38;5;244mmusllinux_images: None[0m
2022-12-27T02:27:16.7969240Z   [38;5;244mrepair_command: delocate-wheel --require-archs {delocate_archs} -w {dest_dir} -v {wheel}[0m
2022-12-27T02:27:16.7969890Z   [38;5;244mtest_command: [0m
2022-12-27T02:27:16.7970290Z   [38;5;244mtest_extras: [0m
2022-12-27T02:27:16.7970690Z   [38;5;244mtest_requires: [0m
2022-12-27T02:27:16.7970810Z 
2022-12-27T02:27:16.7971010Z Cache folder: /Users/runner/Library/Caches/cibuildwheel
2022-12-27T02:27:16.7981480Z 
2022-12-27T02:27:16.7982640Z Here we go!
2022-12-27T02:27:16.7983100Z 
2022-12-27T02:27:16.8154740Z 
2022-12-27T02:27:16.8155740Z [1m[34mBuilding cp38-macosx_arm64 wheel[0m
2022-12-27T02:27:16.8156840Z CPython 3.8 macOS arm64 - Apple Silicon
2022-12-27T02:27:16.8157150Z 
2022-12-27T02:27:16.8161650Z ##[group]Installing Python cp38...
2022-12-27T02:27:16.8162110Z 
2022-12-27T02:27:16.8164120Z + pkgutil --pkgs
2022-12-27T02:27:16.8356990Z ##[endgroup]
2022-12-27T02:27:16.8358990Z                                                               [32m✓ [0m0.02s
2022-12-27T02:27:16.8359930Z ##[group]Setting up build environment...
2022-12-27T02:27:16.8360170Z 
2022-12-27T02:27:16.8394030Z + /Users/runner/hostedtoolcache/Python/3.8.15/x64/bin/python -sS /Users/runner/Library/Caches/cibuildwheel/virtualenv-20.17.0.pyz --activators= --no-periodic-update --pip=22.3.1 --setuptools=65.6.3 --wheel=0.38.4 --symlink-app-data --python /Library/Frameworks/Python.framework/Versions/3.8/bin/python3 /private/var/folders/51/hd414ycd67n82196sw51xqtc0000gn/T/cibw-run-_5l60sbp/cp38-macosx_arm64/build/venv
2022-12-27T02:27:17.1571600Z created virtual environment CPython3.8.10.final.0-64 in 80ms
2022-12-27T02:27:17.1573450Z   creator CPython3Posix(dest=/private/var/folders/51/hd414ycd67n82196sw51xqtc0000gn/T/cibw-run-_5l60sbp/cp38-macosx_arm64/build/venv, clear=False, no_vcs_ignore=False, global=False)
2022-12-27T02:27:17.1574260Z   seeder FromAppData(download=False, pip=22.3.1, setuptools=65.6.3, wheel=0.38.4, via=symlink, app_data_dir=/Users/runner/Library/Application Support/virtualenv)
2022-12-27T02:27:17.1575020Z     added seed packages: pip==22.3.1, setuptools==65.6.3, wheel==0.38.4
2022-12-27T02:27:17.1801010Z + python -m pip install --upgrade pip -c /Users/runner/hostedtoolcache/Python/3.8.15/x64/lib/python3.8/site-packages/cibuildwheel/resources/constraints-python38.txt
2022-12-27T02:27:17.7370910Z Requirement already satisfied: pip in ./lib/python3.8/site-packages (22.3.1)
2022-12-27T02:27:18.0215620Z + which pip
2022-12-27T02:27:18.0260950Z /private/var/folders/51/hd414ycd67n82196sw51xqtc0000gn/T/cibw-run-_5l60sbp/cp38-macosx_arm64/build/venv/bin/pip
2022-12-27T02:27:18.0266230Z + pip --version
2022-12-27T02:27:18.4298420Z pip 22.3.1 from /private/var/folders/51/hd414ycd67n82196sw51xqtc0000gn/T/cibw-run-_5l60sbp/cp38-macosx_arm64/build/venv/lib/python3.8/site-packages/pip (python 3.8)
2022-12-27T02:27:18.4763840Z + which pip
2022-12-27T02:27:18.4819010Z + which python
2022-12-27T02:27:18.4859590Z /private/var/folders/51/hd414ycd67n82196sw51xqtc0000gn/T/cibw-run-_5l60sbp/cp38-macosx_arm64/build/venv/bin/python
2022-12-27T02:27:18.4865970Z + python --version
2022-12-27T02:27:18.4963300Z Python 3.8.10
2022-12-27T02:27:18.4972530Z + which python
2022-12-27T02:27:18.5091450Z ##[endgroup]
2022-12-27T02:27:18.5092490Z                                                               [32m✓ [0m1.67s
2022-12-27T02:27:18.5093820Z ##[group]Installing build tools...
2022-12-27T02:27:18.5094030Z 
2022-12-27T02:27:18.5094890Z + pip install --upgrade setuptools wheel delocate -c /Users/runner/hostedtoolcache/Python/3.8.15/x64/lib/python3.8/site-packages/cibuildwheel/resources/constraints-python38.txt
2022-12-27T02:27:19.0553480Z Requirement already satisfied: setuptools in /private/var/folders/51/hd414ycd67n82196sw51xqtc0000gn/T/cibw-run-_5l60sbp/cp38-macosx_arm64/build/venv/lib/python3.8/site-packages (65.6.3)
2022-12-27T02:27:19.4840380Z Requirement already satisfied: wheel in /private/var/folders/51/hd414ycd67n82196sw51xqtc0000gn/T/cibw-run-_5l60sbp/cp38-macosx_arm64/build/venv/lib/python3.8/site-packages (0.38.4)
2022-12-27T02:27:19.5742430Z Collecting delocate
2022-12-27T02:27:19.5796870Z   Using cached delocate-0.10.3-py3-none-any.whl (142 kB)
2022-12-27T02:27:19.6203910Z Collecting typing-extensions
2022-12-27T02:27:19.6247360Z   Using cached typing_extensions-4.4.0-py3-none-any.whl (26 kB)
2022-12-27T02:27:19.6818370Z Collecting packaging>=20.9
2022-12-27T02:27:19.6863380Z   Using cached packaging-21.3-py3-none-any.whl (40 kB)
2022-12-27T02:27:19.7560780Z Collecting pyparsing!=3.0.5,>=2.0.2
2022-12-27T02:27:19.7603990Z   Using cached pyparsing-3.0.9-py3-none-any.whl (98 kB)
2022-12-27T02:27:19.8323140Z Installing collected packages: typing-extensions, pyparsing, packaging, delocate
2022-12-27T02:27:20.0600460Z Successfully installed delocate-0.10.3 packaging-21.3 pyparsing-3.0.9 typing-extensions-4.4.0
2022-12-27T02:27:20.1808270Z ##[endgroup]
2022-12-27T02:27:20.1809340Z                                                               [32m✓ [0m1.67s
2022-12-27T02:27:20.1809890Z ##[group]Running before_build...
2022-12-27T02:27:20.1810100Z 
2022-12-27T02:27:20.1819650Z + pip install Cython; if [[ -f requirements.txt ]]; then pip install -r requirements.txt; fi
2022-12-27T02:27:21.4603010Z Collecting Cython
2022-12-27T02:27:21.4694560Z   Using cached Cython-0.29.32-py2.py3-none-any.whl (986 kB)
2022-12-27T02:27:21.5581500Z Installing collected packages: Cython
2022-12-27T02:27:22.3704480Z Successfully installed Cython-0.29.32
2022-12-27T02:27:23.8182740Z Collecting coverage>=4.0
2022-12-27T02:27:23.8249800Z   Using cached coverage-7.0.1-cp38-cp38-macosx_10_9_x86_64.whl (187 kB)
2022-12-27T02:27:23.8312950Z Requirement already satisfied: cython>=0.23 in /private/var/folders/51/hd414ycd67n82196sw51xqtc0000gn/T/cibw-run-_5l60sbp/cp38-macosx_arm64/build/venv/lib/python3.8/site-packages (from -r requirements.txt (line 3)) (0.29.32)
2022-12-27T02:27:23.8600800Z Collecting enum34>=1.0.4
2022-12-27T02:27:23.8644050Z   Using cached enum34-1.1.10-py3-none-any.whl (11 kB)
2022-12-27T02:27:23.8917940Z Collecting futures>=2.2.0
2022-12-27T02:27:23.8919680Z   Using cached futures-3.0.5-py3-none-any.whl
2022-12-27T02:27:24.4574110Z Collecting protobuf>=3.5.0.post1
2022-12-27T02:27:24.4638950Z   Using cached protobuf-4.21.12-cp37-abi3-macosx_10_9_universal2.whl (486 kB)
2022-12-27T02:27:24.5024340Z Collecting six>=1.10
2022-12-27T02:27:24.5068290Z   Using cached six-1.16.0-py2.py3-none-any.whl (11 kB)
2022-12-27T02:27:24.5103270Z Requirement already satisfied: wheel>=0.29 in /private/var/folders/51/hd414ycd67n82196sw51xqtc0000gn/T/cibw-run-_5l60sbp/cp38-macosx_arm64/build/venv/lib/python3.8/site-packages (from -r requirements.txt (line 8)) (0.38.4)
2022-12-27T02:27:24.5856280Z Installing collected packages: futures, enum34, six, protobuf, coverage
2022-12-27T02:27:25.0163060Z Successfully installed coverage-7.0.1 enum34-1.1.10 futures-3.0.5 protobuf-4.21.12 six-1.16.0
2022-12-27T02:27:25.1670630Z ##[endgroup]
2022-12-27T02:27:25.1671450Z                                                               [32m✓ [0m4.99s
2022-12-27T02:27:25.1672130Z ##[group]Building wheel...
2022-12-27T02:27:25.1672350Z 
2022-12-27T02:27:25.1680850Z + python -m pip wheel /Users/runner/actions-runner/_work/python.build/python.build/build_grpcio18338/grpcio-1.8.3 --wheel-dir=/private/var/folders/51/hd414ycd67n82196sw51xqtc0000gn/T/cibw-run-_5l60sbp/cp38-macosx_arm64/built_wheel --no-deps -vvv
2022-12-27T02:27:25.6438040Z Created temporary directory: /private/var/folders/51/hd414ycd67n82196sw51xqtc0000gn/T/pip-ephem-wheel-cache-wtrug3gi
2022-12-27T02:27:25.6443810Z Created temporary directory: /private/var/folders/51/hd414ycd67n82196sw51xqtc0000gn/T/pip-build-tracker-tjsh5jpv
2022-12-27T02:27:25.6446460Z Initialized build tracking at /private/var/folders/51/hd414ycd67n82196sw51xqtc0000gn/T/pip-build-tracker-tjsh5jpv
2022-12-27T02:27:25.6448170Z Created build tracker: /private/var/folders/51/hd414ycd67n82196sw51xqtc0000gn/T/pip-build-tracker-tjsh5jpv
2022-12-27T02:27:25.6452440Z Entered build tracker: /private/var/folders/51/hd414ycd67n82196sw51xqtc0000gn/T/pip-build-tracker-tjsh5jpv
2022-12-27T02:27:25.6457980Z Created temporary directory: /private/var/folders/51/hd414ycd67n82196sw51xqtc0000gn/T/pip-wheel-chnyj4t8
2022-12-27T02:27:25.6468600Z Created temporary directory: /private/var/folders/51/hd414ycd67n82196sw51xqtc0000gn/T/pip-ephem-wheel-cache-5bdefadm
2022-12-27T02:27:25.6613170Z Processing /Users/runner/actions-runner/_work/python.build/python.build/build_grpcio18338/grpcio-1.8.3
2022-12-27T02:27:25.6618470Z   Added file:///Users/runner/actions-runner/_work/python.build/python.build/build_grpcio18338/grpcio-1.8.3 to build tracker '/private/var/folders/51/hd414ycd67n82196sw51xqtc0000gn/T/pip-build-tracker-tjsh5jpv'
2022-12-27T02:27:25.6624880Z   Running setup.py (path:/Users/runner/actions-runner/_work/python.build/python.build/build_grpcio18338/grpcio-1.8.3/setup.py) egg_info for package from file:///Users/runner/actions-runner/_work/python.build/python.build/build_grpcio18338/grpcio-1.8.3
2022-12-27T02:27:25.6630280Z   Created temporary directory: /private/var/folders/51/hd414ycd67n82196sw51xqtc0000gn/T/pip-pip-egg-info-u2y9xcsi
2022-12-27T02:27:25.6633040Z   Preparing metadata (setup.py): started
2022-12-27T02:27:25.6638420Z   Running command python setup.py egg_info
2022-12-27T02:27:28.5728500Z   Compiling src/python/grpcio/grpc/_cython/cygrpc.pyx because it depends on /private/var/folders/51/hd414ycd67n82196sw51xqtc0000gn/T/cibw-run-_5l60sbp/cp38-macosx_arm64/build/venv/lib/python3.8/site-packages/Cython/Includes/libc/time.pxd.
2022-12-27T02:27:28.5729870Z   [1/1] Cythonizing src/python/grpcio/grpc/_cython/cygrpc.pyx
2022-12-27T02:27:28.6070090Z   running egg_info
2022-12-27T02:27:28.6083290Z   creating /private/var/folders/51/hd414ycd67n82196sw51xqtc0000gn/T/pip-pip-egg-info-u2y9xcsi/grpcio.egg-info
2022-12-27T02:27:28.6105430Z   writing /private/var/folders/51/hd414ycd67n82196sw51xqtc0000gn/T/pip-pip-egg-info-u2y9xcsi/grpcio.egg-info/PKG-INFO
2022-12-27T02:27:28.6115640Z   writing dependency_links to /private/var/folders/51/hd414ycd67n82196sw51xqtc0000gn/T/pip-pip-egg-info-u2y9xcsi/grpcio.egg-info/dependency_links.txt
2022-12-27T02:27:28.6118210Z   writing requirements to /private/var/folders/51/hd414ycd67n82196sw51xqtc0000gn/T/pip-pip-egg-info-u2y9xcsi/grpcio.egg-info/requires.txt
2022-12-27T02:27:28.6119640Z   writing top-level names to /private/var/folders/51/hd414ycd67n82196sw51xqtc0000gn/T/pip-pip-egg-info-u2y9xcsi/grpcio.egg-info/top_level.txt
2022-12-27T02:27:28.6122700Z   writing manifest file '/private/var/folders/51/hd414ycd67n82196sw51xqtc0000gn/T/pip-pip-egg-info-u2y9xcsi/grpcio.egg-info/SOURCES.txt'
2022-12-27T02:27:28.6243100Z   reading manifest file '/private/var/folders/51/hd414ycd67n82196sw51xqtc0000gn/T/pip-pip-egg-info-u2y9xcsi/grpcio.egg-info/SOURCES.txt'
2022-12-27T02:27:28.6245020Z   reading manifest template 'PYTHON-MANIFEST.in'
2022-12-27T02:27:28.6308840Z   /private/var/folders/51/hd414ycd67n82196sw51xqtc0000gn/T/cibw-run-_5l60sbp/cp38-macosx_arm64/build/venv/lib/python3.8/site-packages/Cython/Compiler/Main.py:369: FutureWarning: Cython directive 'language_level' not set, using 2 for now (Py2). This will change in a later release! File: /Users/runner/actions-runner/_work/python.build/python.build/build_grpcio18338/grpcio-1.8.3/src/python/grpcio/grpc/_cython/cygrpc.pxd
2022-12-27T02:27:28.6311390Z     tree = Parsing.p_module(s, pxd, full_module_name)
2022-12-27T02:27:28.6315050Z   warning: src/python/grpcio/grpc/_cython/_cygrpc/grpc.pxi:576:2: 'grpc_compression_level' redeclared
2022-12-27T02:27:28.6317510Z   warning: src/python/grpcio/grpc/_cython/_cygrpc/grpc.pxi:138:13: 'GRPC_ARG_PRIMARY_USER_AGENT_STRING' redeclared
2022-12-27T02:27:28.6320130Z   warning: src/python/grpcio/grpc/_cython/_cygrpc/grpc.pxi:577:4: 'GRPC_COMPRESS_LEVEL_NONE' redeclared
2022-12-27T02:27:28.6323380Z   warning: src/python/grpcio/grpc/_cython/_cygrpc/grpc.pxi:578:4: 'GRPC_COMPRESS_LEVEL_LOW' redeclared
2022-12-27T02:27:28.6325450Z   warning: src/python/grpcio/grpc/_cython/_cygrpc/grpc.pxi:579:4: 'GRPC_COMPRESS_LEVEL_MED' redeclared
2022-12-27T02:27:28.6328840Z   warning: src/python/grpcio/grpc/_cython/_cygrpc/grpc.pxi:580:4: 'GRPC_COMPRESS_LEVEL_HIGH' redeclared
2022-12-27T02:27:28.6331260Z   warning: no files found matching '*.h' under directory 'src/python/grpcio/grpc'
2022-12-27T02:27:28.6471900Z   warning: no files found matching '*.python' under directory 'src/python/grpcio/grpc'
2022-12-27T02:27:28.6502780Z   warning: no previously-included files matching '*.so' found under directory 'src/python/grpcio/grpc/_cython'
2022-12-27T02:27:28.6508410Z   warning: no previously-included files matching '*.pyd' found under directory 'src/python/grpcio/grpc/_cython'
2022-12-27T02:27:28.8177800Z   warning: no files found matching 'src/python/grpcio/precompiled.py'
2022-12-27T02:27:28.9243120Z   writing manifest file '/private/var/folders/51/hd414ycd67n82196sw51xqtc0000gn/T/pip-pip-egg-info-u2y9xcsi/grpcio.egg-info/SOURCES.txt'
2022-12-27T02:27:29.0854440Z   Preparing metadata (setup.py): finished with status 'done'
2022-12-27T02:27:29.0895200Z   Source in /Users/runner/actions-runner/_work/python.build/python.build/build_grpcio18338/grpcio-1.8.3 has version 1.8.3, which satisfies requirement grpcio==1.8.3 from file:///Users/runner/actions-runner/_work/python.build/python.build/build_grpcio18338/grpcio-1.8.3
2022-12-27T02:27:29.0899720Z   Removed grpcio==1.8.3 from file:///Users/runner/actions-runner/_work/python.build/python.build/build_grpcio18338/grpcio-1.8.3 from build tracker '/private/var/folders/51/hd414ycd67n82196sw51xqtc0000gn/T/pip-build-tracker-tjsh5jpv'
2022-12-27T02:27:29.1150160Z Created temporary directory: /private/var/folders/51/hd414ycd67n82196sw51xqtc0000gn/T/pip-unpack-l_0shvft
2022-12-27T02:27:29.1152950Z Building wheels for collected packages: grpcio
2022-12-27T02:27:29.1163580Z   Created temporary directory: /private/var/folders/51/hd414ycd67n82196sw51xqtc0000gn/T/pip-wheel-ox5uvav3
2022-12-27T02:27:29.1166150Z   Building wheel for grpcio (setup.py): started
2022-12-27T02:27:29.1169190Z   Destination directory: /private/var/folders/51/hd414ycd67n82196sw51xqtc0000gn/T/pip-wheel-ox5uvav3
2022-12-27T02:27:29.1172090Z   Running command python setup.py bdist_wheel
2022-12-27T02:27:29.9313110Z   running bdist_wheel
2022-12-27T02:27:29.9375440Z   running build
2022-12-27T02:27:29.9378770Z   running build_py
2022-12-27T02:27:29.9383180Z   running build_project_metadata
2022-12-27T02:27:29.9391800Z   creating python_build
2022-12-27T02:27:29.9519070Z   creating python_build/lib.macosx-11.0-arm64-cpython-38
2022-12-27T02:27:29.9519920Z   creating python_build/lib.macosx-11.0-arm64-cpython-38/grpc
2022-12-27T02:27:29.9521160Z   copying src/python/grpcio/grpc/_channel.py -> python_build/lib.macosx-11.0-arm64-cpython-38/grpc
2022-12-27T02:27:29.9522350Z   copying src/python/grpcio/grpc/_common.py -> python_build/lib.macosx-11.0-arm64-cpython-38/grpc
2022-12-27T02:27:29.9523140Z   copying src/python/grpcio/grpc/__init__.py -> python_build/lib.macosx-11.0-arm64-cpython-38/grpc
2022-12-27T02:27:29.9524130Z   copying src/python/grpcio/grpc/_utilities.py -> python_build/lib.macosx-11.0-arm64-cpython-38/grpc
2022-12-27T02:27:29.9525150Z   copying src/python/grpcio/grpc/_plugin_wrapping.py -> python_build/lib.macosx-11.0-arm64-cpython-38/grpc
2022-12-27T02:27:29.9526220Z   copying src/python/grpcio/grpc/_interceptor.py -> python_build/lib.macosx-11.0-arm64-cpython-38/grpc
2022-12-27T02:27:29.9527180Z   copying src/python/grpcio/grpc/_grpcio_metadata.py -> python_build/lib.macosx-11.0-arm64-cpython-38/grpc
2022-12-27T02:27:29.9528290Z   copying src/python/grpcio/grpc/_server.py -> python_build/lib.macosx-11.0-arm64-cpython-38/grpc
2022-12-27T02:27:29.9530340Z   copying src/python/grpcio/grpc/_auth.py -> python_build/lib.macosx-11.0-arm64-cpython-38/grpc
2022-12-27T02:27:29.9531250Z   creating python_build/lib.macosx-11.0-arm64-cpython-38/grpc/beta
2022-12-27T02:27:29.9532190Z   copying src/python/grpcio/grpc/beta/_server_adaptations.py -> python_build/lib.macosx-11.0-arm64-cpython-38/grpc/beta
2022-12-27T02:27:29.9533250Z   copying src/python/grpcio/grpc/beta/interfaces.py -> python_build/lib.macosx-11.0-arm64-cpython-38/grpc/beta
2022-12-27T02:27:29.9534250Z   copying src/python/grpcio/grpc/beta/_metadata.py -> python_build/lib.macosx-11.0-arm64-cpython-38/grpc/beta
2022-12-27T02:27:29.9535170Z   copying src/python/grpcio/grpc/beta/__init__.py -> python_build/lib.macosx-11.0-arm64-cpython-38/grpc/beta
2022-12-27T02:27:29.9535810Z   copying src/python/grpcio/grpc/beta/utilities.py -> python_build/lib.macosx-11.0-arm64-cpython-38/grpc/beta
2022-12-27T02:27:29.9536540Z   copying src/python/grpcio/grpc/beta/implementations.py -> python_build/lib.macosx-11.0-arm64-cpython-38/grpc/beta
2022-12-27T02:27:29.9537280Z   copying src/python/grpcio/grpc/beta/_client_adaptations.py -> python_build/lib.macosx-11.0-arm64-cpython-38/grpc/beta
2022-12-27T02:27:29.9537910Z   creating python_build/lib.macosx-11.0-arm64-cpython-38/grpc/framework
2022-12-27T02:27:29.9538460Z   copying src/python/grpcio/grpc/framework/__init__.py -> python_build/lib.macosx-11.0-arm64-cpython-38/grpc/framework
2022-12-27T02:27:29.9539100Z   creating python_build/lib.macosx-11.0-arm64-cpython-38/grpc/_cython
2022-12-27T02:27:29.9539730Z   copying src/python/grpcio/grpc/_cython/__init__.py -> python_build/lib.macosx-11.0-arm64-cpython-38/grpc/_cython
2022-12-27T02:27:29.9540380Z   creating python_build/lib.macosx-11.0-arm64-cpython-38/grpc/framework/foundation
2022-12-27T02:27:29.9541080Z   copying src/python/grpcio/grpc/framework/foundation/callable_util.py -> python_build/lib.macosx-11.0-arm64-cpython-38/grpc/framework/foundation
2022-12-27T02:27:29.9542430Z   copying src/python/grpcio/grpc/framework/foundation/abandonment.py -> python_build/lib.macosx-11.0-arm64-cpython-38/grpc/framework/foundation
2022-12-27T02:27:29.9543290Z   copying src/python/grpcio/grpc/framework/foundation/__init__.py -> python_build/lib.macosx-11.0-arm64-cpython-38/grpc/framework/foundation
2022-12-27T02:27:29.9544080Z   copying src/python/grpcio/grpc/framework/foundation/stream.py -> python_build/lib.macosx-11.0-arm64-cpython-38/grpc/framework/foundation
2022-12-27T02:27:29.9544830Z   copying src/python/grpcio/grpc/framework/foundation/stream_util.py -> python_build/lib.macosx-11.0-arm64-cpython-38/grpc/framework/foundation
2022-12-27T02:27:29.9545800Z   copying src/python/grpcio/grpc/framework/foundation/future.py -> python_build/lib.macosx-11.0-arm64-cpython-38/grpc/framework/foundation
2022-12-27T02:27:29.9546690Z   copying src/python/grpcio/grpc/framework/foundation/logging_pool.py -> python_build/lib.macosx-11.0-arm64-cpython-38/grpc/framework/foundation
2022-12-27T02:27:29.9547390Z   creating python_build/lib.macosx-11.0-arm64-cpython-38/grpc/framework/common
2022-12-27T02:27:29.9548330Z   copying src/python/grpcio/grpc/framework/common/style.py -> python_build/lib.macosx-11.0-arm64-cpython-38/grpc/framework/common
2022-12-27T02:27:29.9553900Z   copying src/python/grpcio/grpc/framework/common/cardinality.py -> python_build/lib.macosx-11.0-arm64-cpython-38/grpc/framework/common
2022-12-27T02:27:29.9557340Z   copying src/python/grpcio/grpc/framework/common/__init__.py -> python_build/lib.macosx-11.0-arm64-cpython-38/grpc/framework/common
2022-12-27T02:27:29.9565900Z   creating python_build/lib.macosx-11.0-arm64-cpython-38/grpc/framework/interfaces
2022-12-27T02:27:29.9568190Z   copying src/python/grpcio/grpc/framework/interfaces/__init__.py -> python_build/lib.macosx-11.0-arm64-cpython-38/grpc/framework/interfaces
2022-12-27T02:27:29.9577970Z   creating python_build/lib.macosx-11.0-arm64-cpython-38/grpc/framework/interfaces/face
2022-12-27T02:27:29.9581100Z   copying src/python/grpcio/grpc/framework/interfaces/face/__init__.py -> python_build/lib.macosx-11.0-arm64-cpython-38/grpc/framework/interfaces/face
2022-12-27T02:27:29.9584880Z   copying src/python/grpcio/grpc/framework/interfaces/face/utilities.py -> python_build/lib.macosx-11.0-arm64-cpython-38/grpc/framework/interfaces/face
2022-12-27T02:27:29.9588040Z   copying src/python/grpcio/grpc/framework/interfaces/face/face.py -> python_build/lib.macosx-11.0-arm64-cpython-38/grpc/framework/interfaces/face
2022-12-27T02:27:29.9598740Z   creating python_build/lib.macosx-11.0-arm64-cpython-38/grpc/framework/interfaces/base
2022-12-27T02:27:29.9601880Z   copying src/python/grpcio/grpc/framework/interfaces/base/__init__.py -> python_build/lib.macosx-11.0-arm64-cpython-38/grpc/framework/interfaces/base
2022-12-27T02:27:29.9605280Z   copying src/python/grpcio/grpc/framework/interfaces/base/utilities.py -> python_build/lib.macosx-11.0-arm64-cpython-38/grpc/framework/interfaces/base
2022-12-27T02:27:29.9610880Z   copying src/python/grpcio/grpc/framework/interfaces/base/base.py -> python_build/lib.macosx-11.0-arm64-cpython-38/grpc/framework/interfaces/base
2022-12-27T02:27:29.9619380Z   creating python_build/lib.macosx-11.0-arm64-cpython-38/grpc/_cython/_cygrpc
2022-12-27T02:27:29.9622130Z   copying src/python/grpcio/grpc/_cython/_cygrpc/__init__.py -> python_build/lib.macosx-11.0-arm64-cpython-38/grpc/_cython/_cygrpc
2022-12-27T02:27:29.9632290Z   creating python_build/lib.macosx-11.0-arm64-cpython-38/grpc/_cython/_credentials
2022-12-27T02:27:29.9635550Z   copying src/python/grpcio/grpc/_cython/_credentials/roots.pem -> python_build/lib.macosx-11.0-arm64-cpython-38/grpc/_cython/_credentials
2022-12-27T02:27:29.9681500Z   running build_ext
2022-12-27T02:27:38.3114770Z   b'[C]       Compiling third_party/cares/cares/ares__close_sockets.c\n[C]       Compiling third_party/cares/cares/ares__get_hostent.c\n[C]       Compiling third_party/cares/cares/ares__read_line.c\n[C]       Compiling third_party/cares/cares/ares__timeval.c\n[C]       Compiling third_party/cares/cares/ares_cancel.c\n[C]       Compiling third_party/cares/cares/ares_create_query.c\n[C]       Compiling third_party/cares/cares/ares_data.c\n[C]       Compiling third_party/cares/cares/ares_destroy.c\n[C]       Compiling third_party/cares/cares/ares_expand_name.c\n[C]       Compiling third_party/cares/cares/ares_expand_string.c\n[C]       Compiling third_party/cares/cares/ares_fds.c\n[C]       Compiling third_party/cares/cares/ares_free_hostent.c\n[C]       Compiling third_party/cares/cares/ares_free_string.c\n[C]       Compiling third_party/cares/cares/ares_getenv.c\n[C]       Compiling third_party/cares/cares/ares_gethostbyaddr.c\n[C]       Compiling third_party/cares/cares/ares_gethostbyname.c\n[C]       Compiling third_party/cares/cares/ares_getnameinfo.c\n[C]       Compiling third_party/cares/cares/ares_getopt.c\n[C]       Compiling third_party/cares/cares/ares_getsock.c\n[C]       Compiling third_party/cares/cares/ares_init.c\n[C]       Compiling third_party/cares/cares/ares_library_init.c\n[C]       Compiling third_party/cares/cares/ares_llist.c\n[C]       Compiling third_party/cares/cares/ares_mkquery.c\n[C]       Compiling third_party/cares/cares/ares_nowarn.c\n[C]       Compiling third_party/cares/cares/ares_options.c\n[C]       Compiling third_party/cares/cares/ares_parse_a_reply.c\n[C]       Compiling third_party/cares/cares/ares_parse_aaaa_reply.c\n[C]       Compiling third_party/cares/cares/ares_parse_mx_reply.c\n[C]       Compiling third_party/cares/cares/ares_parse_naptr_reply.c\n[C]       Compiling third_party/cares/cares/ares_parse_ns_reply.c\n[C]       Compiling third_party/cares/cares/ares_parse_ptr_reply.c\n[C]       Compiling third_party/cares/cares/ares_parse_soa_reply.c\n[C]       Compiling third_party/cares/cares/ares_parse_srv_reply.c\n[C]       Compiling third_party/cares/cares/ares_parse_txt_reply.c\n[C]       Compiling third_party/cares/cares/ares_platform.c\n[C]       Compiling third_party/cares/cares/ares_process.c\n[C]       Compiling third_party/cares/cares/ares_query.c\n[C]       Compiling third_party/cares/cares/ares_search.c\n[C]       Compiling third_party/cares/cares/ares_send.c\n[C]       Compiling third_party/cares/cares/ares_strcasecmp.c\n[C]       Compiling third_party/cares/cares/ares_strdup.c\n[C]       Compiling third_party/cares/cares/ares_strerror.c\n[C]       Compiling third_party/cares/cares/ares_timeout.c\n[C]       Compiling third_party/cares/cares/ares_version.c\n[C]       Compiling third_party/cares/cares/ares_writev.c\n[C]       Compiling third_party/cares/cares/bitncmp.c\n[C]       Compiling third_party/cares/cares/inet_net_pton.c\n[C]       Compiling third_party/cares/cares/inet_ntop.c\n[C]       Compiling third_party/cares/cares/windows_port.c\n[C]       Compiling third_party/zlib/adler32.c\n[C]       Compiling third_party/zlib/compress.c\n[C]       Compiling third_party/zlib/crc32.c\n[C]       Compiling third_party/zlib/deflate.c\n[C]       Compiling third_party/zlib/gzclose.c\n[C]       Compiling third_party/zlib/gzlib.c\n[C]       Compiling third_party/zlib/gzwrite.c\n[C]       Compiling third_party/zlib/gzread.c\n[C]       Compiling third_party/zlib/infback.c\n[C]       Compiling third_party/zlib/inffast.c\n[C]       Compiling third_party/zlib/inflate.c\n[C]       Compiling third_party/zlib/inftrees.c\n[C]       Compiling third_party/zlib/trees.c\n[C]       Compiling third_party/zlib/uncompr.c\n[C]       Compiling third_party/zlib/zutil.c\n[C]       Compiling third_party/boringssl/crypto/aes/key_wrap.c\n[C]       Compiling src/boringssl/err_data.c\n[C]       Compiling third_party/boringssl/crypto/aes/aes.c\n[C]       Compiling third_party/boringssl/crypto/aes/mode_wrappers.c\n[C]       Compiling third_party/boringssl/crypto/asn1/a_bitstr.c\n[C]       Compiling third_party/boringssl/crypto/asn1/a_bool.c\n[C]       Compiling third_party/boringssl/crypto/asn1/a_d2i_fp.c\n[C]       Compiling third_party/boringssl/crypto/asn1/a_dup.c\n[C]       Compiling third_party/boringssl/crypto/asn1/a_enum.c\n[C]       Compiling third_party/boringssl/crypto/asn1/a_gentm.c\n[C]       Compiling third_party/boringssl/crypto/asn1/a_i2d_fp.c\n[C]       Compiling third_party/boringssl/crypto/asn1/a_int.c\n[C]       Compiling third_party/boringssl/crypto/asn1/a_mbstr.c\n[C]       Compiling third_party/boringssl/crypto/asn1/a_object.c\n[C]       Compiling third_party/boringssl/crypto/asn1/a_octet.c\n[C]       Compiling third_party/boringssl/crypto/asn1/a_print.c\n'
2022-12-27T02:27:38.3484280Z   b"make: Circular /Users/runner/actions-runner/_work/python.build/python.build/build_grpcio18338/grpcio-1.8.3/libs/opt/libares.a <- /Users/runner/actions-runner/_work/python.build/python.build/build_grpcio18338/grpcio-1.8.3/libs/opt/libz.a dependency dropped.\nIn file included from src/boringssl/err_data.c:17:\nthird_party/boringssl/include/openssl/base.h:133:9: error: 'OPENSSL_VERSION_NUMBER' macro redefined [-Werror,-Wmacro-redefined]\n#define OPENSSL_VERSION_NUMBER 0x100020af\n        ^\n/usr/local/opt/openssl@3/include/openssl/opensslv.h:99:10: note: previous definition is here\n# define OPENSSL_VERSION_NUMBER          \\\n         ^\nIn file included from src/boringssl/err_data.c:18:\nIn file included from /usr/local/opt/openssl@3/include/openssl/err.h:21:\n/usr/local/opt/openssl@3/include/openssl/e_os2.h:183:11: error: 'OPENSSL_EXPORT' macro redefined [-Werror,-Wmacro-redefined]\n#  define OPENSSL_EXPORT extern\n          ^\nthird_party/boringssl/include/openssl/base.h:168:9: note: previous definition is here\n#define OPENSSL_EXPORT\n        ^\nIn file included from third_party/boringssl/crypto/aes/aes.c:54:\nIn file included from third_party/boringssl/include/openssl/cpu.h:64:\nthird_party/boringssl/include/openssl/base.h:133:9: error: 'OPENSSL_VERSION_NUMBER' macro redefined [-Werror,-Wmacro-redefined]\n#define OPENSSL_VERSION_NUMBER 0x100020af\n        ^\n/usr/local/opt/openssl@3/include/openssl/opensslv.h:99:10: note: previous definition is here\n# define OPENSSL_VERSION_NUMBER          \\\n         ^\nthird_party/boringssl/crypto/aes/aes.c:537:5: error: conflicting types for 'AES_set_encrypt_key'\nint AES_set_encrypt_key(const uint8_t *key, unsigned bits, AES_KEY *aeskey) {\n    ^\n/usr/local/opt/openssl@3/include/openssl/aes.h:51:5: note: previous declaration is here\nint AES_set_encrypt_key(const unsigned char *userKey, const int bits,\n    ^\nthird_party/boringssl/crypto/aes/aes.c:632:5: error: conflicting types for 'AES_set_decrypt_key'\nint AES_set_decrypt_key(const uint8_t *key, unsigned bits, AES_KEY *aeskey) {\n    ^\n/usr/local/opt/openssl@3/include/openssl/aes.h:54:5: note: previous declaration is here\nint AES_set_decrypt_key(const unsigned char *userKey, const int bits,\n    ^\nthird_party/boringssl/crypto/aes/aes.c:638:12: error: 'AES_set_encrypt_key' is deprecated [-Werror,-Wdeprecated-declarations]\n  status = AES_set_encrypt_key(key, bits, aeskey);\n           ^\n/usr/local/opt/openssl@3/include/openssl/aes.h:50:1: note: 'AES_set_encrypt_key' has been explicitly marked deprecated here\nOSSL_DEPRECATEDIN_3_0\n^\n/usr/local/opt/openssl@3/include/openssl/macros.h:182:49: note: expanded from macro 'OSSL_DEPRECATEDIN_3_0'\n#   define OSSL_DEPRECATEDIN_3_0                OSSL_DEPRECATED(3.0)\n                                                ^\n/usr/local/opt/openssl@3/include/openssl/macros.h:62:52: note: expanded from macro 'OSSL_DEPRECATED'\n#     define OSSL_DEPRECATED(since) __attribute__((deprecated))\n                                                   ^\n4 errors generated.\nIn file included from src/boringssl/err_data.c:18:\nIn file included from /usr/local/opt/openssl@3/include/openssl/err.h:28:\nIn file included from /usr/local/opt/openssl@3/include/openssl/types.h:21:\n/usr/local/opt/openssl@3/include/openssl/safestack.h:264:15: error: redefinition of typedef 'OPENSSL_BLOCK' is a C11 feature [-Werror,-Wtypedef-redefinition]\ntypedef void *OPENSSL_BLOCK;\n              ^\nthird_party/boringssl/include/openssl/base.h:322:15: note: previous definition is here\ntypedef void *OPENSSL_BLOCK;\n              ^\nIn file included from third_party/boringssl/crypto/aes/key_wrap.c:54:\nIn file included from third_party/boringssl/include/openssl/mem.h:60:\nthird_party/boringssl/include/openssl/base.h:133:9: error: 'OPENSSL_VERSION_NUMBER' macro redefined [-Werror,-Wmacro-redefined]\nIn file included from #define OPENSSL_VERSION_NUMBER 0x100020afsrc/boringssl/err_data.c\n:        ^18\n/usr/local/opt/openssl@3/include/openssl/opensslv.h:99:10: note: previous definition is here\n# define OPENSSL_VERSION_NUMBER          \\\n         ^\n:\nIn file included from /usr/local/opt/openssl@3/include/openssl/err.h:28:\n/usr/local/opt/openssl@3/include/openssl/types.h:45:31: error: redefinition of typedef 'ASN1_INTEGER' is a C11 feature [-Werror,-Wtypedef-redefinition]\ntypedef struct asn1_string_st ASN1_INTEGER;\n                              ^\nthird_party/boringssl/include/openssl/base.h:215:31: note: previous definition is here\ntypedef struct asn1_string_st ASN1_INTEGER;\n                              ^\nIn file included from src/boringssl/err_data.c:18:\nIn file included from /usr/local/opt/openssl@3/include/openssl/err.h:28:\n/usr/local/opt/openssl@3/include/openssl/types.h:46:31: error: redefinition of typedef 'ASN1_ENUMERATED' is a C11 feature [-Werror,-Wtypedef-redefinition]\ntypedef struct asn1_string_st ASN1_ENUMERATED;\n                              ^\nthird_party/boringssl/include/openssl/base.h:211:31: note: previous definition is here\ntypedef struct asn1_string_st ASN1_ENUMERATED;\n                              ^\nIn file included from src/boringssl/err_data.c:18:\nIn file included from /usr/local/opt/openssl@3/include/openssl/err.h:28:\n/usr/local/opt/openssl@3/include/openssl/types.h:47:31: error: redefinition of typedef 'ASN1_BIT_STRING' is a C11 feature [-Werror,-Wtypedef-redefinition]\ntypedef struct asn1_string_st ASN1_BIT_STRING;\n                              ^\nthird_party/boringssl/include/openssl/base.h:209:31: note: previous definition is here\ntypedef struct asn1_string_st ASN1_BIT_STRING;\n                              ^\nIn file included from src/boringssl/err_data.c:18:\nIn file included from /usr/local/opt/openssl@3/include/openssl/err.h:28:\n/usr/local/opt/openssl@3/include/openssl/types.h:48:31: error: redefinition of typedef 'ASN1_OCTET_STRING' is a C11 feature [-Werror,-Wtypedef-redefinition]\nIn file included from third_party/boringssl/crypto/aes/mode_wrappers.c:typedef struct asn1_string_st ASN1_OCTET_STRING;53\n:\nIn file included from                               ^third_party/boringssl/crypto/aes/../modes/internal.h:52:\nthird_party/boringssl/include/openssl/base.h:133:9: error: 'OPENSSL_VERSION_NUMBER' macro redefined [-Werror,-Wmacro-redefined]\n\nthird_party/boringssl/include/openssl/base.h:216:31: note: previous definition is here#define OPENSSL_VERSION_NUMBER 0x100020af\n\n        ^\ntypedef struct asn1_string_st ASN1_OCTET_STRING;/usr/local/opt/openssl@3/include/openssl/opensslv.h\n:                              ^99\n:10: note: previous definition is here\nIn file included from # define OPENSSL_VERSION_NUMBER          \\\n         ^\nsrc/boringssl/err_data.c:18:\nIn file included from /usr/local/opt/openssl@3/include/openssl/err.h:28:\n/usr/local/opt/openssl@3/include/openssl/types.h:49:31: error: redefinition of typedef 'ASN1_PRINTABLESTRING' is a C11 feature [-Werror,-Wtypedef-redefinition]\ntypedef struct asn1_string_st ASN1_PRINTABLESTRING;\n                              ^\nthird_party/boringssl/include/openssl/base.h:217:31: note: previous definition is here\ntypedef struct asn1_string_st ASN1_PRINTABLESTRING;\n                              ^\nIn file included from src/boringssl/err_data.c:18:\nIn file included from /usr/local/opt/openssl@3/include/openssl/err.h:28:\n/usr/local/opt/openssl@3/include/openssl/types.h:50:31: error: redefinition of typedef 'ASN1_T61STRING' is a C11 feature [-Werror,-Wtypedef-redefinition]\ntypedef struct asn1_string_st ASN1_T61STRING;\n                              ^\nthird_party/boringssl/include/openssl/base.h:219:31: note: previous definition is here\ntypedef struct asn1_string_st ASN1_T61STRING;\n                              ^\nIn file included from src/boringssl/err_data.c:18:\nIn file included from /usr/local/opt/openssl@3/include/openssl/err.h:28:\n/usr/local/opt/openssl@3/include/openssl/types.h:51:31: error: redefinition of typedef 'ASN1_IA5STRING' is a C11 feature [-Werror,-Wtypedef-redefinition]\ntypedef struct asn1_string_st ASN1_IA5STRING;\n                              ^\nthird_party/boringssl/include/openssl/base.h:214:31: note: previous definition is here\ntypedef struct asn1_string_st ASN1_IA5STRING;\n                              ^\nIn file included from src/boringssl/err_data.c:18:\nIn file included from /usr/local/opt/openssl@3/include/openssl/err.h:28:\n/usr/local/opt/openssl@3/include/openssl/types.h:52:31: error: redefinition of typedef 'ASN1_GENERALSTRING' is a C11 feature [-Werror,-Wtypedef-redefinition]\ntypedef struct asn1_string_st ASN1_GENERALSTRING;\n                              ^\nthird_party/boringssl/include/openssl/base.h:213:31: note: previous definition is here\ntypedef struct asn1_string_st ASN1_GENERALSTRING;\n                              ^\nIn file included from src/boringssl/err_data.c:18:\nIn file included from /usr/local/opt/openssl@3/include/openssl/err.h:28:\n/usr/local/opt/openssl@3/include/openssl/types.h:53:31: error: redefinition of typedef 'ASN1_UNIVERSALSTRING' is a C11 feature [-Werror,-Wtypedef-redefinition]\ntypedef struct asn1_string_st ASN1_UNIVERSALSTRING;\n                              ^\nthird_party/boringssl/include/openssl/base.h:221:31: note: previous definition is here\ntypedef struct asn1_string_st ASN1_UNIVERSALSTRING;\n                              ^\nIn file included from src/boringssl/err_data.c:18:\nIn file included from /usr/local/opt/openssl@3/include/openssl/err.h:28:\n/usr/local/opt/openssl@3/include/openssl/types.h:54:31: error: redefinition of typedef 'ASN1_BMPSTRING' is a C11 feature [-Werror,-Wtypedef-redefinition]\ntypedef struct asn1_string_st ASN1_BMPSTRING;\n                              ^\nthird_party/boringssl/include/openssl/base.h:210:31: note: previous definition is here\ntypedef struct asn1_string_st ASN1_BMPSTRING;\n                              ^\nIn file included from src/boringssl/err_data.c:18:\nIn file included from /usr/local/opt/openssl@3/include/openssl/err.h:28:\n/usr/local/opt/openssl@3/include/openssl/types.h:55:31: error: redefinition of typedef 'ASN1_UTCTIME' is a C11 feature [-Werror,-Wtypedef-redefinition]\ntypedef struct asn1_string_st ASN1_UTCTIME;\n                              ^\nthird_party/boringssl/include/openssl/base.h:222:31: note: previous definition is here\ntypedef struct asn1_string_st ASN1_UTCTIME;\n                              ^\nIn file included from src/boringssl/err_data.c:18:\nIn file included from /usr/local/opt/openssl@3/include/openssl/err.h:28:\n/usr/local/opt/openssl@3/include/openssl/types.h:56:31: error: redefinition of typedef 'ASN1_TIME' is a C11 feature [-Werror,-Wtypedef-redefinition]\ntypedef struct asn1_string_st ASN1_TIME;\n                              ^\nthird_party/boringssl/include/openssl/base.h:220:31: note: previous definition is here\ntypedef struct asn1_string_st ASN1_TIME;\n                              ^\nIn file included from src/boringssl/err_data.c:18:\nIn file included from /usr/local/opt/openssl@3/include/openssl/err.h:28:\n/usr/local/opt/openssl@3/include/openssl/types.h:57:31: error: redefinition of typedef 'ASN1_GENERALIZEDTIME' is a C11 feature [-Werror,-Wtypedef-redefinition]\ntypedef struct asn1_string_st ASN1_GENERALIZEDTIME;\n                              ^\nthird_party/boringssl/include/openssl/base.h:212:31: note: previous definition is here\ntypedef struct asn1_string_st ASN1_GENERALIZEDTIME;\n                              ^\nIn file included from src/boringssl/err_data.c:18:\nIn file included from /usr/local/opt/openssl@3/include/openssl/err.h:28:\n/usr/local/opt/openssl@3/include/openssl/types.h:58:31: error: redefinition of typedef 'ASN1_VISIBLESTRING' is a C11 feature [-Werror,-Wtypedef-redefinition]\ntypedef struct asn1_string_st ASN1_VISIBLESTRING;\n                              ^\nthird_party/boringssl/include/openssl/base.h:224:31: note: previous definition is here\ntypedef struct asn1_string_st ASN1_VISIBLESTRING;\n                              ^\nIn file included from src/boringssl/err_data.c:18:\nIn file included from /usr/local/opt/openssl@3/include/openssl/err.h:28:\n/usr/local/opt/openssl@3/include/openssl/types.h:59:31: error: redefinition of typedef 'ASN1_UTF8STRING' is a C11 feature [-Werror,-Wtypedef-redefinition]\ntypedef struct asn1_string_st ASN1_UTF8STRING;\n                              ^\nthird_party/boringssl/include/openssl/base.h:223:31: note: previous definition is here\ntypedef struct asn1_string_st ASN1_UTF8STRING;\n                              ^\nIn file included from src/boringssl/err_data.c:18:\nIn file included from /usr/local/opt/openssl@3/include/openssl/err.h:28:\n/usr/local/opt/openssl@3/include/openssl/types.h:60:31: error: redefinition of typedef 'ASN1_STRING' is a C11 feature [-Werror,-Wtypedef-redefinition]\ntypedef struct asn1_string_st ASN1_STRING;\n                              ^\nthird_party/boringssl/include/openssl/base.h:218:31: note: previous definition is here\ntypedef struct asn1_string_st ASN1_STRING;\n                              ^\nfatal error: too many errors emitted, stopping now [-ferror-limit=]\nmake: *** [/Users/runner/actions-runner/_work/python.build/python.build/build_grpcio18338/grpcio-1.8.3/objs/opt/third_party/boringssl/crypto/aes/aes.o] Error 1\nmake: *** Waiting for unfinished jobs....\nIn file included from third_party/boringssl/crypto/aes/mode_wrappers.c:53:\nIn file included from third_party/boringssl/crypto/aes/../modes/internal.h:56:\nIn file included from third_party/boringssl/crypto/aes/../modes/../internal.h:112:\nthird_party/boringssl/include/openssl/ex_data.h:205:3: error: type name requires a specifier or qualifier\n  STACK_OF(void) *sk;\n  ^\nthird_party/boringssl/include/openssl/ex_data.h:205:17: error: expected ';' at end of declaration list\n  STACK_OF(void) *sk;\n                ^\n                ;\nIn file included from third_party/boringssl/crypto/aes/key_wrap.c:56:\nIn file included from third_party/boringssl/crypto/aes/../internal.h:112:\nthird_party/boringssl/include/openssl/ex_data.h:205:3: error: type name requires a specifier or qualifier\n  STACK_OF(void) *sk;\n  ^\nthird_party/boringssl/include/openssl/ex_data.h:205:17: error: expected ';' at end of declaration list\n  STACK_OF(void) *sk;\n                ^\n                ;\nIn file included from third_party/boringssl/crypto/aes/mode_wrappers.c:53:\nIn file included from third_party/boringssl/crypto/aes/../modes/internal.h:56:\nthird_party/boringssl/crypto/aes/../modes/../internal.h:481:3: error: type name requires a specifier or qualifier\n  STACK_OF(CRYPTO_EX_DATA_FUNCS) *meth;\n  ^\nthird_party/boringssl/crypto/aes/../modes/../internal.h:481:33: error: expected ';' at end of declaration list\n  STACK_OF(CRYPTO_EX_DATA_FUNCS) *meth;\n                                ^\n                                ;\nthird_party/boringssl/crypto/aes/mode_wrappers.c:60:37: error: 'AES_encrypt' is deprecated [-Werror,-Wdeprecated-declarations]\n                        (block128_f)AES_encrypt);\n                                    ^\n/usr/local/opt/openssl@3/include/openssl/aes.h:56:1: note: 'AES_encrypt' has been explicitly marked deprecated here\nOSSL_DEPRECATEDIN_3_0\n^\n/usr/local/opt/openssl@3/include/openssl/macros.h:182:49: note: expanded from macro 'OSSL_DEPRECATEDIN_3_0'\n#   define OSSL_DEPRECATEDIN_3_0                OSSL_DEPRECATED(3.0)\n                                                ^\n/usr/local/opt/openssl@3/include/openssl/macros.h:62:52: note: expanded from macro 'OSSL_DEPRECATED'\n#     define OSSL_DEPRECATED(since) __attribute__((deprecated))\n                                                   ^\n6 errors generated.\nIn file included from third_party/boringssl/crypto/aes/key_wrap.c:56:\nthird_party/boringssl/crypto/aes/../internal.h:481:3: error: type name requires a specifier or qualifier\n  STACK_OF(CRYPTO_EX_DATA_FUNCS) *meth;\n  ^\nthird_party/boringssl/crypto/aes/../internal.h:481:33: error: expected ';' at end of declaration list\n  STACK_OF(CRYPTO_EX_DATA_FUNCS) *meth;\n                                ^\n                                ;\nthird_party/boringssl/crypto/aes/key_wrap.c:66:5: error: conflicting types for 'AES_wrap_key'\nint AES_wrap_key(const AES_KEY *key, const uint8_t *iv, uint8_t *out,\n    ^\n/usr/local/opt/openssl@3/include/openssl/aes.h:97:5: note: previous declaration is here\nint AES_wrap_key(AES_KEY *key, const unsigned char *iv,\n    ^\nthird_party/boringssl/crypto/aes/key_wrap.c:87:7: error: 'AES_encrypt' is deprecated [-Werror,-Wdeprecated-declarations]\n      AES_encrypt(A, A, key);\n      ^\n/usr/local/opt/openssl@3/include/openssl/aes.h:56:1: note: 'AES_encrypt' has been explicitly marked deprecated here\nOSSL_DEPRECATEDIN_3_0\n^\n/usr/local/opt/openssl@3/include/openssl/macros.h:182:49: note: expanded from macro 'OSSL_DEPRECATEDIN_3_0'\n#   define OSSL_DEPRECATEDIN_3_0                OSSL_DEPRECATED(3.0)\n                                                ^\n/usr/local/opt/openssl@3/include/openssl/macros.h:62:52: note: expanded from macro 'OSSL_DEPRECATED'\n#     define OSSL_DEPRECATED(since) __attribute__((deprecated))\n                                                   ^\nthird_party/boringssl/crypto/aes/key_wrap.c:102:5: error: conflicting types for 'AES_unwrap_key'\nint AES_unwrap_key(const AES_KEY *key, const uint8_t *iv, uint8_t *out,\n    ^\n/usr/local/opt/openssl@3/include/openssl/aes.h:101:5: note: previous declaration is here\nint AES_unwrap_key(AES_KEY *key, const unsigned char *iv,\n    ^\nthird_party/boringssl/crypto/aes/key_wrap.c:128:7: error: 'AES_decrypt' is deprecated [-Werror,-Wdeprecated-declarations]\n      AES_decrypt(A, A, key);\n      ^\n/usr/local/opt/openssl@3/include/openssl/aes.h:59:1: note: 'AES_decrypt' has been explicitly marked deprecated here\nOSSL_DEPRECATEDIN_3_0\n^\n/usr/local/opt/openssl@3/include/openssl/macros.h:182:49: note: expanded from macro 'OSSL_DEPRECATEDIN_3_0'\n#   define OSSL_DEPRECATEDIN_3_0                OSSL_DEPRECATED(3.0)\n                                                ^\n/usr/local/opt/openssl@3/include/openssl/macros.h:62:52: note: expanded from macro 'OSSL_DEPRECATED'\n#     define OSSL_DEPRECATED(since) __attribute__((deprecated))\n                                                   ^\n9 errors generated.\n20 errors generated.\nmake: *** [/Users/runner/actions-runner/_work/python.build/python.build/build_grpcio18338/grpcio-1.8.3/objs/opt/third_party/boringssl/crypto/aes/mode_wrappers.o] Error 1\nmake: *** [/Users/runner/actions-runner/_work/python.build/python.build/build_grpcio18338/grpcio-1.8.3/objs/opt/third_party/boringssl/crypto/aes/key_wrap.o] Error 1\nmake: *** [/Users/runner/actions-runner/_work/python.build/python.build/build_grpcio18338/grpcio-1.8.3/objs/opt/src/boringssl/err_data.o] Error 1\nIn file included from third_party/boringssl/crypto/asn1/a_bitstr.c:62:\nIn file included from third_party/boringssl/include/openssl/mem.h:60:\nthird_party/boringssl/include/openssl/base.h:133:9: error: 'OPENSSL_VERSION_NUMBER' macro redefined [-Werror,-Wmacro-redefined]\n#define OPENSSL_VERSION_NUMBER 0x100020af\n        ^\n/usr/local/opt/openssl@3/include/openssl/opensslv.h:99:10: note: previous definition is here\n# define OPENSSL_VERSION_NUMBER          \\\n         ^\nIn file included from third_party/boringssl/crypto/asn1/a_bitstr.c:62:\nIn file included from third_party/boringssl/include/openssl/mem.h:60:\nthird_party/boringssl/include/openssl/base.h:168:9: error: 'OPENSSL_EXPORT' macro redefined [-Werror,-Wmacro-redefined]\n#define OPENSSL_EXPORT\n        ^\n/usr/local/opt/openssl@3/include/openssl/e_os2.h:183:11: note: previous definition is here\n#  define OPENSSL_EXPORT extern\n          ^\nIn file included from third_party/boringssl/crypto/asn1/a_bitstr.c:62:\nIn file included from third_party/boringssl/include/openssl/mem.h:60:\nthird_party/boringssl/include/openssl/base.h:202:13: error: typedef redefinition with different types ('int' vs 'struct crypto_threadid_st')\ntypedef int CRYPTO_THREADID;\n            ^\n/usr/local/opt/openssl@3/include/openssl/crypto.h:308:3: note: previous definition is here\n} CRYPTO_THREADID;\n  ^\nIn file included from third_party/boringssl/crypto/asn1/a_bitstr.c:62:\nIn file included from third_party/boringssl/include/openssl/mem.h:60:\nthird_party/boringssl/include/openssl/base.h:204:13: error: redefinition of typedef 'ASN1_BOOLEAN' is a C11 feature [-Werror,-Wtypedef-redefinition]\ntypedef int ASN1_BOOLEAN;\n            ^\n/usr/local/opt/openssl@3/include/openssl/types.h:61:13: note: previous definition is here\ntypedef int ASN1_BOOLEAN;\n            ^\nIn file included from third_party/boringssl/crypto/asn1/a_bitstr.c:62:\nIn file included from third_party/boringssl/include/openssl/mem.h:60:\nthird_party/boringssl/include/openssl/base.h:205:13: error: redefinition of typedef 'ASN1_NULL' is a C11 feature [-Werror,-Wtypedef-redefinition]\ntypedef int ASN1_NULL;\n            ^\n/usr/local/opt/openssl@3/include/openssl/types.h:62:13: note: previous definition is here\ntypedef int ASN1_NULL;\n            ^\nIn file included from third_party/boringssl/crypto/asn1/a_bitstr.c:62:\nIn file included from third_party/boringssl/include/openssl/mem.h:60:\nthird_party/boringssl/include/openssl/base.h:206:29: error: redefinition of typedef 'ASN1_ITEM' is a C11 feature [-Werror,-Wtypedef-redefinition]\ntypedef struct ASN1_ITEM_st ASN1_ITEM;\n                            ^\n/usr/local/opt/openssl@3/include/openssl/types.h:69:29: note: previous definition is here\ntypedef struct ASN1_ITEM_st ASN1_ITEM;\n                            ^\nIn file included from third_party/boringssl/crypto/asn1/a_bitstr.c:62:\nIn file included from third_party/boringssl/include/openssl/mem.h:60:\nthird_party/boringssl/include/openssl/base.h:207:31: error: redefinition of typedef 'ASN1_OBJECT' is a C11 feature [-Werror,-Wtypedef-redefinition]\ntypedef struct asn1_object_st ASN1_OBJECT;\n                              ^\n/usr/local/opt/openssl@3/include/openssl/types.h:66:31: note: previous definition is here\ntypedef struct asn1_object_st ASN1_OBJECT;\n                              ^\nIn file included from third_party/boringssl/crypto/asn1/a_bitstr.c:62:\nIn file included from third_party/boringssl/include/openssl/mem.h:60:\nthird_party/boringssl/include/openssl/base.h:208:29: error: redefinition of typedef 'ASN1_PCTX' is a C11 feature [-Werror,-Wtypedef-redefinition]\ntypedef struct asn1_pctx_st ASN1_PCTX;\n                            ^\n/usr/local/opt/openssl@3/include/openssl/types.h:70:29: note: previous definition is here\ntypedef struct asn1_pctx_st ASN1_PCTX;\n                            ^\nIn file included from third_party/boringssl/crypto/asn1/a_bitstr.c:62:\nIn file included from third_party/boringssl/include/openssl/mem.h:60:\nthird_party/boringssl/include/openssl/base.h:209:31: error: redefinition of typedef 'ASN1_BIT_STRING' is a C11 feature [-Werror,-Wtypedef-redefinition]\ntypedef struct asn1_string_st ASN1_BIT_STRING;\n                              ^\n/usr/local/opt/openssl@3/include/openssl/types.h:47:31: note: previous definition is here\ntypedef struct asn1_string_st ASN1_BIT_STRING;\n                              ^\nIn file included from third_party/boringssl/crypto/asn1/a_bitstr.c:62:\nIn file included from third_party/boringssl/include/openssl/mem.h:60:\nthird_party/boringssl/include/openssl/base.h:210:31: error: redefinition of typedef 'ASN1_BMPSTRING' is a C11 feature [-Werror,-Wtypedef-redefinition]\ntypedef struct asn1_string_st ASN1_BMPSTRING;\n                              ^\n/usr/local/opt/openssl@3/include/openssl/types.h:54:31: note: previous definition is here\ntypedef struct asn1_string_st ASN1_BMPSTRING;\n                              ^\nIn file included from third_party/boringssl/crypto/asn1/a_bitstr.c:62:\nIn file included from third_party/boringssl/include/openssl/mem.h:60:\nthird_party/boringssl/include/openssl/base.h:211:31: error: redefinition of typedef 'ASN1_ENUMERATED' is a C11 feature [-Werror,-Wtypedef-redefinition]\ntypedef struct asn1_string_st ASN1_ENUMERATED;\n                              ^\n/usr/local/opt/openssl@3/include/openssl/types.h:46:31: note: previous definition is here\ntypedef struct asn1_string_st ASN1_ENUMERATED;\n                              ^\nIn file included from third_party/boringssl/crypto/asn1/a_bitstr.c:62:\nIn file included from third_party/boringssl/include/openssl/mem.h:60:\nthird_party/boringssl/include/openssl/base.h:212:31: error: redefinition of typedef 'ASN1_GENERALIZEDTIME' is a C11 feature [-Werror,-Wtypedef-redefinition]\ntypedef struct asn1_string_st ASN1_GENERALIZEDTIME;\n                              ^\n/usr/local/opt/openssl@3/include/openssl/types.h:57:31: note: previous definition is here\ntypedef struct asn1_string_st ASN1_GENERALIZEDTIME;\n                              ^\nIn file included from third_party/boringssl/crypto/asn1/a_bitstr.c:62:\nIn file included from third_party/boringssl/include/openssl/mem.h:60:\nthird_party/boringssl/include/openssl/base.h:213:31: error: redefinition of typedef 'ASN1_GENERALSTRING' is a C11 feature [-Werror,-Wtypedef-redefinition]\ntypedef struct asn1_string_st ASN1_GENERALSTRING;\n                              ^\n/usr/local/opt/openssl@3/include/openssl/types.h:52:31: note: previous definition is here\ntypedef struct asn1_string_st ASN1_GENERALSTRING;\n                              ^\nIn file included from third_party/boringssl/crypto/asn1/a_bitstr.c:62:\nIn file included from third_party/boringssl/include/openssl/mem.h:60:\nthird_party/boringssl/include/openssl/base.h:214:31: error: redefinition of typedef 'ASN1_IA5STRING' is a C11 feature [-Werror,-Wtypedef-redefinition]\ntypedef struct asn1_string_st ASN1_IA5STRING;\n                              ^\n/usr/local/opt/openssl@3/include/openssl/types.h:51:31: note: previous definition is here\ntypedef struct asn1_string_st ASN1_IA5STRING;\n                              ^\nIn file included from third_party/boringssl/crypto/asn1/a_bitstr.c:62:\nIn file included from third_party/boringssl/include/openssl/mem.h:60:\nthird_party/boringssl/include/openssl/base.h:215:31: error: redefinition of typedef 'ASN1_INTEGER' is a C11 feature [-Werror,-Wtypedef-redefinition]\ntypedef struct asn1_string_st ASN1_INTEGER;\n                              ^\n/usr/local/opt/openssl@3/include/openssl/types.h:45:31: note: previous definition is here\ntypedef struct asn1_string_st ASN1_INTEGER;\n                              ^\nIn file included from third_party/boringssl/crypto/asn1/a_bitstr.c:62:\nIn file included from third_party/boringssl/include/openssl/mem.h:60:\nthird_party/boringssl/include/openssl/base.h:216:31: error: redefinition of typedef 'ASN1_OCTET_STRING' is a C11 feature [-Werror,-Wtypedef-redefinition]\ntypedef struct asn1_string_st ASN1_OCTET_STRING;\n                              ^\n/usr/local/opt/openssl@3/include/openssl/types.h:48:31: note: previous definition is here\ntypedef struct asn1_string_st ASN1_OCTET_STRING;\n                              ^\nIn file included from third_party/boringssl/crypto/asn1/a_bitstr.c:62:\nIn file included from third_party/boringssl/include/openssl/mem.h:60:\nthird_party/boringssl/include/openssl/base.h:217:31: error: redefinition of typedef 'ASN1_PRINTABLESTRING' is a C11 feature [-Werror,-Wtypedef-redefinition]\ntypedef struct asn1_string_st ASN1_PRINTABLESTRING;\n                              ^\n/usr/local/opt/openssl@3/include/openssl/types.h:49:31: note: previous definition is here\ntypedef struct asn1_string_st ASN1_PRINTABLESTRING;\n                              ^\nIn file included from third_party/boringssl/crypto/asn1/a_bitstr.c:62:\nIn file included from third_party/boringssl/include/openssl/mem.h:60:\nthird_party/boringssl/include/openssl/base.h:218:31: error: redefinition of typedef 'ASN1_STRING' is a C11 feature [-Werror,-Wtypedef-redefinition]\ntypedef struct asn1_string_st ASN1_STRING;\n                              ^\n/usr/local/opt/openssl@3/include/openssl/types.h:60:31: note: previous definition is here\ntypedef struct asn1_string_st ASN1_STRING;\n                              ^\nIn file included from third_party/boringssl/crypto/asn1/a_bitstr.c:62:\nIn file included from third_party/boringssl/include/openssl/mem.h:60:\nthird_party/boringssl/include/openssl/base.h:219:31: error: redefinition of typedef 'ASN1_T61STRING' is a C11 feature [-Werror,-Wtypedef-redefinition]\ntypedef struct asn1_string_st ASN1_T61STRING;\n                              ^\n/usr/local/opt/openssl@3/include/openssl/types.h:50:31: note: previous definition is here\ntypedef struct asn1_string_st ASN1_T61STRING;\n                              ^\nfatal error: too many errors emitted, stopping now [-ferror-limit=]\nIn file included from third_party/boringssl/crypto/asn1/a_dup.c:60:\nIn file included from third_party/boringssl/include/openssl/mem.h:60:\nthird_party/boringssl/include/openssl/base.h:133:9: error: 'OPENSSL_VERSION_NUMBER' macro redefined [-Werror,-Wmacro-redefined]\n#define OPENSSL_VERSION_NUMBER 0x100020af\n        ^\n/usr/local/opt/openssl@3/include/openssl/opensslv.h:99:10: note: previous definition is here\n# define OPENSSL_VERSION_NUMBER          \\\n         ^\nIn file included from third_party/boringssl/crypto/asn1/a_dup.c:60:\nIn file included from third_party/boringssl/include/openssl/mem.h:60:\nthird_party/boringssl/include/openssl/base.h:168:9: error: 'OPENSSL_EXPORT' macro redefined [-Werror,-Wmacro-redefined]\n#define OPENSSL_EXPORT\n        ^\n/usr/local/opt/openssl@3/include/openssl/e_os2.h:183:11: note: previous definition is here\n#  define OPENSSL_EXPORT extern\n          ^\nIn file included from third_party/boringssl/crypto/asn1/a_dup.c:60:\nIn file included from third_party/boringssl/include/openssl/mem.h:60:\nthird_party/boringssl/include/openssl/base.h:202:13: error: typedef redefinition with different types ('int' vs 'struct crypto_threadid_st')\ntypedef int CRYPTO_THREADID;\n            ^\n/usr/local/opt/openssl@3/include/openssl/crypto.h:308:3: note: previous definition is here\n} CRYPTO_THREADID;\n  ^\nIn file included from third_party/boringssl/crypto/asn1/a_dup.c:60:\nIn file included from third_party/boringssl/include/openssl/mem.h:60:\nthird_party/boringssl/include/openssl/base.h:204:13: error: redefinition of typedef 'ASN1_BOOLEAN' is a C11 feature [-Werror,-Wtypedef-redefinition]\ntypedef int ASN1_BOOLEAN;\n            ^\n/usr/local/opt/openssl@3/include/openssl/types.h:61:13: note: previous definition is here\ntypedef int ASN1_BOOLEAN;\n            ^\nIn file included from third_party/boringssl/crypto/asn1/a_dup.c:60:\nIn file included from third_party/boringssl/include/openssl/mem.h:60:\nthird_party/boringssl/include/openssl/base.h:205:13: error: redefinition of typedef 'ASN1_NULL' is a C11 feature [-Werror,-Wtypedef-redefinition]\ntypedef int ASN1_NULL;\n            ^\n/usr/local/opt/openssl@3/include/openssl/types.h:62:13: note: previous definition is here\ntypedef int ASN1_NULL;\n            ^\nIn file included from third_party/boringssl/crypto/asn1/a_dup.c:60:\nIn file included from third_party/boringssl/include/openssl/mem.h:60:\nthird_party/boringssl/include/openssl/base.h:206:29: error: redefinition of typedef 'ASN1_ITEM' is a C11 feature [-Werror,-Wtypedef-redefinition]\ntypedef struct ASN1_ITEM_st ASN1_ITEM;\n                            ^\n/usr/local/opt/openssl@3/include/openssl/types.h:69:29: note: previous definition is here\ntypedef struct ASN1_ITEM_st ASN1_ITEM;\n                            ^\nIn file included from third_party/boringssl/crypto/asn1/a_dup.c:60:\nIn file included from third_party/boringssl/include/openssl/mem.h:60:\nthird_party/boringssl/include/openssl/base.h:207:31: error: redefinition of typedef 'ASN1_OBJECT' is a C11 feature [-Werror,-Wtypedef-redefinition]\ntypedef struct asn1_object_st ASN1_OBJECT;\n                              ^\n/usr/local/opt/openssl@3/include/openssl/types.h:66:31: note: previous definition is here\ntypedef struct asn1_object_st ASN1_OBJECT;\n                              ^\nIn file included from third_party/boringssl/crypto/asn1/a_dup.c:60:\nIn file included from third_party/boringssl/include/openssl/mem.h:60:\nthird_party/boringssl/include/openssl/base.h:208:29: error: redefinition of typedef 'ASN1_PCTX' is a C11 feature [-Werror,-Wtypedef-redefinition]\ntypedef struct asn1_pctx_st ASN1_PCTX;\n                            ^\n/usr/local/opt/openssl@3/include/openssl/types.h:70:29: note: previous definition is here\ntypedef struct asn1_pctx_st ASN1_PCTX;\n                            ^\nIn file included from third_party/boringssl/crypto/asn1/a_dup.c:60:\nIn file included from third_party/boringssl/include/openssl/mem.h:60:\nthird_party/boringssl/include/openssl/base.h:209:31: error: redefinition of typedef 'ASN1_BIT_STRING' is a C11 feature [-Werror,-Wtypedef-redefinition]\ntypedef struct asn1_string_st ASN1_BIT_STRING;\n                              ^\n/usr/local/opt/openssl@3/include/openssl/types.h:47:31: note: previous definition is here\ntypedef struct asn1_string_st ASN1_BIT_STRING;\n                              ^\nIn file included from third_party/boringssl/crypto/asn1/a_dup.c:60:\nIn file included from third_party/boringssl/include/openssl/mem.h:60:\nthird_party/boringssl/include/openssl/base.h:210:31: error: redefinition of typedef 'ASN1_BMPSTRING' is a C11 feature [-Werror,-Wtypedef-redefinition]\ntypedef struct asn1_string_st ASN1_BMPSTRING;\n                              ^\n/usr/local/opt/openssl@3/include/openssl/types.h:54:31: note: previous definition is here\ntypedef struct asn1_string_st ASN1_BMPSTRING;\n                              ^\nIn file included from third_party/boringssl/crypto/asn1/a_dup.c:60:\nIn file included from third_party/boringssl/include/openssl/mem.h:60:\nthird_party/boringssl/include/openssl/base.h:211:31: error: redefinition of typedef 'ASN1_ENUMERATED' is a C11 feature [-Werror,-Wtypedef-redefinition]\ntypedef struct asn1_string_st ASN1_ENUMERATED;\n                              ^\n/usr/local/opt/openssl@3/include/openssl/types.h:46:31: note: previous definition is here\ntypedef struct asn1_string_st ASN1_ENUMERATED;\n                              ^\nIn file included from third_party/boringssl/crypto/asn1/a_dup.c:60:\nIn file included from third_party/boringssl/include/openssl/mem.h:60:\nthird_party/boringssl/include/openssl/base.h:212:31: error: redefinition of typedef 'ASN1_GENERALIZEDTIME' is a C11 feature [-Werror,-Wtypedef-redefinition]\ntypedef struct asn1_string_st ASN1_GENERALIZEDTIME;\n                              ^\n/usr/local/opt/openssl@3/include/openssl/types.h:57:31: note: previous definition is here\ntypedef struct asn1_string_st ASN1_GENERALIZEDTIME;\n                              ^\nIn file included from third_party/boringssl/crypto/asn1/a_dup.c:60:\nIn file included from third_party/boringssl/include/openssl/mem.h:60:\nthird_party/boringssl/include/openssl/base.h:213:31: error: redefinition of typedef 'ASN1_GENERALSTRING' is a C11 feature [-Werror,-Wtypedef-redefinition]\ntypedef struct asn1_string_st ASN1_GENERALSTRING;\n                              ^\n/usr/local/opt/openssl@3/include/openssl/types.h:52:31: note: previous definition is here\ntypedef struct asn1_string_st ASN1_GENERALSTRING;\n                              ^\nIn file included from third_party/boringssl/crypto/asn1/a_dup.c:60:\nIn file included from third_party/boringssl/include/openssl/mem.h:60:\nthird_party/boringssl/include/openssl/base.h:214:31: error: redefinition of typedef 'ASN1_IA5STRING' is a C11 feature [-Werror,-Wtypedef-redefinition]\ntypedef struct asn1_string_st ASN1_IA5STRING;\n                              ^\n/usr/local/opt/openssl@3/include/openssl/types.h:51:31: note: previous definition is here\ntypedef struct asn1_string_st ASN1_IA5STRING;\n                              ^\nIn file included from third_party/boringssl/crypto/asn1/a_dup.c:60:\nIn file included from third_party/boringssl/include/openssl/mem.h:60:\nthird_party/boringssl/include/openssl/base.h:215:31: error: redefinition of typedef 'ASN1_INTEGER' is a C11 feature [-Werror,-Wtypedef-redefinition]\ntypedef struct asn1_string_st ASN1_INTEGER;\n                              ^\n/usr/local/opt/openssl@3/include/openssl/types.h:45:31: note: previous definition is here\ntypedef struct asn1_string_st ASN1_INTEGER;\n                              ^\nIn file included from third_party/boringssl/crypto/asn1/a_dup.c:60:\nIn file included from third_party/boringssl/include/openssl/mem.h:60:\nthird_party/boringssl/include/openssl/base.h:216:31: error: redefinition of typedef 'ASN1_OCTET_STRING' is a C11 feature [-Werror,-Wtypedef-redefinition]\ntypedef struct asn1_string_st ASN1_OCTET_STRING;\n                              ^\n/usr/local/opt/openssl@3/include/openssl/types.h:48:31: note: previous definition is here\ntypedef struct asn1_string_st ASN1_OCTET_STRING;\n                              ^\nIn file included from third_party/boringssl/crypto/asn1/a_dup.c:60:\nIn file included from third_party/boringssl/include/openssl/mem.h:60:\nthird_party/boringssl/include/openssl/base.h:217:31: error: redefinition of typedef 'ASN1_PRINTABLESTRING' is a C11 feature [-Werror,-Wtypedef-redefinition]\ntypedef struct asn1_string_st ASN1_PRINTABLESTRING;\n                              ^\n/usr/local/opt/openssl@3/include/openssl/types.h:49:31: note: previous definition is here\ntypedef struct asn1_string_st ASN1_PRINTABLESTRING;\n                              ^\nIn file included from third_party/boringssl/crypto/asn1/a_dup.c:60:\nIn file included from third_party/boringssl/include/openssl/mem.h:60:\nthird_party/boringssl/include/openssl/base.h:218:31: error: redefinition of typedef 'ASN1_STRING' is a C11 feature [-Werror,-Wtypedef-redefinition]\ntypedef struct asn1_string_st ASN1_STRING;\n                              ^\n/usr/local/opt/openssl@3/include/openssl/types.h:60:31: note: previous definition is here\ntypedef struct asn1_string_st ASN1_STRING;\n                              ^\nIn file included from third_party/boringssl/crypto/asn1/a_dup.c:60:\nIn file included from third_party/boringssl/include/openssl/mem.h:60:\nthird_party/boringssl/include/openssl/base.h:219:31: error: redefinition of typedef 'ASN1_T61STRING' is a C11 feature [-Werror,-Wtypedef-redefinition]\ntypedef struct asn1_string_st ASN1_T61STRING;\n                              ^\n/usr/local/opt/openssl@3/include/openssl/types.h:50:31: note: previous definition is here\ntypedef struct asn1_string_st ASN1_T61STRING;\n                              ^\nfatal error: too many errors emitted, stopping now [-ferror-limit=]\n20 errors generated.\nIn file included from third_party/boringssl/crypto/asn1/a_d2i_fp.c:61:\nIn file included from third_party/boringssl/include/openssl/buf.h:60:\nthird_party/boringssl/include/openssl/base.h:133:9: error: 'OPENSSL_VERSION_NUMBER' macro redefined [-Werror,-Wmacro-redefined]\n#define OPENSSL_VERSION_NUMBER 0x100020af\n        ^\n/usr/local/opt/openssl@3/include/openssl/opensslv.h:99:10: note: previous definition is here\n# define OPENSSL_VERSION_NUMBER          \\\n         ^\nIn file included from third_party/boringssl/crypto/asn1/a_d2i_fp.c:61:\nIn file included from third_party/boringssl/include/openssl/buf.h:60:\nthird_party/boringssl/include/openssl/base.h:168:9: error: 'OPENSSL_EXPORT' macro redefined [-Werror,-Wmacro-redefined]\n#define OPENSSL_EXPORT\n        ^\n/usr/local/opt/openssl@3/include/openssl/e_os2.h:183:11: note: previous definition is here\n#  define OPENSSL_EXPORT extern\n          ^\nIn file included from third_party/boringssl/crypto/asn1/a_d2i_fp.c:61:\nIn file included from third_party/boringssl/include/openssl/buf.h:60:\nthird_party/boringssl/include/openssl/base.h:202:13: error: typedef redefinition with different types ('int' vs 'struct crypto_threadid_st')20\n errors generated.\ntypedef int CRYPTO_THREADID;\n            ^\n/usr/local/opt/openssl@3/include/openssl/crypto.h:308:3: note: previous definition is here\n} CRYPTO_THREADID;\n  ^\nIn file included from third_party/boringssl/crypto/asn1/a_d2i_fp.c:61:\nIn file included from third_party/boringssl/include/openssl/buf.h:60:\nthird_party/boringssl/include/openssl/base.h:204:13: error: redefinition of typedef 'ASN1_BOOLEAN' is a C11 feature [-Werror,-Wtypedef-redefinition]\ntypedef int ASN1_BOOLEAN;\n            ^\n/usr/local/opt/openssl@3/include/openssl/types.h:61:13: note: previous definition is here\ntypedef int ASN1_BOOLEAN;\n            ^\nIn file included from third_party/boringssl/crypto/asn1/a_d2i_fp.c:61:\nIn file included from third_party/boringssl/include/openssl/buf.h:60:\nthird_party/boringssl/include/openssl/base.h:205:13: error: redefinition of typedef 'ASN1_NULL' is a C11 feature [-Werror,-Wtypedef-redefinition]\ntypedef int ASN1_NULL;\n            ^\n/usr/local/opt/openssl@3/include/openssl/types.h:62:13: note: previous definition is here\ntypedef int ASN1_NULL;\n            ^\nIn file included from third_party/boringssl/crypto/asn1/a_d2i_fp.c:61:\nIn file included from third_party/boringssl/include/openssl/buf.h:60:\nthird_party/boringssl/include/openssl/base.h:206:29: error: redefinition of typedef 'ASN1_ITEM' is a C11 feature [-Werror,-Wtypedef-redefinition]\ntypedef struct ASN1_ITEM_st ASN1_ITEM;\n                            ^\n/usr/local/opt/openssl@3/include/openssl/types.h:69:29: note: previous definition is here\ntypedef struct ASN1_ITEM_st ASN1_ITEM;\n                            ^\nIn file included from third_party/boringssl/crypto/asn1/a_d2i_fp.c:61:\nIn file included from third_party/boringssl/include/openssl/buf.h:60:\nthird_party/boringssl/include/openssl/base.h:207:31: error: redefinition of typedef 'ASN1_OBJECT' is a C11 feature [-Werror,-Wtypedef-redefinition]\ntypedef struct asn1_object_st ASN1_OBJECT;\n                              ^\n/usr/local/opt/openssl@3/include/openssl/types.h:66:31: note: previous definition is here\ntypedef struct asn1_object_st ASN1_OBJECT;\n                              ^\nIn file included from third_party/boringssl/crypto/asn1/a_d2i_fp.c:61:\nIn file included from third_party/boringssl/include/openssl/buf.h:60:\nthird_party/boringssl/include/openssl/base.h:208:29: error: redefinition of typedef 'ASN1_PCTX' is a C11 feature [-Werror,-Wtypedef-redefinition]\ntypedef struct asn1_pctx_st ASN1_PCTX;\n                            ^\n/usr/local/opt/openssl@3/include/openssl/types.h:70:29: note: previous definition is here\ntypedef struct asn1_pctx_st ASN1_PCTX;\n                            ^\nIn file included from third_party/boringssl/crypto/asn1/a_d2i_fp.c:61:\nIn file included from third_party/boringssl/include/openssl/buf.h:60:\nthird_party/boringssl/include/openssl/base.h:209:31: error: redefinition of typedef 'ASN1_BIT_STRING' is a C11 feature [-Werror,-Wtypedef-redefinition]\ntypedef struct asn1_string_st ASN1_BIT_STRING;\n                              ^\n/usr/local/opt/openssl@3/include/openssl/types.h:47:31: note: previous definition is here\ntypedef struct asn1_string_st ASN1_BIT_STRING;\n                              ^\nIn file included from third_party/boringssl/crypto/asn1/a_d2i_fp.c:61:\nIn file included from third_party/boringssl/include/openssl/buf.h:60:\nthird_party/boringssl/include/openssl/base.h:210:31: error: redefinition of typedef 'ASN1_BMPSTRING' is a C11 feature [-Werror,-Wtypedef-redefinition]\ntypedef struct asn1_string_st ASN1_BMPSTRING;\n                              ^\n/usr/local/opt/openssl@3/include/openssl/types.h:54:31: note: previous definition is here\ntypedef struct asn1_string_st ASN1_BMPSTRING;\n                              ^\nIn file included from third_party/boringssl/crypto/asn1/a_d2i_fp.c:61:\nIn file included from third_party/boringssl/include/openssl/buf.h:60:\nthird_party/boringssl/include/openssl/base.h:211:31: error: redefinition of typedef 'ASN1_ENUMERATED' is a C11 feature [-Werror,-Wtypedef-redefinition]\ntypedef struct asn1_string_st ASN1_ENUMERATED;\n                              ^\n/usr/local/opt/openssl@3/include/openssl/types.h:46:31: note: previous definition is here\ntypedef struct asn1_string_st ASN1_ENUMERATED;\n                              ^\nIn file included from third_party/boringssl/crypto/asn1/a_d2i_fp.c:61:\nIn file included from third_party/boringssl/include/openssl/buf.h:60:\nthird_party/boringssl/include/openssl/base.h:212:31: error: redefinition of typedef 'ASN1_GENERALIZEDTIME' is a C11 feature [-Werror,-Wtypedef-redefinition]\ntypedef struct asn1_string_st ASN1_GENERALIZEDTIME;\n                              ^\n/usr/local/opt/openssl@3/include/openssl/types.h:57:31: note: previous definition is here\ntypedef struct asn1_string_st ASN1_GENERALIZEDTIME;\n                              ^\nIn file included from third_party/boringssl/crypto/asn1/a_d2i_fp.c:61:\nIn file included from third_party/boringssl/include/openssl/buf.h:60:\nthird_party/boringssl/include/openssl/base.h:213:31: error: redefinition of typedef 'ASN1_GENERALSTRING' is a C11 feature [-Werror,-Wtypedef-redefinition]\ntypedef struct asn1_string_st ASN1_GENERALSTRING;\n                              ^\n/usr/local/opt/openssl@3/include/openssl/types.h:52:31: note: previous definition is here\ntypedef struct asn1_string_st ASN1_GENERALSTRING;\n                              ^\nIn file included from third_party/boringssl/crypto/asn1/a_d2i_fp.c:61:\nIn file included from third_party/boringssl/include/openssl/buf.h:60:\nthird_party/boringssl/include/openssl/base.h:214:31: error: redefinition of typedef 'ASN1_IA5STRING' is a C11 feature [-Werror,-Wtypedef-redefinition]\ntypedef struct asn1_string_st ASN1_IA5STRING;\n                              ^\n/usr/local/opt/openssl@3/include/openssl/types.h:51:31: note: previous definition is here\ntypedef struct asn1_string_st ASN1_IA5STRING;\n                              ^\nIn file included from third_party/boringssl/crypto/asn1/a_d2i_fp.c:61:\nIn file included from third_party/boringssl/include/openssl/buf.h:60:\nthird_party/boringssl/include/openssl/base.h:215:31: error: redefinition of typedef 'ASN1_INTEGER' is a C11 feature [-Werror,-Wtypedef-redefinition]\ntypedef struct asn1_string_st ASN1_INTEGER;\n                              ^\n/usr/local/opt/openssl@3/include/openssl/types.h:45:31: note: previous definition is here\ntypedef struct asn1_string_st ASN1_INTEGER;\n                              ^\nIn file included from third_party/boringssl/crypto/asn1/a_d2i_fp.c:61:\nIn file included from third_party/boringssl/include/openssl/buf.h:60:\nthird_party/boringssl/include/openssl/base.h:216:31: error: redefinition of typedef 'ASN1_OCTET_STRING' is a C11 feature [-Werror,-Wtypedef-redefinition]\ntypedef struct asn1_string_st ASN1_OCTET_STRING;\n                              ^\n/usr/local/opt/openssl@3/include/openssl/types.h:48:31: note: previous definition is here\ntypedef struct asn1_string_st ASN1_OCTET_STRING;\n                              ^\nIn file included from third_party/boringssl/crypto/asn1/a_d2i_fp.c:61:\nIn file included from third_party/boringssl/include/openssl/buf.h:60:\nthird_party/boringssl/include/openssl/base.h:217:31: error: redefinition of typedef 'ASN1_PRINTABLESTRING' is a C11 feature [-Werror,-Wtypedef-redefinition]\ntypedef struct asn1_string_st ASN1_PRINTABLESTRING;\n                              ^\n/usr/local/opt/openssl@3/include/openssl/types.h:49:31: note: previous definition is here\ntypedef struct asn1_string_st ASN1_PRINTABLESTRING;\n                              ^\nIn file included from third_party/boringssl/crypto/asn1/a_d2i_fp.c:61:\nIn file included from third_party/boringssl/include/openssl/buf.h:60:\nthird_party/boringssl/include/openssl/base.h:218:31: error: redefinition of typedef 'ASN1_STRING' is a C11 feature [-Werror,-Wtypedef-redefinition]\ntypedef struct asn1_string_st ASN1_STRING;\n                              ^\n/usr/local/opt/openssl@3/include/openssl/types.h:60:31:In file included from  third_party/boringssl/crypto/asn1/a_bool.cnote:: 60:\nIn file included from third_party/boringssl/include/openssl/mem.h:60:\nprevious definition is herethird_party/boringssl/include/openssl/base.h:133:\n9: error: 'OPENSSL_VERSION_NUMBER' macro redefined [-Werror,-Wmacro-redefined]\ntypedef struct asn1_string_st ASN1_STRING;\n                              ^\n#define OPENSSL_VERSION_NUMBER 0x100020afIn file included from \nthird_party/boringssl/crypto/asn1/a_d2i_fp.c        ^:\n61:\nIn file included from third_party/boringssl/include/openssl/buf.h:60:\nthird_party/boringssl/include/openssl/base.h:219/usr/local/opt/openssl@3/include/openssl/opensslv.h::9931:: error: redefinition of typedef 'ASN1_T61STRING' is a C11 feature [-Werror,-Wtypedef-redefinition]\n10: note: typedef struct asn1_string_st ASN1_T61STRING;\nprevious definition is here                              ^\n\n/usr/local/opt/openssl@3/include/openssl/types.h:50:# define OPENSSL_VERSION_NUMBER          \\31\n:         ^ \nnote: previous definition is here\nIn file included from typedef struct asn1_string_st ASN1_T61STRING;\n                              ^\nthird_party/boringssl/crypto/asn1/a_bool.c:60:\nfatal errorIn file included from : third_party/boringssl/include/openssl/mem.h:too many errors emitted, stopping now [-ferror-limit=]60\n:\nthird_party/boringssl/include/openssl/base.h:168:9: error: 'OPENSSL_EXPORT' macro redefined [-Werror,-Wmacro-redefined]\n#define OPENSSL_EXPORT\n        ^\n/usr/local/opt/openssl@3/include/openssl/e_os2.h:183:11: note: previous definition is here\n#  define OPENSSL_EXPORT extern\n          ^\nIn file included from third_party/boringssl/crypto/asn1/a_bool.c:60:\nIn file included from third_party/boringssl/include/openssl/mem.h:60:\nthird_party/boringssl/include/openssl/base.h:202:13: error: typedef redefinition with different types ('int' vs 'struct crypto_threadid_st')\ntypedef int CRYPTO_THREADID;\n            ^\n/usr/local/opt/openssl@3/include/openssl/crypto.h:308:3: note: previous definition is here\n} CRYPTO_THREADID;\n  ^\nIn file included from third_party/boringssl/crypto/asn1/a_bool.c:60:\nIn file included from third_party/boringssl/include/openssl/mem.h:60:\nthird_party/boringssl/include/openssl/base.h:204:13: error: redefinition of typedef 'ASN1_BOOLEAN' is a C11 feature [-Werror,-Wtypedef-redefinition]\ntypedef int ASN1_BOOLEAN;\n            ^\n/usr/local/opt/openssl@3/include/openssl/types.h:61:13: note: previous definition is here\ntypedef int ASN1_BOOLEAN;\n            ^\nIn file included from third_party/boringssl/crypto/asn1/a_bool.c:60:\nIn file included from third_party/boringssl/include/openssl/mem.h:60:\nthird_party/boringssl/include/openssl/base.h:205:13: error: redefinition of typedef 'ASN1_NULL' is a C11 feature [-Werror,-Wtypedef-redefinition]\ntypedef int ASN1_NULL;\n            ^make: *** [/Users/runner/actions-runner/_work/python.build/python.build/build_grpcio18338/grpcio-1.8.3/objs/opt/third_party/boringssl/crypto/asn1/a_bitstr.o] Error 1\n\n/usr/local/opt/openssl@3/include/openssl/types.h:62:13: note: previous definition is here\ntypedef int ASN1_NULL;\n            ^\nIn file included from third_party/boringssl/crypto/asn1/a_bool.c:60:\nIn file included from third_party/boringssl/include/openssl/mem.h:60:\nthird_party/boringssl/include/openssl/base.h:206:29: error: redefinition of typedef 'ASN1_ITEM' is a C11 feature [-Werror,-Wtypedef-redefinition]\ntypedef struct ASN1_ITEM_st ASN1_ITEM;\n                            ^\n/usr/local/opt/openssl@3/include/openssl/types.h:69:29: note: previous definition is here\ntypedef struct ASN1_ITEM_st ASN1_ITEM;\n                            ^\nIn file included from third_party/boringssl/crypto/asn1/a_bool.c:60:\nIn file included from third_party/boringssl/include/openssl/mem.h:60:\nthird_party/boringssl/include/openssl/base.h:207:31: error: redefinition of typedef 'ASN1_OBJECT' is a C11 feature [-Werror,-Wtypedef-redefinition]\ntypedef struct asn1_object_st ASN1_OBJECT;\n                              ^\n/usr/local/opt/openssl@3/include/openssl/types.h:66:31: note: previous definition is here\ntypedef struct asn1_object_st ASN1_OBJECT;\n                              ^\nIn file included from third_party/boringssl/crypto/asn1/a_bool.c:60:\nIn file included from third_party/boringssl/include/openssl/mem.h:60:\nthird_party/boringssl/include/openssl/base.h:208:29: error: redefinition of typedef 'ASN1_PCTX' is a C11 feature [-Werror,-Wtypedef-redefinition]\ntypedef struct asn1_pctx_st ASN1_PCTX;\n                            ^\n/usr/local/opt/openssl@3/include/openssl/types.h:70:29: In file included from notethird_party/boringssl/crypto/asn1/a_enum.c:62:\nIn file included from third_party/boringssl/include/openssl/mem.h:: 60:\nprevious definition is here\nthird_party/boringssl/include/openssl/base.h:133:9: error: 'OPENSSL_VERSION_NUMBER' macro redefined [-Werror,-Wmacro-redefined]\ntypedef struct asn1_pctx_st ASN1_PCTX;\n                            ^\n#define OPENSSL_VERSION_NUMBER 0x100020af\n        ^\nIn file included from third_party/boringssl/crypto/asn1/a_bool.c:60:\n/usr/local/opt/openssl@3/include/openssl/opensslv.hIn file included from :third_party/boringssl/include/openssl/mem.h99::6010:\n:third_party/boringssl/include/openssl/base.h:209:31 note: :previous definition is here\n error: # define OPENSSL_VERSION_NUMBER          \\redefinition of typedef 'ASN1_BIT_STRING' is a C11 feature [-Werror,-Wtypedef-redefinition]\n\n         ^\ntypedef struct asn1_string_st ASN1_BIT_STRING;\n                              ^\n/usr/local/opt/openssl@3/include/openssl/types.h:In file included from 47third_party/boringssl/crypto/asn1/a_enum.c::3162::\n In file included from notethird_party/boringssl/include/openssl/mem.h: :60:\nthird_party/boringssl/include/openssl/base.h:previous definition is here168:\n9: errortypedef struct asn1_string_st ASN1_BIT_STRING;\n                              ^\n: 'OPENSSL_EXPORT' macro redefined [-Werror,-Wmacro-redefined]\n#define OPENSSL_EXPORT\n        ^In file included from third_party/boringssl/crypto/asn1/a_bool.c\n:60:\nIn file included from third_party/boringssl/include/openssl/mem.h/usr/local/opt/openssl@3/include/openssl/e_os2.h::60:\nthird_party/boringssl/include/openssl/base.h:210:18331::11 :error: redefinition of typedef 'ASN1_BMPSTRING' is a C11 feature [-Werror,-Wtypedef-redefinition]\n note: previous definition is heretypedef struct asn1_string_st ASN1_BMPSTRING;\n\n                              ^\n/usr/local/opt/openssl@3/include/openssl/types.h:54#  define OPENSSL_EXPORT extern:\n31          ^: \nnote: previous definition is here\nIn file included from third_party/boringssl/crypto/asn1/a_gentm.c:63:\ntypedef struct asn1_string_st ASN1_BMPSTRING;In file included from \nthird_party/boringssl/include/openssl/mem.h                              ^:\n60:\nthird_party/boringssl/include/openssl/base.h:133:9In file included from third_party/boringssl/crypto/asn1/a_bool.c:60:\nIn file included from third_party/boringssl/include/openssl/mem.h:60:\nthird_party/boringssl/include/openssl/base.h:211:31: :error : errorredefinition of typedef 'ASN1_ENUMERATED' is a C11 feature [-Werror,-Wtypedef-redefinition]: 'OPENSSL_VERSION_NUMBER' macro redefined [-Werror,-Wmacro-redefined]\n\nIn file included from third_party/boringssl/crypto/asn1/a_enum.c:62:\nIn file included from third_party/boringssl/include/openssl/mem.h:60:\nthird_party/boringssl/include/openssl/base.htypedef struct asn1_string_st ASN1_ENUMERATED;:202\n                              ^\n:13:/usr/local/opt/openssl@3/include/openssl/types.h error:: 46typedef redefinition with different types ('int' vs 'struct crypto_threadid_st'):\n31: note: typedef int CRYPTO_THREADID;\nprevious definition is here            ^\n\ntypedef struct asn1_string_st ASN1_ENUMERATED;\n                              ^\n#define OPENSSL_VERSION_NUMBER 0x100020af\n        ^\nIn file included from third_party/boringssl/crypto/asn1/a_bool.c:60:\nIn file included from third_party/boringssl/include/openssl/mem.h:/usr/local/opt/openssl@3/include/openssl/crypto.h60:/usr/local/opt/openssl@3/include/openssl/opensslv.h308::3::\n third_party/boringssl/include/openssl/base.h99note::212:1031:::   previous definition is herenote\n: error: } CRYPTO_THREADID;redefinition of typedef 'ASN1_GENERALIZEDTIME' is a C11 feature [-Werror,-Wtypedef-redefinition]\nprevious definition is here\n  ^\n\n# define OPENSSL_VERSION_NUMBER          \\typedef struct asn1_string_st ASN1_GENERALIZEDTIME;\n\n         ^                              ^\n\nIn file included from third_party/boringssl/crypto/asn1/a_enum.c/usr/local/opt/openssl@3/include/openssl/types.h::6257:\n:In file included from 31third_party/boringssl/include/openssl/mem.h:In file included from third_party/boringssl/crypto/asn1/a_gentm.c:63::\nIn file included from 60third_party/boringssl/include/openssl/mem.h: 60:\n:\nnote: previous definition is here\nthird_party/boringssl/include/openssl/base.hthird_party/boringssl/include/openssl/base.h::204168::139: errortypedef struct asn1_string_st ASN1_GENERALIZEDTIME;: \n:'OPENSSL_EXPORT' macro redefined [-Werror,-Wmacro-redefined]\n                              ^ \nerror: redefinition of typedef 'ASN1_BOOLEAN' is a C11 feature [-Werror,-Wtypedef-redefinition]#define OPENSSL_EXPORT\n\n        ^\nIn file included from /usr/local/opt/openssl@3/include/openssl/e_os2.hthird_party/boringssl/crypto/asn1/a_bool.c::183:11:60typedef int ASN1_BOOLEAN;\n            ^\n :\nnote: In file included from previous definition is here/usr/local/opt/openssl@3/include/openssl/types.h\n:61:13third_party/boringssl/include/openssl/mem.h#  define OPENSSL_EXPORT extern:\n60:\n          ^:third_party/boringssl/include/openssl/base.h\n:213:31 :note : errorprevious definition is here: \nredefinition of typedef 'ASN1_GENERALSTRING' is a C11 feature [-Werror,-Wtypedef-redefinition]\ntypedef int ASN1_BOOLEAN;\n            ^\ntypedef struct asn1_string_st ASN1_GENERALSTRING;\n                              ^\nIn file included from third_party/boringssl/crypto/asn1/a_enum.c:62/usr/local/opt/openssl@3/include/openssl/types.h:\n:In file included from third_party/boringssl/include/openssl/mem.h:60:\nthird_party/boringssl/include/openssl/base.h:52205::1331::  errornote: : redefinition of typedef 'ASN1_NULL' is a C11 feature [-Werror,-Wtypedef-redefinition]previous definition is here\n\ntypedef int ASN1_NULL;\n            ^\ntypedef struct asn1_string_st ASN1_GENERALSTRING;\n                              ^\n/usr/local/opt/openssl@3/include/openssl/types.h:62:13: note: previous definition is here\nIn file included from In file included from third_party/boringssl/crypto/asn1/a_bool.cthird_party/boringssl/crypto/asn1/a_gentm.ctypedef int ASN1_NULL;\n            ^\n::60:\n63In file included from third_party/boringssl/include/openssl/mem.h:60:\n:\nthird_party/boringssl/include/openssl/base.h:214:In file included from 31:In file included from  third_party/boringssl/include/openssl/mem.herror:: 60redefinition of typedef 'ASN1_IA5STRING' is a C11 feature [-Werror,-Wtypedef-redefinition]third_party/boringssl/crypto/asn1/a_enum.c\n::\n62:\nthird_party/boringssl/include/openssl/base.hIn file included from :third_party/boringssl/include/openssl/mem.h202::6013:\n:third_party/boringssl/include/openssl/base.h :typedef struct asn1_string_st ASN1_IA5STRING;\nerror206                              ^:\n29:: /usr/local/opt/openssl@3/include/openssl/types.htypedef redefinition with different types ('int' vs 'struct crypto_threadid_st'):\n51 :31: noteerror: previous definition is here\n: redefinition of typedef 'ASN1_ITEM' is a C11 feature [-Werror,-Wtypedef-redefinition]typedef int CRYPTO_THREADID;\n            ^\n\ntypedef struct ASN1_ITEM_st ASN1_ITEM;typedef struct asn1_string_st ASN1_IA5STRING;\n                              ^\n\n                            ^\n/usr/local/opt/openssl@3/include/openssl/types.h:69:29: note: previous definition is here\nIn file included from third_party/boringssl/crypto/asn1/a_bool.ctypedef struct ASN1_ITEM_st ASN1_ITEM;:\n60                            ^:\n\nIn file included from third_party/boringssl/include/openssl/mem.h:60/usr/local/opt/openssl@3/include/openssl/crypto.h:\n:In file included from third_party/boringssl/include/openssl/base.hthird_party/boringssl/crypto/asn1/a_enum.c::21562::\n31308:: In file included from 3:third_party/boringssl/include/openssl/mem.h :noteerror60: :\nprevious definition is herethird_party/boringssl/include/openssl/base.h: redefinition of typedef 'ASN1_INTEGER' is a C11 feature [-Werror,-Wtypedef-redefinition]\n\n:} CRYPTO_THREADID;207\n:  ^31\ntypedef struct asn1_string_st ASN1_INTEGER;\n                              ^\n/usr/local/opt/openssl@3/include/openssl/types.h:45:: 31error::  noteredefinition of typedef 'ASN1_OBJECT' is a C11 feature [-Werror,-Wtypedef-redefinition]: \nprevious definition is hereIn file included from third_party/boringssl/crypto/asn1/a_gentm.c:63typedef struct asn1_object_st ASN1_OBJECT;:\n\nIn file included from                               ^\nthird_party/boringssl/include/openssl/mem.h:60\n:\nthird_party/boringssl/include/openssl/base.h/usr/local/opt/openssl@3/include/openssl/types.h::typedef struct asn1_string_st ASN1_INTEGER;66\n:                              ^204\n:3113::  noteerrorIn file included from : redefinition of typedef 'ASN1_BOOLEAN' is a C11 feature [-Werror,-Wtypedef-redefinition]: \nprevious definition is herethird_party/boringssl/crypto/asn1/a_bool.c\n:60typedef int ASN1_BOOLEAN;:\n\nIn file included from             ^\nthird_party/boringssl/include/openssl/mem.htypedef struct asn1_object_st ASN1_OBJECT;\n                              ^\n:60:\nthird_party/boringssl/include/openssl/base.h/usr/local/opt/openssl@3/include/openssl/types.h::216:In file included from 31third_party/boringssl/crypto/asn1/a_enum.c:62:\n61In file included from ::13: notethird_party/boringssl/include/openssl/mem.h: previous definition is here: \n60error:\n: third_party/boringssl/include/openssl/base.h:redefinition of typedef 'ASN1_OCTET_STRING' is a C11 feature [-Werror,-Wtypedef-redefinition]208\n:29: errortypedef struct asn1_string_st ASN1_OCTET_STRING;\n: typedef int ASN1_BOOLEAN;redefinition of typedef 'ASN1_PCTX' is a C11 feature [-Werror,-Wtypedef-redefinition]\n\n            ^\ntypedef struct asn1_pctx_st ASN1_PCTX;\n                            ^\n/usr/local/opt/openssl@3/include/openssl/types.h:70:                              ^In file included from \nthird_party/boringssl/crypto/asn1/a_gentm.c:2963:\n: /usr/local/opt/openssl@3/include/openssl/types.hIn file included from notethird_party/boringssl/include/openssl/mem.h: :60:\nprevious definition is herethird_party/boringssl/include/openssl/base.h\n:205:13::48:31: note: previous definition is here\n error: typedef struct asn1_string_st ASN1_OCTET_STRING;typedef struct asn1_pctx_st ASN1_PCTX;redefinition of typedef 'ASN1_NULL' is a C11 feature [-Werror,-Wtypedef-redefinition]\n\n                            ^\nmake: *** [/Users/runner/actions-runner/_work/python.build/python.build/build_grpcio18338/grpcio-1.8.3/objs/opt/third_party/boringssl/crypto/asn1/a_dup.o] Error 1typedef int ASN1_NULL;\n\n            ^\n\n/usr/local/opt/openssl@3/include/openssl/types.h:                              ^62\nIn file included from third_party/boringssl/crypto/asn1/a_enum.c:62:\nIn file included from :third_party/boringssl/include/openssl/mem.h:1360::\n third_party/boringssl/include/openssl/base.h:209:note31: previous definition is hereIn file included from : third_party/boringssl/crypto/asn1/a_bool.c\n:60error: typedef int ASN1_NULL;:\nIn file included from third_party/boringssl/include/openssl/mem.h:\n60:\n            ^\nthird_party/boringssl/include/openssl/base.h:217In file included from third_party/boringssl/crypto/asn1/a_gentm.c:63:\nIn file included from third_party/boringssl/include/openssl/mem.h:60:\n:third_party/boringssl/include/openssl/base.h:31206:: redefinition of typedef 'ASN1_BIT_STRING' is a C11 feature [-Werror,-Wtypedef-redefinition]29error: redefinition of typedef 'ASN1_PRINTABLESTRING' is a C11 feature [-Werror,-Wtypedef-redefinition]\n:\n error: redefinition of typedef 'ASN1_ITEM' is a C11 feature [-Werror,-Wtypedef-redefinition]\ntypedef struct asn1_string_st ASN1_PRINTABLESTRING;typedef struct asn1_string_st ASN1_BIT_STRING;\n                              ^\n\ntypedef struct ASN1_ITEM_st ASN1_ITEM;                              ^\n\n/usr/local/opt/openssl@3/include/openssl/types.h                            ^:/usr/local/opt/openssl@3/include/openssl/types.h47:31: \n:note49: :previous definition is here31/usr/local/opt/openssl@3/include/openssl/types.h:69::29 :note\n note: previous definition is here\ntypedef struct ASN1_ITEM_st ASN1_ITEM;\n: typedef struct asn1_string_st ASN1_BIT_STRING;previous definition is here\n\n                              ^\n                            ^\nIn file included from third_party/boringssl/crypto/asn1/a_gentm.c:In file included from 63third_party/boringssl/crypto/asn1/a_enum.c:\n:In file included from 62third_party/boringssl/include/openssl/mem.htypedef struct asn1_string_st ASN1_PRINTABLESTRING;:\n:\n                              ^In file included from \nthird_party/boringssl/include/openssl/mem.h:6060:\n:\nthird_party/boringssl/include/openssl/base.h:third_party/boringssl/include/openssl/base.h207::21031::31 :error : error: redefinition of typedef 'ASN1_BMPSTRING' is a C11 feature [-Werror,-Wtypedef-redefinition]\nredefinition of typedef 'ASN1_OBJECT' is a C11 feature [-Werror,-Wtypedef-redefinition]\nIn file included from third_party/boringssl/crypto/asn1/a_bool.c:60typedef struct asn1_string_st ASN1_BMPSTRING;:\ntypedef struct asn1_object_st ASN1_OBJECT;In file included from \nthird_party/boringssl/include/openssl/mem.h                              ^:60:\nthird_party/boringssl/include/openssl/base.h\n\n:/usr/local/opt/openssl@3/include/openssl/types.h218::31: 66error:                              ^31: note: previous definition is here: \nredefinition of typedef 'ASN1_STRING' is a C11 feature [-Werror,-Wtypedef-redefinition]\n\n/usr/local/opt/openssl@3/include/openssl/types.h:54:31:typedef struct asn1_object_st ASN1_OBJECT; \nnote                              ^: previous definition is here\ntypedef struct asn1_string_st ASN1_STRING;\n\n                              ^\ntypedef struct asn1_string_st ASN1_BMPSTRING;/usr/local/opt/openssl@3/include/openssl/types.h\n:60:31:In file included from third_party/boringssl/crypto/asn1/a_gentm.c:63:\n                              ^ \nIn file included from note: previous definition is here\nthird_party/boringssl/include/openssl/mem.h:typedef struct asn1_string_st ASN1_STRING;60\nIn file included from :\nthird_party/boringssl/crypto/asn1/a_enum.cthird_party/boringssl/include/openssl/base.h                              ^:\n208:29:: error: 62redefinition of typedef 'ASN1_PCTX' is a C11 feature [-Werror,-Wtypedef-redefinition]:\n\nIn file included from In file included from typedef struct asn1_pctx_st ASN1_PCTX;third_party/boringssl/include/openssl/mem.h\n:                            ^60\n:\nthird_party/boringssl/crypto/asn1/a_bool.cthird_party/boringssl/include/openssl/base.h::/usr/local/opt/openssl@3/include/openssl/types.h211::70:29: note31: 60previous definition is here:\n\nIn file included from :third_party/boringssl/include/openssl/mem.h :error60: :\ntypedef struct asn1_pctx_st ASN1_PCTX;third_party/boringssl/include/openssl/base.h\n:                            ^219\n:31: errorredefinition of typedef 'ASN1_ENUMERATED' is a C11 feature [-Werror,-Wtypedef-redefinition]\n: In file included from third_party/boringssl/crypto/asn1/a_gentm.ctypedef struct asn1_string_st ASN1_ENUMERATED;:redefinition of typedef 'ASN1_T61STRING' is a C11 feature [-Werror,-Wtypedef-redefinition]\n                              ^\n63/usr/local/opt/openssl@3/include/openssl/types.h:\n46:\n:In file included from 31third_party/boringssl/include/openssl/mem.h:: 60note:\n: third_party/boringssl/include/openssl/base.hprevious definition is here:\n209:31: typedef struct asn1_string_st ASN1_ENUMERATED;error\n:                               ^\ntypedef struct asn1_string_st ASN1_T61STRING;redefinition of typedef 'ASN1_BIT_STRING' is a C11 feature [-Werror,-Wtypedef-redefinition]\nIn file included from third_party/boringssl/crypto/asn1/a_enum.c\n:62                              ^:\nIn file included from third_party/boringssl/include/openssl/mem.h:60:\ntypedef struct asn1_string_st ASN1_BIT_STRING;\n                              ^\n\n/usr/local/opt/openssl@3/include/openssl/types.h:47third_party/boringssl/include/openssl/base.h/usr/local/opt/openssl@3/include/openssl/types.h::31:212 :note:: previous definition is here\n3150:: 31error::  noteredefinition of typedef 'ASN1_GENERALIZEDTIME' is a C11 feature [-Werror,-Wtypedef-redefinition]: \nprevious definition is here\ntypedef struct asn1_string_st ASN1_BIT_STRING;\n                              ^typedef struct asn1_string_st ASN1_T61STRING;\n\n                              ^\ntypedef struct asn1_string_st ASN1_GENERALIZEDTIME;\n                              ^\nIn file included from fatal errorthird_party/boringssl/crypto/asn1/a_gentm.c: :too many errors emitted, stopping now [-ferror-limit=]/usr/local/opt/openssl@3/include/openssl/types.h:57:31:63 :\nnoteIn file included from \n: third_party/boringssl/include/openssl/mem.h:previous definition is here\n60:\nthird_party/boringssl/include/openssl/base.htypedef struct asn1_string_st ASN1_GENERALIZEDTIME;:\n                              ^\n210:31: error: redefinition of typedef 'ASN1_BMPSTRING' is a C11 feature [-Werror,-Wtypedef-redefinition]In file included from third_party/boringssl/crypto/asn1/a_enum.c\n:62:\nIn file included from third_party/boringssl/include/openssl/mem.h:60:\nthird_party/boringssl/include/openssl/base.h:213:31: error: redefinition of typedef 'ASN1_GENERALSTRING' is a C11 feature [-Werror,-Wtypedef-redefinition]\ntypedef struct asn1_string_st ASN1_BMPSTRING;\n                              ^\ntypedef struct asn1_string_st ASN1_GENERALSTRING;\n                              ^/usr/local/opt/openssl@3/include/openssl/types.h\n:/usr/local/opt/openssl@3/include/openssl/types.h54::31:52 :note31: previous definition is here\n: note: previous definition is here\ntypedef struct asn1_string_st ASN1_BMPSTRING;\n                              ^\ntypedef struct asn1_string_st ASN1_GENERALSTRING;\n                              ^\nIn file included from third_party/boringssl/crypto/asn1/a_enum.c:62:\nIn file included from third_party/boringssl/include/openssl/mem.hIn file included from third_party/boringssl/crypto/asn1/a_gentm.c::60:\nthird_party/boringssl/include/openssl/base.h63:\n:In file included from 214:third_party/boringssl/include/openssl/mem.h31::60 :\nerrorthird_party/boringssl/include/openssl/base.h: :redefinition of typedef 'ASN1_IA5STRING' is a C11 feature [-Werror,-Wtypedef-redefinition]211\n:31: error: redefinition of typedef 'ASN1_ENUMERATED' is a C11 feature [-Werror,-Wtypedef-redefinition]\ntypedef struct asn1_string_st ASN1_IA5STRING;\n                              ^\ntypedef struct asn1_string_st ASN1_ENUMERATED;\n                              ^\n/usr/local/opt/openssl@3/include/openssl/types.h:/usr/local/opt/openssl@3/include/openssl/types.h:46:3151:: note: 31previous definition is here\n: note: typedef struct asn1_string_st ASN1_ENUMERATED;previous definition is here\n\n                              ^\ntypedef struct asn1_string_st ASN1_IA5STRING;\nIn file included from                               ^third_party/boringssl/crypto/asn1/a_gentm.c\n:63:\nIn file included from third_party/boringssl/include/openssl/mem.hIn file included from third_party/boringssl/crypto/asn1/a_enum.c:60:\nthird_party/boringssl/include/openssl/base.h::62212:\nIn file included from third_party/boringssl/include/openssl/mem.h::6031:\n:third_party/boringssl/include/openssl/base.h :error215: :redefinition of typedef 'ASN1_GENERALIZEDTIME' is a C11 feature [-Werror,-Wtypedef-redefinition]\n31: typedef struct asn1_string_st ASN1_GENERALIZEDTIME;\n                              ^error: \n/usr/local/opt/openssl@3/include/openssl/types.h:57redefinition of typedef 'ASN1_INTEGER' is a C11 feature [-Werror,-Wtypedef-redefinition]:\n31: note: previous definition is here\ntypedef struct asn1_string_st ASN1_INTEGER;\ntypedef struct asn1_string_st ASN1_GENERALIZEDTIME;                              ^\n\n                              ^\n/usr/local/opt/openssl@3/include/openssl/types.h:45:31:In file included from  third_party/boringssl/crypto/asn1/a_gentm.c:note63: previous definition is here\n:\nIn file included from third_party/boringssl/include/openssl/mem.h:60typedef struct asn1_string_st ASN1_INTEGER;\n:\n                              ^third_party/boringssl/include/openssl/base.h\n:213:31: error: redefinition of typedef 'ASN1_GENERALSTRING' is a C11 feature [-Werror,-Wtypedef-redefinition]\nIn file included from third_party/boringssl/crypto/asn1/a_enum.c:62:\ntypedef struct asn1_string_st ASN1_GENERALSTRING;In file included from third_party/boringssl/include/openssl/mem.h:60\n:\n                              ^third_party/boringssl/include/openssl/base.h\n:216:31:/usr/local/opt/openssl@3/include/openssl/types.h :error52: :redefinition of typedef 'ASN1_OCTET_STRING' is a C11 feature [-Werror,-Wtypedef-redefinition]31: note: previous definition is here\n\ntypedef struct asn1_string_st ASN1_GENERALSTRING;\n20 error                              ^s\n generatedtypedef struct asn1_string_st ASN1_OCTET_STRING;.\n\n                              ^\nIn file included from /usr/local/opt/openssl@3/include/openssl/types.hthird_party/boringssl/crypto/asn1/a_gentm.c::4863::\n31In file included from :third_party/boringssl/include/openssl/mem.h :note60: :\nprevious definition is herethird_party/boringssl/include/openssl/base.h\ntypedef struct asn1_string_st ASN1_OCTET_STRING;\n                              ^\n:214:31: errorIn file included from : redefinition of typedef 'ASN1_IA5STRING' is a C11 feature [-Werror,-Wtypedef-redefinition]third_party/boringssl/crypto/asn1/a_enum.c\n:62:\nIn file included from third_party/boringssl/include/openssl/mem.htypedef struct asn1_string_st ASN1_IA5STRING;:60:\nthird_party/boringssl/include/openssl/base.h:217:31: \nerror:                               ^redefinition of typedef 'ASN1_PRINTABLESTRING' is a C11 feature [-Werror,-Wtypedef-redefinition]\n\n/usr/local/opt/openssl@3/include/openssl/types.h:51:31typedef struct asn1_string_st ASN1_PRINTABLESTRING;\n                              ^: note: \nprevious definition is here\n/usr/local/opt/openssl@3/include/openssl/types.h:49:31:typedef struct asn1_string_st ASN1_IA5STRING; note: \nprevious definition is here                              ^\n\ntypedef struct asn1_string_st ASN1_PRINTABLESTRING;In file included from \nthird_party/boringssl/crypto/asn1/a_gentm.c                              ^\n:63:\nIn file included from third_party/boringssl/include/openssl/mem.hIn file included from :third_party/boringssl/crypto/asn1/a_enum.c:62:\nIn file included from third_party/boringssl/include/openssl/mem.h:6060:\nthird_party/boringssl/include/openssl/base.h:215:31:\n: error: redefinition of typedef 'ASN1_INTEGER' is a C11 feature [-Werror,-Wtypedef-redefinition]\nthird_party/boringssl/include/openssl/base.h:218:31typedef struct asn1_string_st ASN1_INTEGER;:\n                               ^error\n: /usr/local/opt/openssl@3/include/openssl/types.h:45:redefinition of typedef 'ASN1_STRING' is a C11 feature [-Werror,-Wtypedef-redefinition]\n31: note: previous definition is here\ntypedef struct asn1_string_st ASN1_STRING;\n                              ^\ntypedef struct asn1_string_st ASN1_INTEGER;/usr/local/opt/openssl@3/include/openssl/types.h:60\n:31:                               ^note\n: previous definition is here\nIn file included from third_party/boringssl/crypto/asn1/a_gentm.c:63:\nIn file included from typedef struct asn1_string_st ASN1_STRING;third_party/boringssl/include/openssl/mem.h\n:                              ^60\n:\nthird_party/boringssl/include/openssl/base.h:216:31: error: redefinition of typedef 'ASN1_OCTET_STRING' is a C11 feature [-Werror,-Wtypedef-redefinition]\nIn file included from third_party/boringssl/crypto/asn1/a_enum.ctypedef struct asn1_string_st ASN1_OCTET_STRING;:\n                              ^\n62:\nIn file included from third_party/boringssl/include/openssl/mem.h:60:\n/usr/local/opt/openssl@3/include/openssl/types.h:48third_party/boringssl/include/openssl/base.h::219:3131: note: :previous definition is here \nerror: redefinition of typedef 'ASN1_T61STRING' is a C11 feature [-Werror,-Wtypedef-redefinition]\ntypedef struct asn1_string_st ASN1_OCTET_STRING;\n                              ^\ntypedef struct asn1_string_st ASN1_T61STRING;\n                              ^\n/usr/local/opt/openssl@3/include/openssl/types.hIn file included from :third_party/boringssl/crypto/asn1/a_gentm.c50::6331:\n:In file included from third_party/boringssl/include/openssl/mem.h:60:\nthird_party/boringssl/include/openssl/base.h:217:31 :note: previous definition is here\n error: redefinition of typedef 'ASN1_PRINTABLESTRING' is a C11 feature [-Werror,-Wtypedef-redefinition]\ntypedef struct asn1_string_st ASN1_T61STRING;\n                              ^\ntypedef struct asn1_string_st ASN1_PRINTABLESTRING;\n                              ^\nfatal error/usr/local/opt/openssl@3/include/openssl/types.h: :too many errors emitted, stopping now [-ferror-limit=]\n49:31: note: previous definition is here\ntypedef struct asn1_string_st ASN1_PRINTABLESTRING;\n                              ^\n20 errors generated.\nIn file included from third_party/boringssl/crypto/asn1/a_gentm.c:63:\nIn file included from third_party/boringssl/include/openssl/mem.h:60:\nthird_party/boringssl/include/openssl/base.h:218:31: error: redefinition of typedef 'ASN1_STRING' is a C11 feature [-Werror,-Wtypedef-redefinition]\ntypedef struct asn1_string_st ASN1_STRING;\n                              ^\n/usr/local/opt/openssl@3/include/openssl/types.h:60:31: note: previous definition is here\ntypedef struct asn1_string_st ASN1_STRING;\n                              ^\nIn file included from third_party/boringssl/crypto/asn1/a_gentm.c:63:\nIn file included from third_party/boringssl/include/openssl/mem.h:60:\nthird_party/boringssl/include/openssl/base.h:219:31: error: redefinition of typedef 'ASN1_T61STRING' is a C11 feature [-Werror,-Wtypedef-redefinition]\ntypedef struct asn1_string_st ASN1_T61STRING;\n                              ^\n/usr/local/opt/openssl@3/include/openssl/types.h:50:31: note: previous definition is here\ntypedef struct asn1_string_st ASN1_T61STRING;\n                              ^\nfatal error: too many errors emitted, stopping now [-ferror-limit=]\nIn file included from third_party/boringssl/crypto/asn1/a_i2d_fp.c:60:\nIn file included from third_party/boringssl/include/openssl/mem.h:60:\nthird_party/boringssl/include/openssl/base.h:133:9: error: 'OPENSSL_VERSION_NUMBER' macro redefined [-Werror,-Wmacro-redefined]\n#define OPENSSL_VERSION_NUMBER 0x100020af\n        ^\n/usr/local/opt/openssl@3/include/openssl/opensslv.h:99:10: note: previous definition is here\n# define OPENSSL_VERSION_NUMBER          \\\n         ^\nIn file included from third_party/boringssl/crypto/asn1/a_i2d_fp.c:60:\nIn file included from third_party/boringssl/include/openssl/mem.h:60:\nthird_party/boringssl/include/openssl/base.h:168:9: error: 'OPENSSL_EXPORT' macro redefined [-Werror,-Wmacro-redefined]\n#define OPENSSL_EXPORT\n        ^\n/usr/local/opt/openssl@3/include/openssl/e_os2.h:183:11: note: previous definition is here\n#  define OPENSSL_EXPORT extern\n          ^\nIn file included from third_party/boringssl/crypto/asn1/a_i2d_fp.c:60:\nIn file included from third_party/boringssl/include/openssl/mem.h:60:\nthird_party/boringssl/include/openssl/base.h:202:13: error: typedef redefinition with different types ('int' vs 'struct crypto_threadid_st')\ntypedef int CRYPTO_THREADID;\n            ^\n/usr/local/opt/openssl@3/include/openssl/crypto.h:308:3: note: previous definition is here\n} CRYPTO_THREADID;\n  ^\nmake: In file included from third_party/boringssl/crypto/asn1/a_i2d_fp.c*** [/Users/runner/actions-runner/_work/python.build/python.build/build_grpcio18338/grpcio-1.8.3/objs/opt/third_party/boringssl/crypto/asn1/a_d2i_fp.o] Error 1:\n60:\nIn file included from third_party/boringssl/include/openssl/mem.h:60:\nthird_party/boringssl/include/openssl/base.h:204:13: error: redefinition of typedef 'ASN1_BOOLEAN' is a C11 feature [-Werror,-Wtypedef-redefinition]\ntypedef int ASN1_BOOLEAN;\n            ^\n/usr/local/opt/openssl@3/include/openssl/types.h:61:13: note: previous definition is here\ntypedef int ASN1_BOOLEAN;\n            ^\nIn file included from third_party/boringssl/crypto/asn1/a_i2d_fp.c:60:\nIn file included from third_party/boringssl/include/openssl/mem.h:60:\nthird_party/boringssl/include/openssl/base.h:205:13: error: 20redefinition of typedef 'ASN1_NULL' is a C11 feature [-Werror,-Wtypedef-redefinition] errors\ntypedef int ASN1_NULL; generated\n.\n            ^\n/usr/local/opt/openssl@3/include/openssl/types.h:62:13: note: previous definition is here\ntypedef int ASN1_NULL;\n            ^\nIn file included from third_party/boringssl/crypto/asn1/a_i2d_fp.c:60:\nIn file included from third_party/boringssl/include/openssl/mem.h:60:\nthird_party/boringssl/include/openssl/base.h:206:29: error: redefinition of typedef 'ASN1_ITEM' is a C11 feature [-Werror,-Wtypedef-redefinition]\ntypedef struct ASN1_ITEM_st ASN1_ITEM;\n                            ^\n/usr/local/opt/openssl@3/include/openssl/types.h:69:29:In file included from  third_party/boringssl/crypto/asn1/a_int.cnote:62:\nIn file included from : third_party/boringssl/include/openssl/mem.hprevious definition is here:\n60:\nthird_party/boringssl/include/openssl/base.h:133:9: error: 'OPENSSL_VERSION_NUMBER' macro redefined [-Werror,-Wmacro-redefined]\ntypedef struct ASN1_ITEM_st ASN1_ITEM;\n                            ^\nIn file included from third_party/boringssl/crypto/asn1/a_i2d_fp.c:60:\nIn file included from third_party/boringssl/include/openssl/mem.h:60:\nthird_party/boringssl/include/openssl/base.h:207:31: error: redefinition of typedef 'ASN1_OBJECT' is a C11 feature [-Werror,-Wtypedef-redefinition]\ntypedef struct asn1_object_st ASN1_OBJECT;\n                              ^#define OPENSSL_VERSION_NUMBER 0x100020af\n\n        ^/usr/local/opt/openssl@3/include/openssl/types.h\n:66:31: note: previous definition is here/usr/local/opt/openssl@3/include/openssl/opensslv.h\n:99:10: note: previous definition is here\ntypedef struct asn1_object_st ASN1_OBJECT;# define OPENSSL_VERSION_NUMBER          \\\n         ^\n\n                              ^\nIn file included from third_party/boringssl/crypto/asn1/a_int.c:62:\nIn file included from In file included from third_party/boringssl/include/openssl/mem.hthird_party/boringssl/crypto/asn1/a_i2d_fp.c:60::\nIn file included from third_party/boringssl/include/openssl/mem.h:6060:\nthird_party/boringssl/include/openssl/base.h:\n:third_party/boringssl/include/openssl/base.h208:29::168 error: :redefinition of typedef 'ASN1_PCTX' is a C11 feature [-Werror,-Wtypedef-redefinition]\n9: error: 'OPENSSL_EXPORT' macro redefined [-Werror,-Wmacro-redefined]typedef struct asn1_pctx_st ASN1_PCTX;\n                            ^\n\n/usr/local/opt/openssl@3/include/openssl/types.h:70:29#define OPENSSL_EXPORT:\n         ^note\n: previous definition is here\n/usr/local/opt/openssl@3/include/openssl/e_os2.h:183:typedef struct asn1_pctx_st ASN1_PCTX;11\n:                            ^\n note: In file included from previous definition is herethird_party/boringssl/crypto/asn1/a_i2d_fp.c\n:60:\nIn file included from #  define OPENSSL_EXPORT extern\n          ^\nthird_party/boringssl/include/openssl/mem.h:60:\nthird_party/boringssl/include/openssl/base.h:209:31: error: redefinition of typedef 'ASN1_BIT_STRING' is a C11 feature [-Werror,-Wtypedef-redefinition]\ntypedef struct asn1_string_st ASN1_BIT_STRING;\n                              ^\n/usr/local/opt/openssl@3/include/openssl/types.h:47:31: note: previous definition is here\ntypedef struct asn1_string_st ASN1_BIT_STRING;\n                              ^\nIn file included from In file included from third_party/boringssl/crypto/asn1/a_i2d_fp.c:60:\nIn file included from third_party/boringssl/include/openssl/mem.hthird_party/boringssl/crypto/asn1/a_int.c:62:\nIn file included from third_party/boringssl/include/openssl/mem.h:60:\nthird_party/boringssl/include/openssl/base.h:202:13: error: typedef redefinition with different types ('int' vs 'struct crypto_threadid_st')\n:make: *** [/Users/runner/actions-runner/_work/python.build/python.build/build_grpcio18338/grpcio-1.8.3/objs/opt/third_party/boringssl/crypto/asn1/a_bool.o] Error 160:\ntypedef int CRYPTO_THREADID;\nthird_party/boringssl/include/openssl/base.h:\n210:31            ^:\n error: redefinition of typedef 'ASN1_BMPSTRING' is a C11 feature [-Werror,-Wtypedef-redefinition]\ntypedef struct asn1_string_st ASN1_BMPSTRING;\n                              ^\n/usr/local/opt/openssl@3/include/openssl/types.h:54:31: note: previous definition is here\n/usr/local/opt/openssl@3/include/openssl/crypto.h:308typedef struct asn1_string_st ASN1_BMPSTRING;:\n3                              ^:\n noteIn file included from third_party/boringssl/crypto/asn1/a_i2d_fp.c: :60previous definition is here:\n\nIn file included from third_party/boringssl/include/openssl/mem.h:60:\n} CRYPTO_THREADID;third_party/boringssl/include/openssl/base.h\n  ^\n:211:31: error: redefinition of typedef 'ASN1_ENUMERATED' is a C11 feature [-Werror,-Wtypedef-redefinition]\nIn file included from third_party/boringssl/crypto/asn1/a_int.ctypedef struct asn1_string_st ASN1_ENUMERATED;\n                              ^\n:62:\nIn file included from third_party/boringssl/include/openssl/mem.h:60/usr/local/opt/openssl@3/include/openssl/types.h:\nthird_party/boringssl/include/openssl/base.h:204::13:46 error: redefinition of typedef 'ASN1_BOOLEAN' is a C11 feature [-Werror,-Wtypedef-redefinition]:\n31: note: previous definition is here\ntypedef struct asn1_string_st ASN1_ENUMERATED;typedef int ASN1_BOOLEAN;\n\n                              ^\n            ^\nIn file included from third_party/boringssl/crypto/asn1/a_i2d_fp.c:60:\nIn file included from third_party/boringssl/include/openssl/mem.h:60:\nthird_party/boringssl/include/openssl/base.h:/usr/local/opt/openssl@3/include/openssl/types.h212::61:13: note: 31previous definition is here\n: error: typedef int ASN1_BOOLEAN;redefinition of typedef 'ASN1_GENERALIZEDTIME' is a C11 feature [-Werror,-Wtypedef-redefinition]\n\n            ^\ntypedef struct asn1_string_st ASN1_GENERALIZEDTIME;\n                              ^\n/usr/local/opt/openssl@3/include/openssl/types.h:57:In file included from 31: note: previous definition is herethird_party/boringssl/crypto/asn1/a_int.c\n:62:\nIn file included from third_party/boringssl/include/openssl/mem.htypedef struct asn1_string_st ASN1_GENERALIZEDTIME;:\n60                              ^:\n\nthird_party/boringssl/include/openssl/base.h:205:13: error: redefinition of typedef 'ASN1_NULL' is a C11 feature [-Werror,-Wtypedef-redefinition]In file included from \nthird_party/boringssl/crypto/asn1/a_i2d_fp.c:60:\nIn file included from third_party/boringssl/include/openssl/mem.h:60:\nthird_party/boringssl/include/openssl/base.h:213:31:typedef int ASN1_NULL; error\n:             ^redefinition of typedef 'ASN1_GENERALSTRING' is a C11 feature [-Werror,-Wtypedef-redefinition]\n\n/usr/local/opt/openssl@3/include/openssl/types.h:62:13typedef struct asn1_string_st ASN1_GENERALSTRING;\n:                              ^ \nnote: previous definition is here\n/usr/local/opt/openssl@3/include/openssl/types.h:52:typedef int ASN1_NULL;31\n:            ^ \nnote: previous definition is here\ntypedef struct asn1_string_st ASN1_GENERALSTRING;In file included from \nthird_party/boringssl/crypto/asn1/a_int.c                              ^:\n62:\nIn file included from third_party/boringssl/include/openssl/mem.h:60:\nthird_party/boringssl/include/openssl/base.h:206:29: error: redefinition of typedef 'ASN1_ITEM' is a C11 feature [-Werror,-Wtypedef-redefinition]In file included from \nthird_party/boringssl/crypto/asn1/a_i2d_fp.c:typedef struct ASN1_ITEM_st ASN1_ITEM;2060 error:\nIn file included from third_party/boringssl/include/openssl/mem.h:60:\nthird_party/boringssl/include/openssl/base.h:214\n:31:s                            ^\n generated /usr/local/opt/openssl@3/include/openssl/types.herror:: redefinition of typedef 'ASN1_IA5STRING' is a C11 feature [-Werror,-Wtypedef-redefinition]\n69:29.\ntypedef struct asn1_string_st ASN1_IA5STRING;:\n note                              ^: \nprevious definition is here\n/usr/local/opt/openssl@3/include/openssl/types.h:51:31:typedef struct ASN1_ITEM_st ASN1_ITEM; \nnote                            ^: \nprevious definition is here\ntypedef struct asn1_string_st ASN1_IA5STRING;\n                              ^\nIn file included from third_party/boringssl/crypto/asn1/a_int.c:62:\nIn file included from In file included from third_party/boringssl/include/openssl/mem.hthird_party/boringssl/crypto/asn1/a_i2d_fp.c:60:\nthird_party/boringssl/include/openssl/base.h:207::31:60 :\nIn file included from third_party/boringssl/include/openssl/mem.h:error60:\nthird_party/boringssl/include/openssl/base.h:: 215:31:redefinition of typedef 'ASN1_OBJECT' is a C11 feature [-Werror,-Wtypedef-redefinition] \nerror: redefinition of typedef 'ASN1_INTEGER' is a C11 feature [-Werror,-Wtypedef-redefinition]\ntypedef struct asn1_object_st ASN1_OBJECT;\n                              ^\ntypedef struct asn1_string_st ASN1_INTEGER;/usr/local/opt/openssl@3/include/openssl/types.h:66:31\n                              ^\n: /usr/local/opt/openssl@3/include/openssl/types.hnote:45:31: : note: previous definition is hereprevious definition is here\n\ntypedef struct asn1_object_st ASN1_OBJECT;\ntypedef struct asn1_string_st ASN1_INTEGER;                              ^\n\n                              ^\nIn file included from third_party/boringssl/crypto/asn1/a_int.c:In file included from 62third_party/boringssl/crypto/asn1/a_i2d_fp.c:\n:60:\nIn file included from In file included from third_party/boringssl/include/openssl/mem.h:60:\nthird_party/boringssl/include/openssl/mem.hthird_party/boringssl/include/openssl/base.h:208::60:\nthird_party/boringssl/include/openssl/base.h:29216:31: error::  redefinition of typedef 'ASN1_OCTET_STRING' is a C11 feature [-Werror,-Wtypedef-redefinition]\nerror: redefinition of typedef 'ASN1_PCTX' is a C11 feature [-Werror,-Wtypedef-redefinition]\ntypedef struct asn1_string_st ASN1_OCTET_STRING;\n                              ^typedef struct asn1_pctx_st ASN1_PCTX;\n/usr/local/opt/openssl@3/include/openssl/types.h:48:\n                            ^\n31:/usr/local/opt/openssl@3/include/openssl/types.h :note70: :29previous definition is here:\n note: previous definition is here\ntypedef struct asn1_string_st ASN1_OCTET_STRING;\n                              ^typedef struct asn1_pctx_st ASN1_PCTX;\n\n                            ^\nIn file included from third_party/boringssl/crypto/asn1/a_i2d_fp.c:60In file included from :\nthird_party/boringssl/crypto/asn1/a_int.cIn file included from :third_party/boringssl/include/openssl/mem.h:6260:\nthird_party/boringssl/include/openssl/base.h:\n:In file included from 217:third_party/boringssl/include/openssl/mem.h31: error: :redefinition of typedef 'ASN1_PRINTABLESTRING' is a C11 feature [-Werror,-Wtypedef-redefinition]60\n:\nthird_party/boringssl/include/openssl/base.h:209:31typedef struct asn1_string_st ASN1_PRINTABLESTRING;\n                              ^:\n /usr/local/opt/openssl@3/include/openssl/types.h:49:31error: : note: redefinition of typedef 'ASN1_BIT_STRING' is a C11 feature [-Werror,-Wtypedef-redefinition]previous definition is here\n\ntypedef struct asn1_string_st ASN1_PRINTABLESTRING;\n                              ^\ntypedef struct asn1_string_st ASN1_BIT_STRING;\n                              ^\n/usr/local/opt/openssl@3/include/openssl/types.h:47:In file included from 31:third_party/boringssl/crypto/asn1/a_i2d_fp.c :note60: :\nprevious definition is hereIn file included from third_party/boringssl/include/openssl/mem.h\n:60:\nthird_party/boringssl/include/openssl/base.h:218:31: typedef struct asn1_string_st ASN1_BIT_STRING;error\n:                               ^redefinition of typedef 'ASN1_STRING' is a C11 feature [-Werror,-Wtypedef-redefinition]\n\ntypedef struct asn1_string_st ASN1_STRING;\n                              ^In file included from \n/usr/local/opt/openssl@3/include/openssl/types.h:third_party/boringssl/crypto/asn1/a_int.c:6062:\n:In file included from 31: third_party/boringssl/include/openssl/mem.hnote: previous definition is here:\n60:\nthird_party/boringssl/include/openssl/base.htypedef struct asn1_string_st ASN1_STRING;\n:                              ^210\n:31: error: redefinition of typedef 'ASN1_BMPSTRING' is a C11 feature [-Werror,-Wtypedef-redefinition]\nIn file included from third_party/boringssl/crypto/asn1/a_i2d_fp.c:60:\ntypedef struct asn1_string_st ASN1_BMPSTRING;In file included from \nthird_party/boringssl/include/openssl/mem.h                              ^:\n60:\n/usr/local/opt/openssl@3/include/openssl/types.h:54:31third_party/boringssl/include/openssl/base.h: :note: 219previous definition is here:31: error: redefinition of typedef 'ASN1_T61STRING' is a C11 feature [-Werror,-Wtypedef-redefinition]\n\ntypedef struct asn1_string_st ASN1_T61STRING;\ntypedef struct asn1_string_st ASN1_BMPSTRING;                              ^\n\n                              ^\n/usr/local/opt/openssl@3/include/openssl/types.h:50:31: note: previous definition is here\ntypedef struct asn1_string_st ASN1_T61STRING;In file included from \nthird_party/boringssl/crypto/asn1/a_int.c                              ^:\n62:\nIn file included from third_party/boringssl/include/openssl/mem.h:60:\nfatal errorthird_party/boringssl/include/openssl/base.h: :too many errors emitted, stopping now [-ferror-limit=]\n211:31: error: redefinition of typedef 'ASN1_ENUMERATED' is a C11 feature [-Werror,-Wtypedef-redefinition]\ntypedef struct asn1_string_st ASN1_ENUMERATED;\n                              ^\n/usr/local/opt/openssl@3/include/openssl/types.h:make: 46:31: note: previous definition is here\n*** [/Users/runner/actions-runner/_work/python.build/python.build/build_grpcio18338/grpcio-1.8.3/objs/opt/third_party/boringssl/crypto/asn1/a_gentm.o] Error 1typedef struct asn1_string_st ASN1_ENUMERATED;\n                              ^\n\nIn file included from third_party/boringssl/crypto/asn1/a_int.c:62:\nIn file included from third_party/boringssl/include/openssl/mem.h:60:\nthird_party/boringssl/include/openssl/base.h:212:31: error: redefinition of typedef 'ASN1_GENERALIZEDTIME' is a C11 feature [-Werror,-Wtypedef-redefinition]\ntypedef struct asn1_string_st ASN1_GENERALIZEDTIME;\n                              ^\n/usr/local/opt/openssl@3/include/openssl/types.h:57:31: note: previous definition is here\ntypedef struct asn1_string_st ASN1_GENERALIZEDTIME;\n                              ^\nIn file included from third_party/boringssl/crypto/asn1/a_int.c:62:\nIn file included from third_party/boringssl/include/openssl/mem.h:60:\nthird_party/boringssl/include/openssl/base.h:213:31: error: redefinition of typedef 'ASN1_GENERALSTRING' is a C11 feature [-Werror,-Wtypedef-redefinition]\ntypedef struct asn1_string_st ASN1_GENERALSTRING;\n                              ^\n/usr/local/opt/openssl@3/include/openssl/types.h:52:31: note: previous definition is here\ntypedef struct asn1_string_st ASN1_GENERALSTRING;\n                              ^\nIn file included from third_party/boringssl/crypto/asn1/a_int.c:62:\nIn file included from third_party/boringssl/include/openssl/mem.h:60:\nthird_party/boringssl/include/openssl/base.h:214:31: error: redefinition of typedef 'ASN1_IA5STRING' is a C11 feature [-Werror,-Wtypedef-redefinition]\ntypedef struct asn1_string_st ASN1_IA5STRING;\n                              ^\n/usr/local/opt/openssl@3/include/openssl/types.h:51:31: note: previous definition is here\ntypedef struct asn1_string_st ASN1_IA5STRING;\n                              ^\nIn file included from third_party/boringssl/crypto/asn1/a_int.c:62:\nIn file included from third_party/boringssl/include/openssl/mem.h:60:\nthird_party/boringssl/include/openssl/base.h:215:31: error: redefinition of typedef 'ASN1_INTEGER' is a C11 feature [-Werror,-Wtypedef-redefinition]\ntypedef struct asn1_string_st ASN1_INTEGER;\n                              ^\n/usr/local/opt/openssl@3/include/openssl/types.h:45:31: note: previous definition is here\ntypedef struct asn1_string_st ASN1_INTEGER;\n                              ^\nIn file included from third_party/boringssl/crypto/asn1/a_int.c:62:\nIn file included from third_party/boringssl/include/openssl/mem.h:60:\nthird_party/boringssl/include/openssl/base.h:216:31: error: redefinition of typedef 'ASN1_OCTET_STRING' is a C11 feature [-Werror,-Wtypedef-redefinition]\ntypedef struct asn1_string_st ASN1_OCTET_STRING;\n                              ^\n/usr/local/opt/openssl@3/include/openssl/types.h:48:31: note: previous definition is here\ntypedef struct asn1_string_st ASN1_OCTET_STRING;\n                              ^\nIn file included from third_party/boringssl/crypto/asn1/a_int.c:62:\nIn file included from third_party/boringssl/include/openssl/mem.h:60:\nthird_party/boringssl/include/openssl/base.h:217:31: error: redefinition of typedef 'ASN1_PRINTABLESTRING' is a C11 feature [-Werror,-Wtypedef-redefinition]\ntypedef struct asn1_string_st ASN1_PRINTABLESTRING;\n                              ^\n/usr/local/opt/openssl@3/include/openssl/types.h:49:31: note: previous definition is here\ntypedef struct asn1_string_st ASN1_PRINTABLESTRING;\n                              ^\nIn file included from third_party/boringssl/crypto/asn1/a_int.c:62:\nIn file included from third_party/boringssl/include/openssl/mem.h:60:\nthird_party/boringssl/include/openssl/base.h:218:31: error: redefinition of typedef 'ASN1_STRING' is a C11 feature [-Werror,-Wtypedef-redefinition]\ntypedef struct asn1_string_st ASN1_STRING;\n                              ^\n/usr/local/opt/openssl@3/include/openssl/types.h:60:31: note: previous definition is here\ntypedef struct asn1_string_st ASN1_STRING;\n                              ^\nIn file included from third_party/boringssl/crypto/asn1/a_int.c:62:\nIn file included from third_party/boringssl/include/openssl/mem.h:60:\nthird_party/boringssl/include/openssl/base.h:219:31: error: redefinition of typedef 'ASN1_T61STRING' is a C11 feature [-Werror,-Wtypedef-redefinition]\ntypedef struct asn1_string_st ASN1_T61STRING;\n                              ^\n/usr/local/opt/openssl@3/include/openssl/types.h:50:31: note: previous definition is here\ntypedef struct asn1_string_st ASN1_T61STRING;\n                              ^\nfatal error: too many errors emitted, stopping now [-ferror-limit=]\nIn file included from third_party/boringssl/crypto/asn1/a_mbstr.c:62:\nIn file included from third_party/boringssl/include/openssl/mem.h:60:\nthird_party/boringssl/include/openssl/base.h:133:9: error: 'OPENSSL_VERSION_NUMBER' macro redefined [-Werror,-Wmacro-redefined]\n#define OPENSSL_VERSION_NUMBER 0x100020af\n        ^\n/usr/local/opt/openssl@3/include/openssl/opensslv.h:99:10: note: previous definition is here\n# define OPENSSL_VERSION_NUMBER          \\\n         ^\nIn file included from In file included from third_party/boringssl/crypto/asn1/a_octet.c:60:\nIn file included from third_party/boringssl/crypto/asn1/a_mbstr.c:62:\nIn file included from third_party/boringssl/include/openssl/mem.h:60:\nthird_party/boringssl/include/openssl/mem.hthird_party/boringssl/include/openssl/base.h:168:9:: 60error:\n: 'OPENSSL_EXPORT' macro redefined [-Werror,-Wmacro-redefined]\nthird_party/boringssl/include/openssl/base.h:133:#define OPENSSL_EXPORT9\n:        ^ error: 'OPENSSL_VERSION_NUMBER' macro redefined [-Werror,-Wmacro-redefined]\n\n/usr/local/opt/openssl@3/include/openssl/e_os2.h:183#define OPENSSL_VERSION_NUMBER 0x100020af:\n11        ^\n:/usr/local/opt/openssl@3/include/openssl/opensslv.h note: previous definition is here\n:99:10: note: previous definition is here\n#  define OPENSSL_EXPORT extern\n          ^\n# define OPENSSL_VERSION_NUMBER          \\In file included from \nthird_party/boringssl/crypto/asn1/a_object.c         ^:63:\nIn file included from \nthird_party/boringssl/include/openssl/mem.h:60:\nthird_party/boringssl/include/openssl/base.h:133:9: error: 'OPENSSL_VERSION_NUMBER' macro redefined [-Werror,-Wmacro-redefined]In file included from \nthird_party/boringssl/crypto/asn1/a_octet.c:60:\nIn file included from third_party/boringssl/include/openssl/mem.h:60:\nthird_party/boringssl/include/openssl/base.h:168:9: error: 'OPENSSL_EXPORT' macro redefined [-Werror,-Wmacro-redefined]\n#define OPENSSL_EXPORT#define OPENSSL_VERSION_NUMBER 0x100020af\n        ^\n\n/usr/local/opt/openssl@3/include/openssl/e_os2.h:        ^20183 error\ns generated.\n:11In file included from :third_party/boringssl/crypto/asn1/a_mbstr.c: 62note:\n/usr/local/opt/openssl@3/include/openssl/opensslv.hIn file included from :: 99:previous definition is here10\n: note: third_party/boringssl/include/openssl/mem.hprevious definition is here\n:60:\nthird_party/boringssl/include/openssl/base.h#  define OPENSSL_EXPORT extern# define OPENSSL_VERSION_NUMBER          \\\n\n         ^\n:          ^202:\n13: error: typedef redefinition with different types ('int' vs 'struct crypto_threadid_st')In file included from third_party/boringssl/crypto/asn1/a_object.c:63:\n\nIn file included from third_party/boringssl/include/openssl/mem.h:60:\nthird_party/boringssl/include/openssl/base.h:168typedef int CRYPTO_THREADID;:\n9: error: 'OPENSSL_EXPORT' macro redefined [-Werror,-Wmacro-redefined]\n            ^\n#define OPENSSL_EXPORT\n        ^\n/usr/local/opt/openssl@3/include/openssl/e_os2.h:183:11: note: previous definition is here\n#  define OPENSSL_EXPORT extern/usr/local/opt/openssl@3/include/openssl/crypto.h\n:          ^308\n:3: note: previous definition is here\n} CRYPTO_THREADID;\n  ^\nIn file included from third_party/boringssl/crypto/asn1/a_mbstr.c:62:\nIn file included from third_party/boringssl/include/openssl/mem.hIn file included from third_party/boringssl/crypto/asn1/a_octet.c:60::\nIn file included from third_party/boringssl/include/openssl/mem.h:60:\nthird_party/boringssl/include/openssl/base.h:60204:\nthird_party/boringssl/include/openssl/base.hIn file included from :third_party/boringssl/crypto/asn1/a_object.c:1363::\n In file included from errorthird_party/boringssl/include/openssl/mem.h: :redefinition of typedef 'ASN1_BOOLEAN' is a C11 feature [-Werror,-Wtypedef-redefinition]60\n::\n202:13: error: third_party/boringssl/include/openssl/base.htypedef int ASN1_BOOLEAN;:202:typedef redefinition with different types ('int' vs 'struct crypto_threadid_st')13\n\n            ^\n: error: typedef int CRYPTO_THREADID;typedef redefinition with different types ('int' vs 'struct crypto_threadid_st')\n            ^\n\n/usr/local/opt/openssl@3/include/openssl/types.h:61:13: note: previous definition is here\ntypedef int CRYPTO_THREADID;\n            ^\n/usr/local/opt/openssl@3/include/openssl/crypto.htypedef int ASN1_BOOLEAN;:\n308            ^\n:3: In file included from notethird_party/boringssl/crypto/asn1/a_mbstr.c: :previous definition is here62\n:\nIn file included from third_party/boringssl/include/openssl/mem.h} CRYPTO_THREADID;:\n/usr/local/opt/openssl@3/include/openssl/crypto.h  ^:\n60:\n308:3third_party/boringssl/include/openssl/base.h:: note: previous definition is here\nIn file included from third_party/boringssl/crypto/asn1/a_octet.c:60205} CRYPTO_THREADID;:\n13  ^:\n :\nerrorIn file included from : third_party/boringssl/include/openssl/mem.h:60:\nredefinition of typedef 'ASN1_NULL' is a C11 feature [-Werror,-Wtypedef-redefinition]third_party/boringssl/include/openssl/base.h\n:204:13In file included from :third_party/boringssl/crypto/asn1/a_object.ctypedef int ASN1_NULL;:\n63            ^ error: redefinition of typedef 'ASN1_BOOLEAN' is a C11 feature [-Werror,-Wtypedef-redefinition]\n:\nIn file included from third_party/boringssl/include/openssl/mem.h\ntypedef int ASN1_BOOLEAN;:\n/usr/local/opt/openssl@3/include/openssl/types.h            ^:\n62:13: 60note:\n/usr/local/opt/openssl@3/include/openssl/types.hthird_party/boringssl/include/openssl/base.h::61: 204previous definition is here\n::13typedef int ASN1_NULL;:\n13            ^: error: \nredefinition of typedef 'ASN1_BOOLEAN' is a C11 feature [-Werror,-Wtypedef-redefinition] \nnote: previous definition is here\ntypedef int ASN1_BOOLEAN;\n            ^\nIn file included from typedef int ASN1_BOOLEAN;third_party/boringssl/crypto/asn1/a_mbstr.c\n:            ^62\n:\nIn file included from third_party/boringssl/include/openssl/mem.hIn file included from :third_party/boringssl/crypto/asn1/a_octet.c60:/usr/local/opt/openssl@3/include/openssl/types.h:\n60:third_party/boringssl/include/openssl/base.h:\n61::20613::29 :In file included from notethird_party/boringssl/include/openssl/mem.h:60:\n : error: previous definition is here\nredefinition of typedef 'ASN1_ITEM' is a C11 feature [-Werror,-Wtypedef-redefinition]\nthird_party/boringssl/include/openssl/base.htypedef struct ASN1_ITEM_st ASN1_ITEM;typedef int ASN1_BOOLEAN;\n\n                            ^            ^\n\n/usr/local/opt/openssl@3/include/openssl/types.h::69:20529::13In file included from  :third_party/boringssl/crypto/asn1/a_object.c error: redefinition of typedef 'ASN1_NULL' is a C11 feature [-Werror,-Wtypedef-redefinition]\nnote:: 63:\nprevious definition is hereIn file included from \nthird_party/boringssl/include/openssl/mem.h:60:\nthird_party/boringssl/include/openssl/base.h:typedef int ASN1_NULL;205:typedef struct ASN1_ITEM_st ASN1_ITEM;13\n:                            ^ \n\nerror            ^: \nredefinition of typedef 'ASN1_NULL' is a C11 feature [-Werror,-Wtypedef-redefinition]In file included from /usr/local/opt/openssl@3/include/openssl/types.h\n:62:13typedef int ASN1_NULL;\n            ^\nthird_party/boringssl/crypto/asn1/a_mbstr.c:/usr/local/opt/openssl@3/include/openssl/types.h62::\n In file included from note:: 62previous definition is here:\n13third_party/boringssl/include/openssl/mem.h: note: previous definition is here\n:60typedef int ASN1_NULL;:\n\nthird_party/boringssl/include/openssl/base.h            ^\ntypedef int ASN1_NULL;\n            ^\n:In file included from 207third_party/boringssl/crypto/asn1/a_octet.c::3160: error: redefinition of typedef 'ASN1_OBJECT' is a C11 feature [-Werror,-Wtypedef-redefinition]\nIn file included from :\nIn file included from third_party/boringssl/include/openssl/mem.h:60third_party/boringssl/crypto/asn1/a_object.ctypedef struct asn1_object_st ASN1_OBJECT;:\n:\n63                              ^:\n\nIn file included from third_party/boringssl/include/openssl/base.hthird_party/boringssl/include/openssl/mem.h/usr/local/opt/openssl@3/include/openssl/types.h:66::60:\nthird_party/boringssl/include/openssl/base.h::31206206::29::  error29: redefinition of typedef 'ASN1_ITEM' is a C11 feature [-Werror,-Wtypedef-redefinition]\n: typedef struct ASN1_ITEM_st ASN1_ITEM;note\n                            ^: error: previous definition is here\nredefinition of typedef 'ASN1_ITEM' is a C11 feature [-Werror,-Wtypedef-redefinition]\n\n/usr/local/opt/openssl@3/include/openssl/types.h:69:29: notetypedef struct asn1_object_st ASN1_OBJECT;\ntypedef struct ASN1_ITEM_st ASN1_ITEM;                              ^: previous definition is here\n\n\ntypedef struct ASN1_ITEM_st ASN1_ITEM;\n                            ^                            ^\n\nIn file included from third_party/boringssl/crypto/asn1/a_mbstr.c:62/usr/local/opt/openssl@3/include/openssl/types.h:\n:In file included from 69third_party/boringssl/include/openssl/mem.h:29: noteIn file included from : previous definition is here:\n60:\nthird_party/boringssl/crypto/asn1/a_octet.cthird_party/boringssl/include/openssl/base.h::60:\nIn file included from third_party/boringssl/include/openssl/mem.h208::60:\n29third_party/boringssl/include/openssl/base.h:: 207error:: 31redefinition of typedef 'ASN1_PCTX' is a C11 feature [-Werror,-Wtypedef-redefinition]:\n error: redefinition of typedef 'ASN1_OBJECT' is a C11 feature [-Werror,-Wtypedef-redefinition]\ntypedef struct asn1_pctx_st ASN1_PCTX;\n                            ^\ntypedef struct ASN1_ITEM_st ASN1_ITEM;typedef struct asn1_object_st ASN1_OBJECT;/usr/local/opt/openssl@3/include/openssl/types.h:70\n                              ^\n\n/usr/local/opt/openssl@3/include/openssl/types.h::                            ^29\n: 66:31note::  In file included from noteprevious definition is herethird_party/boringssl/crypto/asn1/a_object.c: \n:previous definition is here63\n:\nIn file included from third_party/boringssl/include/openssl/mem.h:60:\nthird_party/boringssl/include/openssl/base.h:typedef struct asn1_object_st ASN1_OBJECT;207\n                              ^\n:typedef struct asn1_pctx_st ASN1_PCTX;\n31                            ^\n: error: In file included from redefinition of typedef 'ASN1_OBJECT' is a C11 feature [-Werror,-Wtypedef-redefinition]third_party/boringssl/crypto/asn1/a_octet.c:60:\nIn file included from third_party/boringssl/include/openssl/mem.h:60\n:\nIn file included from third_party/boringssl/include/openssl/base.hthird_party/boringssl/crypto/asn1/a_mbstr.c::62:\n208typedef struct asn1_object_st ASN1_OBJECT;:\n29                              ^:\n error/usr/local/opt/openssl@3/include/openssl/types.h: :redefinition of typedef 'ASN1_PCTX' is a C11 feature [-Werror,-Wtypedef-redefinition]66\n:In file included from 31: note: typedef struct asn1_pctx_st ASN1_PCTX;previous definition is here\n\nthird_party/boringssl/include/openssl/mem.h:60:\nthird_party/boringssl/include/openssl/base.htypedef struct asn1_object_st ASN1_OBJECT;:\n209                            ^:31: error                              ^: \n\nredefinition of typedef 'ASN1_BIT_STRING' is a C11 feature [-Werror,-Wtypedef-redefinition]/usr/local/opt/openssl@3/include/openssl/types.h:70\n:29:In file included from  third_party/boringssl/crypto/asn1/a_object.c:63:\nnoteIn file included from : third_party/boringssl/include/openssl/mem.h:previous definition is here60typedef struct asn1_string_st ASN1_BIT_STRING;:\n\n                              ^\n\nthird_party/boringssl/include/openssl/base.h/usr/local/opt/openssl@3/include/openssl/types.h::208:29:47 :error: 31redefinition of typedef 'ASN1_PCTX' is a C11 feature [-Werror,-Wtypedef-redefinition]:\n typedef struct asn1_pctx_st ASN1_PCTX;\n                            ^\n/usr/local/opt/openssl@3/include/openssl/types.h:70typedef struct asn1_pctx_st ASN1_PCTX;:29: notenote\n: : previous definition is here\nprevious definition is here                            ^make: \ntypedef struct asn1_pctx_st ASN1_PCTX;\n\n                            ^\n*** [/Users/runner/actions-runner/_work/python.build/python.build/build_grpcio18338/grpcio-1.8.3/objs/opt/third_party/boringssl/crypto/asn1/a_enum.o] Error 1In file included from third_party/boringssl/crypto/asn1/a_octet.c:60:\nIn file included from third_party/boringssl/include/openssl/mem.h:60:\nthird_party/boringssl/include/openssl/base.h:209:31: typedef struct asn1_string_st ASN1_BIT_STRING;In file included from \n\nthird_party/boringssl/crypto/asn1/a_object.c                              ^\n:63:\nIn file included from third_party/boringssl/include/openssl/mem.herror: redefinition of typedef 'ASN1_BIT_STRING' is a C11 feature [-Werror,-Wtypedef-redefinition]:\n60:\nthird_party/boringssl/include/openssl/base.h:209:31:typedef struct asn1_string_st ASN1_BIT_STRING; \nerror                              ^\n/usr/local/opt/openssl@3/include/openssl/types.h:47:In file included from 31third_party/boringssl/crypto/asn1/a_mbstr.c:62:\n:: redefinition of typedef 'ASN1_BIT_STRING' is a C11 feature [-Werror,-Wtypedef-redefinition]\n note: In file included from previous definition is here\ntypedef struct asn1_string_st ASN1_BIT_STRING;\nthird_party/boringssl/include/openssl/mem.h:60:\n                              ^\nthird_party/boringssl/include/openssl/base.h:210:31: /usr/local/opt/openssl@3/include/openssl/types.herrortypedef struct asn1_string_st ASN1_BIT_STRING;\n::                               ^47redefinition of typedef 'ASN1_BMPSTRING' is a C11 feature [-Werror,-Wtypedef-redefinition]\n:\n31: notetypedef struct asn1_string_st ASN1_BMPSTRING;: \nprevious definition is here\n                              ^\n/usr/local/opt/openssl@3/include/openssl/types.htypedef struct asn1_string_st ASN1_BIT_STRING;:\n                              ^\nIn file included from 54third_party/boringssl/crypto/asn1/a_octet.c::31In file included from 60:\n: notethird_party/boringssl/crypto/asn1/a_object.cIn file included from third_party/boringssl/include/openssl/mem.h: :previous definition is here\n:60typedef struct asn1_string_st ASN1_BMPSTRING;:\n\n                              ^\nthird_party/boringssl/include/openssl/base.h:63In file included from third_party/boringssl/crypto/asn1/a_mbstr.c210::\n:62:\nIn file included from In file included from third_party/boringssl/include/openssl/mem.hthird_party/boringssl/include/openssl/mem.h:60:\n31third_party/boringssl/include/openssl/base.h:: 210error:31:: : errorredefinition of typedef 'ASN1_BMPSTRING' is a C11 feature [-Werror,-Wtypedef-redefinition]: \nredefinition of typedef 'ASN1_BMPSTRING' is a C11 feature [-Werror,-Wtypedef-redefinition]\n60:\nthird_party/boringssl/include/openssl/base.h:211typedef struct asn1_string_st ASN1_BMPSTRING;:\n31                              ^\n:/usr/local/opt/openssl@3/include/openssl/types.h :error54: :31redefinition of typedef 'ASN1_ENUMERATED' is a C11 feature [-Werror,-Wtypedef-redefinition]: note: \nprevious definition is here\ntypedef struct asn1_string_st ASN1_BMPSTRING;\n                              ^\ntypedef struct asn1_string_st ASN1_ENUMERATED;\n                              ^\n/usr/local/opt/openssl@3/include/openssl/types.h:/usr/local/opt/openssl@3/include/openssl/types.htypedef struct asn1_string_st ASN1_BMPSTRING;:54:31: \nnote                              ^: \nprevious definition is here46\n:31: note: previous definition is here\ntypedef struct asn1_string_st ASN1_BMPSTRING;typedef struct asn1_string_st ASN1_ENUMERATED;\n\n                              ^                              ^\n\nIn file included from third_party/boringssl/crypto/asn1/a_mbstr.c:62:\nIn file included from third_party/boringssl/include/openssl/mem.h:60:\nthird_party/boringssl/include/openssl/base.h:212:31In file included from :third_party/boringssl/crypto/asn1/a_object.c In file included from :errorthird_party/boringssl/crypto/asn1/a_octet.c63:\nIn file included from : third_party/boringssl/include/openssl/mem.h::redefinition of typedef 'ASN1_GENERALIZEDTIME' is a C11 feature [-Werror,-Wtypedef-redefinition]60:\nthird_party/boringssl/include/openssl/base.h:211\n:6031:\n:In file included from  errorthird_party/boringssl/include/openssl/mem.h: :redefinition of typedef 'ASN1_ENUMERATED' is a C11 feature [-Werror,-Wtypedef-redefinition]60\n:\nthird_party/boringssl/include/openssl/base.h:211:31: errortypedef struct asn1_string_st ASN1_ENUMERATED;: \nredefinition of typedef 'ASN1_ENUMERATED' is a C11 feature [-Werror,-Wtypedef-redefinition]                              ^\ntypedef struct asn1_string_st ASN1_GENERALIZEDTIME;\n\n                              ^\ntypedef struct asn1_string_st ASN1_ENUMERATED;\n/usr/local/opt/openssl@3/include/openssl/types.h                              ^:\n/usr/local/opt/openssl@3/include/openssl/types.h:/usr/local/opt/openssl@3/include/openssl/types.h:46:31: 46note57: :previous definition is here:3131::  notenote: : previous definition is hereprevious definition is here\n\n\ntypedef struct asn1_string_st ASN1_ENUMERATED;\n                              ^\ntypedef struct asn1_string_st ASN1_ENUMERATED;\n                              ^\ntypedef struct asn1_string_st ASN1_GENERALIZEDTIME;\n                              ^\nIn file included from third_party/boringssl/crypto/asn1/a_octet.c:60:\nIn file included from In file included from third_party/boringssl/include/openssl/mem.hIn file included from third_party/boringssl/crypto/asn1/a_object.cthird_party/boringssl/crypto/asn1/a_mbstr.c::6362:\nIn file included from :third_party/boringssl/include/openssl/mem.h::\n60In file included from :\nthird_party/boringssl/include/openssl/base.h60::\n212third_party/boringssl/include/openssl/mem.h:third_party/boringssl/include/openssl/base.h60:\nthird_party/boringssl/include/openssl/base.h:213::31::31:  error: redefinition of typedef 'ASN1_GENERALSTRING' is a C11 feature [-Werror,-Wtypedef-redefinition]\n212error: redefinition of typedef 'ASN1_GENERALIZEDTIME' is a C11 feature [-Werror,-Wtypedef-redefinition]:\ntypedef struct asn1_string_st ASN1_GENERALSTRING;31\n:                              ^ \nerror: /usr/local/opt/openssl@3/include/openssl/types.h:52:31: note: previous definition is hereredefinition of typedef 'ASN1_GENERALIZEDTIME' is a C11 feature [-Werror,-Wtypedef-redefinition]\ntypedef struct asn1_string_st ASN1_GENERALIZEDTIME;\ntypedef struct asn1_string_st ASN1_GENERALSTRING;\n                              ^\n\n                              ^\n/usr/local/opt/openssl@3/include/openssl/types.h:typedef struct asn1_string_st ASN1_GENERALIZEDTIME;57In file included from third_party/boringssl/crypto/asn1/a_mbstr.c:62:\nIn file included from third_party/boringssl/include/openssl/mem.h\n:31: note: previous definition is here\n:                              ^\n60/usr/local/opt/openssl@3/include/openssl/types.h:\n:third_party/boringssl/include/openssl/base.h:214:57:3131:: error:  redefinition of typedef 'ASN1_IA5STRING' is a C11 feature [-Werror,-Wtypedef-redefinition]\ntypedef struct asn1_string_st ASN1_GENERALIZEDTIME;notetypedef struct asn1_string_st ASN1_IA5STRING;: \nprevious definition is here\n\n                              ^\n                              ^\n/usr/local/opt/openssl@3/include/openssl/types.h:typedef struct asn1_string_st ASN1_GENERALIZEDTIME;51\n:                              ^31:In file included from  note: previous definition is here\n\nthird_party/boringssl/crypto/asn1/a_object.c:typedef struct asn1_string_st ASN1_IA5STRING;63\n                              ^\n:\nIn file included from third_party/boringssl/crypto/asn1/a_mbstr.c:62:\nIn file included from In file included from third_party/boringssl/include/openssl/mem.h:60:\nthird_party/boringssl/include/openssl/mem.hthird_party/boringssl/include/openssl/base.h::213In file included from :third_party/boringssl/crypto/asn1/a_octet.c60::\n31third_party/boringssl/include/openssl/base.h:60215:\n:In file included from :third_party/boringssl/include/openssl/mem.h :31error60: :redefinition of typedef 'ASN1_GENERALSTRING' is a C11 feature [-Werror,-Wtypedef-redefinition]\n:\n third_party/boringssl/include/openssl/base.herror:213:31: typedef struct asn1_string_st ASN1_GENERALSTRING;\nredefinition of typedef 'ASN1_INTEGER' is a C11 feature [-Werror,-Wtypedef-redefinition]: error: redefinition of typedef 'ASN1_GENERALSTRING' is a C11 feature [-Werror,-Wtypedef-redefinition]\n\n                              ^\n/usr/local/opt/openssl@3/include/openssl/types.htypedef struct asn1_string_st ASN1_INTEGER;\ntypedef struct asn1_string_st ASN1_GENERALSTRING;                              ^:\n\n52/usr/local/opt/openssl@3/include/openssl/types.h                              ^\n:/usr/local/opt/openssl@3/include/openssl/types.h:52:45:31::31 note: previous definition is here\n:31 :note typedef struct asn1_string_st ASN1_INTEGER;note\n:                               ^: previous definition is here\n\nprevious definition is here\nIn file included from third_party/boringssl/crypto/asn1/a_mbstr.c:62:\ntypedef struct asn1_string_st ASN1_GENERALSTRING;In file included from \nthird_party/boringssl/include/openssl/mem.htypedef struct asn1_string_st ASN1_GENERALSTRING;:                              ^\n\n                              ^\n60:\nthird_party/boringssl/include/openssl/base.h:216In file included from :third_party/boringssl/crypto/asn1/a_octet.c:60:\nIn file included from third_party/boringssl/crypto/asn1/a_object.c31In file included from ::third_party/boringssl/include/openssl/mem.h63:\nIn file included from third_party/boringssl/include/openssl/mem.h :error: redefinition of typedef 'ASN1_OCTET_STRING' is a C11 feature [-Werror,-Wtypedef-redefinition]\n:60:\nthird_party/boringssl/include/openssl/base.h:60:\nthird_party/boringssl/include/openssl/base.h:typedef struct asn1_string_st ASN1_OCTET_STRING;214\n:                              ^21431: \nerror:: 31redefinition of typedef 'ASN1_IA5STRING' is a C11 feature [-Werror,-Wtypedef-redefinition]:\n error/usr/local/opt/openssl@3/include/openssl/types.h: :redefinition of typedef 'ASN1_IA5STRING' is a C11 feature [-Werror,-Wtypedef-redefinition]48\n:31typedef struct asn1_string_st ASN1_IA5STRING;\n                              ^\n/usr/local/opt/openssl@3/include/openssl/types.h::51:31:  note: previous definition is herenote\n: typedef struct asn1_string_st ASN1_IA5STRING;\nprevious definition is here                              ^\n\ntypedef struct asn1_string_st ASN1_OCTET_STRING;\n                              ^\n/usr/local/opt/openssl@3/include/openssl/types.h:typedef struct asn1_string_st ASN1_IA5STRING;51\n:                              ^31\n: note: previous definition is hereIn file included from \nthird_party/boringssl/crypto/asn1/a_mbstr.cIn file included from third_party/boringssl/crypto/asn1/a_object.c:63:\nIn file included from third_party/boringssl/include/openssl/mem.h:60:\nthird_party/boringssl/include/openssl/base.h:215:31: errortypedef struct asn1_string_st ASN1_IA5STRING;: \nredefinition of typedef 'ASN1_INTEGER' is a C11 feature [-Werror,-Wtypedef-redefinition]                              ^make: :\n62:\nIn file included from third_party/boringssl/include/openssl/mem.h:60:\n\n*** [/Users/runner/actions-runner/_work/python.build/python.build/build_grpcio18338/grpcio-1.8.3/objs/opt/third_party/boringssl/crypto/asn1/a_i2d_fp.o] Error 1third_party/boringssl/include/openssl/base.htypedef struct asn1_string_st ASN1_INTEGER;:\n                              ^\n\n/usr/local/opt/openssl@3/include/openssl/types.h:45:31: 217note: :In file included from previous definition is here31\n: error: third_party/boringssl/crypto/asn1/a_octet.credefinition of typedef 'ASN1_PRINTABLESTRING' is a C11 feature [-Werror,-Wtypedef-redefinition]:\n60:\nIn file included from third_party/boringssl/include/openssl/mem.htypedef struct asn1_string_st ASN1_INTEGER;\n                              ^:\n60:\nthird_party/boringssl/include/openssl/base.h:215:31: error: redefinition of typedef 'ASN1_INTEGER' is a C11 feature [-Werror,-Wtypedef-redefinition]\ntypedef struct asn1_string_st ASN1_PRINTABLESTRING;\n                              ^\nIn file included from third_party/boringssl/crypto/asn1/a_object.c:typedef struct asn1_string_st ASN1_INTEGER;63\n:\n/usr/local/opt/openssl@3/include/openssl/types.h                              ^:49In file included from \nthird_party/boringssl/include/openssl/mem.h::6031:\n:/usr/local/opt/openssl@3/include/openssl/types.h:45: note: previous definition is herethird_party/boringssl/include/openssl/base.h\n31:: note: typedef struct asn1_string_st ASN1_PRINTABLESTRING;216previous definition is here:\n\n                              ^\n31: typedef struct asn1_string_st ASN1_INTEGER;error\n: redefinition of typedef 'ASN1_OCTET_STRING' is a C11 feature [-Werror,-Wtypedef-redefinition]\n                              ^\ntypedef struct asn1_string_st ASN1_OCTET_STRING;\n                              ^\n/usr/local/opt/openssl@3/include/openssl/types.hIn file included from :third_party/boringssl/crypto/asn1/a_octet.c48:31:In file included from third_party/boringssl/crypto/asn1/a_mbstr.c:62::\n In file included from 60note:\nIn file included from third_party/boringssl/include/openssl/mem.hthird_party/boringssl/include/openssl/mem.h: previous definition is here\n:60:\n:third_party/boringssl/include/openssl/base.h60::\n218third_party/boringssl/include/openssl/base.htypedef struct asn1_string_st ASN1_OCTET_STRING;\n20                              ^:\n216:31: error: : errorredefinition of typedef 'ASN1_OCTET_STRING' is a C11 feature [-Werror,-Wtypedef-redefinition]s\n generated.\nIn file included from 31third_party/boringssl/crypto/asn1/a_object.ctypedef struct asn1_string_st ASN1_OCTET_STRING;:\n                               ^error\n: /usr/local/opt/openssl@3/include/openssl/types.hredefinition of typedef 'ASN1_STRING' is a C11 feature [-Werror,-Wtypedef-redefinition]\n::6348:\ntypedef struct asn1_string_st ASN1_STRING;In file included from \nthird_party/boringssl/include/openssl/mem.h                              ^:31: :note\n: 60previous definition is here:\n\n/usr/local/opt/openssl@3/include/openssl/types.h:60:third_party/boringssl/include/openssl/base.h31:: 217note:31: error: redefinition of typedef 'ASN1_PRINTABLESTRING' is a C11 feature [-Werror,-Wtypedef-redefinition]: \ntypedef struct asn1_string_st ASN1_OCTET_STRING;previous definition is here\n\n                              ^\ntypedef struct asn1_string_st ASN1_PRINTABLESTRING;\n                              ^\ntypedef struct asn1_string_st ASN1_STRING;\n/usr/local/opt/openssl@3/include/openssl/types.h                              ^:\n49:In file included from 31third_party/boringssl/crypto/asn1/a_octet.c:: 60note:\n: In file included from In file included from third_party/boringssl/include/openssl/mem.hthird_party/boringssl/crypto/asn1/a_mbstr.c:60:\nthird_party/boringssl/include/openssl/base.h:62previous definition is here:\n217:\n:In file included from 31:third_party/boringssl/include/openssl/mem.h:60:\n third_party/boringssl/include/openssl/base.herror:: 219:redefinition of typedef 'ASN1_PRINTABLESTRING' is a C11 feature [-Werror,-Wtypedef-redefinition]31typedef struct asn1_string_st ASN1_PRINTABLESTRING;\n                              ^\n\n: error: redefinition of typedef 'ASN1_T61STRING' is a C11 feature [-Werror,-Wtypedef-redefinition]\nIn file included from typedef struct asn1_string_st ASN1_PRINTABLESTRING;third_party/boringssl/crypto/asn1/a_object.c\n:                              ^63\ntypedef struct asn1_string_st ASN1_T61STRING;\n                              ^\n:\n/usr/local/opt/openssl@3/include/openssl/types.hIn file included from :third_party/boringssl/include/openssl/mem.h/usr/local/opt/openssl@3/include/openssl/types.h49::5031:31::60:\n third_party/boringssl/include/openssl/base.h:note:218:  previous definition is herenote\n: :previous definition is here31\n: error: redefinition of typedef 'ASN1_STRING' is a C11 feature [-Werror,-Wtypedef-redefinition]\ntypedef struct asn1_string_st ASN1_PRINTABLESTRING;\n                              ^\ntypedef struct asn1_string_st ASN1_T61STRING;\n                              ^\ntypedef struct asn1_string_st ASN1_STRING;\nIn file included from                               ^third_party/boringssl/crypto/asn1/a_octet.c\n:60:\n/usr/local/opt/openssl@3/include/openssl/types.hfatal error:: 60too many errors emitted, stopping now [-ferror-limit=]:\n31: noteIn file included from : third_party/boringssl/include/openssl/mem.hprevious definition is here:\n60:\nthird_party/boringssl/include/openssl/base.h:218typedef struct asn1_string_st ASN1_STRING;:\n31                              ^:\n error: redefinition of typedef 'ASN1_STRING' is a C11 feature [-Werror,-Wtypedef-redefinition]\nIn file included from third_party/boringssl/crypto/asn1/a_object.c:63:\nIn file included from third_party/boringssl/include/openssl/mem.h:60:\nthird_party/boringssl/include/openssl/base.h:219:31: error: redefinition of typedef 'ASN1_T61STRING' is a C11 feature [-Werror,-Wtypedef-redefinition]\ntypedef struct asn1_string_st ASN1_STRING;\n                              ^\n/usr/local/opt/openssl@3/include/openssl/types.h:60:31: notetypedef struct asn1_string_st ASN1_T61STRING;\n                              ^\n: /usr/local/opt/openssl@3/include/openssl/types.h:previous definition is here50\n:31: note: typedef struct asn1_string_st ASN1_STRING;previous definition is here\n\n                              ^\ntypedef struct asn1_string_st ASN1_T61STRING;\n                              ^\nfatal error: too many errors emitted, stopping now [-ferror-limit=]\nIn file included from third_party/boringssl/crypto/asn1/a_octet.c:60:\nIn file included from third_party/boringssl/include/openssl/mem.h:60:\nthird_party/boringssl/include/openssl/base.h:219:31: error: redefinition of typedef 'ASN1_T61STRING' is a C11 feature [-Werror,-Wtypedef-redefinition]\ntypedef struct asn1_string_st ASN1_T61STRING;\n                              ^\n/usr/local/opt/openssl@3/include/openssl/types.h:50:31: note: previous definition is here\ntypedef struct asn1_string_st ASN1_T61STRING;\n                              ^\nfatal error: too many errors emitted, stopping now [-ferror-limit=]\n20 errors generated.\n20 errors generated.\nmake: *** [/Users/runner/actions-runner/_work/python.build/python.build/build_grpcio18338/grpcio-1.8.3/objs/opt/third_party/boringssl/crypto/asn1/a_int.o] Error 1\nmake: *** [/Users/runner/actions-runner/_work/python.build/python.build/build_grpcio18338/grpcio-1.8.3/objs/opt/third_party/boringssl/crypto/asn1/a_octet.o] Error 1\nmake: *** [/Users/runner/actions-runner/_work/python.build/python.build/build_grpcio18338/grpcio-1.8.3/objs/opt/third_party/boringssl/crypto/asn1/a_mbstr.o] Error 1\n20 errors generated.\nmake: *** [/Users/runner/actions-runner/_work/python.build/python.build/build_grpcio18338/grpcio-1.8.3/objs/opt/third_party/boringssl/crypto/asn1/a_object.o] Error 1\nIn file included from third_party/boringssl/crypto/asn1/a_print.c:60:\nIn file included from third_party/boringssl/include/openssl/mem.h:60:\nthird_party/boringssl/include/openssl/base.h:133:9: error: 'OPENSSL_VERSION_NUMBER' macro redefined [-Werror,-Wmacro-redefined]\n#define OPENSSL_VERSION_NUMBER 0x100020af\n        ^\n/usr/local/opt/openssl@3/include/openssl/opensslv.h:99:10: note: previous definition is here\n# define OPENSSL_VERSION_NUMBER          \\\n         ^\nIn file included from third_party/boringssl/crypto/asn1/a_print.c:60:\nIn file included from third_party/boringssl/include/openssl/mem.h:60:\nthird_party/boringssl/include/openssl/base.h:168:9: error: 'OPENSSL_EXPORT' macro redefined [-Werror,-Wmacro-redefined]\n#define OPENSSL_EXPORT\n        ^\n/usr/local/opt/openssl@3/include/openssl/e_os2.h:183:11: note: previous definition is here\n#  define OPENSSL_EXPORT extern\n          ^\nIn file included from third_party/boringssl/crypto/asn1/a_print.c:60:\nIn file included from third_party/boringssl/include/openssl/mem.h:60:\nthird_party/boringssl/include/openssl/base.h:202:13: error: typedef redefinition with different types ('int' vs 'struct crypto_threadid_st')\ntypedef int CRYPTO_THREADID;\n            ^\n/usr/local/opt/openssl@3/include/openssl/crypto.h:308:3: note: previous definition is here\n} CRYPTO_THREADID;\n  ^\nIn file included from third_party/boringssl/crypto/asn1/a_print.c:60:\nIn file included from third_party/boringssl/include/openssl/mem.h:60:\nthird_party/boringssl/include/openssl/base.h:204:13: error: redefinition of typedef 'ASN1_BOOLEAN' is a C11 feature [-Werror,-Wtypedef-redefinition]\ntypedef int ASN1_BOOLEAN;\n            ^\n/usr/local/opt/openssl@3/include/openssl/types.h:61:13: note: previous definition is here\ntypedef int ASN1_BOOLEAN;\n            ^\nIn file included from third_party/boringssl/crypto/asn1/a_print.c:60:\nIn file included from third_party/boringssl/include/openssl/mem.h:60:\nthird_party/boringssl/include/openssl/base.h:205:13: error: redefinition of typedef 'ASN1_NULL' is a C11 feature [-Werror,-Wtypedef-redefinition]\ntypedef int ASN1_NULL;\n            ^\n/usr/local/opt/openssl@3/include/openssl/types.h:62:13: note: previous definition is here\ntypedef int ASN1_NULL;\n            ^\nIn file included from third_party/boringssl/crypto/asn1/a_print.c:60:\nIn file included from third_party/boringssl/include/openssl/mem.h:60:\nthird_party/boringssl/include/openssl/base.h:206:29: error: redefinition of typedef 'ASN1_ITEM' is a C11 feature [-Werror,-Wtypedef-redefinition]\ntypedef struct ASN1_ITEM_st ASN1_ITEM;\n                            ^\n/usr/local/opt/openssl@3/include/openssl/types.h:69:29: note: previous definition is here\ntypedef struct ASN1_ITEM_st ASN1_ITEM;\n                            ^\nIn file included from third_party/boringssl/crypto/asn1/a_print.c:60:\nIn file included from third_party/boringssl/include/openssl/mem.h:60:\nthird_party/boringssl/include/openssl/base.h:207:31: error: redefinition of typedef 'ASN1_OBJECT' is a C11 feature [-Werror,-Wtypedef-redefinition]\ntypedef struct asn1_object_st ASN1_OBJECT;\n                              ^\n/usr/local/opt/openssl@3/include/openssl/types.h:66:31: note: previous definition is here\ntypedef struct asn1_object_st ASN1_OBJECT;\n                              ^\nIn file included from third_party/boringssl/crypto/asn1/a_print.c:60:\nIn file included from third_party/boringssl/include/openssl/mem.h:60:\nthird_party/boringssl/include/openssl/base.h:208:29: error: redefinition of typedef 'ASN1_PCTX' is a C11 feature [-Werror,-Wtypedef-redefinition]\ntypedef struct asn1_pctx_st ASN1_PCTX;\n                            ^\n/usr/local/opt/openssl@3/include/openssl/types.h:70:29: note: previous definition is here\ntypedef struct asn1_pctx_st ASN1_PCTX;\n                            ^\nIn file included from third_party/boringssl/crypto/asn1/a_print.c:60:\nIn file included from third_party/boringssl/include/openssl/mem.h:60:\nthird_party/boringssl/include/openssl/base.h:209:31: error: redefinition of typedef 'ASN1_BIT_STRING' is a C11 feature [-Werror,-Wtypedef-redefinition]\ntypedef struct asn1_string_st ASN1_BIT_STRING;\n                              ^\n/usr/local/opt/openssl@3/include/openssl/types.h:47:31: note: previous definition is here\ntypedef struct asn1_string_st ASN1_BIT_STRING;\n                              ^\nIn file included from third_party/boringssl/crypto/asn1/a_print.c:60:\nIn file included from third_party/boringssl/include/openssl/mem.h:60:\nthird_party/boringssl/include/openssl/base.h:210:31: error: redefinition of typedef 'ASN1_BMPSTRING' is a C11 feature [-Werror,-Wtypedef-redefinition]\ntypedef struct asn1_string_st ASN1_BMPSTRING;\n                              ^\n/usr/local/opt/openssl@3/include/openssl/types.h:54:31: note: previous definition is here\ntypedef struct asn1_string_st ASN1_BMPSTRING;\n                              ^\nIn file included from third_party/boringssl/crypto/asn1/a_print.c:60:\nIn file included from third_party/boringssl/include/openssl/mem.h:60:\nthird_party/boringssl/include/openssl/base.h:211:31: error: redefinition of typedef 'ASN1_ENUMERATED' is a C11 feature [-Werror,-Wtypedef-redefinition]\ntypedef struct asn1_string_st ASN1_ENUMERATED;\n                              ^\n/usr/local/opt/openssl@3/include/openssl/types.h:46:31: note: previous definition is here\ntypedef struct asn1_string_st ASN1_ENUMERATED;\n                              ^\nIn file included from third_party/boringssl/crypto/asn1/a_print.c:60:\nIn file included from third_party/boringssl/include/openssl/mem.h:60:\nthird_party/boringssl/include/openssl/base.h:212:31: error: redefinition of typedef 'ASN1_GENERALIZEDTIME' is a C11 feature [-Werror,-Wtypedef-redefinition]\ntypedef struct asn1_string_st ASN1_GENERALIZEDTIME;\n                              ^\n/usr/local/opt/openssl@3/include/openssl/types.h:57:31: note: previous definition is here\ntypedef struct asn1_string_st ASN1_GENERALIZEDTIME;\n                              ^\nIn file included from third_party/boringssl/crypto/asn1/a_print.c:60:\nIn file included from third_party/boringssl/include/openssl/mem.h:60:\nthird_party/boringssl/include/openssl/base.h:213:31: error: redefinition of typedef 'ASN1_GENERALSTRING' is a C11 feature [-Werror,-Wtypedef-redefinition]\ntypedef struct asn1_string_st ASN1_GENERALSTRING;\n                              ^\n/usr/local/opt/openssl@3/include/openssl/types.h:52:31: note: previous definition is here\ntypedef struct asn1_string_st ASN1_GENERALSTRING;\n                              ^\nIn file included from third_party/boringssl/crypto/asn1/a_print.c:60:\nIn file included from third_party/boringssl/include/openssl/mem.h:60:\nthird_party/boringssl/include/openssl/base.h:214:31: error: redefinition of typedef 'ASN1_IA5STRING' is a C11 feature [-Werror,-Wtypedef-redefinition]\ntypedef struct asn1_string_st ASN1_IA5STRING;\n                              ^\n/usr/local/opt/openssl@3/include/openssl/types.h:51:31: note: previous definition is here\ntypedef struct asn1_string_st ASN1_IA5STRING;\n                              ^\nIn file included from third_party/boringssl/crypto/asn1/a_print.c:60:\nIn file included from third_party/boringssl/include/openssl/mem.h:60:\nthird_party/boringssl/include/openssl/base.h:215:31: error: redefinition of typedef 'ASN1_INTEGER' is a C11 feature [-Werror,-Wtypedef-redefinition]\ntypedef struct asn1_string_st ASN1_INTEGER;\n                              ^\n/usr/local/opt/openssl@3/include/openssl/types.h:45:31: note: previous definition is here\ntypedef struct asn1_string_st ASN1_INTEGER;\n                              ^\nIn file included from third_party/boringssl/crypto/asn1/a_print.c:60:\nIn file included from third_party/boringssl/include/openssl/mem.h:60:\nthird_party/boringssl/include/openssl/base.h:216:31: error: redefinition of typedef 'ASN1_OCTET_STRING' is a C11 feature [-Werror,-Wtypedef-redefinition]\ntypedef struct asn1_string_st ASN1_OCTET_STRING;\n                              ^\n/usr/local/opt/openssl@3/include/openssl/types.h:48:31: note: previous definition is here\ntypedef struct asn1_string_st ASN1_OCTET_STRING;\n                              ^\nIn file included from third_party/boringssl/crypto/asn1/a_print.c:60:\nIn file included from third_party/boringssl/include/openssl/mem.h:60:\nthird_party/boringssl/include/openssl/base.h:217:31: error: redefinition of typedef 'ASN1_PRINTABLESTRING' is a C11 feature [-Werror,-Wtypedef-redefinition]\ntypedef struct asn1_string_st ASN1_PRINTABLESTRING;\n                              ^\n/usr/local/opt/openssl@3/include/openssl/types.h:49:31: note: previous definition is here\ntypedef struct asn1_string_st ASN1_PRINTABLESTRING;\n                              ^\nIn file included from third_party/boringssl/crypto/asn1/a_print.c:60:\nIn file included from third_party/boringssl/include/openssl/mem.h:60:\nthird_party/boringssl/include/openssl/base.h:218:31: error: redefinition of typedef 'ASN1_STRING' is a C11 feature [-Werror,-Wtypedef-redefinition]\ntypedef struct asn1_string_st ASN1_STRING;\n                              ^\n/usr/local/opt/openssl@3/include/openssl/types.h:60:31: note: previous definition is here\ntypedef struct asn1_string_st ASN1_STRING;\n                              ^\nIn file included from third_party/boringssl/crypto/asn1/a_print.c:60:\nIn file included from third_party/boringssl/include/openssl/mem.h:60:\nthird_party/boringssl/include/openssl/base.h:219:31: error: redefinition of typedef 'ASN1_T61STRING' is a C11 feature [-Werror,-Wtypedef-redefinition]\ntypedef struct asn1_string_st ASN1_T61STRING;\n                              ^\n/usr/local/opt/openssl@3/include/openssl/types.h:50:31: note: previous definition is here\ntypedef struct asn1_string_st ASN1_T61STRING;\n                              ^\nfatal error: too many errors emitted, stopping now [-ferror-limit=]\n20 errors generated.\nmake: *** [/Users/runner/actions-runner/_work/python.build/python.build/build_grpcio18338/grpcio-1.8.3/objs/opt/third_party/boringssl/crypto/asn1/a_print.o] Error 1\n"
2022-12-27T02:27:38.3646360Z   Traceback (most recent call last):
2022-12-27T02:27:38.3658220Z     File "<string>", line 2, in <module>
2022-12-27T02:27:38.3659060Z     File "<pip-setuptools-caller>", line 34, in <module>
2022-12-27T02:27:38.3659810Z     File "/Users/runner/actions-runner/_work/python.build/python.build/build_grpcio18338/grpcio-1.8.3/setup.py", line 293, in <module>
2022-12-27T02:27:38.3660300Z       setuptools.setup(
2022-12-27T02:27:38.3660980Z     File "/private/var/folders/51/hd414ycd67n82196sw51xqtc0000gn/T/cibw-run-_5l60sbp/cp38-macosx_arm64/build/venv/lib/python3.8/site-packages/setuptools/__init__.py", line 87, in setup
2022-12-27T02:27:38.3661540Z       return distutils.core.setup(**attrs)
2022-12-27T02:27:38.3662300Z     File "/private/var/folders/51/hd414ycd67n82196sw51xqtc0000gn/T/cibw-run-_5l60sbp/cp38-macosx_arm64/build/venv/lib/python3.8/site-packages/setuptools/_distutils/core.py", line 185, in setup
2022-12-27T02:27:38.3662830Z       return run_commands(dist)
2022-12-27T02:27:38.3663590Z     File "/private/var/folders/51/hd414ycd67n82196sw51xqtc0000gn/T/cibw-run-_5l60sbp/cp38-macosx_arm64/build/venv/lib/python3.8/site-packages/setuptools/_distutils/core.py", line 201, in run_commands
2022-12-27T02:27:38.3664330Z       dist.run_commands()
2022-12-27T02:27:38.3665050Z     File "/private/var/folders/51/hd414ycd67n82196sw51xqtc0000gn/T/cibw-run-_5l60sbp/cp38-macosx_arm64/build/venv/lib/python3.8/site-packages/setuptools/_distutils/dist.py", line 969, in run_commands
2022-12-27T02:27:38.3665580Z       self.run_command(cmd)
2022-12-27T02:27:38.3666420Z     File "/private/var/folders/51/hd414ycd67n82196sw51xqtc0000gn/T/cibw-run-_5l60sbp/cp38-macosx_arm64/build/venv/lib/python3.8/site-packages/setuptools/dist.py", line 1208, in run_command
2022-12-27T02:27:38.3667030Z       super().run_command(command)
2022-12-27T02:27:38.3667810Z     File "/private/var/folders/51/hd414ycd67n82196sw51xqtc0000gn/T/cibw-run-_5l60sbp/cp38-macosx_arm64/build/venv/lib/python3.8/site-packages/setuptools/_distutils/dist.py", line 988, in run_command
2022-12-27T02:27:38.3668280Z       cmd_obj.run()
2022-12-27T02:27:38.3669330Z     File "/private/var/folders/51/hd414ycd67n82196sw51xqtc0000gn/T/cibw-run-_5l60sbp/cp38-macosx_arm64/build/venv/lib/python3.8/site-packages/wheel/bdist_wheel.py", line 325, in run
2022-12-27T02:27:38.3669980Z       self.run_command("build")
2022-12-27T02:27:38.3670770Z     File "/private/var/folders/51/hd414ycd67n82196sw51xqtc0000gn/T/cibw-run-_5l60sbp/cp38-macosx_arm64/build/venv/lib/python3.8/site-packages/setuptools/_distutils/cmd.py", line 318, in run_command
2022-12-27T02:27:38.3671350Z       self.distribution.run_command(command)
2022-12-27T02:27:38.3672090Z     File "/private/var/folders/51/hd414ycd67n82196sw51xqtc0000gn/T/cibw-run-_5l60sbp/cp38-macosx_arm64/build/venv/lib/python3.8/site-packages/setuptools/dist.py", line 1208, in run_command
2022-12-27T02:27:38.3672720Z       super().run_command(command)
2022-12-27T02:27:38.3673500Z     File "/private/var/folders/51/hd414ycd67n82196sw51xqtc0000gn/T/cibw-run-_5l60sbp/cp38-macosx_arm64/build/venv/lib/python3.8/site-packages/setuptools/_distutils/dist.py", line 988, in run_command
2022-12-27T02:27:38.3673980Z       cmd_obj.run()
2022-12-27T02:27:38.3674690Z     File "/private/var/folders/51/hd414ycd67n82196sw51xqtc0000gn/T/cibw-run-_5l60sbp/cp38-macosx_arm64/build/venv/lib/python3.8/site-packages/setuptools/_distutils/command/build.py", line 132, in run
2022-12-27T02:27:38.3675140Z       self.run_command(cmd_name)
2022-12-27T02:27:38.3676120Z     File "/private/var/folders/51/hd414ycd67n82196sw51xqtc0000gn/T/cibw-run-_5l60sbp/cp38-macosx_arm64/build/venv/lib/python3.8/site-packages/setuptools/_distutils/cmd.py", line 318, in run_command
2022-12-27T02:27:38.3676690Z       self.distribution.run_command(command)
2022-12-27T02:27:38.3677460Z     File "/private/var/folders/51/hd414ycd67n82196sw51xqtc0000gn/T/cibw-run-_5l60sbp/cp38-macosx_arm64/build/venv/lib/python3.8/site-packages/setuptools/dist.py", line 1208, in run_command
2022-12-27T02:27:38.3677990Z       super().run_command(command)
2022-12-27T02:27:38.3678940Z     File "/private/var/folders/51/hd414ycd67n82196sw51xqtc0000gn/T/cibw-run-_5l60sbp/cp38-macosx_arm64/build/venv/lib/python3.8/site-packages/setuptools/_distutils/dist.py", line 988, in run_command
2022-12-27T02:27:38.3679460Z       cmd_obj.run()
2022-12-27T02:27:38.3680220Z     File "/private/var/folders/51/hd414ycd67n82196sw51xqtc0000gn/T/cibw-run-_5l60sbp/cp38-macosx_arm64/build/venv/lib/python3.8/site-packages/setuptools/command/build_ext.py", line 84, in run
2022-12-27T02:27:38.3680720Z       _build_ext.run(self)
2022-12-27T02:27:38.3681410Z     File "/private/var/folders/51/hd414ycd67n82196sw51xqtc0000gn/T/cibw-run-_5l60sbp/cp38-macosx_arm64/build/venv/lib/python3.8/site-packages/Cython/Distutils/old_build_ext.py", line 186, in run
2022-12-27T02:27:38.3681860Z       _build_ext.build_ext.run(self)
2022-12-27T02:27:38.3682670Z     File "/private/var/folders/51/hd414ycd67n82196sw51xqtc0000gn/T/cibw-run-_5l60sbp/cp38-macosx_arm64/build/venv/lib/python3.8/site-packages/setuptools/_distutils/command/build_ext.py", line 346, in run
2022-12-27T02:27:38.3683160Z       self.build_extensions()
2022-12-27T02:27:38.3683880Z     File "/Users/runner/actions-runner/_work/python.build/python.build/build_grpcio18338/grpcio-1.8.3/src/python/grpcio/commands.py", line 276, in build_extensions
2022-12-27T02:27:38.3684470Z       raise Exception("make command failed!")
2022-12-27T02:27:38.3684770Z   Exception: make command failed!
2022-12-27T02:27:38.4290320Z   error: subprocess-exited-with-error
2022-12-27T02:27:38.4292360Z   
2022-12-27T02:27:38.4293690Z   × python setup.py bdist_wheel did not run successfully.
2022-12-27T02:27:38.4294570Z   │ exit code: 1
2022-12-27T02:27:38.4295230Z   ╰─> See above for output.
2022-12-27T02:27:38.4295980Z   
2022-12-27T02:27:38.4296840Z   note: This error originates from a subprocess, and is likely not a problem with pip.
2022-12-27T02:27:38.4308560Z   full command: /private/var/folders/51/hd414ycd67n82196sw51xqtc0000gn/T/cibw-run-_5l60sbp/cp38-macosx_arm64/build/venv/bin/python -u -c '
2022-12-27T02:27:38.4309770Z   exec(compile('"'"''"'"''"'"'
2022-12-27T02:27:38.4312270Z   # This is <pip-setuptools-caller> -- a caller that pip uses to run setup.py
2022-12-27T02:27:38.4314870Z   #
2022-12-27T02:27:38.4316300Z   # - It imports setuptools before invoking setup.py, to enable projects that directly
2022-12-27T02:27:38.4317380Z   #   import from `distutils.core` to work with newer packaging standards.
2022-12-27T02:27:38.4318930Z   # - It provides a clear error message when setuptools is not installed.
2022-12-27T02:27:38.4319520Z   # - It sets `sys.argv[0]` to the underlying `setup.py`, when invoking `setup.py` so
2022-12-27T02:27:38.4320180Z   #   setuptools doesn'"'"'t think the script is `-c`. This avoids the following warning:
2022-12-27T02:27:38.4320920Z   #     manifest_maker: standard file '"'"'-c'"'"' not found".
2022-12-27T02:27:38.4321510Z   # - It generates a shim setup.py, for handling setup.cfg-only projects.
2022-12-27T02:27:38.4321850Z   import os, sys, tokenize
2022-12-27T02:27:38.4322270Z   
2022-12-27T02:27:38.4322640Z   try:
2022-12-27T02:27:38.4323670Z       import setuptools
2022-12-27T02:27:38.4324060Z   except ImportError as error:
2022-12-27T02:27:38.4324390Z       print(
2022-12-27T02:27:38.4324810Z           "ERROR: Can not execute `setup.py` since setuptools is not available in "
2022-12-27T02:27:38.4325250Z           "the build environment.",
2022-12-27T02:27:38.4325840Z           file=sys.stderr,
2022-12-27T02:27:38.4326190Z       )
2022-12-27T02:27:38.4326450Z       sys.exit(1)
2022-12-27T02:27:38.4326780Z   
2022-12-27T02:27:38.4327160Z   __file__ = %r
2022-12-27T02:27:38.4327450Z   sys.argv[0] = __file__
2022-12-27T02:27:38.4327800Z   
2022-12-27T02:27:38.4328280Z   if os.path.exists(__file__):
2022-12-27T02:27:38.4328590Z       filename = __file__
2022-12-27T02:27:38.4329330Z   Building wheel for grpcio (setup.py): finished with status 'error'
2022-12-27T02:27:38.4330300Z   Running setup.py clean for grpcio
2022-12-27T02:27:38.4331880Z       with tokenize.open(__file__) as f:
2022-12-27T02:27:38.4332700Z           setup_py_code = f.read()
2022-12-27T02:27:38.4333090Z   else:
2022-12-27T02:27:38.4333670Z       filename = "<auto-generated setuptools caller>"
2022-12-27T02:27:38.4334110Z       setup_py_code = "from setuptools import setup; setup()"
2022-12-27T02:27:38.4334510Z   
2022-12-27T02:27:38.4334820Z   exec(compile(setup_py_code, filename, "exec"))
2022-12-27T02:27:38.4335670Z   '"'"''"'"''"'"' % ('"'"'/Users/runner/actions-runner/_work/python.build/python.build/build_grpcio18338/grpcio-1.8.3/setup.py'"'"',), "<pip-setuptools-caller>", "exec"))' bdist_wheel -d /private/var/folders/51/hd414ycd67n82196sw51xqtc0000gn/T/pip-wheel-ox5uvav3
2022-12-27T02:27:38.4336690Z   cwd: /Users/runner/actions-runner/_work/python.build/python.build/build_grpcio18338/grpcio-1.8.3/
2022-12-27T02:27:38.4337210Z   ERROR: Failed building wheel for grpcio
2022-12-27T02:27:38.4337730Z   Running command python setup.py clean
2022-12-27T02:27:39.2978010Z   running clean
2022-12-27T02:27:39.2999650Z   removing 'python_build/lib.macosx-11.0-arm64-cpython-38' (and everything under it)
2022-12-27T02:27:39.3072990Z   'python_build/bdist.macosx-11.0-arm64' does not exist -- can't clean it
2022-12-27T02:27:39.3075180Z   'python_build/scripts-3.8' does not exist -- can't clean it
2022-12-27T02:27:39.3077540Z   removing 'python_build'
2022-12-27T02:27:39.3948120Z Failed to build grpcio
2022-12-27T02:27:39.3954950Z ERROR: Failed to build one or more wheels
2022-12-27T02:27:39.3973460Z Exception information:
2022-12-27T02:27:39.3974110Z Traceback (most recent call last):
2022-12-27T02:27:39.3975940Z   File "/private/var/folders/51/hd414ycd67n82196sw51xqtc0000gn/T/cibw-run-_5l60sbp/cp38-macosx_arm64/build/venv/lib/python3.8/site-packages/pip/_internal/cli/base_command.py", line 160, in exc_logging_wrapper
2022-12-27T02:27:39.3977100Z     status = run_func(*args)
2022-12-27T02:27:39.3978790Z   File "/private/var/folders/51/hd414ycd67n82196sw51xqtc0000gn/T/cibw-run-_5l60sbp/cp38-macosx_arm64/build/venv/lib/python3.8/site-packages/pip/_internal/cli/req_command.py", line 247, in wrapper
2022-12-27T02:27:39.3979350Z     return func(self, options, args)
2022-12-27T02:27:39.3980720Z   File "/private/var/folders/51/hd414ycd67n82196sw51xqtc0000gn/T/cibw-run-_5l60sbp/cp38-macosx_arm64/build/venv/lib/python3.8/site-packages/pip/_internal/commands/wheel.py", line 201, in run
2022-12-27T02:27:39.3981350Z     raise CommandError("Failed to build one or more wheels")
2022-12-27T02:27:39.3981680Z pip._internal.exceptions.CommandError: Failed to build one or more wheels
2022-12-27T02:27:39.3982400Z Removed build tracker: '/private/var/folders/51/hd414ycd67n82196sw51xqtc0000gn/T/pip-build-tracker-tjsh5jpv'
2022-12-27T02:27:39.5058190Z ##[endgroup]
2022-12-27T02:27:39.5058890Z                                                              [31m✕ [0m14.34s
2022-12-27T02:27:39.6018980Z ##[error]Command ['python', '-m', 'pip', 'wheel', '/Users/runner/actions-runner/_work/python.build/python.build/build_grpcio18338/grpcio-1.8.3', '--wheel-dir=/private/var/folders/51/hd414ycd67n82196sw51xqtc0000gn/T/cibw-run-_5l60sbp/cp38-macosx_arm64/built_wheel', '--no-deps', '-vvv'] failed with code 1. None
2022-12-27T02:27:39.6028500Z 
2022-12-27T02:27:39.6291940Z ##[error]Process completed with exit code 1.
2022-12-27T02:27:39.6350670Z ##[group]Run rm -rf build_grpcio18338 wheelsout
2022-12-27T02:27:39.6351050Z [36;1mrm -rf build_grpcio18338 wheelsout[0m
2022-12-27T02:27:39.6380340Z shell: /bin/bash -e {0}
2022-12-27T02:27:39.6380550Z env:
2022-12-27T02:27:39.6380860Z   pythonLocation: /Users/runner/hostedtoolcache/Python/3.8.15/x64
2022-12-27T02:27:39.6381210Z   PKG_CONFIG_PATH: /Users/runner/hostedtoolcache/Python/3.8.15/x64/lib/pkgconfig
2022-12-27T02:27:39.6381550Z   Python_ROOT_DIR: /Users/runner/hostedtoolcache/Python/3.8.15/x64
2022-12-27T02:27:39.6381870Z   Python2_ROOT_DIR: /Users/runner/hostedtoolcache/Python/3.8.15/x64
2022-12-27T02:27:39.6382180Z   Python3_ROOT_DIR: /Users/runner/hostedtoolcache/Python/3.8.15/x64
2022-12-27T02:27:39.6382770Z ##[endgroup]
2022-12-27T02:27:40.2095510Z Cleaning up orphan processes
