2022-12-27T08:53:28.6729123Z Requested labels: self-hosted, macOS, X64
2022-12-27T08:53:28.6729215Z Job defined at: kilnbuild/python.build/.github/workflows/mac_arm_build.yml@refs/heads/main
2022-12-27T08:53:28.6729252Z Waiting for a runner to pick up this job...
2022-12-27T11:28:32.2497727Z Job is about to start running on the runner: kr1 (organization)
2022-12-27T11:28:36.3781180Z Current runner version: '2.300.2'
2022-12-27T11:28:36.3789010Z Runner name: 'kr1'
2022-12-27T11:28:36.3789410Z Runner group name: 'Default'
2022-12-27T11:28:36.3790290Z Machine name: 'kr1'
2022-12-27T11:28:36.3792880Z ##[group]GITHUB_TOKEN Permissions
2022-12-27T11:28:36.3793590Z Actions: write
2022-12-27T11:28:36.3793840Z Checks: write
2022-12-27T11:28:36.3794090Z Contents: write
2022-12-27T11:28:36.3794340Z Deployments: write
2022-12-27T11:28:36.3794680Z Discussions: write
2022-12-27T11:28:36.3794930Z Issues: write
2022-12-27T11:28:36.3795170Z Metadata: read
2022-12-27T11:28:36.3795410Z Packages: write
2022-12-27T11:28:36.3795660Z Pages: write
2022-12-27T11:28:36.3795920Z PullRequests: write
2022-12-27T11:28:36.3796210Z RepositoryProjects: write
2022-12-27T11:28:36.3796500Z SecurityEvents: write
2022-12-27T11:28:36.3796770Z Statuses: write
2022-12-27T11:28:36.3797000Z ##[endgroup]
2022-12-27T11:28:36.3800750Z Secret source: Actions
2022-12-27T11:28:36.3801240Z Prepare workflow directory
2022-12-27T11:28:36.4922560Z Prepare all required actions
2022-12-27T11:28:36.5130430Z Getting action download info
2022-12-27T11:28:36.9870320Z Download action repository 'actions/setup-python@v4' (SHA:5ccb29d8773c3f3f653e1705f474dfaa8a06a912)
2022-12-27T11:28:38.9695770Z Download action repository 'actions/upload-artifact@v3' (SHA:83fd05a356d7e2593de66fc9913b3002723633cb)
2022-12-27T11:28:40.4536850Z ##[group]Run echo '{
2022-12-27T11:28:40.4537260Z [36;1mecho '{[0m
2022-12-27T11:28:40.4537520Z [36;1m  "package_name": "lxml",[0m
2022-12-27T11:28:40.4537940Z [36;1m  "package_url": "https://files.pythonhosted.org/packages/14/f5/85393978ccc126409bc55ac56fde020db911233df4b8c26ec8339a28c825/lxml-2.1.1.tar.gz",[0m
2022-12-27T11:28:40.4538340Z [36;1m  "package_version": "2.1.1",[0m
2022-12-27T11:28:40.4538710Z [36;1m  "python_version": "3.10",[0m
2022-12-27T11:28:40.4538920Z [36;1m  "use_ccache": "true"[0m
2022-12-27T11:28:40.4539120Z [36;1m}'[0m
2022-12-27T11:28:40.4565450Z shell: /bin/bash -e {0}
2022-12-27T11:28:40.4565750Z ##[endgroup]
2022-12-27T11:28:40.4961070Z {
2022-12-27T11:28:40.4963710Z   "package_name": "lxml",
2022-12-27T11:28:40.4965160Z   "package_url": "https://files.pythonhosted.org/packages/14/f5/85393978ccc126409bc55ac56fde020db911233df4b8c26ec8339a28c825/lxml-2.1.1.tar.gz",
2022-12-27T11:28:40.4965660Z   "package_version": "2.1.1",
2022-12-27T11:28:40.4966110Z   "python_version": "3.10",
2022-12-27T11:28:40.4966400Z   "use_ccache": "true"
2022-12-27T11:28:40.4966760Z }
2022-12-27T11:28:40.5316730Z ##[group]Run actions/setup-python@v4
2022-12-27T11:28:40.5317080Z with:
2022-12-27T11:28:40.5317520Z   python-version: 3.10
2022-12-27T11:28:40.5317850Z   check-latest: false
2022-12-27T11:28:40.5318340Z   token: ***
2022-12-27T11:28:40.5318670Z   update-environment: true
2022-12-27T11:28:40.5319080Z ##[endgroup]
2022-12-27T11:28:40.7563520Z ##[group]Installed versions
2022-12-27T11:28:40.7622960Z Successfully set up CPython (3.10.9)
2022-12-27T11:28:40.7624780Z ##[endgroup]
2022-12-27T11:28:40.7873700Z ##[group]Run if [ "true" == "true" ]
2022-12-27T11:28:40.7874180Z [36;1mif [ "true" == "true" ][0m
2022-12-27T11:28:40.7874530Z [36;1mthen[0m
2022-12-27T11:28:40.7875170Z [36;1m  echo "CCACHE_PATH_PREPEND=/usr/local/opt/ccache/libexec" >> $GITHUB_OUTPUT[0m
2022-12-27T11:28:40.7875580Z [36;1melse[0m
2022-12-27T11:28:40.7875880Z [36;1m  echo "CCACHE_PATH_PREPEND=" >> $GITHUB_OUTPUT[0m
2022-12-27T11:28:40.7876250Z [36;1mfi[0m
2022-12-27T11:28:40.7906100Z shell: /bin/bash -e {0}
2022-12-27T11:28:40.7906400Z env:
2022-12-27T11:28:40.7906800Z   pythonLocation: /Users/runner/hostedtoolcache/Python/3.10.9/x64
2022-12-27T11:28:40.7907280Z   PKG_CONFIG_PATH: /Users/runner/hostedtoolcache/Python/3.10.9/x64/lib/pkgconfig
2022-12-27T11:28:40.7907830Z   Python_ROOT_DIR: /Users/runner/hostedtoolcache/Python/3.10.9/x64
2022-12-27T11:28:40.7908280Z   Python2_ROOT_DIR: /Users/runner/hostedtoolcache/Python/3.10.9/x64
2022-12-27T11:28:40.7908830Z   Python3_ROOT_DIR: /Users/runner/hostedtoolcache/Python/3.10.9/x64
2022-12-27T11:28:40.7909670Z ##[endgroup]
2022-12-27T11:28:40.8225310Z ##[group]Run echo "BUILD_NAME=$(echo lxml_2.1.1_3.10 | tr -dc '[:alnum:]\n\r' | tr '[:upper:]' '[:lower:]')" >> $GITHUB_OUTPUT
2022-12-27T11:28:40.8225820Z [36;1mecho "BUILD_NAME=$(echo lxml_2.1.1_3.10 | tr -dc '[:alnum:]\n\r' | tr '[:upper:]' '[:lower:]')" >> $GITHUB_OUTPUT[0m
2022-12-27T11:28:40.8252510Z shell: /bin/bash -e {0}
2022-12-27T11:28:40.8252690Z env:
2022-12-27T11:28:40.8252920Z   pythonLocation: /Users/runner/hostedtoolcache/Python/3.10.9/x64
2022-12-27T11:28:40.8253230Z   PKG_CONFIG_PATH: /Users/runner/hostedtoolcache/Python/3.10.9/x64/lib/pkgconfig
2022-12-27T11:28:40.8253530Z   Python_ROOT_DIR: /Users/runner/hostedtoolcache/Python/3.10.9/x64
2022-12-27T11:28:40.8253880Z   Python2_ROOT_DIR: /Users/runner/hostedtoolcache/Python/3.10.9/x64
2022-12-27T11:28:40.8254240Z   Python3_ROOT_DIR: /Users/runner/hostedtoolcache/Python/3.10.9/x64
2022-12-27T11:28:40.8254580Z ##[endgroup]
2022-12-27T11:28:40.8494980Z ##[group]Run echo "PYTHON_NO_DOTS=$(echo 3.10 | tr -dc '[:alnum:]\n\r' | tr '[:upper:]' '[:lower:]')" >> $GITHUB_OUTPUT
2022-12-27T11:28:40.8495680Z [36;1mecho "PYTHON_NO_DOTS=$(echo 3.10 | tr -dc '[:alnum:]\n\r' | tr '[:upper:]' '[:lower:]')" >> $GITHUB_OUTPUT[0m
2022-12-27T11:28:40.8524030Z shell: /bin/bash -e {0}
2022-12-27T11:28:40.8524360Z env:
2022-12-27T11:28:40.8524730Z   pythonLocation: /Users/runner/hostedtoolcache/Python/3.10.9/x64
2022-12-27T11:28:40.8526150Z   PKG_CONFIG_PATH: /Users/runner/hostedtoolcache/Python/3.10.9/x64/lib/pkgconfig
2022-12-27T11:28:40.8526660Z   Python_ROOT_DIR: /Users/runner/hostedtoolcache/Python/3.10.9/x64
2022-12-27T11:28:40.8527100Z   Python2_ROOT_DIR: /Users/runner/hostedtoolcache/Python/3.10.9/x64
2022-12-27T11:28:40.8527540Z   Python3_ROOT_DIR: /Users/runner/hostedtoolcache/Python/3.10.9/x64
2022-12-27T11:28:40.8527840Z ##[endgroup]
2022-12-27T11:28:40.8764680Z ##[group]Run rm -rf build_lxml211310
2022-12-27T11:28:40.8765390Z [36;1mrm -rf build_lxml211310[0m
2022-12-27T11:28:40.8765710Z [36;1mmkdir build_lxml211310[0m
2022-12-27T11:28:40.8766030Z [36;1mcd build_lxml211310[0m
2022-12-27T11:28:40.8766580Z [36;1m/usr/local/bin/wget --quiet https://files.pythonhosted.org/packages/14/f5/85393978ccc126409bc55ac56fde020db911233df4b8c26ec8339a28c825/lxml-2.1.1.tar.gz[0m
2022-12-27T11:28:40.8767030Z [36;1mtar xf *.tar.gz[0m
2022-12-27T11:28:40.8767330Z [36;1mcd *[0m
2022-12-27T11:28:40.8767600Z [36;1mpython -m pip install cibuildwheel==2.11.3[0m
2022-12-27T11:28:40.8768050Z [36;1mpython -m cibuildwheel --output-dir ../wheelsout[0m
2022-12-27T11:28:40.8794450Z shell: /bin/bash -e {0}
2022-12-27T11:28:40.8794690Z env:
2022-12-27T11:28:40.8795110Z   pythonLocation: /Users/runner/hostedtoolcache/Python/3.10.9/x64
2022-12-27T11:28:40.8795660Z   PKG_CONFIG_PATH: /Users/runner/hostedtoolcache/Python/3.10.9/x64/lib/pkgconfig
2022-12-27T11:28:40.8796140Z   Python_ROOT_DIR: /Users/runner/hostedtoolcache/Python/3.10.9/x64
2022-12-27T11:28:40.8796560Z   Python2_ROOT_DIR: /Users/runner/hostedtoolcache/Python/3.10.9/x64
2022-12-27T11:28:40.8796920Z   Python3_ROOT_DIR: /Users/runner/hostedtoolcache/Python/3.10.9/x64
2022-12-27T11:28:40.8797350Z   CIBW_ARCHS_MACOS: arm64
2022-12-27T11:28:40.8797660Z   CIBW_TEST_SKIP: *_arm64
2022-12-27T11:28:40.8797920Z   CIBW_BUILD: cp310-macosx_arm64
2022-12-27T11:28:40.8798240Z   CIBW_BUILD_FRONTEND: pip
2022-12-27T11:28:40.8798630Z   CIBW_BUILD_VERBOSITY: 3
2022-12-27T11:28:40.8799170Z   CIBW_ENVIRONMENT_MACOS:  CFLAGS="-I/usr/local/opt/openssl@3/include" LDFLAGS="-L/usr/local/opt/openssl@3/lib" CPPFLAGS="-I/usr/local/opt/openssl@3/include" MAKEFLAGS="-j$(sysctl -n hw.logicalcpu)" PATH=/usr/local/opt/ccache/libexec:$PATH
2022-12-27T11:28:40.8799740Z   CIBW_BEFORE_BUILD: pip install Cython; if [[ -f requirements.txt ]]; then pip install -r requirements.txt; fi
2022-12-27T11:28:40.8800170Z   MAKEFLAGS: -j$(sysctl -n hw.logicalcpu)
2022-12-27T11:28:40.8800500Z ##[endgroup]
2022-12-27T11:28:41.6522130Z Requirement already satisfied: cibuildwheel==2.11.3 in /Users/runner/hostedtoolcache/Python/3.10.9/x64/lib/python3.10/site-packages (2.11.3)
2022-12-27T11:28:41.6917280Z Requirement already satisfied: filelock in /Users/runner/hostedtoolcache/Python/3.10.9/x64/lib/python3.10/site-packages (from cibuildwheel==2.11.3) (3.8.2)
2022-12-27T11:28:41.6920860Z Requirement already satisfied: certifi in /Users/runner/hostedtoolcache/Python/3.10.9/x64/lib/python3.10/site-packages (from cibuildwheel==2.11.3) (2022.12.7)
2022-12-27T11:28:41.6930680Z Requirement already satisfied: bashlex!=0.13 in /Users/runner/hostedtoolcache/Python/3.10.9/x64/lib/python3.10/site-packages (from cibuildwheel==2.11.3) (0.16)
2022-12-27T11:28:41.6938740Z Requirement already satisfied: packaging>=20.9 in /Users/runner/hostedtoolcache/Python/3.10.9/x64/lib/python3.10/site-packages (from cibuildwheel==2.11.3) (22.0)
2022-12-27T11:28:41.6942610Z Requirement already satisfied: platformdirs in /Users/runner/hostedtoolcache/Python/3.10.9/x64/lib/python3.10/site-packages (from cibuildwheel==2.11.3) (2.6.0)
2022-12-27T11:28:41.6958310Z Requirement already satisfied: typing-extensions>=4.1.0 in /Users/runner/hostedtoolcache/Python/3.10.9/x64/lib/python3.10/site-packages (from cibuildwheel==2.11.3) (4.4.0)
2022-12-27T11:28:41.6961050Z Requirement already satisfied: bracex in /Users/runner/hostedtoolcache/Python/3.10.9/x64/lib/python3.10/site-packages (from cibuildwheel==2.11.3) (2.3.post1)
2022-12-27T11:28:41.6972160Z Requirement already satisfied: tomli in /Users/runner/hostedtoolcache/Python/3.10.9/x64/lib/python3.10/site-packages (from cibuildwheel==2.11.3) (2.0.1)
2022-12-27T11:28:42.0096500Z 
2022-12-27T11:28:42.0097160Z      _ _       _ _   _       _           _
2022-12-27T11:28:42.0097910Z  ___|_| |_ _ _|_| |_| |_ _ _| |_ ___ ___| |
2022-12-27T11:28:42.0099980Z |  _| | . | | | | | . | | | |   | -_| -_| |
2022-12-27T11:28:42.0103060Z |___|_|___|___|_|_|___|_____|_|_|___|___|_|
2022-12-27T11:28:42.0103500Z 
2022-12-27T11:28:42.0103620Z cibuildwheel version 2.11.3
2022-12-27T11:28:42.0103870Z 
2022-12-27T11:28:42.0104020Z Build options:
2022-12-27T11:28:42.0104360Z   platform: macos
2022-12-27T11:28:42.0206040Z   architectures: arm64[0m
2022-12-27T11:28:42.0206620Z   build_selector: 
2022-12-27T11:28:42.0207480Z     build_config: cp310-macosx_arm64
2022-12-27T11:28:42.0208130Z     skip_config: 
2022-12-27T11:28:42.0208650Z     requires_python: None
2022-12-27T11:28:42.0210080Z     prerelease_pythons: False[0m
2022-12-27T11:28:42.0211180Z   [38;5;244mcontainer_engine: docker[0m
2022-12-27T11:28:42.0212810Z   output_dir: /Users/runner/actions-runner/_work/python.build/python.build/build_lxml211310/wheelsout[0m
2022-12-27T11:28:42.0214010Z   package_dir: /Users/runner/actions-runner/_work/python.build/python.build/build_lxml211310/lxml-2.1.1[0m
2022-12-27T11:28:42.0215540Z   test_selector: 
2022-12-27T11:28:42.0216420Z     skip_config: *_arm64[0m
2022-12-27T11:28:42.0217100Z   [38;5;244mbefore_all: [0m
2022-12-27T11:28:42.0218200Z   before_build: pip install Cython; if [[ -f requirements.txt ]]; then pip install -r requirements.txt; fi[0m
2022-12-27T11:28:42.0219340Z   [38;5;244mbefore_test: [0m
2022-12-27T11:28:42.0220060Z   [38;5;244mbuild_frontend: pip[0m
2022-12-27T11:28:42.0220930Z   build_verbosity: 3[0m
2022-12-27T11:28:42.0221730Z   [38;5;244mconfig_settings: [0m
2022-12-27T11:28:42.0222640Z   [38;5;244mdependency_constraints: pinned[0m
2022-12-27T11:28:42.0223310Z   environment: 
2022-12-27T11:28:42.0224160Z     CFLAGS="-I/usr/local/opt/openssl@3/include"
2022-12-27T11:28:42.0225060Z     LDFLAGS="-L/usr/local/opt/openssl@3/lib"
2022-12-27T11:28:42.0225860Z     CPPFLAGS="-I/usr/local/opt/openssl@3/include"
2022-12-27T11:28:42.0226760Z     MAKEFLAGS="-j$(sysctl -n hw.logicalcpu)"
2022-12-27T11:28:42.0227800Z     PATH=/usr/local/opt/ccache/libexec:$PATH[0m
2022-12-27T11:28:42.0228540Z   [38;5;244mmanylinux_images: None[0m
2022-12-27T11:28:42.0229380Z   [38;5;244mmusllinux_images: None[0m
2022-12-27T11:28:42.0230490Z   [38;5;244mrepair_command: delocate-wheel --require-archs {delocate_archs} -w {dest_dir} -v {wheel}[0m
2022-12-27T11:28:42.0232210Z   [38;5;244mtest_command: [0m
2022-12-27T11:28:42.0233150Z   [38;5;244mtest_extras: [0m
2022-12-27T11:28:42.0233930Z   [38;5;244mtest_requires: [0m
2022-12-27T11:28:42.0234300Z 
2022-12-27T11:28:42.0234670Z Cache folder: /Users/runner/Library/Caches/cibuildwheel
2022-12-27T11:28:42.0235510Z 
2022-12-27T11:28:42.0235910Z Here we go!
2022-12-27T11:28:42.0236250Z 
2022-12-27T11:28:42.0328150Z 
2022-12-27T11:28:42.0330160Z [1m[34mBuilding cp310-macosx_arm64 wheel[0m
2022-12-27T11:28:42.0331130Z CPython 3.10 macOS arm64 - Apple Silicon
2022-12-27T11:28:42.0331550Z 
2022-12-27T11:28:42.0333450Z ##[group]Installing Python cp310...
2022-12-27T11:28:42.0333740Z 
2022-12-27T11:28:42.0334560Z + pkgutil --pkgs
2022-12-27T11:28:42.0517130Z ##[endgroup]
2022-12-27T11:28:42.0519570Z                                                               [32mâœ“ [0m0.02s
2022-12-27T11:28:42.0520760Z ##[group]Setting up build environment...
2022-12-27T11:28:42.0521180Z 
2022-12-27T11:28:42.0549610Z + /Users/runner/hostedtoolcache/Python/3.10.9/x64/bin/python -sS /Users/runner/Library/Caches/cibuildwheel/virtualenv-20.17.0.pyz --activators= --no-periodic-update --pip=22.3.1 --setuptools=65.6.3 --wheel=0.38.4 --symlink-app-data --python /Library/Frameworks/Python.framework/Versions/3.10/bin/python3 /private/var/folders/51/hd414ycd67n82196sw51xqtc0000gn/T/cibw-run-tr22c6q5/cp310-macosx_arm64/build/venv
2022-12-27T11:28:42.3672050Z created virtual environment CPython3.10.8.final.0-64 in 82ms
2022-12-27T11:28:42.3673880Z   creator CPython3Posix(dest=/private/var/folders/51/hd414ycd67n82196sw51xqtc0000gn/T/cibw-run-tr22c6q5/cp310-macosx_arm64/build/venv, clear=False, no_vcs_ignore=False, global=False)
2022-12-27T11:28:42.3676570Z   seeder FromAppData(download=False, pip=22.3.1, setuptools=65.6.3, wheel=0.38.4, via=symlink, app_data_dir=/Users/runner/Library/Application Support/virtualenv)
2022-12-27T11:28:42.3677990Z     added seed packages: pip==22.3.1, setuptools==65.6.3, wheel==0.38.4
2022-12-27T11:28:42.3911510Z + python -m pip install --upgrade pip -c /Users/runner/hostedtoolcache/Python/3.10.9/x64/lib/python3.10/site-packages/cibuildwheel/resources/constraints-python310.txt
2022-12-27T11:28:42.8354930Z Requirement already satisfied: pip in ./lib/python3.10/site-packages (22.3.1)
2022-12-27T11:28:43.0625980Z + which pip
2022-12-27T11:28:43.0691180Z /private/var/folders/51/hd414ycd67n82196sw51xqtc0000gn/T/cibw-run-tr22c6q5/cp310-macosx_arm64/build/venv/bin/pip
2022-12-27T11:28:43.0698940Z + pip --version
2022-12-27T11:28:43.3973930Z pip 22.3.1 from /private/var/folders/51/hd414ycd67n82196sw51xqtc0000gn/T/cibw-run-tr22c6q5/cp310-macosx_arm64/build/venv/lib/python3.10/site-packages/pip (python 3.10)
2022-12-27T11:28:43.4437810Z + which pip
2022-12-27T11:28:43.4492450Z + which python
2022-12-27T11:28:43.4567290Z /private/var/folders/51/hd414ycd67n82196sw51xqtc0000gn/T/cibw-run-tr22c6q5/cp310-macosx_arm64/build/venv/bin/python
2022-12-27T11:28:43.4570030Z + python --version
2022-12-27T11:28:43.4670070Z Python 3.10.8
2022-12-27T11:28:43.4674420Z + which python
2022-12-27T11:28:43.4779310Z ##[endgroup]
2022-12-27T11:28:43.4779880Z                                                               [32mâœ“ [0m1.43s
2022-12-27T11:28:43.4780720Z ##[group]Installing build tools...
2022-12-27T11:28:43.4780940Z 
2022-12-27T11:28:43.4781530Z + pip install --upgrade setuptools wheel delocate -c /Users/runner/hostedtoolcache/Python/3.10.9/x64/lib/python3.10/site-packages/cibuildwheel/resources/constraints-python310.txt
2022-12-27T11:28:43.9283420Z Requirement already satisfied: setuptools in /private/var/folders/51/hd414ycd67n82196sw51xqtc0000gn/T/cibw-run-tr22c6q5/cp310-macosx_arm64/build/venv/lib/python3.10/site-packages (65.6.3)
2022-12-27T11:28:44.2431940Z Requirement already satisfied: wheel in /private/var/folders/51/hd414ycd67n82196sw51xqtc0000gn/T/cibw-run-tr22c6q5/cp310-macosx_arm64/build/venv/lib/python3.10/site-packages (0.38.4)
2022-12-27T11:28:44.3160320Z Collecting delocate
2022-12-27T11:28:44.3249770Z   Using cached delocate-0.10.3-py3-none-any.whl (142 kB)
2022-12-27T11:28:44.3687290Z Collecting packaging>=20.9
2022-12-27T11:28:44.3722470Z   Using cached packaging-21.3-py3-none-any.whl (40 kB)
2022-12-27T11:28:44.3990710Z Collecting typing-extensions
2022-12-27T11:28:44.4022750Z   Using cached typing_extensions-4.4.0-py3-none-any.whl (26 kB)
2022-12-27T11:28:44.4524410Z Collecting pyparsing!=3.0.5,>=2.0.2
2022-12-27T11:28:44.4556840Z   Using cached pyparsing-3.0.9-py3-none-any.whl (98 kB)
2022-12-27T11:28:44.5089350Z Installing collected packages: typing-extensions, pyparsing, packaging, delocate
2022-12-27T11:28:44.7134880Z Successfully installed delocate-0.10.3 packaging-21.3 pyparsing-3.0.9 typing-extensions-4.4.0
2022-12-27T11:28:44.8347820Z ##[endgroup]
2022-12-27T11:28:44.8349270Z                                                               [32mâœ“ [0m1.36s
2022-12-27T11:28:44.8350040Z ##[group]Running before_build...
2022-12-27T11:28:44.8350340Z 
2022-12-27T11:28:44.8359060Z + pip install Cython; if [[ -f requirements.txt ]]; then pip install -r requirements.txt; fi
2022-12-27T11:28:45.8582240Z Collecting Cython
2022-12-27T11:28:45.8660980Z   Using cached Cython-0.29.32-py2.py3-none-any.whl (986 kB)
2022-12-27T11:28:45.9435760Z Installing collected packages: Cython
2022-12-27T11:28:46.6423100Z Successfully installed Cython-0.29.32
2022-12-27T11:28:46.7438450Z ##[endgroup]
2022-12-27T11:28:46.7439690Z                                                               [32mâœ“ [0m1.91s
2022-12-27T11:28:46.7440600Z ##[group]Building wheel...
2022-12-27T11:28:46.7440830Z 
2022-12-27T11:28:46.7449550Z + python -m pip wheel /Users/runner/actions-runner/_work/python.build/python.build/build_lxml211310/lxml-2.1.1 --wheel-dir=/private/var/folders/51/hd414ycd67n82196sw51xqtc0000gn/T/cibw-run-tr22c6q5/cp310-macosx_arm64/built_wheel --no-deps -vvv
2022-12-27T11:28:47.1640970Z Created temporary directory: /private/var/folders/51/hd414ycd67n82196sw51xqtc0000gn/T/pip-ephem-wheel-cache-8o5u68qh
2022-12-27T11:28:47.1646310Z Created temporary directory: /private/var/folders/51/hd414ycd67n82196sw51xqtc0000gn/T/pip-build-tracker-wzvoeitw
2022-12-27T11:28:47.1650440Z Initialized build tracking at /private/var/folders/51/hd414ycd67n82196sw51xqtc0000gn/T/pip-build-tracker-wzvoeitw
2022-12-27T11:28:47.1653370Z Created build tracker: /private/var/folders/51/hd414ycd67n82196sw51xqtc0000gn/T/pip-build-tracker-wzvoeitw
2022-12-27T11:28:47.1656120Z Entered build tracker: /private/var/folders/51/hd414ycd67n82196sw51xqtc0000gn/T/pip-build-tracker-wzvoeitw
2022-12-27T11:28:47.1663090Z Created temporary directory: /private/var/folders/51/hd414ycd67n82196sw51xqtc0000gn/T/pip-wheel-n583moba
2022-12-27T11:28:47.1673050Z Created temporary directory: /private/var/folders/51/hd414ycd67n82196sw51xqtc0000gn/T/pip-ephem-wheel-cache-9qedgskq
2022-12-27T11:28:47.1954470Z Processing /Users/runner/actions-runner/_work/python.build/python.build/build_lxml211310/lxml-2.1.1
2022-12-27T11:28:47.1961300Z   Added file:///Users/runner/actions-runner/_work/python.build/python.build/build_lxml211310/lxml-2.1.1 to build tracker '/private/var/folders/51/hd414ycd67n82196sw51xqtc0000gn/T/pip-build-tracker-wzvoeitw'
2022-12-27T11:28:47.1967480Z   Running setup.py (path:/Users/runner/actions-runner/_work/python.build/python.build/build_lxml211310/lxml-2.1.1/setup.py) egg_info for package from file:///Users/runner/actions-runner/_work/python.build/python.build/build_lxml211310/lxml-2.1.1
2022-12-27T11:28:47.1974470Z   Created temporary directory: /private/var/folders/51/hd414ycd67n82196sw51xqtc0000gn/T/pip-pip-egg-info-83k1wy7x
2022-12-27T11:28:47.1975940Z   Preparing metadata (setup.py): started
2022-12-27T11:28:47.1979970Z   Running command python setup.py egg_info
2022-12-27T11:28:47.8175380Z   Building lxml version 2.1.1.
2022-12-27T11:28:47.8178480Z   Building with Cython 0.29.32.
2022-12-27T11:28:47.8182840Z   Using build configuration of libxslt 1.1.29
2022-12-27T11:28:47.8185360Z   Building against libxml2/libxslt in the following directory: /Library/Developer/CommandLineTools/SDKs/MacOSX12.1.sdk/usr/lib
2022-12-27T11:28:47.8188690Z   running egg_info
2022-12-27T11:28:47.8191410Z   creating /private/var/folders/51/hd414ycd67n82196sw51xqtc0000gn/T/pip-pip-egg-info-83k1wy7x/lxml.egg-info
2022-12-27T11:28:47.8194690Z   writing /private/var/folders/51/hd414ycd67n82196sw51xqtc0000gn/T/pip-pip-egg-info-83k1wy7x/lxml.egg-info/PKG-INFO
2022-12-27T11:28:47.8197660Z   writing dependency_links to /private/var/folders/51/hd414ycd67n82196sw51xqtc0000gn/T/pip-pip-egg-info-83k1wy7x/lxml.egg-info/dependency_links.txt
2022-12-27T11:28:47.8203730Z   writing top-level names to /private/var/folders/51/hd414ycd67n82196sw51xqtc0000gn/T/pip-pip-egg-info-83k1wy7x/lxml.egg-info/top_level.txt
2022-12-27T11:28:47.8207360Z   writing manifest file '/private/var/folders/51/hd414ycd67n82196sw51xqtc0000gn/T/pip-pip-egg-info-83k1wy7x/lxml.egg-info/SOURCES.txt'
2022-12-27T11:28:47.8303040Z   reading manifest file '/private/var/folders/51/hd414ycd67n82196sw51xqtc0000gn/T/pip-pip-egg-info-83k1wy7x/lxml.egg-info/SOURCES.txt'
2022-12-27T11:28:47.8312140Z   reading manifest template 'MANIFEST.in'
2022-12-27T11:28:47.9824210Z   adding license file 'LICENSES.txt'
2022-12-27T11:28:47.9925360Z   writing manifest file '/private/var/folders/51/hd414ycd67n82196sw51xqtc0000gn/T/pip-pip-egg-info-83k1wy7x/lxml.egg-info/SOURCES.txt'
2022-12-27T11:28:48.0464870Z   Preparing metadata (setup.py): finished with status 'done'
2022-12-27T11:28:48.0505930Z   Source in /Users/runner/actions-runner/_work/python.build/python.build/build_lxml211310/lxml-2.1.1 has version 2.1.1, which satisfies requirement lxml==2.1.1 from file:///Users/runner/actions-runner/_work/python.build/python.build/build_lxml211310/lxml-2.1.1
2022-12-27T11:28:48.0509760Z   Removed lxml==2.1.1 from file:///Users/runner/actions-runner/_work/python.build/python.build/build_lxml211310/lxml-2.1.1 from build tracker '/private/var/folders/51/hd414ycd67n82196sw51xqtc0000gn/T/pip-build-tracker-wzvoeitw'
2022-12-27T11:28:48.0540750Z Created temporary directory: /private/var/folders/51/hd414ycd67n82196sw51xqtc0000gn/T/pip-unpack-4hvr9ydz
2022-12-27T11:28:48.0542350Z Building wheels for collected packages: lxml
2022-12-27T11:28:48.0557680Z   Created temporary directory: /private/var/folders/51/hd414ycd67n82196sw51xqtc0000gn/T/pip-wheel-uugwndqw
2022-12-27T11:28:48.0559480Z   Building wheel for lxml (setup.py): started
2022-12-27T11:28:48.0564280Z   Destination directory: /private/var/folders/51/hd414ycd67n82196sw51xqtc0000gn/T/pip-wheel-uugwndqw
2022-12-27T11:28:48.0566980Z   Running command python setup.py bdist_wheel
2022-12-27T11:28:48.4400190Z   Building lxml version 2.1.1.
2022-12-27T11:28:48.4401160Z   Building with Cython 0.29.32.
2022-12-27T11:28:48.4679420Z   Using build configuration of libxslt 1.1.29
2022-12-27T11:28:48.6570130Z   Building against libxml2/libxslt in the following directory: /Library/Developer/CommandLineTools/SDKs/MacOSX12.1.sdk/usr/lib
2022-12-27T11:28:48.6932560Z   running bdist_wheel
2022-12-27T11:28:48.6989990Z   running build
2022-12-27T11:28:48.6991700Z   running build_py
2022-12-27T11:28:48.7035430Z   creating build
2022-12-27T11:28:48.7036990Z   creating build/lib.macosx-11.0-arm64-cpython-310
2022-12-27T11:28:48.7039870Z   creating build/lib.macosx-11.0-arm64-cpython-310/lxml
2022-12-27T11:28:48.7042130Z   copying src/lxml/_elementpath.py -> build/lib.macosx-11.0-arm64-cpython-310/lxml
2022-12-27T11:28:48.7048510Z   copying src/lxml/sax.py -> build/lib.macosx-11.0-arm64-cpython-310/lxml
2022-12-27T11:28:48.7056810Z   copying src/lxml/pyclasslookup.py -> build/lib.macosx-11.0-arm64-cpython-310/lxml
2022-12-27T11:28:48.7059970Z   copying src/lxml/__init__.py -> build/lib.macosx-11.0-arm64-cpython-310/lxml
2022-12-27T11:28:48.7067370Z   copying src/lxml/builder.py -> build/lib.macosx-11.0-arm64-cpython-310/lxml
2022-12-27T11:28:48.7070810Z   copying src/lxml/doctestcompare.py -> build/lib.macosx-11.0-arm64-cpython-310/lxml
2022-12-27T11:28:48.7078470Z   copying src/lxml/usedoctest.py -> build/lib.macosx-11.0-arm64-cpython-310/lxml
2022-12-27T11:28:48.7084020Z   copying src/lxml/cssselect.py -> build/lib.macosx-11.0-arm64-cpython-310/lxml
2022-12-27T11:28:48.7088400Z   copying src/lxml/ElementInclude.py -> build/lib.macosx-11.0-arm64-cpython-310/lxml
2022-12-27T11:28:48.7104820Z   creating build/lib.macosx-11.0-arm64-cpython-310/lxml/html
2022-12-27T11:28:48.7106320Z   copying src/lxml/html/soupparser.py -> build/lib.macosx-11.0-arm64-cpython-310/lxml/html
2022-12-27T11:28:48.7116820Z   copying src/lxml/html/defs.py -> build/lib.macosx-11.0-arm64-cpython-310/lxml/html
2022-12-27T11:28:48.7121190Z   copying src/lxml/html/_setmixin.py -> build/lib.macosx-11.0-arm64-cpython-310/lxml/html
2022-12-27T11:28:48.7124940Z   copying src/lxml/html/clean.py -> build/lib.macosx-11.0-arm64-cpython-310/lxml/html
2022-12-27T11:28:48.7132570Z   copying src/lxml/html/_diffcommand.py -> build/lib.macosx-11.0-arm64-cpython-310/lxml/html
2022-12-27T11:28:48.7134270Z   copying src/lxml/html/__init__.py -> build/lib.macosx-11.0-arm64-cpython-310/lxml/html
2022-12-27T11:28:48.7141940Z   copying src/lxml/html/formfill.py -> build/lib.macosx-11.0-arm64-cpython-310/lxml/html
2022-12-27T11:28:48.7148430Z   copying src/lxml/html/builder.py -> build/lib.macosx-11.0-arm64-cpython-310/lxml/html
2022-12-27T11:28:48.7156180Z   copying src/lxml/html/ElementSoup.py -> build/lib.macosx-11.0-arm64-cpython-310/lxml/html
2022-12-27T11:28:48.7160300Z   copying src/lxml/html/usedoctest.py -> build/lib.macosx-11.0-arm64-cpython-310/lxml/html
2022-12-27T11:28:48.7166560Z   copying src/lxml/html/diff.py -> build/lib.macosx-11.0-arm64-cpython-310/lxml/html
2022-12-27T11:28:48.7288980Z   copying src/lxml/html/_dictmixin.py -> build/lib.macosx-11.0-arm64-cpython-310/lxml/html
2022-12-27T11:28:48.7289580Z   running build_ext
2022-12-27T11:28:48.7405080Z   skipping 'src/lxml/lxml.etree.c' Cython extension (up-to-date)
2022-12-27T11:28:48.7417640Z   skipping 'src/lxml/lxml.objectify.c' Cython extension (up-to-date)
2022-12-27T11:28:48.7419020Z   building 'lxml.etree' extension
2022-12-27T11:28:48.7421900Z   creating build/temp.macosx-11.0-arm64-cpython-310
2022-12-27T11:28:48.7423890Z   creating build/temp.macosx-11.0-arm64-cpython-310/src
2022-12-27T11:28:48.7426680Z   creating build/temp.macosx-11.0-arm64-cpython-310/src/lxml
2022-12-27T11:28:48.7430420Z   clang -Wno-unused-result -Wsign-compare -Wunreachable-code -fno-common -dynamic -DNDEBUG -g -fwrapv -O3 -Wall -g -I/usr/local/opt/openssl@3/include -I/usr/local/opt/openssl@3/include -arch arm64 -I/Library/Developer/CommandLineTools/SDKs/MacOSX12.1.sdk/usr/include -I/private/var/folders/51/hd414ycd67n82196sw51xqtc0000gn/T/cibw-run-tr22c6q5/cp310-macosx_arm64/build/venv/include -I/Library/Frameworks/Python.framework/Versions/3.10/include/python3.10 -c src/lxml/lxml.etree.c -o build/temp.macosx-11.0-arm64-cpython-310/src/lxml/lxml.etree.o -w -flat_namespace
2022-12-27T11:28:49.4252460Z   src/lxml/lxml.etree.c:101801:3: error: expression is not assignable
2022-12-27T11:28:49.4254810Z     ++Py_REFCNT(o);
2022-12-27T11:28:49.4256640Z     ^ ~~~~~~~~~~~~
2022-12-27T11:28:49.4261270Z   src/lxml/lxml.etree.c:101804:3: error: expression is not assignable
2022-12-27T11:28:49.4263880Z     --Py_REFCNT(o);
2022-12-27T11:28:49.4264580Z     ^ ~~~~~~~~~~~~
2022-12-27T11:28:49.4266530Z   src/lxml/lxml.etree.c:102236:3: error: expression is not assignable
2022-12-27T11:28:49.4269290Z     ++Py_REFCNT(o);
2022-12-27T11:28:49.4271640Z     ^ ~~~~~~~~~~~~
2022-12-27T11:28:49.4275920Z   src/lxml/lxml.etree.c:102239:3: error: expression is not assignable
2022-12-27T11:28:49.4280660Z     --Py_REFCNT(o);
2022-12-27T11:28:49.4282220Z     ^ ~~~~~~~~~~~~
2022-12-27T11:28:49.4598340Z   src/lxml/lxml.etree.c:110660:3: error: expression is not assignable
2022-12-27T11:28:49.4602640Z     ++Py_REFCNT(o);
2022-12-27T11:28:49.4605200Z     ^ ~~~~~~~~~~~~
2022-12-27T11:28:49.4608160Z   src/lxml/lxml.etree.c:110663:3: error: expression is not assignable
2022-12-27T11:28:49.4609770Z     --Py_REFCNT(o);
2022-12-27T11:28:49.4611410Z     ^ ~~~~~~~~~~~~
2022-12-27T11:28:49.4614530Z   src/lxml/lxml.etree.c:111225:3: error: expression is not assignable
2022-12-27T11:28:49.4616540Z     ++Py_REFCNT(o);
2022-12-27T11:28:49.4619310Z     ^ ~~~~~~~~~~~~
2022-12-27T11:28:49.4621210Z   src/lxml/lxml.etree.c:111228:3: error: expression is not assignable
2022-12-27T11:28:49.4623810Z     --Py_REFCNT(o);
2022-12-27T11:28:49.4625400Z     ^ ~~~~~~~~~~~~
2022-12-27T11:28:49.4632160Z   src/lxml/lxml.etree.c:111604:3: error: expression is not assignable
2022-12-27T11:28:49.4634370Z     ++Py_REFCNT(o);
2022-12-27T11:28:49.4637890Z     ^ ~~~~~~~~~~~~
2022-12-27T11:28:49.4639590Z   src/lxml/lxml.etree.c:111607:3: error: expression is not assignable
2022-12-27T11:28:49.4642440Z     --Py_REFCNT(o);
2022-12-27T11:28:49.4644040Z     ^ ~~~~~~~~~~~~
2022-12-27T11:28:49.4646660Z   src/lxml/lxml.etree.c:111777:3: error: expression is not assignable
2022-12-27T11:28:49.4648520Z     ++Py_REFCNT(o);
2022-12-27T11:28:49.4650860Z     ^ ~~~~~~~~~~~~
2022-12-27T11:28:49.4653070Z   src/lxml/lxml.etree.c:111780:3: error: expression is not assignable
2022-12-27T11:28:49.4655430Z     --Py_REFCNT(o);
2022-12-27T11:28:49.4657240Z     ^ ~~~~~~~~~~~~
2022-12-27T11:28:49.4810380Z   src/lxml/lxml.etree.c:115577:3: error: expression is not assignable
2022-12-27T11:28:49.4813140Z     ++Py_REFCNT(o);
2022-12-27T11:28:49.4814650Z     ^ ~~~~~~~~~~~~
2022-12-27T11:28:49.4817650Z   src/lxml/lxml.etree.c:115580:3: error: expression is not assignable
2022-12-27T11:28:49.4819390Z     --Py_REFCNT(o);
2022-12-27T11:28:49.4821690Z     ^ ~~~~~~~~~~~~
2022-12-27T11:28:49.4828450Z   src/lxml/lxml.etree.c:116127:3: error: expression is not assignable
2022-12-27T11:28:49.4830410Z     ++Py_REFCNT(o);
2022-12-27T11:28:49.4832960Z     ^ ~~~~~~~~~~~~
2022-12-27T11:28:49.4834660Z   src/lxml/lxml.etree.c:116130:3: error: expression is not assignable
2022-12-27T11:28:49.4837280Z     --Py_REFCNT(o);
2022-12-27T11:28:49.4839840Z     ^ ~~~~~~~~~~~~
2022-12-27T11:28:49.4853450Z   src/lxml/lxml.etree.c:116663:3: error: expression is not assignable
2022-12-27T11:28:49.4855580Z     ++Py_REFCNT(o);
2022-12-27T11:28:49.4857440Z     ^ ~~~~~~~~~~~~
2022-12-27T11:28:49.4860150Z   src/lxml/lxml.etree.c:116666:3: error: expression is not assignable
2022-12-27T11:28:49.4862010Z     --Py_REFCNT(o);
2022-12-27T11:28:49.4864260Z     ^ ~~~~~~~~~~~~
2022-12-27T11:28:49.4866750Z   src/lxml/lxml.etree.c:117038:3: error: expression is not assignable
2022-12-27T11:28:49.4868570Z     ++Py_REFCNT(o);
2022-12-27T11:28:49.4870710Z     ^ ~~~~~~~~~~~~
2022-12-27T11:28:49.4873290Z   fatal error: too many errors emitted, stopping now [-ferror-limit=]
2022-12-27T11:28:49.5400100Z   20 errors generated.
2022-12-27T11:28:49.5456400Z   error: command '/usr/bin/clang' failed with exit code 1
2022-12-27T11:28:49.6168300Z   error: subprocess-exited-with-error
2022-12-27T11:28:49.6169030Z   
2022-12-27T11:28:49.6170260Z   Ã— python setup.py bdist_wheel did not run successfully.
2022-12-27T11:28:49.6171690Z   â”‚ exit code: 1
2022-12-27T11:28:49.6172580Z   â•°â”€> See above for output.
2022-12-27T11:28:49.6173270Z   
2022-12-27T11:28:49.6174020Z   note: This error originates from a subprocess, and is likely not a problem with pip.
2022-12-27T11:28:49.6182340Z   full command: /private/var/folders/51/hd414ycd67n82196sw51xqtc0000gn/T/cibw-run-tr22c6q5/cp310-macosx_arm64/build/venv/bin/python -u -c '
2022-12-27T11:28:49.6183600Z   exec(compile('"'"''"'"''"'"'
2022-12-27T11:28:49.6184210Z   # This is <pip-setuptools-caller> -- a caller that pip uses to run setup.py
2022-12-27T11:28:49.6184540Z   #
2022-12-27T11:28:49.6185320Z   # - It imports setuptools before invoking setup.py, to enable projects that directly
2022-12-27T11:28:49.6185900Z   #   import from `distutils.core` to work with newer packaging standards.
2022-12-27T11:28:49.6186510Z   # - It provides a clear error message when setuptools is not installed.
2022-12-27T11:28:49.6187270Z   # - It sets `sys.argv[0]` to the underlying `setup.py`, when invoking `setup.py` so
2022-12-27T11:28:49.6187950Z   #   setuptools doesn'"'"'t think the script is `-c`. This avoids the following warning:
2022-12-27T11:28:49.6189300Z   #     manifest_maker: standard file '"'"'-c'"'"' not found".
2022-12-27T11:28:49.6189810Z   # - It generates a shim setup.py, for handling setup.cfg-only projects.
2022-12-27T11:28:49.6190250Z   import os, sys, tokenize
2022-12-27T11:28:49.6190500Z   
2022-12-27T11:28:49.6190720Z   try:
2022-12-27T11:28:49.6191760Z       import setuptools
2022-12-27T11:28:49.6192100Z   except ImportError as error:
2022-12-27T11:28:49.6192370Z       print(
2022-12-27T11:28:49.6192740Z           "ERROR: Can not execute `setup.py` since setuptools is not available in "
2022-12-27T11:28:49.6193160Z           "the build environment.",
2022-12-27T11:28:49.6193500Z           file=sys.stderr,
2022-12-27T11:28:49.6193740Z       )
2022-12-27T11:28:49.6193920Z       sys.exit(1)
2022-12-27T11:28:49.6194200Z   
2022-12-27T11:28:49.6194450Z   __file__ = %r
2022-12-27T11:28:49.6194760Z   sys.argv[0] = __file__
2022-12-27T11:28:49.6195020Z   
2022-12-27T11:28:49.6195250Z   if os.path.exists(__file__):
2022-12-27T11:28:49.6195540Z       filename = __file__
2022-12-27T11:28:49.6196000Z       with tokenize.open(__file__) as f:
2022-12-27T11:28:49.6196280Z           setup_py_code = f.read()
2022-12-27T11:28:49.6196590Z   else:
2022-12-27T11:28:49.6197150Z       filename = "<auto-generated setuptools caller>"
2022-12-27T11:28:49.6197490Z       setup_py_code = "from setuptools import setup; setup()"
2022-12-27T11:28:49.6197830Z   
2022-12-27T11:28:49.6198410Z   exec(compile(setup_py_code, filename, "exec"))
2022-12-27T11:28:49.6199200Z   '"'"''"'"''"'"' % ('"'"'/Users/runner/actions-runner/_work/python.build/python.build/build_lxml211310/lxml-2.1.1/setup.py'"'"',), "<pip-setuptools-caller>", "exec"))' bdist_wheel -d /private/var/folders/51/hd414ycd67n82196sw51xqtc0000gn/T/pip-wheel-uugwndqw
2022-12-27T11:28:49.6200500Z   cwd: /Users/runner/actions-runner/_work/python.build/python.build/build_lxml211310/lxml-2.1.1/
2022-12-27T11:28:49.6201460Z   ERROR: Failed building wheel for lxml
2022-12-27T11:28:49.6202520Z   Building wheel for lxml (setup.py): finished with status 'error'
2022-12-27T11:28:49.6203180Z   Running setup.py clean for lxml
2022-12-27T11:28:49.6203620Z   Running command python setup.py clean
2022-12-27T11:28:50.0103440Z   Building lxml version 2.1.1.
2022-12-27T11:28:50.0105120Z   Building with Cython 0.29.32.
2022-12-27T11:28:50.0365190Z   Using build configuration of libxslt 1.1.29
2022-12-27T11:28:50.2313240Z   Building against libxml2/libxslt in the following directory: /Library/Developer/CommandLineTools/SDKs/MacOSX12.1.sdk/usr/lib
2022-12-27T11:28:50.2520640Z   running clean
2022-12-27T11:28:50.2560540Z   removing 'build/temp.macosx-11.0-arm64-cpython-310' (and everything under it)
2022-12-27T11:28:50.2564110Z   removing 'build/lib.macosx-11.0-arm64-cpython-310' (and everything under it)
2022-12-27T11:28:50.2599580Z   'build/bdist.macosx-11.0-arm64' does not exist -- can't clean it
2022-12-27T11:28:50.2602840Z   'build/scripts-3.10' does not exist -- can't clean it
2022-12-27T11:28:50.2605070Z   removing 'build'
2022-12-27T11:28:50.3127650Z Failed to build lxml
2022-12-27T11:28:50.3134150Z ERROR: Failed to build one or more wheels
2022-12-27T11:28:50.3149870Z Exception information:
2022-12-27T11:28:50.3150480Z Traceback (most recent call last):
2022-12-27T11:28:50.3163180Z   File "/private/var/folders/51/hd414ycd67n82196sw51xqtc0000gn/T/cibw-run-tr22c6q5/cp310-macosx_arm64/build/venv/lib/python3.10/site-packages/pip/_internal/cli/base_command.py", line 160, in exc_logging_wrapper
2022-12-27T11:28:50.3163960Z     status = run_func(*args)
2022-12-27T11:28:50.3164830Z   File "/private/var/folders/51/hd414ycd67n82196sw51xqtc0000gn/T/cibw-run-tr22c6q5/cp310-macosx_arm64/build/venv/lib/python3.10/site-packages/pip/_internal/cli/req_command.py", line 247, in wrapper
2022-12-27T11:28:50.3165370Z     return func(self, options, args)
2022-12-27T11:28:50.3166150Z   File "/private/var/folders/51/hd414ycd67n82196sw51xqtc0000gn/T/cibw-run-tr22c6q5/cp310-macosx_arm64/build/venv/lib/python3.10/site-packages/pip/_internal/commands/wheel.py", line 201, in run
2022-12-27T11:28:50.3167570Z     raise CommandError("Failed to build one or more wheels")
2022-12-27T11:28:50.3167910Z pip._internal.exceptions.CommandError: Failed to build one or more wheels
2022-12-27T11:28:50.3168570Z Removed build tracker: '/private/var/folders/51/hd414ycd67n82196sw51xqtc0000gn/T/pip-build-tracker-wzvoeitw'
2022-12-27T11:28:50.4017340Z ##[endgroup]
2022-12-27T11:28:50.4018630Z                                                               [31mâœ• [0m3.66s
2022-12-27T11:28:50.4064980Z ##[error]Command ['python', '-m', 'pip', 'wheel', '/Users/runner/actions-runner/_work/python.build/python.build/build_lxml211310/lxml-2.1.1', '--wheel-dir=/private/var/folders/51/hd414ycd67n82196sw51xqtc0000gn/T/cibw-run-tr22c6q5/cp310-macosx_arm64/built_wheel', '--no-deps', '-vvv'] failed with code 1. None
2022-12-27T11:28:50.4073740Z 
2022-12-27T11:28:50.4885910Z ##[error]Process completed with exit code 1.
2022-12-27T11:28:50.4940040Z ##[group]Run rm -rf build_lxml211310 wheelsout
2022-12-27T11:28:50.4940490Z [36;1mrm -rf build_lxml211310 wheelsout[0m
2022-12-27T11:28:50.4967870Z shell: /bin/bash -e {0}
2022-12-27T11:28:50.4968060Z env:
2022-12-27T11:28:50.4968440Z   pythonLocation: /Users/runner/hostedtoolcache/Python/3.10.9/x64
2022-12-27T11:28:50.4968760Z   PKG_CONFIG_PATH: /Users/runner/hostedtoolcache/Python/3.10.9/x64/lib/pkgconfig
2022-12-27T11:28:50.4969070Z   Python_ROOT_DIR: /Users/runner/hostedtoolcache/Python/3.10.9/x64
2022-12-27T11:28:50.4969380Z   Python2_ROOT_DIR: /Users/runner/hostedtoolcache/Python/3.10.9/x64
2022-12-27T11:28:50.4969680Z   Python3_ROOT_DIR: /Users/runner/hostedtoolcache/Python/3.10.9/x64
2022-12-27T11:28:50.4969910Z ##[endgroup]
2022-12-27T11:28:50.5923410Z Cleaning up orphan processes
