2022-12-27T08:48:20.3981068Z Requested labels: self-hosted, macOS, X64
2022-12-27T08:48:20.3981179Z Job defined at: kilnbuild/python.build/.github/workflows/mac_arm_build.yml@refs/heads/main
2022-12-27T08:48:20.3981211Z Waiting for a runner to pick up this job...
2022-12-27T11:13:29.4471880Z Job is about to start running on the runner: kr2 (organization)
2022-12-27T11:13:35.8037980Z Current runner version: '2.300.2'
2022-12-27T11:13:35.8045580Z Runner name: 'kr2'
2022-12-27T11:13:35.8045960Z Runner group name: 'Default'
2022-12-27T11:13:35.8046790Z Machine name: 'kr2'
2022-12-27T11:13:35.8049360Z ##[group]GITHUB_TOKEN Permissions
2022-12-27T11:13:35.8049990Z Actions: write
2022-12-27T11:13:35.8050250Z Checks: write
2022-12-27T11:13:35.8050490Z Contents: write
2022-12-27T11:13:35.8050730Z Deployments: write
2022-12-27T11:13:35.8050990Z Discussions: write
2022-12-27T11:13:35.8051240Z Issues: write
2022-12-27T11:13:35.8051470Z Metadata: read
2022-12-27T11:13:35.8051720Z Packages: write
2022-12-27T11:13:35.8051970Z Pages: write
2022-12-27T11:13:35.8052210Z PullRequests: write
2022-12-27T11:13:35.8052510Z RepositoryProjects: write
2022-12-27T11:13:35.8052790Z SecurityEvents: write
2022-12-27T11:13:35.8053120Z Statuses: write
2022-12-27T11:13:35.8053370Z ##[endgroup]
2022-12-27T11:13:35.8056940Z Secret source: Actions
2022-12-27T11:13:35.8057400Z Prepare workflow directory
2022-12-27T11:13:35.9146340Z Prepare all required actions
2022-12-27T11:13:35.9350350Z Getting action download info
2022-12-27T11:13:36.3866800Z Download action repository 'actions/setup-python@v4' (SHA:5ccb29d8773c3f3f653e1705f474dfaa8a06a912)
2022-12-27T11:13:38.2568390Z Download action repository 'actions/upload-artifact@v3' (SHA:83fd05a356d7e2593de66fc9913b3002723633cb)
2022-12-27T11:13:39.7243170Z ##[group]Run echo '{
2022-12-27T11:13:39.7243790Z [36;1mecho '{[0m
2022-12-27T11:13:39.7244120Z [36;1m  "package_name": "lxml",[0m
2022-12-27T11:13:39.7244550Z [36;1m  "package_url": "https://files.pythonhosted.org/packages/32/eb/1b6209118441e2a53f55b26cad5b100c87556ab134fc1af8a6e2d0bdf628/lxml-3.1.0.tar.gz",[0m
2022-12-27T11:13:39.7245110Z [36;1m  "package_version": "3.1.0",[0m
2022-12-27T11:13:39.7245480Z [36;1m  "python_version": "3.11",[0m
2022-12-27T11:13:39.7245800Z [36;1m  "use_ccache": "true"[0m
2022-12-27T11:13:39.7246040Z [36;1m}'[0m
2022-12-27T11:13:39.7273170Z shell: /bin/bash -e {0}
2022-12-27T11:13:39.7273580Z ##[endgroup]
2022-12-27T11:13:39.7672520Z {
2022-12-27T11:13:39.7675630Z   "package_name": "lxml",
2022-12-27T11:13:39.7676800Z   "package_url": "https://files.pythonhosted.org/packages/32/eb/1b6209118441e2a53f55b26cad5b100c87556ab134fc1af8a6e2d0bdf628/lxml-3.1.0.tar.gz",
2022-12-27T11:13:39.7677340Z   "package_version": "3.1.0",
2022-12-27T11:13:39.7677930Z   "python_version": "3.11",
2022-12-27T11:13:39.7678230Z   "use_ccache": "true"
2022-12-27T11:13:39.7678560Z }
2022-12-27T11:13:39.8053030Z ##[group]Run actions/setup-python@v4
2022-12-27T11:13:39.8053860Z with:
2022-12-27T11:13:39.8054810Z   python-version: 3.11
2022-12-27T11:13:39.8055340Z   check-latest: false
2022-12-27T11:13:39.8056370Z   token: ***
2022-12-27T11:13:39.8057030Z   update-environment: true
2022-12-27T11:13:39.8057650Z ##[endgroup]
2022-12-27T11:13:40.0243060Z ##[group]Installed versions
2022-12-27T11:13:40.0303310Z Successfully set up CPython (3.11.1)
2022-12-27T11:13:40.0304440Z ##[endgroup]
2022-12-27T11:13:40.0539480Z ##[group]Run if [ "true" == "true" ]
2022-12-27T11:13:40.0540130Z [36;1mif [ "true" == "true" ][0m
2022-12-27T11:13:40.0540510Z [36;1mthen[0m
2022-12-27T11:13:40.0540970Z [36;1m  echo "CCACHE_PATH_PREPEND=/usr/local/opt/ccache/libexec" >> $GITHUB_OUTPUT[0m
2022-12-27T11:13:40.0541380Z [36;1melse[0m
2022-12-27T11:13:40.0541770Z [36;1m  echo "CCACHE_PATH_PREPEND=" >> $GITHUB_OUTPUT[0m
2022-12-27T11:13:40.0542080Z [36;1mfi[0m
2022-12-27T11:13:40.0575100Z shell: /bin/bash -e {0}
2022-12-27T11:13:40.0575480Z env:
2022-12-27T11:13:40.0575900Z   pythonLocation: /Users/runner/hostedtoolcache/Python/3.11.1/x64
2022-12-27T11:13:40.0576310Z   PKG_CONFIG_PATH: /Users/runner/hostedtoolcache/Python/3.11.1/x64/lib/pkgconfig
2022-12-27T11:13:40.0576930Z   Python_ROOT_DIR: /Users/runner/hostedtoolcache/Python/3.11.1/x64
2022-12-27T11:13:40.0577400Z   Python2_ROOT_DIR: /Users/runner/hostedtoolcache/Python/3.11.1/x64
2022-12-27T11:13:40.0577930Z   Python3_ROOT_DIR: /Users/runner/hostedtoolcache/Python/3.11.1/x64
2022-12-27T11:13:40.0578880Z ##[endgroup]
2022-12-27T11:13:40.0862940Z ##[group]Run echo "BUILD_NAME=$(echo lxml_3.1.0_3.11 | tr -dc '[:alnum:]\n\r' | tr '[:upper:]' '[:lower:]')" >> $GITHUB_OUTPUT
2022-12-27T11:13:40.0863540Z [36;1mecho "BUILD_NAME=$(echo lxml_3.1.0_3.11 | tr -dc '[:alnum:]\n\r' | tr '[:upper:]' '[:lower:]')" >> $GITHUB_OUTPUT[0m
2022-12-27T11:13:40.0890940Z shell: /bin/bash -e {0}
2022-12-27T11:13:40.0891200Z env:
2022-12-27T11:13:40.0891630Z   pythonLocation: /Users/runner/hostedtoolcache/Python/3.11.1/x64
2022-12-27T11:13:40.0892080Z   PKG_CONFIG_PATH: /Users/runner/hostedtoolcache/Python/3.11.1/x64/lib/pkgconfig
2022-12-27T11:13:40.0892520Z   Python_ROOT_DIR: /Users/runner/hostedtoolcache/Python/3.11.1/x64
2022-12-27T11:13:40.0892880Z   Python2_ROOT_DIR: /Users/runner/hostedtoolcache/Python/3.11.1/x64
2022-12-27T11:13:40.0893400Z   Python3_ROOT_DIR: /Users/runner/hostedtoolcache/Python/3.11.1/x64
2022-12-27T11:13:40.0893750Z ##[endgroup]
2022-12-27T11:13:40.1123630Z ##[group]Run echo "PYTHON_NO_DOTS=$(echo 3.11 | tr -dc '[:alnum:]\n\r' | tr '[:upper:]' '[:lower:]')" >> $GITHUB_OUTPUT
2022-12-27T11:13:40.1124330Z [36;1mecho "PYTHON_NO_DOTS=$(echo 3.11 | tr -dc '[:alnum:]\n\r' | tr '[:upper:]' '[:lower:]')" >> $GITHUB_OUTPUT[0m
2022-12-27T11:13:40.1154020Z shell: /bin/bash -e {0}
2022-12-27T11:13:40.1154460Z env:
2022-12-27T11:13:40.1154950Z   pythonLocation: /Users/runner/hostedtoolcache/Python/3.11.1/x64
2022-12-27T11:13:40.1156650Z   PKG_CONFIG_PATH: /Users/runner/hostedtoolcache/Python/3.11.1/x64/lib/pkgconfig
2022-12-27T11:13:40.1157070Z   Python_ROOT_DIR: /Users/runner/hostedtoolcache/Python/3.11.1/x64
2022-12-27T11:13:40.1157520Z   Python2_ROOT_DIR: /Users/runner/hostedtoolcache/Python/3.11.1/x64
2022-12-27T11:13:40.1158040Z   Python3_ROOT_DIR: /Users/runner/hostedtoolcache/Python/3.11.1/x64
2022-12-27T11:13:40.1158360Z ##[endgroup]
2022-12-27T11:13:40.1407550Z ##[group]Run rm -rf build_lxml310311
2022-12-27T11:13:40.1408290Z [36;1mrm -rf build_lxml310311[0m
2022-12-27T11:13:40.1408740Z [36;1mmkdir build_lxml310311[0m
2022-12-27T11:13:40.1409080Z [36;1mcd build_lxml310311[0m
2022-12-27T11:13:40.1409580Z [36;1m/usr/local/bin/wget --quiet https://files.pythonhosted.org/packages/32/eb/1b6209118441e2a53f55b26cad5b100c87556ab134fc1af8a6e2d0bdf628/lxml-3.1.0.tar.gz[0m
2022-12-27T11:13:40.1410040Z [36;1mtar xf *.tar.gz[0m
2022-12-27T11:13:40.1410340Z [36;1mcd *[0m
2022-12-27T11:13:40.1410710Z [36;1mpython -m pip install cibuildwheel==2.11.3[0m
2022-12-27T11:13:40.1411100Z [36;1mpython -m cibuildwheel --output-dir ../wheelsout[0m
2022-12-27T11:13:40.1440430Z shell: /bin/bash -e {0}
2022-12-27T11:13:40.1440700Z env:
2022-12-27T11:13:40.1441160Z   pythonLocation: /Users/runner/hostedtoolcache/Python/3.11.1/x64
2022-12-27T11:13:40.1441630Z   PKG_CONFIG_PATH: /Users/runner/hostedtoolcache/Python/3.11.1/x64/lib/pkgconfig
2022-12-27T11:13:40.1442310Z   Python_ROOT_DIR: /Users/runner/hostedtoolcache/Python/3.11.1/x64
2022-12-27T11:13:40.1442760Z   Python2_ROOT_DIR: /Users/runner/hostedtoolcache/Python/3.11.1/x64
2022-12-27T11:13:40.1443310Z   Python3_ROOT_DIR: /Users/runner/hostedtoolcache/Python/3.11.1/x64
2022-12-27T11:13:40.1443700Z   CIBW_ARCHS_MACOS: arm64
2022-12-27T11:13:40.1443970Z   CIBW_TEST_SKIP: *_arm64
2022-12-27T11:13:40.1444310Z   CIBW_BUILD: cp311-macosx_arm64
2022-12-27T11:13:40.1444800Z   CIBW_BUILD_FRONTEND: pip
2022-12-27T11:13:40.1445090Z   CIBW_BUILD_VERBOSITY: 3
2022-12-27T11:13:40.1445660Z   CIBW_ENVIRONMENT_MACOS:  CFLAGS="-I/usr/local/opt/openssl@3/include" LDFLAGS="-L/usr/local/opt/openssl@3/lib" CPPFLAGS="-I/usr/local/opt/openssl@3/include" MAKEFLAGS="-j$(sysctl -n hw.logicalcpu)" PATH=/usr/local/opt/ccache/libexec:$PATH
2022-12-27T11:13:40.1446320Z   CIBW_BEFORE_BUILD: pip install Cython; if [[ -f requirements.txt ]]; then pip install -r requirements.txt; fi
2022-12-27T11:13:40.1446780Z   MAKEFLAGS: -j$(sysctl -n hw.logicalcpu)
2022-12-27T11:13:40.1447150Z ##[endgroup]
2022-12-27T11:13:40.9508600Z Requirement already satisfied: cibuildwheel==2.11.3 in /Library/Frameworks/Python.framework/Versions/3.11/lib/python3.11/site-packages (2.11.3)
2022-12-27T11:13:41.0067640Z Requirement already satisfied: bashlex!=0.13 in /Library/Frameworks/Python.framework/Versions/3.11/lib/python3.11/site-packages (from cibuildwheel==2.11.3) (0.16)
2022-12-27T11:13:41.0077910Z Requirement already satisfied: bracex in /Library/Frameworks/Python.framework/Versions/3.11/lib/python3.11/site-packages (from cibuildwheel==2.11.3) (2.3.post1)
2022-12-27T11:13:41.0087370Z Requirement already satisfied: certifi in /Library/Frameworks/Python.framework/Versions/3.11/lib/python3.11/site-packages (from cibuildwheel==2.11.3) (2022.12.7)
2022-12-27T11:13:41.0096990Z Requirement already satisfied: filelock in /Library/Frameworks/Python.framework/Versions/3.11/lib/python3.11/site-packages (from cibuildwheel==2.11.3) (3.8.2)
2022-12-27T11:13:41.0112130Z Requirement already satisfied: packaging>=20.9 in /Library/Frameworks/Python.framework/Versions/3.11/lib/python3.11/site-packages (from cibuildwheel==2.11.3) (22.0)
2022-12-27T11:13:41.0126350Z Requirement already satisfied: platformdirs in /Library/Frameworks/Python.framework/Versions/3.11/lib/python3.11/site-packages (from cibuildwheel==2.11.3) (2.6.0)
2022-12-27T11:13:41.4151360Z 
2022-12-27T11:13:41.4152600Z      _ _       _ _   _       _           _
2022-12-27T11:13:41.4153660Z  ___|_| |_ _ _|_| |_| |_ _ _| |_ ___ ___| |
2022-12-27T11:13:41.4158260Z |  _| | . | | | | | . | | | |   | -_| -_| |
2022-12-27T11:13:41.4159180Z |___|_|___|___|_|_|___|_____|_|_|___|___|_|
2022-12-27T11:13:41.4159560Z 
2022-12-27T11:13:41.4160390Z cibuildwheel version 2.11.3
2022-12-27T11:13:41.4160800Z 
2022-12-27T11:13:41.4161110Z Build options:
2022-12-27T11:13:41.4161600Z   platform: macos
2022-12-27T11:13:41.4297030Z   architectures: arm64[0m
2022-12-27T11:13:41.4297520Z   build_selector: 
2022-12-27T11:13:41.4300250Z     build_config: cp311-macosx_arm64
2022-12-27T11:13:41.4301110Z     skip_config: 
2022-12-27T11:13:41.4301520Z     requires_python: None
2022-12-27T11:13:41.4302070Z     prerelease_pythons: False[0m
2022-12-27T11:13:41.4302640Z   [38;5;244mcontainer_engine: docker[0m
2022-12-27T11:13:41.4303730Z   output_dir: /Users/runner/actions-runner/_work/python.build/python.build/build_lxml310311/wheelsout[0m
2022-12-27T11:13:41.4304580Z   package_dir: /Users/runner/actions-runner/_work/python.build/python.build/build_lxml310311/lxml-3.1.0[0m
2022-12-27T11:13:41.4305770Z   test_selector: 
2022-12-27T11:13:41.4307480Z     skip_config: *_arm64[0m
2022-12-27T11:13:41.4308360Z   [38;5;244mbefore_all: [0m
2022-12-27T11:13:41.4308960Z   before_build: pip install Cython; if [[ -f requirements.txt ]]; then pip install -r requirements.txt; fi[0m
2022-12-27T11:13:41.4309550Z   [38;5;244mbefore_test: [0m
2022-12-27T11:13:41.4310030Z   [38;5;244mbuild_frontend: pip[0m
2022-12-27T11:13:41.4310420Z   build_verbosity: 3[0m
2022-12-27T11:13:41.4311040Z   [38;5;244mconfig_settings: [0m
2022-12-27T11:13:41.4311560Z   [38;5;244mdependency_constraints: pinned[0m
2022-12-27T11:13:41.4311960Z   environment: 
2022-12-27T11:13:41.4312390Z     CFLAGS="-I/usr/local/opt/openssl@3/include"
2022-12-27T11:13:41.4313010Z     LDFLAGS="-L/usr/local/opt/openssl@3/lib"
2022-12-27T11:13:41.4313590Z     CPPFLAGS="-I/usr/local/opt/openssl@3/include"
2022-12-27T11:13:41.4314060Z     MAKEFLAGS="-j$(sysctl -n hw.logicalcpu)"
2022-12-27T11:13:41.4314660Z     PATH=/usr/local/opt/ccache/libexec:$PATH[0m
2022-12-27T11:13:41.4315180Z   [38;5;244mmanylinux_images: None[0m
2022-12-27T11:13:41.4315730Z   [38;5;244mmusllinux_images: None[0m
2022-12-27T11:13:41.4316530Z   [38;5;244mrepair_command: delocate-wheel --require-archs {delocate_archs} -w {dest_dir} -v {wheel}[0m
2022-12-27T11:13:41.4317110Z   [38;5;244mtest_command: [0m
2022-12-27T11:13:41.4317500Z   [38;5;244mtest_extras: [0m
2022-12-27T11:13:41.4317970Z   [38;5;244mtest_requires: [0m
2022-12-27T11:13:41.4318310Z 
2022-12-27T11:13:41.4318540Z Cache folder: /Users/runner/Library/Caches/cibuildwheel
2022-12-27T11:13:41.4321940Z 
2022-12-27T11:13:41.4323270Z Here we go!
2022-12-27T11:13:41.4323440Z 
2022-12-27T11:13:41.4491270Z 
2022-12-27T11:13:41.4492300Z [1m[34mBuilding cp311-macosx_arm64 wheel[0m
2022-12-27T11:13:41.4493230Z CPython 3.11 macOS arm64 - Apple Silicon
2022-12-27T11:13:41.4493710Z 
2022-12-27T11:13:41.4495820Z ##[group]Installing Python cp311...
2022-12-27T11:13:41.4496320Z 
2022-12-27T11:13:41.4497250Z + pkgutil --pkgs
2022-12-27T11:13:41.4704620Z ##[endgroup]
2022-12-27T11:13:41.4706450Z                                                               [32mâœ“ [0m0.02s
2022-12-27T11:13:41.4707240Z ##[group]Setting up build environment...
2022-12-27T11:13:41.4707490Z 
2022-12-27T11:13:41.4734430Z + /Library/Frameworks/Python.framework/Versions/3.11/bin/python -sS /Users/runner/Library/Caches/cibuildwheel/virtualenv-20.17.0.pyz --activators= --no-periodic-update --pip=22.3.1 --setuptools=65.6.3 --wheel=0.38.4 --symlink-app-data --python /Library/Frameworks/Python.framework/Versions/3.11/bin/python3 /private/var/folders/51/hd414ycd67n82196sw51xqtc0000gn/T/cibw-run-poi2fqz_/cp311-macosx_arm64/build/venv
2022-12-27T11:13:41.7820220Z created virtual environment CPython3.11.1.final.0-64 in 84ms
2022-12-27T11:13:41.7821940Z   creator CPython3Posix(dest=/private/var/folders/51/hd414ycd67n82196sw51xqtc0000gn/T/cibw-run-poi2fqz_/cp311-macosx_arm64/build/venv, clear=False, no_vcs_ignore=False, global=False)
2022-12-27T11:13:41.7823460Z   seeder FromAppData(download=False, pip=22.3.1, setuptools=65.6.3, wheel=0.38.4, via=symlink, app_data_dir=/Users/runner/Library/Application Support/virtualenv)
2022-12-27T11:13:41.7824520Z     added seed packages: pip==22.3.1, setuptools==65.6.3, wheel==0.38.4
2022-12-27T11:13:41.8295420Z + python -m pip install --upgrade pip -c /Library/Frameworks/Python.framework/Versions/3.11/lib/python3.11/site-packages/cibuildwheel/resources/constraints-python311.txt
2022-12-27T11:13:42.2734440Z Requirement already satisfied: pip in ./lib/python3.11/site-packages (22.3.1)
2022-12-27T11:13:42.4965690Z + which pip
2022-12-27T11:13:42.5001210Z /private/var/folders/51/hd414ycd67n82196sw51xqtc0000gn/T/cibw-run-poi2fqz_/cp311-macosx_arm64/build/venv/bin/pip
2022-12-27T11:13:42.5007470Z + pip --version
2022-12-27T11:13:42.8395310Z pip 22.3.1 from /private/var/folders/51/hd414ycd67n82196sw51xqtc0000gn/T/cibw-run-poi2fqz_/cp311-macosx_arm64/build/venv/lib/python3.11/site-packages/pip (python 3.11)
2022-12-27T11:13:42.9176490Z + which pip
2022-12-27T11:13:42.9232800Z + which python
2022-12-27T11:13:42.9274640Z /private/var/folders/51/hd414ycd67n82196sw51xqtc0000gn/T/cibw-run-poi2fqz_/cp311-macosx_arm64/build/venv/bin/python
2022-12-27T11:13:42.9279490Z + python --version
2022-12-27T11:13:42.9397830Z Python 3.11.1
2022-12-27T11:13:42.9403580Z + which python
2022-12-27T11:13:42.9511670Z ##[endgroup]
2022-12-27T11:13:42.9512770Z                                                               [32mâœ“ [0m1.48s
2022-12-27T11:13:42.9514200Z ##[group]Installing build tools...
2022-12-27T11:13:42.9514460Z 
2022-12-27T11:13:42.9515080Z + pip install --upgrade setuptools wheel delocate -c /Library/Frameworks/Python.framework/Versions/3.11/lib/python3.11/site-packages/cibuildwheel/resources/constraints-python311.txt
2022-12-27T11:13:43.4514750Z Requirement already satisfied: setuptools in /private/var/folders/51/hd414ycd67n82196sw51xqtc0000gn/T/cibw-run-poi2fqz_/cp311-macosx_arm64/build/venv/lib/python3.11/site-packages (65.6.3)
2022-12-27T11:13:43.7186620Z Requirement already satisfied: wheel in /private/var/folders/51/hd414ycd67n82196sw51xqtc0000gn/T/cibw-run-poi2fqz_/cp311-macosx_arm64/build/venv/lib/python3.11/site-packages (0.38.4)
2022-12-27T11:13:43.7823310Z Collecting delocate
2022-12-27T11:13:43.7872930Z   Using cached delocate-0.10.3-py3-none-any.whl (142 kB)
2022-12-27T11:13:43.8312140Z Collecting packaging>=20.9
2022-12-27T11:13:43.8350740Z   Using cached packaging-21.3-py3-none-any.whl (40 kB)
2022-12-27T11:13:43.8618450Z Collecting typing-extensions
2022-12-27T11:13:43.8655840Z   Using cached typing_extensions-4.4.0-py3-none-any.whl (26 kB)
2022-12-27T11:13:43.9207090Z Collecting pyparsing!=3.0.5,>=2.0.2
2022-12-27T11:13:43.9246510Z   Using cached pyparsing-3.0.9-py3-none-any.whl (98 kB)
2022-12-27T11:13:44.0088100Z Installing collected packages: typing-extensions, pyparsing, packaging, delocate
2022-12-27T11:13:44.2426240Z Successfully installed delocate-0.10.3 packaging-21.3 pyparsing-3.0.9 typing-extensions-4.4.0
2022-12-27T11:13:44.3734640Z ##[endgroup]
2022-12-27T11:13:44.3736670Z                                                               [32mâœ“ [0m1.42s
2022-12-27T11:13:44.3737380Z ##[group]Running before_build...
2022-12-27T11:13:44.3737540Z 
2022-12-27T11:13:44.3749220Z + pip install Cython; if [[ -f requirements.txt ]]; then pip install -r requirements.txt; fi
2022-12-27T11:13:45.2438380Z Collecting Cython
2022-12-27T11:13:45.2538660Z   Using cached Cython-0.29.32-py2.py3-none-any.whl (986 kB)
2022-12-27T11:13:45.3232110Z Installing collected packages: Cython
2022-12-27T11:13:45.9992730Z Successfully installed Cython-0.29.32
2022-12-27T11:13:46.1372380Z ##[endgroup]
2022-12-27T11:13:46.1373790Z                                                               [32mâœ“ [0m1.76s
2022-12-27T11:13:46.1374460Z ##[group]Building wheel...
2022-12-27T11:13:46.1374610Z 
2022-12-27T11:13:46.1381090Z + python -m pip wheel /Users/runner/actions-runner/_work/python.build/python.build/build_lxml310311/lxml-3.1.0 --wheel-dir=/private/var/folders/51/hd414ycd67n82196sw51xqtc0000gn/T/cibw-run-poi2fqz_/cp311-macosx_arm64/built_wheel --no-deps -vvv
2022-12-27T11:13:46.5370870Z Created temporary directory: /private/var/folders/51/hd414ycd67n82196sw51xqtc0000gn/T/pip-ephem-wheel-cache-quf5swt4
2022-12-27T11:13:46.5375670Z Created temporary directory: /private/var/folders/51/hd414ycd67n82196sw51xqtc0000gn/T/pip-build-tracker-s8h1fa1p
2022-12-27T11:13:46.5380570Z Initialized build tracking at /private/var/folders/51/hd414ycd67n82196sw51xqtc0000gn/T/pip-build-tracker-s8h1fa1p
2022-12-27T11:13:46.5381930Z Created build tracker: /private/var/folders/51/hd414ycd67n82196sw51xqtc0000gn/T/pip-build-tracker-s8h1fa1p
2022-12-27T11:13:46.5383520Z Entered build tracker: /private/var/folders/51/hd414ycd67n82196sw51xqtc0000gn/T/pip-build-tracker-s8h1fa1p
2022-12-27T11:13:46.5387540Z Created temporary directory: /private/var/folders/51/hd414ycd67n82196sw51xqtc0000gn/T/pip-wheel-m_iwyxxt
2022-12-27T11:13:46.5395650Z Created temporary directory: /private/var/folders/51/hd414ycd67n82196sw51xqtc0000gn/T/pip-ephem-wheel-cache-zxivbx2b
2022-12-27T11:13:46.5520130Z Processing /Users/runner/actions-runner/_work/python.build/python.build/build_lxml310311/lxml-3.1.0
2022-12-27T11:13:46.5527680Z   Added file:///Users/runner/actions-runner/_work/python.build/python.build/build_lxml310311/lxml-3.1.0 to build tracker '/private/var/folders/51/hd414ycd67n82196sw51xqtc0000gn/T/pip-build-tracker-s8h1fa1p'
2022-12-27T11:13:46.5532760Z   Running setup.py (path:/Users/runner/actions-runner/_work/python.build/python.build/build_lxml310311/lxml-3.1.0/setup.py) egg_info for package from file:///Users/runner/actions-runner/_work/python.build/python.build/build_lxml310311/lxml-3.1.0
2022-12-27T11:13:46.5537610Z   Created temporary directory: /private/var/folders/51/hd414ycd67n82196sw51xqtc0000gn/T/pip-pip-egg-info-ibvpvcbq
2022-12-27T11:13:46.5539010Z   Preparing metadata (setup.py): started
2022-12-27T11:13:46.5542590Z   Running command python setup.py egg_info
2022-12-27T11:13:47.1846900Z   warning: no files found matching '*.txt' under directory 'src/lxml/tests'
2022-12-27T11:13:47.2889700Z   Building lxml version 3.1.0.
2022-12-27T11:13:47.2891020Z   Building without Cython.
2022-12-27T11:13:47.2892930Z   Using build configuration of libxslt 1.1.29
2022-12-27T11:13:47.2895460Z   Building against libxml2/libxslt in the following directory: /Library/Developer/CommandLineTools/SDKs/MacOSX12.1.sdk/usr/lib
2022-12-27T11:13:47.3523210Z   Preparing metadata (setup.py): finished with status 'done'
2022-12-27T11:13:47.3588640Z   Source in /Users/runner/actions-runner/_work/python.build/python.build/build_lxml310311/lxml-3.1.0 has version 3.1.0, which satisfies requirement lxml==3.1.0 from file:///Users/runner/actions-runner/_work/python.build/python.build/build_lxml310311/lxml-3.1.0
2022-12-27T11:13:47.3594150Z   Removed lxml==3.1.0 from file:///Users/runner/actions-runner/_work/python.build/python.build/build_lxml310311/lxml-3.1.0 from build tracker '/private/var/folders/51/hd414ycd67n82196sw51xqtc0000gn/T/pip-build-tracker-s8h1fa1p'
2022-12-27T11:13:47.3621810Z Created temporary directory: /private/var/folders/51/hd414ycd67n82196sw51xqtc0000gn/T/pip-unpack-4ia_jnaf
2022-12-27T11:13:47.3624940Z Building wheels for collected packages: lxml
2022-12-27T11:13:47.3631520Z   Created temporary directory: /private/var/folders/51/hd414ycd67n82196sw51xqtc0000gn/T/pip-wheel-ifgp_6ab
2022-12-27T11:13:47.3633220Z   Building wheel for lxml (setup.py): started
2022-12-27T11:13:47.3636080Z   Destination directory: /private/var/folders/51/hd414ycd67n82196sw51xqtc0000gn/T/pip-wheel-ifgp_6ab
2022-12-27T11:13:47.3637550Z   Running command python setup.py bdist_wheel
2022-12-27T11:13:47.7126540Z   Building lxml version 3.1.0.
2022-12-27T11:13:47.7130480Z   Building without Cython.
2022-12-27T11:13:47.7140480Z   Using build configuration of libxslt 1.1.29
2022-12-27T11:13:47.8985190Z   Building against libxml2/libxslt in the following directory: /Library/Developer/CommandLineTools/SDKs/MacOSX12.1.sdk/usr/lib
2022-12-27T11:13:48.0181610Z   clang: warning: argument unused during compilation: '-flat_namespace' [-Wunused-command-line-argument]
2022-12-27T11:13:48.1618820Z   src/lxml/lxml.etree.c:4045:20: error: expression is not assignable
2022-12-27T11:13:48.1623280Z           Py_SIZE(L) -= 1;
2022-12-27T11:13:48.1626420Z           ~~~~~~~~~~ ^
2022-12-27T11:13:48.1630310Z   src/lxml/lxml.etree.c:4097:23: error: expression is not assignable
2022-12-27T11:13:48.1633860Z           Py_SIZE(list) = len+1;
2022-12-27T11:13:48.1637180Z           ~~~~~~~~~~~~~ ^
2022-12-27T11:13:48.3346010Z   src/lxml/lxml.etree.c:41269:33: warning: equality comparison with extraneous parentheses [-Wparentheses-equality]
2022-12-27T11:13:48.3348520Z         if ((__pyx_v_c_ns->prefix == NULL)) {
2022-12-27T11:13:48.3351700Z              ~~~~~~~~~~~~~~~~~~~~~^~~~~~~
2022-12-27T11:13:48.3356730Z   src/lxml/lxml.etree.c:41269:33: note: remove extraneous parentheses around the comparison to silence this warning
2022-12-27T11:13:48.3359890Z         if ((__pyx_v_c_ns->prefix == NULL)) {
2022-12-27T11:13:48.3364260Z             ~                     ^      ~
2022-12-27T11:13:48.3367520Z   src/lxml/lxml.etree.c:41269:33: note: use '=' to turn this equality comparison into an assignment
2022-12-27T11:13:48.3372040Z         if ((__pyx_v_c_ns->prefix == NULL)) {
2022-12-27T11:13:48.3374530Z                                   ^~
2022-12-27T11:13:48.3379190Z                                   =
2022-12-27T11:13:48.3382870Z   src/lxml/lxml.etree.c:41299:33: warning: equality comparison with extraneous parentheses [-Wparentheses-equality]
2022-12-27T11:13:48.3386990Z           if ((__pyx_v_c_ns->href == NULL)) {
2022-12-27T11:13:48.3389630Z                ~~~~~~~~~~~~~~~~~~~^~~~~~~
2022-12-27T11:13:48.3394910Z   src/lxml/lxml.etree.c:41299:33: note: remove extraneous parentheses around the comparison to silence this warning
2022-12-27T11:13:48.3397400Z           if ((__pyx_v_c_ns->href == NULL)) {
2022-12-27T11:13:48.3401620Z               ~                   ^      ~
2022-12-27T11:13:48.3405100Z   src/lxml/lxml.etree.c:41299:33: note: use '=' to turn this equality comparison into an assignment
2022-12-27T11:13:48.3410050Z           if ((__pyx_v_c_ns->href == NULL)) {
2022-12-27T11:13:48.3412410Z                                   ^~
2022-12-27T11:13:48.3415960Z                                   =
2022-12-27T11:13:48.5607490Z   src/lxml/lxml.etree.c:79786:15: warning: 'PyUnicode_GET_DATA_SIZE' is deprecated [-Wdeprecated-declarations]
2022-12-27T11:13:48.5609920Z     __pyx_v_l = PyUnicode_GET_DATA_SIZE(((PyObject *)__pyx_v_utext));
2022-12-27T11:13:48.5613360Z                 ^
2022-12-27T11:13:48.5619100Z   /Library/Frameworks/Python.framework/Versions/3.11/include/python3.11/cpython/unicodeobject.h:676:39: note: expanded from macro 'PyUnicode_GET_DATA_SIZE'
2022-12-27T11:13:48.5621870Z   #  define PyUnicode_GET_DATA_SIZE(op) PyUnicode_GET_DATA_SIZE(_PyObject_CAST(op))
2022-12-27T11:13:48.5626030Z                                         ^
2022-12-27T11:13:48.5630010Z   /Library/Frameworks/Python.framework/Versions/3.11/include/python3.11/cpython/unicodeobject.h:667:1: note: 'PyUnicode_GET_DATA_SIZE' has been explicitly marked deprecated here
2022-12-27T11:13:48.5633780Z   Py_DEPRECATED(3.3)
2022-12-27T11:13:48.5637340Z   ^
2022-12-27T11:13:48.5781960Z   /Library/Frameworks/Python.framework/Versions/3.11/include/python3.11/pyport.h:336:54: note: expanded from macro 'Py_DEPRECATED'
2022-12-27T11:13:48.5782630Z   #define Py_DEPRECATED(VERSION_UNUSED) __attribute__((__deprecated__))
2022-12-27T11:13:48.5784030Z                                                        ^
2022-12-27T11:13:48.5786340Z   src/lxml/lxml.etree.c:79795:20: warning: 'PyUnicode_AS_DATA' is deprecated [-Wdeprecated-declarations]
2022-12-27T11:13:48.5787430Z     __pyx_v_buffer = PyUnicode_AS_DATA(((PyObject *)__pyx_v_utext));
2022-12-27T11:13:48.5788280Z                      ^
2022-12-27T11:13:48.5789450Z   /Library/Frameworks/Python.framework/Versions/3.11/include/python3.11/cpython/unicodeobject.h:712:33: note: expanded from macro 'PyUnicode_AS_DATA'
2022-12-27T11:13:48.5790490Z   #  define PyUnicode_AS_DATA(op) PyUnicode_AS_DATA(_PyObject_CAST(op))
2022-12-27T11:13:48.5791120Z                                   ^
2022-12-27T11:13:48.5792210Z   /Library/Frameworks/Python.framework/Versions/3.11/include/python3.11/cpython/unicodeobject.h:701:1: note: 'PyUnicode_AS_DATA' has been explicitly marked deprecated here
2022-12-27T11:13:48.5793140Z   Py_DEPRECATED(3.3)
2022-12-27T11:13:48.5794320Z   ^
2022-12-27T11:13:48.5795470Z   /Library/Frameworks/Python.framework/Versions/3.11/include/python3.11/pyport.h:336:54: note: expanded from macro 'Py_DEPRECATED'
2022-12-27T11:13:48.5796320Z   #define Py_DEPRECATED(VERSION_UNUSED) __attribute__((__deprecated__))
2022-12-27T11:13:48.5797160Z                                                        ^
2022-12-27T11:13:48.5910920Z   src/lxml/lxml.etree.c:86673:27: warning: 'PyUnicode_GET_DATA_SIZE' is deprecated [-Wdeprecated-declarations]
2022-12-27T11:13:48.5912590Z     __pyx_v_py_buffer_len = PyUnicode_GET_DATA_SIZE(__pyx_v_utext);
2022-12-27T11:13:48.5915480Z                             ^
2022-12-27T11:13:48.5918400Z   /Library/Frameworks/Python.framework/Versions/3.11/include/python3.11/cpython/unicodeobject.h:676:39: note: expanded from macro 'PyUnicode_GET_DATA_SIZE'
2022-12-27T11:13:48.5919880Z   #  define PyUnicode_GET_DATA_SIZE(op) PyUnicode_GET_DATA_SIZE(_PyObject_CAST(op))
2022-12-27T11:13:48.5921350Z                                         ^
2022-12-27T11:13:48.5923900Z   /Library/Frameworks/Python.framework/Versions/3.11/include/python3.11/cpython/unicodeobject.h:667:1: note: 'PyUnicode_GET_DATA_SIZE' has been explicitly marked deprecated here
2022-12-27T11:13:48.5925300Z   Py_DEPRECATED(3.3)
2022-12-27T11:13:48.5927460Z   ^
2022-12-27T11:13:48.5929650Z   /Library/Frameworks/Python.framework/Versions/3.11/include/python3.11/pyport.h:336:54: note: expanded from macro 'Py_DEPRECATED'
2022-12-27T11:13:48.5931080Z   #define Py_DEPRECATED(VERSION_UNUSED) __attribute__((__deprecated__))
2022-12-27T11:13:48.5932880Z                                                        ^
2022-12-27T11:13:48.5935210Z   src/lxml/lxml.etree.c:86791:22: warning: 'PyUnicode_AS_DATA' is deprecated [-Wdeprecated-declarations]
2022-12-27T11:13:48.5936720Z       __pyx_v_c_text = PyUnicode_AS_DATA(__pyx_v_utext);
2022-12-27T11:13:48.5939840Z                        ^
2022-12-27T11:13:48.5944290Z   /Library/Frameworks/Python.framework/Versions/3.11/include/python3.11/cpython/unicodeobject.h:712:33: note: expanded from macro 'PyUnicode_AS_DATA'
2022-12-27T11:13:48.5947460Z   #  define PyUnicode_AS_DATA(op) PyUnicode_AS_DATA(_PyObject_CAST(op))
2022-12-27T11:13:48.5949940Z                                   ^
2022-12-27T11:13:48.5952700Z   /Library/Frameworks/Python.framework/Versions/3.11/include/python3.11/cpython/unicodeobject.h:701:1: note: 'PyUnicode_AS_DATA' has been explicitly marked deprecated here
2022-12-27T11:13:48.5953950Z   Py_DEPRECATED(3.3)
2022-12-27T11:13:48.5956230Z   ^
2022-12-27T11:13:48.5958930Z   /Library/Frameworks/Python.framework/Versions/3.11/include/python3.11/pyport.h:336:54: note: expanded from macro 'Py_DEPRECATED'
2022-12-27T11:13:48.5960500Z   #define Py_DEPRECATED(VERSION_UNUSED) __attribute__((__deprecated__))
2022-12-27T11:13:48.5962160Z                                                        ^
2022-12-27T11:13:48.5964350Z   src/lxml/lxml.etree.c:88080:22: warning: 'PyUnicode_AS_DATA' is deprecated [-Wdeprecated-declarations]
2022-12-27T11:13:48.5966030Z       __pyx_v_c_data = PyUnicode_AS_DATA(__pyx_v_data);
2022-12-27T11:13:48.5968180Z                        ^
2022-12-27T11:13:48.5970460Z   /Library/Frameworks/Python.framework/Versions/3.11/include/python3.11/cpython/unicodeobject.h:712:33: note: expanded from macro 'PyUnicode_AS_DATA'
2022-12-27T11:13:48.5972080Z   #  define PyUnicode_AS_DATA(op) PyUnicode_AS_DATA(_PyObject_CAST(op))
2022-12-27T11:13:48.5973850Z                                   ^
2022-12-27T11:13:48.5976400Z   /Library/Frameworks/Python.framework/Versions/3.11/include/python3.11/cpython/unicodeobject.h:701:1: note: 'PyUnicode_AS_DATA' has been explicitly marked deprecated here
2022-12-27T11:13:48.5977820Z   Py_DEPRECATED(3.3)
2022-12-27T11:13:48.5979780Z   ^
2022-12-27T11:13:48.5982290Z   /Library/Frameworks/Python.framework/Versions/3.11/include/python3.11/pyport.h:336:54: note: expanded from macro 'Py_DEPRECATED'
2022-12-27T11:13:48.5983870Z   #define Py_DEPRECATED(VERSION_UNUSED) __attribute__((__deprecated__))
2022-12-27T11:13:48.5986480Z                                                        ^
2022-12-27T11:13:48.5988140Z   src/lxml/lxml.etree.c:88089:29: warning: 'PyUnicode_GET_DATA_SIZE' is deprecated [-Wdeprecated-declarations]
2022-12-27T11:13:48.5989840Z       __pyx_v_py_buffer_len = PyUnicode_GET_DATA_SIZE(__pyx_v_data);
2022-12-27T11:13:48.5991720Z                               ^
2022-12-27T11:13:48.5994250Z   /Library/Frameworks/Python.framework/Versions/3.11/include/python3.11/cpython/unicodeobject.h:676:39: note: expanded from macro 'PyUnicode_GET_DATA_SIZE'
2022-12-27T11:13:48.5995750Z   #  define PyUnicode_GET_DATA_SIZE(op) PyUnicode_GET_DATA_SIZE(_PyObject_CAST(op))
2022-12-27T11:13:48.5997810Z                                         ^
2022-12-27T11:13:48.6000400Z   /Library/Frameworks/Python.framework/Versions/3.11/include/python3.11/cpython/unicodeobject.h:667:1: note: 'PyUnicode_GET_DATA_SIZE' has been explicitly marked deprecated here
2022-12-27T11:13:48.6001670Z   Py_DEPRECATED(3.3)
2022-12-27T11:13:48.6003800Z   ^
2022-12-27T11:13:48.6006290Z   /Library/Frameworks/Python.framework/Versions/3.11/include/python3.11/pyport.h:336:54: note: expanded from macro 'Py_DEPRECATED'
2022-12-27T11:13:48.6007990Z   #define Py_DEPRECATED(VERSION_UNUSED) __attribute__((__deprecated__))
2022-12-27T11:13:48.6009860Z                                                        ^
2022-12-27T11:13:48.6089410Z   src/lxml/lxml.etree.c:90433:21: warning: 'PyUnicode_GET_DATA_SIZE' is deprecated [-Wdeprecated-declarations]
2022-12-27T11:13:48.6091640Z       __pyx_v_c_len = PyUnicode_GET_DATA_SIZE(__pyx_v_text);
2022-12-27T11:13:48.6092930Z                       ^
2022-12-27T11:13:48.6095460Z   /Library/Frameworks/Python.framework/Versions/3.11/include/python3.11/cpython/unicodeobject.h:676:39: note: expanded from macro 'PyUnicode_GET_DATA_SIZE'
2022-12-27T11:13:48.6097120Z   #  define PyUnicode_GET_DATA_SIZE(op) PyUnicode_GET_DATA_SIZE(_PyObject_CAST(op))
2022-12-27T11:13:48.6098560Z                                         ^
2022-12-27T11:13:48.6101060Z   /Library/Frameworks/Python.framework/Versions/3.11/include/python3.11/cpython/unicodeobject.h:667:1: note: 'PyUnicode_GET_DATA_SIZE' has been explicitly marked deprecated here
2022-12-27T11:13:48.6102770Z   Py_DEPRECATED(3.3)
2022-12-27T11:13:48.6104250Z   ^
2022-12-27T11:13:48.6106790Z   /Library/Frameworks/Python.framework/Versions/3.11/include/python3.11/pyport.h:336:54: note: expanded from macro 'Py_DEPRECATED'
2022-12-27T11:13:48.6107990Z   #define Py_DEPRECATED(VERSION_UNUSED) __attribute__((__deprecated__))
2022-12-27T11:13:48.6110060Z                                                        ^
2022-12-27T11:13:48.6499780Z   src/lxml/lxml.etree.c:99594:126: error: implicit declaration of function 'xmlBufLength' is invalid in C99 [-Werror,-Wimplicit-function-declaration]
2022-12-27T11:13:48.6504000Z         __pyx_t_6 = ((PyObject *)__Pyx_decode_c_string(((char *)((unsigned char *)xmlBufContent(__pyx_v_c_result_buffer))), 0, xmlBufLength(__pyx_v_c_result_buffer), NULL, NULL, PyUnicode_DecodeUTF8)); if (unlikely(!__pyx_t_6)) {__pyx_filename = __pyx_f[6]; __pyx_lineno = 137; __pyx_clineno = __LINE__; goto __pyx_L16;}
2022-12-27T11:13:48.6510940Z                                                                                                                                ^
2022-12-27T11:13:48.6525290Z   src/lxml/lxml.etree.c:99594:126: note: did you mean 'xmlBufferLength'?
2022-12-27T11:13:48.6528270Z   /Library/Developer/CommandLineTools/SDKs/MacOSX12.1.sdk/usr/include/libxml/tree.h:746:3: note: 'xmlBufferLength' declared here
2022-12-27T11:13:48.6532610Z                   xmlBufferLength         (const xmlBuffer *buf);
2022-12-27T11:13:48.6535350Z                   ^
2022-12-27T11:13:48.6540780Z   src/lxml/lxml.etree.c:99609:123: error: implicit declaration of function 'xmlBufLength' is invalid in C99 [-Werror,-Wimplicit-function-declaration]
2022-12-27T11:13:48.6544430Z         __pyx_t_6 = PyBytes_FromStringAndSize(((const char*)((unsigned char *)xmlBufContent(__pyx_v_c_result_buffer))) + 0, xmlBufLength(__pyx_v_c_result_buffer) - 0); if (unlikely(!__pyx_t_6)) {__pyx_filename = __pyx_f[6]; __pyx_lineno = 140; __pyx_clineno = __LINE__; goto __pyx_L16;}
2022-12-27T11:13:48.6549210Z                                                                                                                             ^
2022-12-27T11:13:48.7863120Z   src/lxml/lxml.etree.c:122279:25: warning: equality comparison with extraneous parentheses [-Wparentheses-equality]
2022-12-27T11:13:48.7865190Z     if ((__pyx_v_c_ns_uri == NULL)) {
2022-12-27T11:13:48.7869220Z          ~~~~~~~~~~~~~~~~~^~~~~~~
2022-12-27T11:13:48.7873190Z   src/lxml/lxml.etree.c:122279:25: note: remove extraneous parentheses around the comparison to silence this warning
2022-12-27T11:13:48.7877290Z     if ((__pyx_v_c_ns_uri == NULL)) {
2022-12-27T11:13:48.7880440Z         ~                 ^      ~
2022-12-27T11:13:48.7884560Z   src/lxml/lxml.etree.c:122279:25: note: use '=' to turn this equality comparison into an assignment
2022-12-27T11:13:48.7888540Z     if ((__pyx_v_c_ns_uri == NULL)) {
2022-12-27T11:13:48.7892010Z                           ^~
2022-12-27T11:13:48.7895520Z                           =
2022-12-27T11:13:48.8834440Z   src/lxml/lxml.etree.c:138025:72: warning: incompatible pointer types passing 'struct __pyx_obj_4lxml_5etree__BaseContext *' to parameter of type 'struct __pyx_obj_4lxml_5etree__XSLTContext *' [-Wincompatible-pointer-types]
2022-12-27T11:13:48.8838060Z       __pyx_t_1 = ((PyObject *)__pyx_f_4lxml_5etree_12_XSLTContext__copy(((struct __pyx_obj_4lxml_5etree__BaseContext *)__pyx_v_self->_context))); if (unlikely(!__pyx_t_1)) {__pyx_filename = __pyx_f[2]; __pyx_lineno = 543; __pyx_clineno = __LINE__; goto __pyx_L9;}
2022-12-27T11:13:48.8841460Z                                                                          ^~~~~~~~~~~~~~~~~~~~~~~~~~~~~~~~~~~~~~~~~~~~~~~~~~~~~~~~~~~~~~~~~~~~~~
2022-12-27T11:13:48.8846060Z   src/lxml/lxml.etree.c:135981:138: note: passing argument to parameter '__pyx_v_self' here
2022-12-27T11:13:48.8848970Z   static struct __pyx_obj_4lxml_5etree__BaseContext *__pyx_f_4lxml_5etree_12_XSLTContext__copy(struct __pyx_obj_4lxml_5etree__XSLTContext *__pyx_v_self) {
2022-12-27T11:13:48.8855150Z                                                                                                                                            ^
2022-12-27T11:13:48.8896690Z   src/lxml/lxml.etree.c:139419:70: warning: incompatible pointer types passing 'struct __pyx_obj_4lxml_5etree__BaseContext *' to parameter of type 'struct __pyx_obj_4lxml_5etree__XSLTContext *' [-Wincompatible-pointer-types]
2022-12-27T11:13:48.8900120Z     __pyx_t_1 = ((PyObject *)__pyx_f_4lxml_5etree_12_XSLTContext__copy(((struct __pyx_obj_4lxml_5etree__BaseContext *)__pyx_v_stylesheet->_context))); if (unlikely(!__pyx_t_1)) {__pyx_filename = __pyx_f[2]; __pyx_lineno = 680; __pyx_clineno = __LINE__; goto __pyx_L1_error;}
2022-12-27T11:13:48.8903380Z                                                                        ^~~~~~~~~~~~~~~~~~~~~~~~~~~~~~~~~~~~~~~~~~~~~~~~~~~~~~~~~~~~~~~~~~~~~~~~~~~~
2022-12-27T11:13:48.8908500Z   src/lxml/lxml.etree.c:135981:138: note: passing argument to parameter '__pyx_v_self' here
2022-12-27T11:13:48.8911080Z   static struct __pyx_obj_4lxml_5etree__BaseContext *__pyx_f_4lxml_5etree_12_XSLTContext__copy(struct __pyx_obj_4lxml_5etree__XSLTContext *__pyx_v_self) {
2022-12-27T11:13:48.8918020Z                                                                                                                                            ^
2022-12-27T11:13:48.9129680Z   src/lxml/lxml.etree.c:143530:73: warning: format string is not a string literal (potentially insecure) [-Wformat-security]
2022-12-27T11:13:48.9134620Z             xsltTransformError(__pyx_v_c_ctxt, NULL, __pyx_v_c_inst_node, __pyx_t_23);
2022-12-27T11:13:48.9138140Z                                                                           ^~~~~~~~~~
2022-12-27T11:13:48.9142530Z   src/lxml/lxml.etree.c:143530:73: note: treat the string as an argument to avoid this
2022-12-27T11:13:48.9146010Z             xsltTransformError(__pyx_v_c_ctxt, NULL, __pyx_v_c_inst_node, __pyx_t_23);
2022-12-27T11:13:48.9149820Z                                                                           ^
2022-12-27T11:13:48.9152850Z                                                                           "%s",
2022-12-27T11:13:48.9158260Z   src/lxml/lxml.etree.c:143580:73: warning: format string is not a string literal (potentially insecure) [-Wformat-security]
2022-12-27T11:13:48.9161130Z             xsltTransformError(__pyx_v_c_ctxt, NULL, __pyx_v_c_inst_node, __pyx_t_23);
2022-12-27T11:13:48.9165790Z                                                                           ^~~~~~~~~~
2022-12-27T11:13:48.9169110Z   src/lxml/lxml.etree.c:143580:73: note: treat the string as an argument to avoid this
2022-12-27T11:13:48.9172870Z             xsltTransformError(__pyx_v_c_ctxt, NULL, __pyx_v_c_inst_node, __pyx_t_23);
2022-12-27T11:13:48.9177080Z                                                                           ^
2022-12-27T11:13:48.9179820Z                                                                           "%s",
2022-12-27T11:13:48.9181770Z   src/lxml/lxml.etree.c:143644:69: warning: format string is not a string literal (potentially insecure) [-Wformat-security]
2022-12-27T11:13:48.9183610Z         xsltTransformError(__pyx_v_c_ctxt, NULL, __pyx_v_c_inst_node, __pyx_k_363);
2022-12-27T11:13:48.9186040Z                                                                       ^~~~~~~~~~~
2022-12-27T11:13:48.9187530Z   src/lxml/lxml.etree.c:143644:69: note: treat the string as an argument to avoid this
2022-12-27T11:13:48.9189920Z         xsltTransformError(__pyx_v_c_ctxt, NULL, __pyx_v_c_inst_node, __pyx_k_363);
2022-12-27T11:13:48.9191360Z                                                                       ^
2022-12-27T11:13:48.9193380Z                                                                       "%s",
2022-12-27T11:13:48.9952430Z   src/lxml/lxml.etree.c:157362:5: error: expression is not assignable
2022-12-27T11:13:48.9955690Z       ++Py_REFCNT(o);
2022-12-27T11:13:48.9961140Z       ^ ~~~~~~~~~~~~
2022-12-27T11:13:48.9966500Z   src/lxml/lxml.etree.c:157365:5: error: expression is not assignable
2022-12-27T11:13:48.9969880Z       --Py_REFCNT(o);
2022-12-27T11:13:48.9974680Z       ^ ~~~~~~~~~~~~
2022-12-27T11:13:48.9978780Z   src/lxml/lxml.etree.c:157572:5: error: expression is not assignable
2022-12-27T11:13:48.9983560Z       ++Py_REFCNT(o);
2022-12-27T11:13:48.9986540Z       ^ ~~~~~~~~~~~~
2022-12-27T11:13:48.9990810Z   src/lxml/lxml.etree.c:157575:5: error: expression is not assignable
2022-12-27T11:13:48.9993960Z       --Py_REFCNT(o);
2022-12-27T11:13:48.9997750Z       ^ ~~~~~~~~~~~~
2022-12-27T11:13:49.0173810Z   src/lxml/lxml.etree.c:162329:5: error: expression is not assignable
2022-12-27T11:13:49.0174680Z       ++Py_REFCNT(o);
2022-12-27T11:13:49.0179580Z       ^ ~~~~~~~~~~~~
2022-12-27T11:13:49.0183330Z   src/lxml/lxml.etree.c:162332:5: error: expression is not assignable
2022-12-27T11:13:49.0186850Z       --Py_REFCNT(o);
2022-12-27T11:13:49.0190110Z       ^ ~~~~~~~~~~~~
2022-12-27T11:13:49.0439240Z   src/lxml/lxml.etree.c:169949:5: error: expression is not assignable
2022-12-27T11:13:49.0440380Z       ++Py_REFCNT(o);
2022-12-27T11:13:49.0442090Z       ^ ~~~~~~~~~~~~
2022-12-27T11:13:49.0444280Z   src/lxml/lxml.etree.c:169952:5: error: expression is not assignable
2022-12-27T11:13:49.0446070Z       --Py_REFCNT(o);
2022-12-27T11:13:49.0447850Z       ^ ~~~~~~~~~~~~
2022-12-27T11:13:49.0458020Z   src/lxml/lxml.etree.c:170559:5: error: expression is not assignable
2022-12-27T11:13:49.0459460Z       ++Py_REFCNT(o);
2022-12-27T11:13:49.0462870Z       ^ ~~~~~~~~~~~~
2022-12-27T11:13:49.0466590Z   src/lxml/lxml.etree.c:170562:5: error: expression is not assignable
2022-12-27T11:13:49.0469960Z       --Py_REFCNT(o);
2022-12-27T11:13:49.0470860Z       ^ ~~~~~~~~~~~~
2022-12-27T11:13:49.0480030Z   src/lxml/lxml.etree.c:170976:5: error: expression is not assignable
2022-12-27T11:13:49.0482380Z       ++Py_REFCNT(o);
2022-12-27T11:13:49.0484350Z       ^ ~~~~~~~~~~~~
2022-12-27T11:13:49.0486070Z   src/lxml/lxml.etree.c:170979:5: error: expression is not assignable
2022-12-27T11:13:49.0488700Z       --Py_REFCNT(o);
2022-12-27T11:13:49.0489780Z       ^ ~~~~~~~~~~~~
2022-12-27T11:13:49.0492540Z   src/lxml/lxml.etree.c:171165:5: error: expression is not assignable
2022-12-27T11:13:49.0493920Z       ++Py_REFCNT(o);
2022-12-27T11:13:49.0495830Z       ^ ~~~~~~~~~~~~
2022-12-27T11:13:49.0497950Z   src/lxml/lxml.etree.c:171168:5: error: expression is not assignable
2022-12-27T11:13:49.0500060Z       --Py_REFCNT(o);
2022-12-27T11:13:49.0501660Z       ^ ~~~~~~~~~~~~
2022-12-27T11:13:49.0731640Z   src/lxml/lxml.etree.c:175899:5: error: expression is not assignable
2022-12-27T11:13:49.0736110Z       ++Py_REFCNT(o);
2022-12-27T11:13:49.0739830Z       ^ ~~~~~~~~~~~~
2022-12-27T11:13:49.0743320Z   fatal error: too many errors emitted, stopping now [-ferror-limit=]
2022-12-27T11:13:49.2146400Z   15 warnings and 20 errors generated.
2022-12-27T11:13:49.2207340Z   error: command '/usr/bin/clang' failed with exit code 1
2022-12-27T11:13:49.2867040Z   error: subprocess-exited-with-error
2022-12-27T11:13:49.2867860Z   
2022-12-27T11:13:49.2868960Z   Ã— python setup.py bdist_wheel did not run successfully.
2022-12-27T11:13:49.2870140Z   â”‚ exit code: 1
2022-12-27T11:13:49.2871120Z   â•°â”€> See above for output.
2022-12-27T11:13:49.2871760Z   
2022-12-27T11:13:49.2872410Z   note: This error originates from a subprocess, and is likely not a problem with pip.
2022-12-27T11:13:49.2876520Z   full command: /private/var/folders/51/hd414ycd67n82196sw51xqtc0000gn/T/cibw-run-poi2fqz_/cp311-macosx_arm64/build/venv/bin/python -u -c '
2022-12-27T11:13:49.2877540Z   exec(compile('"'"''"'"''"'"'
2022-12-27T11:13:49.2878090Z   # This is <pip-setuptools-caller> -- a caller that pip uses to run setup.py
2022-12-27T11:13:49.2879730Z   #
2022-12-27T11:13:49.2881410Z   # - It imports setuptools before invoking setup.py, to enable projects that directly
2022-12-27T11:13:49.2882500Z   #   import from `distutils.core` to work with newer packaging standards.
2022-12-27T11:13:49.2883730Z   # - It provides a clear error message when setuptools is not installed.
2022-12-27T11:13:49.2886020Z   # - It sets `sys.argv[0]` to the underlying `setup.py`, when invoking `setup.py` so
2022-12-27T11:13:49.2887030Z   #   setuptools doesn'"'"'t think the script is `-c`. This avoids the following warning:
2022-12-27T11:13:49.2888060Z   #     manifest_maker: standard file '"'"'-c'"'"' not found".
2022-12-27T11:13:49.2889060Z   # - It generates a shim setup.py, for handling setup.cfg-only projects.
2022-12-27T11:13:49.2889830Z   import os, sys, tokenize
2022-12-27T11:13:49.2890210Z   
2022-12-27T11:13:49.2890750Z   try:
2022-12-27T11:13:49.2891570Z       import setuptools
2022-12-27T11:13:49.2892110Z   except ImportError as error:
2022-12-27T11:13:49.2892740Z       print(
2022-12-27T11:13:49.2893480Z           "ERROR: Can not execute `setup.py` since setuptools is not available in "
2022-12-27T11:13:49.2894160Z           "the build environment.",
2022-12-27T11:13:49.2895040Z           file=sys.stderr,
2022-12-27T11:13:49.2895630Z       )
2022-12-27T11:13:49.2896080Z       sys.exit(1)
2022-12-27T11:13:49.2896810Z   
2022-12-27T11:13:49.2897400Z   __file__ = %r
2022-12-27T11:13:49.2897880Z   sys.argv[0] = __file__
2022-12-27T11:13:49.2898450Z   
2022-12-27T11:13:49.2899060Z   if os.path.exists(__file__):
2022-12-27T11:13:49.2899580Z       filename = __file__
2022-12-27T11:13:49.2900170Z       with tokenize.open(__file__) as f:
2022-12-27T11:13:49.2900690Z           setup_py_code = f.read()
2022-12-27T11:13:49.2900980Z   else:
2022-12-27T11:13:49.2901360Z       filename = "<auto-generated setuptools caller>"
2022-12-27T11:13:49.2901710Z       setup_py_code = "from setuptools import setup; setup()"
2022-12-27T11:13:49.2901960Z   
2022-12-27T11:13:49.2902400Z   exec(compile(setup_py_code, filename, "exec"))
2022-12-27T11:13:49.2903900Z   '"'"''"'"''"'"' % ('"'"'/Users/runner/actions-runner/_work/python.build/python.build/build_lxml310311/lxml-3.1.0/setup.py'"'"',), "<pip-setuptools-caller>", "exec"))' bdist_wheel -d /private/var/folders/51/hd414ycd67n82196sw51xqtc0000gn/T/pip-wheel-ifgp_6ab
2022-12-27T11:13:49.2904950Z   cwd: /Users/runner/actions-runner/_work/python.build/python.build/build_lxml310311/lxml-3.1.0/
2022-12-27T11:13:49.2905570Z   Building wheel for lxml (setup.py): finished with status 'error'
2022-12-27T11:13:49.2906010Z   ERROR: Failed building wheel for lxml
2022-12-27T11:13:49.2906300Z   Running command python setup.py clean
2022-12-27T11:13:49.2906590Z   Running setup.py clean for lxml
2022-12-27T11:13:49.6041510Z   Building lxml version 3.1.0.
2022-12-27T11:13:49.6042880Z   Building without Cython.
2022-12-27T11:13:49.6286790Z   Using build configuration of libxslt 1.1.29
2022-12-27T11:13:49.8258970Z   Building against libxml2/libxslt in the following directory: /Library/Developer/CommandLineTools/SDKs/MacOSX12.1.sdk/usr/lib
2022-12-27T11:13:49.8504580Z   'build/bdist.macosx-11.0-arm64' does not exist -- can't clean it
2022-12-27T11:13:49.8506900Z   'build/scripts-3.11' does not exist -- can't clean it
2022-12-27T11:13:49.9056090Z Failed to build lxml
2022-12-27T11:13:49.9062040Z ERROR: Failed to build one or more wheels
2022-12-27T11:13:49.9082500Z Exception information:
2022-12-27T11:13:49.9083010Z Traceback (most recent call last):
2022-12-27T11:13:49.9103040Z   File "/private/var/folders/51/hd414ycd67n82196sw51xqtc0000gn/T/cibw-run-poi2fqz_/cp311-macosx_arm64/build/venv/lib/python3.11/site-packages/pip/_internal/cli/base_command.py", line 160, in exc_logging_wrapper
2022-12-27T11:13:49.9103990Z     status = run_func(*args)
2022-12-27T11:13:49.9104350Z              ^^^^^^^^^^^^^^^
2022-12-27T11:13:49.9105640Z   File "/private/var/folders/51/hd414ycd67n82196sw51xqtc0000gn/T/cibw-run-poi2fqz_/cp311-macosx_arm64/build/venv/lib/python3.11/site-packages/pip/_internal/cli/req_command.py", line 247, in wrapper
2022-12-27T11:13:49.9106440Z     return func(self, options, args)
2022-12-27T11:13:49.9106870Z            ^^^^^^^^^^^^^^^^^^^^^^^^^
2022-12-27T11:13:49.9107980Z   File "/private/var/folders/51/hd414ycd67n82196sw51xqtc0000gn/T/cibw-run-poi2fqz_/cp311-macosx_arm64/build/venv/lib/python3.11/site-packages/pip/_internal/commands/wheel.py", line 201, in run
2022-12-27T11:13:49.9110080Z     raise CommandError("Failed to build one or more wheels")
2022-12-27T11:13:49.9110690Z pip._internal.exceptions.CommandError: Failed to build one or more wheels
2022-12-27T11:13:49.9111720Z Removed build tracker: '/private/var/folders/51/hd414ycd67n82196sw51xqtc0000gn/T/pip-build-tracker-s8h1fa1p'
2022-12-27T11:13:49.9970170Z ##[endgroup]
2022-12-27T11:13:50.0015970Z ##[error]Command ['python', '-m', 'pip', 'wheel', '/Users/runner/actions-runner/_work/python.build/python.build/build_lxml310311/lxml-3.1.0', '--wheel-dir=/private/var/folders/51/hd414ycd67n82196sw51xqtc0000gn/T/cibw-run-poi2fqz_/cp311-macosx_arm64/built_wheel', '--no-deps', '-vvv'] failed with code 1. None
2022-12-27T11:13:50.0028510Z 
2022-12-27T11:13:50.0029160Z                                                               [31mâœ• [0m3.86s
2022-12-27T11:13:50.0929090Z ##[error]Process completed with exit code 1.
2022-12-27T11:13:50.1015870Z ##[group]Run rm -rf build_lxml310311 wheelsout
2022-12-27T11:13:50.1016180Z [36;1mrm -rf build_lxml310311 wheelsout[0m
2022-12-27T11:13:50.1044700Z shell: /bin/bash -e {0}
2022-12-27T11:13:50.1044890Z env:
2022-12-27T11:13:50.1045120Z   pythonLocation: /Users/runner/hostedtoolcache/Python/3.11.1/x64
2022-12-27T11:13:50.1045420Z   PKG_CONFIG_PATH: /Users/runner/hostedtoolcache/Python/3.11.1/x64/lib/pkgconfig
2022-12-27T11:13:50.1045720Z   Python_ROOT_DIR: /Users/runner/hostedtoolcache/Python/3.11.1/x64
2022-12-27T11:13:50.1046000Z   Python2_ROOT_DIR: /Users/runner/hostedtoolcache/Python/3.11.1/x64
2022-12-27T11:13:50.1046290Z   Python3_ROOT_DIR: /Users/runner/hostedtoolcache/Python/3.11.1/x64
2022-12-27T11:13:50.1046500Z ##[endgroup]
2022-12-27T11:13:50.2080540Z Cleaning up orphan processes
