2022-12-27T08:48:16.3572327Z Requested labels: self-hosted, macOS, X64
2022-12-27T08:48:16.3572436Z Job defined at: kilnbuild/python.build/.github/workflows/mac_arm_build.yml@refs/heads/main
2022-12-27T08:48:16.3572465Z Waiting for a runner to pick up this job...
2022-12-27T11:11:58.9931552Z Job is about to start running on the runner: s1 (organization)
2022-12-27T11:12:02.0964550Z Current runner version: '2.300.2'
2022-12-27T11:12:02.0969560Z Runner name: 's1'
2022-12-27T11:12:02.0969810Z Runner group name: 'Default'
2022-12-27T11:12:02.0970300Z Machine name: 's1'
2022-12-27T11:12:02.0971880Z ##[group]GITHUB_TOKEN Permissions
2022-12-27T11:12:02.0972320Z Actions: write
2022-12-27T11:12:02.0972470Z Checks: write
2022-12-27T11:12:02.0972610Z Contents: write
2022-12-27T11:12:02.0972750Z Deployments: write
2022-12-27T11:12:02.0972890Z Discussions: write
2022-12-27T11:12:02.0973020Z Issues: write
2022-12-27T11:12:02.0973150Z Metadata: read
2022-12-27T11:12:02.0973290Z Packages: write
2022-12-27T11:12:02.0973430Z Pages: write
2022-12-27T11:12:02.0973570Z PullRequests: write
2022-12-27T11:12:02.0973730Z RepositoryProjects: write
2022-12-27T11:12:02.0973900Z SecurityEvents: write
2022-12-27T11:12:02.0974040Z Statuses: write
2022-12-27T11:12:02.0974170Z ##[endgroup]
2022-12-27T11:12:02.0976820Z Secret source: Actions
2022-12-27T11:12:02.0977170Z Prepare workflow directory
2022-12-27T11:12:02.1673960Z Prepare all required actions
2022-12-27T11:12:02.1801530Z Getting action download info
2022-12-27T11:12:02.6913280Z Download action repository 'actions/setup-python@v4' (SHA:5ccb29d8773c3f3f653e1705f474dfaa8a06a912)
2022-12-27T11:12:04.5244630Z Download action repository 'actions/upload-artifact@v3' (SHA:83fd05a356d7e2593de66fc9913b3002723633cb)
2022-12-27T11:12:05.8558120Z ##[group]Run echo '{
2022-12-27T11:12:05.8558440Z [36;1mecho '{[0m
2022-12-27T11:12:05.8558640Z [36;1m  "package_name": "lxml",[0m
2022-12-27T11:12:05.8558940Z [36;1m  "package_url": "https://files.pythonhosted.org/packages/97/2e/a9c58356cd3ede0494c5df5944abcce7a4c77ddbec202e6c3fe075b1d322/lxml-2.2.1.tar.gz",[0m
2022-12-27T11:12:05.8559190Z [36;1m  "package_version": "2.2.1",[0m
2022-12-27T11:12:05.8559360Z [36;1m  "python_version": "3.11",[0m
2022-12-27T11:12:05.8559480Z [36;1m  "use_ccache": "true"[0m
2022-12-27T11:12:05.8559610Z [36;1m}'[0m
2022-12-27T11:12:05.8575360Z shell: /bin/bash -e {0}
2022-12-27T11:12:05.8575510Z ##[endgroup]
2022-12-27T11:12:05.8795690Z {
2022-12-27T11:12:05.8797010Z   "package_name": "lxml",
2022-12-27T11:12:05.8797670Z   "package_url": "https://files.pythonhosted.org/packages/97/2e/a9c58356cd3ede0494c5df5944abcce7a4c77ddbec202e6c3fe075b1d322/lxml-2.2.1.tar.gz",
2022-12-27T11:12:05.8797960Z   "package_version": "2.2.1",
2022-12-27T11:12:05.8798170Z   "python_version": "3.11",
2022-12-27T11:12:05.8798390Z   "use_ccache": "true"
2022-12-27T11:12:05.8798560Z }
2022-12-27T11:12:05.9019890Z ##[group]Run actions/setup-python@v4
2022-12-27T11:12:05.9020180Z with:
2022-12-27T11:12:05.9020370Z   python-version: 3.11
2022-12-27T11:12:05.9020580Z   check-latest: false
2022-12-27T11:12:05.9020890Z   token: ***
2022-12-27T11:12:05.9021090Z   update-environment: true
2022-12-27T11:12:05.9021240Z ##[endgroup]
2022-12-27T11:12:06.0290240Z ##[group]Installed versions
2022-12-27T11:12:06.0329710Z Successfully set up CPython (3.11.1)
2022-12-27T11:12:06.0330450Z ##[endgroup]
2022-12-27T11:12:06.0483220Z ##[group]Run if [ "true" == "true" ]
2022-12-27T11:12:06.0483560Z [36;1mif [ "true" == "true" ][0m
2022-12-27T11:12:06.0483710Z [36;1mthen[0m
2022-12-27T11:12:06.0483930Z [36;1m  echo "CCACHE_PATH_PREPEND=/usr/local/opt/ccache/libexec" >> $GITHUB_OUTPUT[0m
2022-12-27T11:12:06.0484150Z [36;1melse[0m
2022-12-27T11:12:06.0484340Z [36;1m  echo "CCACHE_PATH_PREPEND=" >> $GITHUB_OUTPUT[0m
2022-12-27T11:12:06.0484530Z [36;1mfi[0m
2022-12-27T11:12:06.0503200Z shell: /bin/bash -e {0}
2022-12-27T11:12:06.0503380Z env:
2022-12-27T11:12:06.0503670Z   pythonLocation: /Users/runner/hostedtoolcache/Python/3.11.1/x64
2022-12-27T11:12:06.0503970Z   PKG_CONFIG_PATH: /Users/runner/hostedtoolcache/Python/3.11.1/x64/lib/pkgconfig
2022-12-27T11:12:06.0504250Z   Python_ROOT_DIR: /Users/runner/hostedtoolcache/Python/3.11.1/x64
2022-12-27T11:12:06.0504460Z   Python2_ROOT_DIR: /Users/runner/hostedtoolcache/Python/3.11.1/x64
2022-12-27T11:12:06.0504940Z   Python3_ROOT_DIR: /Users/runner/hostedtoolcache/Python/3.11.1/x64
2022-12-27T11:12:06.0505480Z ##[endgroup]
2022-12-27T11:12:06.0615360Z ##[group]Run echo "BUILD_NAME=$(echo lxml_2.2.1_3.11 | tr -dc '[:alnum:]\n\r' | tr '[:upper:]' '[:lower:]')" >> $GITHUB_OUTPUT
2022-12-27T11:12:06.0615780Z [36;1mecho "BUILD_NAME=$(echo lxml_2.2.1_3.11 | tr -dc '[:alnum:]\n\r' | tr '[:upper:]' '[:lower:]')" >> $GITHUB_OUTPUT[0m
2022-12-27T11:12:06.0631020Z shell: /bin/bash -e {0}
2022-12-27T11:12:06.0631320Z env:
2022-12-27T11:12:06.0631570Z   pythonLocation: /Users/runner/hostedtoolcache/Python/3.11.1/x64
2022-12-27T11:12:06.0631820Z   PKG_CONFIG_PATH: /Users/runner/hostedtoolcache/Python/3.11.1/x64/lib/pkgconfig
2022-12-27T11:12:06.0632080Z   Python_ROOT_DIR: /Users/runner/hostedtoolcache/Python/3.11.1/x64
2022-12-27T11:12:06.0632400Z   Python2_ROOT_DIR: /Users/runner/hostedtoolcache/Python/3.11.1/x64
2022-12-27T11:12:06.0632650Z   Python3_ROOT_DIR: /Users/runner/hostedtoolcache/Python/3.11.1/x64
2022-12-27T11:12:06.0632820Z ##[endgroup]
2022-12-27T11:12:06.0775700Z ##[group]Run echo "PYTHON_NO_DOTS=$(echo 3.11 | tr -dc '[:alnum:]\n\r' | tr '[:upper:]' '[:lower:]')" >> $GITHUB_OUTPUT
2022-12-27T11:12:06.0776170Z [36;1mecho "PYTHON_NO_DOTS=$(echo 3.11 | tr -dc '[:alnum:]\n\r' | tr '[:upper:]' '[:lower:]')" >> $GITHUB_OUTPUT[0m
2022-12-27T11:12:06.0793570Z shell: /bin/bash -e {0}
2022-12-27T11:12:06.0793770Z env:
2022-12-27T11:12:06.0794030Z   pythonLocation: /Users/runner/hostedtoolcache/Python/3.11.1/x64
2022-12-27T11:12:06.0794720Z   PKG_CONFIG_PATH: /Users/runner/hostedtoolcache/Python/3.11.1/x64/lib/pkgconfig
2022-12-27T11:12:06.0794990Z   Python_ROOT_DIR: /Users/runner/hostedtoolcache/Python/3.11.1/x64
2022-12-27T11:12:06.0795240Z   Python2_ROOT_DIR: /Users/runner/hostedtoolcache/Python/3.11.1/x64
2022-12-27T11:12:06.0795480Z   Python3_ROOT_DIR: /Users/runner/hostedtoolcache/Python/3.11.1/x64
2022-12-27T11:12:06.0795650Z ##[endgroup]
2022-12-27T11:12:06.0915290Z ##[group]Run rm -rf build_lxml221311
2022-12-27T11:12:06.0915660Z [36;1mrm -rf build_lxml221311[0m
2022-12-27T11:12:06.0915860Z [36;1mmkdir build_lxml221311[0m
2022-12-27T11:12:06.0916050Z [36;1mcd build_lxml221311[0m
2022-12-27T11:12:06.0916380Z [36;1m/usr/local/bin/wget --quiet https://files.pythonhosted.org/packages/97/2e/a9c58356cd3ede0494c5df5944abcce7a4c77ddbec202e6c3fe075b1d322/lxml-2.2.1.tar.gz[0m
2022-12-27T11:12:06.0916650Z [36;1mtar xf *.tar.gz[0m
2022-12-27T11:12:06.0916820Z [36;1mcd *[0m
2022-12-27T11:12:06.0916970Z [36;1mpython -m pip install cibuildwheel==2.11.3[0m
2022-12-27T11:12:06.0917220Z [36;1mpython -m cibuildwheel --output-dir ../wheelsout[0m
2022-12-27T11:12:06.0932310Z shell: /bin/bash -e {0}
2022-12-27T11:12:06.0932470Z env:
2022-12-27T11:12:06.0932670Z   pythonLocation: /Users/runner/hostedtoolcache/Python/3.11.1/x64
2022-12-27T11:12:06.0933000Z   PKG_CONFIG_PATH: /Users/runner/hostedtoolcache/Python/3.11.1/x64/lib/pkgconfig
2022-12-27T11:12:06.0933270Z   Python_ROOT_DIR: /Users/runner/hostedtoolcache/Python/3.11.1/x64
2022-12-27T11:12:06.0933510Z   Python2_ROOT_DIR: /Users/runner/hostedtoolcache/Python/3.11.1/x64
2022-12-27T11:12:06.0933710Z   Python3_ROOT_DIR: /Users/runner/hostedtoolcache/Python/3.11.1/x64
2022-12-27T11:12:06.0933940Z   CIBW_ARCHS_MACOS: arm64
2022-12-27T11:12:06.0934120Z   CIBW_TEST_SKIP: *_arm64
2022-12-27T11:12:06.0934270Z   CIBW_BUILD: cp311-macosx_arm64
2022-12-27T11:12:06.0934450Z   CIBW_BUILD_FRONTEND: pip
2022-12-27T11:12:06.0934630Z   CIBW_BUILD_VERBOSITY: 3
2022-12-27T11:12:06.0934970Z   CIBW_ENVIRONMENT_MACOS:  CFLAGS="-I/usr/local/opt/openssl@3/include" LDFLAGS="-L/usr/local/opt/openssl@3/lib" CPPFLAGS="-I/usr/local/opt/openssl@3/include" MAKEFLAGS="-j$(sysctl -n hw.logicalcpu)" PATH=/usr/local/opt/ccache/libexec:$PATH
2022-12-27T11:12:06.0935320Z   CIBW_BEFORE_BUILD: pip install Cython; if [[ -f requirements.txt ]]; then pip install -r requirements.txt; fi
2022-12-27T11:12:06.0935560Z   MAKEFLAGS: -j$(sysctl -n hw.logicalcpu)
2022-12-27T11:12:06.0935740Z ##[endgroup]
2022-12-27T11:12:06.5657990Z Requirement already satisfied: cibuildwheel==2.11.3 in /Library/Frameworks/Python.framework/Versions/3.11/lib/python3.11/site-packages (2.11.3)
2022-12-27T11:12:06.5968940Z Requirement already satisfied: bashlex!=0.13 in /Library/Frameworks/Python.framework/Versions/3.11/lib/python3.11/site-packages (from cibuildwheel==2.11.3) (0.16)
2022-12-27T11:12:06.5975750Z Requirement already satisfied: bracex in /Library/Frameworks/Python.framework/Versions/3.11/lib/python3.11/site-packages (from cibuildwheel==2.11.3) (2.3.post1)
2022-12-27T11:12:06.5982780Z Requirement already satisfied: certifi in /Library/Frameworks/Python.framework/Versions/3.11/lib/python3.11/site-packages (from cibuildwheel==2.11.3) (2022.12.7)
2022-12-27T11:12:06.5989570Z Requirement already satisfied: filelock in /Library/Frameworks/Python.framework/Versions/3.11/lib/python3.11/site-packages (from cibuildwheel==2.11.3) (3.8.2)
2022-12-27T11:12:06.5999180Z Requirement already satisfied: packaging>=20.9 in /Library/Frameworks/Python.framework/Versions/3.11/lib/python3.11/site-packages (from cibuildwheel==2.11.3) (22.0)
2022-12-27T11:12:06.6007720Z Requirement already satisfied: platformdirs in /Library/Frameworks/Python.framework/Versions/3.11/lib/python3.11/site-packages (from cibuildwheel==2.11.3) (2.6.0)
2022-12-27T11:12:06.8237230Z 
2022-12-27T11:12:06.8237750Z      _ _       _ _   _       _           _
2022-12-27T11:12:06.8238280Z  ___|_| |_ _ _|_| |_| |_ _ _| |_ ___ ___| |
2022-12-27T11:12:06.8238980Z |  _| | . | | | | | . | | | |   | -_| -_| |
2022-12-27T11:12:06.8239220Z |___|_|___|___|_|_|___|_____|_|_|___|___|_|
2022-12-27T11:12:06.8239350Z 
2022-12-27T11:12:06.8239460Z cibuildwheel version 2.11.3
2022-12-27T11:12:06.8239560Z 
2022-12-27T11:12:06.8239670Z Build options:
2022-12-27T11:12:06.8239960Z   platform: macos
2022-12-27T11:12:06.8293110Z   architectures: arm64[0m
2022-12-27T11:12:06.8293320Z   build_selector: 
2022-12-27T11:12:06.8294760Z     build_config: cp311-macosx_arm64
2022-12-27T11:12:06.8295050Z     skip_config: 
2022-12-27T11:12:06.8295240Z     requires_python: None
2022-12-27T11:12:06.8295750Z     prerelease_pythons: False[0m
2022-12-27T11:12:06.8296230Z   [38;5;244mcontainer_engine: docker[0m
2022-12-27T11:12:06.8296660Z   output_dir: /Users/runner/actions-runner/_work/python.build/python.build/build_lxml221311/wheelsout[0m
2022-12-27T11:12:06.8297090Z   package_dir: /Users/runner/actions-runner/_work/python.build/python.build/build_lxml221311/lxml-2.2.1[0m
2022-12-27T11:12:06.8297590Z   test_selector: 
2022-12-27T11:12:06.8297870Z     skip_config: *_arm64[0m
2022-12-27T11:12:06.8298130Z   [38;5;244mbefore_all: [0m
2022-12-27T11:12:06.8298760Z   before_build: pip install Cython; if [[ -f requirements.txt ]]; then pip install -r requirements.txt; fi[0m
2022-12-27T11:12:06.8299160Z   [38;5;244mbefore_test: [0m
2022-12-27T11:12:06.8299410Z   [38;5;244mbuild_frontend: pip[0m
2022-12-27T11:12:06.8299730Z   build_verbosity: 3[0m
2022-12-27T11:12:06.8300260Z   [38;5;244mconfig_settings: [0m
2022-12-27T11:12:06.8300580Z   [38;5;244mdependency_constraints: pinned[0m
2022-12-27T11:12:06.8300780Z   environment: 
2022-12-27T11:12:06.8301080Z     CFLAGS="-I/usr/local/opt/openssl@3/include"
2022-12-27T11:12:06.8301510Z     LDFLAGS="-L/usr/local/opt/openssl@3/lib"
2022-12-27T11:12:06.8301810Z     CPPFLAGS="-I/usr/local/opt/openssl@3/include"
2022-12-27T11:12:06.8302140Z     MAKEFLAGS="-j$(sysctl -n hw.logicalcpu)"
2022-12-27T11:12:06.8302480Z     PATH=/usr/local/opt/ccache/libexec:$PATH[0m
2022-12-27T11:12:06.8302740Z   [38;5;244mmanylinux_images: None[0m
2022-12-27T11:12:06.8303180Z   [38;5;244mmusllinux_images: None[0m
2022-12-27T11:12:06.8303580Z   [38;5;244mrepair_command: delocate-wheel --require-archs {delocate_archs} -w {dest_dir} -v {wheel}[0m
2022-12-27T11:12:06.8303920Z   [38;5;244mtest_command: [0m
2022-12-27T11:12:06.8304150Z   [38;5;244mtest_extras: [0m
2022-12-27T11:12:06.8304450Z   [38;5;244mtest_requires: [0m
2022-12-27T11:12:06.8304740Z 
2022-12-27T11:12:06.8304880Z Cache folder: /Users/runner/Library/Caches/cibuildwheel
2022-12-27T11:12:06.8313540Z 
2022-12-27T11:12:06.8313950Z Here we go!
2022-12-27T11:12:06.8314110Z 
2022-12-27T11:12:06.8360880Z 
2022-12-27T11:12:06.8361360Z [1m[34mBuilding cp311-macosx_arm64 wheel[0m
2022-12-27T11:12:06.8361770Z CPython 3.11 macOS arm64 - Apple Silicon
2022-12-27T11:12:06.8361920Z 
2022-12-27T11:12:06.8364170Z ##[group]Installing Python cp311...
2022-12-27T11:12:06.8364350Z 
2022-12-27T11:12:06.8364530Z + pkgutil --pkgs
2022-12-27T11:12:06.8457260Z ##[endgroup]
2022-12-27T11:12:06.8458150Z                                                               [32m✓ [0m0.01s
2022-12-27T11:12:06.8458620Z ##[group]Setting up build environment...
2022-12-27T11:12:06.8458720Z 
2022-12-27T11:12:06.8474820Z + /Library/Frameworks/Python.framework/Versions/3.11/bin/python -sS /Users/runner/Library/Caches/cibuildwheel/virtualenv-20.17.0.pyz --activators= --no-periodic-update --pip=22.3.1 --setuptools=65.6.3 --wheel=0.38.4 --symlink-app-data --python /Library/Frameworks/Python.framework/Versions/3.11/bin/python3 /private/var/folders/51/hd414ycd67n82196sw51xqtc0000gn/T/cibw-run-_rs8m72w/cp311-macosx_arm64/build/venv
2022-12-27T11:12:07.0297520Z created virtual environment CPython3.11.1.final.0-64 in 46ms
2022-12-27T11:12:07.0298150Z   creator CPython3Posix(dest=/private/var/folders/51/hd414ycd67n82196sw51xqtc0000gn/T/cibw-run-_rs8m72w/cp311-macosx_arm64/build/venv, clear=False, no_vcs_ignore=False, global=False)
2022-12-27T11:12:07.0298540Z   seeder FromAppData(download=False, pip=22.3.1, setuptools=65.6.3, wheel=0.38.4, via=symlink, app_data_dir=/Users/runner/Library/Application Support/virtualenv)
2022-12-27T11:12:07.0298880Z     added seed packages: pip==22.3.1, setuptools==65.6.3, wheel==0.38.4
2022-12-27T11:12:07.0424670Z + python -m pip install --upgrade pip -c /Library/Frameworks/Python.framework/Versions/3.11/lib/python3.11/site-packages/cibuildwheel/resources/constraints-python311.txt
2022-12-27T11:12:07.3186990Z Requirement already satisfied: pip in ./lib/python3.11/site-packages (22.3.1)
2022-12-27T11:12:07.4642060Z + which pip
2022-12-27T11:12:07.4659260Z /private/var/folders/51/hd414ycd67n82196sw51xqtc0000gn/T/cibw-run-_rs8m72w/cp311-macosx_arm64/build/venv/bin/pip
2022-12-27T11:12:07.4661270Z + pip --version
2022-12-27T11:12:07.6612870Z pip 22.3.1 from /private/var/folders/51/hd414ycd67n82196sw51xqtc0000gn/T/cibw-run-_rs8m72w/cp311-macosx_arm64/build/venv/lib/python3.11/site-packages/pip (python 3.11)
2022-12-27T11:12:07.6836880Z + which pip
2022-12-27T11:12:07.6861260Z + which python
2022-12-27T11:12:07.6877610Z /private/var/folders/51/hd414ycd67n82196sw51xqtc0000gn/T/cibw-run-_rs8m72w/cp311-macosx_arm64/build/venv/bin/python
2022-12-27T11:12:07.6879300Z + python --version
2022-12-27T11:12:07.6931130Z Python 3.11.1
2022-12-27T11:12:07.6933930Z + which python
2022-12-27T11:12:07.6984080Z ##[endgroup]
2022-12-27T11:12:07.6984710Z                                                               [32m✓ [0m0.85s
2022-12-27T11:12:07.6985210Z ##[group]Installing build tools...
2022-12-27T11:12:07.6985360Z 
2022-12-27T11:12:07.6985850Z + pip install --upgrade setuptools wheel delocate -c /Library/Frameworks/Python.framework/Versions/3.11/lib/python3.11/site-packages/cibuildwheel/resources/constraints-python311.txt
2022-12-27T11:12:07.9748950Z Requirement already satisfied: setuptools in /private/var/folders/51/hd414ycd67n82196sw51xqtc0000gn/T/cibw-run-_rs8m72w/cp311-macosx_arm64/build/venv/lib/python3.11/site-packages (65.6.3)
2022-12-27T11:12:08.1489750Z Requirement already satisfied: wheel in /private/var/folders/51/hd414ycd67n82196sw51xqtc0000gn/T/cibw-run-_rs8m72w/cp311-macosx_arm64/build/venv/lib/python3.11/site-packages (0.38.4)
2022-12-27T11:12:08.1876300Z Collecting delocate
2022-12-27T11:12:08.1899360Z   Using cached delocate-0.10.3-py3-none-any.whl (142 kB)
2022-12-27T11:12:08.2149090Z Collecting packaging>=20.9
2022-12-27T11:12:08.2167070Z   Using cached packaging-21.3-py3-none-any.whl (40 kB)
2022-12-27T11:12:08.2326310Z Collecting typing-extensions
2022-12-27T11:12:08.2344700Z   Using cached typing_extensions-4.4.0-py3-none-any.whl (26 kB)
2022-12-27T11:12:08.2648110Z Collecting pyparsing!=3.0.5,>=2.0.2
2022-12-27T11:12:08.2665300Z   Using cached pyparsing-3.0.9-py3-none-any.whl (98 kB)
2022-12-27T11:12:08.3225840Z Installing collected packages: typing-extensions, pyparsing, packaging, delocate
2022-12-27T11:12:08.4581420Z Successfully installed delocate-0.10.3 packaging-21.3 pyparsing-3.0.9 typing-extensions-4.4.0
2022-12-27T11:12:08.5040760Z ##[endgroup]
2022-12-27T11:12:08.5041550Z                                                               [32m✓ [0m0.81s
2022-12-27T11:12:08.5042190Z ##[group]Running before_build...
2022-12-27T11:12:08.5042290Z 
2022-12-27T11:12:08.5045680Z + pip install Cython; if [[ -f requirements.txt ]]; then pip install -r requirements.txt; fi
2022-12-27T11:12:09.0711460Z Collecting Cython
2022-12-27T11:12:09.0757250Z   Using cached Cython-0.29.32-py2.py3-none-any.whl (986 kB)
2022-12-27T11:12:09.1164190Z Installing collected packages: Cython
2022-12-27T11:12:09.5435650Z Successfully installed Cython-0.29.32
2022-12-27T11:12:09.5924730Z ##[endgroup]
2022-12-27T11:12:09.5925340Z                                                               [32m✓ [0m1.09s
2022-12-27T11:12:09.5925910Z ##[group]Building wheel...
2022-12-27T11:12:09.5926170Z 
2022-12-27T11:12:09.5930200Z + python -m pip wheel /Users/runner/actions-runner/_work/python.build/python.build/build_lxml221311/lxml-2.2.1 --wheel-dir=/private/var/folders/51/hd414ycd67n82196sw51xqtc0000gn/T/cibw-run-_rs8m72w/cp311-macosx_arm64/built_wheel --no-deps -vvv
2022-12-27T11:12:09.8448910Z Created temporary directory: /private/var/folders/51/hd414ycd67n82196sw51xqtc0000gn/T/pip-ephem-wheel-cache-kmvrgqg1
2022-12-27T11:12:09.8452610Z Created temporary directory: /private/var/folders/51/hd414ycd67n82196sw51xqtc0000gn/T/pip-build-tracker-qio5pe2z
2022-12-27T11:12:09.8454730Z Initialized build tracking at /private/var/folders/51/hd414ycd67n82196sw51xqtc0000gn/T/pip-build-tracker-qio5pe2z
2022-12-27T11:12:09.8456000Z Created build tracker: /private/var/folders/51/hd414ycd67n82196sw51xqtc0000gn/T/pip-build-tracker-qio5pe2z
2022-12-27T11:12:09.8457360Z Entered build tracker: /private/var/folders/51/hd414ycd67n82196sw51xqtc0000gn/T/pip-build-tracker-qio5pe2z
2022-12-27T11:12:09.8460450Z Created temporary directory: /private/var/folders/51/hd414ycd67n82196sw51xqtc0000gn/T/pip-wheel-zr7tg29w
2022-12-27T11:12:09.8465770Z Created temporary directory: /private/var/folders/51/hd414ycd67n82196sw51xqtc0000gn/T/pip-ephem-wheel-cache-7dlahqo_
2022-12-27T11:12:09.8543300Z Processing /Users/runner/actions-runner/_work/python.build/python.build/build_lxml221311/lxml-2.2.1
2022-12-27T11:12:09.8550130Z   Added file:///Users/runner/actions-runner/_work/python.build/python.build/build_lxml221311/lxml-2.2.1 to build tracker '/private/var/folders/51/hd414ycd67n82196sw51xqtc0000gn/T/pip-build-tracker-qio5pe2z'
2022-12-27T11:12:09.8554070Z   Running setup.py (path:/Users/runner/actions-runner/_work/python.build/python.build/build_lxml221311/lxml-2.2.1/setup.py) egg_info for package from file:///Users/runner/actions-runner/_work/python.build/python.build/build_lxml221311/lxml-2.2.1
2022-12-27T11:12:09.8557140Z   Created temporary directory: /private/var/folders/51/hd414ycd67n82196sw51xqtc0000gn/T/pip-pip-egg-info-pamqe7xe
2022-12-27T11:12:09.8558460Z   Preparing metadata (setup.py): started
2022-12-27T11:12:09.8559950Z   Running command python setup.py egg_info
2022-12-27T11:12:10.2044520Z   Building lxml version 2.2.1.
2022-12-27T11:12:10.2045130Z   Building with Cython 0.29.32.
2022-12-27T11:12:10.2046580Z   Using build configuration of libxslt 1.1.29
2022-12-27T11:12:10.2047920Z   Building against libxml2/libxslt in the following directory: /Library/Developer/CommandLineTools/SDKs/MacOSX12.1.sdk/usr/lib
2022-12-27T11:12:10.2048850Z   running egg_info
2022-12-27T11:12:10.2050970Z   creating /private/var/folders/51/hd414ycd67n82196sw51xqtc0000gn/T/pip-pip-egg-info-pamqe7xe/lxml.egg-info
2022-12-27T11:12:10.2053600Z   writing /private/var/folders/51/hd414ycd67n82196sw51xqtc0000gn/T/pip-pip-egg-info-pamqe7xe/lxml.egg-info/PKG-INFO
2022-12-27T11:12:10.2058060Z   writing dependency_links to /private/var/folders/51/hd414ycd67n82196sw51xqtc0000gn/T/pip-pip-egg-info-pamqe7xe/lxml.egg-info/dependency_links.txt
2022-12-27T11:12:10.2060880Z   writing top-level names to /private/var/folders/51/hd414ycd67n82196sw51xqtc0000gn/T/pip-pip-egg-info-pamqe7xe/lxml.egg-info/top_level.txt
2022-12-27T11:12:10.2062960Z   writing manifest file '/private/var/folders/51/hd414ycd67n82196sw51xqtc0000gn/T/pip-pip-egg-info-pamqe7xe/lxml.egg-info/SOURCES.txt'
2022-12-27T11:12:10.2117420Z   reading manifest file '/private/var/folders/51/hd414ycd67n82196sw51xqtc0000gn/T/pip-pip-egg-info-pamqe7xe/lxml.egg-info/SOURCES.txt'
2022-12-27T11:12:10.2119940Z   reading manifest template 'MANIFEST.in'
2022-12-27T11:12:10.2877720Z   adding license file 'LICENSES.txt'
2022-12-27T11:12:10.2930700Z   writing manifest file '/private/var/folders/51/hd414ycd67n82196sw51xqtc0000gn/T/pip-pip-egg-info-pamqe7xe/lxml.egg-info/SOURCES.txt'
2022-12-27T11:12:10.3210830Z   Preparing metadata (setup.py): finished with status 'done'
2022-12-27T11:12:10.3234080Z   Source in /Users/runner/actions-runner/_work/python.build/python.build/build_lxml221311/lxml-2.2.1 has version 2.2.1, which satisfies requirement lxml==2.2.1 from file:///Users/runner/actions-runner/_work/python.build/python.build/build_lxml221311/lxml-2.2.1
2022-12-27T11:12:10.3237150Z   Removed lxml==2.2.1 from file:///Users/runner/actions-runner/_work/python.build/python.build/build_lxml221311/lxml-2.2.1 from build tracker '/private/var/folders/51/hd414ycd67n82196sw51xqtc0000gn/T/pip-build-tracker-qio5pe2z'
2022-12-27T11:12:10.3253390Z Created temporary directory: /private/var/folders/51/hd414ycd67n82196sw51xqtc0000gn/T/pip-unpack-l3zvg9ng
2022-12-27T11:12:10.3255320Z Building wheels for collected packages: lxml
2022-12-27T11:12:10.3262110Z   Created temporary directory: /private/var/folders/51/hd414ycd67n82196sw51xqtc0000gn/T/pip-wheel-55s6dsfh
2022-12-27T11:12:10.3263340Z   Building wheel for lxml (setup.py): started
2022-12-27T11:12:10.3265050Z   Destination directory: /private/var/folders/51/hd414ycd67n82196sw51xqtc0000gn/T/pip-wheel-55s6dsfh
2022-12-27T11:12:10.3376470Z   Running command python setup.py bdist_wheel
2022-12-27T11:12:10.5583540Z   Building lxml version 2.2.1.
2022-12-27T11:12:10.5584770Z   Building with Cython 0.29.32.
2022-12-27T11:12:10.5713240Z   Using build configuration of libxslt 1.1.29
2022-12-27T11:12:10.6653080Z   Building against libxml2/libxslt in the following directory: /Library/Developer/CommandLineTools/SDKs/MacOSX12.1.sdk/usr/lib
2022-12-27T11:12:10.6875030Z   running bdist_wheel
2022-12-27T11:12:10.6913190Z   running build
2022-12-27T11:12:10.6914920Z   running build_py
2022-12-27T11:12:10.6934310Z   creating build
2022-12-27T11:12:10.6936350Z   creating build/lib.macosx-11.0-arm64-cpython-311
2022-12-27T11:12:10.6937800Z   creating build/lib.macosx-11.0-arm64-cpython-311/lxml
2022-12-27T11:12:10.6940000Z   copying src/lxml/_elementpath.py -> build/lib.macosx-11.0-arm64-cpython-311/lxml
2022-12-27T11:12:10.6941840Z   copying src/lxml/sax.py -> build/lib.macosx-11.0-arm64-cpython-311/lxml
2022-12-27T11:12:10.6944190Z   copying src/lxml/pyclasslookup.py -> build/lib.macosx-11.0-arm64-cpython-311/lxml
2022-12-27T11:12:10.6946880Z   copying src/lxml/__init__.py -> build/lib.macosx-11.0-arm64-cpython-311/lxml
2022-12-27T11:12:10.6949540Z   copying src/lxml/builder.py -> build/lib.macosx-11.0-arm64-cpython-311/lxml
2022-12-27T11:12:10.6952230Z   copying src/lxml/doctestcompare.py -> build/lib.macosx-11.0-arm64-cpython-311/lxml
2022-12-27T11:12:10.6955120Z   copying src/lxml/usedoctest.py -> build/lib.macosx-11.0-arm64-cpython-311/lxml
2022-12-27T11:12:10.6957470Z   copying src/lxml/cssselect.py -> build/lib.macosx-11.0-arm64-cpython-311/lxml
2022-12-27T11:12:10.6960260Z   copying src/lxml/ElementInclude.py -> build/lib.macosx-11.0-arm64-cpython-311/lxml
2022-12-27T11:12:10.6967380Z   creating build/lib.macosx-11.0-arm64-cpython-311/lxml/html
2022-12-27T11:12:10.6969440Z   copying src/lxml/html/soupparser.py -> build/lib.macosx-11.0-arm64-cpython-311/lxml/html
2022-12-27T11:12:10.6972170Z   copying src/lxml/html/defs.py -> build/lib.macosx-11.0-arm64-cpython-311/lxml/html
2022-12-27T11:12:10.6974270Z   copying src/lxml/html/_setmixin.py -> build/lib.macosx-11.0-arm64-cpython-311/lxml/html
2022-12-27T11:12:10.6976800Z   copying src/lxml/html/clean.py -> build/lib.macosx-11.0-arm64-cpython-311/lxml/html
2022-12-27T11:12:10.6979810Z   copying src/lxml/html/_diffcommand.py -> build/lib.macosx-11.0-arm64-cpython-311/lxml/html
2022-12-27T11:12:10.6981930Z   copying src/lxml/html/html5parser.py -> build/lib.macosx-11.0-arm64-cpython-311/lxml/html
2022-12-27T11:12:10.6984530Z   copying src/lxml/html/__init__.py -> build/lib.macosx-11.0-arm64-cpython-311/lxml/html
2022-12-27T11:12:10.6987960Z   copying src/lxml/html/formfill.py -> build/lib.macosx-11.0-arm64-cpython-311/lxml/html
2022-12-27T11:12:10.6990610Z   copying src/lxml/html/builder.py -> build/lib.macosx-11.0-arm64-cpython-311/lxml/html
2022-12-27T11:12:10.6993230Z   copying src/lxml/html/ElementSoup.py -> build/lib.macosx-11.0-arm64-cpython-311/lxml/html
2022-12-27T11:12:10.6995830Z   copying src/lxml/html/_html5builder.py -> build/lib.macosx-11.0-arm64-cpython-311/lxml/html
2022-12-27T11:12:10.6998050Z   copying src/lxml/html/usedoctest.py -> build/lib.macosx-11.0-arm64-cpython-311/lxml/html
2022-12-27T11:12:10.7001530Z   copying src/lxml/html/diff.py -> build/lib.macosx-11.0-arm64-cpython-311/lxml/html
2022-12-27T11:12:10.7004370Z   copying src/lxml/html/_dictmixin.py -> build/lib.macosx-11.0-arm64-cpython-311/lxml/html
2022-12-27T11:12:10.7014110Z   running build_ext
2022-12-27T11:12:10.7138890Z   skipping 'src/lxml/lxml.etree.c' Cython extension (up-to-date)
2022-12-27T11:12:10.7142430Z   skipping 'src/lxml/lxml.objectify.c' Cython extension (up-to-date)
2022-12-27T11:12:10.7144090Z   building 'lxml.etree' extension
2022-12-27T11:12:10.7145740Z   creating build/temp.macosx-11.0-arm64-cpython-311
2022-12-27T11:12:10.7147050Z   creating build/temp.macosx-11.0-arm64-cpython-311/src
2022-12-27T11:12:10.7148580Z   creating build/temp.macosx-11.0-arm64-cpython-311/src/lxml
2022-12-27T11:12:10.7150940Z   clang -Wsign-compare -Wunreachable-code -fno-common -dynamic -DNDEBUG -g -fwrapv -O3 -Wall -g -I/usr/local/opt/openssl@3/include -I/usr/local/opt/openssl@3/include -arch arm64 -I/Library/Developer/CommandLineTools/SDKs/MacOSX12.1.sdk/usr/include -I/private/var/folders/51/hd414ycd67n82196sw51xqtc0000gn/T/cibw-run-_rs8m72w/cp311-macosx_arm64/build/venv/include -I/Library/Frameworks/Python.framework/Versions/3.11/include/python3.11 -c src/lxml/lxml.etree.c -o build/temp.macosx-11.0-arm64-cpython-311/src/lxml/lxml.etree.o -w -flat_namespace
2022-12-27T11:12:11.2009480Z   src/lxml/lxml.etree.c:116989:5: error: expression is not assignable
2022-12-27T11:12:11.2010340Z       ++Py_REFCNT(o);
2022-12-27T11:12:11.2011830Z       ^ ~~~~~~~~~~~~
2022-12-27T11:12:11.2012940Z   src/lxml/lxml.etree.c:116992:5: error: expression is not assignable
2022-12-27T11:12:11.2014270Z       --Py_REFCNT(o);
2022-12-27T11:12:11.2015400Z       ^ ~~~~~~~~~~~~
2022-12-27T11:12:11.2016790Z   src/lxml/lxml.etree.c:117190:5: error: expression is not assignable
2022-12-27T11:12:11.2017690Z       ++Py_REFCNT(o);
2022-12-27T11:12:11.2018790Z       ^ ~~~~~~~~~~~~
2022-12-27T11:12:11.2020100Z   src/lxml/lxml.etree.c:117193:5: error: expression is not assignable
2022-12-27T11:12:11.2021270Z       --Py_REFCNT(o);
2022-12-27T11:12:11.2022190Z       ^ ~~~~~~~~~~~~
2022-12-27T11:12:11.2237270Z   src/lxml/lxml.etree.c:126512:5: error: expression is not assignable
2022-12-27T11:12:11.2238720Z       ++Py_REFCNT(o);
2022-12-27T11:12:11.2239940Z       ^ ~~~~~~~~~~~~
2022-12-27T11:12:11.2241330Z   src/lxml/lxml.etree.c:126515:5: error: expression is not assignable
2022-12-27T11:12:11.2242490Z       --Py_REFCNT(o);
2022-12-27T11:12:11.2243530Z       ^ ~~~~~~~~~~~~
2022-12-27T11:12:11.2251220Z   src/lxml/lxml.etree.c:127089:5: error: expression is not assignable
2022-12-27T11:12:11.2252750Z       ++Py_REFCNT(o);
2022-12-27T11:12:11.2253510Z       ^ ~~~~~~~~~~~~
2022-12-27T11:12:11.2254460Z   src/lxml/lxml.etree.c:127092:5: error: expression is not assignable
2022-12-27T11:12:11.2256040Z       --Py_REFCNT(o);
2022-12-27T11:12:11.2256830Z       ^ ~~~~~~~~~~~~
2022-12-27T11:12:11.2261230Z   src/lxml/lxml.etree.c:127476:5: error: expression is not assignable
2022-12-27T11:12:11.2262360Z       ++Py_REFCNT(o);
2022-12-27T11:12:11.2263440Z       ^ ~~~~~~~~~~~~
2022-12-27T11:12:11.2264600Z   src/lxml/lxml.etree.c:127479:5: error: expression is not assignable
2022-12-27T11:12:11.2266080Z       --Py_REFCNT(o);
2022-12-27T11:12:11.2266940Z       ^ ~~~~~~~~~~~~
2022-12-27T11:12:11.2268330Z   src/lxml/lxml.etree.c:127653:5: error: expression is not assignable
2022-12-27T11:12:11.2269250Z       ++Py_REFCNT(o);
2022-12-27T11:12:11.2270380Z       ^ ~~~~~~~~~~~~
2022-12-27T11:12:11.2271640Z   src/lxml/lxml.etree.c:127656:5: error: expression is not assignable
2022-12-27T11:12:11.2272710Z       --Py_REFCNT(o);
2022-12-27T11:12:11.2273630Z       ^ ~~~~~~~~~~~~
2022-12-27T11:12:11.2371240Z   src/lxml/lxml.etree.c:131537:5: error: expression is not assignable
2022-12-27T11:12:11.2372680Z       ++Py_REFCNT(o);
2022-12-27T11:12:11.2373980Z       ^ ~~~~~~~~~~~~
2022-12-27T11:12:11.2375420Z   src/lxml/lxml.etree.c:131540:5: error: expression is not assignable
2022-12-27T11:12:11.2376980Z       --Py_REFCNT(o);
2022-12-27T11:12:11.2378140Z       ^ ~~~~~~~~~~~~
2022-12-27T11:12:11.2385200Z   src/lxml/lxml.etree.c:132099:5: error: expression is not assignable
2022-12-27T11:12:11.2386200Z       ++Py_REFCNT(o);
2022-12-27T11:12:11.2387540Z       ^ ~~~~~~~~~~~~
2022-12-27T11:12:11.2388670Z   src/lxml/lxml.etree.c:132102:5: error: expression is not assignable
2022-12-27T11:12:11.2390000Z       --Py_REFCNT(o);
2022-12-27T11:12:11.2390810Z       ^ ~~~~~~~~~~~~
2022-12-27T11:12:11.2398300Z   src/lxml/lxml.etree.c:132647:5: error: expression is not assignable
2022-12-27T11:12:11.2399200Z       ++Py_REFCNT(o);
2022-12-27T11:12:11.2400360Z       ^ ~~~~~~~~~~~~
2022-12-27T11:12:11.2401530Z   src/lxml/lxml.etree.c:132650:5: error: expression is not assignable
2022-12-27T11:12:11.2402530Z       --Py_REFCNT(o);
2022-12-27T11:12:11.2403850Z       ^ ~~~~~~~~~~~~
2022-12-27T11:12:11.2413620Z   src/lxml/lxml.etree.c:133213:5: error: expression is not assignable
2022-12-27T11:12:11.2414960Z       ++Py_REFCNT(o);
2022-12-27T11:12:11.2416020Z       ^ ~~~~~~~~~~~~
2022-12-27T11:12:11.2417440Z   fatal error: too many errors emitted, stopping now [-ferror-limit=]
2022-12-27T11:12:11.2859930Z   20 errors generated.
2022-12-27T11:12:11.2900090Z   error: command '/usr/bin/clang' failed with exit code 1
2022-12-27T11:12:11.3270560Z   error: subprocess-exited-with-error
2022-12-27T11:12:11.3270930Z   
2022-12-27T11:12:11.3271510Z   × python setup.py bdist_wheel did not run successfully.
2022-12-27T11:12:11.3334220Z   │ exit code: 1
2022-12-27T11:12:11.3334440Z   ╰─> See above for output.
2022-12-27T11:12:11.3334620Z   
2022-12-27T11:12:11.3334820Z   note: This error originates from a subprocess, and is likely not a problem with pip.
2022-12-27T11:12:11.3335430Z   full command: /private/var/folders/51/hd414ycd67n82196sw51xqtc0000gn/T/cibw-run-_rs8m72w/cp311-macosx_arm64/build/venv/bin/python -u -c '
2022-12-27T11:12:11.3335740Z   exec(compile('"'"''"'"''"'"'
2022-12-27T11:12:11.3336150Z   # This is <pip-setuptools-caller> -- a caller that pip uses to run setup.py
2022-12-27T11:12:11.3336340Z   #
2022-12-27T11:12:11.3336640Z   # - It imports setuptools before invoking setup.py, to enable projects that directly
2022-12-27T11:12:11.3336920Z   #   import from `distutils.core` to work with newer packaging standards.
2022-12-27T11:12:11.3337200Z   # - It provides a clear error message when setuptools is not installed.
2022-12-27T11:12:11.3337520Z   # - It sets `sys.argv[0]` to the underlying `setup.py`, when invoking `setup.py` so
2022-12-27T11:12:11.3337820Z   #   setuptools doesn'"'"'t think the script is `-c`. This avoids the following warning:
2022-12-27T11:12:11.3338090Z   #     manifest_maker: standard file '"'"'-c'"'"' not found".
2022-12-27T11:12:11.3338830Z   # - It generates a shim setup.py, for handling setup.cfg-only projects.
2022-12-27T11:12:11.3339040Z   import os, sys, tokenize
2022-12-27T11:12:11.3339200Z   
2022-12-27T11:12:11.3339320Z   try:
2022-12-27T11:12:11.3339490Z       import setuptools
2022-12-27T11:12:11.3339680Z   except ImportError as error:
2022-12-27T11:12:11.3339890Z       print(
2022-12-27T11:12:11.3340110Z           "ERROR: Can not execute `setup.py` since setuptools is not available in "
2022-12-27T11:12:11.3340330Z           "the build environment.",
2022-12-27T11:12:11.3340480Z           file=sys.stderr,
2022-12-27T11:12:11.3340650Z       )
2022-12-27T11:12:11.3340810Z       sys.exit(1)
2022-12-27T11:12:11.3340940Z   
2022-12-27T11:12:11.3341100Z   __file__ = %r
2022-12-27T11:12:11.3341270Z   sys.argv[0] = __file__
2022-12-27T11:12:11.3341400Z   
2022-12-27T11:12:11.3341570Z   if os.path.exists(__file__):
2022-12-27T11:12:11.3341740Z       filename = __file__
2022-12-27T11:12:11.3341890Z       with tokenize.open(__file__) as f:
2022-12-27T11:12:11.3342040Z           setup_py_code = f.read()
2022-12-27T11:12:11.3342220Z   else:
2022-12-27T11:12:11.3342430Z       filename = "<auto-generated setuptools caller>"
2022-12-27T11:12:11.3342650Z       setup_py_code = "from setuptools import setup; setup()"
2022-12-27T11:12:11.3342830Z   
2022-12-27T11:12:11.3342980Z   exec(compile(setup_py_code, filename, "exec"))
2022-12-27T11:12:11.3343510Z   '"'"''"'"''"'"' % ('"'"'/Users/runner/actions-runner/_work/python.build/python.build/build_lxml221311/lxml-2.2.1/setup.py'"'"',), "<pip-setuptools-caller>", "exec"))' bdist_wheel -d /private/var/folders/51/hd414ycd67n82196sw51xqtc0000gn/T/pip-wheel-55s6dsfh
2022-12-27T11:12:11.3344150Z   cwd: /Users/runner/actions-runner/_work/python.build/python.build/build_lxml221311/lxml-2.2.1/
2022-12-27T11:12:11.3344430Z   ERROR: Failed building wheel for lxml
2022-12-27T11:12:11.3344600Z   Running command python setup.py clean
2022-12-27T11:12:11.3344900Z   Building wheel for lxml (setup.py): finished with status 'error'
2022-12-27T11:12:11.3345110Z   Running setup.py clean for lxml
2022-12-27T11:12:11.5506280Z   Building lxml version 2.2.1.
2022-12-27T11:12:11.5507670Z   Building with Cython 0.29.32.
2022-12-27T11:12:11.5637650Z   Using build configuration of libxslt 1.1.29
2022-12-27T11:12:11.6566720Z   Building against libxml2/libxslt in the following directory: /Library/Developer/CommandLineTools/SDKs/MacOSX12.1.sdk/usr/lib
2022-12-27T11:12:11.6691150Z   running clean
2022-12-27T11:12:11.6716250Z   removing 'build/temp.macosx-11.0-arm64-cpython-311' (and everything under it)
2022-12-27T11:12:11.6719490Z   removing 'build/lib.macosx-11.0-arm64-cpython-311' (and everything under it)
2022-12-27T11:12:11.6739570Z   'build/bdist.macosx-11.0-arm64' does not exist -- can't clean it
2022-12-27T11:12:11.6740830Z   'build/scripts-3.11' does not exist -- can't clean it
2022-12-27T11:12:11.6741800Z   removing 'build'
2022-12-27T11:12:11.7020710Z Failed to build lxml
2022-12-27T11:12:11.7024110Z ERROR: Failed to build one or more wheels
2022-12-27T11:12:11.7036760Z Exception information:
2022-12-27T11:12:11.7037000Z Traceback (most recent call last):
2022-12-27T11:12:11.7044100Z   File "/private/var/folders/51/hd414ycd67n82196sw51xqtc0000gn/T/cibw-run-_rs8m72w/cp311-macosx_arm64/build/venv/lib/python3.11/site-packages/pip/_internal/cli/base_command.py", line 160, in exc_logging_wrapper
2022-12-27T11:12:11.7044590Z     status = run_func(*args)
2022-12-27T11:12:11.7044790Z              ^^^^^^^^^^^^^^^
2022-12-27T11:12:11.7045420Z   File "/private/var/folders/51/hd414ycd67n82196sw51xqtc0000gn/T/cibw-run-_rs8m72w/cp311-macosx_arm64/build/venv/lib/python3.11/site-packages/pip/_internal/cli/req_command.py", line 247, in wrapper
2022-12-27T11:12:11.7045750Z     return func(self, options, args)
2022-12-27T11:12:11.7045950Z            ^^^^^^^^^^^^^^^^^^^^^^^^^
2022-12-27T11:12:11.7046400Z   File "/private/var/folders/51/hd414ycd67n82196sw51xqtc0000gn/T/cibw-run-_rs8m72w/cp311-macosx_arm64/build/venv/lib/python3.11/site-packages/pip/_internal/commands/wheel.py", line 201, in run
2022-12-27T11:12:11.7047440Z     raise CommandError("Failed to build one or more wheels")
2022-12-27T11:12:11.7047750Z pip._internal.exceptions.CommandError: Failed to build one or more wheels
2022-12-27T11:12:11.7048250Z Removed build tracker: '/private/var/folders/51/hd414ycd67n82196sw51xqtc0000gn/T/pip-build-tracker-qio5pe2z'
2022-12-27T11:12:11.7471940Z ##[endgroup]
2022-12-27T11:12:11.7494780Z ##[error]Command ['python', '-m', 'pip', 'wheel', '/Users/runner/actions-runner/_work/python.build/python.build/build_lxml221311/lxml-2.2.1', '--wheel-dir=/private/var/folders/51/hd414ycd67n82196sw51xqtc0000gn/T/cibw-run-_rs8m72w/cp311-macosx_arm64/built_wheel', '--no-deps', '-vvv'] failed with code 1. None
2022-12-27T11:12:11.7500840Z 
2022-12-27T11:12:11.7501180Z                                                               [31m✕ [0m2.15s
2022-12-27T11:12:11.7962220Z ##[error]Process completed with exit code 1.
2022-12-27T11:12:11.7996860Z ##[group]Run rm -rf build_lxml221311 wheelsout
2022-12-27T11:12:11.7997150Z [36;1mrm -rf build_lxml221311 wheelsout[0m
2022-12-27T11:12:11.8013370Z shell: /bin/bash -e {0}
2022-12-27T11:12:11.8013560Z env:
2022-12-27T11:12:11.8013770Z   pythonLocation: /Users/runner/hostedtoolcache/Python/3.11.1/x64
2022-12-27T11:12:11.8014010Z   PKG_CONFIG_PATH: /Users/runner/hostedtoolcache/Python/3.11.1/x64/lib/pkgconfig
2022-12-27T11:12:11.8014240Z   Python_ROOT_DIR: /Users/runner/hostedtoolcache/Python/3.11.1/x64
2022-12-27T11:12:11.8014480Z   Python2_ROOT_DIR: /Users/runner/hostedtoolcache/Python/3.11.1/x64
2022-12-27T11:12:11.8014710Z   Python3_ROOT_DIR: /Users/runner/hostedtoolcache/Python/3.11.1/x64
2022-12-27T11:12:11.8014880Z ##[endgroup]
2022-12-27T11:12:11.8560360Z Cleaning up orphan processes
