2022-12-27T01:58:05.2892885Z Requested labels: self-hosted, macOS, X64
2022-12-27T01:58:05.2892962Z Job defined at: kilnbuild/python.build/.github/workflows/mac_arm_build.yml@refs/heads/main
2022-12-27T01:58:05.2892995Z Waiting for a runner to pick up this job...
2022-12-27T02:55:59.9441200Z Job is about to start running on the runner: s1 (organization)
2022-12-27T02:56:04.5712010Z Current runner version: '2.300.2'
2022-12-27T02:56:04.5717050Z Runner name: 's1'
2022-12-27T02:56:04.5717300Z Runner group name: 'Default'
2022-12-27T02:56:04.5717740Z Machine name: 's1'
2022-12-27T02:56:04.5719260Z ##[group]GITHUB_TOKEN Permissions
2022-12-27T02:56:04.5719690Z Actions: write
2022-12-27T02:56:04.5719830Z Checks: write
2022-12-27T02:56:04.5719960Z Contents: write
2022-12-27T02:56:04.5720100Z Deployments: write
2022-12-27T02:56:04.5720240Z Discussions: write
2022-12-27T02:56:04.5720370Z Issues: write
2022-12-27T02:56:04.5720500Z Metadata: read
2022-12-27T02:56:04.5720630Z Packages: write
2022-12-27T02:56:04.5720770Z Pages: write
2022-12-27T02:56:04.5720910Z PullRequests: write
2022-12-27T02:56:04.5721080Z RepositoryProjects: write
2022-12-27T02:56:04.5721240Z SecurityEvents: write
2022-12-27T02:56:04.5721380Z Statuses: write
2022-12-27T02:56:04.5721510Z ##[endgroup]
2022-12-27T02:56:04.5724240Z Secret source: Actions
2022-12-27T02:56:04.5724580Z Prepare workflow directory
2022-12-27T02:56:04.6402330Z Prepare all required actions
2022-12-27T02:56:04.6525310Z Getting action download info
2022-12-27T02:56:05.0835620Z Download action repository 'actions/setup-python@v4' (SHA:5ccb29d8773c3f3f653e1705f474dfaa8a06a912)
2022-12-27T02:56:06.9177580Z Download action repository 'actions/upload-artifact@v3' (SHA:83fd05a356d7e2593de66fc9913b3002723633cb)
2022-12-27T02:56:08.2396110Z ##[group]Run echo '{
2022-12-27T02:56:08.2396440Z [36;1mecho '{[0m
2022-12-27T02:56:08.2396670Z [36;1m  "environment_variables": "GRPC_PYTHON_BUILD_WITH_CYTHON=1 GRPC_BUILD_WITH_BORING_SSL_ASM='' GRPC_PYTHON_BUILD_SYSTEM_OPENSSL=TRUE",[0m
2022-12-27T02:56:08.2396880Z [36;1m  "package_name": "grpcio",[0m
2022-12-27T02:56:08.2397120Z [36;1m  "package_url": "https://files.pythonhosted.org/packages/1b/40/3e89d778c9a5a5a59bc6ef80c8f096ea8b9e02a30e163479d1501257b8a6/grpcio-1.4.0.tar.gz",[0m
2022-12-27T02:56:08.2397480Z [36;1m  "package_version": "1.4.0",[0m
2022-12-27T02:56:08.2397660Z [36;1m  "python_version": "3.9",[0m
2022-12-27T02:56:08.2397790Z [36;1m  "use_ccache": "true"[0m
2022-12-27T02:56:08.2397900Z [36;1m}'[0m
2022-12-27T02:56:08.2414140Z shell: /bin/bash -e {0}
2022-12-27T02:56:08.2414280Z ##[endgroup]
2022-12-27T02:56:08.2636740Z {
2022-12-27T02:56:08.2638210Z   "environment_variables": "GRPC_PYTHON_BUILD_WITH_CYTHON=1 GRPC_BUILD_WITH_BORING_SSL_ASM= GRPC_PYTHON_BUILD_SYSTEM_OPENSSL=TRUE",
2022-12-27T02:56:08.2638480Z   "package_name": "grpcio",
2022-12-27T02:56:08.2639080Z   "package_url": "https://files.pythonhosted.org/packages/1b/40/3e89d778c9a5a5a59bc6ef80c8f096ea8b9e02a30e163479d1501257b8a6/grpcio-1.4.0.tar.gz",
2022-12-27T02:56:08.2639400Z   "package_version": "1.4.0",
2022-12-27T02:56:08.2639580Z   "python_version": "3.9",
2022-12-27T02:56:08.2639740Z   "use_ccache": "true"
2022-12-27T02:56:08.2639900Z }
2022-12-27T02:56:08.2858380Z ##[group]Run actions/setup-python@v4
2022-12-27T02:56:08.2858610Z with:
2022-12-27T02:56:08.2858850Z   python-version: 3.9
2022-12-27T02:56:08.2859040Z   check-latest: false
2022-12-27T02:56:08.2859350Z   token: ***
2022-12-27T02:56:08.2859540Z   update-environment: true
2022-12-27T02:56:08.2859770Z ##[endgroup]
2022-12-27T02:56:08.4113640Z ##[group]Installed versions
2022-12-27T02:56:08.4157020Z Successfully set up CPython (3.9.16)
2022-12-27T02:56:08.4157680Z ##[endgroup]
2022-12-27T02:56:08.4306940Z ##[group]Run if [ "true" == "true" ]
2022-12-27T02:56:08.4307220Z [36;1mif [ "true" == "true" ][0m
2022-12-27T02:56:08.4307380Z [36;1mthen[0m
2022-12-27T02:56:08.4307600Z [36;1m  echo "CCACHE_PATH_PREPEND=/usr/local/opt/ccache/libexec" >> $GITHUB_OUTPUT[0m
2022-12-27T02:56:08.4307860Z [36;1melse[0m
2022-12-27T02:56:08.4308060Z [36;1m  echo "CCACHE_PATH_PREPEND=" >> $GITHUB_OUTPUT[0m
2022-12-27T02:56:08.4308220Z [36;1mfi[0m
2022-12-27T02:56:08.4325330Z shell: /bin/bash -e {0}
2022-12-27T02:56:08.4325550Z env:
2022-12-27T02:56:08.4325770Z   pythonLocation: /Users/runner/hostedtoolcache/Python/3.9.16/x64
2022-12-27T02:56:08.4326010Z   PKG_CONFIG_PATH: /Users/runner/hostedtoolcache/Python/3.9.16/x64/lib/pkgconfig
2022-12-27T02:56:08.4326720Z   Python_ROOT_DIR: /Users/runner/hostedtoolcache/Python/3.9.16/x64
2022-12-27T02:56:08.4327020Z   Python2_ROOT_DIR: /Users/runner/hostedtoolcache/Python/3.9.16/x64
2022-12-27T02:56:08.4327290Z   Python3_ROOT_DIR: /Users/runner/hostedtoolcache/Python/3.9.16/x64
2022-12-27T02:56:08.4327500Z ##[endgroup]
2022-12-27T02:56:08.4437090Z ##[group]Run echo "BUILD_NAME=$(echo grpcio_1.4.0_3.9 | tr -dc '[:alnum:]\n\r' | tr '[:upper:]' '[:lower:]')" >> $GITHUB_OUTPUT
2022-12-27T02:56:08.4437560Z [36;1mecho "BUILD_NAME=$(echo grpcio_1.4.0_3.9 | tr -dc '[:alnum:]\n\r' | tr '[:upper:]' '[:lower:]')" >> $GITHUB_OUTPUT[0m
2022-12-27T02:56:08.4452530Z shell: /bin/bash -e {0}
2022-12-27T02:56:08.4452710Z env:
2022-12-27T02:56:08.4452940Z   pythonLocation: /Users/runner/hostedtoolcache/Python/3.9.16/x64
2022-12-27T02:56:08.4453220Z   PKG_CONFIG_PATH: /Users/runner/hostedtoolcache/Python/3.9.16/x64/lib/pkgconfig
2022-12-27T02:56:08.4453540Z   Python_ROOT_DIR: /Users/runner/hostedtoolcache/Python/3.9.16/x64
2022-12-27T02:56:08.4453880Z   Python2_ROOT_DIR: /Users/runner/hostedtoolcache/Python/3.9.16/x64
2022-12-27T02:56:08.4454130Z   Python3_ROOT_DIR: /Users/runner/hostedtoolcache/Python/3.9.16/x64
2022-12-27T02:56:08.4454340Z ##[endgroup]
2022-12-27T02:56:08.4597780Z ##[group]Run echo "PYTHON_NO_DOTS=$(echo 3.9 | tr -dc '[:alnum:]\n\r' | tr '[:upper:]' '[:lower:]')" >> $GITHUB_OUTPUT
2022-12-27T02:56:08.4598170Z [36;1mecho "PYTHON_NO_DOTS=$(echo 3.9 | tr -dc '[:alnum:]\n\r' | tr '[:upper:]' '[:lower:]')" >> $GITHUB_OUTPUT[0m
2022-12-27T02:56:08.4612340Z shell: /bin/bash -e {0}
2022-12-27T02:56:08.4612530Z env:
2022-12-27T02:56:08.4612750Z   pythonLocation: /Users/runner/hostedtoolcache/Python/3.9.16/x64
2022-12-27T02:56:08.4613410Z   PKG_CONFIG_PATH: /Users/runner/hostedtoolcache/Python/3.9.16/x64/lib/pkgconfig
2022-12-27T02:56:08.4613600Z   Python_ROOT_DIR: /Users/runner/hostedtoolcache/Python/3.9.16/x64
2022-12-27T02:56:08.4613800Z   Python2_ROOT_DIR: /Users/runner/hostedtoolcache/Python/3.9.16/x64
2022-12-27T02:56:08.4614020Z   Python3_ROOT_DIR: /Users/runner/hostedtoolcache/Python/3.9.16/x64
2022-12-27T02:56:08.4614180Z ##[endgroup]
2022-12-27T02:56:08.4725470Z ##[group]Run rm -rf build_grpcio14039
2022-12-27T02:56:08.4725830Z [36;1mrm -rf build_grpcio14039[0m
2022-12-27T02:56:08.4726000Z [36;1mmkdir build_grpcio14039[0m
2022-12-27T02:56:08.4726180Z [36;1mcd build_grpcio14039[0m
2022-12-27T02:56:08.4726520Z [36;1m/usr/local/bin/wget --quiet https://files.pythonhosted.org/packages/1b/40/3e89d778c9a5a5a59bc6ef80c8f096ea8b9e02a30e163479d1501257b8a6/grpcio-1.4.0.tar.gz[0m
2022-12-27T02:56:08.4726780Z [36;1mtar xf *.tar.gz[0m
2022-12-27T02:56:08.4726960Z [36;1mcd grpcio-*/[0m
2022-12-27T02:56:08.4727220Z [36;1mpython -m pip install cibuildwheel==2.11.3[0m
2022-12-27T02:56:08.4727520Z [36;1mpython -m cibuildwheel --output-dir ../wheelsout[0m
2022-12-27T02:56:08.4742130Z shell: /bin/bash -e {0}
2022-12-27T02:56:08.4742320Z env:
2022-12-27T02:56:08.4742580Z   pythonLocation: /Users/runner/hostedtoolcache/Python/3.9.16/x64
2022-12-27T02:56:08.4742920Z   PKG_CONFIG_PATH: /Users/runner/hostedtoolcache/Python/3.9.16/x64/lib/pkgconfig
2022-12-27T02:56:08.4743160Z   Python_ROOT_DIR: /Users/runner/hostedtoolcache/Python/3.9.16/x64
2022-12-27T02:56:08.4743400Z   Python2_ROOT_DIR: /Users/runner/hostedtoolcache/Python/3.9.16/x64
2022-12-27T02:56:08.4743780Z   Python3_ROOT_DIR: /Users/runner/hostedtoolcache/Python/3.9.16/x64
2022-12-27T02:56:08.4743990Z   CIBW_ARCHS_MACOS: arm64
2022-12-27T02:56:08.4744170Z   CIBW_TEST_SKIP: *_arm64
2022-12-27T02:56:08.4744350Z   CIBW_BUILD: cp39-macosx_arm64
2022-12-27T02:56:08.4744530Z   CIBW_BUILD_FRONTEND: pip
2022-12-27T02:56:08.4744680Z   CIBW_BUILD_VERBOSITY: 3
2022-12-27T02:56:08.4745060Z   CIBW_ENVIRONMENT_MACOS: GRPC_PYTHON_BUILD_WITH_CYTHON=1 GRPC_BUILD_WITH_BORING_SSL_ASM='' GRPC_PYTHON_BUILD_SYSTEM_OPENSSL=TRUE CFLAGS="-I/usr/local/opt/openssl@3/include" LDFLAGS="-L/usr/local/opt/openssl@3/lib" CPPFLAGS="-I/usr/local/opt/openssl@3/include" MAKEFLAGS="-j$(sysctl -n hw.logicalcpu)" PATH=/usr/local/opt/ccache/libexec:$PATH
2022-12-27T02:56:08.4745720Z   CIBW_BEFORE_BUILD: pip install Cython; if [[ -f requirements.txt ]]; then pip install -r requirements.txt; fi
2022-12-27T02:56:08.4745970Z   MAKEFLAGS: -j$(sysctl -n hw.logicalcpu)
2022-12-27T02:56:08.4746120Z ##[endgroup]
2022-12-27T02:56:09.7081220Z Requirement already satisfied: cibuildwheel==2.11.3 in /Users/runner/hostedtoolcache/Python/3.9.16/x64/lib/python3.9/site-packages (2.11.3)
2022-12-27T02:56:09.7345420Z Requirement already satisfied: bashlex!=0.13 in /Users/runner/hostedtoolcache/Python/3.9.16/x64/lib/python3.9/site-packages (from cibuildwheel==2.11.3) (0.16)
2022-12-27T02:56:09.7348960Z Requirement already satisfied: certifi in /Users/runner/hostedtoolcache/Python/3.9.16/x64/lib/python3.9/site-packages (from cibuildwheel==2.11.3) (2022.12.7)
2022-12-27T02:56:09.7352640Z Requirement already satisfied: bracex in /Users/runner/hostedtoolcache/Python/3.9.16/x64/lib/python3.9/site-packages (from cibuildwheel==2.11.3) (2.3.post1)
2022-12-27T02:56:09.7355840Z Requirement already satisfied: platformdirs in /Users/runner/hostedtoolcache/Python/3.9.16/x64/lib/python3.9/site-packages (from cibuildwheel==2.11.3) (2.6.0)
2022-12-27T02:56:09.7361980Z Requirement already satisfied: tomli in /Users/runner/hostedtoolcache/Python/3.9.16/x64/lib/python3.9/site-packages (from cibuildwheel==2.11.3) (2.0.1)
2022-12-27T02:56:09.7366540Z Requirement already satisfied: filelock in /Users/runner/hostedtoolcache/Python/3.9.16/x64/lib/python3.9/site-packages (from cibuildwheel==2.11.3) (3.8.2)
2022-12-27T02:56:09.7371940Z Requirement already satisfied: packaging>=20.9 in /Users/runner/hostedtoolcache/Python/3.9.16/x64/lib/python3.9/site-packages (from cibuildwheel==2.11.3) (22.0)
2022-12-27T02:56:09.7380490Z Requirement already satisfied: typing-extensions>=4.1.0 in /Users/runner/hostedtoolcache/Python/3.9.16/x64/lib/python3.9/site-packages (from cibuildwheel==2.11.3) (4.4.0)
2022-12-27T02:56:09.9173760Z 
2022-12-27T02:56:09.9173940Z      _ _       _ _   _       _           _
2022-12-27T02:56:09.9174200Z  ___|_| |_ _ _|_| |_| |_ _ _| |_ ___ ___| |
2022-12-27T02:56:09.9175320Z |  _| | . | | | | | . | | | |   | -_| -_| |
2022-12-27T02:56:09.9175570Z |___|_|___|___|_|_|___|_____|_|_|___|___|_|
2022-12-27T02:56:09.9175710Z 
2022-12-27T02:56:09.9175990Z cibuildwheel version 2.11.3
2022-12-27T02:56:09.9176140Z 
2022-12-27T02:56:09.9176270Z Build options:
2022-12-27T02:56:09.9176510Z   platform: macos
2022-12-27T02:56:09.9329390Z   architectures: arm64[0m
2022-12-27T02:56:09.9330040Z   build_selector: 
2022-12-27T02:56:09.9330560Z     build_config: cp39-macosx_arm64
2022-12-27T02:56:09.9330930Z     skip_config: 
2022-12-27T02:56:09.9331220Z     requires_python: None
2022-12-27T02:56:09.9331810Z     prerelease_pythons: False[0m
2022-12-27T02:56:09.9332330Z   [38;5;244mcontainer_engine: docker[0m
2022-12-27T02:56:09.9333150Z   output_dir: /Users/runner/actions-runner/_work/python.build/python.build/build_grpcio14039/wheelsout[0m
2022-12-27T02:56:09.9333990Z   package_dir: /Users/runner/actions-runner/_work/python.build/python.build/build_grpcio14039/grpcio-1.4.0[0m
2022-12-27T02:56:09.9334480Z   test_selector: 
2022-12-27T02:56:09.9335100Z     skip_config: *_arm64[0m
2022-12-27T02:56:09.9335500Z   [38;5;244mbefore_all: [0m
2022-12-27T02:56:09.9336150Z   before_build: pip install Cython; if [[ -f requirements.txt ]]; then pip install -r requirements.txt; fi[0m
2022-12-27T02:56:09.9336700Z   [38;5;244mbefore_test: [0m
2022-12-27T02:56:09.9337260Z   [38;5;244mbuild_frontend: pip[0m
2022-12-27T02:56:09.9337700Z   build_verbosity: 3[0m
2022-12-27T02:56:09.9338140Z   [38;5;244mconfig_settings: [0m
2022-12-27T02:56:09.9338580Z   [38;5;244mdependency_constraints: pinned[0m
2022-12-27T02:56:09.9338950Z   environment: 
2022-12-27T02:56:09.9339440Z     GRPC_PYTHON_BUILD_WITH_CYTHON=1
2022-12-27T02:56:09.9339750Z     GRPC_BUILD_WITH_BORING_SSL_ASM=''
2022-12-27T02:56:09.9340060Z     GRPC_PYTHON_BUILD_SYSTEM_OPENSSL=TRUE
2022-12-27T02:56:09.9340810Z     CFLAGS="-I/usr/local/opt/openssl@3/include"
2022-12-27T02:56:09.9341380Z     LDFLAGS="-L/usr/local/opt/openssl@3/lib"
2022-12-27T02:56:09.9341780Z     CPPFLAGS="-I/usr/local/opt/openssl@3/include"
2022-12-27T02:56:09.9342200Z     MAKEFLAGS="-j$(sysctl -n hw.logicalcpu)"
2022-12-27T02:56:09.9342620Z     PATH=/usr/local/opt/ccache/libexec:$PATH[0m
2022-12-27T02:56:09.9342960Z   [38;5;244mmanylinux_images: None[0m
2022-12-27T02:56:09.9343500Z   [38;5;244mmusllinux_images: None[0m
2022-12-27T02:56:09.9344080Z   [38;5;244mrepair_command: delocate-wheel --require-archs {delocate_archs} -w {dest_dir} -v {wheel}[0m
2022-12-27T02:56:09.9344450Z   [38;5;244mtest_command: [0m
2022-12-27T02:56:09.9344690Z   [38;5;244mtest_extras: [0m
2022-12-27T02:56:09.9344920Z   [38;5;244mtest_requires: [0m
2022-12-27T02:56:09.9345090Z 
2022-12-27T02:56:09.9345210Z Cache folder: /Users/runner/Library/Caches/cibuildwheel
2022-12-27T02:56:09.9357480Z 
2022-12-27T02:56:09.9357700Z Here we go!
2022-12-27T02:56:09.9357830Z 
2022-12-27T02:56:09.9421920Z 
2022-12-27T02:56:09.9422300Z [1m[34mBuilding cp39-macosx_arm64 wheel[0m
2022-12-27T02:56:09.9422670Z CPython 3.9 macOS arm64 - Apple Silicon
2022-12-27T02:56:09.9422830Z 
2022-12-27T02:56:09.9426030Z ##[group]Installing Python cp39...
2022-12-27T02:56:09.9426280Z 
2022-12-27T02:56:09.9426580Z + pkgutil --pkgs
2022-12-27T02:56:09.9529190Z ##[endgroup]
2022-12-27T02:56:09.9530130Z                                                               [32mâœ“ [0m0.01s
2022-12-27T02:56:09.9530630Z ##[group]Setting up build environment...
2022-12-27T02:56:09.9530770Z 
2022-12-27T02:56:09.9551350Z + /Users/runner/hostedtoolcache/Python/3.9.16/x64/bin/python -sS /Users/runner/Library/Caches/cibuildwheel/virtualenv-20.17.0.pyz --activators= --no-periodic-update --pip=22.3.1 --setuptools=65.6.3 --wheel=0.38.4 --symlink-app-data --python /Library/Frameworks/Python.framework/Versions/3.9/bin/python3 /private/var/folders/51/hd414ycd67n82196sw51xqtc0000gn/T/cibw-run-qr8sfep4/cp39-macosx_arm64/build/venv
2022-12-27T02:56:10.1455600Z created virtual environment CPython3.9.13.final.0-64 in 50ms
2022-12-27T02:56:10.1456390Z   creator CPython3Posix(dest=/private/var/folders/51/hd414ycd67n82196sw51xqtc0000gn/T/cibw-run-qr8sfep4/cp39-macosx_arm64/build/venv, clear=False, no_vcs_ignore=False, global=False)
2022-12-27T02:56:10.1456830Z   seeder FromAppData(download=False, pip=22.3.1, setuptools=65.6.3, wheel=0.38.4, via=symlink, app_data_dir=/Users/runner/Library/Application Support/virtualenv)
2022-12-27T02:56:10.1457280Z     added seed packages: pip==22.3.1, setuptools==65.6.3, wheel==0.38.4
2022-12-27T02:56:10.1564710Z + python -m pip install --upgrade pip -c /Users/runner/hostedtoolcache/Python/3.9.16/x64/lib/python3.9/site-packages/cibuildwheel/resources/constraints-python39.txt
2022-12-27T02:56:10.4595460Z Requirement already satisfied: pip in ./lib/python3.9/site-packages (22.3.1)
2022-12-27T02:56:10.6018580Z + which pip
2022-12-27T02:56:10.6036640Z /private/var/folders/51/hd414ycd67n82196sw51xqtc0000gn/T/cibw-run-qr8sfep4/cp39-macosx_arm64/build/venv/bin/pip
2022-12-27T02:56:10.6039060Z + pip --version
2022-12-27T02:56:10.8297410Z pip 22.3.1 from /private/var/folders/51/hd414ycd67n82196sw51xqtc0000gn/T/cibw-run-qr8sfep4/cp39-macosx_arm64/build/venv/lib/python3.9/site-packages/pip (python 3.9)
2022-12-27T02:56:10.8508620Z + which pip
2022-12-27T02:56:10.8535900Z + which python
2022-12-27T02:56:10.8553510Z /private/var/folders/51/hd414ycd67n82196sw51xqtc0000gn/T/cibw-run-qr8sfep4/cp39-macosx_arm64/build/venv/bin/python
2022-12-27T02:56:10.8555750Z + python --version
2022-12-27T02:56:10.8602070Z Python 3.9.13
2022-12-27T02:56:10.8604780Z + which python
2022-12-27T02:56:10.8656430Z ##[endgroup]
2022-12-27T02:56:10.8657080Z                                                               [32mâœ“ [0m0.91s
2022-12-27T02:56:10.8657510Z ##[group]Installing build tools...
2022-12-27T02:56:10.8657660Z 
2022-12-27T02:56:10.8658070Z + pip install --upgrade setuptools wheel delocate -c /Users/runner/hostedtoolcache/Python/3.9.16/x64/lib/python3.9/site-packages/cibuildwheel/resources/constraints-python39.txt
2022-12-27T02:56:11.1699430Z Requirement already satisfied: setuptools in /private/var/folders/51/hd414ycd67n82196sw51xqtc0000gn/T/cibw-run-qr8sfep4/cp39-macosx_arm64/build/venv/lib/python3.9/site-packages (65.6.3)
2022-12-27T02:56:11.4157660Z Requirement already satisfied: wheel in /private/var/folders/51/hd414ycd67n82196sw51xqtc0000gn/T/cibw-run-qr8sfep4/cp39-macosx_arm64/build/venv/lib/python3.9/site-packages (0.38.4)
2022-12-27T02:56:11.4648700Z Collecting delocate
2022-12-27T02:56:11.4674150Z   Using cached delocate-0.10.3-py3-none-any.whl (142 kB)
2022-12-27T02:56:11.5002020Z Collecting packaging>=20.9
2022-12-27T02:56:11.5024310Z   Using cached packaging-21.3-py3-none-any.whl (40 kB)
2022-12-27T02:56:11.5210720Z Collecting typing-extensions
2022-12-27T02:56:11.5231470Z   Using cached typing_extensions-4.4.0-py3-none-any.whl (26 kB)
2022-12-27T02:56:11.5653130Z Collecting pyparsing!=3.0.5,>=2.0.2
2022-12-27T02:56:11.5674220Z   Using cached pyparsing-3.0.9-py3-none-any.whl (98 kB)
2022-12-27T02:56:11.6047680Z Installing collected packages: typing-extensions, pyparsing, packaging, delocate
2022-12-27T02:56:11.7597840Z Successfully installed delocate-0.10.3 packaging-21.3 pyparsing-3.0.9 typing-extensions-4.4.0
2022-12-27T02:56:11.8039010Z ##[endgroup]
2022-12-27T02:56:11.8039700Z                                                               [32mâœ“ [0m0.94s
2022-12-27T02:56:11.8040190Z ##[group]Running before_build...
2022-12-27T02:56:11.8040320Z 
2022-12-27T02:56:11.8046700Z + pip install Cython; if [[ -f requirements.txt ]]; then pip install -r requirements.txt; fi
2022-12-27T02:56:12.5131120Z Collecting Cython
2022-12-27T02:56:12.5178730Z   Using cached Cython-0.29.32-py2.py3-none-any.whl (986 kB)
2022-12-27T02:56:12.5616390Z Installing collected packages: Cython
2022-12-27T02:56:13.0771120Z Successfully installed Cython-0.29.32
2022-12-27T02:56:13.8790980Z Collecting coverage>=4.0
2022-12-27T02:56:13.8821650Z   Using cached coverage-7.0.1-cp39-cp39-macosx_10_9_x86_64.whl (188 kB)
2022-12-27T02:56:13.8859670Z Requirement already satisfied: cython>=0.23 in /private/var/folders/51/hd414ycd67n82196sw51xqtc0000gn/T/cibw-run-qr8sfep4/cp39-macosx_arm64/build/venv/lib/python3.9/site-packages (from -r requirements.txt (line 3)) (0.29.32)
2022-12-27T02:56:13.9012650Z Collecting enum34>=1.0.4
2022-12-27T02:56:13.9035880Z   Using cached enum34-1.1.10-py3-none-any.whl (11 kB)
2022-12-27T02:56:13.9186720Z Collecting futures>=2.2.0
2022-12-27T02:56:13.9188600Z   Using cached futures-3.0.5-py3-none-any.whl
2022-12-27T02:56:14.2427910Z Collecting protobuf>=3.2.0
2022-12-27T02:56:14.2460660Z   Using cached protobuf-4.21.12-cp37-abi3-macosx_10_9_universal2.whl (486 kB)
2022-12-27T02:56:14.2662890Z Collecting six>=1.10
2022-12-27T02:56:14.2685780Z   Using cached six-1.16.0-py2.py3-none-any.whl (11 kB)
2022-12-27T02:56:14.2703090Z Requirement already satisfied: wheel>=0.29 in /private/var/folders/51/hd414ycd67n82196sw51xqtc0000gn/T/cibw-run-qr8sfep4/cp39-macosx_arm64/build/venv/lib/python3.9/site-packages (from -r requirements.txt (line 8)) (0.38.4)
2022-12-27T02:56:14.3124340Z Installing collected packages: futures, enum34, six, protobuf, coverage
2022-12-27T02:56:14.6018590Z Successfully installed coverage-7.0.1 enum34-1.1.10 futures-3.0.5 protobuf-4.21.12 six-1.16.0
2022-12-27T02:56:14.6542730Z ##[endgroup]
2022-12-27T02:56:14.6543400Z                                                               [32mâœ“ [0m2.85s
2022-12-27T02:56:14.6543830Z ##[group]Building wheel...
2022-12-27T02:56:14.6543970Z 
2022-12-27T02:56:14.6548810Z + python -m pip wheel /Users/runner/actions-runner/_work/python.build/python.build/build_grpcio14039/grpcio-1.4.0 --wheel-dir=/private/var/folders/51/hd414ycd67n82196sw51xqtc0000gn/T/cibw-run-qr8sfep4/cp39-macosx_arm64/built_wheel --no-deps -vvv
2022-12-27T02:56:14.9368810Z Created temporary directory: /private/var/folders/51/hd414ycd67n82196sw51xqtc0000gn/T/pip-ephem-wheel-cache-i_68tldw
2022-12-27T02:56:14.9374500Z Created temporary directory: /private/var/folders/51/hd414ycd67n82196sw51xqtc0000gn/T/pip-build-tracker-a7eowpyj
2022-12-27T02:56:14.9376840Z Initialized build tracking at /private/var/folders/51/hd414ycd67n82196sw51xqtc0000gn/T/pip-build-tracker-a7eowpyj
2022-12-27T02:56:14.9378710Z Created build tracker: /private/var/folders/51/hd414ycd67n82196sw51xqtc0000gn/T/pip-build-tracker-a7eowpyj
2022-12-27T02:56:14.9380750Z Entered build tracker: /private/var/folders/51/hd414ycd67n82196sw51xqtc0000gn/T/pip-build-tracker-a7eowpyj
2022-12-27T02:56:14.9384490Z Created temporary directory: /private/var/folders/51/hd414ycd67n82196sw51xqtc0000gn/T/pip-wheel-jbttm4_6
2022-12-27T02:56:14.9391400Z Created temporary directory: /private/var/folders/51/hd414ycd67n82196sw51xqtc0000gn/T/pip-ephem-wheel-cache-y8tf3hlo
2022-12-27T02:56:14.9542680Z Processing /Users/runner/actions-runner/_work/python.build/python.build/build_grpcio14039/grpcio-1.4.0
2022-12-27T02:56:14.9548420Z   Added file:///Users/runner/actions-runner/_work/python.build/python.build/build_grpcio14039/grpcio-1.4.0 to build tracker '/private/var/folders/51/hd414ycd67n82196sw51xqtc0000gn/T/pip-build-tracker-a7eowpyj'
2022-12-27T02:56:14.9552500Z   Running setup.py (path:/Users/runner/actions-runner/_work/python.build/python.build/build_grpcio14039/grpcio-1.4.0/setup.py) egg_info for package from file:///Users/runner/actions-runner/_work/python.build/python.build/build_grpcio14039/grpcio-1.4.0
2022-12-27T02:56:14.9555970Z   Created temporary directory: /private/var/folders/51/hd414ycd67n82196sw51xqtc0000gn/T/pip-pip-egg-info-ic76g9q_
2022-12-27T02:56:14.9557860Z   Preparing metadata (setup.py): started
2022-12-27T02:56:14.9559910Z   Running command python setup.py egg_info
2022-12-27T02:56:15.4039230Z   /private/var/folders/51/hd414ycd67n82196sw51xqtc0000gn/T/cibw-run-qr8sfep4/cp39-macosx_arm64/build/venv/lib/python3.9/site-packages/Cython/Compiler/Main.py:369: FutureWarning: Cython directive 'language_level' not set, using 2 for now (Py2). This will change in a later release! File: /Users/runner/actions-runner/_work/python.build/python.build/build_grpcio14039/grpcio-1.4.0/src/python/grpcio/grpc/_cython/cygrpc.pxd
2022-12-27T02:56:15.4041680Z     tree = Parsing.p_module(s, pxd, full_module_name)
2022-12-27T02:56:15.4685050Z   warning: src/python/grpcio/grpc/_cython/_cygrpc/grpc.pxi:150:13: 'GRPC_ARG_PRIMARY_USER_AGENT_STRING' redeclared
2022-12-27T02:56:16.4931520Z   Compiling src/python/grpcio/grpc/_cython/cygrpc.pyx because it depends on /private/var/folders/51/hd414ycd67n82196sw51xqtc0000gn/T/cibw-run-qr8sfep4/cp39-macosx_arm64/build/venv/lib/python3.9/site-packages/Cython/Includes/libc/time.pxd.
2022-12-27T02:56:16.4932390Z   [1/1] Cythonizing src/python/grpcio/grpc/_cython/cygrpc.pyx
2022-12-27T02:56:16.5150610Z   running egg_info
2022-12-27T02:56:16.5155350Z   creating /private/var/folders/51/hd414ycd67n82196sw51xqtc0000gn/T/pip-pip-egg-info-ic76g9q_/grpcio.egg-info
2022-12-27T02:56:16.5169830Z   writing /private/var/folders/51/hd414ycd67n82196sw51xqtc0000gn/T/pip-pip-egg-info-ic76g9q_/grpcio.egg-info/PKG-INFO
2022-12-27T02:56:16.5174220Z   writing dependency_links to /private/var/folders/51/hd414ycd67n82196sw51xqtc0000gn/T/pip-pip-egg-info-ic76g9q_/grpcio.egg-info/dependency_links.txt
2022-12-27T02:56:16.5177030Z   writing requirements to /private/var/folders/51/hd414ycd67n82196sw51xqtc0000gn/T/pip-pip-egg-info-ic76g9q_/grpcio.egg-info/requires.txt
2022-12-27T02:56:16.5180050Z   writing top-level names to /private/var/folders/51/hd414ycd67n82196sw51xqtc0000gn/T/pip-pip-egg-info-ic76g9q_/grpcio.egg-info/top_level.txt
2022-12-27T02:56:16.5182410Z   writing manifest file '/private/var/folders/51/hd414ycd67n82196sw51xqtc0000gn/T/pip-pip-egg-info-ic76g9q_/grpcio.egg-info/SOURCES.txt'
2022-12-27T02:56:16.5244020Z   reading manifest file '/private/var/folders/51/hd414ycd67n82196sw51xqtc0000gn/T/pip-pip-egg-info-ic76g9q_/grpcio.egg-info/SOURCES.txt'
2022-12-27T02:56:16.5246610Z   reading manifest template 'PYTHON-MANIFEST.in'
2022-12-27T02:56:16.5277080Z   warning: no files found matching '*.h' under directory 'src/python/grpcio/grpc'
2022-12-27T02:56:16.5350610Z   warning: no files found matching '*.python' under directory 'src/python/grpcio/grpc'
2022-12-27T02:56:16.5366580Z   warning: no previously-included files matching '*.so' found under directory 'src/python/grpcio/grpc/_cython'
2022-12-27T02:56:16.5368750Z   warning: no previously-included files matching '*.pyd' found under directory 'src/python/grpcio/grpc/_cython'
2022-12-27T02:56:16.6004160Z   warning: no files found matching 'src/python/grpcio/precompiled.py'
2022-12-27T02:56:16.6390730Z   writing manifest file '/private/var/folders/51/hd414ycd67n82196sw51xqtc0000gn/T/pip-pip-egg-info-ic76g9q_/grpcio.egg-info/SOURCES.txt'
2022-12-27T02:56:16.7092920Z   Preparing metadata (setup.py): finished with status 'done'
2022-12-27T02:56:16.7118490Z   Source in /Users/runner/actions-runner/_work/python.build/python.build/build_grpcio14039/grpcio-1.4.0 has version 1.4.0, which satisfies requirement grpcio==1.4.0 from file:///Users/runner/actions-runner/_work/python.build/python.build/build_grpcio14039/grpcio-1.4.0
2022-12-27T02:56:16.7122160Z   Removed grpcio==1.4.0 from file:///Users/runner/actions-runner/_work/python.build/python.build/build_grpcio14039/grpcio-1.4.0 from build tracker '/private/var/folders/51/hd414ycd67n82196sw51xqtc0000gn/T/pip-build-tracker-a7eowpyj'
2022-12-27T02:56:16.7140620Z Created temporary directory: /private/var/folders/51/hd414ycd67n82196sw51xqtc0000gn/T/pip-unpack-vsilbucf
2022-12-27T02:56:16.7142930Z Building wheels for collected packages: grpcio
2022-12-27T02:56:16.7149950Z   Created temporary directory: /private/var/folders/51/hd414ycd67n82196sw51xqtc0000gn/T/pip-wheel-kvpn9dmh
2022-12-27T02:56:16.7151890Z   Building wheel for grpcio (setup.py): started
2022-12-27T02:56:16.7153820Z   Destination directory: /private/var/folders/51/hd414ycd67n82196sw51xqtc0000gn/T/pip-wheel-kvpn9dmh
2022-12-27T02:56:16.7155310Z   Running command python setup.py bdist_wheel
2022-12-27T02:56:17.1506310Z   running bdist_wheel
2022-12-27T02:56:17.1539660Z   running build
2022-12-27T02:56:17.1541670Z   running build_py
2022-12-27T02:56:17.1544010Z   running build_project_metadata
2022-12-27T02:56:17.1549400Z   creating python_build
2022-12-27T02:56:17.1551380Z   creating python_build/lib.macosx-11.0-arm64-cpython-39
2022-12-27T02:56:17.1552830Z   creating python_build/lib.macosx-11.0-arm64-cpython-39/grpc
2022-12-27T02:56:17.1554760Z   copying src/python/grpcio/grpc/_channel.py -> python_build/lib.macosx-11.0-arm64-cpython-39/grpc
2022-12-27T02:56:17.1558370Z   copying src/python/grpcio/grpc/_common.py -> python_build/lib.macosx-11.0-arm64-cpython-39/grpc
2022-12-27T02:56:17.1562130Z   copying src/python/grpcio/grpc/__init__.py -> python_build/lib.macosx-11.0-arm64-cpython-39/grpc
2022-12-27T02:56:17.1565090Z   copying src/python/grpcio/grpc/_utilities.py -> python_build/lib.macosx-11.0-arm64-cpython-39/grpc
2022-12-27T02:56:17.1568290Z   copying src/python/grpcio/grpc/_plugin_wrapping.py -> python_build/lib.macosx-11.0-arm64-cpython-39/grpc
2022-12-27T02:56:17.1571480Z   copying src/python/grpcio/grpc/_grpcio_metadata.py -> python_build/lib.macosx-11.0-arm64-cpython-39/grpc
2022-12-27T02:56:17.1574410Z   copying src/python/grpcio/grpc/_server.py -> python_build/lib.macosx-11.0-arm64-cpython-39/grpc
2022-12-27T02:56:17.1577750Z   copying src/python/grpcio/grpc/_auth.py -> python_build/lib.macosx-11.0-arm64-cpython-39/grpc
2022-12-27T02:56:17.1580960Z   copying src/python/grpcio/grpc/_credential_composition.py -> python_build/lib.macosx-11.0-arm64-cpython-39/grpc
2022-12-27T02:56:17.1587720Z   creating python_build/lib.macosx-11.0-arm64-cpython-39/grpc/beta
2022-12-27T02:56:17.1589260Z   copying src/python/grpcio/grpc/beta/_server_adaptations.py -> python_build/lib.macosx-11.0-arm64-cpython-39/grpc/beta
2022-12-27T02:56:17.1592270Z   copying src/python/grpcio/grpc/beta/interfaces.py -> python_build/lib.macosx-11.0-arm64-cpython-39/grpc/beta
2022-12-27T02:56:17.1595510Z   copying src/python/grpcio/grpc/beta/__init__.py -> python_build/lib.macosx-11.0-arm64-cpython-39/grpc/beta
2022-12-27T02:56:17.1598480Z   copying src/python/grpcio/grpc/beta/utilities.py -> python_build/lib.macosx-11.0-arm64-cpython-39/grpc/beta
2022-12-27T02:56:17.1601650Z   copying src/python/grpcio/grpc/beta/implementations.py -> python_build/lib.macosx-11.0-arm64-cpython-39/grpc/beta
2022-12-27T02:56:17.1604730Z   copying src/python/grpcio/grpc/beta/_client_adaptations.py -> python_build/lib.macosx-11.0-arm64-cpython-39/grpc/beta
2022-12-27T02:56:17.1610140Z   creating python_build/lib.macosx-11.0-arm64-cpython-39/grpc/framework
2022-12-27T02:56:17.1612000Z   copying src/python/grpcio/grpc/framework/__init__.py -> python_build/lib.macosx-11.0-arm64-cpython-39/grpc/framework
2022-12-27T02:56:17.1616440Z   creating python_build/lib.macosx-11.0-arm64-cpython-39/grpc/_cython
2022-12-27T02:56:17.1618090Z   copying src/python/grpcio/grpc/_cython/__init__.py -> python_build/lib.macosx-11.0-arm64-cpython-39/grpc/_cython
2022-12-27T02:56:17.1624550Z   creating python_build/lib.macosx-11.0-arm64-cpython-39/grpc/framework/foundation
2022-12-27T02:56:17.1626520Z   copying src/python/grpcio/grpc/framework/foundation/callable_util.py -> python_build/lib.macosx-11.0-arm64-cpython-39/grpc/framework/foundation
2022-12-27T02:56:17.1629550Z   copying src/python/grpcio/grpc/framework/foundation/abandonment.py -> python_build/lib.macosx-11.0-arm64-cpython-39/grpc/framework/foundation
2022-12-27T02:56:17.1632640Z   copying src/python/grpcio/grpc/framework/foundation/__init__.py -> python_build/lib.macosx-11.0-arm64-cpython-39/grpc/framework/foundation
2022-12-27T02:56:17.1635870Z   copying src/python/grpcio/grpc/framework/foundation/stream.py -> python_build/lib.macosx-11.0-arm64-cpython-39/grpc/framework/foundation
2022-12-27T02:56:17.1638780Z   copying src/python/grpcio/grpc/framework/foundation/stream_util.py -> python_build/lib.macosx-11.0-arm64-cpython-39/grpc/framework/foundation
2022-12-27T02:56:17.1642270Z   copying src/python/grpcio/grpc/framework/foundation/future.py -> python_build/lib.macosx-11.0-arm64-cpython-39/grpc/framework/foundation
2022-12-27T02:56:17.1646080Z   copying src/python/grpcio/grpc/framework/foundation/logging_pool.py -> python_build/lib.macosx-11.0-arm64-cpython-39/grpc/framework/foundation
2022-12-27T02:56:17.1652530Z   creating python_build/lib.macosx-11.0-arm64-cpython-39/grpc/framework/common
2022-12-27T02:56:17.1654870Z   copying src/python/grpcio/grpc/framework/common/style.py -> python_build/lib.macosx-11.0-arm64-cpython-39/grpc/framework/common
2022-12-27T02:56:17.1657010Z   copying src/python/grpcio/grpc/framework/common/cardinality.py -> python_build/lib.macosx-11.0-arm64-cpython-39/grpc/framework/common
2022-12-27T02:56:17.1659510Z   copying src/python/grpcio/grpc/framework/common/__init__.py -> python_build/lib.macosx-11.0-arm64-cpython-39/grpc/framework/common
2022-12-27T02:56:17.1663220Z   creating python_build/lib.macosx-11.0-arm64-cpython-39/grpc/framework/interfaces
2022-12-27T02:56:17.1665710Z   copying src/python/grpcio/grpc/framework/interfaces/__init__.py -> python_build/lib.macosx-11.0-arm64-cpython-39/grpc/framework/interfaces
2022-12-27T02:56:17.1670550Z   creating python_build/lib.macosx-11.0-arm64-cpython-39/grpc/framework/interfaces/face
2022-12-27T02:56:17.1672770Z   copying src/python/grpcio/grpc/framework/interfaces/face/__init__.py -> python_build/lib.macosx-11.0-arm64-cpython-39/grpc/framework/interfaces/face
2022-12-27T02:56:17.1675040Z   copying src/python/grpcio/grpc/framework/interfaces/face/utilities.py -> python_build/lib.macosx-11.0-arm64-cpython-39/grpc/framework/interfaces/face
2022-12-27T02:56:17.1677470Z   copying src/python/grpcio/grpc/framework/interfaces/face/face.py -> python_build/lib.macosx-11.0-arm64-cpython-39/grpc/framework/interfaces/face
2022-12-27T02:56:17.1683250Z   creating python_build/lib.macosx-11.0-arm64-cpython-39/grpc/framework/interfaces/base
2022-12-27T02:56:17.1685120Z   copying src/python/grpcio/grpc/framework/interfaces/base/__init__.py -> python_build/lib.macosx-11.0-arm64-cpython-39/grpc/framework/interfaces/base
2022-12-27T02:56:17.1688230Z   copying src/python/grpcio/grpc/framework/interfaces/base/utilities.py -> python_build/lib.macosx-11.0-arm64-cpython-39/grpc/framework/interfaces/base
2022-12-27T02:56:17.1690470Z   copying src/python/grpcio/grpc/framework/interfaces/base/base.py -> python_build/lib.macosx-11.0-arm64-cpython-39/grpc/framework/interfaces/base
2022-12-27T02:56:17.1694970Z   creating python_build/lib.macosx-11.0-arm64-cpython-39/grpc/_cython/_cygrpc
2022-12-27T02:56:17.1696720Z   copying src/python/grpcio/grpc/_cython/_cygrpc/__init__.py -> python_build/lib.macosx-11.0-arm64-cpython-39/grpc/_cython/_cygrpc
2022-12-27T02:56:17.1701900Z   creating python_build/lib.macosx-11.0-arm64-cpython-39/grpc/_cython/_credentials
2022-12-27T02:56:17.1703650Z   copying src/python/grpcio/grpc/_cython/_credentials/roots.pem -> python_build/lib.macosx-11.0-arm64-cpython-39/grpc/_cython/_credentials
2022-12-27T02:56:17.1728960Z   running build_ext
2022-12-27T02:56:20.1713490Z   b'[C]       Compiling third_party/cares/cares/ares__close_sockets.c\n[C]       Compiling third_party/cares/cares/ares__get_hostent.c\n[C]       Compiling third_party/cares/cares/ares__read_line.c\n[C]       Compiling third_party/cares/cares/ares__timeval.c\n[C]       Compiling third_party/cares/cares/ares_cancel.c\n[C]       Compiling third_party/cares/cares/ares_create_query.c\n[C]       Compiling third_party/cares/cares/ares_data.c\n[C]       Compiling third_party/cares/cares/ares_destroy.c\n[C]       Compiling third_party/cares/cares/ares_expand_name.c\n[C]       Compiling third_party/cares/cares/ares_expand_string.c\n[C]       Compiling third_party/cares/cares/ares_fds.c\n[C]       Compiling third_party/cares/cares/ares_free_hostent.c\n[C]       Compiling third_party/cares/cares/ares_free_string.c\n[C]       Compiling third_party/cares/cares/ares_getenv.c\n[C]       Compiling third_party/cares/cares/ares_gethostbyaddr.c\n[C]       Compiling third_party/cares/cares/ares_gethostbyname.c\n[C]       Compiling third_party/cares/cares/ares_getnameinfo.c\n[C]       Compiling third_party/cares/cares/ares_getopt.c\n[C]       Compiling third_party/cares/cares/ares_getsock.c\n[C]       Compiling third_party/cares/cares/ares_init.c\n[C]       Compiling third_party/cares/cares/ares_library_init.c\n[C]       Compiling third_party/cares/cares/ares_llist.c\n[C]       Compiling third_party/cares/cares/ares_mkquery.c\n[C]       Compiling third_party/cares/cares/ares_nowarn.c\n[C]       Compiling third_party/cares/cares/ares_options.c\n[C]       Compiling third_party/cares/cares/ares_parse_a_reply.c\n[C]       Compiling third_party/cares/cares/ares_parse_aaaa_reply.c\n[C]       Compiling third_party/cares/cares/ares_parse_mx_reply.c\n[C]       Compiling third_party/cares/cares/ares_parse_naptr_reply.c\n[C]       Compiling third_party/cares/cares/ares_parse_ns_reply.c\n[C]       Compiling third_party/cares/cares/ares_parse_ptr_reply.c\n[C]       Compiling third_party/cares/cares/ares_parse_soa_reply.c\n[C]       Compiling third_party/cares/cares/ares_parse_srv_reply.c\n[C]       Compiling third_party/cares/cares/ares_parse_txt_reply.c\n[C]       Compiling third_party/cares/cares/ares_platform.c\n[C]       Compiling third_party/cares/cares/ares_process.c\n[C]       Compiling third_party/cares/cares/ares_query.c\n[C]       Compiling third_party/cares/cares/ares_search.c\n[C]       Compiling third_party/cares/cares/ares_send.c\n[C]       Compiling third_party/cares/cares/ares_strcasecmp.c\n[C]       Compiling third_party/cares/cares/ares_strdup.c\n[C]       Compiling third_party/cares/cares/ares_strerror.c\n[C]       Compiling third_party/cares/cares/ares_timeout.c\n[C]       Compiling third_party/cares/cares/ares_version.c\n[C]       Compiling third_party/cares/cares/ares_writev.c\n[C]       Compiling third_party/cares/cares/bitncmp.c\n[C]       Compiling third_party/cares/cares/inet_net_pton.c\n[C]       Compiling third_party/cares/cares/inet_ntop.c\n[C]       Compiling third_party/cares/cares/windows_port.c\n[C]       Compiling third_party/zlib/adler32.c\n[C]       Compiling third_party/zlib/compress.c\n[C]       Compiling third_party/zlib/crc32.c\n[C]       Compiling third_party/zlib/deflate.c\n[C]       Compiling third_party/zlib/gzclose.c\n[C]       Compiling third_party/zlib/gzlib.c\n[C]       Compiling third_party/zlib/gzread.c\n[C]       Compiling third_party/zlib/gzwrite.c\n[C]       Compiling third_party/zlib/infback.c\n[C]       Compiling third_party/zlib/inffast.c\n[C]       Compiling third_party/zlib/inflate.c\n[C]       Compiling third_party/zlib/inftrees.c\n[C]       Compiling third_party/zlib/trees.c\n[C]       Compiling third_party/zlib/uncompr.c\n[C]       Compiling third_party/zlib/zutil.c\n[C]       Compiling src/boringssl/err_data.c\n[C]       Compiling third_party/boringssl/crypto/aes/aes.c\n[C]       Compiling third_party/boringssl/crypto/aes/mode_wrappers.c\n'
2022-12-27T02:56:20.1731860Z   b"make: Circular /Users/runner/actions-runner/_work/python.build/python.build/build_grpcio14039/grpcio-1.4.0/libs/opt/libares.a <- /Users/runner/actions-runner/_work/python.build/python.build/build_grpcio14039/grpcio-1.4.0/libs/opt/libz.a dependency dropped.\nIn file included from src/boringssl/err_data.c:17:\nthird_party/boringssl/include/openssl/base.h:120:9: error: 'OPENSSL_VERSION_NUMBER' macro redefined [-Werror,-Wmacro-redefined]\n#define OPENSSL_VERSION_NUMBER 0x10002000\n        ^\n/usr/local/opt/openssl@3/include/openssl/opensslv.h:99:10: note: previous definition is here\n# define OPENSSL_VERSION_NUMBER          \\\n         ^\nIn file included from src/boringssl/err_data.c:18:\nIn file included from /usr/local/opt/openssl@3/include/openssl/err.h:21:\n/usr/local/opt/openssl@3/include/openssl/e_os2.h:183:11: error: 'OPENSSL_EXPORT' macro redefined [-Werror,-Wmacro-redefined]\n#  define OPENSSL_EXPORT extern\n          ^\nthird_party/boringssl/include/openssl/base.h:155:9: note: previous definition is here\n#define OPENSSL_EXPORT\n        ^\nIn file included from third_party/boringssl/crypto/aes/aes.c:54:\nIn file included from third_party/boringssl/include/openssl/cpu.h:64:\nthird_party/boringssl/include/openssl/base.h:120:9: error: 'OPENSSL_VERSION_NUMBER' macro redefined [-Werror,-Wmacro-redefined]\n#define OPENSSL_VERSION_NUMBER 0x10002000\n        ^\n/usr/local/opt/openssl@3/include/openssl/opensslv.h:99:10: note: previous definition is here\n# define OPENSSL_VERSION_NUMBER          \\\n         ^\nIn file included from src/boringssl/err_data.c:18:\nIn file included from /usr/local/opt/openssl@3/include/openssl/err.h:28:\nIn file included from /usr/local/opt/openssl@3/include/openssl/types.h:21:\n/usr/local/opt/openssl@3/include/openssl/safestack.h:264:15: error: redefinition of typedef 'OPENSSL_BLOCK' is a C11 feature [-Werror,-Wtypedef-redefinition]\ntypedef void *OPENSSL_BLOCK;\n              ^\nthird_party/boringssl/include/openssl/base.h:298:15: note: previous definition is here\ntypedef void *OPENSSL_BLOCK;\n              ^\nIn file included from src/boringssl/err_data.c:18:\nIn file included from /usr/local/opt/openssl@3/include/openssl/err.h:28:\n/usr/local/opt/openssl@3/include/openssl/types.h:45:31: error: redefinition of typedef 'ASN1_INTEGER' is a C11 feature [-Werror,-Wtypedef-redefinition]\ntypedef struct asn1_string_st ASN1_INTEGER;\n                              ^\nthird_party/boringssl/include/openssl/base.h:189:31: note: previous definition is here\ntypedef struct asn1_string_st ASN1_INTEGER;\n                              ^\nIn file included from src/boringssl/err_data.c:18:\nIn file included from /usr/local/opt/openssl@3/include/openssl/err.h:28:\n/usr/local/opt/openssl@3/include/openssl/types.h:46:31: error: redefinition of typedef 'ASN1_ENUMERATED' is a C11 feature [-Werror,-Wtypedef-redefinition]\ntypedef struct asn1_string_st ASN1_ENUMERATED;\n                              ^\nthird_party/boringssl/include/openssl/base.h:185:31: note: previous definition is here\ntypedef struct asn1_string_st ASN1_ENUMERATED;\n                              ^\nIn file included from src/boringssl/err_data.c:18:\nIn file included from /usr/local/opt/openssl@3/include/openssl/err.h:28:\n/usr/local/opt/openssl@3/include/openssl/types.h:47:31: error: redefinition of typedef 'ASN1_BIT_STRING' is a C11 feature [-Werror,-Wtypedef-redefinition]\ntypedef struct asn1_string_st ASN1_BIT_STRING;\n                              ^\nthird_party/boringssl/include/openssl/base.h:183:31: note: previous definition is here\ntypedef struct asn1_string_st ASN1_BIT_STRING;\n                              ^\nIn file included from src/boringssl/err_data.cthird_party/boringssl/crypto/aes/aes.c::18:\nIn file included from /usr/local/opt/openssl@3/include/openssl/err.h:28:\n/usr/local/opt/openssl@3/include/openssl/types.h:48537:5: error: conflicting types for 'AES_set_encrypt_key'\nint AES_set_encrypt_key(const uint8_t *key, unsigned bits, AES_KEY *aeskey) {\n    ^\n/usr/local/opt/openssl@3/include/openssl/aes.h::31: error: redefinition of typedef 'ASN1_OCTET_STRING' is a C11 feature [-Werror,-Wtypedef-redefinition]\ntypedef struct asn1_string_st ASN1_OCTET_STRING;51\n:                              ^5: note: previous declaration is here\n\nthird_party/boringssl/include/openssl/base.h:190:31: note: int AES_set_encrypt_key(const unsigned char *userKey, const int bits,previous definition is here\n\n    ^\ntypedef struct asn1_string_st ASN1_OCTET_STRING;\n                              ^\nIn file included from src/boringssl/err_data.c:18:\nIn file included from /usr/local/opt/openssl@3/include/openssl/err.h:28:\n/usr/local/opt/openssl@3/include/openssl/types.h:49:31: error: redefinition of typedef 'ASN1_PRINTABLESTRING' is a C11 feature [-Werror,-Wtypedef-redefinition]\ntypedef struct asn1_string_st ASN1_PRINTABLESTRING;\n                              ^\nthird_party/boringssl/include/openssl/base.h:191:31: note: previous definition is here\ntypedef struct asn1_string_st ASN1_PRINTABLESTRING;\n                              ^\nIn file included from src/boringssl/err_data.c:18:\nIn file included from /usr/local/opt/openssl@3/include/openssl/err.h:28:\n/usr/local/opt/openssl@3/include/openssl/types.h:50:31: error: redefinition of typedef 'ASN1_T61STRING' is a C11 feature [-Werror,-Wtypedef-redefinition]\ntypedef struct asn1_string_st ASN1_T61STRING;\n                              ^\nthird_party/boringssl/include/openssl/base.h:193:31: note: previous definition is here\ntypedef struct asn1_string_st ASN1_T61STRING;\n                              ^\nIn file included from src/boringssl/err_data.c:18:\nIn file included from /usr/local/opt/openssl@3/include/openssl/err.h:28:\n/usr/local/opt/openssl@3/include/openssl/types.h:51:31: error: redefinition of typedef 'ASN1_IA5STRING' is a C11 feature [-Werror,-Wtypedef-redefinition]\ntypedef struct asn1_string_st ASN1_IA5STRING;\n                              ^\nthird_party/boringssl/include/openssl/base.h:188:31: note: previous definition is here\ntypedef struct asn1_string_st ASN1_IA5STRING;\n                              ^\nIn file included from src/boringssl/err_data.c:18:\nIn file included from /usr/local/opt/openssl@3/include/openssl/err.h:28:\n/usr/local/opt/openssl@3/include/openssl/types.h:52:31: error: redefinition of typedef 'ASN1_GENERALSTRING' is a C11 feature [-Werror,-Wtypedef-redefinition]\ntypedef struct asn1_string_st ASN1_GENERALSTRING;\n                              ^\nthird_party/boringssl/include/openssl/base.h:187:31: note: previous definition is here\ntypedef struct asn1_string_st ASN1_GENERALSTRING;\n                              ^\nIn file included from src/boringssl/err_data.c:18:\nIn file included from /usr/local/opt/openssl@3/include/openssl/err.h:28:\n/usr/local/opt/openssl@3/include/openssl/types.h:53:31: error: redefinition of typedef 'ASN1_UNIVERSALSTRING' is a C11 feature [-Werror,-Wtypedef-redefinition]\ntypedef struct asn1_string_st ASN1_UNIVERSALSTRING;\n                              ^\nthird_party/boringssl/include/openssl/base.h:195:31: note: previous definition is here\ntypedef struct asn1_string_st ASN1_UNIVERSALSTRING;\n                              ^\nIn file included from src/boringssl/err_data.c:18:\nIn file included from /usr/local/opt/openssl@3/include/openssl/err.h:28:\n/usr/local/opt/openssl@3/include/openssl/types.h:54:31: error: redefinition of typedef 'ASN1_BMPSTRING' is a C11 feature [-Werror,-Wtypedef-redefinition]\ntypedef struct asn1_string_st ASN1_BMPSTRING;\n                              ^\nthird_party/boringssl/include/openssl/base.h:184:31: note: previous definition is here\ntypedef struct asn1_string_st ASN1_BMPSTRING;\n                              ^\nIn file included from src/boringssl/err_data.c:18:\nIn file included from /usr/local/opt/openssl@3/include/openssl/err.h:28:\n/usr/local/opt/openssl@3/include/openssl/types.h:55:31: error: redefinition of typedef 'ASN1_UTCTIME' is a C11 feature [-Werror,-Wtypedef-redefinition]\ntypedef struct asn1_string_st ASN1_UTCTIME;\n                              ^\nthird_party/boringssl/include/openssl/base.h:196:31: note: previous definition is here\ntypedef struct asn1_string_st ASN1_UTCTIME;\n                              ^\nIn file included from src/boringssl/err_data.c:18:\nIn file included from /usr/local/opt/openssl@3/include/openssl/err.h:28:\n/usr/local/opt/openssl@3/include/openssl/types.h:56:31: error: redefinition of typedef 'ASN1_TIME' is a C11 feature [-Werror,-Wtypedef-redefinition]\ntypedef struct asn1_string_st ASN1_TIME;\n                              ^\nthird_party/boringssl/include/openssl/base.h:194:31: note: previous definition is here\ntypedef struct asn1_string_st ASN1_TIME;\n                              ^\nIn file included from src/boringssl/err_data.c:18:\nIn file included from /usr/local/opt/openssl@3/include/openssl/err.h:28:\n/usr/local/opt/openssl@3/include/openssl/types.h:57:31: error: redefinition of typedef 'ASN1_GENERALIZEDTIME' is a C11 feature [-Werror,-Wtypedef-redefinition]\ntypedef struct asn1_string_st ASN1_GENERALIZEDTIME;\n                              ^\nthird_party/boringssl/include/openssl/base.h:186:31: note: previous definition is here\ntypedef struct asn1_string_st ASN1_GENERALIZEDTIME;\n                              ^\nIn file included from src/boringssl/err_data.c:18:\nIn file included from /usr/local/opt/openssl@3/include/openssl/err.h:28:\n/usr/local/opt/openssl@3/include/openssl/types.h:58:31: error: redefinition of typedef 'ASN1_VISIBLESTRING' is a C11 feature [-Werror,-Wtypedef-redefinition]\ntypedef struct asn1_string_st ASN1_VISIBLESTRING;\n                              ^\nthird_party/boringssl/include/openssl/base.h:198:31: note: previous definition is here\ntypedef struct asn1_string_st ASN1_VISIBLESTRING;\n                              ^\nIn file included from src/boringssl/err_data.c:18:\nIn file included from /usr/local/opt/openssl@3/include/openssl/err.h:28:\n/usr/local/opt/openssl@3/include/openssl/types.h:59:31: error: redefinition of typedef 'ASN1_UTF8STRING' is a C11 feature [-Werror,-Wtypedef-redefinition]\ntypedef struct asn1_string_st ASN1_UTF8STRING;\n                              ^\nthird_party/boringssl/include/openssl/base.h:197:31: note: previous definition is here\ntypedef struct asn1_string_st ASN1_UTF8STRING;\n                              ^\nIn file included from src/boringssl/err_data.c:18:\nIn file included from /usr/local/opt/openssl@3/include/openssl/err.h:28:\n/usr/local/opt/openssl@3/include/openssl/types.h:60:31: errorthird_party/boringssl/crypto/aes/aes.c:632:5: error: conflicting types for 'AES_set_decrypt_key'\n: redefinition of typedef 'ASN1_STRING' is a C11 feature [-Werror,-Wtypedef-redefinition]\nint AES_set_decrypt_key(const uint8_t *key, unsigned bits, AES_KEY *aeskey) {\n    ^typedef struct asn1_string_st ASN1_STRING;\n\n                              ^\n/usr/local/opt/openssl@3/include/openssl/aes.h:third_party/boringssl/include/openssl/base.h54:192::531: note: previous definition is here\n: note: previous declaration is here\nint AES_set_decrypt_key(const unsigned char *userKey, const int bits,typedef struct asn1_string_st ASN1_STRING;\n\n    ^                              ^\n\nfatal error: too many errors emitted, stopping now [-ferror-limit=]\nthird_party/boringssl/crypto/aes/aes.c:638:12: error: 'AES_set_encrypt_key' is deprecated [-Werror,-Wdeprecated-declarations]\n  status = AES_set_encrypt_key(key, bits, aeskey);\n           ^\n/usr/local/opt/openssl@3/include/openssl/aes.h:50:1: note: 'AES_set_encrypt_key' has been explicitly marked deprecated here\nOSSL_DEPRECATEDIN_3_0\n^\n/usr/local/opt/openssl@3/include/openssl/macros.h:182:49: note: expanded from macro 'OSSL_DEPRECATEDIN_3_0'\n#   define OSSL_DEPRECATEDIN_3_0                OSSL_DEPRECATED(3.0)\n                                                ^\n/usr/local/opt/openssl@3/include/openssl/macros.h:62:52: note: expanded from macro 'OSSL_DEPRECATED'\n#     define OSSL_DEPRECATED(since) __attribute__((deprecated))\n                                                   ^\n4 errors generated.\nmake: *** [/Users/runner/actions-runner/_work/python.build/python.build/build_grpcio14039/grpcio-1.4.0/objs/opt/third_party/boringssl/crypto/aes/aes.o] Error 1\nmake: *** Waiting for unfinished jobs....\n20 errors generated.\nmake: *** [/Users/runner/actions-runner/_work/python.build/python.build/build_grpcio14039/grpcio-1.4.0/objs/opt/src/boringssl/err_data.o] Error 1\nIn file included from third_party/boringssl/crypto/aes/mode_wrappers.c:53:\nIn file included from third_party/boringssl/crypto/aes/../modes/internal.h:52:\nthird_party/boringssl/include/openssl/base.h:120:9: error: 'OPENSSL_VERSION_NUMBER' macro redefined [-Werror,-Wmacro-redefined]\n#define OPENSSL_VERSION_NUMBER 0x10002000\n        ^\n/usr/local/opt/openssl@3/include/openssl/opensslv.h:99:10: note: previous definition is here\n# define OPENSSL_VERSION_NUMBER          \\\n         ^\nthird_party/boringssl/crypto/aes/mode_wrappers.c:60:37: error: 'AES_encrypt' is deprecated [-Werror,-Wdeprecated-declarations]\n                        (block128_f)AES_encrypt);\n                                    ^\n/usr/local/opt/openssl@3/include/openssl/aes.h:56:1: note: 'AES_encrypt' has been explicitly marked deprecated here\nOSSL_DEPRECATEDIN_3_0\n^\n/usr/local/opt/openssl@3/include/openssl/macros.h:182:49: note: expanded from macro 'OSSL_DEPRECATEDIN_3_0'\n#   define OSSL_DEPRECATEDIN_3_0                OSSL_DEPRECATED(3.0)\n                                                ^\n/usr/local/opt/openssl@3/include/openssl/macros.h:62:52: note: expanded from macro 'OSSL_DEPRECATED'\n#     define OSSL_DEPRECATED(since) __attribute__((deprecated))\n                                                   ^\n2 errors generated.\nmake: *** [/Users/runner/actions-runner/_work/python.build/python.build/build_grpcio14039/grpcio-1.4.0/objs/opt/third_party/boringssl/crypto/aes/mode_wrappers.o] Error 1\n"
2022-12-27T02:56:20.1805370Z   Traceback (most recent call last):
2022-12-27T02:56:20.1812370Z     File "<string>", line 2, in <module>
2022-12-27T02:56:20.1812920Z     File "<pip-setuptools-caller>", line 34, in <module>
2022-12-27T02:56:20.1813370Z     File "/Users/runner/actions-runner/_work/python.build/python.build/build_grpcio14039/grpcio-1.4.0/setup.py", line 293, in <module>
2022-12-27T02:56:20.1813650Z       setuptools.setup(
2022-12-27T02:56:20.1814090Z     File "/private/var/folders/51/hd414ycd67n82196sw51xqtc0000gn/T/cibw-run-qr8sfep4/cp39-macosx_arm64/build/venv/lib/python3.9/site-packages/setuptools/__init__.py", line 87, in setup
2022-12-27T02:56:20.1814370Z       return distutils.core.setup(**attrs)
2022-12-27T02:56:20.1814880Z     File "/private/var/folders/51/hd414ycd67n82196sw51xqtc0000gn/T/cibw-run-qr8sfep4/cp39-macosx_arm64/build/venv/lib/python3.9/site-packages/setuptools/_distutils/core.py", line 185, in setup
2022-12-27T02:56:20.1815180Z       return run_commands(dist)
2022-12-27T02:56:20.1815610Z     File "/private/var/folders/51/hd414ycd67n82196sw51xqtc0000gn/T/cibw-run-qr8sfep4/cp39-macosx_arm64/build/venv/lib/python3.9/site-packages/setuptools/_distutils/core.py", line 201, in run_commands
2022-12-27T02:56:20.1815900Z       dist.run_commands()
2022-12-27T02:56:20.1816330Z     File "/private/var/folders/51/hd414ycd67n82196sw51xqtc0000gn/T/cibw-run-qr8sfep4/cp39-macosx_arm64/build/venv/lib/python3.9/site-packages/setuptools/_distutils/dist.py", line 969, in run_commands
2022-12-27T02:56:20.1816900Z       self.run_command(cmd)
2022-12-27T02:56:20.1817350Z     File "/private/var/folders/51/hd414ycd67n82196sw51xqtc0000gn/T/cibw-run-qr8sfep4/cp39-macosx_arm64/build/venv/lib/python3.9/site-packages/setuptools/dist.py", line 1208, in run_command
2022-12-27T02:56:20.1817620Z       super().run_command(command)
2022-12-27T02:56:20.1818070Z     File "/private/var/folders/51/hd414ycd67n82196sw51xqtc0000gn/T/cibw-run-qr8sfep4/cp39-macosx_arm64/build/venv/lib/python3.9/site-packages/setuptools/_distutils/dist.py", line 988, in run_command
2022-12-27T02:56:20.1818350Z       cmd_obj.run()
2022-12-27T02:56:20.1818760Z     File "/private/var/folders/51/hd414ycd67n82196sw51xqtc0000gn/T/cibw-run-qr8sfep4/cp39-macosx_arm64/build/venv/lib/python3.9/site-packages/wheel/bdist_wheel.py", line 325, in run
2022-12-27T02:56:20.1819020Z       self.run_command("build")
2022-12-27T02:56:20.1819450Z     File "/private/var/folders/51/hd414ycd67n82196sw51xqtc0000gn/T/cibw-run-qr8sfep4/cp39-macosx_arm64/build/venv/lib/python3.9/site-packages/setuptools/_distutils/cmd.py", line 318, in run_command
2022-12-27T02:56:20.1819810Z       self.distribution.run_command(command)
2022-12-27T02:56:20.1820260Z     File "/private/var/folders/51/hd414ycd67n82196sw51xqtc0000gn/T/cibw-run-qr8sfep4/cp39-macosx_arm64/build/venv/lib/python3.9/site-packages/setuptools/dist.py", line 1208, in run_command
2022-12-27T02:56:20.1820520Z       super().run_command(command)
2022-12-27T02:56:20.1820940Z     File "/private/var/folders/51/hd414ycd67n82196sw51xqtc0000gn/T/cibw-run-qr8sfep4/cp39-macosx_arm64/build/venv/lib/python3.9/site-packages/setuptools/_distutils/dist.py", line 988, in run_command
2022-12-27T02:56:20.1821220Z       cmd_obj.run()
2022-12-27T02:56:20.1821610Z     File "/private/var/folders/51/hd414ycd67n82196sw51xqtc0000gn/T/cibw-run-qr8sfep4/cp39-macosx_arm64/build/venv/lib/python3.9/site-packages/setuptools/_distutils/command/build.py", line 132, in run
2022-12-27T02:56:20.1821900Z       self.run_command(cmd_name)
2022-12-27T02:56:20.1822460Z     File "/private/var/folders/51/hd414ycd67n82196sw51xqtc0000gn/T/cibw-run-qr8sfep4/cp39-macosx_arm64/build/venv/lib/python3.9/site-packages/setuptools/_distutils/cmd.py", line 318, in run_command
2022-12-27T02:56:20.1822810Z       self.distribution.run_command(command)
2022-12-27T02:56:20.1823270Z     File "/private/var/folders/51/hd414ycd67n82196sw51xqtc0000gn/T/cibw-run-qr8sfep4/cp39-macosx_arm64/build/venv/lib/python3.9/site-packages/setuptools/dist.py", line 1208, in run_command
2022-12-27T02:56:20.1823530Z       super().run_command(command)
2022-12-27T02:56:20.1823940Z     File "/private/var/folders/51/hd414ycd67n82196sw51xqtc0000gn/T/cibw-run-qr8sfep4/cp39-macosx_arm64/build/venv/lib/python3.9/site-packages/setuptools/_distutils/dist.py", line 988, in run_command
2022-12-27T02:56:20.1824180Z       cmd_obj.run()
2022-12-27T02:56:20.1824600Z     File "/private/var/folders/51/hd414ycd67n82196sw51xqtc0000gn/T/cibw-run-qr8sfep4/cp39-macosx_arm64/build/venv/lib/python3.9/site-packages/setuptools/command/build_ext.py", line 84, in run
2022-12-27T02:56:20.1824900Z       _build_ext.run(self)
2022-12-27T02:56:20.1825310Z     File "/private/var/folders/51/hd414ycd67n82196sw51xqtc0000gn/T/cibw-run-qr8sfep4/cp39-macosx_arm64/build/venv/lib/python3.9/site-packages/Cython/Distutils/old_build_ext.py", line 186, in run
2022-12-27T02:56:20.1825600Z       _build_ext.build_ext.run(self)
2022-12-27T02:56:20.1826030Z     File "/private/var/folders/51/hd414ycd67n82196sw51xqtc0000gn/T/cibw-run-qr8sfep4/cp39-macosx_arm64/build/venv/lib/python3.9/site-packages/setuptools/_distutils/command/build_ext.py", line 346, in run
2022-12-27T02:56:20.1826280Z       self.build_extensions()
2022-12-27T02:56:20.1826650Z     File "/Users/runner/actions-runner/_work/python.build/python.build/build_grpcio14039/grpcio-1.4.0/src/python/grpcio/commands.py", line 291, in build_extensions
2022-12-27T02:56:20.1826950Z       raise Exception("make command failed!")
2022-12-27T02:56:20.1827260Z   Exception: make command failed!
2022-12-27T02:56:20.2201050Z   error: subprocess-exited-with-error
2022-12-27T02:56:20.2201480Z   
2022-12-27T02:56:20.2201970Z   Ã— python setup.py bdist_wheel did not run successfully.
2022-12-27T02:56:20.2202940Z   â”‚ exit code: 1
2022-12-27T02:56:20.2203260Z   â•°â”€> See above for output.
2022-12-27T02:56:20.2203580Z   
2022-12-27T02:56:20.2203980Z   note: This error originates from a subprocess, and is likely not a problem with pip.
2022-12-27T02:56:20.2210090Z   full command: /private/var/folders/51/hd414ycd67n82196sw51xqtc0000gn/T/cibw-run-qr8sfep4/cp39-macosx_arm64/build/venv/bin/python -u -c '
2022-12-27T02:56:20.2210610Z   exec(compile('"'"''"'"''"'"'
2022-12-27T02:56:20.2211100Z   # This is <pip-setuptools-caller> -- a caller that pip uses to run setup.py
2022-12-27T02:56:20.2211430Z   #
2022-12-27T02:56:20.2211840Z   # - It imports setuptools before invoking setup.py, to enable projects that directly
2022-12-27T02:56:20.2212290Z   #   import from `distutils.core` to work with newer packaging standards.
2022-12-27T02:56:20.2212770Z   # - It provides a clear error message when setuptools is not installed.
2022-12-27T02:56:20.2213250Z   # - It sets `sys.argv[0]` to the underlying `setup.py`, when invoking `setup.py` so
2022-12-27T02:56:20.2213780Z   #   setuptools doesn'"'"'t think the script is `-c`. This avoids the following warning:
2022-12-27T02:56:20.2214690Z   #     manifest_maker: standard file '"'"'-c'"'"' not found".
2022-12-27T02:56:20.2215290Z   # - It generates a shim setup.py, for handling setup.cfg-only projects.
2022-12-27T02:56:20.2215590Z   import os, sys, tokenize
2022-12-27T02:56:20.2215850Z   
2022-12-27T02:56:20.2216080Z   try:
2022-12-27T02:56:20.2216630Z       import setuptools
2022-12-27T02:56:20.2216890Z   except ImportError as error:
2022-12-27T02:56:20.2217150Z       print(
2022-12-27T02:56:20.2217450Z           "ERROR: Can not execute `setup.py` since setuptools is not available in "
2022-12-27T02:56:20.2217710Z           "the build environment.",
2022-12-27T02:56:20.2218000Z           file=sys.stderr,
2022-12-27T02:56:20.2218250Z       )
2022-12-27T02:56:20.2218910Z       sys.exit(1)
2022-12-27T02:56:20.2219150Z   
2022-12-27T02:56:20.2219400Z   __file__ = %r
2022-12-27T02:56:20.2219630Z   sys.argv[0] = __file__
2022-12-27T02:56:20.2219880Z   
2022-12-27T02:56:20.2220120Z   if os.path.exists(__file__):
2022-12-27T02:56:20.2220310Z       filename = __file__
2022-12-27T02:56:20.2220570Z       with tokenize.open(__file__) as f:
2022-12-27T02:56:20.2220870Z           setup_py_code = f.read()
2022-12-27T02:56:20.2221130Z   else:
2022-12-27T02:56:20.2221500Z       filename = "<auto-generated setuptools caller>"
2022-12-27T02:56:20.2221860Z       setup_py_code = "from setuptools import setup; setup()"
2022-12-27T02:56:20.2222130Z   
2022-12-27T02:56:20.2222360Z   exec(compile(setup_py_code, filename, "exec"))
2022-12-27T02:56:20.2223160Z   '"'"''"'"''"'"' % ('"'"'/Users/runner/actions-runner/_work/python.build/python.build/build_grpcio14039/grpcio-1.4.0/setup.py'"'"',), "<pip-setuptools-caller>", "exec"))' bdist_wheel -d /private/var/folders/51/hd414ycd67n82196sw51xqtc0000gn/T/pip-wheel-kvpn9dmh
2022-12-27T02:56:20.2223990Z   cwd: /Users/runner/actions-runner/_work/python.build/python.build/build_grpcio14039/grpcio-1.4.0/
2022-12-27T02:56:20.2224350Z   ERROR: Failed building wheel for grpcio
2022-12-27T02:56:20.2224820Z   Building wheel for grpcio (setup.py): finished with status 'error'
2022-12-27T02:56:20.2225120Z   Running setup.py clean for grpcio
2022-12-27T02:56:20.2225440Z   Running command python setup.py clean
2022-12-27T02:56:20.6460350Z   running clean
2022-12-27T02:56:20.6477730Z   removing 'python_build/lib.macosx-11.0-arm64-cpython-39' (and everything under it)
2022-12-27T02:56:20.6520060Z   'python_build/bdist.macosx-11.0-arm64' does not exist -- can't clean it
2022-12-27T02:56:20.6522250Z   'python_build/scripts-3.9' does not exist -- can't clean it
2022-12-27T02:56:20.6524180Z   removing 'python_build'
2022-12-27T02:56:20.6793930Z Failed to build grpcio
2022-12-27T02:56:20.6798640Z ERROR: Failed to build one or more wheels
2022-12-27T02:56:20.6808910Z Exception information:
2022-12-27T02:56:20.6809110Z Traceback (most recent call last):
2022-12-27T02:56:20.6809840Z   File "/private/var/folders/51/hd414ycd67n82196sw51xqtc0000gn/T/cibw-run-qr8sfep4/cp39-macosx_arm64/build/venv/lib/python3.9/site-packages/pip/_internal/cli/base_command.py", line 160, in exc_logging_wrapper
2022-12-27T02:56:20.6810180Z     status = run_func(*args)
2022-12-27T02:56:20.6810750Z   File "/private/var/folders/51/hd414ycd67n82196sw51xqtc0000gn/T/cibw-run-qr8sfep4/cp39-macosx_arm64/build/venv/lib/python3.9/site-packages/pip/_internal/cli/req_command.py", line 247, in wrapper
2022-12-27T02:56:20.6811150Z     return func(self, options, args)
2022-12-27T02:56:20.6811560Z   File "/private/var/folders/51/hd414ycd67n82196sw51xqtc0000gn/T/cibw-run-qr8sfep4/cp39-macosx_arm64/build/venv/lib/python3.9/site-packages/pip/_internal/commands/wheel.py", line 201, in run
2022-12-27T02:56:20.6811910Z     raise CommandError("Failed to build one or more wheels")
2022-12-27T02:56:20.6812180Z pip._internal.exceptions.CommandError: Failed to build one or more wheels
2022-12-27T02:56:20.6812570Z Removed build tracker: '/private/var/folders/51/hd414ycd67n82196sw51xqtc0000gn/T/pip-build-tracker-a7eowpyj'
2022-12-27T02:56:20.7198760Z ##[endgroup]
2022-12-27T02:56:20.7199290Z                                                               [31mâœ• [0m6.07s
2022-12-27T02:56:20.7221240Z ##[error]Command ['python', '-m', 'pip', 'wheel', '/Users/runner/actions-runner/_work/python.build/python.build/build_grpcio14039/grpcio-1.4.0', '--wheel-dir=/private/var/folders/51/hd414ycd67n82196sw51xqtc0000gn/T/cibw-run-qr8sfep4/cp39-macosx_arm64/built_wheel', '--no-deps', '-vvv'] failed with code 1. None
2022-12-27T02:56:20.7227300Z 
2022-12-27T02:56:20.7809660Z ##[error]Process completed with exit code 1.
2022-12-27T02:56:20.7839940Z ##[group]Run rm -rf build_grpcio14039 wheelsout
2022-12-27T02:56:20.7840150Z [36;1mrm -rf build_grpcio14039 wheelsout[0m
2022-12-27T02:56:20.7855140Z shell: /bin/bash -e {0}
2022-12-27T02:56:20.7855250Z env:
2022-12-27T02:56:20.7855400Z   pythonLocation: /Users/runner/hostedtoolcache/Python/3.9.16/x64
2022-12-27T02:56:20.7855600Z   PKG_CONFIG_PATH: /Users/runner/hostedtoolcache/Python/3.9.16/x64/lib/pkgconfig
2022-12-27T02:56:20.7855780Z   Python_ROOT_DIR: /Users/runner/hostedtoolcache/Python/3.9.16/x64
2022-12-27T02:56:20.7855960Z   Python2_ROOT_DIR: /Users/runner/hostedtoolcache/Python/3.9.16/x64
2022-12-27T02:56:20.7856130Z   Python3_ROOT_DIR: /Users/runner/hostedtoolcache/Python/3.9.16/x64
2022-12-27T02:56:20.7856270Z ##[endgroup]
2022-12-27T02:56:21.0203110Z Cleaning up orphan processes
