2022-12-27T08:51:24.6027460Z Requested labels: self-hosted, macOS, X64
2022-12-27T08:51:24.6027544Z Job defined at: kilnbuild/python.build/.github/workflows/mac_arm_build.yml@refs/heads/main
2022-12-27T08:51:24.6027571Z Waiting for a runner to pick up this job...
2022-12-27T11:22:44.4259560Z Job is about to start running on the runner: kr2 (organization)
2022-12-27T11:22:50.1967860Z Current runner version: '2.300.2'
2022-12-27T11:22:50.1975440Z Runner name: 'kr2'
2022-12-27T11:22:50.1975830Z Runner group name: 'Default'
2022-12-27T11:22:50.1976700Z Machine name: 'kr2'
2022-12-27T11:22:50.1979300Z ##[group]GITHUB_TOKEN Permissions
2022-12-27T11:22:50.1979990Z Actions: write
2022-12-27T11:22:50.1980240Z Checks: write
2022-12-27T11:22:50.1980480Z Contents: write
2022-12-27T11:22:50.1980740Z Deployments: write
2022-12-27T11:22:50.1980990Z Discussions: write
2022-12-27T11:22:50.1981230Z Issues: write
2022-12-27T11:22:50.1981480Z Metadata: read
2022-12-27T11:22:50.1981710Z Packages: write
2022-12-27T11:22:50.1981960Z Pages: write
2022-12-27T11:22:50.1982210Z PullRequests: write
2022-12-27T11:22:50.1982490Z RepositoryProjects: write
2022-12-27T11:22:50.1982780Z SecurityEvents: write
2022-12-27T11:22:50.1983040Z Statuses: write
2022-12-27T11:22:50.1983270Z ##[endgroup]
2022-12-27T11:22:50.1986890Z Secret source: Actions
2022-12-27T11:22:50.1987470Z Prepare workflow directory
2022-12-27T11:22:50.3070360Z Prepare all required actions
2022-12-27T11:22:50.3270160Z Getting action download info
2022-12-27T11:22:50.7913210Z Download action repository 'actions/setup-python@v4' (SHA:5ccb29d8773c3f3f653e1705f474dfaa8a06a912)
2022-12-27T11:22:52.7586400Z Download action repository 'actions/upload-artifact@v3' (SHA:83fd05a356d7e2593de66fc9913b3002723633cb)
2022-12-27T11:22:54.2123790Z ##[group]Run echo '{
2022-12-27T11:22:54.2124200Z [36;1mecho '{[0m
2022-12-27T11:22:54.2124460Z [36;1m  "package_name": "lxml",[0m
2022-12-27T11:22:54.2124880Z [36;1m  "package_url": "https://files.pythonhosted.org/packages/e5/31/d34953640bcd05526de46e0a6aa77e694eb98f2d780b24dd8deb480147c4/lxml-1.3.5.tar.gz",[0m
2022-12-27T11:22:54.2125350Z [36;1m  "package_version": "1.3.5",[0m
2022-12-27T11:22:54.2125660Z [36;1m  "python_version": "3.10",[0m
2022-12-27T11:22:54.2125900Z [36;1m  "use_ccache": "true"[0m
2022-12-27T11:22:54.2126190Z [36;1m}'[0m
2022-12-27T11:22:54.2154830Z shell: /bin/bash -e {0}
2022-12-27T11:22:54.2155060Z ##[endgroup]
2022-12-27T11:22:54.2557490Z {
2022-12-27T11:22:54.2560610Z   "package_name": "lxml",
2022-12-27T11:22:54.2561970Z   "package_url": "https://files.pythonhosted.org/packages/e5/31/d34953640bcd05526de46e0a6aa77e694eb98f2d780b24dd8deb480147c4/lxml-1.3.5.tar.gz",
2022-12-27T11:22:54.2562510Z   "package_version": "1.3.5",
2022-12-27T11:22:54.2563070Z   "python_version": "3.10",
2022-12-27T11:22:54.2563440Z   "use_ccache": "true"
2022-12-27T11:22:54.2563770Z }
2022-12-27T11:22:54.2927480Z ##[group]Run actions/setup-python@v4
2022-12-27T11:22:54.2927840Z with:
2022-12-27T11:22:54.2928230Z   python-version: 3.10
2022-12-27T11:22:54.2928560Z   check-latest: false
2022-12-27T11:22:54.2929010Z   token: ***
2022-12-27T11:22:54.2929420Z   update-environment: true
2022-12-27T11:22:54.2929740Z ##[endgroup]
2022-12-27T11:22:54.5043290Z ##[group]Installed versions
2022-12-27T11:22:54.5110840Z Successfully set up CPython (3.10.9)
2022-12-27T11:22:54.5111650Z ##[endgroup]
2022-12-27T11:22:54.5348810Z ##[group]Run if [ "true" == "true" ]
2022-12-27T11:22:54.5349330Z [36;1mif [ "true" == "true" ][0m
2022-12-27T11:22:54.5349810Z [36;1mthen[0m
2022-12-27T11:22:54.5350230Z [36;1m  echo "CCACHE_PATH_PREPEND=/usr/local/opt/ccache/libexec" >> $GITHUB_OUTPUT[0m
2022-12-27T11:22:54.5350560Z [36;1melse[0m
2022-12-27T11:22:54.5350940Z [36;1m  echo "CCACHE_PATH_PREPEND=" >> $GITHUB_OUTPUT[0m
2022-12-27T11:22:54.5351340Z [36;1mfi[0m
2022-12-27T11:22:54.5381470Z shell: /bin/bash -e {0}
2022-12-27T11:22:54.5381770Z env:
2022-12-27T11:22:54.5382190Z   pythonLocation: /Users/runner/hostedtoolcache/Python/3.10.9/x64
2022-12-27T11:22:54.5382800Z   PKG_CONFIG_PATH: /Users/runner/hostedtoolcache/Python/3.10.9/x64/lib/pkgconfig
2022-12-27T11:22:54.5383200Z   Python_ROOT_DIR: /Users/runner/hostedtoolcache/Python/3.10.9/x64
2022-12-27T11:22:54.5383640Z   Python2_ROOT_DIR: /Users/runner/hostedtoolcache/Python/3.10.9/x64
2022-12-27T11:22:54.5384190Z   Python3_ROOT_DIR: /Users/runner/hostedtoolcache/Python/3.10.9/x64
2022-12-27T11:22:54.5384990Z ##[endgroup]
2022-12-27T11:22:54.5668420Z ##[group]Run echo "BUILD_NAME=$(echo lxml_1.3.5_3.10 | tr -dc '[:alnum:]\n\r' | tr '[:upper:]' '[:lower:]')" >> $GITHUB_OUTPUT
2022-12-27T11:22:54.5669050Z [36;1mecho "BUILD_NAME=$(echo lxml_1.3.5_3.10 | tr -dc '[:alnum:]\n\r' | tr '[:upper:]' '[:lower:]')" >> $GITHUB_OUTPUT[0m
2022-12-27T11:22:54.5695710Z shell: /bin/bash -e {0}
2022-12-27T11:22:54.5695910Z env:
2022-12-27T11:22:54.5696130Z   pythonLocation: /Users/runner/hostedtoolcache/Python/3.10.9/x64
2022-12-27T11:22:54.5696440Z   PKG_CONFIG_PATH: /Users/runner/hostedtoolcache/Python/3.10.9/x64/lib/pkgconfig
2022-12-27T11:22:54.5696750Z   Python_ROOT_DIR: /Users/runner/hostedtoolcache/Python/3.10.9/x64
2022-12-27T11:22:54.5697110Z   Python2_ROOT_DIR: /Users/runner/hostedtoolcache/Python/3.10.9/x64
2022-12-27T11:22:54.5697390Z   Python3_ROOT_DIR: /Users/runner/hostedtoolcache/Python/3.10.9/x64
2022-12-27T11:22:54.5697620Z ##[endgroup]
2022-12-27T11:22:54.5954350Z ##[group]Run echo "PYTHON_NO_DOTS=$(echo 3.10 | tr -dc '[:alnum:]\n\r' | tr '[:upper:]' '[:lower:]')" >> $GITHUB_OUTPUT
2022-12-27T11:22:54.5955090Z [36;1mecho "PYTHON_NO_DOTS=$(echo 3.10 | tr -dc '[:alnum:]\n\r' | tr '[:upper:]' '[:lower:]')" >> $GITHUB_OUTPUT[0m
2022-12-27T11:22:54.5981720Z shell: /bin/bash -e {0}
2022-12-27T11:22:54.5982100Z env:
2022-12-27T11:22:54.5982450Z   pythonLocation: /Users/runner/hostedtoolcache/Python/3.10.9/x64
2022-12-27T11:22:54.5982830Z   PKG_CONFIG_PATH: /Users/runner/hostedtoolcache/Python/3.10.9/x64/lib/pkgconfig
2022-12-27T11:22:54.5983250Z   Python_ROOT_DIR: /Users/runner/hostedtoolcache/Python/3.10.9/x64
2022-12-27T11:22:54.5983730Z   Python2_ROOT_DIR: /Users/runner/hostedtoolcache/Python/3.10.9/x64
2022-12-27T11:22:54.5984970Z   Python3_ROOT_DIR: /Users/runner/hostedtoolcache/Python/3.10.9/x64
2022-12-27T11:22:54.5985250Z ##[endgroup]
2022-12-27T11:22:54.6225520Z ##[group]Run rm -rf build_lxml135310
2022-12-27T11:22:54.6226220Z [36;1mrm -rf build_lxml135310[0m
2022-12-27T11:22:54.6226480Z [36;1mmkdir build_lxml135310[0m
2022-12-27T11:22:54.6226870Z [36;1mcd build_lxml135310[0m
2022-12-27T11:22:54.6227360Z [36;1m/usr/local/bin/wget --quiet https://files.pythonhosted.org/packages/e5/31/d34953640bcd05526de46e0a6aa77e694eb98f2d780b24dd8deb480147c4/lxml-1.3.5.tar.gz[0m
2022-12-27T11:22:54.6227820Z [36;1mtar xf *.tar.gz[0m
2022-12-27T11:22:54.6228120Z [36;1mcd *[0m
2022-12-27T11:22:54.6228530Z [36;1mpython -m pip install cibuildwheel==2.11.3[0m
2022-12-27T11:22:54.6228920Z [36;1mpython -m cibuildwheel --output-dir ../wheelsout[0m
2022-12-27T11:22:54.6255000Z shell: /bin/bash -e {0}
2022-12-27T11:22:54.6255260Z env:
2022-12-27T11:22:54.6255620Z   pythonLocation: /Users/runner/hostedtoolcache/Python/3.10.9/x64
2022-12-27T11:22:54.6256060Z   PKG_CONFIG_PATH: /Users/runner/hostedtoolcache/Python/3.10.9/x64/lib/pkgconfig
2022-12-27T11:22:54.6256600Z   Python_ROOT_DIR: /Users/runner/hostedtoolcache/Python/3.10.9/x64
2022-12-27T11:22:54.6256970Z   Python2_ROOT_DIR: /Users/runner/hostedtoolcache/Python/3.10.9/x64
2022-12-27T11:22:54.6257380Z   Python3_ROOT_DIR: /Users/runner/hostedtoolcache/Python/3.10.9/x64
2022-12-27T11:22:54.6257750Z   CIBW_ARCHS_MACOS: arm64
2022-12-27T11:22:54.6258060Z   CIBW_TEST_SKIP: *_arm64
2022-12-27T11:22:54.6258390Z   CIBW_BUILD: cp310-macosx_arm64
2022-12-27T11:22:54.6258740Z   CIBW_BUILD_FRONTEND: pip
2022-12-27T11:22:54.6259060Z   CIBW_BUILD_VERBOSITY: 3
2022-12-27T11:22:54.6259540Z   CIBW_ENVIRONMENT_MACOS:  CFLAGS="-I/usr/local/opt/openssl@3/include" LDFLAGS="-L/usr/local/opt/openssl@3/lib" CPPFLAGS="-I/usr/local/opt/openssl@3/include" MAKEFLAGS="-j$(sysctl -n hw.logicalcpu)" PATH=/usr/local/opt/ccache/libexec:$PATH
2022-12-27T11:22:54.6260170Z   CIBW_BEFORE_BUILD: pip install Cython; if [[ -f requirements.txt ]]; then pip install -r requirements.txt; fi
2022-12-27T11:22:54.6260670Z   MAKEFLAGS: -j$(sysctl -n hw.logicalcpu)
2022-12-27T11:22:54.6260990Z ##[endgroup]
2022-12-27T11:22:55.2731010Z Requirement already satisfied: cibuildwheel==2.11.3 in /Users/runner/hostedtoolcache/Python/3.10.9/x64/lib/python3.10/site-packages (2.11.3)
2022-12-27T11:22:55.3137120Z Requirement already satisfied: bashlex!=0.13 in /Users/runner/hostedtoolcache/Python/3.10.9/x64/lib/python3.10/site-packages (from cibuildwheel==2.11.3) (0.16)
2022-12-27T11:22:55.3141020Z Requirement already satisfied: filelock in /Users/runner/hostedtoolcache/Python/3.10.9/x64/lib/python3.10/site-packages (from cibuildwheel==2.11.3) (3.8.2)
2022-12-27T11:22:55.3156120Z Requirement already satisfied: typing-extensions>=4.1.0 in /Users/runner/hostedtoolcache/Python/3.10.9/x64/lib/python3.10/site-packages (from cibuildwheel==2.11.3) (4.4.0)
2022-12-27T11:22:55.3160470Z Requirement already satisfied: platformdirs in /Users/runner/hostedtoolcache/Python/3.10.9/x64/lib/python3.10/site-packages (from cibuildwheel==2.11.3) (2.6.0)
2022-12-27T11:22:55.3169050Z Requirement already satisfied: packaging>=20.9 in /Users/runner/hostedtoolcache/Python/3.10.9/x64/lib/python3.10/site-packages (from cibuildwheel==2.11.3) (22.0)
2022-12-27T11:22:55.3178180Z Requirement already satisfied: tomli in /Users/runner/hostedtoolcache/Python/3.10.9/x64/lib/python3.10/site-packages (from cibuildwheel==2.11.3) (2.0.1)
2022-12-27T11:22:55.3183430Z Requirement already satisfied: certifi in /Users/runner/hostedtoolcache/Python/3.10.9/x64/lib/python3.10/site-packages (from cibuildwheel==2.11.3) (2022.12.7)
2022-12-27T11:22:55.3188810Z Requirement already satisfied: bracex in /Users/runner/hostedtoolcache/Python/3.10.9/x64/lib/python3.10/site-packages (from cibuildwheel==2.11.3) (2.3.post1)
2022-12-27T11:22:55.6264440Z 
2022-12-27T11:22:55.6266890Z      _ _       _ _   _       _           _
2022-12-27T11:22:55.6268680Z  ___|_| |_ _ _|_| |_| |_ _ _| |_ ___ ___| |
2022-12-27T11:22:55.6270450Z |  _| | . | | | | | . | | | |   | -_| -_| |
2022-12-27T11:22:55.6272940Z |___|_|___|___|_|_|___|_____|_|_|___|___|_|
2022-12-27T11:22:55.6273470Z 
2022-12-27T11:22:55.6274080Z cibuildwheel version 2.11.3
2022-12-27T11:22:55.6274480Z 
2022-12-27T11:22:55.6274770Z Build options:
2022-12-27T11:22:55.6275390Z   platform: macos
2022-12-27T11:22:55.6327430Z   architectures: arm64[0m
2022-12-27T11:22:55.6329140Z   build_selector: 
2022-12-27T11:22:55.6331120Z     build_config: cp310-macosx_arm64
2022-12-27T11:22:55.6331770Z     skip_config: 
2022-12-27T11:22:55.6332960Z     requires_python: None
2022-12-27T11:22:55.6334920Z     prerelease_pythons: False[0m
2022-12-27T11:22:55.6336520Z   [38;5;244mcontainer_engine: docker[0m
2022-12-27T11:22:55.6337590Z   output_dir: /Users/runner/actions-runner/_work/python.build/python.build/build_lxml135310/wheelsout[0m
2022-12-27T11:22:55.6338330Z   package_dir: /Users/runner/actions-runner/_work/python.build/python.build/build_lxml135310/lxml-1.3.5[0m
2022-12-27T11:22:55.6338760Z   test_selector: 
2022-12-27T11:22:55.6339120Z     skip_config: *_arm64[0m
2022-12-27T11:22:55.6340150Z   [38;5;244mbefore_all: [0m
2022-12-27T11:22:55.6340940Z   before_build: pip install Cython; if [[ -f requirements.txt ]]; then pip install -r requirements.txt; fi[0m
2022-12-27T11:22:55.6341380Z   [38;5;244mbefore_test: [0m
2022-12-27T11:22:55.6341790Z   [38;5;244mbuild_frontend: pip[0m
2022-12-27T11:22:55.6342530Z   build_verbosity: 3[0m
2022-12-27T11:22:55.6342880Z   [38;5;244mconfig_settings: [0m
2022-12-27T11:22:55.6343340Z   [38;5;244mdependency_constraints: pinned[0m
2022-12-27T11:22:55.6343680Z   environment: 
2022-12-27T11:22:55.6344110Z     CFLAGS="-I/usr/local/opt/openssl@3/include"
2022-12-27T11:22:55.6344650Z     LDFLAGS="-L/usr/local/opt/openssl@3/lib"
2022-12-27T11:22:55.6345160Z     CPPFLAGS="-I/usr/local/opt/openssl@3/include"
2022-12-27T11:22:55.6345630Z     MAKEFLAGS="-j$(sysctl -n hw.logicalcpu)"
2022-12-27T11:22:55.6346030Z     PATH=/usr/local/opt/ccache/libexec:$PATH[0m
2022-12-27T11:22:55.6346470Z   [38;5;244mmanylinux_images: None[0m
2022-12-27T11:22:55.6347050Z   [38;5;244mmusllinux_images: None[0m
2022-12-27T11:22:55.6347540Z   [38;5;244mrepair_command: delocate-wheel --require-archs {delocate_archs} -w {dest_dir} -v {wheel}[0m
2022-12-27T11:22:55.6348850Z   [38;5;244mtest_command: [0m
2022-12-27T11:22:55.6349260Z   [38;5;244mtest_extras: [0m
2022-12-27T11:22:55.6349790Z   [38;5;244mtest_requires: [0m
2022-12-27T11:22:55.6349920Z 
2022-12-27T11:22:55.6350120Z Cache folder: /Users/runner/Library/Caches/cibuildwheel
2022-12-27T11:22:55.6355200Z 
2022-12-27T11:22:55.6355700Z Here we go!
2022-12-27T11:22:55.6355940Z 
2022-12-27T11:22:55.6456370Z 
2022-12-27T11:22:55.6457990Z [1m[34mBuilding cp310-macosx_arm64 wheel[0m
2022-12-27T11:22:55.6458800Z CPython 3.10 macOS arm64 - Apple Silicon
2022-12-27T11:22:55.6459400Z 
2022-12-27T11:22:55.6462990Z ##[group]Installing Python cp310...
2022-12-27T11:22:55.6463510Z 
2022-12-27T11:22:55.6464130Z + pkgutil --pkgs
2022-12-27T11:22:55.6666700Z ##[endgroup]
2022-12-27T11:22:55.6668360Z                                                               [32mâœ“ [0m0.02s
2022-12-27T11:22:55.6669120Z ##[group]Setting up build environment...
2022-12-27T11:22:55.6669350Z 
2022-12-27T11:22:55.6704000Z + /Users/runner/hostedtoolcache/Python/3.10.9/x64/bin/python -sS /Users/runner/Library/Caches/cibuildwheel/virtualenv-20.17.0.pyz --activators= --no-periodic-update --pip=22.3.1 --setuptools=65.6.3 --wheel=0.38.4 --symlink-app-data --python /Library/Frameworks/Python.framework/Versions/3.10/bin/python3 /private/var/folders/51/hd414ycd67n82196sw51xqtc0000gn/T/cibw-run-zdn9_773/cp310-macosx_arm64/build/venv
2022-12-27T11:22:55.9815920Z created virtual environment CPython3.10.8.final.0-64 in 79ms
2022-12-27T11:22:55.9818240Z   creator CPython3Posix(dest=/private/var/folders/51/hd414ycd67n82196sw51xqtc0000gn/T/cibw-run-zdn9_773/cp310-macosx_arm64/build/venv, clear=False, no_vcs_ignore=False, global=False)
2022-12-27T11:22:55.9820800Z   seeder FromAppData(download=False, pip=22.3.1, setuptools=65.6.3, wheel=0.38.4, via=symlink, app_data_dir=/Users/runner/Library/Application Support/virtualenv)
2022-12-27T11:22:55.9822070Z     added seed packages: pip==22.3.1, setuptools==65.6.3, wheel==0.38.4
2022-12-27T11:22:56.0099950Z + python -m pip install --upgrade pip -c /Users/runner/hostedtoolcache/Python/3.10.9/x64/lib/python3.10/site-packages/cibuildwheel/resources/constraints-python310.txt
2022-12-27T11:22:56.4462860Z Requirement already satisfied: pip in ./lib/python3.10/site-packages (22.3.1)
2022-12-27T11:22:56.6698660Z + which pip
2022-12-27T11:22:56.6738190Z /private/var/folders/51/hd414ycd67n82196sw51xqtc0000gn/T/cibw-run-zdn9_773/cp310-macosx_arm64/build/venv/bin/pip
2022-12-27T11:22:56.6746890Z + pip --version
2022-12-27T11:22:56.9869840Z pip 22.3.1 from /private/var/folders/51/hd414ycd67n82196sw51xqtc0000gn/T/cibw-run-zdn9_773/cp310-macosx_arm64/build/venv/lib/python3.10/site-packages/pip (python 3.10)
2022-12-27T11:22:57.0334200Z + which pip
2022-12-27T11:22:57.0388680Z + which python
2022-12-27T11:22:57.0426910Z /private/var/folders/51/hd414ycd67n82196sw51xqtc0000gn/T/cibw-run-zdn9_773/cp310-macosx_arm64/build/venv/bin/python
2022-12-27T11:22:57.0430720Z + python --version
2022-12-27T11:22:57.0518630Z Python 3.10.8
2022-12-27T11:22:57.0524960Z + which python
2022-12-27T11:22:57.0620310Z ##[endgroup]
2022-12-27T11:22:57.0622150Z                                                               [32mâœ“ [0m1.40s
2022-12-27T11:22:57.0622870Z ##[group]Installing build tools...
2022-12-27T11:22:57.0623080Z 
2022-12-27T11:22:57.0623620Z + pip install --upgrade setuptools wheel delocate -c /Users/runner/hostedtoolcache/Python/3.10.9/x64/lib/python3.10/site-packages/cibuildwheel/resources/constraints-python310.txt
2022-12-27T11:22:57.4931410Z Requirement already satisfied: setuptools in /private/var/folders/51/hd414ycd67n82196sw51xqtc0000gn/T/cibw-run-zdn9_773/cp310-macosx_arm64/build/venv/lib/python3.10/site-packages (65.6.3)
2022-12-27T11:22:57.7985960Z Requirement already satisfied: wheel in /private/var/folders/51/hd414ycd67n82196sw51xqtc0000gn/T/cibw-run-zdn9_773/cp310-macosx_arm64/build/venv/lib/python3.10/site-packages (0.38.4)
2022-12-27T11:22:57.8657300Z Collecting delocate
2022-12-27T11:22:57.8701320Z   Using cached delocate-0.10.3-py3-none-any.whl (142 kB)
2022-12-27T11:22:57.9034940Z Collecting typing-extensions
2022-12-27T11:22:57.9073090Z   Using cached typing_extensions-4.4.0-py3-none-any.whl (26 kB)
2022-12-27T11:22:57.9422890Z Collecting packaging>=20.9
2022-12-27T11:22:57.9457940Z   Using cached packaging-21.3-py3-none-any.whl (40 kB)
2022-12-27T11:22:57.9949880Z Collecting pyparsing!=3.0.5,>=2.0.2
2022-12-27T11:22:57.9990330Z   Using cached pyparsing-3.0.9-py3-none-any.whl (98 kB)
2022-12-27T11:22:58.0512920Z Installing collected packages: typing-extensions, pyparsing, packaging, delocate
2022-12-27T11:22:58.2656690Z Successfully installed delocate-0.10.3 packaging-21.3 pyparsing-3.0.9 typing-extensions-4.4.0
2022-12-27T11:22:58.3676690Z ##[endgroup]
2022-12-27T11:22:58.3678420Z                                                               [32mâœ“ [0m1.31s
2022-12-27T11:22:58.3679040Z ##[group]Running before_build...
2022-12-27T11:22:58.3679250Z 
2022-12-27T11:22:58.3698290Z + pip install Cython; if [[ -f requirements.txt ]]; then pip install -r requirements.txt; fi
2022-12-27T11:22:59.3168500Z Collecting Cython
2022-12-27T11:22:59.3238110Z   Using cached Cython-0.29.32-py2.py3-none-any.whl (986 kB)
2022-12-27T11:22:59.3923200Z Installing collected packages: Cython
2022-12-27T11:23:00.0365640Z Successfully installed Cython-0.29.32
2022-12-27T11:23:00.1378850Z ##[endgroup]
2022-12-27T11:23:00.1380500Z                                                               [32mâœ“ [0m1.77s
2022-12-27T11:23:00.1381540Z ##[group]Building wheel...
2022-12-27T11:23:00.1381940Z 
2022-12-27T11:23:00.1395430Z + python -m pip wheel /Users/runner/actions-runner/_work/python.build/python.build/build_lxml135310/lxml-1.3.5 --wheel-dir=/private/var/folders/51/hd414ycd67n82196sw51xqtc0000gn/T/cibw-run-zdn9_773/cp310-macosx_arm64/built_wheel --no-deps -vvv
2022-12-27T11:23:00.5302150Z Created temporary directory: /private/var/folders/51/hd414ycd67n82196sw51xqtc0000gn/T/pip-ephem-wheel-cache-7nq52n2u
2022-12-27T11:23:00.5305780Z Created temporary directory: /private/var/folders/51/hd414ycd67n82196sw51xqtc0000gn/T/pip-build-tracker-otc8cb3o
2022-12-27T11:23:00.5308840Z Initialized build tracking at /private/var/folders/51/hd414ycd67n82196sw51xqtc0000gn/T/pip-build-tracker-otc8cb3o
2022-12-27T11:23:00.5310950Z Created build tracker: /private/var/folders/51/hd414ycd67n82196sw51xqtc0000gn/T/pip-build-tracker-otc8cb3o
2022-12-27T11:23:00.5312840Z Entered build tracker: /private/var/folders/51/hd414ycd67n82196sw51xqtc0000gn/T/pip-build-tracker-otc8cb3o
2022-12-27T11:23:00.5318590Z Created temporary directory: /private/var/folders/51/hd414ycd67n82196sw51xqtc0000gn/T/pip-wheel-2aqmt5gz
2022-12-27T11:23:00.5327600Z Created temporary directory: /private/var/folders/51/hd414ycd67n82196sw51xqtc0000gn/T/pip-ephem-wheel-cache-np10jgvl
2022-12-27T11:23:00.5595320Z Processing /Users/runner/actions-runner/_work/python.build/python.build/build_lxml135310/lxml-1.3.5
2022-12-27T11:23:00.5604150Z   Added file:///Users/runner/actions-runner/_work/python.build/python.build/build_lxml135310/lxml-1.3.5 to build tracker '/private/var/folders/51/hd414ycd67n82196sw51xqtc0000gn/T/pip-build-tracker-otc8cb3o'
2022-12-27T11:23:00.5608580Z   Running setup.py (path:/Users/runner/actions-runner/_work/python.build/python.build/build_lxml135310/lxml-1.3.5/setup.py) egg_info for package from file:///Users/runner/actions-runner/_work/python.build/python.build/build_lxml135310/lxml-1.3.5
2022-12-27T11:23:00.5612930Z   Created temporary directory: /private/var/folders/51/hd414ycd67n82196sw51xqtc0000gn/T/pip-pip-egg-info-bq5k3zig
2022-12-27T11:23:00.5614890Z   Preparing metadata (setup.py): started
2022-12-27T11:23:00.5618060Z   Running command python setup.py egg_info
2022-12-27T11:23:00.7936240Z   Traceback (most recent call last):
2022-12-27T11:23:00.7951760Z     File "<string>", line 2, in <module>
2022-12-27T11:23:00.7952570Z     File "<pip-setuptools-caller>", line 34, in <module>
2022-12-27T11:23:00.7953220Z     File "/Users/runner/actions-runner/_work/python.build/python.build/build_lxml135310/lxml-1.3.5/setup.py", line 7
2022-12-27T11:23:00.7956370Z       except pkg_resources.VersionConflict, e:
2022-12-27T11:23:00.7956730Z              ^^^^^^^^^^^^^^^^^^^^^^^^^^^^^^^^
2022-12-27T11:23:00.7957180Z   SyntaxError: multiple exception types must be parenthesized
2022-12-27T11:23:00.8413020Z   error: subprocess-exited-with-error
2022-12-27T11:23:00.8414100Z   
2022-12-27T11:23:00.8415110Z   Ã— python setup.py egg_info did not run successfully.
2022-12-27T11:23:00.8416600Z   â”‚ exit code: 1
2022-12-27T11:23:00.8417440Z   â•°â”€> See above for output.
2022-12-27T11:23:00.8417950Z   
2022-12-27T11:23:00.8418750Z   note: This error originates from a subprocess, and is likely not a problem with pip.
2022-12-27T11:23:00.8424980Z   full command: /private/var/folders/51/hd414ycd67n82196sw51xqtc0000gn/T/cibw-run-zdn9_773/cp310-macosx_arm64/build/venv/bin/python -c '
2022-12-27T11:23:00.8426400Z   exec(compile('"'"''"'"''"'"'
2022-12-27T11:23:00.8427070Z   # This is <pip-setuptools-caller> -- a caller that pip uses to run setup.py
2022-12-27T11:23:00.8429040Z   #
2022-12-27T11:23:00.8433170Z   # - It imports setuptools before invoking setup.py, to enable projects that directly
2022-12-27T11:23:00.8435020Z   #   import from `distutils.core` to work with newer packaging standards.
2022-12-27T11:23:00.8436520Z   # - It provides a clear error message when setuptools is not installed.
2022-12-27T11:23:00.8438240Z   # - It sets `sys.argv[0]` to the underlying `setup.py`, when invoking `setup.py` so
2022-12-27T11:23:00.8439790Z   #   setuptools doesn'"'"'t think the script is `-c`. This avoids the following warning:
2022-12-27T11:23:00.8440410Z   #     manifest_maker: standard file '"'"'-c'"'"' not found".
2022-12-27T11:23:00.8441100Z   # - It generates a shim setup.py, for handling setup.cfg-only projects.
2022-12-27T11:23:00.8442390Z   import os, sys, tokenize
2022-12-27T11:23:00.8442700Z   
2022-12-27T11:23:00.8443000Z   try:
2022-12-27T11:23:00.8443330Z       import setuptools
2022-12-27T11:23:00.8443810Z   except ImportError as error:
2022-12-27T11:23:00.8444170Z       print(
2022-12-27T11:23:00.8444580Z           "ERROR: Can not execute `setup.py` since setuptools is not available in "
2022-12-27T11:23:00.8445000Z           "the build environment.",
2022-12-27T11:23:00.8445290Z           file=sys.stderr,
2022-12-27T11:23:00.8445720Z       )
2022-12-27T11:23:00.8446030Z       sys.exit(1)
2022-12-27T11:23:00.8446260Z   
2022-12-27T11:23:00.8446570Z   __file__ = %r
2022-12-27T11:23:00.8447000Z   sys.argv[0] = __file__
2022-12-27T11:23:00.8447260Z   
2022-12-27T11:23:00.8447590Z   if os.path.exists(__file__):
2022-12-27T11:23:00.8447960Z       filename = __file__
2022-12-27T11:23:00.8448250Z       with tokenize.open(__file__) as f:
2022-12-27T11:23:00.8448710Z           setup_py_code = f.read()
2022-12-27T11:23:00.8449050Z   else:
2022-12-27T11:23:00.8449470Z       filename = "<auto-generated setuptools caller>"
2022-12-27T11:23:00.8450030Z       setup_py_code = "from setuptools import setup; setup()"
2022-12-27T11:23:00.8450410Z   
2022-12-27T11:23:00.8450820Z   exec(compile(setup_py_code, filename, "exec"))
2022-12-27T11:23:00.8451690Z   '"'"''"'"''"'"' % ('"'"'/Users/runner/actions-runner/_work/python.build/python.build/build_lxml135310/lxml-1.3.5/setup.py'"'"',), "<pip-setuptools-caller>", "exec"))' egg_info --egg-base /private/var/folders/51/hd414ycd67n82196sw51xqtc0000gn/T/pip-pip-egg-info-bq5k3zig
2022-12-27T11:23:00.8452530Z   cwd: /Users/runner/actions-runner/_work/python.build/python.build/build_lxml135310/lxml-1.3.5/
2022-12-27T11:23:00.8453130Z   Preparing metadata (setup.py): finished with status 'error'
2022-12-27T11:23:00.8459380Z error: metadata-generation-failed
2022-12-27T11:23:00.8460260Z 
2022-12-27T11:23:00.8461640Z Ã— Encountered error while generating package metadata.
2022-12-27T11:23:00.8462440Z â•°â”€> See above for output.
2022-12-27T11:23:00.8462970Z 
2022-12-27T11:23:00.8463480Z note: This is an issue with the package mentioned above, not pip.
2022-12-27T11:23:00.8464290Z hint: See above for details.
2022-12-27T11:23:00.8502120Z Exception information:
2022-12-27T11:23:00.8502970Z Traceback (most recent call last):
2022-12-27T11:23:00.8504890Z   File "/private/var/folders/51/hd414ycd67n82196sw51xqtc0000gn/T/cibw-run-zdn9_773/cp310-macosx_arm64/build/venv/lib/python3.10/site-packages/pip/_internal/operations/build/metadata_legacy.py", line 64, in generate_metadata
2022-12-27T11:23:00.8505990Z     call_subprocess(
2022-12-27T11:23:00.8507800Z   File "/private/var/folders/51/hd414ycd67n82196sw51xqtc0000gn/T/cibw-run-zdn9_773/cp310-macosx_arm64/build/venv/lib/python3.10/site-packages/pip/_internal/utils/subprocess.py", line 224, in call_subprocess
2022-12-27T11:23:00.8705970Z     raise error
2022-12-27T11:23:00.8707050Z pip._internal.exceptions.InstallationSubprocessError: python setup.py egg_info exited with 1
2022-12-27T11:23:00.8708330Z 
2022-12-27T11:23:00.8708940Z The above exception was the direct cause of the following exception:
2022-12-27T11:23:00.8711210Z 
2022-12-27T11:23:00.8711600Z Traceback (most recent call last):
2022-12-27T11:23:00.8713630Z   File "/private/var/folders/51/hd414ycd67n82196sw51xqtc0000gn/T/cibw-run-zdn9_773/cp310-macosx_arm64/build/venv/lib/python3.10/site-packages/pip/_internal/cli/base_command.py", line 160, in exc_logging_wrapper
2022-12-27T11:23:00.8714650Z     status = run_func(*args)
2022-12-27T11:23:00.8716600Z   File "/private/var/folders/51/hd414ycd67n82196sw51xqtc0000gn/T/cibw-run-zdn9_773/cp310-macosx_arm64/build/venv/lib/python3.10/site-packages/pip/_internal/cli/req_command.py", line 247, in wrapper
2022-12-27T11:23:00.8717600Z     return func(self, options, args)
2022-12-27T11:23:00.8718930Z   File "/private/var/folders/51/hd414ycd67n82196sw51xqtc0000gn/T/cibw-run-zdn9_773/cp310-macosx_arm64/build/venv/lib/python3.10/site-packages/pip/_internal/commands/wheel.py", line 170, in run
2022-12-27T11:23:00.8720730Z     requirement_set = resolver.resolve(reqs, check_supported_wheels=True)
2022-12-27T11:23:00.8722470Z   File "/private/var/folders/51/hd414ycd67n82196sw51xqtc0000gn/T/cibw-run-zdn9_773/cp310-macosx_arm64/build/venv/lib/python3.10/site-packages/pip/_internal/resolution/resolvelib/resolver.py", line 73, in resolve
2022-12-27T11:23:00.8723580Z     collected = self.factory.collect_root_requirements(root_reqs)
2022-12-27T11:23:00.8725170Z   File "/private/var/folders/51/hd414ycd67n82196sw51xqtc0000gn/T/cibw-run-zdn9_773/cp310-macosx_arm64/build/venv/lib/python3.10/site-packages/pip/_internal/resolution/resolvelib/factory.py", line 491, in collect_root_requirements
2022-12-27T11:23:00.8726170Z     req = self._make_requirement_from_install_req(
2022-12-27T11:23:00.8727850Z   File "/private/var/folders/51/hd414ycd67n82196sw51xqtc0000gn/T/cibw-run-zdn9_773/cp310-macosx_arm64/build/venv/lib/python3.10/site-packages/pip/_internal/resolution/resolvelib/factory.py", line 453, in _make_requirement_from_install_req
2022-12-27T11:23:00.8728860Z     cand = self._make_candidate_from_link(
2022-12-27T11:23:00.8730560Z   File "/private/var/folders/51/hd414ycd67n82196sw51xqtc0000gn/T/cibw-run-zdn9_773/cp310-macosx_arm64/build/venv/lib/python3.10/site-packages/pip/_internal/resolution/resolvelib/factory.py", line 206, in _make_candidate_from_link
2022-12-27T11:23:00.8731670Z     self._link_candidate_cache[link] = LinkCandidate(
2022-12-27T11:23:00.8733190Z   File "/private/var/folders/51/hd414ycd67n82196sw51xqtc0000gn/T/cibw-run-zdn9_773/cp310-macosx_arm64/build/venv/lib/python3.10/site-packages/pip/_internal/resolution/resolvelib/candidates.py", line 297, in __init__
2022-12-27T11:23:00.8734260Z     super().__init__(
2022-12-27T11:23:00.8735700Z   File "/private/var/folders/51/hd414ycd67n82196sw51xqtc0000gn/T/cibw-run-zdn9_773/cp310-macosx_arm64/build/venv/lib/python3.10/site-packages/pip/_internal/resolution/resolvelib/candidates.py", line 162, in __init__
2022-12-27T11:23:00.8736720Z     self.dist = self._prepare()
2022-12-27T11:23:00.8738190Z   File "/private/var/folders/51/hd414ycd67n82196sw51xqtc0000gn/T/cibw-run-zdn9_773/cp310-macosx_arm64/build/venv/lib/python3.10/site-packages/pip/_internal/resolution/resolvelib/candidates.py", line 231, in _prepare
2022-12-27T11:23:00.8739900Z     dist = self._prepare_distribution()
2022-12-27T11:23:00.8741560Z   File "/private/var/folders/51/hd414ycd67n82196sw51xqtc0000gn/T/cibw-run-zdn9_773/cp310-macosx_arm64/build/venv/lib/python3.10/site-packages/pip/_internal/resolution/resolvelib/candidates.py", line 308, in _prepare_distribution
2022-12-27T11:23:00.8742640Z     return preparer.prepare_linked_requirement(self._ireq, parallel_builds=True)
2022-12-27T11:23:00.8744190Z   File "/private/var/folders/51/hd414ycd67n82196sw51xqtc0000gn/T/cibw-run-zdn9_773/cp310-macosx_arm64/build/venv/lib/python3.10/site-packages/pip/_internal/operations/prepare.py", line 491, in prepare_linked_requirement
2022-12-27T11:23:00.8745290Z     return self._prepare_linked_requirement(req, parallel_builds)
2022-12-27T11:23:00.8746900Z   File "/private/var/folders/51/hd414ycd67n82196sw51xqtc0000gn/T/cibw-run-zdn9_773/cp310-macosx_arm64/build/venv/lib/python3.10/site-packages/pip/_internal/operations/prepare.py", line 577, in _prepare_linked_requirement
2022-12-27T11:23:00.8747910Z     dist = _get_prepared_distribution(
2022-12-27T11:23:00.8749380Z   File "/private/var/folders/51/hd414ycd67n82196sw51xqtc0000gn/T/cibw-run-zdn9_773/cp310-macosx_arm64/build/venv/lib/python3.10/site-packages/pip/_internal/operations/prepare.py", line 69, in _get_prepared_distribution
2022-12-27T11:23:00.8750330Z     abstract_dist.prepare_distribution_metadata(
2022-12-27T11:23:00.8752050Z   File "/private/var/folders/51/hd414ycd67n82196sw51xqtc0000gn/T/cibw-run-zdn9_773/cp310-macosx_arm64/build/venv/lib/python3.10/site-packages/pip/_internal/distributions/sdist.py", line 61, in prepare_distribution_metadata
2022-12-27T11:23:00.8753090Z     self.req.prepare_metadata()
2022-12-27T11:23:00.8755050Z   File "/private/var/folders/51/hd414ycd67n82196sw51xqtc0000gn/T/cibw-run-zdn9_773/cp310-macosx_arm64/build/venv/lib/python3.10/site-packages/pip/_internal/req/req_install.py", line 541, in prepare_metadata
2022-12-27T11:23:00.8756190Z     self.metadata_directory = generate_metadata_legacy(
2022-12-27T11:23:00.8757680Z   File "/private/var/folders/51/hd414ycd67n82196sw51xqtc0000gn/T/cibw-run-zdn9_773/cp310-macosx_arm64/build/venv/lib/python3.10/site-packages/pip/_internal/operations/build/metadata_legacy.py", line 71, in generate_metadata
2022-12-27T11:23:00.8758890Z     raise MetadataGenerationFailed(package_details=details) from error
2022-12-27T11:23:00.8759790Z pip._internal.exceptions.MetadataGenerationFailed: metadata generation failed
2022-12-27T11:23:00.8761330Z Removed file:///Users/runner/actions-runner/_work/python.build/python.build/build_lxml135310/lxml-1.3.5 from build tracker '/private/var/folders/51/hd414ycd67n82196sw51xqtc0000gn/T/pip-build-tracker-otc8cb3o'
2022-12-27T11:23:00.8762670Z Removed build tracker: '/private/var/folders/51/hd414ycd67n82196sw51xqtc0000gn/T/pip-build-tracker-otc8cb3o'
2022-12-27T11:23:00.9431350Z ##[error]Command ['python', '-m', 'pip', 'wheel', '/Users/runner/actions-runner/_work/python.build/python.build/build_lxml135310/lxml-1.3.5', '--wheel-dir=/private/var/folders/51/hd414ycd67n82196sw51xqtc0000gn/T/cibw-run-zdn9_773/cp310-macosx_arm64/built_wheel', '--no-deps', '-vvv'] failed with code 1. None
2022-12-27T11:23:00.9441700Z ##[endgroup]
2022-12-27T11:23:00.9441950Z 
2022-12-27T11:23:00.9442440Z                                                               [31mâœ• [0m0.80s
2022-12-27T11:23:01.0179140Z ##[error]Process completed with exit code 1.
2022-12-27T11:23:01.0235620Z ##[group]Run rm -rf build_lxml135310 wheelsout
2022-12-27T11:23:01.0236050Z [36;1mrm -rf build_lxml135310 wheelsout[0m
2022-12-27T11:23:01.0261960Z shell: /bin/bash -e {0}
2022-12-27T11:23:01.0262170Z env:
2022-12-27T11:23:01.0262480Z   pythonLocation: /Users/runner/hostedtoolcache/Python/3.10.9/x64
2022-12-27T11:23:01.0262890Z   PKG_CONFIG_PATH: /Users/runner/hostedtoolcache/Python/3.10.9/x64/lib/pkgconfig
2022-12-27T11:23:01.0263250Z   Python_ROOT_DIR: /Users/runner/hostedtoolcache/Python/3.10.9/x64
2022-12-27T11:23:01.0263930Z   Python2_ROOT_DIR: /Users/runner/hostedtoolcache/Python/3.10.9/x64
2022-12-27T11:23:01.0264330Z   Python3_ROOT_DIR: /Users/runner/hostedtoolcache/Python/3.10.9/x64
2022-12-27T11:23:01.0264650Z ##[endgroup]
2022-12-27T11:23:01.0945860Z Cleaning up orphan processes
