2022-12-27T08:50:24.3452998Z Requested labels: self-hosted, macOS, X64
2022-12-27T08:50:24.3453103Z Job defined at: kilnbuild/python.build/.github/workflows/mac_arm_build.yml@refs/heads/main
2022-12-27T08:50:24.3453137Z Waiting for a runner to pick up this job...
2022-12-27T11:20:14.7006511Z Job is about to start running on the runner: k1 (organization)
2022-12-27T11:20:18.6239390Z Current runner version: '2.300.2'
2022-12-27T11:20:18.6243940Z Runner name: 'k1'
2022-12-27T11:20:18.6244170Z Runner group name: 'Default'
2022-12-27T11:20:18.6244590Z Machine name: 'k1'
2022-12-27T11:20:18.6246010Z ##[group]GITHUB_TOKEN Permissions
2022-12-27T11:20:18.6246400Z Actions: write
2022-12-27T11:20:18.6246540Z Checks: write
2022-12-27T11:20:18.6246670Z Contents: write
2022-12-27T11:20:18.6246790Z Deployments: write
2022-12-27T11:20:18.6246930Z Discussions: write
2022-12-27T11:20:18.6247050Z Issues: write
2022-12-27T11:20:18.6247170Z Metadata: read
2022-12-27T11:20:18.6247300Z Packages: write
2022-12-27T11:20:18.6247420Z Pages: write
2022-12-27T11:20:18.6247550Z PullRequests: write
2022-12-27T11:20:18.6247710Z RepositoryProjects: write
2022-12-27T11:20:18.6247850Z SecurityEvents: write
2022-12-27T11:20:18.6247990Z Statuses: write
2022-12-27T11:20:18.6248110Z ##[endgroup]
2022-12-27T11:20:18.6250590Z Secret source: Actions
2022-12-27T11:20:18.6250890Z Prepare workflow directory
2022-12-27T11:20:18.6867120Z Prepare all required actions
2022-12-27T11:20:18.6982230Z Getting action download info
2022-12-27T11:20:19.1916820Z Download action repository 'actions/setup-python@v4' (SHA:5ccb29d8773c3f3f653e1705f474dfaa8a06a912)
2022-12-27T11:20:21.2134110Z Download action repository 'actions/upload-artifact@v3' (SHA:83fd05a356d7e2593de66fc9913b3002723633cb)
2022-12-27T11:20:22.5133490Z ##[group]Run echo '{
2022-12-27T11:20:22.5133820Z [36;1mecho '{[0m
2022-12-27T11:20:22.5134000Z [36;1m  "package_name": "lxml",[0m
2022-12-27T11:20:22.5134290Z [36;1m  "package_url": "https://files.pythonhosted.org/packages/54/8a/8525f786489b98594c4c56ae8916ebf45d69290b08028dd7eb4bcfb73abb/lxml-1.1beta.tar.gz",[0m
2022-12-27T11:20:22.5134510Z [36;1m  "package_version": "1.1beta",[0m
2022-12-27T11:20:22.5134660Z [36;1m  "python_version": "3.10",[0m
2022-12-27T11:20:22.5134770Z [36;1m  "use_ccache": "true"[0m
2022-12-27T11:20:22.5134880Z [36;1m}'[0m
2022-12-27T11:20:22.5150250Z shell: /bin/bash -e {0}
2022-12-27T11:20:22.5150400Z ##[endgroup]
2022-12-27T11:20:22.5365850Z {
2022-12-27T11:20:22.5367520Z   "package_name": "lxml",
2022-12-27T11:20:22.5368140Z   "package_url": "https://files.pythonhosted.org/packages/54/8a/8525f786489b98594c4c56ae8916ebf45d69290b08028dd7eb4bcfb73abb/lxml-1.1beta.tar.gz",
2022-12-27T11:20:22.5368390Z   "package_version": "1.1beta",
2022-12-27T11:20:22.5368680Z   "python_version": "3.10",
2022-12-27T11:20:22.5368840Z   "use_ccache": "true"
2022-12-27T11:20:22.5369000Z }
2022-12-27T11:20:22.5577500Z ##[group]Run actions/setup-python@v4
2022-12-27T11:20:22.5577760Z with:
2022-12-27T11:20:22.5577940Z   python-version: 3.10
2022-12-27T11:20:22.5578130Z   check-latest: false
2022-12-27T11:20:22.5578400Z   token: ***
2022-12-27T11:20:22.5578580Z   update-environment: true
2022-12-27T11:20:22.5578800Z ##[endgroup]
2022-12-27T11:20:22.6827560Z ##[group]Installed versions
2022-12-27T11:20:22.6872500Z Successfully set up CPython (3.10.9)
2022-12-27T11:20:22.6873020Z ##[endgroup]
2022-12-27T11:20:22.7013320Z ##[group]Run if [ "true" == "true" ]
2022-12-27T11:20:22.7013660Z [36;1mif [ "true" == "true" ][0m
2022-12-27T11:20:22.7013850Z [36;1mthen[0m
2022-12-27T11:20:22.7014130Z [36;1m  echo "CCACHE_PATH_PREPEND=/usr/local/opt/ccache/libexec" >> $GITHUB_OUTPUT[0m
2022-12-27T11:20:22.7014310Z [36;1melse[0m
2022-12-27T11:20:22.7014580Z [36;1m  echo "CCACHE_PATH_PREPEND=" >> $GITHUB_OUTPUT[0m
2022-12-27T11:20:22.7014970Z [36;1mfi[0m
2022-12-27T11:20:22.7031620Z shell: /bin/bash -e {0}
2022-12-27T11:20:22.7031880Z env:
2022-12-27T11:20:22.7032120Z   pythonLocation: /Users/runner/hostedtoolcache/Python/3.10.9/x64
2022-12-27T11:20:22.7032400Z   PKG_CONFIG_PATH: /Users/runner/hostedtoolcache/Python/3.10.9/x64/lib/pkgconfig
2022-12-27T11:20:22.7032620Z   Python_ROOT_DIR: /Users/runner/hostedtoolcache/Python/3.10.9/x64
2022-12-27T11:20:22.7032880Z   Python2_ROOT_DIR: /Users/runner/hostedtoolcache/Python/3.10.9/x64
2022-12-27T11:20:22.7033230Z   Python3_ROOT_DIR: /Users/runner/hostedtoolcache/Python/3.10.9/x64
2022-12-27T11:20:22.7033700Z ##[endgroup]
2022-12-27T11:20:22.7146250Z ##[group]Run echo "BUILD_NAME=$(echo lxml_1.1beta_3.10 | tr -dc '[:alnum:]\n\r' | tr '[:upper:]' '[:lower:]')" >> $GITHUB_OUTPUT
2022-12-27T11:20:22.7146680Z [36;1mecho "BUILD_NAME=$(echo lxml_1.1beta_3.10 | tr -dc '[:alnum:]\n\r' | tr '[:upper:]' '[:lower:]')" >> $GITHUB_OUTPUT[0m
2022-12-27T11:20:22.7160750Z shell: /bin/bash -e {0}
2022-12-27T11:20:22.7160970Z env:
2022-12-27T11:20:22.7161180Z   pythonLocation: /Users/runner/hostedtoolcache/Python/3.10.9/x64
2022-12-27T11:20:22.7202950Z   PKG_CONFIG_PATH: /Users/runner/hostedtoolcache/Python/3.10.9/x64/lib/pkgconfig
2022-12-27T11:20:22.7203190Z   Python_ROOT_DIR: /Users/runner/hostedtoolcache/Python/3.10.9/x64
2022-12-27T11:20:22.7203410Z   Python2_ROOT_DIR: /Users/runner/hostedtoolcache/Python/3.10.9/x64
2022-12-27T11:20:22.7203610Z   Python3_ROOT_DIR: /Users/runner/hostedtoolcache/Python/3.10.9/x64
2022-12-27T11:20:22.7203740Z ##[endgroup]
2022-12-27T11:20:22.7316130Z ##[group]Run echo "PYTHON_NO_DOTS=$(echo 3.10 | tr -dc '[:alnum:]\n\r' | tr '[:upper:]' '[:lower:]')" >> $GITHUB_OUTPUT
2022-12-27T11:20:22.7316610Z [36;1mecho "PYTHON_NO_DOTS=$(echo 3.10 | tr -dc '[:alnum:]\n\r' | tr '[:upper:]' '[:lower:]')" >> $GITHUB_OUTPUT[0m
2022-12-27T11:20:22.7330200Z shell: /bin/bash -e {0}
2022-12-27T11:20:22.7330370Z env:
2022-12-27T11:20:22.7330700Z   pythonLocation: /Users/runner/hostedtoolcache/Python/3.10.9/x64
2022-12-27T11:20:22.7330980Z   PKG_CONFIG_PATH: /Users/runner/hostedtoolcache/Python/3.10.9/x64/lib/pkgconfig
2022-12-27T11:20:22.7331230Z   Python_ROOT_DIR: /Users/runner/hostedtoolcache/Python/3.10.9/x64
2022-12-27T11:20:22.7331480Z   Python2_ROOT_DIR: /Users/runner/hostedtoolcache/Python/3.10.9/x64
2022-12-27T11:20:22.7331740Z   Python3_ROOT_DIR: /Users/runner/hostedtoolcache/Python/3.10.9/x64
2022-12-27T11:20:22.7331990Z ##[endgroup]
2022-12-27T11:20:22.7442990Z ##[group]Run rm -rf build_lxml11beta310
2022-12-27T11:20:22.7443330Z [36;1mrm -rf build_lxml11beta310[0m
2022-12-27T11:20:22.7443510Z [36;1mmkdir build_lxml11beta310[0m
2022-12-27T11:20:22.7443730Z [36;1mcd build_lxml11beta310[0m
2022-12-27T11:20:22.7444040Z [36;1m/usr/local/bin/wget --quiet https://files.pythonhosted.org/packages/54/8a/8525f786489b98594c4c56ae8916ebf45d69290b08028dd7eb4bcfb73abb/lxml-1.1beta.tar.gz[0m
2022-12-27T11:20:22.7444300Z [36;1mtar xf *.tar.gz[0m
2022-12-27T11:20:22.7444440Z [36;1mcd *[0m
2022-12-27T11:20:22.7444630Z [36;1mpython -m pip install cibuildwheel==2.11.3[0m
2022-12-27T11:20:22.7444900Z [36;1mpython -m cibuildwheel --output-dir ../wheelsout[0m
2022-12-27T11:20:22.7458450Z shell: /bin/bash -e {0}
2022-12-27T11:20:22.7458640Z env:
2022-12-27T11:20:22.7458890Z   pythonLocation: /Users/runner/hostedtoolcache/Python/3.10.9/x64
2022-12-27T11:20:22.7459160Z   PKG_CONFIG_PATH: /Users/runner/hostedtoolcache/Python/3.10.9/x64/lib/pkgconfig
2022-12-27T11:20:22.7459400Z   Python_ROOT_DIR: /Users/runner/hostedtoolcache/Python/3.10.9/x64
2022-12-27T11:20:22.7459640Z   Python2_ROOT_DIR: /Users/runner/hostedtoolcache/Python/3.10.9/x64
2022-12-27T11:20:22.7459910Z   Python3_ROOT_DIR: /Users/runner/hostedtoolcache/Python/3.10.9/x64
2022-12-27T11:20:22.7460080Z   CIBW_ARCHS_MACOS: arm64
2022-12-27T11:20:22.7460260Z   CIBW_TEST_SKIP: *_arm64
2022-12-27T11:20:22.7460440Z   CIBW_BUILD: cp310-macosx_arm64
2022-12-27T11:20:22.7460590Z   CIBW_BUILD_FRONTEND: pip
2022-12-27T11:20:22.7460780Z   CIBW_BUILD_VERBOSITY: 3
2022-12-27T11:20:22.7461090Z   CIBW_ENVIRONMENT_MACOS:  CFLAGS="-I/usr/local/opt/openssl@3/include" LDFLAGS="-L/usr/local/opt/openssl@3/lib" CPPFLAGS="-I/usr/local/opt/openssl@3/include" MAKEFLAGS="-j$(sysctl -n hw.logicalcpu)" PATH=/usr/local/opt/ccache/libexec:$PATH
2022-12-27T11:20:22.7461460Z   CIBW_BEFORE_BUILD: pip install Cython; if [[ -f requirements.txt ]]; then pip install -r requirements.txt; fi
2022-12-27T11:20:22.7461670Z   MAKEFLAGS: -j$(sysctl -n hw.logicalcpu)
2022-12-27T11:20:22.7461840Z ##[endgroup]
2022-12-27T11:20:23.0908250Z Requirement already satisfied: cibuildwheel==2.11.3 in /Users/runner/hostedtoolcache/Python/3.10.9/x64/lib/python3.10/site-packages (2.11.3)
2022-12-27T11:20:23.1157640Z Requirement already satisfied: platformdirs in /Users/runner/hostedtoolcache/Python/3.10.9/x64/lib/python3.10/site-packages (from cibuildwheel==2.11.3) (2.6.0)
2022-12-27T11:20:23.1162370Z Requirement already satisfied: bashlex!=0.13 in /Users/runner/hostedtoolcache/Python/3.10.9/x64/lib/python3.10/site-packages (from cibuildwheel==2.11.3) (0.16)
2022-12-27T11:20:23.1171910Z Requirement already satisfied: typing-extensions>=4.1.0 in /Users/runner/hostedtoolcache/Python/3.10.9/x64/lib/python3.10/site-packages (from cibuildwheel==2.11.3) (4.4.0)
2022-12-27T11:20:23.1176580Z Requirement already satisfied: packaging>=20.9 in /Users/runner/hostedtoolcache/Python/3.10.9/x64/lib/python3.10/site-packages (from cibuildwheel==2.11.3) (22.0)
2022-12-27T11:20:23.1179790Z Requirement already satisfied: filelock in /Users/runner/hostedtoolcache/Python/3.10.9/x64/lib/python3.10/site-packages (from cibuildwheel==2.11.3) (3.8.2)
2022-12-27T11:20:23.1185310Z Requirement already satisfied: tomli in /Users/runner/hostedtoolcache/Python/3.10.9/x64/lib/python3.10/site-packages (from cibuildwheel==2.11.3) (2.0.1)
2022-12-27T11:20:23.1188490Z Requirement already satisfied: bracex in /Users/runner/hostedtoolcache/Python/3.10.9/x64/lib/python3.10/site-packages (from cibuildwheel==2.11.3) (2.3.post1)
2022-12-27T11:20:23.1191640Z Requirement already satisfied: certifi in /Users/runner/hostedtoolcache/Python/3.10.9/x64/lib/python3.10/site-packages (from cibuildwheel==2.11.3) (2022.12.7)
2022-12-27T11:20:23.2946740Z 
2022-12-27T11:20:23.2947140Z      _ _       _ _   _       _           _
2022-12-27T11:20:23.2947970Z  ___|_| |_ _ _|_| |_| |_ _ _| |_ ___ ___| |
2022-12-27T11:20:23.2949010Z |  _| | . | | | | | . | | | |   | -_| -_| |
2022-12-27T11:20:23.2950000Z |___|_|___|___|_|_|___|_____|_|_|___|___|_|
2022-12-27T11:20:23.2950230Z 
2022-12-27T11:20:23.2950420Z cibuildwheel version 2.11.3
2022-12-27T11:20:23.2950640Z 
2022-12-27T11:20:23.2950740Z Build options:
2022-12-27T11:20:23.2951010Z   platform: macos
2022-12-27T11:20:23.2985000Z   architectures: arm64[0m
2022-12-27T11:20:23.2985380Z   build_selector: 
2022-12-27T11:20:23.2985950Z     build_config: cp310-macosx_arm64
2022-12-27T11:20:23.2986650Z     skip_config: 
2022-12-27T11:20:23.2987080Z     requires_python: None
2022-12-27T11:20:23.2987550Z     prerelease_pythons: False[0m
2022-12-27T11:20:23.2988040Z   [38;5;244mcontainer_engine: docker[0m
2022-12-27T11:20:23.2988600Z   output_dir: /Users/runner/actions-runner/_work/python.build/python.build/build_lxml11beta310/wheelsout[0m
2022-12-27T11:20:23.2989170Z   package_dir: /Users/runner/actions-runner/_work/python.build/python.build/build_lxml11beta310/lxml-1.1beta[0m
2022-12-27T11:20:23.2989530Z   test_selector: 
2022-12-27T11:20:23.2989880Z     skip_config: *_arm64[0m
2022-12-27T11:20:23.2990280Z   [38;5;244mbefore_all: [0m
2022-12-27T11:20:23.2990780Z   before_build: pip install Cython; if [[ -f requirements.txt ]]; then pip install -r requirements.txt; fi[0m
2022-12-27T11:20:23.2991210Z   [38;5;244mbefore_test: [0m
2022-12-27T11:20:23.2991550Z   [38;5;244mbuild_frontend: pip[0m
2022-12-27T11:20:23.2991840Z   build_verbosity: 3[0m
2022-12-27T11:20:23.2992240Z   [38;5;244mconfig_settings: [0m
2022-12-27T11:20:23.2992610Z   [38;5;244mdependency_constraints: pinned[0m
2022-12-27T11:20:23.2992850Z   environment: 
2022-12-27T11:20:23.2993210Z     CFLAGS="-I/usr/local/opt/openssl@3/include"
2022-12-27T11:20:23.2993650Z     LDFLAGS="-L/usr/local/opt/openssl@3/lib"
2022-12-27T11:20:23.2994010Z     CPPFLAGS="-I/usr/local/opt/openssl@3/include"
2022-12-27T11:20:23.2994400Z     MAKEFLAGS="-j$(sysctl -n hw.logicalcpu)"
2022-12-27T11:20:23.2994800Z     PATH=/usr/local/opt/ccache/libexec:$PATH[0m
2022-12-27T11:20:23.2995170Z   [38;5;244mmanylinux_images: None[0m
2022-12-27T11:20:23.2995520Z   [38;5;244mmusllinux_images: None[0m
2022-12-27T11:20:23.2996000Z   [38;5;244mrepair_command: delocate-wheel --require-archs {delocate_archs} -w {dest_dir} -v {wheel}[0m
2022-12-27T11:20:23.2996710Z   [38;5;244mtest_command: [0m
2022-12-27T11:20:23.2996960Z   [38;5;244mtest_extras: [0m
2022-12-27T11:20:23.2997220Z   [38;5;244mtest_requires: [0m
2022-12-27T11:20:23.2997390Z 
2022-12-27T11:20:23.2997500Z Cache folder: /Users/runner/Library/Caches/cibuildwheel
2022-12-27T11:20:23.3003970Z 
2022-12-27T11:20:23.3004300Z Here we go!
2022-12-27T11:20:23.3004470Z 
2022-12-27T11:20:23.3132090Z 
2022-12-27T11:20:23.3132600Z [1m[34mBuilding cp310-macosx_arm64 wheel[0m
2022-12-27T11:20:23.3133020Z CPython 3.10 macOS arm64 - Apple Silicon
2022-12-27T11:20:23.3133220Z 
2022-12-27T11:20:23.3135600Z ##[group]Installing Python cp310...
2022-12-27T11:20:23.3135810Z 
2022-12-27T11:20:23.3136010Z + pkgutil --pkgs
2022-12-27T11:20:23.3232600Z ##[endgroup]
2022-12-27T11:20:23.3233370Z                                                               [32mâœ“ [0m0.01s
2022-12-27T11:20:23.3233850Z ##[group]Setting up build environment...
2022-12-27T11:20:23.3234040Z 
2022-12-27T11:20:23.3253820Z + /Users/runner/hostedtoolcache/Python/3.10.9/x64/bin/python -sS /Users/runner/Library/Caches/cibuildwheel/virtualenv-20.17.0.pyz --activators= --no-periodic-update --pip=22.3.1 --setuptools=65.6.3 --wheel=0.38.4 --symlink-app-data --python /Library/Frameworks/Python.framework/Versions/3.10/bin/python3 /private/var/folders/51/hd414ycd67n82196sw51xqtc0000gn/T/cibw-run-vluzswtw/cp310-macosx_arm64/build/venv
2022-12-27T11:20:23.5179460Z created virtual environment CPython3.10.8.final.0-64 in 53ms
2022-12-27T11:20:23.5179960Z   creator CPython3Posix(dest=/private/var/folders/51/hd414ycd67n82196sw51xqtc0000gn/T/cibw-run-vluzswtw/cp310-macosx_arm64/build/venv, clear=False, no_vcs_ignore=False, global=False)
2022-12-27T11:20:23.5180660Z   seeder FromAppData(download=False, pip=22.3.1, setuptools=65.6.3, wheel=0.38.4, via=symlink, app_data_dir=/Users/runner/Library/Application Support/virtualenv)
2022-12-27T11:20:23.5181020Z     added seed packages: pip==22.3.1, setuptools==65.6.3, wheel==0.38.4
2022-12-27T11:20:23.5295500Z + python -m pip install --upgrade pip -c /Users/runner/hostedtoolcache/Python/3.10.9/x64/lib/python3.10/site-packages/cibuildwheel/resources/constraints-python310.txt
2022-12-27T11:20:23.7929800Z Requirement already satisfied: pip in ./lib/python3.10/site-packages (22.3.1)
2022-12-27T11:20:23.9184860Z + which pip
2022-12-27T11:20:23.9201360Z /private/var/folders/51/hd414ycd67n82196sw51xqtc0000gn/T/cibw-run-vluzswtw/cp310-macosx_arm64/build/venv/bin/pip
2022-12-27T11:20:23.9203440Z + pip --version
2022-12-27T11:20:24.1096320Z pip 22.3.1 from /private/var/folders/51/hd414ycd67n82196sw51xqtc0000gn/T/cibw-run-vluzswtw/cp310-macosx_arm64/build/venv/lib/python3.10/site-packages/pip (python 3.10)
2022-12-27T11:20:24.1302760Z + which pip
2022-12-27T11:20:24.1330440Z + which python
2022-12-27T11:20:24.1347990Z /private/var/folders/51/hd414ycd67n82196sw51xqtc0000gn/T/cibw-run-vluzswtw/cp310-macosx_arm64/build/venv/bin/python
2022-12-27T11:20:24.1350450Z + python --version
2022-12-27T11:20:24.1398470Z Python 3.10.8
2022-12-27T11:20:24.1401670Z + which python
2022-12-27T11:20:24.1452240Z ##[endgroup]
2022-12-27T11:20:24.1452680Z                                                               [32mâœ“ [0m0.82s
2022-12-27T11:20:24.1453210Z ##[group]Installing build tools...
2022-12-27T11:20:24.1453360Z 
2022-12-27T11:20:24.1453890Z + pip install --upgrade setuptools wheel delocate -c /Users/runner/hostedtoolcache/Python/3.10.9/x64/lib/python3.10/site-packages/cibuildwheel/resources/constraints-python310.txt
2022-12-27T11:20:24.4112110Z Requirement already satisfied: setuptools in /private/var/folders/51/hd414ycd67n82196sw51xqtc0000gn/T/cibw-run-vluzswtw/cp310-macosx_arm64/build/venv/lib/python3.10/site-packages (65.6.3)
2022-12-27T11:20:24.5936500Z Requirement already satisfied: wheel in /private/var/folders/51/hd414ycd67n82196sw51xqtc0000gn/T/cibw-run-vluzswtw/cp310-macosx_arm64/build/venv/lib/python3.10/site-packages (0.38.4)
2022-12-27T11:20:24.6391270Z Collecting delocate
2022-12-27T11:20:24.6412130Z   Using cached delocate-0.10.3-py3-none-any.whl (142 kB)
2022-12-27T11:20:24.6667550Z Collecting packaging>=20.9
2022-12-27T11:20:24.6684300Z   Using cached packaging-21.3-py3-none-any.whl (40 kB)
2022-12-27T11:20:24.6828220Z Collecting typing-extensions
2022-12-27T11:20:24.6844180Z   Using cached typing_extensions-4.4.0-py3-none-any.whl (26 kB)
2022-12-27T11:20:24.7162490Z Collecting pyparsing!=3.0.5,>=2.0.2
2022-12-27T11:20:24.7177950Z   Using cached pyparsing-3.0.9-py3-none-any.whl (98 kB)
2022-12-27T11:20:24.7486150Z Installing collected packages: typing-extensions, pyparsing, packaging, delocate
2022-12-27T11:20:24.8708870Z Successfully installed delocate-0.10.3 packaging-21.3 pyparsing-3.0.9 typing-extensions-4.4.0
2022-12-27T11:20:24.9150960Z ##[endgroup]
2022-12-27T11:20:24.9151590Z                                                               [32mâœ“ [0m0.77s
2022-12-27T11:20:24.9151920Z ##[group]Running before_build...
2022-12-27T11:20:24.9152040Z 
2022-12-27T11:20:24.9156820Z + pip install Cython; if [[ -f requirements.txt ]]; then pip install -r requirements.txt; fi
2022-12-27T11:20:25.4852590Z Collecting Cython
2022-12-27T11:20:25.4895630Z   Using cached Cython-0.29.32-py2.py3-none-any.whl (986 kB)
2022-12-27T11:20:25.5323800Z Installing collected packages: Cython
2022-12-27T11:20:25.9126150Z Successfully installed Cython-0.29.32
2022-12-27T11:20:25.9541710Z ##[endgroup]
2022-12-27T11:20:25.9542390Z                                                               [32mâœ“ [0m1.04s
2022-12-27T11:20:25.9542970Z ##[group]Building wheel...
2022-12-27T11:20:25.9543060Z 
2022-12-27T11:20:25.9547740Z + python -m pip wheel /Users/runner/actions-runner/_work/python.build/python.build/build_lxml11beta310/lxml-1.1beta --wheel-dir=/private/var/folders/51/hd414ycd67n82196sw51xqtc0000gn/T/cibw-run-vluzswtw/cp310-macosx_arm64/built_wheel --no-deps -vvv
2022-12-27T11:20:26.1996570Z Created temporary directory: /private/var/folders/51/hd414ycd67n82196sw51xqtc0000gn/T/pip-ephem-wheel-cache-u8udhjgk
2022-12-27T11:20:26.2000980Z Created temporary directory: /private/var/folders/51/hd414ycd67n82196sw51xqtc0000gn/T/pip-build-tracker-u5k7pkh1
2022-12-27T11:20:26.2002390Z Initialized build tracking at /private/var/folders/51/hd414ycd67n82196sw51xqtc0000gn/T/pip-build-tracker-u5k7pkh1
2022-12-27T11:20:26.2003780Z Created build tracker: /private/var/folders/51/hd414ycd67n82196sw51xqtc0000gn/T/pip-build-tracker-u5k7pkh1
2022-12-27T11:20:26.2005110Z Entered build tracker: /private/var/folders/51/hd414ycd67n82196sw51xqtc0000gn/T/pip-build-tracker-u5k7pkh1
2022-12-27T11:20:26.2008970Z Created temporary directory: /private/var/folders/51/hd414ycd67n82196sw51xqtc0000gn/T/pip-wheel-6dxu06o7
2022-12-27T11:20:26.2014210Z Created temporary directory: /private/var/folders/51/hd414ycd67n82196sw51xqtc0000gn/T/pip-ephem-wheel-cache-t1e4gqbp
2022-12-27T11:20:26.2160300Z Processing /Users/runner/actions-runner/_work/python.build/python.build/build_lxml11beta310/lxml-1.1beta
2022-12-27T11:20:26.2165260Z   Added file:///Users/runner/actions-runner/_work/python.build/python.build/build_lxml11beta310/lxml-1.1beta to build tracker '/private/var/folders/51/hd414ycd67n82196sw51xqtc0000gn/T/pip-build-tracker-u5k7pkh1'
2022-12-27T11:20:26.2168360Z   Running setup.py (path:/Users/runner/actions-runner/_work/python.build/python.build/build_lxml11beta310/lxml-1.1beta/setup.py) egg_info for package from file:///Users/runner/actions-runner/_work/python.build/python.build/build_lxml11beta310/lxml-1.1beta
2022-12-27T11:20:26.2171510Z   Created temporary directory: /private/var/folders/51/hd414ycd67n82196sw51xqtc0000gn/T/pip-pip-egg-info-y4qaqvdu
2022-12-27T11:20:26.2173130Z   Preparing metadata (setup.py): started
2022-12-27T11:20:26.2175110Z   Running command python setup.py egg_info
2022-12-27T11:20:26.3542970Z   Traceback (most recent call last):
2022-12-27T11:20:26.3551290Z     File "<string>", line 2, in <module>
2022-12-27T11:20:26.3551890Z     File "<pip-setuptools-caller>", line 34, in <module>
2022-12-27T11:20:26.3552540Z     File "/Users/runner/actions-runner/_work/python.build/python.build/build_lxml11beta310/lxml-1.1beta/setup.py", line 30
2022-12-27T11:20:26.3553420Z       raise NotImplementedError, \
2022-12-27T11:20:26.3553620Z                                ^
2022-12-27T11:20:26.3553830Z   SyntaxError: invalid syntax
2022-12-27T11:20:26.3737890Z   error: subprocess-exited-with-error
2022-12-27T11:20:26.3738470Z   
2022-12-27T11:20:26.3738930Z   Ã— python setup.py egg_info did not run successfully.
2022-12-27T11:20:26.3739230Z   â”‚ exit code: 1
2022-12-27T11:20:26.3739460Z   â•°â”€> See above for output.
2022-12-27T11:20:26.3739680Z   
2022-12-27T11:20:26.3740010Z   note: This error originates from a subprocess, and is likely not a problem with pip.
2022-12-27T11:20:26.3746540Z   full command: /private/var/folders/51/hd414ycd67n82196sw51xqtc0000gn/T/cibw-run-vluzswtw/cp310-macosx_arm64/build/venv/bin/python -c '
2022-12-27T11:20:26.3747120Z   exec(compile('"'"''"'"''"'"'
2022-12-27T11:20:26.3748040Z   # This is <pip-setuptools-caller> -- a caller that pip uses to run setup.py
2022-12-27T11:20:26.3748550Z   #
2022-12-27T11:20:26.3748970Z   # - It imports setuptools before invoking setup.py, to enable projects that directly
2022-12-27T11:20:26.3749390Z   #   import from `distutils.core` to work with newer packaging standards.
2022-12-27T11:20:26.3749980Z   # - It provides a clear error message when setuptools is not installed.
2022-12-27T11:20:26.3750840Z   # - It sets `sys.argv[0]` to the underlying `setup.py`, when invoking `setup.py` so
2022-12-27T11:20:26.3752020Z   #   setuptools doesn'"'"'t think the script is `-c`. This avoids the following warning:
2022-12-27T11:20:26.3752490Z   #     manifest_maker: standard file '"'"'-c'"'"' not found".
2022-12-27T11:20:26.3753060Z   # - It generates a shim setup.py, for handling setup.cfg-only projects.
2022-12-27T11:20:26.3753710Z   import os, sys, tokenize
2022-12-27T11:20:26.3753960Z   
2022-12-27T11:20:26.3754190Z   try:
2022-12-27T11:20:26.3754550Z       import setuptools
2022-12-27T11:20:26.3754800Z   except ImportError as error:
2022-12-27T11:20:26.3755100Z       print(
2022-12-27T11:20:26.3755440Z           "ERROR: Can not execute `setup.py` since setuptools is not available in "
2022-12-27T11:20:26.3755840Z           "the build environment.",
2022-12-27T11:20:26.3756130Z           file=sys.stderr,
2022-12-27T11:20:26.3756390Z       )
2022-12-27T11:20:26.3756570Z       sys.exit(1)
2022-12-27T11:20:26.3756990Z   
2022-12-27T11:20:26.3757220Z   __file__ = %r
2022-12-27T11:20:26.3757440Z   sys.argv[0] = __file__
2022-12-27T11:20:26.3757790Z   
2022-12-27T11:20:26.3758040Z   if os.path.exists(__file__):
2022-12-27T11:20:26.3758260Z       filename = __file__
2022-12-27T11:20:26.3758550Z       with tokenize.open(__file__) as f:
2022-12-27T11:20:26.3758900Z           setup_py_code = f.read()
2022-12-27T11:20:26.3759100Z   else:
2022-12-27T11:20:26.3759490Z       filename = "<auto-generated setuptools caller>"
2022-12-27T11:20:26.3759830Z       setup_py_code = "from setuptools import setup; setup()"
2022-12-27T11:20:26.3760160Z   
2022-12-27T11:20:26.3760370Z   exec(compile(setup_py_code, filename, "exec"))
2022-12-27T11:20:26.3761160Z   '"'"''"'"''"'"' % ('"'"'/Users/runner/actions-runner/_work/python.build/python.build/build_lxml11beta310/lxml-1.1beta/setup.py'"'"',), "<pip-setuptools-caller>", "exec"))' egg_info --egg-base /private/var/folders/51/hd414ycd67n82196sw51xqtc0000gn/T/pip-pip-egg-info-y4qaqvdu
2022-12-27T11:20:26.3761980Z   cwd: /Users/runner/actions-runner/_work/python.build/python.build/build_lxml11beta310/lxml-1.1beta/
2022-12-27T11:20:26.3762320Z   Preparing metadata (setup.py): finished with status 'error'
2022-12-27T11:20:26.3763230Z error: metadata-generation-failed
2022-12-27T11:20:26.3763370Z 
2022-12-27T11:20:26.3763550Z Ã— Encountered error while generating package metadata.
2022-12-27T11:20:26.3763930Z â•°â”€> See above for output.
2022-12-27T11:20:26.3764050Z 
2022-12-27T11:20:26.3764130Z note: This is an issue with the package mentioned above, not pip.
2022-12-27T11:20:26.3764590Z hint: See above for details.
2022-12-27T11:20:26.3785940Z Exception information:
2022-12-27T11:20:26.3786280Z Traceback (most recent call last):
2022-12-27T11:20:26.3787020Z   File "/private/var/folders/51/hd414ycd67n82196sw51xqtc0000gn/T/cibw-run-vluzswtw/cp310-macosx_arm64/build/venv/lib/python3.10/site-packages/pip/_internal/operations/build/metadata_legacy.py", line 64, in generate_metadata
2022-12-27T11:20:26.3787620Z     call_subprocess(
2022-12-27T11:20:26.3788570Z   File "/private/var/folders/51/hd414ycd67n82196sw51xqtc0000gn/T/cibw-run-vluzswtw/cp310-macosx_arm64/build/venv/lib/python3.10/site-packages/pip/_internal/utils/subprocess.py", line 224, in call_subprocess
2022-12-27T11:20:26.3789370Z     raise error
2022-12-27T11:20:26.3789830Z pip._internal.exceptions.InstallationSubprocessError: python setup.py egg_info exited with 1
2022-12-27T11:20:26.3790150Z 
2022-12-27T11:20:26.3790350Z The above exception was the direct cause of the following exception:
2022-12-27T11:20:26.3790930Z 
2022-12-27T11:20:26.3791170Z Traceback (most recent call last):
2022-12-27T11:20:26.3792310Z   File "/private/var/folders/51/hd414ycd67n82196sw51xqtc0000gn/T/cibw-run-vluzswtw/cp310-macosx_arm64/build/venv/lib/python3.10/site-packages/pip/_internal/cli/base_command.py", line 160, in exc_logging_wrapper
2022-12-27T11:20:26.3792800Z     status = run_func(*args)
2022-12-27T11:20:26.3793580Z   File "/private/var/folders/51/hd414ycd67n82196sw51xqtc0000gn/T/cibw-run-vluzswtw/cp310-macosx_arm64/build/venv/lib/python3.10/site-packages/pip/_internal/cli/req_command.py", line 247, in wrapper
2022-12-27T11:20:26.3794110Z     return func(self, options, args)
2022-12-27T11:20:26.3795180Z   File "/private/var/folders/51/hd414ycd67n82196sw51xqtc0000gn/T/cibw-run-vluzswtw/cp310-macosx_arm64/build/venv/lib/python3.10/site-packages/pip/_internal/commands/wheel.py", line 170, in run
2022-12-27T11:20:26.3796310Z     requirement_set = resolver.resolve(reqs, check_supported_wheels=True)
2022-12-27T11:20:26.3797190Z   File "/private/var/folders/51/hd414ycd67n82196sw51xqtc0000gn/T/cibw-run-vluzswtw/cp310-macosx_arm64/build/venv/lib/python3.10/site-packages/pip/_internal/resolution/resolvelib/resolver.py", line 73, in resolve
2022-12-27T11:20:26.3797690Z     collected = self.factory.collect_root_requirements(root_reqs)
2022-12-27T11:20:26.3798410Z   File "/private/var/folders/51/hd414ycd67n82196sw51xqtc0000gn/T/cibw-run-vluzswtw/cp310-macosx_arm64/build/venv/lib/python3.10/site-packages/pip/_internal/resolution/resolvelib/factory.py", line 491, in collect_root_requirements
2022-12-27T11:20:26.3799140Z     req = self._make_requirement_from_install_req(
2022-12-27T11:20:26.3799910Z   File "/private/var/folders/51/hd414ycd67n82196sw51xqtc0000gn/T/cibw-run-vluzswtw/cp310-macosx_arm64/build/venv/lib/python3.10/site-packages/pip/_internal/resolution/resolvelib/factory.py", line 453, in _make_requirement_from_install_req
2022-12-27T11:20:26.3800390Z     cand = self._make_candidate_from_link(
2022-12-27T11:20:26.3801090Z   File "/private/var/folders/51/hd414ycd67n82196sw51xqtc0000gn/T/cibw-run-vluzswtw/cp310-macosx_arm64/build/venv/lib/python3.10/site-packages/pip/_internal/resolution/resolvelib/factory.py", line 206, in _make_candidate_from_link
2022-12-27T11:20:26.3801850Z     self._link_candidate_cache[link] = LinkCandidate(
2022-12-27T11:20:26.3802540Z   File "/private/var/folders/51/hd414ycd67n82196sw51xqtc0000gn/T/cibw-run-vluzswtw/cp310-macosx_arm64/build/venv/lib/python3.10/site-packages/pip/_internal/resolution/resolvelib/candidates.py", line 297, in __init__
2022-12-27T11:20:26.3802960Z     super().__init__(
2022-12-27T11:20:26.3803570Z   File "/private/var/folders/51/hd414ycd67n82196sw51xqtc0000gn/T/cibw-run-vluzswtw/cp310-macosx_arm64/build/venv/lib/python3.10/site-packages/pip/_internal/resolution/resolvelib/candidates.py", line 162, in __init__
2022-12-27T11:20:26.3804010Z     self.dist = self._prepare()
2022-12-27T11:20:26.3804750Z   File "/private/var/folders/51/hd414ycd67n82196sw51xqtc0000gn/T/cibw-run-vluzswtw/cp310-macosx_arm64/build/venv/lib/python3.10/site-packages/pip/_internal/resolution/resolvelib/candidates.py", line 231, in _prepare
2022-12-27T11:20:26.3805460Z     dist = self._prepare_distribution()
2022-12-27T11:20:26.3806210Z   File "/private/var/folders/51/hd414ycd67n82196sw51xqtc0000gn/T/cibw-run-vluzswtw/cp310-macosx_arm64/build/venv/lib/python3.10/site-packages/pip/_internal/resolution/resolvelib/candidates.py", line 308, in _prepare_distribution
2022-12-27T11:20:26.3806730Z     return preparer.prepare_linked_requirement(self._ireq, parallel_builds=True)
2022-12-27T11:20:26.3807510Z   File "/private/var/folders/51/hd414ycd67n82196sw51xqtc0000gn/T/cibw-run-vluzswtw/cp310-macosx_arm64/build/venv/lib/python3.10/site-packages/pip/_internal/operations/prepare.py", line 491, in prepare_linked_requirement
2022-12-27T11:20:26.3808110Z     return self._prepare_linked_requirement(req, parallel_builds)
2022-12-27T11:20:26.3808710Z   File "/private/var/folders/51/hd414ycd67n82196sw51xqtc0000gn/T/cibw-run-vluzswtw/cp310-macosx_arm64/build/venv/lib/python3.10/site-packages/pip/_internal/operations/prepare.py", line 577, in _prepare_linked_requirement
2022-12-27T11:20:26.3809030Z     dist = _get_prepared_distribution(
2022-12-27T11:20:26.3809560Z   File "/private/var/folders/51/hd414ycd67n82196sw51xqtc0000gn/T/cibw-run-vluzswtw/cp310-macosx_arm64/build/venv/lib/python3.10/site-packages/pip/_internal/operations/prepare.py", line 69, in _get_prepared_distribution
2022-12-27T11:20:26.3809840Z     abstract_dist.prepare_distribution_metadata(
2022-12-27T11:20:26.3810300Z   File "/private/var/folders/51/hd414ycd67n82196sw51xqtc0000gn/T/cibw-run-vluzswtw/cp310-macosx_arm64/build/venv/lib/python3.10/site-packages/pip/_internal/distributions/sdist.py", line 61, in prepare_distribution_metadata
2022-12-27T11:20:26.3810600Z     self.req.prepare_metadata()
2022-12-27T11:20:26.3811240Z   File "/private/var/folders/51/hd414ycd67n82196sw51xqtc0000gn/T/cibw-run-vluzswtw/cp310-macosx_arm64/build/venv/lib/python3.10/site-packages/pip/_internal/req/req_install.py", line 541, in prepare_metadata
2022-12-27T11:20:26.3811680Z     self.metadata_directory = generate_metadata_legacy(
2022-12-27T11:20:26.3812160Z   File "/private/var/folders/51/hd414ycd67n82196sw51xqtc0000gn/T/cibw-run-vluzswtw/cp310-macosx_arm64/build/venv/lib/python3.10/site-packages/pip/_internal/operations/build/metadata_legacy.py", line 71, in generate_metadata
2022-12-27T11:20:26.3812470Z     raise MetadataGenerationFailed(package_details=details) from error
2022-12-27T11:20:26.3812740Z pip._internal.exceptions.MetadataGenerationFailed: metadata generation failed
2022-12-27T11:20:26.3813300Z Removed file:///Users/runner/actions-runner/_work/python.build/python.build/build_lxml11beta310/lxml-1.1beta from build tracker '/private/var/folders/51/hd414ycd67n82196sw51xqtc0000gn/T/pip-build-tracker-u5k7pkh1'
2022-12-27T11:20:26.3813730Z Removed build tracker: '/private/var/folders/51/hd414ycd67n82196sw51xqtc0000gn/T/pip-build-tracker-u5k7pkh1'
2022-12-27T11:20:26.4174740Z ##[endgroup]
2022-12-27T11:20:26.4197170Z ##[error]Command ['python', '-m', 'pip', 'wheel', '/Users/runner/actions-runner/_work/python.build/python.build/build_lxml11beta310/lxml-1.1beta', '--wheel-dir=/private/var/folders/51/hd414ycd67n82196sw51xqtc0000gn/T/cibw-run-vluzswtw/cp310-macosx_arm64/built_wheel', '--no-deps', '-vvv'] failed with code 1. None
2022-12-27T11:20:26.4203010Z 
2022-12-27T11:20:26.4203340Z                                                               [31mâœ• [0m0.46s
2022-12-27T11:20:26.4629070Z ##[error]Process completed with exit code 1.
2022-12-27T11:20:26.4719640Z ##[group]Run rm -rf build_lxml11beta310 wheelsout
2022-12-27T11:20:26.4719850Z [36;1mrm -rf build_lxml11beta310 wheelsout[0m
2022-12-27T11:20:26.4734120Z shell: /bin/bash -e {0}
2022-12-27T11:20:26.4734300Z env:
2022-12-27T11:20:26.4734490Z   pythonLocation: /Users/runner/hostedtoolcache/Python/3.10.9/x64
2022-12-27T11:20:26.4734710Z   PKG_CONFIG_PATH: /Users/runner/hostedtoolcache/Python/3.10.9/x64/lib/pkgconfig
2022-12-27T11:20:26.4734920Z   Python_ROOT_DIR: /Users/runner/hostedtoolcache/Python/3.10.9/x64
2022-12-27T11:20:26.4735310Z   Python2_ROOT_DIR: /Users/runner/hostedtoolcache/Python/3.10.9/x64
2022-12-27T11:20:26.4735500Z   Python3_ROOT_DIR: /Users/runner/hostedtoolcache/Python/3.10.9/x64
2022-12-27T11:20:26.4735690Z ##[endgroup]
2022-12-27T11:20:26.4989710Z Cleaning up orphan processes
