2022-12-27T08:48:18.1263545Z Requested labels: self-hosted, macOS, X64
2022-12-27T08:48:18.1263664Z Job defined at: kilnbuild/python.build/.github/workflows/mac_arm_build.yml@refs/heads/main
2022-12-27T08:48:18.1263706Z Waiting for a runner to pick up this job...
2022-12-27T11:12:42.9638052Z Job is about to start running on the runner: k2 (organization)
2022-12-27T11:12:46.4543780Z Current runner version: '2.300.2'
2022-12-27T11:12:46.4548550Z Runner name: 'k2'
2022-12-27T11:12:46.4548780Z Runner group name: 'Default'
2022-12-27T11:12:46.4549200Z Machine name: 'k2'
2022-12-27T11:12:46.4550640Z ##[group]GITHUB_TOKEN Permissions
2022-12-27T11:12:46.4551040Z Actions: write
2022-12-27T11:12:46.4551170Z Checks: write
2022-12-27T11:12:46.4551300Z Contents: write
2022-12-27T11:12:46.4551430Z Deployments: write
2022-12-27T11:12:46.4551570Z Discussions: write
2022-12-27T11:12:46.4551700Z Issues: write
2022-12-27T11:12:46.4551820Z Metadata: read
2022-12-27T11:12:46.4551950Z Packages: write
2022-12-27T11:12:46.4552090Z Pages: write
2022-12-27T11:12:46.4552220Z PullRequests: write
2022-12-27T11:12:46.4552380Z RepositoryProjects: write
2022-12-27T11:12:46.4552540Z SecurityEvents: write
2022-12-27T11:12:46.4552680Z Statuses: write
2022-12-27T11:12:46.4552800Z ##[endgroup]
2022-12-27T11:12:46.4555400Z Secret source: Actions
2022-12-27T11:12:46.4555710Z Prepare workflow directory
2022-12-27T11:12:46.5196650Z Prepare all required actions
2022-12-27T11:12:46.5314760Z Getting action download info
2022-12-27T11:12:46.9647850Z Download action repository 'actions/setup-python@v4' (SHA:5ccb29d8773c3f3f653e1705f474dfaa8a06a912)
2022-12-27T11:12:48.7287800Z Download action repository 'actions/upload-artifact@v3' (SHA:83fd05a356d7e2593de66fc9913b3002723633cb)
2022-12-27T11:12:50.0395660Z ##[group]Run echo '{
2022-12-27T11:12:50.0395940Z [36;1mecho '{[0m
2022-12-27T11:12:50.0396060Z [36;1m  "package_name": "lxml",[0m
2022-12-27T11:12:50.0396320Z [36;1m  "package_url": "https://files.pythonhosted.org/packages/f1/76/ee318e39e4d5f84de07f53293102b40d76f38a547ffd5521acd987d7f581/lxml-2.3.5.tar.gz",[0m
2022-12-27T11:12:50.0396530Z [36;1m  "package_version": "2.3.5",[0m
2022-12-27T11:12:50.0396660Z [36;1m  "python_version": "3.11",[0m
2022-12-27T11:12:50.0396830Z [36;1m  "use_ccache": "true"[0m
2022-12-27T11:12:50.0396980Z [36;1m}'[0m
2022-12-27T11:12:50.0412240Z shell: /bin/bash -e {0}
2022-12-27T11:12:50.0412480Z ##[endgroup]
2022-12-27T11:12:50.0623510Z {
2022-12-27T11:12:50.0624790Z   "package_name": "lxml",
2022-12-27T11:12:50.0625540Z   "package_url": "https://files.pythonhosted.org/packages/f1/76/ee318e39e4d5f84de07f53293102b40d76f38a547ffd5521acd987d7f581/lxml-2.3.5.tar.gz",
2022-12-27T11:12:50.0625830Z   "package_version": "2.3.5",
2022-12-27T11:12:50.0626090Z   "python_version": "3.11",
2022-12-27T11:12:50.0626250Z   "use_ccache": "true"
2022-12-27T11:12:50.0626420Z }
2022-12-27T11:12:50.0836390Z ##[group]Run actions/setup-python@v4
2022-12-27T11:12:50.0836640Z with:
2022-12-27T11:12:50.0836870Z   python-version: 3.11
2022-12-27T11:12:50.0837040Z   check-latest: false
2022-12-27T11:12:50.0837330Z   token: ***
2022-12-27T11:12:50.0837520Z   update-environment: true
2022-12-27T11:12:50.0837760Z ##[endgroup]
2022-12-27T11:12:50.2054590Z ##[group]Installed versions
2022-12-27T11:12:50.2086350Z Successfully set up CPython (3.11.1)
2022-12-27T11:12:50.2087300Z ##[endgroup]
2022-12-27T11:12:50.2235580Z ##[group]Run if [ "true" == "true" ]
2022-12-27T11:12:50.2235960Z [36;1mif [ "true" == "true" ][0m
2022-12-27T11:12:50.2236150Z [36;1mthen[0m
2022-12-27T11:12:50.2236390Z [36;1m  echo "CCACHE_PATH_PREPEND=/usr/local/opt/ccache/libexec" >> $GITHUB_OUTPUT[0m
2022-12-27T11:12:50.2236570Z [36;1melse[0m
2022-12-27T11:12:50.2236780Z [36;1m  echo "CCACHE_PATH_PREPEND=" >> $GITHUB_OUTPUT[0m
2022-12-27T11:12:50.2237300Z [36;1mfi[0m
2022-12-27T11:12:50.2255230Z shell: /bin/bash -e {0}
2022-12-27T11:12:50.2255400Z env:
2022-12-27T11:12:50.2255720Z   pythonLocation: /Users/runner/hostedtoolcache/Python/3.11.1/x64
2022-12-27T11:12:50.2256000Z   PKG_CONFIG_PATH: /Users/runner/hostedtoolcache/Python/3.11.1/x64/lib/pkgconfig
2022-12-27T11:12:50.2256270Z   Python_ROOT_DIR: /Users/runner/hostedtoolcache/Python/3.11.1/x64
2022-12-27T11:12:50.2256490Z   Python2_ROOT_DIR: /Users/runner/hostedtoolcache/Python/3.11.1/x64
2022-12-27T11:12:50.2256900Z   Python3_ROOT_DIR: /Users/runner/hostedtoolcache/Python/3.11.1/x64
2022-12-27T11:12:50.2257480Z ##[endgroup]
2022-12-27T11:12:50.2364960Z ##[group]Run echo "BUILD_NAME=$(echo lxml_2.3.5_3.11 | tr -dc '[:alnum:]\n\r' | tr '[:upper:]' '[:lower:]')" >> $GITHUB_OUTPUT
2022-12-27T11:12:50.2365430Z [36;1mecho "BUILD_NAME=$(echo lxml_2.3.5_3.11 | tr -dc '[:alnum:]\n\r' | tr '[:upper:]' '[:lower:]')" >> $GITHUB_OUTPUT[0m
2022-12-27T11:12:50.2380010Z shell: /bin/bash -e {0}
2022-12-27T11:12:50.2380200Z env:
2022-12-27T11:12:50.2380390Z   pythonLocation: /Users/runner/hostedtoolcache/Python/3.11.1/x64
2022-12-27T11:12:50.2380680Z   PKG_CONFIG_PATH: /Users/runner/hostedtoolcache/Python/3.11.1/x64/lib/pkgconfig
2022-12-27T11:12:50.2380940Z   Python_ROOT_DIR: /Users/runner/hostedtoolcache/Python/3.11.1/x64
2022-12-27T11:12:50.2381210Z   Python2_ROOT_DIR: /Users/runner/hostedtoolcache/Python/3.11.1/x64
2022-12-27T11:12:50.2381450Z   Python3_ROOT_DIR: /Users/runner/hostedtoolcache/Python/3.11.1/x64
2022-12-27T11:12:50.2381660Z ##[endgroup]
2022-12-27T11:12:50.2526800Z ##[group]Run echo "PYTHON_NO_DOTS=$(echo 3.11 | tr -dc '[:alnum:]\n\r' | tr '[:upper:]' '[:lower:]')" >> $GITHUB_OUTPUT
2022-12-27T11:12:50.2527220Z [36;1mecho "PYTHON_NO_DOTS=$(echo 3.11 | tr -dc '[:alnum:]\n\r' | tr '[:upper:]' '[:lower:]')" >> $GITHUB_OUTPUT[0m
2022-12-27T11:12:50.2541990Z shell: /bin/bash -e {0}
2022-12-27T11:12:50.2542150Z env:
2022-12-27T11:12:50.2542350Z   pythonLocation: /Users/runner/hostedtoolcache/Python/3.11.1/x64
2022-12-27T11:12:50.2542620Z   PKG_CONFIG_PATH: /Users/runner/hostedtoolcache/Python/3.11.1/x64/lib/pkgconfig
2022-12-27T11:12:50.2542830Z   Python_ROOT_DIR: /Users/runner/hostedtoolcache/Python/3.11.1/x64
2022-12-27T11:12:50.2543110Z   Python2_ROOT_DIR: /Users/runner/hostedtoolcache/Python/3.11.1/x64
2022-12-27T11:12:50.2543340Z   Python3_ROOT_DIR: /Users/runner/hostedtoolcache/Python/3.11.1/x64
2022-12-27T11:12:50.2543540Z ##[endgroup]
2022-12-27T11:12:50.2652220Z ##[group]Run rm -rf build_lxml235311
2022-12-27T11:12:50.2652500Z [36;1mrm -rf build_lxml235311[0m
2022-12-27T11:12:50.2652660Z [36;1mmkdir build_lxml235311[0m
2022-12-27T11:12:50.2652880Z [36;1mcd build_lxml235311[0m
2022-12-27T11:12:50.2653220Z [36;1m/usr/local/bin/wget --quiet https://files.pythonhosted.org/packages/f1/76/ee318e39e4d5f84de07f53293102b40d76f38a547ffd5521acd987d7f581/lxml-2.3.5.tar.gz[0m
2022-12-27T11:12:50.2653500Z [36;1mtar xf *.tar.gz[0m
2022-12-27T11:12:50.2653640Z [36;1mcd *[0m
2022-12-27T11:12:50.2653830Z [36;1mpython -m pip install cibuildwheel==2.11.3[0m
2022-12-27T11:12:50.2654090Z [36;1mpython -m cibuildwheel --output-dir ../wheelsout[0m
2022-12-27T11:12:50.2668740Z shell: /bin/bash -e {0}
2022-12-27T11:12:50.2668930Z env:
2022-12-27T11:12:50.2669140Z   pythonLocation: /Users/runner/hostedtoolcache/Python/3.11.1/x64
2022-12-27T11:12:50.2669420Z   PKG_CONFIG_PATH: /Users/runner/hostedtoolcache/Python/3.11.1/x64/lib/pkgconfig
2022-12-27T11:12:50.2669740Z   Python_ROOT_DIR: /Users/runner/hostedtoolcache/Python/3.11.1/x64
2022-12-27T11:12:50.2669960Z   Python2_ROOT_DIR: /Users/runner/hostedtoolcache/Python/3.11.1/x64
2022-12-27T11:12:50.2670190Z   Python3_ROOT_DIR: /Users/runner/hostedtoolcache/Python/3.11.1/x64
2022-12-27T11:12:50.2670430Z   CIBW_ARCHS_MACOS: arm64
2022-12-27T11:12:50.2670580Z   CIBW_TEST_SKIP: *_arm64
2022-12-27T11:12:50.2670760Z   CIBW_BUILD: cp311-macosx_arm64
2022-12-27T11:12:50.2670940Z   CIBW_BUILD_FRONTEND: pip
2022-12-27T11:12:50.2671090Z   CIBW_BUILD_VERBOSITY: 3
2022-12-27T11:12:50.2671420Z   CIBW_ENVIRONMENT_MACOS:  CFLAGS="-I/usr/local/opt/openssl@3/include" LDFLAGS="-L/usr/local/opt/openssl@3/lib" CPPFLAGS="-I/usr/local/opt/openssl@3/include" MAKEFLAGS="-j$(sysctl -n hw.logicalcpu)" PATH=/usr/local/opt/ccache/libexec:$PATH
2022-12-27T11:12:50.2671790Z   CIBW_BEFORE_BUILD: pip install Cython; if [[ -f requirements.txt ]]; then pip install -r requirements.txt; fi
2022-12-27T11:12:50.2672040Z   MAKEFLAGS: -j$(sysctl -n hw.logicalcpu)
2022-12-27T11:12:50.2672190Z ##[endgroup]
2022-12-27T11:12:50.7439180Z Requirement already satisfied: cibuildwheel==2.11.3 in /Library/Frameworks/Python.framework/Versions/3.11/lib/python3.11/site-packages (2.11.3)
2022-12-27T11:12:50.7798930Z Requirement already satisfied: bashlex!=0.13 in /Library/Frameworks/Python.framework/Versions/3.11/lib/python3.11/site-packages (from cibuildwheel==2.11.3) (0.16)
2022-12-27T11:12:50.7806030Z Requirement already satisfied: bracex in /Library/Frameworks/Python.framework/Versions/3.11/lib/python3.11/site-packages (from cibuildwheel==2.11.3) (2.3.post1)
2022-12-27T11:12:50.7812580Z Requirement already satisfied: certifi in /Library/Frameworks/Python.framework/Versions/3.11/lib/python3.11/site-packages (from cibuildwheel==2.11.3) (2022.12.7)
2022-12-27T11:12:50.7819040Z Requirement already satisfied: filelock in /Library/Frameworks/Python.framework/Versions/3.11/lib/python3.11/site-packages (from cibuildwheel==2.11.3) (3.8.2)
2022-12-27T11:12:50.7828120Z Requirement already satisfied: packaging>=20.9 in /Library/Frameworks/Python.framework/Versions/3.11/lib/python3.11/site-packages (from cibuildwheel==2.11.3) (22.0)
2022-12-27T11:12:50.7836170Z Requirement already satisfied: platformdirs in /Library/Frameworks/Python.framework/Versions/3.11/lib/python3.11/site-packages (from cibuildwheel==2.11.3) (2.6.0)
2022-12-27T11:12:51.0096290Z 
2022-12-27T11:12:51.0096470Z      _ _       _ _   _       _           _
2022-12-27T11:12:51.0097080Z  ___|_| |_ _ _|_| |_| |_ _ _| |_ ___ ___| |
2022-12-27T11:12:51.0097870Z |  _| | . | | | | | . | | | |   | -_| -_| |
2022-12-27T11:12:51.0098450Z |___|_|___|___|_|_|___|_____|_|_|___|___|_|
2022-12-27T11:12:51.0098620Z 
2022-12-27T11:12:51.0098800Z cibuildwheel version 2.11.3
2022-12-27T11:12:51.0098990Z 
2022-12-27T11:12:51.0099100Z Build options:
2022-12-27T11:12:51.0099380Z   platform: macos
2022-12-27T11:12:51.0193370Z   architectures: arm64[0m
2022-12-27T11:12:51.0194130Z   build_selector: 
2022-12-27T11:12:51.0196130Z     build_config: cp311-macosx_arm64
2022-12-27T11:12:51.0196420Z     skip_config: 
2022-12-27T11:12:51.0196690Z     requires_python: None
2022-12-27T11:12:51.0197130Z     prerelease_pythons: False[0m
2022-12-27T11:12:51.0197510Z   [38;5;244mcontainer_engine: docker[0m
2022-12-27T11:12:51.0197980Z   output_dir: /Users/runner/actions-runner/_work/python.build/python.build/build_lxml235311/wheelsout[0m
2022-12-27T11:12:51.0198630Z   package_dir: /Users/runner/actions-runner/_work/python.build/python.build/build_lxml235311/lxml-2.3.5[0m
2022-12-27T11:12:51.0199000Z   test_selector: 
2022-12-27T11:12:51.0199330Z     skip_config: *_arm64[0m
2022-12-27T11:12:51.0199660Z   [38;5;244mbefore_all: [0m
2022-12-27T11:12:51.0200150Z   before_build: pip install Cython; if [[ -f requirements.txt ]]; then pip install -r requirements.txt; fi[0m
2022-12-27T11:12:51.0200520Z   [38;5;244mbefore_test: [0m
2022-12-27T11:12:51.0200850Z   [38;5;244mbuild_frontend: pip[0m
2022-12-27T11:12:51.0201220Z   build_verbosity: 3[0m
2022-12-27T11:12:51.0201530Z   [38;5;244mconfig_settings: [0m
2022-12-27T11:12:51.0201840Z   [38;5;244mdependency_constraints: pinned[0m
2022-12-27T11:12:51.0202080Z   environment: 
2022-12-27T11:12:51.0202430Z     CFLAGS="-I/usr/local/opt/openssl@3/include"
2022-12-27T11:12:51.0202720Z     LDFLAGS="-L/usr/local/opt/openssl@3/lib"
2022-12-27T11:12:51.0203050Z     CPPFLAGS="-I/usr/local/opt/openssl@3/include"
2022-12-27T11:12:51.0203370Z     MAKEFLAGS="-j$(sysctl -n hw.logicalcpu)"
2022-12-27T11:12:51.0203670Z     PATH=/usr/local/opt/ccache/libexec:$PATH[0m
2022-12-27T11:12:51.0204010Z   [38;5;244mmanylinux_images: None[0m
2022-12-27T11:12:51.0204300Z   [38;5;244mmusllinux_images: None[0m
2022-12-27T11:12:51.0204670Z   [38;5;244mrepair_command: delocate-wheel --require-archs {delocate_archs} -w {dest_dir} -v {wheel}[0m
2022-12-27T11:12:51.0205010Z   [38;5;244mtest_command: [0m
2022-12-27T11:12:51.0205280Z   [38;5;244mtest_extras: [0m
2022-12-27T11:12:51.0205560Z   [38;5;244mtest_requires: [0m
2022-12-27T11:12:51.0205690Z 
2022-12-27T11:12:51.0205830Z Cache folder: /Users/runner/Library/Caches/cibuildwheel
2022-12-27T11:12:51.0214120Z 
2022-12-27T11:12:51.0214520Z Here we go!
2022-12-27T11:12:51.0214620Z 
2022-12-27T11:12:51.0325480Z 
2022-12-27T11:12:51.0326200Z [1m[34mBuilding cp311-macosx_arm64 wheel[0m
2022-12-27T11:12:51.0326750Z CPython 3.11 macOS arm64 - Apple Silicon
2022-12-27T11:12:51.0327010Z 
2022-12-27T11:12:51.0330300Z ##[group]Installing Python cp311...
2022-12-27T11:12:51.0330580Z 
2022-12-27T11:12:51.0330740Z + pkgutil --pkgs
2022-12-27T11:12:51.0433000Z ##[endgroup]
2022-12-27T11:12:51.0433980Z                                                               [32m✓ [0m0.01s
2022-12-27T11:12:51.0434530Z ##[group]Setting up build environment...
2022-12-27T11:12:51.0434740Z 
2022-12-27T11:12:51.0451670Z + /Library/Frameworks/Python.framework/Versions/3.11/bin/python -sS /Users/runner/Library/Caches/cibuildwheel/virtualenv-20.17.0.pyz --activators= --no-periodic-update --pip=22.3.1 --setuptools=65.6.3 --wheel=0.38.4 --symlink-app-data --python /Library/Frameworks/Python.framework/Versions/3.11/bin/python3 /private/var/folders/51/hd414ycd67n82196sw51xqtc0000gn/T/cibw-run-0ni6xm1o/cp311-macosx_arm64/build/venv
2022-12-27T11:12:51.2271630Z created virtual environment CPython3.11.1.final.0-64 in 45ms
2022-12-27T11:12:51.2272420Z   creator CPython3Posix(dest=/private/var/folders/51/hd414ycd67n82196sw51xqtc0000gn/T/cibw-run-0ni6xm1o/cp311-macosx_arm64/build/venv, clear=False, no_vcs_ignore=False, global=False)
2022-12-27T11:12:51.2273010Z   seeder FromAppData(download=False, pip=22.3.1, setuptools=65.6.3, wheel=0.38.4, via=symlink, app_data_dir=/Users/runner/Library/Application Support/virtualenv)
2022-12-27T11:12:51.2273340Z     added seed packages: pip==22.3.1, setuptools==65.6.3, wheel==0.38.4
2022-12-27T11:12:51.2407660Z + python -m pip install --upgrade pip -c /Library/Frameworks/Python.framework/Versions/3.11/lib/python3.11/site-packages/cibuildwheel/resources/constraints-python311.txt
2022-12-27T11:12:51.5140540Z Requirement already satisfied: pip in ./lib/python3.11/site-packages (22.3.1)
2022-12-27T11:12:51.6408260Z + which pip
2022-12-27T11:12:51.6426690Z /private/var/folders/51/hd414ycd67n82196sw51xqtc0000gn/T/cibw-run-0ni6xm1o/cp311-macosx_arm64/build/venv/bin/pip
2022-12-27T11:12:51.6428750Z + pip --version
2022-12-27T11:12:51.8323720Z pip 22.3.1 from /private/var/folders/51/hd414ycd67n82196sw51xqtc0000gn/T/cibw-run-0ni6xm1o/cp311-macosx_arm64/build/venv/lib/python3.11/site-packages/pip (python 3.11)
2022-12-27T11:12:51.8585540Z + which pip
2022-12-27T11:12:51.8610580Z + which python
2022-12-27T11:12:51.8627790Z /private/var/folders/51/hd414ycd67n82196sw51xqtc0000gn/T/cibw-run-0ni6xm1o/cp311-macosx_arm64/build/venv/bin/python
2022-12-27T11:12:51.8629810Z + python --version
2022-12-27T11:12:51.8689470Z Python 3.11.1
2022-12-27T11:12:51.8692200Z + which python
2022-12-27T11:12:51.8744240Z ##[endgroup]
2022-12-27T11:12:51.8744770Z                                                               [32m✓ [0m0.83s
2022-12-27T11:12:51.8745260Z ##[group]Installing build tools...
2022-12-27T11:12:51.8745440Z 
2022-12-27T11:12:51.8745980Z + pip install --upgrade setuptools wheel delocate -c /Library/Frameworks/Python.framework/Versions/3.11/lib/python3.11/site-packages/cibuildwheel/resources/constraints-python311.txt
2022-12-27T11:12:52.1426480Z Requirement already satisfied: setuptools in /private/var/folders/51/hd414ycd67n82196sw51xqtc0000gn/T/cibw-run-0ni6xm1o/cp311-macosx_arm64/build/venv/lib/python3.11/site-packages (65.6.3)
2022-12-27T11:12:52.3120710Z Requirement already satisfied: wheel in /private/var/folders/51/hd414ycd67n82196sw51xqtc0000gn/T/cibw-run-0ni6xm1o/cp311-macosx_arm64/build/venv/lib/python3.11/site-packages (0.38.4)
2022-12-27T11:12:52.3560810Z Collecting delocate
2022-12-27T11:12:52.3583600Z   Using cached delocate-0.10.3-py3-none-any.whl (142 kB)
2022-12-27T11:12:52.3835350Z Collecting packaging>=20.9
2022-12-27T11:12:52.3853060Z   Using cached packaging-21.3-py3-none-any.whl (40 kB)
2022-12-27T11:12:52.4007240Z Collecting typing-extensions
2022-12-27T11:12:52.4024220Z   Using cached typing_extensions-4.4.0-py3-none-any.whl (26 kB)
2022-12-27T11:12:52.4316130Z Collecting pyparsing!=3.0.5,>=2.0.2
2022-12-27T11:12:52.4334170Z   Using cached pyparsing-3.0.9-py3-none-any.whl (98 kB)
2022-12-27T11:12:52.4882610Z Installing collected packages: typing-extensions, pyparsing, packaging, delocate
2022-12-27T11:12:52.6171600Z Successfully installed delocate-0.10.3 packaging-21.3 pyparsing-3.0.9 typing-extensions-4.4.0
2022-12-27T11:12:52.6667080Z ##[endgroup]
2022-12-27T11:12:52.6667930Z                                                               [32m✓ [0m0.79s
2022-12-27T11:12:52.6668560Z ##[group]Running before_build...
2022-12-27T11:12:52.6668690Z 
2022-12-27T11:12:52.6672690Z + pip install Cython; if [[ -f requirements.txt ]]; then pip install -r requirements.txt; fi
2022-12-27T11:12:53.2312750Z Collecting Cython
2022-12-27T11:12:53.2355690Z   Using cached Cython-0.29.32-py2.py3-none-any.whl (986 kB)
2022-12-27T11:12:53.2756600Z Installing collected packages: Cython
2022-12-27T11:12:53.6862600Z Successfully installed Cython-0.29.32
2022-12-27T11:12:53.7352810Z ##[endgroup]
2022-12-27T11:12:53.7353530Z                                                               [32m✓ [0m1.07s
2022-12-27T11:12:53.7353970Z ##[group]Building wheel...
2022-12-27T11:12:53.7354090Z 
2022-12-27T11:12:53.7358020Z + python -m pip wheel /Users/runner/actions-runner/_work/python.build/python.build/build_lxml235311/lxml-2.3.5 --wheel-dir=/private/var/folders/51/hd414ycd67n82196sw51xqtc0000gn/T/cibw-run-0ni6xm1o/cp311-macosx_arm64/built_wheel --no-deps -vvv
2022-12-27T11:12:53.9804850Z Created temporary directory: /private/var/folders/51/hd414ycd67n82196sw51xqtc0000gn/T/pip-ephem-wheel-cache-lqcwbrf8
2022-12-27T11:12:53.9809750Z Created temporary directory: /private/var/folders/51/hd414ycd67n82196sw51xqtc0000gn/T/pip-build-tracker-nmsvia72
2022-12-27T11:12:53.9812090Z Initialized build tracking at /private/var/folders/51/hd414ycd67n82196sw51xqtc0000gn/T/pip-build-tracker-nmsvia72
2022-12-27T11:12:53.9813590Z Created build tracker: /private/var/folders/51/hd414ycd67n82196sw51xqtc0000gn/T/pip-build-tracker-nmsvia72
2022-12-27T11:12:53.9815020Z Entered build tracker: /private/var/folders/51/hd414ycd67n82196sw51xqtc0000gn/T/pip-build-tracker-nmsvia72
2022-12-27T11:12:53.9818090Z Created temporary directory: /private/var/folders/51/hd414ycd67n82196sw51xqtc0000gn/T/pip-wheel-szdmr3ai
2022-12-27T11:12:53.9822780Z Created temporary directory: /private/var/folders/51/hd414ycd67n82196sw51xqtc0000gn/T/pip-ephem-wheel-cache-esvfhlhp
2022-12-27T11:12:53.9893680Z Processing /Users/runner/actions-runner/_work/python.build/python.build/build_lxml235311/lxml-2.3.5
2022-12-27T11:12:53.9898120Z   Added file:///Users/runner/actions-runner/_work/python.build/python.build/build_lxml235311/lxml-2.3.5 to build tracker '/private/var/folders/51/hd414ycd67n82196sw51xqtc0000gn/T/pip-build-tracker-nmsvia72'
2022-12-27T11:12:53.9901240Z   Running setup.py (path:/Users/runner/actions-runner/_work/python.build/python.build/build_lxml235311/lxml-2.3.5/setup.py) egg_info for package from file:///Users/runner/actions-runner/_work/python.build/python.build/build_lxml235311/lxml-2.3.5
2022-12-27T11:12:53.9903750Z   Created temporary directory: /private/var/folders/51/hd414ycd67n82196sw51xqtc0000gn/T/pip-pip-egg-info-yl92peqs
2022-12-27T11:12:53.9904760Z   Preparing metadata (setup.py): started
2022-12-27T11:12:53.9906270Z   Running command python setup.py egg_info
2022-12-27T11:12:54.3238530Z   Building lxml version 2.3.5.
2022-12-27T11:12:54.3239110Z   Building with Cython 0.29.32.
2022-12-27T11:12:54.3240350Z   Using build configuration of libxslt 1.1.29
2022-12-27T11:12:54.3241870Z   Building against libxml2/libxslt in the following directory: /Library/Developer/CommandLineTools/SDKs/MacOSX12.1.sdk/usr/lib
2022-12-27T11:12:54.3242700Z   running egg_info
2022-12-27T11:12:54.3244580Z   creating /private/var/folders/51/hd414ycd67n82196sw51xqtc0000gn/T/pip-pip-egg-info-yl92peqs/lxml.egg-info
2022-12-27T11:12:54.3246050Z   writing /private/var/folders/51/hd414ycd67n82196sw51xqtc0000gn/T/pip-pip-egg-info-yl92peqs/lxml.egg-info/PKG-INFO
2022-12-27T11:12:54.3250610Z   writing dependency_links to /private/var/folders/51/hd414ycd67n82196sw51xqtc0000gn/T/pip-pip-egg-info-yl92peqs/lxml.egg-info/dependency_links.txt
2022-12-27T11:12:54.3252650Z   writing top-level names to /private/var/folders/51/hd414ycd67n82196sw51xqtc0000gn/T/pip-pip-egg-info-yl92peqs/lxml.egg-info/top_level.txt
2022-12-27T11:12:54.3254450Z   writing manifest file '/private/var/folders/51/hd414ycd67n82196sw51xqtc0000gn/T/pip-pip-egg-info-yl92peqs/lxml.egg-info/SOURCES.txt'
2022-12-27T11:12:54.3311740Z   reading manifest file '/private/var/folders/51/hd414ycd67n82196sw51xqtc0000gn/T/pip-pip-egg-info-yl92peqs/lxml.egg-info/SOURCES.txt'
2022-12-27T11:12:54.3314120Z   reading manifest template 'MANIFEST.in'
2022-12-27T11:12:54.4175230Z   adding license file 'LICENSES.txt'
2022-12-27T11:12:54.4228730Z   writing manifest file '/private/var/folders/51/hd414ycd67n82196sw51xqtc0000gn/T/pip-pip-egg-info-yl92peqs/lxml.egg-info/SOURCES.txt'
2022-12-27T11:12:54.4513350Z   Preparing metadata (setup.py): finished with status 'done'
2022-12-27T11:12:54.4536790Z   Source in /Users/runner/actions-runner/_work/python.build/python.build/build_lxml235311/lxml-2.3.5 has version 2.3.5, which satisfies requirement lxml==2.3.5 from file:///Users/runner/actions-runner/_work/python.build/python.build/build_lxml235311/lxml-2.3.5
2022-12-27T11:12:54.4539700Z   Removed lxml==2.3.5 from file:///Users/runner/actions-runner/_work/python.build/python.build/build_lxml235311/lxml-2.3.5 from build tracker '/private/var/folders/51/hd414ycd67n82196sw51xqtc0000gn/T/pip-build-tracker-nmsvia72'
2022-12-27T11:12:54.4555080Z Created temporary directory: /private/var/folders/51/hd414ycd67n82196sw51xqtc0000gn/T/pip-unpack-25v025ln
2022-12-27T11:12:54.4556890Z Building wheels for collected packages: lxml
2022-12-27T11:12:54.4563430Z   Created temporary directory: /private/var/folders/51/hd414ycd67n82196sw51xqtc0000gn/T/pip-wheel-i8_b1vp4
2022-12-27T11:12:54.4564530Z   Building wheel for lxml (setup.py): started
2022-12-27T11:12:54.4675600Z   Destination directory: /private/var/folders/51/hd414ycd67n82196sw51xqtc0000gn/T/pip-wheel-i8_b1vp4
2022-12-27T11:12:54.4676660Z   Running command python setup.py bdist_wheel
2022-12-27T11:12:54.6791430Z   Building lxml version 2.3.5.
2022-12-27T11:12:54.6792630Z   Building with Cython 0.29.32.
2022-12-27T11:12:54.6926580Z   Using build configuration of libxslt 1.1.29
2022-12-27T11:12:54.7838200Z   Building against libxml2/libxslt in the following directory: /Library/Developer/CommandLineTools/SDKs/MacOSX12.1.sdk/usr/lib
2022-12-27T11:12:54.8049350Z   running bdist_wheel
2022-12-27T11:12:54.8085380Z   running build
2022-12-27T11:12:54.8086660Z   running build_py
2022-12-27T11:12:54.8104970Z   creating build
2022-12-27T11:12:54.8106750Z   creating build/lib.macosx-11.0-arm64-cpython-311
2022-12-27T11:12:54.8108000Z   creating build/lib.macosx-11.0-arm64-cpython-311/lxml
2022-12-27T11:12:54.8109650Z   copying src/lxml/_elementpath.py -> build/lib.macosx-11.0-arm64-cpython-311/lxml
2022-12-27T11:12:54.8111630Z   copying src/lxml/sax.py -> build/lib.macosx-11.0-arm64-cpython-311/lxml
2022-12-27T11:12:54.8114570Z   copying src/lxml/pyclasslookup.py -> build/lib.macosx-11.0-arm64-cpython-311/lxml
2022-12-27T11:12:54.8116570Z   copying src/lxml/__init__.py -> build/lib.macosx-11.0-arm64-cpython-311/lxml
2022-12-27T11:12:54.8119980Z   copying src/lxml/builder.py -> build/lib.macosx-11.0-arm64-cpython-311/lxml
2022-12-27T11:12:54.8122190Z   copying src/lxml/doctestcompare.py -> build/lib.macosx-11.0-arm64-cpython-311/lxml
2022-12-27T11:12:54.8124490Z   copying src/lxml/usedoctest.py -> build/lib.macosx-11.0-arm64-cpython-311/lxml
2022-12-27T11:12:54.8126730Z   copying src/lxml/cssselect.py -> build/lib.macosx-11.0-arm64-cpython-311/lxml
2022-12-27T11:12:54.8129750Z   copying src/lxml/ElementInclude.py -> build/lib.macosx-11.0-arm64-cpython-311/lxml
2022-12-27T11:12:54.8135650Z   creating build/lib.macosx-11.0-arm64-cpython-311/lxml/html
2022-12-27T11:12:54.8137170Z   copying src/lxml/html/soupparser.py -> build/lib.macosx-11.0-arm64-cpython-311/lxml/html
2022-12-27T11:12:54.8139840Z   copying src/lxml/html/defs.py -> build/lib.macosx-11.0-arm64-cpython-311/lxml/html
2022-12-27T11:12:54.8141910Z   copying src/lxml/html/_setmixin.py -> build/lib.macosx-11.0-arm64-cpython-311/lxml/html
2022-12-27T11:12:54.8143900Z   copying src/lxml/html/clean.py -> build/lib.macosx-11.0-arm64-cpython-311/lxml/html
2022-12-27T11:12:54.8146530Z   copying src/lxml/html/_diffcommand.py -> build/lib.macosx-11.0-arm64-cpython-311/lxml/html
2022-12-27T11:12:54.8148900Z   copying src/lxml/html/html5parser.py -> build/lib.macosx-11.0-arm64-cpython-311/lxml/html
2022-12-27T11:12:54.8151180Z   copying src/lxml/html/__init__.py -> build/lib.macosx-11.0-arm64-cpython-311/lxml/html
2022-12-27T11:12:54.8154230Z   copying src/lxml/html/formfill.py -> build/lib.macosx-11.0-arm64-cpython-311/lxml/html
2022-12-27T11:12:54.8156750Z   copying src/lxml/html/builder.py -> build/lib.macosx-11.0-arm64-cpython-311/lxml/html
2022-12-27T11:12:54.8158620Z   copying src/lxml/html/ElementSoup.py -> build/lib.macosx-11.0-arm64-cpython-311/lxml/html
2022-12-27T11:12:54.8161390Z   copying src/lxml/html/_html5builder.py -> build/lib.macosx-11.0-arm64-cpython-311/lxml/html
2022-12-27T11:12:54.8163010Z   copying src/lxml/html/usedoctest.py -> build/lib.macosx-11.0-arm64-cpython-311/lxml/html
2022-12-27T11:12:54.8165510Z   copying src/lxml/html/diff.py -> build/lib.macosx-11.0-arm64-cpython-311/lxml/html
2022-12-27T11:12:54.8167940Z   copying src/lxml/html/_dictmixin.py -> build/lib.macosx-11.0-arm64-cpython-311/lxml/html
2022-12-27T11:12:54.8171740Z   creating build/lib.macosx-11.0-arm64-cpython-311/lxml/isoschematron
2022-12-27T11:12:54.8172970Z   copying src/lxml/isoschematron/__init__.py -> build/lib.macosx-11.0-arm64-cpython-311/lxml/isoschematron
2022-12-27T11:12:54.8184900Z   copying src/lxml/etreepublic.pxd -> build/lib.macosx-11.0-arm64-cpython-311/lxml
2022-12-27T11:12:54.8187870Z   copying src/lxml/tree.pxd -> build/lib.macosx-11.0-arm64-cpython-311/lxml
2022-12-27T11:12:54.8190380Z   copying src/lxml/etree_defs.h -> build/lib.macosx-11.0-arm64-cpython-311/lxml
2022-12-27T11:12:54.8193710Z   creating build/lib.macosx-11.0-arm64-cpython-311/lxml/isoschematron/resources
2022-12-27T11:12:54.8195300Z   creating build/lib.macosx-11.0-arm64-cpython-311/lxml/isoschematron/resources/rng
2022-12-27T11:12:54.8197150Z   copying src/lxml/isoschematron/resources/rng/iso-schematron.rng -> build/lib.macosx-11.0-arm64-cpython-311/lxml/isoschematron/resources/rng
2022-12-27T11:12:54.8198680Z   creating build/lib.macosx-11.0-arm64-cpython-311/lxml/isoschematron/resources/xsl
2022-12-27T11:12:54.8201100Z   copying src/lxml/isoschematron/resources/xsl/XSD2Schtrn.xsl -> build/lib.macosx-11.0-arm64-cpython-311/lxml/isoschematron/resources/xsl
2022-12-27T11:12:54.8202870Z   copying src/lxml/isoschematron/resources/xsl/RNG2Schtrn.xsl -> build/lib.macosx-11.0-arm64-cpython-311/lxml/isoschematron/resources/xsl
2022-12-27T11:12:54.8204660Z   creating build/lib.macosx-11.0-arm64-cpython-311/lxml/isoschematron/resources/xsl/iso-schematron-xslt1
2022-12-27T11:12:54.8206610Z   copying src/lxml/isoschematron/resources/xsl/iso-schematron-xslt1/iso_abstract_expand.xsl -> build/lib.macosx-11.0-arm64-cpython-311/lxml/isoschematron/resources/xsl/iso-schematron-xslt1
2022-12-27T11:12:54.8208690Z   copying src/lxml/isoschematron/resources/xsl/iso-schematron-xslt1/iso_dsdl_include.xsl -> build/lib.macosx-11.0-arm64-cpython-311/lxml/isoschematron/resources/xsl/iso-schematron-xslt1
2022-12-27T11:12:54.8211690Z   copying src/lxml/isoschematron/resources/xsl/iso-schematron-xslt1/iso_schematron_skeleton_for_xslt1.xsl -> build/lib.macosx-11.0-arm64-cpython-311/lxml/isoschematron/resources/xsl/iso-schematron-xslt1
2022-12-27T11:12:54.8214860Z   copying src/lxml/isoschematron/resources/xsl/iso-schematron-xslt1/iso_svrl_for_xslt1.xsl -> build/lib.macosx-11.0-arm64-cpython-311/lxml/isoschematron/resources/xsl/iso-schematron-xslt1
2022-12-27T11:12:54.8218400Z   copying src/lxml/isoschematron/resources/xsl/iso-schematron-xslt1/iso_schematron_message.xsl -> build/lib.macosx-11.0-arm64-cpython-311/lxml/isoschematron/resources/xsl/iso-schematron-xslt1
2022-12-27T11:12:54.8220720Z   copying src/lxml/isoschematron/resources/xsl/iso-schematron-xslt1/readme.txt -> build/lib.macosx-11.0-arm64-cpython-311/lxml/isoschematron/resources/xsl/iso-schematron-xslt1
2022-12-27T11:12:54.8230880Z   running build_ext
2022-12-27T11:12:54.8351070Z   skipping 'src/lxml/lxml.etree.c' Cython extension (up-to-date)
2022-12-27T11:12:54.8353820Z   skipping 'src/lxml/lxml.objectify.c' Cython extension (up-to-date)
2022-12-27T11:12:54.8355120Z   building 'lxml.etree' extension
2022-12-27T11:12:54.8356800Z   creating build/temp.macosx-11.0-arm64-cpython-311
2022-12-27T11:12:54.8358260Z   creating build/temp.macosx-11.0-arm64-cpython-311/src
2022-12-27T11:12:54.8359720Z   creating build/temp.macosx-11.0-arm64-cpython-311/src/lxml
2022-12-27T11:12:54.8362470Z   clang -Wsign-compare -Wunreachable-code -fno-common -dynamic -DNDEBUG -g -fwrapv -O3 -Wall -g -I/usr/local/opt/openssl@3/include -I/usr/local/opt/openssl@3/include -arch arm64 -I/Library/Developer/CommandLineTools/SDKs/MacOSX12.1.sdk/usr/include -I/private/var/folders/51/hd414ycd67n82196sw51xqtc0000gn/T/cibw-run-0ni6xm1o/cp311-macosx_arm64/build/venv/include -I/Library/Frameworks/Python.framework/Versions/3.11/include/python3.11 -c src/lxml/lxml.etree.c -o build/temp.macosx-11.0-arm64-cpython-311/src/lxml/lxml.etree.o -w -flat_namespace
2022-12-27T11:12:54.9275250Z   src/lxml/lxml.etree.c:3685:20: error: expression is not assignable
2022-12-27T11:12:54.9276630Z           Py_SIZE(L) -= 1;
2022-12-27T11:12:54.9277720Z           ~~~~~~~~~~ ^
2022-12-27T11:12:55.3311770Z   src/lxml/lxml.etree.c:137043:5: error: expression is not assignable
2022-12-27T11:12:55.3312410Z       ++Py_REFCNT(o);
2022-12-27T11:12:55.3313850Z       ^ ~~~~~~~~~~~~
2022-12-27T11:12:55.3314730Z   src/lxml/lxml.etree.c:137046:5: error: expression is not assignable
2022-12-27T11:12:55.3315880Z       --Py_REFCNT(o);
2022-12-27T11:12:55.3316820Z       ^ ~~~~~~~~~~~~
2022-12-27T11:12:55.3318030Z   src/lxml/lxml.etree.c:137251:5: error: expression is not assignable
2022-12-27T11:12:55.3319320Z       ++Py_REFCNT(o);
2022-12-27T11:12:55.3320290Z       ^ ~~~~~~~~~~~~
2022-12-27T11:12:55.3321510Z   src/lxml/lxml.etree.c:137254:5: error: expression is not assignable
2022-12-27T11:12:55.3322590Z       --Py_REFCNT(o);
2022-12-27T11:12:55.3323530Z       ^ ~~~~~~~~~~~~
2022-12-27T11:12:55.3553270Z   src/lxml/lxml.etree.c:148436:5: error: expression is not assignable
2022-12-27T11:12:55.3554080Z       ++Py_REFCNT(o);
2022-12-27T11:12:55.3555430Z       ^ ~~~~~~~~~~~~
2022-12-27T11:12:55.3556790Z   src/lxml/lxml.etree.c:148439:5: error: expression is not assignable
2022-12-27T11:12:55.3558210Z       --Py_REFCNT(o);
2022-12-27T11:12:55.3559440Z       ^ ~~~~~~~~~~~~
2022-12-27T11:12:55.3566350Z   src/lxml/lxml.etree.c:149040:5: error: expression is not assignable
2022-12-27T11:12:55.3567490Z       ++Py_REFCNT(o);
2022-12-27T11:12:55.3568150Z       ^ ~~~~~~~~~~~~
2022-12-27T11:12:55.3569510Z   src/lxml/lxml.etree.c:149043:5: error: expression is not assignable
2022-12-27T11:12:55.3570580Z       --Py_REFCNT(o);
2022-12-27T11:12:55.3571580Z       ^ ~~~~~~~~~~~~
2022-12-27T11:12:55.3641380Z   src/lxml/lxml.etree.c:149453:5: error: expression is not assignable
2022-12-27T11:12:55.3641750Z       ++Py_REFCNT(o);
2022-12-27T11:12:55.3642020Z       ^ ~~~~~~~~~~~~
2022-12-27T11:12:55.3642360Z   src/lxml/lxml.etree.c:149456:5: error: expression is not assignable
2022-12-27T11:12:55.3642780Z       --Py_REFCNT(o);
2022-12-27T11:12:55.3643020Z       ^ ~~~~~~~~~~~~
2022-12-27T11:12:55.3643350Z   src/lxml/lxml.etree.c:149640:5: error: expression is not assignable
2022-12-27T11:12:55.3643600Z       ++Py_REFCNT(o);
2022-12-27T11:12:55.3643760Z       ^ ~~~~~~~~~~~~
2022-12-27T11:12:55.3643920Z   src/lxml/lxml.etree.c:149643:5: error: expression is not assignable
2022-12-27T11:12:55.3644130Z       --Py_REFCNT(o);
2022-12-27T11:12:55.3644240Z       ^ ~~~~~~~~~~~~
2022-12-27T11:12:55.3686550Z   src/lxml/lxml.etree.c:153703:5: error: expression is not assignable
2022-12-27T11:12:55.3687720Z       ++Py_REFCNT(o);
2022-12-27T11:12:55.3689100Z       ^ ~~~~~~~~~~~~
2022-12-27T11:12:55.3690570Z   src/lxml/lxml.etree.c:153706:5: error: expression is not assignable
2022-12-27T11:12:55.3691950Z       --Py_REFCNT(o);
2022-12-27T11:12:55.3692900Z       ^ ~~~~~~~~~~~~
2022-12-27T11:12:55.3698780Z   src/lxml/lxml.etree.c:154290:5: error: expression is not assignable
2022-12-27T11:12:55.3699720Z       ++Py_REFCNT(o);
2022-12-27T11:12:55.3700850Z       ^ ~~~~~~~~~~~~
2022-12-27T11:12:55.3702110Z   src/lxml/lxml.etree.c:154293:5: error: expression is not assignable
2022-12-27T11:12:55.3702950Z       --Py_REFCNT(o);
2022-12-27T11:12:55.3704150Z       ^ ~~~~~~~~~~~~
2022-12-27T11:12:55.3710520Z   src/lxml/lxml.etree.c:154867:5: error: expression is not assignable
2022-12-27T11:12:55.3711520Z       ++Py_REFCNT(o);
2022-12-27T11:12:55.3712540Z       ^ ~~~~~~~~~~~~
2022-12-27T11:12:55.3713870Z   src/lxml/lxml.etree.c:154870:5: error: expression is not assignable
2022-12-27T11:12:55.3715050Z       --Py_REFCNT(o);
2022-12-27T11:12:55.3715940Z       ^ ~~~~~~~~~~~~
2022-12-27T11:12:55.3724990Z   fatal error: too many errors emitted, stopping now [-ferror-limit=]
2022-12-27T11:12:55.4282730Z   20 errors generated.
2022-12-27T11:12:55.4326900Z   error: command '/usr/bin/clang' failed with exit code 1
2022-12-27T11:12:55.4705530Z   error: subprocess-exited-with-error
2022-12-27T11:12:55.4705970Z   
2022-12-27T11:12:55.4706690Z   × python setup.py bdist_wheel did not run successfully.
2022-12-27T11:12:55.4707110Z   │ exit code: 1
2022-12-27T11:12:55.4707470Z   ╰─> See above for output.
2022-12-27T11:12:55.4707700Z   
2022-12-27T11:12:55.4707970Z   note: This error originates from a subprocess, and is likely not a problem with pip.
2022-12-27T11:12:55.4713190Z   full command: /private/var/folders/51/hd414ycd67n82196sw51xqtc0000gn/T/cibw-run-0ni6xm1o/cp311-macosx_arm64/build/venv/bin/python -u -c '
2022-12-27T11:12:55.4713910Z   exec(compile('"'"''"'"''"'"'
2022-12-27T11:12:55.4714410Z   # This is <pip-setuptools-caller> -- a caller that pip uses to run setup.py
2022-12-27T11:12:55.4714730Z   #
2022-12-27T11:12:55.4715180Z   # - It imports setuptools before invoking setup.py, to enable projects that directly
2022-12-27T11:12:55.4715490Z   #   import from `distutils.core` to work with newer packaging standards.
2022-12-27T11:12:55.4716100Z   # - It provides a clear error message when setuptools is not installed.
2022-12-27T11:12:55.4716790Z   # - It sets `sys.argv[0]` to the underlying `setup.py`, when invoking `setup.py` so
2022-12-27T11:12:55.4717430Z   #   setuptools doesn'"'"'t think the script is `-c`. This avoids the following warning:
2022-12-27T11:12:55.4718030Z   #     manifest_maker: standard file '"'"'-c'"'"' not found".
2022-12-27T11:12:55.4718490Z   # - It generates a shim setup.py, for handling setup.cfg-only projects.
2022-12-27T11:12:55.4719590Z   import os, sys, tokenize
2022-12-27T11:12:55.4719920Z   
2022-12-27T11:12:55.4720150Z   try:
2022-12-27T11:12:55.4720380Z       import setuptools
2022-12-27T11:12:55.4720660Z   except ImportError as error:
2022-12-27T11:12:55.4720950Z       print(
2022-12-27T11:12:55.4721270Z           "ERROR: Can not execute `setup.py` since setuptools is not available in "
2022-12-27T11:12:55.4721590Z           "the build environment.",
2022-12-27T11:12:55.4721850Z           file=sys.stderr,
2022-12-27T11:12:55.4722070Z       )
2022-12-27T11:12:55.4722310Z       sys.exit(1)
2022-12-27T11:12:55.4722660Z   
2022-12-27T11:12:55.4722880Z   __file__ = %r
2022-12-27T11:12:55.4723150Z   sys.argv[0] = __file__
2022-12-27T11:12:55.4723400Z   
2022-12-27T11:12:55.4723620Z   if os.path.exists(__file__):
2022-12-27T11:12:55.4723880Z       filename = __file__
2022-12-27T11:12:55.4724540Z       with tokenize.open(__file__) as f:
2022-12-27T11:12:55.4724810Z           setup_py_code = f.read()
2022-12-27T11:12:55.4725040Z   else:
2022-12-27T11:12:55.4725510Z       filename = "<auto-generated setuptools caller>"
2022-12-27T11:12:55.4726180Z       setup_py_code = "from setuptools import setup; setup()"
2022-12-27T11:12:55.4726440Z   
2022-12-27T11:12:55.4726740Z   exec(compile(setup_py_code, filename, "exec"))
2022-12-27T11:12:55.4727610Z   '"'"''"'"''"'"' % ('"'"'/Users/runner/actions-runner/_work/python.build/python.build/build_lxml235311/lxml-2.3.5/setup.py'"'"',), "<pip-setuptools-caller>", "exec"))' bdist_wheel -d /private/var/folders/51/hd414ycd67n82196sw51xqtc0000gn/T/pip-wheel-i8_b1vp4
2022-12-27T11:12:55.4728270Z   Building wheel for lxml (setup.py): finished with status 'error'
2022-12-27T11:12:55.4728590Z   Running setup.py clean for lxml
2022-12-27T11:12:55.4729070Z   cwd: /Users/runner/actions-runner/_work/python.build/python.build/build_lxml235311/lxml-2.3.5/
2022-12-27T11:12:55.4729440Z   ERROR: Failed building wheel for lxml
2022-12-27T11:12:55.4729700Z   Running command python setup.py clean
2022-12-27T11:12:55.6814010Z   Building lxml version 2.3.5.
2022-12-27T11:12:55.6815420Z   Building with Cython 0.29.32.
2022-12-27T11:12:55.6942940Z   Using build configuration of libxslt 1.1.29
2022-12-27T11:12:55.7858480Z   Building against libxml2/libxslt in the following directory: /Library/Developer/CommandLineTools/SDKs/MacOSX12.1.sdk/usr/lib
2022-12-27T11:12:55.7978250Z   running clean
2022-12-27T11:12:55.8002030Z   removing 'build/temp.macosx-11.0-arm64-cpython-311' (and everything under it)
2022-12-27T11:12:55.8005670Z   removing 'build/lib.macosx-11.0-arm64-cpython-311' (and everything under it)
2022-12-27T11:12:55.8037160Z   'build/bdist.macosx-11.0-arm64' does not exist -- can't clean it
2022-12-27T11:12:55.8038550Z   'build/scripts-3.11' does not exist -- can't clean it
2022-12-27T11:12:55.8039730Z   removing 'build'
2022-12-27T11:12:55.8333540Z Failed to build lxml
2022-12-27T11:12:55.8337960Z ERROR: Failed to build one or more wheels
2022-12-27T11:12:55.8350670Z Exception information:
2022-12-27T11:12:55.8351000Z Traceback (most recent call last):
2022-12-27T11:12:55.8359910Z   File "/private/var/folders/51/hd414ycd67n82196sw51xqtc0000gn/T/cibw-run-0ni6xm1o/cp311-macosx_arm64/build/venv/lib/python3.11/site-packages/pip/_internal/cli/base_command.py", line 160, in exc_logging_wrapper
2022-12-27T11:12:55.8360470Z     status = run_func(*args)
2022-12-27T11:12:55.8360680Z              ^^^^^^^^^^^^^^^
2022-12-27T11:12:55.8361390Z   File "/private/var/folders/51/hd414ycd67n82196sw51xqtc0000gn/T/cibw-run-0ni6xm1o/cp311-macosx_arm64/build/venv/lib/python3.11/site-packages/pip/_internal/cli/req_command.py", line 247, in wrapper
2022-12-27T11:12:55.8361790Z     return func(self, options, args)
2022-12-27T11:12:55.8361990Z            ^^^^^^^^^^^^^^^^^^^^^^^^^
2022-12-27T11:12:55.8362440Z   File "/private/var/folders/51/hd414ycd67n82196sw51xqtc0000gn/T/cibw-run-0ni6xm1o/cp311-macosx_arm64/build/venv/lib/python3.11/site-packages/pip/_internal/commands/wheel.py", line 201, in run
2022-12-27T11:12:55.8362780Z     raise CommandError("Failed to build one or more wheels")
2022-12-27T11:12:55.8363060Z pip._internal.exceptions.CommandError: Failed to build one or more wheels
2022-12-27T11:12:55.8363440Z Removed build tracker: '/private/var/folders/51/hd414ycd67n82196sw51xqtc0000gn/T/pip-build-tracker-nmsvia72'
2022-12-27T11:12:55.8819160Z ##[endgroup]
2022-12-27T11:12:55.8842220Z ##[error]Command ['python', '-m', 'pip', 'wheel', '/Users/runner/actions-runner/_work/python.build/python.build/build_lxml235311/lxml-2.3.5', '--wheel-dir=/private/var/folders/51/hd414ycd67n82196sw51xqtc0000gn/T/cibw-run-0ni6xm1o/cp311-macosx_arm64/built_wheel', '--no-deps', '-vvv'] failed with code 1. None
2022-12-27T11:12:55.8848230Z 
2022-12-27T11:12:55.8848550Z                                                               [31m✕ [0m2.15s
2022-12-27T11:12:55.9310350Z ##[error]Process completed with exit code 1.
2022-12-27T11:12:55.9342070Z ##[group]Run rm -rf build_lxml235311 wheelsout
2022-12-27T11:12:55.9342330Z [36;1mrm -rf build_lxml235311 wheelsout[0m
2022-12-27T11:12:55.9358020Z shell: /bin/bash -e {0}
2022-12-27T11:12:55.9358290Z env:
2022-12-27T11:12:55.9358430Z   pythonLocation: /Users/runner/hostedtoolcache/Python/3.11.1/x64
2022-12-27T11:12:55.9358630Z   PKG_CONFIG_PATH: /Users/runner/hostedtoolcache/Python/3.11.1/x64/lib/pkgconfig
2022-12-27T11:12:55.9358820Z   Python_ROOT_DIR: /Users/runner/hostedtoolcache/Python/3.11.1/x64
2022-12-27T11:12:55.9358980Z   Python2_ROOT_DIR: /Users/runner/hostedtoolcache/Python/3.11.1/x64
2022-12-27T11:12:55.9359150Z   Python3_ROOT_DIR: /Users/runner/hostedtoolcache/Python/3.11.1/x64
2022-12-27T11:12:55.9359280Z ##[endgroup]
2022-12-27T11:12:55.9891310Z Cleaning up orphan processes
