2022-12-27T02:00:10.5330111Z Requested labels: self-hosted, macOS, X64
2022-12-27T02:00:10.5330166Z Job defined at: kilnbuild/python.build/.github/workflows/mac_arm_build.yml@refs/heads/main
2022-12-27T02:00:10.5330191Z Waiting for a runner to pick up this job...
2022-12-27T03:22:28.1615725Z Job is about to start running on the runner: k1 (organization)
2022-12-27T03:22:32.4185220Z Current runner version: '2.300.2'
2022-12-27T03:22:32.4190460Z Runner name: 'k1'
2022-12-27T03:22:32.4190720Z Runner group name: 'Default'
2022-12-27T03:22:32.4191170Z Machine name: 'k1'
2022-12-27T03:22:32.4193130Z ##[group]GITHUB_TOKEN Permissions
2022-12-27T03:22:32.4193610Z Actions: write
2022-12-27T03:22:32.4193750Z Checks: write
2022-12-27T03:22:32.4193980Z Contents: write
2022-12-27T03:22:32.4194120Z Deployments: write
2022-12-27T03:22:32.4194260Z Discussions: write
2022-12-27T03:22:32.4194390Z Issues: write
2022-12-27T03:22:32.4194520Z Metadata: read
2022-12-27T03:22:32.4194650Z Packages: write
2022-12-27T03:22:32.4194790Z Pages: write
2022-12-27T03:22:32.4194920Z PullRequests: write
2022-12-27T03:22:32.4195080Z RepositoryProjects: write
2022-12-27T03:22:32.4195240Z SecurityEvents: write
2022-12-27T03:22:32.4195390Z Statuses: write
2022-12-27T03:22:32.4195520Z ##[endgroup]
2022-12-27T03:22:32.4198010Z Secret source: Actions
2022-12-27T03:22:32.4198480Z Prepare workflow directory
2022-12-27T03:22:32.4873520Z Prepare all required actions
2022-12-27T03:22:32.4996470Z Getting action download info
2022-12-27T03:22:32.9422150Z Download action repository 'actions/setup-python@v4' (SHA:5ccb29d8773c3f3f653e1705f474dfaa8a06a912)
2022-12-27T03:22:34.9715360Z Download action repository 'actions/upload-artifact@v3' (SHA:83fd05a356d7e2593de66fc9913b3002723633cb)
2022-12-27T03:22:36.3418040Z ##[group]Run echo '{
2022-12-27T03:22:36.3418280Z [36;1mecho '{[0m
2022-12-27T03:22:36.3418470Z [36;1m  "environment_variables": "GRPC_PYTHON_BUILD_WITH_CYTHON=1 GRPC_BUILD_WITH_BORING_SSL_ASM='' GRPC_PYTHON_BUILD_SYSTEM_OPENSSL=TRUE",[0m
2022-12-27T03:22:36.3418660Z [36;1m  "package_name": "grpcio",[0m
2022-12-27T03:22:36.3418920Z [36;1m  "package_url": "https://files.pythonhosted.org/packages/ed/38/2171e323136ad6cab50d6cadbdc8fecd468c6aa2795b4a699743d283bed6/grpcio-1.2.1.tar.gz",[0m
2022-12-27T03:22:36.3419140Z [36;1m  "package_version": "1.2.1",[0m
2022-12-27T03:22:36.3419270Z [36;1m  "python_version": "3.10",[0m
2022-12-27T03:22:36.3419390Z [36;1m  "use_ccache": "true"[0m
2022-12-27T03:22:36.3419490Z [36;1m}'[0m
2022-12-27T03:22:36.3434740Z shell: /bin/bash -e {0}
2022-12-27T03:22:36.3434940Z ##[endgroup]
2022-12-27T03:22:36.3648150Z {
2022-12-27T03:22:36.3649720Z   "environment_variables": "GRPC_PYTHON_BUILD_WITH_CYTHON=1 GRPC_BUILD_WITH_BORING_SSL_ASM= GRPC_PYTHON_BUILD_SYSTEM_OPENSSL=TRUE",
2022-12-27T03:22:36.3650000Z   "package_name": "grpcio",
2022-12-27T03:22:36.3650600Z   "package_url": "https://files.pythonhosted.org/packages/ed/38/2171e323136ad6cab50d6cadbdc8fecd468c6aa2795b4a699743d283bed6/grpcio-1.2.1.tar.gz",
2022-12-27T03:22:36.3650880Z   "package_version": "1.2.1",
2022-12-27T03:22:36.3651100Z   "python_version": "3.10",
2022-12-27T03:22:36.3651260Z   "use_ccache": "true"
2022-12-27T03:22:36.3651400Z }
2022-12-27T03:22:36.3858160Z ##[group]Run actions/setup-python@v4
2022-12-27T03:22:36.3858360Z with:
2022-12-27T03:22:36.3858530Z   python-version: 3.10
2022-12-27T03:22:36.3858770Z   check-latest: false
2022-12-27T03:22:36.3859060Z   token: ***
2022-12-27T03:22:36.3859230Z   update-environment: true
2022-12-27T03:22:36.3859410Z ##[endgroup]
2022-12-27T03:22:36.5045960Z ##[group]Installed versions
2022-12-27T03:22:36.5150090Z Successfully set up CPython (3.10.9)
2022-12-27T03:22:36.5150970Z ##[endgroup]
2022-12-27T03:22:36.5288850Z ##[group]Run if [ "true" == "true" ]
2022-12-27T03:22:36.5289090Z [36;1mif [ "true" == "true" ][0m
2022-12-27T03:22:36.5289280Z [36;1mthen[0m
2022-12-27T03:22:36.5289460Z [36;1m  echo "CCACHE_PATH_PREPEND=/usr/local/opt/ccache/libexec" >> $GITHUB_OUTPUT[0m
2022-12-27T03:22:36.5290020Z [36;1melse[0m
2022-12-27T03:22:36.5290210Z [36;1m  echo "CCACHE_PATH_PREPEND=" >> $GITHUB_OUTPUT[0m
2022-12-27T03:22:36.5290390Z [36;1mfi[0m
2022-12-27T03:22:36.5306290Z shell: /bin/bash -e {0}
2022-12-27T03:22:36.5306500Z env:
2022-12-27T03:22:36.5306720Z   pythonLocation: /Users/runner/hostedtoolcache/Python/3.10.9/x64
2022-12-27T03:22:36.5307000Z   PKG_CONFIG_PATH: /Users/runner/hostedtoolcache/Python/3.10.9/x64/lib/pkgconfig
2022-12-27T03:22:36.5307500Z   Python_ROOT_DIR: /Users/runner/hostedtoolcache/Python/3.10.9/x64
2022-12-27T03:22:36.5307820Z   Python2_ROOT_DIR: /Users/runner/hostedtoolcache/Python/3.10.9/x64
2022-12-27T03:22:36.5308100Z   Python3_ROOT_DIR: /Users/runner/hostedtoolcache/Python/3.10.9/x64
2022-12-27T03:22:36.5308330Z ##[endgroup]
2022-12-27T03:22:36.5409820Z ##[group]Run echo "BUILD_NAME=$(echo grpcio_1.2.1_3.10 | tr -dc '[:alnum:]\n\r' | tr '[:upper:]' '[:lower:]')" >> $GITHUB_OUTPUT
2022-12-27T03:22:36.5410270Z [36;1mecho "BUILD_NAME=$(echo grpcio_1.2.1_3.10 | tr -dc '[:alnum:]\n\r' | tr '[:upper:]' '[:lower:]')" >> $GITHUB_OUTPUT[0m
2022-12-27T03:22:36.5423400Z shell: /bin/bash -e {0}
2022-12-27T03:22:36.5423540Z env:
2022-12-27T03:22:36.5423760Z   pythonLocation: /Users/runner/hostedtoolcache/Python/3.10.9/x64
2022-12-27T03:22:36.5424020Z   PKG_CONFIG_PATH: /Users/runner/hostedtoolcache/Python/3.10.9/x64/lib/pkgconfig
2022-12-27T03:22:36.5424310Z   Python_ROOT_DIR: /Users/runner/hostedtoolcache/Python/3.10.9/x64
2022-12-27T03:22:36.5424600Z   Python2_ROOT_DIR: /Users/runner/hostedtoolcache/Python/3.10.9/x64
2022-12-27T03:22:36.5424840Z   Python3_ROOT_DIR: /Users/runner/hostedtoolcache/Python/3.10.9/x64
2022-12-27T03:22:36.5425040Z ##[endgroup]
2022-12-27T03:22:36.5564490Z ##[group]Run echo "PYTHON_NO_DOTS=$(echo 3.10 | tr -dc '[:alnum:]\n\r' | tr '[:upper:]' '[:lower:]')" >> $GITHUB_OUTPUT
2022-12-27T03:22:36.5564960Z [36;1mecho "PYTHON_NO_DOTS=$(echo 3.10 | tr -dc '[:alnum:]\n\r' | tr '[:upper:]' '[:lower:]')" >> $GITHUB_OUTPUT[0m
2022-12-27T03:22:36.5578680Z shell: /bin/bash -e {0}
2022-12-27T03:22:36.5578830Z env:
2022-12-27T03:22:36.5579030Z   pythonLocation: /Users/runner/hostedtoolcache/Python/3.10.9/x64
2022-12-27T03:22:36.5579330Z   PKG_CONFIG_PATH: /Users/runner/hostedtoolcache/Python/3.10.9/x64/lib/pkgconfig
2022-12-27T03:22:36.5579540Z   Python_ROOT_DIR: /Users/runner/hostedtoolcache/Python/3.10.9/x64
2022-12-27T03:22:36.5579770Z   Python2_ROOT_DIR: /Users/runner/hostedtoolcache/Python/3.10.9/x64
2022-12-27T03:22:36.5580040Z   Python3_ROOT_DIR: /Users/runner/hostedtoolcache/Python/3.10.9/x64
2022-12-27T03:22:36.5580200Z ##[endgroup]
2022-12-27T03:22:36.5684890Z ##[group]Run rm -rf build_grpcio121310
2022-12-27T03:22:36.5685280Z [36;1mrm -rf build_grpcio121310[0m
2022-12-27T03:22:36.5685540Z [36;1mmkdir build_grpcio121310[0m
2022-12-27T03:22:36.5685710Z [36;1mcd build_grpcio121310[0m
2022-12-27T03:22:36.5686060Z [36;1m/usr/local/bin/wget --quiet https://files.pythonhosted.org/packages/ed/38/2171e323136ad6cab50d6cadbdc8fecd468c6aa2795b4a699743d283bed6/grpcio-1.2.1.tar.gz[0m
2022-12-27T03:22:36.5686330Z [36;1mtar xf *.tar.gz[0m
2022-12-27T03:22:36.5686540Z [36;1mcd grpcio-*/[0m
2022-12-27T03:22:36.5686710Z [36;1mpython -m pip install cibuildwheel==2.11.3[0m
2022-12-27T03:22:36.5686910Z [36;1mpython -m cibuildwheel --output-dir ../wheelsout[0m
2022-12-27T03:22:36.5700300Z shell: /bin/bash -e {0}
2022-12-27T03:22:36.5700480Z env:
2022-12-27T03:22:36.5700680Z   pythonLocation: /Users/runner/hostedtoolcache/Python/3.10.9/x64
2022-12-27T03:22:36.5700960Z   PKG_CONFIG_PATH: /Users/runner/hostedtoolcache/Python/3.10.9/x64/lib/pkgconfig
2022-12-27T03:22:36.5701230Z   Python_ROOT_DIR: /Users/runner/hostedtoolcache/Python/3.10.9/x64
2022-12-27T03:22:36.5701460Z   Python2_ROOT_DIR: /Users/runner/hostedtoolcache/Python/3.10.9/x64
2022-12-27T03:22:36.5701680Z   Python3_ROOT_DIR: /Users/runner/hostedtoolcache/Python/3.10.9/x64
2022-12-27T03:22:36.5701850Z   CIBW_ARCHS_MACOS: arm64
2022-12-27T03:22:36.5702020Z   CIBW_TEST_SKIP: *_arm64
2022-12-27T03:22:36.5702230Z   CIBW_BUILD: cp310-macosx_arm64
2022-12-27T03:22:36.5702370Z   CIBW_BUILD_FRONTEND: pip
2022-12-27T03:22:36.5702540Z   CIBW_BUILD_VERBOSITY: 3
2022-12-27T03:22:36.5702910Z   CIBW_ENVIRONMENT_MACOS: GRPC_PYTHON_BUILD_WITH_CYTHON=1 GRPC_BUILD_WITH_BORING_SSL_ASM='' GRPC_PYTHON_BUILD_SYSTEM_OPENSSL=TRUE CFLAGS="-I/usr/local/opt/openssl@3/include" LDFLAGS="-L/usr/local/opt/openssl@3/lib" CPPFLAGS="-I/usr/local/opt/openssl@3/include" MAKEFLAGS="-j$(sysctl -n hw.logicalcpu)" PATH=/usr/local/opt/ccache/libexec:$PATH
2022-12-27T03:22:36.5703540Z   CIBW_BEFORE_BUILD: pip install Cython; if [[ -f requirements.txt ]]; then pip install -r requirements.txt; fi
2022-12-27T03:22:36.5703750Z   MAKEFLAGS: -j$(sysctl -n hw.logicalcpu)
2022-12-27T03:22:36.5703920Z ##[endgroup]
2022-12-27T03:22:37.6341270Z Requirement already satisfied: cibuildwheel==2.11.3 in /Users/runner/hostedtoolcache/Python/3.10.9/x64/lib/python3.10/site-packages (2.11.3)
2022-12-27T03:22:37.6584250Z Requirement already satisfied: tomli in /Users/runner/hostedtoolcache/Python/3.10.9/x64/lib/python3.10/site-packages (from cibuildwheel==2.11.3) (2.0.1)
2022-12-27T03:22:37.6587670Z Requirement already satisfied: bracex in /Users/runner/hostedtoolcache/Python/3.10.9/x64/lib/python3.10/site-packages (from cibuildwheel==2.11.3) (2.3.post1)
2022-12-27T03:22:37.6593480Z Requirement already satisfied: bashlex!=0.13 in /Users/runner/hostedtoolcache/Python/3.10.9/x64/lib/python3.10/site-packages (from cibuildwheel==2.11.3) (0.16)
2022-12-27T03:22:37.6596880Z Requirement already satisfied: platformdirs in /Users/runner/hostedtoolcache/Python/3.10.9/x64/lib/python3.10/site-packages (from cibuildwheel==2.11.3) (2.6.0)
2022-12-27T03:22:37.6599810Z Requirement already satisfied: certifi in /Users/runner/hostedtoolcache/Python/3.10.9/x64/lib/python3.10/site-packages (from cibuildwheel==2.11.3) (2022.12.7)
2022-12-27T03:22:37.6608360Z Requirement already satisfied: typing-extensions>=4.1.0 in /Users/runner/hostedtoolcache/Python/3.10.9/x64/lib/python3.10/site-packages (from cibuildwheel==2.11.3) (4.4.0)
2022-12-27T03:22:37.6611770Z Requirement already satisfied: filelock in /Users/runner/hostedtoolcache/Python/3.10.9/x64/lib/python3.10/site-packages (from cibuildwheel==2.11.3) (3.8.2)
2022-12-27T03:22:37.6616390Z Requirement already satisfied: packaging>=20.9 in /Users/runner/hostedtoolcache/Python/3.10.9/x64/lib/python3.10/site-packages (from cibuildwheel==2.11.3) (22.0)
2022-12-27T03:22:37.8444580Z 
2022-12-27T03:22:37.8444960Z      _ _       _ _   _       _           _
2022-12-27T03:22:37.8445380Z  ___|_| |_ _ _|_| |_| |_ _ _| |_ ___ ___| |
2022-12-27T03:22:37.8447160Z |  _| | . | | | | | . | | | |   | -_| -_| |
2022-12-27T03:22:37.8447420Z |___|_|___|___|_|_|___|_____|_|_|___|___|_|
2022-12-27T03:22:37.8447550Z 
2022-12-27T03:22:37.8447740Z cibuildwheel version 2.11.3
2022-12-27T03:22:37.8447880Z 
2022-12-27T03:22:37.8448020Z Build options:
2022-12-27T03:22:37.8448290Z   platform: macos
2022-12-27T03:22:37.8574670Z   architectures: arm64[0m
2022-12-27T03:22:37.8574920Z   build_selector: 
2022-12-27T03:22:37.8575470Z     build_config: cp310-macosx_arm64
2022-12-27T03:22:37.8575710Z     skip_config: 
2022-12-27T03:22:37.8575940Z     requires_python: None
2022-12-27T03:22:37.8576350Z     prerelease_pythons: False[0m
2022-12-27T03:22:37.8576800Z   [38;5;244mcontainer_engine: docker[0m
2022-12-27T03:22:37.8577250Z   output_dir: /Users/runner/actions-runner/_work/python.build/python.build/build_grpcio121310/wheelsout[0m
2022-12-27T03:22:37.8577960Z   package_dir: /Users/runner/actions-runner/_work/python.build/python.build/build_grpcio121310/grpcio-1.2.1[0m
2022-12-27T03:22:37.8578280Z   test_selector: 
2022-12-27T03:22:37.8578540Z     skip_config: *_arm64[0m
2022-12-27T03:22:37.8578860Z   [38;5;244mbefore_all: [0m
2022-12-27T03:22:37.8579260Z   before_build: pip install Cython; if [[ -f requirements.txt ]]; then pip install -r requirements.txt; fi[0m
2022-12-27T03:22:37.8579570Z   [38;5;244mbefore_test: [0m
2022-12-27T03:22:37.8579840Z   [38;5;244mbuild_frontend: pip[0m
2022-12-27T03:22:37.8580140Z   build_verbosity: 3[0m
2022-12-27T03:22:37.8580380Z   [38;5;244mconfig_settings: [0m
2022-12-27T03:22:37.8580680Z   [38;5;244mdependency_constraints: pinned[0m
2022-12-27T03:22:37.8580910Z   environment: 
2022-12-27T03:22:37.8581110Z     GRPC_PYTHON_BUILD_WITH_CYTHON=1
2022-12-27T03:22:37.8581420Z     GRPC_BUILD_WITH_BORING_SSL_ASM=''
2022-12-27T03:22:37.8581680Z     GRPC_PYTHON_BUILD_SYSTEM_OPENSSL=TRUE
2022-12-27T03:22:37.8582310Z     CFLAGS="-I/usr/local/opt/openssl@3/include"
2022-12-27T03:22:37.8582590Z     LDFLAGS="-L/usr/local/opt/openssl@3/lib"
2022-12-27T03:22:37.8582910Z     CPPFLAGS="-I/usr/local/opt/openssl@3/include"
2022-12-27T03:22:37.8583280Z     MAKEFLAGS="-j$(sysctl -n hw.logicalcpu)"
2022-12-27T03:22:37.8583570Z     PATH=/usr/local/opt/ccache/libexec:$PATH[0m
2022-12-27T03:22:37.8583870Z   [38;5;244mmanylinux_images: None[0m
2022-12-27T03:22:37.8584150Z   [38;5;244mmusllinux_images: None[0m
2022-12-27T03:22:37.8584510Z   [38;5;244mrepair_command: delocate-wheel --require-archs {delocate_archs} -w {dest_dir} -v {wheel}[0m
2022-12-27T03:22:37.8584900Z   [38;5;244mtest_command: [0m
2022-12-27T03:22:37.8585170Z   [38;5;244mtest_extras: [0m
2022-12-27T03:22:37.8585470Z   [38;5;244mtest_requires: [0m
2022-12-27T03:22:37.8585610Z 
2022-12-27T03:22:37.8585750Z Cache folder: /Users/runner/Library/Caches/cibuildwheel
2022-12-27T03:22:37.8597190Z 
2022-12-27T03:22:37.8597530Z Here we go!
2022-12-27T03:22:37.8597680Z 
2022-12-27T03:22:37.8725610Z 
2022-12-27T03:22:37.8725970Z [1m[34mBuilding cp310-macosx_arm64 wheel[0m
2022-12-27T03:22:37.8726340Z CPython 3.10 macOS arm64 - Apple Silicon
2022-12-27T03:22:37.8726450Z 
2022-12-27T03:22:37.8728910Z ##[group]Installing Python cp310...
2022-12-27T03:22:37.8729080Z 
2022-12-27T03:22:37.8729360Z + pkgutil --pkgs
2022-12-27T03:22:37.8825230Z ##[endgroup]
2022-12-27T03:22:37.8826340Z                                                               [32m✓ [0m0.01s
2022-12-27T03:22:37.8826920Z ##[group]Setting up build environment...
2022-12-27T03:22:37.8827170Z 
2022-12-27T03:22:37.8844200Z + /Users/runner/hostedtoolcache/Python/3.10.9/x64/bin/python -sS /Users/runner/Library/Caches/cibuildwheel/virtualenv-20.17.0.pyz --activators= --no-periodic-update --pip=22.3.1 --setuptools=65.6.3 --wheel=0.38.4 --symlink-app-data --python /Library/Frameworks/Python.framework/Versions/3.10/bin/python3 /private/var/folders/51/hd414ycd67n82196sw51xqtc0000gn/T/cibw-run-uhfgzv6z/cp310-macosx_arm64/build/venv
2022-12-27T03:22:38.0747030Z created virtual environment CPython3.10.8.final.0-64 in 53ms
2022-12-27T03:22:38.0748110Z   creator CPython3Posix(dest=/private/var/folders/51/hd414ycd67n82196sw51xqtc0000gn/T/cibw-run-uhfgzv6z/cp310-macosx_arm64/build/venv, clear=False, no_vcs_ignore=False, global=False)
2022-12-27T03:22:38.0748720Z   seeder FromAppData(download=False, pip=22.3.1, setuptools=65.6.3, wheel=0.38.4, via=symlink, app_data_dir=/Users/runner/Library/Application Support/virtualenv)
2022-12-27T03:22:38.0749360Z     added seed packages: pip==22.3.1, setuptools==65.6.3, wheel==0.38.4
2022-12-27T03:22:38.0867120Z + python -m pip install --upgrade pip -c /Users/runner/hostedtoolcache/Python/3.10.9/x64/lib/python3.10/site-packages/cibuildwheel/resources/constraints-python310.txt
2022-12-27T03:22:38.3556850Z Requirement already satisfied: pip in ./lib/python3.10/site-packages (22.3.1)
2022-12-27T03:22:38.4762830Z + which pip
2022-12-27T03:22:38.4780400Z /private/var/folders/51/hd414ycd67n82196sw51xqtc0000gn/T/cibw-run-uhfgzv6z/cp310-macosx_arm64/build/venv/bin/pip
2022-12-27T03:22:38.4784450Z + pip --version
2022-12-27T03:22:38.6690470Z pip 22.3.1 from /private/var/folders/51/hd414ycd67n82196sw51xqtc0000gn/T/cibw-run-uhfgzv6z/cp310-macosx_arm64/build/venv/lib/python3.10/site-packages/pip (python 3.10)
2022-12-27T03:22:38.6934850Z + which pip
2022-12-27T03:22:38.6963370Z + which python
2022-12-27T03:22:38.6984380Z /private/var/folders/51/hd414ycd67n82196sw51xqtc0000gn/T/cibw-run-uhfgzv6z/cp310-macosx_arm64/build/venv/bin/python
2022-12-27T03:22:38.6986830Z + python --version
2022-12-27T03:22:38.7044110Z Python 3.10.8
2022-12-27T03:22:38.7047200Z + which python
2022-12-27T03:22:38.7105990Z ##[endgroup]
2022-12-27T03:22:38.7106620Z                                                               [32m✓ [0m0.83s
2022-12-27T03:22:38.7107220Z ##[group]Installing build tools...
2022-12-27T03:22:38.7107410Z 
2022-12-27T03:22:38.7107940Z + pip install --upgrade setuptools wheel delocate -c /Users/runner/hostedtoolcache/Python/3.10.9/x64/lib/python3.10/site-packages/cibuildwheel/resources/constraints-python310.txt
2022-12-27T03:22:38.9784490Z Requirement already satisfied: setuptools in /private/var/folders/51/hd414ycd67n82196sw51xqtc0000gn/T/cibw-run-uhfgzv6z/cp310-macosx_arm64/build/venv/lib/python3.10/site-packages (65.6.3)
2022-12-27T03:22:39.1635580Z Requirement already satisfied: wheel in /private/var/folders/51/hd414ycd67n82196sw51xqtc0000gn/T/cibw-run-uhfgzv6z/cp310-macosx_arm64/build/venv/lib/python3.10/site-packages (0.38.4)
2022-12-27T03:22:39.2103270Z Collecting delocate
2022-12-27T03:22:39.2124300Z   Using cached delocate-0.10.3-py3-none-any.whl (142 kB)
2022-12-27T03:22:39.2384920Z Collecting packaging>=20.9
2022-12-27T03:22:39.2402570Z   Using cached packaging-21.3-py3-none-any.whl (40 kB)
2022-12-27T03:22:39.2546330Z Collecting typing-extensions
2022-12-27T03:22:39.2563150Z   Using cached typing_extensions-4.4.0-py3-none-any.whl (26 kB)
2022-12-27T03:22:39.2891350Z Collecting pyparsing!=3.0.5,>=2.0.2
2022-12-27T03:22:39.2907210Z   Using cached pyparsing-3.0.9-py3-none-any.whl (98 kB)
2022-12-27T03:22:39.3222230Z Installing collected packages: typing-extensions, pyparsing, packaging, delocate
2022-12-27T03:22:39.4436970Z Successfully installed delocate-0.10.3 packaging-21.3 pyparsing-3.0.9 typing-extensions-4.4.0
2022-12-27T03:22:39.4883090Z ##[endgroup]
2022-12-27T03:22:39.4883730Z                                                               [32m✓ [0m0.78s
2022-12-27T03:22:39.4884480Z ##[group]Running before_build...
2022-12-27T03:22:39.4884660Z 
2022-12-27T03:22:39.4892070Z + pip install Cython; if [[ -f requirements.txt ]]; then pip install -r requirements.txt; fi
2022-12-27T03:22:40.1486810Z Collecting Cython
2022-12-27T03:22:40.1560090Z   Using cached Cython-0.29.32-py2.py3-none-any.whl (986 kB)
2022-12-27T03:22:40.1993520Z Installing collected packages: Cython
2022-12-27T03:22:40.5977150Z Successfully installed Cython-0.29.32
2022-12-27T03:22:41.2440510Z Collecting coverage>=4.0
2022-12-27T03:22:41.2468050Z   Using cached coverage-7.0.1-cp310-cp310-macosx_10_9_x86_64.whl (188 kB)
2022-12-27T03:22:41.2568200Z Requirement already satisfied: cython>=0.23 in /private/var/folders/51/hd414ycd67n82196sw51xqtc0000gn/T/cibw-run-uhfgzv6z/cp310-macosx_arm64/build/venv/lib/python3.10/site-packages (from -r requirements.txt (line 3)) (0.29.32)
2022-12-27T03:22:41.2693470Z Collecting enum34>=1.0.4
2022-12-27T03:22:41.2710450Z   Using cached enum34-1.1.10-py3-none-any.whl (11 kB)
2022-12-27T03:22:41.2843330Z Collecting futures>=2.2.0
2022-12-27T03:22:41.2844900Z   Using cached futures-3.0.5-py3-none-any.whl
2022-12-27T03:22:41.5459800Z Collecting protobuf>=3.2.0
2022-12-27T03:22:41.5488420Z   Using cached protobuf-4.21.12-cp37-abi3-macosx_10_9_universal2.whl (486 kB)
2022-12-27T03:22:41.5726660Z Collecting six>=1.10
2022-12-27T03:22:41.5742520Z   Using cached six-1.16.0-py2.py3-none-any.whl (11 kB)
2022-12-27T03:22:41.5756930Z Requirement already satisfied: wheel>=0.29 in /private/var/folders/51/hd414ycd67n82196sw51xqtc0000gn/T/cibw-run-uhfgzv6z/cp310-macosx_arm64/build/venv/lib/python3.10/site-packages (from -r requirements.txt (line 8)) (0.38.4)
2022-12-27T03:22:41.6109050Z Installing collected packages: futures, enum34, six, protobuf, coverage
2022-12-27T03:22:41.8311400Z Successfully installed coverage-7.0.1 enum34-1.1.10 futures-3.0.5 protobuf-4.21.12 six-1.16.0
2022-12-27T03:22:41.8829780Z ##[endgroup]
2022-12-27T03:22:41.8830500Z                                                               [32m✓ [0m2.39s
2022-12-27T03:22:41.8830910Z ##[group]Building wheel...
2022-12-27T03:22:41.8831030Z 
2022-12-27T03:22:41.8836940Z + python -m pip wheel /Users/runner/actions-runner/_work/python.build/python.build/build_grpcio121310/grpcio-1.2.1 --wheel-dir=/private/var/folders/51/hd414ycd67n82196sw51xqtc0000gn/T/cibw-run-uhfgzv6z/cp310-macosx_arm64/built_wheel --no-deps -vvv
2022-12-27T03:22:42.1342920Z Created temporary directory: /private/var/folders/51/hd414ycd67n82196sw51xqtc0000gn/T/pip-ephem-wheel-cache-_6r5vuer
2022-12-27T03:22:42.1347870Z Created temporary directory: /private/var/folders/51/hd414ycd67n82196sw51xqtc0000gn/T/pip-build-tracker-m95dg_a6
2022-12-27T03:22:42.1349570Z Initialized build tracking at /private/var/folders/51/hd414ycd67n82196sw51xqtc0000gn/T/pip-build-tracker-m95dg_a6
2022-12-27T03:22:42.1351270Z Created build tracker: /private/var/folders/51/hd414ycd67n82196sw51xqtc0000gn/T/pip-build-tracker-m95dg_a6
2022-12-27T03:22:42.1352250Z Entered build tracker: /private/var/folders/51/hd414ycd67n82196sw51xqtc0000gn/T/pip-build-tracker-m95dg_a6
2022-12-27T03:22:42.1355420Z Created temporary directory: /private/var/folders/51/hd414ycd67n82196sw51xqtc0000gn/T/pip-wheel-t6pwhasb
2022-12-27T03:22:42.1361270Z Created temporary directory: /private/var/folders/51/hd414ycd67n82196sw51xqtc0000gn/T/pip-ephem-wheel-cache-samatbxc
2022-12-27T03:22:42.1516630Z Processing /Users/runner/actions-runner/_work/python.build/python.build/build_grpcio121310/grpcio-1.2.1
2022-12-27T03:22:42.1521620Z   Added file:///Users/runner/actions-runner/_work/python.build/python.build/build_grpcio121310/grpcio-1.2.1 to build tracker '/private/var/folders/51/hd414ycd67n82196sw51xqtc0000gn/T/pip-build-tracker-m95dg_a6'
2022-12-27T03:22:42.1525040Z   Running setup.py (path:/Users/runner/actions-runner/_work/python.build/python.build/build_grpcio121310/grpcio-1.2.1/setup.py) egg_info for package from file:///Users/runner/actions-runner/_work/python.build/python.build/build_grpcio121310/grpcio-1.2.1
2022-12-27T03:22:42.1527900Z   Created temporary directory: /private/var/folders/51/hd414ycd67n82196sw51xqtc0000gn/T/pip-pip-egg-info-zop8tqx0
2022-12-27T03:22:42.1529250Z   Preparing metadata (setup.py): started
2022-12-27T03:22:42.1530770Z   Running command python setup.py egg_info
2022-12-27T03:22:42.5350430Z   /private/var/folders/51/hd414ycd67n82196sw51xqtc0000gn/T/cibw-run-uhfgzv6z/cp310-macosx_arm64/build/venv/lib/python3.10/site-packages/Cython/Compiler/Main.py:369: FutureWarning: Cython directive 'language_level' not set, using 2 for now (Py2). This will change in a later release! File: /Users/runner/actions-runner/_work/python.build/python.build/build_grpcio121310/grpcio-1.2.1/src/python/grpcio/grpc/_cython/cygrpc.pxd
2022-12-27T03:22:42.5351160Z     tree = Parsing.p_module(s, pxd, full_module_name)
2022-12-27T03:22:42.5867030Z   warning: src/python/grpcio/grpc/_cython/_cygrpc/grpc.pxi:150:13: 'GRPC_ARG_PRIMARY_USER_AGENT_STRING' redeclared
2022-12-27T03:22:43.4379960Z   Compiling src/python/grpcio/grpc/_cython/cygrpc.pyx because it depends on /private/var/folders/51/hd414ycd67n82196sw51xqtc0000gn/T/cibw-run-uhfgzv6z/cp310-macosx_arm64/build/venv/lib/python3.10/site-packages/Cython/Includes/libc/time.pxd.
2022-12-27T03:22:43.4380680Z   [1/1] Cythonizing src/python/grpcio/grpc/_cython/cygrpc.pyx
2022-12-27T03:22:43.4557740Z   running egg_info
2022-12-27T03:22:43.4561430Z   creating /private/var/folders/51/hd414ycd67n82196sw51xqtc0000gn/T/pip-pip-egg-info-zop8tqx0/grpcio.egg-info
2022-12-27T03:22:43.4572780Z   writing /private/var/folders/51/hd414ycd67n82196sw51xqtc0000gn/T/pip-pip-egg-info-zop8tqx0/grpcio.egg-info/PKG-INFO
2022-12-27T03:22:43.4575000Z   writing dependency_links to /private/var/folders/51/hd414ycd67n82196sw51xqtc0000gn/T/pip-pip-egg-info-zop8tqx0/grpcio.egg-info/dependency_links.txt
2022-12-27T03:22:43.4579010Z   writing requirements to /private/var/folders/51/hd414ycd67n82196sw51xqtc0000gn/T/pip-pip-egg-info-zop8tqx0/grpcio.egg-info/requires.txt
2022-12-27T03:22:43.4580730Z   writing top-level names to /private/var/folders/51/hd414ycd67n82196sw51xqtc0000gn/T/pip-pip-egg-info-zop8tqx0/grpcio.egg-info/top_level.txt
2022-12-27T03:22:43.4582660Z   writing manifest file '/private/var/folders/51/hd414ycd67n82196sw51xqtc0000gn/T/pip-pip-egg-info-zop8tqx0/grpcio.egg-info/SOURCES.txt'
2022-12-27T03:22:43.4662010Z   reading manifest file '/private/var/folders/51/hd414ycd67n82196sw51xqtc0000gn/T/pip-pip-egg-info-zop8tqx0/grpcio.egg-info/SOURCES.txt'
2022-12-27T03:22:43.4663740Z   reading manifest template 'PYTHON-MANIFEST.in'
2022-12-27T03:22:43.4688330Z   warning: no files found matching '*.h' under directory 'src/python/grpcio/grpc'
2022-12-27T03:22:43.4749380Z   warning: no files found matching '*.python' under directory 'src/python/grpcio/grpc'
2022-12-27T03:22:43.4763030Z   warning: no previously-included files matching '*.so' found under directory 'src/python/grpcio/grpc/_cython'
2022-12-27T03:22:43.4765780Z   warning: no previously-included files matching '*.pyd' found under directory 'src/python/grpcio/grpc/_cython'
2022-12-27T03:22:43.5233300Z   warning: no files found matching 'src/python/grpcio/precompiled.py'
2022-12-27T03:22:43.5549670Z   writing manifest file '/private/var/folders/51/hd414ycd67n82196sw51xqtc0000gn/T/pip-pip-egg-info-zop8tqx0/grpcio.egg-info/SOURCES.txt'
2022-12-27T03:22:43.6262960Z   Preparing metadata (setup.py): finished with status 'done'
2022-12-27T03:22:43.6284140Z   Source in /Users/runner/actions-runner/_work/python.build/python.build/build_grpcio121310/grpcio-1.2.1 has version 1.2.1, which satisfies requirement grpcio==1.2.1 from file:///Users/runner/actions-runner/_work/python.build/python.build/build_grpcio121310/grpcio-1.2.1
2022-12-27T03:22:43.6287260Z   Removed grpcio==1.2.1 from file:///Users/runner/actions-runner/_work/python.build/python.build/build_grpcio121310/grpcio-1.2.1 from build tracker '/private/var/folders/51/hd414ycd67n82196sw51xqtc0000gn/T/pip-build-tracker-m95dg_a6'
2022-12-27T03:22:43.6303300Z Created temporary directory: /private/var/folders/51/hd414ycd67n82196sw51xqtc0000gn/T/pip-unpack-rwjci_qq
2022-12-27T03:22:43.6305050Z Building wheels for collected packages: grpcio
2022-12-27T03:22:43.6311530Z   Created temporary directory: /private/var/folders/51/hd414ycd67n82196sw51xqtc0000gn/T/pip-wheel-oclg6ybp
2022-12-27T03:22:43.6312820Z   Building wheel for grpcio (setup.py): started
2022-12-27T03:22:43.6314680Z   Destination directory: /private/var/folders/51/hd414ycd67n82196sw51xqtc0000gn/T/pip-wheel-oclg6ybp
2022-12-27T03:22:43.6315560Z   Running command python setup.py bdist_wheel
2022-12-27T03:22:43.9988280Z   running bdist_wheel
2022-12-27T03:22:44.0009310Z   running build
2022-12-27T03:22:44.0011420Z   running build_py
2022-12-27T03:22:44.0012730Z   running build_project_metadata
2022-12-27T03:22:44.0017110Z   creating python_build
2022-12-27T03:22:44.0018930Z   creating python_build/lib.macosx-11.0-arm64-cpython-310
2022-12-27T03:22:44.0020390Z   creating python_build/lib.macosx-11.0-arm64-cpython-310/grpc
2022-12-27T03:22:44.0022450Z   copying src/python/grpcio/grpc/_channel.py -> python_build/lib.macosx-11.0-arm64-cpython-310/grpc
2022-12-27T03:22:44.0026860Z   copying src/python/grpcio/grpc/_common.py -> python_build/lib.macosx-11.0-arm64-cpython-310/grpc
2022-12-27T03:22:44.0028960Z   copying src/python/grpcio/grpc/__init__.py -> python_build/lib.macosx-11.0-arm64-cpython-310/grpc
2022-12-27T03:22:44.0031240Z   copying src/python/grpcio/grpc/_utilities.py -> python_build/lib.macosx-11.0-arm64-cpython-310/grpc
2022-12-27T03:22:44.0033170Z   copying src/python/grpcio/grpc/_plugin_wrapping.py -> python_build/lib.macosx-11.0-arm64-cpython-310/grpc
2022-12-27T03:22:44.0036230Z   copying src/python/grpcio/grpc/_grpcio_metadata.py -> python_build/lib.macosx-11.0-arm64-cpython-310/grpc
2022-12-27T03:22:44.0038860Z   copying src/python/grpcio/grpc/_server.py -> python_build/lib.macosx-11.0-arm64-cpython-310/grpc
2022-12-27T03:22:44.0041210Z   copying src/python/grpcio/grpc/_auth.py -> python_build/lib.macosx-11.0-arm64-cpython-310/grpc
2022-12-27T03:22:44.0043620Z   copying src/python/grpcio/grpc/_credential_composition.py -> python_build/lib.macosx-11.0-arm64-cpython-310/grpc
2022-12-27T03:22:44.0049260Z   creating python_build/lib.macosx-11.0-arm64-cpython-310/grpc/beta
2022-12-27T03:22:44.0050900Z   copying src/python/grpcio/grpc/beta/_server_adaptations.py -> python_build/lib.macosx-11.0-arm64-cpython-310/grpc/beta
2022-12-27T03:22:44.0053670Z   copying src/python/grpcio/grpc/beta/interfaces.py -> python_build/lib.macosx-11.0-arm64-cpython-310/grpc/beta
2022-12-27T03:22:44.0055720Z   copying src/python/grpcio/grpc/beta/__init__.py -> python_build/lib.macosx-11.0-arm64-cpython-310/grpc/beta
2022-12-27T03:22:44.0058320Z   copying src/python/grpcio/grpc/beta/utilities.py -> python_build/lib.macosx-11.0-arm64-cpython-310/grpc/beta
2022-12-27T03:22:44.0061160Z   copying src/python/grpcio/grpc/beta/implementations.py -> python_build/lib.macosx-11.0-arm64-cpython-310/grpc/beta
2022-12-27T03:22:44.0063660Z   copying src/python/grpcio/grpc/beta/_client_adaptations.py -> python_build/lib.macosx-11.0-arm64-cpython-310/grpc/beta
2022-12-27T03:22:44.0068070Z   creating python_build/lib.macosx-11.0-arm64-cpython-310/grpc/framework
2022-12-27T03:22:44.0069630Z   copying src/python/grpcio/grpc/framework/__init__.py -> python_build/lib.macosx-11.0-arm64-cpython-310/grpc/framework
2022-12-27T03:22:44.0073180Z   creating python_build/lib.macosx-11.0-arm64-cpython-310/grpc/_cython
2022-12-27T03:22:44.0074500Z   copying src/python/grpcio/grpc/_cython/__init__.py -> python_build/lib.macosx-11.0-arm64-cpython-310/grpc/_cython
2022-12-27T03:22:44.0080440Z   creating python_build/lib.macosx-11.0-arm64-cpython-310/grpc/framework/foundation
2022-12-27T03:22:44.0081680Z   copying src/python/grpcio/grpc/framework/foundation/callable_util.py -> python_build/lib.macosx-11.0-arm64-cpython-310/grpc/framework/foundation
2022-12-27T03:22:44.0084880Z   copying src/python/grpcio/grpc/framework/foundation/abandonment.py -> python_build/lib.macosx-11.0-arm64-cpython-310/grpc/framework/foundation
2022-12-27T03:22:44.0086730Z   copying src/python/grpcio/grpc/framework/foundation/__init__.py -> python_build/lib.macosx-11.0-arm64-cpython-310/grpc/framework/foundation
2022-12-27T03:22:44.0090210Z   copying src/python/grpcio/grpc/framework/foundation/stream.py -> python_build/lib.macosx-11.0-arm64-cpython-310/grpc/framework/foundation
2022-12-27T03:22:44.0091980Z   copying src/python/grpcio/grpc/framework/foundation/stream_util.py -> python_build/lib.macosx-11.0-arm64-cpython-310/grpc/framework/foundation
2022-12-27T03:22:44.0094420Z   copying src/python/grpcio/grpc/framework/foundation/future.py -> python_build/lib.macosx-11.0-arm64-cpython-310/grpc/framework/foundation
2022-12-27T03:22:44.0096830Z   copying src/python/grpcio/grpc/framework/foundation/logging_pool.py -> python_build/lib.macosx-11.0-arm64-cpython-310/grpc/framework/foundation
2022-12-27T03:22:44.0101480Z   creating python_build/lib.macosx-11.0-arm64-cpython-310/grpc/framework/common
2022-12-27T03:22:44.0103030Z   copying src/python/grpcio/grpc/framework/common/style.py -> python_build/lib.macosx-11.0-arm64-cpython-310/grpc/framework/common
2022-12-27T03:22:44.0106610Z   copying src/python/grpcio/grpc/framework/common/cardinality.py -> python_build/lib.macosx-11.0-arm64-cpython-310/grpc/framework/common
2022-12-27T03:22:44.0109880Z   copying src/python/grpcio/grpc/framework/common/__init__.py -> python_build/lib.macosx-11.0-arm64-cpython-310/grpc/framework/common
2022-12-27T03:22:44.0113360Z   creating python_build/lib.macosx-11.0-arm64-cpython-310/grpc/framework/interfaces
2022-12-27T03:22:44.0114880Z   copying src/python/grpcio/grpc/framework/interfaces/__init__.py -> python_build/lib.macosx-11.0-arm64-cpython-310/grpc/framework/interfaces
2022-12-27T03:22:44.0119040Z   creating python_build/lib.macosx-11.0-arm64-cpython-310/grpc/framework/interfaces/face
2022-12-27T03:22:44.0120390Z   copying src/python/grpcio/grpc/framework/interfaces/face/__init__.py -> python_build/lib.macosx-11.0-arm64-cpython-310/grpc/framework/interfaces/face
2022-12-27T03:22:44.0122640Z   copying src/python/grpcio/grpc/framework/interfaces/face/utilities.py -> python_build/lib.macosx-11.0-arm64-cpython-310/grpc/framework/interfaces/face
2022-12-27T03:22:44.0126110Z   copying src/python/grpcio/grpc/framework/interfaces/face/face.py -> python_build/lib.macosx-11.0-arm64-cpython-310/grpc/framework/interfaces/face
2022-12-27T03:22:44.0130910Z   creating python_build/lib.macosx-11.0-arm64-cpython-310/grpc/framework/interfaces/base
2022-12-27T03:22:44.0132600Z   copying src/python/grpcio/grpc/framework/interfaces/base/__init__.py -> python_build/lib.macosx-11.0-arm64-cpython-310/grpc/framework/interfaces/base
2022-12-27T03:22:44.0135100Z   copying src/python/grpcio/grpc/framework/interfaces/base/utilities.py -> python_build/lib.macosx-11.0-arm64-cpython-310/grpc/framework/interfaces/base
2022-12-27T03:22:44.0137710Z   copying src/python/grpcio/grpc/framework/interfaces/base/base.py -> python_build/lib.macosx-11.0-arm64-cpython-310/grpc/framework/interfaces/base
2022-12-27T03:22:44.0141690Z   creating python_build/lib.macosx-11.0-arm64-cpython-310/grpc/_cython/_cygrpc
2022-12-27T03:22:44.0143350Z   copying src/python/grpcio/grpc/_cython/_cygrpc/__init__.py -> python_build/lib.macosx-11.0-arm64-cpython-310/grpc/_cython/_cygrpc
2022-12-27T03:22:44.0148230Z   creating python_build/lib.macosx-11.0-arm64-cpython-310/grpc/_cython/_credentials
2022-12-27T03:22:44.0149520Z   copying src/python/grpcio/grpc/_cython/_credentials/roots.pem -> python_build/lib.macosx-11.0-arm64-cpython-310/grpc/_cython/_credentials
2022-12-27T03:22:44.0172020Z   running build_ext
2022-12-27T03:22:44.0181340Z   Found cython-generated files...
2022-12-27T03:22:44.0189120Z   building 'grpc._cython.cygrpc' extension
2022-12-27T03:22:44.0210400Z   creating python_build/temp.macosx-11.0-arm64-cpython-310
2022-12-27T03:22:44.0211900Z   creating python_build/temp.macosx-11.0-arm64-cpython-310/src
2022-12-27T03:22:44.0213540Z   creating python_build/temp.macosx-11.0-arm64-cpython-310/src/boringssl
2022-12-27T03:22:44.0214990Z   creating python_build/temp.macosx-11.0-arm64-cpython-310/src/core
2022-12-27T03:22:44.0216430Z   creating python_build/temp.macosx-11.0-arm64-cpython-310/src/core/ext
2022-12-27T03:22:44.0217750Z   creating python_build/temp.macosx-11.0-arm64-cpython-310/src/core/ext/census
2022-12-27T03:22:44.0219350Z   creating python_build/temp.macosx-11.0-arm64-cpython-310/src/core/ext/census/gen
2022-12-27T03:22:44.0220450Z   creating python_build/temp.macosx-11.0-arm64-cpython-310/src/core/ext/client_channel
2022-12-27T03:22:44.0222360Z   creating python_build/temp.macosx-11.0-arm64-cpython-310/src/core/ext/lb_policy
2022-12-27T03:22:44.0224240Z   creating python_build/temp.macosx-11.0-arm64-cpython-310/src/core/ext/lb_policy/grpclb
2022-12-27T03:22:44.0225650Z   creating python_build/temp.macosx-11.0-arm64-cpython-310/src/core/ext/lb_policy/grpclb/proto
2022-12-27T03:22:44.0288390Z   creating python_build/temp.macosx-11.0-arm64-cpython-310/src/core/ext/lb_policy/grpclb/proto/grpc
2022-12-27T03:22:44.0289040Z   creating python_build/temp.macosx-11.0-arm64-cpython-310/src/core/ext/lb_policy/grpclb/proto/grpc/lb
2022-12-27T03:22:44.0289550Z   creating python_build/temp.macosx-11.0-arm64-cpython-310/src/core/ext/lb_policy/grpclb/proto/grpc/lb/v1
2022-12-27T03:22:44.0289940Z   creating python_build/temp.macosx-11.0-arm64-cpython-310/src/core/ext/lb_policy/pick_first
2022-12-27T03:22:44.0290430Z   creating python_build/temp.macosx-11.0-arm64-cpython-310/src/core/ext/lb_policy/round_robin
2022-12-27T03:22:44.0290840Z   creating python_build/temp.macosx-11.0-arm64-cpython-310/src/core/ext/load_reporting
2022-12-27T03:22:44.0291180Z   creating python_build/temp.macosx-11.0-arm64-cpython-310/src/core/ext/resolver
2022-12-27T03:22:44.0291460Z   creating python_build/temp.macosx-11.0-arm64-cpython-310/src/core/ext/resolver/dns
2022-12-27T03:22:44.0291770Z   creating python_build/temp.macosx-11.0-arm64-cpython-310/src/core/ext/resolver/dns/native
2022-12-27T03:22:44.0292120Z   creating python_build/temp.macosx-11.0-arm64-cpython-310/src/core/ext/resolver/sockaddr
2022-12-27T03:22:44.0292490Z   creating python_build/temp.macosx-11.0-arm64-cpython-310/src/core/ext/transport
2022-12-27T03:22:44.0292790Z   creating python_build/temp.macosx-11.0-arm64-cpython-310/src/core/ext/transport/chttp2
2022-12-27T03:22:44.0293110Z   creating python_build/temp.macosx-11.0-arm64-cpython-310/src/core/ext/transport/chttp2/alpn
2022-12-27T03:22:44.0293480Z   creating python_build/temp.macosx-11.0-arm64-cpython-310/src/core/ext/transport/chttp2/client
2022-12-27T03:22:44.0294240Z   creating python_build/temp.macosx-11.0-arm64-cpython-310/src/core/ext/transport/chttp2/client/insecure
2022-12-27T03:22:44.0294590Z   creating python_build/temp.macosx-11.0-arm64-cpython-310/src/core/ext/transport/chttp2/client/secure
2022-12-27T03:22:44.0295160Z   creating python_build/temp.macosx-11.0-arm64-cpython-310/src/core/ext/transport/chttp2/server
2022-12-27T03:22:44.0295540Z   creating python_build/temp.macosx-11.0-arm64-cpython-310/src/core/ext/transport/chttp2/server/insecure
2022-12-27T03:22:44.0295910Z   creating python_build/temp.macosx-11.0-arm64-cpython-310/src/core/ext/transport/chttp2/server/secure
2022-12-27T03:22:44.0296240Z   creating python_build/temp.macosx-11.0-arm64-cpython-310/src/core/ext/transport/chttp2/transport
2022-12-27T03:22:44.0296600Z   creating python_build/temp.macosx-11.0-arm64-cpython-310/src/core/lib
2022-12-27T03:22:44.0297090Z   creating python_build/temp.macosx-11.0-arm64-cpython-310/src/core/lib/channel
2022-12-27T03:22:44.0297440Z   creating python_build/temp.macosx-11.0-arm64-cpython-310/src/core/lib/compression
2022-12-27T03:22:44.0297740Z   creating python_build/temp.macosx-11.0-arm64-cpython-310/src/core/lib/debug
2022-12-27T03:22:44.0298070Z   creating python_build/temp.macosx-11.0-arm64-cpython-310/src/core/lib/http
2022-12-27T03:22:44.0298360Z   creating python_build/temp.macosx-11.0-arm64-cpython-310/src/core/lib/iomgr
2022-12-27T03:22:44.0298640Z   creating python_build/temp.macosx-11.0-arm64-cpython-310/src/core/lib/json
2022-12-27T03:22:44.0298960Z   creating python_build/temp.macosx-11.0-arm64-cpython-310/src/core/lib/profiling
2022-12-27T03:22:44.0299410Z   creating python_build/temp.macosx-11.0-arm64-cpython-310/src/core/lib/security
2022-12-27T03:22:44.0299720Z   creating python_build/temp.macosx-11.0-arm64-cpython-310/src/core/lib/security/context
2022-12-27T03:22:44.0300080Z   creating python_build/temp.macosx-11.0-arm64-cpython-310/src/core/lib/security/credentials
2022-12-27T03:22:44.0300450Z   creating python_build/temp.macosx-11.0-arm64-cpython-310/src/core/lib/security/credentials/composite
2022-12-27T03:22:44.0301020Z   creating python_build/temp.macosx-11.0-arm64-cpython-310/src/core/lib/security/credentials/fake
2022-12-27T03:22:44.0301390Z   creating python_build/temp.macosx-11.0-arm64-cpython-310/src/core/lib/security/credentials/google_default
2022-12-27T03:22:44.0301770Z   creating python_build/temp.macosx-11.0-arm64-cpython-310/src/core/lib/security/credentials/iam
2022-12-27T03:22:44.0302220Z   creating python_build/temp.macosx-11.0-arm64-cpython-310/src/core/lib/security/credentials/jwt
2022-12-27T03:22:44.0302630Z   creating python_build/temp.macosx-11.0-arm64-cpython-310/src/core/lib/security/credentials/oauth2
2022-12-27T03:22:44.0302960Z   creating python_build/temp.macosx-11.0-arm64-cpython-310/src/core/lib/security/credentials/plugin
2022-12-27T03:22:44.0303310Z   creating python_build/temp.macosx-11.0-arm64-cpython-310/src/core/lib/security/credentials/ssl
2022-12-27T03:22:44.0303660Z   creating python_build/temp.macosx-11.0-arm64-cpython-310/src/core/lib/security/transport
2022-12-27T03:22:44.0304020Z   creating python_build/temp.macosx-11.0-arm64-cpython-310/src/core/lib/security/util
2022-12-27T03:22:44.0304320Z   creating python_build/temp.macosx-11.0-arm64-cpython-310/src/core/lib/slice
2022-12-27T03:22:44.0304640Z   creating python_build/temp.macosx-11.0-arm64-cpython-310/src/core/lib/support
2022-12-27T03:22:44.0305010Z   creating python_build/temp.macosx-11.0-arm64-cpython-310/src/core/lib/surface
2022-12-27T03:22:44.0305310Z   creating python_build/temp.macosx-11.0-arm64-cpython-310/src/core/lib/transport
2022-12-27T03:22:44.0305780Z   creating python_build/temp.macosx-11.0-arm64-cpython-310/src/core/lib/tsi
2022-12-27T03:22:44.0306110Z   creating python_build/temp.macosx-11.0-arm64-cpython-310/src/core/plugin_registry
2022-12-27T03:22:44.0307910Z   creating python_build/temp.macosx-11.0-arm64-cpython-310/src/python
2022-12-27T03:22:44.0308870Z   creating python_build/temp.macosx-11.0-arm64-cpython-310/src/python/grpcio
2022-12-27T03:22:44.0310420Z   creating python_build/temp.macosx-11.0-arm64-cpython-310/src/python/grpcio/grpc
2022-12-27T03:22:44.0311660Z   creating python_build/temp.macosx-11.0-arm64-cpython-310/src/python/grpcio/grpc/_cython
2022-12-27T03:22:44.0312840Z   creating python_build/temp.macosx-11.0-arm64-cpython-310/third_party
2022-12-27T03:22:44.0314230Z   creating python_build/temp.macosx-11.0-arm64-cpython-310/third_party/boringssl
2022-12-27T03:22:44.0315510Z   creating python_build/temp.macosx-11.0-arm64-cpython-310/third_party/boringssl/crypto
2022-12-27T03:22:44.0316690Z   creating python_build/temp.macosx-11.0-arm64-cpython-310/third_party/boringssl/crypto/aes
2022-12-27T03:22:44.0318040Z   creating python_build/temp.macosx-11.0-arm64-cpython-310/third_party/boringssl/crypto/asn1
2022-12-27T03:22:44.0321020Z   creating python_build/temp.macosx-11.0-arm64-cpython-310/third_party/boringssl/crypto/base64
2022-12-27T03:22:44.0322660Z   creating python_build/temp.macosx-11.0-arm64-cpython-310/third_party/boringssl/crypto/bio
2022-12-27T03:22:44.0324110Z   creating python_build/temp.macosx-11.0-arm64-cpython-310/third_party/boringssl/crypto/bn
2022-12-27T03:22:44.0325900Z   creating python_build/temp.macosx-11.0-arm64-cpython-310/third_party/boringssl/crypto/bn/asm
2022-12-27T03:22:44.0328940Z   creating python_build/temp.macosx-11.0-arm64-cpython-310/third_party/boringssl/crypto/buf
2022-12-27T03:22:44.0330490Z   creating python_build/temp.macosx-11.0-arm64-cpython-310/third_party/boringssl/crypto/bytestring
2022-12-27T03:22:44.0332030Z   creating python_build/temp.macosx-11.0-arm64-cpython-310/third_party/boringssl/crypto/chacha
2022-12-27T03:22:44.0333620Z   creating python_build/temp.macosx-11.0-arm64-cpython-310/third_party/boringssl/crypto/cipher
2022-12-27T03:22:44.0335180Z   creating python_build/temp.macosx-11.0-arm64-cpython-310/third_party/boringssl/crypto/cmac
2022-12-27T03:22:44.0337200Z   creating python_build/temp.macosx-11.0-arm64-cpython-310/third_party/boringssl/crypto/conf
2022-12-27T03:22:44.0338970Z   creating python_build/temp.macosx-11.0-arm64-cpython-310/third_party/boringssl/crypto/curve25519
2022-12-27T03:22:44.0340610Z   creating python_build/temp.macosx-11.0-arm64-cpython-310/third_party/boringssl/crypto/des
2022-12-27T03:22:44.0342060Z   creating python_build/temp.macosx-11.0-arm64-cpython-310/third_party/boringssl/crypto/dh
2022-12-27T03:22:44.0344020Z   creating python_build/temp.macosx-11.0-arm64-cpython-310/third_party/boringssl/crypto/digest
2022-12-27T03:22:44.0345810Z   creating python_build/temp.macosx-11.0-arm64-cpython-310/third_party/boringssl/crypto/dsa
2022-12-27T03:22:44.0347090Z   creating python_build/temp.macosx-11.0-arm64-cpython-310/third_party/boringssl/crypto/ec
2022-12-27T03:22:44.0349240Z   creating python_build/temp.macosx-11.0-arm64-cpython-310/third_party/boringssl/crypto/ecdh
2022-12-27T03:22:44.0350300Z   creating python_build/temp.macosx-11.0-arm64-cpython-310/third_party/boringssl/crypto/ecdsa
2022-12-27T03:22:44.0351910Z   creating python_build/temp.macosx-11.0-arm64-cpython-310/third_party/boringssl/crypto/engine
2022-12-27T03:22:44.0353380Z   creating python_build/temp.macosx-11.0-arm64-cpython-310/third_party/boringssl/crypto/err
2022-12-27T03:22:44.0355990Z   creating python_build/temp.macosx-11.0-arm64-cpython-310/third_party/boringssl/crypto/evp
2022-12-27T03:22:44.0357810Z   creating python_build/temp.macosx-11.0-arm64-cpython-310/third_party/boringssl/crypto/hkdf
2022-12-27T03:22:44.0359330Z   creating python_build/temp.macosx-11.0-arm64-cpython-310/third_party/boringssl/crypto/hmac
2022-12-27T03:22:44.0360820Z   creating python_build/temp.macosx-11.0-arm64-cpython-310/third_party/boringssl/crypto/lhash
2022-12-27T03:22:44.0362420Z   creating python_build/temp.macosx-11.0-arm64-cpython-310/third_party/boringssl/crypto/md4
2022-12-27T03:22:44.0363770Z   creating python_build/temp.macosx-11.0-arm64-cpython-310/third_party/boringssl/crypto/md5
2022-12-27T03:22:44.0365110Z   creating python_build/temp.macosx-11.0-arm64-cpython-310/third_party/boringssl/crypto/modes
2022-12-27T03:22:44.0366830Z   creating python_build/temp.macosx-11.0-arm64-cpython-310/third_party/boringssl/crypto/newhope
2022-12-27T03:22:44.0368250Z   creating python_build/temp.macosx-11.0-arm64-cpython-310/third_party/boringssl/crypto/obj
2022-12-27T03:22:44.0369770Z   creating python_build/temp.macosx-11.0-arm64-cpython-310/third_party/boringssl/crypto/pem
2022-12-27T03:22:44.0372150Z   creating python_build/temp.macosx-11.0-arm64-cpython-310/third_party/boringssl/crypto/pkcs8
2022-12-27T03:22:44.0373590Z   creating python_build/temp.macosx-11.0-arm64-cpython-310/third_party/boringssl/crypto/poly1305
2022-12-27T03:22:44.0375520Z   creating python_build/temp.macosx-11.0-arm64-cpython-310/third_party/boringssl/crypto/rand
2022-12-27T03:22:44.0376890Z   creating python_build/temp.macosx-11.0-arm64-cpython-310/third_party/boringssl/crypto/rc4
2022-12-27T03:22:44.0378290Z   creating python_build/temp.macosx-11.0-arm64-cpython-310/third_party/boringssl/crypto/rsa
2022-12-27T03:22:44.0379670Z   creating python_build/temp.macosx-11.0-arm64-cpython-310/third_party/boringssl/crypto/sha
2022-12-27T03:22:44.0381060Z   creating python_build/temp.macosx-11.0-arm64-cpython-310/third_party/boringssl/crypto/stack
2022-12-27T03:22:44.0383970Z   creating python_build/temp.macosx-11.0-arm64-cpython-310/third_party/boringssl/crypto/x509
2022-12-27T03:22:44.0388610Z   creating python_build/temp.macosx-11.0-arm64-cpython-310/third_party/boringssl/crypto/x509v3
2022-12-27T03:22:44.0392070Z   creating python_build/temp.macosx-11.0-arm64-cpython-310/third_party/boringssl/ssl
2022-12-27T03:22:44.0396060Z   creating python_build/temp.macosx-11.0-arm64-cpython-310/third_party/nanopb
2022-12-27T03:22:44.0397740Z   creating python_build/temp.macosx-11.0-arm64-cpython-310/third_party/zlib
2022-12-27T03:22:44.0402170Z   clang -Wno-unused-result -Wsign-compare -Wunreachable-code -fno-common -dynamic -DNDEBUG -g -fwrapv -O3 -Wall -g -I/usr/local/opt/openssl@3/include -I/usr/local/opt/openssl@3/include -arch arm64 -DOPENSSL_NO_ASM=1 -D_WIN32_WINNT=1536 -DGPR_BACKWARDS_COMPATIBILITY_MODE=1 "-DPyMODINIT_FUNC=__attribute__((visibility (\"default\"))) PyObject*" -Isrc/python/grpcio -Iinclude -I. -Ithird_party/boringssl/include -Ithird_party/zlib -I/private/var/folders/51/hd414ycd67n82196sw51xqtc0000gn/T/cibw-run-uhfgzv6z/cp310-macosx_arm64/build/venv/include -I/Library/Frameworks/Python.framework/Versions/3.10/include/python3.10 -c src/boringssl/err_data.c -o python_build/temp.macosx-11.0-arm64-cpython-310/src/boringssl/err_data.o -fvisibility=hidden -fno-wrapv -pthread -std=gnu99
2022-12-27T03:22:44.0715050Z   In file included from src/boringssl/err_data.c:17:
2022-12-27T03:22:44.0716840Z   third_party/boringssl/include/openssl/base.h:120:9: warning: 'OPENSSL_VERSION_NUMBER' macro redefined [-Wmacro-redefined]
2022-12-27T03:22:44.0718490Z   #define OPENSSL_VERSION_NUMBER 0x10002000
2022-12-27T03:22:44.0720050Z           ^
2022-12-27T03:22:44.0721880Z   /usr/local/opt/openssl@3/include/openssl/opensslv.h:99:10: note: previous definition is here
2022-12-27T03:22:44.0723380Z   # define OPENSSL_VERSION_NUMBER          \
2022-12-27T03:22:44.0724950Z            ^
2022-12-27T03:22:44.0726550Z   In file included from src/boringssl/err_data.c:18:
2022-12-27T03:22:44.0727790Z   In file included from /usr/local/opt/openssl@3/include/openssl/err.h:21:
2022-12-27T03:22:44.0729180Z   /usr/local/opt/openssl@3/include/openssl/e_os2.h:183:11: warning: 'OPENSSL_EXPORT' macro redefined [-Wmacro-redefined]
2022-12-27T03:22:44.0730070Z   #  define OPENSSL_EXPORT extern
2022-12-27T03:22:44.0731310Z             ^
2022-12-27T03:22:44.0732640Z   third_party/boringssl/include/openssl/base.h:155:9: note: previous definition is here
2022-12-27T03:22:44.0733720Z   #define OPENSSL_EXPORT
2022-12-27T03:22:44.0734970Z           ^
2022-12-27T03:22:44.0778190Z   In file included from src/boringssl/err_data.c:18:
2022-12-27T03:22:44.0779950Z   In file included from /usr/local/opt/openssl@3/include/openssl/err.h:28:
2022-12-27T03:22:44.0781840Z   In file included from /usr/local/opt/openssl@3/include/openssl/types.h:21:
2022-12-27T03:22:44.0783780Z   /usr/local/opt/openssl@3/include/openssl/safestack.h:264:15: warning: redefinition of typedef 'OPENSSL_BLOCK' is a C11 feature [-Wtypedef-redefinition]
2022-12-27T03:22:44.0785410Z   typedef void *OPENSSL_BLOCK;
2022-12-27T03:22:44.0786730Z                 ^
2022-12-27T03:22:44.0788070Z   third_party/boringssl/include/openssl/base.h:298:15: note: previous definition is here
2022-12-27T03:22:44.0789230Z   typedef void *OPENSSL_BLOCK;
2022-12-27T03:22:44.0790250Z                 ^
2022-12-27T03:22:44.0791490Z   In file included from src/boringssl/err_data.c:18:
2022-12-27T03:22:44.0792620Z   In file included from /usr/local/opt/openssl@3/include/openssl/err.h:28:
2022-12-27T03:22:44.0794100Z   /usr/local/opt/openssl@3/include/openssl/types.h:45:31: warning: redefinition of typedef 'ASN1_INTEGER' is a C11 feature [-Wtypedef-redefinition]
2022-12-27T03:22:44.0795140Z   typedef struct asn1_string_st ASN1_INTEGER;
2022-12-27T03:22:44.0796240Z                                 ^
2022-12-27T03:22:44.0797550Z   third_party/boringssl/include/openssl/base.h:189:31: note: previous definition is here
2022-12-27T03:22:44.0798650Z   typedef struct asn1_string_st ASN1_INTEGER;
2022-12-27T03:22:44.0799770Z                                 ^
2022-12-27T03:22:44.0800980Z   In file included from src/boringssl/err_data.c:18:
2022-12-27T03:22:44.0802160Z   In file included from /usr/local/opt/openssl@3/include/openssl/err.h:28:
2022-12-27T03:22:44.0803730Z   /usr/local/opt/openssl@3/include/openssl/types.h:46:31: warning: redefinition of typedef 'ASN1_ENUMERATED' is a C11 feature [-Wtypedef-redefinition]
2022-12-27T03:22:44.0804580Z   typedef struct asn1_string_st ASN1_ENUMERATED;
2022-12-27T03:22:44.0805800Z                                 ^
2022-12-27T03:22:44.0807070Z   third_party/boringssl/include/openssl/base.h:185:31: note: previous definition is here
2022-12-27T03:22:44.0808330Z   typedef struct asn1_string_st ASN1_ENUMERATED;
2022-12-27T03:22:44.0809340Z                                 ^
2022-12-27T03:22:44.0810620Z   In file included from src/boringssl/err_data.c:18:
2022-12-27T03:22:44.0812020Z   In file included from /usr/local/opt/openssl@3/include/openssl/err.h:28:
2022-12-27T03:22:44.0813230Z   /usr/local/opt/openssl@3/include/openssl/types.h:47:31: warning: redefinition of typedef 'ASN1_BIT_STRING' is a C11 feature [-Wtypedef-redefinition]
2022-12-27T03:22:44.0814140Z   typedef struct asn1_string_st ASN1_BIT_STRING;
2022-12-27T03:22:44.0815380Z                                 ^
2022-12-27T03:22:44.0816630Z   third_party/boringssl/include/openssl/base.h:183:31: note: previous definition is here
2022-12-27T03:22:44.0817780Z   typedef struct asn1_string_st ASN1_BIT_STRING;
2022-12-27T03:22:44.0818870Z                                 ^
2022-12-27T03:22:44.0820160Z   In file included from src/boringssl/err_data.c:18:
2022-12-27T03:22:44.0821350Z   In file included from /usr/local/opt/openssl@3/include/openssl/err.h:28:
2022-12-27T03:22:44.0822830Z   /usr/local/opt/openssl@3/include/openssl/types.h:48:31: warning: redefinition of typedef 'ASN1_OCTET_STRING' is a C11 feature [-Wtypedef-redefinition]
2022-12-27T03:22:44.0823770Z   typedef struct asn1_string_st ASN1_OCTET_STRING;
2022-12-27T03:22:44.0825110Z                                 ^
2022-12-27T03:22:44.0826480Z   third_party/boringssl/include/openssl/base.h:190:31: note: previous definition is here
2022-12-27T03:22:44.0827580Z   typedef struct asn1_string_st ASN1_OCTET_STRING;
2022-12-27T03:22:44.0828660Z                                 ^
2022-12-27T03:22:44.0829930Z   In file included from src/boringssl/err_data.c:18:
2022-12-27T03:22:44.0831130Z   In file included from /usr/local/opt/openssl@3/include/openssl/err.h:28:
2022-12-27T03:22:44.0832620Z   /usr/local/opt/openssl@3/include/openssl/types.h:49:31: warning: redefinition of typedef 'ASN1_PRINTABLESTRING' is a C11 feature [-Wtypedef-redefinition]
2022-12-27T03:22:44.0833520Z   typedef struct asn1_string_st ASN1_PRINTABLESTRING;
2022-12-27T03:22:44.0834680Z                                 ^
2022-12-27T03:22:44.0836020Z   third_party/boringssl/include/openssl/base.h:191:31: note: previous definition is here
2022-12-27T03:22:44.0837160Z   typedef struct asn1_string_st ASN1_PRINTABLESTRING;
2022-12-27T03:22:44.0838250Z                                 ^
2022-12-27T03:22:44.0839470Z   In file included from src/boringssl/err_data.c:18:
2022-12-27T03:22:44.0840710Z   In file included from /usr/local/opt/openssl@3/include/openssl/err.h:28:
2022-12-27T03:22:44.0842130Z   /usr/local/opt/openssl@3/include/openssl/types.h:50:31: warning: redefinition of typedef 'ASN1_T61STRING' is a C11 feature [-Wtypedef-redefinition]
2022-12-27T03:22:44.0843220Z   typedef struct asn1_string_st ASN1_T61STRING;
2022-12-27T03:22:44.0844290Z                                 ^
2022-12-27T03:22:44.0845620Z   third_party/boringssl/include/openssl/base.h:193:31: note: previous definition is here
2022-12-27T03:22:44.0846830Z   typedef struct asn1_string_st ASN1_T61STRING;
2022-12-27T03:22:44.0847970Z                                 ^
2022-12-27T03:22:44.0849230Z   In file included from src/boringssl/err_data.c:18:
2022-12-27T03:22:44.0850470Z   In file included from /usr/local/opt/openssl@3/include/openssl/err.h:28:
2022-12-27T03:22:44.0851970Z   /usr/local/opt/openssl@3/include/openssl/types.h:51:31: warning: redefinition of typedef 'ASN1_IA5STRING' is a C11 feature [-Wtypedef-redefinition]
2022-12-27T03:22:44.0852880Z   typedef struct asn1_string_st ASN1_IA5STRING;
2022-12-27T03:22:44.0854080Z                                 ^
2022-12-27T03:22:44.0855360Z   third_party/boringssl/include/openssl/base.h:188:31: note: previous definition is here
2022-12-27T03:22:44.0856550Z   typedef struct asn1_string_st ASN1_IA5STRING;
2022-12-27T03:22:44.0857700Z                                 ^
2022-12-27T03:22:44.0859000Z   In file included from src/boringssl/err_data.c:18:
2022-12-27T03:22:44.0860200Z   In file included from /usr/local/opt/openssl@3/include/openssl/err.h:28:
2022-12-27T03:22:44.0861860Z   /usr/local/opt/openssl@3/include/openssl/types.h:52:31: warning: redefinition of typedef 'ASN1_GENERALSTRING' is a C11 feature [-Wtypedef-redefinition]
2022-12-27T03:22:44.0862570Z   typedef struct asn1_string_st ASN1_GENERALSTRING;
2022-12-27T03:22:44.0863750Z                                 ^
2022-12-27T03:22:44.0865040Z   third_party/boringssl/include/openssl/base.h:187:31: note: previous definition is here
2022-12-27T03:22:44.0866300Z   typedef struct asn1_string_st ASN1_GENERALSTRING;
2022-12-27T03:22:44.0867470Z                                 ^
2022-12-27T03:22:44.0868710Z   In file included from src/boringssl/err_data.c:18:
2022-12-27T03:22:44.0869950Z   In file included from /usr/local/opt/openssl@3/include/openssl/err.h:28:
2022-12-27T03:22:44.0871440Z   /usr/local/opt/openssl@3/include/openssl/types.h:53:31: warning: redefinition of typedef 'ASN1_UNIVERSALSTRING' is a C11 feature [-Wtypedef-redefinition]
2022-12-27T03:22:44.0872370Z   typedef struct asn1_string_st ASN1_UNIVERSALSTRING;
2022-12-27T03:22:44.0873550Z                                 ^
2022-12-27T03:22:44.0874840Z   third_party/boringssl/include/openssl/base.h:195:31: note: previous definition is here
2022-12-27T03:22:44.0876150Z   typedef struct asn1_string_st ASN1_UNIVERSALSTRING;
2022-12-27T03:22:44.0877310Z                                 ^
2022-12-27T03:22:44.0878550Z   In file included from src/boringssl/err_data.c:18:
2022-12-27T03:22:44.0879770Z   In file included from /usr/local/opt/openssl@3/include/openssl/err.h:28:
2022-12-27T03:22:44.0881240Z   /usr/local/opt/openssl@3/include/openssl/types.h:54:31: warning: redefinition of typedef 'ASN1_BMPSTRING' is a C11 feature [-Wtypedef-redefinition]
2022-12-27T03:22:44.0882160Z   typedef struct asn1_string_st ASN1_BMPSTRING;
2022-12-27T03:22:44.0883470Z                                 ^
2022-12-27T03:22:44.0884730Z   third_party/boringssl/include/openssl/base.h:184:31: note: previous definition is here
2022-12-27T03:22:44.0885950Z   typedef struct asn1_string_st ASN1_BMPSTRING;
2022-12-27T03:22:44.0887290Z                                 ^
2022-12-27T03:22:44.0888400Z   In file included from src/boringssl/err_data.c:18:
2022-12-27T03:22:44.0889630Z   In file included from /usr/local/opt/openssl@3/include/openssl/err.h:28:
2022-12-27T03:22:44.0891080Z   /usr/local/opt/openssl@3/include/openssl/types.h:55:31: warning: redefinition of typedef 'ASN1_UTCTIME' is a C11 feature [-Wtypedef-redefinition]
2022-12-27T03:22:44.0891970Z   typedef struct asn1_string_st ASN1_UTCTIME;
2022-12-27T03:22:44.0893190Z                                 ^
2022-12-27T03:22:44.0894500Z   third_party/boringssl/include/openssl/base.h:196:31: note: previous definition is here
2022-12-27T03:22:44.0895710Z   typedef struct asn1_string_st ASN1_UTCTIME;
2022-12-27T03:22:44.0896860Z                                 ^
2022-12-27T03:22:44.0898060Z   In file included from src/boringssl/err_data.c:18:
2022-12-27T03:22:44.0899290Z   In file included from /usr/local/opt/openssl@3/include/openssl/err.h:28:
2022-12-27T03:22:44.0901020Z   /usr/local/opt/openssl@3/include/openssl/types.h:56:31: warning: redefinition of typedef 'ASN1_TIME' is a C11 feature [-Wtypedef-redefinition]
2022-12-27T03:22:44.0901940Z   typedef struct asn1_string_st ASN1_TIME;
2022-12-27T03:22:44.0903160Z                                 ^
2022-12-27T03:22:44.0904480Z   third_party/boringssl/include/openssl/base.h:194:31: note: previous definition is here
2022-12-27T03:22:44.0905710Z   typedef struct asn1_string_st ASN1_TIME;
2022-12-27T03:22:44.0906890Z                                 ^
2022-12-27T03:22:44.0908120Z   In file included from src/boringssl/err_data.c:18:
2022-12-27T03:22:44.0909380Z   In file included from /usr/local/opt/openssl@3/include/openssl/err.h:28:
2022-12-27T03:22:44.0910860Z   /usr/local/opt/openssl@3/include/openssl/types.h:57:31: warning: redefinition of typedef 'ASN1_GENERALIZEDTIME' is a C11 feature [-Wtypedef-redefinition]
2022-12-27T03:22:44.0911730Z   typedef struct asn1_string_st ASN1_GENERALIZEDTIME;
2022-12-27T03:22:44.0912950Z                                 ^
2022-12-27T03:22:44.0914430Z   third_party/boringssl/include/openssl/base.h:186:31: note: previous definition is here
2022-12-27T03:22:44.0915350Z   typedef struct asn1_string_st ASN1_GENERALIZEDTIME;
2022-12-27T03:22:44.0916590Z                                 ^
2022-12-27T03:22:44.0917780Z   In file included from src/boringssl/err_data.c:18:
2022-12-27T03:22:44.0918960Z   In file included from /usr/local/opt/openssl@3/include/openssl/err.h:28:
2022-12-27T03:22:44.0920750Z   /usr/local/opt/openssl@3/include/openssl/types.h:58:31: warning: redefinition of typedef 'ASN1_VISIBLESTRING' is a C11 feature [-Wtypedef-redefinition]
2022-12-27T03:22:44.0921520Z   typedef struct asn1_string_st ASN1_VISIBLESTRING;
2022-12-27T03:22:44.0922720Z                                 ^
2022-12-27T03:22:44.0924300Z   third_party/boringssl/include/openssl/base.h:198:31: note: previous definition is here
2022-12-27T03:22:44.0925400Z   typedef struct asn1_string_st ASN1_VISIBLESTRING;
2022-12-27T03:22:44.0926600Z                                 ^
2022-12-27T03:22:44.0927810Z   In file included from src/boringssl/err_data.c:18:
2022-12-27T03:22:44.0929240Z   In file included from /usr/local/opt/openssl@3/include/openssl/err.h:28:
2022-12-27T03:22:44.0930780Z   /usr/local/opt/openssl@3/include/openssl/types.h:59:31: warning: redefinition of typedef 'ASN1_UTF8STRING' is a C11 feature [-Wtypedef-redefinition]
2022-12-27T03:22:44.0931520Z   typedef struct asn1_string_st ASN1_UTF8STRING;
2022-12-27T03:22:44.0932680Z                                 ^
2022-12-27T03:22:44.0933950Z   third_party/boringssl/include/openssl/base.h:197:31: note: previous definition is here
2022-12-27T03:22:44.0935110Z   typedef struct asn1_string_st ASN1_UTF8STRING;
2022-12-27T03:22:44.0936290Z                                 ^
2022-12-27T03:22:44.0937500Z   In file included from src/boringssl/err_data.c:18:
2022-12-27T03:22:44.0938740Z   In file included from /usr/local/opt/openssl@3/include/openssl/err.h:28:
2022-12-27T03:22:44.0940270Z   /usr/local/opt/openssl@3/include/openssl/types.h:60:31: warning: redefinition of typedef 'ASN1_STRING' is a C11 feature [-Wtypedef-redefinition]
2022-12-27T03:22:44.0941200Z   typedef struct asn1_string_st ASN1_STRING;
2022-12-27T03:22:44.0942340Z                                 ^
2022-12-27T03:22:44.0943840Z   third_party/boringssl/include/openssl/base.h:192:31: note: previous definition is here
2022-12-27T03:22:44.0944830Z   typedef struct asn1_string_st ASN1_STRING;
2022-12-27T03:22:44.0946020Z                                 ^
2022-12-27T03:22:44.0947260Z   In file included from src/boringssl/err_data.c:18:
2022-12-27T03:22:44.0948460Z   In file included from /usr/local/opt/openssl@3/include/openssl/err.h:28:
2022-12-27T03:22:44.0949930Z   /usr/local/opt/openssl@3/include/openssl/types.h:61:13: warning: redefinition of typedef 'ASN1_BOOLEAN' is a C11 feature [-Wtypedef-redefinition]
2022-12-27T03:22:44.0950840Z   typedef int ASN1_BOOLEAN;
2022-12-27T03:22:44.0952080Z               ^
2022-12-27T03:22:44.0953430Z   third_party/boringssl/include/openssl/base.h:178:13: note: previous definition is here
2022-12-27T03:22:44.0954530Z   typedef int ASN1_BOOLEAN;
2022-12-27T03:22:44.0955690Z               ^
2022-12-27T03:22:44.0956940Z   In file included from src/boringssl/err_data.c:18:
2022-12-27T03:22:44.0958160Z   In file included from /usr/local/opt/openssl@3/include/openssl/err.h:28:
2022-12-27T03:22:44.0959630Z   /usr/local/opt/openssl@3/include/openssl/types.h:62:13: warning: redefinition of typedef 'ASN1_NULL' is a C11 feature [-Wtypedef-redefinition]
2022-12-27T03:22:44.0960540Z   typedef int ASN1_NULL;
2022-12-27T03:22:44.0961710Z               ^
2022-12-27T03:22:44.0963040Z   third_party/boringssl/include/openssl/base.h:179:13: note: previous definition is here
2022-12-27T03:22:44.0964150Z   typedef int ASN1_NULL;
2022-12-27T03:22:44.0965320Z               ^
2022-12-27T03:22:44.0966640Z   In file included from src/boringssl/err_data.c:18:
2022-12-27T03:22:44.0968000Z   In file included from /usr/local/opt/openssl@3/include/openssl/err.h:28:
2022-12-27T03:22:44.0969740Z   /usr/local/opt/openssl@3/include/openssl/types.h:65:29: warning: redefinition of typedef 'ASN1_TYPE' is a C11 feature [-Wtypedef-redefinition]
2022-12-27T03:22:44.0970510Z   typedef struct asn1_type_st ASN1_TYPE;
2022-12-27T03:22:44.0971700Z                               ^
2022-12-27T03:22:44.0972940Z   third_party/boringssl/include/openssl/base.h:199:29: note: previous definition is here
2022-12-27T03:22:44.0974190Z   typedef struct asn1_type_st ASN1_TYPE;
2022-12-27T03:22:44.0975320Z                               ^
2022-12-27T03:22:44.0976740Z   In file included from src/boringssl/err_data.c:18:
2022-12-27T03:22:44.0977960Z   In file included from /usr/local/opt/openssl@3/include/openssl/err.h:28:
2022-12-27T03:22:44.0979450Z   /usr/local/opt/openssl@3/include/openssl/types.h:66:31: warning: redefinition of typedef 'ASN1_OBJECT' is a C11 feature [-Wtypedef-redefinition]
2022-12-27T03:22:44.0980380Z   typedef struct asn1_object_st ASN1_OBJECT;
2022-12-27T03:22:44.0981570Z                                 ^
2022-12-27T03:22:44.0983100Z   third_party/boringssl/include/openssl/base.h:181:31: note: previous definition is here
2022-12-27T03:22:44.0984000Z   typedef struct asn1_object_st ASN1_OBJECT;
2022-12-27T03:22:44.0985230Z                                 ^
2022-12-27T03:22:44.0986520Z   In file included from src/boringssl/err_data.c:18:
2022-12-27T03:22:44.0987720Z   In file included from /usr/local/opt/openssl@3/include/openssl/err.h:28:
2022-12-27T03:22:44.0989200Z   /usr/local/opt/openssl@3/include/openssl/types.h:69:29: warning: redefinition of typedef 'ASN1_ITEM' is a C11 feature [-Wtypedef-redefinition]
2022-12-27T03:22:44.0990090Z   typedef struct ASN1_ITEM_st ASN1_ITEM;
2022-12-27T03:22:44.0991360Z                               ^
2022-12-27T03:22:44.0992660Z   third_party/boringssl/include/openssl/base.h:180:29: note: previous definition is here
2022-12-27T03:22:44.0993860Z   typedef struct ASN1_ITEM_st ASN1_ITEM;
2022-12-27T03:22:44.0994930Z                               ^
2022-12-27T03:22:44.0996250Z   In file included from src/boringssl/err_data.c:18:
2022-12-27T03:22:44.0997470Z   In file included from /usr/local/opt/openssl@3/include/openssl/err.h:28:
2022-12-27T03:22:44.0998920Z   /usr/local/opt/openssl@3/include/openssl/types.h:70:29: warning: redefinition of typedef 'ASN1_PCTX' is a C11 feature [-Wtypedef-redefinition]
2022-12-27T03:22:44.0999810Z   typedef struct asn1_pctx_st ASN1_PCTX;
2022-12-27T03:22:44.1001050Z                               ^
2022-12-27T03:22:44.1002370Z   third_party/boringssl/include/openssl/base.h:182:29: note: previous definition is here
2022-12-27T03:22:44.1003680Z   typedef struct asn1_pctx_st ASN1_PCTX;
2022-12-27T03:22:44.1004640Z                               ^
2022-12-27T03:22:44.1005970Z   In file included from src/boringssl/err_data.c:18:
2022-12-27T03:22:44.1007240Z   In file included from /usr/local/opt/openssl@3/include/openssl/err.h:28:
2022-12-27T03:22:44.1008540Z   /usr/local/opt/openssl@3/include/openssl/types.h:86:23: warning: redefinition of typedef 'BIO' is a C11 feature [-Wtypedef-redefinition]
2022-12-27T03:22:44.1009500Z   typedef struct bio_st BIO;
2022-12-27T03:22:44.1010830Z                         ^
2022-12-27T03:22:44.1012020Z   third_party/boringssl/include/openssl/base.h:235:23: note: previous definition is here
2022-12-27T03:22:44.1013140Z   typedef struct bio_st BIO;
2022-12-27T03:22:44.1014330Z                         ^
2022-12-27T03:22:44.1015530Z   In file included from src/boringssl/err_data.c:18:
2022-12-27T03:22:44.1016890Z   In file included from /usr/local/opt/openssl@3/include/openssl/err.h:28:
2022-12-27T03:22:44.1018400Z   /usr/local/opt/openssl@3/include/openssl/types.h:87:26: warning: redefinition of typedef 'BIGNUM' is a C11 feature [-Wtypedef-redefinition]
2022-12-27T03:22:44.1019440Z   typedef struct bignum_st BIGNUM;
2022-12-27T03:22:44.1020480Z                            ^
2022-12-27T03:22:44.1021950Z   third_party/boringssl/include/openssl/base.h:233:26: note: previous definition is here
2022-12-27T03:22:44.1022920Z   typedef struct bignum_st BIGNUM;
2022-12-27T03:22:44.1024500Z                            ^
2022-12-27T03:22:44.1025360Z   In file included from src/boringssl/err_data.c:18:
2022-12-27T03:22:44.1026680Z   In file included from /usr/local/opt/openssl@3/include/openssl/err.h:28:
2022-12-27T03:22:44.1028140Z   /usr/local/opt/openssl@3/include/openssl/types.h:88:27: warning: redefinition of typedef 'BN_CTX' is a C11 feature [-Wtypedef-redefinition]
2022-12-27T03:22:44.1029020Z   typedef struct bignum_ctx BN_CTX;
2022-12-27T03:22:44.1030230Z                             ^
2022-12-27T03:22:44.1031490Z   third_party/boringssl/include/openssl/base.h:232:27: note: previous definition is here
2022-12-27T03:22:44.1032680Z   typedef struct bignum_ctx BN_CTX;
2022-12-27T03:22:44.1033830Z                             ^
2022-12-27T03:22:44.1035040Z   In file included from src/boringssl/err_data.c:18:
2022-12-27T03:22:44.1036260Z   In file included from /usr/local/opt/openssl@3/include/openssl/err.h:28:
2022-12-27T03:22:44.1037760Z   /usr/local/opt/openssl@3/include/openssl/types.h:90:31: warning: redefinition of typedef 'BN_MONT_CTX' is a C11 feature [-Wtypedef-redefinition]
2022-12-27T03:22:44.1038670Z   typedef struct bn_mont_ctx_st BN_MONT_CTX;
2022-12-27T03:22:44.1039840Z                                 ^
2022-12-27T03:22:44.1041160Z   third_party/boringssl/include/openssl/base.h:237:31: note: previous definition is here
2022-12-27T03:22:44.1042290Z   typedef struct bn_mont_ctx_st BN_MONT_CTX;
2022-12-27T03:22:44.1043450Z                                 ^
2022-12-27T03:22:44.1044670Z   In file included from src/boringssl/err_data.c:18:
2022-12-27T03:22:44.1045960Z   In file included from /usr/local/opt/openssl@3/include/openssl/err.h:28:
2022-12-27T03:22:44.1047410Z   /usr/local/opt/openssl@3/include/openssl/types.h:92:28: warning: redefinition of typedef 'BN_GENCB' is a C11 feature [-Wtypedef-redefinition]
2022-12-27T03:22:44.1048380Z   typedef struct bn_gencb_st BN_GENCB;
2022-12-27T03:22:44.1049550Z                              ^
2022-12-27T03:22:44.1050850Z   third_party/boringssl/include/openssl/base.h:236:28: note: previous definition is here
2022-12-27T03:22:44.1052010Z   typedef struct bn_gencb_st BN_GENCB;
2022-12-27T03:22:44.1053150Z                              ^
2022-12-27T03:22:44.1054470Z   In file included from src/boringssl/err_data.c:18:
2022-12-27T03:22:44.1055680Z   In file included from /usr/local/opt/openssl@3/include/openssl/err.h:28:
2022-12-27T03:22:44.1057160Z   /usr/local/opt/openssl@3/include/openssl/types.h:94:27: warning: redefinition of typedef 'BUF_MEM' is a C11 feature [-Wtypedef-redefinition]
2022-12-27T03:22:44.1058020Z   typedef struct buf_mem_st BUF_MEM;
2022-12-27T03:22:44.1059260Z                             ^
2022-12-27T03:22:44.1060510Z   third_party/boringssl/include/openssl/base.h:238:27: note: previous definition is here
2022-12-27T03:22:44.1061720Z   typedef struct buf_mem_st BUF_MEM;
2022-12-27T03:22:44.1062880Z                             ^
2022-12-27T03:22:44.1064190Z   In file included from src/boringssl/err_data.c:18:
2022-12-27T03:22:44.1065680Z   In file included from /usr/local/opt/openssl@3/include/openssl/err.h:28:
2022-12-27T03:22:44.1067210Z   /usr/local/opt/openssl@3/include/openssl/types.h:101:30: warning: redefinition of typedef 'EVP_CIPHER' is a C11 feature [-Wtypedef-redefinition]
2022-12-27T03:22:44.1068120Z   typedef struct evp_cipher_st EVP_CIPHER;
2022-12-27T03:22:44.1069250Z                                ^
2022-12-27T03:22:44.1070620Z   third_party/boringssl/include/openssl/base.h:256:30: note: previous definition is here
2022-12-27T03:22:44.1071700Z   typedef struct evp_cipher_st EVP_CIPHER;
2022-12-27T03:22:44.1072910Z                                ^
2022-12-27T03:22:44.1074260Z   In file included from src/boringssl/err_data.c:18:
2022-12-27T03:22:44.1075320Z   In file included from /usr/local/opt/openssl@3/include/openssl/err.h:28:
2022-12-27T03:22:44.1077050Z   /usr/local/opt/openssl@3/include/openssl/types.h:102:34: warning: redefinition of typedef 'EVP_CIPHER_CTX' is a C11 feature [-Wtypedef-redefinition]
2022-12-27T03:22:44.1078120Z   typedef struct evp_cipher_ctx_st EVP_CIPHER_CTX;
2022-12-27T03:22:44.1079110Z                                    ^
2022-12-27T03:22:44.1080390Z   third_party/boringssl/include/openssl/base.h:255:34: note: previous definition is here
2022-12-27T03:22:44.1081530Z   typedef struct evp_cipher_ctx_st EVP_CIPHER_CTX;
2022-12-27T03:22:44.1082710Z                                    ^
2022-12-27T03:22:44.1083940Z   In file included from src/boringssl/err_data.c:18:
2022-12-27T03:22:44.1085150Z   In file included from /usr/local/opt/openssl@3/include/openssl/err.h:28:
2022-12-27T03:22:44.1086770Z   /usr/local/opt/openssl@3/include/openssl/types.h:103:26: error: typedef redefinition with different types ('struct evp_md_st' vs 'struct env_md_st')
2022-12-27T03:22:44.1087680Z   typedef struct evp_md_st EVP_MD;
2022-12-27T03:22:44.1088850Z                            ^
2022-12-27T03:22:44.1090140Z   third_party/boringssl/include/openssl/base.h:253:26: note: previous definition is here
2022-12-27T03:22:44.1091360Z   typedef struct env_md_st EVP_MD;
2022-12-27T03:22:44.1092490Z                            ^
2022-12-27T03:22:44.1093800Z   In file included from src/boringssl/err_data.c:18:
2022-12-27T03:22:44.1095020Z   In file included from /usr/local/opt/openssl@3/include/openssl/err.h:28:
2022-12-27T03:22:44.1096530Z   /usr/local/opt/openssl@3/include/openssl/types.h:104:30: error: typedef redefinition with different types ('struct evp_md_ctx_st' vs 'struct env_md_ctx_st')
2022-12-27T03:22:44.1097470Z   typedef struct evp_md_ctx_st EVP_MD_CTX;
2022-12-27T03:22:44.1098620Z                                ^
2022-12-27T03:22:44.1099910Z   third_party/boringssl/include/openssl/base.h:252:30: note: previous definition is here
2022-12-27T03:22:44.1101080Z   typedef struct env_md_ctx_st EVP_MD_CTX;
2022-12-27T03:22:44.1102200Z                                ^
2022-12-27T03:22:44.1103460Z   In file included from src/boringssl/err_data.c:18:
2022-12-27T03:22:44.1104660Z   In file included from /usr/local/opt/openssl@3/include/openssl/err.h:28:
2022-12-27T03:22:44.1106310Z   /usr/local/opt/openssl@3/include/openssl/types.h:107:28: warning: redefinition of typedef 'EVP_PKEY' is a C11 feature [-Wtypedef-redefinition]
2022-12-27T03:22:44.1107250Z   typedef struct evp_pkey_st EVP_PKEY;
2022-12-27T03:22:44.1108420Z                              ^
2022-12-27T03:22:44.1109700Z   third_party/boringssl/include/openssl/base.h:261:28: note: previous definition is here
2022-12-27T03:22:44.1110930Z   typedef struct evp_pkey_st EVP_PKEY;
2022-12-27T03:22:44.1112020Z                              ^
2022-12-27T03:22:44.1113320Z   In file included from src/boringssl/err_data.c:18:
2022-12-27T03:22:44.1114490Z   In file included from /usr/local/opt/openssl@3/include/openssl/err.h:28:
2022-12-27T03:22:44.1116030Z   /usr/local/opt/openssl@3/include/openssl/types.h:109:40: warning: redefinition of typedef 'EVP_PKEY_ASN1_METHOD' is a C11 feature [-Wtypedef-redefinition]
2022-12-27T03:22:44.1116910Z   typedef struct evp_pkey_asn1_method_st EVP_PKEY_ASN1_METHOD;
2022-12-27T03:22:44.1118170Z                                          ^
2022-12-27T03:22:44.1119420Z   third_party/boringssl/include/openssl/base.h:258:40: note: previous definition is here
2022-12-27T03:22:44.1120650Z   typedef struct evp_pkey_asn1_method_st EVP_PKEY_ASN1_METHOD;
2022-12-27T03:22:44.1121790Z                                          ^
2022-12-27T03:22:44.1123030Z   In file included from src/boringssl/err_data.c:18:
2022-12-27T03:22:44.1124230Z   In file included from /usr/local/opt/openssl@3/include/openssl/err.h:28:
2022-12-27T03:22:44.1125730Z   /usr/local/opt/openssl@3/include/openssl/types.h:111:35: warning: redefinition of typedef 'EVP_PKEY_METHOD' is a C11 feature [-Wtypedef-redefinition]
2022-12-27T03:22:44.1126730Z   typedef struct evp_pkey_method_st EVP_PKEY_METHOD;
2022-12-27T03:22:44.1127880Z                                     ^
2022-12-27T03:22:44.1129150Z   third_party/boringssl/include/openssl/base.h:260:35: note: previous definition is here
2022-12-27T03:22:44.1130550Z   typedef struct evp_pkey_method_st EVP_PKEY_METHOD;
2022-12-27T03:22:44.1131580Z                                     ^
2022-12-27T03:22:44.1132830Z   In file included from src/boringssl/err_data.c:18:
2022-12-27T03:22:44.1134070Z   In file included from /usr/local/opt/openssl@3/include/openssl/err.h:28:
2022-12-27T03:22:44.1135670Z   /usr/local/opt/openssl@3/include/openssl/types.h:112:32: warning: redefinition of typedef 'EVP_PKEY_CTX' is a C11 feature [-Wtypedef-redefinition]
2022-12-27T03:22:44.1136500Z   typedef struct evp_pkey_ctx_st EVP_PKEY_CTX;
2022-12-27T03:22:44.1137690Z                                  ^
2022-12-27T03:22:44.1138960Z   third_party/boringssl/include/openssl/base.h:259:32: note: previous definition is here
2022-12-27T03:22:44.1140140Z   typedef struct evp_pkey_ctx_st EVP_PKEY_CTX;
2022-12-27T03:22:44.1141270Z                                  ^
2022-12-27T03:22:44.1142520Z   In file included from src/boringssl/err_data.c:18:
2022-12-27T03:22:44.1143710Z   In file included from /usr/local/opt/openssl@3/include/openssl/err.h:28:
2022-12-27T03:22:44.1145190Z   /usr/local/opt/openssl@3/include/openssl/types.h:130:34: error: typedef redefinition with different types ('struct evp_Encode_Ctx_st' vs 'struct evp_encode_ctx_st')
2022-12-27T03:22:44.1146190Z   typedef struct evp_Encode_Ctx_st EVP_ENCODE_CTX;
2022-12-27T03:22:44.1147380Z                                    ^
2022-12-27T03:22:44.1148640Z   third_party/boringssl/include/openssl/base.h:257:34: note: previous definition is here
2022-12-27T03:22:44.1149830Z   typedef struct evp_encode_ctx_st EVP_ENCODE_CTX;
2022-12-27T03:22:44.1150970Z                                    ^
2022-12-27T03:22:44.1152200Z   In file included from src/boringssl/err_data.c:18:
2022-12-27T03:22:44.1153430Z   In file included from /usr/local/opt/openssl@3/include/openssl/err.h:28:
2022-12-27T03:22:44.1154950Z   /usr/local/opt/openssl@3/include/openssl/types.h:132:28: warning: redefinition of typedef 'HMAC_CTX' is a C11 feature [-Wtypedef-redefinition]
2022-12-27T03:22:44.1155880Z   typedef struct hmac_ctx_st HMAC_CTX;
2022-12-27T03:22:44.1157040Z                              ^
2022-12-27T03:22:44.1158750Z   third_party/boringssl/include/openssl/base.h:262:28: note: previous definition is here
2022-12-27T03:22:44.1159400Z   typedef struct hmac_ctx_st HMAC_CTX;
2022-12-27T03:22:44.1160620Z                              ^
2022-12-27T03:22:44.1161980Z   In file included from src/boringssl/err_data.c:18:
2022-12-27T03:22:44.1163140Z   In file included from /usr/local/opt/openssl@3/include/openssl/err.h:28:
2022-12-27T03:22:44.1164650Z   /usr/local/opt/openssl@3/include/openssl/types.h:134:22: warning: redefinition of typedef 'DH' is a C11 feature [-Wtypedef-redefinition]
2022-12-27T03:22:44.1165570Z   typedef struct dh_st DH;
2022-12-27T03:22:44.1166850Z                        ^
2022-12-27T03:22:44.1168100Z   third_party/boringssl/include/openssl/base.h:244:22: note: previous definition is here
2022-12-27T03:22:44.1169270Z   typedef struct dh_st DH;
2022-12-27T03:22:44.1170400Z                        ^
2022-12-27T03:22:44.1171660Z   In file included from src/boringssl/err_data.c:18:
2022-12-27T03:22:44.1172840Z   In file included from /usr/local/opt/openssl@3/include/openssl/err.h:28:
2022-12-27T03:22:44.1174290Z   /usr/local/opt/openssl@3/include/openssl/types.h:138:23: warning: redefinition of typedef 'DSA' is a C11 feature [-Wtypedef-redefinition]
2022-12-27T03:22:44.1175140Z   typedef struct dsa_st DSA;
2022-12-27T03:22:44.1176480Z                         ^
2022-12-27T03:22:44.1177790Z   third_party/boringssl/include/openssl/base.h:245:23: note: previous definition is here
2022-12-27T03:22:44.1178900Z   typedef struct dsa_st DSA;
2022-12-27T03:22:44.1180050Z                         ^
2022-12-27T03:22:44.1181300Z   In file included from src/boringssl/err_data.c:18:
2022-12-27T03:22:44.1182500Z   In file included from /usr/local/opt/openssl@3/include/openssl/err.h:28:
2022-12-27T03:22:44.1184050Z   /usr/local/opt/openssl@3/include/openssl/types.h:143:23: warning: redefinition of typedef 'RSA' is a C11 feature [-Wtypedef-redefinition]
2022-12-27T03:22:44.1184850Z   typedef struct rsa_st RSA;
2022-12-27T03:22:44.1186130Z                         ^
2022-12-27T03:22:44.1187410Z   third_party/boringssl/include/openssl/base.h:272:23: note: previous definition is here
2022-12-27T03:22:44.1188550Z   typedef struct rsa_st RSA;
2022-12-27T03:22:44.1189680Z                         ^
2022-12-27T03:22:44.1190920Z   In file included from src/boringssl/err_data.c:18:
2022-12-27T03:22:44.1192110Z   In file included from /usr/local/opt/openssl@3/include/openssl/err.h:28:
2022-12-27T03:22:44.1193560Z   /usr/local/opt/openssl@3/include/openssl/types.h:144:28: warning: redefinition of typedef 'RSA_METHOD' is a C11 feature [-Wtypedef-redefinition]
2022-12-27T03:22:44.1194460Z   typedef struct rsa_meth_st RSA_METHOD;
2022-12-27T03:22:44.1195680Z                              ^
2022-12-27T03:22:44.1196960Z   third_party/boringssl/include/openssl/base.h:271:28: note: previous definition is here
2022-12-27T03:22:44.1198120Z   typedef struct rsa_meth_st RSA_METHOD;
2022-12-27T03:22:44.1199240Z                              ^
2022-12-27T03:22:44.1200470Z   In file included from src/boringssl/err_data.c:18:
2022-12-27T03:22:44.1201670Z   In file included from /usr/local/opt/openssl@3/include/openssl/err.h:28:
2022-12-27T03:22:44.1203100Z   /usr/local/opt/openssl@3/include/openssl/types.h:149:26: warning: redefinition of typedef 'EC_KEY' is a C11 feature [-Wtypedef-redefinition]
2022-12-27T03:22:44.1204070Z   typedef struct ec_key_st EC_KEY;
2022-12-27T03:22:44.1205210Z                            ^
2022-12-27T03:22:44.1206550Z   third_party/boringssl/include/openssl/base.h:247:26: note: previous definition is here
2022-12-27T03:22:44.1207730Z   typedef struct ec_key_st EC_KEY;
2022-12-27T03:22:44.1208830Z                            ^
2022-12-27T03:22:44.1210090Z   In file included from src/boringssl/err_data.c:18:
2022-12-27T03:22:44.1211280Z   In file included from /usr/local/opt/openssl@3/include/openssl/err.h:28:
2022-12-27T03:22:44.1212780Z   /usr/local/opt/openssl@3/include/openssl/types.h:153:29: warning: redefinition of typedef 'RAND_METHOD' is a C11 feature [-Wtypedef-redefinition]
2022-12-27T03:22:44.1213650Z   typedef struct rand_meth_st RAND_METHOD;
2022-12-27T03:22:44.1214860Z                               ^
2022-12-27T03:22:44.1216120Z   third_party/boringssl/include/openssl/base.h:269:29: note: previous definition is here
2022-12-27T03:22:44.1217290Z   typedef struct rand_meth_st RAND_METHOD;
2022-12-27T03:22:44.1218430Z                               ^
2022-12-27T03:22:44.1219670Z   In file included from src/boringssl/err_data.c:18:
2022-12-27T03:22:44.1220850Z   In file included from /usr/local/opt/openssl@3/include/openssl/err.h:28:
2022-12-27T03:22:44.1222310Z   /usr/local/opt/openssl@3/include/openssl/types.h:157:24: warning: redefinition of typedef 'X509' is a C11 feature [-Wtypedef-redefinition]
2022-12-27T03:22:44.1223180Z   typedef struct x509_st X509;
2022-12-27T03:22:44.1224520Z                          ^
2022-12-27T03:22:44.1225830Z   third_party/boringssl/include/openssl/base.h:293:24: note: previous definition is here
2022-12-27T03:22:44.1226990Z   typedef struct x509_st X509;
2022-12-27T03:22:44.1228140Z                          ^
2022-12-27T03:22:44.1229380Z   In file included from src/boringssl/err_data.c:18:
2022-12-27T03:22:44.1230580Z   In file included from /usr/local/opt/openssl@3/include/openssl/err.h:28:
2022-12-27T03:22:44.1232030Z   /usr/local/opt/openssl@3/include/openssl/types.h:158:30: warning: redefinition of typedef 'X509_ALGOR' is a C11 feature [-Wtypedef-redefinition]
2022-12-27T03:22:44.1233020Z   typedef struct X509_algor_st X509_ALGOR;
2022-12-27T03:22:44.1234170Z                                ^
2022-12-27T03:22:44.1235450Z   third_party/boringssl/include/openssl/base.h:219:30: note: previous definition is here
2022-12-27T03:22:44.1236630Z   typedef struct X509_algor_st X509_ALGOR;
2022-12-27T03:22:44.1237770Z                                ^
2022-12-27T03:22:44.1239100Z   In file included from src/boringssl/err_data.c:18:
2022-12-27T03:22:44.1240230Z   In file included from /usr/local/opt/openssl@3/include/openssl/err.h:28:
2022-12-27T03:22:44.1241670Z   /usr/local/opt/openssl@3/include/openssl/types.h:159:28: warning: redefinition of typedef 'X509_CRL' is a C11 feature [-Wtypedef-redefinition]
2022-12-27T03:22:44.1242610Z   typedef struct X509_crl_st X509_CRL;
2022-12-27T03:22:44.1243760Z                              ^
2022-12-27T03:22:44.1245060Z   third_party/boringssl/include/openssl/base.h:221:28: note: previous definition is here
2022-12-27T03:22:44.1246260Z   typedef struct X509_crl_st X509_CRL;
2022-12-27T03:22:44.1247410Z                              ^
2022-12-27T03:22:44.1248630Z   In file included from src/boringssl/err_data.c:18:
2022-12-27T03:22:44.1249850Z   In file included from /usr/local/opt/openssl@3/include/openssl/err.h:28:
2022-12-27T03:22:44.1251340Z   /usr/local/opt/openssl@3/include/openssl/types.h:160:35: warning: redefinition of typedef 'X509_CRL_METHOD' is a C11 feature [-Wtypedef-redefinition]
2022-12-27T03:22:44.1252240Z   typedef struct x509_crl_method_st X509_CRL_METHOD;
2022-12-27T03:22:44.1253400Z                                     ^
2022-12-27T03:22:44.1254680Z   third_party/boringssl/include/openssl/base.h:290:35: note: previous definition is here
2022-12-27T03:22:44.1255850Z   typedef struct x509_crl_method_st X509_CRL_METHOD;
2022-12-27T03:22:44.1256960Z                                     ^
2022-12-27T03:22:44.1258190Z   In file included from src/boringssl/err_data.c:18:
2022-12-27T03:22:44.1259400Z   In file included from /usr/local/opt/openssl@3/include/openssl/err.h:28:
2022-12-27T03:22:44.1261030Z   /usr/local/opt/openssl@3/include/openssl/types.h:161:32: warning: redefinition of typedef 'X509_REVOKED' is a C11 feature [-Wtypedef-redefinition]
2022-12-27T03:22:44.1261770Z   typedef struct x509_revoked_st X509_REVOKED;
2022-12-27T03:22:44.1262960Z                                  ^
2022-12-27T03:22:44.1264290Z   third_party/boringssl/include/openssl/base.h:292:32: note: previous definition is here
2022-12-27T03:22:44.1265430Z   typedef struct x509_revoked_st X509_REVOKED;
2022-12-27T03:22:44.1266630Z                                  ^
2022-12-27T03:22:44.1267860Z   In file included from src/boringssl/err_data.c:18:
2022-12-27T03:22:44.1269060Z   In file included from /usr/local/opt/openssl@3/include/openssl/err.h:28:
2022-12-27T03:22:44.1270550Z   /usr/local/opt/openssl@3/include/openssl/types.h:162:29: warning: redefinition of typedef 'X509_NAME' is a C11 feature [-Wtypedef-redefinition]
2022-12-27T03:22:44.1271430Z   typedef struct X509_name_st X509_NAME;
2022-12-27T03:22:44.1272610Z                               ^
2022-12-27T03:22:44.1273880Z   third_party/boringssl/include/openssl/base.h:225:29: note: previous definition is here
2022-12-27T03:22:44.1275080Z   typedef struct X509_name_st X509_NAME;
2022-12-27T03:22:44.1276350Z                               ^
2022-12-27T03:22:44.1277600Z   In file included from src/boringssl/err_data.c:18:
2022-12-27T03:22:44.1278800Z   In file included from /usr/local/opt/openssl@3/include/openssl/err.h:28:
2022-12-27T03:22:44.1280280Z   /usr/local/opt/openssl@3/include/openssl/types.h:163:31: warning: redefinition of typedef 'X509_PUBKEY' is a C11 feature [-Wtypedef-redefinition]
2022-12-27T03:22:44.1281210Z   typedef struct X509_pubkey_st X509_PUBKEY;
2022-12-27T03:22:44.1282400Z                                 ^
2022-12-27T03:22:44.1283680Z   third_party/boringssl/include/openssl/base.h:227:31: note: previous definition is here
2022-12-27T03:22:44.1284830Z   typedef struct X509_pubkey_st X509_PUBKEY;
2022-12-27T03:22:44.1286010Z                                 ^
2022-12-27T03:22:44.1287270Z   In file included from src/boringssl/err_data.c:18:
2022-12-27T03:22:44.1288470Z   In file included from /usr/local/opt/openssl@3/include/openssl/err.h:28:
2022-12-27T03:22:44.1289990Z   /usr/local/opt/openssl@3/include/openssl/types.h:164:30: warning: redefinition of typedef 'X509_STORE' is a C11 feature [-Wtypedef-redefinition]
2022-12-27T03:22:44.1291000Z   typedef struct x509_store_st X509_STORE;
2022-12-27T03:22:44.1292090Z                                ^
2022-12-27T03:22:44.1293360Z   third_party/boringssl/include/openssl/base.h:295:30: note: previous definition is here
2022-12-27T03:22:44.1294520Z   typedef struct x509_store_st X509_STORE;
2022-12-27T03:22:44.1295680Z                                ^
2022-12-27T03:22:44.1296870Z   In file included from src/boringssl/err_data.c:18:
2022-12-27T03:22:44.1298150Z   In file included from /usr/local/opt/openssl@3/include/openssl/err.h:28:
2022-12-27T03:22:44.1299730Z   /usr/local/opt/openssl@3/include/openssl/types.h:165:34: warning: redefinition of typedef 'X509_STORE_CTX' is a C11 feature [-Wtypedef-redefinition]
2022-12-27T03:22:44.1300580Z   typedef struct x509_store_ctx_st X509_STORE_CTX;
2022-12-27T03:22:44.1301810Z                                    ^
2022-12-27T03:22:44.1303130Z   third_party/boringssl/include/openssl/base.h:294:34: note: previous definition is here
2022-12-27T03:22:44.1304380Z   typedef struct x509_store_ctx_st X509_STORE_CTX;
2022-12-27T03:22:44.1305570Z                                    ^
2022-12-27T03:22:44.1306790Z   In file included from src/boringssl/err_data.c:18:
2022-12-27T03:22:44.1308020Z   In file included from /usr/local/opt/openssl@3/include/openssl/err.h:28:
2022-12-27T03:22:44.1309430Z   /usr/local/opt/openssl@3/include/openssl/types.h:168:31: warning: redefinition of typedef 'X509_LOOKUP' is a C11 feature [-Wtypedef-redefinition]
2022-12-27T03:22:44.1310300Z   typedef struct x509_lookup_st X509_LOOKUP;
2022-12-27T03:22:44.1311520Z                                 ^
2022-12-27T03:22:44.1312830Z   third_party/boringssl/include/openssl/base.h:291:31: note: previous definition is here
2022-12-27T03:22:44.1313930Z   typedef struct x509_lookup_st X509_LOOKUP;
2022-12-27T03:22:44.1315100Z                                 ^
2022-12-27T03:22:44.1316300Z   In file included from src/boringssl/err_data.c:18:
2022-12-27T03:22:44.1317510Z   In file included from /usr/local/opt/openssl@3/include/openssl/err.h:28:
2022-12-27T03:22:44.1318970Z   /usr/local/opt/openssl@3/include/openssl/types.h:170:37: warning: redefinition of typedef 'X509_VERIFY_PARAM' is a C11 feature [-Wtypedef-redefinition]
2022-12-27T03:22:44.1319860Z   typedef struct X509_VERIFY_PARAM_st X509_VERIFY_PARAM;
2022-12-27T03:22:44.1321060Z                                       ^
2022-12-27T03:22:44.1322340Z   third_party/boringssl/include/openssl/base.h:218:37: note: previous definition is here
2022-12-27T03:22:44.1323520Z   typedef struct X509_VERIFY_PARAM_st X509_VERIFY_PARAM;
2022-12-27T03:22:44.1324640Z                                       ^
2022-12-27T03:22:44.1325920Z   In file included from src/boringssl/err_data.c:18:
2022-12-27T03:22:44.1327130Z   In file included from /usr/local/opt/openssl@3/include/openssl/err.h:28:
2022-12-27T03:22:44.1328590Z   /usr/local/opt/openssl@3/include/openssl/types.h:174:39: warning: redefinition of typedef 'PKCS8_PRIV_KEY_INFO' is a C11 feature [-Wtypedef-redefinition]
2022-12-27T03:22:44.1329600Z   typedef struct pkcs8_priv_key_info_st PKCS8_PRIV_KEY_INFO;
2022-12-27T03:22:44.1330730Z                                         ^
2022-12-27T03:22:44.1332000Z   third_party/boringssl/include/openssl/base.h:267:39: note: previous definition is here
2022-12-27T03:22:44.1333190Z   typedef struct pkcs8_priv_key_info_st PKCS8_PRIV_KEY_INFO;
2022-12-27T03:22:44.1334320Z                                         ^
2022-12-27T03:22:44.1335560Z   In file included from src/boringssl/err_data.c:18:
2022-12-27T03:22:44.1348570Z   In file included from /usr/local/opt/openssl@3/include/openssl/err.h:28:
2022-12-27T03:22:44.1349070Z   /usr/local/opt/openssl@3/include/openssl/types.h:176:27: warning: redefinition of typedef 'X509V3_CTX' is a C11 feature [-Wtypedef-redefinition]
2022-12-27T03:22:44.1349330Z   typedef struct v3_ext_ctx X509V3_CTX;
2022-12-27T03:22:44.1349470Z                             ^
2022-12-27T03:22:44.1349800Z   third_party/boringssl/include/openssl/base.h:285:27: note: previous definition is here
2022-12-27T03:22:44.1350030Z   typedef struct v3_ext_ctx X509V3_CTX;
2022-12-27T03:22:44.1350170Z                             ^
2022-12-27T03:22:44.1350330Z   In file included from src/boringssl/err_data.c:18:
2022-12-27T03:22:44.1350540Z   In file included from /usr/local/opt/openssl@3/include/openssl/err.h:28:
2022-12-27T03:22:44.1350930Z   /usr/local/opt/openssl@3/include/openssl/types.h:177:24: warning: redefinition of typedef 'CONF' is a C11 feature [-Wtypedef-redefinition]
2022-12-27T03:22:44.1351160Z   typedef struct conf_st CONF;
2022-12-27T03:22:44.1351300Z                          ^
2022-12-27T03:22:44.1351760Z   third_party/boringssl/include/openssl/base.h:242:24: note: previous definition is here
2022-12-27T03:22:44.1353080Z   typedef struct conf_st CONF;
2022-12-27T03:22:44.1354240Z                          ^
2022-12-27T03:22:44.1355620Z   In file included from src/boringssl/err_data.c:18:
2022-12-27T03:22:44.1356720Z   In file included from /usr/local/opt/openssl@3/include/openssl/err.h:28:
2022-12-27T03:22:44.1358210Z   /usr/local/opt/openssl@3/include/openssl/types.h:183:26: warning: redefinition of typedef 'ENGINE' is a C11 feature [-Wtypedef-redefinition]
2022-12-27T03:22:44.1359060Z   typedef struct engine_st ENGINE;
2022-12-27T03:22:44.1360230Z                            ^
2022-12-27T03:22:44.1361540Z   third_party/boringssl/include/openssl/base.h:251:26: note: previous definition is here
2022-12-27T03:22:44.1362670Z   typedef struct engine_st ENGINE;
2022-12-27T03:22:44.1363790Z                            ^
2022-12-27T03:22:44.1365030Z   In file included from src/boringssl/err_data.c:18:
2022-12-27T03:22:44.1366360Z   In file included from /usr/local/opt/openssl@3/include/openssl/err.h:28:
2022-12-27T03:22:44.1367840Z   /usr/local/opt/openssl@3/include/openssl/types.h:184:23: warning: redefinition of typedef 'SSL' is a C11 feature [-Wtypedef-redefinition]
2022-12-27T03:22:44.1368750Z   typedef struct ssl_st SSL;
2022-12-27T03:22:44.1369920Z                         ^
2022-12-27T03:22:44.1371210Z   third_party/boringssl/include/openssl/base.h:283:23: note: previous definition is here
2022-12-27T03:22:44.1372330Z   typedef struct ssl_st SSL;
2022-12-27T03:22:44.1373480Z                         ^
2022-12-27T03:22:44.1374750Z   In file included from src/boringssl/err_data.c:18:
2022-12-27T03:22:44.1376100Z   In file included from /usr/local/opt/openssl@3/include/openssl/err.h:28:
2022-12-27T03:22:44.1377510Z   /usr/local/opt/openssl@3/include/openssl/types.h:185:27: warning: redefinition of typedef 'SSL_CTX' is a C11 feature [-Wtypedef-redefinition]
2022-12-27T03:22:44.1378540Z   typedef struct ssl_ctx_st SSL_CTX;
2022-12-27T03:22:44.1379660Z                             ^
2022-12-27T03:22:44.1380960Z   third_party/boringssl/include/openssl/base.h:279:27: note: previous definition is here
2022-12-27T03:22:44.1382090Z   typedef struct ssl_ctx_st SSL_CTX;
2022-12-27T03:22:44.1383240Z                             ^
2022-12-27T03:22:44.1384590Z   In file included from src/boringssl/err_data.c:18:
2022-12-27T03:22:44.1385850Z   In file included from /usr/local/opt/openssl@3/include/openssl/err.h:28:
2022-12-27T03:22:44.1387380Z   /usr/local/opt/openssl@3/include/openssl/types.h:190:36: warning: redefinition of typedef 'X509_POLICY_NODE' is a C11 feature [-Wtypedef-redefinition]
2022-12-27T03:22:44.1388320Z   typedef struct X509_POLICY_NODE_st X509_POLICY_NODE;
2022-12-27T03:22:44.1389510Z                                      ^
2022-12-27T03:22:44.1390800Z   third_party/boringssl/include/openssl/base.h:216:36: note: previous definition is here
2022-12-27T03:22:44.1391980Z   typedef struct X509_POLICY_NODE_st X509_POLICY_NODE;
2022-12-27T03:22:44.1393100Z                                      ^
2022-12-27T03:22:44.1394340Z   In file included from src/boringssl/err_data.c:18:
2022-12-27T03:22:44.1395530Z   In file included from /usr/local/opt/openssl@3/include/openssl/err.h:28:
2022-12-27T03:22:44.1397150Z   /usr/local/opt/openssl@3/include/openssl/types.h:191:37: warning: redefinition of typedef 'X509_POLICY_LEVEL' is a C11 feature [-Wtypedef-redefinition]
2022-12-27T03:22:44.1397920Z   typedef struct X509_POLICY_LEVEL_st X509_POLICY_LEVEL;
2022-12-27T03:22:44.1399200Z                                       ^
2022-12-27T03:22:44.1400460Z   third_party/boringssl/include/openssl/base.h:215:37: note: previous definition is here
2022-12-27T03:22:44.1401610Z   typedef struct X509_POLICY_LEVEL_st X509_POLICY_LEVEL;
2022-12-27T03:22:44.1402700Z                                       ^
2022-12-27T03:22:44.1403980Z   In file included from src/boringssl/err_data.c:18:
2022-12-27T03:22:44.1405160Z   In file included from /usr/local/opt/openssl@3/include/openssl/err.h:28:
2022-12-27T03:22:44.1406720Z   /usr/local/opt/openssl@3/include/openssl/types.h:192:36: warning: redefinition of typedef 'X509_POLICY_TREE' is a C11 feature [-Wtypedef-redefinition]
2022-12-27T03:22:44.1407660Z   typedef struct X509_POLICY_TREE_st X509_POLICY_TREE;
2022-12-27T03:22:44.1408820Z                                      ^
2022-12-27T03:22:44.1410130Z   third_party/boringssl/include/openssl/base.h:217:36: note: previous definition is here
2022-12-27T03:22:44.1411340Z   typedef struct X509_POLICY_TREE_st X509_POLICY_TREE;
2022-12-27T03:22:44.1412470Z                                      ^
2022-12-27T03:22:44.1413690Z   In file included from src/boringssl/err_data.c:18:
2022-12-27T03:22:44.1414920Z   In file included from /usr/local/opt/openssl@3/include/openssl/err.h:28:
2022-12-27T03:22:44.1416370Z   /usr/local/opt/openssl@3/include/openssl/types.h:193:37: warning: redefinition of typedef 'X509_POLICY_CACHE' is a C11 feature [-Wtypedef-redefinition]
2022-12-27T03:22:44.1417330Z   typedef struct X509_POLICY_CACHE_st X509_POLICY_CACHE;
2022-12-27T03:22:44.1418480Z                                       ^
2022-12-27T03:22:44.1419750Z   third_party/boringssl/include/openssl/base.h:214:37: note: previous definition is here
2022-12-27T03:22:44.1420970Z   typedef struct X509_POLICY_CACHE_st X509_POLICY_CACHE;
2022-12-27T03:22:44.1422070Z                                       ^
2022-12-27T03:22:44.1423290Z   In file included from src/boringssl/err_data.c:18:
2022-12-27T03:22:44.1424510Z   In file included from /usr/local/opt/openssl@3/include/openssl/err.h:28:
2022-12-27T03:22:44.1426000Z   /usr/local/opt/openssl@3/include/openssl/types.h:195:35: warning: redefinition of typedef 'AUTHORITY_KEYID' is a C11 feature [-Wtypedef-redefinition]
2022-12-27T03:22:44.1426950Z   typedef struct AUTHORITY_KEYID_st AUTHORITY_KEYID;
2022-12-27T03:22:44.1428130Z                                     ^
2022-12-27T03:22:44.1429410Z   third_party/boringssl/include/openssl/base.h:201:35: note: previous definition is here
2022-12-27T03:22:44.1430580Z   typedef struct AUTHORITY_KEYID_st AUTHORITY_KEYID;
2022-12-27T03:22:44.1431720Z                                     ^
2022-12-27T03:22:44.1432970Z   In file included from src/boringssl/err_data.c:18:
2022-12-27T03:22:44.1434180Z   In file included from /usr/local/opt/openssl@3/include/openssl/err.h:28:
2022-12-27T03:22:44.1435660Z   /usr/local/opt/openssl@3/include/openssl/types.h:196:30: warning: redefinition of typedef 'DIST_POINT' is a C11 feature [-Wtypedef-redefinition]
2022-12-27T03:22:44.1436600Z   typedef struct DIST_POINT_st DIST_POINT;
2022-12-27T03:22:44.1437790Z                                ^
2022-12-27T03:22:44.1439080Z   third_party/boringssl/include/openssl/base.h:203:30: note: previous definition is here
2022-12-27T03:22:44.1440230Z   typedef struct DIST_POINT_st DIST_POINT;
2022-12-27T03:22:44.1441380Z                                ^
2022-12-27T03:22:44.1442620Z   In file included from src/boringssl/err_data.c:18:
2022-12-27T03:22:44.1443840Z   In file included from /usr/local/opt/openssl@3/include/openssl/err.h:28:
2022-12-27T03:22:44.1445320Z   /usr/local/opt/openssl@3/include/openssl/types.h:197:38: warning: redefinition of typedef 'ISSUING_DIST_POINT' is a C11 feature [-Wtypedef-redefinition]
2022-12-27T03:22:44.1446330Z   typedef struct ISSUING_DIST_POINT_st ISSUING_DIST_POINT;
2022-12-27T03:22:44.1447640Z                                        ^
2022-12-27T03:22:44.1448820Z   third_party/boringssl/include/openssl/base.h:205:38: note: previous definition is here
2022-12-27T03:22:44.1449990Z   typedef struct ISSUING_DIST_POINT_st ISSUING_DIST_POINT;
2022-12-27T03:22:44.1451290Z                                        ^
2022-12-27T03:22:44.1452570Z   In file included from src/boringssl/err_data.c:18:
2022-12-27T03:22:44.1453780Z   In file included from /usr/local/opt/openssl@3/include/openssl/err.h:28:
2022-12-27T03:22:44.1455270Z   /usr/local/opt/openssl@3/include/openssl/types.h:198:36: warning: redefinition of typedef 'NAME_CONSTRAINTS' is a C11 feature [-Wtypedef-redefinition]
2022-12-27T03:22:44.1456210Z   typedef struct NAME_CONSTRAINTS_st NAME_CONSTRAINTS;
2022-12-27T03:22:44.1457370Z                                      ^
2022-12-27T03:22:44.1458680Z   third_party/boringssl/include/openssl/base.h:206:36: note: previous definition is here
2022-12-27T03:22:44.1459870Z   typedef struct NAME_CONSTRAINTS_st NAME_CONSTRAINTS;
2022-12-27T03:22:44.1460980Z                                      ^
2022-12-27T03:22:44.1462230Z   In file included from src/boringssl/err_data.c:18:
2022-12-27T03:22:44.1463470Z   In file included from /usr/local/opt/openssl@3/include/openssl/err.h:29:
2022-12-27T03:22:44.1464670Z   In file included from /usr/local/opt/openssl@3/include/openssl/bio.h:30:
2022-12-27T03:22:44.1466170Z   /usr/local/opt/openssl@3/include/openssl/crypto.h:308:3: error: typedef redefinition with different types ('struct crypto_threadid_st' vs 'int')
2022-12-27T03:22:44.1467090Z   } CRYPTO_THREADID;
2022-12-27T03:22:44.1468310Z     ^
2022-12-27T03:22:44.1469620Z   third_party/boringssl/include/openssl/base.h:176:13: note: previous definition is here
2022-12-27T03:22:44.1470780Z   typedef int CRYPTO_THREADID;
2022-12-27T03:22:44.1471950Z               ^
2022-12-27T03:22:44.1473240Z   In file included from src/boringssl/err_data.c:18:
2022-12-27T03:22:44.1474520Z   In file included from /usr/local/opt/openssl@3/include/openssl/err.h:29:
2022-12-27T03:22:44.1475990Z   /usr/local/opt/openssl@3/include/openssl/bio.h:296:30: warning: redefinition of typedef 'BIO_METHOD' is a C11 feature [-Wtypedef-redefinition]
2022-12-27T03:22:44.1477070Z   typedef struct bio_method_st BIO_METHOD;
2022-12-27T03:22:44.1478220Z                                ^
2022-12-27T03:22:44.1479520Z   third_party/boringssl/include/openssl/base.h:234:30: note: previous definition is here
2022-12-27T03:22:44.1480700Z   typedef struct bio_method_st BIO_METHOD;
2022-12-27T03:22:44.1481830Z                                ^
2022-12-27T03:22:44.1483320Z   src/boringssl/err_data.c:33:1: error: 'OPENSSL_COMPILE_ASSERT_library_values_changed_12' declared as an array with a negative size
2022-12-27T03:22:44.1484400Z   OPENSSL_COMPILE_ASSERT(ERR_LIB_ASN1 == 12, library_values_changed_12);
2022-12-27T03:22:44.1485550Z   ^~~~~~~~~~~~~~~~~~~~~~~~~~~~~~~~~~~~~~~~~~~~~~~~~~~~~~~~~~~~~~~~~~~~~
2022-12-27T03:22:44.1487020Z   third_party/boringssl/include/openssl/type_check.h:83:45: note: expanded from macro 'OPENSSL_COMPILE_ASSERT'
2022-12-27T03:22:44.1488160Z     typedef char OPENSSL_COMPILE_ASSERT_##msg[((cond) ? 1 : -1)]
2022-12-27T03:22:44.1489220Z                                               ^~~~~~~~~~~~~~~~~
2022-12-27T03:22:44.1490680Z   src/boringssl/err_data.c:34:1: error: 'OPENSSL_COMPILE_ASSERT_library_values_changed_13' declared as an array with a negative size
2022-12-27T03:22:44.1491730Z   OPENSSL_COMPILE_ASSERT(ERR_LIB_CONF == 13, library_values_changed_13);
2022-12-27T03:22:44.1492870Z   ^~~~~~~~~~~~~~~~~~~~~~~~~~~~~~~~~~~~~~~~~~~~~~~~~~~~~~~~~~~~~~~~~~~~~
2022-12-27T03:22:44.1494290Z   third_party/boringssl/include/openssl/type_check.h:83:45: note: expanded from macro 'OPENSSL_COMPILE_ASSERT'
2022-12-27T03:22:44.1495430Z     typedef char OPENSSL_COMPILE_ASSERT_##msg[((cond) ? 1 : -1)]
2022-12-27T03:22:44.1496490Z                                               ^~~~~~~~~~~~~~~~~
2022-12-27T03:22:44.1498060Z   src/boringssl/err_data.c:35:1: error: 'OPENSSL_COMPILE_ASSERT_library_values_changed_14' declared as an array with a negative size
2022-12-27T03:22:44.1499000Z   OPENSSL_COMPILE_ASSERT(ERR_LIB_CRYPTO == 14, library_values_changed_14);
2022-12-27T03:22:44.1500170Z   ^~~~~~~~~~~~~~~~~~~~~~~~~~~~~~~~~~~~~~~~~~~~~~~~~~~~~~~~~~~~~~~~~~~~~~~
2022-12-27T03:22:44.1501600Z   third_party/boringssl/include/openssl/type_check.h:83:45: note: expanded from macro 'OPENSSL_COMPILE_ASSERT'
2022-12-27T03:22:44.1502730Z     typedef char OPENSSL_COMPILE_ASSERT_##msg[((cond) ? 1 : -1)]
2022-12-27T03:22:44.1503780Z                                               ^~~~~~~~~~~~~~~~~
2022-12-27T03:22:44.1505210Z   src/boringssl/err_data.c:36:1: error: 'OPENSSL_COMPILE_ASSERT_library_values_changed_15' declared as an array with a negative size
2022-12-27T03:22:44.1506340Z   OPENSSL_COMPILE_ASSERT(ERR_LIB_EC == 15, library_values_changed_15);
2022-12-27T03:22:44.1507490Z   ^~~~~~~~~~~~~~~~~~~~~~~~~~~~~~~~~~~~~~~~~~~~~~~~~~~~~~~~~~~~~~~~~~~
2022-12-27T03:22:44.1508860Z   third_party/boringssl/include/openssl/type_check.h:83:45: note: expanded from macro 'OPENSSL_COMPILE_ASSERT'
2022-12-27T03:22:44.1510020Z     typedef char OPENSSL_COMPILE_ASSERT_##msg[((cond) ? 1 : -1)]
2022-12-27T03:22:44.1511080Z                                               ^~~~~~~~~~~~~~~~~
2022-12-27T03:22:44.1512520Z   src/boringssl/err_data.c:37:1: error: 'OPENSSL_COMPILE_ASSERT_library_values_changed_16' declared as an array with a negative size
2022-12-27T03:22:44.1513550Z   OPENSSL_COMPILE_ASSERT(ERR_LIB_SSL == 16, library_values_changed_16);
2022-12-27T03:22:44.1514710Z   ^~~~~~~~~~~~~~~~~~~~~~~~~~~~~~~~~~~~~~~~~~~~~~~~~~~~~~~~~~~~~~~~~~~~
2022-12-27T03:22:44.1516100Z   third_party/boringssl/include/openssl/type_check.h:83:45: note: expanded from macro 'OPENSSL_COMPILE_ASSERT'
2022-12-27T03:22:44.1517260Z     typedef char OPENSSL_COMPILE_ASSERT_##msg[((cond) ? 1 : -1)]
2022-12-27T03:22:44.1518380Z                                               ^~~~~~~~~~~~~~~~~
2022-12-27T03:22:44.1519820Z   src/boringssl/err_data.c:38:1: error: 'OPENSSL_COMPILE_ASSERT_library_values_changed_17' declared as an array with a negative size
2022-12-27T03:22:44.1520990Z   OPENSSL_COMPILE_ASSERT(ERR_LIB_BIO == 17, library_values_changed_17);
2022-12-27T03:22:44.1522040Z   ^~~~~~~~~~~~~~~~~~~~~~~~~~~~~~~~~~~~~~~~~~~~~~~~~~~~~~~~~~~~~~~~~~~~
2022-12-27T03:22:44.1523800Z   third_party/boringssl/include/openssl/type_check.h:83:45: note: expanded from macro 'OPENSSL_COMPILE_ASSERT'
2022-12-27T03:22:44.1524690Z     typedef char OPENSSL_COMPILE_ASSERT_##msg[((cond) ? 1 : -1)]
2022-12-27T03:22:44.1525880Z                                               ^~~~~~~~~~~~~~~~~
2022-12-27T03:22:44.1527390Z   src/boringssl/err_data.c:39:1: error: 'OPENSSL_COMPILE_ASSERT_library_values_changed_18' declared as an array with a negative size
2022-12-27T03:22:44.1528480Z   OPENSSL_COMPILE_ASSERT(ERR_LIB_PKCS7 == 18, library_values_changed_18);
2022-12-27T03:22:44.1529580Z   ^~~~~~~~~~~~~~~~~~~~~~~~~~~~~~~~~~~~~~~~~~~~~~~~~~~~~~~~~~~~~~~~~~~~~~
2022-12-27T03:22:44.1530990Z   third_party/boringssl/include/openssl/type_check.h:83:45: note: expanded from macro 'OPENSSL_COMPILE_ASSERT'
2022-12-27T03:22:44.1532150Z     typedef char OPENSSL_COMPILE_ASSERT_##msg[((cond) ? 1 : -1)]
2022-12-27T03:22:44.1533220Z                                               ^~~~~~~~~~~~~~~~~
2022-12-27T03:22:44.1534580Z   src/boringssl/err_data.c:40:24: error: use of undeclared identifier 'ERR_LIB_PKCS8'
2022-12-27T03:22:44.1535690Z   OPENSSL_COMPILE_ASSERT(ERR_LIB_PKCS8 == 19, library_values_changed_19);
2022-12-27T03:22:44.1536810Z                          ^
2022-12-27T03:22:44.1538230Z   src/boringssl/err_data.c:41:1: error: 'OPENSSL_COMPILE_ASSERT_library_values_changed_20' declared as an array with a negative size
2022-12-27T03:22:44.1539320Z   OPENSSL_COMPILE_ASSERT(ERR_LIB_X509V3 == 20, library_values_changed_20);
2022-12-27T03:22:44.1540430Z   ^~~~~~~~~~~~~~~~~~~~~~~~~~~~~~~~~~~~~~~~~~~~~~~~~~~~~~~~~~~~~~~~~~~~~~~
2022-12-27T03:22:44.1541960Z   third_party/boringssl/include/openssl/type_check.h:83:45: note: expanded from macro 'OPENSSL_COMPILE_ASSERT'
2022-12-27T03:22:44.1543110Z     typedef char OPENSSL_COMPILE_ASSERT_##msg[((cond) ? 1 : -1)]
2022-12-27T03:22:44.1544200Z                                               ^~~~~~~~~~~~~~~~~
2022-12-27T03:22:44.1545710Z   src/boringssl/err_data.c:42:1: error: 'OPENSSL_COMPILE_ASSERT_library_values_changed_21' declared as an array with a negative size
2022-12-27T03:22:44.1546800Z   OPENSSL_COMPILE_ASSERT(ERR_LIB_RAND == 21, library_values_changed_21);
2022-12-27T03:22:44.1547920Z   ^~~~~~~~~~~~~~~~~~~~~~~~~~~~~~~~~~~~~~~~~~~~~~~~~~~~~~~~~~~~~~~~~~~~~
2022-12-27T03:22:44.1549340Z   third_party/boringssl/include/openssl/type_check.h:83:45: note: expanded from macro 'OPENSSL_COMPILE_ASSERT'
2022-12-27T03:22:44.1550470Z     typedef char OPENSSL_COMPILE_ASSERT_##msg[((cond) ? 1 : -1)]
2022-12-27T03:22:44.1551560Z                                               ^~~~~~~~~~~~~~~~~
2022-12-27T03:22:44.1552990Z   src/boringssl/err_data.c:43:1: error: 'OPENSSL_COMPILE_ASSERT_library_values_changed_22' declared as an array with a negative size
2022-12-27T03:22:44.1554050Z   OPENSSL_COMPILE_ASSERT(ERR_LIB_ENGINE == 22, library_values_changed_22);
2022-12-27T03:22:44.1555180Z   ^~~~~~~~~~~~~~~~~~~~~~~~~~~~~~~~~~~~~~~~~~~~~~~~~~~~~~~~~~~~~~~~~~~~~~~
2022-12-27T03:22:44.1556620Z   third_party/boringssl/include/openssl/type_check.h:83:45: note: expanded from macro 'OPENSSL_COMPILE_ASSERT'
2022-12-27T03:22:44.1557740Z     typedef char OPENSSL_COMPILE_ASSERT_##msg[((cond) ? 1 : -1)]
2022-12-27T03:22:44.1558820Z                                               ^~~~~~~~~~~~~~~~~
2022-12-27T03:22:44.1560240Z   src/boringssl/err_data.c:44:1: error: 'OPENSSL_COMPILE_ASSERT_library_values_changed_23' declared as an array with a negative size
2022-12-27T03:22:44.1561310Z   OPENSSL_COMPILE_ASSERT(ERR_LIB_OCSP == 23, library_values_changed_23);
2022-12-27T03:22:44.1562460Z   ^~~~~~~~~~~~~~~~~~~~~~~~~~~~~~~~~~~~~~~~~~~~~~~~~~~~~~~~~~~~~~~~~~~~~
2022-12-27T03:22:44.1563870Z   third_party/boringssl/include/openssl/type_check.h:83:45: note: expanded from macro 'OPENSSL_COMPILE_ASSERT'
2022-12-27T03:22:44.1565010Z     typedef char OPENSSL_COMPILE_ASSERT_##msg[((cond) ? 1 : -1)]
2022-12-27T03:22:44.1566150Z                                               ^~~~~~~~~~~~~~~~~
2022-12-27T03:22:44.1567550Z   src/boringssl/err_data.c:45:1: error: 'OPENSSL_COMPILE_ASSERT_library_values_changed_24' declared as an array with a negative size
2022-12-27T03:22:44.1568620Z   OPENSSL_COMPILE_ASSERT(ERR_LIB_UI == 24, library_values_changed_24);
2022-12-27T03:22:44.1569750Z   ^~~~~~~~~~~~~~~~~~~~~~~~~~~~~~~~~~~~~~~~~~~~~~~~~~~~~~~~~~~~~~~~~~~
2022-12-27T03:22:44.1571160Z   third_party/boringssl/include/openssl/type_check.h:83:45: note: expanded from macro 'OPENSSL_COMPILE_ASSERT'
2022-12-27T03:22:44.1572300Z     typedef char OPENSSL_COMPILE_ASSERT_##msg[((cond) ? 1 : -1)]
2022-12-27T03:22:44.1573400Z                                               ^~~~~~~~~~~~~~~~~
2022-12-27T03:22:44.1574820Z   src/boringssl/err_data.c:46:1: error: 'OPENSSL_COMPILE_ASSERT_library_values_changed_25' declared as an array with a negative size
2022-12-27T03:22:44.1576010Z   OPENSSL_COMPILE_ASSERT(ERR_LIB_COMP == 25, library_values_changed_25);
2022-12-27T03:22:44.1577160Z   ^~~~~~~~~~~~~~~~~~~~~~~~~~~~~~~~~~~~~~~~~~~~~~~~~~~~~~~~~~~~~~~~~~~~~
2022-12-27T03:22:44.1578650Z   third_party/boringssl/include/openssl/type_check.h:83:45: note: expanded from macro 'OPENSSL_COMPILE_ASSERT'
2022-12-27T03:22:44.1579800Z     typedef char OPENSSL_COMPILE_ASSERT_##msg[((cond) ? 1 : -1)]
2022-12-27T03:22:44.1580900Z                                               ^~~~~~~~~~~~~~~~~
2022-12-27T03:22:44.1582350Z   src/boringssl/err_data.c:47:1: error: 'OPENSSL_COMPILE_ASSERT_library_values_changed_26' declared as an array with a negative size
2022-12-27T03:22:44.1583420Z   OPENSSL_COMPILE_ASSERT(ERR_LIB_ECDSA == 26, library_values_changed_26);
2022-12-27T03:22:44.1584560Z   ^~~~~~~~~~~~~~~~~~~~~~~~~~~~~~~~~~~~~~~~~~~~~~~~~~~~~~~~~~~~~~~~~~~~~~
2022-12-27T03:22:44.1586130Z   third_party/boringssl/include/openssl/type_check.h:83:45: note: expanded from macro 'OPENSSL_COMPILE_ASSERT'
2022-12-27T03:22:44.1587220Z     typedef char OPENSSL_COMPILE_ASSERT_##msg[((cond) ? 1 : -1)]
2022-12-27T03:22:44.1588280Z                                               ^~~~~~~~~~~~~~~~~
2022-12-27T03:22:44.1589630Z   fatal error: too many errors emitted, stopping now [-ferror-limit=]
2022-12-27T03:22:44.1590720Z   70 warnings and 20 errors generated.
2022-12-27T03:22:44.1591870Z   creating var
2022-12-27T03:22:44.1593070Z   creating var/folders
2022-12-27T03:22:44.1594250Z   creating var/folders/51
2022-12-27T03:22:44.1595490Z   creating var/folders/51/hd414ycd67n82196sw51xqtc0000gn
2022-12-27T03:22:44.1596680Z   creating var/folders/51/hd414ycd67n82196sw51xqtc0000gn/T
2022-12-27T03:22:44.1597920Z   creating var/folders/51/hd414ycd67n82196sw51xqtc0000gn/T/tmpkpo0gpg_
2022-12-27T03:22:44.1600130Z   clang -Wno-unused-result -Wsign-compare -Wunreachable-code -fno-common -dynamic -DNDEBUG -g -fwrapv -O3 -Wall -g -I/usr/local/opt/openssl@3/include -I/usr/local/opt/openssl@3/include -arch arm64 -I/private/var/folders/51/hd414ycd67n82196sw51xqtc0000gn/T/cibw-run-uhfgzv6z/cp310-macosx_arm64/build/venv/include -I/Library/Frameworks/Python.framework/Versions/3.10/include/python3.10 -c /var/folders/51/hd414ycd67n82196sw51xqtc0000gn/T/tmpkpo0gpg_/a.c -o var/folders/51/hd414ycd67n82196sw51xqtc0000gn/T/tmpkpo0gpg_/a.o
2022-12-27T03:22:44.1669790Z   Traceback (most recent call last):
2022-12-27T03:22:44.1677940Z     File "/private/var/folders/51/hd414ycd67n82196sw51xqtc0000gn/T/cibw-run-uhfgzv6z/cp310-macosx_arm64/build/venv/lib/python3.10/site-packages/setuptools/_distutils/unixccompiler.py", line 186, in _compile
2022-12-27T03:22:44.1678470Z       self.spawn(compiler_so + cc_args + [src, '-o', obj] + extra_postargs)
2022-12-27T03:22:44.1679170Z     File "/Users/runner/actions-runner/_work/python.build/python.build/build_grpcio121310/grpcio-1.2.1/src/python/grpcio/_spawn_patch.py", line 69, in _commandfile_spawn
2022-12-27T03:22:44.1679460Z       _classic_spawn(self, command)
2022-12-27T03:22:44.1679940Z     File "/private/var/folders/51/hd414ycd67n82196sw51xqtc0000gn/T/cibw-run-uhfgzv6z/cp310-macosx_arm64/build/venv/lib/python3.10/site-packages/setuptools/_distutils/ccompiler.py", line 1007, in spawn
2022-12-27T03:22:44.1680250Z       spawn(cmd, dry_run=self.dry_run, **kwargs)
2022-12-27T03:22:44.1681040Z     File "/private/var/folders/51/hd414ycd67n82196sw51xqtc0000gn/T/cibw-run-uhfgzv6z/cp310-macosx_arm64/build/venv/lib/python3.10/site-packages/setuptools/_distutils/spawn.py", line 70, in spawn
2022-12-27T03:22:44.1681890Z       raise DistutilsExecError(
2022-12-27T03:22:44.1683540Z   distutils.errors.DistutilsExecError: command '/usr/bin/clang' failed with exit code 1
2022-12-27T03:22:44.1684350Z 
2022-12-27T03:22:44.1685930Z   During handling of the above exception, another exception occurred:
2022-12-27T03:22:44.1686970Z 
2022-12-27T03:22:44.1688360Z   Traceback (most recent call last):
2022-12-27T03:22:44.1689960Z     File "/Users/runner/actions-runner/_work/python.build/python.build/build_grpcio121310/grpcio-1.2.1/src/python/grpcio/commands.py", line 281, in build_extensions
2022-12-27T03:22:44.1690800Z       build_ext.build_ext.build_extensions(self)
2022-12-27T03:22:44.1692490Z     File "/private/var/folders/51/hd414ycd67n82196sw51xqtc0000gn/T/cibw-run-uhfgzv6z/cp310-macosx_arm64/build/venv/lib/python3.10/site-packages/Cython/Distutils/old_build_ext.py", line 195, in build_extensions
2022-12-27T03:22:44.1693370Z       _build_ext.build_ext.build_extensions(self)
2022-12-27T03:22:44.1695180Z     File "/private/var/folders/51/hd414ycd67n82196sw51xqtc0000gn/T/cibw-run-uhfgzv6z/cp310-macosx_arm64/build/venv/lib/python3.10/site-packages/setuptools/_distutils/command/build_ext.py", line 468, in build_extensions
2022-12-27T03:22:44.1695830Z       self._build_extensions_serial()
2022-12-27T03:22:44.1697640Z     File "/private/var/folders/51/hd414ycd67n82196sw51xqtc0000gn/T/cibw-run-uhfgzv6z/cp310-macosx_arm64/build/venv/lib/python3.10/site-packages/setuptools/_distutils/command/build_ext.py", line 494, in _build_extensions_serial
2022-12-27T03:22:44.1698320Z       self.build_extension(ext)
2022-12-27T03:22:44.1699990Z     File "/private/var/folders/51/hd414ycd67n82196sw51xqtc0000gn/T/cibw-run-uhfgzv6z/cp310-macosx_arm64/build/venv/lib/python3.10/site-packages/setuptools/command/build_ext.py", line 246, in build_extension
2022-12-27T03:22:44.1700820Z       _build_ext.build_extension(self, ext)
2022-12-27T03:22:44.1702520Z     File "/private/var/folders/51/hd414ycd67n82196sw51xqtc0000gn/T/cibw-run-uhfgzv6z/cp310-macosx_arm64/build/venv/lib/python3.10/site-packages/setuptools/_distutils/command/build_ext.py", line 549, in build_extension
2022-12-27T03:22:44.1703460Z       objects = self.compiler.compile(
2022-12-27T03:22:44.1705180Z     File "/private/var/folders/51/hd414ycd67n82196sw51xqtc0000gn/T/cibw-run-uhfgzv6z/cp310-macosx_arm64/build/venv/lib/python3.10/site-packages/setuptools/_distutils/ccompiler.py", line 599, in compile
2022-12-27T03:22:44.1706090Z       self._compile(obj, src, ext, cc_args, extra_postargs, pp_opts)
2022-12-27T03:22:44.1707690Z     File "/private/var/folders/51/hd414ycd67n82196sw51xqtc0000gn/T/cibw-run-uhfgzv6z/cp310-macosx_arm64/build/venv/lib/python3.10/site-packages/setuptools/_distutils/unixccompiler.py", line 188, in _compile
2022-12-27T03:22:44.1708540Z       raise CompileError(msg)
2022-12-27T03:22:44.1709940Z   distutils.errors.CompileError: command '/usr/bin/clang' failed with exit code 1
2022-12-27T03:22:44.1710880Z 
2022-12-27T03:22:44.1712200Z   During handling of the above exception, another exception occurred:
2022-12-27T03:22:44.1713230Z 
2022-12-27T03:22:44.1714500Z   Traceback (most recent call last):
2022-12-27T03:22:44.1715700Z     File "<string>", line 2, in <module>
2022-12-27T03:22:44.1717000Z     File "<pip-setuptools-caller>", line 34, in <module>
2022-12-27T03:22:44.1718400Z     File "/Users/runner/actions-runner/_work/python.build/python.build/build_grpcio121310/grpcio-1.2.1/setup.py", line 265, in <module>
2022-12-27T03:22:44.1719280Z       setuptools.setup(
2022-12-27T03:22:44.1720960Z     File "/private/var/folders/51/hd414ycd67n82196sw51xqtc0000gn/T/cibw-run-uhfgzv6z/cp310-macosx_arm64/build/venv/lib/python3.10/site-packages/setuptools/__init__.py", line 87, in setup
2022-12-27T03:22:44.1721800Z       return distutils.core.setup(**attrs)
2022-12-27T03:22:44.1723400Z     File "/private/var/folders/51/hd414ycd67n82196sw51xqtc0000gn/T/cibw-run-uhfgzv6z/cp310-macosx_arm64/build/venv/lib/python3.10/site-packages/setuptools/_distutils/core.py", line 185, in setup
2022-12-27T03:22:44.1724220Z       return run_commands(dist)
2022-12-27T03:22:44.1725880Z     File "/private/var/folders/51/hd414ycd67n82196sw51xqtc0000gn/T/cibw-run-uhfgzv6z/cp310-macosx_arm64/build/venv/lib/python3.10/site-packages/setuptools/_distutils/core.py", line 201, in run_commands
2022-12-27T03:22:44.1726700Z       dist.run_commands()
2022-12-27T03:22:44.1728350Z     File "/private/var/folders/51/hd414ycd67n82196sw51xqtc0000gn/T/cibw-run-uhfgzv6z/cp310-macosx_arm64/build/venv/lib/python3.10/site-packages/setuptools/_distutils/dist.py", line 969, in run_commands
2022-12-27T03:22:44.1729160Z       self.run_command(cmd)
2022-12-27T03:22:44.1730770Z     File "/private/var/folders/51/hd414ycd67n82196sw51xqtc0000gn/T/cibw-run-uhfgzv6z/cp310-macosx_arm64/build/venv/lib/python3.10/site-packages/setuptools/dist.py", line 1208, in run_command
2022-12-27T03:22:44.1731620Z       super().run_command(command)
2022-12-27T03:22:44.1733230Z     File "/private/var/folders/51/hd414ycd67n82196sw51xqtc0000gn/T/cibw-run-uhfgzv6z/cp310-macosx_arm64/build/venv/lib/python3.10/site-packages/setuptools/_distutils/dist.py", line 988, in run_command
2022-12-27T03:22:44.1734040Z       cmd_obj.run()
2022-12-27T03:22:44.1735670Z     File "/private/var/folders/51/hd414ycd67n82196sw51xqtc0000gn/T/cibw-run-uhfgzv6z/cp310-macosx_arm64/build/venv/lib/python3.10/site-packages/wheel/bdist_wheel.py", line 325, in run
2022-12-27T03:22:44.1736610Z       self.run_command("build")
2022-12-27T03:22:44.1738170Z     File "/private/var/folders/51/hd414ycd67n82196sw51xqtc0000gn/T/cibw-run-uhfgzv6z/cp310-macosx_arm64/build/venv/lib/python3.10/site-packages/setuptools/_distutils/cmd.py", line 318, in run_command
2022-12-27T03:22:44.1739030Z       self.distribution.run_command(command)
2022-12-27T03:22:44.1740740Z     File "/private/var/folders/51/hd414ycd67n82196sw51xqtc0000gn/T/cibw-run-uhfgzv6z/cp310-macosx_arm64/build/venv/lib/python3.10/site-packages/setuptools/dist.py", line 1208, in run_command
2022-12-27T03:22:44.1741430Z       super().run_command(command)
2022-12-27T03:22:44.1743090Z     File "/private/var/folders/51/hd414ycd67n82196sw51xqtc0000gn/T/cibw-run-uhfgzv6z/cp310-macosx_arm64/build/venv/lib/python3.10/site-packages/setuptools/_distutils/dist.py", line 988, in run_command
2022-12-27T03:22:44.1743890Z       cmd_obj.run()
2022-12-27T03:22:44.1745550Z     File "/private/var/folders/51/hd414ycd67n82196sw51xqtc0000gn/T/cibw-run-uhfgzv6z/cp310-macosx_arm64/build/venv/lib/python3.10/site-packages/setuptools/_distutils/command/build.py", line 132, in run
2022-12-27T03:22:44.1746430Z       self.run_command(cmd_name)
2022-12-27T03:22:44.1748040Z     File "/private/var/folders/51/hd414ycd67n82196sw51xqtc0000gn/T/cibw-run-uhfgzv6z/cp310-macosx_arm64/build/venv/lib/python3.10/site-packages/setuptools/_distutils/cmd.py", line 318, in run_command
2022-12-27T03:22:44.1748910Z       self.distribution.run_command(command)
2022-12-27T03:22:44.1750480Z     File "/private/var/folders/51/hd414ycd67n82196sw51xqtc0000gn/T/cibw-run-uhfgzv6z/cp310-macosx_arm64/build/venv/lib/python3.10/site-packages/setuptools/dist.py", line 1208, in run_command
2022-12-27T03:22:44.1751340Z       super().run_command(command)
2022-12-27T03:22:44.1752970Z     File "/private/var/folders/51/hd414ycd67n82196sw51xqtc0000gn/T/cibw-run-uhfgzv6z/cp310-macosx_arm64/build/venv/lib/python3.10/site-packages/setuptools/_distutils/dist.py", line 988, in run_command
2022-12-27T03:22:44.1753770Z       cmd_obj.run()
2022-12-27T03:22:44.1755780Z     File "/private/var/folders/51/hd414ycd67n82196sw51xqtc0000gn/T/cibw-run-uhfgzv6z/cp310-macosx_arm64/build/venv/lib/python3.10/site-packages/setuptools/command/build_ext.py", line 84, in run
2022-12-27T03:22:44.1756270Z       _build_ext.run(self)
2022-12-27T03:22:44.1757930Z     File "/private/var/folders/51/hd414ycd67n82196sw51xqtc0000gn/T/cibw-run-uhfgzv6z/cp310-macosx_arm64/build/venv/lib/python3.10/site-packages/Cython/Distutils/old_build_ext.py", line 186, in run
2022-12-27T03:22:44.1758720Z       _build_ext.build_ext.run(self)
2022-12-27T03:22:44.1760330Z     File "/private/var/folders/51/hd414ycd67n82196sw51xqtc0000gn/T/cibw-run-uhfgzv6z/cp310-macosx_arm64/build/venv/lib/python3.10/site-packages/setuptools/_distutils/command/build_ext.py", line 346, in run
2022-12-27T03:22:44.1761220Z       self.build_extensions()
2022-12-27T03:22:44.1762860Z     File "/Users/runner/actions-runner/_work/python.build/python.build/build_grpcio121310/grpcio-1.2.1/src/python/grpcio/commands.py", line 285, in build_extensions
2022-12-27T03:22:44.1763740Z       raise CommandError(
2022-12-27T03:22:44.1765020Z   commands.CommandError: Failed `build_ext` step:
2022-12-27T03:22:44.1766230Z   Traceback (most recent call last):
2022-12-27T03:22:44.1767950Z     File "/private/var/folders/51/hd414ycd67n82196sw51xqtc0000gn/T/cibw-run-uhfgzv6z/cp310-macosx_arm64/build/venv/lib/python3.10/site-packages/setuptools/_distutils/unixccompiler.py", line 186, in _compile
2022-12-27T03:22:44.1768910Z       self.spawn(compiler_so + cc_args + [src, '-o', obj] + extra_postargs)
2022-12-27T03:22:44.1770350Z     File "/Users/runner/actions-runner/_work/python.build/python.build/build_grpcio121310/grpcio-1.2.1/src/python/grpcio/_spawn_patch.py", line 69, in _commandfile_spawn
2022-12-27T03:22:44.1771210Z       _classic_spawn(self, command)
2022-12-27T03:22:44.1772970Z     File "/private/var/folders/51/hd414ycd67n82196sw51xqtc0000gn/T/cibw-run-uhfgzv6z/cp310-macosx_arm64/build/venv/lib/python3.10/site-packages/setuptools/_distutils/ccompiler.py", line 1007, in spawn
2022-12-27T03:22:44.1773670Z       spawn(cmd, dry_run=self.dry_run, **kwargs)
2022-12-27T03:22:44.1775290Z     File "/private/var/folders/51/hd414ycd67n82196sw51xqtc0000gn/T/cibw-run-uhfgzv6z/cp310-macosx_arm64/build/venv/lib/python3.10/site-packages/setuptools/_distutils/spawn.py", line 70, in spawn
2022-12-27T03:22:44.1776080Z       raise DistutilsExecError(
2022-12-27T03:22:44.1777530Z   distutils.errors.DistutilsExecError: command '/usr/bin/clang' failed with exit code 1
2022-12-27T03:22:44.1778450Z 
2022-12-27T03:22:44.1779770Z   During handling of the above exception, another exception occurred:
2022-12-27T03:22:44.1780800Z 
2022-12-27T03:22:44.1782080Z   Traceback (most recent call last):
2022-12-27T03:22:44.1783580Z     File "/Users/runner/actions-runner/_work/python.build/python.build/build_grpcio121310/grpcio-1.2.1/src/python/grpcio/commands.py", line 281, in build_extensions
2022-12-27T03:22:44.1784630Z       build_ext.build_ext.build_extensions(self)
2022-12-27T03:22:44.1786320Z     File "/private/var/folders/51/hd414ycd67n82196sw51xqtc0000gn/T/cibw-run-uhfgzv6z/cp310-macosx_arm64/build/venv/lib/python3.10/site-packages/Cython/Distutils/old_build_ext.py", line 195, in build_extensions
2022-12-27T03:22:44.1787090Z       _build_ext.build_ext.build_extensions(self)
2022-12-27T03:22:44.1788770Z     File "/private/var/folders/51/hd414ycd67n82196sw51xqtc0000gn/T/cibw-run-uhfgzv6z/cp310-macosx_arm64/build/venv/lib/python3.10/site-packages/setuptools/_distutils/command/build_ext.py", line 468, in build_extensions
2022-12-27T03:22:44.1789530Z       self._build_extensions_serial()
2022-12-27T03:22:44.1791180Z     File "/private/var/folders/51/hd414ycd67n82196sw51xqtc0000gn/T/cibw-run-uhfgzv6z/cp310-macosx_arm64/build/venv/lib/python3.10/site-packages/setuptools/_distutils/command/build_ext.py", line 494, in _build_extensions_serial
2022-12-27T03:22:44.1791960Z       self.build_extension(ext)
2022-12-27T03:22:44.1793600Z     File "/private/var/folders/51/hd414ycd67n82196sw51xqtc0000gn/T/cibw-run-uhfgzv6z/cp310-macosx_arm64/build/venv/lib/python3.10/site-packages/setuptools/command/build_ext.py", line 246, in build_extension
2022-12-27T03:22:44.1794420Z       _build_ext.build_extension(self, ext)
2022-12-27T03:22:44.1796030Z     File "/private/var/folders/51/hd414ycd67n82196sw51xqtc0000gn/T/cibw-run-uhfgzv6z/cp310-macosx_arm64/build/venv/lib/python3.10/site-packages/setuptools/_distutils/command/build_ext.py", line 549, in build_extension
2022-12-27T03:22:44.1796940Z       objects = self.compiler.compile(
2022-12-27T03:22:44.1798590Z     File "/private/var/folders/51/hd414ycd67n82196sw51xqtc0000gn/T/cibw-run-uhfgzv6z/cp310-macosx_arm64/build/venv/lib/python3.10/site-packages/setuptools/_distutils/ccompiler.py", line 599, in compile
2022-12-27T03:22:44.1799370Z       self._compile(obj, src, ext, cc_args, extra_postargs, pp_opts)
2022-12-27T03:22:44.1800960Z     File "/private/var/folders/51/hd414ycd67n82196sw51xqtc0000gn/T/cibw-run-uhfgzv6z/cp310-macosx_arm64/build/venv/lib/python3.10/site-packages/setuptools/_distutils/unixccompiler.py", line 188, in _compile
2022-12-27T03:22:44.1801790Z       raise CompileError(msg)
2022-12-27T03:22:44.1803220Z   distutils.errors.CompileError: command '/usr/bin/clang' failed with exit code 1
2022-12-27T03:22:44.1804340Z 
2022-12-27T03:22:44.2162290Z   error: subprocess-exited-with-error
2022-12-27T03:22:44.2162560Z   
2022-12-27T03:22:44.2162970Z   × python setup.py bdist_wheel did not run successfully.
2022-12-27T03:22:44.2163330Z   │ exit code: 1
2022-12-27T03:22:44.2163730Z   ╰─> See above for output.
2022-12-27T03:22:44.2164070Z   
2022-12-27T03:22:44.2164320Z   note: This error originates from a subprocess, and is likely not a problem with pip.
2022-12-27T03:22:44.2170090Z   full command: /private/var/folders/51/hd414ycd67n82196sw51xqtc0000gn/T/cibw-run-uhfgzv6z/cp310-macosx_arm64/build/venv/bin/python -u -c '
2022-12-27T03:22:44.2170430Z   exec(compile('"'"''"'"''"'"'
2022-12-27T03:22:44.2170910Z   # This is <pip-setuptools-caller> -- a caller that pip uses to run setup.py
2022-12-27T03:22:44.2171110Z   #
2022-12-27T03:22:44.2171380Z   # - It imports setuptools before invoking setup.py, to enable projects that directly
2022-12-27T03:22:44.2171640Z   #   import from `distutils.core` to work with newer packaging standards.
2022-12-27T03:22:44.2171940Z   # - It provides a clear error message when setuptools is not installed.
2022-12-27T03:22:44.2172250Z   # - It sets `sys.argv[0]` to the underlying `setup.py`, when invoking `setup.py` so
2022-12-27T03:22:44.2172580Z   #   setuptools doesn'"'"'t think the script is `-c`. This avoids the following warning:
2022-12-27T03:22:44.2172860Z   #     manifest_maker: standard file '"'"'-c'"'"' not found".
2022-12-27T03:22:44.2173140Z   # - It generates a shim setup.py, for handling setup.cfg-only projects.
2022-12-27T03:22:44.2173330Z   import os, sys, tokenize
2022-12-27T03:22:44.2173460Z   
2022-12-27T03:22:44.2173580Z   try:
2022-12-27T03:22:44.2173700Z       import setuptools
2022-12-27T03:22:44.2173860Z   except ImportError as error:
2022-12-27T03:22:44.2174010Z       print(
2022-12-27T03:22:44.2174200Z           "ERROR: Can not execute `setup.py` since setuptools is not available in "
2022-12-27T03:22:44.2174400Z           "the build environment.",
2022-12-27T03:22:44.2174550Z           file=sys.stderr,
2022-12-27T03:22:44.2174690Z       )
2022-12-27T03:22:44.2174800Z       sys.exit(1)
2022-12-27T03:22:44.2174930Z   
2022-12-27T03:22:44.2175040Z   __file__ = %r
2022-12-27T03:22:44.2175170Z   sys.argv[0] = __file__
2022-12-27T03:22:44.2175300Z   
2022-12-27T03:22:44.2175430Z   if os.path.exists(__file__):
2022-12-27T03:22:44.2175580Z       filename = __file__
2022-12-27T03:22:44.2175730Z       with tokenize.open(__file__) as f:
2022-12-27T03:22:44.2175900Z           setup_py_code = f.read()
2022-12-27T03:22:44.2176040Z   else:
2022-12-27T03:22:44.2176400Z       filename = "<auto-generated setuptools caller>"
2022-12-27T03:22:44.2176620Z       setup_py_code = "from setuptools import setup; setup()"
2022-12-27T03:22:44.2176800Z   
2022-12-27T03:22:44.2176960Z   exec(compile(setup_py_code, filename, "exec"))
2022-12-27T03:22:44.2177550Z   '"'"''"'"''"'"' % ('"'"'/Users/runner/actions-runner/_work/python.build/python.build/build_grpcio121310/grpcio-1.2.1/setup.py'"'"',), "<pip-setuptools-caller>", "exec"))' bdist_wheel -d /private/var/folders/51/hd414ycd67n82196sw51xqtc0000gn/T/pip-wheel-oclg6ybp
2022-12-27T03:22:44.2178080Z   cwd: /Users/runner/actions-runner/_work/python.build/python.build/build_grpcio121310/grpcio-1.2.1/
2022-12-27T03:22:44.2178430Z   Building wheel for grpcio (setup.py): finished with status 'error'
2022-12-27T03:22:44.2178660Z   ERROR: Failed building wheel for grpcio
2022-12-27T03:22:44.2178850Z   Running setup.py clean for grpcio
2022-12-27T03:22:44.2179640Z   Running command python setup.py clean
2022-12-27T03:22:44.5827140Z   running clean
2022-12-27T03:22:44.5837760Z   removing 'python_build/temp.macosx-11.0-arm64-cpython-310' (and everything under it)
2022-12-27T03:22:44.5921090Z   removing 'python_build/lib.macosx-11.0-arm64-cpython-310' (and everything under it)
2022-12-27T03:22:44.5957600Z   'python_build/bdist.macosx-11.0-arm64' does not exist -- can't clean it
2022-12-27T03:22:44.5959280Z   'python_build/scripts-3.10' does not exist -- can't clean it
2022-12-27T03:22:44.5960780Z   removing 'python_build'
2022-12-27T03:22:44.6266410Z Failed to build grpcio
2022-12-27T03:22:44.6269750Z ERROR: Failed to build one or more wheels
2022-12-27T03:22:44.6278260Z Exception information:
2022-12-27T03:22:44.6278450Z Traceback (most recent call last):
2022-12-27T03:22:44.6279250Z   File "/private/var/folders/51/hd414ycd67n82196sw51xqtc0000gn/T/cibw-run-uhfgzv6z/cp310-macosx_arm64/build/venv/lib/python3.10/site-packages/pip/_internal/cli/base_command.py", line 160, in exc_logging_wrapper
2022-12-27T03:22:44.6279630Z     status = run_func(*args)
2022-12-27T03:22:44.6280510Z   File "/private/var/folders/51/hd414ycd67n82196sw51xqtc0000gn/T/cibw-run-uhfgzv6z/cp310-macosx_arm64/build/venv/lib/python3.10/site-packages/pip/_internal/cli/req_command.py", line 247, in wrapper
2022-12-27T03:22:44.6280880Z     return func(self, options, args)
2022-12-27T03:22:44.6281410Z   File "/private/var/folders/51/hd414ycd67n82196sw51xqtc0000gn/T/cibw-run-uhfgzv6z/cp310-macosx_arm64/build/venv/lib/python3.10/site-packages/pip/_internal/commands/wheel.py", line 201, in run
2022-12-27T03:22:44.6281780Z     raise CommandError("Failed to build one or more wheels")
2022-12-27T03:22:44.6282050Z pip._internal.exceptions.CommandError: Failed to build one or more wheels
2022-12-27T03:22:44.6282470Z Removed build tracker: '/private/var/folders/51/hd414ycd67n82196sw51xqtc0000gn/T/pip-build-tracker-m95dg_a6'
2022-12-27T03:22:44.6694180Z ##[endgroup]
2022-12-27T03:22:44.6694640Z                                                               [31m✕ [0m2.79s
2022-12-27T03:22:44.6717340Z ##[error]Command ['python', '-m', 'pip', 'wheel', '/Users/runner/actions-runner/_work/python.build/python.build/build_grpcio121310/grpcio-1.2.1', '--wheel-dir=/private/var/folders/51/hd414ycd67n82196sw51xqtc0000gn/T/cibw-run-uhfgzv6z/cp310-macosx_arm64/built_wheel', '--no-deps', '-vvv'] failed with code 1. None
2022-12-27T03:22:44.6723210Z 
2022-12-27T03:22:44.7345490Z ##[error]Process completed with exit code 1.
2022-12-27T03:22:44.7378360Z ##[group]Run rm -rf build_grpcio121310 wheelsout
2022-12-27T03:22:44.7378540Z [36;1mrm -rf build_grpcio121310 wheelsout[0m
2022-12-27T03:22:44.7393480Z shell: /bin/bash -e {0}
2022-12-27T03:22:44.7393600Z env:
2022-12-27T03:22:44.7393750Z   pythonLocation: /Users/runner/hostedtoolcache/Python/3.10.9/x64
2022-12-27T03:22:44.7393940Z   PKG_CONFIG_PATH: /Users/runner/hostedtoolcache/Python/3.10.9/x64/lib/pkgconfig
2022-12-27T03:22:44.7394120Z   Python_ROOT_DIR: /Users/runner/hostedtoolcache/Python/3.10.9/x64
2022-12-27T03:22:44.7394300Z   Python2_ROOT_DIR: /Users/runner/hostedtoolcache/Python/3.10.9/x64
2022-12-27T03:22:44.7394630Z   Python3_ROOT_DIR: /Users/runner/hostedtoolcache/Python/3.10.9/x64
2022-12-27T03:22:44.7394770Z ##[endgroup]
2022-12-27T03:22:44.9370470Z Cleaning up orphan processes
