2022-12-27T08:50:23.9531379Z Requested labels: self-hosted, macOS, X64
2022-12-27T08:50:23.9531471Z Job defined at: kilnbuild/python.build/.github/workflows/mac_arm_build.yml@refs/heads/main
2022-12-27T08:50:23.9531499Z Waiting for a runner to pick up this job...
2022-12-27T11:20:10.8536781Z Job is about to start running on the runner: kr1 (organization)
2022-12-27T11:20:14.9299370Z Current runner version: '2.300.2'
2022-12-27T11:20:14.9307370Z Runner name: 'kr1'
2022-12-27T11:20:14.9307770Z Runner group name: 'Default'
2022-12-27T11:20:14.9308600Z Machine name: 'kr1'
2022-12-27T11:20:14.9311280Z ##[group]GITHUB_TOKEN Permissions
2022-12-27T11:20:14.9311990Z Actions: write
2022-12-27T11:20:14.9312240Z Checks: write
2022-12-27T11:20:14.9312490Z Contents: write
2022-12-27T11:20:14.9312760Z Deployments: write
2022-12-27T11:20:14.9313020Z Discussions: write
2022-12-27T11:20:14.9313280Z Issues: write
2022-12-27T11:20:14.9313530Z Metadata: read
2022-12-27T11:20:14.9313870Z Packages: write
2022-12-27T11:20:14.9314130Z Pages: write
2022-12-27T11:20:14.9314400Z PullRequests: write
2022-12-27T11:20:14.9314700Z RepositoryProjects: write
2022-12-27T11:20:14.9315020Z SecurityEvents: write
2022-12-27T11:20:14.9315290Z Statuses: write
2022-12-27T11:20:14.9315540Z ##[endgroup]
2022-12-27T11:20:14.9319030Z Secret source: Actions
2022-12-27T11:20:14.9319520Z Prepare workflow directory
2022-12-27T11:20:15.0463700Z Prepare all required actions
2022-12-27T11:20:15.0675420Z Getting action download info
2022-12-27T11:20:15.5096480Z Download action repository 'actions/setup-python@v4' (SHA:5ccb29d8773c3f3f653e1705f474dfaa8a06a912)
2022-12-27T11:20:17.3749370Z Download action repository 'actions/upload-artifact@v3' (SHA:83fd05a356d7e2593de66fc9913b3002723633cb)
2022-12-27T11:20:18.8350410Z ##[group]Run echo '{
2022-12-27T11:20:18.8351070Z [36;1mecho '{[0m
2022-12-27T11:20:18.8351330Z [36;1m  "package_name": "lxml",[0m
2022-12-27T11:20:18.8351860Z [36;1m  "package_url": "https://files.pythonhosted.org/packages/54/8a/8525f786489b98594c4c56ae8916ebf45d69290b08028dd7eb4bcfb73abb/lxml-1.1beta.tar.gz",[0m
2022-12-27T11:20:18.8352330Z [36;1m  "package_version": "1.1beta",[0m
2022-12-27T11:20:18.8352660Z [36;1m  "python_version": "3.9",[0m
2022-12-27T11:20:18.8352990Z [36;1m  "use_ccache": "true"[0m
2022-12-27T11:20:18.8353280Z [36;1m}'[0m
2022-12-27T11:20:18.8380630Z shell: /bin/bash -e {0}
2022-12-27T11:20:18.8380990Z ##[endgroup]
2022-12-27T11:20:18.8811400Z {
2022-12-27T11:20:18.8814110Z   "package_name": "lxml",
2022-12-27T11:20:18.8815130Z   "package_url": "https://files.pythonhosted.org/packages/54/8a/8525f786489b98594c4c56ae8916ebf45d69290b08028dd7eb4bcfb73abb/lxml-1.1beta.tar.gz",
2022-12-27T11:20:18.8815630Z   "package_version": "1.1beta",
2022-12-27T11:20:18.8816120Z   "python_version": "3.9",
2022-12-27T11:20:18.8816520Z   "use_ccache": "true"
2022-12-27T11:20:18.8816840Z }
2022-12-27T11:20:18.9176040Z ##[group]Run actions/setup-python@v4
2022-12-27T11:20:18.9176530Z with:
2022-12-27T11:20:18.9176800Z   python-version: 3.9
2022-12-27T11:20:18.9177270Z   check-latest: false
2022-12-27T11:20:18.9177860Z   token: ***
2022-12-27T11:20:18.9178220Z   update-environment: true
2022-12-27T11:20:18.9178510Z ##[endgroup]
2022-12-27T11:20:19.1436090Z ##[group]Installed versions
2022-12-27T11:20:19.1469770Z Successfully set up CPython (3.9.16)
2022-12-27T11:20:19.1472510Z ##[endgroup]
2022-12-27T11:20:19.1703780Z ##[group]Run if [ "true" == "true" ]
2022-12-27T11:20:19.1704390Z [36;1mif [ "true" == "true" ][0m
2022-12-27T11:20:19.1704670Z [36;1mthen[0m
2022-12-27T11:20:19.1705160Z [36;1m  echo "CCACHE_PATH_PREPEND=/usr/local/opt/ccache/libexec" >> $GITHUB_OUTPUT[0m
2022-12-27T11:20:19.1705650Z [36;1melse[0m
2022-12-27T11:20:19.1706010Z [36;1m  echo "CCACHE_PATH_PREPEND=" >> $GITHUB_OUTPUT[0m
2022-12-27T11:20:19.1706290Z [36;1mfi[0m
2022-12-27T11:20:19.1735510Z shell: /bin/bash -e {0}
2022-12-27T11:20:19.1735860Z env:
2022-12-27T11:20:19.1736180Z   pythonLocation: /Users/runner/hostedtoolcache/Python/3.9.16/x64
2022-12-27T11:20:19.1736640Z   PKG_CONFIG_PATH: /Users/runner/hostedtoolcache/Python/3.9.16/x64/lib/pkgconfig
2022-12-27T11:20:19.1737210Z   Python_ROOT_DIR: /Users/runner/hostedtoolcache/Python/3.9.16/x64
2022-12-27T11:20:19.1737680Z   Python2_ROOT_DIR: /Users/runner/hostedtoolcache/Python/3.9.16/x64
2022-12-27T11:20:19.1738260Z   Python3_ROOT_DIR: /Users/runner/hostedtoolcache/Python/3.9.16/x64
2022-12-27T11:20:19.1739040Z ##[endgroup]
2022-12-27T11:20:19.2038950Z ##[group]Run echo "BUILD_NAME=$(echo lxml_1.1beta_3.9 | tr -dc '[:alnum:]\n\r' | tr '[:upper:]' '[:lower:]')" >> $GITHUB_OUTPUT
2022-12-27T11:20:19.2039590Z [36;1mecho "BUILD_NAME=$(echo lxml_1.1beta_3.9 | tr -dc '[:alnum:]\n\r' | tr '[:upper:]' '[:lower:]')" >> $GITHUB_OUTPUT[0m
2022-12-27T11:20:19.2073720Z shell: /bin/bash -e {0}
2022-12-27T11:20:19.2074660Z env:
2022-12-27T11:20:19.2075370Z   pythonLocation: /Users/runner/hostedtoolcache/Python/3.9.16/x64
2022-12-27T11:20:19.2076570Z   PKG_CONFIG_PATH: /Users/runner/hostedtoolcache/Python/3.9.16/x64/lib/pkgconfig
2022-12-27T11:20:19.2077160Z   Python_ROOT_DIR: /Users/runner/hostedtoolcache/Python/3.9.16/x64
2022-12-27T11:20:19.2077540Z   Python2_ROOT_DIR: /Users/runner/hostedtoolcache/Python/3.9.16/x64
2022-12-27T11:20:19.2077980Z   Python3_ROOT_DIR: /Users/runner/hostedtoolcache/Python/3.9.16/x64
2022-12-27T11:20:19.2078350Z ##[endgroup]
2022-12-27T11:20:19.2327150Z ##[group]Run echo "PYTHON_NO_DOTS=$(echo 3.9 | tr -dc '[:alnum:]\n\r' | tr '[:upper:]' '[:lower:]')" >> $GITHUB_OUTPUT
2022-12-27T11:20:19.2327830Z [36;1mecho "PYTHON_NO_DOTS=$(echo 3.9 | tr -dc '[:alnum:]\n\r' | tr '[:upper:]' '[:lower:]')" >> $GITHUB_OUTPUT[0m
2022-12-27T11:20:19.2355540Z shell: /bin/bash -e {0}
2022-12-27T11:20:19.2355870Z env:
2022-12-27T11:20:19.2356190Z   pythonLocation: /Users/runner/hostedtoolcache/Python/3.9.16/x64
2022-12-27T11:20:19.2356640Z   PKG_CONFIG_PATH: /Users/runner/hostedtoolcache/Python/3.9.16/x64/lib/pkgconfig
2022-12-27T11:20:19.2357210Z   Python_ROOT_DIR: /Users/runner/hostedtoolcache/Python/3.9.16/x64
2022-12-27T11:20:19.2357660Z   Python2_ROOT_DIR: /Users/runner/hostedtoolcache/Python/3.9.16/x64
2022-12-27T11:20:19.2358050Z   Python3_ROOT_DIR: /Users/runner/hostedtoolcache/Python/3.9.16/x64
2022-12-27T11:20:19.2358420Z ##[endgroup]
2022-12-27T11:20:19.2606750Z ##[group]Run rm -rf build_lxml11beta39
2022-12-27T11:20:19.2607230Z [36;1mrm -rf build_lxml11beta39[0m
2022-12-27T11:20:19.2607650Z [36;1mmkdir build_lxml11beta39[0m
2022-12-27T11:20:19.2607920Z [36;1mcd build_lxml11beta39[0m
2022-12-27T11:20:19.2608420Z [36;1m/usr/local/bin/wget --quiet https://files.pythonhosted.org/packages/54/8a/8525f786489b98594c4c56ae8916ebf45d69290b08028dd7eb4bcfb73abb/lxml-1.1beta.tar.gz[0m
2022-12-27T11:20:19.2608990Z [36;1mtar xf *.tar.gz[0m
2022-12-27T11:20:19.2609230Z [36;1mcd *[0m
2022-12-27T11:20:19.2609570Z [36;1mpython -m pip install cibuildwheel==2.11.3[0m
2022-12-27T11:20:19.2609970Z [36;1mpython -m cibuildwheel --output-dir ../wheelsout[0m
2022-12-27T11:20:19.2636870Z shell: /bin/bash -e {0}
2022-12-27T11:20:19.2637140Z env:
2022-12-27T11:20:19.2637520Z   pythonLocation: /Users/runner/hostedtoolcache/Python/3.9.16/x64
2022-12-27T11:20:19.2638020Z   PKG_CONFIG_PATH: /Users/runner/hostedtoolcache/Python/3.9.16/x64/lib/pkgconfig
2022-12-27T11:20:19.2638660Z   Python_ROOT_DIR: /Users/runner/hostedtoolcache/Python/3.9.16/x64
2022-12-27T11:20:19.2639050Z   Python2_ROOT_DIR: /Users/runner/hostedtoolcache/Python/3.9.16/x64
2022-12-27T11:20:19.2639500Z   Python3_ROOT_DIR: /Users/runner/hostedtoolcache/Python/3.9.16/x64
2022-12-27T11:20:19.2639890Z   CIBW_ARCHS_MACOS: arm64
2022-12-27T11:20:19.2640320Z   CIBW_TEST_SKIP: *_arm64
2022-12-27T11:20:19.2640600Z   CIBW_BUILD: cp39-macosx_arm64
2022-12-27T11:20:19.2640940Z   CIBW_BUILD_FRONTEND: pip
2022-12-27T11:20:19.2641280Z   CIBW_BUILD_VERBOSITY: 3
2022-12-27T11:20:19.2641780Z   CIBW_ENVIRONMENT_MACOS:  CFLAGS="-I/usr/local/opt/openssl@3/include" LDFLAGS="-L/usr/local/opt/openssl@3/lib" CPPFLAGS="-I/usr/local/opt/openssl@3/include" MAKEFLAGS="-j$(sysctl -n hw.logicalcpu)" PATH=/usr/local/opt/ccache/libexec:$PATH
2022-12-27T11:20:19.2642540Z   CIBW_BEFORE_BUILD: pip install Cython; if [[ -f requirements.txt ]]; then pip install -r requirements.txt; fi
2022-12-27T11:20:19.2644030Z   MAKEFLAGS: -j$(sysctl -n hw.logicalcpu)
2022-12-27T11:20:19.2644360Z ##[endgroup]
2022-12-27T11:20:19.8437380Z Requirement already satisfied: cibuildwheel==2.11.3 in /Users/runner/hostedtoolcache/Python/3.9.16/x64/lib/python3.9/site-packages (2.11.3)
2022-12-27T11:20:19.8856160Z Requirement already satisfied: typing-extensions>=4.1.0 in /Users/runner/hostedtoolcache/Python/3.9.16/x64/lib/python3.9/site-packages (from cibuildwheel==2.11.3) (4.4.0)
2022-12-27T11:20:19.8860940Z Requirement already satisfied: packaging>=20.9 in /Users/runner/hostedtoolcache/Python/3.9.16/x64/lib/python3.9/site-packages (from cibuildwheel==2.11.3) (22.0)
2022-12-27T11:20:19.8866820Z Requirement already satisfied: bracex in /Users/runner/hostedtoolcache/Python/3.9.16/x64/lib/python3.9/site-packages (from cibuildwheel==2.11.3) (2.3.post1)
2022-12-27T11:20:19.8870210Z Requirement already satisfied: filelock in /Users/runner/hostedtoolcache/Python/3.9.16/x64/lib/python3.9/site-packages (from cibuildwheel==2.11.3) (3.8.2)
2022-12-27T11:20:19.8875450Z Requirement already satisfied: platformdirs in /Users/runner/hostedtoolcache/Python/3.9.16/x64/lib/python3.9/site-packages (from cibuildwheel==2.11.3) (2.6.0)
2022-12-27T11:20:19.8879920Z Requirement already satisfied: certifi in /Users/runner/hostedtoolcache/Python/3.9.16/x64/lib/python3.9/site-packages (from cibuildwheel==2.11.3) (2022.12.7)
2022-12-27T11:20:19.8887490Z Requirement already satisfied: bashlex!=0.13 in /Users/runner/hostedtoolcache/Python/3.9.16/x64/lib/python3.9/site-packages (from cibuildwheel==2.11.3) (0.16)
2022-12-27T11:20:19.8896430Z Requirement already satisfied: tomli in /Users/runner/hostedtoolcache/Python/3.9.16/x64/lib/python3.9/site-packages (from cibuildwheel==2.11.3) (2.0.1)
2022-12-27T11:20:20.2002930Z 
2022-12-27T11:20:20.2004960Z      _ _       _ _   _       _           _
2022-12-27T11:20:20.2006070Z  ___|_| |_ _ _|_| |_| |_ _ _| |_ ___ ___| |
2022-12-27T11:20:20.2007170Z |  _| | . | | | | | . | | | |   | -_| -_| |
2022-12-27T11:20:20.2009220Z |___|_|___|___|_|_|___|_____|_|_|___|___|_|
2022-12-27T11:20:20.2009660Z 
2022-12-27T11:20:20.2010220Z cibuildwheel version 2.11.3
2022-12-27T11:20:20.2010620Z 
2022-12-27T11:20:20.2010940Z Build options:
2022-12-27T11:20:20.2011560Z   platform: macos
2022-12-27T11:20:20.2061350Z   architectures: arm64[0m
2022-12-27T11:20:20.2062050Z   build_selector: 
2022-12-27T11:20:20.2063320Z     build_config: cp39-macosx_arm64
2022-12-27T11:20:20.2064040Z     skip_config: 
2022-12-27T11:20:20.2064670Z     requires_python: None
2022-12-27T11:20:20.2065530Z     prerelease_pythons: False[0m
2022-12-27T11:20:20.2066880Z   [38;5;244mcontainer_engine: docker[0m
2022-12-27T11:20:20.2068770Z   output_dir: /Users/runner/actions-runner/_work/python.build/python.build/build_lxml11beta39/wheelsout[0m
2022-12-27T11:20:20.2069840Z   package_dir: /Users/runner/actions-runner/_work/python.build/python.build/build_lxml11beta39/lxml-1.1beta[0m
2022-12-27T11:20:20.2070700Z   test_selector: 
2022-12-27T11:20:20.2071190Z     skip_config: *_arm64[0m
2022-12-27T11:20:20.2072510Z   [38;5;244mbefore_all: [0m
2022-12-27T11:20:20.2073110Z   before_build: pip install Cython; if [[ -f requirements.txt ]]; then pip install -r requirements.txt; fi[0m
2022-12-27T11:20:20.2073580Z   [38;5;244mbefore_test: [0m
2022-12-27T11:20:20.2074080Z   [38;5;244mbuild_frontend: pip[0m
2022-12-27T11:20:20.2074840Z   build_verbosity: 3[0m
2022-12-27T11:20:20.2075480Z   [38;5;244mconfig_settings: [0m
2022-12-27T11:20:20.2075960Z   [38;5;244mdependency_constraints: pinned[0m
2022-12-27T11:20:20.2076320Z   environment: 
2022-12-27T11:20:20.2076780Z     CFLAGS="-I/usr/local/opt/openssl@3/include"
2022-12-27T11:20:20.2077190Z     LDFLAGS="-L/usr/local/opt/openssl@3/lib"
2022-12-27T11:20:20.2077760Z     CPPFLAGS="-I/usr/local/opt/openssl@3/include"
2022-12-27T11:20:20.2078260Z     MAKEFLAGS="-j$(sysctl -n hw.logicalcpu)"
2022-12-27T11:20:20.2078680Z     PATH=/usr/local/opt/ccache/libexec:$PATH[0m
2022-12-27T11:20:20.2079140Z   [38;5;244mmanylinux_images: None[0m
2022-12-27T11:20:20.2079660Z   [38;5;244mmusllinux_images: None[0m
2022-12-27T11:20:20.2080180Z   [38;5;244mrepair_command: delocate-wheel --require-archs {delocate_archs} -w {dest_dir} -v {wheel}[0m
2022-12-27T11:20:20.2081440Z   [38;5;244mtest_command: [0m
2022-12-27T11:20:20.2081850Z   [38;5;244mtest_extras: [0m
2022-12-27T11:20:20.2082270Z   [38;5;244mtest_requires: [0m
2022-12-27T11:20:20.2082410Z 
2022-12-27T11:20:20.2082690Z Cache folder: /Users/runner/Library/Caches/cibuildwheel
2022-12-27T11:20:20.2093630Z 
2022-12-27T11:20:20.2094270Z Here we go!
2022-12-27T11:20:20.2094510Z 
2022-12-27T11:20:20.2184280Z 
2022-12-27T11:20:20.2185470Z [1m[34mBuilding cp39-macosx_arm64 wheel[0m
2022-12-27T11:20:20.2186480Z CPython 3.9 macOS arm64 - Apple Silicon
2022-12-27T11:20:20.2186770Z 
2022-12-27T11:20:20.2191090Z ##[group]Installing Python cp39...
2022-12-27T11:20:20.2191600Z 
2022-12-27T11:20:20.2192210Z + pkgutil --pkgs
2022-12-27T11:20:20.2386720Z ##[endgroup]
2022-12-27T11:20:20.2388570Z                                                               [32mâœ“ [0m0.02s
2022-12-27T11:20:20.2389250Z ##[group]Setting up build environment...
2022-12-27T11:20:20.2389520Z 
2022-12-27T11:20:20.2422640Z + /Users/runner/hostedtoolcache/Python/3.9.16/x64/bin/python -sS /Users/runner/Library/Caches/cibuildwheel/virtualenv-20.17.0.pyz --activators= --no-periodic-update --pip=22.3.1 --setuptools=65.6.3 --wheel=0.38.4 --symlink-app-data --python /Library/Frameworks/Python.framework/Versions/3.9/bin/python3 /private/var/folders/51/hd414ycd67n82196sw51xqtc0000gn/T/cibw-run-puryjxid/cp39-macosx_arm64/build/venv
2022-12-27T11:20:20.5608510Z created virtual environment CPython3.9.13.final.0-64 in 81ms
2022-12-27T11:20:20.5609420Z   creator CPython3Posix(dest=/private/var/folders/51/hd414ycd67n82196sw51xqtc0000gn/T/cibw-run-puryjxid/cp39-macosx_arm64/build/venv, clear=False, no_vcs_ignore=False, global=False)
2022-12-27T11:20:20.5610580Z   seeder FromAppData(download=False, pip=22.3.1, setuptools=65.6.3, wheel=0.38.4, via=symlink, app_data_dir=/Users/runner/Library/Application Support/virtualenv)
2022-12-27T11:20:20.5611320Z     added seed packages: pip==22.3.1, setuptools==65.6.3, wheel==0.38.4
2022-12-27T11:20:20.5811220Z + python -m pip install --upgrade pip -c /Users/runner/hostedtoolcache/Python/3.9.16/x64/lib/python3.9/site-packages/cibuildwheel/resources/constraints-python39.txt
2022-12-27T11:20:21.1208270Z Requirement already satisfied: pip in ./lib/python3.9/site-packages (22.3.1)
2022-12-27T11:20:21.4053550Z + which pip
2022-12-27T11:20:21.4096470Z /private/var/folders/51/hd414ycd67n82196sw51xqtc0000gn/T/cibw-run-puryjxid/cp39-macosx_arm64/build/venv/bin/pip
2022-12-27T11:20:21.4101770Z + pip --version
2022-12-27T11:20:21.8326760Z pip 22.3.1 from /private/var/folders/51/hd414ycd67n82196sw51xqtc0000gn/T/cibw-run-puryjxid/cp39-macosx_arm64/build/venv/lib/python3.9/site-packages/pip (python 3.9)
2022-12-27T11:20:21.8900050Z + which pip
2022-12-27T11:20:21.8953000Z + which python
2022-12-27T11:20:21.8995640Z /private/var/folders/51/hd414ycd67n82196sw51xqtc0000gn/T/cibw-run-puryjxid/cp39-macosx_arm64/build/venv/bin/python
2022-12-27T11:20:21.8999480Z + python --version
2022-12-27T11:20:21.9093890Z Python 3.9.13
2022-12-27T11:20:21.9104530Z + which python
2022-12-27T11:20:21.9229260Z ##[endgroup]
2022-12-27T11:20:21.9231020Z                                                               [32mâœ“ [0m1.68s
2022-12-27T11:20:21.9232910Z ##[group]Installing build tools...
2022-12-27T11:20:21.9233350Z 
2022-12-27T11:20:21.9235060Z + pip install --upgrade setuptools wheel delocate -c /Users/runner/hostedtoolcache/Python/3.9.16/x64/lib/python3.9/site-packages/cibuildwheel/resources/constraints-python39.txt
2022-12-27T11:20:22.4316360Z Requirement already satisfied: setuptools in /private/var/folders/51/hd414ycd67n82196sw51xqtc0000gn/T/cibw-run-puryjxid/cp39-macosx_arm64/build/venv/lib/python3.9/site-packages (65.6.3)
2022-12-27T11:20:22.8637260Z Requirement already satisfied: wheel in /private/var/folders/51/hd414ycd67n82196sw51xqtc0000gn/T/cibw-run-puryjxid/cp39-macosx_arm64/build/venv/lib/python3.9/site-packages (0.38.4)
2022-12-27T11:20:22.9584180Z Collecting delocate
2022-12-27T11:20:22.9633560Z   Using cached delocate-0.10.3-py3-none-any.whl (142 kB)
2022-12-27T11:20:23.0164390Z Collecting typing-extensions
2022-12-27T11:20:23.0213440Z   Using cached typing_extensions-4.4.0-py3-none-any.whl (26 kB)
2022-12-27T11:20:23.0734460Z Collecting packaging>=20.9
2022-12-27T11:20:23.0779760Z   Using cached packaging-21.3-py3-none-any.whl (40 kB)
2022-12-27T11:20:23.1507420Z Collecting pyparsing!=3.0.5,>=2.0.2
2022-12-27T11:20:23.1553900Z   Using cached pyparsing-3.0.9-py3-none-any.whl (98 kB)
2022-12-27T11:20:23.2228350Z Installing collected packages: typing-extensions, pyparsing, packaging, delocate
2022-12-27T11:20:23.4700470Z Successfully installed delocate-0.10.3 packaging-21.3 pyparsing-3.0.9 typing-extensions-4.4.0
2022-12-27T11:20:23.6014940Z ##[endgroup]
2022-12-27T11:20:23.6016340Z                                                               [32mâœ“ [0m1.68s
2022-12-27T11:20:23.6017670Z ##[group]Running before_build...
2022-12-27T11:20:23.6018080Z 
2022-12-27T11:20:23.6036110Z + pip install Cython; if [[ -f requirements.txt ]]; then pip install -r requirements.txt; fi
2022-12-27T11:20:24.8738130Z Collecting Cython
2022-12-27T11:20:24.8818600Z   Using cached Cython-0.29.32-py2.py3-none-any.whl (986 kB)
2022-12-27T11:20:24.9615310Z Installing collected packages: Cython
2022-12-27T11:20:25.8096840Z Successfully installed Cython-0.29.32
2022-12-27T11:20:25.9147350Z ##[endgroup]
2022-12-27T11:20:25.9148650Z                                                               [32mâœ“ [0m2.31s
2022-12-27T11:20:25.9149440Z ##[group]Building wheel...
2022-12-27T11:20:25.9149650Z 
2022-12-27T11:20:25.9156190Z + python -m pip wheel /Users/runner/actions-runner/_work/python.build/python.build/build_lxml11beta39/lxml-1.1beta --wheel-dir=/private/var/folders/51/hd414ycd67n82196sw51xqtc0000gn/T/cibw-run-puryjxid/cp39-macosx_arm64/built_wheel --no-deps -vvv
2022-12-27T11:20:26.3670900Z Created temporary directory: /private/var/folders/51/hd414ycd67n82196sw51xqtc0000gn/T/pip-ephem-wheel-cache-1wsb8qdt
2022-12-27T11:20:26.3677820Z Created temporary directory: /private/var/folders/51/hd414ycd67n82196sw51xqtc0000gn/T/pip-build-tracker-rjo7pzxr
2022-12-27T11:20:26.3680260Z Initialized build tracking at /private/var/folders/51/hd414ycd67n82196sw51xqtc0000gn/T/pip-build-tracker-rjo7pzxr
2022-12-27T11:20:26.3682540Z Created build tracker: /private/var/folders/51/hd414ycd67n82196sw51xqtc0000gn/T/pip-build-tracker-rjo7pzxr
2022-12-27T11:20:26.3686140Z Entered build tracker: /private/var/folders/51/hd414ycd67n82196sw51xqtc0000gn/T/pip-build-tracker-rjo7pzxr
2022-12-27T11:20:26.3691160Z Created temporary directory: /private/var/folders/51/hd414ycd67n82196sw51xqtc0000gn/T/pip-wheel-7730rcpa
2022-12-27T11:20:26.3703260Z Created temporary directory: /private/var/folders/51/hd414ycd67n82196sw51xqtc0000gn/T/pip-ephem-wheel-cache-3qy01mi9
2022-12-27T11:20:26.3998090Z Processing /Users/runner/actions-runner/_work/python.build/python.build/build_lxml11beta39/lxml-1.1beta
2022-12-27T11:20:26.4008430Z   Added file:///Users/runner/actions-runner/_work/python.build/python.build/build_lxml11beta39/lxml-1.1beta to build tracker '/private/var/folders/51/hd414ycd67n82196sw51xqtc0000gn/T/pip-build-tracker-rjo7pzxr'
2022-12-27T11:20:26.4014240Z   Running setup.py (path:/Users/runner/actions-runner/_work/python.build/python.build/build_lxml11beta39/lxml-1.1beta/setup.py) egg_info for package from file:///Users/runner/actions-runner/_work/python.build/python.build/build_lxml11beta39/lxml-1.1beta
2022-12-27T11:20:26.4019410Z   Created temporary directory: /private/var/folders/51/hd414ycd67n82196sw51xqtc0000gn/T/pip-pip-egg-info-lojkpyic
2022-12-27T11:20:26.4021530Z   Preparing metadata (setup.py): started
2022-12-27T11:20:26.4025390Z   Running command python setup.py egg_info
2022-12-27T11:20:26.6752490Z   Traceback (most recent call last):
2022-12-27T11:20:26.6767670Z     File "<string>", line 2, in <module>
2022-12-27T11:20:26.6768750Z     File "<pip-setuptools-caller>", line 34, in <module>
2022-12-27T11:20:26.6769640Z     File "/Users/runner/actions-runner/_work/python.build/python.build/build_lxml11beta39/lxml-1.1beta/setup.py", line 30
2022-12-27T11:20:26.6772880Z       raise NotImplementedError, \
2022-12-27T11:20:26.6778330Z                                ^
2022-12-27T11:20:26.6784290Z   SyntaxError: invalid syntax
2022-12-27T11:20:26.7087620Z   error: subprocess-exited-with-error
2022-12-27T11:20:26.7088440Z   
2022-12-27T11:20:26.7089310Z   Ã— python setup.py egg_info did not run successfully.
2022-12-27T11:20:26.7090200Z   â”‚ exit code: 1
2022-12-27T11:20:26.7091660Z   â•°â”€> See above for output.
2022-12-27T11:20:26.7092170Z   
2022-12-27T11:20:26.7092950Z   note: This error originates from a subprocess, and is likely not a problem with pip.
2022-12-27T11:20:26.7104850Z   full command: /private/var/folders/51/hd414ycd67n82196sw51xqtc0000gn/T/cibw-run-puryjxid/cp39-macosx_arm64/build/venv/bin/python -c '
2022-12-27T11:20:26.7106930Z   exec(compile('"'"''"'"''"'"'
2022-12-27T11:20:26.7109400Z   # This is <pip-setuptools-caller> -- a caller that pip uses to run setup.py
2022-12-27T11:20:26.7112830Z   #
2022-12-27T11:20:26.7115020Z   # - It imports setuptools before invoking setup.py, to enable projects that directly
2022-12-27T11:20:26.7116070Z   #   import from `distutils.core` to work with newer packaging standards.
2022-12-27T11:20:26.7117470Z   # - It provides a clear error message when setuptools is not installed.
2022-12-27T11:20:26.7118390Z   # - It sets `sys.argv[0]` to the underlying `setup.py`, when invoking `setup.py` so
2022-12-27T11:20:26.7119170Z   #   setuptools doesn'"'"'t think the script is `-c`. This avoids the following warning:
2022-12-27T11:20:26.7119790Z   #     manifest_maker: standard file '"'"'-c'"'"' not found".
2022-12-27T11:20:26.7120390Z   # - It generates a shim setup.py, for handling setup.cfg-only projects.
2022-12-27T11:20:26.7120910Z   import os, sys, tokenize
2022-12-27T11:20:26.7121200Z   
2022-12-27T11:20:26.7121950Z   try:
2022-12-27T11:20:26.7122320Z       import setuptools
2022-12-27T11:20:26.7122620Z   except ImportError as error:
2022-12-27T11:20:26.7123080Z       print(
2022-12-27T11:20:26.7123500Z           "ERROR: Can not execute `setup.py` since setuptools is not available in "
2022-12-27T11:20:26.7123930Z           "the build environment.",
2022-12-27T11:20:26.7124210Z           file=sys.stderr,
2022-12-27T11:20:26.7124640Z       )
2022-12-27T11:20:26.7124970Z       sys.exit(1)
2022-12-27T11:20:26.7125210Z   
2022-12-27T11:20:26.7125530Z   __file__ = %r
2022-12-27T11:20:26.7125880Z   sys.argv[0] = __file__
2022-12-27T11:20:26.7126210Z   
2022-12-27T11:20:26.7126550Z   if os.path.exists(__file__):
2022-12-27T11:20:26.7126900Z       filename = __file__
2022-12-27T11:20:26.7127200Z       with tokenize.open(__file__) as f:
2022-12-27T11:20:26.7127580Z           setup_py_code = f.read()
2022-12-27T11:20:26.7128100Z   else:
2022-12-27T11:20:26.7128570Z       filename = "<auto-generated setuptools caller>"
2022-12-27T11:20:26.7129030Z       setup_py_code = "from setuptools import setup; setup()"
2022-12-27T11:20:26.7129390Z   
2022-12-27T11:20:26.7129690Z   exec(compile(setup_py_code, filename, "exec"))
2022-12-27T11:20:26.7130740Z   '"'"''"'"''"'"' % ('"'"'/Users/runner/actions-runner/_work/python.build/python.build/build_lxml11beta39/lxml-1.1beta/setup.py'"'"',), "<pip-setuptools-caller>", "exec"))' egg_info --egg-base /private/var/folders/51/hd414ycd67n82196sw51xqtc0000gn/T/pip-pip-egg-info-lojkpyic
2022-12-27T11:20:26.7131620Z   cwd: /Users/runner/actions-runner/_work/python.build/python.build/build_lxml11beta39/lxml-1.1beta/
2022-12-27T11:20:26.7132380Z   Preparing metadata (setup.py): finished with status 'error'
2022-12-27T11:20:26.7134090Z error: metadata-generation-failed
2022-12-27T11:20:26.7135410Z 
2022-12-27T11:20:26.7136550Z Ã— Encountered error while generating package metadata.
2022-12-27T11:20:26.7137620Z â•°â”€> See above for output.
2022-12-27T11:20:26.7138040Z 
2022-12-27T11:20:26.7138520Z note: This is an issue with the package mentioned above, not pip.
2022-12-27T11:20:26.7139480Z hint: See above for details.
2022-12-27T11:20:26.7186640Z Exception information:
2022-12-27T11:20:26.7189320Z Traceback (most recent call last):
2022-12-27T11:20:26.7192360Z   File "/private/var/folders/51/hd414ycd67n82196sw51xqtc0000gn/T/cibw-run-puryjxid/cp39-macosx_arm64/build/venv/lib/python3.9/site-packages/pip/_internal/operations/build/metadata_legacy.py", line 64, in generate_metadata
2022-12-27T11:20:26.7340400Z     call_subprocess(
2022-12-27T11:20:26.7341640Z   File "/private/var/folders/51/hd414ycd67n82196sw51xqtc0000gn/T/cibw-run-puryjxid/cp39-macosx_arm64/build/venv/lib/python3.9/site-packages/pip/_internal/utils/subprocess.py", line 224, in call_subprocess
2022-12-27T11:20:26.7342390Z     raise error
2022-12-27T11:20:26.7342890Z pip._internal.exceptions.InstallationSubprocessError: python setup.py egg_info exited with 1
2022-12-27T11:20:26.7343230Z 
2022-12-27T11:20:26.7343470Z The above exception was the direct cause of the following exception:
2022-12-27T11:20:26.7344580Z 
2022-12-27T11:20:26.7344780Z Traceback (most recent call last):
2022-12-27T11:20:26.7345650Z   File "/private/var/folders/51/hd414ycd67n82196sw51xqtc0000gn/T/cibw-run-puryjxid/cp39-macosx_arm64/build/venv/lib/python3.9/site-packages/pip/_internal/cli/base_command.py", line 160, in exc_logging_wrapper
2022-12-27T11:20:26.7346180Z     status = run_func(*args)
2022-12-27T11:20:26.7346930Z   File "/private/var/folders/51/hd414ycd67n82196sw51xqtc0000gn/T/cibw-run-puryjxid/cp39-macosx_arm64/build/venv/lib/python3.9/site-packages/pip/_internal/cli/req_command.py", line 247, in wrapper
2022-12-27T11:20:26.7347410Z     return func(self, options, args)
2022-12-27T11:20:26.7348160Z   File "/private/var/folders/51/hd414ycd67n82196sw51xqtc0000gn/T/cibw-run-puryjxid/cp39-macosx_arm64/build/venv/lib/python3.9/site-packages/pip/_internal/commands/wheel.py", line 170, in run
2022-12-27T11:20:26.7349400Z     requirement_set = resolver.resolve(reqs, check_supported_wheels=True)
2022-12-27T11:20:26.7350300Z   File "/private/var/folders/51/hd414ycd67n82196sw51xqtc0000gn/T/cibw-run-puryjxid/cp39-macosx_arm64/build/venv/lib/python3.9/site-packages/pip/_internal/resolution/resolvelib/resolver.py", line 73, in resolve
2022-12-27T11:20:26.7350890Z     collected = self.factory.collect_root_requirements(root_reqs)
2022-12-27T11:20:26.7351650Z   File "/private/var/folders/51/hd414ycd67n82196sw51xqtc0000gn/T/cibw-run-puryjxid/cp39-macosx_arm64/build/venv/lib/python3.9/site-packages/pip/_internal/resolution/resolvelib/factory.py", line 491, in collect_root_requirements
2022-12-27T11:20:26.7352220Z     req = self._make_requirement_from_install_req(
2022-12-27T11:20:26.7353030Z   File "/private/var/folders/51/hd414ycd67n82196sw51xqtc0000gn/T/cibw-run-puryjxid/cp39-macosx_arm64/build/venv/lib/python3.9/site-packages/pip/_internal/resolution/resolvelib/factory.py", line 453, in _make_requirement_from_install_req
2022-12-27T11:20:26.7353500Z     cand = self._make_candidate_from_link(
2022-12-27T11:20:26.7354350Z   File "/private/var/folders/51/hd414ycd67n82196sw51xqtc0000gn/T/cibw-run-puryjxid/cp39-macosx_arm64/build/venv/lib/python3.9/site-packages/pip/_internal/resolution/resolvelib/factory.py", line 206, in _make_candidate_from_link
2022-12-27T11:20:26.7355070Z     self._link_candidate_cache[link] = LinkCandidate(
2022-12-27T11:20:26.7355910Z   File "/private/var/folders/51/hd414ycd67n82196sw51xqtc0000gn/T/cibw-run-puryjxid/cp39-macosx_arm64/build/venv/lib/python3.9/site-packages/pip/_internal/resolution/resolvelib/candidates.py", line 297, in __init__
2022-12-27T11:20:26.7356400Z     super().__init__(
2022-12-27T11:20:26.7357860Z   File "/private/var/folders/51/hd414ycd67n82196sw51xqtc0000gn/T/cibw-run-puryjxid/cp39-macosx_arm64/build/venv/lib/python3.9/site-packages/pip/_internal/resolution/resolvelib/candidates.py", line 162, in __init__
2022-12-27T11:20:26.7358410Z     self.dist = self._prepare()
2022-12-27T11:20:26.7359190Z   File "/private/var/folders/51/hd414ycd67n82196sw51xqtc0000gn/T/cibw-run-puryjxid/cp39-macosx_arm64/build/venv/lib/python3.9/site-packages/pip/_internal/resolution/resolvelib/candidates.py", line 231, in _prepare
2022-12-27T11:20:26.7360130Z     dist = self._prepare_distribution()
2022-12-27T11:20:26.7360930Z   File "/private/var/folders/51/hd414ycd67n82196sw51xqtc0000gn/T/cibw-run-puryjxid/cp39-macosx_arm64/build/venv/lib/python3.9/site-packages/pip/_internal/resolution/resolvelib/candidates.py", line 308, in _prepare_distribution
2022-12-27T11:20:26.7361660Z     return preparer.prepare_linked_requirement(self._ireq, parallel_builds=True)
2022-12-27T11:20:26.7362520Z   File "/private/var/folders/51/hd414ycd67n82196sw51xqtc0000gn/T/cibw-run-puryjxid/cp39-macosx_arm64/build/venv/lib/python3.9/site-packages/pip/_internal/operations/prepare.py", line 491, in prepare_linked_requirement
2022-12-27T11:20:26.7363110Z     return self._prepare_linked_requirement(req, parallel_builds)
2022-12-27T11:20:26.7363940Z   File "/private/var/folders/51/hd414ycd67n82196sw51xqtc0000gn/T/cibw-run-puryjxid/cp39-macosx_arm64/build/venv/lib/python3.9/site-packages/pip/_internal/operations/prepare.py", line 577, in _prepare_linked_requirement
2022-12-27T11:20:26.7364530Z     dist = _get_prepared_distribution(
2022-12-27T11:20:26.7365280Z   File "/private/var/folders/51/hd414ycd67n82196sw51xqtc0000gn/T/cibw-run-puryjxid/cp39-macosx_arm64/build/venv/lib/python3.9/site-packages/pip/_internal/operations/prepare.py", line 69, in _get_prepared_distribution
2022-12-27T11:20:26.7365880Z     abstract_dist.prepare_distribution_metadata(
2022-12-27T11:20:26.7366700Z   File "/private/var/folders/51/hd414ycd67n82196sw51xqtc0000gn/T/cibw-run-puryjxid/cp39-macosx_arm64/build/venv/lib/python3.9/site-packages/pip/_internal/distributions/sdist.py", line 61, in prepare_distribution_metadata
2022-12-27T11:20:26.7367270Z     self.req.prepare_metadata()
2022-12-27T11:20:26.7368350Z   File "/private/var/folders/51/hd414ycd67n82196sw51xqtc0000gn/T/cibw-run-puryjxid/cp39-macosx_arm64/build/venv/lib/python3.9/site-packages/pip/_internal/req/req_install.py", line 541, in prepare_metadata
2022-12-27T11:20:26.7368910Z     self.metadata_directory = generate_metadata_legacy(
2022-12-27T11:20:26.7369710Z   File "/private/var/folders/51/hd414ycd67n82196sw51xqtc0000gn/T/cibw-run-puryjxid/cp39-macosx_arm64/build/venv/lib/python3.9/site-packages/pip/_internal/operations/build/metadata_legacy.py", line 71, in generate_metadata
2022-12-27T11:20:26.7370390Z     raise MetadataGenerationFailed(package_details=details) from error
2022-12-27T11:20:26.7370930Z pip._internal.exceptions.MetadataGenerationFailed: metadata generation failed
2022-12-27T11:20:26.7371810Z Removed file:///Users/runner/actions-runner/_work/python.build/python.build/build_lxml11beta39/lxml-1.1beta from build tracker '/private/var/folders/51/hd414ycd67n82196sw51xqtc0000gn/T/pip-build-tracker-rjo7pzxr'
2022-12-27T11:20:26.7372550Z Removed build tracker: '/private/var/folders/51/hd414ycd67n82196sw51xqtc0000gn/T/pip-build-tracker-rjo7pzxr'
2022-12-27T11:20:26.8141050Z ##[endgroup]
2022-12-27T11:20:26.8205360Z ##[error]Command ['python', '-m', 'pip', 'wheel', '/Users/runner/actions-runner/_work/python.build/python.build/build_lxml11beta39/lxml-1.1beta', '--wheel-dir=/private/var/folders/51/hd414ycd67n82196sw51xqtc0000gn/T/cibw-run-puryjxid/cp39-macosx_arm64/built_wheel', '--no-deps', '-vvv'] failed with code 1. None
2022-12-27T11:20:26.8223080Z 
2022-12-27T11:20:26.8224150Z                                                               [31mâœ• [0m0.90s
2022-12-27T11:20:26.8985810Z ##[error]Process completed with exit code 1.
2022-12-27T11:20:26.9046750Z ##[group]Run rm -rf build_lxml11beta39 wheelsout
2022-12-27T11:20:26.9047250Z [36;1mrm -rf build_lxml11beta39 wheelsout[0m
2022-12-27T11:20:26.9074800Z shell: /bin/bash -e {0}
2022-12-27T11:20:26.9075120Z env:
2022-12-27T11:20:26.9075480Z   pythonLocation: /Users/runner/hostedtoolcache/Python/3.9.16/x64
2022-12-27T11:20:26.9075940Z   PKG_CONFIG_PATH: /Users/runner/hostedtoolcache/Python/3.9.16/x64/lib/pkgconfig
2022-12-27T11:20:26.9076330Z   Python_ROOT_DIR: /Users/runner/hostedtoolcache/Python/3.9.16/x64
2022-12-27T11:20:26.9076820Z   Python2_ROOT_DIR: /Users/runner/hostedtoolcache/Python/3.9.16/x64
2022-12-27T11:20:26.9077780Z   Python3_ROOT_DIR: /Users/runner/hostedtoolcache/Python/3.9.16/x64
2022-12-27T11:20:26.9078090Z ##[endgroup]
2022-12-27T11:20:26.9576340Z Cleaning up orphan processes
