2022-12-27T08:52:22.3893818Z Requested labels: self-hosted, macOS, X64
2022-12-27T08:52:22.3893905Z Job defined at: kilnbuild/python.build/.github/workflows/mac_arm_build.yml@refs/heads/main
2022-12-27T08:52:22.3893930Z Waiting for a runner to pick up this job...
2022-12-27T11:24:10.0039215Z Job is about to start running on the runner: kr2 (organization)
2022-12-27T11:24:14.8601730Z Current runner version: '2.300.2'
2022-12-27T11:24:14.8608880Z Runner name: 'kr2'
2022-12-27T11:24:14.8609270Z Runner group name: 'Default'
2022-12-27T11:24:14.8610040Z Machine name: 'kr2'
2022-12-27T11:24:14.8612640Z ##[group]GITHUB_TOKEN Permissions
2022-12-27T11:24:14.8613310Z Actions: write
2022-12-27T11:24:14.8613560Z Checks: write
2022-12-27T11:24:14.8613790Z Contents: write
2022-12-27T11:24:14.8614070Z Deployments: write
2022-12-27T11:24:14.8614330Z Discussions: write
2022-12-27T11:24:14.8614590Z Issues: write
2022-12-27T11:24:14.8614840Z Metadata: read
2022-12-27T11:24:14.8615090Z Packages: write
2022-12-27T11:24:14.8615350Z Pages: write
2022-12-27T11:24:14.8615610Z PullRequests: write
2022-12-27T11:24:14.8615910Z RepositoryProjects: write
2022-12-27T11:24:14.8616210Z SecurityEvents: write
2022-12-27T11:24:14.8616480Z Statuses: write
2022-12-27T11:24:14.8616730Z ##[endgroup]
2022-12-27T11:24:14.8620320Z Secret source: Actions
2022-12-27T11:24:14.8620810Z Prepare workflow directory
2022-12-27T11:24:14.9681470Z Prepare all required actions
2022-12-27T11:24:14.9882900Z Getting action download info
2022-12-27T11:24:15.4277910Z Download action repository 'actions/setup-python@v4' (SHA:5ccb29d8773c3f3f653e1705f474dfaa8a06a912)
2022-12-27T11:24:17.3149780Z Download action repository 'actions/upload-artifact@v3' (SHA:83fd05a356d7e2593de66fc9913b3002723633cb)
2022-12-27T11:24:18.7751040Z ##[group]Run echo '{
2022-12-27T11:24:18.7751590Z [36;1mecho '{[0m
2022-12-27T11:24:18.7751970Z [36;1m  "package_name": "lxml",[0m
2022-12-27T11:24:18.7752480Z [36;1m  "package_url": "https://files.pythonhosted.org/packages/87/db/bfda1646acc9d293c13d063e630e4535c485b6e1a72d3cc6b3a55ee37884/lxml-2.0alpha6.tar.gz",[0m
2022-12-27T11:24:18.7753060Z [36;1m  "package_version": "2.0alpha6",[0m
2022-12-27T11:24:18.7753340Z [36;1m  "python_version": "3.10",[0m
2022-12-27T11:24:18.7753660Z [36;1m  "use_ccache": "true"[0m
2022-12-27T11:24:18.7753950Z [36;1m}'[0m
2022-12-27T11:24:18.7780810Z shell: /bin/bash -e {0}
2022-12-27T11:24:18.7781230Z ##[endgroup]
2022-12-27T11:24:18.8180040Z {
2022-12-27T11:24:18.8183100Z   "package_name": "lxml",
2022-12-27T11:24:18.8184230Z   "package_url": "https://files.pythonhosted.org/packages/87/db/bfda1646acc9d293c13d063e630e4535c485b6e1a72d3cc6b3a55ee37884/lxml-2.0alpha6.tar.gz",
2022-12-27T11:24:18.8184980Z   "package_version": "2.0alpha6",
2022-12-27T11:24:18.8185550Z   "python_version": "3.10",
2022-12-27T11:24:18.8185850Z   "use_ccache": "true"
2022-12-27T11:24:18.8186160Z }
2022-12-27T11:24:18.8533940Z ##[group]Run actions/setup-python@v4
2022-12-27T11:24:18.8534360Z with:
2022-12-27T11:24:18.8534670Z   python-version: 3.10
2022-12-27T11:24:18.8534980Z   check-latest: false
2022-12-27T11:24:18.8535600Z   token: ***
2022-12-27T11:24:18.8535930Z   update-environment: true
2022-12-27T11:24:18.8536250Z ##[endgroup]
2022-12-27T11:24:19.0679610Z ##[group]Installed versions
2022-12-27T11:24:19.0728780Z Successfully set up CPython (3.10.9)
2022-12-27T11:24:19.0730330Z ##[endgroup]
2022-12-27T11:24:19.0980230Z ##[group]Run if [ "true" == "true" ]
2022-12-27T11:24:19.0980770Z [36;1mif [ "true" == "true" ][0m
2022-12-27T11:24:19.0981240Z [36;1mthen[0m
2022-12-27T11:24:19.0981580Z [36;1m  echo "CCACHE_PATH_PREPEND=/usr/local/opt/ccache/libexec" >> $GITHUB_OUTPUT[0m
2022-12-27T11:24:19.0981990Z [36;1melse[0m
2022-12-27T11:24:19.0982370Z [36;1m  echo "CCACHE_PATH_PREPEND=" >> $GITHUB_OUTPUT[0m
2022-12-27T11:24:19.0982840Z [36;1mfi[0m
2022-12-27T11:24:19.1011150Z shell: /bin/bash -e {0}
2022-12-27T11:24:19.1011570Z env:
2022-12-27T11:24:19.1012010Z   pythonLocation: /Users/runner/hostedtoolcache/Python/3.10.9/x64
2022-12-27T11:24:19.1012510Z   PKG_CONFIG_PATH: /Users/runner/hostedtoolcache/Python/3.10.9/x64/lib/pkgconfig
2022-12-27T11:24:19.1012960Z   Python_ROOT_DIR: /Users/runner/hostedtoolcache/Python/3.10.9/x64
2022-12-27T11:24:19.1013380Z   Python2_ROOT_DIR: /Users/runner/hostedtoolcache/Python/3.10.9/x64
2022-12-27T11:24:19.1013830Z   Python3_ROOT_DIR: /Users/runner/hostedtoolcache/Python/3.10.9/x64
2022-12-27T11:24:19.1014880Z ##[endgroup]
2022-12-27T11:24:19.1322880Z ##[group]Run echo "BUILD_NAME=$(echo lxml_2.0alpha6_3.10 | tr -dc '[:alnum:]\n\r' | tr '[:upper:]' '[:lower:]')" >> $GITHUB_OUTPUT
2022-12-27T11:24:19.1323530Z [36;1mecho "BUILD_NAME=$(echo lxml_2.0alpha6_3.10 | tr -dc '[:alnum:]\n\r' | tr '[:upper:]' '[:lower:]')" >> $GITHUB_OUTPUT[0m
2022-12-27T11:24:19.1351170Z shell: /bin/bash -e {0}
2022-12-27T11:24:19.1351470Z env:
2022-12-27T11:24:19.1351830Z   pythonLocation: /Users/runner/hostedtoolcache/Python/3.10.9/x64
2022-12-27T11:24:19.1352270Z   PKG_CONFIG_PATH: /Users/runner/hostedtoolcache/Python/3.10.9/x64/lib/pkgconfig
2022-12-27T11:24:19.1352780Z   Python_ROOT_DIR: /Users/runner/hostedtoolcache/Python/3.10.9/x64
2022-12-27T11:24:19.1353130Z   Python2_ROOT_DIR: /Users/runner/hostedtoolcache/Python/3.10.9/x64
2022-12-27T11:24:19.1353530Z   Python3_ROOT_DIR: /Users/runner/hostedtoolcache/Python/3.10.9/x64
2022-12-27T11:24:19.1353870Z ##[endgroup]
2022-12-27T11:24:19.1585350Z ##[group]Run echo "PYTHON_NO_DOTS=$(echo 3.10 | tr -dc '[:alnum:]\n\r' | tr '[:upper:]' '[:lower:]')" >> $GITHUB_OUTPUT
2022-12-27T11:24:19.1586050Z [36;1mecho "PYTHON_NO_DOTS=$(echo 3.10 | tr -dc '[:alnum:]\n\r' | tr '[:upper:]' '[:lower:]')" >> $GITHUB_OUTPUT[0m
2022-12-27T11:24:19.1612220Z shell: /bin/bash -e {0}
2022-12-27T11:24:19.1612540Z env:
2022-12-27T11:24:19.1612890Z   pythonLocation: /Users/runner/hostedtoolcache/Python/3.10.9/x64
2022-12-27T11:24:19.1614210Z   PKG_CONFIG_PATH: /Users/runner/hostedtoolcache/Python/3.10.9/x64/lib/pkgconfig
2022-12-27T11:24:19.1614580Z   Python_ROOT_DIR: /Users/runner/hostedtoolcache/Python/3.10.9/x64
2022-12-27T11:24:19.1615060Z   Python2_ROOT_DIR: /Users/runner/hostedtoolcache/Python/3.10.9/x64
2022-12-27T11:24:19.1615470Z   Python3_ROOT_DIR: /Users/runner/hostedtoolcache/Python/3.10.9/x64
2022-12-27T11:24:19.1615750Z ##[endgroup]
2022-12-27T11:24:19.1856690Z ##[group]Run rm -rf build_lxml20alpha6310
2022-12-27T11:24:19.1857460Z [36;1mrm -rf build_lxml20alpha6310[0m
2022-12-27T11:24:19.1857870Z [36;1mmkdir build_lxml20alpha6310[0m
2022-12-27T11:24:19.1858210Z [36;1mcd build_lxml20alpha6310[0m
2022-12-27T11:24:19.1858670Z [36;1m/usr/local/bin/wget --quiet https://files.pythonhosted.org/packages/87/db/bfda1646acc9d293c13d063e630e4535c485b6e1a72d3cc6b3a55ee37884/lxml-2.0alpha6.tar.gz[0m
2022-12-27T11:24:19.1859220Z [36;1mtar xf *.tar.gz[0m
2022-12-27T11:24:19.1859520Z [36;1mcd *[0m
2022-12-27T11:24:19.1859800Z [36;1mpython -m pip install cibuildwheel==2.11.3[0m
2022-12-27T11:24:19.1860180Z [36;1mpython -m cibuildwheel --output-dir ../wheelsout[0m
2022-12-27T11:24:19.1887980Z shell: /bin/bash -e {0}
2022-12-27T11:24:19.1888300Z env:
2022-12-27T11:24:19.1888590Z   pythonLocation: /Users/runner/hostedtoolcache/Python/3.10.9/x64
2022-12-27T11:24:19.1889150Z   PKG_CONFIG_PATH: /Users/runner/hostedtoolcache/Python/3.10.9/x64/lib/pkgconfig
2022-12-27T11:24:19.1889680Z   Python_ROOT_DIR: /Users/runner/hostedtoolcache/Python/3.10.9/x64
2022-12-27T11:24:19.1890040Z   Python2_ROOT_DIR: /Users/runner/hostedtoolcache/Python/3.10.9/x64
2022-12-27T11:24:19.1890470Z   Python3_ROOT_DIR: /Users/runner/hostedtoolcache/Python/3.10.9/x64
2022-12-27T11:24:19.1890840Z   CIBW_ARCHS_MACOS: arm64
2022-12-27T11:24:19.1891450Z   CIBW_TEST_SKIP: *_arm64
2022-12-27T11:24:19.1892210Z   CIBW_BUILD: cp310-macosx_arm64
2022-12-27T11:24:19.1892550Z   CIBW_BUILD_FRONTEND: pip
2022-12-27T11:24:19.1892810Z   CIBW_BUILD_VERBOSITY: 3
2022-12-27T11:24:19.1893350Z   CIBW_ENVIRONMENT_MACOS:  CFLAGS="-I/usr/local/opt/openssl@3/include" LDFLAGS="-L/usr/local/opt/openssl@3/lib" CPPFLAGS="-I/usr/local/opt/openssl@3/include" MAKEFLAGS="-j$(sysctl -n hw.logicalcpu)" PATH=/usr/local/opt/ccache/libexec:$PATH
2022-12-27T11:24:19.1894110Z   CIBW_BEFORE_BUILD: pip install Cython; if [[ -f requirements.txt ]]; then pip install -r requirements.txt; fi
2022-12-27T11:24:19.1894550Z   MAKEFLAGS: -j$(sysctl -n hw.logicalcpu)
2022-12-27T11:24:19.1894820Z ##[endgroup]
2022-12-27T11:24:19.9318180Z Requirement already satisfied: cibuildwheel==2.11.3 in /Users/runner/hostedtoolcache/Python/3.10.9/x64/lib/python3.10/site-packages (2.11.3)
2022-12-27T11:24:19.9712200Z Requirement already satisfied: bracex in /Users/runner/hostedtoolcache/Python/3.10.9/x64/lib/python3.10/site-packages (from cibuildwheel==2.11.3) (2.3.post1)
2022-12-27T11:24:19.9714470Z Requirement already satisfied: platformdirs in /Users/runner/hostedtoolcache/Python/3.10.9/x64/lib/python3.10/site-packages (from cibuildwheel==2.11.3) (2.6.0)
2022-12-27T11:24:19.9732550Z Requirement already satisfied: typing-extensions>=4.1.0 in /Users/runner/hostedtoolcache/Python/3.10.9/x64/lib/python3.10/site-packages (from cibuildwheel==2.11.3) (4.4.0)
2022-12-27T11:24:19.9736160Z Requirement already satisfied: certifi in /Users/runner/hostedtoolcache/Python/3.10.9/x64/lib/python3.10/site-packages (from cibuildwheel==2.11.3) (2022.12.7)
2022-12-27T11:24:19.9741460Z Requirement already satisfied: filelock in /Users/runner/hostedtoolcache/Python/3.10.9/x64/lib/python3.10/site-packages (from cibuildwheel==2.11.3) (3.8.2)
2022-12-27T11:24:19.9749700Z Requirement already satisfied: bashlex!=0.13 in /Users/runner/hostedtoolcache/Python/3.10.9/x64/lib/python3.10/site-packages (from cibuildwheel==2.11.3) (0.16)
2022-12-27T11:24:19.9757300Z Requirement already satisfied: packaging>=20.9 in /Users/runner/hostedtoolcache/Python/3.10.9/x64/lib/python3.10/site-packages (from cibuildwheel==2.11.3) (22.0)
2022-12-27T11:24:19.9766210Z Requirement already satisfied: tomli in /Users/runner/hostedtoolcache/Python/3.10.9/x64/lib/python3.10/site-packages (from cibuildwheel==2.11.3) (2.0.1)
2022-12-27T11:24:20.2955140Z 
2022-12-27T11:24:20.2955900Z      _ _       _ _   _       _           _
2022-12-27T11:24:20.2956690Z  ___|_| |_ _ _|_| |_| |_ _ _| |_ ___ ___| |
2022-12-27T11:24:20.2958360Z |  _| | . | | | | | . | | | |   | -_| -_| |
2022-12-27T11:24:20.2961010Z |___|_|___|___|_|_|___|_____|_|_|___|___|_|
2022-12-27T11:24:20.2961310Z 
2022-12-27T11:24:20.2961530Z cibuildwheel version 2.11.3
2022-12-27T11:24:20.2961710Z 
2022-12-27T11:24:20.2961910Z Build options:
2022-12-27T11:24:20.2962300Z   platform: macos
2022-12-27T11:24:20.3060730Z   architectures: arm64[0m
2022-12-27T11:24:20.3062420Z   build_selector: 
2022-12-27T11:24:20.3064730Z     build_config: cp310-macosx_arm64
2022-12-27T11:24:20.3066990Z     skip_config: 
2022-12-27T11:24:20.3067750Z     requires_python: None
2022-12-27T11:24:20.3069550Z     prerelease_pythons: False[0m
2022-12-27T11:24:20.3070560Z   [38;5;244mcontainer_engine: docker[0m
2022-12-27T11:24:20.3071650Z   output_dir: /Users/runner/actions-runner/_work/python.build/python.build/build_lxml20alpha6310/wheelsout[0m
2022-12-27T11:24:20.3072500Z   package_dir: /Users/runner/actions-runner/_work/python.build/python.build/build_lxml20alpha6310/lxml-2.0alpha6[0m
2022-12-27T11:24:20.3072950Z   test_selector: 
2022-12-27T11:24:20.3073620Z     skip_config: *_arm64[0m
2022-12-27T11:24:20.3073970Z   [38;5;244mbefore_all: [0m
2022-12-27T11:24:20.3074530Z   before_build: pip install Cython; if [[ -f requirements.txt ]]; then pip install -r requirements.txt; fi[0m
2022-12-27T11:24:20.3075040Z   [38;5;244mbefore_test: [0m
2022-12-27T11:24:20.3075390Z   [38;5;244mbuild_frontend: pip[0m
2022-12-27T11:24:20.3075970Z   build_verbosity: 3[0m
2022-12-27T11:24:20.3076430Z   [38;5;244mconfig_settings: [0m
2022-12-27T11:24:20.3076820Z   [38;5;244mdependency_constraints: pinned[0m
2022-12-27T11:24:20.3077180Z   environment: 
2022-12-27T11:24:20.3077820Z     CFLAGS="-I/usr/local/opt/openssl@3/include"
2022-12-27T11:24:20.3078330Z     LDFLAGS="-L/usr/local/opt/openssl@3/lib"
2022-12-27T11:24:20.3078750Z     CPPFLAGS="-I/usr/local/opt/openssl@3/include"
2022-12-27T11:24:20.3079220Z     MAKEFLAGS="-j$(sysctl -n hw.logicalcpu)"
2022-12-27T11:24:20.3079700Z     PATH=/usr/local/opt/ccache/libexec:$PATH[0m
2022-12-27T11:24:20.3080250Z   [38;5;244mmanylinux_images: None[0m
2022-12-27T11:24:20.3080680Z   [38;5;244mmusllinux_images: None[0m
2022-12-27T11:24:20.3081240Z   [38;5;244mrepair_command: delocate-wheel --require-archs {delocate_archs} -w {dest_dir} -v {wheel}[0m
2022-12-27T11:24:20.3082560Z   [38;5;244mtest_command: [0m
2022-12-27T11:24:20.3082970Z   [38;5;244mtest_extras: [0m
2022-12-27T11:24:20.3083530Z   [38;5;244mtest_requires: [0m
2022-12-27T11:24:20.3083730Z 
2022-12-27T11:24:20.3083940Z Cache folder: /Users/runner/Library/Caches/cibuildwheel
2022-12-27T11:24:20.3087770Z 
2022-12-27T11:24:20.3089030Z Here we go!
2022-12-27T11:24:20.3089550Z 
2022-12-27T11:24:20.3192680Z 
2022-12-27T11:24:20.3194050Z [1m[34mBuilding cp310-macosx_arm64 wheel[0m
2022-12-27T11:24:20.3195230Z CPython 3.10 macOS arm64 - Apple Silicon
2022-12-27T11:24:20.3195640Z 
2022-12-27T11:24:20.3198890Z ##[group]Installing Python cp310...
2022-12-27T11:24:20.3199190Z 
2022-12-27T11:24:20.3199450Z + pkgutil --pkgs
2022-12-27T11:24:20.3386310Z ##[endgroup]
2022-12-27T11:24:20.3388360Z                                                               [32m✓ [0m0.02s
2022-12-27T11:24:20.3389060Z ##[group]Setting up build environment...
2022-12-27T11:24:20.3389450Z 
2022-12-27T11:24:20.3418220Z + /Users/runner/hostedtoolcache/Python/3.10.9/x64/bin/python -sS /Users/runner/Library/Caches/cibuildwheel/virtualenv-20.17.0.pyz --activators= --no-periodic-update --pip=22.3.1 --setuptools=65.6.3 --wheel=0.38.4 --symlink-app-data --python /Library/Frameworks/Python.framework/Versions/3.10/bin/python3 /private/var/folders/51/hd414ycd67n82196sw51xqtc0000gn/T/cibw-run-zqorr1pf/cp310-macosx_arm64/build/venv
2022-12-27T11:24:20.6483900Z created virtual environment CPython3.10.8.final.0-64 in 80ms
2022-12-27T11:24:20.6484700Z   creator CPython3Posix(dest=/private/var/folders/51/hd414ycd67n82196sw51xqtc0000gn/T/cibw-run-zqorr1pf/cp310-macosx_arm64/build/venv, clear=False, no_vcs_ignore=False, global=False)
2022-12-27T11:24:20.6486060Z   seeder FromAppData(download=False, pip=22.3.1, setuptools=65.6.3, wheel=0.38.4, via=symlink, app_data_dir=/Users/runner/Library/Application Support/virtualenv)
2022-12-27T11:24:20.6486630Z     added seed packages: pip==22.3.1, setuptools==65.6.3, wheel==0.38.4
2022-12-27T11:24:20.6733650Z + python -m pip install --upgrade pip -c /Users/runner/hostedtoolcache/Python/3.10.9/x64/lib/python3.10/site-packages/cibuildwheel/resources/constraints-python310.txt
2022-12-27T11:24:21.1071440Z Requirement already satisfied: pip in ./lib/python3.10/site-packages (22.3.1)
2022-12-27T11:24:21.3342090Z + which pip
2022-12-27T11:24:21.3380440Z /private/var/folders/51/hd414ycd67n82196sw51xqtc0000gn/T/cibw-run-zqorr1pf/cp310-macosx_arm64/build/venv/bin/pip
2022-12-27T11:24:21.3383460Z + pip --version
2022-12-27T11:24:21.6532370Z pip 22.3.1 from /private/var/folders/51/hd414ycd67n82196sw51xqtc0000gn/T/cibw-run-zqorr1pf/cp310-macosx_arm64/build/venv/lib/python3.10/site-packages/pip (python 3.10)
2022-12-27T11:24:21.6980370Z + which pip
2022-12-27T11:24:21.7032680Z + which python
2022-12-27T11:24:21.7070380Z /private/var/folders/51/hd414ycd67n82196sw51xqtc0000gn/T/cibw-run-zqorr1pf/cp310-macosx_arm64/build/venv/bin/python
2022-12-27T11:24:21.7074780Z + python --version
2022-12-27T11:24:21.7182280Z Python 3.10.8
2022-12-27T11:24:21.7195160Z + which python
2022-12-27T11:24:21.7327390Z ##[endgroup]
2022-12-27T11:24:21.7329020Z                                                               [32m✓ [0m1.39s
2022-12-27T11:24:21.7330020Z ##[group]Installing build tools...
2022-12-27T11:24:21.7330260Z 
2022-12-27T11:24:21.7330810Z + pip install --upgrade setuptools wheel delocate -c /Users/runner/hostedtoolcache/Python/3.10.9/x64/lib/python3.10/site-packages/cibuildwheel/resources/constraints-python310.txt
2022-12-27T11:24:22.1784020Z Requirement already satisfied: setuptools in /private/var/folders/51/hd414ycd67n82196sw51xqtc0000gn/T/cibw-run-zqorr1pf/cp310-macosx_arm64/build/venv/lib/python3.10/site-packages (65.6.3)
2022-12-27T11:24:22.4839240Z Requirement already satisfied: wheel in /private/var/folders/51/hd414ycd67n82196sw51xqtc0000gn/T/cibw-run-zqorr1pf/cp310-macosx_arm64/build/venv/lib/python3.10/site-packages (0.38.4)
2022-12-27T11:24:22.5512980Z Collecting delocate
2022-12-27T11:24:22.5554670Z   Using cached delocate-0.10.3-py3-none-any.whl (142 kB)
2022-12-27T11:24:22.5870510Z Collecting typing-extensions
2022-12-27T11:24:22.5904360Z   Using cached typing_extensions-4.4.0-py3-none-any.whl (26 kB)
2022-12-27T11:24:22.6259520Z Collecting packaging>=20.9
2022-12-27T11:24:22.6294740Z   Using cached packaging-21.3-py3-none-any.whl (40 kB)
2022-12-27T11:24:22.6848080Z Collecting pyparsing!=3.0.5,>=2.0.2
2022-12-27T11:24:22.6882940Z   Using cached pyparsing-3.0.9-py3-none-any.whl (98 kB)
2022-12-27T11:24:22.7397870Z Installing collected packages: typing-extensions, pyparsing, packaging, delocate
2022-12-27T11:24:22.9376930Z Successfully installed delocate-0.10.3 packaging-21.3 pyparsing-3.0.9 typing-extensions-4.4.0
2022-12-27T11:24:23.0380360Z ##[endgroup]
2022-12-27T11:24:23.0382740Z                                                               [32m✓ [0m1.31s
2022-12-27T11:24:23.0384420Z ##[group]Running before_build...
2022-12-27T11:24:23.0384840Z 
2022-12-27T11:24:23.0393440Z + pip install Cython; if [[ -f requirements.txt ]]; then pip install -r requirements.txt; fi
2022-12-27T11:24:23.9760510Z Collecting Cython
2022-12-27T11:24:23.9841340Z   Using cached Cython-0.29.32-py2.py3-none-any.whl (986 kB)
2022-12-27T11:24:24.0562280Z Installing collected packages: Cython
2022-12-27T11:24:24.7387410Z Successfully installed Cython-0.29.32
2022-12-27T11:24:24.8345190Z ##[endgroup]
2022-12-27T11:24:24.8346660Z                                                               [32m✓ [0m1.80s
2022-12-27T11:24:24.8347680Z ##[group]Building wheel...
2022-12-27T11:24:24.8348050Z 
2022-12-27T11:24:24.8352660Z + python -m pip wheel /Users/runner/actions-runner/_work/python.build/python.build/build_lxml20alpha6310/lxml-2.0alpha6 --wheel-dir=/private/var/folders/51/hd414ycd67n82196sw51xqtc0000gn/T/cibw-run-zqorr1pf/cp310-macosx_arm64/built_wheel --no-deps -vvv
2022-12-27T11:24:25.2456200Z Created temporary directory: /private/var/folders/51/hd414ycd67n82196sw51xqtc0000gn/T/pip-ephem-wheel-cache-_k8prf7e
2022-12-27T11:24:25.2461680Z Created temporary directory: /private/var/folders/51/hd414ycd67n82196sw51xqtc0000gn/T/pip-build-tracker-cxjfa7a8
2022-12-27T11:24:25.2464590Z Initialized build tracking at /private/var/folders/51/hd414ycd67n82196sw51xqtc0000gn/T/pip-build-tracker-cxjfa7a8
2022-12-27T11:24:25.2466890Z Created build tracker: /private/var/folders/51/hd414ycd67n82196sw51xqtc0000gn/T/pip-build-tracker-cxjfa7a8
2022-12-27T11:24:25.2469070Z Entered build tracker: /private/var/folders/51/hd414ycd67n82196sw51xqtc0000gn/T/pip-build-tracker-cxjfa7a8
2022-12-27T11:24:25.2475100Z Created temporary directory: /private/var/folders/51/hd414ycd67n82196sw51xqtc0000gn/T/pip-wheel-bnfi31tm
2022-12-27T11:24:25.2484090Z Created temporary directory: /private/var/folders/51/hd414ycd67n82196sw51xqtc0000gn/T/pip-ephem-wheel-cache-n18900tq
2022-12-27T11:24:25.2748970Z Processing /Users/runner/actions-runner/_work/python.build/python.build/build_lxml20alpha6310/lxml-2.0alpha6
2022-12-27T11:24:25.2756960Z   Added file:///Users/runner/actions-runner/_work/python.build/python.build/build_lxml20alpha6310/lxml-2.0alpha6 to build tracker '/private/var/folders/51/hd414ycd67n82196sw51xqtc0000gn/T/pip-build-tracker-cxjfa7a8'
2022-12-27T11:24:25.2762380Z   Running setup.py (path:/Users/runner/actions-runner/_work/python.build/python.build/build_lxml20alpha6310/lxml-2.0alpha6/setup.py) egg_info for package from file:///Users/runner/actions-runner/_work/python.build/python.build/build_lxml20alpha6310/lxml-2.0alpha6
2022-12-27T11:24:25.2767940Z   Created temporary directory: /private/var/folders/51/hd414ycd67n82196sw51xqtc0000gn/T/pip-pip-egg-info-dw_27gm5
2022-12-27T11:24:25.2768980Z   Preparing metadata (setup.py): started
2022-12-27T11:24:25.2772350Z   Running command python setup.py egg_info
2022-12-27T11:24:25.8485070Z   /private/var/folders/51/hd414ycd67n82196sw51xqtc0000gn/T/cibw-run-zqorr1pf/cp310-macosx_arm64/build/venv/lib/python3.10/site-packages/setuptools/dist.py:529: UserWarning: Normalizing '2.0alpha6' to '2.0a6'
2022-12-27T11:24:25.8487420Z     warnings.warn(tmpl.format(**locals()))
2022-12-27T11:24:25.8565500Z   Building with Cython 0.29.32.
2022-12-27T11:24:25.8567030Z   Building lxml version 2.0.alpha6.
2022-12-27T11:24:25.8569570Z   running egg_info
2022-12-27T11:24:25.8572550Z   creating /private/var/folders/51/hd414ycd67n82196sw51xqtc0000gn/T/pip-pip-egg-info-dw_27gm5/lxml.egg-info
2022-12-27T11:24:25.8593350Z   writing /private/var/folders/51/hd414ycd67n82196sw51xqtc0000gn/T/pip-pip-egg-info-dw_27gm5/lxml.egg-info/PKG-INFO
2022-12-27T11:24:25.8600040Z   writing dependency_links to /private/var/folders/51/hd414ycd67n82196sw51xqtc0000gn/T/pip-pip-egg-info-dw_27gm5/lxml.egg-info/dependency_links.txt
2022-12-27T11:24:25.8602380Z   writing top-level names to /private/var/folders/51/hd414ycd67n82196sw51xqtc0000gn/T/pip-pip-egg-info-dw_27gm5/lxml.egg-info/top_level.txt
2022-12-27T11:24:25.8604690Z   writing manifest file '/private/var/folders/51/hd414ycd67n82196sw51xqtc0000gn/T/pip-pip-egg-info-dw_27gm5/lxml.egg-info/SOURCES.txt'
2022-12-27T11:24:25.8693100Z   reading manifest file '/private/var/folders/51/hd414ycd67n82196sw51xqtc0000gn/T/pip-pip-egg-info-dw_27gm5/lxml.egg-info/SOURCES.txt'
2022-12-27T11:24:25.8694550Z   reading manifest template 'MANIFEST.in'
2022-12-27T11:24:26.0049530Z   warning: no previously-included files found matching 'doc/pyrex.txt'
2022-12-27T11:24:26.0050950Z   warning: no previously-included files found matching 'src/lxml/etree.pxi'
2022-12-27T11:24:26.0055040Z   adding license file 'LICENSES.txt'
2022-12-27T11:24:26.0141450Z   writing manifest file '/private/var/folders/51/hd414ycd67n82196sw51xqtc0000gn/T/pip-pip-egg-info-dw_27gm5/lxml.egg-info/SOURCES.txt'
2022-12-27T11:24:26.0619140Z   Preparing metadata (setup.py): finished with status 'done'
2022-12-27T11:24:26.0654280Z   Source in /Users/runner/actions-runner/_work/python.build/python.build/build_lxml20alpha6310/lxml-2.0alpha6 has version 2.0a6, which satisfies requirement lxml==2.0a6 from file:///Users/runner/actions-runner/_work/python.build/python.build/build_lxml20alpha6310/lxml-2.0alpha6
2022-12-27T11:24:26.0656780Z   Removed lxml==2.0a6 from file:///Users/runner/actions-runner/_work/python.build/python.build/build_lxml20alpha6310/lxml-2.0alpha6 from build tracker '/private/var/folders/51/hd414ycd67n82196sw51xqtc0000gn/T/pip-build-tracker-cxjfa7a8'
2022-12-27T11:24:26.0682570Z Created temporary directory: /private/var/folders/51/hd414ycd67n82196sw51xqtc0000gn/T/pip-unpack-zbcz8jnj
2022-12-27T11:24:26.0683550Z Building wheels for collected packages: lxml
2022-12-27T11:24:26.0693930Z   Created temporary directory: /private/var/folders/51/hd414ycd67n82196sw51xqtc0000gn/T/pip-wheel-55ksk2b4
2022-12-27T11:24:26.0695600Z   Building wheel for lxml (setup.py): started
2022-12-27T11:24:26.0698900Z   Destination directory: /private/var/folders/51/hd414ycd67n82196sw51xqtc0000gn/T/pip-wheel-55ksk2b4
2022-12-27T11:24:26.0700530Z   Running command python setup.py bdist_wheel
2022-12-27T11:24:26.4569460Z   Building with Cython 0.29.32.
2022-12-27T11:24:26.4570380Z   Building lxml version 2.0.alpha6.
2022-12-27T11:24:26.6728250Z   /private/var/folders/51/hd414ycd67n82196sw51xqtc0000gn/T/cibw-run-zqorr1pf/cp310-macosx_arm64/build/venv/lib/python3.10/site-packages/setuptools/dist.py:529: UserWarning: Normalizing '2.0alpha6' to '2.0a6'
2022-12-27T11:24:26.6729770Z     warnings.warn(tmpl.format(**locals()))
2022-12-27T11:24:26.6937430Z   running bdist_wheel
2022-12-27T11:24:26.6996350Z   running build
2022-12-27T11:24:26.7000640Z   running build_py
2022-12-27T11:24:26.7036840Z   creating build
2022-12-27T11:24:26.7038550Z   creating build/lib.macosx-11.0-arm64-cpython-310
2022-12-27T11:24:26.7041030Z   creating build/lib.macosx-11.0-arm64-cpython-310/lxml
2022-12-27T11:24:26.7043680Z   copying src/lxml/_elementpath.py -> build/lib.macosx-11.0-arm64-cpython-310/lxml
2022-12-27T11:24:26.7046170Z   copying src/lxml/sax.py -> build/lib.macosx-11.0-arm64-cpython-310/lxml
2022-12-27T11:24:26.7048630Z   copying src/lxml/__init__.py -> build/lib.macosx-11.0-arm64-cpython-310/lxml
2022-12-27T11:24:26.7053620Z   copying src/lxml/builder.py -> build/lib.macosx-11.0-arm64-cpython-310/lxml
2022-12-27T11:24:26.7057490Z   copying src/lxml/doctestcompare.py -> build/lib.macosx-11.0-arm64-cpython-310/lxml
2022-12-27T11:24:26.7070950Z   copying src/lxml/usedoctest.py -> build/lib.macosx-11.0-arm64-cpython-310/lxml
2022-12-27T11:24:26.7072900Z   copying src/lxml/cssselect.py -> build/lib.macosx-11.0-arm64-cpython-310/lxml
2022-12-27T11:24:26.7076540Z   copying src/lxml/htmlbuilder.py -> build/lib.macosx-11.0-arm64-cpython-310/lxml
2022-12-27T11:24:26.7080670Z   copying src/lxml/ElementInclude.py -> build/lib.macosx-11.0-arm64-cpython-310/lxml
2022-12-27T11:24:26.7088920Z   creating build/lib.macosx-11.0-arm64-cpython-310/lxml/html
2022-12-27T11:24:26.7092480Z   copying src/lxml/html/defs.py -> build/lib.macosx-11.0-arm64-cpython-310/lxml/html
2022-12-27T11:24:26.7097790Z   copying src/lxml/html/setmixin.py -> build/lib.macosx-11.0-arm64-cpython-310/lxml/html
2022-12-27T11:24:26.7101080Z   copying src/lxml/html/clean.py -> build/lib.macosx-11.0-arm64-cpython-310/lxml/html
2022-12-27T11:24:26.7105050Z   copying src/lxml/html/_diffcommand.py -> build/lib.macosx-11.0-arm64-cpython-310/lxml/html
2022-12-27T11:24:26.7110150Z   copying src/lxml/html/__init__.py -> build/lib.macosx-11.0-arm64-cpython-310/lxml/html
2022-12-27T11:24:26.7111860Z   copying src/lxml/html/formfill.py -> build/lib.macosx-11.0-arm64-cpython-310/lxml/html
2022-12-27T11:24:26.7119930Z   copying src/lxml/html/builder.py -> build/lib.macosx-11.0-arm64-cpython-310/lxml/html
2022-12-27T11:24:26.7123110Z   copying src/lxml/html/ElementSoup.py -> build/lib.macosx-11.0-arm64-cpython-310/lxml/html
2022-12-27T11:24:26.7126040Z   copying src/lxml/html/usedoctest.py -> build/lib.macosx-11.0-arm64-cpython-310/lxml/html
2022-12-27T11:24:26.7129250Z   copying src/lxml/html/diff.py -> build/lib.macosx-11.0-arm64-cpython-310/lxml/html
2022-12-27T11:24:26.7289170Z   running build_ext
2022-12-27T11:24:26.7345460Z   skipping 'src/lxml/lxml.etree.c' Cython extension (up-to-date)
2022-12-27T11:24:26.7347360Z   skipping 'src/lxml/lxml.objectify.c' Cython extension (up-to-date)
2022-12-27T11:24:26.7349000Z   skipping 'src/lxml/lxml.pyclasslookup.c' Cython extension (up-to-date)
2022-12-27T11:24:26.7351480Z   building 'lxml.etree' extension
2022-12-27T11:24:26.7353620Z   creating build/temp.macosx-11.0-arm64-cpython-310
2022-12-27T11:24:26.7356150Z   creating build/temp.macosx-11.0-arm64-cpython-310/src
2022-12-27T11:24:26.7359380Z   creating build/temp.macosx-11.0-arm64-cpython-310/src/lxml
2022-12-27T11:24:26.7362400Z   clang -Wno-unused-result -Wsign-compare -Wunreachable-code -fno-common -dynamic -DNDEBUG -g -fwrapv -O3 -Wall -g -I/usr/local/opt/openssl@3/include -I/usr/local/opt/openssl@3/include -arch arm64 -I/private/var/folders/51/hd414ycd67n82196sw51xqtc0000gn/T/cibw-run-zqorr1pf/cp310-macosx_arm64/build/venv/include -I/Library/Frameworks/Python.framework/Versions/3.10/include/python3.10 -c src/lxml/lxml.etree.c -o build/temp.macosx-11.0-arm64-cpython-310/src/lxml/lxml.etree.o -w b'-I/Library/Developer/CommandLineTools/SDKs/MacOSX12.1.sdk/usr/include\n'
2022-12-27T11:24:26.7726310Z   clang: error: no such file or directory: 'b'-I/Library/Developer/CommandLineTools/SDKs/MacOSX12.1.sdk/usr/include\n''
2022-12-27T11:24:26.7746520Z   error: command '/usr/bin/clang' failed with exit code 1
2022-12-27T11:24:26.8383520Z   error: subprocess-exited-with-error
2022-12-27T11:24:26.8385120Z   
2022-12-27T11:24:26.8386390Z   × python setup.py bdist_wheel did not run successfully.
2022-12-27T11:24:26.8387210Z   │ exit code: 1
2022-12-27T11:24:26.8387910Z   ╰─> See above for output.
2022-12-27T11:24:26.8388370Z   
2022-12-27T11:24:26.8389040Z   note: This error originates from a subprocess, and is likely not a problem with pip.
2022-12-27T11:24:26.8395490Z   full command: /private/var/folders/51/hd414ycd67n82196sw51xqtc0000gn/T/cibw-run-zqorr1pf/cp310-macosx_arm64/build/venv/bin/python -u -c '
2022-12-27T11:24:26.8396680Z   exec(compile('"'"''"'"''"'"'
2022-12-27T11:24:26.8398610Z   # This is <pip-setuptools-caller> -- a caller that pip uses to run setup.py
2022-12-27T11:24:26.8399390Z   #
2022-12-27T11:24:26.8400830Z   # - It imports setuptools before invoking setup.py, to enable projects that directly
2022-12-27T11:24:26.8401300Z   #   import from `distutils.core` to work with newer packaging standards.
2022-12-27T11:24:26.8401860Z   # - It provides a clear error message when setuptools is not installed.
2022-12-27T11:24:26.8402420Z   # - It sets `sys.argv[0]` to the underlying `setup.py`, when invoking `setup.py` so
2022-12-27T11:24:26.8402920Z   #   setuptools doesn'"'"'t think the script is `-c`. This avoids the following warning:
2022-12-27T11:24:26.8403450Z   #     manifest_maker: standard file '"'"'-c'"'"' not found".
2022-12-27T11:24:26.8404000Z   # - It generates a shim setup.py, for handling setup.cfg-only projects.
2022-12-27T11:24:26.8404360Z   import os, sys, tokenize
2022-12-27T11:24:26.8404590Z   
2022-12-27T11:24:26.8404880Z   try:
2022-12-27T11:24:26.8405190Z       import setuptools
2022-12-27T11:24:26.8405450Z   except ImportError as error:
2022-12-27T11:24:26.8405760Z       print(
2022-12-27T11:24:26.8406140Z           "ERROR: Can not execute `setup.py` since setuptools is not available in "
2022-12-27T11:24:26.8406500Z           "the build environment.",
2022-12-27T11:24:26.8407160Z           file=sys.stderr,
2022-12-27T11:24:26.8407480Z       )
2022-12-27T11:24:26.8407760Z       sys.exit(1)
2022-12-27T11:24:26.8407990Z   
2022-12-27T11:24:26.8408510Z   __file__ = %r
2022-12-27T11:24:26.8408820Z   sys.argv[0] = __file__
2022-12-27T11:24:26.8409060Z   
2022-12-27T11:24:26.8409370Z   if os.path.exists(__file__):
2022-12-27T11:24:26.8409710Z       filename = __file__
2022-12-27T11:24:26.8410000Z       with tokenize.open(__file__) as f:
2022-12-27T11:24:26.8410680Z           setup_py_code = f.read()
2022-12-27T11:24:26.8411050Z   else:
2022-12-27T11:24:26.8411440Z       filename = "<auto-generated setuptools caller>"
2022-12-27T11:24:26.8412030Z       setup_py_code = "from setuptools import setup; setup()"
2022-12-27T11:24:26.8412380Z   
2022-12-27T11:24:26.8412720Z   exec(compile(setup_py_code, filename, "exec"))
2022-12-27T11:24:26.8413500Z   '"'"''"'"''"'"' % ('"'"'/Users/runner/actions-runner/_work/python.build/python.build/build_lxml20alpha6310/lxml-2.0alpha6/setup.py'"'"',), "<pip-setuptools-caller>", "exec"))' bdist_wheel -d /private/var/folders/51/hd414ycd67n82196sw51xqtc0000gn/T/pip-wheel-55ksk2b4
2022-12-27T11:24:26.8414400Z   cwd: /Users/runner/actions-runner/_work/python.build/python.build/build_lxml20alpha6310/lxml-2.0alpha6/
2022-12-27T11:24:26.8414930Z   ERROR: Failed building wheel for lxml
2022-12-27T11:24:26.8415440Z   Building wheel for lxml (setup.py): finished with status 'error'
2022-12-27T11:24:26.8415800Z   Running command python setup.py clean
2022-12-27T11:24:26.8416170Z   Running setup.py clean for lxml
2022-12-27T11:24:27.2384770Z   Building with Cython 0.29.32.
2022-12-27T11:24:27.2387330Z   Building lxml version 2.0.alpha6.
2022-12-27T11:24:27.4561690Z   /private/var/folders/51/hd414ycd67n82196sw51xqtc0000gn/T/cibw-run-zqorr1pf/cp310-macosx_arm64/build/venv/lib/python3.10/site-packages/setuptools/dist.py:529: UserWarning: Normalizing '2.0alpha6' to '2.0a6'
2022-12-27T11:24:27.4562870Z     warnings.warn(tmpl.format(**locals()))
2022-12-27T11:24:27.4609940Z   running clean
2022-12-27T11:24:27.4650180Z   removing 'build/temp.macosx-11.0-arm64-cpython-310' (and everything under it)
2022-12-27T11:24:27.4653130Z   removing 'build/lib.macosx-11.0-arm64-cpython-310' (and everything under it)
2022-12-27T11:24:27.4683610Z   'build/bdist.macosx-11.0-arm64' does not exist -- can't clean it
2022-12-27T11:24:27.4684960Z   'build/scripts-3.10' does not exist -- can't clean it
2022-12-27T11:24:27.4686870Z   removing 'build'
2022-12-27T11:24:27.5233210Z Failed to build lxml
2022-12-27T11:24:27.5239690Z ERROR: Failed to build one or more wheels
2022-12-27T11:24:27.5256760Z Exception information:
2022-12-27T11:24:27.5258800Z Traceback (most recent call last):
2022-12-27T11:24:27.5275050Z   File "/private/var/folders/51/hd414ycd67n82196sw51xqtc0000gn/T/cibw-run-zqorr1pf/cp310-macosx_arm64/build/venv/lib/python3.10/site-packages/pip/_internal/cli/base_command.py", line 160, in exc_logging_wrapper
2022-12-27T11:24:27.5275560Z     status = run_func(*args)
2022-12-27T11:24:27.5276220Z   File "/private/var/folders/51/hd414ycd67n82196sw51xqtc0000gn/T/cibw-run-zqorr1pf/cp310-macosx_arm64/build/venv/lib/python3.10/site-packages/pip/_internal/cli/req_command.py", line 247, in wrapper
2022-12-27T11:24:27.5276760Z     return func(self, options, args)
2022-12-27T11:24:27.5277510Z   File "/private/var/folders/51/hd414ycd67n82196sw51xqtc0000gn/T/cibw-run-zqorr1pf/cp310-macosx_arm64/build/venv/lib/python3.10/site-packages/pip/_internal/commands/wheel.py", line 201, in run
2022-12-27T11:24:27.5278100Z     raise CommandError("Failed to build one or more wheels")
2022-12-27T11:24:27.5278550Z pip._internal.exceptions.CommandError: Failed to build one or more wheels
2022-12-27T11:24:27.5279070Z Removed build tracker: '/private/var/folders/51/hd414ycd67n82196sw51xqtc0000gn/T/pip-build-tracker-cxjfa7a8'
2022-12-27T11:24:27.6334660Z ##[endgroup]
2022-12-27T11:24:27.6373520Z ##[error]Command ['python', '-m', 'pip', 'wheel', '/Users/runner/actions-runner/_work/python.build/python.build/build_lxml20alpha6310/lxml-2.0alpha6', '--wheel-dir=/private/var/folders/51/hd414ycd67n82196sw51xqtc0000gn/T/cibw-run-zqorr1pf/cp310-macosx_arm64/built_wheel', '--no-deps', '-vvv'] failed with code 1. None
2022-12-27T11:24:27.6382290Z 
2022-12-27T11:24:27.6382780Z                                                               [31m✕ [0m2.80s
2022-12-27T11:24:27.7188230Z ##[error]Process completed with exit code 1.
2022-12-27T11:24:27.7275550Z ##[group]Run rm -rf build_lxml20alpha6310 wheelsout
2022-12-27T11:24:27.7276150Z [36;1mrm -rf build_lxml20alpha6310 wheelsout[0m
2022-12-27T11:24:27.7320570Z shell: /bin/bash -e {0}
2022-12-27T11:24:27.7321010Z env:
2022-12-27T11:24:27.7321450Z   pythonLocation: /Users/runner/hostedtoolcache/Python/3.10.9/x64
2022-12-27T11:24:27.7321990Z   PKG_CONFIG_PATH: /Users/runner/hostedtoolcache/Python/3.10.9/x64/lib/pkgconfig
2022-12-27T11:24:27.7322480Z   Python_ROOT_DIR: /Users/runner/hostedtoolcache/Python/3.10.9/x64
2022-12-27T11:24:27.7323050Z   Python2_ROOT_DIR: /Users/runner/hostedtoolcache/Python/3.10.9/x64
2022-12-27T11:24:27.7323600Z   Python3_ROOT_DIR: /Users/runner/hostedtoolcache/Python/3.10.9/x64
2022-12-27T11:24:27.7324090Z ##[endgroup]
2022-12-27T11:24:27.8376010Z Cleaning up orphan processes
