2022-12-27T08:53:23.1984344Z Requested labels: self-hosted, macOS, X64
2022-12-27T08:53:23.1984419Z Job defined at: kilnbuild/python.build/.github/workflows/mac_arm_build.yml@refs/heads/main
2022-12-27T08:53:23.1984446Z Waiting for a runner to pick up this job...
2022-12-27T11:26:47.7095948Z Job is about to start running on the runner: kr1 (organization)
2022-12-27T11:26:51.0666940Z Current runner version: '2.300.2'
2022-12-27T11:26:51.0674660Z Runner name: 'kr1'
2022-12-27T11:26:51.0675060Z Runner group name: 'Default'
2022-12-27T11:26:51.0675870Z Machine name: 'kr1'
2022-12-27T11:26:51.0678490Z ##[group]GITHUB_TOKEN Permissions
2022-12-27T11:26:51.0679160Z Actions: write
2022-12-27T11:26:51.0679420Z Checks: write
2022-12-27T11:26:51.0679670Z Contents: write
2022-12-27T11:26:51.0679920Z Deployments: write
2022-12-27T11:26:51.0680190Z Discussions: write
2022-12-27T11:26:51.0680450Z Issues: write
2022-12-27T11:26:51.0680690Z Metadata: read
2022-12-27T11:26:51.0680950Z Packages: write
2022-12-27T11:26:51.0681200Z Pages: write
2022-12-27T11:26:51.0681460Z PullRequests: write
2022-12-27T11:26:51.0681760Z RepositoryProjects: write
2022-12-27T11:26:51.0682060Z SecurityEvents: write
2022-12-27T11:26:51.0682320Z Statuses: write
2022-12-27T11:26:51.0682570Z ##[endgroup]
2022-12-27T11:26:51.0686330Z Secret source: Actions
2022-12-27T11:26:51.0686800Z Prepare workflow directory
2022-12-27T11:26:51.1768900Z Prepare all required actions
2022-12-27T11:26:51.1967410Z Getting action download info
2022-12-27T11:26:51.6267850Z Download action repository 'actions/setup-python@v4' (SHA:5ccb29d8773c3f3f653e1705f474dfaa8a06a912)
2022-12-27T11:26:53.5468900Z Download action repository 'actions/upload-artifact@v3' (SHA:83fd05a356d7e2593de66fc9913b3002723633cb)
2022-12-27T11:26:54.9921110Z ##[group]Run echo '{
2022-12-27T11:26:54.9921520Z [36;1mecho '{[0m
2022-12-27T11:26:54.9921710Z [36;1m  "package_name": "lxml",[0m
2022-12-27T11:26:54.9922250Z [36;1m  "package_url": "https://files.pythonhosted.org/packages/0a/c7/644775a06a2f7a641133a34f4ba7ed34ec82001c1c313c7cd43f54424b59/lxml-2.0.8.tar.gz",[0m
2022-12-27T11:26:54.9922650Z [36;1m  "package_version": "2.0.8",[0m
2022-12-27T11:26:54.9922950Z [36;1m  "python_version": "3.9",[0m
2022-12-27T11:26:54.9923190Z [36;1m  "use_ccache": "true"[0m
2022-12-27T11:26:54.9923480Z [36;1m}'[0m
2022-12-27T11:26:54.9950660Z shell: /bin/bash -e {0}
2022-12-27T11:26:54.9950880Z ##[endgroup]
2022-12-27T11:26:55.0342280Z {
2022-12-27T11:26:55.0346080Z   "package_name": "lxml",
2022-12-27T11:26:55.0347420Z   "package_url": "https://files.pythonhosted.org/packages/0a/c7/644775a06a2f7a641133a34f4ba7ed34ec82001c1c313c7cd43f54424b59/lxml-2.0.8.tar.gz",
2022-12-27T11:26:55.0348080Z   "package_version": "2.0.8",
2022-12-27T11:26:55.0348600Z   "python_version": "3.9",
2022-12-27T11:26:55.0348900Z   "use_ccache": "true"
2022-12-27T11:26:55.0349350Z }
2022-12-27T11:26:55.0711150Z ##[group]Run actions/setup-python@v4
2022-12-27T11:26:55.0711500Z with:
2022-12-27T11:26:55.0711810Z   python-version: 3.9
2022-12-27T11:26:55.0712150Z   check-latest: false
2022-12-27T11:26:55.0712720Z   token: ***
2022-12-27T11:26:55.0713060Z   update-environment: true
2022-12-27T11:26:55.0713390Z ##[endgroup]
2022-12-27T11:26:55.2933550Z ##[group]Installed versions
2022-12-27T11:26:55.2974600Z Successfully set up CPython (3.9.16)
2022-12-27T11:26:55.2975860Z ##[endgroup]
2022-12-27T11:26:55.3211410Z ##[group]Run if [ "true" == "true" ]
2022-12-27T11:26:55.3211910Z [36;1mif [ "true" == "true" ][0m
2022-12-27T11:26:55.3212270Z [36;1mthen[0m
2022-12-27T11:26:55.3212810Z [36;1m  echo "CCACHE_PATH_PREPEND=/usr/local/opt/ccache/libexec" >> $GITHUB_OUTPUT[0m
2022-12-27T11:26:55.3213390Z [36;1melse[0m
2022-12-27T11:26:55.3213700Z [36;1m  echo "CCACHE_PATH_PREPEND=" >> $GITHUB_OUTPUT[0m
2022-12-27T11:26:55.3214060Z [36;1mfi[0m
2022-12-27T11:26:55.3244420Z shell: /bin/bash -e {0}
2022-12-27T11:26:55.3244830Z env:
2022-12-27T11:26:55.3245220Z   pythonLocation: /Users/runner/hostedtoolcache/Python/3.9.16/x64
2022-12-27T11:26:55.3245690Z   PKG_CONFIG_PATH: /Users/runner/hostedtoolcache/Python/3.9.16/x64/lib/pkgconfig
2022-12-27T11:26:55.3246400Z   Python_ROOT_DIR: /Users/runner/hostedtoolcache/Python/3.9.16/x64
2022-12-27T11:26:55.3246790Z   Python2_ROOT_DIR: /Users/runner/hostedtoolcache/Python/3.9.16/x64
2022-12-27T11:26:55.3247430Z   Python3_ROOT_DIR: /Users/runner/hostedtoolcache/Python/3.9.16/x64
2022-12-27T11:26:55.3248310Z ##[endgroup]
2022-12-27T11:26:55.3541070Z ##[group]Run echo "BUILD_NAME=$(echo lxml_2.0.8_3.9 | tr -dc '[:alnum:]\n\r' | tr '[:upper:]' '[:lower:]')" >> $GITHUB_OUTPUT
2022-12-27T11:26:55.3541740Z [36;1mecho "BUILD_NAME=$(echo lxml_2.0.8_3.9 | tr -dc '[:alnum:]\n\r' | tr '[:upper:]' '[:lower:]')" >> $GITHUB_OUTPUT[0m
2022-12-27T11:26:55.3570760Z shell: /bin/bash -e {0}
2022-12-27T11:26:55.3571090Z env:
2022-12-27T11:26:55.3571390Z   pythonLocation: /Users/runner/hostedtoolcache/Python/3.9.16/x64
2022-12-27T11:26:55.3571850Z   PKG_CONFIG_PATH: /Users/runner/hostedtoolcache/Python/3.9.16/x64/lib/pkgconfig
2022-12-27T11:26:55.3572370Z   Python_ROOT_DIR: /Users/runner/hostedtoolcache/Python/3.9.16/x64
2022-12-27T11:26:55.3572750Z   Python2_ROOT_DIR: /Users/runner/hostedtoolcache/Python/3.9.16/x64
2022-12-27T11:26:55.3573180Z   Python3_ROOT_DIR: /Users/runner/hostedtoolcache/Python/3.9.16/x64
2022-12-27T11:26:55.3573550Z ##[endgroup]
2022-12-27T11:26:55.3798280Z ##[group]Run echo "PYTHON_NO_DOTS=$(echo 3.9 | tr -dc '[:alnum:]\n\r' | tr '[:upper:]' '[:lower:]')" >> $GITHUB_OUTPUT
2022-12-27T11:26:55.3799050Z [36;1mecho "PYTHON_NO_DOTS=$(echo 3.9 | tr -dc '[:alnum:]\n\r' | tr '[:upper:]' '[:lower:]')" >> $GITHUB_OUTPUT[0m
2022-12-27T11:26:55.3826320Z shell: /bin/bash -e {0}
2022-12-27T11:26:55.3826630Z env:
2022-12-27T11:26:55.3826920Z   pythonLocation: /Users/runner/hostedtoolcache/Python/3.9.16/x64
2022-12-27T11:26:55.3828410Z   PKG_CONFIG_PATH: /Users/runner/hostedtoolcache/Python/3.9.16/x64/lib/pkgconfig
2022-12-27T11:26:55.3828860Z   Python_ROOT_DIR: /Users/runner/hostedtoolcache/Python/3.9.16/x64
2022-12-27T11:26:55.3829340Z   Python2_ROOT_DIR: /Users/runner/hostedtoolcache/Python/3.9.16/x64
2022-12-27T11:26:55.3829710Z   Python3_ROOT_DIR: /Users/runner/hostedtoolcache/Python/3.9.16/x64
2022-12-27T11:26:55.3830070Z ##[endgroup]
2022-12-27T11:26:55.4077870Z ##[group]Run rm -rf build_lxml20839
2022-12-27T11:26:55.4078480Z [36;1mrm -rf build_lxml20839[0m
2022-12-27T11:26:55.4078820Z [36;1mmkdir build_lxml20839[0m
2022-12-27T11:26:55.4079160Z [36;1mcd build_lxml20839[0m
2022-12-27T11:26:55.4079760Z [36;1m/usr/local/bin/wget --quiet https://files.pythonhosted.org/packages/0a/c7/644775a06a2f7a641133a34f4ba7ed34ec82001c1c313c7cd43f54424b59/lxml-2.0.8.tar.gz[0m
2022-12-27T11:26:55.4080240Z [36;1mtar xf *.tar.gz[0m
2022-12-27T11:26:55.4080550Z [36;1mcd *[0m
2022-12-27T11:26:55.4080840Z [36;1mpython -m pip install cibuildwheel==2.11.3[0m
2022-12-27T11:26:55.4081260Z [36;1mpython -m cibuildwheel --output-dir ../wheelsout[0m
2022-12-27T11:26:55.4109800Z shell: /bin/bash -e {0}
2022-12-27T11:26:55.4110070Z env:
2022-12-27T11:26:55.4110430Z   pythonLocation: /Users/runner/hostedtoolcache/Python/3.9.16/x64
2022-12-27T11:26:55.4110990Z   PKG_CONFIG_PATH: /Users/runner/hostedtoolcache/Python/3.9.16/x64/lib/pkgconfig
2022-12-27T11:26:55.4111470Z   Python_ROOT_DIR: /Users/runner/hostedtoolcache/Python/3.9.16/x64
2022-12-27T11:26:55.4111920Z   Python2_ROOT_DIR: /Users/runner/hostedtoolcache/Python/3.9.16/x64
2022-12-27T11:26:55.4112370Z   Python3_ROOT_DIR: /Users/runner/hostedtoolcache/Python/3.9.16/x64
2022-12-27T11:26:55.4112820Z   CIBW_ARCHS_MACOS: arm64
2022-12-27T11:26:55.4113080Z   CIBW_TEST_SKIP: *_arm64
2022-12-27T11:26:55.4113420Z   CIBW_BUILD: cp39-macosx_arm64
2022-12-27T11:26:55.4113760Z   CIBW_BUILD_FRONTEND: pip
2022-12-27T11:26:55.4114020Z   CIBW_BUILD_VERBOSITY: 3
2022-12-27T11:26:55.4114700Z   CIBW_ENVIRONMENT_MACOS:  CFLAGS="-I/usr/local/opt/openssl@3/include" LDFLAGS="-L/usr/local/opt/openssl@3/lib" CPPFLAGS="-I/usr/local/opt/openssl@3/include" MAKEFLAGS="-j$(sysctl -n hw.logicalcpu)" PATH=/usr/local/opt/ccache/libexec:$PATH
2022-12-27T11:26:55.4115580Z   CIBW_BEFORE_BUILD: pip install Cython; if [[ -f requirements.txt ]]; then pip install -r requirements.txt; fi
2022-12-27T11:26:55.4116060Z   MAKEFLAGS: -j$(sysctl -n hw.logicalcpu)
2022-12-27T11:26:55.4116330Z ##[endgroup]
2022-12-27T11:26:56.1200470Z Requirement already satisfied: cibuildwheel==2.11.3 in /Users/runner/hostedtoolcache/Python/3.9.16/x64/lib/python3.9/site-packages (2.11.3)
2022-12-27T11:26:56.1614490Z Requirement already satisfied: packaging>=20.9 in /Users/runner/hostedtoolcache/Python/3.9.16/x64/lib/python3.9/site-packages (from cibuildwheel==2.11.3) (22.0)
2022-12-27T11:26:56.1618740Z Requirement already satisfied: bracex in /Users/runner/hostedtoolcache/Python/3.9.16/x64/lib/python3.9/site-packages (from cibuildwheel==2.11.3) (2.3.post1)
2022-12-27T11:26:56.1624790Z Requirement already satisfied: certifi in /Users/runner/hostedtoolcache/Python/3.9.16/x64/lib/python3.9/site-packages (from cibuildwheel==2.11.3) (2022.12.7)
2022-12-27T11:26:56.1629640Z Requirement already satisfied: platformdirs in /Users/runner/hostedtoolcache/Python/3.9.16/x64/lib/python3.9/site-packages (from cibuildwheel==2.11.3) (2.6.0)
2022-12-27T11:26:56.1637200Z Requirement already satisfied: bashlex!=0.13 in /Users/runner/hostedtoolcache/Python/3.9.16/x64/lib/python3.9/site-packages (from cibuildwheel==2.11.3) (0.16)
2022-12-27T11:26:56.1648070Z Requirement already satisfied: tomli in /Users/runner/hostedtoolcache/Python/3.9.16/x64/lib/python3.9/site-packages (from cibuildwheel==2.11.3) (2.0.1)
2022-12-27T11:26:56.1662720Z Requirement already satisfied: typing-extensions>=4.1.0 in /Users/runner/hostedtoolcache/Python/3.9.16/x64/lib/python3.9/site-packages (from cibuildwheel==2.11.3) (4.4.0)
2022-12-27T11:26:56.1665280Z Requirement already satisfied: filelock in /Users/runner/hostedtoolcache/Python/3.9.16/x64/lib/python3.9/site-packages (from cibuildwheel==2.11.3) (3.8.2)
2022-12-27T11:26:56.4837490Z 
2022-12-27T11:26:56.4838400Z      _ _       _ _   _       _           _
2022-12-27T11:26:56.4839340Z  ___|_| |_ _ _|_| |_| |_ _ _| |_ ___ ___| |
2022-12-27T11:26:56.4841760Z |  _| | . | | | | | . | | | |   | -_| -_| |
2022-12-27T11:26:56.4842650Z |___|_|___|___|_|_|___|_____|_|_|___|___|_|
2022-12-27T11:26:56.4844330Z 
2022-12-27T11:26:56.4844740Z cibuildwheel version 2.11.3
2022-12-27T11:26:56.4845130Z 
2022-12-27T11:26:56.4845430Z Build options:
2022-12-27T11:26:56.4846050Z   platform: macos
2022-12-27T11:26:56.4951680Z   architectures: arm64[0m
2022-12-27T11:26:56.4952380Z   build_selector: 
2022-12-27T11:26:56.4953210Z     build_config: cp39-macosx_arm64
2022-12-27T11:26:56.4953500Z     skip_config: 
2022-12-27T11:26:56.4954040Z     requires_python: None
2022-12-27T11:26:56.4955370Z     prerelease_pythons: False[0m
2022-12-27T11:26:56.4956690Z   [38;5;244mcontainer_engine: docker[0m
2022-12-27T11:26:56.4958470Z   output_dir: /Users/runner/actions-runner/_work/python.build/python.build/build_lxml20839/wheelsout[0m
2022-12-27T11:26:56.4959910Z   package_dir: /Users/runner/actions-runner/_work/python.build/python.build/build_lxml20839/lxml-2.0.8[0m
2022-12-27T11:26:56.4961400Z   test_selector: 
2022-12-27T11:26:56.4961990Z     skip_config: *_arm64[0m
2022-12-27T11:26:56.4962610Z   [38;5;244mbefore_all: [0m
2022-12-27T11:26:56.4963490Z   before_build: pip install Cython; if [[ -f requirements.txt ]]; then pip install -r requirements.txt; fi[0m
2022-12-27T11:26:56.4964800Z   [38;5;244mbefore_test: [0m
2022-12-27T11:26:56.4965380Z   [38;5;244mbuild_frontend: pip[0m
2022-12-27T11:26:56.4966000Z   build_verbosity: 3[0m
2022-12-27T11:26:56.4966720Z   [38;5;244mconfig_settings: [0m
2022-12-27T11:26:56.4967270Z   [38;5;244mdependency_constraints: pinned[0m
2022-12-27T11:26:56.4967860Z   environment: 
2022-12-27T11:26:56.4968350Z     CFLAGS="-I/usr/local/opt/openssl@3/include"
2022-12-27T11:26:56.4968760Z     LDFLAGS="-L/usr/local/opt/openssl@3/lib"
2022-12-27T11:26:56.4969230Z     CPPFLAGS="-I/usr/local/opt/openssl@3/include"
2022-12-27T11:26:56.4969700Z     MAKEFLAGS="-j$(sysctl -n hw.logicalcpu)"
2022-12-27T11:26:56.4970200Z     PATH=/usr/local/opt/ccache/libexec:$PATH[0m
2022-12-27T11:26:56.4970660Z   [38;5;244mmanylinux_images: None[0m
2022-12-27T11:26:56.4971100Z   [38;5;244mmusllinux_images: None[0m
2022-12-27T11:26:56.4971680Z   [38;5;244mrepair_command: delocate-wheel --require-archs {delocate_archs} -w {dest_dir} -v {wheel}[0m
2022-12-27T11:26:56.4972830Z   [38;5;244mtest_command: [0m
2022-12-27T11:26:56.4973320Z   [38;5;244mtest_extras: [0m
2022-12-27T11:26:56.4973760Z   [38;5;244mtest_requires: [0m
2022-12-27T11:26:56.4973890Z 
2022-12-27T11:26:56.4974100Z Cache folder: /Users/runner/Library/Caches/cibuildwheel
2022-12-27T11:26:56.4985330Z 
2022-12-27T11:26:56.4985920Z Here we go!
2022-12-27T11:26:56.4986590Z 
2022-12-27T11:26:56.5152400Z 
2022-12-27T11:26:56.5153570Z [1m[34mBuilding cp39-macosx_arm64 wheel[0m
2022-12-27T11:26:56.5154090Z CPython 3.9 macOS arm64 - Apple Silicon
2022-12-27T11:26:56.5154300Z 
2022-12-27T11:26:56.5157870Z ##[group]Installing Python cp39...
2022-12-27T11:26:56.5158110Z 
2022-12-27T11:26:56.5159090Z + pkgutil --pkgs
2022-12-27T11:26:56.5363340Z ##[endgroup]
2022-12-27T11:26:56.5365200Z                                                               [32m✓ [0m0.02s
2022-12-27T11:26:56.5365970Z ##[group]Setting up build environment...
2022-12-27T11:26:56.5366150Z 
2022-12-27T11:26:56.5397240Z + /Users/runner/hostedtoolcache/Python/3.9.16/x64/bin/python -sS /Users/runner/Library/Caches/cibuildwheel/virtualenv-20.17.0.pyz --activators= --no-periodic-update --pip=22.3.1 --setuptools=65.6.3 --wheel=0.38.4 --symlink-app-data --python /Library/Frameworks/Python.framework/Versions/3.9/bin/python3 /private/var/folders/51/hd414ycd67n82196sw51xqtc0000gn/T/cibw-run-qfsuc3_x/cp39-macosx_arm64/build/venv
2022-12-27T11:26:56.8636760Z created virtual environment CPython3.9.13.final.0-64 in 82ms
2022-12-27T11:26:56.8637680Z   creator CPython3Posix(dest=/private/var/folders/51/hd414ycd67n82196sw51xqtc0000gn/T/cibw-run-qfsuc3_x/cp39-macosx_arm64/build/venv, clear=False, no_vcs_ignore=False, global=False)
2022-12-27T11:26:56.8639140Z   seeder FromAppData(download=False, pip=22.3.1, setuptools=65.6.3, wheel=0.38.4, via=symlink, app_data_dir=/Users/runner/Library/Application Support/virtualenv)
2022-12-27T11:26:56.8639780Z     added seed packages: pip==22.3.1, setuptools==65.6.3, wheel==0.38.4
2022-12-27T11:26:56.8837780Z + python -m pip install --upgrade pip -c /Users/runner/hostedtoolcache/Python/3.9.16/x64/lib/python3.9/site-packages/cibuildwheel/resources/constraints-python39.txt
2022-12-27T11:26:57.4218420Z Requirement already satisfied: pip in ./lib/python3.9/site-packages (22.3.1)
2022-12-27T11:26:57.6994780Z + which pip
2022-12-27T11:26:57.7030440Z /private/var/folders/51/hd414ycd67n82196sw51xqtc0000gn/T/cibw-run-qfsuc3_x/cp39-macosx_arm64/build/venv/bin/pip
2022-12-27T11:26:57.7034320Z + pip --version
2022-12-27T11:26:58.1060650Z pip 22.3.1 from /private/var/folders/51/hd414ycd67n82196sw51xqtc0000gn/T/cibw-run-qfsuc3_x/cp39-macosx_arm64/build/venv/lib/python3.9/site-packages/pip (python 3.9)
2022-12-27T11:26:58.1508730Z + which pip
2022-12-27T11:26:58.1559840Z + which python
2022-12-27T11:26:58.1599620Z /private/var/folders/51/hd414ycd67n82196sw51xqtc0000gn/T/cibw-run-qfsuc3_x/cp39-macosx_arm64/build/venv/bin/python
2022-12-27T11:26:58.1603610Z + python --version
2022-12-27T11:26:58.1693200Z Python 3.9.13
2022-12-27T11:26:58.1698500Z + which python
2022-12-27T11:26:58.1798280Z ##[endgroup]
2022-12-27T11:26:58.1799530Z                                                               [32m✓ [0m1.64s
2022-12-27T11:26:58.1801270Z ##[group]Installing build tools...
2022-12-27T11:26:58.1801710Z 
2022-12-27T11:26:58.1802800Z + pip install --upgrade setuptools wheel delocate -c /Users/runner/hostedtoolcache/Python/3.9.16/x64/lib/python3.9/site-packages/cibuildwheel/resources/constraints-python39.txt
2022-12-27T11:26:58.6939810Z Requirement already satisfied: setuptools in /private/var/folders/51/hd414ycd67n82196sw51xqtc0000gn/T/cibw-run-qfsuc3_x/cp39-macosx_arm64/build/venv/lib/python3.9/site-packages (65.6.3)
2022-12-27T11:26:59.1496000Z Requirement already satisfied: wheel in /private/var/folders/51/hd414ycd67n82196sw51xqtc0000gn/T/cibw-run-qfsuc3_x/cp39-macosx_arm64/build/venv/lib/python3.9/site-packages (0.38.4)
2022-12-27T11:26:59.2507700Z Collecting delocate
2022-12-27T11:26:59.2559050Z   Using cached delocate-0.10.3-py3-none-any.whl (142 kB)
2022-12-27T11:26:59.2987120Z Collecting typing-extensions
2022-12-27T11:26:59.3036010Z   Using cached typing_extensions-4.4.0-py3-none-any.whl (26 kB)
2022-12-27T11:26:59.3536180Z Collecting packaging>=20.9
2022-12-27T11:26:59.3583640Z   Using cached packaging-21.3-py3-none-any.whl (40 kB)
2022-12-27T11:26:59.4375370Z Collecting pyparsing!=3.0.5,>=2.0.2
2022-12-27T11:26:59.4423140Z   Using cached pyparsing-3.0.9-py3-none-any.whl (98 kB)
2022-12-27T11:26:59.5099860Z Installing collected packages: typing-extensions, pyparsing, packaging, delocate
2022-12-27T11:26:59.7691220Z Successfully installed delocate-0.10.3 packaging-21.3 pyparsing-3.0.9 typing-extensions-4.4.0
2022-12-27T11:26:59.8743410Z ##[endgroup]
2022-12-27T11:26:59.8745830Z                                                               [32m✓ [0m1.69s
2022-12-27T11:26:59.8746950Z ##[group]Running before_build...
2022-12-27T11:26:59.8747190Z 
2022-12-27T11:26:59.8766230Z + pip install Cython; if [[ -f requirements.txt ]]; then pip install -r requirements.txt; fi
2022-12-27T11:27:01.1527880Z Collecting Cython
2022-12-27T11:27:01.1613050Z   Using cached Cython-0.29.32-py2.py3-none-any.whl (986 kB)
2022-12-27T11:27:01.2395600Z Installing collected packages: Cython
2022-12-27T11:27:02.0893760Z Successfully installed Cython-0.29.32
2022-12-27T11:27:02.1943890Z ##[endgroup]
2022-12-27T11:27:02.1944980Z                                                               [32m✓ [0m2.32s
2022-12-27T11:27:02.1945830Z ##[group]Building wheel...
2022-12-27T11:27:02.1946260Z 
2022-12-27T11:27:02.1954740Z + python -m pip wheel /Users/runner/actions-runner/_work/python.build/python.build/build_lxml20839/lxml-2.0.8 --wheel-dir=/private/var/folders/51/hd414ycd67n82196sw51xqtc0000gn/T/cibw-run-qfsuc3_x/cp39-macosx_arm64/built_wheel --no-deps -vvv
2022-12-27T11:27:02.6662190Z Created temporary directory: /private/var/folders/51/hd414ycd67n82196sw51xqtc0000gn/T/pip-ephem-wheel-cache-_v_zxhj1
2022-12-27T11:27:02.6667850Z Created temporary directory: /private/var/folders/51/hd414ycd67n82196sw51xqtc0000gn/T/pip-build-tracker-c7u7gerv
2022-12-27T11:27:02.6671240Z Initialized build tracking at /private/var/folders/51/hd414ycd67n82196sw51xqtc0000gn/T/pip-build-tracker-c7u7gerv
2022-12-27T11:27:02.6672550Z Created build tracker: /private/var/folders/51/hd414ycd67n82196sw51xqtc0000gn/T/pip-build-tracker-c7u7gerv
2022-12-27T11:27:02.6675760Z Entered build tracker: /private/var/folders/51/hd414ycd67n82196sw51xqtc0000gn/T/pip-build-tracker-c7u7gerv
2022-12-27T11:27:02.6681280Z Created temporary directory: /private/var/folders/51/hd414ycd67n82196sw51xqtc0000gn/T/pip-wheel-h1nj756u
2022-12-27T11:27:02.6692420Z Created temporary directory: /private/var/folders/51/hd414ycd67n82196sw51xqtc0000gn/T/pip-ephem-wheel-cache-qtjadmpd
2022-12-27T11:27:02.6988630Z Processing /Users/runner/actions-runner/_work/python.build/python.build/build_lxml20839/lxml-2.0.8
2022-12-27T11:27:02.6997760Z   Added file:///Users/runner/actions-runner/_work/python.build/python.build/build_lxml20839/lxml-2.0.8 to build tracker '/private/var/folders/51/hd414ycd67n82196sw51xqtc0000gn/T/pip-build-tracker-c7u7gerv'
2022-12-27T11:27:02.7003870Z   Running setup.py (path:/Users/runner/actions-runner/_work/python.build/python.build/build_lxml20839/lxml-2.0.8/setup.py) egg_info for package from file:///Users/runner/actions-runner/_work/python.build/python.build/build_lxml20839/lxml-2.0.8
2022-12-27T11:27:02.7010070Z   Created temporary directory: /private/var/folders/51/hd414ycd67n82196sw51xqtc0000gn/T/pip-pip-egg-info-0hj_epja
2022-12-27T11:27:02.7011910Z   Preparing metadata (setup.py): started
2022-12-27T11:27:02.7015180Z   Running command python setup.py egg_info
2022-12-27T11:27:03.2576140Z   Traceback (most recent call last):
2022-12-27T11:27:03.2594890Z     File "<string>", line 2, in <module>
2022-12-27T11:27:03.2596020Z     File "<pip-setuptools-caller>", line 34, in <module>
2022-12-27T11:27:03.2596760Z     File "/Users/runner/actions-runner/_work/python.build/python.build/build_lxml20839/lxml-2.0.8/setup.py", line 104, in <module>
2022-12-27T11:27:03.2598190Z       ext_modules = setupinfo.ext_modules(
2022-12-27T11:27:03.2598980Z     File "/Users/runner/actions-runner/_work/python.build/python.build/build_lxml20839/lxml-2.0.8/setupinfo.py", line 42, in ext_modules
2022-12-27T11:27:03.2599840Z       _include_dirs = include_dirs(static_include_dirs)
2022-12-27T11:27:03.2600510Z     File "/Users/runner/actions-runner/_work/python.build/python.build/build_lxml20839/lxml-2.0.8/setupinfo.py", line 120, in include_dirs
2022-12-27T11:27:03.2601150Z       if possible_include_dir.startswith('-I'):
2022-12-27T11:27:03.2601650Z   TypeError: startswith first arg must be bytes or a tuple of bytes, not str
2022-12-27T11:27:03.2602210Z   Building lxml version 2.0.8.
2022-12-27T11:27:03.2604640Z   Building with Cython 0.29.32.
2022-12-27T11:27:03.2607280Z   Using build configuration of libxslt b'1.1.29'
2022-12-27T11:27:03.3059900Z   error: subprocess-exited-with-error
2022-12-27T11:27:03.3060580Z   
2022-12-27T11:27:03.3062840Z   × python setup.py egg_info did not run successfully.
2022-12-27T11:27:03.3064270Z   │ exit code: 1
2022-12-27T11:27:03.3065230Z   ╰─> See above for output.
2022-12-27T11:27:03.3065730Z   
2022-12-27T11:27:03.3066740Z   note: This error originates from a subprocess, and is likely not a problem with pip.
2022-12-27T11:27:03.3078590Z   full command: /private/var/folders/51/hd414ycd67n82196sw51xqtc0000gn/T/cibw-run-qfsuc3_x/cp39-macosx_arm64/build/venv/bin/python -c '
2022-12-27T11:27:03.3079550Z   exec(compile('"'"''"'"''"'"'
2022-12-27T11:27:03.3080780Z   # This is <pip-setuptools-caller> -- a caller that pip uses to run setup.py
2022-12-27T11:27:03.3082100Z   #
2022-12-27T11:27:03.3083920Z   # - It imports setuptools before invoking setup.py, to enable projects that directly
2022-12-27T11:27:03.3085670Z   #   import from `distutils.core` to work with newer packaging standards.
2022-12-27T11:27:03.3207600Z   # - It provides a clear error message when setuptools is not installed.
2022-12-27T11:27:03.3209060Z   # - It sets `sys.argv[0]` to the underlying `setup.py`, when invoking `setup.py` so
2022-12-27T11:27:03.3209710Z   #   setuptools doesn'"'"'t think the script is `-c`. This avoids the following warning:
2022-12-27T11:27:03.3210440Z   #     manifest_maker: standard file '"'"'-c'"'"' not found".
2022-12-27T11:27:03.3211140Z   # - It generates a shim setup.py, for handling setup.cfg-only projects.
2022-12-27T11:27:03.3211730Z   import os, sys, tokenize
2022-12-27T11:27:03.3212100Z   
2022-12-27T11:27:03.3212430Z   try:
2022-12-27T11:27:03.3212790Z       import setuptools
2022-12-27T11:27:03.3213110Z   except ImportError as error:
2022-12-27T11:27:03.3213600Z       print(
2022-12-27T11:27:03.3214070Z           "ERROR: Can not execute `setup.py` since setuptools is not available in "
2022-12-27T11:27:03.3214450Z           "the build environment.",
2022-12-27T11:27:03.3214850Z           file=sys.stderr,
2022-12-27T11:27:03.3215330Z       )
2022-12-27T11:27:03.3215600Z       sys.exit(1)
2022-12-27T11:27:03.3215940Z   
2022-12-27T11:27:03.3216290Z   __file__ = %r
2022-12-27T11:27:03.3216580Z   sys.argv[0] = __file__
2022-12-27T11:27:03.3217030Z   
2022-12-27T11:27:03.3217400Z   if os.path.exists(__file__):
2022-12-27T11:27:03.3217790Z       filename = __file__
2022-12-27T11:27:03.3218110Z       with tokenize.open(__file__) as f:
2022-12-27T11:27:03.3218530Z           setup_py_code = f.read()
2022-12-27T11:27:03.3218990Z   else:
2022-12-27T11:27:03.3219520Z       filename = "<auto-generated setuptools caller>"
2022-12-27T11:27:03.3220140Z       setup_py_code = "from setuptools import setup; setup()"
2022-12-27T11:27:03.3220540Z   
2022-12-27T11:27:03.3220850Z   exec(compile(setup_py_code, filename, "exec"))
2022-12-27T11:27:03.3222010Z   '"'"''"'"''"'"' % ('"'"'/Users/runner/actions-runner/_work/python.build/python.build/build_lxml20839/lxml-2.0.8/setup.py'"'"',), "<pip-setuptools-caller>", "exec"))' egg_info --egg-base /private/var/folders/51/hd414ycd67n82196sw51xqtc0000gn/T/pip-pip-egg-info-0hj_epja
2022-12-27T11:27:03.3223630Z   cwd: /Users/runner/actions-runner/_work/python.build/python.build/build_lxml20839/lxml-2.0.8/
2022-12-27T11:27:03.3224460Z   Preparing metadata (setup.py): finished with status 'error'
2022-12-27T11:27:03.3234540Z error: metadata-generation-failed
2022-12-27T11:27:03.3234810Z 
2022-12-27T11:27:03.3235330Z × Encountered error while generating package metadata.
2022-12-27T11:27:03.3235910Z ╰─> See above for output.
2022-12-27T11:27:03.3236140Z 
2022-12-27T11:27:03.3236410Z note: This is an issue with the package mentioned above, not pip.
2022-12-27T11:27:03.3236770Z hint: See above for details.
2022-12-27T11:27:03.3286070Z Exception information:
2022-12-27T11:27:03.3287600Z Traceback (most recent call last):
2022-12-27T11:27:03.3289300Z   File "/private/var/folders/51/hd414ycd67n82196sw51xqtc0000gn/T/cibw-run-qfsuc3_x/cp39-macosx_arm64/build/venv/lib/python3.9/site-packages/pip/_internal/operations/build/metadata_legacy.py", line 64, in generate_metadata
2022-12-27T11:27:03.3445010Z     call_subprocess(
2022-12-27T11:27:03.3447180Z   File "/private/var/folders/51/hd414ycd67n82196sw51xqtc0000gn/T/cibw-run-qfsuc3_x/cp39-macosx_arm64/build/venv/lib/python3.9/site-packages/pip/_internal/utils/subprocess.py", line 224, in call_subprocess
2022-12-27T11:27:03.3447940Z     raise error
2022-12-27T11:27:03.3448700Z pip._internal.exceptions.InstallationSubprocessError: python setup.py egg_info exited with 1
2022-12-27T11:27:03.3449350Z 
2022-12-27T11:27:03.3449710Z The above exception was the direct cause of the following exception:
2022-12-27T11:27:03.3450090Z 
2022-12-27T11:27:03.3450560Z Traceback (most recent call last):
2022-12-27T11:27:03.3452870Z   File "/private/var/folders/51/hd414ycd67n82196sw51xqtc0000gn/T/cibw-run-qfsuc3_x/cp39-macosx_arm64/build/venv/lib/python3.9/site-packages/pip/_internal/cli/base_command.py", line 160, in exc_logging_wrapper
2022-12-27T11:27:03.3453710Z     status = run_func(*args)
2022-12-27T11:27:03.3454920Z   File "/private/var/folders/51/hd414ycd67n82196sw51xqtc0000gn/T/cibw-run-qfsuc3_x/cp39-macosx_arm64/build/venv/lib/python3.9/site-packages/pip/_internal/cli/req_command.py", line 247, in wrapper
2022-12-27T11:27:03.3455660Z     return func(self, options, args)
2022-12-27T11:27:03.3456940Z   File "/private/var/folders/51/hd414ycd67n82196sw51xqtc0000gn/T/cibw-run-qfsuc3_x/cp39-macosx_arm64/build/venv/lib/python3.9/site-packages/pip/_internal/commands/wheel.py", line 170, in run
2022-12-27T11:27:03.3457720Z     requirement_set = resolver.resolve(reqs, check_supported_wheels=True)
2022-12-27T11:27:03.3458810Z   File "/private/var/folders/51/hd414ycd67n82196sw51xqtc0000gn/T/cibw-run-qfsuc3_x/cp39-macosx_arm64/build/venv/lib/python3.9/site-packages/pip/_internal/resolution/resolvelib/resolver.py", line 73, in resolve
2022-12-27T11:27:03.3459420Z     collected = self.factory.collect_root_requirements(root_reqs)
2022-12-27T11:27:03.3460420Z   File "/private/var/folders/51/hd414ycd67n82196sw51xqtc0000gn/T/cibw-run-qfsuc3_x/cp39-macosx_arm64/build/venv/lib/python3.9/site-packages/pip/_internal/resolution/resolvelib/factory.py", line 491, in collect_root_requirements
2022-12-27T11:27:03.3461100Z     req = self._make_requirement_from_install_req(
2022-12-27T11:27:03.3462080Z   File "/private/var/folders/51/hd414ycd67n82196sw51xqtc0000gn/T/cibw-run-qfsuc3_x/cp39-macosx_arm64/build/venv/lib/python3.9/site-packages/pip/_internal/resolution/resolvelib/factory.py", line 453, in _make_requirement_from_install_req
2022-12-27T11:27:03.3463050Z     cand = self._make_candidate_from_link(
2022-12-27T11:27:03.3464060Z   File "/private/var/folders/51/hd414ycd67n82196sw51xqtc0000gn/T/cibw-run-qfsuc3_x/cp39-macosx_arm64/build/venv/lib/python3.9/site-packages/pip/_internal/resolution/resolvelib/factory.py", line 206, in _make_candidate_from_link
2022-12-27T11:27:03.3464660Z     self._link_candidate_cache[link] = LinkCandidate(
2022-12-27T11:27:03.3465650Z   File "/private/var/folders/51/hd414ycd67n82196sw51xqtc0000gn/T/cibw-run-qfsuc3_x/cp39-macosx_arm64/build/venv/lib/python3.9/site-packages/pip/_internal/resolution/resolvelib/candidates.py", line 297, in __init__
2022-12-27T11:27:03.3466870Z     super().__init__(
2022-12-27T11:27:03.3468060Z   File "/private/var/folders/51/hd414ycd67n82196sw51xqtc0000gn/T/cibw-run-qfsuc3_x/cp39-macosx_arm64/build/venv/lib/python3.9/site-packages/pip/_internal/resolution/resolvelib/candidates.py", line 162, in __init__
2022-12-27T11:27:03.3468970Z     self.dist = self._prepare()
2022-12-27T11:27:03.3469840Z   File "/private/var/folders/51/hd414ycd67n82196sw51xqtc0000gn/T/cibw-run-qfsuc3_x/cp39-macosx_arm64/build/venv/lib/python3.9/site-packages/pip/_internal/resolution/resolvelib/candidates.py", line 231, in _prepare
2022-12-27T11:27:03.3470460Z     dist = self._prepare_distribution()
2022-12-27T11:27:03.3471470Z   File "/private/var/folders/51/hd414ycd67n82196sw51xqtc0000gn/T/cibw-run-qfsuc3_x/cp39-macosx_arm64/build/venv/lib/python3.9/site-packages/pip/_internal/resolution/resolvelib/candidates.py", line 308, in _prepare_distribution
2022-12-27T11:27:03.3472200Z     return preparer.prepare_linked_requirement(self._ireq, parallel_builds=True)
2022-12-27T11:27:03.3473150Z   File "/private/var/folders/51/hd414ycd67n82196sw51xqtc0000gn/T/cibw-run-qfsuc3_x/cp39-macosx_arm64/build/venv/lib/python3.9/site-packages/pip/_internal/operations/prepare.py", line 491, in prepare_linked_requirement
2022-12-27T11:27:03.3473740Z     return self._prepare_linked_requirement(req, parallel_builds)
2022-12-27T11:27:03.3474690Z   File "/private/var/folders/51/hd414ycd67n82196sw51xqtc0000gn/T/cibw-run-qfsuc3_x/cp39-macosx_arm64/build/venv/lib/python3.9/site-packages/pip/_internal/operations/prepare.py", line 577, in _prepare_linked_requirement
2022-12-27T11:27:03.3475300Z     dist = _get_prepared_distribution(
2022-12-27T11:27:03.3476410Z   File "/private/var/folders/51/hd414ycd67n82196sw51xqtc0000gn/T/cibw-run-qfsuc3_x/cp39-macosx_arm64/build/venv/lib/python3.9/site-packages/pip/_internal/operations/prepare.py", line 69, in _get_prepared_distribution
2022-12-27T11:27:03.3477070Z     abstract_dist.prepare_distribution_metadata(
2022-12-27T11:27:03.3478010Z   File "/private/var/folders/51/hd414ycd67n82196sw51xqtc0000gn/T/cibw-run-qfsuc3_x/cp39-macosx_arm64/build/venv/lib/python3.9/site-packages/pip/_internal/distributions/sdist.py", line 61, in prepare_distribution_metadata
2022-12-27T11:27:03.3478630Z     self.req.prepare_metadata()
2022-12-27T11:27:03.3479510Z   File "/private/var/folders/51/hd414ycd67n82196sw51xqtc0000gn/T/cibw-run-qfsuc3_x/cp39-macosx_arm64/build/venv/lib/python3.9/site-packages/pip/_internal/req/req_install.py", line 541, in prepare_metadata
2022-12-27T11:27:03.3480070Z     self.metadata_directory = generate_metadata_legacy(
2022-12-27T11:27:03.3480960Z   File "/private/var/folders/51/hd414ycd67n82196sw51xqtc0000gn/T/cibw-run-qfsuc3_x/cp39-macosx_arm64/build/venv/lib/python3.9/site-packages/pip/_internal/operations/build/metadata_legacy.py", line 71, in generate_metadata
2022-12-27T11:27:03.3481810Z     raise MetadataGenerationFailed(package_details=details) from error
2022-12-27T11:27:03.3482370Z pip._internal.exceptions.MetadataGenerationFailed: metadata generation failed
2022-12-27T11:27:03.3483290Z Removed file:///Users/runner/actions-runner/_work/python.build/python.build/build_lxml20839/lxml-2.0.8 from build tracker '/private/var/folders/51/hd414ycd67n82196sw51xqtc0000gn/T/pip-build-tracker-c7u7gerv'
2022-12-27T11:27:03.3484120Z Removed build tracker: '/private/var/folders/51/hd414ycd67n82196sw51xqtc0000gn/T/pip-build-tracker-c7u7gerv'
2022-12-27T11:27:03.4190010Z ##[endgroup]
2022-12-27T11:27:03.4252410Z ##[error]Command ['python', '-m', 'pip', 'wheel', '/Users/runner/actions-runner/_work/python.build/python.build/build_lxml20839/lxml-2.0.8', '--wheel-dir=/private/var/folders/51/hd414ycd67n82196sw51xqtc0000gn/T/cibw-run-qfsuc3_x/cp39-macosx_arm64/built_wheel', '--no-deps', '-vvv'] failed with code 1. None
2022-12-27T11:27:03.4270200Z 
2022-12-27T11:27:03.4271110Z                                                               [31m✕ [0m1.22s
2022-12-27T11:27:03.5035190Z ##[error]Process completed with exit code 1.
2022-12-27T11:27:03.5115330Z ##[group]Run rm -rf build_lxml20839 wheelsout
2022-12-27T11:27:03.5115770Z [36;1mrm -rf build_lxml20839 wheelsout[0m
2022-12-27T11:27:03.5143440Z shell: /bin/bash -e {0}
2022-12-27T11:27:03.5143700Z env:
2022-12-27T11:27:03.5144160Z   pythonLocation: /Users/runner/hostedtoolcache/Python/3.9.16/x64
2022-12-27T11:27:03.5144550Z   PKG_CONFIG_PATH: /Users/runner/hostedtoolcache/Python/3.9.16/x64/lib/pkgconfig
2022-12-27T11:27:03.5144980Z   Python_ROOT_DIR: /Users/runner/hostedtoolcache/Python/3.9.16/x64
2022-12-27T11:27:03.5145400Z   Python2_ROOT_DIR: /Users/runner/hostedtoolcache/Python/3.9.16/x64
2022-12-27T11:27:03.5145820Z   Python3_ROOT_DIR: /Users/runner/hostedtoolcache/Python/3.9.16/x64
2022-12-27T11:27:03.5146270Z ##[endgroup]
2022-12-27T11:27:03.6027870Z Cleaning up orphan processes
