2022-12-27T08:49:22.5458278Z Requested labels: self-hosted, macOS, X64
2022-12-27T08:49:22.5458379Z Job defined at: kilnbuild/python.build/.github/workflows/mac_arm_build.yml@refs/heads/main
2022-12-27T08:49:22.5458407Z Waiting for a runner to pick up this job...
2022-12-27T11:16:28.2926412Z Job is about to start running on the runner: kr2 (organization)
2022-12-27T11:16:33.3894690Z Current runner version: '2.300.2'
2022-12-27T11:16:33.3902600Z Runner name: 'kr2'
2022-12-27T11:16:33.3903010Z Runner group name: 'Default'
2022-12-27T11:16:33.3903890Z Machine name: 'kr2'
2022-12-27T11:16:33.3906790Z ##[group]GITHUB_TOKEN Permissions
2022-12-27T11:16:33.3907500Z Actions: write
2022-12-27T11:16:33.3907760Z Checks: write
2022-12-27T11:16:33.3908020Z Contents: write
2022-12-27T11:16:33.3908300Z Deployments: write
2022-12-27T11:16:33.3908560Z Discussions: write
2022-12-27T11:16:33.3908830Z Issues: write
2022-12-27T11:16:33.3909080Z Metadata: read
2022-12-27T11:16:33.3909340Z Packages: write
2022-12-27T11:16:33.3909600Z Pages: write
2022-12-27T11:16:33.3909870Z PullRequests: write
2022-12-27T11:16:33.3910180Z RepositoryProjects: write
2022-12-27T11:16:33.3910490Z SecurityEvents: write
2022-12-27T11:16:33.3910770Z Statuses: write
2022-12-27T11:16:33.3911020Z ##[endgroup]
2022-12-27T11:16:33.3914830Z Secret source: Actions
2022-12-27T11:16:33.3915340Z Prepare workflow directory
2022-12-27T11:16:33.5018700Z Prepare all required actions
2022-12-27T11:16:33.5226370Z Getting action download info
2022-12-27T11:16:33.9710100Z Download action repository 'actions/setup-python@v4' (SHA:5ccb29d8773c3f3f653e1705f474dfaa8a06a912)
2022-12-27T11:16:35.8495630Z Download action repository 'actions/upload-artifact@v3' (SHA:83fd05a356d7e2593de66fc9913b3002723633cb)
2022-12-27T11:16:37.3043650Z ##[group]Run echo '{
2022-12-27T11:16:37.3044100Z [36;1mecho '{[0m
2022-12-27T11:16:37.3044380Z [36;1m  "package_name": "lxml",[0m
2022-12-27T11:16:37.3044880Z [36;1m  "package_url": "https://files.pythonhosted.org/packages/e5/21/a2e4517e3d216f0051687eea3d3317557bde68736f038a3b105ac3809247/lxml-4.6.3.tar.gz",[0m
2022-12-27T11:16:37.3045270Z [36;1m  "package_version": "4.6.3",[0m
2022-12-27T11:16:37.3045550Z [36;1m  "python_version": "3.11",[0m
2022-12-27T11:16:37.3045870Z [36;1m  "use_ccache": "true"[0m
2022-12-27T11:16:37.3046090Z [36;1m}'[0m
2022-12-27T11:16:37.3073540Z shell: /bin/bash -e {0}
2022-12-27T11:16:37.3073850Z ##[endgroup]
2022-12-27T11:16:37.3498130Z {
2022-12-27T11:16:37.3500660Z   "package_name": "lxml",
2022-12-27T11:16:37.3501910Z   "package_url": "https://files.pythonhosted.org/packages/e5/21/a2e4517e3d216f0051687eea3d3317557bde68736f038a3b105ac3809247/lxml-4.6.3.tar.gz",
2022-12-27T11:16:37.3502480Z   "package_version": "4.6.3",
2022-12-27T11:16:37.3502940Z   "python_version": "3.11",
2022-12-27T11:16:37.3503240Z   "use_ccache": "true"
2022-12-27T11:16:37.3503610Z }
2022-12-27T11:16:37.3848710Z ##[group]Run actions/setup-python@v4
2022-12-27T11:16:37.3849130Z with:
2022-12-27T11:16:37.3849450Z   python-version: 3.11
2022-12-27T11:16:37.3849710Z   check-latest: false
2022-12-27T11:16:37.3850310Z   token: ***
2022-12-27T11:16:37.3850660Z   update-environment: true
2022-12-27T11:16:37.3850940Z ##[endgroup]
2022-12-27T11:16:37.6081120Z ##[group]Installed versions
2022-12-27T11:16:37.6153290Z Successfully set up CPython (3.11.1)
2022-12-27T11:16:37.6155530Z ##[endgroup]
2022-12-27T11:16:37.6413830Z ##[group]Run if [ "true" == "true" ]
2022-12-27T11:16:37.6414310Z [36;1mif [ "true" == "true" ][0m
2022-12-27T11:16:37.6414830Z [36;1mthen[0m
2022-12-27T11:16:37.6415290Z [36;1m  echo "CCACHE_PATH_PREPEND=/usr/local/opt/ccache/libexec" >> $GITHUB_OUTPUT[0m
2022-12-27T11:16:37.6415610Z [36;1melse[0m
2022-12-27T11:16:37.6415990Z [36;1m  echo "CCACHE_PATH_PREPEND=" >> $GITHUB_OUTPUT[0m
2022-12-27T11:16:37.6416350Z [36;1mfi[0m
2022-12-27T11:16:37.6453000Z shell: /bin/bash -e {0}
2022-12-27T11:16:37.6453350Z env:
2022-12-27T11:16:37.6453900Z   pythonLocation: /Users/runner/hostedtoolcache/Python/3.11.1/x64
2022-12-27T11:16:37.6454530Z   PKG_CONFIG_PATH: /Users/runner/hostedtoolcache/Python/3.11.1/x64/lib/pkgconfig
2022-12-27T11:16:37.6455010Z   Python_ROOT_DIR: /Users/runner/hostedtoolcache/Python/3.11.1/x64
2022-12-27T11:16:37.6455900Z   Python2_ROOT_DIR: /Users/runner/hostedtoolcache/Python/3.11.1/x64
2022-12-27T11:16:37.6456600Z   Python3_ROOT_DIR: /Users/runner/hostedtoolcache/Python/3.11.1/x64
2022-12-27T11:16:37.6457720Z ##[endgroup]
2022-12-27T11:16:37.6761220Z ##[group]Run echo "BUILD_NAME=$(echo lxml_4.6.3_3.11 | tr -dc '[:alnum:]\n\r' | tr '[:upper:]' '[:lower:]')" >> $GITHUB_OUTPUT
2022-12-27T11:16:37.6761850Z [36;1mecho "BUILD_NAME=$(echo lxml_4.6.3_3.11 | tr -dc '[:alnum:]\n\r' | tr '[:upper:]' '[:lower:]')" >> $GITHUB_OUTPUT[0m
2022-12-27T11:16:37.6792040Z shell: /bin/bash -e {0}
2022-12-27T11:16:37.6792390Z env:
2022-12-27T11:16:37.6792710Z   pythonLocation: /Users/runner/hostedtoolcache/Python/3.11.1/x64
2022-12-27T11:16:37.6793190Z   PKG_CONFIG_PATH: /Users/runner/hostedtoolcache/Python/3.11.1/x64/lib/pkgconfig
2022-12-27T11:16:37.6793800Z   Python_ROOT_DIR: /Users/runner/hostedtoolcache/Python/3.11.1/x64
2022-12-27T11:16:37.6794230Z   Python2_ROOT_DIR: /Users/runner/hostedtoolcache/Python/3.11.1/x64
2022-12-27T11:16:37.6794680Z   Python3_ROOT_DIR: /Users/runner/hostedtoolcache/Python/3.11.1/x64
2022-12-27T11:16:37.6795060Z ##[endgroup]
2022-12-27T11:16:37.7036680Z ##[group]Run echo "PYTHON_NO_DOTS=$(echo 3.11 | tr -dc '[:alnum:]\n\r' | tr '[:upper:]' '[:lower:]')" >> $GITHUB_OUTPUT
2022-12-27T11:16:37.7037450Z [36;1mecho "PYTHON_NO_DOTS=$(echo 3.11 | tr -dc '[:alnum:]\n\r' | tr '[:upper:]' '[:lower:]')" >> $GITHUB_OUTPUT[0m
2022-12-27T11:16:37.7067120Z shell: /bin/bash -e {0}
2022-12-27T11:16:37.7067460Z env:
2022-12-27T11:16:37.7067850Z   pythonLocation: /Users/runner/hostedtoolcache/Python/3.11.1/x64
2022-12-27T11:16:37.7069360Z   PKG_CONFIG_PATH: /Users/runner/hostedtoolcache/Python/3.11.1/x64/lib/pkgconfig
2022-12-27T11:16:37.7069910Z   Python_ROOT_DIR: /Users/runner/hostedtoolcache/Python/3.11.1/x64
2022-12-27T11:16:37.7070370Z   Python2_ROOT_DIR: /Users/runner/hostedtoolcache/Python/3.11.1/x64
2022-12-27T11:16:37.7070820Z   Python3_ROOT_DIR: /Users/runner/hostedtoolcache/Python/3.11.1/x64
2022-12-27T11:16:37.7071140Z ##[endgroup]
2022-12-27T11:16:37.7329020Z ##[group]Run rm -rf build_lxml463311
2022-12-27T11:16:37.7329690Z [36;1mrm -rf build_lxml463311[0m
2022-12-27T11:16:37.7329980Z [36;1mmkdir build_lxml463311[0m
2022-12-27T11:16:37.7330400Z [36;1mcd build_lxml463311[0m
2022-12-27T11:16:37.7330920Z [36;1m/usr/local/bin/wget --quiet https://files.pythonhosted.org/packages/e5/21/a2e4517e3d216f0051687eea3d3317557bde68736f038a3b105ac3809247/lxml-4.6.3.tar.gz[0m
2022-12-27T11:16:37.7331490Z [36;1mtar xf *.tar.gz[0m
2022-12-27T11:16:37.7331750Z [36;1mcd *[0m
2022-12-27T11:16:37.7332120Z [36;1mpython -m pip install cibuildwheel==2.11.3[0m
2022-12-27T11:16:37.7332550Z [36;1mpython -m cibuildwheel --output-dir ../wheelsout[0m
2022-12-27T11:16:37.7363610Z shell: /bin/bash -e {0}
2022-12-27T11:16:37.7364290Z env:
2022-12-27T11:16:37.7364760Z   pythonLocation: /Users/runner/hostedtoolcache/Python/3.11.1/x64
2022-12-27T11:16:37.7365260Z   PKG_CONFIG_PATH: /Users/runner/hostedtoolcache/Python/3.11.1/x64/lib/pkgconfig
2022-12-27T11:16:37.7365990Z   Python_ROOT_DIR: /Users/runner/hostedtoolcache/Python/3.11.1/x64
2022-12-27T11:16:37.7366400Z   Python2_ROOT_DIR: /Users/runner/hostedtoolcache/Python/3.11.1/x64
2022-12-27T11:16:37.7367040Z   Python3_ROOT_DIR: /Users/runner/hostedtoolcache/Python/3.11.1/x64
2022-12-27T11:16:37.7367620Z   CIBW_ARCHS_MACOS: arm64
2022-12-27T11:16:37.7367970Z   CIBW_TEST_SKIP: *_arm64
2022-12-27T11:16:37.7368300Z   CIBW_BUILD: cp311-macosx_arm64
2022-12-27T11:16:37.7368780Z   CIBW_BUILD_FRONTEND: pip
2022-12-27T11:16:37.7369370Z   CIBW_BUILD_VERBOSITY: 3
2022-12-27T11:16:37.7369960Z   CIBW_ENVIRONMENT_MACOS:  CFLAGS="-I/usr/local/opt/openssl@3/include" LDFLAGS="-L/usr/local/opt/openssl@3/lib" CPPFLAGS="-I/usr/local/opt/openssl@3/include" MAKEFLAGS="-j$(sysctl -n hw.logicalcpu)" PATH=/usr/local/opt/ccache/libexec:$PATH
2022-12-27T11:16:37.7370580Z   CIBW_BEFORE_BUILD: pip install Cython; if [[ -f requirements.txt ]]; then pip install -r requirements.txt; fi
2022-12-27T11:16:37.7371050Z   MAKEFLAGS: -j$(sysctl -n hw.logicalcpu)
2022-12-27T11:16:37.7371570Z ##[endgroup]
2022-12-27T11:16:38.4518280Z Requirement already satisfied: cibuildwheel==2.11.3 in /Library/Frameworks/Python.framework/Versions/3.11/lib/python3.11/site-packages (2.11.3)
2022-12-27T11:16:38.5081910Z Requirement already satisfied: bashlex!=0.13 in /Library/Frameworks/Python.framework/Versions/3.11/lib/python3.11/site-packages (from cibuildwheel==2.11.3) (0.16)
2022-12-27T11:16:38.5091820Z Requirement already satisfied: bracex in /Library/Frameworks/Python.framework/Versions/3.11/lib/python3.11/site-packages (from cibuildwheel==2.11.3) (2.3.post1)
2022-12-27T11:16:38.5100410Z Requirement already satisfied: certifi in /Library/Frameworks/Python.framework/Versions/3.11/lib/python3.11/site-packages (from cibuildwheel==2.11.3) (2022.12.7)
2022-12-27T11:16:38.5110340Z Requirement already satisfied: filelock in /Library/Frameworks/Python.framework/Versions/3.11/lib/python3.11/site-packages (from cibuildwheel==2.11.3) (3.8.2)
2022-12-27T11:16:38.5123360Z Requirement already satisfied: packaging>=20.9 in /Library/Frameworks/Python.framework/Versions/3.11/lib/python3.11/site-packages (from cibuildwheel==2.11.3) (22.0)
2022-12-27T11:16:38.5134970Z Requirement already satisfied: platformdirs in /Library/Frameworks/Python.framework/Versions/3.11/lib/python3.11/site-packages (from cibuildwheel==2.11.3) (2.6.0)
2022-12-27T11:16:38.8987320Z 
2022-12-27T11:16:38.8988120Z      _ _       _ _   _       _           _
2022-12-27T11:16:38.8988950Z  ___|_| |_ _ _|_| |_| |_ _ _| |_ ___ ___| |
2022-12-27T11:16:38.8990570Z |  _| | . | | | | | . | | | |   | -_| -_| |
2022-12-27T11:16:38.8991930Z |___|_|___|___|_|_|___|_____|_|_|___|___|_|
2022-12-27T11:16:38.8992740Z 
2022-12-27T11:16:38.8992940Z cibuildwheel version 2.11.3
2022-12-27T11:16:38.8993350Z 
2022-12-27T11:16:38.8993630Z Build options:
2022-12-27T11:16:38.8994260Z   platform: macos
2022-12-27T11:16:38.9161690Z   architectures: arm64[0m
2022-12-27T11:16:38.9162770Z   build_selector: 
2022-12-27T11:16:38.9169130Z     build_config: cp311-macosx_arm64
2022-12-27T11:16:38.9170700Z     skip_config: 
2022-12-27T11:16:38.9171570Z     requires_python: None
2022-12-27T11:16:38.9174820Z     prerelease_pythons: False[0m
2022-12-27T11:16:38.9176440Z   [38;5;244mcontainer_engine: docker[0m
2022-12-27T11:16:38.9178120Z   output_dir: /Users/runner/actions-runner/_work/python.build/python.build/build_lxml463311/wheelsout[0m
2022-12-27T11:16:38.9179910Z   package_dir: /Users/runner/actions-runner/_work/python.build/python.build/build_lxml463311/lxml-4.6.3[0m
2022-12-27T11:16:38.9180780Z   test_selector: 
2022-12-27T11:16:38.9181710Z     skip_config: *_arm64[0m
2022-12-27T11:16:38.9182890Z   [38;5;244mbefore_all: [0m
2022-12-27T11:16:38.9184680Z   before_build: pip install Cython; if [[ -f requirements.txt ]]; then pip install -r requirements.txt; fi[0m
2022-12-27T11:16:38.9186010Z   [38;5;244mbefore_test: [0m
2022-12-27T11:16:38.9186940Z   [38;5;244mbuild_frontend: pip[0m
2022-12-27T11:16:38.9187680Z   build_verbosity: 3[0m
2022-12-27T11:16:38.9188230Z   [38;5;244mconfig_settings: [0m
2022-12-27T11:16:38.9188730Z   [38;5;244mdependency_constraints: pinned[0m
2022-12-27T11:16:38.9189120Z   environment: 
2022-12-27T11:16:38.9189710Z     CFLAGS="-I/usr/local/opt/openssl@3/include"
2022-12-27T11:16:38.9190170Z     LDFLAGS="-L/usr/local/opt/openssl@3/lib"
2022-12-27T11:16:38.9190680Z     CPPFLAGS="-I/usr/local/opt/openssl@3/include"
2022-12-27T11:16:38.9191160Z     MAKEFLAGS="-j$(sysctl -n hw.logicalcpu)"
2022-12-27T11:16:38.9191640Z     PATH=/usr/local/opt/ccache/libexec:$PATH[0m
2022-12-27T11:16:38.9192170Z   [38;5;244mmanylinux_images: None[0m
2022-12-27T11:16:38.9192620Z   [38;5;244mmusllinux_images: None[0m
2022-12-27T11:16:38.9193210Z   [38;5;244mrepair_command: delocate-wheel --require-archs {delocate_archs} -w {dest_dir} -v {wheel}[0m
2022-12-27T11:16:38.9193660Z   [38;5;244mtest_command: [0m
2022-12-27T11:16:38.9194070Z   [38;5;244mtest_extras: [0m
2022-12-27T11:16:38.9194610Z   [38;5;244mtest_requires: [0m
2022-12-27T11:16:38.9194820Z 
2022-12-27T11:16:38.9194960Z Cache folder: /Users/runner/Library/Caches/cibuildwheel
2022-12-27T11:16:38.9195200Z 
2022-12-27T11:16:38.9195750Z Here we go!
2022-12-27T11:16:38.9195940Z 
2022-12-27T11:16:38.9321410Z 
2022-12-27T11:16:38.9322670Z [1m[34mBuilding cp311-macosx_arm64 wheel[0m
2022-12-27T11:16:38.9324440Z CPython 3.11 macOS arm64 - Apple Silicon
2022-12-27T11:16:38.9325050Z 
2022-12-27T11:16:38.9327240Z ##[group]Installing Python cp311...
2022-12-27T11:16:38.9327550Z 
2022-12-27T11:16:38.9327900Z + pkgutil --pkgs
2022-12-27T11:16:38.9519590Z ##[endgroup]
2022-12-27T11:16:38.9522640Z                                                               [32mâœ“ [0m0.02s
2022-12-27T11:16:38.9523380Z ##[group]Setting up build environment...
2022-12-27T11:16:38.9523850Z 
2022-12-27T11:16:38.9553740Z + /Library/Frameworks/Python.framework/Versions/3.11/bin/python -sS /Users/runner/Library/Caches/cibuildwheel/virtualenv-20.17.0.pyz --activators= --no-periodic-update --pip=22.3.1 --setuptools=65.6.3 --wheel=0.38.4 --symlink-app-data --python /Library/Frameworks/Python.framework/Versions/3.11/bin/python3 /private/var/folders/51/hd414ycd67n82196sw51xqtc0000gn/T/cibw-run-wswu6mp8/cp311-macosx_arm64/build/venv
2022-12-27T11:16:39.2703420Z created virtual environment CPython3.11.1.final.0-64 in 81ms
2022-12-27T11:16:39.2704420Z   creator CPython3Posix(dest=/private/var/folders/51/hd414ycd67n82196sw51xqtc0000gn/T/cibw-run-wswu6mp8/cp311-macosx_arm64/build/venv, clear=False, no_vcs_ignore=False, global=False)
2022-12-27T11:16:39.2705140Z   seeder FromAppData(download=False, pip=22.3.1, setuptools=65.6.3, wheel=0.38.4, via=symlink, app_data_dir=/Users/runner/Library/Application Support/virtualenv)
2022-12-27T11:16:39.2705670Z     added seed packages: pip==22.3.1, setuptools==65.6.3, wheel==0.38.4
2022-12-27T11:16:39.2960810Z + python -m pip install --upgrade pip -c /Library/Frameworks/Python.framework/Versions/3.11/lib/python3.11/site-packages/cibuildwheel/resources/constraints-python311.txt
2022-12-27T11:16:39.7368310Z Requirement already satisfied: pip in ./lib/python3.11/site-packages (22.3.1)
2022-12-27T11:16:39.9882790Z + which pip
2022-12-27T11:16:39.9931170Z /private/var/folders/51/hd414ycd67n82196sw51xqtc0000gn/T/cibw-run-wswu6mp8/cp311-macosx_arm64/build/venv/bin/pip
2022-12-27T11:16:39.9934040Z + pip --version
2022-12-27T11:16:40.3266560Z pip 22.3.1 from /private/var/folders/51/hd414ycd67n82196sw51xqtc0000gn/T/cibw-run-wswu6mp8/cp311-macosx_arm64/build/venv/lib/python3.11/site-packages/pip (python 3.11)
2022-12-27T11:16:40.3919470Z + which pip
2022-12-27T11:16:40.3969960Z + which python
2022-12-27T11:16:40.4012800Z /private/var/folders/51/hd414ycd67n82196sw51xqtc0000gn/T/cibw-run-wswu6mp8/cp311-macosx_arm64/build/venv/bin/python
2022-12-27T11:16:40.4016410Z + python --version
2022-12-27T11:16:40.4120410Z Python 3.11.1
2022-12-27T11:16:40.4125370Z + which python
2022-12-27T11:16:40.4230320Z ##[endgroup]
2022-12-27T11:16:40.4231230Z                                                               [32mâœ“ [0m1.47s
2022-12-27T11:16:40.4232410Z ##[group]Installing build tools...
2022-12-27T11:16:40.4232640Z 
2022-12-27T11:16:40.4233220Z + pip install --upgrade setuptools wheel delocate -c /Library/Frameworks/Python.framework/Versions/3.11/lib/python3.11/site-packages/cibuildwheel/resources/constraints-python311.txt
2022-12-27T11:16:40.8594740Z Requirement already satisfied: setuptools in /private/var/folders/51/hd414ycd67n82196sw51xqtc0000gn/T/cibw-run-wswu6mp8/cp311-macosx_arm64/build/venv/lib/python3.11/site-packages (65.6.3)
2022-12-27T11:16:41.1265070Z Requirement already satisfied: wheel in /private/var/folders/51/hd414ycd67n82196sw51xqtc0000gn/T/cibw-run-wswu6mp8/cp311-macosx_arm64/build/venv/lib/python3.11/site-packages (0.38.4)
2022-12-27T11:16:41.1905850Z Collecting delocate
2022-12-27T11:16:41.1953720Z   Using cached delocate-0.10.3-py3-none-any.whl (142 kB)
2022-12-27T11:16:41.2372130Z Collecting packaging>=20.9
2022-12-27T11:16:41.2412690Z   Using cached packaging-21.3-py3-none-any.whl (40 kB)
2022-12-27T11:16:41.2645760Z Collecting typing-extensions
2022-12-27T11:16:41.2684260Z   Using cached typing_extensions-4.4.0-py3-none-any.whl (26 kB)
2022-12-27T11:16:41.3195420Z Collecting pyparsing!=3.0.5,>=2.0.2
2022-12-27T11:16:41.3234490Z   Using cached pyparsing-3.0.9-py3-none-any.whl (98 kB)
2022-12-27T11:16:41.4155360Z Installing collected packages: typing-extensions, pyparsing, packaging, delocate
2022-12-27T11:16:41.6306340Z Successfully installed delocate-0.10.3 packaging-21.3 pyparsing-3.0.9 typing-extensions-4.4.0
2022-12-27T11:16:41.7406030Z ##[endgroup]
2022-12-27T11:16:41.7407370Z                                                               [32mâœ“ [0m1.32s
2022-12-27T11:16:41.7408160Z ##[group]Running before_build...
2022-12-27T11:16:41.7408580Z 
2022-12-27T11:16:41.7415530Z + pip install Cython; if [[ -f requirements.txt ]]; then pip install -r requirements.txt; fi
2022-12-27T11:16:42.6543300Z Collecting Cython
2022-12-27T11:16:42.6619980Z   Using cached Cython-0.29.32-py2.py3-none-any.whl (986 kB)
2022-12-27T11:16:42.7263160Z Installing collected packages: Cython
2022-12-27T11:16:43.4693840Z Successfully installed Cython-0.29.32
2022-12-27T11:16:44.0407510Z Requirement already satisfied: Cython>=0.29.7 in /private/var/folders/51/hd414ycd67n82196sw51xqtc0000gn/T/cibw-run-wswu6mp8/cp311-macosx_arm64/build/venv/lib/python3.11/site-packages (from -r requirements.txt (line 1)) (0.29.32)
2022-12-27T11:16:44.2022500Z ##[endgroup]
2022-12-27T11:16:44.2024150Z                                                               [32mâœ“ [0m2.46s
2022-12-27T11:16:44.2025520Z ##[group]Building wheel...
2022-12-27T11:16:44.2025940Z 
2022-12-27T11:16:44.2033990Z + python -m pip wheel /Users/runner/actions-runner/_work/python.build/python.build/build_lxml463311/lxml-4.6.3 --wheel-dir=/private/var/folders/51/hd414ycd67n82196sw51xqtc0000gn/T/cibw-run-wswu6mp8/cp311-macosx_arm64/built_wheel --no-deps -vvv
2022-12-27T11:16:44.6163490Z Created temporary directory: /private/var/folders/51/hd414ycd67n82196sw51xqtc0000gn/T/pip-ephem-wheel-cache-ab7hwfd6
2022-12-27T11:16:44.6168020Z Created temporary directory: /private/var/folders/51/hd414ycd67n82196sw51xqtc0000gn/T/pip-build-tracker-n5z9v3j7
2022-12-27T11:16:44.6170020Z Initialized build tracking at /private/var/folders/51/hd414ycd67n82196sw51xqtc0000gn/T/pip-build-tracker-n5z9v3j7
2022-12-27T11:16:44.6172050Z Created build tracker: /private/var/folders/51/hd414ycd67n82196sw51xqtc0000gn/T/pip-build-tracker-n5z9v3j7
2022-12-27T11:16:44.6174480Z Entered build tracker: /private/var/folders/51/hd414ycd67n82196sw51xqtc0000gn/T/pip-build-tracker-n5z9v3j7
2022-12-27T11:16:44.6181280Z Created temporary directory: /private/var/folders/51/hd414ycd67n82196sw51xqtc0000gn/T/pip-wheel-5sodrhk6
2022-12-27T11:16:44.6189990Z Created temporary directory: /private/var/folders/51/hd414ycd67n82196sw51xqtc0000gn/T/pip-ephem-wheel-cache-c6c2x801
2022-12-27T11:16:44.6317770Z Processing /Users/runner/actions-runner/_work/python.build/python.build/build_lxml463311/lxml-4.6.3
2022-12-27T11:16:44.6324930Z   Added file:///Users/runner/actions-runner/_work/python.build/python.build/build_lxml463311/lxml-4.6.3 to build tracker '/private/var/folders/51/hd414ycd67n82196sw51xqtc0000gn/T/pip-build-tracker-n5z9v3j7'
2022-12-27T11:16:44.6330140Z   Running setup.py (path:/Users/runner/actions-runner/_work/python.build/python.build/build_lxml463311/lxml-4.6.3/setup.py) egg_info for package from file:///Users/runner/actions-runner/_work/python.build/python.build/build_lxml463311/lxml-4.6.3
2022-12-27T11:16:44.6334910Z   Created temporary directory: /private/var/folders/51/hd414ycd67n82196sw51xqtc0000gn/T/pip-pip-egg-info-f01es8ft
2022-12-27T11:16:44.6337130Z   Preparing metadata (setup.py): started
2022-12-27T11:16:44.6340150Z   Running command python setup.py egg_info
2022-12-27T11:16:45.2392810Z   Building lxml version 4.6.3.
2022-12-27T11:16:45.2393790Z   Building without Cython.
2022-12-27T11:16:45.2396870Z   Building against libxml2 2.9.4 and libxslt 1.1.29
2022-12-27T11:16:45.2398680Z   Building against libxml2/libxslt in the following directory: /Library/Developer/CommandLineTools/SDKs/MacOSX12.1.sdk/usr/lib
2022-12-27T11:16:45.2399780Z   running egg_info
2022-12-27T11:16:45.2402530Z   creating /private/var/folders/51/hd414ycd67n82196sw51xqtc0000gn/T/pip-pip-egg-info-f01es8ft/lxml.egg-info
2022-12-27T11:16:45.2404730Z   writing /private/var/folders/51/hd414ycd67n82196sw51xqtc0000gn/T/pip-pip-egg-info-f01es8ft/lxml.egg-info/PKG-INFO
2022-12-27T11:16:45.2408440Z   writing dependency_links to /private/var/folders/51/hd414ycd67n82196sw51xqtc0000gn/T/pip-pip-egg-info-f01es8ft/lxml.egg-info/dependency_links.txt
2022-12-27T11:16:45.2415690Z   writing requirements to /private/var/folders/51/hd414ycd67n82196sw51xqtc0000gn/T/pip-pip-egg-info-f01es8ft/lxml.egg-info/requires.txt
2022-12-27T11:16:45.2420920Z   writing top-level names to /private/var/folders/51/hd414ycd67n82196sw51xqtc0000gn/T/pip-pip-egg-info-f01es8ft/lxml.egg-info/top_level.txt
2022-12-27T11:16:45.2422460Z   writing manifest file '/private/var/folders/51/hd414ycd67n82196sw51xqtc0000gn/T/pip-pip-egg-info-f01es8ft/lxml.egg-info/SOURCES.txt'
2022-12-27T11:16:45.2579900Z   reading manifest file '/private/var/folders/51/hd414ycd67n82196sw51xqtc0000gn/T/pip-pip-egg-info-f01es8ft/lxml.egg-info/SOURCES.txt'
2022-12-27T11:16:45.2582020Z   reading manifest template 'MANIFEST.in'
2022-12-27T11:16:45.4048310Z   adding license file 'LICENSES.txt'
2022-12-27T11:16:45.4114320Z   writing manifest file '/private/var/folders/51/hd414ycd67n82196sw51xqtc0000gn/T/pip-pip-egg-info-f01es8ft/lxml.egg-info/SOURCES.txt'
2022-12-27T11:16:45.4737390Z   Preparing metadata (setup.py): finished with status 'done'
2022-12-27T11:16:45.4780230Z   Source in /Users/runner/actions-runner/_work/python.build/python.build/build_lxml463311/lxml-4.6.3 has version 4.6.3, which satisfies requirement lxml==4.6.3 from file:///Users/runner/actions-runner/_work/python.build/python.build/build_lxml463311/lxml-4.6.3
2022-12-27T11:16:45.4784620Z   Removed lxml==4.6.3 from file:///Users/runner/actions-runner/_work/python.build/python.build/build_lxml463311/lxml-4.6.3 from build tracker '/private/var/folders/51/hd414ycd67n82196sw51xqtc0000gn/T/pip-build-tracker-n5z9v3j7'
2022-12-27T11:16:45.5075850Z Created temporary directory: /private/var/folders/51/hd414ycd67n82196sw51xqtc0000gn/T/pip-unpack-5bp2wqgw
2022-12-27T11:16:45.5077090Z Building wheels for collected packages: lxml
2022-12-27T11:16:45.5086750Z   Created temporary directory: /private/var/folders/51/hd414ycd67n82196sw51xqtc0000gn/T/pip-wheel-rtaqejkk
2022-12-27T11:16:45.5087750Z   Building wheel for lxml (setup.py): started
2022-12-27T11:16:45.5090510Z   Destination directory: /private/var/folders/51/hd414ycd67n82196sw51xqtc0000gn/T/pip-wheel-rtaqejkk
2022-12-27T11:16:45.5092250Z   Running command python setup.py bdist_wheel
2022-12-27T11:16:45.7391510Z   Building lxml version 4.6.3.
2022-12-27T11:16:45.7392810Z   Building without Cython.
2022-12-27T11:16:45.7983420Z   Building against libxml2 2.9.4 and libxslt 1.1.29
2022-12-27T11:16:46.0917010Z   Building against libxml2/libxslt in the following directory: /Library/Developer/CommandLineTools/SDKs/MacOSX12.1.sdk/usr/lib
2022-12-27T11:16:46.1301800Z   running bdist_wheel
2022-12-27T11:16:46.1363950Z   running build
2022-12-27T11:16:46.1364430Z   running build_py
2022-12-27T11:16:46.1391910Z   creating build
2022-12-27T11:16:46.1396740Z   creating build/lib.macosx-11.0-arm64-cpython-311
2022-12-27T11:16:46.1400350Z   creating build/lib.macosx-11.0-arm64-cpython-311/lxml
2022-12-27T11:16:46.1402760Z   copying src/lxml/_elementpath.py -> build/lib.macosx-11.0-arm64-cpython-311/lxml
2022-12-27T11:16:46.1405430Z   copying src/lxml/sax.py -> build/lib.macosx-11.0-arm64-cpython-311/lxml
2022-12-27T11:16:46.1407540Z   copying src/lxml/pyclasslookup.py -> build/lib.macosx-11.0-arm64-cpython-311/lxml
2022-12-27T11:16:46.1409800Z   copying src/lxml/__init__.py -> build/lib.macosx-11.0-arm64-cpython-311/lxml
2022-12-27T11:16:46.1414610Z   copying src/lxml/builder.py -> build/lib.macosx-11.0-arm64-cpython-311/lxml
2022-12-27T11:16:46.1416530Z   copying src/lxml/doctestcompare.py -> build/lib.macosx-11.0-arm64-cpython-311/lxml
2022-12-27T11:16:46.1420910Z   copying src/lxml/usedoctest.py -> build/lib.macosx-11.0-arm64-cpython-311/lxml
2022-12-27T11:16:46.1425610Z   copying src/lxml/cssselect.py -> build/lib.macosx-11.0-arm64-cpython-311/lxml
2022-12-27T11:16:46.1429230Z   copying src/lxml/ElementInclude.py -> build/lib.macosx-11.0-arm64-cpython-311/lxml
2022-12-27T11:16:46.1435230Z   creating build/lib.macosx-11.0-arm64-cpython-311/lxml/includes
2022-12-27T11:16:46.1437990Z   copying src/lxml/includes/__init__.py -> build/lib.macosx-11.0-arm64-cpython-311/lxml/includes
2022-12-27T11:16:46.1447750Z   creating build/lib.macosx-11.0-arm64-cpython-311/lxml/html
2022-12-27T11:16:46.1450040Z   copying src/lxml/html/soupparser.py -> build/lib.macosx-11.0-arm64-cpython-311/lxml/html
2022-12-27T11:16:46.1460030Z   copying src/lxml/html/defs.py -> build/lib.macosx-11.0-arm64-cpython-311/lxml/html
2022-12-27T11:16:46.1464090Z   copying src/lxml/html/_setmixin.py -> build/lib.macosx-11.0-arm64-cpython-311/lxml/html
2022-12-27T11:16:46.1466280Z   copying src/lxml/html/clean.py -> build/lib.macosx-11.0-arm64-cpython-311/lxml/html
2022-12-27T11:16:46.1467620Z   copying src/lxml/html/_diffcommand.py -> build/lib.macosx-11.0-arm64-cpython-311/lxml/html
2022-12-27T11:16:46.1468950Z   copying src/lxml/html/html5parser.py -> build/lib.macosx-11.0-arm64-cpython-311/lxml/html
2022-12-27T11:16:46.1473840Z   copying src/lxml/html/__init__.py -> build/lib.macosx-11.0-arm64-cpython-311/lxml/html
2022-12-27T11:16:46.1476970Z   copying src/lxml/html/formfill.py -> build/lib.macosx-11.0-arm64-cpython-311/lxml/html
2022-12-27T11:16:46.1481350Z   copying src/lxml/html/builder.py -> build/lib.macosx-11.0-arm64-cpython-311/lxml/html
2022-12-27T11:16:46.1484670Z   copying src/lxml/html/ElementSoup.py -> build/lib.macosx-11.0-arm64-cpython-311/lxml/html
2022-12-27T11:16:46.1488470Z   copying src/lxml/html/_html5builder.py -> build/lib.macosx-11.0-arm64-cpython-311/lxml/html
2022-12-27T11:16:46.1492330Z   copying src/lxml/html/usedoctest.py -> build/lib.macosx-11.0-arm64-cpython-311/lxml/html
2022-12-27T11:16:46.1496540Z   copying src/lxml/html/diff.py -> build/lib.macosx-11.0-arm64-cpython-311/lxml/html
2022-12-27T11:16:46.1502160Z   creating build/lib.macosx-11.0-arm64-cpython-311/lxml/isoschematron
2022-12-27T11:16:46.1504840Z   copying src/lxml/isoschematron/__init__.py -> build/lib.macosx-11.0-arm64-cpython-311/lxml/isoschematron
2022-12-27T11:16:46.1548970Z   copying src/lxml/etree.h -> build/lib.macosx-11.0-arm64-cpython-311/lxml
2022-12-27T11:16:46.1683170Z   copying src/lxml/etree_api.h -> build/lib.macosx-11.0-arm64-cpython-311/lxml
2022-12-27T11:16:46.1684320Z   copying src/lxml/lxml.etree.h -> build/lib.macosx-11.0-arm64-cpython-311/lxml
2022-12-27T11:16:46.1685360Z   copying src/lxml/lxml.etree_api.h -> build/lib.macosx-11.0-arm64-cpython-311/lxml
2022-12-27T11:16:46.1686380Z   copying src/lxml/includes/xmlerror.pxd -> build/lib.macosx-11.0-arm64-cpython-311/lxml/includes
2022-12-27T11:16:46.1687190Z   copying src/lxml/includes/c14n.pxd -> build/lib.macosx-11.0-arm64-cpython-311/lxml/includes
2022-12-27T11:16:46.1688310Z   copying src/lxml/includes/xmlschema.pxd -> build/lib.macosx-11.0-arm64-cpython-311/lxml/includes
2022-12-27T11:16:46.1689330Z   copying src/lxml/includes/__init__.pxd -> build/lib.macosx-11.0-arm64-cpython-311/lxml/includes
2022-12-27T11:16:46.1690300Z   copying src/lxml/includes/schematron.pxd -> build/lib.macosx-11.0-arm64-cpython-311/lxml/includes
2022-12-27T11:16:46.1691110Z   copying src/lxml/includes/tree.pxd -> build/lib.macosx-11.0-arm64-cpython-311/lxml/includes
2022-12-27T11:16:46.1691920Z   copying src/lxml/includes/uri.pxd -> build/lib.macosx-11.0-arm64-cpython-311/lxml/includes
2022-12-27T11:16:46.1692900Z   copying src/lxml/includes/etreepublic.pxd -> build/lib.macosx-11.0-arm64-cpython-311/lxml/includes
2022-12-27T11:16:46.1693790Z   copying src/lxml/includes/xpath.pxd -> build/lib.macosx-11.0-arm64-cpython-311/lxml/includes
2022-12-27T11:16:46.1694590Z   copying src/lxml/includes/htmlparser.pxd -> build/lib.macosx-11.0-arm64-cpython-311/lxml/includes
2022-12-27T11:16:46.1695400Z   copying src/lxml/includes/xslt.pxd -> build/lib.macosx-11.0-arm64-cpython-311/lxml/includes
2022-12-27T11:16:46.1696720Z   copying src/lxml/includes/config.pxd -> build/lib.macosx-11.0-arm64-cpython-311/lxml/includes
2022-12-27T11:16:46.1697310Z   copying src/lxml/includes/xmlparser.pxd -> build/lib.macosx-11.0-arm64-cpython-311/lxml/includes
2022-12-27T11:16:46.1697940Z   copying src/lxml/includes/xinclude.pxd -> build/lib.macosx-11.0-arm64-cpython-311/lxml/includes
2022-12-27T11:16:46.1698570Z   copying src/lxml/includes/dtdvalid.pxd -> build/lib.macosx-11.0-arm64-cpython-311/lxml/includes
2022-12-27T11:16:46.1699190Z   copying src/lxml/includes/relaxng.pxd -> build/lib.macosx-11.0-arm64-cpython-311/lxml/includes
2022-12-27T11:16:46.1699760Z   copying src/lxml/includes/lxml-version.h -> build/lib.macosx-11.0-arm64-cpython-311/lxml/includes
2022-12-27T11:16:46.1700520Z   copying src/lxml/includes/etree_defs.h -> build/lib.macosx-11.0-arm64-cpython-311/lxml/includes
2022-12-27T11:16:46.1701150Z   creating build/lib.macosx-11.0-arm64-cpython-311/lxml/isoschematron/resources
2022-12-27T11:16:46.1701780Z   creating build/lib.macosx-11.0-arm64-cpython-311/lxml/isoschematron/resources/rng
2022-12-27T11:16:46.1702440Z   copying src/lxml/isoschematron/resources/rng/iso-schematron.rng -> build/lib.macosx-11.0-arm64-cpython-311/lxml/isoschematron/resources/rng
2022-12-27T11:16:46.1703120Z   creating build/lib.macosx-11.0-arm64-cpython-311/lxml/isoschematron/resources/xsl
2022-12-27T11:16:46.1703910Z   copying src/lxml/isoschematron/resources/xsl/XSD2Schtrn.xsl -> build/lib.macosx-11.0-arm64-cpython-311/lxml/isoschematron/resources/xsl
2022-12-27T11:16:46.1704680Z   copying src/lxml/isoschematron/resources/xsl/RNG2Schtrn.xsl -> build/lib.macosx-11.0-arm64-cpython-311/lxml/isoschematron/resources/xsl
2022-12-27T11:16:46.1705700Z   creating build/lib.macosx-11.0-arm64-cpython-311/lxml/isoschematron/resources/xsl/iso-schematron-xslt1
2022-12-27T11:16:46.1706860Z   copying src/lxml/isoschematron/resources/xsl/iso-schematron-xslt1/iso_abstract_expand.xsl -> build/lib.macosx-11.0-arm64-cpython-311/lxml/isoschematron/resources/xsl/iso-schematron-xslt1
2022-12-27T11:16:46.1707860Z   copying src/lxml/isoschematron/resources/xsl/iso-schematron-xslt1/iso_dsdl_include.xsl -> build/lib.macosx-11.0-arm64-cpython-311/lxml/isoschematron/resources/xsl/iso-schematron-xslt1
2022-12-27T11:16:46.1709520Z   copying src/lxml/isoschematron/resources/xsl/iso-schematron-xslt1/iso_schematron_skeleton_for_xslt1.xsl -> build/lib.macosx-11.0-arm64-cpython-311/lxml/isoschematron/resources/xsl/iso-schematron-xslt1
2022-12-27T11:16:46.1710950Z   copying src/lxml/isoschematron/resources/xsl/iso-schematron-xslt1/iso_svrl_for_xslt1.xsl -> build/lib.macosx-11.0-arm64-cpython-311/lxml/isoschematron/resources/xsl/iso-schematron-xslt1
2022-12-27T11:16:46.1712300Z   copying src/lxml/isoschematron/resources/xsl/iso-schematron-xslt1/iso_schematron_message.xsl -> build/lib.macosx-11.0-arm64-cpython-311/lxml/isoschematron/resources/xsl/iso-schematron-xslt1
2022-12-27T11:16:46.1713390Z   copying src/lxml/isoschematron/resources/xsl/iso-schematron-xslt1/readme.txt -> build/lib.macosx-11.0-arm64-cpython-311/lxml/isoschematron/resources/xsl/iso-schematron-xslt1
2022-12-27T11:16:46.1713930Z   running build_ext
2022-12-27T11:16:46.1761380Z   building 'lxml.etree' extension
2022-12-27T11:16:46.1763350Z   creating build/temp.macosx-11.0-arm64-cpython-311
2022-12-27T11:16:46.1766200Z   creating build/temp.macosx-11.0-arm64-cpython-311/src
2022-12-27T11:16:46.1769400Z   creating build/temp.macosx-11.0-arm64-cpython-311/src/lxml
2022-12-27T11:16:46.1773310Z   clang -Wsign-compare -Wunreachable-code -fno-common -dynamic -DNDEBUG -g -fwrapv -O3 -Wall -g -I/usr/local/opt/openssl@3/include -I/usr/local/opt/openssl@3/include -arch arm64 -DCYTHON_CLINE_IN_TRACEBACK=0 -I/Library/Developer/CommandLineTools/SDKs/MacOSX12.1.sdk/usr/include -Isrc -Isrc/lxml/includes -I/private/var/folders/51/hd414ycd67n82196sw51xqtc0000gn/T/cibw-run-wswu6mp8/cp311-macosx_arm64/build/venv/include -I/Library/Frameworks/Python.framework/Versions/3.11/include/python3.11 -c src/lxml/etree.c -o build/temp.macosx-11.0-arm64-cpython-311/src/lxml/etree.o -w -flat_namespace
2022-12-27T11:16:46.3137960Z   src/lxml/etree.c:289:12: fatal error: 'longintrepr.h' file not found
2022-12-27T11:16:46.3142670Z     #include "longintrepr.h"
2022-12-27T11:16:46.3143340Z              ^~~~~~~~~~~~~~~
2022-12-27T11:16:48.0648830Z   1 error generated.
2022-12-27T11:16:48.0726510Z   Compile failed: command '/usr/bin/clang' failed with exit code 1
2022-12-27T11:16:48.2627920Z   creating var
2022-12-27T11:16:48.2630440Z   creating var/folders
2022-12-27T11:16:48.2634040Z   creating var/folders/51
2022-12-27T11:16:48.2636790Z   creating var/folders/51/hd414ycd67n82196sw51xqtc0000gn
2022-12-27T11:16:48.2640160Z   creating var/folders/51/hd414ycd67n82196sw51xqtc0000gn/T
2022-12-27T11:16:48.2642920Z   cc -arch arm64 -I/Library/Developer/CommandLineTools/SDKs/MacOSX12.1.sdk/usr/include -I/usr/include/libxml2 -c /var/folders/51/hd414ycd67n82196sw51xqtc0000gn/T/xmlXPathInit4ohzg_26.c -o var/folders/51/hd414ycd67n82196sw51xqtc0000gn/T/xmlXPathInit4ohzg_26.o
2022-12-27T11:16:48.3460740Z   cc -arch arm64 var/folders/51/hd414ycd67n82196sw51xqtc0000gn/T/xmlXPathInit4ohzg_26.o -L/Library/Developer/CommandLineTools/SDKs/MacOSX12.1.sdk/usr/lib -lxml2 -o a.out
2022-12-27T11:16:48.4212720Z   error: command '/usr/bin/clang' failed with exit code 1
2022-12-27T11:16:48.4966970Z   error: subprocess-exited-with-error
2022-12-27T11:16:48.4967610Z   
2022-12-27T11:16:48.4968560Z   Ã— python setup.py bdist_wheel did not run successfully.
2022-12-27T11:16:48.4969270Z   â”‚ exit code: 1
2022-12-27T11:16:48.4969790Z   â•°â”€> See above for output.
2022-12-27T11:16:48.4970420Z   
2022-12-27T11:16:48.4971180Z   note: This error originates from a subprocess, and is likely not a problem with pip.
2022-12-27T11:16:48.4977600Z   full command: /private/var/folders/51/hd414ycd67n82196sw51xqtc0000gn/T/cibw-run-wswu6mp8/cp311-macosx_arm64/build/venv/bin/python -u -c '
2022-12-27T11:16:48.4978670Z   exec(compile('"'"''"'"''"'"'
2022-12-27T11:16:48.4979680Z   # This is <pip-setuptools-caller> -- a caller that pip uses to run setup.py
2022-12-27T11:16:48.4980230Z   #
2022-12-27T11:16:48.4980860Z   # - It imports setuptools before invoking setup.py, to enable projects that directly
2022-12-27T11:16:48.4981450Z   #   import from `distutils.core` to work with newer packaging standards.
2022-12-27T11:16:48.4982110Z   # - It provides a clear error message when setuptools is not installed.
2022-12-27T11:16:48.4982670Z   # - It sets `sys.argv[0]` to the underlying `setup.py`, when invoking `setup.py` so
2022-12-27T11:16:48.4983190Z   #   setuptools doesn'"'"'t think the script is `-c`. This avoids the following warning:
2022-12-27T11:16:48.4983630Z   #     manifest_maker: standard file '"'"'-c'"'"' not found".
2022-12-27T11:16:48.4984090Z   # - It generates a shim setup.py, for handling setup.cfg-only projects.
2022-12-27T11:16:48.4984440Z   import os, sys, tokenize
2022-12-27T11:16:48.4984680Z   
2022-12-27T11:16:48.4984970Z   try:
2022-12-27T11:16:48.4985260Z       import setuptools
2022-12-27T11:16:48.4985550Z   except ImportError as error:
2022-12-27T11:16:48.4985830Z       print(
2022-12-27T11:16:48.4987160Z           "ERROR: Can not execute `setup.py` since setuptools is not available in "
2022-12-27T11:16:48.4987510Z           "the build environment.",
2022-12-27T11:16:48.4987860Z           file=sys.stderr,
2022-12-27T11:16:48.4988240Z       )
2022-12-27T11:16:48.4988510Z       sys.exit(1)
2022-12-27T11:16:48.4989470Z   
2022-12-27T11:16:48.4989780Z   __file__ = %r
2022-12-27T11:16:48.4990040Z   sys.argv[0] = __file__
2022-12-27T11:16:48.4990390Z   
2022-12-27T11:16:48.4990760Z   if os.path.exists(__file__):
2022-12-27T11:16:48.4991050Z       filename = __file__
2022-12-27T11:16:48.4991390Z       with tokenize.open(__file__) as f:
2022-12-27T11:16:48.4991740Z           setup_py_code = f.read()
2022-12-27T11:16:48.4991980Z   else:
2022-12-27T11:16:48.4992520Z       filename = "<auto-generated setuptools caller>"
2022-12-27T11:16:48.4993300Z       setup_py_code = "from setuptools import setup; setup()"
2022-12-27T11:16:48.4993720Z   
2022-12-27T11:16:48.4993990Z   exec(compile(setup_py_code, filename, "exec"))
2022-12-27T11:16:48.4994960Z   '"'"''"'"''"'"' % ('"'"'/Users/runner/actions-runner/_work/python.build/python.build/build_lxml463311/lxml-4.6.3/setup.py'"'"',), "<pip-setuptools-caller>", "exec"))' bdist_wheel -d /private/var/folders/51/hd414ycd67n82196sw51xqtc0000gn/T/pip-wheel-rtaqejkk
2022-12-27T11:16:48.4995910Z   cwd: /Users/runner/actions-runner/_work/python.build/python.build/build_lxml463311/lxml-4.6.3/
2022-12-27T11:16:48.4996290Z   ERROR: Failed building wheel for lxml
2022-12-27T11:16:48.4996800Z   Building wheel for lxml (setup.py): finished with status 'error'
2022-12-27T11:16:48.4997220Z   Running command python setup.py clean
2022-12-27T11:16:48.4997680Z   Running setup.py clean for lxml
2022-12-27T11:16:48.7271270Z   Building lxml version 4.6.3.
2022-12-27T11:16:48.7272090Z   Building without Cython.
2022-12-27T11:16:48.7858790Z   Building against libxml2 2.9.4 and libxslt 1.1.29
2022-12-27T11:16:49.0830680Z   Building against libxml2/libxslt in the following directory: /Library/Developer/CommandLineTools/SDKs/MacOSX12.1.sdk/usr/lib
2022-12-27T11:16:49.1068470Z   running clean
2022-12-27T11:16:49.1110890Z   removing 'build/temp.macosx-11.0-arm64-cpython-311' (and everything under it)
2022-12-27T11:16:49.1114100Z   removing 'build/lib.macosx-11.0-arm64-cpython-311' (and everything under it)
2022-12-27T11:16:49.1202060Z   'build/bdist.macosx-11.0-arm64' does not exist -- can't clean it
2022-12-27T11:16:49.1203910Z   'build/scripts-3.11' does not exist -- can't clean it
2022-12-27T11:16:49.1205700Z   removing 'build'
2022-12-27T11:16:49.1856340Z Failed to build lxml
2022-12-27T11:16:49.1861580Z ERROR: Failed to build one or more wheels
2022-12-27T11:16:49.1886730Z Exception information:
2022-12-27T11:16:49.1887770Z Traceback (most recent call last):
2022-12-27T11:16:49.1901890Z   File "/private/var/folders/51/hd414ycd67n82196sw51xqtc0000gn/T/cibw-run-wswu6mp8/cp311-macosx_arm64/build/venv/lib/python3.11/site-packages/pip/_internal/cli/base_command.py", line 160, in exc_logging_wrapper
2022-12-27T11:16:49.1902710Z     status = run_func(*args)
2022-12-27T11:16:49.1902960Z              ^^^^^^^^^^^^^^^
2022-12-27T11:16:49.1903940Z   File "/private/var/folders/51/hd414ycd67n82196sw51xqtc0000gn/T/cibw-run-wswu6mp8/cp311-macosx_arm64/build/venv/lib/python3.11/site-packages/pip/_internal/cli/req_command.py", line 247, in wrapper
2022-12-27T11:16:49.1904490Z     return func(self, options, args)
2022-12-27T11:16:49.1904860Z            ^^^^^^^^^^^^^^^^^^^^^^^^^
2022-12-27T11:16:49.1905480Z   File "/private/var/folders/51/hd414ycd67n82196sw51xqtc0000gn/T/cibw-run-wswu6mp8/cp311-macosx_arm64/build/venv/lib/python3.11/site-packages/pip/_internal/commands/wheel.py", line 201, in run
2022-12-27T11:16:49.1906030Z     raise CommandError("Failed to build one or more wheels")
2022-12-27T11:16:49.1906480Z pip._internal.exceptions.CommandError: Failed to build one or more wheels
2022-12-27T11:16:49.1907260Z Removed build tracker: '/private/var/folders/51/hd414ycd67n82196sw51xqtc0000gn/T/pip-build-tracker-n5z9v3j7'
2022-12-27T11:16:49.2817890Z ##[error]Command ['python', '-m', 'pip', 'wheel', '/Users/runner/actions-runner/_work/python.build/python.build/build_lxml463311/lxml-4.6.3', '--wheel-dir=/private/var/folders/51/hd414ycd67n82196sw51xqtc0000gn/T/cibw-run-wswu6mp8/cp311-macosx_arm64/built_wheel', '--no-deps', '-vvv'] failed with code 1. None
2022-12-27T11:16:49.2827340Z ##[endgroup]
2022-12-27T11:16:49.2827530Z 
2022-12-27T11:16:49.2827960Z                                                               [31mâœ• [0m5.08s
2022-12-27T11:16:49.3629450Z ##[error]Process completed with exit code 1.
2022-12-27T11:16:49.3685050Z ##[group]Run rm -rf build_lxml463311 wheelsout
2022-12-27T11:16:49.3685520Z [36;1mrm -rf build_lxml463311 wheelsout[0m
2022-12-27T11:16:49.3716290Z shell: /bin/bash -e {0}
2022-12-27T11:16:49.3716620Z env:
2022-12-27T11:16:49.3717400Z   pythonLocation: /Users/runner/hostedtoolcache/Python/3.11.1/x64
2022-12-27T11:16:49.3717870Z   PKG_CONFIG_PATH: /Users/runner/hostedtoolcache/Python/3.11.1/x64/lib/pkgconfig
2022-12-27T11:16:49.3718270Z   Python_ROOT_DIR: /Users/runner/hostedtoolcache/Python/3.11.1/x64
2022-12-27T11:16:49.3718700Z   Python2_ROOT_DIR: /Users/runner/hostedtoolcache/Python/3.11.1/x64
2022-12-27T11:16:49.3719080Z   Python3_ROOT_DIR: /Users/runner/hostedtoolcache/Python/3.11.1/x64
2022-12-27T11:16:49.3719370Z ##[endgroup]
2022-12-27T11:16:49.4504070Z Cleaning up orphan processes
