2022-12-27T08:49:20.6530616Z Requested labels: self-hosted, macOS, X64
2022-12-27T08:49:20.6530731Z Job defined at: kilnbuild/python.build/.github/workflows/mac_arm_build.yml@refs/heads/main
2022-12-27T08:49:20.6530763Z Waiting for a runner to pick up this job...
2022-12-27T11:15:44.2555018Z Job is about to start running on the runner: s1 (organization)
2022-12-27T11:15:48.4042840Z Current runner version: '2.300.2'
2022-12-27T11:15:48.4048000Z Runner name: 's1'
2022-12-27T11:15:48.4048250Z Runner group name: 'Default'
2022-12-27T11:15:48.4048690Z Machine name: 's1'
2022-12-27T11:15:48.4050370Z ##[group]GITHUB_TOKEN Permissions
2022-12-27T11:15:48.4050820Z Actions: write
2022-12-27T11:15:48.4050970Z Checks: write
2022-12-27T11:15:48.4051100Z Contents: write
2022-12-27T11:15:48.4051230Z Deployments: write
2022-12-27T11:15:48.4051380Z Discussions: write
2022-12-27T11:15:48.4051520Z Issues: write
2022-12-27T11:15:48.4051650Z Metadata: read
2022-12-27T11:15:48.4051780Z Packages: write
2022-12-27T11:15:48.4051920Z Pages: write
2022-12-27T11:15:48.4052050Z PullRequests: write
2022-12-27T11:15:48.4052220Z RepositoryProjects: write
2022-12-27T11:15:48.4052370Z SecurityEvents: write
2022-12-27T11:15:48.4052510Z Statuses: write
2022-12-27T11:15:48.4052650Z ##[endgroup]
2022-12-27T11:15:48.4055250Z Secret source: Actions
2022-12-27T11:15:48.4055590Z Prepare workflow directory
2022-12-27T11:15:48.4738490Z Prepare all required actions
2022-12-27T11:15:48.4858490Z Getting action download info
2022-12-27T11:15:48.9366560Z Download action repository 'actions/setup-python@v4' (SHA:5ccb29d8773c3f3f653e1705f474dfaa8a06a912)
2022-12-27T11:15:50.6962780Z Download action repository 'actions/upload-artifact@v3' (SHA:83fd05a356d7e2593de66fc9913b3002723633cb)
2022-12-27T11:15:52.9886640Z ##[group]Run echo '{
2022-12-27T11:15:52.9887000Z [36;1mecho '{[0m
2022-12-27T11:15:52.9887160Z [36;1m  "package_name": "lxml",[0m
2022-12-27T11:15:52.9887430Z [36;1m  "package_url": "https://files.pythonhosted.org/packages/65/6f/d070609b415f4a24bf36b7deb94bfd791e8d023c0dbf4233659af53fe0ab/lxml-4.3.2.tar.gz",[0m
2022-12-27T11:15:52.9887700Z [36;1m  "package_version": "4.3.2",[0m
2022-12-27T11:15:52.9887880Z [36;1m  "python_version": "3.11",[0m
2022-12-27T11:15:52.9888020Z [36;1m  "use_ccache": "true"[0m
2022-12-27T11:15:52.9888160Z [36;1m}'[0m
2022-12-27T11:15:52.9904040Z shell: /bin/bash -e {0}
2022-12-27T11:15:52.9904250Z ##[endgroup]
2022-12-27T11:15:53.0124130Z {
2022-12-27T11:15:53.0125530Z   "package_name": "lxml",
2022-12-27T11:15:53.0126140Z   "package_url": "https://files.pythonhosted.org/packages/65/6f/d070609b415f4a24bf36b7deb94bfd791e8d023c0dbf4233659af53fe0ab/lxml-4.3.2.tar.gz",
2022-12-27T11:15:53.0126440Z   "package_version": "4.3.2",
2022-12-27T11:15:53.0126740Z   "python_version": "3.11",
2022-12-27T11:15:53.0126900Z   "use_ccache": "true"
2022-12-27T11:15:53.0127120Z }
2022-12-27T11:15:53.0352300Z ##[group]Run actions/setup-python@v4
2022-12-27T11:15:53.0352650Z with:
2022-12-27T11:15:53.0352850Z   python-version: 3.11
2022-12-27T11:15:53.0353010Z   check-latest: false
2022-12-27T11:15:53.0353310Z   token: ***
2022-12-27T11:15:53.0353500Z   update-environment: true
2022-12-27T11:15:53.0353790Z ##[endgroup]
2022-12-27T11:15:53.1589520Z ##[group]Installed versions
2022-12-27T11:15:53.1629790Z Successfully set up CPython (3.11.1)
2022-12-27T11:15:53.1630810Z ##[endgroup]
2022-12-27T11:15:53.1778510Z ##[group]Run if [ "true" == "true" ]
2022-12-27T11:15:53.1778890Z [36;1mif [ "true" == "true" ][0m
2022-12-27T11:15:53.1779100Z [36;1mthen[0m
2022-12-27T11:15:53.1779290Z [36;1m  echo "CCACHE_PATH_PREPEND=/usr/local/opt/ccache/libexec" >> $GITHUB_OUTPUT[0m
2022-12-27T11:15:53.1779490Z [36;1melse[0m
2022-12-27T11:15:53.1779680Z [36;1m  echo "CCACHE_PATH_PREPEND=" >> $GITHUB_OUTPUT[0m
2022-12-27T11:15:53.1779860Z [36;1mfi[0m
2022-12-27T11:15:53.1797950Z shell: /bin/bash -e {0}
2022-12-27T11:15:53.1798180Z env:
2022-12-27T11:15:53.1798390Z   pythonLocation: /Users/runner/hostedtoolcache/Python/3.11.1/x64
2022-12-27T11:15:53.1798860Z   PKG_CONFIG_PATH: /Users/runner/hostedtoolcache/Python/3.11.1/x64/lib/pkgconfig
2022-12-27T11:15:53.1799130Z   Python_ROOT_DIR: /Users/runner/hostedtoolcache/Python/3.11.1/x64
2022-12-27T11:15:53.1799340Z   Python2_ROOT_DIR: /Users/runner/hostedtoolcache/Python/3.11.1/x64
2022-12-27T11:15:53.1799630Z   Python3_ROOT_DIR: /Users/runner/hostedtoolcache/Python/3.11.1/x64
2022-12-27T11:15:53.1800240Z ##[endgroup]
2022-12-27T11:15:53.1907230Z ##[group]Run echo "BUILD_NAME=$(echo lxml_4.3.2_3.11 | tr -dc '[:alnum:]\n\r' | tr '[:upper:]' '[:lower:]')" >> $GITHUB_OUTPUT
2022-12-27T11:15:53.1907990Z [36;1mecho "BUILD_NAME=$(echo lxml_4.3.2_3.11 | tr -dc '[:alnum:]\n\r' | tr '[:upper:]' '[:lower:]')" >> $GITHUB_OUTPUT[0m
2022-12-27T11:15:53.1922690Z shell: /bin/bash -e {0}
2022-12-27T11:15:53.1922990Z env:
2022-12-27T11:15:53.1923220Z   pythonLocation: /Users/runner/hostedtoolcache/Python/3.11.1/x64
2022-12-27T11:15:53.1923560Z   PKG_CONFIG_PATH: /Users/runner/hostedtoolcache/Python/3.11.1/x64/lib/pkgconfig
2022-12-27T11:15:53.1923780Z   Python_ROOT_DIR: /Users/runner/hostedtoolcache/Python/3.11.1/x64
2022-12-27T11:15:53.1924030Z   Python2_ROOT_DIR: /Users/runner/hostedtoolcache/Python/3.11.1/x64
2022-12-27T11:15:53.1924340Z   Python3_ROOT_DIR: /Users/runner/hostedtoolcache/Python/3.11.1/x64
2022-12-27T11:15:53.1924510Z ##[endgroup]
2022-12-27T11:15:53.2066170Z ##[group]Run echo "PYTHON_NO_DOTS=$(echo 3.11 | tr -dc '[:alnum:]\n\r' | tr '[:upper:]' '[:lower:]')" >> $GITHUB_OUTPUT
2022-12-27T11:15:53.2066540Z [36;1mecho "PYTHON_NO_DOTS=$(echo 3.11 | tr -dc '[:alnum:]\n\r' | tr '[:upper:]' '[:lower:]')" >> $GITHUB_OUTPUT[0m
2022-12-27T11:15:53.2081500Z shell: /bin/bash -e {0}
2022-12-27T11:15:53.2081680Z env:
2022-12-27T11:15:53.2081890Z   pythonLocation: /Users/runner/hostedtoolcache/Python/3.11.1/x64
2022-12-27T11:15:53.2082120Z   PKG_CONFIG_PATH: /Users/runner/hostedtoolcache/Python/3.11.1/x64/lib/pkgconfig
2022-12-27T11:15:53.2082370Z   Python_ROOT_DIR: /Users/runner/hostedtoolcache/Python/3.11.1/x64
2022-12-27T11:15:53.2082610Z   Python2_ROOT_DIR: /Users/runner/hostedtoolcache/Python/3.11.1/x64
2022-12-27T11:15:53.2082780Z   Python3_ROOT_DIR: /Users/runner/hostedtoolcache/Python/3.11.1/x64
2022-12-27T11:15:53.2082960Z ##[endgroup]
2022-12-27T11:15:53.2192670Z ##[group]Run rm -rf build_lxml432311
2022-12-27T11:15:53.2193100Z [36;1mrm -rf build_lxml432311[0m
2022-12-27T11:15:53.2193340Z [36;1mmkdir build_lxml432311[0m
2022-12-27T11:15:53.2193600Z [36;1mcd build_lxml432311[0m
2022-12-27T11:15:53.2193970Z [36;1m/usr/local/bin/wget --quiet https://files.pythonhosted.org/packages/65/6f/d070609b415f4a24bf36b7deb94bfd791e8d023c0dbf4233659af53fe0ab/lxml-4.3.2.tar.gz[0m
2022-12-27T11:15:53.2194250Z [36;1mtar xf *.tar.gz[0m
2022-12-27T11:15:53.2194380Z [36;1mcd *[0m
2022-12-27T11:15:53.2194600Z [36;1mpython -m pip install cibuildwheel==2.11.3[0m
2022-12-27T11:15:53.2194830Z [36;1mpython -m cibuildwheel --output-dir ../wheelsout[0m
2022-12-27T11:15:53.2210080Z shell: /bin/bash -e {0}
2022-12-27T11:15:53.2210250Z env:
2022-12-27T11:15:53.2210520Z   pythonLocation: /Users/runner/hostedtoolcache/Python/3.11.1/x64
2022-12-27T11:15:53.2210780Z   PKG_CONFIG_PATH: /Users/runner/hostedtoolcache/Python/3.11.1/x64/lib/pkgconfig
2022-12-27T11:15:53.2211060Z   Python_ROOT_DIR: /Users/runner/hostedtoolcache/Python/3.11.1/x64
2022-12-27T11:15:53.2211270Z   Python2_ROOT_DIR: /Users/runner/hostedtoolcache/Python/3.11.1/x64
2022-12-27T11:15:53.2211530Z   Python3_ROOT_DIR: /Users/runner/hostedtoolcache/Python/3.11.1/x64
2022-12-27T11:15:53.2211730Z   CIBW_ARCHS_MACOS: arm64
2022-12-27T11:15:53.2211910Z   CIBW_TEST_SKIP: *_arm64
2022-12-27T11:15:53.2212060Z   CIBW_BUILD: cp311-macosx_arm64
2022-12-27T11:15:53.2212240Z   CIBW_BUILD_FRONTEND: pip
2022-12-27T11:15:53.2212450Z   CIBW_BUILD_VERBOSITY: 3
2022-12-27T11:15:53.2212740Z   CIBW_ENVIRONMENT_MACOS:  CFLAGS="-I/usr/local/opt/openssl@3/include" LDFLAGS="-L/usr/local/opt/openssl@3/lib" CPPFLAGS="-I/usr/local/opt/openssl@3/include" MAKEFLAGS="-j$(sysctl -n hw.logicalcpu)" PATH=/usr/local/opt/ccache/libexec:$PATH
2022-12-27T11:15:53.2213100Z   CIBW_BEFORE_BUILD: pip install Cython; if [[ -f requirements.txt ]]; then pip install -r requirements.txt; fi
2022-12-27T11:15:53.2213350Z   MAKEFLAGS: -j$(sysctl -n hw.logicalcpu)
2022-12-27T11:15:53.2213740Z ##[endgroup]
2022-12-27T11:15:53.7282000Z Requirement already satisfied: cibuildwheel==2.11.3 in /Library/Frameworks/Python.framework/Versions/3.11/lib/python3.11/site-packages (2.11.3)
2022-12-27T11:15:53.7592450Z Requirement already satisfied: bashlex!=0.13 in /Library/Frameworks/Python.framework/Versions/3.11/lib/python3.11/site-packages (from cibuildwheel==2.11.3) (0.16)
2022-12-27T11:15:53.7598900Z Requirement already satisfied: bracex in /Library/Frameworks/Python.framework/Versions/3.11/lib/python3.11/site-packages (from cibuildwheel==2.11.3) (2.3.post1)
2022-12-27T11:15:53.7605630Z Requirement already satisfied: certifi in /Library/Frameworks/Python.framework/Versions/3.11/lib/python3.11/site-packages (from cibuildwheel==2.11.3) (2022.12.7)
2022-12-27T11:15:53.7612400Z Requirement already satisfied: filelock in /Library/Frameworks/Python.framework/Versions/3.11/lib/python3.11/site-packages (from cibuildwheel==2.11.3) (3.8.2)
2022-12-27T11:15:53.7621990Z Requirement already satisfied: packaging>=20.9 in /Library/Frameworks/Python.framework/Versions/3.11/lib/python3.11/site-packages (from cibuildwheel==2.11.3) (22.0)
2022-12-27T11:15:53.7630300Z Requirement already satisfied: platformdirs in /Library/Frameworks/Python.framework/Versions/3.11/lib/python3.11/site-packages (from cibuildwheel==2.11.3) (2.6.0)
2022-12-27T11:15:53.9981300Z 
2022-12-27T11:15:53.9981750Z      _ _       _ _   _       _           _
2022-12-27T11:15:53.9982430Z  ___|_| |_ _ _|_| |_| |_ _ _| |_ ___ ___| |
2022-12-27T11:15:53.9983470Z |  _| | . | | | | | . | | | |   | -_| -_| |
2022-12-27T11:15:53.9983880Z |___|_|___|___|_|_|___|_____|_|_|___|___|_|
2022-12-27T11:15:53.9984090Z 
2022-12-27T11:15:53.9984500Z cibuildwheel version 2.11.3
2022-12-27T11:15:53.9984720Z 
2022-12-27T11:15:53.9984810Z Build options:
2022-12-27T11:15:53.9985170Z   platform: macos
2022-12-27T11:15:54.0091860Z   architectures: arm64[0m
2022-12-27T11:15:54.0092150Z   build_selector: 
2022-12-27T11:15:54.0093210Z     build_config: cp311-macosx_arm64
2022-12-27T11:15:54.0093450Z     skip_config: 
2022-12-27T11:15:54.0093760Z     requires_python: None
2022-12-27T11:15:54.0094100Z     prerelease_pythons: False[0m
2022-12-27T11:15:54.0094600Z   [38;5;244mcontainer_engine: docker[0m
2022-12-27T11:15:54.0095090Z   output_dir: /Users/runner/actions-runner/_work/python.build/python.build/build_lxml432311/wheelsout[0m
2022-12-27T11:15:54.0095750Z   package_dir: /Users/runner/actions-runner/_work/python.build/python.build/build_lxml432311/lxml-4.3.2[0m
2022-12-27T11:15:54.0096190Z   test_selector: 
2022-12-27T11:15:54.0096470Z     skip_config: *_arm64[0m
2022-12-27T11:15:54.0096790Z   [38;5;244mbefore_all: [0m
2022-12-27T11:15:54.0097210Z   before_build: pip install Cython; if [[ -f requirements.txt ]]; then pip install -r requirements.txt; fi[0m
2022-12-27T11:15:54.0097780Z   [38;5;244mbefore_test: [0m
2022-12-27T11:15:54.0098140Z   [38;5;244mbuild_frontend: pip[0m
2022-12-27T11:15:54.0098510Z   build_verbosity: 3[0m
2022-12-27T11:15:54.0098960Z   [38;5;244mconfig_settings: [0m
2022-12-27T11:15:54.0099230Z   [38;5;244mdependency_constraints: pinned[0m
2022-12-27T11:15:54.0099500Z   environment: 
2022-12-27T11:15:54.0099800Z     CFLAGS="-I/usr/local/opt/openssl@3/include"
2022-12-27T11:15:54.0100340Z     LDFLAGS="-L/usr/local/opt/openssl@3/lib"
2022-12-27T11:15:54.0100690Z     CPPFLAGS="-I/usr/local/opt/openssl@3/include"
2022-12-27T11:15:54.0101030Z     MAKEFLAGS="-j$(sysctl -n hw.logicalcpu)"
2022-12-27T11:15:54.0101350Z     PATH=/usr/local/opt/ccache/libexec:$PATH[0m
2022-12-27T11:15:54.0101620Z   [38;5;244mmanylinux_images: None[0m
2022-12-27T11:15:54.0102090Z   [38;5;244mmusllinux_images: None[0m
2022-12-27T11:15:54.0102500Z   [38;5;244mrepair_command: delocate-wheel --require-archs {delocate_archs} -w {dest_dir} -v {wheel}[0m
2022-12-27T11:15:54.0102810Z   [38;5;244mtest_command: [0m
2022-12-27T11:15:54.0103080Z   [38;5;244mtest_extras: [0m
2022-12-27T11:15:54.0103360Z   [38;5;244mtest_requires: [0m
2022-12-27T11:15:54.0103650Z 
2022-12-27T11:15:54.0103770Z Cache folder: /Users/runner/Library/Caches/cibuildwheel
2022-12-27T11:15:54.0107580Z 
2022-12-27T11:15:54.0107920Z Here we go!
2022-12-27T11:15:54.0108030Z 
2022-12-27T11:15:54.0154830Z 
2022-12-27T11:15:54.0155160Z [1m[34mBuilding cp311-macosx_arm64 wheel[0m
2022-12-27T11:15:54.0155530Z CPython 3.11 macOS arm64 - Apple Silicon
2022-12-27T11:15:54.0155670Z 
2022-12-27T11:15:54.0158180Z ##[group]Installing Python cp311...
2022-12-27T11:15:54.0158360Z 
2022-12-27T11:15:54.0158520Z + pkgutil --pkgs
2022-12-27T11:15:54.0254690Z ##[endgroup]
2022-12-27T11:15:54.0256220Z                                                               [32mâœ“ [0m0.01s
2022-12-27T11:15:54.0256670Z ##[group]Setting up build environment...
2022-12-27T11:15:54.0256800Z 
2022-12-27T11:15:54.0272660Z + /Library/Frameworks/Python.framework/Versions/3.11/bin/python -sS /Users/runner/Library/Caches/cibuildwheel/virtualenv-20.17.0.pyz --activators= --no-periodic-update --pip=22.3.1 --setuptools=65.6.3 --wheel=0.38.4 --symlink-app-data --python /Library/Frameworks/Python.framework/Versions/3.11/bin/python3 /private/var/folders/51/hd414ycd67n82196sw51xqtc0000gn/T/cibw-run-v7krm59h/cp311-macosx_arm64/build/venv
2022-12-27T11:15:54.2141310Z created virtual environment CPython3.11.1.final.0-64 in 49ms
2022-12-27T11:15:54.2141930Z   creator CPython3Posix(dest=/private/var/folders/51/hd414ycd67n82196sw51xqtc0000gn/T/cibw-run-v7krm59h/cp311-macosx_arm64/build/venv, clear=False, no_vcs_ignore=False, global=False)
2022-12-27T11:15:54.2142340Z   seeder FromAppData(download=False, pip=22.3.1, setuptools=65.6.3, wheel=0.38.4, via=symlink, app_data_dir=/Users/runner/Library/Application Support/virtualenv)
2022-12-27T11:15:54.2142720Z     added seed packages: pip==22.3.1, setuptools==65.6.3, wheel==0.38.4
2022-12-27T11:15:54.2267990Z + python -m pip install --upgrade pip -c /Library/Frameworks/Python.framework/Versions/3.11/lib/python3.11/site-packages/cibuildwheel/resources/constraints-python311.txt
2022-12-27T11:15:54.4982180Z Requirement already satisfied: pip in ./lib/python3.11/site-packages (22.3.1)
2022-12-27T11:15:54.6281540Z + which pip
2022-12-27T11:15:54.6297650Z /private/var/folders/51/hd414ycd67n82196sw51xqtc0000gn/T/cibw-run-v7krm59h/cp311-macosx_arm64/build/venv/bin/pip
2022-12-27T11:15:54.6299320Z + pip --version
2022-12-27T11:15:54.8222980Z pip 22.3.1 from /private/var/folders/51/hd414ycd67n82196sw51xqtc0000gn/T/cibw-run-v7krm59h/cp311-macosx_arm64/build/venv/lib/python3.11/site-packages/pip (python 3.11)
2022-12-27T11:15:54.8454050Z + which pip
2022-12-27T11:15:54.8477370Z + which python
2022-12-27T11:15:54.8493890Z /private/var/folders/51/hd414ycd67n82196sw51xqtc0000gn/T/cibw-run-v7krm59h/cp311-macosx_arm64/build/venv/bin/python
2022-12-27T11:15:54.8495380Z + python --version
2022-12-27T11:15:54.8548960Z Python 3.11.1
2022-12-27T11:15:54.8551560Z + which python
2022-12-27T11:15:54.8603300Z ##[endgroup]
2022-12-27T11:15:54.8604150Z                                                               [32mâœ“ [0m0.83s
2022-12-27T11:15:54.8604720Z ##[group]Installing build tools...
2022-12-27T11:15:54.8604830Z 
2022-12-27T11:15:54.8605240Z + pip install --upgrade setuptools wheel delocate -c /Library/Frameworks/Python.framework/Versions/3.11/lib/python3.11/site-packages/cibuildwheel/resources/constraints-python311.txt
2022-12-27T11:15:55.1394940Z Requirement already satisfied: setuptools in /private/var/folders/51/hd414ycd67n82196sw51xqtc0000gn/T/cibw-run-v7krm59h/cp311-macosx_arm64/build/venv/lib/python3.11/site-packages (65.6.3)
2022-12-27T11:15:55.3224360Z Requirement already satisfied: wheel in /private/var/folders/51/hd414ycd67n82196sw51xqtc0000gn/T/cibw-run-v7krm59h/cp311-macosx_arm64/build/venv/lib/python3.11/site-packages (0.38.4)
2022-12-27T11:15:55.3617340Z Collecting delocate
2022-12-27T11:15:55.3639320Z   Using cached delocate-0.10.3-py3-none-any.whl (142 kB)
2022-12-27T11:15:55.3903630Z Collecting packaging>=20.9
2022-12-27T11:15:55.3922280Z   Using cached packaging-21.3-py3-none-any.whl (40 kB)
2022-12-27T11:15:55.4080550Z Collecting typing-extensions
2022-12-27T11:15:55.4099290Z   Using cached typing_extensions-4.4.0-py3-none-any.whl (26 kB)
2022-12-27T11:15:55.4390340Z Collecting pyparsing!=3.0.5,>=2.0.2
2022-12-27T11:15:55.4408510Z   Using cached pyparsing-3.0.9-py3-none-any.whl (98 kB)
2022-12-27T11:15:55.4975230Z Installing collected packages: typing-extensions, pyparsing, packaging, delocate
2022-12-27T11:15:55.6326580Z Successfully installed delocate-0.10.3 packaging-21.3 pyparsing-3.0.9 typing-extensions-4.4.0
2022-12-27T11:15:55.6773080Z ##[endgroup]
2022-12-27T11:15:55.6773780Z                                                               [32mâœ“ [0m0.82s
2022-12-27T11:15:55.6774340Z ##[group]Running before_build...
2022-12-27T11:15:55.6774490Z 
2022-12-27T11:15:55.6778270Z + pip install Cython; if [[ -f requirements.txt ]]; then pip install -r requirements.txt; fi
2022-12-27T11:15:56.2473190Z Collecting Cython
2022-12-27T11:15:56.2517430Z   Using cached Cython-0.29.32-py2.py3-none-any.whl (986 kB)
2022-12-27T11:15:56.2930500Z Installing collected packages: Cython
2022-12-27T11:15:56.7200600Z Successfully installed Cython-0.29.32
2022-12-27T11:15:57.0320550Z Requirement already satisfied: Cython>=0.29.1 in /private/var/folders/51/hd414ycd67n82196sw51xqtc0000gn/T/cibw-run-v7krm59h/cp311-macosx_arm64/build/venv/lib/python3.11/site-packages (from -r requirements.txt (line 1)) (0.29.32)
2022-12-27T11:15:57.1076550Z ##[endgroup]
2022-12-27T11:15:57.1077330Z                                                               [32mâœ“ [0m1.43s
2022-12-27T11:15:57.1077880Z ##[group]Building wheel...
2022-12-27T11:15:57.1078030Z 
2022-12-27T11:15:57.1083600Z + python -m pip wheel /Users/runner/actions-runner/_work/python.build/python.build/build_lxml432311/lxml-4.3.2 --wheel-dir=/private/var/folders/51/hd414ycd67n82196sw51xqtc0000gn/T/cibw-run-v7krm59h/cp311-macosx_arm64/built_wheel --no-deps -vvv
2022-12-27T11:15:57.3613320Z Created temporary directory: /private/var/folders/51/hd414ycd67n82196sw51xqtc0000gn/T/pip-ephem-wheel-cache-gplnv21q
2022-12-27T11:15:57.3617040Z Created temporary directory: /private/var/folders/51/hd414ycd67n82196sw51xqtc0000gn/T/pip-build-tracker-830clk5e
2022-12-27T11:15:57.3618680Z Initialized build tracking at /private/var/folders/51/hd414ycd67n82196sw51xqtc0000gn/T/pip-build-tracker-830clk5e
2022-12-27T11:15:57.3620200Z Created build tracker: /private/var/folders/51/hd414ycd67n82196sw51xqtc0000gn/T/pip-build-tracker-830clk5e
2022-12-27T11:15:57.3621670Z Entered build tracker: /private/var/folders/51/hd414ycd67n82196sw51xqtc0000gn/T/pip-build-tracker-830clk5e
2022-12-27T11:15:57.3624780Z Created temporary directory: /private/var/folders/51/hd414ycd67n82196sw51xqtc0000gn/T/pip-wheel-oj80z7h7
2022-12-27T11:15:57.3629610Z Created temporary directory: /private/var/folders/51/hd414ycd67n82196sw51xqtc0000gn/T/pip-ephem-wheel-cache-knq8h5ou
2022-12-27T11:15:57.3704360Z Processing /Users/runner/actions-runner/_work/python.build/python.build/build_lxml432311/lxml-4.3.2
2022-12-27T11:15:57.3709410Z   Added file:///Users/runner/actions-runner/_work/python.build/python.build/build_lxml432311/lxml-4.3.2 to build tracker '/private/var/folders/51/hd414ycd67n82196sw51xqtc0000gn/T/pip-build-tracker-830clk5e'
2022-12-27T11:15:57.3712590Z   Running setup.py (path:/Users/runner/actions-runner/_work/python.build/python.build/build_lxml432311/lxml-4.3.2/setup.py) egg_info for package from file:///Users/runner/actions-runner/_work/python.build/python.build/build_lxml432311/lxml-4.3.2
2022-12-27T11:15:57.3715140Z   Created temporary directory: /private/var/folders/51/hd414ycd67n82196sw51xqtc0000gn/T/pip-pip-egg-info-tx757e9j
2022-12-27T11:15:57.3716170Z   Preparing metadata (setup.py): started
2022-12-27T11:15:57.3717900Z   Running command python setup.py egg_info
2022-12-27T11:15:57.6566210Z   Building lxml version 4.3.2.
2022-12-27T11:15:57.6566570Z   Building without Cython.
2022-12-27T11:15:57.6568080Z   Using build configuration of libxslt 1.1.29
2022-12-27T11:15:57.6569230Z   Building against libxml2/libxslt in the following directory: /Library/Developer/CommandLineTools/SDKs/MacOSX12.1.sdk/usr/lib
2022-12-27T11:15:57.6570380Z   running egg_info
2022-12-27T11:15:57.6572140Z   creating /private/var/folders/51/hd414ycd67n82196sw51xqtc0000gn/T/pip-pip-egg-info-tx757e9j/lxml.egg-info
2022-12-27T11:15:57.6573470Z   writing /private/var/folders/51/hd414ycd67n82196sw51xqtc0000gn/T/pip-pip-egg-info-tx757e9j/lxml.egg-info/PKG-INFO
2022-12-27T11:15:57.6575680Z   writing dependency_links to /private/var/folders/51/hd414ycd67n82196sw51xqtc0000gn/T/pip-pip-egg-info-tx757e9j/lxml.egg-info/dependency_links.txt
2022-12-27T11:15:57.6578210Z   writing requirements to /private/var/folders/51/hd414ycd67n82196sw51xqtc0000gn/T/pip-pip-egg-info-tx757e9j/lxml.egg-info/requires.txt
2022-12-27T11:15:57.6579470Z   writing top-level names to /private/var/folders/51/hd414ycd67n82196sw51xqtc0000gn/T/pip-pip-egg-info-tx757e9j/lxml.egg-info/top_level.txt
2022-12-27T11:15:57.6582260Z   writing manifest file '/private/var/folders/51/hd414ycd67n82196sw51xqtc0000gn/T/pip-pip-egg-info-tx757e9j/lxml.egg-info/SOURCES.txt'
2022-12-27T11:15:57.6671110Z   reading manifest file '/private/var/folders/51/hd414ycd67n82196sw51xqtc0000gn/T/pip-pip-egg-info-tx757e9j/lxml.egg-info/SOURCES.txt'
2022-12-27T11:15:57.6673470Z   reading manifest template 'MANIFEST.in'
2022-12-27T11:15:57.7616320Z   adding license file 'LICENSES.txt'
2022-12-27T11:15:57.7673750Z   writing manifest file '/private/var/folders/51/hd414ycd67n82196sw51xqtc0000gn/T/pip-pip-egg-info-tx757e9j/lxml.egg-info/SOURCES.txt'
2022-12-27T11:15:57.7929980Z   Preparing metadata (setup.py): finished with status 'done'
2022-12-27T11:15:57.7953790Z   Source in /Users/runner/actions-runner/_work/python.build/python.build/build_lxml432311/lxml-4.3.2 has version 4.3.2, which satisfies requirement lxml==4.3.2 from file:///Users/runner/actions-runner/_work/python.build/python.build/build_lxml432311/lxml-4.3.2
2022-12-27T11:15:57.7957190Z   Removed lxml==4.3.2 from file:///Users/runner/actions-runner/_work/python.build/python.build/build_lxml432311/lxml-4.3.2 from build tracker '/private/var/folders/51/hd414ycd67n82196sw51xqtc0000gn/T/pip-build-tracker-830clk5e'
2022-12-27T11:15:57.7973390Z Created temporary directory: /private/var/folders/51/hd414ycd67n82196sw51xqtc0000gn/T/pip-unpack-mprm0ayu
2022-12-27T11:15:57.7975310Z Building wheels for collected packages: lxml
2022-12-27T11:15:57.7982110Z   Created temporary directory: /private/var/folders/51/hd414ycd67n82196sw51xqtc0000gn/T/pip-wheel-ki92uxsc
2022-12-27T11:15:57.8091330Z   Building wheel for lxml (setup.py): started
2022-12-27T11:15:57.8092810Z   Destination directory: /private/var/folders/51/hd414ycd67n82196sw51xqtc0000gn/T/pip-wheel-ki92uxsc
2022-12-27T11:15:57.8094000Z   Running command python setup.py bdist_wheel
2022-12-27T11:15:57.9551230Z   Building lxml version 4.3.2.
2022-12-27T11:15:57.9551990Z   Building without Cython.
2022-12-27T11:15:57.9686990Z   Using build configuration of libxslt 1.1.29
2022-12-27T11:15:58.0722980Z   Building against libxml2/libxslt in the following directory: /Library/Developer/CommandLineTools/SDKs/MacOSX12.1.sdk/usr/lib
2022-12-27T11:15:58.0974960Z   running bdist_wheel
2022-12-27T11:15:58.1017270Z   running build
2022-12-27T11:15:58.1018880Z   running build_py
2022-12-27T11:15:58.1039920Z   creating build
2022-12-27T11:15:58.1041730Z   creating build/lib.macosx-11.0-arm64-cpython-311
2022-12-27T11:15:58.1043140Z   creating build/lib.macosx-11.0-arm64-cpython-311/lxml
2022-12-27T11:15:58.1044730Z   copying src/lxml/_elementpath.py -> build/lib.macosx-11.0-arm64-cpython-311/lxml
2022-12-27T11:15:58.1047510Z   copying src/lxml/sax.py -> build/lib.macosx-11.0-arm64-cpython-311/lxml
2022-12-27T11:15:58.1051360Z   copying src/lxml/pyclasslookup.py -> build/lib.macosx-11.0-arm64-cpython-311/lxml
2022-12-27T11:15:58.1053160Z   copying src/lxml/__init__.py -> build/lib.macosx-11.0-arm64-cpython-311/lxml
2022-12-27T11:15:58.1055880Z   copying src/lxml/builder.py -> build/lib.macosx-11.0-arm64-cpython-311/lxml
2022-12-27T11:15:58.1059450Z   copying src/lxml/doctestcompare.py -> build/lib.macosx-11.0-arm64-cpython-311/lxml
2022-12-27T11:15:58.1062720Z   copying src/lxml/usedoctest.py -> build/lib.macosx-11.0-arm64-cpython-311/lxml
2022-12-27T11:15:58.1065680Z   copying src/lxml/cssselect.py -> build/lib.macosx-11.0-arm64-cpython-311/lxml
2022-12-27T11:15:58.1068150Z   copying src/lxml/ElementInclude.py -> build/lib.macosx-11.0-arm64-cpython-311/lxml
2022-12-27T11:15:58.1072360Z   creating build/lib.macosx-11.0-arm64-cpython-311/lxml/includes
2022-12-27T11:15:58.1073700Z   copying src/lxml/includes/__init__.py -> build/lib.macosx-11.0-arm64-cpython-311/lxml/includes
2022-12-27T11:15:58.1079150Z   creating build/lib.macosx-11.0-arm64-cpython-311/lxml/html
2022-12-27T11:15:58.1080790Z   copying src/lxml/html/soupparser.py -> build/lib.macosx-11.0-arm64-cpython-311/lxml/html
2022-12-27T11:15:58.1082760Z   copying src/lxml/html/defs.py -> build/lib.macosx-11.0-arm64-cpython-311/lxml/html
2022-12-27T11:15:58.1085090Z   copying src/lxml/html/_setmixin.py -> build/lib.macosx-11.0-arm64-cpython-311/lxml/html
2022-12-27T11:15:58.1087320Z   copying src/lxml/html/clean.py -> build/lib.macosx-11.0-arm64-cpython-311/lxml/html
2022-12-27T11:15:58.1090060Z   copying src/lxml/html/_diffcommand.py -> build/lib.macosx-11.0-arm64-cpython-311/lxml/html
2022-12-27T11:15:58.1092710Z   copying src/lxml/html/html5parser.py -> build/lib.macosx-11.0-arm64-cpython-311/lxml/html
2022-12-27T11:15:58.1095310Z   copying src/lxml/html/__init__.py -> build/lib.macosx-11.0-arm64-cpython-311/lxml/html
2022-12-27T11:15:58.1098330Z   copying src/lxml/html/formfill.py -> build/lib.macosx-11.0-arm64-cpython-311/lxml/html
2022-12-27T11:15:58.1100510Z   copying src/lxml/html/builder.py -> build/lib.macosx-11.0-arm64-cpython-311/lxml/html
2022-12-27T11:15:58.1102960Z   copying src/lxml/html/ElementSoup.py -> build/lib.macosx-11.0-arm64-cpython-311/lxml/html
2022-12-27T11:15:58.1105100Z   copying src/lxml/html/_html5builder.py -> build/lib.macosx-11.0-arm64-cpython-311/lxml/html
2022-12-27T11:15:58.1107680Z   copying src/lxml/html/usedoctest.py -> build/lib.macosx-11.0-arm64-cpython-311/lxml/html
2022-12-27T11:15:58.1109960Z   copying src/lxml/html/diff.py -> build/lib.macosx-11.0-arm64-cpython-311/lxml/html
2022-12-27T11:15:58.1114300Z   creating build/lib.macosx-11.0-arm64-cpython-311/lxml/isoschematron
2022-12-27T11:15:58.1115960Z   copying src/lxml/isoschematron/__init__.py -> build/lib.macosx-11.0-arm64-cpython-311/lxml/isoschematron
2022-12-27T11:15:58.1139380Z   copying src/lxml/etree.h -> build/lib.macosx-11.0-arm64-cpython-311/lxml
2022-12-27T11:15:58.1143080Z   copying src/lxml/etree_api.h -> build/lib.macosx-11.0-arm64-cpython-311/lxml
2022-12-27T11:15:58.1147150Z   copying src/lxml/lxml.etree.h -> build/lib.macosx-11.0-arm64-cpython-311/lxml
2022-12-27T11:15:58.1150160Z   copying src/lxml/lxml.etree_api.h -> build/lib.macosx-11.0-arm64-cpython-311/lxml
2022-12-27T11:15:58.1153210Z   copying src/lxml/includes/xmlerror.pxd -> build/lib.macosx-11.0-arm64-cpython-311/lxml/includes
2022-12-27T11:15:58.1157430Z   copying src/lxml/includes/c14n.pxd -> build/lib.macosx-11.0-arm64-cpython-311/lxml/includes
2022-12-27T11:15:58.1160150Z   copying src/lxml/includes/xmlschema.pxd -> build/lib.macosx-11.0-arm64-cpython-311/lxml/includes
2022-12-27T11:15:58.1163110Z   copying src/lxml/includes/__init__.pxd -> build/lib.macosx-11.0-arm64-cpython-311/lxml/includes
2022-12-27T11:15:58.1166190Z   copying src/lxml/includes/schematron.pxd -> build/lib.macosx-11.0-arm64-cpython-311/lxml/includes
2022-12-27T11:15:58.1169300Z   copying src/lxml/includes/tree.pxd -> build/lib.macosx-11.0-arm64-cpython-311/lxml/includes
2022-12-27T11:15:58.1172630Z   copying src/lxml/includes/uri.pxd -> build/lib.macosx-11.0-arm64-cpython-311/lxml/includes
2022-12-27T11:15:58.1175950Z   copying src/lxml/includes/etreepublic.pxd -> build/lib.macosx-11.0-arm64-cpython-311/lxml/includes
2022-12-27T11:15:58.1178660Z   copying src/lxml/includes/xpath.pxd -> build/lib.macosx-11.0-arm64-cpython-311/lxml/includes
2022-12-27T11:15:58.1181360Z   copying src/lxml/includes/htmlparser.pxd -> build/lib.macosx-11.0-arm64-cpython-311/lxml/includes
2022-12-27T11:15:58.1184030Z   copying src/lxml/includes/xslt.pxd -> build/lib.macosx-11.0-arm64-cpython-311/lxml/includes
2022-12-27T11:15:58.1187420Z   copying src/lxml/includes/config.pxd -> build/lib.macosx-11.0-arm64-cpython-311/lxml/includes
2022-12-27T11:15:58.1189650Z   copying src/lxml/includes/xmlparser.pxd -> build/lib.macosx-11.0-arm64-cpython-311/lxml/includes
2022-12-27T11:15:58.1192620Z   copying src/lxml/includes/xinclude.pxd -> build/lib.macosx-11.0-arm64-cpython-311/lxml/includes
2022-12-27T11:15:58.1195580Z   copying src/lxml/includes/dtdvalid.pxd -> build/lib.macosx-11.0-arm64-cpython-311/lxml/includes
2022-12-27T11:15:58.1198200Z   copying src/lxml/includes/relaxng.pxd -> build/lib.macosx-11.0-arm64-cpython-311/lxml/includes
2022-12-27T11:15:58.1201290Z   copying src/lxml/includes/lxml-version.h -> build/lib.macosx-11.0-arm64-cpython-311/lxml/includes
2022-12-27T11:15:58.1204330Z   copying src/lxml/includes/etree_defs.h -> build/lib.macosx-11.0-arm64-cpython-311/lxml/includes
2022-12-27T11:15:58.1207480Z   creating build/lib.macosx-11.0-arm64-cpython-311/lxml/isoschematron/resources
2022-12-27T11:15:58.1208590Z   creating build/lib.macosx-11.0-arm64-cpython-311/lxml/isoschematron/resources/rng
2022-12-27T11:15:58.1210670Z   copying src/lxml/isoschematron/resources/rng/iso-schematron.rng -> build/lib.macosx-11.0-arm64-cpython-311/lxml/isoschematron/resources/rng
2022-12-27T11:15:58.1212820Z   creating build/lib.macosx-11.0-arm64-cpython-311/lxml/isoschematron/resources/xsl
2022-12-27T11:15:58.1214680Z   copying src/lxml/isoschematron/resources/xsl/XSD2Schtrn.xsl -> build/lib.macosx-11.0-arm64-cpython-311/lxml/isoschematron/resources/xsl
2022-12-27T11:15:58.1216920Z   copying src/lxml/isoschematron/resources/xsl/RNG2Schtrn.xsl -> build/lib.macosx-11.0-arm64-cpython-311/lxml/isoschematron/resources/xsl
2022-12-27T11:15:58.1219900Z   creating build/lib.macosx-11.0-arm64-cpython-311/lxml/isoschematron/resources/xsl/iso-schematron-xslt1
2022-12-27T11:15:58.1221210Z   copying src/lxml/isoschematron/resources/xsl/iso-schematron-xslt1/iso_abstract_expand.xsl -> build/lib.macosx-11.0-arm64-cpython-311/lxml/isoschematron/resources/xsl/iso-schematron-xslt1
2022-12-27T11:15:58.1224050Z   copying src/lxml/isoschematron/resources/xsl/iso-schematron-xslt1/iso_dsdl_include.xsl -> build/lib.macosx-11.0-arm64-cpython-311/lxml/isoschematron/resources/xsl/iso-schematron-xslt1
2022-12-27T11:15:58.1226840Z   copying src/lxml/isoschematron/resources/xsl/iso-schematron-xslt1/iso_schematron_skeleton_for_xslt1.xsl -> build/lib.macosx-11.0-arm64-cpython-311/lxml/isoschematron/resources/xsl/iso-schematron-xslt1
2022-12-27T11:15:58.1230300Z   copying src/lxml/isoschematron/resources/xsl/iso-schematron-xslt1/iso_svrl_for_xslt1.xsl -> build/lib.macosx-11.0-arm64-cpython-311/lxml/isoschematron/resources/xsl/iso-schematron-xslt1
2022-12-27T11:15:58.1233570Z   copying src/lxml/isoschematron/resources/xsl/iso-schematron-xslt1/iso_schematron_message.xsl -> build/lib.macosx-11.0-arm64-cpython-311/lxml/isoschematron/resources/xsl/iso-schematron-xslt1
2022-12-27T11:15:58.1236380Z   copying src/lxml/isoschematron/resources/xsl/iso-schematron-xslt1/readme.txt -> build/lib.macosx-11.0-arm64-cpython-311/lxml/isoschematron/resources/xsl/iso-schematron-xslt1
2022-12-27T11:15:58.1248350Z   running build_ext
2022-12-27T11:15:58.1279270Z   building 'lxml.etree' extension
2022-12-27T11:15:58.1280600Z   creating build/temp.macosx-11.0-arm64-cpython-311
2022-12-27T11:15:58.1282210Z   creating build/temp.macosx-11.0-arm64-cpython-311/src
2022-12-27T11:15:58.1283620Z   creating build/temp.macosx-11.0-arm64-cpython-311/src/lxml
2022-12-27T11:15:58.1286230Z   clang -Wsign-compare -Wunreachable-code -fno-common -dynamic -DNDEBUG -g -fwrapv -O3 -Wall -g -I/usr/local/opt/openssl@3/include -I/usr/local/opt/openssl@3/include -arch arm64 -DCYTHON_CLINE_IN_TRACEBACK=0 -I/Library/Developer/CommandLineTools/SDKs/MacOSX12.1.sdk/usr/include -Isrc -Isrc/lxml/includes -I/private/var/folders/51/hd414ycd67n82196sw51xqtc0000gn/T/cibw-run-v7krm59h/cp311-macosx_arm64/build/venv/include -I/Library/Frameworks/Python.framework/Versions/3.11/include/python3.11 -c src/lxml/etree.c -o build/temp.macosx-11.0-arm64-cpython-311/src/lxml/etree.o -w -flat_namespace
2022-12-27T11:15:58.2104330Z   src/lxml/etree.c:289:12: fatal error: 'longintrepr.h' file not found
2022-12-27T11:15:58.2104930Z     #include "longintrepr.h"
2022-12-27T11:15:58.2106510Z              ^~~~~~~~~~~~~~~
2022-12-27T11:15:59.1551970Z   1 error generated.
2022-12-27T11:15:59.1596320Z   Compile failed: command '/usr/bin/clang' failed with exit code 1
2022-12-27T11:15:59.2256490Z   creating var
2022-12-27T11:15:59.2257340Z   creating var/folders
2022-12-27T11:15:59.2258870Z   creating var/folders/51
2022-12-27T11:15:59.2260540Z   creating var/folders/51/hd414ycd67n82196sw51xqtc0000gn
2022-12-27T11:15:59.2262030Z   creating var/folders/51/hd414ycd67n82196sw51xqtc0000gn/T
2022-12-27T11:15:59.2264120Z   cc -arch arm64 -I/Library/Developer/CommandLineTools/SDKs/MacOSX12.1.sdk/usr/include -I/usr/include/libxml2 -c /var/folders/51/hd414ycd67n82196sw51xqtc0000gn/T/xmlXPathInitivx5j1ga.c -o var/folders/51/hd414ycd67n82196sw51xqtc0000gn/T/xmlXPathInitivx5j1ga.o
2022-12-27T11:15:59.2697310Z   cc -arch arm64 var/folders/51/hd414ycd67n82196sw51xqtc0000gn/T/xmlXPathInitivx5j1ga.o -L/Library/Developer/CommandLineTools/SDKs/MacOSX12.1.sdk/usr/lib -lxml2 -o a.out
2022-12-27T11:15:59.3110100Z   error: command '/usr/bin/clang' failed with exit code 1
2022-12-27T11:15:59.3456250Z   error: subprocess-exited-with-error
2022-12-27T11:15:59.3456560Z   
2022-12-27T11:15:59.3518750Z   Ã— python setup.py bdist_wheel did not run successfully.
2022-12-27T11:15:59.3518990Z   â”‚ exit code: 1
2022-12-27T11:15:59.3519630Z   â•°â”€> See above for output.
2022-12-27T11:15:59.3519840Z   
2022-12-27T11:15:59.3520090Z   note: This error originates from a subprocess, and is likely not a problem with pip.
2022-12-27T11:15:59.3520960Z   full command: /private/var/folders/51/hd414ycd67n82196sw51xqtc0000gn/T/cibw-run-v7krm59h/cp311-macosx_arm64/build/venv/bin/python -u -c '
2022-12-27T11:15:59.3521690Z   exec(compile('"'"''"'"''"'"'
2022-12-27T11:15:59.3522380Z   # This is <pip-setuptools-caller> -- a caller that pip uses to run setup.py
2022-12-27T11:15:59.3522740Z   #
2022-12-27T11:15:59.3523300Z   # - It imports setuptools before invoking setup.py, to enable projects that directly
2022-12-27T11:15:59.3523820Z   #   import from `distutils.core` to work with newer packaging standards.
2022-12-27T11:15:59.3524380Z   # - It provides a clear error message when setuptools is not installed.
2022-12-27T11:15:59.3525200Z   # - It sets `sys.argv[0]` to the underlying `setup.py`, when invoking `setup.py` so
2022-12-27T11:15:59.3525710Z   Building wheel for lxml (setup.py): finished with status 'error'
2022-12-27T11:15:59.3526050Z   Running setup.py clean for lxml
2022-12-27T11:15:59.3526510Z   #   setuptools doesn'"'"'t think the script is `-c`. This avoids the following warning:
2022-12-27T11:15:59.3526990Z   #     manifest_maker: standard file '"'"'-c'"'"' not found".
2022-12-27T11:15:59.3527460Z   # - It generates a shim setup.py, for handling setup.cfg-only projects.
2022-12-27T11:15:59.3527760Z   import os, sys, tokenize
2022-12-27T11:15:59.3528020Z   
2022-12-27T11:15:59.3528230Z   try:
2022-12-27T11:15:59.3528400Z       import setuptools
2022-12-27T11:15:59.3528690Z   except ImportError as error:
2022-12-27T11:15:59.3528960Z       print(
2022-12-27T11:15:59.3529240Z           "ERROR: Can not execute `setup.py` since setuptools is not available in "
2022-12-27T11:15:59.3529520Z           "the build environment.",
2022-12-27T11:15:59.3529970Z           file=sys.stderr,
2022-12-27T11:15:59.3530220Z       )
2022-12-27T11:15:59.3530420Z       sys.exit(1)
2022-12-27T11:15:59.3530660Z   
2022-12-27T11:15:59.3531020Z   __file__ = %r
2022-12-27T11:15:59.3531240Z   sys.argv[0] = __file__
2022-12-27T11:15:59.3531500Z   
2022-12-27T11:15:59.3531760Z   if os.path.exists(__file__):
2022-12-27T11:15:59.3532000Z       filename = __file__
2022-12-27T11:15:59.3532290Z       with tokenize.open(__file__) as f:
2022-12-27T11:15:59.3532580Z           setup_py_code = f.read()
2022-12-27T11:15:59.3533140Z   else:
2022-12-27T11:15:59.3533640Z       filename = "<auto-generated setuptools caller>"
2022-12-27T11:15:59.3534000Z       setup_py_code = "from setuptools import setup; setup()"
2022-12-27T11:15:59.3534230Z   
2022-12-27T11:15:59.3534650Z   exec(compile(setup_py_code, filename, "exec"))
2022-12-27T11:15:59.3535270Z   '"'"''"'"''"'"' % ('"'"'/Users/runner/actions-runner/_work/python.build/python.build/build_lxml432311/lxml-4.3.2/setup.py'"'"',), "<pip-setuptools-caller>", "exec"))' bdist_wheel -d /private/var/folders/51/hd414ycd67n82196sw51xqtc0000gn/T/pip-wheel-ki92uxsc
2022-12-27T11:15:59.3535760Z   cwd: /Users/runner/actions-runner/_work/python.build/python.build/build_lxml432311/lxml-4.3.2/
2022-12-27T11:15:59.3535970Z   ERROR: Failed building wheel for lxml
2022-12-27T11:15:59.3536240Z   Running command python setup.py clean
2022-12-27T11:15:59.4919420Z   Building lxml version 4.3.2.
2022-12-27T11:15:59.4920320Z   Building without Cython.
2022-12-27T11:15:59.5053300Z   Using build configuration of libxslt 1.1.29
2022-12-27T11:15:59.6084160Z   Building against libxml2/libxslt in the following directory: /Library/Developer/CommandLineTools/SDKs/MacOSX12.1.sdk/usr/lib
2022-12-27T11:15:59.6229960Z   running clean
2022-12-27T11:15:59.6256880Z   removing 'build/temp.macosx-11.0-arm64-cpython-311' (and everything under it)
2022-12-27T11:15:59.6260010Z   removing 'build/lib.macosx-11.0-arm64-cpython-311' (and everything under it)
2022-12-27T11:15:59.6307120Z   'build/bdist.macosx-11.0-arm64' does not exist -- can't clean it
2022-12-27T11:15:59.6310090Z   'build/scripts-3.11' does not exist -- can't clean it
2022-12-27T11:15:59.6311360Z   removing 'build'
2022-12-27T11:15:59.6564450Z Failed to build lxml
2022-12-27T11:15:59.6568300Z ERROR: Failed to build one or more wheels
2022-12-27T11:15:59.6581240Z Exception information:
2022-12-27T11:15:59.6581540Z Traceback (most recent call last):
2022-12-27T11:15:59.6589260Z   File "/private/var/folders/51/hd414ycd67n82196sw51xqtc0000gn/T/cibw-run-v7krm59h/cp311-macosx_arm64/build/venv/lib/python3.11/site-packages/pip/_internal/cli/base_command.py", line 160, in exc_logging_wrapper
2022-12-27T11:15:59.6589700Z     status = run_func(*args)
2022-12-27T11:15:59.6589890Z              ^^^^^^^^^^^^^^^
2022-12-27T11:15:59.6590500Z   File "/private/var/folders/51/hd414ycd67n82196sw51xqtc0000gn/T/cibw-run-v7krm59h/cp311-macosx_arm64/build/venv/lib/python3.11/site-packages/pip/_internal/cli/req_command.py", line 247, in wrapper
2022-12-27T11:15:59.6590840Z     return func(self, options, args)
2022-12-27T11:15:59.6591020Z            ^^^^^^^^^^^^^^^^^^^^^^^^^
2022-12-27T11:15:59.6591420Z   File "/private/var/folders/51/hd414ycd67n82196sw51xqtc0000gn/T/cibw-run-v7krm59h/cp311-macosx_arm64/build/venv/lib/python3.11/site-packages/pip/_internal/commands/wheel.py", line 201, in run
2022-12-27T11:15:59.6591720Z     raise CommandError("Failed to build one or more wheels")
2022-12-27T11:15:59.6591940Z pip._internal.exceptions.CommandError: Failed to build one or more wheels
2022-12-27T11:15:59.6592290Z Removed build tracker: '/private/var/folders/51/hd414ycd67n82196sw51xqtc0000gn/T/pip-build-tracker-830clk5e'
2022-12-27T11:15:59.7010290Z ##[endgroup]
2022-12-27T11:15:59.7034030Z ##[error]Command ['python', '-m', 'pip', 'wheel', '/Users/runner/actions-runner/_work/python.build/python.build/build_lxml432311/lxml-4.3.2', '--wheel-dir=/private/var/folders/51/hd414ycd67n82196sw51xqtc0000gn/T/cibw-run-v7krm59h/cp311-macosx_arm64/built_wheel', '--no-deps', '-vvv'] failed with code 1. None
2022-12-27T11:15:59.7040300Z 
2022-12-27T11:15:59.7040630Z                                                               [31mâœ• [0m2.59s
2022-12-27T11:15:59.7494920Z ##[error]Process completed with exit code 1.
2022-12-27T11:15:59.7529470Z ##[group]Run rm -rf build_lxml432311 wheelsout
2022-12-27T11:15:59.7529740Z [36;1mrm -rf build_lxml432311 wheelsout[0m
2022-12-27T11:15:59.7546150Z shell: /bin/bash -e {0}
2022-12-27T11:15:59.7546400Z env:
2022-12-27T11:15:59.7546800Z   pythonLocation: /Users/runner/hostedtoolcache/Python/3.11.1/x64
2022-12-27T11:15:59.7547050Z   PKG_CONFIG_PATH: /Users/runner/hostedtoolcache/Python/3.11.1/x64/lib/pkgconfig
2022-12-27T11:15:59.7547310Z   Python_ROOT_DIR: /Users/runner/hostedtoolcache/Python/3.11.1/x64
2022-12-27T11:15:59.7547590Z   Python2_ROOT_DIR: /Users/runner/hostedtoolcache/Python/3.11.1/x64
2022-12-27T11:15:59.7547830Z   Python3_ROOT_DIR: /Users/runner/hostedtoolcache/Python/3.11.1/x64
2022-12-27T11:15:59.7548010Z ##[endgroup]
2022-12-27T11:15:59.8120560Z Cleaning up orphan processes
