2022-12-27T08:57:30.9263756Z Requested labels: self-hosted, macOS, X64
2022-12-27T08:57:30.9263869Z Job defined at: kilnbuild/python.build/.github/workflows/mac_arm_build.yml@refs/heads/main
2022-12-27T08:57:30.9263897Z Waiting for a runner to pick up this job...
2022-12-27T11:39:29.0767675Z Job is about to start running on the runner: s1 (organization)
2022-12-27T11:39:32.3464920Z Current runner version: '2.300.2'
2022-12-27T11:39:32.3469840Z Runner name: 's1'
2022-12-27T11:39:32.3470100Z Runner group name: 'Default'
2022-12-27T11:39:32.3470520Z Machine name: 's1'
2022-12-27T11:39:32.3472020Z ##[group]GITHUB_TOKEN Permissions
2022-12-27T11:39:32.3472420Z Actions: write
2022-12-27T11:39:32.3472620Z Checks: write
2022-12-27T11:39:32.3472750Z Contents: write
2022-12-27T11:39:32.3472890Z Deployments: write
2022-12-27T11:39:32.3473030Z Discussions: write
2022-12-27T11:39:32.3473160Z Issues: write
2022-12-27T11:39:32.3473280Z Metadata: read
2022-12-27T11:39:32.3473420Z Packages: write
2022-12-27T11:39:32.3473550Z Pages: write
2022-12-27T11:39:32.3473690Z PullRequests: write
2022-12-27T11:39:32.3473850Z RepositoryProjects: write
2022-12-27T11:39:32.3474010Z SecurityEvents: write
2022-12-27T11:39:32.3474150Z Statuses: write
2022-12-27T11:39:32.3474280Z ##[endgroup]
2022-12-27T11:39:32.3476770Z Secret source: Actions
2022-12-27T11:39:32.3477090Z Prepare workflow directory
2022-12-27T11:39:32.4143620Z Prepare all required actions
2022-12-27T11:39:32.4266830Z Getting action download info
2022-12-27T11:39:32.8543220Z Download action repository 'actions/setup-python@v4' (SHA:5ccb29d8773c3f3f653e1705f474dfaa8a06a912)
2022-12-27T11:39:34.6109530Z Download action repository 'actions/upload-artifact@v3' (SHA:83fd05a356d7e2593de66fc9913b3002723633cb)
2022-12-27T11:39:35.9845610Z ##[group]Run echo '{
2022-12-27T11:39:35.9845940Z [36;1mecho '{[0m
2022-12-27T11:39:35.9846110Z [36;1m  "package_name": "lxml",[0m
2022-12-27T11:39:35.9846400Z [36;1m  "package_url": "https://files.pythonhosted.org/packages/03/71/80c7c41db34991446f2d79f1316b8c0a5a52ad8c22d931775c20e087bddb/lxml-3.3.0beta5.tar.gz",[0m
2022-12-27T11:39:35.9846650Z [36;1m  "package_version": "3.3.0beta5",[0m
2022-12-27T11:39:35.9846780Z [36;1m  "python_version": "3.9",[0m
2022-12-27T11:39:35.9846910Z [36;1m  "use_ccache": "true"[0m
2022-12-27T11:39:35.9847010Z [36;1m}'[0m
2022-12-27T11:39:35.9862840Z shell: /bin/bash -e {0}
2022-12-27T11:39:35.9862990Z ##[endgroup]
2022-12-27T11:39:36.0083500Z {
2022-12-27T11:39:36.0085000Z   "package_name": "lxml",
2022-12-27T11:39:36.0085640Z   "package_url": "https://files.pythonhosted.org/packages/03/71/80c7c41db34991446f2d79f1316b8c0a5a52ad8c22d931775c20e087bddb/lxml-3.3.0beta5.tar.gz",
2022-12-27T11:39:36.0086100Z   "package_version": "3.3.0beta5",
2022-12-27T11:39:36.0086290Z   "python_version": "3.9",
2022-12-27T11:39:36.0086450Z   "use_ccache": "true"
2022-12-27T11:39:36.0086610Z }
2022-12-27T11:39:36.0312000Z ##[group]Run actions/setup-python@v4
2022-12-27T11:39:36.0312220Z with:
2022-12-27T11:39:36.0312410Z   python-version: 3.9
2022-12-27T11:39:36.0312660Z   check-latest: false
2022-12-27T11:39:36.0312950Z   token: ***
2022-12-27T11:39:36.0313190Z   update-environment: true
2022-12-27T11:39:36.0313390Z ##[endgroup]
2022-12-27T11:39:36.1540410Z ##[group]Installed versions
2022-12-27T11:39:36.1583380Z Successfully set up CPython (3.9.16)
2022-12-27T11:39:36.1584130Z ##[endgroup]
2022-12-27T11:39:36.1740180Z ##[group]Run if [ "true" == "true" ]
2022-12-27T11:39:36.1740490Z [36;1mif [ "true" == "true" ][0m
2022-12-27T11:39:36.1740880Z [36;1mthen[0m
2022-12-27T11:39:36.1741130Z [36;1m  echo "CCACHE_PATH_PREPEND=/usr/local/opt/ccache/libexec" >> $GITHUB_OUTPUT[0m
2022-12-27T11:39:36.1741320Z [36;1melse[0m
2022-12-27T11:39:36.1741520Z [36;1m  echo "CCACHE_PATH_PREPEND=" >> $GITHUB_OUTPUT[0m
2022-12-27T11:39:36.1742120Z [36;1mfi[0m
2022-12-27T11:39:36.1759280Z shell: /bin/bash -e {0}
2022-12-27T11:39:36.1759500Z env:
2022-12-27T11:39:36.1759790Z   pythonLocation: /Users/runner/hostedtoolcache/Python/3.9.16/x64
2022-12-27T11:39:36.1760070Z   PKG_CONFIG_PATH: /Users/runner/hostedtoolcache/Python/3.9.16/x64/lib/pkgconfig
2022-12-27T11:39:36.1760350Z   Python_ROOT_DIR: /Users/runner/hostedtoolcache/Python/3.9.16/x64
2022-12-27T11:39:36.1760560Z   Python2_ROOT_DIR: /Users/runner/hostedtoolcache/Python/3.9.16/x64
2022-12-27T11:39:36.1760940Z   Python3_ROOT_DIR: /Users/runner/hostedtoolcache/Python/3.9.16/x64
2022-12-27T11:39:36.1761580Z ##[endgroup]
2022-12-27T11:39:36.1873130Z ##[group]Run echo "BUILD_NAME=$(echo lxml_3.3.0beta5_3.9 | tr -dc '[:alnum:]\n\r' | tr '[:upper:]' '[:lower:]')" >> $GITHUB_OUTPUT
2022-12-27T11:39:36.1873530Z [36;1mecho "BUILD_NAME=$(echo lxml_3.3.0beta5_3.9 | tr -dc '[:alnum:]\n\r' | tr '[:upper:]' '[:lower:]')" >> $GITHUB_OUTPUT[0m
2022-12-27T11:39:36.1887810Z shell: /bin/bash -e {0}
2022-12-27T11:39:36.1888110Z env:
2022-12-27T11:39:36.1888330Z   pythonLocation: /Users/runner/hostedtoolcache/Python/3.9.16/x64
2022-12-27T11:39:36.1888570Z   PKG_CONFIG_PATH: /Users/runner/hostedtoolcache/Python/3.9.16/x64/lib/pkgconfig
2022-12-27T11:39:36.1888820Z   Python_ROOT_DIR: /Users/runner/hostedtoolcache/Python/3.9.16/x64
2022-12-27T11:39:36.1889060Z   Python2_ROOT_DIR: /Users/runner/hostedtoolcache/Python/3.9.16/x64
2022-12-27T11:39:36.1889330Z   Python3_ROOT_DIR: /Users/runner/hostedtoolcache/Python/3.9.16/x64
2022-12-27T11:39:36.1889530Z ##[endgroup]
2022-12-27T11:39:36.2033680Z ##[group]Run echo "PYTHON_NO_DOTS=$(echo 3.9 | tr -dc '[:alnum:]\n\r' | tr '[:upper:]' '[:lower:]')" >> $GITHUB_OUTPUT
2022-12-27T11:39:36.2034220Z [36;1mecho "PYTHON_NO_DOTS=$(echo 3.9 | tr -dc '[:alnum:]\n\r' | tr '[:upper:]' '[:lower:]')" >> $GITHUB_OUTPUT[0m
2022-12-27T11:39:36.2048370Z shell: /bin/bash -e {0}
2022-12-27T11:39:36.2048520Z env:
2022-12-27T11:39:36.2048730Z   pythonLocation: /Users/runner/hostedtoolcache/Python/3.9.16/x64
2022-12-27T11:39:36.2049030Z   PKG_CONFIG_PATH: /Users/runner/hostedtoolcache/Python/3.9.16/x64/lib/pkgconfig
2022-12-27T11:39:36.2049250Z   Python_ROOT_DIR: /Users/runner/hostedtoolcache/Python/3.9.16/x64
2022-12-27T11:39:36.2049480Z   Python2_ROOT_DIR: /Users/runner/hostedtoolcache/Python/3.9.16/x64
2022-12-27T11:39:36.2049710Z   Python3_ROOT_DIR: /Users/runner/hostedtoolcache/Python/3.9.16/x64
2022-12-27T11:39:36.2049940Z ##[endgroup]
2022-12-27T11:39:36.2158910Z ##[group]Run rm -rf build_lxml330beta539
2022-12-27T11:39:36.2159270Z [36;1mrm -rf build_lxml330beta539[0m
2022-12-27T11:39:36.2159470Z [36;1mmkdir build_lxml330beta539[0m
2022-12-27T11:39:36.2159680Z [36;1mcd build_lxml330beta539[0m
2022-12-27T11:39:36.2159970Z [36;1m/usr/local/bin/wget --quiet https://files.pythonhosted.org/packages/03/71/80c7c41db34991446f2d79f1316b8c0a5a52ad8c22d931775c20e087bddb/lxml-3.3.0beta5.tar.gz[0m
2022-12-27T11:39:36.2160250Z [36;1mtar xf *.tar.gz[0m
2022-12-27T11:39:36.2160390Z [36;1mcd *[0m
2022-12-27T11:39:36.2160570Z [36;1mpython -m pip install cibuildwheel==2.11.3[0m
2022-12-27T11:39:36.2160820Z [36;1mpython -m cibuildwheel --output-dir ../wheelsout[0m
2022-12-27T11:39:36.2174640Z shell: /bin/bash -e {0}
2022-12-27T11:39:36.2174830Z env:
2022-12-27T11:39:36.2175090Z   pythonLocation: /Users/runner/hostedtoolcache/Python/3.9.16/x64
2022-12-27T11:39:36.2175370Z   PKG_CONFIG_PATH: /Users/runner/hostedtoolcache/Python/3.9.16/x64/lib/pkgconfig
2022-12-27T11:39:36.2175620Z   Python_ROOT_DIR: /Users/runner/hostedtoolcache/Python/3.9.16/x64
2022-12-27T11:39:36.2175850Z   Python2_ROOT_DIR: /Users/runner/hostedtoolcache/Python/3.9.16/x64
2022-12-27T11:39:36.2176130Z   Python3_ROOT_DIR: /Users/runner/hostedtoolcache/Python/3.9.16/x64
2022-12-27T11:39:36.2176310Z   CIBW_ARCHS_MACOS: arm64
2022-12-27T11:39:36.2176480Z   CIBW_TEST_SKIP: *_arm64
2022-12-27T11:39:36.2176660Z   CIBW_BUILD: cp39-macosx_arm64
2022-12-27T11:39:36.2176810Z   CIBW_BUILD_FRONTEND: pip
2022-12-27T11:39:36.2177020Z   CIBW_BUILD_VERBOSITY: 3
2022-12-27T11:39:36.2177330Z   CIBW_ENVIRONMENT_MACOS:  CFLAGS="-I/usr/local/opt/openssl@3/include" LDFLAGS="-L/usr/local/opt/openssl@3/lib" CPPFLAGS="-I/usr/local/opt/openssl@3/include" MAKEFLAGS="-j$(sysctl -n hw.logicalcpu)" PATH=/usr/local/opt/ccache/libexec:$PATH
2022-12-27T11:39:36.2177690Z   CIBW_BEFORE_BUILD: pip install Cython; if [[ -f requirements.txt ]]; then pip install -r requirements.txt; fi
2022-12-27T11:39:36.2177900Z   MAKEFLAGS: -j$(sysctl -n hw.logicalcpu)
2022-12-27T11:39:36.2178080Z ##[endgroup]
2022-12-27T11:39:36.7251760Z Requirement already satisfied: cibuildwheel==2.11.3 in /Users/runner/hostedtoolcache/Python/3.9.16/x64/lib/python3.9/site-packages (2.11.3)
2022-12-27T11:39:36.7516640Z Requirement already satisfied: tomli in /Users/runner/hostedtoolcache/Python/3.9.16/x64/lib/python3.9/site-packages (from cibuildwheel==2.11.3) (2.0.1)
2022-12-27T11:39:36.7520060Z Requirement already satisfied: filelock in /Users/runner/hostedtoolcache/Python/3.9.16/x64/lib/python3.9/site-packages (from cibuildwheel==2.11.3) (3.8.2)
2022-12-27T11:39:36.7523360Z Requirement already satisfied: certifi in /Users/runner/hostedtoolcache/Python/3.9.16/x64/lib/python3.9/site-packages (from cibuildwheel==2.11.3) (2022.12.7)
2022-12-27T11:39:36.7526750Z Requirement already satisfied: platformdirs in /Users/runner/hostedtoolcache/Python/3.9.16/x64/lib/python3.9/site-packages (from cibuildwheel==2.11.3) (2.6.0)
2022-12-27T11:39:36.7536940Z Requirement already satisfied: typing-extensions>=4.1.0 in /Users/runner/hostedtoolcache/Python/3.9.16/x64/lib/python3.9/site-packages (from cibuildwheel==2.11.3) (4.4.0)
2022-12-27T11:39:36.7541890Z Requirement already satisfied: packaging>=20.9 in /Users/runner/hostedtoolcache/Python/3.9.16/x64/lib/python3.9/site-packages (from cibuildwheel==2.11.3) (22.0)
2022-12-27T11:39:36.7547260Z Requirement already satisfied: bashlex!=0.13 in /Users/runner/hostedtoolcache/Python/3.9.16/x64/lib/python3.9/site-packages (from cibuildwheel==2.11.3) (0.16)
2022-12-27T11:39:36.7551420Z Requirement already satisfied: bracex in /Users/runner/hostedtoolcache/Python/3.9.16/x64/lib/python3.9/site-packages (from cibuildwheel==2.11.3) (2.3.post1)
2022-12-27T11:39:36.9294100Z 
2022-12-27T11:39:36.9294580Z      _ _       _ _   _       _           _
2022-12-27T11:39:36.9295200Z  ___|_| |_ _ _|_| |_| |_ _ _| |_ ___ ___| |
2022-12-27T11:39:36.9295730Z |  _| | . | | | | | . | | | |   | -_| -_| |
2022-12-27T11:39:36.9296530Z |___|_|___|___|_|_|___|_____|_|_|___|___|_|
2022-12-27T11:39:36.9296700Z 
2022-12-27T11:39:36.9296810Z cibuildwheel version 2.11.3
2022-12-27T11:39:36.9297210Z 
2022-12-27T11:39:36.9297350Z Build options:
2022-12-27T11:39:36.9297530Z   platform: macos
2022-12-27T11:39:36.9399050Z   architectures: arm64[0m
2022-12-27T11:39:36.9399510Z   build_selector: 
2022-12-27T11:39:36.9400240Z     build_config: cp39-macosx_arm64
2022-12-27T11:39:36.9400620Z     skip_config: 
2022-12-27T11:39:36.9400910Z     requires_python: None
2022-12-27T11:39:36.9401540Z     prerelease_pythons: False[0m
2022-12-27T11:39:36.9402060Z   [38;5;244mcontainer_engine: docker[0m
2022-12-27T11:39:36.9402700Z   output_dir: /Users/runner/actions-runner/_work/python.build/python.build/build_lxml330beta539/wheelsout[0m
2022-12-27T11:39:36.9403770Z   package_dir: /Users/runner/actions-runner/_work/python.build/python.build/build_lxml330beta539/lxml-3.3.0beta5[0m
2022-12-27T11:39:36.9404300Z   test_selector: 
2022-12-27T11:39:36.9405030Z     skip_config: *_arm64[0m
2022-12-27T11:39:36.9405470Z   [38;5;244mbefore_all: [0m
2022-12-27T11:39:36.9406130Z   before_build: pip install Cython; if [[ -f requirements.txt ]]; then pip install -r requirements.txt; fi[0m
2022-12-27T11:39:36.9406740Z   [38;5;244mbefore_test: [0m
2022-12-27T11:39:36.9407150Z   [38;5;244mbuild_frontend: pip[0m
2022-12-27T11:39:36.9407960Z   build_verbosity: 3[0m
2022-12-27T11:39:36.9408430Z   [38;5;244mconfig_settings: [0m
2022-12-27T11:39:36.9408870Z   [38;5;244mdependency_constraints: pinned[0m
2022-12-27T11:39:36.9409240Z   environment: 
2022-12-27T11:39:36.9410000Z     CFLAGS="-I/usr/local/opt/openssl@3/include"
2022-12-27T11:39:36.9410410Z     LDFLAGS="-L/usr/local/opt/openssl@3/lib"
2022-12-27T11:39:36.9410830Z     CPPFLAGS="-I/usr/local/opt/openssl@3/include"
2022-12-27T11:39:36.9411250Z     MAKEFLAGS="-j$(sysctl -n hw.logicalcpu)"
2022-12-27T11:39:36.9411720Z     PATH=/usr/local/opt/ccache/libexec:$PATH[0m
2022-12-27T11:39:36.9412420Z   [38;5;244mmanylinux_images: None[0m
2022-12-27T11:39:36.9412950Z   [38;5;244mmusllinux_images: None[0m
2022-12-27T11:39:36.9413480Z   [38;5;244mrepair_command: delocate-wheel --require-archs {delocate_archs} -w {dest_dir} -v {wheel}[0m
2022-12-27T11:39:36.9414360Z   [38;5;244mtest_command: [0m
2022-12-27T11:39:36.9414760Z   [38;5;244mtest_extras: [0m
2022-12-27T11:39:36.9415330Z   [38;5;244mtest_requires: [0m
2022-12-27T11:39:36.9415500Z 
2022-12-27T11:39:36.9415630Z Cache folder: /Users/runner/Library/Caches/cibuildwheel
2022-12-27T11:39:36.9416580Z 
2022-12-27T11:39:36.9416910Z Here we go!
2022-12-27T11:39:36.9417060Z 
2022-12-27T11:39:36.9474920Z 
2022-12-27T11:39:36.9475360Z [1m[34mBuilding cp39-macosx_arm64 wheel[0m
2022-12-27T11:39:36.9475780Z CPython 3.9 macOS arm64 - Apple Silicon
2022-12-27T11:39:36.9475910Z 
2022-12-27T11:39:36.9478720Z ##[group]Installing Python cp39...
2022-12-27T11:39:36.9478910Z 
2022-12-27T11:39:36.9479160Z + pkgutil --pkgs
2022-12-27T11:39:36.9578730Z ##[endgroup]
2022-12-27T11:39:36.9580330Z                                                               [32mâœ“ [0m0.01s
2022-12-27T11:39:36.9580990Z ##[group]Setting up build environment...
2022-12-27T11:39:36.9581210Z 
2022-12-27T11:39:36.9601640Z + /Users/runner/hostedtoolcache/Python/3.9.16/x64/bin/python -sS /Users/runner/Library/Caches/cibuildwheel/virtualenv-20.17.0.pyz --activators= --no-periodic-update --pip=22.3.1 --setuptools=65.6.3 --wheel=0.38.4 --symlink-app-data --python /Library/Frameworks/Python.framework/Versions/3.9/bin/python3 /private/var/folders/51/hd414ycd67n82196sw51xqtc0000gn/T/cibw-run-9p_rayh_/cp39-macosx_arm64/build/venv
2022-12-27T11:39:37.1485770Z created virtual environment CPython3.9.13.final.0-64 in 48ms
2022-12-27T11:39:37.1486620Z   creator CPython3Posix(dest=/private/var/folders/51/hd414ycd67n82196sw51xqtc0000gn/T/cibw-run-9p_rayh_/cp39-macosx_arm64/build/venv, clear=False, no_vcs_ignore=False, global=False)
2022-12-27T11:39:37.1487270Z   seeder FromAppData(download=False, pip=22.3.1, setuptools=65.6.3, wheel=0.38.4, via=symlink, app_data_dir=/Users/runner/Library/Application Support/virtualenv)
2022-12-27T11:39:37.1487610Z     added seed packages: pip==22.3.1, setuptools==65.6.3, wheel==0.38.4
2022-12-27T11:39:37.1592910Z + python -m pip install --upgrade pip -c /Users/runner/hostedtoolcache/Python/3.9.16/x64/lib/python3.9/site-packages/cibuildwheel/resources/constraints-python39.txt
2022-12-27T11:39:37.4690680Z Requirement already satisfied: pip in ./lib/python3.9/site-packages (22.3.1)
2022-12-27T11:39:37.6121540Z + which pip
2022-12-27T11:39:37.6139140Z /private/var/folders/51/hd414ycd67n82196sw51xqtc0000gn/T/cibw-run-9p_rayh_/cp39-macosx_arm64/build/venv/bin/pip
2022-12-27T11:39:37.6141180Z + pip --version
2022-12-27T11:39:37.8439570Z pip 22.3.1 from /private/var/folders/51/hd414ycd67n82196sw51xqtc0000gn/T/cibw-run-9p_rayh_/cp39-macosx_arm64/build/venv/lib/python3.9/site-packages/pip (python 3.9)
2022-12-27T11:39:37.8649150Z + which pip
2022-12-27T11:39:37.8679400Z + which python
2022-12-27T11:39:37.8697500Z /private/var/folders/51/hd414ycd67n82196sw51xqtc0000gn/T/cibw-run-9p_rayh_/cp39-macosx_arm64/build/venv/bin/python
2022-12-27T11:39:37.8700090Z + python --version
2022-12-27T11:39:37.8745960Z Python 3.9.13
2022-12-27T11:39:37.8748590Z + which python
2022-12-27T11:39:37.8802020Z ##[endgroup]
2022-12-27T11:39:37.8802700Z                                                               [32mâœ“ [0m0.92s
2022-12-27T11:39:37.8803130Z ##[group]Installing build tools...
2022-12-27T11:39:37.8803280Z 
2022-12-27T11:39:37.8803690Z + pip install --upgrade setuptools wheel delocate -c /Users/runner/hostedtoolcache/Python/3.9.16/x64/lib/python3.9/site-packages/cibuildwheel/resources/constraints-python39.txt
2022-12-27T11:39:38.1892440Z Requirement already satisfied: setuptools in /private/var/folders/51/hd414ycd67n82196sw51xqtc0000gn/T/cibw-run-9p_rayh_/cp39-macosx_arm64/build/venv/lib/python3.9/site-packages (65.6.3)
2022-12-27T11:39:38.4317350Z Requirement already satisfied: wheel in /private/var/folders/51/hd414ycd67n82196sw51xqtc0000gn/T/cibw-run-9p_rayh_/cp39-macosx_arm64/build/venv/lib/python3.9/site-packages (0.38.4)
2022-12-27T11:39:38.4828850Z Collecting delocate
2022-12-27T11:39:38.4855000Z   Using cached delocate-0.10.3-py3-none-any.whl (142 kB)
2022-12-27T11:39:38.5186220Z Collecting packaging>=20.9
2022-12-27T11:39:38.5208040Z   Using cached packaging-21.3-py3-none-any.whl (40 kB)
2022-12-27T11:39:38.5396930Z Collecting typing-extensions
2022-12-27T11:39:38.5418570Z   Using cached typing_extensions-4.4.0-py3-none-any.whl (26 kB)
2022-12-27T11:39:38.5803560Z Collecting pyparsing!=3.0.5,>=2.0.2
2022-12-27T11:39:38.5826130Z   Using cached pyparsing-3.0.9-py3-none-any.whl (98 kB)
2022-12-27T11:39:38.6206410Z Installing collected packages: typing-extensions, pyparsing, packaging, delocate
2022-12-27T11:39:38.7751350Z Successfully installed delocate-0.10.3 packaging-21.3 pyparsing-3.0.9 typing-extensions-4.4.0
2022-12-27T11:39:38.8186430Z ##[endgroup]
2022-12-27T11:39:38.8187030Z                                                               [32mâœ“ [0m0.94s
2022-12-27T11:39:38.8187400Z ##[group]Running before_build...
2022-12-27T11:39:38.8187520Z 
2022-12-27T11:39:38.8192870Z + pip install Cython; if [[ -f requirements.txt ]]; then pip install -r requirements.txt; fi
2022-12-27T11:39:39.5409120Z Collecting Cython
2022-12-27T11:39:39.5457290Z   Using cached Cython-0.29.32-py2.py3-none-any.whl (986 kB)
2022-12-27T11:39:39.5906970Z Installing collected packages: Cython
2022-12-27T11:39:40.0786400Z Successfully installed Cython-0.29.32
2022-12-27T11:39:40.1196650Z ##[endgroup]
2022-12-27T11:39:40.1197300Z                                                               [32mâœ“ [0m1.30s
2022-12-27T11:39:40.1197810Z ##[group]Building wheel...
2022-12-27T11:39:40.1197960Z 
2022-12-27T11:39:40.1203310Z + python -m pip wheel /Users/runner/actions-runner/_work/python.build/python.build/build_lxml330beta539/lxml-3.3.0beta5 --wheel-dir=/private/var/folders/51/hd414ycd67n82196sw51xqtc0000gn/T/cibw-run-9p_rayh_/cp39-macosx_arm64/built_wheel --no-deps -vvv
2022-12-27T11:39:40.4053470Z Created temporary directory: /private/var/folders/51/hd414ycd67n82196sw51xqtc0000gn/T/pip-ephem-wheel-cache-iqwktbj1
2022-12-27T11:39:40.4058420Z Created temporary directory: /private/var/folders/51/hd414ycd67n82196sw51xqtc0000gn/T/pip-build-tracker-z1w_raq_
2022-12-27T11:39:40.4060280Z Initialized build tracking at /private/var/folders/51/hd414ycd67n82196sw51xqtc0000gn/T/pip-build-tracker-z1w_raq_
2022-12-27T11:39:40.4061860Z Created build tracker: /private/var/folders/51/hd414ycd67n82196sw51xqtc0000gn/T/pip-build-tracker-z1w_raq_
2022-12-27T11:39:40.4063750Z Entered build tracker: /private/var/folders/51/hd414ycd67n82196sw51xqtc0000gn/T/pip-build-tracker-z1w_raq_
2022-12-27T11:39:40.4067090Z Created temporary directory: /private/var/folders/51/hd414ycd67n82196sw51xqtc0000gn/T/pip-wheel-u7w6o11n
2022-12-27T11:39:40.4073850Z Created temporary directory: /private/var/folders/51/hd414ycd67n82196sw51xqtc0000gn/T/pip-ephem-wheel-cache-al35vyrf
2022-12-27T11:39:40.4225300Z Processing /Users/runner/actions-runner/_work/python.build/python.build/build_lxml330beta539/lxml-3.3.0beta5
2022-12-27T11:39:40.4231000Z   Added file:///Users/runner/actions-runner/_work/python.build/python.build/build_lxml330beta539/lxml-3.3.0beta5 to build tracker '/private/var/folders/51/hd414ycd67n82196sw51xqtc0000gn/T/pip-build-tracker-z1w_raq_'
2022-12-27T11:39:40.4235270Z   Running setup.py (path:/Users/runner/actions-runner/_work/python.build/python.build/build_lxml330beta539/lxml-3.3.0beta5/setup.py) egg_info for package from file:///Users/runner/actions-runner/_work/python.build/python.build/build_lxml330beta539/lxml-3.3.0beta5
2022-12-27T11:39:40.4238530Z   Created temporary directory: /private/var/folders/51/hd414ycd67n82196sw51xqtc0000gn/T/pip-pip-egg-info-p8wcerr7
2022-12-27T11:39:40.4240270Z   Preparing metadata (setup.py): started
2022-12-27T11:39:40.4242430Z   Running command python setup.py egg_info
2022-12-27T11:39:40.7749950Z   /private/var/folders/51/hd414ycd67n82196sw51xqtc0000gn/T/cibw-run-9p_rayh_/cp39-macosx_arm64/build/venv/lib/python3.9/site-packages/setuptools/_distutils/dist.py:265: UserWarning: Unknown distribution option: 'bugtrack_url'
2022-12-27T11:39:40.7750710Z     warnings.warn(msg)
2022-12-27T11:39:40.7767930Z   /private/var/folders/51/hd414ycd67n82196sw51xqtc0000gn/T/cibw-run-9p_rayh_/cp39-macosx_arm64/build/venv/lib/python3.9/site-packages/setuptools/dist.py:529: UserWarning: Normalizing '3.3.0beta5' to '3.3.0b5'
2022-12-27T11:39:40.7769360Z     warnings.warn(tmpl.format(**locals()))
2022-12-27T11:39:40.7847210Z   Building lxml version 3.3.0.beta5.
2022-12-27T11:39:40.7849000Z   Building without Cython.
2022-12-27T11:39:40.7850790Z   Using build configuration of libxslt 1.1.29
2022-12-27T11:39:40.7852870Z   Building against libxml2/libxslt in the following directory: /Library/Developer/CommandLineTools/SDKs/MacOSX12.1.sdk/usr/lib
2022-12-27T11:39:40.7854340Z   running egg_info
2022-12-27T11:39:40.7856380Z   creating /private/var/folders/51/hd414ycd67n82196sw51xqtc0000gn/T/pip-pip-egg-info-p8wcerr7/lxml.egg-info
2022-12-27T11:39:40.7869820Z   writing /private/var/folders/51/hd414ycd67n82196sw51xqtc0000gn/T/pip-pip-egg-info-p8wcerr7/lxml.egg-info/PKG-INFO
2022-12-27T11:39:40.7874840Z   writing dependency_links to /private/var/folders/51/hd414ycd67n82196sw51xqtc0000gn/T/pip-pip-egg-info-p8wcerr7/lxml.egg-info/dependency_links.txt
2022-12-27T11:39:40.7878870Z   writing top-level names to /private/var/folders/51/hd414ycd67n82196sw51xqtc0000gn/T/pip-pip-egg-info-p8wcerr7/lxml.egg-info/top_level.txt
2022-12-27T11:39:40.7881090Z   writing manifest file '/private/var/folders/51/hd414ycd67n82196sw51xqtc0000gn/T/pip-pip-egg-info-p8wcerr7/lxml.egg-info/SOURCES.txt'
2022-12-27T11:39:40.7968790Z   reading manifest file '/private/var/folders/51/hd414ycd67n82196sw51xqtc0000gn/T/pip-pip-egg-info-p8wcerr7/lxml.egg-info/SOURCES.txt'
2022-12-27T11:39:40.7972220Z   reading manifest template 'MANIFEST.in'
2022-12-27T11:39:40.9049530Z   adding license file 'LICENSES.txt'
2022-12-27T11:39:40.9119110Z   writing manifest file '/private/var/folders/51/hd414ycd67n82196sw51xqtc0000gn/T/pip-pip-egg-info-p8wcerr7/lxml.egg-info/SOURCES.txt'
2022-12-27T11:39:40.9353650Z   Preparing metadata (setup.py): finished with status 'done'
2022-12-27T11:39:40.9379600Z   Source in /Users/runner/actions-runner/_work/python.build/python.build/build_lxml330beta539/lxml-3.3.0beta5 has version 3.3.0b5, which satisfies requirement lxml==3.3.0b5 from file:///Users/runner/actions-runner/_work/python.build/python.build/build_lxml330beta539/lxml-3.3.0beta5
2022-12-27T11:39:40.9383390Z   Removed lxml==3.3.0b5 from file:///Users/runner/actions-runner/_work/python.build/python.build/build_lxml330beta539/lxml-3.3.0beta5 from build tracker '/private/var/folders/51/hd414ycd67n82196sw51xqtc0000gn/T/pip-build-tracker-z1w_raq_'
2022-12-27T11:39:40.9402250Z Created temporary directory: /private/var/folders/51/hd414ycd67n82196sw51xqtc0000gn/T/pip-unpack-7sm7utjo
2022-12-27T11:39:40.9404670Z Building wheels for collected packages: lxml
2022-12-27T11:39:40.9411940Z   Created temporary directory: /private/var/folders/51/hd414ycd67n82196sw51xqtc0000gn/T/pip-wheel-nwlyuwuq
2022-12-27T11:39:40.9414160Z   Building wheel for lxml (setup.py): started
2022-12-27T11:39:40.9416160Z   Destination directory: /private/var/folders/51/hd414ycd67n82196sw51xqtc0000gn/T/pip-wheel-nwlyuwuq
2022-12-27T11:39:40.9417820Z   Running command python setup.py bdist_wheel
2022-12-27T11:39:41.1687900Z   Building lxml version 3.3.0.beta5.
2022-12-27T11:39:41.1702830Z   Building without Cython.
2022-12-27T11:39:41.1821540Z   Using build configuration of libxslt 1.1.29
2022-12-27T11:39:41.2772230Z   Building against libxml2/libxslt in the following directory: /Library/Developer/CommandLineTools/SDKs/MacOSX12.1.sdk/usr/lib
2022-12-27T11:39:41.2853000Z   /private/var/folders/51/hd414ycd67n82196sw51xqtc0000gn/T/cibw-run-9p_rayh_/cp39-macosx_arm64/build/venv/lib/python3.9/site-packages/setuptools/_distutils/dist.py:265: UserWarning: Unknown distribution option: 'bugtrack_url'
2022-12-27T11:39:41.2853940Z     warnings.warn(msg)
2022-12-27T11:39:41.2880300Z   /private/var/folders/51/hd414ycd67n82196sw51xqtc0000gn/T/cibw-run-9p_rayh_/cp39-macosx_arm64/build/venv/lib/python3.9/site-packages/setuptools/dist.py:529: UserWarning: Normalizing '3.3.0beta5' to '3.3.0b5'
2022-12-27T11:39:41.2881670Z     warnings.warn(tmpl.format(**locals()))
2022-12-27T11:39:41.3027810Z   running bdist_wheel
2022-12-27T11:39:41.3072330Z   running build
2022-12-27T11:39:41.3074500Z   running build_py
2022-12-27T11:39:41.3096240Z   creating build
2022-12-27T11:39:41.3098490Z   creating build/lib.macosx-11.0-arm64-cpython-39
2022-12-27T11:39:41.3100370Z   creating build/lib.macosx-11.0-arm64-cpython-39/lxml
2022-12-27T11:39:41.3102330Z   copying src/lxml/_elementpath.py -> build/lib.macosx-11.0-arm64-cpython-39/lxml
2022-12-27T11:39:41.3104280Z   copying src/lxml/sax.py -> build/lib.macosx-11.0-arm64-cpython-39/lxml
2022-12-27T11:39:41.3106800Z   copying src/lxml/pyclasslookup.py -> build/lib.macosx-11.0-arm64-cpython-39/lxml
2022-12-27T11:39:41.3109580Z   copying src/lxml/__init__.py -> build/lib.macosx-11.0-arm64-cpython-39/lxml
2022-12-27T11:39:41.3112250Z   copying src/lxml/builder.py -> build/lib.macosx-11.0-arm64-cpython-39/lxml
2022-12-27T11:39:41.3116250Z   copying src/lxml/doctestcompare.py -> build/lib.macosx-11.0-arm64-cpython-39/lxml
2022-12-27T11:39:41.3119830Z   copying src/lxml/usedoctest.py -> build/lib.macosx-11.0-arm64-cpython-39/lxml
2022-12-27T11:39:41.3122590Z   copying src/lxml/cssselect.py -> build/lib.macosx-11.0-arm64-cpython-39/lxml
2022-12-27T11:39:41.3125400Z   copying src/lxml/ElementInclude.py -> build/lib.macosx-11.0-arm64-cpython-39/lxml
2022-12-27T11:39:41.3130440Z   creating build/lib.macosx-11.0-arm64-cpython-39/lxml/includes
2022-12-27T11:39:41.3132260Z   copying src/lxml/includes/__init__.py -> build/lib.macosx-11.0-arm64-cpython-39/lxml/includes
2022-12-27T11:39:41.3139270Z   creating build/lib.macosx-11.0-arm64-cpython-39/lxml/html
2022-12-27T11:39:41.3141240Z   copying src/lxml/html/soupparser.py -> build/lib.macosx-11.0-arm64-cpython-39/lxml/html
2022-12-27T11:39:41.3144130Z   copying src/lxml/html/defs.py -> build/lib.macosx-11.0-arm64-cpython-39/lxml/html
2022-12-27T11:39:41.3146310Z   copying src/lxml/html/_setmixin.py -> build/lib.macosx-11.0-arm64-cpython-39/lxml/html
2022-12-27T11:39:41.3149340Z   copying src/lxml/html/clean.py -> build/lib.macosx-11.0-arm64-cpython-39/lxml/html
2022-12-27T11:39:41.3152440Z   copying src/lxml/html/_diffcommand.py -> build/lib.macosx-11.0-arm64-cpython-39/lxml/html
2022-12-27T11:39:41.3155870Z   copying src/lxml/html/html5parser.py -> build/lib.macosx-11.0-arm64-cpython-39/lxml/html
2022-12-27T11:39:41.3157940Z   copying src/lxml/html/__init__.py -> build/lib.macosx-11.0-arm64-cpython-39/lxml/html
2022-12-27T11:39:41.3161240Z   copying src/lxml/html/formfill.py -> build/lib.macosx-11.0-arm64-cpython-39/lxml/html
2022-12-27T11:39:41.3164380Z   copying src/lxml/html/builder.py -> build/lib.macosx-11.0-arm64-cpython-39/lxml/html
2022-12-27T11:39:41.3166830Z   copying src/lxml/html/ElementSoup.py -> build/lib.macosx-11.0-arm64-cpython-39/lxml/html
2022-12-27T11:39:41.3169710Z   copying src/lxml/html/_html5builder.py -> build/lib.macosx-11.0-arm64-cpython-39/lxml/html
2022-12-27T11:39:41.3172610Z   copying src/lxml/html/usedoctest.py -> build/lib.macosx-11.0-arm64-cpython-39/lxml/html
2022-12-27T11:39:41.3175460Z   copying src/lxml/html/diff.py -> build/lib.macosx-11.0-arm64-cpython-39/lxml/html
2022-12-27T11:39:41.3180260Z   creating build/lib.macosx-11.0-arm64-cpython-39/lxml/isoschematron
2022-12-27T11:39:41.3182110Z   copying src/lxml/isoschematron/__init__.py -> build/lib.macosx-11.0-arm64-cpython-39/lxml/isoschematron
2022-12-27T11:39:41.3208120Z   copying src/lxml/lxml.etree.h -> build/lib.macosx-11.0-arm64-cpython-39/lxml
2022-12-27T11:39:41.3211390Z   copying src/lxml/lxml.etree_api.h -> build/lib.macosx-11.0-arm64-cpython-39/lxml
2022-12-27T11:39:41.3214530Z   copying src/lxml/includes/xmlerror.pxd -> build/lib.macosx-11.0-arm64-cpython-39/lxml/includes
2022-12-27T11:39:41.3217960Z   copying src/lxml/includes/c14n.pxd -> build/lib.macosx-11.0-arm64-cpython-39/lxml/includes
2022-12-27T11:39:41.3221260Z   copying src/lxml/includes/xmlschema.pxd -> build/lib.macosx-11.0-arm64-cpython-39/lxml/includes
2022-12-27T11:39:41.3224100Z   copying src/lxml/includes/schematron.pxd -> build/lib.macosx-11.0-arm64-cpython-39/lxml/includes
2022-12-27T11:39:41.3227050Z   copying src/lxml/includes/tree.pxd -> build/lib.macosx-11.0-arm64-cpython-39/lxml/includes
2022-12-27T11:39:41.3230250Z   copying src/lxml/includes/uri.pxd -> build/lib.macosx-11.0-arm64-cpython-39/lxml/includes
2022-12-27T11:39:41.3233290Z   copying src/lxml/includes/etreepublic.pxd -> build/lib.macosx-11.0-arm64-cpython-39/lxml/includes
2022-12-27T11:39:41.3236010Z   copying src/lxml/includes/xpath.pxd -> build/lib.macosx-11.0-arm64-cpython-39/lxml/includes
2022-12-27T11:39:41.3239150Z   copying src/lxml/includes/htmlparser.pxd -> build/lib.macosx-11.0-arm64-cpython-39/lxml/includes
2022-12-27T11:39:41.3242190Z   copying src/lxml/includes/xslt.pxd -> build/lib.macosx-11.0-arm64-cpython-39/lxml/includes
2022-12-27T11:39:41.3245160Z   copying src/lxml/includes/config.pxd -> build/lib.macosx-11.0-arm64-cpython-39/lxml/includes
2022-12-27T11:39:41.3247910Z   copying src/lxml/includes/xmlparser.pxd -> build/lib.macosx-11.0-arm64-cpython-39/lxml/includes
2022-12-27T11:39:41.3250780Z   copying src/lxml/includes/xinclude.pxd -> build/lib.macosx-11.0-arm64-cpython-39/lxml/includes
2022-12-27T11:39:41.3255260Z   copying src/lxml/includes/dtdvalid.pxd -> build/lib.macosx-11.0-arm64-cpython-39/lxml/includes
2022-12-27T11:39:41.3258820Z   copying src/lxml/includes/relaxng.pxd -> build/lib.macosx-11.0-arm64-cpython-39/lxml/includes
2022-12-27T11:39:41.3261930Z   copying src/lxml/includes/lxml-version.h -> build/lib.macosx-11.0-arm64-cpython-39/lxml/includes
2022-12-27T11:39:41.3265040Z   copying src/lxml/includes/etree_defs.h -> build/lib.macosx-11.0-arm64-cpython-39/lxml/includes
2022-12-27T11:39:41.3268670Z   creating build/lib.macosx-11.0-arm64-cpython-39/lxml/isoschematron/resources
2022-12-27T11:39:41.3270240Z   creating build/lib.macosx-11.0-arm64-cpython-39/lxml/isoschematron/resources/rng
2022-12-27T11:39:41.3272400Z   copying src/lxml/isoschematron/resources/rng/iso-schematron.rng -> build/lib.macosx-11.0-arm64-cpython-39/lxml/isoschematron/resources/rng
2022-12-27T11:39:41.3274680Z   creating build/lib.macosx-11.0-arm64-cpython-39/lxml/isoschematron/resources/xsl
2022-12-27T11:39:41.3276390Z   copying src/lxml/isoschematron/resources/xsl/XSD2Schtrn.xsl -> build/lib.macosx-11.0-arm64-cpython-39/lxml/isoschematron/resources/xsl
2022-12-27T11:39:41.3280040Z   copying src/lxml/isoschematron/resources/xsl/RNG2Schtrn.xsl -> build/lib.macosx-11.0-arm64-cpython-39/lxml/isoschematron/resources/xsl
2022-12-27T11:39:41.3283260Z   creating build/lib.macosx-11.0-arm64-cpython-39/lxml/isoschematron/resources/xsl/iso-schematron-xslt1
2022-12-27T11:39:41.3285050Z   copying src/lxml/isoschematron/resources/xsl/iso-schematron-xslt1/iso_abstract_expand.xsl -> build/lib.macosx-11.0-arm64-cpython-39/lxml/isoschematron/resources/xsl/iso-schematron-xslt1
2022-12-27T11:39:41.3288310Z   copying src/lxml/isoschematron/resources/xsl/iso-schematron-xslt1/iso_dsdl_include.xsl -> build/lib.macosx-11.0-arm64-cpython-39/lxml/isoschematron/resources/xsl/iso-schematron-xslt1
2022-12-27T11:39:41.3292190Z   copying src/lxml/isoschematron/resources/xsl/iso-schematron-xslt1/iso_schematron_skeleton_for_xslt1.xsl -> build/lib.macosx-11.0-arm64-cpython-39/lxml/isoschematron/resources/xsl/iso-schematron-xslt1
2022-12-27T11:39:41.3295930Z   copying src/lxml/isoschematron/resources/xsl/iso-schematron-xslt1/iso_svrl_for_xslt1.xsl -> build/lib.macosx-11.0-arm64-cpython-39/lxml/isoschematron/resources/xsl/iso-schematron-xslt1
2022-12-27T11:39:41.3299730Z   copying src/lxml/isoschematron/resources/xsl/iso-schematron-xslt1/iso_schematron_message.xsl -> build/lib.macosx-11.0-arm64-cpython-39/lxml/isoschematron/resources/xsl/iso-schematron-xslt1
2022-12-27T11:39:41.3303030Z   copying src/lxml/isoschematron/resources/xsl/iso-schematron-xslt1/readme.txt -> build/lib.macosx-11.0-arm64-cpython-39/lxml/isoschematron/resources/xsl/iso-schematron-xslt1
2022-12-27T11:39:41.3317270Z   running build_ext
2022-12-27T11:39:41.3716830Z   building 'lxml.etree' extension
2022-12-27T11:39:41.3718360Z   creating build/temp.macosx-11.0-arm64-cpython-39
2022-12-27T11:39:41.3720270Z   creating build/temp.macosx-11.0-arm64-cpython-39/src
2022-12-27T11:39:41.3722400Z   creating build/temp.macosx-11.0-arm64-cpython-39/src/lxml
2022-12-27T11:39:41.3725400Z   gcc -Wno-unused-result -Wsign-compare -Wunreachable-code -fno-common -dynamic -DNDEBUG -g -fwrapv -O3 -Wall -g -I/usr/local/opt/openssl@3/include -I/usr/local/opt/openssl@3/include -arch arm64 -I/Library/Developer/CommandLineTools/SDKs/MacOSX12.1.sdk/usr/include -I/Users/runner/actions-runner/_work/python.build/python.build/build_lxml330beta539/lxml-3.3.0beta5/src/lxml/includes -I/private/var/folders/51/hd414ycd67n82196sw51xqtc0000gn/T/cibw-run-9p_rayh_/cp39-macosx_arm64/build/venv/include -I/Library/Frameworks/Python.framework/Versions/3.9/include/python3.9 -c src/lxml/lxml.etree.c -o build/temp.macosx-11.0-arm64-cpython-39/src/lxml/lxml.etree.o -w -flat_namespace
2022-12-27T11:39:42.0623790Z   src/lxml/lxml.etree.c:188150:39: error: no member named 'tp_print' in 'struct _typeobject'
2022-12-27T11:39:42.0625120Z     __pyx_type_4lxml_5etree__BaseParser.tp_print = 0;
2022-12-27T11:39:42.0697030Z     ~~~~~~~~~~~~~~~~~~~~~~~~~~~~~~~~~~~ ^
2022-12-27T11:39:42.0697590Z   src/lxml/lxml.etree.c:188159:39: error: no member named 'tp_print' in 'struct _typeobject'
2022-12-27T11:39:42.0697940Z     __pyx_type_4lxml_5etree__FeedParser.tp_print = 0;
2022-12-27T11:39:42.0698300Z     ~~~~~~~~~~~~~~~~~~~~~~~~~~~~~~~~~~~ ^
2022-12-27T11:39:42.0698910Z   src/lxml/lxml.etree.c:188167:37: error: no member named 'tp_print' in 'struct _typeobject'
2022-12-27T11:39:42.0699200Z     __pyx_type_4lxml_5etree_XMLParser.tp_print = 0;
2022-12-27T11:39:42.0700100Z     ~~~~~~~~~~~~~~~~~~~~~~~~~~~~~~~~~ ^
2022-12-27T11:39:42.0700600Z   src/lxml/lxml.etree.c:188175:45: error: no member named 'tp_print' in 'struct _typeobject'
2022-12-27T11:39:42.0700970Z     __pyx_type_4lxml_5etree_ETCompatXMLParser.tp_print = 0;
2022-12-27T11:39:42.0701240Z     ~~~~~~~~~~~~~~~~~~~~~~~~~~~~~~~~~~~~~~~~~ ^
2022-12-27T11:39:42.0701690Z   src/lxml/lxml.etree.c:188180:19: error: no member named 'tp_print' in 'struct _typeobject'
2022-12-27T11:39:42.0702020Z     LxmlElementType.tp_print = 0;
2022-12-27T11:39:42.0702220Z     ~~~~~~~~~~~~~~~ ^
2022-12-27T11:39:42.0702470Z   src/lxml/lxml.etree.c:188257:48: error: no member named 'tp_print' in 'struct _typeobject'
2022-12-27T11:39:42.0702810Z     __pyx_type_4lxml_5etree___ContentOnlyElement.tp_print = 0;
2022-12-27T11:39:42.0703040Z     ~~~~~~~~~~~~~~~~~~~~~~~~~~~~~~~~~~~~~~~~~~~~ ^
2022-12-27T11:39:42.0703330Z   src/lxml/lxml.etree.c:188294:50: error: no member named 'tp_print' in 'struct _typeobject'
2022-12-27T11:39:42.0703580Z     __pyx_type_4lxml_5etree__ProcessingInstruction.tp_print = 0;
2022-12-27T11:39:42.0703790Z     ~~~~~~~~~~~~~~~~~~~~~~~~~~~~~~~~~~~~~~~~~~~~~~ ^
2022-12-27T11:39:42.0704040Z   src/lxml/lxml.etree.c:188302:34: error: no member named 'tp_print' in 'struct _typeobject'
2022-12-27T11:39:42.0704280Z     __pyx_type_4lxml_5etree_PIBase.tp_print = 0;
2022-12-27T11:39:42.0704450Z     ~~~~~~~~~~~~~~~~~~~~~~~~~~~~~~ ^
2022-12-27T11:39:42.0704820Z   src/lxml/lxml.etree.c:188310:54: error: no member named 'tp_print' in 'struct _typeobject'
2022-12-27T11:39:42.0705160Z     __pyx_type_4lxml_5etree__XSLTProcessingInstruction.tp_print = 0;
2022-12-27T11:39:42.0705380Z     ~~~~~~~~~~~~~~~~~~~~~~~~~~~~~~~~~~~~~~~~~~~~~~~~~~ ^
2022-12-27T11:39:42.0705730Z   src/lxml/lxml.etree.c:188318:41: error: no member named 'tp_print' in 'struct _typeobject'
2022-12-27T11:39:42.0705940Z     __pyx_type_4lxml_5etree_XMLPullParser.tp_print = 0;
2022-12-27T11:39:42.0706140Z     ~~~~~~~~~~~~~~~~~~~~~~~~~~~~~~~~~~~~~ ^
2022-12-27T11:39:42.0706430Z   src/lxml/lxml.etree.c:188323:58: error: no member named 'tp_print' in 'struct _typeobject'
2022-12-27T11:39:42.0706650Z     __pyx_type_4lxml_5etree___pyx_scope_struct__itervalues.tp_print = 0;
2022-12-27T11:39:42.0707570Z     ~~~~~~~~~~~~~~~~~~~~~~~~~~~~~~~~~~~~~~~~~~~~~~~~~~~~~~ ^
2022-12-27T11:39:42.0707940Z   src/lxml/lxml.etree.c:188329:46: error: no member named 'tp_print' in 'struct _typeobject'
2022-12-27T11:39:42.0708430Z     __pyx_type_4lxml_5etree__NamespaceRegistry.tp_print = 0;
2022-12-27T11:39:42.0708640Z     ~~~~~~~~~~~~~~~~~~~~~~~~~~~~~~~~~~~~~~~~~~ ^
2022-12-27T11:39:42.0708990Z   src/lxml/lxml.etree.c:188336:54: error: no member named 'tp_print' in 'struct _typeobject'
2022-12-27T11:39:42.0709230Z     __pyx_type_4lxml_5etree__FunctionNamespaceRegistry.tp_print = 0;
2022-12-27T11:39:42.0709430Z     ~~~~~~~~~~~~~~~~~~~~~~~~~~~~~~~~~~~~~~~~~~~~~~~~~~ ^
2022-12-27T11:39:42.0709730Z   src/lxml/lxml.etree.c:188343:59: error: no member named 'tp_print' in 'struct _typeobject'
2022-12-27T11:39:42.0709990Z     __pyx_type_4lxml_5etree__XPathFunctionNamespaceRegistry.tp_print = 0;
2022-12-27T11:39:42.0710220Z     ~~~~~~~~~~~~~~~~~~~~~~~~~~~~~~~~~~~~~~~~~~~~~~~~~~~~~~~ ^
2022-12-27T11:39:42.0710490Z   src/lxml/lxml.etree.c:188354:46: error: no member named 'tp_print' in 'struct _typeobject'
2022-12-27T11:39:42.0710730Z     __pyx_type_4lxml_5etree__FileReaderContext.tp_print = 0;
2022-12-27T11:39:42.0710930Z     ~~~~~~~~~~~~~~~~~~~~~~~~~~~~~~~~~~~~~~~~~~ ^
2022-12-27T11:39:42.0711190Z   src/lxml/lxml.etree.c:188365:41: error: no member named 'tp_print' in 'struct _typeobject'
2022-12-27T11:39:42.0711480Z     __pyx_type_4lxml_5etree__BaseErrorLog.tp_print = 0;
2022-12-27T11:39:42.0711680Z     ~~~~~~~~~~~~~~~~~~~~~~~~~~~~~~~~~~~~~ ^
2022-12-27T11:39:42.0711930Z   src/lxml/lxml.etree.c:188372:29: error: no member named 'tp_print' in 'struct _typeobject'
2022-12-27T11:39:42.0712170Z     LxmlElementTagMatcherType.tp_print = 0;
2022-12-27T11:39:42.0712370Z     ~~~~~~~~~~~~~~~~~~~~~~~~~ ^
2022-12-27T11:39:42.0712930Z   src/lxml/lxml.etree.c:188379:32: error: no member named 'tp_print' in 'struct _typeobject'
2022-12-27T11:39:42.0713210Z     __pyx_type_4lxml_5etree_XSLT.tp_print = 0;
2022-12-27T11:39:42.0713390Z     ~~~~~~~~~~~~~~~~~~~~~~~~~~~~ ^
2022-12-27T11:39:42.0713690Z   src/lxml/lxml.etree.c:188397:53: error: no member named 'tp_print' in 'struct _typeobject'
2022-12-27T11:39:42.0713920Z     __pyx_type_4lxml_5etree_ElementDepthFirstIterator.tp_print = 0;
2022-12-27T11:39:42.0714140Z     ~~~~~~~~~~~~~~~~~~~~~~~~~~~~~~~~~~~~~~~~~~~~~~~~~ ^
2022-12-27T11:39:42.0714420Z   fatal error: too many errors emitted, stopping now [-ferror-limit=]
2022-12-27T11:39:42.1190870Z   20 errors generated.
2022-12-27T11:39:42.1234560Z   error: command '/usr/bin/gcc' failed with exit code 1
2022-12-27T11:39:42.1581180Z   error: subprocess-exited-with-error
2022-12-27T11:39:42.1581480Z   
2022-12-27T11:39:42.1581800Z   Ã— python setup.py bdist_wheel did not run successfully.
2022-12-27T11:39:42.1582130Z   â”‚ exit code: 1
2022-12-27T11:39:42.1582440Z   â•°â”€> See above for output.
2022-12-27T11:39:42.1582620Z   
2022-12-27T11:39:42.1582900Z   note: This error originates from a subprocess, and is likely not a problem with pip.
2022-12-27T11:39:42.1590240Z   full command: /private/var/folders/51/hd414ycd67n82196sw51xqtc0000gn/T/cibw-run-9p_rayh_/cp39-macosx_arm64/build/venv/bin/python -u -c '
2022-12-27T11:39:42.1590710Z   exec(compile('"'"''"'"''"'"'
2022-12-27T11:39:42.1591050Z   # This is <pip-setuptools-caller> -- a caller that pip uses to run setup.py
2022-12-27T11:39:42.1591280Z   #
2022-12-27T11:39:42.1591530Z   # - It imports setuptools before invoking setup.py, to enable projects that directly
2022-12-27T11:39:42.1591780Z   #   import from `distutils.core` to work with newer packaging standards.
2022-12-27T11:39:42.1592050Z   # - It provides a clear error message when setuptools is not installed.
2022-12-27T11:39:42.1592440Z   # - It sets `sys.argv[0]` to the underlying `setup.py`, when invoking `setup.py` so
2022-12-27T11:39:42.1592830Z   #   setuptools doesn'"'"'t think the script is `-c`. This avoids the following warning:
2022-12-27T11:39:42.1593100Z   #     manifest_maker: standard file '"'"'-c'"'"' not found".
2022-12-27T11:39:42.1593860Z   # - It generates a shim setup.py, for handling setup.cfg-only projects.
2022-12-27T11:39:42.1594070Z   import os, sys, tokenize
2022-12-27T11:39:42.1594240Z   
2022-12-27T11:39:42.1594350Z   try:
2022-12-27T11:39:42.1594530Z       import setuptools
2022-12-27T11:39:42.1594690Z   except ImportError as error:
2022-12-27T11:39:42.1594820Z       print(
2022-12-27T11:39:42.1594990Z           "ERROR: Can not execute `setup.py` since setuptools is not available in "
2022-12-27T11:39:42.1595160Z           "the build environment.",
2022-12-27T11:39:42.1595300Z           file=sys.stderr,
2022-12-27T11:39:42.1595410Z       )
2022-12-27T11:39:42.1595560Z       sys.exit(1)
2022-12-27T11:39:42.1595680Z   
2022-12-27T11:39:42.1595810Z   __file__ = %r
2022-12-27T11:39:42.1595970Z   sys.argv[0] = __file__
2022-12-27T11:39:42.1596100Z   
2022-12-27T11:39:42.1596230Z   if os.path.exists(__file__):
2022-12-27T11:39:42.1596400Z       filename = __file__
2022-12-27T11:39:42.1596550Z       with tokenize.open(__file__) as f:
2022-12-27T11:39:42.1596740Z           setup_py_code = f.read()
2022-12-27T11:39:42.1596890Z   else:
2022-12-27T11:39:42.1597090Z       filename = "<auto-generated setuptools caller>"
2022-12-27T11:39:42.1597320Z       setup_py_code = "from setuptools import setup; setup()"
2022-12-27T11:39:42.1597500Z   
2022-12-27T11:39:42.1597650Z   exec(compile(setup_py_code, filename, "exec"))
2022-12-27T11:39:42.1598130Z   '"'"''"'"''"'"' % ('"'"'/Users/runner/actions-runner/_work/python.build/python.build/build_lxml330beta539/lxml-3.3.0beta5/setup.py'"'"',), "<pip-setuptools-caller>", "exec"))' bdist_wheel -d /private/var/folders/51/hd414ycd67n82196sw51xqtc0000gn/T/pip-wheel-nwlyuwuq
2022-12-27T11:39:42.1598600Z   cwd: /Users/runner/actions-runner/_work/python.build/python.build/build_lxml330beta539/lxml-3.3.0beta5/
2022-12-27T11:39:42.1599040Z   ERROR: Failed building wheel for lxml
2022-12-27T11:39:42.1599380Z   Building wheel for lxml (setup.py): finished with status 'error'
2022-12-27T11:39:42.1599710Z   Running setup.py clean for lxml
2022-12-27T11:39:42.1600900Z   Running command python setup.py clean
2022-12-27T11:39:42.3868820Z   Building lxml version 3.3.0.beta5.
2022-12-27T11:39:42.3870540Z   Building without Cython.
2022-12-27T11:39:42.3999250Z   Using build configuration of libxslt 1.1.29
2022-12-27T11:39:42.4930370Z   Building against libxml2/libxslt in the following directory: /Library/Developer/CommandLineTools/SDKs/MacOSX12.1.sdk/usr/lib
2022-12-27T11:39:42.5008380Z   /private/var/folders/51/hd414ycd67n82196sw51xqtc0000gn/T/cibw-run-9p_rayh_/cp39-macosx_arm64/build/venv/lib/python3.9/site-packages/setuptools/_distutils/dist.py:265: UserWarning: Unknown distribution option: 'bugtrack_url'
2022-12-27T11:39:42.5009500Z     warnings.warn(msg)
2022-12-27T11:39:42.5036480Z   /private/var/folders/51/hd414ycd67n82196sw51xqtc0000gn/T/cibw-run-9p_rayh_/cp39-macosx_arm64/build/venv/lib/python3.9/site-packages/setuptools/dist.py:529: UserWarning: Normalizing '3.3.0beta5' to '3.3.0b5'
2022-12-27T11:39:42.5037900Z     warnings.warn(tmpl.format(**locals()))
2022-12-27T11:39:42.5074710Z   running clean
2022-12-27T11:39:42.5111170Z   removing 'build/temp.macosx-11.0-arm64-cpython-39' (and everything under it)
2022-12-27T11:39:42.5115110Z   removing 'build/lib.macosx-11.0-arm64-cpython-39' (and everything under it)
2022-12-27T11:39:42.5168380Z   'build/bdist.macosx-11.0-arm64' does not exist -- can't clean it
2022-12-27T11:39:42.5170220Z   'build/scripts-3.9' does not exist -- can't clean it
2022-12-27T11:39:42.5172010Z   removing 'build'
2022-12-27T11:39:42.5399310Z Failed to build lxml
2022-12-27T11:39:42.5403880Z ERROR: Failed to build one or more wheels
2022-12-27T11:39:42.5413730Z Exception information:
2022-12-27T11:39:42.5414040Z Traceback (most recent call last):
2022-12-27T11:39:42.5421770Z   File "/private/var/folders/51/hd414ycd67n82196sw51xqtc0000gn/T/cibw-run-9p_rayh_/cp39-macosx_arm64/build/venv/lib/python3.9/site-packages/pip/_internal/cli/base_command.py", line 160, in exc_logging_wrapper
2022-12-27T11:39:42.5422640Z     status = run_func(*args)
2022-12-27T11:39:42.5423260Z   File "/private/var/folders/51/hd414ycd67n82196sw51xqtc0000gn/T/cibw-run-9p_rayh_/cp39-macosx_arm64/build/venv/lib/python3.9/site-packages/pip/_internal/cli/req_command.py", line 247, in wrapper
2022-12-27T11:39:42.5423640Z     return func(self, options, args)
2022-12-27T11:39:42.5424170Z   File "/private/var/folders/51/hd414ycd67n82196sw51xqtc0000gn/T/cibw-run-9p_rayh_/cp39-macosx_arm64/build/venv/lib/python3.9/site-packages/pip/_internal/commands/wheel.py", line 201, in run
2022-12-27T11:39:42.5424580Z     raise CommandError("Failed to build one or more wheels")
2022-12-27T11:39:42.5424850Z pip._internal.exceptions.CommandError: Failed to build one or more wheels
2022-12-27T11:39:42.5425310Z Removed build tracker: '/private/var/folders/51/hd414ycd67n82196sw51xqtc0000gn/T/pip-build-tracker-z1w_raq_'
2022-12-27T11:39:42.5810200Z ##[endgroup]
2022-12-27T11:39:42.5831860Z ##[error]Command ['python', '-m', 'pip', 'wheel', '/Users/runner/actions-runner/_work/python.build/python.build/build_lxml330beta539/lxml-3.3.0beta5', '--wheel-dir=/private/var/folders/51/hd414ycd67n82196sw51xqtc0000gn/T/cibw-run-9p_rayh_/cp39-macosx_arm64/built_wheel', '--no-deps', '-vvv'] failed with code 1. None
2022-12-27T11:39:42.5838300Z 
2022-12-27T11:39:42.5838590Z                                                               [31mâœ• [0m2.46s
2022-12-27T11:39:42.6276620Z ##[error]Process completed with exit code 1.
2022-12-27T11:39:42.6307100Z ##[group]Run rm -rf build_lxml330beta539 wheelsout
2022-12-27T11:39:42.6307290Z [36;1mrm -rf build_lxml330beta539 wheelsout[0m
2022-12-27T11:39:42.6322400Z shell: /bin/bash -e {0}
2022-12-27T11:39:42.6322520Z env:
2022-12-27T11:39:42.6322670Z   pythonLocation: /Users/runner/hostedtoolcache/Python/3.9.16/x64
2022-12-27T11:39:42.6322870Z   PKG_CONFIG_PATH: /Users/runner/hostedtoolcache/Python/3.9.16/x64/lib/pkgconfig
2022-12-27T11:39:42.6323060Z   Python_ROOT_DIR: /Users/runner/hostedtoolcache/Python/3.9.16/x64
2022-12-27T11:39:42.6323240Z   Python2_ROOT_DIR: /Users/runner/hostedtoolcache/Python/3.9.16/x64
2022-12-27T11:39:42.6323400Z   Python3_ROOT_DIR: /Users/runner/hostedtoolcache/Python/3.9.16/x64
2022-12-27T11:39:42.6323540Z ##[endgroup]
2022-12-27T11:39:42.6865430Z Cleaning up orphan processes
