2022-12-27T01:50:55.8897136Z Requested labels: self-hosted, macOS, X64
2022-12-27T01:50:55.8897193Z Job defined at: kilnbuild/python.build/.github/workflows/mac_arm_build.yml@refs/heads/main
2022-12-27T01:50:55.8897224Z Waiting for a runner to pick up this job...
2022-12-27T01:53:59.3690026Z Job is about to start running on the runner: k1 (organization)
2022-12-27T01:54:04.1853160Z Current runner version: '2.300.2'
2022-12-27T01:54:04.1858030Z Runner name: 'k1'
2022-12-27T01:54:04.1858280Z Runner group name: 'Default'
2022-12-27T01:54:04.1858730Z Machine name: 'k1'
2022-12-27T01:54:04.1860190Z ##[group]GITHUB_TOKEN Permissions
2022-12-27T01:54:04.1860590Z Actions: write
2022-12-27T01:54:04.1860730Z Checks: write
2022-12-27T01:54:04.1860860Z Contents: write
2022-12-27T01:54:04.1860990Z Deployments: write
2022-12-27T01:54:04.1861140Z Discussions: write
2022-12-27T01:54:04.1861270Z Issues: write
2022-12-27T01:54:04.1861390Z Metadata: read
2022-12-27T01:54:04.1861530Z Packages: write
2022-12-27T01:54:04.1861660Z Pages: write
2022-12-27T01:54:04.1861790Z PullRequests: write
2022-12-27T01:54:04.1861960Z RepositoryProjects: write
2022-12-27T01:54:04.1862110Z SecurityEvents: write
2022-12-27T01:54:04.1862250Z Statuses: write
2022-12-27T01:54:04.1862380Z ##[endgroup]
2022-12-27T01:54:04.1864810Z Secret source: Actions
2022-12-27T01:54:04.1865130Z Prepare workflow directory
2022-12-27T01:54:04.2509690Z Prepare all required actions
2022-12-27T01:54:04.2634370Z Getting action download info
2022-12-27T01:54:04.6881140Z Download action repository 'actions/setup-python@v4' (SHA:5ccb29d8773c3f3f653e1705f474dfaa8a06a912)
2022-12-27T01:54:06.0338010Z Download action repository 'actions/upload-artifact@v3' (SHA:83fd05a356d7e2593de66fc9913b3002723633cb)
2022-12-27T01:54:07.2976860Z ##[group]Run echo '{
2022-12-27T01:54:07.2977180Z [36;1mecho '{[0m
2022-12-27T01:54:07.2977420Z [36;1m  "environment_variables": "GRPC_PYTHON_BUILD_WITH_CYTHON=1 GRPC_BUILD_WITH_BORING_SSL_ASM='' GRPC_PYTHON_BUILD_SYSTEM_OPENSSL=TRUE",[0m
2022-12-27T01:54:07.2977670Z [36;1m  "package_name": "grpcio",[0m
2022-12-27T01:54:07.2977930Z [36;1m  "package_url": "https://files.pythonhosted.org/packages/57/f3/465521e2fbab1504530b90550f0487e96e2799f934d1098219623efb49ef/grpcio-1.6.3.tar.gz",[0m
2022-12-27T01:54:07.2978170Z [36;1m  "package_version": "1.6.3",[0m
2022-12-27T01:54:07.2978350Z [36;1m  "python_version": "3.11",[0m
2022-12-27T01:54:07.2978500Z [36;1m  "use_ccache": "true"[0m
2022-12-27T01:54:07.2978600Z [36;1m}'[0m
2022-12-27T01:54:07.2993860Z shell: /bin/bash -e {0}
2022-12-27T01:54:07.2994080Z ##[endgroup]
2022-12-27T01:54:07.3211070Z {
2022-12-27T01:54:07.3212720Z   "environment_variables": "GRPC_PYTHON_BUILD_WITH_CYTHON=1 GRPC_BUILD_WITH_BORING_SSL_ASM= GRPC_PYTHON_BUILD_SYSTEM_OPENSSL=TRUE",
2022-12-27T01:54:07.3212990Z   "package_name": "grpcio",
2022-12-27T01:54:07.3213710Z   "package_url": "https://files.pythonhosted.org/packages/57/f3/465521e2fbab1504530b90550f0487e96e2799f934d1098219623efb49ef/grpcio-1.6.3.tar.gz",
2022-12-27T01:54:07.3213990Z   "package_version": "1.6.3",
2022-12-27T01:54:07.3214140Z   "python_version": "3.11",
2022-12-27T01:54:07.3214310Z   "use_ccache": "true"
2022-12-27T01:54:07.3214490Z }
2022-12-27T01:54:07.3431850Z ##[group]Run actions/setup-python@v4
2022-12-27T01:54:07.3432150Z with:
2022-12-27T01:54:07.3432290Z   python-version: 3.11
2022-12-27T01:54:07.3432470Z   check-latest: false
2022-12-27T01:54:07.3432780Z   token: ***
2022-12-27T01:54:07.3433090Z   update-environment: true
2022-12-27T01:54:07.3433300Z ##[endgroup]
2022-12-27T01:54:07.4675110Z ##[group]Installed versions
2022-12-27T01:54:07.4777420Z Successfully set up CPython (3.11.1)
2022-12-27T01:54:07.4778490Z ##[endgroup]
2022-12-27T01:54:07.4929700Z ##[group]Run if [ "true" == "true" ]
2022-12-27T01:54:07.4930150Z [36;1mif [ "true" == "true" ][0m
2022-12-27T01:54:07.4930340Z [36;1mthen[0m
2022-12-27T01:54:07.4930520Z [36;1m  echo "CCACHE_PATH_PREPEND=/usr/local/opt/ccache/libexec" >> $GITHUB_OUTPUT[0m
2022-12-27T01:54:07.4930990Z [36;1melse[0m
2022-12-27T01:54:07.4931190Z [36;1m  echo "CCACHE_PATH_PREPEND=" >> $GITHUB_OUTPUT[0m
2022-12-27T01:54:07.4931470Z [36;1mfi[0m
2022-12-27T01:54:07.4948910Z shell: /bin/bash -e {0}
2022-12-27T01:54:07.4949130Z env:
2022-12-27T01:54:07.4949430Z   pythonLocation: /Users/runner/hostedtoolcache/Python/3.11.1/x64
2022-12-27T01:54:07.4949670Z   PKG_CONFIG_PATH: /Users/runner/hostedtoolcache/Python/3.11.1/x64/lib/pkgconfig
2022-12-27T01:54:07.4950350Z   Python_ROOT_DIR: /Users/runner/hostedtoolcache/Python/3.11.1/x64
2022-12-27T01:54:07.4950590Z   Python2_ROOT_DIR: /Users/runner/hostedtoolcache/Python/3.11.1/x64
2022-12-27T01:54:07.4950840Z   Python3_ROOT_DIR: /Users/runner/hostedtoolcache/Python/3.11.1/x64
2022-12-27T01:54:07.4951120Z ##[endgroup]
2022-12-27T01:54:07.5060020Z ##[group]Run echo "BUILD_NAME=$(echo grpcio_1.6.3_3.11 | tr -dc '[:alnum:]\n\r' | tr '[:upper:]' '[:lower:]')" >> $GITHUB_OUTPUT
2022-12-27T01:54:07.5060570Z [36;1mecho "BUILD_NAME=$(echo grpcio_1.6.3_3.11 | tr -dc '[:alnum:]\n\r' | tr '[:upper:]' '[:lower:]')" >> $GITHUB_OUTPUT[0m
2022-12-27T01:54:07.5075700Z shell: /bin/bash -e {0}
2022-12-27T01:54:07.5075910Z env:
2022-12-27T01:54:07.5076200Z   pythonLocation: /Users/runner/hostedtoolcache/Python/3.11.1/x64
2022-12-27T01:54:07.5076490Z   PKG_CONFIG_PATH: /Users/runner/hostedtoolcache/Python/3.11.1/x64/lib/pkgconfig
2022-12-27T01:54:07.5076770Z   Python_ROOT_DIR: /Users/runner/hostedtoolcache/Python/3.11.1/x64
2022-12-27T01:54:07.5077040Z   Python2_ROOT_DIR: /Users/runner/hostedtoolcache/Python/3.11.1/x64
2022-12-27T01:54:07.5077310Z   Python3_ROOT_DIR: /Users/runner/hostedtoolcache/Python/3.11.1/x64
2022-12-27T01:54:07.5077580Z ##[endgroup]
2022-12-27T01:54:07.5204610Z ##[group]Run echo "PYTHON_NO_DOTS=$(echo 3.11 | tr -dc '[:alnum:]\n\r' | tr '[:upper:]' '[:lower:]')" >> $GITHUB_OUTPUT
2022-12-27T01:54:07.5204970Z [36;1mecho "PYTHON_NO_DOTS=$(echo 3.11 | tr -dc '[:alnum:]\n\r' | tr '[:upper:]' '[:lower:]')" >> $GITHUB_OUTPUT[0m
2022-12-27T01:54:07.5220210Z shell: /bin/bash -e {0}
2022-12-27T01:54:07.5220320Z env:
2022-12-27T01:54:07.5220500Z   pythonLocation: /Users/runner/hostedtoolcache/Python/3.11.1/x64
2022-12-27T01:54:07.5220740Z   PKG_CONFIG_PATH: /Users/runner/hostedtoolcache/Python/3.11.1/x64/lib/pkgconfig
2022-12-27T01:54:07.5220950Z   Python_ROOT_DIR: /Users/runner/hostedtoolcache/Python/3.11.1/x64
2022-12-27T01:54:07.5221160Z   Python2_ROOT_DIR: /Users/runner/hostedtoolcache/Python/3.11.1/x64
2022-12-27T01:54:07.5221410Z   Python3_ROOT_DIR: /Users/runner/hostedtoolcache/Python/3.11.1/x64
2022-12-27T01:54:07.5221590Z ##[endgroup]
2022-12-27T01:54:07.5339230Z ##[group]Run rm -rf build_grpcio163311
2022-12-27T01:54:07.5339580Z [36;1mrm -rf build_grpcio163311[0m
2022-12-27T01:54:07.5339800Z [36;1mmkdir build_grpcio163311[0m
2022-12-27T01:54:07.5339980Z [36;1mcd build_grpcio163311[0m
2022-12-27T01:54:07.5340230Z [36;1m/usr/local/bin/wget --quiet https://files.pythonhosted.org/packages/57/f3/465521e2fbab1504530b90550f0487e96e2799f934d1098219623efb49ef/grpcio-1.6.3.tar.gz[0m
2022-12-27T01:54:07.5340480Z [36;1mtar xf *.tar.gz[0m
2022-12-27T01:54:07.5340690Z [36;1mcd grpcio-*/[0m
2022-12-27T01:54:07.5340880Z [36;1mpython -m pip install cibuildwheel==2.11.3[0m
2022-12-27T01:54:07.5341090Z [36;1mpython -m cibuildwheel --output-dir ../wheelsout[0m
2022-12-27T01:54:07.5355860Z shell: /bin/bash -e {0}
2022-12-27T01:54:07.5356110Z env:
2022-12-27T01:54:07.5356330Z   pythonLocation: /Users/runner/hostedtoolcache/Python/3.11.1/x64
2022-12-27T01:54:07.5356640Z   PKG_CONFIG_PATH: /Users/runner/hostedtoolcache/Python/3.11.1/x64/lib/pkgconfig
2022-12-27T01:54:07.5356910Z   Python_ROOT_DIR: /Users/runner/hostedtoolcache/Python/3.11.1/x64
2022-12-27T01:54:07.5357200Z   Python2_ROOT_DIR: /Users/runner/hostedtoolcache/Python/3.11.1/x64
2022-12-27T01:54:07.5357450Z   Python3_ROOT_DIR: /Users/runner/hostedtoolcache/Python/3.11.1/x64
2022-12-27T01:54:07.5357640Z   CIBW_ARCHS_MACOS: arm64
2022-12-27T01:54:07.5357820Z   CIBW_TEST_SKIP: *_arm64
2022-12-27T01:54:07.5358020Z   CIBW_BUILD: cp311-macosx_arm64
2022-12-27T01:54:07.5358210Z   CIBW_BUILD_FRONTEND: pip
2022-12-27T01:54:07.5358400Z   CIBW_BUILD_VERBOSITY: 3
2022-12-27T01:54:07.5358800Z   CIBW_ENVIRONMENT_MACOS: GRPC_PYTHON_BUILD_WITH_CYTHON=1 GRPC_BUILD_WITH_BORING_SSL_ASM='' GRPC_PYTHON_BUILD_SYSTEM_OPENSSL=TRUE CFLAGS="-I/usr/local/opt/openssl@3/include" LDFLAGS="-L/usr/local/opt/openssl@3/lib" CPPFLAGS="-I/usr/local/opt/openssl@3/include" MAKEFLAGS="-j$(sysctl -n hw.logicalcpu)" PATH=/usr/local/opt/ccache/libexec:$PATH
2022-12-27T01:54:07.5359410Z   CIBW_BEFORE_BUILD: pip install Cython; if [[ -f requirements.txt ]]; then pip install -r requirements.txt; fi
2022-12-27T01:54:07.5359640Z   MAKEFLAGS: -j$(sysctl -n hw.logicalcpu)
2022-12-27T01:54:07.5359870Z ##[endgroup]
2022-12-27T01:54:09.2458510Z Requirement already satisfied: cibuildwheel==2.11.3 in /Library/Frameworks/Python.framework/Versions/3.11/lib/python3.11/site-packages (2.11.3)
2022-12-27T01:54:09.2786210Z Requirement already satisfied: bashlex!=0.13 in /Library/Frameworks/Python.framework/Versions/3.11/lib/python3.11/site-packages (from cibuildwheel==2.11.3) (0.16)
2022-12-27T01:54:09.2792570Z Requirement already satisfied: bracex in /Library/Frameworks/Python.framework/Versions/3.11/lib/python3.11/site-packages (from cibuildwheel==2.11.3) (2.3.post1)
2022-12-27T01:54:09.2798650Z Requirement already satisfied: certifi in /Library/Frameworks/Python.framework/Versions/3.11/lib/python3.11/site-packages (from cibuildwheel==2.11.3) (2022.12.7)
2022-12-27T01:54:09.2804960Z Requirement already satisfied: filelock in /Library/Frameworks/Python.framework/Versions/3.11/lib/python3.11/site-packages (from cibuildwheel==2.11.3) (3.8.2)
2022-12-27T01:54:09.2814340Z Requirement already satisfied: packaging>=20.9 in /Library/Frameworks/Python.framework/Versions/3.11/lib/python3.11/site-packages (from cibuildwheel==2.11.3) (22.0)
2022-12-27T01:54:09.2822120Z Requirement already satisfied: platformdirs in /Library/Frameworks/Python.framework/Versions/3.11/lib/python3.11/site-packages (from cibuildwheel==2.11.3) (2.6.0)
2022-12-27T01:54:09.5141390Z 
2022-12-27T01:54:09.5141840Z      _ _       _ _   _       _           _
2022-12-27T01:54:09.5142800Z  ___|_| |_ _ _|_| |_| |_ _ _| |_ ___ ___| |
2022-12-27T01:54:09.5143430Z |  _| | . | | | | | . | | | |   | -_| -_| |
2022-12-27T01:54:09.5144010Z |___|_|___|___|_|_|___|_____|_|_|___|___|_|
2022-12-27T01:54:09.5144180Z 
2022-12-27T01:54:09.5144320Z cibuildwheel version 2.11.3
2022-12-27T01:54:09.5144480Z 
2022-12-27T01:54:09.5144560Z Build options:
2022-12-27T01:54:09.5144810Z   platform: macos
2022-12-27T01:54:09.5283250Z   architectures: arm64[0m
2022-12-27T01:54:09.5283850Z   build_selector: 
2022-12-27T01:54:09.5284440Z     build_config: cp311-macosx_arm64
2022-12-27T01:54:09.5284820Z     skip_config: 
2022-12-27T01:54:09.5285160Z     requires_python: None
2022-12-27T01:54:09.5285580Z     prerelease_pythons: False[0m
2022-12-27T01:54:09.5286000Z   [38;5;244mcontainer_engine: docker[0m
2022-12-27T01:54:09.5286490Z   output_dir: /Users/runner/actions-runner/_work/python.build/python.build/build_grpcio163311/wheelsout[0m
2022-12-27T01:54:09.5287010Z   package_dir: /Users/runner/actions-runner/_work/python.build/python.build/build_grpcio163311/grpcio-1.6.3[0m
2022-12-27T01:54:09.5287350Z   test_selector: 
2022-12-27T01:54:09.5287640Z     skip_config: *_arm64[0m
2022-12-27T01:54:09.5288020Z   [38;5;244mbefore_all: [0m
2022-12-27T01:54:09.5288500Z   before_build: pip install Cython; if [[ -f requirements.txt ]]; then pip install -r requirements.txt; fi[0m
2022-12-27T01:54:09.5288890Z   [38;5;244mbefore_test: [0m
2022-12-27T01:54:09.5289200Z   [38;5;244mbuild_frontend: pip[0m
2022-12-27T01:54:09.5289460Z   build_verbosity: 3[0m
2022-12-27T01:54:09.5289810Z   [38;5;244mconfig_settings: [0m
2022-12-27T01:54:09.5290150Z   [38;5;244mdependency_constraints: pinned[0m
2022-12-27T01:54:09.5290380Z   environment: 
2022-12-27T01:54:09.5290630Z     GRPC_PYTHON_BUILD_WITH_CYTHON=1
2022-12-27T01:54:09.5290980Z     GRPC_BUILD_WITH_BORING_SSL_ASM=''
2022-12-27T01:54:09.5291230Z     GRPC_PYTHON_BUILD_SYSTEM_OPENSSL=TRUE
2022-12-27T01:54:09.5291610Z     CFLAGS="-I/usr/local/opt/openssl@3/include"
2022-12-27T01:54:09.5291970Z     LDFLAGS="-L/usr/local/opt/openssl@3/lib"
2022-12-27T01:54:09.5292290Z     CPPFLAGS="-I/usr/local/opt/openssl@3/include"
2022-12-27T01:54:09.5292700Z     MAKEFLAGS="-j$(sysctl -n hw.logicalcpu)"
2022-12-27T01:54:09.5293360Z     PATH=/usr/local/opt/ccache/libexec:$PATH[0m
2022-12-27T01:54:09.5293700Z   [38;5;244mmanylinux_images: None[0m
2022-12-27T01:54:09.5293980Z   [38;5;244mmusllinux_images: None[0m
2022-12-27T01:54:09.5294420Z   [38;5;244mrepair_command: delocate-wheel --require-archs {delocate_archs} -w {dest_dir} -v {wheel}[0m
2022-12-27T01:54:09.5294850Z   [38;5;244mtest_command: [0m
2022-12-27T01:54:09.5295110Z   [38;5;244mtest_extras: [0m
2022-12-27T01:54:09.5295400Z   [38;5;244mtest_requires: [0m
2022-12-27T01:54:09.5295560Z 
2022-12-27T01:54:09.5295680Z Cache folder: /Users/runner/Library/Caches/cibuildwheel
2022-12-27T01:54:09.5300600Z 
2022-12-27T01:54:09.5300990Z Here we go!
2022-12-27T01:54:09.5301120Z 
2022-12-27T01:54:09.5416290Z 
2022-12-27T01:54:09.5416790Z [1m[34mBuilding cp311-macosx_arm64 wheel[0m
2022-12-27T01:54:09.5417170Z CPython 3.11 macOS arm64 - Apple Silicon
2022-12-27T01:54:09.5417350Z 
2022-12-27T01:54:09.5418970Z ##[group]Installing Python cp311...
2022-12-27T01:54:09.5419180Z 
2022-12-27T01:54:09.5419490Z + pkgutil --pkgs
2022-12-27T01:54:09.5528250Z ##[endgroup]
2022-12-27T01:54:09.5528970Z                                                               [32mâœ“ [0m0.01s
2022-12-27T01:54:09.5529420Z ##[group]Setting up build environment...
2022-12-27T01:54:09.5529530Z 
2022-12-27T01:54:09.5548080Z + /Library/Frameworks/Python.framework/Versions/3.11/bin/python -sS /Users/runner/Library/Caches/cibuildwheel/virtualenv-20.17.0.pyz --activators= --no-periodic-update --pip=22.3.1 --setuptools=65.6.3 --wheel=0.38.4 --symlink-app-data --python /Library/Frameworks/Python.framework/Versions/3.11/bin/python3 /private/var/folders/51/hd414ycd67n82196sw51xqtc0000gn/T/cibw-run-4_3buwux/cp311-macosx_arm64/build/venv
2022-12-27T01:54:09.7492250Z created virtual environment CPython3.11.1.final.0-64 in 54ms
2022-12-27T01:54:09.7493110Z   creator CPython3Posix(dest=/private/var/folders/51/hd414ycd67n82196sw51xqtc0000gn/T/cibw-run-4_3buwux/cp311-macosx_arm64/build/venv, clear=False, no_vcs_ignore=False, global=False)
2022-12-27T01:54:09.7493870Z   seeder FromAppData(download=False, pip=22.3.1, setuptools=65.6.3, wheel=0.38.4, via=symlink, app_data_dir=/Users/runner/Library/Application Support/virtualenv)
2022-12-27T01:54:09.7494230Z     added seed packages: pip==22.3.1, setuptools==65.6.3, wheel==0.38.4
2022-12-27T01:54:09.7643530Z + python -m pip install --upgrade pip -c /Library/Frameworks/Python.framework/Versions/3.11/lib/python3.11/site-packages/cibuildwheel/resources/constraints-python311.txt
2022-12-27T01:54:10.0340760Z Requirement already satisfied: pip in ./lib/python3.11/site-packages (22.3.1)
2022-12-27T01:54:10.2834620Z + which pip
2022-12-27T01:54:10.2855680Z /private/var/folders/51/hd414ycd67n82196sw51xqtc0000gn/T/cibw-run-4_3buwux/cp311-macosx_arm64/build/venv/bin/pip
2022-12-27T01:54:10.2857640Z + pip --version
2022-12-27T01:54:10.4831050Z pip 22.3.1 from /private/var/folders/51/hd414ycd67n82196sw51xqtc0000gn/T/cibw-run-4_3buwux/cp311-macosx_arm64/build/venv/lib/python3.11/site-packages/pip (python 3.11)
2022-12-27T01:54:10.5119220Z + which pip
2022-12-27T01:54:10.5145910Z + which python
2022-12-27T01:54:10.5167580Z /private/var/folders/51/hd414ycd67n82196sw51xqtc0000gn/T/cibw-run-4_3buwux/cp311-macosx_arm64/build/venv/bin/python
2022-12-27T01:54:10.5169940Z + python --version
2022-12-27T01:54:10.5227750Z Python 3.11.1
2022-12-27T01:54:10.5231420Z + which python
2022-12-27T01:54:10.5286480Z ##[endgroup]
2022-12-27T01:54:10.5286990Z                                                               [32mâœ“ [0m0.98s
2022-12-27T01:54:10.5287660Z ##[group]Installing build tools...
2022-12-27T01:54:10.5287830Z 
2022-12-27T01:54:10.5288360Z + pip install --upgrade setuptools wheel delocate -c /Library/Frameworks/Python.framework/Versions/3.11/lib/python3.11/site-packages/cibuildwheel/resources/constraints-python311.txt
2022-12-27T01:54:10.8055380Z Requirement already satisfied: setuptools in /private/var/folders/51/hd414ycd67n82196sw51xqtc0000gn/T/cibw-run-4_3buwux/cp311-macosx_arm64/build/venv/lib/python3.11/site-packages (65.6.3)
2022-12-27T01:54:10.9757420Z Requirement already satisfied: wheel in /private/var/folders/51/hd414ycd67n82196sw51xqtc0000gn/T/cibw-run-4_3buwux/cp311-macosx_arm64/build/venv/lib/python3.11/site-packages (0.38.4)
2022-12-27T01:54:11.0214310Z Collecting delocate
2022-12-27T01:54:11.0239050Z   Using cached delocate-0.10.3-py3-none-any.whl (142 kB)
2022-12-27T01:54:11.0500210Z Collecting packaging>=20.9
2022-12-27T01:54:11.0519620Z   Using cached packaging-21.3-py3-none-any.whl (40 kB)
2022-12-27T01:54:11.0669840Z Collecting typing-extensions
2022-12-27T01:54:11.0688600Z   Using cached typing_extensions-4.4.0-py3-none-any.whl (26 kB)
2022-12-27T01:54:11.0990870Z Collecting pyparsing!=3.0.5,>=2.0.2
2022-12-27T01:54:11.1009650Z   Using cached pyparsing-3.0.9-py3-none-any.whl (98 kB)
2022-12-27T01:54:11.1567780Z Installing collected packages: typing-extensions, pyparsing, packaging, delocate
2022-12-27T01:54:11.2862120Z Successfully installed delocate-0.10.3 packaging-21.3 pyparsing-3.0.9 typing-extensions-4.4.0
2022-12-27T01:54:11.3334070Z ##[endgroup]
2022-12-27T01:54:11.3334610Z                                                               [32mâœ“ [0m0.80s
2022-12-27T01:54:11.3335360Z ##[group]Running before_build...
2022-12-27T01:54:11.3335530Z 
2022-12-27T01:54:11.3339450Z + pip install Cython; if [[ -f requirements.txt ]]; then pip install -r requirements.txt; fi
2022-12-27T01:54:11.9087210Z Collecting Cython
2022-12-27T01:54:11.9131780Z   Using cached Cython-0.29.32-py2.py3-none-any.whl (986 kB)
2022-12-27T01:54:11.9618050Z Installing collected packages: Cython
2022-12-27T01:54:12.3835330Z Successfully installed Cython-0.29.32
2022-12-27T01:54:13.0469540Z Collecting coverage>=4.0
2022-12-27T01:54:13.0494450Z   Using cached coverage-7.0.1-cp311-cp311-macosx_10_9_x86_64.whl (188 kB)
2022-12-27T01:54:13.0599110Z Requirement already satisfied: cython>=0.23 in /private/var/folders/51/hd414ycd67n82196sw51xqtc0000gn/T/cibw-run-4_3buwux/cp311-macosx_arm64/build/venv/lib/python3.11/site-packages (from -r requirements.txt (line 3)) (0.29.32)
2022-12-27T01:54:13.0728400Z Collecting enum34>=1.0.4
2022-12-27T01:54:13.0748420Z   Using cached enum34-1.1.10-py3-none-any.whl (11 kB)
2022-12-27T01:54:13.0877690Z Collecting futures>=2.2.0
2022-12-27T01:54:13.0878920Z   Using cached futures-3.0.5-py3-none-any.whl
2022-12-27T01:54:13.3202500Z Collecting protobuf>=3.2.0
2022-12-27T01:54:13.3231810Z   Using cached protobuf-4.21.12-cp37-abi3-macosx_10_9_universal2.whl (486 kB)
2022-12-27T01:54:13.3471740Z Collecting six>=1.10
2022-12-27T01:54:13.3488110Z   Using cached six-1.16.0-py2.py3-none-any.whl (11 kB)
2022-12-27T01:54:13.3507470Z Requirement already satisfied: wheel>=0.29 in /private/var/folders/51/hd414ycd67n82196sw51xqtc0000gn/T/cibw-run-4_3buwux/cp311-macosx_arm64/build/venv/lib/python3.11/site-packages (from -r requirements.txt (line 8)) (0.38.4)
2022-12-27T01:54:13.3907990Z Installing collected packages: futures, enum34, six, protobuf, coverage
2022-12-27T01:54:13.6288320Z Successfully installed coverage-7.0.1 enum34-1.1.10 futures-3.0.5 protobuf-4.21.12 six-1.16.0
2022-12-27T01:54:13.6848200Z ##[endgroup]
2022-12-27T01:54:13.6848970Z                                                               [32mâœ“ [0m2.35s
2022-12-27T01:54:13.6849450Z ##[group]Building wheel...
2022-12-27T01:54:13.6849550Z 
2022-12-27T01:54:13.6853040Z + python -m pip wheel /Users/runner/actions-runner/_work/python.build/python.build/build_grpcio163311/grpcio-1.6.3 --wheel-dir=/private/var/folders/51/hd414ycd67n82196sw51xqtc0000gn/T/cibw-run-4_3buwux/cp311-macosx_arm64/built_wheel --no-deps -vvv
2022-12-27T01:54:13.9381530Z Created temporary directory: /private/var/folders/51/hd414ycd67n82196sw51xqtc0000gn/T/pip-ephem-wheel-cache-3x649svs
2022-12-27T01:54:13.9386500Z Created temporary directory: /private/var/folders/51/hd414ycd67n82196sw51xqtc0000gn/T/pip-build-tracker-79ow78jn
2022-12-27T01:54:13.9388140Z Initialized build tracking at /private/var/folders/51/hd414ycd67n82196sw51xqtc0000gn/T/pip-build-tracker-79ow78jn
2022-12-27T01:54:13.9389830Z Created build tracker: /private/var/folders/51/hd414ycd67n82196sw51xqtc0000gn/T/pip-build-tracker-79ow78jn
2022-12-27T01:54:13.9390840Z Entered build tracker: /private/var/folders/51/hd414ycd67n82196sw51xqtc0000gn/T/pip-build-tracker-79ow78jn
2022-12-27T01:54:13.9394100Z Created temporary directory: /private/var/folders/51/hd414ycd67n82196sw51xqtc0000gn/T/pip-wheel-qjwnbtfs
2022-12-27T01:54:13.9398970Z Created temporary directory: /private/var/folders/51/hd414ycd67n82196sw51xqtc0000gn/T/pip-ephem-wheel-cache-um9o9ni3
2022-12-27T01:54:13.9471340Z Processing /Users/runner/actions-runner/_work/python.build/python.build/build_grpcio163311/grpcio-1.6.3
2022-12-27T01:54:13.9475910Z   Added file:///Users/runner/actions-runner/_work/python.build/python.build/build_grpcio163311/grpcio-1.6.3 to build tracker '/private/var/folders/51/hd414ycd67n82196sw51xqtc0000gn/T/pip-build-tracker-79ow78jn'
2022-12-27T01:54:13.9478840Z   Running setup.py (path:/Users/runner/actions-runner/_work/python.build/python.build/build_grpcio163311/grpcio-1.6.3/setup.py) egg_info for package from file:///Users/runner/actions-runner/_work/python.build/python.build/build_grpcio163311/grpcio-1.6.3
2022-12-27T01:54:13.9481360Z   Created temporary directory: /private/var/folders/51/hd414ycd67n82196sw51xqtc0000gn/T/pip-pip-egg-info-lx9ku9f8
2022-12-27T01:54:13.9482360Z   Preparing metadata (setup.py): started
2022-12-27T01:54:13.9483630Z   Running command python setup.py egg_info
2022-12-27T01:54:14.3281230Z   /private/var/folders/51/hd414ycd67n82196sw51xqtc0000gn/T/cibw-run-4_3buwux/cp311-macosx_arm64/build/venv/lib/python3.11/site-packages/Cython/Compiler/Main.py:369: FutureWarning: Cython directive 'language_level' not set, using 2 for now (Py2). This will change in a later release! File: /Users/runner/actions-runner/_work/python.build/python.build/build_grpcio163311/grpcio-1.6.3/src/python/grpcio/grpc/_cython/cygrpc.pxd
2022-12-27T01:54:14.3282170Z     tree = Parsing.p_module(s, pxd, full_module_name)
2022-12-27T01:54:14.3674660Z   warning: src/python/grpcio/grpc/_cython/_cygrpc/grpc.pxi:136:13: 'GRPC_ARG_PRIMARY_USER_AGENT_STRING' redeclared
2022-12-27T01:54:15.1101340Z   Compiling src/python/grpcio/grpc/_cython/cygrpc.pyx because it depends on /private/var/folders/51/hd414ycd67n82196sw51xqtc0000gn/T/cibw-run-4_3buwux/cp311-macosx_arm64/build/venv/lib/python3.11/site-packages/Cython/Includes/libc/time.pxd.
2022-12-27T01:54:15.1102170Z   [1/1] Cythonizing src/python/grpcio/grpc/_cython/cygrpc.pyx
2022-12-27T01:54:15.1280330Z   running egg_info
2022-12-27T01:54:15.1284120Z   creating /private/var/folders/51/hd414ycd67n82196sw51xqtc0000gn/T/pip-pip-egg-info-lx9ku9f8/grpcio.egg-info
2022-12-27T01:54:15.1295350Z   writing /private/var/folders/51/hd414ycd67n82196sw51xqtc0000gn/T/pip-pip-egg-info-lx9ku9f8/grpcio.egg-info/PKG-INFO
2022-12-27T01:54:15.1299180Z   writing dependency_links to /private/var/folders/51/hd414ycd67n82196sw51xqtc0000gn/T/pip-pip-egg-info-lx9ku9f8/grpcio.egg-info/dependency_links.txt
2022-12-27T01:54:15.1300940Z   writing requirements to /private/var/folders/51/hd414ycd67n82196sw51xqtc0000gn/T/pip-pip-egg-info-lx9ku9f8/grpcio.egg-info/requires.txt
2022-12-27T01:54:15.1302390Z   writing top-level names to /private/var/folders/51/hd414ycd67n82196sw51xqtc0000gn/T/pip-pip-egg-info-lx9ku9f8/grpcio.egg-info/top_level.txt
2022-12-27T01:54:15.1305150Z   writing manifest file '/private/var/folders/51/hd414ycd67n82196sw51xqtc0000gn/T/pip-pip-egg-info-lx9ku9f8/grpcio.egg-info/SOURCES.txt'
2022-12-27T01:54:15.1355280Z   reading manifest file '/private/var/folders/51/hd414ycd67n82196sw51xqtc0000gn/T/pip-pip-egg-info-lx9ku9f8/grpcio.egg-info/SOURCES.txt'
2022-12-27T01:54:15.1357390Z   reading manifest template 'PYTHON-MANIFEST.in'
2022-12-27T01:54:15.1380830Z   warning: no files found matching '*.h' under directory 'src/python/grpcio/grpc'
2022-12-27T01:54:15.1440610Z   warning: no files found matching '*.python' under directory 'src/python/grpcio/grpc'
2022-12-27T01:54:15.1453540Z   warning: no previously-included files matching '*.so' found under directory 'src/python/grpcio/grpc/_cython'
2022-12-27T01:54:15.1454730Z   warning: no previously-included files matching '*.pyd' found under directory 'src/python/grpcio/grpc/_cython'
2022-12-27T01:54:15.2129240Z   warning: no files found matching 'src/python/grpcio/precompiled.py'
2022-12-27T01:54:15.2537100Z   writing manifest file '/private/var/folders/51/hd414ycd67n82196sw51xqtc0000gn/T/pip-pip-egg-info-lx9ku9f8/grpcio.egg-info/SOURCES.txt'
2022-12-27T01:54:15.3290600Z   Preparing metadata (setup.py): finished with status 'done'
2022-12-27T01:54:15.3314330Z   Source in /Users/runner/actions-runner/_work/python.build/python.build/build_grpcio163311/grpcio-1.6.3 has version 1.6.3, which satisfies requirement grpcio==1.6.3 from file:///Users/runner/actions-runner/_work/python.build/python.build/build_grpcio163311/grpcio-1.6.3
2022-12-27T01:54:15.3317650Z   Removed grpcio==1.6.3 from file:///Users/runner/actions-runner/_work/python.build/python.build/build_grpcio163311/grpcio-1.6.3 from build tracker '/private/var/folders/51/hd414ycd67n82196sw51xqtc0000gn/T/pip-build-tracker-79ow78jn'
2022-12-27T01:54:15.3334500Z Created temporary directory: /private/var/folders/51/hd414ycd67n82196sw51xqtc0000gn/T/pip-unpack-orcbvtlw
2022-12-27T01:54:15.3336330Z Building wheels for collected packages: grpcio
2022-12-27T01:54:15.3341490Z   Created temporary directory: /private/var/folders/51/hd414ycd67n82196sw51xqtc0000gn/T/pip-wheel-zkijfhf4
2022-12-27T01:54:15.3342670Z   Building wheel for grpcio (setup.py): started
2022-12-27T01:54:15.3344250Z   Destination directory: /private/var/folders/51/hd414ycd67n82196sw51xqtc0000gn/T/pip-wheel-zkijfhf4
2022-12-27T01:54:15.3345420Z   Running command python setup.py bdist_wheel
2022-12-27T01:54:15.7217030Z   running bdist_wheel
2022-12-27T01:54:15.7246790Z   running build
2022-12-27T01:54:15.7421140Z   running build_py
2022-12-27T01:54:15.7422960Z   running build_project_metadata
2022-12-27T01:54:15.7425130Z   creating python_build
2022-12-27T01:54:15.7427210Z   creating python_build/lib.macosx-11.0-arm64-cpython-311
2022-12-27T01:54:15.7428860Z   creating python_build/lib.macosx-11.0-arm64-cpython-311/grpc
2022-12-27T01:54:15.7431360Z   copying src/python/grpcio/grpc/_channel.py -> python_build/lib.macosx-11.0-arm64-cpython-311/grpc
2022-12-27T01:54:15.7432760Z   copying src/python/grpcio/grpc/_common.py -> python_build/lib.macosx-11.0-arm64-cpython-311/grpc
2022-12-27T01:54:15.7434600Z   copying src/python/grpcio/grpc/__init__.py -> python_build/lib.macosx-11.0-arm64-cpython-311/grpc
2022-12-27T01:54:15.7436430Z   copying src/python/grpcio/grpc/_utilities.py -> python_build/lib.macosx-11.0-arm64-cpython-311/grpc
2022-12-27T01:54:15.7438280Z   copying src/python/grpcio/grpc/_plugin_wrapping.py -> python_build/lib.macosx-11.0-arm64-cpython-311/grpc
2022-12-27T01:54:15.7440180Z   copying src/python/grpcio/grpc/_grpcio_metadata.py -> python_build/lib.macosx-11.0-arm64-cpython-311/grpc
2022-12-27T01:54:15.7442060Z   copying src/python/grpcio/grpc/_server.py -> python_build/lib.macosx-11.0-arm64-cpython-311/grpc
2022-12-27T01:54:15.7443970Z   copying src/python/grpcio/grpc/_auth.py -> python_build/lib.macosx-11.0-arm64-cpython-311/grpc
2022-12-27T01:54:15.7446060Z   copying src/python/grpcio/grpc/_credential_composition.py -> python_build/lib.macosx-11.0-arm64-cpython-311/grpc
2022-12-27T01:54:15.7447910Z   creating python_build/lib.macosx-11.0-arm64-cpython-311/grpc/beta
2022-12-27T01:54:15.7449930Z   copying src/python/grpcio/grpc/beta/_server_adaptations.py -> python_build/lib.macosx-11.0-arm64-cpython-311/grpc/beta
2022-12-27T01:54:15.7451730Z   copying src/python/grpcio/grpc/beta/interfaces.py -> python_build/lib.macosx-11.0-arm64-cpython-311/grpc/beta
2022-12-27T01:54:15.7453530Z   copying src/python/grpcio/grpc/beta/__init__.py -> python_build/lib.macosx-11.0-arm64-cpython-311/grpc/beta
2022-12-27T01:54:15.7455440Z   copying src/python/grpcio/grpc/beta/utilities.py -> python_build/lib.macosx-11.0-arm64-cpython-311/grpc/beta
2022-12-27T01:54:15.7457390Z   copying src/python/grpcio/grpc/beta/implementations.py -> python_build/lib.macosx-11.0-arm64-cpython-311/grpc/beta
2022-12-27T01:54:15.7459130Z   copying src/python/grpcio/grpc/beta/_client_adaptations.py -> python_build/lib.macosx-11.0-arm64-cpython-311/grpc/beta
2022-12-27T01:54:15.7460650Z   creating python_build/lib.macosx-11.0-arm64-cpython-311/grpc/framework
2022-12-27T01:54:15.7462390Z   copying src/python/grpcio/grpc/framework/__init__.py -> python_build/lib.macosx-11.0-arm64-cpython-311/grpc/framework
2022-12-27T01:54:15.7464030Z   creating python_build/lib.macosx-11.0-arm64-cpython-311/grpc/_cython
2022-12-27T01:54:15.7465860Z   copying src/python/grpcio/grpc/_cython/__init__.py -> python_build/lib.macosx-11.0-arm64-cpython-311/grpc/_cython
2022-12-27T01:54:15.7467540Z   creating python_build/lib.macosx-11.0-arm64-cpython-311/grpc/framework/foundation
2022-12-27T01:54:15.7469650Z   copying src/python/grpcio/grpc/framework/foundation/callable_util.py -> python_build/lib.macosx-11.0-arm64-cpython-311/grpc/framework/foundation
2022-12-27T01:54:15.7471300Z   copying src/python/grpcio/grpc/framework/foundation/abandonment.py -> python_build/lib.macosx-11.0-arm64-cpython-311/grpc/framework/foundation
2022-12-27T01:54:15.7472960Z   copying src/python/grpcio/grpc/framework/foundation/__init__.py -> python_build/lib.macosx-11.0-arm64-cpython-311/grpc/framework/foundation
2022-12-27T01:54:15.7474470Z   copying src/python/grpcio/grpc/framework/foundation/stream.py -> python_build/lib.macosx-11.0-arm64-cpython-311/grpc/framework/foundation
2022-12-27T01:54:15.7475950Z   copying src/python/grpcio/grpc/framework/foundation/stream_util.py -> python_build/lib.macosx-11.0-arm64-cpython-311/grpc/framework/foundation
2022-12-27T01:54:15.7477360Z   copying src/python/grpcio/grpc/framework/foundation/future.py -> python_build/lib.macosx-11.0-arm64-cpython-311/grpc/framework/foundation
2022-12-27T01:54:15.7479240Z   copying src/python/grpcio/grpc/framework/foundation/logging_pool.py -> python_build/lib.macosx-11.0-arm64-cpython-311/grpc/framework/foundation
2022-12-27T01:54:15.7480670Z   creating python_build/lib.macosx-11.0-arm64-cpython-311/grpc/framework/common
2022-12-27T01:54:15.7482700Z   copying src/python/grpcio/grpc/framework/common/style.py -> python_build/lib.macosx-11.0-arm64-cpython-311/grpc/framework/common
2022-12-27T01:54:15.7484840Z   copying src/python/grpcio/grpc/framework/common/cardinality.py -> python_build/lib.macosx-11.0-arm64-cpython-311/grpc/framework/common
2022-12-27T01:54:15.7485960Z   copying src/python/grpcio/grpc/framework/common/__init__.py -> python_build/lib.macosx-11.0-arm64-cpython-311/grpc/framework/common
2022-12-27T01:54:15.7487900Z   creating python_build/lib.macosx-11.0-arm64-cpython-311/grpc/framework/interfaces
2022-12-27T01:54:15.7489470Z   copying src/python/grpcio/grpc/framework/interfaces/__init__.py -> python_build/lib.macosx-11.0-arm64-cpython-311/grpc/framework/interfaces
2022-12-27T01:54:15.7491000Z   creating python_build/lib.macosx-11.0-arm64-cpython-311/grpc/framework/interfaces/face
2022-12-27T01:54:15.7492450Z   copying src/python/grpcio/grpc/framework/interfaces/face/__init__.py -> python_build/lib.macosx-11.0-arm64-cpython-311/grpc/framework/interfaces/face
2022-12-27T01:54:15.7494090Z   copying src/python/grpcio/grpc/framework/interfaces/face/utilities.py -> python_build/lib.macosx-11.0-arm64-cpython-311/grpc/framework/interfaces/face
2022-12-27T01:54:15.7495260Z   copying src/python/grpcio/grpc/framework/interfaces/face/face.py -> python_build/lib.macosx-11.0-arm64-cpython-311/grpc/framework/interfaces/face
2022-12-27T01:54:15.7496640Z   creating python_build/lib.macosx-11.0-arm64-cpython-311/grpc/framework/interfaces/base
2022-12-27T01:54:15.7498130Z   copying src/python/grpcio/grpc/framework/interfaces/base/__init__.py -> python_build/lib.macosx-11.0-arm64-cpython-311/grpc/framework/interfaces/base
2022-12-27T01:54:15.7499550Z   copying src/python/grpcio/grpc/framework/interfaces/base/utilities.py -> python_build/lib.macosx-11.0-arm64-cpython-311/grpc/framework/interfaces/base
2022-12-27T01:54:15.7501340Z   copying src/python/grpcio/grpc/framework/interfaces/base/base.py -> python_build/lib.macosx-11.0-arm64-cpython-311/grpc/framework/interfaces/base
2022-12-27T01:54:15.7502590Z   creating python_build/lib.macosx-11.0-arm64-cpython-311/grpc/_cython/_cygrpc
2022-12-27T01:54:15.7504280Z   copying src/python/grpcio/grpc/_cython/_cygrpc/__init__.py -> python_build/lib.macosx-11.0-arm64-cpython-311/grpc/_cython/_cygrpc
2022-12-27T01:54:15.7505670Z   creating python_build/lib.macosx-11.0-arm64-cpython-311/grpc/_cython/_credentials
2022-12-27T01:54:15.7507200Z   copying src/python/grpcio/grpc/_cython/_credentials/roots.pem -> python_build/lib.macosx-11.0-arm64-cpython-311/grpc/_cython/_credentials
2022-12-27T01:54:15.7508590Z   running build_ext
2022-12-27T01:54:18.7115040Z   b'[C]       Compiling third_party/cares/cares/ares__close_sockets.c\n[C]       Compiling third_party/cares/cares/ares__get_hostent.c\n[C]       Compiling third_party/cares/cares/ares__read_line.c\n[C]       Compiling third_party/cares/cares/ares__timeval.c\n[C]       Compiling third_party/cares/cares/ares_cancel.c\n[C]       Compiling third_party/cares/cares/ares_create_query.c\n[C]       Compiling third_party/cares/cares/ares_data.c\n[C]       Compiling third_party/cares/cares/ares_destroy.c\n[C]       Compiling third_party/cares/cares/ares_expand_name.c\n[C]       Compiling third_party/cares/cares/ares_expand_string.c\n[C]       Compiling third_party/cares/cares/ares_fds.c\n[C]       Compiling third_party/cares/cares/ares_free_hostent.c\n[C]       Compiling third_party/cares/cares/ares_free_string.c\n[C]       Compiling third_party/cares/cares/ares_getenv.c\n[C]       Compiling third_party/cares/cares/ares_gethostbyaddr.c\n[C]       Compiling third_party/cares/cares/ares_gethostbyname.c\n[C]       Compiling third_party/cares/cares/ares_getnameinfo.c\n[C]       Compiling third_party/cares/cares/ares_getopt.c\n[C]       Compiling third_party/cares/cares/ares_getsock.c\n[C]       Compiling third_party/cares/cares/ares_init.c\n[C]       Compiling third_party/cares/cares/ares_library_init.c\n[C]       Compiling third_party/cares/cares/ares_llist.c\n[C]       Compiling third_party/cares/cares/ares_mkquery.c\n[C]       Compiling third_party/cares/cares/ares_nowarn.c\n[C]       Compiling third_party/cares/cares/ares_options.c\n[C]       Compiling third_party/cares/cares/ares_parse_a_reply.c\n[C]       Compiling third_party/cares/cares/ares_parse_aaaa_reply.c\n[C]       Compiling third_party/cares/cares/ares_parse_mx_reply.c\n[C]       Compiling third_party/cares/cares/ares_parse_naptr_reply.c\n[C]       Compiling third_party/cares/cares/ares_parse_ns_reply.c\n[C]       Compiling third_party/cares/cares/ares_parse_ptr_reply.c\n[C]       Compiling third_party/cares/cares/ares_parse_soa_reply.c\n[C]       Compiling third_party/cares/cares/ares_parse_srv_reply.c\n[C]       Compiling third_party/cares/cares/ares_parse_txt_reply.c\n[C]       Compiling third_party/cares/cares/ares_platform.c\n[C]       Compiling third_party/cares/cares/ares_process.c\n[C]       Compiling third_party/cares/cares/ares_query.c\n[C]       Compiling third_party/cares/cares/ares_search.c\n[C]       Compiling third_party/cares/cares/ares_send.c\n[C]       Compiling third_party/cares/cares/ares_strcasecmp.c\n[C]       Compiling third_party/cares/cares/ares_strdup.c\n[C]       Compiling third_party/cares/cares/ares_strerror.c\n[C]       Compiling third_party/cares/cares/ares_timeout.c\n[C]       Compiling third_party/cares/cares/ares_version.c\n[C]       Compiling third_party/cares/cares/ares_writev.c\n[C]       Compiling third_party/cares/cares/bitncmp.c\n[C]       Compiling third_party/cares/cares/inet_net_pton.c\n[C]       Compiling third_party/cares/cares/inet_ntop.c\n[C]       Compiling third_party/cares/cares/windows_port.c\n[C]       Compiling third_party/zlib/adler32.c\n[C]       Compiling third_party/zlib/compress.c\n[C]       Compiling third_party/zlib/crc32.c\n[C]       Compiling third_party/zlib/deflate.c\n[C]       Compiling third_party/zlib/gzclose.c\n[C]       Compiling third_party/zlib/gzread.c\n[C]       Compiling third_party/zlib/gzlib.c\n[C]       Compiling third_party/zlib/gzwrite.c\n[C]       Compiling third_party/zlib/infback.c\n[C]       Compiling third_party/zlib/inffast.c\n[C]       Compiling third_party/zlib/inflate.c\n[C]       Compiling third_party/zlib/inftrees.c\n[C]       Compiling third_party/zlib/trees.c\n[C]       Compiling third_party/zlib/uncompr.c\n[C]       Compiling third_party/zlib/zutil.c\n[C]       Compiling src/boringssl/err_data.c\n[C]       Compiling third_party/boringssl/crypto/aes/aes.c\n[C]       Compiling third_party/boringssl/crypto/aes/key_wrap.c\n[C]       Compiling third_party/boringssl/crypto/aes/mode_wrappers.c\n[C]       Compiling third_party/boringssl/crypto/asn1/a_bitstr.c\n[C]       Compiling third_party/boringssl/crypto/asn1/a_bool.c\n[C]       Compiling third_party/boringssl/crypto/asn1/a_d2i_fp.c\n[C]       Compiling third_party/boringssl/crypto/asn1/a_dup.c\n[C]       Compiling third_party/boringssl/crypto/asn1/a_enum.c\n'
2022-12-27T01:54:18.7267660Z   b"make: Circular /Users/runner/actions-runner/_work/python.build/python.build/build_grpcio163311/grpcio-1.6.3/libs/opt/libares.a <- /Users/runner/actions-runner/_work/python.build/python.build/build_grpcio163311/grpcio-1.6.3/libs/opt/libz.a dependency dropped.\nIn file included from src/boringssl/err_data.c:17:\nthird_party/boringssl/include/openssl/base.h:133:9: error: 'OPENSSL_VERSION_NUMBER' macro redefined [-Werror,-Wmacro-redefined]\n#define OPENSSL_VERSION_NUMBER 0x100020af\n        ^\n/usr/local/opt/openssl@3/include/openssl/opensslv.h:99:10: note: previous definition is here\n# define OPENSSL_VERSION_NUMBER          \\\n         ^\nIn file included from src/boringssl/err_data.c:18:\nIn file included from /usr/local/opt/openssl@3/include/openssl/err.h:21:\n/usr/local/opt/openssl@3/include/openssl/e_os2.h:183:11: error: 'OPENSSL_EXPORT' macro redefined [-Werror,-Wmacro-redefined]\n#  define OPENSSL_EXPORT extern\n          ^\nthird_party/boringssl/include/openssl/base.h:168:9: note: previous definition is here\n#define OPENSSL_EXPORT\n        ^\nIn file included from third_party/boringssl/crypto/aes/key_wrap.c:54:\nIn file included from third_party/boringssl/include/openssl/mem.h:60:\nthird_party/boringssl/include/openssl/base.h:133:9: error: 'OPENSSL_VERSION_NUMBER' macro redefined [-Werror,-Wmacro-redefined]\n#define OPENSSL_VERSION_NUMBER 0x100020af\n        ^\n/usr/local/opt/openssl@3/include/openssl/opensslv.h:99:10: note: previous definition is here\n# define OPENSSL_VERSION_NUMBER          \\\n         ^\nIn file included from src/boringssl/err_data.c:18:\nIn file included from /usr/local/opt/openssl@3/include/openssl/err.h:28:\nIn file included from /usr/local/opt/openssl@3/include/openssl/types.h:21:\n/usr/local/opt/openssl@3/include/openssl/safestack.h:264:15: error: redefinition of typedef 'OPENSSL_BLOCK' is a C11 feature [-Werror,-Wtypedef-redefinition]\ntypedef void *OPENSSL_BLOCK;\n              ^\nthird_party/boringssl/include/openssl/base.h:322:15: note: previous definition is here\ntypedef void *OPENSSL_BLOCK;\n              ^\nIn file included from src/boringssl/err_data.c:18:\nIn file included from /usr/local/opt/openssl@3/include/openssl/err.h:28:\n/usr/local/opt/openssl@3/include/openssl/types.h:45:31: error: redefinition of typedef 'ASN1_INTEGER' is a C11 feature [-Werror,-Wtypedef-redefinition]\ntypedef struct asn1_string_st ASN1_INTEGER;\n                              ^\nthird_party/boringssl/include/openssl/base.h:215:31: note: previous definition is here\ntypedef struct asn1_string_st ASN1_INTEGER;\n                              ^\nIn file included from src/boringssl/err_data.c:18:\nIn file included from /usr/local/opt/openssl@3/include/openssl/err.h:28:\n/usr/local/opt/openssl@3/include/openssl/types.h:46:31: error: redefinition of typedef 'ASN1_ENUMERATED' is a C11 feature [-Werror,-Wtypedef-redefinition]\ntypedef struct asn1_string_st ASN1_ENUMERATED;\n                              ^\nthird_party/boringssl/include/openssl/base.h:211:31: note: previous definition is here\ntypedef struct asn1_string_st ASN1_ENUMERATED;\n                              ^\nIn file included from src/boringssl/err_data.c:18:\nIn file included from /usr/local/opt/openssl@3/include/openssl/err.h:28:\n/usr/local/opt/openssl@3/include/openssl/types.h:47:31: error: redefinition of typedef 'ASN1_BIT_STRING' is a C11 feature [-Werror,-Wtypedef-redefinition]\ntypedef struct asn1_string_st ASN1_BIT_STRING;\n                              ^\nthird_party/boringssl/include/openssl/base.h:209:31: note: previous definition is here\ntypedef struct asn1_string_st ASN1_BIT_STRING;\n                              ^\nIn file included from src/boringssl/err_data.c:18:\nIn file included from /usr/local/opt/openssl@3/include/openssl/err.h:28:\n/usr/local/opt/openssl@3/include/openssl/types.h:48:31: error: redefinition of typedef 'ASN1_OCTET_STRING' is a C11 feature [-Werror,-Wtypedef-redefinition]\ntypedef struct asn1_string_st ASN1_OCTET_STRING;\n                              ^\nthird_party/boringssl/include/openssl/base.h:216:31: note: previous definition is here\ntypedef struct asn1_string_st ASN1_OCTET_STRING;\n                              ^\nIn file included from src/boringssl/err_data.c:18:\nIn file included from /usr/local/opt/openssl@3/include/openssl/err.h:28:\n/usr/local/opt/openssl@3/include/openssl/types.h:49:31: error: redefinition of typedef 'ASN1_PRINTABLESTRING' is a C11 feature [-Werror,-Wtypedef-redefinition]\ntypedef struct asn1_string_st ASN1_PRINTABLESTRING;\n                              ^\nthird_party/boringssl/include/openssl/base.h:217:31: note: previous definition is here\ntypedef struct asn1_string_st ASN1_PRINTABLESTRING;\n                              ^\nIn file included from src/boringssl/err_data.c:18:\nIn file included from /usr/local/opt/openssl@3/include/openssl/err.h:28:\n/usr/local/opt/openssl@3/include/openssl/types.h:50:31: error: redefinition of typedef 'ASN1_T61STRING' is a C11 feature [-Werror,-Wtypedef-redefinition]\ntypedef struct asn1_string_st ASN1_T61STRING;\n                              ^\nthird_party/boringssl/include/openssl/base.h:219:31: note: previous definition is here\ntypedef struct asn1_string_st ASN1_T61STRING;\n                              ^\nIn file included from src/boringssl/err_data.c:18:\nIn file included from /usr/local/opt/openssl@3/include/openssl/err.h:28:\n/usr/local/opt/openssl@3/include/openssl/types.h:51:31: error: redefinition of typedef 'ASN1_IA5STRING' is a C11 feature [-Werror,-Wtypedef-redefinition]\ntypedef struct asn1_string_st ASN1_IA5STRING;\n                              ^\nthird_party/boringssl/include/openssl/base.h:214:31: note: previous definition is here\ntypedef struct asn1_string_st ASN1_IA5STRING;\n                              ^\nIn file included from src/boringssl/err_data.c:18:\nIn file included from /usr/local/opt/openssl@3/include/openssl/err.h:28:\n/usr/local/opt/openssl@3/include/openssl/types.h:52:31: error: redefinition of typedef 'ASN1_GENERALSTRING' is a C11 feature [-Werror,-Wtypedef-redefinition]\ntypedef struct asn1_string_st ASN1_GENERALSTRING;\n                              ^\nthird_party/boringssl/include/openssl/base.h:213:31: note: previous definition is here\ntypedef struct asn1_string_st ASN1_GENERALSTRING;\n                              ^\nIn file included from src/boringssl/err_data.c:18:\nIn file included from /usr/local/opt/openssl@3/include/openssl/err.h:28:\n/usr/local/opt/openssl@3/include/openssl/types.h:53:31: error: redefinition of typedef 'ASN1_UNIVERSALSTRING' is a C11 feature [-Werror,-Wtypedef-redefinition]\ntypedef struct asn1_string_st ASN1_UNIVERSALSTRING;\n                              ^\nthird_party/boringssl/include/openssl/base.h:221:31: note: previous definition is here\ntypedef struct asn1_string_st ASN1_UNIVERSALSTRING;\n                              ^\nIn file included from src/boringssl/err_data.c:18:\nIn file included from /usr/local/opt/openssl@3/include/openssl/err.h:28:\n/usr/local/opt/openssl@3/include/openssl/types.h:54:31: error: redefinition of typedef 'ASN1_BMPSTRING' is a C11 feature [-Werror,-Wtypedef-redefinition]\ntypedef struct asn1_string_st ASN1_BMPSTRING;\n                              ^\nthird_party/boringssl/include/openssl/base.h:210:31: note: previous definition is here\ntypedef struct asn1_string_st ASN1_BMPSTRING;\n                              ^\nIn file included from src/boringssl/err_data.c:18:\nIn file included from /usr/local/opt/openssl@3/include/openssl/err.h:28:\n/usr/local/opt/openssl@3/include/openssl/types.h:55:31: error: redefinition of typedef 'ASN1_UTCTIME' is a C11 feature [-Werror,-Wtypedef-redefinition]\ntypedef struct asn1_string_st ASN1_UTCTIME;\n                              ^\nthird_party/boringssl/include/openssl/base.h:222:31: note: previous definition is here\ntypedef struct asn1_string_st ASN1_UTCTIME;\n                              ^\nIn file included from src/boringssl/err_data.c:18:\nIn file included from /usr/local/opt/openssl@3/include/openssl/err.h:28:\n/usr/local/opt/openssl@3/include/openssl/types.h:56:31: error: redefinition of typedef 'ASN1_TIME' is a C11 feature [-Werror,-Wtypedef-redefinition]\ntypedef struct asn1_string_st ASN1_TIME;\n                              ^\nthird_party/boringssl/include/openssl/base.h:220:31: note: previous definition is here\ntypedef struct asn1_string_st ASN1_TIME;\n                              ^\nIn file included from src/boringssl/err_data.c:18:\nIn file included from /usr/local/opt/openssl@3/include/openssl/err.h:28:\n/usr/local/opt/openssl@3/include/openssl/types.h:57:31: error: redefinition of typedef 'ASN1_GENERALIZEDTIME' is a C11 feature [-Werror,-Wtypedef-redefinition]\ntypedef struct asn1_string_st ASN1_GENERALIZEDTIME;\n                              ^\nthird_party/boringssl/include/openssl/base.h:212:31: note: previous definition is here\ntypedef struct asn1_string_st ASN1_GENERALIZEDTIME;\n                              ^\nIn file included from src/boringssl/err_data.c:18:\nIn file included from /usr/local/opt/openssl@3/include/openssl/err.h:28:\n/usr/local/opt/openssl@3/include/openssl/types.h:58:31: error: redefinition of typedef 'ASN1_VISIBLESTRING' is a C11 feature [-Werror,-Wtypedef-redefinition]\ntypedef struct asn1_string_st ASN1_VISIBLESTRING;\n                              ^\nthird_party/boringssl/include/openssl/base.h:224:31: note: previous definition is here\ntypedef struct asn1_string_st ASN1_VISIBLESTRING;\n                              ^\nIn file included from src/boringssl/err_data.c:18:\nIn file included from /usr/local/opt/openssl@3/include/openssl/err.h:28:\n/usr/local/opt/openssl@3/include/openssl/types.h:59:31: error: redefinition of typedef 'ASN1_UTF8STRING' is a C11 feature [-Werror,-Wtypedef-redefinition]\ntypedef struct asn1_string_st ASN1_UTF8STRING;\n                              ^\nthird_party/boringssl/include/openssl/base.h:223:31: note: previous definition is here\ntypedef struct asn1_string_st ASN1_UTF8STRING;\n                              ^\nIn file included from src/boringssl/err_data.c:18:\nIn file included from /usr/local/opt/openssl@3/include/openssl/err.h:28:\n/usr/local/opt/openssl@3/include/openssl/types.h:60:31: error: redefinition of typedef 'ASN1_STRING' is a C11 feature [-Werror,-Wtypedef-redefinition]\ntypedef struct asn1_string_st ASN1_STRING;\n                              ^\nthird_party/boringssl/include/openssl/base.h:218:31: note: previous definition is here\ntypedef struct asn1_string_st ASN1_STRING;\n                              ^\nfatal error: too many errors emitted, stopping now [-ferror-limit=]\nIn file included from third_party/boringssl/crypto/aes/key_wrap.c:56:\nIn file included from third_party/boringssl/crypto/aes/../internal.h:112:\nthird_party/boringssl/include/openssl/ex_data.h:205:3: error: type name requires a specifier or qualifier\n  STACK_OF(void) *sk;\n  ^\nthird_party/boringssl/include/openssl/ex_data.h:205:17: error: expected ';' at end of declaration list\n  STACK_OF(void) *sk;\n                ^\n                ;\nIn file included from third_party/boringssl/crypto/aes/aes.c:54:\nIn file included from third_party/boringssl/include/openssl/cpu.h:64:\nthird_party/boringssl/include/openssl/base.h:133:9: error: 'OPENSSL_VERSION_NUMBER' macro redefined [-Werror,-Wmacro-redefined]\n#define OPENSSL_VERSION_NUMBER 0x100020af\n        ^\n/usr/local/opt/openssl@3/include/openssl/opensslv.h:99:10: note: previous definition is here\n# define OPENSSL_VERSION_NUMBER          \\\n         ^\nthird_party/boringssl/crypto/aes/aes.c:537:5: error: conflicting types for 'AES_set_encrypt_key'\nint AES_set_encrypt_key(const uint8_t *key, unsigned bits, AES_KEY *aeskey) {\n    ^\n/usr/local/opt/openssl@3/include/openssl/aes.h:51:5: note: previous declaration is here\nint AES_set_encrypt_key(const unsigned char *userKey, const int bits,\n    ^\nIn file included from third_party/boringssl/crypto/aes/key_wrap.c:56:\nthird_party/boringssl/crypto/aes/../internal.h:481:third_party/boringssl/crypto/aes/aes.c:632:5: error: conflicting types for 'AES_set_decrypt_key'\n3int AES_set_decrypt_key(const uint8_t *key, unsigned bits, AES_KEY *aeskey) {\n    ^\n/usr/local/opt/openssl@3/include/openssl/aes.h:54:5: note: previous declaration is here\n:int AES_set_decrypt_key(const unsigned char *userKey, const int bits,\n    ^\n error: third_party/boringssl/crypto/aes/aes.c:638:12: error: 'AES_set_encrypt_key' is deprecated [-Werror,-Wdeprecated-declarations]\n  status = AES_set_encrypt_key(key, bits, aeskey);\n           ^\n/usr/local/opt/openssl@3/include/openssl/aes.h:50:1: note: 'AES_set_encrypt_key' has been explicitly marked deprecated here\nOSSL_DEPRECATEDIN_3_0\n^\n/usr/local/opt/openssl@3/include/openssl/macros.h:182:49: note: expanded from macro 'OSSL_DEPRECATEDIN_3_0'\n#   define OSSL_DEPRECATEDIN_3_0                OSSL_DEPRECATED(3.0)\n                                                ^\n/usr/local/opt/openssl@3/include/openssl/macros.h:62:type name requires a specifier or qualifier\n52: note  STACK_OF(CRYPTO_EX_DATA_FUNCS) *meth;\n  ^\n: expanded from macro 'OSSL_DEPRECATED'\n#     define OSSL_DEPRECATED(since) __attribute__((deprecated))\n                                                   ^\nthird_party/boringssl/crypto/aes/../internal.h:481:33: error: expected ';' at end of declaration list\n  STACK_OF(CRYPTO_EX_DATA_FUNCS) *meth;\n                                ^\n                                ;\nthird_party/boringssl/crypto/aes/key_wrap.c:66:5: error: conflicting types for 'AES_wrap_key'\nint AES_wrap_key(const AES_KEY *key, const uint8_t *iv, uint8_t *out,\n    ^\n/usr/local/opt/openssl@3/include/openssl/aes.h:97:5: note: previous declaration is here\nint AES_wrap_key(AES_KEY *key, const unsigned char *iv,\n    ^\nthird_party/boringssl/crypto/aes/key_wrap.c:87:7: error: 'AES_encrypt' is deprecated [-Werror,-Wdeprecated-declarations]\n      AES_encrypt(A, A, key);\n      ^\n/usr/local/opt/openssl@3/include/openssl/aes.h:56:1: note: 'AES_encrypt' has been explicitly marked deprecated here\nOSSL_DEPRECATEDIN_3_0\n^\n/usr/local/opt/openssl@3/include/openssl/macros.h:182:49: note: expanded from macro 'OSSL_DEPRECATEDIN_3_0'\n#   define OSSL_DEPRECATEDIN_3_0                OSSL_DEPRECATED(3.0)\n                                                ^\n/usr/local/opt/openssl@3/include/openssl/macros.h:62:52: note: expanded from macro 'OSSL_DEPRECATED'\n#     define OSSL_DEPRECATED(since) __attribute__((deprecated))\n                                                   ^\nthird_party/boringssl/crypto/aes/key_wrap.c:102:5: error: conflicting types for 'AES_unwrap_key'\nint AES_unwrap_key(const AES_KEY *key, const uint8_t *iv, uint8_t *out,\n    ^\n/usr/local/opt/openssl@3/include/openssl/aes.h:101:5: note: previous declaration is here\nint AES_unwrap_key(AES_KEY *key, const unsigned char *iv,\n    ^\nthird_party/boringssl/crypto/aes/key_wrap.c:128:7: error: 'AES_decrypt' is deprecated [-Werror,-Wdeprecated-declarations]\n      AES_decrypt(A, A, key);\n      ^\n/usr/local/opt/openssl@3/include/openssl/aes.h:59:1: note: 'AES_decrypt' has been explicitly marked deprecated here\nOSSL_DEPRECATEDIN_3_0\n^\n/usr/local/opt/openssl@3/include/openssl/macros.h:182:49: note: expanded from macro 'OSSL_DEPRECATEDIN_3_0'\n#   define OSSL_DEPRECATEDIN_3_0                OSSL_DEPRECATED(3.0)\n                                                ^\n/usr/local/opt/openssl@3/include/openssl/macros.h:62:52: note: expanded from macro 'OSSL_DEPRECATED'\n#     define OSSL_DEPRECATED(since) __attribute__((deprecated))\n                                                   ^\n9 errors generated.\n4 errors generated.\nIn file included from third_party/boringssl/crypto/aes/mode_wrappers.c:53:\nIn file included from third_party/boringssl/crypto/aes/../modes/internal.h:52:\nthird_party/boringssl/include/openssl/base.h:133:9: error: 'OPENSSL_VERSION_NUMBER' macro redefined [-Werror,-Wmacro-redefined]\n#define OPENSSL_VERSION_NUMBER 0x100020af\n        ^\n/usr/local/opt/openssl@3/include/openssl/opensslv.h:99:10: note: previous definition is here\n# define OPENSSL_VERSION_NUMBER          \\\n         ^\nmake: *** [/Users/runner/actions-runner/_work/python.build/python.build/build_grpcio163311/grpcio-1.6.3/objs/opt/third_party/boringssl/crypto/aes/key_wrap.o] Error 1\nmake: *** Waiting for unfinished jobs....\nmake: *** [/Users/runner/actions-runner/_work/python.build/python.build/build_grpcio163311/grpcio-1.6.3/objs/opt/third_party/boringssl/crypto/aes/aes.o] Error 1\nIn file included from third_party/boringssl/crypto/aes/mode_wrappers.c:53:\nIn file included from third_party/boringssl/crypto/aes/../modes/internal.h:56:\nIn file included from third_party/boringssl/crypto/aes/../modes/../internal.h:112:\nthird_party/boringssl/include/openssl/ex_data.h:205:3: error: type name requires a specifier or qualifier\n  STACK_OF(void) *sk;\n  ^\nthird_party/boringssl/include/openssl/ex_data.h:205:17: error: expected ';' at end of declaration list\n  STACK_OF(void) *sk;\n                ^\n                ;\n20 errors generated.\nmake: *** [/Users/runner/actions-runner/_work/python.build/python.build/build_grpcio163311/grpcio-1.6.3/objs/opt/src/boringssl/err_data.o] Error 1\nIn file included from third_party/boringssl/crypto/aes/mode_wrappers.c:53:\nIn file included from third_party/boringssl/crypto/aes/../modes/internal.h:56:\nthird_party/boringssl/crypto/aes/../modes/../internal.h:481:3: error: type name requires a specifier or qualifier\n  STACK_OF(CRYPTO_EX_DATA_FUNCS) *meth;\n  ^\nthird_party/boringssl/crypto/aes/../modes/../internal.h:481:33: error: expected ';' at end of declaration list\n  STACK_OF(CRYPTO_EX_DATA_FUNCS) *meth;\n                                ^\n                                ;\nthird_party/boringssl/crypto/aes/mode_wrappers.c:60:37: error: 'AES_encrypt' is deprecated [-Werror,-Wdeprecated-declarations]\n                        (block128_f)AES_encrypt);\n                                    ^\n/usr/local/opt/openssl@3/include/openssl/aes.h:56:1: note: 'AES_encrypt' has been explicitly marked deprecated here\nOSSL_DEPRECATEDIN_3_0\n^\n/usr/local/opt/openssl@3/include/openssl/macros.h:182:49: note: expanded from macro 'OSSL_DEPRECATEDIN_3_0'\n#   define OSSL_DEPRECATEDIN_3_0                OSSL_DEPRECATED(3.0)\n                                                ^\n/usr/local/opt/openssl@3/include/openssl/macros.h:62:52: note: expanded from macro 'OSSL_DEPRECATED'\n#     define OSSL_DEPRECATED(since) __attribute__((deprecated))\n                                                   ^\n6 errors generated.\nmake: *** [/Users/runner/actions-runner/_work/python.build/python.build/build_grpcio163311/grpcio-1.6.3/objs/opt/third_party/boringssl/crypto/aes/mode_wrappers.o] Error 1\nIn file included from third_party/boringssl/crypto/asn1/a_bool.c:60:\nIn file included from third_party/boringssl/include/openssl/mem.h:60:\nthird_party/boringssl/include/openssl/base.h:133:9: error: 'OPENSSL_VERSION_NUMBER' macro redefined [-Werror,-Wmacro-redefined]\n#define OPENSSL_VERSION_NUMBER 0x100020af\n        ^\n/usr/local/opt/openssl@3/include/openssl/opensslv.h:99:10: note: previous definition is here\n# define OPENSSL_VERSION_NUMBER          \\\n         ^\nIn file included from third_party/boringssl/crypto/asn1/a_bool.c:60:\nIn file included from third_party/boringssl/include/openssl/mem.h:60:\nthird_party/boringssl/include/openssl/base.h:168:9: error: 'OPENSSL_EXPORT' macro redefined [-Werror,-Wmacro-redefined]\n#define OPENSSL_EXPORT\n        ^\n/usr/local/opt/openssl@3/include/openssl/e_os2.h:183:11: note: previous definition is here\n#  define OPENSSL_EXPORT extern\n          ^\nIn file included from third_party/boringssl/crypto/asn1/a_bool.c:60:\nIn file included from third_party/boringssl/include/openssl/mem.h:60:\nthird_party/boringssl/include/openssl/base.h:202:13: error: typedef redefinition with different types ('int' vs 'struct crypto_threadid_st')\ntypedef int CRYPTO_THREADID;\n            ^\n/usr/local/opt/openssl@3/include/openssl/crypto.h:308:3: note: previous definition is here\n} CRYPTO_THREADID;\n  ^\nIn file included from In file included from third_party/boringssl/crypto/asn1/a_bool.cthird_party/boringssl/crypto/asn1/a_bitstr.c::6062:\nIn file included from third_party/boringssl/include/openssl/mem.h:\nIn file included from third_party/boringssl/include/openssl/mem.h:60:\nthird_party/boringssl/include/openssl/base.h:204:13: error: redefinition of typedef 'ASN1_BOOLEAN' is a C11 feature [-Werror,-Wtypedef-redefinition]\ntypedef int ASN1_BOOLEAN;:\n            ^\n60:\nthird_party/boringssl/include/openssl/base.h:133:9: error: 'OPENSSL_VERSION_NUMBER' macro redefined [-Werror,-Wmacro-redefined]\n#define OPENSSL_VERSION_NUMBER 0x100020af\n        ^\n/usr/local/opt/openssl@3/include/openssl/types.h:61:13: note: /usr/local/opt/openssl@3/include/openssl/opensslv.hprevious definition is here:\n99:10: note: previous definition is here\ntypedef int ASN1_BOOLEAN;\n# define OPENSSL_VERSION_NUMBER          \\\n         ^            ^\n\nIn file included from third_party/boringssl/crypto/asn1/a_bool.c:60:\nIn file included from third_party/boringssl/include/openssl/mem.h:60:\nthird_party/boringssl/include/openssl/base.h:205:13: error: redefinition of typedef 'ASN1_NULL' is a C11 feature [-Werror,-Wtypedef-redefinition]\ntypedef int ASN1_NULL;\n            ^\n/usr/local/opt/openssl@3/include/openssl/types.h:62:13: note: previous definition is here\ntypedef int ASN1_NULL;\n            ^\nIn file included from third_party/boringssl/crypto/asn1/a_bool.c:60:\nIn file included from third_party/boringssl/include/openssl/mem.h:60:\nthird_party/boringssl/include/openssl/base.h:206:29: error: In file included from third_party/boringssl/crypto/asn1/a_bitstr.c:62:\nIn file included from third_party/boringssl/include/openssl/mem.h:60:\nthird_party/boringssl/include/openssl/base.h:168:9:redefinition of typedef 'ASN1_ITEM' is a C11 feature [-Werror,-Wtypedef-redefinition] error: 'OPENSSL_EXPORT' macro redefined [-Werror,-Wmacro-redefined]\n#define OPENSSL_EXPORT\n        ^\n/usr/local/opt/openssl@3/include/openssl/e_os2.h:\n183:11: note: previous definition is here\ntypedef struct ASN1_ITEM_st ASN1_ITEM;\n                            ^\n/usr/local/opt/openssl@3/include/openssl/types.h:69:29: note: previous definition is here\n#  define OPENSSL_EXPORT extern\n          ^\ntypedef struct ASN1_ITEM_st ASN1_ITEM;\n                            ^\nIn file included from third_party/boringssl/crypto/asn1/a_bool.c:60:\nIn file included from third_party/boringssl/include/openssl/mem.h:60:\nthird_party/boringssl/include/openssl/base.h:In file included from 207:third_party/boringssl/crypto/asn1/a_d2i_fp.c31::61 :\nerrorIn file included from : third_party/boringssl/include/openssl/buf.hredefinition of typedef 'ASN1_OBJECT' is a C11 feature [-Werror,-Wtypedef-redefinition]:\n60:\nthird_party/boringssl/include/openssl/base.h:133:9typedef struct asn1_object_st ASN1_OBJECT;:\n                               ^error\n: 'OPENSSL_VERSION_NUMBER' macro redefined [-Werror,-Wmacro-redefined]/usr/local/opt/openssl@3/include/openssl/types.h\n:66In file included from third_party/boringssl/crypto/asn1/a_bitstr.c:62:\nIn file included from third_party/boringssl/include/openssl/mem.h:60:\nthird_party/boringssl/include/openssl/base.h:202#define OPENSSL_VERSION_NUMBER 0x100020af\n:        ^\n31: note: previous definition is here\n/usr/local/opt/openssl@3/include/openssl/opensslv.h:99:10: note: previous definition is here\n# define OPENSSL_VERSION_NUMBER          \\typedef struct asn1_object_st ASN1_OBJECT;\n                              ^\n:13: error: typedef redefinition with different types ('int' vs 'struct crypto_threadid_st')\nIn file included from third_party/boringssl/crypto/asn1/a_bool.c:60\n:\nIn file included from third_party/boringssl/include/openssl/mem.h:60:\nthird_party/boringssl/include/openssl/base.h:typedef int CRYPTO_THREADID;208\n:            ^29\n         ^: error: redefinition of typedef 'ASN1_PCTX' is a C11 feature [-Werror,-Wtypedef-redefinition]\ntypedef struct asn1_pctx_st ASN1_PCTX;\n\n                            ^\n/usr/local/opt/openssl@3/include/openssl/types.h:70:29: note: previous definition is here/usr/local/opt/openssl@3/include/openssl/crypto.h\n:308In file included from :third_party/boringssl/crypto/asn1/a_d2i_fp.c3::61 typedef struct asn1_pctx_st ASN1_PCTX;\n                            ^\n:\nIn file included from notethird_party/boringssl/include/openssl/buf.h: In file included from previous definition is herethird_party/boringssl/crypto/asn1/a_bool.c\n:60:\nIn file included from third_party/boringssl/include/openssl/mem.h:} CRYPTO_THREADID;\n  ^60:\nthird_party/boringssl/include/openssl/base.h::168:60:\nthird_party/boringssl/include/openssl/base.h:\n209:31: error: redefinition of typedef 'ASN1_BIT_STRING' is a C11 feature [-Werror,-Wtypedef-redefinition]\n9In file included from third_party/boringssl/crypto/asn1/a_bitstr.c:: 62error:\n: In file included from third_party/boringssl/include/openssl/mem.h'OPENSSL_EXPORT' macro redefined [-Werror,-Wmacro-redefined]:\n60:\nthird_party/boringssl/include/openssl/base.h:204:typedef struct asn1_string_st ASN1_BIT_STRING;13: error: redefinition of typedef 'ASN1_BOOLEAN' is a C11 feature [-Werror,-Wtypedef-redefinition]\n#define OPENSSL_EXPORT\n\ntypedef int ASN1_BOOLEAN;                              ^\n\n        ^\n            ^/usr/local/opt/openssl@3/include/openssl/e_os2.h:\n183:11: note: previous definition is here\n/usr/local/opt/openssl@3/include/openssl/types.h/usr/local/opt/openssl@3/include/openssl/types.h#  define OPENSSL_EXPORT extern:\n47          ^\n:61:13: note: previous definition is here\ntypedef int ASN1_BOOLEAN;\n            ^\nIn file included from third_party/boringssl/crypto/asn1/a_bitstr.c:62:\nIn file included from third_party/boringssl/include/openssl/mem.h:60:\nthird_party/boringssl/include/openssl/base.h:205:13: error: redefinition of typedef 'ASN1_NULL' is a C11 feature [-Werror,-Wtypedef-redefinition]\ntypedef int ASN1_NULL;\n            ^\n/usr/local/opt/openssl@3/include/openssl/types.h:62:13: note: previous definition is here\nIn file included from third_party/boringssl/crypto/asn1/a_d2i_fp.ctypedef int ASN1_NULL;:61:\n\n:            ^31\n:In file included from third_party/boringssl/include/openssl/buf.h:60:\nthird_party/boringssl/include/openssl/base.h:202:13: errorIn file included from third_party/boringssl/crypto/asn1/a_bitstr.c:62:\nIn file included from third_party/boringssl/include/openssl/mem.h :60:\n: notethird_party/boringssl/include/openssl/base.h: previous definition is here:\n206:29: error: redefinition of typedef 'ASN1_ITEM' is a C11 feature [-Werror,-Wtypedef-redefinition]\ntypedef struct asn1_string_st ASN1_BIT_STRING;\n                              ^\ntypedef struct ASN1_ITEM_st ASN1_ITEM;\n                            ^\n/usr/local/opt/openssl@3/include/openssl/types.h:In file included from 69typedef redefinition with different types ('int' vs 'struct crypto_threadid_st'):\n29:third_party/boringssl/crypto/asn1/a_bool.c note:: previous definition is here\ntypedef struct ASN1_ITEM_st ASN1_ITEM;\n                            ^\n60:\nIn file included from typedef int CRYPTO_THREADID;\nthird_party/boringssl/include/openssl/mem.h            ^:\n60:\nthird_party/boringssl/include/openssl/base.h:In file included from 210third_party/boringssl/crypto/asn1/a_bitstr.c::31: 62error: :\nredefinition of typedef 'ASN1_BMPSTRING' is a C11 feature [-Werror,-Wtypedef-redefinition]In file included from \nthird_party/boringssl/include/openssl/mem.h:60:\nthird_party/boringssl/include/openssl/base.h:207:31typedef struct asn1_string_st ASN1_BMPSTRING;/usr/local/opt/openssl@3/include/openssl/crypto.h:\n:                               ^error308: :3\n: note: previous definition is here\n/usr/local/opt/openssl@3/include/openssl/types.h:54:31: } CRYPTO_THREADID;note\n:   ^\nredefinition of typedef 'ASN1_OBJECT' is a C11 feature [-Werror,-Wtypedef-redefinition]\nIn file included from third_party/boringssl/crypto/asn1/a_d2i_fp.c:61typedef struct asn1_object_st ASN1_OBJECT;:\n\nIn file included from                               ^third_party/boringssl/include/openssl/buf.h\n:60:\n/usr/local/opt/openssl@3/include/openssl/types.hthird_party/boringssl/include/openssl/base.h::66204::3113::  noteerrorprevious definition is here\n: : redefinition of typedef 'ASN1_BOOLEAN' is a C11 feature [-Werror,-Wtypedef-redefinition]\ntypedef struct asn1_string_st ASN1_BMPSTRING;typedef int ASN1_BOOLEAN;\n            ^\n\n                              ^\nprevious definition is here\n/usr/local/opt/openssl@3/include/openssl/types.h:61:13In file included from : third_party/boringssl/crypto/asn1/a_bool.cnote:: 60previous definition is here:\n\nIn file included from typedef int ASN1_BOOLEAN;third_party/boringssl/include/openssl/mem.h\n:            ^60\n:\ntypedef struct asn1_object_st ASN1_OBJECT;third_party/boringssl/include/openssl/base.h\nIn file included from third_party/boringssl/crypto/asn1/a_d2i_fp.c:61:\nIn file included from                               ^third_party/boringssl/include/openssl/buf.h:60:\n:third_party/boringssl/include/openssl/base.h:205:21113::31 :error : errorredefinition of typedef 'ASN1_NULL' is a C11 feature [-Werror,-Wtypedef-redefinition]: \nredefinition of typedef 'ASN1_ENUMERATED' is a C11 feature [-Werror,-Wtypedef-redefinition]\ntypedef int ASN1_NULL;\n            ^\n/usr/local/opt/openssl@3/include/openssl/types.h:62:13typedef struct asn1_string_st ASN1_ENUMERATED;:\n                               ^\n/usr/local/opt/openssl@3/include/openssl/types.h\n:46:31: notenote: : previous definition is hereprevious definition is here\n\ntypedef int ASN1_NULL;\n            ^\ntypedef struct asn1_string_st ASN1_ENUMERATED;\n                              ^\nIn file included from third_party/boringssl/crypto/asn1/a_d2i_fp.c:61:\nIn file included from In file included from third_party/boringssl/include/openssl/buf.h:third_party/boringssl/crypto/asn1/a_bitstr.c60::\n62third_party/boringssl/include/openssl/base.h:\n:In file included from 206third_party/boringssl/include/openssl/mem.h::29: errorIn file included from third_party/boringssl/crypto/asn1/a_bool.c:60:\nIn file included from : third_party/boringssl/include/openssl/mem.h:redefinition of typedef 'ASN1_ITEM' is a C11 feature [-Werror,-Wtypedef-redefinition]60\n60:\nthird_party/boringssl/include/openssl/base.htypedef struct ASN1_ITEM_st ASN1_ITEM;:\n208                            ^:29: :\nerror: redefinition of typedef 'ASN1_PCTX' is a C11 feature [-Werror,-Wtypedef-redefinition]third_party/boringssl/include/openssl/base.h\n:212:31: error: redefinition of typedef 'ASN1_GENERALIZEDTIME' is a C11 feature [-Werror,-Wtypedef-redefinition]\ntypedef struct asn1_pctx_st ASN1_PCTX;\n                            ^\n/usr/local/opt/openssl@3/include/openssl/types.h:70:29typedef struct asn1_string_st ASN1_GENERALIZEDTIME;\n                              ^\n\n/usr/local/opt/openssl@3/include/openssl/types.h:57:31: note: previous definition is here/usr/local/opt/openssl@3/include/openssl/types.h\n:69:29: note: previous definition is here\ntypedef struct asn1_string_st ASN1_GENERALIZEDTIME;\n                              ^\ntypedef struct ASN1_ITEM_st ASN1_ITEM;\n                            ^\nIn file included from :third_party/boringssl/crypto/asn1/a_bool.c: 60note:\n: In file included from third_party/boringssl/include/openssl/mem.h:60:\nIn file included from third_party/boringssl/crypto/asn1/a_d2i_fp.c:61:\nIn file included from previous definition is herethird_party/boringssl/include/openssl/buf.hthird_party/boringssl/include/openssl/base.h:213:31\n:60:\nthird_party/boringssl/include/openssl/base.htypedef struct asn1_pctx_st ASN1_PCTX;\n                            ^: error: \nredefinition of typedef 'ASN1_GENERALSTRING' is a C11 feature [-Werror,-Wtypedef-redefinition]\n:In file included from typedef struct asn1_string_st ASN1_GENERALSTRING;third_party/boringssl/crypto/asn1/a_bitstr.c\n:                              ^62\n:\nIn file included from /usr/local/opt/openssl@3/include/openssl/types.h207:52:31:third_party/boringssl/include/openssl/mem.h note: :previous definition is here\n31: error: redefinition of typedef 'ASN1_OBJECT' is a C11 feature [-Werror,-Wtypedef-redefinition]\n:typedef struct asn1_string_st ASN1_GENERALSTRING;60\n:\n                              ^third_party/boringssl/include/openssl/base.h\ntypedef struct asn1_object_st ASN1_OBJECT;In file included from \nthird_party/boringssl/crypto/asn1/a_bool.c:                              ^60\n:/usr/local/opt/openssl@3/include/openssl/types.h:66209:31:\n: In file included from errorthird_party/boringssl/include/openssl/mem.h: :60:\nthird_party/boringssl/include/openssl/base.h:214:31:redefinition of typedef 'ASN1_BIT_STRING' is a C11 feature [-Werror,-Wtypedef-redefinition] :\n31error: : note: redefinition of typedef 'ASN1_IA5STRING' is a C11 feature [-Werror,-Wtypedef-redefinition]previous definition is here\n\ntypedef struct asn1_string_st ASN1_BIT_STRING;\n                              ^\ntypedef struct asn1_object_st ASN1_OBJECT;\n                              ^\nIn file included from third_party/boringssl/crypto/asn1/a_d2i_fp.c:61:\nIn file included from third_party/boringssl/include/openssl/buf.h:60:\nthird_party/boringssl/include/openssl/base.h:208:29: error: redefinition of typedef 'ASN1_PCTX' is a C11 feature [-Werror,-Wtypedef-redefinition]\ntypedef struct asn1_pctx_st ASN1_PCTX;/usr/local/opt/openssl@3/include/openssl/types.h\n:                            ^\n47:/usr/local/opt/openssl@3/include/openssl/types.h31::70 typedef struct asn1_string_st ASN1_IA5STRING;note: previous definition is here\n:29: note: previous definition is here\n\ntypedef struct asn1_string_st ASN1_BIT_STRING;\n                              ^\ntypedef struct asn1_pctx_st ASN1_PCTX;\n                            ^\n                              ^\nIn file included from third_party/boringssl/crypto/asn1/a_bitstr.c/usr/local/opt/openssl@3/include/openssl/types.h::6251:\n:31In file included from :third_party/boringssl/include/openssl/mem.h :note60:\nIn file included from third_party/boringssl/include/openssl/base.hthird_party/boringssl/crypto/asn1/a_d2i_fp.c: ::210:6131previous definition is here:\n\nIn file included from third_party/boringssl/include/openssl/buf.h::60:\nthird_party/boringssl/include/openssl/base.h:209:typedef struct asn1_string_st ASN1_IA5STRING;31: error: redefinition of typedef 'ASN1_BIT_STRING' is a C11 feature [-Werror,-Wtypedef-redefinition] error: \nredefinition of typedef 'ASN1_BMPSTRING' is a C11 feature [-Werror,-Wtypedef-redefinition]\n\ntypedef struct asn1_string_st ASN1_BMPSTRING;\n                              ^\n                              ^/usr/local/opt/openssl@3/include/openssl/types.h:\n54:31:typedef struct asn1_string_st ASN1_BIT_STRING;\n                              ^\n/usr/local/opt/openssl@3/include/openssl/types.h:47:In file included from 31: note: previous definition is here\n third_party/boringssl/crypto/asn1/a_bool.cnote:: 60previous definition is here:\n\nIn file included from typedef struct asn1_string_st ASN1_BIT_STRING;third_party/boringssl/include/openssl/mem.h\n:                              ^60\n:\nthird_party/boringssl/include/openssl/base.h:215:31: error: In file included from third_party/boringssl/crypto/asn1/a_d2i_fp.c:61:\ntypedef struct asn1_string_st ASN1_BMPSTRING;In file included from \nthird_party/boringssl/include/openssl/buf.h                              ^:\n60:\nredefinition of typedef 'ASN1_INTEGER' is a C11 feature [-Werror,-Wtypedef-redefinition]third_party/boringssl/include/openssl/base.h\ntypedef struct asn1_string_st ASN1_INTEGER;:\n                              ^210\nIn file included from /usr/local/opt/openssl@3/include/openssl/types.h:45third_party/boringssl/crypto/asn1/a_bitstr.c::3162::\nIn file included from third_party/boringssl/include/openssl/mem.h:60:\n:31:  note: errorprevious definition is here: \nredefinition of typedef 'ASN1_BMPSTRING' is a C11 feature [-Werror,-Wtypedef-redefinition]\ntypedef struct asn1_string_st ASN1_INTEGER;third_party/boringssl/include/openssl/base.h\n:                              ^211\n:31: typedef struct asn1_string_st ASN1_BMPSTRING;\n                              ^\nIn file included from /usr/local/opt/openssl@3/include/openssl/types.hthird_party/boringssl/crypto/asn1/a_bool.c::error: redefinition of typedef 'ASN1_ENUMERATED' is a C11 feature [-Werror,-Wtypedef-redefinition]54:60:\nIn file included from \nthird_party/boringssl/include/openssl/mem.h:60:\nthird_party/boringssl/include/openssl/base.h:21631:31::  noteerror: : redefinition of typedef 'ASN1_OCTET_STRING' is a C11 feature [-Werror,-Wtypedef-redefinition]previous definition is here\n\ntypedef struct asn1_string_st ASN1_ENUMERATED;typedef struct asn1_string_st ASN1_OCTET_STRING;typedef struct asn1_string_st ASN1_BMPSTRING;\n\n                              ^                              ^\n\n/usr/local/opt/openssl@3/include/openssl/types.h\n                              ^\nIn file included from third_party/boringssl/crypto/asn1/a_d2i_fp.c:/usr/local/opt/openssl@3/include/openssl/types.h:46:31:: note48: :previous definition is here31\n: note: previous definition is here\ntypedef struct asn1_string_st ASN1_ENUMERATED;\n                              ^\n61:\nIn file included from third_party/boringssl/include/openssl/buf.h:60:\nthird_party/boringssl/include/openssl/base.h:In file included from 211third_party/boringssl/crypto/asn1/a_bitstr.c::3162::\n In file included from errorthird_party/boringssl/include/openssl/mem.h: :60:\nthird_party/boringssl/include/openssl/base.h:typedef struct asn1_string_st ASN1_OCTET_STRING;\nredefinition of typedef 'ASN1_ENUMERATED' is a C11 feature [-Werror,-Wtypedef-redefinition]\n212:31: error: redefinition of typedef 'ASN1_GENERALIZEDTIME' is a C11 feature [-Werror,-Wtypedef-redefinition]\ntypedef struct asn1_string_st ASN1_ENUMERATED;\n                              ^\n/usr/local/opt/openssl@3/include/openssl/types.h:46:31:typedef struct asn1_string_st ASN1_GENERALIZEDTIME; \nnote                              ^\n                              ^/usr/local/opt/openssl@3/include/openssl/types.h:57:31: previous definition is here\n\n:typedef struct asn1_string_st ASN1_ENUMERATED;\n                              ^\nIn file included from third_party/boringssl/crypto/asn1/a_bool.c:60:\nIn file included from third_party/boringssl/include/openssl/mem.h:60:\nIn file included from third_party/boringssl/include/openssl/base.h :third_party/boringssl/crypto/asn1/a_d2i_fp.c217:31:note61: :\nprevious definition is hereIn file included from : third_party/boringssl/include/openssl/buf.herror: \nredefinition of typedef 'ASN1_PRINTABLESTRING' is a C11 feature [-Werror,-Wtypedef-redefinition]\n:60:\ntypedef struct asn1_string_st ASN1_GENERALIZEDTIME;third_party/boringssl/include/openssl/base.htypedef struct asn1_string_st ASN1_PRINTABLESTRING;:\n212                              ^\n                              ^\n:\nIn file included from third_party/boringssl/crypto/asn1/a_bitstr.c:62:\nIn file included from /usr/local/opt/openssl@3/include/openssl/types.h:49:3131::  noteerror: : redefinition of typedef 'ASN1_GENERALIZEDTIME' is a C11 feature [-Werror,-Wtypedef-redefinition]\nthird_party/boringssl/include/openssl/mem.h:60:\nprevious definition is heretypedef struct asn1_string_st ASN1_GENERALIZEDTIME;third_party/boringssl/include/openssl/base.h\n\n:                              ^213\n:typedef struct asn1_string_st ASN1_PRINTABLESTRING;31\n:                              ^ \nerror: redefinition of typedef 'ASN1_GENERALSTRING' is a C11 feature [-Werror,-Wtypedef-redefinition]\ntypedef struct asn1_string_st ASN1_GENERALSTRING;In file included from \nthird_party/boringssl/crypto/asn1/a_bool.c                              ^:\n60:\nIn file included from /usr/local/opt/openssl@3/include/openssl/types.h/usr/local/opt/openssl@3/include/openssl/types.h::5752:31: note: :previous definition is here\n31:third_party/boringssl/include/openssl/mem.h:60:\nthird_party/boringssl/include/openssl/base.htypedef struct asn1_string_st ASN1_GENERALSTRING;:\n218                              ^:\n31: error: redefinition of typedef 'ASN1_STRING' is a C11 feature [-Werror,-Wtypedef-redefinition]\nIn file included from third_party/boringssl/crypto/asn1/a_bitstr.c:62:\nIn file included from  note: typedef struct asn1_string_st ASN1_STRING;\n                              ^\nprevious definition is here\n/usr/local/opt/openssl@3/include/openssl/types.h:60:31: note: previous definition is heretypedef struct asn1_string_st ASN1_GENERALIZEDTIME;\nthird_party/boringssl/include/openssl/mem.h:60:\nthird_party/boringssl/include/openssl/base.h:214:31:typedef struct asn1_string_st ASN1_STRING; \nerror                              ^: \nredefinition of typedef 'ASN1_IA5STRING' is a C11 feature [-Werror,-Wtypedef-redefinition]\n\ntypedef struct asn1_string_st ASN1_IA5STRING;\n                              ^                              ^\n\nIn file included from /usr/local/opt/openssl@3/include/openssl/types.hthird_party/boringssl/crypto/asn1/a_bool.c:51::3160: note: previous definition is here\nIn file included from :\ntypedef struct asn1_string_st ASN1_IA5STRING;\n                              ^\nthird_party/boringssl/crypto/asn1/a_d2i_fp.cIn file included from In file included from third_party/boringssl/crypto/asn1/a_bitstr.c::third_party/boringssl/include/openssl/mem.h62::\n6160:\n:\nIn file included from third_party/boringssl/include/openssl/base.hIn file included from third_party/boringssl/include/openssl/buf.h:third_party/boringssl/include/openssl/mem.h::60:\nthird_party/boringssl/include/openssl/base.h60::\n215third_party/boringssl/include/openssl/base.h::31213:219 error: redefinition of typedef 'ASN1_INTEGER' is a C11 feature [-Werror,-Wtypedef-redefinition]\n::31:31:typedef struct asn1_string_st ASN1_INTEGER;\n                              ^\n error/usr/local/opt/openssl@3/include/openssl/types.h: :45:redefinition of typedef 'ASN1_GENERALSTRING' is a C11 feature [-Werror,-Wtypedef-redefinition] error: \nredefinition of typedef 'ASN1_T61STRING' is a C11 feature [-Werror,-Wtypedef-redefinition]\ntypedef struct asn1_string_st ASN1_GENERALSTRING;typedef struct asn1_string_st ASN1_T61STRING;31\n                              ^:\n note: /usr/local/opt/openssl@3/include/openssl/types.hprevious definition is here:\n50:31:\n                              ^\n/usr/local/opt/openssl@3/include/openssl/types.h :52note:typedef struct asn1_string_st ASN1_INTEGER;31: \nnote: previous definition is here\n: previous definition is here\n                              ^\ntypedef struct asn1_string_st ASN1_GENERALSTRING;\n                              ^\nIn file included from third_party/boringssl/crypto/asn1/a_bitstr.c:In file included from 62third_party/boringssl/crypto/asn1/a_d2i_fp.c:\n:In file included from 61third_party/boringssl/include/openssl/mem.h:\n:In file included from 60third_party/boringssl/include/openssl/buf.h:\n:typedef struct asn1_string_st ASN1_T61STRING;\n                              ^\nthird_party/boringssl/include/openssl/base.h60::\n216third_party/boringssl/include/openssl/base.h::31214:: 31error::  redefinition of typedef 'ASN1_OCTET_STRING' is a C11 feature [-Werror,-Wtypedef-redefinition]error\n: redefinition of typedef 'ASN1_IA5STRING' is a C11 feature [-Werror,-Wtypedef-redefinition]\ntypedef struct asn1_string_st ASN1_IA5STRING;\n                              ^\nfatal error/usr/local/opt/openssl@3/include/openssl/types.h: :51too many errors emitted, stopping now [-ferror-limit=]:typedef struct asn1_string_st ASN1_OCTET_STRING;\n31                              ^:\n\n/usr/local/opt/openssl@3/include/openssl/types.h:48:31: note: previous definition is here\ntypedef struct asn1_string_st ASN1_OCTET_STRING;\n                              ^\nIn file included from third_party/boringssl/crypto/asn1/a_bitstr.c:62:\nIn file included from third_party/boringssl/include/openssl/mem.h:60:\nthird_party/boringssl/include/openssl/base.h:217:31: error: redefinition of typedef 'ASN1_PRINTABLESTRING' is a C11 feature [-Werror,-Wtypedef-redefinition] note: \nprevious definition is here\ntypedef struct asn1_string_st ASN1_IA5STRING;\n                              ^\ntypedef struct asn1_string_st ASN1_PRINTABLESTRING;\nIn file included from                               ^third_party/boringssl/crypto/asn1/a_d2i_fp.c\n:61:\nIn file included from third_party/boringssl/include/openssl/buf.h:60:\nthird_party/boringssl/include/openssl/base.h:/usr/local/opt/openssl@3/include/openssl/types.h215::3149:: 31error: note: redefinition of typedef 'ASN1_INTEGER' is a C11 feature [-Werror,-Wtypedef-redefinition]\ntypedef struct asn1_string_st ASN1_INTEGER;\n                              ^\n/usr/local/opt/openssl@3/include/openssl/types.h:45:31: note: previous definition is here\ntypedef struct asn1_string_st ASN1_INTEGER;\n                              ^\nIn file included from third_party/boringssl/crypto/asn1/a_d2i_fp.c:61:\nIn file included from third_party/boringssl/include/openssl/buf.h: :60:\nthird_party/boringssl/include/openssl/base.hprevious definition is here:\n216:31: error: redefinition of typedef 'ASN1_OCTET_STRING' is a C11 feature [-Werror,-Wtypedef-redefinition]\ntypedef struct asn1_string_st ASN1_OCTET_STRING;\n                              ^\n/usr/local/opt/openssl@3/include/openssl/types.h:48:31: note: previous definition is here\ntypedef struct asn1_string_st ASN1_PRINTABLESTRING;typedef struct asn1_string_st ASN1_OCTET_STRING;\n                              ^\nIn file included from third_party/boringssl/crypto/asn1/a_d2i_fp.c:61:\nIn file included from \nthird_party/boringssl/include/openssl/buf.h                              ^:60:\nthird_party/boringssl/include/openssl/base.h:217:31\n: In file included from errorthird_party/boringssl/crypto/asn1/a_bitstr.c: :62redefinition of typedef 'ASN1_PRINTABLESTRING' is a C11 feature [-Werror,-Wtypedef-redefinition]:\n\nIn file included from third_party/boringssl/include/openssl/mem.h:60:\nthird_party/boringssl/include/openssl/base.h:218:31: typedef struct asn1_string_st ASN1_PRINTABLESTRING;error\n:                               ^redefinition of typedef 'ASN1_STRING' is a C11 feature [-Werror,-Wtypedef-redefinition]\n/usr/local/opt/openssl@3/include/openssl/types.h:49:31: note: \nprevious definition is here\ntypedef struct asn1_string_st ASN1_PRINTABLESTRING;\n                              ^\nIn file included from third_party/boringssl/crypto/asn1/a_d2i_fp.ctypedef struct asn1_string_st ASN1_STRING;:\n61:\n                              ^In file included from \nthird_party/boringssl/include/openssl/buf.h:60:\n/usr/local/opt/openssl@3/include/openssl/types.h:60:31: notethird_party/boringssl/include/openssl/base.h: :previous definition is here218\n:31: error: redefinition of typedef 'ASN1_STRING' is a C11 feature [-Werror,-Wtypedef-redefinition]\ntypedef struct asn1_string_st ASN1_STRING;\n                              ^\nIn file included from third_party/boringssl/crypto/asn1/a_bitstr.c:typedef struct asn1_string_st ASN1_STRING;62\n:\n                              ^In file included from \nthird_party/boringssl/include/openssl/mem.h:60:\n/usr/local/opt/openssl@3/include/openssl/types.hthird_party/boringssl/include/openssl/base.h::60219::3131::  noteerror: : previous definition is hereredefinition of typedef 'ASN1_T61STRING' is a C11 feature [-Werror,-Wtypedef-redefinition]\n\ntypedef struct asn1_string_st ASN1_STRING;typedef struct asn1_string_st ASN1_T61STRING;\n\n                              ^\n/usr/local/opt/openssl@3/include/openssl/types.h:50:31: note: previous definition is here\n                              ^\ntypedef struct asn1_string_st ASN1_T61STRING;\n                              ^\nIn file included from third_party/boringssl/crypto/asn1/a_d2i_fp.cfatal error:: 61too many errors emitted, stopping now [-ferror-limit=]:\n\nIn file included from third_party/boringssl/include/openssl/buf.h:60:\nthird_party/boringssl/include/openssl/base.h:219:31: error: redefinition of typedef 'ASN1_T61STRING' is a C11 feature [-Werror,-Wtypedef-redefinition]\ntypedef struct asn1_string_st ASN1_T61STRING;\n                              ^\n/usr/local/opt/openssl@3/include/openssl/types.h:50:31: note: previous definition is here\ntypedef struct asn1_string_st ASN1_T61STRING;\n                              ^\nfatal error: too many errors emitted, stopping now [-ferror-limit=]\n20 errors generated.\n20 errors generated.\nmake: *** [/Users/runner/actions-runner/_work/python.build/python.build/build_grpcio163311/grpcio-1.6.3/objs/opt/third_party/boringssl/crypto/asn1/a_bool.o] Error 1\n20 errors generated.\nmake: *** [/Users/runner/actions-runner/_work/python.build/python.build/build_grpcio163311/grpcio-1.6.3/objs/opt/third_party/boringssl/crypto/asn1/a_bitstr.o] Error 1\nmake: *** [/Users/runner/actions-runner/_work/python.build/python.build/build_grpcio163311/grpcio-1.6.3/objs/opt/third_party/boringssl/crypto/asn1/a_d2i_fp.o] Error 1\nIn file included from third_party/boringssl/crypto/asn1/a_enum.c:62:\nIn file included from third_party/boringssl/include/openssl/mem.h:60:\nthird_party/boringssl/include/openssl/base.h:133:9: error: 'OPENSSL_VERSION_NUMBER' macro redefined [-Werror,-Wmacro-redefined]\n#define OPENSSL_VERSION_NUMBER 0x100020af\n        ^\n/usr/local/opt/openssl@3/include/openssl/opensslv.h:99:10: note: previous definition is here\n# define OPENSSL_VERSION_NUMBER          \\\n         ^\nIn file included from third_party/boringssl/crypto/asn1/a_enum.c:62:\nIn file included from third_party/boringssl/include/openssl/mem.h:60:\nthird_party/boringssl/include/openssl/base.h:168:9: error: 'OPENSSL_EXPORT' macro redefined [-Werror,-Wmacro-redefined]\n#define OPENSSL_EXPORT\n        ^\n/usr/local/opt/openssl@3/include/openssl/e_os2.h:183:11: note: previous definition is here\n#  define OPENSSL_EXPORT extern\n          ^\nIn file included from third_party/boringssl/crypto/asn1/a_enum.c:62:\nIn file included from third_party/boringssl/include/openssl/mem.h:60:\nthird_party/boringssl/include/openssl/base.h:202:13: error: typedef redefinition with different types ('int' vs 'struct crypto_threadid_st')\ntypedef int CRYPTO_THREADID;\n            ^\n/usr/local/opt/openssl@3/include/openssl/crypto.h:308:3: note: previous definition is here\n} CRYPTO_THREADID;\n  ^\nIn file included from third_party/boringssl/crypto/asn1/a_enum.c:62:\nIn file included from third_party/boringssl/include/openssl/mem.h:60:\nthird_party/boringssl/include/openssl/base.h:204:13: error: redefinition of typedef 'ASN1_BOOLEAN' is a C11 feature [-Werror,-Wtypedef-redefinition]\ntypedef int ASN1_BOOLEAN;\n            ^\n/usr/local/opt/openssl@3/include/openssl/types.h:61:13: note: previous definition is here\ntypedef int ASN1_BOOLEAN;\n            ^\nIn file included from third_party/boringssl/crypto/asn1/a_enum.c:62:\nIn file included from third_party/boringssl/include/openssl/mem.h:60:\nthird_party/boringssl/include/openssl/base.h:205:13: error: redefinition of typedef 'ASN1_NULL' is a C11 feature [-Werror,-Wtypedef-redefinition]\ntypedef int ASN1_NULL;\n            ^\n/usr/local/opt/openssl@3/include/openssl/types.h:62:13: note: previous definition is here\ntypedef int ASN1_NULL;\n            ^\nIn file included from third_party/boringssl/crypto/asn1/a_enum.c:62:\nIn file included from third_party/boringssl/include/openssl/mem.h:60:\nthird_party/boringssl/include/openssl/base.h:206:29: error: redefinition of typedef 'ASN1_ITEM' is a C11 feature [-Werror,-Wtypedef-redefinition]\ntypedef struct ASN1_ITEM_st ASN1_ITEM;\n                            ^\n/usr/local/opt/openssl@3/include/openssl/types.h:69:29: note: previous definition is here\ntypedef struct ASN1_ITEM_st ASN1_ITEM;\n                            ^\nIn file included from third_party/boringssl/crypto/asn1/a_enum.c:62:\nIn file included from third_party/boringssl/include/openssl/mem.h:60:\nthird_party/boringssl/include/openssl/base.h:207:31: error: redefinition of typedef 'ASN1_OBJECT' is a C11 feature [-Werror,-Wtypedef-redefinition]\ntypedef struct asn1_object_st ASN1_OBJECT;\n                              ^\n/usr/local/opt/openssl@3/include/openssl/types.h:66:31: note: previous definition is here\ntypedef struct asn1_object_st ASN1_OBJECT;\n                              ^\nIn file included from third_party/boringssl/crypto/asn1/a_enum.c:62:\nIn file included from third_party/boringssl/include/openssl/mem.h:60:\nthird_party/boringssl/include/openssl/base.h:208:29: error: redefinition of typedef 'ASN1_PCTX' is a C11 feature [-Werror,-Wtypedef-redefinition]\ntypedef struct asn1_pctx_st ASN1_PCTX;\n                            ^\n/usr/local/opt/openssl@3/include/openssl/types.h:70:29: note: previous definition is here\ntypedef struct asn1_pctx_st ASN1_PCTX;\n                            ^\nIn file included from third_party/boringssl/crypto/asn1/a_enum.c:62:\nIn file included from third_party/boringssl/include/openssl/mem.h:60:\nthird_party/boringssl/include/openssl/base.h:209:31: error: redefinition of typedef 'ASN1_BIT_STRING' is a C11 feature [-Werror,-Wtypedef-redefinition]\ntypedef struct asn1_string_st ASN1_BIT_STRING;\n                              ^\n/usr/local/opt/openssl@3/include/openssl/types.h:47:31: note: previous definition is here\ntypedef struct asn1_string_st ASN1_BIT_STRING;\n                              ^\nIn file included from third_party/boringssl/crypto/asn1/a_enum.c:62:\nIn file included from third_party/boringssl/include/openssl/mem.h:60:\nthird_party/boringssl/include/openssl/base.h:210:31: error: redefinition of typedef 'ASN1_BMPSTRING' is a C11 feature [-Werror,-Wtypedef-redefinition]\ntypedef struct asn1_string_st ASN1_BMPSTRING;\n                              ^\n/usr/local/opt/openssl@3/include/openssl/types.h:54:31: note: previous definition is here\ntypedef struct asn1_string_st ASN1_BMPSTRING;\n                              ^\nIn file included from third_party/boringssl/crypto/asn1/a_enum.c:62:\nIn file included from third_party/boringssl/include/openssl/mem.h:60:\nthird_party/boringssl/include/openssl/base.h:211:31: error: redefinition of typedef 'ASN1_ENUMERATED' is a C11 feature [-Werror,-Wtypedef-redefinition]\ntypedef struct asn1_string_st ASN1_ENUMERATED;\n                              ^\n/usr/local/opt/openssl@3/include/openssl/types.h:46:31: note: previous definition is here\ntypedef struct asn1_string_st ASN1_ENUMERATED;\n                              ^\nIn file included from third_party/boringssl/crypto/asn1/a_enum.c:62:\nIn file included from third_party/boringssl/include/openssl/mem.h:60:\nthird_party/boringssl/include/openssl/base.h:212:31: error: redefinition of typedef 'ASN1_GENERALIZEDTIME' is a C11 feature [-Werror,-Wtypedef-redefinition]\ntypedef struct asn1_string_st ASN1_GENERALIZEDTIME;\n                              ^\n/usr/local/opt/openssl@3/include/openssl/types.h:57:31: note: previous definition is here\ntypedef struct asn1_string_st ASN1_GENERALIZEDTIME;\n                              ^\nIn file included from third_party/boringssl/crypto/asn1/a_enum.c:62:\nIn file included from third_party/boringssl/include/openssl/mem.h:60:\nthird_party/boringssl/include/openssl/base.h:213:31: error: redefinition of typedef 'ASN1_GENERALSTRING' is a C11 feature [-Werror,-Wtypedef-redefinition]\ntypedef struct asn1_string_st ASN1_GENERALSTRING;\n                              ^\n/usr/local/opt/openssl@3/include/openssl/types.h:52:31: note: previous definition is here\ntypedef struct asn1_string_st ASN1_GENERALSTRING;\n                              ^\nIn file included from third_party/boringssl/crypto/asn1/a_enum.c:62:\nIn file included from third_party/boringssl/include/openssl/mem.h:60:\nthird_party/boringssl/include/openssl/base.h:214:31: error: redefinition of typedef 'ASN1_IA5STRING' is a C11 feature [-Werror,-Wtypedef-redefinition]\ntypedef struct asn1_string_st ASN1_IA5STRING;\n                              ^\n/usr/local/opt/openssl@3/include/openssl/types.h:51:31: note: previous definition is here\ntypedef struct asn1_string_st ASN1_IA5STRING;\n                              ^\nIn file included from third_party/boringssl/crypto/asn1/a_enum.c:62:\nIn file included from third_party/boringssl/include/openssl/mem.h:60:\nthird_party/boringssl/include/openssl/base.h:215:31: error: redefinition of typedef 'ASN1_INTEGER' is a C11 feature [-Werror,-Wtypedef-redefinition]\ntypedef struct asn1_string_st ASN1_INTEGER;\n                              ^\n/usr/local/opt/openssl@3/include/openssl/types.h:45:31: note: previous definition is here\ntypedef struct asn1_string_st ASN1_INTEGER;\n                              ^\nIn file included from third_party/boringssl/crypto/asn1/a_enum.c:62:\nIn file included from third_party/boringssl/include/openssl/mem.h:60:\nthird_party/boringssl/include/openssl/base.h:216:31: error: redefinition of typedef 'ASN1_OCTET_STRING' is a C11 feature [-Werror,-Wtypedef-redefinition]\ntypedef struct asn1_string_st ASN1_OCTET_STRING;\n                              ^\n/usr/local/opt/openssl@3/include/openssl/types.h:48:31: note: previous definition is here\ntypedef struct asn1_string_st ASN1_OCTET_STRING;\n                              ^\nIn file included from third_party/boringssl/crypto/asn1/a_enum.c:62:\nIn file included from third_party/boringssl/include/openssl/mem.h:60:\nthird_party/boringssl/include/openssl/base.h:217:31: error: redefinition of typedef 'ASN1_PRINTABLESTRING' is a C11 feature [-Werror,-Wtypedef-redefinition]\ntypedef struct asn1_string_st ASN1_PRINTABLESTRING;\n                              ^\n/usr/local/opt/openssl@3/include/openssl/types.h:49:31: note: previous definition is here\ntypedef struct asn1_string_st ASN1_PRINTABLESTRING;\n                              ^\nIn file included from third_party/boringssl/crypto/asn1/a_enum.c:62:\nIn file included from third_party/boringssl/include/openssl/mem.h:60:\nthird_party/boringssl/include/openssl/base.h:218:31: error: redefinition of typedef 'ASN1_STRING' is a C11 feature [-Werror,-Wtypedef-redefinition]\ntypedef struct asn1_string_st ASN1_STRING;\n                              ^\n/usr/local/opt/openssl@3/include/openssl/types.h:60:31: note: previous definition is here\ntypedef struct asn1_string_st ASN1_STRING;\n                              ^\nIn file included from third_party/boringssl/crypto/asn1/a_enum.c:62:\nIn file included from third_party/boringssl/include/openssl/mem.h:60:\nthird_party/boringssl/include/openssl/base.h:219:31: error: redefinition of typedef 'ASN1_T61STRING' is a C11 feature [-Werror,-Wtypedef-redefinition]\ntypedef struct asn1_string_st ASN1_T61STRING;\n                              ^\n/usr/local/opt/openssl@3/include/openssl/types.h:50:31: note: previous definition is here\ntypedef struct asn1_string_st ASN1_T61STRING;\n                              ^\nfatal error: too many errors emitted, stopping now [-ferror-limit=]\n20 errors generated.\nmake: *** [/Users/runner/actions-runner/_work/python.build/python.build/build_grpcio163311/grpcio-1.6.3/objs/opt/third_party/boringssl/crypto/asn1/a_enum.o] Error 1\nIn file included from third_party/boringssl/crypto/asn1/a_dup.c:60:\nIn file included from third_party/boringssl/include/openssl/mem.h:60:\nthird_party/boringssl/include/openssl/base.h:133:9: error: 'OPENSSL_VERSION_NUMBER' macro redefined [-Werror,-Wmacro-redefined]\n#define OPENSSL_VERSION_NUMBER 0x100020af\n        ^\n/usr/local/opt/openssl@3/include/openssl/opensslv.h:99:10: note: previous definition is here\n# define OPENSSL_VERSION_NUMBER          \\\n         ^\nIn file included from third_party/boringssl/crypto/asn1/a_dup.c:60:\nIn file included from third_party/boringssl/include/openssl/mem.h:60:\nthird_party/boringssl/include/openssl/base.h:168:9: error: 'OPENSSL_EXPORT' macro redefined [-Werror,-Wmacro-redefined]\n#define OPENSSL_EXPORT\n        ^\n/usr/local/opt/openssl@3/include/openssl/e_os2.h:183:11: note: previous definition is here\n#  define OPENSSL_EXPORT extern\n          ^\nIn file included from third_party/boringssl/crypto/asn1/a_dup.c:60:\nIn file included from third_party/boringssl/include/openssl/mem.h:60:\nthird_party/boringssl/include/openssl/base.h:202:13: error: typedef redefinition with different types ('int' vs 'struct crypto_threadid_st')\ntypedef int CRYPTO_THREADID;\n            ^\n/usr/local/opt/openssl@3/include/openssl/crypto.h:308:3: note: previous definition is here\n} CRYPTO_THREADID;\n  ^\nIn file included from third_party/boringssl/crypto/asn1/a_dup.c:60:\nIn file included from third_party/boringssl/include/openssl/mem.h:60:\nthird_party/boringssl/include/openssl/base.h:204:13: error: redefinition of typedef 'ASN1_BOOLEAN' is a C11 feature [-Werror,-Wtypedef-redefinition]\ntypedef int ASN1_BOOLEAN;\n            ^\n/usr/local/opt/openssl@3/include/openssl/types.h:61:13: note: previous definition is here\ntypedef int ASN1_BOOLEAN;\n            ^\nIn file included from third_party/boringssl/crypto/asn1/a_dup.c:60:\nIn file included from third_party/boringssl/include/openssl/mem.h:60:\nthird_party/boringssl/include/openssl/base.h:205:13: error: redefinition of typedef 'ASN1_NULL' is a C11 feature [-Werror,-Wtypedef-redefinition]\ntypedef int ASN1_NULL;\n            ^\n/usr/local/opt/openssl@3/include/openssl/types.h:62:13: note: previous definition is here\ntypedef int ASN1_NULL;\n            ^\nIn file included from third_party/boringssl/crypto/asn1/a_dup.c:60:\nIn file included from third_party/boringssl/include/openssl/mem.h:60:\nthird_party/boringssl/include/openssl/base.h:206:29: error: redefinition of typedef 'ASN1_ITEM' is a C11 feature [-Werror,-Wtypedef-redefinition]\ntypedef struct ASN1_ITEM_st ASN1_ITEM;\n                            ^\n/usr/local/opt/openssl@3/include/openssl/types.h:69:29: note: previous definition is here\ntypedef struct ASN1_ITEM_st ASN1_ITEM;\n                            ^\nIn file included from third_party/boringssl/crypto/asn1/a_dup.c:60:\nIn file included from third_party/boringssl/include/openssl/mem.h:60:\nthird_party/boringssl/include/openssl/base.h:207:31: error: redefinition of typedef 'ASN1_OBJECT' is a C11 feature [-Werror,-Wtypedef-redefinition]\ntypedef struct asn1_object_st ASN1_OBJECT;\n                              ^\n/usr/local/opt/openssl@3/include/openssl/types.h:66:31: note: previous definition is here\ntypedef struct asn1_object_st ASN1_OBJECT;\n                              ^\nIn file included from third_party/boringssl/crypto/asn1/a_dup.c:60:\nIn file included from third_party/boringssl/include/openssl/mem.h:60:\nthird_party/boringssl/include/openssl/base.h:208:29: error: redefinition of typedef 'ASN1_PCTX' is a C11 feature [-Werror,-Wtypedef-redefinition]\ntypedef struct asn1_pctx_st ASN1_PCTX;\n                            ^\n/usr/local/opt/openssl@3/include/openssl/types.h:70:29: note: previous definition is here\ntypedef struct asn1_pctx_st ASN1_PCTX;\n                            ^\nIn file included from third_party/boringssl/crypto/asn1/a_dup.c:60:\nIn file included from third_party/boringssl/include/openssl/mem.h:60:\nthird_party/boringssl/include/openssl/base.h:209:31: error: redefinition of typedef 'ASN1_BIT_STRING' is a C11 feature [-Werror,-Wtypedef-redefinition]\ntypedef struct asn1_string_st ASN1_BIT_STRING;\n                              ^\n/usr/local/opt/openssl@3/include/openssl/types.h:47:31: note: previous definition is here\ntypedef struct asn1_string_st ASN1_BIT_STRING;\n                              ^\nIn file included from third_party/boringssl/crypto/asn1/a_dup.c:60:\nIn file included from third_party/boringssl/include/openssl/mem.h:60:\nthird_party/boringssl/include/openssl/base.h:210:31: error: redefinition of typedef 'ASN1_BMPSTRING' is a C11 feature [-Werror,-Wtypedef-redefinition]\ntypedef struct asn1_string_st ASN1_BMPSTRING;\n                              ^\n/usr/local/opt/openssl@3/include/openssl/types.h:54:31: note: previous definition is here\ntypedef struct asn1_string_st ASN1_BMPSTRING;\n                              ^\nIn file included from third_party/boringssl/crypto/asn1/a_dup.c:60:\nIn file included from third_party/boringssl/include/openssl/mem.h:60:\nthird_party/boringssl/include/openssl/base.h:211:31: error: redefinition of typedef 'ASN1_ENUMERATED' is a C11 feature [-Werror,-Wtypedef-redefinition]\ntypedef struct asn1_string_st ASN1_ENUMERATED;\n                              ^\n/usr/local/opt/openssl@3/include/openssl/types.h:46:31: note: previous definition is here\ntypedef struct asn1_string_st ASN1_ENUMERATED;\n                              ^\nIn file included from third_party/boringssl/crypto/asn1/a_dup.c:60:\nIn file included from third_party/boringssl/include/openssl/mem.h:60:\nthird_party/boringssl/include/openssl/base.h:212:31: error: redefinition of typedef 'ASN1_GENERALIZEDTIME' is a C11 feature [-Werror,-Wtypedef-redefinition]\ntypedef struct asn1_string_st ASN1_GENERALIZEDTIME;\n                              ^\n/usr/local/opt/openssl@3/include/openssl/types.h:57:31: note: previous definition is here\ntypedef struct asn1_string_st ASN1_GENERALIZEDTIME;\n                              ^\nIn file included from third_party/boringssl/crypto/asn1/a_dup.c:60:\nIn file included from third_party/boringssl/include/openssl/mem.h:60:\nthird_party/boringssl/include/openssl/base.h:213:31: error: redefinition of typedef 'ASN1_GENERALSTRING' is a C11 feature [-Werror,-Wtypedef-redefinition]\ntypedef struct asn1_string_st ASN1_GENERALSTRING;\n                              ^\n/usr/local/opt/openssl@3/include/openssl/types.h:52:31: note: previous definition is here\ntypedef struct asn1_string_st ASN1_GENERALSTRING;\n                              ^\nIn file included from third_party/boringssl/crypto/asn1/a_dup.c:60:\nIn file included from third_party/boringssl/include/openssl/mem.h:60:\nthird_party/boringssl/include/openssl/base.h:214:31: error: redefinition of typedef 'ASN1_IA5STRING' is a C11 feature [-Werror,-Wtypedef-redefinition]\ntypedef struct asn1_string_st ASN1_IA5STRING;\n                              ^\n/usr/local/opt/openssl@3/include/openssl/types.h:51:31: note: previous definition is here\ntypedef struct asn1_string_st ASN1_IA5STRING;\n                              ^\nIn file included from third_party/boringssl/crypto/asn1/a_dup.c:60:\nIn file included from third_party/boringssl/include/openssl/mem.h:60:\nthird_party/boringssl/include/openssl/base.h:215:31: error: redefinition of typedef 'ASN1_INTEGER' is a C11 feature [-Werror,-Wtypedef-redefinition]\ntypedef struct asn1_string_st ASN1_INTEGER;\n                              ^\n/usr/local/opt/openssl@3/include/openssl/types.h:45:31: note: previous definition is here\ntypedef struct asn1_string_st ASN1_INTEGER;\n                              ^\nIn file included from third_party/boringssl/crypto/asn1/a_dup.c:60:\nIn file included from third_party/boringssl/include/openssl/mem.h:60:\nthird_party/boringssl/include/openssl/base.h:216:31: error: redefinition of typedef 'ASN1_OCTET_STRING' is a C11 feature [-Werror,-Wtypedef-redefinition]\ntypedef struct asn1_string_st ASN1_OCTET_STRING;\n                              ^\n/usr/local/opt/openssl@3/include/openssl/types.h:48:31: note: previous definition is here\ntypedef struct asn1_string_st ASN1_OCTET_STRING;\n                              ^\nIn file included from third_party/boringssl/crypto/asn1/a_dup.c:60:\nIn file included from third_party/boringssl/include/openssl/mem.h:60:\nthird_party/boringssl/include/openssl/base.h:217:31: error: redefinition of typedef 'ASN1_PRINTABLESTRING' is a C11 feature [-Werror,-Wtypedef-redefinition]\ntypedef struct asn1_string_st ASN1_PRINTABLESTRING;\n                              ^\n/usr/local/opt/openssl@3/include/openssl/types.h:49:31: note: previous definition is here\ntypedef struct asn1_string_st ASN1_PRINTABLESTRING;\n                              ^\nIn file included from third_party/boringssl/crypto/asn1/a_dup.c:60:\nIn file included from third_party/boringssl/include/openssl/mem.h:60:\nthird_party/boringssl/include/openssl/base.h:218:31: error: redefinition of typedef 'ASN1_STRING' is a C11 feature [-Werror,-Wtypedef-redefinition]\ntypedef struct asn1_string_st ASN1_STRING;\n                              ^\n/usr/local/opt/openssl@3/include/openssl/types.h:60:31: note: previous definition is here\ntypedef struct asn1_string_st ASN1_STRING;\n                              ^\nIn file included from third_party/boringssl/crypto/asn1/a_dup.c:60:\nIn file included from third_party/boringssl/include/openssl/mem.h:60:\nthird_party/boringssl/include/openssl/base.h:219:31: error: redefinition of typedef 'ASN1_T61STRING' is a C11 feature [-Werror,-Wtypedef-redefinition]\ntypedef struct asn1_string_st ASN1_T61STRING;\n                              ^\n/usr/local/opt/openssl@3/include/openssl/types.h:50:31: note: previous definition is here\ntypedef struct asn1_string_st ASN1_T61STRING;\n                              ^\nfatal error: too many errors emitted, stopping now [-ferror-limit=]\n20 errors generated.\nmake: *** [/Users/runner/actions-runner/_work/python.build/python.build/build_grpcio163311/grpcio-1.6.3/objs/opt/third_party/boringssl/crypto/asn1/a_dup.o] Error 1\n"
2022-12-27T01:54:18.7308130Z   Traceback (most recent call last):
2022-12-27T01:54:18.7313860Z     File "<string>", line 2, in <module>
2022-12-27T01:54:18.7314370Z     File "<pip-setuptools-caller>", line 34, in <module>
2022-12-27T01:54:18.7314750Z     File "/Users/runner/actions-runner/_work/python.build/python.build/build_grpcio163311/grpcio-1.6.3/setup.py", line 290, in <module>
2022-12-27T01:54:18.7315000Z       setuptools.setup(
2022-12-27T01:54:18.7315430Z     File "/private/var/folders/51/hd414ycd67n82196sw51xqtc0000gn/T/cibw-run-4_3buwux/cp311-macosx_arm64/build/venv/lib/python3.11/site-packages/setuptools/__init__.py", line 87, in setup
2022-12-27T01:54:18.7315680Z       return distutils.core.setup(**attrs)
2022-12-27T01:54:18.7315870Z              ^^^^^^^^^^^^^^^^^^^^^^^^^^^^^
2022-12-27T01:54:18.7316240Z     File "/private/var/folders/51/hd414ycd67n82196sw51xqtc0000gn/T/cibw-run-4_3buwux/cp311-macosx_arm64/build/venv/lib/python3.11/site-packages/setuptools/_distutils/core.py", line 185, in setup
2022-12-27T01:54:18.7316590Z       return run_commands(dist)
2022-12-27T01:54:18.7316730Z              ^^^^^^^^^^^^^^^^^^
2022-12-27T01:54:18.7317300Z     File "/private/var/folders/51/hd414ycd67n82196sw51xqtc0000gn/T/cibw-run-4_3buwux/cp311-macosx_arm64/build/venv/lib/python3.11/site-packages/setuptools/_distutils/core.py", line 201, in run_commands
2022-12-27T01:54:18.7317610Z       dist.run_commands()
2022-12-27T01:54:18.7318020Z     File "/private/var/folders/51/hd414ycd67n82196sw51xqtc0000gn/T/cibw-run-4_3buwux/cp311-macosx_arm64/build/venv/lib/python3.11/site-packages/setuptools/_distutils/dist.py", line 969, in run_commands
2022-12-27T01:54:18.7318340Z       self.run_command(cmd)
2022-12-27T01:54:18.7318700Z     File "/private/var/folders/51/hd414ycd67n82196sw51xqtc0000gn/T/cibw-run-4_3buwux/cp311-macosx_arm64/build/venv/lib/python3.11/site-packages/setuptools/dist.py", line 1208, in run_command
2022-12-27T01:54:18.7318980Z       super().run_command(command)
2022-12-27T01:54:18.7319400Z     File "/private/var/folders/51/hd414ycd67n82196sw51xqtc0000gn/T/cibw-run-4_3buwux/cp311-macosx_arm64/build/venv/lib/python3.11/site-packages/setuptools/_distutils/dist.py", line 988, in run_command
2022-12-27T01:54:18.7319660Z       cmd_obj.run()
2022-12-27T01:54:18.7320070Z     File "/private/var/folders/51/hd414ycd67n82196sw51xqtc0000gn/T/cibw-run-4_3buwux/cp311-macosx_arm64/build/venv/lib/python3.11/site-packages/wheel/bdist_wheel.py", line 325, in run
2022-12-27T01:54:18.7320300Z       self.run_command("build")
2022-12-27T01:54:18.7320670Z     File "/private/var/folders/51/hd414ycd67n82196sw51xqtc0000gn/T/cibw-run-4_3buwux/cp311-macosx_arm64/build/venv/lib/python3.11/site-packages/setuptools/_distutils/cmd.py", line 318, in run_command
2022-12-27T01:54:18.7320960Z       self.distribution.run_command(command)
2022-12-27T01:54:18.7321380Z     File "/private/var/folders/51/hd414ycd67n82196sw51xqtc0000gn/T/cibw-run-4_3buwux/cp311-macosx_arm64/build/venv/lib/python3.11/site-packages/setuptools/dist.py", line 1208, in run_command
2022-12-27T01:54:18.7321740Z       super().run_command(command)
2022-12-27T01:54:18.7322130Z     File "/private/var/folders/51/hd414ycd67n82196sw51xqtc0000gn/T/cibw-run-4_3buwux/cp311-macosx_arm64/build/venv/lib/python3.11/site-packages/setuptools/_distutils/dist.py", line 988, in run_command
2022-12-27T01:54:18.7322390Z       cmd_obj.run()
2022-12-27T01:54:18.7322830Z     File "/private/var/folders/51/hd414ycd67n82196sw51xqtc0000gn/T/cibw-run-4_3buwux/cp311-macosx_arm64/build/venv/lib/python3.11/site-packages/setuptools/_distutils/command/build.py", line 132, in run
2022-12-27T01:54:18.7323100Z       self.run_command(cmd_name)
2022-12-27T01:54:18.7323510Z     File "/private/var/folders/51/hd414ycd67n82196sw51xqtc0000gn/T/cibw-run-4_3buwux/cp311-macosx_arm64/build/venv/lib/python3.11/site-packages/setuptools/_distutils/cmd.py", line 318, in run_command
2022-12-27T01:54:18.7323800Z       self.distribution.run_command(command)
2022-12-27T01:54:18.7324160Z     File "/private/var/folders/51/hd414ycd67n82196sw51xqtc0000gn/T/cibw-run-4_3buwux/cp311-macosx_arm64/build/venv/lib/python3.11/site-packages/setuptools/dist.py", line 1208, in run_command
2022-12-27T01:54:18.7324480Z       super().run_command(command)
2022-12-27T01:54:18.7324880Z     File "/private/var/folders/51/hd414ycd67n82196sw51xqtc0000gn/T/cibw-run-4_3buwux/cp311-macosx_arm64/build/venv/lib/python3.11/site-packages/setuptools/_distutils/dist.py", line 988, in run_command
2022-12-27T01:54:18.7325140Z       cmd_obj.run()
2022-12-27T01:54:18.7325520Z     File "/private/var/folders/51/hd414ycd67n82196sw51xqtc0000gn/T/cibw-run-4_3buwux/cp311-macosx_arm64/build/venv/lib/python3.11/site-packages/setuptools/command/build_ext.py", line 84, in run
2022-12-27T01:54:18.7325740Z       _build_ext.run(self)
2022-12-27T01:54:18.7326130Z     File "/private/var/folders/51/hd414ycd67n82196sw51xqtc0000gn/T/cibw-run-4_3buwux/cp311-macosx_arm64/build/venv/lib/python3.11/site-packages/Cython/Distutils/old_build_ext.py", line 186, in run
2022-12-27T01:54:18.7326390Z       _build_ext.build_ext.run(self)
2022-12-27T01:54:18.7326860Z     File "/private/var/folders/51/hd414ycd67n82196sw51xqtc0000gn/T/cibw-run-4_3buwux/cp311-macosx_arm64/build/venv/lib/python3.11/site-packages/setuptools/_distutils/command/build_ext.py", line 346, in run
2022-12-27T01:54:18.7327210Z       self.build_extensions()
2022-12-27T01:54:18.7327560Z     File "/Users/runner/actions-runner/_work/python.build/python.build/build_grpcio163311/grpcio-1.6.3/src/python/grpcio/commands.py", line 276, in build_extensions
2022-12-27T01:54:18.7327850Z       raise Exception("make command failed!")
2022-12-27T01:54:18.7328050Z   Exception: make command failed!
2022-12-27T01:54:18.7634820Z   error: subprocess-exited-with-error
2022-12-27T01:54:18.7635150Z   
2022-12-27T01:54:18.7635590Z   Ã— python setup.py bdist_wheel did not run successfully.
2022-12-27T01:54:18.7635900Z   â”‚ exit code: 1
2022-12-27T01:54:18.7636240Z   â•°â”€> See above for output.
2022-12-27T01:54:18.7636550Z   
2022-12-27T01:54:18.7636850Z   note: This error originates from a subprocess, and is likely not a problem with pip.
2022-12-27T01:54:18.7641410Z   full command: /private/var/folders/51/hd414ycd67n82196sw51xqtc0000gn/T/cibw-run-4_3buwux/cp311-macosx_arm64/build/venv/bin/python -u -c '
2022-12-27T01:54:18.7642020Z   exec(compile('"'"''"'"''"'"'
2022-12-27T01:54:18.7643090Z   # This is <pip-setuptools-caller> -- a caller that pip uses to run setup.py
2022-12-27T01:54:18.7643420Z   #
2022-12-27T01:54:18.7643850Z   # - It imports setuptools before invoking setup.py, to enable projects that directly
2022-12-27T01:54:18.7644260Z   #   import from `distutils.core` to work with newer packaging standards.
2022-12-27T01:54:18.7644710Z   # - It provides a clear error message when setuptools is not installed.
2022-12-27T01:54:18.7645130Z   # - It sets `sys.argv[0]` to the underlying `setup.py`, when invoking `setup.py` so
2022-12-27T01:54:18.7645590Z   #   setuptools doesn'"'"'t think the script is `-c`. This avoids the following warning:
2022-12-27T01:54:18.7646230Z   #     manifest_maker: standard file '"'"'-c'"'"' not found".
2022-12-27T01:54:18.7646660Z   # - It generates a shim setup.py, for handling setup.cfg-only projects.
2022-12-27T01:54:18.7647000Z   import os, sys, tokenize
2022-12-27T01:54:18.7647260Z   
2022-12-27T01:54:18.7647990Z   try:
2022-12-27T01:54:18.7648560Z       import setuptools
2022-12-27T01:54:18.7648910Z   except ImportError as error:
2022-12-27T01:54:18.7649220Z       print(
2022-12-27T01:54:18.7649560Z           "ERROR: Can not execute `setup.py` since setuptools is not available in "
2022-12-27T01:54:18.7649950Z           "the build environment.",
2022-12-27T01:54:18.7650290Z           file=sys.stderr,
2022-12-27T01:54:18.7650530Z       )
2022-12-27T01:54:18.7650800Z       sys.exit(1)
2022-12-27T01:54:18.7651060Z   
2022-12-27T01:54:18.7651650Z   __file__ = %r
2022-12-27T01:54:18.7651960Z   sys.argv[0] = __file__
2022-12-27T01:54:18.7652240Z   
2022-12-27T01:54:18.7652500Z   if os.path.exists(__file__):
2022-12-27T01:54:18.7652860Z       filename = __file__
2022-12-27T01:54:18.7653170Z       with tokenize.open(__file__) as f:
2022-12-27T01:54:18.7653440Z           setup_py_code = f.read()
2022-12-27T01:54:18.7653750Z   else:
2022-12-27T01:54:18.7654260Z       filename = "<auto-generated setuptools caller>"
2022-12-27T01:54:18.7654590Z       setup_py_code = "from setuptools import setup; setup()"
2022-12-27T01:54:18.7654950Z   
2022-12-27T01:54:18.7655290Z   exec(compile(setup_py_code, filename, "exec"))
2022-12-27T01:54:18.7656280Z   '"'"''"'"''"'"' % ('"'"'/Users/runner/actions-runner/_work/python.build/python.build/build_grpcio163311/grpcio-1.6.3/setup.py'"'"',), "<pip-setuptools-caller>", "exec"))' bdist_wheel -d /private/var/folders/51/hd414ycd67n82196sw51xqtc0000gn/T/pip-wheel-zkijfhf4
2022-12-27T01:54:18.7657150Z   cwd: /Users/runner/actions-runner/_work/python.build/python.build/build_grpcio163311/grpcio-1.6.3/
2022-12-27T01:54:18.7657520Z   ERROR: Failed building wheel for grpcio
2022-12-27T01:54:18.7657770Z   Running command python setup.py clean
2022-12-27T01:54:18.7658110Z   Building wheel for grpcio (setup.py): finished with status 'error'
2022-12-27T01:54:18.7658520Z   Running setup.py clean for grpcio
2022-12-27T01:54:19.1249270Z   running clean
2022-12-27T01:54:19.1262420Z   removing 'python_build/lib.macosx-11.0-arm64-cpython-311' (and everything under it)
2022-12-27T01:54:19.1300530Z   'python_build/bdist.macosx-11.0-arm64' does not exist -- can't clean it
2022-12-27T01:54:19.1301300Z   'python_build/scripts-3.11' does not exist -- can't clean it
2022-12-27T01:54:19.1303210Z   removing 'python_build'
2022-12-27T01:54:19.1627790Z Failed to build grpcio
2022-12-27T01:54:19.1631790Z ERROR: Failed to build one or more wheels
2022-12-27T01:54:19.1644190Z Exception information:
2022-12-27T01:54:19.1644560Z Traceback (most recent call last):
2022-12-27T01:54:19.1645900Z   File "/private/var/folders/51/hd414ycd67n82196sw51xqtc0000gn/T/cibw-run-4_3buwux/cp311-macosx_arm64/build/venv/lib/python3.11/site-packages/pip/_internal/cli/base_command.py", line 160, in exc_logging_wrapper
2022-12-27T01:54:19.1646390Z     status = run_func(*args)
2022-12-27T01:54:19.1646710Z              ^^^^^^^^^^^^^^^
2022-12-27T01:54:19.1647670Z   File "/private/var/folders/51/hd414ycd67n82196sw51xqtc0000gn/T/cibw-run-4_3buwux/cp311-macosx_arm64/build/venv/lib/python3.11/site-packages/pip/_internal/cli/req_command.py", line 247, in wrapper
2022-12-27T01:54:19.1648100Z     return func(self, options, args)
2022-12-27T01:54:19.1648320Z            ^^^^^^^^^^^^^^^^^^^^^^^^^
2022-12-27T01:54:19.1649030Z   File "/private/var/folders/51/hd414ycd67n82196sw51xqtc0000gn/T/cibw-run-4_3buwux/cp311-macosx_arm64/build/venv/lib/python3.11/site-packages/pip/_internal/commands/wheel.py", line 201, in run
2022-12-27T01:54:19.1649510Z     raise CommandError("Failed to build one or more wheels")
2022-12-27T01:54:19.1649870Z pip._internal.exceptions.CommandError: Failed to build one or more wheels
2022-12-27T01:54:19.1650380Z Removed build tracker: '/private/var/folders/51/hd414ycd67n82196sw51xqtc0000gn/T/pip-build-tracker-79ow78jn'
2022-12-27T01:54:19.2179810Z ##[error]Command ['python', '-m', 'pip', 'wheel', '/Users/runner/actions-runner/_work/python.build/python.build/build_grpcio163311/grpcio-1.6.3', '--wheel-dir=/private/var/folders/51/hd414ycd67n82196sw51xqtc0000gn/T/cibw-run-4_3buwux/cp311-macosx_arm64/built_wheel', '--no-deps', '-vvv'] failed with code 1. None
2022-12-27T01:54:19.2185810Z 
2022-12-27T01:54:19.2186060Z ##[endgroup]
2022-12-27T01:54:19.2186540Z                                                               [31mâœ• [0m5.53s
2022-12-27T01:54:19.2817380Z ##[error]Process completed with exit code 1.
2022-12-27T01:54:19.2849900Z ##[group]Run rm -rf build_grpcio163311 wheelsout
2022-12-27T01:54:19.2850080Z [36;1mrm -rf build_grpcio163311 wheelsout[0m
2022-12-27T01:54:19.2866350Z shell: /bin/bash -e {0}
2022-12-27T01:54:19.2866460Z env:
2022-12-27T01:54:19.2866600Z   pythonLocation: /Users/runner/hostedtoolcache/Python/3.11.1/x64
2022-12-27T01:54:19.2866810Z   PKG_CONFIG_PATH: /Users/runner/hostedtoolcache/Python/3.11.1/x64/lib/pkgconfig
2022-12-27T01:54:19.2866990Z   Python_ROOT_DIR: /Users/runner/hostedtoolcache/Python/3.11.1/x64
2022-12-27T01:54:19.2867170Z   Python2_ROOT_DIR: /Users/runner/hostedtoolcache/Python/3.11.1/x64
2022-12-27T01:54:19.2867340Z   Python3_ROOT_DIR: /Users/runner/hostedtoolcache/Python/3.11.1/x64
2022-12-27T01:54:19.2867470Z ##[endgroup]
2022-12-27T01:54:19.5739590Z Cleaning up orphan processes
