2022-12-27T08:46:17.1787977Z Requested labels: self-hosted, macOS, X64
2022-12-27T08:46:17.1788063Z Job defined at: kilnbuild/python.build/.github/workflows/mac_arm_build.yml@refs/heads/main
2022-12-27T08:46:17.1788087Z Waiting for a runner to pick up this job...
2022-12-27T11:06:57.9757993Z Job is about to start running on the runner: s1 (organization)
2022-12-27T11:07:00.9073210Z Current runner version: '2.300.2'
2022-12-27T11:07:00.9079280Z Runner name: 's1'
2022-12-27T11:07:00.9079550Z Runner group name: 'Default'
2022-12-27T11:07:00.9079990Z Machine name: 's1'
2022-12-27T11:07:00.9081560Z ##[group]GITHUB_TOKEN Permissions
2022-12-27T11:07:00.9081990Z Actions: write
2022-12-27T11:07:00.9082140Z Checks: write
2022-12-27T11:07:00.9082280Z Contents: write
2022-12-27T11:07:00.9082430Z Deployments: write
2022-12-27T11:07:00.9082570Z Discussions: write
2022-12-27T11:07:00.9082710Z Issues: write
2022-12-27T11:07:00.9082850Z Metadata: read
2022-12-27T11:07:00.9082980Z Packages: write
2022-12-27T11:07:00.9083120Z Pages: write
2022-12-27T11:07:00.9083260Z PullRequests: write
2022-12-27T11:07:00.9083430Z RepositoryProjects: write
2022-12-27T11:07:00.9083590Z SecurityEvents: write
2022-12-27T11:07:00.9083880Z Statuses: write
2022-12-27T11:07:00.9084030Z ##[endgroup]
2022-12-27T11:07:00.9086600Z Secret source: Actions
2022-12-27T11:07:00.9086940Z Prepare workflow directory
2022-12-27T11:07:00.9758860Z Prepare all required actions
2022-12-27T11:07:00.9881030Z Getting action download info
2022-12-27T11:07:01.4418310Z Download action repository 'actions/setup-python@v4' (SHA:5ccb29d8773c3f3f653e1705f474dfaa8a06a912)
2022-12-27T11:07:03.3153100Z Download action repository 'actions/upload-artifact@v3' (SHA:83fd05a356d7e2593de66fc9913b3002723633cb)
2022-12-27T11:07:04.6479180Z ##[group]Run echo '{
2022-12-27T11:07:04.6479500Z [36;1mecho '{[0m
2022-12-27T11:07:04.6479680Z [36;1m  "package_name": "lxml",[0m
2022-12-27T11:07:04.6479990Z [36;1m  "package_url": "https://files.pythonhosted.org/packages/0a/c7/644775a06a2f7a641133a34f4ba7ed34ec82001c1c313c7cd43f54424b59/lxml-2.0.8.tar.gz",[0m
2022-12-27T11:07:04.6480210Z [36;1m  "package_version": "2.0.8",[0m
2022-12-27T11:07:04.6480330Z [36;1m  "python_version": "3.11",[0m
2022-12-27T11:07:04.6480450Z [36;1m  "use_ccache": "true"[0m
2022-12-27T11:07:04.6480630Z [36;1m}'[0m
2022-12-27T11:07:04.6496440Z shell: /bin/bash -e {0}
2022-12-27T11:07:04.6496700Z ##[endgroup]
2022-12-27T11:07:04.6718970Z {
2022-12-27T11:07:04.6720310Z   "package_name": "lxml",
2022-12-27T11:07:04.6720900Z   "package_url": "https://files.pythonhosted.org/packages/0a/c7/644775a06a2f7a641133a34f4ba7ed34ec82001c1c313c7cd43f54424b59/lxml-2.0.8.tar.gz",
2022-12-27T11:07:04.6721180Z   "package_version": "2.0.8",
2022-12-27T11:07:04.6721450Z   "python_version": "3.11",
2022-12-27T11:07:04.6721610Z   "use_ccache": "true"
2022-12-27T11:07:04.6721770Z }
2022-12-27T11:07:04.6939570Z ##[group]Run actions/setup-python@v4
2022-12-27T11:07:04.6939910Z with:
2022-12-27T11:07:04.6940100Z   python-version: 3.11
2022-12-27T11:07:04.6940250Z   check-latest: false
2022-12-27T11:07:04.6940550Z   token: ***
2022-12-27T11:07:04.6940740Z   update-environment: true
2022-12-27T11:07:04.6940970Z ##[endgroup]
2022-12-27T11:07:04.8222280Z ##[group]Installed versions
2022-12-27T11:07:04.8262520Z Successfully set up CPython (3.11.1)
2022-12-27T11:07:04.8263020Z ##[endgroup]
2022-12-27T11:07:04.8412180Z ##[group]Run if [ "true" == "true" ]
2022-12-27T11:07:04.8412530Z [36;1mif [ "true" == "true" ][0m
2022-12-27T11:07:04.8412680Z [36;1mthen[0m
2022-12-27T11:07:04.8412900Z [36;1m  echo "CCACHE_PATH_PREPEND=/usr/local/opt/ccache/libexec" >> $GITHUB_OUTPUT[0m
2022-12-27T11:07:04.8413110Z [36;1melse[0m
2022-12-27T11:07:04.8413300Z [36;1m  echo "CCACHE_PATH_PREPEND=" >> $GITHUB_OUTPUT[0m
2022-12-27T11:07:04.8413480Z [36;1mfi[0m
2022-12-27T11:07:04.8431190Z shell: /bin/bash -e {0}
2022-12-27T11:07:04.8431380Z env:
2022-12-27T11:07:04.8431750Z   pythonLocation: /Users/runner/hostedtoolcache/Python/3.11.1/x64
2022-12-27T11:07:04.8432020Z   PKG_CONFIG_PATH: /Users/runner/hostedtoolcache/Python/3.11.1/x64/lib/pkgconfig
2022-12-27T11:07:04.8432280Z   Python_ROOT_DIR: /Users/runner/hostedtoolcache/Python/3.11.1/x64
2022-12-27T11:07:04.8432520Z   Python2_ROOT_DIR: /Users/runner/hostedtoolcache/Python/3.11.1/x64
2022-12-27T11:07:04.8432850Z   Python3_ROOT_DIR: /Users/runner/hostedtoolcache/Python/3.11.1/x64
2022-12-27T11:07:04.8433360Z ##[endgroup]
2022-12-27T11:07:04.8537740Z ##[group]Run echo "BUILD_NAME=$(echo lxml_2.0.8_3.11 | tr -dc '[:alnum:]\n\r' | tr '[:upper:]' '[:lower:]')" >> $GITHUB_OUTPUT
2022-12-27T11:07:04.8538150Z [36;1mecho "BUILD_NAME=$(echo lxml_2.0.8_3.11 | tr -dc '[:alnum:]\n\r' | tr '[:upper:]' '[:lower:]')" >> $GITHUB_OUTPUT[0m
2022-12-27T11:07:04.8552750Z shell: /bin/bash -e {0}
2022-12-27T11:07:04.8553030Z env:
2022-12-27T11:07:04.8553250Z   pythonLocation: /Users/runner/hostedtoolcache/Python/3.11.1/x64
2022-12-27T11:07:04.8553530Z   PKG_CONFIG_PATH: /Users/runner/hostedtoolcache/Python/3.11.1/x64/lib/pkgconfig
2022-12-27T11:07:04.8553750Z   Python_ROOT_DIR: /Users/runner/hostedtoolcache/Python/3.11.1/x64
2022-12-27T11:07:04.8554050Z   Python2_ROOT_DIR: /Users/runner/hostedtoolcache/Python/3.11.1/x64
2022-12-27T11:07:04.8554300Z   Python3_ROOT_DIR: /Users/runner/hostedtoolcache/Python/3.11.1/x64
2022-12-27T11:07:04.8554460Z ##[endgroup]
2022-12-27T11:07:04.8695560Z ##[group]Run echo "PYTHON_NO_DOTS=$(echo 3.11 | tr -dc '[:alnum:]\n\r' | tr '[:upper:]' '[:lower:]')" >> $GITHUB_OUTPUT
2022-12-27T11:07:04.8695950Z [36;1mecho "PYTHON_NO_DOTS=$(echo 3.11 | tr -dc '[:alnum:]\n\r' | tr '[:upper:]' '[:lower:]')" >> $GITHUB_OUTPUT[0m
2022-12-27T11:07:04.8710620Z shell: /bin/bash -e {0}
2022-12-27T11:07:04.8710770Z env:
2022-12-27T11:07:04.8710980Z   pythonLocation: /Users/runner/hostedtoolcache/Python/3.11.1/x64
2022-12-27T11:07:04.8711680Z   PKG_CONFIG_PATH: /Users/runner/hostedtoolcache/Python/3.11.1/x64/lib/pkgconfig
2022-12-27T11:07:04.8711930Z   Python_ROOT_DIR: /Users/runner/hostedtoolcache/Python/3.11.1/x64
2022-12-27T11:07:04.8712170Z   Python2_ROOT_DIR: /Users/runner/hostedtoolcache/Python/3.11.1/x64
2022-12-27T11:07:04.8712410Z   Python3_ROOT_DIR: /Users/runner/hostedtoolcache/Python/3.11.1/x64
2022-12-27T11:07:04.8712610Z ##[endgroup]
2022-12-27T11:07:04.8819650Z ##[group]Run rm -rf build_lxml208311
2022-12-27T11:07:04.8820020Z [36;1mrm -rf build_lxml208311[0m
2022-12-27T11:07:04.8820210Z [36;1mmkdir build_lxml208311[0m
2022-12-27T11:07:04.8820400Z [36;1mcd build_lxml208311[0m
2022-12-27T11:07:04.8820710Z [36;1m/usr/local/bin/wget --quiet https://files.pythonhosted.org/packages/0a/c7/644775a06a2f7a641133a34f4ba7ed34ec82001c1c313c7cd43f54424b59/lxml-2.0.8.tar.gz[0m
2022-12-27T11:07:04.8820980Z [36;1mtar xf *.tar.gz[0m
2022-12-27T11:07:04.8821150Z [36;1mcd *[0m
2022-12-27T11:07:04.8821310Z [36;1mpython -m pip install cibuildwheel==2.11.3[0m
2022-12-27T11:07:04.8821520Z [36;1mpython -m cibuildwheel --output-dir ../wheelsout[0m
2022-12-27T11:07:04.8836240Z shell: /bin/bash -e {0}
2022-12-27T11:07:04.8836390Z env:
2022-12-27T11:07:04.8836600Z   pythonLocation: /Users/runner/hostedtoolcache/Python/3.11.1/x64
2022-12-27T11:07:04.8836910Z   PKG_CONFIG_PATH: /Users/runner/hostedtoolcache/Python/3.11.1/x64/lib/pkgconfig
2022-12-27T11:07:04.8837210Z   Python_ROOT_DIR: /Users/runner/hostedtoolcache/Python/3.11.1/x64
2022-12-27T11:07:04.8837410Z   Python2_ROOT_DIR: /Users/runner/hostedtoolcache/Python/3.11.1/x64
2022-12-27T11:07:04.8837630Z   Python3_ROOT_DIR: /Users/runner/hostedtoolcache/Python/3.11.1/x64
2022-12-27T11:07:04.8837860Z   CIBW_ARCHS_MACOS: arm64
2022-12-27T11:07:04.8838010Z   CIBW_TEST_SKIP: *_arm64
2022-12-27T11:07:04.8838190Z   CIBW_BUILD: cp311-macosx_arm64
2022-12-27T11:07:04.8838370Z   CIBW_BUILD_FRONTEND: pip
2022-12-27T11:07:04.8838520Z   CIBW_BUILD_VERBOSITY: 3
2022-12-27T11:07:04.8838850Z   CIBW_ENVIRONMENT_MACOS:  CFLAGS="-I/usr/local/opt/openssl@3/include" LDFLAGS="-L/usr/local/opt/openssl@3/lib" CPPFLAGS="-I/usr/local/opt/openssl@3/include" MAKEFLAGS="-j$(sysctl -n hw.logicalcpu)" PATH=/usr/local/opt/ccache/libexec:$PATH
2022-12-27T11:07:04.8839210Z   CIBW_BEFORE_BUILD: pip install Cython; if [[ -f requirements.txt ]]; then pip install -r requirements.txt; fi
2022-12-27T11:07:04.8839450Z   MAKEFLAGS: -j$(sysctl -n hw.logicalcpu)
2022-12-27T11:07:04.8839600Z ##[endgroup]
2022-12-27T11:07:05.3440330Z Requirement already satisfied: cibuildwheel==2.11.3 in /Library/Frameworks/Python.framework/Versions/3.11/lib/python3.11/site-packages (2.11.3)
2022-12-27T11:07:05.3750080Z Requirement already satisfied: bashlex!=0.13 in /Library/Frameworks/Python.framework/Versions/3.11/lib/python3.11/site-packages (from cibuildwheel==2.11.3) (0.16)
2022-12-27T11:07:05.3757300Z Requirement already satisfied: bracex in /Library/Frameworks/Python.framework/Versions/3.11/lib/python3.11/site-packages (from cibuildwheel==2.11.3) (2.3.post1)
2022-12-27T11:07:05.3763750Z Requirement already satisfied: certifi in /Library/Frameworks/Python.framework/Versions/3.11/lib/python3.11/site-packages (from cibuildwheel==2.11.3) (2022.12.7)
2022-12-27T11:07:05.3770600Z Requirement already satisfied: filelock in /Library/Frameworks/Python.framework/Versions/3.11/lib/python3.11/site-packages (from cibuildwheel==2.11.3) (3.8.2)
2022-12-27T11:07:05.3780350Z Requirement already satisfied: packaging>=20.9 in /Library/Frameworks/Python.framework/Versions/3.11/lib/python3.11/site-packages (from cibuildwheel==2.11.3) (22.0)
2022-12-27T11:07:05.3788600Z Requirement already satisfied: platformdirs in /Library/Frameworks/Python.framework/Versions/3.11/lib/python3.11/site-packages (from cibuildwheel==2.11.3) (2.6.0)
2022-12-27T11:07:05.6034830Z 
2022-12-27T11:07:05.6035160Z      _ _       _ _   _       _           _
2022-12-27T11:07:05.6036190Z  ___|_| |_ _ _|_| |_| |_ _ _| |_ ___ ___| |
2022-12-27T11:07:05.6037080Z |  _| | . | | | | | . | | | |   | -_| -_| |
2022-12-27T11:07:05.6037480Z |___|_|___|___|_|_|___|_____|_|_|___|___|_|
2022-12-27T11:07:05.6037680Z 
2022-12-27T11:07:05.6037850Z cibuildwheel version 2.11.3
2022-12-27T11:07:05.6038090Z 
2022-12-27T11:07:05.6038190Z Build options:
2022-12-27T11:07:05.6038640Z   platform: macos
2022-12-27T11:07:05.6086530Z   architectures: arm64[0m
2022-12-27T11:07:05.6086970Z   build_selector: 
2022-12-27T11:07:05.6088510Z     build_config: cp311-macosx_arm64
2022-12-27T11:07:05.6088910Z     skip_config: 
2022-12-27T11:07:05.6089430Z     requires_python: None
2022-12-27T11:07:05.6089960Z     prerelease_pythons: False[0m
2022-12-27T11:07:05.6090510Z   [38;5;244mcontainer_engine: docker[0m
2022-12-27T11:07:05.6091310Z   output_dir: /Users/runner/actions-runner/_work/python.build/python.build/build_lxml208311/wheelsout[0m
2022-12-27T11:07:05.6092160Z   package_dir: /Users/runner/actions-runner/_work/python.build/python.build/build_lxml208311/lxml-2.0.8[0m
2022-12-27T11:07:05.6092620Z   test_selector: 
2022-12-27T11:07:05.6092960Z     skip_config: *_arm64[0m
2022-12-27T11:07:05.6093320Z   [38;5;244mbefore_all: [0m
2022-12-27T11:07:05.6094090Z   before_build: pip install Cython; if [[ -f requirements.txt ]]; then pip install -r requirements.txt; fi[0m
2022-12-27T11:07:05.6094560Z   [38;5;244mbefore_test: [0m
2022-12-27T11:07:05.6094880Z   [38;5;244mbuild_frontend: pip[0m
2022-12-27T11:07:05.6095230Z   build_verbosity: 3[0m
2022-12-27T11:07:05.6095740Z   [38;5;244mconfig_settings: [0m
2022-12-27T11:07:05.6096110Z   [38;5;244mdependency_constraints: pinned[0m
2022-12-27T11:07:05.6096410Z   environment: 
2022-12-27T11:07:05.6096790Z     CFLAGS="-I/usr/local/opt/openssl@3/include"
2022-12-27T11:07:05.6097150Z     LDFLAGS="-L/usr/local/opt/openssl@3/lib"
2022-12-27T11:07:05.6097730Z     CPPFLAGS="-I/usr/local/opt/openssl@3/include"
2022-12-27T11:07:05.6098160Z     MAKEFLAGS="-j$(sysctl -n hw.logicalcpu)"
2022-12-27T11:07:05.6098530Z     PATH=/usr/local/opt/ccache/libexec:$PATH[0m
2022-12-27T11:07:05.6098930Z   [38;5;244mmanylinux_images: None[0m
2022-12-27T11:07:05.6099330Z   [38;5;244mmusllinux_images: None[0m
2022-12-27T11:07:05.6099940Z   [38;5;244mrepair_command: delocate-wheel --require-archs {delocate_archs} -w {dest_dir} -v {wheel}[0m
2022-12-27T11:07:05.6100390Z   [38;5;244mtest_command: [0m
2022-12-27T11:07:05.6100750Z   [38;5;244mtest_extras: [0m
2022-12-27T11:07:05.6101100Z   [38;5;244mtest_requires: [0m
2022-12-27T11:07:05.6101230Z 
2022-12-27T11:07:05.6101470Z Cache folder: /Users/runner/Library/Caches/cibuildwheel
2022-12-27T11:07:05.6101830Z 
2022-12-27T11:07:05.6102280Z Here we go!
2022-12-27T11:07:05.6102440Z 
2022-12-27T11:07:05.6145880Z 
2022-12-27T11:07:05.6146310Z [1m[34mBuilding cp311-macosx_arm64 wheel[0m
2022-12-27T11:07:05.6146690Z CPython 3.11 macOS arm64 - Apple Silicon
2022-12-27T11:07:05.6146840Z 
2022-12-27T11:07:05.6149660Z ##[group]Installing Python cp311...
2022-12-27T11:07:05.6149840Z 
2022-12-27T11:07:05.6150030Z + pkgutil --pkgs
2022-12-27T11:07:05.6251330Z ##[endgroup]
2022-12-27T11:07:05.6252980Z                                                               [32mâœ“ [0m0.01s
2022-12-27T11:07:05.6253630Z ##[group]Setting up build environment...
2022-12-27T11:07:05.6253800Z 
2022-12-27T11:07:05.6268860Z + /Library/Frameworks/Python.framework/Versions/3.11/bin/python -sS /Users/runner/Library/Caches/cibuildwheel/virtualenv-20.17.0.pyz --activators= --no-periodic-update --pip=22.3.1 --setuptools=65.6.3 --wheel=0.38.4 --symlink-app-data --python /Library/Frameworks/Python.framework/Versions/3.11/bin/python3 /private/var/folders/51/hd414ycd67n82196sw51xqtc0000gn/T/cibw-run-6bx74fm0/cp311-macosx_arm64/build/venv
2022-12-27T11:07:05.8128960Z created virtual environment CPython3.11.1.final.0-64 in 47ms
2022-12-27T11:07:05.8129590Z   creator CPython3Posix(dest=/private/var/folders/51/hd414ycd67n82196sw51xqtc0000gn/T/cibw-run-6bx74fm0/cp311-macosx_arm64/build/venv, clear=False, no_vcs_ignore=False, global=False)
2022-12-27T11:07:05.8129960Z   seeder FromAppData(download=False, pip=22.3.1, setuptools=65.6.3, wheel=0.38.4, via=symlink, app_data_dir=/Users/runner/Library/Application Support/virtualenv)
2022-12-27T11:07:05.8130340Z     added seed packages: pip==22.3.1, setuptools==65.6.3, wheel==0.38.4
2022-12-27T11:07:05.8254010Z + python -m pip install --upgrade pip -c /Library/Frameworks/Python.framework/Versions/3.11/lib/python3.11/site-packages/cibuildwheel/resources/constraints-python311.txt
2022-12-27T11:07:06.1152300Z Requirement already satisfied: pip in ./lib/python3.11/site-packages (22.3.1)
2022-12-27T11:07:06.2420550Z + which pip
2022-12-27T11:07:06.2437560Z /private/var/folders/51/hd414ycd67n82196sw51xqtc0000gn/T/cibw-run-6bx74fm0/cp311-macosx_arm64/build/venv/bin/pip
2022-12-27T11:07:06.2440640Z + pip --version
2022-12-27T11:07:06.4428730Z pip 22.3.1 from /private/var/folders/51/hd414ycd67n82196sw51xqtc0000gn/T/cibw-run-6bx74fm0/cp311-macosx_arm64/build/venv/lib/python3.11/site-packages/pip (python 3.11)
2022-12-27T11:07:06.4656720Z + which pip
2022-12-27T11:07:06.4681780Z + which python
2022-12-27T11:07:06.4701830Z /private/var/folders/51/hd414ycd67n82196sw51xqtc0000gn/T/cibw-run-6bx74fm0/cp311-macosx_arm64/build/venv/bin/python
2022-12-27T11:07:06.4703570Z + python --version
2022-12-27T11:07:06.4755810Z Python 3.11.1
2022-12-27T11:07:06.4758840Z + which python
2022-12-27T11:07:06.4811730Z ##[endgroup]
2022-12-27T11:07:06.4812380Z                                                               [32mâœ“ [0m0.86s
2022-12-27T11:07:06.4813090Z ##[group]Installing build tools...
2022-12-27T11:07:06.4813270Z 
2022-12-27T11:07:06.4813700Z + pip install --upgrade setuptools wheel delocate -c /Library/Frameworks/Python.framework/Versions/3.11/lib/python3.11/site-packages/cibuildwheel/resources/constraints-python311.txt
2022-12-27T11:07:06.7551700Z Requirement already satisfied: setuptools in /private/var/folders/51/hd414ycd67n82196sw51xqtc0000gn/T/cibw-run-6bx74fm0/cp311-macosx_arm64/build/venv/lib/python3.11/site-packages (65.6.3)
2022-12-27T11:07:06.9299390Z Requirement already satisfied: wheel in /private/var/folders/51/hd414ycd67n82196sw51xqtc0000gn/T/cibw-run-6bx74fm0/cp311-macosx_arm64/build/venv/lib/python3.11/site-packages (0.38.4)
2022-12-27T11:07:06.9685510Z Collecting delocate
2022-12-27T11:07:06.9706860Z   Using cached delocate-0.10.3-py3-none-any.whl (142 kB)
2022-12-27T11:07:06.9964400Z Collecting packaging>=20.9
2022-12-27T11:07:06.9982660Z   Using cached packaging-21.3-py3-none-any.whl (40 kB)
2022-12-27T11:07:07.0129680Z Collecting typing-extensions
2022-12-27T11:07:07.0147780Z   Using cached typing_extensions-4.4.0-py3-none-any.whl (26 kB)
2022-12-27T11:07:07.0451280Z Collecting pyparsing!=3.0.5,>=2.0.2
2022-12-27T11:07:07.0468700Z   Using cached pyparsing-3.0.9-py3-none-any.whl (98 kB)
2022-12-27T11:07:07.1039460Z Installing collected packages: typing-extensions, pyparsing, packaging, delocate
2022-12-27T11:07:07.2366850Z Successfully installed delocate-0.10.3 packaging-21.3 pyparsing-3.0.9 typing-extensions-4.4.0
2022-12-27T11:07:07.2832790Z ##[endgroup]
2022-12-27T11:07:07.2833520Z                                                               [32mâœ“ [0m0.80s
2022-12-27T11:07:07.2833890Z ##[group]Running before_build...
2022-12-27T11:07:07.2834020Z 
2022-12-27T11:07:07.2838210Z + pip install Cython; if [[ -f requirements.txt ]]; then pip install -r requirements.txt; fi
2022-12-27T11:07:07.8644960Z Collecting Cython
2022-12-27T11:07:07.8687620Z   Using cached Cython-0.29.32-py2.py3-none-any.whl (986 kB)
2022-12-27T11:07:07.9098370Z Installing collected packages: Cython
2022-12-27T11:07:08.3325720Z Successfully installed Cython-0.29.32
2022-12-27T11:07:08.3782000Z ##[endgroup]
2022-12-27T11:07:08.3782540Z                                                               [32mâœ“ [0m1.09s
2022-12-27T11:07:08.3783020Z ##[group]Building wheel...
2022-12-27T11:07:08.3783140Z 
2022-12-27T11:07:08.3789270Z + python -m pip wheel /Users/runner/actions-runner/_work/python.build/python.build/build_lxml208311/lxml-2.0.8 --wheel-dir=/private/var/folders/51/hd414ycd67n82196sw51xqtc0000gn/T/cibw-run-6bx74fm0/cp311-macosx_arm64/built_wheel --no-deps -vvv
2022-12-27T11:07:08.6301410Z Created temporary directory: /private/var/folders/51/hd414ycd67n82196sw51xqtc0000gn/T/pip-ephem-wheel-cache-e14omdc8
2022-12-27T11:07:08.6305440Z Created temporary directory: /private/var/folders/51/hd414ycd67n82196sw51xqtc0000gn/T/pip-build-tracker-pzaoblgs
2022-12-27T11:07:08.6307300Z Initialized build tracking at /private/var/folders/51/hd414ycd67n82196sw51xqtc0000gn/T/pip-build-tracker-pzaoblgs
2022-12-27T11:07:08.6308500Z Created build tracker: /private/var/folders/51/hd414ycd67n82196sw51xqtc0000gn/T/pip-build-tracker-pzaoblgs
2022-12-27T11:07:08.6309920Z Entered build tracker: /private/var/folders/51/hd414ycd67n82196sw51xqtc0000gn/T/pip-build-tracker-pzaoblgs
2022-12-27T11:07:08.6312710Z Created temporary directory: /private/var/folders/51/hd414ycd67n82196sw51xqtc0000gn/T/pip-wheel-7f7097md
2022-12-27T11:07:08.6317970Z Created temporary directory: /private/var/folders/51/hd414ycd67n82196sw51xqtc0000gn/T/pip-ephem-wheel-cache-61e8etcx
2022-12-27T11:07:08.6392430Z Processing /Users/runner/actions-runner/_work/python.build/python.build/build_lxml208311/lxml-2.0.8
2022-12-27T11:07:08.6397310Z   Added file:///Users/runner/actions-runner/_work/python.build/python.build/build_lxml208311/lxml-2.0.8 to build tracker '/private/var/folders/51/hd414ycd67n82196sw51xqtc0000gn/T/pip-build-tracker-pzaoblgs'
2022-12-27T11:07:08.6400480Z   Running setup.py (path:/Users/runner/actions-runner/_work/python.build/python.build/build_lxml208311/lxml-2.0.8/setup.py) egg_info for package from file:///Users/runner/actions-runner/_work/python.build/python.build/build_lxml208311/lxml-2.0.8
2022-12-27T11:07:08.6403120Z   Created temporary directory: /private/var/folders/51/hd414ycd67n82196sw51xqtc0000gn/T/pip-pip-egg-info-t2gtwpzy
2022-12-27T11:07:08.6404500Z   Preparing metadata (setup.py): started
2022-12-27T11:07:08.6405930Z   Running command python setup.py egg_info
2022-12-27T11:07:08.9085130Z   Traceback (most recent call last):
2022-12-27T11:07:08.9093320Z     File "<string>", line 2, in <module>
2022-12-27T11:07:08.9094010Z     File "<pip-setuptools-caller>", line 34, in <module>
2022-12-27T11:07:08.9094540Z     File "/Users/runner/actions-runner/_work/python.build/python.build/build_lxml208311/lxml-2.0.8/setup.py", line 104, in <module>
2022-12-27T11:07:08.9094950Z       ext_modules = setupinfo.ext_modules(
2022-12-27T11:07:08.9095340Z                     ^^^^^^^^^^^^^^^^^^^^^^
2022-12-27T11:07:08.9095800Z     File "/Users/runner/actions-runner/_work/python.build/python.build/build_lxml208311/lxml-2.0.8/setupinfo.py", line 42, in ext_modules
2022-12-27T11:07:08.9096650Z       _include_dirs = include_dirs(static_include_dirs)
2022-12-27T11:07:08.9098460Z                       ^^^^^^^^^^^^^^^^^^^^^^^^^^^^^^^^^
2022-12-27T11:07:08.9100590Z     File "/Users/runner/actions-runner/_work/python.build/python.build/build_lxml208311/lxml-2.0.8/setupinfo.py", line 120, in include_dirs
2022-12-27T11:07:08.9101770Z       if possible_include_dir.startswith('-I'):
2022-12-27T11:07:08.9103310Z          ^^^^^^^^^^^^^^^^^^^^^^^^^^^^^^^^^^^^^
2022-12-27T11:07:08.9105010Z   TypeError: startswith first arg must be bytes or a tuple of bytes, not str
2022-12-27T11:07:08.9106570Z   Building lxml version 2.0.8.
2022-12-27T11:07:08.9108170Z   Building with Cython 0.29.32.
2022-12-27T11:07:08.9109940Z   Using build configuration of libxslt b'1.1.29'
2022-12-27T11:07:08.9506430Z   error: subprocess-exited-with-error
2022-12-27T11:07:08.9506740Z   
2022-12-27T11:07:08.9507080Z   Ã— python setup.py egg_info did not run successfully.
2022-12-27T11:07:08.9507520Z   â”‚ exit code: 1
2022-12-27T11:07:08.9507800Z   â•°â”€> See above for output.
2022-12-27T11:07:08.9508010Z   
2022-12-27T11:07:08.9508240Z   note: This error originates from a subprocess, and is likely not a problem with pip.
2022-12-27T11:07:08.9514140Z   full command: /private/var/folders/51/hd414ycd67n82196sw51xqtc0000gn/T/cibw-run-6bx74fm0/cp311-macosx_arm64/build/venv/bin/python -c '
2022-12-27T11:07:08.9514820Z   exec(compile('"'"''"'"''"'"'
2022-12-27T11:07:08.9515380Z   # This is <pip-setuptools-caller> -- a caller that pip uses to run setup.py
2022-12-27T11:07:08.9515690Z   #
2022-12-27T11:07:08.9516300Z   # - It imports setuptools before invoking setup.py, to enable projects that directly
2022-12-27T11:07:08.9516800Z   #   import from `distutils.core` to work with newer packaging standards.
2022-12-27T11:07:08.9517870Z   # - It provides a clear error message when setuptools is not installed.
2022-12-27T11:07:08.9518520Z   # - It sets `sys.argv[0]` to the underlying `setup.py`, when invoking `setup.py` so
2022-12-27T11:07:08.9519110Z   #   setuptools doesn'"'"'t think the script is `-c`. This avoids the following warning:
2022-12-27T11:07:08.9519710Z   #     manifest_maker: standard file '"'"'-c'"'"' not found".
2022-12-27T11:07:08.9520200Z   # - It generates a shim setup.py, for handling setup.cfg-only projects.
2022-12-27T11:07:08.9520570Z   import os, sys, tokenize
2022-12-27T11:07:08.9520860Z   
2022-12-27T11:07:08.9521070Z   try:
2022-12-27T11:07:08.9521440Z       import setuptools
2022-12-27T11:07:08.9521730Z   except ImportError as error:
2022-12-27T11:07:08.9521970Z       print(
2022-12-27T11:07:08.9522330Z           "ERROR: Can not execute `setup.py` since setuptools is not available in "
2022-12-27T11:07:08.9522790Z           "the build environment.",
2022-12-27T11:07:08.9523060Z           file=sys.stderr,
2022-12-27T11:07:08.9523340Z       )
2022-12-27T11:07:08.9523580Z       sys.exit(1)
2022-12-27T11:07:08.9523770Z   
2022-12-27T11:07:08.9524080Z   __file__ = %r
2022-12-27T11:07:08.9524390Z   sys.argv[0] = __file__
2022-12-27T11:07:08.9524680Z   
2022-12-27T11:07:08.9524930Z   if os.path.exists(__file__):
2022-12-27T11:07:08.9525240Z       filename = __file__
2022-12-27T11:07:08.9525640Z       with tokenize.open(__file__) as f:
2022-12-27T11:07:08.9525920Z           setup_py_code = f.read()
2022-12-27T11:07:08.9526190Z   else:
2022-12-27T11:07:08.9526650Z       filename = "<auto-generated setuptools caller>"
2022-12-27T11:07:08.9527000Z       setup_py_code = "from setuptools import setup; setup()"
2022-12-27T11:07:08.9527400Z   
2022-12-27T11:07:08.9527730Z   exec(compile(setup_py_code, filename, "exec"))
2022-12-27T11:07:08.9528640Z   '"'"''"'"''"'"' % ('"'"'/Users/runner/actions-runner/_work/python.build/python.build/build_lxml208311/lxml-2.0.8/setup.py'"'"',), "<pip-setuptools-caller>", "exec"))' egg_info --egg-base /private/var/folders/51/hd414ycd67n82196sw51xqtc0000gn/T/pip-pip-egg-info-t2gtwpzy
2022-12-27T11:07:08.9529390Z   cwd: /Users/runner/actions-runner/_work/python.build/python.build/build_lxml208311/lxml-2.0.8/
2022-12-27T11:07:08.9530430Z   Preparing metadata (setup.py): finished with status 'error'
2022-12-27T11:07:08.9533750Z error: metadata-generation-failed
2022-12-27T11:07:08.9533890Z 
2022-12-27T11:07:08.9534090Z Ã— Encountered error while generating package metadata.
2022-12-27T11:07:08.9534320Z â•°â”€> See above for output.
2022-12-27T11:07:08.9534430Z 
2022-12-27T11:07:08.9534550Z note: This is an issue with the package mentioned above, not pip.
2022-12-27T11:07:08.9534940Z hint: See above for details.
2022-12-27T11:07:08.9565270Z Exception information:
2022-12-27T11:07:08.9565510Z Traceback (most recent call last):
2022-12-27T11:07:08.9566750Z   File "/private/var/folders/51/hd414ycd67n82196sw51xqtc0000gn/T/cibw-run-6bx74fm0/cp311-macosx_arm64/build/venv/lib/python3.11/site-packages/pip/_internal/operations/build/metadata_legacy.py", line 64, in generate_metadata
2022-12-27T11:07:08.9567300Z     call_subprocess(
2022-12-27T11:07:08.9567890Z   File "/private/var/folders/51/hd414ycd67n82196sw51xqtc0000gn/T/cibw-run-6bx74fm0/cp311-macosx_arm64/build/venv/lib/python3.11/site-packages/pip/_internal/utils/subprocess.py", line 224, in call_subprocess
2022-12-27T11:07:08.9568280Z     raise error
2022-12-27T11:07:08.9568720Z pip._internal.exceptions.InstallationSubprocessError: python setup.py egg_info exited with 1
2022-12-27T11:07:08.9568970Z 
2022-12-27T11:07:08.9569190Z The above exception was the direct cause of the following exception:
2022-12-27T11:07:08.9569320Z 
2022-12-27T11:07:08.9569430Z Traceback (most recent call last):
2022-12-27T11:07:08.9570020Z   File "/private/var/folders/51/hd414ycd67n82196sw51xqtc0000gn/T/cibw-run-6bx74fm0/cp311-macosx_arm64/build/venv/lib/python3.11/site-packages/pip/_internal/cli/base_command.py", line 160, in exc_logging_wrapper
2022-12-27T11:07:08.9570490Z     status = run_func(*args)
2022-12-27T11:07:08.9570970Z              ^^^^^^^^^^^^^^^
2022-12-27T11:07:08.9571600Z   File "/private/var/folders/51/hd414ycd67n82196sw51xqtc0000gn/T/cibw-run-6bx74fm0/cp311-macosx_arm64/build/venv/lib/python3.11/site-packages/pip/_internal/cli/req_command.py", line 247, in wrapper
2022-12-27T11:07:08.9572000Z     return func(self, options, args)
2022-12-27T11:07:08.9572230Z            ^^^^^^^^^^^^^^^^^^^^^^^^^
2022-12-27T11:07:08.9572820Z   File "/private/var/folders/51/hd414ycd67n82196sw51xqtc0000gn/T/cibw-run-6bx74fm0/cp311-macosx_arm64/build/venv/lib/python3.11/site-packages/pip/_internal/commands/wheel.py", line 170, in run
2022-12-27T11:07:08.9573270Z     requirement_set = resolver.resolve(reqs, check_supported_wheels=True)
2022-12-27T11:07:08.9573520Z                       ^^^^^^^^^^^^^^^^^^^^^^^^^^^^^^^^^^^^^^^^^^^^^^^^^^^
2022-12-27T11:07:08.9574080Z   File "/private/var/folders/51/hd414ycd67n82196sw51xqtc0000gn/T/cibw-run-6bx74fm0/cp311-macosx_arm64/build/venv/lib/python3.11/site-packages/pip/_internal/resolution/resolvelib/resolver.py", line 73, in resolve
2022-12-27T11:07:08.9574490Z     collected = self.factory.collect_root_requirements(root_reqs)
2022-12-27T11:07:08.9575150Z                 ^^^^^^^^^^^^^^^^^^^^^^^^^^^^^^^^^^^^^^^^^^^^^^^^^
2022-12-27T11:07:08.9575690Z   File "/private/var/folders/51/hd414ycd67n82196sw51xqtc0000gn/T/cibw-run-6bx74fm0/cp311-macosx_arm64/build/venv/lib/python3.11/site-packages/pip/_internal/resolution/resolvelib/factory.py", line 491, in collect_root_requirements
2022-12-27T11:07:08.9576130Z     req = self._make_requirement_from_install_req(
2022-12-27T11:07:08.9576400Z           ^^^^^^^^^^^^^^^^^^^^^^^^^^^^^^^^^^^^^^^^
2022-12-27T11:07:08.9577020Z   File "/private/var/folders/51/hd414ycd67n82196sw51xqtc0000gn/T/cibw-run-6bx74fm0/cp311-macosx_arm64/build/venv/lib/python3.11/site-packages/pip/_internal/resolution/resolvelib/factory.py", line 453, in _make_requirement_from_install_req
2022-12-27T11:07:08.9577350Z     cand = self._make_candidate_from_link(
2022-12-27T11:07:08.9577520Z            ^^^^^^^^^^^^^^^^^^^^^^^^^^^^^^^
2022-12-27T11:07:08.9577970Z   File "/private/var/folders/51/hd414ycd67n82196sw51xqtc0000gn/T/cibw-run-6bx74fm0/cp311-macosx_arm64/build/venv/lib/python3.11/site-packages/pip/_internal/resolution/resolvelib/factory.py", line 206, in _make_candidate_from_link
2022-12-27T11:07:08.9578510Z     self._link_candidate_cache[link] = LinkCandidate(
2022-12-27T11:07:08.9578810Z                                        ^^^^^^^^^^^^^^
2022-12-27T11:07:08.9579300Z   File "/private/var/folders/51/hd414ycd67n82196sw51xqtc0000gn/T/cibw-run-6bx74fm0/cp311-macosx_arm64/build/venv/lib/python3.11/site-packages/pip/_internal/resolution/resolvelib/candidates.py", line 297, in __init__
2022-12-27T11:07:08.9579570Z     super().__init__(
2022-12-27T11:07:08.9580010Z   File "/private/var/folders/51/hd414ycd67n82196sw51xqtc0000gn/T/cibw-run-6bx74fm0/cp311-macosx_arm64/build/venv/lib/python3.11/site-packages/pip/_internal/resolution/resolvelib/candidates.py", line 162, in __init__
2022-12-27T11:07:08.9580390Z     self.dist = self._prepare()
2022-12-27T11:07:08.9580580Z                 ^^^^^^^^^^^^^^^
2022-12-27T11:07:08.9580990Z   File "/private/var/folders/51/hd414ycd67n82196sw51xqtc0000gn/T/cibw-run-6bx74fm0/cp311-macosx_arm64/build/venv/lib/python3.11/site-packages/pip/_internal/resolution/resolvelib/candidates.py", line 231, in _prepare
2022-12-27T11:07:08.9581310Z     dist = self._prepare_distribution()
2022-12-27T11:07:08.9581500Z            ^^^^^^^^^^^^^^^^^^^^^^^^^^^^
2022-12-27T11:07:08.9582030Z   File "/private/var/folders/51/hd414ycd67n82196sw51xqtc0000gn/T/cibw-run-6bx74fm0/cp311-macosx_arm64/build/venv/lib/python3.11/site-packages/pip/_internal/resolution/resolvelib/candidates.py", line 308, in _prepare_distribution
2022-12-27T11:07:08.9582390Z     return preparer.prepare_linked_requirement(self._ireq, parallel_builds=True)
2022-12-27T11:07:08.9582600Z            ^^^^^^^^^^^^^^^^^^^^^^^^^^^^^^^^^^^^^^^^^^^^^^^^^^^^^^^^^^^^^^^^^^^^^
2022-12-27T11:07:08.9583190Z   File "/private/var/folders/51/hd414ycd67n82196sw51xqtc0000gn/T/cibw-run-6bx74fm0/cp311-macosx_arm64/build/venv/lib/python3.11/site-packages/pip/_internal/operations/prepare.py", line 491, in prepare_linked_requirement
2022-12-27T11:07:08.9583640Z     return self._prepare_linked_requirement(req, parallel_builds)
2022-12-27T11:07:08.9583880Z            ^^^^^^^^^^^^^^^^^^^^^^^^^^^^^^^^^^^^^^^^^^^^^^^^^^^^^^
2022-12-27T11:07:08.9584350Z   File "/private/var/folders/51/hd414ycd67n82196sw51xqtc0000gn/T/cibw-run-6bx74fm0/cp311-macosx_arm64/build/venv/lib/python3.11/site-packages/pip/_internal/operations/prepare.py", line 577, in _prepare_linked_requirement
2022-12-27T11:07:08.9584640Z     dist = _get_prepared_distribution(
2022-12-27T11:07:08.9584840Z            ^^^^^^^^^^^^^^^^^^^^^^^^^^^
2022-12-27T11:07:08.9585360Z   File "/private/var/folders/51/hd414ycd67n82196sw51xqtc0000gn/T/cibw-run-6bx74fm0/cp311-macosx_arm64/build/venv/lib/python3.11/site-packages/pip/_internal/operations/prepare.py", line 69, in _get_prepared_distribution
2022-12-27T11:07:08.9585690Z     abstract_dist.prepare_distribution_metadata(
2022-12-27T11:07:08.9586160Z   File "/private/var/folders/51/hd414ycd67n82196sw51xqtc0000gn/T/cibw-run-6bx74fm0/cp311-macosx_arm64/build/venv/lib/python3.11/site-packages/pip/_internal/distributions/sdist.py", line 61, in prepare_distribution_metadata
2022-12-27T11:07:08.9586440Z     self.req.prepare_metadata()
2022-12-27T11:07:08.9586950Z   File "/private/var/folders/51/hd414ycd67n82196sw51xqtc0000gn/T/cibw-run-6bx74fm0/cp311-macosx_arm64/build/venv/lib/python3.11/site-packages/pip/_internal/req/req_install.py", line 541, in prepare_metadata
2022-12-27T11:07:08.9587270Z     self.metadata_directory = generate_metadata_legacy(
2022-12-27T11:07:08.9587480Z                               ^^^^^^^^^^^^^^^^^^^^^^^^^
2022-12-27T11:07:08.9587940Z   File "/private/var/folders/51/hd414ycd67n82196sw51xqtc0000gn/T/cibw-run-6bx74fm0/cp311-macosx_arm64/build/venv/lib/python3.11/site-packages/pip/_internal/operations/build/metadata_legacy.py", line 71, in generate_metadata
2022-12-27T11:07:08.9588280Z     raise MetadataGenerationFailed(package_details=details) from error
2022-12-27T11:07:08.9588630Z pip._internal.exceptions.MetadataGenerationFailed: metadata generation failed
2022-12-27T11:07:08.9589320Z Removed file:///Users/runner/actions-runner/_work/python.build/python.build/build_lxml208311/lxml-2.0.8 from build tracker '/private/var/folders/51/hd414ycd67n82196sw51xqtc0000gn/T/pip-build-tracker-pzaoblgs'
2022-12-27T11:07:08.9589790Z Removed build tracker: '/private/var/folders/51/hd414ycd67n82196sw51xqtc0000gn/T/pip-build-tracker-pzaoblgs'
2022-12-27T11:07:08.9964810Z ##[endgroup]
2022-12-27T11:07:08.9987180Z ##[error]Command ['python', '-m', 'pip', 'wheel', '/Users/runner/actions-runner/_work/python.build/python.build/build_lxml208311/lxml-2.0.8', '--wheel-dir=/private/var/folders/51/hd414ycd67n82196sw51xqtc0000gn/T/cibw-run-6bx74fm0/cp311-macosx_arm64/built_wheel', '--no-deps', '-vvv'] failed with code 1. None
2022-12-27T11:07:08.9993840Z 
2022-12-27T11:07:08.9994200Z                                                               [31mâœ• [0m0.62s
2022-12-27T11:07:09.0551800Z ##[error]Process completed with exit code 1.
2022-12-27T11:07:09.0586210Z ##[group]Run rm -rf build_lxml208311 wheelsout
2022-12-27T11:07:09.0586430Z [36;1mrm -rf build_lxml208311 wheelsout[0m
2022-12-27T11:07:09.0603000Z shell: /bin/bash -e {0}
2022-12-27T11:07:09.0603190Z env:
2022-12-27T11:07:09.0603380Z   pythonLocation: /Users/runner/hostedtoolcache/Python/3.11.1/x64
2022-12-27T11:07:09.0603630Z   PKG_CONFIG_PATH: /Users/runner/hostedtoolcache/Python/3.11.1/x64/lib/pkgconfig
2022-12-27T11:07:09.0603870Z   Python_ROOT_DIR: /Users/runner/hostedtoolcache/Python/3.11.1/x64
2022-12-27T11:07:09.0604080Z   Python2_ROOT_DIR: /Users/runner/hostedtoolcache/Python/3.11.1/x64
2022-12-27T11:07:09.0604280Z   Python3_ROOT_DIR: /Users/runner/hostedtoolcache/Python/3.11.1/x64
2022-12-27T11:07:09.0604480Z ##[endgroup]
2022-12-27T11:07:09.1066740Z Cleaning up orphan processes
