2022-12-27T08:50:23.6935058Z Requested labels: self-hosted, macOS, X64
2022-12-27T08:50:23.6935122Z Job defined at: kilnbuild/python.build/.github/workflows/mac_arm_build.yml@refs/heads/main
2022-12-27T08:50:23.6935145Z Waiting for a runner to pick up this job...
2022-12-27T11:19:57.3496740Z Job is about to start running on the runner: k2 (organization)
2022-12-27T11:19:59.8516960Z Current runner version: '2.300.2'
2022-12-27T11:19:59.8521820Z Runner name: 'k2'
2022-12-27T11:19:59.8522060Z Runner group name: 'Default'
2022-12-27T11:19:59.8522500Z Machine name: 'k2'
2022-12-27T11:19:59.8523930Z ##[group]GITHUB_TOKEN Permissions
2022-12-27T11:19:59.8524350Z Actions: write
2022-12-27T11:19:59.8524480Z Checks: write
2022-12-27T11:19:59.8524610Z Contents: write
2022-12-27T11:19:59.8524740Z Deployments: write
2022-12-27T11:19:59.8524880Z Discussions: write
2022-12-27T11:19:59.8525010Z Issues: write
2022-12-27T11:19:59.8525130Z Metadata: read
2022-12-27T11:19:59.8525260Z Packages: write
2022-12-27T11:19:59.8525390Z Pages: write
2022-12-27T11:19:59.8525520Z PullRequests: write
2022-12-27T11:19:59.8525680Z RepositoryProjects: write
2022-12-27T11:19:59.8525830Z SecurityEvents: write
2022-12-27T11:19:59.8525960Z Statuses: write
2022-12-27T11:19:59.8526080Z ##[endgroup]
2022-12-27T11:19:59.8528430Z Secret source: Actions
2022-12-27T11:19:59.8528740Z Prepare workflow directory
2022-12-27T11:19:59.9287650Z Prepare all required actions
2022-12-27T11:19:59.9407710Z Getting action download info
2022-12-27T11:20:00.3731440Z Download action repository 'actions/setup-python@v4' (SHA:5ccb29d8773c3f3f653e1705f474dfaa8a06a912)
2022-12-27T11:20:02.1440860Z Download action repository 'actions/upload-artifact@v3' (SHA:83fd05a356d7e2593de66fc9913b3002723633cb)
2022-12-27T11:20:03.4652280Z ##[group]Run echo '{
2022-12-27T11:20:03.4652600Z [36;1mecho '{[0m
2022-12-27T11:20:03.4652740Z [36;1m  "package_name": "lxml",[0m
2022-12-27T11:20:03.4652990Z [36;1m  "package_url": "https://files.pythonhosted.org/packages/62/56/5d182812ae16666c15deb6f2eed62c1fbf4dc62944c434cc06fb15b402c5/lxml-1.0.4.tar.gz",[0m
2022-12-27T11:20:03.4653220Z [36;1m  "package_version": "1.0.4",[0m
2022-12-27T11:20:03.4653370Z [36;1m  "python_version": "3.8",[0m
2022-12-27T11:20:03.4653500Z [36;1m  "use_ccache": "true"[0m
2022-12-27T11:20:03.4653620Z [36;1m}'[0m
2022-12-27T11:20:03.4668930Z shell: /bin/bash -e {0}
2022-12-27T11:20:03.4669090Z ##[endgroup]
2022-12-27T11:20:03.4900550Z {
2022-12-27T11:20:03.4902080Z   "package_name": "lxml",
2022-12-27T11:20:03.4902720Z   "package_url": "https://files.pythonhosted.org/packages/62/56/5d182812ae16666c15deb6f2eed62c1fbf4dc62944c434cc06fb15b402c5/lxml-1.0.4.tar.gz",
2022-12-27T11:20:03.4903060Z   "package_version": "1.0.4",
2022-12-27T11:20:03.4903310Z   "python_version": "3.8",
2022-12-27T11:20:03.4903460Z   "use_ccache": "true"
2022-12-27T11:20:03.4903620Z }
2022-12-27T11:20:03.5116020Z ##[group]Run actions/setup-python@v4
2022-12-27T11:20:03.5116380Z with:
2022-12-27T11:20:03.5116570Z   python-version: 3.8
2022-12-27T11:20:03.5116720Z   check-latest: false
2022-12-27T11:20:03.5117010Z   token: ***
2022-12-27T11:20:03.5117180Z   update-environment: true
2022-12-27T11:20:03.5117410Z ##[endgroup]
2022-12-27T11:20:03.6415510Z ##[group]Installed versions
2022-12-27T11:20:03.6490320Z Successfully set up CPython (3.8.15)
2022-12-27T11:20:03.6491220Z ##[endgroup]
2022-12-27T11:20:03.6633350Z ##[group]Run if [ "true" == "true" ]
2022-12-27T11:20:03.6633680Z [36;1mif [ "true" == "true" ][0m
2022-12-27T11:20:03.6633980Z [36;1mthen[0m
2022-12-27T11:20:03.6634170Z [36;1m  echo "CCACHE_PATH_PREPEND=/usr/local/opt/ccache/libexec" >> $GITHUB_OUTPUT[0m
2022-12-27T11:20:03.6634380Z [36;1melse[0m
2022-12-27T11:20:03.6634580Z [36;1m  echo "CCACHE_PATH_PREPEND=" >> $GITHUB_OUTPUT[0m
2022-12-27T11:20:03.6635370Z [36;1mfi[0m
2022-12-27T11:20:03.6651880Z shell: /bin/bash -e {0}
2022-12-27T11:20:03.6652110Z env:
2022-12-27T11:20:03.6652340Z   pythonLocation: /Users/runner/hostedtoolcache/Python/3.8.15/x64
2022-12-27T11:20:03.6652730Z   PKG_CONFIG_PATH: /Users/runner/hostedtoolcache/Python/3.8.15/x64/lib/pkgconfig
2022-12-27T11:20:03.6652960Z   Python_ROOT_DIR: /Users/runner/hostedtoolcache/Python/3.8.15/x64
2022-12-27T11:20:03.6653210Z   Python2_ROOT_DIR: /Users/runner/hostedtoolcache/Python/3.8.15/x64
2022-12-27T11:20:03.6653510Z   Python3_ROOT_DIR: /Users/runner/hostedtoolcache/Python/3.8.15/x64
2022-12-27T11:20:03.6653990Z ##[endgroup]
2022-12-27T11:20:03.6773920Z ##[group]Run echo "BUILD_NAME=$(echo lxml_1.0.4_3.8 | tr -dc '[:alnum:]\n\r' | tr '[:upper:]' '[:lower:]')" >> $GITHUB_OUTPUT
2022-12-27T11:20:03.6774380Z [36;1mecho "BUILD_NAME=$(echo lxml_1.0.4_3.8 | tr -dc '[:alnum:]\n\r' | tr '[:upper:]' '[:lower:]')" >> $GITHUB_OUTPUT[0m
2022-12-27T11:20:03.6787800Z shell: /bin/bash -e {0}
2022-12-27T11:20:03.6787990Z env:
2022-12-27T11:20:03.6788290Z   pythonLocation: /Users/runner/hostedtoolcache/Python/3.8.15/x64
2022-12-27T11:20:03.6788560Z   PKG_CONFIG_PATH: /Users/runner/hostedtoolcache/Python/3.8.15/x64/lib/pkgconfig
2022-12-27T11:20:03.6788790Z   Python_ROOT_DIR: /Users/runner/hostedtoolcache/Python/3.8.15/x64
2022-12-27T11:20:03.6789040Z   Python2_ROOT_DIR: /Users/runner/hostedtoolcache/Python/3.8.15/x64
2022-12-27T11:20:03.6789340Z   Python3_ROOT_DIR: /Users/runner/hostedtoolcache/Python/3.8.15/x64
2022-12-27T11:20:03.6789510Z ##[endgroup]
2022-12-27T11:20:03.6950260Z ##[group]Run echo "PYTHON_NO_DOTS=$(echo 3.8 | tr -dc '[:alnum:]\n\r' | tr '[:upper:]' '[:lower:]')" >> $GITHUB_OUTPUT
2022-12-27T11:20:03.6950700Z [36;1mecho "PYTHON_NO_DOTS=$(echo 3.8 | tr -dc '[:alnum:]\n\r' | tr '[:upper:]' '[:lower:]')" >> $GITHUB_OUTPUT[0m
2022-12-27T11:20:03.6964230Z shell: /bin/bash -e {0}
2022-12-27T11:20:03.6964410Z env:
2022-12-27T11:20:03.6964630Z   pythonLocation: /Users/runner/hostedtoolcache/Python/3.8.15/x64
2022-12-27T11:20:03.6964920Z   PKG_CONFIG_PATH: /Users/runner/hostedtoolcache/Python/3.8.15/x64/lib/pkgconfig
2022-12-27T11:20:03.6965150Z   Python_ROOT_DIR: /Users/runner/hostedtoolcache/Python/3.8.15/x64
2022-12-27T11:20:03.6965450Z   Python2_ROOT_DIR: /Users/runner/hostedtoolcache/Python/3.8.15/x64
2022-12-27T11:20:03.6965710Z   Python3_ROOT_DIR: /Users/runner/hostedtoolcache/Python/3.8.15/x64
2022-12-27T11:20:03.6965940Z ##[endgroup]
2022-12-27T11:20:03.7094070Z ##[group]Run rm -rf build_lxml10438
2022-12-27T11:20:03.7094440Z [36;1mrm -rf build_lxml10438[0m
2022-12-27T11:20:03.7094630Z [36;1mmkdir build_lxml10438[0m
2022-12-27T11:20:03.7094800Z [36;1mcd build_lxml10438[0m
2022-12-27T11:20:03.7095080Z [36;1m/usr/local/bin/wget --quiet https://files.pythonhosted.org/packages/62/56/5d182812ae16666c15deb6f2eed62c1fbf4dc62944c434cc06fb15b402c5/lxml-1.0.4.tar.gz[0m
2022-12-27T11:20:03.7095390Z [36;1mtar xf *.tar.gz[0m
2022-12-27T11:20:03.7095520Z [36;1mcd *[0m
2022-12-27T11:20:03.7095700Z [36;1mpython -m pip install cibuildwheel==2.11.3[0m
2022-12-27T11:20:03.7095920Z [36;1mpython -m cibuildwheel --output-dir ../wheelsout[0m
2022-12-27T11:20:03.7109220Z shell: /bin/bash -e {0}
2022-12-27T11:20:03.7109400Z env:
2022-12-27T11:20:03.7109650Z   pythonLocation: /Users/runner/hostedtoolcache/Python/3.8.15/x64
2022-12-27T11:20:03.7109930Z   PKG_CONFIG_PATH: /Users/runner/hostedtoolcache/Python/3.8.15/x64/lib/pkgconfig
2022-12-27T11:20:03.7110260Z   Python_ROOT_DIR: /Users/runner/hostedtoolcache/Python/3.8.15/x64
2022-12-27T11:20:03.7110490Z   Python2_ROOT_DIR: /Users/runner/hostedtoolcache/Python/3.8.15/x64
2022-12-27T11:20:03.7110720Z   Python3_ROOT_DIR: /Users/runner/hostedtoolcache/Python/3.8.15/x64
2022-12-27T11:20:03.7110920Z   CIBW_ARCHS_MACOS: arm64
2022-12-27T11:20:03.7111090Z   CIBW_TEST_SKIP: *_arm64
2022-12-27T11:20:03.7111270Z   CIBW_BUILD: cp38-macosx_arm64
2022-12-27T11:20:03.7111460Z   CIBW_BUILD_FRONTEND: pip
2022-12-27T11:20:03.7111640Z   CIBW_BUILD_VERBOSITY: 3
2022-12-27T11:20:03.7111920Z   CIBW_ENVIRONMENT_MACOS:  CFLAGS="-I/usr/local/opt/openssl@3/include" LDFLAGS="-L/usr/local/opt/openssl@3/lib" CPPFLAGS="-I/usr/local/opt/openssl@3/include" MAKEFLAGS="-j$(sysctl -n hw.logicalcpu)" PATH=/usr/local/opt/ccache/libexec:$PATH
2022-12-27T11:20:03.7112290Z   CIBW_BEFORE_BUILD: pip install Cython; if [[ -f requirements.txt ]]; then pip install -r requirements.txt; fi
2022-12-27T11:20:03.7112560Z   MAKEFLAGS: -j$(sysctl -n hw.logicalcpu)
2022-12-27T11:20:03.7112740Z ##[endgroup]
2022-12-27T11:20:04.0461670Z Requirement already satisfied: cibuildwheel==2.11.3 in /Users/runner/hostedtoolcache/Python/3.8.15/x64/lib/python3.8/site-packages (2.11.3)
2022-12-27T11:20:04.0796330Z Requirement already satisfied: filelock in /Users/runner/hostedtoolcache/Python/3.8.15/x64/lib/python3.8/site-packages (from cibuildwheel==2.11.3) (3.8.2)
2022-12-27T11:20:04.0802180Z Requirement already satisfied: tomli in /Users/runner/hostedtoolcache/Python/3.8.15/x64/lib/python3.8/site-packages (from cibuildwheel==2.11.3) (2.0.1)
2022-12-27T11:20:04.0805270Z Requirement already satisfied: bracex in /Users/runner/hostedtoolcache/Python/3.8.15/x64/lib/python3.8/site-packages (from cibuildwheel==2.11.3) (2.3.post1)
2022-12-27T11:20:04.0814480Z Requirement already satisfied: typing-extensions>=4.1.0 in /Users/runner/hostedtoolcache/Python/3.8.15/x64/lib/python3.8/site-packages (from cibuildwheel==2.11.3) (4.4.0)
2022-12-27T11:20:04.0819910Z Requirement already satisfied: bashlex!=0.13 in /Users/runner/hostedtoolcache/Python/3.8.15/x64/lib/python3.8/site-packages (from cibuildwheel==2.11.3) (0.16)
2022-12-27T11:20:04.0823010Z Requirement already satisfied: platformdirs in /Users/runner/hostedtoolcache/Python/3.8.15/x64/lib/python3.8/site-packages (from cibuildwheel==2.11.3) (2.6.0)
2022-12-27T11:20:04.0826410Z Requirement already satisfied: certifi in /Users/runner/hostedtoolcache/Python/3.8.15/x64/lib/python3.8/site-packages (from cibuildwheel==2.11.3) (2022.12.7)
2022-12-27T11:20:04.0831090Z Requirement already satisfied: packaging>=20.9 in /Users/runner/hostedtoolcache/Python/3.8.15/x64/lib/python3.8/site-packages (from cibuildwheel==2.11.3) (22.0)
2022-12-27T11:20:04.2461210Z 
2022-12-27T11:20:04.2461750Z      _ _       _ _   _       _           _
2022-12-27T11:20:04.2462650Z  ___|_| |_ _ _|_| |_| |_ _ _| |_ ___ ___| |
2022-12-27T11:20:04.2463380Z |  _| | . | | | | | . | | | |   | -_| -_| |
2022-12-27T11:20:04.2463770Z |___|_|___|___|_|_|___|_____|_|_|___|___|_|
2022-12-27T11:20:04.2464570Z 
2022-12-27T11:20:04.2464730Z cibuildwheel version 2.11.3
2022-12-27T11:20:04.2464900Z 
2022-12-27T11:20:04.2465030Z Build options:
2022-12-27T11:20:04.2465350Z   platform: macos
2022-12-27T11:20:04.2532820Z   architectures: arm64[0m
2022-12-27T11:20:04.2533550Z   build_selector: 
2022-12-27T11:20:04.2534220Z     build_config: cp38-macosx_arm64
2022-12-27T11:20:04.2535080Z     skip_config: 
2022-12-27T11:20:04.2535450Z     requires_python: None
2022-12-27T11:20:04.2535880Z     prerelease_pythons: False[0m
2022-12-27T11:20:04.2536540Z   [38;5;244mcontainer_engine: docker[0m
2022-12-27T11:20:04.2537080Z   output_dir: /Users/runner/actions-runner/_work/python.build/python.build/build_lxml10438/wheelsout[0m
2022-12-27T11:20:04.2537810Z   package_dir: /Users/runner/actions-runner/_work/python.build/python.build/build_lxml10438/lxml-1.0.4[0m
2022-12-27T11:20:04.2538150Z   test_selector: 
2022-12-27T11:20:04.2538500Z     skip_config: *_arm64[0m
2022-12-27T11:20:04.2538930Z   [38;5;244mbefore_all: [0m
2022-12-27T11:20:04.2539580Z   before_build: pip install Cython; if [[ -f requirements.txt ]]; then pip install -r requirements.txt; fi[0m
2022-12-27T11:20:04.2540120Z   [38;5;244mbefore_test: [0m
2022-12-27T11:20:04.2540470Z   [38;5;244mbuild_frontend: pip[0m
2022-12-27T11:20:04.2540770Z   build_verbosity: 3[0m
2022-12-27T11:20:04.2541100Z   [38;5;244mconfig_settings: [0m
2022-12-27T11:20:04.2541570Z   [38;5;244mdependency_constraints: pinned[0m
2022-12-27T11:20:04.2541850Z   environment: 
2022-12-27T11:20:04.2542120Z     CFLAGS="-I/usr/local/opt/openssl@3/include"
2022-12-27T11:20:04.2542440Z     LDFLAGS="-L/usr/local/opt/openssl@3/lib"
2022-12-27T11:20:04.2542790Z     CPPFLAGS="-I/usr/local/opt/openssl@3/include"
2022-12-27T11:20:04.2543150Z     MAKEFLAGS="-j$(sysctl -n hw.logicalcpu)"
2022-12-27T11:20:04.2543480Z     PATH=/usr/local/opt/ccache/libexec:$PATH[0m
2022-12-27T11:20:04.2543770Z   [38;5;244mmanylinux_images: None[0m
2022-12-27T11:20:04.2544020Z   [38;5;244mmusllinux_images: None[0m
2022-12-27T11:20:04.2544410Z   [38;5;244mrepair_command: delocate-wheel --require-archs {delocate_archs} -w {dest_dir} -v {wheel}[0m
2022-12-27T11:20:04.2545120Z   [38;5;244mtest_command: [0m
2022-12-27T11:20:04.2545350Z   [38;5;244mtest_extras: [0m
2022-12-27T11:20:04.2545620Z   [38;5;244mtest_requires: [0m
2022-12-27T11:20:04.2545750Z 
2022-12-27T11:20:04.2545870Z Cache folder: /Users/runner/Library/Caches/cibuildwheel
2022-12-27T11:20:04.2551130Z 
2022-12-27T11:20:04.2551360Z Here we go!
2022-12-27T11:20:04.2551490Z 
2022-12-27T11:20:04.2675760Z 
2022-12-27T11:20:04.2676290Z [1m[34mBuilding cp38-macosx_arm64 wheel[0m
2022-12-27T11:20:04.2677260Z CPython 3.8 macOS arm64 - Apple Silicon
2022-12-27T11:20:04.2678010Z 
2022-12-27T11:20:04.2680050Z ##[group]Installing Python cp38...
2022-12-27T11:20:04.2680450Z 
2022-12-27T11:20:04.2680910Z + pkgutil --pkgs
2022-12-27T11:20:04.2782200Z ##[endgroup]
2022-12-27T11:20:04.2783170Z                                                               [32m✓ [0m0.01s
2022-12-27T11:20:04.2783570Z ##[group]Setting up build environment...
2022-12-27T11:20:04.2783710Z 
2022-12-27T11:20:04.2802070Z + /Users/runner/hostedtoolcache/Python/3.8.15/x64/bin/python -sS /Users/runner/Library/Caches/cibuildwheel/virtualenv-20.17.0.pyz --activators= --no-periodic-update --pip=22.3.1 --setuptools=65.6.3 --wheel=0.38.4 --symlink-app-data --python /Library/Frameworks/Python.framework/Versions/3.8/bin/python3 /private/var/folders/51/hd414ycd67n82196sw51xqtc0000gn/T/cibw-run-6wshd_ji/cp38-macosx_arm64/build/venv
2022-12-27T11:20:04.4718680Z created virtual environment CPython3.8.10.final.0-64 in 52ms
2022-12-27T11:20:04.4719660Z   creator CPython3Posix(dest=/private/var/folders/51/hd414ycd67n82196sw51xqtc0000gn/T/cibw-run-6wshd_ji/cp38-macosx_arm64/build/venv, clear=False, no_vcs_ignore=False, global=False)
2022-12-27T11:20:04.4720670Z   seeder FromAppData(download=False, pip=22.3.1, setuptools=65.6.3, wheel=0.38.4, via=symlink, app_data_dir=/Users/runner/Library/Application Support/virtualenv)
2022-12-27T11:20:04.4721180Z     added seed packages: pip==22.3.1, setuptools==65.6.3, wheel==0.38.4
2022-12-27T11:20:04.4830550Z + python -m pip install --upgrade pip -c /Users/runner/hostedtoolcache/Python/3.8.15/x64/lib/python3.8/site-packages/cibuildwheel/resources/constraints-python38.txt
2022-12-27T11:20:04.7842100Z Requirement already satisfied: pip in ./lib/python3.8/site-packages (22.3.1)
2022-12-27T11:20:04.9188130Z + which pip
2022-12-27T11:20:04.9209260Z /private/var/folders/51/hd414ycd67n82196sw51xqtc0000gn/T/cibw-run-6wshd_ji/cp38-macosx_arm64/build/venv/bin/pip
2022-12-27T11:20:04.9212400Z + pip --version
2022-12-27T11:20:05.1394710Z pip 22.3.1 from /private/var/folders/51/hd414ycd67n82196sw51xqtc0000gn/T/cibw-run-6wshd_ji/cp38-macosx_arm64/build/venv/lib/python3.8/site-packages/pip (python 3.8)
2022-12-27T11:20:05.1644840Z + which pip
2022-12-27T11:20:05.1671800Z + which python
2022-12-27T11:20:05.1690900Z /private/var/folders/51/hd414ycd67n82196sw51xqtc0000gn/T/cibw-run-6wshd_ji/cp38-macosx_arm64/build/venv/bin/python
2022-12-27T11:20:05.1693840Z + python --version
2022-12-27T11:20:05.1746670Z Python 3.8.10
2022-12-27T11:20:05.1751090Z + which python
2022-12-27T11:20:05.1811980Z ##[endgroup]
2022-12-27T11:20:05.1812560Z                                                               [32m✓ [0m0.90s
2022-12-27T11:20:05.1813160Z ##[group]Installing build tools...
2022-12-27T11:20:05.1813320Z 
2022-12-27T11:20:05.1813820Z + pip install --upgrade setuptools wheel delocate -c /Users/runner/hostedtoolcache/Python/3.8.15/x64/lib/python3.8/site-packages/cibuildwheel/resources/constraints-python38.txt
2022-12-27T11:20:05.4856720Z Requirement already satisfied: setuptools in /private/var/folders/51/hd414ycd67n82196sw51xqtc0000gn/T/cibw-run-6wshd_ji/cp38-macosx_arm64/build/venv/lib/python3.8/site-packages (65.6.3)
2022-12-27T11:20:05.7027000Z Requirement already satisfied: wheel in /private/var/folders/51/hd414ycd67n82196sw51xqtc0000gn/T/cibw-run-6wshd_ji/cp38-macosx_arm64/build/venv/lib/python3.8/site-packages (0.38.4)
2022-12-27T11:20:05.7488830Z Collecting delocate
2022-12-27T11:20:05.7515170Z   Using cached delocate-0.10.3-py3-none-any.whl (142 kB)
2022-12-27T11:20:05.7829620Z Collecting packaging>=20.9
2022-12-27T11:20:05.7855360Z   Using cached packaging-21.3-py3-none-any.whl (40 kB)
2022-12-27T11:20:05.8037430Z Collecting typing-extensions
2022-12-27T11:20:05.8060330Z   Using cached typing_extensions-4.4.0-py3-none-any.whl (26 kB)
2022-12-27T11:20:05.8454390Z Collecting pyparsing!=3.0.5,>=2.0.2
2022-12-27T11:20:05.8478490Z   Using cached pyparsing-3.0.9-py3-none-any.whl (98 kB)
2022-12-27T11:20:05.8881740Z Installing collected packages: typing-extensions, pyparsing, packaging, delocate
2022-12-27T11:20:06.0353860Z Successfully installed delocate-0.10.3 packaging-21.3 pyparsing-3.0.9 typing-extensions-4.4.0
2022-12-27T11:20:06.0899110Z ##[endgroup]
2022-12-27T11:20:06.0899900Z                                                               [32m✓ [0m0.91s
2022-12-27T11:20:06.0900590Z ##[group]Running before_build...
2022-12-27T11:20:06.0900860Z 
2022-12-27T11:20:06.0906300Z + pip install Cython; if [[ -f requirements.txt ]]; then pip install -r requirements.txt; fi
2022-12-27T11:20:06.8189220Z Collecting Cython
2022-12-27T11:20:06.8240260Z   Using cached Cython-0.29.32-py2.py3-none-any.whl (986 kB)
2022-12-27T11:20:06.8740800Z Installing collected packages: Cython
2022-12-27T11:20:07.3031500Z Successfully installed Cython-0.29.32
2022-12-27T11:20:07.3504310Z ##[endgroup]
2022-12-27T11:20:07.3505020Z                                                               [32m✓ [0m1.26s
2022-12-27T11:20:07.3505660Z ##[group]Building wheel...
2022-12-27T11:20:07.3505820Z 
2022-12-27T11:20:07.3510440Z + python -m pip wheel /Users/runner/actions-runner/_work/python.build/python.build/build_lxml10438/lxml-1.0.4 --wheel-dir=/private/var/folders/51/hd414ycd67n82196sw51xqtc0000gn/T/cibw-run-6wshd_ji/cp38-macosx_arm64/built_wheel --no-deps -vvv
2022-12-27T11:20:07.6228290Z Created temporary directory: /private/var/folders/51/hd414ycd67n82196sw51xqtc0000gn/T/pip-ephem-wheel-cache-qq814rgd
2022-12-27T11:20:07.6232540Z Created temporary directory: /private/var/folders/51/hd414ycd67n82196sw51xqtc0000gn/T/pip-build-tracker-wdv161nl
2022-12-27T11:20:07.6234630Z Initialized build tracking at /private/var/folders/51/hd414ycd67n82196sw51xqtc0000gn/T/pip-build-tracker-wdv161nl
2022-12-27T11:20:07.6236720Z Created build tracker: /private/var/folders/51/hd414ycd67n82196sw51xqtc0000gn/T/pip-build-tracker-wdv161nl
2022-12-27T11:20:07.6237760Z Entered build tracker: /private/var/folders/51/hd414ycd67n82196sw51xqtc0000gn/T/pip-build-tracker-wdv161nl
2022-12-27T11:20:07.6241150Z Created temporary directory: /private/var/folders/51/hd414ycd67n82196sw51xqtc0000gn/T/pip-wheel-r5p0wyec
2022-12-27T11:20:07.6247280Z Created temporary directory: /private/var/folders/51/hd414ycd67n82196sw51xqtc0000gn/T/pip-ephem-wheel-cache-9r7h_rsd
2022-12-27T11:20:07.6326120Z Processing /Users/runner/actions-runner/_work/python.build/python.build/build_lxml10438/lxml-1.0.4
2022-12-27T11:20:07.6331270Z   Added file:///Users/runner/actions-runner/_work/python.build/python.build/build_lxml10438/lxml-1.0.4 to build tracker '/private/var/folders/51/hd414ycd67n82196sw51xqtc0000gn/T/pip-build-tracker-wdv161nl'
2022-12-27T11:20:07.6334870Z   Running setup.py (path:/Users/runner/actions-runner/_work/python.build/python.build/build_lxml10438/lxml-1.0.4/setup.py) egg_info for package from file:///Users/runner/actions-runner/_work/python.build/python.build/build_lxml10438/lxml-1.0.4
2022-12-27T11:20:07.6338080Z   Created temporary directory: /private/var/folders/51/hd414ycd67n82196sw51xqtc0000gn/T/pip-pip-egg-info-9c2q4c0r
2022-12-27T11:20:07.6339740Z   Preparing metadata (setup.py): started
2022-12-27T11:20:07.6341700Z   Running command python setup.py egg_info
2022-12-27T11:20:07.7920980Z   Traceback (most recent call last):
2022-12-27T11:20:07.7931360Z     File "<string>", line 2, in <module>
2022-12-27T11:20:07.7932150Z     File "<pip-setuptools-caller>", line 34, in <module>
2022-12-27T11:20:07.7932730Z     File "/Users/runner/actions-runner/_work/python.build/python.build/build_lxml10438/lxml-1.0.4/setup.py", line 22
2022-12-27T11:20:07.7933500Z       raise NotImplementedError, \
2022-12-27T11:20:07.7933670Z                                ^
2022-12-27T11:20:07.7933860Z   SyntaxError: invalid syntax
2022-12-27T11:20:07.8224720Z   error: subprocess-exited-with-error
2022-12-27T11:20:07.8225220Z   
2022-12-27T11:20:07.8225830Z   × python setup.py egg_info did not run successfully.
2022-12-27T11:20:07.8226420Z   │ exit code: 1
2022-12-27T11:20:07.8226920Z   ╰─> See above for output.
2022-12-27T11:20:07.8227150Z   
2022-12-27T11:20:07.8227500Z   note: This error originates from a subprocess, and is likely not a problem with pip.
2022-12-27T11:20:07.8233720Z   full command: /private/var/folders/51/hd414ycd67n82196sw51xqtc0000gn/T/cibw-run-6wshd_ji/cp38-macosx_arm64/build/venv/bin/python -c '
2022-12-27T11:20:07.8235790Z   exec(compile('"'"''"'"''"'"'
2022-12-27T11:20:07.8237130Z   # This is <pip-setuptools-caller> -- a caller that pip uses to run setup.py
2022-12-27T11:20:07.8237440Z   #
2022-12-27T11:20:07.8237960Z   # - It imports setuptools before invoking setup.py, to enable projects that directly
2022-12-27T11:20:07.8238310Z   #   import from `distutils.core` to work with newer packaging standards.
2022-12-27T11:20:07.8238740Z   # - It provides a clear error message when setuptools is not installed.
2022-12-27T11:20:07.8239610Z   # - It sets `sys.argv[0]` to the underlying `setup.py`, when invoking `setup.py` so
2022-12-27T11:20:07.8240490Z   #   setuptools doesn'"'"'t think the script is `-c`. This avoids the following warning:
2022-12-27T11:20:07.8240880Z   #     manifest_maker: standard file '"'"'-c'"'"' not found".
2022-12-27T11:20:07.8241390Z   # - It generates a shim setup.py, for handling setup.cfg-only projects.
2022-12-27T11:20:07.8241690Z   import os, sys, tokenize
2022-12-27T11:20:07.8241880Z   
2022-12-27T11:20:07.8242070Z   try:
2022-12-27T11:20:07.8242750Z       import setuptools
2022-12-27T11:20:07.8242940Z   except ImportError as error:
2022-12-27T11:20:07.8243130Z       print(
2022-12-27T11:20:07.8243350Z           "ERROR: Can not execute `setup.py` since setuptools is not available in "
2022-12-27T11:20:07.8243560Z           "the build environment.",
2022-12-27T11:20:07.8243800Z           file=sys.stderr,
2022-12-27T11:20:07.8243970Z       )
2022-12-27T11:20:07.8244100Z       sys.exit(1)
2022-12-27T11:20:07.8244270Z   
2022-12-27T11:20:07.8244430Z   __file__ = %r
2022-12-27T11:20:07.8244650Z   sys.argv[0] = __file__
2022-12-27T11:20:07.8244790Z   
2022-12-27T11:20:07.8244960Z   if os.path.exists(__file__):
2022-12-27T11:20:07.8245160Z       filename = __file__
2022-12-27T11:20:07.8245320Z       with tokenize.open(__file__) as f:
2022-12-27T11:20:07.8245550Z           setup_py_code = f.read()
2022-12-27T11:20:07.8245730Z   else:
2022-12-27T11:20:07.8245970Z       filename = "<auto-generated setuptools caller>"
2022-12-27T11:20:07.8246210Z       setup_py_code = "from setuptools import setup; setup()"
2022-12-27T11:20:07.8246450Z   
2022-12-27T11:20:07.8246610Z   exec(compile(setup_py_code, filename, "exec"))
2022-12-27T11:20:07.8247170Z   '"'"''"'"''"'"' % ('"'"'/Users/runner/actions-runner/_work/python.build/python.build/build_lxml10438/lxml-1.0.4/setup.py'"'"',), "<pip-setuptools-caller>", "exec"))' egg_info --egg-base /private/var/folders/51/hd414ycd67n82196sw51xqtc0000gn/T/pip-pip-egg-info-9c2q4c0r
2022-12-27T11:20:07.8247660Z   cwd: /Users/runner/actions-runner/_work/python.build/python.build/build_lxml10438/lxml-1.0.4/
2022-12-27T11:20:07.8248010Z   Preparing metadata (setup.py): finished with status 'error'
2022-12-27T11:20:07.8250550Z error: metadata-generation-failed
2022-12-27T11:20:07.8250700Z 
2022-12-27T11:20:07.8250850Z × Encountered error while generating package metadata.
2022-12-27T11:20:07.8251100Z ╰─> See above for output.
2022-12-27T11:20:07.8251220Z 
2022-12-27T11:20:07.8251340Z note: This is an issue with the package mentioned above, not pip.
2022-12-27T11:20:07.8251610Z hint: See above for details.
2022-12-27T11:20:07.8275440Z Exception information:
2022-12-27T11:20:07.8276000Z Traceback (most recent call last):
2022-12-27T11:20:07.8277760Z   File "/private/var/folders/51/hd414ycd67n82196sw51xqtc0000gn/T/cibw-run-6wshd_ji/cp38-macosx_arm64/build/venv/lib/python3.8/site-packages/pip/_internal/operations/build/metadata_legacy.py", line 64, in generate_metadata
2022-12-27T11:20:07.8279100Z     call_subprocess(
2022-12-27T11:20:07.8280160Z   File "/private/var/folders/51/hd414ycd67n82196sw51xqtc0000gn/T/cibw-run-6wshd_ji/cp38-macosx_arm64/build/venv/lib/python3.8/site-packages/pip/_internal/utils/subprocess.py", line 224, in call_subprocess
2022-12-27T11:20:07.8280890Z     raise error
2022-12-27T11:20:07.8281530Z pip._internal.exceptions.InstallationSubprocessError: python setup.py egg_info exited with 1
2022-12-27T11:20:07.8282150Z 
2022-12-27T11:20:07.8282420Z The above exception was the direct cause of the following exception:
2022-12-27T11:20:07.8282690Z 
2022-12-27T11:20:07.8282870Z Traceback (most recent call last):
2022-12-27T11:20:07.8283980Z   File "/private/var/folders/51/hd414ycd67n82196sw51xqtc0000gn/T/cibw-run-6wshd_ji/cp38-macosx_arm64/build/venv/lib/python3.8/site-packages/pip/_internal/cli/base_command.py", line 160, in exc_logging_wrapper
2022-12-27T11:20:07.8284530Z     status = run_func(*args)
2022-12-27T11:20:07.8285350Z   File "/private/var/folders/51/hd414ycd67n82196sw51xqtc0000gn/T/cibw-run-6wshd_ji/cp38-macosx_arm64/build/venv/lib/python3.8/site-packages/pip/_internal/cli/req_command.py", line 247, in wrapper
2022-12-27T11:20:07.8285830Z     return func(self, options, args)
2022-12-27T11:20:07.8286710Z   File "/private/var/folders/51/hd414ycd67n82196sw51xqtc0000gn/T/cibw-run-6wshd_ji/cp38-macosx_arm64/build/venv/lib/python3.8/site-packages/pip/_internal/commands/wheel.py", line 170, in run
2022-12-27T11:20:07.8287300Z     requirement_set = resolver.resolve(reqs, check_supported_wheels=True)
2022-12-27T11:20:07.8288430Z   File "/private/var/folders/51/hd414ycd67n82196sw51xqtc0000gn/T/cibw-run-6wshd_ji/cp38-macosx_arm64/build/venv/lib/python3.8/site-packages/pip/_internal/resolution/resolvelib/resolver.py", line 73, in resolve
2022-12-27T11:20:07.8289080Z     collected = self.factory.collect_root_requirements(root_reqs)
2022-12-27T11:20:07.8290120Z   File "/private/var/folders/51/hd414ycd67n82196sw51xqtc0000gn/T/cibw-run-6wshd_ji/cp38-macosx_arm64/build/venv/lib/python3.8/site-packages/pip/_internal/resolution/resolvelib/factory.py", line 491, in collect_root_requirements
2022-12-27T11:20:07.8290680Z     req = self._make_requirement_from_install_req(
2022-12-27T11:20:07.8291660Z   File "/private/var/folders/51/hd414ycd67n82196sw51xqtc0000gn/T/cibw-run-6wshd_ji/cp38-macosx_arm64/build/venv/lib/python3.8/site-packages/pip/_internal/resolution/resolvelib/factory.py", line 453, in _make_requirement_from_install_req
2022-12-27T11:20:07.8292260Z     cand = self._make_candidate_from_link(
2022-12-27T11:20:07.8293200Z   File "/private/var/folders/51/hd414ycd67n82196sw51xqtc0000gn/T/cibw-run-6wshd_ji/cp38-macosx_arm64/build/venv/lib/python3.8/site-packages/pip/_internal/resolution/resolvelib/factory.py", line 206, in _make_candidate_from_link
2022-12-27T11:20:07.8293770Z     self._link_candidate_cache[link] = LinkCandidate(
2022-12-27T11:20:07.8294440Z   File "/private/var/folders/51/hd414ycd67n82196sw51xqtc0000gn/T/cibw-run-6wshd_ji/cp38-macosx_arm64/build/venv/lib/python3.8/site-packages/pip/_internal/resolution/resolvelib/candidates.py", line 297, in __init__
2022-12-27T11:20:07.8294810Z     super().__init__(
2022-12-27T11:20:07.8295440Z   File "/private/var/folders/51/hd414ycd67n82196sw51xqtc0000gn/T/cibw-run-6wshd_ji/cp38-macosx_arm64/build/venv/lib/python3.8/site-packages/pip/_internal/resolution/resolvelib/candidates.py", line 162, in __init__
2022-12-27T11:20:07.8296010Z     self.dist = self._prepare()
2022-12-27T11:20:07.8296680Z   File "/private/var/folders/51/hd414ycd67n82196sw51xqtc0000gn/T/cibw-run-6wshd_ji/cp38-macosx_arm64/build/venv/lib/python3.8/site-packages/pip/_internal/resolution/resolvelib/candidates.py", line 231, in _prepare
2022-12-27T11:20:07.8297110Z     dist = self._prepare_distribution()
2022-12-27T11:20:07.8298020Z   File "/private/var/folders/51/hd414ycd67n82196sw51xqtc0000gn/T/cibw-run-6wshd_ji/cp38-macosx_arm64/build/venv/lib/python3.8/site-packages/pip/_internal/resolution/resolvelib/candidates.py", line 308, in _prepare_distribution
2022-12-27T11:20:07.8298530Z     return preparer.prepare_linked_requirement(self._ireq, parallel_builds=True)
2022-12-27T11:20:07.8299340Z   File "/private/var/folders/51/hd414ycd67n82196sw51xqtc0000gn/T/cibw-run-6wshd_ji/cp38-macosx_arm64/build/venv/lib/python3.8/site-packages/pip/_internal/operations/prepare.py", line 491, in prepare_linked_requirement
2022-12-27T11:20:07.8299820Z     return self._prepare_linked_requirement(req, parallel_builds)
2022-12-27T11:20:07.8300510Z   File "/private/var/folders/51/hd414ycd67n82196sw51xqtc0000gn/T/cibw-run-6wshd_ji/cp38-macosx_arm64/build/venv/lib/python3.8/site-packages/pip/_internal/operations/prepare.py", line 577, in _prepare_linked_requirement
2022-12-27T11:20:07.8300950Z     dist = _get_prepared_distribution(
2022-12-27T11:20:07.8301660Z   File "/private/var/folders/51/hd414ycd67n82196sw51xqtc0000gn/T/cibw-run-6wshd_ji/cp38-macosx_arm64/build/venv/lib/python3.8/site-packages/pip/_internal/operations/prepare.py", line 69, in _get_prepared_distribution
2022-12-27T11:20:07.8302120Z     abstract_dist.prepare_distribution_metadata(
2022-12-27T11:20:07.8302810Z   File "/private/var/folders/51/hd414ycd67n82196sw51xqtc0000gn/T/cibw-run-6wshd_ji/cp38-macosx_arm64/build/venv/lib/python3.8/site-packages/pip/_internal/distributions/sdist.py", line 61, in prepare_distribution_metadata
2022-12-27T11:20:07.8303240Z     self.req.prepare_metadata()
2022-12-27T11:20:07.8304130Z   File "/private/var/folders/51/hd414ycd67n82196sw51xqtc0000gn/T/cibw-run-6wshd_ji/cp38-macosx_arm64/build/venv/lib/python3.8/site-packages/pip/_internal/req/req_install.py", line 541, in prepare_metadata
2022-12-27T11:20:07.8304550Z     self.metadata_directory = generate_metadata_legacy(
2022-12-27T11:20:07.8368260Z   File "/private/var/folders/51/hd414ycd67n82196sw51xqtc0000gn/T/cibw-run-6wshd_ji/cp38-macosx_arm64/build/venv/lib/python3.8/site-packages/pip/_internal/operations/build/metadata_legacy.py", line 71, in generate_metadata
2022-12-27T11:20:07.8368890Z     raise MetadataGenerationFailed(package_details=details) from error
2022-12-27T11:20:07.8369160Z pip._internal.exceptions.MetadataGenerationFailed: metadata generation failed
2022-12-27T11:20:07.8369830Z Removed file:///Users/runner/actions-runner/_work/python.build/python.build/build_lxml10438/lxml-1.0.4 from build tracker '/private/var/folders/51/hd414ycd67n82196sw51xqtc0000gn/T/pip-build-tracker-wdv161nl'
2022-12-27T11:20:07.8370250Z Removed build tracker: '/private/var/folders/51/hd414ycd67n82196sw51xqtc0000gn/T/pip-build-tracker-wdv161nl'
2022-12-27T11:20:07.8620270Z ##[endgroup]
2022-12-27T11:20:07.8620850Z                                                               [31m✕ [0m0.51s
2022-12-27T11:20:07.8972340Z ##[error]Command ['python', '-m', 'pip', 'wheel', '/Users/runner/actions-runner/_work/python.build/python.build/build_lxml10438/lxml-1.0.4', '--wheel-dir=/private/var/folders/51/hd414ycd67n82196sw51xqtc0000gn/T/cibw-run-6wshd_ji/cp38-macosx_arm64/built_wheel', '--no-deps', '-vvv'] failed with code 1. None
2022-12-27T11:20:07.8978180Z 
2022-12-27T11:20:07.9088950Z ##[error]Process completed with exit code 1.
2022-12-27T11:20:07.9123240Z ##[group]Run rm -rf build_lxml10438 wheelsout
2022-12-27T11:20:07.9123500Z [36;1mrm -rf build_lxml10438 wheelsout[0m
2022-12-27T11:20:07.9138930Z shell: /bin/bash -e {0}
2022-12-27T11:20:07.9139060Z env:
2022-12-27T11:20:07.9139260Z   pythonLocation: /Users/runner/hostedtoolcache/Python/3.8.15/x64
2022-12-27T11:20:07.9139520Z   PKG_CONFIG_PATH: /Users/runner/hostedtoolcache/Python/3.8.15/x64/lib/pkgconfig
2022-12-27T11:20:07.9139740Z   Python_ROOT_DIR: /Users/runner/hostedtoolcache/Python/3.8.15/x64
2022-12-27T11:20:07.9139950Z   Python2_ROOT_DIR: /Users/runner/hostedtoolcache/Python/3.8.15/x64
2022-12-27T11:20:07.9140150Z   Python3_ROOT_DIR: /Users/runner/hostedtoolcache/Python/3.8.15/x64
2022-12-27T11:20:07.9140500Z ##[endgroup]
2022-12-27T11:20:07.9405800Z Cleaning up orphan processes
