2022-12-27T08:53:27.4835800Z Requested labels: self-hosted, macOS, X64
2022-12-27T08:53:27.4835885Z Job defined at: kilnbuild/python.build/.github/workflows/mac_arm_build.yml@refs/heads/main
2022-12-27T08:53:27.4835915Z Waiting for a runner to pick up this job...
2022-12-27T11:28:03.4012209Z Job is about to start running on the runner: kr2 (organization)
2022-12-27T11:28:09.5534380Z Current runner version: '2.300.2'
2022-12-27T11:28:09.5542640Z Runner name: 'kr2'
2022-12-27T11:28:09.5543060Z Runner group name: 'Default'
2022-12-27T11:28:09.5543970Z Machine name: 'kr2'
2022-12-27T11:28:09.5546640Z ##[group]GITHUB_TOKEN Permissions
2022-12-27T11:28:09.5547470Z Actions: write
2022-12-27T11:28:09.5547730Z Checks: write
2022-12-27T11:28:09.5547990Z Contents: write
2022-12-27T11:28:09.5548260Z Deployments: write
2022-12-27T11:28:09.5548520Z Discussions: write
2022-12-27T11:28:09.5548780Z Issues: write
2022-12-27T11:28:09.5549030Z Metadata: read
2022-12-27T11:28:09.5549280Z Packages: write
2022-12-27T11:28:09.5549550Z Pages: write
2022-12-27T11:28:09.5549820Z PullRequests: write
2022-12-27T11:28:09.5550120Z RepositoryProjects: write
2022-12-27T11:28:09.5550420Z SecurityEvents: write
2022-12-27T11:28:09.5550700Z Statuses: write
2022-12-27T11:28:09.5550940Z ##[endgroup]
2022-12-27T11:28:09.5555060Z Secret source: Actions
2022-12-27T11:28:09.5555580Z Prepare workflow directory
2022-12-27T11:28:09.6654520Z Prepare all required actions
2022-12-27T11:28:09.6868220Z Getting action download info
2022-12-27T11:28:10.1519460Z Download action repository 'actions/setup-python@v4' (SHA:5ccb29d8773c3f3f653e1705f474dfaa8a06a912)
2022-12-27T11:28:12.0608790Z Download action repository 'actions/upload-artifact@v3' (SHA:83fd05a356d7e2593de66fc9913b3002723633cb)
2022-12-27T11:28:13.5073480Z ##[group]Run echo '{
2022-12-27T11:28:13.5073990Z [36;1mecho '{[0m
2022-12-27T11:28:13.5074190Z [36;1m  "package_name": "lxml",[0m
2022-12-27T11:28:13.5074650Z [36;1m  "package_url": "https://files.pythonhosted.org/packages/3a/30/32bb8aac966ed5f4da2df50eb69e0d2dccf023d2baeef711995d88a55a1f/lxml-2.1beta2.tar.gz",[0m
2022-12-27T11:28:13.5075070Z [36;1m  "package_version": "2.1beta2",[0m
2022-12-27T11:28:13.5075390Z [36;1m  "python_version": "3.8",[0m
2022-12-27T11:28:13.5075660Z [36;1m  "use_ccache": "true"[0m
2022-12-27T11:28:13.5075910Z [36;1m}'[0m
2022-12-27T11:28:13.5103040Z shell: /bin/bash -e {0}
2022-12-27T11:28:13.5103370Z ##[endgroup]
2022-12-27T11:28:13.5528230Z {
2022-12-27T11:28:13.5530950Z   "package_name": "lxml",
2022-12-27T11:28:13.5532140Z   "package_url": "https://files.pythonhosted.org/packages/3a/30/32bb8aac966ed5f4da2df50eb69e0d2dccf023d2baeef711995d88a55a1f/lxml-2.1beta2.tar.gz",
2022-12-27T11:28:13.5532690Z   "package_version": "2.1beta2",
2022-12-27T11:28:13.5533310Z   "python_version": "3.8",
2022-12-27T11:28:13.5533630Z   "use_ccache": "true"
2022-12-27T11:28:13.5533940Z }
2022-12-27T11:28:13.5875260Z ##[group]Run actions/setup-python@v4
2022-12-27T11:28:13.5875680Z with:
2022-12-27T11:28:13.5875980Z   python-version: 3.8
2022-12-27T11:28:13.5876310Z   check-latest: false
2022-12-27T11:28:13.5876780Z   token: ***
2022-12-27T11:28:13.5877160Z   update-environment: true
2022-12-27T11:28:13.5877560Z ##[endgroup]
2022-12-27T11:28:13.7901150Z ##[group]Installed versions
2022-12-27T11:28:13.7969710Z Successfully set up CPython (3.8.15)
2022-12-27T11:28:13.7972260Z ##[endgroup]
2022-12-27T11:28:13.8208140Z ##[group]Run if [ "true" == "true" ]
2022-12-27T11:28:13.8208650Z [36;1mif [ "true" == "true" ][0m
2022-12-27T11:28:13.8209000Z [36;1mthen[0m
2022-12-27T11:28:13.8209500Z [36;1m  echo "CCACHE_PATH_PREPEND=/usr/local/opt/ccache/libexec" >> $GITHUB_OUTPUT[0m
2022-12-27T11:28:13.8209810Z [36;1melse[0m
2022-12-27T11:28:13.8210170Z [36;1m  echo "CCACHE_PATH_PREPEND=" >> $GITHUB_OUTPUT[0m
2022-12-27T11:28:13.8210530Z [36;1mfi[0m
2022-12-27T11:28:13.8240250Z shell: /bin/bash -e {0}
2022-12-27T11:28:13.8240630Z env:
2022-12-27T11:28:13.8241020Z   pythonLocation: /Users/runner/hostedtoolcache/Python/3.8.15/x64
2022-12-27T11:28:13.8241420Z   PKG_CONFIG_PATH: /Users/runner/hostedtoolcache/Python/3.8.15/x64/lib/pkgconfig
2022-12-27T11:28:13.8242000Z   Python_ROOT_DIR: /Users/runner/hostedtoolcache/Python/3.8.15/x64
2022-12-27T11:28:13.8242460Z   Python2_ROOT_DIR: /Users/runner/hostedtoolcache/Python/3.8.15/x64
2022-12-27T11:28:13.8242920Z   Python3_ROOT_DIR: /Users/runner/hostedtoolcache/Python/3.8.15/x64
2022-12-27T11:28:13.8244030Z ##[endgroup]
2022-12-27T11:28:13.8533620Z ##[group]Run echo "BUILD_NAME=$(echo lxml_2.1beta2_3.8 | tr -dc '[:alnum:]\n\r' | tr '[:upper:]' '[:lower:]')" >> $GITHUB_OUTPUT
2022-12-27T11:28:13.8534230Z [36;1mecho "BUILD_NAME=$(echo lxml_2.1beta2_3.8 | tr -dc '[:alnum:]\n\r' | tr '[:upper:]' '[:lower:]')" >> $GITHUB_OUTPUT[0m
2022-12-27T11:28:13.8561200Z shell: /bin/bash -e {0}
2022-12-27T11:28:13.8561510Z env:
2022-12-27T11:28:13.8561800Z   pythonLocation: /Users/runner/hostedtoolcache/Python/3.8.15/x64
2022-12-27T11:28:13.8562240Z   PKG_CONFIG_PATH: /Users/runner/hostedtoolcache/Python/3.8.15/x64/lib/pkgconfig
2022-12-27T11:28:13.8562740Z   Python_ROOT_DIR: /Users/runner/hostedtoolcache/Python/3.8.15/x64
2022-12-27T11:28:13.8563130Z   Python2_ROOT_DIR: /Users/runner/hostedtoolcache/Python/3.8.15/x64
2022-12-27T11:28:13.8563530Z   Python3_ROOT_DIR: /Users/runner/hostedtoolcache/Python/3.8.15/x64
2022-12-27T11:28:13.8563890Z ##[endgroup]
2022-12-27T11:28:13.8770350Z ##[group]Run echo "PYTHON_NO_DOTS=$(echo 3.8 | tr -dc '[:alnum:]\n\r' | tr '[:upper:]' '[:lower:]')" >> $GITHUB_OUTPUT
2022-12-27T11:28:13.8770980Z [36;1mecho "PYTHON_NO_DOTS=$(echo 3.8 | tr -dc '[:alnum:]\n\r' | tr '[:upper:]' '[:lower:]')" >> $GITHUB_OUTPUT[0m
2022-12-27T11:28:13.8796860Z shell: /bin/bash -e {0}
2022-12-27T11:28:13.8797230Z env:
2022-12-27T11:28:13.8797530Z   pythonLocation: /Users/runner/hostedtoolcache/Python/3.8.15/x64
2022-12-27T11:28:13.8797960Z   PKG_CONFIG_PATH: /Users/runner/hostedtoolcache/Python/3.8.15/x64/lib/pkgconfig
2022-12-27T11:28:13.8799390Z   Python_ROOT_DIR: /Users/runner/hostedtoolcache/Python/3.8.15/x64
2022-12-27T11:28:13.8799820Z   Python2_ROOT_DIR: /Users/runner/hostedtoolcache/Python/3.8.15/x64
2022-12-27T11:28:13.8800240Z   Python3_ROOT_DIR: /Users/runner/hostedtoolcache/Python/3.8.15/x64
2022-12-27T11:28:13.8800530Z ##[endgroup]
2022-12-27T11:28:13.9050440Z ##[group]Run rm -rf build_lxml21beta238
2022-12-27T11:28:13.9051020Z [36;1mrm -rf build_lxml21beta238[0m
2022-12-27T11:28:13.9051420Z [36;1mmkdir build_lxml21beta238[0m
2022-12-27T11:28:13.9051740Z [36;1mcd build_lxml21beta238[0m
2022-12-27T11:28:13.9052190Z [36;1m/usr/local/bin/wget --quiet https://files.pythonhosted.org/packages/3a/30/32bb8aac966ed5f4da2df50eb69e0d2dccf023d2baeef711995d88a55a1f/lxml-2.1beta2.tar.gz[0m
2022-12-27T11:28:13.9052730Z [36;1mtar xf *.tar.gz[0m
2022-12-27T11:28:13.9053030Z [36;1mcd *[0m
2022-12-27T11:28:13.9053300Z [36;1mpython -m pip install cibuildwheel==2.11.3[0m
2022-12-27T11:28:13.9053690Z [36;1mpython -m cibuildwheel --output-dir ../wheelsout[0m
2022-12-27T11:28:13.9079330Z shell: /bin/bash -e {0}
2022-12-27T11:28:13.9079640Z env:
2022-12-27T11:28:13.9079930Z   pythonLocation: /Users/runner/hostedtoolcache/Python/3.8.15/x64
2022-12-27T11:28:13.9080540Z   PKG_CONFIG_PATH: /Users/runner/hostedtoolcache/Python/3.8.15/x64/lib/pkgconfig
2022-12-27T11:28:13.9080980Z   Python_ROOT_DIR: /Users/runner/hostedtoolcache/Python/3.8.15/x64
2022-12-27T11:28:13.9081330Z   Python2_ROOT_DIR: /Users/runner/hostedtoolcache/Python/3.8.15/x64
2022-12-27T11:28:13.9081750Z   Python3_ROOT_DIR: /Users/runner/hostedtoolcache/Python/3.8.15/x64
2022-12-27T11:28:13.9082130Z   CIBW_ARCHS_MACOS: arm64
2022-12-27T11:28:13.9082460Z   CIBW_TEST_SKIP: *_arm64
2022-12-27T11:28:13.9082790Z   CIBW_BUILD: cp38-macosx_arm64
2022-12-27T11:28:13.9083130Z   CIBW_BUILD_FRONTEND: pip
2022-12-27T11:28:13.9083400Z   CIBW_BUILD_VERBOSITY: 3
2022-12-27T11:28:13.9083950Z   CIBW_ENVIRONMENT_MACOS:  CFLAGS="-I/usr/local/opt/openssl@3/include" LDFLAGS="-L/usr/local/opt/openssl@3/lib" CPPFLAGS="-I/usr/local/opt/openssl@3/include" MAKEFLAGS="-j$(sysctl -n hw.logicalcpu)" PATH=/usr/local/opt/ccache/libexec:$PATH
2022-12-27T11:28:13.9084640Z   CIBW_BEFORE_BUILD: pip install Cython; if [[ -f requirements.txt ]]; then pip install -r requirements.txt; fi
2022-12-27T11:28:13.9085080Z   MAKEFLAGS: -j$(sysctl -n hw.logicalcpu)
2022-12-27T11:28:13.9085340Z ##[endgroup]
2022-12-27T11:28:14.6290990Z Requirement already satisfied: cibuildwheel==2.11.3 in /Users/runner/hostedtoolcache/Python/3.8.15/x64/lib/python3.8/site-packages (2.11.3)
2022-12-27T11:28:14.6829990Z Requirement already satisfied: bracex in /Users/runner/hostedtoolcache/Python/3.8.15/x64/lib/python3.8/site-packages (from cibuildwheel==2.11.3) (2.3.post1)
2022-12-27T11:28:14.6835990Z Requirement already satisfied: bashlex!=0.13 in /Users/runner/hostedtoolcache/Python/3.8.15/x64/lib/python3.8/site-packages (from cibuildwheel==2.11.3) (0.16)
2022-12-27T11:28:14.6849510Z Requirement already satisfied: typing-extensions>=4.1.0 in /Users/runner/hostedtoolcache/Python/3.8.15/x64/lib/python3.8/site-packages (from cibuildwheel==2.11.3) (4.4.0)
2022-12-27T11:28:14.6853490Z Requirement already satisfied: certifi in /Users/runner/hostedtoolcache/Python/3.8.15/x64/lib/python3.8/site-packages (from cibuildwheel==2.11.3) (2022.12.7)
2022-12-27T11:28:14.6866290Z Requirement already satisfied: tomli in /Users/runner/hostedtoolcache/Python/3.8.15/x64/lib/python3.8/site-packages (from cibuildwheel==2.11.3) (2.0.1)
2022-12-27T11:28:14.6870290Z Requirement already satisfied: filelock in /Users/runner/hostedtoolcache/Python/3.8.15/x64/lib/python3.8/site-packages (from cibuildwheel==2.11.3) (3.8.2)
2022-12-27T11:28:14.6877460Z Requirement already satisfied: packaging>=20.9 in /Users/runner/hostedtoolcache/Python/3.8.15/x64/lib/python3.8/site-packages (from cibuildwheel==2.11.3) (22.0)
2022-12-27T11:28:14.6882710Z Requirement already satisfied: platformdirs in /Users/runner/hostedtoolcache/Python/3.8.15/x64/lib/python3.8/site-packages (from cibuildwheel==2.11.3) (2.6.0)
2022-12-27T11:28:14.9776580Z 
2022-12-27T11:28:14.9777130Z      _ _       _ _   _       _           _
2022-12-27T11:28:14.9777990Z  ___|_| |_ _ _|_| |_| |_ _ _| |_ ___ ___| |
2022-12-27T11:28:14.9780600Z |  _| | . | | | | | . | | | |   | -_| -_| |
2022-12-27T11:28:14.9784170Z |___|_|___|___|_|_|___|_____|_|_|___|___|_|
2022-12-27T11:28:14.9785030Z 
2022-12-27T11:28:14.9785360Z cibuildwheel version 2.11.3
2022-12-27T11:28:14.9785760Z 
2022-12-27T11:28:14.9786080Z Build options:
2022-12-27T11:28:14.9786570Z   platform: macos
2022-12-27T11:28:14.9949840Z   architectures: arm64[0m
2022-12-27T11:28:14.9950960Z   build_selector: 
2022-12-27T11:28:14.9957390Z     build_config: cp38-macosx_arm64
2022-12-27T11:28:14.9958470Z     skip_config: 
2022-12-27T11:28:14.9960400Z     requires_python: None
2022-12-27T11:28:14.9961180Z     prerelease_pythons: False[0m
2022-12-27T11:28:14.9962630Z   [38;5;244mcontainer_engine: docker[0m
2022-12-27T11:28:14.9963710Z   output_dir: /Users/runner/actions-runner/_work/python.build/python.build/build_lxml21beta238/wheelsout[0m
2022-12-27T11:28:14.9964580Z   package_dir: /Users/runner/actions-runner/_work/python.build/python.build/build_lxml21beta238/lxml-2.1beta2[0m
2022-12-27T11:28:14.9965050Z   test_selector: 
2022-12-27T11:28:14.9965640Z     skip_config: *_arm64[0m
2022-12-27T11:28:14.9966340Z   [38;5;244mbefore_all: [0m
2022-12-27T11:28:14.9966840Z   before_build: pip install Cython; if [[ -f requirements.txt ]]; then pip install -r requirements.txt; fi[0m
2022-12-27T11:28:14.9967370Z   [38;5;244mbefore_test: [0m
2022-12-27T11:28:14.9967800Z   [38;5;244mbuild_frontend: pip[0m
2022-12-27T11:28:14.9968150Z   build_verbosity: 3[0m
2022-12-27T11:28:14.9968770Z   [38;5;244mconfig_settings: [0m
2022-12-27T11:28:14.9969240Z   [38;5;244mdependency_constraints: pinned[0m
2022-12-27T11:28:14.9969590Z   environment: 
2022-12-27T11:28:14.9969990Z     CFLAGS="-I/usr/local/opt/openssl@3/include"
2022-12-27T11:28:14.9970640Z     LDFLAGS="-L/usr/local/opt/openssl@3/lib"
2022-12-27T11:28:14.9971140Z     CPPFLAGS="-I/usr/local/opt/openssl@3/include"
2022-12-27T11:28:14.9971550Z     MAKEFLAGS="-j$(sysctl -n hw.logicalcpu)"
2022-12-27T11:28:14.9972020Z     PATH=/usr/local/opt/ccache/libexec:$PATH[0m
2022-12-27T11:28:14.9972460Z   [38;5;244mmanylinux_images: None[0m
2022-12-27T11:28:14.9973040Z   [38;5;244mmusllinux_images: None[0m
2022-12-27T11:28:14.9973600Z   [38;5;244mrepair_command: delocate-wheel --require-archs {delocate_archs} -w {dest_dir} -v {wheel}[0m
2022-12-27T11:28:14.9975030Z   [38;5;244mtest_command: [0m
2022-12-27T11:28:14.9975370Z   [38;5;244mtest_extras: [0m
2022-12-27T11:28:14.9975840Z   [38;5;244mtest_requires: [0m
2022-12-27T11:28:14.9976250Z 
2022-12-27T11:28:14.9976450Z Cache folder: /Users/runner/Library/Caches/cibuildwheel
2022-12-27T11:28:14.9977700Z 
2022-12-27T11:28:14.9978270Z Here we go!
2022-12-27T11:28:14.9978470Z 
2022-12-27T11:28:15.0082810Z 
2022-12-27T11:28:15.0084290Z [1m[34mBuilding cp38-macosx_arm64 wheel[0m
2022-12-27T11:28:15.0085560Z CPython 3.8 macOS arm64 - Apple Silicon
2022-12-27T11:28:15.0086470Z 
2022-12-27T11:28:15.0088750Z ##[group]Installing Python cp38...
2022-12-27T11:28:15.0089450Z 
2022-12-27T11:28:15.0089920Z + pkgutil --pkgs
2022-12-27T11:28:15.0265510Z ##[endgroup]
2022-12-27T11:28:15.0267090Z                                                               [32m✓ [0m0.02s
2022-12-27T11:28:15.0268010Z ##[group]Setting up build environment...
2022-12-27T11:28:15.0268370Z 
2022-12-27T11:28:15.0302780Z + /Users/runner/hostedtoolcache/Python/3.8.15/x64/bin/python -sS /Users/runner/Library/Caches/cibuildwheel/virtualenv-20.17.0.pyz --activators= --no-periodic-update --pip=22.3.1 --setuptools=65.6.3 --wheel=0.38.4 --symlink-app-data --python /Library/Frameworks/Python.framework/Versions/3.8/bin/python3 /private/var/folders/51/hd414ycd67n82196sw51xqtc0000gn/T/cibw-run-5ztyixd4/cp38-macosx_arm64/build/venv
2022-12-27T11:28:15.3210040Z created virtual environment CPython3.8.10.final.0-64 in 71ms
2022-12-27T11:28:15.3210910Z   creator CPython3Posix(dest=/private/var/folders/51/hd414ycd67n82196sw51xqtc0000gn/T/cibw-run-5ztyixd4/cp38-macosx_arm64/build/venv, clear=False, no_vcs_ignore=False, global=False)
2022-12-27T11:28:15.3212080Z   seeder FromAppData(download=False, pip=22.3.1, setuptools=65.6.3, wheel=0.38.4, via=symlink, app_data_dir=/Users/runner/Library/Application Support/virtualenv)
2022-12-27T11:28:15.3212920Z     added seed packages: pip==22.3.1, setuptools==65.6.3, wheel==0.38.4
2022-12-27T11:28:15.3416280Z + python -m pip install --upgrade pip -c /Users/runner/hostedtoolcache/Python/3.8.15/x64/lib/python3.8/site-packages/cibuildwheel/resources/constraints-python38.txt
2022-12-27T11:28:15.8505250Z Requirement already satisfied: pip in ./lib/python3.8/site-packages (22.3.1)
2022-12-27T11:28:16.1079630Z + which pip
2022-12-27T11:28:16.1117020Z /private/var/folders/51/hd414ycd67n82196sw51xqtc0000gn/T/cibw-run-5ztyixd4/cp38-macosx_arm64/build/venv/bin/pip
2022-12-27T11:28:16.1124640Z + pip --version
2022-12-27T11:28:16.4995410Z pip 22.3.1 from /private/var/folders/51/hd414ycd67n82196sw51xqtc0000gn/T/cibw-run-5ztyixd4/cp38-macosx_arm64/build/venv/lib/python3.8/site-packages/pip (python 3.8)
2022-12-27T11:28:16.5451840Z + which pip
2022-12-27T11:28:16.5508760Z + which python
2022-12-27T11:28:16.5543980Z /private/var/folders/51/hd414ycd67n82196sw51xqtc0000gn/T/cibw-run-5ztyixd4/cp38-macosx_arm64/build/venv/bin/python
2022-12-27T11:28:16.5550140Z + python --version
2022-12-27T11:28:16.5638230Z Python 3.8.10
2022-12-27T11:28:16.5645220Z + which python
2022-12-27T11:28:16.5760870Z ##[endgroup]
2022-12-27T11:28:16.5762690Z                                                               [32m✓ [0m1.55s
2022-12-27T11:28:16.5763970Z ##[group]Installing build tools...
2022-12-27T11:28:16.5764420Z 
2022-12-27T11:28:16.5765050Z + pip install --upgrade setuptools wheel delocate -c /Users/runner/hostedtoolcache/Python/3.8.15/x64/lib/python3.8/site-packages/cibuildwheel/resources/constraints-python38.txt
2022-12-27T11:28:17.0868190Z Requirement already satisfied: setuptools in /private/var/folders/51/hd414ycd67n82196sw51xqtc0000gn/T/cibw-run-5ztyixd4/cp38-macosx_arm64/build/venv/lib/python3.8/site-packages (65.6.3)
2022-12-27T11:28:17.4922280Z Requirement already satisfied: wheel in /private/var/folders/51/hd414ycd67n82196sw51xqtc0000gn/T/cibw-run-5ztyixd4/cp38-macosx_arm64/build/venv/lib/python3.8/site-packages (0.38.4)
2022-12-27T11:28:17.5752420Z Collecting delocate
2022-12-27T11:28:17.5846390Z   Using cached delocate-0.10.3-py3-none-any.whl (142 kB)
2022-12-27T11:28:17.6233120Z Collecting typing-extensions
2022-12-27T11:28:17.6274890Z   Using cached typing_extensions-4.4.0-py3-none-any.whl (26 kB)
2022-12-27T11:28:17.6771820Z Collecting packaging>=20.9
2022-12-27T11:28:17.6838390Z   Using cached packaging-21.3-py3-none-any.whl (40 kB)
2022-12-27T11:28:17.7487540Z Collecting pyparsing!=3.0.5,>=2.0.2
2022-12-27T11:28:17.7538620Z   Using cached pyparsing-3.0.9-py3-none-any.whl (98 kB)
2022-12-27T11:28:17.8209500Z Installing collected packages: typing-extensions, pyparsing, packaging, delocate
2022-12-27T11:28:18.0346860Z Successfully installed delocate-0.10.3 packaging-21.3 pyparsing-3.0.9 typing-extensions-4.4.0
2022-12-27T11:28:18.1317950Z ##[endgroup]
2022-12-27T11:28:18.1318990Z                                                               [32m✓ [0m1.56s
2022-12-27T11:28:18.1319860Z ##[group]Running before_build...
2022-12-27T11:28:18.1320010Z 
2022-12-27T11:28:18.1331270Z + pip install Cython; if [[ -f requirements.txt ]]; then pip install -r requirements.txt; fi
2022-12-27T11:28:19.2972810Z Collecting Cython
2022-12-27T11:28:19.3057030Z   Using cached Cython-0.29.32-py2.py3-none-any.whl (986 kB)
2022-12-27T11:28:19.3950210Z Installing collected packages: Cython
2022-12-27T11:28:20.1833550Z Successfully installed Cython-0.29.32
2022-12-27T11:28:20.2785660Z ##[endgroup]
2022-12-27T11:28:20.2786450Z                                                               [32m✓ [0m2.15s
2022-12-27T11:28:20.2787100Z ##[group]Building wheel...
2022-12-27T11:28:20.2787310Z 
2022-12-27T11:28:20.2797880Z + python -m pip wheel /Users/runner/actions-runner/_work/python.build/python.build/build_lxml21beta238/lxml-2.1beta2 --wheel-dir=/private/var/folders/51/hd414ycd67n82196sw51xqtc0000gn/T/cibw-run-5ztyixd4/cp38-macosx_arm64/built_wheel --no-deps -vvv
2022-12-27T11:28:20.7643150Z Created temporary directory: /private/var/folders/51/hd414ycd67n82196sw51xqtc0000gn/T/pip-ephem-wheel-cache-vfg9zllq
2022-12-27T11:28:20.7648780Z Created temporary directory: /private/var/folders/51/hd414ycd67n82196sw51xqtc0000gn/T/pip-build-tracker-70m4e5_0
2022-12-27T11:28:20.7652750Z Initialized build tracking at /private/var/folders/51/hd414ycd67n82196sw51xqtc0000gn/T/pip-build-tracker-70m4e5_0
2022-12-27T11:28:20.7654580Z Created build tracker: /private/var/folders/51/hd414ycd67n82196sw51xqtc0000gn/T/pip-build-tracker-70m4e5_0
2022-12-27T11:28:20.7658110Z Entered build tracker: /private/var/folders/51/hd414ycd67n82196sw51xqtc0000gn/T/pip-build-tracker-70m4e5_0
2022-12-27T11:28:20.7664840Z Created temporary directory: /private/var/folders/51/hd414ycd67n82196sw51xqtc0000gn/T/pip-wheel-h4b56d6j
2022-12-27T11:28:20.7677630Z Created temporary directory: /private/var/folders/51/hd414ycd67n82196sw51xqtc0000gn/T/pip-ephem-wheel-cache-bo7xeenx
2022-12-27T11:28:20.7838510Z Processing /Users/runner/actions-runner/_work/python.build/python.build/build_lxml21beta238/lxml-2.1beta2
2022-12-27T11:28:20.7847250Z   Added file:///Users/runner/actions-runner/_work/python.build/python.build/build_lxml21beta238/lxml-2.1beta2 to build tracker '/private/var/folders/51/hd414ycd67n82196sw51xqtc0000gn/T/pip-build-tracker-70m4e5_0'
2022-12-27T11:28:20.7853550Z   Running setup.py (path:/Users/runner/actions-runner/_work/python.build/python.build/build_lxml21beta238/lxml-2.1beta2/setup.py) egg_info for package from file:///Users/runner/actions-runner/_work/python.build/python.build/build_lxml21beta238/lxml-2.1beta2
2022-12-27T11:28:20.7859600Z   Created temporary directory: /private/var/folders/51/hd414ycd67n82196sw51xqtc0000gn/T/pip-pip-egg-info-b949roix
2022-12-27T11:28:20.7862630Z   Preparing metadata (setup.py): started
2022-12-27T11:28:20.7865980Z   Running command python setup.py egg_info
2022-12-27T11:28:21.3693350Z   Traceback (most recent call last):
2022-12-27T11:28:21.3708290Z     File "<string>", line 2, in <module>
2022-12-27T11:28:21.3709400Z     File "<pip-setuptools-caller>", line 34, in <module>
2022-12-27T11:28:21.3710150Z     File "/Users/runner/actions-runner/_work/python.build/python.build/build_lxml21beta238/lxml-2.1beta2/setup.py", line 105, in <module>
2022-12-27T11:28:21.3711460Z       ext_modules = setupinfo.ext_modules(
2022-12-27T11:28:21.3712130Z     File "/Users/runner/actions-runner/_work/python.build/python.build/build_lxml21beta238/lxml-2.1beta2/setupinfo.py", line 44, in ext_modules
2022-12-27T11:28:21.3712800Z       _include_dirs = include_dirs(static_include_dirs)
2022-12-27T11:28:21.3713810Z     File "/Users/runner/actions-runner/_work/python.build/python.build/build_lxml21beta238/lxml-2.1beta2/setupinfo.py", line 150, in include_dirs
2022-12-27T11:28:21.3714610Z       if possible_include_dir.startswith('-I'):
2022-12-27T11:28:21.3716560Z   TypeError: startswith first arg must be bytes or a tuple of bytes, not str
2022-12-27T11:28:21.3720080Z   Building lxml version 2.1.beta2.
2022-12-27T11:28:21.3722650Z   Building with Cython 0.29.32.
2022-12-27T11:28:21.3726740Z   Using build configuration of libxslt b'1.1.29'
2022-12-27T11:28:21.4336690Z   error: subprocess-exited-with-error
2022-12-27T11:28:21.4337420Z   
2022-12-27T11:28:21.4338230Z   × python setup.py egg_info did not run successfully.
2022-12-27T11:28:21.4339590Z   │ exit code: 1
2022-12-27T11:28:21.4340400Z   ╰─> See above for output.
2022-12-27T11:28:21.4340930Z   
2022-12-27T11:28:21.4341650Z   note: This error originates from a subprocess, and is likely not a problem with pip.
2022-12-27T11:28:21.4354110Z   full command: /private/var/folders/51/hd414ycd67n82196sw51xqtc0000gn/T/cibw-run-5ztyixd4/cp38-macosx_arm64/build/venv/bin/python -c '
2022-12-27T11:28:21.4355400Z   exec(compile('"'"''"'"''"'"'
2022-12-27T11:28:21.4355970Z   # This is <pip-setuptools-caller> -- a caller that pip uses to run setup.py
2022-12-27T11:28:21.4356370Z   #
2022-12-27T11:28:21.4357310Z   # - It imports setuptools before invoking setup.py, to enable projects that directly
2022-12-27T11:28:21.4358040Z   #   import from `distutils.core` to work with newer packaging standards.
2022-12-27T11:28:21.4358640Z   # - It provides a clear error message when setuptools is not installed.
2022-12-27T11:28:21.4359340Z   # - It sets `sys.argv[0]` to the underlying `setup.py`, when invoking `setup.py` so
2022-12-27T11:28:21.4359870Z   #   setuptools doesn'"'"'t think the script is `-c`. This avoids the following warning:
2022-12-27T11:28:21.4363330Z   #     manifest_maker: standard file '"'"'-c'"'"' not found".
2022-12-27T11:28:21.4366150Z   # - It generates a shim setup.py, for handling setup.cfg-only projects.
2022-12-27T11:28:21.4367010Z   import os, sys, tokenize
2022-12-27T11:28:21.4367670Z   
2022-12-27T11:28:21.4369170Z   try:
2022-12-27T11:28:21.4369930Z       import setuptools
2022-12-27T11:28:21.4370490Z   except ImportError as error:
2022-12-27T11:28:21.4371170Z       print(
2022-12-27T11:28:21.4372000Z           "ERROR: Can not execute `setup.py` since setuptools is not available in "
2022-12-27T11:28:21.4373000Z           "the build environment.",
2022-12-27T11:28:21.4373770Z           file=sys.stderr,
2022-12-27T11:28:21.4374620Z       )
2022-12-27T11:28:21.4375180Z       sys.exit(1)
2022-12-27T11:28:21.4375970Z   
2022-12-27T11:28:21.4376990Z   __file__ = %r
2022-12-27T11:28:21.4377600Z   sys.argv[0] = __file__
2022-12-27T11:28:21.4378390Z   
2022-12-27T11:28:21.4379290Z   if os.path.exists(__file__):
2022-12-27T11:28:21.4379960Z       filename = __file__
2022-12-27T11:28:21.4380890Z       with tokenize.open(__file__) as f:
2022-12-27T11:28:21.4381810Z           setup_py_code = f.read()
2022-12-27T11:28:21.4382460Z   else:
2022-12-27T11:28:21.4383710Z       filename = "<auto-generated setuptools caller>"
2022-12-27T11:28:21.4384990Z       setup_py_code = "from setuptools import setup; setup()"
2022-12-27T11:28:21.4385920Z   
2022-12-27T11:28:21.4386730Z   exec(compile(setup_py_code, filename, "exec"))
2022-12-27T11:28:21.4388610Z   '"'"''"'"''"'"' % ('"'"'/Users/runner/actions-runner/_work/python.build/python.build/build_lxml21beta238/lxml-2.1beta2/setup.py'"'"',), "<pip-setuptools-caller>", "exec"))' egg_info --egg-base /private/var/folders/51/hd414ycd67n82196sw51xqtc0000gn/T/pip-pip-egg-info-b949roix
2022-12-27T11:28:21.4391760Z   cwd: /Users/runner/actions-runner/_work/python.build/python.build/build_lxml21beta238/lxml-2.1beta2/
2022-12-27T11:28:21.4393110Z   Preparing metadata (setup.py): finished with status 'error'
2022-12-27T11:28:21.4393990Z error: metadata-generation-failed
2022-12-27T11:28:21.4394740Z 
2022-12-27T11:28:21.4395480Z × Encountered error while generating package metadata.
2022-12-27T11:28:21.4396670Z ╰─> See above for output.
2022-12-27T11:28:21.4397140Z 
2022-12-27T11:28:21.4397420Z note: This is an issue with the package mentioned above, not pip.
2022-12-27T11:28:21.4398260Z hint: See above for details.
2022-12-27T11:28:21.4557240Z Exception information:
2022-12-27T11:28:21.4558310Z Traceback (most recent call last):
2022-12-27T11:28:21.4559740Z   File "/private/var/folders/51/hd414ycd67n82196sw51xqtc0000gn/T/cibw-run-5ztyixd4/cp38-macosx_arm64/build/venv/lib/python3.8/site-packages/pip/_internal/operations/build/metadata_legacy.py", line 64, in generate_metadata
2022-12-27T11:28:21.4560480Z     call_subprocess(
2022-12-27T11:28:21.4561270Z   File "/private/var/folders/51/hd414ycd67n82196sw51xqtc0000gn/T/cibw-run-5ztyixd4/cp38-macosx_arm64/build/venv/lib/python3.8/site-packages/pip/_internal/utils/subprocess.py", line 224, in call_subprocess
2022-12-27T11:28:21.4561730Z     raise error
2022-12-27T11:28:21.4562190Z pip._internal.exceptions.InstallationSubprocessError: python setup.py egg_info exited with 1
2022-12-27T11:28:21.4562450Z 
2022-12-27T11:28:21.4562650Z The above exception was the direct cause of the following exception:
2022-12-27T11:28:21.4562920Z 
2022-12-27T11:28:21.4563070Z Traceback (most recent call last):
2022-12-27T11:28:21.4564470Z   File "/private/var/folders/51/hd414ycd67n82196sw51xqtc0000gn/T/cibw-run-5ztyixd4/cp38-macosx_arm64/build/venv/lib/python3.8/site-packages/pip/_internal/cli/base_command.py", line 160, in exc_logging_wrapper
2022-12-27T11:28:21.4565000Z     status = run_func(*args)
2022-12-27T11:28:21.4565780Z   File "/private/var/folders/51/hd414ycd67n82196sw51xqtc0000gn/T/cibw-run-5ztyixd4/cp38-macosx_arm64/build/venv/lib/python3.8/site-packages/pip/_internal/cli/req_command.py", line 247, in wrapper
2022-12-27T11:28:21.4566310Z     return func(self, options, args)
2022-12-27T11:28:21.4567550Z   File "/private/var/folders/51/hd414ycd67n82196sw51xqtc0000gn/T/cibw-run-5ztyixd4/cp38-macosx_arm64/build/venv/lib/python3.8/site-packages/pip/_internal/commands/wheel.py", line 170, in run
2022-12-27T11:28:21.4568060Z     requirement_set = resolver.resolve(reqs, check_supported_wheels=True)
2022-12-27T11:28:21.4569830Z   File "/private/var/folders/51/hd414ycd67n82196sw51xqtc0000gn/T/cibw-run-5ztyixd4/cp38-macosx_arm64/build/venv/lib/python3.8/site-packages/pip/_internal/resolution/resolvelib/resolver.py", line 73, in resolve
2022-12-27T11:28:21.4570470Z     collected = self.factory.collect_root_requirements(root_reqs)
2022-12-27T11:28:21.4571330Z   File "/private/var/folders/51/hd414ycd67n82196sw51xqtc0000gn/T/cibw-run-5ztyixd4/cp38-macosx_arm64/build/venv/lib/python3.8/site-packages/pip/_internal/resolution/resolvelib/factory.py", line 491, in collect_root_requirements
2022-12-27T11:28:21.4571970Z     req = self._make_requirement_from_install_req(
2022-12-27T11:28:21.4573850Z   File "/private/var/folders/51/hd414ycd67n82196sw51xqtc0000gn/T/cibw-run-5ztyixd4/cp38-macosx_arm64/build/venv/lib/python3.8/site-packages/pip/_internal/resolution/resolvelib/factory.py", line 453, in _make_requirement_from_install_req
2022-12-27T11:28:21.4574370Z     cand = self._make_candidate_from_link(
2022-12-27T11:28:21.4575250Z   File "/private/var/folders/51/hd414ycd67n82196sw51xqtc0000gn/T/cibw-run-5ztyixd4/cp38-macosx_arm64/build/venv/lib/python3.8/site-packages/pip/_internal/resolution/resolvelib/factory.py", line 206, in _make_candidate_from_link
2022-12-27T11:28:21.4575840Z     self._link_candidate_cache[link] = LinkCandidate(
2022-12-27T11:28:21.4576770Z   File "/private/var/folders/51/hd414ycd67n82196sw51xqtc0000gn/T/cibw-run-5ztyixd4/cp38-macosx_arm64/build/venv/lib/python3.8/site-packages/pip/_internal/resolution/resolvelib/candidates.py", line 297, in __init__
2022-12-27T11:28:21.4577780Z     super().__init__(
2022-12-27T11:28:21.4578530Z   File "/private/var/folders/51/hd414ycd67n82196sw51xqtc0000gn/T/cibw-run-5ztyixd4/cp38-macosx_arm64/build/venv/lib/python3.8/site-packages/pip/_internal/resolution/resolvelib/candidates.py", line 162, in __init__
2022-12-27T11:28:21.4579040Z     self.dist = self._prepare()
2022-12-27T11:28:21.4579840Z   File "/private/var/folders/51/hd414ycd67n82196sw51xqtc0000gn/T/cibw-run-5ztyixd4/cp38-macosx_arm64/build/venv/lib/python3.8/site-packages/pip/_internal/resolution/resolvelib/candidates.py", line 231, in _prepare
2022-12-27T11:28:21.4580400Z     dist = self._prepare_distribution()
2022-12-27T11:28:21.4581210Z   File "/private/var/folders/51/hd414ycd67n82196sw51xqtc0000gn/T/cibw-run-5ztyixd4/cp38-macosx_arm64/build/venv/lib/python3.8/site-packages/pip/_internal/resolution/resolvelib/candidates.py", line 308, in _prepare_distribution
2022-12-27T11:28:21.4581780Z     return preparer.prepare_linked_requirement(self._ireq, parallel_builds=True)
2022-12-27T11:28:21.4582640Z   File "/private/var/folders/51/hd414ycd67n82196sw51xqtc0000gn/T/cibw-run-5ztyixd4/cp38-macosx_arm64/build/venv/lib/python3.8/site-packages/pip/_internal/operations/prepare.py", line 491, in prepare_linked_requirement
2022-12-27T11:28:21.4583190Z     return self._prepare_linked_requirement(req, parallel_builds)
2022-12-27T11:28:21.4584010Z   File "/private/var/folders/51/hd414ycd67n82196sw51xqtc0000gn/T/cibw-run-5ztyixd4/cp38-macosx_arm64/build/venv/lib/python3.8/site-packages/pip/_internal/operations/prepare.py", line 577, in _prepare_linked_requirement
2022-12-27T11:28:21.4584550Z     dist = _get_prepared_distribution(
2022-12-27T11:28:21.4585570Z   File "/private/var/folders/51/hd414ycd67n82196sw51xqtc0000gn/T/cibw-run-5ztyixd4/cp38-macosx_arm64/build/venv/lib/python3.8/site-packages/pip/_internal/operations/prepare.py", line 69, in _get_prepared_distribution
2022-12-27T11:28:21.4586290Z     abstract_dist.prepare_distribution_metadata(
2022-12-27T11:28:21.4587130Z   File "/private/var/folders/51/hd414ycd67n82196sw51xqtc0000gn/T/cibw-run-5ztyixd4/cp38-macosx_arm64/build/venv/lib/python3.8/site-packages/pip/_internal/distributions/sdist.py", line 61, in prepare_distribution_metadata
2022-12-27T11:28:21.4587610Z     self.req.prepare_metadata()
2022-12-27T11:28:21.4588380Z   File "/private/var/folders/51/hd414ycd67n82196sw51xqtc0000gn/T/cibw-run-5ztyixd4/cp38-macosx_arm64/build/venv/lib/python3.8/site-packages/pip/_internal/req/req_install.py", line 541, in prepare_metadata
2022-12-27T11:28:21.4588930Z     self.metadata_directory = generate_metadata_legacy(
2022-12-27T11:28:21.4589740Z   File "/private/var/folders/51/hd414ycd67n82196sw51xqtc0000gn/T/cibw-run-5ztyixd4/cp38-macosx_arm64/build/venv/lib/python3.8/site-packages/pip/_internal/operations/build/metadata_legacy.py", line 71, in generate_metadata
2022-12-27T11:28:21.4590350Z     raise MetadataGenerationFailed(package_details=details) from error
2022-12-27T11:28:21.4590780Z pip._internal.exceptions.MetadataGenerationFailed: metadata generation failed
2022-12-27T11:28:21.4591620Z Removed file:///Users/runner/actions-runner/_work/python.build/python.build/build_lxml21beta238/lxml-2.1beta2 from build tracker '/private/var/folders/51/hd414ycd67n82196sw51xqtc0000gn/T/pip-build-tracker-70m4e5_0'
2022-12-27T11:28:21.4592440Z Removed build tracker: '/private/var/folders/51/hd414ycd67n82196sw51xqtc0000gn/T/pip-build-tracker-70m4e5_0'
2022-12-27T11:28:21.5186280Z ##[endgroup]
2022-12-27T11:28:21.5187070Z                                                               [31m✕ [0m1.24s
2022-12-27T11:28:21.5828990Z ##[error]Command ['python', '-m', 'pip', 'wheel', '/Users/runner/actions-runner/_work/python.build/python.build/build_lxml21beta238/lxml-2.1beta2', '--wheel-dir=/private/var/folders/51/hd414ycd67n82196sw51xqtc0000gn/T/cibw-run-5ztyixd4/cp38-macosx_arm64/built_wheel', '--no-deps', '-vvv'] failed with code 1. None
2022-12-27T11:28:21.5841700Z 
2022-12-27T11:28:21.6036030Z ##[error]Process completed with exit code 1.
2022-12-27T11:28:21.6091930Z ##[group]Run rm -rf build_lxml21beta238 wheelsout
2022-12-27T11:28:21.6092370Z [36;1mrm -rf build_lxml21beta238 wheelsout[0m
2022-12-27T11:28:21.6118610Z shell: /bin/bash -e {0}
2022-12-27T11:28:21.6118940Z env:
2022-12-27T11:28:21.6119530Z   pythonLocation: /Users/runner/hostedtoolcache/Python/3.8.15/x64
2022-12-27T11:28:21.6120000Z   PKG_CONFIG_PATH: /Users/runner/hostedtoolcache/Python/3.8.15/x64/lib/pkgconfig
2022-12-27T11:28:21.6120450Z   Python_ROOT_DIR: /Users/runner/hostedtoolcache/Python/3.8.15/x64
2022-12-27T11:28:21.6120820Z   Python2_ROOT_DIR: /Users/runner/hostedtoolcache/Python/3.8.15/x64
2022-12-27T11:28:21.6121260Z   Python3_ROOT_DIR: /Users/runner/hostedtoolcache/Python/3.8.15/x64
2022-12-27T11:28:21.6121620Z ##[endgroup]
2022-12-27T11:28:21.6983730Z Cleaning up orphan processes
