2022-12-27T08:52:23.4473694Z Requested labels: self-hosted, macOS, X64
2022-12-27T08:52:23.4473768Z Job defined at: kilnbuild/python.build/.github/workflows/mac_arm_build.yml@refs/heads/main
2022-12-27T08:52:23.4473793Z Waiting for a runner to pick up this job...
2022-12-27T11:24:32.1466474Z Job is about to start running on the runner: kr1 (organization)
2022-12-27T11:24:35.6739800Z Current runner version: '2.300.2'
2022-12-27T11:24:35.6747520Z Runner name: 'kr1'
2022-12-27T11:24:35.6747940Z Runner group name: 'Default'
2022-12-27T11:24:35.6748810Z Machine name: 'kr1'
2022-12-27T11:24:35.6751410Z ##[group]GITHUB_TOKEN Permissions
2022-12-27T11:24:35.6752070Z Actions: write
2022-12-27T11:24:35.6752310Z Checks: write
2022-12-27T11:24:35.6752560Z Contents: write
2022-12-27T11:24:35.6752820Z Deployments: write
2022-12-27T11:24:35.6753080Z Discussions: write
2022-12-27T11:24:35.6753330Z Issues: write
2022-12-27T11:24:35.6753580Z Metadata: read
2022-12-27T11:24:35.6753820Z Packages: write
2022-12-27T11:24:35.6754080Z Pages: write
2022-12-27T11:24:35.6754340Z PullRequests: write
2022-12-27T11:24:35.6754640Z RepositoryProjects: write
2022-12-27T11:24:35.6755020Z SecurityEvents: write
2022-12-27T11:24:35.6755290Z Statuses: write
2022-12-27T11:24:35.6755530Z ##[endgroup]
2022-12-27T11:24:35.6759180Z Secret source: Actions
2022-12-27T11:24:35.6759670Z Prepare workflow directory
2022-12-27T11:24:35.7879330Z Prepare all required actions
2022-12-27T11:24:35.8089780Z Getting action download info
2022-12-27T11:24:36.2440000Z Download action repository 'actions/setup-python@v4' (SHA:5ccb29d8773c3f3f653e1705f474dfaa8a06a912)
2022-12-27T11:24:38.0962260Z Download action repository 'actions/upload-artifact@v3' (SHA:83fd05a356d7e2593de66fc9913b3002723633cb)
2022-12-27T11:24:39.5548860Z ##[group]Run echo '{
2022-12-27T11:24:39.5549450Z [36;1mecho '{[0m
2022-12-27T11:24:39.5549680Z [36;1m  "package_name": "lxml",[0m
2022-12-27T11:24:39.5550230Z [36;1m  "package_url": "https://files.pythonhosted.org/packages/b2/47/f3e4990aa1076b122a5b921ff6c16219a49458fd1df307f8f905b4ad34e7/lxml-2.0beta2.tar.gz",[0m
2022-12-27T11:24:39.5550670Z [36;1m  "package_version": "2.0beta2",[0m
2022-12-27T11:24:39.5550880Z [36;1m  "python_version": "3.8",[0m
2022-12-27T11:24:39.5551100Z [36;1m  "use_ccache": "true"[0m
2022-12-27T11:24:39.5551290Z [36;1m}'[0m
2022-12-27T11:24:39.5579420Z shell: /bin/bash -e {0}
2022-12-27T11:24:39.5579620Z ##[endgroup]
2022-12-27T11:24:39.5977340Z {
2022-12-27T11:24:39.5979990Z   "package_name": "lxml",
2022-12-27T11:24:39.5981210Z   "package_url": "https://files.pythonhosted.org/packages/b2/47/f3e4990aa1076b122a5b921ff6c16219a49458fd1df307f8f905b4ad34e7/lxml-2.0beta2.tar.gz",
2022-12-27T11:24:39.5981700Z   "package_version": "2.0beta2",
2022-12-27T11:24:39.5982260Z   "python_version": "3.8",
2022-12-27T11:24:39.5982550Z   "use_ccache": "true"
2022-12-27T11:24:39.5982850Z }
2022-12-27T11:24:39.6348900Z ##[group]Run actions/setup-python@v4
2022-12-27T11:24:39.6349400Z with:
2022-12-27T11:24:39.6349650Z   python-version: 3.8
2022-12-27T11:24:39.6349960Z   check-latest: false
2022-12-27T11:24:39.6350460Z   token: ***
2022-12-27T11:24:39.6350850Z   update-environment: true
2022-12-27T11:24:39.6351250Z ##[endgroup]
2022-12-27T11:24:39.8566710Z ##[group]Installed versions
2022-12-27T11:24:39.8606720Z Successfully set up CPython (3.8.15)
2022-12-27T11:24:39.8608890Z ##[endgroup]
2022-12-27T11:24:39.8834710Z ##[group]Run if [ "true" == "true" ]
2022-12-27T11:24:39.8835410Z [36;1mif [ "true" == "true" ][0m
2022-12-27T11:24:39.8835770Z [36;1mthen[0m
2022-12-27T11:24:39.8836140Z [36;1m  echo "CCACHE_PATH_PREPEND=/usr/local/opt/ccache/libexec" >> $GITHUB_OUTPUT[0m
2022-12-27T11:24:39.8836520Z [36;1melse[0m
2022-12-27T11:24:39.8836980Z [36;1m  echo "CCACHE_PATH_PREPEND=" >> $GITHUB_OUTPUT[0m
2022-12-27T11:24:39.8837260Z [36;1mfi[0m
2022-12-27T11:24:39.8869150Z shell: /bin/bash -e {0}
2022-12-27T11:24:39.8869620Z env:
2022-12-27T11:24:39.8869960Z   pythonLocation: /Users/runner/hostedtoolcache/Python/3.8.15/x64
2022-12-27T11:24:39.8870650Z   PKG_CONFIG_PATH: /Users/runner/hostedtoolcache/Python/3.8.15/x64/lib/pkgconfig
2022-12-27T11:24:39.8871140Z   Python_ROOT_DIR: /Users/runner/hostedtoolcache/Python/3.8.15/x64
2022-12-27T11:24:39.8871610Z   Python2_ROOT_DIR: /Users/runner/hostedtoolcache/Python/3.8.15/x64
2022-12-27T11:24:39.8872240Z   Python3_ROOT_DIR: /Users/runner/hostedtoolcache/Python/3.8.15/x64
2022-12-27T11:24:39.8873780Z ##[endgroup]
2022-12-27T11:24:39.9158470Z ##[group]Run echo "BUILD_NAME=$(echo lxml_2.0beta2_3.8 | tr -dc '[:alnum:]\n\r' | tr '[:upper:]' '[:lower:]')" >> $GITHUB_OUTPUT
2022-12-27T11:24:39.9159230Z [36;1mecho "BUILD_NAME=$(echo lxml_2.0beta2_3.8 | tr -dc '[:alnum:]\n\r' | tr '[:upper:]' '[:lower:]')" >> $GITHUB_OUTPUT[0m
2022-12-27T11:24:39.9187020Z shell: /bin/bash -e {0}
2022-12-27T11:24:39.9187330Z env:
2022-12-27T11:24:39.9187640Z   pythonLocation: /Users/runner/hostedtoolcache/Python/3.8.15/x64
2022-12-27T11:24:39.9188190Z   PKG_CONFIG_PATH: /Users/runner/hostedtoolcache/Python/3.8.15/x64/lib/pkgconfig
2022-12-27T11:24:39.9188640Z   Python_ROOT_DIR: /Users/runner/hostedtoolcache/Python/3.8.15/x64
2022-12-27T11:24:39.9189010Z   Python2_ROOT_DIR: /Users/runner/hostedtoolcache/Python/3.8.15/x64
2022-12-27T11:24:39.9189430Z   Python3_ROOT_DIR: /Users/runner/hostedtoolcache/Python/3.8.15/x64
2022-12-27T11:24:39.9189800Z ##[endgroup]
2022-12-27T11:24:39.9404210Z ##[group]Run echo "PYTHON_NO_DOTS=$(echo 3.8 | tr -dc '[:alnum:]\n\r' | tr '[:upper:]' '[:lower:]')" >> $GITHUB_OUTPUT
2022-12-27T11:24:39.9404950Z [36;1mecho "PYTHON_NO_DOTS=$(echo 3.8 | tr -dc '[:alnum:]\n\r' | tr '[:upper:]' '[:lower:]')" >> $GITHUB_OUTPUT[0m
2022-12-27T11:24:39.9432590Z shell: /bin/bash -e {0}
2022-12-27T11:24:39.9432920Z env:
2022-12-27T11:24:39.9433300Z   pythonLocation: /Users/runner/hostedtoolcache/Python/3.8.15/x64
2022-12-27T11:24:39.9434810Z   PKG_CONFIG_PATH: /Users/runner/hostedtoolcache/Python/3.8.15/x64/lib/pkgconfig
2022-12-27T11:24:39.9435450Z   Python_ROOT_DIR: /Users/runner/hostedtoolcache/Python/3.8.15/x64
2022-12-27T11:24:39.9435930Z   Python2_ROOT_DIR: /Users/runner/hostedtoolcache/Python/3.8.15/x64
2022-12-27T11:24:39.9436360Z   Python3_ROOT_DIR: /Users/runner/hostedtoolcache/Python/3.8.15/x64
2022-12-27T11:24:39.9436660Z ##[endgroup]
2022-12-27T11:24:39.9767490Z ##[group]Run rm -rf build_lxml20beta238
2022-12-27T11:24:39.9768110Z [36;1mrm -rf build_lxml20beta238[0m
2022-12-27T11:24:39.9768450Z [36;1mmkdir build_lxml20beta238[0m
2022-12-27T11:24:39.9768800Z [36;1mcd build_lxml20beta238[0m
2022-12-27T11:24:39.9769400Z [36;1m/usr/local/bin/wget --quiet https://files.pythonhosted.org/packages/b2/47/f3e4990aa1076b122a5b921ff6c16219a49458fd1df307f8f905b4ad34e7/lxml-2.0beta2.tar.gz[0m
2022-12-27T11:24:39.9769880Z [36;1mtar xf *.tar.gz[0m
2022-12-27T11:24:39.9770140Z [36;1mcd *[0m
2022-12-27T11:24:39.9770500Z [36;1mpython -m pip install cibuildwheel==2.11.3[0m
2022-12-27T11:24:39.9770970Z [36;1mpython -m cibuildwheel --output-dir ../wheelsout[0m
2022-12-27T11:24:39.9798590Z shell: /bin/bash -e {0}
2022-12-27T11:24:39.9798920Z env:
2022-12-27T11:24:39.9799300Z   pythonLocation: /Users/runner/hostedtoolcache/Python/3.8.15/x64
2022-12-27T11:24:39.9799890Z   PKG_CONFIG_PATH: /Users/runner/hostedtoolcache/Python/3.8.15/x64/lib/pkgconfig
2022-12-27T11:24:39.9800350Z   Python_ROOT_DIR: /Users/runner/hostedtoolcache/Python/3.8.15/x64
2022-12-27T11:24:39.9800790Z   Python2_ROOT_DIR: /Users/runner/hostedtoolcache/Python/3.8.15/x64
2022-12-27T11:24:39.9801240Z   Python3_ROOT_DIR: /Users/runner/hostedtoolcache/Python/3.8.15/x64
2022-12-27T11:24:39.9801610Z   CIBW_ARCHS_MACOS: arm64
2022-12-27T11:24:39.9801940Z   CIBW_TEST_SKIP: *_arm64
2022-12-27T11:24:39.9802430Z   CIBW_BUILD: cp38-macosx_arm64
2022-12-27T11:24:39.9802710Z   CIBW_BUILD_FRONTEND: pip
2022-12-27T11:24:39.9803090Z   CIBW_BUILD_VERBOSITY: 3
2022-12-27T11:24:39.9803750Z   CIBW_ENVIRONMENT_MACOS:  CFLAGS="-I/usr/local/opt/openssl@3/include" LDFLAGS="-L/usr/local/opt/openssl@3/lib" CPPFLAGS="-I/usr/local/opt/openssl@3/include" MAKEFLAGS="-j$(sysctl -n hw.logicalcpu)" PATH=/usr/local/opt/ccache/libexec:$PATH
2022-12-27T11:24:39.9804440Z   CIBW_BEFORE_BUILD: pip install Cython; if [[ -f requirements.txt ]]; then pip install -r requirements.txt; fi
2022-12-27T11:24:39.9804830Z   MAKEFLAGS: -j$(sysctl -n hw.logicalcpu)
2022-12-27T11:24:39.9805160Z ##[endgroup]
2022-12-27T11:24:40.7451400Z Requirement already satisfied: cibuildwheel==2.11.3 in /Users/runner/hostedtoolcache/Python/3.8.15/x64/lib/python3.8/site-packages (2.11.3)
2022-12-27T11:24:40.8012950Z Requirement already satisfied: bashlex!=0.13 in /Users/runner/hostedtoolcache/Python/3.8.15/x64/lib/python3.8/site-packages (from cibuildwheel==2.11.3) (0.16)
2022-12-27T11:24:40.8026630Z Requirement already satisfied: typing-extensions>=4.1.0 in /Users/runner/hostedtoolcache/Python/3.8.15/x64/lib/python3.8/site-packages (from cibuildwheel==2.11.3) (4.4.0)
2022-12-27T11:24:40.8037780Z Requirement already satisfied: tomli in /Users/runner/hostedtoolcache/Python/3.8.15/x64/lib/python3.8/site-packages (from cibuildwheel==2.11.3) (2.0.1)
2022-12-27T11:24:40.8044460Z Requirement already satisfied: packaging>=20.9 in /Users/runner/hostedtoolcache/Python/3.8.15/x64/lib/python3.8/site-packages (from cibuildwheel==2.11.3) (22.0)
2022-12-27T11:24:40.8050890Z Requirement already satisfied: bracex in /Users/runner/hostedtoolcache/Python/3.8.15/x64/lib/python3.8/site-packages (from cibuildwheel==2.11.3) (2.3.post1)
2022-12-27T11:24:40.8054260Z Requirement already satisfied: filelock in /Users/runner/hostedtoolcache/Python/3.8.15/x64/lib/python3.8/site-packages (from cibuildwheel==2.11.3) (3.8.2)
2022-12-27T11:24:40.8060900Z Requirement already satisfied: certifi in /Users/runner/hostedtoolcache/Python/3.8.15/x64/lib/python3.8/site-packages (from cibuildwheel==2.11.3) (2022.12.7)
2022-12-27T11:24:40.8064830Z Requirement already satisfied: platformdirs in /Users/runner/hostedtoolcache/Python/3.8.15/x64/lib/python3.8/site-packages (from cibuildwheel==2.11.3) (2.6.0)
2022-12-27T11:24:41.1233150Z 
2022-12-27T11:24:41.1233860Z      _ _       _ _   _       _           _
2022-12-27T11:24:41.1235990Z  ___|_| |_ _ _|_| |_| |_ _ _| |_ ___ ___| |
2022-12-27T11:24:41.1237790Z |  _| | . | | | | | . | | | |   | -_| -_| |
2022-12-27T11:24:41.1240410Z |___|_|___|___|_|_|___|_____|_|_|___|___|_|
2022-12-27T11:24:41.1240900Z 
2022-12-27T11:24:41.1241540Z cibuildwheel version 2.11.3
2022-12-27T11:24:41.1241930Z 
2022-12-27T11:24:41.1242110Z Build options:
2022-12-27T11:24:41.1242720Z   platform: macos
2022-12-27T11:24:41.1410220Z   architectures: arm64[0m
2022-12-27T11:24:41.1411330Z   build_selector: 
2022-12-27T11:24:41.1413820Z     build_config: cp38-macosx_arm64
2022-12-27T11:24:41.1414650Z     skip_config: 
2022-12-27T11:24:41.1415590Z     requires_python: None
2022-12-27T11:24:41.1416980Z     prerelease_pythons: False[0m
2022-12-27T11:24:41.1417540Z   [38;5;244mcontainer_engine: docker[0m
2022-12-27T11:24:41.1418230Z   output_dir: /Users/runner/actions-runner/_work/python.build/python.build/build_lxml20beta238/wheelsout[0m
2022-12-27T11:24:41.1418870Z   package_dir: /Users/runner/actions-runner/_work/python.build/python.build/build_lxml20beta238/lxml-2.0beta2[0m
2022-12-27T11:24:41.1419320Z   test_selector: 
2022-12-27T11:24:41.1420030Z     skip_config: *_arm64[0m
2022-12-27T11:24:41.1420410Z   [38;5;244mbefore_all: [0m
2022-12-27T11:24:41.1421080Z   before_build: pip install Cython; if [[ -f requirements.txt ]]; then pip install -r requirements.txt; fi[0m
2022-12-27T11:24:41.1421620Z   [38;5;244mbefore_test: [0m
2022-12-27T11:24:41.1422220Z   [38;5;244mbuild_frontend: pip[0m
2022-12-27T11:24:41.1422590Z   build_verbosity: 3[0m
2022-12-27T11:24:41.1423010Z   [38;5;244mconfig_settings: [0m
2022-12-27T11:24:41.1423490Z   [38;5;244mdependency_constraints: pinned[0m
2022-12-27T11:24:41.1423790Z   environment: 
2022-12-27T11:24:41.1424370Z     CFLAGS="-I/usr/local/opt/openssl@3/include"
2022-12-27T11:24:41.1424870Z     LDFLAGS="-L/usr/local/opt/openssl@3/lib"
2022-12-27T11:24:41.1425280Z     CPPFLAGS="-I/usr/local/opt/openssl@3/include"
2022-12-27T11:24:41.1425770Z     MAKEFLAGS="-j$(sysctl -n hw.logicalcpu)"
2022-12-27T11:24:41.1426260Z     PATH=/usr/local/opt/ccache/libexec:$PATH[0m
2022-12-27T11:24:41.1426790Z   [38;5;244mmanylinux_images: None[0m
2022-12-27T11:24:41.1427240Z   [38;5;244mmusllinux_images: None[0m
2022-12-27T11:24:41.1427820Z   [38;5;244mrepair_command: delocate-wheel --require-archs {delocate_archs} -w {dest_dir} -v {wheel}[0m
2022-12-27T11:24:41.1428970Z   [38;5;244mtest_command: [0m
2022-12-27T11:24:41.1429320Z   [38;5;244mtest_extras: [0m
2022-12-27T11:24:41.1429890Z   [38;5;244mtest_requires: [0m
2022-12-27T11:24:41.1430090Z 
2022-12-27T11:24:41.1430300Z Cache folder: /Users/runner/Library/Caches/cibuildwheel
2022-12-27T11:24:41.1441970Z 
2022-12-27T11:24:41.1442800Z Here we go!
2022-12-27T11:24:41.1443250Z 
2022-12-27T11:24:41.1551070Z 
2022-12-27T11:24:41.1553410Z [1m[34mBuilding cp38-macosx_arm64 wheel[0m
2022-12-27T11:24:41.1554760Z CPython 3.8 macOS arm64 - Apple Silicon
2022-12-27T11:24:41.1555200Z 
2022-12-27T11:24:41.1557690Z ##[group]Installing Python cp38...
2022-12-27T11:24:41.1558130Z 
2022-12-27T11:24:41.1558590Z + pkgutil --pkgs
2022-12-27T11:24:41.1784730Z ##[endgroup]
2022-12-27T11:24:41.1787210Z                                                               [32mâœ“ [0m0.02s
2022-12-27T11:24:41.1788780Z ##[group]Setting up build environment...
2022-12-27T11:24:41.1789630Z 
2022-12-27T11:24:41.1821010Z + /Users/runner/hostedtoolcache/Python/3.8.15/x64/bin/python -sS /Users/runner/Library/Caches/cibuildwheel/virtualenv-20.17.0.pyz --activators= --no-periodic-update --pip=22.3.1 --setuptools=65.6.3 --wheel=0.38.4 --symlink-app-data --python /Library/Frameworks/Python.framework/Versions/3.8/bin/python3 /private/var/folders/51/hd414ycd67n82196sw51xqtc0000gn/T/cibw-run-uf3g4x4e/cp38-macosx_arm64/build/venv
2022-12-27T11:24:41.4969360Z created virtual environment CPython3.8.10.final.0-64 in 76ms
2022-12-27T11:24:41.4970290Z   creator CPython3Posix(dest=/private/var/folders/51/hd414ycd67n82196sw51xqtc0000gn/T/cibw-run-uf3g4x4e/cp38-macosx_arm64/build/venv, clear=False, no_vcs_ignore=False, global=False)
2022-12-27T11:24:41.4971570Z   seeder FromAppData(download=False, pip=22.3.1, setuptools=65.6.3, wheel=0.38.4, via=symlink, app_data_dir=/Users/runner/Library/Application Support/virtualenv)
2022-12-27T11:24:41.4972140Z     added seed packages: pip==22.3.1, setuptools==65.6.3, wheel==0.38.4
2022-12-27T11:24:41.5229500Z + python -m pip install --upgrade pip -c /Users/runner/hostedtoolcache/Python/3.8.15/x64/lib/python3.8/site-packages/cibuildwheel/resources/constraints-python38.txt
2022-12-27T11:24:42.0749250Z Requirement already satisfied: pip in ./lib/python3.8/site-packages (22.3.1)
2022-12-27T11:24:42.3616530Z + which pip
2022-12-27T11:24:42.3656640Z /private/var/folders/51/hd414ycd67n82196sw51xqtc0000gn/T/cibw-run-uf3g4x4e/cp38-macosx_arm64/build/venv/bin/pip
2022-12-27T11:24:42.3662700Z + pip --version
2022-12-27T11:24:42.7558560Z pip 22.3.1 from /private/var/folders/51/hd414ycd67n82196sw51xqtc0000gn/T/cibw-run-uf3g4x4e/cp38-macosx_arm64/build/venv/lib/python3.8/site-packages/pip (python 3.8)
2022-12-27T11:24:42.8132140Z + which pip
2022-12-27T11:24:42.8193850Z + which python
2022-12-27T11:24:42.8239000Z /private/var/folders/51/hd414ycd67n82196sw51xqtc0000gn/T/cibw-run-uf3g4x4e/cp38-macosx_arm64/build/venv/bin/python
2022-12-27T11:24:42.8246210Z + python --version
2022-12-27T11:24:42.8340900Z Python 3.8.10
2022-12-27T11:24:42.8346400Z + which python
2022-12-27T11:24:42.8468980Z ##[endgroup]
2022-12-27T11:24:42.8469830Z                                                               [32mâœ“ [0m1.67s
2022-12-27T11:24:42.8470820Z ##[group]Installing build tools...
2022-12-27T11:24:42.8471040Z 
2022-12-27T11:24:42.8471620Z + pip install --upgrade setuptools wheel delocate -c /Users/runner/hostedtoolcache/Python/3.8.15/x64/lib/python3.8/site-packages/cibuildwheel/resources/constraints-python38.txt
2022-12-27T11:24:43.3706070Z Requirement already satisfied: setuptools in /private/var/folders/51/hd414ycd67n82196sw51xqtc0000gn/T/cibw-run-uf3g4x4e/cp38-macosx_arm64/build/venv/lib/python3.8/site-packages (65.6.3)
2022-12-27T11:24:43.7711900Z Requirement already satisfied: wheel in /private/var/folders/51/hd414ycd67n82196sw51xqtc0000gn/T/cibw-run-uf3g4x4e/cp38-macosx_arm64/build/venv/lib/python3.8/site-packages (0.38.4)
2022-12-27T11:24:43.8583950Z Collecting delocate
2022-12-27T11:24:43.8635510Z   Using cached delocate-0.10.3-py3-none-any.whl (142 kB)
2022-12-27T11:24:43.9206090Z Collecting packaging>=20.9
2022-12-27T11:24:43.9251540Z   Using cached packaging-21.3-py3-none-any.whl (40 kB)
2022-12-27T11:24:43.9597900Z Collecting typing-extensions
2022-12-27T11:24:43.9648520Z   Using cached typing_extensions-4.4.0-py3-none-any.whl (26 kB)
2022-12-27T11:24:44.0303700Z Collecting pyparsing!=3.0.5,>=2.0.2
2022-12-27T11:24:44.0355310Z   Using cached pyparsing-3.0.9-py3-none-any.whl (98 kB)
2022-12-27T11:24:44.1051300Z Installing collected packages: typing-extensions, pyparsing, packaging, delocate
2022-12-27T11:24:44.3369160Z Successfully installed delocate-0.10.3 packaging-21.3 pyparsing-3.0.9 typing-extensions-4.4.0
2022-12-27T11:24:44.4396360Z ##[endgroup]
2022-12-27T11:24:44.4397660Z                                                               [32mâœ“ [0m1.59s
2022-12-27T11:24:44.4398830Z ##[group]Running before_build...
2022-12-27T11:24:44.4399230Z 
2022-12-27T11:24:44.4418520Z + pip install Cython; if [[ -f requirements.txt ]]; then pip install -r requirements.txt; fi
2022-12-27T11:24:45.6429710Z Collecting Cython
2022-12-27T11:24:45.6518330Z   Using cached Cython-0.29.32-py2.py3-none-any.whl (986 kB)
2022-12-27T11:24:45.7423000Z Installing collected packages: Cython
2022-12-27T11:24:46.4984730Z Successfully installed Cython-0.29.32
2022-12-27T11:24:46.6184160Z ##[endgroup]
2022-12-27T11:24:46.6185470Z                                                               [32mâœ“ [0m2.18s
2022-12-27T11:24:46.6186170Z ##[group]Building wheel...
2022-12-27T11:24:46.6186430Z 
2022-12-27T11:24:46.6200450Z + python -m pip wheel /Users/runner/actions-runner/_work/python.build/python.build/build_lxml20beta238/lxml-2.0beta2 --wheel-dir=/private/var/folders/51/hd414ycd67n82196sw51xqtc0000gn/T/cibw-run-uf3g4x4e/cp38-macosx_arm64/built_wheel --no-deps -vvv
2022-12-27T11:24:47.1107500Z Created temporary directory: /private/var/folders/51/hd414ycd67n82196sw51xqtc0000gn/T/pip-ephem-wheel-cache-gau317xf
2022-12-27T11:24:47.1115460Z Created temporary directory: /private/var/folders/51/hd414ycd67n82196sw51xqtc0000gn/T/pip-build-tracker-zqfbrqzj
2022-12-27T11:24:47.1117700Z Initialized build tracking at /private/var/folders/51/hd414ycd67n82196sw51xqtc0000gn/T/pip-build-tracker-zqfbrqzj
2022-12-27T11:24:47.1122130Z Created build tracker: /private/var/folders/51/hd414ycd67n82196sw51xqtc0000gn/T/pip-build-tracker-zqfbrqzj
2022-12-27T11:24:47.1123590Z Entered build tracker: /private/var/folders/51/hd414ycd67n82196sw51xqtc0000gn/T/pip-build-tracker-zqfbrqzj
2022-12-27T11:24:47.1129680Z Created temporary directory: /private/var/folders/51/hd414ycd67n82196sw51xqtc0000gn/T/pip-wheel-slfyxkcf
2022-12-27T11:24:47.1141990Z Created temporary directory: /private/var/folders/51/hd414ycd67n82196sw51xqtc0000gn/T/pip-ephem-wheel-cache-2hp53fz3
2022-12-27T11:24:47.1285750Z Processing /Users/runner/actions-runner/_work/python.build/python.build/build_lxml20beta238/lxml-2.0beta2
2022-12-27T11:24:47.1294560Z   Added file:///Users/runner/actions-runner/_work/python.build/python.build/build_lxml20beta238/lxml-2.0beta2 to build tracker '/private/var/folders/51/hd414ycd67n82196sw51xqtc0000gn/T/pip-build-tracker-zqfbrqzj'
2022-12-27T11:24:47.1301840Z   Running setup.py (path:/Users/runner/actions-runner/_work/python.build/python.build/build_lxml20beta238/lxml-2.0beta2/setup.py) egg_info for package from file:///Users/runner/actions-runner/_work/python.build/python.build/build_lxml20beta238/lxml-2.0beta2
2022-12-27T11:24:47.1306420Z   Created temporary directory: /private/var/folders/51/hd414ycd67n82196sw51xqtc0000gn/T/pip-pip-egg-info-y46ulg4k
2022-12-27T11:24:47.1309430Z   Preparing metadata (setup.py): started
2022-12-27T11:24:47.1312610Z   Running command python setup.py egg_info
2022-12-27T11:24:47.8111770Z   Building with Cython 0.29.32.
2022-12-27T11:24:47.8116300Z   Building lxml version 2.0.beta2.
2022-12-27T11:24:47.8121420Z   running egg_info
2022-12-27T11:24:47.8127050Z   creating /private/var/folders/51/hd414ycd67n82196sw51xqtc0000gn/T/pip-pip-egg-info-y46ulg4k/lxml.egg-info
2022-12-27T11:24:47.8132630Z   writing /private/var/folders/51/hd414ycd67n82196sw51xqtc0000gn/T/pip-pip-egg-info-y46ulg4k/lxml.egg-info/PKG-INFO
2022-12-27T11:24:47.8138790Z   writing dependency_links to /private/var/folders/51/hd414ycd67n82196sw51xqtc0000gn/T/pip-pip-egg-info-y46ulg4k/lxml.egg-info/dependency_links.txt
2022-12-27T11:24:47.8140870Z   writing top-level names to /private/var/folders/51/hd414ycd67n82196sw51xqtc0000gn/T/pip-pip-egg-info-y46ulg4k/lxml.egg-info/top_level.txt
2022-12-27T11:24:47.8145180Z   writing manifest file '/private/var/folders/51/hd414ycd67n82196sw51xqtc0000gn/T/pip-pip-egg-info-y46ulg4k/lxml.egg-info/SOURCES.txt'
2022-12-27T11:24:47.8228540Z   reading manifest file '/private/var/folders/51/hd414ycd67n82196sw51xqtc0000gn/T/pip-pip-egg-info-y46ulg4k/lxml.egg-info/SOURCES.txt'
2022-12-27T11:24:47.8234460Z   reading manifest template 'MANIFEST.in'
2022-12-27T11:24:47.9825390Z   /private/var/folders/51/hd414ycd67n82196sw51xqtc0000gn/T/cibw-run-uf3g4x4e/cp38-macosx_arm64/build/venv/lib/python3.8/site-packages/setuptools/dist.py:529: UserWarning: Normalizing '2.0beta2' to '2.0b2'
2022-12-27T11:24:47.9827800Z     warnings.warn(tmpl.format(**locals()))
2022-12-27T11:24:47.9833940Z   warning: no previously-included files found matching 'doc/pyrex.txt'
2022-12-27T11:24:47.9839630Z   warning: no previously-included files found matching 'src/lxml/etree.pxi'
2022-12-27T11:24:47.9843710Z   adding license file 'LICENSES.txt'
2022-12-27T11:24:47.9939080Z   writing manifest file '/private/var/folders/51/hd414ycd67n82196sw51xqtc0000gn/T/pip-pip-egg-info-y46ulg4k/lxml.egg-info/SOURCES.txt'
2022-12-27T11:24:48.0473120Z   Preparing metadata (setup.py): finished with status 'done'
2022-12-27T11:24:48.0517090Z   Source in /Users/runner/actions-runner/_work/python.build/python.build/build_lxml20beta238/lxml-2.0beta2 has version 2.0b2, which satisfies requirement lxml==2.0b2 from file:///Users/runner/actions-runner/_work/python.build/python.build/build_lxml20beta238/lxml-2.0beta2
2022-12-27T11:24:48.0519820Z   Removed lxml==2.0b2 from file:///Users/runner/actions-runner/_work/python.build/python.build/build_lxml20beta238/lxml-2.0beta2 from build tracker '/private/var/folders/51/hd414ycd67n82196sw51xqtc0000gn/T/pip-build-tracker-zqfbrqzj'
2022-12-27T11:24:48.0765610Z Created temporary directory: /private/var/folders/51/hd414ycd67n82196sw51xqtc0000gn/T/pip-unpack-b5e4r7h4
2022-12-27T11:24:48.0767140Z Building wheels for collected packages: lxml
2022-12-27T11:24:48.0777460Z   Created temporary directory: /private/var/folders/51/hd414ycd67n82196sw51xqtc0000gn/T/pip-wheel-qyk6hcmi
2022-12-27T11:24:48.0779690Z   Building wheel for lxml (setup.py): started
2022-12-27T11:24:48.0783220Z   Destination directory: /private/var/folders/51/hd414ycd67n82196sw51xqtc0000gn/T/pip-wheel-qyk6hcmi
2022-12-27T11:24:48.0785060Z   Running command python setup.py bdist_wheel
2022-12-27T11:24:48.5375470Z   Building with Cython 0.29.32.
2022-12-27T11:24:48.5376670Z   Building lxml version 2.0.beta2.
2022-12-27T11:24:48.7536730Z   /private/var/folders/51/hd414ycd67n82196sw51xqtc0000gn/T/cibw-run-uf3g4x4e/cp38-macosx_arm64/build/venv/lib/python3.8/site-packages/setuptools/dist.py:529: UserWarning: Normalizing '2.0beta2' to '2.0b2'
2022-12-27T11:24:48.7537910Z     warnings.warn(tmpl.format(**locals()))
2022-12-27T11:24:48.7777250Z   running bdist_wheel
2022-12-27T11:24:48.7849420Z   running build
2022-12-27T11:24:48.7854670Z   running build_py
2022-12-27T11:24:48.7886890Z   creating build
2022-12-27T11:24:48.7889490Z   creating build/lib.macosx-11.0-arm64-cpython-38
2022-12-27T11:24:48.7891740Z   creating build/lib.macosx-11.0-arm64-cpython-38/lxml
2022-12-27T11:24:48.7895330Z   copying src/lxml/_elementpath.py -> build/lib.macosx-11.0-arm64-cpython-38/lxml
2022-12-27T11:24:48.7897890Z   copying src/lxml/sax.py -> build/lib.macosx-11.0-arm64-cpython-38/lxml
2022-12-27T11:24:48.7908510Z   copying src/lxml/__init__.py -> build/lib.macosx-11.0-arm64-cpython-38/lxml
2022-12-27T11:24:48.7914170Z   copying src/lxml/builder.py -> build/lib.macosx-11.0-arm64-cpython-38/lxml
2022-12-27T11:24:48.7918710Z   copying src/lxml/doctestcompare.py -> build/lib.macosx-11.0-arm64-cpython-38/lxml
2022-12-27T11:24:48.7921980Z   copying src/lxml/usedoctest.py -> build/lib.macosx-11.0-arm64-cpython-38/lxml
2022-12-27T11:24:48.7923970Z   copying src/lxml/cssselect.py -> build/lib.macosx-11.0-arm64-cpython-38/lxml
2022-12-27T11:24:48.7927440Z   copying src/lxml/htmlbuilder.py -> build/lib.macosx-11.0-arm64-cpython-38/lxml
2022-12-27T11:24:48.7929870Z   copying src/lxml/ElementInclude.py -> build/lib.macosx-11.0-arm64-cpython-38/lxml
2022-12-27T11:24:48.7939160Z   creating build/lib.macosx-11.0-arm64-cpython-38/lxml/html
2022-12-27T11:24:48.7941970Z   copying src/lxml/html/defs.py -> build/lib.macosx-11.0-arm64-cpython-38/lxml/html
2022-12-27T11:24:48.7949940Z   copying src/lxml/html/setmixin.py -> build/lib.macosx-11.0-arm64-cpython-38/lxml/html
2022-12-27T11:24:48.7952610Z   copying src/lxml/html/clean.py -> build/lib.macosx-11.0-arm64-cpython-38/lxml/html
2022-12-27T11:24:48.7955890Z   copying src/lxml/html/_diffcommand.py -> build/lib.macosx-11.0-arm64-cpython-38/lxml/html
2022-12-27T11:24:48.7958920Z   copying src/lxml/html/__init__.py -> build/lib.macosx-11.0-arm64-cpython-38/lxml/html
2022-12-27T11:24:48.7964920Z   copying src/lxml/html/formfill.py -> build/lib.macosx-11.0-arm64-cpython-38/lxml/html
2022-12-27T11:24:48.7968560Z   copying src/lxml/html/builder.py -> build/lib.macosx-11.0-arm64-cpython-38/lxml/html
2022-12-27T11:24:48.7974200Z   copying src/lxml/html/ElementSoup.py -> build/lib.macosx-11.0-arm64-cpython-38/lxml/html
2022-12-27T11:24:48.7977170Z   copying src/lxml/html/usedoctest.py -> build/lib.macosx-11.0-arm64-cpython-38/lxml/html
2022-12-27T11:24:48.7982530Z   copying src/lxml/html/diff.py -> build/lib.macosx-11.0-arm64-cpython-38/lxml/html
2022-12-27T11:24:48.8001140Z   running build_ext
2022-12-27T11:24:48.8796310Z   skipping 'src/lxml/lxml.etree.c' Cython extension (up-to-date)
2022-12-27T11:24:48.8798160Z   skipping 'src/lxml/lxml.objectify.c' Cython extension (up-to-date)
2022-12-27T11:24:48.8802910Z   skipping 'src/lxml/lxml.pyclasslookup.c' Cython extension (up-to-date)
2022-12-27T11:24:48.8806710Z   building 'lxml.etree' extension
2022-12-27T11:24:48.8809120Z   creating build/temp.macosx-11.0-arm64-cpython-38
2022-12-27T11:24:48.8811410Z   creating build/temp.macosx-11.0-arm64-cpython-38/src
2022-12-27T11:24:48.8939100Z   creating build/temp.macosx-11.0-arm64-cpython-38/src/lxml
2022-12-27T11:24:48.8941820Z   gcc -Wno-unused-result -Wsign-compare -Wunreachable-code -fno-common -dynamic -DNDEBUG -g -fwrapv -O3 -Wall -g -I/usr/local/opt/openssl@3/include -I/usr/local/opt/openssl@3/include -arch arm64 -I/private/var/folders/51/hd414ycd67n82196sw51xqtc0000gn/T/cibw-run-uf3g4x4e/cp38-macosx_arm64/build/venv/include -I/Library/Frameworks/Python.framework/Versions/3.8/include/python3.8 -c src/lxml/lxml.etree.c -o build/temp.macosx-11.0-arm64-cpython-38/src/lxml/lxml.etree.o -w b'-I/Library/Developer/CommandLineTools/SDKs/MacOSX12.1.sdk/usr/include\n'
2022-12-27T11:24:48.9303820Z   clang: error: no such file or directory: 'b'-I/Library/Developer/CommandLineTools/SDKs/MacOSX12.1.sdk/usr/include\n''
2022-12-27T11:24:48.9355030Z   error: command '/usr/bin/gcc' failed with exit code 1
2022-12-27T11:24:49.0165610Z   error: subprocess-exited-with-error
2022-12-27T11:24:49.0166290Z   
2022-12-27T11:24:49.0167140Z   Ã— python setup.py bdist_wheel did not run successfully.
2022-12-27T11:24:49.0167990Z   â”‚ exit code: 1
2022-12-27T11:24:49.0168660Z   â•°â”€> See above for output.
2022-12-27T11:24:49.0169160Z   
2022-12-27T11:24:49.0169680Z   note: This error originates from a subprocess, and is likely not a problem with pip.
2022-12-27T11:24:49.0182950Z   full command: /private/var/folders/51/hd414ycd67n82196sw51xqtc0000gn/T/cibw-run-uf3g4x4e/cp38-macosx_arm64/build/venv/bin/python -u -c '
2022-12-27T11:24:49.0183750Z   exec(compile('"'"''"'"''"'"'
2022-12-27T11:24:49.0184280Z   # This is <pip-setuptools-caller> -- a caller that pip uses to run setup.py
2022-12-27T11:24:49.0185510Z   #
2022-12-27T11:24:49.0185970Z   # - It imports setuptools before invoking setup.py, to enable projects that directly
2022-12-27T11:24:49.0186500Z   #   import from `distutils.core` to work with newer packaging standards.
2022-12-27T11:24:49.0187070Z   # - It provides a clear error message when setuptools is not installed.
2022-12-27T11:24:49.0187650Z   # - It sets `sys.argv[0]` to the underlying `setup.py`, when invoking `setup.py` so
2022-12-27T11:24:49.0188170Z   #   setuptools doesn'"'"'t think the script is `-c`. This avoids the following warning:
2022-12-27T11:24:49.0189360Z   #     manifest_maker: standard file '"'"'-c'"'"' not found".
2022-12-27T11:24:49.0189950Z   # - It generates a shim setup.py, for handling setup.cfg-only projects.
2022-12-27T11:24:49.0190350Z   import os, sys, tokenize
2022-12-27T11:24:49.0190630Z   
2022-12-27T11:24:49.0190930Z   try:
2022-12-27T11:24:49.0191250Z       import setuptools
2022-12-27T11:24:49.0191520Z   except ImportError as error:
2022-12-27T11:24:49.0191850Z       print(
2022-12-27T11:24:49.0192200Z           "ERROR: Can not execute `setup.py` since setuptools is not available in "
2022-12-27T11:24:49.0192520Z           "the build environment.",
2022-12-27T11:24:49.0192860Z           file=sys.stderr,
2022-12-27T11:24:49.0193170Z       )
2022-12-27T11:24:49.0193390Z       sys.exit(1)
2022-12-27T11:24:49.0193610Z   
2022-12-27T11:24:49.0194490Z   __file__ = %r
2022-12-27T11:24:49.0194740Z   sys.argv[0] = __file__
2022-12-27T11:24:49.0195040Z   
2022-12-27T11:24:49.0195360Z   if os.path.exists(__file__):
2022-12-27T11:24:49.0195640Z       filename = __file__
2022-12-27T11:24:49.0196040Z       with tokenize.open(__file__) as f:
2022-12-27T11:24:49.0196410Z           setup_py_code = f.read()
2022-12-27T11:24:49.0196660Z   else:
2022-12-27T11:24:49.0197460Z       filename = "<auto-generated setuptools caller>"
2022-12-27T11:24:49.0197910Z       setup_py_code = "from setuptools import setup; setup()"
2022-12-27T11:24:49.0198190Z   
2022-12-27T11:24:49.0198530Z   exec(compile(setup_py_code, filename, "exec"))
2022-12-27T11:24:49.0199390Z   '"'"''"'"''"'"' % ('"'"'/Users/runner/actions-runner/_work/python.build/python.build/build_lxml20beta238/lxml-2.0beta2/setup.py'"'"',), "<pip-setuptools-caller>", "exec"))' bdist_wheel -d /private/var/folders/51/hd414ycd67n82196sw51xqtc0000gn/T/pip-wheel-qyk6hcmi
2022-12-27T11:24:49.0200210Z   cwd: /Users/runner/actions-runner/_work/python.build/python.build/build_lxml20beta238/lxml-2.0beta2/
2022-12-27T11:24:49.0200610Z   ERROR: Failed building wheel for lxml
2022-12-27T11:24:49.0201100Z   Building wheel for lxml (setup.py): finished with status 'error'
2022-12-27T11:24:49.0201490Z   Running setup.py clean for lxml
2022-12-27T11:24:49.0204610Z   Running command python setup.py clean
2022-12-27T11:24:49.4757450Z   Building with Cython 0.29.32.
2022-12-27T11:24:49.4762650Z   Building lxml version 2.0.beta2.
2022-12-27T11:24:49.6941820Z   /private/var/folders/51/hd414ycd67n82196sw51xqtc0000gn/T/cibw-run-uf3g4x4e/cp38-macosx_arm64/build/venv/lib/python3.8/site-packages/setuptools/dist.py:529: UserWarning: Normalizing '2.0beta2' to '2.0b2'
2022-12-27T11:24:49.6944010Z     warnings.warn(tmpl.format(**locals()))
2022-12-27T11:24:49.7013540Z   running clean
2022-12-27T11:24:49.7061220Z   removing 'build/temp.macosx-11.0-arm64-cpython-38' (and everything under it)
2022-12-27T11:24:49.7066030Z   removing 'build/lib.macosx-11.0-arm64-cpython-38' (and everything under it)
2022-12-27T11:24:49.7097370Z   'build/bdist.macosx-11.0-arm64' does not exist -- can't clean it
2022-12-27T11:24:49.7097950Z   'build/scripts-3.8' does not exist -- can't clean it
2022-12-27T11:24:49.7101410Z   removing 'build'
2022-12-27T11:24:49.7660860Z Failed to build lxml
2022-12-27T11:24:49.7678680Z ERROR: Failed to build one or more wheels
2022-12-27T11:24:49.7704710Z Exception information:
2022-12-27T11:24:49.7706130Z Traceback (most recent call last):
2022-12-27T11:24:49.7722900Z   File "/private/var/folders/51/hd414ycd67n82196sw51xqtc0000gn/T/cibw-run-uf3g4x4e/cp38-macosx_arm64/build/venv/lib/python3.8/site-packages/pip/_internal/cli/base_command.py", line 160, in exc_logging_wrapper
2022-12-27T11:24:49.7724810Z     status = run_func(*args)
2022-12-27T11:24:49.7725820Z   File "/private/var/folders/51/hd414ycd67n82196sw51xqtc0000gn/T/cibw-run-uf3g4x4e/cp38-macosx_arm64/build/venv/lib/python3.8/site-packages/pip/_internal/cli/req_command.py", line 247, in wrapper
2022-12-27T11:24:49.7726410Z     return func(self, options, args)
2022-12-27T11:24:49.7727120Z   File "/private/var/folders/51/hd414ycd67n82196sw51xqtc0000gn/T/cibw-run-uf3g4x4e/cp38-macosx_arm64/build/venv/lib/python3.8/site-packages/pip/_internal/commands/wheel.py", line 201, in run
2022-12-27T11:24:49.7727580Z     raise CommandError("Failed to build one or more wheels")
2022-12-27T11:24:49.7727950Z pip._internal.exceptions.CommandError: Failed to build one or more wheels
2022-12-27T11:24:49.7728860Z Removed build tracker: '/private/var/folders/51/hd414ycd67n82196sw51xqtc0000gn/T/pip-build-tracker-zqfbrqzj'
2022-12-27T11:24:49.8698920Z ##[endgroup]
2022-12-27T11:24:49.8699830Z                                                               [31mâœ• [0m3.25s
2022-12-27T11:24:49.9390560Z ##[error]Command ['python', '-m', 'pip', 'wheel', '/Users/runner/actions-runner/_work/python.build/python.build/build_lxml20beta238/lxml-2.0beta2', '--wheel-dir=/private/var/folders/51/hd414ycd67n82196sw51xqtc0000gn/T/cibw-run-uf3g4x4e/cp38-macosx_arm64/built_wheel', '--no-deps', '-vvv'] failed with code 1. None
2022-12-27T11:24:49.9399880Z 
2022-12-27T11:24:49.9619920Z ##[error]Process completed with exit code 1.
2022-12-27T11:24:49.9677030Z ##[group]Run rm -rf build_lxml20beta238 wheelsout
2022-12-27T11:24:49.9677490Z [36;1mrm -rf build_lxml20beta238 wheelsout[0m
2022-12-27T11:24:49.9705730Z shell: /bin/bash -e {0}
2022-12-27T11:24:49.9706030Z env:
2022-12-27T11:24:49.9706410Z   pythonLocation: /Users/runner/hostedtoolcache/Python/3.8.15/x64
2022-12-27T11:24:49.9706770Z   PKG_CONFIG_PATH: /Users/runner/hostedtoolcache/Python/3.8.15/x64/lib/pkgconfig
2022-12-27T11:24:49.9707210Z   Python_ROOT_DIR: /Users/runner/hostedtoolcache/Python/3.8.15/x64
2022-12-27T11:24:49.9707620Z   Python2_ROOT_DIR: /Users/runner/hostedtoolcache/Python/3.8.15/x64
2022-12-27T11:24:49.9707940Z   Python3_ROOT_DIR: /Users/runner/hostedtoolcache/Python/3.8.15/x64
2022-12-27T11:24:49.9708160Z ##[endgroup]
2022-12-27T11:24:50.0688870Z Cleaning up orphan processes
