2022-12-27T01:57:08.1195206Z Requested labels: self-hosted, macOS, X64
2022-12-27T01:57:08.1195289Z Job defined at: kilnbuild/python.build/.github/workflows/mac_arm_build.yml@refs/heads/main
2022-12-27T01:57:08.1195317Z Waiting for a runner to pick up this job...
2022-12-27T02:53:54.7311619Z Job is about to start running on the runner: s1 (organization)
2022-12-27T02:53:58.8187050Z Current runner version: '2.300.2'
2022-12-27T02:53:58.8192110Z Runner name: 's1'
2022-12-27T02:53:58.8192370Z Runner group name: 'Default'
2022-12-27T02:53:58.8192830Z Machine name: 's1'
2022-12-27T02:53:58.8194400Z ##[group]GITHUB_TOKEN Permissions
2022-12-27T02:53:58.8194900Z Actions: write
2022-12-27T02:53:58.8195040Z Checks: write
2022-12-27T02:53:58.8195180Z Contents: write
2022-12-27T02:53:58.8195320Z Deployments: write
2022-12-27T02:53:58.8195460Z Discussions: write
2022-12-27T02:53:58.8195610Z Issues: write
2022-12-27T02:53:58.8195750Z Metadata: read
2022-12-27T02:53:58.8195880Z Packages: write
2022-12-27T02:53:58.8196020Z Pages: write
2022-12-27T02:53:58.8196170Z PullRequests: write
2022-12-27T02:53:58.8196340Z RepositoryProjects: write
2022-12-27T02:53:58.8196510Z SecurityEvents: write
2022-12-27T02:53:58.8196650Z Statuses: write
2022-12-27T02:53:58.8196790Z ##[endgroup]
2022-12-27T02:53:58.8199520Z Secret source: Actions
2022-12-27T02:53:58.8199870Z Prepare workflow directory
2022-12-27T02:53:58.8873880Z Prepare all required actions
2022-12-27T02:53:58.8997720Z Getting action download info
2022-12-27T02:53:59.3571420Z Download action repository 'actions/setup-python@v4' (SHA:5ccb29d8773c3f3f653e1705f474dfaa8a06a912)
2022-12-27T02:54:01.2169700Z Download action repository 'actions/upload-artifact@v3' (SHA:83fd05a356d7e2593de66fc9913b3002723633cb)
2022-12-27T02:54:03.4968100Z ##[group]Run echo '{
2022-12-27T02:54:03.4968390Z [36;1mecho '{[0m
2022-12-27T02:54:03.4968600Z [36;1m  "environment_variables": "GRPC_PYTHON_BUILD_WITH_CYTHON=1 GRPC_BUILD_WITH_BORING_SSL_ASM='' GRPC_PYTHON_BUILD_SYSTEM_OPENSSL=TRUE",[0m
2022-12-27T02:54:03.4968800Z [36;1m  "package_name": "grpcio",[0m
2022-12-27T02:54:03.4969110Z [36;1m  "package_url": "https://files.pythonhosted.org/packages/76/13/2401628b905a1a5cad43f862f9787127d19cfc815462a87d993c225196cd/grpcio-0.4.0a8.tar.gz",[0m
2022-12-27T02:54:03.4969320Z [36;1m  "package_version": "0.4.0a8",[0m
2022-12-27T02:54:03.4969450Z [36;1m  "python_version": "3.9",[0m
2022-12-27T02:54:03.4969630Z [36;1m  "use_ccache": "true"[0m
2022-12-27T02:54:03.4969790Z [36;1m}'[0m
2022-12-27T02:54:03.4985440Z shell: /bin/bash -e {0}
2022-12-27T02:54:03.4985590Z ##[endgroup]
2022-12-27T02:54:03.5205080Z {
2022-12-27T02:54:03.5206530Z   "environment_variables": "GRPC_PYTHON_BUILD_WITH_CYTHON=1 GRPC_BUILD_WITH_BORING_SSL_ASM= GRPC_PYTHON_BUILD_SYSTEM_OPENSSL=TRUE",
2022-12-27T02:54:03.5206870Z   "package_name": "grpcio",
2022-12-27T02:54:03.5207590Z   "package_url": "https://files.pythonhosted.org/packages/76/13/2401628b905a1a5cad43f862f9787127d19cfc815462a87d993c225196cd/grpcio-0.4.0a8.tar.gz",
2022-12-27T02:54:03.5207880Z   "package_version": "0.4.0a8",
2022-12-27T02:54:03.5208030Z   "python_version": "3.9",
2022-12-27T02:54:03.5208220Z   "use_ccache": "true"
2022-12-27T02:54:03.5208430Z }
2022-12-27T02:54:03.5427940Z ##[group]Run actions/setup-python@v4
2022-12-27T02:54:03.5428210Z with:
2022-12-27T02:54:03.5428370Z   python-version: 3.9
2022-12-27T02:54:03.5428570Z   check-latest: false
2022-12-27T02:54:03.5428990Z   token: ***
2022-12-27T02:54:03.5429190Z   update-environment: true
2022-12-27T02:54:03.5429350Z ##[endgroup]
2022-12-27T02:54:03.6688670Z ##[group]Installed versions
2022-12-27T02:54:03.6732640Z Successfully set up CPython (3.9.16)
2022-12-27T02:54:03.6733260Z ##[endgroup]
2022-12-27T02:54:03.6885550Z ##[group]Run if [ "true" == "true" ]
2022-12-27T02:54:03.6885820Z [36;1mif [ "true" == "true" ][0m
2022-12-27T02:54:03.6886070Z [36;1mthen[0m
2022-12-27T02:54:03.6886290Z [36;1m  echo "CCACHE_PATH_PREPEND=/usr/local/opt/ccache/libexec" >> $GITHUB_OUTPUT[0m
2022-12-27T02:54:03.6886470Z [36;1melse[0m
2022-12-27T02:54:03.6886670Z [36;1m  echo "CCACHE_PATH_PREPEND=" >> $GITHUB_OUTPUT[0m
2022-12-27T02:54:03.6886890Z [36;1mfi[0m
2022-12-27T02:54:03.6903640Z shell: /bin/bash -e {0}
2022-12-27T02:54:03.6903830Z env:
2022-12-27T02:54:03.6904050Z   pythonLocation: /Users/runner/hostedtoolcache/Python/3.9.16/x64
2022-12-27T02:54:03.6904390Z   PKG_CONFIG_PATH: /Users/runner/hostedtoolcache/Python/3.9.16/x64/lib/pkgconfig
2022-12-27T02:54:03.6905090Z   Python_ROOT_DIR: /Users/runner/hostedtoolcache/Python/3.9.16/x64
2022-12-27T02:54:03.6905340Z   Python2_ROOT_DIR: /Users/runner/hostedtoolcache/Python/3.9.16/x64
2022-12-27T02:54:03.6905630Z   Python3_ROOT_DIR: /Users/runner/hostedtoolcache/Python/3.9.16/x64
2022-12-27T02:54:03.6905850Z ##[endgroup]
2022-12-27T02:54:03.7013290Z ##[group]Run echo "BUILD_NAME=$(echo grpcio_0.4.0a8_3.9 | tr -dc '[:alnum:]\n\r' | tr '[:upper:]' '[:lower:]')" >> $GITHUB_OUTPUT
2022-12-27T02:54:03.7013800Z [36;1mecho "BUILD_NAME=$(echo grpcio_0.4.0a8_3.9 | tr -dc '[:alnum:]\n\r' | tr '[:upper:]' '[:lower:]')" >> $GITHUB_OUTPUT[0m
2022-12-27T02:54:03.7027820Z shell: /bin/bash -e {0}
2022-12-27T02:54:03.7027990Z env:
2022-12-27T02:54:03.7028220Z   pythonLocation: /Users/runner/hostedtoolcache/Python/3.9.16/x64
2022-12-27T02:54:03.7028590Z   PKG_CONFIG_PATH: /Users/runner/hostedtoolcache/Python/3.9.16/x64/lib/pkgconfig
2022-12-27T02:54:03.7028860Z   Python_ROOT_DIR: /Users/runner/hostedtoolcache/Python/3.9.16/x64
2022-12-27T02:54:03.7029180Z   Python2_ROOT_DIR: /Users/runner/hostedtoolcache/Python/3.9.16/x64
2022-12-27T02:54:03.7029430Z   Python3_ROOT_DIR: /Users/runner/hostedtoolcache/Python/3.9.16/x64
2022-12-27T02:54:03.7029700Z ##[endgroup]
2022-12-27T02:54:03.7170950Z ##[group]Run echo "PYTHON_NO_DOTS=$(echo 3.9 | tr -dc '[:alnum:]\n\r' | tr '[:upper:]' '[:lower:]')" >> $GITHUB_OUTPUT
2022-12-27T02:54:03.7171350Z [36;1mecho "PYTHON_NO_DOTS=$(echo 3.9 | tr -dc '[:alnum:]\n\r' | tr '[:upper:]' '[:lower:]')" >> $GITHUB_OUTPUT[0m
2022-12-27T02:54:03.7185540Z shell: /bin/bash -e {0}
2022-12-27T02:54:03.7185710Z env:
2022-12-27T02:54:03.7185890Z   pythonLocation: /Users/runner/hostedtoolcache/Python/3.9.16/x64
2022-12-27T02:54:03.7186620Z   PKG_CONFIG_PATH: /Users/runner/hostedtoolcache/Python/3.9.16/x64/lib/pkgconfig
2022-12-27T02:54:03.7186890Z   Python_ROOT_DIR: /Users/runner/hostedtoolcache/Python/3.9.16/x64
2022-12-27T02:54:03.7187100Z   Python2_ROOT_DIR: /Users/runner/hostedtoolcache/Python/3.9.16/x64
2022-12-27T02:54:03.7187370Z   Python3_ROOT_DIR: /Users/runner/hostedtoolcache/Python/3.9.16/x64
2022-12-27T02:54:03.7187600Z ##[endgroup]
2022-12-27T02:54:03.7302720Z ##[group]Run rm -rf build_grpcio040a839
2022-12-27T02:54:03.7303040Z [36;1mrm -rf build_grpcio040a839[0m
2022-12-27T02:54:03.7303210Z [36;1mmkdir build_grpcio040a839[0m
2022-12-27T02:54:03.7303400Z [36;1mcd build_grpcio040a839[0m
2022-12-27T02:54:03.7303700Z [36;1m/usr/local/bin/wget --quiet https://files.pythonhosted.org/packages/76/13/2401628b905a1a5cad43f862f9787127d19cfc815462a87d993c225196cd/grpcio-0.4.0a8.tar.gz[0m
2022-12-27T02:54:03.7303980Z [36;1mtar xf *.tar.gz[0m
2022-12-27T02:54:03.7304160Z [36;1mcd grpcio-*/[0m
2022-12-27T02:54:03.7304360Z [36;1mpython -m pip install cibuildwheel==2.11.3[0m
2022-12-27T02:54:03.7304590Z [36;1mpython -m cibuildwheel --output-dir ../wheelsout[0m
2022-12-27T02:54:03.7318730Z shell: /bin/bash -e {0}
2022-12-27T02:54:03.7318920Z env:
2022-12-27T02:54:03.7319210Z   pythonLocation: /Users/runner/hostedtoolcache/Python/3.9.16/x64
2022-12-27T02:54:03.7319540Z   PKG_CONFIG_PATH: /Users/runner/hostedtoolcache/Python/3.9.16/x64/lib/pkgconfig
2022-12-27T02:54:03.7319770Z   Python_ROOT_DIR: /Users/runner/hostedtoolcache/Python/3.9.16/x64
2022-12-27T02:54:03.7320010Z   Python2_ROOT_DIR: /Users/runner/hostedtoolcache/Python/3.9.16/x64
2022-12-27T02:54:03.7320250Z   Python3_ROOT_DIR: /Users/runner/hostedtoolcache/Python/3.9.16/x64
2022-12-27T02:54:03.7320460Z   CIBW_ARCHS_MACOS: arm64
2022-12-27T02:54:03.7320630Z   CIBW_TEST_SKIP: *_arm64
2022-12-27T02:54:03.7320810Z   CIBW_BUILD: cp39-macosx_arm64
2022-12-27T02:54:03.7320990Z   CIBW_BUILD_FRONTEND: pip
2022-12-27T02:54:03.7321140Z   CIBW_BUILD_VERBOSITY: 3
2022-12-27T02:54:03.7321520Z   CIBW_ENVIRONMENT_MACOS: GRPC_PYTHON_BUILD_WITH_CYTHON=1 GRPC_BUILD_WITH_BORING_SSL_ASM='' GRPC_PYTHON_BUILD_SYSTEM_OPENSSL=TRUE CFLAGS="-I/usr/local/opt/openssl@3/include" LDFLAGS="-L/usr/local/opt/openssl@3/lib" CPPFLAGS="-I/usr/local/opt/openssl@3/include" MAKEFLAGS="-j$(sysctl -n hw.logicalcpu)" PATH=/usr/local/opt/ccache/libexec:$PATH
2022-12-27T02:54:03.7322190Z   CIBW_BEFORE_BUILD: pip install Cython; if [[ -f requirements.txt ]]; then pip install -r requirements.txt; fi
2022-12-27T02:54:03.7322440Z   MAKEFLAGS: -j$(sysctl -n hw.logicalcpu)
2022-12-27T02:54:03.7322590Z ##[endgroup]
2022-12-27T02:54:04.0676380Z Requirement already satisfied: cibuildwheel==2.11.3 in /Users/runner/hostedtoolcache/Python/3.9.16/x64/lib/python3.9/site-packages (2.11.3)
2022-12-27T02:54:04.0939310Z Requirement already satisfied: bashlex!=0.13 in /Users/runner/hostedtoolcache/Python/3.9.16/x64/lib/python3.9/site-packages (from cibuildwheel==2.11.3) (0.16)
2022-12-27T02:54:04.0949640Z Requirement already satisfied: typing-extensions>=4.1.0 in /Users/runner/hostedtoolcache/Python/3.9.16/x64/lib/python3.9/site-packages (from cibuildwheel==2.11.3) (4.4.0)
2022-12-27T02:54:04.0953720Z Requirement already satisfied: certifi in /Users/runner/hostedtoolcache/Python/3.9.16/x64/lib/python3.9/site-packages (from cibuildwheel==2.11.3) (2022.12.7)
2022-12-27T02:54:04.0957440Z Requirement already satisfied: filelock in /Users/runner/hostedtoolcache/Python/3.9.16/x64/lib/python3.9/site-packages (from cibuildwheel==2.11.3) (3.8.2)
2022-12-27T02:54:04.0961150Z Requirement already satisfied: bracex in /Users/runner/hostedtoolcache/Python/3.9.16/x64/lib/python3.9/site-packages (from cibuildwheel==2.11.3) (2.3.post1)
2022-12-27T02:54:04.0964650Z Requirement already satisfied: platformdirs in /Users/runner/hostedtoolcache/Python/3.9.16/x64/lib/python3.9/site-packages (from cibuildwheel==2.11.3) (2.6.0)
2022-12-27T02:54:04.0970250Z Requirement already satisfied: packaging>=20.9 in /Users/runner/hostedtoolcache/Python/3.9.16/x64/lib/python3.9/site-packages (from cibuildwheel==2.11.3) (22.0)
2022-12-27T02:54:04.0976770Z Requirement already satisfied: tomli in /Users/runner/hostedtoolcache/Python/3.9.16/x64/lib/python3.9/site-packages (from cibuildwheel==2.11.3) (2.0.1)
2022-12-27T02:54:04.2660830Z 
2022-12-27T02:54:04.2661150Z      _ _       _ _   _       _           _
2022-12-27T02:54:04.2661510Z  ___|_| |_ _ _|_| |_| |_ _ _| |_ ___ ___| |
2022-12-27T02:54:04.2662790Z |  _| | . | | | | | . | | | |   | -_| -_| |
2022-12-27T02:54:04.2663150Z |___|_|___|___|_|_|___|_____|_|_|___|___|_|
2022-12-27T02:54:04.2663460Z 
2022-12-27T02:54:04.2663630Z cibuildwheel version 2.11.3
2022-12-27T02:54:04.2663820Z 
2022-12-27T02:54:04.2663960Z Build options:
2022-12-27T02:54:04.2664200Z   platform: macos
2022-12-27T02:54:04.2714070Z   architectures: arm64[0m
2022-12-27T02:54:04.2714750Z   build_selector: 
2022-12-27T02:54:04.2715230Z     build_config: cp39-macosx_arm64
2022-12-27T02:54:04.2715510Z     skip_config: 
2022-12-27T02:54:04.2715910Z     requires_python: None
2022-12-27T02:54:04.2716580Z     prerelease_pythons: False[0m
2022-12-27T02:54:04.2717220Z   [38;5;244mcontainer_engine: docker[0m
2022-12-27T02:54:04.2718010Z   output_dir: /Users/runner/actions-runner/_work/python.build/python.build/build_grpcio040a839/wheelsout[0m
2022-12-27T02:54:04.2718930Z   package_dir: /Users/runner/actions-runner/_work/python.build/python.build/build_grpcio040a839/grpcio-0.4.0a8[0m
2022-12-27T02:54:04.2719340Z   test_selector: 
2022-12-27T02:54:04.2719740Z     skip_config: *_arm64[0m
2022-12-27T02:54:04.2721630Z   [38;5;244mbefore_all: [0m
2022-12-27T02:54:04.2722290Z   before_build: pip install Cython; if [[ -f requirements.txt ]]; then pip install -r requirements.txt; fi[0m
2022-12-27T02:54:04.2722910Z   [38;5;244mbefore_test: [0m
2022-12-27T02:54:04.2723510Z   [38;5;244mbuild_frontend: pip[0m
2022-12-27T02:54:04.2723970Z   build_verbosity: 3[0m
2022-12-27T02:54:04.2724370Z   [38;5;244mconfig_settings: [0m
2022-12-27T02:54:04.2724810Z   [38;5;244mdependency_constraints: pinned[0m
2022-12-27T02:54:04.2725100Z   environment: 
2022-12-27T02:54:04.2725610Z     GRPC_PYTHON_BUILD_WITH_CYTHON=1
2022-12-27T02:54:04.2726030Z     GRPC_BUILD_WITH_BORING_SSL_ASM=''
2022-12-27T02:54:04.2726340Z     GRPC_PYTHON_BUILD_SYSTEM_OPENSSL=TRUE
2022-12-27T02:54:04.2727190Z     CFLAGS="-I/usr/local/opt/openssl@3/include"
2022-12-27T02:54:04.2727680Z     LDFLAGS="-L/usr/local/opt/openssl@3/lib"
2022-12-27T02:54:04.2728360Z     CPPFLAGS="-I/usr/local/opt/openssl@3/include"
2022-12-27T02:54:04.2728790Z     MAKEFLAGS="-j$(sysctl -n hw.logicalcpu)"
2022-12-27T02:54:04.2729290Z     PATH=/usr/local/opt/ccache/libexec:$PATH[0m
2022-12-27T02:54:04.2729750Z   [38;5;244mmanylinux_images: None[0m
2022-12-27T02:54:04.2730160Z   [38;5;244mmusllinux_images: None[0m
2022-12-27T02:54:04.2730930Z   [38;5;244mrepair_command: delocate-wheel --require-archs {delocate_archs} -w {dest_dir} -v {wheel}[0m
2022-12-27T02:54:04.2731450Z   [38;5;244mtest_command: [0m
2022-12-27T02:54:04.2731810Z   [38;5;244mtest_extras: [0m
2022-12-27T02:54:04.2732230Z   [38;5;244mtest_requires: [0m
2022-12-27T02:54:04.2732420Z 
2022-12-27T02:54:04.2732790Z Cache folder: /Users/runner/Library/Caches/cibuildwheel
2022-12-27T02:54:04.2745490Z 
2022-12-27T02:54:04.2745770Z Here we go!
2022-12-27T02:54:04.2745930Z 
2022-12-27T02:54:04.2818960Z 
2022-12-27T02:54:04.2819550Z [1m[34mBuilding cp39-macosx_arm64 wheel[0m
2022-12-27T02:54:04.2820190Z CPython 3.9 macOS arm64 - Apple Silicon
2022-12-27T02:54:04.2820410Z 
2022-12-27T02:54:04.2823380Z ##[group]Installing Python cp39...
2022-12-27T02:54:04.2823620Z 
2022-12-27T02:54:04.2823860Z + pkgutil --pkgs
2022-12-27T02:54:04.2950360Z ##[endgroup]
2022-12-27T02:54:04.2952300Z                                                               [32mâœ“ [0m0.01s
2022-12-27T02:54:04.2952870Z ##[group]Setting up build environment...
2022-12-27T02:54:04.2953070Z 
2022-12-27T02:54:04.2972120Z + /Users/runner/hostedtoolcache/Python/3.9.16/x64/bin/python -sS /Users/runner/Library/Caches/cibuildwheel/virtualenv-20.17.0.pyz --activators= --no-periodic-update --pip=22.3.1 --setuptools=65.6.3 --wheel=0.38.4 --symlink-app-data --python /Library/Frameworks/Python.framework/Versions/3.9/bin/python3 /private/var/folders/51/hd414ycd67n82196sw51xqtc0000gn/T/cibw-run-t6hn4af2/cp39-macosx_arm64/build/venv
2022-12-27T02:54:04.4902880Z created virtual environment CPython3.9.13.final.0-64 in 49ms
2022-12-27T02:54:04.4903860Z   creator CPython3Posix(dest=/private/var/folders/51/hd414ycd67n82196sw51xqtc0000gn/T/cibw-run-t6hn4af2/cp39-macosx_arm64/build/venv, clear=False, no_vcs_ignore=False, global=False)
2022-12-27T02:54:04.4904320Z   seeder FromAppData(download=False, pip=22.3.1, setuptools=65.6.3, wheel=0.38.4, via=symlink, app_data_dir=/Users/runner/Library/Application Support/virtualenv)
2022-12-27T02:54:04.4904640Z     added seed packages: pip==22.3.1, setuptools==65.6.3, wheel==0.38.4
2022-12-27T02:54:04.5002150Z + python -m pip install --upgrade pip -c /Users/runner/hostedtoolcache/Python/3.9.16/x64/lib/python3.9/site-packages/cibuildwheel/resources/constraints-python39.txt
2022-12-27T02:54:04.8222010Z Requirement already satisfied: pip in ./lib/python3.9/site-packages (22.3.1)
2022-12-27T02:54:04.9658940Z + which pip
2022-12-27T02:54:04.9683100Z /private/var/folders/51/hd414ycd67n82196sw51xqtc0000gn/T/cibw-run-t6hn4af2/cp39-macosx_arm64/build/venv/bin/pip
2022-12-27T02:54:04.9686500Z + pip --version
2022-12-27T02:54:05.2058110Z pip 22.3.1 from /private/var/folders/51/hd414ycd67n82196sw51xqtc0000gn/T/cibw-run-t6hn4af2/cp39-macosx_arm64/build/venv/lib/python3.9/site-packages/pip (python 3.9)
2022-12-27T02:54:05.2264500Z + which pip
2022-12-27T02:54:05.2292480Z + which python
2022-12-27T02:54:05.2311520Z /private/var/folders/51/hd414ycd67n82196sw51xqtc0000gn/T/cibw-run-t6hn4af2/cp39-macosx_arm64/build/venv/bin/python
2022-12-27T02:54:05.2313770Z + python --version
2022-12-27T02:54:05.2363940Z Python 3.9.13
2022-12-27T02:54:05.2367060Z + which python
2022-12-27T02:54:05.2419930Z ##[endgroup]
2022-12-27T02:54:05.2420520Z                                                               [32mâœ“ [0m0.95s
2022-12-27T02:54:05.2421270Z ##[group]Installing build tools...
2022-12-27T02:54:05.2421420Z 
2022-12-27T02:54:05.2421850Z + pip install --upgrade setuptools wheel delocate -c /Users/runner/hostedtoolcache/Python/3.9.16/x64/lib/python3.9/site-packages/cibuildwheel/resources/constraints-python39.txt
2022-12-27T02:54:05.5494500Z Requirement already satisfied: setuptools in /private/var/folders/51/hd414ycd67n82196sw51xqtc0000gn/T/cibw-run-t6hn4af2/cp39-macosx_arm64/build/venv/lib/python3.9/site-packages (65.6.3)
2022-12-27T02:54:05.7906480Z Requirement already satisfied: wheel in /private/var/folders/51/hd414ycd67n82196sw51xqtc0000gn/T/cibw-run-t6hn4af2/cp39-macosx_arm64/build/venv/lib/python3.9/site-packages (0.38.4)
2022-12-27T02:54:05.8484670Z Collecting delocate
2022-12-27T02:54:05.8510840Z   Using cached delocate-0.10.3-py3-none-any.whl (142 kB)
2022-12-27T02:54:05.8755450Z Collecting typing-extensions
2022-12-27T02:54:05.8777010Z   Using cached typing_extensions-4.4.0-py3-none-any.whl (26 kB)
2022-12-27T02:54:05.9046960Z Collecting packaging>=20.9
2022-12-27T02:54:05.9069470Z   Using cached packaging-21.3-py3-none-any.whl (40 kB)
2022-12-27T02:54:05.9464470Z Collecting pyparsing!=3.0.5,>=2.0.2
2022-12-27T02:54:05.9486640Z   Using cached pyparsing-3.0.9-py3-none-any.whl (98 kB)
2022-12-27T02:54:05.9878680Z Installing collected packages: typing-extensions, pyparsing, packaging, delocate
2022-12-27T02:54:06.1444130Z Successfully installed delocate-0.10.3 packaging-21.3 pyparsing-3.0.9 typing-extensions-4.4.0
2022-12-27T02:54:06.1873410Z ##[endgroup]
2022-12-27T02:54:06.1874350Z                                                               [32mâœ“ [0m0.95s
2022-12-27T02:54:06.1874850Z ##[group]Running before_build...
2022-12-27T02:54:06.1875030Z 
2022-12-27T02:54:06.1881050Z + pip install Cython; if [[ -f requirements.txt ]]; then pip install -r requirements.txt; fi
2022-12-27T02:54:06.9145300Z Collecting Cython
2022-12-27T02:54:06.9191670Z   Using cached Cython-0.29.32-py2.py3-none-any.whl (986 kB)
2022-12-27T02:54:06.9648280Z Installing collected packages: Cython
2022-12-27T02:54:07.4655560Z Successfully installed Cython-0.29.32
2022-12-27T02:54:07.5075260Z ##[endgroup]
2022-12-27T02:54:07.5076190Z                                                               [32mâœ“ [0m1.32s
2022-12-27T02:54:07.5076810Z ##[group]Building wheel...
2022-12-27T02:54:07.5077380Z 
2022-12-27T02:54:07.5082590Z + python -m pip wheel /Users/runner/actions-runner/_work/python.build/python.build/build_grpcio040a839/grpcio-0.4.0a8 --wheel-dir=/private/var/folders/51/hd414ycd67n82196sw51xqtc0000gn/T/cibw-run-t6hn4af2/cp39-macosx_arm64/built_wheel --no-deps -vvv
2022-12-27T02:54:07.7928650Z Created temporary directory: /private/var/folders/51/hd414ycd67n82196sw51xqtc0000gn/T/pip-ephem-wheel-cache-7pzx7buk
2022-12-27T02:54:07.7935220Z Created temporary directory: /private/var/folders/51/hd414ycd67n82196sw51xqtc0000gn/T/pip-build-tracker-sf0lvl0x
2022-12-27T02:54:07.7937680Z Initialized build tracking at /private/var/folders/51/hd414ycd67n82196sw51xqtc0000gn/T/pip-build-tracker-sf0lvl0x
2022-12-27T02:54:07.7940090Z Created build tracker: /private/var/folders/51/hd414ycd67n82196sw51xqtc0000gn/T/pip-build-tracker-sf0lvl0x
2022-12-27T02:54:07.7942040Z Entered build tracker: /private/var/folders/51/hd414ycd67n82196sw51xqtc0000gn/T/pip-build-tracker-sf0lvl0x
2022-12-27T02:54:07.7945900Z Created temporary directory: /private/var/folders/51/hd414ycd67n82196sw51xqtc0000gn/T/pip-wheel-56_6yq5l
2022-12-27T02:54:07.7952760Z Created temporary directory: /private/var/folders/51/hd414ycd67n82196sw51xqtc0000gn/T/pip-ephem-wheel-cache-da_ngyv1
2022-12-27T02:54:07.8110440Z Processing /Users/runner/actions-runner/_work/python.build/python.build/build_grpcio040a839/grpcio-0.4.0a8
2022-12-27T02:54:07.8116370Z   Added file:///Users/runner/actions-runner/_work/python.build/python.build/build_grpcio040a839/grpcio-0.4.0a8 to build tracker '/private/var/folders/51/hd414ycd67n82196sw51xqtc0000gn/T/pip-build-tracker-sf0lvl0x'
2022-12-27T02:54:07.8120800Z   Running setup.py (path:/Users/runner/actions-runner/_work/python.build/python.build/build_grpcio040a839/grpcio-0.4.0a8/setup.py) egg_info for package from file:///Users/runner/actions-runner/_work/python.build/python.build/build_grpcio040a839/grpcio-0.4.0a8
2022-12-27T02:54:07.8124500Z   Created temporary directory: /private/var/folders/51/hd414ycd67n82196sw51xqtc0000gn/T/pip-pip-egg-info-e_0m96nq
2022-12-27T02:54:07.8126480Z   Preparing metadata (setup.py): started
2022-12-27T02:54:07.8128790Z   Running command python setup.py egg_info
2022-12-27T02:54:07.9925500Z   running egg_info
2022-12-27T02:54:07.9928720Z   creating /private/var/folders/51/hd414ycd67n82196sw51xqtc0000gn/T/pip-pip-egg-info-e_0m96nq/grpcio.egg-info
2022-12-27T02:54:07.9936660Z   writing /private/var/folders/51/hd414ycd67n82196sw51xqtc0000gn/T/pip-pip-egg-info-e_0m96nq/grpcio.egg-info/PKG-INFO
2022-12-27T02:54:07.9940670Z   writing dependency_links to /private/var/folders/51/hd414ycd67n82196sw51xqtc0000gn/T/pip-pip-egg-info-e_0m96nq/grpcio.egg-info/dependency_links.txt
2022-12-27T02:54:07.9944680Z   writing requirements to /private/var/folders/51/hd414ycd67n82196sw51xqtc0000gn/T/pip-pip-egg-info-e_0m96nq/grpcio.egg-info/requires.txt
2022-12-27T02:54:07.9948020Z   writing top-level names to /private/var/folders/51/hd414ycd67n82196sw51xqtc0000gn/T/pip-pip-egg-info-e_0m96nq/grpcio.egg-info/top_level.txt
2022-12-27T02:54:07.9950980Z   writing manifest file '/private/var/folders/51/hd414ycd67n82196sw51xqtc0000gn/T/pip-pip-egg-info-e_0m96nq/grpcio.egg-info/SOURCES.txt'
2022-12-27T02:54:08.0908600Z   reading manifest file '/private/var/folders/51/hd414ycd67n82196sw51xqtc0000gn/T/pip-pip-egg-info-e_0m96nq/grpcio.egg-info/SOURCES.txt'
2022-12-27T02:54:08.0911770Z   reading manifest template 'MANIFEST.in'
2022-12-27T02:54:08.0946890Z   writing manifest file '/private/var/folders/51/hd414ycd67n82196sw51xqtc0000gn/T/pip-pip-egg-info-e_0m96nq/grpcio.egg-info/SOURCES.txt'
2022-12-27T02:54:08.1147240Z   Preparing metadata (setup.py): finished with status 'done'
2022-12-27T02:54:08.1172780Z   Source in /Users/runner/actions-runner/_work/python.build/python.build/build_grpcio040a839/grpcio-0.4.0a8 has version 0.4.0a8, which satisfies requirement grpcio==0.4.0a8 from file:///Users/runner/actions-runner/_work/python.build/python.build/build_grpcio040a839/grpcio-0.4.0a8
2022-12-27T02:54:08.1176920Z   Removed grpcio==0.4.0a8 from file:///Users/runner/actions-runner/_work/python.build/python.build/build_grpcio040a839/grpcio-0.4.0a8 from build tracker '/private/var/folders/51/hd414ycd67n82196sw51xqtc0000gn/T/pip-build-tracker-sf0lvl0x'
2022-12-27T02:54:08.1194440Z Created temporary directory: /private/var/folders/51/hd414ycd67n82196sw51xqtc0000gn/T/pip-unpack-fdekr7r2
2022-12-27T02:54:08.1196780Z Building wheels for collected packages: grpcio
2022-12-27T02:54:08.1204390Z   Created temporary directory: /private/var/folders/51/hd414ycd67n82196sw51xqtc0000gn/T/pip-wheel-lcfrabgp
2022-12-27T02:54:08.1206370Z   Building wheel for grpcio (setup.py): started
2022-12-27T02:54:08.1208510Z   Destination directory: /private/var/folders/51/hd414ycd67n82196sw51xqtc0000gn/T/pip-wheel-lcfrabgp
2022-12-27T02:54:08.1210510Z   Running command python setup.py bdist_wheel
2022-12-27T02:54:08.3066070Z   running bdist_wheel
2022-12-27T02:54:08.3958340Z   running build
2022-12-27T02:54:08.3960930Z   running build_py
2022-12-27T02:54:08.3981630Z   creating build
2022-12-27T02:54:08.3984430Z   creating build/lib.macosx-11.0-arm64-cpython-39
2022-12-27T02:54:08.3986300Z   creating build/lib.macosx-11.0-arm64-cpython-39/grpc
2022-12-27T02:54:08.3988280Z   copying grpc/__init__.py -> build/lib.macosx-11.0-arm64-cpython-39/grpc
2022-12-27T02:54:08.3998460Z   creating build/lib.macosx-11.0-arm64-cpython-39/grpc/_adapter
2022-12-27T02:54:08.4001610Z   copying grpc/_adapter/fore.py -> build/lib.macosx-11.0-arm64-cpython-39/grpc/_adapter
2022-12-27T02:54:08.4004880Z   copying grpc/_adapter/_event_invocation_synchronous_event_service_test.py -> build/lib.macosx-11.0-arm64-cpython-39/grpc/_adapter
2022-12-27T02:54:08.4007820Z   copying grpc/_adapter/_lonely_rear_link_test.py -> build/lib.macosx-11.0-arm64-cpython-39/grpc/_adapter
2022-12-27T02:54:08.4011510Z   copying grpc/_adapter/_face_test_case.py -> build/lib.macosx-11.0-arm64-cpython-39/grpc/_adapter
2022-12-27T02:54:08.4015580Z   copying grpc/_adapter/_future_invocation_asynchronous_event_service_test.py -> build/lib.macosx-11.0-arm64-cpython-39/grpc/_adapter
2022-12-27T02:54:08.4019230Z   copying grpc/_adapter/_common.py -> build/lib.macosx-11.0-arm64-cpython-39/grpc/_adapter
2022-12-27T02:54:08.4022360Z   copying grpc/_adapter/__init__.py -> build/lib.macosx-11.0-arm64-cpython-39/grpc/_adapter
2022-12-27T02:54:08.4026830Z   copying grpc/_adapter/_low.py -> build/lib.macosx-11.0-arm64-cpython-39/grpc/_adapter
2022-12-27T02:54:08.4030260Z   copying grpc/_adapter/_blocking_invocation_inline_service_test.py -> build/lib.macosx-11.0-arm64-cpython-39/grpc/_adapter
2022-12-27T02:54:08.4033990Z   copying grpc/_adapter/_test_links.py -> build/lib.macosx-11.0-arm64-cpython-39/grpc/_adapter
2022-12-27T02:54:08.4037400Z   copying grpc/_adapter/rear.py -> build/lib.macosx-11.0-arm64-cpython-39/grpc/_adapter
2022-12-27T02:54:08.4041420Z   copying grpc/_adapter/_proto_scenarios.py -> build/lib.macosx-11.0-arm64-cpython-39/grpc/_adapter
2022-12-27T02:54:08.4044030Z   copying grpc/_adapter/_low_test.py -> build/lib.macosx-11.0-arm64-cpython-39/grpc/_adapter
2022-12-27T02:54:08.4047260Z   copying grpc/_adapter/_datatypes.py -> build/lib.macosx-11.0-arm64-cpython-39/grpc/_adapter
2022-12-27T02:54:08.4051420Z   copying grpc/_adapter/_links_test.py -> build/lib.macosx-11.0-arm64-cpython-39/grpc/_adapter
2022-12-27T02:54:08.4054790Z   copying grpc/_adapter/_c_test.py -> build/lib.macosx-11.0-arm64-cpython-39/grpc/_adapter
2022-12-27T02:54:08.4061080Z   creating build/lib.macosx-11.0-arm64-cpython-39/grpc/_junkdrawer
2022-12-27T02:54:08.4063660Z   copying grpc/_junkdrawer/stock_pb2.py -> build/lib.macosx-11.0-arm64-cpython-39/grpc/_junkdrawer
2022-12-27T02:54:08.4066030Z   copying grpc/_junkdrawer/__init__.py -> build/lib.macosx-11.0-arm64-cpython-39/grpc/_junkdrawer
2022-12-27T02:54:08.4069210Z   copying grpc/_junkdrawer/math_pb2.py -> build/lib.macosx-11.0-arm64-cpython-39/grpc/_junkdrawer
2022-12-27T02:54:08.4074640Z   creating build/lib.macosx-11.0-arm64-cpython-39/grpc/early_adopter
2022-12-27T02:54:08.4078140Z   copying grpc/early_adopter/__init__.py -> build/lib.macosx-11.0-arm64-cpython-39/grpc/early_adopter
2022-12-27T02:54:08.4080570Z   copying grpc/early_adopter/implementations_test.py -> build/lib.macosx-11.0-arm64-cpython-39/grpc/early_adopter
2022-12-27T02:54:08.4083720Z   copying grpc/early_adopter/implementations.py -> build/lib.macosx-11.0-arm64-cpython-39/grpc/early_adopter
2022-12-27T02:54:08.4088390Z   creating build/lib.macosx-11.0-arm64-cpython-39/grpc/framework
2022-12-27T02:54:08.4090660Z   copying grpc/framework/__init__.py -> build/lib.macosx-11.0-arm64-cpython-39/grpc/framework
2022-12-27T02:54:08.4096840Z   creating build/lib.macosx-11.0-arm64-cpython-39/grpc/framework/alpha
2022-12-27T02:54:08.4099260Z   copying grpc/framework/alpha/interfaces.py -> build/lib.macosx-11.0-arm64-cpython-39/grpc/framework/alpha
2022-12-27T02:54:08.4101710Z   copying grpc/framework/alpha/_face_utilities.py -> build/lib.macosx-11.0-arm64-cpython-39/grpc/framework/alpha
2022-12-27T02:54:08.4105760Z   copying grpc/framework/alpha/__init__.py -> build/lib.macosx-11.0-arm64-cpython-39/grpc/framework/alpha
2022-12-27T02:54:08.4109280Z   copying grpc/framework/alpha/exceptions.py -> build/lib.macosx-11.0-arm64-cpython-39/grpc/framework/alpha
2022-12-27T02:54:08.4113240Z   copying grpc/framework/alpha/_reexport.py -> build/lib.macosx-11.0-arm64-cpython-39/grpc/framework/alpha
2022-12-27T02:54:08.4116540Z   copying grpc/framework/alpha/utilities.py -> build/lib.macosx-11.0-arm64-cpython-39/grpc/framework/alpha
2022-12-27T02:54:08.4127660Z   creating build/lib.macosx-11.0-arm64-cpython-39/grpc/framework/base
2022-12-27T02:54:08.4130090Z   copying grpc/framework/base/interfaces.py -> build/lib.macosx-11.0-arm64-cpython-39/grpc/framework/base
2022-12-27T02:54:08.4133300Z   copying grpc/framework/base/_constants.py -> build/lib.macosx-11.0-arm64-cpython-39/grpc/framework/base
2022-12-27T02:54:08.4138190Z   copying grpc/framework/base/_expiration.py -> build/lib.macosx-11.0-arm64-cpython-39/grpc/framework/base
2022-12-27T02:54:08.4141870Z   copying grpc/framework/base/_transmission.py -> build/lib.macosx-11.0-arm64-cpython-39/grpc/framework/base
2022-12-27T02:54:08.4145600Z   copying grpc/framework/base/_reception.py -> build/lib.macosx-11.0-arm64-cpython-39/grpc/framework/base
2022-12-27T02:54:08.4149790Z   copying grpc/framework/base/_ingestion.py -> build/lib.macosx-11.0-arm64-cpython-39/grpc/framework/base
2022-12-27T02:54:08.4154060Z   copying grpc/framework/base/util.py -> build/lib.macosx-11.0-arm64-cpython-39/grpc/framework/base
2022-12-27T02:54:08.4157930Z   copying grpc/framework/base/_termination.py -> build/lib.macosx-11.0-arm64-cpython-39/grpc/framework/base
2022-12-27T02:54:08.4161370Z   copying grpc/framework/base/null.py -> build/lib.macosx-11.0-arm64-cpython-39/grpc/framework/base
2022-12-27T02:54:08.4164930Z   copying grpc/framework/base/__init__.py -> build/lib.macosx-11.0-arm64-cpython-39/grpc/framework/base
2022-12-27T02:54:08.4168300Z   copying grpc/framework/base/_interfaces.py -> build/lib.macosx-11.0-arm64-cpython-39/grpc/framework/base
2022-12-27T02:54:08.4171950Z   copying grpc/framework/base/_context.py -> build/lib.macosx-11.0-arm64-cpython-39/grpc/framework/base
2022-12-27T02:54:08.4175290Z   copying grpc/framework/base/implementations_test.py -> build/lib.macosx-11.0-arm64-cpython-39/grpc/framework/base
2022-12-27T02:54:08.4179050Z   copying grpc/framework/base/interfaces_test_case.py -> build/lib.macosx-11.0-arm64-cpython-39/grpc/framework/base
2022-12-27T02:54:08.4182840Z   copying grpc/framework/base/exceptions.py -> build/lib.macosx-11.0-arm64-cpython-39/grpc/framework/base
2022-12-27T02:54:08.4186870Z   copying grpc/framework/base/_ends.py -> build/lib.macosx-11.0-arm64-cpython-39/grpc/framework/base
2022-12-27T02:54:08.4190290Z   copying grpc/framework/base/_emission.py -> build/lib.macosx-11.0-arm64-cpython-39/grpc/framework/base
2022-12-27T02:54:08.4193790Z   copying grpc/framework/base/implementations.py -> build/lib.macosx-11.0-arm64-cpython-39/grpc/framework/base
2022-12-27T02:54:08.4197870Z   copying grpc/framework/base/in_memory.py -> build/lib.macosx-11.0-arm64-cpython-39/grpc/framework/base
2022-12-27T02:54:08.4201170Z   copying grpc/framework/base/_cancellation.py -> build/lib.macosx-11.0-arm64-cpython-39/grpc/framework/base
2022-12-27T02:54:08.4206710Z   creating build/lib.macosx-11.0-arm64-cpython-39/grpc/framework/common
2022-12-27T02:54:08.4209220Z   copying grpc/framework/common/style.py -> build/lib.macosx-11.0-arm64-cpython-39/grpc/framework/common
2022-12-27T02:54:08.4212310Z   copying grpc/framework/common/cardinality.py -> build/lib.macosx-11.0-arm64-cpython-39/grpc/framework/common
2022-12-27T02:54:08.4216420Z   copying grpc/framework/common/__init__.py -> build/lib.macosx-11.0-arm64-cpython-39/grpc/framework/common
2022-12-27T02:54:08.4226170Z   creating build/lib.macosx-11.0-arm64-cpython-39/grpc/framework/face
2022-12-27T02:54:08.4229240Z   copying grpc/framework/face/_service.py -> build/lib.macosx-11.0-arm64-cpython-39/grpc/framework/face
2022-12-27T02:54:08.4231740Z   copying grpc/framework/face/interfaces.py -> build/lib.macosx-11.0-arm64-cpython-39/grpc/framework/face
2022-12-27T02:54:08.4236500Z   copying grpc/framework/face/_control.py -> build/lib.macosx-11.0-arm64-cpython-39/grpc/framework/face
2022-12-27T02:54:08.4239980Z   copying grpc/framework/face/blocking_invocation_inline_service_test.py -> build/lib.macosx-11.0-arm64-cpython-39/grpc/framework/face
2022-12-27T02:54:08.4243450Z   copying grpc/framework/face/__init__.py -> build/lib.macosx-11.0-arm64-cpython-39/grpc/framework/face
2022-12-27T02:54:08.4247010Z   copying grpc/framework/face/demonstration.py -> build/lib.macosx-11.0-arm64-cpython-39/grpc/framework/face
2022-12-27T02:54:08.4250660Z   copying grpc/framework/face/_calls.py -> build/lib.macosx-11.0-arm64-cpython-39/grpc/framework/face
2022-12-27T02:54:08.4254780Z   copying grpc/framework/face/exceptions.py -> build/lib.macosx-11.0-arm64-cpython-39/grpc/framework/face
2022-12-27T02:54:08.4258140Z   copying grpc/framework/face/utilities.py -> build/lib.macosx-11.0-arm64-cpython-39/grpc/framework/face
2022-12-27T02:54:08.4262210Z   copying grpc/framework/face/event_invocation_synchronous_event_service_test.py -> build/lib.macosx-11.0-arm64-cpython-39/grpc/framework/face
2022-12-27T02:54:08.4265510Z   copying grpc/framework/face/_test_case.py -> build/lib.macosx-11.0-arm64-cpython-39/grpc/framework/face
2022-12-27T02:54:08.4268710Z   copying grpc/framework/face/implementations.py -> build/lib.macosx-11.0-arm64-cpython-39/grpc/framework/face
2022-12-27T02:54:08.4271900Z   copying grpc/framework/face/future_invocation_asynchronous_event_service_test.py -> build/lib.macosx-11.0-arm64-cpython-39/grpc/framework/face
2022-12-27T02:54:08.4280490Z   creating build/lib.macosx-11.0-arm64-cpython-39/grpc/framework/face/testing
2022-12-27T02:54:08.4283230Z   copying grpc/framework/face/testing/callback.py -> build/lib.macosx-11.0-arm64-cpython-39/grpc/framework/face/testing
2022-12-27T02:54:08.4286310Z   copying grpc/framework/face/testing/digest.py -> build/lib.macosx-11.0-arm64-cpython-39/grpc/framework/face/testing
2022-12-27T02:54:08.4290310Z   copying grpc/framework/face/testing/interfaces.py -> build/lib.macosx-11.0-arm64-cpython-39/grpc/framework/face/testing
2022-12-27T02:54:08.4293400Z   copying grpc/framework/face/testing/stock_service.py -> build/lib.macosx-11.0-arm64-cpython-39/grpc/framework/face/testing
2022-12-27T02:54:08.4296660Z   copying grpc/framework/face/testing/service.py -> build/lib.macosx-11.0-arm64-cpython-39/grpc/framework/face/testing
2022-12-27T02:54:08.4300180Z   copying grpc/framework/face/testing/blocking_invocation_inline_service_test_case.py -> build/lib.macosx-11.0-arm64-cpython-39/grpc/framework/face/testing
2022-12-27T02:54:08.4303600Z   copying grpc/framework/face/testing/base_util.py -> build/lib.macosx-11.0-arm64-cpython-39/grpc/framework/face/testing
2022-12-27T02:54:08.4307320Z   copying grpc/framework/face/testing/control.py -> build/lib.macosx-11.0-arm64-cpython-39/grpc/framework/face/testing
2022-12-27T02:54:08.4310630Z   copying grpc/framework/face/testing/__init__.py -> build/lib.macosx-11.0-arm64-cpython-39/grpc/framework/face/testing
2022-12-27T02:54:08.4313780Z   copying grpc/framework/face/testing/coverage.py -> build/lib.macosx-11.0-arm64-cpython-39/grpc/framework/face/testing
2022-12-27T02:54:08.4317680Z   copying grpc/framework/face/testing/event_invocation_synchronous_event_service_test_case.py -> build/lib.macosx-11.0-arm64-cpython-39/grpc/framework/face/testing
2022-12-27T02:54:08.4321370Z   copying grpc/framework/face/testing/test_case.py -> build/lib.macosx-11.0-arm64-cpython-39/grpc/framework/face/testing
2022-12-27T02:54:08.4324680Z   copying grpc/framework/face/testing/serial.py -> build/lib.macosx-11.0-arm64-cpython-39/grpc/framework/face/testing
2022-12-27T02:54:08.4328900Z   copying grpc/framework/face/testing/future_invocation_asynchronous_event_service_test_case.py -> build/lib.macosx-11.0-arm64-cpython-39/grpc/framework/face/testing
2022-12-27T02:54:08.4338500Z   creating build/lib.macosx-11.0-arm64-cpython-39/grpc/framework/foundation
2022-12-27T02:54:08.4341420Z   copying grpc/framework/foundation/callable_util.py -> build/lib.macosx-11.0-arm64-cpython-39/grpc/framework/foundation
2022-12-27T02:54:08.4344190Z   copying grpc/framework/foundation/abandonment.py -> build/lib.macosx-11.0-arm64-cpython-39/grpc/framework/foundation
2022-12-27T02:54:08.4348200Z   copying grpc/framework/foundation/stream_testing.py -> build/lib.macosx-11.0-arm64-cpython-39/grpc/framework/foundation
2022-12-27T02:54:08.4351550Z   copying grpc/framework/foundation/__init__.py -> build/lib.macosx-11.0-arm64-cpython-39/grpc/framework/foundation
2022-12-27T02:54:08.4355370Z   copying grpc/framework/foundation/stream.py -> build/lib.macosx-11.0-arm64-cpython-39/grpc/framework/foundation
2022-12-27T02:54:08.4359060Z   copying grpc/framework/foundation/activated.py -> build/lib.macosx-11.0-arm64-cpython-39/grpc/framework/foundation
2022-12-27T02:54:08.4362380Z   copying grpc/framework/foundation/later.py -> build/lib.macosx-11.0-arm64-cpython-39/grpc/framework/foundation
2022-12-27T02:54:08.4365670Z   copying grpc/framework/foundation/_later_test.py -> build/lib.macosx-11.0-arm64-cpython-39/grpc/framework/foundation
2022-12-27T02:54:08.4369510Z   copying grpc/framework/foundation/_logging_pool_test.py -> build/lib.macosx-11.0-arm64-cpython-39/grpc/framework/foundation
2022-12-27T02:54:08.4372750Z   copying grpc/framework/foundation/stream_util.py -> build/lib.macosx-11.0-arm64-cpython-39/grpc/framework/foundation
2022-12-27T02:54:08.4376890Z   copying grpc/framework/foundation/future.py -> build/lib.macosx-11.0-arm64-cpython-39/grpc/framework/foundation
2022-12-27T02:54:08.4381320Z   copying grpc/framework/foundation/_timer_future.py -> build/lib.macosx-11.0-arm64-cpython-39/grpc/framework/foundation
2022-12-27T02:54:08.4385500Z   copying grpc/framework/foundation/logging_pool.py -> build/lib.macosx-11.0-arm64-cpython-39/grpc/framework/foundation
2022-12-27T02:54:08.4429810Z   running build_ext
2022-12-27T02:54:08.4719110Z   building 'grpc._adapter._c' extension
2022-12-27T02:54:08.4721790Z   creating build/temp.macosx-11.0-arm64-cpython-39
2022-12-27T02:54:08.4724360Z   creating build/temp.macosx-11.0-arm64-cpython-39/grpc
2022-12-27T02:54:08.4726840Z   creating build/temp.macosx-11.0-arm64-cpython-39/grpc/_adapter
2022-12-27T02:54:08.4729530Z   gcc -Wno-unused-result -Wsign-compare -Wunreachable-code -fno-common -dynamic -DNDEBUG -g -fwrapv -O3 -Wall -g -I/usr/local/opt/openssl@3/include -I/usr/local/opt/openssl@3/include -arch arm64 -I. -I/private/var/folders/51/hd414ycd67n82196sw51xqtc0000gn/T/cibw-run-t6hn4af2/cp39-macosx_arm64/build/venv/include -I/Library/Frameworks/Python.framework/Versions/3.9/include/python3.9 -c grpc/_adapter/_c.c -o build/temp.macosx-11.0-arm64-cpython-39/grpc/_adapter/_c.o
2022-12-27T02:54:08.5438820Z   grpc/_adapter/_c.c:35:10: fatal error: 'grpc/grpc.h' file not found
2022-12-27T02:54:08.5441500Z   #include <grpc/grpc.h>
2022-12-27T02:54:08.5510190Z            ^~~~~~~~~~~~~
2022-12-27T02:54:08.5510840Z   1 error generated.
2022-12-27T02:54:08.5511750Z   error: command '/usr/bin/gcc' failed with exit code 1
2022-12-27T02:54:08.5821210Z   error: subprocess-exited-with-error
2022-12-27T02:54:08.5821570Z   
2022-12-27T02:54:08.5822020Z   Ã— python setup.py bdist_wheel did not run successfully.
2022-12-27T02:54:08.5822470Z   â”‚ exit code: 1
2022-12-27T02:54:08.5822820Z   â•°â”€> See above for output.
2022-12-27T02:54:08.5823030Z   
2022-12-27T02:54:08.5823370Z   note: This error originates from a subprocess, and is likely not a problem with pip.
2022-12-27T02:54:08.5832320Z   full command: /private/var/folders/51/hd414ycd67n82196sw51xqtc0000gn/T/cibw-run-t6hn4af2/cp39-macosx_arm64/build/venv/bin/python -u -c '
2022-12-27T02:54:08.5832790Z   exec(compile('"'"''"'"''"'"'
2022-12-27T02:54:08.5833270Z   # This is <pip-setuptools-caller> -- a caller that pip uses to run setup.py
2022-12-27T02:54:08.5833530Z   #
2022-12-27T02:54:08.5833820Z   # - It imports setuptools before invoking setup.py, to enable projects that directly
2022-12-27T02:54:08.5834100Z   #   import from `distutils.core` to work with newer packaging standards.
2022-12-27T02:54:08.5834480Z   # - It provides a clear error message when setuptools is not installed.
2022-12-27T02:54:08.5834970Z   # - It sets `sys.argv[0]` to the underlying `setup.py`, when invoking `setup.py` so
2022-12-27T02:54:08.5835450Z   #   setuptools doesn'"'"'t think the script is `-c`. This avoids the following warning:
2022-12-27T02:54:08.5835840Z   #     manifest_maker: standard file '"'"'-c'"'"' not found".
2022-12-27T02:54:08.5836160Z   # - It generates a shim setup.py, for handling setup.cfg-only projects.
2022-12-27T02:54:08.5836390Z   import os, sys, tokenize
2022-12-27T02:54:08.5836520Z   
2022-12-27T02:54:08.5836660Z   try:
2022-12-27T02:54:08.5836810Z       import setuptools
2022-12-27T02:54:08.5836960Z   except ImportError as error:
2022-12-27T02:54:08.5837690Z       print(
2022-12-27T02:54:08.5838010Z           "ERROR: Can not execute `setup.py` since setuptools is not available in "
2022-12-27T02:54:08.5838240Z           "the build environment.",
2022-12-27T02:54:08.5838420Z           file=sys.stderr,
2022-12-27T02:54:08.5838590Z       )
2022-12-27T02:54:08.5838710Z       sys.exit(1)
2022-12-27T02:54:08.5838850Z   
2022-12-27T02:54:08.5839010Z   __file__ = %r
2022-12-27T02:54:08.5839140Z   sys.argv[0] = __file__
2022-12-27T02:54:08.5839270Z   
2022-12-27T02:54:08.5839390Z   if os.path.exists(__file__):
2022-12-27T02:54:08.5839540Z       filename = __file__
2022-12-27T02:54:08.5839700Z       with tokenize.open(__file__) as f:
2022-12-27T02:54:08.5839860Z           setup_py_code = f.read()
2022-12-27T02:54:08.5840010Z   else:
2022-12-27T02:54:08.5840350Z       filename = "<auto-generated setuptools caller>"
2022-12-27T02:54:08.5840620Z       setup_py_code = "from setuptools import setup; setup()"
2022-12-27T02:54:08.5840800Z   
2022-12-27T02:54:08.5840950Z   exec(compile(setup_py_code, filename, "exec"))
2022-12-27T02:54:08.5841460Z   '"'"''"'"''"'"' % ('"'"'/Users/runner/actions-runner/_work/python.build/python.build/build_grpcio040a839/grpcio-0.4.0a8/setup.py'"'"',), "<pip-setuptools-caller>", "exec"))' bdist_wheel -d /private/var/folders/51/hd414ycd67n82196sw51xqtc0000gn/T/pip-wheel-lcfrabgp
2022-12-27T02:54:08.5841970Z   cwd: /Users/runner/actions-runner/_work/python.build/python.build/build_grpcio040a839/grpcio-0.4.0a8/
2022-12-27T02:54:08.5842220Z   ERROR: Failed building wheel for grpcio
2022-12-27T02:54:08.5842470Z   Building wheel for grpcio (setup.py): finished with status 'error'
2022-12-27T02:54:08.5843170Z   Running setup.py clean for grpcio
2022-12-27T02:54:08.5845420Z   Running command python setup.py clean
2022-12-27T02:54:08.7620450Z   running clean
2022-12-27T02:54:08.7643220Z   removing 'build/temp.macosx-11.0-arm64-cpython-39' (and everything under it)
2022-12-27T02:54:08.7648590Z   removing 'build/lib.macosx-11.0-arm64-cpython-39' (and everything under it)
2022-12-27T02:54:08.7747280Z   'build/bdist.macosx-11.0-arm64' does not exist -- can't clean it
2022-12-27T02:54:08.7749950Z   'build/scripts-3.9' does not exist -- can't clean it
2022-12-27T02:54:08.7751750Z   removing 'build'
2022-12-27T02:54:08.7930690Z Failed to build grpcio
2022-12-27T02:54:08.7935950Z ERROR: Failed to build one or more wheels
2022-12-27T02:54:08.7946940Z Exception information:
2022-12-27T02:54:08.7947210Z Traceback (most recent call last):
2022-12-27T02:54:08.7954680Z   File "/private/var/folders/51/hd414ycd67n82196sw51xqtc0000gn/T/cibw-run-t6hn4af2/cp39-macosx_arm64/build/venv/lib/python3.9/site-packages/pip/_internal/cli/base_command.py", line 160, in exc_logging_wrapper
2022-12-27T02:54:08.7955120Z     status = run_func(*args)
2022-12-27T02:54:08.7955650Z   File "/private/var/folders/51/hd414ycd67n82196sw51xqtc0000gn/T/cibw-run-t6hn4af2/cp39-macosx_arm64/build/venv/lib/python3.9/site-packages/pip/_internal/cli/req_command.py", line 247, in wrapper
2022-12-27T02:54:08.7955970Z     return func(self, options, args)
2022-12-27T02:54:08.7956420Z   File "/private/var/folders/51/hd414ycd67n82196sw51xqtc0000gn/T/cibw-run-t6hn4af2/cp39-macosx_arm64/build/venv/lib/python3.9/site-packages/pip/_internal/commands/wheel.py", line 201, in run
2022-12-27T02:54:08.7956760Z     raise CommandError("Failed to build one or more wheels")
2022-12-27T02:54:08.7957000Z pip._internal.exceptions.CommandError: Failed to build one or more wheels
2022-12-27T02:54:08.7957380Z Removed build tracker: '/private/var/folders/51/hd414ycd67n82196sw51xqtc0000gn/T/pip-build-tracker-sf0lvl0x'
2022-12-27T02:54:08.8343100Z ##[endgroup]
2022-12-27T02:54:08.8367270Z ##[error]Command ['python', '-m', 'pip', 'wheel', '/Users/runner/actions-runner/_work/python.build/python.build/build_grpcio040a839/grpcio-0.4.0a8', '--wheel-dir=/private/var/folders/51/hd414ycd67n82196sw51xqtc0000gn/T/cibw-run-t6hn4af2/cp39-macosx_arm64/built_wheel', '--no-deps', '-vvv'] failed with code 1. None
2022-12-27T02:54:08.8374950Z 
2022-12-27T02:54:08.8375240Z                                                               [31mâœ• [0m1.33s
2022-12-27T02:54:08.8849240Z ##[error]Process completed with exit code 1.
2022-12-27T02:54:08.8883760Z ##[group]Run rm -rf build_grpcio040a839 wheelsout
2022-12-27T02:54:08.8883980Z [36;1mrm -rf build_grpcio040a839 wheelsout[0m
2022-12-27T02:54:08.8899180Z shell: /bin/bash -e {0}
2022-12-27T02:54:08.8899310Z env:
2022-12-27T02:54:08.8899470Z   pythonLocation: /Users/runner/hostedtoolcache/Python/3.9.16/x64
2022-12-27T02:54:08.8899670Z   PKG_CONFIG_PATH: /Users/runner/hostedtoolcache/Python/3.9.16/x64/lib/pkgconfig
2022-12-27T02:54:08.8899860Z   Python_ROOT_DIR: /Users/runner/hostedtoolcache/Python/3.9.16/x64
2022-12-27T02:54:08.8900050Z   Python2_ROOT_DIR: /Users/runner/hostedtoolcache/Python/3.9.16/x64
2022-12-27T02:54:08.8900230Z   Python3_ROOT_DIR: /Users/runner/hostedtoolcache/Python/3.9.16/x64
2022-12-27T02:54:08.8900370Z ##[endgroup]
2022-12-27T02:54:08.9165500Z Cleaning up orphan processes
