2022-12-27T07:24:29.1447013Z Requested labels: self-hosted, macOS, X64
2022-12-27T07:24:29.1447119Z Job defined at: kilnbuild/python.build/.github/workflows/mac_arm_build.yml@refs/heads/main
2022-12-27T07:24:29.1447146Z Waiting for a runner to pick up this job...
2022-12-27T08:56:58.8235792Z Job is about to start running on the runner: k2 (organization)
2022-12-27T08:57:00.7093560Z Current runner version: '2.300.2'
2022-12-27T08:57:00.7098530Z Runner name: 'k2'
2022-12-27T08:57:00.7098770Z Runner group name: 'Default'
2022-12-27T08:57:00.7099250Z Machine name: 'k2'
2022-12-27T08:57:00.7100810Z ##[group]GITHUB_TOKEN Permissions
2022-12-27T08:57:00.7101240Z Actions: write
2022-12-27T08:57:00.7101370Z Checks: write
2022-12-27T08:57:00.7101500Z Contents: write
2022-12-27T08:57:00.7101630Z Deployments: write
2022-12-27T08:57:00.7101770Z Discussions: write
2022-12-27T08:57:00.7101900Z Issues: write
2022-12-27T08:57:00.7102020Z Metadata: read
2022-12-27T08:57:00.7102140Z Packages: write
2022-12-27T08:57:00.7102280Z Pages: write
2022-12-27T08:57:00.7102410Z PullRequests: write
2022-12-27T08:57:00.7102570Z RepositoryProjects: write
2022-12-27T08:57:00.7102720Z SecurityEvents: write
2022-12-27T08:57:00.7102860Z Statuses: write
2022-12-27T08:57:00.7102980Z ##[endgroup]
2022-12-27T08:57:00.7105630Z Secret source: Actions
2022-12-27T08:57:00.7105960Z Prepare workflow directory
2022-12-27T08:57:00.7785330Z Prepare all required actions
2022-12-27T08:57:00.7906590Z Getting action download info
2022-12-27T08:57:01.2813380Z Download action repository 'actions/setup-python@v4' (SHA:5ccb29d8773c3f3f653e1705f474dfaa8a06a912)
2022-12-27T08:57:03.0628930Z Download action repository 'actions/upload-artifact@v3' (SHA:83fd05a356d7e2593de66fc9913b3002723633cb)
2022-12-27T08:57:04.7984880Z ##[group]Run echo '{
2022-12-27T08:57:04.7985190Z [36;1mecho '{[0m
2022-12-27T08:57:04.7985390Z [36;1m  "environment_variables": "GRPC_PYTHON_BUILD_WITH_CYTHON=1 GRPC_BUILD_WITH_BORING_SSL_ASM='' GRPC_PYTHON_BUILD_SYSTEM_OPENSSL=TRUE",[0m
2022-12-27T08:57:04.7985590Z [36;1m  "package_name": "grpcio-tools",[0m
2022-12-27T08:57:04.7985850Z [36;1m  "package_url": "https://files.pythonhosted.org/packages/ed/60/d69b6e82c6280c64a1f8aa1d1fa7736e3888fc5efdd7a502c208480aec84/grpcio_tools-1.0.3.tar.gz",[0m
2022-12-27T08:57:04.7986110Z [36;1m  "package_version": "1.0.3",[0m
2022-12-27T08:57:04.7986270Z [36;1m  "python_version": "3.9",[0m
2022-12-27T08:57:04.7986420Z [36;1m  "use_ccache": "true"[0m
2022-12-27T08:57:04.7986580Z [36;1m}'[0m
2022-12-27T08:57:04.8002390Z shell: /bin/bash -e {0}
2022-12-27T08:57:04.8002530Z ##[endgroup]
2022-12-27T08:57:04.8220880Z {
2022-12-27T08:57:04.8222440Z   "environment_variables": "GRPC_PYTHON_BUILD_WITH_CYTHON=1 GRPC_BUILD_WITH_BORING_SSL_ASM= GRPC_PYTHON_BUILD_SYSTEM_OPENSSL=TRUE",
2022-12-27T08:57:04.8223100Z   "package_name": "grpcio-tools",
2022-12-27T08:57:04.8223540Z   "package_url": "https://files.pythonhosted.org/packages/ed/60/d69b6e82c6280c64a1f8aa1d1fa7736e3888fc5efdd7a502c208480aec84/grpcio_tools-1.0.3.tar.gz",
2022-12-27T08:57:04.8223830Z   "package_version": "1.0.3",
2022-12-27T08:57:04.8224010Z   "python_version": "3.9",
2022-12-27T08:57:04.8224480Z   "use_ccache": "true"
2022-12-27T08:57:04.8224640Z }
2022-12-27T08:57:04.8437620Z ##[group]Run actions/setup-python@v4
2022-12-27T08:57:04.8437870Z with:
2022-12-27T08:57:04.8438020Z   python-version: 3.9
2022-12-27T08:57:04.8438260Z   check-latest: false
2022-12-27T08:57:04.8438620Z   token: ***
2022-12-27T08:57:04.8438770Z   update-environment: true
2022-12-27T08:57:04.8438980Z ##[endgroup]
2022-12-27T08:57:04.9699640Z ##[group]Installed versions
2022-12-27T08:57:04.9804980Z Successfully set up CPython (3.9.16)
2022-12-27T08:57:04.9806310Z ##[endgroup]
2022-12-27T08:57:04.9947750Z ##[group]Run if [ "true" == "true" ]
2022-12-27T08:57:04.9948010Z [36;1mif [ "true" == "true" ][0m
2022-12-27T08:57:04.9948200Z [36;1mthen[0m
2022-12-27T08:57:04.9948500Z [36;1m  echo "CCACHE_PATH_PREPEND=/usr/local/opt/ccache/libexec" >> $GITHUB_OUTPUT[0m
2022-12-27T08:57:04.9948690Z [36;1melse[0m
2022-12-27T08:57:04.9948890Z [36;1m  echo "CCACHE_PATH_PREPEND=" >> $GITHUB_OUTPUT[0m
2022-12-27T08:57:04.9949090Z [36;1mfi[0m
2022-12-27T08:57:04.9965840Z shell: /bin/bash -e {0}
2022-12-27T08:57:04.9966060Z env:
2022-12-27T08:57:04.9966280Z   pythonLocation: /Users/runner/hostedtoolcache/Python/3.9.16/x64
2022-12-27T08:57:04.9966560Z   PKG_CONFIG_PATH: /Users/runner/hostedtoolcache/Python/3.9.16/x64/lib/pkgconfig
2022-12-27T08:57:04.9967200Z   Python_ROOT_DIR: /Users/runner/hostedtoolcache/Python/3.9.16/x64
2022-12-27T08:57:04.9967530Z   Python2_ROOT_DIR: /Users/runner/hostedtoolcache/Python/3.9.16/x64
2022-12-27T08:57:04.9967820Z   Python3_ROOT_DIR: /Users/runner/hostedtoolcache/Python/3.9.16/x64
2022-12-27T08:57:04.9967990Z ##[endgroup]
2022-12-27T08:57:05.0081970Z ##[group]Run echo "BUILD_NAME=$(echo grpcio-tools_1.0.3_3.9 | tr -dc '[:alnum:]\n\r' | tr '[:upper:]' '[:lower:]')" >> $GITHUB_OUTPUT
2022-12-27T08:57:05.0082350Z [36;1mecho "BUILD_NAME=$(echo grpcio-tools_1.0.3_3.9 | tr -dc '[:alnum:]\n\r' | tr '[:upper:]' '[:lower:]')" >> $GITHUB_OUTPUT[0m
2022-12-27T08:57:05.0096790Z shell: /bin/bash -e {0}
2022-12-27T08:57:05.0096970Z env:
2022-12-27T08:57:05.0097140Z   pythonLocation: /Users/runner/hostedtoolcache/Python/3.9.16/x64
2022-12-27T08:57:05.0138270Z   PKG_CONFIG_PATH: /Users/runner/hostedtoolcache/Python/3.9.16/x64/lib/pkgconfig
2022-12-27T08:57:05.0138570Z   Python_ROOT_DIR: /Users/runner/hostedtoolcache/Python/3.9.16/x64
2022-12-27T08:57:05.0138740Z   Python2_ROOT_DIR: /Users/runner/hostedtoolcache/Python/3.9.16/x64
2022-12-27T08:57:05.0138900Z   Python3_ROOT_DIR: /Users/runner/hostedtoolcache/Python/3.9.16/x64
2022-12-27T08:57:05.0139040Z ##[endgroup]
2022-12-27T08:57:05.0255610Z ##[group]Run echo "PYTHON_NO_DOTS=$(echo 3.9 | tr -dc '[:alnum:]\n\r' | tr '[:upper:]' '[:lower:]')" >> $GITHUB_OUTPUT
2022-12-27T08:57:05.0255990Z [36;1mecho "PYTHON_NO_DOTS=$(echo 3.9 | tr -dc '[:alnum:]\n\r' | tr '[:upper:]' '[:lower:]')" >> $GITHUB_OUTPUT[0m
2022-12-27T08:57:05.0269640Z shell: /bin/bash -e {0}
2022-12-27T08:57:05.0269850Z env:
2022-12-27T08:57:05.0270060Z   pythonLocation: /Users/runner/hostedtoolcache/Python/3.9.16/x64
2022-12-27T08:57:05.0270320Z   PKG_CONFIG_PATH: /Users/runner/hostedtoolcache/Python/3.9.16/x64/lib/pkgconfig
2022-12-27T08:57:05.0270540Z   Python_ROOT_DIR: /Users/runner/hostedtoolcache/Python/3.9.16/x64
2022-12-27T08:57:05.0270850Z   Python2_ROOT_DIR: /Users/runner/hostedtoolcache/Python/3.9.16/x64
2022-12-27T08:57:05.0271140Z   Python3_ROOT_DIR: /Users/runner/hostedtoolcache/Python/3.9.16/x64
2022-12-27T08:57:05.0271310Z ##[endgroup]
2022-12-27T08:57:05.0381790Z ##[group]Run rm -rf build_grpciotools10339
2022-12-27T08:57:05.0382090Z [36;1mrm -rf build_grpciotools10339[0m
2022-12-27T08:57:05.0382360Z [36;1mmkdir build_grpciotools10339[0m
2022-12-27T08:57:05.0382550Z [36;1mcd build_grpciotools10339[0m
2022-12-27T08:57:05.0382840Z [36;1m/usr/local/bin/wget --quiet https://files.pythonhosted.org/packages/ed/60/d69b6e82c6280c64a1f8aa1d1fa7736e3888fc5efdd7a502c208480aec84/grpcio_tools-1.0.3.tar.gz[0m
2022-12-27T08:57:05.0383130Z [36;1mtar xf *.tar.gz[0m
2022-12-27T08:57:05.0383350Z [36;1mcd *[0m
2022-12-27T08:57:05.0383510Z [36;1mpython -m pip install cibuildwheel==2.11.3[0m
2022-12-27T08:57:05.0383730Z [36;1mpython -m cibuildwheel --output-dir ../wheelsout[0m
2022-12-27T08:57:05.0397780Z shell: /bin/bash -e {0}
2022-12-27T08:57:05.0398100Z env:
2022-12-27T08:57:05.0398280Z   pythonLocation: /Users/runner/hostedtoolcache/Python/3.9.16/x64
2022-12-27T08:57:05.0398580Z   PKG_CONFIG_PATH: /Users/runner/hostedtoolcache/Python/3.9.16/x64/lib/pkgconfig
2022-12-27T08:57:05.0398840Z   Python_ROOT_DIR: /Users/runner/hostedtoolcache/Python/3.9.16/x64
2022-12-27T08:57:05.0399090Z   Python2_ROOT_DIR: /Users/runner/hostedtoolcache/Python/3.9.16/x64
2022-12-27T08:57:05.0399330Z   Python3_ROOT_DIR: /Users/runner/hostedtoolcache/Python/3.9.16/x64
2022-12-27T08:57:05.0399550Z   CIBW_ARCHS_MACOS: arm64
2022-12-27T08:57:05.0399700Z   CIBW_TEST_SKIP: *_arm64
2022-12-27T08:57:05.0399880Z   CIBW_BUILD: cp39-macosx_arm64
2022-12-27T08:57:05.0400110Z   CIBW_BUILD_FRONTEND: pip
2022-12-27T08:57:05.0400260Z   CIBW_BUILD_VERBOSITY: 3
2022-12-27T08:57:05.0400630Z   CIBW_ENVIRONMENT_MACOS: GRPC_PYTHON_BUILD_WITH_CYTHON=1 GRPC_BUILD_WITH_BORING_SSL_ASM='' GRPC_PYTHON_BUILD_SYSTEM_OPENSSL=TRUE CFLAGS="-I/usr/local/opt/openssl@3/include" LDFLAGS="-L/usr/local/opt/openssl@3/lib" CPPFLAGS="-I/usr/local/opt/openssl@3/include" MAKEFLAGS="-j$(sysctl -n hw.logicalcpu)" PATH=/usr/local/opt/ccache/libexec:$PATH
2022-12-27T08:57:05.0401230Z   CIBW_BEFORE_BUILD: pip install Cython; if [[ -f requirements.txt ]]; then pip install -r requirements.txt; fi
2022-12-27T08:57:05.0401520Z   MAKEFLAGS: -j$(sysctl -n hw.logicalcpu)
2022-12-27T08:57:05.0401710Z ##[endgroup]
2022-12-27T08:57:05.5858510Z Requirement already satisfied: cibuildwheel==2.11.3 in /Users/runner/hostedtoolcache/Python/3.9.16/x64/lib/python3.9/site-packages (2.11.3)
2022-12-27T08:57:05.6111330Z Requirement already satisfied: filelock in /Users/runner/hostedtoolcache/Python/3.9.16/x64/lib/python3.9/site-packages (from cibuildwheel==2.11.3) (3.8.2)
2022-12-27T08:57:05.6114710Z Requirement already satisfied: platformdirs in /Users/runner/hostedtoolcache/Python/3.9.16/x64/lib/python3.9/site-packages (from cibuildwheel==2.11.3) (2.6.0)
2022-12-27T08:57:05.6118070Z Requirement already satisfied: certifi in /Users/runner/hostedtoolcache/Python/3.9.16/x64/lib/python3.9/site-packages (from cibuildwheel==2.11.3) (2022.12.7)
2022-12-27T08:57:05.6126530Z Requirement already satisfied: typing-extensions>=4.1.0 in /Users/runner/hostedtoolcache/Python/3.9.16/x64/lib/python3.9/site-packages (from cibuildwheel==2.11.3) (4.4.0)
2022-12-27T08:57:05.6133110Z Requirement already satisfied: packaging>=20.9 in /Users/runner/hostedtoolcache/Python/3.9.16/x64/lib/python3.9/site-packages (from cibuildwheel==2.11.3) (22.0)
2022-12-27T08:57:05.6138140Z Requirement already satisfied: bashlex!=0.13 in /Users/runner/hostedtoolcache/Python/3.9.16/x64/lib/python3.9/site-packages (from cibuildwheel==2.11.3) (0.16)
2022-12-27T08:57:05.6144150Z Requirement already satisfied: tomli in /Users/runner/hostedtoolcache/Python/3.9.16/x64/lib/python3.9/site-packages (from cibuildwheel==2.11.3) (2.0.1)
2022-12-27T08:57:05.6147470Z Requirement already satisfied: bracex in /Users/runner/hostedtoolcache/Python/3.9.16/x64/lib/python3.9/site-packages (from cibuildwheel==2.11.3) (2.3.post1)
2022-12-27T08:57:05.7843390Z 
2022-12-27T08:57:05.7843600Z      _ _       _ _   _       _           _
2022-12-27T08:57:05.7844180Z  ___|_| |_ _ _|_| |_| |_ _ _| |_ ___ ___| |
2022-12-27T08:57:05.7845440Z |  _| | . | | | | | . | | | |   | -_| -_| |
2022-12-27T08:57:05.7845800Z |___|_|___|___|_|_|___|_____|_|_|___|___|_|
2022-12-27T08:57:05.7845950Z 
2022-12-27T08:57:05.7846090Z cibuildwheel version 2.11.3
2022-12-27T08:57:05.7846340Z 
2022-12-27T08:57:05.7846560Z Build options:
2022-12-27T08:57:05.7846780Z   platform: macos
2022-12-27T08:57:05.7953840Z   architectures: arm64[0m
2022-12-27T08:57:05.7954210Z   build_selector: 
2022-12-27T08:57:05.7954700Z     build_config: cp39-macosx_arm64
2022-12-27T08:57:05.7955960Z     skip_config: 
2022-12-27T08:57:05.7956250Z     requires_python: None
2022-12-27T08:57:05.7956620Z     prerelease_pythons: False[0m
2022-12-27T08:57:05.7957000Z   [38;5;244mcontainer_engine: docker[0m
2022-12-27T08:57:05.7957570Z   output_dir: /Users/runner/actions-runner/_work/python.build/python.build/build_grpciotools10339/wheelsout[0m
2022-12-27T08:57:05.7958320Z   package_dir: /Users/runner/actions-runner/_work/python.build/python.build/build_grpciotools10339/grpcio_tools-1.0.3[0m
2022-12-27T08:57:05.7958670Z   test_selector: 
2022-12-27T08:57:05.7959020Z     skip_config: *_arm64[0m
2022-12-27T08:57:05.7959350Z   [38;5;244mbefore_all: [0m
2022-12-27T08:57:05.7959910Z   before_build: pip install Cython; if [[ -f requirements.txt ]]; then pip install -r requirements.txt; fi[0m
2022-12-27T08:57:05.7960320Z   [38;5;244mbefore_test: [0m
2022-12-27T08:57:05.7960670Z   [38;5;244mbuild_frontend: pip[0m
2022-12-27T08:57:05.7961070Z   build_verbosity: 3[0m
2022-12-27T08:57:05.7961360Z   [38;5;244mconfig_settings: [0m
2022-12-27T08:57:05.7961790Z   [38;5;244mdependency_constraints: pinned[0m
2022-12-27T08:57:05.7962060Z   environment: 
2022-12-27T08:57:05.7962300Z     GRPC_PYTHON_BUILD_WITH_CYTHON=1
2022-12-27T08:57:05.7962640Z     GRPC_BUILD_WITH_BORING_SSL_ASM=''
2022-12-27T08:57:05.7963220Z     GRPC_PYTHON_BUILD_SYSTEM_OPENSSL=TRUE
2022-12-27T08:57:05.7963670Z     CFLAGS="-I/usr/local/opt/openssl@3/include"
2022-12-27T08:57:05.7964070Z     LDFLAGS="-L/usr/local/opt/openssl@3/lib"
2022-12-27T08:57:05.7964460Z     CPPFLAGS="-I/usr/local/opt/openssl@3/include"
2022-12-27T08:57:05.7964840Z     MAKEFLAGS="-j$(sysctl -n hw.logicalcpu)"
2022-12-27T08:57:05.7965260Z     PATH=/usr/local/opt/ccache/libexec:$PATH[0m
2022-12-27T08:57:05.7965670Z   [38;5;244mmanylinux_images: None[0m
2022-12-27T08:57:05.7966010Z   [38;5;244mmusllinux_images: None[0m
2022-12-27T08:57:05.7966470Z   [38;5;244mrepair_command: delocate-wheel --require-archs {delocate_archs} -w {dest_dir} -v {wheel}[0m
2022-12-27T08:57:05.7966870Z   [38;5;244mtest_command: [0m
2022-12-27T08:57:05.7967220Z   [38;5;244mtest_extras: [0m
2022-12-27T08:57:05.7967510Z   [38;5;244mtest_requires: [0m
2022-12-27T08:57:05.7967660Z 
2022-12-27T08:57:05.7967820Z Cache folder: /Users/runner/Library/Caches/cibuildwheel
2022-12-27T08:57:05.7976950Z 
2022-12-27T08:57:05.7977130Z Here we go!
2022-12-27T08:57:05.7977240Z 
2022-12-27T08:57:05.8105460Z 
2022-12-27T08:57:05.8105870Z [1m[34mBuilding cp39-macosx_arm64 wheel[0m
2022-12-27T08:57:05.8106420Z CPython 3.9 macOS arm64 - Apple Silicon
2022-12-27T08:57:05.8106560Z 
2022-12-27T08:57:05.8108890Z ##[group]Installing Python cp39...
2022-12-27T08:57:05.8109100Z 
2022-12-27T08:57:05.8109330Z + pkgutil --pkgs
2022-12-27T08:57:05.8210000Z ##[endgroup]
2022-12-27T08:57:05.8210800Z                                                               [32mâœ“ [0m0.01s
2022-12-27T08:57:05.8211230Z ##[group]Setting up build environment...
2022-12-27T08:57:05.8211360Z 
2022-12-27T08:57:05.8230580Z + /Users/runner/hostedtoolcache/Python/3.9.16/x64/bin/python -sS /Users/runner/Library/Caches/cibuildwheel/virtualenv-20.17.0.pyz --activators= --no-periodic-update --pip=22.3.1 --setuptools=65.6.3 --wheel=0.38.4 --symlink-app-data --python /Library/Frameworks/Python.framework/Versions/3.9/bin/python3 /private/var/folders/51/hd414ycd67n82196sw51xqtc0000gn/T/cibw-run-ybw0k7mi/cp39-macosx_arm64/build/venv
2022-12-27T08:57:06.0109140Z created virtual environment CPython3.9.13.final.0-64 in 52ms
2022-12-27T08:57:06.0110160Z   creator CPython3Posix(dest=/private/var/folders/51/hd414ycd67n82196sw51xqtc0000gn/T/cibw-run-ybw0k7mi/cp39-macosx_arm64/build/venv, clear=False, no_vcs_ignore=False, global=False)
2022-12-27T08:57:06.0110820Z   seeder FromAppData(download=False, pip=22.3.1, setuptools=65.6.3, wheel=0.38.4, via=symlink, app_data_dir=/Users/runner/Library/Application Support/virtualenv)
2022-12-27T08:57:06.0111390Z     added seed packages: pip==22.3.1, setuptools==65.6.3, wheel==0.38.4
2022-12-27T08:57:06.0210440Z + python -m pip install --upgrade pip -c /Users/runner/hostedtoolcache/Python/3.9.16/x64/lib/python3.9/site-packages/cibuildwheel/resources/constraints-python39.txt
2022-12-27T08:57:06.3223310Z Requirement already satisfied: pip in ./lib/python3.9/site-packages (22.3.1)
2022-12-27T08:57:06.4630010Z + which pip
2022-12-27T08:57:06.4650180Z /private/var/folders/51/hd414ycd67n82196sw51xqtc0000gn/T/cibw-run-ybw0k7mi/cp39-macosx_arm64/build/venv/bin/pip
2022-12-27T08:57:06.4652570Z + pip --version
2022-12-27T08:57:06.6836220Z pip 22.3.1 from /private/var/folders/51/hd414ycd67n82196sw51xqtc0000gn/T/cibw-run-ybw0k7mi/cp39-macosx_arm64/build/venv/lib/python3.9/site-packages/pip (python 3.9)
2022-12-27T08:57:06.7054570Z + which pip
2022-12-27T08:57:06.7083950Z + which python
2022-12-27T08:57:06.7103080Z /private/var/folders/51/hd414ycd67n82196sw51xqtc0000gn/T/cibw-run-ybw0k7mi/cp39-macosx_arm64/build/venv/bin/python
2022-12-27T08:57:06.7105100Z + python --version
2022-12-27T08:57:06.7155810Z Python 3.9.13
2022-12-27T08:57:06.7158930Z + which python
2022-12-27T08:57:06.7214050Z ##[endgroup]
2022-12-27T08:57:06.7214660Z                                                               [32mâœ“ [0m0.90s
2022-12-27T08:57:06.7215390Z ##[group]Installing build tools...
2022-12-27T08:57:06.7215570Z 
2022-12-27T08:57:06.7216600Z + pip install --upgrade setuptools wheel delocate -c /Users/runner/hostedtoolcache/Python/3.9.16/x64/lib/python3.9/site-packages/cibuildwheel/resources/constraints-python39.txt
2022-12-27T08:57:07.0218700Z Requirement already satisfied: setuptools in /private/var/folders/51/hd414ycd67n82196sw51xqtc0000gn/T/cibw-run-ybw0k7mi/cp39-macosx_arm64/build/venv/lib/python3.9/site-packages (65.6.3)
2022-12-27T08:57:07.2504830Z Requirement already satisfied: wheel in /private/var/folders/51/hd414ycd67n82196sw51xqtc0000gn/T/cibw-run-ybw0k7mi/cp39-macosx_arm64/build/venv/lib/python3.9/site-packages (0.38.4)
2022-12-27T08:57:07.3050430Z Collecting delocate
2022-12-27T08:57:07.3076620Z   Using cached delocate-0.10.3-py3-none-any.whl (142 kB)
2022-12-27T08:57:07.3397480Z Collecting packaging>=20.9
2022-12-27T08:57:07.3422560Z   Using cached packaging-21.3-py3-none-any.whl (40 kB)
2022-12-27T08:57:07.3608410Z Collecting typing-extensions
2022-12-27T08:57:07.3631150Z   Using cached typing_extensions-4.4.0-py3-none-any.whl (26 kB)
2022-12-27T08:57:07.3990700Z Collecting pyparsing!=3.0.5,>=2.0.2
2022-12-27T08:57:07.4011800Z   Using cached pyparsing-3.0.9-py3-none-any.whl (98 kB)
2022-12-27T08:57:07.4374310Z Installing collected packages: typing-extensions, pyparsing, packaging, delocate
2022-12-27T08:57:07.5830830Z Successfully installed delocate-0.10.3 packaging-21.3 pyparsing-3.0.9 typing-extensions-4.4.0
2022-12-27T08:57:07.6303200Z ##[endgroup]
2022-12-27T08:57:07.6303880Z                                                               [32mâœ“ [0m0.91s
2022-12-27T08:57:07.6304530Z ##[group]Running before_build...
2022-12-27T08:57:07.6304710Z 
2022-12-27T08:57:07.6310550Z + pip install Cython; if [[ -f requirements.txt ]]; then pip install -r requirements.txt; fi
2022-12-27T08:57:08.3333900Z Collecting Cython
2022-12-27T08:57:08.3382740Z   Using cached Cython-0.29.32-py2.py3-none-any.whl (986 kB)
2022-12-27T08:57:08.3874500Z Installing collected packages: Cython
2022-12-27T08:57:08.8591840Z Successfully installed Cython-0.29.32
2022-12-27T08:57:08.9018230Z ##[endgroup]
2022-12-27T08:57:08.9018990Z                                                               [32mâœ“ [0m1.27s
2022-12-27T08:57:08.9019880Z ##[group]Building wheel...
2022-12-27T08:57:08.9020200Z 
2022-12-27T08:57:08.9024300Z + python -m pip wheel /Users/runner/actions-runner/_work/python.build/python.build/build_grpciotools10339/grpcio_tools-1.0.3 --wheel-dir=/private/var/folders/51/hd414ycd67n82196sw51xqtc0000gn/T/cibw-run-ybw0k7mi/cp39-macosx_arm64/built_wheel --no-deps -vvv
2022-12-27T08:57:09.1713680Z Created temporary directory: /private/var/folders/51/hd414ycd67n82196sw51xqtc0000gn/T/pip-ephem-wheel-cache-o9owjcn5
2022-12-27T08:57:09.1718240Z Created temporary directory: /private/var/folders/51/hd414ycd67n82196sw51xqtc0000gn/T/pip-build-tracker-baf2xazn
2022-12-27T08:57:09.1720050Z Initialized build tracking at /private/var/folders/51/hd414ycd67n82196sw51xqtc0000gn/T/pip-build-tracker-baf2xazn
2022-12-27T08:57:09.1721520Z Created build tracker: /private/var/folders/51/hd414ycd67n82196sw51xqtc0000gn/T/pip-build-tracker-baf2xazn
2022-12-27T08:57:09.1722920Z Entered build tracker: /private/var/folders/51/hd414ycd67n82196sw51xqtc0000gn/T/pip-build-tracker-baf2xazn
2022-12-27T08:57:09.1726200Z Created temporary directory: /private/var/folders/51/hd414ycd67n82196sw51xqtc0000gn/T/pip-wheel-nlgptl5a
2022-12-27T08:57:09.1732720Z Created temporary directory: /private/var/folders/51/hd414ycd67n82196sw51xqtc0000gn/T/pip-ephem-wheel-cache-kz77enz0
2022-12-27T08:57:09.1890580Z Processing /Users/runner/actions-runner/_work/python.build/python.build/build_grpciotools10339/grpcio_tools-1.0.3
2022-12-27T08:57:09.1895810Z   Added file:///Users/runner/actions-runner/_work/python.build/python.build/build_grpciotools10339/grpcio_tools-1.0.3 to build tracker '/private/var/folders/51/hd414ycd67n82196sw51xqtc0000gn/T/pip-build-tracker-baf2xazn'
2022-12-27T08:57:09.1899580Z   Running setup.py (path:/Users/runner/actions-runner/_work/python.build/python.build/build_grpciotools10339/grpcio_tools-1.0.3/setup.py) egg_info for package from file:///Users/runner/actions-runner/_work/python.build/python.build/build_grpciotools10339/grpcio_tools-1.0.3
2022-12-27T08:57:09.1902390Z   Created temporary directory: /private/var/folders/51/hd414ycd67n82196sw51xqtc0000gn/T/pip-pip-egg-info-kky9q9jf
2022-12-27T08:57:09.1903850Z   Preparing metadata (setup.py): started
2022-12-27T08:57:09.1905600Z   Running command python setup.py egg_info
2022-12-27T08:57:09.5174550Z   Traceback (most recent call last):
2022-12-27T08:57:09.5182170Z     File "<string>", line 2, in <module>
2022-12-27T08:57:09.5182840Z     File "<pip-setuptools-caller>", line 34, in <module>
2022-12-27T08:57:09.5183530Z     File "/Users/runner/actions-runner/_work/python.build/python.build/build_grpciotools10339/grpcio_tools-1.0.3/setup.py", line 182, in <module>
2022-12-27T08:57:09.5183900Z       ext_modules=maybe_cythonize([
2022-12-27T08:57:09.5184410Z     File "/Users/runner/actions-runner/_work/python.build/python.build/build_grpciotools10339/grpcio_tools-1.0.3/setup.py", line 176, in maybe_cythonize
2022-12-27T08:57:09.5184790Z       return Build.cythonize(exts)
2022-12-27T08:57:09.5185420Z     File "/private/var/folders/51/hd414ycd67n82196sw51xqtc0000gn/T/cibw-run-ybw0k7mi/cp39-macosx_arm64/build/venv/lib/python3.9/site-packages/Cython/Build/Dependencies.py", line 970, in cythonize
2022-12-27T08:57:09.5186010Z       module_list, module_metadata = create_extension_list(
2022-12-27T08:57:09.5188150Z     File "/private/var/folders/51/hd414ycd67n82196sw51xqtc0000gn/T/cibw-run-ybw0k7mi/cp39-macosx_arm64/build/venv/lib/python3.9/site-packages/Cython/Build/Dependencies.py", line 816, in create_extension_list
2022-12-27T08:57:09.5189210Z       for file in nonempty(sorted(extended_iglob(filepattern)), "'%s' doesn't match any files" % filepattern):
2022-12-27T08:57:09.5190970Z     File "/private/var/folders/51/hd414ycd67n82196sw51xqtc0000gn/T/cibw-run-ybw0k7mi/cp39-macosx_arm64/build/venv/lib/python3.9/site-packages/Cython/Build/Dependencies.py", line 114, in nonempty
2022-12-27T08:57:09.5191910Z       raise ValueError(error_msg)
2022-12-27T08:57:09.5193500Z   ValueError: 'grpc_tools/_protoc_compiler.pyx' doesn't match any files
2022-12-27T08:57:09.5451180Z   error: subprocess-exited-with-error
2022-12-27T08:57:09.5451580Z   
2022-12-27T08:57:09.5452260Z   Ã— python setup.py egg_info did not run successfully.
2022-12-27T08:57:09.5452650Z   â”‚ exit code: 1
2022-12-27T08:57:09.5452990Z   â•°â”€> See above for output.
2022-12-27T08:57:09.5453260Z   
2022-12-27T08:57:09.5453580Z   note: This error originates from a subprocess, and is likely not a problem with pip.
2022-12-27T08:57:09.5459960Z   full command: /private/var/folders/51/hd414ycd67n82196sw51xqtc0000gn/T/cibw-run-ybw0k7mi/cp39-macosx_arm64/build/venv/bin/python -c '
2022-12-27T08:57:09.5461380Z   exec(compile('"'"''"'"''"'"'
2022-12-27T08:57:09.5461920Z   # This is <pip-setuptools-caller> -- a caller that pip uses to run setup.py
2022-12-27T08:57:09.5462250Z   #
2022-12-27T08:57:09.5462650Z   # - It imports setuptools before invoking setup.py, to enable projects that directly
2022-12-27T08:57:09.5463050Z   #   import from `distutils.core` to work with newer packaging standards.
2022-12-27T08:57:09.5463450Z   # - It provides a clear error message when setuptools is not installed.
2022-12-27T08:57:09.5464000Z   # - It sets `sys.argv[0]` to the underlying `setup.py`, when invoking `setup.py` so
2022-12-27T08:57:09.5464450Z   #   setuptools doesn'"'"'t think the script is `-c`. This avoids the following warning:
2022-12-27T08:57:09.5465840Z   #     manifest_maker: standard file '"'"'-c'"'"' not found".
2022-12-27T08:57:09.5466530Z   # - It generates a shim setup.py, for handling setup.cfg-only projects.
2022-12-27T08:57:09.5467030Z   import os, sys, tokenize
2022-12-27T08:57:09.5467570Z   
2022-12-27T08:57:09.5467760Z   try:
2022-12-27T08:57:09.5467990Z       import setuptools
2022-12-27T08:57:09.5468250Z   except ImportError as error:
2022-12-27T08:57:09.5468470Z       print(
2022-12-27T08:57:09.5469250Z           "ERROR: Can not execute `setup.py` since setuptools is not available in "
2022-12-27T08:57:09.5469590Z           "the build environment.",
2022-12-27T08:57:09.5469860Z           file=sys.stderr,
2022-12-27T08:57:09.5470430Z       )
2022-12-27T08:57:09.5470620Z       sys.exit(1)
2022-12-27T08:57:09.5470850Z   
2022-12-27T08:57:09.5471080Z   __file__ = %r
2022-12-27T08:57:09.5471280Z   sys.argv[0] = __file__
2022-12-27T08:57:09.5471560Z   
2022-12-27T08:57:09.5471780Z   if os.path.exists(__file__):
2022-12-27T08:57:09.5471980Z       filename = __file__
2022-12-27T08:57:09.5472220Z       with tokenize.open(__file__) as f:
2022-12-27T08:57:09.5472520Z           setup_py_code = f.read()
2022-12-27T08:57:09.5472700Z   else:
2022-12-27T08:57:09.5473030Z       filename = "<auto-generated setuptools caller>"
2022-12-27T08:57:09.5473320Z       setup_py_code = "from setuptools import setup; setup()"
2022-12-27T08:57:09.5473520Z   
2022-12-27T08:57:09.5473820Z   exec(compile(setup_py_code, filename, "exec"))
2022-12-27T08:57:09.5474810Z   '"'"''"'"''"'"' % ('"'"'/Users/runner/actions-runner/_work/python.build/python.build/build_grpciotools10339/grpcio_tools-1.0.3/setup.py'"'"',), "<pip-setuptools-caller>", "exec"))' egg_info --egg-base /private/var/folders/51/hd414ycd67n82196sw51xqtc0000gn/T/pip-pip-egg-info-kky9q9jf
2022-12-27T08:57:09.5475480Z   cwd: /Users/runner/actions-runner/_work/python.build/python.build/build_grpciotools10339/grpcio_tools-1.0.3/
2022-12-27T08:57:09.5475880Z   Preparing metadata (setup.py): finished with status 'error'
2022-12-27T08:57:09.5478330Z error: metadata-generation-failed
2022-12-27T08:57:09.5478640Z 
2022-12-27T08:57:09.5478970Z Ã— Encountered error while generating package metadata.
2022-12-27T08:57:09.5479420Z â•°â”€> See above for output.
2022-12-27T08:57:09.5479530Z 
2022-12-27T08:57:09.5479680Z note: This is an issue with the package mentioned above, not pip.
2022-12-27T08:57:09.5479960Z hint: See above for details.
2022-12-27T08:57:09.5504680Z Exception information:
2022-12-27T08:57:09.5505580Z Traceback (most recent call last):
2022-12-27T08:57:09.5507240Z   File "/private/var/folders/51/hd414ycd67n82196sw51xqtc0000gn/T/cibw-run-ybw0k7mi/cp39-macosx_arm64/build/venv/lib/python3.9/site-packages/pip/_internal/operations/build/metadata_legacy.py", line 64, in generate_metadata
2022-12-27T08:57:09.5508130Z     call_subprocess(
2022-12-27T08:57:09.5509390Z   File "/private/var/folders/51/hd414ycd67n82196sw51xqtc0000gn/T/cibw-run-ybw0k7mi/cp39-macosx_arm64/build/venv/lib/python3.9/site-packages/pip/_internal/utils/subprocess.py", line 224, in call_subprocess
2022-12-27T08:57:09.5510080Z     raise error
2022-12-27T08:57:09.5510660Z pip._internal.exceptions.InstallationSubprocessError: python setup.py egg_info exited with 1
2022-12-27T08:57:09.5511070Z 
2022-12-27T08:57:09.5511330Z The above exception was the direct cause of the following exception:
2022-12-27T08:57:09.5511650Z 
2022-12-27T08:57:09.5511770Z Traceback (most recent call last):
2022-12-27T08:57:09.5512780Z   File "/private/var/folders/51/hd414ycd67n82196sw51xqtc0000gn/T/cibw-run-ybw0k7mi/cp39-macosx_arm64/build/venv/lib/python3.9/site-packages/pip/_internal/cli/base_command.py", line 160, in exc_logging_wrapper
2022-12-27T08:57:09.5513710Z     status = run_func(*args)
2022-12-27T08:57:09.5514710Z   File "/private/var/folders/51/hd414ycd67n82196sw51xqtc0000gn/T/cibw-run-ybw0k7mi/cp39-macosx_arm64/build/venv/lib/python3.9/site-packages/pip/_internal/cli/req_command.py", line 247, in wrapper
2022-12-27T08:57:09.5515350Z     return func(self, options, args)
2022-12-27T08:57:09.5516310Z   File "/private/var/folders/51/hd414ycd67n82196sw51xqtc0000gn/T/cibw-run-ybw0k7mi/cp39-macosx_arm64/build/venv/lib/python3.9/site-packages/pip/_internal/commands/wheel.py", line 170, in run
2022-12-27T08:57:09.5516930Z     requirement_set = resolver.resolve(reqs, check_supported_wheels=True)
2022-12-27T08:57:09.5517880Z   File "/private/var/folders/51/hd414ycd67n82196sw51xqtc0000gn/T/cibw-run-ybw0k7mi/cp39-macosx_arm64/build/venv/lib/python3.9/site-packages/pip/_internal/resolution/resolvelib/resolver.py", line 73, in resolve
2022-12-27T08:57:09.5518770Z     collected = self.factory.collect_root_requirements(root_reqs)
2022-12-27T08:57:09.5519860Z   File "/private/var/folders/51/hd414ycd67n82196sw51xqtc0000gn/T/cibw-run-ybw0k7mi/cp39-macosx_arm64/build/venv/lib/python3.9/site-packages/pip/_internal/resolution/resolvelib/factory.py", line 491, in collect_root_requirements
2022-12-27T08:57:09.5520480Z     req = self._make_requirement_from_install_req(
2022-12-27T08:57:09.5521490Z   File "/private/var/folders/51/hd414ycd67n82196sw51xqtc0000gn/T/cibw-run-ybw0k7mi/cp39-macosx_arm64/build/venv/lib/python3.9/site-packages/pip/_internal/resolution/resolvelib/factory.py", line 453, in _make_requirement_from_install_req
2022-12-27T08:57:09.5522040Z     cand = self._make_candidate_from_link(
2022-12-27T08:57:09.5522840Z   File "/private/var/folders/51/hd414ycd67n82196sw51xqtc0000gn/T/cibw-run-ybw0k7mi/cp39-macosx_arm64/build/venv/lib/python3.9/site-packages/pip/_internal/resolution/resolvelib/factory.py", line 206, in _make_candidate_from_link
2022-12-27T08:57:09.5588800Z     self._link_candidate_cache[link] = LinkCandidate(
2022-12-27T08:57:09.5589500Z   File "/private/var/folders/51/hd414ycd67n82196sw51xqtc0000gn/T/cibw-run-ybw0k7mi/cp39-macosx_arm64/build/venv/lib/python3.9/site-packages/pip/_internal/resolution/resolvelib/candidates.py", line 297, in __init__
2022-12-27T08:57:09.5590150Z     super().__init__(
2022-12-27T08:57:09.5590820Z   File "/private/var/folders/51/hd414ycd67n82196sw51xqtc0000gn/T/cibw-run-ybw0k7mi/cp39-macosx_arm64/build/venv/lib/python3.9/site-packages/pip/_internal/resolution/resolvelib/candidates.py", line 162, in __init__
2022-12-27T08:57:09.5591230Z     self.dist = self._prepare()
2022-12-27T08:57:09.5591860Z   File "/private/var/folders/51/hd414ycd67n82196sw51xqtc0000gn/T/cibw-run-ybw0k7mi/cp39-macosx_arm64/build/venv/lib/python3.9/site-packages/pip/_internal/resolution/resolvelib/candidates.py", line 231, in _prepare
2022-12-27T08:57:09.5592270Z     dist = self._prepare_distribution()
2022-12-27T08:57:09.5593220Z   File "/private/var/folders/51/hd414ycd67n82196sw51xqtc0000gn/T/cibw-run-ybw0k7mi/cp39-macosx_arm64/build/venv/lib/python3.9/site-packages/pip/_internal/resolution/resolvelib/candidates.py", line 308, in _prepare_distribution
2022-12-27T08:57:09.5593720Z     return preparer.prepare_linked_requirement(self._ireq, parallel_builds=True)
2022-12-27T08:57:09.5594530Z   File "/private/var/folders/51/hd414ycd67n82196sw51xqtc0000gn/T/cibw-run-ybw0k7mi/cp39-macosx_arm64/build/venv/lib/python3.9/site-packages/pip/_internal/operations/prepare.py", line 491, in prepare_linked_requirement
2022-12-27T08:57:09.5595000Z     return self._prepare_linked_requirement(req, parallel_builds)
2022-12-27T08:57:09.5595690Z   File "/private/var/folders/51/hd414ycd67n82196sw51xqtc0000gn/T/cibw-run-ybw0k7mi/cp39-macosx_arm64/build/venv/lib/python3.9/site-packages/pip/_internal/operations/prepare.py", line 577, in _prepare_linked_requirement
2022-12-27T08:57:09.5596110Z     dist = _get_prepared_distribution(
2022-12-27T08:57:09.5596770Z   File "/private/var/folders/51/hd414ycd67n82196sw51xqtc0000gn/T/cibw-run-ybw0k7mi/cp39-macosx_arm64/build/venv/lib/python3.9/site-packages/pip/_internal/operations/prepare.py", line 69, in _get_prepared_distribution
2022-12-27T08:57:09.5597160Z     abstract_dist.prepare_distribution_metadata(
2022-12-27T08:57:09.5597810Z   File "/private/var/folders/51/hd414ycd67n82196sw51xqtc0000gn/T/cibw-run-ybw0k7mi/cp39-macosx_arm64/build/venv/lib/python3.9/site-packages/pip/_internal/distributions/sdist.py", line 61, in prepare_distribution_metadata
2022-12-27T08:57:09.5598210Z     self.req.prepare_metadata()
2022-12-27T08:57:09.5598810Z   File "/private/var/folders/51/hd414ycd67n82196sw51xqtc0000gn/T/cibw-run-ybw0k7mi/cp39-macosx_arm64/build/venv/lib/python3.9/site-packages/pip/_internal/req/req_install.py", line 541, in prepare_metadata
2022-12-27T08:57:09.5599210Z     self.metadata_directory = generate_metadata_legacy(
2022-12-27T08:57:09.5600060Z   File "/private/var/folders/51/hd414ycd67n82196sw51xqtc0000gn/T/cibw-run-ybw0k7mi/cp39-macosx_arm64/build/venv/lib/python3.9/site-packages/pip/_internal/operations/build/metadata_legacy.py", line 71, in generate_metadata
2022-12-27T08:57:09.5600520Z     raise MetadataGenerationFailed(package_details=details) from error
2022-12-27T08:57:09.5600870Z pip._internal.exceptions.MetadataGenerationFailed: metadata generation failed
2022-12-27T08:57:09.5601540Z Removed file:///Users/runner/actions-runner/_work/python.build/python.build/build_grpciotools10339/grpcio_tools-1.0.3 from build tracker '/private/var/folders/51/hd414ycd67n82196sw51xqtc0000gn/T/pip-build-tracker-baf2xazn'
2022-12-27T08:57:09.5602180Z Removed build tracker: '/private/var/folders/51/hd414ycd67n82196sw51xqtc0000gn/T/pip-build-tracker-baf2xazn'
2022-12-27T08:57:09.5962060Z ##[error]Command ['python', '-m', 'pip', 'wheel', '/Users/runner/actions-runner/_work/python.build/python.build/build_grpciotools10339/grpcio_tools-1.0.3', '--wheel-dir=/private/var/folders/51/hd414ycd67n82196sw51xqtc0000gn/T/cibw-run-ybw0k7mi/cp39-macosx_arm64/built_wheel', '--no-deps', '-vvv'] failed with code 1. None
2022-12-27T08:57:09.5968870Z ##[endgroup]
2022-12-27T08:57:09.5969010Z 
2022-12-27T08:57:09.5969340Z                                                               [31mâœ• [0m0.69s
2022-12-27T08:57:09.6409220Z ##[error]Process completed with exit code 1.
2022-12-27T08:57:09.6444430Z ##[group]Run rm -rf build_grpciotools10339 wheelsout
2022-12-27T08:57:09.6444710Z [36;1mrm -rf build_grpciotools10339 wheelsout[0m
2022-12-27T08:57:09.6460090Z shell: /bin/bash -e {0}
2022-12-27T08:57:09.6460250Z env:
2022-12-27T08:57:09.6460440Z   pythonLocation: /Users/runner/hostedtoolcache/Python/3.9.16/x64
2022-12-27T08:57:09.6460690Z   PKG_CONFIG_PATH: /Users/runner/hostedtoolcache/Python/3.9.16/x64/lib/pkgconfig
2022-12-27T08:57:09.6460950Z   Python_ROOT_DIR: /Users/runner/hostedtoolcache/Python/3.9.16/x64
2022-12-27T08:57:09.6461120Z   Python2_ROOT_DIR: /Users/runner/hostedtoolcache/Python/3.9.16/x64
2022-12-27T08:57:09.6461300Z   Python3_ROOT_DIR: /Users/runner/hostedtoolcache/Python/3.9.16/x64
2022-12-27T08:57:09.6461430Z ##[endgroup]
2022-12-27T08:57:09.7022700Z Cleaning up orphan processes
