2022-12-27T01:50:51.3369251Z Requested labels: self-hosted, macOS, X64
2022-12-27T01:50:51.3369312Z Job defined at: kilnbuild/python.build/.github/workflows/mac_arm_build.yml@refs/heads/main
2022-12-27T01:50:51.3369338Z Waiting for a runner to pick up this job...
2022-12-27T01:51:26.9271579Z Job is about to start running on the runner: k2 (organization)
2022-12-27T01:51:29.7171200Z Current runner version: '2.300.2'
2022-12-27T01:51:29.7175990Z Runner name: 'k2'
2022-12-27T01:51:29.7176230Z Runner group name: 'Default'
2022-12-27T01:51:29.7176660Z Machine name: 'k2'
2022-12-27T01:51:29.7178130Z ##[group]GITHUB_TOKEN Permissions
2022-12-27T01:51:29.7178530Z Actions: write
2022-12-27T01:51:29.7178670Z Checks: write
2022-12-27T01:51:29.7178800Z Contents: write
2022-12-27T01:51:29.7178930Z Deployments: write
2022-12-27T01:51:29.7179080Z Discussions: write
2022-12-27T01:51:29.7179210Z Issues: write
2022-12-27T01:51:29.7179340Z Metadata: read
2022-12-27T01:51:29.7179470Z Packages: write
2022-12-27T01:51:29.7179600Z Pages: write
2022-12-27T01:51:29.7179730Z PullRequests: write
2022-12-27T01:51:29.7179890Z RepositoryProjects: write
2022-12-27T01:51:29.7180050Z SecurityEvents: write
2022-12-27T01:51:29.7180180Z Statuses: write
2022-12-27T01:51:29.7180310Z ##[endgroup]
2022-12-27T01:51:29.7183010Z Secret source: Actions
2022-12-27T01:51:29.7183330Z Prepare workflow directory
2022-12-27T01:51:29.7825680Z Prepare all required actions
2022-12-27T01:51:29.7942160Z Getting action download info
2022-12-27T01:51:30.2303670Z Download action repository 'actions/setup-python@v4' (SHA:5ccb29d8773c3f3f653e1705f474dfaa8a06a912)
2022-12-27T01:51:31.7857810Z Download action repository 'actions/upload-artifact@v3' (SHA:83fd05a356d7e2593de66fc9913b3002723633cb)
2022-12-27T01:51:33.0508160Z ##[group]Run echo '{
2022-12-27T01:51:33.0508470Z [36;1mecho '{[0m
2022-12-27T01:51:33.0508710Z [36;1m  "environment_variables": "GRPC_PYTHON_BUILD_WITH_CYTHON=1 GRPC_BUILD_WITH_BORING_SSL_ASM='' GRPC_PYTHON_BUILD_SYSTEM_OPENSSL=TRUE",[0m
2022-12-27T01:51:33.0508910Z [36;1m  "package_name": "grpcio",[0m
2022-12-27T01:51:33.0509170Z [36;1m  "package_url": "https://files.pythonhosted.org/packages/c9/64/9428d2dd3ab5b58a2289c699f775aa2716bac24a5354425c2f9e376991f7/grpcio-0.4.0a6.tar.gz",[0m
2022-12-27T01:51:33.0509400Z [36;1m  "package_version": "0.4.0a6",[0m
2022-12-27T01:51:33.0509570Z [36;1m  "python_version": "3.11",[0m
2022-12-27T01:51:33.0509720Z [36;1m  "use_ccache": "true"[0m
2022-12-27T01:51:33.0509860Z [36;1m}'[0m
2022-12-27T01:51:33.0525010Z shell: /bin/bash -e {0}
2022-12-27T01:51:33.0525220Z ##[endgroup]
2022-12-27T01:51:33.0729110Z {
2022-12-27T01:51:33.0730620Z   "environment_variables": "GRPC_PYTHON_BUILD_WITH_CYTHON=1 GRPC_BUILD_WITH_BORING_SSL_ASM= GRPC_PYTHON_BUILD_SYSTEM_OPENSSL=TRUE",
2022-12-27T01:51:33.0730910Z   "package_name": "grpcio",
2022-12-27T01:51:33.0731490Z   "package_url": "https://files.pythonhosted.org/packages/c9/64/9428d2dd3ab5b58a2289c699f775aa2716bac24a5354425c2f9e376991f7/grpcio-0.4.0a6.tar.gz",
2022-12-27T01:51:33.0731770Z   "package_version": "0.4.0a6",
2022-12-27T01:51:33.0731940Z   "python_version": "3.11",
2022-12-27T01:51:33.0732120Z   "use_ccache": "true"
2022-12-27T01:51:33.0732270Z }
2022-12-27T01:51:33.0930020Z ##[group]Run actions/setup-python@v4
2022-12-27T01:51:33.0930210Z with:
2022-12-27T01:51:33.0930390Z   python-version: 3.11
2022-12-27T01:51:33.0930630Z   check-latest: false
2022-12-27T01:51:33.0930910Z   token: ***
2022-12-27T01:51:33.0931090Z   update-environment: true
2022-12-27T01:51:33.0931260Z ##[endgroup]
2022-12-27T01:51:33.2110160Z ##[group]Installed versions
2022-12-27T01:51:33.2211490Z Successfully set up CPython (3.11.1)
2022-12-27T01:51:33.2212070Z ##[endgroup]
2022-12-27T01:51:33.2347810Z ##[group]Run if [ "true" == "true" ]
2022-12-27T01:51:33.2348090Z [36;1mif [ "true" == "true" ][0m
2022-12-27T01:51:33.2348240Z [36;1mthen[0m
2022-12-27T01:51:33.2348450Z [36;1m  echo "CCACHE_PATH_PREPEND=/usr/local/opt/ccache/libexec" >> $GITHUB_OUTPUT[0m
2022-12-27T01:51:33.2349000Z [36;1melse[0m
2022-12-27T01:51:33.2349200Z [36;1m  echo "CCACHE_PATH_PREPEND=" >> $GITHUB_OUTPUT[0m
2022-12-27T01:51:33.2349410Z [36;1mfi[0m
2022-12-27T01:51:33.2366220Z shell: /bin/bash -e {0}
2022-12-27T01:51:33.2366490Z env:
2022-12-27T01:51:33.2366680Z   pythonLocation: /Users/runner/hostedtoolcache/Python/3.11.1/x64
2022-12-27T01:51:33.2366940Z   PKG_CONFIG_PATH: /Users/runner/hostedtoolcache/Python/3.11.1/x64/lib/pkgconfig
2022-12-27T01:51:33.2367540Z   Python_ROOT_DIR: /Users/runner/hostedtoolcache/Python/3.11.1/x64
2022-12-27T01:51:33.2367840Z   Python2_ROOT_DIR: /Users/runner/hostedtoolcache/Python/3.11.1/x64
2022-12-27T01:51:33.2368110Z   Python3_ROOT_DIR: /Users/runner/hostedtoolcache/Python/3.11.1/x64
2022-12-27T01:51:33.2368310Z ##[endgroup]
2022-12-27T01:51:33.2469310Z ##[group]Run echo "BUILD_NAME=$(echo grpcio_0.4.0a6_3.11 | tr -dc '[:alnum:]\n\r' | tr '[:upper:]' '[:lower:]')" >> $GITHUB_OUTPUT
2022-12-27T01:51:33.2469710Z [36;1mecho "BUILD_NAME=$(echo grpcio_0.4.0a6_3.11 | tr -dc '[:alnum:]\n\r' | tr '[:upper:]' '[:lower:]')" >> $GITHUB_OUTPUT[0m
2022-12-27T01:51:33.2484030Z shell: /bin/bash -e {0}
2022-12-27T01:51:33.2484210Z env:
2022-12-27T01:51:33.2484450Z   pythonLocation: /Users/runner/hostedtoolcache/Python/3.11.1/x64
2022-12-27T01:51:33.2484750Z   PKG_CONFIG_PATH: /Users/runner/hostedtoolcache/Python/3.11.1/x64/lib/pkgconfig
2022-12-27T01:51:33.2484990Z   Python_ROOT_DIR: /Users/runner/hostedtoolcache/Python/3.11.1/x64
2022-12-27T01:51:33.2485370Z   Python2_ROOT_DIR: /Users/runner/hostedtoolcache/Python/3.11.1/x64
2022-12-27T01:51:33.2485640Z   Python3_ROOT_DIR: /Users/runner/hostedtoolcache/Python/3.11.1/x64
2022-12-27T01:51:33.2485870Z ##[endgroup]
2022-12-27T01:51:33.2619530Z ##[group]Run echo "PYTHON_NO_DOTS=$(echo 3.11 | tr -dc '[:alnum:]\n\r' | tr '[:upper:]' '[:lower:]')" >> $GITHUB_OUTPUT
2022-12-27T01:51:33.2619850Z [36;1mecho "PYTHON_NO_DOTS=$(echo 3.11 | tr -dc '[:alnum:]\n\r' | tr '[:upper:]' '[:lower:]')" >> $GITHUB_OUTPUT[0m
2022-12-27T01:51:33.2634210Z shell: /bin/bash -e {0}
2022-12-27T01:51:33.2634390Z env:
2022-12-27T01:51:33.2634600Z   pythonLocation: /Users/runner/hostedtoolcache/Python/3.11.1/x64
2022-12-27T01:51:33.2634820Z   PKG_CONFIG_PATH: /Users/runner/hostedtoolcache/Python/3.11.1/x64/lib/pkgconfig
2022-12-27T01:51:33.2635080Z   Python_ROOT_DIR: /Users/runner/hostedtoolcache/Python/3.11.1/x64
2022-12-27T01:51:33.2635430Z   Python2_ROOT_DIR: /Users/runner/hostedtoolcache/Python/3.11.1/x64
2022-12-27T01:51:33.2635660Z   Python3_ROOT_DIR: /Users/runner/hostedtoolcache/Python/3.11.1/x64
2022-12-27T01:51:33.2635860Z ##[endgroup]
2022-12-27T01:51:33.2741370Z ##[group]Run rm -rf build_grpcio040a6311
2022-12-27T01:51:33.2741650Z [36;1mrm -rf build_grpcio040a6311[0m
2022-12-27T01:51:33.2741960Z [36;1mmkdir build_grpcio040a6311[0m
2022-12-27T01:51:33.2742160Z [36;1mcd build_grpcio040a6311[0m
2022-12-27T01:51:33.2742440Z [36;1m/usr/local/bin/wget --quiet https://files.pythonhosted.org/packages/c9/64/9428d2dd3ab5b58a2289c699f775aa2716bac24a5354425c2f9e376991f7/grpcio-0.4.0a6.tar.gz[0m
2022-12-27T01:51:33.2742730Z [36;1mtar xf *.tar.gz[0m
2022-12-27T01:51:33.2742900Z [36;1mcd grpcio-*/[0m
2022-12-27T01:51:33.2743090Z [36;1mpython -m pip install cibuildwheel==2.11.3[0m
2022-12-27T01:51:33.2743270Z [36;1mpython -m cibuildwheel --output-dir ../wheelsout[0m
2022-12-27T01:51:33.2757260Z shell: /bin/bash -e {0}
2022-12-27T01:51:33.2757490Z env:
2022-12-27T01:51:33.2757680Z   pythonLocation: /Users/runner/hostedtoolcache/Python/3.11.1/x64
2022-12-27T01:51:33.2758020Z   PKG_CONFIG_PATH: /Users/runner/hostedtoolcache/Python/3.11.1/x64/lib/pkgconfig
2022-12-27T01:51:33.2758290Z   Python_ROOT_DIR: /Users/runner/hostedtoolcache/Python/3.11.1/x64
2022-12-27T01:51:33.2758540Z   Python2_ROOT_DIR: /Users/runner/hostedtoolcache/Python/3.11.1/x64
2022-12-27T01:51:33.2758790Z   Python3_ROOT_DIR: /Users/runner/hostedtoolcache/Python/3.11.1/x64
2022-12-27T01:51:33.2758980Z   CIBW_ARCHS_MACOS: arm64
2022-12-27T01:51:33.2759200Z   CIBW_TEST_SKIP: *_arm64
2022-12-27T01:51:33.2759390Z   CIBW_BUILD: cp311-macosx_arm64
2022-12-27T01:51:33.2759560Z   CIBW_BUILD_FRONTEND: pip
2022-12-27T01:51:33.2759730Z   CIBW_BUILD_VERBOSITY: 3
2022-12-27T01:51:33.2760110Z   CIBW_ENVIRONMENT_MACOS: GRPC_PYTHON_BUILD_WITH_CYTHON=1 GRPC_BUILD_WITH_BORING_SSL_ASM='' GRPC_PYTHON_BUILD_SYSTEM_OPENSSL=TRUE CFLAGS="-I/usr/local/opt/openssl@3/include" LDFLAGS="-L/usr/local/opt/openssl@3/lib" CPPFLAGS="-I/usr/local/opt/openssl@3/include" MAKEFLAGS="-j$(sysctl -n hw.logicalcpu)" PATH=/usr/local/opt/ccache/libexec:$PATH
2022-12-27T01:51:33.2760680Z   CIBW_BEFORE_BUILD: pip install Cython; if [[ -f requirements.txt ]]; then pip install -r requirements.txt; fi
2022-12-27T01:51:33.2760910Z   MAKEFLAGS: -j$(sysctl -n hw.logicalcpu)
2022-12-27T01:51:33.2761060Z ##[endgroup]
2022-12-27T01:51:33.6680290Z Requirement already satisfied: cibuildwheel==2.11.3 in /Library/Frameworks/Python.framework/Versions/3.11/lib/python3.11/site-packages (2.11.3)
2022-12-27T01:51:33.6969090Z Requirement already satisfied: bashlex!=0.13 in /Library/Frameworks/Python.framework/Versions/3.11/lib/python3.11/site-packages (from cibuildwheel==2.11.3) (0.16)
2022-12-27T01:51:33.6975860Z Requirement already satisfied: bracex in /Library/Frameworks/Python.framework/Versions/3.11/lib/python3.11/site-packages (from cibuildwheel==2.11.3) (2.3.post1)
2022-12-27T01:51:33.6982200Z Requirement already satisfied: certifi in /Library/Frameworks/Python.framework/Versions/3.11/lib/python3.11/site-packages (from cibuildwheel==2.11.3) (2022.12.7)
2022-12-27T01:51:33.6988930Z Requirement already satisfied: filelock in /Library/Frameworks/Python.framework/Versions/3.11/lib/python3.11/site-packages (from cibuildwheel==2.11.3) (3.8.2)
2022-12-27T01:51:33.6997520Z Requirement already satisfied: packaging>=20.9 in /Library/Frameworks/Python.framework/Versions/3.11/lib/python3.11/site-packages (from cibuildwheel==2.11.3) (22.0)
2022-12-27T01:51:33.7005430Z Requirement already satisfied: platformdirs in /Library/Frameworks/Python.framework/Versions/3.11/lib/python3.11/site-packages (from cibuildwheel==2.11.3) (2.6.0)
2022-12-27T01:51:33.9147300Z 
2022-12-27T01:51:33.9147480Z      _ _       _ _   _       _           _
2022-12-27T01:51:33.9147820Z  ___|_| |_ _ _|_| |_| |_ _ _| |_ ___ ___| |
2022-12-27T01:51:33.9148720Z |  _| | . | | | | | . | | | |   | -_| -_| |
2022-12-27T01:51:33.9148990Z |___|_|___|___|_|_|___|_____|_|_|___|___|_|
2022-12-27T01:51:33.9149110Z 
2022-12-27T01:51:33.9149240Z cibuildwheel version 2.11.3
2022-12-27T01:51:33.9149400Z 
2022-12-27T01:51:33.9149520Z Build options:
2022-12-27T01:51:33.9149840Z   platform: macos
2022-12-27T01:51:33.9192450Z   architectures: arm64[0m
2022-12-27T01:51:33.9193320Z   build_selector: 
2022-12-27T01:51:33.9193860Z     build_config: cp311-macosx_arm64
2022-12-27T01:51:33.9194220Z     skip_config: 
2022-12-27T01:51:33.9194640Z     requires_python: None
2022-12-27T01:51:33.9195010Z     prerelease_pythons: False[0m
2022-12-27T01:51:33.9195610Z   [38;5;244mcontainer_engine: docker[0m
2022-12-27T01:51:33.9196110Z   output_dir: /Users/runner/actions-runner/_work/python.build/python.build/build_grpcio040a6311/wheelsout[0m
2022-12-27T01:51:33.9196800Z   package_dir: /Users/runner/actions-runner/_work/python.build/python.build/build_grpcio040a6311/grpcio-0.4.0a6[0m
2022-12-27T01:51:33.9197170Z   test_selector: 
2022-12-27T01:51:33.9197470Z     skip_config: *_arm64[0m
2022-12-27T01:51:33.9197790Z   [38;5;244mbefore_all: [0m
2022-12-27T01:51:33.9198320Z   before_build: pip install Cython; if [[ -f requirements.txt ]]; then pip install -r requirements.txt; fi[0m
2022-12-27T01:51:33.9198760Z   [38;5;244mbefore_test: [0m
2022-12-27T01:51:33.9199100Z   [38;5;244mbuild_frontend: pip[0m
2022-12-27T01:51:33.9199430Z   build_verbosity: 3[0m
2022-12-27T01:51:33.9199770Z   [38;5;244mconfig_settings: [0m
2022-12-27T01:51:33.9200110Z   [38;5;244mdependency_constraints: pinned[0m
2022-12-27T01:51:33.9200430Z   environment: 
2022-12-27T01:51:33.9200700Z     GRPC_PYTHON_BUILD_WITH_CYTHON=1
2022-12-27T01:51:33.9201000Z     GRPC_BUILD_WITH_BORING_SSL_ASM=''
2022-12-27T01:51:33.9201320Z     GRPC_PYTHON_BUILD_SYSTEM_OPENSSL=TRUE
2022-12-27T01:51:33.9201810Z     CFLAGS="-I/usr/local/opt/openssl@3/include"
2022-12-27T01:51:33.9202190Z     LDFLAGS="-L/usr/local/opt/openssl@3/lib"
2022-12-27T01:51:33.9202580Z     CPPFLAGS="-I/usr/local/opt/openssl@3/include"
2022-12-27T01:51:33.9202980Z     MAKEFLAGS="-j$(sysctl -n hw.logicalcpu)"
2022-12-27T01:51:33.9203640Z     PATH=/usr/local/opt/ccache/libexec:$PATH[0m
2022-12-27T01:51:33.9204110Z   [38;5;244mmanylinux_images: None[0m
2022-12-27T01:51:33.9204470Z   [38;5;244mmusllinux_images: None[0m
2022-12-27T01:51:33.9204930Z   [38;5;244mrepair_command: delocate-wheel --require-archs {delocate_archs} -w {dest_dir} -v {wheel}[0m
2022-12-27T01:51:33.9205360Z   [38;5;244mtest_command: [0m
2022-12-27T01:51:33.9205690Z   [38;5;244mtest_extras: [0m
2022-12-27T01:51:33.9206050Z   [38;5;244mtest_requires: [0m
2022-12-27T01:51:33.9206190Z 
2022-12-27T01:51:33.9206360Z Cache folder: /Users/runner/Library/Caches/cibuildwheel
2022-12-27T01:51:33.9209620Z 
2022-12-27T01:51:33.9209930Z Here we go!
2022-12-27T01:51:33.9210100Z 
2022-12-27T01:51:33.9256880Z 
2022-12-27T01:51:33.9257460Z [1m[34mBuilding cp311-macosx_arm64 wheel[0m
2022-12-27T01:51:33.9258030Z CPython 3.11 macOS arm64 - Apple Silicon
2022-12-27T01:51:33.9258210Z 
2022-12-27T01:51:33.9259960Z ##[group]Installing Python cp311...
2022-12-27T01:51:33.9260120Z 
2022-12-27T01:51:33.9260320Z + pkgutil --pkgs
2022-12-27T01:51:33.9361320Z ##[endgroup]
2022-12-27T01:51:33.9362490Z                                                               [32mâœ“ [0m0.01s
2022-12-27T01:51:33.9363020Z ##[group]Setting up build environment...
2022-12-27T01:51:33.9363200Z 
2022-12-27T01:51:33.9380910Z + /Library/Frameworks/Python.framework/Versions/3.11/bin/python -sS /Users/runner/Library/Caches/cibuildwheel/virtualenv-20.17.0.pyz --activators= --no-periodic-update --pip=22.3.1 --setuptools=65.6.3 --wheel=0.38.4 --symlink-app-data --python /Library/Frameworks/Python.framework/Versions/3.11/bin/python3 /private/var/folders/51/hd414ycd67n82196sw51xqtc0000gn/T/cibw-run-iwu13807/cp311-macosx_arm64/build/venv
2022-12-27T01:51:34.1237190Z created virtual environment CPython3.11.1.final.0-64 in 46ms
2022-12-27T01:51:34.1237700Z   creator CPython3Posix(dest=/private/var/folders/51/hd414ycd67n82196sw51xqtc0000gn/T/cibw-run-iwu13807/cp311-macosx_arm64/build/venv, clear=False, no_vcs_ignore=False, global=False)
2022-12-27T01:51:34.1238400Z   seeder FromAppData(download=False, pip=22.3.1, setuptools=65.6.3, wheel=0.38.4, via=symlink, app_data_dir=/Users/runner/Library/Application Support/virtualenv)
2022-12-27T01:51:34.1238890Z     added seed packages: pip==22.3.1, setuptools==65.6.3, wheel==0.38.4
2022-12-27T01:51:34.1371660Z + python -m pip install --upgrade pip -c /Library/Frameworks/Python.framework/Versions/3.11/lib/python3.11/site-packages/cibuildwheel/resources/constraints-python311.txt
2022-12-27T01:51:34.3989390Z Requirement already satisfied: pip in ./lib/python3.11/site-packages (22.3.1)
2022-12-27T01:51:34.5254070Z + which pip
2022-12-27T01:51:34.5272180Z /private/var/folders/51/hd414ycd67n82196sw51xqtc0000gn/T/cibw-run-iwu13807/cp311-macosx_arm64/build/venv/bin/pip
2022-12-27T01:51:34.5274200Z + pip --version
2022-12-27T01:51:34.7205990Z pip 22.3.1 from /private/var/folders/51/hd414ycd67n82196sw51xqtc0000gn/T/cibw-run-iwu13807/cp311-macosx_arm64/build/venv/lib/python3.11/site-packages/pip (python 3.11)
2022-12-27T01:51:34.7458190Z + which pip
2022-12-27T01:51:34.7482260Z + which python
2022-12-27T01:51:34.7499060Z /private/var/folders/51/hd414ycd67n82196sw51xqtc0000gn/T/cibw-run-iwu13807/cp311-macosx_arm64/build/venv/bin/python
2022-12-27T01:51:34.7501100Z + python --version
2022-12-27T01:51:34.7556350Z Python 3.11.1
2022-12-27T01:51:34.7559220Z + which python
2022-12-27T01:51:34.7609630Z ##[endgroup]
2022-12-27T01:51:34.7610210Z                                                               [32mâœ“ [0m0.82s
2022-12-27T01:51:34.7610900Z ##[group]Installing build tools...
2022-12-27T01:51:34.7611030Z 
2022-12-27T01:51:34.7611540Z + pip install --upgrade setuptools wheel delocate -c /Library/Frameworks/Python.framework/Versions/3.11/lib/python3.11/site-packages/cibuildwheel/resources/constraints-python311.txt
2022-12-27T01:51:35.0297230Z Requirement already satisfied: setuptools in /private/var/folders/51/hd414ycd67n82196sw51xqtc0000gn/T/cibw-run-iwu13807/cp311-macosx_arm64/build/venv/lib/python3.11/site-packages (65.6.3)
2022-12-27T01:51:35.2011970Z Requirement already satisfied: wheel in /private/var/folders/51/hd414ycd67n82196sw51xqtc0000gn/T/cibw-run-iwu13807/cp311-macosx_arm64/build/venv/lib/python3.11/site-packages (0.38.4)
2022-12-27T01:51:35.2457470Z Collecting delocate
2022-12-27T01:51:35.2479930Z   Using cached delocate-0.10.3-py3-none-any.whl (142 kB)
2022-12-27T01:51:35.2728750Z Collecting packaging>=20.9
2022-12-27T01:51:35.2746990Z   Using cached packaging-21.3-py3-none-any.whl (40 kB)
2022-12-27T01:51:35.2901810Z Collecting typing-extensions
2022-12-27T01:51:35.2919000Z   Using cached typing_extensions-4.4.0-py3-none-any.whl (26 kB)
2022-12-27T01:51:35.3230240Z Collecting pyparsing!=3.0.5,>=2.0.2
2022-12-27T01:51:35.3247740Z   Using cached pyparsing-3.0.9-py3-none-any.whl (98 kB)
2022-12-27T01:51:35.3797180Z Installing collected packages: typing-extensions, pyparsing, packaging, delocate
2022-12-27T01:51:35.5122040Z Successfully installed delocate-0.10.3 packaging-21.3 pyparsing-3.0.9 typing-extensions-4.4.0
2022-12-27T01:51:35.5566670Z ##[endgroup]
2022-12-27T01:51:35.5567290Z                                                               [32mâœ“ [0m0.80s
2022-12-27T01:51:35.5567670Z ##[group]Running before_build...
2022-12-27T01:51:35.5567800Z 
2022-12-27T01:51:35.5572730Z + pip install Cython; if [[ -f requirements.txt ]]; then pip install -r requirements.txt; fi
2022-12-27T01:51:36.4006900Z Collecting Cython
2022-12-27T01:51:36.4052010Z   Using cached Cython-0.29.32-py2.py3-none-any.whl (986 kB)
2022-12-27T01:51:36.4441420Z Installing collected packages: Cython
2022-12-27T01:51:36.8501940Z Successfully installed Cython-0.29.32
2022-12-27T01:51:36.8987300Z ##[endgroup]
2022-12-27T01:51:36.8987940Z                                                               [32mâœ“ [0m1.34s
2022-12-27T01:51:36.8988680Z ##[group]Building wheel...
2022-12-27T01:51:36.8988850Z 
2022-12-27T01:51:36.8992260Z + python -m pip wheel /Users/runner/actions-runner/_work/python.build/python.build/build_grpcio040a6311/grpcio-0.4.0a6 --wheel-dir=/private/var/folders/51/hd414ycd67n82196sw51xqtc0000gn/T/cibw-run-iwu13807/cp311-macosx_arm64/built_wheel --no-deps -vvv
2022-12-27T01:51:37.1417880Z Created temporary directory: /private/var/folders/51/hd414ycd67n82196sw51xqtc0000gn/T/pip-ephem-wheel-cache-7ojm0j6k
2022-12-27T01:51:37.1421960Z Created temporary directory: /private/var/folders/51/hd414ycd67n82196sw51xqtc0000gn/T/pip-build-tracker-_ozr_2du
2022-12-27T01:51:37.1423410Z Initialized build tracking at /private/var/folders/51/hd414ycd67n82196sw51xqtc0000gn/T/pip-build-tracker-_ozr_2du
2022-12-27T01:51:37.1424810Z Created build tracker: /private/var/folders/51/hd414ycd67n82196sw51xqtc0000gn/T/pip-build-tracker-_ozr_2du
2022-12-27T01:51:37.1426070Z Entered build tracker: /private/var/folders/51/hd414ycd67n82196sw51xqtc0000gn/T/pip-build-tracker-_ozr_2du
2022-12-27T01:51:37.1428900Z Created temporary directory: /private/var/folders/51/hd414ycd67n82196sw51xqtc0000gn/T/pip-wheel-3bgcofu4
2022-12-27T01:51:37.1434010Z Created temporary directory: /private/var/folders/51/hd414ycd67n82196sw51xqtc0000gn/T/pip-ephem-wheel-cache-4omyx1sj
2022-12-27T01:51:37.1504950Z Processing /Users/runner/actions-runner/_work/python.build/python.build/build_grpcio040a6311/grpcio-0.4.0a6
2022-12-27T01:51:37.1509750Z   Added file:///Users/runner/actions-runner/_work/python.build/python.build/build_grpcio040a6311/grpcio-0.4.0a6 to build tracker '/private/var/folders/51/hd414ycd67n82196sw51xqtc0000gn/T/pip-build-tracker-_ozr_2du'
2022-12-27T01:51:37.1512600Z   Running setup.py (path:/Users/runner/actions-runner/_work/python.build/python.build/build_grpcio040a6311/grpcio-0.4.0a6/setup.py) egg_info for package from file:///Users/runner/actions-runner/_work/python.build/python.build/build_grpcio040a6311/grpcio-0.4.0a6
2022-12-27T01:51:37.1515110Z   Created temporary directory: /private/var/folders/51/hd414ycd67n82196sw51xqtc0000gn/T/pip-pip-egg-info-pm_w9c9z
2022-12-27T01:51:37.1516260Z   Preparing metadata (setup.py): started
2022-12-27T01:51:37.1517730Z   Running command python setup.py egg_info
2022-12-27T01:51:37.2992520Z   running egg_info
2022-12-27T01:51:37.2994560Z   creating /private/var/folders/51/hd414ycd67n82196sw51xqtc0000gn/T/pip-pip-egg-info-pm_w9c9z/grpcio.egg-info
2022-12-27T01:51:37.2996060Z   writing /private/var/folders/51/hd414ycd67n82196sw51xqtc0000gn/T/pip-pip-egg-info-pm_w9c9z/grpcio.egg-info/PKG-INFO
2022-12-27T01:51:37.2999310Z   writing dependency_links to /private/var/folders/51/hd414ycd67n82196sw51xqtc0000gn/T/pip-pip-egg-info-pm_w9c9z/grpcio.egg-info/dependency_links.txt
2022-12-27T01:51:37.3003330Z   writing requirements to /private/var/folders/51/hd414ycd67n82196sw51xqtc0000gn/T/pip-pip-egg-info-pm_w9c9z/grpcio.egg-info/requires.txt
2022-12-27T01:51:37.3004770Z   writing top-level names to /private/var/folders/51/hd414ycd67n82196sw51xqtc0000gn/T/pip-pip-egg-info-pm_w9c9z/grpcio.egg-info/top_level.txt
2022-12-27T01:51:37.3006760Z   writing manifest file '/private/var/folders/51/hd414ycd67n82196sw51xqtc0000gn/T/pip-pip-egg-info-pm_w9c9z/grpcio.egg-info/SOURCES.txt'
2022-12-27T01:51:37.3786510Z   reading manifest file '/private/var/folders/51/hd414ycd67n82196sw51xqtc0000gn/T/pip-pip-egg-info-pm_w9c9z/grpcio.egg-info/SOURCES.txt'
2022-12-27T01:51:37.3788130Z   reading manifest template 'MANIFEST.in'
2022-12-27T01:51:37.3815950Z   writing manifest file '/private/var/folders/51/hd414ycd67n82196sw51xqtc0000gn/T/pip-pip-egg-info-pm_w9c9z/grpcio.egg-info/SOURCES.txt'
2022-12-27T01:51:37.4035890Z   Preparing metadata (setup.py): finished with status 'done'
2022-12-27T01:51:37.4059130Z   Source in /Users/runner/actions-runner/_work/python.build/python.build/build_grpcio040a6311/grpcio-0.4.0a6 has version 0.4.0a6, which satisfies requirement grpcio==0.4.0a6 from file:///Users/runner/actions-runner/_work/python.build/python.build/build_grpcio040a6311/grpcio-0.4.0a6
2022-12-27T01:51:37.4062270Z   Removed grpcio==0.4.0a6 from file:///Users/runner/actions-runner/_work/python.build/python.build/build_grpcio040a6311/grpcio-0.4.0a6 from build tracker '/private/var/folders/51/hd414ycd67n82196sw51xqtc0000gn/T/pip-build-tracker-_ozr_2du'
2022-12-27T01:51:37.4077660Z Created temporary directory: /private/var/folders/51/hd414ycd67n82196sw51xqtc0000gn/T/pip-unpack-zx254asp
2022-12-27T01:51:37.4079760Z Building wheels for collected packages: grpcio
2022-12-27T01:51:37.4085340Z   Created temporary directory: /private/var/folders/51/hd414ycd67n82196sw51xqtc0000gn/T/pip-wheel-9rimu9g9
2022-12-27T01:51:37.4086590Z   Building wheel for grpcio (setup.py): started
2022-12-27T01:51:37.4088480Z   Destination directory: /private/var/folders/51/hd414ycd67n82196sw51xqtc0000gn/T/pip-wheel-9rimu9g9
2022-12-27T01:51:37.4089770Z   Running command python setup.py bdist_wheel
2022-12-27T01:51:37.5635780Z   running bdist_wheel
2022-12-27T01:51:37.6349950Z   running build
2022-12-27T01:51:37.6351560Z   running build_py
2022-12-27T01:51:37.6367270Z   creating build
2022-12-27T01:51:37.6368790Z   creating build/lib.macosx-11.0-arm64-cpython-311
2022-12-27T01:51:37.6369930Z   creating build/lib.macosx-11.0-arm64-cpython-311/grpc
2022-12-27T01:51:37.6371340Z   copying grpc/__init__.py -> build/lib.macosx-11.0-arm64-cpython-311/grpc
2022-12-27T01:51:37.6378360Z   creating build/lib.macosx-11.0-arm64-cpython-311/grpc/_adapter
2022-12-27T01:51:37.6379620Z   copying grpc/_adapter/fore.py -> build/lib.macosx-11.0-arm64-cpython-311/grpc/_adapter
2022-12-27T01:51:37.6382710Z   copying grpc/_adapter/_event_invocation_synchronous_event_service_test.py -> build/lib.macosx-11.0-arm64-cpython-311/grpc/_adapter
2022-12-27T01:51:37.6385150Z   copying grpc/_adapter/_lonely_rear_link_test.py -> build/lib.macosx-11.0-arm64-cpython-311/grpc/_adapter
2022-12-27T01:51:37.6387100Z   copying grpc/_adapter/_face_test_case.py -> build/lib.macosx-11.0-arm64-cpython-311/grpc/_adapter
2022-12-27T01:51:37.6389680Z   copying grpc/_adapter/_future_invocation_asynchronous_event_service_test.py -> build/lib.macosx-11.0-arm64-cpython-311/grpc/_adapter
2022-12-27T01:51:37.6391780Z   copying grpc/_adapter/_common.py -> build/lib.macosx-11.0-arm64-cpython-311/grpc/_adapter
2022-12-27T01:51:37.6394280Z   copying grpc/_adapter/__init__.py -> build/lib.macosx-11.0-arm64-cpython-311/grpc/_adapter
2022-12-27T01:51:37.6396550Z   copying grpc/_adapter/_low.py -> build/lib.macosx-11.0-arm64-cpython-311/grpc/_adapter
2022-12-27T01:51:37.6399540Z   copying grpc/_adapter/_blocking_invocation_inline_service_test.py -> build/lib.macosx-11.0-arm64-cpython-311/grpc/_adapter
2022-12-27T01:51:37.6401440Z   copying grpc/_adapter/_test_links.py -> build/lib.macosx-11.0-arm64-cpython-311/grpc/_adapter
2022-12-27T01:51:37.6404520Z   copying grpc/_adapter/rear.py -> build/lib.macosx-11.0-arm64-cpython-311/grpc/_adapter
2022-12-27T01:51:37.6406430Z   copying grpc/_adapter/_proto_scenarios.py -> build/lib.macosx-11.0-arm64-cpython-311/grpc/_adapter
2022-12-27T01:51:37.6408060Z   copying grpc/_adapter/_low_test.py -> build/lib.macosx-11.0-arm64-cpython-311/grpc/_adapter
2022-12-27T01:51:37.6410750Z   copying grpc/_adapter/_datatypes.py -> build/lib.macosx-11.0-arm64-cpython-311/grpc/_adapter
2022-12-27T01:51:37.6412790Z   copying grpc/_adapter/_links_test.py -> build/lib.macosx-11.0-arm64-cpython-311/grpc/_adapter
2022-12-27T01:51:37.6415620Z   copying grpc/_adapter/_c_test.py -> build/lib.macosx-11.0-arm64-cpython-311/grpc/_adapter
2022-12-27T01:51:37.6419700Z   creating build/lib.macosx-11.0-arm64-cpython-311/grpc/_junkdrawer
2022-12-27T01:51:37.6421340Z   copying grpc/_junkdrawer/stock_pb2.py -> build/lib.macosx-11.0-arm64-cpython-311/grpc/_junkdrawer
2022-12-27T01:51:37.6423250Z   copying grpc/_junkdrawer/__init__.py -> build/lib.macosx-11.0-arm64-cpython-311/grpc/_junkdrawer
2022-12-27T01:51:37.6425390Z   copying grpc/_junkdrawer/math_pb2.py -> build/lib.macosx-11.0-arm64-cpython-311/grpc/_junkdrawer
2022-12-27T01:51:37.6429340Z   creating build/lib.macosx-11.0-arm64-cpython-311/grpc/early_adopter
2022-12-27T01:51:37.6430490Z   copying grpc/early_adopter/__init__.py -> build/lib.macosx-11.0-arm64-cpython-311/grpc/early_adopter
2022-12-27T01:51:37.6432820Z   copying grpc/early_adopter/implementations_test.py -> build/lib.macosx-11.0-arm64-cpython-311/grpc/early_adopter
2022-12-27T01:51:37.6435690Z   copying grpc/early_adopter/implementations.py -> build/lib.macosx-11.0-arm64-cpython-311/grpc/early_adopter
2022-12-27T01:51:37.6438950Z   creating build/lib.macosx-11.0-arm64-cpython-311/grpc/framework
2022-12-27T01:51:37.6440080Z   copying grpc/framework/__init__.py -> build/lib.macosx-11.0-arm64-cpython-311/grpc/framework
2022-12-27T01:51:37.6444810Z   creating build/lib.macosx-11.0-arm64-cpython-311/grpc/framework/alpha
2022-12-27T01:51:37.6445920Z   copying grpc/framework/alpha/interfaces.py -> build/lib.macosx-11.0-arm64-cpython-311/grpc/framework/alpha
2022-12-27T01:51:37.6448470Z   copying grpc/framework/alpha/_face_utilities.py -> build/lib.macosx-11.0-arm64-cpython-311/grpc/framework/alpha
2022-12-27T01:51:37.6450940Z   copying grpc/framework/alpha/__init__.py -> build/lib.macosx-11.0-arm64-cpython-311/grpc/framework/alpha
2022-12-27T01:51:37.6453670Z   copying grpc/framework/alpha/exceptions.py -> build/lib.macosx-11.0-arm64-cpython-311/grpc/framework/alpha
2022-12-27T01:51:37.6455590Z   copying grpc/framework/alpha/_reexport.py -> build/lib.macosx-11.0-arm64-cpython-311/grpc/framework/alpha
2022-12-27T01:51:37.6458310Z   copying grpc/framework/alpha/utilities.py -> build/lib.macosx-11.0-arm64-cpython-311/grpc/framework/alpha
2022-12-27T01:51:37.6465270Z   creating build/lib.macosx-11.0-arm64-cpython-311/grpc/framework/base
2022-12-27T01:51:37.6466920Z   copying grpc/framework/base/interfaces.py -> build/lib.macosx-11.0-arm64-cpython-311/grpc/framework/base
2022-12-27T01:51:37.6469040Z   copying grpc/framework/base/_constants.py -> build/lib.macosx-11.0-arm64-cpython-311/grpc/framework/base
2022-12-27T01:51:37.6471380Z   copying grpc/framework/base/_expiration.py -> build/lib.macosx-11.0-arm64-cpython-311/grpc/framework/base
2022-12-27T01:51:37.6473810Z   copying grpc/framework/base/_transmission.py -> build/lib.macosx-11.0-arm64-cpython-311/grpc/framework/base
2022-12-27T01:51:37.6476780Z   copying grpc/framework/base/_reception.py -> build/lib.macosx-11.0-arm64-cpython-311/grpc/framework/base
2022-12-27T01:51:37.6479190Z   copying grpc/framework/base/_ingestion.py -> build/lib.macosx-11.0-arm64-cpython-311/grpc/framework/base
2022-12-27T01:51:37.6482120Z   copying grpc/framework/base/util.py -> build/lib.macosx-11.0-arm64-cpython-311/grpc/framework/base
2022-12-27T01:51:37.6484590Z   copying grpc/framework/base/_termination.py -> build/lib.macosx-11.0-arm64-cpython-311/grpc/framework/base
2022-12-27T01:51:37.6486380Z   copying grpc/framework/base/null.py -> build/lib.macosx-11.0-arm64-cpython-311/grpc/framework/base
2022-12-27T01:51:37.6488560Z   copying grpc/framework/base/__init__.py -> build/lib.macosx-11.0-arm64-cpython-311/grpc/framework/base
2022-12-27T01:51:37.6491050Z   copying grpc/framework/base/_interfaces.py -> build/lib.macosx-11.0-arm64-cpython-311/grpc/framework/base
2022-12-27T01:51:37.6493240Z   copying grpc/framework/base/_context.py -> build/lib.macosx-11.0-arm64-cpython-311/grpc/framework/base
2022-12-27T01:51:37.6495600Z   copying grpc/framework/base/implementations_test.py -> build/lib.macosx-11.0-arm64-cpython-311/grpc/framework/base
2022-12-27T01:51:37.6498270Z   copying grpc/framework/base/interfaces_test_case.py -> build/lib.macosx-11.0-arm64-cpython-311/grpc/framework/base
2022-12-27T01:51:37.6500850Z   copying grpc/framework/base/exceptions.py -> build/lib.macosx-11.0-arm64-cpython-311/grpc/framework/base
2022-12-27T01:51:37.6503070Z   copying grpc/framework/base/_ends.py -> build/lib.macosx-11.0-arm64-cpython-311/grpc/framework/base
2022-12-27T01:51:37.6506320Z   copying grpc/framework/base/_emission.py -> build/lib.macosx-11.0-arm64-cpython-311/grpc/framework/base
2022-12-27T01:51:37.6508760Z   copying grpc/framework/base/implementations.py -> build/lib.macosx-11.0-arm64-cpython-311/grpc/framework/base
2022-12-27T01:51:37.6511390Z   copying grpc/framework/base/in_memory.py -> build/lib.macosx-11.0-arm64-cpython-311/grpc/framework/base
2022-12-27T01:51:37.6513730Z   copying grpc/framework/base/_cancellation.py -> build/lib.macosx-11.0-arm64-cpython-311/grpc/framework/base
2022-12-27T01:51:37.6518200Z   creating build/lib.macosx-11.0-arm64-cpython-311/grpc/framework/common
2022-12-27T01:51:37.6519530Z   copying grpc/framework/common/style.py -> build/lib.macosx-11.0-arm64-cpython-311/grpc/framework/common
2022-12-27T01:51:37.6521650Z   copying grpc/framework/common/cardinality.py -> build/lib.macosx-11.0-arm64-cpython-311/grpc/framework/common
2022-12-27T01:51:37.6523620Z   copying grpc/framework/common/__init__.py -> build/lib.macosx-11.0-arm64-cpython-311/grpc/framework/common
2022-12-27T01:51:37.6530070Z   creating build/lib.macosx-11.0-arm64-cpython-311/grpc/framework/face
2022-12-27T01:51:37.6531170Z   copying grpc/framework/face/_service.py -> build/lib.macosx-11.0-arm64-cpython-311/grpc/framework/face
2022-12-27T01:51:37.6533460Z   copying grpc/framework/face/interfaces.py -> build/lib.macosx-11.0-arm64-cpython-311/grpc/framework/face
2022-12-27T01:51:37.6536540Z   copying grpc/framework/face/_control.py -> build/lib.macosx-11.0-arm64-cpython-311/grpc/framework/face
2022-12-27T01:51:37.6539290Z   copying grpc/framework/face/blocking_invocation_inline_service_test.py -> build/lib.macosx-11.0-arm64-cpython-311/grpc/framework/face
2022-12-27T01:51:37.6541040Z   copying grpc/framework/face/__init__.py -> build/lib.macosx-11.0-arm64-cpython-311/grpc/framework/face
2022-12-27T01:51:37.6543720Z   copying grpc/framework/face/demonstration.py -> build/lib.macosx-11.0-arm64-cpython-311/grpc/framework/face
2022-12-27T01:51:37.6546180Z   copying grpc/framework/face/_calls.py -> build/lib.macosx-11.0-arm64-cpython-311/grpc/framework/face
2022-12-27T01:51:37.6548340Z   copying grpc/framework/face/exceptions.py -> build/lib.macosx-11.0-arm64-cpython-311/grpc/framework/face
2022-12-27T01:51:37.6550630Z   copying grpc/framework/face/utilities.py -> build/lib.macosx-11.0-arm64-cpython-311/grpc/framework/face
2022-12-27T01:51:37.6553160Z   copying grpc/framework/face/event_invocation_synchronous_event_service_test.py -> build/lib.macosx-11.0-arm64-cpython-311/grpc/framework/face
2022-12-27T01:51:37.6555610Z   copying grpc/framework/face/_test_case.py -> build/lib.macosx-11.0-arm64-cpython-311/grpc/framework/face
2022-12-27T01:51:37.6558110Z   copying grpc/framework/face/implementations.py -> build/lib.macosx-11.0-arm64-cpython-311/grpc/framework/face
2022-12-27T01:51:37.6560920Z   copying grpc/framework/face/future_invocation_asynchronous_event_service_test.py -> build/lib.macosx-11.0-arm64-cpython-311/grpc/framework/face
2022-12-27T01:51:37.6567050Z   creating build/lib.macosx-11.0-arm64-cpython-311/grpc/framework/face/testing
2022-12-27T01:51:37.6568460Z   copying grpc/framework/face/testing/callback.py -> build/lib.macosx-11.0-arm64-cpython-311/grpc/framework/face/testing
2022-12-27T01:51:37.6571000Z   copying grpc/framework/face/testing/digest.py -> build/lib.macosx-11.0-arm64-cpython-311/grpc/framework/face/testing
2022-12-27T01:51:37.6573370Z   copying grpc/framework/face/testing/interfaces.py -> build/lib.macosx-11.0-arm64-cpython-311/grpc/framework/face/testing
2022-12-27T01:51:37.6575380Z   copying grpc/framework/face/testing/stock_service.py -> build/lib.macosx-11.0-arm64-cpython-311/grpc/framework/face/testing
2022-12-27T01:51:37.6577950Z   copying grpc/framework/face/testing/service.py -> build/lib.macosx-11.0-arm64-cpython-311/grpc/framework/face/testing
2022-12-27T01:51:37.6580310Z   copying grpc/framework/face/testing/blocking_invocation_inline_service_test_case.py -> build/lib.macosx-11.0-arm64-cpython-311/grpc/framework/face/testing
2022-12-27T01:51:37.6583330Z   copying grpc/framework/face/testing/base_util.py -> build/lib.macosx-11.0-arm64-cpython-311/grpc/framework/face/testing
2022-12-27T01:51:37.6585710Z   copying grpc/framework/face/testing/control.py -> build/lib.macosx-11.0-arm64-cpython-311/grpc/framework/face/testing
2022-12-27T01:51:37.6588240Z   copying grpc/framework/face/testing/__init__.py -> build/lib.macosx-11.0-arm64-cpython-311/grpc/framework/face/testing
2022-12-27T01:51:37.6590560Z   copying grpc/framework/face/testing/coverage.py -> build/lib.macosx-11.0-arm64-cpython-311/grpc/framework/face/testing
2022-12-27T01:51:37.6592750Z   copying grpc/framework/face/testing/event_invocation_synchronous_event_service_test_case.py -> build/lib.macosx-11.0-arm64-cpython-311/grpc/framework/face/testing
2022-12-27T01:51:37.6595290Z   copying grpc/framework/face/testing/test_case.py -> build/lib.macosx-11.0-arm64-cpython-311/grpc/framework/face/testing
2022-12-27T01:51:37.6597600Z   copying grpc/framework/face/testing/serial.py -> build/lib.macosx-11.0-arm64-cpython-311/grpc/framework/face/testing
2022-12-27T01:51:37.6599970Z   copying grpc/framework/face/testing/future_invocation_asynchronous_event_service_test_case.py -> build/lib.macosx-11.0-arm64-cpython-311/grpc/framework/face/testing
2022-12-27T01:51:37.6606860Z   creating build/lib.macosx-11.0-arm64-cpython-311/grpc/framework/foundation
2022-12-27T01:51:37.6608270Z   copying grpc/framework/foundation/callable_util.py -> build/lib.macosx-11.0-arm64-cpython-311/grpc/framework/foundation
2022-12-27T01:51:37.6610340Z   copying grpc/framework/foundation/abandonment.py -> build/lib.macosx-11.0-arm64-cpython-311/grpc/framework/foundation
2022-12-27T01:51:37.6612640Z   copying grpc/framework/foundation/stream_testing.py -> build/lib.macosx-11.0-arm64-cpython-311/grpc/framework/foundation
2022-12-27T01:51:37.6614760Z   copying grpc/framework/foundation/__init__.py -> build/lib.macosx-11.0-arm64-cpython-311/grpc/framework/foundation
2022-12-27T01:51:37.6617250Z   copying grpc/framework/foundation/stream.py -> build/lib.macosx-11.0-arm64-cpython-311/grpc/framework/foundation
2022-12-27T01:51:37.6619670Z   copying grpc/framework/foundation/activated.py -> build/lib.macosx-11.0-arm64-cpython-311/grpc/framework/foundation
2022-12-27T01:51:37.6622300Z   copying grpc/framework/foundation/later.py -> build/lib.macosx-11.0-arm64-cpython-311/grpc/framework/foundation
2022-12-27T01:51:37.6624240Z   copying grpc/framework/foundation/_later_test.py -> build/lib.macosx-11.0-arm64-cpython-311/grpc/framework/foundation
2022-12-27T01:51:37.6626790Z   copying grpc/framework/foundation/_logging_pool_test.py -> build/lib.macosx-11.0-arm64-cpython-311/grpc/framework/foundation
2022-12-27T01:51:37.6629300Z   copying grpc/framework/foundation/stream_util.py -> build/lib.macosx-11.0-arm64-cpython-311/grpc/framework/foundation
2022-12-27T01:51:37.6631760Z   copying grpc/framework/foundation/future.py -> build/lib.macosx-11.0-arm64-cpython-311/grpc/framework/foundation
2022-12-27T01:51:37.6633980Z   copying grpc/framework/foundation/_timer_future.py -> build/lib.macosx-11.0-arm64-cpython-311/grpc/framework/foundation
2022-12-27T01:51:37.6636630Z   copying grpc/framework/foundation/logging_pool.py -> build/lib.macosx-11.0-arm64-cpython-311/grpc/framework/foundation
2022-12-27T01:51:37.6667860Z   running build_ext
2022-12-27T01:51:37.6731900Z   building 'grpc._adapter._c' extension
2022-12-27T01:51:37.6732270Z   creating build/temp.macosx-11.0-arm64-cpython-311
2022-12-27T01:51:37.6732690Z   creating build/temp.macosx-11.0-arm64-cpython-311/grpc
2022-12-27T01:51:37.6733010Z   creating build/temp.macosx-11.0-arm64-cpython-311/grpc/_adapter
2022-12-27T01:51:37.6733720Z   clang -Wsign-compare -Wunreachable-code -fno-common -dynamic -DNDEBUG -g -fwrapv -O3 -Wall -g -I/usr/local/opt/openssl@3/include -I/usr/local/opt/openssl@3/include -arch arm64 -I. -I/private/var/folders/51/hd414ycd67n82196sw51xqtc0000gn/T/cibw-run-iwu13807/cp311-macosx_arm64/build/venv/include -I/Library/Frameworks/Python.framework/Versions/3.11/include/python3.11 -c grpc/_adapter/_c.c -o build/temp.macosx-11.0-arm64-cpython-311/grpc/_adapter/_c.o
2022-12-27T01:51:37.7338910Z   grpc/_adapter/_c.c:35:10: fatal error: 'grpc/grpc.h' file not found
2022-12-27T01:51:37.7340050Z   #include <grpc/grpc.h>
2022-12-27T01:51:37.7341620Z            ^~~~~~~~~~~~~
2022-12-27T01:51:37.7344330Z   1 error generated.
2022-12-27T01:51:37.7363190Z   error: command '/usr/bin/clang' failed with exit code 1
2022-12-27T01:51:37.7837920Z   error: subprocess-exited-with-error
2022-12-27T01:51:37.7838270Z   
2022-12-27T01:51:37.7839450Z   Ã— python setup.py bdist_wheel did not run successfully.
2022-12-27T01:51:37.7839880Z   â”‚ exit code: 1
2022-12-27T01:51:37.7840160Z   â•°â”€> See above for output.
2022-12-27T01:51:37.7840420Z   
2022-12-27T01:51:37.7840850Z   note: This error originates from a subprocess, and is likely not a problem with pip.
2022-12-27T01:51:37.7843860Z   full command: /private/var/folders/51/hd414ycd67n82196sw51xqtc0000gn/T/cibw-run-iwu13807/cp311-macosx_arm64/build/venv/bin/python -u -c '
2022-12-27T01:51:37.7845380Z   exec(compile('"'"''"'"''"'"'
2022-12-27T01:51:37.7847140Z   # This is <pip-setuptools-caller> -- a caller that pip uses to run setup.py
2022-12-27T01:51:37.7847660Z   #
2022-12-27T01:51:37.7848400Z   # - It imports setuptools before invoking setup.py, to enable projects that directly
2022-12-27T01:51:37.7849080Z   #   import from `distutils.core` to work with newer packaging standards.
2022-12-27T01:51:37.7849910Z   # - It provides a clear error message when setuptools is not installed.
2022-12-27T01:51:37.7851690Z   # - It sets `sys.argv[0]` to the underlying `setup.py`, when invoking `setup.py` so
2022-12-27T01:51:37.7852770Z   #   setuptools doesn'"'"'t think the script is `-c`. This avoids the following warning:
2022-12-27T01:51:37.7853670Z   #     manifest_maker: standard file '"'"'-c'"'"' not found".
2022-12-27T01:51:37.7854290Z   # - It generates a shim setup.py, for handling setup.cfg-only projects.
2022-12-27T01:51:37.7854680Z   import os, sys, tokenize
2022-12-27T01:51:37.7855000Z   
2022-12-27T01:51:37.7855330Z   try:
2022-12-27T01:51:37.7855660Z       import setuptools
2022-12-27T01:51:37.7856000Z   except ImportError as error:
2022-12-27T01:51:37.7856360Z       print(
2022-12-27T01:51:37.7856730Z           "ERROR: Can not execute `setup.py` since setuptools is not available in "
2022-12-27T01:51:37.7857140Z           "the build environment.",
2022-12-27T01:51:37.7857820Z           file=sys.stderr,
2022-12-27T01:51:37.7858130Z       )
2022-12-27T01:51:37.7858380Z       sys.exit(1)
2022-12-27T01:51:37.7858660Z   
2022-12-27T01:51:37.7858940Z   __file__ = %r
2022-12-27T01:51:37.7859220Z   sys.argv[0] = __file__
2022-12-27T01:51:37.7859520Z   
2022-12-27T01:51:37.7859840Z   if os.path.exists(__file__):
2022-12-27T01:51:37.7860130Z       filename = __file__
2022-12-27T01:51:37.7860460Z       with tokenize.open(__file__) as f:
2022-12-27T01:51:37.7860810Z           setup_py_code = f.read()
2022-12-27T01:51:37.7861080Z   else:
2022-12-27T01:51:37.7861430Z       filename = "<auto-generated setuptools caller>"
2022-12-27T01:51:37.7861830Z       setup_py_code = "from setuptools import setup; setup()"
2022-12-27T01:51:37.7862020Z   
2022-12-27T01:51:37.7862250Z   exec(compile(setup_py_code, filename, "exec"))
2022-12-27T01:51:37.7862930Z   '"'"''"'"''"'"' % ('"'"'/Users/runner/actions-runner/_work/python.build/python.build/build_grpcio040a6311/grpcio-0.4.0a6/setup.py'"'"',), "<pip-setuptools-caller>", "exec"))' bdist_wheel -d /private/var/folders/51/hd414ycd67n82196sw51xqtc0000gn/T/pip-wheel-9rimu9g9
2022-12-27T01:51:37.7863580Z   cwd: /Users/runner/actions-runner/_work/python.build/python.build/build_grpcio040a6311/grpcio-0.4.0a6/
2022-12-27T01:51:37.7863800Z   ERROR: Failed building wheel for grpcio
2022-12-27T01:51:37.7863990Z   Running command python setup.py clean
2022-12-27T01:51:37.7864330Z   Building wheel for grpcio (setup.py): finished with status 'error'
2022-12-27T01:51:37.7864520Z   Running setup.py clean for grpcio
2022-12-27T01:51:37.9332280Z   running clean
2022-12-27T01:51:37.9345770Z   removing 'build/temp.macosx-11.0-arm64-cpython-311' (and everything under it)
2022-12-27T01:51:37.9348910Z   removing 'build/lib.macosx-11.0-arm64-cpython-311' (and everything under it)
2022-12-27T01:51:37.9425960Z   'build/bdist.macosx-11.0-arm64' does not exist -- can't clean it
2022-12-27T01:51:37.9427410Z   'build/scripts-3.11' does not exist -- can't clean it
2022-12-27T01:51:37.9428750Z   removing 'build'
2022-12-27T01:51:37.9623210Z Failed to build grpcio
2022-12-27T01:51:37.9627160Z ERROR: Failed to build one or more wheels
2022-12-27T01:51:37.9639790Z Exception information:
2022-12-27T01:51:37.9640140Z Traceback (most recent call last):
2022-12-27T01:51:37.9648870Z   File "/private/var/folders/51/hd414ycd67n82196sw51xqtc0000gn/T/cibw-run-iwu13807/cp311-macosx_arm64/build/venv/lib/python3.11/site-packages/pip/_internal/cli/base_command.py", line 160, in exc_logging_wrapper
2022-12-27T01:51:37.9649470Z     status = run_func(*args)
2022-12-27T01:51:37.9649760Z              ^^^^^^^^^^^^^^^
2022-12-27T01:51:37.9650550Z   File "/private/var/folders/51/hd414ycd67n82196sw51xqtc0000gn/T/cibw-run-iwu13807/cp311-macosx_arm64/build/venv/lib/python3.11/site-packages/pip/_internal/cli/req_command.py", line 247, in wrapper
2022-12-27T01:51:37.9651020Z     return func(self, options, args)
2022-12-27T01:51:37.9651210Z            ^^^^^^^^^^^^^^^^^^^^^^^^^
2022-12-27T01:51:37.9651760Z   File "/private/var/folders/51/hd414ycd67n82196sw51xqtc0000gn/T/cibw-run-iwu13807/cp311-macosx_arm64/build/venv/lib/python3.11/site-packages/pip/_internal/commands/wheel.py", line 201, in run
2022-12-27T01:51:37.9652170Z     raise CommandError("Failed to build one or more wheels")
2022-12-27T01:51:37.9652440Z pip._internal.exceptions.CommandError: Failed to build one or more wheels
2022-12-27T01:51:37.9652840Z Removed build tracker: '/private/var/folders/51/hd414ycd67n82196sw51xqtc0000gn/T/pip-build-tracker-_ozr_2du'
2022-12-27T01:51:38.0069360Z ##[endgroup]
2022-12-27T01:51:38.0093710Z ##[error]Command ['python', '-m', 'pip', 'wheel', '/Users/runner/actions-runner/_work/python.build/python.build/build_grpcio040a6311/grpcio-0.4.0a6', '--wheel-dir=/private/var/folders/51/hd414ycd67n82196sw51xqtc0000gn/T/cibw-run-iwu13807/cp311-macosx_arm64/built_wheel', '--no-deps', '-vvv'] failed with code 1. None
2022-12-27T01:51:38.0100320Z 
2022-12-27T01:51:38.0100650Z                                                               [31mâœ• [0m1.11s
2022-12-27T01:51:38.0555330Z ##[error]Process completed with exit code 1.
2022-12-27T01:51:38.0591390Z ##[group]Run rm -rf build_grpcio040a6311 wheelsout
2022-12-27T01:51:38.0591620Z [36;1mrm -rf build_grpcio040a6311 wheelsout[0m
2022-12-27T01:51:38.0608270Z shell: /bin/bash -e {0}
2022-12-27T01:51:38.0608390Z env:
2022-12-27T01:51:38.0608540Z   pythonLocation: /Users/runner/hostedtoolcache/Python/3.11.1/x64
2022-12-27T01:51:38.0608750Z   PKG_CONFIG_PATH: /Users/runner/hostedtoolcache/Python/3.11.1/x64/lib/pkgconfig
2022-12-27T01:51:38.0608940Z   Python_ROOT_DIR: /Users/runner/hostedtoolcache/Python/3.11.1/x64
2022-12-27T01:51:38.0609110Z   Python2_ROOT_DIR: /Users/runner/hostedtoolcache/Python/3.11.1/x64
2022-12-27T01:51:38.0609290Z   Python3_ROOT_DIR: /Users/runner/hostedtoolcache/Python/3.11.1/x64
2022-12-27T01:51:38.0609430Z ##[endgroup]
2022-12-27T01:51:38.0865210Z Cleaning up orphan processes
