2022-12-27T01:50:56.2675563Z Requested labels: self-hosted, macOS, X64
2022-12-27T01:50:56.2675635Z Job defined at: kilnbuild/python.build/.github/workflows/mac_arm_build.yml@refs/heads/main
2022-12-27T01:50:56.2675679Z Waiting for a runner to pick up this job...
2022-12-27T01:54:20.8598186Z Job is about to start running on the runner: kr2 (organization)
2022-12-27T01:54:25.2087710Z Current runner version: '2.300.2'
2022-12-27T01:54:25.2095670Z Runner name: 'kr2'
2022-12-27T01:54:25.2096050Z Runner group name: 'Default'
2022-12-27T01:54:25.2096900Z Machine name: 'kr2'
2022-12-27T01:54:25.2099410Z ##[group]GITHUB_TOKEN Permissions
2022-12-27T01:54:25.2100090Z Actions: write
2022-12-27T01:54:25.2100330Z Checks: write
2022-12-27T01:54:25.2100570Z Contents: write
2022-12-27T01:54:25.2100830Z Deployments: write
2022-12-27T01:54:25.2101080Z Discussions: write
2022-12-27T01:54:25.2101330Z Issues: write
2022-12-27T01:54:25.2101560Z Metadata: read
2022-12-27T01:54:25.2101800Z Packages: write
2022-12-27T01:54:25.2102060Z Pages: write
2022-12-27T01:54:25.2102310Z PullRequests: write
2022-12-27T01:54:25.2102600Z RepositoryProjects: write
2022-12-27T01:54:25.2102890Z SecurityEvents: write
2022-12-27T01:54:25.2103150Z Statuses: write
2022-12-27T01:54:25.2103380Z ##[endgroup]
2022-12-27T01:54:25.2107170Z Secret source: Actions
2022-12-27T01:54:25.2107680Z Prepare workflow directory
2022-12-27T01:54:25.3241820Z Prepare all required actions
2022-12-27T01:54:25.3450150Z Getting action download info
2022-12-27T01:54:25.7984690Z Download action repository 'actions/setup-python@v4' (SHA:5ccb29d8773c3f3f653e1705f474dfaa8a06a912)
2022-12-27T01:54:27.7729460Z Download action repository 'actions/upload-artifact@v3' (SHA:83fd05a356d7e2593de66fc9913b3002723633cb)
2022-12-27T01:54:29.2019210Z ##[group]Run echo '{
2022-12-27T01:54:29.2019610Z [36;1mecho '{[0m
2022-12-27T01:54:29.2019950Z [36;1m  "environment_variables": "GRPC_PYTHON_BUILD_WITH_CYTHON=1 GRPC_BUILD_WITH_BORING_SSL_ASM='' GRPC_PYTHON_BUILD_SYSTEM_OPENSSL=TRUE",[0m
2022-12-27T01:54:29.2020320Z [36;1m  "package_name": "grpcio",[0m
2022-12-27T01:54:29.2020730Z [36;1m  "package_url": "https://files.pythonhosted.org/packages/01/0b/7033eb8a2b8e7f8eaf849490ee27c9b121b1b5624d644c3b5b988d7386cf/grpcio-1.9.1.tar.gz",[0m
2022-12-27T01:54:29.2021130Z [36;1m  "package_version": "1.9.1",[0m
2022-12-27T01:54:29.2021350Z [36;1m  "python_version": "3.11",[0m
2022-12-27T01:54:29.2021600Z [36;1m  "use_ccache": "true"[0m
2022-12-27T01:54:29.2021800Z [36;1m}'[0m
2022-12-27T01:54:29.2048540Z shell: /bin/bash -e {0}
2022-12-27T01:54:29.2048850Z ##[endgroup]
2022-12-27T01:54:29.2423190Z {
2022-12-27T01:54:29.2425930Z   "environment_variables": "GRPC_PYTHON_BUILD_WITH_CYTHON=1 GRPC_BUILD_WITH_BORING_SSL_ASM= GRPC_PYTHON_BUILD_SYSTEM_OPENSSL=TRUE",
2022-12-27T01:54:29.2426360Z   "package_name": "grpcio",
2022-12-27T01:54:29.2427470Z   "package_url": "https://files.pythonhosted.org/packages/01/0b/7033eb8a2b8e7f8eaf849490ee27c9b121b1b5624d644c3b5b988d7386cf/grpcio-1.9.1.tar.gz",
2022-12-27T01:54:29.2427980Z   "package_version": "1.9.1",
2022-12-27T01:54:29.2428250Z   "python_version": "3.11",
2022-12-27T01:54:29.2428580Z   "use_ccache": "true"
2022-12-27T01:54:29.2428940Z }
2022-12-27T01:54:29.2822550Z ##[group]Run actions/setup-python@v4
2022-12-27T01:54:29.2822950Z with:
2022-12-27T01:54:29.2823340Z   python-version: 3.11
2022-12-27T01:54:29.2823590Z   check-latest: false
2022-12-27T01:54:29.2824140Z   token: ***
2022-12-27T01:54:29.2824450Z   update-environment: true
2022-12-27T01:54:29.2824850Z ##[endgroup]
2022-12-27T01:54:29.5060050Z ##[group]Installed versions
2022-12-27T01:54:29.5109860Z Successfully set up CPython (3.11.1)
2022-12-27T01:54:29.5113270Z ##[endgroup]
2022-12-27T01:54:29.5357660Z ##[group]Run if [ "true" == "true" ]
2022-12-27T01:54:29.5358020Z [36;1mif [ "true" == "true" ][0m
2022-12-27T01:54:29.5358390Z [36;1mthen[0m
2022-12-27T01:54:29.5358780Z [36;1m  echo "CCACHE_PATH_PREPEND=/usr/local/opt/ccache/libexec" >> $GITHUB_OUTPUT[0m
2022-12-27T01:54:29.5359190Z [36;1melse[0m
2022-12-27T01:54:29.5359560Z [36;1m  echo "CCACHE_PATH_PREPEND=" >> $GITHUB_OUTPUT[0m
2022-12-27T01:54:29.5359930Z [36;1mfi[0m
2022-12-27T01:54:29.5392630Z shell: /bin/bash -e {0}
2022-12-27T01:54:29.5392910Z env:
2022-12-27T01:54:29.5393320Z   pythonLocation: /Users/runner/hostedtoolcache/Python/3.11.1/x64
2022-12-27T01:54:29.5393800Z   PKG_CONFIG_PATH: /Users/runner/hostedtoolcache/Python/3.11.1/x64/lib/pkgconfig
2022-12-27T01:54:29.5394900Z   Python_ROOT_DIR: /Users/runner/hostedtoolcache/Python/3.11.1/x64
2022-12-27T01:54:29.5395450Z   Python2_ROOT_DIR: /Users/runner/hostedtoolcache/Python/3.11.1/x64
2022-12-27T01:54:29.5396050Z   Python3_ROOT_DIR: /Users/runner/hostedtoolcache/Python/3.11.1/x64
2022-12-27T01:54:29.5396360Z ##[endgroup]
2022-12-27T01:54:29.5698230Z ##[group]Run echo "BUILD_NAME=$(echo grpcio_1.9.1_3.11 | tr -dc '[:alnum:]\n\r' | tr '[:upper:]' '[:lower:]')" >> $GITHUB_OUTPUT
2022-12-27T01:54:29.5698860Z [36;1mecho "BUILD_NAME=$(echo grpcio_1.9.1_3.11 | tr -dc '[:alnum:]\n\r' | tr '[:upper:]' '[:lower:]')" >> $GITHUB_OUTPUT[0m
2022-12-27T01:54:29.5727890Z shell: /bin/bash -e {0}
2022-12-27T01:54:29.5728130Z env:
2022-12-27T01:54:29.5728500Z   pythonLocation: /Users/runner/hostedtoolcache/Python/3.11.1/x64
2022-12-27T01:54:29.5728960Z   PKG_CONFIG_PATH: /Users/runner/hostedtoolcache/Python/3.11.1/x64/lib/pkgconfig
2022-12-27T01:54:29.5729330Z   Python_ROOT_DIR: /Users/runner/hostedtoolcache/Python/3.11.1/x64
2022-12-27T01:54:29.5729950Z   Python2_ROOT_DIR: /Users/runner/hostedtoolcache/Python/3.11.1/x64
2022-12-27T01:54:29.5730380Z   Python3_ROOT_DIR: /Users/runner/hostedtoolcache/Python/3.11.1/x64
2022-12-27T01:54:29.5731050Z ##[endgroup]
2022-12-27T01:54:29.5965010Z ##[group]Run echo "PYTHON_NO_DOTS=$(echo 3.11 | tr -dc '[:alnum:]\n\r' | tr '[:upper:]' '[:lower:]')" >> $GITHUB_OUTPUT
2022-12-27T01:54:29.5965660Z [36;1mecho "PYTHON_NO_DOTS=$(echo 3.11 | tr -dc '[:alnum:]\n\r' | tr '[:upper:]' '[:lower:]')" >> $GITHUB_OUTPUT[0m
2022-12-27T01:54:29.5994710Z shell: /bin/bash -e {0}
2022-12-27T01:54:29.5995030Z env:
2022-12-27T01:54:29.5995330Z   pythonLocation: /Users/runner/hostedtoolcache/Python/3.11.1/x64
2022-12-27T01:54:29.5995770Z   PKG_CONFIG_PATH: /Users/runner/hostedtoolcache/Python/3.11.1/x64/lib/pkgconfig
2022-12-27T01:54:29.5996300Z   Python_ROOT_DIR: /Users/runner/hostedtoolcache/Python/3.11.1/x64
2022-12-27T01:54:29.5996730Z   Python2_ROOT_DIR: /Users/runner/hostedtoolcache/Python/3.11.1/x64
2022-12-27T01:54:29.5998310Z   Python3_ROOT_DIR: /Users/runner/hostedtoolcache/Python/3.11.1/x64
2022-12-27T01:54:29.5998670Z ##[endgroup]
2022-12-27T01:54:29.6241800Z ##[group]Run rm -rf build_grpcio191311
2022-12-27T01:54:29.6242340Z [36;1mrm -rf build_grpcio191311[0m
2022-12-27T01:54:29.6242700Z [36;1mmkdir build_grpcio191311[0m
2022-12-27T01:54:29.6243140Z [36;1mcd build_grpcio191311[0m
2022-12-27T01:54:29.6243680Z [36;1m/usr/local/bin/wget --quiet https://files.pythonhosted.org/packages/01/0b/7033eb8a2b8e7f8eaf849490ee27c9b121b1b5624d644c3b5b988d7386cf/grpcio-1.9.1.tar.gz[0m
2022-12-27T01:54:29.6244130Z [36;1mtar xf *.tar.gz[0m
2022-12-27T01:54:29.6244470Z [36;1mcd grpcio-*/[0m
2022-12-27T01:54:29.6244920Z [36;1mpython -m pip install cibuildwheel==2.11.3[0m
2022-12-27T01:54:29.6245280Z [36;1mpython -m cibuildwheel --output-dir ../wheelsout[0m
2022-12-27T01:54:29.6274150Z shell: /bin/bash -e {0}
2022-12-27T01:54:29.6274560Z env:
2022-12-27T01:54:29.6274990Z   pythonLocation: /Users/runner/hostedtoolcache/Python/3.11.1/x64
2022-12-27T01:54:29.6275500Z   PKG_CONFIG_PATH: /Users/runner/hostedtoolcache/Python/3.11.1/x64/lib/pkgconfig
2022-12-27T01:54:29.6275910Z   Python_ROOT_DIR: /Users/runner/hostedtoolcache/Python/3.11.1/x64
2022-12-27T01:54:29.6276480Z   Python2_ROOT_DIR: /Users/runner/hostedtoolcache/Python/3.11.1/x64
2022-12-27T01:54:29.6277000Z   Python3_ROOT_DIR: /Users/runner/hostedtoolcache/Python/3.11.1/x64
2022-12-27T01:54:29.6277370Z   CIBW_ARCHS_MACOS: arm64
2022-12-27T01:54:29.6277650Z   CIBW_TEST_SKIP: *_arm64
2022-12-27T01:54:29.6277990Z   CIBW_BUILD: cp311-macosx_arm64
2022-12-27T01:54:29.6278410Z   CIBW_BUILD_FRONTEND: pip
2022-12-27T01:54:29.6278690Z   CIBW_BUILD_VERBOSITY: 3
2022-12-27T01:54:29.6279400Z   CIBW_ENVIRONMENT_MACOS: GRPC_PYTHON_BUILD_WITH_CYTHON=1 GRPC_BUILD_WITH_BORING_SSL_ASM='' GRPC_PYTHON_BUILD_SYSTEM_OPENSSL=TRUE CFLAGS="-I/usr/local/opt/openssl@3/include" LDFLAGS="-L/usr/local/opt/openssl@3/lib" CPPFLAGS="-I/usr/local/opt/openssl@3/include" MAKEFLAGS="-j$(sysctl -n hw.logicalcpu)" PATH=/usr/local/opt/ccache/libexec:$PATH
2022-12-27T01:54:29.6280530Z   CIBW_BEFORE_BUILD: pip install Cython; if [[ -f requirements.txt ]]; then pip install -r requirements.txt; fi
2022-12-27T01:54:29.6280990Z   MAKEFLAGS: -j$(sysctl -n hw.logicalcpu)
2022-12-27T01:54:29.6281360Z ##[endgroup]
2022-12-27T01:54:32.6774410Z Requirement already satisfied: cibuildwheel==2.11.3 in /Library/Frameworks/Python.framework/Versions/3.11/lib/python3.11/site-packages (2.11.3)
2022-12-27T01:54:32.7393420Z Requirement already satisfied: bashlex!=0.13 in /Library/Frameworks/Python.framework/Versions/3.11/lib/python3.11/site-packages (from cibuildwheel==2.11.3) (0.16)
2022-12-27T01:54:32.7404650Z Requirement already satisfied: bracex in /Library/Frameworks/Python.framework/Versions/3.11/lib/python3.11/site-packages (from cibuildwheel==2.11.3) (2.3.post1)
2022-12-27T01:54:32.7413300Z Requirement already satisfied: certifi in /Library/Frameworks/Python.framework/Versions/3.11/lib/python3.11/site-packages (from cibuildwheel==2.11.3) (2022.12.7)
2022-12-27T01:54:32.7422320Z Requirement already satisfied: filelock in /Library/Frameworks/Python.framework/Versions/3.11/lib/python3.11/site-packages (from cibuildwheel==2.11.3) (3.8.2)
2022-12-27T01:54:32.7435130Z Requirement already satisfied: packaging>=20.9 in /Library/Frameworks/Python.framework/Versions/3.11/lib/python3.11/site-packages (from cibuildwheel==2.11.3) (22.0)
2022-12-27T01:54:32.7446360Z Requirement already satisfied: platformdirs in /Library/Frameworks/Python.framework/Versions/3.11/lib/python3.11/site-packages (from cibuildwheel==2.11.3) (2.6.0)
2022-12-27T01:54:33.1440770Z 
2022-12-27T01:54:33.1442480Z      _ _       _ _   _       _           _
2022-12-27T01:54:33.1443040Z  ___|_| |_ _ _|_| |_| |_ _ _| |_ ___ ___| |
2022-12-27T01:54:33.1444040Z |  _| | . | | | | | . | | | |   | -_| -_| |
2022-12-27T01:54:33.1445110Z |___|_|___|___|_|_|___|_____|_|_|___|___|_|
2022-12-27T01:54:33.1445600Z 
2022-12-27T01:54:33.1445820Z cibuildwheel version 2.11.3
2022-12-27T01:54:33.1446610Z 
2022-12-27T01:54:33.1446880Z Build options:
2022-12-27T01:54:33.1447480Z   platform: macos
2022-12-27T01:54:33.1659650Z   architectures: arm64[0m
2022-12-27T01:54:33.1662680Z   build_selector: 
2022-12-27T01:54:33.1664540Z     build_config: cp311-macosx_arm64
2022-12-27T01:54:33.1665690Z     skip_config: 
2022-12-27T01:54:33.1666400Z     requires_python: None
2022-12-27T01:54:33.1667080Z     prerelease_pythons: False[0m
2022-12-27T01:54:33.1667720Z   [38;5;244mcontainer_engine: docker[0m
2022-12-27T01:54:33.1668890Z   output_dir: /Users/runner/actions-runner/_work/python.build/python.build/build_grpcio191311/wheelsout[0m
2022-12-27T01:54:33.1669890Z   package_dir: /Users/runner/actions-runner/_work/python.build/python.build/build_grpcio191311/grpcio-1.9.1[0m
2022-12-27T01:54:33.1670320Z   test_selector: 
2022-12-27T01:54:33.1670660Z     skip_config: *_arm64[0m
2022-12-27T01:54:33.1671060Z   [38;5;244mbefore_all: [0m
2022-12-27T01:54:33.1671850Z   before_build: pip install Cython; if [[ -f requirements.txt ]]; then pip install -r requirements.txt; fi[0m
2022-12-27T01:54:33.1672450Z   [38;5;244mbefore_test: [0m
2022-12-27T01:54:33.1672790Z   [38;5;244mbuild_frontend: pip[0m
2022-12-27T01:54:33.1673180Z   build_verbosity: 3[0m
2022-12-27T01:54:33.1673730Z   [38;5;244mconfig_settings: [0m
2022-12-27T01:54:33.1674120Z   [38;5;244mdependency_constraints: pinned[0m
2022-12-27T01:54:33.1674460Z   environment: 
2022-12-27T01:54:33.1674840Z     GRPC_PYTHON_BUILD_WITH_CYTHON=1
2022-12-27T01:54:33.1675180Z     GRPC_BUILD_WITH_BORING_SSL_ASM=''
2022-12-27T01:54:33.1675710Z     GRPC_PYTHON_BUILD_SYSTEM_OPENSSL=TRUE
2022-12-27T01:54:33.1676190Z     CFLAGS="-I/usr/local/opt/openssl@3/include"
2022-12-27T01:54:33.1676650Z     LDFLAGS="-L/usr/local/opt/openssl@3/lib"
2022-12-27T01:54:33.1677050Z     CPPFLAGS="-I/usr/local/opt/openssl@3/include"
2022-12-27T01:54:33.1677510Z     MAKEFLAGS="-j$(sysctl -n hw.logicalcpu)"
2022-12-27T01:54:33.1678660Z     PATH=/usr/local/opt/ccache/libexec:$PATH[0m
2022-12-27T01:54:33.1679040Z   [38;5;244mmanylinux_images: None[0m
2022-12-27T01:54:33.1679460Z   [38;5;244mmusllinux_images: None[0m
2022-12-27T01:54:33.1680080Z   [38;5;244mrepair_command: delocate-wheel --require-archs {delocate_archs} -w {dest_dir} -v {wheel}[0m
2022-12-27T01:54:33.1680480Z   [38;5;244mtest_command: [0m
2022-12-27T01:54:33.1681040Z   [38;5;244mtest_extras: [0m
2022-12-27T01:54:33.1681410Z   [38;5;244mtest_requires: [0m
2022-12-27T01:54:33.1681600Z 
2022-12-27T01:54:33.1681720Z Cache folder: /Users/runner/Library/Caches/cibuildwheel
2022-12-27T01:54:33.1682190Z 
2022-12-27T01:54:33.1682940Z Here we go!
2022-12-27T01:54:33.1683180Z 
2022-12-27T01:54:33.1759660Z 
2022-12-27T01:54:33.1760770Z [1m[34mBuilding cp311-macosx_arm64 wheel[0m
2022-12-27T01:54:33.1761910Z CPython 3.11 macOS arm64 - Apple Silicon
2022-12-27T01:54:33.1762310Z 
2022-12-27T01:54:33.1764390Z ##[group]Installing Python cp311...
2022-12-27T01:54:33.1764830Z 
2022-12-27T01:54:33.1765470Z + pkgutil --pkgs
2022-12-27T01:54:33.1957080Z ##[endgroup]
2022-12-27T01:54:33.1959590Z                                                               [32mâœ“ [0m0.02s
2022-12-27T01:54:33.1960740Z ##[group]Setting up build environment...
2022-12-27T01:54:33.1960990Z 
2022-12-27T01:54:33.1988630Z + /Library/Frameworks/Python.framework/Versions/3.11/bin/python -sS /Users/runner/Library/Caches/cibuildwheel/virtualenv-20.17.0.pyz --activators= --no-periodic-update --pip=22.3.1 --setuptools=65.6.3 --wheel=0.38.4 --symlink-app-data --python /Library/Frameworks/Python.framework/Versions/3.11/bin/python3 /private/var/folders/51/hd414ycd67n82196sw51xqtc0000gn/T/cibw-run-6qgepxqd/cp311-macosx_arm64/build/venv
2022-12-27T01:54:33.4974150Z created virtual environment CPython3.11.1.final.0-64 in 78ms
2022-12-27T01:54:33.4975170Z   creator CPython3Posix(dest=/private/var/folders/51/hd414ycd67n82196sw51xqtc0000gn/T/cibw-run-6qgepxqd/cp311-macosx_arm64/build/venv, clear=False, no_vcs_ignore=False, global=False)
2022-12-27T01:54:33.4976580Z   seeder FromAppData(download=False, pip=22.3.1, setuptools=65.6.3, wheel=0.38.4, via=symlink, app_data_dir=/Users/runner/Library/Application Support/virtualenv)
2022-12-27T01:54:33.4977180Z     added seed packages: pip==22.3.1, setuptools==65.6.3, wheel==0.38.4
2022-12-27T01:54:33.5274920Z + python -m pip install --upgrade pip -c /Library/Frameworks/Python.framework/Versions/3.11/lib/python3.11/site-packages/cibuildwheel/resources/constraints-python311.txt
2022-12-27T01:54:33.9880880Z Requirement already satisfied: pip in ./lib/python3.11/site-packages (22.3.1)
2022-12-27T01:54:34.2407440Z + which pip
2022-12-27T01:54:34.2448740Z /private/var/folders/51/hd414ycd67n82196sw51xqtc0000gn/T/cibw-run-6qgepxqd/cp311-macosx_arm64/build/venv/bin/pip
2022-12-27T01:54:34.2456930Z + pip --version
2022-12-27T01:54:34.5613960Z pip 22.3.1 from /private/var/folders/51/hd414ycd67n82196sw51xqtc0000gn/T/cibw-run-6qgepxqd/cp311-macosx_arm64/build/venv/lib/python3.11/site-packages/pip (python 3.11)
2022-12-27T01:54:34.6288170Z + which pip
2022-12-27T01:54:34.6341800Z + which python
2022-12-27T01:54:34.6385410Z /private/var/folders/51/hd414ycd67n82196sw51xqtc0000gn/T/cibw-run-6qgepxqd/cp311-macosx_arm64/build/venv/bin/python
2022-12-27T01:54:34.6395330Z + python --version
2022-12-27T01:54:34.6502270Z Python 3.11.1
2022-12-27T01:54:34.6510500Z + which python
2022-12-27T01:54:34.6614200Z ##[endgroup]
2022-12-27T01:54:34.6614800Z                                                               [32mâœ“ [0m1.47s
2022-12-27T01:54:34.6615550Z ##[group]Installing build tools...
2022-12-27T01:54:34.6615760Z 
2022-12-27T01:54:34.6616290Z + pip install --upgrade setuptools wheel delocate -c /Library/Frameworks/Python.framework/Versions/3.11/lib/python3.11/site-packages/cibuildwheel/resources/constraints-python311.txt
2022-12-27T01:54:35.0978260Z Requirement already satisfied: setuptools in /private/var/folders/51/hd414ycd67n82196sw51xqtc0000gn/T/cibw-run-6qgepxqd/cp311-macosx_arm64/build/venv/lib/python3.11/site-packages (65.6.3)
2022-12-27T01:54:35.3722540Z Requirement already satisfied: wheel in /private/var/folders/51/hd414ycd67n82196sw51xqtc0000gn/T/cibw-run-6qgepxqd/cp311-macosx_arm64/build/venv/lib/python3.11/site-packages (0.38.4)
2022-12-27T01:54:35.4377290Z Collecting delocate
2022-12-27T01:54:35.4419770Z   Using cached delocate-0.10.3-py3-none-any.whl (142 kB)
2022-12-27T01:54:35.4838140Z Collecting packaging>=20.9
2022-12-27T01:54:35.4876210Z   Using cached packaging-21.3-py3-none-any.whl (40 kB)
2022-12-27T01:54:35.5121710Z Collecting typing-extensions
2022-12-27T01:54:35.5155470Z   Using cached typing_extensions-4.4.0-py3-none-any.whl (26 kB)
2022-12-27T01:54:35.5707320Z Collecting pyparsing!=3.0.5,>=2.0.2
2022-12-27T01:54:35.5757740Z   Using cached pyparsing-3.0.9-py3-none-any.whl (98 kB)
2022-12-27T01:54:35.6625240Z Installing collected packages: typing-extensions, pyparsing, packaging, delocate
2022-12-27T01:54:35.8627010Z Successfully installed delocate-0.10.3 packaging-21.3 pyparsing-3.0.9 typing-extensions-4.4.0
2022-12-27T01:54:35.9853020Z ##[endgroup]
2022-12-27T01:54:35.9855440Z                                                               [32mâœ“ [0m1.32s
2022-12-27T01:54:35.9856310Z ##[group]Running before_build...
2022-12-27T01:54:35.9856520Z 
2022-12-27T01:54:35.9869600Z + pip install Cython; if [[ -f requirements.txt ]]; then pip install -r requirements.txt; fi
2022-12-27T01:54:36.8517140Z Collecting Cython
2022-12-27T01:54:36.8620370Z   Using cached Cython-0.29.32-py2.py3-none-any.whl (986 kB)
2022-12-27T01:54:36.9350450Z Installing collected packages: Cython
2022-12-27T01:54:37.6370160Z Successfully installed Cython-0.29.32
2022-12-27T01:54:38.6847260Z Collecting coverage>=4.0
2022-12-27T01:54:38.6896250Z   Using cached coverage-7.0.1-cp311-cp311-macosx_10_9_x86_64.whl (188 kB)
2022-12-27T01:54:38.7073870Z Requirement already satisfied: cython>=0.27 in /private/var/folders/51/hd414ycd67n82196sw51xqtc0000gn/T/cibw-run-6qgepxqd/cp311-macosx_arm64/build/venv/lib/python3.11/site-packages (from -r requirements.txt (line 3)) (0.29.32)
2022-12-27T01:54:38.7289250Z Collecting enum34>=1.0.4
2022-12-27T01:54:38.7328130Z   Using cached enum34-1.1.10-py3-none-any.whl (11 kB)
2022-12-27T01:54:38.7547780Z Collecting futures>=2.2.0
2022-12-27T01:54:38.7549580Z   Using cached futures-3.0.5-py3-none-any.whl
2022-12-27T01:54:39.0884920Z Collecting protobuf>=3.5.0.post1
2022-12-27T01:54:39.0942200Z   Using cached protobuf-4.21.12-cp37-abi3-macosx_10_9_universal2.whl (486 kB)
2022-12-27T01:54:39.1215280Z Collecting six>=1.10
2022-12-27T01:54:39.1249530Z   Using cached six-1.16.0-py2.py3-none-any.whl (11 kB)
2022-12-27T01:54:39.1283070Z Requirement already satisfied: wheel>=0.29 in /private/var/folders/51/hd414ycd67n82196sw51xqtc0000gn/T/cibw-run-6qgepxqd/cp311-macosx_arm64/build/venv/lib/python3.11/site-packages (from -r requirements.txt (line 8)) (0.38.4)
2022-12-27T01:54:39.1920140Z Installing collected packages: futures, enum34, six, protobuf, coverage
2022-12-27T01:54:39.5837080Z Successfully installed coverage-7.0.1 enum34-1.1.10 futures-3.0.5 protobuf-4.21.12 six-1.16.0
2022-12-27T01:54:39.7573550Z ##[endgroup]
2022-12-27T01:54:39.7575580Z                                                               [32mâœ“ [0m3.77s
2022-12-27T01:54:39.7576630Z ##[group]Building wheel...
2022-12-27T01:54:39.7577010Z 
2022-12-27T01:54:39.7588280Z + python -m pip wheel /Users/runner/actions-runner/_work/python.build/python.build/build_grpcio191311/grpcio-1.9.1 --wheel-dir=/private/var/folders/51/hd414ycd67n82196sw51xqtc0000gn/T/cibw-run-6qgepxqd/cp311-macosx_arm64/built_wheel --no-deps -vvv
2022-12-27T01:54:40.1490850Z Created temporary directory: /private/var/folders/51/hd414ycd67n82196sw51xqtc0000gn/T/pip-ephem-wheel-cache-8uzhk8s6
2022-12-27T01:54:40.1497420Z Created temporary directory: /private/var/folders/51/hd414ycd67n82196sw51xqtc0000gn/T/pip-build-tracker-jsjz7ru8
2022-12-27T01:54:40.1499400Z Initialized build tracking at /private/var/folders/51/hd414ycd67n82196sw51xqtc0000gn/T/pip-build-tracker-jsjz7ru8
2022-12-27T01:54:40.1501810Z Created build tracker: /private/var/folders/51/hd414ycd67n82196sw51xqtc0000gn/T/pip-build-tracker-jsjz7ru8
2022-12-27T01:54:40.1502620Z Entered build tracker: /private/var/folders/51/hd414ycd67n82196sw51xqtc0000gn/T/pip-build-tracker-jsjz7ru8
2022-12-27T01:54:40.1508550Z Created temporary directory: /private/var/folders/51/hd414ycd67n82196sw51xqtc0000gn/T/pip-wheel-rhc5wc6o
2022-12-27T01:54:40.1515870Z Created temporary directory: /private/var/folders/51/hd414ycd67n82196sw51xqtc0000gn/T/pip-ephem-wheel-cache-me_lc5cv
2022-12-27T01:54:40.1634790Z Processing /Users/runner/actions-runner/_work/python.build/python.build/build_grpcio191311/grpcio-1.9.1
2022-12-27T01:54:40.1641890Z   Added file:///Users/runner/actions-runner/_work/python.build/python.build/build_grpcio191311/grpcio-1.9.1 to build tracker '/private/var/folders/51/hd414ycd67n82196sw51xqtc0000gn/T/pip-build-tracker-jsjz7ru8'
2022-12-27T01:54:40.1646590Z   Running setup.py (path:/Users/runner/actions-runner/_work/python.build/python.build/build_grpcio191311/grpcio-1.9.1/setup.py) egg_info for package from file:///Users/runner/actions-runner/_work/python.build/python.build/build_grpcio191311/grpcio-1.9.1
2022-12-27T01:54:40.1651730Z   Created temporary directory: /private/var/folders/51/hd414ycd67n82196sw51xqtc0000gn/T/pip-pip-egg-info-g4iwpv98
2022-12-27T01:54:40.1652650Z   Preparing metadata (setup.py): started
2022-12-27T01:54:40.1654920Z   Running command python setup.py egg_info
2022-12-27T01:54:40.7809160Z   /private/var/folders/51/hd414ycd67n82196sw51xqtc0000gn/T/cibw-run-6qgepxqd/cp311-macosx_arm64/build/venv/lib/python3.11/site-packages/Cython/Compiler/Main.py:369: FutureWarning: Cython directive 'language_level' not set, using 2 for now (Py2). This will change in a later release! File: /Users/runner/actions-runner/_work/python.build/python.build/build_grpcio191311/grpcio-1.9.1/src/python/grpcio/grpc/_cython/cygrpc.pxd
2022-12-27T01:54:40.7811310Z     tree = Parsing.p_module(s, pxd, full_module_name)
2022-12-27T01:54:40.8368870Z   warning: src/python/grpcio/grpc/_cython/_cygrpc/grpc.pxi:569:2: 'grpc_compression_level' redeclared
2022-12-27T01:54:40.8509570Z   warning: src/python/grpcio/grpc/_cython/_cygrpc/grpc.pxi:131:13: 'GRPC_ARG_PRIMARY_USER_AGENT_STRING' redeclared
2022-12-27T01:54:40.8564840Z   warning: src/python/grpcio/grpc/_cython/_cygrpc/grpc.pxi:570:4: 'GRPC_COMPRESS_LEVEL_NONE' redeclared
2022-12-27T01:54:40.8567470Z   warning: src/python/grpcio/grpc/_cython/_cygrpc/grpc.pxi:571:4: 'GRPC_COMPRESS_LEVEL_LOW' redeclared
2022-12-27T01:54:40.8572600Z   warning: src/python/grpcio/grpc/_cython/_cygrpc/grpc.pxi:572:4: 'GRPC_COMPRESS_LEVEL_MED' redeclared
2022-12-27T01:54:40.8573740Z   warning: src/python/grpcio/grpc/_cython/_cygrpc/grpc.pxi:573:4: 'GRPC_COMPRESS_LEVEL_HIGH' redeclared
2022-12-27T01:54:42.0115080Z   Compiling src/python/grpcio/grpc/_cython/cygrpc.pyx because it depends on /private/var/folders/51/hd414ycd67n82196sw51xqtc0000gn/T/cibw-run-6qgepxqd/cp311-macosx_arm64/build/venv/lib/python3.11/site-packages/Cython/Includes/libc/time.pxd.
2022-12-27T01:54:42.0116720Z   [1/1] Cythonizing src/python/grpcio/grpc/_cython/cygrpc.pyx
2022-12-27T01:54:42.0371590Z   running egg_info
2022-12-27T01:54:42.0381450Z   creating /private/var/folders/51/hd414ycd67n82196sw51xqtc0000gn/T/pip-pip-egg-info-g4iwpv98/grpcio.egg-info
2022-12-27T01:54:42.0397430Z   writing /private/var/folders/51/hd414ycd67n82196sw51xqtc0000gn/T/pip-pip-egg-info-g4iwpv98/grpcio.egg-info/PKG-INFO
2022-12-27T01:54:42.0401380Z   writing dependency_links to /private/var/folders/51/hd414ycd67n82196sw51xqtc0000gn/T/pip-pip-egg-info-g4iwpv98/grpcio.egg-info/dependency_links.txt
2022-12-27T01:54:42.0406640Z   writing requirements to /private/var/folders/51/hd414ycd67n82196sw51xqtc0000gn/T/pip-pip-egg-info-g4iwpv98/grpcio.egg-info/requires.txt
2022-12-27T01:54:42.0409440Z   writing top-level names to /private/var/folders/51/hd414ycd67n82196sw51xqtc0000gn/T/pip-pip-egg-info-g4iwpv98/grpcio.egg-info/top_level.txt
2022-12-27T01:54:42.0413220Z   writing manifest file '/private/var/folders/51/hd414ycd67n82196sw51xqtc0000gn/T/pip-pip-egg-info-g4iwpv98/grpcio.egg-info/SOURCES.txt'
2022-12-27T01:54:42.0499600Z   reading manifest file '/private/var/folders/51/hd414ycd67n82196sw51xqtc0000gn/T/pip-pip-egg-info-g4iwpv98/grpcio.egg-info/SOURCES.txt'
2022-12-27T01:54:42.0502070Z   reading manifest template 'PYTHON-MANIFEST.in'
2022-12-27T01:54:42.0550000Z   warning: no files found matching '*.h' under directory 'src/python/grpcio/grpc'
2022-12-27T01:54:42.0669440Z   warning: no files found matching '*.python' under directory 'src/python/grpcio/grpc'
2022-12-27T01:54:42.0696670Z   warning: no previously-included files matching '*.so' found under directory 'src/python/grpcio/grpc/_cython'
2022-12-27T01:54:42.0698040Z   warning: no previously-included files matching '*.pyd' found under directory 'src/python/grpcio/grpc/_cython'
2022-12-27T01:54:42.1904430Z   warning: no files found matching 'src/python/grpcio/precompiled.py'
2022-12-27T01:54:42.2610120Z   writing manifest file '/private/var/folders/51/hd414ycd67n82196sw51xqtc0000gn/T/pip-pip-egg-info-g4iwpv98/grpcio.egg-info/SOURCES.txt'
2022-12-27T01:54:42.4692970Z   Preparing metadata (setup.py): finished with status 'done'
2022-12-27T01:54:42.4756150Z   Source in /Users/runner/actions-runner/_work/python.build/python.build/build_grpcio191311/grpcio-1.9.1 has version 1.9.1, which satisfies requirement grpcio==1.9.1 from file:///Users/runner/actions-runner/_work/python.build/python.build/build_grpcio191311/grpcio-1.9.1
2022-12-27T01:54:42.4763030Z   Removed grpcio==1.9.1 from file:///Users/runner/actions-runner/_work/python.build/python.build/build_grpcio191311/grpcio-1.9.1 from build tracker '/private/var/folders/51/hd414ycd67n82196sw51xqtc0000gn/T/pip-build-tracker-jsjz7ru8'
2022-12-27T01:54:42.4798280Z Created temporary directory: /private/var/folders/51/hd414ycd67n82196sw51xqtc0000gn/T/pip-unpack-ikpk7zgx
2022-12-27T01:54:42.4799970Z Building wheels for collected packages: grpcio
2022-12-27T01:54:42.4807180Z   Created temporary directory: /private/var/folders/51/hd414ycd67n82196sw51xqtc0000gn/T/pip-wheel-apz5fxbt
2022-12-27T01:54:42.4809510Z   Building wheel for grpcio (setup.py): started
2022-12-27T01:54:42.4812430Z   Destination directory: /private/var/folders/51/hd414ycd67n82196sw51xqtc0000gn/T/pip-wheel-apz5fxbt
2022-12-27T01:54:42.4813120Z   Running command python setup.py bdist_wheel
2022-12-27T01:54:43.1036100Z   running bdist_wheel
2022-12-27T01:54:43.1038480Z   running build
2022-12-27T01:54:43.1039090Z   running build_py
2022-12-27T01:54:43.1040860Z   running build_project_metadata
2022-12-27T01:54:43.1042140Z   creating python_build
2022-12-27T01:54:43.1044310Z   creating python_build/lib.macosx-11.0-arm64-cpython-311
2022-12-27T01:54:43.1046340Z   creating python_build/lib.macosx-11.0-arm64-cpython-311/grpc
2022-12-27T01:54:43.1048210Z   copying src/python/grpcio/grpc/_channel.py -> python_build/lib.macosx-11.0-arm64-cpython-311/grpc
2022-12-27T01:54:43.1049710Z   copying src/python/grpcio/grpc/_common.py -> python_build/lib.macosx-11.0-arm64-cpython-311/grpc
2022-12-27T01:54:43.1051970Z   copying src/python/grpcio/grpc/__init__.py -> python_build/lib.macosx-11.0-arm64-cpython-311/grpc
2022-12-27T01:54:43.1053600Z   copying src/python/grpcio/grpc/_utilities.py -> python_build/lib.macosx-11.0-arm64-cpython-311/grpc
2022-12-27T01:54:43.1055150Z   copying src/python/grpcio/grpc/_plugin_wrapping.py -> python_build/lib.macosx-11.0-arm64-cpython-311/grpc
2022-12-27T01:54:43.1057030Z   copying src/python/grpcio/grpc/_interceptor.py -> python_build/lib.macosx-11.0-arm64-cpython-311/grpc
2022-12-27T01:54:43.1058690Z   copying src/python/grpcio/grpc/_grpcio_metadata.py -> python_build/lib.macosx-11.0-arm64-cpython-311/grpc
2022-12-27T01:54:43.1060990Z   copying src/python/grpcio/grpc/_server.py -> python_build/lib.macosx-11.0-arm64-cpython-311/grpc
2022-12-27T01:54:43.1062920Z   copying src/python/grpcio/grpc/_auth.py -> python_build/lib.macosx-11.0-arm64-cpython-311/grpc
2022-12-27T01:54:43.1064380Z   creating python_build/lib.macosx-11.0-arm64-cpython-311/grpc/beta
2022-12-27T01:54:43.1067010Z   copying src/python/grpcio/grpc/beta/_server_adaptations.py -> python_build/lib.macosx-11.0-arm64-cpython-311/grpc/beta
2022-12-27T01:54:43.1183120Z   copying src/python/grpcio/grpc/beta/interfaces.py -> python_build/lib.macosx-11.0-arm64-cpython-311/grpc/beta
2022-12-27T01:54:43.1183820Z   copying src/python/grpcio/grpc/beta/_metadata.py -> python_build/lib.macosx-11.0-arm64-cpython-311/grpc/beta
2022-12-27T01:54:43.1184430Z   copying src/python/grpcio/grpc/beta/__init__.py -> python_build/lib.macosx-11.0-arm64-cpython-311/grpc/beta
2022-12-27T01:54:43.1185230Z   copying src/python/grpcio/grpc/beta/utilities.py -> python_build/lib.macosx-11.0-arm64-cpython-311/grpc/beta
2022-12-27T01:54:43.1187620Z   copying src/python/grpcio/grpc/beta/implementations.py -> python_build/lib.macosx-11.0-arm64-cpython-311/grpc/beta
2022-12-27T01:54:43.1188470Z   copying src/python/grpcio/grpc/beta/_client_adaptations.py -> python_build/lib.macosx-11.0-arm64-cpython-311/grpc/beta
2022-12-27T01:54:43.1189060Z   creating python_build/lib.macosx-11.0-arm64-cpython-311/grpc/framework
2022-12-27T01:54:43.1189740Z   copying src/python/grpcio/grpc/framework/__init__.py -> python_build/lib.macosx-11.0-arm64-cpython-311/grpc/framework
2022-12-27T01:54:43.1190900Z   creating python_build/lib.macosx-11.0-arm64-cpython-311/grpc/_cython
2022-12-27T01:54:43.1191580Z   copying src/python/grpcio/grpc/_cython/__init__.py -> python_build/lib.macosx-11.0-arm64-cpython-311/grpc/_cython
2022-12-27T01:54:43.1192160Z   creating python_build/lib.macosx-11.0-arm64-cpython-311/grpc/framework/foundation
2022-12-27T01:54:43.1192890Z   copying src/python/grpcio/grpc/framework/foundation/callable_util.py -> python_build/lib.macosx-11.0-arm64-cpython-311/grpc/framework/foundation
2022-12-27T01:54:43.1193700Z   copying src/python/grpcio/grpc/framework/foundation/abandonment.py -> python_build/lib.macosx-11.0-arm64-cpython-311/grpc/framework/foundation
2022-12-27T01:54:43.1194610Z   copying src/python/grpcio/grpc/framework/foundation/__init__.py -> python_build/lib.macosx-11.0-arm64-cpython-311/grpc/framework/foundation
2022-12-27T01:54:43.1196050Z   copying src/python/grpcio/grpc/framework/foundation/stream.py -> python_build/lib.macosx-11.0-arm64-cpython-311/grpc/framework/foundation
2022-12-27T01:54:43.1196840Z   copying src/python/grpcio/grpc/framework/foundation/stream_util.py -> python_build/lib.macosx-11.0-arm64-cpython-311/grpc/framework/foundation
2022-12-27T01:54:43.1197620Z   copying src/python/grpcio/grpc/framework/foundation/future.py -> python_build/lib.macosx-11.0-arm64-cpython-311/grpc/framework/foundation
2022-12-27T01:54:43.1198390Z   copying src/python/grpcio/grpc/framework/foundation/logging_pool.py -> python_build/lib.macosx-11.0-arm64-cpython-311/grpc/framework/foundation
2022-12-27T01:54:43.1198970Z   creating python_build/lib.macosx-11.0-arm64-cpython-311/grpc/framework/common
2022-12-27T01:54:43.1199580Z   copying src/python/grpcio/grpc/framework/common/style.py -> python_build/lib.macosx-11.0-arm64-cpython-311/grpc/framework/common
2022-12-27T01:54:43.1200350Z   copying src/python/grpcio/grpc/framework/common/cardinality.py -> python_build/lib.macosx-11.0-arm64-cpython-311/grpc/framework/common
2022-12-27T01:54:43.1201100Z   copying src/python/grpcio/grpc/framework/common/__init__.py -> python_build/lib.macosx-11.0-arm64-cpython-311/grpc/framework/common
2022-12-27T01:54:43.1201750Z   creating python_build/lib.macosx-11.0-arm64-cpython-311/grpc/framework/interfaces
2022-12-27T01:54:43.1202400Z   copying src/python/grpcio/grpc/framework/interfaces/__init__.py -> python_build/lib.macosx-11.0-arm64-cpython-311/grpc/framework/interfaces
2022-12-27T01:54:43.1203060Z   creating python_build/lib.macosx-11.0-arm64-cpython-311/grpc/framework/interfaces/face
2022-12-27T01:54:43.1203790Z   copying src/python/grpcio/grpc/framework/interfaces/face/__init__.py -> python_build/lib.macosx-11.0-arm64-cpython-311/grpc/framework/interfaces/face
2022-12-27T01:54:43.1204690Z   copying src/python/grpcio/grpc/framework/interfaces/face/utilities.py -> python_build/lib.macosx-11.0-arm64-cpython-311/grpc/framework/interfaces/face
2022-12-27T01:54:43.1205800Z   copying src/python/grpcio/grpc/framework/interfaces/face/face.py -> python_build/lib.macosx-11.0-arm64-cpython-311/grpc/framework/interfaces/face
2022-12-27T01:54:43.1206480Z   creating python_build/lib.macosx-11.0-arm64-cpython-311/grpc/framework/interfaces/base
2022-12-27T01:54:43.1207200Z   copying src/python/grpcio/grpc/framework/interfaces/base/__init__.py -> python_build/lib.macosx-11.0-arm64-cpython-311/grpc/framework/interfaces/base
2022-12-27T01:54:43.1208000Z   copying src/python/grpcio/grpc/framework/interfaces/base/utilities.py -> python_build/lib.macosx-11.0-arm64-cpython-311/grpc/framework/interfaces/base
2022-12-27T01:54:43.1208730Z   copying src/python/grpcio/grpc/framework/interfaces/base/base.py -> python_build/lib.macosx-11.0-arm64-cpython-311/grpc/framework/interfaces/base
2022-12-27T01:54:43.1209380Z   creating python_build/lib.macosx-11.0-arm64-cpython-311/grpc/_cython/_cygrpc
2022-12-27T01:54:43.1210070Z   copying src/python/grpcio/grpc/_cython/_cygrpc/__init__.py -> python_build/lib.macosx-11.0-arm64-cpython-311/grpc/_cython/_cygrpc
2022-12-27T01:54:43.1210740Z   creating python_build/lib.macosx-11.0-arm64-cpython-311/grpc/_cython/_credentials
2022-12-27T01:54:43.1211430Z   copying src/python/grpcio/grpc/_cython/_credentials/roots.pem -> python_build/lib.macosx-11.0-arm64-cpython-311/grpc/_cython/_credentials
2022-12-27T01:54:43.1211870Z   running build_ext
2022-12-27T01:54:51.2971400Z   b'[C]       Compiling third_party/cares/cares/ares__close_sockets.c\n[C]       Compiling third_party/cares/cares/ares__get_hostent.c\n[C]       Compiling third_party/cares/cares/ares__read_line.c\n[C]       Compiling third_party/cares/cares/ares__timeval.c\n[C]       Compiling third_party/cares/cares/ares_cancel.c\n[C]       Compiling third_party/cares/cares/ares_create_query.c\n[C]       Compiling third_party/cares/cares/ares_data.c\n[C]       Compiling third_party/cares/cares/ares_destroy.c\n[C]       Compiling third_party/cares/cares/ares_expand_name.c\n[C]       Compiling third_party/cares/cares/ares_expand_string.c\n[C]       Compiling third_party/cares/cares/ares_fds.c\n[C]       Compiling third_party/cares/cares/ares_free_hostent.c\n[C]       Compiling third_party/cares/cares/ares_free_string.c\n[C]       Compiling third_party/cares/cares/ares_getenv.c\n[C]       Compiling third_party/cares/cares/ares_gethostbyaddr.c\n[C]       Compiling third_party/cares/cares/ares_gethostbyname.c\n[C]       Compiling third_party/cares/cares/ares_getnameinfo.c\n[C]       Compiling third_party/cares/cares/ares_getopt.c\n[C]       Compiling third_party/cares/cares/ares_getsock.c\n[C]       Compiling third_party/cares/cares/ares_init.c\n[C]       Compiling third_party/cares/cares/ares_library_init.c\n[C]       Compiling third_party/cares/cares/ares_llist.c\n[C]       Compiling third_party/cares/cares/ares_mkquery.c\n[C]       Compiling third_party/cares/cares/ares_nowarn.c\n[C]       Compiling third_party/cares/cares/ares_options.c\n[C]       Compiling third_party/cares/cares/ares_parse_a_reply.c\n[C]       Compiling third_party/cares/cares/ares_parse_aaaa_reply.c\n[C]       Compiling third_party/cares/cares/ares_parse_mx_reply.c\n[C]       Compiling third_party/cares/cares/ares_parse_naptr_reply.c\n[C]       Compiling third_party/cares/cares/ares_parse_ns_reply.c\n[C]       Compiling third_party/cares/cares/ares_parse_ptr_reply.c\n[C]       Compiling third_party/cares/cares/ares_parse_soa_reply.c\n[C]       Compiling third_party/cares/cares/ares_parse_srv_reply.c\n[C]       Compiling third_party/cares/cares/ares_parse_txt_reply.c\n[C]       Compiling third_party/cares/cares/ares_platform.c\n[C]       Compiling third_party/cares/cares/ares_process.c\n[C]       Compiling third_party/cares/cares/ares_query.c\n[C]       Compiling third_party/cares/cares/ares_search.c\n[C]       Compiling third_party/cares/cares/ares_send.c\n[C]       Compiling third_party/cares/cares/ares_strcasecmp.c\n[C]       Compiling third_party/cares/cares/ares_strdup.c\n[C]       Compiling third_party/cares/cares/ares_strerror.c\n[C]       Compiling third_party/cares/cares/ares_timeout.c\n[C]       Compiling third_party/cares/cares/ares_version.c\n[C]       Compiling third_party/cares/cares/ares_writev.c\n[C]       Compiling third_party/cares/cares/bitncmp.c\n[C]       Compiling third_party/cares/cares/inet_net_pton.c\n[C]       Compiling third_party/cares/cares/inet_ntop.c\n[C]       Compiling third_party/cares/cares/windows_port.c\n[C]       Compiling third_party/zlib/adler32.c\n[C]       Compiling third_party/zlib/compress.c\n[C]       Compiling third_party/zlib/crc32.c\n[C]       Compiling third_party/zlib/deflate.c\n[C]       Compiling third_party/zlib/gzclose.c\n[C]       Compiling third_party/zlib/gzread.c\n[C]       Compiling third_party/zlib/infback.c\n[C]       Compiling third_party/zlib/gzwrite.c\n[C]       Compiling third_party/zlib/gzlib.c\n[C]       Compiling third_party/zlib/inffast.c\n[C]       Compiling third_party/zlib/inflate.c\n[C]       Compiling third_party/zlib/inftrees.c\n[C]       Compiling third_party/zlib/trees.c\n[C]       Compiling third_party/zlib/uncompr.c\n[C]       Compiling third_party/zlib/zutil.c\n[C]       Compiling src/boringssl/err_data.c\n[C]       Compiling third_party/boringssl/crypto/aes/mode_wrappers.c\n[C]       Compiling third_party/boringssl/crypto/aes/aes.c\n[C]       Compiling third_party/boringssl/crypto/aes/key_wrap.c\n[C]       Compiling third_party/boringssl/crypto/asn1/a_bitstr.c\n[C]       Compiling third_party/boringssl/crypto/asn1/a_bool.c\n[C]       Compiling third_party/boringssl/crypto/asn1/a_d2i_fp.c\n[C]       Compiling third_party/boringssl/crypto/asn1/a_dup.c\n[C]       Compiling third_party/boringssl/crypto/asn1/a_enum.c\n[C]       Compiling third_party/boringssl/crypto/asn1/a_gentm.c\n[C]       Compiling third_party/boringssl/crypto/asn1/a_i2d_fp.c\n[C]       Compiling third_party/boringssl/crypto/asn1/a_int.c\n[C]       Compiling third_party/boringssl/crypto/asn1/a_mbstr.c\n[C]       Compiling third_party/boringssl/crypto/asn1/a_object.c\n[C]       Compiling third_party/boringssl/crypto/asn1/a_octet.c\n[C]       Compiling third_party/boringssl/crypto/asn1/a_print.c\n[C]       Compiling third_party/boringssl/crypto/asn1/a_strnid.c\n[C]       Compiling third_party/boringssl/crypto/asn1/a_time.c\n'
2022-12-27T01:54:51.3341310Z   b"make: Circular /Users/runner/actions-runner/_work/python.build/python.build/build_grpcio191311/grpcio-1.9.1/libs/opt/libares.a <- /Users/runner/actions-runner/_work/python.build/python.build/build_grpcio191311/grpcio-1.9.1/libs/opt/libz.a dependency dropped.\nIn file included from src/boringssl/err_data.c:17:\nthird_party/boringssl/include/openssl/base.h:133:9: error: 'OPENSSL_VERSION_NUMBER' macro redefined [-Werror,-Wmacro-redefined]\n#define OPENSSL_VERSION_NUMBER 0x100020af\n        ^\n/usr/local/opt/openssl@3/include/openssl/opensslv.h:99:10: note: previous definition is here\n# define OPENSSL_VERSION_NUMBER          \\\n         ^\nIn file included from src/boringssl/err_data.c:18:\nIn file included from /usr/local/opt/openssl@3/include/openssl/err.h:21:\n/usr/local/opt/openssl@3/include/openssl/e_os2.h:183:11: error: 'OPENSSL_EXPORT' macro redefined [-Werror,-Wmacro-redefined]\n#  define OPENSSL_EXPORT extern\n          ^\nthird_party/boringssl/include/openssl/base.h:168:9: note: previous definition is here\n#define OPENSSL_EXPORT\n        ^\nIn file included from third_party/boringssl/crypto/aes/key_wrap.c:54:\nIn file included from third_party/boringssl/include/openssl/mem.h:60:\nthird_party/boringssl/include/openssl/base.h:133:9: error: 'OPENSSL_VERSION_NUMBER' macro redefined [-Werror,-Wmacro-redefined]\n#define OPENSSL_VERSION_NUMBER 0x100020af\n        ^\n/usr/local/opt/openssl@3/include/openssl/opensslv.h:99:10: note: previous definition is here\n# define OPENSSL_VERSION_NUMBER          \\\n         ^\nIn file included from src/boringssl/err_data.c:18:\nIn file included from /usr/local/opt/openssl@3/include/openssl/err.h:28:\nIn file included from /usr/local/opt/openssl@3/include/openssl/types.h:21:\n/usr/local/opt/openssl@3/include/openssl/safestack.h:264:15: error: redefinition of typedef 'OPENSSL_BLOCK' is a C11 feature [-Werror,-Wtypedef-redefinition]\ntypedef void *OPENSSL_BLOCK;\n              ^\nthird_party/boringssl/include/openssl/base.h:322:15: note: previous definition is here\ntypedef void *OPENSSL_BLOCK;\n              ^\nIn file included from src/boringssl/err_data.c:18:\nIn file included from /usr/local/opt/openssl@3/include/openssl/err.h:28:\n/usr/local/opt/openssl@3/include/openssl/types.h:45:31: error: redefinition of typedef 'ASN1_INTEGER' is a C11 feature [-Werror,-Wtypedef-redefinition]\ntypedef struct asn1_string_st ASN1_INTEGER;\n                              ^\nthird_party/boringssl/include/openssl/base.h:215:31: note: previous definition is here\ntypedef struct asn1_string_st ASN1_INTEGER;\n                              ^\nIn file included from src/boringssl/err_data.c:18:\nIn file included from /usr/local/opt/openssl@3/include/openssl/err.h:28:\n/usr/local/opt/openssl@3/include/openssl/types.h:46:31: error: redefinition of typedef 'ASN1_ENUMERATED' is a C11 feature [-Werror,-Wtypedef-redefinition]\ntypedef struct asn1_string_st ASN1_ENUMERATED;\n                              ^\nthird_party/boringssl/include/openssl/base.h:211:31: note: previous definition is here\ntypedef struct asn1_string_st ASN1_ENUMERATED;\n                              ^\nIn file included from src/boringssl/err_data.c:18:\nIn file included from /usr/local/opt/openssl@3/include/openssl/err.h:28:\n/usr/local/opt/openssl@3/include/openssl/types.h:47:31: error: redefinition of typedef 'ASN1_BIT_STRING' is a C11 feature [-Werror,-Wtypedef-redefinition]\ntypedef struct asn1_string_st ASN1_BIT_STRING;\n                              ^\nthird_party/boringssl/include/openssl/base.h:209:31: note: previous definition is here\ntypedef struct asn1_string_st ASN1_BIT_STRING;\n                              ^\nIn file included from src/boringssl/err_data.c:18:\nIn file included from /usr/local/opt/openssl@3/include/openssl/err.h:28:\n/usr/local/opt/openssl@3/include/openssl/types.h:48:31: error: redefinition of typedef 'ASN1_OCTET_STRING' is a C11 feature [-Werror,-Wtypedef-redefinition]\ntypedef struct asn1_string_st ASN1_OCTET_STRING;\n                              ^\nthird_party/boringssl/include/openssl/base.h:216:31: note: previous definition is here\ntypedef struct asn1_string_st ASN1_OCTET_STRING;\n                              ^\nIn file included from src/boringssl/err_data.c:18:\nIn file included from /usr/local/opt/openssl@3/include/openssl/err.h:28:\n/usr/local/opt/openssl@3/include/openssl/types.h:49:31: error: redefinition of typedef 'ASN1_PRINTABLESTRING' is a C11 feature [-Werror,-Wtypedef-redefinition]\ntypedef struct asn1_string_st ASN1_PRINTABLESTRING;\n                              ^\nthird_party/boringssl/include/openssl/base.h:217:31: note: previous definition is here\ntypedef struct asn1_string_st ASN1_PRINTABLESTRING;\n                              ^\nIn file included from src/boringssl/err_data.c:18:\nIn file included from /usr/local/opt/openssl@3/include/openssl/err.h:28:\n/usr/local/opt/openssl@3/include/openssl/types.h:50:31: error: redefinition of typedef 'ASN1_T61STRING' is a C11 feature [-Werror,-Wtypedef-redefinition]\ntypedef struct asn1_string_st ASN1_T61STRING;\n                              ^\nthird_party/boringssl/include/openssl/base.h:219:31: note: previous definition is here\ntypedef struct asn1_string_st ASN1_T61STRING;\n                              ^\nIn file included from src/boringssl/err_data.c:18:\nIn file included from /usr/local/opt/openssl@3/include/openssl/err.h:28:\n/usr/local/opt/openssl@3/include/openssl/types.h:51:31: error: redefinition of typedef 'ASN1_IA5STRING' is a C11 feature [-Werror,-Wtypedef-redefinition]\ntypedef struct asn1_string_st ASN1_IA5STRING;\n                              ^\nthird_party/boringssl/include/openssl/base.h:214:31: note: previous definition is here\ntypedef struct asn1_string_st ASN1_IA5STRING;\n                              ^\nIn file included from src/boringssl/err_data.c:18:\nIn file included from /usr/local/opt/openssl@3/include/openssl/err.h:28:\n/usr/local/opt/openssl@3/include/openssl/types.h:52:31: error: redefinition of typedef 'ASN1_GENERALSTRING' is a C11 feature [-Werror,-Wtypedef-redefinition]\ntypedef struct asn1_string_st ASN1_GENERALSTRING;\n                              ^\nthird_party/boringssl/include/openssl/base.h:213:31: note: previous definition is here\ntypedef struct asn1_string_st ASN1_GENERALSTRING;\n                              ^\nIn file included from src/boringssl/err_data.c:18:\nIn file included from /usr/local/opt/openssl@3/include/openssl/err.h:28:\n/usr/local/opt/openssl@3/include/openssl/types.h:53:31: error: redefinition of typedef 'ASN1_UNIVERSALSTRING' is a C11 feature [-Werror,-Wtypedef-redefinition]\ntypedef struct asn1_string_st ASN1_UNIVERSALSTRING;\n                              ^\nthird_party/boringssl/include/openssl/base.h:221:31: note: previous definition is here\ntypedef struct asn1_string_st ASN1_UNIVERSALSTRING;\n                              ^\nIn file included from src/boringssl/err_data.c:18:\nIn file included from /usr/local/opt/openssl@3/include/openssl/err.h:28:\n/usr/local/opt/openssl@3/include/openssl/types.h:54:31: error: redefinition of typedef 'ASN1_BMPSTRING' is a C11 feature [-Werror,-Wtypedef-redefinition]\ntypedef struct asn1_string_st ASN1_BMPSTRING;\n                              ^\nthird_party/boringssl/include/openssl/base.h:210:31: note: previous definition is here\ntypedef struct asn1_string_st ASN1_BMPSTRING;\n                              ^\nIn file included from src/boringssl/err_data.c:18:\nIn file included from /usr/local/opt/openssl@3/include/openssl/err.h:28:\n/usr/local/opt/openssl@3/include/openssl/types.h:55:31: error: redefinition of typedef 'ASN1_UTCTIME' is a C11 feature [-Werror,-Wtypedef-redefinition]\ntypedef struct asn1_string_st ASN1_UTCTIME;\n                              ^\nthird_party/boringssl/include/openssl/base.h:222:31: note: previous definition is here\ntypedef struct asn1_string_st ASN1_UTCTIME;\n                              ^\nIn file included from src/boringssl/err_data.c:18:\nIn file included from /usr/local/opt/openssl@3/include/openssl/err.h:28:\n/usr/local/opt/openssl@3/include/openssl/types.h:56:31: error: redefinition of typedef 'ASN1_TIME' is a C11 feature [-Werror,-Wtypedef-redefinition]\ntypedef struct asn1_string_st ASN1_TIME;\n                              ^\nthird_party/boringssl/include/openssl/base.h:220:31: note: previous definition is here\ntypedef struct asn1_string_st ASN1_TIME;\n                              ^\nIn file included from src/boringssl/err_data.c:18:\nIn file included from /usr/local/opt/openssl@3/include/openssl/err.h:28:\n/usr/local/opt/openssl@3/include/openssl/types.h:57:31: error: redefinition of typedef 'ASN1_GENERALIZEDTIME' is a C11 feature [-Werror,-Wtypedef-redefinition]\ntypedef struct asn1_string_st ASN1_GENERALIZEDTIME;\n                              ^\nthird_party/boringssl/include/openssl/base.h:212:31: note: previous definition is here\ntypedef struct asn1_string_st ASN1_GENERALIZEDTIME;\n                              ^\nIn file included from src/boringssl/err_data.c:18:\nIn file included from /usr/local/opt/openssl@3/include/openssl/err.h:28:\n/usr/local/opt/openssl@3/include/openssl/types.h:58:31: error: redefinition of typedef 'ASN1_VISIBLESTRING' is a C11 feature [-Werror,-Wtypedef-redefinition]\ntypedef struct asn1_string_st ASN1_VISIBLESTRING;\n                              ^\nthird_party/boringssl/include/openssl/base.h:224:31: note: previous definition is here\ntypedef struct asn1_string_st ASN1_VISIBLESTRING;\n                              ^\nIn file included from src/boringssl/err_data.c:18:\nIn file included from /usr/local/opt/openssl@3/include/openssl/err.h:28:\n/usr/local/opt/openssl@3/include/openssl/types.h:59:31: error: redefinition of typedef 'ASN1_UTF8STRING' is a C11 feature [-Werror,-Wtypedef-redefinition]\ntypedef struct asn1_string_st ASN1_UTF8STRING;\n                              ^\nthird_party/boringssl/include/openssl/base.h:223:31: note: previous definition is here\ntypedef struct asn1_string_st ASN1_UTF8STRING;\n                              ^\nIn file included from src/boringssl/err_data.c:18:\nIn file included from /usr/local/opt/openssl@3/include/openssl/err.h:28:\n/usr/local/opt/openssl@3/include/openssl/types.h:60:31: error: redefinition of typedef 'ASN1_STRING' is a C11 feature [-Werror,-Wtypedef-redefinition]\ntypedef struct asn1_string_st ASN1_STRING;\n                              ^\nthird_party/boringssl/include/openssl/base.h:218:31: note: previous definition is here\ntypedef struct asn1_string_st ASN1_STRING;\n                              ^\nfatal error: too many errors emitted, stopping now [-ferror-limit=]\nIn file included from third_party/boringssl/crypto/aes/key_wrap.c:56:\nIn file included from third_party/boringssl/crypto/aes/../internal.h:112:\nthird_party/boringssl/include/openssl/ex_data.h:205:3: error: type name requires a specifier or qualifier\n  STACK_OF(void) *sk;\n  ^\nthird_party/boringssl/include/openssl/ex_data.h:205:17: error: expected ';' at end of declaration list\n  STACK_OF(void) *sk;\n                ^\n                ;\nIn file included from third_party/boringssl/crypto/aes/mode_wrappers.c:53:\nIn file included from third_party/boringssl/crypto/aes/../modes/internal.h:52:\nthird_party/boringssl/include/openssl/base.h:133:9: error: 'OPENSSL_VERSION_NUMBER' macro redefined [-Werror,-Wmacro-redefined]\n#define OPENSSL_VERSION_NUMBER 0x100020af\n        ^\n/usr/local/opt/openssl@3/include/openssl/opensslv.h:99:10: note: previous definition is here\n# define OPENSSL_VERSION_NUMBER          \\\n         ^\nIn file included from third_party/boringssl/crypto/aes/mode_wrappers.c:53:\nIn file included from third_party/boringssl/crypto/aes/../modes/internal.h:56:\nIn file included from third_party/boringssl/crypto/aes/../modes/../internal.h:112:\nthird_party/boringssl/include/openssl/ex_data.h:205:3In file included from :third_party/boringssl/crypto/aes/key_wrap.c :error: type name requires a specifier or qualifier\n  STACK_OF(void) *sk;\n  ^\n56:\nthird_party/boringssl/crypto/aes/../internal.h:481:3: error: type name requires a specifier or qualifier\n  STACK_OF(CRYPTO_EX_DATA_FUNCS) *meth;\n  ^\nthird_party/boringssl/crypto/aes/../internal.h:481:33: error: expected ';' at end of declaration list\n  STACK_OF(CRYPTO_EX_DATA_FUNCS) *meth;\n                                ^\n                                ;\nthird_party/boringssl/include/openssl/ex_data.h:205:17: error: expected ';' at end of declaration list\n  STACK_OF(void) *sk;\n                ^\n                ;\nthird_party/boringssl/crypto/aes/key_wrap.c:66:5: error: conflicting types for 'AES_wrap_key'\nint AES_wrap_key(const AES_KEY *key, const uint8_t *iv, uint8_t *out,\n    ^\n/usr/local/opt/openssl@3/include/openssl/aes.h:97:5: note: previous declaration is here\nint AES_wrap_key(AES_KEY *key, const unsigned char *iv,\n    ^\nthird_party/boringssl/crypto/aes/key_wrap.c:102:5: error: conflicting types for 'AES_unwrap_key'\nint AES_unwrap_key(const AES_KEY *key, const uint8_t *iv, uint8_t *out,\n    ^\n/usr/local/opt/openssl@3/include/openssl/aes.h:101:5: note: previous declaration is here\nint AES_unwrap_key(AES_KEY *key, const unsigned char *iv,\n    ^\n7 errors generated.\n20 errors generated.\nIn file included from third_party/boringssl/crypto/aes/aes.c:54:\nIn file included from third_party/boringssl/include/openssl/cpu.h:64:\nthird_party/boringssl/include/openssl/base.h:133:9: error: 'OPENSSL_VERSION_NUMBER' macro redefined [-Werror,-Wmacro-redefined]\n#define OPENSSL_VERSION_NUMBER 0x100020af\n        ^\n/usr/local/opt/openssl@3/include/openssl/opensslv.h:99:10: note: previous definition is here\n# define OPENSSL_VERSION_NUMBER          \\\n         ^\nIn file included from third_party/boringssl/crypto/aes/mode_wrappers.c:53:\nIn file included from third_party/boringssl/crypto/aes/../modes/internal.h:56:\nthird_party/boringssl/crypto/aes/../modes/../internal.h:481:3: error: type name requires a specifier or qualifier\n  STACK_OF(CRYPTO_EX_DATA_FUNCS) *meth;\n  ^\nthird_party/boringssl/crypto/aes/../modes/../internal.h:481:33: error: expected ';' at end of declaration list\n  STACK_OF(CRYPTO_EX_DATA_FUNCS) *meth;\n                                ^\n                                ;\nthird_party/boringssl/crypto/aes/aes.c:537:5: error: conflicting types for 'AES_set_encrypt_key'\nint AES_set_encrypt_key(const uint8_t *key, unsigned bits, AES_KEY *aeskey) {\n    ^\n/usr/local/opt/openssl@3/include/openssl/aes.h:51:5: note: previous declaration is here\nint AES_set_encrypt_key(const unsigned char *userKey, const int bits,\n    ^\n5 errors generated.\nthird_party/boringssl/crypto/aes/aes.c:632:5: error: conflicting types for 'AES_set_decrypt_key'\nint AES_set_decrypt_key(const uint8_t *key, unsigned bits, AES_KEY *aeskey) {\n    ^\n/usr/local/opt/openssl@3/include/openssl/aes.h:54:5: note: previous declaration is here\nint AES_set_decrypt_key(const unsigned char *userKey, const int bits,\n    ^\nmake: *** [/Users/runner/actions-runner/_work/python.build/python.build/build_grpcio191311/grpcio-1.9.1/objs/opt/third_party/boringssl/crypto/aes/key_wrap.o] Error 1\nmake: *** Waiting for unfinished jobs....\nmake: *** [/Users/runner/actions-runner/_work/python.build/python.build/build_grpcio191311/grpcio-1.9.1/objs/opt/src/boringssl/err_data.o] Error 1\n3 errors generated.\nmake: *** [/Users/runner/actions-runner/_work/python.build/python.build/build_grpcio191311/grpcio-1.9.1/objs/opt/third_party/boringssl/crypto/aes/mode_wrappers.o] Error 1\nmake: *** [/Users/runner/actions-runner/_work/python.build/python.build/build_grpcio191311/grpcio-1.9.1/objs/opt/third_party/boringssl/crypto/aes/aes.o] Error 1\nIn file included from third_party/boringssl/crypto/asn1/a_object.c:63:\nIn file included from third_party/boringssl/include/openssl/mem.h:60:\nthird_party/boringssl/include/openssl/base.h:133:9: error: 'OPENSSL_VERSION_NUMBER' macro redefined [-Werror,-Wmacro-redefined]\n#define OPENSSL_VERSION_NUMBER 0x100020af\n        ^\n/usr/local/opt/openssl@3/include/openssl/opensslv.h:99:10: note: previous definition is here\n# define OPENSSL_VERSION_NUMBER          \\\n         ^\nIn file included from third_party/boringssl/crypto/asn1/a_object.c:63:\nIn file included from third_party/boringssl/include/openssl/mem.h:60:\nthird_party/boringssl/include/openssl/base.h:168:9: error: 'OPENSSL_EXPORT' macro redefined [-Werror,-Wmacro-redefined]\n#define OPENSSL_EXPORT\n        ^\n/usr/local/opt/openssl@3/include/openssl/e_os2.h:183:11: note: previous definition is here\n#  define OPENSSL_EXPORT extern\n          ^\nIn file included from third_party/boringssl/crypto/asn1/a_object.c:63:\nIn file included from third_party/boringssl/include/openssl/mem.h:60:\nthird_party/boringssl/include/openssl/base.h:202:13: error: typedef redefinition with different types ('int' vs 'struct crypto_threadid_st')\ntypedef int CRYPTO_THREADID;\n            ^\n/usr/local/opt/openssl@3/include/openssl/crypto.h:308:3: note: previous definition is here\n} CRYPTO_THREADID;\n  ^\nIn file included from third_party/boringssl/crypto/asn1/a_object.c:63:\nIn file included from third_party/boringssl/include/openssl/mem.h:60:\nthird_party/boringssl/include/openssl/base.h:204:13: error: redefinition of typedef 'ASN1_BOOLEAN' is a C11 feature [-Werror,-Wtypedef-redefinition]\ntypedef int ASN1_BOOLEAN;\n            ^\n/usr/local/opt/openssl@3/include/openssl/types.h:61:13: note: previous definition is here\ntypedef int ASN1_BOOLEAN;\n            ^\nIn file included from third_party/boringssl/crypto/asn1/a_object.c:63:\nIn file included from third_party/boringssl/include/openssl/mem.h:60:\nthird_party/boringssl/include/openssl/base.h:205:13: error: redefinition of typedef 'ASN1_NULL' is a C11 feature [-Werror,-Wtypedef-redefinition]\ntypedef int ASN1_NULL;\n            ^\n/usr/local/opt/openssl@3/include/openssl/types.h:62:13: note: previous definition is here\ntypedef int ASN1_NULL;\n            ^\nIn file included from third_party/boringssl/crypto/asn1/a_object.c:63:\nIn file included from third_party/boringssl/include/openssl/mem.h:60:\nthird_party/boringssl/include/openssl/base.h:206:29: error: redefinition of typedef 'ASN1_ITEM' is a C11 feature [-Werror,-Wtypedef-redefinition]\ntypedef struct ASN1_ITEM_st ASN1_ITEM;\n                            ^\n/usr/local/opt/openssl@3/include/openssl/types.h:69:29: note: previous definition is here\ntypedef struct ASN1_ITEM_st ASN1_ITEM;\n                            ^\nIn file included from third_party/boringssl/crypto/asn1/a_object.c:63:\nIn file included from third_party/boringssl/include/openssl/mem.h:60:\nthird_party/boringssl/include/openssl/base.h:207:31: error: redefinition of typedef 'ASN1_OBJECT' is a C11 feature [-Werror,-Wtypedef-redefinition]\ntypedef struct asn1_object_st ASN1_OBJECT;\n                              ^\n/usr/local/opt/openssl@3/include/openssl/types.h:66:31: note: previous definition is here\ntypedef struct asn1_object_st ASN1_OBJECT;\n                              ^\nIn file included from third_party/boringssl/crypto/asn1/a_object.c:63:\nIn file included from third_party/boringssl/include/openssl/mem.h:60:\nthird_party/boringssl/include/openssl/base.h:208:29: error: redefinition of typedef 'ASN1_PCTX' is a C11 feature [-Werror,-Wtypedef-redefinition]\ntypedef struct asn1_pctx_st ASN1_PCTX;\n                            ^\n/usr/local/opt/openssl@3/include/openssl/types.h:70:29: note: previous definition is here\ntypedef struct asn1_pctx_st ASN1_PCTX;\n                            ^\nIn file included from third_party/boringssl/crypto/asn1/a_object.c:63:\nIn file included from third_party/boringssl/include/openssl/mem.h:60:\nthird_party/boringssl/include/openssl/base.h:209:31: error: redefinition of typedef 'ASN1_BIT_STRING' is a C11 feature [-Werror,-Wtypedef-redefinition]\ntypedef struct asn1_string_st ASN1_BIT_STRING;\n                              ^\n/usr/local/opt/openssl@3/include/openssl/types.h:47:31: note: previous definition is here\ntypedef struct asn1_string_st ASN1_BIT_STRING;\n                              ^\nIn file included from third_party/boringssl/crypto/asn1/a_object.c:63:\nIn file included from third_party/boringssl/include/openssl/mem.h:60:\nthird_party/boringssl/include/openssl/base.h:210:31: error: redefinition of typedef 'ASN1_BMPSTRING' is a C11 feature [-Werror,-Wtypedef-redefinition]\ntypedef struct asn1_string_st ASN1_BMPSTRING;\n                              ^\n/usr/local/opt/openssl@3/include/openssl/types.h:54:31: note: previous definition is here\ntypedef struct asn1_string_st ASN1_BMPSTRING;\n                              ^\nIn file included from third_party/boringssl/crypto/asn1/a_object.c:63:\nIn file included from third_party/boringssl/include/openssl/mem.h:60:\nthird_party/boringssl/include/openssl/base.h:211:31: error: redefinition of typedef 'ASN1_ENUMERATED' is a C11 feature [-Werror,-Wtypedef-redefinition]\ntypedef struct asn1_string_st ASN1_ENUMERATED;\n                              ^\n/usr/local/opt/openssl@3/include/openssl/types.h:46:31: note: previous definition is here\ntypedef struct asn1_string_st ASN1_ENUMERATED;\n                              ^\nIn file included from third_party/boringssl/crypto/asn1/a_object.c:63:\nIn file included from third_party/boringssl/include/openssl/mem.h:60:\nthird_party/boringssl/include/openssl/base.h:212:31: error: redefinition of typedef 'ASN1_GENERALIZEDTIME' is a C11 feature [-Werror,-Wtypedef-redefinition]\ntypedef struct asn1_string_st ASN1_GENERALIZEDTIME;\n                              ^\n/usr/local/opt/openssl@3/include/openssl/types.h:57:31: note: previous definition is here\ntypedef struct asn1_string_st ASN1_GENERALIZEDTIME;\n                              ^\nIn file included from third_party/boringssl/crypto/asn1/a_object.c:63:\nIn file included from third_party/boringssl/include/openssl/mem.h:60:\nthird_party/boringssl/include/openssl/base.h:213:31: error: redefinition of typedef 'ASN1_GENERALSTRING' is a C11 feature [-Werror,-Wtypedef-redefinition]\ntypedef struct asn1_string_st ASN1_GENERALSTRING;\n                              ^\n/usr/local/opt/openssl@3/include/openssl/types.h:52:31: note: previous definition is here\ntypedef struct asn1_string_st ASN1_GENERALSTRING;\n                              ^\nIn file included from third_party/boringssl/crypto/asn1/a_object.c:63:\nIn file included from third_party/boringssl/include/openssl/mem.h:60:\nthird_party/boringssl/include/openssl/base.h:214:31: error: redefinition of typedef 'ASN1_IA5STRING' is a C11 feature [-Werror,-Wtypedef-redefinition]\ntypedef struct asn1_string_st ASN1_IA5STRING;\n                              ^\n/usr/local/opt/openssl@3/include/openssl/types.h:51:31: note: previous definition is here\ntypedef struct asn1_string_st ASN1_IA5STRING;\n                              ^\nIn file included from third_party/boringssl/crypto/asn1/a_object.c:63:\nIn file included from third_party/boringssl/include/openssl/mem.h:60:\nthird_party/boringssl/include/openssl/base.h:215:31: error: redefinition of typedef 'ASN1_INTEGER' is a C11 feature [-Werror,-Wtypedef-redefinition]\nIn file included from third_party/boringssl/crypto/asn1/a_d2i_fp.c:typedef struct asn1_string_st ASN1_INTEGER;\n                              ^\n/usr/local/opt/openssl@3/include/openssl/types.h:45:31: note: previous definition is here\n61typedef struct asn1_string_st ASN1_INTEGER;\n                              ^\nIn file included from third_party/boringssl/crypto/asn1/a_object.c:63:\n:\nIn file included from third_party/boringssl/include/openssl/mem.h:60:\nthird_party/boringssl/include/openssl/base.h:216:31: error: redefinition of typedef 'ASN1_OCTET_STRING' is a C11 feature [-Werror,-Wtypedef-redefinition]\ntypedef struct asn1_string_st ASN1_OCTET_STRING;\n                              ^\n/usr/local/opt/openssl@3/include/openssl/types.h:48:31: note: previous definition is here\ntypedef struct asn1_string_st ASN1_OCTET_STRING;\n                              ^In file included from third_party/boringssl/include/openssl/buf.h:60:\nthird_party/boringssl/include/openssl/base.h:133:9: error: 'OPENSSL_VERSION_NUMBER' macro redefined [-Werror,-Wmacro-redefined]\n\nIn file included from third_party/boringssl/crypto/asn1/a_object.c:63:\nIn file included from third_party/boringssl/include/openssl/mem.h:60:\nthird_party/boringssl/include/openssl/base.h:217:31: error: redefinition of typedef 'ASN1_PRINTABLESTRING' is a C11 feature [-Werror,-Wtypedef-redefinition]\ntypedef struct asn1_string_st ASN1_PRINTABLESTRING;\n                              ^\n/usr/local/opt/openssl@3/include/openssl/types.h:49:31: note: previous definition is here\ntypedef struct asn1_string_st ASN1_PRINTABLESTRING;\n                              ^\nIn file included from third_party/boringssl/crypto/asn1/a_object.c:63:\nIn file included from third_party/boringssl/include/openssl/mem.h:60:\nthird_party/boringssl/include/openssl/base.h:218:31: error: redefinition of typedef 'ASN1_STRING' is a C11 feature [-Werror,-Wtypedef-redefinition]\ntypedef struct asn1_string_st ASN1_STRING;\n                              ^\n/usr/local/opt/openssl@3/include/openssl/types.h:60:31: note: previous definition is here\ntypedef struct asn1_string_st ASN1_STRING;\n                              ^\nIn file included from third_party/boringssl/crypto/asn1/a_object.c:63:\nIn file included from third_party/boringssl/include/openssl/mem.h:60:\nthird_party/boringssl/include/openssl/base.h:219:31: error: redefinition of typedef 'ASN1_T61STRING' is a C11 feature [-Werror,-Wtypedef-redefinition]\ntypedef struct asn1_string_st ASN1_T61STRING;\n                              ^\n/usr/local/opt/openssl@3/include/openssl/types.h:50:31: note: previous definition is here\ntypedef struct asn1_string_st ASN1_T61STRING;\n                              ^\nfatal error: too many errors emitted, stopping now [-ferror-limit=]\n#define OPENSSL_VERSION_NUMBER 0x100020af\n        ^\n/usr/local/opt/openssl@3/include/openssl/opensslv.h:99:10: note: previous definition is here\n# define OPENSSL_VERSION_NUMBER          \\\n         ^\nIn file included from third_party/boringssl/crypto/asn1/a_d2i_fp.c:61:\nIn file included from third_party/boringssl/include/openssl/buf.h:60:\nthird_party/boringssl/include/openssl/base.h:168:9: error: 'OPENSSL_EXPORT' macro redefined [-Werror,-Wmacro-redefined]\n#define OPENSSL_EXPORT\n        ^\n/usr/local/opt/openssl@3/include/openssl/e_os2.h:183:11: note: previous definition is here\n#  define OPENSSL_EXPORT extern\n          ^\nIn file included from third_party/boringssl/crypto/asn1/a_d2i_fp.c:61:\nIn file included from third_party/boringssl/include/openssl/buf.h:60:\nthird_party/boringssl/include/openssl/base.h:202:13: error: typedef redefinition with different types ('int' vs 'struct crypto_threadid_st')\ntypedef int CRYPTO_THREADID;\n            ^\n/usr/local/opt/openssl@3/include/openssl/crypto.h:308:3: note: previous definition is here\n} CRYPTO_THREADID;\n  ^\nIn file included from third_party/boringssl/crypto/asn1/a_d2i_fp.c:61:\nIn file included from third_party/boringssl/include/openssl/buf.h:60:\nthird_party/boringssl/include/openssl/base.h:204:13: error: redefinition of typedef 'ASN1_BOOLEAN' is a C11 feature [-Werror,-Wtypedef-redefinition]\ntypedef int ASN1_BOOLEAN;\n            ^\n/usr/local/opt/openssl@3/include/openssl/types.h:61:13: note: previous definition is here\ntypedef int ASN1_BOOLEAN;\n            ^\nIn file included from In file included from third_party/boringssl/crypto/asn1/a_bitstr.cthird_party/boringssl/crypto/asn1/a_d2i_fp.c::6261:\nIn file included from :\nthird_party/boringssl/include/openssl/mem.hIn file included from :third_party/boringssl/include/openssl/buf.h60::\n60:\nthird_party/boringssl/include/openssl/base.hthird_party/boringssl/include/openssl/base.h:205:13: error: redefinition of typedef 'ASN1_NULL' is a C11 feature [-Werror,-Wtypedef-redefinition]\ntypedef int ASN1_NULL;\n            ^\n/usr/local/opt/openssl@3/include/openssl/types.h:62:13: note: previous definition is here\ntypedef int ASN1_NULL;\n:133:9: error:             ^\n'OPENSSL_VERSION_NUMBER' macro redefined [-Werror,-Wmacro-redefined]\nIn file included from third_party/boringssl/crypto/asn1/a_d2i_fp.c:In file included from 61:\nIn file included from third_party/boringssl/include/openssl/buf.h:third_party/boringssl/crypto/asn1/a_int.c:62:\n#define OPENSSL_VERSION_NUMBER 0x100020af60:\n\n        ^\nIn file included from third_party/boringssl/include/openssl/mem.h:60:\nthird_party/boringssl/include/openssl/base.h/usr/local/opt/openssl@3/include/openssl/opensslv.h::13399::910::  errornote: : 'OPENSSL_VERSION_NUMBER' macro redefined [-Werror,-Wmacro-redefined]\nthird_party/boringssl/include/openssl/base.h:206:29: error: redefinition of typedef 'ASN1_ITEM' is a C11 feature [-Werror,-Wtypedef-redefinition]\nprevious definition is here#define OPENSSL_VERSION_NUMBER 0x100020af\ntypedef struct ASN1_ITEM_st ASN1_ITEM;\n                            ^\n# define OPENSSL_VERSION_NUMBER          \\\n         ^/usr/local/opt/openssl@3/include/openssl/types.h\n:69:29: note\nIn file included from third_party/boringssl/crypto/asn1/a_bitstr.c:62        ^:\n\nIn file included from : third_party/boringssl/include/openssl/mem.h:60:\nthird_party/boringssl/include/openssl/base.h:168:9: error: 'OPENSSL_EXPORT' macro redefined [-Werror,-Wmacro-redefined]/usr/local/opt/openssl@3/include/openssl/opensslv.h\nprevious definition is here\n:99:10: note: previous definition is heretypedef struct ASN1_ITEM_st ASN1_ITEM;\n                            ^#define OPENSSL_EXPORT\n\n        ^\n\n/usr/local/opt/openssl@3/include/openssl/e_os2.h# define OPENSSL_VERSION_NUMBER          \\:\n         ^\n183:11In file included from :third_party/boringssl/crypto/asn1/a_int.c note: previous definition is here\nIn file included from :62:\nIn file included from third_party/boringssl/include/openssl/mem.h#  define OPENSSL_EXPORT extern:\nthird_party/boringssl/crypto/asn1/a_d2i_fp.c:61:\n60          ^\n:\nthird_party/boringssl/include/openssl/base.h:168:9: error: 'OPENSSL_EXPORT' macro redefined [-Werror,-Wmacro-redefined]\n#define OPENSSL_EXPORT\n        ^\n/usr/local/opt/openssl@3/include/openssl/e_os2.h:183:11: note: previous definition is here\n#  define OPENSSL_EXPORT extern\n          ^\nIn file included from In file included from third_party/boringssl/crypto/asn1/a_int.c:62:\nIn file included from third_party/boringssl/include/openssl/mem.h:60:\nthird_party/boringssl/include/openssl/base.h:202:13: error: typedef redefinition with different types ('int' vs 'struct crypto_threadid_st')\ntypedef int CRYPTO_THREADID;\n            ^\nthird_party/boringssl/include/openssl/buf.h:60:\nIn file included from /usr/local/opt/openssl@3/include/openssl/crypto.h:308:third_party/boringssl/crypto/asn1/a_bitstr.c3::62 :\nnoteIn file included from third_party/boringssl/include/openssl/mem.h:60:\nthird_party/boringssl/include/openssl/base.h: :previous definition is here202\n:13} CRYPTO_THREADID;\n  ^\nthird_party/boringssl/include/openssl/base.hIn file included from third_party/boringssl/crypto/asn1/a_int.c: error: typedef redefinition with different types ('int' vs 'struct crypto_threadid_st')\n:207:31: error: redefinition of typedef 'ASN1_OBJECT' is a C11 feature [-Werror,-Wtypedef-redefinition]\ntypedef int CRYPTO_THREADID;\n            ^\ntypedef struct asn1_object_st ASN1_OBJECT;\n                              ^\n/usr/local/opt/openssl@3/include/openssl/types.h:66:31: note: previous definition is here\ntypedef struct asn1_object_st ASN1_OBJECT;:\n                              ^62:\nIn file included from third_party/boringssl/include/openssl/mem.h:60:\nthird_party/boringssl/include/openssl/base.h:204\n:13: error: redefinition of typedef 'ASN1_BOOLEAN' is a C11 feature [-Werror,-Wtypedef-redefinition]\n/usr/local/opt/openssl@3/include/openssl/crypto.h:308:3: note: previous definition is here\nIn file included from } CRYPTO_THREADID;third_party/boringssl/crypto/asn1/a_d2i_fp.c\n:typedef int ASN1_BOOLEAN;\n            ^\n61:\nIn file included from third_party/boringssl/include/openssl/buf.h/usr/local/opt/openssl@3/include/openssl/types.h::6061:\n:third_party/boringssl/include/openssl/base.h13::208  ^:\n29 note: previous definition is here\ntypedef int ASN1_BOOLEAN;\n            ^\nIn file included from third_party/boringssl/crypto/asn1/a_int.cIn file included from third_party/boringssl/crypto/asn1/a_bitstr.c:62:\n:62:\n: In file included from third_party/boringssl/include/openssl/mem.h:In file included from 60third_party/boringssl/include/openssl/mem.h:\n:third_party/boringssl/include/openssl/base.h60:204:error13: : error: redefinition of typedef 'ASN1_BOOLEAN' is a C11 feature [-Werror,-Wtypedef-redefinition]\ntypedef int ASN1_BOOLEAN;\n            ^\n:\n/usr/local/opt/openssl@3/include/openssl/types.h:61:13: noteredefinition of typedef 'ASN1_PCTX' is a C11 feature [-Werror,-Wtypedef-redefinition]third_party/boringssl/include/openssl/base.h:\n205:13: error: redefinition of typedef 'ASN1_NULL' is a C11 feature [-Werror,-Wtypedef-redefinition]\ntypedef int ASN1_NULL;\n            ^\n/usr/local/opt/openssl@3/include/openssl/types.h:62:13: note: previous definition is here\ntypedef int ASN1_NULL;\n            ^\nIn file included from third_party/boringssl/crypto/asn1/a_int.c:62:\nIn file included from third_party/boringssl/include/openssl/mem.h:60:\nthird_party/boringssl/include/openssl/base.h:206:29: : error: redefinition of typedef 'ASN1_ITEM' is a C11 feature [-Werror,-Wtypedef-redefinition]\ntypedef struct ASN1_ITEM_st ASN1_ITEM;\n                            ^\n/usr/local/opt/openssl@3/include/openssl/types.h:69:29: note: previous definition is hereprevious definition is here\n\ntypedef struct ASN1_ITEM_st ASN1_ITEM;\n                            ^typedef int ASN1_BOOLEAN;\n            ^\n\nIn file included from third_party/boringssl/crypto/asn1/a_bitstr.c:62In file included from :\ntypedef struct asn1_pctx_st ASN1_PCTX;In file included from \nthird_party/boringssl/crypto/asn1/a_int.cthird_party/boringssl/include/openssl/mem.h:60:\nthird_party/boringssl/include/openssl/base.h::20562:                            ^\n13:/usr/local/opt/openssl@3/include/openssl/types.h :\nIn file included from third_party/boringssl/include/openssl/mem.h:60:\nthird_party/boringssl/include/openssl/base.h:207:31: errorerror: redefinition of typedef 'ASN1_OBJECT' is a C11 feature [-Werror,-Wtypedef-redefinition]\n:70:29: note: previous definition is here\n: typedef struct asn1_object_st ASN1_OBJECT;redefinition of typedef 'ASN1_NULL' is a C11 feature [-Werror,-Wtypedef-redefinition]\n\ntypedef struct asn1_pctx_st ASN1_PCTX;typedef int ASN1_NULL;\n\n            ^\n                            ^/usr/local/opt/openssl@3/include/openssl/types.h\n:62:                              ^\n/usr/local/opt/openssl@3/include/openssl/types.h:1366:31In file included from third_party/boringssl/crypto/asn1/a_d2i_fp.c:61::\n In file included from notethird_party/boringssl/include/openssl/buf.h: :60:\n:third_party/boringssl/include/openssl/base.h :note209: :previous definition is here31\n: error: previous definition is hereredefinition of typedef 'ASN1_BIT_STRING' is a C11 feature [-Werror,-Wtypedef-redefinition]\n\ntypedef struct asn1_string_st ASN1_BIT_STRING;typedef int ASN1_NULL;\n\n                              ^\ntypedef struct asn1_object_st ASN1_OBJECT;\n/usr/local/opt/openssl@3/include/openssl/types.h:            ^\n                              ^\n47:31:In file included from  In file included from notethird_party/boringssl/crypto/asn1/a_int.c:: 62:\nprevious definition is hereIn file included from \nthird_party/boringssl/include/openssl/mem.h:60:\nthird_party/boringssl/include/openssl/base.h:208:29: error: redefinition of typedef 'ASN1_PCTX' is a C11 feature [-Werror,-Wtypedef-redefinition]\ntypedef struct asn1_string_st ASN1_BIT_STRING;\n                              ^typedef struct asn1_pctx_st ASN1_PCTX;\nthird_party/boringssl/crypto/asn1/a_bitstr.c\n                            ^\nIn file included from /usr/local/opt/openssl@3/include/openssl/types.hthird_party/boringssl/crypto/asn1/a_d2i_fp.c::61:\n:In file included from third_party/boringssl/include/openssl/buf.h:7060::\n29third_party/boringssl/include/openssl/base.h: note: previous definition is here\n62:210:\n:In file included from 31third_party/boringssl/include/openssl/mem.h:: typedef struct asn1_pctx_st ASN1_PCTX;\n                            ^60:\nerror: third_party/boringssl/include/openssl/base.hredefinition of typedef 'ASN1_BMPSTRING' is a C11 feature [-Werror,-Wtypedef-redefinition]:\n206:29: error: \ntypedef struct asn1_string_st ASN1_BMPSTRING;\n                              ^\nIn file included from third_party/boringssl/crypto/asn1/a_int.c:/usr/local/opt/openssl@3/include/openssl/types.h62::\n54In file included from :third_party/boringssl/include/openssl/mem.h31:redefinition of typedef 'ASN1_ITEM' is a C11 feature [-Werror,-Wtypedef-redefinition] \n:note: typedef struct ASN1_ITEM_st ASN1_ITEM;60previous definition is here\n\n                            ^\n/usr/local/opt/openssl@3/include/openssl/types.h:typedef struct asn1_string_st ASN1_BMPSTRING;:\nthird_party/boringssl/include/openssl/base.h:69\n:                              ^29\n: note: previous definition is here\ntypedef struct ASN1_ITEM_st ASN1_ITEM;\n                            ^\nIn file included from third_party/boringssl/crypto/asn1/a_d2i_fp.c:61:\nIn file included from third_party/boringssl/include/openssl/buf.h:60In file included from :\nthird_party/boringssl/crypto/asn1/a_bitstr.cthird_party/boringssl/include/openssl/base.h::62211:\n:In file included from 31third_party/boringssl/include/openssl/mem.h:: 60error:\n: third_party/boringssl/include/openssl/base.h:209redefinition of typedef 'ASN1_ENUMERATED' is a C11 feature [-Werror,-Wtypedef-redefinition]:\n31:207typedef struct asn1_string_st ASN1_ENUMERATED;\n                              ^ error: redefinition of typedef 'ASN1_BIT_STRING' is a C11 feature [-Werror,-Wtypedef-redefinition]\n:31: error\n/usr/local/opt/openssl@3/include/openssl/types.h:46:31: note: previous definition is here\ntypedef struct asn1_string_st ASN1_BIT_STRING;\n                              ^\ntypedef struct asn1_string_st ASN1_ENUMERATED;/usr/local/opt/openssl@3/include/openssl/types.h:47: :31redefinition of typedef 'ASN1_OBJECT' is a C11 feature [-Werror,-Wtypedef-redefinition]: \n                              ^\n\nnote: previous definition is here\ntypedef struct asn1_object_st ASN1_OBJECT;\n                              ^\n/usr/local/opt/openssl@3/include/openssl/types.h:typedef struct asn1_string_st ASN1_BIT_STRING;\n                              ^\nIn file included from third_party/boringssl/crypto/asn1/a_d2i_fp.c:61:\nIn file included from In file included from third_party/boringssl/crypto/asn1/a_int.c66:31:third_party/boringssl/include/openssl/buf.h note:: 60:\n:62:\nIn file included from third_party/boringssl/include/openssl/mem.hprevious definition is here:60\n:\nthird_party/boringssl/include/openssl/base.h:third_party/boringssl/include/openssl/base.h210:typedef struct asn1_object_st ASN1_OBJECT;31\n:                               ^error\n: redefinition of typedef 'ASN1_BMPSTRING' is a C11 feature [-Werror,-Wtypedef-redefinition]\ntypedef struct asn1_string_st ASN1_BMPSTRING;\n                              ^\n/usr/local/opt/openssl@3/include/openssl/types.hIn file included from :third_party/boringssl/crypto/asn1/a_bitstr.c54::6231:\nIn file included from third_party/boringssl/include/openssl/mem.h::60:\n212third_party/boringssl/include/openssl/base.h::208::29 :note : errorprevious definition is here: \nredefinition of typedef 'ASN1_PCTX' is a C11 feature [-Werror,-Wtypedef-redefinition]\ntypedef struct asn1_string_st ASN1_BMPSTRING;typedef struct asn1_pctx_st ASN1_PCTX;\n\n31                              ^\n                            ^: \nerror: redefinition of typedef 'ASN1_GENERALIZEDTIME' is a C11 feature [-Werror,-Wtypedef-redefinition]/usr/local/opt/openssl@3/include/openssl/types.h\n:70:29: note: previous definition is here\ntypedef struct asn1_pctx_st ASN1_PCTX;\n                            ^\ntypedef struct asn1_string_st ASN1_GENERALIZEDTIME;\n                              ^\n/usr/local/opt/openssl@3/include/openssl/types.h:57:31:In file included from third_party/boringssl/crypto/asn1/a_int.cIn file included from :62:\nIn file included from third_party/boringssl/include/openssl/mem.h:60:\nthird_party/boringssl/include/openssl/base.hthird_party/boringssl/crypto/asn1/a_bitstr.c:62:\nIn file included from third_party/boringssl/include/openssl/mem.h:60:\nthird_party/boringssl/include/openssl/base.h:209:31: error: redefinition of typedef 'ASN1_BIT_STRING' is a C11 feature [-Werror,-Wtypedef-redefinition]\ntypedef struct asn1_string_st ASN1_BIT_STRING;:\n                              ^211\n:/usr/local/opt/openssl@3/include/openssl/types.h31:47:31: note: : error: redefinition of typedef 'ASN1_ENUMERATED' is a C11 feature [-Werror,-Wtypedef-redefinition]\n note: previous definition is here\ntypedef struct asn1_string_st ASN1_ENUMERATED;\nprevious definition is here\ntypedef struct asn1_string_st ASN1_BIT_STRING;\n                              ^\n                              ^\nIn file included from third_party/boringssl/crypto/asn1/a_bitstr.c/usr/local/opt/openssl@3/include/openssl/types.h:46:62:\nIn file included from third_party/boringssl/include/openssl/mem.h:60:\nthird_party/boringssl/include/openssl/base.h:210::31: note: previous definition is here31: error: redefinition of typedef 'ASN1_BMPSTRING' is a C11 feature [-Werror,-Wtypedef-redefinition]\ntypedef struct asn1_string_st ASN1_BMPSTRING;\n                              ^\n/usr/local/opt/openssl@3/include/openssl/types.h:54:31: note\n: previous definition is here\ntypedef struct asn1_string_st ASN1_BMPSTRING;typedef struct asn1_string_st ASN1_ENUMERATED;\n                              ^\nIn file included from third_party/boringssl/crypto/asn1/a_int.c:62:\nIn file included from third_party/boringssl/include/openssl/mem.h:60:\nthird_party/boringssl/include/openssl/base.h:212:31: error: redefinition of typedef 'ASN1_GENERALIZEDTIME' is a C11 feature [-Werror,-Wtypedef-redefinition]\ntypedef struct asn1_string_st ASN1_GENERALIZEDTIME;\n                              ^\n/usr/local/opt/openssl@3/include/openssl/types.h:57:31: note: previous definition is here\ntypedef struct asn1_string_st ASN1_GENERALIZEDTIME;\n                              ^\nIn file included from third_party/boringssl/crypto/asn1/a_int.c:62:\nIn file included from third_party/boringssl/include/openssl/mem.h:60:\nthird_party/boringssl/include/openssl/base.h:213:31: error: redefinition of typedef 'ASN1_GENERALSTRING' is a C11 feature [-Werror,-Wtypedef-redefinition]\ntypedef struct asn1_string_st ASN1_GENERALSTRING;\n                              ^\n\n/usr/local/opt/openssl@3/include/openssl/types.h                              ^:\n52:31: note: previous definition is here\nIn file included from third_party/boringssl/crypto/asn1/a_bitstr.c:62:\nIn file included from third_party/boringssl/include/openssl/mem.htypedef struct asn1_string_st ASN1_GENERALSTRING;:\n60                              ^:\n\nthird_party/boringssl/include/openssl/base.h:211:In file included from 31third_party/boringssl/crypto/asn1/a_int.c:: 62:\nIn file included from third_party/boringssl/include/openssl/mem.h:60:\nthird_party/boringssl/include/openssl/base.h:214:31: error: redefinition of typedef 'ASN1_IA5STRING' is a C11 feature [-Werror,-Wtypedef-redefinition]\ntypedef struct asn1_string_st ASN1_IA5STRING;\n                              ^\n/usr/local/opt/openssl@3/include/openssl/types.h:51:31: note: previous definition is here\ntypedef struct asn1_string_st ASN1_IA5STRING;error\n:                               ^\nredefinition of typedef 'ASN1_ENUMERATED' is a C11 feature [-Werror,-Wtypedef-redefinition]\nIn file included from third_party/boringssl/crypto/asn1/a_int.c:62typedef struct asn1_string_st ASN1_ENUMERATED;\n                              ^\n/usr/local/opt/openssl@3/include/openssl/types.h:46:31: note: previous definition is here\ntypedef struct asn1_string_st ASN1_ENUMERATED;:\n\n                              ^In file included from \nthird_party/boringssl/include/openssl/mem.h:60:\nthird_party/boringssl/include/openssl/base.h:215:31: error: redefinition of typedef 'ASN1_INTEGER' is a C11 feature [-Werror,-Wtypedef-redefinition]\ntypedef struct asn1_string_st ASN1_INTEGER;\n                              ^\n/usr/local/opt/openssl@3/include/openssl/types.h:45:31: note: In file included from previous definition is here\nthird_party/boringssl/crypto/asn1/a_bitstr.c:62:\ntypedef struct asn1_string_st ASN1_INTEGER;\n                              ^\nIn file included from third_party/boringssl/crypto/asn1/a_int.c:62In file included from :\nIn file included from third_party/boringssl/include/openssl/mem.hthird_party/boringssl/include/openssl/mem.h::6060:\nthird_party/boringssl/include/openssl/base.h:212typedef struct asn1_string_st ASN1_GENERALIZEDTIME;\n:\n                              ^\nthird_party/boringssl/include/openssl/base.h:216:31: error: redefinition of typedef 'ASN1_OCTET_STRING' is a C11 feature [-Werror,-Wtypedef-redefinition]\n:31: typedef struct asn1_string_st ASN1_OCTET_STRING;error\n:                               ^redefinition of typedef 'ASN1_GENERALIZEDTIME' is a C11 feature [-Werror,-Wtypedef-redefinition]\n\n/usr/local/opt/openssl@3/include/openssl/types.h:48:31: note: previous definition is here\nIn file included from third_party/boringssl/crypto/asn1/a_d2i_fp.c:61:\nIn file included from third_party/boringssl/include/openssl/buf.h:60:\ntypedef struct asn1_string_st ASN1_GENERALIZEDTIME;\ntypedef struct asn1_string_st ASN1_OCTET_STRING;                              ^\n                              ^\nthird_party/boringssl/include/openssl/base.h:\nIn file included from third_party/boringssl/crypto/asn1/a_int.c:/usr/local/opt/openssl@3/include/openssl/types.h62::\n57In file included from :213third_party/boringssl/include/openssl/mem.h31:::6031 :\nthird_party/boringssl/include/openssl/base.h:: noteerror: : redefinition of typedef 'ASN1_GENERALSTRING' is a C11 feature [-Werror,-Wtypedef-redefinition]previous definition is here\n\ntypedef struct asn1_string_st ASN1_GENERALSTRING;typedef struct asn1_string_st ASN1_GENERALIZEDTIME;\n\n                              ^                              ^\n\n217/usr/local/opt/openssl@3/include/openssl/types.h::5231:In file included from third_party/boringssl/crypto/asn1/a_bitstr.c:62:\nIn file included from third_party/boringssl/include/openssl/mem.h::3160: note : errorprevious definition is here: \nredefinition of typedef 'ASN1_PRINTABLESTRING' is a C11 feature [-Werror,-Wtypedef-redefinition]\ntypedef struct asn1_string_st ASN1_GENERALSTRING;\n                              ^\n:\ntypedef struct asn1_string_st ASN1_PRINTABLESTRING;third_party/boringssl/include/openssl/base.h\n:In file included from third_party/boringssl/crypto/asn1/a_d2i_fp.c:                              ^61\n:\nIn file included from third_party/boringssl/include/openssl/buf.h/usr/local/opt/openssl@3/include/openssl/types.h213:60:\n:third_party/boringssl/include/openssl/base.h:49214:::3131: : note31:error : error: redefinition of typedef 'ASN1_IA5STRING' is a C11 feature [-Werror,-Wtypedef-redefinition]redefinition of typedef 'ASN1_GENERALSTRING' is a C11 feature [-Werror,-Wtypedef-redefinition]\n: previous definition is here\n\ntypedef struct asn1_string_st ASN1_GENERALSTRING;\n                              ^\n/usr/local/opt/openssl@3/include/openssl/types.h:52:typedef struct asn1_string_st ASN1_IA5STRING;31\n:                               ^typedef struct asn1_string_st ASN1_PRINTABLESTRING;\n                              ^\nnote: \nprevious definition is here\n/usr/local/opt/openssl@3/include/openssl/types.h:51:31:typedef struct asn1_string_st ASN1_GENERALSTRING;\n                               ^note\n: In file included from previous definition is herethird_party/boringssl/crypto/asn1/a_int.c\ntypedef struct asn1_string_st ASN1_IA5STRING;In file included from \nthird_party/boringssl/crypto/asn1/a_bitstr.c                              ^:\n:62:\nIn file included from third_party/boringssl/include/openssl/mem.h:60:\nthird_party/boringssl/include/openssl/base.hIn file included from :third_party/boringssl/crypto/asn1/a_d2i_fp.c218::3161::\n In file included from error: redefinition of typedef 'ASN1_STRING' is a C11 feature [-Werror,-Wtypedef-redefinition]\nthird_party/boringssl/include/openssl/buf.h62:\n:60:\nIn file included from third_party/boringssl/include/openssl/base.hthird_party/boringssl/include/openssl/mem.h:typedef struct asn1_string_st ASN1_STRING;:\n60                              ^215:\n:third_party/boringssl/include/openssl/base.h\n:214:31:/usr/local/opt/openssl@3/include/openssl/types.h 31:error: redefinition of typedef 'ASN1_IA5STRING' is a C11 feature [-Werror,-Wtypedef-redefinition]60\n:31: note: previous definition is here:\n error: redefinition of typedef 'ASN1_INTEGER' is a C11 feature [-Werror,-Wtypedef-redefinition]\ntypedef struct asn1_string_st ASN1_IA5STRING;\n                              ^\ntypedef struct asn1_string_st ASN1_INTEGER;\n                              ^\n/usr/local/opt/openssl@3/include/openssl/types.h:/usr/local/opt/openssl@3/include/openssl/types.h51::4531:: note31typedef struct asn1_string_st ASN1_STRING;: \n                              ^\nprevious definition is here\n:In file included from third_party/boringssl/crypto/asn1/a_int.ctypedef struct asn1_string_st ASN1_IA5STRING;:62\n                              ^\n note: previous definition is here\nIn file included from third_party/boringssl/crypto/asn1/a_bitstr.c:62:\nIn file included from third_party/boringssl/include/openssl/mem.h:60:\nthird_party/boringssl/include/openssl/base.h:typedef struct asn1_string_st ASN1_INTEGER;\n                              ^:\n\nIn file included from third_party/boringssl/include/openssl/mem.h:60:\nthird_party/boringssl/include/openssl/base.h:219:31:215: errorIn file included from : third_party/boringssl/crypto/asn1/a_d2i_fp.credefinition of typedef 'ASN1_T61STRING' is a C11 feature [-Werror,-Wtypedef-redefinition]:\n61:\nIn file included from third_party/boringssl/include/openssl/buf.h:60:\n31:typedef struct asn1_string_st ASN1_T61STRING; \nerror                              ^\nthird_party/boringssl/include/openssl/base.h: :redefinition of typedef 'ASN1_INTEGER' is a C11 feature [-Werror,-Wtypedef-redefinition]/usr/local/opt/openssl@3/include/openssl/types.h:21650\n:31: note: previous definition is heretypedef struct asn1_string_st ASN1_INTEGER;:\n                              ^31\n/usr/local/opt/openssl@3/include/openssl/types.h:45:\n31: note: previous definition is here\ntypedef struct asn1_string_st ASN1_INTEGER;\n                              ^\ntypedef struct asn1_string_st ASN1_T61STRING;In file included from \nthird_party/boringssl/crypto/asn1/a_bitstr.c                              ^\n: error: redefinition of typedef 'ASN1_OCTET_STRING' is a C11 feature [-Werror,-Wtypedef-redefinition]\nfatal error: too many errors emitted, stopping now [-ferror-limit=]typedef struct asn1_string_st ASN1_OCTET_STRING;:\n                              ^\n/usr/local/opt/openssl@3/include/openssl/types.h62:\n:\nIn file included from third_party/boringssl/include/openssl/mem.h:60:\nthird_party/boringssl/include/openssl/base.h:216:31: error: redefinition of typedef 'ASN1_OCTET_STRING' is a C11 feature [-Werror,-Wtypedef-redefinition]\ntypedef struct asn1_string_st ASN1_OCTET_STRING;\n                              ^\n/usr/local/opt/openssl@3/include/openssl/types.h:48:31: note: previous definition is here\ntypedef struct asn1_string_st ASN1_OCTET_STRING;\n                              ^\n48In file included from :31: note: previous definition is here\nthird_party/boringssl/crypto/asn1/a_bitstr.ctypedef struct asn1_string_st ASN1_OCTET_STRING;\n                              ^\n:In file included from third_party/boringssl/crypto/asn1/a_d2i_fp.c:61:\nIn file included from third_party/boringssl/include/openssl/buf.h:60:\nthird_party/boringssl/include/openssl/base.h:217:31: error: redefinition of typedef 'ASN1_PRINTABLESTRING' is a C11 feature [-Werror,-Wtypedef-redefinition]\n62typedef struct asn1_string_st ASN1_PRINTABLESTRING;\n                              ^\n/usr/local/opt/openssl@3/include/openssl/types.h:49:31: note: previous definition is here\n:\ntypedef struct asn1_string_st ASN1_PRINTABLESTRING;\n                              ^\nIn file included from third_party/boringssl/crypto/asn1/a_d2i_fp.c:61:\nIn file included from third_party/boringssl/include/openssl/buf.h:60:\nthird_party/boringssl/include/openssl/base.h:218:31: error: redefinition of typedef 'ASN1_STRING' is a C11 feature [-Werror,-Wtypedef-redefinition]\ntypedef struct asn1_string_st ASN1_STRING;\nIn file included from                               ^\n/usr/local/opt/openssl@3/include/openssl/types.h:60:31: notethird_party/boringssl/include/openssl/mem.h:60:\nthird_party/boringssl/include/openssl/base.h:217: :31:previous definition is here\n error: redefinition of typedef 'ASN1_PRINTABLESTRING' is a C11 feature [-Werror,-Wtypedef-redefinition]\ntypedef struct asn1_string_st ASN1_PRINTABLESTRING;\ntypedef struct asn1_string_st ASN1_STRING;                              ^\n\n                              ^\n/usr/local/opt/openssl@3/include/openssl/types.h:49:31: note: previous definition is here\ntypedef struct asn1_string_st ASN1_PRINTABLESTRING;In file included from third_party/boringssl/crypto/asn1/a_d2i_fp.c:61\n                              ^\n:\nIn file included from third_party/boringssl/include/openssl/buf.h:60:\nthird_party/boringssl/include/openssl/base.h:219:31:In file included from third_party/boringssl/crypto/asn1/a_bitstr.c:62:\nIn file included from third_party/boringssl/include/openssl/mem.h:60:\nthird_party/boringssl/include/openssl/base.h:218:31: error: redefinition of typedef 'ASN1_STRING' is a C11 feature [-Werror,-Wtypedef-redefinition]\n error: redefinition of typedef 'ASN1_T61STRING' is a C11 feature [-Werror,-Wtypedef-redefinition]\ntypedef struct asn1_string_st ASN1_T61STRING;\ntypedef struct asn1_string_st ASN1_STRING;                              ^\n                              ^\n\nIn file included from /usr/local/opt/openssl@3/include/openssl/types.hthird_party/boringssl/crypto/asn1/a_bool.c:/usr/local/opt/openssl@3/include/openssl/types.h:60::50:6031::\n31In file included from : note:  previous definition is herenote\n: previous definition is here\ntypedef struct asn1_string_st ASN1_T61STRING;\n                              ^\ntypedef struct asn1_string_st ASN1_STRING;\n                              ^\nfatal error: too many errors emitted, stopping now [-ferror-limit=]\nIn file included from third_party/boringssl/crypto/asn1/a_bitstr.c:third_party/boringssl/include/openssl/mem.h62:\nIn file included from third_party/boringssl/include/openssl/mem.h:60:\nthird_party/boringssl/include/openssl/base.h:219:31: error: redefinition of typedef 'ASN1_T61STRING' is a C11 feature [-Werror,-Wtypedef-redefinition]\ntypedef struct asn1_string_st ASN1_T61STRING;\n                              ^\n/usr/local/opt/openssl@3/include/openssl/types.h:50:31: :note60: :\nprevious definition is here\nthird_party/boringssl/include/openssl/base.h:133:9: errortypedef struct asn1_string_st ASN1_T61STRING;: \n'OPENSSL_VERSION_NUMBER' macro redefined [-Werror,-Wmacro-redefined]                              ^\n\nfatal error: too many errors emitted, stopping now [-ferror-limit=]\n#define OPENSSL_VERSION_NUMBER 0x100020af\n        ^\n/usr/local/opt/openssl@3/include/openssl/opensslv.h:99:10: note: previous definition is here\n# define OPENSSL_VERSION_NUMBER          \\\n         ^\nIn file included from third_party/boringssl/crypto/asn1/a_bool.c:60:\nIn file included from third_party/boringssl/include/openssl/mem.h:60:\nthird_party/boringssl/include/openssl/base.h:168:9: error: 'OPENSSL_EXPORT' macro redefined [-Werror,-Wmacro-redefined]\n#define OPENSSL_EXPORT\n        ^\n/usr/local/opt/openssl@3/include/openssl/e_os2.h:183:11: note: previous definition is here\n#  define OPENSSL_EXPORT extern\n          ^\nIn file included from third_party/boringssl/crypto/asn1/a_bool.c:60:\nIn file included from third_party/boringssl/include/openssl/mem.h:60:\nthird_party/boringssl/include/openssl/base.h:202:13: error: typedef redefinition with different types ('int' vs 'struct crypto_threadid_st')\ntypedef int CRYPTO_THREADID;\n            ^\n/usr/local/opt/openssl@3/include/openssl/crypto.h:308:3: note: previous definition is here\n} CRYPTO_THREADID;\n  ^\nIn file included from third_party/boringssl/crypto/asn1/a_bool.c:60:\nIn file included from third_party/boringssl/include/openssl/mem.h:60:\nthird_party/boringssl/include/openssl/base.h:204:13: errorIn file included from third_party/boringssl/crypto/asn1/a_mbstr.c:62:\nIn file included from third_party/boringssl/include/openssl/mem.h:60:\nthird_party/boringssl/include/openssl/base.h:133:9: error: 'OPENSSL_VERSION_NUMBER' macro redefined [-Werror,-Wmacro-redefined]\n: #define OPENSSL_VERSION_NUMBER 0x100020af\n        ^\n/usr/local/opt/openssl@3/include/openssl/opensslv.h:redefinition of typedef 'ASN1_BOOLEAN' is a C11 feature [-Werror,-Wtypedef-redefinition]\ntypedef int ASN1_BOOLEAN;\n            ^\n/usr/local/opt/openssl@3/include/openssl/types.h:9961::10: note: previous definition is here\n# define OPENSSL_VERSION_NUMBER          \\\n         ^\nIn file included from third_party/boringssl/crypto/asn1/a_mbstr.c:62:\nIn file included from third_party/boringssl/include/openssl/mem.h:60:\n13: note: previous definition is here\nthird_party/boringssl/include/openssl/base.htypedef int ASN1_BOOLEAN;\n            ^\n:In file included from third_party/boringssl/crypto/asn1/a_bool.c:60:\nIn file included from third_party/boringssl/include/openssl/mem.h:60:\nthird_party/boringssl/include/openssl/base.h:205:13168::9: error: 'OPENSSL_EXPORT' macro redefined [-Werror,-Wmacro-redefined]\n#define OPENSSL_EXPORT\n        ^\n/usr/local/opt/openssl@3/include/openssl/e_os2.h:183:11: note: previous definition is here\n #  define OPENSSL_EXPORT externerror: redefinition of typedef 'ASN1_NULL' is a C11 feature [-Werror,-Wtypedef-redefinition]\n\ntypedef int ASN1_NULL;\n            ^\n          ^\n/usr/local/opt/openssl@3/include/openssl/types.h:62:13: note: previous definition is here\ntypedef int ASN1_NULL;\n            ^\nIn file included from third_party/boringssl/crypto/asn1/a_bool.c:60:\nIn file included from third_party/boringssl/include/openssl/mem.h:60:\nthird_party/boringssl/include/openssl/base.h:206:29: error: redefinition of typedef 'ASN1_ITEM' is a C11 feature [-Werror,-Wtypedef-redefinition]\nIn file included from third_party/boringssl/crypto/asn1/a_mbstr.c:62:\nIn file included from third_party/boringssl/include/openssl/mem.h:60:\nthird_party/boringssl/include/openssl/base.h:202:13: error: typedef redefinition with different types ('int' vs 'struct crypto_threadid_st')\ntypedef struct ASN1_ITEM_st ASN1_ITEM;\n                            ^\ntypedef int CRYPTO_THREADID;\n            ^\n/usr/local/opt/openssl@3/include/openssl/types.h:69:29: note: previous definition is here\ntypedef struct ASN1_ITEM_st ASN1_ITEM;\n                            ^\n/usr/local/opt/openssl@3/include/openssl/crypto.h:308:3: note: In file included from previous definition is here\n} CRYPTO_THREADID;\n  ^\nthird_party/boringssl/crypto/asn1/a_bool.c:In file included from 60third_party/boringssl/crypto/asn1/a_mbstr.c:\n:In file included from 62third_party/boringssl/include/openssl/mem.h:60:\nthird_party/boringssl/include/openssl/base.h:207:31: error: redefinition of typedef 'ASN1_OBJECT' is a C11 feature [-Werror,-Wtypedef-redefinition]\ntypedef struct asn1_object_st ASN1_OBJECT;:\n\nIn file included from                               ^\nthird_party/boringssl/include/openssl/mem.h:60:\n/usr/local/opt/openssl@3/include/openssl/types.hthird_party/boringssl/include/openssl/base.h::66204:31: note: previous definition is here\n:typedef struct asn1_object_st ASN1_OBJECT;\n13                              ^: error: \nredefinition of typedef 'ASN1_BOOLEAN' is a C11 feature [-Werror,-Wtypedef-redefinition]\nIn file included from typedef int ASN1_BOOLEAN;\nthird_party/boringssl/crypto/asn1/a_bool.c            ^:60\n:\nIn file included from third_party/boringssl/include/openssl/mem.h:60/usr/local/opt/openssl@3/include/openssl/types.h:\nthird_party/boringssl/include/openssl/base.h:208:29: error: redefinition of typedef 'ASN1_PCTX' is a C11 feature [-Werror,-Wtypedef-redefinition]In file included from third_party/boringssl/crypto/asn1/a_octet.c:60:\nIn file included from third_party/boringssl/include/openssl/mem.h:\n61:13: :60:\ntypedef struct asn1_pctx_st ASN1_PCTX;\nthird_party/boringssl/include/openssl/base.h                            ^:\n133:9: error/usr/local/opt/openssl@3/include/openssl/types.h: :70note: :29:In file included from 'OPENSSL_VERSION_NUMBER' macro redefined [-Werror,-Wmacro-redefined]third_party/boringssl/crypto/asn1/a_dup.cprevious definition is here:\n60:\n\ntypedef int ASN1_BOOLEAN; \n            ^\nnote: previous definition is here\nIn file included from third_party/boringssl/crypto/asn1/a_mbstr.c:62:\nIn file included from third_party/boringssl/include/openssl/mem.h:typedef struct asn1_pctx_st ASN1_PCTX;60\n:\n                            ^\nIn file included from third_party/boringssl/include/openssl/mem.h#define OPENSSL_VERSION_NUMBER 0x100020af\nthird_party/boringssl/include/openssl/base.h:        ^\n205:13:In file included from third_party/boringssl/crypto/asn1/a_bool.c::6060:\n:\nIn file included from /usr/local/opt/openssl@3/include/openssl/opensslv.hthird_party/boringssl/include/openssl/base.h::99:10: 133note::  previous definition is hereerror\nthird_party/boringssl/include/openssl/mem.h: :redefinition of typedef 'ASN1_NULL' is a C11 feature [-Werror,-Wtypedef-redefinition]60:\nthird_party/boringssl/include/openssl/base.h# define OPENSSL_VERSION_NUMBER          \\:\n         ^\n\n9: typedef int ASN1_NULL;\n            ^209\n:/usr/local/opt/openssl@3/include/openssl/types.h:3162:error error: redefinition of typedef 'ASN1_BIT_STRING' is a C11 feature [-Werror,-Wtypedef-redefinition]\n:13: note: previous definition is here\ntypedef int ASN1_NULL;In file included from 20third_party/boringssl/crypto/asn1/a_octet.c error: s: generated'OPENSSL_VERSION_NUMBER' macro redefined [-Werror,-Wmacro-redefined]60\n.\ntypedef struct asn1_string_st ASN1_BIT_STRING;\n:\n            ^In file included from \nthird_party/boringssl/include/openssl/mem.h:60:\nthird_party/boringssl/include/openssl/base.h:168:9: error: 'OPENSSL_EXPORT' macro redefined [-Werror,-Wmacro-redefined]\n\n                              ^\n#define OPENSSL_VERSION_NUMBER 0x100020af/usr/local/opt/openssl@3/include/openssl/types.h:#define OPENSSL_EXPORT47\n:        ^31\n/usr/local/opt/openssl@3/include/openssl/e_os2.h\n::        ^ In file included from note\n: third_party/boringssl/crypto/asn1/a_mbstr.cprevious definition is here:\n62:\nIn file included from /usr/local/opt/openssl@3/include/openssl/opensslv.h183::11:99 :note10: :previous definition is here typedef struct asn1_string_st ASN1_BIT_STRING;\n\n                              ^third_party/boringssl/include/openssl/mem.h:60:\n\nthird_party/boringssl/include/openssl/base.h:206#  define OPENSSL_EXPORT extern\n          ^note\n: previous definition is here\n:In file included from third_party/boringssl/crypto/asn1/a_bool.c:2960: error: redefinition of typedef 'ASN1_ITEM' is a C11 feature [-Werror,-Wtypedef-redefinition]\n# define OPENSSL_VERSION_NUMBER          \\\n         ^\ntypedef struct ASN1_ITEM_st ASN1_ITEM;\nIn file included from                             ^third_party/boringssl/crypto/asn1/a_dup.c\n::\n/usr/local/opt/openssl@3/include/openssl/types.h:69:6029:In file included from  note: third_party/boringssl/include/openssl/mem.hprevious definition is here:\n60:\nthird_party/boringssl/include/openssl/base.h:210:typedef struct ASN1_ITEM_st ASN1_ITEM;\n                            ^\n31:\nIn file included from third_party/boringssl/include/openssl/mem.h:60:\nthird_party/boringssl/include/openssl/base.h:168:In file included from 9third_party/boringssl/crypto/asn1/a_mbstr.c:: 62error:\n: In file included from 'OPENSSL_EXPORT' macro redefined [-Werror,-Wmacro-redefined]third_party/boringssl/include/openssl/mem.h\n:60:\nthird_party/boringssl/include/openssl/base.h#define OPENSSL_EXPORT:\n207        ^:\n31: /usr/local/opt/openssl@3/include/openssl/e_os2.hIn file included from errorthird_party/boringssl/crypto/asn1/a_octet.c:: : redefinition of typedef 'ASN1_OBJECT' is a C11 feature [-Werror,-Wtypedef-redefinition]\n:error: 60redefinition of typedef 'ASN1_BMPSTRING' is a C11 feature [-Werror,-Wtypedef-redefinition]183:\n\n:11typedef struct asn1_object_st ASN1_OBJECT;:\n typedef struct asn1_string_st ASN1_BMPSTRING;                              ^\n\n                              ^In file included from /usr/local/opt/openssl@3/include/openssl/types.h:notethird_party/boringssl/include/openssl/mem.h:: 6066previous definition is here:\n31\n#  define OPENSSL_EXPORT extern\n          ^\n:\n/usr/local/opt/openssl@3/include/openssl/types.hthird_party/boringssl/include/openssl/base.h:::202 :note13: : previous definition is hereerror\n: typedef redefinition with different types ('int' vs 'struct crypto_threadid_st')54\n:31typedef struct asn1_object_st ASN1_OBJECT;:typedef int CRYPTO_THREADID; note\n:                               ^previous definition is here\n\n            ^\ntypedef struct asn1_string_st ASN1_BMPSTRING;In file included from third_party/boringssl/crypto/asn1/a_dup.c:60:\nIn file included from third_party/boringssl/include/openssl/mem.h:60:\nthird_party/boringssl/include/openssl/base.h\n\n                              ^/usr/local/opt/openssl@3/include/openssl/crypto.h\n:308:3:: note: 202previous definition is here:\n13: error} CRYPTO_THREADID;: In file included from typedef redefinition with different types ('int' vs 'struct crypto_threadid_st')\nIn file included from third_party/boringssl/crypto/asn1/a_bool.c\n  ^\n:typedef int CRYPTO_THREADID;\n60            ^:\n\nIn file included from third_party/boringssl/include/openssl/mem.h:60:\nthird_party/boringssl/include/openssl/base.h:211:31: errorIn file included from : third_party/boringssl/crypto/asn1/a_octet.credefinition of typedef 'ASN1_ENUMERATED' is a C11 feature [-Werror,-Wtypedef-redefinition]:\n60:\nIn file included from third_party/boringssl/include/openssl/mem.h:60:\nthird_party/boringssl/include/openssl/base.h:204:13/usr/local/opt/openssl@3/include/openssl/crypto.h::308:3third_party/boringssl/crypto/asn1/a_mbstr.c:: typedef struct asn1_string_st ASN1_ENUMERATED; \nerror                              ^: \n/usr/local/opt/openssl@3/include/openssl/types.h:46note:: redefinition of typedef 'ASN1_BOOLEAN' is a C11 feature [-Werror,-Wtypedef-redefinition]previous definition is here31\n: note: } CRYPTO_THREADID;previous definition is here\n\n  ^\ntypedef struct asn1_string_st ASN1_ENUMERATED;\n                              ^\n\nIn file included from third_party/boringssl/crypto/asn1/a_dup.c:60:\ntypedef int ASN1_BOOLEAN;\n            ^62In file included from \n:\nIn file included from third_party/boringssl/include/openssl/mem.h/usr/local/opt/openssl@3/include/openssl/types.h:third_party/boringssl/crypto/asn1/a_bool.c61::6013:\n:In file included from  third_party/boringssl/include/openssl/mem.h:60:\nIn file included from third_party/boringssl/include/openssl/base.hthird_party/boringssl/include/openssl/mem.h::212note: :previous definition is here\n6060:\ntypedef int ASN1_BOOLEAN;third_party/boringssl/include/openssl/base.h\n:            ^208\n:29: error: redefinition of typedef 'ASN1_PCTX' is a C11 feature [-Werror,-Wtypedef-redefinition]\nIn file included from third_party/boringssl/crypto/asn1/a_octet.c:60:\nIn file included from third_party/boringssl/include/openssl/mem.h::\n60:\nthird_party/boringssl/include/openssl/base.h20: error205s generated::typedef struct asn1_pctx_st ASN1_PCTX;\n13.\n: error31third_party/boringssl/include/openssl/base.h:::  204error                            ^\n:13redefinition of typedef 'ASN1_NULL' is a C11 feature [-Werror,-Wtypedef-redefinition]:\n:  errorredefinition of typedef 'ASN1_GENERALIZEDTIME' is a C11 feature [-Werror,-Wtypedef-redefinition]: \nredefinition of typedef 'ASN1_BOOLEAN' is a C11 feature [-Werror,-Wtypedef-redefinition]\n/usr/local/opt/openssl@3/include/openssl/types.h:typedef int ASN1_NULL;70typedef int ASN1_BOOLEAN;:29: \nnotetypedef struct asn1_string_st ASN1_GENERALIZEDTIME;            ^\n\n                              ^\n\n/usr/local/opt/openssl@3/include/openssl/types.h/usr/local/opt/openssl@3/include/openssl/types.h:: :previous definition is here\n62            ^:typedef struct asn1_pctx_st ASN1_PCTX;\n1357: \n                            ^\nnote: previous definition is here:\n31: typedef int ASN1_NULL;note\nIn file included from             ^/usr/local/opt/openssl@3/include/openssl/types.h\nthird_party/boringssl/crypto/asn1/a_mbstr.c: :previous definition is here62\n:61:13: typedef struct asn1_string_st ASN1_GENERALIZEDTIME;note:\nIn file included from In file included from third_party/boringssl/include/openssl/mem.h:third_party/boringssl/crypto/asn1/a_octet.c60:\n:third_party/boringssl/include/openssl/base.h: 60previous definition is here:\n\n:In file included from third_party/boringssl/include/openssl/mem.h209:60:\n\n:31                              ^:typedef int ASN1_BOOLEAN;third_party/boringssl/include/openssl/base.h\n:\n            ^206\n:29: error: redefinition of typedef 'ASN1_ITEM' is a C11 feature [-Werror,-Wtypedef-redefinition]\n error: redefinition of typedef 'ASN1_BIT_STRING' is a C11 feature [-Werror,-Wtypedef-redefinition]\ntypedef struct ASN1_ITEM_st ASN1_ITEM;In file included from \nIn file included from                             ^third_party/boringssl/crypto/asn1/a_bool.c:third_party/boringssl/crypto/asn1/a_dup.c\n:6060:\n:\nIn file included from In file included from third_party/boringssl/include/openssl/mem.h/usr/local/opt/openssl@3/include/openssl/types.h:typedef struct asn1_string_st ASN1_BIT_STRING;69third_party/boringssl/include/openssl/mem.h::60\nIn file included from                               ^\n60:\n:\nthird_party/boringssl/crypto/asn1/a_enum.cthird_party/boringssl/include/openssl/base.h::/usr/local/opt/openssl@3/include/openssl/types.hthird_party/boringssl/include/openssl/base.h6229:: 213note:31::205 :error13: :redefinition of typedef 'ASN1_GENERALSTRING' is a C11 feature [-Werror,-Wtypedef-redefinition] error:: :\n20previous definition is hereIn file included from 47 error: s generated\n.\nthird_party/boringssl/include/openssl/mem.h:60typedef struct ASN1_ITEM_st ASN1_ITEM;:\n\n                            ^third_party/boringssl/include/openssl/base.h:133redefinition of typedef 'ASN1_NULL' is a C11 feature [-Werror,-Wtypedef-redefinition]:\n9: error: 'OPENSSL_VERSION_NUMBER' macro redefined [-Werror,-Wmacro-redefined]\ntypedef int ASN1_NULL;\n            ^\n/usr/local/opt/openssl@3/include/openssl/types.h:62:13: note: previous definition is here\ntypedef int ASN1_NULL;\n            ^\n\n#define OPENSSL_VERSION_NUMBER 0x100020af\n        ^\nIn file included from /usr/local/opt/openssl@3/include/openssl/opensslv.hthird_party/boringssl/crypto/asn1/a_dup.c::9960::\n10In file included from :third_party/boringssl/include/openssl/mem.hIn file included from  third_party/boringssl/crypto/asn1/a_octet.cnote:: 60:\n:In file included from third_party/boringssl/include/openssl/mem.h60:::\n6031: \n:\nthird_party/boringssl/include/openssl/base.h:previous definition is here207\n:31: error# define OPENSSL_VERSION_NUMBER          \\: \nredefinition of typedef 'ASN1_OBJECT' is a C11 feature [-Werror,-Wtypedef-redefinition]         ^\nthird_party/boringssl/include/openssl/base.h:206:typedef struct asn1_object_st ASN1_OBJECT;29\n:                              ^\nnote: typedef struct asn1_string_st ASN1_GENERALSTRING; error: redefinition of typedef 'ASN1_ITEM' is a C11 feature [-Werror,-Wtypedef-redefinition]\ntypedef struct ASN1_ITEM_st ASN1_ITEM;\n                            ^\n\n/usr/local/opt/openssl@3/include/openssl/types.h:/usr/local/opt/openssl@3/include/openssl/types.h69::29previous definition is here:\n note: previous definition is here\n66typedef struct asn1_string_st ASN1_BIT_STRING;\nIn file included from                               ^typedef struct ASN1_ITEM_st ASN1_ITEM;\nthird_party/boringssl/crypto/asn1/a_enum.c\n                            ^\n:31: note: previous definition is here\nIn file included from typedef struct asn1_object_st ASN1_OBJECT;\n:third_party/boringssl/crypto/asn1/a_mbstr.c:6262:\n:\nIn file included from In file included from third_party/boringssl/include/openssl/mem.hthird_party/boringssl/include/openssl/mem.h:2060 error\n:\n                              ^third_party/boringssl/include/openssl/base.hIn file included from \n:sthird_party/boringssl/crypto/asn1/a_dup.c generated:.\n                              ^:\n210:31: /usr/local/opt/openssl@3/include/openssl/types.h:526060:\n:\nerror:third_party/boringssl/include/openssl/base.hIn file included from :168In file included from :third_party/boringssl/crypto/asn1/a_octet.c31:9::third_party/boringssl/include/openssl/mem.h : error60:\n: In file included from 60third_party/boringssl/include/openssl/mem.h:\n:: 60note:\nthird_party/boringssl/include/openssl/base.h:'OPENSSL_EXPORT' macro redefined [-Werror,-Wmacro-redefined]207\nthird_party/boringssl/include/openssl/base.h:208#define OPENSSL_EXPORT\n:        ^\n31: /usr/local/opt/openssl@3/include/openssl/e_os2.herror:: 183redefinition of typedef 'ASN1_OBJECT' is a C11 feature [-Werror,-Wtypedef-redefinition]::11redefinition of typedef 'ASN1_BMPSTRING' is a C11 feature [-Werror,-Wtypedef-redefinition]:\n 29note\n::  errorprevious definition is here: \nredefinition of typedef 'ASN1_PCTX' is a C11 feature [-Werror,-Wtypedef-redefinition]\ntypedef struct asn1_string_st ASN1_BMPSTRING;\n                              ^\ntypedef struct asn1_pctx_st ASN1_PCTX;\n                            ^\ntypedef struct asn1_object_st ASN1_OBJECT;\n/usr/local/opt/openssl@3/include/openssl/types.h:#  define OPENSSL_EXPORT extern: \n/usr/local/opt/openssl@3/include/openssl/types.h          ^previous definition is here\n\n:                              ^70\n54::29/usr/local/opt/openssl@3/include/openssl/types.h:31typedef struct asn1_string_st ASN1_GENERALSTRING; \n                              ^note:: 66previous definition is here:\n31: note: typedef struct asn1_pctx_st ASN1_PCTX;previous definition is here\n\n                            ^\ntypedef struct asn1_object_st ASN1_OBJECT;\nIn file included from                               ^third_party/boringssl/crypto/asn1/a_octet.c\n:60:\nIn file included from third_party/boringssl/include/openssl/mem.h:60:\nthird_party/boringssl/include/openssl/base.h:209:31: error: redefinition of typedef 'ASN1_BIT_STRING' is a C11 feature [-Werror,-Wtypedef-redefinition]\nIn file included from third_party/boringssl/crypto/asn1/a_dup.c:60\n:\nIn file included from typedef struct asn1_string_st ASN1_BIT_STRING;:In file included from  third_party/boringssl/include/openssl/mem.hnotethird_party/boringssl/crypto/asn1/a_enum.c: :previous definition is here\n62:In file included from 60:\n\ntypedef struct asn1_string_st ASN1_BMPSTRING;\n                              ^:\n\nIn file included from third_party/boringssl/include/openssl/base.hthird_party/boringssl/include/openssl/mem.h/usr/local/opt/openssl@3/include/openssl/types.h:::4720860:third_party/boringssl/crypto/asn1/a_bool.c::296031:\nthird_party/boringssl/include/openssl/base.h::202:13:                              ^ :\nerrorIn file included from : third_party/boringssl/include/openssl/mem.htypedef redefinition with different types ('int' vs 'struct crypto_threadid_st'):\n\n:  noteerrortypedef int CRYPTO_THREADID;: \n60redefinition of typedef 'ASN1_PCTX' is a C11 feature [-Werror,-Wtypedef-redefinition]:\n\n: third_party/boringssl/include/openssl/base.h:previous definition is here214\n:31: error: redefinition of typedef 'ASN1_IA5STRING' is a C11 feature [-Werror,-Wtypedef-redefinition]\ntypedef struct asn1_string_st ASN1_BIT_STRING;\n                              ^\nIn file included from third_party/boringssl/crypto/asn1/a_octet.c:60            ^:\nIn file included from \nthird_party/boringssl/include/openssl/mem.h:60:\nthird_party/boringssl/include/openssl/base.h:210:31: error: redefinition of typedef 'ASN1_BMPSTRING' is a C11 feature [-Werror,-Wtypedef-redefinition]\ntypedef struct asn1_string_st ASN1_BMPSTRING;\n                              ^\n/usr/local/opt/openssl@3/include/openssl/types.h:54:31: note: previous definition is here\ntypedef struct asn1_pctx_st ASN1_PCTX;\ntypedef struct asn1_string_st ASN1_BMPSTRING;\n                              ^\nIn file included from third_party/boringssl/crypto/asn1/a_octet.c:60:\nIn file included from third_party/boringssl/include/openssl/mem.h:60:\nthird_party/boringssl/include/openssl/base.h:211:31: error/usr/local/opt/openssl@3/include/openssl/crypto.h:308In file included from : third_party/boringssl/crypto/asn1/a_mbstr.c:redefinition of typedef 'ASN1_ENUMERATED' is a C11 feature [-Werror,-Wtypedef-redefinition]62\n:\nIn file included from third_party/boringssl/include/openssl/mem.h:                            ^3typedef struct asn1_string_st ASN1_IA5STRING;:\n60\n:\nthird_party/boringssl/include/openssl/base.h::/usr/local/opt/openssl@3/include/openssl/types.h :                              ^note\ntypedef struct asn1_string_st ASN1_ENUMERATED;\n211                              ^:/usr/local/opt/openssl@3/include/openssl/types.h31::51 : \n70/usr/local/opt/openssl@3/include/openssl/types.hprevious definition is here:\nerror:: 2946redefinition of typedef 'ASN1_ENUMERATED' is a C11 feature [-Werror,-Wtypedef-redefinition]} CRYPTO_THREADID;:\n\n  ^:\n31:typedef struct asn1_string_st ASN1_ENUMERATED; \nnote                               ^note\n:31/usr/local/opt/openssl@3/include/openssl/types.h::: : previous definition is here46 note: \nprevious definition is here\nIn file included from :third_party/boringssl/crypto/asn1/a_enum.c:typedef struct asn1_pctx_st ASN1_PCTX;\nprevious definition is here31\n:                            ^62 :\nIn file included from \nnotethird_party/boringssl/include/openssl/mem.h: :60previous definition is here:\n\ntypedef struct asn1_string_st ASN1_ENUMERATED;\n                              ^In file included from \nthird_party/boringssl/crypto/asn1/a_dup.c:60:\nIn file included from third_party/boringssl/include/openssl/mem.h:third_party/boringssl/include/openssl/base.hIn file included from third_party/boringssl/crypto/asn1/a_octet.c:204:13: :error: 60typedef struct asn1_string_st ASN1_IA5STRING;:\n60In file included from third_party/boringssl/include/openssl/mem.hredefinition of typedef 'ASN1_BOOLEAN' is a C11 feature [-Werror,-Wtypedef-redefinition]:60\n:\nthird_party/boringssl/include/openssl/base.h::\n212:third_party/boringssl/include/openssl/base.h31\n:                               ^error: redefinition of typedef 'ASN1_GENERALIZEDTIME' is a C11 feature [-Werror,-Wtypedef-redefinition]:\ntypedef struct asn1_string_st ASN1_ENUMERATED;\n\ntypedef struct asn1_string_st ASN1_GENERALIZEDTIME;\ntypedef int ASN1_BOOLEAN;make: \n209                              ^\n                              ^/usr/local/opt/openssl@3/include/openssl/types.h\n:            ^\nIn file included from *** [/Users/runner/actions-runner/_work/python.build/python.build/build_grpcio191311/grpcio-1.9.1/objs/opt/third_party/boringssl/crypto/asn1/a_object.o] Error 157\n/usr/local/opt/openssl@3/include/openssl/types.h::61:third_party/boringssl/crypto/asn1/a_bool.c:3131In file included from ::: third_party/boringssl/crypto/asn1/a_mbstr.c:error62: :\nredefinition of typedef 'ASN1_BIT_STRING' is a C11 feature [-Werror,-Wtypedef-redefinition]In file included from 13third_party/boringssl/include/openssl/mem.h:6060 ::\n\n:\nIn file included from third_party/boringssl/include/openssl/base.hthird_party/boringssl/include/openssl/mem.h::21260::\n31typedef struct asn1_string_st ASN1_BIT_STRING;note\n :note : previous definition is here\n: previous definition is here\n                              ^\n/usr/local/opt/openssl@3/include/openssl/types.h:47typedef int ASN1_BOOLEAN;errorthird_party/boringssl/include/openssl/base.h: :redefinition of typedef 'ASN1_GENERALIZEDTIME' is a C11 feature [-Werror,-Wtypedef-redefinition]\n:31: note: previous definition is heretypedef struct asn1_string_st ASN1_GENERALIZEDTIME;\n\n                              ^\ntypedef struct asn1_string_st ASN1_GENERALIZEDTIME;\n/usr/local/opt/openssl@3/include/openssl/types.h:57\n:            ^31\n: note: previous definition is here\ntypedef struct asn1_string_st ASN1_GENERALIZEDTIME;typedef struct asn1_string_st ASN1_BIT_STRING;In file included from \nthird_party/boringssl/crypto/asn1/a_enum.c                              ^\n:                              ^\n215:31: error: redefinition of typedef 'ASN1_INTEGER' is a C11 feature [-Werror,-Wtypedef-redefinition]\nIn file included from third_party/boringssl/crypto/asn1/a_octet.ctypedef struct asn1_string_st ASN1_INTEGER;\n\n                              ^\n:/usr/local/opt/openssl@3/include/openssl/types.h60::\n45In file included from :31third_party/boringssl/include/openssl/mem.h:: 60In file included from :\nthird_party/boringssl/crypto/asn1/a_dup.cthird_party/boringssl/include/openssl/base.h:62::\nnoteIn file included from 21360third_party/boringssl/include/openssl/mem.h: :\nprevious definition is hereIn file included from                               ^third_party/boringssl/include/openssl/mem.h\n:60:\nthird_party/boringssl/include/openssl/base.h::31210In file included from ::third_party/boringssl/crypto/asn1/a_mbstr.c:62:\n In file included from errorthird_party/boringssl/include/openssl/mem.h: :60redefinition of typedef 'ASN1_GENERALSTRING' is a C11 feature [-Werror,-Wtypedef-redefinition]:\n\nthird_party/boringssl/include/openssl/base.h:213:31: error: redefinition of typedef 'ASN1_GENERALSTRING' is a C11 feature [-Werror,-Wtypedef-redefinition]:31:60:\nthird_party/boringssl/include/openssl/base.htypedef struct asn1_string_st ASN1_GENERALSTRING;: error\n:                               ^redefinition of typedef 'ASN1_BMPSTRING' is a C11 feature [-Werror,-Wtypedef-redefinition]\n\n/usr/local/opt/openssl@3/include/openssl/types.h:52:typedef struct asn1_string_st ASN1_BMPSTRING;\n31                              ^: 205:\nnote: previous definition is here\n/usr/local/opt/openssl@3/include/openssl/types.h:54:31:typedef struct asn1_string_st ASN1_GENERALSTRING; \nnote                              ^: 13\n\ntypedef struct asn1_string_st ASN1_GENERALSTRING;previous definition is here\n\n                              ^\nIn file included from /usr/local/opt/openssl@3/include/openssl/types.hthird_party/boringssl/crypto/asn1/a_octet.c::5260::\n31typedef struct asn1_string_st ASN1_BMPSTRING;\n:\n                              ^ \nerror: redefinition of typedef 'ASN1_NULL' is a C11 feature [-Werror,-Wtypedef-redefinition]\ntypedef int ASN1_NULL;typedef struct asn1_string_st ASN1_INTEGER;\nIn file included from             ^third_party/boringssl/crypto/asn1/a_dup.c::In file included from  \nnotethird_party/boringssl/include/openssl/mem.h: :previous definition is here60\n:\nthird_party/boringssl/include/openssl/base.h\n:214                              ^\ntypedef struct asn1_string_st ASN1_GENERALSTRING;\n:                              ^make: /usr/local/opt/openssl@3/include/openssl/types.h31\n60:In file included from :\n*** [/Users/runner/actions-runner/_work/python.build/python.build/build_grpcio191311/grpcio-1.9.1/objs/opt/third_party/boringssl/crypto/asn1/a_int.o] Error 1:\n In file included from In file included from third_party/boringssl/include/openssl/mem.hthird_party/boringssl/crypto/asn1/a_mbstr.c:third_party/boringssl/crypto/asn1/a_bool.c:6062:\n::\nerror: redefinition of typedef 'ASN1_IA5STRING' is a C11 feature [-Werror,-Wtypedef-redefinition]\nthird_party/boringssl/include/openssl/base.hIn file included from 62typedef struct asn1_string_st ASN1_IA5STRING;:\n13                              ^:\nthird_party/boringssl/include/openssl/mem.h211/usr/local/opt/openssl@3/include/openssl/types.h::51 :31::31 :note : errornote: redefinition of typedef 'ASN1_ENUMERATED' is a C11 feature [-Werror,-Wtypedef-redefinition]previous definition is here\n\n: :previous definition is heretypedef struct asn1_string_st ASN1_ENUMERATED;60\n:\n                              ^\n\nthird_party/boringssl/include/openssl/base.htypedef struct asn1_string_st ASN1_IA5STRING;60typedef int ASN1_NULL;:\n/usr/local/opt/openssl@3/include/openssl/types.h\nIn file included from ::\n            ^214\n:4631::31 :error:                               ^\n note: redefinition of typedef 'ASN1_IA5STRING' is a C11 feature [-Werror,-Wtypedef-redefinition]third_party/boringssl/include/openssl/mem.hIn file included from previous definition is hereIn file included from \nthird_party/boringssl/crypto/asn1/a_octet.cthird_party/boringssl/crypto/asn1/a_enum.c:\n62:\nIn file included from third_party/boringssl/include/openssl/mem.h::typedef struct asn1_string_st ASN1_IA5STRING;\n60                              ^typedef struct asn1_string_st ASN1_ENUMERATED;::\n6060In file included from :\nthird_party/boringssl/include/openssl/mem.h:third_party/boringssl/include/openssl/base.h\n:                              ^60\n:\nthird_party/boringssl/include/openssl/base.h:\n:215third_party/boringssl/include/openssl/base.h::31206:\n:216 :errorIn file included from : 31third_party/boringssl/crypto/asn1/a_dup.c:/usr/local/opt/openssl@3/include/openssl/types.h::60redefinition of typedef 'ASN1_INTEGER' is a C11 feature [-Werror,-Wtypedef-redefinition]:\nIn file included from third_party/boringssl/include/openssl/mem.h2951::: error\n60: :\ntypedef struct asn1_string_st ASN1_INTEGER;redefinition of typedef 'ASN1_ITEM' is a C11 feature [-Werror,-Wtypedef-redefinition]\n31 :error note: third_party/boringssl/include/openssl/base.hprevious definition is here\n\n                              ^\ntypedef struct ASN1_ITEM_st ASN1_ITEM;\n:/usr/local/opt/openssl@3/include/openssl/types.h                            ^:\n45212::/usr/local/opt/openssl@3/include/openssl/types.h31: : typedef struct asn1_string_st ASN1_IA5STRING;:31redefinition of typedef 'ASN1_OCTET_STRING' is a C11 feature [-Werror,-Wtypedef-redefinition]\n69:error : typedef struct asn1_string_st ASN1_OCTET_STRING;redefinition of typedef 'ASN1_GENERALIZEDTIME' is a C11 feature [-Werror,-Wtypedef-redefinition]\n\n                              ^:\n29/usr/local/opt/openssl@3/include/openssl/types.h:: note48typedef struct asn1_string_st ASN1_GENERALIZEDTIME;:: \nprevious definition is herenote\n\n: previous definition is here\ntypedef struct asn1_string_st ASN1_INTEGER;\n                              ^                              ^\n                              ^\n\n/usr/local/opt/openssl@3/include/openssl/types.h:57:31:In file included from typedef struct ASN1_ITEM_st ASN1_ITEM;31 note: previous definition is here\nthird_party/boringssl/crypto/asn1/a_mbstr.c                            ^:\n:62:\nIn file included from In file included from third_party/boringssl/include/openssl/mem.h :third_party/boringssl/crypto/asn1/a_octet.c60::\n\n60:\nIn file included from typedef struct asn1_string_st ASN1_GENERALIZEDTIME;third_party/boringssl/include/openssl/mem.h\n:                              ^60third_party/boringssl/include/openssl/base.h:\n:third_party/boringssl/include/openssl/base.h:216:31\n: error: In file included from redefinition of typedef 'ASN1_OCTET_STRING' is a C11 feature [-Werror,-Wtypedef-redefinition]third_party/boringssl/crypto/asn1/a_enum.c\n:21562:\n:In file included from 31third_party/boringssl/include/openssl/mem.hIn file included from :typedef struct asn1_string_st ASN1_OCTET_STRING;\n:                              ^60\nnote:\n: /usr/local/opt/openssl@3/include/openssl/types.hthird_party/boringssl/crypto/asn1/a_dup.c:previous definition is here:60third_party/boringssl/include/openssl/base.h\n:207:3148:\n :In file included from :third_party/boringssl/include/openssl/mem.h:error: typedef struct asn1_string_st ASN1_OCTET_STRING; \nerror: redefinition of typedef 'ASN1_OBJECT' is a C11 feature [-Werror,-Wtypedef-redefinition]6031:\n:third_party/boringssl/include/openssl/base.h :noteredefinition of typedef 'ASN1_INTEGER' is a C11 feature [-Werror,-Wtypedef-redefinition]\n: previous definition is here\ntypedef struct asn1_string_st ASN1_OCTET_STRING;\n\n                              ^\ntypedef struct asn1_string_st ASN1_INTEGER;\n                              ^\n/usr/local/opt/openssl@3/include/openssl/types.h:45:31typedef struct asn1_object_st ASN1_OBJECT;In file included from \nthird_party/boringssl/crypto/asn1/a_octet.c                              ^213::                              ^ \n\nnote: 60previous definition is here/usr/local/opt/openssl@3/include/openssl/types.h\n::\n66::typedef struct asn1_string_st ASN1_INTEGER;31\n                              ^\nIn file included from In file included from third_party/boringssl/include/openssl/mem.hthird_party/boringssl/crypto/asn1/a_bool.c::6060:\n:\nthird_party/boringssl/include/openssl/base.h:In file included from 21731::third_party/boringssl/crypto/asn1/a_mbstr.c :note: 31previous definition is here:\n: 62error:\ntypedef struct asn1_object_st ASN1_OBJECT;In file included from \n                               ^error\n: third_party/boringssl/include/openssl/mem.h:: 60In file included from redefinition of typedef 'ASN1_GENERALSTRING' is a C11 feature [-Werror,-Wtypedef-redefinition]third_party/boringssl/crypto/asn1/a_enum.credefinition of typedef 'ASN1_PRINTABLESTRING' is a C11 feature [-Werror,-Wtypedef-redefinition]\n\n:\nthird_party/boringssl/include/openssl/base.h:216:31: typedef struct asn1_string_st ASN1_GENERALSTRING;error\n:                               ^redefinition of typedef 'ASN1_OCTET_STRING' is a C11 feature [-Werror,-Wtypedef-redefinition]\n\n/usr/local/opt/openssl@3/include/openssl/types.h:52:typedef struct asn1_string_st ASN1_OCTET_STRING;\n                              ^:typedef struct asn1_string_st ASN1_PRINTABLESTRING;\n\n62/usr/local/opt/openssl@3/include/openssl/types.h:\n:In file included from 31: third_party/boringssl/include/openssl/mem.hnote:: 48previous definition is here:                              ^60\n:\n\nthird_party/boringssl/include/openssl/base.h:208:3129typedef struct asn1_string_st ASN1_GENERALSTRING;/usr/local/opt/openssl@3/include/openssl/types.h\n:                              ^49\n:: :error: 31:  notenote: : previous definition is hereprevious definition is hereIn file included from \n\nIn file included from typedef struct asn1_string_st ASN1_PRINTABLESTRING;\n                              ^typedef struct asn1_string_st ASN1_OCTET_STRING;\nredefinition of typedef 'ASN1_PCTX' is a C11 feature [-Werror,-Wtypedef-redefinition]                              ^third_party/boringssl/crypto/asn1/a_dup.c\n:\n60:\nIn file included from In file included from third_party/boringssl/crypto/asn1/a_mbstr.c:62:\nIn file included from third_party/boringssl/include/openssl/mem.h:60make: \n*** [/Users/runner/actions-runner/_work/python.build/python.build/build_grpcio191311/grpcio-1.9.1/objs/opt/third_party/boringssl/crypto/asn1/a_bitstr.o] Error 1\nthird_party/boringssl/include/openssl/mem.h:60:\nthird_party/boringssl/include/openssl/base.htypedef struct asn1_pctx_st ASN1_PCTX;:\nIn file included from :third_party/boringssl/crypto/asn1/a_octet.c\n:third_party/boringssl/include/openssl/mem.h60::\nthird_party/boringssl/include/openssl/base.h                            ^:60In file included from 217third_party/boringssl/include/openssl/mem.h::3160\n:\n/usr/local/opt/openssl@3/include/openssl/types.hthird_party/boringssl/include/openssl/base.h214::218:\n:31::: 31 :70 errorerror: redefinition of typedef 'ASN1_STRING' is a C11 feature [-Werror,-Wtypedef-redefinition]\n:error29: : : third_party/boringssl/include/openssl/base.hmake: :redefinition of typedef 'ASN1_IA5STRING' is a C11 feature [-Werror,-Wtypedef-redefinition]*** [/Users/runner/actions-runner/_work/python.build/python.build/build_grpcio191311/grpcio-1.9.1/objs/opt/third_party/boringssl/crypto/asn1/a_d2i_fp.o] Error 1217typedef struct asn1_string_st ASN1_STRING;redefinition of typedef 'ASN1_PRINTABLESTRING' is a C11 feature [-Werror,-Wtypedef-redefinition]\n\nnote:\n: \nprevious definition is here                              ^\n\n31typedef struct asn1_string_st ASN1_IA5STRING;:\n /usr/local/opt/openssl@3/include/openssl/types.h:60:error                              ^typedef struct asn1_pctx_st ASN1_PCTX;\n31: : note/usr/local/opt/openssl@3/include/openssl/types.h: \n:typedef struct asn1_string_st ASN1_PRINTABLESTRING;\n                              ^redefinition of typedef 'ASN1_PRINTABLESTRING' is a C11 feature [-Werror,-Wtypedef-redefinition]\n\n/usr/local/opt/openssl@3/include/openssl/types.h                            ^51\n:previous definition is here31\n:typedef struct asn1_string_st ASN1_PRINTABLESTRING;\n49                              ^:\n31:typedef struct asn1_string_st ASN1_STRING;\n/usr/local/opt/openssl@3/include/openssl/types.h:: 49:note                              ^: In file included from previous definition is herethird_party/boringssl/crypto/asn1/a_enum.c \nnote: \nprevious definition is here\ntypedef struct asn1_string_st ASN1_PRINTABLESTRING;:\n                              ^\n62:\nIn file included from third_party/boringssl/include/openssl/mem.h:31typedef struct asn1_string_st ASN1_IA5STRING;: In file included from notethird_party/boringssl/crypto/asn1/a_mbstr.c:\n60In file included from :\nthird_party/boringssl/crypto/asn1/a_octet.c:third_party/boringssl/include/openssl/base.h62                              ^60\n:\n: ::\nIn file included from 209third_party/boringssl/include/openssl/mem.hprevious definition is here:\n60:\nthird_party/boringssl/include/openssl/base.h:In file included from 218third_party/boringssl/crypto/asn1/a_dup.c::typedef struct asn1_string_st ASN1_PRINTABLESTRING;31\n:                              ^ \nerror60:\nIn file included from third_party/boringssl/include/openssl/mem.h:60In file included from :\n:third_party/boringssl/include/openssl/base.hthird_party/boringssl/include/openssl/mem.h:31::: 60redefinition of typedef 'ASN1_STRING' is a C11 feature [-Werror,-Wtypedef-redefinition]\n215In file included from :\nthird_party/boringssl/crypto/asn1/a_bool.c:third_party/boringssl/include/openssl/base.h :error: redefinition of typedef 'ASN1_BIT_STRING' is a C11 feature [-Werror,-Wtypedef-redefinition]60\n:21931::31::\ntypedef struct asn1_string_st ASN1_STRING; In file included from typedef struct asn1_string_st ASN1_BIT_STRING; errorerror: \nredefinition of typedef 'ASN1_T61STRING' is a C11 feature [-Werror,-Wtypedef-redefinition]\nthird_party/boringssl/include/openssl/mem.h\ntypedef struct asn1_string_st ASN1_T61STRING;\n:                               ^redefinition of typedef 'ASN1_INTEGER' is a C11 feature [-Werror,-Wtypedef-redefinition]\n:\n                              ^\n                              ^\n/usr/local/opt/openssl@3/include/openssl/types.htypedef struct asn1_string_st ASN1_INTEGER;/usr/local/opt/openssl@3/include/openssl/types.h\n:60/usr/local/opt/openssl@3/include/openssl/types.h:50:31:60:::\n 31:notethird_party/boringssl/include/openssl/base.h: 47previous definition is here :note: 31:\n                               ^:\nprevious definition is here\ntypedef struct asn1_string_st ASN1_T61STRING;\nnote                              ^/usr/local/opt/openssl@3/include/openssl/types.h\n:45typedef struct asn1_string_st ASN1_STRING;:: \n31                              ^:previous definition is here \ntypedef struct asn1_string_st ASN1_BIT_STRING;\n218\n:                              ^31fatal errornote: : too many errors emitted, stopping now [-ferror-limit=]previous definition is here\n:In file included from third_party/boringssl/crypto/asn1/a_mbstr.c\n\n error: redefinition of typedef 'ASN1_STRING' is a C11 feature [-Werror,-Wtypedef-redefinition]\ntypedef struct asn1_string_st ASN1_STRING;typedef struct asn1_string_st ASN1_INTEGER;\n:                              ^In file included from 62:\nthird_party/boringssl/crypto/asn1/a_enum.c:\n62\n:\nIn file included from third_party/boringssl/include/openssl/mem.h                              ^:/usr/local/opt/openssl@3/include/openssl/types.h60::\n\nthird_party/boringssl/include/openssl/base.h60::21031::31 : errorIn file included from note: In file included from : redefinition of typedef 'ASN1_BMPSTRING' is a C11 feature [-Werror,-Wtypedef-redefinition]\nthird_party/boringssl/include/openssl/mem.hprevious definition is heretypedef struct asn1_string_st ASN1_BMPSTRING;\n\n:third_party/boringssl/crypto/asn1/a_dup.c                              ^:typedef struct asn1_string_st ASN1_STRING;60\n:\n                              ^In file included from \nthird_party/boringssl/include/openssl/mem.h\n60:\n/usr/local/opt/openssl@3/include/openssl/types.h:third_party/boringssl/include/openssl/base.h54::In file included from 31third_party/boringssl/crypto/asn1/a_bool.c::60:60:\n In file included from notethird_party/boringssl/include/openssl/mem.h:\n:third_party/boringssl/include/openssl/base.h60: :\n:third_party/boringssl/include/openssl/base.h216::21931:previous definition is here219: :In file included from third_party/boringssl/crypto/asn1/a_i2d_fp.c31::3160error: \nredefinition of typedef 'ASN1_OCTET_STRING' is a C11 feature [-Werror,-Wtypedef-redefinition]\n:\nIn file included from third_party/boringssl/include/openssl/mem.h:typedef struct asn1_string_st ASN1_BMPSTRING;60\n error:typedef struct asn1_string_st ASN1_OCTET_STRING;:\n : third_party/boringssl/include/openssl/base.h:\n133:9                              ^:\nredefinition of typedef 'ASN1_T61STRING' is a C11 feature [-Werror,-Wtypedef-redefinition] \nerror: 'OPENSSL_VERSION_NUMBER' macro redefined [-Werror,-Wmacro-redefined]/usr/local/opt/openssl@3/include/openssl/types.h\n:48                              ^\n:31: note: previous definition is here\n#define OPENSSL_VERSION_NUMBER 0x100020af\nIn file included from         ^third_party/boringssl/crypto/asn1/a_enum.ctypedef struct asn1_string_st ASN1_OCTET_STRING;\n                              ^error:\n62:\nIn file included from \n: redefinition of typedef 'ASN1_T61STRING' is a C11 feature [-Werror,-Wtypedef-redefinition]\nthird_party/boringssl/include/openssl/mem.h:60:\nthird_party/boringssl/include/openssl/base.h:211/usr/local/opt/openssl@3/include/openssl/opensslv.htypedef struct asn1_string_st ASN1_T61STRING;:\n:                              ^typedef struct asn1_string_st ASN1_T61STRING;99In file included from 31\n:                               ^error:: third_party/boringssl/crypto/asn1/a_dup.c\n10:60:\nredefinition of typedef 'ASN1_ENUMERATED' is a C11 feature [-Werror,-Wtypedef-redefinition]/usr/local/opt/openssl@3/include/openssl/types.h:50\n:31:\n noteIn file included from : previous definition is herethird_party/boringssl/include/openssl/mem.h\n:60:\n/usr/local/opt/openssl@3/include/openssl/types.hthird_party/boringssl/include/openssl/base.h::50: typedef struct asn1_string_st ASN1_T61STRING;217:typedef struct asn1_string_st ASN1_ENUMERATED;note\n:                               ^previous definition is here31\n:\n :note: 31:previous definition is here \nerror: \ntypedef struct asn1_string_st ASN1_T61STRING;# define OPENSSL_VERSION_NUMBER          \\\n\n                              ^\n                              ^redefinition of typedef 'ASN1_PRINTABLESTRING' is a C11 feature [-Werror,-Wtypedef-redefinition]\n\n/usr/local/opt/openssl@3/include/openssl/types.h:46:31: notefatal error: :          ^too many errors emitted, stopping now [-ferror-limit=]\nprevious definition is here\ntypedef struct asn1_string_st ASN1_PRINTABLESTRING;\n                              ^\n\nIn file included from third_party/boringssl/crypto/asn1/a_i2d_fp.c:60:\nfatal error/usr/local/opt/openssl@3/include/openssl/types.h: typedef struct asn1_string_st ASN1_ENUMERATED;:\ntoo many errors emitted, stopping now [-ferror-limit=]\nIn file included from                               ^third_party/boringssl/include/openssl/mem.h\n:60:\n49third_party/boringssl/include/openssl/base.h:168::931::  errornote: previous definition is here\nIn file included from third_party/boringssl/crypto/asn1/a_enum.c: :62:\nIn file included from third_party/boringssl/include/openssl/mem.h:'OPENSSL_EXPORT' macro redefined [-Werror,-Wmacro-redefined]\ntypedef struct asn1_string_st ASN1_PRINTABLESTRING;\n                              ^#define OPENSSL_EXPORT\n\n        ^\n/usr/local/opt/openssl@3/include/openssl/e_os2.h:183:11In file included from third_party/boringssl/crypto/asn1/a_dup.c:6060:\n:\nIn file included from third_party/boringssl/include/openssl/mem.hthird_party/boringssl/include/openssl/base.h::60212::\nthird_party/boringssl/include/openssl/base.h: In file included from note31: :previous definition is here:\nthird_party/boringssl/crypto/asn1/a_gentm.c218:31:63:\nIn file included from third_party/boringssl/include/openssl/mem.h: error :error#  define OPENSSL_EXPORT extern\n: :           ^redefinition of typedef 'ASN1_GENERALIZEDTIME' is a C11 feature [-Werror,-Wtypedef-redefinition]\nredefinition of typedef 'ASN1_STRING' is a C11 feature [-Werror,-Wtypedef-redefinition]60\n:\ntypedef struct asn1_string_st ASN1_GENERALIZEDTIME;\n                              ^third_party/boringssl/include/openssl/base.h\n:133:9/usr/local/opt/openssl@3/include/openssl/types.h::57typedef struct asn1_string_st ASN1_STRING;\n                               ^\n\n:/usr/local/opt/openssl@3/include/openssl/types.h31: note: previous definition is hereerror: :\n60'OPENSSL_VERSION_NUMBER' macro redefined [-Werror,-Wmacro-redefined]\ntypedef struct asn1_string_st ASN1_GENERALIZEDTIME;\n                              ^\n20: error31s generated.\n#define OPENSSL_VERSION_NUMBER 0x100020af\n        ^:\n note: In file included from In file included from previous definition is herethird_party/boringssl/crypto/asn1/a_i2d_fp.c/usr/local/opt/openssl@3/include/openssl/opensslv.h:99third_party/boringssl/crypto/asn1/a_enum.c:\n62:\nIn file included from ::60third_party/boringssl/include/openssl/mem.h:typedef struct asn1_string_st ASN1_STRING;60:\n\n:\nIn file included from                               ^10third_party/boringssl/include/openssl/mem.hthird_party/boringssl/include/openssl/base.h:60::\n\nthird_party/boringssl/include/openssl/base.h :note202:13::: In file included from third_party/boringssl/crypto/asn1/a_dup.c:60213:\nIn file included from :31previous definition is here\nthird_party/boringssl/include/openssl/mem.h::60 error:  errorredefinition of typedef 'ASN1_GENERALSTRING' is a C11 feature [-Werror,-Wtypedef-redefinition]: \ntypedef redefinition with different types ('int' vs 'struct crypto_threadid_st'):\n# define OPENSSL_VERSION_NUMBER          \\\n\n         ^\nthird_party/boringssl/include/openssl/base.htypedef struct asn1_string_st ASN1_GENERALSTRING;\ntypedef int CRYPTO_THREADID;:\n            ^219\n:                              ^31\n: error: redefinition of typedef 'ASN1_T61STRING' is a C11 feature [-Werror,-Wtypedef-redefinition]\nIn file included from /usr/local/opt/openssl@3/include/openssl/crypto.h/usr/local/opt/openssl@3/include/openssl/types.h:308:3third_party/boringssl/crypto/asn1/a_gentm.c:typedef struct asn1_string_st ASN1_T61STRING; \n                              ^:\nnote63/usr/local/opt/openssl@3/include/openssl/types.h:\n:In file included from third_party/boringssl/include/openssl/mem.h:60:\nthird_party/boringssl/include/openssl/base.h50::52168:: :previous definition is here\n:31931:: note:  previous definition is herenote: } CRYPTO_THREADID;previous definition is here\n\n  ^\n\ntypedef struct asn1_string_st ASN1_T61STRING;In file included from \nthird_party/boringssl/crypto/asn1/a_i2d_fp.c:typedef struct asn1_string_st ASN1_GENERALSTRING; \nerror:                              ^60                              ^:\n\n: \nIn file included from third_party/boringssl/crypto/asn1/a_enum.c:'OPENSSL_EXPORT' macro redefined [-Werror,-Wmacro-redefined]62\n:\nIn file included from third_party/boringssl/include/openssl/mem.hfatal error:: In file included from too many errors emitted, stopping now [-ferror-limit=]third_party/boringssl/include/openssl/mem.h:6060:\n\nthird_party/boringssl/include/openssl/base.h:214#define OPENSSL_EXPORT\n        ^:\n31: error: /usr/local/opt/openssl@3/include/openssl/e_os2.hredefinition of typedef 'ASN1_IA5STRING' is a C11 feature [-Werror,-Wtypedef-redefinition]:\n183:11:\ntypedef struct asn1_string_st ASN1_IA5STRING;third_party/boringssl/include/openssl/base.h\n:                              ^204\n:13: /usr/local/opt/openssl@3/include/openssl/types.herror:: 51redefinition of typedef 'ASN1_BOOLEAN' is a C11 feature [-Werror,-Wtypedef-redefinition]:\n31: note: :previous definition is here note: typedef int ASN1_BOOLEAN;previous definition is here\n\n            ^\n\n#  define OPENSSL_EXPORT extern\n          ^\n/usr/local/opt/openssl@3/include/openssl/types.htypedef struct asn1_string_st ASN1_IA5STRING;\n                              ^\n:61:13: note: previous definition is here\nIn file included from third_party/boringssl/crypto/asn1/a_enum.c:62typedef int ASN1_BOOLEAN;:\n\n            ^\nIn file included from In file included from third_party/boringssl/crypto/asn1/a_i2d_fp.c:60:\nIn file included from third_party/boringssl/include/openssl/mem.h:60:\nthird_party/boringssl/include/openssl/base.hthird_party/boringssl/include/openssl/mem.h::20560:\nthird_party/boringssl/include/openssl/base.h20: error215sIn file included from  generatedthird_party/boringssl/crypto/asn1/a_gentm.c:63::\nIn file included from third_party/boringssl/include/openssl/mem.h:60:\nthird_party/boringssl/include/openssl/base.h:31202:13:.\n error::  :error: redefinition of typedef 'ASN1_INTEGER' is a C11 feature [-Werror,-Wtypedef-redefinition]\n13: errortypedef struct asn1_string_st ASN1_INTEGER;: \n                              ^\nredefinition of typedef 'ASN1_NULL' is a C11 feature [-Werror,-Wtypedef-redefinition]/usr/local/opt/openssl@3/include/openssl/types.h:45:31:\ntypedef redefinition with different types ('int' vs 'struct crypto_threadid_st')\ntypedef int ASN1_NULL;typedef int CRYPTO_THREADID;\n\n            ^            ^\n\n/usr/local/opt/openssl@3/include/openssl/types.h:62:13 note: :previous definition is here note: previous definition is here\ntypedef int ASN1_NULL;\n/usr/local/opt/openssl@3/include/openssl/crypto.h:308\n:3: note: previous definition is here            ^\ntypedef struct asn1_string_st ASN1_INTEGER;\n                              ^\n\nIn file included from } CRYPTO_THREADID;third_party/boringssl/crypto/asn1/a_i2d_fp.c\n:  ^60\n:\nIn file included from third_party/boringssl/include/openssl/mem.h:60:\nthird_party/boringssl/include/openssl/base.h:206:29: error: redefinition of typedef 'ASN1_ITEM' is a C11 feature [-Werror,-Wtypedef-redefinition]\nIn file included from third_party/boringssl/crypto/asn1/a_gentm.c:63typedef struct ASN1_ITEM_st ASN1_ITEM;:\nIn file included from third_party/boringssl/include/openssl/mem.h:In file included from 60:\nthird_party/boringssl/crypto/asn1/a_enum.cthird_party/boringssl/include/openssl/base.h::62204:\n:In file included from 13third_party/boringssl/include/openssl/mem.h:60:\nthird_party/boringssl/include/openssl/base.h::\n216                            ^:\n31: error: redefinition of typedef 'ASN1_OCTET_STRING' is a C11 feature [-Werror,-Wtypedef-redefinition]\n/usr/local/opt/openssl@3/include/openssl/types.h:69:29: typedef struct asn1_string_st ASN1_OCTET_STRING;note\n:                               ^\n /usr/local/opt/openssl@3/include/openssl/types.herror:: 48redefinition of typedef 'ASN1_BOOLEAN' is a C11 feature [-Werror,-Wtypedef-redefinition]:\n31: note: previous definition is hereprevious definition is heretypedef int ASN1_BOOLEAN;\n\n            ^\ntypedef struct ASN1_ITEM_st ASN1_ITEM;\n                            ^\n/usr/local/opt/openssl@3/include/openssl/types.h:61:13: \nnote: previous definition is here\ntypedef int ASN1_BOOLEAN;\n            ^\nIn file included from third_party/boringssl/crypto/asn1/a_i2d_fp.c:60:\nIn file included from third_party/boringssl/include/openssl/mem.h:60:\nthird_party/boringssl/include/openssl/base.h:In file included from 207:third_party/boringssl/crypto/asn1/a_gentm.c31::63 :\nerror: In file included from third_party/boringssl/include/openssl/mem.htypedef struct asn1_string_st ASN1_OCTET_STRING;\nredefinition of typedef 'ASN1_OBJECT' is a C11 feature [-Werror,-Wtypedef-redefinition]                              ^\n\n:60:\nthird_party/boringssl/include/openssl/base.h:205:typedef struct asn1_object_st ASN1_OBJECT;13:In file included from \nthird_party/boringssl/crypto/asn1/a_enum.c:                              ^62:\nIn file included from \n /usr/local/opt/openssl@3/include/openssl/types.h:error66: :31redefinition of typedef 'ASN1_NULL' is a C11 feature [-Werror,-Wtypedef-redefinition]third_party/boringssl/include/openssl/mem.h\n::60 :\nnotethird_party/boringssl/include/openssl/base.h: :previous definition is here\ntypedef int ASN1_NULL;217\n            ^\n/usr/local/opt/openssl@3/include/openssl/types.h:typedef struct asn1_object_st ASN1_OBJECT;62:13: \nnote: previous definition is here:31:                              ^\n\ntypedef int ASN1_NULL; \n            ^error\n: In file included from third_party/boringssl/crypto/asn1/a_i2d_fp.c:60:\nIn file included from third_party/boringssl/include/openssl/mem.h:60redefinition of typedef 'ASN1_PRINTABLESTRING' is a C11 feature [-Werror,-Wtypedef-redefinition]\n:\nIn file included from third_party/boringssl/crypto/asn1/a_gentm.c:third_party/boringssl/include/openssl/base.h:63208typedef struct asn1_string_st ASN1_PRINTABLESTRING;:\n29                              ^:\n error: redefinition of typedef 'ASN1_PCTX' is a C11 feature [-Werror,-Wtypedef-redefinition]\n:\nIn file included from third_party/boringssl/include/openssl/mem.h:typedef struct asn1_pctx_st ASN1_PCTX;60:\nthird_party/boringssl/include/openssl/base.h:/usr/local/opt/openssl@3/include/openssl/types.h206::2949:31: \nnote:                             ^previous definition is here\n\n/usr/local/opt/openssl@3/include/openssl/types.h:typedef struct asn1_string_st ASN1_PRINTABLESTRING;\n                               ^\nerror: :redefinition of typedef 'ASN1_ITEM' is a C11 feature [-Werror,-Wtypedef-redefinition]\n70:29: note: In file included from previous definition is herethird_party/boringssl/crypto/asn1/a_enum.c\n:62:\nIn file included from third_party/boringssl/include/openssl/mem.h:60:\nthird_party/boringssl/include/openssl/base.h:218:31: error: redefinition of typedef 'ASN1_STRING' is a C11 feature [-Werror,-Wtypedef-redefinition]\ntypedef struct asn1_pctx_st ASN1_PCTX;\n                            ^\ntypedef struct asn1_string_st ASN1_STRING;\n                              ^\ntypedef struct ASN1_ITEM_st ASN1_ITEM;In file included from \nthird_party/boringssl/crypto/asn1/a_i2d_fp.c                            ^:/usr/local/opt/openssl@3/include/openssl/types.h60::\n60In file included from third_party/boringssl/include/openssl/mem.h:60:\nthird_party/boringssl/include/openssl/base.h:209:3120:\n: error: 31 error/usr/local/opt/openssl@3/include/openssl/types.hsredefinition of typedef 'ASN1_BIT_STRING' is a C11 feature [-Werror,-Wtypedef-redefinition] generated:\n.\ntypedef struct asn1_string_st ASN1_BIT_STRING;\n                              ^\n/usr/local/opt/openssl@3/include/openssl/types.h:47:31: 20note: previous definition is here\n: typedef struct asn1_string_st ASN1_BIT_STRING;\n error                              ^s\n generated.\nIn file included from third_party/boringssl/crypto/asn1/a_i2d_fp.c:60:\nIn file included from third_party/boringssl/include/openssl/mem.h:60:\nthird_party/boringssl/include/openssl/base.h:210:31note: : error: previous definition is hereredefinition of typedef 'ASN1_BMPSTRING' is a C11 feature [-Werror,-Wtypedef-redefinition]\n\ntypedef struct asn1_string_st ASN1_BMPSTRING;69:typedef struct asn1_string_st ASN1_STRING;29:\n note: previous definition is here\n                              ^\ntypedef struct ASN1_ITEM_st ASN1_ITEM;\n                            ^\n\n                              ^In file included from \nthird_party/boringssl/crypto/asn1/a_enum.c:62:\nIn file included from third_party/boringssl/include/openssl/mem.h:60:\n/usr/local/opt/openssl@3/include/openssl/types.hthird_party/boringssl/include/openssl/base.h::54219In file included from :third_party/boringssl/crypto/asn1/a_gentm.c31::63 :\nnote: In file included from previous definition is herethird_party/boringssl/include/openssl/mem.h\n:60::\n31third_party/boringssl/include/openssl/base.htypedef struct asn1_string_st ASN1_BMPSTRING;:\n                              ^\n:207: 31errorIn file included from third_party/boringssl/crypto/asn1/a_i2d_fp.c: error: redefinition of typedef 'ASN1_OBJECT' is a C11 feature [-Werror,-Wtypedef-redefinition]\n: typedef struct asn1_object_st ASN1_OBJECT;redefinition of typedef 'ASN1_T61STRING' is a C11 feature [-Werror,-Wtypedef-redefinition]\n\n                              ^\n/usr/local/opt/openssl@3/include/openssl/types.h::66:3160: note: previous definition is here\ntypedef struct asn1_string_st ASN1_T61STRING;\n                              ^\ntypedef struct asn1_object_st ASN1_OBJECT;\n                              ^\n:\nIn file included from /usr/local/opt/openssl@3/include/openssl/types.h:50:31: In file included from notethird_party/boringssl/crypto/asn1/a_gentm.c: :63third_party/boringssl/include/openssl/mem.h:\n:In file included from 60third_party/boringssl/include/openssl/mem.h:\n:third_party/boringssl/include/openssl/base.h60::\n211third_party/boringssl/include/openssl/base.h:31:previous definition is here\n:208 :29: error: redefinition of typedef 'ASN1_PCTX' is a C11 feature [-Werror,-Wtypedef-redefinition]\nerror: redefinition of typedef 'ASN1_ENUMERATED' is a C11 feature [-Werror,-Wtypedef-redefinition]\ntypedef struct asn1_pctx_st ASN1_PCTX;\n                            ^\ntypedef struct asn1_string_st ASN1_ENUMERATED;\n                              ^/usr/local/opt/openssl@3/include/openssl/types.h:70:typedef struct asn1_string_st ASN1_T61STRING;29: \n\n                              ^\nnote: previous definition is here\n/usr/local/opt/openssl@3/include/openssl/types.h:46:31: note: previous definition is here\ntypedef struct asn1_pctx_st ASN1_PCTX;\n                            ^\nfatal errortypedef struct asn1_string_st ASN1_ENUMERATED;In file included from \n:                               ^third_party/boringssl/crypto/asn1/a_gentm.c\ntoo many errors emitted, stopping now [-ferror-limit=]\nIn file included from third_party/boringssl/crypto/asn1/a_i2d_fp.c:60:\nIn file included from third_party/boringssl/include/openssl/mem.h:60:\nthird_party/boringssl/include/openssl/base.h:212:31: error: redefinition of typedef 'ASN1_GENERALIZEDTIME' is a C11 feature [-Werror,-Wtypedef-redefinition]\n:typedef struct asn1_string_st ASN1_GENERALIZEDTIME;\n63:\nIn file included from third_party/boringssl/include/openssl/mem.h:60:\n                              ^third_party/boringssl/include/openssl/base.h:209:31: error: redefinition of typedef 'ASN1_BIT_STRING' is a C11 feature [-Werror,-Wtypedef-redefinition]\n\n/usr/local/opt/openssl@3/include/openssl/types.h:57typedef struct asn1_string_st ASN1_BIT_STRING;:\n31                              ^\n/usr/local/opt/openssl@3/include/openssl/types.h:47:31: :note: previous definition is here\n note: previous definition is heretypedef struct asn1_string_st ASN1_BIT_STRING;\n\n                              ^\ntypedef struct asn1_string_st ASN1_GENERALIZEDTIME;In file included from \nthird_party/boringssl/crypto/asn1/a_gentm.c                              ^:\n63:\nIn file included from third_party/boringssl/include/openssl/mem.h:60:\nthird_party/boringssl/include/openssl/base.hIn file included from :third_party/boringssl/crypto/asn1/a_i2d_fp.c:60:\n210In file included from :third_party/boringssl/include/openssl/mem.h31::60 :\nerrorthird_party/boringssl/include/openssl/base.h: :213:31: error: redefinition of typedef 'ASN1_GENERALSTRING' is a C11 feature [-Werror,-Wtypedef-redefinition]\ntypedef struct asn1_string_st ASN1_GENERALSTRING;redefinition of typedef 'ASN1_BMPSTRING' is a C11 feature [-Werror,-Wtypedef-redefinition]\ntypedef struct asn1_string_st ASN1_BMPSTRING;\n                              ^\n/usr/local/opt/openssl@3/include/openssl/types.h:54:31: note: previous definition is here\ntypedef struct asn1_string_st ASN1_BMPSTRING;\n                              ^\nIn file included from third_party/boringssl/crypto/asn1/a_gentm.c:63:\nIn file included from third_party/boringssl/include/openssl/mem.h:60:\nthird_party/boringssl/include/openssl/base.h:\n                              ^\n/usr/local/opt/openssl@3/include/openssl/types.h:52:31: note: previous definition is here\ntypedef struct asn1_string_st ASN1_GENERALSTRING;\n                              ^\nIn file included from third_party/boringssl/crypto/asn1/a_i2d_fp.c:60:\nIn file included from third_party/boringssl/include/openssl/mem.h:60:\nthird_party/boringssl/include/openssl/base.h:214:31: error: redefinition of typedef 'ASN1_IA5STRING' is a C11 feature [-Werror,-Wtypedef-redefinition]\ntypedef struct asn1_string_st ASN1_IA5STRING;\n                              ^\n/usr/local/opt/openssl@3/include/openssl/types.h:51:31: note: previous definition is here\ntypedef struct asn1_string_st ASN1_IA5STRING;\n                              ^\nIn file included from third_party/boringssl/crypto/asn1/a_i2d_fp.c:60:\nIn file included from third_party/boringssl/include/openssl/mem.h:60:\nthird_party/boringssl/include/openssl/base.h:215:31: error: redefinition of typedef 'ASN1_INTEGER' is a C11 feature [-Werror,-Wtypedef-redefinition]\ntypedef struct asn1_string_st ASN1_INTEGER;\n                              ^\n/usr/local/opt/openssl@3/include/openssl/types.h:45:31: note: previous definition is here\ntypedef struct asn1_string_st ASN1_INTEGER;\n                              ^\nIn file included from third_party/boringssl/crypto/asn1/a_i2d_fp.c:60:\nIn file included from third_party/boringssl/include/openssl/mem.h:60:\nthird_party/boringssl/include/openssl/base.h:216:31: error: redefinition of typedef 'ASN1_OCTET_STRING' is a C11 feature [-Werror,-Wtypedef-redefinition]\ntypedef struct asn1_string_st ASN1_OCTET_STRING;\n                              ^\n/usr/local/opt/openssl@3/include/openssl/types.h:48:31: note: previous definition is here\ntypedef struct asn1_string_st ASN1_OCTET_STRING;\n                              ^\nIn file included from third_party/boringssl/crypto/asn1/a_i2d_fp.c:60:\nIn file included from third_party/boringssl/include/openssl/mem.h:60:\nthird_party/boringssl/include/openssl/base.h:217:31: error: redefinition of typedef 'ASN1_PRINTABLESTRING' is a C11 feature [-Werror,-Wtypedef-redefinition]\ntypedef struct asn1_string_st ASN1_PRINTABLESTRING;\n                              ^\n211/usr/local/opt/openssl@3/include/openssl/types.h:49:31: error: redefinition of typedef 'ASN1_ENUMERATED' is a C11 feature [-Werror,-Wtypedef-redefinition]\ntypedef struct asn1_string_st ASN1_ENUMERATED;\n:31: note:                               ^previous definition is here\n\nmake: /usr/local/opt/openssl@3/include/openssl/types.h:typedef struct asn1_string_st ASN1_PRINTABLESTRING;46:31: \nnote:                               ^previous definition is here\n\n*** [/Users/runner/actions-runner/_work/python.build/python.build/build_grpcio191311/grpcio-1.9.1/objs/opt/third_party/boringssl/crypto/asn1/a_octet.o] Error 1\nIn file included from typedef struct asn1_string_st ASN1_ENUMERATED;\n                              ^third_party/boringssl/crypto/asn1/a_i2d_fp.c:60:\nIn file included from third_party/boringssl/include/openssl/mem.h:\n60:\nthird_party/boringssl/include/openssl/base.h:218:31: In file included from third_party/boringssl/crypto/asn1/a_gentm.cerror:: 63:\nIn file included from third_party/boringssl/include/openssl/mem.h:redefinition of typedef 'ASN1_STRING' is a C11 feature [-Werror,-Wtypedef-redefinition]60\n:\nthird_party/boringssl/include/openssl/base.h:212:31: error: redefinition of typedef 'ASN1_GENERALIZEDTIME' is a C11 feature [-Werror,-Wtypedef-redefinition]\ntypedef struct asn1_string_st ASN1_GENERALIZEDTIME;typedef struct asn1_string_st ASN1_STRING;\n                              ^\n\n                              ^/usr/local/opt/openssl@3/include/openssl/types.h\n:60:31: note: previous definition is here\n/usr/local/opt/openssl@3/include/openssl/types.h:typedef struct asn1_string_st ASN1_STRING;\n                              ^\n57In file included from third_party/boringssl/crypto/asn1/a_i2d_fp.c::6031:\n:In file included from  third_party/boringssl/include/openssl/mem.hnote:: 60previous definition is here:\n\nthird_party/boringssl/include/openssl/base.h:219:31: errortypedef struct asn1_string_st ASN1_GENERALIZEDTIME;: \nredefinition of typedef 'ASN1_T61STRING' is a C11 feature [-Werror,-Wtypedef-redefinition]                              ^\n\ntypedef struct asn1_string_st ASN1_T61STRING;\n                              ^\nIn file included from third_party/boringssl/crypto/asn1/a_gentm.c:63:\nIn file included from /usr/local/opt/openssl@3/include/openssl/types.hthird_party/boringssl/include/openssl/mem.h::6050:31::\n notethird_party/boringssl/include/openssl/base.h: :previous definition is here213\n:31: error: typedef struct asn1_string_st ASN1_T61STRING;redefinition of typedef 'ASN1_GENERALSTRING' is a C11 feature [-Werror,-Wtypedef-redefinition]\n\n                              ^\ntypedef struct asn1_string_st ASN1_GENERALSTRING;fatal error\n:                               ^too many errors emitted, stopping now [-ferror-limit=]\n\n/usr/local/opt/openssl@3/include/openssl/types.h:52:31: note: previous definition is here\ntypedef struct asn1_string_st ASN1_GENERALSTRING;\n                              ^\nIn file included from third_party/boringssl/crypto/asn1/a_gentm.c:63:\nIn file included from third_party/boringssl/include/openssl/mem.h:60:\nthird_party/boringssl/include/openssl/base.h:214:31: error: redefinition of typedef 'ASN1_IA5STRING' is a C11 feature [-Werror,-Wtypedef-redefinition]\ntypedef struct asn1_string_st ASN1_IA5STRING;\n                              ^\n/usr/local/opt/openssl@3/include/openssl/types.h:51:31: note: previous definition is here\ntypedef struct asn1_string_st ASN1_IA5STRING;\n                              ^\nIn file included from third_party/boringssl/crypto/asn1/a_gentm.c:63:\nIn file included from third_party/boringssl/include/openssl/mem.h:60:\nthird_party/boringssl/include/openssl/base.h:215:31: error: redefinition of typedef 'ASN1_INTEGER' is a C11 feature [-Werror,-Wtypedef-redefinition]\ntypedef struct asn1_string_st ASN1_INTEGER;\n                              ^\n/usr/local/opt/openssl@3/include/openssl/types.h:45:31: note: previous definition is here\ntypedef struct asn1_string_st ASN1_INTEGER;\n                              ^\nIn file included from third_party/boringssl/crypto/asn1/a_gentm.c:63:\nIn file included from third_party/boringssl/include/openssl/mem.h:60:\nthird_party/boringssl/include/openssl/base.h:216:31: error: redefinition of typedef 'ASN1_OCTET_STRING' is a C11 feature [-Werror,-Wtypedef-redefinition]\nmake: *** [/Users/runner/actions-runner/_work/python.build/python.build/build_grpcio191311/grpcio-1.9.1/objs/opt/third_party/boringssl/crypto/asn1/a_bool.o] Error 1typedef struct asn1_string_st ASN1_OCTET_STRING;\n\n                              ^\n/usr/local/opt/openssl@3/include/openssl/types.h:48:31: note: previous definition is here\ntypedef struct asn1_string_st ASN1_OCTET_STRING;\n                              ^\nIn file included from third_party/boringssl/crypto/asn1/a_gentm.c:63:\nIn file included from third_party/boringssl/include/openssl/mem.h:60:\nthird_party/boringssl/include/openssl/base.h:217:31: error: redefinition of typedef 'ASN1_PRINTABLESTRING' is a C11 feature [-Werror,-Wtypedef-redefinition]\ntypedef struct asn1_string_st ASN1_PRINTABLESTRING;\n                              ^\n/usr/local/opt/openssl@3/include/openssl/types.h:49:31: note: previous definition is here\ntypedef struct asn1_string_st ASN1_PRINTABLESTRING;\n                              ^\nIn file included from third_party/boringssl/crypto/asn1/a_gentm.c:63:\nIn file included from third_party/boringssl/include/openssl/mem.h:60:\nthird_party/boringssl/include/openssl/base.h:218:31: error: redefinition of typedef 'ASN1_STRING' is a C11 feature [-Werror,-Wtypedef-redefinition]\ntypedef struct asn1_string_st ASN1_STRING;\n                              ^\n/usr/local/opt/openssl@3/include/openssl/types.h:60:31: note: previous definition is here\ntypedef struct asn1_string_st ASN1_STRING;\n                              ^\nIn file included from third_party/boringssl/crypto/asn1/a_gentm.c:63:\nIn file included from third_party/boringssl/include/openssl/mem.h:60:\nthird_party/boringssl/include/openssl/base.h:219:31: error: redefinition of typedef 'ASN1_T61STRING' is a C11 feature [-Werror,-Wtypedef-redefinition]\ntypedef struct asn1_string_st ASN1_T61STRING;\n                              ^\n/usr/local/opt/openssl@3/include/openssl/types.h:50:31: note: previous definition is here\ntypedef struct asn1_string_st ASN1_T61STRING;\n                              ^\nfatal error: too many errors emitted, stopping now [-ferror-limit=]\n20 errors generated.\n20 errors generated.\nmake: *** [/Users/runner/actions-runner/_work/python.build/python.build/build_grpcio191311/grpcio-1.9.1/objs/opt/third_party/boringssl/crypto/asn1/a_mbstr.o] Error 1\nmake: *** [/Users/runner/actions-runner/_work/python.build/python.build/build_grpcio191311/grpcio-1.9.1/objs/opt/third_party/boringssl/crypto/asn1/a_dup.o] Error 1\n20 errors generated.\nmake: *** [/Users/runner/actions-runner/_work/python.build/python.build/build_grpcio191311/grpcio-1.9.1/objs/opt/third_party/boringssl/crypto/asn1/a_i2d_fp.o] Error 1\nmake: *** [/Users/runner/actions-runner/_work/python.build/python.build/build_grpcio191311/grpcio-1.9.1/objs/opt/third_party/boringssl/crypto/asn1/a_enum.o] Error 1\nmake: *** [/Users/runner/actions-runner/_work/python.build/python.build/build_grpcio191311/grpcio-1.9.1/objs/opt/third_party/boringssl/crypto/asn1/a_gentm.o] Error 1\nIn file included from third_party/boringssl/crypto/asn1/a_print.c:60:\nIn file included from third_party/boringssl/include/openssl/mem.h:60:\nthird_party/boringssl/include/openssl/base.h:133:9: error: 'OPENSSL_VERSION_NUMBER' macro redefined [-Werror,-Wmacro-redefined]\n#define OPENSSL_VERSION_NUMBER 0x100020af\n        ^\n/usr/local/opt/openssl@3/include/openssl/opensslv.h:99:10: note: previous definition is here\n# define OPENSSL_VERSION_NUMBER          \\\n         ^\nIn file included from third_party/boringssl/crypto/asn1/a_print.c:60:\nIn file included from third_party/boringssl/include/openssl/mem.h:60:\nthird_party/boringssl/include/openssl/base.h:168:9: error: 'OPENSSL_EXPORT' macro redefined [-Werror,-Wmacro-redefined]\n#define OPENSSL_EXPORT\n        ^\n/usr/local/opt/openssl@3/include/openssl/e_os2.h:183:11: note: previous definition is here\n#  define OPENSSL_EXPORT extern\n          ^\nIn file included from third_party/boringssl/crypto/asn1/a_print.c:60:\nIn file included from third_party/boringssl/include/openssl/mem.h:60:\nthird_party/boringssl/include/openssl/base.h:202:13: error: typedef redefinition with different types ('int' vs 'struct crypto_threadid_st')\ntypedef int CRYPTO_THREADID;\n            ^\n/usr/local/opt/openssl@3/include/openssl/crypto.h:308:3: note: previous definition is here\n} CRYPTO_THREADID;\n  ^\nIn file included from third_party/boringssl/crypto/asn1/a_print.c:60:\nIn file included from third_party/boringssl/include/openssl/mem.h:60:\nthird_party/boringssl/include/openssl/base.h:204:13: error: redefinition of typedef 'ASN1_BOOLEAN' is a C11 feature [-Werror,-Wtypedef-redefinition]\ntypedef int ASN1_BOOLEAN;\n            ^\n/usr/local/opt/openssl@3/include/openssl/types.h:61:13: note: previous definition is here\ntypedef int ASN1_BOOLEAN;\n            ^\nIn file included from third_party/boringssl/crypto/asn1/a_print.c:60:\nIn file included from third_party/boringssl/include/openssl/mem.h:60:\nthird_party/boringssl/include/openssl/base.h:205:13: error: redefinition of typedef 'ASN1_NULL' is a C11 feature [-Werror,-Wtypedef-redefinition]\ntypedef int ASN1_NULL;\n            ^\n/usr/local/opt/openssl@3/include/openssl/types.h:62:13: note: previous definition is here\ntypedef int ASN1_NULL;\n            ^\nIn file included from third_party/boringssl/crypto/asn1/a_print.c:60:\nIn file included from third_party/boringssl/include/openssl/mem.h:60:\nthird_party/boringssl/include/openssl/base.h:206:29: error: redefinition of typedef 'ASN1_ITEM' is a C11 feature [-Werror,-Wtypedef-redefinition]\ntypedef struct ASN1_ITEM_st ASN1_ITEM;\n                            ^\n/usr/local/opt/openssl@3/include/openssl/types.h:69:29: note: previous definition is here\ntypedef struct ASN1_ITEM_st ASN1_ITEM;\n                            ^\nIn file included from third_party/boringssl/crypto/asn1/a_print.c:60:\nIn file included from third_party/boringssl/include/openssl/mem.h:60:\nthird_party/boringssl/include/openssl/base.h:207:31: error: redefinition of typedef 'ASN1_OBJECT' is a C11 feature [-Werror,-Wtypedef-redefinition]\ntypedef struct asn1_object_st ASN1_OBJECT;\n                              ^\n/usr/local/opt/openssl@3/include/openssl/types.h:66:31: note: previous definition is here\ntypedef struct asn1_object_st ASN1_OBJECT;\n                              ^\nIn file included from third_party/boringssl/crypto/asn1/a_print.c:60:\nIn file included from third_party/boringssl/include/openssl/mem.h:60:\nthird_party/boringssl/include/openssl/base.h:208:29: error: redefinition of typedef 'ASN1_PCTX' is a C11 feature [-Werror,-Wtypedef-redefinition]\ntypedef struct asn1_pctx_st ASN1_PCTX;\n                            ^\n/usr/local/opt/openssl@3/include/openssl/types.h:70:29: note: previous definition is here\ntypedef struct asn1_pctx_st ASN1_PCTX;\n                            ^\nIn file included from third_party/boringssl/crypto/asn1/a_print.c:60:\nIn file included from third_party/boringssl/include/openssl/mem.h:60:\nthird_party/boringssl/include/openssl/base.h:209:31: error: redefinition of typedef 'ASN1_BIT_STRING' is a C11 feature [-Werror,-Wtypedef-redefinition]\ntypedef struct asn1_string_st ASN1_BIT_STRING;\n                              ^\n/usr/local/opt/openssl@3/include/openssl/types.h:47:31: note: previous definition is here\ntypedef struct asn1_string_st ASN1_BIT_STRING;\n                              ^\nIn file included from third_party/boringssl/crypto/asn1/a_print.c:60:\nIn file included from third_party/boringssl/include/openssl/mem.h:60:\nthird_party/boringssl/include/openssl/base.h:210:31: error: redefinition of typedef 'ASN1_BMPSTRING' is a C11 feature [-Werror,-Wtypedef-redefinition]\ntypedef struct asn1_string_st ASN1_BMPSTRING;\n                              ^\n/usr/local/opt/openssl@3/include/openssl/types.h:54:31: note: previous definition is here\ntypedef struct asn1_string_st ASN1_BMPSTRING;\n                              ^\nIn file included from third_party/boringssl/crypto/asn1/a_print.c:60:\nIn file included from third_party/boringssl/include/openssl/mem.h:60:\nthird_party/boringssl/include/openssl/base.h:211:31: error: redefinition of typedef 'ASN1_ENUMERATED' is a C11 feature [-Werror,-Wtypedef-redefinition]\ntypedef struct asn1_string_st ASN1_ENUMERATED;\n                              ^\n/usr/local/opt/openssl@3/include/openssl/types.h:46:31: note: previous definition is here\ntypedef struct asn1_string_st ASN1_ENUMERATED;\n                              ^\nIn file included from third_party/boringssl/crypto/asn1/a_print.c:60:\nIn file included from third_party/boringssl/include/openssl/mem.h:60:\nthird_party/boringssl/include/openssl/base.h:212:31: error: redefinition of typedef 'ASN1_GENERALIZEDTIME' is a C11 feature [-Werror,-Wtypedef-redefinition]\ntypedef struct asn1_string_st ASN1_GENERALIZEDTIME;\n                              ^\n/usr/local/opt/openssl@3/include/openssl/types.h:57:31: note: previous definition is here\ntypedef struct asn1_string_st ASN1_GENERALIZEDTIME;\n                              ^\nIn file included from third_party/boringssl/crypto/asn1/a_print.c:60:\nIn file included from third_party/boringssl/include/openssl/mem.h:60:\nthird_party/boringssl/include/openssl/base.h:213:31: error: redefinition of typedef 'ASN1_GENERALSTRING' is a C11 feature [-Werror,-Wtypedef-redefinition]\ntypedef struct asn1_string_st ASN1_GENERALSTRING;\n                              ^\n/usr/local/opt/openssl@3/include/openssl/types.h:52:31: note: previous definition is here\ntypedef struct asn1_string_st ASN1_GENERALSTRING;\n                              ^\nIn file included from third_party/boringssl/crypto/asn1/a_print.c:60:\nIn file included from third_party/boringssl/include/openssl/mem.h:60:\nthird_party/boringssl/include/openssl/base.h:214:31: error: redefinition of typedef 'ASN1_IA5STRING' is a C11 feature [-Werror,-Wtypedef-redefinition]\ntypedef struct asn1_string_st ASN1_IA5STRING;\n                              ^\n/usr/local/opt/openssl@3/include/openssl/types.h:51:31: note: previous definition is here\ntypedef struct asn1_string_st ASN1_IA5STRING;\n                              ^\nIn file included from third_party/boringssl/crypto/asn1/a_print.c:60:\nIn file included from third_party/boringssl/include/openssl/mem.h:60:\nthird_party/boringssl/include/openssl/base.h:215:31: error: redefinition of typedef 'ASN1_INTEGER' is a C11 feature [-Werror,-Wtypedef-redefinition]\ntypedef struct asn1_string_st ASN1_INTEGER;\n                              ^\n/usr/local/opt/openssl@3/include/openssl/types.h:45:31: note: previous definition is here\ntypedef struct asn1_string_st ASN1_INTEGER;\n                              ^\nIn file included from third_party/boringssl/crypto/asn1/a_print.c:60:\nIn file included from third_party/boringssl/include/openssl/mem.h:60:\nthird_party/boringssl/include/openssl/base.h:216:31: error: redefinition of typedef 'ASN1_OCTET_STRING' is a C11 feature [-Werror,-Wtypedef-redefinition]\ntypedef struct asn1_string_st ASN1_OCTET_STRING;\n                              ^\n/usr/local/opt/openssl@3/include/openssl/types.h:48:31: note: previous definition is here\ntypedef struct asn1_string_st ASN1_OCTET_STRING;\n                              ^\nIn file included from third_party/boringssl/crypto/asn1/a_print.c:60:\nIn file included from third_party/boringssl/include/openssl/mem.h:60:\nthird_party/boringssl/include/openssl/base.h:217:31: error: redefinition of typedef 'ASN1_PRINTABLESTRING' is a C11 feature [-Werror,-Wtypedef-redefinition]\ntypedef struct asn1_string_st ASN1_PRINTABLESTRING;\n                              ^\n/usr/local/opt/openssl@3/include/openssl/types.h:49:31: note: previous definition is here\ntypedef struct asn1_string_st ASN1_PRINTABLESTRING;\n                              ^\nIn file included from third_party/boringssl/crypto/asn1/a_print.c:60:\nIn file included from third_party/boringssl/include/openssl/mem.h:60:\nthird_party/boringssl/include/openssl/base.h:218:31: error: redefinition of typedef 'ASN1_STRING' is a C11 feature [-Werror,-Wtypedef-redefinition]\ntypedef struct asn1_string_st ASN1_STRING;\n                              ^\n/usr/local/opt/openssl@3/include/openssl/types.h:60:31: note: previous definition is here\ntypedef struct asn1_string_st ASN1_STRING;\n                              ^\nIn file included from third_party/boringssl/crypto/asn1/a_print.c:60:\nIn file included from third_party/boringssl/include/openssl/mem.h:60:\nthird_party/boringssl/include/openssl/base.h:219:31: error: redefinition of typedef 'ASN1_T61STRING' is a C11 feature [-Werror,-Wtypedef-redefinition]\ntypedef struct asn1_string_st ASN1_T61STRING;\n                              ^\n/usr/local/opt/openssl@3/include/openssl/types.h:50:31: note: previous definition is here\ntypedef struct asn1_string_st ASN1_T61STRING;\n                              ^\nfatal error: too many errors emitted, stopping now [-ferror-limit=]\n20 errors generated.\nmake: *** [/Users/runner/actions-runner/_work/python.build/python.build/build_grpcio191311/grpcio-1.9.1/objs/opt/third_party/boringssl/crypto/asn1/a_print.o] Error 1\nIn file included from third_party/boringssl/crypto/asn1/a_strnid.c:63:\nIn file included from third_party/boringssl/include/openssl/mem.h:60:\nthird_party/boringssl/include/openssl/base.h:133:9: error: 'OPENSSL_VERSION_NUMBER' macro redefined [-Werror,-Wmacro-redefined]\n#define OPENSSL_VERSION_NUMBER 0x100020af\n        ^\n/usr/local/opt/openssl@3/include/openssl/opensslv.h:99:10: note: previous definition is here\n# define OPENSSL_VERSION_NUMBER          \\\n         ^\nIn file included from third_party/boringssl/crypto/asn1/a_strnid.c:63:\nIn file included from third_party/boringssl/include/openssl/mem.h:60:\nthird_party/boringssl/include/openssl/base.h:168:9: error: 'OPENSSL_EXPORT' macro redefined [-Werror,-Wmacro-redefined]\n#define OPENSSL_EXPORT\n        ^\n/usr/local/opt/openssl@3/include/openssl/e_os2.h:183:11: note: previous definition is here\n#  define OPENSSL_EXPORT extern\n          ^\nIn file included from third_party/boringssl/crypto/asn1/a_strnid.c:63:\nIn file included from third_party/boringssl/include/openssl/mem.h:60:\nthird_party/boringssl/include/openssl/base.h:202:13: error: typedef redefinition with different types ('int' vs 'struct crypto_threadid_st')\ntypedef int CRYPTO_THREADID;\n            ^\n/usr/local/opt/openssl@3/include/openssl/crypto.h:308:3: note: previous definition is here\n} CRYPTO_THREADID;\n  ^\nIn file included from third_party/boringssl/crypto/asn1/a_strnid.c:63:\nIn file included from third_party/boringssl/include/openssl/mem.h:60:\nthird_party/boringssl/include/openssl/base.h:204:13: error: redefinition of typedef 'ASN1_BOOLEAN' is a C11 feature [-Werror,-Wtypedef-redefinition]\ntypedef int ASN1_BOOLEAN;\n            ^\n/usr/local/opt/openssl@3/include/openssl/types.h:61:13: note: previous definition is here\ntypedef int ASN1_BOOLEAN;\n            ^\nIn file included from third_party/boringssl/crypto/asn1/a_strnid.c:63:\nIn file included from third_party/boringssl/include/openssl/mem.h:60:\nthird_party/boringssl/include/openssl/base.h:205:13: error: redefinition of typedef 'ASN1_NULL' is a C11 feature [-Werror,-Wtypedef-redefinition]\ntypedef int ASN1_NULL;\n            ^\n/usr/local/opt/openssl@3/include/openssl/types.h:62:13: note: previous definition is here\ntypedef int ASN1_NULL;\n            ^\nIn file included from third_party/boringssl/crypto/asn1/a_strnid.c:63:\nIn file included from third_party/boringssl/include/openssl/mem.h:60:\nthird_party/boringssl/include/openssl/base.h:206:29: error: redefinition of typedef 'ASN1_ITEM' is a C11 feature [-Werror,-Wtypedef-redefinition]\ntypedef struct ASN1_ITEM_st ASN1_ITEM;\n                            ^\n/usr/local/opt/openssl@3/include/openssl/types.h:69:29: note: previous definition is here\ntypedef struct ASN1_ITEM_st ASN1_ITEM;\n                            ^\nIn file included from third_party/boringssl/crypto/asn1/a_strnid.c:63:\nIn file included from third_party/boringssl/include/openssl/mem.h:60:\nthird_party/boringssl/include/openssl/base.h:207:31: error: redefinition of typedef 'ASN1_OBJECT' is a C11 feature [-Werror,-Wtypedef-redefinition]\ntypedef struct asn1_object_st ASN1_OBJECT;\n                              ^\n/usr/local/opt/openssl@3/include/openssl/types.h:66:31: note: previous definition is here\ntypedef struct asn1_object_st ASN1_OBJECT;\n                              ^\nIn file included from third_party/boringssl/crypto/asn1/a_strnid.c:63:\nIn file included from third_party/boringssl/include/openssl/mem.h:60:\nthird_party/boringssl/include/openssl/base.h:208:29: error: redefinition of typedef 'ASN1_PCTX' is a C11 feature [-Werror,-Wtypedef-redefinition]\ntypedef struct asn1_pctx_st ASN1_PCTX;\n                            ^\n/usr/local/opt/openssl@3/include/openssl/types.h:70:29: note: previous definition is here\ntypedef struct asn1_pctx_st ASN1_PCTX;\n                            ^\nIn file included from third_party/boringssl/crypto/asn1/a_strnid.c:63:\nIn file included from third_party/boringssl/include/openssl/mem.h:60:\nthird_party/boringssl/include/openssl/base.h:209:31: error: redefinition of typedef 'ASN1_BIT_STRING' is a C11 feature [-Werror,-Wtypedef-redefinition]\ntypedef struct asn1_string_st ASN1_BIT_STRING;\n                              ^\n/usr/local/opt/openssl@3/include/openssl/types.h:47:31: note: previous definition is here\ntypedef struct asn1_string_st ASN1_BIT_STRING;\n                              ^\nIn file included from third_party/boringssl/crypto/asn1/a_strnid.c:63:\nIn file included from third_party/boringssl/include/openssl/mem.h:60:\nthird_party/boringssl/include/openssl/base.h:210:31: error: redefinition of typedef 'ASN1_BMPSTRING' is a C11 feature [-Werror,-Wtypedef-redefinition]\ntypedef struct asn1_string_st ASN1_BMPSTRING;\n                              ^\n/usr/local/opt/openssl@3/include/openssl/types.h:54:31: note: previous definition is here\ntypedef struct asn1_string_st ASN1_BMPSTRING;\n                              ^\nIn file included from third_party/boringssl/crypto/asn1/a_strnid.c:63:\nIn file included from third_party/boringssl/include/openssl/mem.h:60:\nthird_party/boringssl/include/openssl/base.h:211:31: error: redefinition of typedef 'ASN1_ENUMERATED' is a C11 feature [-Werror,-Wtypedef-redefinition]\ntypedef struct asn1_string_st ASN1_ENUMERATED;\n                              ^\n/usr/local/opt/openssl@3/include/openssl/types.h:46:31: note: previous definition is here\ntypedef struct asn1_string_st ASN1_ENUMERATED;\n                              ^\nIn file included from third_party/boringssl/crypto/asn1/a_strnid.c:63:\nIn file included from third_party/boringssl/include/openssl/mem.h:60:\nthird_party/boringssl/include/openssl/base.h:212:31: error: redefinition of typedef 'ASN1_GENERALIZEDTIME' is a C11 feature [-Werror,-Wtypedef-redefinition]\ntypedef struct asn1_string_st ASN1_GENERALIZEDTIME;\n                              ^\n/usr/local/opt/openssl@3/include/openssl/types.h:57:31: note: previous definition is here\ntypedef struct asn1_string_st ASN1_GENERALIZEDTIME;\n                              ^\nIn file included from third_party/boringssl/crypto/asn1/a_strnid.c:63:\nIn file included from third_party/boringssl/include/openssl/mem.h:60:\nthird_party/boringssl/include/openssl/base.h:213:31: error: redefinition of typedef 'ASN1_GENERALSTRING' is a C11 feature [-Werror,-Wtypedef-redefinition]\ntypedef struct asn1_string_st ASN1_GENERALSTRING;\n                              ^\n/usr/local/opt/openssl@3/include/openssl/types.h:52:31: note: previous definition is here\ntypedef struct asn1_string_st ASN1_GENERALSTRING;\n                              ^\nIn file included from third_party/boringssl/crypto/asn1/a_strnid.c:63:\nIn file included from third_party/boringssl/include/openssl/mem.h:60:\nthird_party/boringssl/include/openssl/base.h:214:31: error: redefinition of typedef 'ASN1_IA5STRING' is a C11 feature [-Werror,-Wtypedef-redefinition]\ntypedef struct asn1_string_st ASN1_IA5STRING;\n                              ^\n/usr/local/opt/openssl@3/include/openssl/types.h:51:31: note: previous definition is here\ntypedef struct asn1_string_st ASN1_IA5STRING;\n                              ^\nIn file included from third_party/boringssl/crypto/asn1/a_strnid.c:63:\nIn file included from third_party/boringssl/include/openssl/mem.h:60:\nthird_party/boringssl/include/openssl/base.h:215:31: error: redefinition of typedef 'ASN1_INTEGER' is a C11 feature [-Werror,-Wtypedef-redefinition]\ntypedef struct asn1_string_st ASN1_INTEGER;\n                              ^\n/usr/local/opt/openssl@3/include/openssl/types.h:45:31: note: previous definition is here\ntypedef struct asn1_string_st ASN1_INTEGER;\n                              ^\nIn file included from third_party/boringssl/crypto/asn1/a_strnid.c:63:\nIn file included from third_party/boringssl/include/openssl/mem.h:60:\nthird_party/boringssl/include/openssl/base.h:216:31: error: redefinition of typedef 'ASN1_OCTET_STRING' is a C11 feature [-Werror,-Wtypedef-redefinition]\ntypedef struct asn1_string_st ASN1_OCTET_STRING;\n                              ^\n/usr/local/opt/openssl@3/include/openssl/types.h:48:31: note: previous definition is here\ntypedef struct asn1_string_st ASN1_OCTET_STRING;\n                              ^\nIn file included from third_party/boringssl/crypto/asn1/a_strnid.c:63:\nIn file included from third_party/boringssl/include/openssl/mem.h:60:\nthird_party/boringssl/include/openssl/base.h:217:31: error: redefinition of typedef 'ASN1_PRINTABLESTRING' is a C11 feature [-Werror,-Wtypedef-redefinition]\ntypedef struct asn1_string_st ASN1_PRINTABLESTRING;\n                              ^\n/usr/local/opt/openssl@3/include/openssl/types.h:49:31: note: previous definition is here\ntypedef struct asn1_string_st ASN1_PRINTABLESTRING;\n                              ^\nIn file included from third_party/boringssl/crypto/asn1/a_strnid.c:63:\nIn file included from third_party/boringssl/include/openssl/mem.h:60:\nthird_party/boringssl/include/openssl/base.h:218:31: error: redefinition of typedef 'ASN1_STRING' is a C11 feature [-Werror,-Wtypedef-redefinition]\ntypedef struct asn1_string_st ASN1_STRING;\n                              ^\n/usr/local/opt/openssl@3/include/openssl/types.h:60:31: note: previous definition is here\ntypedef struct asn1_string_st ASN1_STRING;\n                              ^\nIn file included from third_party/boringssl/crypto/asn1/a_strnid.c:63:\nIn file included from third_party/boringssl/include/openssl/mem.h:60:\nthird_party/boringssl/include/openssl/base.h:219:31: error: redefinition of typedef 'ASN1_T61STRING' is a C11 feature [-Werror,-Wtypedef-redefinition]\ntypedef struct asn1_string_st ASN1_T61STRING;\n                              ^\n/usr/local/opt/openssl@3/include/openssl/types.h:50:31: note: previous definition is here\ntypedef struct asn1_string_st ASN1_T61STRING;\n                              ^\nfatal error: too many errors emitted, stopping now [-ferror-limit=]\n20 errors generated.\nIn file included from third_party/boringssl/crypto/asn1/a_time.c:63:\nIn file included from third_party/boringssl/include/openssl/buf.h:60:\nthird_party/boringssl/include/openssl/base.h:133:9: error: 'OPENSSL_VERSION_NUMBER' macro redefined [-Werror,-Wmacro-redefined]\n#define OPENSSL_VERSION_NUMBER 0x100020af\n        ^\n/usr/local/opt/openssl@3/include/openssl/opensslv.h:99:10: note: previous definition is here\n# define OPENSSL_VERSION_NUMBER          \\\n         ^\nIn file included from third_party/boringssl/crypto/asn1/a_time.c:63:\nIn file included from third_party/boringssl/include/openssl/buf.h:60:\nthird_party/boringssl/include/openssl/base.h:168:9: error: 'OPENSSL_EXPORT' macro redefined [-Werror,-Wmacro-redefined]\n#define OPENSSL_EXPORT\n        ^\n/usr/local/opt/openssl@3/include/openssl/e_os2.h:183:11: note: previous definition is here\n#  define OPENSSL_EXPORT extern\n          ^\nmake: *** [/Users/runner/actions-runner/_work/python.build/python.build/build_grpcio191311/grpcio-1.9.1/objs/opt/third_party/boringssl/crypto/asn1/a_strnid.o] Error 1\nIn file included from third_party/boringssl/crypto/asn1/a_time.c:63:\nIn file included from third_party/boringssl/include/openssl/buf.h:60:\nthird_party/boringssl/include/openssl/base.h:202:13: error: typedef redefinition with different types ('int' vs 'struct crypto_threadid_st')\ntypedef int CRYPTO_THREADID;\n            ^\n/usr/local/opt/openssl@3/include/openssl/crypto.h:308:3: note: previous definition is here\n} CRYPTO_THREADID;\n  ^\nIn file included from third_party/boringssl/crypto/asn1/a_time.c:63:\nIn file included from third_party/boringssl/include/openssl/buf.h:60:\nthird_party/boringssl/include/openssl/base.h:204:13: error: redefinition of typedef 'ASN1_BOOLEAN' is a C11 feature [-Werror,-Wtypedef-redefinition]\ntypedef int ASN1_BOOLEAN;\n            ^\n/usr/local/opt/openssl@3/include/openssl/types.h:61:13: note: previous definition is here\ntypedef int ASN1_BOOLEAN;\n            ^\nIn file included from third_party/boringssl/crypto/asn1/a_time.c:63:\nIn file included from third_party/boringssl/include/openssl/buf.h:60:\nthird_party/boringssl/include/openssl/base.h:205:13: error: redefinition of typedef 'ASN1_NULL' is a C11 feature [-Werror,-Wtypedef-redefinition]\ntypedef int ASN1_NULL;\n            ^\n/usr/local/opt/openssl@3/include/openssl/types.h:62:13: note: previous definition is here\ntypedef int ASN1_NULL;\n            ^\nIn file included from third_party/boringssl/crypto/asn1/a_time.c:63:\nIn file included from third_party/boringssl/include/openssl/buf.h:60:\nthird_party/boringssl/include/openssl/base.h:206:29: error: redefinition of typedef 'ASN1_ITEM' is a C11 feature [-Werror,-Wtypedef-redefinition]\ntypedef struct ASN1_ITEM_st ASN1_ITEM;\n                            ^\n/usr/local/opt/openssl@3/include/openssl/types.h:69:29: note: previous definition is here\ntypedef struct ASN1_ITEM_st ASN1_ITEM;\n                            ^\nIn file included from third_party/boringssl/crypto/asn1/a_time.c:63:\nIn file included from third_party/boringssl/include/openssl/buf.h:60:\nthird_party/boringssl/include/openssl/base.h:207:31: error: redefinition of typedef 'ASN1_OBJECT' is a C11 feature [-Werror,-Wtypedef-redefinition]\ntypedef struct asn1_object_st ASN1_OBJECT;\n                              ^\n/usr/local/opt/openssl@3/include/openssl/types.h:66:31: note: previous definition is here\ntypedef struct asn1_object_st ASN1_OBJECT;\n                              ^\nIn file included from third_party/boringssl/crypto/asn1/a_time.c:63:\nIn file included from third_party/boringssl/include/openssl/buf.h:60:\nthird_party/boringssl/include/openssl/base.h:208:29: error: redefinition of typedef 'ASN1_PCTX' is a C11 feature [-Werror,-Wtypedef-redefinition]\ntypedef struct asn1_pctx_st ASN1_PCTX;\n                            ^\n/usr/local/opt/openssl@3/include/openssl/types.h:70:29: note: previous definition is here\ntypedef struct asn1_pctx_st ASN1_PCTX;\n                            ^\nIn file included from third_party/boringssl/crypto/asn1/a_time.c:63:\nIn file included from third_party/boringssl/include/openssl/buf.h:60:\nthird_party/boringssl/include/openssl/base.h:209:31: error: redefinition of typedef 'ASN1_BIT_STRING' is a C11 feature [-Werror,-Wtypedef-redefinition]\ntypedef struct asn1_string_st ASN1_BIT_STRING;\n                              ^\n/usr/local/opt/openssl@3/include/openssl/types.h:47:31: note: previous definition is here\ntypedef struct asn1_string_st ASN1_BIT_STRING;\n                              ^\nIn file included from third_party/boringssl/crypto/asn1/a_time.c:63:\nIn file included from third_party/boringssl/include/openssl/buf.h:60:\nthird_party/boringssl/include/openssl/base.h:210:31: error: redefinition of typedef 'ASN1_BMPSTRING' is a C11 feature [-Werror,-Wtypedef-redefinition]\ntypedef struct asn1_string_st ASN1_BMPSTRING;\n                              ^\n/usr/local/opt/openssl@3/include/openssl/types.h:54:31: note: previous definition is here\ntypedef struct asn1_string_st ASN1_BMPSTRING;\n                              ^\nIn file included from third_party/boringssl/crypto/asn1/a_time.c:63:\nIn file included from third_party/boringssl/include/openssl/buf.h:60:\nthird_party/boringssl/include/openssl/base.h:211:31: error: redefinition of typedef 'ASN1_ENUMERATED' is a C11 feature [-Werror,-Wtypedef-redefinition]\ntypedef struct asn1_string_st ASN1_ENUMERATED;\n                              ^\n/usr/local/opt/openssl@3/include/openssl/types.h:46:31: note: previous definition is here\ntypedef struct asn1_string_st ASN1_ENUMERATED;\n                              ^\nIn file included from third_party/boringssl/crypto/asn1/a_time.c:63:\nIn file included from third_party/boringssl/include/openssl/buf.h:60:\nthird_party/boringssl/include/openssl/base.h:212:31: error: redefinition of typedef 'ASN1_GENERALIZEDTIME' is a C11 feature [-Werror,-Wtypedef-redefinition]\ntypedef struct asn1_string_st ASN1_GENERALIZEDTIME;\n                              ^\n/usr/local/opt/openssl@3/include/openssl/types.h:57:31: note: previous definition is here\ntypedef struct asn1_string_st ASN1_GENERALIZEDTIME;\n                              ^\nIn file included from third_party/boringssl/crypto/asn1/a_time.c:63:\nIn file included from third_party/boringssl/include/openssl/buf.h:60:\nthird_party/boringssl/include/openssl/base.h:213:31: error: redefinition of typedef 'ASN1_GENERALSTRING' is a C11 feature [-Werror,-Wtypedef-redefinition]\ntypedef struct asn1_string_st ASN1_GENERALSTRING;\n                              ^\n/usr/local/opt/openssl@3/include/openssl/types.h:52:31: note: previous definition is here\ntypedef struct asn1_string_st ASN1_GENERALSTRING;\n                              ^\nIn file included from third_party/boringssl/crypto/asn1/a_time.c:63:\nIn file included from third_party/boringssl/include/openssl/buf.h:60:\nthird_party/boringssl/include/openssl/base.h:214:31: error: redefinition of typedef 'ASN1_IA5STRING' is a C11 feature [-Werror,-Wtypedef-redefinition]\ntypedef struct asn1_string_st ASN1_IA5STRING;\n                              ^\n/usr/local/opt/openssl@3/include/openssl/types.h:51:31: note: previous definition is here\ntypedef struct asn1_string_st ASN1_IA5STRING;\n                              ^\nIn file included from third_party/boringssl/crypto/asn1/a_time.c:63:\nIn file included from third_party/boringssl/include/openssl/buf.h:60:\nthird_party/boringssl/include/openssl/base.h:215:31: error: redefinition of typedef 'ASN1_INTEGER' is a C11 feature [-Werror,-Wtypedef-redefinition]\ntypedef struct asn1_string_st ASN1_INTEGER;\n                              ^\n/usr/local/opt/openssl@3/include/openssl/types.h:45:31: note: previous definition is here\ntypedef struct asn1_string_st ASN1_INTEGER;\n                              ^\nIn file included from third_party/boringssl/crypto/asn1/a_time.c:63:\nIn file included from third_party/boringssl/include/openssl/buf.h:60:\nthird_party/boringssl/include/openssl/base.h:216:31: error: redefinition of typedef 'ASN1_OCTET_STRING' is a C11 feature [-Werror,-Wtypedef-redefinition]\ntypedef struct asn1_string_st ASN1_OCTET_STRING;\n                              ^\n/usr/local/opt/openssl@3/include/openssl/types.h:48:31: note: previous definition is here\ntypedef struct asn1_string_st ASN1_OCTET_STRING;\n                              ^\nIn file included from third_party/boringssl/crypto/asn1/a_time.c:63:\nIn file included from third_party/boringssl/include/openssl/buf.h:60:\nthird_party/boringssl/include/openssl/base.h:217:31: error: redefinition of typedef 'ASN1_PRINTABLESTRING' is a C11 feature [-Werror,-Wtypedef-redefinition]\ntypedef struct asn1_string_st ASN1_PRINTABLESTRING;\n                              ^\n/usr/local/opt/openssl@3/include/openssl/types.h:49:31: note: previous definition is here\ntypedef struct asn1_string_st ASN1_PRINTABLESTRING;\n                              ^\nIn file included from third_party/boringssl/crypto/asn1/a_time.c:63:\nIn file included from third_party/boringssl/include/openssl/buf.h:60:\nthird_party/boringssl/include/openssl/base.h:218:31: error: redefinition of typedef 'ASN1_STRING' is a C11 feature [-Werror,-Wtypedef-redefinition]\ntypedef struct asn1_string_st ASN1_STRING;\n                              ^\n/usr/local/opt/openssl@3/include/openssl/types.h:60:31: note: previous definition is here\ntypedef struct asn1_string_st ASN1_STRING;\n                              ^\nIn file included from third_party/boringssl/crypto/asn1/a_time.c:63:\nIn file included from third_party/boringssl/include/openssl/buf.h:60:\nthird_party/boringssl/include/openssl/base.h:219:31: error: redefinition of typedef 'ASN1_T61STRING' is a C11 feature [-Werror,-Wtypedef-redefinition]\ntypedef struct asn1_string_st ASN1_T61STRING;\n                              ^\n/usr/local/opt/openssl@3/include/openssl/types.h:50:31: note: previous definition is here\ntypedef struct asn1_string_st ASN1_T61STRING;\n                              ^\nfatal error: too many errors emitted, stopping now [-ferror-limit=]\n20 errors generated.\nmake: *** [/Users/runner/actions-runner/_work/python.build/python.build/build_grpcio191311/grpcio-1.9.1/objs/opt/third_party/boringssl/crypto/asn1/a_time.o] Error 1\n"
2022-12-27T01:54:51.3515370Z   Traceback (most recent call last):
2022-12-27T01:54:51.3525310Z     File "<string>", line 2, in <module>
2022-12-27T01:54:51.3526050Z     File "<pip-setuptools-caller>", line 34, in <module>
2022-12-27T01:54:51.3526710Z     File "/Users/runner/actions-runner/_work/python.build/python.build/build_grpcio191311/grpcio-1.9.1/setup.py", line 294, in <module>
2022-12-27T01:54:51.3527150Z       setuptools.setup(
2022-12-27T01:54:51.3527800Z     File "/private/var/folders/51/hd414ycd67n82196sw51xqtc0000gn/T/cibw-run-6qgepxqd/cp311-macosx_arm64/build/venv/lib/python3.11/site-packages/setuptools/__init__.py", line 87, in setup
2022-12-27T01:54:51.3528260Z       return distutils.core.setup(**attrs)
2022-12-27T01:54:51.3528600Z              ^^^^^^^^^^^^^^^^^^^^^^^^^^^^^
2022-12-27T01:54:51.3529280Z     File "/private/var/folders/51/hd414ycd67n82196sw51xqtc0000gn/T/cibw-run-6qgepxqd/cp311-macosx_arm64/build/venv/lib/python3.11/site-packages/setuptools/_distutils/core.py", line 185, in setup
2022-12-27T01:54:51.3529720Z       return run_commands(dist)
2022-12-27T01:54:51.3529970Z              ^^^^^^^^^^^^^^^^^^
2022-12-27T01:54:51.3530770Z     File "/private/var/folders/51/hd414ycd67n82196sw51xqtc0000gn/T/cibw-run-6qgepxqd/cp311-macosx_arm64/build/venv/lib/python3.11/site-packages/setuptools/_distutils/core.py", line 201, in run_commands
2022-12-27T01:54:51.3531260Z       dist.run_commands()
2022-12-27T01:54:51.3532190Z     File "/private/var/folders/51/hd414ycd67n82196sw51xqtc0000gn/T/cibw-run-6qgepxqd/cp311-macosx_arm64/build/venv/lib/python3.11/site-packages/setuptools/_distutils/dist.py", line 969, in run_commands
2022-12-27T01:54:51.3532700Z       self.run_command(cmd)
2022-12-27T01:54:51.3533510Z     File "/private/var/folders/51/hd414ycd67n82196sw51xqtc0000gn/T/cibw-run-6qgepxqd/cp311-macosx_arm64/build/venv/lib/python3.11/site-packages/setuptools/dist.py", line 1208, in run_command
2022-12-27T01:54:51.3533940Z       super().run_command(command)
2022-12-27T01:54:51.3534630Z     File "/private/var/folders/51/hd414ycd67n82196sw51xqtc0000gn/T/cibw-run-6qgepxqd/cp311-macosx_arm64/build/venv/lib/python3.11/site-packages/setuptools/_distutils/dist.py", line 988, in run_command
2022-12-27T01:54:51.3535650Z       cmd_obj.run()
2022-12-27T01:54:51.3536390Z     File "/private/var/folders/51/hd414ycd67n82196sw51xqtc0000gn/T/cibw-run-6qgepxqd/cp311-macosx_arm64/build/venv/lib/python3.11/site-packages/wheel/bdist_wheel.py", line 325, in run
2022-12-27T01:54:51.3536850Z       self.run_command("build")
2022-12-27T01:54:51.3537570Z     File "/private/var/folders/51/hd414ycd67n82196sw51xqtc0000gn/T/cibw-run-6qgepxqd/cp311-macosx_arm64/build/venv/lib/python3.11/site-packages/setuptools/_distutils/cmd.py", line 318, in run_command
2022-12-27T01:54:51.3538080Z       self.distribution.run_command(command)
2022-12-27T01:54:51.3538780Z     File "/private/var/folders/51/hd414ycd67n82196sw51xqtc0000gn/T/cibw-run-6qgepxqd/cp311-macosx_arm64/build/venv/lib/python3.11/site-packages/setuptools/dist.py", line 1208, in run_command
2022-12-27T01:54:51.3539360Z       super().run_command(command)
2022-12-27T01:54:51.3540060Z     File "/private/var/folders/51/hd414ycd67n82196sw51xqtc0000gn/T/cibw-run-6qgepxqd/cp311-macosx_arm64/build/venv/lib/python3.11/site-packages/setuptools/_distutils/dist.py", line 988, in run_command
2022-12-27T01:54:51.3540470Z       cmd_obj.run()
2022-12-27T01:54:51.3541510Z     File "/private/var/folders/51/hd414ycd67n82196sw51xqtc0000gn/T/cibw-run-6qgepxqd/cp311-macosx_arm64/build/venv/lib/python3.11/site-packages/setuptools/_distutils/command/build.py", line 132, in run
2022-12-27T01:54:51.3542010Z       self.run_command(cmd_name)
2022-12-27T01:54:51.3542700Z     File "/private/var/folders/51/hd414ycd67n82196sw51xqtc0000gn/T/cibw-run-6qgepxqd/cp311-macosx_arm64/build/venv/lib/python3.11/site-packages/setuptools/_distutils/cmd.py", line 318, in run_command
2022-12-27T01:54:51.3543200Z       self.distribution.run_command(command)
2022-12-27T01:54:51.3543850Z     File "/private/var/folders/51/hd414ycd67n82196sw51xqtc0000gn/T/cibw-run-6qgepxqd/cp311-macosx_arm64/build/venv/lib/python3.11/site-packages/setuptools/dist.py", line 1208, in run_command
2022-12-27T01:54:51.3544320Z       super().run_command(command)
2022-12-27T01:54:51.3545040Z     File "/private/var/folders/51/hd414ycd67n82196sw51xqtc0000gn/T/cibw-run-6qgepxqd/cp311-macosx_arm64/build/venv/lib/python3.11/site-packages/setuptools/_distutils/dist.py", line 988, in run_command
2022-12-27T01:54:51.3545450Z       cmd_obj.run()
2022-12-27T01:54:51.3546110Z     File "/private/var/folders/51/hd414ycd67n82196sw51xqtc0000gn/T/cibw-run-6qgepxqd/cp311-macosx_arm64/build/venv/lib/python3.11/site-packages/setuptools/command/build_ext.py", line 84, in run
2022-12-27T01:54:51.3546530Z       _build_ext.run(self)
2022-12-27T01:54:51.3547230Z     File "/private/var/folders/51/hd414ycd67n82196sw51xqtc0000gn/T/cibw-run-6qgepxqd/cp311-macosx_arm64/build/venv/lib/python3.11/site-packages/Cython/Distutils/old_build_ext.py", line 186, in run
2022-12-27T01:54:51.3547660Z       _build_ext.build_ext.run(self)
2022-12-27T01:54:51.3548310Z     File "/private/var/folders/51/hd414ycd67n82196sw51xqtc0000gn/T/cibw-run-6qgepxqd/cp311-macosx_arm64/build/venv/lib/python3.11/site-packages/setuptools/_distutils/command/build_ext.py", line 346, in run
2022-12-27T01:54:51.3548800Z       self.build_extensions()
2022-12-27T01:54:51.3549600Z     File "/Users/runner/actions-runner/_work/python.build/python.build/build_grpcio191311/grpcio-1.9.1/src/python/grpcio/commands.py", line 278, in build_extensions
2022-12-27T01:54:51.3550070Z       raise Exception("make command failed!")
2022-12-27T01:54:51.3550410Z   Exception: make command failed!
2022-12-27T01:54:51.4085500Z   error: subprocess-exited-with-error
2022-12-27T01:54:51.4085810Z   
2022-12-27T01:54:51.4087570Z   Ã— python setup.py bdist_wheel did not run successfully.
2022-12-27T01:54:51.4088460Z   â”‚ exit code: 1
2022-12-27T01:54:51.4089040Z   â•°â”€> See above for output.
2022-12-27T01:54:51.4089580Z   
2022-12-27T01:54:51.4090250Z   note: This error originates from a subprocess, and is likely not a problem with pip.
2022-12-27T01:54:51.4105240Z   full command: /private/var/folders/51/hd414ycd67n82196sw51xqtc0000gn/T/cibw-run-6qgepxqd/cp311-macosx_arm64/build/venv/bin/python -u -c '
2022-12-27T01:54:51.4106200Z   exec(compile('"'"''"'"''"'"'
2022-12-27T01:54:51.4107040Z   # This is <pip-setuptools-caller> -- a caller that pip uses to run setup.py
2022-12-27T01:54:51.4110640Z   #
2022-12-27T01:54:51.4111560Z   # - It imports setuptools before invoking setup.py, to enable projects that directly
2022-12-27T01:54:51.4112570Z   #   import from `distutils.core` to work with newer packaging standards.
2022-12-27T01:54:51.4113470Z   # - It provides a clear error message when setuptools is not installed.
2022-12-27T01:54:51.4114040Z   # - It sets `sys.argv[0]` to the underlying `setup.py`, when invoking `setup.py` so
2022-12-27T01:54:51.4114570Z   #   setuptools doesn'"'"'t think the script is `-c`. This avoids the following warning:
2022-12-27T01:54:51.4115100Z   #     manifest_maker: standard file '"'"'-c'"'"' not found".
2022-12-27T01:54:51.4115630Z   # - It generates a shim setup.py, for handling setup.cfg-only projects.
2022-12-27T01:54:51.4116080Z   import os, sys, tokenize
2022-12-27T01:54:51.4116940Z   
2022-12-27T01:54:51.4117170Z   try:
2022-12-27T01:54:51.4117640Z       import setuptools
2022-12-27T01:54:51.4118610Z   except ImportError as error:
2022-12-27T01:54:51.4118870Z       print(
2022-12-27T01:54:51.4119260Z           "ERROR: Can not execute `setup.py` since setuptools is not available in "
2022-12-27T01:54:51.4119670Z           "the build environment.",
2022-12-27T01:54:51.4119950Z           file=sys.stderr,
2022-12-27T01:54:51.4120360Z       )
2022-12-27T01:54:51.4120650Z       sys.exit(1)
2022-12-27T01:54:51.4120880Z   
2022-12-27T01:54:51.4121190Z   __file__ = %r
2022-12-27T01:54:51.4121470Z   sys.argv[0] = __file__
2022-12-27T01:54:51.4121660Z   
2022-12-27T01:54:51.4122210Z   Building wheel for grpcio (setup.py): finished with status 'error'
2022-12-27T01:54:51.4122610Z   Running setup.py clean for grpcio
2022-12-27T01:54:51.4129230Z   if os.path.exists(__file__):
2022-12-27T01:54:51.4129990Z       filename = __file__
2022-12-27T01:54:51.4130620Z       with tokenize.open(__file__) as f:
2022-12-27T01:54:51.4131180Z           setup_py_code = f.read()
2022-12-27T01:54:51.4131760Z   else:
2022-12-27T01:54:51.4132650Z       filename = "<auto-generated setuptools caller>"
2022-12-27T01:54:51.4133300Z       setup_py_code = "from setuptools import setup; setup()"
2022-12-27T01:54:51.4133640Z   
2022-12-27T01:54:51.4134020Z   exec(compile(setup_py_code, filename, "exec"))
2022-12-27T01:54:51.4135090Z   '"'"''"'"''"'"' % ('"'"'/Users/runner/actions-runner/_work/python.build/python.build/build_grpcio191311/grpcio-1.9.1/setup.py'"'"',), "<pip-setuptools-caller>", "exec"))' bdist_wheel -d /private/var/folders/51/hd414ycd67n82196sw51xqtc0000gn/T/pip-wheel-apz5fxbt
2022-12-27T01:54:51.4135970Z   cwd: /Users/runner/actions-runner/_work/python.build/python.build/build_grpcio191311/grpcio-1.9.1/
2022-12-27T01:54:51.4136380Z   ERROR: Failed building wheel for grpcio
2022-12-27T01:54:51.4136730Z   Running command python setup.py clean
2022-12-27T01:54:52.0219320Z   running clean
2022-12-27T01:54:52.0239670Z   removing 'python_build/lib.macosx-11.0-arm64-cpython-311' (and everything under it)
2022-12-27T01:54:52.0301170Z   'python_build/bdist.macosx-11.0-arm64' does not exist -- can't clean it
2022-12-27T01:54:52.0307390Z   'python_build/scripts-3.11' does not exist -- can't clean it
2022-12-27T01:54:52.0308730Z   removing 'python_build'
2022-12-27T01:54:52.1170060Z Failed to build grpcio
2022-12-27T01:54:52.1184900Z ERROR: Failed to build one or more wheels
2022-12-27T01:54:52.1210240Z Exception information:
2022-12-27T01:54:52.1210970Z Traceback (most recent call last):
2022-12-27T01:54:52.1213370Z   File "/private/var/folders/51/hd414ycd67n82196sw51xqtc0000gn/T/cibw-run-6qgepxqd/cp311-macosx_arm64/build/venv/lib/python3.11/site-packages/pip/_internal/cli/base_command.py", line 160, in exc_logging_wrapper
2022-12-27T01:54:52.1214340Z     status = run_func(*args)
2022-12-27T01:54:52.1214940Z              ^^^^^^^^^^^^^^^
2022-12-27T01:54:52.1216740Z   File "/private/var/folders/51/hd414ycd67n82196sw51xqtc0000gn/T/cibw-run-6qgepxqd/cp311-macosx_arm64/build/venv/lib/python3.11/site-packages/pip/_internal/cli/req_command.py", line 247, in wrapper
2022-12-27T01:54:52.1217950Z     return func(self, options, args)
2022-12-27T01:54:52.1218810Z            ^^^^^^^^^^^^^^^^^^^^^^^^^
2022-12-27T01:54:52.1220140Z   File "/private/var/folders/51/hd414ycd67n82196sw51xqtc0000gn/T/cibw-run-6qgepxqd/cp311-macosx_arm64/build/venv/lib/python3.11/site-packages/pip/_internal/commands/wheel.py", line 201, in run
2022-12-27T01:54:52.1221280Z     raise CommandError("Failed to build one or more wheels")
2022-12-27T01:54:52.1222130Z pip._internal.exceptions.CommandError: Failed to build one or more wheels
2022-12-27T01:54:52.1223370Z Removed build tracker: '/private/var/folders/51/hd414ycd67n82196sw51xqtc0000gn/T/pip-build-tracker-jsjz7ru8'
2022-12-27T01:54:52.2361390Z ##[endgroup]
2022-12-27T01:54:52.2394570Z ##[error]Command ['python', '-m', 'pip', 'wheel', '/Users/runner/actions-runner/_work/python.build/python.build/build_grpcio191311/grpcio-1.9.1', '--wheel-dir=/private/var/folders/51/hd414ycd67n82196sw51xqtc0000gn/T/cibw-run-6qgepxqd/cp311-macosx_arm64/built_wheel', '--no-deps', '-vvv'] failed with code 1. None
2022-12-27T01:54:52.2405040Z                                                              [31mâœ• [0m12.48s
2022-12-27T01:54:52.2405310Z 
2022-12-27T01:54:52.3609540Z ##[error]Process completed with exit code 1.
2022-12-27T01:54:52.3661010Z ##[group]Run rm -rf build_grpcio191311 wheelsout
2022-12-27T01:54:52.3661350Z [36;1mrm -rf build_grpcio191311 wheelsout[0m
2022-12-27T01:54:52.3689810Z shell: /bin/bash -e {0}
2022-12-27T01:54:52.3690040Z env:
2022-12-27T01:54:52.3690290Z   pythonLocation: /Users/runner/hostedtoolcache/Python/3.11.1/x64
2022-12-27T01:54:52.3690620Z   PKG_CONFIG_PATH: /Users/runner/hostedtoolcache/Python/3.11.1/x64/lib/pkgconfig
2022-12-27T01:54:52.3690940Z   Python_ROOT_DIR: /Users/runner/hostedtoolcache/Python/3.11.1/x64
2022-12-27T01:54:52.3691250Z   Python2_ROOT_DIR: /Users/runner/hostedtoolcache/Python/3.11.1/x64
2022-12-27T01:54:52.3691710Z   Python3_ROOT_DIR: /Users/runner/hostedtoolcache/Python/3.11.1/x64
2022-12-27T01:54:52.3691960Z ##[endgroup]
2022-12-27T01:54:52.9267770Z Cleaning up orphan processes
