2022-12-27T08:53:29.9972042Z Requested labels: self-hosted, macOS, X64
2022-12-27T08:53:29.9972135Z Job defined at: kilnbuild/python.build/.github/workflows/mac_arm_build.yml@refs/heads/main
2022-12-27T08:53:29.9972160Z Waiting for a runner to pick up this job...
2022-12-27T11:29:15.4191691Z Job is about to start running on the runner: s1 (organization)
2022-12-27T11:29:18.9687280Z Current runner version: '2.300.2'
2022-12-27T11:29:18.9692410Z Runner name: 's1'
2022-12-27T11:29:18.9692660Z Runner group name: 'Default'
2022-12-27T11:29:18.9693110Z Machine name: 's1'
2022-12-27T11:29:18.9694670Z ##[group]GITHUB_TOKEN Permissions
2022-12-27T11:29:18.9695100Z Actions: write
2022-12-27T11:29:18.9695240Z Checks: write
2022-12-27T11:29:18.9695380Z Contents: write
2022-12-27T11:29:18.9695520Z Deployments: write
2022-12-27T11:29:18.9695660Z Discussions: write
2022-12-27T11:29:18.9695800Z Issues: write
2022-12-27T11:29:18.9695930Z Metadata: read
2022-12-27T11:29:18.9696070Z Packages: write
2022-12-27T11:29:18.9696210Z Pages: write
2022-12-27T11:29:18.9696350Z PullRequests: write
2022-12-27T11:29:18.9696510Z RepositoryProjects: write
2022-12-27T11:29:18.9696680Z SecurityEvents: write
2022-12-27T11:29:18.9696820Z Statuses: write
2022-12-27T11:29:18.9696950Z ##[endgroup]
2022-12-27T11:29:18.9699700Z Secret source: Actions
2022-12-27T11:29:18.9700100Z Prepare workflow directory
2022-12-27T11:29:19.0385240Z Prepare all required actions
2022-12-27T11:29:19.0510690Z Getting action download info
2022-12-27T11:29:19.4886440Z Download action repository 'actions/setup-python@v4' (SHA:5ccb29d8773c3f3f653e1705f474dfaa8a06a912)
2022-12-27T11:29:21.2271130Z Download action repository 'actions/upload-artifact@v3' (SHA:83fd05a356d7e2593de66fc9913b3002723633cb)
2022-12-27T11:29:22.5597140Z ##[group]Run echo '{
2022-12-27T11:29:22.5597490Z [36;1mecho '{[0m
2022-12-27T11:29:22.5597670Z [36;1m  "package_name": "lxml",[0m
2022-12-27T11:29:22.5597960Z [36;1m  "package_url": "https://files.pythonhosted.org/packages/24/eb/cd1bc7faf33858e67e39484cfd92b1cd564ae2c556f9140011095cf605a8/lxml-2.1.3.tar.gz",[0m
2022-12-27T11:29:22.5598190Z [36;1m  "package_version": "2.1.3",[0m
2022-12-27T11:29:22.5598320Z [36;1m  "python_version": "3.8",[0m
2022-12-27T11:29:22.5598440Z [36;1m  "use_ccache": "true"[0m
2022-12-27T11:29:22.5598590Z [36;1m}'[0m
2022-12-27T11:29:22.5614720Z shell: /bin/bash -e {0}
2022-12-27T11:29:22.5614910Z ##[endgroup]
2022-12-27T11:29:22.5831730Z {
2022-12-27T11:29:22.5833470Z   "package_name": "lxml",
2022-12-27T11:29:22.5834370Z   "package_url": "https://files.pythonhosted.org/packages/24/eb/cd1bc7faf33858e67e39484cfd92b1cd564ae2c556f9140011095cf605a8/lxml-2.1.3.tar.gz",
2022-12-27T11:29:22.5834680Z   "package_version": "2.1.3",
2022-12-27T11:29:22.5835110Z   "python_version": "3.8",
2022-12-27T11:29:22.5835280Z   "use_ccache": "true"
2022-12-27T11:29:22.5835450Z }
2022-12-27T11:29:22.6051360Z ##[group]Run actions/setup-python@v4
2022-12-27T11:29:22.6051690Z with:
2022-12-27T11:29:22.6051850Z   python-version: 3.8
2022-12-27T11:29:22.6052040Z   check-latest: false
2022-12-27T11:29:22.6052340Z   token: ***
2022-12-27T11:29:22.6052580Z   update-environment: true
2022-12-27T11:29:22.6052730Z ##[endgroup]
2022-12-27T11:29:22.7269380Z ##[group]Installed versions
2022-12-27T11:29:22.7312160Z Successfully set up CPython (3.8.15)
2022-12-27T11:29:22.7313070Z ##[endgroup]
2022-12-27T11:29:22.7464800Z ##[group]Run if [ "true" == "true" ]
2022-12-27T11:29:22.7465090Z [36;1mif [ "true" == "true" ][0m
2022-12-27T11:29:22.7465280Z [36;1mthen[0m
2022-12-27T11:29:22.7465540Z [36;1m  echo "CCACHE_PATH_PREPEND=/usr/local/opt/ccache/libexec" >> $GITHUB_OUTPUT[0m
2022-12-27T11:29:22.7465770Z [36;1melse[0m
2022-12-27T11:29:22.7465930Z [36;1m  echo "CCACHE_PATH_PREPEND=" >> $GITHUB_OUTPUT[0m
2022-12-27T11:29:22.7466130Z [36;1mfi[0m
2022-12-27T11:29:22.7483250Z shell: /bin/bash -e {0}
2022-12-27T11:29:22.7483420Z env:
2022-12-27T11:29:22.7483650Z   pythonLocation: /Users/runner/hostedtoolcache/Python/3.8.15/x64
2022-12-27T11:29:22.7483920Z   PKG_CONFIG_PATH: /Users/runner/hostedtoolcache/Python/3.8.15/x64/lib/pkgconfig
2022-12-27T11:29:22.7484250Z   Python_ROOT_DIR: /Users/runner/hostedtoolcache/Python/3.8.15/x64
2022-12-27T11:29:22.7484460Z   Python2_ROOT_DIR: /Users/runner/hostedtoolcache/Python/3.8.15/x64
2022-12-27T11:29:22.7484770Z   Python3_ROOT_DIR: /Users/runner/hostedtoolcache/Python/3.8.15/x64
2022-12-27T11:29:22.7485340Z ##[endgroup]
2022-12-27T11:29:22.7588710Z ##[group]Run echo "BUILD_NAME=$(echo lxml_2.1.3_3.8 | tr -dc '[:alnum:]\n\r' | tr '[:upper:]' '[:lower:]')" >> $GITHUB_OUTPUT
2022-12-27T11:29:22.7589110Z [36;1mecho "BUILD_NAME=$(echo lxml_2.1.3_3.8 | tr -dc '[:alnum:]\n\r' | tr '[:upper:]' '[:lower:]')" >> $GITHUB_OUTPUT[0m
2022-12-27T11:29:22.7603200Z shell: /bin/bash -e {0}
2022-12-27T11:29:22.7603400Z env:
2022-12-27T11:29:22.7603620Z   pythonLocation: /Users/runner/hostedtoolcache/Python/3.8.15/x64
2022-12-27T11:29:22.7603940Z   PKG_CONFIG_PATH: /Users/runner/hostedtoolcache/Python/3.8.15/x64/lib/pkgconfig
2022-12-27T11:29:22.7604200Z   Python_ROOT_DIR: /Users/runner/hostedtoolcache/Python/3.8.15/x64
2022-12-27T11:29:22.7604460Z   Python2_ROOT_DIR: /Users/runner/hostedtoolcache/Python/3.8.15/x64
2022-12-27T11:29:22.7604700Z   Python3_ROOT_DIR: /Users/runner/hostedtoolcache/Python/3.8.15/x64
2022-12-27T11:29:22.7604870Z ##[endgroup]
2022-12-27T11:29:22.7742340Z ##[group]Run echo "PYTHON_NO_DOTS=$(echo 3.8 | tr -dc '[:alnum:]\n\r' | tr '[:upper:]' '[:lower:]')" >> $GITHUB_OUTPUT
2022-12-27T11:29:22.7742720Z [36;1mecho "PYTHON_NO_DOTS=$(echo 3.8 | tr -dc '[:alnum:]\n\r' | tr '[:upper:]' '[:lower:]')" >> $GITHUB_OUTPUT[0m
2022-12-27T11:29:22.7756950Z shell: /bin/bash -e {0}
2022-12-27T11:29:22.7757140Z env:
2022-12-27T11:29:22.7757400Z   pythonLocation: /Users/runner/hostedtoolcache/Python/3.8.15/x64
2022-12-27T11:29:22.7757640Z   PKG_CONFIG_PATH: /Users/runner/hostedtoolcache/Python/3.8.15/x64/lib/pkgconfig
2022-12-27T11:29:22.7757900Z   Python_ROOT_DIR: /Users/runner/hostedtoolcache/Python/3.8.15/x64
2022-12-27T11:29:22.7758140Z   Python2_ROOT_DIR: /Users/runner/hostedtoolcache/Python/3.8.15/x64
2022-12-27T11:29:22.7758780Z   Python3_ROOT_DIR: /Users/runner/hostedtoolcache/Python/3.8.15/x64
2022-12-27T11:29:22.7758960Z ##[endgroup]
2022-12-27T11:29:22.7867490Z ##[group]Run rm -rf build_lxml21338
2022-12-27T11:29:22.7867860Z [36;1mrm -rf build_lxml21338[0m
2022-12-27T11:29:22.7868020Z [36;1mmkdir build_lxml21338[0m
2022-12-27T11:29:22.7868260Z [36;1mcd build_lxml21338[0m
2022-12-27T11:29:22.7868580Z [36;1m/usr/local/bin/wget --quiet https://files.pythonhosted.org/packages/24/eb/cd1bc7faf33858e67e39484cfd92b1cd564ae2c556f9140011095cf605a8/lxml-2.1.3.tar.gz[0m
2022-12-27T11:29:22.7868850Z [36;1mtar xf *.tar.gz[0m
2022-12-27T11:29:22.7869000Z [36;1mcd *[0m
2022-12-27T11:29:22.7869230Z [36;1mpython -m pip install cibuildwheel==2.11.3[0m
2022-12-27T11:29:22.7869450Z [36;1mpython -m cibuildwheel --output-dir ../wheelsout[0m
2022-12-27T11:29:22.7883460Z shell: /bin/bash -e {0}
2022-12-27T11:29:22.7883640Z env:
2022-12-27T11:29:22.7883910Z   pythonLocation: /Users/runner/hostedtoolcache/Python/3.8.15/x64
2022-12-27T11:29:22.7884140Z   PKG_CONFIG_PATH: /Users/runner/hostedtoolcache/Python/3.8.15/x64/lib/pkgconfig
2022-12-27T11:29:22.7884430Z   Python_ROOT_DIR: /Users/runner/hostedtoolcache/Python/3.8.15/x64
2022-12-27T11:29:22.7884640Z   Python2_ROOT_DIR: /Users/runner/hostedtoolcache/Python/3.8.15/x64
2022-12-27T11:29:22.7884910Z   Python3_ROOT_DIR: /Users/runner/hostedtoolcache/Python/3.8.15/x64
2022-12-27T11:29:22.7885110Z   CIBW_ARCHS_MACOS: arm64
2022-12-27T11:29:22.7885260Z   CIBW_TEST_SKIP: *_arm64
2022-12-27T11:29:22.7885430Z   CIBW_BUILD: cp38-macosx_arm64
2022-12-27T11:29:22.7885640Z   CIBW_BUILD_FRONTEND: pip
2022-12-27T11:29:22.7885790Z   CIBW_BUILD_VERBOSITY: 3
2022-12-27T11:29:22.7886090Z   CIBW_ENVIRONMENT_MACOS:  CFLAGS="-I/usr/local/opt/openssl@3/include" LDFLAGS="-L/usr/local/opt/openssl@3/lib" CPPFLAGS="-I/usr/local/opt/openssl@3/include" MAKEFLAGS="-j$(sysctl -n hw.logicalcpu)" PATH=/usr/local/opt/ccache/libexec:$PATH
2022-12-27T11:29:22.7886450Z   CIBW_BEFORE_BUILD: pip install Cython; if [[ -f requirements.txt ]]; then pip install -r requirements.txt; fi
2022-12-27T11:29:22.7886690Z   MAKEFLAGS: -j$(sysctl -n hw.logicalcpu)
2022-12-27T11:29:22.7886870Z ##[endgroup]
2022-12-27T11:29:23.2761960Z Requirement already satisfied: cibuildwheel==2.11.3 in /Users/runner/hostedtoolcache/Python/3.8.15/x64/lib/python3.8/site-packages (2.11.3)
2022-12-27T11:29:23.3091110Z Requirement already satisfied: certifi in /Users/runner/hostedtoolcache/Python/3.8.15/x64/lib/python3.8/site-packages (from cibuildwheel==2.11.3) (2022.12.7)
2022-12-27T11:29:23.3096870Z Requirement already satisfied: tomli in /Users/runner/hostedtoolcache/Python/3.8.15/x64/lib/python3.8/site-packages (from cibuildwheel==2.11.3) (2.0.1)
2022-12-27T11:29:23.3100310Z Requirement already satisfied: filelock in /Users/runner/hostedtoolcache/Python/3.8.15/x64/lib/python3.8/site-packages (from cibuildwheel==2.11.3) (3.8.2)
2022-12-27T11:29:23.3105500Z Requirement already satisfied: bashlex!=0.13 in /Users/runner/hostedtoolcache/Python/3.8.15/x64/lib/python3.8/site-packages (from cibuildwheel==2.11.3) (0.16)
2022-12-27T11:29:23.3109460Z Requirement already satisfied: bracex in /Users/runner/hostedtoolcache/Python/3.8.15/x64/lib/python3.8/site-packages (from cibuildwheel==2.11.3) (2.3.post1)
2022-12-27T11:29:23.3119030Z Requirement already satisfied: typing-extensions>=4.1.0 in /Users/runner/hostedtoolcache/Python/3.8.15/x64/lib/python3.8/site-packages (from cibuildwheel==2.11.3) (4.4.0)
2022-12-27T11:29:23.3122640Z Requirement already satisfied: platformdirs in /Users/runner/hostedtoolcache/Python/3.8.15/x64/lib/python3.8/site-packages (from cibuildwheel==2.11.3) (2.6.0)
2022-12-27T11:29:23.3127910Z Requirement already satisfied: packaging>=20.9 in /Users/runner/hostedtoolcache/Python/3.8.15/x64/lib/python3.8/site-packages (from cibuildwheel==2.11.3) (22.0)
2022-12-27T11:29:23.4800940Z 
2022-12-27T11:29:23.4801230Z      _ _       _ _   _       _           _
2022-12-27T11:29:23.4801840Z  ___|_| |_ _ _|_| |_| |_ _ _| |_ ___ ___| |
2022-12-27T11:29:23.4802580Z |  _| | . | | | | | . | | | |   | -_| -_| |
2022-12-27T11:29:23.4802970Z |___|_|___|___|_|_|___|_____|_|_|___|___|_|
2022-12-27T11:29:23.4803660Z 
2022-12-27T11:29:23.4803810Z cibuildwheel version 2.11.3
2022-12-27T11:29:23.4803960Z 
2022-12-27T11:29:23.4804100Z Build options:
2022-12-27T11:29:23.4804340Z   platform: macos
2022-12-27T11:29:23.4893860Z   architectures: arm64[0m
2022-12-27T11:29:23.4894420Z   build_selector: 
2022-12-27T11:29:23.4894950Z     build_config: cp38-macosx_arm64
2022-12-27T11:29:23.4895320Z     skip_config: 
2022-12-27T11:29:23.4895790Z     requires_python: None
2022-12-27T11:29:23.4896320Z     prerelease_pythons: False[0m
2022-12-27T11:29:23.4896970Z   [38;5;244mcontainer_engine: docker[0m
2022-12-27T11:29:23.4897830Z   output_dir: /Users/runner/actions-runner/_work/python.build/python.build/build_lxml21338/wheelsout[0m
2022-12-27T11:29:23.4898620Z   package_dir: /Users/runner/actions-runner/_work/python.build/python.build/build_lxml21338/lxml-2.1.3[0m
2022-12-27T11:29:23.4899110Z   test_selector: 
2022-12-27T11:29:23.4899870Z     skip_config: *_arm64[0m
2022-12-27T11:29:23.4900310Z   [38;5;244mbefore_all: [0m
2022-12-27T11:29:23.4900960Z   before_build: pip install Cython; if [[ -f requirements.txt ]]; then pip install -r requirements.txt; fi[0m
2022-12-27T11:29:23.4901410Z   [38;5;244mbefore_test: [0m
2022-12-27T11:29:23.4901740Z   [38;5;244mbuild_frontend: pip[0m
2022-12-27T11:29:23.4902280Z   build_verbosity: 3[0m
2022-12-27T11:29:23.4902650Z   [38;5;244mconfig_settings: [0m
2022-12-27T11:29:23.4903000Z   [38;5;244mdependency_constraints: pinned[0m
2022-12-27T11:29:23.4903310Z   environment: 
2022-12-27T11:29:23.4903890Z     CFLAGS="-I/usr/local/opt/openssl@3/include"
2022-12-27T11:29:23.4904260Z     LDFLAGS="-L/usr/local/opt/openssl@3/lib"
2022-12-27T11:29:23.4904690Z     CPPFLAGS="-I/usr/local/opt/openssl@3/include"
2022-12-27T11:29:23.4905100Z     MAKEFLAGS="-j$(sysctl -n hw.logicalcpu)"
2022-12-27T11:29:23.4905470Z     PATH=/usr/local/opt/ccache/libexec:$PATH[0m
2022-12-27T11:29:23.4906000Z   [38;5;244mmanylinux_images: None[0m
2022-12-27T11:29:23.4906390Z   [38;5;244mmusllinux_images: None[0m
2022-12-27T11:29:23.4906910Z   [38;5;244mrepair_command: delocate-wheel --require-archs {delocate_archs} -w {dest_dir} -v {wheel}[0m
2022-12-27T11:29:23.4907660Z   [38;5;244mtest_command: [0m
2022-12-27T11:29:23.4908030Z   [38;5;244mtest_extras: [0m
2022-12-27T11:29:23.4908630Z   [38;5;244mtest_requires: [0m
2022-12-27T11:29:23.4908810Z 
2022-12-27T11:29:23.4908930Z Cache folder: /Users/runner/Library/Caches/cibuildwheel
2022-12-27T11:29:23.4912900Z 
2022-12-27T11:29:23.4913120Z Here we go!
2022-12-27T11:29:23.4913290Z 
2022-12-27T11:29:23.4974180Z 
2022-12-27T11:29:23.4974560Z [1m[34mBuilding cp38-macosx_arm64 wheel[0m
2022-12-27T11:29:23.4974940Z CPython 3.8 macOS arm64 - Apple Silicon
2022-12-27T11:29:23.4975190Z 
2022-12-27T11:29:23.4978440Z ##[group]Installing Python cp38...
2022-12-27T11:29:23.4978610Z 
2022-12-27T11:29:23.4978880Z + pkgutil --pkgs
2022-12-27T11:29:23.5076090Z ##[endgroup]
2022-12-27T11:29:23.5077240Z                                                               [32m✓ [0m0.01s
2022-12-27T11:29:23.5077820Z ##[group]Setting up build environment...
2022-12-27T11:29:23.5078040Z 
2022-12-27T11:29:23.5097760Z + /Users/runner/hostedtoolcache/Python/3.8.15/x64/bin/python -sS /Users/runner/Library/Caches/cibuildwheel/virtualenv-20.17.0.pyz --activators= --no-periodic-update --pip=22.3.1 --setuptools=65.6.3 --wheel=0.38.4 --symlink-app-data --python /Library/Frameworks/Python.framework/Versions/3.8/bin/python3 /private/var/folders/51/hd414ycd67n82196sw51xqtc0000gn/T/cibw-run-s59zy6vv/cp38-macosx_arm64/build/venv
2022-12-27T11:29:23.7048390Z created virtual environment CPython3.8.10.final.0-64 in 47ms
2022-12-27T11:29:23.7049490Z   creator CPython3Posix(dest=/private/var/folders/51/hd414ycd67n82196sw51xqtc0000gn/T/cibw-run-s59zy6vv/cp38-macosx_arm64/build/venv, clear=False, no_vcs_ignore=False, global=False)
2022-12-27T11:29:23.7050490Z   seeder FromAppData(download=False, pip=22.3.1, setuptools=65.6.3, wheel=0.38.4, via=symlink, app_data_dir=/Users/runner/Library/Application Support/virtualenv)
2022-12-27T11:29:23.7051010Z     added seed packages: pip==22.3.1, setuptools==65.6.3, wheel==0.38.4
2022-12-27T11:29:23.7167150Z + python -m pip install --upgrade pip -c /Users/runner/hostedtoolcache/Python/3.8.15/x64/lib/python3.8/site-packages/cibuildwheel/resources/constraints-python38.txt
2022-12-27T11:29:24.0259980Z Requirement already satisfied: pip in ./lib/python3.8/site-packages (22.3.1)
2022-12-27T11:29:24.1691640Z + which pip
2022-12-27T11:29:24.1709620Z /private/var/folders/51/hd414ycd67n82196sw51xqtc0000gn/T/cibw-run-s59zy6vv/cp38-macosx_arm64/build/venv/bin/pip
2022-12-27T11:29:24.1711770Z + pip --version
2022-12-27T11:29:24.4006520Z pip 22.3.1 from /private/var/folders/51/hd414ycd67n82196sw51xqtc0000gn/T/cibw-run-s59zy6vv/cp38-macosx_arm64/build/venv/lib/python3.8/site-packages/pip (python 3.8)
2022-12-27T11:29:24.4225630Z + which pip
2022-12-27T11:29:24.4251890Z + which python
2022-12-27T11:29:24.4269940Z /private/var/folders/51/hd414ycd67n82196sw51xqtc0000gn/T/cibw-run-s59zy6vv/cp38-macosx_arm64/build/venv/bin/python
2022-12-27T11:29:24.4272640Z + python --version
2022-12-27T11:29:24.4319870Z Python 3.8.10
2022-12-27T11:29:24.4322790Z + which python
2022-12-27T11:29:24.4388290Z ##[endgroup]
2022-12-27T11:29:24.4388780Z                                                               [32m✓ [0m0.93s
2022-12-27T11:29:24.4389420Z ##[group]Installing build tools...
2022-12-27T11:29:24.4389570Z 
2022-12-27T11:29:24.4389970Z + pip install --upgrade setuptools wheel delocate -c /Users/runner/hostedtoolcache/Python/3.8.15/x64/lib/python3.8/site-packages/cibuildwheel/resources/constraints-python38.txt
2022-12-27T11:29:24.7481500Z Requirement already satisfied: setuptools in /private/var/folders/51/hd414ycd67n82196sw51xqtc0000gn/T/cibw-run-s59zy6vv/cp38-macosx_arm64/build/venv/lib/python3.8/site-packages (65.6.3)
2022-12-27T11:29:24.9744050Z Requirement already satisfied: wheel in /private/var/folders/51/hd414ycd67n82196sw51xqtc0000gn/T/cibw-run-s59zy6vv/cp38-macosx_arm64/build/venv/lib/python3.8/site-packages (0.38.4)
2022-12-27T11:29:25.0236750Z Collecting delocate
2022-12-27T11:29:25.0262800Z   Using cached delocate-0.10.3-py3-none-any.whl (142 kB)
2022-12-27T11:29:25.0496050Z Collecting typing-extensions
2022-12-27T11:29:25.0516970Z   Using cached typing_extensions-4.4.0-py3-none-any.whl (26 kB)
2022-12-27T11:29:25.0775950Z Collecting packaging>=20.9
2022-12-27T11:29:25.0797510Z   Using cached packaging-21.3-py3-none-any.whl (40 kB)
2022-12-27T11:29:25.1160020Z Collecting pyparsing!=3.0.5,>=2.0.2
2022-12-27T11:29:25.1181520Z   Using cached pyparsing-3.0.9-py3-none-any.whl (98 kB)
2022-12-27T11:29:25.1564050Z Installing collected packages: typing-extensions, pyparsing, packaging, delocate
2022-12-27T11:29:25.2966430Z Successfully installed delocate-0.10.3 packaging-21.3 pyparsing-3.0.9 typing-extensions-4.4.0
2022-12-27T11:29:25.3383300Z ##[endgroup]
2022-12-27T11:29:25.3383920Z                                                               [32m✓ [0m0.90s
2022-12-27T11:29:25.3384430Z ##[group]Running before_build...
2022-12-27T11:29:25.3384680Z 
2022-12-27T11:29:25.3390650Z + pip install Cython; if [[ -f requirements.txt ]]; then pip install -r requirements.txt; fi
2022-12-27T11:29:26.0238060Z Collecting Cython
2022-12-27T11:29:26.0286290Z   Using cached Cython-0.29.32-py2.py3-none-any.whl (986 kB)
2022-12-27T11:29:26.0733890Z Installing collected packages: Cython
2022-12-27T11:29:26.5138270Z Successfully installed Cython-0.29.32
2022-12-27T11:29:26.5539870Z ##[endgroup]
2022-12-27T11:29:26.5540600Z                                                               [32m✓ [0m1.22s
2022-12-27T11:29:26.5541110Z ##[group]Building wheel...
2022-12-27T11:29:26.5541240Z 
2022-12-27T11:29:26.5546010Z + python -m pip wheel /Users/runner/actions-runner/_work/python.build/python.build/build_lxml21338/lxml-2.1.3 --wheel-dir=/private/var/folders/51/hd414ycd67n82196sw51xqtc0000gn/T/cibw-run-s59zy6vv/cp38-macosx_arm64/built_wheel --no-deps -vvv
2022-12-27T11:29:26.8396840Z Created temporary directory: /private/var/folders/51/hd414ycd67n82196sw51xqtc0000gn/T/pip-ephem-wheel-cache-ayca6auw
2022-12-27T11:29:26.8401160Z Created temporary directory: /private/var/folders/51/hd414ycd67n82196sw51xqtc0000gn/T/pip-build-tracker-7cmkuqs0
2022-12-27T11:29:26.8403120Z Initialized build tracking at /private/var/folders/51/hd414ycd67n82196sw51xqtc0000gn/T/pip-build-tracker-7cmkuqs0
2022-12-27T11:29:26.8404720Z Created build tracker: /private/var/folders/51/hd414ycd67n82196sw51xqtc0000gn/T/pip-build-tracker-7cmkuqs0
2022-12-27T11:29:26.8406250Z Entered build tracker: /private/var/folders/51/hd414ycd67n82196sw51xqtc0000gn/T/pip-build-tracker-7cmkuqs0
2022-12-27T11:29:26.8409680Z Created temporary directory: /private/var/folders/51/hd414ycd67n82196sw51xqtc0000gn/T/pip-wheel-o4t815ym
2022-12-27T11:29:26.8415990Z Created temporary directory: /private/var/folders/51/hd414ycd67n82196sw51xqtc0000gn/T/pip-ephem-wheel-cache-51s_56ot
2022-12-27T11:29:26.8500950Z Processing /Users/runner/actions-runner/_work/python.build/python.build/build_lxml21338/lxml-2.1.3
2022-12-27T11:29:26.8507020Z   Added file:///Users/runner/actions-runner/_work/python.build/python.build/build_lxml21338/lxml-2.1.3 to build tracker '/private/var/folders/51/hd414ycd67n82196sw51xqtc0000gn/T/pip-build-tracker-7cmkuqs0'
2022-12-27T11:29:26.8510820Z   Running setup.py (path:/Users/runner/actions-runner/_work/python.build/python.build/build_lxml21338/lxml-2.1.3/setup.py) egg_info for package from file:///Users/runner/actions-runner/_work/python.build/python.build/build_lxml21338/lxml-2.1.3
2022-12-27T11:29:26.8514520Z   Created temporary directory: /private/var/folders/51/hd414ycd67n82196sw51xqtc0000gn/T/pip-pip-egg-info-zc6m1y71
2022-12-27T11:29:26.8516400Z   Preparing metadata (setup.py): started
2022-12-27T11:29:26.8518220Z   Running command python setup.py egg_info
2022-12-27T11:29:27.2447210Z   Building lxml version 2.1.3.
2022-12-27T11:29:27.2448590Z   Building with Cython 0.29.32.
2022-12-27T11:29:27.2450710Z   Using build configuration of libxslt 1.1.29
2022-12-27T11:29:27.2452850Z   Building against libxml2/libxslt in the following directory: /Library/Developer/CommandLineTools/SDKs/MacOSX12.1.sdk/usr/lib
2022-12-27T11:29:27.2454010Z   running egg_info
2022-12-27T11:29:27.2456380Z   creating /private/var/folders/51/hd414ycd67n82196sw51xqtc0000gn/T/pip-pip-egg-info-zc6m1y71/lxml.egg-info
2022-12-27T11:29:27.2457990Z   writing /private/var/folders/51/hd414ycd67n82196sw51xqtc0000gn/T/pip-pip-egg-info-zc6m1y71/lxml.egg-info/PKG-INFO
2022-12-27T11:29:27.2462480Z   writing dependency_links to /private/var/folders/51/hd414ycd67n82196sw51xqtc0000gn/T/pip-pip-egg-info-zc6m1y71/lxml.egg-info/dependency_links.txt
2022-12-27T11:29:27.2466550Z   writing top-level names to /private/var/folders/51/hd414ycd67n82196sw51xqtc0000gn/T/pip-pip-egg-info-zc6m1y71/lxml.egg-info/top_level.txt
2022-12-27T11:29:27.2470270Z   writing manifest file '/private/var/folders/51/hd414ycd67n82196sw51xqtc0000gn/T/pip-pip-egg-info-zc6m1y71/lxml.egg-info/SOURCES.txt'
2022-12-27T11:29:27.2530940Z   reading manifest file '/private/var/folders/51/hd414ycd67n82196sw51xqtc0000gn/T/pip-pip-egg-info-zc6m1y71/lxml.egg-info/SOURCES.txt'
2022-12-27T11:29:27.2533490Z   reading manifest template 'MANIFEST.in'
2022-12-27T11:29:27.3405400Z   adding license file 'LICENSES.txt'
2022-12-27T11:29:27.3468410Z   writing manifest file '/private/var/folders/51/hd414ycd67n82196sw51xqtc0000gn/T/pip-pip-egg-info-zc6m1y71/lxml.egg-info/SOURCES.txt'
2022-12-27T11:29:27.3691380Z   Preparing metadata (setup.py): finished with status 'done'
2022-12-27T11:29:27.3716160Z   Source in /Users/runner/actions-runner/_work/python.build/python.build/build_lxml21338/lxml-2.1.3 has version 2.1.3, which satisfies requirement lxml==2.1.3 from file:///Users/runner/actions-runner/_work/python.build/python.build/build_lxml21338/lxml-2.1.3
2022-12-27T11:29:27.3720010Z   Removed lxml==2.1.3 from file:///Users/runner/actions-runner/_work/python.build/python.build/build_lxml21338/lxml-2.1.3 from build tracker '/private/var/folders/51/hd414ycd67n82196sw51xqtc0000gn/T/pip-build-tracker-7cmkuqs0'
2022-12-27T11:29:27.3832150Z Created temporary directory: /private/var/folders/51/hd414ycd67n82196sw51xqtc0000gn/T/pip-unpack-f1xw3olg
2022-12-27T11:29:27.3834040Z Building wheels for collected packages: lxml
2022-12-27T11:29:27.3839650Z   Created temporary directory: /private/var/folders/51/hd414ycd67n82196sw51xqtc0000gn/T/pip-wheel-0zmmvqyb
2022-12-27T11:29:27.3841320Z   Building wheel for lxml (setup.py): started
2022-12-27T11:29:27.3843370Z   Destination directory: /private/var/folders/51/hd414ycd67n82196sw51xqtc0000gn/T/pip-wheel-0zmmvqyb
2022-12-27T11:29:27.3844770Z   Running command python setup.py bdist_wheel
2022-12-27T11:29:27.6477360Z   Building lxml version 2.1.3.
2022-12-27T11:29:27.6478310Z   Building with Cython 0.29.32.
2022-12-27T11:29:27.6607660Z   Using build configuration of libxslt 1.1.29
2022-12-27T11:29:27.7557670Z   Building against libxml2/libxslt in the following directory: /Library/Developer/CommandLineTools/SDKs/MacOSX12.1.sdk/usr/lib
2022-12-27T11:29:27.7806510Z   running bdist_wheel
2022-12-27T11:29:27.7850410Z   running build
2022-12-27T11:29:27.7852490Z   running build_py
2022-12-27T11:29:27.7875380Z   creating build
2022-12-27T11:29:27.7877640Z   creating build/lib.macosx-11.0-arm64-cpython-38
2022-12-27T11:29:27.7879670Z   creating build/lib.macosx-11.0-arm64-cpython-38/lxml
2022-12-27T11:29:27.7881580Z   copying src/lxml/_elementpath.py -> build/lib.macosx-11.0-arm64-cpython-38/lxml
2022-12-27T11:29:27.7883460Z   copying src/lxml/sax.py -> build/lib.macosx-11.0-arm64-cpython-38/lxml
2022-12-27T11:29:27.7885150Z   copying src/lxml/pyclasslookup.py -> build/lib.macosx-11.0-arm64-cpython-38/lxml
2022-12-27T11:29:27.7888230Z   copying src/lxml/__init__.py -> build/lib.macosx-11.0-arm64-cpython-38/lxml
2022-12-27T11:29:27.7891310Z   copying src/lxml/builder.py -> build/lib.macosx-11.0-arm64-cpython-38/lxml
2022-12-27T11:29:27.7894330Z   copying src/lxml/doctestcompare.py -> build/lib.macosx-11.0-arm64-cpython-38/lxml
2022-12-27T11:29:27.7897600Z   copying src/lxml/usedoctest.py -> build/lib.macosx-11.0-arm64-cpython-38/lxml
2022-12-27T11:29:27.7900650Z   copying src/lxml/cssselect.py -> build/lib.macosx-11.0-arm64-cpython-38/lxml
2022-12-27T11:29:27.7903570Z   copying src/lxml/ElementInclude.py -> build/lib.macosx-11.0-arm64-cpython-38/lxml
2022-12-27T11:29:27.7911400Z   creating build/lib.macosx-11.0-arm64-cpython-38/lxml/html
2022-12-27T11:29:27.7913620Z   copying src/lxml/html/soupparser.py -> build/lib.macosx-11.0-arm64-cpython-38/lxml/html
2022-12-27T11:29:27.7916700Z   copying src/lxml/html/defs.py -> build/lib.macosx-11.0-arm64-cpython-38/lxml/html
2022-12-27T11:29:27.7920190Z   copying src/lxml/html/_setmixin.py -> build/lib.macosx-11.0-arm64-cpython-38/lxml/html
2022-12-27T11:29:27.7923130Z   copying src/lxml/html/clean.py -> build/lib.macosx-11.0-arm64-cpython-38/lxml/html
2022-12-27T11:29:27.7926150Z   copying src/lxml/html/_diffcommand.py -> build/lib.macosx-11.0-arm64-cpython-38/lxml/html
2022-12-27T11:29:27.7929050Z   copying src/lxml/html/__init__.py -> build/lib.macosx-11.0-arm64-cpython-38/lxml/html
2022-12-27T11:29:27.7932730Z   copying src/lxml/html/formfill.py -> build/lib.macosx-11.0-arm64-cpython-38/lxml/html
2022-12-27T11:29:27.7935530Z   copying src/lxml/html/builder.py -> build/lib.macosx-11.0-arm64-cpython-38/lxml/html
2022-12-27T11:29:27.7938250Z   copying src/lxml/html/ElementSoup.py -> build/lib.macosx-11.0-arm64-cpython-38/lxml/html
2022-12-27T11:29:27.7941480Z   copying src/lxml/html/usedoctest.py -> build/lib.macosx-11.0-arm64-cpython-38/lxml/html
2022-12-27T11:29:27.7944430Z   copying src/lxml/html/diff.py -> build/lib.macosx-11.0-arm64-cpython-38/lxml/html
2022-12-27T11:29:27.7947310Z   copying src/lxml/html/_dictmixin.py -> build/lib.macosx-11.0-arm64-cpython-38/lxml/html
2022-12-27T11:29:27.7958490Z   running build_ext
2022-12-27T11:29:27.8390320Z   skipping 'src/lxml/lxml.etree.c' Cython extension (up-to-date)
2022-12-27T11:29:27.8391930Z   skipping 'src/lxml/lxml.objectify.c' Cython extension (up-to-date)
2022-12-27T11:29:27.8394400Z   building 'lxml.etree' extension
2022-12-27T11:29:27.8395650Z   creating build/temp.macosx-11.0-arm64-cpython-38
2022-12-27T11:29:27.8397610Z   creating build/temp.macosx-11.0-arm64-cpython-38/src
2022-12-27T11:29:27.8399210Z   creating build/temp.macosx-11.0-arm64-cpython-38/src/lxml
2022-12-27T11:29:27.8402000Z   gcc -Wno-unused-result -Wsign-compare -Wunreachable-code -fno-common -dynamic -DNDEBUG -g -fwrapv -O3 -Wall -g -I/usr/local/opt/openssl@3/include -I/usr/local/opt/openssl@3/include -arch arm64 -I/Library/Developer/CommandLineTools/SDKs/MacOSX12.1.sdk/usr/include -I/private/var/folders/51/hd414ycd67n82196sw51xqtc0000gn/T/cibw-run-s59zy6vv/cp38-macosx_arm64/build/venv/include -I/Library/Frameworks/Python.framework/Versions/3.8/include/python3.8 -c src/lxml/lxml.etree.c -o build/temp.macosx-11.0-arm64-cpython-38/src/lxml/lxml.etree.o -w -flat_namespace
2022-12-27T11:29:28.3787180Z   src/lxml/lxml.etree.c:127308:21: error: no member named 'exc_type' in 'struct _ts'
2022-12-27T11:29:28.3788320Z       *type = tstate->exc_type;
2022-12-27T11:29:28.3789950Z               ~~~~~~  ^
2022-12-27T11:29:28.3792500Z   src/lxml/lxml.etree.c:127309:22: error: no member named 'exc_value' in 'struct _ts'; did you mean 'curexc_value'?
2022-12-27T11:29:28.3794230Z       *value = tstate->exc_value;
2022-12-27T11:29:28.3795640Z                        ^~~~~~~~~
2022-12-27T11:29:28.3797170Z                        curexc_value
2022-12-27T11:29:28.3799010Z   /Library/Frameworks/Python.framework/Versions/3.8/include/python3.8/cpython/pystate.h:80:15: note: 'curexc_value' declared here
2022-12-27T11:29:28.3800360Z       PyObject *curexc_value;
2022-12-27T11:29:28.3801750Z                 ^
2022-12-27T11:29:28.3803460Z   src/lxml/lxml.etree.c:127310:19: error: no member named 'exc_traceback' in 'struct _ts'; did you mean 'curexc_traceback'?
2022-12-27T11:29:28.3804790Z       *tb = tstate->exc_traceback;
2022-12-27T11:29:28.3806200Z                     ^~~~~~~~~~~~~
2022-12-27T11:29:28.3807590Z                     curexc_traceback
2022-12-27T11:29:28.3809290Z   /Library/Frameworks/Python.framework/Versions/3.8/include/python3.8/cpython/pystate.h:81:15: note: 'curexc_traceback' declared here
2022-12-27T11:29:28.3810560Z       PyObject *curexc_traceback;
2022-12-27T11:29:28.3812010Z                 ^
2022-12-27T11:29:28.3813650Z   src/lxml/lxml.etree.c:127319:24: error: no member named 'exc_type' in 'struct _ts'
2022-12-27T11:29:28.3815140Z       tmp_type = tstate->exc_type;
2022-12-27T11:29:28.3816420Z                  ~~~~~~  ^
2022-12-27T11:29:28.3818020Z   src/lxml/lxml.etree.c:127320:25: error: no member named 'exc_value' in 'struct _ts'; did you mean 'curexc_value'?
2022-12-27T11:29:28.3819490Z       tmp_value = tstate->exc_value;
2022-12-27T11:29:28.3820880Z                           ^~~~~~~~~
2022-12-27T11:29:28.3822320Z                           curexc_value
2022-12-27T11:29:28.3823960Z   /Library/Frameworks/Python.framework/Versions/3.8/include/python3.8/cpython/pystate.h:80:15: note: 'curexc_value' declared here
2022-12-27T11:29:28.3825280Z       PyObject *curexc_value;
2022-12-27T11:29:28.3826680Z                 ^
2022-12-27T11:29:28.3828420Z   src/lxml/lxml.etree.c:127321:22: error: no member named 'exc_traceback' in 'struct _ts'; did you mean 'curexc_traceback'?
2022-12-27T11:29:28.3829660Z       tmp_tb = tstate->exc_traceback;
2022-12-27T11:29:28.3831060Z                        ^~~~~~~~~~~~~
2022-12-27T11:29:28.3832480Z                        curexc_traceback
2022-12-27T11:29:28.3834170Z   /Library/Frameworks/Python.framework/Versions/3.8/include/python3.8/cpython/pystate.h:81:15: note: 'curexc_traceback' declared here
2022-12-27T11:29:28.3835410Z       PyObject *curexc_traceback;
2022-12-27T11:29:28.3836850Z                 ^
2022-12-27T11:29:28.3838450Z   src/lxml/lxml.etree.c:127322:13: error: no member named 'exc_type' in 'struct _ts'
2022-12-27T11:29:28.3839890Z       tstate->exc_type = type;
2022-12-27T11:29:28.3841210Z       ~~~~~~  ^
2022-12-27T11:29:28.3843100Z   src/lxml/lxml.etree.c:127323:13: error: no member named 'exc_value' in 'struct _ts'; did you mean 'curexc_value'?
2022-12-27T11:29:28.3844150Z       tstate->exc_value = value;
2022-12-27T11:29:28.3845450Z               ^~~~~~~~~
2022-12-27T11:29:28.3846810Z               curexc_value
2022-12-27T11:29:28.3848560Z   /Library/Frameworks/Python.framework/Versions/3.8/include/python3.8/cpython/pystate.h:80:15: note: 'curexc_value' declared here
2022-12-27T11:29:28.3849680Z       PyObject *curexc_value;
2022-12-27T11:29:28.3850980Z                 ^
2022-12-27T11:29:28.3852650Z   src/lxml/lxml.etree.c:127324:13: error: no member named 'exc_traceback' in 'struct _ts'; did you mean 'curexc_traceback'?
2022-12-27T11:29:28.3853940Z       tstate->exc_traceback = tb;
2022-12-27T11:29:28.3855860Z               ^~~~~~~~~~~~~
2022-12-27T11:29:28.3857460Z               curexc_traceback
2022-12-27T11:29:28.3859060Z   /Library/Frameworks/Python.framework/Versions/3.8/include/python3.8/cpython/pystate.h:81:15: note: 'curexc_traceback' declared here
2022-12-27T11:29:28.3860420Z       PyObject *curexc_traceback;
2022-12-27T11:29:28.3861840Z                 ^
2022-12-27T11:29:28.3863510Z   src/lxml/lxml.etree.c:127401:24: error: no member named 'exc_type' in 'struct _ts'
2022-12-27T11:29:28.3864780Z       tmp_type = tstate->exc_type;
2022-12-27T11:29:28.3866080Z                  ~~~~~~  ^
2022-12-27T11:29:28.3867790Z   src/lxml/lxml.etree.c:127402:25: error: no member named 'exc_value' in 'struct _ts'; did you mean 'curexc_value'?
2022-12-27T11:29:28.3869030Z       tmp_value = tstate->exc_value;
2022-12-27T11:29:28.3870330Z                           ^~~~~~~~~
2022-12-27T11:29:28.3871720Z                           curexc_value
2022-12-27T11:29:28.3873300Z   /Library/Frameworks/Python.framework/Versions/3.8/include/python3.8/cpython/pystate.h:80:15: note: 'curexc_value' declared here
2022-12-27T11:29:28.3944170Z       PyObject *curexc_value;
2022-12-27T11:29:28.3944580Z                 ^
2022-12-27T11:29:28.3945380Z   src/lxml/lxml.etree.c:127403:22: error: no member named 'exc_traceback' in 'struct _ts'; did you mean 'curexc_traceback'?
2022-12-27T11:29:28.3946320Z       tmp_tb = tstate->exc_traceback;
2022-12-27T11:29:28.3946940Z                        ^~~~~~~~~~~~~
2022-12-27T11:29:28.3947180Z                        curexc_traceback
2022-12-27T11:29:28.3947950Z   /Library/Frameworks/Python.framework/Versions/3.8/include/python3.8/cpython/pystate.h:81:15: note: 'curexc_traceback' declared here
2022-12-27T11:29:28.3948530Z       PyObject *curexc_traceback;
2022-12-27T11:29:28.3948770Z                 ^
2022-12-27T11:29:28.3949170Z   src/lxml/lxml.etree.c:127404:13: error: no member named 'exc_type' in 'struct _ts'
2022-12-27T11:29:28.3949450Z       tstate->exc_type = *type;
2022-12-27T11:29:28.3949670Z       ~~~~~~  ^
2022-12-27T11:29:28.3950040Z   src/lxml/lxml.etree.c:127405:13: error: no member named 'exc_value' in 'struct _ts'; did you mean 'curexc_value'?
2022-12-27T11:29:28.3950590Z       tstate->exc_value = *value;
2022-12-27T11:29:28.3950790Z               ^~~~~~~~~
2022-12-27T11:29:28.3950990Z               curexc_value
2022-12-27T11:29:28.3951410Z   /Library/Frameworks/Python.framework/Versions/3.8/include/python3.8/cpython/pystate.h:80:15: note: 'curexc_value' declared here
2022-12-27T11:29:28.3951680Z       PyObject *curexc_value;
2022-12-27T11:29:28.3952060Z                 ^
2022-12-27T11:29:28.3952450Z   src/lxml/lxml.etree.c:127406:13: error: no member named 'exc_traceback' in 'struct _ts'; did you mean 'curexc_traceback'?
2022-12-27T11:29:28.3952750Z       tstate->exc_traceback = *tb;
2022-12-27T11:29:28.3952970Z               ^~~~~~~~~~~~~
2022-12-27T11:29:28.3953190Z               curexc_traceback
2022-12-27T11:29:28.3953550Z   /Library/Frameworks/Python.framework/Versions/3.8/include/python3.8/cpython/pystate.h:81:15: note: 'curexc_traceback' declared here
2022-12-27T11:29:28.3953820Z       PyObject *curexc_traceback;
2022-12-27T11:29:28.3954020Z                 ^
2022-12-27T11:29:28.3954190Z   15 errors generated.
2022-12-27T11:29:28.3954670Z   error: command '/usr/bin/gcc' failed with exit code 1
2022-12-27T11:29:28.4254460Z   error: subprocess-exited-with-error
2022-12-27T11:29:28.4254890Z   
2022-12-27T11:29:28.4255360Z   × python setup.py bdist_wheel did not run successfully.
2022-12-27T11:29:28.4255910Z   │ exit code: 1
2022-12-27T11:29:28.4256220Z   ╰─> See above for output.
2022-12-27T11:29:28.4256400Z   
2022-12-27T11:29:28.4256670Z   note: This error originates from a subprocess, and is likely not a problem with pip.
2022-12-27T11:29:28.4264890Z   full command: /private/var/folders/51/hd414ycd67n82196sw51xqtc0000gn/T/cibw-run-s59zy6vv/cp38-macosx_arm64/build/venv/bin/python -u -c '
2022-12-27T11:29:28.4265440Z   exec(compile('"'"''"'"''"'"'
2022-12-27T11:29:28.4265880Z   # This is <pip-setuptools-caller> -- a caller that pip uses to run setup.py
2022-12-27T11:29:28.4266220Z   #
2022-12-27T11:29:28.4266660Z   # - It imports setuptools before invoking setup.py, to enable projects that directly
2022-12-27T11:29:28.4267060Z   #   import from `distutils.core` to work with newer packaging standards.
2022-12-27T11:29:28.4267560Z   # - It provides a clear error message when setuptools is not installed.
2022-12-27T11:29:28.4268100Z   # - It sets `sys.argv[0]` to the underlying `setup.py`, when invoking `setup.py` so
2022-12-27T11:29:28.4268650Z   #   setuptools doesn'"'"'t think the script is `-c`. This avoids the following warning:
2022-12-27T11:29:28.4269080Z   #     manifest_maker: standard file '"'"'-c'"'"' not found".
2022-12-27T11:29:28.4269550Z   # - It generates a shim setup.py, for handling setup.cfg-only projects.
2022-12-27T11:29:28.4269880Z   import os, sys, tokenize
2022-12-27T11:29:28.4270110Z   
2022-12-27T11:29:28.4270300Z   try:
2022-12-27T11:29:28.4270560Z       import setuptools
2022-12-27T11:29:28.4270840Z   except ImportError as error:
2022-12-27T11:29:28.4271050Z       print(
2022-12-27T11:29:28.4271360Z           "ERROR: Can not execute `setup.py` since setuptools is not available in "
2022-12-27T11:29:28.4271690Z           "the build environment.",
2022-12-27T11:29:28.4271930Z           file=sys.stderr,
2022-12-27T11:29:28.4272160Z       )
2022-12-27T11:29:28.4272380Z       sys.exit(1)
2022-12-27T11:29:28.4273020Z   
2022-12-27T11:29:28.4273260Z   __file__ = %r
2022-12-27T11:29:28.4273520Z   sys.argv[0] = __file__
2022-12-27T11:29:28.4273740Z   
2022-12-27T11:29:28.4274000Z   if os.path.exists(__file__):
2022-12-27T11:29:28.4274290Z       filename = __file__
2022-12-27T11:29:28.4274520Z       with tokenize.open(__file__) as f:
2022-12-27T11:29:28.4274810Z           setup_py_code = f.read()
2022-12-27T11:29:28.4275020Z   else:
2022-12-27T11:29:28.4275370Z       filename = "<auto-generated setuptools caller>"
2022-12-27T11:29:28.4275710Z       setup_py_code = "from setuptools import setup; setup()"
2022-12-27T11:29:28.4275970Z   
2022-12-27T11:29:28.4276190Z   exec(compile(setup_py_code, filename, "exec"))
2022-12-27T11:29:28.4276970Z   '"'"''"'"''"'"' % ('"'"'/Users/runner/actions-runner/_work/python.build/python.build/build_lxml21338/lxml-2.1.3/setup.py'"'"',), "<pip-setuptools-caller>", "exec"))' bdist_wheel -d /private/var/folders/51/hd414ycd67n82196sw51xqtc0000gn/T/pip-wheel-0zmmvqyb
2022-12-27T11:29:28.4277630Z   cwd: /Users/runner/actions-runner/_work/python.build/python.build/build_lxml21338/lxml-2.1.3/
2022-12-27T11:29:28.4277970Z   ERROR: Failed building wheel for lxml
2022-12-27T11:29:28.4278320Z   Building wheel for lxml (setup.py): finished with status 'error'
2022-12-27T11:29:28.4278650Z   Running setup.py clean for lxml
2022-12-27T11:29:28.4279450Z   Running command python setup.py clean
2022-12-27T11:29:28.6904110Z   Building lxml version 2.1.3.
2022-12-27T11:29:28.6905820Z   Building with Cython 0.29.32.
2022-12-27T11:29:28.7029240Z   Using build configuration of libxslt 1.1.29
2022-12-27T11:29:28.7971150Z   Building against libxml2/libxslt in the following directory: /Library/Developer/CommandLineTools/SDKs/MacOSX12.1.sdk/usr/lib
2022-12-27T11:29:28.8115130Z   running clean
2022-12-27T11:29:28.8145280Z   removing 'build/temp.macosx-11.0-arm64-cpython-38' (and everything under it)
2022-12-27T11:29:28.8148720Z   removing 'build/lib.macosx-11.0-arm64-cpython-38' (and everything under it)
2022-12-27T11:29:28.8170050Z   'build/bdist.macosx-11.0-arm64' does not exist -- can't clean it
2022-12-27T11:29:28.8171980Z   'build/scripts-3.8' does not exist -- can't clean it
2022-12-27T11:29:28.8173440Z   removing 'build'
2022-12-27T11:29:28.8392390Z Failed to build lxml
2022-12-27T11:29:28.8397730Z ERROR: Failed to build one or more wheels
2022-12-27T11:29:28.8407650Z Exception information:
2022-12-27T11:29:28.8407870Z Traceback (most recent call last):
2022-12-27T11:29:28.8414140Z   File "/private/var/folders/51/hd414ycd67n82196sw51xqtc0000gn/T/cibw-run-s59zy6vv/cp38-macosx_arm64/build/venv/lib/python3.8/site-packages/pip/_internal/cli/base_command.py", line 160, in exc_logging_wrapper
2022-12-27T11:29:28.8414530Z     status = run_func(*args)
2022-12-27T11:29:28.8415040Z   File "/private/var/folders/51/hd414ycd67n82196sw51xqtc0000gn/T/cibw-run-s59zy6vv/cp38-macosx_arm64/build/venv/lib/python3.8/site-packages/pip/_internal/cli/req_command.py", line 247, in wrapper
2022-12-27T11:29:28.8415330Z     return func(self, options, args)
2022-12-27T11:29:28.8415740Z   File "/private/var/folders/51/hd414ycd67n82196sw51xqtc0000gn/T/cibw-run-s59zy6vv/cp38-macosx_arm64/build/venv/lib/python3.8/site-packages/pip/_internal/commands/wheel.py", line 201, in run
2022-12-27T11:29:28.8416080Z     raise CommandError("Failed to build one or more wheels")
2022-12-27T11:29:28.8416330Z pip._internal.exceptions.CommandError: Failed to build one or more wheels
2022-12-27T11:29:28.8416680Z Removed build tracker: '/private/var/folders/51/hd414ycd67n82196sw51xqtc0000gn/T/pip-build-tracker-7cmkuqs0'
2022-12-27T11:29:28.8785050Z ##[endgroup]
2022-12-27T11:29:28.8785730Z                                                               [31m✕ [0m2.32s
2022-12-27T11:29:28.9146320Z ##[error]Command ['python', '-m', 'pip', 'wheel', '/Users/runner/actions-runner/_work/python.build/python.build/build_lxml21338/lxml-2.1.3', '--wheel-dir=/private/var/folders/51/hd414ycd67n82196sw51xqtc0000gn/T/cibw-run-s59zy6vv/cp38-macosx_arm64/built_wheel', '--no-deps', '-vvv'] failed with code 1. None
2022-12-27T11:29:28.9152950Z 
2022-12-27T11:29:28.9248590Z ##[error]Process completed with exit code 1.
2022-12-27T11:29:28.9280600Z ##[group]Run rm -rf build_lxml21338 wheelsout
2022-12-27T11:29:28.9280790Z [36;1mrm -rf build_lxml21338 wheelsout[0m
2022-12-27T11:29:28.9295650Z shell: /bin/bash -e {0}
2022-12-27T11:29:28.9295770Z env:
2022-12-27T11:29:28.9295920Z   pythonLocation: /Users/runner/hostedtoolcache/Python/3.8.15/x64
2022-12-27T11:29:28.9296120Z   PKG_CONFIG_PATH: /Users/runner/hostedtoolcache/Python/3.8.15/x64/lib/pkgconfig
2022-12-27T11:29:28.9296300Z   Python_ROOT_DIR: /Users/runner/hostedtoolcache/Python/3.8.15/x64
2022-12-27T11:29:28.9296480Z   Python2_ROOT_DIR: /Users/runner/hostedtoolcache/Python/3.8.15/x64
2022-12-27T11:29:28.9296660Z   Python3_ROOT_DIR: /Users/runner/hostedtoolcache/Python/3.8.15/x64
2022-12-27T11:29:28.9296790Z ##[endgroup]
2022-12-27T11:29:28.9812160Z Cleaning up orphan processes
