2022-12-27T01:50:51.7361576Z Requested labels: self-hosted, macOS, X64
2022-12-27T01:50:51.7361656Z Job defined at: kilnbuild/python.build/.github/workflows/mac_arm_build.yml@refs/heads/main
2022-12-27T01:50:51.7361692Z Waiting for a runner to pick up this job...
2022-12-27T01:51:42.2182246Z Job is about to start running on the runner: s1 (organization)
2022-12-27T01:51:45.6334910Z Current runner version: '2.300.2'
2022-12-27T01:51:45.6339820Z Runner name: 's1'
2022-12-27T01:51:45.6340080Z Runner group name: 'Default'
2022-12-27T01:51:45.6340510Z Machine name: 's1'
2022-12-27T01:51:45.6342030Z ##[group]GITHUB_TOKEN Permissions
2022-12-27T01:51:45.6342440Z Actions: write
2022-12-27T01:51:45.6342580Z Checks: write
2022-12-27T01:51:45.6342710Z Contents: write
2022-12-27T01:51:45.6342850Z Deployments: write
2022-12-27T01:51:45.6342990Z Discussions: write
2022-12-27T01:51:45.6343120Z Issues: write
2022-12-27T01:51:45.6343240Z Metadata: read
2022-12-27T01:51:45.6343370Z Packages: write
2022-12-27T01:51:45.6343510Z Pages: write
2022-12-27T01:51:45.6343630Z PullRequests: write
2022-12-27T01:51:45.6343790Z RepositoryProjects: write
2022-12-27T01:51:45.6343950Z SecurityEvents: write
2022-12-27T01:51:45.6344090Z Statuses: write
2022-12-27T01:51:45.6344220Z ##[endgroup]
2022-12-27T01:51:45.6346870Z Secret source: Actions
2022-12-27T01:51:45.6347330Z Prepare workflow directory
2022-12-27T01:51:45.7012400Z Prepare all required actions
2022-12-27T01:51:45.7133250Z Getting action download info
2022-12-27T01:51:46.1371810Z Download action repository 'actions/setup-python@v4' (SHA:5ccb29d8773c3f3f653e1705f474dfaa8a06a912)
2022-12-27T01:51:47.4355430Z Download action repository 'actions/upload-artifact@v3' (SHA:83fd05a356d7e2593de66fc9913b3002723633cb)
2022-12-27T01:51:48.7185190Z ##[group]Run echo '{
2022-12-27T01:51:48.7185500Z [36;1mecho '{[0m
2022-12-27T01:51:48.7185700Z [36;1m  "environment_variables": "GRPC_PYTHON_BUILD_WITH_CYTHON=1 GRPC_BUILD_WITH_BORING_SSL_ASM='' GRPC_PYTHON_BUILD_SYSTEM_OPENSSL=TRUE",[0m
2022-12-27T01:51:48.7185900Z [36;1m  "package_name": "grpcio",[0m
2022-12-27T01:51:48.7186170Z [36;1m  "package_url": "https://files.pythonhosted.org/packages/12/33/730b6ef5fd67b6eab3db69cfe5a74edcd9ecaacecc3105346c45a9e8761d/grpcio-0.10.0a0.tar.gz",[0m
2022-12-27T01:51:48.7186400Z [36;1m  "package_version": "0.10.0a0",[0m
2022-12-27T01:51:48.7186560Z [36;1m  "python_version": "3.11",[0m
2022-12-27T01:51:48.7186740Z [36;1m  "use_ccache": "true"[0m
2022-12-27T01:51:48.7186900Z [36;1m}'[0m
2022-12-27T01:51:48.7203040Z shell: /bin/bash -e {0}
2022-12-27T01:51:48.7203220Z ##[endgroup]
2022-12-27T01:51:48.7418080Z {
2022-12-27T01:51:48.7419500Z   "environment_variables": "GRPC_PYTHON_BUILD_WITH_CYTHON=1 GRPC_BUILD_WITH_BORING_SSL_ASM= GRPC_PYTHON_BUILD_SYSTEM_OPENSSL=TRUE",
2022-12-27T01:51:48.7419800Z   "package_name": "grpcio",
2022-12-27T01:51:48.7420400Z   "package_url": "https://files.pythonhosted.org/packages/12/33/730b6ef5fd67b6eab3db69cfe5a74edcd9ecaacecc3105346c45a9e8761d/grpcio-0.10.0a0.tar.gz",
2022-12-27T01:51:48.7420690Z   "package_version": "0.10.0a0",
2022-12-27T01:51:48.7420870Z   "python_version": "3.11",
2022-12-27T01:51:48.7421020Z   "use_ccache": "true"
2022-12-27T01:51:48.7421190Z }
2022-12-27T01:51:48.7635610Z ##[group]Run actions/setup-python@v4
2022-12-27T01:51:48.7635890Z with:
2022-12-27T01:51:48.7636050Z   python-version: 3.11
2022-12-27T01:51:48.7636240Z   check-latest: false
2022-12-27T01:51:48.7636590Z   token: ***
2022-12-27T01:51:48.7636830Z   update-environment: true
2022-12-27T01:51:48.7636980Z ##[endgroup]
2022-12-27T01:51:48.8915120Z ##[group]Installed versions
2022-12-27T01:51:48.8956230Z Successfully set up CPython (3.11.1)
2022-12-27T01:51:48.8957000Z ##[endgroup]
2022-12-27T01:51:48.9108820Z ##[group]Run if [ "true" == "true" ]
2022-12-27T01:51:48.9109050Z [36;1mif [ "true" == "true" ][0m
2022-12-27T01:51:48.9109240Z [36;1mthen[0m
2022-12-27T01:51:48.9109610Z [36;1m  echo "CCACHE_PATH_PREPEND=/usr/local/opt/ccache/libexec" >> $GITHUB_OUTPUT[0m
2022-12-27T01:51:48.9109830Z [36;1melse[0m
2022-12-27T01:51:48.9109990Z [36;1m  echo "CCACHE_PATH_PREPEND=" >> $GITHUB_OUTPUT[0m
2022-12-27T01:51:48.9110180Z [36;1mfi[0m
2022-12-27T01:51:48.9128360Z shell: /bin/bash -e {0}
2022-12-27T01:51:48.9128540Z env:
2022-12-27T01:51:48.9128770Z   pythonLocation: /Users/runner/hostedtoolcache/Python/3.11.1/x64
2022-12-27T01:51:48.9129030Z   PKG_CONFIG_PATH: /Users/runner/hostedtoolcache/Python/3.11.1/x64/lib/pkgconfig
2022-12-27T01:51:48.9129620Z   Python_ROOT_DIR: /Users/runner/hostedtoolcache/Python/3.11.1/x64
2022-12-27T01:51:48.9129880Z   Python2_ROOT_DIR: /Users/runner/hostedtoolcache/Python/3.11.1/x64
2022-12-27T01:51:48.9130170Z   Python3_ROOT_DIR: /Users/runner/hostedtoolcache/Python/3.11.1/x64
2022-12-27T01:51:48.9130370Z ##[endgroup]
2022-12-27T01:51:48.9238880Z ##[group]Run echo "BUILD_NAME=$(echo grpcio_0.10.0a0_3.11 | tr -dc '[:alnum:]\n\r' | tr '[:upper:]' '[:lower:]')" >> $GITHUB_OUTPUT
2022-12-27T01:51:48.9239410Z [36;1mecho "BUILD_NAME=$(echo grpcio_0.10.0a0_3.11 | tr -dc '[:alnum:]\n\r' | tr '[:upper:]' '[:lower:]')" >> $GITHUB_OUTPUT[0m
2022-12-27T01:51:48.9254830Z shell: /bin/bash -e {0}
2022-12-27T01:51:48.9255060Z env:
2022-12-27T01:51:48.9255380Z   pythonLocation: /Users/runner/hostedtoolcache/Python/3.11.1/x64
2022-12-27T01:51:48.9255630Z   PKG_CONFIG_PATH: /Users/runner/hostedtoolcache/Python/3.11.1/x64/lib/pkgconfig
2022-12-27T01:51:48.9255930Z   Python_ROOT_DIR: /Users/runner/hostedtoolcache/Python/3.11.1/x64
2022-12-27T01:51:48.9256180Z   Python2_ROOT_DIR: /Users/runner/hostedtoolcache/Python/3.11.1/x64
2022-12-27T01:51:48.9256420Z   Python3_ROOT_DIR: /Users/runner/hostedtoolcache/Python/3.11.1/x64
2022-12-27T01:51:48.9256680Z ##[endgroup]
2022-12-27T01:51:48.9396890Z ##[group]Run echo "PYTHON_NO_DOTS=$(echo 3.11 | tr -dc '[:alnum:]\n\r' | tr '[:upper:]' '[:lower:]')" >> $GITHUB_OUTPUT
2022-12-27T01:51:48.9397260Z [36;1mecho "PYTHON_NO_DOTS=$(echo 3.11 | tr -dc '[:alnum:]\n\r' | tr '[:upper:]' '[:lower:]')" >> $GITHUB_OUTPUT[0m
2022-12-27T01:51:48.9412500Z shell: /bin/bash -e {0}
2022-12-27T01:51:48.9412710Z env:
2022-12-27T01:51:48.9412920Z   pythonLocation: /Users/runner/hostedtoolcache/Python/3.11.1/x64
2022-12-27T01:51:48.9413660Z   PKG_CONFIG_PATH: /Users/runner/hostedtoolcache/Python/3.11.1/x64/lib/pkgconfig
2022-12-27T01:51:48.9413900Z   Python_ROOT_DIR: /Users/runner/hostedtoolcache/Python/3.11.1/x64
2022-12-27T01:51:48.9414140Z   Python2_ROOT_DIR: /Users/runner/hostedtoolcache/Python/3.11.1/x64
2022-12-27T01:51:48.9414410Z   Python3_ROOT_DIR: /Users/runner/hostedtoolcache/Python/3.11.1/x64
2022-12-27T01:51:48.9414580Z ##[endgroup]
2022-12-27T01:51:48.9526090Z ##[group]Run rm -rf build_grpcio0100a0311
2022-12-27T01:51:48.9526460Z [36;1mrm -rf build_grpcio0100a0311[0m
2022-12-27T01:51:48.9526690Z [36;1mmkdir build_grpcio0100a0311[0m
2022-12-27T01:51:48.9526880Z [36;1mcd build_grpcio0100a0311[0m
2022-12-27T01:51:48.9527190Z [36;1m/usr/local/bin/wget --quiet https://files.pythonhosted.org/packages/12/33/730b6ef5fd67b6eab3db69cfe5a74edcd9ecaacecc3105346c45a9e8761d/grpcio-0.10.0a0.tar.gz[0m
2022-12-27T01:51:48.9527440Z [36;1mtar xf *.tar.gz[0m
2022-12-27T01:51:48.9527650Z [36;1mcd grpcio-*/[0m
2022-12-27T01:51:48.9527860Z [36;1mpython -m pip install cibuildwheel==2.11.3[0m
2022-12-27T01:51:48.9528050Z [36;1mpython -m cibuildwheel --output-dir ../wheelsout[0m
2022-12-27T01:51:48.9543280Z shell: /bin/bash -e {0}
2022-12-27T01:51:48.9543540Z env:
2022-12-27T01:51:48.9543720Z   pythonLocation: /Users/runner/hostedtoolcache/Python/3.11.1/x64
2022-12-27T01:51:48.9544040Z   PKG_CONFIG_PATH: /Users/runner/hostedtoolcache/Python/3.11.1/x64/lib/pkgconfig
2022-12-27T01:51:48.9544270Z   Python_ROOT_DIR: /Users/runner/hostedtoolcache/Python/3.11.1/x64
2022-12-27T01:51:48.9544550Z   Python2_ROOT_DIR: /Users/runner/hostedtoolcache/Python/3.11.1/x64
2022-12-27T01:51:48.9544790Z   Python3_ROOT_DIR: /Users/runner/hostedtoolcache/Python/3.11.1/x64
2022-12-27T01:51:48.9544970Z   CIBW_ARCHS_MACOS: arm64
2022-12-27T01:51:48.9545150Z   CIBW_TEST_SKIP: *_arm64
2022-12-27T01:51:48.9545350Z   CIBW_BUILD: cp311-macosx_arm64
2022-12-27T01:51:48.9545530Z   CIBW_BUILD_FRONTEND: pip
2022-12-27T01:51:48.9545710Z   CIBW_BUILD_VERBOSITY: 3
2022-12-27T01:51:48.9546110Z   CIBW_ENVIRONMENT_MACOS: GRPC_PYTHON_BUILD_WITH_CYTHON=1 GRPC_BUILD_WITH_BORING_SSL_ASM='' GRPC_PYTHON_BUILD_SYSTEM_OPENSSL=TRUE CFLAGS="-I/usr/local/opt/openssl@3/include" LDFLAGS="-L/usr/local/opt/openssl@3/lib" CPPFLAGS="-I/usr/local/opt/openssl@3/include" MAKEFLAGS="-j$(sysctl -n hw.logicalcpu)" PATH=/usr/local/opt/ccache/libexec:$PATH
2022-12-27T01:51:48.9546770Z   CIBW_BEFORE_BUILD: pip install Cython; if [[ -f requirements.txt ]]; then pip install -r requirements.txt; fi
2022-12-27T01:51:48.9547060Z   MAKEFLAGS: -j$(sysctl -n hw.logicalcpu)
2022-12-27T01:51:48.9547220Z ##[endgroup]
2022-12-27T01:51:49.2879690Z Requirement already satisfied: cibuildwheel==2.11.3 in /Library/Frameworks/Python.framework/Versions/3.11/lib/python3.11/site-packages (2.11.3)
2022-12-27T01:51:49.3181780Z Requirement already satisfied: bashlex!=0.13 in /Library/Frameworks/Python.framework/Versions/3.11/lib/python3.11/site-packages (from cibuildwheel==2.11.3) (0.16)
2022-12-27T01:51:49.3188480Z Requirement already satisfied: bracex in /Library/Frameworks/Python.framework/Versions/3.11/lib/python3.11/site-packages (from cibuildwheel==2.11.3) (2.3.post1)
2022-12-27T01:51:49.3195300Z Requirement already satisfied: certifi in /Library/Frameworks/Python.framework/Versions/3.11/lib/python3.11/site-packages (from cibuildwheel==2.11.3) (2022.12.7)
2022-12-27T01:51:49.3202310Z Requirement already satisfied: filelock in /Library/Frameworks/Python.framework/Versions/3.11/lib/python3.11/site-packages (from cibuildwheel==2.11.3) (3.8.2)
2022-12-27T01:51:49.3211360Z Requirement already satisfied: packaging>=20.9 in /Library/Frameworks/Python.framework/Versions/3.11/lib/python3.11/site-packages (from cibuildwheel==2.11.3) (22.0)
2022-12-27T01:51:49.3219890Z Requirement already satisfied: platformdirs in /Library/Frameworks/Python.framework/Versions/3.11/lib/python3.11/site-packages (from cibuildwheel==2.11.3) (2.6.0)
2022-12-27T01:51:49.5427010Z 
2022-12-27T01:51:49.5427470Z      _ _       _ _   _       _           _
2022-12-27T01:51:49.5428370Z  ___|_| |_ _ _|_| |_| |_ _ _| |_ ___ ___| |
2022-12-27T01:51:49.5429060Z |  _| | . | | | | | . | | | |   | -_| -_| |
2022-12-27T01:51:49.5429430Z |___|_|___|___|_|_|___|_____|_|_|___|___|_|
2022-12-27T01:51:49.5429590Z 
2022-12-27T01:51:49.5429760Z cibuildwheel version 2.11.3
2022-12-27T01:51:49.5429970Z 
2022-12-27T01:51:49.5430330Z Build options:
2022-12-27T01:51:49.5430700Z   platform: macos
2022-12-27T01:51:49.5473460Z   architectures: arm64[0m
2022-12-27T01:51:49.5474220Z   build_selector: 
2022-12-27T01:51:49.5474760Z     build_config: cp311-macosx_arm64
2022-12-27T01:51:49.5475270Z     skip_config: 
2022-12-27T01:51:49.5475630Z     requires_python: None
2022-12-27T01:51:49.5476200Z     prerelease_pythons: False[0m
2022-12-27T01:51:49.5477040Z   [38;5;244mcontainer_engine: docker[0m
2022-12-27T01:51:49.5477690Z   output_dir: /Users/runner/actions-runner/_work/python.build/python.build/build_grpcio0100a0311/wheelsout[0m
2022-12-27T01:51:49.5478480Z   package_dir: /Users/runner/actions-runner/_work/python.build/python.build/build_grpcio0100a0311/grpcio-0.10.0a0[0m
2022-12-27T01:51:49.5478950Z   test_selector: 
2022-12-27T01:51:49.5479500Z     skip_config: *_arm64[0m
2022-12-27T01:51:49.5479960Z   [38;5;244mbefore_all: [0m
2022-12-27T01:51:49.5480630Z   before_build: pip install Cython; if [[ -f requirements.txt ]]; then pip install -r requirements.txt; fi[0m
2022-12-27T01:51:49.5481180Z   [38;5;244mbefore_test: [0m
2022-12-27T01:51:49.5481580Z   [38;5;244mbuild_frontend: pip[0m
2022-12-27T01:51:49.5482180Z   build_verbosity: 3[0m
2022-12-27T01:51:49.5482630Z   [38;5;244mconfig_settings: [0m
2022-12-27T01:51:49.5483150Z   [38;5;244mdependency_constraints: pinned[0m
2022-12-27T01:51:49.5483510Z   environment: 
2022-12-27T01:51:49.5483970Z     GRPC_PYTHON_BUILD_WITH_CYTHON=1
2022-12-27T01:51:49.5484290Z     GRPC_BUILD_WITH_BORING_SSL_ASM=''
2022-12-27T01:51:49.5484630Z     GRPC_PYTHON_BUILD_SYSTEM_OPENSSL=TRUE
2022-12-27T01:51:49.5485050Z     CFLAGS="-I/usr/local/opt/openssl@3/include"
2022-12-27T01:51:49.5485410Z     LDFLAGS="-L/usr/local/opt/openssl@3/lib"
2022-12-27T01:51:49.5485970Z     CPPFLAGS="-I/usr/local/opt/openssl@3/include"
2022-12-27T01:51:49.5486390Z     MAKEFLAGS="-j$(sysctl -n hw.logicalcpu)"
2022-12-27T01:51:49.5487160Z     PATH=/usr/local/opt/ccache/libexec:$PATH[0m
2022-12-27T01:51:49.5487520Z   [38;5;244mmanylinux_images: None[0m
2022-12-27T01:51:49.5487910Z   [38;5;244mmusllinux_images: None[0m
2022-12-27T01:51:49.5488580Z   [38;5;244mrepair_command: delocate-wheel --require-archs {delocate_archs} -w {dest_dir} -v {wheel}[0m
2022-12-27T01:51:49.5488980Z   [38;5;244mtest_command: [0m
2022-12-27T01:51:49.5489330Z   [38;5;244mtest_extras: [0m
2022-12-27T01:51:49.5489690Z   [38;5;244mtest_requires: [0m
2022-12-27T01:51:49.5489860Z 
2022-12-27T01:51:49.5489980Z Cache folder: /Users/runner/Library/Caches/cibuildwheel
2022-12-27T01:51:49.5490720Z 
2022-12-27T01:51:49.5490900Z Here we go!
2022-12-27T01:51:49.5491020Z 
2022-12-27T01:51:49.5543670Z 
2022-12-27T01:51:49.5544230Z [1m[34mBuilding cp311-macosx_arm64 wheel[0m
2022-12-27T01:51:49.5544750Z CPython 3.11 macOS arm64 - Apple Silicon
2022-12-27T01:51:49.5544870Z 
2022-12-27T01:51:49.5547310Z ##[group]Installing Python cp311...
2022-12-27T01:51:49.5547580Z 
2022-12-27T01:51:49.5547910Z + pkgutil --pkgs
2022-12-27T01:51:49.5645690Z ##[endgroup]
2022-12-27T01:51:49.5646560Z                                                               [32mâœ“ [0m0.01s
2022-12-27T01:51:49.5646970Z ##[group]Setting up build environment...
2022-12-27T01:51:49.5647140Z 
2022-12-27T01:51:49.5664240Z + /Library/Frameworks/Python.framework/Versions/3.11/bin/python -sS /Users/runner/Library/Caches/cibuildwheel/virtualenv-20.17.0.pyz --activators= --no-periodic-update --pip=22.3.1 --setuptools=65.6.3 --wheel=0.38.4 --symlink-app-data --python /Library/Frameworks/Python.framework/Versions/3.11/bin/python3 /private/var/folders/51/hd414ycd67n82196sw51xqtc0000gn/T/cibw-run-bdqueunb/cp311-macosx_arm64/build/venv
2022-12-27T01:51:49.7562500Z created virtual environment CPython3.11.1.final.0-64 in 47ms
2022-12-27T01:51:49.7563030Z   creator CPython3Posix(dest=/private/var/folders/51/hd414ycd67n82196sw51xqtc0000gn/T/cibw-run-bdqueunb/cp311-macosx_arm64/build/venv, clear=False, no_vcs_ignore=False, global=False)
2022-12-27T01:51:49.7563700Z   seeder FromAppData(download=False, pip=22.3.1, setuptools=65.6.3, wheel=0.38.4, via=symlink, app_data_dir=/Users/runner/Library/Application Support/virtualenv)
2022-12-27T01:51:49.7564060Z     added seed packages: pip==22.3.1, setuptools==65.6.3, wheel==0.38.4
2022-12-27T01:51:49.7685720Z + python -m pip install --upgrade pip -c /Library/Frameworks/Python.framework/Versions/3.11/lib/python3.11/site-packages/cibuildwheel/resources/constraints-python311.txt
2022-12-27T01:51:50.0452590Z Requirement already satisfied: pip in ./lib/python3.11/site-packages (22.3.1)
2022-12-27T01:51:50.1716880Z + which pip
2022-12-27T01:51:50.1732970Z /private/var/folders/51/hd414ycd67n82196sw51xqtc0000gn/T/cibw-run-bdqueunb/cp311-macosx_arm64/build/venv/bin/pip
2022-12-27T01:51:50.1735170Z + pip --version
2022-12-27T01:51:50.3718140Z pip 22.3.1 from /private/var/folders/51/hd414ycd67n82196sw51xqtc0000gn/T/cibw-run-bdqueunb/cp311-macosx_arm64/build/venv/lib/python3.11/site-packages/pip (python 3.11)
2022-12-27T01:51:50.3949210Z + which pip
2022-12-27T01:51:50.3975130Z + which python
2022-12-27T01:51:50.3993100Z /private/var/folders/51/hd414ycd67n82196sw51xqtc0000gn/T/cibw-run-bdqueunb/cp311-macosx_arm64/build/venv/bin/python
2022-12-27T01:51:50.3995630Z + python --version
2022-12-27T01:51:50.4054510Z Python 3.11.1
2022-12-27T01:51:50.4057120Z + which python
2022-12-27T01:51:50.4108960Z ##[endgroup]
2022-12-27T01:51:50.4109540Z                                                               [32mâœ“ [0m0.85s
2022-12-27T01:51:50.4110320Z ##[group]Installing build tools...
2022-12-27T01:51:50.4110490Z 
2022-12-27T01:51:50.4110910Z + pip install --upgrade setuptools wheel delocate -c /Library/Frameworks/Python.framework/Versions/3.11/lib/python3.11/site-packages/cibuildwheel/resources/constraints-python311.txt
2022-12-27T01:51:50.6878650Z Requirement already satisfied: setuptools in /private/var/folders/51/hd414ycd67n82196sw51xqtc0000gn/T/cibw-run-bdqueunb/cp311-macosx_arm64/build/venv/lib/python3.11/site-packages (65.6.3)
2022-12-27T01:51:50.8613760Z Requirement already satisfied: wheel in /private/var/folders/51/hd414ycd67n82196sw51xqtc0000gn/T/cibw-run-bdqueunb/cp311-macosx_arm64/build/venv/lib/python3.11/site-packages (0.38.4)
2022-12-27T01:51:50.8995530Z Collecting delocate
2022-12-27T01:51:50.9018100Z   Using cached delocate-0.10.3-py3-none-any.whl (142 kB)
2022-12-27T01:51:50.9281840Z Collecting packaging>=20.9
2022-12-27T01:51:50.9300740Z   Using cached packaging-21.3-py3-none-any.whl (40 kB)
2022-12-27T01:51:50.9448820Z Collecting typing-extensions
2022-12-27T01:51:50.9466760Z   Using cached typing_extensions-4.4.0-py3-none-any.whl (26 kB)
2022-12-27T01:51:50.9769410Z Collecting pyparsing!=3.0.5,>=2.0.2
2022-12-27T01:51:50.9787350Z   Using cached pyparsing-3.0.9-py3-none-any.whl (98 kB)
2022-12-27T01:51:51.0363850Z Installing collected packages: typing-extensions, pyparsing, packaging, delocate
2022-12-27T01:51:51.1717670Z Successfully installed delocate-0.10.3 packaging-21.3 pyparsing-3.0.9 typing-extensions-4.4.0
2022-12-27T01:51:51.2184860Z ##[endgroup]
2022-12-27T01:51:51.2185500Z                                                               [32mâœ“ [0m0.81s
2022-12-27T01:51:51.2186050Z ##[group]Running before_build...
2022-12-27T01:51:51.2186210Z 
2022-12-27T01:51:51.2189220Z + pip install Cython; if [[ -f requirements.txt ]]; then pip install -r requirements.txt; fi
2022-12-27T01:51:51.7971700Z Collecting Cython
2022-12-27T01:51:51.8015700Z   Using cached Cython-0.29.32-py2.py3-none-any.whl (986 kB)
2022-12-27T01:51:51.8427940Z Installing collected packages: Cython
2022-12-27T01:51:52.2554600Z Successfully installed Cython-0.29.32
2022-12-27T01:51:52.3040520Z ##[endgroup]
2022-12-27T01:51:52.3041580Z                                                               [32mâœ“ [0m1.09s
2022-12-27T01:51:52.3042020Z ##[group]Building wheel...
2022-12-27T01:51:52.3042170Z 
2022-12-27T01:51:52.3046020Z + python -m pip wheel /Users/runner/actions-runner/_work/python.build/python.build/build_grpcio0100a0311/grpcio-0.10.0a0 --wheel-dir=/private/var/folders/51/hd414ycd67n82196sw51xqtc0000gn/T/cibw-run-bdqueunb/cp311-macosx_arm64/built_wheel --no-deps -vvv
2022-12-27T01:51:52.5643960Z Created temporary directory: /private/var/folders/51/hd414ycd67n82196sw51xqtc0000gn/T/pip-ephem-wheel-cache-77rl3x00
2022-12-27T01:51:52.5646510Z Created temporary directory: /private/var/folders/51/hd414ycd67n82196sw51xqtc0000gn/T/pip-build-tracker-crug38z4
2022-12-27T01:51:52.5648350Z Initialized build tracking at /private/var/folders/51/hd414ycd67n82196sw51xqtc0000gn/T/pip-build-tracker-crug38z4
2022-12-27T01:51:52.5649710Z Created build tracker: /private/var/folders/51/hd414ycd67n82196sw51xqtc0000gn/T/pip-build-tracker-crug38z4
2022-12-27T01:51:52.5651180Z Entered build tracker: /private/var/folders/51/hd414ycd67n82196sw51xqtc0000gn/T/pip-build-tracker-crug38z4
2022-12-27T01:51:52.5654280Z Created temporary directory: /private/var/folders/51/hd414ycd67n82196sw51xqtc0000gn/T/pip-wheel-jpwrbxdl
2022-12-27T01:51:52.5659600Z Created temporary directory: /private/var/folders/51/hd414ycd67n82196sw51xqtc0000gn/T/pip-ephem-wheel-cache-bj8_vkw9
2022-12-27T01:51:52.5735320Z Processing /Users/runner/actions-runner/_work/python.build/python.build/build_grpcio0100a0311/grpcio-0.10.0a0
2022-12-27T01:51:52.5741740Z   Added file:///Users/runner/actions-runner/_work/python.build/python.build/build_grpcio0100a0311/grpcio-0.10.0a0 to build tracker '/private/var/folders/51/hd414ycd67n82196sw51xqtc0000gn/T/pip-build-tracker-crug38z4'
2022-12-27T01:51:52.5745170Z   Running setup.py (path:/Users/runner/actions-runner/_work/python.build/python.build/build_grpcio0100a0311/grpcio-0.10.0a0/setup.py) egg_info for package from file:///Users/runner/actions-runner/_work/python.build/python.build/build_grpcio0100a0311/grpcio-0.10.0a0
2022-12-27T01:51:52.5748100Z   Created temporary directory: /private/var/folders/51/hd414ycd67n82196sw51xqtc0000gn/T/pip-pip-egg-info-bbgja0kk
2022-12-27T01:51:52.5749460Z   Preparing metadata (setup.py): started
2022-12-27T01:51:52.5751230Z   Running command python setup.py egg_info
2022-12-27T01:51:52.7333700Z   running egg_info
2022-12-27T01:51:52.7335710Z   creating /private/var/folders/51/hd414ycd67n82196sw51xqtc0000gn/T/pip-pip-egg-info-bbgja0kk/grpcio.egg-info
2022-12-27T01:51:52.7341250Z   writing /private/var/folders/51/hd414ycd67n82196sw51xqtc0000gn/T/pip-pip-egg-info-bbgja0kk/grpcio.egg-info/PKG-INFO
2022-12-27T01:51:52.7344300Z   writing dependency_links to /private/var/folders/51/hd414ycd67n82196sw51xqtc0000gn/T/pip-pip-egg-info-bbgja0kk/grpcio.egg-info/dependency_links.txt
2022-12-27T01:51:52.7346860Z   writing requirements to /private/var/folders/51/hd414ycd67n82196sw51xqtc0000gn/T/pip-pip-egg-info-bbgja0kk/grpcio.egg-info/requires.txt
2022-12-27T01:51:52.7349230Z   writing top-level names to /private/var/folders/51/hd414ycd67n82196sw51xqtc0000gn/T/pip-pip-egg-info-bbgja0kk/grpcio.egg-info/top_level.txt
2022-12-27T01:51:52.7350650Z   writing manifest file '/private/var/folders/51/hd414ycd67n82196sw51xqtc0000gn/T/pip-pip-egg-info-bbgja0kk/grpcio.egg-info/SOURCES.txt'
2022-12-27T01:51:52.8145940Z   reading manifest file '/private/var/folders/51/hd414ycd67n82196sw51xqtc0000gn/T/pip-pip-egg-info-bbgja0kk/grpcio.egg-info/SOURCES.txt'
2022-12-27T01:51:52.8148040Z   reading manifest template 'MANIFEST.in'
2022-12-27T01:51:52.8176130Z   writing manifest file '/private/var/folders/51/hd414ycd67n82196sw51xqtc0000gn/T/pip-pip-egg-info-bbgja0kk/grpcio.egg-info/SOURCES.txt'
2022-12-27T01:51:52.8410170Z   Preparing metadata (setup.py): finished with status 'done'
2022-12-27T01:51:52.8433330Z   Source in /Users/runner/actions-runner/_work/python.build/python.build/build_grpcio0100a0311/grpcio-0.10.0a0 has version 0.10.0a0, which satisfies requirement grpcio==0.10.0a0 from file:///Users/runner/actions-runner/_work/python.build/python.build/build_grpcio0100a0311/grpcio-0.10.0a0
2022-12-27T01:51:52.8436570Z   Removed grpcio==0.10.0a0 from file:///Users/runner/actions-runner/_work/python.build/python.build/build_grpcio0100a0311/grpcio-0.10.0a0 from build tracker '/private/var/folders/51/hd414ycd67n82196sw51xqtc0000gn/T/pip-build-tracker-crug38z4'
2022-12-27T01:51:52.8452580Z Created temporary directory: /private/var/folders/51/hd414ycd67n82196sw51xqtc0000gn/T/pip-unpack-fa64n6k5
2022-12-27T01:51:52.8454340Z Building wheels for collected packages: grpcio
2022-12-27T01:51:52.8459600Z   Created temporary directory: /private/var/folders/51/hd414ycd67n82196sw51xqtc0000gn/T/pip-wheel-861iiim_
2022-12-27T01:51:52.8461230Z   Building wheel for grpcio (setup.py): started
2022-12-27T01:51:52.8462910Z   Destination directory: /private/var/folders/51/hd414ycd67n82196sw51xqtc0000gn/T/pip-wheel-861iiim_
2022-12-27T01:51:52.8464000Z   Running command python setup.py bdist_wheel
2022-12-27T01:51:53.0055390Z   running bdist_wheel
2022-12-27T01:51:53.0793510Z   running build
2022-12-27T01:51:53.0795230Z   running build_py
2022-12-27T01:51:53.0811670Z   creating build
2022-12-27T01:51:53.0813610Z   creating build/lib.macosx-11.0-arm64-cpython-311
2022-12-27T01:51:53.0815040Z   creating build/lib.macosx-11.0-arm64-cpython-311/grpc
2022-12-27T01:51:53.0816640Z   copying grpc/__init__.py -> build/lib.macosx-11.0-arm64-cpython-311/grpc
2022-12-27T01:51:53.0823830Z   creating build/lib.macosx-11.0-arm64-cpython-311/grpc/_adapter
2022-12-27T01:51:53.0825280Z   copying grpc/_adapter/fore.py -> build/lib.macosx-11.0-arm64-cpython-311/grpc/_adapter
2022-12-27T01:51:53.0828250Z   copying grpc/_adapter/_event_invocation_synchronous_event_service_test.py -> build/lib.macosx-11.0-arm64-cpython-311/grpc/_adapter
2022-12-27T01:51:53.0830300Z   copying grpc/_adapter/_types.py -> build/lib.macosx-11.0-arm64-cpython-311/grpc/_adapter
2022-12-27T01:51:53.0833180Z   copying grpc/_adapter/_lonely_rear_link_test.py -> build/lib.macosx-11.0-arm64-cpython-311/grpc/_adapter
2022-12-27T01:51:53.0835760Z   copying grpc/_adapter/_face_test_case.py -> build/lib.macosx-11.0-arm64-cpython-311/grpc/_adapter
2022-12-27T01:51:53.0838350Z   copying grpc/_adapter/_intermediary_low.py -> build/lib.macosx-11.0-arm64-cpython-311/grpc/_adapter
2022-12-27T01:51:53.0840840Z   copying grpc/_adapter/_future_invocation_asynchronous_event_service_test.py -> build/lib.macosx-11.0-arm64-cpython-311/grpc/_adapter
2022-12-27T01:51:53.0843230Z   copying grpc/_adapter/_common.py -> build/lib.macosx-11.0-arm64-cpython-311/grpc/_adapter
2022-12-27T01:51:53.0846400Z   copying grpc/_adapter/__init__.py -> build/lib.macosx-11.0-arm64-cpython-311/grpc/_adapter
2022-12-27T01:51:53.0849180Z   copying grpc/_adapter/_low.py -> build/lib.macosx-11.0-arm64-cpython-311/grpc/_adapter
2022-12-27T01:51:53.0851030Z   copying grpc/_adapter/_blocking_invocation_inline_service_test.py -> build/lib.macosx-11.0-arm64-cpython-311/grpc/_adapter
2022-12-27T01:51:53.0853410Z   copying grpc/_adapter/_test_links.py -> build/lib.macosx-11.0-arm64-cpython-311/grpc/_adapter
2022-12-27T01:51:53.0856140Z   copying grpc/_adapter/_intermediary_low_test.py -> build/lib.macosx-11.0-arm64-cpython-311/grpc/_adapter
2022-12-27T01:51:53.0858890Z   copying grpc/_adapter/rear.py -> build/lib.macosx-11.0-arm64-cpython-311/grpc/_adapter
2022-12-27T01:51:53.0862180Z   copying grpc/_adapter/_proto_scenarios.py -> build/lib.macosx-11.0-arm64-cpython-311/grpc/_adapter
2022-12-27T01:51:53.0863900Z   copying grpc/_adapter/_low_test.py -> build/lib.macosx-11.0-arm64-cpython-311/grpc/_adapter
2022-12-27T01:51:53.0867000Z   copying grpc/_adapter/_links_test.py -> build/lib.macosx-11.0-arm64-cpython-311/grpc/_adapter
2022-12-27T01:51:53.0869640Z   copying grpc/_adapter/_c_test.py -> build/lib.macosx-11.0-arm64-cpython-311/grpc/_adapter
2022-12-27T01:51:53.0874380Z   creating build/lib.macosx-11.0-arm64-cpython-311/grpc/_junkdrawer
2022-12-27T01:51:53.0875540Z   copying grpc/_junkdrawer/stock_pb2.py -> build/lib.macosx-11.0-arm64-cpython-311/grpc/_junkdrawer
2022-12-27T01:51:53.0878120Z   copying grpc/_junkdrawer/__init__.py -> build/lib.macosx-11.0-arm64-cpython-311/grpc/_junkdrawer
2022-12-27T01:51:53.0880850Z   copying grpc/_junkdrawer/math_pb2.py -> build/lib.macosx-11.0-arm64-cpython-311/grpc/_junkdrawer
2022-12-27T01:51:53.0884910Z   creating build/lib.macosx-11.0-arm64-cpython-311/grpc/early_adopter
2022-12-27T01:51:53.0886600Z   copying grpc/early_adopter/__init__.py -> build/lib.macosx-11.0-arm64-cpython-311/grpc/early_adopter
2022-12-27T01:51:53.0888740Z   copying grpc/early_adopter/implementations_test.py -> build/lib.macosx-11.0-arm64-cpython-311/grpc/early_adopter
2022-12-27T01:51:53.0890990Z   copying grpc/early_adopter/implementations.py -> build/lib.macosx-11.0-arm64-cpython-311/grpc/early_adopter
2022-12-27T01:51:53.0895180Z   creating build/lib.macosx-11.0-arm64-cpython-311/grpc/framework
2022-12-27T01:51:53.0896390Z   copying grpc/framework/__init__.py -> build/lib.macosx-11.0-arm64-cpython-311/grpc/framework
2022-12-27T01:51:53.0902730Z   creating build/lib.macosx-11.0-arm64-cpython-311/grpc/framework/alpha
2022-12-27T01:51:53.0904300Z   copying grpc/framework/alpha/interfaces.py -> build/lib.macosx-11.0-arm64-cpython-311/grpc/framework/alpha
2022-12-27T01:51:53.0905650Z   copying grpc/framework/alpha/_face_utilities.py -> build/lib.macosx-11.0-arm64-cpython-311/grpc/framework/alpha
2022-12-27T01:51:53.0908350Z   copying grpc/framework/alpha/__init__.py -> build/lib.macosx-11.0-arm64-cpython-311/grpc/framework/alpha
2022-12-27T01:51:53.0911740Z   copying grpc/framework/alpha/exceptions.py -> build/lib.macosx-11.0-arm64-cpython-311/grpc/framework/alpha
2022-12-27T01:51:53.0914300Z   copying grpc/framework/alpha/_reexport.py -> build/lib.macosx-11.0-arm64-cpython-311/grpc/framework/alpha
2022-12-27T01:51:53.0916270Z   copying grpc/framework/alpha/utilities.py -> build/lib.macosx-11.0-arm64-cpython-311/grpc/framework/alpha
2022-12-27T01:51:53.0924270Z   creating build/lib.macosx-11.0-arm64-cpython-311/grpc/framework/base
2022-12-27T01:51:53.0925500Z   copying grpc/framework/base/interfaces.py -> build/lib.macosx-11.0-arm64-cpython-311/grpc/framework/base
2022-12-27T01:51:53.0928060Z   copying grpc/framework/base/_constants.py -> build/lib.macosx-11.0-arm64-cpython-311/grpc/framework/base
2022-12-27T01:51:53.0930270Z   copying grpc/framework/base/_expiration.py -> build/lib.macosx-11.0-arm64-cpython-311/grpc/framework/base
2022-12-27T01:51:53.0933350Z   copying grpc/framework/base/_transmission.py -> build/lib.macosx-11.0-arm64-cpython-311/grpc/framework/base
2022-12-27T01:51:53.0936330Z   copying grpc/framework/base/_reception.py -> build/lib.macosx-11.0-arm64-cpython-311/grpc/framework/base
2022-12-27T01:51:53.0939060Z   copying grpc/framework/base/_ingestion.py -> build/lib.macosx-11.0-arm64-cpython-311/grpc/framework/base
2022-12-27T01:51:53.0941790Z   copying grpc/framework/base/util.py -> build/lib.macosx-11.0-arm64-cpython-311/grpc/framework/base
2022-12-27T01:51:53.0944170Z   copying grpc/framework/base/_termination.py -> build/lib.macosx-11.0-arm64-cpython-311/grpc/framework/base
2022-12-27T01:51:53.0946830Z   copying grpc/framework/base/null.py -> build/lib.macosx-11.0-arm64-cpython-311/grpc/framework/base
2022-12-27T01:51:53.0950150Z   copying grpc/framework/base/__init__.py -> build/lib.macosx-11.0-arm64-cpython-311/grpc/framework/base
2022-12-27T01:51:53.0952470Z   copying grpc/framework/base/_interfaces.py -> build/lib.macosx-11.0-arm64-cpython-311/grpc/framework/base
2022-12-27T01:51:53.0955570Z   copying grpc/framework/base/_context.py -> build/lib.macosx-11.0-arm64-cpython-311/grpc/framework/base
2022-12-27T01:51:53.0958210Z   copying grpc/framework/base/implementations_test.py -> build/lib.macosx-11.0-arm64-cpython-311/grpc/framework/base
2022-12-27T01:51:53.0961220Z   copying grpc/framework/base/interfaces_test_case.py -> build/lib.macosx-11.0-arm64-cpython-311/grpc/framework/base
2022-12-27T01:51:53.0963530Z   copying grpc/framework/base/exceptions.py -> build/lib.macosx-11.0-arm64-cpython-311/grpc/framework/base
2022-12-27T01:51:53.0966950Z   copying grpc/framework/base/_ends.py -> build/lib.macosx-11.0-arm64-cpython-311/grpc/framework/base
2022-12-27T01:51:53.0969720Z   copying grpc/framework/base/_emission.py -> build/lib.macosx-11.0-arm64-cpython-311/grpc/framework/base
2022-12-27T01:51:53.0972480Z   copying grpc/framework/base/implementations.py -> build/lib.macosx-11.0-arm64-cpython-311/grpc/framework/base
2022-12-27T01:51:53.0975430Z   copying grpc/framework/base/in_memory.py -> build/lib.macosx-11.0-arm64-cpython-311/grpc/framework/base
2022-12-27T01:51:53.0977970Z   copying grpc/framework/base/_cancellation.py -> build/lib.macosx-11.0-arm64-cpython-311/grpc/framework/base
2022-12-27T01:51:53.0982740Z   creating build/lib.macosx-11.0-arm64-cpython-311/grpc/framework/common
2022-12-27T01:51:53.0983900Z   copying grpc/framework/common/style.py -> build/lib.macosx-11.0-arm64-cpython-311/grpc/framework/common
2022-12-27T01:51:53.0986450Z   copying grpc/framework/common/cardinality.py -> build/lib.macosx-11.0-arm64-cpython-311/grpc/framework/common
2022-12-27T01:51:53.0988620Z   copying grpc/framework/common/__init__.py -> build/lib.macosx-11.0-arm64-cpython-311/grpc/framework/common
2022-12-27T01:51:53.0995100Z   creating build/lib.macosx-11.0-arm64-cpython-311/grpc/framework/face
2022-12-27T01:51:53.0996460Z   copying grpc/framework/face/_service.py -> build/lib.macosx-11.0-arm64-cpython-311/grpc/framework/face
2022-12-27T01:51:53.0999030Z   copying grpc/framework/face/interfaces.py -> build/lib.macosx-11.0-arm64-cpython-311/grpc/framework/face
2022-12-27T01:51:53.1002010Z   copying grpc/framework/face/_control.py -> build/lib.macosx-11.0-arm64-cpython-311/grpc/framework/face
2022-12-27T01:51:53.1004370Z   copying grpc/framework/face/blocking_invocation_inline_service_test.py -> build/lib.macosx-11.0-arm64-cpython-311/grpc/framework/face
2022-12-27T01:51:53.1006970Z   copying grpc/framework/face/__init__.py -> build/lib.macosx-11.0-arm64-cpython-311/grpc/framework/face
2022-12-27T01:51:53.1009350Z   copying grpc/framework/face/demonstration.py -> build/lib.macosx-11.0-arm64-cpython-311/grpc/framework/face
2022-12-27T01:51:53.1011910Z   copying grpc/framework/face/_calls.py -> build/lib.macosx-11.0-arm64-cpython-311/grpc/framework/face
2022-12-27T01:51:53.1014720Z   copying grpc/framework/face/exceptions.py -> build/lib.macosx-11.0-arm64-cpython-311/grpc/framework/face
2022-12-27T01:51:53.1017110Z   copying grpc/framework/face/utilities.py -> build/lib.macosx-11.0-arm64-cpython-311/grpc/framework/face
2022-12-27T01:51:53.1019710Z   copying grpc/framework/face/event_invocation_synchronous_event_service_test.py -> build/lib.macosx-11.0-arm64-cpython-311/grpc/framework/face
2022-12-27T01:51:53.1022330Z   copying grpc/framework/face/_test_case.py -> build/lib.macosx-11.0-arm64-cpython-311/grpc/framework/face
2022-12-27T01:51:53.1024690Z   copying grpc/framework/face/implementations.py -> build/lib.macosx-11.0-arm64-cpython-311/grpc/framework/face
2022-12-27T01:51:53.1027370Z   copying grpc/framework/face/future_invocation_asynchronous_event_service_test.py -> build/lib.macosx-11.0-arm64-cpython-311/grpc/framework/face
2022-12-27T01:51:53.1034510Z   creating build/lib.macosx-11.0-arm64-cpython-311/grpc/framework/face/testing
2022-12-27T01:51:53.1035770Z   copying grpc/framework/face/testing/callback.py -> build/lib.macosx-11.0-arm64-cpython-311/grpc/framework/face/testing
2022-12-27T01:51:53.1038310Z   copying grpc/framework/face/testing/digest.py -> build/lib.macosx-11.0-arm64-cpython-311/grpc/framework/face/testing
2022-12-27T01:51:53.1041120Z   copying grpc/framework/face/testing/interfaces.py -> build/lib.macosx-11.0-arm64-cpython-311/grpc/framework/face/testing
2022-12-27T01:51:53.1043470Z   copying grpc/framework/face/testing/stock_service.py -> build/lib.macosx-11.0-arm64-cpython-311/grpc/framework/face/testing
2022-12-27T01:51:53.1046050Z   copying grpc/framework/face/testing/service.py -> build/lib.macosx-11.0-arm64-cpython-311/grpc/framework/face/testing
2022-12-27T01:51:53.1048950Z   copying grpc/framework/face/testing/blocking_invocation_inline_service_test_case.py -> build/lib.macosx-11.0-arm64-cpython-311/grpc/framework/face/testing
2022-12-27T01:51:53.1051600Z   copying grpc/framework/face/testing/base_util.py -> build/lib.macosx-11.0-arm64-cpython-311/grpc/framework/face/testing
2022-12-27T01:51:53.1054140Z   copying grpc/framework/face/testing/control.py -> build/lib.macosx-11.0-arm64-cpython-311/grpc/framework/face/testing
2022-12-27T01:51:53.1056310Z   copying grpc/framework/face/testing/__init__.py -> build/lib.macosx-11.0-arm64-cpython-311/grpc/framework/face/testing
2022-12-27T01:51:53.1059020Z   copying grpc/framework/face/testing/coverage.py -> build/lib.macosx-11.0-arm64-cpython-311/grpc/framework/face/testing
2022-12-27T01:51:53.1061820Z   copying grpc/framework/face/testing/event_invocation_synchronous_event_service_test_case.py -> build/lib.macosx-11.0-arm64-cpython-311/grpc/framework/face/testing
2022-12-27T01:51:53.1064630Z   copying grpc/framework/face/testing/test_case.py -> build/lib.macosx-11.0-arm64-cpython-311/grpc/framework/face/testing
2022-12-27T01:51:53.1067080Z   copying grpc/framework/face/testing/serial.py -> build/lib.macosx-11.0-arm64-cpython-311/grpc/framework/face/testing
2022-12-27T01:51:53.1069590Z   copying grpc/framework/face/testing/future_invocation_asynchronous_event_service_test_case.py -> build/lib.macosx-11.0-arm64-cpython-311/grpc/framework/face/testing
2022-12-27T01:51:53.1076270Z   creating build/lib.macosx-11.0-arm64-cpython-311/grpc/framework/foundation
2022-12-27T01:51:53.1077590Z   copying grpc/framework/foundation/callable_util.py -> build/lib.macosx-11.0-arm64-cpython-311/grpc/framework/foundation
2022-12-27T01:51:53.1080200Z   copying grpc/framework/foundation/abandonment.py -> build/lib.macosx-11.0-arm64-cpython-311/grpc/framework/foundation
2022-12-27T01:51:53.1082840Z   copying grpc/framework/foundation/stream_testing.py -> build/lib.macosx-11.0-arm64-cpython-311/grpc/framework/foundation
2022-12-27T01:51:53.1085900Z   copying grpc/framework/foundation/__init__.py -> build/lib.macosx-11.0-arm64-cpython-311/grpc/framework/foundation
2022-12-27T01:51:53.1088360Z   copying grpc/framework/foundation/stream.py -> build/lib.macosx-11.0-arm64-cpython-311/grpc/framework/foundation
2022-12-27T01:51:53.1090800Z   copying grpc/framework/foundation/activated.py -> build/lib.macosx-11.0-arm64-cpython-311/grpc/framework/foundation
2022-12-27T01:51:53.1093360Z   copying grpc/framework/foundation/later.py -> build/lib.macosx-11.0-arm64-cpython-311/grpc/framework/foundation
2022-12-27T01:51:53.1095900Z   copying grpc/framework/foundation/_later_test.py -> build/lib.macosx-11.0-arm64-cpython-311/grpc/framework/foundation
2022-12-27T01:51:53.1098750Z   copying grpc/framework/foundation/_logging_pool_test.py -> build/lib.macosx-11.0-arm64-cpython-311/grpc/framework/foundation
2022-12-27T01:51:53.1101380Z   copying grpc/framework/foundation/stream_util.py -> build/lib.macosx-11.0-arm64-cpython-311/grpc/framework/foundation
2022-12-27T01:51:53.1103880Z   copying grpc/framework/foundation/future.py -> build/lib.macosx-11.0-arm64-cpython-311/grpc/framework/foundation
2022-12-27T01:51:53.1106270Z   copying grpc/framework/foundation/_timer_future.py -> build/lib.macosx-11.0-arm64-cpython-311/grpc/framework/foundation
2022-12-27T01:51:53.1108870Z   copying grpc/framework/foundation/logging_pool.py -> build/lib.macosx-11.0-arm64-cpython-311/grpc/framework/foundation
2022-12-27T01:51:53.1141570Z   running build_ext
2022-12-27T01:51:53.1153980Z   building 'grpc._adapter._c' extension
2022-12-27T01:51:53.1156500Z   creating build/temp.macosx-11.0-arm64-cpython-311
2022-12-27T01:51:53.1158210Z   creating build/temp.macosx-11.0-arm64-cpython-311/grpc
2022-12-27T01:51:53.1159370Z   creating build/temp.macosx-11.0-arm64-cpython-311/grpc/_adapter
2022-12-27T01:51:53.1160740Z   creating build/temp.macosx-11.0-arm64-cpython-311/grpc/_adapter/_c
2022-12-27T01:51:53.1161810Z   creating build/temp.macosx-11.0-arm64-cpython-311/grpc/_adapter/_c/types
2022-12-27T01:51:53.1164670Z   clang -Wsign-compare -Wunreachable-code -fno-common -dynamic -DNDEBUG -g -fwrapv -O3 -Wall -g -I/usr/local/opt/openssl@3/include -I/usr/local/opt/openssl@3/include -arch arm64 -I. -I/private/var/folders/51/hd414ycd67n82196sw51xqtc0000gn/T/cibw-run-bdqueunb/cp311-macosx_arm64/build/venv/include -I/Library/Frameworks/Python.framework/Versions/3.11/include/python3.11 -c grpc/_adapter/_c/module.c -o build/temp.macosx-11.0-arm64-cpython-311/grpc/_adapter/_c/module.o
2022-12-27T01:51:53.1841520Z   grpc/_adapter/_c/module.c:38:10: fatal error: 'grpc/grpc.h' file not found
2022-12-27T01:51:53.1842400Z   #include <grpc/grpc.h>
2022-12-27T01:51:53.1843900Z            ^~~~~~~~~~~~~
2022-12-27T01:51:53.1846410Z   1 error generated.
2022-12-27T01:51:53.1867080Z   error: command '/usr/bin/clang' failed with exit code 1
2022-12-27T01:51:53.2320390Z   error: subprocess-exited-with-error
2022-12-27T01:51:53.2320750Z   
2022-12-27T01:51:53.2321220Z   Ã— python setup.py bdist_wheel did not run successfully.
2022-12-27T01:51:53.2321590Z   â”‚ exit code: 1
2022-12-27T01:51:53.2321880Z   â•°â”€> See above for output.
2022-12-27T01:51:53.2322070Z   
2022-12-27T01:51:53.2322340Z   note: This error originates from a subprocess, and is likely not a problem with pip.
2022-12-27T01:51:53.2327230Z   full command: /private/var/folders/51/hd414ycd67n82196sw51xqtc0000gn/T/cibw-run-bdqueunb/cp311-macosx_arm64/build/venv/bin/python -u -c '
2022-12-27T01:51:53.2327900Z   exec(compile('"'"''"'"''"'"'
2022-12-27T01:51:53.2328330Z   # This is <pip-setuptools-caller> -- a caller that pip uses to run setup.py
2022-12-27T01:51:53.2328650Z   #
2022-12-27T01:51:53.2329110Z   # - It imports setuptools before invoking setup.py, to enable projects that directly
2022-12-27T01:51:53.2329500Z   #   import from `distutils.core` to work with newer packaging standards.
2022-12-27T01:51:53.2329990Z   # - It provides a clear error message when setuptools is not installed.
2022-12-27T01:51:53.2330490Z   # - It sets `sys.argv[0]` to the underlying `setup.py`, when invoking `setup.py` so
2022-12-27T01:51:53.2330990Z   #   setuptools doesn'"'"'t think the script is `-c`. This avoids the following warning:
2022-12-27T01:51:53.2331430Z   #     manifest_maker: standard file '"'"'-c'"'"' not found".
2022-12-27T01:51:53.2332540Z   # - It generates a shim setup.py, for handling setup.cfg-only projects.
2022-12-27T01:51:53.2332890Z   import os, sys, tokenize
2022-12-27T01:51:53.2333110Z   
2022-12-27T01:51:53.2333330Z   try:
2022-12-27T01:51:53.2333660Z       import setuptools
2022-12-27T01:51:53.2333890Z   except ImportError as error:
2022-12-27T01:51:53.2334140Z       print(
2022-12-27T01:51:53.2334470Z           "ERROR: Can not execute `setup.py` since setuptools is not available in "
2022-12-27T01:51:53.2334750Z           "the build environment.",
2022-12-27T01:51:53.2334990Z           file=sys.stderr,
2022-12-27T01:51:53.2335240Z       )
2022-12-27T01:51:53.2335440Z       sys.exit(1)
2022-12-27T01:51:53.2335700Z   
2022-12-27T01:51:53.2335940Z   __file__ = %r
2022-12-27T01:51:53.2336150Z   sys.argv[0] = __file__
2022-12-27T01:51:53.2336400Z   
2022-12-27T01:51:53.2336620Z   if os.path.exists(__file__):
2022-12-27T01:51:53.2336830Z       filename = __file__
2022-12-27T01:51:53.2337050Z       with tokenize.open(__file__) as f:
2022-12-27T01:51:53.2337260Z           setup_py_code = f.read()
2022-12-27T01:51:53.2337430Z   else:
2022-12-27T01:51:53.2337670Z       filename = "<auto-generated setuptools caller>"
2022-12-27T01:51:53.2337870Z       setup_py_code = "from setuptools import setup; setup()"
2022-12-27T01:51:53.2338030Z   
2022-12-27T01:51:53.2338180Z   exec(compile(setup_py_code, filename, "exec"))
2022-12-27T01:51:53.2338640Z   '"'"''"'"''"'"' % ('"'"'/Users/runner/actions-runner/_work/python.build/python.build/build_grpcio0100a0311/grpcio-0.10.0a0/setup.py'"'"',), "<pip-setuptools-caller>", "exec"))' bdist_wheel -d /private/var/folders/51/hd414ycd67n82196sw51xqtc0000gn/T/pip-wheel-861iiim_
2022-12-27T01:51:53.2339110Z   cwd: /Users/runner/actions-runner/_work/python.build/python.build/build_grpcio0100a0311/grpcio-0.10.0a0/
2022-12-27T01:51:53.2339310Z   ERROR: Failed building wheel for grpcio
2022-12-27T01:51:53.2339490Z   Running command python setup.py clean
2022-12-27T01:51:53.2339770Z   Building wheel for grpcio (setup.py): finished with status 'error'
2022-12-27T01:51:53.2339980Z   Running setup.py clean for grpcio
2022-12-27T01:51:53.3890650Z   running clean
2022-12-27T01:51:53.3907810Z   removing 'build/temp.macosx-11.0-arm64-cpython-311' (and everything under it)
2022-12-27T01:51:53.3912850Z   removing 'build/lib.macosx-11.0-arm64-cpython-311' (and everything under it)
2022-12-27T01:51:53.3996530Z   'build/bdist.macosx-11.0-arm64' does not exist -- can't clean it
2022-12-27T01:51:53.3998100Z   'build/scripts-3.11' does not exist -- can't clean it
2022-12-27T01:51:53.3999030Z   removing 'build'
2022-12-27T01:51:53.4201050Z Failed to build grpcio
2022-12-27T01:51:53.4204970Z ERROR: Failed to build one or more wheels
2022-12-27T01:51:53.4217550Z Exception information:
2022-12-27T01:51:53.4218020Z Traceback (most recent call last):
2022-12-27T01:51:53.4229040Z   File "/private/var/folders/51/hd414ycd67n82196sw51xqtc0000gn/T/cibw-run-bdqueunb/cp311-macosx_arm64/build/venv/lib/python3.11/site-packages/pip/_internal/cli/base_command.py", line 160, in exc_logging_wrapper
2022-12-27T01:51:53.4229620Z     status = run_func(*args)
2022-12-27T01:51:53.4229890Z              ^^^^^^^^^^^^^^^
2022-12-27T01:51:53.4230460Z   File "/private/var/folders/51/hd414ycd67n82196sw51xqtc0000gn/T/cibw-run-bdqueunb/cp311-macosx_arm64/build/venv/lib/python3.11/site-packages/pip/_internal/cli/req_command.py", line 247, in wrapper
2022-12-27T01:51:53.4230750Z     return func(self, options, args)
2022-12-27T01:51:53.4230900Z            ^^^^^^^^^^^^^^^^^^^^^^^^^
2022-12-27T01:51:53.4231330Z   File "/private/var/folders/51/hd414ycd67n82196sw51xqtc0000gn/T/cibw-run-bdqueunb/cp311-macosx_arm64/build/venv/lib/python3.11/site-packages/pip/_internal/commands/wheel.py", line 201, in run
2022-12-27T01:51:53.4231670Z     raise CommandError("Failed to build one or more wheels")
2022-12-27T01:51:53.4231890Z pip._internal.exceptions.CommandError: Failed to build one or more wheels
2022-12-27T01:51:53.4232230Z Removed build tracker: '/private/var/folders/51/hd414ycd67n82196sw51xqtc0000gn/T/pip-build-tracker-crug38z4'
2022-12-27T01:51:53.4652290Z ##[endgroup]
2022-12-27T01:51:53.4675750Z ##[error]Command ['python', '-m', 'pip', 'wheel', '/Users/runner/actions-runner/_work/python.build/python.build/build_grpcio0100a0311/grpcio-0.10.0a0', '--wheel-dir=/private/var/folders/51/hd414ycd67n82196sw51xqtc0000gn/T/cibw-run-bdqueunb/cp311-macosx_arm64/built_wheel', '--no-deps', '-vvv'] failed with code 1. None
2022-12-27T01:51:53.4682220Z 
2022-12-27T01:51:53.4682590Z                                                               [31mâœ• [0m1.16s
2022-12-27T01:51:53.5146960Z ##[error]Process completed with exit code 1.
2022-12-27T01:51:53.5179160Z ##[group]Run rm -rf build_grpcio0100a0311 wheelsout
2022-12-27T01:51:53.5179430Z [36;1mrm -rf build_grpcio0100a0311 wheelsout[0m
2022-12-27T01:51:53.5195640Z shell: /bin/bash -e {0}
2022-12-27T01:51:53.5195750Z env:
2022-12-27T01:51:53.5195900Z   pythonLocation: /Users/runner/hostedtoolcache/Python/3.11.1/x64
2022-12-27T01:51:53.5196100Z   PKG_CONFIG_PATH: /Users/runner/hostedtoolcache/Python/3.11.1/x64/lib/pkgconfig
2022-12-27T01:51:53.5196300Z   Python_ROOT_DIR: /Users/runner/hostedtoolcache/Python/3.11.1/x64
2022-12-27T01:51:53.5196490Z   Python2_ROOT_DIR: /Users/runner/hostedtoolcache/Python/3.11.1/x64
2022-12-27T01:51:53.5196660Z   Python3_ROOT_DIR: /Users/runner/hostedtoolcache/Python/3.11.1/x64
2022-12-27T01:51:53.5196800Z ##[endgroup]
2022-12-27T01:51:53.5453810Z Cleaning up orphan processes
