2022-12-27T08:58:31.6239817Z Requested labels: self-hosted, macOS, X64
2022-12-27T08:58:31.6239920Z Job defined at: kilnbuild/python.build/.github/workflows/mac_arm_build.yml@refs/heads/main
2022-12-27T08:58:31.6239953Z Waiting for a runner to pick up this job...
2022-12-27T11:44:22.6204981Z Job is about to start running on the runner: kr2 (organization)
2022-12-27T11:44:28.7259020Z Current runner version: '2.300.2'
2022-12-27T11:44:28.7266090Z Runner name: 'kr2'
2022-12-27T11:44:28.7266480Z Runner group name: 'Default'
2022-12-27T11:44:28.7267230Z Machine name: 'kr2'
2022-12-27T11:44:28.7269860Z ##[group]GITHUB_TOKEN Permissions
2022-12-27T11:44:28.7270510Z Actions: write
2022-12-27T11:44:28.7270760Z Checks: write
2022-12-27T11:44:28.7271000Z Contents: write
2022-12-27T11:44:28.7271260Z Deployments: write
2022-12-27T11:44:28.7271530Z Discussions: write
2022-12-27T11:44:28.7271780Z Issues: write
2022-12-27T11:44:28.7272020Z Metadata: read
2022-12-27T11:44:28.7272270Z Packages: write
2022-12-27T11:44:28.7272530Z Pages: write
2022-12-27T11:44:28.7272790Z PullRequests: write
2022-12-27T11:44:28.7273100Z RepositoryProjects: write
2022-12-27T11:44:28.7273390Z SecurityEvents: write
2022-12-27T11:44:28.7273650Z Statuses: write
2022-12-27T11:44:28.7273910Z ##[endgroup]
2022-12-27T11:44:28.7277790Z Secret source: Actions
2022-12-27T11:44:28.7278270Z Prepare workflow directory
2022-12-27T11:44:28.8360250Z Prepare all required actions
2022-12-27T11:44:28.8559900Z Getting action download info
2022-12-27T11:44:29.3608900Z Download action repository 'actions/setup-python@v4' (SHA:5ccb29d8773c3f3f653e1705f474dfaa8a06a912)
2022-12-27T11:44:31.2545820Z Download action repository 'actions/upload-artifact@v3' (SHA:83fd05a356d7e2593de66fc9913b3002723633cb)
2022-12-27T11:44:32.7222920Z ##[group]Run echo '{
2022-12-27T11:44:32.7223370Z [36;1mecho '{[0m
2022-12-27T11:44:32.7223670Z [36;1m  "package_name": "lxml",[0m
2022-12-27T11:44:32.7224250Z [36;1m  "package_url": "https://files.pythonhosted.org/packages/65/6f/d070609b415f4a24bf36b7deb94bfd791e8d023c0dbf4233659af53fe0ab/lxml-4.3.2.tar.gz",[0m
2022-12-27T11:44:32.7224700Z [36;1m  "package_version": "4.3.2",[0m
2022-12-27T11:44:32.7225000Z [36;1m  "python_version": "3.9",[0m
2022-12-27T11:44:32.7225330Z [36;1m  "use_ccache": "true"[0m
2022-12-27T11:44:32.7225640Z [36;1m}'[0m
2022-12-27T11:44:32.7251290Z shell: /bin/bash -e {0}
2022-12-27T11:44:32.7251670Z ##[endgroup]
2022-12-27T11:44:32.7644240Z {
2022-12-27T11:44:32.7646730Z   "package_name": "lxml",
2022-12-27T11:44:32.7648070Z   "package_url": "https://files.pythonhosted.org/packages/65/6f/d070609b415f4a24bf36b7deb94bfd791e8d023c0dbf4233659af53fe0ab/lxml-4.3.2.tar.gz",
2022-12-27T11:44:32.7648570Z   "package_version": "4.3.2",
2022-12-27T11:44:32.7649010Z   "python_version": "3.9",
2022-12-27T11:44:32.7649310Z   "use_ccache": "true"
2022-12-27T11:44:32.7649690Z }
2022-12-27T11:44:32.8007450Z ##[group]Run actions/setup-python@v4
2022-12-27T11:44:32.8007870Z with:
2022-12-27T11:44:32.8008190Z   python-version: 3.9
2022-12-27T11:44:32.8008440Z   check-latest: false
2022-12-27T11:44:32.8009120Z   token: ***
2022-12-27T11:44:32.8009480Z   update-environment: true
2022-12-27T11:44:32.8009810Z ##[endgroup]
2022-12-27T11:44:33.0182930Z ##[group]Installed versions
2022-12-27T11:44:33.0225790Z Successfully set up CPython (3.9.16)
2022-12-27T11:44:33.0227650Z ##[endgroup]
2022-12-27T11:44:33.0442800Z ##[group]Run if [ "true" == "true" ]
2022-12-27T11:44:33.0443270Z [36;1mif [ "true" == "true" ][0m
2022-12-27T11:44:33.0443590Z [36;1mthen[0m
2022-12-27T11:44:33.0444070Z [36;1m  echo "CCACHE_PATH_PREPEND=/usr/local/opt/ccache/libexec" >> $GITHUB_OUTPUT[0m
2022-12-27T11:44:33.0444440Z [36;1melse[0m
2022-12-27T11:44:33.0444710Z [36;1m  echo "CCACHE_PATH_PREPEND=" >> $GITHUB_OUTPUT[0m
2022-12-27T11:44:33.0445040Z [36;1mfi[0m
2022-12-27T11:44:33.0473960Z shell: /bin/bash -e {0}
2022-12-27T11:44:33.0474230Z env:
2022-12-27T11:44:33.0474600Z   pythonLocation: /Users/runner/hostedtoolcache/Python/3.9.16/x64
2022-12-27T11:44:33.0475030Z   PKG_CONFIG_PATH: /Users/runner/hostedtoolcache/Python/3.9.16/x64/lib/pkgconfig
2022-12-27T11:44:33.0475510Z   Python_ROOT_DIR: /Users/runner/hostedtoolcache/Python/3.9.16/x64
2022-12-27T11:44:33.0475920Z   Python2_ROOT_DIR: /Users/runner/hostedtoolcache/Python/3.9.16/x64
2022-12-27T11:44:33.0476420Z   Python3_ROOT_DIR: /Users/runner/hostedtoolcache/Python/3.9.16/x64
2022-12-27T11:44:33.0477360Z ##[endgroup]
2022-12-27T11:44:33.0752640Z ##[group]Run echo "BUILD_NAME=$(echo lxml_4.3.2_3.9 | tr -dc '[:alnum:]\n\r' | tr '[:upper:]' '[:lower:]')" >> $GITHUB_OUTPUT
2022-12-27T11:44:33.0753410Z [36;1mecho "BUILD_NAME=$(echo lxml_4.3.2_3.9 | tr -dc '[:alnum:]\n\r' | tr '[:upper:]' '[:lower:]')" >> $GITHUB_OUTPUT[0m
2022-12-27T11:44:33.0779540Z shell: /bin/bash -e {0}
2022-12-27T11:44:33.0779850Z env:
2022-12-27T11:44:33.0780220Z   pythonLocation: /Users/runner/hostedtoolcache/Python/3.9.16/x64
2022-12-27T11:44:33.0780650Z   PKG_CONFIG_PATH: /Users/runner/hostedtoolcache/Python/3.9.16/x64/lib/pkgconfig
2022-12-27T11:44:33.0781070Z   Python_ROOT_DIR: /Users/runner/hostedtoolcache/Python/3.9.16/x64
2022-12-27T11:44:33.0781450Z   Python2_ROOT_DIR: /Users/runner/hostedtoolcache/Python/3.9.16/x64
2022-12-27T11:44:33.0781850Z   Python3_ROOT_DIR: /Users/runner/hostedtoolcache/Python/3.9.16/x64
2022-12-27T11:44:33.0783320Z ##[endgroup]
2022-12-27T11:44:33.1026090Z ##[group]Run echo "PYTHON_NO_DOTS=$(echo 3.9 | tr -dc '[:alnum:]\n\r' | tr '[:upper:]' '[:lower:]')" >> $GITHUB_OUTPUT
2022-12-27T11:44:33.1026810Z [36;1mecho "PYTHON_NO_DOTS=$(echo 3.9 | tr -dc '[:alnum:]\n\r' | tr '[:upper:]' '[:lower:]')" >> $GITHUB_OUTPUT[0m
2022-12-27T11:44:33.1052420Z shell: /bin/bash -e {0}
2022-12-27T11:44:33.1052710Z env:
2022-12-27T11:44:33.1053080Z   pythonLocation: /Users/runner/hostedtoolcache/Python/3.9.16/x64
2022-12-27T11:44:33.1053490Z   PKG_CONFIG_PATH: /Users/runner/hostedtoolcache/Python/3.9.16/x64/lib/pkgconfig
2022-12-27T11:44:33.1053900Z   Python_ROOT_DIR: /Users/runner/hostedtoolcache/Python/3.9.16/x64
2022-12-27T11:44:33.1054290Z   Python2_ROOT_DIR: /Users/runner/hostedtoolcache/Python/3.9.16/x64
2022-12-27T11:44:33.1054630Z   Python3_ROOT_DIR: /Users/runner/hostedtoolcache/Python/3.9.16/x64
2022-12-27T11:44:33.1055030Z ##[endgroup]
2022-12-27T11:44:33.1314400Z ##[group]Run rm -rf build_lxml43239
2022-12-27T11:44:33.1314880Z [36;1mrm -rf build_lxml43239[0m
2022-12-27T11:44:33.1315210Z [36;1mmkdir build_lxml43239[0m
2022-12-27T11:44:33.1315610Z [36;1mcd build_lxml43239[0m
2022-12-27T11:44:33.1316110Z [36;1m/usr/local/bin/wget --quiet https://files.pythonhosted.org/packages/65/6f/d070609b415f4a24bf36b7deb94bfd791e8d023c0dbf4233659af53fe0ab/lxml-4.3.2.tar.gz[0m
2022-12-27T11:44:33.1316570Z [36;1mtar xf *.tar.gz[0m
2022-12-27T11:44:33.1316820Z [36;1mcd *[0m
2022-12-27T11:44:33.1317150Z [36;1mpython -m pip install cibuildwheel==2.11.3[0m
2022-12-27T11:44:33.1317600Z [36;1mpython -m cibuildwheel --output-dir ../wheelsout[0m
2022-12-27T11:44:33.1343470Z shell: /bin/bash -e {0}
2022-12-27T11:44:33.1343710Z env:
2022-12-27T11:44:33.1344140Z   pythonLocation: /Users/runner/hostedtoolcache/Python/3.9.16/x64
2022-12-27T11:44:33.1344750Z   PKG_CONFIG_PATH: /Users/runner/hostedtoolcache/Python/3.9.16/x64/lib/pkgconfig
2022-12-27T11:44:33.1345900Z   Python_ROOT_DIR: /Users/runner/hostedtoolcache/Python/3.9.16/x64
2022-12-27T11:44:33.1346320Z   Python2_ROOT_DIR: /Users/runner/hostedtoolcache/Python/3.9.16/x64
2022-12-27T11:44:33.1346670Z   Python3_ROOT_DIR: /Users/runner/hostedtoolcache/Python/3.9.16/x64
2022-12-27T11:44:33.1347100Z   CIBW_ARCHS_MACOS: arm64
2022-12-27T11:44:33.1347410Z   CIBW_TEST_SKIP: *_arm64
2022-12-27T11:44:33.1347660Z   CIBW_BUILD: cp39-macosx_arm64
2022-12-27T11:44:33.1347980Z   CIBW_BUILD_FRONTEND: pip
2022-12-27T11:44:33.1348360Z   CIBW_BUILD_VERBOSITY: 3
2022-12-27T11:44:33.1348890Z   CIBW_ENVIRONMENT_MACOS:  CFLAGS="-I/usr/local/opt/openssl@3/include" LDFLAGS="-L/usr/local/opt/openssl@3/lib" CPPFLAGS="-I/usr/local/opt/openssl@3/include" MAKEFLAGS="-j$(sysctl -n hw.logicalcpu)" PATH=/usr/local/opt/ccache/libexec:$PATH
2022-12-27T11:44:33.1349470Z   CIBW_BEFORE_BUILD: pip install Cython; if [[ -f requirements.txt ]]; then pip install -r requirements.txt; fi
2022-12-27T11:44:33.1350130Z   MAKEFLAGS: -j$(sysctl -n hw.logicalcpu)
2022-12-27T11:44:33.1350580Z ##[endgroup]
2022-12-27T11:44:33.9501710Z Requirement already satisfied: cibuildwheel==2.11.3 in /Users/runner/hostedtoolcache/Python/3.9.16/x64/lib/python3.9/site-packages (2.11.3)
2022-12-27T11:44:33.9889320Z Requirement already satisfied: typing-extensions>=4.1.0 in /Users/runner/hostedtoolcache/Python/3.9.16/x64/lib/python3.9/site-packages (from cibuildwheel==2.11.3) (4.4.0)
2022-12-27T11:44:33.9898780Z Requirement already satisfied: tomli in /Users/runner/hostedtoolcache/Python/3.9.16/x64/lib/python3.9/site-packages (from cibuildwheel==2.11.3) (2.0.1)
2022-12-27T11:44:33.9903170Z Requirement already satisfied: certifi in /Users/runner/hostedtoolcache/Python/3.9.16/x64/lib/python3.9/site-packages (from cibuildwheel==2.11.3) (2022.12.7)
2022-12-27T11:44:33.9908460Z Requirement already satisfied: filelock in /Users/runner/hostedtoolcache/Python/3.9.16/x64/lib/python3.9/site-packages (from cibuildwheel==2.11.3) (3.8.2)
2022-12-27T11:44:33.9913010Z Requirement already satisfied: bracex in /Users/runner/hostedtoolcache/Python/3.9.16/x64/lib/python3.9/site-packages (from cibuildwheel==2.11.3) (2.3.post1)
2022-12-27T11:44:33.9921590Z Requirement already satisfied: bashlex!=0.13 in /Users/runner/hostedtoolcache/Python/3.9.16/x64/lib/python3.9/site-packages (from cibuildwheel==2.11.3) (0.16)
2022-12-27T11:44:33.9925590Z Requirement already satisfied: platformdirs in /Users/runner/hostedtoolcache/Python/3.9.16/x64/lib/python3.9/site-packages (from cibuildwheel==2.11.3) (2.6.0)
2022-12-27T11:44:33.9933670Z Requirement already satisfied: packaging>=20.9 in /Users/runner/hostedtoolcache/Python/3.9.16/x64/lib/python3.9/site-packages (from cibuildwheel==2.11.3) (22.0)
2022-12-27T11:44:34.2911410Z 
2022-12-27T11:44:34.2912260Z      _ _       _ _   _       _           _
2022-12-27T11:44:34.2913420Z  ___|_| |_ _ _|_| |_| |_ _ _| |_ ___ ___| |
2022-12-27T11:44:34.2914760Z |  _| | . | | | | | . | | | |   | -_| -_| |
2022-12-27T11:44:34.2915570Z |___|_|___|___|_|_|___|_____|_|_|___|___|_|
2022-12-27T11:44:34.2917050Z 
2022-12-27T11:44:34.2917370Z cibuildwheel version 2.11.3
2022-12-27T11:44:34.2917690Z 
2022-12-27T11:44:34.2918200Z Build options:
2022-12-27T11:44:34.2918740Z   platform: macos
2022-12-27T11:44:34.3093440Z   architectures: arm64[0m
2022-12-27T11:44:34.3093820Z   build_selector: 
2022-12-27T11:44:34.3094700Z     build_config: cp39-macosx_arm64
2022-12-27T11:44:34.3094990Z     skip_config: 
2022-12-27T11:44:34.3095350Z     requires_python: None
2022-12-27T11:44:34.3095790Z     prerelease_pythons: False[0m
2022-12-27T11:44:34.3096280Z   [38;5;244mcontainer_engine: docker[0m
2022-12-27T11:44:34.3097880Z   output_dir: /Users/runner/actions-runner/_work/python.build/python.build/build_lxml43239/wheelsout[0m
2022-12-27T11:44:34.3098830Z   package_dir: /Users/runner/actions-runner/_work/python.build/python.build/build_lxml43239/lxml-4.3.2[0m
2022-12-27T11:44:34.3099630Z   test_selector: 
2022-12-27T11:44:34.3100080Z     skip_config: *_arm64[0m
2022-12-27T11:44:34.3100640Z   [38;5;244mbefore_all: [0m
2022-12-27T11:44:34.3101660Z   before_build: pip install Cython; if [[ -f requirements.txt ]]; then pip install -r requirements.txt; fi[0m
2022-12-27T11:44:34.3102120Z   [38;5;244mbefore_test: [0m
2022-12-27T11:44:34.3102550Z   [38;5;244mbuild_frontend: pip[0m
2022-12-27T11:44:34.3103000Z   build_verbosity: 3[0m
2022-12-27T11:44:34.3103860Z   [38;5;244mconfig_settings: [0m
2022-12-27T11:44:34.3104280Z   [38;5;244mdependency_constraints: pinned[0m
2022-12-27T11:44:34.3104620Z   environment: 
2022-12-27T11:44:34.3105040Z     CFLAGS="-I/usr/local/opt/openssl@3/include"
2022-12-27T11:44:34.3105430Z     LDFLAGS="-L/usr/local/opt/openssl@3/lib"
2022-12-27T11:44:34.3106160Z     CPPFLAGS="-I/usr/local/opt/openssl@3/include"
2022-12-27T11:44:34.3106630Z     MAKEFLAGS="-j$(sysctl -n hw.logicalcpu)"
2022-12-27T11:44:34.3107020Z     PATH=/usr/local/opt/ccache/libexec:$PATH[0m
2022-12-27T11:44:34.3107450Z   [38;5;244mmanylinux_images: None[0m
2022-12-27T11:44:34.3107870Z   [38;5;244mmusllinux_images: None[0m
2022-12-27T11:44:34.3108490Z   [38;5;244mrepair_command: delocate-wheel --require-archs {delocate_archs} -w {dest_dir} -v {wheel}[0m
2022-12-27T11:44:34.3109740Z   [38;5;244mtest_command: [0m
2022-12-27T11:44:34.3110220Z   [38;5;244mtest_extras: [0m
2022-12-27T11:44:34.3111250Z   [38;5;244mtest_requires: [0m
2022-12-27T11:44:34.3111510Z 
2022-12-27T11:44:34.3111890Z Cache folder: /Users/runner/Library/Caches/cibuildwheel
2022-12-27T11:44:34.3136800Z 
2022-12-27T11:44:34.3137330Z Here we go!
2022-12-27T11:44:34.3137600Z 
2022-12-27T11:44:34.3307960Z 
2022-12-27T11:44:34.3310010Z [1m[34mBuilding cp39-macosx_arm64 wheel[0m
2022-12-27T11:44:34.3311490Z CPython 3.9 macOS arm64 - Apple Silicon
2022-12-27T11:44:34.3312550Z 
2022-12-27T11:44:34.3314670Z ##[group]Installing Python cp39...
2022-12-27T11:44:34.3315160Z 
2022-12-27T11:44:34.3315630Z + pkgutil --pkgs
2022-12-27T11:44:34.3522740Z ##[endgroup]
2022-12-27T11:44:34.3524600Z                                                               [32mâœ“ [0m0.02s
2022-12-27T11:44:34.3525830Z ##[group]Setting up build environment...
2022-12-27T11:44:34.3526160Z 
2022-12-27T11:44:34.3559230Z + /Users/runner/hostedtoolcache/Python/3.9.16/x64/bin/python -sS /Users/runner/Library/Caches/cibuildwheel/virtualenv-20.17.0.pyz --activators= --no-periodic-update --pip=22.3.1 --setuptools=65.6.3 --wheel=0.38.4 --symlink-app-data --python /Library/Frameworks/Python.framework/Versions/3.9/bin/python3 /private/var/folders/51/hd414ycd67n82196sw51xqtc0000gn/T/cibw-run-ezep5xov/cp39-macosx_arm64/build/venv
2022-12-27T11:44:34.6405550Z created virtual environment CPython3.9.13.final.0-64 in 74ms
2022-12-27T11:44:34.6407580Z   creator CPython3Posix(dest=/private/var/folders/51/hd414ycd67n82196sw51xqtc0000gn/T/cibw-run-ezep5xov/cp39-macosx_arm64/build/venv, clear=False, no_vcs_ignore=False, global=False)
2022-12-27T11:44:34.6409470Z   seeder FromAppData(download=False, pip=22.3.1, setuptools=65.6.3, wheel=0.38.4, via=symlink, app_data_dir=/Users/runner/Library/Application Support/virtualenv)
2022-12-27T11:44:34.6410590Z     added seed packages: pip==22.3.1, setuptools==65.6.3, wheel==0.38.4
2022-12-27T11:44:34.6588800Z + python -m pip install --upgrade pip -c /Users/runner/hostedtoolcache/Python/3.9.16/x64/lib/python3.9/site-packages/cibuildwheel/resources/constraints-python39.txt
2022-12-27T11:44:35.1547730Z Requirement already satisfied: pip in ./lib/python3.9/site-packages (22.3.1)
2022-12-27T11:44:35.4205320Z + which pip
2022-12-27T11:44:35.4243430Z /private/var/folders/51/hd414ycd67n82196sw51xqtc0000gn/T/cibw-run-ezep5xov/cp39-macosx_arm64/build/venv/bin/pip
2022-12-27T11:44:35.4248560Z + pip --version
2022-12-27T11:44:35.7890010Z pip 22.3.1 from /private/var/folders/51/hd414ycd67n82196sw51xqtc0000gn/T/cibw-run-ezep5xov/cp39-macosx_arm64/build/venv/lib/python3.9/site-packages/pip (python 3.9)
2022-12-27T11:44:35.8344980Z + which pip
2022-12-27T11:44:35.8390450Z + which python
2022-12-27T11:44:35.8427770Z /private/var/folders/51/hd414ycd67n82196sw51xqtc0000gn/T/cibw-run-ezep5xov/cp39-macosx_arm64/build/venv/bin/python
2022-12-27T11:44:35.8432390Z + python --version
2022-12-27T11:44:35.8517850Z Python 3.9.13
2022-12-27T11:44:35.8524150Z + which python
2022-12-27T11:44:35.8629730Z ##[endgroup]
2022-12-27T11:44:35.8631380Z                                                               [32mâœ“ [0m1.51s
2022-12-27T11:44:35.8632960Z ##[group]Installing build tools...
2022-12-27T11:44:35.8633410Z 
2022-12-27T11:44:35.8634820Z + pip install --upgrade setuptools wheel delocate -c /Users/runner/hostedtoolcache/Python/3.9.16/x64/lib/python3.9/site-packages/cibuildwheel/resources/constraints-python39.txt
2022-12-27T11:44:36.3587120Z Requirement already satisfied: setuptools in /private/var/folders/51/hd414ycd67n82196sw51xqtc0000gn/T/cibw-run-ezep5xov/cp39-macosx_arm64/build/venv/lib/python3.9/site-packages (65.6.3)
2022-12-27T11:44:36.7608950Z Requirement already satisfied: wheel in /private/var/folders/51/hd414ycd67n82196sw51xqtc0000gn/T/cibw-run-ezep5xov/cp39-macosx_arm64/build/venv/lib/python3.9/site-packages (0.38.4)
2022-12-27T11:44:36.8550330Z Collecting delocate
2022-12-27T11:44:36.8605510Z   Using cached delocate-0.10.3-py3-none-any.whl (142 kB)
2022-12-27T11:44:36.8998650Z Collecting typing-extensions
2022-12-27T11:44:36.9037470Z   Using cached typing_extensions-4.4.0-py3-none-any.whl (26 kB)
2022-12-27T11:44:36.9488940Z Collecting packaging>=20.9
2022-12-27T11:44:36.9543540Z   Using cached packaging-21.3-py3-none-any.whl (40 kB)
2022-12-27T11:44:37.0262060Z Collecting pyparsing!=3.0.5,>=2.0.2
2022-12-27T11:44:37.0316270Z   Using cached pyparsing-3.0.9-py3-none-any.whl (98 kB)
2022-12-27T11:44:37.0957180Z Installing collected packages: typing-extensions, pyparsing, packaging, delocate
2022-12-27T11:44:37.3410860Z Successfully installed delocate-0.10.3 packaging-21.3 pyparsing-3.0.9 typing-extensions-4.4.0
2022-12-27T11:44:37.4474380Z ##[endgroup]
2022-12-27T11:44:37.4475580Z                                                               [32mâœ“ [0m1.58s
2022-12-27T11:44:37.4476800Z ##[group]Running before_build...
2022-12-27T11:44:37.4477220Z 
2022-12-27T11:44:37.4488470Z + pip install Cython; if [[ -f requirements.txt ]]; then pip install -r requirements.txt; fi
2022-12-27T11:44:38.6843870Z Collecting Cython
2022-12-27T11:44:38.6935070Z   Using cached Cython-0.29.32-py2.py3-none-any.whl (986 kB)
2022-12-27T11:44:38.7684740Z Installing collected packages: Cython
2022-12-27T11:44:39.6085300Z Successfully installed Cython-0.29.32
2022-12-27T11:44:40.1800160Z Requirement already satisfied: Cython>=0.29.1 in /private/var/folders/51/hd414ycd67n82196sw51xqtc0000gn/T/cibw-run-ezep5xov/cp39-macosx_arm64/build/venv/lib/python3.9/site-packages (from -r requirements.txt (line 1)) (0.29.32)
2022-12-27T11:44:40.3325570Z ##[endgroup]
2022-12-27T11:44:40.3326740Z                                                               [32mâœ“ [0m2.89s
2022-12-27T11:44:40.3327460Z ##[group]Building wheel...
2022-12-27T11:44:40.3327730Z 
2022-12-27T11:44:40.3340450Z + python -m pip wheel /Users/runner/actions-runner/_work/python.build/python.build/build_lxml43239/lxml-4.3.2 --wheel-dir=/private/var/folders/51/hd414ycd67n82196sw51xqtc0000gn/T/cibw-run-ezep5xov/cp39-macosx_arm64/built_wheel --no-deps -vvv
2022-12-27T11:44:40.8009450Z Created temporary directory: /private/var/folders/51/hd414ycd67n82196sw51xqtc0000gn/T/pip-ephem-wheel-cache-6x45mmse
2022-12-27T11:44:40.8024500Z Created temporary directory: /private/var/folders/51/hd414ycd67n82196sw51xqtc0000gn/T/pip-build-tracker-eqk8lrpf
2022-12-27T11:44:40.8030490Z Initialized build tracking at /private/var/folders/51/hd414ycd67n82196sw51xqtc0000gn/T/pip-build-tracker-eqk8lrpf
2022-12-27T11:44:40.8037510Z Created build tracker: /private/var/folders/51/hd414ycd67n82196sw51xqtc0000gn/T/pip-build-tracker-eqk8lrpf
2022-12-27T11:44:40.8042480Z Entered build tracker: /private/var/folders/51/hd414ycd67n82196sw51xqtc0000gn/T/pip-build-tracker-eqk8lrpf
2022-12-27T11:44:40.8052150Z Created temporary directory: /private/var/folders/51/hd414ycd67n82196sw51xqtc0000gn/T/pip-wheel-3cmmxc_8
2022-12-27T11:44:40.8070130Z Created temporary directory: /private/var/folders/51/hd414ycd67n82196sw51xqtc0000gn/T/pip-ephem-wheel-cache-21l3viyb
2022-12-27T11:44:40.8358050Z Processing /Users/runner/actions-runner/_work/python.build/python.build/build_lxml43239/lxml-4.3.2
2022-12-27T11:44:40.8366980Z   Added file:///Users/runner/actions-runner/_work/python.build/python.build/build_lxml43239/lxml-4.3.2 to build tracker '/private/var/folders/51/hd414ycd67n82196sw51xqtc0000gn/T/pip-build-tracker-eqk8lrpf'
2022-12-27T11:44:40.8373040Z   Running setup.py (path:/Users/runner/actions-runner/_work/python.build/python.build/build_lxml43239/lxml-4.3.2/setup.py) egg_info for package from file:///Users/runner/actions-runner/_work/python.build/python.build/build_lxml43239/lxml-4.3.2
2022-12-27T11:44:40.8378230Z   Created temporary directory: /private/var/folders/51/hd414ycd67n82196sw51xqtc0000gn/T/pip-pip-egg-info-sl_1ch6z
2022-12-27T11:44:40.8380690Z   Preparing metadata (setup.py): started
2022-12-27T11:44:40.8383910Z   Running command python setup.py egg_info
2022-12-27T11:44:41.3703480Z   Building lxml version 4.3.2.
2022-12-27T11:44:41.3704650Z   Building without Cython.
2022-12-27T11:44:41.3706430Z   Using build configuration of libxslt 1.1.29
2022-12-27T11:44:41.3708810Z   Building against libxml2/libxslt in the following directory: /Library/Developer/CommandLineTools/SDKs/MacOSX12.1.sdk/usr/lib
2022-12-27T11:44:41.3711770Z   running egg_info
2022-12-27T11:44:41.3714360Z   creating /private/var/folders/51/hd414ycd67n82196sw51xqtc0000gn/T/pip-pip-egg-info-sl_1ch6z/lxml.egg-info
2022-12-27T11:44:41.3717710Z   writing /private/var/folders/51/hd414ycd67n82196sw51xqtc0000gn/T/pip-pip-egg-info-sl_1ch6z/lxml.egg-info/PKG-INFO
2022-12-27T11:44:41.3730240Z   writing dependency_links to /private/var/folders/51/hd414ycd67n82196sw51xqtc0000gn/T/pip-pip-egg-info-sl_1ch6z/lxml.egg-info/dependency_links.txt
2022-12-27T11:44:41.3732180Z   writing requirements to /private/var/folders/51/hd414ycd67n82196sw51xqtc0000gn/T/pip-pip-egg-info-sl_1ch6z/lxml.egg-info/requires.txt
2022-12-27T11:44:41.3735900Z   writing top-level names to /private/var/folders/51/hd414ycd67n82196sw51xqtc0000gn/T/pip-pip-egg-info-sl_1ch6z/lxml.egg-info/top_level.txt
2022-12-27T11:44:41.3737960Z   writing manifest file '/private/var/folders/51/hd414ycd67n82196sw51xqtc0000gn/T/pip-pip-egg-info-sl_1ch6z/lxml.egg-info/SOURCES.txt'
2022-12-27T11:44:41.3914520Z   reading manifest file '/private/var/folders/51/hd414ycd67n82196sw51xqtc0000gn/T/pip-pip-egg-info-sl_1ch6z/lxml.egg-info/SOURCES.txt'
2022-12-27T11:44:41.3918900Z   reading manifest template 'MANIFEST.in'
2022-12-27T11:44:41.6065970Z   adding license file 'LICENSES.txt'
2022-12-27T11:44:41.6198000Z   writing manifest file '/private/var/folders/51/hd414ycd67n82196sw51xqtc0000gn/T/pip-pip-egg-info-sl_1ch6z/lxml.egg-info/SOURCES.txt'
2022-12-27T11:44:41.6654260Z   Preparing metadata (setup.py): finished with status 'done'
2022-12-27T11:44:41.6697470Z   Source in /Users/runner/actions-runner/_work/python.build/python.build/build_lxml43239/lxml-4.3.2 has version 4.3.2, which satisfies requirement lxml==4.3.2 from file:///Users/runner/actions-runner/_work/python.build/python.build/build_lxml43239/lxml-4.3.2
2022-12-27T11:44:41.6699840Z   Removed lxml==4.3.2 from file:///Users/runner/actions-runner/_work/python.build/python.build/build_lxml43239/lxml-4.3.2 from build tracker '/private/var/folders/51/hd414ycd67n82196sw51xqtc0000gn/T/pip-build-tracker-eqk8lrpf'
2022-12-27T11:44:41.6729650Z Created temporary directory: /private/var/folders/51/hd414ycd67n82196sw51xqtc0000gn/T/pip-unpack-g_7cfvwu
2022-12-27T11:44:41.6732590Z Building wheels for collected packages: lxml
2022-12-27T11:44:41.6745030Z   Created temporary directory: /private/var/folders/51/hd414ycd67n82196sw51xqtc0000gn/T/pip-wheel-i8qt0rpe
2022-12-27T11:44:41.6746480Z   Building wheel for lxml (setup.py): started
2022-12-27T11:44:41.6751120Z   Destination directory: /private/var/folders/51/hd414ycd67n82196sw51xqtc0000gn/T/pip-wheel-i8qt0rpe
2022-12-27T11:44:41.6752450Z   Running command python setup.py bdist_wheel
2022-12-27T11:44:41.9574470Z   Building lxml version 4.3.2.
2022-12-27T11:44:41.9577740Z   Building without Cython.
2022-12-27T11:44:41.9836560Z   Using build configuration of libxslt 1.1.29
2022-12-27T11:44:42.1880740Z   Building against libxml2/libxslt in the following directory: /Library/Developer/CommandLineTools/SDKs/MacOSX12.1.sdk/usr/lib
2022-12-27T11:44:42.2330740Z   running bdist_wheel
2022-12-27T11:44:42.2406480Z   running build
2022-12-27T11:44:42.2411710Z   running build_py
2022-12-27T11:44:42.2451430Z   creating build
2022-12-27T11:44:42.2453660Z   creating build/lib.macosx-11.0-arm64-cpython-39
2022-12-27T11:44:42.2456500Z   creating build/lib.macosx-11.0-arm64-cpython-39/lxml
2022-12-27T11:44:42.2460850Z   copying src/lxml/_elementpath.py -> build/lib.macosx-11.0-arm64-cpython-39/lxml
2022-12-27T11:44:42.2462520Z   copying src/lxml/sax.py -> build/lib.macosx-11.0-arm64-cpython-39/lxml
2022-12-27T11:44:42.2465480Z   copying src/lxml/pyclasslookup.py -> build/lib.macosx-11.0-arm64-cpython-39/lxml
2022-12-27T11:44:42.2473530Z   copying src/lxml/__init__.py -> build/lib.macosx-11.0-arm64-cpython-39/lxml
2022-12-27T11:44:42.2476770Z   copying src/lxml/builder.py -> build/lib.macosx-11.0-arm64-cpython-39/lxml
2022-12-27T11:44:42.2479990Z   copying src/lxml/doctestcompare.py -> build/lib.macosx-11.0-arm64-cpython-39/lxml
2022-12-27T11:44:42.2486930Z   copying src/lxml/usedoctest.py -> build/lib.macosx-11.0-arm64-cpython-39/lxml
2022-12-27T11:44:42.2489900Z   copying src/lxml/cssselect.py -> build/lib.macosx-11.0-arm64-cpython-39/lxml
2022-12-27T11:44:42.2493340Z   copying src/lxml/ElementInclude.py -> build/lib.macosx-11.0-arm64-cpython-39/lxml
2022-12-27T11:44:42.2502780Z   creating build/lib.macosx-11.0-arm64-cpython-39/lxml/includes
2022-12-27T11:44:42.2505660Z   copying src/lxml/includes/__init__.py -> build/lib.macosx-11.0-arm64-cpython-39/lxml/includes
2022-12-27T11:44:42.2520390Z   creating build/lib.macosx-11.0-arm64-cpython-39/lxml/html
2022-12-27T11:44:42.2523290Z   copying src/lxml/html/soupparser.py -> build/lib.macosx-11.0-arm64-cpython-39/lxml/html
2022-12-27T11:44:42.2533190Z   copying src/lxml/html/defs.py -> build/lib.macosx-11.0-arm64-cpython-39/lxml/html
2022-12-27T11:44:42.2535580Z   copying src/lxml/html/_setmixin.py -> build/lib.macosx-11.0-arm64-cpython-39/lxml/html
2022-12-27T11:44:42.2538880Z   copying src/lxml/html/clean.py -> build/lib.macosx-11.0-arm64-cpython-39/lxml/html
2022-12-27T11:44:42.2544270Z   copying src/lxml/html/_diffcommand.py -> build/lib.macosx-11.0-arm64-cpython-39/lxml/html
2022-12-27T11:44:42.2546500Z   copying src/lxml/html/html5parser.py -> build/lib.macosx-11.0-arm64-cpython-39/lxml/html
2022-12-27T11:44:42.2553400Z   copying src/lxml/html/__init__.py -> build/lib.macosx-11.0-arm64-cpython-39/lxml/html
2022-12-27T11:44:42.2558180Z   copying src/lxml/html/formfill.py -> build/lib.macosx-11.0-arm64-cpython-39/lxml/html
2022-12-27T11:44:42.2563580Z   copying src/lxml/html/builder.py -> build/lib.macosx-11.0-arm64-cpython-39/lxml/html
2022-12-27T11:44:42.2566910Z   copying src/lxml/html/ElementSoup.py -> build/lib.macosx-11.0-arm64-cpython-39/lxml/html
2022-12-27T11:44:42.2574350Z   copying src/lxml/html/_html5builder.py -> build/lib.macosx-11.0-arm64-cpython-39/lxml/html
2022-12-27T11:44:42.2582930Z   copying src/lxml/html/usedoctest.py -> build/lib.macosx-11.0-arm64-cpython-39/lxml/html
2022-12-27T11:44:42.2588100Z   copying src/lxml/html/diff.py -> build/lib.macosx-11.0-arm64-cpython-39/lxml/html
2022-12-27T11:44:42.2590370Z   creating build/lib.macosx-11.0-arm64-cpython-39/lxml/isoschematron
2022-12-27T11:44:42.2722240Z   copying src/lxml/isoschematron/__init__.py -> build/lib.macosx-11.0-arm64-cpython-39/lxml/isoschematron
2022-12-27T11:44:42.2723620Z   copying src/lxml/etree.h -> build/lib.macosx-11.0-arm64-cpython-39/lxml
2022-12-27T11:44:42.2724610Z   copying src/lxml/etree_api.h -> build/lib.macosx-11.0-arm64-cpython-39/lxml
2022-12-27T11:44:42.2726130Z   copying src/lxml/lxml.etree.h -> build/lib.macosx-11.0-arm64-cpython-39/lxml
2022-12-27T11:44:42.2727120Z   copying src/lxml/lxml.etree_api.h -> build/lib.macosx-11.0-arm64-cpython-39/lxml
2022-12-27T11:44:42.2728200Z   copying src/lxml/includes/xmlerror.pxd -> build/lib.macosx-11.0-arm64-cpython-39/lxml/includes
2022-12-27T11:44:42.2729200Z   copying src/lxml/includes/c14n.pxd -> build/lib.macosx-11.0-arm64-cpython-39/lxml/includes
2022-12-27T11:44:42.2730260Z   copying src/lxml/includes/xmlschema.pxd -> build/lib.macosx-11.0-arm64-cpython-39/lxml/includes
2022-12-27T11:44:42.2731110Z   copying src/lxml/includes/__init__.pxd -> build/lib.macosx-11.0-arm64-cpython-39/lxml/includes
2022-12-27T11:44:42.2732140Z   copying src/lxml/includes/schematron.pxd -> build/lib.macosx-11.0-arm64-cpython-39/lxml/includes
2022-12-27T11:44:42.2733020Z   copying src/lxml/includes/tree.pxd -> build/lib.macosx-11.0-arm64-cpython-39/lxml/includes
2022-12-27T11:44:42.2734100Z   copying src/lxml/includes/uri.pxd -> build/lib.macosx-11.0-arm64-cpython-39/lxml/includes
2022-12-27T11:44:42.2735200Z   copying src/lxml/includes/etreepublic.pxd -> build/lib.macosx-11.0-arm64-cpython-39/lxml/includes
2022-12-27T11:44:42.2736320Z   copying src/lxml/includes/xpath.pxd -> build/lib.macosx-11.0-arm64-cpython-39/lxml/includes
2022-12-27T11:44:42.2737940Z   copying src/lxml/includes/htmlparser.pxd -> build/lib.macosx-11.0-arm64-cpython-39/lxml/includes
2022-12-27T11:44:42.2738900Z   copying src/lxml/includes/xslt.pxd -> build/lib.macosx-11.0-arm64-cpython-39/lxml/includes
2022-12-27T11:44:42.2739970Z   copying src/lxml/includes/config.pxd -> build/lib.macosx-11.0-arm64-cpython-39/lxml/includes
2022-12-27T11:44:42.2741020Z   copying src/lxml/includes/xmlparser.pxd -> build/lib.macosx-11.0-arm64-cpython-39/lxml/includes
2022-12-27T11:44:42.2751810Z   copying src/lxml/includes/xinclude.pxd -> build/lib.macosx-11.0-arm64-cpython-39/lxml/includes
2022-12-27T11:44:42.2756070Z   copying src/lxml/includes/dtdvalid.pxd -> build/lib.macosx-11.0-arm64-cpython-39/lxml/includes
2022-12-27T11:44:42.2762760Z   copying src/lxml/includes/relaxng.pxd -> build/lib.macosx-11.0-arm64-cpython-39/lxml/includes
2022-12-27T11:44:42.2769500Z   copying src/lxml/includes/lxml-version.h -> build/lib.macosx-11.0-arm64-cpython-39/lxml/includes
2022-12-27T11:44:42.2774770Z   copying src/lxml/includes/etree_defs.h -> build/lib.macosx-11.0-arm64-cpython-39/lxml/includes
2022-12-27T11:44:42.2781880Z   creating build/lib.macosx-11.0-arm64-cpython-39/lxml/isoschematron/resources
2022-12-27T11:44:42.2785080Z   creating build/lib.macosx-11.0-arm64-cpython-39/lxml/isoschematron/resources/rng
2022-12-27T11:44:42.2787670Z   copying src/lxml/isoschematron/resources/rng/iso-schematron.rng -> build/lib.macosx-11.0-arm64-cpython-39/lxml/isoschematron/resources/rng
2022-12-27T11:44:42.2793730Z   creating build/lib.macosx-11.0-arm64-cpython-39/lxml/isoschematron/resources/xsl
2022-12-27T11:44:42.2797130Z   copying src/lxml/isoschematron/resources/xsl/XSD2Schtrn.xsl -> build/lib.macosx-11.0-arm64-cpython-39/lxml/isoschematron/resources/xsl
2022-12-27T11:44:42.2805460Z   copying src/lxml/isoschematron/resources/xsl/RNG2Schtrn.xsl -> build/lib.macosx-11.0-arm64-cpython-39/lxml/isoschematron/resources/xsl
2022-12-27T11:44:42.2810350Z   creating build/lib.macosx-11.0-arm64-cpython-39/lxml/isoschematron/resources/xsl/iso-schematron-xslt1
2022-12-27T11:44:42.2813380Z   copying src/lxml/isoschematron/resources/xsl/iso-schematron-xslt1/iso_abstract_expand.xsl -> build/lib.macosx-11.0-arm64-cpython-39/lxml/isoschematron/resources/xsl/iso-schematron-xslt1
2022-12-27T11:44:42.2820650Z   copying src/lxml/isoschematron/resources/xsl/iso-schematron-xslt1/iso_dsdl_include.xsl -> build/lib.macosx-11.0-arm64-cpython-39/lxml/isoschematron/resources/xsl/iso-schematron-xslt1
2022-12-27T11:44:42.2825200Z   copying src/lxml/isoschematron/resources/xsl/iso-schematron-xslt1/iso_schematron_skeleton_for_xslt1.xsl -> build/lib.macosx-11.0-arm64-cpython-39/lxml/isoschematron/resources/xsl/iso-schematron-xslt1
2022-12-27T11:44:42.2831970Z   copying src/lxml/isoschematron/resources/xsl/iso-schematron-xslt1/iso_svrl_for_xslt1.xsl -> build/lib.macosx-11.0-arm64-cpython-39/lxml/isoschematron/resources/xsl/iso-schematron-xslt1
2022-12-27T11:44:42.2839350Z   copying src/lxml/isoschematron/resources/xsl/iso-schematron-xslt1/iso_schematron_message.xsl -> build/lib.macosx-11.0-arm64-cpython-39/lxml/isoschematron/resources/xsl/iso-schematron-xslt1
2022-12-27T11:44:42.2844900Z   copying src/lxml/isoschematron/resources/xsl/iso-schematron-xslt1/readme.txt -> build/lib.macosx-11.0-arm64-cpython-39/lxml/isoschematron/resources/xsl/iso-schematron-xslt1
2022-12-27T11:44:42.2873030Z   running build_ext
2022-12-27T11:44:42.3442190Z   building 'lxml.etree' extension
2022-12-27T11:44:42.3447020Z   creating build/temp.macosx-11.0-arm64-cpython-39
2022-12-27T11:44:42.3450970Z   creating build/temp.macosx-11.0-arm64-cpython-39/src
2022-12-27T11:44:42.3456390Z   creating build/temp.macosx-11.0-arm64-cpython-39/src/lxml
2022-12-27T11:44:42.3465220Z   gcc -Wno-unused-result -Wsign-compare -Wunreachable-code -fno-common -dynamic -DNDEBUG -g -fwrapv -O3 -Wall -g -I/usr/local/opt/openssl@3/include -I/usr/local/opt/openssl@3/include -arch arm64 -DCYTHON_CLINE_IN_TRACEBACK=0 -I/Library/Developer/CommandLineTools/SDKs/MacOSX12.1.sdk/usr/include -Isrc -Isrc/lxml/includes -I/private/var/folders/51/hd414ycd67n82196sw51xqtc0000gn/T/cibw-run-ezep5xov/cp39-macosx_arm64/build/venv/include -I/Library/Frameworks/Python.framework/Versions/3.9/include/python3.9 -c src/lxml/etree.c -o build/temp.macosx-11.0-arm64-cpython-39/src/lxml/etree.o -w -flat_namespace
2022-12-27T11:44:43.7326180Z   src/lxml/etree.c:231222:33: error: no member named 'tp_print' in 'struct _typeobject'
2022-12-27T11:44:43.7329630Z     __pyx_type_4lxml_5etree_Error.tp_print = 0;
2022-12-27T11:44:43.7334750Z     ~~~~~~~~~~~~~~~~~~~~~~~~~~~~~ ^
2022-12-27T11:44:43.7341340Z   src/lxml/etree.c:231230:37: error: no member named 'tp_print' in 'struct _typeobject'
2022-12-27T11:44:43.7344540Z     __pyx_type_4lxml_5etree_LxmlError.tp_print = 0;
2022-12-27T11:44:43.7349860Z     ~~~~~~~~~~~~~~~~~~~~~~~~~~~~~~~~~ ^
2022-12-27T11:44:43.7356640Z   src/lxml/etree.c:231238:37: error: no member named 'tp_print' in 'struct _typeobject'
2022-12-27T11:44:43.7360040Z     __pyx_type_4lxml_5etree_C14NError.tp_print = 0;
2022-12-27T11:44:43.7365450Z     ~~~~~~~~~~~~~~~~~~~~~~~~~~~~~~~~~ ^
2022-12-27T11:44:43.7370780Z   src/lxml/etree.c:231248:38: error: no member named 'tp_print' in 'struct _typeobject'
2022-12-27T11:44:43.7375220Z     __pyx_type_4lxml_5etree__TempStore.tp_print = 0;
2022-12-27T11:44:43.7380100Z     ~~~~~~~~~~~~~~~~~~~~~~~~~~~~~~~~~~ ^
2022-12-27T11:44:43.7386290Z   src/lxml/etree.c:231261:45: error: no member named 'tp_print' in 'struct _typeobject'
2022-12-27T11:44:43.7390200Z     __pyx_type_4lxml_5etree__ExceptionContext.tp_print = 0;
2022-12-27T11:44:43.7395450Z     ~~~~~~~~~~~~~~~~~~~~~~~~~~~~~~~~~~~~~~~~~ ^
2022-12-27T11:44:43.7399260Z   src/lxml/etree.c:231271:37: error: no member named 'tp_print' in 'struct _typeobject'
2022-12-27T11:44:43.7402770Z     __pyx_type_4lxml_5etree__LogEntry.tp_print = 0;
2022-12-27T11:44:43.7403760Z     ~~~~~~~~~~~~~~~~~~~~~~~~~~~~~~~~~ ^
2022-12-27T11:44:43.7407340Z   src/lxml/etree.c:231286:41: error: no member named 'tp_print' in 'struct _typeobject'
2022-12-27T11:44:43.7409130Z     __pyx_type_4lxml_5etree__BaseErrorLog.tp_print = 0;
2022-12-27T11:44:43.7411990Z     ~~~~~~~~~~~~~~~~~~~~~~~~~~~~~~~~~~~~~ ^
2022-12-27T11:44:43.7414760Z   src/lxml/etree.c:231298:41: error: no member named 'tp_print' in 'struct _typeobject'
2022-12-27T11:44:43.7417300Z     __pyx_type_4lxml_5etree__ListErrorLog.tp_print = 0;
2022-12-27T11:44:43.7419610Z     ~~~~~~~~~~~~~~~~~~~~~~~~~~~~~~~~~~~~~ ^
2022-12-27T11:44:43.7423070Z   src/lxml/etree.c:231309:44: error: no member named 'tp_print' in 'struct _typeobject'
2022-12-27T11:44:43.7425090Z     __pyx_type_4lxml_5etree__ErrorLogContext.tp_print = 0;
2022-12-27T11:44:43.7427840Z     ~~~~~~~~~~~~~~~~~~~~~~~~~~~~~~~~~~~~~~~~ ^
2022-12-27T11:44:43.7430760Z   src/lxml/etree.c:231325:37: error: no member named 'tp_print' in 'struct _typeobject'
2022-12-27T11:44:43.7432780Z     __pyx_type_4lxml_5etree__ErrorLog.tp_print = 0;
2022-12-27T11:44:43.7435600Z     ~~~~~~~~~~~~~~~~~~~~~~~~~~~~~~~~~ ^
2022-12-27T11:44:43.7438340Z   src/lxml/etree.c:231337:43: error: no member named 'tp_print' in 'struct _typeobject'
2022-12-27T11:44:43.7441020Z     __pyx_type_4lxml_5etree__DomainErrorLog.tp_print = 0;
2022-12-27T11:44:43.7443410Z     ~~~~~~~~~~~~~~~~~~~~~~~~~~~~~~~~~~~~~~~ ^
2022-12-27T11:44:43.7446590Z   src/lxml/etree.c:231349:45: error: no member named 'tp_print' in 'struct _typeobject'
2022-12-27T11:44:43.7448820Z     __pyx_type_4lxml_5etree__RotatingErrorLog.tp_print = 0;
2022-12-27T11:44:43.7451520Z     ~~~~~~~~~~~~~~~~~~~~~~~~~~~~~~~~~~~~~~~~~ ^
2022-12-27T11:44:43.7454350Z   src/lxml/etree.c:231362:38: error: no member named 'tp_print' in 'struct _typeobject'
2022-12-27T11:44:43.7456790Z     __pyx_type_4lxml_5etree_PyErrorLog.tp_print = 0;
2022-12-27T11:44:43.7459280Z     ~~~~~~~~~~~~~~~~~~~~~~~~~~~~~~~~~~ ^
2022-12-27T11:44:43.7462370Z   src/lxml/etree.c:231379:20: error: no member named 'tp_print' in 'struct _typeobject'
2022-12-27T11:44:43.7464830Z     LxmlDocumentType.tp_print = 0;
2022-12-27T11:44:43.7467280Z     ~~~~~~~~~~~~~~~~ ^
2022-12-27T11:44:43.7470250Z   src/lxml/etree.c:231389:35: error: no member named 'tp_print' in 'struct _typeobject'
2022-12-27T11:44:43.7472820Z     __pyx_type_4lxml_5etree_DocInfo.tp_print = 0;
2022-12-27T11:44:43.7475180Z     ~~~~~~~~~~~~~~~~~~~~~~~~~~~~~~~ ^
2022-12-27T11:44:43.7478110Z   src/lxml/etree.c:231397:19: error: no member named 'tp_print' in 'struct _typeobject'
2022-12-27T11:44:43.7479870Z     LxmlElementType.tp_print = 0;
2022-12-27T11:44:43.7482960Z     ~~~~~~~~~~~~~~~ ^
2022-12-27T11:44:43.7485280Z   src/lxml/etree.c:231477:48: error: no member named 'tp_print' in 'struct _typeobject'
2022-12-27T11:44:43.7487670Z     __pyx_type_4lxml_5etree___ContentOnlyElement.tp_print = 0;
2022-12-27T11:44:43.7490100Z     ~~~~~~~~~~~~~~~~~~~~~~~~~~~~~~~~~~~~~~~~~~~~ ^
2022-12-27T11:44:43.7492890Z   src/lxml/etree.c:231517:36: error: no member named 'tp_print' in 'struct _typeobject'
2022-12-27T11:44:43.7495240Z     __pyx_type_4lxml_5etree__Comment.tp_print = 0;
2022-12-27T11:44:43.7497730Z     ~~~~~~~~~~~~~~~~~~~~~~~~~~~~~~~~ ^
2022-12-27T11:44:43.7500660Z   src/lxml/etree.c:231528:50: error: no member named 'tp_print' in 'struct _typeobject'
2022-12-27T11:44:43.7503020Z     __pyx_type_4lxml_5etree__ProcessingInstruction.tp_print = 0;
2022-12-27T11:44:43.7505580Z     ~~~~~~~~~~~~~~~~~~~~~~~~~~~~~~~~~~~~~~~~~~~~~~ ^
2022-12-27T11:44:43.7508130Z   fatal error: too many errors emitted, stopping now [-ferror-limit=]
2022-12-27T11:44:43.9358370Z   20 errors generated.
2022-12-27T11:44:43.9426810Z   Compile failed: command '/usr/bin/gcc' failed with exit code 1
2022-12-27T11:44:44.0712460Z   creating var
2022-12-27T11:44:44.0713890Z   creating var/folders
2022-12-27T11:44:44.0716740Z   creating var/folders/51
2022-12-27T11:44:44.0719680Z   creating var/folders/51/hd414ycd67n82196sw51xqtc0000gn
2022-12-27T11:44:44.0722500Z   creating var/folders/51/hd414ycd67n82196sw51xqtc0000gn/T
2022-12-27T11:44:44.0725690Z   cc -arch arm64 -I/Library/Developer/CommandLineTools/SDKs/MacOSX12.1.sdk/usr/include -I/usr/include/libxml2 -c /var/folders/51/hd414ycd67n82196sw51xqtc0000gn/T/xmlXPathInitpb0m7wkc.c -o var/folders/51/hd414ycd67n82196sw51xqtc0000gn/T/xmlXPathInitpb0m7wkc.o
2022-12-27T11:44:44.1610430Z   cc -arch arm64 var/folders/51/hd414ycd67n82196sw51xqtc0000gn/T/xmlXPathInitpb0m7wkc.o -L/Library/Developer/CommandLineTools/SDKs/MacOSX12.1.sdk/usr/lib -lxml2 -o a.out
2022-12-27T11:44:44.2323780Z   error: command '/usr/bin/gcc' failed with exit code 1
2022-12-27T11:44:44.3118780Z   error: subprocess-exited-with-error
2022-12-27T11:44:44.3119680Z   
2022-12-27T11:44:44.3120610Z   Ã— python setup.py bdist_wheel did not run successfully.
2022-12-27T11:44:44.3121320Z   â”‚ exit code: 1
2022-12-27T11:44:44.3122070Z   â•°â”€> See above for output.
2022-12-27T11:44:44.3122660Z   
2022-12-27T11:44:44.3123430Z   note: This error originates from a subprocess, and is likely not a problem with pip.
2022-12-27T11:44:44.3138400Z   full command: /private/var/folders/51/hd414ycd67n82196sw51xqtc0000gn/T/cibw-run-ezep5xov/cp39-macosx_arm64/build/venv/bin/python -u -c '
2022-12-27T11:44:44.3139590Z   exec(compile('"'"''"'"''"'"'
2022-12-27T11:44:44.3140680Z   # This is <pip-setuptools-caller> -- a caller that pip uses to run setup.py
2022-12-27T11:44:44.3141500Z   #
2022-12-27T11:44:44.3142250Z   # - It imports setuptools before invoking setup.py, to enable projects that directly
2022-12-27T11:44:44.3143130Z   #   import from `distutils.core` to work with newer packaging standards.
2022-12-27T11:44:44.3144210Z   # - It provides a clear error message when setuptools is not installed.
2022-12-27T11:44:44.3145220Z   # - It sets `sys.argv[0]` to the underlying `setup.py`, when invoking `setup.py` so
2022-12-27T11:44:44.3146370Z   #   setuptools doesn'"'"'t think the script is `-c`. This avoids the following warning:
2022-12-27T11:44:44.3147050Z   #     manifest_maker: standard file '"'"'-c'"'"' not found".
2022-12-27T11:44:44.3147520Z   # - It generates a shim setup.py, for handling setup.cfg-only projects.
2022-12-27T11:44:44.3148860Z   import os, sys, tokenize
2022-12-27T11:44:44.3149170Z   
2022-12-27T11:44:44.3149450Z   try:
2022-12-27T11:44:44.3149670Z       import setuptools
2022-12-27T11:44:44.3150340Z   except ImportError as error:
2022-12-27T11:44:44.3150570Z       print(
2022-12-27T11:44:44.3150820Z           "ERROR: Can not execute `setup.py` since setuptools is not available in "
2022-12-27T11:44:44.3151180Z           "the build environment.",
2022-12-27T11:44:44.3151470Z           file=sys.stderr,
2022-12-27T11:44:44.3151720Z       )
2022-12-27T11:44:44.3151990Z       sys.exit(1)
2022-12-27T11:44:44.3152280Z   
2022-12-27T11:44:44.3152520Z   __file__ = %r
2022-12-27T11:44:44.3152820Z   sys.argv[0] = __file__
2022-12-27T11:44:44.3153110Z   
2022-12-27T11:44:44.3153370Z   if os.path.exists(__file__):
2022-12-27T11:44:44.3153700Z       filename = __file__
2022-12-27T11:44:44.3154190Z       with tokenize.open(__file__) as f:
2022-12-27T11:44:44.3154450Z           setup_py_code = f.read()
2022-12-27T11:44:44.3154770Z   else:
2022-12-27T11:44:44.3155250Z       filename = "<auto-generated setuptools caller>"
2022-12-27T11:44:44.3155620Z       setup_py_code = "from setuptools import setup; setup()"
2022-12-27T11:44:44.3155980Z   
2022-12-27T11:44:44.3156320Z   exec(compile(setup_py_code, filename, "exec"))
2022-12-27T11:44:44.3157170Z   '"'"''"'"''"'"' % ('"'"'/Users/runner/actions-runner/_work/python.build/python.build/build_lxml43239/lxml-4.3.2/setup.py'"'"',), "<pip-setuptools-caller>", "exec"))' bdist_wheel -d /private/var/folders/51/hd414ycd67n82196sw51xqtc0000gn/T/pip-wheel-i8qt0rpe
2022-12-27T11:44:44.3157910Z   cwd: /Users/runner/actions-runner/_work/python.build/python.build/build_lxml43239/lxml-4.3.2/
2022-12-27T11:44:44.3158530Z   ERROR: Failed building wheel for lxml
2022-12-27T11:44:44.3159450Z   Building wheel for lxml (setup.py): finished with status 'error'
2022-12-27T11:44:44.3159920Z   Running command python setup.py clean
2022-12-27T11:44:44.3160230Z   Running setup.py clean for lxml
2022-12-27T11:44:44.5841490Z   Building lxml version 4.3.2.
2022-12-27T11:44:44.5842210Z   Building without Cython.
2022-12-27T11:44:44.6089380Z   Using build configuration of libxslt 1.1.29
2022-12-27T11:44:44.8093250Z   Building against libxml2/libxslt in the following directory: /Library/Developer/CommandLineTools/SDKs/MacOSX12.1.sdk/usr/lib
2022-12-27T11:44:44.8407340Z   running clean
2022-12-27T11:44:44.8456370Z   removing 'build/temp.macosx-11.0-arm64-cpython-39' (and everything under it)
2022-12-27T11:44:44.8458400Z   removing 'build/lib.macosx-11.0-arm64-cpython-39' (and everything under it)
2022-12-27T11:44:44.8552200Z   'build/bdist.macosx-11.0-arm64' does not exist -- can't clean it
2022-12-27T11:44:44.8556950Z   'build/scripts-3.9' does not exist -- can't clean it
2022-12-27T11:44:44.8559060Z   removing 'build'
2022-12-27T11:44:44.9118140Z Failed to build lxml
2022-12-27T11:44:44.9126470Z ERROR: Failed to build one or more wheels
2022-12-27T11:44:44.9144520Z Exception information:
2022-12-27T11:44:44.9145470Z Traceback (most recent call last):
2022-12-27T11:44:44.9159920Z   File "/private/var/folders/51/hd414ycd67n82196sw51xqtc0000gn/T/cibw-run-ezep5xov/cp39-macosx_arm64/build/venv/lib/python3.9/site-packages/pip/_internal/cli/base_command.py", line 160, in exc_logging_wrapper
2022-12-27T11:44:44.9160510Z     status = run_func(*args)
2022-12-27T11:44:44.9161330Z   File "/private/var/folders/51/hd414ycd67n82196sw51xqtc0000gn/T/cibw-run-ezep5xov/cp39-macosx_arm64/build/venv/lib/python3.9/site-packages/pip/_internal/cli/req_command.py", line 247, in wrapper
2022-12-27T11:44:44.9161820Z     return func(self, options, args)
2022-12-27T11:44:44.9162560Z   File "/private/var/folders/51/hd414ycd67n82196sw51xqtc0000gn/T/cibw-run-ezep5xov/cp39-macosx_arm64/build/venv/lib/python3.9/site-packages/pip/_internal/commands/wheel.py", line 201, in run
2022-12-27T11:44:44.9163170Z     raise CommandError("Failed to build one or more wheels")
2022-12-27T11:44:44.9163620Z pip._internal.exceptions.CommandError: Failed to build one or more wheels
2022-12-27T11:44:44.9165170Z Removed build tracker: '/private/var/folders/51/hd414ycd67n82196sw51xqtc0000gn/T/pip-build-tracker-eqk8lrpf'
2022-12-27T11:44:45.0206760Z ##[endgroup]
2022-12-27T11:44:45.0243860Z ##[error]Command ['python', '-m', 'pip', 'wheel', '/Users/runner/actions-runner/_work/python.build/python.build/build_lxml43239/lxml-4.3.2', '--wheel-dir=/private/var/folders/51/hd414ycd67n82196sw51xqtc0000gn/T/cibw-run-ezep5xov/cp39-macosx_arm64/built_wheel', '--no-deps', '-vvv'] failed with code 1. None
2022-12-27T11:44:45.0253150Z 
2022-12-27T11:44:45.0253660Z                                                               [31mâœ• [0m4.69s
2022-12-27T11:44:45.1089430Z ##[error]Process completed with exit code 1.
2022-12-27T11:44:45.1143940Z ##[group]Run rm -rf build_lxml43239 wheelsout
2022-12-27T11:44:45.1144220Z [36;1mrm -rf build_lxml43239 wheelsout[0m
2022-12-27T11:44:45.1171580Z shell: /bin/bash -e {0}
2022-12-27T11:44:45.1171760Z env:
2022-12-27T11:44:45.1172000Z   pythonLocation: /Users/runner/hostedtoolcache/Python/3.9.16/x64
2022-12-27T11:44:45.1172320Z   PKG_CONFIG_PATH: /Users/runner/hostedtoolcache/Python/3.9.16/x64/lib/pkgconfig
2022-12-27T11:44:45.1172630Z   Python_ROOT_DIR: /Users/runner/hostedtoolcache/Python/3.9.16/x64
2022-12-27T11:44:45.1172930Z   Python2_ROOT_DIR: /Users/runner/hostedtoolcache/Python/3.9.16/x64
2022-12-27T11:44:45.1173220Z   Python3_ROOT_DIR: /Users/runner/hostedtoolcache/Python/3.9.16/x64
2022-12-27T11:44:45.1173450Z ##[endgroup]
2022-12-27T11:44:45.2257880Z Cleaning up orphan processes
