2022-12-27T08:48:16.9965276Z Requested labels: self-hosted, macOS, X64
2022-12-27T08:48:16.9965392Z Job defined at: kilnbuild/python.build/.github/workflows/mac_arm_build.yml@refs/heads/main
2022-12-27T08:48:16.9965437Z Waiting for a runner to pick up this job...
2022-12-27T11:12:15.5104335Z Job is about to start running on the runner: s1 (organization)
2022-12-27T11:12:19.4216590Z Current runner version: '2.300.2'
2022-12-27T11:12:19.4221800Z Runner name: 's1'
2022-12-27T11:12:19.4222060Z Runner group name: 'Default'
2022-12-27T11:12:19.4222510Z Machine name: 's1'
2022-12-27T11:12:19.4224050Z ##[group]GITHUB_TOKEN Permissions
2022-12-27T11:12:19.4224470Z Actions: write
2022-12-27T11:12:19.4224610Z Checks: write
2022-12-27T11:12:19.4224750Z Contents: write
2022-12-27T11:12:19.4224890Z Deployments: write
2022-12-27T11:12:19.4225030Z Discussions: write
2022-12-27T11:12:19.4225170Z Issues: write
2022-12-27T11:12:19.4225300Z Metadata: read
2022-12-27T11:12:19.4225580Z Packages: write
2022-12-27T11:12:19.4225730Z Pages: write
2022-12-27T11:12:19.4225870Z PullRequests: write
2022-12-27T11:12:19.4226040Z RepositoryProjects: write
2022-12-27T11:12:19.4226200Z SecurityEvents: write
2022-12-27T11:12:19.4226350Z Statuses: write
2022-12-27T11:12:19.4226490Z ##[endgroup]
2022-12-27T11:12:19.4229090Z Secret source: Actions
2022-12-27T11:12:19.4229430Z Prepare workflow directory
2022-12-27T11:12:19.4903510Z Prepare all required actions
2022-12-27T11:12:19.5027640Z Getting action download info
2022-12-27T11:12:19.9679360Z Download action repository 'actions/setup-python@v4' (SHA:5ccb29d8773c3f3f653e1705f474dfaa8a06a912)
2022-12-27T11:12:21.7260540Z Download action repository 'actions/upload-artifact@v3' (SHA:83fd05a356d7e2593de66fc9913b3002723633cb)
2022-12-27T11:12:23.0846230Z ##[group]Run echo '{
2022-12-27T11:12:23.0846590Z [36;1mecho '{[0m
2022-12-27T11:12:23.0846790Z [36;1m  "package_name": "lxml",[0m
2022-12-27T11:12:23.0847080Z [36;1m  "package_url": "https://files.pythonhosted.org/packages/91/85/2776a729f8ef1e2aca83e02393dbdfcdf2c0f7c5a1205a77bbf1f82230f9/lxml-2.2.4.tar.gz",[0m
2022-12-27T11:12:23.0847330Z [36;1m  "package_version": "2.2.4",[0m
2022-12-27T11:12:23.0847450Z [36;1m  "python_version": "3.11",[0m
2022-12-27T11:12:23.0847600Z [36;1m  "use_ccache": "true"[0m
2022-12-27T11:12:23.0847700Z [36;1m}'[0m
2022-12-27T11:12:23.0863370Z shell: /bin/bash -e {0}
2022-12-27T11:12:23.0863530Z ##[endgroup]
2022-12-27T11:12:23.1083920Z {
2022-12-27T11:12:23.1085280Z   "package_name": "lxml",
2022-12-27T11:12:23.1085910Z   "package_url": "https://files.pythonhosted.org/packages/91/85/2776a729f8ef1e2aca83e02393dbdfcdf2c0f7c5a1205a77bbf1f82230f9/lxml-2.2.4.tar.gz",
2022-12-27T11:12:23.1086210Z   "package_version": "2.2.4",
2022-12-27T11:12:23.1086480Z   "python_version": "3.11",
2022-12-27T11:12:23.1086670Z   "use_ccache": "true"
2022-12-27T11:12:23.1086830Z }
2022-12-27T11:12:23.1305930Z ##[group]Run actions/setup-python@v4
2022-12-27T11:12:23.1306210Z with:
2022-12-27T11:12:23.1306460Z   python-version: 3.11
2022-12-27T11:12:23.1306620Z   check-latest: false
2022-12-27T11:12:23.1306930Z   token: ***
2022-12-27T11:12:23.1307120Z   update-environment: true
2022-12-27T11:12:23.1307280Z ##[endgroup]
2022-12-27T11:12:23.2560750Z ##[group]Installed versions
2022-12-27T11:12:23.2607040Z Successfully set up CPython (3.11.1)
2022-12-27T11:12:23.2607550Z ##[endgroup]
2022-12-27T11:12:23.2758050Z ##[group]Run if [ "true" == "true" ]
2022-12-27T11:12:23.2758420Z [36;1mif [ "true" == "true" ][0m
2022-12-27T11:12:23.2758640Z [36;1mthen[0m
2022-12-27T11:12:23.2759050Z [36;1m  echo "CCACHE_PATH_PREPEND=/usr/local/opt/ccache/libexec" >> $GITHUB_OUTPUT[0m
2022-12-27T11:12:23.2759250Z [36;1melse[0m
2022-12-27T11:12:23.2759460Z [36;1m  echo "CCACHE_PATH_PREPEND=" >> $GITHUB_OUTPUT[0m
2022-12-27T11:12:23.2759900Z [36;1mfi[0m
2022-12-27T11:12:23.2778490Z shell: /bin/bash -e {0}
2022-12-27T11:12:23.2778730Z env:
2022-12-27T11:12:23.2778970Z   pythonLocation: /Users/runner/hostedtoolcache/Python/3.11.1/x64
2022-12-27T11:12:23.2779260Z   PKG_CONFIG_PATH: /Users/runner/hostedtoolcache/Python/3.11.1/x64/lib/pkgconfig
2022-12-27T11:12:23.2779630Z   Python_ROOT_DIR: /Users/runner/hostedtoolcache/Python/3.11.1/x64
2022-12-27T11:12:23.2779890Z   Python2_ROOT_DIR: /Users/runner/hostedtoolcache/Python/3.11.1/x64
2022-12-27T11:12:23.2780220Z   Python3_ROOT_DIR: /Users/runner/hostedtoolcache/Python/3.11.1/x64
2022-12-27T11:12:23.2780840Z ##[endgroup]
2022-12-27T11:12:23.2896010Z ##[group]Run echo "BUILD_NAME=$(echo lxml_2.2.4_3.11 | tr -dc '[:alnum:]\n\r' | tr '[:upper:]' '[:lower:]')" >> $GITHUB_OUTPUT
2022-12-27T11:12:23.2896490Z [36;1mecho "BUILD_NAME=$(echo lxml_2.2.4_3.11 | tr -dc '[:alnum:]\n\r' | tr '[:upper:]' '[:lower:]')" >> $GITHUB_OUTPUT[0m
2022-12-27T11:12:23.2911920Z shell: /bin/bash -e {0}
2022-12-27T11:12:23.2912130Z env:
2022-12-27T11:12:23.2912320Z   pythonLocation: /Users/runner/hostedtoolcache/Python/3.11.1/x64
2022-12-27T11:12:23.2912590Z   PKG_CONFIG_PATH: /Users/runner/hostedtoolcache/Python/3.11.1/x64/lib/pkgconfig
2022-12-27T11:12:23.2912960Z   Python_ROOT_DIR: /Users/runner/hostedtoolcache/Python/3.11.1/x64
2022-12-27T11:12:23.2913210Z   Python2_ROOT_DIR: /Users/runner/hostedtoolcache/Python/3.11.1/x64
2022-12-27T11:12:23.2913420Z   Python3_ROOT_DIR: /Users/runner/hostedtoolcache/Python/3.11.1/x64
2022-12-27T11:12:23.2913640Z ##[endgroup]
2022-12-27T11:12:23.3034770Z ##[group]Run echo "PYTHON_NO_DOTS=$(echo 3.11 | tr -dc '[:alnum:]\n\r' | tr '[:upper:]' '[:lower:]')" >> $GITHUB_OUTPUT
2022-12-27T11:12:23.3035200Z [36;1mecho "PYTHON_NO_DOTS=$(echo 3.11 | tr -dc '[:alnum:]\n\r' | tr '[:upper:]' '[:lower:]')" >> $GITHUB_OUTPUT[0m
2022-12-27T11:12:23.3050320Z shell: /bin/bash -e {0}
2022-12-27T11:12:23.3050470Z env:
2022-12-27T11:12:23.3050670Z   pythonLocation: /Users/runner/hostedtoolcache/Python/3.11.1/x64
2022-12-27T11:12:23.3050900Z   PKG_CONFIG_PATH: /Users/runner/hostedtoolcache/Python/3.11.1/x64/lib/pkgconfig
2022-12-27T11:12:23.3051120Z   Python_ROOT_DIR: /Users/runner/hostedtoolcache/Python/3.11.1/x64
2022-12-27T11:12:23.3051330Z   Python2_ROOT_DIR: /Users/runner/hostedtoolcache/Python/3.11.1/x64
2022-12-27T11:12:23.3051570Z   Python3_ROOT_DIR: /Users/runner/hostedtoolcache/Python/3.11.1/x64
2022-12-27T11:12:23.3051780Z ##[endgroup]
2022-12-27T11:12:23.3162440Z ##[group]Run rm -rf build_lxml224311
2022-12-27T11:12:23.3162830Z [36;1mrm -rf build_lxml224311[0m
2022-12-27T11:12:23.3163030Z [36;1mmkdir build_lxml224311[0m
2022-12-27T11:12:23.3163210Z [36;1mcd build_lxml224311[0m
2022-12-27T11:12:23.3163540Z [36;1m/usr/local/bin/wget --quiet https://files.pythonhosted.org/packages/91/85/2776a729f8ef1e2aca83e02393dbdfcdf2c0f7c5a1205a77bbf1f82230f9/lxml-2.2.4.tar.gz[0m
2022-12-27T11:12:23.3163820Z [36;1mtar xf *.tar.gz[0m
2022-12-27T11:12:23.3163960Z [36;1mcd *[0m
2022-12-27T11:12:23.3164150Z [36;1mpython -m pip install cibuildwheel==2.11.3[0m
2022-12-27T11:12:23.3164400Z [36;1mpython -m cibuildwheel --output-dir ../wheelsout[0m
2022-12-27T11:12:23.3179790Z shell: /bin/bash -e {0}
2022-12-27T11:12:23.3179950Z env:
2022-12-27T11:12:23.3180160Z   pythonLocation: /Users/runner/hostedtoolcache/Python/3.11.1/x64
2022-12-27T11:12:23.3180480Z   PKG_CONFIG_PATH: /Users/runner/hostedtoolcache/Python/3.11.1/x64/lib/pkgconfig
2022-12-27T11:12:23.3180770Z   Python_ROOT_DIR: /Users/runner/hostedtoolcache/Python/3.11.1/x64
2022-12-27T11:12:23.3181000Z   Python2_ROOT_DIR: /Users/runner/hostedtoolcache/Python/3.11.1/x64
2022-12-27T11:12:23.3181200Z   Python3_ROOT_DIR: /Users/runner/hostedtoolcache/Python/3.11.1/x64
2022-12-27T11:12:23.3181450Z   CIBW_ARCHS_MACOS: arm64
2022-12-27T11:12:23.3181630Z   CIBW_TEST_SKIP: *_arm64
2022-12-27T11:12:23.3181790Z   CIBW_BUILD: cp311-macosx_arm64
2022-12-27T11:12:23.3181970Z   CIBW_BUILD_FRONTEND: pip
2022-12-27T11:12:23.3182180Z   CIBW_BUILD_VERBOSITY: 3
2022-12-27T11:12:23.3182490Z   CIBW_ENVIRONMENT_MACOS:  CFLAGS="-I/usr/local/opt/openssl@3/include" LDFLAGS="-L/usr/local/opt/openssl@3/lib" CPPFLAGS="-I/usr/local/opt/openssl@3/include" MAKEFLAGS="-j$(sysctl -n hw.logicalcpu)" PATH=/usr/local/opt/ccache/libexec:$PATH
2022-12-27T11:12:23.3182830Z   CIBW_BEFORE_BUILD: pip install Cython; if [[ -f requirements.txt ]]; then pip install -r requirements.txt; fi
2022-12-27T11:12:23.3183080Z   MAKEFLAGS: -j$(sysctl -n hw.logicalcpu)
2022-12-27T11:12:23.3183260Z ##[endgroup]
2022-12-27T11:12:23.7937600Z Requirement already satisfied: cibuildwheel==2.11.3 in /Library/Frameworks/Python.framework/Versions/3.11/lib/python3.11/site-packages (2.11.3)
2022-12-27T11:12:23.8241400Z Requirement already satisfied: bashlex!=0.13 in /Library/Frameworks/Python.framework/Versions/3.11/lib/python3.11/site-packages (from cibuildwheel==2.11.3) (0.16)
2022-12-27T11:12:23.8248630Z Requirement already satisfied: bracex in /Library/Frameworks/Python.framework/Versions/3.11/lib/python3.11/site-packages (from cibuildwheel==2.11.3) (2.3.post1)
2022-12-27T11:12:23.8255180Z Requirement already satisfied: certifi in /Library/Frameworks/Python.framework/Versions/3.11/lib/python3.11/site-packages (from cibuildwheel==2.11.3) (2022.12.7)
2022-12-27T11:12:23.8261480Z Requirement already satisfied: filelock in /Library/Frameworks/Python.framework/Versions/3.11/lib/python3.11/site-packages (from cibuildwheel==2.11.3) (3.8.2)
2022-12-27T11:12:23.8270630Z Requirement already satisfied: packaging>=20.9 in /Library/Frameworks/Python.framework/Versions/3.11/lib/python3.11/site-packages (from cibuildwheel==2.11.3) (22.0)
2022-12-27T11:12:23.8278810Z Requirement already satisfied: platformdirs in /Library/Frameworks/Python.framework/Versions/3.11/lib/python3.11/site-packages (from cibuildwheel==2.11.3) (2.6.0)
2022-12-27T11:12:24.0508860Z 
2022-12-27T11:12:24.0509020Z      _ _       _ _   _       _           _
2022-12-27T11:12:24.0509320Z  ___|_| |_ _ _|_| |_| |_ _ _| |_ ___ ___| |
2022-12-27T11:12:24.0509910Z |  _| | . | | | | | . | | | |   | -_| -_| |
2022-12-27T11:12:24.0510250Z |___|_|___|___|_|_|___|_____|_|_|___|___|_|
2022-12-27T11:12:24.0510470Z 
2022-12-27T11:12:24.0510530Z cibuildwheel version 2.11.3
2022-12-27T11:12:24.0510650Z 
2022-12-27T11:12:24.0510860Z Build options:
2022-12-27T11:12:24.0511050Z   platform: macos
2022-12-27T11:12:24.0566830Z   architectures: arm64[0m
2022-12-27T11:12:24.0567120Z   build_selector: 
2022-12-27T11:12:24.0568130Z     build_config: cp311-macosx_arm64
2022-12-27T11:12:24.0568460Z     skip_config: 
2022-12-27T11:12:24.0568740Z     requires_python: None
2022-12-27T11:12:24.0569080Z     prerelease_pythons: False[0m
2022-12-27T11:12:24.0569590Z   [38;5;244mcontainer_engine: docker[0m
2022-12-27T11:12:24.0569980Z   output_dir: /Users/runner/actions-runner/_work/python.build/python.build/build_lxml224311/wheelsout[0m
2022-12-27T11:12:24.0570460Z   package_dir: /Users/runner/actions-runner/_work/python.build/python.build/build_lxml224311/lxml-2.2.4[0m
2022-12-27T11:12:24.0570810Z   test_selector: 
2022-12-27T11:12:24.0571200Z     skip_config: *_arm64[0m
2022-12-27T11:12:24.0571490Z   [38;5;244mbefore_all: [0m
2022-12-27T11:12:24.0571910Z   before_build: pip install Cython; if [[ -f requirements.txt ]]; then pip install -r requirements.txt; fi[0m
2022-12-27T11:12:24.0572280Z   [38;5;244mbefore_test: [0m
2022-12-27T11:12:24.0572520Z   [38;5;244mbuild_frontend: pip[0m
2022-12-27T11:12:24.0572940Z   build_verbosity: 3[0m
2022-12-27T11:12:24.0573240Z   [38;5;244mconfig_settings: [0m
2022-12-27T11:12:24.0573510Z   [38;5;244mdependency_constraints: pinned[0m
2022-12-27T11:12:24.0573740Z   environment: 
2022-12-27T11:12:24.0574120Z     CFLAGS="-I/usr/local/opt/openssl@3/include"
2022-12-27T11:12:24.0574360Z     LDFLAGS="-L/usr/local/opt/openssl@3/lib"
2022-12-27T11:12:24.0574630Z     CPPFLAGS="-I/usr/local/opt/openssl@3/include"
2022-12-27T11:12:24.0574900Z     MAKEFLAGS="-j$(sysctl -n hw.logicalcpu)"
2022-12-27T11:12:24.0575170Z     PATH=/usr/local/opt/ccache/libexec:$PATH[0m
2022-12-27T11:12:24.0575520Z   [38;5;244mmanylinux_images: None[0m
2022-12-27T11:12:24.0575770Z   [38;5;244mmusllinux_images: None[0m
2022-12-27T11:12:24.0576090Z   [38;5;244mrepair_command: delocate-wheel --require-archs {delocate_archs} -w {dest_dir} -v {wheel}[0m
2022-12-27T11:12:24.0576340Z   [38;5;244mtest_command: [0m
2022-12-27T11:12:24.0576570Z   [38;5;244mtest_extras: [0m
2022-12-27T11:12:24.0576910Z   [38;5;244mtest_requires: [0m
2022-12-27T11:12:24.0577020Z 
2022-12-27T11:12:24.0577100Z Cache folder: /Users/runner/Library/Caches/cibuildwheel
2022-12-27T11:12:24.0585440Z 
2022-12-27T11:12:24.0585810Z Here we go!
2022-12-27T11:12:24.0585930Z 
2022-12-27T11:12:24.0631300Z 
2022-12-27T11:12:24.0631840Z [1m[34mBuilding cp311-macosx_arm64 wheel[0m
2022-12-27T11:12:24.0632400Z CPython 3.11 macOS arm64 - Apple Silicon
2022-12-27T11:12:24.0632570Z 
2022-12-27T11:12:24.0634410Z ##[group]Installing Python cp311...
2022-12-27T11:12:24.0634590Z 
2022-12-27T11:12:24.0635400Z + pkgutil --pkgs
2022-12-27T11:12:24.0733570Z ##[endgroup]
2022-12-27T11:12:24.0734440Z                                                               [32mâœ“ [0m0.01s
2022-12-27T11:12:24.0734860Z ##[group]Setting up build environment...
2022-12-27T11:12:24.0734950Z 
2022-12-27T11:12:24.0751540Z + /Library/Frameworks/Python.framework/Versions/3.11/bin/python -sS /Users/runner/Library/Caches/cibuildwheel/virtualenv-20.17.0.pyz --activators= --no-periodic-update --pip=22.3.1 --setuptools=65.6.3 --wheel=0.38.4 --symlink-app-data --python /Library/Frameworks/Python.framework/Versions/3.11/bin/python3 /private/var/folders/51/hd414ycd67n82196sw51xqtc0000gn/T/cibw-run-5gtr66ay/cp311-macosx_arm64/build/venv
2022-12-27T11:12:24.2598510Z created virtual environment CPython3.11.1.final.0-64 in 48ms
2022-12-27T11:12:24.2599230Z   creator CPython3Posix(dest=/private/var/folders/51/hd414ycd67n82196sw51xqtc0000gn/T/cibw-run-5gtr66ay/cp311-macosx_arm64/build/venv, clear=False, no_vcs_ignore=False, global=False)
2022-12-27T11:12:24.2599600Z   seeder FromAppData(download=False, pip=22.3.1, setuptools=65.6.3, wheel=0.38.4, via=symlink, app_data_dir=/Users/runner/Library/Application Support/virtualenv)
2022-12-27T11:12:24.2599930Z     added seed packages: pip==22.3.1, setuptools==65.6.3, wheel==0.38.4
2022-12-27T11:12:24.2729440Z + python -m pip install --upgrade pip -c /Library/Frameworks/Python.framework/Versions/3.11/lib/python3.11/site-packages/cibuildwheel/resources/constraints-python311.txt
2022-12-27T11:12:24.5441610Z Requirement already satisfied: pip in ./lib/python3.11/site-packages (22.3.1)
2022-12-27T11:12:24.6714110Z + which pip
2022-12-27T11:12:24.6729720Z /private/var/folders/51/hd414ycd67n82196sw51xqtc0000gn/T/cibw-run-5gtr66ay/cp311-macosx_arm64/build/venv/bin/pip
2022-12-27T11:12:24.6731630Z + pip --version
2022-12-27T11:12:24.8698530Z pip 22.3.1 from /private/var/folders/51/hd414ycd67n82196sw51xqtc0000gn/T/cibw-run-5gtr66ay/cp311-macosx_arm64/build/venv/lib/python3.11/site-packages/pip (python 3.11)
2022-12-27T11:12:24.8928390Z + which pip
2022-12-27T11:12:24.8953380Z + which python
2022-12-27T11:12:24.8970730Z /private/var/folders/51/hd414ycd67n82196sw51xqtc0000gn/T/cibw-run-5gtr66ay/cp311-macosx_arm64/build/venv/bin/python
2022-12-27T11:12:24.8972510Z + python --version
2022-12-27T11:12:24.9026100Z Python 3.11.1
2022-12-27T11:12:24.9029310Z + which python
2022-12-27T11:12:24.9082430Z ##[endgroup]
2022-12-27T11:12:24.9082940Z                                                               [32mâœ“ [0m0.83s
2022-12-27T11:12:24.9083360Z ##[group]Installing build tools...
2022-12-27T11:12:24.9083510Z 
2022-12-27T11:12:24.9083940Z + pip install --upgrade setuptools wheel delocate -c /Library/Frameworks/Python.framework/Versions/3.11/lib/python3.11/site-packages/cibuildwheel/resources/constraints-python311.txt
2022-12-27T11:12:25.1817970Z Requirement already satisfied: setuptools in /private/var/folders/51/hd414ycd67n82196sw51xqtc0000gn/T/cibw-run-5gtr66ay/cp311-macosx_arm64/build/venv/lib/python3.11/site-packages (65.6.3)
2022-12-27T11:12:25.3611260Z Requirement already satisfied: wheel in /private/var/folders/51/hd414ycd67n82196sw51xqtc0000gn/T/cibw-run-5gtr66ay/cp311-macosx_arm64/build/venv/lib/python3.11/site-packages (0.38.4)
2022-12-27T11:12:25.3994190Z Collecting delocate
2022-12-27T11:12:25.4018210Z   Using cached delocate-0.10.3-py3-none-any.whl (142 kB)
2022-12-27T11:12:25.4280230Z Collecting packaging>=20.9
2022-12-27T11:12:25.4298440Z   Using cached packaging-21.3-py3-none-any.whl (40 kB)
2022-12-27T11:12:25.4448560Z Collecting typing-extensions
2022-12-27T11:12:25.4466740Z   Using cached typing_extensions-4.4.0-py3-none-any.whl (26 kB)
2022-12-27T11:12:25.4783190Z Collecting pyparsing!=3.0.5,>=2.0.2
2022-12-27T11:12:25.4801800Z   Using cached pyparsing-3.0.9-py3-none-any.whl (98 kB)
2022-12-27T11:12:25.5367630Z Installing collected packages: typing-extensions, pyparsing, packaging, delocate
2022-12-27T11:12:25.6708030Z Successfully installed delocate-0.10.3 packaging-21.3 pyparsing-3.0.9 typing-extensions-4.4.0
2022-12-27T11:12:25.7209890Z ##[endgroup]
2022-12-27T11:12:25.7210480Z                                                               [32mâœ“ [0m0.81s
2022-12-27T11:12:25.7210960Z ##[group]Running before_build...
2022-12-27T11:12:25.7211090Z 
2022-12-27T11:12:25.7214690Z + pip install Cython; if [[ -f requirements.txt ]]; then pip install -r requirements.txt; fi
2022-12-27T11:12:26.3033770Z Collecting Cython
2022-12-27T11:12:26.3077140Z   Using cached Cython-0.29.32-py2.py3-none-any.whl (986 kB)
2022-12-27T11:12:26.3486130Z Installing collected packages: Cython
2022-12-27T11:12:26.7719620Z Successfully installed Cython-0.29.32
2022-12-27T11:12:26.8182760Z ##[endgroup]
2022-12-27T11:12:26.8183620Z                                                               [32mâœ“ [0m1.10s
2022-12-27T11:12:26.8184070Z ##[group]Building wheel...
2022-12-27T11:12:26.8184340Z 
2022-12-27T11:12:26.8187950Z + python -m pip wheel /Users/runner/actions-runner/_work/python.build/python.build/build_lxml224311/lxml-2.2.4 --wheel-dir=/private/var/folders/51/hd414ycd67n82196sw51xqtc0000gn/T/cibw-run-5gtr66ay/cp311-macosx_arm64/built_wheel --no-deps -vvv
2022-12-27T11:12:27.0716460Z Created temporary directory: /private/var/folders/51/hd414ycd67n82196sw51xqtc0000gn/T/pip-ephem-wheel-cache-w38e2zqs
2022-12-27T11:12:27.0720310Z Created temporary directory: /private/var/folders/51/hd414ycd67n82196sw51xqtc0000gn/T/pip-build-tracker-fodr3elo
2022-12-27T11:12:27.0722410Z Initialized build tracking at /private/var/folders/51/hd414ycd67n82196sw51xqtc0000gn/T/pip-build-tracker-fodr3elo
2022-12-27T11:12:27.0723740Z Created build tracker: /private/var/folders/51/hd414ycd67n82196sw51xqtc0000gn/T/pip-build-tracker-fodr3elo
2022-12-27T11:12:27.0725120Z Entered build tracker: /private/var/folders/51/hd414ycd67n82196sw51xqtc0000gn/T/pip-build-tracker-fodr3elo
2022-12-27T11:12:27.0728070Z Created temporary directory: /private/var/folders/51/hd414ycd67n82196sw51xqtc0000gn/T/pip-wheel-ywe9vq2g
2022-12-27T11:12:27.0733480Z Created temporary directory: /private/var/folders/51/hd414ycd67n82196sw51xqtc0000gn/T/pip-ephem-wheel-cache-jikucthn
2022-12-27T11:12:27.0808990Z Processing /Users/runner/actions-runner/_work/python.build/python.build/build_lxml224311/lxml-2.2.4
2022-12-27T11:12:27.0814060Z   Added file:///Users/runner/actions-runner/_work/python.build/python.build/build_lxml224311/lxml-2.2.4 to build tracker '/private/var/folders/51/hd414ycd67n82196sw51xqtc0000gn/T/pip-build-tracker-fodr3elo'
2022-12-27T11:12:27.0817210Z   Running setup.py (path:/Users/runner/actions-runner/_work/python.build/python.build/build_lxml224311/lxml-2.2.4/setup.py) egg_info for package from file:///Users/runner/actions-runner/_work/python.build/python.build/build_lxml224311/lxml-2.2.4
2022-12-27T11:12:27.0820000Z   Created temporary directory: /private/var/folders/51/hd414ycd67n82196sw51xqtc0000gn/T/pip-pip-egg-info-cidfzohm
2022-12-27T11:12:27.0821080Z   Preparing metadata (setup.py): started
2022-12-27T11:12:27.0822580Z   Running command python setup.py egg_info
2022-12-27T11:12:27.4320760Z   Building lxml version 2.2.4.
2022-12-27T11:12:27.4321550Z   Building with Cython 0.29.32.
2022-12-27T11:12:27.4322720Z   Using build configuration of libxslt 1.1.29
2022-12-27T11:12:27.4324500Z   Building against libxml2/libxslt in the following directory: /Library/Developer/CommandLineTools/SDKs/MacOSX12.1.sdk/usr/lib
2022-12-27T11:12:27.4325500Z   running egg_info
2022-12-27T11:12:27.4327580Z   creating /private/var/folders/51/hd414ycd67n82196sw51xqtc0000gn/T/pip-pip-egg-info-cidfzohm/lxml.egg-info
2022-12-27T11:12:27.4329070Z   writing /private/var/folders/51/hd414ycd67n82196sw51xqtc0000gn/T/pip-pip-egg-info-cidfzohm/lxml.egg-info/PKG-INFO
2022-12-27T11:12:27.4333320Z   writing dependency_links to /private/var/folders/51/hd414ycd67n82196sw51xqtc0000gn/T/pip-pip-egg-info-cidfzohm/lxml.egg-info/dependency_links.txt
2022-12-27T11:12:27.4336680Z   writing top-level names to /private/var/folders/51/hd414ycd67n82196sw51xqtc0000gn/T/pip-pip-egg-info-cidfzohm/lxml.egg-info/top_level.txt
2022-12-27T11:12:27.4338940Z   writing manifest file '/private/var/folders/51/hd414ycd67n82196sw51xqtc0000gn/T/pip-pip-egg-info-cidfzohm/lxml.egg-info/SOURCES.txt'
2022-12-27T11:12:27.4392150Z   reading manifest file '/private/var/folders/51/hd414ycd67n82196sw51xqtc0000gn/T/pip-pip-egg-info-cidfzohm/lxml.egg-info/SOURCES.txt'
2022-12-27T11:12:27.4394530Z   reading manifest template 'MANIFEST.in'
2022-12-27T11:12:27.5158130Z   adding license file 'LICENSES.txt'
2022-12-27T11:12:27.5211370Z   writing manifest file '/private/var/folders/51/hd414ycd67n82196sw51xqtc0000gn/T/pip-pip-egg-info-cidfzohm/lxml.egg-info/SOURCES.txt'
2022-12-27T11:12:27.5478750Z   Preparing metadata (setup.py): finished with status 'done'
2022-12-27T11:12:27.5500160Z   Source in /Users/runner/actions-runner/_work/python.build/python.build/build_lxml224311/lxml-2.2.4 has version 2.2.4, which satisfies requirement lxml==2.2.4 from file:///Users/runner/actions-runner/_work/python.build/python.build/build_lxml224311/lxml-2.2.4
2022-12-27T11:12:27.5503270Z   Removed lxml==2.2.4 from file:///Users/runner/actions-runner/_work/python.build/python.build/build_lxml224311/lxml-2.2.4 from build tracker '/private/var/folders/51/hd414ycd67n82196sw51xqtc0000gn/T/pip-build-tracker-fodr3elo'
2022-12-27T11:12:27.5519500Z Created temporary directory: /private/var/folders/51/hd414ycd67n82196sw51xqtc0000gn/T/pip-unpack-qlnwvg83
2022-12-27T11:12:27.5521420Z Building wheels for collected packages: lxml
2022-12-27T11:12:27.5528170Z   Created temporary directory: /private/var/folders/51/hd414ycd67n82196sw51xqtc0000gn/T/pip-wheel-i8q14m4c
2022-12-27T11:12:27.5529500Z   Building wheel for lxml (setup.py): started
2022-12-27T11:12:27.5531000Z   Destination directory: /private/var/folders/51/hd414ycd67n82196sw51xqtc0000gn/T/pip-wheel-i8q14m4c
2022-12-27T11:12:27.5639220Z   Running command python setup.py bdist_wheel
2022-12-27T11:12:27.7866980Z   Building lxml version 2.2.4.
2022-12-27T11:12:27.7867790Z   Building with Cython 0.29.32.
2022-12-27T11:12:27.7998650Z   Using build configuration of libxslt 1.1.29
2022-12-27T11:12:27.8939410Z   Building against libxml2/libxslt in the following directory: /Library/Developer/CommandLineTools/SDKs/MacOSX12.1.sdk/usr/lib
2022-12-27T11:12:27.9168030Z   running bdist_wheel
2022-12-27T11:12:27.9205490Z   running build
2022-12-27T11:12:27.9207070Z   running build_py
2022-12-27T11:12:27.9226080Z   creating build
2022-12-27T11:12:27.9227730Z   creating build/lib.macosx-11.0-arm64-cpython-311
2022-12-27T11:12:27.9229110Z   creating build/lib.macosx-11.0-arm64-cpython-311/lxml
2022-12-27T11:12:27.9230930Z   copying src/lxml/_elementpath.py -> build/lib.macosx-11.0-arm64-cpython-311/lxml
2022-12-27T11:12:27.9234150Z   copying src/lxml/sax.py -> build/lib.macosx-11.0-arm64-cpython-311/lxml
2022-12-27T11:12:27.9236980Z   copying src/lxml/pyclasslookup.py -> build/lib.macosx-11.0-arm64-cpython-311/lxml
2022-12-27T11:12:27.9238810Z   copying src/lxml/__init__.py -> build/lib.macosx-11.0-arm64-cpython-311/lxml
2022-12-27T11:12:27.9241420Z   copying src/lxml/builder.py -> build/lib.macosx-11.0-arm64-cpython-311/lxml
2022-12-27T11:12:27.9244680Z   copying src/lxml/doctestcompare.py -> build/lib.macosx-11.0-arm64-cpython-311/lxml
2022-12-27T11:12:27.9247940Z   copying src/lxml/usedoctest.py -> build/lib.macosx-11.0-arm64-cpython-311/lxml
2022-12-27T11:12:27.9250710Z   copying src/lxml/cssselect.py -> build/lib.macosx-11.0-arm64-cpython-311/lxml
2022-12-27T11:12:27.9253830Z   copying src/lxml/ElementInclude.py -> build/lib.macosx-11.0-arm64-cpython-311/lxml
2022-12-27T11:12:27.9260810Z   creating build/lib.macosx-11.0-arm64-cpython-311/lxml/html
2022-12-27T11:12:27.9262480Z   copying src/lxml/html/soupparser.py -> build/lib.macosx-11.0-arm64-cpython-311/lxml/html
2022-12-27T11:12:27.9264690Z   copying src/lxml/html/defs.py -> build/lib.macosx-11.0-arm64-cpython-311/lxml/html
2022-12-27T11:12:27.9267890Z   copying src/lxml/html/_setmixin.py -> build/lib.macosx-11.0-arm64-cpython-311/lxml/html
2022-12-27T11:12:27.9270330Z   copying src/lxml/html/clean.py -> build/lib.macosx-11.0-arm64-cpython-311/lxml/html
2022-12-27T11:12:27.9273310Z   copying src/lxml/html/_diffcommand.py -> build/lib.macosx-11.0-arm64-cpython-311/lxml/html
2022-12-27T11:12:27.9275830Z   copying src/lxml/html/html5parser.py -> build/lib.macosx-11.0-arm64-cpython-311/lxml/html
2022-12-27T11:12:27.9278780Z   copying src/lxml/html/__init__.py -> build/lib.macosx-11.0-arm64-cpython-311/lxml/html
2022-12-27T11:12:27.9281690Z   copying src/lxml/html/formfill.py -> build/lib.macosx-11.0-arm64-cpython-311/lxml/html
2022-12-27T11:12:27.9284580Z   copying src/lxml/html/builder.py -> build/lib.macosx-11.0-arm64-cpython-311/lxml/html
2022-12-27T11:12:27.9287330Z   copying src/lxml/html/ElementSoup.py -> build/lib.macosx-11.0-arm64-cpython-311/lxml/html
2022-12-27T11:12:27.9290100Z   copying src/lxml/html/_html5builder.py -> build/lib.macosx-11.0-arm64-cpython-311/lxml/html
2022-12-27T11:12:27.9292900Z   copying src/lxml/html/usedoctest.py -> build/lib.macosx-11.0-arm64-cpython-311/lxml/html
2022-12-27T11:12:27.9295730Z   copying src/lxml/html/diff.py -> build/lib.macosx-11.0-arm64-cpython-311/lxml/html
2022-12-27T11:12:27.9299110Z   copying src/lxml/html/_dictmixin.py -> build/lib.macosx-11.0-arm64-cpython-311/lxml/html
2022-12-27T11:12:27.9309100Z   running build_ext
2022-12-27T11:12:27.9437520Z   skipping 'src/lxml/lxml.etree.c' Cython extension (up-to-date)
2022-12-27T11:12:27.9440780Z   skipping 'src/lxml/lxml.objectify.c' Cython extension (up-to-date)
2022-12-27T11:12:27.9442440Z   building 'lxml.etree' extension
2022-12-27T11:12:27.9444060Z   creating build/temp.macosx-11.0-arm64-cpython-311
2022-12-27T11:12:27.9445460Z   creating build/temp.macosx-11.0-arm64-cpython-311/src
2022-12-27T11:12:27.9447170Z   creating build/temp.macosx-11.0-arm64-cpython-311/src/lxml
2022-12-27T11:12:27.9449700Z   clang -Wsign-compare -Wunreachable-code -fno-common -dynamic -DNDEBUG -g -fwrapv -O3 -Wall -g -I/usr/local/opt/openssl@3/include -I/usr/local/opt/openssl@3/include -arch arm64 -I/Library/Developer/CommandLineTools/SDKs/MacOSX12.1.sdk/usr/include -I/private/var/folders/51/hd414ycd67n82196sw51xqtc0000gn/T/cibw-run-5gtr66ay/cp311-macosx_arm64/build/venv/include -I/Library/Frameworks/Python.framework/Versions/3.11/include/python3.11 -c src/lxml/lxml.etree.c -o build/temp.macosx-11.0-arm64-cpython-311/src/lxml/lxml.etree.o -w -flat_namespace
2022-12-27T11:12:28.4242050Z   src/lxml/lxml.etree.c:119968:5: error: expression is not assignable
2022-12-27T11:12:28.4243210Z       ++Py_REFCNT(o);
2022-12-27T11:12:28.4244830Z       ^ ~~~~~~~~~~~~
2022-12-27T11:12:28.4246450Z   src/lxml/lxml.etree.c:119971:5: error: expression is not assignable
2022-12-27T11:12:28.4247900Z       --Py_REFCNT(o);
2022-12-27T11:12:28.4249230Z       ^ ~~~~~~~~~~~~
2022-12-27T11:12:28.4250680Z   src/lxml/lxml.etree.c:120169:5: error: expression is not assignable
2022-12-27T11:12:28.4251960Z       ++Py_REFCNT(o);
2022-12-27T11:12:28.4253250Z       ^ ~~~~~~~~~~~~
2022-12-27T11:12:28.4254740Z   src/lxml/lxml.etree.c:120172:5: error: expression is not assignable
2022-12-27T11:12:28.4256260Z       --Py_REFCNT(o);
2022-12-27T11:12:28.4257810Z       ^ ~~~~~~~~~~~~
2022-12-27T11:12:28.4466990Z   src/lxml/lxml.etree.c:129491:5: error: expression is not assignable
2022-12-27T11:12:28.4468500Z       ++Py_REFCNT(o);
2022-12-27T11:12:28.4469740Z       ^ ~~~~~~~~~~~~
2022-12-27T11:12:28.4471330Z   src/lxml/lxml.etree.c:129494:5: error: expression is not assignable
2022-12-27T11:12:28.4472760Z       --Py_REFCNT(o);
2022-12-27T11:12:28.4474350Z       ^ ~~~~~~~~~~~~
2022-12-27T11:12:28.4479990Z   src/lxml/lxml.etree.c:130068:5: error: expression is not assignable
2022-12-27T11:12:28.4481190Z       ++Py_REFCNT(o);
2022-12-27T11:12:28.4482360Z       ^ ~~~~~~~~~~~~
2022-12-27T11:12:28.4483720Z   src/lxml/lxml.etree.c:130071:5: error: expression is not assignable
2022-12-27T11:12:28.4485180Z       --Py_REFCNT(o);
2022-12-27T11:12:28.4486340Z       ^ ~~~~~~~~~~~~
2022-12-27T11:12:28.4490010Z   src/lxml/lxml.etree.c:130455:5: error: expression is not assignable
2022-12-27T11:12:28.4492030Z       ++Py_REFCNT(o);
2022-12-27T11:12:28.4493420Z       ^ ~~~~~~~~~~~~
2022-12-27T11:12:28.4494910Z   src/lxml/lxml.etree.c:130458:5: error: expression is not assignable
2022-12-27T11:12:28.4496010Z       --Py_REFCNT(o);
2022-12-27T11:12:28.4497030Z       ^ ~~~~~~~~~~~~
2022-12-27T11:12:28.4498370Z   src/lxml/lxml.etree.c:130632:5: error: expression is not assignable
2022-12-27T11:12:28.4499600Z       ++Py_REFCNT(o);
2022-12-27T11:12:28.4500470Z       ^ ~~~~~~~~~~~~
2022-12-27T11:12:28.4501690Z   src/lxml/lxml.etree.c:130635:5: error: expression is not assignable
2022-12-27T11:12:28.4502860Z       --Py_REFCNT(o);
2022-12-27T11:12:28.4504020Z       ^ ~~~~~~~~~~~~
2022-12-27T11:12:28.4602690Z   src/lxml/lxml.etree.c:134516:5: error: expression is not assignable
2022-12-27T11:12:28.4604220Z       ++Py_REFCNT(o);
2022-12-27T11:12:28.4605640Z       ^ ~~~~~~~~~~~~
2022-12-27T11:12:28.4607040Z   src/lxml/lxml.etree.c:134519:5: error: expression is not assignable
2022-12-27T11:12:28.4608280Z       --Py_REFCNT(o);
2022-12-27T11:12:28.4609200Z       ^ ~~~~~~~~~~~~
2022-12-27T11:12:28.4615690Z   src/lxml/lxml.etree.c:135078:5: error: expression is not assignable
2022-12-27T11:12:28.4616810Z       ++Py_REFCNT(o);
2022-12-27T11:12:28.4617800Z       ^ ~~~~~~~~~~~~
2022-12-27T11:12:28.4619180Z   src/lxml/lxml.etree.c:135081:5: error: expression is not assignable
2022-12-27T11:12:28.4620080Z       --Py_REFCNT(o);
2022-12-27T11:12:28.4621300Z       ^ ~~~~~~~~~~~~
2022-12-27T11:12:28.4628150Z   src/lxml/lxml.etree.c:135626:5: error: expression is not assignable
2022-12-27T11:12:28.4629130Z       ++Py_REFCNT(o);
2022-12-27T11:12:28.4630630Z       ^ ~~~~~~~~~~~~
2022-12-27T11:12:28.4631640Z   src/lxml/lxml.etree.c:135629:5: error: expression is not assignable
2022-12-27T11:12:28.4632960Z       --Py_REFCNT(o);
2022-12-27T11:12:28.4633780Z       ^ ~~~~~~~~~~~~
2022-12-27T11:12:28.4642050Z   src/lxml/lxml.etree.c:136192:5: error: expression is not assignable
2022-12-27T11:12:28.4643070Z       ++Py_REFCNT(o);
2022-12-27T11:12:28.4708320Z       ^ ~~~~~~~~~~~~
2022-12-27T11:12:28.4708790Z   fatal error: too many errors emitted, stopping now [-ferror-limit=]
2022-12-27T11:12:28.5111810Z   20 errors generated.
2022-12-27T11:12:28.5151370Z   error: command '/usr/bin/clang' failed with exit code 1
2022-12-27T11:12:28.5532490Z   error: subprocess-exited-with-error
2022-12-27T11:12:28.5532700Z   
2022-12-27T11:12:28.5533070Z   Ã— python setup.py bdist_wheel did not run successfully.
2022-12-27T11:12:28.5533400Z   â”‚ exit code: 1
2022-12-27T11:12:28.5533650Z   â•°â”€> See above for output.
2022-12-27T11:12:28.5534120Z   
2022-12-27T11:12:28.5534380Z   note: This error originates from a subprocess, and is likely not a problem with pip.
2022-12-27T11:12:28.5541020Z   full command: /private/var/folders/51/hd414ycd67n82196sw51xqtc0000gn/T/cibw-run-5gtr66ay/cp311-macosx_arm64/build/venv/bin/python -u -c '
2022-12-27T11:12:28.5541370Z   exec(compile('"'"''"'"''"'"'
2022-12-27T11:12:28.5541650Z   # This is <pip-setuptools-caller> -- a caller that pip uses to run setup.py
2022-12-27T11:12:28.5542160Z   #
2022-12-27T11:12:28.5542550Z   # - It imports setuptools before invoking setup.py, to enable projects that directly
2022-12-27T11:12:28.5542830Z   #   import from `distutils.core` to work with newer packaging standards.
2022-12-27T11:12:28.5543190Z   # - It provides a clear error message when setuptools is not installed.
2022-12-27T11:12:28.5543700Z   # - It sets `sys.argv[0]` to the underlying `setup.py`, when invoking `setup.py` so
2022-12-27T11:12:28.5544060Z   #   setuptools doesn'"'"'t think the script is `-c`. This avoids the following warning:
2022-12-27T11:12:28.5544360Z   #     manifest_maker: standard file '"'"'-c'"'"' not found".
2022-12-27T11:12:28.5545290Z   # - It generates a shim setup.py, for handling setup.cfg-only projects.
2022-12-27T11:12:28.5545530Z   import os, sys, tokenize
2022-12-27T11:12:28.5545680Z   
2022-12-27T11:12:28.5545840Z   try:
2022-12-27T11:12:28.5546020Z       import setuptools
2022-12-27T11:12:28.5546180Z   except ImportError as error:
2022-12-27T11:12:28.5546330Z       print(
2022-12-27T11:12:28.5546560Z           "ERROR: Can not execute `setup.py` since setuptools is not available in "
2022-12-27T11:12:28.5546790Z           "the build environment.",
2022-12-27T11:12:28.5546940Z           file=sys.stderr,
2022-12-27T11:12:28.5547110Z       )
2022-12-27T11:12:28.5547270Z       sys.exit(1)
2022-12-27T11:12:28.5547400Z   
2022-12-27T11:12:28.5547570Z   __file__ = %r
2022-12-27T11:12:28.5547880Z   sys.argv[0] = __file__
2022-12-27T11:12:28.5548010Z   
2022-12-27T11:12:28.5548260Z   if os.path.exists(__file__):
2022-12-27T11:12:28.5548450Z       filename = __file__
2022-12-27T11:12:28.5548620Z       with tokenize.open(__file__) as f:
2022-12-27T11:12:28.5548830Z           setup_py_code = f.read()
2022-12-27T11:12:28.5549010Z   else:
2022-12-27T11:12:28.5549240Z       filename = "<auto-generated setuptools caller>"
2022-12-27T11:12:28.5549470Z       setup_py_code = "from setuptools import setup; setup()"
2022-12-27T11:12:28.5549680Z   
2022-12-27T11:12:28.5549840Z   exec(compile(setup_py_code, filename, "exec"))
2022-12-27T11:12:28.5550340Z   '"'"''"'"''"'"' % ('"'"'/Users/runner/actions-runner/_work/python.build/python.build/build_lxml224311/lxml-2.2.4/setup.py'"'"',), "<pip-setuptools-caller>", "exec"))' bdist_wheel -d /private/var/folders/51/hd414ycd67n82196sw51xqtc0000gn/T/pip-wheel-i8q14m4c
2022-12-27T11:12:28.5551030Z   cwd: /Users/runner/actions-runner/_work/python.build/python.build/build_lxml224311/lxml-2.2.4/
2022-12-27T11:12:28.5551320Z   ERROR: Failed building wheel for lxml
2022-12-27T11:12:28.5551710Z   Building wheel for lxml (setup.py): finished with status 'error'
2022-12-27T11:12:28.5551950Z   Running setup.py clean for lxml
2022-12-27T11:12:28.5553070Z   Running command python setup.py clean
2022-12-27T11:12:28.7762840Z   Building lxml version 2.2.4.
2022-12-27T11:12:28.7763340Z   Building with Cython 0.29.32.
2022-12-27T11:12:28.7892430Z   Using build configuration of libxslt 1.1.29
2022-12-27T11:12:28.8837120Z   Building against libxml2/libxslt in the following directory: /Library/Developer/CommandLineTools/SDKs/MacOSX12.1.sdk/usr/lib
2022-12-27T11:12:28.8963270Z   running clean
2022-12-27T11:12:28.8988790Z   removing 'build/temp.macosx-11.0-arm64-cpython-311' (and everything under it)
2022-12-27T11:12:28.8992130Z   removing 'build/lib.macosx-11.0-arm64-cpython-311' (and everything under it)
2022-12-27T11:12:28.9012240Z   'build/bdist.macosx-11.0-arm64' does not exist -- can't clean it
2022-12-27T11:12:28.9013590Z   'build/scripts-3.11' does not exist -- can't clean it
2022-12-27T11:12:28.9015230Z   removing 'build'
2022-12-27T11:12:28.9278020Z Failed to build lxml
2022-12-27T11:12:28.9281940Z ERROR: Failed to build one or more wheels
2022-12-27T11:12:28.9294960Z Exception information:
2022-12-27T11:12:28.9295190Z Traceback (most recent call last):
2022-12-27T11:12:28.9302770Z   File "/private/var/folders/51/hd414ycd67n82196sw51xqtc0000gn/T/cibw-run-5gtr66ay/cp311-macosx_arm64/build/venv/lib/python3.11/site-packages/pip/_internal/cli/base_command.py", line 160, in exc_logging_wrapper
2022-12-27T11:12:28.9303210Z     status = run_func(*args)
2022-12-27T11:12:28.9303350Z              ^^^^^^^^^^^^^^^
2022-12-27T11:12:28.9303880Z   File "/private/var/folders/51/hd414ycd67n82196sw51xqtc0000gn/T/cibw-run-5gtr66ay/cp311-macosx_arm64/build/venv/lib/python3.11/site-packages/pip/_internal/cli/req_command.py", line 247, in wrapper
2022-12-27T11:12:28.9304260Z     return func(self, options, args)
2022-12-27T11:12:28.9304420Z            ^^^^^^^^^^^^^^^^^^^^^^^^^
2022-12-27T11:12:28.9304940Z   File "/private/var/folders/51/hd414ycd67n82196sw51xqtc0000gn/T/cibw-run-5gtr66ay/cp311-macosx_arm64/build/venv/lib/python3.11/site-packages/pip/_internal/commands/wheel.py", line 201, in run
2022-12-27T11:12:28.9305710Z     raise CommandError("Failed to build one or more wheels")
2022-12-27T11:12:28.9305940Z pip._internal.exceptions.CommandError: Failed to build one or more wheels
2022-12-27T11:12:28.9306340Z Removed build tracker: '/private/var/folders/51/hd414ycd67n82196sw51xqtc0000gn/T/pip-build-tracker-fodr3elo'
2022-12-27T11:12:28.9726690Z ##[endgroup]
2022-12-27T11:12:28.9749760Z ##[error]Command ['python', '-m', 'pip', 'wheel', '/Users/runner/actions-runner/_work/python.build/python.build/build_lxml224311/lxml-2.2.4', '--wheel-dir=/private/var/folders/51/hd414ycd67n82196sw51xqtc0000gn/T/cibw-run-5gtr66ay/cp311-macosx_arm64/built_wheel', '--no-deps', '-vvv'] failed with code 1. None
2022-12-27T11:12:28.9756300Z 
2022-12-27T11:12:28.9756620Z                                                               [31mâœ• [0m2.15s
2022-12-27T11:12:29.0214540Z ##[error]Process completed with exit code 1.
2022-12-27T11:12:29.0247150Z ##[group]Run rm -rf build_lxml224311 wheelsout
2022-12-27T11:12:29.0247490Z [36;1mrm -rf build_lxml224311 wheelsout[0m
2022-12-27T11:12:29.0263700Z shell: /bin/bash -e {0}
2022-12-27T11:12:29.0263890Z env:
2022-12-27T11:12:29.0264140Z   pythonLocation: /Users/runner/hostedtoolcache/Python/3.11.1/x64
2022-12-27T11:12:29.0264380Z   PKG_CONFIG_PATH: /Users/runner/hostedtoolcache/Python/3.11.1/x64/lib/pkgconfig
2022-12-27T11:12:29.0264630Z   Python_ROOT_DIR: /Users/runner/hostedtoolcache/Python/3.11.1/x64
2022-12-27T11:12:29.0264870Z   Python2_ROOT_DIR: /Users/runner/hostedtoolcache/Python/3.11.1/x64
2022-12-27T11:12:29.0265110Z   Python3_ROOT_DIR: /Users/runner/hostedtoolcache/Python/3.11.1/x64
2022-12-27T11:12:29.0265290Z ##[endgroup]
2022-12-27T11:12:29.0810950Z Cleaning up orphan processes
