2022-12-27T01:56:02.2772622Z Requested labels: self-hosted, macOS, X64
2022-12-27T01:56:02.2772693Z Job defined at: kilnbuild/python.build/.github/workflows/mac_arm_build.yml@refs/heads/main
2022-12-27T01:56:02.2772721Z Waiting for a runner to pick up this job...
2022-12-27T02:27:11.7037881Z Job is about to start running on the runner: kr2 (organization)
2022-12-27T02:27:16.8063160Z Current runner version: '2.300.2'
2022-12-27T02:27:16.8071310Z Runner name: 'kr2'
2022-12-27T02:27:16.8071730Z Runner group name: 'Default'
2022-12-27T02:27:16.8072610Z Machine name: 'kr2'
2022-12-27T02:27:16.8075290Z ##[group]GITHUB_TOKEN Permissions
2022-12-27T02:27:16.8076010Z Actions: write
2022-12-27T02:27:16.8076270Z Checks: write
2022-12-27T02:27:16.8076520Z Contents: write
2022-12-27T02:27:16.8076780Z Deployments: write
2022-12-27T02:27:16.8077040Z Discussions: write
2022-12-27T02:27:16.8077300Z Issues: write
2022-12-27T02:27:16.8077550Z Metadata: read
2022-12-27T02:27:16.8077800Z Packages: write
2022-12-27T02:27:16.8078060Z Pages: write
2022-12-27T02:27:16.8078320Z PullRequests: write
2022-12-27T02:27:16.8078610Z RepositoryProjects: write
2022-12-27T02:27:16.8078910Z SecurityEvents: write
2022-12-27T02:27:16.8079180Z Statuses: write
2022-12-27T02:27:16.8079430Z ##[endgroup]
2022-12-27T02:27:16.8083280Z Secret source: Actions
2022-12-27T02:27:16.8083780Z Prepare workflow directory
2022-12-27T02:27:16.9211640Z Prepare all required actions
2022-12-27T02:27:16.9424360Z Getting action download info
2022-12-27T02:27:17.3753730Z Download action repository 'actions/setup-python@v4' (SHA:5ccb29d8773c3f3f653e1705f474dfaa8a06a912)
2022-12-27T02:27:19.3074660Z Download action repository 'actions/upload-artifact@v3' (SHA:83fd05a356d7e2593de66fc9913b3002723633cb)
2022-12-27T02:27:20.8265350Z ##[group]Run echo '{
2022-12-27T02:27:20.8265910Z [36;1mecho '{[0m
2022-12-27T02:27:20.8266280Z [36;1m  "environment_variables": "GRPC_PYTHON_BUILD_WITH_CYTHON=1 GRPC_BUILD_WITH_BORING_SSL_ASM='' GRPC_PYTHON_BUILD_SYSTEM_OPENSSL=TRUE",[0m
2022-12-27T02:27:20.8266620Z [36;1m  "package_name": "grpcio",[0m
2022-12-27T02:27:20.8267070Z [36;1m  "package_url": "https://files.pythonhosted.org/packages/01/0b/7033eb8a2b8e7f8eaf849490ee27c9b121b1b5624d644c3b5b988d7386cf/grpcio-1.9.1.tar.gz",[0m
2022-12-27T02:27:20.8267460Z [36;1m  "package_version": "1.9.1",[0m
2022-12-27T02:27:20.8267710Z [36;1m  "python_version": "3.8",[0m
2022-12-27T02:27:20.8267930Z [36;1m  "use_ccache": "true"[0m
2022-12-27T02:27:20.8268140Z [36;1m}'[0m
2022-12-27T02:27:20.8297730Z shell: /bin/bash -e {0}
2022-12-27T02:27:20.8297960Z ##[endgroup]
2022-12-27T02:27:20.8709450Z {
2022-12-27T02:27:20.8712290Z   "environment_variables": "GRPC_PYTHON_BUILD_WITH_CYTHON=1 GRPC_BUILD_WITH_BORING_SSL_ASM= GRPC_PYTHON_BUILD_SYSTEM_OPENSSL=TRUE",
2022-12-27T02:27:20.8712760Z   "package_name": "grpcio",
2022-12-27T02:27:20.8713990Z   "package_url": "https://files.pythonhosted.org/packages/01/0b/7033eb8a2b8e7f8eaf849490ee27c9b121b1b5624d644c3b5b988d7386cf/grpcio-1.9.1.tar.gz",
2022-12-27T02:27:20.8714520Z   "package_version": "1.9.1",
2022-12-27T02:27:20.8714810Z   "python_version": "3.8",
2022-12-27T02:27:20.8715230Z   "use_ccache": "true"
2022-12-27T02:27:20.8715540Z }
2022-12-27T02:27:20.9063830Z ##[group]Run actions/setup-python@v4
2022-12-27T02:27:20.9064260Z with:
2022-12-27T02:27:20.9064590Z   python-version: 3.8
2022-12-27T02:27:20.9064860Z   check-latest: false
2022-12-27T02:27:20.9065420Z   token: ***
2022-12-27T02:27:20.9065860Z   update-environment: true
2022-12-27T02:27:20.9066200Z ##[endgroup]
2022-12-27T02:27:21.1426620Z ##[group]Installed versions
2022-12-27T02:27:21.1504060Z Successfully set up CPython (3.8.15)
2022-12-27T02:27:21.1505890Z ##[endgroup]
2022-12-27T02:27:21.1751780Z ##[group]Run if [ "true" == "true" ]
2022-12-27T02:27:21.1752250Z [36;1mif [ "true" == "true" ][0m
2022-12-27T02:27:21.1752530Z [36;1mthen[0m
2022-12-27T02:27:21.1752950Z [36;1m  echo "CCACHE_PATH_PREPEND=/usr/local/opt/ccache/libexec" >> $GITHUB_OUTPUT[0m
2022-12-27T02:27:21.1753470Z [36;1melse[0m
2022-12-27T02:27:21.1753770Z [36;1m  echo "CCACHE_PATH_PREPEND=" >> $GITHUB_OUTPUT[0m
2022-12-27T02:27:21.1754150Z [36;1mfi[0m
2022-12-27T02:27:21.1784000Z shell: /bin/bash -e {0}
2022-12-27T02:27:21.1784490Z env:
2022-12-27T02:27:21.1784830Z   pythonLocation: /Users/runner/hostedtoolcache/Python/3.8.15/x64
2022-12-27T02:27:21.1785320Z   PKG_CONFIG_PATH: /Users/runner/hostedtoolcache/Python/3.8.15/x64/lib/pkgconfig
2022-12-27T02:27:21.1786610Z   Python_ROOT_DIR: /Users/runner/hostedtoolcache/Python/3.8.15/x64
2022-12-27T02:27:21.1787010Z   Python2_ROOT_DIR: /Users/runner/hostedtoolcache/Python/3.8.15/x64
2022-12-27T02:27:21.1787710Z   Python3_ROOT_DIR: /Users/runner/hostedtoolcache/Python/3.8.15/x64
2022-12-27T02:27:21.1788110Z ##[endgroup]
2022-12-27T02:27:21.2126920Z ##[group]Run echo "BUILD_NAME=$(echo grpcio_1.9.1_3.8 | tr -dc '[:alnum:]\n\r' | tr '[:upper:]' '[:lower:]')" >> $GITHUB_OUTPUT
2022-12-27T02:27:21.2127530Z [36;1mecho "BUILD_NAME=$(echo grpcio_1.9.1_3.8 | tr -dc '[:alnum:]\n\r' | tr '[:upper:]' '[:lower:]')" >> $GITHUB_OUTPUT[0m
2022-12-27T02:27:21.2159440Z shell: /bin/bash -e {0}
2022-12-27T02:27:21.2159650Z env:
2022-12-27T02:27:21.2159930Z   pythonLocation: /Users/runner/hostedtoolcache/Python/3.8.15/x64
2022-12-27T02:27:21.2160350Z   PKG_CONFIG_PATH: /Users/runner/hostedtoolcache/Python/3.8.15/x64/lib/pkgconfig
2022-12-27T02:27:21.2160720Z   Python_ROOT_DIR: /Users/runner/hostedtoolcache/Python/3.8.15/x64
2022-12-27T02:27:21.2161320Z   Python2_ROOT_DIR: /Users/runner/hostedtoolcache/Python/3.8.15/x64
2022-12-27T02:27:21.2161810Z   Python3_ROOT_DIR: /Users/runner/hostedtoolcache/Python/3.8.15/x64
2022-12-27T02:27:21.2162140Z ##[endgroup]
2022-12-27T02:27:21.2411930Z ##[group]Run echo "PYTHON_NO_DOTS=$(echo 3.8 | tr -dc '[:alnum:]\n\r' | tr '[:upper:]' '[:lower:]')" >> $GITHUB_OUTPUT
2022-12-27T02:27:21.2412540Z [36;1mecho "PYTHON_NO_DOTS=$(echo 3.8 | tr -dc '[:alnum:]\n\r' | tr '[:upper:]' '[:lower:]')" >> $GITHUB_OUTPUT[0m
2022-12-27T02:27:21.2441610Z shell: /bin/bash -e {0}
2022-12-27T02:27:21.2441940Z env:
2022-12-27T02:27:21.2442340Z   pythonLocation: /Users/runner/hostedtoolcache/Python/3.8.15/x64
2022-12-27T02:27:21.2443970Z   PKG_CONFIG_PATH: /Users/runner/hostedtoolcache/Python/3.8.15/x64/lib/pkgconfig
2022-12-27T02:27:21.2444440Z   Python_ROOT_DIR: /Users/runner/hostedtoolcache/Python/3.8.15/x64
2022-12-27T02:27:21.2444900Z   Python2_ROOT_DIR: /Users/runner/hostedtoolcache/Python/3.8.15/x64
2022-12-27T02:27:21.2445420Z   Python3_ROOT_DIR: /Users/runner/hostedtoolcache/Python/3.8.15/x64
2022-12-27T02:27:21.2445740Z ##[endgroup]
2022-12-27T02:27:21.2707120Z ##[group]Run rm -rf build_grpcio19138
2022-12-27T02:27:21.2707780Z [36;1mrm -rf build_grpcio19138[0m
2022-12-27T02:27:21.2708070Z [36;1mmkdir build_grpcio19138[0m
2022-12-27T02:27:21.2708480Z [36;1mcd build_grpcio19138[0m
2022-12-27T02:27:21.2709060Z [36;1m/usr/local/bin/wget --quiet https://files.pythonhosted.org/packages/01/0b/7033eb8a2b8e7f8eaf849490ee27c9b121b1b5624d644c3b5b988d7386cf/grpcio-1.9.1.tar.gz[0m
2022-12-27T02:27:21.2709500Z [36;1mtar xf *.tar.gz[0m
2022-12-27T02:27:21.2709850Z [36;1mcd grpcio-*/[0m
2022-12-27T02:27:21.2710220Z [36;1mpython -m pip install cibuildwheel==2.11.3[0m
2022-12-27T02:27:21.2710710Z [36;1mpython -m cibuildwheel --output-dir ../wheelsout[0m
2022-12-27T02:27:21.2740660Z shell: /bin/bash -e {0}
2022-12-27T02:27:21.2740990Z env:
2022-12-27T02:27:21.2741550Z   pythonLocation: /Users/runner/hostedtoolcache/Python/3.8.15/x64
2022-12-27T02:27:21.2742090Z   PKG_CONFIG_PATH: /Users/runner/hostedtoolcache/Python/3.8.15/x64/lib/pkgconfig
2022-12-27T02:27:21.2742510Z   Python_ROOT_DIR: /Users/runner/hostedtoolcache/Python/3.8.15/x64
2022-12-27T02:27:21.2742970Z   Python2_ROOT_DIR: /Users/runner/hostedtoolcache/Python/3.8.15/x64
2022-12-27T02:27:21.2743490Z   Python3_ROOT_DIR: /Users/runner/hostedtoolcache/Python/3.8.15/x64
2022-12-27T02:27:21.2743980Z   CIBW_ARCHS_MACOS: arm64
2022-12-27T02:27:21.2744250Z   CIBW_TEST_SKIP: *_arm64
2022-12-27T02:27:21.2744610Z   CIBW_BUILD: cp38-macosx_arm64
2022-12-27T02:27:21.2744950Z   CIBW_BUILD_FRONTEND: pip
2022-12-27T02:27:21.2745230Z   CIBW_BUILD_VERBOSITY: 3
2022-12-27T02:27:21.2745980Z   CIBW_ENVIRONMENT_MACOS: GRPC_PYTHON_BUILD_WITH_CYTHON=1 GRPC_BUILD_WITH_BORING_SSL_ASM='' GRPC_PYTHON_BUILD_SYSTEM_OPENSSL=TRUE CFLAGS="-I/usr/local/opt/openssl@3/include" LDFLAGS="-L/usr/local/opt/openssl@3/lib" CPPFLAGS="-I/usr/local/opt/openssl@3/include" MAKEFLAGS="-j$(sysctl -n hw.logicalcpu)" PATH=/usr/local/opt/ccache/libexec:$PATH
2022-12-27T02:27:21.2747130Z   CIBW_BEFORE_BUILD: pip install Cython; if [[ -f requirements.txt ]]; then pip install -r requirements.txt; fi
2022-12-27T02:27:21.2747590Z   MAKEFLAGS: -j$(sysctl -n hw.logicalcpu)
2022-12-27T02:27:21.2747870Z ##[endgroup]
2022-12-27T02:27:23.7768120Z Requirement already satisfied: cibuildwheel==2.11.3 in /Users/runner/hostedtoolcache/Python/3.8.15/x64/lib/python3.8/site-packages (2.11.3)
2022-12-27T02:27:23.8396080Z Requirement already satisfied: tomli in /Users/runner/hostedtoolcache/Python/3.8.15/x64/lib/python3.8/site-packages (from cibuildwheel==2.11.3) (2.0.1)
2022-12-27T02:27:23.8400360Z Requirement already satisfied: platformdirs in /Users/runner/hostedtoolcache/Python/3.8.15/x64/lib/python3.8/site-packages (from cibuildwheel==2.11.3) (2.6.0)
2022-12-27T02:27:23.8404810Z Requirement already satisfied: certifi in /Users/runner/hostedtoolcache/Python/3.8.15/x64/lib/python3.8/site-packages (from cibuildwheel==2.11.3) (2022.12.7)
2022-12-27T02:27:23.8413930Z Requirement already satisfied: packaging>=20.9 in /Users/runner/hostedtoolcache/Python/3.8.15/x64/lib/python3.8/site-packages (from cibuildwheel==2.11.3) (22.0)
2022-12-27T02:27:23.8430310Z Requirement already satisfied: typing-extensions>=4.1.0 in /Users/runner/hostedtoolcache/Python/3.8.15/x64/lib/python3.8/site-packages (from cibuildwheel==2.11.3) (4.4.0)
2022-12-27T02:27:23.8437210Z Requirement already satisfied: filelock in /Users/runner/hostedtoolcache/Python/3.8.15/x64/lib/python3.8/site-packages (from cibuildwheel==2.11.3) (3.8.2)
2022-12-27T02:27:23.8441310Z Requirement already satisfied: bracex in /Users/runner/hostedtoolcache/Python/3.8.15/x64/lib/python3.8/site-packages (from cibuildwheel==2.11.3) (2.3.post1)
2022-12-27T02:27:23.8449880Z Requirement already satisfied: bashlex!=0.13 in /Users/runner/hostedtoolcache/Python/3.8.15/x64/lib/python3.8/site-packages (from cibuildwheel==2.11.3) (0.16)
2022-12-27T02:27:24.1718160Z 
2022-12-27T02:27:24.1719500Z      _ _       _ _   _       _           _
2022-12-27T02:27:24.1720690Z  ___|_| |_ _ _|_| |_| |_ _ _| |_ ___ ___| |
2022-12-27T02:27:24.1723480Z |  _| | . | | | | | . | | | |   | -_| -_| |
2022-12-27T02:27:24.1725220Z |___|_|___|___|_|_|___|_____|_|_|___|___|_|
2022-12-27T02:27:24.1725620Z 
2022-12-27T02:27:24.1725950Z cibuildwheel version 2.11.3
2022-12-27T02:27:24.1726380Z 
2022-12-27T02:27:24.1726670Z Build options:
2022-12-27T02:27:24.1727170Z   platform: macos
2022-12-27T02:27:24.2053150Z   architectures: arm64[0m
2022-12-27T02:27:24.2053700Z   build_selector: 
2022-12-27T02:27:24.2054700Z     build_config: cp38-macosx_arm64
2022-12-27T02:27:24.2055740Z     skip_config: 
2022-12-27T02:27:24.2057360Z     requires_python: None
2022-12-27T02:27:24.2059910Z     prerelease_pythons: False[0m
2022-12-27T02:27:24.2061080Z   [38;5;244mcontainer_engine: docker[0m
2022-12-27T02:27:24.2062450Z   output_dir: /Users/runner/actions-runner/_work/python.build/python.build/build_grpcio19138/wheelsout[0m
2022-12-27T02:27:24.2064720Z   package_dir: /Users/runner/actions-runner/_work/python.build/python.build/build_grpcio19138/grpcio-1.9.1[0m
2022-12-27T02:27:24.2067860Z   test_selector: 
2022-12-27T02:27:24.2070780Z     skip_config: *_arm64[0m
2022-12-27T02:27:24.2071470Z   [38;5;244mbefore_all: [0m
2022-12-27T02:27:24.2072050Z   before_build: pip install Cython; if [[ -f requirements.txt ]]; then pip install -r requirements.txt; fi[0m
2022-12-27T02:27:24.2072750Z   [38;5;244mbefore_test: [0m
2022-12-27T02:27:24.2073120Z   [38;5;244mbuild_frontend: pip[0m
2022-12-27T02:27:24.2073530Z   build_verbosity: 3[0m
2022-12-27T02:27:24.2073940Z   [38;5;244mconfig_settings: [0m
2022-12-27T02:27:24.2074370Z   [38;5;244mdependency_constraints: pinned[0m
2022-12-27T02:27:24.2074850Z   environment: 
2022-12-27T02:27:24.2075200Z     GRPC_PYTHON_BUILD_WITH_CYTHON=1
2022-12-27T02:27:24.2075540Z     GRPC_BUILD_WITH_BORING_SSL_ASM=''
2022-12-27T02:27:24.2075920Z     GRPC_PYTHON_BUILD_SYSTEM_OPENSSL=TRUE
2022-12-27T02:27:24.2077220Z     CFLAGS="-I/usr/local/opt/openssl@3/include"
2022-12-27T02:27:24.2077830Z     LDFLAGS="-L/usr/local/opt/openssl@3/lib"
2022-12-27T02:27:24.2078260Z     CPPFLAGS="-I/usr/local/opt/openssl@3/include"
2022-12-27T02:27:24.2078720Z     MAKEFLAGS="-j$(sysctl -n hw.logicalcpu)"
2022-12-27T02:27:24.2079180Z     PATH=/usr/local/opt/ccache/libexec:$PATH[0m
2022-12-27T02:27:24.2079550Z   [38;5;244mmanylinux_images: None[0m
2022-12-27T02:27:24.2080100Z   [38;5;244mmusllinux_images: None[0m
2022-12-27T02:27:24.2080660Z   [38;5;244mrepair_command: delocate-wheel --require-archs {delocate_archs} -w {dest_dir} -v {wheel}[0m
2022-12-27T02:27:24.2081080Z   [38;5;244mtest_command: [0m
2022-12-27T02:27:24.2081480Z   [38;5;244mtest_extras: [0m
2022-12-27T02:27:24.2082010Z   [38;5;244mtest_requires: [0m
2022-12-27T02:27:24.2082210Z 
2022-12-27T02:27:24.2082410Z Cache folder: /Users/runner/Library/Caches/cibuildwheel
2022-12-27T02:27:24.2089150Z 
2022-12-27T02:27:24.2089600Z Here we go!
2022-12-27T02:27:24.2089780Z 
2022-12-27T02:27:24.2201550Z 
2022-12-27T02:27:24.2202780Z [1m[34mBuilding cp38-macosx_arm64 wheel[0m
2022-12-27T02:27:24.2203910Z CPython 3.8 macOS arm64 - Apple Silicon
2022-12-27T02:27:24.2205100Z 
2022-12-27T02:27:24.2208300Z ##[group]Installing Python cp38...
2022-12-27T02:27:24.2208610Z 
2022-12-27T02:27:24.2209550Z + pkgutil --pkgs
2022-12-27T02:27:24.2412790Z ##[endgroup]
2022-12-27T02:27:24.2417410Z                                                               [32mâœ“ [0m0.02s
2022-12-27T02:27:24.2418800Z ##[group]Setting up build environment...
2022-12-27T02:27:24.2419010Z 
2022-12-27T02:27:24.2447460Z + /Users/runner/hostedtoolcache/Python/3.8.15/x64/bin/python -sS /Users/runner/Library/Caches/cibuildwheel/virtualenv-20.17.0.pyz --activators= --no-periodic-update --pip=22.3.1 --setuptools=65.6.3 --wheel=0.38.4 --symlink-app-data --python /Library/Frameworks/Python.framework/Versions/3.8/bin/python3 /private/var/folders/51/hd414ycd67n82196sw51xqtc0000gn/T/cibw-run-l5id11qm/cp38-macosx_arm64/build/venv
2022-12-27T02:27:24.5615990Z created virtual environment CPython3.8.10.final.0-64 in 77ms
2022-12-27T02:27:24.5617630Z   creator CPython3Posix(dest=/private/var/folders/51/hd414ycd67n82196sw51xqtc0000gn/T/cibw-run-l5id11qm/cp38-macosx_arm64/build/venv, clear=False, no_vcs_ignore=False, global=False)
2022-12-27T02:27:24.5618520Z   seeder FromAppData(download=False, pip=22.3.1, setuptools=65.6.3, wheel=0.38.4, via=symlink, app_data_dir=/Users/runner/Library/Application Support/virtualenv)
2022-12-27T02:27:24.5619240Z     added seed packages: pip==22.3.1, setuptools==65.6.3, wheel==0.38.4
2022-12-27T02:27:24.5865740Z + python -m pip install --upgrade pip -c /Users/runner/hostedtoolcache/Python/3.8.15/x64/lib/python3.8/site-packages/cibuildwheel/resources/constraints-python38.txt
2022-12-27T02:27:25.1372410Z Requirement already satisfied: pip in ./lib/python3.8/site-packages (22.3.1)
2022-12-27T02:27:25.4232830Z + which pip
2022-12-27T02:27:25.4272530Z /private/var/folders/51/hd414ycd67n82196sw51xqtc0000gn/T/cibw-run-l5id11qm/cp38-macosx_arm64/build/venv/bin/pip
2022-12-27T02:27:25.4279510Z + pip --version
2022-12-27T02:27:25.8317850Z pip 22.3.1 from /private/var/folders/51/hd414ycd67n82196sw51xqtc0000gn/T/cibw-run-l5id11qm/cp38-macosx_arm64/build/venv/lib/python3.8/site-packages/pip (python 3.8)
2022-12-27T02:27:25.8826050Z + which pip
2022-12-27T02:27:25.8880440Z + which python
2022-12-27T02:27:25.8920990Z /private/var/folders/51/hd414ycd67n82196sw51xqtc0000gn/T/cibw-run-l5id11qm/cp38-macosx_arm64/build/venv/bin/python
2022-12-27T02:27:25.8926730Z + python --version
2022-12-27T02:27:25.9016420Z Python 3.8.10
2022-12-27T02:27:25.9021930Z + which python
2022-12-27T02:27:25.9133580Z ##[endgroup]
2022-12-27T02:27:25.9134440Z                                                               [32mâœ“ [0m1.67s
2022-12-27T02:27:25.9135130Z ##[group]Installing build tools...
2022-12-27T02:27:25.9135370Z 
2022-12-27T02:27:25.9135940Z + pip install --upgrade setuptools wheel delocate -c /Users/runner/hostedtoolcache/Python/3.8.15/x64/lib/python3.8/site-packages/cibuildwheel/resources/constraints-python38.txt
2022-12-27T02:27:26.4552870Z Requirement already satisfied: setuptools in /private/var/folders/51/hd414ycd67n82196sw51xqtc0000gn/T/cibw-run-l5id11qm/cp38-macosx_arm64/build/venv/lib/python3.8/site-packages (65.6.3)
2022-12-27T02:27:26.8477380Z Requirement already satisfied: wheel in /private/var/folders/51/hd414ycd67n82196sw51xqtc0000gn/T/cibw-run-l5id11qm/cp38-macosx_arm64/build/venv/lib/python3.8/site-packages (0.38.4)
2022-12-27T02:27:26.9348370Z Collecting delocate
2022-12-27T02:27:26.9402030Z   Using cached delocate-0.10.3-py3-none-any.whl (142 kB)
2022-12-27T02:27:26.9980360Z Collecting packaging>=20.9
2022-12-27T02:27:27.0028650Z   Using cached packaging-21.3-py3-none-any.whl (40 kB)
2022-12-27T02:27:27.2382210Z Collecting typing-extensions
2022-12-27T02:27:27.2435600Z   Using cached typing_extensions-4.4.0-py3-none-any.whl (26 kB)
2022-12-27T02:27:27.3202100Z Collecting pyparsing!=3.0.5,>=2.0.2
2022-12-27T02:27:27.3247510Z   Using cached pyparsing-3.0.9-py3-none-any.whl (98 kB)
2022-12-27T02:27:27.3934900Z Installing collected packages: typing-extensions, pyparsing, packaging, delocate
2022-12-27T02:27:27.6219630Z Successfully installed delocate-0.10.3 packaging-21.3 pyparsing-3.0.9 typing-extensions-4.4.0
2022-12-27T02:27:27.7409400Z ##[endgroup]
2022-12-27T02:27:27.7410250Z                                                               [32mâœ“ [0m1.83s
2022-12-27T02:27:27.7411180Z ##[group]Running before_build...
2022-12-27T02:27:27.7411320Z 
2022-12-27T02:27:27.7420710Z + pip install Cython; if [[ -f requirements.txt ]]; then pip install -r requirements.txt; fi
2022-12-27T02:27:28.9681000Z Collecting Cython
2022-12-27T02:27:28.9774490Z   Using cached Cython-0.29.32-py2.py3-none-any.whl (986 kB)
2022-12-27T02:27:29.0661820Z Installing collected packages: Cython
2022-12-27T02:27:29.8114440Z Successfully installed Cython-0.29.32
2022-12-27T02:27:31.2154900Z Collecting coverage>=4.0
2022-12-27T02:27:31.2212120Z   Using cached coverage-7.0.1-cp38-cp38-macosx_10_9_x86_64.whl (187 kB)
2022-12-27T02:27:31.2289040Z Requirement already satisfied: cython>=0.27 in /private/var/folders/51/hd414ycd67n82196sw51xqtc0000gn/T/cibw-run-l5id11qm/cp38-macosx_arm64/build/venv/lib/python3.8/site-packages (from -r requirements.txt (line 3)) (0.29.32)
2022-12-27T02:27:31.2565120Z Collecting enum34>=1.0.4
2022-12-27T02:27:31.2612070Z   Using cached enum34-1.1.10-py3-none-any.whl (11 kB)
2022-12-27T02:27:31.2940970Z Collecting futures>=2.2.0
2022-12-27T02:27:31.2943590Z   Using cached futures-3.0.5-py3-none-any.whl
2022-12-27T02:27:31.8088720Z Collecting protobuf>=3.5.0.post1
2022-12-27T02:27:31.8153810Z   Using cached protobuf-4.21.12-cp37-abi3-macosx_10_9_universal2.whl (486 kB)
2022-12-27T02:27:31.8592950Z Collecting six>=1.10
2022-12-27T02:27:31.8641810Z   Using cached six-1.16.0-py2.py3-none-any.whl (11 kB)
2022-12-27T02:27:31.8678260Z Requirement already satisfied: wheel>=0.29 in /private/var/folders/51/hd414ycd67n82196sw51xqtc0000gn/T/cibw-run-l5id11qm/cp38-macosx_arm64/build/venv/lib/python3.8/site-packages (from -r requirements.txt (line 8)) (0.38.4)
2022-12-27T02:27:31.9472140Z Installing collected packages: futures, enum34, six, protobuf, coverage
2022-12-27T02:27:32.3854190Z Successfully installed coverage-7.0.1 enum34-1.1.10 futures-3.0.5 protobuf-4.21.12 six-1.16.0
2022-12-27T02:27:32.5249400Z ##[endgroup]
2022-12-27T02:27:32.5250560Z                                                               [32mâœ“ [0m4.78s
2022-12-27T02:27:32.5251260Z ##[group]Building wheel...
2022-12-27T02:27:32.5251470Z 
2022-12-27T02:27:32.5269010Z + python -m pip wheel /Users/runner/actions-runner/_work/python.build/python.build/build_grpcio19138/grpcio-1.9.1 --wheel-dir=/private/var/folders/51/hd414ycd67n82196sw51xqtc0000gn/T/cibw-run-l5id11qm/cp38-macosx_arm64/built_wheel --no-deps -vvv
2022-12-27T02:27:33.0170390Z Created temporary directory: /private/var/folders/51/hd414ycd67n82196sw51xqtc0000gn/T/pip-ephem-wheel-cache-zl0bc4vk
2022-12-27T02:27:33.0178560Z Created temporary directory: /private/var/folders/51/hd414ycd67n82196sw51xqtc0000gn/T/pip-build-tracker-5ftx91yz
2022-12-27T02:27:33.0182450Z Initialized build tracking at /private/var/folders/51/hd414ycd67n82196sw51xqtc0000gn/T/pip-build-tracker-5ftx91yz
2022-12-27T02:27:33.0184480Z Created build tracker: /private/var/folders/51/hd414ycd67n82196sw51xqtc0000gn/T/pip-build-tracker-5ftx91yz
2022-12-27T02:27:33.0188470Z Entered build tracker: /private/var/folders/51/hd414ycd67n82196sw51xqtc0000gn/T/pip-build-tracker-5ftx91yz
2022-12-27T02:27:33.0193160Z Created temporary directory: /private/var/folders/51/hd414ycd67n82196sw51xqtc0000gn/T/pip-wheel-ab16zwr2
2022-12-27T02:27:33.0206740Z Created temporary directory: /private/var/folders/51/hd414ycd67n82196sw51xqtc0000gn/T/pip-ephem-wheel-cache-zqflqct_
2022-12-27T02:27:33.0362780Z Processing /Users/runner/actions-runner/_work/python.build/python.build/build_grpcio19138/grpcio-1.9.1
2022-12-27T02:27:33.0371690Z   Added file:///Users/runner/actions-runner/_work/python.build/python.build/build_grpcio19138/grpcio-1.9.1 to build tracker '/private/var/folders/51/hd414ycd67n82196sw51xqtc0000gn/T/pip-build-tracker-5ftx91yz'
2022-12-27T02:27:33.0379030Z   Running setup.py (path:/Users/runner/actions-runner/_work/python.build/python.build/build_grpcio19138/grpcio-1.9.1/setup.py) egg_info for package from file:///Users/runner/actions-runner/_work/python.build/python.build/build_grpcio19138/grpcio-1.9.1
2022-12-27T02:27:33.0384880Z   Created temporary directory: /private/var/folders/51/hd414ycd67n82196sw51xqtc0000gn/T/pip-pip-egg-info-hirb745h
2022-12-27T02:27:33.0386980Z   Preparing metadata (setup.py): started
2022-12-27T02:27:33.0391470Z   Running command python setup.py egg_info
2022-12-27T02:27:36.0868750Z   Compiling src/python/grpcio/grpc/_cython/cygrpc.pyx because it depends on /private/var/folders/51/hd414ycd67n82196sw51xqtc0000gn/T/cibw-run-l5id11qm/cp38-macosx_arm64/build/venv/lib/python3.8/site-packages/Cython/Includes/libc/time.pxd.
2022-12-27T02:27:36.0871340Z   [1/1] Cythonizing src/python/grpcio/grpc/_cython/cygrpc.pyx
2022-12-27T02:27:36.1199370Z   running egg_info
2022-12-27T02:27:36.1203730Z   creating /private/var/folders/51/hd414ycd67n82196sw51xqtc0000gn/T/pip-pip-egg-info-hirb745h/grpcio.egg-info
2022-12-27T02:27:36.1231020Z   writing /private/var/folders/51/hd414ycd67n82196sw51xqtc0000gn/T/pip-pip-egg-info-hirb745h/grpcio.egg-info/PKG-INFO
2022-12-27T02:27:36.1234560Z   writing dependency_links to /private/var/folders/51/hd414ycd67n82196sw51xqtc0000gn/T/pip-pip-egg-info-hirb745h/grpcio.egg-info/dependency_links.txt
2022-12-27T02:27:36.1236090Z   writing requirements to /private/var/folders/51/hd414ycd67n82196sw51xqtc0000gn/T/pip-pip-egg-info-hirb745h/grpcio.egg-info/requires.txt
2022-12-27T02:27:36.1239870Z   writing top-level names to /private/var/folders/51/hd414ycd67n82196sw51xqtc0000gn/T/pip-pip-egg-info-hirb745h/grpcio.egg-info/top_level.txt
2022-12-27T02:27:36.1243570Z   writing manifest file '/private/var/folders/51/hd414ycd67n82196sw51xqtc0000gn/T/pip-pip-egg-info-hirb745h/grpcio.egg-info/SOURCES.txt'
2022-12-27T02:27:36.1348410Z   reading manifest file '/private/var/folders/51/hd414ycd67n82196sw51xqtc0000gn/T/pip-pip-egg-info-hirb745h/grpcio.egg-info/SOURCES.txt'
2022-12-27T02:27:36.1355590Z   reading manifest template 'PYTHON-MANIFEST.in'
2022-12-27T02:27:36.1420660Z   /private/var/folders/51/hd414ycd67n82196sw51xqtc0000gn/T/cibw-run-l5id11qm/cp38-macosx_arm64/build/venv/lib/python3.8/site-packages/Cython/Compiler/Main.py:369: FutureWarning: Cython directive 'language_level' not set, using 2 for now (Py2). This will change in a later release! File: /Users/runner/actions-runner/_work/python.build/python.build/build_grpcio19138/grpcio-1.9.1/src/python/grpcio/grpc/_cython/cygrpc.pxd
2022-12-27T02:27:36.1422680Z     tree = Parsing.p_module(s, pxd, full_module_name)
2022-12-27T02:27:36.1424010Z   warning: src/python/grpcio/grpc/_cython/_cygrpc/grpc.pxi:569:2: 'grpc_compression_level' redeclared
2022-12-27T02:27:36.1427180Z   warning: src/python/grpcio/grpc/_cython/_cygrpc/grpc.pxi:131:13: 'GRPC_ARG_PRIMARY_USER_AGENT_STRING' redeclared
2022-12-27T02:27:36.1428810Z   warning: src/python/grpcio/grpc/_cython/_cygrpc/grpc.pxi:570:4: 'GRPC_COMPRESS_LEVEL_NONE' redeclared
2022-12-27T02:27:36.1432320Z   warning: src/python/grpcio/grpc/_cython/_cygrpc/grpc.pxi:571:4: 'GRPC_COMPRESS_LEVEL_LOW' redeclared
2022-12-27T02:27:36.1436920Z   warning: src/python/grpcio/grpc/_cython/_cygrpc/grpc.pxi:572:4: 'GRPC_COMPRESS_LEVEL_MED' redeclared
2022-12-27T02:27:36.1438430Z   warning: src/python/grpcio/grpc/_cython/_cygrpc/grpc.pxi:573:4: 'GRPC_COMPRESS_LEVEL_HIGH' redeclared
2022-12-27T02:27:36.1441420Z   warning: no files found matching '*.h' under directory 'src/python/grpcio/grpc'
2022-12-27T02:27:36.1577260Z   warning: no files found matching '*.python' under directory 'src/python/grpcio/grpc'
2022-12-27T02:27:36.1613540Z   warning: no previously-included files matching '*.so' found under directory 'src/python/grpcio/grpc/_cython'
2022-12-27T02:27:36.1616190Z   warning: no previously-included files matching '*.pyd' found under directory 'src/python/grpcio/grpc/_cython'
2022-12-27T02:27:36.3218670Z   warning: no files found matching 'src/python/grpcio/precompiled.py'
2022-12-27T02:27:36.4247780Z   writing manifest file '/private/var/folders/51/hd414ycd67n82196sw51xqtc0000gn/T/pip-pip-egg-info-hirb745h/grpcio.egg-info/SOURCES.txt'
2022-12-27T02:27:36.6149810Z   Preparing metadata (setup.py): finished with status 'done'
2022-12-27T02:27:36.6208640Z   Source in /Users/runner/actions-runner/_work/python.build/python.build/build_grpcio19138/grpcio-1.9.1 has version 1.9.1, which satisfies requirement grpcio==1.9.1 from file:///Users/runner/actions-runner/_work/python.build/python.build/build_grpcio19138/grpcio-1.9.1
2022-12-27T02:27:36.6212380Z   Removed grpcio==1.9.1 from file:///Users/runner/actions-runner/_work/python.build/python.build/build_grpcio19138/grpcio-1.9.1 from build tracker '/private/var/folders/51/hd414ycd67n82196sw51xqtc0000gn/T/pip-build-tracker-5ftx91yz'
2022-12-27T02:27:36.6550950Z Created temporary directory: /private/var/folders/51/hd414ycd67n82196sw51xqtc0000gn/T/pip-unpack-kn_mibqs
2022-12-27T02:27:36.6554260Z Building wheels for collected packages: grpcio
2022-12-27T02:27:36.6566250Z   Created temporary directory: /private/var/folders/51/hd414ycd67n82196sw51xqtc0000gn/T/pip-wheel-hpnd6if_
2022-12-27T02:27:36.6568050Z   Building wheel for grpcio (setup.py): started
2022-12-27T02:27:36.6572650Z   Destination directory: /private/var/folders/51/hd414ycd67n82196sw51xqtc0000gn/T/pip-wheel-hpnd6if_
2022-12-27T02:27:36.6574670Z   Running command python setup.py bdist_wheel
2022-12-27T02:27:37.4997530Z   running bdist_wheel
2022-12-27T02:27:37.5063070Z   running build
2022-12-27T02:27:37.5066140Z   running build_py
2022-12-27T02:27:37.5068490Z   running build_project_metadata
2022-12-27T02:27:37.5210630Z   creating python_build
2022-12-27T02:27:37.5212000Z   creating python_build/lib.macosx-11.0-arm64-cpython-38
2022-12-27T02:27:37.5214690Z   creating python_build/lib.macosx-11.0-arm64-cpython-38/grpc
2022-12-27T02:27:37.5215970Z   copying src/python/grpcio/grpc/_channel.py -> python_build/lib.macosx-11.0-arm64-cpython-38/grpc
2022-12-27T02:27:37.5217340Z   copying src/python/grpcio/grpc/_common.py -> python_build/lib.macosx-11.0-arm64-cpython-38/grpc
2022-12-27T02:27:37.5218590Z   copying src/python/grpcio/grpc/__init__.py -> python_build/lib.macosx-11.0-arm64-cpython-38/grpc
2022-12-27T02:27:37.5219800Z   copying src/python/grpcio/grpc/_utilities.py -> python_build/lib.macosx-11.0-arm64-cpython-38/grpc
2022-12-27T02:27:37.5221050Z   copying src/python/grpcio/grpc/_plugin_wrapping.py -> python_build/lib.macosx-11.0-arm64-cpython-38/grpc
2022-12-27T02:27:37.5222410Z   copying src/python/grpcio/grpc/_interceptor.py -> python_build/lib.macosx-11.0-arm64-cpython-38/grpc
2022-12-27T02:27:37.5223790Z   copying src/python/grpcio/grpc/_grpcio_metadata.py -> python_build/lib.macosx-11.0-arm64-cpython-38/grpc
2022-12-27T02:27:37.5225180Z   copying src/python/grpcio/grpc/_server.py -> python_build/lib.macosx-11.0-arm64-cpython-38/grpc
2022-12-27T02:27:37.5227750Z   copying src/python/grpcio/grpc/_auth.py -> python_build/lib.macosx-11.0-arm64-cpython-38/grpc
2022-12-27T02:27:37.5229160Z   creating python_build/lib.macosx-11.0-arm64-cpython-38/grpc/beta
2022-12-27T02:27:37.5230440Z   copying src/python/grpcio/grpc/beta/_server_adaptations.py -> python_build/lib.macosx-11.0-arm64-cpython-38/grpc/beta
2022-12-27T02:27:37.5231730Z   copying src/python/grpcio/grpc/beta/interfaces.py -> python_build/lib.macosx-11.0-arm64-cpython-38/grpc/beta
2022-12-27T02:27:37.5232900Z   copying src/python/grpcio/grpc/beta/_metadata.py -> python_build/lib.macosx-11.0-arm64-cpython-38/grpc/beta
2022-12-27T02:27:37.5234160Z   copying src/python/grpcio/grpc/beta/__init__.py -> python_build/lib.macosx-11.0-arm64-cpython-38/grpc/beta
2022-12-27T02:27:37.5235430Z   copying src/python/grpcio/grpc/beta/utilities.py -> python_build/lib.macosx-11.0-arm64-cpython-38/grpc/beta
2022-12-27T02:27:37.5236750Z   copying src/python/grpcio/grpc/beta/implementations.py -> python_build/lib.macosx-11.0-arm64-cpython-38/grpc/beta
2022-12-27T02:27:37.5237970Z   copying src/python/grpcio/grpc/beta/_client_adaptations.py -> python_build/lib.macosx-11.0-arm64-cpython-38/grpc/beta
2022-12-27T02:27:37.5239050Z   creating python_build/lib.macosx-11.0-arm64-cpython-38/grpc/framework
2022-12-27T02:27:37.5239820Z   copying src/python/grpcio/grpc/framework/__init__.py -> python_build/lib.macosx-11.0-arm64-cpython-38/grpc/framework
2022-12-27T02:27:37.5240520Z   creating python_build/lib.macosx-11.0-arm64-cpython-38/grpc/_cython
2022-12-27T02:27:37.5241290Z   copying src/python/grpcio/grpc/_cython/__init__.py -> python_build/lib.macosx-11.0-arm64-cpython-38/grpc/_cython
2022-12-27T02:27:37.5241920Z   creating python_build/lib.macosx-11.0-arm64-cpython-38/grpc/framework/foundation
2022-12-27T02:27:37.5242660Z   copying src/python/grpcio/grpc/framework/foundation/callable_util.py -> python_build/lib.macosx-11.0-arm64-cpython-38/grpc/framework/foundation
2022-12-27T02:27:37.5243910Z   copying src/python/grpcio/grpc/framework/foundation/abandonment.py -> python_build/lib.macosx-11.0-arm64-cpython-38/grpc/framework/foundation
2022-12-27T02:27:37.5244760Z   copying src/python/grpcio/grpc/framework/foundation/__init__.py -> python_build/lib.macosx-11.0-arm64-cpython-38/grpc/framework/foundation
2022-12-27T02:27:37.5245680Z   copying src/python/grpcio/grpc/framework/foundation/stream.py -> python_build/lib.macosx-11.0-arm64-cpython-38/grpc/framework/foundation
2022-12-27T02:27:37.5246470Z   copying src/python/grpcio/grpc/framework/foundation/stream_util.py -> python_build/lib.macosx-11.0-arm64-cpython-38/grpc/framework/foundation
2022-12-27T02:27:37.5247190Z   copying src/python/grpcio/grpc/framework/foundation/future.py -> python_build/lib.macosx-11.0-arm64-cpython-38/grpc/framework/foundation
2022-12-27T02:27:37.5248100Z   copying src/python/grpcio/grpc/framework/foundation/logging_pool.py -> python_build/lib.macosx-11.0-arm64-cpython-38/grpc/framework/foundation
2022-12-27T02:27:37.5248890Z   creating python_build/lib.macosx-11.0-arm64-cpython-38/grpc/framework/common
2022-12-27T02:27:37.5250410Z   copying src/python/grpcio/grpc/framework/common/style.py -> python_build/lib.macosx-11.0-arm64-cpython-38/grpc/framework/common
2022-12-27T02:27:37.5252800Z   copying src/python/grpcio/grpc/framework/common/cardinality.py -> python_build/lib.macosx-11.0-arm64-cpython-38/grpc/framework/common
2022-12-27T02:27:37.5255030Z   copying src/python/grpcio/grpc/framework/common/__init__.py -> python_build/lib.macosx-11.0-arm64-cpython-38/grpc/framework/common
2022-12-27T02:27:37.5263730Z   creating python_build/lib.macosx-11.0-arm64-cpython-38/grpc/framework/interfaces
2022-12-27T02:27:37.5267180Z   copying src/python/grpcio/grpc/framework/interfaces/__init__.py -> python_build/lib.macosx-11.0-arm64-cpython-38/grpc/framework/interfaces
2022-12-27T02:27:37.5270180Z   creating python_build/lib.macosx-11.0-arm64-cpython-38/grpc/framework/interfaces/face
2022-12-27T02:27:37.5273050Z   copying src/python/grpcio/grpc/framework/interfaces/face/__init__.py -> python_build/lib.macosx-11.0-arm64-cpython-38/grpc/framework/interfaces/face
2022-12-27T02:27:37.5278630Z   copying src/python/grpcio/grpc/framework/interfaces/face/utilities.py -> python_build/lib.macosx-11.0-arm64-cpython-38/grpc/framework/interfaces/face
2022-12-27T02:27:37.5282050Z   copying src/python/grpcio/grpc/framework/interfaces/face/face.py -> python_build/lib.macosx-11.0-arm64-cpython-38/grpc/framework/interfaces/face
2022-12-27T02:27:37.5292440Z   creating python_build/lib.macosx-11.0-arm64-cpython-38/grpc/framework/interfaces/base
2022-12-27T02:27:37.5295400Z   copying src/python/grpcio/grpc/framework/interfaces/base/__init__.py -> python_build/lib.macosx-11.0-arm64-cpython-38/grpc/framework/interfaces/base
2022-12-27T02:27:37.5300200Z   copying src/python/grpcio/grpc/framework/interfaces/base/utilities.py -> python_build/lib.macosx-11.0-arm64-cpython-38/grpc/framework/interfaces/base
2022-12-27T02:27:37.5305870Z   copying src/python/grpcio/grpc/framework/interfaces/base/base.py -> python_build/lib.macosx-11.0-arm64-cpython-38/grpc/framework/interfaces/base
2022-12-27T02:27:37.5314320Z   creating python_build/lib.macosx-11.0-arm64-cpython-38/grpc/_cython/_cygrpc
2022-12-27T02:27:37.5316270Z   copying src/python/grpcio/grpc/_cython/_cygrpc/__init__.py -> python_build/lib.macosx-11.0-arm64-cpython-38/grpc/_cython/_cygrpc
2022-12-27T02:27:37.5325760Z   creating python_build/lib.macosx-11.0-arm64-cpython-38/grpc/_cython/_credentials
2022-12-27T02:27:37.5328600Z   copying src/python/grpcio/grpc/_cython/_credentials/roots.pem -> python_build/lib.macosx-11.0-arm64-cpython-38/grpc/_cython/_credentials
2022-12-27T02:27:37.5378410Z   running build_ext
2022-12-27T02:27:46.1078410Z   b'[C]       Compiling third_party/cares/cares/ares__close_sockets.c\n[C]       Compiling third_party/cares/cares/ares__get_hostent.c\n[C]       Compiling third_party/cares/cares/ares__read_line.c\n[C]       Compiling third_party/cares/cares/ares__timeval.c\n[C]       Compiling third_party/cares/cares/ares_cancel.c\n[C]       Compiling third_party/cares/cares/ares_create_query.c\n[C]       Compiling third_party/cares/cares/ares_data.c\n[C]       Compiling third_party/cares/cares/ares_destroy.c\n[C]       Compiling third_party/cares/cares/ares_expand_name.c\n[C]       Compiling third_party/cares/cares/ares_expand_string.c\n[C]       Compiling third_party/cares/cares/ares_fds.c\n[C]       Compiling third_party/cares/cares/ares_free_hostent.c\n[C]       Compiling third_party/cares/cares/ares_free_string.c\n[C]       Compiling third_party/cares/cares/ares_getenv.c\n[C]       Compiling third_party/cares/cares/ares_gethostbyaddr.c\n[C]       Compiling third_party/cares/cares/ares_gethostbyname.c\n[C]       Compiling third_party/cares/cares/ares_getnameinfo.c\n[C]       Compiling third_party/cares/cares/ares_getopt.c\n[C]       Compiling third_party/cares/cares/ares_getsock.c\n[C]       Compiling third_party/cares/cares/ares_init.c\n[C]       Compiling third_party/cares/cares/ares_library_init.c\n[C]       Compiling third_party/cares/cares/ares_llist.c\n[C]       Compiling third_party/cares/cares/ares_mkquery.c\n[C]       Compiling third_party/cares/cares/ares_nowarn.c\n[C]       Compiling third_party/cares/cares/ares_options.c\n[C]       Compiling third_party/cares/cares/ares_parse_a_reply.c\n[C]       Compiling third_party/cares/cares/ares_parse_aaaa_reply.c\n[C]       Compiling third_party/cares/cares/ares_parse_mx_reply.c\n[C]       Compiling third_party/cares/cares/ares_parse_naptr_reply.c\n[C]       Compiling third_party/cares/cares/ares_parse_ns_reply.c\n[C]       Compiling third_party/cares/cares/ares_parse_ptr_reply.c\n[C]       Compiling third_party/cares/cares/ares_parse_soa_reply.c\n[C]       Compiling third_party/cares/cares/ares_parse_srv_reply.c\n[C]       Compiling third_party/cares/cares/ares_parse_txt_reply.c\n[C]       Compiling third_party/cares/cares/ares_platform.c\n[C]       Compiling third_party/cares/cares/ares_process.c\n[C]       Compiling third_party/cares/cares/ares_query.c\n[C]       Compiling third_party/cares/cares/ares_search.c\n[C]       Compiling third_party/cares/cares/ares_send.c\n[C]       Compiling third_party/cares/cares/ares_strcasecmp.c\n[C]       Compiling third_party/cares/cares/ares_strdup.c\n[C]       Compiling third_party/cares/cares/ares_strerror.c\n[C]       Compiling third_party/cares/cares/ares_timeout.c\n[C]       Compiling third_party/cares/cares/ares_version.c\n[C]       Compiling third_party/cares/cares/ares_writev.c\n[C]       Compiling third_party/cares/cares/bitncmp.c\n[C]       Compiling third_party/cares/cares/inet_net_pton.c\n[C]       Compiling third_party/cares/cares/inet_ntop.c\n[C]       Compiling third_party/cares/cares/windows_port.c\n[C]       Compiling third_party/zlib/adler32.c\n[C]       Compiling third_party/zlib/compress.c\n[C]       Compiling third_party/zlib/crc32.c\n[C]       Compiling third_party/zlib/deflate.c\n[C]       Compiling third_party/zlib/gzclose.c\n[C]       Compiling third_party/zlib/gzlib.c\n[C]       Compiling third_party/zlib/infback.c\n[C]       Compiling third_party/zlib/gzread.c\n[C]       Compiling third_party/zlib/gzwrite.c\n[C]       Compiling third_party/zlib/inffast.c\n[C]       Compiling third_party/zlib/inflate.c\n[C]       Compiling third_party/zlib/inftrees.c\n[C]       Compiling third_party/zlib/trees.c\n[C]       Compiling third_party/zlib/uncompr.c\n[C]       Compiling src/boringssl/err_data.c\n[C]       Compiling third_party/zlib/zutil.c\n[C]       Compiling third_party/boringssl/crypto/aes/aes.c\n[C]       Compiling third_party/boringssl/crypto/aes/key_wrap.c\n[C]       Compiling third_party/boringssl/crypto/aes/mode_wrappers.c\n[C]       Compiling third_party/boringssl/crypto/asn1/a_bitstr.c\n[C]       Compiling third_party/boringssl/crypto/asn1/a_bool.c\n[C]       Compiling third_party/boringssl/crypto/asn1/a_d2i_fp.c\n[C]       Compiling third_party/boringssl/crypto/asn1/a_dup.c\n[C]       Compiling third_party/boringssl/crypto/asn1/a_enum.c\n[C]       Compiling third_party/boringssl/crypto/asn1/a_i2d_fp.c\n[C]       Compiling third_party/boringssl/crypto/asn1/a_gentm.c\n[C]       Compiling third_party/boringssl/crypto/asn1/a_int.c\n[C]       Compiling third_party/boringssl/crypto/asn1/a_mbstr.c\n[C]       Compiling third_party/boringssl/crypto/asn1/a_object.c\n[C]       Compiling third_party/boringssl/crypto/asn1/a_octet.c\n[C]       Compiling third_party/boringssl/crypto/asn1/a_print.c\n[C]       Compiling third_party/boringssl/crypto/asn1/a_strnid.c\n'
2022-12-27T02:27:46.1419120Z   b"make: Circular /Users/runner/actions-runner/_work/python.build/python.build/build_grpcio19138/grpcio-1.9.1/libs/opt/libares.a <- /Users/runner/actions-runner/_work/python.build/python.build/build_grpcio19138/grpcio-1.9.1/libs/opt/libz.a dependency dropped.\nIn file included from third_party/boringssl/crypto/aes/aes.c:54:\nIn file included from third_party/boringssl/include/openssl/cpu.h:64:\nthird_party/boringssl/include/openssl/base.h:133:9: error: 'OPENSSL_VERSION_NUMBER' macro redefined [-Werror,-Wmacro-redefined]\n#define OPENSSL_VERSION_NUMBER 0x100020af\n        ^\n/usr/local/opt/openssl@3/include/openssl/opensslv.h:99:10: note: previous definition is here\n# define OPENSSL_VERSION_NUMBER          \\\n         ^\nthird_party/boringssl/crypto/aes/aes.c:537:5: error: conflicting types for 'AES_set_encrypt_key'\nint AES_set_encrypt_key(const uint8_t *key, unsigned bits, AES_KEY *aeskey) {\n    ^\n/usr/local/opt/openssl@3/include/openssl/aes.h:51:5: note: previous declaration is here\nint AES_set_encrypt_key(const unsigned char *userKey, const int bits,\n    ^\nthird_party/boringssl/crypto/aes/aes.c:632:5: error: conflicting types for 'AES_set_decrypt_key'\nint AES_set_decrypt_key(const uint8_t *key, unsigned bits, AES_KEY *aeskey) {\n    ^\n/usr/local/opt/openssl@3/include/openssl/aes.h:54:5: note: previous declaration is here\nint AES_set_decrypt_key(const unsigned char *userKey, const int bits,\n    ^\n3 errors generated.\nmake: *** [/Users/runner/actions-runner/_work/python.build/python.build/build_grpcio19138/grpcio-1.9.1/objs/opt/third_party/boringssl/crypto/aes/aes.o] Error 1\nmake: *** Waiting for unfinished jobs....\nIn file included from third_party/boringssl/crypto/aes/mode_wrappers.c:53:\nIn file included from third_party/boringssl/crypto/aes/../modes/internal.h:52:\nthird_party/boringssl/include/openssl/base.h:133:9: error: 'OPENSSL_VERSION_NUMBER' macro redefined [-Werror,-Wmacro-redefined]\n#define OPENSSL_VERSION_NUMBER 0x100020af\n        ^\n/usr/local/opt/openssl@3/include/openssl/opensslv.h:99:10: note: previous definition is here\n# define OPENSSL_VERSION_NUMBER          \\\n         ^\nIn file included from third_party/boringssl/crypto/aes/key_wrap.c:54:\nIn file included from third_party/boringssl/include/openssl/mem.h:60:\nthird_party/boringssl/include/openssl/base.h:133:9: error: 'OPENSSL_VERSION_NUMBER' macro redefined [-Werror,-Wmacro-redefined]\n#define OPENSSL_VERSION_NUMBER 0x100020af\n        ^\n/usr/local/opt/openssl@3/include/openssl/opensslv.h:99:10: note: previous definition is here\nIn file included from # define OPENSSL_VERSION_NUMBER          \\third_party/boringssl/crypto/aes/mode_wrappers.c:53:\nIn file included from third_party/boringssl/crypto/aes/../modes/internal.h:56:\nIn file included from third_party/boringssl/crypto/aes/../modes/../internal.h:112:\n\nthird_party/boringssl/include/openssl/ex_data.h         ^:\n205:3: error: type name requires a specifier or qualifier\n  STACK_OF(void) *sk;\n  ^\nthird_party/boringssl/include/openssl/ex_data.h:205:17: error: expected ';' at end of declaration list\n  STACK_OF(void) *sk;\n                ^\n                ;\nIn file included from third_party/boringssl/crypto/aes/mode_wrappers.c:53:\nIn file included from third_party/boringssl/crypto/aes/../modes/internal.h:56:\nthird_party/boringssl/crypto/aes/../modes/../internal.h:481:3: error: type name requires a specifier or qualifier\n  STACK_OF(CRYPTO_EX_DATA_FUNCS) *meth;\n  ^\nthird_party/boringssl/crypto/aes/../modes/../internal.h:481:33: error: expected ';' at end of declaration list\n  STACK_OF(CRYPTO_EX_DATA_FUNCS) *meth;\n                                ^\n                                ;\nIn file included from third_party/boringssl/crypto/aes/key_wrap.c:56:\nIn file included from third_party/boringssl/crypto/aes/../internal.h:112:\nthird_party/boringssl/include/openssl/ex_data.h:205:3: error: type name requires a specifier or qualifier\n  STACK_OF(void) *sk;\n  ^\nthird_party/boringssl/include/openssl/ex_data.h:205:17: error: expected ';' at end of declaration list\n  STACK_OF(void) *sk;\n                ^\n                ;\n5 errors generated.\nIn file included from src/boringssl/err_data.c:17:\nthird_party/boringssl/include/openssl/base.h:133:9: error: 'OPENSSL_VERSION_NUMBER' macro redefined [-Werror,-Wmacro-redefined]\n#define OPENSSL_VERSION_NUMBER 0x100020af\n        ^\n/usr/local/opt/openssl@3/include/openssl/opensslv.h:99:10: note: previous definition is here\n# define OPENSSL_VERSION_NUMBER          \\\n         ^\nIn file included from src/boringssl/err_data.c:18:\nIn file included from /usr/local/opt/openssl@3/include/openssl/err.h:21:\n/usr/local/opt/openssl@3/include/openssl/e_os2.h:183:11: error: 'OPENSSL_EXPORT' macro redefined [-Werror,-Wmacro-redefined]\n#  define OPENSSL_EXPORT extern\n          ^\nthird_party/boringssl/include/openssl/base.h:168:9: note: previous definition is here\n#define OPENSSL_EXPORT\n        ^\nIn file included from third_party/boringssl/crypto/aes/key_wrap.c:56:\nthird_party/boringssl/crypto/aes/../internal.h:481:3: error: type name requires a specifier or qualifier\n  STACK_OF(CRYPTO_EX_DATA_FUNCS) *meth;\n  ^\nthird_party/boringssl/crypto/aes/../internal.h:481:33: error: expected ';' at end of declaration list\n  STACK_OF(CRYPTO_EX_DATA_FUNCS) *meth;\n                                ^\n                                ;\nmake: *** [/Users/runner/actions-runner/_work/python.build/python.build/build_grpcio19138/grpcio-1.9.1/objs/opt/third_party/boringssl/crypto/aes/mode_wrappers.o] Error 1\nthird_party/boringssl/crypto/aes/key_wrap.c:66:5: error: conflicting types for 'AES_wrap_key'\nint AES_wrap_key(const AES_KEY *key, const uint8_t *iv, uint8_t *out,\n    ^\n/usr/local/opt/openssl@3/include/openssl/aes.h:97:5: note: previous declaration is here\nint AES_wrap_key(AES_KEY *key, const unsigned char *iv,\n    ^\nthird_party/boringssl/crypto/aes/key_wrap.c:102:5: error: conflicting types for 'AES_unwrap_key'\nint AES_unwrap_key(const AES_KEY *key, const uint8_t *iv, uint8_t *out,\n    ^\n/usr/local/opt/openssl@3/include/openssl/aes.h:101:5: note: previous declaration is here\nint AES_unwrap_key(AES_KEY *key, const unsigned char *iv,\n    ^\n7 errors generated.\nmake: *** [/Users/runner/actions-runner/_work/python.build/python.build/build_grpcio19138/grpcio-1.9.1/objs/opt/third_party/boringssl/crypto/aes/key_wrap.o] Error 1\nIn file included from third_party/boringssl/crypto/asn1/a_bool.c:60:\nIn file included from third_party/boringssl/include/openssl/mem.h:60:\nthird_party/boringssl/include/openssl/base.h:133:9: error: 'OPENSSL_VERSION_NUMBER' macro redefined [-Werror,-Wmacro-redefined]\n#define OPENSSL_VERSION_NUMBER 0x100020af\n        ^\n/usr/local/opt/openssl@3/include/openssl/opensslv.h:99:10: note: previous definition is here\n# define OPENSSL_VERSION_NUMBER          \\\n         ^\nIn file included from third_party/boringssl/crypto/asn1/a_bool.c:60:\nIn file included from third_party/boringssl/include/openssl/mem.h:60:\nthird_party/boringssl/include/openssl/base.h:168:9: error: 'OPENSSL_EXPORT' macro redefined [-Werror,-Wmacro-redefined]\n#define OPENSSL_EXPORT\n        ^\n/usr/local/opt/openssl@3/include/openssl/e_os2.h:183:11: note: previous definition is here\n#  define OPENSSL_EXPORT extern\n          ^\nIn file included from third_party/boringssl/crypto/asn1/a_bool.c:60:\nIn file included from third_party/boringssl/include/openssl/mem.h:60:\nthird_party/boringssl/include/openssl/base.h:202:13: error: typedef redefinition with different types ('int' vs 'struct crypto_threadid_st')\ntypedef int CRYPTO_THREADID;\n            ^\n/usr/local/opt/openssl@3/include/openssl/crypto.h:308:3: note: previous definition is here\n} CRYPTO_THREADID;\n  ^\nIn file included from third_party/boringssl/crypto/asn1/a_bool.c:60:\nIn file included from third_party/boringssl/include/openssl/mem.h:60:\nthird_party/boringssl/include/openssl/base.h:204:13: error: redefinition of typedef 'ASN1_BOOLEAN' is a C11 feature [-Werror,-Wtypedef-redefinition]\ntypedef int ASN1_BOOLEAN;\n            ^\n/usr/local/opt/openssl@3/include/openssl/types.h:61:13: note: previous definition is here\ntypedef int ASN1_BOOLEAN;\n            ^\nIn file included from third_party/boringssl/crypto/asn1/a_bool.c:60:\nIn file included from third_party/boringssl/include/openssl/mem.h:60:\nthird_party/boringssl/include/openssl/base.h:205:13: error: redefinition of typedef 'ASN1_NULL' is a C11 feature [-Werror,-Wtypedef-redefinition]\ntypedef int ASN1_NULL;\n            ^\n/usr/local/opt/openssl@3/include/openssl/types.h:62:13: note: previous definition is here\ntypedef int ASN1_NULL;\n            ^\nIn file included from third_party/boringssl/crypto/asn1/a_bool.c:60:\nIn file included from third_party/boringssl/include/openssl/mem.h:60:\nthird_party/boringssl/include/openssl/base.h:206:29: error: redefinition of typedef 'ASN1_ITEM' is a C11 feature [-Werror,-Wtypedef-redefinition]\ntypedef struct ASN1_ITEM_st ASN1_ITEM;\n                            ^\n/usr/local/opt/openssl@3/include/openssl/types.h:69:29: note: previous definition is here\ntypedef struct ASN1_ITEM_st ASN1_ITEM;\n                            ^\nIn file included from third_party/boringssl/crypto/asn1/a_bool.c:60:\nIn file included from third_party/boringssl/include/openssl/mem.h:60:\nthird_party/boringssl/include/openssl/base.h:207:31: error: redefinition of typedef 'ASN1_OBJECT' is a C11 feature [-Werror,-Wtypedef-redefinition]\ntypedef struct asn1_object_st ASN1_OBJECT;\n                              ^\n/usr/local/opt/openssl@3/include/openssl/types.h:66:31: note: previous definition is here\ntypedef struct asn1_object_st ASN1_OBJECT;\n                              ^\nIn file included from third_party/boringssl/crypto/asn1/a_bool.c:60:\nIn file included from third_party/boringssl/include/openssl/mem.h:60:\nthird_party/boringssl/include/openssl/base.h:208:29: error: redefinition of typedef 'ASN1_PCTX' is a C11 feature [-Werror,-Wtypedef-redefinition]\ntypedef struct asn1_pctx_st ASN1_PCTX;\n                            ^\n/usr/local/opt/openssl@3/include/openssl/types.h:70:29: note: previous definition is here\ntypedef struct asn1_pctx_st ASN1_PCTX;\n                            ^\nIn file included from third_party/boringssl/crypto/asn1/a_bool.c:60:\nIn file included from third_party/boringssl/include/openssl/mem.h:60:\nthird_party/boringssl/include/openssl/base.h:209:31: error: redefinition of typedef 'ASN1_BIT_STRING' is a C11 feature [-Werror,-Wtypedef-redefinition]\ntypedef struct asn1_string_st ASN1_BIT_STRING;\n                              ^\n/usr/local/opt/openssl@3/include/openssl/types.h:47:31: note: previous definition is here\ntypedef struct asn1_string_st ASN1_BIT_STRING;\n                              ^\nIn file included from third_party/boringssl/crypto/asn1/a_bool.c:60:\nIn file included from third_party/boringssl/include/openssl/mem.h:60:\nthird_party/boringssl/include/openssl/base.h:210:31: error: redefinition of typedef 'ASN1_BMPSTRING' is a C11 feature [-Werror,-Wtypedef-redefinition]\ntypedef struct asn1_string_st ASN1_BMPSTRING;\n                              ^\n/usr/local/opt/openssl@3/include/openssl/types.h:54:31: note: previous definition is here\ntypedef struct asn1_string_st ASN1_BMPSTRING;\n                              ^\nIn file included from third_party/boringssl/crypto/asn1/a_bool.c:60:\nIn file included from third_party/boringssl/include/openssl/mem.h:60:\nthird_party/boringssl/include/openssl/base.h:211:31: error: redefinition of typedef 'ASN1_ENUMERATED' is a C11 feature [-Werror,-Wtypedef-redefinition]\ntypedef struct asn1_string_st ASN1_ENUMERATED;\n                              ^\n/usr/local/opt/openssl@3/include/openssl/types.h:46:31: note: previous definition is here\ntypedef struct asn1_string_st ASN1_ENUMERATED;\n                              ^\nIn file included from third_party/boringssl/crypto/asn1/a_bool.c:60:\nIn file included from third_party/boringssl/include/openssl/mem.h:60:\nthird_party/boringssl/include/openssl/base.h:212:31In file included from : third_party/boringssl/crypto/asn1/a_dup.cerror:: 60redefinition of typedef 'ASN1_GENERALIZEDTIME' is a C11 feature [-Werror,-Wtypedef-redefinition]:\n\nIn file included from third_party/boringssl/include/openssl/mem.h:typedef struct asn1_string_st ASN1_GENERALIZEDTIME;\n                              ^\n60:\n/usr/local/opt/openssl@3/include/openssl/types.h:third_party/boringssl/include/openssl/base.h57:31:: 133note: previous definition is here:\n9: error: 'OPENSSL_VERSION_NUMBER' macro redefined [-Werror,-Wmacro-redefined]typedef struct asn1_string_st ASN1_GENERALIZEDTIME;\n\n                              ^\nIn file included from third_party/boringssl/crypto/asn1/a_bool.c:60:\nIn file included from third_party/boringssl/include/openssl/mem.h#define OPENSSL_VERSION_NUMBER 0x100020af:\n60        ^:\n\nthird_party/boringssl/include/openssl/base.h:213:31: /usr/local/opt/openssl@3/include/openssl/opensslv.herror:: 99redefinition of typedef 'ASN1_GENERALSTRING' is a C11 feature [-Werror,-Wtypedef-redefinition]:\n10: note: previous definition is here\n# define OPENSSL_VERSION_NUMBER          \\\n         ^\nIn file included from third_party/boringssl/crypto/asn1/a_dup.c:60:\nIn file included from third_party/boringssl/include/openssl/mem.h:In file included from src/boringssl/err_data.c:typedef struct asn1_string_st ASN1_GENERALSTRING;\n                              ^\n60:\n/usr/local/opt/openssl@3/include/openssl/types.h:52:third_party/boringssl/include/openssl/base.h:168:9:31 :error : note'OPENSSL_EXPORT' macro redefined [-Werror,-Wmacro-redefined]: \nprevious definition is here\n#define OPENSSL_EXPORT\ntypedef struct asn1_string_st ASN1_GENERALSTRING;        ^\n\n                              ^\n/usr/local/opt/openssl@3/include/openssl/e_os2.h:18318:\nIn file included from /usr/local/opt/openssl@3/include/openssl/err.h:28:\nIn file included from /usr/local/opt/openssl@3/include/openssl/types.hIn file included from :third_party/boringssl/crypto/asn1/a_bool.c21::\n60:\n/usr/local/opt/openssl@3/include/openssl/safestack.hIn file included from :third_party/boringssl/include/openssl/mem.h:60:\n:26411: :note: 15previous definition is here:\n error: redefinition of typedef 'OPENSSL_BLOCK' is a C11 feature [-Werror,-Wtypedef-redefinition]\n#  define OPENSSL_EXPORT extern\n          ^\ntypedef void *OPENSSL_BLOCK;\n              ^\nthird_party/boringssl/include/openssl/base.h:322:15:third_party/boringssl/include/openssl/base.h:214:31: error: redefinition of typedef 'ASN1_IA5STRING' is a C11 feature [-Werror,-Wtypedef-redefinition]\n note: previous definition is here\ntypedef struct asn1_string_st ASN1_IA5STRING;\ntypedef void *OPENSSL_BLOCK;                              ^\n\n              ^\n/usr/local/opt/openssl@3/include/openssl/types.h:51:31: note: previous definition is here\nIn file included from third_party/boringssl/crypto/asn1/a_dup.c:60:\nIn file included from third_party/boringssl/include/openssl/mem.htypedef struct asn1_string_st ASN1_IA5STRING;\n                              ^\n:60:\nthird_party/boringssl/include/openssl/base.h:202:13: error: typedef redefinition with different types ('int' vs 'struct crypto_threadid_st')\nIn file included from third_party/boringssl/crypto/asn1/a_bool.ctypedef int CRYPTO_THREADID;\n            ^\n:60:\nIn file included from third_party/boringssl/include/openssl/mem.h:60:\nthird_party/boringssl/include/openssl/base.h:215:31: /usr/local/opt/openssl@3/include/openssl/crypto.herror:308:3: : redefinition of typedef 'ASN1_INTEGER' is a C11 feature [-Werror,-Wtypedef-redefinition]note\n: previous definition is here\n} CRYPTO_THREADID;typedef struct asn1_string_st ASN1_INTEGER;\n\n  ^                              ^\n\n/usr/local/opt/openssl@3/include/openssl/types.h:45:31: note: previous definition is here\nIn file included from third_party/boringssl/crypto/asn1/a_dup.c:60:\ntypedef struct asn1_string_st ASN1_INTEGER;\n                              ^\nIn file included from In file included from third_party/boringssl/include/openssl/mem.hthird_party/boringssl/crypto/asn1/a_bool.c::60:\nIn file included from third_party/boringssl/include/openssl/mem.h:6060:\n:\nthird_party/boringssl/include/openssl/base.h:third_party/boringssl/include/openssl/base.h:204:13: error: redefinition of typedef 'ASN1_BOOLEAN' is a C11 feature [-Werror,-Wtypedef-redefinition]\ntypedef int ASN1_BOOLEAN;\n216            ^\n:31/usr/local/opt/openssl@3/include/openssl/types.h:61:: error: 13redefinition of typedef 'ASN1_OCTET_STRING' is a C11 feature [-Werror,-Wtypedef-redefinition]:\n note: previous definition is here\ntypedef struct asn1_string_st ASN1_OCTET_STRING;\n                              ^\n/usr/local/opt/openssl@3/include/openssl/types.h:48:31: note: previous definition is here\ntypedef struct asn1_string_st ASN1_OCTET_STRING;\n                              ^\nIn file included from third_party/boringssl/crypto/asn1/a_bool.c:60:\nIn file included from src/boringssl/err_data.c:18:\nIn file included from /usr/local/opt/openssl@3/include/openssl/err.h:In file included from 28:\nthird_party/boringssl/include/openssl/mem.h/usr/local/opt/openssl@3/include/openssl/types.h:60typedef int ASN1_BOOLEAN;:\n\nthird_party/boringssl/include/openssl/base.h            ^::45:31: error217:\n31: error: redefinition of typedef 'ASN1_PRINTABLESTRING' is a C11 feature [-Werror,-Wtypedef-redefinition]\ntypedef struct asn1_string_st ASN1_PRINTABLESTRING;\nIn file included from                               ^third_party/boringssl/crypto/asn1/a_dup.c\n:60/usr/local/opt/openssl@3/include/openssl/types.h:\n:In file included from 49third_party/boringssl/include/openssl/mem.h::3160::\n third_party/boringssl/include/openssl/base.hnote:: 205previous definition is here:\n13: error: redefinition of typedef 'ASN1_NULL' is a C11 feature [-Werror,-Wtypedef-redefinition]\ntypedef struct asn1_string_st ASN1_PRINTABLESTRING;\n                              ^\ntypedef int ASN1_NULL;\n            ^\n/usr/local/opt/openssl@3/include/openssl/types.hIn file included from :third_party/boringssl/crypto/asn1/a_bool.c62::6013:\n:In file included from  third_party/boringssl/include/openssl/mem.hnote:: 60previous definition is here:\n\nthird_party/boringssl/include/openssl/base.h:218:31typedef int ASN1_NULL;:\n             ^error\n: redefinition of typedef 'ASN1_STRING' is a C11 feature [-Werror,-Wtypedef-redefinition]\ntypedef struct asn1_string_st ASN1_STRING;In file included from \nthird_party/boringssl/crypto/asn1/a_dup.c                              ^:\n60:\n/usr/local/opt/openssl@3/include/openssl/types.hIn file included from :third_party/boringssl/include/openssl/mem.h60::6031:\n:third_party/boringssl/include/openssl/base.h :note206: :29: error: : redefinition of typedef 'ASN1_ITEM' is a C11 feature [-Werror,-Wtypedef-redefinition]redefinition of typedef 'ASN1_INTEGER' is a C11 feature [-Werror,-Wtypedef-redefinition]\nprevious definition is here\ntypedef struct asn1_string_st ASN1_INTEGER;typedef struct asn1_string_st ASN1_STRING;\n\n                              ^\nthird_party/boringssl/include/openssl/base.h:215:31: note: previous definition is here\ntypedef struct asn1_string_st ASN1_INTEGER;typedef struct ASN1_ITEM_st ASN1_ITEM;\n\n                            ^                              ^\n\n\nIn file included from third_party/boringssl/crypto/asn1/a_bool.c:60/usr/local/opt/openssl@3/include/openssl/types.h                              ^:\n:\n69In file included from :third_party/boringssl/include/openssl/mem.h:60:\n29third_party/boringssl/include/openssl/base.h:: 219note: previous definition is here\n:31: errortypedef struct ASN1_ITEM_st ASN1_ITEM;\n                            ^: \nredefinition of typedef 'ASN1_T61STRING' is a C11 feature [-Werror,-Wtypedef-redefinition]\nIn file included from third_party/boringssl/crypto/asn1/a_dup.c:60:\nIn file included from third_party/boringssl/include/openssl/mem.h:60:\nIn file included from third_party/boringssl/include/openssl/base.htypedef struct asn1_string_st ASN1_T61STRING;src/boringssl/err_data.c\n:                              ^18:\n:\nIn file included from /usr/local/opt/openssl@3/include/openssl/types.h/usr/local/opt/openssl@3/include/openssl/err.h::5028:\n207/usr/local/opt/openssl@3/include/openssl/types.h::31:: error31: :redefinition of typedef 'ASN1_OBJECT' is a C11 feature [-Werror,-Wtypedef-redefinition]\n46:31: error: typedef struct asn1_object_st ASN1_OBJECT;redefinition of typedef 'ASN1_ENUMERATED' is a C11 feature [-Werror,-Wtypedef-redefinition]\n\n                              ^\n/usr/local/opt/openssl@3/include/openssl/types.h:66:31: note: previous definition is here\ntypedef struct asn1_object_st ASN1_OBJECT;typedef struct asn1_string_st ASN1_ENUMERATED;\n\n                              ^\n note: previous definition is here\ntypedef struct asn1_string_st ASN1_T61STRING;\n                              ^\nfatal error: too many errors emitted, stopping now [-ferror-limit=]\nIn file included from third_party/boringssl/crypto/asn1/a_dup.c:60:\nIn file included from third_party/boringssl/include/openssl/mem.h:60:\nthird_party/boringssl/include/openssl/base.h:208:29: error: redefinition of typedef 'ASN1_PCTX' is a C11 feature [-Werror,-Wtypedef-redefinition]\n                              ^typedef struct asn1_pctx_st ASN1_PCTX;\n                            ^\nthird_party/boringssl/include/openssl/base.h:\n/usr/local/opt/openssl@3/include/openssl/types.h:70:29: note: previous definition is here\ntypedef struct asn1_pctx_st ASN1_PCTX;211:31: note: previous definition is here\n\n                            ^\nIn file included from third_party/boringssl/crypto/asn1/a_dup.c:60:\nIn file included from third_party/boringssl/include/openssl/mem.h:60:\ntypedef struct asn1_string_st ASN1_ENUMERATED;third_party/boringssl/include/openssl/base.h\n:209:31: error                              ^\n: redefinition of typedef 'ASN1_BIT_STRING' is a C11 feature [-Werror,-Wtypedef-redefinition]\ntypedef struct asn1_string_st ASN1_BIT_STRING;\n                              ^\n/usr/local/opt/openssl@3/include/openssl/types.h:47:31: note: previous definition is here\ntypedef struct asn1_string_st ASN1_BIT_STRING;\n                              ^\nIn file included from In file included from third_party/boringssl/crypto/asn1/a_dup.c:60:\nIn file included from third_party/boringssl/include/openssl/mem.h:60:\nthird_party/boringssl/include/openssl/base.h:src/boringssl/err_data.c:18:\nIn file included from /usr/local/opt/openssl@3/include/openssl/err.h:28:\n/usr/local/opt/openssl@3/include/openssl/types.h:47:31: error: redefinition of typedef 'ASN1_BIT_STRING' is a C11 feature [-Werror,-Wtypedef-redefinition]\n210:typedef struct asn1_string_st ASN1_BIT_STRING;\n                              ^\nthird_party/boringssl/include/openssl/base.h:209:31: note31: error: redefinition of typedef 'ASN1_BMPSTRING' is a C11 feature [-Werror,-Wtypedef-redefinition]\n: typedef struct asn1_string_st ASN1_BMPSTRING;\n                              ^\n/usr/local/opt/openssl@3/include/openssl/types.h:54:31: note: previous definition is here\nprevious definition is heretypedef struct asn1_string_st ASN1_BMPSTRING;\n\n                              ^\ntypedef struct asn1_string_st ASN1_BIT_STRING;\n                              ^\nIn file included from third_party/boringssl/crypto/asn1/a_dup.c:60:\nIn file included from third_party/boringssl/include/openssl/mem.h:60In file included from src/boringssl/err_data.c:18:\nIn file included from /usr/local/opt/openssl@3/include/openssl/err.h::\n28third_party/boringssl/include/openssl/base.h:\n:211:31:/usr/local/opt/openssl@3/include/openssl/types.h error:: redefinition of typedef 'ASN1_ENUMERATED' is a C11 feature [-Werror,-Wtypedef-redefinition]\ntypedef struct asn1_string_st ASN1_ENUMERATED;\n                              ^\n/usr/local/opt/openssl@3/include/openssl/types.h:46:31: note: previous definition is here\ntypedef struct asn1_string_st ASN1_ENUMERATED;\n                              ^\nIn file included from 20third_party/boringssl/crypto/asn1/a_dup.c: error48s generated:.\n3160:\nIn file included from third_party/boringssl/include/openssl/mem.h:60:\nthird_party/boringssl/include/openssl/base.h:: error212: :redefinition of typedef 'ASN1_OCTET_STRING' is a C11 feature [-Werror,-Wtypedef-redefinition]31\n: error: redefinition of typedef 'ASN1_GENERALIZEDTIME' is a C11 feature [-Werror,-Wtypedef-redefinition]\ntypedef struct asn1_string_st ASN1_OCTET_STRING;\n                              ^\nthird_party/boringssl/include/openssl/base.h:216:31:typedef struct asn1_string_st ASN1_GENERALIZEDTIME; \nnote                              ^: \nprevious definition is here\n/usr/local/opt/openssl@3/include/openssl/types.h:57:31:typedef struct asn1_string_st ASN1_OCTET_STRING; \nnote                              ^: \nprevious definition is here\ntypedef struct asn1_string_st ASN1_GENERALIZEDTIME;\n                              ^\nIn file included from src/boringssl/err_data.c:In file included from 18third_party/boringssl/crypto/asn1/a_dup.c:\n:In file included from 60/usr/local/opt/openssl@3/include/openssl/err.h:28:\n/usr/local/opt/openssl@3/include/openssl/types.h:49:31:\nIn file included from third_party/boringssl/include/openssl/mem.h::60 :\nthird_party/boringssl/include/openssl/base.herror:213: redefinition of typedef 'ASN1_PRINTABLESTRING' is a C11 feature [-Werror,-Wtypedef-redefinition]\n:31:typedef struct asn1_string_st ASN1_PRINTABLESTRING; error\n:                               ^redefinition of typedef 'ASN1_GENERALSTRING' is a C11 feature [-Werror,-Wtypedef-redefinition]\n\ntypedef struct asn1_string_st ASN1_GENERALSTRING;\n                              ^\nthird_party/boringssl/include/openssl/base.h:217:31:/usr/local/opt/openssl@3/include/openssl/types.h note: previous definition is here\n:52:31: note: previous definition is here\ntypedef struct asn1_string_st ASN1_PRINTABLESTRING;\ntypedef struct asn1_string_st ASN1_GENERALSTRING;\n                              ^                              ^\n\nIn file included from In file included from third_party/boringssl/crypto/asn1/a_dup.csrc/boringssl/err_data.c::60:\nIn file included from third_party/boringssl/include/openssl/mem.h:60:\n18third_party/boringssl/include/openssl/base.h:\n:In file included from 214/usr/local/opt/openssl@3/include/openssl/err.h::31: error28: :\nredefinition of typedef 'ASN1_IA5STRING' is a C11 feature [-Werror,-Wtypedef-redefinition]\n/usr/local/opt/openssl@3/include/openssl/types.h:50:31: error: redefinition of typedef 'ASN1_T61STRING' is a C11 feature [-Werror,-Wtypedef-redefinition]\ntypedef struct asn1_string_st ASN1_IA5STRING;\n                              ^\ntypedef struct asn1_string_st ASN1_T61STRING;/usr/local/opt/openssl@3/include/openssl/types.h\n:                              ^51\n:31third_party/boringssl/include/openssl/base.h:: 219note:: 31previous definition is here\n:typedef struct asn1_string_st ASN1_IA5STRING; \nnote                              ^: \nprevious definition is here\ntypedef struct asn1_string_st ASN1_T61STRING;\nIn file included from                               ^third_party/boringssl/crypto/asn1/a_dup.c\n:60:\nIn file included from third_party/boringssl/include/openssl/mem.h:60:\nthird_party/boringssl/include/openssl/base.h:215:31: error: redefinition of typedef 'ASN1_INTEGER' is a C11 feature [-Werror,-Wtypedef-redefinition]\nIn file included from typedef struct asn1_string_st ASN1_INTEGER;src/boringssl/err_data.c\n:18:\n                              ^\n/usr/local/opt/openssl@3/include/openssl/types.h:45:31:In file included from  note/usr/local/opt/openssl@3/include/openssl/err.h:28:\n/usr/local/opt/openssl@3/include/openssl/types.h:51: previous definition is here\ntypedef struct asn1_string_st ASN1_INTEGER;\n                              ^\nIn file included from third_party/boringssl/crypto/asn1/a_dup.c:60:\nIn file included from third_party/boringssl/include/openssl/mem.h:60:\nthird_party/boringssl/include/openssl/base.h:216:31: error: redefinition of typedef 'ASN1_OCTET_STRING' is a C11 feature [-Werror,-Wtypedef-redefinition]\n:31: error: redefinition of typedef 'ASN1_IA5STRING' is a C11 feature [-Werror,-Wtypedef-redefinition]\ntypedef struct asn1_string_st ASN1_IA5STRING;\n                              ^\nthird_party/boringssl/include/openssl/base.h:214:31:typedef struct asn1_string_st ASN1_OCTET_STRING; note\n: previous definition is here                              ^\ntypedef struct asn1_string_st ASN1_IA5STRING;\n                              ^\n\nIn file included from src/boringssl/err_data.c:18:\nIn file included from /usr/local/opt/openssl@3/include/openssl/types.h/usr/local/opt/openssl@3/include/openssl/err.h::28:\n/usr/local/opt/openssl@3/include/openssl/types.h:52:31: error: redefinition of typedef 'ASN1_GENERALSTRING' is a C11 feature [-Werror,-Wtypedef-redefinition]\ntypedef struct asn1_string_st ASN1_GENERALSTRING;\n                              ^\nthird_party/boringssl/include/openssl/base.h:213:31: note: previous definition is here\n48:31typedef struct asn1_string_st ASN1_GENERALSTRING;\n                              ^\nIn file included from src/boringssl/err_data.c:18:\n: noteIn file included from /usr/local/opt/openssl@3/include/openssl/err.h:28:\n: /usr/local/opt/openssl@3/include/openssl/types.h:previous definition is here53\n:31: error: redefinition of typedef 'ASN1_UNIVERSALSTRING' is a C11 feature [-Werror,-Wtypedef-redefinition]\ntypedef struct asn1_string_st ASN1_OCTET_STRING;\ntypedef struct asn1_string_st ASN1_UNIVERSALSTRING;                              ^\n\n                              ^\nthird_party/boringssl/include/openssl/base.hIn file included from third_party/boringssl/crypto/asn1/a_dup.c:60:\nIn file included from third_party/boringssl/include/openssl/mem.h:60:221:31::\n notethird_party/boringssl/include/openssl/base.h: :previous definition is here\n217typedef struct asn1_string_st ASN1_UNIVERSALSTRING;\n                              ^\n:31: error: redefinition of typedef 'ASN1_PRINTABLESTRING' is a C11 feature [-Werror,-Wtypedef-redefinition]\ntypedef struct asn1_string_st ASN1_PRINTABLESTRING;\n                              ^\n/usr/local/opt/openssl@3/include/openssl/types.hIn file included from src/boringssl/err_data.c::1849:\n:In file included from 31: note: previous definition is here\n/usr/local/opt/openssl@3/include/openssl/err.h:typedef struct asn1_string_st ASN1_PRINTABLESTRING;\n28:\n/usr/local/opt/openssl@3/include/openssl/types.h:54:                              ^31\n: error: redefinition of typedef 'ASN1_BMPSTRING' is a C11 feature [-Werror,-Wtypedef-redefinition]\nIn file included from third_party/boringssl/crypto/asn1/a_dup.c:typedef struct asn1_string_st ASN1_BMPSTRING;60\n:\nIn file included from third_party/boringssl/include/openssl/mem.h:60:\nthird_party/boringssl/include/openssl/base.h:218:31: error: redefinition of typedef 'ASN1_STRING' is a C11 feature [-Werror,-Wtypedef-redefinition]\ntypedef struct asn1_string_st ASN1_STRING;\n                              ^\n/usr/local/opt/openssl@3/include/openssl/types.h:60:31: note: previous definition is here\ntypedef struct asn1_string_st ASN1_STRING;\n                              ^                              ^\n\nthird_party/boringssl/include/openssl/base.h:210:31: In file included from note: previous definition is here\ntypedef struct asn1_string_st ASN1_BMPSTRING;\n                              ^\nIn file included from src/boringssl/err_data.c:18:\nIn file included from /usr/local/opt/openssl@3/include/openssl/err.h:28third_party/boringssl/crypto/asn1/a_dup.c:60:\nIn file included from :\nthird_party/boringssl/include/openssl/mem.h:60:\n/usr/local/opt/openssl@3/include/openssl/types.hthird_party/boringssl/include/openssl/base.h::55219:31: error:: redefinition of typedef 'ASN1_UTCTIME' is a C11 feature [-Werror,-Wtypedef-redefinition]31\n: error: redefinition of typedef 'ASN1_T61STRING' is a C11 feature [-Werror,-Wtypedef-redefinition]\ntypedef struct asn1_string_st ASN1_UTCTIME;\n                              ^\ntypedef struct asn1_string_st ASN1_T61STRING;\n                              ^third_party/boringssl/include/openssl/base.h:222:31\n/usr/local/opt/openssl@3/include/openssl/types.h:50:31: note: previous definition is here\ntypedef struct asn1_string_st ASN1_T61STRING;\n                              ^\nfatal error::  too many errors emitted, stopping now [-ferror-limit=]note\n: previous definition is here\ntypedef struct asn1_string_st ASN1_UTCTIME;\n                              ^\nIn file included from src/boringssl/err_data.c:18:\nIn file included from /usr/local/opt/openssl@3/include/openssl/err.h:28:\n/usr/local/opt/openssl@3/include/openssl/types.h:56:31: error: redefinition of typedef 'ASN1_TIME' is a C11 feature [-Werror,-Wtypedef-redefinition]\ntypedef struct asn1_string_st ASN1_TIME;\n                              ^\nthird_party/boringssl/include/openssl/base.h:220:31: note: previous definition is here\ntypedef struct asn1_string_st ASN1_TIME;\n                              ^\nIn file included from src/boringssl/err_data.c:18:\nIn file included from /usr/local/opt/openssl@3/include/openssl/err.h:28:\n/usr/local/opt/openssl@3/include/openssl/types.h:57:31: error: redefinition of typedef 'ASN1_GENERALIZEDTIME' is a C11 feature [-Werror,-Wtypedef-redefinition]\ntypedef struct asn1_string_st ASN1_GENERALIZEDTIME;\n                              ^\nthird_party/boringssl/include/openssl/base.h:212:31: note: previous definition is here\ntypedef struct asn1_string_st ASN1_GENERALIZEDTIME;\n                              ^\nIn file included from src/boringssl/err_data.c:18:\nIn file included from /usr/local/opt/openssl@3/include/openssl/err.h:28:\n/usr/local/opt/openssl@3/include/openssl/types.h:58:31: error: redefinition of typedef 'ASN1_VISIBLESTRING' is a C11 feature [-Werror,-Wtypedef-redefinition]\ntypedef struct asn1_string_st ASN1_VISIBLESTRING;\n                              ^\nthird_party/boringssl/include/openssl/base.h:224:31: note: previous definition is here\ntypedef struct asn1_string_st ASN1_VISIBLESTRING;\n                              ^\nIn file included from src/boringssl/err_data.c:18:\nIn file included from /usr/local/opt/openssl@3/include/openssl/err.h:28:\n/usr/local/opt/openssl@3/include/openssl/types.h:59:31: error: redefinition of typedef 'ASN1_UTF8STRING' is a C11 feature [-Werror,-Wtypedef-redefinition]\ntypedef struct asn1_string_st ASN1_UTF8STRING;\n                              ^\nthird_party/boringssl/include/openssl/base.h:223:31: note: previous definition is here\ntypedef struct asn1_string_st ASN1_UTF8STRING;\n                              ^\nIn file included from src/boringssl/err_data.c:18:\nIn file included from /usr/local/opt/openssl@3/include/openssl/err.h:28:\n/usr/local/opt/openssl@3/include/openssl/types.h:60:31: error: redefinition of typedef 'ASN1_STRING' is a C11 feature [-Werror,-Wtypedef-redefinition]\ntypedef struct asn1_string_st ASN1_STRING;\n                              ^\nthird_party/boringssl/include/openssl/base.h:218:31: note: previous definition is here\ntypedef struct asn1_string_st ASN1_STRING;\n                              ^\nfatal error: too many errors emitted, stopping now [-ferror-limit=]\n20 errors generated.\nmake: *** [/Users/runner/actions-runner/_work/python.build/python.build/build_grpcio19138/grpcio-1.9.1/objs/opt/third_party/boringssl/crypto/asn1/a_bool.o] Error 1\nIn file included from third_party/boringssl/crypto/asn1/a_bitstr.c:62:\nIn file included from third_party/boringssl/include/openssl/mem.h:60:\nthird_party/boringssl/include/openssl/base.h:133:9: error: 'OPENSSL_VERSION_NUMBER' macro redefined [-Werror,-Wmacro-redefined]\n#define OPENSSL_VERSION_NUMBER 0x100020af\n        ^\n/usr/local/opt/openssl@3/include/openssl/opensslv.h:99:10: note: previous definition is here\n# define OPENSSL_VERSION_NUMBER          \\\n         ^\nIn file included from third_party/boringssl/crypto/asn1/a_bitstr.c:62:\nIn file included from third_party/boringssl/include/openssl/mem.h:60:\nthird_party/boringssl/include/openssl/base.h:168:9: error: 'OPENSSL_EXPORT' macro redefined [-Werror,-Wmacro-redefined]\n#define OPENSSL_EXPORT\n        ^\n/usr/local/opt/openssl@3/include/openssl/e_os2.h:183:11: note: previous definition is here\n#  define OPENSSL_EXPORT extern\n          ^\nIn file included from third_party/boringssl/crypto/asn1/a_bitstr.c:62:\nIn file included from third_party/boringssl/include/openssl/mem.h:60:\nthird_party/boringssl/include/openssl/base.h:202:13: error: typedef redefinition with different types ('int' vs 'struct crypto_threadid_st')\ntypedef int CRYPTO_THREADID;\n            ^\n/usr/local/opt/openssl@3/include/openssl/crypto.h:308:3: note: previous definition is here\n} CRYPTO_THREADID;\n  ^\nIn file included from third_party/boringssl/crypto/asn1/a_bitstr.c:62:\nIn file included from third_party/boringssl/include/openssl/mem.h:60:\nthird_party/boringssl/include/openssl/base.h:204:13: error: redefinition of typedef 'ASN1_BOOLEAN' is a C11 feature [-Werror,-Wtypedef-redefinition]\ntypedef int ASN1_BOOLEAN;\n            ^\nIn file included from third_party/boringssl/crypto/asn1/a_d2i_fp.c:61:\nIn file included from third_party/boringssl/include/openssl/buf.h:60:\nthird_party/boringssl/include/openssl/base.h:133:9: error: 'OPENSSL_VERSION_NUMBER' macro redefined [-Werror,-Wmacro-redefined]\n/usr/local/opt/openssl@3/include/openssl/types.h#define OPENSSL_VERSION_NUMBER 0x100020af\n        ^\n/usr/local/opt/openssl@3/include/openssl/opensslv.h:99:10: note: previous definition is here\n:61:13# define OPENSSL_VERSION_NUMBER          \\:\n          ^note: previous definition is here\n\ntypedef int ASN1_BOOLEAN;\n            ^\nIn file included from third_party/boringssl/crypto/asn1/a_d2i_fp.c:61:\nIn file included from third_party/boringssl/include/openssl/buf.h:60:\nthird_party/boringssl/include/openssl/base.h:168:In file included from third_party/boringssl/crypto/asn1/a_bitstr.c:62:\nIn file included from third_party/boringssl/include/openssl/mem.h:60:\nthird_party/boringssl/include/openssl/base.h:205:13: error: redefinition of typedef 'ASN1_NULL' is a C11 feature [-Werror,-Wtypedef-redefinition]\ntypedef int ASN1_NULL;\n            ^\n/usr/local/opt/openssl@3/include/openssl/types.h9: error: 'OPENSSL_EXPORT' macro redefined [-Werror,-Wmacro-redefined]\n#define OPENSSL_EXPORT\n        ^\n/usr/local/opt/openssl@3/include/openssl/e_os2.h:183:11: note: previous definition is here\n:62#  define OPENSSL_EXPORT extern\n          ^:\n13: note: previous definition is here\ntypedef int ASN1_NULL;\n            ^\nIn file included from third_party/boringssl/crypto/asn1/a_bitstr.c:62:\nIn file included from third_party/boringssl/include/openssl/mem.h:60:\nthird_party/boringssl/include/openssl/base.h:206:29: error: redefinition of typedef 'ASN1_ITEM' is a C11 feature [-Werror,-Wtypedef-redefinition]\ntypedef struct ASN1_ITEM_st ASN1_ITEM;\n                            ^\n/usr/local/opt/openssl@3/include/openssl/types.h:69:29: note: previous definition is here\ntypedef struct ASN1_ITEM_st ASN1_ITEM;\n                            ^\nmake: *** [/Users/runner/actions-runner/_work/python.build/python.build/build_grpcio19138/grpcio-1.9.1/objs/opt/third_party/boringssl/crypto/asn1/a_dup.o] Error 1In file included from third_party/boringssl/crypto/asn1/a_bitstr.c:62:\nIn file included from \nIn file included from In file included from third_party/boringssl/crypto/asn1/a_d2i_fp.c:61:\nthird_party/boringssl/crypto/asn1/a_enum.cIn file included from :third_party/boringssl/include/openssl/mem.h:60:\nthird_party/boringssl/include/openssl/base.h:207third_party/boringssl/include/openssl/buf.h62::\n60::\nIn file included from third_party/boringssl/include/openssl/base.h31:: third_party/boringssl/include/openssl/mem.h:20260::\n13:errorthird_party/boringssl/include/openssl/base.h: :133:redefinition of typedef 'ASN1_OBJECT' is a C11 feature [-Werror,-Wtypedef-redefinition]9:\n error: 'OPENSSL_VERSION_NUMBER' macro redefined [-Werror,-Wmacro-redefined]\n error: typedef redefinition with different types ('int' vs 'struct crypto_threadid_st')\ntypedef struct asn1_object_st ASN1_OBJECT;\n                              ^\ntypedef int CRYPTO_THREADID;#define OPENSSL_VERSION_NUMBER 0x100020af\n/usr/local/opt/openssl@3/include/openssl/types.h            ^\n\n        ^\n/usr/local/opt/openssl@3/include/openssl/opensslv.h:99:10: note: previous definition is here\n# define OPENSSL_VERSION_NUMBER          \\\n         ^\n/usr/local/opt/openssl@3/include/openssl/crypto.h:66:31:308In file included from :third_party/boringssl/crypto/asn1/a_enum.c3::62 :\nnoteIn file included from : third_party/boringssl/include/openssl/mem.hprevious definition is here:\n60:\nthird_party/boringssl/include/openssl/base.h:168:9: } CRYPTO_THREADID;\n  ^\n: note: previous definition is here\nerror: In file included from third_party/boringssl/crypto/asn1/a_d2i_fp.c'OPENSSL_EXPORT' macro redefined [-Werror,-Wmacro-redefined]:\n61typedef struct asn1_object_st ASN1_OBJECT;:\n\nIn file included from                               ^third_party/boringssl/include/openssl/buf.h#define OPENSSL_EXPORT:\n60        ^:\n\nthird_party/boringssl/include/openssl/base.h:204:/usr/local/opt/openssl@3/include/openssl/e_os2.h\n:183:11:13: error: redefinition of typedef 'ASN1_BOOLEAN' is a C11 feature [-Werror,-Wtypedef-redefinition]\ntypedef int ASN1_BOOLEAN;\n            ^ note: \nprevious definition is here\n#  define OPENSSL_EXPORT extern/usr/local/opt/openssl@3/include/openssl/types.h\n:          ^61\n:13: note: previous definition is here\ntypedef int ASN1_BOOLEAN;\n            ^\nIn file included from In file included from third_party/boringssl/crypto/asn1/a_enum.c:62:\nIn file included from third_party/boringssl/include/openssl/mem.h:60:\nthird_party/boringssl/include/openssl/base.h:202:13: error: typedef redefinition with different types ('int' vs 'struct crypto_threadid_st')\ntypedef int CRYPTO_THREADID;\n            ^\nthird_party/boringssl/crypto/asn1/a_d2i_fp.c/usr/local/opt/openssl@3/include/openssl/crypto.h:308:3: note: previous definition is here\n} CRYPTO_THREADID;In file included from third_party/boringssl/crypto/asn1/a_bitstr.c:62:\nIn file included from third_party/boringssl/include/openssl/mem.h\n:  ^60\n:\nthird_party/boringssl/include/openssl/base.h:208:29:In file included from  third_party/boringssl/crypto/asn1/a_enum.cerror:: :62:\nIn file included from third_party/boringssl/include/openssl/mem.h:6160redefinition of typedef 'ASN1_PCTX' is a C11 feature [-Werror,-Wtypedef-redefinition]:\n\nIn file included from :\nthird_party/boringssl/include/openssl/buf.hthird_party/boringssl/include/openssl/base.h::204:13: error: redefinition of typedef 'ASN1_BOOLEAN' is a C11 feature [-Werror,-Wtypedef-redefinition]\ntypedef struct asn1_pctx_st ASN1_PCTX;\n                            ^\n60:\n/usr/local/opt/openssl@3/include/openssl/types.h:third_party/boringssl/include/openssl/base.h:205:13: error: typedef int ASN1_BOOLEAN;\n70            ^\n:29: note: previous definition is here\n/usr/local/opt/openssl@3/include/openssl/types.h:61:13typedef struct asn1_pctx_st ASN1_PCTX;:\n                             ^note: previous definition is hereredefinition of typedef 'ASN1_NULL' is a C11 feature [-Werror,-Wtypedef-redefinition]\n\ntypedef int ASN1_NULL;\n            ^\n/usr/local/opt/openssl@3/include/openssl/types.h:62:13In file included from :third_party/boringssl/crypto/asn1/a_bitstr.c:\n note: previous definition is here\n62:\nIn file included from typedef int ASN1_NULL;\n            ^\nthird_party/boringssl/include/openssl/mem.h:60:\nthird_party/boringssl/include/openssl/base.h:209:31:typedef int ASN1_BOOLEAN;In file included from third_party/boringssl/crypto/asn1/a_d2i_fp.c :error61: :\nIn file included from redefinition of typedef 'ASN1_BIT_STRING' is a C11 feature [-Werror,-Wtypedef-redefinition]third_party/boringssl/include/openssl/buf.h:60\n:\n            ^third_party/boringssl/include/openssl/base.h\n\nIn file included from third_party/boringssl/crypto/asn1/a_enum.c:62typedef struct asn1_string_st ASN1_BIT_STRING;:\n\nIn file included from                               ^third_party/boringssl/include/openssl/mem.h\n/usr/local/opt/openssl@3/include/openssl/types.h::47:206:29:: error: 31: 60note:\nthird_party/boringssl/include/openssl/base.hredefinition of typedef 'ASN1_ITEM' is a C11 feature [-Werror,-Wtypedef-redefinition]:\n205:13: error: : redefinition of typedef 'ASN1_NULL' is a C11 feature [-Werror,-Wtypedef-redefinition]previous definition is here\n\ntypedef int ASN1_NULL;typedef struct ASN1_ITEM_st ASN1_ITEM;\n                            ^\n/usr/local/opt/openssl@3/include/openssl/types.h:69:29typedef struct asn1_string_st ASN1_BIT_STRING;\n\n                              ^            ^\n\n/usr/local/opt/openssl@3/include/openssl/types.h:62:13: note: note: previous definition is here\ntypedef struct ASN1_ITEM_st ASN1_ITEM;\n                            ^\n: In file included from third_party/boringssl/crypto/asn1/a_bitstr.cprevious definition is here:\n62In file included from :\nthird_party/boringssl/crypto/asn1/a_d2i_fp.cIn file included from :61third_party/boringssl/include/openssl/mem.h:60typedef int ASN1_NULL;\n            ^\n:\nIn file included from third_party/boringssl/include/openssl/buf.h:60:\nthird_party/boringssl/include/openssl/base.h:207:31: error: redefinition of typedef 'ASN1_OBJECT' is a C11 feature [-Werror,-Wtypedef-redefinition]\n:\nIn file included from typedef struct asn1_object_st ASN1_OBJECT;third_party/boringssl/include/openssl/base.h\n:                              ^\nthird_party/boringssl/crypto/asn1/a_enum.c:21062::\n31: /usr/local/opt/openssl@3/include/openssl/types.h:In file included from 66third_party/boringssl/include/openssl/mem.h:60error:\n: third_party/boringssl/include/openssl/base.h:redefinition of typedef 'ASN1_BMPSTRING' is a C11 feature [-Werror,-Wtypedef-redefinition]206\n:29: error: :redefinition of typedef 'ASN1_ITEM' is a C11 feature [-Werror,-Wtypedef-redefinition]typedef struct asn1_string_st ASN1_BMPSTRING;\n\n31:                               ^note\n: previous definition is here\n/usr/local/opt/openssl@3/include/openssl/types.h:54:31:typedef struct asn1_object_st ASN1_OBJECT; \nnote                              ^: \nprevious definition is here\ntypedef struct ASN1_ITEM_st ASN1_ITEM;typedef struct asn1_string_st ASN1_BMPSTRING;\n                            ^\nIn file included from third_party/boringssl/crypto/asn1/a_d2i_fp.c:61:\nIn file included from third_party/boringssl/include/openssl/buf.h:60/usr/local/opt/openssl@3/include/openssl/types.h:\n:69:\n                              ^\n29: note: previous definition is herethird_party/boringssl/include/openssl/base.h:208:29: error: In file included from redefinition of typedef 'ASN1_PCTX' is a C11 feature [-Werror,-Wtypedef-redefinition]third_party/boringssl/crypto/asn1/a_bitstr.c:62:\n\nIn file included from third_party/boringssl/include/openssl/mem.h:60:\nthird_party/boringssl/include/openssl/base.h:\n211:31: error: redefinition of typedef 'ASN1_ENUMERATED' is a C11 feature [-Werror,-Wtypedef-redefinition]\ntypedef struct asn1_string_st ASN1_ENUMERATED;\n                              ^\ntypedef struct asn1_pctx_st ASN1_PCTX;/usr/local/opt/openssl@3/include/openssl/types.h:46:31typedef struct ASN1_ITEM_st ASN1_ITEM;\n                            ^\n: note: \n                            ^\n/usr/local/opt/openssl@3/include/openssl/types.h:70:29: In file included from third_party/boringssl/crypto/asn1/a_enum.c:previous definition is herenote62:\n\n: previous definition is here\ntypedef struct asn1_pctx_st ASN1_PCTX;In file included from \n                            ^third_party/boringssl/include/openssl/mem.h\n:60:\nthird_party/boringssl/include/openssl/base.h:207typedef struct asn1_string_st ASN1_ENUMERATED;:\n31                              ^\n: error: redefinition of typedef 'ASN1_OBJECT' is a C11 feature [-Werror,-Wtypedef-redefinition]\ntypedef struct asn1_object_st ASN1_OBJECT;In file included from \nthird_party/boringssl/crypto/asn1/a_bitstr.c                              ^:62:\nIn file included from third_party/boringssl/include/openssl/mem.h:60:\nthird_party/boringssl/include/openssl/base.h:212:31: errorIn file included from third_party/boringssl/crypto/asn1/a_d2i_fp.c:61\n:\nIn file included from third_party/boringssl/include/openssl/buf.h:60/usr/local/opt/openssl@3/include/openssl/types.h:\n:third_party/boringssl/include/openssl/base.h: redefinition of typedef 'ASN1_GENERALIZEDTIME' is a C11 feature [-Werror,-Wtypedef-redefinition]\n:66209::3131::  errortypedef struct asn1_string_st ASN1_GENERALIZEDTIME;: \nredefinition of typedef 'ASN1_BIT_STRING' is a C11 feature [-Werror,-Wtypedef-redefinition]                              ^\n\n/usr/local/opt/openssl@3/include/openssl/types.h:57:31:typedef struct asn1_string_st ASN1_BIT_STRING; \nnote: previous definition is here\nnote: previous definition is here                              ^\n\ntypedef struct asn1_string_st ASN1_GENERALIZEDTIME;\n/usr/local/opt/openssl@3/include/openssl/types.h:                              ^47\n:31: note: previous definition is here\ntypedef struct asn1_object_st ASN1_OBJECT;\n                              ^\nIn file included from third_party/boringssl/crypto/asn1/a_bitstr.c:62:\ntypedef struct asn1_string_st ASN1_BIT_STRING;In file included from \nIn file included from                               ^\nthird_party/boringssl/include/openssl/mem.h:60:\nthird_party/boringssl/include/openssl/base.h:213:31: In file included from errorthird_party/boringssl/crypto/asn1/a_d2i_fp.c: :redefinition of typedef 'ASN1_GENERALSTRING' is a C11 feature [-Werror,-Wtypedef-redefinition]61\n:\nIn file included from third_party/boringssl/include/openssl/buf.h:60:\nthird_party/boringssl/include/openssl/base.h:210:31: error: redefinition of typedef 'ASN1_BMPSTRING' is a C11 feature [-Werror,-Wtypedef-redefinition]\ntypedef struct asn1_string_st ASN1_GENERALSTRING;\n                              ^\ntypedef struct asn1_string_st ASN1_BMPSTRING;\n/usr/local/opt/openssl@3/include/openssl/types.h                              ^:\n52:third_party/boringssl/crypto/asn1/a_enum.c31:: 62:\nIn file included from third_party/boringssl/include/openssl/mem.hnote:: 60:\nprevious definition is herethird_party/boringssl/include/openssl/base.h:/usr/local/opt/openssl@3/include/openssl/types.h208::2954:31\n: note: previous definition is here\ntypedef struct asn1_string_st ASN1_GENERALSTRING;\ntypedef struct asn1_string_st ASN1_BMPSTRING;                              ^\n\n: error: redefinition of typedef 'ASN1_PCTX' is a C11 feature [-Werror,-Wtypedef-redefinition]\nIn file included from third_party/boringssl/crypto/asn1/a_bitstr.c:62:\nIn file included from third_party/boringssl/include/openssl/mem.htypedef struct asn1_pctx_st ASN1_PCTX;:60:\nthird_party/boringssl/include/openssl/base.h                              ^:\n\n                            ^\nIn file included from /usr/local/opt/openssl@3/include/openssl/types.hthird_party/boringssl/crypto/asn1/a_d2i_fp.c::61:\n214In file included from :third_party/boringssl/include/openssl/buf.h31::60 error: redefinition of typedef 'ASN1_IA5STRING' is a C11 feature [-Werror,-Wtypedef-redefinition]70\n:29: note: typedef struct asn1_string_st ASN1_IA5STRING;previous definition is here\n\n                              ^\ntypedef struct asn1_pctx_st ASN1_PCTX;\n                            ^/usr/local/opt/openssl@3/include/openssl/types.h\n:51:31: note: previous definition is here\nIn file included from third_party/boringssl/crypto/asn1/a_enum.c:62:\ntypedef struct asn1_string_st ASN1_IA5STRING;In file included from \nthird_party/boringssl/include/openssl/mem.h                              ^:\n60:\nthird_party/boringssl/include/openssl/base.h:\n:209:third_party/boringssl/include/openssl/base.h31: error: In file included from third_party/boringssl/crypto/asn1/a_bitstr.credefinition of typedef 'ASN1_BIT_STRING' is a C11 feature [-Werror,-Wtypedef-redefinition]:\n62:\nIn file included from third_party/boringssl/include/openssl/mem.h::typedef struct asn1_string_st ASN1_BIT_STRING;60:\nthird_party/boringssl/include/openssl/base.h:215:31: error: redefinition of typedef 'ASN1_INTEGER' is a C11 feature [-Werror,-Wtypedef-redefinition]\ntypedef struct asn1_string_st ASN1_INTEGER;\n                              ^\n\n/usr/local/opt/openssl@3/include/openssl/types.h                              ^:\n45:31/usr/local/opt/openssl@3/include/openssl/types.h:: 47note:: 31previous definition is here:\n note: typedef struct asn1_string_st ASN1_INTEGER;211\n:31previous definition is here:\n error:                               ^\ntypedef struct asn1_string_st ASN1_BIT_STRING;\n                              ^\nIn file included from third_party/boringssl/crypto/asn1/a_bitstr.cIn file included from third_party/boringssl/crypto/asn1/a_enum.c::6262:\nIn file included from third_party/boringssl/include/openssl/mem.h:60:\nthird_party/boringssl/include/openssl/base.h:210:31: error: redefinition of typedef 'ASN1_BMPSTRING' is a C11 feature [-Werror,-Wtypedef-redefinition]\n:\nIn file included from third_party/boringssl/include/openssl/mem.htypedef struct asn1_string_st ASN1_BMPSTRING;:60redefinition of typedef 'ASN1_ENUMERATED' is a C11 feature [-Werror,-Wtypedef-redefinition]:\n\n\ntypedef struct asn1_string_st ASN1_ENUMERATED;\n                              ^\nthird_party/boringssl/include/openssl/base.h:216:31: error:                               ^/usr/local/opt/openssl@3/include/openssl/types.h\n:54:31: /usr/local/opt/openssl@3/include/openssl/types.hnote:: 46previous definition is here:\n31: note: typedef struct asn1_string_st ASN1_BMPSTRING;redefinition of typedef 'ASN1_OCTET_STRING' is a C11 feature [-Werror,-Wtypedef-redefinition]previous definition is here\n\n\n                              ^\ntypedef struct asn1_string_st ASN1_OCTET_STRING;typedef struct asn1_string_st ASN1_ENUMERATED;\n\n                              ^                              ^\n\n/usr/local/opt/openssl@3/include/openssl/types.h:48:31: note: previous definition is here\nIn file included from third_party/boringssl/crypto/asn1/a_d2i_fp.c:61:\nIn file included from third_party/boringssl/include/openssl/buf.h:typedef struct asn1_string_st ASN1_OCTET_STRING;60\n:\n                              ^In file included from third_party/boringssl/crypto/asn1/a_enum.cthird_party/boringssl/include/openssl/base.h:62\n:212:31::\n In file included from In file included from third_party/boringssl/include/openssl/mem.h:60:\nerrorthird_party/boringssl/include/openssl/base.h: :211:third_party/boringssl/crypto/asn1/a_bitstr.c:6231: redefinition of typedef 'ASN1_GENERALIZEDTIME' is a C11 feature [-Werror,-Wtypedef-redefinition]\n:\nIn file included from error: typedef struct asn1_string_st ASN1_GENERALIZEDTIME;\nredefinition of typedef 'ASN1_ENUMERATED' is a C11 feature [-Werror,-Wtypedef-redefinition]                              ^\nthird_party/boringssl/include/openssl/mem.h:60:\nthird_party/boringssl/include/openssl/base.h:217:31: error: redefinition of typedef 'ASN1_PRINTABLESTRING' is a C11 feature [-Werror,-Wtypedef-redefinition]\ntypedef struct asn1_string_st ASN1_ENUMERATED;\n                              ^\ntypedef struct asn1_string_st ASN1_PRINTABLESTRING;/usr/local/opt/openssl@3/include/openssl/types.h\n:                              ^\n\n/usr/local/opt/openssl@3/include/openssl/types.h:49:/usr/local/opt/openssl@3/include/openssl/types.h31::57 :note31: :previous definition is here \ntypedef struct asn1_string_st ASN1_PRINTABLESTRING;\n46:31:note                              ^: \nprevious definition is here\nIn file included from third_party/boringssl/crypto/asn1/a_bitstr.c:62:\nIn file included from third_party/boringssl/include/openssl/mem.h:60:\nthird_party/boringssl/include/openssl/base.h:218:31: error: redefinition of typedef 'ASN1_STRING' is a C11 feature [-Werror,-Wtypedef-redefinition]\ntypedef struct asn1_string_st ASN1_GENERALIZEDTIME;typedef struct asn1_string_st ASN1_STRING;\n\n                              ^                              ^\n\n/usr/local/opt/openssl@3/include/openssl/types.h:60:31: note: previous definition is here\nIn file included from third_party/boringssl/crypto/asn1/a_d2i_fp.c:typedef struct asn1_string_st ASN1_STRING;61:\n In file included from note: third_party/boringssl/include/openssl/buf.h:60\n:\n                              ^\nthird_party/boringssl/include/openssl/base.h:213:31:In file included from  error: redefinition of typedef 'ASN1_GENERALSTRING' is a C11 feature [-Werror,-Wtypedef-redefinition]third_party/boringssl/crypto/asn1/a_bitstr.c\n:62:\nIn file included from third_party/boringssl/include/openssl/mem.h:60:\nprevious definition is here\nthird_party/boringssl/include/openssl/base.h:typedef struct asn1_string_st ASN1_ENUMERATED;219typedef struct asn1_string_st ASN1_GENERALSTRING;\n\n:                              ^\n31: error: redefinition of typedef 'ASN1_T61STRING' is a C11 feature [-Werror,-Wtypedef-redefinition]\ntypedef struct asn1_string_st ASN1_T61STRING;\n                              ^In file included from \nthird_party/boringssl/crypto/asn1/a_enum.c:/usr/local/opt/openssl@3/include/openssl/types.h62::\n50In file included from :third_party/boringssl/include/openssl/mem.h31::60                               ^note: \nprevious definition is here\n:\ntypedef struct asn1_string_st ASN1_T61STRING;third_party/boringssl/include/openssl/base.h:212:/usr/local/opt/openssl@3/include/openssl/types.h31: :error: redefinition of typedef 'ASN1_GENERALIZEDTIME' is a C11 feature [-Werror,-Wtypedef-redefinition]52\n\ntypedef struct asn1_string_st ASN1_GENERALIZEDTIME;\n                              ^                              ^\n:31: note: previous definition is here\ntypedef struct asn1_string_st ASN1_GENERALSTRING;\n                              ^\nIn file included from \n/usr/local/opt/openssl@3/include/openssl/types.hfatal error:: 57too many errors emitted, stopping now [-ferror-limit=]:\n31: note: previous definition is here\nthird_party/boringssl/crypto/asn1/a_d2i_fp.c:typedef struct asn1_string_st ASN1_GENERALIZEDTIME;\n                              ^\nIn file included from third_party/boringssl/crypto/asn1/a_enum.c:62:\nIn file included from 61:\nthird_party/boringssl/include/openssl/mem.hIn file included from :third_party/boringssl/include/openssl/buf.h60::\n60:\nthird_party/boringssl/include/openssl/base.h:214:31: error: redefinition of typedef 'ASN1_IA5STRING' is a C11 feature [-Werror,-Wtypedef-redefinition]\nthird_party/boringssl/include/openssl/base.h:213:31: errortypedef struct asn1_string_st ASN1_IA5STRING;: redefinition of typedef 'ASN1_GENERALSTRING' is a C11 feature [-Werror,-Wtypedef-redefinition]\n\n                              ^\n/usr/local/opt/openssl@3/include/openssl/types.h:51:31: note: previous definition is here\ntypedef struct asn1_string_st ASN1_IA5STRING;\n                              ^\ntypedef struct asn1_string_st ASN1_GENERALSTRING;\n                              ^\n/usr/local/opt/openssl@3/include/openssl/types.h:52:31: note: previous definition is hereIn file included from \nthird_party/boringssl/crypto/asn1/a_d2i_fp.c:61:\nIn file included from third_party/boringssl/include/openssl/buf.h:60:\ntypedef struct asn1_string_st ASN1_GENERALSTRING;third_party/boringssl/include/openssl/base.h\n:                              ^215\n:31: error: redefinition of typedef 'ASN1_INTEGER' is a C11 feature [-Werror,-Wtypedef-redefinition]\nIn file included from third_party/boringssl/crypto/asn1/a_enum.ctypedef struct asn1_string_st ASN1_INTEGER;:\n62                              ^:\n\nIn file included from third_party/boringssl/include/openssl/mem.h/usr/local/opt/openssl@3/include/openssl/types.h::6045:\n:third_party/boringssl/include/openssl/base.h31::214 :note31: :previous definition is here \nerror: redefinition of typedef 'ASN1_IA5STRING' is a C11 feature [-Werror,-Wtypedef-redefinition]\ntypedef struct asn1_string_st ASN1_INTEGER;\n                              ^\ntypedef struct asn1_string_st ASN1_IA5STRING;\n                              ^\n/usr/local/opt/openssl@3/include/openssl/types.h:51:31: note: previous definition is here\ntypedef struct asn1_string_st ASN1_IA5STRING;\n                              ^\nIn file included from third_party/boringssl/crypto/asn1/a_d2i_fp.cIn file included from :third_party/boringssl/crypto/asn1/a_enum.c61::\n62In file included from :\nthird_party/boringssl/include/openssl/buf.hIn file included from :third_party/boringssl/include/openssl/mem.h:60:\nthird_party/boringssl/include/openssl/base.h:215:31: error: redefinition of typedef 'ASN1_INTEGER' is a C11 feature [-Werror,-Wtypedef-redefinition]\n60:\nthird_party/boringssl/include/openssl/base.h:216:31: error: redefinition of typedef 'ASN1_OCTET_STRING' is a C11 feature [-Werror,-Wtypedef-redefinition]\ntypedef struct asn1_string_st ASN1_OCTET_STRING;\n                              ^\n/usr/local/opt/openssl@3/include/openssl/types.h:48:31: notetypedef struct asn1_string_st ASN1_INTEGER;\n                              ^\n/usr/local/opt/openssl@3/include/openssl/types.h:45:31: note: previous definition is here\ntypedef struct asn1_string_st ASN1_INTEGER;\n                              ^\nIn file included from : third_party/boringssl/crypto/asn1/a_enum.c:previous definition is here\ntypedef struct asn1_string_st ASN1_OCTET_STRING;\n62:\nIn file included from                               ^third_party/boringssl/include/openssl/mem.h\n:60:\nthird_party/boringssl/include/openssl/base.h:216:31: error: redefinition of typedef 'ASN1_OCTET_STRING' is a C11 feature [-Werror,-Wtypedef-redefinition]\nIn file included from third_party/boringssl/crypto/asn1/a_d2i_fp.ctypedef struct asn1_string_st ASN1_OCTET_STRING;:\n61                              ^\n/usr/local/opt/openssl@3/include/openssl/types.h:48:31: note: previous definition is here\ntypedef struct asn1_string_st ASN1_OCTET_STRING;\n                              ^\nIn file included from :\nthird_party/boringssl/crypto/asn1/a_enum.c:In file included from 62:\nthird_party/boringssl/include/openssl/buf.hIn file included from :third_party/boringssl/include/openssl/mem.h60::\n60third_party/boringssl/include/openssl/base.h:\n:third_party/boringssl/include/openssl/base.h:217:31: error: redefinition of typedef 'ASN1_PRINTABLESTRING' is a C11 feature [-Werror,-Wtypedef-redefinition]\ntypedef struct asn1_string_st ASN1_PRINTABLESTRING;\n                              ^\n/usr/local/opt/openssl@3/include/openssl/types.h:49:31: note: previous definition is here\ntypedef struct asn1_string_st ASN1_PRINTABLESTRING;\n                              ^\nIn file included from third_party/boringssl/crypto/asn1/a_enum.c:62:\nIn file included from third_party/boringssl/include/openssl/mem.h:60:\nthird_party/boringssl/include/openssl/base.h:218:31: error: redefinition of typedef 'ASN1_STRING' is a C11 feature [-Werror,-Wtypedef-redefinition]\n217:31:typedef struct asn1_string_st ASN1_STRING;\n                              ^\n/usr/local/opt/openssl@3/include/openssl/types.h:60:31: note: previous definition is here\ntypedef struct asn1_string_st ASN1_STRING;\n                              ^\nIn file included from third_party/boringssl/crypto/asn1/a_enum.c:62:\nIn file included from third_party/boringssl/include/openssl/mem.h:60:\nthird_party/boringssl/include/openssl/base.h:219:31: error: redefinition of typedef 'ASN1_T61STRING' is a C11 feature [-Werror,-Wtypedef-redefinition] \nerror: typedef struct asn1_string_st ASN1_T61STRING;\n                              ^\n/usr/local/opt/openssl@3/include/openssl/types.h:50:31: note: previous definition is here\ntypedef struct asn1_string_st ASN1_T61STRING;\n                              ^\nredefinition of typedef 'ASN1_PRINTABLESTRING' is a C11 feature [-Werror,-Wtypedef-redefinition]\nfatal error: too many errors emitted, stopping now [-ferror-limit=]\ntypedef struct asn1_string_st ASN1_PRINTABLESTRING;\n                              ^\n/usr/local/opt/openssl@3/include/openssl/types.h:49:31: note: previous definition is here\ntypedef struct asn1_string_st ASN1_PRINTABLESTRING;\n                              ^\nIn file included from third_party/boringssl/crypto/asn1/a_d2i_fp.c:61:\nIn file included from third_party/boringssl/include/openssl/buf.h:60:\nthird_party/boringssl/include/openssl/base.h:218:31: error: redefinition of typedef 'ASN1_STRING' is a C11 feature [-Werror,-Wtypedef-redefinition]\ntypedef struct asn1_string_st ASN1_STRING;\n                              ^\n/usr/local/opt/openssl@3/include/openssl/types.h:60:31: note: previous definition is here\ntypedef struct asn1_string_st ASN1_STRING;\n                              ^\nIn file included from third_party/boringssl/crypto/asn1/a_d2i_fp.c:61:\nIn file included from third_party/boringssl/include/openssl/buf.h:60:\nthird_party/boringssl/include/openssl/base.h:219:31: error: redefinition of typedef 'ASN1_T61STRING' is a C11 feature [-Werror,-Wtypedef-redefinition]\ntypedef struct asn1_string_st ASN1_T61STRING;\n                              ^\n/usr/local/opt/openssl@3/include/openssl/types.h:50:31: note: previous definition is here\ntypedef struct asn1_string_st ASN1_T61STRING;\n                              ^\nfatal error: too many errors emitted, stopping now [-ferror-limit=]\n20 errors generated.\n20 errors generated.\nIn file included from third_party/boringssl/crypto/asn1/a_mbstr.c:62:\nIn file included from third_party/boringssl/include/openssl/mem.h:60:\nthird_party/boringssl/include/openssl/base.h:133:9: error: 'OPENSSL_VERSION_NUMBER' macro redefined [-Werror,-Wmacro-redefined]\n#define OPENSSL_VERSION_NUMBER 0x100020af\n        ^\n/usr/local/opt/openssl@3/include/openssl/opensslv.h:99:10: note: previous definition is here\n# define OPENSSL_VERSION_NUMBER          \\\n         ^\nIn file included from third_party/boringssl/crypto/asn1/a_mbstr.c:62:\nIn file included from third_party/boringssl/include/openssl/mem.h:60:\nthird_party/boringssl/include/openssl/base.h:168:9: error: 'OPENSSL_EXPORT' macro redefined [-Werror,-Wmacro-redefined]\n#define OPENSSL_EXPORT\n        ^\n/usr/local/opt/openssl@3/include/openssl/e_os2.h:183:11: note: In file included from third_party/boringssl/crypto/asn1/a_object.cprevious definition is here:\n63:\nIn file included from third_party/boringssl/include/openssl/mem.h:60:\n#  define OPENSSL_EXPORT extern\nthird_party/boringssl/include/openssl/base.h:133          ^\n:9: error: 'OPENSSL_VERSION_NUMBER' macro redefined [-Werror,-Wmacro-redefined]\n#define OPENSSL_VERSION_NUMBER 0x100020af\n        ^\n/usr/local/opt/openssl@3/include/openssl/opensslv.h:99:10: note: previous definition is here\n# define OPENSSL_VERSION_NUMBER          \\\n         ^\nIn file included from third_party/boringssl/crypto/asn1/a_mbstr.c:62:\nIn file included from third_party/boringssl/include/openssl/mem.h:60:\nthird_party/boringssl/include/openssl/base.h:202:13:20In file included from  error: third_party/boringssl/crypto/asn1/a_object.ctypedef redefinition with different types ('int' vs 'struct crypto_threadid_st') errors generated:63\n:\n.\nIn file included from third_party/boringssl/include/openssl/mem.h:60:\nthird_party/boringssl/include/openssl/base.h:168typedef int CRYPTO_THREADID;:\n9            ^\n/usr/local/opt/openssl@3/include/openssl/crypto.h:308:3: note: previous definition is here\n} CRYPTO_THREADID;\n  ^\nIn file included from third_party/boringssl/crypto/asn1/a_mbstr.c:6220 errors generated.\n: error: 'OPENSSL_EXPORT' macro redefined [-Werror,-Wmacro-redefined]\n#define OPENSSL_EXPORT:\n\n        ^\nIn file included from third_party/boringssl/include/openssl/mem.h/usr/local/opt/openssl@3/include/openssl/e_os2.h::60183:\n:third_party/boringssl/include/openssl/base.h11: note: previous definition is here\n:#  define OPENSSL_EXPORT extern\n          ^\n204:13: error: redefinition of typedef 'ASN1_BOOLEAN' is a C11 feature [-Werror,-Wtypedef-redefinition]\ntypedef int ASN1_BOOLEAN;\n            ^\n/usr/local/opt/openssl@3/include/openssl/types.h:61:13: note: previous definition is here\ntypedef int ASN1_BOOLEAN;\n            ^\nIn file included from In file included from third_party/boringssl/crypto/asn1/a_mbstr.cthird_party/boringssl/crypto/asn1/a_object.c:63:\nIn file included from third_party/boringssl/include/openssl/mem.h:60:\nthird_party/boringssl/include/openssl/base.h:202:13: error: typedef redefinition with different types ('int' vs 'struct crypto_threadid_st')\n:62typedef int CRYPTO_THREADID;\n            ^\n:\nIn file included from third_party/boringssl/include/openssl/mem.h:60:\nthird_party/boringssl/include/openssl/base.h:205:13: error/usr/local/opt/openssl@3/include/openssl/crypto.h: :redefinition of typedef 'ASN1_NULL' is a C11 feature [-Werror,-Wtypedef-redefinition]308\n:3: note: typedef int ASN1_NULL;previous definition is here\n\n            ^} CRYPTO_THREADID;\n  ^\nIn file included from third_party/boringssl/crypto/asn1/a_object.c:63:\nIn file included from third_party/boringssl/include/openssl/mem.h:60:\nthird_party/boringssl/include/openssl/base.h:204:13: error: redefinition of typedef 'ASN1_BOOLEAN' is a C11 feature [-Werror,-Wtypedef-redefinition]\ntypedef int ASN1_BOOLEAN;\n            ^\n/usr/local/opt/openssl@3/include/openssl/types.h:61:13: note: previous definition is here\ntypedef int ASN1_BOOLEAN;\n            ^\nIn file included from third_party/boringssl/crypto/asn1/a_object.c:63:\nIn file included from third_party/boringssl/include/openssl/mem.h:60:\nthird_party/boringssl/include/openssl/base.h:205\n/usr/local/opt/openssl@3/include/openssl/types.h:62:13: note: previous definition is here\n:13: error: redefinition of typedef 'ASN1_NULL' is a C11 feature [-Werror,-Wtypedef-redefinition]\ntypedef int ASN1_NULL;\ntypedef int ASN1_NULL;\n            ^\n            ^In file included from \nthird_party/boringssl/crypto/asn1/a_mbstr.c:62:\nIn file included from third_party/boringssl/include/openssl/mem.h:/usr/local/opt/openssl@3/include/openssl/types.h60::\n62third_party/boringssl/include/openssl/base.h::13206:: 29: error: redefinition of typedef 'ASN1_ITEM' is a C11 feature [-Werror,-Wtypedef-redefinition]\ntypedef struct ASN1_ITEM_st ASN1_ITEM;\n                            ^\n/usr/local/opt/openssl@3/include/openssl/types.h:69:29: note: previous definition is here\ntypedef struct ASN1_ITEM_st ASN1_ITEM;\n                            ^\nIn file included from third_party/boringssl/crypto/asn1/a_mbstr.c:62:\nIn file included from third_party/boringssl/include/openssl/mem.h:60:\nthird_party/boringssl/include/openssl/base.h:207:31: error: redefinition of typedef 'ASN1_OBJECT' is a C11 feature [-Werror,-Wtypedef-redefinition]\ntypedef struct asn1_object_st ASN1_OBJECT;\n                              ^\n/usr/local/opt/openssl@3/include/openssl/types.h:66:31: note: previous definition is here\nnote: typedef struct asn1_object_st ASN1_OBJECT;\n                              ^\nIn file included from third_party/boringssl/crypto/asn1/a_mbstr.c:62:\nIn file included from third_party/boringssl/include/openssl/mem.h:60:\nthird_party/boringssl/include/openssl/base.h:208:29: error: redefinition of typedef 'ASN1_PCTX' is a C11 feature [-Werror,-Wtypedef-redefinition]\nprevious definition is here\ntypedef int ASN1_NULL;\n            ^\nIn file included from typedef struct asn1_pctx_st ASN1_PCTX;third_party/boringssl/crypto/asn1/a_object.c:63\n                            ^\n/usr/local/opt/openssl@3/include/openssl/types.h:70:29: note: previous definition is here\n:\nIn file included from third_party/boringssl/include/openssl/mem.h:60:\nthird_party/boringssl/include/openssl/base.htypedef struct asn1_pctx_st ASN1_PCTX;:\n                            ^\nIn file included from third_party/boringssl/crypto/asn1/a_mbstr.c:62206::\nIn file included from third_party/boringssl/include/openssl/mem.h:60:\nthird_party/boringssl/include/openssl/base.h:209:31: error: redefinition of typedef 'ASN1_BIT_STRING' is a C11 feature [-Werror,-Wtypedef-redefinition]\ntypedef struct asn1_string_st ASN1_BIT_STRING;\n                              ^\n/usr/local/opt/openssl@3/include/openssl/types.h:47:31: note: previous definition is here\ntypedef struct asn1_string_st ASN1_BIT_STRING;\n                              ^\nIn file included from 29third_party/boringssl/crypto/asn1/a_mbstr.c: error: redefinition of typedef 'ASN1_ITEM' is a C11 feature [-Werror,-Wtypedef-redefinition]:\n62:\nIn file included from third_party/boringssl/include/openssl/mem.h:60typedef struct ASN1_ITEM_st ASN1_ITEM;:\nthird_party/boringssl/include/openssl/base.h:210\n                            ^\n/usr/local/opt/openssl@3/include/openssl/types.h:69:29: note: previous definition is here\nIn file included from third_party/boringssl/crypto/asn1/a_octet.c:60:\ntypedef struct ASN1_ITEM_st ASN1_ITEM;In file included from \nthird_party/boringssl/include/openssl/mem.h                            ^:\n60:\nthird_party/boringssl/include/openssl/base.h:133:9: error: In file included from 'OPENSSL_VERSION_NUMBER' macro redefined [-Werror,-Wmacro-redefined]third_party/boringssl/crypto/asn1/a_object.c\n:63:\nIn file included from third_party/boringssl/include/openssl/mem.h:60:\n:31#define OPENSSL_VERSION_NUMBER 0x100020afthird_party/boringssl/include/openssl/base.h\n:        ^\n207:31: error/usr/local/opt/openssl@3/include/openssl/opensslv.h: :redefinition of typedef 'ASN1_OBJECT' is a C11 feature [-Werror,-Wtypedef-redefinition]99\n:10: :note:  previous definition is hereerror\n: typedef struct asn1_object_st ASN1_OBJECT;\n# define OPENSSL_VERSION_NUMBER          \\\n                              ^\nredefinition of typedef 'ASN1_BMPSTRING' is a C11 feature [-Werror,-Wtypedef-redefinition]\n/usr/local/opt/openssl@3/include/openssl/types.h:66:typedef struct asn1_string_st ASN1_BMPSTRING;\n         ^\n31: note: previous definition is here\nIn file included from make:                               ^\n*** [/Users/runner/actions-runner/_work/python.build/python.build/build_grpcio19138/grpcio-1.9.1/objs/opt/third_party/boringssl/crypto/asn1/a_bitstr.o] Error 1/usr/local/opt/openssl@3/include/openssl/types.h:54typedef struct asn1_object_st ASN1_OBJECT;:\n\n31: notethird_party/boringssl/crypto/asn1/a_octet.c                              ^:\n60:\nIn file included from third_party/boringssl/include/openssl/mem.h: In file included from third_party/boringssl/crypto/asn1/a_object.c::63:\nIn file included from 60third_party/boringssl/include/openssl/mem.h:previous definition is here\n:\nthird_party/boringssl/include/openssl/base.h:168typedef struct asn1_string_st ASN1_BMPSTRING;\n60:\n:third_party/boringssl/include/openssl/base.h:9208:: 29error::  'OPENSSL_EXPORT' macro redefined [-Werror,-Wmacro-redefined]                              ^\nerror\n: redefinition of typedef 'ASN1_PCTX' is a C11 feature [-Werror,-Wtypedef-redefinition]\nIn file included from #define OPENSSL_EXPORTthird_party/boringssl/crypto/asn1/a_mbstr.c:typedef struct asn1_pctx_st ASN1_PCTX;62:\nIn file included from third_party/boringssl/include/openssl/mem.h:60:\nthird_party/boringssl/include/openssl/base.h:211\n:31        ^:\n\n error: /usr/local/opt/openssl@3/include/openssl/e_os2.h:183                            ^:\n11: note: /usr/local/opt/openssl@3/include/openssl/types.hprevious definition is here:\n70:29: redefinition of typedef 'ASN1_ENUMERATED' is a C11 feature [-Werror,-Wtypedef-redefinition]note: \nprevious definition is here\ntypedef struct asn1_pctx_st ASN1_PCTX;\ntypedef struct asn1_string_st ASN1_ENUMERATED;                            ^\n\n                              ^#  define OPENSSL_EXPORT extern\n/usr/local/opt/openssl@3/include/openssl/types.h:In file included from third_party/boringssl/crypto/asn1/a_object.c:\n63          ^\n46:31: note: previous definition is here\ntypedef struct asn1_string_st ASN1_ENUMERATED;\n                              ^\n:\nIn file included from third_party/boringssl/include/openssl/mem.hIn file included from :third_party/boringssl/crypto/asn1/a_mbstr.c60::\n62third_party/boringssl/include/openssl/base.h:\n:In file included from 209third_party/boringssl/include/openssl/mem.h::3160::\n third_party/boringssl/include/openssl/base.herror:: 212redefinition of typedef 'ASN1_BIT_STRING' is a C11 feature [-Werror,-Wtypedef-redefinition]:\n31typedef struct asn1_string_st ASN1_BIT_STRING;\n                              ^\n/usr/local/opt/openssl@3/include/openssl/types.h:47:31: note: previous definition is here\nIn file included from typedef struct asn1_string_st ASN1_BIT_STRING;third_party/boringssl/crypto/asn1/a_octet.c\n:                              ^60\n:\nIn file included from third_party/boringssl/include/openssl/mem.h:60:\nthird_party/boringssl/include/openssl/base.h:202In file included from :third_party/boringssl/crypto/asn1/a_object.c13::63 :\nerrorIn file included from third_party/boringssl/include/openssl/mem.h:60:In file included from  third_party/boringssl/crypto/asn1/a_gentm.c:63:\n:\nIn file included from third_party/boringssl/include/openssl/base.hthird_party/boringssl/include/openssl/mem.h:210error: typedef redefinition with different types ('int' vs 'struct crypto_threadid_st')\n::make: 31typedef int CRYPTO_THREADID;:60 *** [/Users/runner/actions-runner/_work/python.build/python.build/build_grpcio19138/grpcio-1.9.1/objs/opt/third_party/boringssl/crypto/asn1/a_enum.o] Error 1error: \n: redefinition of typedef 'ASN1_BMPSTRING' is a C11 feature [-Werror,-Wtypedef-redefinition]\nredefinition of typedef 'ASN1_GENERALIZEDTIME' is a C11 feature [-Werror,-Wtypedef-redefinition]\n:\n            ^\nthird_party/boringssl/include/openssl/base.h:133:9: error: 'OPENSSL_VERSION_NUMBER' macro redefined [-Werror,-Wmacro-redefined]\ntypedef struct asn1_string_st ASN1_BMPSTRING;\n                              ^\n/usr/local/opt/openssl@3/include/openssl/crypto.h:308:3: note/usr/local/opt/openssl@3/include/openssl/types.h: :54#define OPENSSL_VERSION_NUMBER 0x100020af:\n31previous definition is here:\n note        ^\n\n} CRYPTO_THREADID;: /usr/local/opt/openssl@3/include/openssl/opensslv.h:typedef struct asn1_string_st ASN1_GENERALIZEDTIME;99\n:                              ^\n\n/usr/local/opt/openssl@3/include/openssl/types.h:57:31:  ^\nprevious definition is here\n 10:typedef struct asn1_string_st ASN1_BMPSTRING; \nnote                              ^: \nprevious definition is here\n# define OPENSSL_VERSION_NUMBER          \\\n         ^\nIn file included from third_party/boringssl/crypto/asn1/a_octet.c:60:\nIn file included from noteIn file included from third_party/boringssl/crypto/asn1/a_gentm.c:63:\nthird_party/boringssl/include/openssl/mem.hIn file included from :third_party/boringssl/crypto/asn1/a_object.c60::\n63:\nIn file included from third_party/boringssl/include/openssl/base.hthird_party/boringssl/include/openssl/mem.h:60: :\nthird_party/boringssl/include/openssl/base.h:previous definition is here211\n:31: error: redefinition of typedef 'ASN1_ENUMERATED' is a C11 feature [-Werror,-Wtypedef-redefinition]\ntypedef struct asn1_string_st ASN1_ENUMERATED;:\n                              ^204\n:13:/usr/local/opt/openssl@3/include/openssl/types.h In file included from error: redefinition of typedef 'ASN1_BOOLEAN' is a C11 feature [-Werror,-Wtypedef-redefinition]typedef struct asn1_string_st ASN1_GENERALIZEDTIME;third_party/boringssl/include/openssl/mem.h:\n60::\n46third_party/boringssl/include/openssl/base.h::31168:: 9note:: \n previous definition is hereerror\n: 'OPENSSL_EXPORT' macro redefined [-Werror,-Wmacro-redefined]\n#define OPENSSL_EXPORT\n        ^\ntypedef struct asn1_string_st ASN1_ENUMERATED;\n/usr/local/opt/openssl@3/include/openssl/e_os2.htypedef int ASN1_BOOLEAN;                              ^\n                              ^\n\n            ^\nIn file included from third_party/boringssl/crypto/asn1/a_object.c:63:\nIn file included from third_party/boringssl/include/openssl/mem.h:/usr/local/opt/openssl@3/include/openssl/types.h60::\n61third_party/boringssl/include/openssl/base.h::13212:In file included from :third_party/boringssl/crypto/asn1/a_mbstr.c note183:::: 1131: previous definition is here\n62: note: errorprevious definition is here\n:\nIn file included from typedef int ASN1_BOOLEAN;#  define OPENSSL_EXPORT extern\n:             ^third_party/boringssl/include/openssl/mem.h\n:60redefinition of typedef 'ASN1_GENERALIZEDTIME' is a C11 feature [-Werror,-Wtypedef-redefinition]\n\n          ^:\nthird_party/boringssl/include/openssl/base.h:213:31: error: In file included from \nredefinition of typedef 'ASN1_GENERALSTRING' is a C11 feature [-Werror,-Wtypedef-redefinition]third_party/boringssl/crypto/asn1/a_octet.c:60:\nIn file included from typedef struct asn1_string_st ASN1_GENERALIZEDTIME;\nthird_party/boringssl/include/openssl/mem.h:\n60                              ^:\n\nthird_party/boringssl/include/openssl/base.h:/usr/local/opt/openssl@3/include/openssl/types.h:57:typedef struct asn1_string_st ASN1_GENERALSTRING;\n                              ^31: note205:\n13: error: /usr/local/opt/openssl@3/include/openssl/types.hredefinition of typedef 'ASN1_NULL' is a C11 feature [-Werror,-Wtypedef-redefinition]:\n52:31: typedef int ASN1_NULL;note\n:             ^previous definition is here\n: previous definition is here\n\ntypedef struct asn1_string_st ASN1_GENERALSTRING;/usr/local/opt/openssl@3/include/openssl/types.h\ntypedef struct asn1_string_st ASN1_GENERALIZEDTIME;:                              ^62\n:13: \nnote: previous definition is hereIn file included from \nthird_party/boringssl/crypto/asn1/a_mbstr.c:62:\nIn file included from typedef int ASN1_NULL;third_party/boringssl/include/openssl/mem.h\n:            ^60\n:\nthird_party/boringssl/include/openssl/base.h                              ^\nIn file included from In file included from third_party/boringssl/crypto/asn1/a_octet.cthird_party/boringssl/crypto/asn1/a_gentm.c:::21463:In file included from :\nIn file included from third_party/boringssl/include/openssl/mem.h:3160third_party/boringssl/crypto/asn1/a_object.c60:\n:\nIn file included from :third_party/boringssl/include/openssl/mem.hthird_party/boringssl/include/openssl/base.h:63:60 :\n:\nIn file included from :third_party/boringssl/include/openssl/mem.hthird_party/boringssl/include/openssl/base.h::error60206: :29redefinition of typedef 'ASN1_IA5STRING' is a C11 feature [-Werror,-Wtypedef-redefinition]:\n error: redefinition of typedef 'ASN1_ITEM' is a C11 feature [-Werror,-Wtypedef-redefinition]\n:\ntypedef struct asn1_string_st ASN1_IA5STRING;\n                              ^typedef struct ASN1_ITEM_st ASN1_ITEM;\nthird_party/boringssl/include/openssl/base.h\n:213:31: error/usr/local/opt/openssl@3/include/openssl/types.h: :51:31:                            ^\nredefinition of typedef 'ASN1_GENERALSTRING' is a C11 feature [-Werror,-Wtypedef-redefinition]\n/usr/local/opt/openssl@3/include/openssl/types.h:69:29typedef struct asn1_string_st ASN1_GENERALSTRING;: note 202note: :\n13                              ^:\n errorprevious definition is here: \n: previous definition is here\ntypedef struct asn1_string_st ASN1_IA5STRING;\n                              ^\nIn file included from third_party/boringssl/crypto/asn1/a_mbstr.c:62:\nIn file included from third_party/boringssl/include/openssl/mem.h:60:\nthird_party/boringssl/include/openssl/base.htypedef struct ASN1_ITEM_st ASN1_ITEM;:\n                            ^/usr/local/opt/openssl@3/include/openssl/types.h\n:52:31: 215:In file included from 31third_party/boringssl/crypto/asn1/a_octet.c:note:: typedef redefinition with different types ('int' vs 'struct crypto_threadid_st')60previous definition is here\n error\n: :\nredefinition of typedef 'ASN1_INTEGER' is a C11 feature [-Werror,-Wtypedef-redefinition]In file included from third_party/boringssl/include/openssl/mem.h:typedef struct asn1_string_st ASN1_GENERALSTRING;60\n:\n                              ^third_party/boringssl/include/openssl/base.h:\n207:typedef int CRYPTO_THREADID;31\n: \n            ^\nerror: redefinition of typedef 'ASN1_OBJECT' is a C11 feature [-Werror,-Wtypedef-redefinition]typedef struct asn1_string_st ASN1_INTEGER;\n\n                              ^\n/usr/local/opt/openssl@3/include/openssl/types.hIn file included from :typedef struct asn1_object_st ASN1_OBJECT;\n                              ^\nthird_party/boringssl/crypto/asn1/a_object.c/usr/local/opt/openssl@3/include/openssl/types.h:66:4531:: note31::: previous definition is here/usr/local/opt/openssl@3/include/openssl/crypto.h:308:3: note: previous definition is here63\n:\nIn file included from \nthird_party/boringssl/include/openssl/mem.h:} CRYPTO_THREADID;60\n:\n  ^third_party/boringssl/include/openssl/base.h\n:214:31: error: redefinition of typedef 'ASN1_IA5STRING' is a C11 feature [-Werror,-Wtypedef-redefinition]\ntypedef struct asn1_object_st ASN1_OBJECT;\n                              ^\nIn file included from third_party/boringssl/crypto/asn1/a_gentm.c:typedef struct asn1_string_st ASN1_IA5STRING;63\n                               ^make: note*** [/Users/runner/actions-runner/_work/python.build/python.build/build_grpcio19138/grpcio-1.9.1/objs/opt/src/boringssl/err_data.o] Error 1\n: In file included from third_party/boringssl/crypto/asn1/a_octet.c:60\n:\nIn file included from third_party/boringssl/include/openssl/mem.h:60:\n/usr/local/opt/openssl@3/include/openssl/types.h:In file included from 51third_party/boringssl/include/openssl/mem.h:60:\nthird_party/boringssl/include/openssl/base.hprevious definition is here:\n\n:third_party/boringssl/include/openssl/base.h:31208::29:: 204error:: 13redefinition of typedef 'ASN1_PCTX' is a C11 feature [-Werror,-Wtypedef-redefinition] note: previous definition is here:typedef struct asn1_string_st ASN1_INTEGER;\n\n                              ^\n\n error: redefinition of typedef 'ASN1_BOOLEAN' is a C11 feature [-Werror,-Wtypedef-redefinition]\ntypedef struct asn1_string_st ASN1_IA5STRING;\ntypedef int ASN1_BOOLEAN;typedef struct asn1_pctx_st ASN1_PCTX;\n            ^In file included from                               ^third_party/boringssl/crypto/asn1/a_mbstr.c\n:\n\n62:\nIn file included from                             ^/usr/local/opt/openssl@3/include/openssl/types.hthird_party/boringssl/crypto/asn1/a_object.c:\n:6163:13: In file included from note:\nthird_party/boringssl/include/openssl/mem.h/usr/local/opt/openssl@3/include/openssl/types.h:In file included from make: 70third_party/boringssl/include/openssl/mem.h:: 29::*** [/Users/runner/actions-runner/_work/python.build/python.build/build_grpcio19138/grpcio-1.9.1/objs/opt/third_party/boringssl/crypto/asn1/a_d2i_fp.o] Error 1previous definition is here\n\n :6060:\n:\nthird_party/boringssl/include/openssl/base.h:216typedef int ASN1_BOOLEAN;:\n31            ^note\n: error: third_party/boringssl/include/openssl/base.h:: In file included from redefinition of typedef 'ASN1_OCTET_STRING' is a C11 feature [-Werror,-Wtypedef-redefinition]previous definition is herethird_party/boringssl/crypto/asn1/a_gentm.c\n:63:\nIn file included from 215third_party/boringssl/include/openssl/mem.h::60:\n31third_party/boringssl/include/openssl/base.h:205:\n13: error: :redefinition of typedef 'ASN1_NULL' is a C11 feature [-Werror,-Wtypedef-redefinition] typedef struct asn1_pctx_st ASN1_PCTX;\n                            ^\nerror\ntypedef struct asn1_string_st ASN1_OCTET_STRING;: \nredefinition of typedef 'ASN1_INTEGER' is a C11 feature [-Werror,-Wtypedef-redefinition]                              ^\n\n/usr/local/opt/openssl@3/include/openssl/types.htypedef int ASN1_NULL;typedef struct asn1_string_st ASN1_INTEGER;\n\n                              ^\n            ^:\n/usr/local/opt/openssl@3/include/openssl/types.hIn file included from :4845::3131::  note/usr/local/opt/openssl@3/include/openssl/types.hthird_party/boringssl/crypto/asn1/a_octet.cnote::: 60:\nIn file included from third_party/boringssl/include/openssl/mem.h:: previous definition is hereprevious definition is here\n60\n62typedef struct asn1_string_st ASN1_INTEGER;:\n                              ^:\n13\n:third_party/boringssl/include/openssl/base.h: noteIn file included from : third_party/boringssl/crypto/asn1/a_object.c:previous definition is here\n63:\nIn file included from typedef struct asn1_string_st ASN1_OCTET_STRING;third_party/boringssl/include/openssl/mem.htypedef int ASN1_NULL;209:60:\n:third_party/boringssl/include/openssl/base.h31\n:             ^error:: \nredefinition of typedef 'ASN1_BIT_STRING' is a C11 feature [-Werror,-Wtypedef-redefinition]216                              ^\n:\n31: error\n: typedef struct asn1_string_st ASN1_BIT_STRING;redefinition of typedef 'ASN1_OCTET_STRING' is a C11 feature [-Werror,-Wtypedef-redefinition]\n                              ^\n\n/usr/local/opt/openssl@3/include/openssl/types.h:47In file included from third_party/boringssl/crypto/asn1/a_mbstr.cIn file included from typedef struct asn1_string_st ASN1_OCTET_STRING;third_party/boringssl/crypto/asn1/a_gentm.c:\n:                              ^\n63:\n31In file included from :/usr/local/opt/openssl@3/include/openssl/types.h:48:third_party/boringssl/include/openssl/mem.h31:: note62:  :\nnoteIn file included from : :third_party/boringssl/include/openssl/mem.hprevious definition is here\n60previous definition is here:\n\nthird_party/boringssl/include/openssl/base.h::206:2960::\n typedef struct asn1_string_st ASN1_OCTET_STRING;error\n:                               ^redefinition of typedef 'ASN1_ITEM' is a C11 feature [-Werror,-Wtypedef-redefinition]\n\ntypedef struct asn1_string_st ASN1_BIT_STRING;\n                              ^\nthird_party/boringssl/include/openssl/base.h:217:31: errorIn file included from : In file included from redefinition of typedef 'ASN1_PRINTABLESTRING' is a C11 feature [-Werror,-Wtypedef-redefinition]third_party/boringssl/crypto/asn1/a_object.c:typedef struct ASN1_ITEM_st ASN1_ITEM;third_party/boringssl/crypto/asn1/a_octet.c\n:\n60:\n63                            ^\ntypedef struct asn1_string_st ASN1_PRINTABLESTRING;\n/usr/local/opt/openssl@3/include/openssl/types.h                              ^::\n69:\nIn file included from /usr/local/opt/openssl@3/include/openssl/types.hthird_party/boringssl/include/openssl/mem.h:29:49In file included from :third_party/boringssl/include/openssl/mem.h31::60 :\nnote: 60previous definition is here:\n\n:third_party/boringssl/include/openssl/base.h :note210: :31third_party/boringssl/include/openssl/base.h:typedef struct asn1_string_st ASN1_PRINTABLESTRING;217:31::  error: error\n                              ^\nprevious definition is here\nIn file included from third_party/boringssl/crypto/asn1/a_mbstr.c:62typedef struct ASN1_ITEM_st ASN1_ITEM;In file included from \n: third_party/boringssl/crypto/asn1/a_int.credefinition of typedef 'ASN1_BMPSTRING' is a C11 feature [-Werror,-Wtypedef-redefinition]:\n62:\nIn file included from third_party/boringssl/include/openssl/mem.h:\n:60In file included from typedef struct asn1_string_st ASN1_BMPSTRING;third_party/boringssl/include/openssl/mem.h\n:60                            ^:\n\nthird_party/boringssl/include/openssl/base.h:redefinition of typedef 'ASN1_PRINTABLESTRING' is a C11 feature [-Werror,-Wtypedef-redefinition]218\n:31: error: redefinition of typedef 'ASN1_STRING' is a C11 feature [-Werror,-Wtypedef-redefinition]In file included from \nthird_party/boringssl/crypto/asn1/a_gentm.c:63:\nIn file included from third_party/boringssl/include/openssl/mem.h:60:\nthird_party/boringssl/include/openssl/base.htypedef struct asn1_string_st ASN1_PRINTABLESTRING;:\n207                              ^\ntypedef struct asn1_string_st ASN1_STRING;\n                              ^/usr/local/opt/openssl@3/include/openssl/types.h                              ^:\n49:31:\n:\n notethird_party/boringssl/include/openssl/base.h: /usr/local/opt/openssl@3/include/openssl/types.h::3154:: 31errorprevious definition is here\n/usr/local/opt/openssl@3/include/openssl/types.h::: note: 133previous definition is here:\n609:: typedef struct asn1_string_st ASN1_PRINTABLESTRING;error31: 'OPENSSL_VERSION_NUMBER' macro redefined [-Werror,-Wmacro-redefined]typedef struct asn1_string_st ASN1_BMPSTRING;\n\n:                              ^\n note: \nredefinition of typedef 'ASN1_OBJECT' is a C11 feature [-Werror,-Wtypedef-redefinition]\n                              ^\n: In file included from third_party/boringssl/crypto/asn1/a_octet.c:typedef struct asn1_object_st ASN1_OBJECT;\n                              ^\n/usr/local/opt/openssl@3/include/openssl/types.h:66:60:\nIn file included from In file included from third_party/boringssl/include/openssl/mem.hthird_party/boringssl/crypto/asn1/a_object.cprevious definition is here#define OPENSSL_VERSION_NUMBER 0x100020af\n\n31        ^\n:63::\n In file included from /usr/local/opt/openssl@3/include/openssl/opensslv.hnote:third_party/boringssl/include/openssl/mem.h: :typedef struct asn1_string_st ASN1_STRING;60:9960:\n:third_party/boringssl/include/openssl/base.h10:::\n\n211third_party/boringssl/include/openssl/base.h:31: error: previous definition is here:redefinition of typedef 'ASN1_ENUMERATED' is a C11 feature [-Werror,-Wtypedef-redefinition]\n                              ^\n218:\ntypedef struct asn1_string_st ASN1_ENUMERATED;\n31                              ^:\n  noteIn file included from : third_party/boringssl/crypto/asn1/a_mbstr.cprevious definition is here\ntypedef struct asn1_object_st ASN1_OBJECT;error\n                              ^: \nredefinition of typedef 'ASN1_STRING' is a C11 feature [-Werror,-Wtypedef-redefinition]\ntypedef struct asn1_string_st ASN1_STRING;\n# define OPENSSL_VERSION_NUMBER          \\                              ^\n         ^\n:62:\nIn file included from third_party/boringssl/include/openssl/mem.h:60:\nthird_party/boringssl/include/openssl/base.h:219:31: error: redefinition of typedef 'ASN1_T61STRING' is a C11 feature [-Werror,-Wtypedef-redefinition]\n\n/usr/local/opt/openssl@3/include/openssl/types.h:typedef struct asn1_string_st ASN1_T61STRING;60\n:                              ^31\n: note: /usr/local/opt/openssl@3/include/openssl/types.hprevious definition is here:\n50:31: note: previous definition is here\ntypedef struct asn1_string_st ASN1_STRING;\n                              ^\ntypedef struct asn1_string_st ASN1_T61STRING;\n                              ^\nfatal error: In file included from third_party/boringssl/crypto/asn1/a_object.c:too many errors emitted, stopping now [-ferror-limit=]63\n:\nIn file included from third_party/boringssl/include/openssl/mem.h:60:\nthird_party/boringssl/include/openssl/base.h:219:31: error: redefinition of typedef 'ASN1_T61STRING' is a C11 feature [-Werror,-Wtypedef-redefinition]\ntypedef struct asn1_string_st ASN1_T61STRING;\n                              ^\n/usr/local/opt/openssl@3/include/openssl/types.h:50:31: note: previous definition is here\ntypedef struct asn1_string_st ASN1_T61STRING;\n                              ^\nfatal error: too many errors emitted, stopping now [-ferror-limit=]\nIn file included from third_party/boringssl/crypto/asn1/a_i2d_fp.c:60:\nIn file included from third_party/boringssl/include/openssl/mem.h:60:\nthird_party/boringssl/include/openssl/base.h:133:9: error: 'OPENSSL_VERSION_NUMBER' macro redefined [-Werror,-Wmacro-redefined]\n#define OPENSSL_VERSION_NUMBER 0x100020af\n        ^\n/usr/local/opt/openssl@3/include/openssl/opensslv.h:99:10: note: previous definition is here\n# define OPENSSL_VERSION_NUMBER          \\\n         ^\nIn file included from third_party/boringssl/crypto/asn1/a_i2d_fp.c:60:\nIn file included from third_party/boringssl/include/openssl/mem.h:60:\nthird_party/boringssl/include/openssl/base.h:168:9: error: 'OPENSSL_EXPORT' macro redefined [-Werror,-Wmacro-redefined]\n#define OPENSSL_EXPORT\n        ^\n/usr/local/opt/openssl@3/include/openssl/e_os2.h:183:11: note: previous definition is here\n#  define OPENSSL_EXPORT extern\n          ^\nIn file included from third_party/boringssl/crypto/asn1/a_i2d_fp.c:60:\nIn file included from third_party/boringssl/include/openssl/mem.h:60:\nthird_party/boringssl/include/openssl/base.h:202:13: error: typedef redefinition with different types ('int' vs 'struct crypto_threadid_st')\ntypedef int CRYPTO_THREADID;\n            ^\n/usr/local/opt/openssl@3/include/openssl/crypto.h:308:3: note: previous definition is here\n} CRYPTO_THREADID;\n  ^\nIn file included from third_party/boringssl/crypto/asn1/a_i2d_fp.c:60:\nIn file included from third_party/boringssl/include/openssl/mem.h:60:\nthird_party/boringssl/include/openssl/base.h:204:13: error: redefinition of typedef 'ASN1_BOOLEAN' is a C11 feature [-Werror,-Wtypedef-redefinition]\ntypedef int ASN1_BOOLEAN;\n            ^\n/usr/local/opt/openssl@3/include/openssl/types.h:61:13: note: previous definition is here\ntypedef int ASN1_BOOLEAN;\n            ^\nIn file included from third_party/boringssl/crypto/asn1/a_i2d_fp.c:60:\nIn file included from third_party/boringssl/include/openssl/mem.h:60:\nthird_party/boringssl/include/openssl/base.h:205:13: error: redefinition of typedef 'ASN1_NULL' is a C11 feature [-Werror,-Wtypedef-redefinition]\ntypedef int ASN1_NULL;\n            ^\n/usr/local/opt/openssl@3/include/openssl/types.h:62:13: note: previous definition is here\ntypedef int ASN1_NULL;\n            ^\nIn file included from third_party/boringssl/crypto/asn1/a_i2d_fp.c:60:\nIn file included from third_party/boringssl/include/openssl/mem.h:60:\nthird_party/boringssl/include/openssl/base.h:206:29: error: redefinition of typedef 'ASN1_ITEM' is a C11 feature [-Werror,-Wtypedef-redefinition]\ntypedef struct ASN1_ITEM_st ASN1_ITEM;\n                            ^\n/usr/local/opt/openssl@3/include/openssl/types.h:69:29: note: previous definition is here\ntypedef struct ASN1_ITEM_st ASN1_ITEM;\n                            ^\nIn file included from third_party/boringssl/crypto/asn1/a_i2d_fp.c:60:\nIn file included from third_party/boringssl/include/openssl/mem.h:60:\nthird_party/boringssl/include/openssl/base.h:207:31: error: redefinition of typedef 'ASN1_OBJECT' is a C11 feature [-Werror,-Wtypedef-redefinition]\ntypedef struct asn1_object_st ASN1_OBJECT;\n                              ^\n/usr/local/opt/openssl@3/include/openssl/types.h:66:31: note: previous definition is here\ntypedef struct asn1_object_st ASN1_OBJECT;\n                              ^\nIn file included from third_party/boringssl/crypto/asn1/a_i2d_fp.c:60:\nIn file included from third_party/boringssl/include/openssl/mem.h:60:\nthird_party/boringssl/include/openssl/base.h:208:29: error: redefinition of typedef 'ASN1_PCTX' is a C11 feature [-Werror,-Wtypedef-redefinition]\ntypedef struct asn1_pctx_st ASN1_PCTX;\n                            ^\n/usr/local/opt/openssl@3/include/openssl/types.h:70:29: note: previous definition is here\ntypedef struct asn1_pctx_st ASN1_PCTX;\n                            ^\nIn file included from third_party/boringssl/crypto/asn1/a_i2d_fp.c:60:\nIn file included from third_party/boringssl/include/openssl/mem.h:60:\nthird_party/boringssl/include/openssl/base.h:209:31: error: redefinition of typedef 'ASN1_BIT_STRING' is a C11 feature [-Werror,-Wtypedef-redefinition]\ntypedef struct asn1_string_st ASN1_BIT_STRING;\n                              ^\n/usr/local/opt/openssl@3/include/openssl/types.h:47:31: note: previous definition is here\ntypedef struct asn1_string_st ASN1_BIT_STRING;\n                              ^\nIn file included from third_party/boringssl/crypto/asn1/a_i2d_fp.c:60:\nIn file included from third_party/boringssl/include/openssl/mem.h:60:\nthird_party/boringssl/include/openssl/base.h:210:31: error: redefinition of typedef 'ASN1_BMPSTRING' is a C11 feature [-Werror,-Wtypedef-redefinition]\ntypedef struct asn1_string_st ASN1_BMPSTRING;\n                              ^\n/usr/local/opt/openssl@3/include/openssl/types.h:54:31: note: previous definition is here\ntypedef struct asn1_string_st ASN1_BMPSTRING;\n                              ^\nIn file included from third_party/boringssl/crypto/asn1/a_i2d_fp.c:60:\nIn file included from third_party/boringssl/include/openssl/mem.h:60:\nthird_party/boringssl/include/openssl/base.h:211:31: error: redefinition of typedef 'ASN1_ENUMERATED' is a C11 feature [-Werror,-Wtypedef-redefinition]\ntypedef struct asn1_string_st ASN1_ENUMERATED;\n                              ^\n/usr/local/opt/openssl@3/include/openssl/types.h:46:31: note: previous definition is here\ntypedef struct asn1_string_st ASN1_ENUMERATED;\n                              ^\nIn file included from third_party/boringssl/crypto/asn1/a_i2d_fp.c:60:\nIn file included from third_party/boringssl/include/openssl/mem.h:60:\nthird_party/boringssl/include/openssl/base.h:212:31: error: redefinition of typedef 'ASN1_GENERALIZEDTIME' is a C11 feature [-Werror,-Wtypedef-redefinition]\ntypedef struct asn1_string_st ASN1_GENERALIZEDTIME;\n                              ^\n/usr/local/opt/openssl@3/include/openssl/types.h:57:31: note: previous definition is here\ntypedef struct asn1_string_st ASN1_GENERALIZEDTIME;\n                              ^\nIn file included from third_party/boringssl/crypto/asn1/a_i2d_fp.c:60:\nIn file included from third_party/boringssl/include/openssl/mem.h:60:\nthird_party/boringssl/include/openssl/base.h:213:31: error: redefinition of typedef 'ASN1_GENERALSTRING' is a C11 feature [-Werror,-Wtypedef-redefinition]\ntypedef struct asn1_string_st ASN1_GENERALSTRING;\n                              ^\n/usr/local/opt/openssl@3/include/openssl/types.h:52:31: note: previous definition is here\ntypedef struct asn1_string_st ASN1_GENERALSTRING;\n                              ^\nIn file included from third_party/boringssl/crypto/asn1/a_i2d_fp.c:60:\nIn file included from third_party/boringssl/include/openssl/mem.h:60:\nthird_party/boringssl/include/openssl/base.h:214:31: error: redefinition of typedef 'ASN1_IA5STRING' is a C11 feature [-Werror,-Wtypedef-redefinition]\ntypedef struct asn1_string_st ASN1_IA5STRING;\n                              ^\n/usr/local/opt/openssl@3/include/openssl/types.h:51:31: note: previous definition is here\ntypedef struct asn1_string_st ASN1_IA5STRING;\n                              ^\nIn file included from third_party/boringssl/crypto/asn1/a_i2d_fp.c:60:\nIn file included from third_party/boringssl/include/openssl/mem.h:60:\nthird_party/boringssl/include/openssl/base.h:215:31: error: redefinition of typedef 'ASN1_INTEGER' is a C11 feature [-Werror,-Wtypedef-redefinition]\ntypedef struct asn1_string_st ASN1_INTEGER;\n                              ^\n/usr/local/opt/openssl@3/include/openssl/types.h:45:31: note: previous definition is here\ntypedef struct asn1_string_st ASN1_INTEGER;\n                              ^\nIn file included from third_party/boringssl/crypto/asn1/a_i2d_fp.c:60:\nIn file included from third_party/boringssl/include/openssl/mem.h:60:\nthird_party/boringssl/include/openssl/base.h:216:31: error: redefinition of typedef 'ASN1_OCTET_STRING' is a C11 feature [-Werror,-Wtypedef-redefinition]\ntypedef struct asn1_string_st ASN1_OCTET_STRING;\n                              ^\n/usr/local/opt/openssl@3/include/openssl/types.h:48:31: note: previous definition is here\ntypedef struct asn1_string_st ASN1_OCTET_STRING;\n                              ^\nIn file included from third_party/boringssl/crypto/asn1/a_i2d_fp.c:60:\nIn file included from third_party/boringssl/include/openssl/mem.h:60:\nthird_party/boringssl/include/openssl/base.h:217:31: error: redefinition of typedef 'ASN1_PRINTABLESTRING' is a C11 feature [-Werror,-Wtypedef-redefinition]\ntypedef struct asn1_string_st ASN1_PRINTABLESTRING;\n                              ^\n/usr/local/opt/openssl@3/include/openssl/types.h:49:31: note: previous definition is here\ntypedef struct asn1_string_st ASN1_PRINTABLESTRING;\n                              ^\nIn file included from third_party/boringssl/crypto/asn1/a_i2d_fp.c:60:\nIn file included from third_party/boringssl/include/openssl/mem.h:60:\nthird_party/boringssl/include/openssl/base.h:218:31: error: redefinition of typedef 'ASN1_STRING' is a C11 feature [-Werror,-Wtypedef-redefinition]\ntypedef struct asn1_string_st ASN1_STRING;\n                              ^\n/usr/local/opt/openssl@3/include/openssl/types.h:60:31: note: previous definition is here\ntypedef struct asn1_string_st ASN1_STRING;\n                              ^\nIn file included from third_party/boringssl/crypto/asn1/a_i2d_fp.c:60:\nIn file included from third_party/boringssl/include/openssl/mem.h:60:\nthird_party/boringssl/include/openssl/base.h:219:31: error: redefinition of typedef 'ASN1_T61STRING' is a C11 feature [-Werror,-Wtypedef-redefinition]\ntypedef struct asn1_string_st ASN1_T61STRING;\n                              ^\n/usr/local/opt/openssl@3/include/openssl/types.h:50:31: note: previous definition is here\ntypedef struct asn1_string_st ASN1_T61STRING;\n                              ^\nfatal error: too many errors emitted, stopping now [-ferror-limit=]\n/usr/local/opt/openssl@3/include/openssl/types.h:46:31: note: previous definition is here\nIn file included from third_party/boringssl/crypto/asn1/a_int.ctypedef struct asn1_string_st ASN1_ENUMERATED;:\n62                              ^\nIn file included from :\nthird_party/boringssl/crypto/asn1/a_gentm.cIn file included from :63third_party/boringssl/include/openssl/mem.h:\n:In file included from 60third_party/boringssl/include/openssl/mem.h:\n:third_party/boringssl/include/openssl/base.h60::\n168third_party/boringssl/include/openssl/base.h::208In file included from :third_party/boringssl/crypto/asn1/a_octet.c29::609:  error: error:\n'OPENSSL_EXPORT' macro redefined [-Werror,-Wmacro-redefined]: \nredefinition of typedef 'ASN1_PCTX' is a C11 feature [-Werror,-Wtypedef-redefinition]In file included from \nthird_party/boringssl/include/openssl/mem.h:60:\n#define OPENSSL_EXPORT\nthird_party/boringssl/include/openssl/base.h        ^:\n212:31typedef struct asn1_pctx_st ASN1_PCTX;:\n /usr/local/opt/openssl@3/include/openssl/e_os2.h:183error:: 11redefinition of typedef 'ASN1_GENERALIZEDTIME' is a C11 feature [-Werror,-Wtypedef-redefinition]                            ^:\n \nnote: previous definition is here\n/usr/local/opt/openssl@3/include/openssl/types.h:70:29: note: previous definition is here\n#  define OPENSSL_EXPORT extern\n          ^\ntypedef struct asn1_string_st ASN1_GENERALIZEDTIME;\n                              ^\ntypedef struct asn1_pctx_st ASN1_PCTX;\n/usr/local/opt/openssl@3/include/openssl/types.h                            ^\n:57:31: note: previous definition is hereIn file included from \nthird_party/boringssl/crypto/asn1/a_gentm.c:63:\nIn file included from third_party/boringssl/include/openssl/mem.h:60:\nthird_party/boringssl/include/openssl/base.h:typedef struct asn1_string_st ASN1_GENERALIZEDTIME;209\n:                              ^\n31: error: redefinition of typedef 'ASN1_BIT_STRING' is a C11 feature [-Werror,-Wtypedef-redefinition]In file included from third_party/boringssl/crypto/asn1/a_octet.c:\n60:\nIn file included from third_party/boringssl/include/openssl/mem.h:60:\nthird_party/boringssl/include/openssl/base.h:213typedef struct asn1_string_st ASN1_BIT_STRING;\n                              ^\n:31: In file included from third_party/boringssl/crypto/asn1/a_int.c:error/usr/local/opt/openssl@3/include/openssl/types.h:47:62: :\nredefinition of typedef 'ASN1_GENERALSTRING' is a C11 feature [-Werror,-Wtypedef-redefinition]31: note: In file included from third_party/boringssl/include/openssl/mem.h:60previous definition is here:\n\nthird_party/boringssl/include/openssl/base.h:\n202:13: error: typedef redefinition with different types ('int' vs 'struct crypto_threadid_st')\ntypedef struct asn1_string_st ASN1_GENERALSTRING;\n                              ^\ntypedef int CRYPTO_THREADID;/usr/local/opt/openssl@3/include/openssl/types.h\n:52:31: note            ^: \nprevious definition is here\ntypedef struct asn1_string_st ASN1_GENERALSTRING;\ntypedef struct asn1_string_st ASN1_BIT_STRING;\n                              ^\n                              ^\n/usr/local/opt/openssl@3/include/openssl/crypto.h:308:3: note: previous definition is here\nIn file included from third_party/boringssl/crypto/asn1/a_octet.c:60} CRYPTO_THREADID;:\nIn file included from \nthird_party/boringssl/crypto/asn1/a_gentm.c  ^:In file included from \nthird_party/boringssl/include/openssl/mem.h:60:\nthird_party/boringssl/include/openssl/base.h:214:3163::\n In file included from third_party/boringssl/include/openssl/mem.herror:: 60redefinition of typedef 'ASN1_IA5STRING' is a C11 feature [-Werror,-Wtypedef-redefinition]:\n\nthird_party/boringssl/include/openssl/base.h:210In file included from :third_party/boringssl/crypto/asn1/a_int.c31::typedef struct asn1_string_st ASN1_IA5STRING;62\n:\n                              ^\n /usr/local/opt/openssl@3/include/openssl/types.herror: redefinition of typedef 'ASN1_BMPSTRING' is a C11 feature [-Werror,-Wtypedef-redefinition]In file included from \nthird_party/boringssl/include/openssl/mem.h::typedef struct asn1_string_st ASN1_BMPSTRING;60:\nthird_party/boringssl/include/openssl/base.h:51204\n::1331:: note:  error: redefinition of typedef 'ASN1_BOOLEAN' is a C11 feature [-Werror,-Wtypedef-redefinition]\nprevious definition is here                              ^\n\ntypedef int ASN1_BOOLEAN;\n/usr/local/opt/openssl@3/include/openssl/types.h:54:31:             ^note\n: previous definition is here\n/usr/local/opt/openssl@3/include/openssl/types.h:typedef struct asn1_string_st ASN1_BMPSTRING;61\n:typedef struct asn1_string_st ASN1_IA5STRING;                              ^\n\n                              ^\n13: noteIn file included from third_party/boringssl/crypto/asn1/a_gentm.c:63:\n: In file included from third_party/boringssl/include/openssl/mem.hprevious definition is here:\n60:\nthird_party/boringssl/include/openssl/base.h:211:31: error: redefinition of typedef 'ASN1_ENUMERATED' is a C11 feature [-Werror,-Wtypedef-redefinition]\ntypedef struct asn1_string_st ASN1_ENUMERATED;\n                              ^\ntypedef int ASN1_BOOLEAN;In file included from third_party/boringssl/crypto/asn1/a_octet.c:60\n/usr/local/opt/openssl@3/include/openssl/types.h            ^\n:\n:In file included from 46:31: notethird_party/boringssl/include/openssl/mem.h: previous definition is here\n:In file included from third_party/boringssl/crypto/asn1/a_int.c60:\nthird_party/boringssl/include/openssl/base.htypedef struct asn1_string_st ASN1_ENUMERATED;:62:\nIn file included from :third_party/boringssl/include/openssl/mem.h\n:21560                              ^:\n\nthird_party/boringssl/include/openssl/base.h:205:13:31In file included from :third_party/boringssl/crypto/asn1/a_gentm.c error:: 63redefinition of typedef 'ASN1_INTEGER' is a C11 feature [-Werror,-Wtypedef-redefinition]:\n\nIn file included from third_party/boringssl/include/openssl/mem.h:60:\nthird_party/boringssl/include/openssl/base.h:212:typedef struct asn1_string_st ASN1_INTEGER;31\n:                              ^\n/usr/local/opt/openssl@3/include/openssl/types.h: error: : 45:error: redefinition of typedef 'ASN1_NULL' is a C11 feature [-Werror,-Wtypedef-redefinition]31\n:redefinition of typedef 'ASN1_GENERALIZEDTIME' is a C11 feature [-Werror,-Wtypedef-redefinition] \nnote: typedef int ASN1_NULL;\nprevious definition is here            ^\n\n/usr/local/opt/openssl@3/include/openssl/types.h:62:typedef struct asn1_string_st ASN1_GENERALIZEDTIME;typedef struct asn1_string_st ASN1_INTEGER;\n\n                              ^                              ^\n\n13: note: /usr/local/opt/openssl@3/include/openssl/types.hprevious definition is here:\n57:31typedef int ASN1_NULL;:\n             ^\nIn file included from notethird_party/boringssl/crypto/asn1/a_octet.c: :60previous definition is here\n:\nIn file included from third_party/boringssl/include/openssl/mem.h:60:\nIn file included from third_party/boringssl/include/openssl/base.hthird_party/boringssl/crypto/asn1/a_int.c::21662:31: errortypedef struct asn1_string_st ASN1_GENERALIZEDTIME;: \nredefinition of typedef 'ASN1_OCTET_STRING' is a C11 feature [-Werror,-Wtypedef-redefinition]                              ^\n\n:\nIn file included from typedef struct asn1_string_st ASN1_OCTET_STRING;third_party/boringssl/include/openssl/mem.h\n:                              ^60\n:\nthird_party/boringssl/include/openssl/base.h/usr/local/opt/openssl@3/include/openssl/types.h::In file included from 206third_party/boringssl/crypto/asn1/a_gentm.c::2963::\n In file included from error48: redefinition of typedef 'ASN1_ITEM' is a C11 feature [-Werror,-Wtypedef-redefinition]:third_party/boringssl/include/openssl/mem.h\n:60:\nthird_party/boringssl/include/openssl/base.h:31:typedef struct ASN1_ITEM_st ASN1_ITEM;\n213                            ^\n note/usr/local/opt/openssl@3/include/openssl/types.h: :69previous definition is here:\n29: note:typedef struct asn1_string_st ASN1_OCTET_STRING;: 31previous definition is here:\n error: redefinition of typedef 'ASN1_GENERALSTRING' is a C11 feature [-Werror,-Wtypedef-redefinition]typedef struct ASN1_ITEM_st ASN1_ITEM;\n                            ^\n\n\n                              ^\nIn file included from typedef struct asn1_string_st ASN1_GENERALSTRING;third_party/boringssl/crypto/asn1/a_int.c\nIn file included from :third_party/boringssl/crypto/asn1/a_octet.c62:\n:In file included from 60                              ^:\n\nIn file included from third_party/boringssl/include/openssl/mem.h:60:\nthird_party/boringssl/include/openssl/mem.hthird_party/boringssl/include/openssl/base.h:/usr/local/opt/openssl@3/include/openssl/types.h60:\n:third_party/boringssl/include/openssl/base.h:21752:::31: 207:31: errorerror31::  note: redefinition of typedef 'ASN1_PRINTABLESTRING' is a C11 feature [-Werror,-Wtypedef-redefinition]previous definition is here\n\n: redefinition of typedef 'ASN1_OBJECT' is a C11 feature [-Werror,-Wtypedef-redefinition]\ntypedef struct asn1_string_st ASN1_PRINTABLESTRING;\n                              ^typedef struct asn1_string_st ASN1_GENERALSTRING;\n\n                              ^\n/usr/local/opt/openssl@3/include/openssl/types.h:typedef struct asn1_object_st ASN1_OBJECT;\n49                              ^In file included from \nthird_party/boringssl/crypto/asn1/a_gentm.c:63:\nIn file included from /usr/local/opt/openssl@3/include/openssl/types.hthird_party/boringssl/include/openssl/mem.h:60:\nthird_party/boringssl/include/openssl/base.h:::6631: 214note:: previous definition is here\n:31: error: redefinition of typedef 'ASN1_IA5STRING' is a C11 feature [-Werror,-Wtypedef-redefinition]\n31:20 notetypedef struct asn1_string_st ASN1_IA5STRING;\n                              ^\n/usr/local/opt/openssl@3/include/openssl/types.htypedef struct asn1_string_st ASN1_PRINTABLESTRING;: error51: \n:previous definition is here\n31s                              ^ generated\n.\n: note: typedef struct asn1_object_st ASN1_OBJECT;\nprevious definition is here                              ^\n\nIn file included from typedef struct asn1_string_st ASN1_IA5STRING;third_party/boringssl/crypto/asn1/a_octet.c\n:                              ^60\n:\nIn file included from In file included from third_party/boringssl/crypto/asn1/a_int.cthird_party/boringssl/include/openssl/mem.h::6260:\n:\nIn file included from third_party/boringssl/include/openssl/base.hthird_party/boringssl/include/openssl/mem.h::21860::\n31third_party/boringssl/include/openssl/base.h:208:29: :errorIn file included from  errorthird_party/boringssl/crypto/asn1/a_gentm.c: :: 63redefinition of typedef 'ASN1_STRING' is a C11 feature [-Werror,-Wtypedef-redefinition]:\nredefinition of typedef 'ASN1_PCTX' is a C11 feature [-Werror,-Wtypedef-redefinition]\nIn file included from \nthird_party/boringssl/include/openssl/mem.h:60:\nthird_party/boringssl/include/openssl/base.h:typedef struct asn1_pctx_st ASN1_PCTX;\n                            ^typedef struct asn1_string_st ASN1_STRING;\n215/usr/local/opt/openssl@3/include/openssl/types.h::3170:: 29\n:                              ^error : noteredefinition of typedef 'ASN1_INTEGER' is a C11 feature [-Werror,-Wtypedef-redefinition]\n\n: /usr/local/opt/openssl@3/include/openssl/types.h:previous definition is here60\ntypedef struct asn1_string_st ASN1_INTEGER;\n                              ^\n:31:/usr/local/opt/openssl@3/include/openssl/types.h typedef struct asn1_pctx_st ASN1_PCTX;note: :45:31: previous definition is here\n\nnote: previous definition is here                            ^\n\ntypedef struct asn1_string_st ASN1_STRING;\n                              ^typedef struct asn1_string_st ASN1_INTEGER;\n\n                              ^\nIn file included from third_party/boringssl/crypto/asn1/a_int.c:62:\nIn file included from third_party/boringssl/include/openssl/mem.h:60:\nIn file included from third_party/boringssl/include/openssl/base.hthird_party/boringssl/crypto/asn1/a_gentm.c::20963::\n31In file included from :third_party/boringssl/include/openssl/mem.h: 60errorIn file included from : redefinition of typedef 'ASN1_BIT_STRING' is a C11 feature [-Werror,-Wtypedef-redefinition]\n:\nthird_party/boringssl/crypto/asn1/a_octet.c:third_party/boringssl/include/openssl/base.h:216:31: 60error:\nIn file included from third_party/boringssl/include/openssl/mem.h:60:\nthird_party/boringssl/include/openssl/base.htypedef struct asn1_string_st ASN1_BIT_STRING;\n                              ^:219: :31redefinition of typedef 'ASN1_OCTET_STRING' is a C11 feature [-Werror,-Wtypedef-redefinition]:\n\n typedef struct asn1_string_st ASN1_OCTET_STRING;error\n: /usr/local/opt/openssl@3/include/openssl/types.hredefinition of typedef 'ASN1_T61STRING' is a C11 feature [-Werror,-Wtypedef-redefinition]:\n                              ^\n47:31/usr/local/opt/openssl@3/include/openssl/types.h:: 48note:: 31previous definition is heretypedef struct asn1_string_st ASN1_T61STRING;\n\n: note: previous definition is here\n                              ^\ntypedef struct asn1_string_st ASN1_OCTET_STRING;typedef struct asn1_string_st ASN1_BIT_STRING;\n                              ^\n\n                              ^/usr/local/opt/openssl@3/include/openssl/types.h\n:50:31: note: In file included from previous definition is herethird_party/boringssl/crypto/asn1/a_int.c\n:62:\nIn file included from typedef struct asn1_string_st ASN1_T61STRING;third_party/boringssl/include/openssl/mem.h\n:                              ^60\n:\nthird_party/boringssl/include/openssl/base.h:210In file included from third_party/boringssl/crypto/asn1/a_gentm.c:63:\nIn file included from :third_party/boringssl/include/openssl/mem.h:fatal error: 31: 60error: :\ntoo many errors emitted, stopping now [-ferror-limit=]redefinition of typedef 'ASN1_BMPSTRING' is a C11 feature [-Werror,-Wtypedef-redefinition]third_party/boringssl/include/openssl/base.h\n:217:31\n: error: redefinition of typedef 'ASN1_PRINTABLESTRING' is a C11 feature [-Werror,-Wtypedef-redefinition]\ntypedef struct asn1_string_st ASN1_PRINTABLESTRING;\n                              ^\n/usr/local/opt/openssl@3/include/openssl/types.h:49:31: note: previous definition is here\ntypedef struct asn1_string_st ASN1_PRINTABLESTRING;\n                              ^\ntypedef struct asn1_string_st ASN1_BMPSTRING;\n                              ^In file included from \nthird_party/boringssl/crypto/asn1/a_gentm.c:63:\nIn file included from third_party/boringssl/include/openssl/mem.h/usr/local/opt/openssl@3/include/openssl/types.h::54:3160::\n note: previous definition is herethird_party/boringssl/include/openssl/base.h:218:\n31: error: redefinition of typedef 'ASN1_STRING' is a C11 feature [-Werror,-Wtypedef-redefinition]\ntypedef struct asn1_string_st ASN1_BMPSTRING;\n                              ^\ntypedef struct asn1_string_st ASN1_STRING;\n                              ^\n/usr/local/opt/openssl@3/include/openssl/types.h:60:31: note: previous definition is here\nIn file included from third_party/boringssl/crypto/asn1/a_int.c:typedef struct asn1_string_st ASN1_STRING;\n                              ^\n62:\nIn file included from third_party/boringssl/include/openssl/mem.hIn file included from :third_party/boringssl/crypto/asn1/a_gentm.c60::\n63third_party/boringssl/include/openssl/base.h:211:31: error: redefinition of typedef 'ASN1_ENUMERATED' is a C11 feature [-Werror,-Wtypedef-redefinition]\n:\nIn file included from third_party/boringssl/include/openssl/mem.htypedef struct asn1_string_st ASN1_ENUMERATED;:\n60:\nthird_party/boringssl/include/openssl/base.h:219:31                              ^: error\n: redefinition of typedef 'ASN1_T61STRING' is a C11 feature [-Werror,-Wtypedef-redefinition]\n/usr/local/opt/openssl@3/include/openssl/types.h:20 errors generatedtypedef struct asn1_string_st ASN1_T61STRING;.\n\n                              ^\n46:/usr/local/opt/openssl@3/include/openssl/types.h31::50 :note: previous definition is here\n31: note: typedef struct asn1_string_st ASN1_ENUMERATED;\n                              ^\nprevious definition is here\ntypedef struct asn1_string_st ASN1_T61STRING;In file included from third_party/boringssl/crypto/asn1/a_int.c:62\n:\n                              ^In file included from \nthird_party/boringssl/include/openssl/mem.h:60:\nthird_party/boringssl/include/openssl/base.h:212:31: error: redefinition of typedef 'ASN1_GENERALIZEDTIME' is a C11 feature [-Werror,-Wtypedef-redefinition]\ntypedef struct asn1_string_st ASN1_GENERALIZEDTIME;\n                              ^\nfatal error/usr/local/opt/openssl@3/include/openssl/types.h: :too many errors emitted, stopping now [-ferror-limit=]57\n:31: note: previous definition is here\ntypedef struct asn1_string_st ASN1_GENERALIZEDTIME;\n                              ^\nIn file included from third_party/boringssl/crypto/asn1/a_int.c:62:\nIn file included from third_party/boringssl/include/openssl/mem.h:60:\nthird_party/boringssl/include/openssl/base.h:213:31: error: redefinition of typedef 'ASN1_GENERALSTRING' is a C11 feature [-Werror,-Wtypedef-redefinition]\ntypedef struct asn1_string_st ASN1_GENERALSTRING;\n                              ^\n/usr/local/opt/openssl@3/include/openssl/types.h:52:31: note: previous definition is here\ntypedef struct asn1_string_st ASN1_GENERALSTRING;\n                              ^\nIn file included from third_party/boringssl/crypto/asn1/a_int.c:62:\nIn file included from third_party/boringssl/include/openssl/mem.h:60:\nthird_party/boringssl/include/openssl/base.h:214:31: error: redefinition of typedef 'ASN1_IA5STRING' is a C11 feature [-Werror,-Wtypedef-redefinition]\ntypedef struct asn1_string_st ASN1_IA5STRING;\n                              ^\n/usr/local/opt/openssl@3/include/openssl/types.h:51:31: note: previous definition is here\ntypedef struct asn1_string_st ASN1_IA5STRING;\n                              ^\nIn file included from third_party/boringssl/crypto/asn1/a_int.c:62:\nIn file included from third_party/boringssl/include/openssl/mem.h:60:\nthird_party/boringssl/include/openssl/base.h:215:31: error: redefinition of typedef 'ASN1_INTEGER' is a C11 feature [-Werror,-Wtypedef-redefinition]\ntypedef struct asn1_string_st ASN1_INTEGER;\n                              ^\n/usr/local/opt/openssl@3/include/openssl/types.h:45:31: note: previous definition is here\ntypedef struct asn1_string_st ASN1_INTEGER;\n                              ^\nIn file included from third_party/boringssl/crypto/asn1/a_int.c:62:\nIn file included from third_party/boringssl/include/openssl/mem.h:60:\nthird_party/boringssl/include/openssl/base.h:216:31: error: redefinition of typedef 'ASN1_OCTET_STRING' is a C11 feature [-Werror,-Wtypedef-redefinition]\ntypedef struct asn1_string_st ASN1_OCTET_STRING;\n                              ^\n/usr/local/opt/openssl@3/include/openssl/types.h:48:31: note: previous definition is here\ntypedef struct asn1_string_st ASN1_OCTET_STRING;\n                              ^\nIn file included from third_party/boringssl/crypto/asn1/a_int.c:62:\nIn file included from third_party/boringssl/include/openssl/mem.h:60:\nthird_party/boringssl/include/openssl/base.h:217:31: error: redefinition of typedef 'ASN1_PRINTABLESTRING' is a C11 feature [-Werror,-Wtypedef-redefinition]\ntypedef struct asn1_string_st ASN1_PRINTABLESTRING;\n                              ^\n/usr/local/opt/openssl@3/include/openssl/types.h:49:31: note: previous definition is here\ntypedef struct asn1_string_st ASN1_PRINTABLESTRING;\n                              ^\nIn file included from third_party/boringssl/crypto/asn1/a_int.c:62:\nIn file included from third_party/boringssl/include/openssl/mem.h:60:\nthird_party/boringssl/include/openssl/base.h:218:31: error: redefinition of typedef 'ASN1_STRING' is a C11 feature [-Werror,-Wtypedef-redefinition]\ntypedef struct asn1_string_st ASN1_STRING;\n                              ^\n/usr/local/opt/openssl@3/include/openssl/types.h:60:31: note: previous definition is here\ntypedef struct asn1_string_st ASN1_STRING;\n                              ^\nIn file included from third_party/boringssl/crypto/asn1/a_int.c:62:\nIn file included from third_party/boringssl/include/openssl/mem.h:60:\nthird_party/boringssl/include/openssl/base.h:219:31: error: redefinition of typedef 'ASN1_T61STRING' is a C11 feature [-Werror,-Wtypedef-redefinition]\n20 errortypedef struct asn1_string_st ASN1_T61STRING;\n                              ^\ns generated.\n/usr/local/opt/openssl@3/include/openssl/types.h:50:31: note: previous definition is here\ntypedef struct asn1_string_st ASN1_T61STRING;\n                              ^\nfatal error: too many errors emitted, stopping now [-ferror-limit=]\nmake: *** [/Users/runner/actions-runner/_work/python.build/python.build/build_grpcio19138/grpcio-1.9.1/objs/opt/third_party/boringssl/crypto/asn1/a_i2d_fp.o] Error 1\n20 errors generated.\nmake: *** [/Users/runner/actions-runner/_work/python.build/python.build/build_grpcio19138/grpcio-1.9.1/objs/opt/third_party/boringssl/crypto/asn1/a_mbstr.o] Error 1\nmake: *** [/Users/runner/actions-runner/_work/python.build/python.build/build_grpcio19138/grpcio-1.9.1/objs/opt/third_party/boringssl/crypto/asn1/a_octet.o] Error 1\n20 errors generated.\n20 errors generated.\nmake: *** [/Users/runner/actions-runner/_work/python.build/python.build/build_grpcio19138/grpcio-1.9.1/objs/opt/third_party/boringssl/crypto/asn1/a_gentm.o] Error 1\nmake: *** [/Users/runner/actions-runner/_work/python.build/python.build/build_grpcio19138/grpcio-1.9.1/objs/opt/third_party/boringssl/crypto/asn1/a_int.o] Error 1\nmake: *** [/Users/runner/actions-runner/_work/python.build/python.build/build_grpcio19138/grpcio-1.9.1/objs/opt/third_party/boringssl/crypto/asn1/a_object.o] Error 1\nIn file included from third_party/boringssl/crypto/asn1/a_print.c:60:\nIn file included from third_party/boringssl/include/openssl/mem.h:60:\nthird_party/boringssl/include/openssl/base.h:133:9: error: 'OPENSSL_VERSION_NUMBER' macro redefined [-Werror,-Wmacro-redefined]\n#define OPENSSL_VERSION_NUMBER 0x100020af\n        ^\n/usr/local/opt/openssl@3/include/openssl/opensslv.h:99:10: note: previous definition is here\n# define OPENSSL_VERSION_NUMBER          \\\n         ^\nIn file included from third_party/boringssl/crypto/asn1/a_print.c:60:\nIn file included from third_party/boringssl/include/openssl/mem.h:60:\nthird_party/boringssl/include/openssl/base.h:168:9: error: 'OPENSSL_EXPORT' macro redefined [-Werror,-Wmacro-redefined]\n#define OPENSSL_EXPORT\n        ^\n/usr/local/opt/openssl@3/include/openssl/e_os2.h:183:11: note: previous definition is here\n#  define OPENSSL_EXPORT extern\n          ^\nIn file included from third_party/boringssl/crypto/asn1/a_print.c:60:\nIn file included from third_party/boringssl/include/openssl/mem.h:60:\nthird_party/boringssl/include/openssl/base.h:202:13: error: typedef redefinition with different types ('int' vs 'struct crypto_threadid_st')\ntypedef int CRYPTO_THREADID;\n            ^\n/usr/local/opt/openssl@3/include/openssl/crypto.h:308:3: note: previous definition is here\n} CRYPTO_THREADID;\n  ^\nIn file included from third_party/boringssl/crypto/asn1/a_print.c:60:\nIn file included from third_party/boringssl/include/openssl/mem.h:60:\nthird_party/boringssl/include/openssl/base.h:204:13: error: redefinition of typedef 'ASN1_BOOLEAN' is a C11 feature [-Werror,-Wtypedef-redefinition]\ntypedef int ASN1_BOOLEAN;\n            ^\n/usr/local/opt/openssl@3/include/openssl/types.h:61:13: note: previous definition is here\ntypedef int ASN1_BOOLEAN;\n            ^\nIn file included from third_party/boringssl/crypto/asn1/a_print.c:60:\nIn file included from third_party/boringssl/include/openssl/mem.h:60:\nthird_party/boringssl/include/openssl/base.h:205:13: error: redefinition of typedef 'ASN1_NULL' is a C11 feature [-Werror,-Wtypedef-redefinition]\ntypedef int ASN1_NULL;\n            ^\n/usr/local/opt/openssl@3/include/openssl/types.h:62:13: note: previous definition is here\ntypedef int ASN1_NULL;\n            ^\nIn file included from third_party/boringssl/crypto/asn1/a_print.c:60:\nIn file included from third_party/boringssl/include/openssl/mem.h:60:\nthird_party/boringssl/include/openssl/base.h:206:29: error: redefinition of typedef 'ASN1_ITEM' is a C11 feature [-Werror,-Wtypedef-redefinition]\ntypedef struct ASN1_ITEM_st ASN1_ITEM;\n                            ^\n/usr/local/opt/openssl@3/include/openssl/types.h:69:29: note: previous definition is here\ntypedef struct ASN1_ITEM_st ASN1_ITEM;\n                            ^\nIn file included from third_party/boringssl/crypto/asn1/a_print.c:60:\nIn file included from third_party/boringssl/include/openssl/mem.h:60:\nthird_party/boringssl/include/openssl/base.h:207:31: error: redefinition of typedef 'ASN1_OBJECT' is a C11 feature [-Werror,-Wtypedef-redefinition]\ntypedef struct asn1_object_st ASN1_OBJECT;\n                              ^\n/usr/local/opt/openssl@3/include/openssl/types.h:66:31: note: previous definition is here\ntypedef struct asn1_object_st ASN1_OBJECT;\n                              ^\nIn file included from third_party/boringssl/crypto/asn1/a_print.c:60:\nIn file included from third_party/boringssl/include/openssl/mem.h:60:\nthird_party/boringssl/include/openssl/base.h:208:29: error: redefinition of typedef 'ASN1_PCTX' is a C11 feature [-Werror,-Wtypedef-redefinition]\ntypedef struct asn1_pctx_st ASN1_PCTX;\n                            ^\n/usr/local/opt/openssl@3/include/openssl/types.h:70:29: note: previous definition is here\ntypedef struct asn1_pctx_st ASN1_PCTX;\n                            ^\nIn file included from third_party/boringssl/crypto/asn1/a_print.c:60:\nIn file included from third_party/boringssl/include/openssl/mem.h:60:\nthird_party/boringssl/include/openssl/base.h:209:31: error: redefinition of typedef 'ASN1_BIT_STRING' is a C11 feature [-Werror,-Wtypedef-redefinition]\ntypedef struct asn1_string_st ASN1_BIT_STRING;\n                              ^\n/usr/local/opt/openssl@3/include/openssl/types.h:47:31: note: previous definition is here\ntypedef struct asn1_string_st ASN1_BIT_STRING;\n                              ^\nIn file included from third_party/boringssl/crypto/asn1/a_print.c:60:\nIn file included from third_party/boringssl/include/openssl/mem.h:60:\nthird_party/boringssl/include/openssl/base.h:210:31: error: redefinition of typedef 'ASN1_BMPSTRING' is a C11 feature [-Werror,-Wtypedef-redefinition]\ntypedef struct asn1_string_st ASN1_BMPSTRING;\n                              ^\n/usr/local/opt/openssl@3/include/openssl/types.h:54:31: note: previous definition is here\ntypedef struct asn1_string_st ASN1_BMPSTRING;\n                              ^\nIn file included from third_party/boringssl/crypto/asn1/a_print.c:60:\nIn file included from third_party/boringssl/include/openssl/mem.h:60:\nthird_party/boringssl/include/openssl/base.h:211:31: error: redefinition of typedef 'ASN1_ENUMERATED' is a C11 feature [-Werror,-Wtypedef-redefinition]\ntypedef struct asn1_string_st ASN1_ENUMERATED;\n                              ^\n/usr/local/opt/openssl@3/include/openssl/types.h:46:31: note: previous definition is here\ntypedef struct asn1_string_st ASN1_ENUMERATED;\n                              ^\nIn file included from third_party/boringssl/crypto/asn1/a_print.c:60:\nIn file included from third_party/boringssl/include/openssl/mem.h:60:\nthird_party/boringssl/include/openssl/base.h:212:31: error: redefinition of typedef 'ASN1_GENERALIZEDTIME' is a C11 feature [-Werror,-Wtypedef-redefinition]\ntypedef struct asn1_string_st ASN1_GENERALIZEDTIME;\n                              ^\n/usr/local/opt/openssl@3/include/openssl/types.h:57:31: note: previous definition is here\ntypedef struct asn1_string_st ASN1_GENERALIZEDTIME;\n                              ^\nIn file included from third_party/boringssl/crypto/asn1/a_print.c:60:\nIn file included from third_party/boringssl/include/openssl/mem.h:60:\nthird_party/boringssl/include/openssl/base.h:213:31: error: redefinition of typedef 'ASN1_GENERALSTRING' is a C11 feature [-Werror,-Wtypedef-redefinition]\ntypedef struct asn1_string_st ASN1_GENERALSTRING;\n                              ^\n/usr/local/opt/openssl@3/include/openssl/types.h:52:31: note: previous definition is here\ntypedef struct asn1_string_st ASN1_GENERALSTRING;\n                              ^\nIn file included from third_party/boringssl/crypto/asn1/a_print.c:60:\nIn file included from third_party/boringssl/include/openssl/mem.h:60:\nthird_party/boringssl/include/openssl/base.h:214:31: error: redefinition of typedef 'ASN1_IA5STRING' is a C11 feature [-Werror,-Wtypedef-redefinition]\ntypedef struct asn1_string_st ASN1_IA5STRING;\n                              ^\n/usr/local/opt/openssl@3/include/openssl/types.h:51:31: note: previous definition is here\ntypedef struct asn1_string_st ASN1_IA5STRING;\n                              ^\nIn file included from third_party/boringssl/crypto/asn1/a_print.c:60:\nIn file included from third_party/boringssl/include/openssl/mem.h:60:\nthird_party/boringssl/include/openssl/base.h:215:31: error: redefinition of typedef 'ASN1_INTEGER' is a C11 feature [-Werror,-Wtypedef-redefinition]\ntypedef struct asn1_string_st ASN1_INTEGER;\n                              ^\n/usr/local/opt/openssl@3/include/openssl/types.h:45:31: note: previous definition is here\ntypedef struct asn1_string_st ASN1_INTEGER;\n                              ^\nIn file included from third_party/boringssl/crypto/asn1/a_print.c:60:\nIn file included from third_party/boringssl/include/openssl/mem.h:60:\nthird_party/boringssl/include/openssl/base.h:216:31: error: redefinition of typedef 'ASN1_OCTET_STRING' is a C11 feature [-Werror,-Wtypedef-redefinition]\ntypedef struct asn1_string_st ASN1_OCTET_STRING;\n                              ^\n/usr/local/opt/openssl@3/include/openssl/types.h:48:31: note: previous definition is here\ntypedef struct asn1_string_st ASN1_OCTET_STRING;\n                              ^\nIn file included from third_party/boringssl/crypto/asn1/a_print.c:60:\nIn file included from third_party/boringssl/include/openssl/mem.h:60:\nthird_party/boringssl/include/openssl/base.h:217:31: error: redefinition of typedef 'ASN1_PRINTABLESTRING' is a C11 feature [-Werror,-Wtypedef-redefinition]\ntypedef struct asn1_string_st ASN1_PRINTABLESTRING;\n                              ^\n/usr/local/opt/openssl@3/include/openssl/types.h:49:31: note: previous definition is here\ntypedef struct asn1_string_st ASN1_PRINTABLESTRING;\n                              ^\nIn file included from third_party/boringssl/crypto/asn1/a_print.c:60:\nIn file included from third_party/boringssl/include/openssl/mem.h:60:\nthird_party/boringssl/include/openssl/base.h:218:31: error: redefinition of typedef 'ASN1_STRING' is a C11 feature [-Werror,-Wtypedef-redefinition]\ntypedef struct asn1_string_st ASN1_STRING;\n                              ^\n/usr/local/opt/openssl@3/include/openssl/types.h:60:31: note: previous definition is here\ntypedef struct asn1_string_st ASN1_STRING;\n                              ^\nIn file included from third_party/boringssl/crypto/asn1/a_print.c:60:\nIn file included from third_party/boringssl/include/openssl/mem.h:60:\nthird_party/boringssl/include/openssl/base.h:219:31: error: redefinition of typedef 'ASN1_T61STRING' is a C11 feature [-Werror,-Wtypedef-redefinition]\ntypedef struct asn1_string_st ASN1_T61STRING;\n                              ^\n/usr/local/opt/openssl@3/include/openssl/types.h:50:31: note: previous definition is here\ntypedef struct asn1_string_st ASN1_T61STRING;\n                              ^\nfatal error: too many errors emitted, stopping now [-ferror-limit=]\n20 errors generated.\nmake: *** [/Users/runner/actions-runner/_work/python.build/python.build/build_grpcio19138/grpcio-1.9.1/objs/opt/third_party/boringssl/crypto/asn1/a_print.o] Error 1\nIn file included from third_party/boringssl/crypto/asn1/a_strnid.c:63:\nIn file included from third_party/boringssl/include/openssl/mem.h:60:\nthird_party/boringssl/include/openssl/base.h:133:9: error: 'OPENSSL_VERSION_NUMBER' macro redefined [-Werror,-Wmacro-redefined]\n#define OPENSSL_VERSION_NUMBER 0x100020af\n        ^\n/usr/local/opt/openssl@3/include/openssl/opensslv.h:99:10: note: previous definition is here\n# define OPENSSL_VERSION_NUMBER          \\\n         ^\nIn file included from third_party/boringssl/crypto/asn1/a_strnid.c:63:\nIn file included from third_party/boringssl/include/openssl/mem.h:60:\nthird_party/boringssl/include/openssl/base.h:168:9: error: 'OPENSSL_EXPORT' macro redefined [-Werror,-Wmacro-redefined]\n#define OPENSSL_EXPORT\n        ^\n/usr/local/opt/openssl@3/include/openssl/e_os2.h:183:11: note: previous definition is here\n#  define OPENSSL_EXPORT extern\n          ^\nIn file included from third_party/boringssl/crypto/asn1/a_strnid.c:63:\nIn file included from third_party/boringssl/include/openssl/mem.h:60:\nthird_party/boringssl/include/openssl/base.h:202:13: error: typedef redefinition with different types ('int' vs 'struct crypto_threadid_st')\ntypedef int CRYPTO_THREADID;\n            ^\n/usr/local/opt/openssl@3/include/openssl/crypto.h:308:3: note: previous definition is here\n} CRYPTO_THREADID;\n  ^\nIn file included from third_party/boringssl/crypto/asn1/a_strnid.c:63:\nIn file included from third_party/boringssl/include/openssl/mem.h:60:\nthird_party/boringssl/include/openssl/base.h:204:13: error: redefinition of typedef 'ASN1_BOOLEAN' is a C11 feature [-Werror,-Wtypedef-redefinition]\ntypedef int ASN1_BOOLEAN;\n            ^\n/usr/local/opt/openssl@3/include/openssl/types.h:61:13: note: previous definition is here\ntypedef int ASN1_BOOLEAN;\n            ^\nIn file included from third_party/boringssl/crypto/asn1/a_strnid.c:63:\nIn file included from third_party/boringssl/include/openssl/mem.h:60:\nthird_party/boringssl/include/openssl/base.h:205:13: error: redefinition of typedef 'ASN1_NULL' is a C11 feature [-Werror,-Wtypedef-redefinition]\ntypedef int ASN1_NULL;\n            ^\n/usr/local/opt/openssl@3/include/openssl/types.h:62:13: note: previous definition is here\ntypedef int ASN1_NULL;\n            ^\nIn file included from third_party/boringssl/crypto/asn1/a_strnid.c:63:\nIn file included from third_party/boringssl/include/openssl/mem.h:60:\nthird_party/boringssl/include/openssl/base.h:206:29: error: redefinition of typedef 'ASN1_ITEM' is a C11 feature [-Werror,-Wtypedef-redefinition]\ntypedef struct ASN1_ITEM_st ASN1_ITEM;\n                            ^\n/usr/local/opt/openssl@3/include/openssl/types.h:69:29: note: previous definition is here\ntypedef struct ASN1_ITEM_st ASN1_ITEM;\n                            ^\nIn file included from third_party/boringssl/crypto/asn1/a_strnid.c:63:\nIn file included from third_party/boringssl/include/openssl/mem.h:60:\nthird_party/boringssl/include/openssl/base.h:207:31: error: redefinition of typedef 'ASN1_OBJECT' is a C11 feature [-Werror,-Wtypedef-redefinition]\ntypedef struct asn1_object_st ASN1_OBJECT;\n                              ^\n/usr/local/opt/openssl@3/include/openssl/types.h:66:31: note: previous definition is here\ntypedef struct asn1_object_st ASN1_OBJECT;\n                              ^\nIn file included from third_party/boringssl/crypto/asn1/a_strnid.c:63:\nIn file included from third_party/boringssl/include/openssl/mem.h:60:\nthird_party/boringssl/include/openssl/base.h:208:29: error: redefinition of typedef 'ASN1_PCTX' is a C11 feature [-Werror,-Wtypedef-redefinition]\ntypedef struct asn1_pctx_st ASN1_PCTX;\n                            ^\n/usr/local/opt/openssl@3/include/openssl/types.h:70:29: note: previous definition is here\ntypedef struct asn1_pctx_st ASN1_PCTX;\n                            ^\nIn file included from third_party/boringssl/crypto/asn1/a_strnid.c:63:\nIn file included from third_party/boringssl/include/openssl/mem.h:60:\nthird_party/boringssl/include/openssl/base.h:209:31: error: redefinition of typedef 'ASN1_BIT_STRING' is a C11 feature [-Werror,-Wtypedef-redefinition]\ntypedef struct asn1_string_st ASN1_BIT_STRING;\n                              ^\n/usr/local/opt/openssl@3/include/openssl/types.h:47:31: note: previous definition is here\ntypedef struct asn1_string_st ASN1_BIT_STRING;\n                              ^\nIn file included from third_party/boringssl/crypto/asn1/a_strnid.c:63:\nIn file included from third_party/boringssl/include/openssl/mem.h:60:\nthird_party/boringssl/include/openssl/base.h:210:31: error: redefinition of typedef 'ASN1_BMPSTRING' is a C11 feature [-Werror,-Wtypedef-redefinition]\ntypedef struct asn1_string_st ASN1_BMPSTRING;\n                              ^\n/usr/local/opt/openssl@3/include/openssl/types.h:54:31: note: previous definition is here\ntypedef struct asn1_string_st ASN1_BMPSTRING;\n                              ^\nIn file included from third_party/boringssl/crypto/asn1/a_strnid.c:63:\nIn file included from third_party/boringssl/include/openssl/mem.h:60:\nthird_party/boringssl/include/openssl/base.h:211:31: error: redefinition of typedef 'ASN1_ENUMERATED' is a C11 feature [-Werror,-Wtypedef-redefinition]\ntypedef struct asn1_string_st ASN1_ENUMERATED;\n                              ^\n/usr/local/opt/openssl@3/include/openssl/types.h:46:31: note: previous definition is here\ntypedef struct asn1_string_st ASN1_ENUMERATED;\n                              ^\nIn file included from third_party/boringssl/crypto/asn1/a_strnid.c:63:\nIn file included from third_party/boringssl/include/openssl/mem.h:60:\nthird_party/boringssl/include/openssl/base.h:212:31: error: redefinition of typedef 'ASN1_GENERALIZEDTIME' is a C11 feature [-Werror,-Wtypedef-redefinition]\ntypedef struct asn1_string_st ASN1_GENERALIZEDTIME;\n                              ^\n/usr/local/opt/openssl@3/include/openssl/types.h:57:31: note: previous definition is here\ntypedef struct asn1_string_st ASN1_GENERALIZEDTIME;\n                              ^\nIn file included from third_party/boringssl/crypto/asn1/a_strnid.c:63:\nIn file included from third_party/boringssl/include/openssl/mem.h:60:\nthird_party/boringssl/include/openssl/base.h:213:31: error: redefinition of typedef 'ASN1_GENERALSTRING' is a C11 feature [-Werror,-Wtypedef-redefinition]\ntypedef struct asn1_string_st ASN1_GENERALSTRING;\n                              ^\n/usr/local/opt/openssl@3/include/openssl/types.h:52:31: note: previous definition is here\ntypedef struct asn1_string_st ASN1_GENERALSTRING;\n                              ^\nIn file included from third_party/boringssl/crypto/asn1/a_strnid.c:63:\nIn file included from third_party/boringssl/include/openssl/mem.h:60:\nthird_party/boringssl/include/openssl/base.h:214:31: error: redefinition of typedef 'ASN1_IA5STRING' is a C11 feature [-Werror,-Wtypedef-redefinition]\ntypedef struct asn1_string_st ASN1_IA5STRING;\n                              ^\n/usr/local/opt/openssl@3/include/openssl/types.h:51:31: note: previous definition is here\ntypedef struct asn1_string_st ASN1_IA5STRING;\n                              ^\nIn file included from third_party/boringssl/crypto/asn1/a_strnid.c:63:\nIn file included from third_party/boringssl/include/openssl/mem.h:60:\nthird_party/boringssl/include/openssl/base.h:215:31: error: redefinition of typedef 'ASN1_INTEGER' is a C11 feature [-Werror,-Wtypedef-redefinition]\ntypedef struct asn1_string_st ASN1_INTEGER;\n                              ^\n/usr/local/opt/openssl@3/include/openssl/types.h:45:31: note: previous definition is here\ntypedef struct asn1_string_st ASN1_INTEGER;\n                              ^\nIn file included from third_party/boringssl/crypto/asn1/a_strnid.c:63:\nIn file included from third_party/boringssl/include/openssl/mem.h:60:\nthird_party/boringssl/include/openssl/base.h:216:31: error: redefinition of typedef 'ASN1_OCTET_STRING' is a C11 feature [-Werror,-Wtypedef-redefinition]\ntypedef struct asn1_string_st ASN1_OCTET_STRING;\n                              ^\n/usr/local/opt/openssl@3/include/openssl/types.h:48:31: note: previous definition is here\ntypedef struct asn1_string_st ASN1_OCTET_STRING;\n                              ^\nIn file included from third_party/boringssl/crypto/asn1/a_strnid.c:63:\nIn file included from third_party/boringssl/include/openssl/mem.h:60:\nthird_party/boringssl/include/openssl/base.h:217:31: error: redefinition of typedef 'ASN1_PRINTABLESTRING' is a C11 feature [-Werror,-Wtypedef-redefinition]\ntypedef struct asn1_string_st ASN1_PRINTABLESTRING;\n                              ^\n/usr/local/opt/openssl@3/include/openssl/types.h:49:31: note: previous definition is here\ntypedef struct asn1_string_st ASN1_PRINTABLESTRING;\n                              ^\nIn file included from third_party/boringssl/crypto/asn1/a_strnid.c:63:\nIn file included from third_party/boringssl/include/openssl/mem.h:60:\nthird_party/boringssl/include/openssl/base.h:218:31: error: redefinition of typedef 'ASN1_STRING' is a C11 feature [-Werror,-Wtypedef-redefinition]\ntypedef struct asn1_string_st ASN1_STRING;\n                              ^\n/usr/local/opt/openssl@3/include/openssl/types.h:60:31: note: previous definition is here\ntypedef struct asn1_string_st ASN1_STRING;\n                              ^\nIn file included from third_party/boringssl/crypto/asn1/a_strnid.c:63:\nIn file included from third_party/boringssl/include/openssl/mem.h:60:\nthird_party/boringssl/include/openssl/base.h:219:31: error: redefinition of typedef 'ASN1_T61STRING' is a C11 feature [-Werror,-Wtypedef-redefinition]\ntypedef struct asn1_string_st ASN1_T61STRING;\n                              ^\n/usr/local/opt/openssl@3/include/openssl/types.h:50:31: note: previous definition is here\ntypedef struct asn1_string_st ASN1_T61STRING;\n                              ^\nfatal error: too many errors emitted, stopping now [-ferror-limit=]\n20 errors generated.\nmake: *** [/Users/runner/actions-runner/_work/python.build/python.build/build_grpcio19138/grpcio-1.9.1/objs/opt/third_party/boringssl/crypto/asn1/a_strnid.o] Error 1\n"
2022-12-27T02:27:46.1581290Z   Traceback (most recent call last):
2022-12-27T02:27:46.1592680Z     File "<string>", line 2, in <module>
2022-12-27T02:27:46.1593510Z     File "<pip-setuptools-caller>", line 34, in <module>
2022-12-27T02:27:46.1594200Z     File "/Users/runner/actions-runner/_work/python.build/python.build/build_grpcio19138/grpcio-1.9.1/setup.py", line 294, in <module>
2022-12-27T02:27:46.1594710Z       setuptools.setup(
2022-12-27T02:27:46.1595510Z     File "/private/var/folders/51/hd414ycd67n82196sw51xqtc0000gn/T/cibw-run-l5id11qm/cp38-macosx_arm64/build/venv/lib/python3.8/site-packages/setuptools/__init__.py", line 87, in setup
2022-12-27T02:27:46.1596040Z       return distutils.core.setup(**attrs)
2022-12-27T02:27:46.1596770Z     File "/private/var/folders/51/hd414ycd67n82196sw51xqtc0000gn/T/cibw-run-l5id11qm/cp38-macosx_arm64/build/venv/lib/python3.8/site-packages/setuptools/_distutils/core.py", line 185, in setup
2022-12-27T02:27:46.1597270Z       return run_commands(dist)
2022-12-27T02:27:46.1598000Z     File "/private/var/folders/51/hd414ycd67n82196sw51xqtc0000gn/T/cibw-run-l5id11qm/cp38-macosx_arm64/build/venv/lib/python3.8/site-packages/setuptools/_distutils/core.py", line 201, in run_commands
2022-12-27T02:27:46.1598750Z       dist.run_commands()
2022-12-27T02:27:46.1599480Z     File "/private/var/folders/51/hd414ycd67n82196sw51xqtc0000gn/T/cibw-run-l5id11qm/cp38-macosx_arm64/build/venv/lib/python3.8/site-packages/setuptools/_distutils/dist.py", line 969, in run_commands
2022-12-27T02:27:46.1599980Z       self.run_command(cmd)
2022-12-27T02:27:46.1600620Z     File "/private/var/folders/51/hd414ycd67n82196sw51xqtc0000gn/T/cibw-run-l5id11qm/cp38-macosx_arm64/build/venv/lib/python3.8/site-packages/setuptools/dist.py", line 1208, in run_command
2022-12-27T02:27:46.1601130Z       super().run_command(command)
2022-12-27T02:27:46.1601780Z     File "/private/var/folders/51/hd414ycd67n82196sw51xqtc0000gn/T/cibw-run-l5id11qm/cp38-macosx_arm64/build/venv/lib/python3.8/site-packages/setuptools/_distutils/dist.py", line 988, in run_command
2022-12-27T02:27:46.1602270Z       cmd_obj.run()
2022-12-27T02:27:46.1602930Z     File "/private/var/folders/51/hd414ycd67n82196sw51xqtc0000gn/T/cibw-run-l5id11qm/cp38-macosx_arm64/build/venv/lib/python3.8/site-packages/wheel/bdist_wheel.py", line 325, in run
2022-12-27T02:27:46.1603330Z       self.run_command("build")
2022-12-27T02:27:46.1604110Z     File "/private/var/folders/51/hd414ycd67n82196sw51xqtc0000gn/T/cibw-run-l5id11qm/cp38-macosx_arm64/build/venv/lib/python3.8/site-packages/setuptools/_distutils/cmd.py", line 318, in run_command
2022-12-27T02:27:46.1604620Z       self.distribution.run_command(command)
2022-12-27T02:27:46.1605380Z     File "/private/var/folders/51/hd414ycd67n82196sw51xqtc0000gn/T/cibw-run-l5id11qm/cp38-macosx_arm64/build/venv/lib/python3.8/site-packages/setuptools/dist.py", line 1208, in run_command
2022-12-27T02:27:46.1605920Z       super().run_command(command)
2022-12-27T02:27:46.1606650Z     File "/private/var/folders/51/hd414ycd67n82196sw51xqtc0000gn/T/cibw-run-l5id11qm/cp38-macosx_arm64/build/venv/lib/python3.8/site-packages/setuptools/_distutils/dist.py", line 988, in run_command
2022-12-27T02:27:46.1607120Z       cmd_obj.run()
2022-12-27T02:27:46.1607910Z     File "/private/var/folders/51/hd414ycd67n82196sw51xqtc0000gn/T/cibw-run-l5id11qm/cp38-macosx_arm64/build/venv/lib/python3.8/site-packages/setuptools/_distutils/command/build.py", line 132, in run
2022-12-27T02:27:46.1608740Z       self.run_command(cmd_name)
2022-12-27T02:27:46.1609600Z     File "/private/var/folders/51/hd414ycd67n82196sw51xqtc0000gn/T/cibw-run-l5id11qm/cp38-macosx_arm64/build/venv/lib/python3.8/site-packages/setuptools/_distutils/cmd.py", line 318, in run_command
2022-12-27T02:27:46.1610050Z       self.distribution.run_command(command)
2022-12-27T02:27:46.1610760Z     File "/private/var/folders/51/hd414ycd67n82196sw51xqtc0000gn/T/cibw-run-l5id11qm/cp38-macosx_arm64/build/venv/lib/python3.8/site-packages/setuptools/dist.py", line 1208, in run_command
2022-12-27T02:27:46.1611170Z       super().run_command(command)
2022-12-27T02:27:46.1611810Z     File "/private/var/folders/51/hd414ycd67n82196sw51xqtc0000gn/T/cibw-run-l5id11qm/cp38-macosx_arm64/build/venv/lib/python3.8/site-packages/setuptools/_distutils/dist.py", line 988, in run_command
2022-12-27T02:27:46.1612180Z       cmd_obj.run()
2022-12-27T02:27:46.1612870Z     File "/private/var/folders/51/hd414ycd67n82196sw51xqtc0000gn/T/cibw-run-l5id11qm/cp38-macosx_arm64/build/venv/lib/python3.8/site-packages/setuptools/command/build_ext.py", line 84, in run
2022-12-27T02:27:46.1613340Z       _build_ext.run(self)
2022-12-27T02:27:46.1614060Z     File "/private/var/folders/51/hd414ycd67n82196sw51xqtc0000gn/T/cibw-run-l5id11qm/cp38-macosx_arm64/build/venv/lib/python3.8/site-packages/Cython/Distutils/old_build_ext.py", line 186, in run
2022-12-27T02:27:46.1614500Z       _build_ext.build_ext.run(self)
2022-12-27T02:27:46.1615190Z     File "/private/var/folders/51/hd414ycd67n82196sw51xqtc0000gn/T/cibw-run-l5id11qm/cp38-macosx_arm64/build/venv/lib/python3.8/site-packages/setuptools/_distutils/command/build_ext.py", line 346, in run
2022-12-27T02:27:46.1615890Z       self.build_extensions()
2022-12-27T02:27:46.1616550Z     File "/Users/runner/actions-runner/_work/python.build/python.build/build_grpcio19138/grpcio-1.9.1/src/python/grpcio/commands.py", line 278, in build_extensions
2022-12-27T02:27:46.1617080Z       raise Exception("make command failed!")
2022-12-27T02:27:46.1617350Z   Exception: make command failed!
2022-12-27T02:27:46.2257000Z   error: subprocess-exited-with-error
2022-12-27T02:27:46.2257960Z   
2022-12-27T02:27:46.2258850Z   Ã— python setup.py bdist_wheel did not run successfully.
2022-12-27T02:27:46.2259690Z   â”‚ exit code: 1
2022-12-27T02:27:46.2260920Z   â•°â”€> See above for output.
2022-12-27T02:27:46.2261410Z   
2022-12-27T02:27:46.2262150Z   note: This error originates from a subprocess, and is likely not a problem with pip.
2022-12-27T02:27:46.2274070Z   full command: /private/var/folders/51/hd414ycd67n82196sw51xqtc0000gn/T/cibw-run-l5id11qm/cp38-macosx_arm64/build/venv/bin/python -u -c '
2022-12-27T02:27:46.2274940Z   exec(compile('"'"''"'"''"'"'
2022-12-27T02:27:46.2275400Z   # This is <pip-setuptools-caller> -- a caller that pip uses to run setup.py
2022-12-27T02:27:46.2275800Z   #
2022-12-27T02:27:46.2276510Z   # - It imports setuptools before invoking setup.py, to enable projects that directly
2022-12-27T02:27:46.2276980Z   #   import from `distutils.core` to work with newer packaging standards.
2022-12-27T02:27:46.2277580Z   # - It provides a clear error message when setuptools is not installed.
2022-12-27T02:27:46.2278190Z   # - It sets `sys.argv[0]` to the underlying `setup.py`, when invoking `setup.py` so
2022-12-27T02:27:46.2278850Z   #   setuptools doesn'"'"'t think the script is `-c`. This avoids the following warning:
2022-12-27T02:27:46.2279330Z   #     manifest_maker: standard file '"'"'-c'"'"' not found".
2022-12-27T02:27:46.2279980Z   # - It generates a shim setup.py, for handling setup.cfg-only projects.
2022-12-27T02:27:46.2280420Z   import os, sys, tokenize
2022-12-27T02:27:46.2280760Z   
2022-12-27T02:27:46.2281060Z   try:
2022-12-27T02:27:46.2281380Z       import setuptools
2022-12-27T02:27:46.2281820Z   except ImportError as error:
2022-12-27T02:27:46.2282840Z       print(
2022-12-27T02:27:46.2283230Z           "ERROR: Can not execute `setup.py` since setuptools is not available in "
2022-12-27T02:27:46.2283640Z           "the build environment.",
2022-12-27T02:27:46.2283910Z           file=sys.stderr,
2022-12-27T02:27:46.2284560Z       )
2022-12-27T02:27:46.2285140Z   Building wheel for grpcio (setup.py): finished with status 'error'
2022-12-27T02:27:46.2288090Z   Running setup.py clean for grpcio
2022-12-27T02:27:46.2290030Z       sys.exit(1)
2022-12-27T02:27:46.2291270Z   
2022-12-27T02:27:46.2292280Z   __file__ = %r
2022-12-27T02:27:46.2293020Z   sys.argv[0] = __file__
2022-12-27T02:27:46.2293780Z   
2022-12-27T02:27:46.2294380Z   if os.path.exists(__file__):
2022-12-27T02:27:46.2294990Z       filename = __file__
2022-12-27T02:27:46.2295770Z       with tokenize.open(__file__) as f:
2022-12-27T02:27:46.2296690Z           setup_py_code = f.read()
2022-12-27T02:27:46.2297920Z   else:
2022-12-27T02:27:46.2298870Z       filename = "<auto-generated setuptools caller>"
2022-12-27T02:27:46.2299780Z       setup_py_code = "from setuptools import setup; setup()"
2022-12-27T02:27:46.2300490Z   
2022-12-27T02:27:46.2301040Z   exec(compile(setup_py_code, filename, "exec"))
2022-12-27T02:27:46.2302280Z   '"'"''"'"''"'"' % ('"'"'/Users/runner/actions-runner/_work/python.build/python.build/build_grpcio19138/grpcio-1.9.1/setup.py'"'"',), "<pip-setuptools-caller>", "exec"))' bdist_wheel -d /private/var/folders/51/hd414ycd67n82196sw51xqtc0000gn/T/pip-wheel-hpnd6if_
2022-12-27T02:27:46.2303260Z   cwd: /Users/runner/actions-runner/_work/python.build/python.build/build_grpcio19138/grpcio-1.9.1/
2022-12-27T02:27:46.2303760Z   ERROR: Failed building wheel for grpcio
2022-12-27T02:27:46.2304140Z   Running command python setup.py clean
2022-12-27T02:27:47.0100520Z   running clean
2022-12-27T02:27:47.0115230Z   removing 'python_build/lib.macosx-11.0-arm64-cpython-38' (and everything under it)
2022-12-27T02:27:47.0189550Z   'python_build/bdist.macosx-11.0-arm64' does not exist -- can't clean it
2022-12-27T02:27:47.0190750Z   'python_build/scripts-3.8' does not exist -- can't clean it
2022-12-27T02:27:47.0193370Z   removing 'python_build'
2022-12-27T02:27:47.0857750Z Failed to build grpcio
2022-12-27T02:27:47.0864430Z ERROR: Failed to build one or more wheels
2022-12-27T02:27:47.0882170Z Exception information:
2022-12-27T02:27:47.0882990Z Traceback (most recent call last):
2022-12-27T02:27:47.0885210Z   File "/private/var/folders/51/hd414ycd67n82196sw51xqtc0000gn/T/cibw-run-l5id11qm/cp38-macosx_arm64/build/venv/lib/python3.8/site-packages/pip/_internal/cli/base_command.py", line 160, in exc_logging_wrapper
2022-12-27T02:27:47.0886310Z     status = run_func(*args)
2022-12-27T02:27:47.0888110Z   File "/private/var/folders/51/hd414ycd67n82196sw51xqtc0000gn/T/cibw-run-l5id11qm/cp38-macosx_arm64/build/venv/lib/python3.8/site-packages/pip/_internal/cli/req_command.py", line 247, in wrapper
2022-12-27T02:27:47.0888930Z     return func(self, options, args)
2022-12-27T02:27:47.0891010Z   File "/private/var/folders/51/hd414ycd67n82196sw51xqtc0000gn/T/cibw-run-l5id11qm/cp38-macosx_arm64/build/venv/lib/python3.8/site-packages/pip/_internal/commands/wheel.py", line 201, in run
2022-12-27T02:27:47.0892080Z     raise CommandError("Failed to build one or more wheels")
2022-12-27T02:27:47.0892700Z pip._internal.exceptions.CommandError: Failed to build one or more wheels
2022-12-27T02:27:47.0893720Z Removed build tracker: '/private/var/folders/51/hd414ycd67n82196sw51xqtc0000gn/T/pip-build-tracker-5ftx91yz'
2022-12-27T02:27:47.1758110Z ##[endgroup]
2022-12-27T02:27:47.1759320Z                                                              [31mâœ• [0m14.65s
2022-12-27T02:27:47.2660750Z ##[error]Command ['python', '-m', 'pip', 'wheel', '/Users/runner/actions-runner/_work/python.build/python.build/build_grpcio19138/grpcio-1.9.1', '--wheel-dir=/private/var/folders/51/hd414ycd67n82196sw51xqtc0000gn/T/cibw-run-l5id11qm/cp38-macosx_arm64/built_wheel', '--no-deps', '-vvv'] failed with code 1. None
2022-12-27T02:27:47.2672140Z 
2022-12-27T02:27:47.2883770Z ##[error]Process completed with exit code 1.
2022-12-27T02:27:47.2963980Z ##[group]Run rm -rf build_grpcio19138 wheelsout
2022-12-27T02:27:47.2964330Z [36;1mrm -rf build_grpcio19138 wheelsout[0m
2022-12-27T02:27:47.2991610Z shell: /bin/bash -e {0}
2022-12-27T02:27:47.2991800Z env:
2022-12-27T02:27:47.2992050Z   pythonLocation: /Users/runner/hostedtoolcache/Python/3.8.15/x64
2022-12-27T02:27:47.2992360Z   PKG_CONFIG_PATH: /Users/runner/hostedtoolcache/Python/3.8.15/x64/lib/pkgconfig
2022-12-27T02:27:47.2992690Z   Python_ROOT_DIR: /Users/runner/hostedtoolcache/Python/3.8.15/x64
2022-12-27T02:27:47.2992990Z   Python2_ROOT_DIR: /Users/runner/hostedtoolcache/Python/3.8.15/x64
2022-12-27T02:27:47.2993280Z   Python3_ROOT_DIR: /Users/runner/hostedtoolcache/Python/3.8.15/x64
2022-12-27T02:27:47.2993520Z ##[endgroup]
2022-12-27T02:27:47.8546940Z Cleaning up orphan processes
