2022-12-27T01:58:04.7976695Z Requested labels: self-hosted, macOS, X64
2022-12-27T01:58:04.7976778Z Job defined at: kilnbuild/python.build/.github/workflows/mac_arm_build.yml@refs/heads/main
2022-12-27T01:58:04.7976811Z Waiting for a runner to pick up this job...
2022-12-27T02:55:50.9644461Z Job is about to start running on the runner: k1 (organization)
2022-12-27T02:55:55.2029520Z Current runner version: '2.300.2'
2022-12-27T02:55:55.2034240Z Runner name: 'k1'
2022-12-27T02:55:55.2034510Z Runner group name: 'Default'
2022-12-27T02:55:55.2034930Z Machine name: 'k1'
2022-12-27T02:55:55.2036390Z ##[group]GITHUB_TOKEN Permissions
2022-12-27T02:55:55.2036790Z Actions: write
2022-12-27T02:55:55.2036940Z Checks: write
2022-12-27T02:55:55.2037060Z Contents: write
2022-12-27T02:55:55.2037190Z Deployments: write
2022-12-27T02:55:55.2037330Z Discussions: write
2022-12-27T02:55:55.2037470Z Issues: write
2022-12-27T02:55:55.2037590Z Metadata: read
2022-12-27T02:55:55.2037720Z Packages: write
2022-12-27T02:55:55.2037860Z Pages: write
2022-12-27T02:55:55.2037990Z PullRequests: write
2022-12-27T02:55:55.2038150Z RepositoryProjects: write
2022-12-27T02:55:55.2038300Z SecurityEvents: write
2022-12-27T02:55:55.2038440Z Statuses: write
2022-12-27T02:55:55.2038570Z ##[endgroup]
2022-12-27T02:55:55.2040950Z Secret source: Actions
2022-12-27T02:55:55.2041250Z Prepare workflow directory
2022-12-27T02:55:55.2681750Z Prepare all required actions
2022-12-27T02:55:55.2804800Z Getting action download info
2022-12-27T02:55:55.7100620Z Download action repository 'actions/setup-python@v4' (SHA:5ccb29d8773c3f3f653e1705f474dfaa8a06a912)
2022-12-27T02:55:57.7848480Z Download action repository 'actions/upload-artifact@v3' (SHA:83fd05a356d7e2593de66fc9913b3002723633cb)
2022-12-27T02:55:59.0937380Z ##[group]Run echo '{
2022-12-27T02:55:59.0937680Z [36;1mecho '{[0m
2022-12-27T02:55:59.0937920Z [36;1m  "environment_variables": "GRPC_PYTHON_BUILD_WITH_CYTHON=1 GRPC_BUILD_WITH_BORING_SSL_ASM='' GRPC_PYTHON_BUILD_SYSTEM_OPENSSL=TRUE",[0m
2022-12-27T02:55:59.0938150Z [36;1m  "package_name": "grpcio",[0m
2022-12-27T02:55:59.0938390Z [36;1m  "package_url": "https://files.pythonhosted.org/packages/6a/9f/7b62076085ff783050a23cfe1b8fabdc355f39c8c9df09efde9ab9997a9e/grpcio-1.3.5.tar.gz",[0m
2022-12-27T02:55:59.0938590Z [36;1m  "package_version": "1.3.5",[0m
2022-12-27T02:55:59.0938780Z [36;1m  "python_version": "3.9",[0m
2022-12-27T02:55:59.0938960Z [36;1m  "use_ccache": "true"[0m
2022-12-27T02:55:59.0939100Z [36;1m}'[0m
2022-12-27T02:55:59.0954380Z shell: /bin/bash -e {0}
2022-12-27T02:55:59.0954580Z ##[endgroup]
2022-12-27T02:55:59.1173870Z {
2022-12-27T02:55:59.1175430Z   "environment_variables": "GRPC_PYTHON_BUILD_WITH_CYTHON=1 GRPC_BUILD_WITH_BORING_SSL_ASM= GRPC_PYTHON_BUILD_SYSTEM_OPENSSL=TRUE",
2022-12-27T02:55:59.1175730Z   "package_name": "grpcio",
2022-12-27T02:55:59.1176320Z   "package_url": "https://files.pythonhosted.org/packages/6a/9f/7b62076085ff783050a23cfe1b8fabdc355f39c8c9df09efde9ab9997a9e/grpcio-1.3.5.tar.gz",
2022-12-27T02:55:59.1176650Z   "package_version": "1.3.5",
2022-12-27T02:55:59.1176830Z   "python_version": "3.9",
2022-12-27T02:55:59.1176980Z   "use_ccache": "true"
2022-12-27T02:55:59.1177150Z }
2022-12-27T02:55:59.1390750Z ##[group]Run actions/setup-python@v4
2022-12-27T02:55:59.1391030Z with:
2022-12-27T02:55:59.1391210Z   python-version: 3.9
2022-12-27T02:55:59.1391400Z   check-latest: false
2022-12-27T02:55:59.1391700Z   token: ***
2022-12-27T02:55:59.1391880Z   update-environment: true
2022-12-27T02:55:59.1392110Z ##[endgroup]
2022-12-27T02:55:59.2616780Z ##[group]Installed versions
2022-12-27T02:55:59.2725860Z Successfully set up CPython (3.9.16)
2022-12-27T02:55:59.2727490Z ##[endgroup]
2022-12-27T02:55:59.2876370Z ##[group]Run if [ "true" == "true" ]
2022-12-27T02:55:59.2876630Z [36;1mif [ "true" == "true" ][0m
2022-12-27T02:55:59.2876830Z [36;1mthen[0m
2022-12-27T02:55:59.2877020Z [36;1m  echo "CCACHE_PATH_PREPEND=/usr/local/opt/ccache/libexec" >> $GITHUB_OUTPUT[0m
2022-12-27T02:55:59.2877310Z [36;1melse[0m
2022-12-27T02:55:59.2877510Z [36;1m  echo "CCACHE_PATH_PREPEND=" >> $GITHUB_OUTPUT[0m
2022-12-27T02:55:59.2877660Z [36;1mfi[0m
2022-12-27T02:55:59.2893890Z shell: /bin/bash -e {0}
2022-12-27T02:55:59.2894190Z env:
2022-12-27T02:55:59.2894370Z   pythonLocation: /Users/runner/hostedtoolcache/Python/3.9.16/x64
2022-12-27T02:55:59.2894640Z   PKG_CONFIG_PATH: /Users/runner/hostedtoolcache/Python/3.9.16/x64/lib/pkgconfig
2022-12-27T02:55:59.2895240Z   Python_ROOT_DIR: /Users/runner/hostedtoolcache/Python/3.9.16/x64
2022-12-27T02:55:59.2895540Z   Python2_ROOT_DIR: /Users/runner/hostedtoolcache/Python/3.9.16/x64
2022-12-27T02:55:59.2895820Z   Python3_ROOT_DIR: /Users/runner/hostedtoolcache/Python/3.9.16/x64
2022-12-27T02:55:59.2896030Z ##[endgroup]
2022-12-27T02:55:59.3002910Z ##[group]Run echo "BUILD_NAME=$(echo grpcio_1.3.5_3.9 | tr -dc '[:alnum:]\n\r' | tr '[:upper:]' '[:lower:]')" >> $GITHUB_OUTPUT
2022-12-27T02:55:59.3003320Z [36;1mecho "BUILD_NAME=$(echo grpcio_1.3.5_3.9 | tr -dc '[:alnum:]\n\r' | tr '[:upper:]' '[:lower:]')" >> $GITHUB_OUTPUT[0m
2022-12-27T02:55:59.3057290Z shell: /bin/bash -e {0}
2022-12-27T02:55:59.3057490Z env:
2022-12-27T02:55:59.3057700Z   pythonLocation: /Users/runner/hostedtoolcache/Python/3.9.16/x64
2022-12-27T02:55:59.3057950Z   PKG_CONFIG_PATH: /Users/runner/hostedtoolcache/Python/3.9.16/x64/lib/pkgconfig
2022-12-27T02:55:59.3058180Z   Python_ROOT_DIR: /Users/runner/hostedtoolcache/Python/3.9.16/x64
2022-12-27T02:55:59.3058450Z   Python2_ROOT_DIR: /Users/runner/hostedtoolcache/Python/3.9.16/x64
2022-12-27T02:55:59.3058680Z   Python3_ROOT_DIR: /Users/runner/hostedtoolcache/Python/3.9.16/x64
2022-12-27T02:55:59.3058840Z ##[endgroup]
2022-12-27T02:55:59.3164500Z ##[group]Run echo "PYTHON_NO_DOTS=$(echo 3.9 | tr -dc '[:alnum:]\n\r' | tr '[:upper:]' '[:lower:]')" >> $GITHUB_OUTPUT
2022-12-27T02:55:59.3164920Z [36;1mecho "PYTHON_NO_DOTS=$(echo 3.9 | tr -dc '[:alnum:]\n\r' | tr '[:upper:]' '[:lower:]')" >> $GITHUB_OUTPUT[0m
2022-12-27T02:55:59.3178180Z shell: /bin/bash -e {0}
2022-12-27T02:55:59.3178370Z env:
2022-12-27T02:55:59.3178580Z   pythonLocation: /Users/runner/hostedtoolcache/Python/3.9.16/x64
2022-12-27T02:55:59.3178880Z   PKG_CONFIG_PATH: /Users/runner/hostedtoolcache/Python/3.9.16/x64/lib/pkgconfig
2022-12-27T02:55:59.3179100Z   Python_ROOT_DIR: /Users/runner/hostedtoolcache/Python/3.9.16/x64
2022-12-27T02:55:59.3179340Z   Python2_ROOT_DIR: /Users/runner/hostedtoolcache/Python/3.9.16/x64
2022-12-27T02:55:59.3180010Z   Python3_ROOT_DIR: /Users/runner/hostedtoolcache/Python/3.9.16/x64
2022-12-27T02:55:59.3180260Z ##[endgroup]
2022-12-27T02:55:59.3284670Z ##[group]Run rm -rf build_grpcio13539
2022-12-27T02:55:59.3285010Z [36;1mrm -rf build_grpcio13539[0m
2022-12-27T02:55:59.3285170Z [36;1mmkdir build_grpcio13539[0m
2022-12-27T02:55:59.3285380Z [36;1mcd build_grpcio13539[0m
2022-12-27T02:55:59.3285670Z [36;1m/usr/local/bin/wget --quiet https://files.pythonhosted.org/packages/6a/9f/7b62076085ff783050a23cfe1b8fabdc355f39c8c9df09efde9ab9997a9e/grpcio-1.3.5.tar.gz[0m
2022-12-27T02:55:59.3285940Z [36;1mtar xf *.tar.gz[0m
2022-12-27T02:55:59.3286110Z [36;1mcd grpcio-*/[0m
2022-12-27T02:55:59.3286300Z [36;1mpython -m pip install cibuildwheel==2.11.3[0m
2022-12-27T02:55:59.3286560Z [36;1mpython -m cibuildwheel --output-dir ../wheelsout[0m
2022-12-27T02:55:59.3299920Z shell: /bin/bash -e {0}
2022-12-27T02:55:59.3300110Z env:
2022-12-27T02:55:59.3300390Z   pythonLocation: /Users/runner/hostedtoolcache/Python/3.9.16/x64
2022-12-27T02:55:59.3300670Z   PKG_CONFIG_PATH: /Users/runner/hostedtoolcache/Python/3.9.16/x64/lib/pkgconfig
2022-12-27T02:55:59.3300920Z   Python_ROOT_DIR: /Users/runner/hostedtoolcache/Python/3.9.16/x64
2022-12-27T02:55:59.3301120Z   Python2_ROOT_DIR: /Users/runner/hostedtoolcache/Python/3.9.16/x64
2022-12-27T02:55:59.3301380Z   Python3_ROOT_DIR: /Users/runner/hostedtoolcache/Python/3.9.16/x64
2022-12-27T02:55:59.3301590Z   CIBW_ARCHS_MACOS: arm64
2022-12-27T02:55:59.3301730Z   CIBW_TEST_SKIP: *_arm64
2022-12-27T02:55:59.3301900Z   CIBW_BUILD: cp39-macosx_arm64
2022-12-27T02:55:59.3302080Z   CIBW_BUILD_FRONTEND: pip
2022-12-27T02:55:59.3302260Z   CIBW_BUILD_VERBOSITY: 3
2022-12-27T02:55:59.3302630Z   CIBW_ENVIRONMENT_MACOS: GRPC_PYTHON_BUILD_WITH_CYTHON=1 GRPC_BUILD_WITH_BORING_SSL_ASM='' GRPC_PYTHON_BUILD_SYSTEM_OPENSSL=TRUE CFLAGS="-I/usr/local/opt/openssl@3/include" LDFLAGS="-L/usr/local/opt/openssl@3/lib" CPPFLAGS="-I/usr/local/opt/openssl@3/include" MAKEFLAGS="-j$(sysctl -n hw.logicalcpu)" PATH=/usr/local/opt/ccache/libexec:$PATH
2022-12-27T02:55:59.3303240Z   CIBW_BEFORE_BUILD: pip install Cython; if [[ -f requirements.txt ]]; then pip install -r requirements.txt; fi
2022-12-27T02:55:59.3303480Z   MAKEFLAGS: -j$(sysctl -n hw.logicalcpu)
2022-12-27T02:55:59.3303690Z ##[endgroup]
2022-12-27T02:56:00.7300800Z Requirement already satisfied: cibuildwheel==2.11.3 in /Users/runner/hostedtoolcache/Python/3.9.16/x64/lib/python3.9/site-packages (2.11.3)
2022-12-27T02:56:00.7542270Z Requirement already satisfied: platformdirs in /Users/runner/hostedtoolcache/Python/3.9.16/x64/lib/python3.9/site-packages (from cibuildwheel==2.11.3) (2.6.0)
2022-12-27T02:56:00.7546670Z Requirement already satisfied: packaging>=20.9 in /Users/runner/hostedtoolcache/Python/3.9.16/x64/lib/python3.9/site-packages (from cibuildwheel==2.11.3) (22.0)
2022-12-27T02:56:00.7551500Z Requirement already satisfied: bashlex!=0.13 in /Users/runner/hostedtoolcache/Python/3.9.16/x64/lib/python3.9/site-packages (from cibuildwheel==2.11.3) (0.16)
2022-12-27T02:56:00.7561420Z Requirement already satisfied: typing-extensions>=4.1.0 in /Users/runner/hostedtoolcache/Python/3.9.16/x64/lib/python3.9/site-packages (from cibuildwheel==2.11.3) (4.4.0)
2022-12-27T02:56:00.7564280Z Requirement already satisfied: bracex in /Users/runner/hostedtoolcache/Python/3.9.16/x64/lib/python3.9/site-packages (from cibuildwheel==2.11.3) (2.3.post1)
2022-12-27T02:56:00.7567340Z Requirement already satisfied: filelock in /Users/runner/hostedtoolcache/Python/3.9.16/x64/lib/python3.9/site-packages (from cibuildwheel==2.11.3) (3.8.2)
2022-12-27T02:56:00.7572850Z Requirement already satisfied: tomli in /Users/runner/hostedtoolcache/Python/3.9.16/x64/lib/python3.9/site-packages (from cibuildwheel==2.11.3) (2.0.1)
2022-12-27T02:56:00.7576250Z Requirement already satisfied: certifi in /Users/runner/hostedtoolcache/Python/3.9.16/x64/lib/python3.9/site-packages (from cibuildwheel==2.11.3) (2022.12.7)
2022-12-27T02:56:00.9321360Z 
2022-12-27T02:56:00.9321800Z      _ _       _ _   _       _           _
2022-12-27T02:56:00.9322830Z  ___|_| |_ _ _|_| |_| |_ _ _| |_ ___ ___| |
2022-12-27T02:56:00.9324340Z |  _| | . | | | | | . | | | |   | -_| -_| |
2022-12-27T02:56:00.9324590Z |___|_|___|___|_|_|___|_____|_|_|___|___|_|
2022-12-27T02:56:00.9324730Z 
2022-12-27T02:56:00.9324840Z cibuildwheel version 2.11.3
2022-12-27T02:56:00.9324990Z 
2022-12-27T02:56:00.9325230Z Build options:
2022-12-27T02:56:00.9325480Z   platform: macos
2022-12-27T02:56:00.9459770Z   architectures: arm64[0m
2022-12-27T02:56:00.9460220Z   build_selector: 
2022-12-27T02:56:00.9460770Z     build_config: cp39-macosx_arm64
2022-12-27T02:56:00.9461300Z     skip_config: 
2022-12-27T02:56:00.9461680Z     requires_python: None
2022-12-27T02:56:00.9462520Z     prerelease_pythons: False[0m
2022-12-27T02:56:00.9464430Z   [38;5;244mcontainer_engine: docker[0m
2022-12-27T02:56:00.9465160Z   output_dir: /Users/runner/actions-runner/_work/python.build/python.build/build_grpcio13539/wheelsout[0m
2022-12-27T02:56:00.9466060Z   package_dir: /Users/runner/actions-runner/_work/python.build/python.build/build_grpcio13539/grpcio-1.3.5[0m
2022-12-27T02:56:00.9466470Z   test_selector: 
2022-12-27T02:56:00.9466940Z     skip_config: *_arm64[0m
2022-12-27T02:56:00.9467430Z   [38;5;244mbefore_all: [0m
2022-12-27T02:56:00.9468150Z   before_build: pip install Cython; if [[ -f requirements.txt ]]; then pip install -r requirements.txt; fi[0m
2022-12-27T02:56:00.9468660Z   [38;5;244mbefore_test: [0m
2022-12-27T02:56:00.9469150Z   [38;5;244mbuild_frontend: pip[0m
2022-12-27T02:56:00.9469550Z   build_verbosity: 3[0m
2022-12-27T02:56:00.9469900Z   [38;5;244mconfig_settings: [0m
2022-12-27T02:56:00.9470480Z   [38;5;244mdependency_constraints: pinned[0m
2022-12-27T02:56:00.9470840Z   environment: 
2022-12-27T02:56:00.9471140Z     GRPC_PYTHON_BUILD_WITH_CYTHON=1
2022-12-27T02:56:00.9471560Z     GRPC_BUILD_WITH_BORING_SSL_ASM=''
2022-12-27T02:56:00.9472030Z     GRPC_PYTHON_BUILD_SYSTEM_OPENSSL=TRUE
2022-12-27T02:56:00.9473110Z     CFLAGS="-I/usr/local/opt/openssl@3/include"
2022-12-27T02:56:00.9473550Z     LDFLAGS="-L/usr/local/opt/openssl@3/lib"
2022-12-27T02:56:00.9474160Z     CPPFLAGS="-I/usr/local/opt/openssl@3/include"
2022-12-27T02:56:00.9474810Z     MAKEFLAGS="-j$(sysctl -n hw.logicalcpu)"
2022-12-27T02:56:00.9475250Z     PATH=/usr/local/opt/ccache/libexec:$PATH[0m
2022-12-27T02:56:00.9475820Z   [38;5;244mmanylinux_images: None[0m
2022-12-27T02:56:00.9476260Z   [38;5;244mmusllinux_images: None[0m
2022-12-27T02:56:00.9476770Z   [38;5;244mrepair_command: delocate-wheel --require-archs {delocate_archs} -w {dest_dir} -v {wheel}[0m
2022-12-27T02:56:00.9477290Z   [38;5;244mtest_command: [0m
2022-12-27T02:56:00.9477800Z   [38;5;244mtest_extras: [0m
2022-12-27T02:56:00.9478150Z   [38;5;244mtest_requires: [0m
2022-12-27T02:56:00.9478350Z 
2022-12-27T02:56:00.9478530Z Cache folder: /Users/runner/Library/Caches/cibuildwheel
2022-12-27T02:56:00.9489640Z 
2022-12-27T02:56:00.9489980Z Here we go!
2022-12-27T02:56:00.9490210Z 
2022-12-27T02:56:00.9619130Z 
2022-12-27T02:56:00.9619790Z [1m[34mBuilding cp39-macosx_arm64 wheel[0m
2022-12-27T02:56:00.9620550Z CPython 3.9 macOS arm64 - Apple Silicon
2022-12-27T02:56:00.9621060Z 
2022-12-27T02:56:00.9624950Z ##[group]Installing Python cp39...
2022-12-27T02:56:00.9625050Z 
2022-12-27T02:56:00.9625570Z + pkgutil --pkgs
2022-12-27T02:56:00.9736880Z ##[endgroup]
2022-12-27T02:56:00.9737940Z                                                               [32m✓ [0m0.01s
2022-12-27T02:56:00.9738360Z ##[group]Setting up build environment...
2022-12-27T02:56:00.9738510Z 
2022-12-27T02:56:00.9758990Z + /Users/runner/hostedtoolcache/Python/3.9.16/x64/bin/python -sS /Users/runner/Library/Caches/cibuildwheel/virtualenv-20.17.0.pyz --activators= --no-periodic-update --pip=22.3.1 --setuptools=65.6.3 --wheel=0.38.4 --symlink-app-data --python /Library/Frameworks/Python.framework/Versions/3.9/bin/python3 /private/var/folders/51/hd414ycd67n82196sw51xqtc0000gn/T/cibw-run-ox002b5n/cp39-macosx_arm64/build/venv
2022-12-27T02:56:01.1641060Z created virtual environment CPython3.9.13.final.0-64 in 53ms
2022-12-27T02:56:01.1641890Z   creator CPython3Posix(dest=/private/var/folders/51/hd414ycd67n82196sw51xqtc0000gn/T/cibw-run-ox002b5n/cp39-macosx_arm64/build/venv, clear=False, no_vcs_ignore=False, global=False)
2022-12-27T02:56:01.1642430Z   seeder FromAppData(download=False, pip=22.3.1, setuptools=65.6.3, wheel=0.38.4, via=symlink, app_data_dir=/Users/runner/Library/Application Support/virtualenv)
2022-12-27T02:56:01.1642760Z     added seed packages: pip==22.3.1, setuptools==65.6.3, wheel==0.38.4
2022-12-27T02:56:01.1762200Z + python -m pip install --upgrade pip -c /Users/runner/hostedtoolcache/Python/3.9.16/x64/lib/python3.9/site-packages/cibuildwheel/resources/constraints-python39.txt
2022-12-27T02:56:01.4802920Z Requirement already satisfied: pip in ./lib/python3.9/site-packages (22.3.1)
2022-12-27T02:56:04.2318800Z + which pip
2022-12-27T02:56:04.2339280Z /private/var/folders/51/hd414ycd67n82196sw51xqtc0000gn/T/cibw-run-ox002b5n/cp39-macosx_arm64/build/venv/bin/pip
2022-12-27T02:56:04.2342210Z + pip --version
2022-12-27T02:56:04.4492850Z pip 22.3.1 from /private/var/folders/51/hd414ycd67n82196sw51xqtc0000gn/T/cibw-run-ox002b5n/cp39-macosx_arm64/build/venv/lib/python3.9/site-packages/pip (python 3.9)
2022-12-27T02:56:04.4710240Z + which pip
2022-12-27T02:56:04.4740950Z + which python
2022-12-27T02:56:04.4761230Z /private/var/folders/51/hd414ycd67n82196sw51xqtc0000gn/T/cibw-run-ox002b5n/cp39-macosx_arm64/build/venv/bin/python
2022-12-27T02:56:04.4764920Z + python --version
2022-12-27T02:56:04.4818760Z Python 3.9.13
2022-12-27T02:56:04.4822730Z + which python
2022-12-27T02:56:04.4880620Z ##[endgroup]
2022-12-27T02:56:04.4881410Z                                                               [32m✓ [0m3.51s
2022-12-27T02:56:04.4882100Z ##[group]Installing build tools...
2022-12-27T02:56:04.4882400Z 
2022-12-27T02:56:04.4882920Z + pip install --upgrade setuptools wheel delocate -c /Users/runner/hostedtoolcache/Python/3.9.16/x64/lib/python3.9/site-packages/cibuildwheel/resources/constraints-python39.txt
2022-12-27T02:56:04.7808730Z Requirement already satisfied: setuptools in /private/var/folders/51/hd414ycd67n82196sw51xqtc0000gn/T/cibw-run-ox002b5n/cp39-macosx_arm64/build/venv/lib/python3.9/site-packages (65.6.3)
2022-12-27T02:56:05.7407030Z Requirement already satisfied: wheel in /private/var/folders/51/hd414ycd67n82196sw51xqtc0000gn/T/cibw-run-ox002b5n/cp39-macosx_arm64/build/venv/lib/python3.9/site-packages (0.38.4)
2022-12-27T02:56:05.8406510Z Collecting delocate
2022-12-27T02:56:05.8435740Z   Using cached delocate-0.10.3-py3-none-any.whl (142 kB)
2022-12-27T02:56:05.8754640Z Collecting typing-extensions
2022-12-27T02:56:05.8779860Z   Using cached typing_extensions-4.4.0-py3-none-any.whl (26 kB)
2022-12-27T02:56:05.9059250Z Collecting packaging>=20.9
2022-12-27T02:56:05.9084180Z   Using cached packaging-21.3-py3-none-any.whl (40 kB)
2022-12-27T02:56:05.9488990Z Collecting pyparsing!=3.0.5,>=2.0.2
2022-12-27T02:56:05.9514660Z   Using cached pyparsing-3.0.9-py3-none-any.whl (98 kB)
2022-12-27T02:56:05.9889330Z Installing collected packages: typing-extensions, pyparsing, packaging, delocate
2022-12-27T02:56:06.1423460Z Successfully installed delocate-0.10.3 packaging-21.3 pyparsing-3.0.9 typing-extensions-4.4.0
2022-12-27T02:56:06.1870650Z ##[endgroup]
2022-12-27T02:56:06.1871360Z                                                               [32m✓ [0m1.70s
2022-12-27T02:56:06.1871710Z ##[group]Running before_build...
2022-12-27T02:56:06.1871860Z 
2022-12-27T02:56:06.1878870Z + pip install Cython; if [[ -f requirements.txt ]]; then pip install -r requirements.txt; fi
2022-12-27T02:56:07.9044040Z Collecting Cython
2022-12-27T02:56:07.9091790Z   Using cached Cython-0.29.32-py2.py3-none-any.whl (986 kB)
2022-12-27T02:56:07.9583950Z Installing collected packages: Cython
2022-12-27T02:56:08.4301830Z Successfully installed Cython-0.29.32
2022-12-27T02:56:09.2865050Z Collecting coverage>=4.0
2022-12-27T02:56:09.2895850Z   Using cached coverage-7.0.1-cp39-cp39-macosx_10_9_x86_64.whl (188 kB)
2022-12-27T02:56:09.2932180Z Requirement already satisfied: cython>=0.23 in /private/var/folders/51/hd414ycd67n82196sw51xqtc0000gn/T/cibw-run-ox002b5n/cp39-macosx_arm64/build/venv/lib/python3.9/site-packages (from -r requirements.txt (line 3)) (0.29.32)
2022-12-27T02:56:09.3079940Z Collecting enum34>=1.0.4
2022-12-27T02:56:09.3102340Z   Using cached enum34-1.1.10-py3-none-any.whl (11 kB)
2022-12-27T02:56:09.3257130Z Collecting futures>=2.2.0
2022-12-27T02:56:09.3258900Z   Using cached futures-3.0.5-py3-none-any.whl
2022-12-27T02:56:09.6375710Z Collecting protobuf>=3.2.0
2022-12-27T02:56:09.6408140Z   Using cached protobuf-4.21.12-cp37-abi3-macosx_10_9_universal2.whl (486 kB)
2022-12-27T02:56:09.6610760Z Collecting six>=1.10
2022-12-27T02:56:09.6632370Z   Using cached six-1.16.0-py2.py3-none-any.whl (11 kB)
2022-12-27T02:56:09.6649570Z Requirement already satisfied: wheel>=0.29 in /private/var/folders/51/hd414ycd67n82196sw51xqtc0000gn/T/cibw-run-ox002b5n/cp39-macosx_arm64/build/venv/lib/python3.9/site-packages (from -r requirements.txt (line 8)) (0.38.4)
2022-12-27T02:56:09.7057960Z Installing collected packages: futures, enum34, six, protobuf, coverage
2022-12-27T02:56:09.9819810Z Successfully installed coverage-7.0.1 enum34-1.1.10 futures-3.0.5 protobuf-4.21.12 six-1.16.0
2022-12-27T02:56:10.0325500Z ##[endgroup]
2022-12-27T02:56:10.0326220Z                                                               [32m✓ [0m3.85s
2022-12-27T02:56:10.0326810Z ##[group]Building wheel...
2022-12-27T02:56:10.0326970Z 
2022-12-27T02:56:10.0331860Z + python -m pip wheel /Users/runner/actions-runner/_work/python.build/python.build/build_grpcio13539/grpcio-1.3.5 --wheel-dir=/private/var/folders/51/hd414ycd67n82196sw51xqtc0000gn/T/cibw-run-ox002b5n/cp39-macosx_arm64/built_wheel --no-deps -vvv
2022-12-27T02:56:10.3041110Z Created temporary directory: /private/var/folders/51/hd414ycd67n82196sw51xqtc0000gn/T/pip-ephem-wheel-cache-45k9t3yc
2022-12-27T02:56:10.3055560Z Created temporary directory: /private/var/folders/51/hd414ycd67n82196sw51xqtc0000gn/T/pip-build-tracker-sejlilgh
2022-12-27T02:56:10.3057370Z Initialized build tracking at /private/var/folders/51/hd414ycd67n82196sw51xqtc0000gn/T/pip-build-tracker-sejlilgh
2022-12-27T02:56:10.3059700Z Created build tracker: /private/var/folders/51/hd414ycd67n82196sw51xqtc0000gn/T/pip-build-tracker-sejlilgh
2022-12-27T02:56:10.3061380Z Entered build tracker: /private/var/folders/51/hd414ycd67n82196sw51xqtc0000gn/T/pip-build-tracker-sejlilgh
2022-12-27T02:56:10.3070530Z Created temporary directory: /private/var/folders/51/hd414ycd67n82196sw51xqtc0000gn/T/pip-wheel-ptn1mzic
2022-12-27T02:56:10.3076900Z Created temporary directory: /private/var/folders/51/hd414ycd67n82196sw51xqtc0000gn/T/pip-ephem-wheel-cache-1ethgisw
2022-12-27T02:56:10.3237160Z Processing /Users/runner/actions-runner/_work/python.build/python.build/build_grpcio13539/grpcio-1.3.5
2022-12-27T02:56:10.3242600Z   Added file:///Users/runner/actions-runner/_work/python.build/python.build/build_grpcio13539/grpcio-1.3.5 to build tracker '/private/var/folders/51/hd414ycd67n82196sw51xqtc0000gn/T/pip-build-tracker-sejlilgh'
2022-12-27T02:56:10.3246160Z   Running setup.py (path:/Users/runner/actions-runner/_work/python.build/python.build/build_grpcio13539/grpcio-1.3.5/setup.py) egg_info for package from file:///Users/runner/actions-runner/_work/python.build/python.build/build_grpcio13539/grpcio-1.3.5
2022-12-27T02:56:10.3249210Z   Created temporary directory: /private/var/folders/51/hd414ycd67n82196sw51xqtc0000gn/T/pip-pip-egg-info-hiuj1fg0
2022-12-27T02:56:10.3250880Z   Preparing metadata (setup.py): started
2022-12-27T02:56:10.3252680Z   Running command python setup.py egg_info
2022-12-27T02:56:10.7678050Z   /private/var/folders/51/hd414ycd67n82196sw51xqtc0000gn/T/cibw-run-ox002b5n/cp39-macosx_arm64/build/venv/lib/python3.9/site-packages/Cython/Compiler/Main.py:369: FutureWarning: Cython directive 'language_level' not set, using 2 for now (Py2). This will change in a later release! File: /Users/runner/actions-runner/_work/python.build/python.build/build_grpcio13539/grpcio-1.3.5/src/python/grpcio/grpc/_cython/cygrpc.pxd
2022-12-27T02:56:10.7679060Z     tree = Parsing.p_module(s, pxd, full_module_name)
2022-12-27T02:56:10.8271970Z   warning: src/python/grpcio/grpc/_cython/_cygrpc/grpc.pxi:150:13: 'GRPC_ARG_PRIMARY_USER_AGENT_STRING' redeclared
2022-12-27T02:56:11.8018830Z   Compiling src/python/grpcio/grpc/_cython/cygrpc.pyx because it depends on /private/var/folders/51/hd414ycd67n82196sw51xqtc0000gn/T/cibw-run-ox002b5n/cp39-macosx_arm64/build/venv/lib/python3.9/site-packages/Cython/Includes/libc/time.pxd.
2022-12-27T02:56:11.8019520Z   [1/1] Cythonizing src/python/grpcio/grpc/_cython/cygrpc.pyx
2022-12-27T02:56:11.8232730Z   running egg_info
2022-12-27T02:56:11.8237550Z   creating /private/var/folders/51/hd414ycd67n82196sw51xqtc0000gn/T/pip-pip-egg-info-hiuj1fg0/grpcio.egg-info
2022-12-27T02:56:11.8252420Z   writing /private/var/folders/51/hd414ycd67n82196sw51xqtc0000gn/T/pip-pip-egg-info-hiuj1fg0/grpcio.egg-info/PKG-INFO
2022-12-27T02:56:11.8255890Z   writing dependency_links to /private/var/folders/51/hd414ycd67n82196sw51xqtc0000gn/T/pip-pip-egg-info-hiuj1fg0/grpcio.egg-info/dependency_links.txt
2022-12-27T02:56:11.8259170Z   writing requirements to /private/var/folders/51/hd414ycd67n82196sw51xqtc0000gn/T/pip-pip-egg-info-hiuj1fg0/grpcio.egg-info/requires.txt
2022-12-27T02:56:11.8260740Z   writing top-level names to /private/var/folders/51/hd414ycd67n82196sw51xqtc0000gn/T/pip-pip-egg-info-hiuj1fg0/grpcio.egg-info/top_level.txt
2022-12-27T02:56:11.8264100Z   writing manifest file '/private/var/folders/51/hd414ycd67n82196sw51xqtc0000gn/T/pip-pip-egg-info-hiuj1fg0/grpcio.egg-info/SOURCES.txt'
2022-12-27T02:56:11.8361010Z   reading manifest file '/private/var/folders/51/hd414ycd67n82196sw51xqtc0000gn/T/pip-pip-egg-info-hiuj1fg0/grpcio.egg-info/SOURCES.txt'
2022-12-27T02:56:11.8363380Z   reading manifest template 'PYTHON-MANIFEST.in'
2022-12-27T02:56:11.8392360Z   warning: no files found matching '*.h' under directory 'src/python/grpcio/grpc'
2022-12-27T02:56:11.8462950Z   warning: no files found matching '*.python' under directory 'src/python/grpcio/grpc'
2022-12-27T02:56:11.8480560Z   warning: no previously-included files matching '*.so' found under directory 'src/python/grpcio/grpc/_cython'
2022-12-27T02:56:11.8482920Z   warning: no previously-included files matching '*.pyd' found under directory 'src/python/grpcio/grpc/_cython'
2022-12-27T02:56:11.9103160Z   warning: no files found matching 'src/python/grpcio/precompiled.py'
2022-12-27T02:56:11.9506630Z   writing manifest file '/private/var/folders/51/hd414ycd67n82196sw51xqtc0000gn/T/pip-pip-egg-info-hiuj1fg0/grpcio.egg-info/SOURCES.txt'
2022-12-27T02:56:12.0207360Z   Preparing metadata (setup.py): finished with status 'done'
2022-12-27T02:56:12.0232890Z   Source in /Users/runner/actions-runner/_work/python.build/python.build/build_grpcio13539/grpcio-1.3.5 has version 1.3.5, which satisfies requirement grpcio==1.3.5 from file:///Users/runner/actions-runner/_work/python.build/python.build/build_grpcio13539/grpcio-1.3.5
2022-12-27T02:56:12.0236250Z   Removed grpcio==1.3.5 from file:///Users/runner/actions-runner/_work/python.build/python.build/build_grpcio13539/grpcio-1.3.5 from build tracker '/private/var/folders/51/hd414ycd67n82196sw51xqtc0000gn/T/pip-build-tracker-sejlilgh'
2022-12-27T02:56:12.0254210Z Created temporary directory: /private/var/folders/51/hd414ycd67n82196sw51xqtc0000gn/T/pip-unpack-mph9ko9b
2022-12-27T02:56:12.0255850Z Building wheels for collected packages: grpcio
2022-12-27T02:56:12.0261640Z   Created temporary directory: /private/var/folders/51/hd414ycd67n82196sw51xqtc0000gn/T/pip-wheel-1f1_odmz
2022-12-27T02:56:12.0263310Z   Building wheel for grpcio (setup.py): started
2022-12-27T02:56:12.0265250Z   Destination directory: /private/var/folders/51/hd414ycd67n82196sw51xqtc0000gn/T/pip-wheel-1f1_odmz
2022-12-27T02:56:12.0266390Z   Running command python setup.py bdist_wheel
2022-12-27T02:56:12.4493450Z   running bdist_wheel
2022-12-27T02:56:12.4523140Z   running build
2022-12-27T02:56:12.4525300Z   running build_py
2022-12-27T02:56:12.4527350Z   running build_project_metadata
2022-12-27T02:56:12.4531480Z   creating python_build
2022-12-27T02:56:12.4533790Z   creating python_build/lib.macosx-11.0-arm64-cpython-39
2022-12-27T02:56:12.4535650Z   creating python_build/lib.macosx-11.0-arm64-cpython-39/grpc
2022-12-27T02:56:12.4537400Z   copying src/python/grpcio/grpc/_channel.py -> python_build/lib.macosx-11.0-arm64-cpython-39/grpc
2022-12-27T02:56:12.4538850Z   copying src/python/grpcio/grpc/_common.py -> python_build/lib.macosx-11.0-arm64-cpython-39/grpc
2022-12-27T02:56:12.4541670Z   copying src/python/grpcio/grpc/__init__.py -> python_build/lib.macosx-11.0-arm64-cpython-39/grpc
2022-12-27T02:56:12.4545120Z   copying src/python/grpcio/grpc/_utilities.py -> python_build/lib.macosx-11.0-arm64-cpython-39/grpc
2022-12-27T02:56:12.4548520Z   copying src/python/grpcio/grpc/_plugin_wrapping.py -> python_build/lib.macosx-11.0-arm64-cpython-39/grpc
2022-12-27T02:56:12.4550410Z   copying src/python/grpcio/grpc/_grpcio_metadata.py -> python_build/lib.macosx-11.0-arm64-cpython-39/grpc
2022-12-27T02:56:12.4553320Z   copying src/python/grpcio/grpc/_server.py -> python_build/lib.macosx-11.0-arm64-cpython-39/grpc
2022-12-27T02:56:12.4558340Z   copying src/python/grpcio/grpc/_auth.py -> python_build/lib.macosx-11.0-arm64-cpython-39/grpc
2022-12-27T02:56:12.4560580Z   copying src/python/grpcio/grpc/_credential_composition.py -> python_build/lib.macosx-11.0-arm64-cpython-39/grpc
2022-12-27T02:56:12.4564870Z   creating python_build/lib.macosx-11.0-arm64-cpython-39/grpc/beta
2022-12-27T02:56:12.4566810Z   copying src/python/grpcio/grpc/beta/_server_adaptations.py -> python_build/lib.macosx-11.0-arm64-cpython-39/grpc/beta
2022-12-27T02:56:12.4568210Z   copying src/python/grpcio/grpc/beta/interfaces.py -> python_build/lib.macosx-11.0-arm64-cpython-39/grpc/beta
2022-12-27T02:56:12.4572760Z   copying src/python/grpcio/grpc/beta/__init__.py -> python_build/lib.macosx-11.0-arm64-cpython-39/grpc/beta
2022-12-27T02:56:12.4574870Z   copying src/python/grpcio/grpc/beta/utilities.py -> python_build/lib.macosx-11.0-arm64-cpython-39/grpc/beta
2022-12-27T02:56:12.4576880Z   copying src/python/grpcio/grpc/beta/implementations.py -> python_build/lib.macosx-11.0-arm64-cpython-39/grpc/beta
2022-12-27T02:56:12.4579410Z   copying src/python/grpcio/grpc/beta/_client_adaptations.py -> python_build/lib.macosx-11.0-arm64-cpython-39/grpc/beta
2022-12-27T02:56:12.4584370Z   creating python_build/lib.macosx-11.0-arm64-cpython-39/grpc/framework
2022-12-27T02:56:12.4586070Z   copying src/python/grpcio/grpc/framework/__init__.py -> python_build/lib.macosx-11.0-arm64-cpython-39/grpc/framework
2022-12-27T02:56:12.4589880Z   creating python_build/lib.macosx-11.0-arm64-cpython-39/grpc/_cython
2022-12-27T02:56:12.4591560Z   copying src/python/grpcio/grpc/_cython/__init__.py -> python_build/lib.macosx-11.0-arm64-cpython-39/grpc/_cython
2022-12-27T02:56:12.4597160Z   creating python_build/lib.macosx-11.0-arm64-cpython-39/grpc/framework/foundation
2022-12-27T02:56:12.4598920Z   copying src/python/grpcio/grpc/framework/foundation/callable_util.py -> python_build/lib.macosx-11.0-arm64-cpython-39/grpc/framework/foundation
2022-12-27T02:56:12.4601560Z   copying src/python/grpcio/grpc/framework/foundation/abandonment.py -> python_build/lib.macosx-11.0-arm64-cpython-39/grpc/framework/foundation
2022-12-27T02:56:12.4604540Z   copying src/python/grpcio/grpc/framework/foundation/__init__.py -> python_build/lib.macosx-11.0-arm64-cpython-39/grpc/framework/foundation
2022-12-27T02:56:12.4607340Z   copying src/python/grpcio/grpc/framework/foundation/stream.py -> python_build/lib.macosx-11.0-arm64-cpython-39/grpc/framework/foundation
2022-12-27T02:56:12.4609840Z   copying src/python/grpcio/grpc/framework/foundation/stream_util.py -> python_build/lib.macosx-11.0-arm64-cpython-39/grpc/framework/foundation
2022-12-27T02:56:12.4612590Z   copying src/python/grpcio/grpc/framework/foundation/future.py -> python_build/lib.macosx-11.0-arm64-cpython-39/grpc/framework/foundation
2022-12-27T02:56:12.4615220Z   copying src/python/grpcio/grpc/framework/foundation/logging_pool.py -> python_build/lib.macosx-11.0-arm64-cpython-39/grpc/framework/foundation
2022-12-27T02:56:12.4619970Z   creating python_build/lib.macosx-11.0-arm64-cpython-39/grpc/framework/common
2022-12-27T02:56:12.4621490Z   copying src/python/grpcio/grpc/framework/common/style.py -> python_build/lib.macosx-11.0-arm64-cpython-39/grpc/framework/common
2022-12-27T02:56:12.4624610Z   copying src/python/grpcio/grpc/framework/common/cardinality.py -> python_build/lib.macosx-11.0-arm64-cpython-39/grpc/framework/common
2022-12-27T02:56:12.4689510Z   copying src/python/grpcio/grpc/framework/common/__init__.py -> python_build/lib.macosx-11.0-arm64-cpython-39/grpc/framework/common
2022-12-27T02:56:12.4690250Z   creating python_build/lib.macosx-11.0-arm64-cpython-39/grpc/framework/interfaces
2022-12-27T02:56:12.4691440Z   copying src/python/grpcio/grpc/framework/interfaces/__init__.py -> python_build/lib.macosx-11.0-arm64-cpython-39/grpc/framework/interfaces
2022-12-27T02:56:12.4692160Z   creating python_build/lib.macosx-11.0-arm64-cpython-39/grpc/framework/interfaces/face
2022-12-27T02:56:12.4692960Z   copying src/python/grpcio/grpc/framework/interfaces/face/__init__.py -> python_build/lib.macosx-11.0-arm64-cpython-39/grpc/framework/interfaces/face
2022-12-27T02:56:12.4693660Z   copying src/python/grpcio/grpc/framework/interfaces/face/utilities.py -> python_build/lib.macosx-11.0-arm64-cpython-39/grpc/framework/interfaces/face
2022-12-27T02:56:12.4694460Z   copying src/python/grpcio/grpc/framework/interfaces/face/face.py -> python_build/lib.macosx-11.0-arm64-cpython-39/grpc/framework/interfaces/face
2022-12-27T02:56:12.4695130Z   creating python_build/lib.macosx-11.0-arm64-cpython-39/grpc/framework/interfaces/base
2022-12-27T02:56:12.4695750Z   copying src/python/grpcio/grpc/framework/interfaces/base/__init__.py -> python_build/lib.macosx-11.0-arm64-cpython-39/grpc/framework/interfaces/base
2022-12-27T02:56:12.4696700Z   copying src/python/grpcio/grpc/framework/interfaces/base/utilities.py -> python_build/lib.macosx-11.0-arm64-cpython-39/grpc/framework/interfaces/base
2022-12-27T02:56:12.4697180Z   copying src/python/grpcio/grpc/framework/interfaces/base/base.py -> python_build/lib.macosx-11.0-arm64-cpython-39/grpc/framework/interfaces/base
2022-12-27T02:56:12.4697560Z   creating python_build/lib.macosx-11.0-arm64-cpython-39/grpc/_cython/_cygrpc
2022-12-27T02:56:12.4697930Z   copying src/python/grpcio/grpc/_cython/_cygrpc/__init__.py -> python_build/lib.macosx-11.0-arm64-cpython-39/grpc/_cython/_cygrpc
2022-12-27T02:56:12.4698240Z   creating python_build/lib.macosx-11.0-arm64-cpython-39/grpc/_cython/_credentials
2022-12-27T02:56:12.4698700Z   copying src/python/grpcio/grpc/_cython/_credentials/roots.pem -> python_build/lib.macosx-11.0-arm64-cpython-39/grpc/_cython/_credentials
2022-12-27T02:56:12.4698970Z   running build_ext
2022-12-27T02:56:12.4988680Z   Found cython-generated files...
2022-12-27T02:56:12.4997670Z   building 'grpc._cython.cygrpc' extension
2022-12-27T02:56:12.5026810Z   creating python_build/temp.macosx-11.0-arm64-cpython-39
2022-12-27T02:56:12.5028840Z   creating python_build/temp.macosx-11.0-arm64-cpython-39/src
2022-12-27T02:56:12.5030700Z   creating python_build/temp.macosx-11.0-arm64-cpython-39/src/boringssl
2022-12-27T02:56:12.5032790Z   creating python_build/temp.macosx-11.0-arm64-cpython-39/src/core
2022-12-27T02:56:12.5034550Z   creating python_build/temp.macosx-11.0-arm64-cpython-39/src/core/ext
2022-12-27T02:56:12.5036260Z   creating python_build/temp.macosx-11.0-arm64-cpython-39/src/core/ext/census
2022-12-27T02:56:12.5037780Z   creating python_build/temp.macosx-11.0-arm64-cpython-39/src/core/ext/census/gen
2022-12-27T02:56:12.5039200Z   creating python_build/temp.macosx-11.0-arm64-cpython-39/src/core/ext/filters
2022-12-27T02:56:12.5040560Z   creating python_build/temp.macosx-11.0-arm64-cpython-39/src/core/ext/filters/client_channel
2022-12-27T02:56:12.5042140Z   creating python_build/temp.macosx-11.0-arm64-cpython-39/src/core/ext/filters/client_channel/lb_policy
2022-12-27T02:56:12.5043780Z   creating python_build/temp.macosx-11.0-arm64-cpython-39/src/core/ext/filters/client_channel/lb_policy/grpclb
2022-12-27T02:56:12.5045230Z   creating python_build/temp.macosx-11.0-arm64-cpython-39/src/core/ext/filters/client_channel/lb_policy/grpclb/proto
2022-12-27T02:56:12.5046480Z   creating python_build/temp.macosx-11.0-arm64-cpython-39/src/core/ext/filters/client_channel/lb_policy/grpclb/proto/grpc
2022-12-27T02:56:12.5047900Z   creating python_build/temp.macosx-11.0-arm64-cpython-39/src/core/ext/filters/client_channel/lb_policy/grpclb/proto/grpc/lb
2022-12-27T02:56:12.5049490Z   creating python_build/temp.macosx-11.0-arm64-cpython-39/src/core/ext/filters/client_channel/lb_policy/grpclb/proto/grpc/lb/v1
2022-12-27T02:56:12.5050960Z   creating python_build/temp.macosx-11.0-arm64-cpython-39/src/core/ext/filters/client_channel/lb_policy/pick_first
2022-12-27T02:56:12.5052410Z   creating python_build/temp.macosx-11.0-arm64-cpython-39/src/core/ext/filters/client_channel/lb_policy/round_robin
2022-12-27T02:56:12.5053780Z   creating python_build/temp.macosx-11.0-arm64-cpython-39/src/core/ext/filters/client_channel/resolver
2022-12-27T02:56:12.5055480Z   creating python_build/temp.macosx-11.0-arm64-cpython-39/src/core/ext/filters/client_channel/resolver/dns
2022-12-27T02:56:12.5056800Z   creating python_build/temp.macosx-11.0-arm64-cpython-39/src/core/ext/filters/client_channel/resolver/dns/c_ares
2022-12-27T02:56:12.5058200Z   creating python_build/temp.macosx-11.0-arm64-cpython-39/src/core/ext/filters/client_channel/resolver/dns/native
2022-12-27T02:56:12.5059690Z   creating python_build/temp.macosx-11.0-arm64-cpython-39/src/core/ext/filters/client_channel/resolver/sockaddr
2022-12-27T02:56:12.5061110Z   creating python_build/temp.macosx-11.0-arm64-cpython-39/src/core/ext/filters/load_reporting
2022-12-27T02:56:12.5062520Z   creating python_build/temp.macosx-11.0-arm64-cpython-39/src/core/ext/filters/max_age
2022-12-27T02:56:12.5063920Z   creating python_build/temp.macosx-11.0-arm64-cpython-39/src/core/ext/transport
2022-12-27T02:56:12.5065330Z   creating python_build/temp.macosx-11.0-arm64-cpython-39/src/core/ext/transport/chttp2
2022-12-27T02:56:12.5066740Z   creating python_build/temp.macosx-11.0-arm64-cpython-39/src/core/ext/transport/chttp2/alpn
2022-12-27T02:56:12.5068200Z   creating python_build/temp.macosx-11.0-arm64-cpython-39/src/core/ext/transport/chttp2/client
2022-12-27T02:56:12.5069780Z   creating python_build/temp.macosx-11.0-arm64-cpython-39/src/core/ext/transport/chttp2/client/insecure
2022-12-27T02:56:12.5071180Z   creating python_build/temp.macosx-11.0-arm64-cpython-39/src/core/ext/transport/chttp2/client/secure
2022-12-27T02:56:12.5073050Z   creating python_build/temp.macosx-11.0-arm64-cpython-39/src/core/ext/transport/chttp2/server
2022-12-27T02:56:12.5074200Z   creating python_build/temp.macosx-11.0-arm64-cpython-39/src/core/ext/transport/chttp2/server/insecure
2022-12-27T02:56:12.5075800Z   creating python_build/temp.macosx-11.0-arm64-cpython-39/src/core/ext/transport/chttp2/server/secure
2022-12-27T02:56:12.5077410Z   creating python_build/temp.macosx-11.0-arm64-cpython-39/src/core/ext/transport/chttp2/transport
2022-12-27T02:56:12.5079490Z   creating python_build/temp.macosx-11.0-arm64-cpython-39/src/core/lib
2022-12-27T02:56:12.5081500Z   creating python_build/temp.macosx-11.0-arm64-cpython-39/src/core/lib/channel
2022-12-27T02:56:12.5083270Z   creating python_build/temp.macosx-11.0-arm64-cpython-39/src/core/lib/compression
2022-12-27T02:56:12.5085700Z   creating python_build/temp.macosx-11.0-arm64-cpython-39/src/core/lib/debug
2022-12-27T02:56:12.5087660Z   creating python_build/temp.macosx-11.0-arm64-cpython-39/src/core/lib/http
2022-12-27T02:56:12.5089460Z   creating python_build/temp.macosx-11.0-arm64-cpython-39/src/core/lib/iomgr
2022-12-27T02:56:12.5097420Z   creating python_build/temp.macosx-11.0-arm64-cpython-39/src/core/lib/json
2022-12-27T02:56:12.5098990Z   creating python_build/temp.macosx-11.0-arm64-cpython-39/src/core/lib/profiling
2022-12-27T02:56:12.5101380Z   creating python_build/temp.macosx-11.0-arm64-cpython-39/src/core/lib/security
2022-12-27T02:56:12.5103040Z   creating python_build/temp.macosx-11.0-arm64-cpython-39/src/core/lib/security/context
2022-12-27T02:56:12.5104590Z   creating python_build/temp.macosx-11.0-arm64-cpython-39/src/core/lib/security/credentials
2022-12-27T02:56:12.5106390Z   creating python_build/temp.macosx-11.0-arm64-cpython-39/src/core/lib/security/credentials/composite
2022-12-27T02:56:12.5107900Z   creating python_build/temp.macosx-11.0-arm64-cpython-39/src/core/lib/security/credentials/fake
2022-12-27T02:56:12.5109720Z   creating python_build/temp.macosx-11.0-arm64-cpython-39/src/core/lib/security/credentials/google_default
2022-12-27T02:56:12.5111430Z   creating python_build/temp.macosx-11.0-arm64-cpython-39/src/core/lib/security/credentials/iam
2022-12-27T02:56:12.5112970Z   creating python_build/temp.macosx-11.0-arm64-cpython-39/src/core/lib/security/credentials/jwt
2022-12-27T02:56:12.5114530Z   creating python_build/temp.macosx-11.0-arm64-cpython-39/src/core/lib/security/credentials/oauth2
2022-12-27T02:56:12.5116120Z   creating python_build/temp.macosx-11.0-arm64-cpython-39/src/core/lib/security/credentials/plugin
2022-12-27T02:56:12.5117610Z   creating python_build/temp.macosx-11.0-arm64-cpython-39/src/core/lib/security/credentials/ssl
2022-12-27T02:56:12.5119180Z   creating python_build/temp.macosx-11.0-arm64-cpython-39/src/core/lib/security/transport
2022-12-27T02:56:12.5120690Z   creating python_build/temp.macosx-11.0-arm64-cpython-39/src/core/lib/security/util
2022-12-27T02:56:12.5122320Z   creating python_build/temp.macosx-11.0-arm64-cpython-39/src/core/lib/slice
2022-12-27T02:56:12.5124780Z   creating python_build/temp.macosx-11.0-arm64-cpython-39/src/core/lib/support
2022-12-27T02:56:12.5130180Z   creating python_build/temp.macosx-11.0-arm64-cpython-39/src/core/lib/surface
2022-12-27T02:56:12.5133790Z   creating python_build/temp.macosx-11.0-arm64-cpython-39/src/core/lib/transport
2022-12-27T02:56:12.5136430Z   creating python_build/temp.macosx-11.0-arm64-cpython-39/src/core/plugin_registry
2022-12-27T02:56:12.5138270Z   creating python_build/temp.macosx-11.0-arm64-cpython-39/src/core/tsi
2022-12-27T02:56:12.5140480Z   creating python_build/temp.macosx-11.0-arm64-cpython-39/src/python
2022-12-27T02:56:12.5142150Z   creating python_build/temp.macosx-11.0-arm64-cpython-39/src/python/grpcio
2022-12-27T02:56:12.5143870Z   creating python_build/temp.macosx-11.0-arm64-cpython-39/src/python/grpcio/grpc
2022-12-27T02:56:12.5145700Z   creating python_build/temp.macosx-11.0-arm64-cpython-39/src/python/grpcio/grpc/_cython
2022-12-27T02:56:12.5147280Z   creating python_build/temp.macosx-11.0-arm64-cpython-39/third_party
2022-12-27T02:56:12.5148840Z   creating python_build/temp.macosx-11.0-arm64-cpython-39/third_party/boringssl
2022-12-27T02:56:12.5150340Z   creating python_build/temp.macosx-11.0-arm64-cpython-39/third_party/boringssl/crypto
2022-12-27T02:56:12.5151860Z   creating python_build/temp.macosx-11.0-arm64-cpython-39/third_party/boringssl/crypto/aes
2022-12-27T02:56:12.5153430Z   creating python_build/temp.macosx-11.0-arm64-cpython-39/third_party/boringssl/crypto/asn1
2022-12-27T02:56:12.5156200Z   creating python_build/temp.macosx-11.0-arm64-cpython-39/third_party/boringssl/crypto/base64
2022-12-27T02:56:12.5157900Z   creating python_build/temp.macosx-11.0-arm64-cpython-39/third_party/boringssl/crypto/bio
2022-12-27T02:56:12.5159810Z   creating python_build/temp.macosx-11.0-arm64-cpython-39/third_party/boringssl/crypto/bn
2022-12-27T02:56:12.5161400Z   creating python_build/temp.macosx-11.0-arm64-cpython-39/third_party/boringssl/crypto/bn/asm
2022-12-27T02:56:12.5165430Z   creating python_build/temp.macosx-11.0-arm64-cpython-39/third_party/boringssl/crypto/buf
2022-12-27T02:56:12.5167180Z   creating python_build/temp.macosx-11.0-arm64-cpython-39/third_party/boringssl/crypto/bytestring
2022-12-27T02:56:12.5169140Z   creating python_build/temp.macosx-11.0-arm64-cpython-39/third_party/boringssl/crypto/chacha
2022-12-27T02:56:12.5170920Z   creating python_build/temp.macosx-11.0-arm64-cpython-39/third_party/boringssl/crypto/cipher
2022-12-27T02:56:12.5174090Z   creating python_build/temp.macosx-11.0-arm64-cpython-39/third_party/boringssl/crypto/cmac
2022-12-27T02:56:12.5176650Z   creating python_build/temp.macosx-11.0-arm64-cpython-39/third_party/boringssl/crypto/conf
2022-12-27T02:56:12.5177660Z   creating python_build/temp.macosx-11.0-arm64-cpython-39/third_party/boringssl/crypto/curve25519
2022-12-27T02:56:12.5179300Z   creating python_build/temp.macosx-11.0-arm64-cpython-39/third_party/boringssl/crypto/des
2022-12-27T02:56:12.5180880Z   creating python_build/temp.macosx-11.0-arm64-cpython-39/third_party/boringssl/crypto/dh
2022-12-27T02:56:12.5183240Z   creating python_build/temp.macosx-11.0-arm64-cpython-39/third_party/boringssl/crypto/digest
2022-12-27T02:56:12.5184920Z   creating python_build/temp.macosx-11.0-arm64-cpython-39/third_party/boringssl/crypto/dsa
2022-12-27T02:56:12.5186990Z   creating python_build/temp.macosx-11.0-arm64-cpython-39/third_party/boringssl/crypto/ec
2022-12-27T02:56:12.5189360Z   creating python_build/temp.macosx-11.0-arm64-cpython-39/third_party/boringssl/crypto/ecdh
2022-12-27T02:56:12.5191150Z   creating python_build/temp.macosx-11.0-arm64-cpython-39/third_party/boringssl/crypto/ecdsa
2022-12-27T02:56:12.5192750Z   creating python_build/temp.macosx-11.0-arm64-cpython-39/third_party/boringssl/crypto/engine
2022-12-27T02:56:12.5194590Z   creating python_build/temp.macosx-11.0-arm64-cpython-39/third_party/boringssl/crypto/err
2022-12-27T02:56:12.5196330Z   creating python_build/temp.macosx-11.0-arm64-cpython-39/third_party/boringssl/crypto/evp
2022-12-27T02:56:12.5198850Z   creating python_build/temp.macosx-11.0-arm64-cpython-39/third_party/boringssl/crypto/hkdf
2022-12-27T02:56:12.5200890Z   creating python_build/temp.macosx-11.0-arm64-cpython-39/third_party/boringssl/crypto/hmac
2022-12-27T02:56:12.5202630Z   creating python_build/temp.macosx-11.0-arm64-cpython-39/third_party/boringssl/crypto/lhash
2022-12-27T02:56:12.5204340Z   creating python_build/temp.macosx-11.0-arm64-cpython-39/third_party/boringssl/crypto/md4
2022-12-27T02:56:12.5206000Z   creating python_build/temp.macosx-11.0-arm64-cpython-39/third_party/boringssl/crypto/md5
2022-12-27T02:56:12.5207820Z   creating python_build/temp.macosx-11.0-arm64-cpython-39/third_party/boringssl/crypto/modes
2022-12-27T02:56:12.5210420Z   creating python_build/temp.macosx-11.0-arm64-cpython-39/third_party/boringssl/crypto/newhope
2022-12-27T02:56:12.5212490Z   creating python_build/temp.macosx-11.0-arm64-cpython-39/third_party/boringssl/crypto/obj
2022-12-27T02:56:12.5214440Z   creating python_build/temp.macosx-11.0-arm64-cpython-39/third_party/boringssl/crypto/pem
2022-12-27T02:56:12.5216830Z   creating python_build/temp.macosx-11.0-arm64-cpython-39/third_party/boringssl/crypto/pkcs8
2022-12-27T02:56:12.5218870Z   creating python_build/temp.macosx-11.0-arm64-cpython-39/third_party/boringssl/crypto/poly1305
2022-12-27T02:56:12.5221100Z   creating python_build/temp.macosx-11.0-arm64-cpython-39/third_party/boringssl/crypto/rand
2022-12-27T02:56:12.5223260Z   creating python_build/temp.macosx-11.0-arm64-cpython-39/third_party/boringssl/crypto/rc4
2022-12-27T02:56:12.5225110Z   creating python_build/temp.macosx-11.0-arm64-cpython-39/third_party/boringssl/crypto/rsa
2022-12-27T02:56:12.5226770Z   creating python_build/temp.macosx-11.0-arm64-cpython-39/third_party/boringssl/crypto/sha
2022-12-27T02:56:12.5228680Z   creating python_build/temp.macosx-11.0-arm64-cpython-39/third_party/boringssl/crypto/stack
2022-12-27T02:56:12.5230760Z   creating python_build/temp.macosx-11.0-arm64-cpython-39/third_party/boringssl/crypto/x509
2022-12-27T02:56:12.5236980Z   creating python_build/temp.macosx-11.0-arm64-cpython-39/third_party/boringssl/crypto/x509v3
2022-12-27T02:56:12.5241360Z   creating python_build/temp.macosx-11.0-arm64-cpython-39/third_party/boringssl/ssl
2022-12-27T02:56:12.5245980Z   creating python_build/temp.macosx-11.0-arm64-cpython-39/third_party/cares
2022-12-27T02:56:12.5247770Z   creating python_build/temp.macosx-11.0-arm64-cpython-39/third_party/cares/cares
2022-12-27T02:56:12.5252940Z   creating python_build/temp.macosx-11.0-arm64-cpython-39/third_party/nanopb
2022-12-27T02:56:12.5255280Z   creating python_build/temp.macosx-11.0-arm64-cpython-39/third_party/zlib
2022-12-27T02:56:12.5260350Z   gcc -Wno-unused-result -Wsign-compare -Wunreachable-code -fno-common -dynamic -DNDEBUG -g -fwrapv -O3 -Wall -g -I/usr/local/opt/openssl@3/include -I/usr/local/opt/openssl@3/include -arch arm64 -DOPENSSL_NO_ASM=1 -D_WIN32_WINNT=1536 -DGPR_BACKWARDS_COMPATIBILITY_MODE=1 -DHAVE_CONFIG_H=1 "-DPyMODINIT_FUNC=__attribute__((visibility (\"default\"))) PyObject*" -Isrc/python/grpcio -Iinclude -I. -Ithird_party/boringssl/include -Ithird_party/zlib -Ithird_party/cares -Ithird_party/cares/cares -Ithird_party/cares/config_darwin -I/private/var/folders/51/hd414ycd67n82196sw51xqtc0000gn/T/cibw-run-ox002b5n/cp39-macosx_arm64/build/venv/include -I/Library/Frameworks/Python.framework/Versions/3.9/include/python3.9 -c src/boringssl/err_data.c -o python_build/temp.macosx-11.0-arm64-cpython-39/src/boringssl/err_data.o -fvisibility=hidden -fno-wrapv -pthread -std=gnu99
2022-12-27T02:56:12.5637480Z   In file included from src/boringssl/err_data.c:17:
2022-12-27T02:56:12.5639080Z   third_party/boringssl/include/openssl/base.h:120:9: warning: 'OPENSSL_VERSION_NUMBER' macro redefined [-Wmacro-redefined]
2022-12-27T02:56:12.5640860Z   #define OPENSSL_VERSION_NUMBER 0x10002000
2022-12-27T02:56:12.5642410Z           ^
2022-12-27T02:56:12.5644390Z   /usr/local/opt/openssl@3/include/openssl/opensslv.h:99:10: note: previous definition is here
2022-12-27T02:56:12.5646230Z   # define OPENSSL_VERSION_NUMBER          \
2022-12-27T02:56:12.5647370Z            ^
2022-12-27T02:56:12.5649090Z   In file included from src/boringssl/err_data.c:18:
2022-12-27T02:56:12.5650520Z   In file included from /usr/local/opt/openssl@3/include/openssl/err.h:21:
2022-12-27T02:56:12.5652240Z   /usr/local/opt/openssl@3/include/openssl/e_os2.h:183:11: warning: 'OPENSSL_EXPORT' macro redefined [-Wmacro-redefined]
2022-12-27T02:56:12.5653420Z   #  define OPENSSL_EXPORT extern
2022-12-27T02:56:12.5654710Z             ^
2022-12-27T02:56:12.5656260Z   third_party/boringssl/include/openssl/base.h:155:9: note: previous definition is here
2022-12-27T02:56:12.5657600Z   #define OPENSSL_EXPORT
2022-12-27T02:56:12.5658990Z           ^
2022-12-27T02:56:12.5703040Z   In file included from src/boringssl/err_data.c:18:
2022-12-27T02:56:12.5704860Z   In file included from /usr/local/opt/openssl@3/include/openssl/err.h:28:
2022-12-27T02:56:12.5706570Z   In file included from /usr/local/opt/openssl@3/include/openssl/types.h:21:
2022-12-27T02:56:12.5708420Z   /usr/local/opt/openssl@3/include/openssl/safestack.h:264:15: warning: redefinition of typedef 'OPENSSL_BLOCK' is a C11 feature [-Wtypedef-redefinition]
2022-12-27T02:56:12.5709710Z   typedef void *OPENSSL_BLOCK;
2022-12-27T02:56:12.5710940Z                 ^
2022-12-27T02:56:12.5712650Z   third_party/boringssl/include/openssl/base.h:298:15: note: previous definition is here
2022-12-27T02:56:12.5713790Z   typedef void *OPENSSL_BLOCK;
2022-12-27T02:56:12.5715530Z                 ^
2022-12-27T02:56:12.5716560Z   In file included from src/boringssl/err_data.c:18:
2022-12-27T02:56:12.5718030Z   In file included from /usr/local/opt/openssl@3/include/openssl/err.h:28:
2022-12-27T02:56:12.5719760Z   /usr/local/opt/openssl@3/include/openssl/types.h:45:31: warning: redefinition of typedef 'ASN1_INTEGER' is a C11 feature [-Wtypedef-redefinition]
2022-12-27T02:56:12.5720810Z   typedef struct asn1_string_st ASN1_INTEGER;
2022-12-27T02:56:12.5722160Z                                 ^
2022-12-27T02:56:12.5723600Z   third_party/boringssl/include/openssl/base.h:189:31: note: previous definition is here
2022-12-27T02:56:12.5725020Z   typedef struct asn1_string_st ASN1_INTEGER;
2022-12-27T02:56:12.5726270Z                                 ^
2022-12-27T02:56:12.5727760Z   In file included from src/boringssl/err_data.c:18:
2022-12-27T02:56:12.5729380Z   In file included from /usr/local/opt/openssl@3/include/openssl/err.h:28:
2022-12-27T02:56:12.5730880Z   /usr/local/opt/openssl@3/include/openssl/types.h:46:31: warning: redefinition of typedef 'ASN1_ENUMERATED' is a C11 feature [-Wtypedef-redefinition]
2022-12-27T02:56:12.5731960Z   typedef struct asn1_string_st ASN1_ENUMERATED;
2022-12-27T02:56:12.5733340Z                                 ^
2022-12-27T02:56:12.5734920Z   third_party/boringssl/include/openssl/base.h:185:31: note: previous definition is here
2022-12-27T02:56:12.5736320Z   typedef struct asn1_string_st ASN1_ENUMERATED;
2022-12-27T02:56:12.5737600Z                                 ^
2022-12-27T02:56:12.5739030Z   In file included from src/boringssl/err_data.c:18:
2022-12-27T02:56:12.5740540Z   In file included from /usr/local/opt/openssl@3/include/openssl/err.h:28:
2022-12-27T02:56:12.5742040Z   /usr/local/opt/openssl@3/include/openssl/types.h:47:31: warning: redefinition of typedef 'ASN1_BIT_STRING' is a C11 feature [-Wtypedef-redefinition]
2022-12-27T02:56:12.5743280Z   typedef struct asn1_string_st ASN1_BIT_STRING;
2022-12-27T02:56:12.5744580Z                                 ^
2022-12-27T02:56:12.5746090Z   third_party/boringssl/include/openssl/base.h:183:31: note: previous definition is here
2022-12-27T02:56:12.5747430Z   typedef struct asn1_string_st ASN1_BIT_STRING;
2022-12-27T02:56:12.5748840Z                                 ^
2022-12-27T02:56:12.5750260Z   In file included from src/boringssl/err_data.c:18:
2022-12-27T02:56:12.5751670Z   In file included from /usr/local/opt/openssl@3/include/openssl/err.h:28:
2022-12-27T02:56:12.5753320Z   /usr/local/opt/openssl@3/include/openssl/types.h:48:31: warning: redefinition of typedef 'ASN1_OCTET_STRING' is a C11 feature [-Wtypedef-redefinition]
2022-12-27T02:56:12.5754480Z   typedef struct asn1_string_st ASN1_OCTET_STRING;
2022-12-27T02:56:12.5755850Z                                 ^
2022-12-27T02:56:12.5757320Z   third_party/boringssl/include/openssl/base.h:190:31: note: previous definition is here
2022-12-27T02:56:12.5758680Z   typedef struct asn1_string_st ASN1_OCTET_STRING;
2022-12-27T02:56:12.5759970Z                                 ^
2022-12-27T02:56:12.5761390Z   In file included from src/boringssl/err_data.c:18:
2022-12-27T02:56:12.5762800Z   In file included from /usr/local/opt/openssl@3/include/openssl/err.h:28:
2022-12-27T02:56:12.5764450Z   /usr/local/opt/openssl@3/include/openssl/types.h:49:31: warning: redefinition of typedef 'ASN1_PRINTABLESTRING' is a C11 feature [-Wtypedef-redefinition]
2022-12-27T02:56:12.5765650Z   typedef struct asn1_string_st ASN1_PRINTABLESTRING;
2022-12-27T02:56:12.5766940Z                                 ^
2022-12-27T02:56:12.5768530Z   third_party/boringssl/include/openssl/base.h:191:31: note: previous definition is here
2022-12-27T02:56:12.5769930Z   typedef struct asn1_string_st ASN1_PRINTABLESTRING;
2022-12-27T02:56:12.5771250Z                                 ^
2022-12-27T02:56:12.5772640Z   In file included from src/boringssl/err_data.c:18:
2022-12-27T02:56:12.5774020Z   In file included from /usr/local/opt/openssl@3/include/openssl/err.h:28:
2022-12-27T02:56:12.5775650Z   /usr/local/opt/openssl@3/include/openssl/types.h:50:31: warning: redefinition of typedef 'ASN1_T61STRING' is a C11 feature [-Wtypedef-redefinition]
2022-12-27T02:56:12.5776820Z   typedef struct asn1_string_st ASN1_T61STRING;
2022-12-27T02:56:12.5778120Z                                 ^
2022-12-27T02:56:12.5779580Z   third_party/boringssl/include/openssl/base.h:193:31: note: previous definition is here
2022-12-27T02:56:12.5780910Z   typedef struct asn1_string_st ASN1_T61STRING;
2022-12-27T02:56:12.5782330Z                                 ^
2022-12-27T02:56:12.5783750Z   In file included from src/boringssl/err_data.c:18:
2022-12-27T02:56:12.5785100Z   In file included from /usr/local/opt/openssl@3/include/openssl/err.h:28:
2022-12-27T02:56:12.5787030Z   /usr/local/opt/openssl@3/include/openssl/types.h:51:31: warning: redefinition of typedef 'ASN1_IA5STRING' is a C11 feature [-Wtypedef-redefinition]
2022-12-27T02:56:12.5788390Z   typedef struct asn1_string_st ASN1_IA5STRING;
2022-12-27T02:56:12.5789590Z                                 ^
2022-12-27T02:56:12.5791000Z   third_party/boringssl/include/openssl/base.h:188:31: note: previous definition is here
2022-12-27T02:56:12.5792380Z   typedef struct asn1_string_st ASN1_IA5STRING;
2022-12-27T02:56:12.5793740Z                                 ^
2022-12-27T02:56:12.5795190Z   In file included from src/boringssl/err_data.c:18:
2022-12-27T02:56:12.5796630Z   In file included from /usr/local/opt/openssl@3/include/openssl/err.h:28:
2022-12-27T02:56:12.5798280Z   /usr/local/opt/openssl@3/include/openssl/types.h:52:31: warning: redefinition of typedef 'ASN1_GENERALSTRING' is a C11 feature [-Wtypedef-redefinition]
2022-12-27T02:56:12.5799480Z   typedef struct asn1_string_st ASN1_GENERALSTRING;
2022-12-27T02:56:12.5800770Z                                 ^
2022-12-27T02:56:12.5802400Z   third_party/boringssl/include/openssl/base.h:187:31: note: previous definition is here
2022-12-27T02:56:12.5803770Z   typedef struct asn1_string_st ASN1_GENERALSTRING;
2022-12-27T02:56:12.5805140Z                                 ^
2022-12-27T02:56:12.5806810Z   In file included from src/boringssl/err_data.c:18:
2022-12-27T02:56:12.5808040Z   In file included from /usr/local/opt/openssl@3/include/openssl/err.h:28:
2022-12-27T02:56:12.5809760Z   /usr/local/opt/openssl@3/include/openssl/types.h:53:31: warning: redefinition of typedef 'ASN1_UNIVERSALSTRING' is a C11 feature [-Wtypedef-redefinition]
2022-12-27T02:56:12.5810940Z   typedef struct asn1_string_st ASN1_UNIVERSALSTRING;
2022-12-27T02:56:12.5812170Z                                 ^
2022-12-27T02:56:12.5813730Z   third_party/boringssl/include/openssl/base.h:195:31: note: previous definition is here
2022-12-27T02:56:12.5815010Z   typedef struct asn1_string_st ASN1_UNIVERSALSTRING;
2022-12-27T02:56:12.5816410Z                                 ^
2022-12-27T02:56:12.5817760Z   In file included from src/boringssl/err_data.c:18:
2022-12-27T02:56:12.5819170Z   In file included from /usr/local/opt/openssl@3/include/openssl/err.h:28:
2022-12-27T02:56:12.5820880Z   /usr/local/opt/openssl@3/include/openssl/types.h:54:31: warning: redefinition of typedef 'ASN1_BMPSTRING' is a C11 feature [-Wtypedef-redefinition]
2022-12-27T02:56:12.5822070Z   typedef struct asn1_string_st ASN1_BMPSTRING;
2022-12-27T02:56:12.5823370Z                                 ^
2022-12-27T02:56:12.5824940Z   third_party/boringssl/include/openssl/base.h:184:31: note: previous definition is here
2022-12-27T02:56:12.5826190Z   typedef struct asn1_string_st ASN1_BMPSTRING;
2022-12-27T02:56:12.5827510Z                                 ^
2022-12-27T02:56:12.5828990Z   In file included from src/boringssl/err_data.c:18:
2022-12-27T02:56:12.5830390Z   In file included from /usr/local/opt/openssl@3/include/openssl/err.h:28:
2022-12-27T02:56:12.5832050Z   /usr/local/opt/openssl@3/include/openssl/types.h:55:31: warning: redefinition of typedef 'ASN1_UTCTIME' is a C11 feature [-Wtypedef-redefinition]
2022-12-27T02:56:12.5833260Z   typedef struct asn1_string_st ASN1_UTCTIME;
2022-12-27T02:56:12.5834540Z                                 ^
2022-12-27T02:56:12.5836030Z   third_party/boringssl/include/openssl/base.h:196:31: note: previous definition is here
2022-12-27T02:56:12.5837380Z   typedef struct asn1_string_st ASN1_UTCTIME;
2022-12-27T02:56:12.5838700Z                                 ^
2022-12-27T02:56:12.5840170Z   In file included from src/boringssl/err_data.c:18:
2022-12-27T02:56:12.5841560Z   In file included from /usr/local/opt/openssl@3/include/openssl/err.h:28:
2022-12-27T02:56:12.5843150Z   /usr/local/opt/openssl@3/include/openssl/types.h:56:31: warning: redefinition of typedef 'ASN1_TIME' is a C11 feature [-Wtypedef-redefinition]
2022-12-27T02:56:12.5844350Z   typedef struct asn1_string_st ASN1_TIME;
2022-12-27T02:56:12.5845710Z                                 ^
2022-12-27T02:56:12.5847210Z   third_party/boringssl/include/openssl/base.h:194:31: note: previous definition is here
2022-12-27T02:56:12.5848750Z   typedef struct asn1_string_st ASN1_TIME;
2022-12-27T02:56:12.5849960Z                                 ^
2022-12-27T02:56:12.5851360Z   In file included from src/boringssl/err_data.c:18:
2022-12-27T02:56:12.5852780Z   In file included from /usr/local/opt/openssl@3/include/openssl/err.h:28:
2022-12-27T02:56:12.5854460Z   /usr/local/opt/openssl@3/include/openssl/types.h:57:31: warning: redefinition of typedef 'ASN1_GENERALIZEDTIME' is a C11 feature [-Wtypedef-redefinition]
2022-12-27T02:56:12.5855630Z   typedef struct asn1_string_st ASN1_GENERALIZEDTIME;
2022-12-27T02:56:12.5856920Z                                 ^
2022-12-27T02:56:12.5858410Z   third_party/boringssl/include/openssl/base.h:186:31: note: previous definition is here
2022-12-27T02:56:12.5859760Z   typedef struct asn1_string_st ASN1_GENERALIZEDTIME;
2022-12-27T02:56:12.5861060Z                                 ^
2022-12-27T02:56:12.5862560Z   In file included from src/boringssl/err_data.c:18:
2022-12-27T02:56:12.5863960Z   In file included from /usr/local/opt/openssl@3/include/openssl/err.h:28:
2022-12-27T02:56:12.5865610Z   /usr/local/opt/openssl@3/include/openssl/types.h:58:31: warning: redefinition of typedef 'ASN1_VISIBLESTRING' is a C11 feature [-Wtypedef-redefinition]
2022-12-27T02:56:12.5866870Z   typedef struct asn1_string_st ASN1_VISIBLESTRING;
2022-12-27T02:56:12.5868070Z                                 ^
2022-12-27T02:56:12.5869600Z   third_party/boringssl/include/openssl/base.h:198:31: note: previous definition is here
2022-12-27T02:56:12.5870940Z   typedef struct asn1_string_st ASN1_VISIBLESTRING;
2022-12-27T02:56:12.5872230Z                                 ^
2022-12-27T02:56:12.5873620Z   In file included from src/boringssl/err_data.c:18:
2022-12-27T02:56:12.5875020Z   In file included from /usr/local/opt/openssl@3/include/openssl/err.h:28:
2022-12-27T02:56:12.5876690Z   /usr/local/opt/openssl@3/include/openssl/types.h:59:31: warning: redefinition of typedef 'ASN1_UTF8STRING' is a C11 feature [-Wtypedef-redefinition]
2022-12-27T02:56:12.5877820Z   typedef struct asn1_string_st ASN1_UTF8STRING;
2022-12-27T02:56:12.5879120Z                                 ^
2022-12-27T02:56:12.5880580Z   third_party/boringssl/include/openssl/base.h:197:31: note: previous definition is here
2022-12-27T02:56:12.5881940Z   typedef struct asn1_string_st ASN1_UTF8STRING;
2022-12-27T02:56:12.5883250Z                                 ^
2022-12-27T02:56:12.5884640Z   In file included from src/boringssl/err_data.c:18:
2022-12-27T02:56:12.5886040Z   In file included from /usr/local/opt/openssl@3/include/openssl/err.h:28:
2022-12-27T02:56:12.5887670Z   /usr/local/opt/openssl@3/include/openssl/types.h:60:31: warning: redefinition of typedef 'ASN1_STRING' is a C11 feature [-Wtypedef-redefinition]
2022-12-27T02:56:12.5888950Z   typedef struct asn1_string_st ASN1_STRING;
2022-12-27T02:56:12.5890280Z                                 ^
2022-12-27T02:56:12.5891850Z   third_party/boringssl/include/openssl/base.h:192:31: note: previous definition is here
2022-12-27T02:56:12.5893080Z   typedef struct asn1_string_st ASN1_STRING;
2022-12-27T02:56:12.5894510Z                                 ^
2022-12-27T02:56:12.5895860Z   In file included from src/boringssl/err_data.c:18:
2022-12-27T02:56:12.5897230Z   In file included from /usr/local/opt/openssl@3/include/openssl/err.h:28:
2022-12-27T02:56:12.5898870Z   /usr/local/opt/openssl@3/include/openssl/types.h:61:13: warning: redefinition of typedef 'ASN1_BOOLEAN' is a C11 feature [-Wtypedef-redefinition]
2022-12-27T02:56:12.5900000Z   typedef int ASN1_BOOLEAN;
2022-12-27T02:56:12.5901440Z               ^
2022-12-27T02:56:12.5902990Z   third_party/boringssl/include/openssl/base.h:178:13: note: previous definition is here
2022-12-27T02:56:12.5904300Z   typedef int ASN1_BOOLEAN;
2022-12-27T02:56:12.5905650Z               ^
2022-12-27T02:56:12.5907070Z   In file included from src/boringssl/err_data.c:18:
2022-12-27T02:56:12.5908510Z   In file included from /usr/local/opt/openssl@3/include/openssl/err.h:28:
2022-12-27T02:56:12.5910370Z   /usr/local/opt/openssl@3/include/openssl/types.h:62:13: warning: redefinition of typedef 'ASN1_NULL' is a C11 feature [-Wtypedef-redefinition]
2022-12-27T02:56:12.5911250Z   typedef int ASN1_NULL;
2022-12-27T02:56:12.5912630Z               ^
2022-12-27T02:56:12.5914090Z   third_party/boringssl/include/openssl/base.h:179:13: note: previous definition is here
2022-12-27T02:56:12.5915410Z   typedef int ASN1_NULL;
2022-12-27T02:56:12.5916720Z               ^
2022-12-27T02:56:12.5918120Z   In file included from src/boringssl/err_data.c:18:
2022-12-27T02:56:12.5919500Z   In file included from /usr/local/opt/openssl@3/include/openssl/err.h:28:
2022-12-27T02:56:12.5921130Z   /usr/local/opt/openssl@3/include/openssl/types.h:65:29: warning: redefinition of typedef 'ASN1_TYPE' is a C11 feature [-Wtypedef-redefinition]
2022-12-27T02:56:12.5922310Z   typedef struct asn1_type_st ASN1_TYPE;
2022-12-27T02:56:12.5923640Z                               ^
2022-12-27T02:56:12.5925080Z   third_party/boringssl/include/openssl/base.h:199:29: note: previous definition is here
2022-12-27T02:56:12.5926420Z   typedef struct asn1_type_st ASN1_TYPE;
2022-12-27T02:56:12.5927720Z                               ^
2022-12-27T02:56:12.5929190Z   In file included from src/boringssl/err_data.c:18:
2022-12-27T02:56:12.5930560Z   In file included from /usr/local/opt/openssl@3/include/openssl/err.h:28:
2022-12-27T02:56:12.5932180Z   /usr/local/opt/openssl@3/include/openssl/types.h:66:31: warning: redefinition of typedef 'ASN1_OBJECT' is a C11 feature [-Wtypedef-redefinition]
2022-12-27T02:56:12.5933350Z   typedef struct asn1_object_st ASN1_OBJECT;
2022-12-27T02:56:12.5934640Z                                 ^
2022-12-27T02:56:12.5936110Z   third_party/boringssl/include/openssl/base.h:181:31: note: previous definition is here
2022-12-27T02:56:12.5937450Z   typedef struct asn1_object_st ASN1_OBJECT;
2022-12-27T02:56:12.5938770Z                                 ^
2022-12-27T02:56:12.5940290Z   In file included from src/boringssl/err_data.c:18:
2022-12-27T02:56:12.5941660Z   In file included from /usr/local/opt/openssl@3/include/openssl/err.h:28:
2022-12-27T02:56:12.5943350Z   /usr/local/opt/openssl@3/include/openssl/types.h:69:29: warning: redefinition of typedef 'ASN1_ITEM' is a C11 feature [-Wtypedef-redefinition]
2022-12-27T02:56:12.5944390Z   typedef struct ASN1_ITEM_st ASN1_ITEM;
2022-12-27T02:56:12.5945670Z                               ^
2022-12-27T02:56:12.5947230Z   third_party/boringssl/include/openssl/base.h:180:29: note: previous definition is here
2022-12-27T02:56:12.5948540Z   typedef struct ASN1_ITEM_st ASN1_ITEM;
2022-12-27T02:56:12.5949860Z                               ^
2022-12-27T02:56:12.5951310Z   In file included from src/boringssl/err_data.c:18:
2022-12-27T02:56:12.5952610Z   In file included from /usr/local/opt/openssl@3/include/openssl/err.h:28:
2022-12-27T02:56:12.5954320Z   /usr/local/opt/openssl@3/include/openssl/types.h:70:29: warning: redefinition of typedef 'ASN1_PCTX' is a C11 feature [-Wtypedef-redefinition]
2022-12-27T02:56:12.5955380Z   typedef struct asn1_pctx_st ASN1_PCTX;
2022-12-27T02:56:12.5956660Z                               ^
2022-12-27T02:56:12.5958120Z   third_party/boringssl/include/openssl/base.h:182:29: note: previous definition is here
2022-12-27T02:56:12.5959720Z   typedef struct asn1_pctx_st ASN1_PCTX;
2022-12-27T02:56:12.5960870Z                               ^
2022-12-27T02:56:12.5962210Z   In file included from src/boringssl/err_data.c:18:
2022-12-27T02:56:12.5963640Z   In file included from /usr/local/opt/openssl@3/include/openssl/err.h:28:
2022-12-27T02:56:12.5965260Z   /usr/local/opt/openssl@3/include/openssl/types.h:86:23: warning: redefinition of typedef 'BIO' is a C11 feature [-Wtypedef-redefinition]
2022-12-27T02:56:12.5966360Z   typedef struct bio_st BIO;
2022-12-27T02:56:12.5967660Z                         ^
2022-12-27T02:56:12.5969330Z   third_party/boringssl/include/openssl/base.h:235:23: note: previous definition is here
2022-12-27T02:56:12.5970830Z   typedef struct bio_st BIO;
2022-12-27T02:56:12.5972280Z                         ^
2022-12-27T02:56:12.5973450Z   In file included from src/boringssl/err_data.c:18:
2022-12-27T02:56:12.5974860Z   In file included from /usr/local/opt/openssl@3/include/openssl/err.h:28:
2022-12-27T02:56:12.5976670Z   /usr/local/opt/openssl@3/include/openssl/types.h:87:26: warning: redefinition of typedef 'BIGNUM' is a C11 feature [-Wtypedef-redefinition]
2022-12-27T02:56:12.5977670Z   typedef struct bignum_st BIGNUM;
2022-12-27T02:56:12.5979170Z                            ^
2022-12-27T02:56:12.5980620Z   third_party/boringssl/include/openssl/base.h:233:26: note: previous definition is here
2022-12-27T02:56:12.5981900Z   typedef struct bignum_st BIGNUM;
2022-12-27T02:56:12.5983200Z                            ^
2022-12-27T02:56:12.5984630Z   In file included from src/boringssl/err_data.c:18:
2022-12-27T02:56:12.5985970Z   In file included from /usr/local/opt/openssl@3/include/openssl/err.h:28:
2022-12-27T02:56:12.5987860Z   /usr/local/opt/openssl@3/include/openssl/types.h:88:27: warning: redefinition of typedef 'BN_CTX' is a C11 feature [-Wtypedef-redefinition]
2022-12-27T02:56:12.5988860Z   typedef struct bignum_ctx BN_CTX;
2022-12-27T02:56:12.5990160Z                             ^
2022-12-27T02:56:12.5991640Z   third_party/boringssl/include/openssl/base.h:232:27: note: previous definition is here
2022-12-27T02:56:12.5992930Z   typedef struct bignum_ctx BN_CTX;
2022-12-27T02:56:12.5994280Z                             ^
2022-12-27T02:56:12.5995700Z   In file included from src/boringssl/err_data.c:18:
2022-12-27T02:56:12.5997070Z   In file included from /usr/local/opt/openssl@3/include/openssl/err.h:28:
2022-12-27T02:56:12.5998740Z   /usr/local/opt/openssl@3/include/openssl/types.h:90:31: warning: redefinition of typedef 'BN_MONT_CTX' is a C11 feature [-Wtypedef-redefinition]
2022-12-27T02:56:12.5999840Z   typedef struct bn_mont_ctx_st BN_MONT_CTX;
2022-12-27T02:56:12.6001290Z                                 ^
2022-12-27T02:56:12.6002850Z   third_party/boringssl/include/openssl/base.h:237:31: note: previous definition is here
2022-12-27T02:56:12.6004180Z   typedef struct bn_mont_ctx_st BN_MONT_CTX;
2022-12-27T02:56:12.6005470Z                                 ^
2022-12-27T02:56:12.6006870Z   In file included from src/boringssl/err_data.c:18:
2022-12-27T02:56:12.6008250Z   In file included from /usr/local/opt/openssl@3/include/openssl/err.h:28:
2022-12-27T02:56:12.6009960Z   /usr/local/opt/openssl@3/include/openssl/types.h:92:28: warning: redefinition of typedef 'BN_GENCB' is a C11 feature [-Wtypedef-redefinition]
2022-12-27T02:56:12.6011110Z   typedef struct bn_gencb_st BN_GENCB;
2022-12-27T02:56:12.6012410Z                              ^
2022-12-27T02:56:12.6013890Z   third_party/boringssl/include/openssl/base.h:236:28: note: previous definition is here
2022-12-27T02:56:12.6015210Z   typedef struct bn_gencb_st BN_GENCB;
2022-12-27T02:56:12.6016520Z                              ^
2022-12-27T02:56:12.6017920Z   In file included from src/boringssl/err_data.c:18:
2022-12-27T02:56:12.6019310Z   In file included from /usr/local/opt/openssl@3/include/openssl/err.h:28:
2022-12-27T02:56:12.6020900Z   /usr/local/opt/openssl@3/include/openssl/types.h:94:27: warning: redefinition of typedef 'BUF_MEM' is a C11 feature [-Wtypedef-redefinition]
2022-12-27T02:56:12.6022200Z   typedef struct buf_mem_st BUF_MEM;
2022-12-27T02:56:12.6023440Z                             ^
2022-12-27T02:56:12.6025140Z   third_party/boringssl/include/openssl/base.h:238:27: note: previous definition is here
2022-12-27T02:56:12.6026230Z   typedef struct buf_mem_st BUF_MEM;
2022-12-27T02:56:12.6027610Z                             ^
2022-12-27T02:56:12.6028970Z   In file included from src/boringssl/err_data.c:18:
2022-12-27T02:56:12.6030330Z   In file included from /usr/local/opt/openssl@3/include/openssl/err.h:28:
2022-12-27T02:56:12.6031940Z   /usr/local/opt/openssl@3/include/openssl/types.h:101:30: warning: redefinition of typedef 'EVP_CIPHER' is a C11 feature [-Wtypedef-redefinition]
2022-12-27T02:56:12.6033300Z   typedef struct evp_cipher_st EVP_CIPHER;
2022-12-27T02:56:12.6034420Z                                ^
2022-12-27T02:56:12.6035950Z   third_party/boringssl/include/openssl/base.h:256:30: note: previous definition is here
2022-12-27T02:56:12.6037310Z   typedef struct evp_cipher_st EVP_CIPHER;
2022-12-27T02:56:12.6038800Z                                ^
2022-12-27T02:56:12.6040060Z   In file included from src/boringssl/err_data.c:18:
2022-12-27T02:56:12.6041450Z   In file included from /usr/local/opt/openssl@3/include/openssl/err.h:28:
2022-12-27T02:56:12.6043100Z   /usr/local/opt/openssl@3/include/openssl/types.h:102:34: warning: redefinition of typedef 'EVP_CIPHER_CTX' is a C11 feature [-Wtypedef-redefinition]
2022-12-27T02:56:12.6044290Z   typedef struct evp_cipher_ctx_st EVP_CIPHER_CTX;
2022-12-27T02:56:12.6045710Z                                    ^
2022-12-27T02:56:12.6047090Z   third_party/boringssl/include/openssl/base.h:255:34: note: previous definition is here
2022-12-27T02:56:12.6048460Z   typedef struct evp_cipher_ctx_st EVP_CIPHER_CTX;
2022-12-27T02:56:12.6049760Z                                    ^
2022-12-27T02:56:12.6051130Z   In file included from src/boringssl/err_data.c:18:
2022-12-27T02:56:12.6052510Z   In file included from /usr/local/opt/openssl@3/include/openssl/err.h:28:
2022-12-27T02:56:12.6054110Z   /usr/local/opt/openssl@3/include/openssl/types.h:103:26: error: typedef redefinition with different types ('struct evp_md_st' vs 'struct env_md_st')
2022-12-27T02:56:12.6055280Z   typedef struct evp_md_st EVP_MD;
2022-12-27T02:56:12.6056590Z                            ^
2022-12-27T02:56:12.6058180Z   third_party/boringssl/include/openssl/base.h:253:26: note: previous definition is here
2022-12-27T02:56:12.6059540Z   typedef struct env_md_st EVP_MD;
2022-12-27T02:56:12.6060800Z                            ^
2022-12-27T02:56:12.6062300Z   In file included from src/boringssl/err_data.c:18:
2022-12-27T02:56:12.6063640Z   In file included from /usr/local/opt/openssl@3/include/openssl/err.h:28:
2022-12-27T02:56:12.6065570Z   /usr/local/opt/openssl@3/include/openssl/types.h:104:30: error: typedef redefinition with different types ('struct evp_md_ctx_st' vs 'struct env_md_ctx_st')
2022-12-27T02:56:12.6066370Z   typedef struct evp_md_ctx_st EVP_MD_CTX;
2022-12-27T02:56:12.6067710Z                                ^
2022-12-27T02:56:12.6069380Z   third_party/boringssl/include/openssl/base.h:252:30: note: previous definition is here
2022-12-27T02:56:12.6070650Z   typedef struct env_md_ctx_st EVP_MD_CTX;
2022-12-27T02:56:12.6071960Z                                ^
2022-12-27T02:56:12.6073350Z   In file included from src/boringssl/err_data.c:18:
2022-12-27T02:56:12.6074720Z   In file included from /usr/local/opt/openssl@3/include/openssl/err.h:28:
2022-12-27T02:56:12.6076380Z   /usr/local/opt/openssl@3/include/openssl/types.h:107:28: warning: redefinition of typedef 'EVP_PKEY' is a C11 feature [-Wtypedef-redefinition]
2022-12-27T02:56:12.6077540Z   typedef struct evp_pkey_st EVP_PKEY;
2022-12-27T02:56:12.6078890Z                              ^
2022-12-27T02:56:12.6080310Z   third_party/boringssl/include/openssl/base.h:261:28: note: previous definition is here
2022-12-27T02:56:12.6081610Z   typedef struct evp_pkey_st EVP_PKEY;
2022-12-27T02:56:12.6083170Z                              ^
2022-12-27T02:56:12.6084430Z   In file included from src/boringssl/err_data.c:18:
2022-12-27T02:56:12.6085790Z   In file included from /usr/local/opt/openssl@3/include/openssl/err.h:28:
2022-12-27T02:56:12.6087500Z   /usr/local/opt/openssl@3/include/openssl/types.h:109:40: warning: redefinition of typedef 'EVP_PKEY_ASN1_METHOD' is a C11 feature [-Wtypedef-redefinition]
2022-12-27T02:56:12.6088710Z   typedef struct evp_pkey_asn1_method_st EVP_PKEY_ASN1_METHOD;
2022-12-27T02:56:12.6090080Z                                          ^
2022-12-27T02:56:12.6091520Z   third_party/boringssl/include/openssl/base.h:258:40: note: previous definition is here
2022-12-27T02:56:12.6092820Z   typedef struct evp_pkey_asn1_method_st EVP_PKEY_ASN1_METHOD;
2022-12-27T02:56:12.6094300Z                                          ^
2022-12-27T02:56:12.6095510Z   In file included from src/boringssl/err_data.c:18:
2022-12-27T02:56:12.6096960Z   In file included from /usr/local/opt/openssl@3/include/openssl/err.h:28:
2022-12-27T02:56:12.6098710Z   /usr/local/opt/openssl@3/include/openssl/types.h:111:35: warning: redefinition of typedef 'EVP_PKEY_METHOD' is a C11 feature [-Wtypedef-redefinition]
2022-12-27T02:56:12.6099700Z   typedef struct evp_pkey_method_st EVP_PKEY_METHOD;
2022-12-27T02:56:12.6101220Z                                     ^
2022-12-27T02:56:12.6102680Z   third_party/boringssl/include/openssl/base.h:260:35: note: previous definition is here
2022-12-27T02:56:12.6104030Z   typedef struct evp_pkey_method_st EVP_PKEY_METHOD;
2022-12-27T02:56:12.6105320Z                                     ^
2022-12-27T02:56:12.6106720Z   In file included from src/boringssl/err_data.c:18:
2022-12-27T02:56:12.6108140Z   In file included from /usr/local/opt/openssl@3/include/openssl/err.h:28:
2022-12-27T02:56:12.6109850Z   /usr/local/opt/openssl@3/include/openssl/types.h:112:32: warning: redefinition of typedef 'EVP_PKEY_CTX' is a C11 feature [-Wtypedef-redefinition]
2022-12-27T02:56:12.6111000Z   typedef struct evp_pkey_ctx_st EVP_PKEY_CTX;
2022-12-27T02:56:12.6112320Z                                  ^
2022-12-27T02:56:12.6113790Z   third_party/boringssl/include/openssl/base.h:259:32: note: previous definition is here
2022-12-27T02:56:12.6115120Z   typedef struct evp_pkey_ctx_st EVP_PKEY_CTX;
2022-12-27T02:56:12.6116420Z                                  ^
2022-12-27T02:56:12.6117810Z   In file included from src/boringssl/err_data.c:18:
2022-12-27T02:56:12.6119200Z   In file included from /usr/local/opt/openssl@3/include/openssl/err.h:28:
2022-12-27T02:56:12.6120940Z   /usr/local/opt/openssl@3/include/openssl/types.h:130:34: error: typedef redefinition with different types ('struct evp_Encode_Ctx_st' vs 'struct evp_encode_ctx_st')
2022-12-27T02:56:12.6122130Z   typedef struct evp_Encode_Ctx_st EVP_ENCODE_CTX;
2022-12-27T02:56:12.6123480Z                                    ^
2022-12-27T02:56:12.6124910Z   third_party/boringssl/include/openssl/base.h:257:34: note: previous definition is here
2022-12-27T02:56:12.6126260Z   typedef struct evp_encode_ctx_st EVP_ENCODE_CTX;
2022-12-27T02:56:12.6127530Z                                    ^
2022-12-27T02:56:12.6129050Z   In file included from src/boringssl/err_data.c:18:
2022-12-27T02:56:12.6130400Z   In file included from /usr/local/opt/openssl@3/include/openssl/err.h:28:
2022-12-27T02:56:12.6132110Z   /usr/local/opt/openssl@3/include/openssl/types.h:132:28: warning: redefinition of typedef 'HMAC_CTX' is a C11 feature [-Wtypedef-redefinition]
2022-12-27T02:56:12.6133060Z   typedef struct hmac_ctx_st HMAC_CTX;
2022-12-27T02:56:12.6134420Z                              ^
2022-12-27T02:56:12.6135890Z   third_party/boringssl/include/openssl/base.h:262:28: note: previous definition is here
2022-12-27T02:56:12.6137210Z   typedef struct hmac_ctx_st HMAC_CTX;
2022-12-27T02:56:12.6138510Z                              ^
2022-12-27T02:56:12.6140070Z   In file included from src/boringssl/err_data.c:18:
2022-12-27T02:56:12.6141300Z   In file included from /usr/local/opt/openssl@3/include/openssl/err.h:28:
2022-12-27T02:56:12.6142880Z   /usr/local/opt/openssl@3/include/openssl/types.h:134:22: warning: redefinition of typedef 'DH' is a C11 feature [-Wtypedef-redefinition]
2022-12-27T02:56:12.6144000Z   typedef struct dh_st DH;
2022-12-27T02:56:12.6145300Z                        ^
2022-12-27T02:56:12.6146750Z   third_party/boringssl/include/openssl/base.h:244:22: note: previous definition is here
2022-12-27T02:56:12.6148040Z   typedef struct dh_st DH;
2022-12-27T02:56:12.6149450Z                        ^
2022-12-27T02:56:12.6150830Z   In file included from src/boringssl/err_data.c:18:
2022-12-27T02:56:12.6152330Z   In file included from /usr/local/opt/openssl@3/include/openssl/err.h:28:
2022-12-27T02:56:12.6154050Z   /usr/local/opt/openssl@3/include/openssl/types.h:138:23: warning: redefinition of typedef 'DSA' is a C11 feature [-Wtypedef-redefinition]
2022-12-27T02:56:12.6155190Z   typedef struct dsa_st DSA;
2022-12-27T02:56:12.6156500Z                         ^
2022-12-27T02:56:12.6157940Z   third_party/boringssl/include/openssl/base.h:245:23: note: previous definition is here
2022-12-27T02:56:12.6159240Z   typedef struct dsa_st DSA;
2022-12-27T02:56:12.6160550Z                         ^
2022-12-27T02:56:12.6161950Z   In file included from src/boringssl/err_data.c:18:
2022-12-27T02:56:12.6163330Z   In file included from /usr/local/opt/openssl@3/include/openssl/err.h:28:
2022-12-27T02:56:12.6165000Z   /usr/local/opt/openssl@3/include/openssl/types.h:143:23: warning: redefinition of typedef 'RSA' is a C11 feature [-Wtypedef-redefinition]
2022-12-27T02:56:12.6166000Z   typedef struct rsa_st RSA;
2022-12-27T02:56:12.6167360Z                         ^
2022-12-27T02:56:12.6168940Z   third_party/boringssl/include/openssl/base.h:272:23: note: previous definition is here
2022-12-27T02:56:12.6170210Z   typedef struct rsa_st RSA;
2022-12-27T02:56:12.6171540Z                         ^
2022-12-27T02:56:12.6172910Z   In file included from src/boringssl/err_data.c:18:
2022-12-27T02:56:12.6174380Z   In file included from /usr/local/opt/openssl@3/include/openssl/err.h:28:
2022-12-27T02:56:12.6176030Z   /usr/local/opt/openssl@3/include/openssl/types.h:144:28: warning: redefinition of typedef 'RSA_METHOD' is a C11 feature [-Wtypedef-redefinition]
2022-12-27T02:56:12.6177070Z   typedef struct rsa_meth_st RSA_METHOD;
2022-12-27T02:56:12.6178420Z                              ^
2022-12-27T02:56:12.6179920Z   third_party/boringssl/include/openssl/base.h:271:28: note: previous definition is here
2022-12-27T02:56:12.6181190Z   typedef struct rsa_meth_st RSA_METHOD;
2022-12-27T02:56:12.6182520Z                              ^
2022-12-27T02:56:12.6183910Z   In file included from src/boringssl/err_data.c:18:
2022-12-27T02:56:12.6185310Z   In file included from /usr/local/opt/openssl@3/include/openssl/err.h:28:
2022-12-27T02:56:12.6186940Z   /usr/local/opt/openssl@3/include/openssl/types.h:149:26: warning: redefinition of typedef 'EC_KEY' is a C11 feature [-Wtypedef-redefinition]
2022-12-27T02:56:12.6187960Z   typedef struct ec_key_st EC_KEY;
2022-12-27T02:56:12.6189390Z                            ^
2022-12-27T02:56:12.6190910Z   third_party/boringssl/include/openssl/base.h:247:26: note: previous definition is here
2022-12-27T02:56:12.6192200Z   typedef struct ec_key_st EC_KEY;
2022-12-27T02:56:12.6193490Z                            ^
2022-12-27T02:56:12.6194880Z   In file included from src/boringssl/err_data.c:18:
2022-12-27T02:56:12.6196280Z   In file included from /usr/local/opt/openssl@3/include/openssl/err.h:28:
2022-12-27T02:56:12.6197940Z   /usr/local/opt/openssl@3/include/openssl/types.h:153:29: warning: redefinition of typedef 'RAND_METHOD' is a C11 feature [-Wtypedef-redefinition]
2022-12-27T02:56:12.6198960Z   typedef struct rand_meth_st RAND_METHOD;
2022-12-27T02:56:12.6200340Z                               ^
2022-12-27T02:56:12.6201940Z   third_party/boringssl/include/openssl/base.h:269:29: note: previous definition is here
2022-12-27T02:56:12.6203270Z   typedef struct rand_meth_st RAND_METHOD;
2022-12-27T02:56:12.6204560Z                               ^
2022-12-27T02:56:12.6205970Z   In file included from src/boringssl/err_data.c:18:
2022-12-27T02:56:12.6207410Z   In file included from /usr/local/opt/openssl@3/include/openssl/err.h:28:
2022-12-27T02:56:12.6209150Z   /usr/local/opt/openssl@3/include/openssl/types.h:157:24: warning: redefinition of typedef 'X509' is a C11 feature [-Wtypedef-redefinition]
2022-12-27T02:56:12.6210150Z   typedef struct x509_st X509;
2022-12-27T02:56:12.6211540Z                          ^
2022-12-27T02:56:12.6213020Z   third_party/boringssl/include/openssl/base.h:293:24: note: previous definition is here
2022-12-27T02:56:12.6214300Z   typedef struct x509_st X509;
2022-12-27T02:56:12.6215610Z                          ^
2022-12-27T02:56:12.6217120Z   In file included from src/boringssl/err_data.c:18:
2022-12-27T02:56:12.6218430Z   In file included from /usr/local/opt/openssl@3/include/openssl/err.h:28:
2022-12-27T02:56:12.6220090Z   /usr/local/opt/openssl@3/include/openssl/types.h:158:30: warning: redefinition of typedef 'X509_ALGOR' is a C11 feature [-Wtypedef-redefinition]
2022-12-27T02:56:12.6221110Z   typedef struct X509_algor_st X509_ALGOR;
2022-12-27T02:56:12.6222460Z                                ^
2022-12-27T02:56:12.6223940Z   third_party/boringssl/include/openssl/base.h:219:30: note: previous definition is here
2022-12-27T02:56:12.6225240Z   typedef struct X509_algor_st X509_ALGOR;
2022-12-27T02:56:12.6226530Z                                ^
2022-12-27T02:56:12.6227920Z   In file included from src/boringssl/err_data.c:18:
2022-12-27T02:56:12.6229400Z   In file included from /usr/local/opt/openssl@3/include/openssl/err.h:28:
2022-12-27T02:56:12.6231060Z   /usr/local/opt/openssl@3/include/openssl/types.h:159:28: warning: redefinition of typedef 'X509_CRL' is a C11 feature [-Wtypedef-redefinition]
2022-12-27T02:56:12.6232060Z   typedef struct X509_crl_st X509_CRL;
2022-12-27T02:56:12.6233430Z                              ^
2022-12-27T02:56:12.6234910Z   third_party/boringssl/include/openssl/base.h:221:28: note: previous definition is here
2022-12-27T02:56:12.6236200Z   typedef struct X509_crl_st X509_CRL;
2022-12-27T02:56:12.6237510Z                              ^
2022-12-27T02:56:12.6238920Z   In file included from src/boringssl/err_data.c:18:
2022-12-27T02:56:12.6240310Z   In file included from /usr/local/opt/openssl@3/include/openssl/err.h:28:
2022-12-27T02:56:12.6242050Z   /usr/local/opt/openssl@3/include/openssl/types.h:160:35: warning: redefinition of typedef 'X509_CRL_METHOD' is a C11 feature [-Wtypedef-redefinition]
2022-12-27T02:56:12.6243080Z   typedef struct x509_crl_method_st X509_CRL_METHOD;
2022-12-27T02:56:12.6244480Z                                     ^
2022-12-27T02:56:12.6245930Z   third_party/boringssl/include/openssl/base.h:290:35: note: previous definition is here
2022-12-27T02:56:12.6247260Z   typedef struct x509_crl_method_st X509_CRL_METHOD;
2022-12-27T02:56:12.6248600Z                                     ^
2022-12-27T02:56:12.6250010Z   In file included from src/boringssl/err_data.c:18:
2022-12-27T02:56:12.6251400Z   In file included from /usr/local/opt/openssl@3/include/openssl/err.h:28:
2022-12-27T02:56:12.6253090Z   /usr/local/opt/openssl@3/include/openssl/types.h:161:32: warning: redefinition of typedef 'X509_REVOKED' is a C11 feature [-Wtypedef-redefinition]
2022-12-27T02:56:12.6254090Z   typedef struct x509_revoked_st X509_REVOKED;
2022-12-27T02:56:12.6255460Z                                  ^
2022-12-27T02:56:12.6256960Z   third_party/boringssl/include/openssl/base.h:292:32: note: previous definition is here
2022-12-27T02:56:12.6258270Z   typedef struct x509_revoked_st X509_REVOKED;
2022-12-27T02:56:12.6259580Z                                  ^
2022-12-27T02:56:12.6260980Z   In file included from src/boringssl/err_data.c:18:
2022-12-27T02:56:12.6262360Z   In file included from /usr/local/opt/openssl@3/include/openssl/err.h:28:
2022-12-27T02:56:12.6264020Z   /usr/local/opt/openssl@3/include/openssl/types.h:162:29: warning: redefinition of typedef 'X509_NAME' is a C11 feature [-Wtypedef-redefinition]
2022-12-27T02:56:12.6265040Z   typedef struct X509_name_st X509_NAME;
2022-12-27T02:56:12.6266420Z                               ^
2022-12-27T02:56:12.6267890Z   third_party/boringssl/include/openssl/base.h:225:29: note: previous definition is here
2022-12-27T02:56:12.6269280Z   typedef struct X509_name_st X509_NAME;
2022-12-27T02:56:12.6270560Z                               ^
2022-12-27T02:56:12.6271950Z   In file included from src/boringssl/err_data.c:18:
2022-12-27T02:56:12.6273330Z   In file included from /usr/local/opt/openssl@3/include/openssl/err.h:28:
2022-12-27T02:56:12.6274990Z   /usr/local/opt/openssl@3/include/openssl/types.h:163:31: warning: redefinition of typedef 'X509_PUBKEY' is a C11 feature [-Wtypedef-redefinition]
2022-12-27T02:56:12.6276100Z   typedef struct X509_pubkey_st X509_PUBKEY;
2022-12-27T02:56:12.6277410Z                                 ^
2022-12-27T02:56:12.6278850Z   third_party/boringssl/include/openssl/base.h:227:31: note: previous definition is here
2022-12-27T02:56:12.6280170Z   typedef struct X509_pubkey_st X509_PUBKEY;
2022-12-27T02:56:12.6281450Z                                 ^
2022-12-27T02:56:12.6282870Z   In file included from src/boringssl/err_data.c:18:
2022-12-27T02:56:12.6284260Z   In file included from /usr/local/opt/openssl@3/include/openssl/err.h:28:
2022-12-27T02:56:12.6286450Z   /usr/local/opt/openssl@3/include/openssl/types.h:164:30: warning: redefinition of typedef 'X509_STORE' is a C11 feature [-Wtypedef-redefinition]
2022-12-27T02:56:12.6287230Z   typedef struct x509_store_st X509_STORE;
2022-12-27T02:56:12.6288670Z                                ^
2022-12-27T02:56:12.6301690Z   third_party/boringssl/include/openssl/base.h:295:30: note: previous definition is here
2022-12-27T02:56:12.6302100Z   typedef struct x509_store_st X509_STORE;
2022-12-27T02:56:12.6302300Z                                ^
2022-12-27T02:56:12.6302570Z   In file included from src/boringssl/err_data.c:18:
2022-12-27T02:56:12.6302860Z   In file included from /usr/local/opt/openssl@3/include/openssl/err.h:28:
2022-12-27T02:56:12.6303470Z   /usr/local/opt/openssl@3/include/openssl/types.h:165:34: warning: redefinition of typedef 'X509_STORE_CTX' is a C11 feature [-Wtypedef-redefinition]
2022-12-27T02:56:12.6303940Z   typedef struct x509_store_ctx_st X509_STORE_CTX;
2022-12-27T02:56:12.6304140Z                                    ^
2022-12-27T02:56:12.6304370Z   third_party/boringssl/include/openssl/base.h:294:34: note: previous definition is here
2022-12-27T02:56:12.6304620Z   typedef struct x509_store_ctx_st X509_STORE_CTX;
2022-12-27T02:56:12.6304820Z                                    ^
2022-12-27T02:56:12.6305760Z   In file included from src/boringssl/err_data.c:18:
2022-12-27T02:56:12.6308160Z   In file included from /usr/local/opt/openssl@3/include/openssl/err.h:28:
2022-12-27T02:56:12.6311460Z   /usr/local/opt/openssl@3/include/openssl/types.h:168:31: warning: redefinition of typedef 'X509_LOOKUP' is a C11 feature [-Wtypedef-redefinition]
2022-12-27T02:56:12.6313430Z   typedef struct x509_lookup_st X509_LOOKUP;
2022-12-27T02:56:12.6315870Z                                 ^
2022-12-27T02:56:12.6318490Z   third_party/boringssl/include/openssl/base.h:291:31: note: previous definition is here
2022-12-27T02:56:12.6320510Z   typedef struct x509_lookup_st X509_LOOKUP;
2022-12-27T02:56:12.6322520Z                                 ^
2022-12-27T02:56:12.6324610Z   In file included from src/boringssl/err_data.c:18:
2022-12-27T02:56:12.6326660Z   In file included from /usr/local/opt/openssl@3/include/openssl/err.h:28:
2022-12-27T02:56:12.6329200Z   /usr/local/opt/openssl@3/include/openssl/types.h:170:37: warning: redefinition of typedef 'X509_VERIFY_PARAM' is a C11 feature [-Wtypedef-redefinition]
2022-12-27T02:56:12.6331190Z   typedef struct X509_VERIFY_PARAM_st X509_VERIFY_PARAM;
2022-12-27T02:56:12.6333190Z                                       ^
2022-12-27T02:56:12.6335430Z   third_party/boringssl/include/openssl/base.h:218:37: note: previous definition is here
2022-12-27T02:56:12.6337410Z   typedef struct X509_VERIFY_PARAM_st X509_VERIFY_PARAM;
2022-12-27T02:56:12.6339410Z                                       ^
2022-12-27T02:56:12.6341440Z   In file included from src/boringssl/err_data.c:18:
2022-12-27T02:56:12.6343450Z   In file included from /usr/local/opt/openssl@3/include/openssl/err.h:28:
2022-12-27T02:56:12.6345980Z   /usr/local/opt/openssl@3/include/openssl/types.h:174:39: warning: redefinition of typedef 'PKCS8_PRIV_KEY_INFO' is a C11 feature [-Wtypedef-redefinition]
2022-12-27T02:56:12.6347910Z   typedef struct pkcs8_priv_key_info_st PKCS8_PRIV_KEY_INFO;
2022-12-27T02:56:12.6349940Z                                         ^
2022-12-27T02:56:12.6352260Z   third_party/boringssl/include/openssl/base.h:267:39: note: previous definition is here
2022-12-27T02:56:12.6354150Z   typedef struct pkcs8_priv_key_info_st PKCS8_PRIV_KEY_INFO;
2022-12-27T02:56:12.6356060Z                                         ^
2022-12-27T02:56:12.6358150Z   In file included from src/boringssl/err_data.c:18:
2022-12-27T02:56:12.6360250Z   In file included from /usr/local/opt/openssl@3/include/openssl/err.h:28:
2022-12-27T02:56:12.6362570Z   /usr/local/opt/openssl@3/include/openssl/types.h:176:27: warning: redefinition of typedef 'X509V3_CTX' is a C11 feature [-Wtypedef-redefinition]
2022-12-27T02:56:12.6364400Z   typedef struct v3_ext_ctx X509V3_CTX;
2022-12-27T02:56:12.6366270Z                             ^
2022-12-27T02:56:12.6368550Z   third_party/boringssl/include/openssl/base.h:285:27: note: previous definition is here
2022-12-27T02:56:12.6370500Z   typedef struct v3_ext_ctx X509V3_CTX;
2022-12-27T02:56:12.6372430Z                             ^
2022-12-27T02:56:12.6374470Z   In file included from src/boringssl/err_data.c:18:
2022-12-27T02:56:12.6376590Z   In file included from /usr/local/opt/openssl@3/include/openssl/err.h:28:
2022-12-27T02:56:12.6378970Z   /usr/local/opt/openssl@3/include/openssl/types.h:177:24: warning: redefinition of typedef 'CONF' is a C11 feature [-Wtypedef-redefinition]
2022-12-27T02:56:12.6380760Z   typedef struct conf_st CONF;
2022-12-27T02:56:12.6382640Z                          ^
2022-12-27T02:56:12.6384860Z   third_party/boringssl/include/openssl/base.h:242:24: note: previous definition is here
2022-12-27T02:56:12.6386810Z   typedef struct conf_st CONF;
2022-12-27T02:56:12.6388740Z                          ^
2022-12-27T02:56:12.6390890Z   In file included from src/boringssl/err_data.c:18:
2022-12-27T02:56:12.6392960Z   In file included from /usr/local/opt/openssl@3/include/openssl/err.h:28:
2022-12-27T02:56:12.6395370Z   /usr/local/opt/openssl@3/include/openssl/types.h:183:26: warning: redefinition of typedef 'ENGINE' is a C11 feature [-Wtypedef-redefinition]
2022-12-27T02:56:12.6397160Z   typedef struct engine_st ENGINE;
2022-12-27T02:56:12.6399130Z                            ^
2022-12-27T02:56:12.6401340Z   third_party/boringssl/include/openssl/base.h:251:26: note: previous definition is here
2022-12-27T02:56:12.6403230Z   typedef struct engine_st ENGINE;
2022-12-27T02:56:12.6405210Z                            ^
2022-12-27T02:56:12.6407540Z   In file included from src/boringssl/err_data.c:18:
2022-12-27T02:56:12.6409570Z   In file included from /usr/local/opt/openssl@3/include/openssl/err.h:28:
2022-12-27T02:56:12.6412000Z   /usr/local/opt/openssl@3/include/openssl/types.h:184:23: warning: redefinition of typedef 'SSL' is a C11 feature [-Wtypedef-redefinition]
2022-12-27T02:56:12.6413780Z   typedef struct ssl_st SSL;
2022-12-27T02:56:12.6415710Z                         ^
2022-12-27T02:56:12.6417890Z   third_party/boringssl/include/openssl/base.h:283:23: note: previous definition is here
2022-12-27T02:56:12.6419810Z   typedef struct ssl_st SSL;
2022-12-27T02:56:12.6421750Z                         ^
2022-12-27T02:56:12.6423850Z   In file included from src/boringssl/err_data.c:18:
2022-12-27T02:56:12.6425870Z   In file included from /usr/local/opt/openssl@3/include/openssl/err.h:28:
2022-12-27T02:56:12.6428250Z   /usr/local/opt/openssl@3/include/openssl/types.h:185:27: warning: redefinition of typedef 'SSL_CTX' is a C11 feature [-Wtypedef-redefinition]
2022-12-27T02:56:12.6430080Z   typedef struct ssl_ctx_st SSL_CTX;
2022-12-27T02:56:12.6432050Z                             ^
2022-12-27T02:56:12.6434370Z   third_party/boringssl/include/openssl/base.h:279:27: note: previous definition is here
2022-12-27T02:56:12.6436320Z   typedef struct ssl_ctx_st SSL_CTX;
2022-12-27T02:56:12.6438280Z                             ^
2022-12-27T02:56:12.6440330Z   In file included from src/boringssl/err_data.c:18:
2022-12-27T02:56:12.6442370Z   In file included from /usr/local/opt/openssl@3/include/openssl/err.h:28:
2022-12-27T02:56:12.6444900Z   /usr/local/opt/openssl@3/include/openssl/types.h:190:36: warning: redefinition of typedef 'X509_POLICY_NODE' is a C11 feature [-Wtypedef-redefinition]
2022-12-27T02:56:12.6446590Z   typedef struct X509_POLICY_NODE_st X509_POLICY_NODE;
2022-12-27T02:56:12.6448600Z                                      ^
2022-12-27T02:56:12.6450800Z   third_party/boringssl/include/openssl/base.h:216:36: note: previous definition is here
2022-12-27T02:56:12.6452790Z   typedef struct X509_POLICY_NODE_st X509_POLICY_NODE;
2022-12-27T02:56:12.6454700Z                                      ^
2022-12-27T02:56:12.6456800Z   In file included from src/boringssl/err_data.c:18:
2022-12-27T02:56:12.6458830Z   In file included from /usr/local/opt/openssl@3/include/openssl/err.h:28:
2022-12-27T02:56:12.6461240Z   /usr/local/opt/openssl@3/include/openssl/types.h:191:37: warning: redefinition of typedef 'X509_POLICY_LEVEL' is a C11 feature [-Wtypedef-redefinition]
2022-12-27T02:56:12.6463000Z   typedef struct X509_POLICY_LEVEL_st X509_POLICY_LEVEL;
2022-12-27T02:56:12.6464940Z                                       ^
2022-12-27T02:56:12.6467170Z   third_party/boringssl/include/openssl/base.h:215:37: note: previous definition is here
2022-12-27T02:56:12.6469190Z   typedef struct X509_POLICY_LEVEL_st X509_POLICY_LEVEL;
2022-12-27T02:56:12.6471230Z                                       ^
2022-12-27T02:56:12.6473270Z   In file included from src/boringssl/err_data.c:18:
2022-12-27T02:56:12.6475310Z   In file included from /usr/local/opt/openssl@3/include/openssl/err.h:28:
2022-12-27T02:56:12.6477680Z   /usr/local/opt/openssl@3/include/openssl/types.h:192:36: warning: redefinition of typedef 'X509_POLICY_TREE' is a C11 feature [-Wtypedef-redefinition]
2022-12-27T02:56:12.6479430Z   typedef struct X509_POLICY_TREE_st X509_POLICY_TREE;
2022-12-27T02:56:12.6481320Z                                      ^
2022-12-27T02:56:12.6483490Z   third_party/boringssl/include/openssl/base.h:217:36: note: previous definition is here
2022-12-27T02:56:12.6485490Z   typedef struct X509_POLICY_TREE_st X509_POLICY_TREE;
2022-12-27T02:56:12.6487430Z                                      ^
2022-12-27T02:56:12.6489700Z   In file included from src/boringssl/err_data.c:18:
2022-12-27T02:56:12.6491720Z   In file included from /usr/local/opt/openssl@3/include/openssl/err.h:28:
2022-12-27T02:56:12.6494210Z   /usr/local/opt/openssl@3/include/openssl/types.h:193:37: warning: redefinition of typedef 'X509_POLICY_CACHE' is a C11 feature [-Wtypedef-redefinition]
2022-12-27T02:56:12.6495880Z   typedef struct X509_POLICY_CACHE_st X509_POLICY_CACHE;
2022-12-27T02:56:12.6497850Z                                       ^
2022-12-27T02:56:12.6500040Z   third_party/boringssl/include/openssl/base.h:214:37: note: previous definition is here
2022-12-27T02:56:12.6502020Z   typedef struct X509_POLICY_CACHE_st X509_POLICY_CACHE;
2022-12-27T02:56:12.6503920Z                                       ^
2022-12-27T02:56:12.6505940Z   In file included from src/boringssl/err_data.c:18:
2022-12-27T02:56:12.6508150Z   In file included from /usr/local/opt/openssl@3/include/openssl/err.h:28:
2022-12-27T02:56:12.6510670Z   /usr/local/opt/openssl@3/include/openssl/types.h:195:35: warning: redefinition of typedef 'AUTHORITY_KEYID' is a C11 feature [-Wtypedef-redefinition]
2022-12-27T02:56:12.6512480Z   typedef struct AUTHORITY_KEYID_st AUTHORITY_KEYID;
2022-12-27T02:56:12.6514400Z                                     ^
2022-12-27T02:56:12.6516590Z   third_party/boringssl/include/openssl/base.h:201:35: note: previous definition is here
2022-12-27T02:56:12.6518560Z   typedef struct AUTHORITY_KEYID_st AUTHORITY_KEYID;
2022-12-27T02:56:12.6520480Z                                     ^
2022-12-27T02:56:12.6522580Z   In file included from src/boringssl/err_data.c:18:
2022-12-27T02:56:12.6524640Z   In file included from /usr/local/opt/openssl@3/include/openssl/err.h:28:
2022-12-27T02:56:12.6527210Z   /usr/local/opt/openssl@3/include/openssl/types.h:196:30: warning: redefinition of typedef 'DIST_POINT' is a C11 feature [-Wtypedef-redefinition]
2022-12-27T02:56:12.6528430Z   typedef struct DIST_POINT_st DIST_POINT;
2022-12-27T02:56:12.6529980Z                                ^
2022-12-27T02:56:12.6531550Z   third_party/boringssl/include/openssl/base.h:203:30: note: previous definition is here
2022-12-27T02:56:12.6532800Z   typedef struct DIST_POINT_st DIST_POINT;
2022-12-27T02:56:12.6534320Z                                ^
2022-12-27T02:56:12.6535830Z   In file included from src/boringssl/err_data.c:18:
2022-12-27T02:56:12.6537230Z   In file included from /usr/local/opt/openssl@3/include/openssl/err.h:28:
2022-12-27T02:56:12.6539100Z   /usr/local/opt/openssl@3/include/openssl/types.h:197:38: warning: redefinition of typedef 'ISSUING_DIST_POINT' is a C11 feature [-Wtypedef-redefinition]
2022-12-27T02:56:12.6540180Z   typedef struct ISSUING_DIST_POINT_st ISSUING_DIST_POINT;
2022-12-27T02:56:12.6541490Z                                        ^
2022-12-27T02:56:12.6543270Z   third_party/boringssl/include/openssl/base.h:205:38: note: previous definition is here
2022-12-27T02:56:12.6544500Z   typedef struct ISSUING_DIST_POINT_st ISSUING_DIST_POINT;
2022-12-27T02:56:12.6546010Z                                        ^
2022-12-27T02:56:12.6547560Z   In file included from src/boringssl/err_data.c:18:
2022-12-27T02:56:12.6549080Z   In file included from /usr/local/opt/openssl@3/include/openssl/err.h:28:
2022-12-27T02:56:12.6550900Z   /usr/local/opt/openssl@3/include/openssl/types.h:198:36: warning: redefinition of typedef 'NAME_CONSTRAINTS' is a C11 feature [-Wtypedef-redefinition]
2022-12-27T02:56:12.6552040Z   typedef struct NAME_CONSTRAINTS_st NAME_CONSTRAINTS;
2022-12-27T02:56:12.6553350Z                                      ^
2022-12-27T02:56:12.6555050Z   third_party/boringssl/include/openssl/base.h:206:36: note: previous definition is here
2022-12-27T02:56:12.6556270Z   typedef struct NAME_CONSTRAINTS_st NAME_CONSTRAINTS;
2022-12-27T02:56:12.6557830Z                                      ^
2022-12-27T02:56:12.6559100Z   In file included from src/boringssl/err_data.c:18:
2022-12-27T02:56:12.6560710Z   In file included from /usr/local/opt/openssl@3/include/openssl/err.h:29:
2022-12-27T02:56:12.6561970Z   In file included from /usr/local/opt/openssl@3/include/openssl/bio.h:30:
2022-12-27T02:56:12.6563840Z   /usr/local/opt/openssl@3/include/openssl/crypto.h:308:3: error: typedef redefinition with different types ('struct crypto_threadid_st' vs 'int')
2022-12-27T02:56:12.6564960Z   } CRYPTO_THREADID;
2022-12-27T02:56:12.6566270Z     ^
2022-12-27T02:56:12.6568030Z   third_party/boringssl/include/openssl/base.h:176:13: note: previous definition is here
2022-12-27T02:56:12.6569650Z   typedef int CRYPTO_THREADID;
2022-12-27T02:56:12.6571480Z               ^
2022-12-27T02:56:12.6573320Z   In file included from src/boringssl/err_data.c:18:
2022-12-27T02:56:12.6575300Z   In file included from /usr/local/opt/openssl@3/include/openssl/err.h:29:
2022-12-27T02:56:12.6577630Z   /usr/local/opt/openssl@3/include/openssl/bio.h:296:30: warning: redefinition of typedef 'BIO_METHOD' is a C11 feature [-Wtypedef-redefinition]
2022-12-27T02:56:12.6579090Z   typedef struct bio_method_st BIO_METHOD;
2022-12-27T02:56:12.6580810Z                                ^
2022-12-27T02:56:12.6583190Z   third_party/boringssl/include/openssl/base.h:234:30: note: previous definition is here
2022-12-27T02:56:12.6585070Z   typedef struct bio_method_st BIO_METHOD;
2022-12-27T02:56:12.6587000Z                                ^
2022-12-27T02:56:12.6589560Z   src/boringssl/err_data.c:33:1: error: 'OPENSSL_COMPILE_ASSERT_library_values_changed_12' declared as an array with a negative size
2022-12-27T02:56:12.6591360Z   OPENSSL_COMPILE_ASSERT(ERR_LIB_ASN1 == 12, library_values_changed_12);
2022-12-27T02:56:12.6593330Z   ^~~~~~~~~~~~~~~~~~~~~~~~~~~~~~~~~~~~~~~~~~~~~~~~~~~~~~~~~~~~~~~~~~~~~
2022-12-27T02:56:12.6595870Z   third_party/boringssl/include/openssl/type_check.h:83:45: note: expanded from macro 'OPENSSL_COMPILE_ASSERT'
2022-12-27T02:56:12.6597720Z     typedef char OPENSSL_COMPILE_ASSERT_##msg[((cond) ? 1 : -1)]
2022-12-27T02:56:12.6599630Z                                               ^~~~~~~~~~~~~~~~~
2022-12-27T02:56:12.6601940Z   src/boringssl/err_data.c:34:1: error: 'OPENSSL_COMPILE_ASSERT_library_values_changed_13' declared as an array with a negative size
2022-12-27T02:56:12.6603630Z   OPENSSL_COMPILE_ASSERT(ERR_LIB_CONF == 13, library_values_changed_13);
2022-12-27T02:56:12.6605330Z   ^~~~~~~~~~~~~~~~~~~~~~~~~~~~~~~~~~~~~~~~~~~~~~~~~~~~~~~~~~~~~~~~~~~~~
2022-12-27T02:56:12.6607780Z   third_party/boringssl/include/openssl/type_check.h:83:45: note: expanded from macro 'OPENSSL_COMPILE_ASSERT'
2022-12-27T02:56:12.6609600Z     typedef char OPENSSL_COMPILE_ASSERT_##msg[((cond) ? 1 : -1)]
2022-12-27T02:56:12.6611480Z                                               ^~~~~~~~~~~~~~~~~
2022-12-27T02:56:12.6613940Z   src/boringssl/err_data.c:35:1: error: 'OPENSSL_COMPILE_ASSERT_library_values_changed_14' declared as an array with a negative size
2022-12-27T02:56:12.6615520Z   OPENSSL_COMPILE_ASSERT(ERR_LIB_CRYPTO == 14, library_values_changed_14);
2022-12-27T02:56:12.6617300Z   ^~~~~~~~~~~~~~~~~~~~~~~~~~~~~~~~~~~~~~~~~~~~~~~~~~~~~~~~~~~~~~~~~~~~~~~
2022-12-27T02:56:12.6619590Z   third_party/boringssl/include/openssl/type_check.h:83:45: note: expanded from macro 'OPENSSL_COMPILE_ASSERT'
2022-12-27T02:56:12.6621480Z     typedef char OPENSSL_COMPILE_ASSERT_##msg[((cond) ? 1 : -1)]
2022-12-27T02:56:12.6623180Z                                               ^~~~~~~~~~~~~~~~~
2022-12-27T02:56:12.6625470Z   src/boringssl/err_data.c:36:1: error: 'OPENSSL_COMPILE_ASSERT_library_values_changed_15' declared as an array with a negative size
2022-12-27T02:56:12.6627100Z   OPENSSL_COMPILE_ASSERT(ERR_LIB_EC == 15, library_values_changed_15);
2022-12-27T02:56:12.6628870Z   ^~~~~~~~~~~~~~~~~~~~~~~~~~~~~~~~~~~~~~~~~~~~~~~~~~~~~~~~~~~~~~~~~~~
2022-12-27T02:56:12.6631000Z   third_party/boringssl/include/openssl/type_check.h:83:45: note: expanded from macro 'OPENSSL_COMPILE_ASSERT'
2022-12-27T02:56:12.6632850Z     typedef char OPENSSL_COMPILE_ASSERT_##msg[((cond) ? 1 : -1)]
2022-12-27T02:56:12.6634520Z                                               ^~~~~~~~~~~~~~~~~
2022-12-27T02:56:12.6636650Z   src/boringssl/err_data.c:37:1: error: 'OPENSSL_COMPILE_ASSERT_library_values_changed_16' declared as an array with a negative size
2022-12-27T02:56:12.6638370Z   OPENSSL_COMPILE_ASSERT(ERR_LIB_SSL == 16, library_values_changed_16);
2022-12-27T02:56:12.6640170Z   ^~~~~~~~~~~~~~~~~~~~~~~~~~~~~~~~~~~~~~~~~~~~~~~~~~~~~~~~~~~~~~~~~~~~
2022-12-27T02:56:12.6642400Z   third_party/boringssl/include/openssl/type_check.h:83:45: note: expanded from macro 'OPENSSL_COMPILE_ASSERT'
2022-12-27T02:56:12.6644250Z     typedef char OPENSSL_COMPILE_ASSERT_##msg[((cond) ? 1 : -1)]
2022-12-27T02:56:12.6645980Z                                               ^~~~~~~~~~~~~~~~~
2022-12-27T02:56:12.6648130Z   src/boringssl/err_data.c:38:1: error: 'OPENSSL_COMPILE_ASSERT_library_values_changed_17' declared as an array with a negative size
2022-12-27T02:56:12.6649800Z   OPENSSL_COMPILE_ASSERT(ERR_LIB_BIO == 17, library_values_changed_17);
2022-12-27T02:56:12.6651070Z   ^~~~~~~~~~~~~~~~~~~~~~~~~~~~~~~~~~~~~~~~~~~~~~~~~~~~~~~~~~~~~~~~~~~~
2022-12-27T02:56:12.6652650Z   third_party/boringssl/include/openssl/type_check.h:83:45: note: expanded from macro 'OPENSSL_COMPILE_ASSERT'
2022-12-27T02:56:12.6653990Z     typedef char OPENSSL_COMPILE_ASSERT_##msg[((cond) ? 1 : -1)]
2022-12-27T02:56:12.6655230Z                                               ^~~~~~~~~~~~~~~~~
2022-12-27T02:56:12.6656840Z   src/boringssl/err_data.c:39:1: error: 'OPENSSL_COMPILE_ASSERT_library_values_changed_18' declared as an array with a negative size
2022-12-27T02:56:12.6658120Z   OPENSSL_COMPILE_ASSERT(ERR_LIB_PKCS7 == 18, library_values_changed_18);
2022-12-27T02:56:12.6659410Z   ^~~~~~~~~~~~~~~~~~~~~~~~~~~~~~~~~~~~~~~~~~~~~~~~~~~~~~~~~~~~~~~~~~~~~~
2022-12-27T02:56:12.6660990Z   third_party/boringssl/include/openssl/type_check.h:83:45: note: expanded from macro 'OPENSSL_COMPILE_ASSERT'
2022-12-27T02:56:12.6662300Z     typedef char OPENSSL_COMPILE_ASSERT_##msg[((cond) ? 1 : -1)]
2022-12-27T02:56:12.6663630Z                                               ^~~~~~~~~~~~~~~~~
2022-12-27T02:56:12.6665130Z   src/boringssl/err_data.c:40:24: error: use of undeclared identifier 'ERR_LIB_PKCS8'
2022-12-27T02:56:12.6666380Z   OPENSSL_COMPILE_ASSERT(ERR_LIB_PKCS8 == 19, library_values_changed_19);
2022-12-27T02:56:12.6667690Z                          ^
2022-12-27T02:56:12.6669460Z   src/boringssl/err_data.c:41:1: error: 'OPENSSL_COMPILE_ASSERT_library_values_changed_20' declared as an array with a negative size
2022-12-27T02:56:12.6670690Z   OPENSSL_COMPILE_ASSERT(ERR_LIB_X509V3 == 20, library_values_changed_20);
2022-12-27T02:56:12.6672000Z   ^~~~~~~~~~~~~~~~~~~~~~~~~~~~~~~~~~~~~~~~~~~~~~~~~~~~~~~~~~~~~~~~~~~~~~~
2022-12-27T02:56:12.6673660Z   third_party/boringssl/include/openssl/type_check.h:83:45: note: expanded from macro 'OPENSSL_COMPILE_ASSERT'
2022-12-27T02:56:12.6675000Z     typedef char OPENSSL_COMPILE_ASSERT_##msg[((cond) ? 1 : -1)]
2022-12-27T02:56:12.6676240Z                                               ^~~~~~~~~~~~~~~~~
2022-12-27T02:56:12.6677850Z   src/boringssl/err_data.c:42:1: error: 'OPENSSL_COMPILE_ASSERT_library_values_changed_21' declared as an array with a negative size
2022-12-27T02:56:12.6679090Z   OPENSSL_COMPILE_ASSERT(ERR_LIB_RAND == 21, library_values_changed_21);
2022-12-27T02:56:12.6680390Z   ^~~~~~~~~~~~~~~~~~~~~~~~~~~~~~~~~~~~~~~~~~~~~~~~~~~~~~~~~~~~~~~~~~~~~
2022-12-27T02:56:12.6681990Z   third_party/boringssl/include/openssl/type_check.h:83:45: note: expanded from macro 'OPENSSL_COMPILE_ASSERT'
2022-12-27T02:56:12.6683290Z     typedef char OPENSSL_COMPILE_ASSERT_##msg[((cond) ? 1 : -1)]
2022-12-27T02:56:12.6684510Z                                               ^~~~~~~~~~~~~~~~~
2022-12-27T02:56:12.6686120Z   src/boringssl/err_data.c:43:1: error: 'OPENSSL_COMPILE_ASSERT_library_values_changed_22' declared as an array with a negative size
2022-12-27T02:56:12.6687350Z   OPENSSL_COMPILE_ASSERT(ERR_LIB_ENGINE == 22, library_values_changed_22);
2022-12-27T02:56:12.6688710Z   ^~~~~~~~~~~~~~~~~~~~~~~~~~~~~~~~~~~~~~~~~~~~~~~~~~~~~~~~~~~~~~~~~~~~~~~
2022-12-27T02:56:12.6690320Z   third_party/boringssl/include/openssl/type_check.h:83:45: note: expanded from macro 'OPENSSL_COMPILE_ASSERT'
2022-12-27T02:56:12.6691630Z     typedef char OPENSSL_COMPILE_ASSERT_##msg[((cond) ? 1 : -1)]
2022-12-27T02:56:12.6692930Z                                               ^~~~~~~~~~~~~~~~~
2022-12-27T02:56:12.6694560Z   src/boringssl/err_data.c:44:1: error: 'OPENSSL_COMPILE_ASSERT_library_values_changed_23' declared as an array with a negative size
2022-12-27T02:56:12.6695700Z   OPENSSL_COMPILE_ASSERT(ERR_LIB_OCSP == 23, library_values_changed_23);
2022-12-27T02:56:12.6696980Z   ^~~~~~~~~~~~~~~~~~~~~~~~~~~~~~~~~~~~~~~~~~~~~~~~~~~~~~~~~~~~~~~~~~~~~
2022-12-27T02:56:12.6698570Z   third_party/boringssl/include/openssl/type_check.h:83:45: note: expanded from macro 'OPENSSL_COMPILE_ASSERT'
2022-12-27T02:56:12.6699940Z     typedef char OPENSSL_COMPILE_ASSERT_##msg[((cond) ? 1 : -1)]
2022-12-27T02:56:12.6701140Z                                               ^~~~~~~~~~~~~~~~~
2022-12-27T02:56:12.6702750Z   src/boringssl/err_data.c:45:1: error: 'OPENSSL_COMPILE_ASSERT_library_values_changed_24' declared as an array with a negative size
2022-12-27T02:56:12.6703950Z   OPENSSL_COMPILE_ASSERT(ERR_LIB_UI == 24, library_values_changed_24);
2022-12-27T02:56:12.6705240Z   ^~~~~~~~~~~~~~~~~~~~~~~~~~~~~~~~~~~~~~~~~~~~~~~~~~~~~~~~~~~~~~~~~~~
2022-12-27T02:56:12.6706830Z   third_party/boringssl/include/openssl/type_check.h:83:45: note: expanded from macro 'OPENSSL_COMPILE_ASSERT'
2022-12-27T02:56:12.6708260Z     typedef char OPENSSL_COMPILE_ASSERT_##msg[((cond) ? 1 : -1)]
2022-12-27T02:56:12.6709600Z                                               ^~~~~~~~~~~~~~~~~
2022-12-27T02:56:12.6711190Z   src/boringssl/err_data.c:46:1: error: 'OPENSSL_COMPILE_ASSERT_library_values_changed_25' declared as an array with a negative size
2022-12-27T02:56:12.6712440Z   OPENSSL_COMPILE_ASSERT(ERR_LIB_COMP == 25, library_values_changed_25);
2022-12-27T02:56:12.6713830Z   ^~~~~~~~~~~~~~~~~~~~~~~~~~~~~~~~~~~~~~~~~~~~~~~~~~~~~~~~~~~~~~~~~~~~~
2022-12-27T02:56:12.6715310Z   third_party/boringssl/include/openssl/type_check.h:83:45: note: expanded from macro 'OPENSSL_COMPILE_ASSERT'
2022-12-27T02:56:12.6716600Z     typedef char OPENSSL_COMPILE_ASSERT_##msg[((cond) ? 1 : -1)]
2022-12-27T02:56:12.6717820Z                                               ^~~~~~~~~~~~~~~~~
2022-12-27T02:56:12.6719420Z   src/boringssl/err_data.c:47:1: error: 'OPENSSL_COMPILE_ASSERT_library_values_changed_26' declared as an array with a negative size
2022-12-27T02:56:12.6720660Z   OPENSSL_COMPILE_ASSERT(ERR_LIB_ECDSA == 26, library_values_changed_26);
2022-12-27T02:56:12.6721930Z   ^~~~~~~~~~~~~~~~~~~~~~~~~~~~~~~~~~~~~~~~~~~~~~~~~~~~~~~~~~~~~~~~~~~~~~
2022-12-27T02:56:12.6723500Z   third_party/boringssl/include/openssl/type_check.h:83:45: note: expanded from macro 'OPENSSL_COMPILE_ASSERT'
2022-12-27T02:56:12.6724820Z     typedef char OPENSSL_COMPILE_ASSERT_##msg[((cond) ? 1 : -1)]
2022-12-27T02:56:12.6726040Z                                               ^~~~~~~~~~~~~~~~~
2022-12-27T02:56:12.6727700Z   fatal error: too many errors emitted, stopping now [-ferror-limit=]
2022-12-27T02:56:12.6728850Z   70 warnings and 20 errors generated.
2022-12-27T02:56:12.6730200Z   creating var
2022-12-27T02:56:12.6731550Z   creating var/folders
2022-12-27T02:56:12.6732910Z   creating var/folders/51
2022-12-27T02:56:12.6734280Z   creating var/folders/51/hd414ycd67n82196sw51xqtc0000gn
2022-12-27T02:56:12.6735690Z   creating var/folders/51/hd414ycd67n82196sw51xqtc0000gn/T
2022-12-27T02:56:12.6737110Z   creating var/folders/51/hd414ycd67n82196sw51xqtc0000gn/T/tmp0t5ul85n
2022-12-27T02:56:12.6739530Z   gcc -Wno-unused-result -Wsign-compare -Wunreachable-code -fno-common -dynamic -DNDEBUG -g -fwrapv -O3 -Wall -g -I/usr/local/opt/openssl@3/include -I/usr/local/opt/openssl@3/include -arch arm64 -I/private/var/folders/51/hd414ycd67n82196sw51xqtc0000gn/T/cibw-run-ox002b5n/cp39-macosx_arm64/build/venv/include -I/Library/Frameworks/Python.framework/Versions/3.9/include/python3.9 -c /var/folders/51/hd414ycd67n82196sw51xqtc0000gn/T/tmp0t5ul85n/a.c -o var/folders/51/hd414ycd67n82196sw51xqtc0000gn/T/tmp0t5ul85n/a.o
2022-12-27T02:56:12.6740360Z   Traceback (most recent call last):
2022-12-27T02:56:12.6747980Z     File "/private/var/folders/51/hd414ycd67n82196sw51xqtc0000gn/T/cibw-run-ox002b5n/cp39-macosx_arm64/build/venv/lib/python3.9/site-packages/setuptools/_distutils/unixccompiler.py", line 186, in _compile
2022-12-27T02:56:12.6748470Z       self.spawn(compiler_so + cc_args + [src, '-o', obj] + extra_postargs)
2022-12-27T02:56:12.6748900Z     File "/Users/runner/actions-runner/_work/python.build/python.build/build_grpcio13539/grpcio-1.3.5/src/python/grpcio/_spawn_patch.py", line 69, in _commandfile_spawn
2022-12-27T02:56:12.6749140Z       _classic_spawn(self, command)
2022-12-27T02:56:12.6749560Z     File "/private/var/folders/51/hd414ycd67n82196sw51xqtc0000gn/T/cibw-run-ox002b5n/cp39-macosx_arm64/build/venv/lib/python3.9/site-packages/setuptools/_distutils/ccompiler.py", line 1007, in spawn
2022-12-27T02:56:12.6749820Z       spawn(cmd, dry_run=self.dry_run, **kwargs)
2022-12-27T02:56:12.6750610Z     File "/private/var/folders/51/hd414ycd67n82196sw51xqtc0000gn/T/cibw-run-ox002b5n/cp39-macosx_arm64/build/venv/lib/python3.9/site-packages/setuptools/_distutils/spawn.py", line 70, in spawn
2022-12-27T02:56:12.6751640Z       raise DistutilsExecError(
2022-12-27T02:56:12.6753210Z   distutils.errors.DistutilsExecError: command '/usr/bin/gcc' failed with exit code 1
2022-12-27T02:56:12.6754360Z 
2022-12-27T02:56:12.6755900Z   During handling of the above exception, another exception occurred:
2022-12-27T02:56:12.6757130Z 
2022-12-27T02:56:12.6758560Z   Traceback (most recent call last):
2022-12-27T02:56:12.6760270Z     File "/Users/runner/actions-runner/_work/python.build/python.build/build_grpcio13539/grpcio-1.3.5/src/python/grpcio/commands.py", line 281, in build_extensions
2022-12-27T02:56:12.6761260Z       build_ext.build_ext.build_extensions(self)
2022-12-27T02:56:12.6763300Z     File "/private/var/folders/51/hd414ycd67n82196sw51xqtc0000gn/T/cibw-run-ox002b5n/cp39-macosx_arm64/build/venv/lib/python3.9/site-packages/Cython/Distutils/old_build_ext.py", line 195, in build_extensions
2022-12-27T02:56:12.6764070Z       _build_ext.build_ext.build_extensions(self)
2022-12-27T02:56:12.6766010Z     File "/private/var/folders/51/hd414ycd67n82196sw51xqtc0000gn/T/cibw-run-ox002b5n/cp39-macosx_arm64/build/venv/lib/python3.9/site-packages/setuptools/_distutils/command/build_ext.py", line 468, in build_extensions
2022-12-27T02:56:12.6766990Z       self._build_extensions_serial()
2022-12-27T02:56:12.6768990Z     File "/private/var/folders/51/hd414ycd67n82196sw51xqtc0000gn/T/cibw-run-ox002b5n/cp39-macosx_arm64/build/venv/lib/python3.9/site-packages/setuptools/_distutils/command/build_ext.py", line 494, in _build_extensions_serial
2022-12-27T02:56:12.6769740Z       self.build_extension(ext)
2022-12-27T02:56:12.6771580Z     File "/private/var/folders/51/hd414ycd67n82196sw51xqtc0000gn/T/cibw-run-ox002b5n/cp39-macosx_arm64/build/venv/lib/python3.9/site-packages/setuptools/command/build_ext.py", line 246, in build_extension
2022-12-27T02:56:12.6772560Z       _build_ext.build_extension(self, ext)
2022-12-27T02:56:12.6774450Z     File "/private/var/folders/51/hd414ycd67n82196sw51xqtc0000gn/T/cibw-run-ox002b5n/cp39-macosx_arm64/build/venv/lib/python3.9/site-packages/setuptools/_distutils/command/build_ext.py", line 549, in build_extension
2022-12-27T02:56:12.6775310Z       objects = self.compiler.compile(
2022-12-27T02:56:12.6777180Z     File "/private/var/folders/51/hd414ycd67n82196sw51xqtc0000gn/T/cibw-run-ox002b5n/cp39-macosx_arm64/build/venv/lib/python3.9/site-packages/setuptools/_distutils/ccompiler.py", line 599, in compile
2022-12-27T02:56:12.6778330Z       self._compile(obj, src, ext, cc_args, extra_postargs, pp_opts)
2022-12-27T02:56:12.6780080Z     File "/private/var/folders/51/hd414ycd67n82196sw51xqtc0000gn/T/cibw-run-ox002b5n/cp39-macosx_arm64/build/venv/lib/python3.9/site-packages/setuptools/_distutils/unixccompiler.py", line 188, in _compile
2022-12-27T02:56:12.6781160Z       raise CompileError(msg)
2022-12-27T02:56:12.6782610Z   distutils.errors.CompileError: command '/usr/bin/gcc' failed with exit code 1
2022-12-27T02:56:12.6783720Z 
2022-12-27T02:56:12.6785160Z   During handling of the above exception, another exception occurred:
2022-12-27T02:56:12.6786370Z 
2022-12-27T02:56:12.6787790Z   Traceback (most recent call last):
2022-12-27T02:56:12.6789250Z     File "<string>", line 2, in <module>
2022-12-27T02:56:12.6790710Z     File "<pip-setuptools-caller>", line 34, in <module>
2022-12-27T02:56:12.6792300Z     File "/Users/runner/actions-runner/_work/python.build/python.build/build_grpcio13539/grpcio-1.3.5/setup.py", line 278, in <module>
2022-12-27T02:56:12.6793400Z       setuptools.setup(
2022-12-27T02:56:12.6795120Z     File "/private/var/folders/51/hd414ycd67n82196sw51xqtc0000gn/T/cibw-run-ox002b5n/cp39-macosx_arm64/build/venv/lib/python3.9/site-packages/setuptools/__init__.py", line 87, in setup
2022-12-27T02:56:12.6796190Z       return distutils.core.setup(**attrs)
2022-12-27T02:56:12.6797930Z     File "/private/var/folders/51/hd414ycd67n82196sw51xqtc0000gn/T/cibw-run-ox002b5n/cp39-macosx_arm64/build/venv/lib/python3.9/site-packages/setuptools/_distutils/core.py", line 185, in setup
2022-12-27T02:56:12.6798970Z       return run_commands(dist)
2022-12-27T02:56:12.6800970Z     File "/private/var/folders/51/hd414ycd67n82196sw51xqtc0000gn/T/cibw-run-ox002b5n/cp39-macosx_arm64/build/venv/lib/python3.9/site-packages/setuptools/_distutils/core.py", line 201, in run_commands
2022-12-27T02:56:12.6801840Z       dist.run_commands()
2022-12-27T02:56:12.6803650Z     File "/private/var/folders/51/hd414ycd67n82196sw51xqtc0000gn/T/cibw-run-ox002b5n/cp39-macosx_arm64/build/venv/lib/python3.9/site-packages/setuptools/_distutils/dist.py", line 969, in run_commands
2022-12-27T02:56:12.6804560Z       self.run_command(cmd)
2022-12-27T02:56:12.6806530Z     File "/private/var/folders/51/hd414ycd67n82196sw51xqtc0000gn/T/cibw-run-ox002b5n/cp39-macosx_arm64/build/venv/lib/python3.9/site-packages/setuptools/dist.py", line 1208, in run_command
2022-12-27T02:56:12.6807480Z       super().run_command(command)
2022-12-27T02:56:12.6809400Z     File "/private/var/folders/51/hd414ycd67n82196sw51xqtc0000gn/T/cibw-run-ox002b5n/cp39-macosx_arm64/build/venv/lib/python3.9/site-packages/setuptools/_distutils/dist.py", line 988, in run_command
2022-12-27T02:56:12.6810310Z       cmd_obj.run()
2022-12-27T02:56:12.6812120Z     File "/private/var/folders/51/hd414ycd67n82196sw51xqtc0000gn/T/cibw-run-ox002b5n/cp39-macosx_arm64/build/venv/lib/python3.9/site-packages/wheel/bdist_wheel.py", line 325, in run
2022-12-27T02:56:12.6813180Z       self.run_command("build")
2022-12-27T02:56:12.6814940Z     File "/private/var/folders/51/hd414ycd67n82196sw51xqtc0000gn/T/cibw-run-ox002b5n/cp39-macosx_arm64/build/venv/lib/python3.9/site-packages/setuptools/_distutils/cmd.py", line 318, in run_command
2022-12-27T02:56:12.6816060Z       self.distribution.run_command(command)
2022-12-27T02:56:12.6817660Z     File "/private/var/folders/51/hd414ycd67n82196sw51xqtc0000gn/T/cibw-run-ox002b5n/cp39-macosx_arm64/build/venv/lib/python3.9/site-packages/setuptools/dist.py", line 1208, in run_command
2022-12-27T02:56:12.6818740Z       super().run_command(command)
2022-12-27T02:56:12.6820480Z     File "/private/var/folders/51/hd414ycd67n82196sw51xqtc0000gn/T/cibw-run-ox002b5n/cp39-macosx_arm64/build/venv/lib/python3.9/site-packages/setuptools/_distutils/dist.py", line 988, in run_command
2022-12-27T02:56:12.6821540Z       cmd_obj.run()
2022-12-27T02:56:12.6823310Z     File "/private/var/folders/51/hd414ycd67n82196sw51xqtc0000gn/T/cibw-run-ox002b5n/cp39-macosx_arm64/build/venv/lib/python3.9/site-packages/setuptools/_distutils/command/build.py", line 132, in run
2022-12-27T02:56:12.6824260Z       self.run_command(cmd_name)
2022-12-27T02:56:12.6826060Z     File "/private/var/folders/51/hd414ycd67n82196sw51xqtc0000gn/T/cibw-run-ox002b5n/cp39-macosx_arm64/build/venv/lib/python3.9/site-packages/setuptools/_distutils/cmd.py", line 318, in run_command
2022-12-27T02:56:12.6827130Z       self.distribution.run_command(command)
2022-12-27T02:56:12.6828880Z     File "/private/var/folders/51/hd414ycd67n82196sw51xqtc0000gn/T/cibw-run-ox002b5n/cp39-macosx_arm64/build/venv/lib/python3.9/site-packages/setuptools/dist.py", line 1208, in run_command
2022-12-27T02:56:12.6829920Z       super().run_command(command)
2022-12-27T02:56:12.6831670Z     File "/private/var/folders/51/hd414ycd67n82196sw51xqtc0000gn/T/cibw-run-ox002b5n/cp39-macosx_arm64/build/venv/lib/python3.9/site-packages/setuptools/_distutils/dist.py", line 988, in run_command
2022-12-27T02:56:12.6832790Z       cmd_obj.run()
2022-12-27T02:56:12.6834550Z     File "/private/var/folders/51/hd414ycd67n82196sw51xqtc0000gn/T/cibw-run-ox002b5n/cp39-macosx_arm64/build/venv/lib/python3.9/site-packages/setuptools/command/build_ext.py", line 84, in run
2022-12-27T02:56:12.6835590Z       _build_ext.run(self)
2022-12-27T02:56:12.6837300Z     File "/private/var/folders/51/hd414ycd67n82196sw51xqtc0000gn/T/cibw-run-ox002b5n/cp39-macosx_arm64/build/venv/lib/python3.9/site-packages/Cython/Distutils/old_build_ext.py", line 186, in run
2022-12-27T02:56:12.6838380Z       _build_ext.build_ext.run(self)
2022-12-27T02:56:12.6840060Z     File "/private/var/folders/51/hd414ycd67n82196sw51xqtc0000gn/T/cibw-run-ox002b5n/cp39-macosx_arm64/build/venv/lib/python3.9/site-packages/setuptools/_distutils/command/build_ext.py", line 346, in run
2022-12-27T02:56:12.6841140Z       self.build_extensions()
2022-12-27T02:56:12.6842800Z     File "/Users/runner/actions-runner/_work/python.build/python.build/build_grpcio13539/grpcio-1.3.5/src/python/grpcio/commands.py", line 285, in build_extensions
2022-12-27T02:56:12.6843900Z       raise CommandError(
2022-12-27T02:56:12.6845270Z   commands.CommandError: Failed `build_ext` step:
2022-12-27T02:56:12.6846580Z   Traceback (most recent call last):
2022-12-27T02:56:12.6848460Z     File "/private/var/folders/51/hd414ycd67n82196sw51xqtc0000gn/T/cibw-run-ox002b5n/cp39-macosx_arm64/build/venv/lib/python3.9/site-packages/setuptools/_distutils/unixccompiler.py", line 186, in _compile
2022-12-27T02:56:12.6849510Z       self.spawn(compiler_so + cc_args + [src, '-o', obj] + extra_postargs)
2022-12-27T02:56:12.6851190Z     File "/Users/runner/actions-runner/_work/python.build/python.build/build_grpcio13539/grpcio-1.3.5/src/python/grpcio/_spawn_patch.py", line 69, in _commandfile_spawn
2022-12-27T02:56:12.6852290Z       _classic_spawn(self, command)
2022-12-27T02:56:12.6854040Z     File "/private/var/folders/51/hd414ycd67n82196sw51xqtc0000gn/T/cibw-run-ox002b5n/cp39-macosx_arm64/build/venv/lib/python3.9/site-packages/setuptools/_distutils/ccompiler.py", line 1007, in spawn
2022-12-27T02:56:12.6855150Z       spawn(cmd, dry_run=self.dry_run, **kwargs)
2022-12-27T02:56:12.6856850Z     File "/private/var/folders/51/hd414ycd67n82196sw51xqtc0000gn/T/cibw-run-ox002b5n/cp39-macosx_arm64/build/venv/lib/python3.9/site-packages/setuptools/_distutils/spawn.py", line 70, in spawn
2022-12-27T02:56:12.6857950Z       raise DistutilsExecError(
2022-12-27T02:56:12.6859470Z   distutils.errors.DistutilsExecError: command '/usr/bin/gcc' failed with exit code 1
2022-12-27T02:56:12.6860590Z 
2022-12-27T02:56:12.6862040Z   During handling of the above exception, another exception occurred:
2022-12-27T02:56:12.6863250Z 
2022-12-27T02:56:12.6864760Z   Traceback (most recent call last):
2022-12-27T02:56:12.6866480Z     File "/Users/runner/actions-runner/_work/python.build/python.build/build_grpcio13539/grpcio-1.3.5/src/python/grpcio/commands.py", line 281, in build_extensions
2022-12-27T02:56:12.6867470Z       build_ext.build_ext.build_extensions(self)
2022-12-27T02:56:12.6869300Z     File "/private/var/folders/51/hd414ycd67n82196sw51xqtc0000gn/T/cibw-run-ox002b5n/cp39-macosx_arm64/build/venv/lib/python3.9/site-packages/Cython/Distutils/old_build_ext.py", line 195, in build_extensions
2022-12-27T02:56:12.6870480Z       _build_ext.build_ext.build_extensions(self)
2022-12-27T02:56:12.6872150Z     File "/private/var/folders/51/hd414ycd67n82196sw51xqtc0000gn/T/cibw-run-ox002b5n/cp39-macosx_arm64/build/venv/lib/python3.9/site-packages/setuptools/_distutils/command/build_ext.py", line 468, in build_extensions
2022-12-27T02:56:12.6873120Z       self._build_extensions_serial()
2022-12-27T02:56:12.6875080Z     File "/private/var/folders/51/hd414ycd67n82196sw51xqtc0000gn/T/cibw-run-ox002b5n/cp39-macosx_arm64/build/venv/lib/python3.9/site-packages/setuptools/_distutils/command/build_ext.py", line 494, in _build_extensions_serial
2022-12-27T02:56:12.6875960Z       self.build_extension(ext)
2022-12-27T02:56:12.6877830Z     File "/private/var/folders/51/hd414ycd67n82196sw51xqtc0000gn/T/cibw-run-ox002b5n/cp39-macosx_arm64/build/venv/lib/python3.9/site-packages/setuptools/command/build_ext.py", line 246, in build_extension
2022-12-27T02:56:12.6878710Z       _build_ext.build_extension(self, ext)
2022-12-27T02:56:12.6880710Z     File "/private/var/folders/51/hd414ycd67n82196sw51xqtc0000gn/T/cibw-run-ox002b5n/cp39-macosx_arm64/build/venv/lib/python3.9/site-packages/setuptools/_distutils/command/build_ext.py", line 549, in build_extension
2022-12-27T02:56:12.6881490Z       objects = self.compiler.compile(
2022-12-27T02:56:12.6883340Z     File "/private/var/folders/51/hd414ycd67n82196sw51xqtc0000gn/T/cibw-run-ox002b5n/cp39-macosx_arm64/build/venv/lib/python3.9/site-packages/setuptools/_distutils/ccompiler.py", line 599, in compile
2022-12-27T02:56:12.6884300Z       self._compile(obj, src, ext, cc_args, extra_postargs, pp_opts)
2022-12-27T02:56:12.6886080Z     File "/private/var/folders/51/hd414ycd67n82196sw51xqtc0000gn/T/cibw-run-ox002b5n/cp39-macosx_arm64/build/venv/lib/python3.9/site-packages/setuptools/_distutils/unixccompiler.py", line 188, in _compile
2022-12-27T02:56:12.6887020Z       raise CompileError(msg)
2022-12-27T02:56:12.6888640Z   distutils.errors.CompileError: command '/usr/bin/gcc' failed with exit code 1
2022-12-27T02:56:12.6889780Z 
2022-12-27T02:56:12.7346360Z   error: subprocess-exited-with-error
2022-12-27T02:56:12.7346750Z   
2022-12-27T02:56:12.7347120Z   × python setup.py bdist_wheel did not run successfully.
2022-12-27T02:56:12.7347410Z   │ exit code: 1
2022-12-27T02:56:12.7347670Z   ╰─> See above for output.
2022-12-27T02:56:12.7347850Z   
2022-12-27T02:56:12.7348100Z   note: This error originates from a subprocess, and is likely not a problem with pip.
2022-12-27T02:56:12.7356410Z   full command: /private/var/folders/51/hd414ycd67n82196sw51xqtc0000gn/T/cibw-run-ox002b5n/cp39-macosx_arm64/build/venv/bin/python -u -c '
2022-12-27T02:56:12.7356910Z   exec(compile('"'"''"'"''"'"'
2022-12-27T02:56:12.7357330Z   # This is <pip-setuptools-caller> -- a caller that pip uses to run setup.py
2022-12-27T02:56:12.7357660Z   #
2022-12-27T02:56:12.7358060Z   # - It imports setuptools before invoking setup.py, to enable projects that directly
2022-12-27T02:56:12.7358450Z   #   import from `distutils.core` to work with newer packaging standards.
2022-12-27T02:56:12.7358920Z   # - It provides a clear error message when setuptools is not installed.
2022-12-27T02:56:12.7359410Z   # - It sets `sys.argv[0]` to the underlying `setup.py`, when invoking `setup.py` so
2022-12-27T02:56:12.7359910Z   #   setuptools doesn'"'"'t think the script is `-c`. This avoids the following warning:
2022-12-27T02:56:12.7360340Z   #     manifest_maker: standard file '"'"'-c'"'"' not found".
2022-12-27T02:56:12.7360760Z   # - It generates a shim setup.py, for handling setup.cfg-only projects.
2022-12-27T02:56:12.7361050Z   import os, sys, tokenize
2022-12-27T02:56:12.7361250Z   
2022-12-27T02:56:12.7361420Z   try:
2022-12-27T02:56:12.7361620Z       import setuptools
2022-12-27T02:56:12.7361850Z   except ImportError as error:
2022-12-27T02:56:12.7362060Z       print(
2022-12-27T02:56:12.7362340Z           "ERROR: Can not execute `setup.py` since setuptools is not available in "
2022-12-27T02:56:12.7363020Z           "the build environment.",
2022-12-27T02:56:12.7363240Z           file=sys.stderr,
2022-12-27T02:56:12.7363440Z       )
2022-12-27T02:56:12.7363620Z       sys.exit(1)
2022-12-27T02:56:12.7363800Z   
2022-12-27T02:56:12.7363980Z   __file__ = %r
2022-12-27T02:56:12.7364180Z   sys.argv[0] = __file__
2022-12-27T02:56:12.7364370Z   
2022-12-27T02:56:12.7364570Z   if os.path.exists(__file__):
2022-12-27T02:56:12.7364790Z       filename = __file__
2022-12-27T02:56:12.7365030Z       with tokenize.open(__file__) as f:
2022-12-27T02:56:12.7365270Z           setup_py_code = f.read()
2022-12-27T02:56:12.7365470Z   else:
2022-12-27T02:56:12.7365770Z       filename = "<auto-generated setuptools caller>"
2022-12-27T02:56:12.7366030Z       setup_py_code = "from setuptools import setup; setup()"
2022-12-27T02:56:12.7366220Z   
2022-12-27T02:56:12.7366350Z   exec(compile(setup_py_code, filename, "exec"))
2022-12-27T02:56:12.7366810Z   '"'"''"'"''"'"' % ('"'"'/Users/runner/actions-runner/_work/python.build/python.build/build_grpcio13539/grpcio-1.3.5/setup.py'"'"',), "<pip-setuptools-caller>", "exec"))' bdist_wheel -d /private/var/folders/51/hd414ycd67n82196sw51xqtc0000gn/T/pip-wheel-1f1_odmz
2022-12-27T02:56:12.7367240Z   cwd: /Users/runner/actions-runner/_work/python.build/python.build/build_grpcio13539/grpcio-1.3.5/
2022-12-27T02:56:12.7367450Z   ERROR: Failed building wheel for grpcio
2022-12-27T02:56:12.7367600Z   Running command python setup.py clean
2022-12-27T02:56:12.7367830Z   Building wheel for grpcio (setup.py): finished with status 'error'
2022-12-27T02:56:12.7368000Z   Running setup.py clean for grpcio
2022-12-27T02:56:13.1652690Z   running clean
2022-12-27T02:56:13.1669300Z   removing 'python_build/temp.macosx-11.0-arm64-cpython-39' (and everything under it)
2022-12-27T02:56:13.1763380Z   removing 'python_build/lib.macosx-11.0-arm64-cpython-39' (and everything under it)
2022-12-27T02:56:13.1804880Z   'python_build/bdist.macosx-11.0-arm64' does not exist -- can't clean it
2022-12-27T02:56:13.1806690Z   'python_build/scripts-3.9' does not exist -- can't clean it
2022-12-27T02:56:13.1808240Z   removing 'python_build'
2022-12-27T02:56:13.2148300Z Failed to build grpcio
2022-12-27T02:56:13.2152530Z ERROR: Failed to build one or more wheels
2022-12-27T02:56:13.2162470Z Exception information:
2022-12-27T02:56:13.2162740Z Traceback (most recent call last):
2022-12-27T02:56:13.2163600Z   File "/private/var/folders/51/hd414ycd67n82196sw51xqtc0000gn/T/cibw-run-ox002b5n/cp39-macosx_arm64/build/venv/lib/python3.9/site-packages/pip/_internal/cli/base_command.py", line 160, in exc_logging_wrapper
2022-12-27T02:56:13.2163930Z     status = run_func(*args)
2022-12-27T02:56:13.2164420Z   File "/private/var/folders/51/hd414ycd67n82196sw51xqtc0000gn/T/cibw-run-ox002b5n/cp39-macosx_arm64/build/venv/lib/python3.9/site-packages/pip/_internal/cli/req_command.py", line 247, in wrapper
2022-12-27T02:56:13.2164740Z     return func(self, options, args)
2022-12-27T02:56:13.2165230Z   File "/private/var/folders/51/hd414ycd67n82196sw51xqtc0000gn/T/cibw-run-ox002b5n/cp39-macosx_arm64/build/venv/lib/python3.9/site-packages/pip/_internal/commands/wheel.py", line 201, in run
2022-12-27T02:56:13.2165610Z     raise CommandError("Failed to build one or more wheels")
2022-12-27T02:56:13.2165870Z pip._internal.exceptions.CommandError: Failed to build one or more wheels
2022-12-27T02:56:13.2166310Z Removed build tracker: '/private/var/folders/51/hd414ycd67n82196sw51xqtc0000gn/T/pip-build-tracker-sejlilgh'
2022-12-27T02:56:13.2644290Z ##[error]Command ['python', '-m', 'pip', 'wheel', '/Users/runner/actions-runner/_work/python.build/python.build/build_grpcio13539/grpcio-1.3.5', '--wheel-dir=/private/var/folders/51/hd414ycd67n82196sw51xqtc0000gn/T/cibw-run-ox002b5n/cp39-macosx_arm64/built_wheel', '--no-deps', '-vvv'] failed with code 1. None
2022-12-27T02:56:13.2651140Z 
2022-12-27T02:56:13.2651410Z ##[endgroup]
2022-12-27T02:56:13.2651780Z                                                               [31m✕ [0m3.23s
2022-12-27T02:56:13.3226360Z ##[error]Process completed with exit code 1.
2022-12-27T02:56:13.3262260Z ##[group]Run rm -rf build_grpcio13539 wheelsout
2022-12-27T02:56:13.3262450Z [36;1mrm -rf build_grpcio13539 wheelsout[0m
2022-12-27T02:56:13.3278440Z shell: /bin/bash -e {0}
2022-12-27T02:56:13.3278580Z env:
2022-12-27T02:56:13.3278740Z   pythonLocation: /Users/runner/hostedtoolcache/Python/3.9.16/x64
2022-12-27T02:56:13.3278940Z   PKG_CONFIG_PATH: /Users/runner/hostedtoolcache/Python/3.9.16/x64/lib/pkgconfig
2022-12-27T02:56:13.3279130Z   Python_ROOT_DIR: /Users/runner/hostedtoolcache/Python/3.9.16/x64
2022-12-27T02:56:13.3279310Z   Python2_ROOT_DIR: /Users/runner/hostedtoolcache/Python/3.9.16/x64
2022-12-27T02:56:13.3279480Z   Python3_ROOT_DIR: /Users/runner/hostedtoolcache/Python/3.9.16/x64
2022-12-27T02:56:13.3279670Z ##[endgroup]
2022-12-27T02:56:13.5526550Z Cleaning up orphan processes
