2022-12-27T01:55:03.6591527Z Requested labels: self-hosted, macOS, X64
2022-12-27T01:55:03.6591595Z Job defined at: kilnbuild/python.build/.github/workflows/mac_arm_build.yml@refs/heads/main
2022-12-27T01:55:03.6591623Z Waiting for a runner to pick up this job...
2022-12-27T02:23:54.6592279Z Job is about to start running on the runner: k2 (organization)
2022-12-27T02:23:56.8403170Z Current runner version: '2.300.2'
2022-12-27T02:23:56.8407840Z Runner name: 'k2'
2022-12-27T02:23:56.8408070Z Runner group name: 'Default'
2022-12-27T02:23:56.8408510Z Machine name: 'k2'
2022-12-27T02:23:56.8409900Z ##[group]GITHUB_TOKEN Permissions
2022-12-27T02:23:56.8410290Z Actions: write
2022-12-27T02:23:56.8410420Z Checks: write
2022-12-27T02:23:56.8410540Z Contents: write
2022-12-27T02:23:56.8410670Z Deployments: write
2022-12-27T02:23:56.8410810Z Discussions: write
2022-12-27T02:23:56.8410940Z Issues: write
2022-12-27T02:23:56.8411060Z Metadata: read
2022-12-27T02:23:56.8411180Z Packages: write
2022-12-27T02:23:56.8411310Z Pages: write
2022-12-27T02:23:56.8411440Z PullRequests: write
2022-12-27T02:23:56.8411590Z RepositoryProjects: write
2022-12-27T02:23:56.8411740Z SecurityEvents: write
2022-12-27T02:23:56.8411870Z Statuses: write
2022-12-27T02:23:56.8412000Z ##[endgroup]
2022-12-27T02:23:56.8414540Z Secret source: Actions
2022-12-27T02:23:56.8414850Z Prepare workflow directory
2022-12-27T02:23:56.9042790Z Prepare all required actions
2022-12-27T02:23:56.9167410Z Getting action download info
2022-12-27T02:23:57.3691420Z Download action repository 'actions/setup-python@v4' (SHA:5ccb29d8773c3f3f653e1705f474dfaa8a06a912)
2022-12-27T02:23:59.1407000Z Download action repository 'actions/upload-artifact@v3' (SHA:83fd05a356d7e2593de66fc9913b3002723633cb)
2022-12-27T02:24:00.9937920Z ##[group]Run echo '{
2022-12-27T02:24:00.9938210Z [36;1mecho '{[0m
2022-12-27T02:24:00.9938480Z [36;1m  "environment_variables": "GRPC_PYTHON_BUILD_WITH_CYTHON=1 GRPC_BUILD_WITH_BORING_SSL_ASM='' GRPC_PYTHON_BUILD_SYSTEM_OPENSSL=TRUE",[0m
2022-12-27T02:24:00.9938710Z [36;1m  "package_name": "grpcio",[0m
2022-12-27T02:24:00.9938980Z [36;1m  "package_url": "https://files.pythonhosted.org/packages/76/13/2401628b905a1a5cad43f862f9787127d19cfc815462a87d993c225196cd/grpcio-0.4.0a8.tar.gz",[0m
2022-12-27T02:24:00.9939180Z [36;1m  "package_version": "0.4.0a8",[0m
2022-12-27T02:24:00.9939330Z [36;1m  "python_version": "3.8",[0m
2022-12-27T02:24:00.9939460Z [36;1m  "use_ccache": "true"[0m
2022-12-27T02:24:00.9939610Z [36;1m}'[0m
2022-12-27T02:24:00.9954750Z shell: /bin/bash -e {0}
2022-12-27T02:24:00.9954920Z ##[endgroup]
2022-12-27T02:24:01.0174570Z {
2022-12-27T02:24:01.0176050Z   "environment_variables": "GRPC_PYTHON_BUILD_WITH_CYTHON=1 GRPC_BUILD_WITH_BORING_SSL_ASM= GRPC_PYTHON_BUILD_SYSTEM_OPENSSL=TRUE",
2022-12-27T02:24:01.0176370Z   "package_name": "grpcio",
2022-12-27T02:24:01.0176970Z   "package_url": "https://files.pythonhosted.org/packages/76/13/2401628b905a1a5cad43f862f9787127d19cfc815462a87d993c225196cd/grpcio-0.4.0a8.tar.gz",
2022-12-27T02:24:01.0177240Z   "package_version": "0.4.0a8",
2022-12-27T02:24:01.0177390Z   "python_version": "3.8",
2022-12-27T02:24:01.0177570Z   "use_ccache": "true"
2022-12-27T02:24:01.0177780Z }
2022-12-27T02:24:01.0384380Z ##[group]Run actions/setup-python@v4
2022-12-27T02:24:01.0384660Z with:
2022-12-27T02:24:01.0384830Z   python-version: 3.8
2022-12-27T02:24:01.0385040Z   check-latest: false
2022-12-27T02:24:01.0385480Z   token: ***
2022-12-27T02:24:01.0385680Z   update-environment: true
2022-12-27T02:24:01.0385860Z ##[endgroup]
2022-12-27T02:24:01.1604180Z ##[group]Installed versions
2022-12-27T02:24:01.1710630Z Successfully set up CPython (3.8.15)
2022-12-27T02:24:01.1711430Z ##[endgroup]
2022-12-27T02:24:01.1852220Z ##[group]Run if [ "true" == "true" ]
2022-12-27T02:24:01.1852540Z [36;1mif [ "true" == "true" ][0m
2022-12-27T02:24:01.1852760Z [36;1mthen[0m
2022-12-27T02:24:01.1852950Z [36;1m  echo "CCACHE_PATH_PREPEND=/usr/local/opt/ccache/libexec" >> $GITHUB_OUTPUT[0m
2022-12-27T02:24:01.1853230Z [36;1melse[0m
2022-12-27T02:24:01.1853460Z [36;1m  echo "CCACHE_PATH_PREPEND=" >> $GITHUB_OUTPUT[0m
2022-12-27T02:24:01.1853610Z [36;1mfi[0m
2022-12-27T02:24:01.1869650Z shell: /bin/bash -e {0}
2022-12-27T02:24:01.1869940Z env:
2022-12-27T02:24:01.1870170Z   pythonLocation: /Users/runner/hostedtoolcache/Python/3.8.15/x64
2022-12-27T02:24:01.1870400Z   PKG_CONFIG_PATH: /Users/runner/hostedtoolcache/Python/3.8.15/x64/lib/pkgconfig
2022-12-27T02:24:01.1870970Z   Python_ROOT_DIR: /Users/runner/hostedtoolcache/Python/3.8.15/x64
2022-12-27T02:24:01.1871280Z   Python2_ROOT_DIR: /Users/runner/hostedtoolcache/Python/3.8.15/x64
2022-12-27T02:24:01.1871550Z   Python3_ROOT_DIR: /Users/runner/hostedtoolcache/Python/3.8.15/x64
2022-12-27T02:24:01.1871750Z ##[endgroup]
2022-12-27T02:24:01.1976640Z ##[group]Run echo "BUILD_NAME=$(echo grpcio_0.4.0a8_3.8 | tr -dc '[:alnum:]\n\r' | tr '[:upper:]' '[:lower:]')" >> $GITHUB_OUTPUT
2022-12-27T02:24:01.1977020Z [36;1mecho "BUILD_NAME=$(echo grpcio_0.4.0a8_3.8 | tr -dc '[:alnum:]\n\r' | tr '[:upper:]' '[:lower:]')" >> $GITHUB_OUTPUT[0m
2022-12-27T02:24:01.1990410Z shell: /bin/bash -e {0}
2022-12-27T02:24:01.1990590Z env:
2022-12-27T02:24:01.1990830Z   pythonLocation: /Users/runner/hostedtoolcache/Python/3.8.15/x64
2022-12-27T02:24:01.1991120Z   PKG_CONFIG_PATH: /Users/runner/hostedtoolcache/Python/3.8.15/x64/lib/pkgconfig
2022-12-27T02:24:01.1991470Z   Python_ROOT_DIR: /Users/runner/hostedtoolcache/Python/3.8.15/x64
2022-12-27T02:24:01.1991830Z   Python2_ROOT_DIR: /Users/runner/hostedtoolcache/Python/3.8.15/x64
2022-12-27T02:24:01.1992090Z   Python3_ROOT_DIR: /Users/runner/hostedtoolcache/Python/3.8.15/x64
2022-12-27T02:24:01.1992320Z ##[endgroup]
2022-12-27T02:24:01.2139520Z ##[group]Run echo "PYTHON_NO_DOTS=$(echo 3.8 | tr -dc '[:alnum:]\n\r' | tr '[:upper:]' '[:lower:]')" >> $GITHUB_OUTPUT
2022-12-27T02:24:01.2139870Z [36;1mecho "PYTHON_NO_DOTS=$(echo 3.8 | tr -dc '[:alnum:]\n\r' | tr '[:upper:]' '[:lower:]')" >> $GITHUB_OUTPUT[0m
2022-12-27T02:24:01.2153140Z shell: /bin/bash -e {0}
2022-12-27T02:24:01.2153290Z env:
2022-12-27T02:24:01.2153490Z   pythonLocation: /Users/runner/hostedtoolcache/Python/3.8.15/x64
2022-12-27T02:24:01.2153730Z   PKG_CONFIG_PATH: /Users/runner/hostedtoolcache/Python/3.8.15/x64/lib/pkgconfig
2022-12-27T02:24:01.2154230Z   Python_ROOT_DIR: /Users/runner/hostedtoolcache/Python/3.8.15/x64
2022-12-27T02:24:01.2154500Z   Python2_ROOT_DIR: /Users/runner/hostedtoolcache/Python/3.8.15/x64
2022-12-27T02:24:01.2154860Z   Python3_ROOT_DIR: /Users/runner/hostedtoolcache/Python/3.8.15/x64
2022-12-27T02:24:01.2155050Z ##[endgroup]
2022-12-27T02:24:01.2268450Z ##[group]Run rm -rf build_grpcio040a838
2022-12-27T02:24:01.2268790Z [36;1mrm -rf build_grpcio040a838[0m
2022-12-27T02:24:01.2268950Z [36;1mmkdir build_grpcio040a838[0m
2022-12-27T02:24:01.2269140Z [36;1mcd build_grpcio040a838[0m
2022-12-27T02:24:01.2269440Z [36;1m/usr/local/bin/wget --quiet https://files.pythonhosted.org/packages/76/13/2401628b905a1a5cad43f862f9787127d19cfc815462a87d993c225196cd/grpcio-0.4.0a8.tar.gz[0m
2022-12-27T02:24:01.2269760Z [36;1mtar xf *.tar.gz[0m
2022-12-27T02:24:01.2269930Z [36;1mcd grpcio-*/[0m
2022-12-27T02:24:01.2270130Z [36;1mpython -m pip install cibuildwheel==2.11.3[0m
2022-12-27T02:24:01.2270350Z [36;1mpython -m cibuildwheel --output-dir ../wheelsout[0m
2022-12-27T02:24:01.2284620Z shell: /bin/bash -e {0}
2022-12-27T02:24:01.2284830Z env:
2022-12-27T02:24:01.2285150Z   pythonLocation: /Users/runner/hostedtoolcache/Python/3.8.15/x64
2022-12-27T02:24:01.2285510Z   PKG_CONFIG_PATH: /Users/runner/hostedtoolcache/Python/3.8.15/x64/lib/pkgconfig
2022-12-27T02:24:01.2285790Z   Python_ROOT_DIR: /Users/runner/hostedtoolcache/Python/3.8.15/x64
2022-12-27T02:24:01.2286010Z   Python2_ROOT_DIR: /Users/runner/hostedtoolcache/Python/3.8.15/x64
2022-12-27T02:24:01.2286270Z   Python3_ROOT_DIR: /Users/runner/hostedtoolcache/Python/3.8.15/x64
2022-12-27T02:24:01.2286500Z   CIBW_ARCHS_MACOS: arm64
2022-12-27T02:24:01.2286710Z   CIBW_TEST_SKIP: *_arm64
2022-12-27T02:24:01.2286910Z   CIBW_BUILD: cp38-macosx_arm64
2022-12-27T02:24:01.2287110Z   CIBW_BUILD_FRONTEND: pip
2022-12-27T02:24:01.2287260Z   CIBW_BUILD_VERBOSITY: 3
2022-12-27T02:24:01.2287630Z   CIBW_ENVIRONMENT_MACOS: GRPC_PYTHON_BUILD_WITH_CYTHON=1 GRPC_BUILD_WITH_BORING_SSL_ASM='' GRPC_PYTHON_BUILD_SYSTEM_OPENSSL=TRUE CFLAGS="-I/usr/local/opt/openssl@3/include" LDFLAGS="-L/usr/local/opt/openssl@3/lib" CPPFLAGS="-I/usr/local/opt/openssl@3/include" MAKEFLAGS="-j$(sysctl -n hw.logicalcpu)" PATH=/usr/local/opt/ccache/libexec:$PATH
2022-12-27T02:24:01.2288280Z   CIBW_BEFORE_BUILD: pip install Cython; if [[ -f requirements.txt ]]; then pip install -r requirements.txt; fi
2022-12-27T02:24:01.2288530Z   MAKEFLAGS: -j$(sysctl -n hw.logicalcpu)
2022-12-27T02:24:01.2288710Z ##[endgroup]
2022-12-27T02:24:01.5435680Z Requirement already satisfied: cibuildwheel==2.11.3 in /Users/runner/hostedtoolcache/Python/3.8.15/x64/lib/python3.8/site-packages (2.11.3)
2022-12-27T02:24:01.5772510Z Requirement already satisfied: tomli in /Users/runner/hostedtoolcache/Python/3.8.15/x64/lib/python3.8/site-packages (from cibuildwheel==2.11.3) (2.0.1)
2022-12-27T02:24:01.5775690Z Requirement already satisfied: certifi in /Users/runner/hostedtoolcache/Python/3.8.15/x64/lib/python3.8/site-packages (from cibuildwheel==2.11.3) (2022.12.7)
2022-12-27T02:24:01.5779170Z Requirement already satisfied: filelock in /Users/runner/hostedtoolcache/Python/3.8.15/x64/lib/python3.8/site-packages (from cibuildwheel==2.11.3) (3.8.2)
2022-12-27T02:24:01.5783670Z Requirement already satisfied: bashlex!=0.13 in /Users/runner/hostedtoolcache/Python/3.8.15/x64/lib/python3.8/site-packages (from cibuildwheel==2.11.3) (0.16)
2022-12-27T02:24:01.5788480Z Requirement already satisfied: packaging>=20.9 in /Users/runner/hostedtoolcache/Python/3.8.15/x64/lib/python3.8/site-packages (from cibuildwheel==2.11.3) (22.0)
2022-12-27T02:24:01.5798100Z Requirement already satisfied: typing-extensions>=4.1.0 in /Users/runner/hostedtoolcache/Python/3.8.15/x64/lib/python3.8/site-packages (from cibuildwheel==2.11.3) (4.4.0)
2022-12-27T02:24:01.5801340Z Requirement already satisfied: platformdirs in /Users/runner/hostedtoolcache/Python/3.8.15/x64/lib/python3.8/site-packages (from cibuildwheel==2.11.3) (2.6.0)
2022-12-27T02:24:01.5804490Z Requirement already satisfied: bracex in /Users/runner/hostedtoolcache/Python/3.8.15/x64/lib/python3.8/site-packages (from cibuildwheel==2.11.3) (2.3.post1)
2022-12-27T02:24:01.7511540Z 
2022-12-27T02:24:01.7512040Z      _ _       _ _   _       _           _
2022-12-27T02:24:01.7512750Z  ___|_| |_ _ _|_| |_| |_ _ _| |_ ___ ___| |
2022-12-27T02:24:01.7514090Z |  _| | . | | | | | . | | | |   | -_| -_| |
2022-12-27T02:24:01.7514410Z |___|_|___|___|_|_|___|_____|_|_|___|___|_|
2022-12-27T02:24:01.7514650Z 
2022-12-27T02:24:01.7514780Z cibuildwheel version 2.11.3
2022-12-27T02:24:01.7514940Z 
2022-12-27T02:24:01.7515040Z Build options:
2022-12-27T02:24:01.7515350Z   platform: macos
2022-12-27T02:24:01.7597170Z   architectures: arm64[0m
2022-12-27T02:24:01.7597460Z   build_selector: 
2022-12-27T02:24:01.7597770Z     build_config: cp38-macosx_arm64
2022-12-27T02:24:01.7598280Z     skip_config: 
2022-12-27T02:24:01.7598710Z     requires_python: None
2022-12-27T02:24:01.7599220Z     prerelease_pythons: False[0m
2022-12-27T02:24:01.7599760Z   [38;5;244mcontainer_engine: docker[0m
2022-12-27T02:24:01.7600430Z   output_dir: /Users/runner/actions-runner/_work/python.build/python.build/build_grpcio040a838/wheelsout[0m
2022-12-27T02:24:01.7601050Z   package_dir: /Users/runner/actions-runner/_work/python.build/python.build/build_grpcio040a838/grpcio-0.4.0a8[0m
2022-12-27T02:24:01.7601380Z   test_selector: 
2022-12-27T02:24:01.7601710Z     skip_config: *_arm64[0m
2022-12-27T02:24:01.7602020Z   [38;5;244mbefore_all: [0m
2022-12-27T02:24:01.7602570Z   before_build: pip install Cython; if [[ -f requirements.txt ]]; then pip install -r requirements.txt; fi[0m
2022-12-27T02:24:01.7603030Z   [38;5;244mbefore_test: [0m
2022-12-27T02:24:01.7603350Z   [38;5;244mbuild_frontend: pip[0m
2022-12-27T02:24:01.7603640Z   build_verbosity: 3[0m
2022-12-27T02:24:01.7603960Z   [38;5;244mconfig_settings: [0m
2022-12-27T02:24:01.7604360Z   [38;5;244mdependency_constraints: pinned[0m
2022-12-27T02:24:01.7604600Z   environment: 
2022-12-27T02:24:01.7604870Z     GRPC_PYTHON_BUILD_WITH_CYTHON=1
2022-12-27T02:24:01.7605180Z     GRPC_BUILD_WITH_BORING_SSL_ASM=''
2022-12-27T02:24:01.7605440Z     GRPC_PYTHON_BUILD_SYSTEM_OPENSSL=TRUE
2022-12-27T02:24:01.7606160Z     CFLAGS="-I/usr/local/opt/openssl@3/include"
2022-12-27T02:24:01.7606530Z     LDFLAGS="-L/usr/local/opt/openssl@3/lib"
2022-12-27T02:24:01.7606900Z     CPPFLAGS="-I/usr/local/opt/openssl@3/include"
2022-12-27T02:24:01.7607240Z     MAKEFLAGS="-j$(sysctl -n hw.logicalcpu)"
2022-12-27T02:24:01.7607660Z     PATH=/usr/local/opt/ccache/libexec:$PATH[0m
2022-12-27T02:24:01.7608020Z   [38;5;244mmanylinux_images: None[0m
2022-12-27T02:24:01.7608320Z   [38;5;244mmusllinux_images: None[0m
2022-12-27T02:24:01.7608800Z   [38;5;244mrepair_command: delocate-wheel --require-archs {delocate_archs} -w {dest_dir} -v {wheel}[0m
2022-12-27T02:24:01.7609200Z   [38;5;244mtest_command: [0m
2022-12-27T02:24:01.7609520Z   [38;5;244mtest_extras: [0m
2022-12-27T02:24:01.7609830Z   [38;5;244mtest_requires: [0m
2022-12-27T02:24:01.7610060Z 
2022-12-27T02:24:01.7610250Z Cache folder: /Users/runner/Library/Caches/cibuildwheel
2022-12-27T02:24:01.7620580Z 
2022-12-27T02:24:01.7620730Z Here we go!
2022-12-27T02:24:01.7620840Z 
2022-12-27T02:24:01.7749030Z 
2022-12-27T02:24:01.7750120Z [1m[34mBuilding cp38-macosx_arm64 wheel[0m
2022-12-27T02:24:01.7750570Z CPython 3.8 macOS arm64 - Apple Silicon
2022-12-27T02:24:01.7750750Z 
2022-12-27T02:24:01.7752780Z ##[group]Installing Python cp38...
2022-12-27T02:24:01.7752990Z 
2022-12-27T02:24:01.7753490Z + pkgutil --pkgs
2022-12-27T02:24:01.7852140Z ##[endgroup]
2022-12-27T02:24:01.7852960Z                                                               [32mâœ“ [0m0.01s
2022-12-27T02:24:01.7853430Z ##[group]Setting up build environment...
2022-12-27T02:24:01.7853580Z 
2022-12-27T02:24:01.7872130Z + /Users/runner/hostedtoolcache/Python/3.8.15/x64/bin/python -sS /Users/runner/Library/Caches/cibuildwheel/virtualenv-20.17.0.pyz --activators= --no-periodic-update --pip=22.3.1 --setuptools=65.6.3 --wheel=0.38.4 --symlink-app-data --python /Library/Frameworks/Python.framework/Versions/3.8/bin/python3 /private/var/folders/51/hd414ycd67n82196sw51xqtc0000gn/T/cibw-run-m29l3wzk/cp38-macosx_arm64/build/venv
2022-12-27T02:24:01.9736960Z created virtual environment CPython3.8.10.final.0-64 in 47ms
2022-12-27T02:24:01.9737920Z   creator CPython3Posix(dest=/private/var/folders/51/hd414ycd67n82196sw51xqtc0000gn/T/cibw-run-m29l3wzk/cp38-macosx_arm64/build/venv, clear=False, no_vcs_ignore=False, global=False)
2022-12-27T02:24:01.9738510Z   seeder FromAppData(download=False, pip=22.3.1, setuptools=65.6.3, wheel=0.38.4, via=symlink, app_data_dir=/Users/runner/Library/Application Support/virtualenv)
2022-12-27T02:24:01.9739100Z     added seed packages: pip==22.3.1, setuptools==65.6.3, wheel==0.38.4
2022-12-27T02:24:01.9876190Z + python -m pip install --upgrade pip -c /Users/runner/hostedtoolcache/Python/3.8.15/x64/lib/python3.8/site-packages/cibuildwheel/resources/constraints-python38.txt
2022-12-27T02:24:02.2954170Z Requirement already satisfied: pip in ./lib/python3.8/site-packages (22.3.1)
2022-12-27T02:24:02.4320280Z + which pip
2022-12-27T02:24:02.4341680Z /private/var/folders/51/hd414ycd67n82196sw51xqtc0000gn/T/cibw-run-m29l3wzk/cp38-macosx_arm64/build/venv/bin/pip
2022-12-27T02:24:02.4343960Z + pip --version
2022-12-27T02:24:02.6584550Z pip 22.3.1 from /private/var/folders/51/hd414ycd67n82196sw51xqtc0000gn/T/cibw-run-m29l3wzk/cp38-macosx_arm64/build/venv/lib/python3.8/site-packages/pip (python 3.8)
2022-12-27T02:24:02.6813320Z + which pip
2022-12-27T02:24:02.6840690Z + which python
2022-12-27T02:24:02.6859120Z /private/var/folders/51/hd414ycd67n82196sw51xqtc0000gn/T/cibw-run-m29l3wzk/cp38-macosx_arm64/build/venv/bin/python
2022-12-27T02:24:02.6862450Z + python --version
2022-12-27T02:24:02.6910460Z Python 3.8.10
2022-12-27T02:24:02.6913620Z + which python
2022-12-27T02:24:02.6969040Z ##[endgroup]
2022-12-27T02:24:02.6969760Z                                                               [32mâœ“ [0m0.91s
2022-12-27T02:24:02.6970310Z ##[group]Installing build tools...
2022-12-27T02:24:02.6970490Z 
2022-12-27T02:24:02.6970960Z + pip install --upgrade setuptools wheel delocate -c /Users/runner/hostedtoolcache/Python/3.8.15/x64/lib/python3.8/site-packages/cibuildwheel/resources/constraints-python38.txt
2022-12-27T02:24:03.0001140Z Requirement already satisfied: setuptools in /private/var/folders/51/hd414ycd67n82196sw51xqtc0000gn/T/cibw-run-m29l3wzk/cp38-macosx_arm64/build/venv/lib/python3.8/site-packages (65.6.3)
2022-12-27T02:24:03.2194080Z Requirement already satisfied: wheel in /private/var/folders/51/hd414ycd67n82196sw51xqtc0000gn/T/cibw-run-m29l3wzk/cp38-macosx_arm64/build/venv/lib/python3.8/site-packages (0.38.4)
2022-12-27T02:24:03.2719870Z Collecting delocate
2022-12-27T02:24:03.2745350Z   Using cached delocate-0.10.3-py3-none-any.whl (142 kB)
2022-12-27T02:24:03.3056040Z Collecting packaging>=20.9
2022-12-27T02:24:03.3077890Z   Using cached packaging-21.3-py3-none-any.whl (40 kB)
2022-12-27T02:24:03.3248280Z Collecting typing-extensions
2022-12-27T02:24:03.3270050Z   Using cached typing_extensions-4.4.0-py3-none-any.whl (26 kB)
2022-12-27T02:24:03.3660760Z Collecting pyparsing!=3.0.5,>=2.0.2
2022-12-27T02:24:03.3681350Z   Using cached pyparsing-3.0.9-py3-none-any.whl (98 kB)
2022-12-27T02:24:03.4057760Z Installing collected packages: typing-extensions, pyparsing, packaging, delocate
2022-12-27T02:24:03.5400190Z Successfully installed delocate-0.10.3 packaging-21.3 pyparsing-3.0.9 typing-extensions-4.4.0
2022-12-27T02:24:03.5854610Z ##[endgroup]
2022-12-27T02:24:03.5855340Z                                                               [32mâœ“ [0m0.89s
2022-12-27T02:24:03.5855800Z ##[group]Running before_build...
2022-12-27T02:24:03.5855930Z 
2022-12-27T02:24:03.5862660Z + pip install Cython; if [[ -f requirements.txt ]]; then pip install -r requirements.txt; fi
2022-12-27T02:24:04.2671450Z Collecting Cython
2022-12-27T02:24:04.2718460Z   Using cached Cython-0.29.32-py2.py3-none-any.whl (986 kB)
2022-12-27T02:24:04.3208840Z Installing collected packages: Cython
2022-12-27T02:24:04.7415150Z Successfully installed Cython-0.29.32
2022-12-27T02:24:04.7844470Z ##[endgroup]
2022-12-27T02:24:04.7845230Z                                                               [32mâœ“ [0m1.20s
2022-12-27T02:24:04.7845720Z ##[group]Building wheel...
2022-12-27T02:24:04.7846430Z 
2022-12-27T02:24:04.7849700Z + python -m pip wheel /Users/runner/actions-runner/_work/python.build/python.build/build_grpcio040a838/grpcio-0.4.0a8 --wheel-dir=/private/var/folders/51/hd414ycd67n82196sw51xqtc0000gn/T/cibw-run-m29l3wzk/cp38-macosx_arm64/built_wheel --no-deps -vvv
2022-12-27T02:24:05.0620300Z Created temporary directory: /private/var/folders/51/hd414ycd67n82196sw51xqtc0000gn/T/pip-ephem-wheel-cache-hsv4hhl0
2022-12-27T02:24:05.0625510Z Created temporary directory: /private/var/folders/51/hd414ycd67n82196sw51xqtc0000gn/T/pip-build-tracker-lhqdf02i
2022-12-27T02:24:05.0627600Z Initialized build tracking at /private/var/folders/51/hd414ycd67n82196sw51xqtc0000gn/T/pip-build-tracker-lhqdf02i
2022-12-27T02:24:05.0628680Z Created build tracker: /private/var/folders/51/hd414ycd67n82196sw51xqtc0000gn/T/pip-build-tracker-lhqdf02i
2022-12-27T02:24:05.0630150Z Entered build tracker: /private/var/folders/51/hd414ycd67n82196sw51xqtc0000gn/T/pip-build-tracker-lhqdf02i
2022-12-27T02:24:05.0633830Z Created temporary directory: /private/var/folders/51/hd414ycd67n82196sw51xqtc0000gn/T/pip-wheel-8wstii23
2022-12-27T02:24:05.0640380Z Created temporary directory: /private/var/folders/51/hd414ycd67n82196sw51xqtc0000gn/T/pip-ephem-wheel-cache-eg5cez5o
2022-12-27T02:24:05.0721540Z Processing /Users/runner/actions-runner/_work/python.build/python.build/build_grpcio040a838/grpcio-0.4.0a8
2022-12-27T02:24:05.0727020Z   Added file:///Users/runner/actions-runner/_work/python.build/python.build/build_grpcio040a838/grpcio-0.4.0a8 to build tracker '/private/var/folders/51/hd414ycd67n82196sw51xqtc0000gn/T/pip-build-tracker-lhqdf02i'
2022-12-27T02:24:05.0730670Z   Running setup.py (path:/Users/runner/actions-runner/_work/python.build/python.build/build_grpcio040a838/grpcio-0.4.0a8/setup.py) egg_info for package from file:///Users/runner/actions-runner/_work/python.build/python.build/build_grpcio040a838/grpcio-0.4.0a8
2022-12-27T02:24:05.0733510Z   Created temporary directory: /private/var/folders/51/hd414ycd67n82196sw51xqtc0000gn/T/pip-pip-egg-info-sbzlno9f
2022-12-27T02:24:05.0734910Z   Preparing metadata (setup.py): started
2022-12-27T02:24:05.0736930Z   Running command python setup.py egg_info
2022-12-27T02:24:05.2476660Z   running egg_info
2022-12-27T02:24:05.2478670Z   creating /private/var/folders/51/hd414ycd67n82196sw51xqtc0000gn/T/pip-pip-egg-info-sbzlno9f/grpcio.egg-info
2022-12-27T02:24:05.2485800Z   writing /private/var/folders/51/hd414ycd67n82196sw51xqtc0000gn/T/pip-pip-egg-info-sbzlno9f/grpcio.egg-info/PKG-INFO
2022-12-27T02:24:05.2488820Z   writing dependency_links to /private/var/folders/51/hd414ycd67n82196sw51xqtc0000gn/T/pip-pip-egg-info-sbzlno9f/grpcio.egg-info/dependency_links.txt
2022-12-27T02:24:05.2493310Z   writing requirements to /private/var/folders/51/hd414ycd67n82196sw51xqtc0000gn/T/pip-pip-egg-info-sbzlno9f/grpcio.egg-info/requires.txt
2022-12-27T02:24:05.2495560Z   writing top-level names to /private/var/folders/51/hd414ycd67n82196sw51xqtc0000gn/T/pip-pip-egg-info-sbzlno9f/grpcio.egg-info/top_level.txt
2022-12-27T02:24:05.2497280Z   writing manifest file '/private/var/folders/51/hd414ycd67n82196sw51xqtc0000gn/T/pip-pip-egg-info-sbzlno9f/grpcio.egg-info/SOURCES.txt'
2022-12-27T02:24:05.3438090Z   reading manifest file '/private/var/folders/51/hd414ycd67n82196sw51xqtc0000gn/T/pip-pip-egg-info-sbzlno9f/grpcio.egg-info/SOURCES.txt'
2022-12-27T02:24:05.3439690Z   reading manifest template 'MANIFEST.in'
2022-12-27T02:24:05.3474090Z   writing manifest file '/private/var/folders/51/hd414ycd67n82196sw51xqtc0000gn/T/pip-pip-egg-info-sbzlno9f/grpcio.egg-info/SOURCES.txt'
2022-12-27T02:24:05.3712310Z   Preparing metadata (setup.py): finished with status 'done'
2022-12-27T02:24:05.3736810Z   Source in /Users/runner/actions-runner/_work/python.build/python.build/build_grpcio040a838/grpcio-0.4.0a8 has version 0.4.0a8, which satisfies requirement grpcio==0.4.0a8 from file:///Users/runner/actions-runner/_work/python.build/python.build/build_grpcio040a838/grpcio-0.4.0a8
2022-12-27T02:24:05.3740390Z   Removed grpcio==0.4.0a8 from file:///Users/runner/actions-runner/_work/python.build/python.build/build_grpcio040a838/grpcio-0.4.0a8 from build tracker '/private/var/folders/51/hd414ycd67n82196sw51xqtc0000gn/T/pip-build-tracker-lhqdf02i'
2022-12-27T02:24:05.3855240Z Created temporary directory: /private/var/folders/51/hd414ycd67n82196sw51xqtc0000gn/T/pip-unpack-9kny9k1n
2022-12-27T02:24:05.3857210Z Building wheels for collected packages: grpcio
2022-12-27T02:24:05.3863520Z   Created temporary directory: /private/var/folders/51/hd414ycd67n82196sw51xqtc0000gn/T/pip-wheel-93jwv30n
2022-12-27T02:24:05.3864980Z   Building wheel for grpcio (setup.py): started
2022-12-27T02:24:05.3866790Z   Destination directory: /private/var/folders/51/hd414ycd67n82196sw51xqtc0000gn/T/pip-wheel-93jwv30n
2022-12-27T02:24:05.3867940Z   Running command python setup.py bdist_wheel
2022-12-27T02:24:05.5706800Z   running bdist_wheel
2022-12-27T02:24:05.6605660Z   running build
2022-12-27T02:24:05.6608240Z   running build_py
2022-12-27T02:24:05.6627720Z   creating build
2022-12-27T02:24:05.6630800Z   creating build/lib.macosx-11.0-arm64-cpython-38
2022-12-27T02:24:05.6633360Z   creating build/lib.macosx-11.0-arm64-cpython-38/grpc
2022-12-27T02:24:05.6635870Z   copying grpc/__init__.py -> build/lib.macosx-11.0-arm64-cpython-38/grpc
2022-12-27T02:24:05.6644180Z   creating build/lib.macosx-11.0-arm64-cpython-38/grpc/_adapter
2022-12-27T02:24:05.6647470Z   copying grpc/_adapter/fore.py -> build/lib.macosx-11.0-arm64-cpython-38/grpc/_adapter
2022-12-27T02:24:05.6650280Z   copying grpc/_adapter/_event_invocation_synchronous_event_service_test.py -> build/lib.macosx-11.0-arm64-cpython-38/grpc/_adapter
2022-12-27T02:24:05.6653990Z   copying grpc/_adapter/_lonely_rear_link_test.py -> build/lib.macosx-11.0-arm64-cpython-38/grpc/_adapter
2022-12-27T02:24:05.6658550Z   copying grpc/_adapter/_face_test_case.py -> build/lib.macosx-11.0-arm64-cpython-38/grpc/_adapter
2022-12-27T02:24:05.6662210Z   copying grpc/_adapter/_future_invocation_asynchronous_event_service_test.py -> build/lib.macosx-11.0-arm64-cpython-38/grpc/_adapter
2022-12-27T02:24:05.6665850Z   copying grpc/_adapter/_common.py -> build/lib.macosx-11.0-arm64-cpython-38/grpc/_adapter
2022-12-27T02:24:05.6669050Z   copying grpc/_adapter/__init__.py -> build/lib.macosx-11.0-arm64-cpython-38/grpc/_adapter
2022-12-27T02:24:05.6670520Z   copying grpc/_adapter/_low.py -> build/lib.macosx-11.0-arm64-cpython-38/grpc/_adapter
2022-12-27T02:24:05.6674240Z   copying grpc/_adapter/_blocking_invocation_inline_service_test.py -> build/lib.macosx-11.0-arm64-cpython-38/grpc/_adapter
2022-12-27T02:24:05.6677860Z   copying grpc/_adapter/_test_links.py -> build/lib.macosx-11.0-arm64-cpython-38/grpc/_adapter
2022-12-27T02:24:05.6680060Z   copying grpc/_adapter/rear.py -> build/lib.macosx-11.0-arm64-cpython-38/grpc/_adapter
2022-12-27T02:24:05.6682520Z   copying grpc/_adapter/_proto_scenarios.py -> build/lib.macosx-11.0-arm64-cpython-38/grpc/_adapter
2022-12-27T02:24:05.6687160Z   copying grpc/_adapter/_low_test.py -> build/lib.macosx-11.0-arm64-cpython-38/grpc/_adapter
2022-12-27T02:24:05.6689480Z   copying grpc/_adapter/_datatypes.py -> build/lib.macosx-11.0-arm64-cpython-38/grpc/_adapter
2022-12-27T02:24:05.6693360Z   copying grpc/_adapter/_links_test.py -> build/lib.macosx-11.0-arm64-cpython-38/grpc/_adapter
2022-12-27T02:24:05.6695930Z   copying grpc/_adapter/_c_test.py -> build/lib.macosx-11.0-arm64-cpython-38/grpc/_adapter
2022-12-27T02:24:05.6701140Z   creating build/lib.macosx-11.0-arm64-cpython-38/grpc/_junkdrawer
2022-12-27T02:24:05.6702990Z   copying grpc/_junkdrawer/stock_pb2.py -> build/lib.macosx-11.0-arm64-cpython-38/grpc/_junkdrawer
2022-12-27T02:24:05.6705960Z   copying grpc/_junkdrawer/__init__.py -> build/lib.macosx-11.0-arm64-cpython-38/grpc/_junkdrawer
2022-12-27T02:24:05.6708540Z   copying grpc/_junkdrawer/math_pb2.py -> build/lib.macosx-11.0-arm64-cpython-38/grpc/_junkdrawer
2022-12-27T02:24:05.6713500Z   creating build/lib.macosx-11.0-arm64-cpython-38/grpc/early_adopter
2022-12-27T02:24:05.6715510Z   copying grpc/early_adopter/__init__.py -> build/lib.macosx-11.0-arm64-cpython-38/grpc/early_adopter
2022-12-27T02:24:05.6719680Z   copying grpc/early_adopter/implementations_test.py -> build/lib.macosx-11.0-arm64-cpython-38/grpc/early_adopter
2022-12-27T02:24:05.6722080Z   copying grpc/early_adopter/implementations.py -> build/lib.macosx-11.0-arm64-cpython-38/grpc/early_adopter
2022-12-27T02:24:05.6727940Z   creating build/lib.macosx-11.0-arm64-cpython-38/grpc/framework
2022-12-27T02:24:05.6729800Z   copying grpc/framework/__init__.py -> build/lib.macosx-11.0-arm64-cpython-38/grpc/framework
2022-12-27T02:24:05.6736080Z   creating build/lib.macosx-11.0-arm64-cpython-38/grpc/framework/alpha
2022-12-27T02:24:05.6737920Z   copying grpc/framework/alpha/interfaces.py -> build/lib.macosx-11.0-arm64-cpython-38/grpc/framework/alpha
2022-12-27T02:24:05.6741380Z   copying grpc/framework/alpha/_face_utilities.py -> build/lib.macosx-11.0-arm64-cpython-38/grpc/framework/alpha
2022-12-27T02:24:05.6744260Z   copying grpc/framework/alpha/__init__.py -> build/lib.macosx-11.0-arm64-cpython-38/grpc/framework/alpha
2022-12-27T02:24:05.6748720Z   copying grpc/framework/alpha/exceptions.py -> build/lib.macosx-11.0-arm64-cpython-38/grpc/framework/alpha
2022-12-27T02:24:05.6751520Z   copying grpc/framework/alpha/_reexport.py -> build/lib.macosx-11.0-arm64-cpython-38/grpc/framework/alpha
2022-12-27T02:24:05.6756200Z   copying grpc/framework/alpha/utilities.py -> build/lib.macosx-11.0-arm64-cpython-38/grpc/framework/alpha
2022-12-27T02:24:05.6767200Z   creating build/lib.macosx-11.0-arm64-cpython-38/grpc/framework/base
2022-12-27T02:24:05.6769840Z   copying grpc/framework/base/interfaces.py -> build/lib.macosx-11.0-arm64-cpython-38/grpc/framework/base
2022-12-27T02:24:05.6772520Z   copying grpc/framework/base/_constants.py -> build/lib.macosx-11.0-arm64-cpython-38/grpc/framework/base
2022-12-27T02:24:05.6776720Z   copying grpc/framework/base/_expiration.py -> build/lib.macosx-11.0-arm64-cpython-38/grpc/framework/base
2022-12-27T02:24:05.6780500Z   copying grpc/framework/base/_transmission.py -> build/lib.macosx-11.0-arm64-cpython-38/grpc/framework/base
2022-12-27T02:24:05.6782980Z   copying grpc/framework/base/_reception.py -> build/lib.macosx-11.0-arm64-cpython-38/grpc/framework/base
2022-12-27T02:24:05.6787490Z   copying grpc/framework/base/_ingestion.py -> build/lib.macosx-11.0-arm64-cpython-38/grpc/framework/base
2022-12-27T02:24:05.6790550Z   copying grpc/framework/base/util.py -> build/lib.macosx-11.0-arm64-cpython-38/grpc/framework/base
2022-12-27T02:24:05.6794220Z   copying grpc/framework/base/_termination.py -> build/lib.macosx-11.0-arm64-cpython-38/grpc/framework/base
2022-12-27T02:24:05.6797370Z   copying grpc/framework/base/null.py -> build/lib.macosx-11.0-arm64-cpython-38/grpc/framework/base
2022-12-27T02:24:05.6801680Z   copying grpc/framework/base/__init__.py -> build/lib.macosx-11.0-arm64-cpython-38/grpc/framework/base
2022-12-27T02:24:05.6804880Z   copying grpc/framework/base/_interfaces.py -> build/lib.macosx-11.0-arm64-cpython-38/grpc/framework/base
2022-12-27T02:24:05.6807890Z   copying grpc/framework/base/_context.py -> build/lib.macosx-11.0-arm64-cpython-38/grpc/framework/base
2022-12-27T02:24:05.6813140Z   copying grpc/framework/base/implementations_test.py -> build/lib.macosx-11.0-arm64-cpython-38/grpc/framework/base
2022-12-27T02:24:05.6816200Z   copying grpc/framework/base/interfaces_test_case.py -> build/lib.macosx-11.0-arm64-cpython-38/grpc/framework/base
2022-12-27T02:24:05.6819880Z   copying grpc/framework/base/exceptions.py -> build/lib.macosx-11.0-arm64-cpython-38/grpc/framework/base
2022-12-27T02:24:05.6822710Z   copying grpc/framework/base/_ends.py -> build/lib.macosx-11.0-arm64-cpython-38/grpc/framework/base
2022-12-27T02:24:05.6825250Z   copying grpc/framework/base/_emission.py -> build/lib.macosx-11.0-arm64-cpython-38/grpc/framework/base
2022-12-27T02:24:05.6828880Z   copying grpc/framework/base/implementations.py -> build/lib.macosx-11.0-arm64-cpython-38/grpc/framework/base
2022-12-27T02:24:05.6832300Z   copying grpc/framework/base/in_memory.py -> build/lib.macosx-11.0-arm64-cpython-38/grpc/framework/base
2022-12-27T02:24:05.6835220Z   copying grpc/framework/base/_cancellation.py -> build/lib.macosx-11.0-arm64-cpython-38/grpc/framework/base
2022-12-27T02:24:05.6840920Z   creating build/lib.macosx-11.0-arm64-cpython-38/grpc/framework/common
2022-12-27T02:24:05.6842770Z   copying grpc/framework/common/style.py -> build/lib.macosx-11.0-arm64-cpython-38/grpc/framework/common
2022-12-27T02:24:05.6847150Z   copying grpc/framework/common/cardinality.py -> build/lib.macosx-11.0-arm64-cpython-38/grpc/framework/common
2022-12-27T02:24:05.6849540Z   copying grpc/framework/common/__init__.py -> build/lib.macosx-11.0-arm64-cpython-38/grpc/framework/common
2022-12-27T02:24:05.6859020Z   creating build/lib.macosx-11.0-arm64-cpython-38/grpc/framework/face
2022-12-27T02:24:05.6860990Z   copying grpc/framework/face/_service.py -> build/lib.macosx-11.0-arm64-cpython-38/grpc/framework/face
2022-12-27T02:24:05.6862600Z   copying grpc/framework/face/interfaces.py -> build/lib.macosx-11.0-arm64-cpython-38/grpc/framework/face
2022-12-27T02:24:05.6866940Z   copying grpc/framework/face/_control.py -> build/lib.macosx-11.0-arm64-cpython-38/grpc/framework/face
2022-12-27T02:24:05.6869400Z   copying grpc/framework/face/blocking_invocation_inline_service_test.py -> build/lib.macosx-11.0-arm64-cpython-38/grpc/framework/face
2022-12-27T02:24:05.6872470Z   copying grpc/framework/face/__init__.py -> build/lib.macosx-11.0-arm64-cpython-38/grpc/framework/face
2022-12-27T02:24:05.6876750Z   copying grpc/framework/face/demonstration.py -> build/lib.macosx-11.0-arm64-cpython-38/grpc/framework/face
2022-12-27T02:24:05.6879970Z   copying grpc/framework/face/_calls.py -> build/lib.macosx-11.0-arm64-cpython-38/grpc/framework/face
2022-12-27T02:24:05.6883010Z   copying grpc/framework/face/exceptions.py -> build/lib.macosx-11.0-arm64-cpython-38/grpc/framework/face
2022-12-27T02:24:05.6886530Z   copying grpc/framework/face/utilities.py -> build/lib.macosx-11.0-arm64-cpython-38/grpc/framework/face
2022-12-27T02:24:05.6889670Z   copying grpc/framework/face/event_invocation_synchronous_event_service_test.py -> build/lib.macosx-11.0-arm64-cpython-38/grpc/framework/face
2022-12-27T02:24:05.6894040Z   copying grpc/framework/face/_test_case.py -> build/lib.macosx-11.0-arm64-cpython-38/grpc/framework/face
2022-12-27T02:24:05.6896880Z   copying grpc/framework/face/implementations.py -> build/lib.macosx-11.0-arm64-cpython-38/grpc/framework/face
2022-12-27T02:24:05.6901400Z   copying grpc/framework/face/future_invocation_asynchronous_event_service_test.py -> build/lib.macosx-11.0-arm64-cpython-38/grpc/framework/face
2022-12-27T02:24:05.6909860Z   creating build/lib.macosx-11.0-arm64-cpython-38/grpc/framework/face/testing
2022-12-27T02:24:05.6912520Z   copying grpc/framework/face/testing/callback.py -> build/lib.macosx-11.0-arm64-cpython-38/grpc/framework/face/testing
2022-12-27T02:24:05.6915620Z   copying grpc/framework/face/testing/digest.py -> build/lib.macosx-11.0-arm64-cpython-38/grpc/framework/face/testing
2022-12-27T02:24:05.6919250Z   copying grpc/framework/face/testing/interfaces.py -> build/lib.macosx-11.0-arm64-cpython-38/grpc/framework/face/testing
2022-12-27T02:24:05.6923830Z   copying grpc/framework/face/testing/stock_service.py -> build/lib.macosx-11.0-arm64-cpython-38/grpc/framework/face/testing
2022-12-27T02:24:05.6926400Z   copying grpc/framework/face/testing/service.py -> build/lib.macosx-11.0-arm64-cpython-38/grpc/framework/face/testing
2022-12-27T02:24:05.6930880Z   copying grpc/framework/face/testing/blocking_invocation_inline_service_test_case.py -> build/lib.macosx-11.0-arm64-cpython-38/grpc/framework/face/testing
2022-12-27T02:24:05.6933740Z   copying grpc/framework/face/testing/base_util.py -> build/lib.macosx-11.0-arm64-cpython-38/grpc/framework/face/testing
2022-12-27T02:24:05.6937460Z   copying grpc/framework/face/testing/control.py -> build/lib.macosx-11.0-arm64-cpython-38/grpc/framework/face/testing
2022-12-27T02:24:05.6940500Z   copying grpc/framework/face/testing/__init__.py -> build/lib.macosx-11.0-arm64-cpython-38/grpc/framework/face/testing
2022-12-27T02:24:05.6943710Z   copying grpc/framework/face/testing/coverage.py -> build/lib.macosx-11.0-arm64-cpython-38/grpc/framework/face/testing
2022-12-27T02:24:05.6946480Z   copying grpc/framework/face/testing/event_invocation_synchronous_event_service_test_case.py -> build/lib.macosx-11.0-arm64-cpython-38/grpc/framework/face/testing
2022-12-27T02:24:05.6950340Z   copying grpc/framework/face/testing/test_case.py -> build/lib.macosx-11.0-arm64-cpython-38/grpc/framework/face/testing
2022-12-27T02:24:05.6953240Z   copying grpc/framework/face/testing/serial.py -> build/lib.macosx-11.0-arm64-cpython-38/grpc/framework/face/testing
2022-12-27T02:24:05.6956330Z   copying grpc/framework/face/testing/future_invocation_asynchronous_event_service_test_case.py -> build/lib.macosx-11.0-arm64-cpython-38/grpc/framework/face/testing
2022-12-27T02:24:05.6964270Z   creating build/lib.macosx-11.0-arm64-cpython-38/grpc/framework/foundation
2022-12-27T02:24:05.6966260Z   copying grpc/framework/foundation/callable_util.py -> build/lib.macosx-11.0-arm64-cpython-38/grpc/framework/foundation
2022-12-27T02:24:05.6970280Z   copying grpc/framework/foundation/abandonment.py -> build/lib.macosx-11.0-arm64-cpython-38/grpc/framework/foundation
2022-12-27T02:24:05.6973010Z   copying grpc/framework/foundation/stream_testing.py -> build/lib.macosx-11.0-arm64-cpython-38/grpc/framework/foundation
2022-12-27T02:24:05.7039090Z   copying grpc/framework/foundation/__init__.py -> build/lib.macosx-11.0-arm64-cpython-38/grpc/framework/foundation
2022-12-27T02:24:05.7039490Z   copying grpc/framework/foundation/stream.py -> build/lib.macosx-11.0-arm64-cpython-38/grpc/framework/foundation
2022-12-27T02:24:05.7040090Z   copying grpc/framework/foundation/activated.py -> build/lib.macosx-11.0-arm64-cpython-38/grpc/framework/foundation
2022-12-27T02:24:05.7040790Z   copying grpc/framework/foundation/later.py -> build/lib.macosx-11.0-arm64-cpython-38/grpc/framework/foundation
2022-12-27T02:24:05.7041140Z   copying grpc/framework/foundation/_later_test.py -> build/lib.macosx-11.0-arm64-cpython-38/grpc/framework/foundation
2022-12-27T02:24:05.7041490Z   copying grpc/framework/foundation/_logging_pool_test.py -> build/lib.macosx-11.0-arm64-cpython-38/grpc/framework/foundation
2022-12-27T02:24:05.7041870Z   copying grpc/framework/foundation/stream_util.py -> build/lib.macosx-11.0-arm64-cpython-38/grpc/framework/foundation
2022-12-27T02:24:05.7042230Z   copying grpc/framework/foundation/future.py -> build/lib.macosx-11.0-arm64-cpython-38/grpc/framework/foundation
2022-12-27T02:24:05.7042600Z   copying grpc/framework/foundation/_timer_future.py -> build/lib.macosx-11.0-arm64-cpython-38/grpc/framework/foundation
2022-12-27T02:24:05.7042950Z   copying grpc/framework/foundation/logging_pool.py -> build/lib.macosx-11.0-arm64-cpython-38/grpc/framework/foundation
2022-12-27T02:24:05.7048070Z   running build_ext
2022-12-27T02:24:05.7349140Z   building 'grpc._adapter._c' extension
2022-12-27T02:24:05.7351350Z   creating build/temp.macosx-11.0-arm64-cpython-38
2022-12-27T02:24:05.7353250Z   creating build/temp.macosx-11.0-arm64-cpython-38/grpc
2022-12-27T02:24:05.7354800Z   creating build/temp.macosx-11.0-arm64-cpython-38/grpc/_adapter
2022-12-27T02:24:05.7357200Z   gcc -Wno-unused-result -Wsign-compare -Wunreachable-code -fno-common -dynamic -DNDEBUG -g -fwrapv -O3 -Wall -g -I/usr/local/opt/openssl@3/include -I/usr/local/opt/openssl@3/include -arch arm64 -I. -I/private/var/folders/51/hd414ycd67n82196sw51xqtc0000gn/T/cibw-run-m29l3wzk/cp38-macosx_arm64/build/venv/include -I/Library/Frameworks/Python.framework/Versions/3.8/include/python3.8 -c grpc/_adapter/_c.c -o build/temp.macosx-11.0-arm64-cpython-38/grpc/_adapter/_c.o
2022-12-27T02:24:05.7978530Z   grpc/_adapter/_c.c:35:10: fatal error: 'grpc/grpc.h' file not found
2022-12-27T02:24:05.7981270Z   #include <grpc/grpc.h>
2022-12-27T02:24:05.7983770Z            ^~~~~~~~~~~~~
2022-12-27T02:24:05.7985410Z   1 error generated.
2022-12-27T02:24:05.8004180Z   error: command '/usr/bin/gcc' failed with exit code 1
2022-12-27T02:24:05.8407720Z   error: subprocess-exited-with-error
2022-12-27T02:24:05.8408010Z   
2022-12-27T02:24:05.8408330Z   Ã— python setup.py bdist_wheel did not run successfully.
2022-12-27T02:24:05.8408650Z   â”‚ exit code: 1
2022-12-27T02:24:05.8408880Z   â•°â”€> See above for output.
2022-12-27T02:24:05.8409080Z   
2022-12-27T02:24:05.8409310Z   note: This error originates from a subprocess, and is likely not a problem with pip.
2022-12-27T02:24:05.8424030Z   full command: /private/var/folders/51/hd414ycd67n82196sw51xqtc0000gn/T/cibw-run-m29l3wzk/cp38-macosx_arm64/build/venv/bin/python -u -c '
2022-12-27T02:24:05.8424680Z   exec(compile('"'"''"'"''"'"'
2022-12-27T02:24:05.8426860Z   # This is <pip-setuptools-caller> -- a caller that pip uses to run setup.py
2022-12-27T02:24:05.8427140Z   #
2022-12-27T02:24:05.8429610Z   # - It imports setuptools before invoking setup.py, to enable projects that directly
2022-12-27T02:24:05.8430270Z   #   import from `distutils.core` to work with newer packaging standards.
2022-12-27T02:24:05.8430970Z   # - It provides a clear error message when setuptools is not installed.
2022-12-27T02:24:05.8431710Z   # - It sets `sys.argv[0]` to the underlying `setup.py`, when invoking `setup.py` so
2022-12-27T02:24:05.8432420Z   #   setuptools doesn'"'"'t think the script is `-c`. This avoids the following warning:
2022-12-27T02:24:05.8433090Z   #     manifest_maker: standard file '"'"'-c'"'"' not found".
2022-12-27T02:24:05.8433700Z   # - It generates a shim setup.py, for handling setup.cfg-only projects.
2022-12-27T02:24:05.8434170Z   import os, sys, tokenize
2022-12-27T02:24:05.8434950Z   
2022-12-27T02:24:05.8435230Z   try:
2022-12-27T02:24:05.8435560Z       import setuptools
2022-12-27T02:24:05.8435970Z   except ImportError as error:
2022-12-27T02:24:05.8436680Z       print(
2022-12-27T02:24:05.8437100Z           "ERROR: Can not execute `setup.py` since setuptools is not available in "
2022-12-27T02:24:05.8437580Z           "the build environment.",
2022-12-27T02:24:05.8437920Z           file=sys.stderr,
2022-12-27T02:24:05.8438220Z       )
2022-12-27T02:24:05.8438490Z       sys.exit(1)
2022-12-27T02:24:05.8438750Z   
2022-12-27T02:24:05.8439050Z   __file__ = %r
2022-12-27T02:24:05.8439390Z   sys.argv[0] = __file__
2022-12-27T02:24:05.8439710Z   
2022-12-27T02:24:05.8440010Z   if os.path.exists(__file__):
2022-12-27T02:24:05.8440370Z       filename = __file__
2022-12-27T02:24:05.8440750Z       with tokenize.open(__file__) as f:
2022-12-27T02:24:05.8441090Z           setup_py_code = f.read()
2022-12-27T02:24:05.8441420Z   else:
2022-12-27T02:24:05.8441930Z       filename = "<auto-generated setuptools caller>"
2022-12-27T02:24:05.8442370Z       setup_py_code = "from setuptools import setup; setup()"
2022-12-27T02:24:05.8442720Z   
2022-12-27T02:24:05.8442850Z   exec(compile(setup_py_code, filename, "exec"))
2022-12-27T02:24:05.8443330Z   '"'"''"'"''"'"' % ('"'"'/Users/runner/actions-runner/_work/python.build/python.build/build_grpcio040a838/grpcio-0.4.0a8/setup.py'"'"',), "<pip-setuptools-caller>", "exec"))' bdist_wheel -d /private/var/folders/51/hd414ycd67n82196sw51xqtc0000gn/T/pip-wheel-93jwv30n
2022-12-27T02:24:05.8443780Z   cwd: /Users/runner/actions-runner/_work/python.build/python.build/build_grpcio040a838/grpcio-0.4.0a8/
2022-12-27T02:24:05.8444020Z   ERROR: Failed building wheel for grpcio
2022-12-27T02:24:05.8444230Z   Running command python setup.py clean
2022-12-27T02:24:05.8444470Z   Building wheel for grpcio (setup.py): finished with status 'error'
2022-12-27T02:24:05.8444690Z   Running setup.py clean for grpcio
2022-12-27T02:24:06.0347650Z   running clean
2022-12-27T02:24:06.0382720Z   removing 'build/temp.macosx-11.0-arm64-cpython-38' (and everything under it)
2022-12-27T02:24:06.0388510Z   removing 'build/lib.macosx-11.0-arm64-cpython-38' (and everything under it)
2022-12-27T02:24:06.0537720Z   'build/bdist.macosx-11.0-arm64' does not exist -- can't clean it
2022-12-27T02:24:06.0540590Z   'build/scripts-3.8' does not exist -- can't clean it
2022-12-27T02:24:06.0541360Z   removing 'build'
2022-12-27T02:24:06.0786340Z Failed to build grpcio
2022-12-27T02:24:06.0791260Z ERROR: Failed to build one or more wheels
2022-12-27T02:24:06.0800920Z Exception information:
2022-12-27T02:24:06.0801260Z Traceback (most recent call last):
2022-12-27T02:24:06.0808240Z   File "/private/var/folders/51/hd414ycd67n82196sw51xqtc0000gn/T/cibw-run-m29l3wzk/cp38-macosx_arm64/build/venv/lib/python3.8/site-packages/pip/_internal/cli/base_command.py", line 160, in exc_logging_wrapper
2022-12-27T02:24:06.0808720Z     status = run_func(*args)
2022-12-27T02:24:06.0809360Z   File "/private/var/folders/51/hd414ycd67n82196sw51xqtc0000gn/T/cibw-run-m29l3wzk/cp38-macosx_arm64/build/venv/lib/python3.8/site-packages/pip/_internal/cli/req_command.py", line 247, in wrapper
2022-12-27T02:24:06.0809790Z     return func(self, options, args)
2022-12-27T02:24:06.0810400Z   File "/private/var/folders/51/hd414ycd67n82196sw51xqtc0000gn/T/cibw-run-m29l3wzk/cp38-macosx_arm64/build/venv/lib/python3.8/site-packages/pip/_internal/commands/wheel.py", line 201, in run
2022-12-27T02:24:06.0810820Z     raise CommandError("Failed to build one or more wheels")
2022-12-27T02:24:06.0811110Z pip._internal.exceptions.CommandError: Failed to build one or more wheels
2022-12-27T02:24:06.0811620Z Removed build tracker: '/private/var/folders/51/hd414ycd67n82196sw51xqtc0000gn/T/pip-build-tracker-lhqdf02i'
2022-12-27T02:24:06.1203450Z ##[endgroup]
2022-12-27T02:24:06.1204060Z                                                               [31mâœ• [0m1.34s
2022-12-27T02:24:06.1553710Z ##[error]Command ['python', '-m', 'pip', 'wheel', '/Users/runner/actions-runner/_work/python.build/python.build/build_grpcio040a838/grpcio-0.4.0a8', '--wheel-dir=/private/var/folders/51/hd414ycd67n82196sw51xqtc0000gn/T/cibw-run-m29l3wzk/cp38-macosx_arm64/built_wheel', '--no-deps', '-vvv'] failed with code 1. None
2022-12-27T02:24:06.1560840Z 
2022-12-27T02:24:06.1676040Z ##[error]Process completed with exit code 1.
2022-12-27T02:24:06.1708420Z ##[group]Run rm -rf build_grpcio040a838 wheelsout
2022-12-27T02:24:06.1708620Z [36;1mrm -rf build_grpcio040a838 wheelsout[0m
2022-12-27T02:24:06.1723070Z shell: /bin/bash -e {0}
2022-12-27T02:24:06.1723200Z env:
2022-12-27T02:24:06.1723370Z   pythonLocation: /Users/runner/hostedtoolcache/Python/3.8.15/x64
2022-12-27T02:24:06.1723590Z   PKG_CONFIG_PATH: /Users/runner/hostedtoolcache/Python/3.8.15/x64/lib/pkgconfig
2022-12-27T02:24:06.1723790Z   Python_ROOT_DIR: /Users/runner/hostedtoolcache/Python/3.8.15/x64
2022-12-27T02:24:06.1723990Z   Python2_ROOT_DIR: /Users/runner/hostedtoolcache/Python/3.8.15/x64
2022-12-27T02:24:06.1724180Z   Python3_ROOT_DIR: /Users/runner/hostedtoolcache/Python/3.8.15/x64
2022-12-27T02:24:06.1724340Z ##[endgroup]
2022-12-27T02:24:06.1991440Z Cleaning up orphan processes
