2022-12-27T08:55:30.9191843Z Requested labels: self-hosted, macOS, X64
2022-12-27T08:55:30.9191938Z Job defined at: kilnbuild/python.build/.github/workflows/mac_arm_build.yml@refs/heads/main
2022-12-27T08:55:30.9191966Z Waiting for a runner to pick up this job...
2022-12-27T11:34:33.4572320Z Job is about to start running on the runner: k2 (organization)
2022-12-27T11:34:35.5723290Z Current runner version: '2.300.2'
2022-12-27T11:34:35.5728060Z Runner name: 'k2'
2022-12-27T11:34:35.5728310Z Runner group name: 'Default'
2022-12-27T11:34:35.5728720Z Machine name: 'k2'
2022-12-27T11:34:35.5730170Z ##[group]GITHUB_TOKEN Permissions
2022-12-27T11:34:35.5730570Z Actions: write
2022-12-27T11:34:35.5730700Z Checks: write
2022-12-27T11:34:35.5730830Z Contents: write
2022-12-27T11:34:35.5730970Z Deployments: write
2022-12-27T11:34:35.5731110Z Discussions: write
2022-12-27T11:34:35.5731250Z Issues: write
2022-12-27T11:34:35.5731380Z Metadata: read
2022-12-27T11:34:35.5731510Z Packages: write
2022-12-27T11:34:35.5731640Z Pages: write
2022-12-27T11:34:35.5731780Z PullRequests: write
2022-12-27T11:34:35.5731940Z RepositoryProjects: write
2022-12-27T11:34:35.5732100Z SecurityEvents: write
2022-12-27T11:34:35.5732240Z Statuses: write
2022-12-27T11:34:35.5732370Z ##[endgroup]
2022-12-27T11:34:35.5734840Z Secret source: Actions
2022-12-27T11:34:35.5735150Z Prepare workflow directory
2022-12-27T11:34:35.6383750Z Prepare all required actions
2022-12-27T11:34:35.6506110Z Getting action download info
2022-12-27T11:34:36.0649050Z Download action repository 'actions/setup-python@v4' (SHA:5ccb29d8773c3f3f653e1705f474dfaa8a06a912)
2022-12-27T11:34:38.8873860Z Download action repository 'actions/upload-artifact@v3' (SHA:83fd05a356d7e2593de66fc9913b3002723633cb)
2022-12-27T11:34:41.2128570Z ##[group]Run echo '{
2022-12-27T11:34:41.2128860Z [36;1mecho '{[0m
2022-12-27T11:34:41.2129050Z [36;1m  "package_name": "lxml",[0m
2022-12-27T11:34:41.2129310Z [36;1m  "package_url": "https://files.pythonhosted.org/packages/38/da/d38681213e2f9c58b233f59f461c6a6dc3f465c6584c356eb6112502ed76/lxml-2.3.4.tar.gz",[0m
2022-12-27T11:34:41.2129600Z [36;1m  "package_version": "2.3.4",[0m
2022-12-27T11:34:41.2129750Z [36;1m  "python_version": "3.10",[0m
2022-12-27T11:34:41.2129870Z [36;1m  "use_ccache": "true"[0m
2022-12-27T11:34:41.2130000Z [36;1m}'[0m
2022-12-27T11:34:41.2145510Z shell: /bin/bash -e {0}
2022-12-27T11:34:41.2145730Z ##[endgroup]
2022-12-27T11:34:41.2377750Z {
2022-12-27T11:34:41.2379050Z   "package_name": "lxml",
2022-12-27T11:34:41.2379730Z   "package_url": "https://files.pythonhosted.org/packages/38/da/d38681213e2f9c58b233f59f461c6a6dc3f465c6584c356eb6112502ed76/lxml-2.3.4.tar.gz",
2022-12-27T11:34:41.2380010Z   "package_version": "2.3.4",
2022-12-27T11:34:41.2380330Z   "python_version": "3.10",
2022-12-27T11:34:41.2380490Z   "use_ccache": "true"
2022-12-27T11:34:41.2380650Z }
2022-12-27T11:34:41.2595420Z ##[group]Run actions/setup-python@v4
2022-12-27T11:34:41.2595720Z with:
2022-12-27T11:34:41.2595870Z   python-version: 3.10
2022-12-27T11:34:41.2596060Z   check-latest: false
2022-12-27T11:34:41.2596350Z   token: ***
2022-12-27T11:34:41.2596530Z   update-environment: true
2022-12-27T11:34:41.2596720Z ##[endgroup]
2022-12-27T11:34:41.3890230Z ##[group]Installed versions
2022-12-27T11:34:41.3993570Z Successfully set up CPython (3.10.9)
2022-12-27T11:34:41.3994650Z ##[endgroup]
2022-12-27T11:34:41.4148090Z ##[group]Run if [ "true" == "true" ]
2022-12-27T11:34:41.4148460Z [36;1mif [ "true" == "true" ][0m
2022-12-27T11:34:41.4148640Z [36;1mthen[0m
2022-12-27T11:34:41.4148980Z [36;1m  echo "CCACHE_PATH_PREPEND=/usr/local/opt/ccache/libexec" >> $GITHUB_OUTPUT[0m
2022-12-27T11:34:41.4149230Z [36;1melse[0m
2022-12-27T11:34:41.4149420Z [36;1m  echo "CCACHE_PATH_PREPEND=" >> $GITHUB_OUTPUT[0m
2022-12-27T11:34:41.4149640Z [36;1mfi[0m
2022-12-27T11:34:41.4166500Z shell: /bin/bash -e {0}
2022-12-27T11:34:41.4166670Z env:
2022-12-27T11:34:41.4166900Z   pythonLocation: /Users/runner/hostedtoolcache/Python/3.10.9/x64
2022-12-27T11:34:41.4167180Z   PKG_CONFIG_PATH: /Users/runner/hostedtoolcache/Python/3.10.9/x64/lib/pkgconfig
2022-12-27T11:34:41.4167510Z   Python_ROOT_DIR: /Users/runner/hostedtoolcache/Python/3.10.9/x64
2022-12-27T11:34:41.4167720Z   Python2_ROOT_DIR: /Users/runner/hostedtoolcache/Python/3.10.9/x64
2022-12-27T11:34:41.4168040Z   Python3_ROOT_DIR: /Users/runner/hostedtoolcache/Python/3.10.9/x64
2022-12-27T11:34:41.4168600Z ##[endgroup]
2022-12-27T11:34:41.4278110Z ##[group]Run echo "BUILD_NAME=$(echo lxml_2.3.4_3.10 | tr -dc '[:alnum:]\n\r' | tr '[:upper:]' '[:lower:]')" >> $GITHUB_OUTPUT
2022-12-27T11:34:41.4278570Z [36;1mecho "BUILD_NAME=$(echo lxml_2.3.4_3.10 | tr -dc '[:alnum:]\n\r' | tr '[:upper:]' '[:lower:]')" >> $GITHUB_OUTPUT[0m
2022-12-27T11:34:41.4292280Z shell: /bin/bash -e {0}
2022-12-27T11:34:41.4292470Z env:
2022-12-27T11:34:41.4292650Z   pythonLocation: /Users/runner/hostedtoolcache/Python/3.10.9/x64
2022-12-27T11:34:41.4293000Z   PKG_CONFIG_PATH: /Users/runner/hostedtoolcache/Python/3.10.9/x64/lib/pkgconfig
2022-12-27T11:34:41.4293260Z   Python_ROOT_DIR: /Users/runner/hostedtoolcache/Python/3.10.9/x64
2022-12-27T11:34:41.4293470Z   Python2_ROOT_DIR: /Users/runner/hostedtoolcache/Python/3.10.9/x64
2022-12-27T11:34:41.4293710Z   Python3_ROOT_DIR: /Users/runner/hostedtoolcache/Python/3.10.9/x64
2022-12-27T11:34:41.4293960Z ##[endgroup]
2022-12-27T11:34:41.4459740Z ##[group]Run echo "PYTHON_NO_DOTS=$(echo 3.10 | tr -dc '[:alnum:]\n\r' | tr '[:upper:]' '[:lower:]')" >> $GITHUB_OUTPUT
2022-12-27T11:34:41.4460130Z [36;1mecho "PYTHON_NO_DOTS=$(echo 3.10 | tr -dc '[:alnum:]\n\r' | tr '[:upper:]' '[:lower:]')" >> $GITHUB_OUTPUT[0m
2022-12-27T11:34:41.4474850Z shell: /bin/bash -e {0}
2022-12-27T11:34:41.4475000Z env:
2022-12-27T11:34:41.4475210Z   pythonLocation: /Users/runner/hostedtoolcache/Python/3.10.9/x64
2022-12-27T11:34:41.4475460Z   PKG_CONFIG_PATH: /Users/runner/hostedtoolcache/Python/3.10.9/x64/lib/pkgconfig
2022-12-27T11:34:41.4475740Z   Python_ROOT_DIR: /Users/runner/hostedtoolcache/Python/3.10.9/x64
2022-12-27T11:34:41.4475950Z   Python2_ROOT_DIR: /Users/runner/hostedtoolcache/Python/3.10.9/x64
2022-12-27T11:34:41.4476800Z   Python3_ROOT_DIR: /Users/runner/hostedtoolcache/Python/3.10.9/x64
2022-12-27T11:34:41.4477000Z ##[endgroup]
2022-12-27T11:34:41.4602210Z ##[group]Run rm -rf build_lxml234310
2022-12-27T11:34:41.4602580Z [36;1mrm -rf build_lxml234310[0m
2022-12-27T11:34:41.4602790Z [36;1mmkdir build_lxml234310[0m
2022-12-27T11:34:41.4602960Z [36;1mcd build_lxml234310[0m
2022-12-27T11:34:41.4603310Z [36;1m/usr/local/bin/wget --quiet https://files.pythonhosted.org/packages/38/da/d38681213e2f9c58b233f59f461c6a6dc3f465c6584c356eb6112502ed76/lxml-2.3.4.tar.gz[0m
2022-12-27T11:34:41.4603610Z [36;1mtar xf *.tar.gz[0m
2022-12-27T11:34:41.4603760Z [36;1mcd *[0m
2022-12-27T11:34:41.4603940Z [36;1mpython -m pip install cibuildwheel==2.11.3[0m
2022-12-27T11:34:41.4604160Z [36;1mpython -m cibuildwheel --output-dir ../wheelsout[0m
2022-12-27T11:34:41.4618470Z shell: /bin/bash -e {0}
2022-12-27T11:34:41.4618630Z env:
2022-12-27T11:34:41.4618840Z   pythonLocation: /Users/runner/hostedtoolcache/Python/3.10.9/x64
2022-12-27T11:34:41.4619090Z   PKG_CONFIG_PATH: /Users/runner/hostedtoolcache/Python/3.10.9/x64/lib/pkgconfig
2022-12-27T11:34:41.4619410Z   Python_ROOT_DIR: /Users/runner/hostedtoolcache/Python/3.10.9/x64
2022-12-27T11:34:41.4619620Z   Python2_ROOT_DIR: /Users/runner/hostedtoolcache/Python/3.10.9/x64
2022-12-27T11:34:41.4619840Z   Python3_ROOT_DIR: /Users/runner/hostedtoolcache/Python/3.10.9/x64
2022-12-27T11:34:41.4620050Z   CIBW_ARCHS_MACOS: arm64
2022-12-27T11:34:41.4620220Z   CIBW_TEST_SKIP: *_arm64
2022-12-27T11:34:41.4620400Z   CIBW_BUILD: cp310-macosx_arm64
2022-12-27T11:34:41.4620580Z   CIBW_BUILD_FRONTEND: pip
2022-12-27T11:34:41.4620750Z   CIBW_BUILD_VERBOSITY: 3
2022-12-27T11:34:41.4621040Z   CIBW_ENVIRONMENT_MACOS:  CFLAGS="-I/usr/local/opt/openssl@3/include" LDFLAGS="-L/usr/local/opt/openssl@3/lib" CPPFLAGS="-I/usr/local/opt/openssl@3/include" MAKEFLAGS="-j$(sysctl -n hw.logicalcpu)" PATH=/usr/local/opt/ccache/libexec:$PATH
2022-12-27T11:34:41.4621390Z   CIBW_BEFORE_BUILD: pip install Cython; if [[ -f requirements.txt ]]; then pip install -r requirements.txt; fi
2022-12-27T11:34:41.4621660Z   MAKEFLAGS: -j$(sysctl -n hw.logicalcpu)
2022-12-27T11:34:41.4621840Z ##[endgroup]
2022-12-27T11:34:41.9828220Z Requirement already satisfied: cibuildwheel==2.11.3 in /Users/runner/hostedtoolcache/Python/3.10.9/x64/lib/python3.10/site-packages (2.11.3)
2022-12-27T11:34:42.0113490Z Requirement already satisfied: tomli in /Users/runner/hostedtoolcache/Python/3.10.9/x64/lib/python3.10/site-packages (from cibuildwheel==2.11.3) (2.0.1)
2022-12-27T11:34:42.0116720Z Requirement already satisfied: bracex in /Users/runner/hostedtoolcache/Python/3.10.9/x64/lib/python3.10/site-packages (from cibuildwheel==2.11.3) (2.3.post1)
2022-12-27T11:34:42.0120160Z Requirement already satisfied: certifi in /Users/runner/hostedtoolcache/Python/3.10.9/x64/lib/python3.10/site-packages (from cibuildwheel==2.11.3) (2022.12.7)
2022-12-27T11:34:42.0126190Z Requirement already satisfied: packaging>=20.9 in /Users/runner/hostedtoolcache/Python/3.10.9/x64/lib/python3.10/site-packages (from cibuildwheel==2.11.3) (22.0)
2022-12-27T11:34:42.0134970Z Requirement already satisfied: typing-extensions>=4.1.0 in /Users/runner/hostedtoolcache/Python/3.10.9/x64/lib/python3.10/site-packages (from cibuildwheel==2.11.3) (4.4.0)
2022-12-27T11:34:42.0140010Z Requirement already satisfied: bashlex!=0.13 in /Users/runner/hostedtoolcache/Python/3.10.9/x64/lib/python3.10/site-packages (from cibuildwheel==2.11.3) (0.16)
2022-12-27T11:34:42.0143320Z Requirement already satisfied: platformdirs in /Users/runner/hostedtoolcache/Python/3.10.9/x64/lib/python3.10/site-packages (from cibuildwheel==2.11.3) (2.6.0)
2022-12-27T11:34:42.0146970Z Requirement already satisfied: filelock in /Users/runner/hostedtoolcache/Python/3.10.9/x64/lib/python3.10/site-packages (from cibuildwheel==2.11.3) (3.8.2)
2022-12-27T11:34:42.2017980Z 
2022-12-27T11:34:42.2018370Z      _ _       _ _   _       _           _
2022-12-27T11:34:42.2018880Z  ___|_| |_ _ _|_| |_| |_ _ _| |_ ___ ___| |
2022-12-27T11:34:42.2019730Z |  _| | . | | | | | . | | | |   | -_| -_| |
2022-12-27T11:34:42.2021680Z |___|_|___|___|_|_|___|_____|_|_|___|___|_|
2022-12-27T11:34:42.2021990Z 
2022-12-27T11:34:42.2022110Z cibuildwheel version 2.11.3
2022-12-27T11:34:42.2022220Z 
2022-12-27T11:34:42.2022340Z Build options:
2022-12-27T11:34:42.2022560Z   platform: macos
2022-12-27T11:34:42.2125920Z   architectures: arm64[0m
2022-12-27T11:34:42.2126290Z   build_selector: 
2022-12-27T11:34:42.2127090Z     build_config: cp310-macosx_arm64
2022-12-27T11:34:42.2128460Z     skip_config: 
2022-12-27T11:34:42.2129380Z     requires_python: None
2022-12-27T11:34:42.2129990Z     prerelease_pythons: False[0m
2022-12-27T11:34:42.2130520Z   [38;5;244mcontainer_engine: docker[0m
2022-12-27T11:34:42.2131540Z   output_dir: /Users/runner/actions-runner/_work/python.build/python.build/build_lxml234310/wheelsout[0m
2022-12-27T11:34:42.2132430Z   package_dir: /Users/runner/actions-runner/_work/python.build/python.build/build_lxml234310/lxml-2.3.4[0m
2022-12-27T11:34:42.2132940Z   test_selector: 
2022-12-27T11:34:42.2133430Z     skip_config: *_arm64[0m
2022-12-27T11:34:42.2133960Z   [38;5;244mbefore_all: [0m
2022-12-27T11:34:42.2134720Z   before_build: pip install Cython; if [[ -f requirements.txt ]]; then pip install -r requirements.txt; fi[0m
2022-12-27T11:34:42.2135390Z   [38;5;244mbefore_test: [0m
2022-12-27T11:34:42.2136090Z   [38;5;244mbuild_frontend: pip[0m
2022-12-27T11:34:42.2136470Z   build_verbosity: 3[0m
2022-12-27T11:34:42.2136870Z   [38;5;244mconfig_settings: [0m
2022-12-27T11:34:42.2137370Z   [38;5;244mdependency_constraints: pinned[0m
2022-12-27T11:34:42.2137780Z   environment: 
2022-12-27T11:34:42.2138110Z     CFLAGS="-I/usr/local/opt/openssl@3/include"
2022-12-27T11:34:42.2138460Z     LDFLAGS="-L/usr/local/opt/openssl@3/lib"
2022-12-27T11:34:42.2138750Z     CPPFLAGS="-I/usr/local/opt/openssl@3/include"
2022-12-27T11:34:42.2139080Z     MAKEFLAGS="-j$(sysctl -n hw.logicalcpu)"
2022-12-27T11:34:42.2139490Z     PATH=/usr/local/opt/ccache/libexec:$PATH[0m
2022-12-27T11:34:42.2139770Z   [38;5;244mmanylinux_images: None[0m
2022-12-27T11:34:42.2140070Z   [38;5;244mmusllinux_images: None[0m
2022-12-27T11:34:42.2140470Z   [38;5;244mrepair_command: delocate-wheel --require-archs {delocate_archs} -w {dest_dir} -v {wheel}[0m
2022-12-27T11:34:42.2141190Z   [38;5;244mtest_command: [0m
2022-12-27T11:34:42.2141440Z   [38;5;244mtest_extras: [0m
2022-12-27T11:34:42.2141700Z   [38;5;244mtest_requires: [0m
2022-12-27T11:34:42.2141830Z 
2022-12-27T11:34:42.2141970Z Cache folder: /Users/runner/Library/Caches/cibuildwheel
2022-12-27T11:34:42.2149490Z 
2022-12-27T11:34:42.2149760Z Here we go!
2022-12-27T11:34:42.2149860Z 
2022-12-27T11:34:42.2274780Z 
2022-12-27T11:34:42.2275380Z [1m[34mBuilding cp310-macosx_arm64 wheel[0m
2022-12-27T11:34:42.2275740Z CPython 3.10 macOS arm64 - Apple Silicon
2022-12-27T11:34:42.2275900Z 
2022-12-27T11:34:42.2278060Z ##[group]Installing Python cp310...
2022-12-27T11:34:42.2278250Z 
2022-12-27T11:34:42.2278440Z + pkgutil --pkgs
2022-12-27T11:34:42.2384330Z ##[endgroup]
2022-12-27T11:34:42.2385060Z                                                               [32m✓ [0m0.01s
2022-12-27T11:34:42.2385530Z ##[group]Setting up build environment...
2022-12-27T11:34:42.2385640Z 
2022-12-27T11:34:42.2405430Z + /Users/runner/hostedtoolcache/Python/3.10.9/x64/bin/python -sS /Users/runner/Library/Caches/cibuildwheel/virtualenv-20.17.0.pyz --activators= --no-periodic-update --pip=22.3.1 --setuptools=65.6.3 --wheel=0.38.4 --symlink-app-data --python /Library/Frameworks/Python.framework/Versions/3.10/bin/python3 /private/var/folders/51/hd414ycd67n82196sw51xqtc0000gn/T/cibw-run-p8hprv0l/cp310-macosx_arm64/build/venv
2022-12-27T11:34:42.4311970Z created virtual environment CPython3.10.8.final.0-64 in 53ms
2022-12-27T11:34:42.4312540Z   creator CPython3Posix(dest=/private/var/folders/51/hd414ycd67n82196sw51xqtc0000gn/T/cibw-run-p8hprv0l/cp310-macosx_arm64/build/venv, clear=False, no_vcs_ignore=False, global=False)
2022-12-27T11:34:42.4313360Z   seeder FromAppData(download=False, pip=22.3.1, setuptools=65.6.3, wheel=0.38.4, via=symlink, app_data_dir=/Users/runner/Library/Application Support/virtualenv)
2022-12-27T11:34:42.4313810Z     added seed packages: pip==22.3.1, setuptools==65.6.3, wheel==0.38.4
2022-12-27T11:34:42.4446200Z + python -m pip install --upgrade pip -c /Users/runner/hostedtoolcache/Python/3.10.9/x64/lib/python3.10/site-packages/cibuildwheel/resources/constraints-python310.txt
2022-12-27T11:34:42.7180500Z Requirement already satisfied: pip in ./lib/python3.10/site-packages (22.3.1)
2022-12-27T11:34:42.8489770Z + which pip
2022-12-27T11:34:42.8510070Z /private/var/folders/51/hd414ycd67n82196sw51xqtc0000gn/T/cibw-run-p8hprv0l/cp310-macosx_arm64/build/venv/bin/pip
2022-12-27T11:34:42.8513930Z + pip --version
2022-12-27T11:34:43.0461120Z pip 22.3.1 from /private/var/folders/51/hd414ycd67n82196sw51xqtc0000gn/T/cibw-run-p8hprv0l/cp310-macosx_arm64/build/venv/lib/python3.10/site-packages/pip (python 3.10)
2022-12-27T11:34:43.0678610Z + which pip
2022-12-27T11:34:43.0705090Z + which python
2022-12-27T11:34:43.0725650Z /private/var/folders/51/hd414ycd67n82196sw51xqtc0000gn/T/cibw-run-p8hprv0l/cp310-macosx_arm64/build/venv/bin/python
2022-12-27T11:34:43.0728280Z + python --version
2022-12-27T11:34:43.0777590Z Python 3.10.8
2022-12-27T11:34:43.0781320Z + which python
2022-12-27T11:34:43.0835550Z ##[endgroup]
2022-12-27T11:34:43.0836250Z                                                               [32m✓ [0m0.85s
2022-12-27T11:34:43.0836900Z ##[group]Installing build tools...
2022-12-27T11:34:43.0837170Z 
2022-12-27T11:34:43.0837690Z + pip install --upgrade setuptools wheel delocate -c /Users/runner/hostedtoolcache/Python/3.10.9/x64/lib/python3.10/site-packages/cibuildwheel/resources/constraints-python310.txt
2022-12-27T11:34:43.3560310Z Requirement already satisfied: setuptools in /private/var/folders/51/hd414ycd67n82196sw51xqtc0000gn/T/cibw-run-p8hprv0l/cp310-macosx_arm64/build/venv/lib/python3.10/site-packages (65.6.3)
2022-12-27T11:34:43.5449710Z Requirement already satisfied: wheel in /private/var/folders/51/hd414ycd67n82196sw51xqtc0000gn/T/cibw-run-p8hprv0l/cp310-macosx_arm64/build/venv/lib/python3.10/site-packages (0.38.4)
2022-12-27T11:34:43.5920460Z Collecting delocate
2022-12-27T11:34:43.5943940Z   Using cached delocate-0.10.3-py3-none-any.whl (142 kB)
2022-12-27T11:34:43.6216490Z Collecting packaging>=20.9
2022-12-27T11:34:43.6235520Z   Using cached packaging-21.3-py3-none-any.whl (40 kB)
2022-12-27T11:34:43.6385170Z Collecting typing-extensions
2022-12-27T11:34:43.6401990Z   Using cached typing_extensions-4.4.0-py3-none-any.whl (26 kB)
2022-12-27T11:34:43.6703760Z Collecting pyparsing!=3.0.5,>=2.0.2
2022-12-27T11:34:43.6721580Z   Using cached pyparsing-3.0.9-py3-none-any.whl (98 kB)
2022-12-27T11:34:43.7044650Z Installing collected packages: typing-extensions, pyparsing, packaging, delocate
2022-12-27T11:34:43.8257140Z Successfully installed delocate-0.10.3 packaging-21.3 pyparsing-3.0.9 typing-extensions-4.4.0
2022-12-27T11:34:43.8701370Z ##[endgroup]
2022-12-27T11:34:43.8702270Z                                                               [32m✓ [0m0.79s
2022-12-27T11:34:43.8702720Z ##[group]Running before_build...
2022-12-27T11:34:43.8702870Z 
2022-12-27T11:34:43.8708850Z + pip install Cython; if [[ -f requirements.txt ]]; then pip install -r requirements.txt; fi
2022-12-27T11:34:44.4475550Z Collecting Cython
2022-12-27T11:34:44.4519000Z   Using cached Cython-0.29.32-py2.py3-none-any.whl (986 kB)
2022-12-27T11:34:44.4969800Z Installing collected packages: Cython
2022-12-27T11:34:44.8954530Z Successfully installed Cython-0.29.32
2022-12-27T11:34:44.9399980Z ##[endgroup]
2022-12-27T11:34:44.9400740Z                                                               [32m✓ [0m1.07s
2022-12-27T11:34:44.9401480Z ##[group]Building wheel...
2022-12-27T11:34:44.9401640Z 
2022-12-27T11:34:44.9405140Z + python -m pip wheel /Users/runner/actions-runner/_work/python.build/python.build/build_lxml234310/lxml-2.3.4 --wheel-dir=/private/var/folders/51/hd414ycd67n82196sw51xqtc0000gn/T/cibw-run-p8hprv0l/cp310-macosx_arm64/built_wheel --no-deps -vvv
2022-12-27T11:34:45.1948990Z Created temporary directory: /private/var/folders/51/hd414ycd67n82196sw51xqtc0000gn/T/pip-ephem-wheel-cache-iclboqzi
2022-12-27T11:34:45.1953850Z Created temporary directory: /private/var/folders/51/hd414ycd67n82196sw51xqtc0000gn/T/pip-build-tracker-wq7g1_qq
2022-12-27T11:34:45.1955550Z Initialized build tracking at /private/var/folders/51/hd414ycd67n82196sw51xqtc0000gn/T/pip-build-tracker-wq7g1_qq
2022-12-27T11:34:45.1956910Z Created build tracker: /private/var/folders/51/hd414ycd67n82196sw51xqtc0000gn/T/pip-build-tracker-wq7g1_qq
2022-12-27T11:34:45.1958300Z Entered build tracker: /private/var/folders/51/hd414ycd67n82196sw51xqtc0000gn/T/pip-build-tracker-wq7g1_qq
2022-12-27T11:34:45.1961790Z Created temporary directory: /private/var/folders/51/hd414ycd67n82196sw51xqtc0000gn/T/pip-wheel-feyo6vds
2022-12-27T11:34:45.1967930Z Created temporary directory: /private/var/folders/51/hd414ycd67n82196sw51xqtc0000gn/T/pip-ephem-wheel-cache-25psdai_
2022-12-27T11:34:45.2119100Z Processing /Users/runner/actions-runner/_work/python.build/python.build/build_lxml234310/lxml-2.3.4
2022-12-27T11:34:45.2123930Z   Added file:///Users/runner/actions-runner/_work/python.build/python.build/build_lxml234310/lxml-2.3.4 to build tracker '/private/var/folders/51/hd414ycd67n82196sw51xqtc0000gn/T/pip-build-tracker-wq7g1_qq'
2022-12-27T11:34:45.2127430Z   Running setup.py (path:/Users/runner/actions-runner/_work/python.build/python.build/build_lxml234310/lxml-2.3.4/setup.py) egg_info for package from file:///Users/runner/actions-runner/_work/python.build/python.build/build_lxml234310/lxml-2.3.4
2022-12-27T11:34:45.2130690Z   Created temporary directory: /private/var/folders/51/hd414ycd67n82196sw51xqtc0000gn/T/pip-pip-egg-info-xnwlxy8w
2022-12-27T11:34:45.2132360Z   Preparing metadata (setup.py): started
2022-12-27T11:34:45.2133870Z   Running command python setup.py egg_info
2022-12-27T11:34:45.5690270Z   Building lxml version 2.3.4.
2022-12-27T11:34:45.5691710Z   Building with Cython 0.29.32.
2022-12-27T11:34:45.5693390Z   Using build configuration of libxslt 1.1.29
2022-12-27T11:34:45.5695140Z   Building against libxml2/libxslt in the following directory: /Library/Developer/CommandLineTools/SDKs/MacOSX12.1.sdk/usr/lib
2022-12-27T11:34:45.5696170Z   running egg_info
2022-12-27T11:34:45.5698290Z   creating /private/var/folders/51/hd414ycd67n82196sw51xqtc0000gn/T/pip-pip-egg-info-xnwlxy8w/lxml.egg-info
2022-12-27T11:34:45.5699480Z   writing /private/var/folders/51/hd414ycd67n82196sw51xqtc0000gn/T/pip-pip-egg-info-xnwlxy8w/lxml.egg-info/PKG-INFO
2022-12-27T11:34:45.5703150Z   writing dependency_links to /private/var/folders/51/hd414ycd67n82196sw51xqtc0000gn/T/pip-pip-egg-info-xnwlxy8w/lxml.egg-info/dependency_links.txt
2022-12-27T11:34:45.5706170Z   writing top-level names to /private/var/folders/51/hd414ycd67n82196sw51xqtc0000gn/T/pip-pip-egg-info-xnwlxy8w/lxml.egg-info/top_level.txt
2022-12-27T11:34:45.5707810Z   writing manifest file '/private/var/folders/51/hd414ycd67n82196sw51xqtc0000gn/T/pip-pip-egg-info-xnwlxy8w/lxml.egg-info/SOURCES.txt'
2022-12-27T11:34:45.5766380Z   reading manifest file '/private/var/folders/51/hd414ycd67n82196sw51xqtc0000gn/T/pip-pip-egg-info-xnwlxy8w/lxml.egg-info/SOURCES.txt'
2022-12-27T11:34:45.5768860Z   reading manifest template 'MANIFEST.in'
2022-12-27T11:34:45.6712160Z   adding license file 'LICENSES.txt'
2022-12-27T11:34:45.6772010Z   writing manifest file '/private/var/folders/51/hd414ycd67n82196sw51xqtc0000gn/T/pip-pip-egg-info-xnwlxy8w/lxml.egg-info/SOURCES.txt'
2022-12-27T11:34:45.7031060Z   Preparing metadata (setup.py): finished with status 'done'
2022-12-27T11:34:45.7052780Z   Source in /Users/runner/actions-runner/_work/python.build/python.build/build_lxml234310/lxml-2.3.4 has version 2.3.4, which satisfies requirement lxml==2.3.4 from file:///Users/runner/actions-runner/_work/python.build/python.build/build_lxml234310/lxml-2.3.4
2022-12-27T11:34:45.7056530Z   Removed lxml==2.3.4 from file:///Users/runner/actions-runner/_work/python.build/python.build/build_lxml234310/lxml-2.3.4 from build tracker '/private/var/folders/51/hd414ycd67n82196sw51xqtc0000gn/T/pip-build-tracker-wq7g1_qq'
2022-12-27T11:34:45.7072660Z Created temporary directory: /private/var/folders/51/hd414ycd67n82196sw51xqtc0000gn/T/pip-unpack-b7gngujr
2022-12-27T11:34:45.7074620Z Building wheels for collected packages: lxml
2022-12-27T11:34:45.7080420Z   Created temporary directory: /private/var/folders/51/hd414ycd67n82196sw51xqtc0000gn/T/pip-wheel-bwruvacn
2022-12-27T11:34:45.7082080Z   Building wheel for lxml (setup.py): started
2022-12-27T11:34:45.7083850Z   Destination directory: /private/var/folders/51/hd414ycd67n82196sw51xqtc0000gn/T/pip-wheel-bwruvacn
2022-12-27T11:34:45.7085060Z   Running command python setup.py bdist_wheel
2022-12-27T11:34:45.9268560Z   Building lxml version 2.3.4.
2022-12-27T11:34:45.9269850Z   Building with Cython 0.29.32.
2022-12-27T11:34:45.9398250Z   Using build configuration of libxslt 1.1.29
2022-12-27T11:34:46.0355090Z   Building against libxml2/libxslt in the following directory: /Library/Developer/CommandLineTools/SDKs/MacOSX12.1.sdk/usr/lib
2022-12-27T11:34:46.0569100Z   running bdist_wheel
2022-12-27T11:34:46.0609660Z   running build
2022-12-27T11:34:46.0611370Z   running build_py
2022-12-27T11:34:46.0629690Z   creating build
2022-12-27T11:34:46.0631230Z   creating build/lib.macosx-11.0-arm64-cpython-310
2022-12-27T11:34:46.0632760Z   creating build/lib.macosx-11.0-arm64-cpython-310/lxml
2022-12-27T11:34:46.0634480Z   copying src/lxml/_elementpath.py -> build/lib.macosx-11.0-arm64-cpython-310/lxml
2022-12-27T11:34:46.0636940Z   copying src/lxml/sax.py -> build/lib.macosx-11.0-arm64-cpython-310/lxml
2022-12-27T11:34:46.0639280Z   copying src/lxml/pyclasslookup.py -> build/lib.macosx-11.0-arm64-cpython-310/lxml
2022-12-27T11:34:46.0643680Z   copying src/lxml/__init__.py -> build/lib.macosx-11.0-arm64-cpython-310/lxml
2022-12-27T11:34:46.0645650Z   copying src/lxml/builder.py -> build/lib.macosx-11.0-arm64-cpython-310/lxml
2022-12-27T11:34:46.0647240Z   copying src/lxml/doctestcompare.py -> build/lib.macosx-11.0-arm64-cpython-310/lxml
2022-12-27T11:34:46.0649240Z   copying src/lxml/usedoctest.py -> build/lib.macosx-11.0-arm64-cpython-310/lxml
2022-12-27T11:34:46.0652710Z   copying src/lxml/cssselect.py -> build/lib.macosx-11.0-arm64-cpython-310/lxml
2022-12-27T11:34:46.0654940Z   copying src/lxml/ElementInclude.py -> build/lib.macosx-11.0-arm64-cpython-310/lxml
2022-12-27T11:34:46.0661790Z   creating build/lib.macosx-11.0-arm64-cpython-310/lxml/html
2022-12-27T11:34:46.0663610Z   copying src/lxml/html/soupparser.py -> build/lib.macosx-11.0-arm64-cpython-310/lxml/html
2022-12-27T11:34:46.0665770Z   copying src/lxml/html/defs.py -> build/lib.macosx-11.0-arm64-cpython-310/lxml/html
2022-12-27T11:34:46.0668850Z   copying src/lxml/html/_setmixin.py -> build/lib.macosx-11.0-arm64-cpython-310/lxml/html
2022-12-27T11:34:46.0670740Z   copying src/lxml/html/clean.py -> build/lib.macosx-11.0-arm64-cpython-310/lxml/html
2022-12-27T11:34:46.0672920Z   copying src/lxml/html/_diffcommand.py -> build/lib.macosx-11.0-arm64-cpython-310/lxml/html
2022-12-27T11:34:46.0675970Z   copying src/lxml/html/html5parser.py -> build/lib.macosx-11.0-arm64-cpython-310/lxml/html
2022-12-27T11:34:46.0677740Z   copying src/lxml/html/__init__.py -> build/lib.macosx-11.0-arm64-cpython-310/lxml/html
2022-12-27T11:34:46.0680940Z   copying src/lxml/html/formfill.py -> build/lib.macosx-11.0-arm64-cpython-310/lxml/html
2022-12-27T11:34:46.0684040Z   copying src/lxml/html/builder.py -> build/lib.macosx-11.0-arm64-cpython-310/lxml/html
2022-12-27T11:34:46.0686330Z   copying src/lxml/html/ElementSoup.py -> build/lib.macosx-11.0-arm64-cpython-310/lxml/html
2022-12-27T11:34:46.0689090Z   copying src/lxml/html/_html5builder.py -> build/lib.macosx-11.0-arm64-cpython-310/lxml/html
2022-12-27T11:34:46.0690830Z   copying src/lxml/html/usedoctest.py -> build/lib.macosx-11.0-arm64-cpython-310/lxml/html
2022-12-27T11:34:46.0694150Z   copying src/lxml/html/diff.py -> build/lib.macosx-11.0-arm64-cpython-310/lxml/html
2022-12-27T11:34:46.0696920Z   copying src/lxml/html/_dictmixin.py -> build/lib.macosx-11.0-arm64-cpython-310/lxml/html
2022-12-27T11:34:46.0700550Z   creating build/lib.macosx-11.0-arm64-cpython-310/lxml/isoschematron
2022-12-27T11:34:46.0702370Z   copying src/lxml/isoschematron/__init__.py -> build/lib.macosx-11.0-arm64-cpython-310/lxml/isoschematron
2022-12-27T11:34:46.0713900Z   copying src/lxml/etreepublic.pxd -> build/lib.macosx-11.0-arm64-cpython-310/lxml
2022-12-27T11:34:46.0716940Z   copying src/lxml/tree.pxd -> build/lib.macosx-11.0-arm64-cpython-310/lxml
2022-12-27T11:34:46.0719550Z   copying src/lxml/etree_defs.h -> build/lib.macosx-11.0-arm64-cpython-310/lxml
2022-12-27T11:34:46.0723120Z   creating build/lib.macosx-11.0-arm64-cpython-310/lxml/isoschematron/resources
2022-12-27T11:34:46.0724340Z   creating build/lib.macosx-11.0-arm64-cpython-310/lxml/isoschematron/resources/rng
2022-12-27T11:34:46.0725800Z   copying src/lxml/isoschematron/resources/rng/iso-schematron.rng -> build/lib.macosx-11.0-arm64-cpython-310/lxml/isoschematron/resources/rng
2022-12-27T11:34:46.0728810Z   creating build/lib.macosx-11.0-arm64-cpython-310/lxml/isoschematron/resources/xsl
2022-12-27T11:34:46.0730600Z   copying src/lxml/isoschematron/resources/xsl/XSD2Schtrn.xsl -> build/lib.macosx-11.0-arm64-cpython-310/lxml/isoschematron/resources/xsl
2022-12-27T11:34:46.0734210Z   copying src/lxml/isoschematron/resources/xsl/RNG2Schtrn.xsl -> build/lib.macosx-11.0-arm64-cpython-310/lxml/isoschematron/resources/xsl
2022-12-27T11:34:46.0736850Z   creating build/lib.macosx-11.0-arm64-cpython-310/lxml/isoschematron/resources/xsl/iso-schematron-xslt1
2022-12-27T11:34:46.0739010Z   copying src/lxml/isoschematron/resources/xsl/iso-schematron-xslt1/iso_abstract_expand.xsl -> build/lib.macosx-11.0-arm64-cpython-310/lxml/isoschematron/resources/xsl/iso-schematron-xslt1
2022-12-27T11:34:46.0740890Z   copying src/lxml/isoschematron/resources/xsl/iso-schematron-xslt1/iso_dsdl_include.xsl -> build/lib.macosx-11.0-arm64-cpython-310/lxml/isoschematron/resources/xsl/iso-schematron-xslt1
2022-12-27T11:34:46.0744140Z   copying src/lxml/isoschematron/resources/xsl/iso-schematron-xslt1/iso_schematron_skeleton_for_xslt1.xsl -> build/lib.macosx-11.0-arm64-cpython-310/lxml/isoschematron/resources/xsl/iso-schematron-xslt1
2022-12-27T11:34:46.0747290Z   copying src/lxml/isoschematron/resources/xsl/iso-schematron-xslt1/iso_svrl_for_xslt1.xsl -> build/lib.macosx-11.0-arm64-cpython-310/lxml/isoschematron/resources/xsl/iso-schematron-xslt1
2022-12-27T11:34:46.0750790Z   copying src/lxml/isoschematron/resources/xsl/iso-schematron-xslt1/iso_schematron_message.xsl -> build/lib.macosx-11.0-arm64-cpython-310/lxml/isoschematron/resources/xsl/iso-schematron-xslt1
2022-12-27T11:34:46.0753120Z   copying src/lxml/isoschematron/resources/xsl/iso-schematron-xslt1/readme.txt -> build/lib.macosx-11.0-arm64-cpython-310/lxml/isoschematron/resources/xsl/iso-schematron-xslt1
2022-12-27T11:34:46.0764680Z   running build_ext
2022-12-27T11:34:46.0885270Z   skipping 'src/lxml/lxml.etree.c' Cython extension (up-to-date)
2022-12-27T11:34:46.0886870Z   skipping 'src/lxml/lxml.objectify.c' Cython extension (up-to-date)
2022-12-27T11:34:46.0888400Z   building 'lxml.etree' extension
2022-12-27T11:34:46.0890050Z   creating build/temp.macosx-11.0-arm64-cpython-310
2022-12-27T11:34:46.0891620Z   creating build/temp.macosx-11.0-arm64-cpython-310/src
2022-12-27T11:34:46.0893110Z   creating build/temp.macosx-11.0-arm64-cpython-310/src/lxml
2022-12-27T11:34:46.0895730Z   clang -Wno-unused-result -Wsign-compare -Wunreachable-code -fno-common -dynamic -DNDEBUG -g -fwrapv -O3 -Wall -g -I/usr/local/opt/openssl@3/include -I/usr/local/opt/openssl@3/include -arch arm64 -I/Library/Developer/CommandLineTools/SDKs/MacOSX12.1.sdk/usr/include -I/private/var/folders/51/hd414ycd67n82196sw51xqtc0000gn/T/cibw-run-p8hprv0l/cp310-macosx_arm64/build/venv/include -I/Library/Frameworks/Python.framework/Versions/3.10/include/python3.10 -c src/lxml/lxml.etree.c -o build/temp.macosx-11.0-arm64-cpython-310/src/lxml/lxml.etree.o -w -flat_namespace
2022-12-27T11:34:46.5850650Z   src/lxml/lxml.etree.c:136992:5: error: expression is not assignable
2022-12-27T11:34:46.5851800Z       ++Py_REFCNT(o);
2022-12-27T11:34:46.5852990Z       ^ ~~~~~~~~~~~~
2022-12-27T11:34:46.5854460Z   src/lxml/lxml.etree.c:136995:5: error: expression is not assignable
2022-12-27T11:34:46.5856160Z       --Py_REFCNT(o);
2022-12-27T11:34:46.5856980Z       ^ ~~~~~~~~~~~~
2022-12-27T11:34:46.5858380Z   src/lxml/lxml.etree.c:137200:5: error: expression is not assignable
2022-12-27T11:34:46.5859470Z       ++Py_REFCNT(o);
2022-12-27T11:34:46.5860630Z       ^ ~~~~~~~~~~~~
2022-12-27T11:34:46.5924340Z   src/lxml/lxml.etree.c:137203:5: error: expression is not assignable
2022-12-27T11:34:46.5925120Z       --Py_REFCNT(o);
2022-12-27T11:34:46.5925580Z       ^ ~~~~~~~~~~~~
2022-12-27T11:34:46.6083350Z   src/lxml/lxml.etree.c:148385:5: error: expression is not assignable
2022-12-27T11:34:46.6084550Z       ++Py_REFCNT(o);
2022-12-27T11:34:46.6086490Z       ^ ~~~~~~~~~~~~
2022-12-27T11:34:46.6088110Z   src/lxml/lxml.etree.c:148388:5: error: expression is not assignable
2022-12-27T11:34:46.6089470Z       --Py_REFCNT(o);
2022-12-27T11:34:46.6090980Z       ^ ~~~~~~~~~~~~
2022-12-27T11:34:46.6095740Z   src/lxml/lxml.etree.c:148989:5: error: expression is not assignable
2022-12-27T11:34:46.6096840Z       ++Py_REFCNT(o);
2022-12-27T11:34:46.6098270Z       ^ ~~~~~~~~~~~~
2022-12-27T11:34:46.6099620Z   src/lxml/lxml.etree.c:148992:5: error: expression is not assignable
2022-12-27T11:34:46.6101020Z       --Py_REFCNT(o);
2022-12-27T11:34:46.6101980Z       ^ ~~~~~~~~~~~~
2022-12-27T11:34:46.6105220Z   src/lxml/lxml.etree.c:149402:5: error: expression is not assignable
2022-12-27T11:34:46.6106900Z       ++Py_REFCNT(o);
2022-12-27T11:34:46.6108230Z       ^ ~~~~~~~~~~~~
2022-12-27T11:34:46.6109690Z   src/lxml/lxml.etree.c:149405:5: error: expression is not assignable
2022-12-27T11:34:46.6111000Z       --Py_REFCNT(o);
2022-12-27T11:34:46.6112210Z       ^ ~~~~~~~~~~~~
2022-12-27T11:34:46.6113800Z   src/lxml/lxml.etree.c:149589:5: error: expression is not assignable
2022-12-27T11:34:46.6115020Z       ++Py_REFCNT(o);
2022-12-27T11:34:46.6116360Z       ^ ~~~~~~~~~~~~
2022-12-27T11:34:46.6117640Z   src/lxml/lxml.etree.c:149592:5: error: expression is not assignable
2022-12-27T11:34:46.6119080Z       --Py_REFCNT(o);
2022-12-27T11:34:46.6120210Z       ^ ~~~~~~~~~~~~
2022-12-27T11:34:46.6204970Z   src/lxml/lxml.etree.c:153652:5: error: expression is not assignable
2022-12-27T11:34:46.6206640Z       ++Py_REFCNT(o);
2022-12-27T11:34:46.6208200Z       ^ ~~~~~~~~~~~~
2022-12-27T11:34:46.6209870Z   src/lxml/lxml.etree.c:153655:5: error: expression is not assignable
2022-12-27T11:34:46.6211460Z       --Py_REFCNT(o);
2022-12-27T11:34:46.6212780Z       ^ ~~~~~~~~~~~~
2022-12-27T11:34:46.6217060Z   src/lxml/lxml.etree.c:154239:5: error: expression is not assignable
2022-12-27T11:34:46.6218470Z       ++Py_REFCNT(o);
2022-12-27T11:34:46.6219650Z       ^ ~~~~~~~~~~~~
2022-12-27T11:34:46.6221000Z   src/lxml/lxml.etree.c:154242:5: error: expression is not assignable
2022-12-27T11:34:46.6222330Z       --Py_REFCNT(o);
2022-12-27T11:34:46.6223580Z       ^ ~~~~~~~~~~~~
2022-12-27T11:34:46.6228520Z   src/lxml/lxml.etree.c:154816:5: error: expression is not assignable
2022-12-27T11:34:46.6229720Z       ++Py_REFCNT(o);
2022-12-27T11:34:46.6231000Z       ^ ~~~~~~~~~~~~
2022-12-27T11:34:46.6232700Z   src/lxml/lxml.etree.c:154819:5: error: expression is not assignable
2022-12-27T11:34:46.6234130Z       --Py_REFCNT(o);
2022-12-27T11:34:46.6235580Z       ^ ~~~~~~~~~~~~
2022-12-27T11:34:46.6241970Z   src/lxml/lxml.etree.c:155414:5: error: expression is not assignable
2022-12-27T11:34:46.6243300Z       ++Py_REFCNT(o);
2022-12-27T11:34:46.6244580Z       ^ ~~~~~~~~~~~~
2022-12-27T11:34:46.6246030Z   fatal error: too many errors emitted, stopping now [-ferror-limit=]
2022-12-27T11:34:46.6781020Z   20 errors generated.
2022-12-27T11:34:46.6822860Z   error: command '/usr/bin/clang' failed with exit code 1
2022-12-27T11:34:46.7157140Z   error: subprocess-exited-with-error
2022-12-27T11:34:46.7157880Z   
2022-12-27T11:34:46.7158330Z   × python setup.py bdist_wheel did not run successfully.
2022-12-27T11:34:46.7158670Z   │ exit code: 1
2022-12-27T11:34:46.7158980Z   ╰─> See above for output.
2022-12-27T11:34:46.7159390Z   
2022-12-27T11:34:46.7159760Z   note: This error originates from a subprocess, and is likely not a problem with pip.
2022-12-27T11:34:46.7166940Z   full command: /private/var/folders/51/hd414ycd67n82196sw51xqtc0000gn/T/cibw-run-p8hprv0l/cp310-macosx_arm64/build/venv/bin/python -u -c '
2022-12-27T11:34:46.7168430Z   exec(compile('"'"''"'"''"'"'
2022-12-27T11:34:46.7169210Z   # This is <pip-setuptools-caller> -- a caller that pip uses to run setup.py
2022-12-27T11:34:46.7169730Z   #
2022-12-27T11:34:46.7170620Z   # - It imports setuptools before invoking setup.py, to enable projects that directly
2022-12-27T11:34:46.7171220Z   #   import from `distutils.core` to work with newer packaging standards.
2022-12-27T11:34:46.7171900Z   # - It provides a clear error message when setuptools is not installed.
2022-12-27T11:34:46.7172510Z   # - It sets `sys.argv[0]` to the underlying `setup.py`, when invoking `setup.py` so
2022-12-27T11:34:46.7173070Z   #   setuptools doesn'"'"'t think the script is `-c`. This avoids the following warning:
2022-12-27T11:34:46.7173600Z   #     manifest_maker: standard file '"'"'-c'"'"' not found".
2022-12-27T11:34:46.7174250Z   # - It generates a shim setup.py, for handling setup.cfg-only projects.
2022-12-27T11:34:46.7174650Z   import os, sys, tokenize
2022-12-27T11:34:46.7174860Z   
2022-12-27T11:34:46.7175100Z   try:
2022-12-27T11:34:46.7175410Z       import setuptools
2022-12-27T11:34:46.7175680Z   except ImportError as error:
2022-12-27T11:34:46.7175990Z       print(
2022-12-27T11:34:46.7176370Z           "ERROR: Can not execute `setup.py` since setuptools is not available in "
2022-12-27T11:34:46.7176700Z           "the build environment.",
2022-12-27T11:34:46.7177030Z           file=sys.stderr,
2022-12-27T11:34:46.7177310Z       )
2022-12-27T11:34:46.7177540Z       sys.exit(1)
2022-12-27T11:34:46.7177740Z   
2022-12-27T11:34:46.7177980Z   __file__ = %r
2022-12-27T11:34:46.7178220Z   sys.argv[0] = __file__
2022-12-27T11:34:46.7178940Z   
2022-12-27T11:34:46.7179200Z   if os.path.exists(__file__):
2022-12-27T11:34:46.7179510Z       filename = __file__
2022-12-27T11:34:46.7179790Z       with tokenize.open(__file__) as f:
2022-12-27T11:34:46.7180110Z           setup_py_code = f.read()
2022-12-27T11:34:46.7180420Z   else:
2022-12-27T11:34:46.7180810Z       filename = "<auto-generated setuptools caller>"
2022-12-27T11:34:46.7181230Z       setup_py_code = "from setuptools import setup; setup()"
2022-12-27T11:34:46.7181560Z   
2022-12-27T11:34:46.7181840Z   exec(compile(setup_py_code, filename, "exec"))
2022-12-27T11:34:46.7182610Z   '"'"''"'"''"'"' % ('"'"'/Users/runner/actions-runner/_work/python.build/python.build/build_lxml234310/lxml-2.3.4/setup.py'"'"',), "<pip-setuptools-caller>", "exec"))' bdist_wheel -d /private/var/folders/51/hd414ycd67n82196sw51xqtc0000gn/T/pip-wheel-bwruvacn
2022-12-27T11:34:46.7183320Z   cwd: /Users/runner/actions-runner/_work/python.build/python.build/build_lxml234310/lxml-2.3.4/
2022-12-27T11:34:46.7183830Z   Building wheel for lxml (setup.py): finished with status 'error'
2022-12-27T11:34:46.7184120Z   ERROR: Failed building wheel for lxml
2022-12-27T11:34:46.7184430Z   Running command python setup.py clean
2022-12-27T11:34:46.7184720Z   Running setup.py clean for lxml
2022-12-27T11:34:46.9439700Z   Building lxml version 2.3.4.
2022-12-27T11:34:46.9440890Z   Building with Cython 0.29.32.
2022-12-27T11:34:46.9572830Z   Using build configuration of libxslt 1.1.29
2022-12-27T11:34:47.0547910Z   Building against libxml2/libxslt in the following directory: /Library/Developer/CommandLineTools/SDKs/MacOSX12.1.sdk/usr/lib
2022-12-27T11:34:47.0665780Z   running clean
2022-12-27T11:34:47.0689890Z   removing 'build/temp.macosx-11.0-arm64-cpython-310' (and everything under it)
2022-12-27T11:34:47.0693170Z   removing 'build/lib.macosx-11.0-arm64-cpython-310' (and everything under it)
2022-12-27T11:34:47.0728020Z   'build/bdist.macosx-11.0-arm64' does not exist -- can't clean it
2022-12-27T11:34:47.0729860Z   'build/scripts-3.10' does not exist -- can't clean it
2022-12-27T11:34:47.0731480Z   removing 'build'
2022-12-27T11:34:47.1000690Z Failed to build lxml
2022-12-27T11:34:47.1005010Z ERROR: Failed to build one or more wheels
2022-12-27T11:34:47.1014050Z Exception information:
2022-12-27T11:34:47.1014280Z Traceback (most recent call last):
2022-12-27T11:34:47.1021170Z   File "/private/var/folders/51/hd414ycd67n82196sw51xqtc0000gn/T/cibw-run-p8hprv0l/cp310-macosx_arm64/build/venv/lib/python3.10/site-packages/pip/_internal/cli/base_command.py", line 160, in exc_logging_wrapper
2022-12-27T11:34:47.1021620Z     status = run_func(*args)
2022-12-27T11:34:47.1022320Z   File "/private/var/folders/51/hd414ycd67n82196sw51xqtc0000gn/T/cibw-run-p8hprv0l/cp310-macosx_arm64/build/venv/lib/python3.10/site-packages/pip/_internal/cli/req_command.py", line 247, in wrapper
2022-12-27T11:34:47.1022710Z     return func(self, options, args)
2022-12-27T11:34:47.1023290Z   File "/private/var/folders/51/hd414ycd67n82196sw51xqtc0000gn/T/cibw-run-p8hprv0l/cp310-macosx_arm64/build/venv/lib/python3.10/site-packages/pip/_internal/commands/wheel.py", line 201, in run
2022-12-27T11:34:47.1023720Z     raise CommandError("Failed to build one or more wheels")
2022-12-27T11:34:47.1024000Z pip._internal.exceptions.CommandError: Failed to build one or more wheels
2022-12-27T11:34:47.1024450Z Removed build tracker: '/private/var/folders/51/hd414ycd67n82196sw51xqtc0000gn/T/pip-build-tracker-wq7g1_qq'
2022-12-27T11:34:47.1406660Z ##[endgroup]
2022-12-27T11:34:47.1430290Z ##[error]Command ['python', '-m', 'pip', 'wheel', '/Users/runner/actions-runner/_work/python.build/python.build/build_lxml234310/lxml-2.3.4', '--wheel-dir=/private/var/folders/51/hd414ycd67n82196sw51xqtc0000gn/T/cibw-run-p8hprv0l/cp310-macosx_arm64/built_wheel', '--no-deps', '-vvv'] failed with code 1. None
2022-12-27T11:34:47.1436460Z 
2022-12-27T11:34:47.1436770Z                                                               [31m✕ [0m2.20s
2022-12-27T11:34:47.1888700Z ##[error]Process completed with exit code 1.
2022-12-27T11:34:47.1922020Z ##[group]Run rm -rf build_lxml234310 wheelsout
2022-12-27T11:34:47.1922220Z [36;1mrm -rf build_lxml234310 wheelsout[0m
2022-12-27T11:34:47.1937200Z shell: /bin/bash -e {0}
2022-12-27T11:34:47.1937320Z env:
2022-12-27T11:34:47.1937460Z   pythonLocation: /Users/runner/hostedtoolcache/Python/3.10.9/x64
2022-12-27T11:34:47.1937660Z   PKG_CONFIG_PATH: /Users/runner/hostedtoolcache/Python/3.10.9/x64/lib/pkgconfig
2022-12-27T11:34:47.1937860Z   Python_ROOT_DIR: /Users/runner/hostedtoolcache/Python/3.10.9/x64
2022-12-27T11:34:47.1938030Z   Python2_ROOT_DIR: /Users/runner/hostedtoolcache/Python/3.10.9/x64
2022-12-27T11:34:47.1938190Z   Python3_ROOT_DIR: /Users/runner/hostedtoolcache/Python/3.10.9/x64
2022-12-27T11:34:47.1938330Z ##[endgroup]
2022-12-27T11:34:47.2491660Z Cleaning up orphan processes
