2022-12-27T08:52:21.1961072Z Requested labels: self-hosted, macOS, X64
2022-12-27T08:52:21.1961160Z Job defined at: kilnbuild/python.build/.github/workflows/mac_arm_build.yml@refs/heads/main
2022-12-27T08:52:21.1961192Z Waiting for a runner to pick up this job...
2022-12-27T11:23:48.6910246Z Job is about to start running on the runner: s1 (organization)
2022-12-27T11:23:53.2277640Z Current runner version: '2.300.2'
2022-12-27T11:23:53.2282670Z Runner name: 's1'
2022-12-27T11:23:53.2282920Z Runner group name: 'Default'
2022-12-27T11:23:53.2283360Z Machine name: 's1'
2022-12-27T11:23:53.2284940Z ##[group]GITHUB_TOKEN Permissions
2022-12-27T11:23:53.2285360Z Actions: write
2022-12-27T11:23:53.2285500Z Checks: write
2022-12-27T11:23:53.2285640Z Contents: write
2022-12-27T11:23:53.2285790Z Deployments: write
2022-12-27T11:23:53.2285930Z Discussions: write
2022-12-27T11:23:53.2286060Z Issues: write
2022-12-27T11:23:53.2286200Z Metadata: read
2022-12-27T11:23:53.2286330Z Packages: write
2022-12-27T11:23:53.2286470Z Pages: write
2022-12-27T11:23:53.2286610Z PullRequests: write
2022-12-27T11:23:53.2286780Z RepositoryProjects: write
2022-12-27T11:23:53.2286950Z SecurityEvents: write
2022-12-27T11:23:53.2287100Z Statuses: write
2022-12-27T11:23:53.2287240Z ##[endgroup]
2022-12-27T11:23:53.2289980Z Secret source: Actions
2022-12-27T11:23:53.2290330Z Prepare workflow directory
2022-12-27T11:23:53.2961930Z Prepare all required actions
2022-12-27T11:23:53.3084940Z Getting action download info
2022-12-27T11:23:53.7519760Z Download action repository 'actions/setup-python@v4' (SHA:5ccb29d8773c3f3f653e1705f474dfaa8a06a912)
2022-12-27T11:23:55.6327790Z Download action repository 'actions/upload-artifact@v3' (SHA:83fd05a356d7e2593de66fc9913b3002723633cb)
2022-12-27T11:23:56.9414020Z ##[group]Run echo '{
2022-12-27T11:23:56.9414330Z [36;1mecho '{[0m
2022-12-27T11:23:56.9414460Z [36;1m  "package_name": "lxml",[0m
2022-12-27T11:23:56.9414710Z [36;1m  "package_url": "https://files.pythonhosted.org/packages/93/15/e7512c7f2f17cfbc2ae6479db75b30460714ad7c2ff5d8e4f4c1a7ac324e/lxml-2.0alpha5.tar.gz",[0m
2022-12-27T11:23:56.9414930Z [36;1m  "package_version": "2.0alpha5",[0m
2022-12-27T11:23:56.9415060Z [36;1m  "python_version": "3.8",[0m
2022-12-27T11:23:56.9415250Z [36;1m  "use_ccache": "true"[0m
2022-12-27T11:23:56.9415360Z [36;1m}'[0m
2022-12-27T11:23:56.9431240Z shell: /bin/bash -e {0}
2022-12-27T11:23:56.9431400Z ##[endgroup]
2022-12-27T11:23:56.9648500Z {
2022-12-27T11:23:56.9649850Z   "package_name": "lxml",
2022-12-27T11:23:56.9650470Z   "package_url": "https://files.pythonhosted.org/packages/93/15/e7512c7f2f17cfbc2ae6479db75b30460714ad7c2ff5d8e4f4c1a7ac324e/lxml-2.0alpha5.tar.gz",
2022-12-27T11:23:56.9650780Z   "package_version": "2.0alpha5",
2022-12-27T11:23:56.9651050Z   "python_version": "3.8",
2022-12-27T11:23:56.9651220Z   "use_ccache": "true"
2022-12-27T11:23:56.9651370Z }
2022-12-27T11:23:56.9864220Z ##[group]Run actions/setup-python@v4
2022-12-27T11:23:56.9864490Z with:
2022-12-27T11:23:56.9864730Z   python-version: 3.8
2022-12-27T11:23:56.9864880Z   check-latest: false
2022-12-27T11:23:56.9865170Z   token: ***
2022-12-27T11:23:56.9865350Z   update-environment: true
2022-12-27T11:23:56.9865590Z ##[endgroup]
2022-12-27T11:23:57.1087290Z ##[group]Installed versions
2022-12-27T11:23:57.1127820Z Successfully set up CPython (3.8.15)
2022-12-27T11:23:57.1128300Z ##[endgroup]
2022-12-27T11:23:57.1276340Z ##[group]Run if [ "true" == "true" ]
2022-12-27T11:23:57.1276640Z [36;1mif [ "true" == "true" ][0m
2022-12-27T11:23:57.1276830Z [36;1mthen[0m
2022-12-27T11:23:57.1277020Z [36;1m  echo "CCACHE_PATH_PREPEND=/usr/local/opt/ccache/libexec" >> $GITHUB_OUTPUT[0m
2022-12-27T11:23:57.1277280Z [36;1melse[0m
2022-12-27T11:23:57.1277480Z [36;1m  echo "CCACHE_PATH_PREPEND=" >> $GITHUB_OUTPUT[0m
2022-12-27T11:23:57.1277640Z [36;1mfi[0m
2022-12-27T11:23:57.1294730Z shell: /bin/bash -e {0}
2022-12-27T11:23:57.1295140Z env:
2022-12-27T11:23:57.1295380Z   pythonLocation: /Users/runner/hostedtoolcache/Python/3.8.15/x64
2022-12-27T11:23:57.1295660Z   PKG_CONFIG_PATH: /Users/runner/hostedtoolcache/Python/3.8.15/x64/lib/pkgconfig
2022-12-27T11:23:57.1295890Z   Python_ROOT_DIR: /Users/runner/hostedtoolcache/Python/3.8.15/x64
2022-12-27T11:23:57.1296140Z   Python2_ROOT_DIR: /Users/runner/hostedtoolcache/Python/3.8.15/x64
2022-12-27T11:23:57.1296560Z   Python3_ROOT_DIR: /Users/runner/hostedtoolcache/Python/3.8.15/x64
2022-12-27T11:23:57.1297060Z ##[endgroup]
2022-12-27T11:23:57.1401900Z ##[group]Run echo "BUILD_NAME=$(echo lxml_2.0alpha5_3.8 | tr -dc '[:alnum:]\n\r' | tr '[:upper:]' '[:lower:]')" >> $GITHUB_OUTPUT
2022-12-27T11:23:57.1402340Z [36;1mecho "BUILD_NAME=$(echo lxml_2.0alpha5_3.8 | tr -dc '[:alnum:]\n\r' | tr '[:upper:]' '[:lower:]')" >> $GITHUB_OUTPUT[0m
2022-12-27T11:23:57.1416440Z shell: /bin/bash -e {0}
2022-12-27T11:23:57.1416650Z env:
2022-12-27T11:23:57.1416870Z   pythonLocation: /Users/runner/hostedtoolcache/Python/3.8.15/x64
2022-12-27T11:23:57.1417110Z   PKG_CONFIG_PATH: /Users/runner/hostedtoolcache/Python/3.8.15/x64/lib/pkgconfig
2022-12-27T11:23:57.1417380Z   Python_ROOT_DIR: /Users/runner/hostedtoolcache/Python/3.8.15/x64
2022-12-27T11:23:57.1417710Z   Python2_ROOT_DIR: /Users/runner/hostedtoolcache/Python/3.8.15/x64
2022-12-27T11:23:57.1417960Z   Python3_ROOT_DIR: /Users/runner/hostedtoolcache/Python/3.8.15/x64
2022-12-27T11:23:57.1418140Z ##[endgroup]
2022-12-27T11:23:57.1552410Z ##[group]Run echo "PYTHON_NO_DOTS=$(echo 3.8 | tr -dc '[:alnum:]\n\r' | tr '[:upper:]' '[:lower:]')" >> $GITHUB_OUTPUT
2022-12-27T11:23:57.1552790Z [36;1mecho "PYTHON_NO_DOTS=$(echo 3.8 | tr -dc '[:alnum:]\n\r' | tr '[:upper:]' '[:lower:]')" >> $GITHUB_OUTPUT[0m
2022-12-27T11:23:57.1566490Z shell: /bin/bash -e {0}
2022-12-27T11:23:57.1566680Z env:
2022-12-27T11:23:57.1566870Z   pythonLocation: /Users/runner/hostedtoolcache/Python/3.8.15/x64
2022-12-27T11:23:57.1567520Z   PKG_CONFIG_PATH: /Users/runner/hostedtoolcache/Python/3.8.15/x64/lib/pkgconfig
2022-12-27T11:23:57.1567740Z   Python_ROOT_DIR: /Users/runner/hostedtoolcache/Python/3.8.15/x64
2022-12-27T11:23:57.1567960Z   Python2_ROOT_DIR: /Users/runner/hostedtoolcache/Python/3.8.15/x64
2022-12-27T11:23:57.1568180Z   Python3_ROOT_DIR: /Users/runner/hostedtoolcache/Python/3.8.15/x64
2022-12-27T11:23:57.1568380Z ##[endgroup]
2022-12-27T11:23:57.1678770Z ##[group]Run rm -rf build_lxml20alpha538
2022-12-27T11:23:57.1679150Z [36;1mrm -rf build_lxml20alpha538[0m
2022-12-27T11:23:57.1679410Z [36;1mmkdir build_lxml20alpha538[0m
2022-12-27T11:23:57.1679580Z [36;1mcd build_lxml20alpha538[0m
2022-12-27T11:23:57.1679880Z [36;1m/usr/local/bin/wget --quiet https://files.pythonhosted.org/packages/93/15/e7512c7f2f17cfbc2ae6479db75b30460714ad7c2ff5d8e4f4c1a7ac324e/lxml-2.0alpha5.tar.gz[0m
2022-12-27T11:23:57.1680160Z [36;1mtar xf *.tar.gz[0m
2022-12-27T11:23:57.1680330Z [36;1mcd *[0m
2022-12-27T11:23:57.1680530Z [36;1mpython -m pip install cibuildwheel==2.11.3[0m
2022-12-27T11:23:57.1680760Z [36;1mpython -m cibuildwheel --output-dir ../wheelsout[0m
2022-12-27T11:23:57.1695590Z shell: /bin/bash -e {0}
2022-12-27T11:23:57.1695750Z env:
2022-12-27T11:23:57.1696030Z   pythonLocation: /Users/runner/hostedtoolcache/Python/3.8.15/x64
2022-12-27T11:23:57.1696340Z   PKG_CONFIG_PATH: /Users/runner/hostedtoolcache/Python/3.8.15/x64/lib/pkgconfig
2022-12-27T11:23:57.1696560Z   Python_ROOT_DIR: /Users/runner/hostedtoolcache/Python/3.8.15/x64
2022-12-27T11:23:57.1696800Z   Python2_ROOT_DIR: /Users/runner/hostedtoolcache/Python/3.8.15/x64
2022-12-27T11:23:57.1697070Z   Python3_ROOT_DIR: /Users/runner/hostedtoolcache/Python/3.8.15/x64
2022-12-27T11:23:57.1697280Z   CIBW_ARCHS_MACOS: arm64
2022-12-27T11:23:57.1697430Z   CIBW_TEST_SKIP: *_arm64
2022-12-27T11:23:57.1697610Z   CIBW_BUILD: cp38-macosx_arm64
2022-12-27T11:23:57.1697830Z   CIBW_BUILD_FRONTEND: pip
2022-12-27T11:23:57.1697980Z   CIBW_BUILD_VERBOSITY: 3
2022-12-27T11:23:57.1698310Z   CIBW_ENVIRONMENT_MACOS:  CFLAGS="-I/usr/local/opt/openssl@3/include" LDFLAGS="-L/usr/local/opt/openssl@3/lib" CPPFLAGS="-I/usr/local/opt/openssl@3/include" MAKEFLAGS="-j$(sysctl -n hw.logicalcpu)" PATH=/usr/local/opt/ccache/libexec:$PATH
2022-12-27T11:23:57.1698670Z   CIBW_BEFORE_BUILD: pip install Cython; if [[ -f requirements.txt ]]; then pip install -r requirements.txt; fi
2022-12-27T11:23:57.1698920Z   MAKEFLAGS: -j$(sysctl -n hw.logicalcpu)
2022-12-27T11:23:57.1699110Z ##[endgroup]
2022-12-27T11:23:57.6375900Z Requirement already satisfied: cibuildwheel==2.11.3 in /Users/runner/hostedtoolcache/Python/3.8.15/x64/lib/python3.8/site-packages (2.11.3)
2022-12-27T11:23:57.6727680Z Requirement already satisfied: tomli in /Users/runner/hostedtoolcache/Python/3.8.15/x64/lib/python3.8/site-packages (from cibuildwheel==2.11.3) (2.0.1)
2022-12-27T11:23:57.6730780Z Requirement already satisfied: filelock in /Users/runner/hostedtoolcache/Python/3.8.15/x64/lib/python3.8/site-packages (from cibuildwheel==2.11.3) (3.8.2)
2022-12-27T11:23:57.6735980Z Requirement already satisfied: packaging>=20.9 in /Users/runner/hostedtoolcache/Python/3.8.15/x64/lib/python3.8/site-packages (from cibuildwheel==2.11.3) (22.0)
2022-12-27T11:23:57.6739470Z Requirement already satisfied: platformdirs in /Users/runner/hostedtoolcache/Python/3.8.15/x64/lib/python3.8/site-packages (from cibuildwheel==2.11.3) (2.6.0)
2022-12-27T11:23:57.6743320Z Requirement already satisfied: bracex in /Users/runner/hostedtoolcache/Python/3.8.15/x64/lib/python3.8/site-packages (from cibuildwheel==2.11.3) (2.3.post1)
2022-12-27T11:23:57.6746700Z Requirement already satisfied: certifi in /Users/runner/hostedtoolcache/Python/3.8.15/x64/lib/python3.8/site-packages (from cibuildwheel==2.11.3) (2022.12.7)
2022-12-27T11:23:57.6756460Z Requirement already satisfied: typing-extensions>=4.1.0 in /Users/runner/hostedtoolcache/Python/3.8.15/x64/lib/python3.8/site-packages (from cibuildwheel==2.11.3) (4.4.0)
2022-12-27T11:23:57.6761670Z Requirement already satisfied: bashlex!=0.13 in /Users/runner/hostedtoolcache/Python/3.8.15/x64/lib/python3.8/site-packages (from cibuildwheel==2.11.3) (0.16)
2022-12-27T11:23:57.8438390Z 
2022-12-27T11:23:57.8438850Z      _ _       _ _   _       _           _
2022-12-27T11:23:57.8439410Z  ___|_| |_ _ _|_| |_| |_ _ _| |_ ___ ___| |
2022-12-27T11:23:57.8440310Z |  _| | . | | | | | . | | | |   | -_| -_| |
2022-12-27T11:23:57.8441300Z |___|_|___|___|_|_|___|_____|_|_|___|___|_|
2022-12-27T11:23:57.8441540Z 
2022-12-27T11:23:57.8441680Z cibuildwheel version 2.11.3
2022-12-27T11:23:57.8441870Z 
2022-12-27T11:23:57.8442020Z Build options:
2022-12-27T11:23:57.8442250Z   platform: macos
2022-12-27T11:23:57.8527040Z   architectures: arm64[0m
2022-12-27T11:23:57.8527520Z   build_selector: 
2022-12-27T11:23:57.8527970Z     build_config: cp38-macosx_arm64
2022-12-27T11:23:57.8528200Z     skip_config: 
2022-12-27T11:23:57.8528570Z     requires_python: None
2022-12-27T11:23:57.8528890Z     prerelease_pythons: False[0m
2022-12-27T11:23:57.8529160Z   [38;5;244mcontainer_engine: docker[0m
2022-12-27T11:23:57.8529580Z   output_dir: /Users/runner/actions-runner/_work/python.build/python.build/build_lxml20alpha538/wheelsout[0m
2022-12-27T11:23:57.8530210Z   package_dir: /Users/runner/actions-runner/_work/python.build/python.build/build_lxml20alpha538/lxml-2.0alpha5[0m
2022-12-27T11:23:57.8530470Z   test_selector: 
2022-12-27T11:23:57.8530790Z     skip_config: *_arm64[0m
2022-12-27T11:23:57.8531080Z   [38;5;244mbefore_all: [0m
2022-12-27T11:23:57.8531670Z   before_build: pip install Cython; if [[ -f requirements.txt ]]; then pip install -r requirements.txt; fi[0m
2022-12-27T11:23:57.8532330Z   [38;5;244mbefore_test: [0m
2022-12-27T11:23:57.8532860Z   [38;5;244mbuild_frontend: pip[0m
2022-12-27T11:23:57.8533310Z   build_verbosity: 3[0m
2022-12-27T11:23:57.8533940Z   [38;5;244mconfig_settings: [0m
2022-12-27T11:23:57.8534400Z   [38;5;244mdependency_constraints: pinned[0m
2022-12-27T11:23:57.8534760Z   environment: 
2022-12-27T11:23:57.8535240Z     CFLAGS="-I/usr/local/opt/openssl@3/include"
2022-12-27T11:23:57.8535690Z     LDFLAGS="-L/usr/local/opt/openssl@3/lib"
2022-12-27T11:23:57.8536360Z     CPPFLAGS="-I/usr/local/opt/openssl@3/include"
2022-12-27T11:23:57.8536890Z     MAKEFLAGS="-j$(sysctl -n hw.logicalcpu)"
2022-12-27T11:23:57.8537350Z     PATH=/usr/local/opt/ccache/libexec:$PATH[0m
2022-12-27T11:23:57.8537770Z   [38;5;244mmanylinux_images: None[0m
2022-12-27T11:23:57.8538140Z   [38;5;244mmusllinux_images: None[0m
2022-12-27T11:23:57.8538790Z   [38;5;244mrepair_command: delocate-wheel --require-archs {delocate_archs} -w {dest_dir} -v {wheel}[0m
2022-12-27T11:23:57.8539580Z   [38;5;244mtest_command: [0m
2022-12-27T11:23:57.8539940Z   [38;5;244mtest_extras: [0m
2022-12-27T11:23:57.8540300Z   [38;5;244mtest_requires: [0m
2022-12-27T11:23:57.8540420Z 
2022-12-27T11:23:57.8540610Z Cache folder: /Users/runner/Library/Caches/cibuildwheel
2022-12-27T11:23:57.8545140Z 
2022-12-27T11:23:57.8545270Z Here we go!
2022-12-27T11:23:57.8545500Z 
2022-12-27T11:23:57.8607120Z 
2022-12-27T11:23:57.8607640Z [1m[34mBuilding cp38-macosx_arm64 wheel[0m
2022-12-27T11:23:57.8608050Z CPython 3.8 macOS arm64 - Apple Silicon
2022-12-27T11:23:57.8608210Z 
2022-12-27T11:23:57.8611210Z ##[group]Installing Python cp38...
2022-12-27T11:23:57.8611550Z 
2022-12-27T11:23:57.8612050Z + pkgutil --pkgs
2022-12-27T11:23:57.8711760Z ##[endgroup]
2022-12-27T11:23:57.8712810Z                                                               [32mâœ“ [0m0.01s
2022-12-27T11:23:57.8713340Z ##[group]Setting up build environment...
2022-12-27T11:23:57.8713610Z 
2022-12-27T11:23:57.8731780Z + /Users/runner/hostedtoolcache/Python/3.8.15/x64/bin/python -sS /Users/runner/Library/Caches/cibuildwheel/virtualenv-20.17.0.pyz --activators= --no-periodic-update --pip=22.3.1 --setuptools=65.6.3 --wheel=0.38.4 --symlink-app-data --python /Library/Frameworks/Python.framework/Versions/3.8/bin/python3 /private/var/folders/51/hd414ycd67n82196sw51xqtc0000gn/T/cibw-run-fokeqx21/cp38-macosx_arm64/build/venv
2022-12-27T11:23:58.0617370Z created virtual environment CPython3.8.10.final.0-64 in 47ms
2022-12-27T11:23:58.0618000Z   creator CPython3Posix(dest=/private/var/folders/51/hd414ycd67n82196sw51xqtc0000gn/T/cibw-run-fokeqx21/cp38-macosx_arm64/build/venv, clear=False, no_vcs_ignore=False, global=False)
2022-12-27T11:23:58.0618650Z   seeder FromAppData(download=False, pip=22.3.1, setuptools=65.6.3, wheel=0.38.4, via=symlink, app_data_dir=/Users/runner/Library/Application Support/virtualenv)
2022-12-27T11:23:58.0619070Z     added seed packages: pip==22.3.1, setuptools==65.6.3, wheel==0.38.4
2022-12-27T11:23:58.0737240Z + python -m pip install --upgrade pip -c /Users/runner/hostedtoolcache/Python/3.8.15/x64/lib/python3.8/site-packages/cibuildwheel/resources/constraints-python38.txt
2022-12-27T11:23:58.3783370Z Requirement already satisfied: pip in ./lib/python3.8/site-packages (22.3.1)
2022-12-27T11:23:58.5289580Z + which pip
2022-12-27T11:23:58.5307510Z /private/var/folders/51/hd414ycd67n82196sw51xqtc0000gn/T/cibw-run-fokeqx21/cp38-macosx_arm64/build/venv/bin/pip
2022-12-27T11:23:58.5310220Z + pip --version
2022-12-27T11:23:58.7601300Z pip 22.3.1 from /private/var/folders/51/hd414ycd67n82196sw51xqtc0000gn/T/cibw-run-fokeqx21/cp38-macosx_arm64/build/venv/lib/python3.8/site-packages/pip (python 3.8)
2022-12-27T11:23:58.7806160Z + which pip
2022-12-27T11:23:58.7834750Z + which python
2022-12-27T11:23:58.7853430Z /private/var/folders/51/hd414ycd67n82196sw51xqtc0000gn/T/cibw-run-fokeqx21/cp38-macosx_arm64/build/venv/bin/python
2022-12-27T11:23:58.7856290Z + python --version
2022-12-27T11:23:58.7902120Z Python 3.8.10
2022-12-27T11:23:58.7905000Z + which python
2022-12-27T11:23:58.7967340Z ##[endgroup]
2022-12-27T11:23:58.7967790Z                                                               [32mâœ“ [0m0.93s
2022-12-27T11:23:58.7968380Z ##[group]Installing build tools...
2022-12-27T11:23:58.7968520Z 
2022-12-27T11:23:58.7968820Z + pip install --upgrade setuptools wheel delocate -c /Users/runner/hostedtoolcache/Python/3.8.15/x64/lib/python3.8/site-packages/cibuildwheel/resources/constraints-python38.txt
2022-12-27T11:23:59.0992100Z Requirement already satisfied: setuptools in /private/var/folders/51/hd414ycd67n82196sw51xqtc0000gn/T/cibw-run-fokeqx21/cp38-macosx_arm64/build/venv/lib/python3.8/site-packages (65.6.3)
2022-12-27T11:23:59.3276550Z Requirement already satisfied: wheel in /private/var/folders/51/hd414ycd67n82196sw51xqtc0000gn/T/cibw-run-fokeqx21/cp38-macosx_arm64/build/venv/lib/python3.8/site-packages (0.38.4)
2022-12-27T11:23:59.3746320Z Collecting delocate
2022-12-27T11:23:59.3773290Z   Using cached delocate-0.10.3-py3-none-any.whl (142 kB)
2022-12-27T11:23:59.4082530Z Collecting packaging>=20.9
2022-12-27T11:23:59.4103860Z   Using cached packaging-21.3-py3-none-any.whl (40 kB)
2022-12-27T11:23:59.4274850Z Collecting typing-extensions
2022-12-27T11:23:59.4296950Z   Using cached typing_extensions-4.4.0-py3-none-any.whl (26 kB)
2022-12-27T11:23:59.4690920Z Collecting pyparsing!=3.0.5,>=2.0.2
2022-12-27T11:23:59.4711540Z   Using cached pyparsing-3.0.9-py3-none-any.whl (98 kB)
2022-12-27T11:23:59.5077550Z Installing collected packages: typing-extensions, pyparsing, packaging, delocate
2022-12-27T11:23:59.6400560Z Successfully installed delocate-0.10.3 packaging-21.3 pyparsing-3.0.9 typing-extensions-4.4.0
2022-12-27T11:23:59.6802620Z ##[endgroup]
2022-12-27T11:23:59.6803320Z                                                               [32mâœ“ [0m0.88s
2022-12-27T11:23:59.6803950Z ##[group]Running before_build...
2022-12-27T11:23:59.6804080Z 
2022-12-27T11:23:59.6810020Z + pip install Cython; if [[ -f requirements.txt ]]; then pip install -r requirements.txt; fi
2022-12-27T11:24:00.3585820Z Collecting Cython
2022-12-27T11:24:00.3632900Z   Using cached Cython-0.29.32-py2.py3-none-any.whl (986 kB)
2022-12-27T11:24:00.4065290Z Installing collected packages: Cython
2022-12-27T11:24:00.8435410Z Successfully installed Cython-0.29.32
2022-12-27T11:24:00.8839690Z ##[endgroup]
2022-12-27T11:24:00.8840430Z                                                               [32mâœ“ [0m1.20s
2022-12-27T11:24:00.8841090Z ##[group]Building wheel...
2022-12-27T11:24:00.8841240Z 
2022-12-27T11:24:00.8845410Z + python -m pip wheel /Users/runner/actions-runner/_work/python.build/python.build/build_lxml20alpha538/lxml-2.0alpha5 --wheel-dir=/private/var/folders/51/hd414ycd67n82196sw51xqtc0000gn/T/cibw-run-fokeqx21/cp38-macosx_arm64/built_wheel --no-deps -vvv
2022-12-27T11:24:01.1676360Z Created temporary directory: /private/var/folders/51/hd414ycd67n82196sw51xqtc0000gn/T/pip-ephem-wheel-cache-l_30nplp
2022-12-27T11:24:01.1681530Z Created temporary directory: /private/var/folders/51/hd414ycd67n82196sw51xqtc0000gn/T/pip-build-tracker-rl3w9uss
2022-12-27T11:24:01.1683470Z Initialized build tracking at /private/var/folders/51/hd414ycd67n82196sw51xqtc0000gn/T/pip-build-tracker-rl3w9uss
2022-12-27T11:24:01.1685160Z Created build tracker: /private/var/folders/51/hd414ycd67n82196sw51xqtc0000gn/T/pip-build-tracker-rl3w9uss
2022-12-27T11:24:01.1686500Z Entered build tracker: /private/var/folders/51/hd414ycd67n82196sw51xqtc0000gn/T/pip-build-tracker-rl3w9uss
2022-12-27T11:24:01.1689980Z Created temporary directory: /private/var/folders/51/hd414ycd67n82196sw51xqtc0000gn/T/pip-wheel-fl8nvv6c
2022-12-27T11:24:01.1696140Z Created temporary directory: /private/var/folders/51/hd414ycd67n82196sw51xqtc0000gn/T/pip-ephem-wheel-cache-14idgobv
2022-12-27T11:24:01.1779700Z Processing /Users/runner/actions-runner/_work/python.build/python.build/build_lxml20alpha538/lxml-2.0alpha5
2022-12-27T11:24:01.1784890Z   Added file:///Users/runner/actions-runner/_work/python.build/python.build/build_lxml20alpha538/lxml-2.0alpha5 to build tracker '/private/var/folders/51/hd414ycd67n82196sw51xqtc0000gn/T/pip-build-tracker-rl3w9uss'
2022-12-27T11:24:01.1788800Z   Running setup.py (path:/Users/runner/actions-runner/_work/python.build/python.build/build_lxml20alpha538/lxml-2.0alpha5/setup.py) egg_info for package from file:///Users/runner/actions-runner/_work/python.build/python.build/build_lxml20alpha538/lxml-2.0alpha5
2022-12-27T11:24:01.1791910Z   Created temporary directory: /private/var/folders/51/hd414ycd67n82196sw51xqtc0000gn/T/pip-pip-egg-info-15ax2xtb
2022-12-27T11:24:01.1793720Z   Preparing metadata (setup.py): started
2022-12-27T11:24:01.1795520Z   Running command python setup.py egg_info
2022-12-27T11:24:01.5550550Z   Building with Cython 0.29.32.
2022-12-27T11:24:01.5551700Z   Building lxml version 2.0.alpha5.
2022-12-27T11:24:01.5553350Z   running egg_info
2022-12-27T11:24:01.5555810Z   creating /private/var/folders/51/hd414ycd67n82196sw51xqtc0000gn/T/pip-pip-egg-info-15ax2xtb/lxml.egg-info
2022-12-27T11:24:01.5560090Z   writing /private/var/folders/51/hd414ycd67n82196sw51xqtc0000gn/T/pip-pip-egg-info-15ax2xtb/lxml.egg-info/PKG-INFO
2022-12-27T11:24:01.5565200Z   writing dependency_links to /private/var/folders/51/hd414ycd67n82196sw51xqtc0000gn/T/pip-pip-egg-info-15ax2xtb/lxml.egg-info/dependency_links.txt
2022-12-27T11:24:01.5569400Z   writing top-level names to /private/var/folders/51/hd414ycd67n82196sw51xqtc0000gn/T/pip-pip-egg-info-15ax2xtb/lxml.egg-info/top_level.txt
2022-12-27T11:24:01.5572540Z   writing manifest file '/private/var/folders/51/hd414ycd67n82196sw51xqtc0000gn/T/pip-pip-egg-info-15ax2xtb/lxml.egg-info/SOURCES.txt'
2022-12-27T11:24:01.5629450Z   reading manifest file '/private/var/folders/51/hd414ycd67n82196sw51xqtc0000gn/T/pip-pip-egg-info-15ax2xtb/lxml.egg-info/SOURCES.txt'
2022-12-27T11:24:01.5632240Z   reading manifest template 'MANIFEST.in'
2022-12-27T11:24:01.6448770Z   /private/var/folders/51/hd414ycd67n82196sw51xqtc0000gn/T/cibw-run-fokeqx21/cp38-macosx_arm64/build/venv/lib/python3.8/site-packages/setuptools/dist.py:529: UserWarning: Normalizing '2.0alpha5' to '2.0a5'
2022-12-27T11:24:01.6450790Z     warnings.warn(tmpl.format(**locals()))
2022-12-27T11:24:01.6453160Z   warning: no previously-included files found matching 'doc/pyrex.txt'
2022-12-27T11:24:01.6455430Z   warning: no previously-included files found matching 'src/lxml/etree.pxi'
2022-12-27T11:24:01.6457740Z   adding license file 'LICENSES.txt'
2022-12-27T11:24:01.6513400Z   writing manifest file '/private/var/folders/51/hd414ycd67n82196sw51xqtc0000gn/T/pip-pip-egg-info-15ax2xtb/lxml.egg-info/SOURCES.txt'
2022-12-27T11:24:01.6735200Z   Preparing metadata (setup.py): finished with status 'done'
2022-12-27T11:24:01.6760340Z   Source in /Users/runner/actions-runner/_work/python.build/python.build/build_lxml20alpha538/lxml-2.0alpha5 has version 2.0a5, which satisfies requirement lxml==2.0a5 from file:///Users/runner/actions-runner/_work/python.build/python.build/build_lxml20alpha538/lxml-2.0alpha5
2022-12-27T11:24:01.6763690Z   Removed lxml==2.0a5 from file:///Users/runner/actions-runner/_work/python.build/python.build/build_lxml20alpha538/lxml-2.0alpha5 from build tracker '/private/var/folders/51/hd414ycd67n82196sw51xqtc0000gn/T/pip-build-tracker-rl3w9uss'
2022-12-27T11:24:01.6876460Z Created temporary directory: /private/var/folders/51/hd414ycd67n82196sw51xqtc0000gn/T/pip-unpack-b3z7neaa
2022-12-27T11:24:01.6878660Z Building wheels for collected packages: lxml
2022-12-27T11:24:01.6884900Z   Created temporary directory: /private/var/folders/51/hd414ycd67n82196sw51xqtc0000gn/T/pip-wheel-b7c0ruz2
2022-12-27T11:24:01.6886920Z   Building wheel for lxml (setup.py): started
2022-12-27T11:24:01.6889410Z   Destination directory: /private/var/folders/51/hd414ycd67n82196sw51xqtc0000gn/T/pip-wheel-b7c0ruz2
2022-12-27T11:24:01.6891120Z   Running command python setup.py bdist_wheel
2022-12-27T11:24:01.9482710Z   Building with Cython 0.29.32.
2022-12-27T11:24:01.9485030Z   Building lxml version 2.0.alpha5.
2022-12-27T11:24:02.0531140Z   /private/var/folders/51/hd414ycd67n82196sw51xqtc0000gn/T/cibw-run-fokeqx21/cp38-macosx_arm64/build/venv/lib/python3.8/site-packages/setuptools/dist.py:529: UserWarning: Normalizing '2.0alpha5' to '2.0a5'
2022-12-27T11:24:02.0532090Z     warnings.warn(tmpl.format(**locals()))
2022-12-27T11:24:02.0671220Z   running bdist_wheel
2022-12-27T11:24:02.0714430Z   running build
2022-12-27T11:24:02.0717060Z   running build_py
2022-12-27T11:24:02.0737740Z   creating build
2022-12-27T11:24:02.0740570Z   creating build/lib.macosx-11.0-arm64-cpython-38
2022-12-27T11:24:02.0742910Z   creating build/lib.macosx-11.0-arm64-cpython-38/lxml
2022-12-27T11:24:02.0745770Z   copying src/lxml/_elementpath.py -> build/lib.macosx-11.0-arm64-cpython-38/lxml
2022-12-27T11:24:02.0748240Z   copying src/lxml/sax.py -> build/lib.macosx-11.0-arm64-cpython-38/lxml
2022-12-27T11:24:02.0750420Z   copying src/lxml/__init__.py -> build/lib.macosx-11.0-arm64-cpython-38/lxml
2022-12-27T11:24:02.0752810Z   copying src/lxml/builder.py -> build/lib.macosx-11.0-arm64-cpython-38/lxml
2022-12-27T11:24:02.0755510Z   copying src/lxml/doctestcompare.py -> build/lib.macosx-11.0-arm64-cpython-38/lxml
2022-12-27T11:24:02.0757950Z   copying src/lxml/usedoctest.py -> build/lib.macosx-11.0-arm64-cpython-38/lxml
2022-12-27T11:24:02.0760560Z   copying src/lxml/cssselect.py -> build/lib.macosx-11.0-arm64-cpython-38/lxml
2022-12-27T11:24:02.0763760Z   copying src/lxml/htmlbuilder.py -> build/lib.macosx-11.0-arm64-cpython-38/lxml
2022-12-27T11:24:02.0766280Z   copying src/lxml/ElementInclude.py -> build/lib.macosx-11.0-arm64-cpython-38/lxml
2022-12-27T11:24:02.0773350Z   creating build/lib.macosx-11.0-arm64-cpython-38/lxml/html
2022-12-27T11:24:02.0775140Z   copying src/lxml/html/defs.py -> build/lib.macosx-11.0-arm64-cpython-38/lxml/html
2022-12-27T11:24:02.0778120Z   copying src/lxml/html/setmixin.py -> build/lib.macosx-11.0-arm64-cpython-38/lxml/html
2022-12-27T11:24:02.0780780Z   copying src/lxml/html/clean.py -> build/lib.macosx-11.0-arm64-cpython-38/lxml/html
2022-12-27T11:24:02.0783800Z   copying src/lxml/html/_diffcommand.py -> build/lib.macosx-11.0-arm64-cpython-38/lxml/html
2022-12-27T11:24:02.0786960Z   copying src/lxml/html/__init__.py -> build/lib.macosx-11.0-arm64-cpython-38/lxml/html
2022-12-27T11:24:02.0789690Z   copying src/lxml/html/formfill.py -> build/lib.macosx-11.0-arm64-cpython-38/lxml/html
2022-12-27T11:24:02.0793150Z   copying src/lxml/html/builder.py -> build/lib.macosx-11.0-arm64-cpython-38/lxml/html
2022-12-27T11:24:02.0797660Z   copying src/lxml/html/ElementSoup.py -> build/lib.macosx-11.0-arm64-cpython-38/lxml/html
2022-12-27T11:24:02.0802140Z   copying src/lxml/html/usedoctest.py -> build/lib.macosx-11.0-arm64-cpython-38/lxml/html
2022-12-27T11:24:02.0805290Z   copying src/lxml/html/diff.py -> build/lib.macosx-11.0-arm64-cpython-38/lxml/html
2022-12-27T11:24:02.0817640Z   running build_ext
2022-12-27T11:24:02.1224840Z   skipping 'src/lxml/lxml.etree.c' Cython extension (up-to-date)
2022-12-27T11:24:02.1226160Z   skipping 'src/lxml/lxml.objectify.c' Cython extension (up-to-date)
2022-12-27T11:24:02.1228040Z   skipping 'src/lxml/lxml.pyclasslookup.c' Cython extension (up-to-date)
2022-12-27T11:24:02.1229450Z   building 'lxml.etree' extension
2022-12-27T11:24:02.1231270Z   creating build/temp.macosx-11.0-arm64-cpython-38
2022-12-27T11:24:02.1233010Z   creating build/temp.macosx-11.0-arm64-cpython-38/src
2022-12-27T11:24:02.1234440Z   creating build/temp.macosx-11.0-arm64-cpython-38/src/lxml
2022-12-27T11:24:02.1237340Z   gcc -Wno-unused-result -Wsign-compare -Wunreachable-code -fno-common -dynamic -DNDEBUG -g -fwrapv -O3 -Wall -g -I/usr/local/opt/openssl@3/include -I/usr/local/opt/openssl@3/include -arch arm64 -I/private/var/folders/51/hd414ycd67n82196sw51xqtc0000gn/T/cibw-run-fokeqx21/cp38-macosx_arm64/build/venv/include -I/Library/Frameworks/Python.framework/Versions/3.8/include/python3.8 -c src/lxml/lxml.etree.c -o build/temp.macosx-11.0-arm64-cpython-38/src/lxml/lxml.etree.o -w b'-I/Library/Developer/CommandLineTools/SDKs/MacOSX12.1.sdk/usr/include\n'
2022-12-27T11:24:02.1479580Z   clang: error: no such file or directory: 'b'-I/Library/Developer/CommandLineTools/SDKs/MacOSX12.1.sdk/usr/include\n''
2022-12-27T11:24:02.1491110Z   error: command '/usr/bin/gcc' failed with exit code 1
2022-12-27T11:24:02.1801590Z   error: subprocess-exited-with-error
2022-12-27T11:24:02.1801970Z   
2022-12-27T11:24:02.1802460Z   Ã— python setup.py bdist_wheel did not run successfully.
2022-12-27T11:24:02.1802980Z   â”‚ exit code: 1
2022-12-27T11:24:02.1803350Z   â•°â”€> See above for output.
2022-12-27T11:24:02.1803600Z   
2022-12-27T11:24:02.1803890Z   note: This error originates from a subprocess, and is likely not a problem with pip.
2022-12-27T11:24:02.1811300Z   full command: /private/var/folders/51/hd414ycd67n82196sw51xqtc0000gn/T/cibw-run-fokeqx21/cp38-macosx_arm64/build/venv/bin/python -u -c '
2022-12-27T11:24:02.1812190Z   exec(compile('"'"''"'"''"'"'
2022-12-27T11:24:02.1812540Z   # This is <pip-setuptools-caller> -- a caller that pip uses to run setup.py
2022-12-27T11:24:02.1813250Z   #
2022-12-27T11:24:02.1813700Z   # - It imports setuptools before invoking setup.py, to enable projects that directly
2022-12-27T11:24:02.1814050Z   #   import from `distutils.core` to work with newer packaging standards.
2022-12-27T11:24:02.1814350Z   # - It provides a clear error message when setuptools is not installed.
2022-12-27T11:24:02.1814710Z   # - It sets `sys.argv[0]` to the underlying `setup.py`, when invoking `setup.py` so
2022-12-27T11:24:02.1815350Z   #   setuptools doesn'"'"'t think the script is `-c`. This avoids the following warning:
2022-12-27T11:24:02.1815670Z   #     manifest_maker: standard file '"'"'-c'"'"' not found".
2022-12-27T11:24:02.1815980Z   # - It generates a shim setup.py, for handling setup.cfg-only projects.
2022-12-27T11:24:02.1816180Z   import os, sys, tokenize
2022-12-27T11:24:02.1816370Z   
2022-12-27T11:24:02.1816630Z   try:
2022-12-27T11:24:02.1816950Z       import setuptools
2022-12-27T11:24:02.1817120Z   except ImportError as error:
2022-12-27T11:24:02.1817300Z       print(
2022-12-27T11:24:02.1817610Z           "ERROR: Can not execute `setup.py` since setuptools is not available in "
2022-12-27T11:24:02.1817810Z           "the build environment.",
2022-12-27T11:24:02.1818000Z           file=sys.stderr,
2022-12-27T11:24:02.1818180Z       )
2022-12-27T11:24:02.1818310Z       sys.exit(1)
2022-12-27T11:24:02.1818540Z   
2022-12-27T11:24:02.1818700Z   __file__ = %r
2022-12-27T11:24:02.1818850Z   sys.argv[0] = __file__
2022-12-27T11:24:02.1819020Z   
2022-12-27T11:24:02.1819200Z   if os.path.exists(__file__):
2022-12-27T11:24:02.1819420Z       filename = __file__
2022-12-27T11:24:02.1819620Z       with tokenize.open(__file__) as f:
2022-12-27T11:24:02.1819830Z           setup_py_code = f.read()
2022-12-27T11:24:02.1819980Z   else:
2022-12-27T11:24:02.1820540Z       filename = "<auto-generated setuptools caller>"
2022-12-27T11:24:02.1820990Z       setup_py_code = "from setuptools import setup; setup()"
2022-12-27T11:24:02.1821170Z   
2022-12-27T11:24:02.1821360Z   exec(compile(setup_py_code, filename, "exec"))
2022-12-27T11:24:02.1821900Z   '"'"''"'"''"'"' % ('"'"'/Users/runner/actions-runner/_work/python.build/python.build/build_lxml20alpha538/lxml-2.0alpha5/setup.py'"'"',), "<pip-setuptools-caller>", "exec"))' bdist_wheel -d /private/var/folders/51/hd414ycd67n82196sw51xqtc0000gn/T/pip-wheel-b7c0ruz2
2022-12-27T11:24:02.1822460Z   cwd: /Users/runner/actions-runner/_work/python.build/python.build/build_lxml20alpha538/lxml-2.0alpha5/
2022-12-27T11:24:02.1822770Z   Building wheel for lxml (setup.py): finished with status 'error'
2022-12-27T11:24:02.1823000Z   ERROR: Failed building wheel for lxml
2022-12-27T11:24:02.1823210Z   Running command python setup.py clean
2022-12-27T11:24:02.1823420Z   Running setup.py clean for lxml
2022-12-27T11:24:02.4408110Z   Building with Cython 0.29.32.
2022-12-27T11:24:02.4409610Z   Building lxml version 2.0.alpha5.
2022-12-27T11:24:02.5466960Z   /private/var/folders/51/hd414ycd67n82196sw51xqtc0000gn/T/cibw-run-fokeqx21/cp38-macosx_arm64/build/venv/lib/python3.8/site-packages/setuptools/dist.py:529: UserWarning: Normalizing '2.0alpha5' to '2.0a5'
2022-12-27T11:24:02.5467650Z     warnings.warn(tmpl.format(**locals()))
2022-12-27T11:24:02.5504750Z   running clean
2022-12-27T11:24:02.5535280Z   removing 'build/temp.macosx-11.0-arm64-cpython-38' (and everything under it)
2022-12-27T11:24:02.5540140Z   removing 'build/lib.macosx-11.0-arm64-cpython-38' (and everything under it)
2022-12-27T11:24:02.5560110Z   'build/bdist.macosx-11.0-arm64' does not exist -- can't clean it
2022-12-27T11:24:02.5561850Z   'build/scripts-3.8' does not exist -- can't clean it
2022-12-27T11:24:02.5627470Z   removing 'build'
2022-12-27T11:24:02.5801320Z Failed to build lxml
2022-12-27T11:24:02.5806020Z ERROR: Failed to build one or more wheels
2022-12-27T11:24:02.5816060Z Exception information:
2022-12-27T11:24:02.5816450Z Traceback (most recent call last):
2022-12-27T11:24:02.5824240Z   File "/private/var/folders/51/hd414ycd67n82196sw51xqtc0000gn/T/cibw-run-fokeqx21/cp38-macosx_arm64/build/venv/lib/python3.8/site-packages/pip/_internal/cli/base_command.py", line 160, in exc_logging_wrapper
2022-12-27T11:24:02.5825100Z     status = run_func(*args)
2022-12-27T11:24:02.5825720Z   File "/private/var/folders/51/hd414ycd67n82196sw51xqtc0000gn/T/cibw-run-fokeqx21/cp38-macosx_arm64/build/venv/lib/python3.8/site-packages/pip/_internal/cli/req_command.py", line 247, in wrapper
2022-12-27T11:24:02.5826160Z     return func(self, options, args)
2022-12-27T11:24:02.5826650Z   File "/private/var/folders/51/hd414ycd67n82196sw51xqtc0000gn/T/cibw-run-fokeqx21/cp38-macosx_arm64/build/venv/lib/python3.8/site-packages/pip/_internal/commands/wheel.py", line 201, in run
2022-12-27T11:24:02.5826980Z     raise CommandError("Failed to build one or more wheels")
2022-12-27T11:24:02.5827240Z pip._internal.exceptions.CommandError: Failed to build one or more wheels
2022-12-27T11:24:02.5827620Z Removed build tracker: '/private/var/folders/51/hd414ycd67n82196sw51xqtc0000gn/T/pip-build-tracker-rl3w9uss'
2022-12-27T11:24:02.6183580Z ##[endgroup]
2022-12-27T11:24:02.6184310Z                                                               [31mâœ• [0m1.73s
2022-12-27T11:24:02.6547900Z ##[error]Command ['python', '-m', 'pip', 'wheel', '/Users/runner/actions-runner/_work/python.build/python.build/build_lxml20alpha538/lxml-2.0alpha5', '--wheel-dir=/private/var/folders/51/hd414ycd67n82196sw51xqtc0000gn/T/cibw-run-fokeqx21/cp38-macosx_arm64/built_wheel', '--no-deps', '-vvv'] failed with code 1. None
2022-12-27T11:24:02.6554250Z 
2022-12-27T11:24:02.6654340Z ##[error]Process completed with exit code 1.
2022-12-27T11:24:02.6688990Z ##[group]Run rm -rf build_lxml20alpha538 wheelsout
2022-12-27T11:24:02.6689260Z [36;1mrm -rf build_lxml20alpha538 wheelsout[0m
2022-12-27T11:24:02.6704540Z shell: /bin/bash -e {0}
2022-12-27T11:24:02.6704720Z env:
2022-12-27T11:24:02.6704930Z   pythonLocation: /Users/runner/hostedtoolcache/Python/3.8.15/x64
2022-12-27T11:24:02.6705160Z   PKG_CONFIG_PATH: /Users/runner/hostedtoolcache/Python/3.8.15/x64/lib/pkgconfig
2022-12-27T11:24:02.6705380Z   Python_ROOT_DIR: /Users/runner/hostedtoolcache/Python/3.8.15/x64
2022-12-27T11:24:02.6705620Z   Python2_ROOT_DIR: /Users/runner/hostedtoolcache/Python/3.8.15/x64
2022-12-27T11:24:02.6705870Z   Python3_ROOT_DIR: /Users/runner/hostedtoolcache/Python/3.8.15/x64
2022-12-27T11:24:02.6706050Z ##[endgroup]
2022-12-27T11:24:02.7256640Z Cleaning up orphan processes
