2022-12-27T08:46:18.4037587Z Requested labels: self-hosted, macOS, X64
2022-12-27T08:46:18.4037680Z Job defined at: kilnbuild/python.build/.github/workflows/mac_arm_build.yml@refs/heads/main
2022-12-27T08:46:18.4037712Z Waiting for a runner to pick up this job...
2022-12-27T11:07:29.7872689Z Job is about to start running on the runner: s1 (organization)
2022-12-27T11:07:34.6017050Z Current runner version: '2.300.2'
2022-12-27T11:07:34.6022270Z Runner name: 's1'
2022-12-27T11:07:34.6022520Z Runner group name: 'Default'
2022-12-27T11:07:34.6022970Z Machine name: 's1'
2022-12-27T11:07:34.6024530Z ##[group]GITHUB_TOKEN Permissions
2022-12-27T11:07:34.6024960Z Actions: write
2022-12-27T11:07:34.6025100Z Checks: write
2022-12-27T11:07:34.6025240Z Contents: write
2022-12-27T11:07:34.6025380Z Deployments: write
2022-12-27T11:07:34.6025530Z Discussions: write
2022-12-27T11:07:34.6025670Z Issues: write
2022-12-27T11:07:34.6025800Z Metadata: read
2022-12-27T11:07:34.6025930Z Packages: write
2022-12-27T11:07:34.6026070Z Pages: write
2022-12-27T11:07:34.6026210Z PullRequests: write
2022-12-27T11:07:34.6026370Z RepositoryProjects: write
2022-12-27T11:07:34.6026540Z SecurityEvents: write
2022-12-27T11:07:34.6026690Z Statuses: write
2022-12-27T11:07:34.6026820Z ##[endgroup]
2022-12-27T11:07:34.6029540Z Secret source: Actions
2022-12-27T11:07:34.6029880Z Prepare workflow directory
2022-12-27T11:07:34.6716650Z Prepare all required actions
2022-12-27T11:07:34.6836440Z Getting action download info
2022-12-27T11:07:35.1266850Z Download action repository 'actions/setup-python@v4' (SHA:5ccb29d8773c3f3f653e1705f474dfaa8a06a912)
2022-12-27T11:07:36.8796170Z Download action repository 'actions/upload-artifact@v3' (SHA:83fd05a356d7e2593de66fc9913b3002723633cb)
2022-12-27T11:07:38.2042700Z ##[group]Run echo '{
2022-12-27T11:07:38.2043040Z [36;1mecho '{[0m
2022-12-27T11:07:38.2043260Z [36;1m  "package_name": "lxml",[0m
2022-12-27T11:07:38.2043550Z [36;1m  "package_url": "https://files.pythonhosted.org/packages/07/4b/8ffaf3a55b3fc10b4458e7721dfc2eb074cb6ccc419340463d5d5b8b9122/lxml-2.1.5.tar.gz",[0m
2022-12-27T11:07:38.2043810Z [36;1m  "package_version": "2.1.5",[0m
2022-12-27T11:07:38.2043990Z [36;1m  "python_version": "3.11",[0m
2022-12-27T11:07:38.2044110Z [36;1m  "use_ccache": "true"[0m
2022-12-27T11:07:38.2044220Z [36;1m}'[0m
2022-12-27T11:07:38.2060600Z shell: /bin/bash -e {0}
2022-12-27T11:07:38.2060760Z ##[endgroup]
2022-12-27T11:07:38.2287490Z {
2022-12-27T11:07:38.2288940Z   "package_name": "lxml",
2022-12-27T11:07:38.2289550Z   "package_url": "https://files.pythonhosted.org/packages/07/4b/8ffaf3a55b3fc10b4458e7721dfc2eb074cb6ccc419340463d5d5b8b9122/lxml-2.1.5.tar.gz",
2022-12-27T11:07:38.2289850Z   "package_version": "2.1.5",
2022-12-27T11:07:38.2290140Z   "python_version": "3.11",
2022-12-27T11:07:38.2290310Z   "use_ccache": "true"
2022-12-27T11:07:38.2290480Z }
2022-12-27T11:07:38.2511090Z ##[group]Run actions/setup-python@v4
2022-12-27T11:07:38.2511380Z with:
2022-12-27T11:07:38.2511620Z   python-version: 3.11
2022-12-27T11:07:38.2511780Z   check-latest: false
2022-12-27T11:07:38.2512070Z   token: ***
2022-12-27T11:07:38.2512260Z   update-environment: true
2022-12-27T11:07:38.2512440Z ##[endgroup]
2022-12-27T11:07:38.3780020Z ##[group]Installed versions
2022-12-27T11:07:38.3822340Z Successfully set up CPython (3.11.1)
2022-12-27T11:07:38.3823200Z ##[endgroup]
2022-12-27T11:07:38.3971190Z ##[group]Run if [ "true" == "true" ]
2022-12-27T11:07:38.3971550Z [36;1mif [ "true" == "true" ][0m
2022-12-27T11:07:38.3971720Z [36;1mthen[0m
2022-12-27T11:07:38.3971960Z [36;1m  echo "CCACHE_PATH_PREPEND=/usr/local/opt/ccache/libexec" >> $GITHUB_OUTPUT[0m
2022-12-27T11:07:38.3972180Z [36;1melse[0m
2022-12-27T11:07:38.3972390Z [36;1m  echo "CCACHE_PATH_PREPEND=" >> $GITHUB_OUTPUT[0m
2022-12-27T11:07:38.3972810Z [36;1mfi[0m
2022-12-27T11:07:38.3991130Z shell: /bin/bash -e {0}
2022-12-27T11:07:38.3991370Z env:
2022-12-27T11:07:38.3991610Z   pythonLocation: /Users/runner/hostedtoolcache/Python/3.11.1/x64
2022-12-27T11:07:38.3991940Z   PKG_CONFIG_PATH: /Users/runner/hostedtoolcache/Python/3.11.1/x64/lib/pkgconfig
2022-12-27T11:07:38.3992210Z   Python_ROOT_DIR: /Users/runner/hostedtoolcache/Python/3.11.1/x64
2022-12-27T11:07:38.3992460Z   Python2_ROOT_DIR: /Users/runner/hostedtoolcache/Python/3.11.1/x64
2022-12-27T11:07:38.3992740Z   Python3_ROOT_DIR: /Users/runner/hostedtoolcache/Python/3.11.1/x64
2022-12-27T11:07:38.3993440Z ##[endgroup]
2022-12-27T11:07:38.4099980Z ##[group]Run echo "BUILD_NAME=$(echo lxml_2.1.5_3.11 | tr -dc '[:alnum:]\n\r' | tr '[:upper:]' '[:lower:]')" >> $GITHUB_OUTPUT
2022-12-27T11:07:38.4100490Z [36;1mecho "BUILD_NAME=$(echo lxml_2.1.5_3.11 | tr -dc '[:alnum:]\n\r' | tr '[:upper:]' '[:lower:]')" >> $GITHUB_OUTPUT[0m
2022-12-27T11:07:38.4115370Z shell: /bin/bash -e {0}
2022-12-27T11:07:38.4115540Z env:
2022-12-27T11:07:38.4115870Z   pythonLocation: /Users/runner/hostedtoolcache/Python/3.11.1/x64
2022-12-27T11:07:38.4116160Z   PKG_CONFIG_PATH: /Users/runner/hostedtoolcache/Python/3.11.1/x64/lib/pkgconfig
2022-12-27T11:07:38.4116380Z   Python_ROOT_DIR: /Users/runner/hostedtoolcache/Python/3.11.1/x64
2022-12-27T11:07:38.4116640Z   Python2_ROOT_DIR: /Users/runner/hostedtoolcache/Python/3.11.1/x64
2022-12-27T11:07:38.4116960Z   Python3_ROOT_DIR: /Users/runner/hostedtoolcache/Python/3.11.1/x64
2022-12-27T11:07:38.4117140Z ##[endgroup]
2022-12-27T11:07:38.4244850Z ##[group]Run echo "PYTHON_NO_DOTS=$(echo 3.11 | tr -dc '[:alnum:]\n\r' | tr '[:upper:]' '[:lower:]')" >> $GITHUB_OUTPUT
2022-12-27T11:07:38.4245210Z [36;1mecho "PYTHON_NO_DOTS=$(echo 3.11 | tr -dc '[:alnum:]\n\r' | tr '[:upper:]' '[:lower:]')" >> $GITHUB_OUTPUT[0m
2022-12-27T11:07:38.4260180Z shell: /bin/bash -e {0}
2022-12-27T11:07:38.4260370Z env:
2022-12-27T11:07:38.4260590Z   pythonLocation: /Users/runner/hostedtoolcache/Python/3.11.1/x64
2022-12-27T11:07:38.4260810Z   PKG_CONFIG_PATH: /Users/runner/hostedtoolcache/Python/3.11.1/x64/lib/pkgconfig
2022-12-27T11:07:38.4261020Z   Python_ROOT_DIR: /Users/runner/hostedtoolcache/Python/3.11.1/x64
2022-12-27T11:07:38.4261190Z   Python2_ROOT_DIR: /Users/runner/hostedtoolcache/Python/3.11.1/x64
2022-12-27T11:07:38.4261390Z   Python3_ROOT_DIR: /Users/runner/hostedtoolcache/Python/3.11.1/x64
2022-12-27T11:07:38.4261540Z ##[endgroup]
2022-12-27T11:07:38.4375570Z ##[group]Run rm -rf build_lxml215311
2022-12-27T11:07:38.4375920Z [36;1mrm -rf build_lxml215311[0m
2022-12-27T11:07:38.4376080Z [36;1mmkdir build_lxml215311[0m
2022-12-27T11:07:38.4376300Z [36;1mcd build_lxml215311[0m
2022-12-27T11:07:38.4376650Z [36;1m/usr/local/bin/wget --quiet https://files.pythonhosted.org/packages/07/4b/8ffaf3a55b3fc10b4458e7721dfc2eb074cb6ccc419340463d5d5b8b9122/lxml-2.1.5.tar.gz[0m
2022-12-27T11:07:38.4376920Z [36;1mtar xf *.tar.gz[0m
2022-12-27T11:07:38.4377060Z [36;1mcd *[0m
2022-12-27T11:07:38.4377250Z [36;1mpython -m pip install cibuildwheel==2.11.3[0m
2022-12-27T11:07:38.4377480Z [36;1mpython -m cibuildwheel --output-dir ../wheelsout[0m
2022-12-27T11:07:38.4392500Z shell: /bin/bash -e {0}
2022-12-27T11:07:38.4392700Z env:
2022-12-27T11:07:38.4392920Z   pythonLocation: /Users/runner/hostedtoolcache/Python/3.11.1/x64
2022-12-27T11:07:38.4393210Z   PKG_CONFIG_PATH: /Users/runner/hostedtoolcache/Python/3.11.1/x64/lib/pkgconfig
2022-12-27T11:07:38.4393590Z   Python_ROOT_DIR: /Users/runner/hostedtoolcache/Python/3.11.1/x64
2022-12-27T11:07:38.4393800Z   Python2_ROOT_DIR: /Users/runner/hostedtoolcache/Python/3.11.1/x64
2022-12-27T11:07:38.4394040Z   Python3_ROOT_DIR: /Users/runner/hostedtoolcache/Python/3.11.1/x64
2022-12-27T11:07:38.4394240Z   CIBW_ARCHS_MACOS: arm64
2022-12-27T11:07:38.4394420Z   CIBW_TEST_SKIP: *_arm64
2022-12-27T11:07:38.4394600Z   CIBW_BUILD: cp311-macosx_arm64
2022-12-27T11:07:38.4394790Z   CIBW_BUILD_FRONTEND: pip
2022-12-27T11:07:38.4394940Z   CIBW_BUILD_VERBOSITY: 3
2022-12-27T11:07:38.4395260Z   CIBW_ENVIRONMENT_MACOS:  CFLAGS="-I/usr/local/opt/openssl@3/include" LDFLAGS="-L/usr/local/opt/openssl@3/lib" CPPFLAGS="-I/usr/local/opt/openssl@3/include" MAKEFLAGS="-j$(sysctl -n hw.logicalcpu)" PATH=/usr/local/opt/ccache/libexec:$PATH
2022-12-27T11:07:38.4395660Z   CIBW_BEFORE_BUILD: pip install Cython; if [[ -f requirements.txt ]]; then pip install -r requirements.txt; fi
2022-12-27T11:07:38.4395910Z   MAKEFLAGS: -j$(sysctl -n hw.logicalcpu)
2022-12-27T11:07:38.4396060Z ##[endgroup]
2022-12-27T11:07:38.9024980Z Requirement already satisfied: cibuildwheel==2.11.3 in /Library/Frameworks/Python.framework/Versions/3.11/lib/python3.11/site-packages (2.11.3)
2022-12-27T11:07:38.9328130Z Requirement already satisfied: bashlex!=0.13 in /Library/Frameworks/Python.framework/Versions/3.11/lib/python3.11/site-packages (from cibuildwheel==2.11.3) (0.16)
2022-12-27T11:07:38.9334830Z Requirement already satisfied: bracex in /Library/Frameworks/Python.framework/Versions/3.11/lib/python3.11/site-packages (from cibuildwheel==2.11.3) (2.3.post1)
2022-12-27T11:07:38.9341330Z Requirement already satisfied: certifi in /Library/Frameworks/Python.framework/Versions/3.11/lib/python3.11/site-packages (from cibuildwheel==2.11.3) (2022.12.7)
2022-12-27T11:07:38.9347980Z Requirement already satisfied: filelock in /Library/Frameworks/Python.framework/Versions/3.11/lib/python3.11/site-packages (from cibuildwheel==2.11.3) (3.8.2)
2022-12-27T11:07:38.9357610Z Requirement already satisfied: packaging>=20.9 in /Library/Frameworks/Python.framework/Versions/3.11/lib/python3.11/site-packages (from cibuildwheel==2.11.3) (22.0)
2022-12-27T11:07:38.9366190Z Requirement already satisfied: platformdirs in /Library/Frameworks/Python.framework/Versions/3.11/lib/python3.11/site-packages (from cibuildwheel==2.11.3) (2.6.0)
2022-12-27T11:07:39.1625210Z 
2022-12-27T11:07:39.1625520Z      _ _       _ _   _       _           _
2022-12-27T11:07:39.1625960Z  ___|_| |_ _ _|_| |_| |_ _ _| |_ ___ ___| |
2022-12-27T11:07:39.1626470Z |  _| | . | | | | | . | | | |   | -_| -_| |
2022-12-27T11:07:39.1626740Z |___|_|___|___|_|_|___|_____|_|_|___|___|_|
2022-12-27T11:07:39.1626910Z 
2022-12-27T11:07:39.1627090Z cibuildwheel version 2.11.3
2022-12-27T11:07:39.1627220Z 
2022-12-27T11:07:39.1627310Z Build options:
2022-12-27T11:07:39.1627460Z   platform: macos
2022-12-27T11:07:39.1680640Z   architectures: arm64[0m
2022-12-27T11:07:39.1681680Z   build_selector: 
2022-12-27T11:07:39.1682940Z     build_config: cp311-macosx_arm64
2022-12-27T11:07:39.1683310Z     skip_config: 
2022-12-27T11:07:39.1683880Z     requires_python: None
2022-12-27T11:07:39.1684420Z     prerelease_pythons: False[0m
2022-12-27T11:07:39.1685020Z   [38;5;244mcontainer_engine: docker[0m
2022-12-27T11:07:39.1685750Z   output_dir: /Users/runner/actions-runner/_work/python.build/python.build/build_lxml215311/wheelsout[0m
2022-12-27T11:07:39.1686530Z   package_dir: /Users/runner/actions-runner/_work/python.build/python.build/build_lxml215311/lxml-2.1.5[0m
2022-12-27T11:07:39.1687190Z   test_selector: 
2022-12-27T11:07:39.1687600Z     skip_config: *_arm64[0m
2022-12-27T11:07:39.1688060Z   [38;5;244mbefore_all: [0m
2022-12-27T11:07:39.1688920Z   before_build: pip install Cython; if [[ -f requirements.txt ]]; then pip install -r requirements.txt; fi[0m
2022-12-27T11:07:39.1689430Z   [38;5;244mbefore_test: [0m
2022-12-27T11:07:39.1689890Z   [38;5;244mbuild_frontend: pip[0m
2022-12-27T11:07:39.1690330Z   build_verbosity: 3[0m
2022-12-27T11:07:39.1690760Z   [38;5;244mconfig_settings: [0m
2022-12-27T11:07:39.1691440Z   [38;5;244mdependency_constraints: pinned[0m
2022-12-27T11:07:39.1691820Z   environment: 
2022-12-27T11:07:39.1692230Z     CFLAGS="-I/usr/local/opt/openssl@3/include"
2022-12-27T11:07:39.1692750Z     LDFLAGS="-L/usr/local/opt/openssl@3/lib"
2022-12-27T11:07:39.1693520Z     CPPFLAGS="-I/usr/local/opt/openssl@3/include"
2022-12-27T11:07:39.1694020Z     MAKEFLAGS="-j$(sysctl -n hw.logicalcpu)"
2022-12-27T11:07:39.1694400Z     PATH=/usr/local/opt/ccache/libexec:$PATH[0m
2022-12-27T11:07:39.1694800Z   [38;5;244mmanylinux_images: None[0m
2022-12-27T11:07:39.1695180Z   [38;5;244mmusllinux_images: None[0m
2022-12-27T11:07:39.1695790Z   [38;5;244mrepair_command: delocate-wheel --require-archs {delocate_archs} -w {dest_dir} -v {wheel}[0m
2022-12-27T11:07:39.1696240Z   [38;5;244mtest_command: [0m
2022-12-27T11:07:39.1696600Z   [38;5;244mtest_extras: [0m
2022-12-27T11:07:39.1696910Z   [38;5;244mtest_requires: [0m
2022-12-27T11:07:39.1697090Z 
2022-12-27T11:07:39.1697270Z Cache folder: /Users/runner/Library/Caches/cibuildwheel
2022-12-27T11:07:39.1697650Z 
2022-12-27T11:07:39.1698070Z Here we go!
2022-12-27T11:07:39.1698230Z 
2022-12-27T11:07:39.1741000Z 
2022-12-27T11:07:39.1741560Z [1m[34mBuilding cp311-macosx_arm64 wheel[0m
2022-12-27T11:07:39.1741990Z CPython 3.11 macOS arm64 - Apple Silicon
2022-12-27T11:07:39.1742150Z 
2022-12-27T11:07:39.1744360Z ##[group]Installing Python cp311...
2022-12-27T11:07:39.1744650Z 
2022-12-27T11:07:39.1744870Z + pkgutil --pkgs
2022-12-27T11:07:39.1844980Z ##[endgroup]
2022-12-27T11:07:39.1846300Z                                                               [32mâœ“ [0m0.01s
2022-12-27T11:07:39.1846770Z ##[group]Setting up build environment...
2022-12-27T11:07:39.1846890Z 
2022-12-27T11:07:39.1864270Z + /Library/Frameworks/Python.framework/Versions/3.11/bin/python -sS /Users/runner/Library/Caches/cibuildwheel/virtualenv-20.17.0.pyz --activators= --no-periodic-update --pip=22.3.1 --setuptools=65.6.3 --wheel=0.38.4 --symlink-app-data --python /Library/Frameworks/Python.framework/Versions/3.11/bin/python3 /private/var/folders/51/hd414ycd67n82196sw51xqtc0000gn/T/cibw-run-7sle58ay/cp311-macosx_arm64/build/venv
2022-12-27T11:07:39.3770480Z created virtual environment CPython3.11.1.final.0-64 in 48ms
2022-12-27T11:07:39.3771060Z   creator CPython3Posix(dest=/private/var/folders/51/hd414ycd67n82196sw51xqtc0000gn/T/cibw-run-7sle58ay/cp311-macosx_arm64/build/venv, clear=False, no_vcs_ignore=False, global=False)
2022-12-27T11:07:39.3771480Z   seeder FromAppData(download=False, pip=22.3.1, setuptools=65.6.3, wheel=0.38.4, via=symlink, app_data_dir=/Users/runner/Library/Application Support/virtualenv)
2022-12-27T11:07:39.3771960Z     added seed packages: pip==22.3.1, setuptools==65.6.3, wheel==0.38.4
2022-12-27T11:07:39.3897970Z + python -m pip install --upgrade pip -c /Library/Frameworks/Python.framework/Versions/3.11/lib/python3.11/site-packages/cibuildwheel/resources/constraints-python311.txt
2022-12-27T11:07:39.6624420Z Requirement already satisfied: pip in ./lib/python3.11/site-packages (22.3.1)
2022-12-27T11:07:39.7923040Z + which pip
2022-12-27T11:07:39.7938900Z /private/var/folders/51/hd414ycd67n82196sw51xqtc0000gn/T/cibw-run-7sle58ay/cp311-macosx_arm64/build/venv/bin/pip
2022-12-27T11:07:39.7940720Z + pip --version
2022-12-27T11:07:39.9929050Z pip 22.3.1 from /private/var/folders/51/hd414ycd67n82196sw51xqtc0000gn/T/cibw-run-7sle58ay/cp311-macosx_arm64/build/venv/lib/python3.11/site-packages/pip (python 3.11)
2022-12-27T11:07:40.0168390Z + which pip
2022-12-27T11:07:40.0195230Z + which python
2022-12-27T11:07:40.0213740Z /private/var/folders/51/hd414ycd67n82196sw51xqtc0000gn/T/cibw-run-7sle58ay/cp311-macosx_arm64/build/venv/bin/python
2022-12-27T11:07:40.0215830Z + python --version
2022-12-27T11:07:40.0271500Z Python 3.11.1
2022-12-27T11:07:40.0274520Z + which python
2022-12-27T11:07:40.0324720Z ##[endgroup]
2022-12-27T11:07:40.0325410Z                                                               [32mâœ“ [0m0.85s
2022-12-27T11:07:40.0326210Z ##[group]Installing build tools...
2022-12-27T11:07:40.0326380Z 
2022-12-27T11:07:40.0326830Z + pip install --upgrade setuptools wheel delocate -c /Library/Frameworks/Python.framework/Versions/3.11/lib/python3.11/site-packages/cibuildwheel/resources/constraints-python311.txt
2022-12-27T11:07:40.3106590Z Requirement already satisfied: setuptools in /private/var/folders/51/hd414ycd67n82196sw51xqtc0000gn/T/cibw-run-7sle58ay/cp311-macosx_arm64/build/venv/lib/python3.11/site-packages (65.6.3)
2022-12-27T11:07:40.4885250Z Requirement already satisfied: wheel in /private/var/folders/51/hd414ycd67n82196sw51xqtc0000gn/T/cibw-run-7sle58ay/cp311-macosx_arm64/build/venv/lib/python3.11/site-packages (0.38.4)
2022-12-27T11:07:40.5286330Z Collecting delocate
2022-12-27T11:07:40.5308350Z   Using cached delocate-0.10.3-py3-none-any.whl (142 kB)
2022-12-27T11:07:40.5569590Z Collecting packaging>=20.9
2022-12-27T11:07:40.5587850Z   Using cached packaging-21.3-py3-none-any.whl (40 kB)
2022-12-27T11:07:40.5734490Z Collecting typing-extensions
2022-12-27T11:07:40.5752100Z   Using cached typing_extensions-4.4.0-py3-none-any.whl (26 kB)
2022-12-27T11:07:40.6057970Z Collecting pyparsing!=3.0.5,>=2.0.2
2022-12-27T11:07:40.6075510Z   Using cached pyparsing-3.0.9-py3-none-any.whl (98 kB)
2022-12-27T11:07:40.6642300Z Installing collected packages: typing-extensions, pyparsing, packaging, delocate
2022-12-27T11:07:40.7967240Z Successfully installed delocate-0.10.3 packaging-21.3 pyparsing-3.0.9 typing-extensions-4.4.0
2022-12-27T11:07:40.8437070Z ##[endgroup]
2022-12-27T11:07:40.8437710Z                                                               [32mâœ“ [0m0.81s
2022-12-27T11:07:40.8438290Z ##[group]Running before_build...
2022-12-27T11:07:40.8438450Z 
2022-12-27T11:07:40.8441510Z + pip install Cython; if [[ -f requirements.txt ]]; then pip install -r requirements.txt; fi
2022-12-27T11:07:41.4323320Z Collecting Cython
2022-12-27T11:07:41.4366200Z   Using cached Cython-0.29.32-py2.py3-none-any.whl (986 kB)
2022-12-27T11:07:41.4788090Z Installing collected packages: Cython
2022-12-27T11:07:41.8992000Z Successfully installed Cython-0.29.32
2022-12-27T11:07:41.9436720Z ##[endgroup]
2022-12-27T11:07:41.9437440Z                                                               [32mâœ“ [0m1.10s
2022-12-27T11:07:41.9437880Z ##[group]Building wheel...
2022-12-27T11:07:41.9438020Z 
2022-12-27T11:07:41.9441520Z + python -m pip wheel /Users/runner/actions-runner/_work/python.build/python.build/build_lxml215311/lxml-2.1.5 --wheel-dir=/private/var/folders/51/hd414ycd67n82196sw51xqtc0000gn/T/cibw-run-7sle58ay/cp311-macosx_arm64/built_wheel --no-deps -vvv
2022-12-27T11:07:42.1978750Z Created temporary directory: /private/var/folders/51/hd414ycd67n82196sw51xqtc0000gn/T/pip-ephem-wheel-cache-0ozk973x
2022-12-27T11:07:42.1982660Z Created temporary directory: /private/var/folders/51/hd414ycd67n82196sw51xqtc0000gn/T/pip-build-tracker-7g5cnch2
2022-12-27T11:07:42.1984720Z Initialized build tracking at /private/var/folders/51/hd414ycd67n82196sw51xqtc0000gn/T/pip-build-tracker-7g5cnch2
2022-12-27T11:07:42.1985720Z Created build tracker: /private/var/folders/51/hd414ycd67n82196sw51xqtc0000gn/T/pip-build-tracker-7g5cnch2
2022-12-27T11:07:42.1987330Z Entered build tracker: /private/var/folders/51/hd414ycd67n82196sw51xqtc0000gn/T/pip-build-tracker-7g5cnch2
2022-12-27T11:07:42.1990290Z Created temporary directory: /private/var/folders/51/hd414ycd67n82196sw51xqtc0000gn/T/pip-wheel-ef60gi06
2022-12-27T11:07:42.1995510Z Created temporary directory: /private/var/folders/51/hd414ycd67n82196sw51xqtc0000gn/T/pip-ephem-wheel-cache-p6ctwdbp
2022-12-27T11:07:42.2069480Z Processing /Users/runner/actions-runner/_work/python.build/python.build/build_lxml215311/lxml-2.1.5
2022-12-27T11:07:42.2074130Z   Added file:///Users/runner/actions-runner/_work/python.build/python.build/build_lxml215311/lxml-2.1.5 to build tracker '/private/var/folders/51/hd414ycd67n82196sw51xqtc0000gn/T/pip-build-tracker-7g5cnch2'
2022-12-27T11:07:42.2077260Z   Running setup.py (path:/Users/runner/actions-runner/_work/python.build/python.build/build_lxml215311/lxml-2.1.5/setup.py) egg_info for package from file:///Users/runner/actions-runner/_work/python.build/python.build/build_lxml215311/lxml-2.1.5
2022-12-27T11:07:42.2079960Z   Created temporary directory: /private/var/folders/51/hd414ycd67n82196sw51xqtc0000gn/T/pip-pip-egg-info-f9sxeqif
2022-12-27T11:07:42.2081020Z   Preparing metadata (setup.py): started
2022-12-27T11:07:42.2082460Z   Running command python setup.py egg_info
2022-12-27T11:07:42.5609710Z   Building lxml version 2.1.5.
2022-12-27T11:07:42.5610360Z   Building with Cython 0.29.32.
2022-12-27T11:07:42.5611440Z   Using build configuration of libxslt 1.1.29
2022-12-27T11:07:42.5612890Z   Building against libxml2/libxslt in the following directory: /Library/Developer/CommandLineTools/SDKs/MacOSX12.1.sdk/usr/lib
2022-12-27T11:07:42.5613750Z   running egg_info
2022-12-27T11:07:42.5615710Z   creating /private/var/folders/51/hd414ycd67n82196sw51xqtc0000gn/T/pip-pip-egg-info-f9sxeqif/lxml.egg-info
2022-12-27T11:07:42.5618610Z   writing /private/var/folders/51/hd414ycd67n82196sw51xqtc0000gn/T/pip-pip-egg-info-f9sxeqif/lxml.egg-info/PKG-INFO
2022-12-27T11:07:42.5621840Z   writing dependency_links to /private/var/folders/51/hd414ycd67n82196sw51xqtc0000gn/T/pip-pip-egg-info-f9sxeqif/lxml.egg-info/dependency_links.txt
2022-12-27T11:07:42.5625590Z   writing top-level names to /private/var/folders/51/hd414ycd67n82196sw51xqtc0000gn/T/pip-pip-egg-info-f9sxeqif/lxml.egg-info/top_level.txt
2022-12-27T11:07:42.5627180Z   writing manifest file '/private/var/folders/51/hd414ycd67n82196sw51xqtc0000gn/T/pip-pip-egg-info-f9sxeqif/lxml.egg-info/SOURCES.txt'
2022-12-27T11:07:42.5680350Z   reading manifest file '/private/var/folders/51/hd414ycd67n82196sw51xqtc0000gn/T/pip-pip-egg-info-f9sxeqif/lxml.egg-info/SOURCES.txt'
2022-12-27T11:07:42.5682720Z   reading manifest template 'MANIFEST.in'
2022-12-27T11:07:42.6421970Z   adding license file 'LICENSES.txt'
2022-12-27T11:07:42.6473910Z   writing manifest file '/private/var/folders/51/hd414ycd67n82196sw51xqtc0000gn/T/pip-pip-egg-info-f9sxeqif/lxml.egg-info/SOURCES.txt'
2022-12-27T11:07:42.6737180Z   Preparing metadata (setup.py): finished with status 'done'
2022-12-27T11:07:42.6759110Z   Source in /Users/runner/actions-runner/_work/python.build/python.build/build_lxml215311/lxml-2.1.5 has version 2.1.5, which satisfies requirement lxml==2.1.5 from file:///Users/runner/actions-runner/_work/python.build/python.build/build_lxml215311/lxml-2.1.5
2022-12-27T11:07:42.6762170Z   Removed lxml==2.1.5 from file:///Users/runner/actions-runner/_work/python.build/python.build/build_lxml215311/lxml-2.1.5 from build tracker '/private/var/folders/51/hd414ycd67n82196sw51xqtc0000gn/T/pip-build-tracker-7g5cnch2'
2022-12-27T11:07:42.6777600Z Created temporary directory: /private/var/folders/51/hd414ycd67n82196sw51xqtc0000gn/T/pip-unpack-4cg3a2f8
2022-12-27T11:07:42.6779690Z Building wheels for collected packages: lxml
2022-12-27T11:07:42.6785210Z   Created temporary directory: /private/var/folders/51/hd414ycd67n82196sw51xqtc0000gn/T/pip-wheel-9p8yw78h
2022-12-27T11:07:42.6786200Z   Building wheel for lxml (setup.py): started
2022-12-27T11:07:42.6787630Z   Destination directory: /private/var/folders/51/hd414ycd67n82196sw51xqtc0000gn/T/pip-wheel-9p8yw78h
2022-12-27T11:07:42.6788680Z   Running command python setup.py bdist_wheel
2022-12-27T11:07:42.9179500Z   Building lxml version 2.1.5.
2022-12-27T11:07:42.9181140Z   Building with Cython 0.29.32.
2022-12-27T11:07:42.9184970Z   Using build configuration of libxslt 1.1.29
2022-12-27T11:07:43.0134270Z   Building against libxml2/libxslt in the following directory: /Library/Developer/CommandLineTools/SDKs/MacOSX12.1.sdk/usr/lib
2022-12-27T11:07:43.0361820Z   running bdist_wheel
2022-12-27T11:07:43.0401090Z   running build
2022-12-27T11:07:43.0402700Z   running build_py
2022-12-27T11:07:43.0422780Z   creating build
2022-12-27T11:07:43.0424510Z   creating build/lib.macosx-11.0-arm64-cpython-311
2022-12-27T11:07:43.0425860Z   creating build/lib.macosx-11.0-arm64-cpython-311/lxml
2022-12-27T11:07:43.0427410Z   copying src/lxml/_elementpath.py -> build/lib.macosx-11.0-arm64-cpython-311/lxml
2022-12-27T11:07:43.0429530Z   copying src/lxml/sax.py -> build/lib.macosx-11.0-arm64-cpython-311/lxml
2022-12-27T11:07:43.0432330Z   copying src/lxml/pyclasslookup.py -> build/lib.macosx-11.0-arm64-cpython-311/lxml
2022-12-27T11:07:43.0435380Z   copying src/lxml/__init__.py -> build/lib.macosx-11.0-arm64-cpython-311/lxml
2022-12-27T11:07:43.0438500Z   copying src/lxml/builder.py -> build/lib.macosx-11.0-arm64-cpython-311/lxml
2022-12-27T11:07:43.0441930Z   copying src/lxml/doctestcompare.py -> build/lib.macosx-11.0-arm64-cpython-311/lxml
2022-12-27T11:07:43.0444640Z   copying src/lxml/usedoctest.py -> build/lib.macosx-11.0-arm64-cpython-311/lxml
2022-12-27T11:07:43.0447090Z   copying src/lxml/cssselect.py -> build/lib.macosx-11.0-arm64-cpython-311/lxml
2022-12-27T11:07:43.0450260Z   copying src/lxml/ElementInclude.py -> build/lib.macosx-11.0-arm64-cpython-311/lxml
2022-12-27T11:07:43.0456960Z   creating build/lib.macosx-11.0-arm64-cpython-311/lxml/html
2022-12-27T11:07:43.0458690Z   copying src/lxml/html/soupparser.py -> build/lib.macosx-11.0-arm64-cpython-311/lxml/html
2022-12-27T11:07:43.0461550Z   copying src/lxml/html/defs.py -> build/lib.macosx-11.0-arm64-cpython-311/lxml/html
2022-12-27T11:07:43.0463340Z   copying src/lxml/html/_setmixin.py -> build/lib.macosx-11.0-arm64-cpython-311/lxml/html
2022-12-27T11:07:43.0466160Z   copying src/lxml/html/clean.py -> build/lib.macosx-11.0-arm64-cpython-311/lxml/html
2022-12-27T11:07:43.0468540Z   copying src/lxml/html/_diffcommand.py -> build/lib.macosx-11.0-arm64-cpython-311/lxml/html
2022-12-27T11:07:43.0471150Z   copying src/lxml/html/__init__.py -> build/lib.macosx-11.0-arm64-cpython-311/lxml/html
2022-12-27T11:07:43.0474580Z   copying src/lxml/html/formfill.py -> build/lib.macosx-11.0-arm64-cpython-311/lxml/html
2022-12-27T11:07:43.0476930Z   copying src/lxml/html/builder.py -> build/lib.macosx-11.0-arm64-cpython-311/lxml/html
2022-12-27T11:07:43.0479530Z   copying src/lxml/html/ElementSoup.py -> build/lib.macosx-11.0-arm64-cpython-311/lxml/html
2022-12-27T11:07:43.0481630Z   copying src/lxml/html/usedoctest.py -> build/lib.macosx-11.0-arm64-cpython-311/lxml/html
2022-12-27T11:07:43.0484120Z   copying src/lxml/html/diff.py -> build/lib.macosx-11.0-arm64-cpython-311/lxml/html
2022-12-27T11:07:43.0486920Z   copying src/lxml/html/_dictmixin.py -> build/lib.macosx-11.0-arm64-cpython-311/lxml/html
2022-12-27T11:07:43.0496530Z   running build_ext
2022-12-27T11:07:43.0625290Z   skipping 'src/lxml/lxml.etree.c' Cython extension (up-to-date)
2022-12-27T11:07:43.0628770Z   skipping 'src/lxml/lxml.objectify.c' Cython extension (up-to-date)
2022-12-27T11:07:43.0629880Z   building 'lxml.etree' extension
2022-12-27T11:07:43.0631210Z   creating build/temp.macosx-11.0-arm64-cpython-311
2022-12-27T11:07:43.0632350Z   creating build/temp.macosx-11.0-arm64-cpython-311/src
2022-12-27T11:07:43.0633760Z   creating build/temp.macosx-11.0-arm64-cpython-311/src/lxml
2022-12-27T11:07:43.0635710Z   clang -Wsign-compare -Wunreachable-code -fno-common -dynamic -DNDEBUG -g -fwrapv -O3 -Wall -g -I/usr/local/opt/openssl@3/include -I/usr/local/opt/openssl@3/include -arch arm64 -I/Library/Developer/CommandLineTools/SDKs/MacOSX12.1.sdk/usr/include -I/private/var/folders/51/hd414ycd67n82196sw51xqtc0000gn/T/cibw-run-7sle58ay/cp311-macosx_arm64/build/venv/include -I/Library/Frameworks/Python.framework/Versions/3.11/include/python3.11 -c src/lxml/lxml.etree.c -o build/temp.macosx-11.0-arm64-cpython-311/src/lxml/lxml.etree.o -w -flat_namespace
2022-12-27T11:07:43.5008550Z   src/lxml/lxml.etree.c:105747:5: error: expression is not assignable
2022-12-27T11:07:43.5009450Z       ++Py_REFCNT(o);
2022-12-27T11:07:43.5010890Z       ^ ~~~~~~~~~~~~
2022-12-27T11:07:43.5012420Z   src/lxml/lxml.etree.c:105750:5: error: expression is not assignable
2022-12-27T11:07:43.5013900Z       --Py_REFCNT(o);
2022-12-27T11:07:43.5015160Z       ^ ~~~~~~~~~~~~
2022-12-27T11:07:43.5018490Z   src/lxml/lxml.etree.c:106182:5: error: expression is not assignable
2022-12-27T11:07:43.5019710Z       ++Py_REFCNT(o);
2022-12-27T11:07:43.5020670Z       ^ ~~~~~~~~~~~~
2022-12-27T11:07:43.5021840Z   src/lxml/lxml.etree.c:106185:5: error: expression is not assignable
2022-12-27T11:07:43.5023060Z       --Py_REFCNT(o);
2022-12-27T11:07:43.5023970Z       ^ ~~~~~~~~~~~~
2022-12-27T11:07:43.5222490Z   src/lxml/lxml.etree.c:114606:5: error: expression is not assignable
2022-12-27T11:07:43.5223730Z       ++Py_REFCNT(o);
2022-12-27T11:07:43.5225050Z       ^ ~~~~~~~~~~~~
2022-12-27T11:07:43.5226500Z   src/lxml/lxml.etree.c:114609:5: error: expression is not assignable
2022-12-27T11:07:43.5227880Z       --Py_REFCNT(o);
2022-12-27T11:07:43.5228600Z       ^ ~~~~~~~~~~~~
2022-12-27T11:07:43.5236230Z   src/lxml/lxml.etree.c:115171:5: error: expression is not assignable
2022-12-27T11:07:43.5237150Z       ++Py_REFCNT(o);
2022-12-27T11:07:43.5238440Z       ^ ~~~~~~~~~~~~
2022-12-27T11:07:43.5239470Z   src/lxml/lxml.etree.c:115174:5: error: expression is not assignable
2022-12-27T11:07:43.5240560Z       --Py_REFCNT(o);
2022-12-27T11:07:43.5241570Z       ^ ~~~~~~~~~~~~
2022-12-27T11:07:43.5246080Z   src/lxml/lxml.etree.c:115550:5: error: expression is not assignable
2022-12-27T11:07:43.5247150Z       ++Py_REFCNT(o);
2022-12-27T11:07:43.5248240Z       ^ ~~~~~~~~~~~~
2022-12-27T11:07:43.5249420Z   src/lxml/lxml.etree.c:115553:5: error: expression is not assignable
2022-12-27T11:07:43.5250520Z       --Py_REFCNT(o);
2022-12-27T11:07:43.5251550Z       ^ ~~~~~~~~~~~~
2022-12-27T11:07:43.5252690Z   src/lxml/lxml.etree.c:115723:5: error: expression is not assignable
2022-12-27T11:07:43.5253940Z       ++Py_REFCNT(o);
2022-12-27T11:07:43.5254960Z       ^ ~~~~~~~~~~~~
2022-12-27T11:07:43.5256200Z   src/lxml/lxml.etree.c:115726:5: error: expression is not assignable
2022-12-27T11:07:43.5257290Z       --Py_REFCNT(o);
2022-12-27T11:07:43.5258190Z       ^ ~~~~~~~~~~~~
2022-12-27T11:07:43.5358910Z   src/lxml/lxml.etree.c:119523:5: error: expression is not assignable
2022-12-27T11:07:43.5360050Z       ++Py_REFCNT(o);
2022-12-27T11:07:43.5360990Z       ^ ~~~~~~~~~~~~
2022-12-27T11:07:43.5362240Z   src/lxml/lxml.etree.c:119526:5: error: expression is not assignable
2022-12-27T11:07:43.5363320Z       --Py_REFCNT(o);
2022-12-27T11:07:43.5364260Z       ^ ~~~~~~~~~~~~
2022-12-27T11:07:43.5372610Z   src/lxml/lxml.etree.c:120073:5: error: expression is not assignable
2022-12-27T11:07:43.5373810Z       ++Py_REFCNT(o);
2022-12-27T11:07:43.5374710Z       ^ ~~~~~~~~~~~~
2022-12-27T11:07:43.5376010Z   src/lxml/lxml.etree.c:120076:5: error: expression is not assignable
2022-12-27T11:07:43.5377170Z       --Py_REFCNT(o);
2022-12-27T11:07:43.5378040Z       ^ ~~~~~~~~~~~~
2022-12-27T11:07:43.5384810Z   src/lxml/lxml.etree.c:120609:5: error: expression is not assignable
2022-12-27T11:07:43.5385930Z       ++Py_REFCNT(o);
2022-12-27T11:07:43.5386980Z       ^ ~~~~~~~~~~~~
2022-12-27T11:07:43.5388380Z   src/lxml/lxml.etree.c:120612:5: error: expression is not assignable
2022-12-27T11:07:43.5389230Z       --Py_REFCNT(o);
2022-12-27T11:07:43.5390210Z       ^ ~~~~~~~~~~~~
2022-12-27T11:07:43.5394870Z   src/lxml/lxml.etree.c:120984:5: error: expression is not assignable
2022-12-27T11:07:43.5396050Z       ++Py_REFCNT(o);
2022-12-27T11:07:43.5396890Z       ^ ~~~~~~~~~~~~
2022-12-27T11:07:43.5398290Z   fatal error: too many errors emitted, stopping now [-ferror-limit=]
2022-12-27T11:07:43.5846850Z   20 errors generated.
2022-12-27T11:07:43.5885330Z   error: command '/usr/bin/clang' failed with exit code 1
2022-12-27T11:07:43.6226260Z   error: subprocess-exited-with-error
2022-12-27T11:07:43.6226520Z   
2022-12-27T11:07:43.6293140Z   Ã— python setup.py bdist_wheel did not run successfully.
2022-12-27T11:07:43.6293570Z   â”‚ exit code: 1
2022-12-27T11:07:43.6293810Z   â•°â”€> See above for output.
2022-12-27T11:07:43.6293950Z   
2022-12-27T11:07:43.6294180Z   note: This error originates from a subprocess, and is likely not a problem with pip.
2022-12-27T11:07:43.6294630Z   full command: /private/var/folders/51/hd414ycd67n82196sw51xqtc0000gn/T/cibw-run-7sle58ay/cp311-macosx_arm64/build/venv/bin/python -u -c '
2022-12-27T11:07:43.6294910Z   exec(compile('"'"''"'"''"'"'
2022-12-27T11:07:43.6295230Z   # This is <pip-setuptools-caller> -- a caller that pip uses to run setup.py
2022-12-27T11:07:43.6295430Z   #
2022-12-27T11:07:43.6295650Z   # - It imports setuptools before invoking setup.py, to enable projects that directly
2022-12-27T11:07:43.6295860Z   #   import from `distutils.core` to work with newer packaging standards.
2022-12-27T11:07:43.6296150Z   # - It provides a clear error message when setuptools is not installed.
2022-12-27T11:07:43.6296460Z   # - It sets `sys.argv[0]` to the underlying `setup.py`, when invoking `setup.py` so
2022-12-27T11:07:43.6296750Z   #   setuptools doesn'"'"'t think the script is `-c`. This avoids the following warning:
2022-12-27T11:07:43.6297050Z   #     manifest_maker: standard file '"'"'-c'"'"' not found".
2022-12-27T11:07:43.6297340Z   # - It generates a shim setup.py, for handling setup.cfg-only projects.
2022-12-27T11:07:43.6297570Z   import os, sys, tokenize
2022-12-27T11:07:43.6297810Z   Building wheel for lxml (setup.py): finished with status 'error'
2022-12-27T11:07:43.6298430Z   Running setup.py clean for lxml
2022-12-27T11:07:43.6298760Z   
2022-12-27T11:07:43.6298890Z   try:
2022-12-27T11:07:43.6299070Z       import setuptools
2022-12-27T11:07:43.6299260Z   except ImportError as error:
2022-12-27T11:07:43.6299410Z       print(
2022-12-27T11:07:43.6299630Z           "ERROR: Can not execute `setup.py` since setuptools is not available in "
2022-12-27T11:07:43.6299850Z           "the build environment.",
2022-12-27T11:07:43.6300040Z           file=sys.stderr,
2022-12-27T11:07:43.6300190Z       )
2022-12-27T11:07:43.6300330Z       sys.exit(1)
2022-12-27T11:07:43.6300490Z   
2022-12-27T11:07:43.6300610Z   __file__ = %r
2022-12-27T11:07:43.6300790Z   sys.argv[0] = __file__
2022-12-27T11:07:43.6300930Z   
2022-12-27T11:07:43.6301070Z   if os.path.exists(__file__):
2022-12-27T11:07:43.6301390Z       filename = __file__
2022-12-27T11:07:43.6301590Z       with tokenize.open(__file__) as f:
2022-12-27T11:07:43.6301750Z           setup_py_code = f.read()
2022-12-27T11:07:43.6301920Z   else:
2022-12-27T11:07:43.6302310Z       filename = "<auto-generated setuptools caller>"
2022-12-27T11:07:43.6302720Z       setup_py_code = "from setuptools import setup; setup()"
2022-12-27T11:07:43.6302890Z   
2022-12-27T11:07:43.6303080Z   exec(compile(setup_py_code, filename, "exec"))
2022-12-27T11:07:43.6303570Z   '"'"''"'"''"'"' % ('"'"'/Users/runner/actions-runner/_work/python.build/python.build/build_lxml215311/lxml-2.1.5/setup.py'"'"',), "<pip-setuptools-caller>", "exec"))' bdist_wheel -d /private/var/folders/51/hd414ycd67n82196sw51xqtc0000gn/T/pip-wheel-9p8yw78h
2022-12-27T11:07:43.6304030Z   cwd: /Users/runner/actions-runner/_work/python.build/python.build/build_lxml215311/lxml-2.1.5/
2022-12-27T11:07:43.6304240Z   ERROR: Failed building wheel for lxml
2022-12-27T11:07:43.6304660Z   Running command python setup.py clean
2022-12-27T11:07:43.8505870Z   Building lxml version 2.1.5.
2022-12-27T11:07:43.8507170Z   Building with Cython 0.29.32.
2022-12-27T11:07:43.8640900Z   Using build configuration of libxslt 1.1.29
2022-12-27T11:07:43.9598450Z   Building against libxml2/libxslt in the following directory: /Library/Developer/CommandLineTools/SDKs/MacOSX12.1.sdk/usr/lib
2022-12-27T11:07:43.9726040Z   running clean
2022-12-27T11:07:43.9751450Z   removing 'build/temp.macosx-11.0-arm64-cpython-311' (and everything under it)
2022-12-27T11:07:43.9756120Z   removing 'build/lib.macosx-11.0-arm64-cpython-311' (and everything under it)
2022-12-27T11:07:43.9773590Z   'build/bdist.macosx-11.0-arm64' does not exist -- can't clean it
2022-12-27T11:07:43.9774780Z   'build/scripts-3.11' does not exist -- can't clean it
2022-12-27T11:07:43.9776030Z   removing 'build'
2022-12-27T11:07:44.0041100Z Failed to build lxml
2022-12-27T11:07:44.0044850Z ERROR: Failed to build one or more wheels
2022-12-27T11:07:44.0058560Z Exception information:
2022-12-27T11:07:44.0058840Z Traceback (most recent call last):
2022-12-27T11:07:44.0066100Z   File "/private/var/folders/51/hd414ycd67n82196sw51xqtc0000gn/T/cibw-run-7sle58ay/cp311-macosx_arm64/build/venv/lib/python3.11/site-packages/pip/_internal/cli/base_command.py", line 160, in exc_logging_wrapper
2022-12-27T11:07:44.0066570Z     status = run_func(*args)
2022-12-27T11:07:44.0066760Z              ^^^^^^^^^^^^^^^
2022-12-27T11:07:44.0067280Z   File "/private/var/folders/51/hd414ycd67n82196sw51xqtc0000gn/T/cibw-run-7sle58ay/cp311-macosx_arm64/build/venv/lib/python3.11/site-packages/pip/_internal/cli/req_command.py", line 247, in wrapper
2022-12-27T11:07:44.0067600Z     return func(self, options, args)
2022-12-27T11:07:44.0067790Z            ^^^^^^^^^^^^^^^^^^^^^^^^^
2022-12-27T11:07:44.0068180Z   File "/private/var/folders/51/hd414ycd67n82196sw51xqtc0000gn/T/cibw-run-7sle58ay/cp311-macosx_arm64/build/venv/lib/python3.11/site-packages/pip/_internal/commands/wheel.py", line 201, in run
2022-12-27T11:07:44.0068530Z     raise CommandError("Failed to build one or more wheels")
2022-12-27T11:07:44.0068770Z pip._internal.exceptions.CommandError: Failed to build one or more wheels
2022-12-27T11:07:44.0069520Z Removed build tracker: '/private/var/folders/51/hd414ycd67n82196sw51xqtc0000gn/T/pip-build-tracker-7g5cnch2'
2022-12-27T11:07:44.0505780Z ##[endgroup]
2022-12-27T11:07:44.0529110Z ##[error]Command ['python', '-m', 'pip', 'wheel', '/Users/runner/actions-runner/_work/python.build/python.build/build_lxml215311/lxml-2.1.5', '--wheel-dir=/private/var/folders/51/hd414ycd67n82196sw51xqtc0000gn/T/cibw-run-7sle58ay/cp311-macosx_arm64/built_wheel', '--no-deps', '-vvv'] failed with code 1. None
2022-12-27T11:07:44.0535590Z 
2022-12-27T11:07:44.0535910Z                                                               [31mâœ• [0m2.11s
2022-12-27T11:07:44.0998890Z ##[error]Process completed with exit code 1.
2022-12-27T11:07:44.1031780Z ##[group]Run rm -rf build_lxml215311 wheelsout
2022-12-27T11:07:44.1032040Z [36;1mrm -rf build_lxml215311 wheelsout[0m
2022-12-27T11:07:44.1048400Z shell: /bin/bash -e {0}
2022-12-27T11:07:44.1048610Z env:
2022-12-27T11:07:44.1048850Z   pythonLocation: /Users/runner/hostedtoolcache/Python/3.11.1/x64
2022-12-27T11:07:44.1049060Z   PKG_CONFIG_PATH: /Users/runner/hostedtoolcache/Python/3.11.1/x64/lib/pkgconfig
2022-12-27T11:07:44.1049310Z   Python_ROOT_DIR: /Users/runner/hostedtoolcache/Python/3.11.1/x64
2022-12-27T11:07:44.1049550Z   Python2_ROOT_DIR: /Users/runner/hostedtoolcache/Python/3.11.1/x64
2022-12-27T11:07:44.1049790Z   Python3_ROOT_DIR: /Users/runner/hostedtoolcache/Python/3.11.1/x64
2022-12-27T11:07:44.1050030Z ##[endgroup]
2022-12-27T11:07:44.1584140Z Cleaning up orphan processes
