2022-12-27T01:55:05.0394032Z Requested labels: self-hosted, macOS, X64
2022-12-27T01:55:05.0394120Z Job defined at: kilnbuild/python.build/.github/workflows/mac_arm_build.yml@refs/heads/main
2022-12-27T01:55:05.0394154Z Waiting for a runner to pick up this job...
2022-12-27T02:24:37.5939956Z Job is about to start running on the runner: s1 (organization)
2022-12-27T02:24:42.0446430Z Current runner version: '2.300.2'
2022-12-27T02:24:42.0451320Z Runner name: 's1'
2022-12-27T02:24:42.0451570Z Runner group name: 'Default'
2022-12-27T02:24:42.0452000Z Machine name: 's1'
2022-12-27T02:24:42.0453530Z ##[group]GITHUB_TOKEN Permissions
2022-12-27T02:24:42.0453940Z Actions: write
2022-12-27T02:24:42.0454070Z Checks: write
2022-12-27T02:24:42.0454210Z Contents: write
2022-12-27T02:24:42.0454340Z Deployments: write
2022-12-27T02:24:42.0454480Z Discussions: write
2022-12-27T02:24:42.0454610Z Issues: write
2022-12-27T02:24:42.0454730Z Metadata: read
2022-12-27T02:24:42.0454860Z Packages: write
2022-12-27T02:24:42.0454990Z Pages: write
2022-12-27T02:24:42.0455130Z PullRequests: write
2022-12-27T02:24:42.0455290Z RepositoryProjects: write
2022-12-27T02:24:42.0455450Z SecurityEvents: write
2022-12-27T02:24:42.0455580Z Statuses: write
2022-12-27T02:24:42.0455710Z ##[endgroup]
2022-12-27T02:24:42.0458160Z Secret source: Actions
2022-12-27T02:24:42.0458500Z Prepare workflow directory
2022-12-27T02:24:42.1136920Z Prepare all required actions
2022-12-27T02:24:42.1259290Z Getting action download info
2022-12-27T02:24:42.5430800Z Download action repository 'actions/setup-python@v4' (SHA:5ccb29d8773c3f3f653e1705f474dfaa8a06a912)
2022-12-27T02:24:44.3086670Z Download action repository 'actions/upload-artifact@v3' (SHA:83fd05a356d7e2593de66fc9913b3002723633cb)
2022-12-27T02:24:45.6200210Z ##[group]Run echo '{
2022-12-27T02:24:45.6200510Z [36;1mecho '{[0m
2022-12-27T02:24:45.6200710Z [36;1m  "environment_variables": "GRPC_PYTHON_BUILD_WITH_CYTHON=1 GRPC_BUILD_WITH_BORING_SSL_ASM='' GRPC_PYTHON_BUILD_SYSTEM_OPENSSL=TRUE",[0m
2022-12-27T02:24:45.6200910Z [36;1m  "package_name": "grpcio",[0m
2022-12-27T02:24:45.6201140Z [36;1m  "package_url": "https://files.pythonhosted.org/packages/ba/f7/2138b9148b2d68431ebb05d4871e2fc60deacb4ee282384171083b522823/grpcio-1.0.0.tar.gz",[0m
2022-12-27T02:24:45.6201370Z [36;1m  "package_version": "1.0.0",[0m
2022-12-27T02:24:45.6201560Z [36;1m  "python_version": "3.8",[0m
2022-12-27T02:24:45.6201740Z [36;1m  "use_ccache": "true"[0m
2022-12-27T02:24:45.6201860Z [36;1m}'[0m
2022-12-27T02:24:45.6217530Z shell: /bin/bash -e {0}
2022-12-27T02:24:45.6217720Z ##[endgroup]
2022-12-27T02:24:45.6445230Z {
2022-12-27T02:24:45.6446740Z   "environment_variables": "GRPC_PYTHON_BUILD_WITH_CYTHON=1 GRPC_BUILD_WITH_BORING_SSL_ASM= GRPC_PYTHON_BUILD_SYSTEM_OPENSSL=TRUE",
2022-12-27T02:24:45.6447050Z   "package_name": "grpcio",
2022-12-27T02:24:45.6447640Z   "package_url": "https://files.pythonhosted.org/packages/ba/f7/2138b9148b2d68431ebb05d4871e2fc60deacb4ee282384171083b522823/grpcio-1.0.0.tar.gz",
2022-12-27T02:24:45.6447930Z   "package_version": "1.0.0",
2022-12-27T02:24:45.6448070Z   "python_version": "3.8",
2022-12-27T02:24:45.6448290Z   "use_ccache": "true"
2022-12-27T02:24:45.6448450Z }
2022-12-27T02:24:45.6662680Z ##[group]Run actions/setup-python@v4
2022-12-27T02:24:45.6662950Z with:
2022-12-27T02:24:45.6663110Z   python-version: 3.8
2022-12-27T02:24:45.6663430Z   check-latest: false
2022-12-27T02:24:45.6663770Z   token: ***
2022-12-27T02:24:45.6663970Z   update-environment: true
2022-12-27T02:24:45.6664130Z ##[endgroup]
2022-12-27T02:24:45.7929500Z ##[group]Installed versions
2022-12-27T02:24:45.7975440Z Successfully set up CPython (3.8.15)
2022-12-27T02:24:45.7976380Z ##[endgroup]
2022-12-27T02:24:45.8138700Z ##[group]Run if [ "true" == "true" ]
2022-12-27T02:24:45.8138980Z [36;1mif [ "true" == "true" ][0m
2022-12-27T02:24:45.8139150Z [36;1mthen[0m
2022-12-27T02:24:45.8139370Z [36;1m  echo "CCACHE_PATH_PREPEND=/usr/local/opt/ccache/libexec" >> $GITHUB_OUTPUT[0m
2022-12-27T02:24:45.8139620Z [36;1melse[0m
2022-12-27T02:24:45.8139820Z [36;1m  echo "CCACHE_PATH_PREPEND=" >> $GITHUB_OUTPUT[0m
2022-12-27T02:24:45.8139970Z [36;1mfi[0m
2022-12-27T02:24:45.8156920Z shell: /bin/bash -e {0}
2022-12-27T02:24:45.8157140Z env:
2022-12-27T02:24:45.8157370Z   pythonLocation: /Users/runner/hostedtoolcache/Python/3.8.15/x64
2022-12-27T02:24:45.8157610Z   PKG_CONFIG_PATH: /Users/runner/hostedtoolcache/Python/3.8.15/x64/lib/pkgconfig
2022-12-27T02:24:45.8158290Z   Python_ROOT_DIR: /Users/runner/hostedtoolcache/Python/3.8.15/x64
2022-12-27T02:24:45.8158590Z   Python2_ROOT_DIR: /Users/runner/hostedtoolcache/Python/3.8.15/x64
2022-12-27T02:24:45.8158860Z   Python3_ROOT_DIR: /Users/runner/hostedtoolcache/Python/3.8.15/x64
2022-12-27T02:24:45.8159070Z ##[endgroup]
2022-12-27T02:24:45.8272380Z ##[group]Run echo "BUILD_NAME=$(echo grpcio_1.0.0_3.8 | tr -dc '[:alnum:]\n\r' | tr '[:upper:]' '[:lower:]')" >> $GITHUB_OUTPUT
2022-12-27T02:24:45.8272740Z [36;1mecho "BUILD_NAME=$(echo grpcio_1.0.0_3.8 | tr -dc '[:alnum:]\n\r' | tr '[:upper:]' '[:lower:]')" >> $GITHUB_OUTPUT[0m
2022-12-27T02:24:45.8286920Z shell: /bin/bash -e {0}
2022-12-27T02:24:45.8287120Z env:
2022-12-27T02:24:45.8287350Z   pythonLocation: /Users/runner/hostedtoolcache/Python/3.8.15/x64
2022-12-27T02:24:45.8287590Z   PKG_CONFIG_PATH: /Users/runner/hostedtoolcache/Python/3.8.15/x64/lib/pkgconfig
2022-12-27T02:24:45.8287940Z   Python_ROOT_DIR: /Users/runner/hostedtoolcache/Python/3.8.15/x64
2022-12-27T02:24:45.8288220Z   Python2_ROOT_DIR: /Users/runner/hostedtoolcache/Python/3.8.15/x64
2022-12-27T02:24:45.8288430Z   Python3_ROOT_DIR: /Users/runner/hostedtoolcache/Python/3.8.15/x64
2022-12-27T02:24:45.8288640Z ##[endgroup]
2022-12-27T02:24:45.8434110Z ##[group]Run echo "PYTHON_NO_DOTS=$(echo 3.8 | tr -dc '[:alnum:]\n\r' | tr '[:upper:]' '[:lower:]')" >> $GITHUB_OUTPUT
2022-12-27T02:24:45.8434450Z [36;1mecho "PYTHON_NO_DOTS=$(echo 3.8 | tr -dc '[:alnum:]\n\r' | tr '[:upper:]' '[:lower:]')" >> $GITHUB_OUTPUT[0m
2022-12-27T02:24:45.8448810Z shell: /bin/bash -e {0}
2022-12-27T02:24:45.8449070Z env:
2022-12-27T02:24:45.8449250Z   pythonLocation: /Users/runner/hostedtoolcache/Python/3.8.15/x64
2022-12-27T02:24:45.8449510Z   PKG_CONFIG_PATH: /Users/runner/hostedtoolcache/Python/3.8.15/x64/lib/pkgconfig
2022-12-27T02:24:45.8449760Z   Python_ROOT_DIR: /Users/runner/hostedtoolcache/Python/3.8.15/x64
2022-12-27T02:24:45.8450000Z   Python2_ROOT_DIR: /Users/runner/hostedtoolcache/Python/3.8.15/x64
2022-12-27T02:24:45.8450240Z   Python3_ROOT_DIR: /Users/runner/hostedtoolcache/Python/3.8.15/x64
2022-12-27T02:24:45.8450430Z ##[endgroup]
2022-12-27T02:24:45.8567800Z ##[group]Run rm -rf build_grpcio10038
2022-12-27T02:24:45.8568150Z [36;1mrm -rf build_grpcio10038[0m
2022-12-27T02:24:45.8568350Z [36;1mmkdir build_grpcio10038[0m
2022-12-27T02:24:45.8568530Z [36;1mcd build_grpcio10038[0m
2022-12-27T02:24:45.8568820Z [36;1m/usr/local/bin/wget --quiet https://files.pythonhosted.org/packages/ba/f7/2138b9148b2d68431ebb05d4871e2fc60deacb4ee282384171083b522823/grpcio-1.0.0.tar.gz[0m
2022-12-27T02:24:45.8569130Z [36;1mtar xf *.tar.gz[0m
2022-12-27T02:24:45.8569310Z [36;1mcd grpcio-*/[0m
2022-12-27T02:24:45.8569520Z [36;1mpython -m pip install cibuildwheel==2.11.3[0m
2022-12-27T02:24:45.8569710Z [36;1mpython -m cibuildwheel --output-dir ../wheelsout[0m
2022-12-27T02:24:45.8583900Z shell: /bin/bash -e {0}
2022-12-27T02:24:45.8584100Z env:
2022-12-27T02:24:45.8584310Z   pythonLocation: /Users/runner/hostedtoolcache/Python/3.8.15/x64
2022-12-27T02:24:45.8584600Z   PKG_CONFIG_PATH: /Users/runner/hostedtoolcache/Python/3.8.15/x64/lib/pkgconfig
2022-12-27T02:24:45.8584900Z   Python_ROOT_DIR: /Users/runner/hostedtoolcache/Python/3.8.15/x64
2022-12-27T02:24:45.8585140Z   Python2_ROOT_DIR: /Users/runner/hostedtoolcache/Python/3.8.15/x64
2022-12-27T02:24:45.8585370Z   Python3_ROOT_DIR: /Users/runner/hostedtoolcache/Python/3.8.15/x64
2022-12-27T02:24:45.8585540Z   CIBW_ARCHS_MACOS: arm64
2022-12-27T02:24:45.8585740Z   CIBW_TEST_SKIP: *_arm64
2022-12-27T02:24:45.8585920Z   CIBW_BUILD: cp38-macosx_arm64
2022-12-27T02:24:45.8586070Z   CIBW_BUILD_FRONTEND: pip
2022-12-27T02:24:45.8586250Z   CIBW_BUILD_VERBOSITY: 3
2022-12-27T02:24:45.8586630Z   CIBW_ENVIRONMENT_MACOS: GRPC_PYTHON_BUILD_WITH_CYTHON=1 GRPC_BUILD_WITH_BORING_SSL_ASM='' GRPC_PYTHON_BUILD_SYSTEM_OPENSSL=TRUE CFLAGS="-I/usr/local/opt/openssl@3/include" LDFLAGS="-L/usr/local/opt/openssl@3/lib" CPPFLAGS="-I/usr/local/opt/openssl@3/include" MAKEFLAGS="-j$(sysctl -n hw.logicalcpu)" PATH=/usr/local/opt/ccache/libexec:$PATH
2022-12-27T02:24:45.8587280Z   CIBW_BEFORE_BUILD: pip install Cython; if [[ -f requirements.txt ]]; then pip install -r requirements.txt; fi
2022-12-27T02:24:45.8587530Z   MAKEFLAGS: -j$(sysctl -n hw.logicalcpu)
2022-12-27T02:24:45.8587680Z ##[endgroup]
2022-12-27T02:24:46.6602350Z Requirement already satisfied: cibuildwheel==2.11.3 in /Users/runner/hostedtoolcache/Python/3.8.15/x64/lib/python3.8/site-packages (2.11.3)
2022-12-27T02:24:46.6932800Z Requirement already satisfied: certifi in /Users/runner/hostedtoolcache/Python/3.8.15/x64/lib/python3.8/site-packages (from cibuildwheel==2.11.3) (2022.12.7)
2022-12-27T02:24:46.6938440Z Requirement already satisfied: tomli in /Users/runner/hostedtoolcache/Python/3.8.15/x64/lib/python3.8/site-packages (from cibuildwheel==2.11.3) (2.0.1)
2022-12-27T02:24:46.6943540Z Requirement already satisfied: bashlex!=0.13 in /Users/runner/hostedtoolcache/Python/3.8.15/x64/lib/python3.8/site-packages (from cibuildwheel==2.11.3) (0.16)
2022-12-27T02:24:46.6948890Z Requirement already satisfied: packaging>=20.9 in /Users/runner/hostedtoolcache/Python/3.8.15/x64/lib/python3.8/site-packages (from cibuildwheel==2.11.3) (22.0)
2022-12-27T02:24:46.6952440Z Requirement already satisfied: platformdirs in /Users/runner/hostedtoolcache/Python/3.8.15/x64/lib/python3.8/site-packages (from cibuildwheel==2.11.3) (2.6.0)
2022-12-27T02:24:46.6955860Z Requirement already satisfied: bracex in /Users/runner/hostedtoolcache/Python/3.8.15/x64/lib/python3.8/site-packages (from cibuildwheel==2.11.3) (2.3.post1)
2022-12-27T02:24:46.6965690Z Requirement already satisfied: typing-extensions>=4.1.0 in /Users/runner/hostedtoolcache/Python/3.8.15/x64/lib/python3.8/site-packages (from cibuildwheel==2.11.3) (4.4.0)
2022-12-27T02:24:46.6969250Z Requirement already satisfied: filelock in /Users/runner/hostedtoolcache/Python/3.8.15/x64/lib/python3.8/site-packages (from cibuildwheel==2.11.3) (3.8.2)
2022-12-27T02:24:46.8670400Z 
2022-12-27T02:24:46.8671120Z      _ _       _ _   _       _           _
2022-12-27T02:24:46.8671810Z  ___|_| |_ _ _|_| |_| |_ _ _| |_ ___ ___| |
2022-12-27T02:24:46.8673210Z |  _| | . | | | | | . | | | |   | -_| -_| |
2022-12-27T02:24:46.8673570Z |___|_|___|___|_|_|___|_____|_|_|___|___|_|
2022-12-27T02:24:46.8673980Z 
2022-12-27T02:24:46.8674140Z cibuildwheel version 2.11.3
2022-12-27T02:24:46.8674360Z 
2022-12-27T02:24:46.8674520Z Build options:
2022-12-27T02:24:46.8674800Z   platform: macos
2022-12-27T02:24:46.8828190Z   architectures: arm64[0m
2022-12-27T02:24:46.8828740Z   build_selector: 
2022-12-27T02:24:46.8829280Z     build_config: cp38-macosx_arm64
2022-12-27T02:24:46.8829580Z     skip_config: 
2022-12-27T02:24:46.8829920Z     requires_python: None
2022-12-27T02:24:46.8830500Z     prerelease_pythons: False[0m
2022-12-27T02:24:46.8830970Z   [38;5;244mcontainer_engine: docker[0m
2022-12-27T02:24:46.8831820Z   output_dir: /Users/runner/actions-runner/_work/python.build/python.build/build_grpcio10038/wheelsout[0m
2022-12-27T02:24:46.8832650Z   package_dir: /Users/runner/actions-runner/_work/python.build/python.build/build_grpcio10038/grpcio-1.0.0[0m
2022-12-27T02:24:46.8833000Z   test_selector: 
2022-12-27T02:24:46.8833370Z     skip_config: *_arm64[0m
2022-12-27T02:24:46.8833890Z   [38;5;244mbefore_all: [0m
2022-12-27T02:24:46.8834420Z   before_build: pip install Cython; if [[ -f requirements.txt ]]; then pip install -r requirements.txt; fi[0m
2022-12-27T02:24:46.8834810Z   [38;5;244mbefore_test: [0m
2022-12-27T02:24:46.8835170Z   [38;5;244mbuild_frontend: pip[0m
2022-12-27T02:24:46.8835710Z   build_verbosity: 3[0m
2022-12-27T02:24:46.8836030Z   [38;5;244mconfig_settings: [0m
2022-12-27T02:24:46.8836430Z   [38;5;244mdependency_constraints: pinned[0m
2022-12-27T02:24:46.8836720Z   environment: 
2022-12-27T02:24:46.8836960Z     GRPC_PYTHON_BUILD_WITH_CYTHON=1
2022-12-27T02:24:46.8837470Z     GRPC_BUILD_WITH_BORING_SSL_ASM=''
2022-12-27T02:24:46.8837780Z     GRPC_PYTHON_BUILD_SYSTEM_OPENSSL=TRUE
2022-12-27T02:24:46.8838560Z     CFLAGS="-I/usr/local/opt/openssl@3/include"
2022-12-27T02:24:46.8838930Z     LDFLAGS="-L/usr/local/opt/openssl@3/lib"
2022-12-27T02:24:46.8839500Z     CPPFLAGS="-I/usr/local/opt/openssl@3/include"
2022-12-27T02:24:46.8839930Z     MAKEFLAGS="-j$(sysctl -n hw.logicalcpu)"
2022-12-27T02:24:46.8840300Z     PATH=/usr/local/opt/ccache/libexec:$PATH[0m
2022-12-27T02:24:46.8840680Z   [38;5;244mmanylinux_images: None[0m
2022-12-27T02:24:46.8841050Z   [38;5;244mmusllinux_images: None[0m
2022-12-27T02:24:46.8841660Z   [38;5;244mrepair_command: delocate-wheel --require-archs {delocate_archs} -w {dest_dir} -v {wheel}[0m
2022-12-27T02:24:46.8842100Z   [38;5;244mtest_command: [0m
2022-12-27T02:24:46.8842450Z   [38;5;244mtest_extras: [0m
2022-12-27T02:24:46.8842760Z   [38;5;244mtest_requires: [0m
2022-12-27T02:24:46.8842920Z 
2022-12-27T02:24:46.8843090Z Cache folder: /Users/runner/Library/Caches/cibuildwheel
2022-12-27T02:24:46.8850630Z 
2022-12-27T02:24:46.8850880Z Here we go!
2022-12-27T02:24:46.8851120Z 
2022-12-27T02:24:46.8920330Z 
2022-12-27T02:24:46.8920750Z [1m[34mBuilding cp38-macosx_arm64 wheel[0m
2022-12-27T02:24:46.8921250Z CPython 3.8 macOS arm64 - Apple Silicon
2022-12-27T02:24:46.8921410Z 
2022-12-27T02:24:46.8924140Z ##[group]Installing Python cp38...
2022-12-27T02:24:46.8924280Z 
2022-12-27T02:24:46.8925120Z + pkgutil --pkgs
2022-12-27T02:24:46.9023170Z ##[endgroup]
2022-12-27T02:24:46.9024160Z                                                               [32m✓ [0m0.01s
2022-12-27T02:24:46.9024590Z ##[group]Setting up build environment...
2022-12-27T02:24:46.9024720Z 
2022-12-27T02:24:46.9043290Z + /Users/runner/hostedtoolcache/Python/3.8.15/x64/bin/python -sS /Users/runner/Library/Caches/cibuildwheel/virtualenv-20.17.0.pyz --activators= --no-periodic-update --pip=22.3.1 --setuptools=65.6.3 --wheel=0.38.4 --symlink-app-data --python /Library/Frameworks/Python.framework/Versions/3.8/bin/python3 /private/var/folders/51/hd414ycd67n82196sw51xqtc0000gn/T/cibw-run-jp0c7ufl/cp38-macosx_arm64/build/venv
2022-12-27T02:24:47.0939390Z created virtual environment CPython3.8.10.final.0-64 in 47ms
2022-12-27T02:24:47.0940310Z   creator CPython3Posix(dest=/private/var/folders/51/hd414ycd67n82196sw51xqtc0000gn/T/cibw-run-jp0c7ufl/cp38-macosx_arm64/build/venv, clear=False, no_vcs_ignore=False, global=False)
2022-12-27T02:24:47.0940760Z   seeder FromAppData(download=False, pip=22.3.1, setuptools=65.6.3, wheel=0.38.4, via=symlink, app_data_dir=/Users/runner/Library/Application Support/virtualenv)
2022-12-27T02:24:47.0941040Z     added seed packages: pip==22.3.1, setuptools==65.6.3, wheel==0.38.4
2022-12-27T02:24:47.1057540Z + python -m pip install --upgrade pip -c /Users/runner/hostedtoolcache/Python/3.8.15/x64/lib/python3.8/site-packages/cibuildwheel/resources/constraints-python38.txt
2022-12-27T02:24:47.4152490Z Requirement already satisfied: pip in ./lib/python3.8/site-packages (22.3.1)
2022-12-27T02:24:47.5517920Z + which pip
2022-12-27T02:24:47.5533850Z /private/var/folders/51/hd414ycd67n82196sw51xqtc0000gn/T/cibw-run-jp0c7ufl/cp38-macosx_arm64/build/venv/bin/pip
2022-12-27T02:24:47.5535970Z + pip --version
2022-12-27T02:24:47.7814560Z pip 22.3.1 from /private/var/folders/51/hd414ycd67n82196sw51xqtc0000gn/T/cibw-run-jp0c7ufl/cp38-macosx_arm64/build/venv/lib/python3.8/site-packages/pip (python 3.8)
2022-12-27T02:24:47.8031500Z + which pip
2022-12-27T02:24:47.8058800Z + which python
2022-12-27T02:24:47.8075900Z /private/var/folders/51/hd414ycd67n82196sw51xqtc0000gn/T/cibw-run-jp0c7ufl/cp38-macosx_arm64/build/venv/bin/python
2022-12-27T02:24:47.8078210Z + python --version
2022-12-27T02:24:47.8126540Z Python 3.8.10
2022-12-27T02:24:47.8128980Z + which python
2022-12-27T02:24:47.8179600Z ##[endgroup]
2022-12-27T02:24:47.8180160Z                                                               [32m✓ [0m0.92s
2022-12-27T02:24:47.8180740Z ##[group]Installing build tools...
2022-12-27T02:24:47.8180850Z 
2022-12-27T02:24:47.8181260Z + pip install --upgrade setuptools wheel delocate -c /Users/runner/hostedtoolcache/Python/3.8.15/x64/lib/python3.8/site-packages/cibuildwheel/resources/constraints-python38.txt
2022-12-27T02:24:48.1249810Z Requirement already satisfied: setuptools in /private/var/folders/51/hd414ycd67n82196sw51xqtc0000gn/T/cibw-run-jp0c7ufl/cp38-macosx_arm64/build/venv/lib/python3.8/site-packages (65.6.3)
2022-12-27T02:24:48.3504800Z Requirement already satisfied: wheel in /private/var/folders/51/hd414ycd67n82196sw51xqtc0000gn/T/cibw-run-jp0c7ufl/cp38-macosx_arm64/build/venv/lib/python3.8/site-packages (0.38.4)
2022-12-27T02:24:48.3977510Z Collecting delocate
2022-12-27T02:24:48.4047750Z   Using cached delocate-0.10.3-py3-none-any.whl (142 kB)
2022-12-27T02:24:48.4279930Z Collecting typing-extensions
2022-12-27T02:24:48.4301580Z   Using cached typing_extensions-4.4.0-py3-none-any.whl (26 kB)
2022-12-27T02:24:48.4554600Z Collecting packaging>=20.9
2022-12-27T02:24:48.4575950Z   Using cached packaging-21.3-py3-none-any.whl (40 kB)
2022-12-27T02:24:48.4972790Z Collecting pyparsing!=3.0.5,>=2.0.2
2022-12-27T02:24:48.4993560Z   Using cached pyparsing-3.0.9-py3-none-any.whl (98 kB)
2022-12-27T02:24:48.5372590Z Installing collected packages: typing-extensions, pyparsing, packaging, delocate
2022-12-27T02:24:48.6724800Z Successfully installed delocate-0.10.3 packaging-21.3 pyparsing-3.0.9 typing-extensions-4.4.0
2022-12-27T02:24:48.7128210Z ##[endgroup]
2022-12-27T02:24:48.7128960Z                                                               [32m✓ [0m0.89s
2022-12-27T02:24:48.7129410Z ##[group]Running before_build...
2022-12-27T02:24:48.7129550Z 
2022-12-27T02:24:48.7134980Z + pip install Cython; if [[ -f requirements.txt ]]; then pip install -r requirements.txt; fi
2022-12-27T02:24:49.3969350Z Collecting Cython
2022-12-27T02:24:49.4016250Z   Using cached Cython-0.29.32-py2.py3-none-any.whl (986 kB)
2022-12-27T02:24:49.4447930Z Installing collected packages: Cython
2022-12-27T02:24:49.8775430Z Successfully installed Cython-0.29.32
2022-12-27T02:24:50.6357540Z Collecting coverage>=4.0
2022-12-27T02:24:50.6386130Z   Using cached coverage-7.0.1-cp38-cp38-macosx_10_9_x86_64.whl (187 kB)
2022-12-27T02:24:50.6426090Z Requirement already satisfied: cython>=0.23 in /private/var/folders/51/hd414ycd67n82196sw51xqtc0000gn/T/cibw-run-jp0c7ufl/cp38-macosx_arm64/build/venv/lib/python3.8/site-packages (from -r requirements.txt (line 3)) (0.29.32)
2022-12-27T02:24:50.6573880Z Collecting enum34>=1.0.4
2022-12-27T02:24:50.6596050Z   Using cached enum34-1.1.10-py3-none-any.whl (11 kB)
2022-12-27T02:24:50.6740340Z Collecting futures>=2.2.0
2022-12-27T02:24:50.6741860Z   Using cached futures-3.0.5-py3-none-any.whl
2022-12-27T02:24:50.9673740Z Collecting protobuf>=3.0.0
2022-12-27T02:24:50.9705620Z   Using cached protobuf-4.21.12-cp37-abi3-macosx_10_9_universal2.whl (486 kB)
2022-12-27T02:24:50.9898300Z Collecting six>=1.10
2022-12-27T02:24:50.9919060Z   Using cached six-1.16.0-py2.py3-none-any.whl (11 kB)
2022-12-27T02:24:50.9936340Z Requirement already satisfied: wheel>=0.29 in /private/var/folders/51/hd414ycd67n82196sw51xqtc0000gn/T/cibw-run-jp0c7ufl/cp38-macosx_arm64/build/venv/lib/python3.8/site-packages (from -r requirements.txt (line 8)) (0.38.4)
2022-12-27T02:24:51.0349760Z Installing collected packages: futures, enum34, six, protobuf, coverage
2022-12-27T02:24:51.2932000Z Successfully installed coverage-7.0.1 enum34-1.1.10 futures-3.0.5 protobuf-4.21.12 six-1.16.0
2022-12-27T02:24:51.3415730Z ##[endgroup]
2022-12-27T02:24:51.3416320Z                                                               [32m✓ [0m2.63s
2022-12-27T02:24:51.3417010Z ##[group]Building wheel...
2022-12-27T02:24:51.3417160Z 
2022-12-27T02:24:51.3421710Z + python -m pip wheel /Users/runner/actions-runner/_work/python.build/python.build/build_grpcio10038/grpcio-1.0.0 --wheel-dir=/private/var/folders/51/hd414ycd67n82196sw51xqtc0000gn/T/cibw-run-jp0c7ufl/cp38-macosx_arm64/built_wheel --no-deps -vvv
2022-12-27T02:24:51.6247690Z Created temporary directory: /private/var/folders/51/hd414ycd67n82196sw51xqtc0000gn/T/pip-ephem-wheel-cache-up2qh5g_
2022-12-27T02:24:51.6252920Z Created temporary directory: /private/var/folders/51/hd414ycd67n82196sw51xqtc0000gn/T/pip-build-tracker-xln2wp6r
2022-12-27T02:24:51.6254960Z Initialized build tracking at /private/var/folders/51/hd414ycd67n82196sw51xqtc0000gn/T/pip-build-tracker-xln2wp6r
2022-12-27T02:24:51.6256550Z Created build tracker: /private/var/folders/51/hd414ycd67n82196sw51xqtc0000gn/T/pip-build-tracker-xln2wp6r
2022-12-27T02:24:51.6258120Z Entered build tracker: /private/var/folders/51/hd414ycd67n82196sw51xqtc0000gn/T/pip-build-tracker-xln2wp6r
2022-12-27T02:24:51.6261650Z Created temporary directory: /private/var/folders/51/hd414ycd67n82196sw51xqtc0000gn/T/pip-wheel-g2twjfc_
2022-12-27T02:24:51.6268120Z Created temporary directory: /private/var/folders/51/hd414ycd67n82196sw51xqtc0000gn/T/pip-ephem-wheel-cache-wyt_gyxc
2022-12-27T02:24:51.6353380Z Processing /Users/runner/actions-runner/_work/python.build/python.build/build_grpcio10038/grpcio-1.0.0
2022-12-27T02:24:51.6358630Z   Added file:///Users/runner/actions-runner/_work/python.build/python.build/build_grpcio10038/grpcio-1.0.0 to build tracker '/private/var/folders/51/hd414ycd67n82196sw51xqtc0000gn/T/pip-build-tracker-xln2wp6r'
2022-12-27T02:24:51.6362540Z   Running setup.py (path:/Users/runner/actions-runner/_work/python.build/python.build/build_grpcio10038/grpcio-1.0.0/setup.py) egg_info for package from file:///Users/runner/actions-runner/_work/python.build/python.build/build_grpcio10038/grpcio-1.0.0
2022-12-27T02:24:51.6365660Z   Created temporary directory: /private/var/folders/51/hd414ycd67n82196sw51xqtc0000gn/T/pip-pip-egg-info-vdl8ulmm
2022-12-27T02:24:51.6367310Z   Preparing metadata (setup.py): started
2022-12-27T02:24:51.6369280Z   Running command python setup.py egg_info
2022-12-27T02:24:53.0601320Z   Compiling src/python/grpcio/grpc/_cython/cygrpc.pyx because it depends on /private/var/folders/51/hd414ycd67n82196sw51xqtc0000gn/T/cibw-run-jp0c7ufl/cp38-macosx_arm64/build/venv/lib/python3.8/site-packages/Cython/Includes/libc/time.pxd.
2022-12-27T02:24:53.0602380Z   [1/1] Cythonizing src/python/grpcio/grpc/_cython/cygrpc.pyx
2022-12-27T02:25:06.1022930Z   running egg_info
2022-12-27T02:25:06.1026470Z   creating /private/var/folders/51/hd414ycd67n82196sw51xqtc0000gn/T/pip-pip-egg-info-vdl8ulmm/grpcio.egg-info
2022-12-27T02:25:06.1135160Z   writing /private/var/folders/51/hd414ycd67n82196sw51xqtc0000gn/T/pip-pip-egg-info-vdl8ulmm/grpcio.egg-info/PKG-INFO
2022-12-27T02:25:06.1139080Z   writing dependency_links to /private/var/folders/51/hd414ycd67n82196sw51xqtc0000gn/T/pip-pip-egg-info-vdl8ulmm/grpcio.egg-info/dependency_links.txt
2022-12-27T02:25:06.1142620Z   writing requirements to /private/var/folders/51/hd414ycd67n82196sw51xqtc0000gn/T/pip-pip-egg-info-vdl8ulmm/grpcio.egg-info/requires.txt
2022-12-27T02:25:06.1145610Z   writing top-level names to /private/var/folders/51/hd414ycd67n82196sw51xqtc0000gn/T/pip-pip-egg-info-vdl8ulmm/grpcio.egg-info/top_level.txt
2022-12-27T02:25:06.1147780Z   writing manifest file '/private/var/folders/51/hd414ycd67n82196sw51xqtc0000gn/T/pip-pip-egg-info-vdl8ulmm/grpcio.egg-info/SOURCES.txt'
2022-12-27T02:25:06.1433570Z   reading manifest file '/private/var/folders/51/hd414ycd67n82196sw51xqtc0000gn/T/pip-pip-egg-info-vdl8ulmm/grpcio.egg-info/SOURCES.txt'
2022-12-27T02:25:06.1435900Z   reading manifest template 'PYTHON-MANIFEST.in'
2022-12-27T02:25:06.1467330Z   /private/var/folders/51/hd414ycd67n82196sw51xqtc0000gn/T/cibw-run-jp0c7ufl/cp38-macosx_arm64/build/venv/lib/python3.8/site-packages/Cython/Compiler/Main.py:369: FutureWarning: Cython directive 'language_level' not set, using 2 for now (Py2). This will change in a later release! File: /Users/runner/actions-runner/_work/python.build/python.build/build_grpcio10038/grpcio-1.0.0/src/python/grpcio/grpc/_cython/cygrpc.pxd
2022-12-27T02:25:06.1468620Z     tree = Parsing.p_module(s, pxd, full_module_name)
2022-12-27T02:25:06.1471080Z   warning: src/python/grpcio/grpc/_cython/_cygrpc/grpc.pxi:141:13: 'GRPC_ARG_PRIMARY_USER_AGENT_STRING' redeclared
2022-12-27T02:25:06.1473390Z   /private/var/folders/51/hd414ycd67n82196sw51xqtc0000gn/T/cibw-run-jp0c7ufl/cp38-macosx_arm64/build/venv/lib/python3.8/site-packages/setuptools/installer.py:27: SetuptoolsDeprecationWarning: setuptools.installer is deprecated. Requirements should be satisfied by a PEP 517 installer.
2022-12-27T02:25:06.1474740Z     warnings.warn(
2022-12-27T02:25:06.1477250Z   warning: no files found matching '*.h' under directory 'src/python/grpcio/grpc'
2022-12-27T02:25:06.1542180Z   warning: no files found matching '*.python' under directory 'src/python/grpcio/grpc'
2022-12-27T02:25:06.1560910Z   warning: no previously-included files matching '*.so' found under directory 'src/python/grpcio/grpc/_cython'
2022-12-27T02:25:06.1563070Z   warning: no previously-included files matching '*.pyd' found under directory 'src/python/grpcio/grpc/_cython'
2022-12-27T02:25:06.1943210Z   warning: no files found matching 'src/python/grpcio/precompiled.py'
2022-12-27T02:25:06.2190790Z   writing manifest file '/private/var/folders/51/hd414ycd67n82196sw51xqtc0000gn/T/pip-pip-egg-info-vdl8ulmm/grpcio.egg-info/SOURCES.txt'
2022-12-27T02:25:06.2776900Z   Preparing metadata (setup.py): finished with status 'done'
2022-12-27T02:25:06.2801800Z   Source in /Users/runner/actions-runner/_work/python.build/python.build/build_grpcio10038/grpcio-1.0.0 has version 1.0.0, which satisfies requirement grpcio==1.0.0 from file:///Users/runner/actions-runner/_work/python.build/python.build/build_grpcio10038/grpcio-1.0.0
2022-12-27T02:25:06.2805660Z   Removed grpcio==1.0.0 from file:///Users/runner/actions-runner/_work/python.build/python.build/build_grpcio10038/grpcio-1.0.0 from build tracker '/private/var/folders/51/hd414ycd67n82196sw51xqtc0000gn/T/pip-build-tracker-xln2wp6r'
2022-12-27T02:25:06.2917860Z Created temporary directory: /private/var/folders/51/hd414ycd67n82196sw51xqtc0000gn/T/pip-unpack-svr8447h
2022-12-27T02:25:06.2920010Z Building wheels for collected packages: grpcio
2022-12-27T02:25:06.2927660Z   Created temporary directory: /private/var/folders/51/hd414ycd67n82196sw51xqtc0000gn/T/pip-wheel-kowr0mfk
2022-12-27T02:25:06.2929540Z   Building wheel for grpcio (setup.py): started
2022-12-27T02:25:06.2931730Z   Destination directory: /private/var/folders/51/hd414ycd67n82196sw51xqtc0000gn/T/pip-wheel-kowr0mfk
2022-12-27T02:25:06.2933120Z   Running command python setup.py bdist_wheel
2022-12-27T02:25:06.7300940Z   /private/var/folders/51/hd414ycd67n82196sw51xqtc0000gn/T/cibw-run-jp0c7ufl/cp38-macosx_arm64/build/venv/lib/python3.8/site-packages/setuptools/installer.py:27: SetuptoolsDeprecationWarning: setuptools.installer is deprecated. Requirements should be satisfied by a PEP 517 installer.
2022-12-27T02:25:06.7301490Z     warnings.warn(
2022-12-27T02:25:07.3524220Z   Traceback (most recent call last):
2022-12-27T02:25:07.3531940Z     File "<string>", line 2, in <module>
2022-12-27T02:25:07.3532530Z     File "<pip-setuptools-caller>", line 34, in <module>
2022-12-27T02:25:07.3533040Z     File "/Users/runner/actions-runner/_work/python.build/python.build/build_grpcio10038/grpcio-1.0.0/setup.py", line 257, in <module>
2022-12-27T02:25:07.3533350Z       setuptools.setup(
2022-12-27T02:25:07.3533870Z     File "/private/var/folders/51/hd414ycd67n82196sw51xqtc0000gn/T/cibw-run-jp0c7ufl/cp38-macosx_arm64/build/venv/lib/python3.8/site-packages/setuptools/__init__.py", line 86, in setup
2022-12-27T02:25:07.3534370Z       _install_setup_requires(attrs)
2022-12-27T02:25:07.3536590Z     File "/private/var/folders/51/hd414ycd67n82196sw51xqtc0000gn/T/cibw-run-jp0c7ufl/cp38-macosx_arm64/build/venv/lib/python3.8/site-packages/setuptools/__init__.py", line 80, in _install_setup_requires
2022-12-27T02:25:07.3537500Z       dist.fetch_build_eggs(dist.setup_requires)
2022-12-27T02:25:07.3539570Z     File "/private/var/folders/51/hd414ycd67n82196sw51xqtc0000gn/T/cibw-run-jp0c7ufl/cp38-macosx_arm64/build/venv/lib/python3.8/site-packages/setuptools/dist.py", line 874, in fetch_build_eggs
2022-12-27T02:25:07.3540720Z       resolved_dists = pkg_resources.working_set.resolve(
2022-12-27T02:25:07.3542780Z     File "/private/var/folders/51/hd414ycd67n82196sw51xqtc0000gn/T/cibw-run-jp0c7ufl/cp38-macosx_arm64/build/venv/lib/python3.8/site-packages/pkg_resources/__init__.py", line 789, in resolve
2022-12-27T02:25:07.3543730Z       dist = best[req.key] = env.best_match(
2022-12-27T02:25:07.3545790Z     File "/private/var/folders/51/hd414ycd67n82196sw51xqtc0000gn/T/cibw-run-jp0c7ufl/cp38-macosx_arm64/build/venv/lib/python3.8/site-packages/pkg_resources/__init__.py", line 1075, in best_match
2022-12-27T02:25:07.3546890Z       return self.obtain(req, installer)
2022-12-27T02:25:07.3548710Z     File "/private/var/folders/51/hd414ycd67n82196sw51xqtc0000gn/T/cibw-run-jp0c7ufl/cp38-macosx_arm64/build/venv/lib/python3.8/site-packages/pkg_resources/__init__.py", line 1087, in obtain
2022-12-27T02:25:07.3549870Z       return installer(requirement)
2022-12-27T02:25:07.3551820Z     File "/private/var/folders/51/hd414ycd67n82196sw51xqtc0000gn/T/cibw-run-jp0c7ufl/cp38-macosx_arm64/build/venv/lib/python3.8/site-packages/setuptools/dist.py", line 944, in fetch_build_egg
2022-12-27T02:25:07.3552880Z       return fetch_build_egg(self, req)
2022-12-27T02:25:07.3554910Z     File "/private/var/folders/51/hd414ycd67n82196sw51xqtc0000gn/T/cibw-run-jp0c7ufl/cp38-macosx_arm64/build/venv/lib/python3.8/site-packages/setuptools/installer.py", line 87, in fetch_build_egg
2022-12-27T02:25:07.3555840Z       wheel.install_as_egg(dist_location)
2022-12-27T02:25:07.3557880Z     File "/private/var/folders/51/hd414ycd67n82196sw51xqtc0000gn/T/cibw-run-jp0c7ufl/cp38-macosx_arm64/build/venv/lib/python3.8/site-packages/setuptools/wheel.py", line 110, in install_as_egg
2022-12-27T02:25:07.3558870Z       self._install_as_egg(destination_eggdir, zf)
2022-12-27T02:25:07.3561070Z     File "/private/var/folders/51/hd414ycd67n82196sw51xqtc0000gn/T/cibw-run-jp0c7ufl/cp38-macosx_arm64/build/venv/lib/python3.8/site-packages/setuptools/wheel.py", line 118, in _install_as_egg
2022-12-27T02:25:07.3562270Z       self._convert_metadata(zf, destination_eggdir, dist_info, egg_info)
2022-12-27T02:25:07.3564590Z     File "/private/var/folders/51/hd414ycd67n82196sw51xqtc0000gn/T/cibw-run-jp0c7ufl/cp38-macosx_arm64/build/venv/lib/python3.8/site-packages/setuptools/wheel.py", line 162, in _convert_metadata
2022-12-27T02:25:07.3565200Z       os.rename(dist_info, egg_info)
2022-12-27T02:25:07.3567410Z   OSError: [Errno 66] Directory not empty: '/Users/runner/actions-runner/_work/python.build/python.build/build_grpcio10038/grpcio-1.0.0/.eggs/MarkupSafe-2.1.1-py3.8-macosx-11.0-arm64.egg/MarkupSafe-2.1.1.dist-info' -> '/Users/runner/actions-runner/_work/python.build/python.build/build_grpcio10038/grpcio-1.0.0/.eggs/MarkupSafe-2.1.1-py3.8-macosx-11.0-arm64.egg/EGG-INFO'
2022-12-27T02:25:07.3960080Z   error: subprocess-exited-with-error
2022-12-27T02:25:07.3960370Z   
2022-12-27T02:25:07.3960750Z   × python setup.py bdist_wheel did not run successfully.
2022-12-27T02:25:07.3961030Z   │ exit code: 1
2022-12-27T02:25:07.3961700Z   ╰─> See above for output.
2022-12-27T02:25:07.3961940Z   
2022-12-27T02:25:07.3962180Z   note: This error originates from a subprocess, and is likely not a problem with pip.
2022-12-27T02:25:07.3969580Z   full command: /private/var/folders/51/hd414ycd67n82196sw51xqtc0000gn/T/cibw-run-jp0c7ufl/cp38-macosx_arm64/build/venv/bin/python -u -c '
2022-12-27T02:25:07.3970360Z   exec(compile('"'"''"'"''"'"'
2022-12-27T02:25:07.3970940Z   # This is <pip-setuptools-caller> -- a caller that pip uses to run setup.py
2022-12-27T02:25:07.3971200Z   #
2022-12-27T02:25:07.3971640Z   # - It imports setuptools before invoking setup.py, to enable projects that directly
2022-12-27T02:25:07.3972040Z   #   import from `distutils.core` to work with newer packaging standards.
2022-12-27T02:25:07.3972340Z   # - It provides a clear error message when setuptools is not installed.
2022-12-27T02:25:07.3972670Z   # - It sets `sys.argv[0]` to the underlying `setup.py`, when invoking `setup.py` so
2022-12-27T02:25:07.3973000Z   #   setuptools doesn'"'"'t think the script is `-c`. This avoids the following warning:
2022-12-27T02:25:07.3973840Z   #     manifest_maker: standard file '"'"'-c'"'"' not found".
2022-12-27T02:25:07.3974210Z   # - It generates a shim setup.py, for handling setup.cfg-only projects.
2022-12-27T02:25:07.3974440Z   import os, sys, tokenize
2022-12-27T02:25:07.3974610Z   
2022-12-27T02:25:07.3974740Z   try:
2022-12-27T02:25:07.3974910Z       import setuptools
2022-12-27T02:25:07.3975170Z   except ImportError as error:
2022-12-27T02:25:07.3975330Z       print(
2022-12-27T02:25:07.3975550Z           "ERROR: Can not execute `setup.py` since setuptools is not available in "
2022-12-27T02:25:07.3975780Z           "the build environment.",
2022-12-27T02:25:07.3975940Z           file=sys.stderr,
2022-12-27T02:25:07.3976170Z       )
2022-12-27T02:25:07.3976330Z       sys.exit(1)
2022-12-27T02:25:07.3976500Z   
2022-12-27T02:25:07.3976630Z   __file__ = %r
2022-12-27T02:25:07.3976850Z   sys.argv[0] = __file__
2022-12-27T02:25:07.3977030Z   
2022-12-27T02:25:07.3977170Z   if os.path.exists(__file__):
2022-12-27T02:25:07.3977360Z       filename = __file__
2022-12-27T02:25:07.3977560Z       with tokenize.open(__file__) as f:
2022-12-27T02:25:07.3977770Z           setup_py_code = f.read()
2022-12-27T02:25:07.3978110Z   else:
2022-12-27T02:25:07.3978370Z       filename = "<auto-generated setuptools caller>"
2022-12-27T02:25:07.3978610Z       setup_py_code = "from setuptools import setup; setup()"
2022-12-27T02:25:07.3978770Z   
2022-12-27T02:25:07.3979030Z   exec(compile(setup_py_code, filename, "exec"))
2022-12-27T02:25:07.3979520Z   '"'"''"'"''"'"' % ('"'"'/Users/runner/actions-runner/_work/python.build/python.build/build_grpcio10038/grpcio-1.0.0/setup.py'"'"',), "<pip-setuptools-caller>", "exec"))' bdist_wheel -d /private/var/folders/51/hd414ycd67n82196sw51xqtc0000gn/T/pip-wheel-kowr0mfk
2022-12-27T02:25:07.3980000Z   cwd: /Users/runner/actions-runner/_work/python.build/python.build/build_grpcio10038/grpcio-1.0.0/
2022-12-27T02:25:07.3980220Z   ERROR: Failed building wheel for grpcio
2022-12-27T02:25:07.3980490Z   Running command python setup.py clean
2022-12-27T02:25:07.3980800Z   Building wheel for grpcio (setup.py): finished with status 'error'
2022-12-27T02:25:07.3981180Z   Running setup.py clean for grpcio
2022-12-27T02:25:07.8325270Z   /private/var/folders/51/hd414ycd67n82196sw51xqtc0000gn/T/cibw-run-jp0c7ufl/cp38-macosx_arm64/build/venv/lib/python3.8/site-packages/setuptools/installer.py:27: SetuptoolsDeprecationWarning: setuptools.installer is deprecated. Requirements should be satisfied by a PEP 517 installer.
2022-12-27T02:25:07.8325980Z     warnings.warn(
2022-12-27T02:25:08.4392110Z   Traceback (most recent call last):
2022-12-27T02:25:08.4393210Z     File "<string>", line 2, in <module>
2022-12-27T02:25:08.4395800Z     File "<pip-setuptools-caller>", line 34, in <module>
2022-12-27T02:25:08.4397610Z     File "/Users/runner/actions-runner/_work/python.build/python.build/build_grpcio10038/grpcio-1.0.0/setup.py", line 257, in <module>
2022-12-27T02:25:08.4398810Z       setuptools.setup(
2022-12-27T02:25:08.4401340Z     File "/private/var/folders/51/hd414ycd67n82196sw51xqtc0000gn/T/cibw-run-jp0c7ufl/cp38-macosx_arm64/build/venv/lib/python3.8/site-packages/setuptools/__init__.py", line 86, in setup
2022-12-27T02:25:08.4403040Z       _install_setup_requires(attrs)
2022-12-27T02:25:08.4405790Z     File "/private/var/folders/51/hd414ycd67n82196sw51xqtc0000gn/T/cibw-run-jp0c7ufl/cp38-macosx_arm64/build/venv/lib/python3.8/site-packages/setuptools/__init__.py", line 80, in _install_setup_requires
2022-12-27T02:25:08.4407340Z       dist.fetch_build_eggs(dist.setup_requires)
2022-12-27T02:25:08.4410020Z     File "/private/var/folders/51/hd414ycd67n82196sw51xqtc0000gn/T/cibw-run-jp0c7ufl/cp38-macosx_arm64/build/venv/lib/python3.8/site-packages/setuptools/dist.py", line 874, in fetch_build_eggs
2022-12-27T02:25:08.4411840Z       resolved_dists = pkg_resources.working_set.resolve(
2022-12-27T02:25:08.4414550Z     File "/private/var/folders/51/hd414ycd67n82196sw51xqtc0000gn/T/cibw-run-jp0c7ufl/cp38-macosx_arm64/build/venv/lib/python3.8/site-packages/pkg_resources/__init__.py", line 789, in resolve
2022-12-27T02:25:08.4416140Z       dist = best[req.key] = env.best_match(
2022-12-27T02:25:08.4418540Z     File "/private/var/folders/51/hd414ycd67n82196sw51xqtc0000gn/T/cibw-run-jp0c7ufl/cp38-macosx_arm64/build/venv/lib/python3.8/site-packages/pkg_resources/__init__.py", line 1075, in best_match
2022-12-27T02:25:08.4420150Z       return self.obtain(req, installer)
2022-12-27T02:25:08.4422820Z     File "/private/var/folders/51/hd414ycd67n82196sw51xqtc0000gn/T/cibw-run-jp0c7ufl/cp38-macosx_arm64/build/venv/lib/python3.8/site-packages/pkg_resources/__init__.py", line 1087, in obtain
2022-12-27T02:25:08.4424510Z       return installer(requirement)
2022-12-27T02:25:08.4426630Z     File "/private/var/folders/51/hd414ycd67n82196sw51xqtc0000gn/T/cibw-run-jp0c7ufl/cp38-macosx_arm64/build/venv/lib/python3.8/site-packages/setuptools/dist.py", line 944, in fetch_build_egg
2022-12-27T02:25:08.4428240Z       return fetch_build_egg(self, req)
2022-12-27T02:25:08.4430610Z     File "/private/var/folders/51/hd414ycd67n82196sw51xqtc0000gn/T/cibw-run-jp0c7ufl/cp38-macosx_arm64/build/venv/lib/python3.8/site-packages/setuptools/installer.py", line 87, in fetch_build_egg
2022-12-27T02:25:08.4432000Z       wheel.install_as_egg(dist_location)
2022-12-27T02:25:08.4434340Z     File "/private/var/folders/51/hd414ycd67n82196sw51xqtc0000gn/T/cibw-run-jp0c7ufl/cp38-macosx_arm64/build/venv/lib/python3.8/site-packages/setuptools/wheel.py", line 110, in install_as_egg
2022-12-27T02:25:08.4435940Z       self._install_as_egg(destination_eggdir, zf)
2022-12-27T02:25:08.4438190Z     File "/private/var/folders/51/hd414ycd67n82196sw51xqtc0000gn/T/cibw-run-jp0c7ufl/cp38-macosx_arm64/build/venv/lib/python3.8/site-packages/setuptools/wheel.py", line 118, in _install_as_egg
2022-12-27T02:25:08.4439850Z       self._convert_metadata(zf, destination_eggdir, dist_info, egg_info)
2022-12-27T02:25:08.4442220Z     File "/private/var/folders/51/hd414ycd67n82196sw51xqtc0000gn/T/cibw-run-jp0c7ufl/cp38-macosx_arm64/build/venv/lib/python3.8/site-packages/setuptools/wheel.py", line 162, in _convert_metadata
2022-12-27T02:25:08.4444080Z       os.rename(dist_info, egg_info)
2022-12-27T02:25:08.4446440Z   OSError: [Errno 66] Directory not empty: '/Users/runner/actions-runner/_work/python.build/python.build/build_grpcio10038/grpcio-1.0.0/.eggs/MarkupSafe-2.1.1-py3.8-macosx-11.0-arm64.egg/MarkupSafe-2.1.1.dist-info' -> '/Users/runner/actions-runner/_work/python.build/python.build/build_grpcio10038/grpcio-1.0.0/.eggs/MarkupSafe-2.1.1-py3.8-macosx-11.0-arm64.egg/EGG-INFO'
2022-12-27T02:25:08.4791210Z   error: subprocess-exited-with-error
2022-12-27T02:25:08.4791610Z   
2022-12-27T02:25:08.4792060Z   × python setup.py clean did not run successfully.
2022-12-27T02:25:08.4792390Z   │ exit code: 1
2022-12-27T02:25:08.4792650Z   ╰─> See above for output.
2022-12-27T02:25:08.4792850Z   
2022-12-27T02:25:08.4793080Z   note: This error originates from a subprocess, and is likely not a problem with pip.
2022-12-27T02:25:08.4801680Z   full command: /private/var/folders/51/hd414ycd67n82196sw51xqtc0000gn/T/cibw-run-jp0c7ufl/cp38-macosx_arm64/build/venv/bin/python -u -c '
2022-12-27T02:25:08.4802140Z   exec(compile('"'"''"'"''"'"'
2022-12-27T02:25:08.4802560Z   # This is <pip-setuptools-caller> -- a caller that pip uses to run setup.py
2022-12-27T02:25:08.4802810Z   #
2022-12-27T02:25:08.4803050Z   # - It imports setuptools before invoking setup.py, to enable projects that directly
2022-12-27T02:25:08.4803290Z   #   import from `distutils.core` to work with newer packaging standards.
2022-12-27T02:25:08.4803590Z   # - It provides a clear error message when setuptools is not installed.
2022-12-27T02:25:08.4803880Z   # - It sets `sys.argv[0]` to the underlying `setup.py`, when invoking `setup.py` so
2022-12-27T02:25:08.4804310Z   #   setuptools doesn'"'"'t think the script is `-c`. This avoids the following warning:
2022-12-27T02:25:08.4804590Z   #     manifest_maker: standard file '"'"'-c'"'"' not found".
2022-12-27T02:25:08.4805360Z   # - It generates a shim setup.py, for handling setup.cfg-only projects.
2022-12-27T02:25:08.4805600Z   import os, sys, tokenize
2022-12-27T02:25:08.4805760Z   
2022-12-27T02:25:08.4805850Z   try:
2022-12-27T02:25:08.4806000Z       import setuptools
2022-12-27T02:25:08.4806170Z   except ImportError as error:
2022-12-27T02:25:08.4806350Z       print(
2022-12-27T02:25:08.4806530Z           "ERROR: Can not execute `setup.py` since setuptools is not available in "
2022-12-27T02:25:08.4806750Z           "the build environment.",
2022-12-27T02:25:08.4806930Z           file=sys.stderr,
2022-12-27T02:25:08.4807150Z       )
2022-12-27T02:25:08.4807400Z       sys.exit(1)
2022-12-27T02:25:08.4807630Z   
2022-12-27T02:25:08.4807800Z   __file__ = %r
2022-12-27T02:25:08.4808050Z   sys.argv[0] = __file__
2022-12-27T02:25:08.4808230Z   
2022-12-27T02:25:08.4808370Z   if os.path.exists(__file__):
2022-12-27T02:25:08.4808550Z       filename = __file__
2022-12-27T02:25:08.4808720Z       with tokenize.open(__file__) as f:
2022-12-27T02:25:08.4808850Z           setup_py_code = f.read()
2022-12-27T02:25:08.4809030Z   else:
2022-12-27T02:25:08.4809280Z       filename = "<auto-generated setuptools caller>"
2022-12-27T02:25:08.4809470Z       setup_py_code = "from setuptools import setup; setup()"
2022-12-27T02:25:08.4809630Z   
2022-12-27T02:25:08.4809820Z   exec(compile(setup_py_code, filename, "exec"))
2022-12-27T02:25:08.4810190Z   '"'"''"'"''"'"' % ('"'"'/Users/runner/actions-runner/_work/python.build/python.build/build_grpcio10038/grpcio-1.0.0/setup.py'"'"',), "<pip-setuptools-caller>", "exec"))' clean --all
2022-12-27T02:25:08.4810600Z   cwd: /Users/runner/actions-runner/_work/python.build/python.build/build_grpcio10038/grpcio-1.0.0
2022-12-27T02:25:08.4810830Z   ERROR: Failed cleaning build dir for grpcio
2022-12-27T02:25:08.4814270Z Failed to build grpcio
2022-12-27T02:25:08.4818430Z ERROR: Failed to build one or more wheels
2022-12-27T02:25:08.4828400Z Exception information:
2022-12-27T02:25:08.4828960Z Traceback (most recent call last):
2022-12-27T02:25:08.4830370Z   File "/private/var/folders/51/hd414ycd67n82196sw51xqtc0000gn/T/cibw-run-jp0c7ufl/cp38-macosx_arm64/build/venv/lib/python3.8/site-packages/pip/_internal/cli/base_command.py", line 160, in exc_logging_wrapper
2022-12-27T02:25:08.4831010Z     status = run_func(*args)
2022-12-27T02:25:08.4831760Z   File "/private/var/folders/51/hd414ycd67n82196sw51xqtc0000gn/T/cibw-run-jp0c7ufl/cp38-macosx_arm64/build/venv/lib/python3.8/site-packages/pip/_internal/cli/req_command.py", line 247, in wrapper
2022-12-27T02:25:08.4832300Z     return func(self, options, args)
2022-12-27T02:25:08.4833080Z   File "/private/var/folders/51/hd414ycd67n82196sw51xqtc0000gn/T/cibw-run-jp0c7ufl/cp38-macosx_arm64/build/venv/lib/python3.8/site-packages/pip/_internal/commands/wheel.py", line 201, in run
2022-12-27T02:25:08.4833800Z     raise CommandError("Failed to build one or more wheels")
2022-12-27T02:25:08.4834220Z pip._internal.exceptions.CommandError: Failed to build one or more wheels
2022-12-27T02:25:08.4834810Z Removed build tracker: '/private/var/folders/51/hd414ycd67n82196sw51xqtc0000gn/T/pip-build-tracker-xln2wp6r'
2022-12-27T02:25:08.5201510Z ##[endgroup]
2022-12-27T02:25:08.5202140Z                                                              [31m✕ [0m17.18s
2022-12-27T02:25:08.5753550Z ##[error]Command ['python', '-m', 'pip', 'wheel', '/Users/runner/actions-runner/_work/python.build/python.build/build_grpcio10038/grpcio-1.0.0', '--wheel-dir=/private/var/folders/51/hd414ycd67n82196sw51xqtc0000gn/T/cibw-run-jp0c7ufl/cp38-macosx_arm64/built_wheel', '--no-deps', '-vvv'] failed with code 1. None
2022-12-27T02:25:08.5759560Z 
2022-12-27T02:25:08.5868570Z ##[error]Process completed with exit code 1.
2022-12-27T02:25:08.5902060Z ##[group]Run rm -rf build_grpcio10038 wheelsout
2022-12-27T02:25:08.5902250Z [36;1mrm -rf build_grpcio10038 wheelsout[0m
2022-12-27T02:25:08.5917390Z shell: /bin/bash -e {0}
2022-12-27T02:25:08.5917510Z env:
2022-12-27T02:25:08.5917830Z   pythonLocation: /Users/runner/hostedtoolcache/Python/3.8.15/x64
2022-12-27T02:25:08.5918020Z   PKG_CONFIG_PATH: /Users/runner/hostedtoolcache/Python/3.8.15/x64/lib/pkgconfig
2022-12-27T02:25:08.5918220Z   Python_ROOT_DIR: /Users/runner/hostedtoolcache/Python/3.8.15/x64
2022-12-27T02:25:08.5918400Z   Python2_ROOT_DIR: /Users/runner/hostedtoolcache/Python/3.8.15/x64
2022-12-27T02:25:08.5918580Z   Python3_ROOT_DIR: /Users/runner/hostedtoolcache/Python/3.8.15/x64
2022-12-27T02:25:08.5918720Z ##[endgroup]
2022-12-27T02:25:08.9551720Z Cleaning up orphan processes
