2022-12-27T08:55:27.1292419Z Requested labels: self-hosted, macOS, X64
2022-12-27T08:55:27.1292488Z Job defined at: kilnbuild/python.build/.github/workflows/mac_arm_build.yml@refs/heads/main
2022-12-27T08:55:27.1292512Z Waiting for a runner to pick up this job...
2022-12-27T11:33:08.9024096Z Job is about to start running on the runner: k2 (organization)
2022-12-27T11:33:11.4867320Z Current runner version: '2.300.2'
2022-12-27T11:33:11.4872090Z Runner name: 'k2'
2022-12-27T11:33:11.4872320Z Runner group name: 'Default'
2022-12-27T11:33:11.4872760Z Machine name: 'k2'
2022-12-27T11:33:11.4874200Z ##[group]GITHUB_TOKEN Permissions
2022-12-27T11:33:11.4874600Z Actions: write
2022-12-27T11:33:11.4874740Z Checks: write
2022-12-27T11:33:11.4874870Z Contents: write
2022-12-27T11:33:11.4875000Z Deployments: write
2022-12-27T11:33:11.4875140Z Discussions: write
2022-12-27T11:33:11.4875280Z Issues: write
2022-12-27T11:33:11.4875410Z Metadata: read
2022-12-27T11:33:11.4875540Z Packages: write
2022-12-27T11:33:11.4875670Z Pages: write
2022-12-27T11:33:11.4875800Z PullRequests: write
2022-12-27T11:33:11.4875970Z RepositoryProjects: write
2022-12-27T11:33:11.4876120Z SecurityEvents: write
2022-12-27T11:33:11.4876260Z Statuses: write
2022-12-27T11:33:11.4876400Z ##[endgroup]
2022-12-27T11:33:11.4879020Z Secret source: Actions
2022-12-27T11:33:11.4879340Z Prepare workflow directory
2022-12-27T11:33:11.5525410Z Prepare all required actions
2022-12-27T11:33:11.5643200Z Getting action download info
2022-12-27T11:33:12.0107390Z Download action repository 'actions/setup-python@v4' (SHA:5ccb29d8773c3f3f653e1705f474dfaa8a06a912)
2022-12-27T11:33:13.7703620Z Download action repository 'actions/upload-artifact@v3' (SHA:83fd05a356d7e2593de66fc9913b3002723633cb)
2022-12-27T11:33:15.0949940Z ##[group]Run echo '{
2022-12-27T11:33:15.0950210Z [36;1mecho '{[0m
2022-12-27T11:33:15.0950370Z [36;1m  "package_name": "lxml",[0m
2022-12-27T11:33:15.0950640Z [36;1m  "package_url": "https://files.pythonhosted.org/packages/48/71/397947beaadda1b2ad589a685160b8848888364af387b6c6707bb2769a23/lxml-2.2.8.tar.gz",[0m
2022-12-27T11:33:15.0950850Z [36;1m  "package_version": "2.2.8",[0m
2022-12-27T11:33:15.0950980Z [36;1m  "python_version": "3.10",[0m
2022-12-27T11:33:15.0951100Z [36;1m  "use_ccache": "true"[0m
2022-12-27T11:33:15.0951200Z [36;1m}'[0m
2022-12-27T11:33:15.0966820Z shell: /bin/bash -e {0}
2022-12-27T11:33:15.0966960Z ##[endgroup]
2022-12-27T11:33:15.1193220Z {
2022-12-27T11:33:15.1194520Z   "package_name": "lxml",
2022-12-27T11:33:15.1195230Z   "package_url": "https://files.pythonhosted.org/packages/48/71/397947beaadda1b2ad589a685160b8848888364af387b6c6707bb2769a23/lxml-2.2.8.tar.gz",
2022-12-27T11:33:15.1195530Z   "package_version": "2.2.8",
2022-12-27T11:33:15.1195770Z   "python_version": "3.10",
2022-12-27T11:33:15.1195930Z   "use_ccache": "true"
2022-12-27T11:33:15.1196160Z }
2022-12-27T11:33:15.1409070Z ##[group]Run actions/setup-python@v4
2022-12-27T11:33:15.1409330Z with:
2022-12-27T11:33:15.1409480Z   python-version: 3.10
2022-12-27T11:33:15.1409660Z   check-latest: false
2022-12-27T11:33:15.1410050Z   token: ***
2022-12-27T11:33:15.1410240Z   update-environment: true
2022-12-27T11:33:15.1410400Z ##[endgroup]
2022-12-27T11:33:15.2671070Z ##[group]Installed versions
2022-12-27T11:33:15.2708750Z Successfully set up CPython (3.10.9)
2022-12-27T11:33:15.2709580Z ##[endgroup]
2022-12-27T11:33:15.2855520Z ##[group]Run if [ "true" == "true" ]
2022-12-27T11:33:15.2855910Z [36;1mif [ "true" == "true" ][0m
2022-12-27T11:33:15.2856070Z [36;1mthen[0m
2022-12-27T11:33:15.2856300Z [36;1m  echo "CCACHE_PATH_PREPEND=/usr/local/opt/ccache/libexec" >> $GITHUB_OUTPUT[0m
2022-12-27T11:33:15.2856510Z [36;1melse[0m
2022-12-27T11:33:15.2856680Z [36;1m  echo "CCACHE_PATH_PREPEND=" >> $GITHUB_OUTPUT[0m
2022-12-27T11:33:15.2857180Z [36;1mfi[0m
2022-12-27T11:33:15.2873780Z shell: /bin/bash -e {0}
2022-12-27T11:33:15.2874000Z env:
2022-12-27T11:33:15.2874270Z   pythonLocation: /Users/runner/hostedtoolcache/Python/3.10.9/x64
2022-12-27T11:33:15.2874540Z   PKG_CONFIG_PATH: /Users/runner/hostedtoolcache/Python/3.10.9/x64/lib/pkgconfig
2022-12-27T11:33:15.2874800Z   Python_ROOT_DIR: /Users/runner/hostedtoolcache/Python/3.10.9/x64
2022-12-27T11:33:15.2875010Z   Python2_ROOT_DIR: /Users/runner/hostedtoolcache/Python/3.10.9/x64
2022-12-27T11:33:15.2875360Z   Python3_ROOT_DIR: /Users/runner/hostedtoolcache/Python/3.10.9/x64
2022-12-27T11:33:15.2875950Z ##[endgroup]
2022-12-27T11:33:15.2988230Z ##[group]Run echo "BUILD_NAME=$(echo lxml_2.2.8_3.10 | tr -dc '[:alnum:]\n\r' | tr '[:upper:]' '[:lower:]')" >> $GITHUB_OUTPUT
2022-12-27T11:33:15.2988650Z [36;1mecho "BUILD_NAME=$(echo lxml_2.2.8_3.10 | tr -dc '[:alnum:]\n\r' | tr '[:upper:]' '[:lower:]')" >> $GITHUB_OUTPUT[0m
2022-12-27T11:33:15.3002270Z shell: /bin/bash -e {0}
2022-12-27T11:33:15.3002570Z env:
2022-12-27T11:33:15.3002790Z   pythonLocation: /Users/runner/hostedtoolcache/Python/3.10.9/x64
2022-12-27T11:33:15.3003020Z   PKG_CONFIG_PATH: /Users/runner/hostedtoolcache/Python/3.10.9/x64/lib/pkgconfig
2022-12-27T11:33:15.3003270Z   Python_ROOT_DIR: /Users/runner/hostedtoolcache/Python/3.10.9/x64
2022-12-27T11:33:15.3003590Z   Python2_ROOT_DIR: /Users/runner/hostedtoolcache/Python/3.10.9/x64
2022-12-27T11:33:15.3003830Z   Python3_ROOT_DIR: /Users/runner/hostedtoolcache/Python/3.10.9/x64
2022-12-27T11:33:15.3003990Z ##[endgroup]
2022-12-27T11:33:15.3176770Z ##[group]Run echo "PYTHON_NO_DOTS=$(echo 3.10 | tr -dc '[:alnum:]\n\r' | tr '[:upper:]' '[:lower:]')" >> $GITHUB_OUTPUT
2022-12-27T11:33:15.3177190Z [36;1mecho "PYTHON_NO_DOTS=$(echo 3.10 | tr -dc '[:alnum:]\n\r' | tr '[:upper:]' '[:lower:]')" >> $GITHUB_OUTPUT[0m
2022-12-27T11:33:15.3191990Z shell: /bin/bash -e {0}
2022-12-27T11:33:15.3192140Z env:
2022-12-27T11:33:15.3192360Z   pythonLocation: /Users/runner/hostedtoolcache/Python/3.10.9/x64
2022-12-27T11:33:15.3192700Z   PKG_CONFIG_PATH: /Users/runner/hostedtoolcache/Python/3.10.9/x64/lib/pkgconfig
2022-12-27T11:33:15.3192920Z   Python_ROOT_DIR: /Users/runner/hostedtoolcache/Python/3.10.9/x64
2022-12-27T11:33:15.3193160Z   Python2_ROOT_DIR: /Users/runner/hostedtoolcache/Python/3.10.9/x64
2022-12-27T11:33:15.3193390Z   Python3_ROOT_DIR: /Users/runner/hostedtoolcache/Python/3.10.9/x64
2022-12-27T11:33:15.3193600Z ##[endgroup]
2022-12-27T11:33:15.3315920Z ##[group]Run rm -rf build_lxml228310
2022-12-27T11:33:15.3316260Z [36;1mrm -rf build_lxml228310[0m
2022-12-27T11:33:15.3316450Z [36;1mmkdir build_lxml228310[0m
2022-12-27T11:33:15.3316630Z [36;1mcd build_lxml228310[0m
2022-12-27T11:33:15.3316920Z [36;1m/usr/local/bin/wget --quiet https://files.pythonhosted.org/packages/48/71/397947beaadda1b2ad589a685160b8848888364af387b6c6707bb2769a23/lxml-2.2.8.tar.gz[0m
2022-12-27T11:33:15.3317230Z [36;1mtar xf *.tar.gz[0m
2022-12-27T11:33:15.3317370Z [36;1mcd *[0m
2022-12-27T11:33:15.3317570Z [36;1mpython -m pip install cibuildwheel==2.11.3[0m
2022-12-27T11:33:15.3317790Z [36;1mpython -m cibuildwheel --output-dir ../wheelsout[0m
2022-12-27T11:33:15.3331580Z shell: /bin/bash -e {0}
2022-12-27T11:33:15.3331740Z env:
2022-12-27T11:33:15.3331950Z   pythonLocation: /Users/runner/hostedtoolcache/Python/3.10.9/x64
2022-12-27T11:33:15.3332220Z   PKG_CONFIG_PATH: /Users/runner/hostedtoolcache/Python/3.10.9/x64/lib/pkgconfig
2022-12-27T11:33:15.3332540Z   Python_ROOT_DIR: /Users/runner/hostedtoolcache/Python/3.10.9/x64
2022-12-27T11:33:15.3332780Z   Python2_ROOT_DIR: /Users/runner/hostedtoolcache/Python/3.10.9/x64
2022-12-27T11:33:15.3332990Z   Python3_ROOT_DIR: /Users/runner/hostedtoolcache/Python/3.10.9/x64
2022-12-27T11:33:15.3333200Z   CIBW_ARCHS_MACOS: arm64
2022-12-27T11:33:15.3333420Z   CIBW_TEST_SKIP: *_arm64
2022-12-27T11:33:15.3333570Z   CIBW_BUILD: cp310-macosx_arm64
2022-12-27T11:33:15.3333760Z   CIBW_BUILD_FRONTEND: pip
2022-12-27T11:33:15.3333940Z   CIBW_BUILD_VERBOSITY: 3
2022-12-27T11:33:15.3334220Z   CIBW_ENVIRONMENT_MACOS:  CFLAGS="-I/usr/local/opt/openssl@3/include" LDFLAGS="-L/usr/local/opt/openssl@3/lib" CPPFLAGS="-I/usr/local/opt/openssl@3/include" MAKEFLAGS="-j$(sysctl -n hw.logicalcpu)" PATH=/usr/local/opt/ccache/libexec:$PATH
2022-12-27T11:33:15.3334620Z   CIBW_BEFORE_BUILD: pip install Cython; if [[ -f requirements.txt ]]; then pip install -r requirements.txt; fi
2022-12-27T11:33:15.3334880Z   MAKEFLAGS: -j$(sysctl -n hw.logicalcpu)
2022-12-27T11:33:15.3335060Z ##[endgroup]
2022-12-27T11:33:15.8174990Z Requirement already satisfied: cibuildwheel==2.11.3 in /Users/runner/hostedtoolcache/Python/3.10.9/x64/lib/python3.10/site-packages (2.11.3)
2022-12-27T11:33:15.8433830Z Requirement already satisfied: typing-extensions>=4.1.0 in /Users/runner/hostedtoolcache/Python/3.10.9/x64/lib/python3.10/site-packages (from cibuildwheel==2.11.3) (4.4.0)
2022-12-27T11:33:15.8439850Z Requirement already satisfied: bashlex!=0.13 in /Users/runner/hostedtoolcache/Python/3.10.9/x64/lib/python3.10/site-packages (from cibuildwheel==2.11.3) (0.16)
2022-12-27T11:33:15.8443210Z Requirement already satisfied: certifi in /Users/runner/hostedtoolcache/Python/3.10.9/x64/lib/python3.10/site-packages (from cibuildwheel==2.11.3) (2022.12.7)
2022-12-27T11:33:15.8447870Z Requirement already satisfied: packaging>=20.9 in /Users/runner/hostedtoolcache/Python/3.10.9/x64/lib/python3.10/site-packages (from cibuildwheel==2.11.3) (22.0)
2022-12-27T11:33:15.8453990Z Requirement already satisfied: tomli in /Users/runner/hostedtoolcache/Python/3.10.9/x64/lib/python3.10/site-packages (from cibuildwheel==2.11.3) (2.0.1)
2022-12-27T11:33:15.8457270Z Requirement already satisfied: filelock in /Users/runner/hostedtoolcache/Python/3.10.9/x64/lib/python3.10/site-packages (from cibuildwheel==2.11.3) (3.8.2)
2022-12-27T11:33:15.8460580Z Requirement already satisfied: bracex in /Users/runner/hostedtoolcache/Python/3.10.9/x64/lib/python3.10/site-packages (from cibuildwheel==2.11.3) (2.3.post1)
2022-12-27T11:33:15.8464080Z Requirement already satisfied: platformdirs in /Users/runner/hostedtoolcache/Python/3.10.9/x64/lib/python3.10/site-packages (from cibuildwheel==2.11.3) (2.6.0)
2022-12-27T11:33:16.0342610Z 
2022-12-27T11:33:16.0343290Z      _ _       _ _   _       _           _
2022-12-27T11:33:16.0344230Z  ___|_| |_ _ _|_| |_| |_ _ _| |_ ___ ___| |
2022-12-27T11:33:16.0345190Z |  _| | . | | | | | . | | | |   | -_| -_| |
2022-12-27T11:33:16.0346260Z |___|_|___|___|_|_|___|_____|_|_|___|___|_|
2022-12-27T11:33:16.0346500Z 
2022-12-27T11:33:16.0346630Z cibuildwheel version 2.11.3
2022-12-27T11:33:16.0346790Z 
2022-12-27T11:33:16.0346920Z Build options:
2022-12-27T11:33:16.0347130Z   platform: macos
2022-12-27T11:33:16.0405340Z   architectures: arm64[0m
2022-12-27T11:33:16.0405770Z   build_selector: 
2022-12-27T11:33:16.0406220Z     build_config: cp310-macosx_arm64
2022-12-27T11:33:16.0406640Z     skip_config: 
2022-12-27T11:33:16.0407020Z     requires_python: None
2022-12-27T11:33:16.0407720Z     prerelease_pythons: False[0m
2022-12-27T11:33:16.0408200Z   [38;5;244mcontainer_engine: docker[0m
2022-12-27T11:33:16.0408710Z   output_dir: /Users/runner/actions-runner/_work/python.build/python.build/build_lxml228310/wheelsout[0m
2022-12-27T11:33:16.0409270Z   package_dir: /Users/runner/actions-runner/_work/python.build/python.build/build_lxml228310/lxml-2.2.8[0m
2022-12-27T11:33:16.0409620Z   test_selector: 
2022-12-27T11:33:16.0410020Z     skip_config: *_arm64[0m
2022-12-27T11:33:16.0410340Z   [38;5;244mbefore_all: [0m
2022-12-27T11:33:16.0410780Z   before_build: pip install Cython; if [[ -f requirements.txt ]]; then pip install -r requirements.txt; fi[0m
2022-12-27T11:33:16.0411190Z   [38;5;244mbefore_test: [0m
2022-12-27T11:33:16.0411580Z   [38;5;244mbuild_frontend: pip[0m
2022-12-27T11:33:16.0411860Z   build_verbosity: 3[0m
2022-12-27T11:33:16.0412190Z   [38;5;244mconfig_settings: [0m
2022-12-27T11:33:16.0412550Z   [38;5;244mdependency_constraints: pinned[0m
2022-12-27T11:33:16.0412790Z   environment: 
2022-12-27T11:33:16.0413210Z     CFLAGS="-I/usr/local/opt/openssl@3/include"
2022-12-27T11:33:16.0413600Z     LDFLAGS="-L/usr/local/opt/openssl@3/lib"
2022-12-27T11:33:16.0413990Z     CPPFLAGS="-I/usr/local/opt/openssl@3/include"
2022-12-27T11:33:16.0414320Z     MAKEFLAGS="-j$(sysctl -n hw.logicalcpu)"
2022-12-27T11:33:16.0414710Z     PATH=/usr/local/opt/ccache/libexec:$PATH[0m
2022-12-27T11:33:16.0415130Z   [38;5;244mmanylinux_images: None[0m
2022-12-27T11:33:16.0415430Z   [38;5;244mmusllinux_images: None[0m
2022-12-27T11:33:16.0415900Z   [38;5;244mrepair_command: delocate-wheel --require-archs {delocate_archs} -w {dest_dir} -v {wheel}[0m
2022-12-27T11:33:16.0416630Z   [38;5;244mtest_command: [0m
2022-12-27T11:33:16.0416850Z   [38;5;244mtest_extras: [0m
2022-12-27T11:33:16.0417150Z   [38;5;244mtest_requires: [0m
2022-12-27T11:33:16.0417280Z 
2022-12-27T11:33:16.0417410Z Cache folder: /Users/runner/Library/Caches/cibuildwheel
2022-12-27T11:33:16.0423190Z 
2022-12-27T11:33:16.0423450Z Here we go!
2022-12-27T11:33:16.0423620Z 
2022-12-27T11:33:16.0548130Z 
2022-12-27T11:33:16.0548700Z [1m[34mBuilding cp310-macosx_arm64 wheel[0m
2022-12-27T11:33:16.0549150Z CPython 3.10 macOS arm64 - Apple Silicon
2022-12-27T11:33:16.0549350Z 
2022-12-27T11:33:16.0551200Z ##[group]Installing Python cp310...
2022-12-27T11:33:16.0551480Z 
2022-12-27T11:33:16.0552000Z + pkgutil --pkgs
2022-12-27T11:33:16.0657940Z ##[endgroup]
2022-12-27T11:33:16.0658730Z                                                               [32m✓ [0m0.01s
2022-12-27T11:33:16.0659260Z ##[group]Setting up build environment...
2022-12-27T11:33:16.0659420Z 
2022-12-27T11:33:16.0677740Z + /Users/runner/hostedtoolcache/Python/3.10.9/x64/bin/python -sS /Users/runner/Library/Caches/cibuildwheel/virtualenv-20.17.0.pyz --activators= --no-periodic-update --pip=22.3.1 --setuptools=65.6.3 --wheel=0.38.4 --symlink-app-data --python /Library/Frameworks/Python.framework/Versions/3.10/bin/python3 /private/var/folders/51/hd414ycd67n82196sw51xqtc0000gn/T/cibw-run-pa4vuzde/cp310-macosx_arm64/build/venv
2022-12-27T11:33:16.2601980Z created virtual environment CPython3.10.8.final.0-64 in 48ms
2022-12-27T11:33:16.2602910Z   creator CPython3Posix(dest=/private/var/folders/51/hd414ycd67n82196sw51xqtc0000gn/T/cibw-run-pa4vuzde/cp310-macosx_arm64/build/venv, clear=False, no_vcs_ignore=False, global=False)
2022-12-27T11:33:16.2603990Z   seeder FromAppData(download=False, pip=22.3.1, setuptools=65.6.3, wheel=0.38.4, via=symlink, app_data_dir=/Users/runner/Library/Application Support/virtualenv)
2022-12-27T11:33:16.2604610Z     added seed packages: pip==22.3.1, setuptools==65.6.3, wheel==0.38.4
2022-12-27T11:33:16.2743000Z + python -m pip install --upgrade pip -c /Users/runner/hostedtoolcache/Python/3.10.9/x64/lib/python3.10/site-packages/cibuildwheel/resources/constraints-python310.txt
2022-12-27T11:33:16.5527890Z Requirement already satisfied: pip in ./lib/python3.10/site-packages (22.3.1)
2022-12-27T11:33:16.6902960Z + which pip
2022-12-27T11:33:16.6925700Z /private/var/folders/51/hd414ycd67n82196sw51xqtc0000gn/T/cibw-run-pa4vuzde/cp310-macosx_arm64/build/venv/bin/pip
2022-12-27T11:33:16.6928680Z + pip --version
2022-12-27T11:33:16.9094940Z pip 22.3.1 from /private/var/folders/51/hd414ycd67n82196sw51xqtc0000gn/T/cibw-run-pa4vuzde/cp310-macosx_arm64/build/venv/lib/python3.10/site-packages/pip (python 3.10)
2022-12-27T11:33:16.9327570Z + which pip
2022-12-27T11:33:16.9359360Z + which python
2022-12-27T11:33:16.9380610Z /private/var/folders/51/hd414ycd67n82196sw51xqtc0000gn/T/cibw-run-pa4vuzde/cp310-macosx_arm64/build/venv/bin/python
2022-12-27T11:33:16.9383280Z + python --version
2022-12-27T11:33:16.9434690Z Python 3.10.8
2022-12-27T11:33:16.9437840Z + which python
2022-12-27T11:33:16.9493850Z ##[endgroup]
2022-12-27T11:33:16.9494680Z                                                               [32m✓ [0m0.88s
2022-12-27T11:33:16.9495180Z ##[group]Installing build tools...
2022-12-27T11:33:16.9495370Z 
2022-12-27T11:33:16.9495910Z + pip install --upgrade setuptools wheel delocate -c /Users/runner/hostedtoolcache/Python/3.10.9/x64/lib/python3.10/site-packages/cibuildwheel/resources/constraints-python310.txt
2022-12-27T11:33:17.2261240Z Requirement already satisfied: setuptools in /private/var/folders/51/hd414ycd67n82196sw51xqtc0000gn/T/cibw-run-pa4vuzde/cp310-macosx_arm64/build/venv/lib/python3.10/site-packages (65.6.3)
2022-12-27T11:33:17.4137510Z Requirement already satisfied: wheel in /private/var/folders/51/hd414ycd67n82196sw51xqtc0000gn/T/cibw-run-pa4vuzde/cp310-macosx_arm64/build/venv/lib/python3.10/site-packages (0.38.4)
2022-12-27T11:33:17.4553560Z Collecting delocate
2022-12-27T11:33:17.4576460Z   Using cached delocate-0.10.3-py3-none-any.whl (142 kB)
2022-12-27T11:33:17.4785100Z Collecting typing-extensions
2022-12-27T11:33:17.4802590Z   Using cached typing_extensions-4.4.0-py3-none-any.whl (26 kB)
2022-12-27T11:33:17.5031270Z Collecting packaging>=20.9
2022-12-27T11:33:17.5049710Z   Using cached packaging-21.3-py3-none-any.whl (40 kB)
2022-12-27T11:33:17.5370540Z Collecting pyparsing!=3.0.5,>=2.0.2
2022-12-27T11:33:17.5389930Z   Using cached pyparsing-3.0.9-py3-none-any.whl (98 kB)
2022-12-27T11:33:17.5715560Z Installing collected packages: typing-extensions, pyparsing, packaging, delocate
2022-12-27T11:33:17.6960340Z Successfully installed delocate-0.10.3 packaging-21.3 pyparsing-3.0.9 typing-extensions-4.4.0
2022-12-27T11:33:17.7451710Z ##[endgroup]
2022-12-27T11:33:17.7452530Z                                                               [32m✓ [0m0.80s
2022-12-27T11:33:17.7453020Z ##[group]Running before_build...
2022-12-27T11:33:17.7453190Z 
2022-12-27T11:33:17.7459080Z + pip install Cython; if [[ -f requirements.txt ]]; then pip install -r requirements.txt; fi
2022-12-27T11:33:18.3387690Z Collecting Cython
2022-12-27T11:33:18.3433070Z   Using cached Cython-0.29.32-py2.py3-none-any.whl (986 kB)
2022-12-27T11:33:18.3812390Z Installing collected packages: Cython
2022-12-27T11:33:18.7670710Z Successfully installed Cython-0.29.32
2022-12-27T11:33:18.8129210Z ##[endgroup]
2022-12-27T11:33:18.8129810Z                                                               [32m✓ [0m1.07s
2022-12-27T11:33:18.8130260Z ##[group]Building wheel...
2022-12-27T11:33:18.8130400Z 
2022-12-27T11:33:18.8134890Z + python -m pip wheel /Users/runner/actions-runner/_work/python.build/python.build/build_lxml228310/lxml-2.2.8 --wheel-dir=/private/var/folders/51/hd414ycd67n82196sw51xqtc0000gn/T/cibw-run-pa4vuzde/cp310-macosx_arm64/built_wheel --no-deps -vvv
2022-12-27T11:33:19.0701150Z Created temporary directory: /private/var/folders/51/hd414ycd67n82196sw51xqtc0000gn/T/pip-ephem-wheel-cache-olfvm8kb
2022-12-27T11:33:19.0704440Z Created temporary directory: /private/var/folders/51/hd414ycd67n82196sw51xqtc0000gn/T/pip-build-tracker-o08ni6yi
2022-12-27T11:33:19.0706270Z Initialized build tracking at /private/var/folders/51/hd414ycd67n82196sw51xqtc0000gn/T/pip-build-tracker-o08ni6yi
2022-12-27T11:33:19.0707510Z Created build tracker: /private/var/folders/51/hd414ycd67n82196sw51xqtc0000gn/T/pip-build-tracker-o08ni6yi
2022-12-27T11:33:19.0709830Z Entered build tracker: /private/var/folders/51/hd414ycd67n82196sw51xqtc0000gn/T/pip-build-tracker-o08ni6yi
2022-12-27T11:33:19.0712110Z Created temporary directory: /private/var/folders/51/hd414ycd67n82196sw51xqtc0000gn/T/pip-wheel-b5vl2yfw
2022-12-27T11:33:19.0718740Z Created temporary directory: /private/var/folders/51/hd414ycd67n82196sw51xqtc0000gn/T/pip-ephem-wheel-cache-htc3yuub
2022-12-27T11:33:19.0874250Z Processing /Users/runner/actions-runner/_work/python.build/python.build/build_lxml228310/lxml-2.2.8
2022-12-27T11:33:19.0880160Z   Added file:///Users/runner/actions-runner/_work/python.build/python.build/build_lxml228310/lxml-2.2.8 to build tracker '/private/var/folders/51/hd414ycd67n82196sw51xqtc0000gn/T/pip-build-tracker-o08ni6yi'
2022-12-27T11:33:19.0883740Z   Running setup.py (path:/Users/runner/actions-runner/_work/python.build/python.build/build_lxml228310/lxml-2.2.8/setup.py) egg_info for package from file:///Users/runner/actions-runner/_work/python.build/python.build/build_lxml228310/lxml-2.2.8
2022-12-27T11:33:19.0886430Z   Created temporary directory: /private/var/folders/51/hd414ycd67n82196sw51xqtc0000gn/T/pip-pip-egg-info-nh9dc9ks
2022-12-27T11:33:19.0887790Z   Preparing metadata (setup.py): started
2022-12-27T11:33:19.0889400Z   Running command python setup.py egg_info
2022-12-27T11:33:19.4486200Z   Building lxml version 2.2.8.
2022-12-27T11:33:19.4486940Z   Building with Cython 0.29.32.
2022-12-27T11:33:19.4488650Z   Using build configuration of libxslt 1.1.29
2022-12-27T11:33:19.4490880Z   Building against libxml2/libxslt in the following directory: /Library/Developer/CommandLineTools/SDKs/MacOSX12.1.sdk/usr/lib
2022-12-27T11:33:19.4491680Z   running egg_info
2022-12-27T11:33:19.4493650Z   creating /private/var/folders/51/hd414ycd67n82196sw51xqtc0000gn/T/pip-pip-egg-info-nh9dc9ks/lxml.egg-info
2022-12-27T11:33:19.4495030Z   writing /private/var/folders/51/hd414ycd67n82196sw51xqtc0000gn/T/pip-pip-egg-info-nh9dc9ks/lxml.egg-info/PKG-INFO
2022-12-27T11:33:19.4496630Z   writing dependency_links to /private/var/folders/51/hd414ycd67n82196sw51xqtc0000gn/T/pip-pip-egg-info-nh9dc9ks/lxml.egg-info/dependency_links.txt
2022-12-27T11:33:19.4501700Z   writing top-level names to /private/var/folders/51/hd414ycd67n82196sw51xqtc0000gn/T/pip-pip-egg-info-nh9dc9ks/lxml.egg-info/top_level.txt
2022-12-27T11:33:19.4503870Z   writing manifest file '/private/var/folders/51/hd414ycd67n82196sw51xqtc0000gn/T/pip-pip-egg-info-nh9dc9ks/lxml.egg-info/SOURCES.txt'
2022-12-27T11:33:19.4556700Z   reading manifest file '/private/var/folders/51/hd414ycd67n82196sw51xqtc0000gn/T/pip-pip-egg-info-nh9dc9ks/lxml.egg-info/SOURCES.txt'
2022-12-27T11:33:19.4559080Z   reading manifest template 'MANIFEST.in'
2022-12-27T11:33:19.5366190Z   adding license file 'LICENSES.txt'
2022-12-27T11:33:19.5426570Z   writing manifest file '/private/var/folders/51/hd414ycd67n82196sw51xqtc0000gn/T/pip-pip-egg-info-nh9dc9ks/lxml.egg-info/SOURCES.txt'
2022-12-27T11:33:19.5707200Z   Preparing metadata (setup.py): finished with status 'done'
2022-12-27T11:33:19.5730590Z   Source in /Users/runner/actions-runner/_work/python.build/python.build/build_lxml228310/lxml-2.2.8 has version 2.2.8, which satisfies requirement lxml==2.2.8 from file:///Users/runner/actions-runner/_work/python.build/python.build/build_lxml228310/lxml-2.2.8
2022-12-27T11:33:19.5733910Z   Removed lxml==2.2.8 from file:///Users/runner/actions-runner/_work/python.build/python.build/build_lxml228310/lxml-2.2.8 from build tracker '/private/var/folders/51/hd414ycd67n82196sw51xqtc0000gn/T/pip-build-tracker-o08ni6yi'
2022-12-27T11:33:19.5749240Z Created temporary directory: /private/var/folders/51/hd414ycd67n82196sw51xqtc0000gn/T/pip-unpack-8fucstxi
2022-12-27T11:33:19.5751080Z Building wheels for collected packages: lxml
2022-12-27T11:33:19.5757150Z   Created temporary directory: /private/var/folders/51/hd414ycd67n82196sw51xqtc0000gn/T/pip-wheel-ba9i6so4
2022-12-27T11:33:19.5758300Z   Building wheel for lxml (setup.py): started
2022-12-27T11:33:19.5760180Z   Destination directory: /private/var/folders/51/hd414ycd67n82196sw51xqtc0000gn/T/pip-wheel-ba9i6so4
2022-12-27T11:33:19.5761410Z   Running command python setup.py bdist_wheel
2022-12-27T11:33:19.7969120Z   Building lxml version 2.2.8.
2022-12-27T11:33:19.7970890Z   Building with Cython 0.29.32.
2022-12-27T11:33:19.8103090Z   Using build configuration of libxslt 1.1.29
2022-12-27T11:33:19.9079450Z   Building against libxml2/libxslt in the following directory: /Library/Developer/CommandLineTools/SDKs/MacOSX12.1.sdk/usr/lib
2022-12-27T11:33:19.9288420Z   running bdist_wheel
2022-12-27T11:33:19.9323950Z   running build
2022-12-27T11:33:19.9325940Z   running build_py
2022-12-27T11:33:19.9348240Z   creating build
2022-12-27T11:33:19.9350690Z   creating build/lib.macosx-11.0-arm64-cpython-310
2022-12-27T11:33:19.9351940Z   creating build/lib.macosx-11.0-arm64-cpython-310/lxml
2022-12-27T11:33:19.9354100Z   copying src/lxml/_elementpath.py -> build/lib.macosx-11.0-arm64-cpython-310/lxml
2022-12-27T11:33:19.9355870Z   copying src/lxml/sax.py -> build/lib.macosx-11.0-arm64-cpython-310/lxml
2022-12-27T11:33:19.9357270Z   copying src/lxml/pyclasslookup.py -> build/lib.macosx-11.0-arm64-cpython-310/lxml
2022-12-27T11:33:19.9360060Z   copying src/lxml/__init__.py -> build/lib.macosx-11.0-arm64-cpython-310/lxml
2022-12-27T11:33:19.9363500Z   copying src/lxml/builder.py -> build/lib.macosx-11.0-arm64-cpython-310/lxml
2022-12-27T11:33:19.9365540Z   copying src/lxml/doctestcompare.py -> build/lib.macosx-11.0-arm64-cpython-310/lxml
2022-12-27T11:33:19.9366990Z   copying src/lxml/usedoctest.py -> build/lib.macosx-11.0-arm64-cpython-310/lxml
2022-12-27T11:33:19.9369420Z   copying src/lxml/cssselect.py -> build/lib.macosx-11.0-arm64-cpython-310/lxml
2022-12-27T11:33:19.9372250Z   copying src/lxml/ElementInclude.py -> build/lib.macosx-11.0-arm64-cpython-310/lxml
2022-12-27T11:33:19.9379580Z   creating build/lib.macosx-11.0-arm64-cpython-310/lxml/html
2022-12-27T11:33:19.9381230Z   copying src/lxml/html/soupparser.py -> build/lib.macosx-11.0-arm64-cpython-310/lxml/html
2022-12-27T11:33:19.9383160Z   copying src/lxml/html/defs.py -> build/lib.macosx-11.0-arm64-cpython-310/lxml/html
2022-12-27T11:33:19.9386400Z   copying src/lxml/html/_setmixin.py -> build/lib.macosx-11.0-arm64-cpython-310/lxml/html
2022-12-27T11:33:19.9388540Z   copying src/lxml/html/clean.py -> build/lib.macosx-11.0-arm64-cpython-310/lxml/html
2022-12-27T11:33:19.9391370Z   copying src/lxml/html/_diffcommand.py -> build/lib.macosx-11.0-arm64-cpython-310/lxml/html
2022-12-27T11:33:19.9393670Z   copying src/lxml/html/html5parser.py -> build/lib.macosx-11.0-arm64-cpython-310/lxml/html
2022-12-27T11:33:19.9396000Z   copying src/lxml/html/__init__.py -> build/lib.macosx-11.0-arm64-cpython-310/lxml/html
2022-12-27T11:33:19.9399200Z   copying src/lxml/html/formfill.py -> build/lib.macosx-11.0-arm64-cpython-310/lxml/html
2022-12-27T11:33:19.9401800Z   copying src/lxml/html/builder.py -> build/lib.macosx-11.0-arm64-cpython-310/lxml/html
2022-12-27T11:33:19.9404930Z   copying src/lxml/html/ElementSoup.py -> build/lib.macosx-11.0-arm64-cpython-310/lxml/html
2022-12-27T11:33:19.9406800Z   copying src/lxml/html/_html5builder.py -> build/lib.macosx-11.0-arm64-cpython-310/lxml/html
2022-12-27T11:33:19.9409450Z   copying src/lxml/html/usedoctest.py -> build/lib.macosx-11.0-arm64-cpython-310/lxml/html
2022-12-27T11:33:19.9411690Z   copying src/lxml/html/diff.py -> build/lib.macosx-11.0-arm64-cpython-310/lxml/html
2022-12-27T11:33:19.9414420Z   copying src/lxml/html/_dictmixin.py -> build/lib.macosx-11.0-arm64-cpython-310/lxml/html
2022-12-27T11:33:19.9424650Z   running build_ext
2022-12-27T11:33:19.9543730Z   skipping 'src/lxml/lxml.etree.c' Cython extension (up-to-date)
2022-12-27T11:33:19.9546850Z   skipping 'src/lxml/lxml.objectify.c' Cython extension (up-to-date)
2022-12-27T11:33:19.9548040Z   building 'lxml.etree' extension
2022-12-27T11:33:19.9550040Z   creating build/temp.macosx-11.0-arm64-cpython-310
2022-12-27T11:33:19.9550650Z   creating build/temp.macosx-11.0-arm64-cpython-310/src
2022-12-27T11:33:19.9552240Z   creating build/temp.macosx-11.0-arm64-cpython-310/src/lxml
2022-12-27T11:33:19.9554940Z   clang -Wno-unused-result -Wsign-compare -Wunreachable-code -fno-common -dynamic -DNDEBUG -g -fwrapv -O3 -Wall -g -I/usr/local/opt/openssl@3/include -I/usr/local/opt/openssl@3/include -arch arm64 -I/Library/Developer/CommandLineTools/SDKs/MacOSX12.1.sdk/usr/include -I/private/var/folders/51/hd414ycd67n82196sw51xqtc0000gn/T/cibw-run-pa4vuzde/cp310-macosx_arm64/build/venv/include -I/Library/Frameworks/Python.framework/Versions/3.10/include/python3.10 -c src/lxml/lxml.etree.c -o build/temp.macosx-11.0-arm64-cpython-310/src/lxml/lxml.etree.o -w -flat_namespace
2022-12-27T11:33:20.4050650Z   src/lxml/lxml.etree.c:120916:5: error: expression is not assignable
2022-12-27T11:33:20.4052030Z       ++Py_REFCNT(o);
2022-12-27T11:33:20.4053760Z       ^ ~~~~~~~~~~~~
2022-12-27T11:33:20.4055980Z   src/lxml/lxml.etree.c:120919:5: error: expression is not assignable
2022-12-27T11:33:20.4057560Z       --Py_REFCNT(o);
2022-12-27T11:33:20.4058300Z       ^ ~~~~~~~~~~~~
2022-12-27T11:33:20.4060120Z   src/lxml/lxml.etree.c:121117:5: error: expression is not assignable
2022-12-27T11:33:20.4060950Z       ++Py_REFCNT(o);
2022-12-27T11:33:20.4062200Z       ^ ~~~~~~~~~~~~
2022-12-27T11:33:20.4063470Z   src/lxml/lxml.etree.c:121120:5: error: expression is not assignable
2022-12-27T11:33:20.4064680Z       --Py_REFCNT(o);
2022-12-27T11:33:20.4065910Z       ^ ~~~~~~~~~~~~
2022-12-27T11:33:20.4255160Z   src/lxml/lxml.etree.c:130439:5: error: expression is not assignable
2022-12-27T11:33:20.4256640Z       ++Py_REFCNT(o);
2022-12-27T11:33:20.4258750Z       ^ ~~~~~~~~~~~~
2022-12-27T11:33:20.4260220Z   src/lxml/lxml.etree.c:130442:5: error: expression is not assignable
2022-12-27T11:33:20.4262240Z       --Py_REFCNT(o);
2022-12-27T11:33:20.4263490Z       ^ ~~~~~~~~~~~~
2022-12-27T11:33:20.4266910Z   src/lxml/lxml.etree.c:131016:5: error: expression is not assignable
2022-12-27T11:33:20.4268500Z       ++Py_REFCNT(o);
2022-12-27T11:33:20.4269880Z       ^ ~~~~~~~~~~~~
2022-12-27T11:33:20.4271430Z   src/lxml/lxml.etree.c:131019:5: error: expression is not assignable
2022-12-27T11:33:20.4272860Z       --Py_REFCNT(o);
2022-12-27T11:33:20.4274050Z       ^ ~~~~~~~~~~~~
2022-12-27T11:33:20.4275620Z   src/lxml/lxml.etree.c:131403:5: error: expression is not assignable
2022-12-27T11:33:20.4276810Z       ++Py_REFCNT(o);
2022-12-27T11:33:20.4278090Z       ^ ~~~~~~~~~~~~
2022-12-27T11:33:20.4279530Z   src/lxml/lxml.etree.c:131406:5: error: expression is not assignable
2022-12-27T11:33:20.4280760Z       --Py_REFCNT(o);
2022-12-27T11:33:20.4281910Z       ^ ~~~~~~~~~~~~
2022-12-27T11:33:20.4283240Z   src/lxml/lxml.etree.c:131580:5: error: expression is not assignable
2022-12-27T11:33:20.4284400Z       ++Py_REFCNT(o);
2022-12-27T11:33:20.4285630Z       ^ ~~~~~~~~~~~~
2022-12-27T11:33:20.4287110Z   src/lxml/lxml.etree.c:131583:5: error: expression is not assignable
2022-12-27T11:33:20.4288190Z       --Py_REFCNT(o);
2022-12-27T11:33:20.4289300Z       ^ ~~~~~~~~~~~~
2022-12-27T11:33:20.4373220Z   src/lxml/lxml.etree.c:135472:5: error: expression is not assignable
2022-12-27T11:33:20.4374930Z       ++Py_REFCNT(o);
2022-12-27T11:33:20.4376730Z       ^ ~~~~~~~~~~~~
2022-12-27T11:33:20.4378110Z   src/lxml/lxml.etree.c:135475:5: error: expression is not assignable
2022-12-27T11:33:20.4379420Z       --Py_REFCNT(o);
2022-12-27T11:33:20.4380560Z       ^ ~~~~~~~~~~~~
2022-12-27T11:33:20.4384880Z   src/lxml/lxml.etree.c:136034:5: error: expression is not assignable
2022-12-27T11:33:20.4385840Z       ++Py_REFCNT(o);
2022-12-27T11:33:20.4387220Z       ^ ~~~~~~~~~~~~
2022-12-27T11:33:20.4388520Z   src/lxml/lxml.etree.c:136037:5: error: expression is not assignable
2022-12-27T11:33:20.4454870Z       --Py_REFCNT(o);
2022-12-27T11:33:20.4455020Z       ^ ~~~~~~~~~~~~
2022-12-27T11:33:20.4455230Z   src/lxml/lxml.etree.c:136582:5: error: expression is not assignable
2022-12-27T11:33:20.4455370Z       ++Py_REFCNT(o);
2022-12-27T11:33:20.4455570Z       ^ ~~~~~~~~~~~~
2022-12-27T11:33:20.4455910Z   src/lxml/lxml.etree.c:136585:5: error: expression is not assignable
2022-12-27T11:33:20.4456140Z       --Py_REFCNT(o);
2022-12-27T11:33:20.4456310Z       ^ ~~~~~~~~~~~~
2022-12-27T11:33:20.4456520Z   src/lxml/lxml.etree.c:137148:5: error: expression is not assignable
2022-12-27T11:33:20.4456690Z       ++Py_REFCNT(o);
2022-12-27T11:33:20.4456850Z       ^ ~~~~~~~~~~~~
2022-12-27T11:33:20.4457120Z   fatal error: too many errors emitted, stopping now [-ferror-limit=]
2022-12-27T11:33:20.4833890Z   20 errors generated.
2022-12-27T11:33:20.4872800Z   error: command '/usr/bin/clang' failed with exit code 1
2022-12-27T11:33:20.5224450Z   error: subprocess-exited-with-error
2022-12-27T11:33:20.5224900Z   
2022-12-27T11:33:20.5225410Z   × python setup.py bdist_wheel did not run successfully.
2022-12-27T11:33:20.5225860Z   │ exit code: 1
2022-12-27T11:33:20.5226190Z   ╰─> See above for output.
2022-12-27T11:33:20.5226390Z   
2022-12-27T11:33:20.5226690Z   note: This error originates from a subprocess, and is likely not a problem with pip.
2022-12-27T11:33:20.5231830Z   full command: /private/var/folders/51/hd414ycd67n82196sw51xqtc0000gn/T/cibw-run-pa4vuzde/cp310-macosx_arm64/build/venv/bin/python -u -c '
2022-12-27T11:33:20.5232420Z   exec(compile('"'"''"'"''"'"'
2022-12-27T11:33:20.5233650Z   # This is <pip-setuptools-caller> -- a caller that pip uses to run setup.py
2022-12-27T11:33:20.5234480Z   #
2022-12-27T11:33:20.5235320Z   # - It imports setuptools before invoking setup.py, to enable projects that directly
2022-12-27T11:33:20.5235870Z   #   import from `distutils.core` to work with newer packaging standards.
2022-12-27T11:33:20.5236900Z   # - It provides a clear error message when setuptools is not installed.
2022-12-27T11:33:20.5237340Z   # - It sets `sys.argv[0]` to the underlying `setup.py`, when invoking `setup.py` so
2022-12-27T11:33:20.5237950Z   #   setuptools doesn'"'"'t think the script is `-c`. This avoids the following warning:
2022-12-27T11:33:20.5238380Z   #     manifest_maker: standard file '"'"'-c'"'"' not found".
2022-12-27T11:33:20.5238790Z   # - It generates a shim setup.py, for handling setup.cfg-only projects.
2022-12-27T11:33:20.5239050Z   import os, sys, tokenize
2022-12-27T11:33:20.5239250Z   
2022-12-27T11:33:20.5239460Z   try:
2022-12-27T11:33:20.5239650Z       import setuptools
2022-12-27T11:33:20.5239900Z   except ImportError as error:
2022-12-27T11:33:20.5240390Z       print(
2022-12-27T11:33:20.5240700Z           "ERROR: Can not execute `setup.py` since setuptools is not available in "
2022-12-27T11:33:20.5240970Z           "the build environment.",
2022-12-27T11:33:20.5241210Z           file=sys.stderr,
2022-12-27T11:33:20.5241440Z       )
2022-12-27T11:33:20.5241660Z       sys.exit(1)
2022-12-27T11:33:20.5241880Z   
2022-12-27T11:33:20.5242080Z   __file__ = %r
2022-12-27T11:33:20.5242280Z   sys.argv[0] = __file__
2022-12-27T11:33:20.5242490Z   
2022-12-27T11:33:20.5242730Z   if os.path.exists(__file__):
2022-12-27T11:33:20.5242950Z       filename = __file__
2022-12-27T11:33:20.5243190Z       with tokenize.open(__file__) as f:
2022-12-27T11:33:20.5243460Z           setup_py_code = f.read()
2022-12-27T11:33:20.5243650Z   else:
2022-12-27T11:33:20.5243990Z       filename = "<auto-generated setuptools caller>"
2022-12-27T11:33:20.5244310Z       setup_py_code = "from setuptools import setup; setup()"
2022-12-27T11:33:20.5244530Z   
2022-12-27T11:33:20.5244790Z   exec(compile(setup_py_code, filename, "exec"))
2022-12-27T11:33:20.5246080Z   '"'"''"'"''"'"' % ('"'"'/Users/runner/actions-runner/_work/python.build/python.build/build_lxml228310/lxml-2.2.8/setup.py'"'"',), "<pip-setuptools-caller>", "exec"))' bdist_wheel -d /private/var/folders/51/hd414ycd67n82196sw51xqtc0000gn/T/pip-wheel-ba9i6so4
2022-12-27T11:33:20.5246590Z   cwd: /Users/runner/actions-runner/_work/python.build/python.build/build_lxml228310/lxml-2.2.8/
2022-12-27T11:33:20.5246800Z   ERROR: Failed building wheel for lxml
2022-12-27T11:33:20.5247090Z   Building wheel for lxml (setup.py): finished with status 'error'
2022-12-27T11:33:20.5247320Z   Running command python setup.py clean
2022-12-27T11:33:20.5247510Z   Running setup.py clean for lxml
2022-12-27T11:33:20.7464510Z   Building lxml version 2.2.8.
2022-12-27T11:33:20.7465180Z   Building with Cython 0.29.32.
2022-12-27T11:33:20.7599590Z   Using build configuration of libxslt 1.1.29
2022-12-27T11:33:20.8564190Z   Building against libxml2/libxslt in the following directory: /Library/Developer/CommandLineTools/SDKs/MacOSX12.1.sdk/usr/lib
2022-12-27T11:33:20.8681350Z   running clean
2022-12-27T11:33:20.8705380Z   removing 'build/temp.macosx-11.0-arm64-cpython-310' (and everything under it)
2022-12-27T11:33:20.8710340Z   removing 'build/lib.macosx-11.0-arm64-cpython-310' (and everything under it)
2022-12-27T11:33:20.8729940Z   'build/bdist.macosx-11.0-arm64' does not exist -- can't clean it
2022-12-27T11:33:20.8731630Z   'build/scripts-3.10' does not exist -- can't clean it
2022-12-27T11:33:20.8733240Z   removing 'build'
2022-12-27T11:33:20.8999800Z Failed to build lxml
2022-12-27T11:33:20.9004200Z ERROR: Failed to build one or more wheels
2022-12-27T11:33:20.9013470Z Exception information:
2022-12-27T11:33:20.9013770Z Traceback (most recent call last):
2022-12-27T11:33:20.9020650Z   File "/private/var/folders/51/hd414ycd67n82196sw51xqtc0000gn/T/cibw-run-pa4vuzde/cp310-macosx_arm64/build/venv/lib/python3.10/site-packages/pip/_internal/cli/base_command.py", line 160, in exc_logging_wrapper
2022-12-27T11:33:20.9021090Z     status = run_func(*args)
2022-12-27T11:33:20.9021710Z   File "/private/var/folders/51/hd414ycd67n82196sw51xqtc0000gn/T/cibw-run-pa4vuzde/cp310-macosx_arm64/build/venv/lib/python3.10/site-packages/pip/_internal/cli/req_command.py", line 247, in wrapper
2022-12-27T11:33:20.9022460Z     return func(self, options, args)
2022-12-27T11:33:20.9023010Z   File "/private/var/folders/51/hd414ycd67n82196sw51xqtc0000gn/T/cibw-run-pa4vuzde/cp310-macosx_arm64/build/venv/lib/python3.10/site-packages/pip/_internal/commands/wheel.py", line 201, in run
2022-12-27T11:33:20.9023440Z     raise CommandError("Failed to build one or more wheels")
2022-12-27T11:33:20.9023750Z pip._internal.exceptions.CommandError: Failed to build one or more wheels
2022-12-27T11:33:20.9024220Z Removed build tracker: '/private/var/folders/51/hd414ycd67n82196sw51xqtc0000gn/T/pip-build-tracker-o08ni6yi'
2022-12-27T11:33:20.9437240Z ##[endgroup]
2022-12-27T11:33:20.9459130Z ##[error]Command ['python', '-m', 'pip', 'wheel', '/Users/runner/actions-runner/_work/python.build/python.build/build_lxml228310/lxml-2.2.8', '--wheel-dir=/private/var/folders/51/hd414ycd67n82196sw51xqtc0000gn/T/cibw-run-pa4vuzde/cp310-macosx_arm64/built_wheel', '--no-deps', '-vvv'] failed with code 1. None
2022-12-27T11:33:20.9464830Z 
2022-12-27T11:33:20.9465140Z                                                               [31m✕ [0m2.13s
2022-12-27T11:33:20.9897680Z ##[error]Process completed with exit code 1.
2022-12-27T11:33:20.9931570Z ##[group]Run rm -rf build_lxml228310 wheelsout
2022-12-27T11:33:20.9931890Z [36;1mrm -rf build_lxml228310 wheelsout[0m
2022-12-27T11:33:20.9946840Z shell: /bin/bash -e {0}
2022-12-27T11:33:20.9946980Z env:
2022-12-27T11:33:20.9947190Z   pythonLocation: /Users/runner/hostedtoolcache/Python/3.10.9/x64
2022-12-27T11:33:20.9947530Z   PKG_CONFIG_PATH: /Users/runner/hostedtoolcache/Python/3.10.9/x64/lib/pkgconfig
2022-12-27T11:33:20.9947750Z   Python_ROOT_DIR: /Users/runner/hostedtoolcache/Python/3.10.9/x64
2022-12-27T11:33:20.9947990Z   Python2_ROOT_DIR: /Users/runner/hostedtoolcache/Python/3.10.9/x64
2022-12-27T11:33:20.9948220Z   Python3_ROOT_DIR: /Users/runner/hostedtoolcache/Python/3.10.9/x64
2022-12-27T11:33:20.9948430Z ##[endgroup]
2022-12-27T11:33:21.0474040Z Cleaning up orphan processes
