2022-12-27T01:55:04.7689892Z Requested labels: self-hosted, macOS, X64
2022-12-27T01:55:04.7689971Z Job defined at: kilnbuild/python.build/.github/workflows/mac_arm_build.yml@refs/heads/main
2022-12-27T01:55:04.7690003Z Waiting for a runner to pick up this job...
2022-12-27T02:24:35.5283331Z Job is about to start running on the runner: k1 (organization)
2022-12-27T02:24:40.3953950Z Current runner version: '2.300.2'
2022-12-27T02:24:40.3958840Z Runner name: 'k1'
2022-12-27T02:24:40.3959100Z Runner group name: 'Default'
2022-12-27T02:24:40.3959550Z Machine name: 'k1'
2022-12-27T02:24:40.3961070Z ##[group]GITHUB_TOKEN Permissions
2022-12-27T02:24:40.3961490Z Actions: write
2022-12-27T02:24:40.3961640Z Checks: write
2022-12-27T02:24:40.3961770Z Contents: write
2022-12-27T02:24:40.3961910Z Deployments: write
2022-12-27T02:24:40.3962050Z Discussions: write
2022-12-27T02:24:40.3962190Z Issues: write
2022-12-27T02:24:40.3962320Z Metadata: read
2022-12-27T02:24:40.3962450Z Packages: write
2022-12-27T02:24:40.3962590Z Pages: write
2022-12-27T02:24:40.3962730Z PullRequests: write
2022-12-27T02:24:40.3962890Z RepositoryProjects: write
2022-12-27T02:24:40.3963050Z SecurityEvents: write
2022-12-27T02:24:40.3963190Z Statuses: write
2022-12-27T02:24:40.3963320Z ##[endgroup]
2022-12-27T02:24:40.3965830Z Secret source: Actions
2022-12-27T02:24:40.3966170Z Prepare workflow directory
2022-12-27T02:24:40.4629150Z Prepare all required actions
2022-12-27T02:24:40.4756170Z Getting action download info
2022-12-27T02:24:40.9305410Z Download action repository 'actions/setup-python@v4' (SHA:5ccb29d8773c3f3f653e1705f474dfaa8a06a912)
2022-12-27T02:24:42.7753220Z Download action repository 'actions/upload-artifact@v3' (SHA:83fd05a356d7e2593de66fc9913b3002723633cb)
2022-12-27T02:24:44.2532990Z ##[group]Run echo '{
2022-12-27T02:24:44.2533280Z [36;1mecho '{[0m
2022-12-27T02:24:44.2533480Z [36;1m  "environment_variables": "GRPC_PYTHON_BUILD_WITH_CYTHON=1 GRPC_BUILD_WITH_BORING_SSL_ASM='' GRPC_PYTHON_BUILD_SYSTEM_OPENSSL=TRUE",[0m
2022-12-27T02:24:44.2533680Z [36;1m  "package_name": "grpcio",[0m
2022-12-27T02:24:44.2533940Z [36;1m  "package_url": "https://files.pythonhosted.org/packages/2e/d5/99d57e830347122d402a084b7ec18f9d1e2ef2b9a9254980b79a9a155631/grpcio-0.11.0b1.tar.gz",[0m
2022-12-27T02:24:44.2534180Z [36;1m  "package_version": "0.11.0b1",[0m
2022-12-27T02:24:44.2534380Z [36;1m  "python_version": "3.8",[0m
2022-12-27T02:24:44.2534550Z [36;1m  "use_ccache": "true"[0m
2022-12-27T02:24:44.2534680Z [36;1m}'[0m
2022-12-27T02:24:44.2550370Z shell: /bin/bash -e {0}
2022-12-27T02:24:44.2550560Z ##[endgroup]
2022-12-27T02:24:44.2768410Z {
2022-12-27T02:24:44.2769940Z   "environment_variables": "GRPC_PYTHON_BUILD_WITH_CYTHON=1 GRPC_BUILD_WITH_BORING_SSL_ASM= GRPC_PYTHON_BUILD_SYSTEM_OPENSSL=TRUE",
2022-12-27T02:24:44.2770210Z   "package_name": "grpcio",
2022-12-27T02:24:44.2770790Z   "package_url": "https://files.pythonhosted.org/packages/2e/d5/99d57e830347122d402a084b7ec18f9d1e2ef2b9a9254980b79a9a155631/grpcio-0.11.0b1.tar.gz",
2022-12-27T02:24:44.2771080Z   "package_version": "0.11.0b1",
2022-12-27T02:24:44.2771290Z   "python_version": "3.8",
2022-12-27T02:24:44.2771440Z   "use_ccache": "true"
2022-12-27T02:24:44.2771590Z }
2022-12-27T02:24:44.2976310Z ##[group]Run actions/setup-python@v4
2022-12-27T02:24:44.2976550Z with:
2022-12-27T02:24:44.2976690Z   python-version: 3.8
2022-12-27T02:24:44.2976940Z   check-latest: false
2022-12-27T02:24:44.2977260Z   token: ***
2022-12-27T02:24:44.2977450Z   update-environment: true
2022-12-27T02:24:44.2977590Z ##[endgroup]
2022-12-27T02:24:44.4223140Z ##[group]Installed versions
2022-12-27T02:24:44.4264820Z Successfully set up CPython (3.8.15)
2022-12-27T02:24:44.4265500Z ##[endgroup]
2022-12-27T02:24:44.4411810Z ##[group]Run if [ "true" == "true" ]
2022-12-27T02:24:44.4412030Z [36;1mif [ "true" == "true" ][0m
2022-12-27T02:24:44.4412220Z [36;1mthen[0m
2022-12-27T02:24:44.4412440Z [36;1m  echo "CCACHE_PATH_PREPEND=/usr/local/opt/ccache/libexec" >> $GITHUB_OUTPUT[0m
2022-12-27T02:24:44.4413060Z [36;1melse[0m
2022-12-27T02:24:44.4413230Z [36;1m  echo "CCACHE_PATH_PREPEND=" >> $GITHUB_OUTPUT[0m
2022-12-27T02:24:44.4413420Z [36;1mfi[0m
2022-12-27T02:24:44.4430410Z shell: /bin/bash -e {0}
2022-12-27T02:24:44.4430670Z env:
2022-12-27T02:24:44.4430890Z   pythonLocation: /Users/runner/hostedtoolcache/Python/3.8.15/x64
2022-12-27T02:24:44.4431170Z   PKG_CONFIG_PATH: /Users/runner/hostedtoolcache/Python/3.8.15/x64/lib/pkgconfig
2022-12-27T02:24:44.4431790Z   Python_ROOT_DIR: /Users/runner/hostedtoolcache/Python/3.8.15/x64
2022-12-27T02:24:44.4432000Z   Python2_ROOT_DIR: /Users/runner/hostedtoolcache/Python/3.8.15/x64
2022-12-27T02:24:44.4432350Z   Python3_ROOT_DIR: /Users/runner/hostedtoolcache/Python/3.8.15/x64
2022-12-27T02:24:44.4432560Z ##[endgroup]
2022-12-27T02:24:44.4545980Z ##[group]Run echo "BUILD_NAME=$(echo grpcio_0.11.0b1_3.8 | tr -dc '[:alnum:]\n\r' | tr '[:upper:]' '[:lower:]')" >> $GITHUB_OUTPUT
2022-12-27T02:24:44.4546440Z [36;1mecho "BUILD_NAME=$(echo grpcio_0.11.0b1_3.8 | tr -dc '[:alnum:]\n\r' | tr '[:upper:]' '[:lower:]')" >> $GITHUB_OUTPUT[0m
2022-12-27T02:24:44.4559970Z shell: /bin/bash -e {0}
2022-12-27T02:24:44.4560130Z env:
2022-12-27T02:24:44.4560340Z   pythonLocation: /Users/runner/hostedtoolcache/Python/3.8.15/x64
2022-12-27T02:24:44.4560610Z   PKG_CONFIG_PATH: /Users/runner/hostedtoolcache/Python/3.8.15/x64/lib/pkgconfig
2022-12-27T02:24:44.4560830Z   Python_ROOT_DIR: /Users/runner/hostedtoolcache/Python/3.8.15/x64
2022-12-27T02:24:44.4561170Z   Python2_ROOT_DIR: /Users/runner/hostedtoolcache/Python/3.8.15/x64
2022-12-27T02:24:44.4561400Z   Python3_ROOT_DIR: /Users/runner/hostedtoolcache/Python/3.8.15/x64
2022-12-27T02:24:44.4561570Z ##[endgroup]
2022-12-27T02:24:44.4720820Z ##[group]Run echo "PYTHON_NO_DOTS=$(echo 3.8 | tr -dc '[:alnum:]\n\r' | tr '[:upper:]' '[:lower:]')" >> $GITHUB_OUTPUT
2022-12-27T02:24:44.4721230Z [36;1mecho "PYTHON_NO_DOTS=$(echo 3.8 | tr -dc '[:alnum:]\n\r' | tr '[:upper:]' '[:lower:]')" >> $GITHUB_OUTPUT[0m
2022-12-27T02:24:44.4734600Z shell: /bin/bash -e {0}
2022-12-27T02:24:44.4734750Z env:
2022-12-27T02:24:44.4734950Z   pythonLocation: /Users/runner/hostedtoolcache/Python/3.8.15/x64
2022-12-27T02:24:44.4735190Z   PKG_CONFIG_PATH: /Users/runner/hostedtoolcache/Python/3.8.15/x64/lib/pkgconfig
2022-12-27T02:24:44.4735390Z   Python_ROOT_DIR: /Users/runner/hostedtoolcache/Python/3.8.15/x64
2022-12-27T02:24:44.4735670Z   Python2_ROOT_DIR: /Users/runner/hostedtoolcache/Python/3.8.15/x64
2022-12-27T02:24:44.4735930Z   Python3_ROOT_DIR: /Users/runner/hostedtoolcache/Python/3.8.15/x64
2022-12-27T02:24:44.4736090Z ##[endgroup]
2022-12-27T02:24:44.4856280Z ##[group]Run rm -rf build_grpcio0110b138
2022-12-27T02:24:44.4856570Z [36;1mrm -rf build_grpcio0110b138[0m
2022-12-27T02:24:44.4857090Z [36;1mmkdir build_grpcio0110b138[0m
2022-12-27T02:24:44.4857340Z [36;1mcd build_grpcio0110b138[0m
2022-12-27T02:24:44.4857670Z [36;1m/usr/local/bin/wget --quiet https://files.pythonhosted.org/packages/2e/d5/99d57e830347122d402a084b7ec18f9d1e2ef2b9a9254980b79a9a155631/grpcio-0.11.0b1.tar.gz[0m
2022-12-27T02:24:44.4857940Z [36;1mtar xf *.tar.gz[0m
2022-12-27T02:24:44.4858090Z [36;1mcd grpcio-*/[0m
2022-12-27T02:24:44.4858290Z [36;1mpython -m pip install cibuildwheel==2.11.3[0m
2022-12-27T02:24:44.4858560Z [36;1mpython -m cibuildwheel --output-dir ../wheelsout[0m
2022-12-27T02:24:44.4873260Z shell: /bin/bash -e {0}
2022-12-27T02:24:44.4873480Z env:
2022-12-27T02:24:44.4873740Z   pythonLocation: /Users/runner/hostedtoolcache/Python/3.8.15/x64
2022-12-27T02:24:44.4874020Z   PKG_CONFIG_PATH: /Users/runner/hostedtoolcache/Python/3.8.15/x64/lib/pkgconfig
2022-12-27T02:24:44.4874260Z   Python_ROOT_DIR: /Users/runner/hostedtoolcache/Python/3.8.15/x64
2022-12-27T02:24:44.4874460Z   Python2_ROOT_DIR: /Users/runner/hostedtoolcache/Python/3.8.15/x64
2022-12-27T02:24:44.4874720Z   Python3_ROOT_DIR: /Users/runner/hostedtoolcache/Python/3.8.15/x64
2022-12-27T02:24:44.4874910Z   CIBW_ARCHS_MACOS: arm64
2022-12-27T02:24:44.4875060Z   CIBW_TEST_SKIP: *_arm64
2022-12-27T02:24:44.4875230Z   CIBW_BUILD: cp38-macosx_arm64
2022-12-27T02:24:44.4875400Z   CIBW_BUILD_FRONTEND: pip
2022-12-27T02:24:44.4875580Z   CIBW_BUILD_VERBOSITY: 3
2022-12-27T02:24:44.4875960Z   CIBW_ENVIRONMENT_MACOS: GRPC_PYTHON_BUILD_WITH_CYTHON=1 GRPC_BUILD_WITH_BORING_SSL_ASM='' GRPC_PYTHON_BUILD_SYSTEM_OPENSSL=TRUE CFLAGS="-I/usr/local/opt/openssl@3/include" LDFLAGS="-L/usr/local/opt/openssl@3/lib" CPPFLAGS="-I/usr/local/opt/openssl@3/include" MAKEFLAGS="-j$(sysctl -n hw.logicalcpu)" PATH=/usr/local/opt/ccache/libexec:$PATH
2022-12-27T02:24:44.4876560Z   CIBW_BEFORE_BUILD: pip install Cython; if [[ -f requirements.txt ]]; then pip install -r requirements.txt; fi
2022-12-27T02:24:44.4876800Z   MAKEFLAGS: -j$(sysctl -n hw.logicalcpu)
2022-12-27T02:24:44.4877010Z ##[endgroup]
2022-12-27T02:24:44.8299400Z Requirement already satisfied: cibuildwheel==2.11.3 in /Users/runner/hostedtoolcache/Python/3.8.15/x64/lib/python3.8/site-packages (2.11.3)
2022-12-27T02:24:44.8647070Z Requirement already satisfied: tomli in /Users/runner/hostedtoolcache/Python/3.8.15/x64/lib/python3.8/site-packages (from cibuildwheel==2.11.3) (2.0.1)
2022-12-27T02:24:44.8654700Z Requirement already satisfied: typing-extensions>=4.1.0 in /Users/runner/hostedtoolcache/Python/3.8.15/x64/lib/python3.8/site-packages (from cibuildwheel==2.11.3) (4.4.0)
2022-12-27T02:24:44.8658450Z Requirement already satisfied: platformdirs in /Users/runner/hostedtoolcache/Python/3.8.15/x64/lib/python3.8/site-packages (from cibuildwheel==2.11.3) (2.6.0)
2022-12-27T02:24:44.8662610Z Requirement already satisfied: bracex in /Users/runner/hostedtoolcache/Python/3.8.15/x64/lib/python3.8/site-packages (from cibuildwheel==2.11.3) (2.3.post1)
2022-12-27T02:24:44.8665510Z Requirement already satisfied: filelock in /Users/runner/hostedtoolcache/Python/3.8.15/x64/lib/python3.8/site-packages (from cibuildwheel==2.11.3) (3.8.2)
2022-12-27T02:24:44.8670360Z Requirement already satisfied: packaging>=20.9 in /Users/runner/hostedtoolcache/Python/3.8.15/x64/lib/python3.8/site-packages (from cibuildwheel==2.11.3) (22.0)
2022-12-27T02:24:44.8675080Z Requirement already satisfied: bashlex!=0.13 in /Users/runner/hostedtoolcache/Python/3.8.15/x64/lib/python3.8/site-packages (from cibuildwheel==2.11.3) (0.16)
2022-12-27T02:24:44.8678230Z Requirement already satisfied: certifi in /Users/runner/hostedtoolcache/Python/3.8.15/x64/lib/python3.8/site-packages (from cibuildwheel==2.11.3) (2022.12.7)
2022-12-27T02:24:45.0542930Z 
2022-12-27T02:24:45.0543570Z      _ _       _ _   _       _           _
2022-12-27T02:24:45.0544690Z  ___|_| |_ _ _|_| |_| |_ _ _| |_ ___ ___| |
2022-12-27T02:24:45.0545940Z |  _| | . | | | | | . | | | |   | -_| -_| |
2022-12-27T02:24:45.0546370Z |___|_|___|___|_|_|___|_____|_|_|___|___|_|
2022-12-27T02:24:45.0546480Z 
2022-12-27T02:24:45.0546720Z cibuildwheel version 2.11.3
2022-12-27T02:24:45.0546880Z 
2022-12-27T02:24:45.0546990Z Build options:
2022-12-27T02:24:45.0547220Z   platform: macos
2022-12-27T02:24:45.0635870Z   architectures: arm64[0m
2022-12-27T02:24:45.0636440Z   build_selector: 
2022-12-27T02:24:45.0637980Z     build_config: cp38-macosx_arm64
2022-12-27T02:24:45.0638320Z     skip_config: 
2022-12-27T02:24:45.0638570Z     requires_python: None
2022-12-27T02:24:45.0638920Z     prerelease_pythons: False[0m
2022-12-27T02:24:45.0639410Z   [38;5;244mcontainer_engine: docker[0m
2022-12-27T02:24:45.0639860Z   output_dir: /Users/runner/actions-runner/_work/python.build/python.build/build_grpcio0110b138/wheelsout[0m
2022-12-27T02:24:45.0640440Z   package_dir: /Users/runner/actions-runner/_work/python.build/python.build/build_grpcio0110b138/grpcio-0.11.0b1[0m
2022-12-27T02:24:45.0640770Z   test_selector: 
2022-12-27T02:24:45.0641040Z     skip_config: *_arm64[0m
2022-12-27T02:24:45.0641430Z   [38;5;244mbefore_all: [0m
2022-12-27T02:24:45.0641890Z   before_build: pip install Cython; if [[ -f requirements.txt ]]; then pip install -r requirements.txt; fi[0m
2022-12-27T02:24:45.0642300Z   [38;5;244mbefore_test: [0m
2022-12-27T02:24:45.0642690Z   [38;5;244mbuild_frontend: pip[0m
2022-12-27T02:24:45.0643010Z   build_verbosity: 3[0m
2022-12-27T02:24:45.0643400Z   [38;5;244mconfig_settings: [0m
2022-12-27T02:24:45.0643730Z   [38;5;244mdependency_constraints: pinned[0m
2022-12-27T02:24:45.0644070Z   environment: 
2022-12-27T02:24:45.0644330Z     GRPC_PYTHON_BUILD_WITH_CYTHON=1
2022-12-27T02:24:45.0644610Z     GRPC_BUILD_WITH_BORING_SSL_ASM=''
2022-12-27T02:24:45.0645430Z     GRPC_PYTHON_BUILD_SYSTEM_OPENSSL=TRUE
2022-12-27T02:24:45.0645830Z     CFLAGS="-I/usr/local/opt/openssl@3/include"
2022-12-27T02:24:45.0646170Z     LDFLAGS="-L/usr/local/opt/openssl@3/lib"
2022-12-27T02:24:45.0646530Z     CPPFLAGS="-I/usr/local/opt/openssl@3/include"
2022-12-27T02:24:45.0646980Z     MAKEFLAGS="-j$(sysctl -n hw.logicalcpu)"
2022-12-27T02:24:45.0647320Z     PATH=/usr/local/opt/ccache/libexec:$PATH[0m
2022-12-27T02:24:45.0647670Z   [38;5;244mmanylinux_images: None[0m
2022-12-27T02:24:45.0647990Z   [38;5;244mmusllinux_images: None[0m
2022-12-27T02:24:45.0648430Z   [38;5;244mrepair_command: delocate-wheel --require-archs {delocate_archs} -w {dest_dir} -v {wheel}[0m
2022-12-27T02:24:45.0648890Z   [38;5;244mtest_command: [0m
2022-12-27T02:24:45.0649200Z   [38;5;244mtest_extras: [0m
2022-12-27T02:24:45.0649500Z   [38;5;244mtest_requires: [0m
2022-12-27T02:24:45.0649620Z 
2022-12-27T02:24:45.0649780Z Cache folder: /Users/runner/Library/Caches/cibuildwheel
2022-12-27T02:24:45.0657950Z 
2022-12-27T02:24:45.0658190Z Here we go!
2022-12-27T02:24:45.0658440Z 
2022-12-27T02:24:45.0720360Z 
2022-12-27T02:24:45.0720810Z [1m[34mBuilding cp38-macosx_arm64 wheel[0m
2022-12-27T02:24:45.0721220Z CPython 3.8 macOS arm64 - Apple Silicon
2022-12-27T02:24:45.0721390Z 
2022-12-27T02:24:45.0724240Z ##[group]Installing Python cp38...
2022-12-27T02:24:45.0724440Z 
2022-12-27T02:24:45.0725510Z + pkgutil --pkgs
2022-12-27T02:24:45.0835250Z ##[endgroup]
2022-12-27T02:24:45.0836300Z                                                               [32mâœ“ [0m0.01s
2022-12-27T02:24:45.0837010Z ##[group]Setting up build environment...
2022-12-27T02:24:45.0837210Z 
2022-12-27T02:24:45.0855940Z + /Users/runner/hostedtoolcache/Python/3.8.15/x64/bin/python -sS /Users/runner/Library/Caches/cibuildwheel/virtualenv-20.17.0.pyz --activators= --no-periodic-update --pip=22.3.1 --setuptools=65.6.3 --wheel=0.38.4 --symlink-app-data --python /Library/Frameworks/Python.framework/Versions/3.8/bin/python3 /private/var/folders/51/hd414ycd67n82196sw51xqtc0000gn/T/cibw-run-wmzv2x_7/cp38-macosx_arm64/build/venv
2022-12-27T02:24:45.2788200Z created virtual environment CPython3.8.10.final.0-64 in 52ms
2022-12-27T02:24:45.2789020Z   creator CPython3Posix(dest=/private/var/folders/51/hd414ycd67n82196sw51xqtc0000gn/T/cibw-run-wmzv2x_7/cp38-macosx_arm64/build/venv, clear=False, no_vcs_ignore=False, global=False)
2022-12-27T02:24:45.2789580Z   seeder FromAppData(download=False, pip=22.3.1, setuptools=65.6.3, wheel=0.38.4, via=symlink, app_data_dir=/Users/runner/Library/Application Support/virtualenv)
2022-12-27T02:24:45.2789890Z     added seed packages: pip==22.3.1, setuptools==65.6.3, wheel==0.38.4
2022-12-27T02:24:45.2922550Z + python -m pip install --upgrade pip -c /Users/runner/hostedtoolcache/Python/3.8.15/x64/lib/python3.8/site-packages/cibuildwheel/resources/constraints-python38.txt
2022-12-27T02:24:45.6239400Z Requirement already satisfied: pip in ./lib/python3.8/site-packages (22.3.1)
2022-12-27T02:24:45.7685460Z + which pip
2022-12-27T02:24:45.7704820Z /private/var/folders/51/hd414ycd67n82196sw51xqtc0000gn/T/cibw-run-wmzv2x_7/cp38-macosx_arm64/build/venv/bin/pip
2022-12-27T02:24:45.7707900Z + pip --version
2022-12-27T02:24:46.0020870Z pip 22.3.1 from /private/var/folders/51/hd414ycd67n82196sw51xqtc0000gn/T/cibw-run-wmzv2x_7/cp38-macosx_arm64/build/venv/lib/python3.8/site-packages/pip (python 3.8)
2022-12-27T02:24:46.0281900Z + which pip
2022-12-27T02:24:46.0309300Z + which python
2022-12-27T02:24:46.0330940Z /private/var/folders/51/hd414ycd67n82196sw51xqtc0000gn/T/cibw-run-wmzv2x_7/cp38-macosx_arm64/build/venv/bin/python
2022-12-27T02:24:46.0333610Z + python --version
2022-12-27T02:24:46.0379780Z Python 3.8.10
2022-12-27T02:24:46.0384030Z + which python
2022-12-27T02:24:46.0438260Z ##[endgroup]
2022-12-27T02:24:46.0438780Z                                                               [32mâœ“ [0m0.96s
2022-12-27T02:24:46.0439260Z ##[group]Installing build tools...
2022-12-27T02:24:46.0439440Z 
2022-12-27T02:24:46.0439950Z + pip install --upgrade setuptools wheel delocate -c /Users/runner/hostedtoolcache/Python/3.8.15/x64/lib/python3.8/site-packages/cibuildwheel/resources/constraints-python38.txt
2022-12-27T02:24:46.3465460Z Requirement already satisfied: setuptools in /private/var/folders/51/hd414ycd67n82196sw51xqtc0000gn/T/cibw-run-wmzv2x_7/cp38-macosx_arm64/build/venv/lib/python3.8/site-packages (65.6.3)
2022-12-27T02:24:46.5718460Z Requirement already satisfied: wheel in /private/var/folders/51/hd414ycd67n82196sw51xqtc0000gn/T/cibw-run-wmzv2x_7/cp38-macosx_arm64/build/venv/lib/python3.8/site-packages (0.38.4)
2022-12-27T02:24:46.6255270Z Collecting delocate
2022-12-27T02:24:46.6281540Z   Using cached delocate-0.10.3-py3-none-any.whl (142 kB)
2022-12-27T02:24:46.6590300Z Collecting packaging>=20.9
2022-12-27T02:24:46.6614900Z   Using cached packaging-21.3-py3-none-any.whl (40 kB)
2022-12-27T02:24:46.6795950Z Collecting typing-extensions
2022-12-27T02:24:46.6819670Z   Using cached typing_extensions-4.4.0-py3-none-any.whl (26 kB)
2022-12-27T02:24:46.7200940Z Collecting pyparsing!=3.0.5,>=2.0.2
2022-12-27T02:24:46.7223530Z   Using cached pyparsing-3.0.9-py3-none-any.whl (98 kB)
2022-12-27T02:24:46.7599480Z Installing collected packages: typing-extensions, pyparsing, packaging, delocate
2022-12-27T02:24:46.8914310Z Successfully installed delocate-0.10.3 packaging-21.3 pyparsing-3.0.9 typing-extensions-4.4.0
2022-12-27T02:24:46.9429450Z ##[endgroup]
2022-12-27T02:24:46.9430120Z                                                               [32mâœ“ [0m0.90s
2022-12-27T02:24:46.9430570Z ##[group]Running before_build...
2022-12-27T02:24:46.9430730Z 
2022-12-27T02:24:46.9437410Z + pip install Cython; if [[ -f requirements.txt ]]; then pip install -r requirements.txt; fi
2022-12-27T02:24:47.6066970Z Collecting Cython
2022-12-27T02:24:47.6116070Z   Using cached Cython-0.29.32-py2.py3-none-any.whl (986 kB)
2022-12-27T02:24:47.6596270Z Installing collected packages: Cython
2022-12-27T02:24:48.0849580Z Successfully installed Cython-0.29.32
2022-12-27T02:24:48.4653550Z Collecting enum34>=1.0.4
2022-12-27T02:24:48.4681580Z   Using cached enum34-1.1.10-py3-none-any.whl (11 kB)
2022-12-27T02:24:48.4914640Z Collecting futures>=2.2.0
2022-12-27T02:24:48.4917410Z   Using cached futures-3.0.5-py3-none-any.whl
2022-12-27T02:24:48.5426590Z Installing collected packages: futures, enum34
2022-12-27T02:24:48.5640880Z Successfully installed enum34-1.1.10 futures-3.0.5
2022-12-27T02:24:48.6023700Z ##[endgroup]
2022-12-27T02:24:48.6024570Z                                                               [32mâœ“ [0m1.66s
2022-12-27T02:24:48.6024970Z ##[group]Building wheel...
2022-12-27T02:24:48.6025110Z 
2022-12-27T02:24:48.6044810Z + python -m pip wheel /Users/runner/actions-runner/_work/python.build/python.build/build_grpcio0110b138/grpcio-0.11.0b1 --wheel-dir=/private/var/folders/51/hd414ycd67n82196sw51xqtc0000gn/T/cibw-run-wmzv2x_7/cp38-macosx_arm64/built_wheel --no-deps -vvv
2022-12-27T02:24:48.8804540Z Created temporary directory: /private/var/folders/51/hd414ycd67n82196sw51xqtc0000gn/T/pip-ephem-wheel-cache-032inc08
2022-12-27T02:24:48.8809320Z Created temporary directory: /private/var/folders/51/hd414ycd67n82196sw51xqtc0000gn/T/pip-build-tracker-nh_k1owm
2022-12-27T02:24:48.8811840Z Initialized build tracking at /private/var/folders/51/hd414ycd67n82196sw51xqtc0000gn/T/pip-build-tracker-nh_k1owm
2022-12-27T02:24:48.8813000Z Created build tracker: /private/var/folders/51/hd414ycd67n82196sw51xqtc0000gn/T/pip-build-tracker-nh_k1owm
2022-12-27T02:24:48.8814580Z Entered build tracker: /private/var/folders/51/hd414ycd67n82196sw51xqtc0000gn/T/pip-build-tracker-nh_k1owm
2022-12-27T02:24:48.8817880Z Created temporary directory: /private/var/folders/51/hd414ycd67n82196sw51xqtc0000gn/T/pip-wheel-_zv1tt3j
2022-12-27T02:24:48.8824380Z Created temporary directory: /private/var/folders/51/hd414ycd67n82196sw51xqtc0000gn/T/pip-ephem-wheel-cache-_0aydcvu
2022-12-27T02:24:48.8907350Z Processing /Users/runner/actions-runner/_work/python.build/python.build/build_grpcio0110b138/grpcio-0.11.0b1
2022-12-27T02:24:48.8912900Z   Added file:///Users/runner/actions-runner/_work/python.build/python.build/build_grpcio0110b138/grpcio-0.11.0b1 to build tracker '/private/var/folders/51/hd414ycd67n82196sw51xqtc0000gn/T/pip-build-tracker-nh_k1owm'
2022-12-27T02:24:48.8916730Z   Running setup.py (path:/Users/runner/actions-runner/_work/python.build/python.build/build_grpcio0110b138/grpcio-0.11.0b1/setup.py) egg_info for package from file:///Users/runner/actions-runner/_work/python.build/python.build/build_grpcio0110b138/grpcio-0.11.0b1
2022-12-27T02:24:48.8919950Z   Created temporary directory: /private/var/folders/51/hd414ycd67n82196sw51xqtc0000gn/T/pip-pip-egg-info-hfbhp586
2022-12-27T02:24:48.8921440Z   Preparing metadata (setup.py): started
2022-12-27T02:24:48.8923530Z   Running command python setup.py egg_info
2022-12-27T02:24:59.9507600Z   running egg_info
2022-12-27T02:24:59.9509800Z   creating /private/var/folders/51/hd414ycd67n82196sw51xqtc0000gn/T/pip-pip-egg-info-hfbhp586/grpcio.egg-info
2022-12-27T02:24:59.9596060Z   writing /private/var/folders/51/hd414ycd67n82196sw51xqtc0000gn/T/pip-pip-egg-info-hfbhp586/grpcio.egg-info/PKG-INFO
2022-12-27T02:24:59.9599880Z   writing dependency_links to /private/var/folders/51/hd414ycd67n82196sw51xqtc0000gn/T/pip-pip-egg-info-hfbhp586/grpcio.egg-info/dependency_links.txt
2022-12-27T02:24:59.9604330Z   writing requirements to /private/var/folders/51/hd414ycd67n82196sw51xqtc0000gn/T/pip-pip-egg-info-hfbhp586/grpcio.egg-info/requires.txt
2022-12-27T02:24:59.9606130Z   writing top-level names to /private/var/folders/51/hd414ycd67n82196sw51xqtc0000gn/T/pip-pip-egg-info-hfbhp586/grpcio.egg-info/top_level.txt
2022-12-27T02:24:59.9608160Z   writing manifest file '/private/var/folders/51/hd414ycd67n82196sw51xqtc0000gn/T/pip-pip-egg-info-hfbhp586/grpcio.egg-info/SOURCES.txt'
2022-12-27T02:25:00.0859490Z   reading manifest file '/private/var/folders/51/hd414ycd67n82196sw51xqtc0000gn/T/pip-pip-egg-info-hfbhp586/grpcio.egg-info/SOURCES.txt'
2022-12-27T02:25:00.0860240Z   reading manifest template 'MANIFEST.in'
2022-12-27T02:25:00.0906590Z   writing manifest file '/private/var/folders/51/hd414ycd67n82196sw51xqtc0000gn/T/pip-pip-egg-info-hfbhp586/grpcio.egg-info/SOURCES.txt'
2022-12-27T02:25:00.0908960Z   /private/var/folders/51/hd414ycd67n82196sw51xqtc0000gn/T/cibw-run-wmzv2x_7/cp38-macosx_arm64/build/venv/lib/python3.8/site-packages/setuptools/installer.py:27: SetuptoolsDeprecationWarning: setuptools.installer is deprecated. Requirements should be satisfied by a PEP 517 installer.
2022-12-27T02:25:00.0910050Z     warnings.warn(
2022-12-27T02:25:00.1194430Z   Preparing metadata (setup.py): finished with status 'done'
2022-12-27T02:25:00.1219420Z   Source in /Users/runner/actions-runner/_work/python.build/python.build/build_grpcio0110b138/grpcio-0.11.0b1 has version 0.11.0b1, which satisfies requirement grpcio==0.11.0b1 from file:///Users/runner/actions-runner/_work/python.build/python.build/build_grpcio0110b138/grpcio-0.11.0b1
2022-12-27T02:25:00.1223600Z   Removed grpcio==0.11.0b1 from file:///Users/runner/actions-runner/_work/python.build/python.build/build_grpcio0110b138/grpcio-0.11.0b1 from build tracker '/private/var/folders/51/hd414ycd67n82196sw51xqtc0000gn/T/pip-build-tracker-nh_k1owm'
2022-12-27T02:25:00.1347010Z Created temporary directory: /private/var/folders/51/hd414ycd67n82196sw51xqtc0000gn/T/pip-unpack-w855akdx
2022-12-27T02:25:00.1348340Z Building wheels for collected packages: grpcio
2022-12-27T02:25:00.1353700Z   Created temporary directory: /private/var/folders/51/hd414ycd67n82196sw51xqtc0000gn/T/pip-wheel-_xop71ap
2022-12-27T02:25:00.1355240Z   Building wheel for grpcio (setup.py): started
2022-12-27T02:25:00.1356760Z   Destination directory: /private/var/folders/51/hd414ycd67n82196sw51xqtc0000gn/T/pip-wheel-_xop71ap
2022-12-27T02:25:00.1358190Z   Running command python setup.py bdist_wheel
2022-12-27T02:25:00.3171620Z   /private/var/folders/51/hd414ycd67n82196sw51xqtc0000gn/T/cibw-run-wmzv2x_7/cp38-macosx_arm64/build/venv/lib/python3.8/site-packages/setuptools/installer.py:27: SetuptoolsDeprecationWarning: setuptools.installer is deprecated. Requirements should be satisfied by a PEP 517 installer.
2022-12-27T02:25:00.3172840Z     warnings.warn(
2022-12-27T02:25:00.9485700Z   Traceback (most recent call last):
2022-12-27T02:25:00.9493450Z     File "<string>", line 2, in <module>
2022-12-27T02:25:00.9494280Z     File "<pip-setuptools-caller>", line 34, in <module>
2022-12-27T02:25:00.9494880Z     File "/Users/runner/actions-runner/_work/python.build/python.build/build_grpcio0110b138/grpcio-0.11.0b1/setup.py", line 104, in <module>
2022-12-27T02:25:00.9495230Z       setuptools.setup(
2022-12-27T02:25:00.9495820Z     File "/private/var/folders/51/hd414ycd67n82196sw51xqtc0000gn/T/cibw-run-wmzv2x_7/cp38-macosx_arm64/build/venv/lib/python3.8/site-packages/setuptools/__init__.py", line 86, in setup
2022-12-27T02:25:00.9496250Z       _install_setup_requires(attrs)
2022-12-27T02:25:00.9496880Z     File "/private/var/folders/51/hd414ycd67n82196sw51xqtc0000gn/T/cibw-run-wmzv2x_7/cp38-macosx_arm64/build/venv/lib/python3.8/site-packages/setuptools/__init__.py", line 80, in _install_setup_requires
2022-12-27T02:25:00.9497310Z       dist.fetch_build_eggs(dist.setup_requires)
2022-12-27T02:25:00.9498540Z     File "/private/var/folders/51/hd414ycd67n82196sw51xqtc0000gn/T/cibw-run-wmzv2x_7/cp38-macosx_arm64/build/venv/lib/python3.8/site-packages/setuptools/dist.py", line 874, in fetch_build_eggs
2022-12-27T02:25:00.9499580Z       resolved_dists = pkg_resources.working_set.resolve(
2022-12-27T02:25:00.9501860Z     File "/private/var/folders/51/hd414ycd67n82196sw51xqtc0000gn/T/cibw-run-wmzv2x_7/cp38-macosx_arm64/build/venv/lib/python3.8/site-packages/pkg_resources/__init__.py", line 789, in resolve
2022-12-27T02:25:00.9502340Z       dist = best[req.key] = env.best_match(
2022-12-27T02:25:00.9504100Z     File "/private/var/folders/51/hd414ycd67n82196sw51xqtc0000gn/T/cibw-run-wmzv2x_7/cp38-macosx_arm64/build/venv/lib/python3.8/site-packages/pkg_resources/__init__.py", line 1075, in best_match
2022-12-27T02:25:00.9505070Z       return self.obtain(req, installer)
2022-12-27T02:25:00.9507280Z     File "/private/var/folders/51/hd414ycd67n82196sw51xqtc0000gn/T/cibw-run-wmzv2x_7/cp38-macosx_arm64/build/venv/lib/python3.8/site-packages/pkg_resources/__init__.py", line 1087, in obtain
2022-12-27T02:25:00.9507820Z       return installer(requirement)
2022-12-27T02:25:00.9509740Z     File "/private/var/folders/51/hd414ycd67n82196sw51xqtc0000gn/T/cibw-run-wmzv2x_7/cp38-macosx_arm64/build/venv/lib/python3.8/site-packages/setuptools/dist.py", line 944, in fetch_build_egg
2022-12-27T02:25:00.9510590Z       return fetch_build_egg(self, req)
2022-12-27T02:25:00.9512430Z     File "/private/var/folders/51/hd414ycd67n82196sw51xqtc0000gn/T/cibw-run-wmzv2x_7/cp38-macosx_arm64/build/venv/lib/python3.8/site-packages/setuptools/installer.py", line 87, in fetch_build_egg
2022-12-27T02:25:00.9513440Z       wheel.install_as_egg(dist_location)
2022-12-27T02:25:00.9515250Z     File "/private/var/folders/51/hd414ycd67n82196sw51xqtc0000gn/T/cibw-run-wmzv2x_7/cp38-macosx_arm64/build/venv/lib/python3.8/site-packages/setuptools/wheel.py", line 110, in install_as_egg
2022-12-27T02:25:00.9516140Z       self._install_as_egg(destination_eggdir, zf)
2022-12-27T02:25:00.9517940Z     File "/private/var/folders/51/hd414ycd67n82196sw51xqtc0000gn/T/cibw-run-wmzv2x_7/cp38-macosx_arm64/build/venv/lib/python3.8/site-packages/setuptools/wheel.py", line 118, in _install_as_egg
2022-12-27T02:25:00.9518930Z       self._convert_metadata(zf, destination_eggdir, dist_info, egg_info)
2022-12-27T02:25:00.9520700Z     File "/private/var/folders/51/hd414ycd67n82196sw51xqtc0000gn/T/cibw-run-wmzv2x_7/cp38-macosx_arm64/build/venv/lib/python3.8/site-packages/setuptools/wheel.py", line 162, in _convert_metadata
2022-12-27T02:25:00.9521780Z       os.rename(dist_info, egg_info)
2022-12-27T02:25:00.9523980Z   OSError: [Errno 66] Directory not empty: '/Users/runner/actions-runner/_work/python.build/python.build/build_grpcio0110b138/grpcio-0.11.0b1/.eggs/MarkupSafe-2.1.1-py3.8-macosx-11.0-arm64.egg/MarkupSafe-2.1.1.dist-info' -> '/Users/runner/actions-runner/_work/python.build/python.build/build_grpcio0110b138/grpcio-0.11.0b1/.eggs/MarkupSafe-2.1.1-py3.8-macosx-11.0-arm64.egg/EGG-INFO'
2022-12-27T02:25:00.9766480Z   error: subprocess-exited-with-error
2022-12-27T02:25:00.9766770Z   
2022-12-27T02:25:00.9767290Z   Ã— python setup.py bdist_wheel did not run successfully.
2022-12-27T02:25:00.9767700Z   â”‚ exit code: 1
2022-12-27T02:25:00.9768190Z   â•°â”€> See above for output.
2022-12-27T02:25:00.9768440Z   
2022-12-27T02:25:00.9768760Z   note: This error originates from a subprocess, and is likely not a problem with pip.
2022-12-27T02:25:00.9775550Z   full command: /private/var/folders/51/hd414ycd67n82196sw51xqtc0000gn/T/cibw-run-wmzv2x_7/cp38-macosx_arm64/build/venv/bin/python -u -c '
2022-12-27T02:25:00.9776200Z   exec(compile('"'"''"'"''"'"'
2022-12-27T02:25:00.9776790Z   # This is <pip-setuptools-caller> -- a caller that pip uses to run setup.py
2022-12-27T02:25:00.9777130Z   #
2022-12-27T02:25:00.9777780Z   # - It imports setuptools before invoking setup.py, to enable projects that directly
2022-12-27T02:25:00.9778280Z   #   import from `distutils.core` to work with newer packaging standards.
2022-12-27T02:25:00.9779060Z   # - It provides a clear error message when setuptools is not installed.
2022-12-27T02:25:00.9779850Z   # - It sets `sys.argv[0]` to the underlying `setup.py`, when invoking `setup.py` so
2022-12-27T02:25:00.9780610Z   #   setuptools doesn'"'"'t think the script is `-c`. This avoids the following warning:
2022-12-27T02:25:00.9781200Z   #     manifest_maker: standard file '"'"'-c'"'"' not found".
2022-12-27T02:25:00.9781830Z   # - It generates a shim setup.py, for handling setup.cfg-only projects.
2022-12-27T02:25:00.9782320Z   import os, sys, tokenize
2022-12-27T02:25:00.9782680Z   
2022-12-27T02:25:00.9782950Z   try:
2022-12-27T02:25:00.9783220Z       import setuptools
2022-12-27T02:25:00.9783630Z   except ImportError as error:
2022-12-27T02:25:00.9783970Z       print(
2022-12-27T02:25:00.9784340Z           "ERROR: Can not execute `setup.py` since setuptools is not available in "
2022-12-27T02:25:00.9784790Z           "the build environment.",
2022-12-27T02:25:00.9785770Z           file=sys.stderr,
2022-12-27T02:25:00.9786090Z       )
2022-12-27T02:25:00.9786310Z       sys.exit(1)
2022-12-27T02:25:00.9786590Z   
2022-12-27T02:25:00.9786950Z   __file__ = %r
2022-12-27T02:25:00.9787190Z   sys.argv[0] = __file__
2022-12-27T02:25:00.9787500Z   
2022-12-27T02:25:00.9787810Z   if os.path.exists(__file__):
2022-12-27T02:25:00.9788050Z       filename = __file__
2022-12-27T02:25:00.9788370Z       with tokenize.open(__file__) as f:
2022-12-27T02:25:00.9788620Z           setup_py_code = f.read()
2022-12-27T02:25:00.9788970Z   else:
2022-12-27T02:25:00.9789280Z       filename = "<auto-generated setuptools caller>"
2022-12-27T02:25:00.9789650Z       setup_py_code = "from setuptools import setup; setup()"
2022-12-27T02:25:00.9789890Z   
2022-12-27T02:25:00.9790080Z   exec(compile(setup_py_code, filename, "exec"))
2022-12-27T02:25:00.9790770Z   '"'"''"'"''"'"' % ('"'"'/Users/runner/actions-runner/_work/python.build/python.build/build_grpcio0110b138/grpcio-0.11.0b1/setup.py'"'"',), "<pip-setuptools-caller>", "exec"))' bdist_wheel -d /private/var/folders/51/hd414ycd67n82196sw51xqtc0000gn/T/pip-wheel-_xop71ap
2022-12-27T02:25:00.9791380Z   cwd: /Users/runner/actions-runner/_work/python.build/python.build/build_grpcio0110b138/grpcio-0.11.0b1/
2022-12-27T02:25:00.9791880Z   Building wheel for grpcio (setup.py): finished with status 'error'
2022-12-27T02:25:00.9792140Z   ERROR: Failed building wheel for grpcio
2022-12-27T02:25:00.9792400Z   Running command python setup.py clean
2022-12-27T02:25:00.9792670Z   Running setup.py clean for grpcio
2022-12-27T02:25:01.1623240Z   /private/var/folders/51/hd414ycd67n82196sw51xqtc0000gn/T/cibw-run-wmzv2x_7/cp38-macosx_arm64/build/venv/lib/python3.8/site-packages/setuptools/installer.py:27: SetuptoolsDeprecationWarning: setuptools.installer is deprecated. Requirements should be satisfied by a PEP 517 installer.
2022-12-27T02:25:01.1624830Z     warnings.warn(
2022-12-27T02:25:01.7612050Z   Traceback (most recent call last):
2022-12-27T02:25:01.7614240Z     File "<string>", line 2, in <module>
2022-12-27T02:25:01.7615830Z     File "<pip-setuptools-caller>", line 34, in <module>
2022-12-27T02:25:01.7617400Z     File "/Users/runner/actions-runner/_work/python.build/python.build/build_grpcio0110b138/grpcio-0.11.0b1/setup.py", line 104, in <module>
2022-12-27T02:25:01.7618700Z       setuptools.setup(
2022-12-27T02:25:01.7620980Z     File "/private/var/folders/51/hd414ycd67n82196sw51xqtc0000gn/T/cibw-run-wmzv2x_7/cp38-macosx_arm64/build/venv/lib/python3.8/site-packages/setuptools/__init__.py", line 86, in setup
2022-12-27T02:25:01.7621650Z       _install_setup_requires(attrs)
2022-12-27T02:25:01.7623900Z     File "/private/var/folders/51/hd414ycd67n82196sw51xqtc0000gn/T/cibw-run-wmzv2x_7/cp38-macosx_arm64/build/venv/lib/python3.8/site-packages/setuptools/__init__.py", line 80, in _install_setup_requires
2022-12-27T02:25:01.7624750Z       dist.fetch_build_eggs(dist.setup_requires)
2022-12-27T02:25:01.7626930Z     File "/private/var/folders/51/hd414ycd67n82196sw51xqtc0000gn/T/cibw-run-wmzv2x_7/cp38-macosx_arm64/build/venv/lib/python3.8/site-packages/setuptools/dist.py", line 874, in fetch_build_eggs
2022-12-27T02:25:01.7627880Z       resolved_dists = pkg_resources.working_set.resolve(
2022-12-27T02:25:01.7630010Z     File "/private/var/folders/51/hd414ycd67n82196sw51xqtc0000gn/T/cibw-run-wmzv2x_7/cp38-macosx_arm64/build/venv/lib/python3.8/site-packages/pkg_resources/__init__.py", line 789, in resolve
2022-12-27T02:25:01.7631010Z       dist = best[req.key] = env.best_match(
2022-12-27T02:25:01.7633060Z     File "/private/var/folders/51/hd414ycd67n82196sw51xqtc0000gn/T/cibw-run-wmzv2x_7/cp38-macosx_arm64/build/venv/lib/python3.8/site-packages/pkg_resources/__init__.py", line 1075, in best_match
2022-12-27T02:25:01.7633870Z       return self.obtain(req, installer)
2022-12-27T02:25:01.7636190Z     File "/private/var/folders/51/hd414ycd67n82196sw51xqtc0000gn/T/cibw-run-wmzv2x_7/cp38-macosx_arm64/build/venv/lib/python3.8/site-packages/pkg_resources/__init__.py", line 1087, in obtain
2022-12-27T02:25:01.7636670Z       return installer(requirement)
2022-12-27T02:25:01.7638850Z     File "/private/var/folders/51/hd414ycd67n82196sw51xqtc0000gn/T/cibw-run-wmzv2x_7/cp38-macosx_arm64/build/venv/lib/python3.8/site-packages/setuptools/dist.py", line 944, in fetch_build_egg
2022-12-27T02:25:01.7639840Z       return fetch_build_egg(self, req)
2022-12-27T02:25:01.7641630Z     File "/private/var/folders/51/hd414ycd67n82196sw51xqtc0000gn/T/cibw-run-wmzv2x_7/cp38-macosx_arm64/build/venv/lib/python3.8/site-packages/setuptools/installer.py", line 87, in fetch_build_egg
2022-12-27T02:25:01.7642780Z       wheel.install_as_egg(dist_location)
2022-12-27T02:25:01.7644570Z     File "/private/var/folders/51/hd414ycd67n82196sw51xqtc0000gn/T/cibw-run-wmzv2x_7/cp38-macosx_arm64/build/venv/lib/python3.8/site-packages/setuptools/wheel.py", line 110, in install_as_egg
2022-12-27T02:25:01.7645460Z       self._install_as_egg(destination_eggdir, zf)
2022-12-27T02:25:01.7647430Z     File "/private/var/folders/51/hd414ycd67n82196sw51xqtc0000gn/T/cibw-run-wmzv2x_7/cp38-macosx_arm64/build/venv/lib/python3.8/site-packages/setuptools/wheel.py", line 118, in _install_as_egg
2022-12-27T02:25:01.7648320Z       self._convert_metadata(zf, destination_eggdir, dist_info, egg_info)
2022-12-27T02:25:01.7650080Z     File "/private/var/folders/51/hd414ycd67n82196sw51xqtc0000gn/T/cibw-run-wmzv2x_7/cp38-macosx_arm64/build/venv/lib/python3.8/site-packages/setuptools/wheel.py", line 162, in _convert_metadata
2022-12-27T02:25:01.7651060Z       os.rename(dist_info, egg_info)
2022-12-27T02:25:01.7653230Z   OSError: [Errno 66] Directory not empty: '/Users/runner/actions-runner/_work/python.build/python.build/build_grpcio0110b138/grpcio-0.11.0b1/.eggs/MarkupSafe-2.1.1-py3.8-macosx-11.0-arm64.egg/MarkupSafe-2.1.1.dist-info' -> '/Users/runner/actions-runner/_work/python.build/python.build/build_grpcio0110b138/grpcio-0.11.0b1/.eggs/MarkupSafe-2.1.1-py3.8-macosx-11.0-arm64.egg/EGG-INFO'
2022-12-27T02:25:01.7867820Z   error: subprocess-exited-with-error
2022-12-27T02:25:01.7868080Z   
2022-12-27T02:25:01.7868540Z   Ã— python setup.py clean did not run successfully.
2022-12-27T02:25:01.7868910Z   â”‚ exit code: 1
2022-12-27T02:25:01.7869280Z   â•°â”€> See above for output.
2022-12-27T02:25:01.7869500Z   
2022-12-27T02:25:01.7869910Z   note: This error originates from a subprocess, and is likely not a problem with pip.
2022-12-27T02:25:01.7878000Z   full command: /private/var/folders/51/hd414ycd67n82196sw51xqtc0000gn/T/cibw-run-wmzv2x_7/cp38-macosx_arm64/build/venv/bin/python -u -c '
2022-12-27T02:25:01.7879810Z   exec(compile('"'"''"'"''"'"'
2022-12-27T02:25:01.7880350Z   # This is <pip-setuptools-caller> -- a caller that pip uses to run setup.py
2022-12-27T02:25:01.7880730Z   #
2022-12-27T02:25:01.7881230Z   # - It imports setuptools before invoking setup.py, to enable projects that directly
2022-12-27T02:25:01.7881670Z   #   import from `distutils.core` to work with newer packaging standards.
2022-12-27T02:25:01.7882230Z   # - It provides a clear error message when setuptools is not installed.
2022-12-27T02:25:01.7882860Z   # - It sets `sys.argv[0]` to the underlying `setup.py`, when invoking `setup.py` so
2022-12-27T02:25:01.7883410Z   #   setuptools doesn'"'"'t think the script is `-c`. This avoids the following warning:
2022-12-27T02:25:01.7884580Z   #     manifest_maker: standard file '"'"'-c'"'"' not found".
2022-12-27T02:25:01.7885590Z   # - It generates a shim setup.py, for handling setup.cfg-only projects.
2022-12-27T02:25:01.7886070Z   import os, sys, tokenize
2022-12-27T02:25:01.7886370Z   
2022-12-27T02:25:01.7887000Z   try:
2022-12-27T02:25:01.7887330Z       import setuptools
2022-12-27T02:25:01.7887680Z   except ImportError as error:
2022-12-27T02:25:01.7888030Z       print(
2022-12-27T02:25:01.7888490Z           "ERROR: Can not execute `setup.py` since setuptools is not available in "
2022-12-27T02:25:01.7888940Z           "the build environment.",
2022-12-27T02:25:01.7889310Z           file=sys.stderr,
2022-12-27T02:25:01.7889630Z       )
2022-12-27T02:25:01.7890320Z       sys.exit(1)
2022-12-27T02:25:01.7890660Z   
2022-12-27T02:25:01.7890930Z   __file__ = %r
2022-12-27T02:25:01.7891240Z   sys.argv[0] = __file__
2022-12-27T02:25:01.7891520Z   
2022-12-27T02:25:01.7891850Z   if os.path.exists(__file__):
2022-12-27T02:25:01.7892180Z       filename = __file__
2022-12-27T02:25:01.7892590Z       with tokenize.open(__file__) as f:
2022-12-27T02:25:01.7892990Z           setup_py_code = f.read()
2022-12-27T02:25:01.7893310Z   else:
2022-12-27T02:25:01.7893820Z       filename = "<auto-generated setuptools caller>"
2022-12-27T02:25:01.7894290Z       setup_py_code = "from setuptools import setup; setup()"
2022-12-27T02:25:01.7894660Z   
2022-12-27T02:25:01.7895000Z   exec(compile(setup_py_code, filename, "exec"))
2022-12-27T02:25:01.7895570Z   '"'"''"'"''"'"' % ('"'"'/Users/runner/actions-runner/_work/python.build/python.build/build_grpcio0110b138/grpcio-0.11.0b1/setup.py'"'"',), "<pip-setuptools-caller>", "exec"))' clean --all
2022-12-27T02:25:01.7896030Z   cwd: /Users/runner/actions-runner/_work/python.build/python.build/build_grpcio0110b138/grpcio-0.11.0b1
2022-12-27T02:25:01.7896290Z   ERROR: Failed cleaning build dir for grpcio
2022-12-27T02:25:01.7896510Z Failed to build grpcio
2022-12-27T02:25:01.7897680Z ERROR: Failed to build one or more wheels
2022-12-27T02:25:01.7908480Z Exception information:
2022-12-27T02:25:01.7908810Z Traceback (most recent call last):
2022-12-27T02:25:01.7909630Z   File "/private/var/folders/51/hd414ycd67n82196sw51xqtc0000gn/T/cibw-run-wmzv2x_7/cp38-macosx_arm64/build/venv/lib/python3.8/site-packages/pip/_internal/cli/base_command.py", line 160, in exc_logging_wrapper
2022-12-27T02:25:01.7910070Z     status = run_func(*args)
2022-12-27T02:25:01.7910770Z   File "/private/var/folders/51/hd414ycd67n82196sw51xqtc0000gn/T/cibw-run-wmzv2x_7/cp38-macosx_arm64/build/venv/lib/python3.8/site-packages/pip/_internal/cli/req_command.py", line 247, in wrapper
2022-12-27T02:25:01.7911440Z     return func(self, options, args)
2022-12-27T02:25:01.7912070Z   File "/private/var/folders/51/hd414ycd67n82196sw51xqtc0000gn/T/cibw-run-wmzv2x_7/cp38-macosx_arm64/build/venv/lib/python3.8/site-packages/pip/_internal/commands/wheel.py", line 201, in run
2022-12-27T02:25:01.7912580Z     raise CommandError("Failed to build one or more wheels")
2022-12-27T02:25:01.7912940Z pip._internal.exceptions.CommandError: Failed to build one or more wheels
2022-12-27T02:25:01.7913510Z Removed build tracker: '/private/var/folders/51/hd414ycd67n82196sw51xqtc0000gn/T/pip-build-tracker-nh_k1owm'
2022-12-27T02:25:01.8284020Z ##[endgroup]
2022-12-27T02:25:01.8284640Z                                                              [31mâœ• [0m13.23s
2022-12-27T02:25:01.8688360Z ##[error]Command ['python', '-m', 'pip', 'wheel', '/Users/runner/actions-runner/_work/python.build/python.build/build_grpcio0110b138/grpcio-0.11.0b1', '--wheel-dir=/private/var/folders/51/hd414ycd67n82196sw51xqtc0000gn/T/cibw-run-wmzv2x_7/cp38-macosx_arm64/built_wheel', '--no-deps', '-vvv'] failed with code 1. None
2022-12-27T02:25:01.8694170Z 
2022-12-27T02:25:01.8800140Z ##[error]Process completed with exit code 1.
2022-12-27T02:25:01.8832680Z ##[group]Run rm -rf build_grpcio0110b138 wheelsout
2022-12-27T02:25:01.8833000Z [36;1mrm -rf build_grpcio0110b138 wheelsout[0m
2022-12-27T02:25:01.8848110Z shell: /bin/bash -e {0}
2022-12-27T02:25:01.8848300Z env:
2022-12-27T02:25:01.8848570Z   pythonLocation: /Users/runner/hostedtoolcache/Python/3.8.15/x64
2022-12-27T02:25:01.8848800Z   PKG_CONFIG_PATH: /Users/runner/hostedtoolcache/Python/3.8.15/x64/lib/pkgconfig
2022-12-27T02:25:01.8849040Z   Python_ROOT_DIR: /Users/runner/hostedtoolcache/Python/3.8.15/x64
2022-12-27T02:25:01.8849280Z   Python2_ROOT_DIR: /Users/runner/hostedtoolcache/Python/3.8.15/x64
2022-12-27T02:25:01.8849520Z   Python3_ROOT_DIR: /Users/runner/hostedtoolcache/Python/3.8.15/x64
2022-12-27T02:25:01.8849690Z ##[endgroup]
2022-12-27T02:25:02.1070670Z Cleaning up orphan processes
