2022-12-27T08:55:32.0187083Z Requested labels: self-hosted, macOS, X64
2022-12-27T08:55:32.0187186Z Job defined at: kilnbuild/python.build/.github/workflows/mac_arm_build.yml@refs/heads/main
2022-12-27T08:55:32.0187224Z Waiting for a runner to pick up this job...
2022-12-27T11:35:04.0638378Z Job is about to start running on the runner: k1 (organization)
2022-12-27T11:35:07.8539980Z Current runner version: '2.300.2'
2022-12-27T11:35:07.8544690Z Runner name: 'k1'
2022-12-27T11:35:07.8544930Z Runner group name: 'Default'
2022-12-27T11:35:07.8545350Z Machine name: 'k1'
2022-12-27T11:35:07.8546900Z ##[group]GITHUB_TOKEN Permissions
2022-12-27T11:35:07.8547300Z Actions: write
2022-12-27T11:35:07.8547440Z Checks: write
2022-12-27T11:35:07.8547570Z Contents: write
2022-12-27T11:35:07.8547700Z Deployments: write
2022-12-27T11:35:07.8547830Z Discussions: write
2022-12-27T11:35:07.8547960Z Issues: write
2022-12-27T11:35:07.8548080Z Metadata: read
2022-12-27T11:35:07.8548210Z Packages: write
2022-12-27T11:35:07.8548340Z Pages: write
2022-12-27T11:35:07.8548470Z PullRequests: write
2022-12-27T11:35:07.8548630Z RepositoryProjects: write
2022-12-27T11:35:07.8548790Z SecurityEvents: write
2022-12-27T11:35:07.8548920Z Statuses: write
2022-12-27T11:35:07.8549050Z ##[endgroup]
2022-12-27T11:35:07.8551890Z Secret source: Actions
2022-12-27T11:35:07.8552200Z Prepare workflow directory
2022-12-27T11:35:07.9177190Z Prepare all required actions
2022-12-27T11:35:07.9302010Z Getting action download info
2022-12-27T11:35:08.4099740Z Download action repository 'actions/setup-python@v4' (SHA:5ccb29d8773c3f3f653e1705f474dfaa8a06a912)
2022-12-27T11:35:11.2508550Z Download action repository 'actions/upload-artifact@v3' (SHA:83fd05a356d7e2593de66fc9913b3002723633cb)
2022-12-27T11:35:12.5420860Z ##[group]Run echo '{
2022-12-27T11:35:12.5421130Z [36;1mecho '{[0m
2022-12-27T11:35:12.5421290Z [36;1m  "package_name": "lxml",[0m
2022-12-27T11:35:12.5421530Z [36;1m  "package_url": "https://files.pythonhosted.org/packages/c1/0d/30174b1c276612296e95ce17bb559d47e2faca0389fe758632f571252102/lxml-2.3.6.tar.gz",[0m
2022-12-27T11:35:12.5421730Z [36;1m  "package_version": "2.3.6",[0m
2022-12-27T11:35:12.5421880Z [36;1m  "python_version": "3.9",[0m
2022-12-27T11:35:12.5421990Z [36;1m  "use_ccache": "true"[0m
2022-12-27T11:35:12.5422100Z [36;1m}'[0m
2022-12-27T11:35:12.5437550Z shell: /bin/bash -e {0}
2022-12-27T11:35:12.5437720Z ##[endgroup]
2022-12-27T11:35:12.5652550Z {
2022-12-27T11:35:12.5653970Z   "package_name": "lxml",
2022-12-27T11:35:12.5654620Z   "package_url": "https://files.pythonhosted.org/packages/c1/0d/30174b1c276612296e95ce17bb559d47e2faca0389fe758632f571252102/lxml-2.3.6.tar.gz",
2022-12-27T11:35:12.5654860Z   "package_version": "2.3.6",
2022-12-27T11:35:12.5655070Z   "python_version": "3.9",
2022-12-27T11:35:12.5655250Z   "use_ccache": "true"
2022-12-27T11:35:12.5655460Z }
2022-12-27T11:35:12.5859830Z ##[group]Run actions/setup-python@v4
2022-12-27T11:35:12.5860090Z with:
2022-12-27T11:35:12.5860230Z   python-version: 3.9
2022-12-27T11:35:12.5860420Z   check-latest: false
2022-12-27T11:35:12.5860770Z   token: ***
2022-12-27T11:35:12.5860920Z   update-environment: true
2022-12-27T11:35:12.5861160Z ##[endgroup]
2022-12-27T11:35:12.7142240Z ##[group]Installed versions
2022-12-27T11:35:12.7245400Z Successfully set up CPython (3.9.16)
2022-12-27T11:35:12.7246350Z ##[endgroup]
2022-12-27T11:35:12.7384020Z ##[group]Run if [ "true" == "true" ]
2022-12-27T11:35:12.7384360Z [36;1mif [ "true" == "true" ][0m
2022-12-27T11:35:12.7384550Z [36;1mthen[0m
2022-12-27T11:35:12.7384730Z [36;1m  echo "CCACHE_PATH_PREPEND=/usr/local/opt/ccache/libexec" >> $GITHUB_OUTPUT[0m
2022-12-27T11:35:12.7385010Z [36;1melse[0m
2022-12-27T11:35:12.7385200Z [36;1m  echo "CCACHE_PATH_PREPEND=" >> $GITHUB_OUTPUT[0m
2022-12-27T11:35:12.7385590Z [36;1mfi[0m
2022-12-27T11:35:12.7403260Z shell: /bin/bash -e {0}
2022-12-27T11:35:12.7403560Z env:
2022-12-27T11:35:12.7403780Z   pythonLocation: /Users/runner/hostedtoolcache/Python/3.9.16/x64
2022-12-27T11:35:12.7404020Z   PKG_CONFIG_PATH: /Users/runner/hostedtoolcache/Python/3.9.16/x64/lib/pkgconfig
2022-12-27T11:35:12.7404290Z   Python_ROOT_DIR: /Users/runner/hostedtoolcache/Python/3.9.16/x64
2022-12-27T11:35:12.7404530Z   Python2_ROOT_DIR: /Users/runner/hostedtoolcache/Python/3.9.16/x64
2022-12-27T11:35:12.7404870Z   Python3_ROOT_DIR: /Users/runner/hostedtoolcache/Python/3.9.16/x64
2022-12-27T11:35:12.7405380Z ##[endgroup]
2022-12-27T11:35:12.7519030Z ##[group]Run echo "BUILD_NAME=$(echo lxml_2.3.6_3.9 | tr -dc '[:alnum:]\n\r' | tr '[:upper:]' '[:lower:]')" >> $GITHUB_OUTPUT
2022-12-27T11:35:12.7519440Z [36;1mecho "BUILD_NAME=$(echo lxml_2.3.6_3.9 | tr -dc '[:alnum:]\n\r' | tr '[:upper:]' '[:lower:]')" >> $GITHUB_OUTPUT[0m
2022-12-27T11:35:12.7532470Z shell: /bin/bash -e {0}
2022-12-27T11:35:12.7532630Z env:
2022-12-27T11:35:12.7532890Z   pythonLocation: /Users/runner/hostedtoolcache/Python/3.9.16/x64
2022-12-27T11:35:12.7533160Z   PKG_CONFIG_PATH: /Users/runner/hostedtoolcache/Python/3.9.16/x64/lib/pkgconfig
2022-12-27T11:35:12.7533370Z   Python_ROOT_DIR: /Users/runner/hostedtoolcache/Python/3.9.16/x64
2022-12-27T11:35:12.7533680Z   Python2_ROOT_DIR: /Users/runner/hostedtoolcache/Python/3.9.16/x64
2022-12-27T11:35:12.7533980Z   Python3_ROOT_DIR: /Users/runner/hostedtoolcache/Python/3.9.16/x64
2022-12-27T11:35:12.7534140Z ##[endgroup]
2022-12-27T11:35:12.7688960Z ##[group]Run echo "PYTHON_NO_DOTS=$(echo 3.9 | tr -dc '[:alnum:]\n\r' | tr '[:upper:]' '[:lower:]')" >> $GITHUB_OUTPUT
2022-12-27T11:35:12.7689480Z [36;1mecho "PYTHON_NO_DOTS=$(echo 3.9 | tr -dc '[:alnum:]\n\r' | tr '[:upper:]' '[:lower:]')" >> $GITHUB_OUTPUT[0m
2022-12-27T11:35:12.7704120Z shell: /bin/bash -e {0}
2022-12-27T11:35:12.7704260Z env:
2022-12-27T11:35:12.7704470Z   pythonLocation: /Users/runner/hostedtoolcache/Python/3.9.16/x64
2022-12-27T11:35:12.7704730Z   PKG_CONFIG_PATH: /Users/runner/hostedtoolcache/Python/3.9.16/x64/lib/pkgconfig
2022-12-27T11:35:12.7704990Z   Python_ROOT_DIR: /Users/runner/hostedtoolcache/Python/3.9.16/x64
2022-12-27T11:35:12.7705220Z   Python2_ROOT_DIR: /Users/runner/hostedtoolcache/Python/3.9.16/x64
2022-12-27T11:35:12.7705450Z   Python3_ROOT_DIR: /Users/runner/hostedtoolcache/Python/3.9.16/x64
2022-12-27T11:35:12.7705650Z ##[endgroup]
2022-12-27T11:35:12.7828340Z ##[group]Run rm -rf build_lxml23639
2022-12-27T11:35:12.7828690Z [36;1mrm -rf build_lxml23639[0m
2022-12-27T11:35:12.7828850Z [36;1mmkdir build_lxml23639[0m
2022-12-27T11:35:12.7829070Z [36;1mcd build_lxml23639[0m
2022-12-27T11:35:12.7829410Z [36;1m/usr/local/bin/wget --quiet https://files.pythonhosted.org/packages/c1/0d/30174b1c276612296e95ce17bb559d47e2faca0389fe758632f571252102/lxml-2.3.6.tar.gz[0m
2022-12-27T11:35:12.7829690Z [36;1mtar xf *.tar.gz[0m
2022-12-27T11:35:12.7829820Z [36;1mcd *[0m
2022-12-27T11:35:12.7830010Z [36;1mpython -m pip install cibuildwheel==2.11.3[0m
2022-12-27T11:35:12.7830230Z [36;1mpython -m cibuildwheel --output-dir ../wheelsout[0m
2022-12-27T11:35:12.7843800Z shell: /bin/bash -e {0}
2022-12-27T11:35:12.7844000Z env:
2022-12-27T11:35:12.7844220Z   pythonLocation: /Users/runner/hostedtoolcache/Python/3.9.16/x64
2022-12-27T11:35:12.7844460Z   PKG_CONFIG_PATH: /Users/runner/hostedtoolcache/Python/3.9.16/x64/lib/pkgconfig
2022-12-27T11:35:12.7844840Z   Python_ROOT_DIR: /Users/runner/hostedtoolcache/Python/3.9.16/x64
2022-12-27T11:35:12.7845050Z   Python2_ROOT_DIR: /Users/runner/hostedtoolcache/Python/3.9.16/x64
2022-12-27T11:35:12.7845300Z   Python3_ROOT_DIR: /Users/runner/hostedtoolcache/Python/3.9.16/x64
2022-12-27T11:35:12.7845530Z   CIBW_ARCHS_MACOS: arm64
2022-12-27T11:35:12.7845720Z   CIBW_TEST_SKIP: *_arm64
2022-12-27T11:35:12.7845900Z   CIBW_BUILD: cp39-macosx_arm64
2022-12-27T11:35:12.7846090Z   CIBW_BUILD_FRONTEND: pip
2022-12-27T11:35:12.7846250Z   CIBW_BUILD_VERBOSITY: 3
2022-12-27T11:35:12.7846600Z   CIBW_ENVIRONMENT_MACOS:  CFLAGS="-I/usr/local/opt/openssl@3/include" LDFLAGS="-L/usr/local/opt/openssl@3/lib" CPPFLAGS="-I/usr/local/opt/openssl@3/include" MAKEFLAGS="-j$(sysctl -n hw.logicalcpu)" PATH=/usr/local/opt/ccache/libexec:$PATH
2022-12-27T11:35:12.7847030Z   CIBW_BEFORE_BUILD: pip install Cython; if [[ -f requirements.txt ]]; then pip install -r requirements.txt; fi
2022-12-27T11:35:12.7847300Z   MAKEFLAGS: -j$(sysctl -n hw.logicalcpu)
2022-12-27T11:35:12.7847460Z ##[endgroup]
2022-12-27T11:35:13.2752670Z Requirement already satisfied: cibuildwheel==2.11.3 in /Users/runner/hostedtoolcache/Python/3.9.16/x64/lib/python3.9/site-packages (2.11.3)
2022-12-27T11:35:13.3000750Z Requirement already satisfied: bracex in /Users/runner/hostedtoolcache/Python/3.9.16/x64/lib/python3.9/site-packages (from cibuildwheel==2.11.3) (2.3.post1)
2022-12-27T11:35:13.3006250Z Requirement already satisfied: packaging>=20.9 in /Users/runner/hostedtoolcache/Python/3.9.16/x64/lib/python3.9/site-packages (from cibuildwheel==2.11.3) (22.0)
2022-12-27T11:35:13.3015740Z Requirement already satisfied: typing-extensions>=4.1.0 in /Users/runner/hostedtoolcache/Python/3.9.16/x64/lib/python3.9/site-packages (from cibuildwheel==2.11.3) (4.4.0)
2022-12-27T11:35:13.3021570Z Requirement already satisfied: tomli in /Users/runner/hostedtoolcache/Python/3.9.16/x64/lib/python3.9/site-packages (from cibuildwheel==2.11.3) (2.0.1)
2022-12-27T11:35:13.3026400Z Requirement already satisfied: bashlex!=0.13 in /Users/runner/hostedtoolcache/Python/3.9.16/x64/lib/python3.9/site-packages (from cibuildwheel==2.11.3) (0.16)
2022-12-27T11:35:13.3030520Z Requirement already satisfied: filelock in /Users/runner/hostedtoolcache/Python/3.9.16/x64/lib/python3.9/site-packages (from cibuildwheel==2.11.3) (3.8.2)
2022-12-27T11:35:13.3034090Z Requirement already satisfied: platformdirs in /Users/runner/hostedtoolcache/Python/3.9.16/x64/lib/python3.9/site-packages (from cibuildwheel==2.11.3) (2.6.0)
2022-12-27T11:35:13.3037150Z Requirement already satisfied: certifi in /Users/runner/hostedtoolcache/Python/3.9.16/x64/lib/python3.9/site-packages (from cibuildwheel==2.11.3) (2022.12.7)
2022-12-27T11:35:13.4778340Z 
2022-12-27T11:35:13.4778890Z      _ _       _ _   _       _           _
2022-12-27T11:35:13.4779240Z  ___|_| |_ _ _|_| |_| |_ _ _| |_ ___ ___| |
2022-12-27T11:35:13.4780250Z |  _| | . | | | | | . | | | |   | -_| -_| |
2022-12-27T11:35:13.4780620Z |___|_|___|___|_|_|___|_____|_|_|___|___|_|
2022-12-27T11:35:13.4781590Z 
2022-12-27T11:35:13.4781810Z cibuildwheel version 2.11.3
2022-12-27T11:35:13.4782010Z 
2022-12-27T11:35:13.4782140Z Build options:
2022-12-27T11:35:13.4782360Z   platform: macos
2022-12-27T11:35:13.4881370Z   architectures: arm64[0m
2022-12-27T11:35:13.4881870Z   build_selector: 
2022-12-27T11:35:13.4882390Z     build_config: cp39-macosx_arm64
2022-12-27T11:35:13.4882860Z     skip_config: 
2022-12-27T11:35:13.4883590Z     requires_python: None
2022-12-27T11:35:13.4884010Z     prerelease_pythons: False[0m
2022-12-27T11:35:13.4884620Z   [38;5;244mcontainer_engine: docker[0m
2022-12-27T11:35:13.4885130Z   output_dir: /Users/runner/actions-runner/_work/python.build/python.build/build_lxml23639/wheelsout[0m
2022-12-27T11:35:13.4885690Z   package_dir: /Users/runner/actions-runner/_work/python.build/python.build/build_lxml23639/lxml-2.3.6[0m
2022-12-27T11:35:13.4885980Z   test_selector: 
2022-12-27T11:35:13.4886330Z     skip_config: *_arm64[0m
2022-12-27T11:35:13.4886690Z   [38;5;244mbefore_all: [0m
2022-12-27T11:35:13.4887110Z   before_build: pip install Cython; if [[ -f requirements.txt ]]; then pip install -r requirements.txt; fi[0m
2022-12-27T11:35:13.4887500Z   [38;5;244mbefore_test: [0m
2022-12-27T11:35:13.4887810Z   [38;5;244mbuild_frontend: pip[0m
2022-12-27T11:35:13.4888160Z   build_verbosity: 3[0m
2022-12-27T11:35:13.4888430Z   [38;5;244mconfig_settings: [0m
2022-12-27T11:35:13.4888770Z   [38;5;244mdependency_constraints: pinned[0m
2022-12-27T11:35:13.4889030Z   environment: 
2022-12-27T11:35:13.4889330Z     CFLAGS="-I/usr/local/opt/openssl@3/include"
2022-12-27T11:35:13.4889730Z     LDFLAGS="-L/usr/local/opt/openssl@3/lib"
2022-12-27T11:35:13.4890100Z     CPPFLAGS="-I/usr/local/opt/openssl@3/include"
2022-12-27T11:35:13.4890460Z     MAKEFLAGS="-j$(sysctl -n hw.logicalcpu)"
2022-12-27T11:35:13.4890800Z     PATH=/usr/local/opt/ccache/libexec:$PATH[0m
2022-12-27T11:35:13.4891130Z   [38;5;244mmanylinux_images: None[0m
2022-12-27T11:35:13.4891460Z   [38;5;244mmusllinux_images: None[0m
2022-12-27T11:35:13.4891900Z   [38;5;244mrepair_command: delocate-wheel --require-archs {delocate_archs} -w {dest_dir} -v {wheel}[0m
2022-12-27T11:35:13.4892570Z   [38;5;244mtest_command: [0m
2022-12-27T11:35:13.4893000Z   [38;5;244mtest_extras: [0m
2022-12-27T11:35:13.4893270Z   [38;5;244mtest_requires: [0m
2022-12-27T11:35:13.4893460Z 
2022-12-27T11:35:13.4893610Z Cache folder: /Users/runner/Library/Caches/cibuildwheel
2022-12-27T11:35:13.4898750Z 
2022-12-27T11:35:13.4899090Z Here we go!
2022-12-27T11:35:13.4899250Z 
2022-12-27T11:35:13.5018500Z 
2022-12-27T11:35:13.5019220Z [1m[34mBuilding cp39-macosx_arm64 wheel[0m
2022-12-27T11:35:13.5020120Z CPython 3.9 macOS arm64 - Apple Silicon
2022-12-27T11:35:13.5020400Z 
2022-12-27T11:35:13.5021880Z ##[group]Installing Python cp39...
2022-12-27T11:35:13.5022110Z 
2022-12-27T11:35:13.5022560Z + pkgutil --pkgs
2022-12-27T11:35:13.5124560Z ##[endgroup]
2022-12-27T11:35:13.5125410Z                                                               [32mâœ“ [0m0.01s
2022-12-27T11:35:13.5125920Z ##[group]Setting up build environment...
2022-12-27T11:35:13.5126070Z 
2022-12-27T11:35:13.5143980Z + /Users/runner/hostedtoolcache/Python/3.9.16/x64/bin/python -sS /Users/runner/Library/Caches/cibuildwheel/virtualenv-20.17.0.pyz --activators= --no-periodic-update --pip=22.3.1 --setuptools=65.6.3 --wheel=0.38.4 --symlink-app-data --python /Library/Frameworks/Python.framework/Versions/3.9/bin/python3 /private/var/folders/51/hd414ycd67n82196sw51xqtc0000gn/T/cibw-run-3x7pru9c/cp39-macosx_arm64/build/venv
2022-12-27T11:35:13.7015560Z created virtual environment CPython3.9.13.final.0-64 in 52ms
2022-12-27T11:35:13.7016150Z   creator CPython3Posix(dest=/private/var/folders/51/hd414ycd67n82196sw51xqtc0000gn/T/cibw-run-3x7pru9c/cp39-macosx_arm64/build/venv, clear=False, no_vcs_ignore=False, global=False)
2022-12-27T11:35:13.7016800Z   seeder FromAppData(download=False, pip=22.3.1, setuptools=65.6.3, wheel=0.38.4, via=symlink, app_data_dir=/Users/runner/Library/Application Support/virtualenv)
2022-12-27T11:35:13.7017220Z     added seed packages: pip==22.3.1, setuptools==65.6.3, wheel==0.38.4
2022-12-27T11:35:13.7131820Z + python -m pip install --upgrade pip -c /Users/runner/hostedtoolcache/Python/3.9.16/x64/lib/python3.9/site-packages/cibuildwheel/resources/constraints-python39.txt
2022-12-27T11:35:14.0180940Z Requirement already satisfied: pip in ./lib/python3.9/site-packages (22.3.1)
2022-12-27T11:35:14.1585580Z + which pip
2022-12-27T11:35:14.1604780Z /private/var/folders/51/hd414ycd67n82196sw51xqtc0000gn/T/cibw-run-3x7pru9c/cp39-macosx_arm64/build/venv/bin/pip
2022-12-27T11:35:14.1607790Z + pip --version
2022-12-27T11:35:14.3769170Z pip 22.3.1 from /private/var/folders/51/hd414ycd67n82196sw51xqtc0000gn/T/cibw-run-3x7pru9c/cp39-macosx_arm64/build/venv/lib/python3.9/site-packages/pip (python 3.9)
2022-12-27T11:35:14.3979340Z + which pip
2022-12-27T11:35:14.4009560Z + which python
2022-12-27T11:35:14.4029110Z /private/var/folders/51/hd414ycd67n82196sw51xqtc0000gn/T/cibw-run-3x7pru9c/cp39-macosx_arm64/build/venv/bin/python
2022-12-27T11:35:14.4033140Z + python --version
2022-12-27T11:35:14.4084550Z Python 3.9.13
2022-12-27T11:35:14.4087460Z + which python
2022-12-27T11:35:14.4143920Z ##[endgroup]
2022-12-27T11:35:14.4144580Z                                                               [32mâœ“ [0m0.90s
2022-12-27T11:35:14.4145580Z ##[group]Installing build tools...
2022-12-27T11:35:14.4145770Z 
2022-12-27T11:35:14.4146310Z + pip install --upgrade setuptools wheel delocate -c /Users/runner/hostedtoolcache/Python/3.9.16/x64/lib/python3.9/site-packages/cibuildwheel/resources/constraints-python39.txt
2022-12-27T11:35:14.7066530Z Requirement already satisfied: setuptools in /private/var/folders/51/hd414ycd67n82196sw51xqtc0000gn/T/cibw-run-3x7pru9c/cp39-macosx_arm64/build/venv/lib/python3.9/site-packages (65.6.3)
2022-12-27T11:35:14.9240740Z Requirement already satisfied: wheel in /private/var/folders/51/hd414ycd67n82196sw51xqtc0000gn/T/cibw-run-3x7pru9c/cp39-macosx_arm64/build/venv/lib/python3.9/site-packages (0.38.4)
2022-12-27T11:35:14.9779580Z Collecting delocate
2022-12-27T11:35:14.9805240Z   Using cached delocate-0.10.3-py3-none-any.whl (142 kB)
2022-12-27T11:35:15.0124850Z Collecting packaging>=20.9
2022-12-27T11:35:15.0148910Z   Using cached packaging-21.3-py3-none-any.whl (40 kB)
2022-12-27T11:35:15.0334480Z Collecting typing-extensions
2022-12-27T11:35:15.0356590Z   Using cached typing_extensions-4.4.0-py3-none-any.whl (26 kB)
2022-12-27T11:35:15.0751410Z Collecting pyparsing!=3.0.5,>=2.0.2
2022-12-27T11:35:15.0773280Z   Using cached pyparsing-3.0.9-py3-none-any.whl (98 kB)
2022-12-27T11:35:15.1133280Z Installing collected packages: typing-extensions, pyparsing, packaging, delocate
2022-12-27T11:35:15.2555540Z Successfully installed delocate-0.10.3 packaging-21.3 pyparsing-3.0.9 typing-extensions-4.4.0
2022-12-27T11:35:15.3010210Z ##[endgroup]
2022-12-27T11:35:15.3011060Z                                                               [32mâœ“ [0m0.89s
2022-12-27T11:35:15.3011650Z ##[group]Running before_build...
2022-12-27T11:35:15.3011940Z 
2022-12-27T11:35:15.3018300Z + pip install Cython; if [[ -f requirements.txt ]]; then pip install -r requirements.txt; fi
2022-12-27T11:35:15.9986280Z Collecting Cython
2022-12-27T11:35:16.0036940Z   Using cached Cython-0.29.32-py2.py3-none-any.whl (986 kB)
2022-12-27T11:35:16.0460880Z Installing collected packages: Cython
2022-12-27T11:35:16.5078960Z Successfully installed Cython-0.29.32
2022-12-27T11:35:16.5501800Z ##[endgroup]
2022-12-27T11:35:16.5502900Z                                                               [32mâœ“ [0m1.25s
2022-12-27T11:35:16.5503390Z ##[group]Building wheel...
2022-12-27T11:35:16.5503550Z 
2022-12-27T11:35:16.5507410Z + python -m pip wheel /Users/runner/actions-runner/_work/python.build/python.build/build_lxml23639/lxml-2.3.6 --wheel-dir=/private/var/folders/51/hd414ycd67n82196sw51xqtc0000gn/T/cibw-run-3x7pru9c/cp39-macosx_arm64/built_wheel --no-deps -vvv
2022-12-27T11:35:16.8255270Z Created temporary directory: /private/var/folders/51/hd414ycd67n82196sw51xqtc0000gn/T/pip-ephem-wheel-cache-ch8o14av
2022-12-27T11:35:16.8258500Z Created temporary directory: /private/var/folders/51/hd414ycd67n82196sw51xqtc0000gn/T/pip-build-tracker-a_313rcj
2022-12-27T11:35:16.8260190Z Initialized build tracking at /private/var/folders/51/hd414ycd67n82196sw51xqtc0000gn/T/pip-build-tracker-a_313rcj
2022-12-27T11:35:16.8262090Z Created build tracker: /private/var/folders/51/hd414ycd67n82196sw51xqtc0000gn/T/pip-build-tracker-a_313rcj
2022-12-27T11:35:16.8263080Z Entered build tracker: /private/var/folders/51/hd414ycd67n82196sw51xqtc0000gn/T/pip-build-tracker-a_313rcj
2022-12-27T11:35:16.8266710Z Created temporary directory: /private/var/folders/51/hd414ycd67n82196sw51xqtc0000gn/T/pip-wheel-75xl4vv8
2022-12-27T11:35:16.8272830Z Created temporary directory: /private/var/folders/51/hd414ycd67n82196sw51xqtc0000gn/T/pip-ephem-wheel-cache-m75yv448
2022-12-27T11:35:16.8428480Z Processing /Users/runner/actions-runner/_work/python.build/python.build/build_lxml23639/lxml-2.3.6
2022-12-27T11:35:16.8433390Z   Added file:///Users/runner/actions-runner/_work/python.build/python.build/build_lxml23639/lxml-2.3.6 to build tracker '/private/var/folders/51/hd414ycd67n82196sw51xqtc0000gn/T/pip-build-tracker-a_313rcj'
2022-12-27T11:35:16.8437250Z   Running setup.py (path:/Users/runner/actions-runner/_work/python.build/python.build/build_lxml23639/lxml-2.3.6/setup.py) egg_info for package from file:///Users/runner/actions-runner/_work/python.build/python.build/build_lxml23639/lxml-2.3.6
2022-12-27T11:35:16.8440200Z   Created temporary directory: /private/var/folders/51/hd414ycd67n82196sw51xqtc0000gn/T/pip-pip-egg-info-_6cr8gq2
2022-12-27T11:35:16.8441440Z   Preparing metadata (setup.py): started
2022-12-27T11:35:16.8443330Z   Running command python setup.py egg_info
2022-12-27T11:35:17.2262470Z   Building lxml version 2.3.6.
2022-12-27T11:35:17.2264630Z   Building with Cython 0.29.32.
2022-12-27T11:35:17.2266820Z   Using build configuration of libxslt 1.1.29
2022-12-27T11:35:17.2269640Z   Building against libxml2/libxslt in the following directory: /Library/Developer/CommandLineTools/SDKs/MacOSX12.1.sdk/usr/lib
2022-12-27T11:35:17.2271680Z   running egg_info
2022-12-27T11:35:17.2274840Z   creating /private/var/folders/51/hd414ycd67n82196sw51xqtc0000gn/T/pip-pip-egg-info-_6cr8gq2/lxml.egg-info
2022-12-27T11:35:17.2277180Z   writing /private/var/folders/51/hd414ycd67n82196sw51xqtc0000gn/T/pip-pip-egg-info-_6cr8gq2/lxml.egg-info/PKG-INFO
2022-12-27T11:35:17.2279970Z   writing dependency_links to /private/var/folders/51/hd414ycd67n82196sw51xqtc0000gn/T/pip-pip-egg-info-_6cr8gq2/lxml.egg-info/dependency_links.txt
2022-12-27T11:35:17.2282500Z   writing top-level names to /private/var/folders/51/hd414ycd67n82196sw51xqtc0000gn/T/pip-pip-egg-info-_6cr8gq2/lxml.egg-info/top_level.txt
2022-12-27T11:35:17.2286240Z   writing manifest file '/private/var/folders/51/hd414ycd67n82196sw51xqtc0000gn/T/pip-pip-egg-info-_6cr8gq2/lxml.egg-info/SOURCES.txt'
2022-12-27T11:35:17.2354450Z   reading manifest file '/private/var/folders/51/hd414ycd67n82196sw51xqtc0000gn/T/pip-pip-egg-info-_6cr8gq2/lxml.egg-info/SOURCES.txt'
2022-12-27T11:35:17.2357040Z   reading manifest template 'MANIFEST.in'
2022-12-27T11:35:17.3380300Z   adding license file 'LICENSES.txt'
2022-12-27T11:35:17.3447210Z   writing manifest file '/private/var/folders/51/hd414ycd67n82196sw51xqtc0000gn/T/pip-pip-egg-info-_6cr8gq2/lxml.egg-info/SOURCES.txt'
2022-12-27T11:35:17.3715930Z   Preparing metadata (setup.py): finished with status 'done'
2022-12-27T11:35:17.3742270Z   Source in /Users/runner/actions-runner/_work/python.build/python.build/build_lxml23639/lxml-2.3.6 has version 2.3.6, which satisfies requirement lxml==2.3.6 from file:///Users/runner/actions-runner/_work/python.build/python.build/build_lxml23639/lxml-2.3.6
2022-12-27T11:35:17.3746330Z   Removed lxml==2.3.6 from file:///Users/runner/actions-runner/_work/python.build/python.build/build_lxml23639/lxml-2.3.6 from build tracker '/private/var/folders/51/hd414ycd67n82196sw51xqtc0000gn/T/pip-build-tracker-a_313rcj'
2022-12-27T11:35:17.3764630Z Created temporary directory: /private/var/folders/51/hd414ycd67n82196sw51xqtc0000gn/T/pip-unpack-9oanllfz
2022-12-27T11:35:17.3766690Z Building wheels for collected packages: lxml
2022-12-27T11:35:17.3774010Z   Created temporary directory: /private/var/folders/51/hd414ycd67n82196sw51xqtc0000gn/T/pip-wheel-ns1kde_7
2022-12-27T11:35:17.3775860Z   Building wheel for lxml (setup.py): started
2022-12-27T11:35:17.3777880Z   Destination directory: /private/var/folders/51/hd414ycd67n82196sw51xqtc0000gn/T/pip-wheel-ns1kde_7
2022-12-27T11:35:17.3779410Z   Running command python setup.py bdist_wheel
2022-12-27T11:35:17.6446850Z   Building lxml version 2.3.6.
2022-12-27T11:35:17.6448810Z   Building with Cython 0.29.32.
2022-12-27T11:35:17.6585670Z   Using build configuration of libxslt 1.1.29
2022-12-27T11:35:17.7624850Z   Building against libxml2/libxslt in the following directory: /Library/Developer/CommandLineTools/SDKs/MacOSX12.1.sdk/usr/lib
2022-12-27T11:35:17.7891680Z   running bdist_wheel
2022-12-27T11:35:17.7934290Z   running build
2022-12-27T11:35:17.7935950Z   running build_py
2022-12-27T11:35:17.7959060Z   creating build
2022-12-27T11:35:17.7963160Z   creating build/lib.macosx-11.0-arm64-cpython-39
2022-12-27T11:35:17.7965300Z   creating build/lib.macosx-11.0-arm64-cpython-39/lxml
2022-12-27T11:35:17.7967560Z   copying src/lxml/_elementpath.py -> build/lib.macosx-11.0-arm64-cpython-39/lxml
2022-12-27T11:35:17.7969970Z   copying src/lxml/sax.py -> build/lib.macosx-11.0-arm64-cpython-39/lxml
2022-12-27T11:35:17.7973330Z   copying src/lxml/pyclasslookup.py -> build/lib.macosx-11.0-arm64-cpython-39/lxml
2022-12-27T11:35:17.7974420Z   copying src/lxml/__init__.py -> build/lib.macosx-11.0-arm64-cpython-39/lxml
2022-12-27T11:35:17.7976660Z   copying src/lxml/builder.py -> build/lib.macosx-11.0-arm64-cpython-39/lxml
2022-12-27T11:35:17.7979360Z   copying src/lxml/doctestcompare.py -> build/lib.macosx-11.0-arm64-cpython-39/lxml
2022-12-27T11:35:17.7981080Z   copying src/lxml/usedoctest.py -> build/lib.macosx-11.0-arm64-cpython-39/lxml
2022-12-27T11:35:17.7983320Z   copying src/lxml/cssselect.py -> build/lib.macosx-11.0-arm64-cpython-39/lxml
2022-12-27T11:35:17.7985570Z   copying src/lxml/ElementInclude.py -> build/lib.macosx-11.0-arm64-cpython-39/lxml
2022-12-27T11:35:17.7991940Z   creating build/lib.macosx-11.0-arm64-cpython-39/lxml/html
2022-12-27T11:35:17.7994210Z   copying src/lxml/html/soupparser.py -> build/lib.macosx-11.0-arm64-cpython-39/lxml/html
2022-12-27T11:35:17.7996630Z   copying src/lxml/html/defs.py -> build/lib.macosx-11.0-arm64-cpython-39/lxml/html
2022-12-27T11:35:17.7998840Z   copying src/lxml/html/_setmixin.py -> build/lib.macosx-11.0-arm64-cpython-39/lxml/html
2022-12-27T11:35:17.8001260Z   copying src/lxml/html/clean.py -> build/lib.macosx-11.0-arm64-cpython-39/lxml/html
2022-12-27T11:35:17.8003510Z   copying src/lxml/html/_diffcommand.py -> build/lib.macosx-11.0-arm64-cpython-39/lxml/html
2022-12-27T11:35:17.8006070Z   copying src/lxml/html/html5parser.py -> build/lib.macosx-11.0-arm64-cpython-39/lxml/html
2022-12-27T11:35:17.8010600Z   copying src/lxml/html/__init__.py -> build/lib.macosx-11.0-arm64-cpython-39/lxml/html
2022-12-27T11:35:17.8013070Z   copying src/lxml/html/formfill.py -> build/lib.macosx-11.0-arm64-cpython-39/lxml/html
2022-12-27T11:35:17.8014780Z   copying src/lxml/html/builder.py -> build/lib.macosx-11.0-arm64-cpython-39/lxml/html
2022-12-27T11:35:17.8017820Z   copying src/lxml/html/ElementSoup.py -> build/lib.macosx-11.0-arm64-cpython-39/lxml/html
2022-12-27T11:35:17.8019510Z   copying src/lxml/html/_html5builder.py -> build/lib.macosx-11.0-arm64-cpython-39/lxml/html
2022-12-27T11:35:17.8022320Z   copying src/lxml/html/usedoctest.py -> build/lib.macosx-11.0-arm64-cpython-39/lxml/html
2022-12-27T11:35:17.8025290Z   copying src/lxml/html/diff.py -> build/lib.macosx-11.0-arm64-cpython-39/lxml/html
2022-12-27T11:35:17.8030380Z   copying src/lxml/html/_dictmixin.py -> build/lib.macosx-11.0-arm64-cpython-39/lxml/html
2022-12-27T11:35:17.8033430Z   creating build/lib.macosx-11.0-arm64-cpython-39/lxml/isoschematron
2022-12-27T11:35:17.8035830Z   copying src/lxml/isoschematron/__init__.py -> build/lib.macosx-11.0-arm64-cpython-39/lxml/isoschematron
2022-12-27T11:35:17.8046710Z   copying src/lxml/etreepublic.pxd -> build/lib.macosx-11.0-arm64-cpython-39/lxml
2022-12-27T11:35:17.8050050Z   copying src/lxml/tree.pxd -> build/lib.macosx-11.0-arm64-cpython-39/lxml
2022-12-27T11:35:17.8053010Z   copying src/lxml/etree_defs.h -> build/lib.macosx-11.0-arm64-cpython-39/lxml
2022-12-27T11:35:17.8057490Z   creating build/lib.macosx-11.0-arm64-cpython-39/lxml/isoschematron/resources
2022-12-27T11:35:17.8060270Z   creating build/lib.macosx-11.0-arm64-cpython-39/lxml/isoschematron/resources/rng
2022-12-27T11:35:17.8063460Z   copying src/lxml/isoschematron/resources/rng/iso-schematron.rng -> build/lib.macosx-11.0-arm64-cpython-39/lxml/isoschematron/resources/rng
2022-12-27T11:35:17.8065540Z   creating build/lib.macosx-11.0-arm64-cpython-39/lxml/isoschematron/resources/xsl
2022-12-27T11:35:17.8067820Z   copying src/lxml/isoschematron/resources/xsl/XSD2Schtrn.xsl -> build/lib.macosx-11.0-arm64-cpython-39/lxml/isoschematron/resources/xsl
2022-12-27T11:35:17.8070210Z   copying src/lxml/isoschematron/resources/xsl/RNG2Schtrn.xsl -> build/lib.macosx-11.0-arm64-cpython-39/lxml/isoschematron/resources/xsl
2022-12-27T11:35:17.8072660Z   creating build/lib.macosx-11.0-arm64-cpython-39/lxml/isoschematron/resources/xsl/iso-schematron-xslt1
2022-12-27T11:35:17.8075500Z   copying src/lxml/isoschematron/resources/xsl/iso-schematron-xslt1/iso_abstract_expand.xsl -> build/lib.macosx-11.0-arm64-cpython-39/lxml/isoschematron/resources/xsl/iso-schematron-xslt1
2022-12-27T11:35:17.8077960Z   copying src/lxml/isoschematron/resources/xsl/iso-schematron-xslt1/iso_dsdl_include.xsl -> build/lib.macosx-11.0-arm64-cpython-39/lxml/isoschematron/resources/xsl/iso-schematron-xslt1
2022-12-27T11:35:17.8080650Z   copying src/lxml/isoschematron/resources/xsl/iso-schematron-xslt1/iso_schematron_skeleton_for_xslt1.xsl -> build/lib.macosx-11.0-arm64-cpython-39/lxml/isoschematron/resources/xsl/iso-schematron-xslt1
2022-12-27T11:35:17.8082800Z   copying src/lxml/isoschematron/resources/xsl/iso-schematron-xslt1/iso_svrl_for_xslt1.xsl -> build/lib.macosx-11.0-arm64-cpython-39/lxml/isoschematron/resources/xsl/iso-schematron-xslt1
2022-12-27T11:35:17.8085220Z   copying src/lxml/isoschematron/resources/xsl/iso-schematron-xslt1/iso_schematron_message.xsl -> build/lib.macosx-11.0-arm64-cpython-39/lxml/isoschematron/resources/xsl/iso-schematron-xslt1
2022-12-27T11:35:17.8087080Z   copying src/lxml/isoschematron/resources/xsl/iso-schematron-xslt1/readme.txt -> build/lib.macosx-11.0-arm64-cpython-39/lxml/isoschematron/resources/xsl/iso-schematron-xslt1
2022-12-27T11:35:17.8099850Z   running build_ext
2022-12-27T11:35:17.8535050Z   skipping 'src/lxml/lxml.etree.c' Cython extension (up-to-date)
2022-12-27T11:35:17.8537550Z   skipping 'src/lxml/lxml.objectify.c' Cython extension (up-to-date)
2022-12-27T11:35:17.8538870Z   building 'lxml.etree' extension
2022-12-27T11:35:17.8540800Z   creating build/temp.macosx-11.0-arm64-cpython-39
2022-12-27T11:35:17.8542720Z   creating build/temp.macosx-11.0-arm64-cpython-39/src
2022-12-27T11:35:17.8543970Z   creating build/temp.macosx-11.0-arm64-cpython-39/src/lxml
2022-12-27T11:35:17.8546820Z   gcc -Wno-unused-result -Wsign-compare -Wunreachable-code -fno-common -dynamic -DNDEBUG -g -fwrapv -O3 -Wall -g -I/usr/local/opt/openssl@3/include -I/usr/local/opt/openssl@3/include -arch arm64 -I/Library/Developer/CommandLineTools/SDKs/MacOSX12.1.sdk/usr/include -I/private/var/folders/51/hd414ycd67n82196sw51xqtc0000gn/T/cibw-run-3x7pru9c/cp39-macosx_arm64/build/venv/include -I/Library/Frameworks/Python.framework/Versions/3.9/include/python3.9 -c src/lxml/lxml.etree.c -o build/temp.macosx-11.0-arm64-cpython-39/src/lxml/lxml.etree.o -w -flat_namespace
2022-12-27T11:35:18.4735460Z   src/lxml/lxml.etree.c:164360:24: error: no member named 'exc_type' in 'struct _ts'
2022-12-27T11:35:18.4737350Z       tmp_type = tstate->exc_type;
2022-12-27T11:35:18.4738480Z                  ~~~~~~  ^
2022-12-27T11:35:18.4741390Z   src/lxml/lxml.etree.c:164361:25: error: no member named 'exc_value' in 'struct _ts'; did you mean 'curexc_value'?
2022-12-27T11:35:18.4743200Z       tmp_value = tstate->exc_value;
2022-12-27T11:35:18.4744110Z                           ^~~~~~~~~
2022-12-27T11:35:18.4745350Z                           curexc_value
2022-12-27T11:35:18.4747270Z   /Library/Frameworks/Python.framework/Versions/3.9/include/python3.9/cpython/pystate.h:78:15: note: 'curexc_value' declared here
2022-12-27T11:35:18.4748170Z       PyObject *curexc_value;
2022-12-27T11:35:18.4749480Z                 ^
2022-12-27T11:35:18.4751380Z   src/lxml/lxml.etree.c:164362:22: error: no member named 'exc_traceback' in 'struct _ts'; did you mean 'curexc_traceback'?
2022-12-27T11:35:18.4752550Z       tmp_tb = tstate->exc_traceback;
2022-12-27T11:35:18.4753820Z                        ^~~~~~~~~~~~~
2022-12-27T11:35:18.4755160Z                        curexc_traceback
2022-12-27T11:35:18.4756810Z   /Library/Frameworks/Python.framework/Versions/3.9/include/python3.9/cpython/pystate.h:79:15: note: 'curexc_traceback' declared here
2022-12-27T11:35:18.4757980Z       PyObject *curexc_traceback;
2022-12-27T11:35:18.4759370Z                 ^
2022-12-27T11:35:18.4760990Z   src/lxml/lxml.etree.c:164363:13: error: no member named 'exc_type' in 'struct _ts'
2022-12-27T11:35:18.4762430Z       tstate->exc_type = local_type;
2022-12-27T11:35:18.4763600Z       ~~~~~~  ^
2022-12-27T11:35:18.4765240Z   src/lxml/lxml.etree.c:164364:13: error: no member named 'exc_value' in 'struct _ts'; did you mean 'curexc_value'?
2022-12-27T11:35:18.4766480Z       tstate->exc_value = local_value;
2022-12-27T11:35:18.4767750Z               ^~~~~~~~~
2022-12-27T11:35:18.4839730Z               curexc_value
2022-12-27T11:35:18.4840390Z   /Library/Frameworks/Python.framework/Versions/3.9/include/python3.9/cpython/pystate.h:78:15: note: 'curexc_value' declared here
2022-12-27T11:35:18.4840750Z       PyObject *curexc_value;
2022-12-27T11:35:18.4840970Z                 ^
2022-12-27T11:35:18.4842190Z   src/lxml/lxml.etree.c:164365:13: error: no member named 'exc_traceback' in 'struct _ts'; did you mean 'curexc_traceback'?
2022-12-27T11:35:18.4843420Z       tstate->exc_traceback = local_tb;
2022-12-27T11:35:18.4844020Z               ^~~~~~~~~~~~~
2022-12-27T11:35:18.4844250Z               curexc_traceback
2022-12-27T11:35:18.4846600Z   /Library/Frameworks/Python.framework/Versions/3.9/include/python3.9/cpython/pystate.h:79:15: note: 'curexc_traceback' declared here
2022-12-27T11:35:18.4847010Z       PyObject *curexc_traceback;
2022-12-27T11:35:18.4847200Z                 ^
2022-12-27T11:35:18.4847620Z   src/lxml/lxml.etree.c:164529:21: error: no member named 'exc_type' in 'struct _ts'
2022-12-27T11:35:18.4848040Z       *type = tstate->exc_type;
2022-12-27T11:35:18.4848250Z               ~~~~~~  ^
2022-12-27T11:35:18.4848680Z   src/lxml/lxml.etree.c:164530:22: error: no member named 'exc_value' in 'struct _ts'; did you mean 'curexc_value'?
2022-12-27T11:35:18.4849070Z       *value = tstate->exc_value;
2022-12-27T11:35:18.4849300Z                        ^~~~~~~~~
2022-12-27T11:35:18.4849730Z                        curexc_value
2022-12-27T11:35:18.4850290Z   /Library/Frameworks/Python.framework/Versions/3.9/include/python3.9/cpython/pystate.h:78:15: note: 'curexc_value' declared here
2022-12-27T11:35:18.4850720Z       PyObject *curexc_value;
2022-12-27T11:35:18.4850940Z                 ^
2022-12-27T11:35:18.4851440Z   src/lxml/lxml.etree.c:164531:19: error: no member named 'exc_traceback' in 'struct _ts'; did you mean 'curexc_traceback'?
2022-12-27T11:35:18.4851880Z       *tb = tstate->exc_traceback;
2022-12-27T11:35:18.4852100Z                     ^~~~~~~~~~~~~
2022-12-27T11:35:18.4852320Z                     curexc_traceback
2022-12-27T11:35:18.4853210Z   /Library/Frameworks/Python.framework/Versions/3.9/include/python3.9/cpython/pystate.h:79:15: note: 'curexc_traceback' declared here
2022-12-27T11:35:18.4853690Z       PyObject *curexc_traceback;
2022-12-27T11:35:18.4853910Z                 ^
2022-12-27T11:35:18.4854500Z   src/lxml/lxml.etree.c:164540:24: error: no member named 'exc_type' in 'struct _ts'
2022-12-27T11:35:18.4854930Z       tmp_type = tstate->exc_type;
2022-12-27T11:35:18.4855150Z                  ~~~~~~  ^
2022-12-27T11:35:18.4855860Z   src/lxml/lxml.etree.c:164541:25: error: no member named 'exc_value' in 'struct _ts'; did you mean 'curexc_value'?
2022-12-27T11:35:18.4856330Z       tmp_value = tstate->exc_value;
2022-12-27T11:35:18.4856550Z                           ^~~~~~~~~
2022-12-27T11:35:18.4856830Z                           curexc_value
2022-12-27T11:35:18.4857380Z   /Library/Frameworks/Python.framework/Versions/3.9/include/python3.9/cpython/pystate.h:78:15: note: 'curexc_value' declared here
2022-12-27T11:35:18.4857710Z       PyObject *curexc_value;
2022-12-27T11:35:18.4857930Z                 ^
2022-12-27T11:35:18.4858400Z   src/lxml/lxml.etree.c:164542:22: error: no member named 'exc_traceback' in 'struct _ts'; did you mean 'curexc_traceback'?
2022-12-27T11:35:18.4858820Z       tmp_tb = tstate->exc_traceback;
2022-12-27T11:35:18.4859040Z                        ^~~~~~~~~~~~~
2022-12-27T11:35:18.4859280Z                        curexc_traceback
2022-12-27T11:35:18.4860430Z   /Library/Frameworks/Python.framework/Versions/3.9/include/python3.9/cpython/pystate.h:79:15: note: 'curexc_traceback' declared here
2022-12-27T11:35:18.4860820Z       PyObject *curexc_traceback;
2022-12-27T11:35:18.4861060Z                 ^
2022-12-27T11:35:18.4861420Z   src/lxml/lxml.etree.c:164543:13: error: no member named 'exc_type' in 'struct _ts'
2022-12-27T11:35:18.4861810Z       tstate->exc_type = type;
2022-12-27T11:35:18.4862060Z       ~~~~~~  ^
2022-12-27T11:35:18.4862440Z   src/lxml/lxml.etree.c:164544:13: error: no member named 'exc_value' in 'struct _ts'; did you mean 'curexc_value'?
2022-12-27T11:35:18.4862800Z       tstate->exc_value = value;
2022-12-27T11:35:18.4863050Z               ^~~~~~~~~
2022-12-27T11:35:18.4863250Z               curexc_value
2022-12-27T11:35:18.4863690Z   /Library/Frameworks/Python.framework/Versions/3.9/include/python3.9/cpython/pystate.h:78:15: note: 'curexc_value' declared here
2022-12-27T11:35:18.4864330Z       PyObject *curexc_value;
2022-12-27T11:35:18.4864880Z                 ^
2022-12-27T11:35:18.4865310Z   src/lxml/lxml.etree.c:164545:13: error: no member named 'exc_traceback' in 'struct _ts'; did you mean 'curexc_traceback'?
2022-12-27T11:35:18.4865710Z       tstate->exc_traceback = tb;
2022-12-27T11:35:18.4865950Z               ^~~~~~~~~~~~~
2022-12-27T11:35:18.4866140Z               curexc_traceback
2022-12-27T11:35:18.4866610Z   /Library/Frameworks/Python.framework/Versions/3.9/include/python3.9/cpython/pystate.h:79:15: note: 'curexc_traceback' declared here
2022-12-27T11:35:18.4866980Z       PyObject *curexc_traceback;
2022-12-27T11:35:18.4867160Z                 ^
2022-12-27T11:35:18.4867360Z   15 errors generated.
2022-12-27T11:35:18.4889240Z   error: command '/usr/bin/gcc' failed with exit code 1
2022-12-27T11:35:18.5239650Z   error: subprocess-exited-with-error
2022-12-27T11:35:18.5240070Z   
2022-12-27T11:35:18.5240580Z   Ã— python setup.py bdist_wheel did not run successfully.
2022-12-27T11:35:18.5240960Z   â”‚ exit code: 1
2022-12-27T11:35:18.5241190Z   â•°â”€> See above for output.
2022-12-27T11:35:18.5241380Z   
2022-12-27T11:35:18.5241650Z   note: This error originates from a subprocess, and is likely not a problem with pip.
2022-12-27T11:35:18.5248560Z   full command: /private/var/folders/51/hd414ycd67n82196sw51xqtc0000gn/T/cibw-run-3x7pru9c/cp39-macosx_arm64/build/venv/bin/python -u -c '
2022-12-27T11:35:18.5249050Z   exec(compile('"'"''"'"''"'"'
2022-12-27T11:35:18.5249440Z   # This is <pip-setuptools-caller> -- a caller that pip uses to run setup.py
2022-12-27T11:35:18.5249730Z   #
2022-12-27T11:35:18.5250070Z   # - It imports setuptools before invoking setup.py, to enable projects that directly
2022-12-27T11:35:18.5250880Z   #   import from `distutils.core` to work with newer packaging standards.
2022-12-27T11:35:18.5251410Z   # - It provides a clear error message when setuptools is not installed.
2022-12-27T11:35:18.5251790Z   # - It sets `sys.argv[0]` to the underlying `setup.py`, when invoking `setup.py` so
2022-12-27T11:35:18.5252170Z   #   setuptools doesn'"'"'t think the script is `-c`. This avoids the following warning:
2022-12-27T11:35:18.5252520Z   #     manifest_maker: standard file '"'"'-c'"'"' not found".
2022-12-27T11:35:18.5252870Z   # - It generates a shim setup.py, for handling setup.cfg-only projects.
2022-12-27T11:35:18.5253090Z   import os, sys, tokenize
2022-12-27T11:35:18.5253600Z   
2022-12-27T11:35:18.5253830Z   try:
2022-12-27T11:35:18.5254560Z       import setuptools
2022-12-27T11:35:18.5254860Z   except ImportError as error:
2022-12-27T11:35:18.5255120Z       print(
2022-12-27T11:35:18.5255400Z           "ERROR: Can not execute `setup.py` since setuptools is not available in "
2022-12-27T11:35:18.5255740Z           "the build environment.",
2022-12-27T11:35:18.5256020Z           file=sys.stderr,
2022-12-27T11:35:18.5256210Z       )
2022-12-27T11:35:18.5256390Z       sys.exit(1)
2022-12-27T11:35:18.5256630Z   
2022-12-27T11:35:18.5256840Z   __file__ = %r
2022-12-27T11:35:18.5257030Z   sys.argv[0] = __file__
2022-12-27T11:35:18.5257260Z   
2022-12-27T11:35:18.5257470Z   if os.path.exists(__file__):
2022-12-27T11:35:18.5257750Z       filename = __file__
2022-12-27T11:35:18.5258030Z       with tokenize.open(__file__) as f:
2022-12-27T11:35:18.5258290Z           setup_py_code = f.read()
2022-12-27T11:35:18.5258480Z   else:
2022-12-27T11:35:18.5258890Z       filename = "<auto-generated setuptools caller>"
2022-12-27T11:35:18.5259240Z       setup_py_code = "from setuptools import setup; setup()"
2022-12-27T11:35:18.5259480Z   
2022-12-27T11:35:18.5259750Z   exec(compile(setup_py_code, filename, "exec"))
2022-12-27T11:35:18.5260510Z   '"'"''"'"''"'"' % ('"'"'/Users/runner/actions-runner/_work/python.build/python.build/build_lxml23639/lxml-2.3.6/setup.py'"'"',), "<pip-setuptools-caller>", "exec"))' bdist_wheel -d /private/var/folders/51/hd414ycd67n82196sw51xqtc0000gn/T/pip-wheel-ns1kde_7
2022-12-27T11:35:18.5261680Z   cwd: /Users/runner/actions-runner/_work/python.build/python.build/build_lxml23639/lxml-2.3.6/
2022-12-27T11:35:18.5262140Z   Building wheel for lxml (setup.py): finished with status 'error'
2022-12-27T11:35:18.5262490Z   ERROR: Failed building wheel for lxml
2022-12-27T11:35:18.5262750Z   Running command python setup.py clean
2022-12-27T11:35:18.5263040Z   Running setup.py clean for lxml
2022-12-27T11:35:18.7730620Z   Building lxml version 2.3.6.
2022-12-27T11:35:18.7731070Z   Building with Cython 0.29.32.
2022-12-27T11:35:18.7870420Z   Using build configuration of libxslt 1.1.29
2022-12-27T11:35:18.8927380Z   Building against libxml2/libxslt in the following directory: /Library/Developer/CommandLineTools/SDKs/MacOSX12.1.sdk/usr/lib
2022-12-27T11:35:18.9067890Z   running clean
2022-12-27T11:35:18.9095430Z   removing 'build/temp.macosx-11.0-arm64-cpython-39' (and everything under it)
2022-12-27T11:35:18.9099390Z   removing 'build/lib.macosx-11.0-arm64-cpython-39' (and everything under it)
2022-12-27T11:35:18.9136430Z   'build/bdist.macosx-11.0-arm64' does not exist -- can't clean it
2022-12-27T11:35:18.9139090Z   'build/scripts-3.9' does not exist -- can't clean it
2022-12-27T11:35:18.9140200Z   removing 'build'
2022-12-27T11:35:18.9399060Z Failed to build lxml
2022-12-27T11:35:18.9403330Z ERROR: Failed to build one or more wheels
2022-12-27T11:35:18.9412630Z Exception information:
2022-12-27T11:35:18.9412870Z Traceback (most recent call last):
2022-12-27T11:35:18.9419870Z   File "/private/var/folders/51/hd414ycd67n82196sw51xqtc0000gn/T/cibw-run-3x7pru9c/cp39-macosx_arm64/build/venv/lib/python3.9/site-packages/pip/_internal/cli/base_command.py", line 160, in exc_logging_wrapper
2022-12-27T11:35:18.9420310Z     status = run_func(*args)
2022-12-27T11:35:18.9421250Z   File "/private/var/folders/51/hd414ycd67n82196sw51xqtc0000gn/T/cibw-run-3x7pru9c/cp39-macosx_arm64/build/venv/lib/python3.9/site-packages/pip/_internal/cli/req_command.py", line 247, in wrapper
2022-12-27T11:35:18.9421650Z     return func(self, options, args)
2022-12-27T11:35:18.9422170Z   File "/private/var/folders/51/hd414ycd67n82196sw51xqtc0000gn/T/cibw-run-3x7pru9c/cp39-macosx_arm64/build/venv/lib/python3.9/site-packages/pip/_internal/commands/wheel.py", line 201, in run
2022-12-27T11:35:18.9422580Z     raise CommandError("Failed to build one or more wheels")
2022-12-27T11:35:18.9422880Z pip._internal.exceptions.CommandError: Failed to build one or more wheels
2022-12-27T11:35:18.9423310Z Removed build tracker: '/private/var/folders/51/hd414ycd67n82196sw51xqtc0000gn/T/pip-build-tracker-a_313rcj'
2022-12-27T11:35:18.9813090Z ##[endgroup]
2022-12-27T11:35:18.9839230Z ##[error]Command ['python', '-m', 'pip', 'wheel', '/Users/runner/actions-runner/_work/python.build/python.build/build_lxml23639/lxml-2.3.6', '--wheel-dir=/private/var/folders/51/hd414ycd67n82196sw51xqtc0000gn/T/cibw-run-3x7pru9c/cp39-macosx_arm64/built_wheel', '--no-deps', '-vvv'] failed with code 1. None
2022-12-27T11:35:18.9845710Z 
2022-12-27T11:35:18.9846150Z                                                               [31mâœ• [0m2.43s
2022-12-27T11:35:19.0264370Z ##[error]Process completed with exit code 1.
2022-12-27T11:35:19.0293860Z ##[group]Run rm -rf build_lxml23639 wheelsout
2022-12-27T11:35:19.0294060Z [36;1mrm -rf build_lxml23639 wheelsout[0m
2022-12-27T11:35:19.0308830Z shell: /bin/bash -e {0}
2022-12-27T11:35:19.0308940Z env:
2022-12-27T11:35:19.0309080Z   pythonLocation: /Users/runner/hostedtoolcache/Python/3.9.16/x64
2022-12-27T11:35:19.0309280Z   PKG_CONFIG_PATH: /Users/runner/hostedtoolcache/Python/3.9.16/x64/lib/pkgconfig
2022-12-27T11:35:19.0309460Z   Python_ROOT_DIR: /Users/runner/hostedtoolcache/Python/3.9.16/x64
2022-12-27T11:35:19.0309630Z   Python2_ROOT_DIR: /Users/runner/hostedtoolcache/Python/3.9.16/x64
2022-12-27T11:35:19.0309800Z   Python3_ROOT_DIR: /Users/runner/hostedtoolcache/Python/3.9.16/x64
2022-12-27T11:35:19.0309930Z ##[endgroup]
2022-12-27T11:35:19.0969360Z Cleaning up orphan processes
