2022-12-27T08:48:20.3362530Z Requested labels: self-hosted, macOS, X64
2022-12-27T08:48:20.3362639Z Job defined at: kilnbuild/python.build/.github/workflows/mac_arm_build.yml@refs/heads/main
2022-12-27T08:48:20.3362667Z Waiting for a runner to pick up this job...
2022-12-27T11:13:24.1070141Z Job is about to start running on the runner: s1 (organization)
2022-12-27T11:13:27.5605330Z Current runner version: '2.300.2'
2022-12-27T11:13:27.5610380Z Runner name: 's1'
2022-12-27T11:13:27.5610630Z Runner group name: 'Default'
2022-12-27T11:13:27.5611070Z Machine name: 's1'
2022-12-27T11:13:27.5612620Z ##[group]GITHUB_TOKEN Permissions
2022-12-27T11:13:27.5613080Z Actions: write
2022-12-27T11:13:27.5613230Z Checks: write
2022-12-27T11:13:27.5613370Z Contents: write
2022-12-27T11:13:27.5613510Z Deployments: write
2022-12-27T11:13:27.5613670Z Discussions: write
2022-12-27T11:13:27.5613800Z Issues: write
2022-12-27T11:13:27.5613930Z Metadata: read
2022-12-27T11:13:27.5614070Z Packages: write
2022-12-27T11:13:27.5614210Z Pages: write
2022-12-27T11:13:27.5614340Z PullRequests: write
2022-12-27T11:13:27.5614510Z RepositoryProjects: write
2022-12-27T11:13:27.5614680Z SecurityEvents: write
2022-12-27T11:13:27.5614820Z Statuses: write
2022-12-27T11:13:27.5614950Z ##[endgroup]
2022-12-27T11:13:27.5617500Z Secret source: Actions
2022-12-27T11:13:27.5617820Z Prepare workflow directory
2022-12-27T11:13:27.6292450Z Prepare all required actions
2022-12-27T11:13:27.6415170Z Getting action download info
2022-12-27T11:13:28.0691540Z Download action repository 'actions/setup-python@v4' (SHA:5ccb29d8773c3f3f653e1705f474dfaa8a06a912)
2022-12-27T11:13:29.8631350Z Download action repository 'actions/upload-artifact@v3' (SHA:83fd05a356d7e2593de66fc9913b3002723633cb)
2022-12-27T11:13:31.1806580Z ##[group]Run echo '{
2022-12-27T11:13:31.1806830Z [36;1mecho '{[0m
2022-12-27T11:13:31.1806960Z [36;1m  "package_name": "lxml",[0m
2022-12-27T11:13:31.1807200Z [36;1m  "package_url": "https://files.pythonhosted.org/packages/d0/b6/7fab73e225be17ed0c926e6440a33ab398f0825dee16df1a2d1f737ddd6e/lxml-3.1.1.tar.gz",[0m
2022-12-27T11:13:31.1807450Z [36;1m  "package_version": "3.1.1",[0m
2022-12-27T11:13:31.1807580Z [36;1m  "python_version": "3.11",[0m
2022-12-27T11:13:31.1807740Z [36;1m  "use_ccache": "true"[0m
2022-12-27T11:13:31.1807910Z [36;1m}'[0m
2022-12-27T11:13:31.1824030Z shell: /bin/bash -e {0}
2022-12-27T11:13:31.1824190Z ##[endgroup]
2022-12-27T11:13:31.2045030Z {
2022-12-27T11:13:31.2046420Z   "package_name": "lxml",
2022-12-27T11:13:31.2047110Z   "package_url": "https://files.pythonhosted.org/packages/d0/b6/7fab73e225be17ed0c926e6440a33ab398f0825dee16df1a2d1f737ddd6e/lxml-3.1.1.tar.gz",
2022-12-27T11:13:31.2047420Z   "package_version": "3.1.1",
2022-12-27T11:13:31.2047660Z   "python_version": "3.11",
2022-12-27T11:13:31.2047810Z   "use_ccache": "true"
2022-12-27T11:13:31.2048010Z }
2022-12-27T11:13:31.2266630Z ##[group]Run actions/setup-python@v4
2022-12-27T11:13:31.2266900Z with:
2022-12-27T11:13:31.2267100Z   python-version: 3.11
2022-12-27T11:13:31.2267260Z   check-latest: false
2022-12-27T11:13:31.2267560Z   token: ***
2022-12-27T11:13:31.2267800Z   update-environment: true
2022-12-27T11:13:31.2267990Z ##[endgroup]
2022-12-27T11:13:31.3528500Z ##[group]Installed versions
2022-12-27T11:13:31.3568590Z Successfully set up CPython (3.11.1)
2022-12-27T11:13:31.3569380Z ##[endgroup]
2022-12-27T11:13:31.3726930Z ##[group]Run if [ "true" == "true" ]
2022-12-27T11:13:31.3727240Z [36;1mif [ "true" == "true" ][0m
2022-12-27T11:13:31.3727430Z [36;1mthen[0m
2022-12-27T11:13:31.3727650Z [36;1m  echo "CCACHE_PATH_PREPEND=/usr/local/opt/ccache/libexec" >> $GITHUB_OUTPUT[0m
2022-12-27T11:13:31.3727830Z [36;1melse[0m
2022-12-27T11:13:31.3728070Z [36;1m  echo "CCACHE_PATH_PREPEND=" >> $GITHUB_OUTPUT[0m
2022-12-27T11:13:31.3728510Z [36;1mfi[0m
2022-12-27T11:13:31.3746760Z shell: /bin/bash -e {0}
2022-12-27T11:13:31.3746990Z env:
2022-12-27T11:13:31.3747230Z   pythonLocation: /Users/runner/hostedtoolcache/Python/3.11.1/x64
2022-12-27T11:13:31.3747520Z   PKG_CONFIG_PATH: /Users/runner/hostedtoolcache/Python/3.11.1/x64/lib/pkgconfig
2022-12-27T11:13:31.3747800Z   Python_ROOT_DIR: /Users/runner/hostedtoolcache/Python/3.11.1/x64
2022-12-27T11:13:31.3748050Z   Python2_ROOT_DIR: /Users/runner/hostedtoolcache/Python/3.11.1/x64
2022-12-27T11:13:31.3748530Z   Python3_ROOT_DIR: /Users/runner/hostedtoolcache/Python/3.11.1/x64
2022-12-27T11:13:31.3749050Z ##[endgroup]
2022-12-27T11:13:31.3859550Z ##[group]Run echo "BUILD_NAME=$(echo lxml_3.1.1_3.11 | tr -dc '[:alnum:]\n\r' | tr '[:upper:]' '[:lower:]')" >> $GITHUB_OUTPUT
2022-12-27T11:13:31.3860060Z [36;1mecho "BUILD_NAME=$(echo lxml_3.1.1_3.11 | tr -dc '[:alnum:]\n\r' | tr '[:upper:]' '[:lower:]')" >> $GITHUB_OUTPUT[0m
2022-12-27T11:13:31.3875330Z shell: /bin/bash -e {0}
2022-12-27T11:13:31.3875630Z env:
2022-12-27T11:13:31.3875830Z   pythonLocation: /Users/runner/hostedtoolcache/Python/3.11.1/x64
2022-12-27T11:13:31.3876100Z   PKG_CONFIG_PATH: /Users/runner/hostedtoolcache/Python/3.11.1/x64/lib/pkgconfig
2022-12-27T11:13:31.3876370Z   Python_ROOT_DIR: /Users/runner/hostedtoolcache/Python/3.11.1/x64
2022-12-27T11:13:31.3876690Z   Python2_ROOT_DIR: /Users/runner/hostedtoolcache/Python/3.11.1/x64
2022-12-27T11:13:31.3877010Z   Python3_ROOT_DIR: /Users/runner/hostedtoolcache/Python/3.11.1/x64
2022-12-27T11:13:31.3877220Z ##[endgroup]
2022-12-27T11:13:31.4000710Z ##[group]Run echo "PYTHON_NO_DOTS=$(echo 3.11 | tr -dc '[:alnum:]\n\r' | tr '[:upper:]' '[:lower:]')" >> $GITHUB_OUTPUT
2022-12-27T11:13:31.4001130Z [36;1mecho "PYTHON_NO_DOTS=$(echo 3.11 | tr -dc '[:alnum:]\n\r' | tr '[:upper:]' '[:lower:]')" >> $GITHUB_OUTPUT[0m
2022-12-27T11:13:31.4016660Z shell: /bin/bash -e {0}
2022-12-27T11:13:31.4016860Z env:
2022-12-27T11:13:31.4017080Z   pythonLocation: /Users/runner/hostedtoolcache/Python/3.11.1/x64
2022-12-27T11:13:31.4017310Z   PKG_CONFIG_PATH: /Users/runner/hostedtoolcache/Python/3.11.1/x64/lib/pkgconfig
2022-12-27T11:13:31.4017530Z   Python_ROOT_DIR: /Users/runner/hostedtoolcache/Python/3.11.1/x64
2022-12-27T11:13:31.4017750Z   Python2_ROOT_DIR: /Users/runner/hostedtoolcache/Python/3.11.1/x64
2022-12-27T11:13:31.4017920Z   Python3_ROOT_DIR: /Users/runner/hostedtoolcache/Python/3.11.1/x64
2022-12-27T11:13:31.4018090Z ##[endgroup]
2022-12-27T11:13:31.4132820Z ##[group]Run rm -rf build_lxml311311
2022-12-27T11:13:31.4133180Z [36;1mrm -rf build_lxml311311[0m
2022-12-27T11:13:31.4133340Z [36;1mmkdir build_lxml311311[0m
2022-12-27T11:13:31.4133590Z [36;1mcd build_lxml311311[0m
2022-12-27T11:13:31.4133920Z [36;1m/usr/local/bin/wget --quiet https://files.pythonhosted.org/packages/d0/b6/7fab73e225be17ed0c926e6440a33ab398f0825dee16df1a2d1f737ddd6e/lxml-3.1.1.tar.gz[0m
2022-12-27T11:13:31.4134200Z [36;1mtar xf *.tar.gz[0m
2022-12-27T11:13:31.4134330Z [36;1mcd *[0m
2022-12-27T11:13:31.4134550Z [36;1mpython -m pip install cibuildwheel==2.11.3[0m
2022-12-27T11:13:31.4134770Z [36;1mpython -m cibuildwheel --output-dir ../wheelsout[0m
2022-12-27T11:13:31.4150050Z shell: /bin/bash -e {0}
2022-12-27T11:13:31.4150250Z env:
2022-12-27T11:13:31.4150530Z   pythonLocation: /Users/runner/hostedtoolcache/Python/3.11.1/x64
2022-12-27T11:13:31.4150790Z   PKG_CONFIG_PATH: /Users/runner/hostedtoolcache/Python/3.11.1/x64/lib/pkgconfig
2022-12-27T11:13:31.4151070Z   Python_ROOT_DIR: /Users/runner/hostedtoolcache/Python/3.11.1/x64
2022-12-27T11:13:31.4151290Z   Python2_ROOT_DIR: /Users/runner/hostedtoolcache/Python/3.11.1/x64
2022-12-27T11:13:31.4151560Z   Python3_ROOT_DIR: /Users/runner/hostedtoolcache/Python/3.11.1/x64
2022-12-27T11:13:31.4151770Z   CIBW_ARCHS_MACOS: arm64
2022-12-27T11:13:31.4151910Z   CIBW_TEST_SKIP: *_arm64
2022-12-27T11:13:31.4152090Z   CIBW_BUILD: cp311-macosx_arm64
2022-12-27T11:13:31.4152290Z   CIBW_BUILD_FRONTEND: pip
2022-12-27T11:13:31.4152500Z   CIBW_BUILD_VERBOSITY: 3
2022-12-27T11:13:31.4152790Z   CIBW_ENVIRONMENT_MACOS:  CFLAGS="-I/usr/local/opt/openssl@3/include" LDFLAGS="-L/usr/local/opt/openssl@3/lib" CPPFLAGS="-I/usr/local/opt/openssl@3/include" MAKEFLAGS="-j$(sysctl -n hw.logicalcpu)" PATH=/usr/local/opt/ccache/libexec:$PATH
2022-12-27T11:13:31.4153170Z   CIBW_BEFORE_BUILD: pip install Cython; if [[ -f requirements.txt ]]; then pip install -r requirements.txt; fi
2022-12-27T11:13:31.4153420Z   MAKEFLAGS: -j$(sysctl -n hw.logicalcpu)
2022-12-27T11:13:31.4153640Z ##[endgroup]
2022-12-27T11:13:31.9900970Z Requirement already satisfied: cibuildwheel==2.11.3 in /Library/Frameworks/Python.framework/Versions/3.11/lib/python3.11/site-packages (2.11.3)
2022-12-27T11:13:32.0208430Z Requirement already satisfied: bashlex!=0.13 in /Library/Frameworks/Python.framework/Versions/3.11/lib/python3.11/site-packages (from cibuildwheel==2.11.3) (0.16)
2022-12-27T11:13:32.0215340Z Requirement already satisfied: bracex in /Library/Frameworks/Python.framework/Versions/3.11/lib/python3.11/site-packages (from cibuildwheel==2.11.3) (2.3.post1)
2022-12-27T11:13:32.0222140Z Requirement already satisfied: certifi in /Library/Frameworks/Python.framework/Versions/3.11/lib/python3.11/site-packages (from cibuildwheel==2.11.3) (2022.12.7)
2022-12-27T11:13:32.0229060Z Requirement already satisfied: filelock in /Library/Frameworks/Python.framework/Versions/3.11/lib/python3.11/site-packages (from cibuildwheel==2.11.3) (3.8.2)
2022-12-27T11:13:32.0238460Z Requirement already satisfied: packaging>=20.9 in /Library/Frameworks/Python.framework/Versions/3.11/lib/python3.11/site-packages (from cibuildwheel==2.11.3) (22.0)
2022-12-27T11:13:32.0247140Z Requirement already satisfied: platformdirs in /Library/Frameworks/Python.framework/Versions/3.11/lib/python3.11/site-packages (from cibuildwheel==2.11.3) (2.6.0)
2022-12-27T11:13:32.2559390Z 
2022-12-27T11:13:32.2559780Z      _ _       _ _   _       _           _
2022-12-27T11:13:32.2560490Z  ___|_| |_ _ _|_| |_| |_ _ _| |_ ___ ___| |
2022-12-27T11:13:32.2561280Z |  _| | . | | | | | . | | | |   | -_| -_| |
2022-12-27T11:13:32.2561660Z |___|_|___|___|_|_|___|_____|_|_|___|___|_|
2022-12-27T11:13:32.2561800Z 
2022-12-27T11:13:32.2561980Z cibuildwheel version 2.11.3
2022-12-27T11:13:32.2562360Z 
2022-12-27T11:13:32.2562510Z Build options:
2022-12-27T11:13:32.2562840Z   platform: macos
2022-12-27T11:13:32.2654540Z   architectures: arm64[0m
2022-12-27T11:13:32.2654980Z   build_selector: 
2022-12-27T11:13:32.2662400Z     build_config: cp311-macosx_arm64
2022-12-27T11:13:32.2662800Z     skip_config: 
2022-12-27T11:13:32.2663180Z     requires_python: None
2022-12-27T11:13:32.2664010Z     prerelease_pythons: False[0m
2022-12-27T11:13:32.2664540Z   [38;5;244mcontainer_engine: docker[0m
2022-12-27T11:13:32.2665140Z   output_dir: /Users/runner/actions-runner/_work/python.build/python.build/build_lxml311311/wheelsout[0m
2022-12-27T11:13:32.2665880Z   package_dir: /Users/runner/actions-runner/_work/python.build/python.build/build_lxml311311/lxml-3.1.1[0m
2022-12-27T11:13:32.2666490Z   test_selector: 
2022-12-27T11:13:32.2666820Z     skip_config: *_arm64[0m
2022-12-27T11:13:32.2667180Z   [38;5;244mbefore_all: [0m
2022-12-27T11:13:32.2667710Z   before_build: pip install Cython; if [[ -f requirements.txt ]]; then pip install -r requirements.txt; fi[0m
2022-12-27T11:13:32.2668170Z   [38;5;244mbefore_test: [0m
2022-12-27T11:13:32.2668650Z   [38;5;244mbuild_frontend: pip[0m
2022-12-27T11:13:32.2669040Z   build_verbosity: 3[0m
2022-12-27T11:13:32.2669300Z   [38;5;244mconfig_settings: [0m
2022-12-27T11:13:32.2669530Z   [38;5;244mdependency_constraints: pinned[0m
2022-12-27T11:13:32.2669730Z   environment: 
2022-12-27T11:13:32.2670020Z     CFLAGS="-I/usr/local/opt/openssl@3/include"
2022-12-27T11:13:32.2670250Z     LDFLAGS="-L/usr/local/opt/openssl@3/lib"
2022-12-27T11:13:32.2670530Z     CPPFLAGS="-I/usr/local/opt/openssl@3/include"
2022-12-27T11:13:32.2670790Z     MAKEFLAGS="-j$(sysctl -n hw.logicalcpu)"
2022-12-27T11:13:32.2671020Z     PATH=/usr/local/opt/ccache/libexec:$PATH[0m
2022-12-27T11:13:32.2671320Z   [38;5;244mmanylinux_images: None[0m
2022-12-27T11:13:32.2671550Z   [38;5;244mmusllinux_images: None[0m
2022-12-27T11:13:32.2671840Z   [38;5;244mrepair_command: delocate-wheel --require-archs {delocate_archs} -w {dest_dir} -v {wheel}[0m
2022-12-27T11:13:32.2672120Z   [38;5;244mtest_command: [0m
2022-12-27T11:13:32.2672410Z   [38;5;244mtest_extras: [0m
2022-12-27T11:13:32.2672630Z   [38;5;244mtest_requires: [0m
2022-12-27T11:13:32.2672710Z 
2022-12-27T11:13:32.2672820Z Cache folder: /Users/runner/Library/Caches/cibuildwheel
2022-12-27T11:13:32.2674210Z 
2022-12-27T11:13:32.2674790Z Here we go!
2022-12-27T11:13:32.2674950Z 
2022-12-27T11:13:32.2724070Z 
2022-12-27T11:13:32.2724510Z [1m[34mBuilding cp311-macosx_arm64 wheel[0m
2022-12-27T11:13:32.2725060Z CPython 3.11 macOS arm64 - Apple Silicon
2022-12-27T11:13:32.2725220Z 
2022-12-27T11:13:32.2727830Z ##[group]Installing Python cp311...
2022-12-27T11:13:32.2728100Z 
2022-12-27T11:13:32.2728370Z + pkgutil --pkgs
2022-12-27T11:13:32.2829920Z ##[endgroup]
2022-12-27T11:13:32.2830880Z                                                               [32mâœ“ [0m0.01s
2022-12-27T11:13:32.2831400Z ##[group]Setting up build environment...
2022-12-27T11:13:32.2831530Z 
2022-12-27T11:13:32.2850140Z + /Library/Frameworks/Python.framework/Versions/3.11/bin/python -sS /Users/runner/Library/Caches/cibuildwheel/virtualenv-20.17.0.pyz --activators= --no-periodic-update --pip=22.3.1 --setuptools=65.6.3 --wheel=0.38.4 --symlink-app-data --python /Library/Frameworks/Python.framework/Versions/3.11/bin/python3 /private/var/folders/51/hd414ycd67n82196sw51xqtc0000gn/T/cibw-run-l87qqs8a/cp311-macosx_arm64/build/venv
2022-12-27T11:13:32.4788980Z created virtual environment CPython3.11.1.final.0-64 in 48ms
2022-12-27T11:13:32.4789520Z   creator CPython3Posix(dest=/private/var/folders/51/hd414ycd67n82196sw51xqtc0000gn/T/cibw-run-l87qqs8a/cp311-macosx_arm64/build/venv, clear=False, no_vcs_ignore=False, global=False)
2022-12-27T11:13:32.4790140Z   seeder FromAppData(download=False, pip=22.3.1, setuptools=65.6.3, wheel=0.38.4, via=symlink, app_data_dir=/Users/runner/Library/Application Support/virtualenv)
2022-12-27T11:13:32.4790760Z     added seed packages: pip==22.3.1, setuptools==65.6.3, wheel==0.38.4
2022-12-27T11:13:32.4913610Z + python -m pip install --upgrade pip -c /Library/Frameworks/Python.framework/Versions/3.11/lib/python3.11/site-packages/cibuildwheel/resources/constraints-python311.txt
2022-12-27T11:13:32.7633550Z Requirement already satisfied: pip in ./lib/python3.11/site-packages (22.3.1)
2022-12-27T11:13:32.9127000Z + which pip
2022-12-27T11:13:32.9145290Z /private/var/folders/51/hd414ycd67n82196sw51xqtc0000gn/T/cibw-run-l87qqs8a/cp311-macosx_arm64/build/venv/bin/pip
2022-12-27T11:13:32.9147270Z + pip --version
2022-12-27T11:13:33.1105700Z pip 22.3.1 from /private/var/folders/51/hd414ycd67n82196sw51xqtc0000gn/T/cibw-run-l87qqs8a/cp311-macosx_arm64/build/venv/lib/python3.11/site-packages/pip (python 3.11)
2022-12-27T11:13:33.1347040Z + which pip
2022-12-27T11:13:33.1374140Z + which python
2022-12-27T11:13:33.1391540Z /private/var/folders/51/hd414ycd67n82196sw51xqtc0000gn/T/cibw-run-l87qqs8a/cp311-macosx_arm64/build/venv/bin/python
2022-12-27T11:13:33.1393710Z + python --version
2022-12-27T11:13:33.1448640Z Python 3.11.1
2022-12-27T11:13:33.1451810Z + which python
2022-12-27T11:13:33.1507730Z ##[endgroup]
2022-12-27T11:13:33.1508310Z                                                               [32mâœ“ [0m0.87s
2022-12-27T11:13:33.1508840Z ##[group]Installing build tools...
2022-12-27T11:13:33.1509140Z 
2022-12-27T11:13:33.1509500Z + pip install --upgrade setuptools wheel delocate -c /Library/Frameworks/Python.framework/Versions/3.11/lib/python3.11/site-packages/cibuildwheel/resources/constraints-python311.txt
2022-12-27T11:13:33.4311650Z Requirement already satisfied: setuptools in /private/var/folders/51/hd414ycd67n82196sw51xqtc0000gn/T/cibw-run-l87qqs8a/cp311-macosx_arm64/build/venv/lib/python3.11/site-packages (65.6.3)
2022-12-27T11:13:33.6100860Z Requirement already satisfied: wheel in /private/var/folders/51/hd414ycd67n82196sw51xqtc0000gn/T/cibw-run-l87qqs8a/cp311-macosx_arm64/build/venv/lib/python3.11/site-packages (0.38.4)
2022-12-27T11:13:33.6493570Z Collecting delocate
2022-12-27T11:13:33.6515820Z   Using cached delocate-0.10.3-py3-none-any.whl (142 kB)
2022-12-27T11:13:33.6779420Z Collecting packaging>=20.9
2022-12-27T11:13:33.6800210Z   Using cached packaging-21.3-py3-none-any.whl (40 kB)
2022-12-27T11:13:33.7004890Z Collecting typing-extensions
2022-12-27T11:13:33.7023130Z   Using cached typing_extensions-4.4.0-py3-none-any.whl (26 kB)
2022-12-27T11:13:33.7341410Z Collecting pyparsing!=3.0.5,>=2.0.2
2022-12-27T11:13:33.7359450Z   Using cached pyparsing-3.0.9-py3-none-any.whl (98 kB)
2022-12-27T11:13:33.7934510Z Installing collected packages: typing-extensions, pyparsing, packaging, delocate
2022-12-27T11:13:33.9297460Z Successfully installed delocate-0.10.3 packaging-21.3 pyparsing-3.0.9 typing-extensions-4.4.0
2022-12-27T11:13:33.9777970Z ##[endgroup]
2022-12-27T11:13:33.9778710Z                                                               [32mâœ“ [0m0.83s
2022-12-27T11:13:33.9779200Z ##[group]Running before_build...
2022-12-27T11:13:33.9779320Z 
2022-12-27T11:13:33.9783090Z + pip install Cython; if [[ -f requirements.txt ]]; then pip install -r requirements.txt; fi
2022-12-27T11:13:34.5564470Z Collecting Cython
2022-12-27T11:13:34.5611100Z   Using cached Cython-0.29.32-py2.py3-none-any.whl (986 kB)
2022-12-27T11:13:34.6033200Z Installing collected packages: Cython
2022-12-27T11:13:35.0398040Z Successfully installed Cython-0.29.32
2022-12-27T11:13:35.0850750Z ##[endgroup]
2022-12-27T11:13:35.0851280Z                                                               [32mâœ“ [0m1.11s
2022-12-27T11:13:35.0851770Z ##[group]Building wheel...
2022-12-27T11:13:35.0851890Z 
2022-12-27T11:13:35.0855670Z + python -m pip wheel /Users/runner/actions-runner/_work/python.build/python.build/build_lxml311311/lxml-3.1.1 --wheel-dir=/private/var/folders/51/hd414ycd67n82196sw51xqtc0000gn/T/cibw-run-l87qqs8a/cp311-macosx_arm64/built_wheel --no-deps -vvv
2022-12-27T11:13:35.3370200Z Created temporary directory: /private/var/folders/51/hd414ycd67n82196sw51xqtc0000gn/T/pip-ephem-wheel-cache-1ki78i5h
2022-12-27T11:13:35.3374830Z Created temporary directory: /private/var/folders/51/hd414ycd67n82196sw51xqtc0000gn/T/pip-build-tracker-14sh2g52
2022-12-27T11:13:35.3377150Z Initialized build tracking at /private/var/folders/51/hd414ycd67n82196sw51xqtc0000gn/T/pip-build-tracker-14sh2g52
2022-12-27T11:13:35.3378770Z Created build tracker: /private/var/folders/51/hd414ycd67n82196sw51xqtc0000gn/T/pip-build-tracker-14sh2g52
2022-12-27T11:13:35.3380570Z Entered build tracker: /private/var/folders/51/hd414ycd67n82196sw51xqtc0000gn/T/pip-build-tracker-14sh2g52
2022-12-27T11:13:35.3383840Z Created temporary directory: /private/var/folders/51/hd414ycd67n82196sw51xqtc0000gn/T/pip-wheel-qhffx94z
2022-12-27T11:13:35.3389270Z Created temporary directory: /private/var/folders/51/hd414ycd67n82196sw51xqtc0000gn/T/pip-ephem-wheel-cache-pha6yzpc
2022-12-27T11:13:35.3463640Z Processing /Users/runner/actions-runner/_work/python.build/python.build/build_lxml311311/lxml-3.1.1
2022-12-27T11:13:35.3468950Z   Added file:///Users/runner/actions-runner/_work/python.build/python.build/build_lxml311311/lxml-3.1.1 to build tracker '/private/var/folders/51/hd414ycd67n82196sw51xqtc0000gn/T/pip-build-tracker-14sh2g52'
2022-12-27T11:13:35.3472280Z   Running setup.py (path:/Users/runner/actions-runner/_work/python.build/python.build/build_lxml311311/lxml-3.1.1/setup.py) egg_info for package from file:///Users/runner/actions-runner/_work/python.build/python.build/build_lxml311311/lxml-3.1.1
2022-12-27T11:13:35.3475080Z   Created temporary directory: /private/var/folders/51/hd414ycd67n82196sw51xqtc0000gn/T/pip-pip-egg-info-j24pd9mp
2022-12-27T11:13:35.3476640Z   Preparing metadata (setup.py): started
2022-12-27T11:13:35.3478310Z   Running command python setup.py egg_info
2022-12-27T11:13:35.6591790Z   /private/var/folders/51/hd414ycd67n82196sw51xqtc0000gn/T/cibw-run-l87qqs8a/cp311-macosx_arm64/build/venv/lib/python3.11/site-packages/setuptools/_distutils/dist.py:265: UserWarning: Unknown distribution option: 'bugtrack_url'
2022-12-27T11:13:35.6592440Z     warnings.warn(msg)
2022-12-27T11:13:35.7067840Z   warning: no files found matching '*.txt' under directory 'src/lxml/tests'
2022-12-27T11:13:35.7672930Z   Building lxml version 3.1.1.
2022-12-27T11:13:35.7674790Z   Building without Cython.
2022-12-27T11:13:35.7676780Z   Using build configuration of libxslt 1.1.29
2022-12-27T11:13:35.7679070Z   Building against libxml2/libxslt in the following directory: /Library/Developer/CommandLineTools/SDKs/MacOSX12.1.sdk/usr/lib
2022-12-27T11:13:35.7926070Z   Preparing metadata (setup.py): finished with status 'done'
2022-12-27T11:13:35.7949600Z   Source in /Users/runner/actions-runner/_work/python.build/python.build/build_lxml311311/lxml-3.1.1 has version 3.1.1, which satisfies requirement lxml==3.1.1 from file:///Users/runner/actions-runner/_work/python.build/python.build/build_lxml311311/lxml-3.1.1
2022-12-27T11:13:35.7952880Z   Removed lxml==3.1.1 from file:///Users/runner/actions-runner/_work/python.build/python.build/build_lxml311311/lxml-3.1.1 from build tracker '/private/var/folders/51/hd414ycd67n82196sw51xqtc0000gn/T/pip-build-tracker-14sh2g52'
2022-12-27T11:13:35.7969530Z Created temporary directory: /private/var/folders/51/hd414ycd67n82196sw51xqtc0000gn/T/pip-unpack-1ljrdum2
2022-12-27T11:13:35.7971840Z Building wheels for collected packages: lxml
2022-12-27T11:13:35.7978910Z   Created temporary directory: /private/var/folders/51/hd414ycd67n82196sw51xqtc0000gn/T/pip-wheel-hp32haih
2022-12-27T11:13:35.7980790Z   Building wheel for lxml (setup.py): started
2022-12-27T11:13:35.7982710Z   Destination directory: /private/var/folders/51/hd414ycd67n82196sw51xqtc0000gn/T/pip-wheel-hp32haih
2022-12-27T11:13:35.7984190Z   Running command python setup.py bdist_wheel
2022-12-27T11:13:36.0120210Z   Building lxml version 3.1.1.
2022-12-27T11:13:36.0121370Z   Building without Cython.
2022-12-27T11:13:36.0127450Z   Using build configuration of libxslt 1.1.29
2022-12-27T11:13:36.1082660Z   Building against libxml2/libxslt in the following directory: /Library/Developer/CommandLineTools/SDKs/MacOSX12.1.sdk/usr/lib
2022-12-27T11:13:36.1115430Z   /private/var/folders/51/hd414ycd67n82196sw51xqtc0000gn/T/cibw-run-l87qqs8a/cp311-macosx_arm64/build/venv/lib/python3.11/site-packages/setuptools/_distutils/dist.py:265: UserWarning: Unknown distribution option: 'bugtrack_url'
2022-12-27T11:13:36.1116120Z     warnings.warn(msg)
2022-12-27T11:13:36.1801280Z   clang: warning: argument unused during compilation: '-flat_namespace' [-Wunused-command-line-argument]
2022-12-27T11:13:36.2656870Z   src/lxml/lxml.etree.c:4050:20: error: expression is not assignable
2022-12-27T11:13:36.2658390Z           Py_SIZE(L) -= 1;
2022-12-27T11:13:36.2659650Z           ~~~~~~~~~~ ^
2022-12-27T11:13:36.2661580Z   src/lxml/lxml.etree.c:4102:23: error: expression is not assignable
2022-12-27T11:13:36.2662880Z           Py_SIZE(list) = len+1;
2022-12-27T11:13:36.2663990Z           ~~~~~~~~~~~~~ ^
2022-12-27T11:13:36.3777700Z   src/lxml/lxml.etree.c:41406:33: warning: equality comparison with extraneous parentheses [-Wparentheses-equality]
2022-12-27T11:13:36.3779170Z         if ((__pyx_v_c_ns->prefix == NULL)) {
2022-12-27T11:13:36.3780240Z              ~~~~~~~~~~~~~~~~~~~~~^~~~~~~
2022-12-27T11:13:36.3781980Z   src/lxml/lxml.etree.c:41406:33: note: remove extraneous parentheses around the comparison to silence this warning
2022-12-27T11:13:36.3783200Z         if ((__pyx_v_c_ns->prefix == NULL)) {
2022-12-27T11:13:36.3784850Z             ~                     ^      ~
2022-12-27T11:13:36.3786030Z   src/lxml/lxml.etree.c:41406:33: note: use '=' to turn this equality comparison into an assignment
2022-12-27T11:13:36.3787250Z         if ((__pyx_v_c_ns->prefix == NULL)) {
2022-12-27T11:13:36.3788030Z                                   ^~
2022-12-27T11:13:36.3789230Z                                   =
2022-12-27T11:13:36.3790750Z   src/lxml/lxml.etree.c:41436:33: warning: equality comparison with extraneous parentheses [-Wparentheses-equality]
2022-12-27T11:13:36.3791670Z           if ((__pyx_v_c_ns->href == NULL)) {
2022-12-27T11:13:36.3792840Z                ~~~~~~~~~~~~~~~~~~~^~~~~~~
2022-12-27T11:13:36.3794400Z   src/lxml/lxml.etree.c:41436:33: note: remove extraneous parentheses around the comparison to silence this warning
2022-12-27T11:13:36.3795650Z           if ((__pyx_v_c_ns->href == NULL)) {
2022-12-27T11:13:36.3796530Z               ~                   ^      ~
2022-12-27T11:13:36.3798030Z   src/lxml/lxml.etree.c:41436:33: note: use '=' to turn this equality comparison into an assignment
2022-12-27T11:13:36.3799130Z           if ((__pyx_v_c_ns->href == NULL)) {
2022-12-27T11:13:36.3799820Z                                   ^~
2022-12-27T11:13:36.3800980Z                                   =
2022-12-27T11:13:36.5265530Z   src/lxml/lxml.etree.c:79925:15: warning: 'PyUnicode_GET_DATA_SIZE' is deprecated [-Wdeprecated-declarations]
2022-12-27T11:13:36.5266750Z     __pyx_v_l = PyUnicode_GET_DATA_SIZE(((PyObject *)__pyx_v_utext));
2022-12-27T11:13:36.5268010Z                 ^
2022-12-27T11:13:36.5269560Z   /Library/Frameworks/Python.framework/Versions/3.11/include/python3.11/cpython/unicodeobject.h:676:39: note: expanded from macro 'PyUnicode_GET_DATA_SIZE'
2022-12-27T11:13:36.5270630Z   #  define PyUnicode_GET_DATA_SIZE(op) PyUnicode_GET_DATA_SIZE(_PyObject_CAST(op))
2022-12-27T11:13:36.5271470Z                                         ^
2022-12-27T11:13:36.5273430Z   /Library/Frameworks/Python.framework/Versions/3.11/include/python3.11/cpython/unicodeobject.h:667:1: note: 'PyUnicode_GET_DATA_SIZE' has been explicitly marked deprecated here
2022-12-27T11:13:36.5274130Z   Py_DEPRECATED(3.3)
2022-12-27T11:13:36.5275120Z   ^
2022-12-27T11:13:36.5276840Z   /Library/Frameworks/Python.framework/Versions/3.11/include/python3.11/pyport.h:336:54: note: expanded from macro 'Py_DEPRECATED'
2022-12-27T11:13:36.5277930Z   #define Py_DEPRECATED(VERSION_UNUSED) __attribute__((__deprecated__))
2022-12-27T11:13:36.5278660Z                                                        ^
2022-12-27T11:13:36.5280070Z   src/lxml/lxml.etree.c:79934:20: warning: 'PyUnicode_AS_DATA' is deprecated [-Wdeprecated-declarations]
2022-12-27T11:13:36.5281080Z     __pyx_v_buffer = PyUnicode_AS_DATA(((PyObject *)__pyx_v_utext));
2022-12-27T11:13:36.5282200Z                      ^
2022-12-27T11:13:36.5284360Z   /Library/Frameworks/Python.framework/Versions/3.11/include/python3.11/cpython/unicodeobject.h:712:33: note: expanded from macro 'PyUnicode_AS_DATA'
2022-12-27T11:13:36.5285010Z   #  define PyUnicode_AS_DATA(op) PyUnicode_AS_DATA(_PyObject_CAST(op))
2022-12-27T11:13:36.5285940Z                                   ^
2022-12-27T11:13:36.5287700Z   /Library/Frameworks/Python.framework/Versions/3.11/include/python3.11/cpython/unicodeobject.h:701:1: note: 'PyUnicode_AS_DATA' has been explicitly marked deprecated here
2022-12-27T11:13:36.5288260Z   Py_DEPRECATED(3.3)
2022-12-27T11:13:36.5289350Z   ^
2022-12-27T11:13:36.5290850Z   /Library/Frameworks/Python.framework/Versions/3.11/include/python3.11/pyport.h:336:54: note: expanded from macro 'Py_DEPRECATED'
2022-12-27T11:13:36.5291730Z   #define Py_DEPRECATED(VERSION_UNUSED) __attribute__((__deprecated__))
2022-12-27T11:13:36.5293010Z                                                        ^
2022-12-27T11:13:36.5452000Z   src/lxml/lxml.etree.c:86801:27: warning: 'PyUnicode_GET_DATA_SIZE' is deprecated [-Wdeprecated-declarations]
2022-12-27T11:13:36.5453010Z     __pyx_v_py_buffer_len = PyUnicode_GET_DATA_SIZE(__pyx_v_utext);
2022-12-27T11:13:36.5454290Z                             ^
2022-12-27T11:13:36.5456550Z   /Library/Frameworks/Python.framework/Versions/3.11/include/python3.11/cpython/unicodeobject.h:676:39: note: expanded from macro 'PyUnicode_GET_DATA_SIZE'
2022-12-27T11:13:36.5457480Z   #  define PyUnicode_GET_DATA_SIZE(op) PyUnicode_GET_DATA_SIZE(_PyObject_CAST(op))
2022-12-27T11:13:36.5458490Z                                         ^
2022-12-27T11:13:36.5460180Z   /Library/Frameworks/Python.framework/Versions/3.11/include/python3.11/cpython/unicodeobject.h:667:1: note: 'PyUnicode_GET_DATA_SIZE' has been explicitly marked deprecated here
2022-12-27T11:13:36.5460790Z   Py_DEPRECATED(3.3)
2022-12-27T11:13:36.5461860Z   ^
2022-12-27T11:13:36.5463710Z   /Library/Frameworks/Python.framework/Versions/3.11/include/python3.11/pyport.h:336:54: note: expanded from macro 'Py_DEPRECATED'
2022-12-27T11:13:36.5464460Z   #define Py_DEPRECATED(VERSION_UNUSED) __attribute__((__deprecated__))
2022-12-27T11:13:36.5465590Z                                                        ^
2022-12-27T11:13:36.5467230Z   src/lxml/lxml.etree.c:86919:22: warning: 'PyUnicode_AS_DATA' is deprecated [-Wdeprecated-declarations]
2022-12-27T11:13:36.5468080Z       __pyx_v_c_text = PyUnicode_AS_DATA(__pyx_v_utext);
2022-12-27T11:13:36.5469020Z                        ^
2022-12-27T11:13:36.5470610Z   /Library/Frameworks/Python.framework/Versions/3.11/include/python3.11/cpython/unicodeobject.h:712:33: note: expanded from macro 'PyUnicode_AS_DATA'
2022-12-27T11:13:36.5471370Z   #  define PyUnicode_AS_DATA(op) PyUnicode_AS_DATA(_PyObject_CAST(op))
2022-12-27T11:13:36.5472360Z                                   ^
2022-12-27T11:13:36.5474080Z   /Library/Frameworks/Python.framework/Versions/3.11/include/python3.11/cpython/unicodeobject.h:701:1: note: 'PyUnicode_AS_DATA' has been explicitly marked deprecated here
2022-12-27T11:13:36.5474900Z   Py_DEPRECATED(3.3)
2022-12-27T11:13:36.5475990Z   ^
2022-12-27T11:13:36.5477540Z   /Library/Frameworks/Python.framework/Versions/3.11/include/python3.11/pyport.h:336:54: note: expanded from macro 'Py_DEPRECATED'
2022-12-27T11:13:36.5478370Z   #define Py_DEPRECATED(VERSION_UNUSED) __attribute__((__deprecated__))
2022-12-27T11:13:36.5479380Z                                                        ^
2022-12-27T11:13:36.5486670Z   src/lxml/lxml.etree.c:88208:22: warning: 'PyUnicode_AS_DATA' is deprecated [-Wdeprecated-declarations]
2022-12-27T11:13:36.5487700Z       __pyx_v_c_data = PyUnicode_AS_DATA(__pyx_v_data);
2022-12-27T11:13:36.5488740Z                        ^
2022-12-27T11:13:36.5490400Z   /Library/Frameworks/Python.framework/Versions/3.11/include/python3.11/cpython/unicodeobject.h:712:33: note: expanded from macro 'PyUnicode_AS_DATA'
2022-12-27T11:13:36.5491130Z   #  define PyUnicode_AS_DATA(op) PyUnicode_AS_DATA(_PyObject_CAST(op))
2022-12-27T11:13:36.5492350Z                                   ^
2022-12-27T11:13:36.5493620Z   /Library/Frameworks/Python.framework/Versions/3.11/include/python3.11/cpython/unicodeobject.h:701:1: note: 'PyUnicode_AS_DATA' has been explicitly marked deprecated here
2022-12-27T11:13:36.5494360Z   Py_DEPRECATED(3.3)
2022-12-27T11:13:36.5495540Z   ^
2022-12-27T11:13:36.5497260Z   /Library/Frameworks/Python.framework/Versions/3.11/include/python3.11/pyport.h:336:54: note: expanded from macro 'Py_DEPRECATED'
2022-12-27T11:13:36.5498000Z   #define Py_DEPRECATED(VERSION_UNUSED) __attribute__((__deprecated__))
2022-12-27T11:13:36.5499020Z                                                        ^
2022-12-27T11:13:36.5500590Z   src/lxml/lxml.etree.c:88217:29: warning: 'PyUnicode_GET_DATA_SIZE' is deprecated [-Wdeprecated-declarations]
2022-12-27T11:13:36.5501360Z       __pyx_v_py_buffer_len = PyUnicode_GET_DATA_SIZE(__pyx_v_data);
2022-12-27T11:13:36.5502370Z                               ^
2022-12-27T11:13:36.5504120Z   /Library/Frameworks/Python.framework/Versions/3.11/include/python3.11/cpython/unicodeobject.h:676:39: note: expanded from macro 'PyUnicode_GET_DATA_SIZE'
2022-12-27T11:13:36.5504970Z   #  define PyUnicode_GET_DATA_SIZE(op) PyUnicode_GET_DATA_SIZE(_PyObject_CAST(op))
2022-12-27T11:13:36.5506280Z                                         ^
2022-12-27T11:13:36.5507870Z   /Library/Frameworks/Python.framework/Versions/3.11/include/python3.11/cpython/unicodeobject.h:667:1: note: 'PyUnicode_GET_DATA_SIZE' has been explicitly marked deprecated here
2022-12-27T11:13:36.5508480Z   Py_DEPRECATED(3.3)
2022-12-27T11:13:36.5509750Z   ^
2022-12-27T11:13:36.5511060Z   /Library/Frameworks/Python.framework/Versions/3.11/include/python3.11/pyport.h:336:54: note: expanded from macro 'Py_DEPRECATED'
2022-12-27T11:13:36.5580070Z   #define Py_DEPRECATED(VERSION_UNUSED) __attribute__((__deprecated__))
2022-12-27T11:13:36.5580410Z                                                        ^
2022-12-27T11:13:36.5581100Z   src/lxml/lxml.etree.c:90561:21: warning: 'PyUnicode_GET_DATA_SIZE' is deprecated [-Wdeprecated-declarations]
2022-12-27T11:13:36.5581450Z       __pyx_v_c_len = PyUnicode_GET_DATA_SIZE(__pyx_v_text);
2022-12-27T11:13:36.5582070Z                       ^
2022-12-27T11:13:36.5582660Z   /Library/Frameworks/Python.framework/Versions/3.11/include/python3.11/cpython/unicodeobject.h:676:39: note: expanded from macro 'PyUnicode_GET_DATA_SIZE'
2022-12-27T11:13:36.5583100Z   #  define PyUnicode_GET_DATA_SIZE(op) PyUnicode_GET_DATA_SIZE(_PyObject_CAST(op))
2022-12-27T11:13:36.5583510Z                                         ^
2022-12-27T11:13:36.5584140Z   /Library/Frameworks/Python.framework/Versions/3.11/include/python3.11/cpython/unicodeobject.h:667:1: note: 'PyUnicode_GET_DATA_SIZE' has been explicitly marked deprecated here
2022-12-27T11:13:36.5584600Z   Py_DEPRECATED(3.3)
2022-12-27T11:13:36.5584800Z   ^
2022-12-27T11:13:36.5585350Z   /Library/Frameworks/Python.framework/Versions/3.11/include/python3.11/pyport.h:336:54: note: expanded from macro 'Py_DEPRECATED'
2022-12-27T11:13:36.5585970Z   #define Py_DEPRECATED(VERSION_UNUSED) __attribute__((__deprecated__))
2022-12-27T11:13:36.5586310Z                                                        ^
2022-12-27T11:13:36.5818820Z   src/lxml/lxml.etree.c:99739:126: error: implicit declaration of function 'xmlBufLength' is invalid in C99 [-Werror,-Wimplicit-function-declaration]
2022-12-27T11:13:36.5820150Z         __pyx_t_6 = ((PyObject *)__Pyx_decode_c_string(((char *)((unsigned char *)xmlBufContent(__pyx_v_c_result_buffer))), 0, xmlBufLength(__pyx_v_c_result_buffer), NULL, NULL, PyUnicode_DecodeUTF8)); if (unlikely(!__pyx_t_6)) {__pyx_filename = __pyx_f[6]; __pyx_lineno = 137; __pyx_clineno = __LINE__; goto __pyx_L16;}
2022-12-27T11:13:36.5822090Z                                                                                                                                ^
2022-12-27T11:13:36.5837690Z   src/lxml/lxml.etree.c:99739:126: note: did you mean 'xmlBufferLength'?
2022-12-27T11:13:36.5839410Z   /Library/Developer/CommandLineTools/SDKs/MacOSX12.1.sdk/usr/include/libxml/tree.h:746:3: note: 'xmlBufferLength' declared here
2022-12-27T11:13:36.5840210Z                   xmlBufferLength         (const xmlBuffer *buf);
2022-12-27T11:13:36.5841380Z                   ^
2022-12-27T11:13:36.5843610Z   src/lxml/lxml.etree.c:99754:123: error: implicit declaration of function 'xmlBufLength' is invalid in C99 [-Werror,-Wimplicit-function-declaration]
2022-12-27T11:13:36.5845500Z         __pyx_t_6 = PyBytes_FromStringAndSize(((const char*)((unsigned char *)xmlBufContent(__pyx_v_c_result_buffer))) + 0, xmlBufLength(__pyx_v_c_result_buffer) - 0); if (unlikely(!__pyx_t_6)) {__pyx_filename = __pyx_f[6]; __pyx_lineno = 140; __pyx_clineno = __LINE__; goto __pyx_L16;}
2022-12-27T11:13:36.5846990Z                                                                                                                             ^
2022-12-27T11:13:36.6681280Z   src/lxml/lxml.etree.c:122480:25: warning: equality comparison with extraneous parentheses [-Wparentheses-equality]
2022-12-27T11:13:36.6682280Z     if ((__pyx_v_c_ns_uri == NULL)) {
2022-12-27T11:13:36.6684030Z          ~~~~~~~~~~~~~~~~~^~~~~~~
2022-12-27T11:13:36.6685340Z   src/lxml/lxml.etree.c:122480:25: note: remove extraneous parentheses around the comparison to silence this warning
2022-12-27T11:13:36.6686570Z     if ((__pyx_v_c_ns_uri == NULL)) {
2022-12-27T11:13:36.6688080Z         ~                 ^      ~
2022-12-27T11:13:36.6689740Z   src/lxml/lxml.etree.c:122480:25: note: use '=' to turn this equality comparison into an assignment
2022-12-27T11:13:36.6690590Z     if ((__pyx_v_c_ns_uri == NULL)) {
2022-12-27T11:13:36.6691690Z                           ^~
2022-12-27T11:13:36.6693000Z                           =
2022-12-27T11:13:36.7305050Z   src/lxml/lxml.etree.c:138240:72: warning: incompatible pointer types passing 'struct __pyx_obj_4lxml_5etree__BaseContext *' to parameter of type 'struct __pyx_obj_4lxml_5etree__XSLTContext *' [-Wincompatible-pointer-types]
2022-12-27T11:13:36.7306410Z       __pyx_t_1 = ((PyObject *)__pyx_f_4lxml_5etree_12_XSLTContext__copy(((struct __pyx_obj_4lxml_5etree__BaseContext *)__pyx_v_self->_context))); if (unlikely(!__pyx_t_1)) {__pyx_filename = __pyx_f[2]; __pyx_lineno = 543; __pyx_clineno = __LINE__; goto __pyx_L9;}
2022-12-27T11:13:36.7308160Z                                                                          ^~~~~~~~~~~~~~~~~~~~~~~~~~~~~~~~~~~~~~~~~~~~~~~~~~~~~~~~~~~~~~~~~~~~~~
2022-12-27T11:13:36.7309410Z   src/lxml/lxml.etree.c:136196:138: note: passing argument to parameter '__pyx_v_self' here
2022-12-27T11:13:36.7311020Z   static struct __pyx_obj_4lxml_5etree__BaseContext *__pyx_f_4lxml_5etree_12_XSLTContext__copy(struct __pyx_obj_4lxml_5etree__XSLTContext *__pyx_v_self) {
2022-12-27T11:13:36.7313760Z                                                                                                                                            ^
2022-12-27T11:13:36.7346750Z   src/lxml/lxml.etree.c:139634:70: warning: incompatible pointer types passing 'struct __pyx_obj_4lxml_5etree__BaseContext *' to parameter of type 'struct __pyx_obj_4lxml_5etree__XSLTContext *' [-Wincompatible-pointer-types]
2022-12-27T11:13:36.7348180Z     __pyx_t_1 = ((PyObject *)__pyx_f_4lxml_5etree_12_XSLTContext__copy(((struct __pyx_obj_4lxml_5etree__BaseContext *)__pyx_v_stylesheet->_context))); if (unlikely(!__pyx_t_1)) {__pyx_filename = __pyx_f[2]; __pyx_lineno = 680; __pyx_clineno = __LINE__; goto __pyx_L1_error;}
2022-12-27T11:13:36.7349630Z                                                                        ^~~~~~~~~~~~~~~~~~~~~~~~~~~~~~~~~~~~~~~~~~~~~~~~~~~~~~~~~~~~~~~~~~~~~~~~~~~~
2022-12-27T11:13:36.7351330Z   src/lxml/lxml.etree.c:136196:138: note: passing argument to parameter '__pyx_v_self' here
2022-12-27T11:13:36.7352210Z   static struct __pyx_obj_4lxml_5etree__BaseContext *__pyx_f_4lxml_5etree_12_XSLTContext__copy(struct __pyx_obj_4lxml_5etree__XSLTContext *__pyx_v_self) {
2022-12-27T11:13:36.7354430Z                                                                                                                                            ^
2022-12-27T11:13:36.7491650Z   src/lxml/lxml.etree.c:143745:73: warning: format string is not a string literal (potentially insecure) [-Wformat-security]
2022-12-27T11:13:36.7492890Z             xsltTransformError(__pyx_v_c_ctxt, NULL, __pyx_v_c_inst_node, __pyx_t_23);
2022-12-27T11:13:36.7494430Z                                                                           ^~~~~~~~~~
2022-12-27T11:13:36.7495950Z   src/lxml/lxml.etree.c:143745:73: note: treat the string as an argument to avoid this
2022-12-27T11:13:36.7497170Z             xsltTransformError(__pyx_v_c_ctxt, NULL, __pyx_v_c_inst_node, __pyx_t_23);
2022-12-27T11:13:36.7498850Z                                                                           ^
2022-12-27T11:13:36.7500030Z                                                                           "%s",
2022-12-27T11:13:36.7501790Z   src/lxml/lxml.etree.c:143795:73: warning: format string is not a string literal (potentially insecure) [-Wformat-security]
2022-12-27T11:13:36.7502840Z             xsltTransformError(__pyx_v_c_ctxt, NULL, __pyx_v_c_inst_node, __pyx_t_23);
2022-12-27T11:13:36.7504030Z                                                                           ^~~~~~~~~~
2022-12-27T11:13:36.7505280Z   src/lxml/lxml.etree.c:143795:73: note: treat the string as an argument to avoid this
2022-12-27T11:13:36.7506370Z             xsltTransformError(__pyx_v_c_ctxt, NULL, __pyx_v_c_inst_node, __pyx_t_23);
2022-12-27T11:13:36.7507740Z                                                                           ^
2022-12-27T11:13:36.7508760Z                                                                           "%s",
2022-12-27T11:13:36.7510180Z   src/lxml/lxml.etree.c:143859:69: warning: format string is not a string literal (potentially insecure) [-Wformat-security]
2022-12-27T11:13:36.7511110Z         xsltTransformError(__pyx_v_c_ctxt, NULL, __pyx_v_c_inst_node, __pyx_k_368);
2022-12-27T11:13:36.7512300Z                                                                       ^~~~~~~~~~~
2022-12-27T11:13:36.7513510Z   src/lxml/lxml.etree.c:143859:69: note: treat the string as an argument to avoid this
2022-12-27T11:13:36.7514560Z         xsltTransformError(__pyx_v_c_ctxt, NULL, __pyx_v_c_inst_node, __pyx_k_368);
2022-12-27T11:13:36.7515570Z                                                                       ^
2022-12-27T11:13:36.7516730Z                                                                       "%s",
2022-12-27T11:13:36.8002340Z   src/lxml/lxml.etree.c:157577:5: error: expression is not assignable
2022-12-27T11:13:36.8003650Z       ++Py_REFCNT(o);
2022-12-27T11:13:36.8005340Z       ^ ~~~~~~~~~~~~
2022-12-27T11:13:36.8006580Z   src/lxml/lxml.etree.c:157580:5: error: expression is not assignable
2022-12-27T11:13:36.8007880Z       --Py_REFCNT(o);
2022-12-27T11:13:36.8009440Z       ^ ~~~~~~~~~~~~
2022-12-27T11:13:36.8010910Z   src/lxml/lxml.etree.c:157787:5: error: expression is not assignable
2022-12-27T11:13:36.8012120Z       ++Py_REFCNT(o);
2022-12-27T11:13:36.8013190Z       ^ ~~~~~~~~~~~~
2022-12-27T11:13:36.8014410Z   src/lxml/lxml.etree.c:157790:5: error: expression is not assignable
2022-12-27T11:13:36.8015650Z       --Py_REFCNT(o);
2022-12-27T11:13:36.8016420Z       ^ ~~~~~~~~~~~~
2022-12-27T11:13:36.8147670Z   src/lxml/lxml.etree.c:162544:5: error: expression is not assignable
2022-12-27T11:13:36.8148920Z       ++Py_REFCNT(o);
2022-12-27T11:13:36.8150290Z       ^ ~~~~~~~~~~~~
2022-12-27T11:13:36.8151880Z   src/lxml/lxml.etree.c:162547:5: error: expression is not assignable
2022-12-27T11:13:36.8152900Z       --Py_REFCNT(o);
2022-12-27T11:13:36.8154050Z       ^ ~~~~~~~~~~~~
2022-12-27T11:13:36.8323470Z   src/lxml/lxml.etree.c:170167:5: error: expression is not assignable
2022-12-27T11:13:36.8324750Z       ++Py_REFCNT(o);
2022-12-27T11:13:36.8326290Z       ^ ~~~~~~~~~~~~
2022-12-27T11:13:36.8327530Z   src/lxml/lxml.etree.c:170170:5: error: expression is not assignable
2022-12-27T11:13:36.8329080Z       --Py_REFCNT(o);
2022-12-27T11:13:36.8330310Z       ^ ~~~~~~~~~~~~
2022-12-27T11:13:36.8341960Z   src/lxml/lxml.etree.c:170777:5: error: expression is not assignable
2022-12-27T11:13:36.8342820Z       ++Py_REFCNT(o);
2022-12-27T11:13:36.8344490Z       ^ ~~~~~~~~~~~~
2022-12-27T11:13:36.8345750Z   src/lxml/lxml.etree.c:170780:5: error: expression is not assignable
2022-12-27T11:13:36.8347000Z       --Py_REFCNT(o);
2022-12-27T11:13:36.8348410Z       ^ ~~~~~~~~~~~~
2022-12-27T11:13:36.8356820Z   src/lxml/lxml.etree.c:171194:5: error: expression is not assignable
2022-12-27T11:13:36.8358020Z       ++Py_REFCNT(o);
2022-12-27T11:13:36.8358950Z       ^ ~~~~~~~~~~~~
2022-12-27T11:13:36.8360510Z   src/lxml/lxml.etree.c:171197:5: error: expression is not assignable
2022-12-27T11:13:36.8361510Z       --Py_REFCNT(o);
2022-12-27T11:13:36.8362700Z       ^ ~~~~~~~~~~~~
2022-12-27T11:13:36.8363860Z   src/lxml/lxml.etree.c:171383:5: error: expression is not assignable
2022-12-27T11:13:36.8364870Z       ++Py_REFCNT(o);
2022-12-27T11:13:36.8366050Z       ^ ~~~~~~~~~~~~
2022-12-27T11:13:36.8367010Z   src/lxml/lxml.etree.c:171386:5: error: expression is not assignable
2022-12-27T11:13:36.8368270Z       --Py_REFCNT(o);
2022-12-27T11:13:36.8369260Z       ^ ~~~~~~~~~~~~
2022-12-27T11:13:36.8433140Z   src/lxml/lxml.etree.c:173607:5: error: expression is not assignable
2022-12-27T11:13:36.8434350Z       ++Py_REFCNT(o);
2022-12-27T11:13:36.8435910Z       ^ ~~~~~~~~~~~~
2022-12-27T11:13:36.8437350Z   fatal error: too many errors emitted, stopping now [-ferror-limit=]
2022-12-27T11:13:36.9390490Z   15 warnings and 20 errors generated.
2022-12-27T11:13:36.9433660Z   error: command '/usr/bin/clang' failed with exit code 1
2022-12-27T11:13:36.9799640Z   error: subprocess-exited-with-error
2022-12-27T11:13:36.9799900Z   
2022-12-27T11:13:36.9800280Z   Ã— python setup.py bdist_wheel did not run successfully.
2022-12-27T11:13:36.9800600Z   â”‚ exit code: 1
2022-12-27T11:13:36.9800880Z   â•°â”€> See above for output.
2022-12-27T11:13:36.9801050Z   
2022-12-27T11:13:36.9801310Z   note: This error originates from a subprocess, and is likely not a problem with pip.
2022-12-27T11:13:36.9806610Z   full command: /private/var/folders/51/hd414ycd67n82196sw51xqtc0000gn/T/cibw-run-l87qqs8a/cp311-macosx_arm64/build/venv/bin/python -u -c '
2022-12-27T11:13:36.9807380Z   exec(compile('"'"''"'"''"'"'
2022-12-27T11:13:36.9807690Z   # This is <pip-setuptools-caller> -- a caller that pip uses to run setup.py
2022-12-27T11:13:36.9807910Z   #
2022-12-27T11:13:36.9808160Z   # - It imports setuptools before invoking setup.py, to enable projects that directly
2022-12-27T11:13:36.9808580Z   #   import from `distutils.core` to work with newer packaging standards.
2022-12-27T11:13:36.9808910Z   # - It provides a clear error message when setuptools is not installed.
2022-12-27T11:13:36.9809220Z   # - It sets `sys.argv[0]` to the underlying `setup.py`, when invoking `setup.py` so
2022-12-27T11:13:36.9809520Z   #   setuptools doesn'"'"'t think the script is `-c`. This avoids the following warning:
2022-12-27T11:13:36.9809850Z   #     manifest_maker: standard file '"'"'-c'"'"' not found".
2022-12-27T11:13:36.9810150Z   # - It generates a shim setup.py, for handling setup.cfg-only projects.
2022-12-27T11:13:36.9810370Z   import os, sys, tokenize
2022-12-27T11:13:36.9810500Z   
2022-12-27T11:13:36.9810610Z   try:
2022-12-27T11:13:36.9810770Z       import setuptools
2022-12-27T11:13:36.9810900Z   except ImportError as error:
2022-12-27T11:13:36.9811040Z       print(
2022-12-27T11:13:36.9811210Z           "ERROR: Can not execute `setup.py` since setuptools is not available in "
2022-12-27T11:13:36.9811370Z           "the build environment.",
2022-12-27T11:13:36.9811530Z           file=sys.stderr,
2022-12-27T11:13:36.9811700Z       )
2022-12-27T11:13:36.9811820Z       sys.exit(1)
2022-12-27T11:13:36.9811980Z   
2022-12-27T11:13:36.9812150Z   __file__ = %r
2022-12-27T11:13:36.9812280Z   sys.argv[0] = __file__
2022-12-27T11:13:36.9812410Z   
2022-12-27T11:13:36.9812760Z   if os.path.exists(__file__):
2022-12-27T11:13:36.9812890Z       filename = __file__
2022-12-27T11:13:36.9813030Z       with tokenize.open(__file__) as f:
2022-12-27T11:13:36.9813160Z           setup_py_code = f.read()
2022-12-27T11:13:36.9813260Z   else:
2022-12-27T11:13:36.9813460Z       filename = "<auto-generated setuptools caller>"
2022-12-27T11:13:36.9813620Z       setup_py_code = "from setuptools import setup; setup()"
2022-12-27T11:13:36.9813750Z   
2022-12-27T11:13:36.9813860Z   exec(compile(setup_py_code, filename, "exec"))
2022-12-27T11:13:36.9814270Z   '"'"''"'"''"'"' % ('"'"'/Users/runner/actions-runner/_work/python.build/python.build/build_lxml311311/lxml-3.1.1/setup.py'"'"',), "<pip-setuptools-caller>", "exec"))' bdist_wheel -d /private/var/folders/51/hd414ycd67n82196sw51xqtc0000gn/T/pip-wheel-hp32haih
2022-12-27T11:13:36.9814870Z   cwd: /Users/runner/actions-runner/_work/python.build/python.build/build_lxml311311/lxml-3.1.1/
2022-12-27T11:13:36.9815130Z   Building wheel for lxml (setup.py): finished with status 'error'
2022-12-27T11:13:36.9815290Z   ERROR: Failed building wheel for lxml
2022-12-27T11:13:36.9815480Z   Running command python setup.py clean
2022-12-27T11:13:36.9815690Z   Running setup.py clean for lxml
2022-12-27T11:13:37.1796800Z   Building lxml version 3.1.1.
2022-12-27T11:13:37.1797540Z   Building without Cython.
2022-12-27T11:13:37.1926360Z   Using build configuration of libxslt 1.1.29
2022-12-27T11:13:37.2869700Z   Building against libxml2/libxslt in the following directory: /Library/Developer/CommandLineTools/SDKs/MacOSX12.1.sdk/usr/lib
2022-12-27T11:13:37.2901870Z   /private/var/folders/51/hd414ycd67n82196sw51xqtc0000gn/T/cibw-run-l87qqs8a/cp311-macosx_arm64/build/venv/lib/python3.11/site-packages/setuptools/_distutils/dist.py:265: UserWarning: Unknown distribution option: 'bugtrack_url'
2022-12-27T11:13:37.2902530Z     warnings.warn(msg)
2022-12-27T11:13:37.3027080Z   'build/bdist.macosx-11.0-arm64' does not exist -- can't clean it
2022-12-27T11:13:37.3028670Z   'build/scripts-3.11' does not exist -- can't clean it
2022-12-27T11:13:37.3286560Z Failed to build lxml
2022-12-27T11:13:37.3290060Z ERROR: Failed to build one or more wheels
2022-12-27T11:13:37.3302420Z Exception information:
2022-12-27T11:13:37.3302600Z Traceback (most recent call last):
2022-12-27T11:13:37.3309300Z   File "/private/var/folders/51/hd414ycd67n82196sw51xqtc0000gn/T/cibw-run-l87qqs8a/cp311-macosx_arm64/build/venv/lib/python3.11/site-packages/pip/_internal/cli/base_command.py", line 160, in exc_logging_wrapper
2022-12-27T11:13:37.3309620Z     status = run_func(*args)
2022-12-27T11:13:37.3309750Z              ^^^^^^^^^^^^^^^
2022-12-27T11:13:37.3310150Z   File "/private/var/folders/51/hd414ycd67n82196sw51xqtc0000gn/T/cibw-run-l87qqs8a/cp311-macosx_arm64/build/venv/lib/python3.11/site-packages/pip/_internal/cli/req_command.py", line 247, in wrapper
2022-12-27T11:13:37.3310380Z     return func(self, options, args)
2022-12-27T11:13:37.3310500Z            ^^^^^^^^^^^^^^^^^^^^^^^^^
2022-12-27T11:13:37.3310850Z   File "/private/var/folders/51/hd414ycd67n82196sw51xqtc0000gn/T/cibw-run-l87qqs8a/cp311-macosx_arm64/build/venv/lib/python3.11/site-packages/pip/_internal/commands/wheel.py", line 201, in run
2022-12-27T11:13:37.3311120Z     raise CommandError("Failed to build one or more wheels")
2022-12-27T11:13:37.3311310Z pip._internal.exceptions.CommandError: Failed to build one or more wheels
2022-12-27T11:13:37.3311610Z Removed build tracker: '/private/var/folders/51/hd414ycd67n82196sw51xqtc0000gn/T/pip-build-tracker-14sh2g52'
2022-12-27T11:13:37.3723990Z ##[endgroup]
2022-12-27T11:13:37.3746620Z ##[error]Command ['python', '-m', 'pip', 'wheel', '/Users/runner/actions-runner/_work/python.build/python.build/build_lxml311311/lxml-3.1.1', '--wheel-dir=/private/var/folders/51/hd414ycd67n82196sw51xqtc0000gn/T/cibw-run-l87qqs8a/cp311-macosx_arm64/built_wheel', '--no-deps', '-vvv'] failed with code 1. None
2022-12-27T11:13:37.3752550Z 
2022-12-27T11:13:37.3752840Z                                                               [31mâœ• [0m2.29s
2022-12-27T11:13:37.4261630Z ##[error]Process completed with exit code 1.
2022-12-27T11:13:37.4293840Z ##[group]Run rm -rf build_lxml311311 wheelsout
2022-12-27T11:13:37.4294040Z [36;1mrm -rf build_lxml311311 wheelsout[0m
2022-12-27T11:13:37.4310220Z shell: /bin/bash -e {0}
2022-12-27T11:13:37.4310340Z env:
2022-12-27T11:13:37.4310500Z   pythonLocation: /Users/runner/hostedtoolcache/Python/3.11.1/x64
2022-12-27T11:13:37.4310690Z   PKG_CONFIG_PATH: /Users/runner/hostedtoolcache/Python/3.11.1/x64/lib/pkgconfig
2022-12-27T11:13:37.4310890Z   Python_ROOT_DIR: /Users/runner/hostedtoolcache/Python/3.11.1/x64
2022-12-27T11:13:37.4311070Z   Python2_ROOT_DIR: /Users/runner/hostedtoolcache/Python/3.11.1/x64
2022-12-27T11:13:37.4311240Z   Python3_ROOT_DIR: /Users/runner/hostedtoolcache/Python/3.11.1/x64
2022-12-27T11:13:37.4311380Z ##[endgroup]
2022-12-27T11:13:37.4847990Z Cleaning up orphan processes
