2022-12-27T08:55:29.3411960Z Requested labels: self-hosted, macOS, X64
2022-12-27T08:55:29.3412030Z Job defined at: kilnbuild/python.build/.github/workflows/mac_arm_build.yml@refs/heads/main
2022-12-27T08:55:29.3412055Z Waiting for a runner to pick up this job...
2022-12-27T11:33:56.1500066Z Job is about to start running on the runner: kr2 (organization)
2022-12-27T11:34:01.5088670Z Current runner version: '2.300.2'
2022-12-27T11:34:01.5096440Z Runner name: 'kr2'
2022-12-27T11:34:01.5096850Z Runner group name: 'Default'
2022-12-27T11:34:01.5097670Z Machine name: 'kr2'
2022-12-27T11:34:01.5100230Z ##[group]GITHUB_TOKEN Permissions
2022-12-27T11:34:01.5100940Z Actions: write
2022-12-27T11:34:01.5101200Z Checks: write
2022-12-27T11:34:01.5101450Z Contents: write
2022-12-27T11:34:01.5101690Z Deployments: write
2022-12-27T11:34:01.5101960Z Discussions: write
2022-12-27T11:34:01.5102220Z Issues: write
2022-12-27T11:34:01.5102450Z Metadata: read
2022-12-27T11:34:01.5102710Z Packages: write
2022-12-27T11:34:01.5102960Z Pages: write
2022-12-27T11:34:01.5103210Z PullRequests: write
2022-12-27T11:34:01.5103510Z RepositoryProjects: write
2022-12-27T11:34:01.5103800Z SecurityEvents: write
2022-12-27T11:34:01.5104060Z Statuses: write
2022-12-27T11:34:01.5104310Z ##[endgroup]
2022-12-27T11:34:01.5108190Z Secret source: Actions
2022-12-27T11:34:01.5108690Z Prepare workflow directory
2022-12-27T11:34:01.6219170Z Prepare all required actions
2022-12-27T11:34:01.6424410Z Getting action download info
2022-12-27T11:34:02.0833960Z Download action repository 'actions/setup-python@v4' (SHA:5ccb29d8773c3f3f653e1705f474dfaa8a06a912)
2022-12-27T11:34:03.9568250Z Download action repository 'actions/upload-artifact@v3' (SHA:83fd05a356d7e2593de66fc9913b3002723633cb)
2022-12-27T11:34:05.4084680Z ##[group]Run echo '{
2022-12-27T11:34:05.4085240Z [36;1mecho '{[0m
2022-12-27T11:34:05.4085480Z [36;1m  "package_name": "lxml",[0m
2022-12-27T11:34:05.4085860Z [36;1m  "package_url": "https://files.pythonhosted.org/packages/7f/17/94cc862bec81cec2fafa92f3783045a008b70fccb852b30c29f9e4d0d632/lxml-2.3.2.tar.gz",[0m
2022-12-27T11:34:05.4086190Z [36;1m  "package_version": "2.3.2",[0m
2022-12-27T11:34:05.4086450Z [36;1m  "python_version": "3.8",[0m
2022-12-27T11:34:05.4086690Z [36;1m  "use_ccache": "true"[0m
2022-12-27T11:34:05.4086970Z [36;1m}'[0m
2022-12-27T11:34:05.4112670Z shell: /bin/bash -e {0}
2022-12-27T11:34:05.4112930Z ##[endgroup]
2022-12-27T11:34:05.4485210Z {
2022-12-27T11:34:05.4487960Z   "package_name": "lxml",
2022-12-27T11:34:05.4489180Z   "package_url": "https://files.pythonhosted.org/packages/7f/17/94cc862bec81cec2fafa92f3783045a008b70fccb852b30c29f9e4d0d632/lxml-2.3.2.tar.gz",
2022-12-27T11:34:05.4489660Z   "package_version": "2.3.2",
2022-12-27T11:34:05.4490100Z   "python_version": "3.8",
2022-12-27T11:34:05.4490530Z   "use_ccache": "true"
2022-12-27T11:34:05.4490830Z }
2022-12-27T11:34:05.4860910Z ##[group]Run actions/setup-python@v4
2022-12-27T11:34:05.4861330Z with:
2022-12-27T11:34:05.4861580Z   python-version: 3.8
2022-12-27T11:34:05.4861950Z   check-latest: false
2022-12-27T11:34:05.4862660Z   token: ***
2022-12-27T11:34:05.4862990Z   update-environment: true
2022-12-27T11:34:05.4863260Z ##[endgroup]
2022-12-27T11:34:05.7076160Z ##[group]Installed versions
2022-12-27T11:34:05.7140520Z Successfully set up CPython (3.8.15)
2022-12-27T11:34:05.7141610Z ##[endgroup]
2022-12-27T11:34:05.7422820Z ##[group]Run if [ "true" == "true" ]
2022-12-27T11:34:05.7423580Z [36;1mif [ "true" == "true" ][0m
2022-12-27T11:34:05.7423960Z [36;1mthen[0m
2022-12-27T11:34:05.7424310Z [36;1m  echo "CCACHE_PATH_PREPEND=/usr/local/opt/ccache/libexec" >> $GITHUB_OUTPUT[0m
2022-12-27T11:34:05.7424730Z [36;1melse[0m
2022-12-27T11:34:05.7425240Z [36;1m  echo "CCACHE_PATH_PREPEND=" >> $GITHUB_OUTPUT[0m
2022-12-27T11:34:05.7425630Z [36;1mfi[0m
2022-12-27T11:34:05.7457480Z shell: /bin/bash -e {0}
2022-12-27T11:34:05.7458020Z env:
2022-12-27T11:34:05.7458450Z   pythonLocation: /Users/runner/hostedtoolcache/Python/3.8.15/x64
2022-12-27T11:34:05.7458870Z   PKG_CONFIG_PATH: /Users/runner/hostedtoolcache/Python/3.8.15/x64/lib/pkgconfig
2022-12-27T11:34:05.7459350Z   Python_ROOT_DIR: /Users/runner/hostedtoolcache/Python/3.8.15/x64
2022-12-27T11:34:05.7459920Z   Python2_ROOT_DIR: /Users/runner/hostedtoolcache/Python/3.8.15/x64
2022-12-27T11:34:05.7460430Z   Python3_ROOT_DIR: /Users/runner/hostedtoolcache/Python/3.8.15/x64
2022-12-27T11:34:05.7461490Z ##[endgroup]
2022-12-27T11:34:05.7749170Z ##[group]Run echo "BUILD_NAME=$(echo lxml_2.3.2_3.8 | tr -dc '[:alnum:]\n\r' | tr '[:upper:]' '[:lower:]')" >> $GITHUB_OUTPUT
2022-12-27T11:34:05.7749800Z [36;1mecho "BUILD_NAME=$(echo lxml_2.3.2_3.8 | tr -dc '[:alnum:]\n\r' | tr '[:upper:]' '[:lower:]')" >> $GITHUB_OUTPUT[0m
2022-12-27T11:34:05.7777200Z shell: /bin/bash -e {0}
2022-12-27T11:34:05.7777530Z env:
2022-12-27T11:34:05.7777840Z   pythonLocation: /Users/runner/hostedtoolcache/Python/3.8.15/x64
2022-12-27T11:34:05.7778380Z   PKG_CONFIG_PATH: /Users/runner/hostedtoolcache/Python/3.8.15/x64/lib/pkgconfig
2022-12-27T11:34:05.7778880Z   Python_ROOT_DIR: /Users/runner/hostedtoolcache/Python/3.8.15/x64
2022-12-27T11:34:05.7779310Z   Python2_ROOT_DIR: /Users/runner/hostedtoolcache/Python/3.8.15/x64
2022-12-27T11:34:05.7779690Z   Python3_ROOT_DIR: /Users/runner/hostedtoolcache/Python/3.8.15/x64
2022-12-27T11:34:05.7780220Z ##[endgroup]
2022-12-27T11:34:05.7996400Z ##[group]Run echo "PYTHON_NO_DOTS=$(echo 3.8 | tr -dc '[:alnum:]\n\r' | tr '[:upper:]' '[:lower:]')" >> $GITHUB_OUTPUT
2022-12-27T11:34:05.7997200Z [36;1mecho "PYTHON_NO_DOTS=$(echo 3.8 | tr -dc '[:alnum:]\n\r' | tr '[:upper:]' '[:lower:]')" >> $GITHUB_OUTPUT[0m
2022-12-27T11:34:05.8024540Z shell: /bin/bash -e {0}
2022-12-27T11:34:05.8024860Z env:
2022-12-27T11:34:05.8025160Z   pythonLocation: /Users/runner/hostedtoolcache/Python/3.8.15/x64
2022-12-27T11:34:05.8026660Z   PKG_CONFIG_PATH: /Users/runner/hostedtoolcache/Python/3.8.15/x64/lib/pkgconfig
2022-12-27T11:34:05.8027100Z   Python_ROOT_DIR: /Users/runner/hostedtoolcache/Python/3.8.15/x64
2022-12-27T11:34:05.8027520Z   Python2_ROOT_DIR: /Users/runner/hostedtoolcache/Python/3.8.15/x64
2022-12-27T11:34:05.8027890Z   Python3_ROOT_DIR: /Users/runner/hostedtoolcache/Python/3.8.15/x64
2022-12-27T11:34:05.8028240Z ##[endgroup]
2022-12-27T11:34:05.8259700Z ##[group]Run rm -rf build_lxml23238
2022-12-27T11:34:05.8260360Z [36;1mrm -rf build_lxml23238[0m
2022-12-27T11:34:05.8260640Z [36;1mmkdir build_lxml23238[0m
2022-12-27T11:34:05.8261120Z [36;1mcd build_lxml23238[0m
2022-12-27T11:34:05.8261810Z [36;1m/usr/local/bin/wget --quiet https://files.pythonhosted.org/packages/7f/17/94cc862bec81cec2fafa92f3783045a008b70fccb852b30c29f9e4d0d632/lxml-2.3.2.tar.gz[0m
2022-12-27T11:34:05.8262320Z [36;1mtar xf *.tar.gz[0m
2022-12-27T11:34:05.8262580Z [36;1mcd *[0m
2022-12-27T11:34:05.8262940Z [36;1mpython -m pip install cibuildwheel==2.11.3[0m
2022-12-27T11:34:05.8263360Z [36;1mpython -m cibuildwheel --output-dir ../wheelsout[0m
2022-12-27T11:34:05.8290750Z shell: /bin/bash -e {0}
2022-12-27T11:34:05.8291070Z env:
2022-12-27T11:34:05.8291430Z   pythonLocation: /Users/runner/hostedtoolcache/Python/3.8.15/x64
2022-12-27T11:34:05.8291950Z   PKG_CONFIG_PATH: /Users/runner/hostedtoolcache/Python/3.8.15/x64/lib/pkgconfig
2022-12-27T11:34:05.8292420Z   Python_ROOT_DIR: /Users/runner/hostedtoolcache/Python/3.8.15/x64
2022-12-27T11:34:05.8292780Z   Python2_ROOT_DIR: /Users/runner/hostedtoolcache/Python/3.8.15/x64
2022-12-27T11:34:05.8293180Z   Python3_ROOT_DIR: /Users/runner/hostedtoolcache/Python/3.8.15/x64
2022-12-27T11:34:05.8293540Z   CIBW_ARCHS_MACOS: arm64
2022-12-27T11:34:05.8293860Z   CIBW_TEST_SKIP: *_arm64
2022-12-27T11:34:05.8294180Z   CIBW_BUILD: cp38-macosx_arm64
2022-12-27T11:34:05.8294500Z   CIBW_BUILD_FRONTEND: pip
2022-12-27T11:34:05.8294820Z   CIBW_BUILD_VERBOSITY: 3
2022-12-27T11:34:05.8295360Z   CIBW_ENVIRONMENT_MACOS:  CFLAGS="-I/usr/local/opt/openssl@3/include" LDFLAGS="-L/usr/local/opt/openssl@3/lib" CPPFLAGS="-I/usr/local/opt/openssl@3/include" MAKEFLAGS="-j$(sysctl -n hw.logicalcpu)" PATH=/usr/local/opt/ccache/libexec:$PATH
2022-12-27T11:34:05.8296070Z   CIBW_BEFORE_BUILD: pip install Cython; if [[ -f requirements.txt ]]; then pip install -r requirements.txt; fi
2022-12-27T11:34:05.8296490Z   MAKEFLAGS: -j$(sysctl -n hw.logicalcpu)
2022-12-27T11:34:05.8296830Z ##[endgroup]
2022-12-27T11:34:06.6015160Z Requirement already satisfied: cibuildwheel==2.11.3 in /Users/runner/hostedtoolcache/Python/3.8.15/x64/lib/python3.8/site-packages (2.11.3)
2022-12-27T11:34:06.6567850Z Requirement already satisfied: packaging>=20.9 in /Users/runner/hostedtoolcache/Python/3.8.15/x64/lib/python3.8/site-packages (from cibuildwheel==2.11.3) (22.0)
2022-12-27T11:34:06.6572190Z Requirement already satisfied: platformdirs in /Users/runner/hostedtoolcache/Python/3.8.15/x64/lib/python3.8/site-packages (from cibuildwheel==2.11.3) (2.6.0)
2022-12-27T11:34:06.6585040Z Requirement already satisfied: typing-extensions>=4.1.0 in /Users/runner/hostedtoolcache/Python/3.8.15/x64/lib/python3.8/site-packages (from cibuildwheel==2.11.3) (4.4.0)
2022-12-27T11:34:06.6596950Z Requirement already satisfied: bashlex!=0.13 in /Users/runner/hostedtoolcache/Python/3.8.15/x64/lib/python3.8/site-packages (from cibuildwheel==2.11.3) (0.16)
2022-12-27T11:34:06.6600590Z Requirement already satisfied: certifi in /Users/runner/hostedtoolcache/Python/3.8.15/x64/lib/python3.8/site-packages (from cibuildwheel==2.11.3) (2022.12.7)
2022-12-27T11:34:06.6604410Z Requirement already satisfied: bracex in /Users/runner/hostedtoolcache/Python/3.8.15/x64/lib/python3.8/site-packages (from cibuildwheel==2.11.3) (2.3.post1)
2022-12-27T11:34:06.6610790Z Requirement already satisfied: filelock in /Users/runner/hostedtoolcache/Python/3.8.15/x64/lib/python3.8/site-packages (from cibuildwheel==2.11.3) (3.8.2)
2022-12-27T11:34:06.6618980Z Requirement already satisfied: tomli in /Users/runner/hostedtoolcache/Python/3.8.15/x64/lib/python3.8/site-packages (from cibuildwheel==2.11.3) (2.0.1)
2022-12-27T11:34:06.9511170Z 
2022-12-27T11:34:06.9512400Z      _ _       _ _   _       _           _
2022-12-27T11:34:06.9514560Z  ___|_| |_ _ _|_| |_| |_ _ _| |_ ___ ___| |
2022-12-27T11:34:06.9516110Z |  _| | . | | | | | . | | | |   | -_| -_| |
2022-12-27T11:34:06.9516970Z |___|_|___|___|_|_|___|_____|_|_|___|___|_|
2022-12-27T11:34:06.9519100Z 
2022-12-27T11:34:06.9519720Z cibuildwheel version 2.11.3
2022-12-27T11:34:06.9520190Z 
2022-12-27T11:34:06.9520510Z Build options:
2022-12-27T11:34:06.9521390Z   platform: macos
2022-12-27T11:34:06.9764930Z   architectures: arm64[0m
2022-12-27T11:34:06.9766740Z   build_selector: 
2022-12-27T11:34:06.9768190Z     build_config: cp38-macosx_arm64
2022-12-27T11:34:06.9769290Z     skip_config: 
2022-12-27T11:34:06.9770280Z     requires_python: None
2022-12-27T11:34:06.9771710Z     prerelease_pythons: False[0m
2022-12-27T11:34:06.9772690Z   [38;5;244mcontainer_engine: docker[0m
2022-12-27T11:34:06.9773570Z   output_dir: /Users/runner/actions-runner/_work/python.build/python.build/build_lxml23238/wheelsout[0m
2022-12-27T11:34:06.9775090Z   package_dir: /Users/runner/actions-runner/_work/python.build/python.build/build_lxml23238/lxml-2.3.2[0m
2022-12-27T11:34:06.9775860Z   test_selector: 
2022-12-27T11:34:06.9776450Z     skip_config: *_arm64[0m
2022-12-27T11:34:06.9777100Z   [38;5;244mbefore_all: [0m
2022-12-27T11:34:06.9778310Z   before_build: pip install Cython; if [[ -f requirements.txt ]]; then pip install -r requirements.txt; fi[0m
2022-12-27T11:34:06.9779090Z   [38;5;244mbefore_test: [0m
2022-12-27T11:34:06.9779840Z   [38;5;244mbuild_frontend: pip[0m
2022-12-27T11:34:06.9780500Z   build_verbosity: 3[0m
2022-12-27T11:34:06.9781120Z   [38;5;244mconfig_settings: [0m
2022-12-27T11:34:06.9781950Z   [38;5;244mdependency_constraints: pinned[0m
2022-12-27T11:34:06.9782500Z   environment: 
2022-12-27T11:34:06.9783240Z     CFLAGS="-I/usr/local/opt/openssl@3/include"
2022-12-27T11:34:06.9783880Z     LDFLAGS="-L/usr/local/opt/openssl@3/lib"
2022-12-27T11:34:06.9784610Z     CPPFLAGS="-I/usr/local/opt/openssl@3/include"
2022-12-27T11:34:06.9785620Z     MAKEFLAGS="-j$(sysctl -n hw.logicalcpu)"
2022-12-27T11:34:06.9786300Z     PATH=/usr/local/opt/ccache/libexec:$PATH[0m
2022-12-27T11:34:06.9786990Z   [38;5;244mmanylinux_images: None[0m
2022-12-27T11:34:06.9787850Z   [38;5;244mmusllinux_images: None[0m
2022-12-27T11:34:06.9788690Z   [38;5;244mrepair_command: delocate-wheel --require-archs {delocate_archs} -w {dest_dir} -v {wheel}[0m
2022-12-27T11:34:06.9790620Z   [38;5;244mtest_command: [0m
2022-12-27T11:34:06.9791290Z   [38;5;244mtest_extras: [0m
2022-12-27T11:34:06.9791970Z   [38;5;244mtest_requires: [0m
2022-12-27T11:34:06.9792170Z 
2022-12-27T11:34:06.9792470Z Cache folder: /Users/runner/Library/Caches/cibuildwheel
2022-12-27T11:34:06.9793620Z 
2022-12-27T11:34:06.9794930Z Here we go!
2022-12-27T11:34:06.9795230Z 
2022-12-27T11:34:06.9894400Z 
2022-12-27T11:34:06.9897020Z [1m[34mBuilding cp38-macosx_arm64 wheel[0m
2022-12-27T11:34:06.9898770Z CPython 3.8 macOS arm64 - Apple Silicon
2022-12-27T11:34:06.9899910Z 
2022-12-27T11:34:06.9902510Z ##[group]Installing Python cp38...
2022-12-27T11:34:06.9903090Z 
2022-12-27T11:34:06.9903710Z + pkgutil --pkgs
2022-12-27T11:34:07.0083520Z ##[endgroup]
2022-12-27T11:34:07.0085600Z                                                               [32mâœ“ [0m0.02s
2022-12-27T11:34:07.0086280Z ##[group]Setting up build environment...
2022-12-27T11:34:07.0086510Z 
2022-12-27T11:34:07.0127440Z + /Users/runner/hostedtoolcache/Python/3.8.15/x64/bin/python -sS /Users/runner/Library/Caches/cibuildwheel/virtualenv-20.17.0.pyz --activators= --no-periodic-update --pip=22.3.1 --setuptools=65.6.3 --wheel=0.38.4 --symlink-app-data --python /Library/Frameworks/Python.framework/Versions/3.8/bin/python3 /private/var/folders/51/hd414ycd67n82196sw51xqtc0000gn/T/cibw-run-mncqhsci/cp38-macosx_arm64/build/venv
2022-12-27T11:34:07.3138250Z created virtual environment CPython3.8.10.final.0-64 in 77ms
2022-12-27T11:34:07.3139080Z   creator CPython3Posix(dest=/private/var/folders/51/hd414ycd67n82196sw51xqtc0000gn/T/cibw-run-mncqhsci/cp38-macosx_arm64/build/venv, clear=False, no_vcs_ignore=False, global=False)
2022-12-27T11:34:07.3140090Z   seeder FromAppData(download=False, pip=22.3.1, setuptools=65.6.3, wheel=0.38.4, via=symlink, app_data_dir=/Users/runner/Library/Application Support/virtualenv)
2022-12-27T11:34:07.3140670Z     added seed packages: pip==22.3.1, setuptools==65.6.3, wheel==0.38.4
2022-12-27T11:34:07.3359200Z + python -m pip install --upgrade pip -c /Users/runner/hostedtoolcache/Python/3.8.15/x64/lib/python3.8/site-packages/cibuildwheel/resources/constraints-python38.txt
2022-12-27T11:34:07.8529260Z Requirement already satisfied: pip in ./lib/python3.8/site-packages (22.3.1)
2022-12-27T11:34:08.1326770Z + which pip
2022-12-27T11:34:08.1368720Z /private/var/folders/51/hd414ycd67n82196sw51xqtc0000gn/T/cibw-run-mncqhsci/cp38-macosx_arm64/build/venv/bin/pip
2022-12-27T11:34:08.1372580Z + pip --version
2022-12-27T11:34:08.5129850Z pip 22.3.1 from /private/var/folders/51/hd414ycd67n82196sw51xqtc0000gn/T/cibw-run-mncqhsci/cp38-macosx_arm64/build/venv/lib/python3.8/site-packages/pip (python 3.8)
2022-12-27T11:34:08.5579310Z + which pip
2022-12-27T11:34:08.5629540Z + which python
2022-12-27T11:34:08.5667370Z /private/var/folders/51/hd414ycd67n82196sw51xqtc0000gn/T/cibw-run-mncqhsci/cp38-macosx_arm64/build/venv/bin/python
2022-12-27T11:34:08.5672070Z + python --version
2022-12-27T11:34:08.5764940Z Python 3.8.10
2022-12-27T11:34:08.5769880Z + which python
2022-12-27T11:34:08.5869170Z ##[endgroup]
2022-12-27T11:34:08.5870980Z                                                               [32mâœ“ [0m1.58s
2022-12-27T11:34:08.5872550Z ##[group]Installing build tools...
2022-12-27T11:34:08.5872770Z 
2022-12-27T11:34:08.5873300Z + pip install --upgrade setuptools wheel delocate -c /Users/runner/hostedtoolcache/Python/3.8.15/x64/lib/python3.8/site-packages/cibuildwheel/resources/constraints-python38.txt
2022-12-27T11:34:09.0945800Z Requirement already satisfied: setuptools in /private/var/folders/51/hd414ycd67n82196sw51xqtc0000gn/T/cibw-run-mncqhsci/cp38-macosx_arm64/build/venv/lib/python3.8/site-packages (65.6.3)
2022-12-27T11:34:09.5009920Z Requirement already satisfied: wheel in /private/var/folders/51/hd414ycd67n82196sw51xqtc0000gn/T/cibw-run-mncqhsci/cp38-macosx_arm64/build/venv/lib/python3.8/site-packages (0.38.4)
2022-12-27T11:34:09.5866090Z Collecting delocate
2022-12-27T11:34:09.5923610Z   Using cached delocate-0.10.3-py3-none-any.whl (142 kB)
2022-12-27T11:34:09.6562080Z Collecting packaging>=20.9
2022-12-27T11:34:09.6605870Z   Using cached packaging-21.3-py3-none-any.whl (40 kB)
2022-12-27T11:34:09.6932510Z Collecting typing-extensions
2022-12-27T11:34:09.6976260Z   Using cached typing_extensions-4.4.0-py3-none-any.whl (26 kB)
2022-12-27T11:34:09.7722290Z Collecting pyparsing!=3.0.5,>=2.0.2
2022-12-27T11:34:09.7779520Z   Using cached pyparsing-3.0.9-py3-none-any.whl (98 kB)
2022-12-27T11:34:09.8472140Z Installing collected packages: typing-extensions, pyparsing, packaging, delocate
2022-12-27T11:34:10.0694490Z Successfully installed delocate-0.10.3 packaging-21.3 pyparsing-3.0.9 typing-extensions-4.4.0
2022-12-27T11:34:10.1685670Z ##[endgroup]
2022-12-27T11:34:10.1686610Z                                                               [32mâœ“ [0m1.58s
2022-12-27T11:34:10.1687400Z ##[group]Running before_build...
2022-12-27T11:34:10.1687960Z 
2022-12-27T11:34:10.1706090Z + pip install Cython; if [[ -f requirements.txt ]]; then pip install -r requirements.txt; fi
2022-12-27T11:34:11.3733910Z Collecting Cython
2022-12-27T11:34:11.3826920Z   Using cached Cython-0.29.32-py2.py3-none-any.whl (986 kB)
2022-12-27T11:34:11.4614980Z Installing collected packages: Cython
2022-12-27T11:34:12.2670920Z Successfully installed Cython-0.29.32
2022-12-27T11:34:12.3900960Z ##[endgroup]
2022-12-27T11:34:12.3902490Z                                                               [32mâœ“ [0m2.22s
2022-12-27T11:34:12.3903840Z ##[group]Building wheel...
2022-12-27T11:34:12.3904260Z 
2022-12-27T11:34:12.3911800Z + python -m pip wheel /Users/runner/actions-runner/_work/python.build/python.build/build_lxml23238/lxml-2.3.2 --wheel-dir=/private/var/folders/51/hd414ycd67n82196sw51xqtc0000gn/T/cibw-run-mncqhsci/cp38-macosx_arm64/built_wheel --no-deps -vvv
2022-12-27T11:34:12.8660560Z Created temporary directory: /private/var/folders/51/hd414ycd67n82196sw51xqtc0000gn/T/pip-ephem-wheel-cache-1xc0fzo2
2022-12-27T11:34:12.8665670Z Created temporary directory: /private/var/folders/51/hd414ycd67n82196sw51xqtc0000gn/T/pip-build-tracker-m6z7n81a
2022-12-27T11:34:12.8667910Z Initialized build tracking at /private/var/folders/51/hd414ycd67n82196sw51xqtc0000gn/T/pip-build-tracker-m6z7n81a
2022-12-27T11:34:12.8670490Z Created build tracker: /private/var/folders/51/hd414ycd67n82196sw51xqtc0000gn/T/pip-build-tracker-m6z7n81a
2022-12-27T11:34:12.8672890Z Entered build tracker: /private/var/folders/51/hd414ycd67n82196sw51xqtc0000gn/T/pip-build-tracker-m6z7n81a
2022-12-27T11:34:12.8680220Z Created temporary directory: /private/var/folders/51/hd414ycd67n82196sw51xqtc0000gn/T/pip-wheel-j4fw_51s
2022-12-27T11:34:12.8690060Z Created temporary directory: /private/var/folders/51/hd414ycd67n82196sw51xqtc0000gn/T/pip-ephem-wheel-cache-acikhvji
2022-12-27T11:34:12.8837700Z Processing /Users/runner/actions-runner/_work/python.build/python.build/build_lxml23238/lxml-2.3.2
2022-12-27T11:34:12.8846640Z   Added file:///Users/runner/actions-runner/_work/python.build/python.build/build_lxml23238/lxml-2.3.2 to build tracker '/private/var/folders/51/hd414ycd67n82196sw51xqtc0000gn/T/pip-build-tracker-m6z7n81a'
2022-12-27T11:34:12.8852230Z   Running setup.py (path:/Users/runner/actions-runner/_work/python.build/python.build/build_lxml23238/lxml-2.3.2/setup.py) egg_info for package from file:///Users/runner/actions-runner/_work/python.build/python.build/build_lxml23238/lxml-2.3.2
2022-12-27T11:34:12.8858240Z   Created temporary directory: /private/var/folders/51/hd414ycd67n82196sw51xqtc0000gn/T/pip-pip-egg-info-_p123t72
2022-12-27T11:34:12.8861340Z   Preparing metadata (setup.py): started
2022-12-27T11:34:12.8865140Z   Running command python setup.py egg_info
2022-12-27T11:34:13.5960300Z   Building lxml version 2.3.2.
2022-12-27T11:34:13.5962930Z   Building with Cython 0.29.32.
2022-12-27T11:34:13.5965410Z   Using build configuration of libxslt 1.1.29
2022-12-27T11:34:13.5969860Z   Building against libxml2/libxslt in the following directory: /Library/Developer/CommandLineTools/SDKs/MacOSX12.1.sdk/usr/lib
2022-12-27T11:34:13.5972130Z   running egg_info
2022-12-27T11:34:13.5974760Z   creating /private/var/folders/51/hd414ycd67n82196sw51xqtc0000gn/T/pip-pip-egg-info-_p123t72/lxml.egg-info
2022-12-27T11:34:13.5977930Z   writing /private/var/folders/51/hd414ycd67n82196sw51xqtc0000gn/T/pip-pip-egg-info-_p123t72/lxml.egg-info/PKG-INFO
2022-12-27T11:34:13.5992070Z   writing dependency_links to /private/var/folders/51/hd414ycd67n82196sw51xqtc0000gn/T/pip-pip-egg-info-_p123t72/lxml.egg-info/dependency_links.txt
2022-12-27T11:34:13.5997730Z   writing top-level names to /private/var/folders/51/hd414ycd67n82196sw51xqtc0000gn/T/pip-pip-egg-info-_p123t72/lxml.egg-info/top_level.txt
2022-12-27T11:34:13.6003080Z   writing manifest file '/private/var/folders/51/hd414ycd67n82196sw51xqtc0000gn/T/pip-pip-egg-info-_p123t72/lxml.egg-info/SOURCES.txt'
2022-12-27T11:34:13.6126150Z   reading manifest file '/private/var/folders/51/hd414ycd67n82196sw51xqtc0000gn/T/pip-pip-egg-info-_p123t72/lxml.egg-info/SOURCES.txt'
2022-12-27T11:34:13.6126840Z   reading manifest template 'MANIFEST.in'
2022-12-27T11:34:13.8232160Z   adding license file 'LICENSES.txt'
2022-12-27T11:34:13.8381610Z   writing manifest file '/private/var/folders/51/hd414ycd67n82196sw51xqtc0000gn/T/pip-pip-egg-info-_p123t72/lxml.egg-info/SOURCES.txt'
2022-12-27T11:34:13.8943420Z   Preparing metadata (setup.py): finished with status 'done'
2022-12-27T11:34:13.8984690Z   Source in /Users/runner/actions-runner/_work/python.build/python.build/build_lxml23238/lxml-2.3.2 has version 2.3.2, which satisfies requirement lxml==2.3.2 from file:///Users/runner/actions-runner/_work/python.build/python.build/build_lxml23238/lxml-2.3.2
2022-12-27T11:34:13.8989530Z   Removed lxml==2.3.2 from file:///Users/runner/actions-runner/_work/python.build/python.build/build_lxml23238/lxml-2.3.2 from build tracker '/private/var/folders/51/hd414ycd67n82196sw51xqtc0000gn/T/pip-build-tracker-m6z7n81a'
2022-12-27T11:34:13.9207570Z Created temporary directory: /private/var/folders/51/hd414ycd67n82196sw51xqtc0000gn/T/pip-unpack-xvicwrs8
2022-12-27T11:34:13.9210030Z Building wheels for collected packages: lxml
2022-12-27T11:34:13.9222810Z   Created temporary directory: /private/var/folders/51/hd414ycd67n82196sw51xqtc0000gn/T/pip-wheel-wiveskb7
2022-12-27T11:34:13.9226020Z   Building wheel for lxml (setup.py): started
2022-12-27T11:34:13.9229150Z   Destination directory: /private/var/folders/51/hd414ycd67n82196sw51xqtc0000gn/T/pip-wheel-wiveskb7
2022-12-27T11:34:13.9231770Z   Running command python setup.py bdist_wheel
2022-12-27T11:34:14.3969610Z   Building lxml version 2.3.2.
2022-12-27T11:34:14.3971190Z   Building with Cython 0.29.32.
2022-12-27T11:34:14.4244300Z   Using build configuration of libxslt 1.1.29
2022-12-27T11:34:14.6097950Z   Building against libxml2/libxslt in the following directory: /Library/Developer/CommandLineTools/SDKs/MacOSX12.1.sdk/usr/lib
2022-12-27T11:34:14.6526220Z   running bdist_wheel
2022-12-27T11:34:14.6604700Z   running build
2022-12-27T11:34:14.6605930Z   running build_py
2022-12-27T11:34:14.6636410Z   creating build
2022-12-27T11:34:14.6639680Z   creating build/lib.macosx-11.0-arm64-cpython-38
2022-12-27T11:34:14.6641760Z   creating build/lib.macosx-11.0-arm64-cpython-38/lxml
2022-12-27T11:34:14.6644480Z   copying src/lxml/_elementpath.py -> build/lib.macosx-11.0-arm64-cpython-38/lxml
2022-12-27T11:34:14.6652070Z   copying src/lxml/sax.py -> build/lib.macosx-11.0-arm64-cpython-38/lxml
2022-12-27T11:34:14.6654350Z   copying src/lxml/pyclasslookup.py -> build/lib.macosx-11.0-arm64-cpython-38/lxml
2022-12-27T11:34:14.6657420Z   copying src/lxml/__init__.py -> build/lib.macosx-11.0-arm64-cpython-38/lxml
2022-12-27T11:34:14.6665190Z   copying src/lxml/builder.py -> build/lib.macosx-11.0-arm64-cpython-38/lxml
2022-12-27T11:34:14.6669030Z   copying src/lxml/doctestcompare.py -> build/lib.macosx-11.0-arm64-cpython-38/lxml
2022-12-27T11:34:14.6671270Z   copying src/lxml/usedoctest.py -> build/lib.macosx-11.0-arm64-cpython-38/lxml
2022-12-27T11:34:14.6676150Z   copying src/lxml/cssselect.py -> build/lib.macosx-11.0-arm64-cpython-38/lxml
2022-12-27T11:34:14.6683180Z   copying src/lxml/ElementInclude.py -> build/lib.macosx-11.0-arm64-cpython-38/lxml
2022-12-27T11:34:14.6696380Z   creating build/lib.macosx-11.0-arm64-cpython-38/lxml/html
2022-12-27T11:34:14.6700150Z   copying src/lxml/html/soupparser.py -> build/lib.macosx-11.0-arm64-cpython-38/lxml/html
2022-12-27T11:34:14.6703910Z   copying src/lxml/html/defs.py -> build/lib.macosx-11.0-arm64-cpython-38/lxml/html
2022-12-27T11:34:14.6707590Z   copying src/lxml/html/_setmixin.py -> build/lib.macosx-11.0-arm64-cpython-38/lxml/html
2022-12-27T11:34:14.6717130Z   copying src/lxml/html/clean.py -> build/lib.macosx-11.0-arm64-cpython-38/lxml/html
2022-12-27T11:34:14.6720400Z   copying src/lxml/html/_diffcommand.py -> build/lib.macosx-11.0-arm64-cpython-38/lxml/html
2022-12-27T11:34:14.6723320Z   copying src/lxml/html/html5parser.py -> build/lib.macosx-11.0-arm64-cpython-38/lxml/html
2022-12-27T11:34:14.6726230Z   copying src/lxml/html/__init__.py -> build/lib.macosx-11.0-arm64-cpython-38/lxml/html
2022-12-27T11:34:14.6732840Z   copying src/lxml/html/formfill.py -> build/lib.macosx-11.0-arm64-cpython-38/lxml/html
2022-12-27T11:34:14.6736190Z   copying src/lxml/html/builder.py -> build/lib.macosx-11.0-arm64-cpython-38/lxml/html
2022-12-27T11:34:14.6741680Z   copying src/lxml/html/ElementSoup.py -> build/lib.macosx-11.0-arm64-cpython-38/lxml/html
2022-12-27T11:34:14.6749810Z   copying src/lxml/html/_html5builder.py -> build/lib.macosx-11.0-arm64-cpython-38/lxml/html
2022-12-27T11:34:14.6753260Z   copying src/lxml/html/usedoctest.py -> build/lib.macosx-11.0-arm64-cpython-38/lxml/html
2022-12-27T11:34:14.6755510Z   copying src/lxml/html/diff.py -> build/lib.macosx-11.0-arm64-cpython-38/lxml/html
2022-12-27T11:34:14.6760980Z   copying src/lxml/html/_dictmixin.py -> build/lib.macosx-11.0-arm64-cpython-38/lxml/html
2022-12-27T11:34:14.6767940Z   creating build/lib.macosx-11.0-arm64-cpython-38/lxml/isoschematron
2022-12-27T11:34:14.6769820Z   copying src/lxml/isoschematron/__init__.py -> build/lib.macosx-11.0-arm64-cpython-38/lxml/isoschematron
2022-12-27T11:34:14.6794310Z   copying src/lxml/etreepublic.pxd -> build/lib.macosx-11.0-arm64-cpython-38/lxml
2022-12-27T11:34:14.6799160Z   copying src/lxml/tree.pxd -> build/lib.macosx-11.0-arm64-cpython-38/lxml
2022-12-27T11:34:14.6805630Z   copying src/lxml/etree_defs.h -> build/lib.macosx-11.0-arm64-cpython-38/lxml
2022-12-27T11:34:14.6812990Z   creating build/lib.macosx-11.0-arm64-cpython-38/lxml/isoschematron/resources
2022-12-27T11:34:14.6816180Z   creating build/lib.macosx-11.0-arm64-cpython-38/lxml/isoschematron/resources/rng
2022-12-27T11:34:14.6948930Z   copying src/lxml/isoschematron/resources/rng/iso-schematron.rng -> build/lib.macosx-11.0-arm64-cpython-38/lxml/isoschematron/resources/rng
2022-12-27T11:34:14.6950640Z   creating build/lib.macosx-11.0-arm64-cpython-38/lxml/isoschematron/resources/xsl
2022-12-27T11:34:14.6951550Z   copying src/lxml/isoschematron/resources/xsl/XSD2Schtrn.xsl -> build/lib.macosx-11.0-arm64-cpython-38/lxml/isoschematron/resources/xsl
2022-12-27T11:34:14.6952400Z   copying src/lxml/isoschematron/resources/xsl/RNG2Schtrn.xsl -> build/lib.macosx-11.0-arm64-cpython-38/lxml/isoschematron/resources/xsl
2022-12-27T11:34:14.6953230Z   creating build/lib.macosx-11.0-arm64-cpython-38/lxml/isoschematron/resources/xsl/iso-schematron-xslt1
2022-12-27T11:34:14.6954130Z   copying src/lxml/isoschematron/resources/xsl/iso-schematron-xslt1/iso_abstract_expand.xsl -> build/lib.macosx-11.0-arm64-cpython-38/lxml/isoschematron/resources/xsl/iso-schematron-xslt1
2022-12-27T11:34:14.6955050Z   copying src/lxml/isoschematron/resources/xsl/iso-schematron-xslt1/iso_dsdl_include.xsl -> build/lib.macosx-11.0-arm64-cpython-38/lxml/isoschematron/resources/xsl/iso-schematron-xslt1
2022-12-27T11:34:14.6955960Z   copying src/lxml/isoschematron/resources/xsl/iso-schematron-xslt1/iso_schematron_skeleton_for_xslt1.xsl -> build/lib.macosx-11.0-arm64-cpython-38/lxml/isoschematron/resources/xsl/iso-schematron-xslt1
2022-12-27T11:34:14.6956860Z   copying src/lxml/isoschematron/resources/xsl/iso-schematron-xslt1/iso_svrl_for_xslt1.xsl -> build/lib.macosx-11.0-arm64-cpython-38/lxml/isoschematron/resources/xsl/iso-schematron-xslt1
2022-12-27T11:34:14.6958730Z   copying src/lxml/isoschematron/resources/xsl/iso-schematron-xslt1/iso_schematron_message.xsl -> build/lib.macosx-11.0-arm64-cpython-38/lxml/isoschematron/resources/xsl/iso-schematron-xslt1
2022-12-27T11:34:14.6959620Z   copying src/lxml/isoschematron/resources/xsl/iso-schematron-xslt1/readme.txt -> build/lib.macosx-11.0-arm64-cpython-38/lxml/isoschematron/resources/xsl/iso-schematron-xslt1
2022-12-27T11:34:14.6960000Z   running build_ext
2022-12-27T11:34:14.7668410Z   skipping 'src/lxml/lxml.etree.c' Cython extension (up-to-date)
2022-12-27T11:34:14.7670120Z   skipping 'src/lxml/lxml.objectify.c' Cython extension (up-to-date)
2022-12-27T11:34:14.7673790Z   building 'lxml.etree' extension
2022-12-27T11:34:14.7675510Z   creating build/temp.macosx-11.0-arm64-cpython-38
2022-12-27T11:34:14.7679250Z   creating build/temp.macosx-11.0-arm64-cpython-38/src
2022-12-27T11:34:14.7682370Z   creating build/temp.macosx-11.0-arm64-cpython-38/src/lxml
2022-12-27T11:34:14.7685860Z   gcc -Wno-unused-result -Wsign-compare -Wunreachable-code -fno-common -dynamic -DNDEBUG -g -fwrapv -O3 -Wall -g -I/usr/local/opt/openssl@3/include -I/usr/local/opt/openssl@3/include -arch arm64 -I/Library/Developer/CommandLineTools/SDKs/MacOSX12.1.sdk/usr/include -I/private/var/folders/51/hd414ycd67n82196sw51xqtc0000gn/T/cibw-run-mncqhsci/cp38-macosx_arm64/build/venv/include -I/Library/Frameworks/Python.framework/Versions/3.8/include/python3.8 -c src/lxml/lxml.etree.c -o build/temp.macosx-11.0-arm64-cpython-38/src/lxml/lxml.etree.o -w -flat_namespace
2022-12-27T11:34:15.8837490Z   src/lxml/lxml.etree.c:164242:24: error: no member named 'exc_type' in 'struct _ts'
2022-12-27T11:34:15.8839980Z       tmp_type = tstate->exc_type;
2022-12-27T11:34:15.8841720Z                  ~~~~~~  ^
2022-12-27T11:34:15.8844960Z   src/lxml/lxml.etree.c:164243:25: error: no member named 'exc_value' in 'struct _ts'; did you mean 'curexc_value'?
2022-12-27T11:34:15.8848590Z       tmp_value = tstate->exc_value;
2022-12-27T11:34:15.8849940Z                           ^~~~~~~~~
2022-12-27T11:34:15.8852820Z                           curexc_value
2022-12-27T11:34:15.8855700Z   /Library/Frameworks/Python.framework/Versions/3.8/include/python3.8/cpython/pystate.h:80:15: note: 'curexc_value' declared here
2022-12-27T11:34:15.8857970Z       PyObject *curexc_value;
2022-12-27T11:34:15.8860470Z                 ^
2022-12-27T11:34:15.8863740Z   src/lxml/lxml.etree.c:164244:22: error: no member named 'exc_traceback' in 'struct _ts'; did you mean 'curexc_traceback'?
2022-12-27T11:34:15.8866180Z       tmp_tb = tstate->exc_traceback;
2022-12-27T11:34:15.8868860Z                        ^~~~~~~~~~~~~
2022-12-27T11:34:15.8871320Z                        curexc_traceback
2022-12-27T11:34:15.8876070Z   /Library/Frameworks/Python.framework/Versions/3.8/include/python3.8/cpython/pystate.h:81:15: note: 'curexc_traceback' declared here
2022-12-27T11:34:15.8876920Z       PyObject *curexc_traceback;
2022-12-27T11:34:15.8879750Z                 ^
2022-12-27T11:34:15.8883770Z   src/lxml/lxml.etree.c:164245:13: error: no member named 'exc_type' in 'struct _ts'
2022-12-27T11:34:15.8885510Z       tstate->exc_type = local_type;
2022-12-27T11:34:15.8888370Z       ~~~~~~  ^
2022-12-27T11:34:15.8891100Z   src/lxml/lxml.etree.c:164246:13: error: no member named 'exc_value' in 'struct _ts'; did you mean 'curexc_value'?
2022-12-27T11:34:15.8893710Z       tstate->exc_value = local_value;
2022-12-27T11:34:15.8896120Z               ^~~~~~~~~
2022-12-27T11:34:15.8899100Z               curexc_value
2022-12-27T11:34:15.8902420Z   /Library/Frameworks/Python.framework/Versions/3.8/include/python3.8/cpython/pystate.h:80:15: note: 'curexc_value' declared here
2022-12-27T11:34:15.8904740Z       PyObject *curexc_value;
2022-12-27T11:34:15.8907380Z                 ^
2022-12-27T11:34:15.8910640Z   src/lxml/lxml.etree.c:164247:13: error: no member named 'exc_traceback' in 'struct _ts'; did you mean 'curexc_traceback'?
2022-12-27T11:34:15.8912800Z       tstate->exc_traceback = local_tb;
2022-12-27T11:34:15.8915540Z               ^~~~~~~~~~~~~
2022-12-27T11:34:15.8918220Z               curexc_traceback
2022-12-27T11:34:15.8921400Z   /Library/Frameworks/Python.framework/Versions/3.8/include/python3.8/cpython/pystate.h:81:15: note: 'curexc_traceback' declared here
2022-12-27T11:34:15.8923860Z       PyObject *curexc_traceback;
2022-12-27T11:34:15.8926460Z                 ^
2022-12-27T11:34:15.8929970Z   src/lxml/lxml.etree.c:164411:21: error: no member named 'exc_type' in 'struct _ts'
2022-12-27T11:34:15.8932560Z       *type = tstate->exc_type;
2022-12-27T11:34:15.8935100Z               ~~~~~~  ^
2022-12-27T11:34:15.8938480Z   src/lxml/lxml.etree.c:164412:22: error: no member named 'exc_value' in 'struct _ts'; did you mean 'curexc_value'?
2022-12-27T11:34:15.8940990Z       *value = tstate->exc_value;
2022-12-27T11:34:15.8943650Z                        ^~~~~~~~~
2022-12-27T11:34:15.8946370Z                        curexc_value
2022-12-27T11:34:15.8949560Z   /Library/Frameworks/Python.framework/Versions/3.8/include/python3.8/cpython/pystate.h:80:15: note: 'curexc_value' declared here
2022-12-27T11:34:15.8951860Z       PyObject *curexc_value;
2022-12-27T11:34:15.8954540Z                 ^
2022-12-27T11:34:15.8957670Z   src/lxml/lxml.etree.c:164413:19: error: no member named 'exc_traceback' in 'struct _ts'; did you mean 'curexc_traceback'?
2022-12-27T11:34:15.8960480Z       *tb = tstate->exc_traceback;
2022-12-27T11:34:15.8963070Z                     ^~~~~~~~~~~~~
2022-12-27T11:34:15.8965730Z                     curexc_traceback
2022-12-27T11:34:15.8969260Z   /Library/Frameworks/Python.framework/Versions/3.8/include/python3.8/cpython/pystate.h:81:15: note: 'curexc_traceback' declared here
2022-12-27T11:34:15.8971370Z       PyObject *curexc_traceback;
2022-12-27T11:34:15.8974030Z                 ^
2022-12-27T11:34:15.8977240Z   src/lxml/lxml.etree.c:164422:24: error: no member named 'exc_type' in 'struct _ts'
2022-12-27T11:34:15.8980060Z       tmp_type = tstate->exc_type;
2022-12-27T11:34:15.8982550Z                  ~~~~~~  ^
2022-12-27T11:34:15.8985720Z   src/lxml/lxml.etree.c:164423:25: error: no member named 'exc_value' in 'struct _ts'; did you mean 'curexc_value'?
2022-12-27T11:34:15.8988380Z       tmp_value = tstate->exc_value;
2022-12-27T11:34:15.8990860Z                           ^~~~~~~~~
2022-12-27T11:34:15.8993360Z                           curexc_value
2022-12-27T11:34:15.8996730Z   /Library/Frameworks/Python.framework/Versions/3.8/include/python3.8/cpython/pystate.h:80:15: note: 'curexc_value' declared here
2022-12-27T11:34:15.8999240Z       PyObject *curexc_value;
2022-12-27T11:34:15.9001900Z                 ^
2022-12-27T11:34:15.9004960Z   src/lxml/lxml.etree.c:164424:22: error: no member named 'exc_traceback' in 'struct _ts'; did you mean 'curexc_traceback'?
2022-12-27T11:34:15.9007630Z       tmp_tb = tstate->exc_traceback;
2022-12-27T11:34:15.9010310Z                        ^~~~~~~~~~~~~
2022-12-27T11:34:15.9012850Z                        curexc_traceback
2022-12-27T11:34:15.9015980Z   /Library/Frameworks/Python.framework/Versions/3.8/include/python3.8/cpython/pystate.h:81:15: note: 'curexc_traceback' declared here
2022-12-27T11:34:15.9018150Z       PyObject *curexc_traceback;
2022-12-27T11:34:15.9020830Z                 ^
2022-12-27T11:34:15.9023840Z   src/lxml/lxml.etree.c:164425:13: error: no member named 'exc_type' in 'struct _ts'
2022-12-27T11:34:15.9026300Z       tstate->exc_type = type;
2022-12-27T11:34:15.9029040Z       ~~~~~~  ^
2022-12-27T11:34:15.9032020Z   src/lxml/lxml.etree.c:164426:13: error: no member named 'exc_value' in 'struct _ts'; did you mean 'curexc_value'?
2022-12-27T11:34:15.9034500Z       tstate->exc_value = value;
2022-12-27T11:34:15.9037060Z               ^~~~~~~~~
2022-12-27T11:34:15.9039850Z               curexc_value
2022-12-27T11:34:15.9042900Z   /Library/Frameworks/Python.framework/Versions/3.8/include/python3.8/cpython/pystate.h:80:15: note: 'curexc_value' declared here
2022-12-27T11:34:15.9045200Z       PyObject *curexc_value;
2022-12-27T11:34:15.9047910Z                 ^
2022-12-27T11:34:15.9051060Z   src/lxml/lxml.etree.c:164427:13: error: no member named 'exc_traceback' in 'struct _ts'; did you mean 'curexc_traceback'?
2022-12-27T11:34:15.9053570Z       tstate->exc_traceback = tb;
2022-12-27T11:34:15.9055960Z               ^~~~~~~~~~~~~
2022-12-27T11:34:15.9058620Z               curexc_traceback
2022-12-27T11:34:15.9061820Z   /Library/Frameworks/Python.framework/Versions/3.8/include/python3.8/cpython/pystate.h:81:15: note: 'curexc_traceback' declared here
2022-12-27T11:34:15.9064170Z       PyObject *curexc_traceback;
2022-12-27T11:34:15.9066830Z                 ^
2022-12-27T11:34:15.9069670Z   15 errors generated.
2022-12-27T11:34:15.9122100Z   error: command '/usr/bin/gcc' failed with exit code 1
2022-12-27T11:34:15.9879680Z   error: subprocess-exited-with-error
2022-12-27T11:34:15.9880670Z   
2022-12-27T11:34:15.9881660Z   Ã— python setup.py bdist_wheel did not run successfully.
2022-12-27T11:34:15.9882570Z   â”‚ exit code: 1
2022-12-27T11:34:15.9883280Z   â•°â”€> See above for output.
2022-12-27T11:34:15.9883760Z   
2022-12-27T11:34:15.9884500Z   note: This error originates from a subprocess, and is likely not a problem with pip.
2022-12-27T11:34:15.9898710Z   full command: /private/var/folders/51/hd414ycd67n82196sw51xqtc0000gn/T/cibw-run-mncqhsci/cp38-macosx_arm64/build/venv/bin/python -u -c '
2022-12-27T11:34:15.9900260Z   exec(compile('"'"''"'"''"'"'
2022-12-27T11:34:15.9901170Z   # This is <pip-setuptools-caller> -- a caller that pip uses to run setup.py
2022-12-27T11:34:15.9901940Z   #
2022-12-27T11:34:15.9902930Z   # - It imports setuptools before invoking setup.py, to enable projects that directly
2022-12-27T11:34:15.9904640Z   #   import from `distutils.core` to work with newer packaging standards.
2022-12-27T11:34:15.9905860Z   # - It provides a clear error message when setuptools is not installed.
2022-12-27T11:34:15.9906550Z   # - It sets `sys.argv[0]` to the underlying `setup.py`, when invoking `setup.py` so
2022-12-27T11:34:15.9907050Z   #   setuptools doesn'"'"'t think the script is `-c`. This avoids the following warning:
2022-12-27T11:34:15.9907850Z   #     manifest_maker: standard file '"'"'-c'"'"' not found".
2022-12-27T11:34:15.9908590Z   # - It generates a shim setup.py, for handling setup.cfg-only projects.
2022-12-27T11:34:15.9909130Z   import os, sys, tokenize
2022-12-27T11:34:15.9909450Z   
2022-12-27T11:34:15.9909790Z   try:
2022-12-27T11:34:15.9911210Z       import setuptools
2022-12-27T11:34:15.9911610Z   except ImportError as error:
2022-12-27T11:34:15.9912070Z       print(
2022-12-27T11:34:15.9912550Z           "ERROR: Can not execute `setup.py` since setuptools is not available in "
2022-12-27T11:34:15.9912900Z           "the build environment.",
2022-12-27T11:34:15.9913230Z           file=sys.stderr,
2022-12-27T11:34:15.9914250Z       )
2022-12-27T11:34:15.9914530Z       sys.exit(1)
2022-12-27T11:34:15.9914770Z   
2022-12-27T11:34:15.9915060Z   __file__ = %r
2022-12-27T11:34:15.9915320Z   sys.argv[0] = __file__
2022-12-27T11:34:15.9915550Z   
2022-12-27T11:34:15.9915800Z   if os.path.exists(__file__):
2022-12-27T11:34:15.9916060Z       filename = __file__
2022-12-27T11:34:15.9916270Z       with tokenize.open(__file__) as f:
2022-12-27T11:34:15.9916640Z           setup_py_code = f.read()
2022-12-27T11:34:15.9917080Z   else:
2022-12-27T11:34:15.9917530Z       filename = "<auto-generated setuptools caller>"
2022-12-27T11:34:15.9917940Z       setup_py_code = "from setuptools import setup; setup()"
2022-12-27T11:34:15.9918380Z   
2022-12-27T11:34:15.9918670Z   exec(compile(setup_py_code, filename, "exec"))
2022-12-27T11:34:15.9919490Z   '"'"''"'"''"'"' % ('"'"'/Users/runner/actions-runner/_work/python.build/python.build/build_lxml23238/lxml-2.3.2/setup.py'"'"',), "<pip-setuptools-caller>", "exec"))' bdist_wheel -d /private/var/folders/51/hd414ycd67n82196sw51xqtc0000gn/T/pip-wheel-wiveskb7
2022-12-27T11:34:15.9920640Z   cwd: /Users/runner/actions-runner/_work/python.build/python.build/build_lxml23238/lxml-2.3.2/
2022-12-27T11:34:15.9921210Z   Building wheel for lxml (setup.py): finished with status 'error'
2022-12-27T11:34:15.9921490Z   ERROR: Failed building wheel for lxml
2022-12-27T11:34:15.9921870Z   Running command python setup.py clean
2022-12-27T11:34:15.9922240Z   Running setup.py clean for lxml
2022-12-27T11:34:16.4540610Z   Building lxml version 2.3.2.
2022-12-27T11:34:16.4544100Z   Building with Cython 0.29.32.
2022-12-27T11:34:16.4791460Z   Using build configuration of libxslt 1.1.29
2022-12-27T11:34:16.6610890Z   Building against libxml2/libxslt in the following directory: /Library/Developer/CommandLineTools/SDKs/MacOSX12.1.sdk/usr/lib
2022-12-27T11:34:16.6841630Z   running clean
2022-12-27T11:34:16.6890240Z   removing 'build/temp.macosx-11.0-arm64-cpython-38' (and everything under it)
2022-12-27T11:34:16.6892280Z   removing 'build/lib.macosx-11.0-arm64-cpython-38' (and everything under it)
2022-12-27T11:34:16.6958770Z   'build/bdist.macosx-11.0-arm64' does not exist -- can't clean it
2022-12-27T11:34:16.6959450Z   'build/scripts-3.8' does not exist -- can't clean it
2022-12-27T11:34:16.6960500Z   removing 'build'
2022-12-27T11:34:16.7410450Z Failed to build lxml
2022-12-27T11:34:16.7417680Z ERROR: Failed to build one or more wheels
2022-12-27T11:34:16.7434470Z Exception information:
2022-12-27T11:34:16.7434870Z Traceback (most recent call last):
2022-12-27T11:34:16.7446430Z   File "/private/var/folders/51/hd414ycd67n82196sw51xqtc0000gn/T/cibw-run-mncqhsci/cp38-macosx_arm64/build/venv/lib/python3.8/site-packages/pip/_internal/cli/base_command.py", line 160, in exc_logging_wrapper
2022-12-27T11:34:16.7447020Z     status = run_func(*args)
2022-12-27T11:34:16.7448510Z   File "/private/var/folders/51/hd414ycd67n82196sw51xqtc0000gn/T/cibw-run-mncqhsci/cp38-macosx_arm64/build/venv/lib/python3.8/site-packages/pip/_internal/cli/req_command.py", line 247, in wrapper
2022-12-27T11:34:16.7449090Z     return func(self, options, args)
2022-12-27T11:34:16.7449830Z   File "/private/var/folders/51/hd414ycd67n82196sw51xqtc0000gn/T/cibw-run-mncqhsci/cp38-macosx_arm64/build/venv/lib/python3.8/site-packages/pip/_internal/commands/wheel.py", line 201, in run
2022-12-27T11:34:16.7450380Z     raise CommandError("Failed to build one or more wheels")
2022-12-27T11:34:16.7450830Z pip._internal.exceptions.CommandError: Failed to build one or more wheels
2022-12-27T11:34:16.7451470Z Removed build tracker: '/private/var/folders/51/hd414ycd67n82196sw51xqtc0000gn/T/pip-build-tracker-m6z7n81a'
2022-12-27T11:34:16.8207770Z ##[endgroup]
2022-12-27T11:34:16.8209640Z                                                               [31mâœ• [0m4.43s
2022-12-27T11:34:16.8827460Z ##[error]Command ['python', '-m', 'pip', 'wheel', '/Users/runner/actions-runner/_work/python.build/python.build/build_lxml23238/lxml-2.3.2', '--wheel-dir=/private/var/folders/51/hd414ycd67n82196sw51xqtc0000gn/T/cibw-run-mncqhsci/cp38-macosx_arm64/built_wheel', '--no-deps', '-vvv'] failed with code 1. None
2022-12-27T11:34:16.8837600Z 
2022-12-27T11:34:16.9065770Z ##[error]Process completed with exit code 1.
2022-12-27T11:34:16.9117430Z ##[group]Run rm -rf build_lxml23238 wheelsout
2022-12-27T11:34:16.9117750Z [36;1mrm -rf build_lxml23238 wheelsout[0m
2022-12-27T11:34:16.9144310Z shell: /bin/bash -e {0}
2022-12-27T11:34:16.9144480Z env:
2022-12-27T11:34:16.9144700Z   pythonLocation: /Users/runner/hostedtoolcache/Python/3.8.15/x64
2022-12-27T11:34:16.9145000Z   PKG_CONFIG_PATH: /Users/runner/hostedtoolcache/Python/3.8.15/x64/lib/pkgconfig
2022-12-27T11:34:16.9145280Z   Python_ROOT_DIR: /Users/runner/hostedtoolcache/Python/3.8.15/x64
2022-12-27T11:34:16.9145560Z   Python2_ROOT_DIR: /Users/runner/hostedtoolcache/Python/3.8.15/x64
2022-12-27T11:34:16.9145840Z   Python3_ROOT_DIR: /Users/runner/hostedtoolcache/Python/3.8.15/x64
2022-12-27T11:34:16.9146060Z ##[endgroup]
2022-12-27T11:34:17.0173550Z Cleaning up orphan processes
