2022-12-27T08:49:21.7883015Z Requested labels: self-hosted, macOS, X64
2022-12-27T08:49:21.7883132Z Job defined at: kilnbuild/python.build/.github/workflows/mac_arm_build.yml@refs/heads/main
2022-12-27T08:49:21.7883165Z Waiting for a runner to pick up this job...
2022-12-27T11:16:11.9916372Z Job is about to start running on the runner: k1 (organization)
2022-12-27T11:16:15.1142060Z Current runner version: '2.300.2'
2022-12-27T11:16:15.1146720Z Runner name: 'k1'
2022-12-27T11:16:15.1146950Z Runner group name: 'Default'
2022-12-27T11:16:15.1147370Z Machine name: 'k1'
2022-12-27T11:16:15.1148790Z ##[group]GITHUB_TOKEN Permissions
2022-12-27T11:16:15.1149190Z Actions: write
2022-12-27T11:16:15.1149320Z Checks: write
2022-12-27T11:16:15.1149450Z Contents: write
2022-12-27T11:16:15.1149590Z Deployments: write
2022-12-27T11:16:15.1149720Z Discussions: write
2022-12-27T11:16:15.1149840Z Issues: write
2022-12-27T11:16:15.1149970Z Metadata: read
2022-12-27T11:16:15.1150090Z Packages: write
2022-12-27T11:16:15.1150220Z Pages: write
2022-12-27T11:16:15.1150350Z PullRequests: write
2022-12-27T11:16:15.1150500Z RepositoryProjects: write
2022-12-27T11:16:15.1150650Z SecurityEvents: write
2022-12-27T11:16:15.1150790Z Statuses: write
2022-12-27T11:16:15.1150910Z ##[endgroup]
2022-12-27T11:16:15.1153250Z Secret source: Actions
2022-12-27T11:16:15.1153560Z Prepare workflow directory
2022-12-27T11:16:15.1790600Z Prepare all required actions
2022-12-27T11:16:15.1906700Z Getting action download info
2022-12-27T11:16:15.6482990Z Download action repository 'actions/setup-python@v4' (SHA:5ccb29d8773c3f3f653e1705f474dfaa8a06a912)
2022-12-27T11:16:17.4245260Z Download action repository 'actions/upload-artifact@v3' (SHA:83fd05a356d7e2593de66fc9913b3002723633cb)
2022-12-27T11:16:18.7579160Z ##[group]Run echo '{
2022-12-27T11:16:18.7579480Z [36;1mecho '{[0m
2022-12-27T11:16:18.7579660Z [36;1m  "package_name": "lxml",[0m
2022-12-27T11:16:18.7579920Z [36;1m  "package_url": "https://files.pythonhosted.org/packages/0f/bd/bb1464d1f363dbd805862c8a1ea258b9a4f4d2049c376d1c4790b6545691/lxml-4.3.1.tar.gz",[0m
2022-12-27T11:16:18.7580200Z [36;1m  "package_version": "4.3.1",[0m
2022-12-27T11:16:18.7580370Z [36;1m  "python_version": "3.11",[0m
2022-12-27T11:16:18.7580540Z [36;1m  "use_ccache": "true"[0m
2022-12-27T11:16:18.7580670Z [36;1m}'[0m
2022-12-27T11:16:18.7596810Z shell: /bin/bash -e {0}
2022-12-27T11:16:18.7597050Z ##[endgroup]
2022-12-27T11:16:18.7816210Z {
2022-12-27T11:16:18.7817630Z   "package_name": "lxml",
2022-12-27T11:16:18.7818290Z   "package_url": "https://files.pythonhosted.org/packages/0f/bd/bb1464d1f363dbd805862c8a1ea258b9a4f4d2049c376d1c4790b6545691/lxml-4.3.1.tar.gz",
2022-12-27T11:16:18.7818640Z   "package_version": "4.3.1",
2022-12-27T11:16:18.7818880Z   "python_version": "3.11",
2022-12-27T11:16:18.7819040Z   "use_ccache": "true"
2022-12-27T11:16:18.7819200Z }
2022-12-27T11:16:18.8032080Z ##[group]Run actions/setup-python@v4
2022-12-27T11:16:18.8032340Z with:
2022-12-27T11:16:18.8032530Z   python-version: 3.11
2022-12-27T11:16:18.8032680Z   check-latest: false
2022-12-27T11:16:18.8032990Z   token: ***
2022-12-27T11:16:18.8033230Z   update-environment: true
2022-12-27T11:16:18.8033420Z ##[endgroup]
2022-12-27T11:16:18.9272890Z ##[group]Installed versions
2022-12-27T11:16:18.9308730Z Successfully set up CPython (3.11.1)
2022-12-27T11:16:18.9309610Z ##[endgroup]
2022-12-27T11:16:18.9453140Z ##[group]Run if [ "true" == "true" ]
2022-12-27T11:16:18.9453570Z [36;1mif [ "true" == "true" ][0m
2022-12-27T11:16:18.9453790Z [36;1mthen[0m
2022-12-27T11:16:18.9454020Z [36;1m  echo "CCACHE_PATH_PREPEND=/usr/local/opt/ccache/libexec" >> $GITHUB_OUTPUT[0m
2022-12-27T11:16:18.9454340Z [36;1melse[0m
2022-12-27T11:16:18.9454530Z [36;1m  echo "CCACHE_PATH_PREPEND=" >> $GITHUB_OUTPUT[0m
2022-12-27T11:16:18.9454920Z [36;1mfi[0m
2022-12-27T11:16:18.9473390Z shell: /bin/bash -e {0}
2022-12-27T11:16:18.9473600Z env:
2022-12-27T11:16:18.9473820Z   pythonLocation: /Users/runner/hostedtoolcache/Python/3.11.1/x64
2022-12-27T11:16:18.9474200Z   PKG_CONFIG_PATH: /Users/runner/hostedtoolcache/Python/3.11.1/x64/lib/pkgconfig
2022-12-27T11:16:18.9474460Z   Python_ROOT_DIR: /Users/runner/hostedtoolcache/Python/3.11.1/x64
2022-12-27T11:16:18.9474790Z   Python2_ROOT_DIR: /Users/runner/hostedtoolcache/Python/3.11.1/x64
2022-12-27T11:16:18.9475060Z   Python3_ROOT_DIR: /Users/runner/hostedtoolcache/Python/3.11.1/x64
2022-12-27T11:16:18.9475660Z ##[endgroup]
2022-12-27T11:16:18.9584490Z ##[group]Run echo "BUILD_NAME=$(echo lxml_4.3.1_3.11 | tr -dc '[:alnum:]\n\r' | tr '[:upper:]' '[:lower:]')" >> $GITHUB_OUTPUT
2022-12-27T11:16:18.9584980Z [36;1mecho "BUILD_NAME=$(echo lxml_4.3.1_3.11 | tr -dc '[:alnum:]\n\r' | tr '[:upper:]' '[:lower:]')" >> $GITHUB_OUTPUT[0m
2022-12-27T11:16:18.9599560Z shell: /bin/bash -e {0}
2022-12-27T11:16:18.9599760Z env:
2022-12-27T11:16:18.9642760Z   pythonLocation: /Users/runner/hostedtoolcache/Python/3.11.1/x64
2022-12-27T11:16:18.9642980Z   PKG_CONFIG_PATH: /Users/runner/hostedtoolcache/Python/3.11.1/x64/lib/pkgconfig
2022-12-27T11:16:18.9643180Z   Python_ROOT_DIR: /Users/runner/hostedtoolcache/Python/3.11.1/x64
2022-12-27T11:16:18.9643360Z   Python2_ROOT_DIR: /Users/runner/hostedtoolcache/Python/3.11.1/x64
2022-12-27T11:16:18.9643540Z   Python3_ROOT_DIR: /Users/runner/hostedtoolcache/Python/3.11.1/x64
2022-12-27T11:16:18.9643710Z ##[endgroup]
2022-12-27T11:16:18.9758680Z ##[group]Run echo "PYTHON_NO_DOTS=$(echo 3.11 | tr -dc '[:alnum:]\n\r' | tr '[:upper:]' '[:lower:]')" >> $GITHUB_OUTPUT
2022-12-27T11:16:18.9759110Z [36;1mecho "PYTHON_NO_DOTS=$(echo 3.11 | tr -dc '[:alnum:]\n\r' | tr '[:upper:]' '[:lower:]')" >> $GITHUB_OUTPUT[0m
2022-12-27T11:16:18.9775010Z shell: /bin/bash -e {0}
2022-12-27T11:16:18.9775250Z env:
2022-12-27T11:16:18.9775460Z   pythonLocation: /Users/runner/hostedtoolcache/Python/3.11.1/x64
2022-12-27T11:16:18.9775680Z   PKG_CONFIG_PATH: /Users/runner/hostedtoolcache/Python/3.11.1/x64/lib/pkgconfig
2022-12-27T11:16:18.9775920Z   Python_ROOT_DIR: /Users/runner/hostedtoolcache/Python/3.11.1/x64
2022-12-27T11:16:18.9776210Z   Python2_ROOT_DIR: /Users/runner/hostedtoolcache/Python/3.11.1/x64
2022-12-27T11:16:18.9776420Z   Python3_ROOT_DIR: /Users/runner/hostedtoolcache/Python/3.11.1/x64
2022-12-27T11:16:18.9776610Z ##[endgroup]
2022-12-27T11:16:18.9906300Z ##[group]Run rm -rf build_lxml431311
2022-12-27T11:16:18.9906710Z [36;1mrm -rf build_lxml431311[0m
2022-12-27T11:16:18.9906910Z [36;1mmkdir build_lxml431311[0m
2022-12-27T11:16:18.9907140Z [36;1mcd build_lxml431311[0m
2022-12-27T11:16:18.9907470Z [36;1m/usr/local/bin/wget --quiet https://files.pythonhosted.org/packages/0f/bd/bb1464d1f363dbd805862c8a1ea258b9a4f4d2049c376d1c4790b6545691/lxml-4.3.1.tar.gz[0m
2022-12-27T11:16:18.9907750Z [36;1mtar xf *.tar.gz[0m
2022-12-27T11:16:18.9907890Z [36;1mcd *[0m
2022-12-27T11:16:18.9908130Z [36;1mpython -m pip install cibuildwheel==2.11.3[0m
2022-12-27T11:16:18.9908360Z [36;1mpython -m cibuildwheel --output-dir ../wheelsout[0m
2022-12-27T11:16:18.9923120Z shell: /bin/bash -e {0}
2022-12-27T11:16:18.9923370Z env:
2022-12-27T11:16:18.9923580Z   pythonLocation: /Users/runner/hostedtoolcache/Python/3.11.1/x64
2022-12-27T11:16:18.9923870Z   PKG_CONFIG_PATH: /Users/runner/hostedtoolcache/Python/3.11.1/x64/lib/pkgconfig
2022-12-27T11:16:18.9924160Z   Python_ROOT_DIR: /Users/runner/hostedtoolcache/Python/3.11.1/x64
2022-12-27T11:16:18.9924420Z   Python2_ROOT_DIR: /Users/runner/hostedtoolcache/Python/3.11.1/x64
2022-12-27T11:16:18.9924650Z   Python3_ROOT_DIR: /Users/runner/hostedtoolcache/Python/3.11.1/x64
2022-12-27T11:16:18.9924860Z   CIBW_ARCHS_MACOS: arm64
2022-12-27T11:16:18.9925000Z   CIBW_TEST_SKIP: *_arm64
2022-12-27T11:16:18.9925180Z   CIBW_BUILD: cp311-macosx_arm64
2022-12-27T11:16:18.9925410Z   CIBW_BUILD_FRONTEND: pip
2022-12-27T11:16:18.9925570Z   CIBW_BUILD_VERBOSITY: 3
2022-12-27T11:16:18.9925890Z   CIBW_ENVIRONMENT_MACOS:  CFLAGS="-I/usr/local/opt/openssl@3/include" LDFLAGS="-L/usr/local/opt/openssl@3/lib" CPPFLAGS="-I/usr/local/opt/openssl@3/include" MAKEFLAGS="-j$(sysctl -n hw.logicalcpu)" PATH=/usr/local/opt/ccache/libexec:$PATH
2022-12-27T11:16:18.9926250Z   CIBW_BEFORE_BUILD: pip install Cython; if [[ -f requirements.txt ]]; then pip install -r requirements.txt; fi
2022-12-27T11:16:18.9926540Z   MAKEFLAGS: -j$(sysctl -n hw.logicalcpu)
2022-12-27T11:16:18.9926730Z ##[endgroup]
2022-12-27T11:16:19.5181290Z Requirement already satisfied: cibuildwheel==2.11.3 in /Library/Frameworks/Python.framework/Versions/3.11/lib/python3.11/site-packages (2.11.3)
2022-12-27T11:16:19.5482740Z Requirement already satisfied: bashlex!=0.13 in /Library/Frameworks/Python.framework/Versions/3.11/lib/python3.11/site-packages (from cibuildwheel==2.11.3) (0.16)
2022-12-27T11:16:19.5488630Z Requirement already satisfied: bracex in /Library/Frameworks/Python.framework/Versions/3.11/lib/python3.11/site-packages (from cibuildwheel==2.11.3) (2.3.post1)
2022-12-27T11:16:19.5495350Z Requirement already satisfied: certifi in /Library/Frameworks/Python.framework/Versions/3.11/lib/python3.11/site-packages (from cibuildwheel==2.11.3) (2022.12.7)
2022-12-27T11:16:19.5501740Z Requirement already satisfied: filelock in /Library/Frameworks/Python.framework/Versions/3.11/lib/python3.11/site-packages (from cibuildwheel==2.11.3) (3.8.2)
2022-12-27T11:16:19.5511140Z Requirement already satisfied: packaging>=20.9 in /Library/Frameworks/Python.framework/Versions/3.11/lib/python3.11/site-packages (from cibuildwheel==2.11.3) (22.0)
2022-12-27T11:16:19.5518730Z Requirement already satisfied: platformdirs in /Library/Frameworks/Python.framework/Versions/3.11/lib/python3.11/site-packages (from cibuildwheel==2.11.3) (2.6.0)
2022-12-27T11:16:19.7797690Z 
2022-12-27T11:16:19.7798270Z      _ _       _ _   _       _           _
2022-12-27T11:16:19.7798630Z  ___|_| |_ _ _|_| |_| |_ _ _| |_ ___ ___| |
2022-12-27T11:16:19.7799310Z |  _| | . | | | | | . | | | |   | -_| -_| |
2022-12-27T11:16:19.7799740Z |___|_|___|___|_|_|___|_____|_|_|___|___|_|
2022-12-27T11:16:19.7799900Z 
2022-12-27T11:16:19.7799990Z cibuildwheel version 2.11.3
2022-12-27T11:16:19.7800160Z 
2022-12-27T11:16:19.7800260Z Build options:
2022-12-27T11:16:19.7800520Z   platform: macos
2022-12-27T11:16:19.7901920Z   architectures: arm64[0m
2022-12-27T11:16:19.7902510Z   build_selector: 
2022-12-27T11:16:19.7903860Z     build_config: cp311-macosx_arm64
2022-12-27T11:16:19.7904230Z     skip_config: 
2022-12-27T11:16:19.7904470Z     requires_python: None
2022-12-27T11:16:19.7904930Z     prerelease_pythons: False[0m
2022-12-27T11:16:19.7905390Z   [38;5;244mcontainer_engine: docker[0m
2022-12-27T11:16:19.7905870Z   output_dir: /Users/runner/actions-runner/_work/python.build/python.build/build_lxml431311/wheelsout[0m
2022-12-27T11:16:19.7906460Z   package_dir: /Users/runner/actions-runner/_work/python.build/python.build/build_lxml431311/lxml-4.3.1[0m
2022-12-27T11:16:19.7906820Z   test_selector: 
2022-12-27T11:16:19.7907170Z     skip_config: *_arm64[0m
2022-12-27T11:16:19.7907500Z   [38;5;244mbefore_all: [0m
2022-12-27T11:16:19.7908020Z   before_build: pip install Cython; if [[ -f requirements.txt ]]; then pip install -r requirements.txt; fi[0m
2022-12-27T11:16:19.7908450Z   [38;5;244mbefore_test: [0m
2022-12-27T11:16:19.7908750Z   [38;5;244mbuild_frontend: pip[0m
2022-12-27T11:16:19.7909130Z   build_verbosity: 3[0m
2022-12-27T11:16:19.7909470Z   [38;5;244mconfig_settings: [0m
2022-12-27T11:16:19.7909810Z   [38;5;244mdependency_constraints: pinned[0m
2022-12-27T11:16:19.7910090Z   environment: 
2022-12-27T11:16:19.7910500Z     CFLAGS="-I/usr/local/opt/openssl@3/include"
2022-12-27T11:16:19.7910870Z     LDFLAGS="-L/usr/local/opt/openssl@3/lib"
2022-12-27T11:16:19.7911270Z     CPPFLAGS="-I/usr/local/opt/openssl@3/include"
2022-12-27T11:16:19.7911670Z     MAKEFLAGS="-j$(sysctl -n hw.logicalcpu)"
2022-12-27T11:16:19.7912030Z     PATH=/usr/local/opt/ccache/libexec:$PATH[0m
2022-12-27T11:16:19.7912350Z   [38;5;244mmanylinux_images: None[0m
2022-12-27T11:16:19.7912590Z   [38;5;244mmusllinux_images: None[0m
2022-12-27T11:16:19.7912930Z   [38;5;244mrepair_command: delocate-wheel --require-archs {delocate_archs} -w {dest_dir} -v {wheel}[0m
2022-12-27T11:16:19.7913180Z   [38;5;244mtest_command: [0m
2022-12-27T11:16:19.7913410Z   [38;5;244mtest_extras: [0m
2022-12-27T11:16:19.7913680Z   [38;5;244mtest_requires: [0m
2022-12-27T11:16:19.7913800Z 
2022-12-27T11:16:19.7913880Z Cache folder: /Users/runner/Library/Caches/cibuildwheel
2022-12-27T11:16:19.7915150Z 
2022-12-27T11:16:19.7915630Z Here we go!
2022-12-27T11:16:19.7915790Z 
2022-12-27T11:16:19.7956590Z 
2022-12-27T11:16:19.7957050Z [1m[34mBuilding cp311-macosx_arm64 wheel[0m
2022-12-27T11:16:19.7957680Z CPython 3.11 macOS arm64 - Apple Silicon
2022-12-27T11:16:19.7957890Z 
2022-12-27T11:16:19.7959720Z ##[group]Installing Python cp311...
2022-12-27T11:16:19.7959960Z 
2022-12-27T11:16:19.7960210Z + pkgutil --pkgs
2022-12-27T11:16:19.8059830Z ##[endgroup]
2022-12-27T11:16:19.8060780Z                                                               [32mâœ“ [0m0.01s
2022-12-27T11:16:19.8061330Z ##[group]Setting up build environment...
2022-12-27T11:16:19.8061500Z 
2022-12-27T11:16:19.8078510Z + /Library/Frameworks/Python.framework/Versions/3.11/bin/python -sS /Users/runner/Library/Caches/cibuildwheel/virtualenv-20.17.0.pyz --activators= --no-periodic-update --pip=22.3.1 --setuptools=65.6.3 --wheel=0.38.4 --symlink-app-data --python /Library/Frameworks/Python.framework/Versions/3.11/bin/python3 /private/var/folders/51/hd414ycd67n82196sw51xqtc0000gn/T/cibw-run-jvb6gt29/cp311-macosx_arm64/build/venv
2022-12-27T11:16:19.9940870Z created virtual environment CPython3.11.1.final.0-64 in 48ms
2022-12-27T11:16:19.9941700Z   creator CPython3Posix(dest=/private/var/folders/51/hd414ycd67n82196sw51xqtc0000gn/T/cibw-run-jvb6gt29/cp311-macosx_arm64/build/venv, clear=False, no_vcs_ignore=False, global=False)
2022-12-27T11:16:19.9942280Z   seeder FromAppData(download=False, pip=22.3.1, setuptools=65.6.3, wheel=0.38.4, via=symlink, app_data_dir=/Users/runner/Library/Application Support/virtualenv)
2022-12-27T11:16:19.9942700Z     added seed packages: pip==22.3.1, setuptools==65.6.3, wheel==0.38.4
2022-12-27T11:16:20.0078140Z + python -m pip install --upgrade pip -c /Library/Frameworks/Python.framework/Versions/3.11/lib/python3.11/site-packages/cibuildwheel/resources/constraints-python311.txt
2022-12-27T11:16:20.2855300Z Requirement already satisfied: pip in ./lib/python3.11/site-packages (22.3.1)
2022-12-27T11:16:20.4193790Z + which pip
2022-12-27T11:16:20.4213200Z /private/var/folders/51/hd414ycd67n82196sw51xqtc0000gn/T/cibw-run-jvb6gt29/cp311-macosx_arm64/build/venv/bin/pip
2022-12-27T11:16:20.4216370Z + pip --version
2022-12-27T11:16:20.6149860Z pip 22.3.1 from /private/var/folders/51/hd414ycd67n82196sw51xqtc0000gn/T/cibw-run-jvb6gt29/cp311-macosx_arm64/build/venv/lib/python3.11/site-packages/pip (python 3.11)
2022-12-27T11:16:20.6383560Z + which pip
2022-12-27T11:16:20.6410430Z + which python
2022-12-27T11:16:20.6428650Z /private/var/folders/51/hd414ycd67n82196sw51xqtc0000gn/T/cibw-run-jvb6gt29/cp311-macosx_arm64/build/venv/bin/python
2022-12-27T11:16:20.6430840Z + python --version
2022-12-27T11:16:20.6486120Z Python 3.11.1
2022-12-27T11:16:20.6489660Z + which python
2022-12-27T11:16:20.6541400Z ##[endgroup]
2022-12-27T11:16:20.6541840Z                                                               [32mâœ“ [0m0.85s
2022-12-27T11:16:20.6542300Z ##[group]Installing build tools...
2022-12-27T11:16:20.6542420Z 
2022-12-27T11:16:20.6542820Z + pip install --upgrade setuptools wheel delocate -c /Library/Frameworks/Python.framework/Versions/3.11/lib/python3.11/site-packages/cibuildwheel/resources/constraints-python311.txt
2022-12-27T11:16:20.9244990Z Requirement already satisfied: setuptools in /private/var/folders/51/hd414ycd67n82196sw51xqtc0000gn/T/cibw-run-jvb6gt29/cp311-macosx_arm64/build/venv/lib/python3.11/site-packages (65.6.3)
2022-12-27T11:16:21.0956350Z Requirement already satisfied: wheel in /private/var/folders/51/hd414ycd67n82196sw51xqtc0000gn/T/cibw-run-jvb6gt29/cp311-macosx_arm64/build/venv/lib/python3.11/site-packages (0.38.4)
2022-12-27T11:16:21.1346410Z Collecting delocate
2022-12-27T11:16:21.1368500Z   Using cached delocate-0.10.3-py3-none-any.whl (142 kB)
2022-12-27T11:16:21.1627190Z Collecting packaging>=20.9
2022-12-27T11:16:21.1646350Z   Using cached packaging-21.3-py3-none-any.whl (40 kB)
2022-12-27T11:16:21.1797470Z Collecting typing-extensions
2022-12-27T11:16:21.1815200Z   Using cached typing_extensions-4.4.0-py3-none-any.whl (26 kB)
2022-12-27T11:16:21.2134070Z Collecting pyparsing!=3.0.5,>=2.0.2
2022-12-27T11:16:21.2150890Z   Using cached pyparsing-3.0.9-py3-none-any.whl (98 kB)
2022-12-27T11:16:21.2715550Z Installing collected packages: typing-extensions, pyparsing, packaging, delocate
2022-12-27T11:16:21.4048890Z Successfully installed delocate-0.10.3 packaging-21.3 pyparsing-3.0.9 typing-extensions-4.4.0
2022-12-27T11:16:21.4521410Z ##[endgroup]
2022-12-27T11:16:21.4522120Z                                                               [32mâœ“ [0m0.80s
2022-12-27T11:16:21.4522560Z ##[group]Running before_build...
2022-12-27T11:16:21.4522700Z 
2022-12-27T11:16:21.4526350Z + pip install Cython; if [[ -f requirements.txt ]]; then pip install -r requirements.txt; fi
2022-12-27T11:16:22.0153560Z Collecting Cython
2022-12-27T11:16:22.0197280Z   Using cached Cython-0.29.32-py2.py3-none-any.whl (986 kB)
2022-12-27T11:16:22.0658990Z Installing collected packages: Cython
2022-12-27T11:16:22.4609390Z Successfully installed Cython-0.29.32
2022-12-27T11:16:22.7742120Z Requirement already satisfied: Cython>=0.29.1 in /private/var/folders/51/hd414ycd67n82196sw51xqtc0000gn/T/cibw-run-jvb6gt29/cp311-macosx_arm64/build/venv/lib/python3.11/site-packages (from -r requirements.txt (line 1)) (0.29.32)
2022-12-27T11:16:22.8526530Z ##[endgroup]
2022-12-27T11:16:22.8527420Z                                                               [32mâœ“ [0m1.40s
2022-12-27T11:16:22.8527960Z ##[group]Building wheel...
2022-12-27T11:16:22.8528120Z 
2022-12-27T11:16:22.8531460Z + python -m pip wheel /Users/runner/actions-runner/_work/python.build/python.build/build_lxml431311/lxml-4.3.1 --wheel-dir=/private/var/folders/51/hd414ycd67n82196sw51xqtc0000gn/T/cibw-run-jvb6gt29/cp311-macosx_arm64/built_wheel --no-deps -vvv
2022-12-27T11:16:23.0921500Z Created temporary directory: /private/var/folders/51/hd414ycd67n82196sw51xqtc0000gn/T/pip-ephem-wheel-cache-jjk9c5c4
2022-12-27T11:16:23.0925540Z Created temporary directory: /private/var/folders/51/hd414ycd67n82196sw51xqtc0000gn/T/pip-build-tracker-l_ba1bk4
2022-12-27T11:16:23.0927320Z Initialized build tracking at /private/var/folders/51/hd414ycd67n82196sw51xqtc0000gn/T/pip-build-tracker-l_ba1bk4
2022-12-27T11:16:23.0928090Z Created build tracker: /private/var/folders/51/hd414ycd67n82196sw51xqtc0000gn/T/pip-build-tracker-l_ba1bk4
2022-12-27T11:16:23.0929620Z Entered build tracker: /private/var/folders/51/hd414ycd67n82196sw51xqtc0000gn/T/pip-build-tracker-l_ba1bk4
2022-12-27T11:16:23.0932250Z Created temporary directory: /private/var/folders/51/hd414ycd67n82196sw51xqtc0000gn/T/pip-wheel-7v03f3rb
2022-12-27T11:16:23.0937500Z Created temporary directory: /private/var/folders/51/hd414ycd67n82196sw51xqtc0000gn/T/pip-ephem-wheel-cache-2t8met_c
2022-12-27T11:16:23.1006660Z Processing /Users/runner/actions-runner/_work/python.build/python.build/build_lxml431311/lxml-4.3.1
2022-12-27T11:16:23.1011040Z   Added file:///Users/runner/actions-runner/_work/python.build/python.build/build_lxml431311/lxml-4.3.1 to build tracker '/private/var/folders/51/hd414ycd67n82196sw51xqtc0000gn/T/pip-build-tracker-l_ba1bk4'
2022-12-27T11:16:23.1013960Z   Running setup.py (path:/Users/runner/actions-runner/_work/python.build/python.build/build_lxml431311/lxml-4.3.1/setup.py) egg_info for package from file:///Users/runner/actions-runner/_work/python.build/python.build/build_lxml431311/lxml-4.3.1
2022-12-27T11:16:23.1017220Z   Created temporary directory: /private/var/folders/51/hd414ycd67n82196sw51xqtc0000gn/T/pip-pip-egg-info-gm09_v9r
2022-12-27T11:16:23.1017990Z   Preparing metadata (setup.py): started
2022-12-27T11:16:23.1019580Z   Running command python setup.py egg_info
2022-12-27T11:16:23.3775010Z   Building lxml version 4.3.1.
2022-12-27T11:16:23.3775760Z   Building without Cython.
2022-12-27T11:16:23.3776440Z   Using build configuration of libxslt 1.1.29
2022-12-27T11:16:23.3777870Z   Building against libxml2/libxslt in the following directory: /Library/Developer/CommandLineTools/SDKs/MacOSX12.1.sdk/usr/lib
2022-12-27T11:16:23.3779120Z   running egg_info
2022-12-27T11:16:23.3780710Z   creating /private/var/folders/51/hd414ycd67n82196sw51xqtc0000gn/T/pip-pip-egg-info-gm09_v9r/lxml.egg-info
2022-12-27T11:16:23.3781800Z   writing /private/var/folders/51/hd414ycd67n82196sw51xqtc0000gn/T/pip-pip-egg-info-gm09_v9r/lxml.egg-info/PKG-INFO
2022-12-27T11:16:23.3783020Z   writing dependency_links to /private/var/folders/51/hd414ycd67n82196sw51xqtc0000gn/T/pip-pip-egg-info-gm09_v9r/lxml.egg-info/dependency_links.txt
2022-12-27T11:16:23.3786950Z   writing requirements to /private/var/folders/51/hd414ycd67n82196sw51xqtc0000gn/T/pip-pip-egg-info-gm09_v9r/lxml.egg-info/requires.txt
2022-12-27T11:16:23.3788120Z   writing top-level names to /private/var/folders/51/hd414ycd67n82196sw51xqtc0000gn/T/pip-pip-egg-info-gm09_v9r/lxml.egg-info/top_level.txt
2022-12-27T11:16:23.3789400Z   writing manifest file '/private/var/folders/51/hd414ycd67n82196sw51xqtc0000gn/T/pip-pip-egg-info-gm09_v9r/lxml.egg-info/SOURCES.txt'
2022-12-27T11:16:23.3873180Z   reading manifest file '/private/var/folders/51/hd414ycd67n82196sw51xqtc0000gn/T/pip-pip-egg-info-gm09_v9r/lxml.egg-info/SOURCES.txt'
2022-12-27T11:16:23.3875410Z   reading manifest template 'MANIFEST.in'
2022-12-27T11:16:23.4784540Z   adding license file 'LICENSES.txt'
2022-12-27T11:16:23.4839690Z   writing manifest file '/private/var/folders/51/hd414ycd67n82196sw51xqtc0000gn/T/pip-pip-egg-info-gm09_v9r/lxml.egg-info/SOURCES.txt'
2022-12-27T11:16:23.5088410Z   Preparing metadata (setup.py): finished with status 'done'
2022-12-27T11:16:23.5113590Z   Source in /Users/runner/actions-runner/_work/python.build/python.build/build_lxml431311/lxml-4.3.1 has version 4.3.1, which satisfies requirement lxml==4.3.1 from file:///Users/runner/actions-runner/_work/python.build/python.build/build_lxml431311/lxml-4.3.1
2022-12-27T11:16:23.5116820Z   Removed lxml==4.3.1 from file:///Users/runner/actions-runner/_work/python.build/python.build/build_lxml431311/lxml-4.3.1 from build tracker '/private/var/folders/51/hd414ycd67n82196sw51xqtc0000gn/T/pip-build-tracker-l_ba1bk4'
2022-12-27T11:16:23.5133150Z Created temporary directory: /private/var/folders/51/hd414ycd67n82196sw51xqtc0000gn/T/pip-unpack-ch1mbvw1
2022-12-27T11:16:23.5134310Z Building wheels for collected packages: lxml
2022-12-27T11:16:23.5140950Z   Created temporary directory: /private/var/folders/51/hd414ycd67n82196sw51xqtc0000gn/T/pip-wheel-thf_8ass
2022-12-27T11:16:23.5272620Z   Building wheel for lxml (setup.py): started
2022-12-27T11:16:23.5273570Z   Destination directory: /private/var/folders/51/hd414ycd67n82196sw51xqtc0000gn/T/pip-wheel-thf_8ass
2022-12-27T11:16:23.5274890Z   Running command python setup.py bdist_wheel
2022-12-27T11:16:23.6631450Z   Building lxml version 4.3.1.
2022-12-27T11:16:23.6632300Z   Building without Cython.
2022-12-27T11:16:23.6764820Z   Using build configuration of libxslt 1.1.29
2022-12-27T11:16:23.7772490Z   Building against libxml2/libxslt in the following directory: /Library/Developer/CommandLineTools/SDKs/MacOSX12.1.sdk/usr/lib
2022-12-27T11:16:23.8011770Z   running bdist_wheel
2022-12-27T11:16:23.8049160Z   running build
2022-12-27T11:16:23.8050220Z   running build_py
2022-12-27T11:16:23.8068900Z   creating build
2022-12-27T11:16:23.8070640Z   creating build/lib.macosx-11.0-arm64-cpython-311
2022-12-27T11:16:23.8072060Z   creating build/lib.macosx-11.0-arm64-cpython-311/lxml
2022-12-27T11:16:23.8073620Z   copying src/lxml/_elementpath.py -> build/lib.macosx-11.0-arm64-cpython-311/lxml
2022-12-27T11:16:23.8077000Z   copying src/lxml/sax.py -> build/lib.macosx-11.0-arm64-cpython-311/lxml
2022-12-27T11:16:23.8079040Z   copying src/lxml/pyclasslookup.py -> build/lib.macosx-11.0-arm64-cpython-311/lxml
2022-12-27T11:16:23.8080580Z   copying src/lxml/__init__.py -> build/lib.macosx-11.0-arm64-cpython-311/lxml
2022-12-27T11:16:23.8083250Z   copying src/lxml/builder.py -> build/lib.macosx-11.0-arm64-cpython-311/lxml
2022-12-27T11:16:23.8085940Z   copying src/lxml/doctestcompare.py -> build/lib.macosx-11.0-arm64-cpython-311/lxml
2022-12-27T11:16:23.8088660Z   copying src/lxml/usedoctest.py -> build/lib.macosx-11.0-arm64-cpython-311/lxml
2022-12-27T11:16:23.8090270Z   copying src/lxml/cssselect.py -> build/lib.macosx-11.0-arm64-cpython-311/lxml
2022-12-27T11:16:23.8092690Z   copying src/lxml/ElementInclude.py -> build/lib.macosx-11.0-arm64-cpython-311/lxml
2022-12-27T11:16:23.8096200Z   creating build/lib.macosx-11.0-arm64-cpython-311/lxml/includes
2022-12-27T11:16:23.8097870Z   copying src/lxml/includes/__init__.py -> build/lib.macosx-11.0-arm64-cpython-311/lxml/includes
2022-12-27T11:16:23.8102950Z   creating build/lib.macosx-11.0-arm64-cpython-311/lxml/html
2022-12-27T11:16:23.8104240Z   copying src/lxml/html/soupparser.py -> build/lib.macosx-11.0-arm64-cpython-311/lxml/html
2022-12-27T11:16:23.8107120Z   copying src/lxml/html/defs.py -> build/lib.macosx-11.0-arm64-cpython-311/lxml/html
2022-12-27T11:16:23.8108980Z   copying src/lxml/html/_setmixin.py -> build/lib.macosx-11.0-arm64-cpython-311/lxml/html
2022-12-27T11:16:23.8110660Z   copying src/lxml/html/clean.py -> build/lib.macosx-11.0-arm64-cpython-311/lxml/html
2022-12-27T11:16:23.8114050Z   copying src/lxml/html/_diffcommand.py -> build/lib.macosx-11.0-arm64-cpython-311/lxml/html
2022-12-27T11:16:23.8115280Z   copying src/lxml/html/html5parser.py -> build/lib.macosx-11.0-arm64-cpython-311/lxml/html
2022-12-27T11:16:23.8117920Z   copying src/lxml/html/__init__.py -> build/lib.macosx-11.0-arm64-cpython-311/lxml/html
2022-12-27T11:16:23.8121210Z   copying src/lxml/html/formfill.py -> build/lib.macosx-11.0-arm64-cpython-311/lxml/html
2022-12-27T11:16:23.8123480Z   copying src/lxml/html/builder.py -> build/lib.macosx-11.0-arm64-cpython-311/lxml/html
2022-12-27T11:16:23.8125630Z   copying src/lxml/html/ElementSoup.py -> build/lib.macosx-11.0-arm64-cpython-311/lxml/html
2022-12-27T11:16:23.8127730Z   copying src/lxml/html/_html5builder.py -> build/lib.macosx-11.0-arm64-cpython-311/lxml/html
2022-12-27T11:16:23.8130150Z   copying src/lxml/html/usedoctest.py -> build/lib.macosx-11.0-arm64-cpython-311/lxml/html
2022-12-27T11:16:23.8132050Z   copying src/lxml/html/diff.py -> build/lib.macosx-11.0-arm64-cpython-311/lxml/html
2022-12-27T11:16:23.8135920Z   creating build/lib.macosx-11.0-arm64-cpython-311/lxml/isoschematron
2022-12-27T11:16:23.8137570Z   copying src/lxml/isoschematron/__init__.py -> build/lib.macosx-11.0-arm64-cpython-311/lxml/isoschematron
2022-12-27T11:16:23.8159560Z   copying src/lxml/etree.h -> build/lib.macosx-11.0-arm64-cpython-311/lxml
2022-12-27T11:16:23.8162400Z   copying src/lxml/etree_api.h -> build/lib.macosx-11.0-arm64-cpython-311/lxml
2022-12-27T11:16:23.8165980Z   copying src/lxml/lxml.etree.h -> build/lib.macosx-11.0-arm64-cpython-311/lxml
2022-12-27T11:16:23.8168380Z   copying src/lxml/lxml.etree_api.h -> build/lib.macosx-11.0-arm64-cpython-311/lxml
2022-12-27T11:16:23.8171140Z   copying src/lxml/includes/xmlerror.pxd -> build/lib.macosx-11.0-arm64-cpython-311/lxml/includes
2022-12-27T11:16:23.8174280Z   copying src/lxml/includes/c14n.pxd -> build/lib.macosx-11.0-arm64-cpython-311/lxml/includes
2022-12-27T11:16:23.8176280Z   copying src/lxml/includes/xmlschema.pxd -> build/lib.macosx-11.0-arm64-cpython-311/lxml/includes
2022-12-27T11:16:23.8178840Z   copying src/lxml/includes/__init__.pxd -> build/lib.macosx-11.0-arm64-cpython-311/lxml/includes
2022-12-27T11:16:23.8181350Z   copying src/lxml/includes/schematron.pxd -> build/lib.macosx-11.0-arm64-cpython-311/lxml/includes
2022-12-27T11:16:23.8183620Z   copying src/lxml/includes/tree.pxd -> build/lib.macosx-11.0-arm64-cpython-311/lxml/includes
2022-12-27T11:16:23.8186260Z   copying src/lxml/includes/uri.pxd -> build/lib.macosx-11.0-arm64-cpython-311/lxml/includes
2022-12-27T11:16:23.8189220Z   copying src/lxml/includes/etreepublic.pxd -> build/lib.macosx-11.0-arm64-cpython-311/lxml/includes
2022-12-27T11:16:23.8192100Z   copying src/lxml/includes/xpath.pxd -> build/lib.macosx-11.0-arm64-cpython-311/lxml/includes
2022-12-27T11:16:23.8194180Z   copying src/lxml/includes/htmlparser.pxd -> build/lib.macosx-11.0-arm64-cpython-311/lxml/includes
2022-12-27T11:16:23.8196790Z   copying src/lxml/includes/xslt.pxd -> build/lib.macosx-11.0-arm64-cpython-311/lxml/includes
2022-12-27T11:16:23.8199140Z   copying src/lxml/includes/config.pxd -> build/lib.macosx-11.0-arm64-cpython-311/lxml/includes
2022-12-27T11:16:23.8201480Z   copying src/lxml/includes/xmlparser.pxd -> build/lib.macosx-11.0-arm64-cpython-311/lxml/includes
2022-12-27T11:16:23.8204560Z   copying src/lxml/includes/xinclude.pxd -> build/lib.macosx-11.0-arm64-cpython-311/lxml/includes
2022-12-27T11:16:23.8207090Z   copying src/lxml/includes/dtdvalid.pxd -> build/lib.macosx-11.0-arm64-cpython-311/lxml/includes
2022-12-27T11:16:23.8209220Z   copying src/lxml/includes/relaxng.pxd -> build/lib.macosx-11.0-arm64-cpython-311/lxml/includes
2022-12-27T11:16:23.8212020Z   copying src/lxml/includes/lxml-version.h -> build/lib.macosx-11.0-arm64-cpython-311/lxml/includes
2022-12-27T11:16:23.8215040Z   copying src/lxml/includes/etree_defs.h -> build/lib.macosx-11.0-arm64-cpython-311/lxml/includes
2022-12-27T11:16:23.8217960Z   creating build/lib.macosx-11.0-arm64-cpython-311/lxml/isoschematron/resources
2022-12-27T11:16:23.8219230Z   creating build/lib.macosx-11.0-arm64-cpython-311/lxml/isoschematron/resources/rng
2022-12-27T11:16:23.8220510Z   copying src/lxml/isoschematron/resources/rng/iso-schematron.rng -> build/lib.macosx-11.0-arm64-cpython-311/lxml/isoschematron/resources/rng
2022-12-27T11:16:23.8222970Z   creating build/lib.macosx-11.0-arm64-cpython-311/lxml/isoschematron/resources/xsl
2022-12-27T11:16:23.8224400Z   copying src/lxml/isoschematron/resources/xsl/XSD2Schtrn.xsl -> build/lib.macosx-11.0-arm64-cpython-311/lxml/isoschematron/resources/xsl
2022-12-27T11:16:23.8226640Z   copying src/lxml/isoschematron/resources/xsl/RNG2Schtrn.xsl -> build/lib.macosx-11.0-arm64-cpython-311/lxml/isoschematron/resources/xsl
2022-12-27T11:16:23.8229520Z   creating build/lib.macosx-11.0-arm64-cpython-311/lxml/isoschematron/resources/xsl/iso-schematron-xslt1
2022-12-27T11:16:23.8230540Z   copying src/lxml/isoschematron/resources/xsl/iso-schematron-xslt1/iso_abstract_expand.xsl -> build/lib.macosx-11.0-arm64-cpython-311/lxml/isoschematron/resources/xsl/iso-schematron-xslt1
2022-12-27T11:16:23.8232540Z   copying src/lxml/isoschematron/resources/xsl/iso-schematron-xslt1/iso_dsdl_include.xsl -> build/lib.macosx-11.0-arm64-cpython-311/lxml/isoschematron/resources/xsl/iso-schematron-xslt1
2022-12-27T11:16:23.8235580Z   copying src/lxml/isoschematron/resources/xsl/iso-schematron-xslt1/iso_schematron_skeleton_for_xslt1.xsl -> build/lib.macosx-11.0-arm64-cpython-311/lxml/isoschematron/resources/xsl/iso-schematron-xslt1
2022-12-27T11:16:23.8301220Z   copying src/lxml/isoschematron/resources/xsl/iso-schematron-xslt1/iso_svrl_for_xslt1.xsl -> build/lib.macosx-11.0-arm64-cpython-311/lxml/isoschematron/resources/xsl/iso-schematron-xslt1
2022-12-27T11:16:23.8301880Z   copying src/lxml/isoschematron/resources/xsl/iso-schematron-xslt1/iso_schematron_message.xsl -> build/lib.macosx-11.0-arm64-cpython-311/lxml/isoschematron/resources/xsl/iso-schematron-xslt1
2022-12-27T11:16:23.8302360Z   copying src/lxml/isoschematron/resources/xsl/iso-schematron-xslt1/readme.txt -> build/lib.macosx-11.0-arm64-cpython-311/lxml/isoschematron/resources/xsl/iso-schematron-xslt1
2022-12-27T11:16:23.8302600Z   running build_ext
2022-12-27T11:16:23.8302840Z   building 'lxml.etree' extension
2022-12-27T11:16:23.8303080Z   creating build/temp.macosx-11.0-arm64-cpython-311
2022-12-27T11:16:23.8303300Z   creating build/temp.macosx-11.0-arm64-cpython-311/src
2022-12-27T11:16:23.8303540Z   creating build/temp.macosx-11.0-arm64-cpython-311/src/lxml
2022-12-27T11:16:23.8304480Z   clang -Wsign-compare -Wunreachable-code -fno-common -dynamic -DNDEBUG -g -fwrapv -O3 -Wall -g -I/usr/local/opt/openssl@3/include -I/usr/local/opt/openssl@3/include -arch arm64 -DCYTHON_CLINE_IN_TRACEBACK=0 -I/Library/Developer/CommandLineTools/SDKs/MacOSX12.1.sdk/usr/include -Isrc -Isrc/lxml/includes -I/private/var/folders/51/hd414ycd67n82196sw51xqtc0000gn/T/cibw-run-jvb6gt29/cp311-macosx_arm64/build/venv/include -I/Library/Frameworks/Python.framework/Versions/3.11/include/python3.11 -c src/lxml/etree.c -o build/temp.macosx-11.0-arm64-cpython-311/src/lxml/etree.o -w -flat_namespace
2022-12-27T11:16:23.9044010Z   src/lxml/etree.c:289:12: fatal error: 'longintrepr.h' file not found
2022-12-27T11:16:23.9044420Z     #include "longintrepr.h"
2022-12-27T11:16:23.9046100Z              ^~~~~~~~~~~~~~~
2022-12-27T11:16:24.7163220Z   1 error generated.
2022-12-27T11:16:24.7209310Z   Compile failed: command '/usr/bin/clang' failed with exit code 1
2022-12-27T11:16:24.7926920Z   creating var
2022-12-27T11:16:24.7927680Z   creating var/folders
2022-12-27T11:16:24.7929310Z   creating var/folders/51
2022-12-27T11:16:24.7930980Z   creating var/folders/51/hd414ycd67n82196sw51xqtc0000gn
2022-12-27T11:16:24.7932390Z   creating var/folders/51/hd414ycd67n82196sw51xqtc0000gn/T
2022-12-27T11:16:24.7934290Z   cc -arch arm64 -I/Library/Developer/CommandLineTools/SDKs/MacOSX12.1.sdk/usr/include -I/usr/include/libxml2 -c /var/folders/51/hd414ycd67n82196sw51xqtc0000gn/T/xmlXPathInitph35s69_.c -o var/folders/51/hd414ycd67n82196sw51xqtc0000gn/T/xmlXPathInitph35s69_.o
2022-12-27T11:16:24.8347790Z   cc -arch arm64 var/folders/51/hd414ycd67n82196sw51xqtc0000gn/T/xmlXPathInitph35s69_.o -L/Library/Developer/CommandLineTools/SDKs/MacOSX12.1.sdk/usr/lib -lxml2 -o a.out
2022-12-27T11:16:24.8733060Z   error: command '/usr/bin/clang' failed with exit code 1
2022-12-27T11:16:24.9071920Z   error: subprocess-exited-with-error
2022-12-27T11:16:24.9072450Z   
2022-12-27T11:16:24.9073050Z   Ã— python setup.py bdist_wheel did not run successfully.
2022-12-27T11:16:24.9073380Z   â”‚ exit code: 1
2022-12-27T11:16:24.9073770Z   â•°â”€> See above for output.
2022-12-27T11:16:24.9074030Z   
2022-12-27T11:16:24.9074340Z   note: This error originates from a subprocess, and is likely not a problem with pip.
2022-12-27T11:16:24.9079040Z   full command: /private/var/folders/51/hd414ycd67n82196sw51xqtc0000gn/T/cibw-run-jvb6gt29/cp311-macosx_arm64/build/venv/bin/python -u -c '
2022-12-27T11:16:24.9079830Z   exec(compile('"'"''"'"''"'"'
2022-12-27T11:16:24.9080350Z   # This is <pip-setuptools-caller> -- a caller that pip uses to run setup.py
2022-12-27T11:16:24.9080950Z   #
2022-12-27T11:16:24.9081440Z   # - It imports setuptools before invoking setup.py, to enable projects that directly
2022-12-27T11:16:24.9081990Z   #   import from `distutils.core` to work with newer packaging standards.
2022-12-27T11:16:24.9082520Z   # - It provides a clear error message when setuptools is not installed.
2022-12-27T11:16:24.9083130Z   # - It sets `sys.argv[0]` to the underlying `setup.py`, when invoking `setup.py` so
2022-12-27T11:16:24.9083610Z   #   setuptools doesn'"'"'t think the script is `-c`. This avoids the following warning:
2022-12-27T11:16:24.9084060Z   #     manifest_maker: standard file '"'"'-c'"'"' not found".
2022-12-27T11:16:24.9084520Z   # - It generates a shim setup.py, for handling setup.cfg-only projects.
2022-12-27T11:16:24.9084890Z   import os, sys, tokenize
2022-12-27T11:16:24.9085180Z   
2022-12-27T11:16:24.9085690Z   try:
2022-12-27T11:16:24.9085880Z       import setuptools
2022-12-27T11:16:24.9086160Z   except ImportError as error:
2022-12-27T11:16:24.9086410Z       print(
2022-12-27T11:16:24.9087130Z           "ERROR: Can not execute `setup.py` since setuptools is not available in "
2022-12-27T11:16:24.9087500Z           "the build environment.",
2022-12-27T11:16:24.9087760Z           file=sys.stderr,
2022-12-27T11:16:24.9087950Z       )
2022-12-27T11:16:24.9088170Z       sys.exit(1)
2022-12-27T11:16:24.9088370Z   
2022-12-27T11:16:24.9088550Z   __file__ = %r
2022-12-27T11:16:24.9088800Z   sys.argv[0] = __file__
2022-12-27T11:16:24.9089080Z   
2022-12-27T11:16:24.9089610Z   if os.path.exists(__file__):
2022-12-27T11:16:24.9089880Z       filename = __file__
2022-12-27T11:16:24.9090160Z       with tokenize.open(__file__) as f:
2022-12-27T11:16:24.9090560Z   Building wheel for lxml (setup.py): finished with status 'error'
2022-12-27T11:16:24.9090900Z           setup_py_code = f.read()
2022-12-27T11:16:24.9091460Z   else:
2022-12-27T11:16:24.9092080Z       filename = "<auto-generated setuptools caller>"
2022-12-27T11:16:24.9092390Z       setup_py_code = "from setuptools import setup; setup()"
2022-12-27T11:16:24.9092680Z   
2022-12-27T11:16:24.9092940Z   exec(compile(setup_py_code, filename, "exec"))
2022-12-27T11:16:24.9093480Z   '"'"''"'"''"'"' % ('"'"'/Users/runner/actions-runner/_work/python.build/python.build/build_lxml431311/lxml-4.3.1/setup.py'"'"',), "<pip-setuptools-caller>", "exec"))' bdist_wheel -d /private/var/folders/51/hd414ycd67n82196sw51xqtc0000gn/T/pip-wheel-thf_8ass
2022-12-27T11:16:24.9093920Z   cwd: /Users/runner/actions-runner/_work/python.build/python.build/build_lxml431311/lxml-4.3.1/
2022-12-27T11:16:24.9094160Z   ERROR: Failed building wheel for lxml
2022-12-27T11:16:24.9094370Z   Running command python setup.py clean
2022-12-27T11:16:24.9094530Z   Running setup.py clean for lxml
2022-12-27T11:16:25.0435220Z   Building lxml version 4.3.1.
2022-12-27T11:16:25.0435750Z   Building without Cython.
2022-12-27T11:16:25.0567430Z   Using build configuration of libxslt 1.1.29
2022-12-27T11:16:25.1571540Z   Building against libxml2/libxslt in the following directory: /Library/Developer/CommandLineTools/SDKs/MacOSX12.1.sdk/usr/lib
2022-12-27T11:16:25.1712470Z   running clean
2022-12-27T11:16:25.1737170Z   removing 'build/temp.macosx-11.0-arm64-cpython-311' (and everything under it)
2022-12-27T11:16:25.1741320Z   removing 'build/lib.macosx-11.0-arm64-cpython-311' (and everything under it)
2022-12-27T11:16:25.1785720Z   'build/bdist.macosx-11.0-arm64' does not exist -- can't clean it
2022-12-27T11:16:25.1786760Z   'build/scripts-3.11' does not exist -- can't clean it
2022-12-27T11:16:25.1788240Z   removing 'build'
2022-12-27T11:16:25.2050930Z Failed to build lxml
2022-12-27T11:16:25.2055100Z ERROR: Failed to build one or more wheels
2022-12-27T11:16:25.2068940Z Exception information:
2022-12-27T11:16:25.2069200Z Traceback (most recent call last):
2022-12-27T11:16:25.2078220Z   File "/private/var/folders/51/hd414ycd67n82196sw51xqtc0000gn/T/cibw-run-jvb6gt29/cp311-macosx_arm64/build/venv/lib/python3.11/site-packages/pip/_internal/cli/base_command.py", line 160, in exc_logging_wrapper
2022-12-27T11:16:25.2078790Z     status = run_func(*args)
2022-12-27T11:16:25.2079030Z              ^^^^^^^^^^^^^^^
2022-12-27T11:16:25.2079810Z   File "/private/var/folders/51/hd414ycd67n82196sw51xqtc0000gn/T/cibw-run-jvb6gt29/cp311-macosx_arm64/build/venv/lib/python3.11/site-packages/pip/_internal/cli/req_command.py", line 247, in wrapper
2022-12-27T11:16:25.2080250Z     return func(self, options, args)
2022-12-27T11:16:25.2080520Z            ^^^^^^^^^^^^^^^^^^^^^^^^^
2022-12-27T11:16:25.2081200Z   File "/private/var/folders/51/hd414ycd67n82196sw51xqtc0000gn/T/cibw-run-jvb6gt29/cp311-macosx_arm64/build/venv/lib/python3.11/site-packages/pip/_internal/commands/wheel.py", line 201, in run
2022-12-27T11:16:25.2081710Z     raise CommandError("Failed to build one or more wheels")
2022-12-27T11:16:25.2082050Z pip._internal.exceptions.CommandError: Failed to build one or more wheels
2022-12-27T11:16:25.2082580Z Removed build tracker: '/private/var/folders/51/hd414ycd67n82196sw51xqtc0000gn/T/pip-build-tracker-l_ba1bk4'
2022-12-27T11:16:25.2530250Z ##[endgroup]
2022-12-27T11:16:25.2553340Z ##[error]Command ['python', '-m', 'pip', 'wheel', '/Users/runner/actions-runner/_work/python.build/python.build/build_lxml431311/lxml-4.3.1', '--wheel-dir=/private/var/folders/51/hd414ycd67n82196sw51xqtc0000gn/T/cibw-run-jvb6gt29/cp311-macosx_arm64/built_wheel', '--no-deps', '-vvv'] failed with code 1. None
2022-12-27T11:16:25.2559490Z 
2022-12-27T11:16:25.2559800Z                                                               [31mâœ• [0m2.40s
2022-12-27T11:16:25.3016380Z ##[error]Process completed with exit code 1.
2022-12-27T11:16:25.3049940Z ##[group]Run rm -rf build_lxml431311 wheelsout
2022-12-27T11:16:25.3050150Z [36;1mrm -rf build_lxml431311 wheelsout[0m
2022-12-27T11:16:25.3065400Z shell: /bin/bash -e {0}
2022-12-27T11:16:25.3065560Z env:
2022-12-27T11:16:25.3065890Z   pythonLocation: /Users/runner/hostedtoolcache/Python/3.11.1/x64
2022-12-27T11:16:25.3066130Z   PKG_CONFIG_PATH: /Users/runner/hostedtoolcache/Python/3.11.1/x64/lib/pkgconfig
2022-12-27T11:16:25.3066360Z   Python_ROOT_DIR: /Users/runner/hostedtoolcache/Python/3.11.1/x64
2022-12-27T11:16:25.3066570Z   Python2_ROOT_DIR: /Users/runner/hostedtoolcache/Python/3.11.1/x64
2022-12-27T11:16:25.3066740Z   Python3_ROOT_DIR: /Users/runner/hostedtoolcache/Python/3.11.1/x64
2022-12-27T11:16:25.3066870Z ##[endgroup]
2022-12-27T11:16:25.3624130Z Cleaning up orphan processes
