2022-12-27T08:54:24.4972792Z Requested labels: self-hosted, macOS, X64
2022-12-27T08:54:24.4972863Z Job defined at: kilnbuild/python.build/.github/workflows/mac_arm_build.yml@refs/heads/main
2022-12-27T08:54:24.4972904Z Waiting for a runner to pick up this job...
2022-12-27T11:29:32.9059136Z Job is about to start running on the runner: s1 (organization)
2022-12-27T11:29:37.0476500Z Current runner version: '2.300.2'
2022-12-27T11:29:37.0481610Z Runner name: 's1'
2022-12-27T11:29:37.0481870Z Runner group name: 'Default'
2022-12-27T11:29:37.0482310Z Machine name: 's1'
2022-12-27T11:29:37.0483870Z ##[group]GITHUB_TOKEN Permissions
2022-12-27T11:29:37.0484300Z Actions: write
2022-12-27T11:29:37.0484450Z Checks: write
2022-12-27T11:29:37.0484590Z Contents: write
2022-12-27T11:29:37.0484730Z Deployments: write
2022-12-27T11:29:37.0484880Z Discussions: write
2022-12-27T11:29:37.0485020Z Issues: write
2022-12-27T11:29:37.0485140Z Metadata: read
2022-12-27T11:29:37.0485280Z Packages: write
2022-12-27T11:29:37.0485420Z Pages: write
2022-12-27T11:29:37.0485570Z PullRequests: write
2022-12-27T11:29:37.0485730Z RepositoryProjects: write
2022-12-27T11:29:37.0485890Z SecurityEvents: write
2022-12-27T11:29:37.0486050Z Statuses: write
2022-12-27T11:29:37.0486180Z ##[endgroup]
2022-12-27T11:29:37.0488900Z Secret source: Actions
2022-12-27T11:29:37.0489230Z Prepare workflow directory
2022-12-27T11:29:37.1174710Z Prepare all required actions
2022-12-27T11:29:37.1299280Z Getting action download info
2022-12-27T11:29:37.5474960Z Download action repository 'actions/setup-python@v4' (SHA:5ccb29d8773c3f3f653e1705f474dfaa8a06a912)
2022-12-27T11:29:39.2992060Z Download action repository 'actions/upload-artifact@v3' (SHA:83fd05a356d7e2593de66fc9913b3002723633cb)
2022-12-27T11:29:41.1955670Z ##[group]Run echo '{
2022-12-27T11:29:41.1956030Z [36;1mecho '{[0m
2022-12-27T11:29:41.1956180Z [36;1m  "package_name": "lxml",[0m
2022-12-27T11:29:41.1956430Z [36;1m  "package_url": "https://files.pythonhosted.org/packages/07/4b/8ffaf3a55b3fc10b4458e7721dfc2eb074cb6ccc419340463d5d5b8b9122/lxml-2.1.5.tar.gz",[0m
2022-12-27T11:29:41.1956650Z [36;1m  "package_version": "2.1.5",[0m
2022-12-27T11:29:41.1956770Z [36;1m  "python_version": "3.8",[0m
2022-12-27T11:29:41.1956900Z [36;1m  "use_ccache": "true"[0m
2022-12-27T11:29:41.1957000Z [36;1m}'[0m
2022-12-27T11:29:41.1972510Z shell: /bin/bash -e {0}
2022-12-27T11:29:41.1972660Z ##[endgroup]
2022-12-27T11:29:41.2185540Z {
2022-12-27T11:29:41.2186820Z   "package_name": "lxml",
2022-12-27T11:29:41.2187570Z   "package_url": "https://files.pythonhosted.org/packages/07/4b/8ffaf3a55b3fc10b4458e7721dfc2eb074cb6ccc419340463d5d5b8b9122/lxml-2.1.5.tar.gz",
2022-12-27T11:29:41.2187930Z   "package_version": "2.1.5",
2022-12-27T11:29:41.2188170Z   "python_version": "3.8",
2022-12-27T11:29:41.2188340Z   "use_ccache": "true"
2022-12-27T11:29:41.2188500Z }
2022-12-27T11:29:41.2408040Z ##[group]Run actions/setup-python@v4
2022-12-27T11:29:41.2408270Z with:
2022-12-27T11:29:41.2408480Z   python-version: 3.8
2022-12-27T11:29:41.2408680Z   check-latest: false
2022-12-27T11:29:41.2408950Z   token: ***
2022-12-27T11:29:41.2409200Z   update-environment: true
2022-12-27T11:29:41.2409390Z ##[endgroup]
2022-12-27T11:29:41.3637750Z ##[group]Installed versions
2022-12-27T11:29:41.3678930Z Successfully set up CPython (3.8.15)
2022-12-27T11:29:41.3680040Z ##[endgroup]
2022-12-27T11:29:41.3834980Z ##[group]Run if [ "true" == "true" ]
2022-12-27T11:29:41.3835360Z [36;1mif [ "true" == "true" ][0m
2022-12-27T11:29:41.3835520Z [36;1mthen[0m
2022-12-27T11:29:41.3835760Z [36;1m  echo "CCACHE_PATH_PREPEND=/usr/local/opt/ccache/libexec" >> $GITHUB_OUTPUT[0m
2022-12-27T11:29:41.3836150Z [36;1melse[0m
2022-12-27T11:29:41.3836310Z [36;1m  echo "CCACHE_PATH_PREPEND=" >> $GITHUB_OUTPUT[0m
2022-12-27T11:29:41.3836510Z [36;1mfi[0m
2022-12-27T11:29:41.3853360Z shell: /bin/bash -e {0}
2022-12-27T11:29:41.3853580Z env:
2022-12-27T11:29:41.3853780Z   pythonLocation: /Users/runner/hostedtoolcache/Python/3.8.15/x64
2022-12-27T11:29:41.3854060Z   PKG_CONFIG_PATH: /Users/runner/hostedtoolcache/Python/3.8.15/x64/lib/pkgconfig
2022-12-27T11:29:41.3854330Z   Python_ROOT_DIR: /Users/runner/hostedtoolcache/Python/3.8.15/x64
2022-12-27T11:29:41.3854620Z   Python2_ROOT_DIR: /Users/runner/hostedtoolcache/Python/3.8.15/x64
2022-12-27T11:29:41.3854930Z   Python3_ROOT_DIR: /Users/runner/hostedtoolcache/Python/3.8.15/x64
2022-12-27T11:29:41.3855470Z ##[endgroup]
2022-12-27T11:29:41.3960580Z ##[group]Run echo "BUILD_NAME=$(echo lxml_2.1.5_3.8 | tr -dc '[:alnum:]\n\r' | tr '[:upper:]' '[:lower:]')" >> $GITHUB_OUTPUT
2022-12-27T11:29:41.3960980Z [36;1mecho "BUILD_NAME=$(echo lxml_2.1.5_3.8 | tr -dc '[:alnum:]\n\r' | tr '[:upper:]' '[:lower:]')" >> $GITHUB_OUTPUT[0m
2022-12-27T11:29:41.3974910Z shell: /bin/bash -e {0}
2022-12-27T11:29:41.3975070Z env:
2022-12-27T11:29:41.3975290Z   pythonLocation: /Users/runner/hostedtoolcache/Python/3.8.15/x64
2022-12-27T11:29:41.3975640Z   PKG_CONFIG_PATH: /Users/runner/hostedtoolcache/Python/3.8.15/x64/lib/pkgconfig
2022-12-27T11:29:41.3975860Z   Python_ROOT_DIR: /Users/runner/hostedtoolcache/Python/3.8.15/x64
2022-12-27T11:29:41.3976100Z   Python2_ROOT_DIR: /Users/runner/hostedtoolcache/Python/3.8.15/x64
2022-12-27T11:29:41.3976340Z   Python3_ROOT_DIR: /Users/runner/hostedtoolcache/Python/3.8.15/x64
2022-12-27T11:29:41.3976510Z ##[endgroup]
2022-12-27T11:29:41.4114360Z ##[group]Run echo "PYTHON_NO_DOTS=$(echo 3.8 | tr -dc '[:alnum:]\n\r' | tr '[:upper:]' '[:lower:]')" >> $GITHUB_OUTPUT
2022-12-27T11:29:41.4114760Z [36;1mecho "PYTHON_NO_DOTS=$(echo 3.8 | tr -dc '[:alnum:]\n\r' | tr '[:upper:]' '[:lower:]')" >> $GITHUB_OUTPUT[0m
2022-12-27T11:29:41.4129050Z shell: /bin/bash -e {0}
2022-12-27T11:29:41.4129210Z env:
2022-12-27T11:29:41.4129430Z   pythonLocation: /Users/runner/hostedtoolcache/Python/3.8.15/x64
2022-12-27T11:29:41.4129690Z   PKG_CONFIG_PATH: /Users/runner/hostedtoolcache/Python/3.8.15/x64/lib/pkgconfig
2022-12-27T11:29:41.4129920Z   Python_ROOT_DIR: /Users/runner/hostedtoolcache/Python/3.8.15/x64
2022-12-27T11:29:41.4130230Z   Python2_ROOT_DIR: /Users/runner/hostedtoolcache/Python/3.8.15/x64
2022-12-27T11:29:41.4130910Z   Python3_ROOT_DIR: /Users/runner/hostedtoolcache/Python/3.8.15/x64
2022-12-27T11:29:41.4131120Z ##[endgroup]
2022-12-27T11:29:41.4243370Z ##[group]Run rm -rf build_lxml21538
2022-12-27T11:29:41.4243720Z [36;1mrm -rf build_lxml21538[0m
2022-12-27T11:29:41.4243890Z [36;1mmkdir build_lxml21538[0m
2022-12-27T11:29:41.4244140Z [36;1mcd build_lxml21538[0m
2022-12-27T11:29:41.4244490Z [36;1m/usr/local/bin/wget --quiet https://files.pythonhosted.org/packages/07/4b/8ffaf3a55b3fc10b4458e7721dfc2eb074cb6ccc419340463d5d5b8b9122/lxml-2.1.5.tar.gz[0m
2022-12-27T11:29:41.4244780Z [36;1mtar xf *.tar.gz[0m
2022-12-27T11:29:41.4244930Z [36;1mcd *[0m
2022-12-27T11:29:41.4245120Z [36;1mpython -m pip install cibuildwheel==2.11.3[0m
2022-12-27T11:29:41.4245340Z [36;1mpython -m cibuildwheel --output-dir ../wheelsout[0m
2022-12-27T11:29:41.4259380Z shell: /bin/bash -e {0}
2022-12-27T11:29:41.4259580Z env:
2022-12-27T11:29:41.4259870Z   pythonLocation: /Users/runner/hostedtoolcache/Python/3.8.15/x64
2022-12-27T11:29:41.4260110Z   PKG_CONFIG_PATH: /Users/runner/hostedtoolcache/Python/3.8.15/x64/lib/pkgconfig
2022-12-27T11:29:41.4260470Z   Python_ROOT_DIR: /Users/runner/hostedtoolcache/Python/3.8.15/x64
2022-12-27T11:29:41.4260680Z   Python2_ROOT_DIR: /Users/runner/hostedtoolcache/Python/3.8.15/x64
2022-12-27T11:29:41.4260920Z   Python3_ROOT_DIR: /Users/runner/hostedtoolcache/Python/3.8.15/x64
2022-12-27T11:29:41.4261120Z   CIBW_ARCHS_MACOS: arm64
2022-12-27T11:29:41.4261310Z   CIBW_TEST_SKIP: *_arm64
2022-12-27T11:29:41.4261490Z   CIBW_BUILD: cp38-macosx_arm64
2022-12-27T11:29:41.4261670Z   CIBW_BUILD_FRONTEND: pip
2022-12-27T11:29:41.4261820Z   CIBW_BUILD_VERBOSITY: 3
2022-12-27T11:29:41.4262140Z   CIBW_ENVIRONMENT_MACOS:  CFLAGS="-I/usr/local/opt/openssl@3/include" LDFLAGS="-L/usr/local/opt/openssl@3/lib" CPPFLAGS="-I/usr/local/opt/openssl@3/include" MAKEFLAGS="-j$(sysctl -n hw.logicalcpu)" PATH=/usr/local/opt/ccache/libexec:$PATH
2022-12-27T11:29:41.4262540Z   CIBW_BEFORE_BUILD: pip install Cython; if [[ -f requirements.txt ]]; then pip install -r requirements.txt; fi
2022-12-27T11:29:41.4262790Z   MAKEFLAGS: -j$(sysctl -n hw.logicalcpu)
2022-12-27T11:29:41.4262950Z ##[endgroup]
2022-12-27T11:29:41.9227250Z Requirement already satisfied: cibuildwheel==2.11.3 in /Users/runner/hostedtoolcache/Python/3.8.15/x64/lib/python3.8/site-packages (2.11.3)
2022-12-27T11:29:41.9567130Z Requirement already satisfied: tomli in /Users/runner/hostedtoolcache/Python/3.8.15/x64/lib/python3.8/site-packages (from cibuildwheel==2.11.3) (2.0.1)
2022-12-27T11:29:41.9570430Z Requirement already satisfied: filelock in /Users/runner/hostedtoolcache/Python/3.8.15/x64/lib/python3.8/site-packages (from cibuildwheel==2.11.3) (3.8.2)
2022-12-27T11:29:41.9573900Z Requirement already satisfied: certifi in /Users/runner/hostedtoolcache/Python/3.8.15/x64/lib/python3.8/site-packages (from cibuildwheel==2.11.3) (2022.12.7)
2022-12-27T11:29:41.9579180Z Requirement already satisfied: packaging>=20.9 in /Users/runner/hostedtoolcache/Python/3.8.15/x64/lib/python3.8/site-packages (from cibuildwheel==2.11.3) (22.0)
2022-12-27T11:29:41.9582850Z Requirement already satisfied: bracex in /Users/runner/hostedtoolcache/Python/3.8.15/x64/lib/python3.8/site-packages (from cibuildwheel==2.11.3) (2.3.post1)
2022-12-27T11:29:41.9586140Z Requirement already satisfied: platformdirs in /Users/runner/hostedtoolcache/Python/3.8.15/x64/lib/python3.8/site-packages (from cibuildwheel==2.11.3) (2.6.0)
2022-12-27T11:29:41.9592330Z Requirement already satisfied: bashlex!=0.13 in /Users/runner/hostedtoolcache/Python/3.8.15/x64/lib/python3.8/site-packages (from cibuildwheel==2.11.3) (0.16)
2022-12-27T11:29:41.9601040Z Requirement already satisfied: typing-extensions>=4.1.0 in /Users/runner/hostedtoolcache/Python/3.8.15/x64/lib/python3.8/site-packages (from cibuildwheel==2.11.3) (4.4.0)
2022-12-27T11:29:42.1262870Z 
2022-12-27T11:29:42.1263210Z      _ _       _ _   _       _           _
2022-12-27T11:29:42.1264250Z  ___|_| |_ _ _|_| |_| |_ _ _| |_ ___ ___| |
2022-12-27T11:29:42.1264860Z |  _| | . | | | | | . | | | |   | -_| -_| |
2022-12-27T11:29:42.1265060Z |___|_|___|___|_|_|___|_____|_|_|___|___|_|
2022-12-27T11:29:42.1265730Z 
2022-12-27T11:29:42.1265980Z cibuildwheel version 2.11.3
2022-12-27T11:29:42.1266210Z 
2022-12-27T11:29:42.1266340Z Build options:
2022-12-27T11:29:42.1266820Z   platform: macos
2022-12-27T11:29:42.1356300Z   architectures: arm64[0m
2022-12-27T11:29:42.1356820Z   build_selector: 
2022-12-27T11:29:42.1357340Z     build_config: cp38-macosx_arm64
2022-12-27T11:29:42.1357760Z     skip_config: 
2022-12-27T11:29:42.1358580Z     requires_python: None
2022-12-27T11:29:42.1359200Z     prerelease_pythons: False[0m
2022-12-27T11:29:42.1360050Z   [38;5;244mcontainer_engine: docker[0m
2022-12-27T11:29:42.1360730Z   output_dir: /Users/runner/actions-runner/_work/python.build/python.build/build_lxml21538/wheelsout[0m
2022-12-27T11:29:42.1361710Z   package_dir: /Users/runner/actions-runner/_work/python.build/python.build/build_lxml21538/lxml-2.1.5[0m
2022-12-27T11:29:42.1362200Z   test_selector: 
2022-12-27T11:29:42.1362970Z     skip_config: *_arm64[0m
2022-12-27T11:29:42.1363400Z   [38;5;244mbefore_all: [0m
2022-12-27T11:29:42.1364040Z   before_build: pip install Cython; if [[ -f requirements.txt ]]; then pip install -r requirements.txt; fi[0m
2022-12-27T11:29:42.1364780Z   [38;5;244mbefore_test: [0m
2022-12-27T11:29:42.1365140Z   [38;5;244mbuild_frontend: pip[0m
2022-12-27T11:29:42.1365500Z   build_verbosity: 3[0m
2022-12-27T11:29:42.1365860Z   [38;5;244mconfig_settings: [0m
2022-12-27T11:29:42.1366320Z   [38;5;244mdependency_constraints: pinned[0m
2022-12-27T11:29:42.1366610Z   environment: 
2022-12-27T11:29:42.1367000Z     CFLAGS="-I/usr/local/opt/openssl@3/include"
2022-12-27T11:29:42.1367600Z     LDFLAGS="-L/usr/local/opt/openssl@3/lib"
2022-12-27T11:29:42.1367980Z     CPPFLAGS="-I/usr/local/opt/openssl@3/include"
2022-12-27T11:29:42.1368390Z     MAKEFLAGS="-j$(sysctl -n hw.logicalcpu)"
2022-12-27T11:29:42.1369170Z     PATH=/usr/local/opt/ccache/libexec:$PATH[0m
2022-12-27T11:29:42.1369650Z   [38;5;244mmanylinux_images: None[0m
2022-12-27T11:29:42.1370070Z   [38;5;244mmusllinux_images: None[0m
2022-12-27T11:29:42.1370590Z   [38;5;244mrepair_command: delocate-wheel --require-archs {delocate_archs} -w {dest_dir} -v {wheel}[0m
2022-12-27T11:29:42.1371330Z   [38;5;244mtest_command: [0m
2022-12-27T11:29:42.1371880Z   [38;5;244mtest_extras: [0m
2022-12-27T11:29:42.1372270Z   [38;5;244mtest_requires: [0m
2022-12-27T11:29:42.1372440Z 
2022-12-27T11:29:42.1372610Z Cache folder: /Users/runner/Library/Caches/cibuildwheel
2022-12-27T11:29:42.1381580Z 
2022-12-27T11:29:42.1381880Z Here we go!
2022-12-27T11:29:42.1382110Z 
2022-12-27T11:29:42.1442760Z 
2022-12-27T11:29:42.1443360Z [1m[34mBuilding cp38-macosx_arm64 wheel[0m
2022-12-27T11:29:42.1443760Z CPython 3.8 macOS arm64 - Apple Silicon
2022-12-27T11:29:42.1443920Z 
2022-12-27T11:29:42.1446660Z ##[group]Installing Python cp38...
2022-12-27T11:29:42.1446860Z 
2022-12-27T11:29:42.1447380Z + pkgutil --pkgs
2022-12-27T11:29:42.1543620Z ##[endgroup]
2022-12-27T11:29:42.1544580Z                                                               [32mâœ“ [0m0.01s
2022-12-27T11:29:42.1544980Z ##[group]Setting up build environment...
2022-12-27T11:29:42.1545100Z 
2022-12-27T11:29:42.1564020Z + /Users/runner/hostedtoolcache/Python/3.8.15/x64/bin/python -sS /Users/runner/Library/Caches/cibuildwheel/virtualenv-20.17.0.pyz --activators= --no-periodic-update --pip=22.3.1 --setuptools=65.6.3 --wheel=0.38.4 --symlink-app-data --python /Library/Frameworks/Python.framework/Versions/3.8/bin/python3 /private/var/folders/51/hd414ycd67n82196sw51xqtc0000gn/T/cibw-run-j1n_xplw/cp38-macosx_arm64/build/venv
2022-12-27T11:29:42.3475810Z created virtual environment CPython3.8.10.final.0-64 in 47ms
2022-12-27T11:29:42.3476330Z   creator CPython3Posix(dest=/private/var/folders/51/hd414ycd67n82196sw51xqtc0000gn/T/cibw-run-j1n_xplw/cp38-macosx_arm64/build/venv, clear=False, no_vcs_ignore=False, global=False)
2022-12-27T11:29:42.3476990Z   seeder FromAppData(download=False, pip=22.3.1, setuptools=65.6.3, wheel=0.38.4, via=symlink, app_data_dir=/Users/runner/Library/Application Support/virtualenv)
2022-12-27T11:29:42.3477300Z     added seed packages: pip==22.3.1, setuptools==65.6.3, wheel==0.38.4
2022-12-27T11:29:42.3586320Z + python -m pip install --upgrade pip -c /Users/runner/hostedtoolcache/Python/3.8.15/x64/lib/python3.8/site-packages/cibuildwheel/resources/constraints-python38.txt
2022-12-27T11:29:42.6686750Z Requirement already satisfied: pip in ./lib/python3.8/site-packages (22.3.1)
2022-12-27T11:29:42.8088940Z + which pip
2022-12-27T11:29:42.8110440Z /private/var/folders/51/hd414ycd67n82196sw51xqtc0000gn/T/cibw-run-j1n_xplw/cp38-macosx_arm64/build/venv/bin/pip
2022-12-27T11:29:42.8113490Z + pip --version
2022-12-27T11:29:43.0426160Z pip 22.3.1 from /private/var/folders/51/hd414ycd67n82196sw51xqtc0000gn/T/cibw-run-j1n_xplw/cp38-macosx_arm64/build/venv/lib/python3.8/site-packages/pip (python 3.8)
2022-12-27T11:29:43.0644610Z + which pip
2022-12-27T11:29:43.0671380Z + which python
2022-12-27T11:29:43.0690570Z /private/var/folders/51/hd414ycd67n82196sw51xqtc0000gn/T/cibw-run-j1n_xplw/cp38-macosx_arm64/build/venv/bin/python
2022-12-27T11:29:43.0693530Z + python --version
2022-12-27T11:29:43.0739940Z Python 3.8.10
2022-12-27T11:29:43.0742740Z + which python
2022-12-27T11:29:43.0808530Z ##[endgroup]
2022-12-27T11:29:43.0809050Z                                                               [32mâœ“ [0m0.93s
2022-12-27T11:29:43.0809690Z ##[group]Installing build tools...
2022-12-27T11:29:43.0809840Z 
2022-12-27T11:29:43.0810250Z + pip install --upgrade setuptools wheel delocate -c /Users/runner/hostedtoolcache/Python/3.8.15/x64/lib/python3.8/site-packages/cibuildwheel/resources/constraints-python38.txt
2022-12-27T11:29:43.3878640Z Requirement already satisfied: setuptools in /private/var/folders/51/hd414ycd67n82196sw51xqtc0000gn/T/cibw-run-j1n_xplw/cp38-macosx_arm64/build/venv/lib/python3.8/site-packages (65.6.3)
2022-12-27T11:29:43.6110790Z Requirement already satisfied: wheel in /private/var/folders/51/hd414ycd67n82196sw51xqtc0000gn/T/cibw-run-j1n_xplw/cp38-macosx_arm64/build/venv/lib/python3.8/site-packages (0.38.4)
2022-12-27T11:29:43.6583080Z Collecting delocate
2022-12-27T11:29:43.6609470Z   Using cached delocate-0.10.3-py3-none-any.whl (142 kB)
2022-12-27T11:29:43.6834290Z Collecting typing-extensions
2022-12-27T11:29:43.6856170Z   Using cached typing_extensions-4.4.0-py3-none-any.whl (26 kB)
2022-12-27T11:29:43.7115980Z Collecting packaging>=20.9
2022-12-27T11:29:43.7137900Z   Using cached packaging-21.3-py3-none-any.whl (40 kB)
2022-12-27T11:29:43.7521220Z Collecting pyparsing!=3.0.5,>=2.0.2
2022-12-27T11:29:43.7542150Z   Using cached pyparsing-3.0.9-py3-none-any.whl (98 kB)
2022-12-27T11:29:43.7924290Z Installing collected packages: typing-extensions, pyparsing, packaging, delocate
2022-12-27T11:29:43.9304370Z Successfully installed delocate-0.10.3 packaging-21.3 pyparsing-3.0.9 typing-extensions-4.4.0
2022-12-27T11:29:43.9718890Z ##[endgroup]
2022-12-27T11:29:43.9719560Z                                                               [32mâœ“ [0m0.89s
2022-12-27T11:29:43.9719940Z ##[group]Running before_build...
2022-12-27T11:29:43.9720060Z 
2022-12-27T11:29:43.9726130Z + pip install Cython; if [[ -f requirements.txt ]]; then pip install -r requirements.txt; fi
2022-12-27T11:29:44.6586430Z Collecting Cython
2022-12-27T11:29:44.6633350Z   Using cached Cython-0.29.32-py2.py3-none-any.whl (986 kB)
2022-12-27T11:29:44.7089410Z Installing collected packages: Cython
2022-12-27T11:29:45.1640390Z Successfully installed Cython-0.29.32
2022-12-27T11:29:45.2036400Z ##[endgroup]
2022-12-27T11:29:45.2037170Z                                                               [32mâœ“ [0m1.23s
2022-12-27T11:29:45.2037840Z ##[group]Building wheel...
2022-12-27T11:29:45.2038030Z 
2022-12-27T11:29:45.2042750Z + python -m pip wheel /Users/runner/actions-runner/_work/python.build/python.build/build_lxml21538/lxml-2.1.5 --wheel-dir=/private/var/folders/51/hd414ycd67n82196sw51xqtc0000gn/T/cibw-run-j1n_xplw/cp38-macosx_arm64/built_wheel --no-deps -vvv
2022-12-27T11:29:45.4909640Z Created temporary directory: /private/var/folders/51/hd414ycd67n82196sw51xqtc0000gn/T/pip-ephem-wheel-cache-uiuf6q78
2022-12-27T11:29:45.4914290Z Created temporary directory: /private/var/folders/51/hd414ycd67n82196sw51xqtc0000gn/T/pip-build-tracker-s0e10b_y
2022-12-27T11:29:45.4916730Z Initialized build tracking at /private/var/folders/51/hd414ycd67n82196sw51xqtc0000gn/T/pip-build-tracker-s0e10b_y
2022-12-27T11:29:45.4918730Z Created build tracker: /private/var/folders/51/hd414ycd67n82196sw51xqtc0000gn/T/pip-build-tracker-s0e10b_y
2022-12-27T11:29:45.4920680Z Entered build tracker: /private/var/folders/51/hd414ycd67n82196sw51xqtc0000gn/T/pip-build-tracker-s0e10b_y
2022-12-27T11:29:45.4924260Z Created temporary directory: /private/var/folders/51/hd414ycd67n82196sw51xqtc0000gn/T/pip-wheel-erfpg22y
2022-12-27T11:29:45.4931020Z Created temporary directory: /private/var/folders/51/hd414ycd67n82196sw51xqtc0000gn/T/pip-ephem-wheel-cache-wye92v9y
2022-12-27T11:29:45.5014530Z Processing /Users/runner/actions-runner/_work/python.build/python.build/build_lxml21538/lxml-2.1.5
2022-12-27T11:29:45.5019930Z   Added file:///Users/runner/actions-runner/_work/python.build/python.build/build_lxml21538/lxml-2.1.5 to build tracker '/private/var/folders/51/hd414ycd67n82196sw51xqtc0000gn/T/pip-build-tracker-s0e10b_y'
2022-12-27T11:29:45.5023960Z   Running setup.py (path:/Users/runner/actions-runner/_work/python.build/python.build/build_lxml21538/lxml-2.1.5/setup.py) egg_info for package from file:///Users/runner/actions-runner/_work/python.build/python.build/build_lxml21538/lxml-2.1.5
2022-12-27T11:29:45.5027410Z   Created temporary directory: /private/var/folders/51/hd414ycd67n82196sw51xqtc0000gn/T/pip-pip-egg-info-sau42zl6
2022-12-27T11:29:45.5029300Z   Preparing metadata (setup.py): started
2022-12-27T11:29:45.5031250Z   Running command python setup.py egg_info
2022-12-27T11:29:45.8954500Z   Building lxml version 2.1.5.
2022-12-27T11:29:45.8955660Z   Building with Cython 0.29.32.
2022-12-27T11:29:45.8957810Z   Using build configuration of libxslt 1.1.29
2022-12-27T11:29:45.8960230Z   Building against libxml2/libxslt in the following directory: /Library/Developer/CommandLineTools/SDKs/MacOSX12.1.sdk/usr/lib
2022-12-27T11:29:45.8961990Z   running egg_info
2022-12-27T11:29:45.8964780Z   creating /private/var/folders/51/hd414ycd67n82196sw51xqtc0000gn/T/pip-pip-egg-info-sau42zl6/lxml.egg-info
2022-12-27T11:29:45.8967230Z   writing /private/var/folders/51/hd414ycd67n82196sw51xqtc0000gn/T/pip-pip-egg-info-sau42zl6/lxml.egg-info/PKG-INFO
2022-12-27T11:29:45.8969890Z   writing dependency_links to /private/var/folders/51/hd414ycd67n82196sw51xqtc0000gn/T/pip-pip-egg-info-sau42zl6/lxml.egg-info/dependency_links.txt
2022-12-27T11:29:45.8973580Z   writing top-level names to /private/var/folders/51/hd414ycd67n82196sw51xqtc0000gn/T/pip-pip-egg-info-sau42zl6/lxml.egg-info/top_level.txt
2022-12-27T11:29:45.8975480Z   writing manifest file '/private/var/folders/51/hd414ycd67n82196sw51xqtc0000gn/T/pip-pip-egg-info-sau42zl6/lxml.egg-info/SOURCES.txt'
2022-12-27T11:29:45.9036900Z   reading manifest file '/private/var/folders/51/hd414ycd67n82196sw51xqtc0000gn/T/pip-pip-egg-info-sau42zl6/lxml.egg-info/SOURCES.txt'
2022-12-27T11:29:45.9039870Z   reading manifest template 'MANIFEST.in'
2022-12-27T11:29:45.9910540Z   adding license file 'LICENSES.txt'
2022-12-27T11:29:45.9973840Z   writing manifest file '/private/var/folders/51/hd414ycd67n82196sw51xqtc0000gn/T/pip-pip-egg-info-sau42zl6/lxml.egg-info/SOURCES.txt'
2022-12-27T11:29:46.0196730Z   Preparing metadata (setup.py): finished with status 'done'
2022-12-27T11:29:46.0220610Z   Source in /Users/runner/actions-runner/_work/python.build/python.build/build_lxml21538/lxml-2.1.5 has version 2.1.5, which satisfies requirement lxml==2.1.5 from file:///Users/runner/actions-runner/_work/python.build/python.build/build_lxml21538/lxml-2.1.5
2022-12-27T11:29:46.0224590Z   Removed lxml==2.1.5 from file:///Users/runner/actions-runner/_work/python.build/python.build/build_lxml21538/lxml-2.1.5 from build tracker '/private/var/folders/51/hd414ycd67n82196sw51xqtc0000gn/T/pip-build-tracker-s0e10b_y'
2022-12-27T11:29:46.0337910Z Created temporary directory: /private/var/folders/51/hd414ycd67n82196sw51xqtc0000gn/T/pip-unpack-oee1vkc_
2022-12-27T11:29:46.0340150Z Building wheels for collected packages: lxml
2022-12-27T11:29:46.0347840Z   Created temporary directory: /private/var/folders/51/hd414ycd67n82196sw51xqtc0000gn/T/pip-wheel-u4v1f5md
2022-12-27T11:29:46.0349710Z   Building wheel for lxml (setup.py): started
2022-12-27T11:29:46.0352080Z   Destination directory: /private/var/folders/51/hd414ycd67n82196sw51xqtc0000gn/T/pip-wheel-u4v1f5md
2022-12-27T11:29:46.0353950Z   Running command python setup.py bdist_wheel
2022-12-27T11:29:46.2970600Z   Building lxml version 2.1.5.
2022-12-27T11:29:46.2972520Z   Building with Cython 0.29.32.
2022-12-27T11:29:46.3099590Z   Using build configuration of libxslt 1.1.29
2022-12-27T11:29:46.4020790Z   Building against libxml2/libxslt in the following directory: /Library/Developer/CommandLineTools/SDKs/MacOSX12.1.sdk/usr/lib
2022-12-27T11:29:46.4262700Z   running bdist_wheel
2022-12-27T11:29:46.4305460Z   running build
2022-12-27T11:29:46.4307590Z   running build_py
2022-12-27T11:29:46.4330240Z   creating build
2022-12-27T11:29:46.4332530Z   creating build/lib.macosx-11.0-arm64-cpython-38
2022-12-27T11:29:46.4334480Z   creating build/lib.macosx-11.0-arm64-cpython-38/lxml
2022-12-27T11:29:46.4336380Z   copying src/lxml/_elementpath.py -> build/lib.macosx-11.0-arm64-cpython-38/lxml
2022-12-27T11:29:46.4340460Z   copying src/lxml/sax.py -> build/lib.macosx-11.0-arm64-cpython-38/lxml
2022-12-27T11:29:46.4344570Z   copying src/lxml/pyclasslookup.py -> build/lib.macosx-11.0-arm64-cpython-38/lxml
2022-12-27T11:29:46.4348520Z   copying src/lxml/__init__.py -> build/lib.macosx-11.0-arm64-cpython-38/lxml
2022-12-27T11:29:46.4351420Z   copying src/lxml/builder.py -> build/lib.macosx-11.0-arm64-cpython-38/lxml
2022-12-27T11:29:46.4356320Z   copying src/lxml/doctestcompare.py -> build/lib.macosx-11.0-arm64-cpython-38/lxml
2022-12-27T11:29:46.4361350Z   copying src/lxml/usedoctest.py -> build/lib.macosx-11.0-arm64-cpython-38/lxml
2022-12-27T11:29:46.4364430Z   copying src/lxml/cssselect.py -> build/lib.macosx-11.0-arm64-cpython-38/lxml
2022-12-27T11:29:46.4368150Z   copying src/lxml/ElementInclude.py -> build/lib.macosx-11.0-arm64-cpython-38/lxml
2022-12-27T11:29:46.4376400Z   creating build/lib.macosx-11.0-arm64-cpython-38/lxml/html
2022-12-27T11:29:46.4378140Z   copying src/lxml/html/soupparser.py -> build/lib.macosx-11.0-arm64-cpython-38/lxml/html
2022-12-27T11:29:46.4381890Z   copying src/lxml/html/defs.py -> build/lib.macosx-11.0-arm64-cpython-38/lxml/html
2022-12-27T11:29:46.4385770Z   copying src/lxml/html/_setmixin.py -> build/lib.macosx-11.0-arm64-cpython-38/lxml/html
2022-12-27T11:29:46.4388230Z   copying src/lxml/html/clean.py -> build/lib.macosx-11.0-arm64-cpython-38/lxml/html
2022-12-27T11:29:46.4392030Z   copying src/lxml/html/_diffcommand.py -> build/lib.macosx-11.0-arm64-cpython-38/lxml/html
2022-12-27T11:29:46.4395170Z   copying src/lxml/html/__init__.py -> build/lib.macosx-11.0-arm64-cpython-38/lxml/html
2022-12-27T11:29:46.4399150Z   copying src/lxml/html/formfill.py -> build/lib.macosx-11.0-arm64-cpython-38/lxml/html
2022-12-27T11:29:46.4404090Z   copying src/lxml/html/builder.py -> build/lib.macosx-11.0-arm64-cpython-38/lxml/html
2022-12-27T11:29:46.4407450Z   copying src/lxml/html/ElementSoup.py -> build/lib.macosx-11.0-arm64-cpython-38/lxml/html
2022-12-27T11:29:46.4410250Z   copying src/lxml/html/usedoctest.py -> build/lib.macosx-11.0-arm64-cpython-38/lxml/html
2022-12-27T11:29:46.4413350Z   copying src/lxml/html/diff.py -> build/lib.macosx-11.0-arm64-cpython-38/lxml/html
2022-12-27T11:29:46.4417610Z   copying src/lxml/html/_dictmixin.py -> build/lib.macosx-11.0-arm64-cpython-38/lxml/html
2022-12-27T11:29:46.4430230Z   running build_ext
2022-12-27T11:29:46.4838700Z   skipping 'src/lxml/lxml.etree.c' Cython extension (up-to-date)
2022-12-27T11:29:46.4842240Z   skipping 'src/lxml/lxml.objectify.c' Cython extension (up-to-date)
2022-12-27T11:29:46.4844670Z   building 'lxml.etree' extension
2022-12-27T11:29:46.4846510Z   creating build/temp.macosx-11.0-arm64-cpython-38
2022-12-27T11:29:46.4848000Z   creating build/temp.macosx-11.0-arm64-cpython-38/src
2022-12-27T11:29:46.4849550Z   creating build/temp.macosx-11.0-arm64-cpython-38/src/lxml
2022-12-27T11:29:46.4852040Z   gcc -Wno-unused-result -Wsign-compare -Wunreachable-code -fno-common -dynamic -DNDEBUG -g -fwrapv -O3 -Wall -g -I/usr/local/opt/openssl@3/include -I/usr/local/opt/openssl@3/include -arch arm64 -I/Library/Developer/CommandLineTools/SDKs/MacOSX12.1.sdk/usr/include -I/private/var/folders/51/hd414ycd67n82196sw51xqtc0000gn/T/cibw-run-j1n_xplw/cp38-macosx_arm64/build/venv/include -I/Library/Frameworks/Python.framework/Versions/3.8/include/python3.8 -c src/lxml/lxml.etree.c -o build/temp.macosx-11.0-arm64-cpython-38/src/lxml/lxml.etree.o -w -flat_namespace
2022-12-27T11:29:47.0247630Z   src/lxml/lxml.etree.c:127426:21: error: no member named 'exc_type' in 'struct _ts'
2022-12-27T11:29:47.0248860Z       *type = tstate->exc_type;
2022-12-27T11:29:47.0250370Z               ~~~~~~  ^
2022-12-27T11:29:47.0252610Z   src/lxml/lxml.etree.c:127427:22: error: no member named 'exc_value' in 'struct _ts'; did you mean 'curexc_value'?
2022-12-27T11:29:47.0254180Z       *value = tstate->exc_value;
2022-12-27T11:29:47.0255130Z                        ^~~~~~~~~
2022-12-27T11:29:47.0256730Z                        curexc_value
2022-12-27T11:29:47.0258460Z   /Library/Frameworks/Python.framework/Versions/3.8/include/python3.8/cpython/pystate.h:80:15: note: 'curexc_value' declared here
2022-12-27T11:29:47.0259790Z       PyObject *curexc_value;
2022-12-27T11:29:47.0261210Z                 ^
2022-12-27T11:29:47.0262850Z   src/lxml/lxml.etree.c:127428:19: error: no member named 'exc_traceback' in 'struct _ts'; did you mean 'curexc_traceback'?
2022-12-27T11:29:47.0264320Z       *tb = tstate->exc_traceback;
2022-12-27T11:29:47.0265500Z                     ^~~~~~~~~~~~~
2022-12-27T11:29:47.0266950Z                     curexc_traceback
2022-12-27T11:29:47.0268620Z   /Library/Frameworks/Python.framework/Versions/3.8/include/python3.8/cpython/pystate.h:81:15: note: 'curexc_traceback' declared here
2022-12-27T11:29:47.0269840Z       PyObject *curexc_traceback;
2022-12-27T11:29:47.0271330Z                 ^
2022-12-27T11:29:47.0272870Z   src/lxml/lxml.etree.c:127437:24: error: no member named 'exc_type' in 'struct _ts'
2022-12-27T11:29:47.0274200Z       tmp_type = tstate->exc_type;
2022-12-27T11:29:47.0275440Z                  ~~~~~~  ^
2022-12-27T11:29:47.0277180Z   src/lxml/lxml.etree.c:127438:25: error: no member named 'exc_value' in 'struct _ts'; did you mean 'curexc_value'?
2022-12-27T11:29:47.0278580Z       tmp_value = tstate->exc_value;
2022-12-27T11:29:47.0279940Z                           ^~~~~~~~~
2022-12-27T11:29:47.0281340Z                           curexc_value
2022-12-27T11:29:47.0283000Z   /Library/Frameworks/Python.framework/Versions/3.8/include/python3.8/cpython/pystate.h:80:15: note: 'curexc_value' declared here
2022-12-27T11:29:47.0284380Z       PyObject *curexc_value;
2022-12-27T11:29:47.0285660Z                 ^
2022-12-27T11:29:47.0287320Z   src/lxml/lxml.etree.c:127439:22: error: no member named 'exc_traceback' in 'struct _ts'; did you mean 'curexc_traceback'?
2022-12-27T11:29:47.0288710Z       tmp_tb = tstate->exc_traceback;
2022-12-27T11:29:47.0290060Z                        ^~~~~~~~~~~~~
2022-12-27T11:29:47.0291410Z                        curexc_traceback
2022-12-27T11:29:47.0293190Z   /Library/Frameworks/Python.framework/Versions/3.8/include/python3.8/cpython/pystate.h:81:15: note: 'curexc_traceback' declared here
2022-12-27T11:29:47.0294430Z       PyObject *curexc_traceback;
2022-12-27T11:29:47.0295790Z                 ^
2022-12-27T11:29:47.0297310Z   src/lxml/lxml.etree.c:127440:13: error: no member named 'exc_type' in 'struct _ts'
2022-12-27T11:29:47.0298810Z       tstate->exc_type = type;
2022-12-27T11:29:47.0300120Z       ~~~~~~  ^
2022-12-27T11:29:47.0301950Z   src/lxml/lxml.etree.c:127441:13: error: no member named 'exc_value' in 'struct _ts'; did you mean 'curexc_value'?
2022-12-27T11:29:47.0303080Z       tstate->exc_value = value;
2022-12-27T11:29:47.0304400Z               ^~~~~~~~~
2022-12-27T11:29:47.0305800Z               curexc_value
2022-12-27T11:29:47.0307420Z   /Library/Frameworks/Python.framework/Versions/3.8/include/python3.8/cpython/pystate.h:80:15: note: 'curexc_value' declared here
2022-12-27T11:29:47.0308600Z       PyObject *curexc_value;
2022-12-27T11:29:47.0309920Z                 ^
2022-12-27T11:29:47.0311630Z   src/lxml/lxml.etree.c:127442:13: error: no member named 'exc_traceback' in 'struct _ts'; did you mean 'curexc_traceback'?
2022-12-27T11:29:47.0312850Z       tstate->exc_traceback = tb;
2022-12-27T11:29:47.0314170Z               ^~~~~~~~~~~~~
2022-12-27T11:29:47.0315600Z               curexc_traceback
2022-12-27T11:29:47.0317290Z   /Library/Frameworks/Python.framework/Versions/3.8/include/python3.8/cpython/pystate.h:81:15: note: 'curexc_traceback' declared here
2022-12-27T11:29:47.0318620Z       PyObject *curexc_traceback;
2022-12-27T11:29:47.0319950Z                 ^
2022-12-27T11:29:47.0321710Z   src/lxml/lxml.etree.c:127519:24: error: no member named 'exc_type' in 'struct _ts'
2022-12-27T11:29:47.0323140Z       tmp_type = tstate->exc_type;
2022-12-27T11:29:47.0392940Z                  ~~~~~~  ^
2022-12-27T11:29:47.0393450Z   src/lxml/lxml.etree.c:127520:25: error: no member named 'exc_value' in 'struct _ts'; did you mean 'curexc_value'?
2022-12-27T11:29:47.0393750Z       tmp_value = tstate->exc_value;
2022-12-27T11:29:47.0394120Z                           ^~~~~~~~~
2022-12-27T11:29:47.0394390Z                           curexc_value
2022-12-27T11:29:47.0394850Z   /Library/Frameworks/Python.framework/Versions/3.8/include/python3.8/cpython/pystate.h:80:15: note: 'curexc_value' declared here
2022-12-27T11:29:47.0395290Z       PyObject *curexc_value;
2022-12-27T11:29:47.0395540Z                 ^
2022-12-27T11:29:47.0396090Z   src/lxml/lxml.etree.c:127521:22: error: no member named 'exc_traceback' in 'struct _ts'; did you mean 'curexc_traceback'?
2022-12-27T11:29:47.0396640Z       tmp_tb = tstate->exc_traceback;
2022-12-27T11:29:47.0397350Z                        ^~~~~~~~~~~~~
2022-12-27T11:29:47.0397660Z                        curexc_traceback
2022-12-27T11:29:47.0398730Z   /Library/Frameworks/Python.framework/Versions/3.8/include/python3.8/cpython/pystate.h:81:15: note: 'curexc_traceback' declared here
2022-12-27T11:29:47.0399180Z       PyObject *curexc_traceback;
2022-12-27T11:29:47.0399430Z                 ^
2022-12-27T11:29:47.0399920Z   src/lxml/lxml.etree.c:127522:13: error: no member named 'exc_type' in 'struct _ts'
2022-12-27T11:29:47.0400360Z       tstate->exc_type = *type;
2022-12-27T11:29:47.0400580Z       ~~~~~~  ^
2022-12-27T11:29:47.0401080Z   src/lxml/lxml.etree.c:127523:13: error: no member named 'exc_value' in 'struct _ts'; did you mean 'curexc_value'?
2022-12-27T11:29:47.0401460Z       tstate->exc_value = *value;
2022-12-27T11:29:47.0401700Z               ^~~~~~~~~
2022-12-27T11:29:47.0401970Z               curexc_value
2022-12-27T11:29:47.0402510Z   /Library/Frameworks/Python.framework/Versions/3.8/include/python3.8/cpython/pystate.h:80:15: note: 'curexc_value' declared here
2022-12-27T11:29:47.0402840Z       PyObject *curexc_value;
2022-12-27T11:29:47.0403070Z                 ^
2022-12-27T11:29:47.0403730Z   src/lxml/lxml.etree.c:127524:13: error: no member named 'exc_traceback' in 'struct _ts'; did you mean 'curexc_traceback'?
2022-12-27T11:29:47.0404190Z       tstate->exc_traceback = *tb;
2022-12-27T11:29:47.0404420Z               ^~~~~~~~~~~~~
2022-12-27T11:29:47.0404690Z               curexc_traceback
2022-12-27T11:29:47.0405380Z   /Library/Frameworks/Python.framework/Versions/3.8/include/python3.8/cpython/pystate.h:81:15: note: 'curexc_traceback' declared here
2022-12-27T11:29:47.0405740Z       PyObject *curexc_traceback;
2022-12-27T11:29:47.0406010Z                 ^
2022-12-27T11:29:47.0406260Z   15 errors generated.
2022-12-27T11:29:47.0406950Z   error: command '/usr/bin/gcc' failed with exit code 1
2022-12-27T11:29:47.0738530Z   error: subprocess-exited-with-error
2022-12-27T11:29:47.0738950Z   
2022-12-27T11:29:47.0739530Z   Ã— python setup.py bdist_wheel did not run successfully.
2022-12-27T11:29:47.0739960Z   â”‚ exit code: 1
2022-12-27T11:29:47.0740550Z   â•°â”€> See above for output.
2022-12-27T11:29:47.0740890Z   
2022-12-27T11:29:47.0741250Z   note: This error originates from a subprocess, and is likely not a problem with pip.
2022-12-27T11:29:47.0751860Z   full command: /private/var/folders/51/hd414ycd67n82196sw51xqtc0000gn/T/cibw-run-j1n_xplw/cp38-macosx_arm64/build/venv/bin/python -u -c '
2022-12-27T11:29:47.0752210Z   exec(compile('"'"''"'"''"'"'
2022-12-27T11:29:47.0752500Z   # This is <pip-setuptools-caller> -- a caller that pip uses to run setup.py
2022-12-27T11:29:47.0752690Z   #
2022-12-27T11:29:47.0752990Z   # - It imports setuptools before invoking setup.py, to enable projects that directly
2022-12-27T11:29:47.0753290Z   #   import from `distutils.core` to work with newer packaging standards.
2022-12-27T11:29:47.0753580Z   # - It provides a clear error message when setuptools is not installed.
2022-12-27T11:29:47.0753900Z   # - It sets `sys.argv[0]` to the underlying `setup.py`, when invoking `setup.py` so
2022-12-27T11:29:47.0754210Z   #   setuptools doesn'"'"'t think the script is `-c`. This avoids the following warning:
2022-12-27T11:29:47.0754860Z   #     manifest_maker: standard file '"'"'-c'"'"' not found".
2022-12-27T11:29:47.0755400Z   # - It generates a shim setup.py, for handling setup.cfg-only projects.
2022-12-27T11:29:47.0755730Z   import os, sys, tokenize
2022-12-27T11:29:47.0755980Z   
2022-12-27T11:29:47.0756170Z   try:
2022-12-27T11:29:47.0756420Z       import setuptools
2022-12-27T11:29:47.0756710Z   except ImportError as error:
2022-12-27T11:29:47.0756930Z       print(
2022-12-27T11:29:47.0757260Z           "ERROR: Can not execute `setup.py` since setuptools is not available in "
2022-12-27T11:29:47.0757600Z           "the build environment.",
2022-12-27T11:29:47.0757870Z           file=sys.stderr,
2022-12-27T11:29:47.0758070Z       )
2022-12-27T11:29:47.0758360Z       sys.exit(1)
2022-12-27T11:29:47.0759090Z   
2022-12-27T11:29:47.0759250Z   __file__ = %r
2022-12-27T11:29:47.0759470Z   sys.argv[0] = __file__
2022-12-27T11:29:47.0759670Z   
2022-12-27T11:29:47.0759860Z   if os.path.exists(__file__):
2022-12-27T11:29:47.0760070Z       filename = __file__
2022-12-27T11:29:47.0760350Z       with tokenize.open(__file__) as f:
2022-12-27T11:29:47.0760580Z           setup_py_code = f.read()
2022-12-27T11:29:47.0760830Z   else:
2022-12-27T11:29:47.0761230Z       filename = "<auto-generated setuptools caller>"
2022-12-27T11:29:47.0761550Z       setup_py_code = "from setuptools import setup; setup()"
2022-12-27T11:29:47.0761830Z   
2022-12-27T11:29:47.0762100Z   exec(compile(setup_py_code, filename, "exec"))
2022-12-27T11:29:47.0762840Z   '"'"''"'"''"'"' % ('"'"'/Users/runner/actions-runner/_work/python.build/python.build/build_lxml21538/lxml-2.1.5/setup.py'"'"',), "<pip-setuptools-caller>", "exec"))' bdist_wheel -d /private/var/folders/51/hd414ycd67n82196sw51xqtc0000gn/T/pip-wheel-u4v1f5md
2022-12-27T11:29:47.0763570Z   cwd: /Users/runner/actions-runner/_work/python.build/python.build/build_lxml21538/lxml-2.1.5/
2022-12-27T11:29:47.0763920Z   ERROR: Failed building wheel for lxml
2022-12-27T11:29:47.0764380Z   Building wheel for lxml (setup.py): finished with status 'error'
2022-12-27T11:29:47.0764680Z   Running setup.py clean for lxml
2022-12-27T11:29:47.0766840Z   Running command python setup.py clean
2022-12-27T11:29:47.3413150Z   Building lxml version 2.1.5.
2022-12-27T11:29:47.3415170Z   Building with Cython 0.29.32.
2022-12-27T11:29:47.3543720Z   Using build configuration of libxslt 1.1.29
2022-12-27T11:29:47.4484100Z   Building against libxml2/libxslt in the following directory: /Library/Developer/CommandLineTools/SDKs/MacOSX12.1.sdk/usr/lib
2022-12-27T11:29:47.4626770Z   running clean
2022-12-27T11:29:47.4658040Z   removing 'build/temp.macosx-11.0-arm64-cpython-38' (and everything under it)
2022-12-27T11:29:47.4661320Z   removing 'build/lib.macosx-11.0-arm64-cpython-38' (and everything under it)
2022-12-27T11:29:47.4681610Z   'build/bdist.macosx-11.0-arm64' does not exist -- can't clean it
2022-12-27T11:29:47.4684050Z   'build/scripts-3.8' does not exist -- can't clean it
2022-12-27T11:29:47.4686500Z   removing 'build'
2022-12-27T11:29:47.4907160Z Failed to build lxml
2022-12-27T11:29:47.4912210Z ERROR: Failed to build one or more wheels
2022-12-27T11:29:47.4922690Z Exception information:
2022-12-27T11:29:47.4922930Z Traceback (most recent call last):
2022-12-27T11:29:47.4929880Z   File "/private/var/folders/51/hd414ycd67n82196sw51xqtc0000gn/T/cibw-run-j1n_xplw/cp38-macosx_arm64/build/venv/lib/python3.8/site-packages/pip/_internal/cli/base_command.py", line 160, in exc_logging_wrapper
2022-12-27T11:29:47.4930350Z     status = run_func(*args)
2022-12-27T11:29:47.4930980Z   File "/private/var/folders/51/hd414ycd67n82196sw51xqtc0000gn/T/cibw-run-j1n_xplw/cp38-macosx_arm64/build/venv/lib/python3.8/site-packages/pip/_internal/cli/req_command.py", line 247, in wrapper
2022-12-27T11:29:47.4931360Z     return func(self, options, args)
2022-12-27T11:29:47.4931920Z   File "/private/var/folders/51/hd414ycd67n82196sw51xqtc0000gn/T/cibw-run-j1n_xplw/cp38-macosx_arm64/build/venv/lib/python3.8/site-packages/pip/_internal/commands/wheel.py", line 201, in run
2022-12-27T11:29:47.4932290Z     raise CommandError("Failed to build one or more wheels")
2022-12-27T11:29:47.4932600Z pip._internal.exceptions.CommandError: Failed to build one or more wheels
2022-12-27T11:29:47.4933040Z Removed build tracker: '/private/var/folders/51/hd414ycd67n82196sw51xqtc0000gn/T/pip-build-tracker-s0e10b_y'
2022-12-27T11:29:47.5295480Z ##[endgroup]
2022-12-27T11:29:47.5296100Z                                                               [31mâœ• [0m2.33s
2022-12-27T11:29:47.5678100Z ##[error]Command ['python', '-m', 'pip', 'wheel', '/Users/runner/actions-runner/_work/python.build/python.build/build_lxml21538/lxml-2.1.5', '--wheel-dir=/private/var/folders/51/hd414ycd67n82196sw51xqtc0000gn/T/cibw-run-j1n_xplw/cp38-macosx_arm64/built_wheel', '--no-deps', '-vvv'] failed with code 1. None
2022-12-27T11:29:47.5684970Z 
2022-12-27T11:29:47.5781490Z ##[error]Process completed with exit code 1.
2022-12-27T11:29:47.5813180Z ##[group]Run rm -rf build_lxml21538 wheelsout
2022-12-27T11:29:47.5813370Z [36;1mrm -rf build_lxml21538 wheelsout[0m
2022-12-27T11:29:47.5828390Z shell: /bin/bash -e {0}
2022-12-27T11:29:47.5828500Z env:
2022-12-27T11:29:47.5828650Z   pythonLocation: /Users/runner/hostedtoolcache/Python/3.8.15/x64
2022-12-27T11:29:47.5828850Z   PKG_CONFIG_PATH: /Users/runner/hostedtoolcache/Python/3.8.15/x64/lib/pkgconfig
2022-12-27T11:29:47.5829030Z   Python_ROOT_DIR: /Users/runner/hostedtoolcache/Python/3.8.15/x64
2022-12-27T11:29:47.5829210Z   Python2_ROOT_DIR: /Users/runner/hostedtoolcache/Python/3.8.15/x64
2022-12-27T11:29:47.5829380Z   Python3_ROOT_DIR: /Users/runner/hostedtoolcache/Python/3.8.15/x64
2022-12-27T11:29:47.5829510Z ##[endgroup]
2022-12-27T11:29:47.6369850Z Cleaning up orphan processes
