2022-12-27T01:50:49.8773115Z Requested labels: self-hosted, macOS, X64
2022-12-27T01:50:49.8773192Z Job defined at: kilnbuild/python.build/.github/workflows/mac_arm_build.yml@refs/heads/main
2022-12-27T01:50:49.8773241Z Waiting for a runner to pick up this job...
2022-12-27T01:50:51.5481875Z Job is about to start running on the runner: k2 (organization)
2022-12-27T01:50:56.1365230Z Current runner version: '2.300.2'
2022-12-27T01:50:56.1370060Z Runner name: 'k2'
2022-12-27T01:50:56.1370310Z Runner group name: 'Default'
2022-12-27T01:50:56.1370720Z Machine name: 'k2'
2022-12-27T01:50:56.1372300Z ##[group]GITHUB_TOKEN Permissions
2022-12-27T01:50:56.1372680Z Actions: write
2022-12-27T01:50:56.1372810Z Checks: write
2022-12-27T01:50:56.1372940Z Contents: write
2022-12-27T01:50:56.1373080Z Deployments: write
2022-12-27T01:50:56.1373210Z Discussions: write
2022-12-27T01:50:56.1373340Z Issues: write
2022-12-27T01:50:56.1373470Z Metadata: read
2022-12-27T01:50:56.1373600Z Packages: write
2022-12-27T01:50:56.1373730Z Pages: write
2022-12-27T01:50:56.1373870Z PullRequests: write
2022-12-27T01:50:56.1374020Z RepositoryProjects: write
2022-12-27T01:50:56.1374180Z SecurityEvents: write
2022-12-27T01:50:56.1374320Z Statuses: write
2022-12-27T01:50:56.1374450Z ##[endgroup]
2022-12-27T01:50:56.1376860Z Secret source: Actions
2022-12-27T01:50:56.1377160Z Prepare workflow directory
2022-12-27T01:50:56.2044150Z Prepare all required actions
2022-12-27T01:50:56.2163350Z Getting action download info
2022-12-27T01:50:56.6453390Z Download action repository 'actions/setup-python@v4' (SHA:5ccb29d8773c3f3f653e1705f474dfaa8a06a912)
2022-12-27T01:50:59.0790540Z Download action repository 'actions/upload-artifact@v3' (SHA:83fd05a356d7e2593de66fc9913b3002723633cb)
2022-12-27T01:51:00.4754890Z ##[group]Run echo '{
2022-12-27T01:51:00.4755190Z [36;1mecho '{[0m
2022-12-27T01:51:00.4755420Z [36;1m  "environment_variables": "GRPC_PYTHON_BUILD_WITH_CYTHON=1 GRPC_BUILD_WITH_BORING_SSL_ASM='' GRPC_PYTHON_BUILD_SYSTEM_OPENSSL=TRUE",[0m
2022-12-27T01:51:00.4755650Z [36;1m  "package_name": "grpcio",[0m
2022-12-27T01:51:00.4755930Z [36;1m  "package_url": "https://files.pythonhosted.org/packages/e9/5a/dd141c6f1dcc3547a045d553701a8c3283cf1cd6b1ff16388b51f2587f32/grpcio-0.4.0a1.tar.gz",[0m
2022-12-27T01:51:00.4756180Z [36;1m  "package_version": "0.4.0a1",[0m
2022-12-27T01:51:00.4756310Z [36;1m  "python_version": "3.11",[0m
2022-12-27T01:51:00.4756480Z [36;1m  "use_ccache": "true"[0m
2022-12-27T01:51:00.4756630Z [36;1m}'[0m
2022-12-27T01:51:00.4771530Z shell: /bin/bash -e {0}
2022-12-27T01:51:00.4771770Z ##[endgroup]
2022-12-27T01:51:00.4980150Z {
2022-12-27T01:51:00.4981640Z   "environment_variables": "GRPC_PYTHON_BUILD_WITH_CYTHON=1 GRPC_BUILD_WITH_BORING_SSL_ASM= GRPC_PYTHON_BUILD_SYSTEM_OPENSSL=TRUE",
2022-12-27T01:51:00.4981950Z   "package_name": "grpcio",
2022-12-27T01:51:00.4982630Z   "package_url": "https://files.pythonhosted.org/packages/e9/5a/dd141c6f1dcc3547a045d553701a8c3283cf1cd6b1ff16388b51f2587f32/grpcio-0.4.0a1.tar.gz",
2022-12-27T01:51:00.4982900Z   "package_version": "0.4.0a1",
2022-12-27T01:51:00.4983290Z   "python_version": "3.11",
2022-12-27T01:51:00.4983470Z   "use_ccache": "true"
2022-12-27T01:51:00.4983730Z }
2022-12-27T01:51:00.5193600Z ##[group]Run actions/setup-python@v4
2022-12-27T01:51:00.5193840Z with:
2022-12-27T01:51:00.5194030Z   python-version: 3.11
2022-12-27T01:51:00.5194180Z   check-latest: false
2022-12-27T01:51:00.5194650Z   token: ***
2022-12-27T01:51:00.5194840Z   update-environment: true
2022-12-27T01:51:00.5194990Z ##[endgroup]
2022-12-27T01:51:00.6510890Z ##[group]Installed versions
2022-12-27T01:51:00.6611010Z Successfully set up CPython (3.11.1)
2022-12-27T01:51:00.6612130Z ##[endgroup]
2022-12-27T01:51:00.6754900Z ##[group]Run if [ "true" == "true" ]
2022-12-27T01:51:00.6755160Z [36;1mif [ "true" == "true" ][0m
2022-12-27T01:51:00.6755320Z [36;1mthen[0m
2022-12-27T01:51:00.6755540Z [36;1m  echo "CCACHE_PATH_PREPEND=/usr/local/opt/ccache/libexec" >> $GITHUB_OUTPUT[0m
2022-12-27T01:51:00.6755820Z [36;1melse[0m
2022-12-27T01:51:00.6755970Z [36;1m  echo "CCACHE_PATH_PREPEND=" >> $GITHUB_OUTPUT[0m
2022-12-27T01:51:00.6756160Z [36;1mfi[0m
2022-12-27T01:51:00.6773750Z shell: /bin/bash -e {0}
2022-12-27T01:51:00.6774020Z env:
2022-12-27T01:51:00.6774210Z   pythonLocation: /Users/runner/hostedtoolcache/Python/3.11.1/x64
2022-12-27T01:51:00.6774460Z   PKG_CONFIG_PATH: /Users/runner/hostedtoolcache/Python/3.11.1/x64/lib/pkgconfig
2022-12-27T01:51:00.6775020Z   Python_ROOT_DIR: /Users/runner/hostedtoolcache/Python/3.11.1/x64
2022-12-27T01:51:00.6775220Z   Python2_ROOT_DIR: /Users/runner/hostedtoolcache/Python/3.11.1/x64
2022-12-27T01:51:00.6775590Z   Python3_ROOT_DIR: /Users/runner/hostedtoolcache/Python/3.11.1/x64
2022-12-27T01:51:00.6775790Z ##[endgroup]
2022-12-27T01:51:00.6879420Z ##[group]Run echo "BUILD_NAME=$(echo grpcio_0.4.0a1_3.11 | tr -dc '[:alnum:]\n\r' | tr '[:upper:]' '[:lower:]')" >> $GITHUB_OUTPUT
2022-12-27T01:51:00.6879810Z [36;1mecho "BUILD_NAME=$(echo grpcio_0.4.0a1_3.11 | tr -dc '[:alnum:]\n\r' | tr '[:upper:]' '[:lower:]')" >> $GITHUB_OUTPUT[0m
2022-12-27T01:51:00.6893720Z shell: /bin/bash -e {0}
2022-12-27T01:51:00.6893880Z env:
2022-12-27T01:51:00.6894090Z   pythonLocation: /Users/runner/hostedtoolcache/Python/3.11.1/x64
2022-12-27T01:51:00.6894350Z   PKG_CONFIG_PATH: /Users/runner/hostedtoolcache/Python/3.11.1/x64/lib/pkgconfig
2022-12-27T01:51:00.6894560Z   Python_ROOT_DIR: /Users/runner/hostedtoolcache/Python/3.11.1/x64
2022-12-27T01:51:00.6894880Z   Python2_ROOT_DIR: /Users/runner/hostedtoolcache/Python/3.11.1/x64
2022-12-27T01:51:00.6895110Z   Python3_ROOT_DIR: /Users/runner/hostedtoolcache/Python/3.11.1/x64
2022-12-27T01:51:00.6895300Z ##[endgroup]
2022-12-27T01:51:00.7034500Z ##[group]Run echo "PYTHON_NO_DOTS=$(echo 3.11 | tr -dc '[:alnum:]\n\r' | tr '[:upper:]' '[:lower:]')" >> $GITHUB_OUTPUT
2022-12-27T01:51:00.7034920Z [36;1mecho "PYTHON_NO_DOTS=$(echo 3.11 | tr -dc '[:alnum:]\n\r' | tr '[:upper:]' '[:lower:]')" >> $GITHUB_OUTPUT[0m
2022-12-27T01:51:00.7049040Z shell: /bin/bash -e {0}
2022-12-27T01:51:00.7049220Z env:
2022-12-27T01:51:00.7049420Z   pythonLocation: /Users/runner/hostedtoolcache/Python/3.11.1/x64
2022-12-27T01:51:00.7049680Z   PKG_CONFIG_PATH: /Users/runner/hostedtoolcache/Python/3.11.1/x64/lib/pkgconfig
2022-12-27T01:51:00.7049890Z   Python_ROOT_DIR: /Users/runner/hostedtoolcache/Python/3.11.1/x64
2022-12-27T01:51:00.7050110Z   Python2_ROOT_DIR: /Users/runner/hostedtoolcache/Python/3.11.1/x64
2022-12-27T01:51:00.7050390Z   Python3_ROOT_DIR: /Users/runner/hostedtoolcache/Python/3.11.1/x64
2022-12-27T01:51:00.7050540Z ##[endgroup]
2022-12-27T01:51:00.7154070Z ##[group]Run rm -rf build_grpcio040a1311
2022-12-27T01:51:00.7154400Z [36;1mrm -rf build_grpcio040a1311[0m
2022-12-27T01:51:00.7154570Z [36;1mmkdir build_grpcio040a1311[0m
2022-12-27T01:51:00.7154740Z [36;1mcd build_grpcio040a1311[0m
2022-12-27T01:51:00.7155070Z [36;1m/usr/local/bin/wget --quiet https://files.pythonhosted.org/packages/e9/5a/dd141c6f1dcc3547a045d553701a8c3283cf1cd6b1ff16388b51f2587f32/grpcio-0.4.0a1.tar.gz[0m
2022-12-27T01:51:00.7155330Z [36;1mtar xf *.tar.gz[0m
2022-12-27T01:51:00.7155500Z [36;1mcd grpcio-*/[0m
2022-12-27T01:51:00.7155680Z [36;1mpython -m pip install cibuildwheel==2.11.3[0m
2022-12-27T01:51:00.7155880Z [36;1mpython -m cibuildwheel --output-dir ../wheelsout[0m
2022-12-27T01:51:00.7169720Z shell: /bin/bash -e {0}
2022-12-27T01:51:00.7169970Z env:
2022-12-27T01:51:00.7170160Z   pythonLocation: /Users/runner/hostedtoolcache/Python/3.11.1/x64
2022-12-27T01:51:00.7170410Z   PKG_CONFIG_PATH: /Users/runner/hostedtoolcache/Python/3.11.1/x64/lib/pkgconfig
2022-12-27T01:51:00.7170640Z   Python_ROOT_DIR: /Users/runner/hostedtoolcache/Python/3.11.1/x64
2022-12-27T01:51:00.7170890Z   Python2_ROOT_DIR: /Users/runner/hostedtoolcache/Python/3.11.1/x64
2022-12-27T01:51:00.7171100Z   Python3_ROOT_DIR: /Users/runner/hostedtoolcache/Python/3.11.1/x64
2022-12-27T01:51:00.7171260Z   CIBW_ARCHS_MACOS: arm64
2022-12-27T01:51:00.7171420Z   CIBW_TEST_SKIP: *_arm64
2022-12-27T01:51:00.7171630Z   CIBW_BUILD: cp311-macosx_arm64
2022-12-27T01:51:00.7171770Z   CIBW_BUILD_FRONTEND: pip
2022-12-27T01:51:00.7171940Z   CIBW_BUILD_VERBOSITY: 3
2022-12-27T01:51:00.7172310Z   CIBW_ENVIRONMENT_MACOS: GRPC_PYTHON_BUILD_WITH_CYTHON=1 GRPC_BUILD_WITH_BORING_SSL_ASM='' GRPC_PYTHON_BUILD_SYSTEM_OPENSSL=TRUE CFLAGS="-I/usr/local/opt/openssl@3/include" LDFLAGS="-L/usr/local/opt/openssl@3/lib" CPPFLAGS="-I/usr/local/opt/openssl@3/include" MAKEFLAGS="-j$(sysctl -n hw.logicalcpu)" PATH=/usr/local/opt/ccache/libexec:$PATH
2022-12-27T01:51:00.7172910Z   CIBW_BEFORE_BUILD: pip install Cython; if [[ -f requirements.txt ]]; then pip install -r requirements.txt; fi
2022-12-27T01:51:00.7173150Z   MAKEFLAGS: -j$(sysctl -n hw.logicalcpu)
2022-12-27T01:51:00.7173330Z ##[endgroup]
2022-12-27T01:51:01.1049350Z Requirement already satisfied: cibuildwheel==2.11.3 in /Library/Frameworks/Python.framework/Versions/3.11/lib/python3.11/site-packages (2.11.3)
2022-12-27T01:51:01.1352050Z Requirement already satisfied: bashlex!=0.13 in /Library/Frameworks/Python.framework/Versions/3.11/lib/python3.11/site-packages (from cibuildwheel==2.11.3) (0.16)
2022-12-27T01:51:01.1358530Z Requirement already satisfied: bracex in /Library/Frameworks/Python.framework/Versions/3.11/lib/python3.11/site-packages (from cibuildwheel==2.11.3) (2.3.post1)
2022-12-27T01:51:01.1365060Z Requirement already satisfied: certifi in /Library/Frameworks/Python.framework/Versions/3.11/lib/python3.11/site-packages (from cibuildwheel==2.11.3) (2022.12.7)
2022-12-27T01:51:01.1371210Z Requirement already satisfied: filelock in /Library/Frameworks/Python.framework/Versions/3.11/lib/python3.11/site-packages (from cibuildwheel==2.11.3) (3.8.2)
2022-12-27T01:51:01.1380430Z Requirement already satisfied: packaging>=20.9 in /Library/Frameworks/Python.framework/Versions/3.11/lib/python3.11/site-packages (from cibuildwheel==2.11.3) (22.0)
2022-12-27T01:51:01.1388310Z Requirement already satisfied: platformdirs in /Library/Frameworks/Python.framework/Versions/3.11/lib/python3.11/site-packages (from cibuildwheel==2.11.3) (2.6.0)
2022-12-27T01:51:01.3553590Z 
2022-12-27T01:51:01.3553970Z      _ _       _ _   _       _           _
2022-12-27T01:51:01.3554340Z  ___|_| |_ _ _|_| |_| |_ _ _| |_ ___ ___| |
2022-12-27T01:51:01.3554990Z |  _| | . | | | | | . | | | |   | -_| -_| |
2022-12-27T01:51:01.3555450Z |___|_|___|___|_|_|___|_____|_|_|___|___|_|
2022-12-27T01:51:01.3555620Z 
2022-12-27T01:51:01.3555750Z cibuildwheel version 2.11.3
2022-12-27T01:51:01.3555910Z 
2022-12-27T01:51:01.3556000Z Build options:
2022-12-27T01:51:01.3556250Z   platform: macos
2022-12-27T01:51:01.3597360Z   architectures: arm64[0m
2022-12-27T01:51:01.3598480Z   build_selector: 
2022-12-27T01:51:01.3598860Z     build_config: cp311-macosx_arm64
2022-12-27T01:51:01.3599130Z     skip_config: 
2022-12-27T01:51:01.3599560Z     requires_python: None
2022-12-27T01:51:01.3599890Z     prerelease_pythons: False[0m
2022-12-27T01:51:01.3600260Z   [38;5;244mcontainer_engine: docker[0m
2022-12-27T01:51:01.3600780Z   output_dir: /Users/runner/actions-runner/_work/python.build/python.build/build_grpcio040a1311/wheelsout[0m
2022-12-27T01:51:01.3601360Z   package_dir: /Users/runner/actions-runner/_work/python.build/python.build/build_grpcio040a1311/grpcio-0.4.0a1[0m
2022-12-27T01:51:01.3601870Z   test_selector: 
2022-12-27T01:51:01.3602220Z     skip_config: *_arm64[0m
2022-12-27T01:51:01.3602510Z   [38;5;244mbefore_all: [0m
2022-12-27T01:51:01.3603140Z   before_build: pip install Cython; if [[ -f requirements.txt ]]; then pip install -r requirements.txt; fi[0m
2022-12-27T01:51:01.3603570Z   [38;5;244mbefore_test: [0m
2022-12-27T01:51:01.3604010Z   [38;5;244mbuild_frontend: pip[0m
2022-12-27T01:51:01.3604290Z   build_verbosity: 3[0m
2022-12-27T01:51:01.3604600Z   [38;5;244mconfig_settings: [0m
2022-12-27T01:51:01.3604940Z   [38;5;244mdependency_constraints: pinned[0m
2022-12-27T01:51:01.3605180Z   environment: 
2022-12-27T01:51:01.3605530Z     GRPC_PYTHON_BUILD_WITH_CYTHON=1
2022-12-27T01:51:01.3605850Z     GRPC_BUILD_WITH_BORING_SSL_ASM=''
2022-12-27T01:51:01.3606120Z     GRPC_PYTHON_BUILD_SYSTEM_OPENSSL=TRUE
2022-12-27T01:51:01.3606480Z     CFLAGS="-I/usr/local/opt/openssl@3/include"
2022-12-27T01:51:01.3606950Z     LDFLAGS="-L/usr/local/opt/openssl@3/lib"
2022-12-27T01:51:01.3607290Z     CPPFLAGS="-I/usr/local/opt/openssl@3/include"
2022-12-27T01:51:01.3607660Z     MAKEFLAGS="-j$(sysctl -n hw.logicalcpu)"
2022-12-27T01:51:01.3608400Z     PATH=/usr/local/opt/ccache/libexec:$PATH[0m
2022-12-27T01:51:01.3608710Z   [38;5;244mmanylinux_images: None[0m
2022-12-27T01:51:01.3609210Z   [38;5;244mmusllinux_images: None[0m
2022-12-27T01:51:01.3609690Z   [38;5;244mrepair_command: delocate-wheel --require-archs {delocate_archs} -w {dest_dir} -v {wheel}[0m
2022-12-27T01:51:01.3610090Z   [38;5;244mtest_command: [0m
2022-12-27T01:51:01.3610350Z   [38;5;244mtest_extras: [0m
2022-12-27T01:51:01.3610650Z   [38;5;244mtest_requires: [0m
2022-12-27T01:51:01.3610930Z 
2022-12-27T01:51:01.3611090Z Cache folder: /Users/runner/Library/Caches/cibuildwheel
2022-12-27T01:51:01.3613480Z 
2022-12-27T01:51:01.3613680Z Here we go!
2022-12-27T01:51:01.3613810Z 
2022-12-27T01:51:01.3728010Z 
2022-12-27T01:51:01.3728380Z [1m[34mBuilding cp311-macosx_arm64 wheel[0m
2022-12-27T01:51:01.3728820Z CPython 3.11 macOS arm64 - Apple Silicon
2022-12-27T01:51:01.3729000Z 
2022-12-27T01:51:01.3731640Z ##[group]Installing Python cp311...
2022-12-27T01:51:01.3731890Z 
2022-12-27T01:51:01.3732200Z + pkgutil --pkgs
2022-12-27T01:51:01.3833220Z ##[endgroup]
2022-12-27T01:51:01.3834040Z                                                               [32mâœ“ [0m0.01s
2022-12-27T01:51:01.3834520Z ##[group]Setting up build environment...
2022-12-27T01:51:01.3834640Z 
2022-12-27T01:51:01.3851980Z + /Library/Frameworks/Python.framework/Versions/3.11/bin/python -sS /Users/runner/Library/Caches/cibuildwheel/virtualenv-20.17.0.pyz --activators= --no-periodic-update --pip=22.3.1 --setuptools=65.6.3 --wheel=0.38.4 --symlink-app-data --python /Library/Frameworks/Python.framework/Versions/3.11/bin/python3 /private/var/folders/51/hd414ycd67n82196sw51xqtc0000gn/T/cibw-run-siia2pu_/cp311-macosx_arm64/build/venv
2022-12-27T01:51:01.5729900Z created virtual environment CPython3.11.1.final.0-64 in 54ms
2022-12-27T01:51:01.5730420Z   creator CPython3Posix(dest=/private/var/folders/51/hd414ycd67n82196sw51xqtc0000gn/T/cibw-run-siia2pu_/cp311-macosx_arm64/build/venv, clear=False, no_vcs_ignore=False, global=False)
2022-12-27T01:51:01.5731070Z   seeder FromAppData(download=False, pip=22.3.1, setuptools=65.6.3, wheel=0.38.4, via=symlink, app_data_dir=/Users/runner/Library/Application Support/virtualenv)
2022-12-27T01:51:01.5731440Z     added seed packages: pip==22.3.1, setuptools==65.6.3, wheel==0.38.4
2022-12-27T01:51:01.5860840Z + python -m pip install --upgrade pip -c /Library/Frameworks/Python.framework/Versions/3.11/lib/python3.11/site-packages/cibuildwheel/resources/constraints-python311.txt
2022-12-27T01:51:01.8607680Z Requirement already satisfied: pip in ./lib/python3.11/site-packages (22.3.1)
2022-12-27T01:51:01.9959750Z + which pip
2022-12-27T01:51:01.9979550Z /private/var/folders/51/hd414ycd67n82196sw51xqtc0000gn/T/cibw-run-siia2pu_/cp311-macosx_arm64/build/venv/bin/pip
2022-12-27T01:51:01.9981450Z + pip --version
2022-12-27T01:51:02.1819500Z pip 22.3.1 from /private/var/folders/51/hd414ycd67n82196sw51xqtc0000gn/T/cibw-run-siia2pu_/cp311-macosx_arm64/build/venv/lib/python3.11/site-packages/pip (python 3.11)
2022-12-27T01:51:02.2064480Z + which pip
2022-12-27T01:51:02.2089270Z + which python
2022-12-27T01:51:02.2106950Z /private/var/folders/51/hd414ycd67n82196sw51xqtc0000gn/T/cibw-run-siia2pu_/cp311-macosx_arm64/build/venv/bin/python
2022-12-27T01:51:02.2108210Z + python --version
2022-12-27T01:51:02.2159790Z Python 3.11.1
2022-12-27T01:51:02.2162530Z + which python
2022-12-27T01:51:02.2208670Z ##[endgroup]
2022-12-27T01:51:02.2209350Z                                                               [32mâœ“ [0m0.84s
2022-12-27T01:51:02.2209890Z ##[group]Installing build tools...
2022-12-27T01:51:02.2210040Z 
2022-12-27T01:51:02.2210440Z + pip install --upgrade setuptools wheel delocate -c /Library/Frameworks/Python.framework/Versions/3.11/lib/python3.11/site-packages/cibuildwheel/resources/constraints-python311.txt
2022-12-27T01:51:02.4786170Z Requirement already satisfied: setuptools in /private/var/folders/51/hd414ycd67n82196sw51xqtc0000gn/T/cibw-run-siia2pu_/cp311-macosx_arm64/build/venv/lib/python3.11/site-packages (65.6.3)
2022-12-27T01:51:02.6487010Z Requirement already satisfied: wheel in /private/var/folders/51/hd414ycd67n82196sw51xqtc0000gn/T/cibw-run-siia2pu_/cp311-macosx_arm64/build/venv/lib/python3.11/site-packages (0.38.4)
2022-12-27T01:51:02.6870850Z Collecting delocate
2022-12-27T01:51:02.6895940Z   Using cached delocate-0.10.3-py3-none-any.whl (142 kB)
2022-12-27T01:51:02.7150620Z Collecting packaging>=20.9
2022-12-27T01:51:02.7168760Z   Using cached packaging-21.3-py3-none-any.whl (40 kB)
2022-12-27T01:51:02.7318570Z Collecting typing-extensions
2022-12-27T01:51:02.7336130Z   Using cached typing_extensions-4.4.0-py3-none-any.whl (26 kB)
2022-12-27T01:51:02.7641370Z Collecting pyparsing!=3.0.5,>=2.0.2
2022-12-27T01:51:02.7660620Z   Using cached pyparsing-3.0.9-py3-none-any.whl (98 kB)
2022-12-27T01:51:02.8204500Z Installing collected packages: typing-extensions, pyparsing, packaging, delocate
2022-12-27T01:51:02.9533150Z Successfully installed delocate-0.10.3 packaging-21.3 pyparsing-3.0.9 typing-extensions-4.4.0
2022-12-27T01:51:02.9979710Z ##[endgroup]
2022-12-27T01:51:02.9980460Z                                                               [32mâœ“ [0m0.78s
2022-12-27T01:51:02.9980900Z ##[group]Running before_build...
2022-12-27T01:51:02.9981050Z 
2022-12-27T01:51:02.9984290Z + pip install Cython; if [[ -f requirements.txt ]]; then pip install -r requirements.txt; fi
2022-12-27T01:51:03.5670930Z Collecting Cython
2022-12-27T01:51:03.5715800Z   Using cached Cython-0.29.32-py2.py3-none-any.whl (986 kB)
2022-12-27T01:51:03.6106920Z Installing collected packages: Cython
2022-12-27T01:51:04.0368690Z Successfully installed Cython-0.29.32
2022-12-27T01:51:04.0861730Z ##[endgroup]
2022-12-27T01:51:04.0862340Z                                                               [32mâœ“ [0m1.09s
2022-12-27T01:51:04.0862960Z ##[group]Building wheel...
2022-12-27T01:51:04.0863060Z 
2022-12-27T01:51:04.0867180Z + python -m pip wheel /Users/runner/actions-runner/_work/python.build/python.build/build_grpcio040a1311/grpcio-0.4.0a1 --wheel-dir=/private/var/folders/51/hd414ycd67n82196sw51xqtc0000gn/T/cibw-run-siia2pu_/cp311-macosx_arm64/built_wheel --no-deps -vvv
2022-12-27T01:51:04.3269530Z Created temporary directory: /private/var/folders/51/hd414ycd67n82196sw51xqtc0000gn/T/pip-ephem-wheel-cache-5pr7aiun
2022-12-27T01:51:04.3273580Z Created temporary directory: /private/var/folders/51/hd414ycd67n82196sw51xqtc0000gn/T/pip-build-tracker-5ndt6azb
2022-12-27T01:51:04.3275190Z Initialized build tracking at /private/var/folders/51/hd414ycd67n82196sw51xqtc0000gn/T/pip-build-tracker-5ndt6azb
2022-12-27T01:51:04.3276750Z Created build tracker: /private/var/folders/51/hd414ycd67n82196sw51xqtc0000gn/T/pip-build-tracker-5ndt6azb
2022-12-27T01:51:04.3277670Z Entered build tracker: /private/var/folders/51/hd414ycd67n82196sw51xqtc0000gn/T/pip-build-tracker-5ndt6azb
2022-12-27T01:51:04.3280730Z Created temporary directory: /private/var/folders/51/hd414ycd67n82196sw51xqtc0000gn/T/pip-wheel-d5o3p4_z
2022-12-27T01:51:04.3285920Z Created temporary directory: /private/var/folders/51/hd414ycd67n82196sw51xqtc0000gn/T/pip-ephem-wheel-cache-a81yasje
2022-12-27T01:51:04.3357170Z Processing /Users/runner/actions-runner/_work/python.build/python.build/build_grpcio040a1311/grpcio-0.4.0a1
2022-12-27T01:51:04.3361820Z   Added file:///Users/runner/actions-runner/_work/python.build/python.build/build_grpcio040a1311/grpcio-0.4.0a1 to build tracker '/private/var/folders/51/hd414ycd67n82196sw51xqtc0000gn/T/pip-build-tracker-5ndt6azb'
2022-12-27T01:51:04.3365280Z   Running setup.py (path:/Users/runner/actions-runner/_work/python.build/python.build/build_grpcio040a1311/grpcio-0.4.0a1/setup.py) egg_info for package from file:///Users/runner/actions-runner/_work/python.build/python.build/build_grpcio040a1311/grpcio-0.4.0a1
2022-12-27T01:51:04.3368160Z   Created temporary directory: /private/var/folders/51/hd414ycd67n82196sw51xqtc0000gn/T/pip-pip-egg-info-88wuilvr
2022-12-27T01:51:04.3369400Z   Preparing metadata (setup.py): started
2022-12-27T01:51:04.3370750Z   Running command python setup.py egg_info
2022-12-27T01:51:04.5830240Z   Preparing metadata (setup.py): finished with status 'done'
2022-12-27T01:51:04.5852300Z   Source in /Users/runner/actions-runner/_work/python.build/python.build/build_grpcio040a1311/grpcio-0.4.0a1 has version 0.4.0a1, which satisfies requirement grpcio==0.4.0a1 from file:///Users/runner/actions-runner/_work/python.build/python.build/build_grpcio040a1311/grpcio-0.4.0a1
2022-12-27T01:51:04.5855360Z   Removed grpcio==0.4.0a1 from file:///Users/runner/actions-runner/_work/python.build/python.build/build_grpcio040a1311/grpcio-0.4.0a1 from build tracker '/private/var/folders/51/hd414ycd67n82196sw51xqtc0000gn/T/pip-build-tracker-5ndt6azb'
2022-12-27T01:51:04.5871040Z Created temporary directory: /private/var/folders/51/hd414ycd67n82196sw51xqtc0000gn/T/pip-unpack-_s9dz5lk
2022-12-27T01:51:04.5872870Z Building wheels for collected packages: grpcio
2022-12-27T01:51:04.5879350Z   Created temporary directory: /private/var/folders/51/hd414ycd67n82196sw51xqtc0000gn/T/pip-wheel-a0s6weys
2022-12-27T01:51:04.5880550Z   Building wheel for grpcio (setup.py): started
2022-12-27T01:51:04.5882200Z   Destination directory: /private/var/folders/51/hd414ycd67n82196sw51xqtc0000gn/T/pip-wheel-a0s6weys
2022-12-27T01:51:04.5883260Z   Running command python setup.py bdist_wheel
2022-12-27T01:51:04.9072330Z   grpc/_adapter/_c.c:35:10: fatal error: 'grpc/grpc.h' file not found
2022-12-27T01:51:04.9072680Z   #include <grpc/grpc.h>
2022-12-27T01:51:04.9073740Z            ^~~~~~~~~~~~~
2022-12-27T01:51:04.9074950Z   1 error generated.
2022-12-27T01:51:04.9087150Z   error: command '/usr/bin/clang' failed with exit code 1
2022-12-27T01:51:04.9576980Z   error: subprocess-exited-with-error
2022-12-27T01:51:04.9577310Z   
2022-12-27T01:51:04.9577690Z   Ã— python setup.py bdist_wheel did not run successfully.
2022-12-27T01:51:04.9578040Z   â”‚ exit code: 1
2022-12-27T01:51:04.9578450Z   â•°â”€> See above for output.
2022-12-27T01:51:04.9578660Z   
2022-12-27T01:51:04.9579000Z   note: This error originates from a subprocess, and is likely not a problem with pip.
2022-12-27T01:51:04.9583950Z   full command: /private/var/folders/51/hd414ycd67n82196sw51xqtc0000gn/T/cibw-run-siia2pu_/cp311-macosx_arm64/build/venv/bin/python -u -c '
2022-12-27T01:51:04.9584820Z   exec(compile('"'"''"'"''"'"'
2022-12-27T01:51:04.9585170Z   # This is <pip-setuptools-caller> -- a caller that pip uses to run setup.py
2022-12-27T01:51:04.9585450Z   #
2022-12-27T01:51:04.9585810Z   # - It imports setuptools before invoking setup.py, to enable projects that directly
2022-12-27T01:51:04.9586130Z   #   import from `distutils.core` to work with newer packaging standards.
2022-12-27T01:51:04.9586580Z   # - It provides a clear error message when setuptools is not installed.
2022-12-27T01:51:04.9586990Z   # - It sets `sys.argv[0]` to the underlying `setup.py`, when invoking `setup.py` so
2022-12-27T01:51:04.9587400Z   #   setuptools doesn'"'"'t think the script is `-c`. This avoids the following warning:
2022-12-27T01:51:04.9587790Z   #     manifest_maker: standard file '"'"'-c'"'"' not found".
2022-12-27T01:51:04.9588270Z   # - It generates a shim setup.py, for handling setup.cfg-only projects.
2022-12-27T01:51:04.9588550Z   import os, sys, tokenize
2022-12-27T01:51:04.9588730Z   
2022-12-27T01:51:04.9588910Z   try:
2022-12-27T01:51:04.9589100Z       import setuptools
2022-12-27T01:51:04.9589330Z   except ImportError as error:
2022-12-27T01:51:04.9589540Z       print(
2022-12-27T01:51:04.9589800Z           "ERROR: Can not execute `setup.py` since setuptools is not available in "
2022-12-27T01:51:04.9590060Z           "the build environment.",
2022-12-27T01:51:04.9590260Z           file=sys.stderr,
2022-12-27T01:51:04.9590480Z       )
2022-12-27T01:51:04.9590670Z       sys.exit(1)
2022-12-27T01:51:04.9590830Z   
2022-12-27T01:51:04.9591010Z   __file__ = %r
2022-12-27T01:51:04.9591260Z   sys.argv[0] = __file__
2022-12-27T01:51:04.9591420Z   
2022-12-27T01:51:04.9591620Z   if os.path.exists(__file__):
2022-12-27T01:51:04.9592090Z       filename = __file__
2022-12-27T01:51:04.9592280Z       with tokenize.open(__file__) as f:
2022-12-27T01:51:04.9592550Z           setup_py_code = f.read()
2022-12-27T01:51:04.9592740Z   else:
2022-12-27T01:51:04.9592990Z       filename = "<auto-generated setuptools caller>"
2022-12-27T01:51:04.9593240Z       setup_py_code = "from setuptools import setup; setup()"
2022-12-27T01:51:04.9593460Z   
2022-12-27T01:51:04.9593660Z   exec(compile(setup_py_code, filename, "exec"))
2022-12-27T01:51:04.9594250Z   '"'"''"'"''"'"' % ('"'"'/Users/runner/actions-runner/_work/python.build/python.build/build_grpcio040a1311/grpcio-0.4.0a1/setup.py'"'"',), "<pip-setuptools-caller>", "exec"))' bdist_wheel -d /private/var/folders/51/hd414ycd67n82196sw51xqtc0000gn/T/pip-wheel-a0s6weys
2022-12-27T01:51:04.9594860Z   cwd: /Users/runner/actions-runner/_work/python.build/python.build/build_grpcio040a1311/grpcio-0.4.0a1/
2022-12-27T01:51:04.9595150Z   ERROR: Failed building wheel for grpcio
2022-12-27T01:51:04.9595360Z   Running command python setup.py clean
2022-12-27T01:51:04.9595730Z   Building wheel for grpcio (setup.py): finished with status 'error'
2022-12-27T01:51:04.9595980Z   Running setup.py clean for grpcio
2022-12-27T01:51:05.1066810Z   'build/bdist.macosx-11.0-arm64' does not exist -- can't clean it
2022-12-27T01:51:05.1067370Z   'build/scripts-3.11' does not exist -- can't clean it
2022-12-27T01:51:05.1266900Z Failed to build grpcio
2022-12-27T01:51:05.1270370Z ERROR: Failed to build one or more wheels
2022-12-27T01:51:05.1282660Z Exception information:
2022-12-27T01:51:05.1282910Z Traceback (most recent call last):
2022-12-27T01:51:05.1289030Z   File "/private/var/folders/51/hd414ycd67n82196sw51xqtc0000gn/T/cibw-run-siia2pu_/cp311-macosx_arm64/build/venv/lib/python3.11/site-packages/pip/_internal/cli/base_command.py", line 160, in exc_logging_wrapper
2022-12-27T01:51:05.1289410Z     status = run_func(*args)
2022-12-27T01:51:05.1289940Z              ^^^^^^^^^^^^^^^
2022-12-27T01:51:05.1290760Z   File "/private/var/folders/51/hd414ycd67n82196sw51xqtc0000gn/T/cibw-run-siia2pu_/cp311-macosx_arm64/build/venv/lib/python3.11/site-packages/pip/_internal/cli/req_command.py", line 247, in wrapper
2022-12-27T01:51:05.1291120Z     return func(self, options, args)
2022-12-27T01:51:05.1291310Z            ^^^^^^^^^^^^^^^^^^^^^^^^^
2022-12-27T01:51:05.1291860Z   File "/private/var/folders/51/hd414ycd67n82196sw51xqtc0000gn/T/cibw-run-siia2pu_/cp311-macosx_arm64/build/venv/lib/python3.11/site-packages/pip/_internal/commands/wheel.py", line 201, in run
2022-12-27T01:51:05.1292350Z     raise CommandError("Failed to build one or more wheels")
2022-12-27T01:51:05.1292630Z pip._internal.exceptions.CommandError: Failed to build one or more wheels
2022-12-27T01:51:05.1293030Z Removed build tracker: '/private/var/folders/51/hd414ycd67n82196sw51xqtc0000gn/T/pip-build-tracker-5ndt6azb'
2022-12-27T01:51:05.1701370Z ##[endgroup]
2022-12-27T01:51:05.1702010Z                                                               [31mâœ• [0m1.08s
2022-12-27T01:51:05.1724940Z ##[error]Command ['python', '-m', 'pip', 'wheel', '/Users/runner/actions-runner/_work/python.build/python.build/build_grpcio040a1311/grpcio-0.4.0a1', '--wheel-dir=/private/var/folders/51/hd414ycd67n82196sw51xqtc0000gn/T/cibw-run-siia2pu_/cp311-macosx_arm64/built_wheel', '--no-deps', '-vvv'] failed with code 1. None
2022-12-27T01:51:05.1731300Z 
2022-12-27T01:51:05.2167500Z ##[error]Process completed with exit code 1.
2022-12-27T01:51:05.2268500Z ##[group]Run rm -rf build_grpcio040a1311 wheelsout
2022-12-27T01:51:05.2268760Z [36;1mrm -rf build_grpcio040a1311 wheelsout[0m
2022-12-27T01:51:05.2284620Z shell: /bin/bash -e {0}
2022-12-27T01:51:05.2284790Z env:
2022-12-27T01:51:05.2284960Z   pythonLocation: /Users/runner/hostedtoolcache/Python/3.11.1/x64
2022-12-27T01:51:05.2285210Z   PKG_CONFIG_PATH: /Users/runner/hostedtoolcache/Python/3.11.1/x64/lib/pkgconfig
2022-12-27T01:51:05.2285490Z   Python_ROOT_DIR: /Users/runner/hostedtoolcache/Python/3.11.1/x64
2022-12-27T01:51:05.2285880Z   Python2_ROOT_DIR: /Users/runner/hostedtoolcache/Python/3.11.1/x64
2022-12-27T01:51:05.2286110Z   Python3_ROOT_DIR: /Users/runner/hostedtoolcache/Python/3.11.1/x64
2022-12-27T01:51:05.2286300Z ##[endgroup]
2022-12-27T01:51:05.2534930Z Cleaning up orphan processes
