2022-12-27T08:49:20.9482058Z Requested labels: self-hosted, macOS, X64
2022-12-27T08:49:20.9482177Z Job defined at: kilnbuild/python.build/.github/workflows/mac_arm_build.yml@refs/heads/main
2022-12-27T08:49:20.9482212Z Waiting for a runner to pick up this job...
2022-12-27T11:15:51.1519397Z Job is about to start running on the runner: k2 (organization)
2022-12-27T11:15:54.4143160Z Current runner version: '2.300.2'
2022-12-27T11:15:54.4147950Z Runner name: 'k2'
2022-12-27T11:15:54.4148180Z Runner group name: 'Default'
2022-12-27T11:15:54.4148610Z Machine name: 'k2'
2022-12-27T11:15:54.4150110Z ##[group]GITHUB_TOKEN Permissions
2022-12-27T11:15:54.4150520Z Actions: write
2022-12-27T11:15:54.4150660Z Checks: write
2022-12-27T11:15:54.4150790Z Contents: write
2022-12-27T11:15:54.4150920Z Deployments: write
2022-12-27T11:15:54.4151060Z Discussions: write
2022-12-27T11:15:54.4151190Z Issues: write
2022-12-27T11:15:54.4151320Z Metadata: read
2022-12-27T11:15:54.4151450Z Packages: write
2022-12-27T11:15:54.4151590Z Pages: write
2022-12-27T11:15:54.4151720Z PullRequests: write
2022-12-27T11:15:54.4151890Z RepositoryProjects: write
2022-12-27T11:15:54.4152050Z SecurityEvents: write
2022-12-27T11:15:54.4152180Z Statuses: write
2022-12-27T11:15:54.4152320Z ##[endgroup]
2022-12-27T11:15:54.4154730Z Secret source: Actions
2022-12-27T11:15:54.4155030Z Prepare workflow directory
2022-12-27T11:15:54.4798200Z Prepare all required actions
2022-12-27T11:15:54.4914800Z Getting action download info
2022-12-27T11:15:54.9133900Z Download action repository 'actions/setup-python@v4' (SHA:5ccb29d8773c3f3f653e1705f474dfaa8a06a912)
2022-12-27T11:15:56.6443030Z Download action repository 'actions/upload-artifact@v3' (SHA:83fd05a356d7e2593de66fc9913b3002723633cb)
2022-12-27T11:15:57.9490340Z ##[group]Run echo '{
2022-12-27T11:15:57.9490680Z [36;1mecho '{[0m
2022-12-27T11:15:57.9490880Z [36;1m  "package_name": "lxml",[0m
2022-12-27T11:15:57.9491180Z [36;1m  "package_url": "https://files.pythonhosted.org/packages/b0/06/37437e348cd296c56a8bac0396007960abb2bcdaf77e8a3bde52bb68e550/lxml-4.2.6.tar.gz",[0m
2022-12-27T11:15:57.9491420Z [36;1m  "package_version": "4.2.6",[0m
2022-12-27T11:15:57.9491590Z [36;1m  "python_version": "3.11",[0m
2022-12-27T11:15:57.9491740Z [36;1m  "use_ccache": "true"[0m
2022-12-27T11:15:57.9491900Z [36;1m}'[0m
2022-12-27T11:15:57.9507250Z shell: /bin/bash -e {0}
2022-12-27T11:15:57.9507490Z ##[endgroup]
2022-12-27T11:15:57.9724440Z {
2022-12-27T11:15:57.9725760Z   "package_name": "lxml",
2022-12-27T11:15:57.9726490Z   "package_url": "https://files.pythonhosted.org/packages/b0/06/37437e348cd296c56a8bac0396007960abb2bcdaf77e8a3bde52bb68e550/lxml-4.2.6.tar.gz",
2022-12-27T11:15:57.9726750Z   "package_version": "4.2.6",
2022-12-27T11:15:57.9727010Z   "python_version": "3.11",
2022-12-27T11:15:57.9727310Z   "use_ccache": "true"
2022-12-27T11:15:57.9727490Z }
2022-12-27T11:15:57.9936720Z ##[group]Run actions/setup-python@v4
2022-12-27T11:15:57.9936990Z with:
2022-12-27T11:15:57.9937270Z   python-version: 3.11
2022-12-27T11:15:57.9937430Z   check-latest: false
2022-12-27T11:15:57.9937790Z   token: ***
2022-12-27T11:15:57.9938030Z   update-environment: true
2022-12-27T11:15:57.9938170Z ##[endgroup]
2022-12-27T11:15:58.1128700Z ##[group]Installed versions
2022-12-27T11:15:58.1232700Z Successfully set up CPython (3.11.1)
2022-12-27T11:15:58.1233770Z ##[endgroup]
2022-12-27T11:15:58.1381720Z ##[group]Run if [ "true" == "true" ]
2022-12-27T11:15:58.1382060Z [36;1mif [ "true" == "true" ][0m
2022-12-27T11:15:58.1382220Z [36;1mthen[0m
2022-12-27T11:15:58.1382440Z [36;1m  echo "CCACHE_PATH_PREPEND=/usr/local/opt/ccache/libexec" >> $GITHUB_OUTPUT[0m
2022-12-27T11:15:58.1382750Z [36;1melse[0m
2022-12-27T11:15:58.1382910Z [36;1m  echo "CCACHE_PATH_PREPEND=" >> $GITHUB_OUTPUT[0m
2022-12-27T11:15:58.1383110Z [36;1mfi[0m
2022-12-27T11:15:58.1401050Z shell: /bin/bash -e {0}
2022-12-27T11:15:58.1401220Z env:
2022-12-27T11:15:58.1401450Z   pythonLocation: /Users/runner/hostedtoolcache/Python/3.11.1/x64
2022-12-27T11:15:58.1401720Z   PKG_CONFIG_PATH: /Users/runner/hostedtoolcache/Python/3.11.1/x64/lib/pkgconfig
2022-12-27T11:15:58.1401990Z   Python_ROOT_DIR: /Users/runner/hostedtoolcache/Python/3.11.1/x64
2022-12-27T11:15:58.1402260Z   Python2_ROOT_DIR: /Users/runner/hostedtoolcache/Python/3.11.1/x64
2022-12-27T11:15:58.1402560Z   Python3_ROOT_DIR: /Users/runner/hostedtoolcache/Python/3.11.1/x64
2022-12-27T11:15:58.1403070Z ##[endgroup]
2022-12-27T11:15:58.1513850Z ##[group]Run echo "BUILD_NAME=$(echo lxml_4.2.6_3.11 | tr -dc '[:alnum:]\n\r' | tr '[:upper:]' '[:lower:]')" >> $GITHUB_OUTPUT
2022-12-27T11:15:58.1514610Z [36;1mecho "BUILD_NAME=$(echo lxml_4.2.6_3.11 | tr -dc '[:alnum:]\n\r' | tr '[:upper:]' '[:lower:]')" >> $GITHUB_OUTPUT[0m
2022-12-27T11:15:58.1531700Z shell: /bin/bash -e {0}
2022-12-27T11:15:58.1531860Z env:
2022-12-27T11:15:58.1532100Z   pythonLocation: /Users/runner/hostedtoolcache/Python/3.11.1/x64
2022-12-27T11:15:58.1532470Z   PKG_CONFIG_PATH: /Users/runner/hostedtoolcache/Python/3.11.1/x64/lib/pkgconfig
2022-12-27T11:15:58.1532720Z   Python_ROOT_DIR: /Users/runner/hostedtoolcache/Python/3.11.1/x64
2022-12-27T11:15:58.1532980Z   Python2_ROOT_DIR: /Users/runner/hostedtoolcache/Python/3.11.1/x64
2022-12-27T11:15:58.1533250Z   Python3_ROOT_DIR: /Users/runner/hostedtoolcache/Python/3.11.1/x64
2022-12-27T11:15:58.1533470Z ##[endgroup]
2022-12-27T11:15:58.1693130Z ##[group]Run echo "PYTHON_NO_DOTS=$(echo 3.11 | tr -dc '[:alnum:]\n\r' | tr '[:upper:]' '[:lower:]')" >> $GITHUB_OUTPUT
2022-12-27T11:15:58.1693600Z [36;1mecho "PYTHON_NO_DOTS=$(echo 3.11 | tr -dc '[:alnum:]\n\r' | tr '[:upper:]' '[:lower:]')" >> $GITHUB_OUTPUT[0m
2022-12-27T11:15:58.1708860Z shell: /bin/bash -e {0}
2022-12-27T11:15:58.1709010Z env:
2022-12-27T11:15:58.1709220Z   pythonLocation: /Users/runner/hostedtoolcache/Python/3.11.1/x64
2022-12-27T11:15:58.1709480Z   PKG_CONFIG_PATH: /Users/runner/hostedtoolcache/Python/3.11.1/x64/lib/pkgconfig
2022-12-27T11:15:58.1709780Z   Python_ROOT_DIR: /Users/runner/hostedtoolcache/Python/3.11.1/x64
2022-12-27T11:15:58.1709980Z   Python2_ROOT_DIR: /Users/runner/hostedtoolcache/Python/3.11.1/x64
2022-12-27T11:15:58.1710210Z   Python3_ROOT_DIR: /Users/runner/hostedtoolcache/Python/3.11.1/x64
2022-12-27T11:15:58.1710410Z ##[endgroup]
2022-12-27T11:15:58.1824090Z ##[group]Run rm -rf build_lxml426311
2022-12-27T11:15:58.1824440Z [36;1mrm -rf build_lxml426311[0m
2022-12-27T11:15:58.1824630Z [36;1mmkdir build_lxml426311[0m
2022-12-27T11:15:58.1824870Z [36;1mcd build_lxml426311[0m
2022-12-27T11:15:58.1825160Z [36;1m/usr/local/bin/wget --quiet https://files.pythonhosted.org/packages/b0/06/37437e348cd296c56a8bac0396007960abb2bcdaf77e8a3bde52bb68e550/lxml-4.2.6.tar.gz[0m
2022-12-27T11:15:58.1825480Z [36;1mtar xf *.tar.gz[0m
2022-12-27T11:15:58.1825650Z [36;1mcd *[0m
2022-12-27T11:15:58.1825830Z [36;1mpython -m pip install cibuildwheel==2.11.3[0m
2022-12-27T11:15:58.1826040Z [36;1mpython -m cibuildwheel --output-dir ../wheelsout[0m
2022-12-27T11:15:58.1841120Z shell: /bin/bash -e {0}
2022-12-27T11:15:58.1841270Z env:
2022-12-27T11:15:58.1841480Z   pythonLocation: /Users/runner/hostedtoolcache/Python/3.11.1/x64
2022-12-27T11:15:58.1841740Z   PKG_CONFIG_PATH: /Users/runner/hostedtoolcache/Python/3.11.1/x64/lib/pkgconfig
2022-12-27T11:15:58.1842070Z   Python_ROOT_DIR: /Users/runner/hostedtoolcache/Python/3.11.1/x64
2022-12-27T11:15:58.1842290Z   Python2_ROOT_DIR: /Users/runner/hostedtoolcache/Python/3.11.1/x64
2022-12-27T11:15:58.1842530Z   Python3_ROOT_DIR: /Users/runner/hostedtoolcache/Python/3.11.1/x64
2022-12-27T11:15:58.1842740Z   CIBW_ARCHS_MACOS: arm64
2022-12-27T11:15:58.1842890Z   CIBW_TEST_SKIP: *_arm64
2022-12-27T11:15:58.1843110Z   CIBW_BUILD: cp311-macosx_arm64
2022-12-27T11:15:58.1843300Z   CIBW_BUILD_FRONTEND: pip
2022-12-27T11:15:58.1843460Z   CIBW_BUILD_VERBOSITY: 3
2022-12-27T11:15:58.1843770Z   CIBW_ENVIRONMENT_MACOS:  CFLAGS="-I/usr/local/opt/openssl@3/include" LDFLAGS="-L/usr/local/opt/openssl@3/lib" CPPFLAGS="-I/usr/local/opt/openssl@3/include" MAKEFLAGS="-j$(sysctl -n hw.logicalcpu)" PATH=/usr/local/opt/ccache/libexec:$PATH
2022-12-27T11:15:58.1844190Z   CIBW_BEFORE_BUILD: pip install Cython; if [[ -f requirements.txt ]]; then pip install -r requirements.txt; fi
2022-12-27T11:15:58.1844440Z   MAKEFLAGS: -j$(sysctl -n hw.logicalcpu)
2022-12-27T11:15:58.1844610Z ##[endgroup]
2022-12-27T11:15:58.5786570Z Requirement already satisfied: cibuildwheel==2.11.3 in /Library/Frameworks/Python.framework/Versions/3.11/lib/python3.11/site-packages (2.11.3)
2022-12-27T11:15:58.6077690Z Requirement already satisfied: bashlex!=0.13 in /Library/Frameworks/Python.framework/Versions/3.11/lib/python3.11/site-packages (from cibuildwheel==2.11.3) (0.16)
2022-12-27T11:15:58.6083970Z Requirement already satisfied: bracex in /Library/Frameworks/Python.framework/Versions/3.11/lib/python3.11/site-packages (from cibuildwheel==2.11.3) (2.3.post1)
2022-12-27T11:15:58.6090420Z Requirement already satisfied: certifi in /Library/Frameworks/Python.framework/Versions/3.11/lib/python3.11/site-packages (from cibuildwheel==2.11.3) (2022.12.7)
2022-12-27T11:15:58.6097300Z Requirement already satisfied: filelock in /Library/Frameworks/Python.framework/Versions/3.11/lib/python3.11/site-packages (from cibuildwheel==2.11.3) (3.8.2)
2022-12-27T11:15:58.6105750Z Requirement already satisfied: packaging>=20.9 in /Library/Frameworks/Python.framework/Versions/3.11/lib/python3.11/site-packages (from cibuildwheel==2.11.3) (22.0)
2022-12-27T11:15:58.6113520Z Requirement already satisfied: platformdirs in /Library/Frameworks/Python.framework/Versions/3.11/lib/python3.11/site-packages (from cibuildwheel==2.11.3) (2.6.0)
2022-12-27T11:15:58.8338000Z 
2022-12-27T11:15:58.8338430Z      _ _       _ _   _       _           _
2022-12-27T11:15:58.8338860Z  ___|_| |_ _ _|_| |_| |_ _ _| |_ ___ ___| |
2022-12-27T11:15:58.8339780Z |  _| | . | | | | | . | | | |   | -_| -_| |
2022-12-27T11:15:58.8340110Z |___|_|___|___|_|_|___|_____|_|_|___|___|_|
2022-12-27T11:15:58.8340270Z 
2022-12-27T11:15:58.8340390Z cibuildwheel version 2.11.3
2022-12-27T11:15:58.8340540Z 
2022-12-27T11:15:58.8340660Z Build options:
2022-12-27T11:15:58.8340910Z   platform: macos
2022-12-27T11:15:58.8442360Z   architectures: arm64[0m
2022-12-27T11:15:58.8442750Z   build_selector: 
2022-12-27T11:15:58.8444130Z     build_config: cp311-macosx_arm64
2022-12-27T11:15:58.8444430Z     skip_config: 
2022-12-27T11:15:58.8444890Z     requires_python: None
2022-12-27T11:15:58.8445270Z     prerelease_pythons: False[0m
2022-12-27T11:15:58.8445620Z   [38;5;244mcontainer_engine: docker[0m
2022-12-27T11:15:58.8446240Z   output_dir: /Users/runner/actions-runner/_work/python.build/python.build/build_lxml426311/wheelsout[0m
2022-12-27T11:15:58.8446960Z   package_dir: /Users/runner/actions-runner/_work/python.build/python.build/build_lxml426311/lxml-4.2.6[0m
2022-12-27T11:15:58.8447330Z   test_selector: 
2022-12-27T11:15:58.8447620Z     skip_config: *_arm64[0m
2022-12-27T11:15:58.8447950Z   [38;5;244mbefore_all: [0m
2022-12-27T11:15:58.8448470Z   before_build: pip install Cython; if [[ -f requirements.txt ]]; then pip install -r requirements.txt; fi[0m
2022-12-27T11:15:58.8449000Z   [38;5;244mbefore_test: [0m
2022-12-27T11:15:58.8449360Z   [38;5;244mbuild_frontend: pip[0m
2022-12-27T11:15:58.8449690Z   build_verbosity: 3[0m
2022-12-27T11:15:58.8450000Z   [38;5;244mconfig_settings: [0m
2022-12-27T11:15:58.8450400Z   [38;5;244mdependency_constraints: pinned[0m
2022-12-27T11:15:58.8450800Z   environment: 
2022-12-27T11:15:58.8451180Z     CFLAGS="-I/usr/local/opt/openssl@3/include"
2022-12-27T11:15:58.8451620Z     LDFLAGS="-L/usr/local/opt/openssl@3/lib"
2022-12-27T11:15:58.8452040Z     CPPFLAGS="-I/usr/local/opt/openssl@3/include"
2022-12-27T11:15:58.8452530Z     MAKEFLAGS="-j$(sysctl -n hw.logicalcpu)"
2022-12-27T11:15:58.8452850Z     PATH=/usr/local/opt/ccache/libexec:$PATH[0m
2022-12-27T11:15:58.8453160Z   [38;5;244mmanylinux_images: None[0m
2022-12-27T11:15:58.8453420Z   [38;5;244mmusllinux_images: None[0m
2022-12-27T11:15:58.8453760Z   [38;5;244mrepair_command: delocate-wheel --require-archs {delocate_archs} -w {dest_dir} -v {wheel}[0m
2022-12-27T11:15:58.8454200Z   [38;5;244mtest_command: [0m
2022-12-27T11:15:58.8454460Z   [38;5;244mtest_extras: [0m
2022-12-27T11:15:58.8454680Z   [38;5;244mtest_requires: [0m
2022-12-27T11:15:58.8454800Z 
2022-12-27T11:15:58.8454930Z Cache folder: /Users/runner/Library/Caches/cibuildwheel
2022-12-27T11:15:58.8456290Z 
2022-12-27T11:15:58.8456640Z Here we go!
2022-12-27T11:15:58.8456870Z 
2022-12-27T11:15:58.8567700Z 
2022-12-27T11:15:58.8568080Z [1m[34mBuilding cp311-macosx_arm64 wheel[0m
2022-12-27T11:15:58.8568810Z CPython 3.11 macOS arm64 - Apple Silicon
2022-12-27T11:15:58.8569050Z 
2022-12-27T11:15:58.8571040Z ##[group]Installing Python cp311...
2022-12-27T11:15:58.8571260Z 
2022-12-27T11:15:58.8572280Z + pkgutil --pkgs
2022-12-27T11:15:58.8672810Z ##[endgroup]
2022-12-27T11:15:58.8673750Z                                                               [32mâœ“ [0m0.01s
2022-12-27T11:15:58.8674200Z ##[group]Setting up build environment...
2022-12-27T11:15:58.8674400Z 
2022-12-27T11:15:58.8692420Z + /Library/Frameworks/Python.framework/Versions/3.11/bin/python -sS /Users/runner/Library/Caches/cibuildwheel/virtualenv-20.17.0.pyz --activators= --no-periodic-update --pip=22.3.1 --setuptools=65.6.3 --wheel=0.38.4 --symlink-app-data --python /Library/Frameworks/Python.framework/Versions/3.11/bin/python3 /private/var/folders/51/hd414ycd67n82196sw51xqtc0000gn/T/cibw-run-vs7tb8zk/cp311-macosx_arm64/build/venv
2022-12-27T11:15:59.0602000Z created virtual environment CPython3.11.1.final.0-64 in 54ms
2022-12-27T11:15:59.0602610Z   creator CPython3Posix(dest=/private/var/folders/51/hd414ycd67n82196sw51xqtc0000gn/T/cibw-run-vs7tb8zk/cp311-macosx_arm64/build/venv, clear=False, no_vcs_ignore=False, global=False)
2022-12-27T11:15:59.0603000Z   seeder FromAppData(download=False, pip=22.3.1, setuptools=65.6.3, wheel=0.38.4, via=symlink, app_data_dir=/Users/runner/Library/Application Support/virtualenv)
2022-12-27T11:15:59.0603520Z     added seed packages: pip==22.3.1, setuptools==65.6.3, wheel==0.38.4
2022-12-27T11:15:59.0741820Z + python -m pip install --upgrade pip -c /Library/Frameworks/Python.framework/Versions/3.11/lib/python3.11/site-packages/cibuildwheel/resources/constraints-python311.txt
2022-12-27T11:15:59.3394210Z Requirement already satisfied: pip in ./lib/python3.11/site-packages (22.3.1)
2022-12-27T11:15:59.4666850Z + which pip
2022-12-27T11:15:59.4685480Z /private/var/folders/51/hd414ycd67n82196sw51xqtc0000gn/T/cibw-run-vs7tb8zk/cp311-macosx_arm64/build/venv/bin/pip
2022-12-27T11:15:59.4687500Z + pip --version
2022-12-27T11:15:59.6576360Z pip 22.3.1 from /private/var/folders/51/hd414ycd67n82196sw51xqtc0000gn/T/cibw-run-vs7tb8zk/cp311-macosx_arm64/build/venv/lib/python3.11/site-packages/pip (python 3.11)
2022-12-27T11:15:59.6817490Z + which pip
2022-12-27T11:15:59.6843550Z + which python
2022-12-27T11:15:59.6861940Z /private/var/folders/51/hd414ycd67n82196sw51xqtc0000gn/T/cibw-run-vs7tb8zk/cp311-macosx_arm64/build/venv/bin/python
2022-12-27T11:15:59.6863540Z + python --version
2022-12-27T11:15:59.6918140Z Python 3.11.1
2022-12-27T11:15:59.6920420Z + which python
2022-12-27T11:15:59.6970620Z ##[endgroup]
2022-12-27T11:15:59.6971180Z                                                               [32mâœ“ [0m0.83s
2022-12-27T11:15:59.6971880Z ##[group]Installing build tools...
2022-12-27T11:15:59.6972050Z 
2022-12-27T11:15:59.6972520Z + pip install --upgrade setuptools wheel delocate -c /Library/Frameworks/Python.framework/Versions/3.11/lib/python3.11/site-packages/cibuildwheel/resources/constraints-python311.txt
2022-12-27T11:15:59.9662720Z Requirement already satisfied: setuptools in /private/var/folders/51/hd414ycd67n82196sw51xqtc0000gn/T/cibw-run-vs7tb8zk/cp311-macosx_arm64/build/venv/lib/python3.11/site-packages (65.6.3)
2022-12-27T11:16:00.1343860Z Requirement already satisfied: wheel in /private/var/folders/51/hd414ycd67n82196sw51xqtc0000gn/T/cibw-run-vs7tb8zk/cp311-macosx_arm64/build/venv/lib/python3.11/site-packages (0.38.4)
2022-12-27T11:16:00.1785130Z Collecting delocate
2022-12-27T11:16:00.1806480Z   Using cached delocate-0.10.3-py3-none-any.whl (142 kB)
2022-12-27T11:16:00.2064070Z Collecting packaging>=20.9
2022-12-27T11:16:00.2082540Z   Using cached packaging-21.3-py3-none-any.whl (40 kB)
2022-12-27T11:16:00.2235680Z Collecting typing-extensions
2022-12-27T11:16:00.2253860Z   Using cached typing_extensions-4.4.0-py3-none-any.whl (26 kB)
2022-12-27T11:16:00.2542340Z Collecting pyparsing!=3.0.5,>=2.0.2
2022-12-27T11:16:00.2561400Z   Using cached pyparsing-3.0.9-py3-none-any.whl (98 kB)
2022-12-27T11:16:00.3115230Z Installing collected packages: typing-extensions, pyparsing, packaging, delocate
2022-12-27T11:16:00.4431790Z Successfully installed delocate-0.10.3 packaging-21.3 pyparsing-3.0.9 typing-extensions-4.4.0
2022-12-27T11:16:00.4904030Z ##[endgroup]
2022-12-27T11:16:00.4904720Z                                                               [32mâœ“ [0m0.79s
2022-12-27T11:16:00.4905180Z ##[group]Running before_build...
2022-12-27T11:16:00.4905350Z 
2022-12-27T11:16:00.4910290Z + pip install Cython; if [[ -f requirements.txt ]]; then pip install -r requirements.txt; fi
2022-12-27T11:16:01.0584840Z Collecting Cython
2022-12-27T11:16:01.0631090Z   Using cached Cython-0.29.32-py2.py3-none-any.whl (986 kB)
2022-12-27T11:16:01.1043880Z Installing collected packages: Cython
2022-12-27T11:16:01.5179310Z Successfully installed Cython-0.29.32
2022-12-27T11:16:01.8190860Z Requirement already satisfied: Cython>=0.26.1 in /private/var/folders/51/hd414ycd67n82196sw51xqtc0000gn/T/cibw-run-vs7tb8zk/cp311-macosx_arm64/build/venv/lib/python3.11/site-packages (from -r requirements.txt (line 1)) (0.29.32)
2022-12-27T11:16:01.8961450Z ##[endgroup]
2022-12-27T11:16:01.8962270Z                                                               [32mâœ“ [0m1.41s
2022-12-27T11:16:01.8962910Z ##[group]Building wheel...
2022-12-27T11:16:01.8963050Z 
2022-12-27T11:16:01.8967510Z + python -m pip wheel /Users/runner/actions-runner/_work/python.build/python.build/build_lxml426311/lxml-4.2.6 --wheel-dir=/private/var/folders/51/hd414ycd67n82196sw51xqtc0000gn/T/cibw-run-vs7tb8zk/cp311-macosx_arm64/built_wheel --no-deps -vvv
2022-12-27T11:16:02.1506530Z Created temporary directory: /private/var/folders/51/hd414ycd67n82196sw51xqtc0000gn/T/pip-ephem-wheel-cache-h7nansi2
2022-12-27T11:16:02.1511000Z Created temporary directory: /private/var/folders/51/hd414ycd67n82196sw51xqtc0000gn/T/pip-build-tracker-2cjgcsv7
2022-12-27T11:16:02.1512670Z Initialized build tracking at /private/var/folders/51/hd414ycd67n82196sw51xqtc0000gn/T/pip-build-tracker-2cjgcsv7
2022-12-27T11:16:02.1514680Z Created build tracker: /private/var/folders/51/hd414ycd67n82196sw51xqtc0000gn/T/pip-build-tracker-2cjgcsv7
2022-12-27T11:16:02.1515500Z Entered build tracker: /private/var/folders/51/hd414ycd67n82196sw51xqtc0000gn/T/pip-build-tracker-2cjgcsv7
2022-12-27T11:16:02.1518660Z Created temporary directory: /private/var/folders/51/hd414ycd67n82196sw51xqtc0000gn/T/pip-wheel-ydsl14_q
2022-12-27T11:16:02.1523780Z Created temporary directory: /private/var/folders/51/hd414ycd67n82196sw51xqtc0000gn/T/pip-ephem-wheel-cache-14e0380r
2022-12-27T11:16:02.1597320Z Processing /Users/runner/actions-runner/_work/python.build/python.build/build_lxml426311/lxml-4.2.6
2022-12-27T11:16:02.1602250Z   Added file:///Users/runner/actions-runner/_work/python.build/python.build/build_lxml426311/lxml-4.2.6 to build tracker '/private/var/folders/51/hd414ycd67n82196sw51xqtc0000gn/T/pip-build-tracker-2cjgcsv7'
2022-12-27T11:16:02.1605250Z   Running setup.py (path:/Users/runner/actions-runner/_work/python.build/python.build/build_lxml426311/lxml-4.2.6/setup.py) egg_info for package from file:///Users/runner/actions-runner/_work/python.build/python.build/build_lxml426311/lxml-4.2.6
2022-12-27T11:16:02.1607810Z   Created temporary directory: /private/var/folders/51/hd414ycd67n82196sw51xqtc0000gn/T/pip-pip-egg-info-dxl9ghbj
2022-12-27T11:16:02.1609290Z   Preparing metadata (setup.py): started
2022-12-27T11:16:02.1610670Z   Running command python setup.py egg_info
2022-12-27T11:16:02.4441660Z   Building lxml version 4.2.6.
2022-12-27T11:16:02.4442790Z   Building without Cython.
2022-12-27T11:16:02.4443950Z   Using build configuration of libxslt 1.1.29
2022-12-27T11:16:02.4445830Z   Building against libxml2/libxslt in the following directory: /Library/Developer/CommandLineTools/SDKs/MacOSX12.1.sdk/usr/lib
2022-12-27T11:16:02.4446380Z   running egg_info
2022-12-27T11:16:02.4448440Z   creating /private/var/folders/51/hd414ycd67n82196sw51xqtc0000gn/T/pip-pip-egg-info-dxl9ghbj/lxml.egg-info
2022-12-27T11:16:02.4449500Z   writing /private/var/folders/51/hd414ycd67n82196sw51xqtc0000gn/T/pip-pip-egg-info-dxl9ghbj/lxml.egg-info/PKG-INFO
2022-12-27T11:16:02.4451040Z   writing dependency_links to /private/var/folders/51/hd414ycd67n82196sw51xqtc0000gn/T/pip-pip-egg-info-dxl9ghbj/lxml.egg-info/dependency_links.txt
2022-12-27T11:16:02.4454290Z   writing requirements to /private/var/folders/51/hd414ycd67n82196sw51xqtc0000gn/T/pip-pip-egg-info-dxl9ghbj/lxml.egg-info/requires.txt
2022-12-27T11:16:02.4455260Z   writing top-level names to /private/var/folders/51/hd414ycd67n82196sw51xqtc0000gn/T/pip-pip-egg-info-dxl9ghbj/lxml.egg-info/top_level.txt
2022-12-27T11:16:02.4456740Z   writing manifest file '/private/var/folders/51/hd414ycd67n82196sw51xqtc0000gn/T/pip-pip-egg-info-dxl9ghbj/lxml.egg-info/SOURCES.txt'
2022-12-27T11:16:02.4544300Z   reading manifest file '/private/var/folders/51/hd414ycd67n82196sw51xqtc0000gn/T/pip-pip-egg-info-dxl9ghbj/lxml.egg-info/SOURCES.txt'
2022-12-27T11:16:02.4546180Z   reading manifest template 'MANIFEST.in'
2022-12-27T11:16:02.4938950Z   warning: no files found matching '*.html' under directory 'doc'
2022-12-27T11:16:02.5009100Z   adding license file 'LICENSES.txt'
2022-12-27T11:16:02.5034160Z   writing manifest file '/private/var/folders/51/hd414ycd67n82196sw51xqtc0000gn/T/pip-pip-egg-info-dxl9ghbj/lxml.egg-info/SOURCES.txt'
2022-12-27T11:16:02.5329090Z   Preparing metadata (setup.py): finished with status 'done'
2022-12-27T11:16:02.5354420Z   Source in /Users/runner/actions-runner/_work/python.build/python.build/build_lxml426311/lxml-4.2.6 has version 4.2.6, which satisfies requirement lxml==4.2.6 from file:///Users/runner/actions-runner/_work/python.build/python.build/build_lxml426311/lxml-4.2.6
2022-12-27T11:16:02.5357410Z   Removed lxml==4.2.6 from file:///Users/runner/actions-runner/_work/python.build/python.build/build_lxml426311/lxml-4.2.6 from build tracker '/private/var/folders/51/hd414ycd67n82196sw51xqtc0000gn/T/pip-build-tracker-2cjgcsv7'
2022-12-27T11:16:02.5373400Z Created temporary directory: /private/var/folders/51/hd414ycd67n82196sw51xqtc0000gn/T/pip-unpack-tgwki3r7
2022-12-27T11:16:02.5375570Z Building wheels for collected packages: lxml
2022-12-27T11:16:02.5494930Z   Created temporary directory: /private/var/folders/51/hd414ycd67n82196sw51xqtc0000gn/T/pip-wheel-of7ug491
2022-12-27T11:16:02.5496040Z   Building wheel for lxml (setup.py): started
2022-12-27T11:16:02.5497530Z   Destination directory: /private/var/folders/51/hd414ycd67n82196sw51xqtc0000gn/T/pip-wheel-of7ug491
2022-12-27T11:16:02.5498470Z   Running command python setup.py bdist_wheel
2022-12-27T11:16:02.7054940Z   Building lxml version 4.2.6.
2022-12-27T11:16:02.7055980Z   Building without Cython.
2022-12-27T11:16:02.7189580Z   Using build configuration of libxslt 1.1.29
2022-12-27T11:16:02.8244880Z   Building against libxml2/libxslt in the following directory: /Library/Developer/CommandLineTools/SDKs/MacOSX12.1.sdk/usr/lib
2022-12-27T11:16:02.8487200Z   running bdist_wheel
2022-12-27T11:16:02.8526690Z   running build
2022-12-27T11:16:02.8527960Z   running build_py
2022-12-27T11:16:02.8546880Z   creating build
2022-12-27T11:16:02.8548770Z   creating build/lib.macosx-11.0-arm64-cpython-311
2022-12-27T11:16:02.8550100Z   creating build/lib.macosx-11.0-arm64-cpython-311/lxml
2022-12-27T11:16:02.8551870Z   copying src/lxml/_elementpath.py -> build/lib.macosx-11.0-arm64-cpython-311/lxml
2022-12-27T11:16:02.8555550Z   copying src/lxml/sax.py -> build/lib.macosx-11.0-arm64-cpython-311/lxml
2022-12-27T11:16:02.8557060Z   copying src/lxml/pyclasslookup.py -> build/lib.macosx-11.0-arm64-cpython-311/lxml
2022-12-27T11:16:02.8558510Z   copying src/lxml/__init__.py -> build/lib.macosx-11.0-arm64-cpython-311/lxml
2022-12-27T11:16:02.8561570Z   copying src/lxml/builder.py -> build/lib.macosx-11.0-arm64-cpython-311/lxml
2022-12-27T11:16:02.8564890Z   copying src/lxml/doctestcompare.py -> build/lib.macosx-11.0-arm64-cpython-311/lxml
2022-12-27T11:16:02.8566530Z   copying src/lxml/usedoctest.py -> build/lib.macosx-11.0-arm64-cpython-311/lxml
2022-12-27T11:16:02.8569000Z   copying src/lxml/cssselect.py -> build/lib.macosx-11.0-arm64-cpython-311/lxml
2022-12-27T11:16:02.8571710Z   copying src/lxml/ElementInclude.py -> build/lib.macosx-11.0-arm64-cpython-311/lxml
2022-12-27T11:16:02.8575040Z   creating build/lib.macosx-11.0-arm64-cpython-311/lxml/includes
2022-12-27T11:16:02.8576110Z   copying src/lxml/includes/__init__.py -> build/lib.macosx-11.0-arm64-cpython-311/lxml/includes
2022-12-27T11:16:02.8582320Z   creating build/lib.macosx-11.0-arm64-cpython-311/lxml/html
2022-12-27T11:16:02.8584050Z   copying src/lxml/html/soupparser.py -> build/lib.macosx-11.0-arm64-cpython-311/lxml/html
2022-12-27T11:16:02.8585280Z   copying src/lxml/html/defs.py -> build/lib.macosx-11.0-arm64-cpython-311/lxml/html
2022-12-27T11:16:02.8588100Z   copying src/lxml/html/_setmixin.py -> build/lib.macosx-11.0-arm64-cpython-311/lxml/html
2022-12-27T11:16:02.8589910Z   copying src/lxml/html/clean.py -> build/lib.macosx-11.0-arm64-cpython-311/lxml/html
2022-12-27T11:16:02.8592740Z   copying src/lxml/html/_diffcommand.py -> build/lib.macosx-11.0-arm64-cpython-311/lxml/html
2022-12-27T11:16:02.8594500Z   copying src/lxml/html/html5parser.py -> build/lib.macosx-11.0-arm64-cpython-311/lxml/html
2022-12-27T11:16:02.8597410Z   copying src/lxml/html/__init__.py -> build/lib.macosx-11.0-arm64-cpython-311/lxml/html
2022-12-27T11:16:02.8599620Z   copying src/lxml/html/formfill.py -> build/lib.macosx-11.0-arm64-cpython-311/lxml/html
2022-12-27T11:16:02.8602160Z   copying src/lxml/html/builder.py -> build/lib.macosx-11.0-arm64-cpython-311/lxml/html
2022-12-27T11:16:02.8604370Z   copying src/lxml/html/ElementSoup.py -> build/lib.macosx-11.0-arm64-cpython-311/lxml/html
2022-12-27T11:16:02.8606890Z   copying src/lxml/html/_html5builder.py -> build/lib.macosx-11.0-arm64-cpython-311/lxml/html
2022-12-27T11:16:02.8608770Z   copying src/lxml/html/usedoctest.py -> build/lib.macosx-11.0-arm64-cpython-311/lxml/html
2022-12-27T11:16:02.8611150Z   copying src/lxml/html/diff.py -> build/lib.macosx-11.0-arm64-cpython-311/lxml/html
2022-12-27T11:16:02.8615160Z   creating build/lib.macosx-11.0-arm64-cpython-311/lxml/isoschematron
2022-12-27T11:16:02.8616300Z   copying src/lxml/isoschematron/__init__.py -> build/lib.macosx-11.0-arm64-cpython-311/lxml/isoschematron
2022-12-27T11:16:02.8638630Z   copying src/lxml/etree.h -> build/lib.macosx-11.0-arm64-cpython-311/lxml
2022-12-27T11:16:02.8642020Z   copying src/lxml/etree_api.h -> build/lib.macosx-11.0-arm64-cpython-311/lxml
2022-12-27T11:16:02.8645290Z   copying src/lxml/lxml.etree.h -> build/lib.macosx-11.0-arm64-cpython-311/lxml
2022-12-27T11:16:02.8647790Z   copying src/lxml/lxml.etree_api.h -> build/lib.macosx-11.0-arm64-cpython-311/lxml
2022-12-27T11:16:02.8650650Z   copying src/lxml/includes/xmlerror.pxd -> build/lib.macosx-11.0-arm64-cpython-311/lxml/includes
2022-12-27T11:16:02.8653540Z   copying src/lxml/includes/c14n.pxd -> build/lib.macosx-11.0-arm64-cpython-311/lxml/includes
2022-12-27T11:16:02.8656290Z   copying src/lxml/includes/xmlschema.pxd -> build/lib.macosx-11.0-arm64-cpython-311/lxml/includes
2022-12-27T11:16:02.8658310Z   copying src/lxml/includes/__init__.pxd -> build/lib.macosx-11.0-arm64-cpython-311/lxml/includes
2022-12-27T11:16:02.8660560Z   copying src/lxml/includes/schematron.pxd -> build/lib.macosx-11.0-arm64-cpython-311/lxml/includes
2022-12-27T11:16:02.8663030Z   copying src/lxml/includes/tree.pxd -> build/lib.macosx-11.0-arm64-cpython-311/lxml/includes
2022-12-27T11:16:02.8666040Z   copying src/lxml/includes/uri.pxd -> build/lib.macosx-11.0-arm64-cpython-311/lxml/includes
2022-12-27T11:16:02.8668580Z   copying src/lxml/includes/etreepublic.pxd -> build/lib.macosx-11.0-arm64-cpython-311/lxml/includes
2022-12-27T11:16:02.8670820Z   copying src/lxml/includes/xpath.pxd -> build/lib.macosx-11.0-arm64-cpython-311/lxml/includes
2022-12-27T11:16:02.8673380Z   copying src/lxml/includes/htmlparser.pxd -> build/lib.macosx-11.0-arm64-cpython-311/lxml/includes
2022-12-27T11:16:02.8676110Z   copying src/lxml/includes/xslt.pxd -> build/lib.macosx-11.0-arm64-cpython-311/lxml/includes
2022-12-27T11:16:02.8679130Z   copying src/lxml/includes/config.pxd -> build/lib.macosx-11.0-arm64-cpython-311/lxml/includes
2022-12-27T11:16:02.8681800Z   copying src/lxml/includes/xmlparser.pxd -> build/lib.macosx-11.0-arm64-cpython-311/lxml/includes
2022-12-27T11:16:02.8683960Z   copying src/lxml/includes/xinclude.pxd -> build/lib.macosx-11.0-arm64-cpython-311/lxml/includes
2022-12-27T11:16:02.8686100Z   copying src/lxml/includes/dtdvalid.pxd -> build/lib.macosx-11.0-arm64-cpython-311/lxml/includes
2022-12-27T11:16:02.8689010Z   copying src/lxml/includes/relaxng.pxd -> build/lib.macosx-11.0-arm64-cpython-311/lxml/includes
2022-12-27T11:16:02.8692210Z   copying src/lxml/includes/lxml-version.h -> build/lib.macosx-11.0-arm64-cpython-311/lxml/includes
2022-12-27T11:16:02.8693910Z   copying src/lxml/includes/etree_defs.h -> build/lib.macosx-11.0-arm64-cpython-311/lxml/includes
2022-12-27T11:16:02.8696950Z   creating build/lib.macosx-11.0-arm64-cpython-311/lxml/isoschematron/resources
2022-12-27T11:16:02.8698130Z   creating build/lib.macosx-11.0-arm64-cpython-311/lxml/isoschematron/resources/rng
2022-12-27T11:16:02.8699400Z   copying src/lxml/isoschematron/resources/rng/iso-schematron.rng -> build/lib.macosx-11.0-arm64-cpython-311/lxml/isoschematron/resources/rng
2022-12-27T11:16:02.8701410Z   creating build/lib.macosx-11.0-arm64-cpython-311/lxml/isoschematron/resources/xsl
2022-12-27T11:16:02.8702950Z   copying src/lxml/isoschematron/resources/xsl/XSD2Schtrn.xsl -> build/lib.macosx-11.0-arm64-cpython-311/lxml/isoschematron/resources/xsl
2022-12-27T11:16:02.8705330Z   copying src/lxml/isoschematron/resources/xsl/RNG2Schtrn.xsl -> build/lib.macosx-11.0-arm64-cpython-311/lxml/isoschematron/resources/xsl
2022-12-27T11:16:02.8708200Z   creating build/lib.macosx-11.0-arm64-cpython-311/lxml/isoschematron/resources/xsl/iso-schematron-xslt1
2022-12-27T11:16:02.8709710Z   copying src/lxml/isoschematron/resources/xsl/iso-schematron-xslt1/iso_abstract_expand.xsl -> build/lib.macosx-11.0-arm64-cpython-311/lxml/isoschematron/resources/xsl/iso-schematron-xslt1
2022-12-27T11:16:02.8712310Z   copying src/lxml/isoschematron/resources/xsl/iso-schematron-xslt1/iso_dsdl_include.xsl -> build/lib.macosx-11.0-arm64-cpython-311/lxml/isoschematron/resources/xsl/iso-schematron-xslt1
2022-12-27T11:16:02.8715610Z   copying src/lxml/isoschematron/resources/xsl/iso-schematron-xslt1/iso_schematron_skeleton_for_xslt1.xsl -> build/lib.macosx-11.0-arm64-cpython-311/lxml/isoschematron/resources/xsl/iso-schematron-xslt1
2022-12-27T11:16:02.8718690Z   copying src/lxml/isoschematron/resources/xsl/iso-schematron-xslt1/iso_svrl_for_xslt1.xsl -> build/lib.macosx-11.0-arm64-cpython-311/lxml/isoschematron/resources/xsl/iso-schematron-xslt1
2022-12-27T11:16:02.8722010Z   copying src/lxml/isoschematron/resources/xsl/iso-schematron-xslt1/iso_schematron_message.xsl -> build/lib.macosx-11.0-arm64-cpython-311/lxml/isoschematron/resources/xsl/iso-schematron-xslt1
2022-12-27T11:16:02.8724580Z   copying src/lxml/isoschematron/resources/xsl/iso-schematron-xslt1/readme.txt -> build/lib.macosx-11.0-arm64-cpython-311/lxml/isoschematron/resources/xsl/iso-schematron-xslt1
2022-12-27T11:16:02.8734860Z   running build_ext
2022-12-27T11:16:02.8765160Z   building 'lxml.etree' extension
2022-12-27T11:16:02.8766740Z   creating build/temp.macosx-11.0-arm64-cpython-311
2022-12-27T11:16:02.8768270Z   creating build/temp.macosx-11.0-arm64-cpython-311/src
2022-12-27T11:16:02.8769680Z   creating build/temp.macosx-11.0-arm64-cpython-311/src/lxml
2022-12-27T11:16:02.8772820Z   clang -Wsign-compare -Wunreachable-code -fno-common -dynamic -DNDEBUG -g -fwrapv -O3 -Wall -g -I/usr/local/opt/openssl@3/include -I/usr/local/opt/openssl@3/include -arch arm64 -DCYTHON_CLINE_IN_TRACEBACK=0 -I/Library/Developer/CommandLineTools/SDKs/MacOSX12.1.sdk/usr/include -Isrc -Isrc/lxml/includes -I/private/var/folders/51/hd414ycd67n82196sw51xqtc0000gn/T/cibw-run-vs7tb8zk/cp311-macosx_arm64/build/venv/include -I/Library/Frameworks/Python.framework/Versions/3.11/include/python3.11 -c src/lxml/etree.c -o build/temp.macosx-11.0-arm64-cpython-311/src/lxml/etree.o -w -flat_namespace
2022-12-27T11:16:02.9568950Z   src/lxml/etree.c:289:12: fatal error: 'longintrepr.h' file not found
2022-12-27T11:16:02.9569530Z     #include "longintrepr.h"
2022-12-27T11:16:02.9571590Z              ^~~~~~~~~~~~~~~
2022-12-27T11:16:03.8229120Z   1 error generated.
2022-12-27T11:16:03.8277140Z   Compile failed: command '/usr/bin/clang' failed with exit code 1
2022-12-27T11:16:03.8928270Z   creating var
2022-12-27T11:16:03.8930200Z   creating var/folders
2022-12-27T11:16:03.8931070Z   creating var/folders/51
2022-12-27T11:16:03.8932740Z   creating var/folders/51/hd414ycd67n82196sw51xqtc0000gn
2022-12-27T11:16:03.8934150Z   creating var/folders/51/hd414ycd67n82196sw51xqtc0000gn/T
2022-12-27T11:16:03.8936190Z   cc -arch arm64 -I/Library/Developer/CommandLineTools/SDKs/MacOSX12.1.sdk/usr/include -I/usr/include/libxml2 -c /var/folders/51/hd414ycd67n82196sw51xqtc0000gn/T/xmlXPathInitd2l76dvw.c -o var/folders/51/hd414ycd67n82196sw51xqtc0000gn/T/xmlXPathInitd2l76dvw.o
2022-12-27T11:16:03.9363590Z   cc -arch arm64 var/folders/51/hd414ycd67n82196sw51xqtc0000gn/T/xmlXPathInitd2l76dvw.o -L/Library/Developer/CommandLineTools/SDKs/MacOSX12.1.sdk/usr/lib -lxml2 -o a.out
2022-12-27T11:16:03.9765620Z   error: command '/usr/bin/clang' failed with exit code 1
2022-12-27T11:16:04.0118640Z   error: subprocess-exited-with-error
2022-12-27T11:16:04.0118980Z   
2022-12-27T11:16:04.0119440Z   Ã— python setup.py bdist_wheel did not run successfully.
2022-12-27T11:16:04.0119920Z   â”‚ exit code: 1
2022-12-27T11:16:04.0120250Z   â•°â”€> See above for output.
2022-12-27T11:16:04.0120510Z   
2022-12-27T11:16:04.0121230Z   note: This error originates from a subprocess, and is likely not a problem with pip.
2022-12-27T11:16:04.0126930Z   full command: /private/var/folders/51/hd414ycd67n82196sw51xqtc0000gn/T/cibw-run-vs7tb8zk/cp311-macosx_arm64/build/venv/bin/python -u -c '
2022-12-27T11:16:04.0127420Z   exec(compile('"'"''"'"''"'"'
2022-12-27T11:16:04.0127790Z   # This is <pip-setuptools-caller> -- a caller that pip uses to run setup.py
2022-12-27T11:16:04.0127970Z   #
2022-12-27T11:16:04.0128290Z   # - It imports setuptools before invoking setup.py, to enable projects that directly
2022-12-27T11:16:04.0128630Z   #   import from `distutils.core` to work with newer packaging standards.
2022-12-27T11:16:04.0128980Z   # - It provides a clear error message when setuptools is not installed.
2022-12-27T11:16:04.0129240Z   # - It sets `sys.argv[0]` to the underlying `setup.py`, when invoking `setup.py` so
2022-12-27T11:16:04.0129560Z   #   setuptools doesn'"'"'t think the script is `-c`. This avoids the following warning:
2022-12-27T11:16:04.0129940Z   #     manifest_maker: standard file '"'"'-c'"'"' not found".
2022-12-27T11:16:04.0130770Z   # - It generates a shim setup.py, for handling setup.cfg-only projects.
2022-12-27T11:16:04.0131060Z   import os, sys, tokenize
2022-12-27T11:16:04.0131230Z   
2022-12-27T11:16:04.0131370Z   try:
2022-12-27T11:16:04.0131510Z       import setuptools
2022-12-27T11:16:04.0131750Z   except ImportError as error:
2022-12-27T11:16:04.0131940Z       print(
2022-12-27T11:16:04.0132150Z           "ERROR: Can not execute `setup.py` since setuptools is not available in "
2022-12-27T11:16:04.0132380Z           "the build environment.",
2022-12-27T11:16:04.0132620Z           file=sys.stderr,
2022-12-27T11:16:04.0133040Z       )
2022-12-27T11:16:04.0133210Z       sys.exit(1)
2022-12-27T11:16:04.0133370Z   
2022-12-27T11:16:04.0133500Z   __file__ = %r
2022-12-27T11:16:04.0133670Z   sys.argv[0] = __file__
2022-12-27T11:16:04.0134260Z   Building wheel for lxml (setup.py): finished with status 'error'
2022-12-27T11:16:04.0134490Z   
2022-12-27T11:16:04.0134710Z   if os.path.exists(__file__):
2022-12-27T11:16:04.0134910Z       filename = __file__
2022-12-27T11:16:04.0135070Z       with tokenize.open(__file__) as f:
2022-12-27T11:16:04.0135630Z           setup_py_code = f.read()
2022-12-27T11:16:04.0135860Z   else:
2022-12-27T11:16:04.0136080Z       filename = "<auto-generated setuptools caller>"
2022-12-27T11:16:04.0136280Z       setup_py_code = "from setuptools import setup; setup()"
2022-12-27T11:16:04.0136430Z   
2022-12-27T11:16:04.0136620Z   exec(compile(setup_py_code, filename, "exec"))
2022-12-27T11:16:04.0137100Z   '"'"''"'"''"'"' % ('"'"'/Users/runner/actions-runner/_work/python.build/python.build/build_lxml426311/lxml-4.2.6/setup.py'"'"',), "<pip-setuptools-caller>", "exec"))' bdist_wheel -d /private/var/folders/51/hd414ycd67n82196sw51xqtc0000gn/T/pip-wheel-of7ug491
2022-12-27T11:16:04.0137450Z   Running setup.py clean for lxml
2022-12-27T11:16:04.0137760Z   cwd: /Users/runner/actions-runner/_work/python.build/python.build/build_lxml426311/lxml-4.2.6/
2022-12-27T11:16:04.0138010Z   ERROR: Failed building wheel for lxml
2022-12-27T11:16:04.0138190Z   Running command python setup.py clean
2022-12-27T11:16:04.1533980Z   Building lxml version 4.2.6.
2022-12-27T11:16:04.1534430Z   Building without Cython.
2022-12-27T11:16:04.1670990Z   Using build configuration of libxslt 1.1.29
2022-12-27T11:16:04.2717070Z   Building against libxml2/libxslt in the following directory: /Library/Developer/CommandLineTools/SDKs/MacOSX12.1.sdk/usr/lib
2022-12-27T11:16:04.2860790Z   running clean
2022-12-27T11:16:04.2886590Z   removing 'build/temp.macosx-11.0-arm64-cpython-311' (and everything under it)
2022-12-27T11:16:04.2889570Z   removing 'build/lib.macosx-11.0-arm64-cpython-311' (and everything under it)
2022-12-27T11:16:04.2936430Z   'build/bdist.macosx-11.0-arm64' does not exist -- can't clean it
2022-12-27T11:16:04.2937870Z   'build/scripts-3.11' does not exist -- can't clean it
2022-12-27T11:16:04.2939230Z   removing 'build'
2022-12-27T11:16:04.3212990Z Failed to build lxml
2022-12-27T11:16:04.3217440Z ERROR: Failed to build one or more wheels
2022-12-27T11:16:04.3230000Z Exception information:
2022-12-27T11:16:04.3230360Z Traceback (most recent call last):
2022-12-27T11:16:04.3238400Z   File "/private/var/folders/51/hd414ycd67n82196sw51xqtc0000gn/T/cibw-run-vs7tb8zk/cp311-macosx_arm64/build/venv/lib/python3.11/site-packages/pip/_internal/cli/base_command.py", line 160, in exc_logging_wrapper
2022-12-27T11:16:04.3238960Z     status = run_func(*args)
2022-12-27T11:16:04.3239230Z              ^^^^^^^^^^^^^^^
2022-12-27T11:16:04.3239970Z   File "/private/var/folders/51/hd414ycd67n82196sw51xqtc0000gn/T/cibw-run-vs7tb8zk/cp311-macosx_arm64/build/venv/lib/python3.11/site-packages/pip/_internal/cli/req_command.py", line 247, in wrapper
2022-12-27T11:16:04.3240540Z     return func(self, options, args)
2022-12-27T11:16:04.3240820Z            ^^^^^^^^^^^^^^^^^^^^^^^^^
2022-12-27T11:16:04.3241530Z   File "/private/var/folders/51/hd414ycd67n82196sw51xqtc0000gn/T/cibw-run-vs7tb8zk/cp311-macosx_arm64/build/venv/lib/python3.11/site-packages/pip/_internal/commands/wheel.py", line 201, in run
2022-12-27T11:16:04.3242070Z     raise CommandError("Failed to build one or more wheels")
2022-12-27T11:16:04.3242430Z pip._internal.exceptions.CommandError: Failed to build one or more wheels
2022-12-27T11:16:04.3243030Z Removed build tracker: '/private/var/folders/51/hd414ycd67n82196sw51xqtc0000gn/T/pip-build-tracker-2cjgcsv7'
2022-12-27T11:16:04.3696780Z ##[endgroup]
2022-12-27T11:16:04.3719540Z ##[error]Command ['python', '-m', 'pip', 'wheel', '/Users/runner/actions-runner/_work/python.build/python.build/build_lxml426311/lxml-4.2.6', '--wheel-dir=/private/var/folders/51/hd414ycd67n82196sw51xqtc0000gn/T/cibw-run-vs7tb8zk/cp311-macosx_arm64/built_wheel', '--no-deps', '-vvv'] failed with code 1. None
2022-12-27T11:16:04.3725660Z 
2022-12-27T11:16:04.3725980Z                                                               [31mâœ• [0m2.47s
2022-12-27T11:16:04.4182320Z ##[error]Process completed with exit code 1.
2022-12-27T11:16:04.4214400Z ##[group]Run rm -rf build_lxml426311 wheelsout
2022-12-27T11:16:04.4214590Z [36;1mrm -rf build_lxml426311 wheelsout[0m
2022-12-27T11:16:04.4230970Z shell: /bin/bash -e {0}
2022-12-27T11:16:04.4231090Z env:
2022-12-27T11:16:04.4231240Z   pythonLocation: /Users/runner/hostedtoolcache/Python/3.11.1/x64
2022-12-27T11:16:04.4231440Z   PKG_CONFIG_PATH: /Users/runner/hostedtoolcache/Python/3.11.1/x64/lib/pkgconfig
2022-12-27T11:16:04.4231620Z   Python_ROOT_DIR: /Users/runner/hostedtoolcache/Python/3.11.1/x64
2022-12-27T11:16:04.4231790Z   Python2_ROOT_DIR: /Users/runner/hostedtoolcache/Python/3.11.1/x64
2022-12-27T11:16:04.4231960Z   Python3_ROOT_DIR: /Users/runner/hostedtoolcache/Python/3.11.1/x64
2022-12-27T11:16:04.4232110Z ##[endgroup]
2022-12-27T11:16:04.4580460Z Cleaning up orphan processes
