2022-12-27T08:54:25.0810212Z Requested labels: self-hosted, macOS, X64
2022-12-27T08:54:25.0810316Z Job defined at: kilnbuild/python.build/.github/workflows/mac_arm_build.yml@refs/heads/main
2022-12-27T08:54:25.0810360Z Waiting for a runner to pick up this job...
2022-12-27T11:29:51.1660079Z Job is about to start running on the runner: s1 (organization)
2022-12-27T11:29:53.0206620Z Current runner version: '2.300.2'
2022-12-27T11:29:53.0211660Z Runner name: 's1'
2022-12-27T11:29:53.0211920Z Runner group name: 'Default'
2022-12-27T11:29:53.0212360Z Machine name: 's1'
2022-12-27T11:29:53.0213900Z ##[group]GITHUB_TOKEN Permissions
2022-12-27T11:29:53.0214330Z Actions: write
2022-12-27T11:29:53.0214470Z Checks: write
2022-12-27T11:29:53.0214610Z Contents: write
2022-12-27T11:29:53.0214750Z Deployments: write
2022-12-27T11:29:53.0214890Z Discussions: write
2022-12-27T11:29:53.0215030Z Issues: write
2022-12-27T11:29:53.0215170Z Metadata: read
2022-12-27T11:29:53.0215300Z Packages: write
2022-12-27T11:29:53.0215440Z Pages: write
2022-12-27T11:29:53.0215580Z PullRequests: write
2022-12-27T11:29:53.0215730Z RepositoryProjects: write
2022-12-27T11:29:53.0215900Z SecurityEvents: write
2022-12-27T11:29:53.0216040Z Statuses: write
2022-12-27T11:29:53.0216170Z ##[endgroup]
2022-12-27T11:29:53.0218750Z Secret source: Actions
2022-12-27T11:29:53.0219330Z Prepare workflow directory
2022-12-27T11:29:53.0893760Z Prepare all required actions
2022-12-27T11:29:53.1014300Z Getting action download info
2022-12-27T11:29:53.5598310Z Download action repository 'actions/setup-python@v4' (SHA:5ccb29d8773c3f3f653e1705f474dfaa8a06a912)
2022-12-27T11:29:55.3103550Z Download action repository 'actions/upload-artifact@v3' (SHA:83fd05a356d7e2593de66fc9913b3002723633cb)
2022-12-27T11:29:56.6408730Z ##[group]Run echo '{
2022-12-27T11:29:56.6409050Z [36;1mecho '{[0m
2022-12-27T11:29:56.6409220Z [36;1m  "package_name": "lxml",[0m
2022-12-27T11:29:56.6409540Z [36;1m  "package_url": "https://files.pythonhosted.org/packages/ca/72/d14a53fcd587b0704658a188f46d28ba6412d5cb2c3f6553208944831950/lxml-2.2alpha1.tar.gz",[0m
2022-12-27T11:29:56.6409800Z [36;1m  "package_version": "2.2alpha1",[0m
2022-12-27T11:29:56.6409960Z [36;1m  "python_version": "3.8",[0m
2022-12-27T11:29:56.6410080Z [36;1m  "use_ccache": "true"[0m
2022-12-27T11:29:56.6410190Z [36;1m}'[0m
2022-12-27T11:29:56.6426130Z shell: /bin/bash -e {0}
2022-12-27T11:29:56.6426280Z ##[endgroup]
2022-12-27T11:29:56.6639710Z {
2022-12-27T11:29:56.6641000Z   "package_name": "lxml",
2022-12-27T11:29:56.6641630Z   "package_url": "https://files.pythonhosted.org/packages/ca/72/d14a53fcd587b0704658a188f46d28ba6412d5cb2c3f6553208944831950/lxml-2.2alpha1.tar.gz",
2022-12-27T11:29:56.6641930Z   "package_version": "2.2alpha1",
2022-12-27T11:29:56.6642200Z   "python_version": "3.8",
2022-12-27T11:29:56.6642360Z   "use_ccache": "true"
2022-12-27T11:29:56.6642520Z }
2022-12-27T11:29:56.6858660Z ##[group]Run actions/setup-python@v4
2022-12-27T11:29:56.6858920Z with:
2022-12-27T11:29:56.6859170Z   python-version: 3.8
2022-12-27T11:29:56.6859330Z   check-latest: false
2022-12-27T11:29:56.6859630Z   token: ***
2022-12-27T11:29:56.6859820Z   update-environment: true
2022-12-27T11:29:56.6860000Z ##[endgroup]
2022-12-27T11:29:56.8114820Z ##[group]Installed versions
2022-12-27T11:29:56.8156830Z Successfully set up CPython (3.8.15)
2022-12-27T11:29:56.8158420Z ##[endgroup]
2022-12-27T11:29:56.8307340Z ##[group]Run if [ "true" == "true" ]
2022-12-27T11:29:56.8307640Z [36;1mif [ "true" == "true" ][0m
2022-12-27T11:29:56.8307790Z [36;1mthen[0m
2022-12-27T11:29:56.8308070Z [36;1m  echo "CCACHE_PATH_PREPEND=/usr/local/opt/ccache/libexec" >> $GITHUB_OUTPUT[0m
2022-12-27T11:29:56.8308280Z [36;1melse[0m
2022-12-27T11:29:56.8308440Z [36;1m  echo "CCACHE_PATH_PREPEND=" >> $GITHUB_OUTPUT[0m
2022-12-27T11:29:56.8308870Z [36;1mfi[0m
2022-12-27T11:29:56.8326030Z shell: /bin/bash -e {0}
2022-12-27T11:29:56.8326250Z env:
2022-12-27T11:29:56.8326440Z   pythonLocation: /Users/runner/hostedtoolcache/Python/3.8.15/x64
2022-12-27T11:29:56.8326710Z   PKG_CONFIG_PATH: /Users/runner/hostedtoolcache/Python/3.8.15/x64/lib/pkgconfig
2022-12-27T11:29:56.8327020Z   Python_ROOT_DIR: /Users/runner/hostedtoolcache/Python/3.8.15/x64
2022-12-27T11:29:56.8327290Z   Python2_ROOT_DIR: /Users/runner/hostedtoolcache/Python/3.8.15/x64
2022-12-27T11:29:56.8327570Z   Python3_ROOT_DIR: /Users/runner/hostedtoolcache/Python/3.8.15/x64
2022-12-27T11:29:56.8328120Z ##[endgroup]
2022-12-27T11:29:56.8433230Z ##[group]Run echo "BUILD_NAME=$(echo lxml_2.2alpha1_3.8 | tr -dc '[:alnum:]\n\r' | tr '[:upper:]' '[:lower:]')" >> $GITHUB_OUTPUT
2022-12-27T11:29:56.8433800Z [36;1mecho "BUILD_NAME=$(echo lxml_2.2alpha1_3.8 | tr -dc '[:alnum:]\n\r' | tr '[:upper:]' '[:lower:]')" >> $GITHUB_OUTPUT[0m
2022-12-27T11:29:56.8449980Z shell: /bin/bash -e {0}
2022-12-27T11:29:56.8450200Z env:
2022-12-27T11:29:56.8450520Z   pythonLocation: /Users/runner/hostedtoolcache/Python/3.8.15/x64
2022-12-27T11:29:56.8450770Z   PKG_CONFIG_PATH: /Users/runner/hostedtoolcache/Python/3.8.15/x64/lib/pkgconfig
2022-12-27T11:29:56.8451260Z   Python_ROOT_DIR: /Users/runner/hostedtoolcache/Python/3.8.15/x64
2022-12-27T11:29:56.8451510Z   Python2_ROOT_DIR: /Users/runner/hostedtoolcache/Python/3.8.15/x64
2022-12-27T11:29:56.8451750Z   Python3_ROOT_DIR: /Users/runner/hostedtoolcache/Python/3.8.15/x64
2022-12-27T11:29:56.8452000Z ##[endgroup]
2022-12-27T11:29:56.8592490Z ##[group]Run echo "PYTHON_NO_DOTS=$(echo 3.8 | tr -dc '[:alnum:]\n\r' | tr '[:upper:]' '[:lower:]')" >> $GITHUB_OUTPUT
2022-12-27T11:29:56.8592890Z [36;1mecho "PYTHON_NO_DOTS=$(echo 3.8 | tr -dc '[:alnum:]\n\r' | tr '[:upper:]' '[:lower:]')" >> $GITHUB_OUTPUT[0m
2022-12-27T11:29:56.8607370Z shell: /bin/bash -e {0}
2022-12-27T11:29:56.8607560Z env:
2022-12-27T11:29:56.8607780Z   pythonLocation: /Users/runner/hostedtoolcache/Python/3.8.15/x64
2022-12-27T11:29:56.8608100Z   PKG_CONFIG_PATH: /Users/runner/hostedtoolcache/Python/3.8.15/x64/lib/pkgconfig
2022-12-27T11:29:56.8608330Z   Python_ROOT_DIR: /Users/runner/hostedtoolcache/Python/3.8.15/x64
2022-12-27T11:29:56.8608570Z   Python2_ROOT_DIR: /Users/runner/hostedtoolcache/Python/3.8.15/x64
2022-12-27T11:29:56.8608800Z   Python3_ROOT_DIR: /Users/runner/hostedtoolcache/Python/3.8.15/x64
2022-12-27T11:29:56.8608970Z ##[endgroup]
2022-12-27T11:29:56.8719640Z ##[group]Run rm -rf build_lxml22alpha138
2022-12-27T11:29:56.8719990Z [36;1mrm -rf build_lxml22alpha138[0m
2022-12-27T11:29:56.8720230Z [36;1mmkdir build_lxml22alpha138[0m
2022-12-27T11:29:56.8720420Z [36;1mcd build_lxml22alpha138[0m
2022-12-27T11:29:56.8720730Z [36;1m/usr/local/bin/wget --quiet https://files.pythonhosted.org/packages/ca/72/d14a53fcd587b0704658a188f46d28ba6412d5cb2c3f6553208944831950/lxml-2.2alpha1.tar.gz[0m
2022-12-27T11:29:56.8720990Z [36;1mtar xf *.tar.gz[0m
2022-12-27T11:29:56.8721130Z [36;1mcd *[0m
2022-12-27T11:29:56.8721320Z [36;1mpython -m pip install cibuildwheel==2.11.3[0m
2022-12-27T11:29:56.8721560Z [36;1mpython -m cibuildwheel --output-dir ../wheelsout[0m
2022-12-27T11:29:56.8735480Z shell: /bin/bash -e {0}
2022-12-27T11:29:56.8735630Z env:
2022-12-27T11:29:56.8735890Z   pythonLocation: /Users/runner/hostedtoolcache/Python/3.8.15/x64
2022-12-27T11:29:56.8736210Z   PKG_CONFIG_PATH: /Users/runner/hostedtoolcache/Python/3.8.15/x64/lib/pkgconfig
2022-12-27T11:29:56.8736430Z   Python_ROOT_DIR: /Users/runner/hostedtoolcache/Python/3.8.15/x64
2022-12-27T11:29:56.8736660Z   Python2_ROOT_DIR: /Users/runner/hostedtoolcache/Python/3.8.15/x64
2022-12-27T11:29:56.8736920Z   Python3_ROOT_DIR: /Users/runner/hostedtoolcache/Python/3.8.15/x64
2022-12-27T11:29:56.8737100Z   CIBW_ARCHS_MACOS: arm64
2022-12-27T11:29:56.8737270Z   CIBW_TEST_SKIP: *_arm64
2022-12-27T11:29:56.8737440Z   CIBW_BUILD: cp38-macosx_arm64
2022-12-27T11:29:56.8737650Z   CIBW_BUILD_FRONTEND: pip
2022-12-27T11:29:56.8737860Z   CIBW_BUILD_VERBOSITY: 3
2022-12-27T11:29:56.8738170Z   CIBW_ENVIRONMENT_MACOS:  CFLAGS="-I/usr/local/opt/openssl@3/include" LDFLAGS="-L/usr/local/opt/openssl@3/lib" CPPFLAGS="-I/usr/local/opt/openssl@3/include" MAKEFLAGS="-j$(sysctl -n hw.logicalcpu)" PATH=/usr/local/opt/ccache/libexec:$PATH
2022-12-27T11:29:56.8738540Z   CIBW_BEFORE_BUILD: pip install Cython; if [[ -f requirements.txt ]]; then pip install -r requirements.txt; fi
2022-12-27T11:29:56.8738750Z   MAKEFLAGS: -j$(sysctl -n hw.logicalcpu)
2022-12-27T11:29:56.8738930Z ##[endgroup]
2022-12-27T11:29:57.3439220Z Requirement already satisfied: cibuildwheel==2.11.3 in /Users/runner/hostedtoolcache/Python/3.8.15/x64/lib/python3.8/site-packages (2.11.3)
2022-12-27T11:29:57.3784180Z Requirement already satisfied: bashlex!=0.13 in /Users/runner/hostedtoolcache/Python/3.8.15/x64/lib/python3.8/site-packages (from cibuildwheel==2.11.3) (0.16)
2022-12-27T11:29:57.3787430Z Requirement already satisfied: bracex in /Users/runner/hostedtoolcache/Python/3.8.15/x64/lib/python3.8/site-packages (from cibuildwheel==2.11.3) (2.3.post1)
2022-12-27T11:29:57.3790990Z Requirement already satisfied: platformdirs in /Users/runner/hostedtoolcache/Python/3.8.15/x64/lib/python3.8/site-packages (from cibuildwheel==2.11.3) (2.6.0)
2022-12-27T11:29:57.3796840Z Requirement already satisfied: tomli in /Users/runner/hostedtoolcache/Python/3.8.15/x64/lib/python3.8/site-packages (from cibuildwheel==2.11.3) (2.0.1)
2022-12-27T11:29:57.3800520Z Requirement already satisfied: filelock in /Users/runner/hostedtoolcache/Python/3.8.15/x64/lib/python3.8/site-packages (from cibuildwheel==2.11.3) (3.8.2)
2022-12-27T11:29:57.3810150Z Requirement already satisfied: typing-extensions>=4.1.0 in /Users/runner/hostedtoolcache/Python/3.8.15/x64/lib/python3.8/site-packages (from cibuildwheel==2.11.3) (4.4.0)
2022-12-27T11:29:57.3815340Z Requirement already satisfied: packaging>=20.9 in /Users/runner/hostedtoolcache/Python/3.8.15/x64/lib/python3.8/site-packages (from cibuildwheel==2.11.3) (22.0)
2022-12-27T11:29:57.3818910Z Requirement already satisfied: certifi in /Users/runner/hostedtoolcache/Python/3.8.15/x64/lib/python3.8/site-packages (from cibuildwheel==2.11.3) (2022.12.7)
2022-12-27T11:29:57.5508790Z 
2022-12-27T11:29:57.5509110Z      _ _       _ _   _       _           _
2022-12-27T11:29:57.5509550Z  ___|_| |_ _ _|_| |_| |_ _ _| |_ ___ ___| |
2022-12-27T11:29:57.5510800Z |  _| | . | | | | | . | | | |   | -_| -_| |
2022-12-27T11:29:57.5511950Z |___|_|___|___|_|_|___|_____|_|_|___|___|_|
2022-12-27T11:29:57.5512220Z 
2022-12-27T11:29:57.5512340Z cibuildwheel version 2.11.3
2022-12-27T11:29:57.5512560Z 
2022-12-27T11:29:57.5512740Z Build options:
2022-12-27T11:29:57.5513080Z   platform: macos
2022-12-27T11:29:57.5604690Z   architectures: arm64[0m
2022-12-27T11:29:57.5605270Z   build_selector: 
2022-12-27T11:29:57.5605950Z     build_config: cp38-macosx_arm64
2022-12-27T11:29:57.5606470Z     skip_config: 
2022-12-27T11:29:57.5606770Z     requires_python: None
2022-12-27T11:29:57.5607240Z     prerelease_pythons: False[0m
2022-12-27T11:29:57.5607750Z   [38;5;244mcontainer_engine: docker[0m
2022-12-27T11:29:57.5608610Z   output_dir: /Users/runner/actions-runner/_work/python.build/python.build/build_lxml22alpha138/wheelsout[0m
2022-12-27T11:29:57.5609410Z   package_dir: /Users/runner/actions-runner/_work/python.build/python.build/build_lxml22alpha138/lxml-2.2alpha1[0m
2022-12-27T11:29:57.5609860Z   test_selector: 
2022-12-27T11:29:57.5610330Z     skip_config: *_arm64[0m
2022-12-27T11:29:57.5610900Z   [38;5;244mbefore_all: [0m
2022-12-27T11:29:57.5611550Z   before_build: pip install Cython; if [[ -f requirements.txt ]]; then pip install -r requirements.txt; fi[0m
2022-12-27T11:29:57.5612120Z   [38;5;244mbefore_test: [0m
2022-12-27T11:29:57.5612520Z   [38;5;244mbuild_frontend: pip[0m
2022-12-27T11:29:57.5612960Z   build_verbosity: 3[0m
2022-12-27T11:29:57.5613600Z   [38;5;244mconfig_settings: [0m
2022-12-27T11:29:57.5614030Z   [38;5;244mdependency_constraints: pinned[0m
2022-12-27T11:29:57.5614390Z   environment: 
2022-12-27T11:29:57.5614880Z     CFLAGS="-I/usr/local/opt/openssl@3/include"
2022-12-27T11:29:57.5615330Z     LDFLAGS="-L/usr/local/opt/openssl@3/lib"
2022-12-27T11:29:57.5616160Z     CPPFLAGS="-I/usr/local/opt/openssl@3/include"
2022-12-27T11:29:57.5616670Z     MAKEFLAGS="-j$(sysctl -n hw.logicalcpu)"
2022-12-27T11:29:57.5617080Z     PATH=/usr/local/opt/ccache/libexec:$PATH[0m
2022-12-27T11:29:57.5617480Z   [38;5;244mmanylinux_images: None[0m
2022-12-27T11:29:57.5618090Z   [38;5;244mmusllinux_images: None[0m
2022-12-27T11:29:57.5618630Z   [38;5;244mrepair_command: delocate-wheel --require-archs {delocate_archs} -w {dest_dir} -v {wheel}[0m
2022-12-27T11:29:57.5619390Z   [38;5;244mtest_command: [0m
2022-12-27T11:29:57.5619680Z   [38;5;244mtest_extras: [0m
2022-12-27T11:29:57.5619950Z   [38;5;244mtest_requires: [0m
2022-12-27T11:29:57.5620110Z 
2022-12-27T11:29:57.5620190Z Cache folder: /Users/runner/Library/Caches/cibuildwheel
2022-12-27T11:29:57.5623900Z 
2022-12-27T11:29:57.5624300Z Here we go!
2022-12-27T11:29:57.5624440Z 
2022-12-27T11:29:57.5682490Z 
2022-12-27T11:29:57.5683170Z [1m[34mBuilding cp38-macosx_arm64 wheel[0m
2022-12-27T11:29:57.5683720Z CPython 3.8 macOS arm64 - Apple Silicon
2022-12-27T11:29:57.5683920Z 
2022-12-27T11:29:57.5686240Z ##[group]Installing Python cp38...
2022-12-27T11:29:57.5686420Z 
2022-12-27T11:29:57.5686970Z + pkgutil --pkgs
2022-12-27T11:29:57.5783890Z ##[endgroup]
2022-12-27T11:29:57.5785230Z                                                               [32m✓ [0m0.01s
2022-12-27T11:29:57.5786080Z ##[group]Setting up build environment...
2022-12-27T11:29:57.5786340Z 
2022-12-27T11:29:57.5805390Z + /Users/runner/hostedtoolcache/Python/3.8.15/x64/bin/python -sS /Users/runner/Library/Caches/cibuildwheel/virtualenv-20.17.0.pyz --activators= --no-periodic-update --pip=22.3.1 --setuptools=65.6.3 --wheel=0.38.4 --symlink-app-data --python /Library/Frameworks/Python.framework/Versions/3.8/bin/python3 /private/var/folders/51/hd414ycd67n82196sw51xqtc0000gn/T/cibw-run-ww9zti8z/cp38-macosx_arm64/build/venv
2022-12-27T11:29:57.7702400Z created virtual environment CPython3.8.10.final.0-64 in 47ms
2022-12-27T11:29:57.7702970Z   creator CPython3Posix(dest=/private/var/folders/51/hd414ycd67n82196sw51xqtc0000gn/T/cibw-run-ww9zti8z/cp38-macosx_arm64/build/venv, clear=False, no_vcs_ignore=False, global=False)
2022-12-27T11:29:57.7703640Z   seeder FromAppData(download=False, pip=22.3.1, setuptools=65.6.3, wheel=0.38.4, via=symlink, app_data_dir=/Users/runner/Library/Application Support/virtualenv)
2022-12-27T11:29:57.7703970Z     added seed packages: pip==22.3.1, setuptools==65.6.3, wheel==0.38.4
2022-12-27T11:29:57.7821140Z + python -m pip install --upgrade pip -c /Users/runner/hostedtoolcache/Python/3.8.15/x64/lib/python3.8/site-packages/cibuildwheel/resources/constraints-python38.txt
2022-12-27T11:29:58.0923770Z Requirement already satisfied: pip in ./lib/python3.8/site-packages (22.3.1)
2022-12-27T11:29:58.2337200Z + which pip
2022-12-27T11:29:58.2354470Z /private/var/folders/51/hd414ycd67n82196sw51xqtc0000gn/T/cibw-run-ww9zti8z/cp38-macosx_arm64/build/venv/bin/pip
2022-12-27T11:29:58.2356660Z + pip --version
2022-12-27T11:29:58.4619890Z pip 22.3.1 from /private/var/folders/51/hd414ycd67n82196sw51xqtc0000gn/T/cibw-run-ww9zti8z/cp38-macosx_arm64/build/venv/lib/python3.8/site-packages/pip (python 3.8)
2022-12-27T11:29:58.4833450Z + which pip
2022-12-27T11:29:58.4860240Z + which python
2022-12-27T11:29:58.4876990Z /private/var/folders/51/hd414ycd67n82196sw51xqtc0000gn/T/cibw-run-ww9zti8z/cp38-macosx_arm64/build/venv/bin/python
2022-12-27T11:29:58.4879430Z + python --version
2022-12-27T11:29:58.4925630Z Python 3.8.10
2022-12-27T11:29:58.4928360Z + which python
2022-12-27T11:29:58.4990140Z ##[endgroup]
2022-12-27T11:29:58.4990580Z                                                               [32m✓ [0m0.92s
2022-12-27T11:29:58.4991180Z ##[group]Installing build tools...
2022-12-27T11:29:58.4991330Z 
2022-12-27T11:29:58.4991740Z + pip install --upgrade setuptools wheel delocate -c /Users/runner/hostedtoolcache/Python/3.8.15/x64/lib/python3.8/site-packages/cibuildwheel/resources/constraints-python38.txt
2022-12-27T11:29:58.8042900Z Requirement already satisfied: setuptools in /private/var/folders/51/hd414ycd67n82196sw51xqtc0000gn/T/cibw-run-ww9zti8z/cp38-macosx_arm64/build/venv/lib/python3.8/site-packages (65.6.3)
2022-12-27T11:29:59.0308670Z Requirement already satisfied: wheel in /private/var/folders/51/hd414ycd67n82196sw51xqtc0000gn/T/cibw-run-ww9zti8z/cp38-macosx_arm64/build/venv/lib/python3.8/site-packages (0.38.4)
2022-12-27T11:29:59.0779010Z Collecting delocate
2022-12-27T11:29:59.0804440Z   Using cached delocate-0.10.3-py3-none-any.whl (142 kB)
2022-12-27T11:29:59.1059880Z Collecting typing-extensions
2022-12-27T11:29:59.1081860Z   Using cached typing_extensions-4.4.0-py3-none-any.whl (26 kB)
2022-12-27T11:29:59.1336590Z Collecting packaging>=20.9
2022-12-27T11:29:59.1357330Z   Using cached packaging-21.3-py3-none-any.whl (40 kB)
2022-12-27T11:29:59.1751810Z Collecting pyparsing!=3.0.5,>=2.0.2
2022-12-27T11:29:59.1773600Z   Using cached pyparsing-3.0.9-py3-none-any.whl (98 kB)
2022-12-27T11:29:59.2158690Z Installing collected packages: typing-extensions, pyparsing, packaging, delocate
2022-12-27T11:29:59.3491360Z Successfully installed delocate-0.10.3 packaging-21.3 pyparsing-3.0.9 typing-extensions-4.4.0
2022-12-27T11:29:59.3896190Z ##[endgroup]
2022-12-27T11:29:59.3896980Z                                                               [32m✓ [0m0.89s
2022-12-27T11:29:59.3897480Z ##[group]Running before_build...
2022-12-27T11:29:59.3897600Z 
2022-12-27T11:29:59.3903090Z + pip install Cython; if [[ -f requirements.txt ]]; then pip install -r requirements.txt; fi
2022-12-27T11:30:00.0779950Z Collecting Cython
2022-12-27T11:30:00.0826230Z   Using cached Cython-0.29.32-py2.py3-none-any.whl (986 kB)
2022-12-27T11:30:00.1268140Z Installing collected packages: Cython
2022-12-27T11:30:00.5594090Z Successfully installed Cython-0.29.32
2022-12-27T11:30:00.5993740Z ##[endgroup]
2022-12-27T11:30:00.5994550Z                                                               [32m✓ [0m1.21s
2022-12-27T11:30:00.5995050Z ##[group]Building wheel...
2022-12-27T11:30:00.5995170Z 
2022-12-27T11:30:00.5999730Z + python -m pip wheel /Users/runner/actions-runner/_work/python.build/python.build/build_lxml22alpha138/lxml-2.2alpha1 --wheel-dir=/private/var/folders/51/hd414ycd67n82196sw51xqtc0000gn/T/cibw-run-ww9zti8z/cp38-macosx_arm64/built_wheel --no-deps -vvv
2022-12-27T11:30:00.8866780Z Created temporary directory: /private/var/folders/51/hd414ycd67n82196sw51xqtc0000gn/T/pip-ephem-wheel-cache-c5tkornl
2022-12-27T11:30:00.8871120Z Created temporary directory: /private/var/folders/51/hd414ycd67n82196sw51xqtc0000gn/T/pip-build-tracker-glnsrpzp
2022-12-27T11:30:00.8873170Z Initialized build tracking at /private/var/folders/51/hd414ycd67n82196sw51xqtc0000gn/T/pip-build-tracker-glnsrpzp
2022-12-27T11:30:00.8874830Z Created build tracker: /private/var/folders/51/hd414ycd67n82196sw51xqtc0000gn/T/pip-build-tracker-glnsrpzp
2022-12-27T11:30:00.8876480Z Entered build tracker: /private/var/folders/51/hd414ycd67n82196sw51xqtc0000gn/T/pip-build-tracker-glnsrpzp
2022-12-27T11:30:00.8879860Z Created temporary directory: /private/var/folders/51/hd414ycd67n82196sw51xqtc0000gn/T/pip-wheel-3oqdythi
2022-12-27T11:30:00.8886260Z Created temporary directory: /private/var/folders/51/hd414ycd67n82196sw51xqtc0000gn/T/pip-ephem-wheel-cache-lyyulag7
2022-12-27T11:30:00.8969870Z Processing /Users/runner/actions-runner/_work/python.build/python.build/build_lxml22alpha138/lxml-2.2alpha1
2022-12-27T11:30:00.8975110Z   Added file:///Users/runner/actions-runner/_work/python.build/python.build/build_lxml22alpha138/lxml-2.2alpha1 to build tracker '/private/var/folders/51/hd414ycd67n82196sw51xqtc0000gn/T/pip-build-tracker-glnsrpzp'
2022-12-27T11:30:00.8978940Z   Running setup.py (path:/Users/runner/actions-runner/_work/python.build/python.build/build_lxml22alpha138/lxml-2.2alpha1/setup.py) egg_info for package from file:///Users/runner/actions-runner/_work/python.build/python.build/build_lxml22alpha138/lxml-2.2alpha1
2022-12-27T11:30:00.8981960Z   Created temporary directory: /private/var/folders/51/hd414ycd67n82196sw51xqtc0000gn/T/pip-pip-egg-info-rha2flhk
2022-12-27T11:30:00.8983560Z   Preparing metadata (setup.py): started
2022-12-27T11:30:00.8985620Z   Running command python setup.py egg_info
2022-12-27T11:30:01.2913880Z   Building lxml version 2.2.alpha1.
2022-12-27T11:30:01.2914790Z   Building with Cython 0.29.32.
2022-12-27T11:30:01.2916170Z   Using build configuration of libxslt 1.1.29
2022-12-27T11:30:01.2917980Z   Building against libxml2/libxslt in the following directory: /Library/Developer/CommandLineTools/SDKs/MacOSX12.1.sdk/usr/lib
2022-12-27T11:30:01.2919250Z   running egg_info
2022-12-27T11:30:01.2921540Z   creating /private/var/folders/51/hd414ycd67n82196sw51xqtc0000gn/T/pip-pip-egg-info-rha2flhk/lxml.egg-info
2022-12-27T11:30:01.2924710Z   writing /private/var/folders/51/hd414ycd67n82196sw51xqtc0000gn/T/pip-pip-egg-info-rha2flhk/lxml.egg-info/PKG-INFO
2022-12-27T11:30:01.2928900Z   writing dependency_links to /private/var/folders/51/hd414ycd67n82196sw51xqtc0000gn/T/pip-pip-egg-info-rha2flhk/lxml.egg-info/dependency_links.txt
2022-12-27T11:30:01.2932710Z   writing top-level names to /private/var/folders/51/hd414ycd67n82196sw51xqtc0000gn/T/pip-pip-egg-info-rha2flhk/lxml.egg-info/top_level.txt
2022-12-27T11:30:01.2935160Z   writing manifest file '/private/var/folders/51/hd414ycd67n82196sw51xqtc0000gn/T/pip-pip-egg-info-rha2flhk/lxml.egg-info/SOURCES.txt'
2022-12-27T11:30:01.2997670Z   reading manifest file '/private/var/folders/51/hd414ycd67n82196sw51xqtc0000gn/T/pip-pip-egg-info-rha2flhk/lxml.egg-info/SOURCES.txt'
2022-12-27T11:30:01.3000310Z   reading manifest template 'MANIFEST.in'
2022-12-27T11:30:01.3907200Z   adding license file 'LICENSES.txt'
2022-12-27T11:30:01.3972290Z   writing manifest file '/private/var/folders/51/hd414ycd67n82196sw51xqtc0000gn/T/pip-pip-egg-info-rha2flhk/lxml.egg-info/SOURCES.txt'
2022-12-27T11:30:01.3974690Z   /private/var/folders/51/hd414ycd67n82196sw51xqtc0000gn/T/cibw-run-ww9zti8z/cp38-macosx_arm64/build/venv/lib/python3.8/site-packages/setuptools/dist.py:529: UserWarning: Normalizing '2.2alpha1' to '2.2a1'
2022-12-27T11:30:01.3975980Z     warnings.warn(tmpl.format(**locals()))
2022-12-27T11:30:01.4194570Z   Preparing metadata (setup.py): finished with status 'done'
2022-12-27T11:30:01.4220180Z   Source in /Users/runner/actions-runner/_work/python.build/python.build/build_lxml22alpha138/lxml-2.2alpha1 has version 2.2a1, which satisfies requirement lxml==2.2a1 from file:///Users/runner/actions-runner/_work/python.build/python.build/build_lxml22alpha138/lxml-2.2alpha1
2022-12-27T11:30:01.4223140Z   Removed lxml==2.2a1 from file:///Users/runner/actions-runner/_work/python.build/python.build/build_lxml22alpha138/lxml-2.2alpha1 from build tracker '/private/var/folders/51/hd414ycd67n82196sw51xqtc0000gn/T/pip-build-tracker-glnsrpzp'
2022-12-27T11:30:01.4335550Z Created temporary directory: /private/var/folders/51/hd414ycd67n82196sw51xqtc0000gn/T/pip-unpack-8gt_vx_0
2022-12-27T11:30:01.4337420Z Building wheels for collected packages: lxml
2022-12-27T11:30:01.4344210Z   Created temporary directory: /private/var/folders/51/hd414ycd67n82196sw51xqtc0000gn/T/pip-wheel-un6kob9a
2022-12-27T11:30:01.4345900Z   Building wheel for lxml (setup.py): started
2022-12-27T11:30:01.4348070Z   Destination directory: /private/var/folders/51/hd414ycd67n82196sw51xqtc0000gn/T/pip-wheel-un6kob9a
2022-12-27T11:30:01.4349370Z   Running command python setup.py bdist_wheel
2022-12-27T11:30:01.6980470Z   Building lxml version 2.2.alpha1.
2022-12-27T11:30:01.6981790Z   Building with Cython 0.29.32.
2022-12-27T11:30:01.7107970Z   Using build configuration of libxslt 1.1.29
2022-12-27T11:30:01.8059170Z   Building against libxml2/libxslt in the following directory: /Library/Developer/CommandLineTools/SDKs/MacOSX12.1.sdk/usr/lib
2022-12-27T11:30:01.8167160Z   /private/var/folders/51/hd414ycd67n82196sw51xqtc0000gn/T/cibw-run-ww9zti8z/cp38-macosx_arm64/build/venv/lib/python3.8/site-packages/setuptools/dist.py:529: UserWarning: Normalizing '2.2alpha1' to '2.2a1'
2022-12-27T11:30:01.8168520Z     warnings.warn(tmpl.format(**locals()))
2022-12-27T11:30:01.8310520Z   running bdist_wheel
2022-12-27T11:30:01.8355630Z   running build
2022-12-27T11:30:01.8357700Z   running build_py
2022-12-27T11:30:01.8379750Z   creating build
2022-12-27T11:30:01.8381950Z   creating build/lib.macosx-11.0-arm64-cpython-38
2022-12-27T11:30:01.8384050Z   creating build/lib.macosx-11.0-arm64-cpython-38/lxml
2022-12-27T11:30:01.8386050Z   copying src/lxml/_elementpath.py -> build/lib.macosx-11.0-arm64-cpython-38/lxml
2022-12-27T11:30:01.8387970Z   copying src/lxml/sax.py -> build/lib.macosx-11.0-arm64-cpython-38/lxml
2022-12-27T11:30:01.8391330Z   copying src/lxml/pyclasslookup.py -> build/lib.macosx-11.0-arm64-cpython-38/lxml
2022-12-27T11:30:01.8393470Z   copying src/lxml/__init__.py -> build/lib.macosx-11.0-arm64-cpython-38/lxml
2022-12-27T11:30:01.8396040Z   copying src/lxml/builder.py -> build/lib.macosx-11.0-arm64-cpython-38/lxml
2022-12-27T11:30:01.8399200Z   copying src/lxml/doctestcompare.py -> build/lib.macosx-11.0-arm64-cpython-38/lxml
2022-12-27T11:30:01.8403030Z   copying src/lxml/usedoctest.py -> build/lib.macosx-11.0-arm64-cpython-38/lxml
2022-12-27T11:30:01.8406180Z   copying src/lxml/cssselect.py -> build/lib.macosx-11.0-arm64-cpython-38/lxml
2022-12-27T11:30:01.8409360Z   copying src/lxml/ElementInclude.py -> build/lib.macosx-11.0-arm64-cpython-38/lxml
2022-12-27T11:30:01.8417760Z   creating build/lib.macosx-11.0-arm64-cpython-38/lxml/html
2022-12-27T11:30:01.8420130Z   copying src/lxml/html/soupparser.py -> build/lib.macosx-11.0-arm64-cpython-38/lxml/html
2022-12-27T11:30:01.8422110Z   copying src/lxml/html/defs.py -> build/lib.macosx-11.0-arm64-cpython-38/lxml/html
2022-12-27T11:30:01.8425210Z   copying src/lxml/html/_setmixin.py -> build/lib.macosx-11.0-arm64-cpython-38/lxml/html
2022-12-27T11:30:01.8428150Z   copying src/lxml/html/clean.py -> build/lib.macosx-11.0-arm64-cpython-38/lxml/html
2022-12-27T11:30:01.8431220Z   copying src/lxml/html/_diffcommand.py -> build/lib.macosx-11.0-arm64-cpython-38/lxml/html
2022-12-27T11:30:01.8433970Z   copying src/lxml/html/html5parser.py -> build/lib.macosx-11.0-arm64-cpython-38/lxml/html
2022-12-27T11:30:01.8437660Z   copying src/lxml/html/__init__.py -> build/lib.macosx-11.0-arm64-cpython-38/lxml/html
2022-12-27T11:30:01.8440950Z   copying src/lxml/html/formfill.py -> build/lib.macosx-11.0-arm64-cpython-38/lxml/html
2022-12-27T11:30:01.8443250Z   copying src/lxml/html/builder.py -> build/lib.macosx-11.0-arm64-cpython-38/lxml/html
2022-12-27T11:30:01.8446160Z   copying src/lxml/html/ElementSoup.py -> build/lib.macosx-11.0-arm64-cpython-38/lxml/html
2022-12-27T11:30:01.8448700Z   copying src/lxml/html/_html5builder.py -> build/lib.macosx-11.0-arm64-cpython-38/lxml/html
2022-12-27T11:30:01.8451760Z   copying src/lxml/html/usedoctest.py -> build/lib.macosx-11.0-arm64-cpython-38/lxml/html
2022-12-27T11:30:01.8454110Z   copying src/lxml/html/diff.py -> build/lib.macosx-11.0-arm64-cpython-38/lxml/html
2022-12-27T11:30:01.8457310Z   copying src/lxml/html/_dictmixin.py -> build/lib.macosx-11.0-arm64-cpython-38/lxml/html
2022-12-27T11:30:01.8469890Z   running build_ext
2022-12-27T11:30:01.8887700Z   skipping 'src/lxml/lxml.etree.c' Cython extension (up-to-date)
2022-12-27T11:30:01.8888950Z   skipping 'src/lxml/lxml.objectify.c' Cython extension (up-to-date)
2022-12-27T11:30:01.8890720Z   building 'lxml.etree' extension
2022-12-27T11:30:01.8892330Z   creating build/temp.macosx-11.0-arm64-cpython-38
2022-12-27T11:30:01.8893890Z   creating build/temp.macosx-11.0-arm64-cpython-38/src
2022-12-27T11:30:01.8895450Z   creating build/temp.macosx-11.0-arm64-cpython-38/src/lxml
2022-12-27T11:30:01.8898370Z   gcc -Wno-unused-result -Wsign-compare -Wunreachable-code -fno-common -dynamic -DNDEBUG -g -fwrapv -O3 -Wall -g -I/usr/local/opt/openssl@3/include -I/usr/local/opt/openssl@3/include -arch arm64 -I/Library/Developer/CommandLineTools/SDKs/MacOSX12.1.sdk/usr/include -I/private/var/folders/51/hd414ycd67n82196sw51xqtc0000gn/T/cibw-run-ww9zti8z/cp38-macosx_arm64/build/venv/include -I/Library/Frameworks/Python.framework/Versions/3.8/include/python3.8 -c src/lxml/lxml.etree.c -o build/temp.macosx-11.0-arm64-cpython-38/src/lxml/lxml.etree.o -w -flat_namespace
2022-12-27T11:30:02.4452500Z   src/lxml/lxml.etree.c:127413:21: error: no member named 'exc_type' in 'struct _ts'
2022-12-27T11:30:02.4453850Z       *type = tstate->exc_type;
2022-12-27T11:30:02.4455870Z               ~~~~~~  ^
2022-12-27T11:30:02.4458200Z   src/lxml/lxml.etree.c:127414:22: error: no member named 'exc_value' in 'struct _ts'; did you mean 'curexc_value'?
2022-12-27T11:30:02.4461490Z       *value = tstate->exc_value;
2022-12-27T11:30:02.4461730Z                        ^~~~~~~~~
2022-12-27T11:30:02.4462680Z                        curexc_value
2022-12-27T11:30:02.4464560Z   /Library/Frameworks/Python.framework/Versions/3.8/include/python3.8/cpython/pystate.h:80:15: note: 'curexc_value' declared here
2022-12-27T11:30:02.4465790Z       PyObject *curexc_value;
2022-12-27T11:30:02.4467200Z                 ^
2022-12-27T11:30:02.4468860Z   src/lxml/lxml.etree.c:127415:19: error: no member named 'exc_traceback' in 'struct _ts'; did you mean 'curexc_traceback'?
2022-12-27T11:30:02.4470350Z       *tb = tstate->exc_traceback;
2022-12-27T11:30:02.4471560Z                     ^~~~~~~~~~~~~
2022-12-27T11:30:02.4472990Z                     curexc_traceback
2022-12-27T11:30:02.4474790Z   /Library/Frameworks/Python.framework/Versions/3.8/include/python3.8/cpython/pystate.h:81:15: note: 'curexc_traceback' declared here
2022-12-27T11:30:02.4476060Z       PyObject *curexc_traceback;
2022-12-27T11:30:02.4477730Z                 ^
2022-12-27T11:30:02.4479170Z   src/lxml/lxml.etree.c:127424:24: error: no member named 'exc_type' in 'struct _ts'
2022-12-27T11:30:02.4480620Z       tmp_type = tstate->exc_type;
2022-12-27T11:30:02.4481920Z                  ~~~~~~  ^
2022-12-27T11:30:02.4483630Z   src/lxml/lxml.etree.c:127425:25: error: no member named 'exc_value' in 'struct _ts'; did you mean 'curexc_value'?
2022-12-27T11:30:02.4485020Z       tmp_value = tstate->exc_value;
2022-12-27T11:30:02.4486400Z                           ^~~~~~~~~
2022-12-27T11:30:02.4487780Z                           curexc_value
2022-12-27T11:30:02.4489530Z   /Library/Frameworks/Python.framework/Versions/3.8/include/python3.8/cpython/pystate.h:80:15: note: 'curexc_value' declared here
2022-12-27T11:30:02.4491170Z       PyObject *curexc_value;
2022-12-27T11:30:02.4492210Z                 ^
2022-12-27T11:30:02.4494310Z   src/lxml/lxml.etree.c:127426:22: error: no member named 'exc_traceback' in 'struct _ts'; did you mean 'curexc_traceback'?
2022-12-27T11:30:02.4495330Z       tmp_tb = tstate->exc_traceback;
2022-12-27T11:30:02.4496680Z                        ^~~~~~~~~~~~~
2022-12-27T11:30:02.4498170Z                        curexc_traceback
2022-12-27T11:30:02.4499840Z   /Library/Frameworks/Python.framework/Versions/3.8/include/python3.8/cpython/pystate.h:81:15: note: 'curexc_traceback' declared here
2022-12-27T11:30:02.4501090Z       PyObject *curexc_traceback;
2022-12-27T11:30:02.4502470Z                 ^
2022-12-27T11:30:02.4504160Z   src/lxml/lxml.etree.c:127427:13: error: no member named 'exc_type' in 'struct _ts'
2022-12-27T11:30:02.4505430Z       tstate->exc_type = type;
2022-12-27T11:30:02.4506770Z       ~~~~~~  ^
2022-12-27T11:30:02.4508410Z   src/lxml/lxml.etree.c:127428:13: error: no member named 'exc_value' in 'struct _ts'; did you mean 'curexc_value'?
2022-12-27T11:30:02.4509680Z       tstate->exc_value = value;
2022-12-27T11:30:02.4511270Z               ^~~~~~~~~
2022-12-27T11:30:02.4512510Z               curexc_value
2022-12-27T11:30:02.4514180Z   /Library/Frameworks/Python.framework/Versions/3.8/include/python3.8/cpython/pystate.h:80:15: note: 'curexc_value' declared here
2022-12-27T11:30:02.4515380Z       PyObject *curexc_value;
2022-12-27T11:30:02.4516900Z                 ^
2022-12-27T11:30:02.4518580Z   src/lxml/lxml.etree.c:127429:13: error: no member named 'exc_traceback' in 'struct _ts'; did you mean 'curexc_traceback'?
2022-12-27T11:30:02.4519890Z       tstate->exc_traceback = tb;
2022-12-27T11:30:02.4521190Z               ^~~~~~~~~~~~~
2022-12-27T11:30:02.4522660Z               curexc_traceback
2022-12-27T11:30:02.4524350Z   /Library/Frameworks/Python.framework/Versions/3.8/include/python3.8/cpython/pystate.h:81:15: note: 'curexc_traceback' declared here
2022-12-27T11:30:02.4525600Z       PyObject *curexc_traceback;
2022-12-27T11:30:02.4526980Z                 ^
2022-12-27T11:30:02.4529060Z   src/lxml/lxml.etree.c:127506:24: error: no member named 'exc_type' in 'struct _ts'
2022-12-27T11:30:02.4530310Z       tmp_type = tstate->exc_type;
2022-12-27T11:30:02.4531600Z                  ~~~~~~  ^
2022-12-27T11:30:02.4595390Z   src/lxml/lxml.etree.c:127507:25: error: no member named 'exc_value' in 'struct _ts'; did you mean 'curexc_value'?
2022-12-27T11:30:02.4596110Z       tmp_value = tstate->exc_value;
2022-12-27T11:30:02.4596390Z                           ^~~~~~~~~
2022-12-27T11:30:02.4596710Z                           curexc_value
2022-12-27T11:30:02.4597390Z   /Library/Frameworks/Python.framework/Versions/3.8/include/python3.8/cpython/pystate.h:80:15: note: 'curexc_value' declared here
2022-12-27T11:30:02.4597840Z       PyObject *curexc_value;
2022-12-27T11:30:02.4598120Z                 ^
2022-12-27T11:30:02.4598740Z   src/lxml/lxml.etree.c:127508:22: error: no member named 'exc_traceback' in 'struct _ts'; did you mean 'curexc_traceback'?
2022-12-27T11:30:02.4599240Z       tmp_tb = tstate->exc_traceback;
2022-12-27T11:30:02.4599570Z                        ^~~~~~~~~~~~~
2022-12-27T11:30:02.4599890Z                        curexc_traceback
2022-12-27T11:30:02.4600680Z   /Library/Frameworks/Python.framework/Versions/3.8/include/python3.8/cpython/pystate.h:81:15: note: 'curexc_traceback' declared here
2022-12-27T11:30:02.4601050Z       PyObject *curexc_traceback;
2022-12-27T11:30:02.4601320Z                 ^
2022-12-27T11:30:02.4601760Z   src/lxml/lxml.etree.c:127509:13: error: no member named 'exc_type' in 'struct _ts'
2022-12-27T11:30:02.4602370Z       tstate->exc_type = *type;
2022-12-27T11:30:02.4602590Z       ~~~~~~  ^
2022-12-27T11:30:02.4603070Z   src/lxml/lxml.etree.c:127510:13: error: no member named 'exc_value' in 'struct _ts'; did you mean 'curexc_value'?
2022-12-27T11:30:02.4603500Z       tstate->exc_value = *value;
2022-12-27T11:30:02.4603730Z               ^~~~~~~~~
2022-12-27T11:30:02.4604380Z               curexc_value
2022-12-27T11:30:02.4604980Z   /Library/Frameworks/Python.framework/Versions/3.8/include/python3.8/cpython/pystate.h:80:15: note: 'curexc_value' declared here
2022-12-27T11:30:02.4605340Z       PyObject *curexc_value;
2022-12-27T11:30:02.4605610Z                 ^
2022-12-27T11:30:02.4606090Z   src/lxml/lxml.etree.c:127511:13: error: no member named 'exc_traceback' in 'struct _ts'; did you mean 'curexc_traceback'?
2022-12-27T11:30:02.4606520Z       tstate->exc_traceback = *tb;
2022-12-27T11:30:02.4606750Z               ^~~~~~~~~~~~~
2022-12-27T11:30:02.4607010Z               curexc_traceback
2022-12-27T11:30:02.4607510Z   /Library/Frameworks/Python.framework/Versions/3.8/include/python3.8/cpython/pystate.h:81:15: note: 'curexc_traceback' declared here
2022-12-27T11:30:02.4607990Z       PyObject *curexc_traceback;
2022-12-27T11:30:02.4608260Z                 ^
2022-12-27T11:30:02.4608520Z   15 errors generated.
2022-12-27T11:30:02.4608890Z   error: command '/usr/bin/gcc' failed with exit code 1
2022-12-27T11:30:02.4911110Z   error: subprocess-exited-with-error
2022-12-27T11:30:02.4911590Z   
2022-12-27T11:30:02.4911970Z   × python setup.py bdist_wheel did not run successfully.
2022-12-27T11:30:02.4912270Z   │ exit code: 1
2022-12-27T11:30:02.4912540Z   ╰─> See above for output.
2022-12-27T11:30:02.4912760Z   
2022-12-27T11:30:02.4913000Z   note: This error originates from a subprocess, and is likely not a problem with pip.
2022-12-27T11:30:02.4920660Z   full command: /private/var/folders/51/hd414ycd67n82196sw51xqtc0000gn/T/cibw-run-ww9zti8z/cp38-macosx_arm64/build/venv/bin/python -u -c '
2022-12-27T11:30:02.4920980Z   exec(compile('"'"''"'"''"'"'
2022-12-27T11:30:02.4921290Z   # This is <pip-setuptools-caller> -- a caller that pip uses to run setup.py
2022-12-27T11:30:02.4921830Z   #
2022-12-27T11:30:02.4922310Z   # - It imports setuptools before invoking setup.py, to enable projects that directly
2022-12-27T11:30:02.4922980Z   #   import from `distutils.core` to work with newer packaging standards.
2022-12-27T11:30:02.4923540Z   # - It provides a clear error message when setuptools is not installed.
2022-12-27T11:30:02.4924030Z   # - It sets `sys.argv[0]` to the underlying `setup.py`, when invoking `setup.py` so
2022-12-27T11:30:02.4925150Z   #   setuptools doesn'"'"'t think the script is `-c`. This avoids the following warning:
2022-12-27T11:30:02.4925630Z   #     manifest_maker: standard file '"'"'-c'"'"' not found".
2022-12-27T11:30:02.4926070Z   # - It generates a shim setup.py, for handling setup.cfg-only projects.
2022-12-27T11:30:02.4926370Z   import os, sys, tokenize
2022-12-27T11:30:02.4926630Z   
2022-12-27T11:30:02.4926820Z   try:
2022-12-27T11:30:02.4927030Z       import setuptools
2022-12-27T11:30:02.4927270Z   except ImportError as error:
2022-12-27T11:30:02.4927710Z       print(
2022-12-27T11:30:02.4927990Z           "ERROR: Can not execute `setup.py` since setuptools is not available in "
2022-12-27T11:30:02.4928330Z           "the build environment.",
2022-12-27T11:30:02.4928610Z           file=sys.stderr,
2022-12-27T11:30:02.4928810Z       )
2022-12-27T11:30:02.4929020Z       sys.exit(1)
2022-12-27T11:30:02.4929250Z   
2022-12-27T11:30:02.4929430Z   __file__ = %r
2022-12-27T11:30:02.4929660Z   sys.argv[0] = __file__
2022-12-27T11:30:02.4929890Z   
2022-12-27T11:30:02.4930090Z   if os.path.exists(__file__):
2022-12-27T11:30:02.4930310Z       filename = __file__
2022-12-27T11:30:02.4930560Z       with tokenize.open(__file__) as f:
2022-12-27T11:30:02.4930760Z           setup_py_code = f.read()
2022-12-27T11:30:02.4930990Z   else:
2022-12-27T11:30:02.4931330Z       filename = "<auto-generated setuptools caller>"
2022-12-27T11:30:02.4931670Z       setup_py_code = "from setuptools import setup; setup()"
2022-12-27T11:30:02.4931900Z   
2022-12-27T11:30:02.4932160Z   exec(compile(setup_py_code, filename, "exec"))
2022-12-27T11:30:02.4933250Z   '"'"''"'"''"'"' % ('"'"'/Users/runner/actions-runner/_work/python.build/python.build/build_lxml22alpha138/lxml-2.2alpha1/setup.py'"'"',), "<pip-setuptools-caller>", "exec"))' bdist_wheel -d /private/var/folders/51/hd414ycd67n82196sw51xqtc0000gn/T/pip-wheel-un6kob9a
2022-12-27T11:30:02.4934130Z   cwd: /Users/runner/actions-runner/_work/python.build/python.build/build_lxml22alpha138/lxml-2.2alpha1/
2022-12-27T11:30:02.4934490Z   ERROR: Failed building wheel for lxml
2022-12-27T11:30:02.4934790Z   Running command python setup.py clean
2022-12-27T11:30:02.4935240Z   Building wheel for lxml (setup.py): finished with status 'error'
2022-12-27T11:30:02.4935520Z   Running setup.py clean for lxml
2022-12-27T11:30:02.7596680Z   Building lxml version 2.2.alpha1.
2022-12-27T11:30:02.7598100Z   Building with Cython 0.29.32.
2022-12-27T11:30:02.7726470Z   Using build configuration of libxslt 1.1.29
2022-12-27T11:30:02.8666750Z   Building against libxml2/libxslt in the following directory: /Library/Developer/CommandLineTools/SDKs/MacOSX12.1.sdk/usr/lib
2022-12-27T11:30:02.8776010Z   /private/var/folders/51/hd414ycd67n82196sw51xqtc0000gn/T/cibw-run-ww9zti8z/cp38-macosx_arm64/build/venv/lib/python3.8/site-packages/setuptools/dist.py:529: UserWarning: Normalizing '2.2alpha1' to '2.2a1'
2022-12-27T11:30:02.8777080Z     warnings.warn(tmpl.format(**locals()))
2022-12-27T11:30:02.8814650Z   running clean
2022-12-27T11:30:02.8845350Z   removing 'build/temp.macosx-11.0-arm64-cpython-38' (and everything under it)
2022-12-27T11:30:02.8848940Z   removing 'build/lib.macosx-11.0-arm64-cpython-38' (and everything under it)
2022-12-27T11:30:02.8872600Z   'build/bdist.macosx-11.0-arm64' does not exist -- can't clean it
2022-12-27T11:30:02.8874520Z   'build/scripts-3.8' does not exist -- can't clean it
2022-12-27T11:30:02.8876340Z   removing 'build'
2022-12-27T11:30:02.9098850Z Failed to build lxml
2022-12-27T11:30:02.9103480Z ERROR: Failed to build one or more wheels
2022-12-27T11:30:02.9113630Z Exception information:
2022-12-27T11:30:02.9113850Z Traceback (most recent call last):
2022-12-27T11:30:02.9120330Z   File "/private/var/folders/51/hd414ycd67n82196sw51xqtc0000gn/T/cibw-run-ww9zti8z/cp38-macosx_arm64/build/venv/lib/python3.8/site-packages/pip/_internal/cli/base_command.py", line 160, in exc_logging_wrapper
2022-12-27T11:30:02.9121110Z     status = run_func(*args)
2022-12-27T11:30:02.9121660Z   File "/private/var/folders/51/hd414ycd67n82196sw51xqtc0000gn/T/cibw-run-ww9zti8z/cp38-macosx_arm64/build/venv/lib/python3.8/site-packages/pip/_internal/cli/req_command.py", line 247, in wrapper
2022-12-27T11:30:02.9122000Z     return func(self, options, args)
2022-12-27T11:30:02.9122470Z   File "/private/var/folders/51/hd414ycd67n82196sw51xqtc0000gn/T/cibw-run-ww9zti8z/cp38-macosx_arm64/build/venv/lib/python3.8/site-packages/pip/_internal/commands/wheel.py", line 201, in run
2022-12-27T11:30:02.9122800Z     raise CommandError("Failed to build one or more wheels")
2022-12-27T11:30:02.9123030Z pip._internal.exceptions.CommandError: Failed to build one or more wheels
2022-12-27T11:30:02.9123410Z Removed build tracker: '/private/var/folders/51/hd414ycd67n82196sw51xqtc0000gn/T/pip-build-tracker-glnsrpzp'
2022-12-27T11:30:02.9487660Z ##[endgroup]
2022-12-27T11:30:02.9488230Z                                                               [31m✕ [0m2.35s
2022-12-27T11:30:02.9895970Z ##[error]Command ['python', '-m', 'pip', 'wheel', '/Users/runner/actions-runner/_work/python.build/python.build/build_lxml22alpha138/lxml-2.2alpha1', '--wheel-dir=/private/var/folders/51/hd414ycd67n82196sw51xqtc0000gn/T/cibw-run-ww9zti8z/cp38-macosx_arm64/built_wheel', '--no-deps', '-vvv'] failed with code 1. None
2022-12-27T11:30:02.9903700Z 
2022-12-27T11:30:02.9999980Z ##[error]Process completed with exit code 1.
2022-12-27T11:30:03.0033700Z ##[group]Run rm -rf build_lxml22alpha138 wheelsout
2022-12-27T11:30:03.0033900Z [36;1mrm -rf build_lxml22alpha138 wheelsout[0m
2022-12-27T11:30:03.0048820Z shell: /bin/bash -e {0}
2022-12-27T11:30:03.0048940Z env:
2022-12-27T11:30:03.0049100Z   pythonLocation: /Users/runner/hostedtoolcache/Python/3.8.15/x64
2022-12-27T11:30:03.0049300Z   PKG_CONFIG_PATH: /Users/runner/hostedtoolcache/Python/3.8.15/x64/lib/pkgconfig
2022-12-27T11:30:03.0049490Z   Python_ROOT_DIR: /Users/runner/hostedtoolcache/Python/3.8.15/x64
2022-12-27T11:30:03.0049680Z   Python2_ROOT_DIR: /Users/runner/hostedtoolcache/Python/3.8.15/x64
2022-12-27T11:30:03.0049840Z   Python3_ROOT_DIR: /Users/runner/hostedtoolcache/Python/3.8.15/x64
2022-12-27T11:30:03.0049980Z ##[endgroup]
2022-12-27T11:30:03.0653310Z Cleaning up orphan processes
