2022-12-27T08:46:17.0782929Z Requested labels: self-hosted, macOS, X64
2022-12-27T08:46:17.0783039Z Job defined at: kilnbuild/python.build/.github/workflows/mac_arm_build.yml@refs/heads/main
2022-12-27T08:46:17.0783064Z Waiting for a runner to pick up this job...
2022-12-27T11:06:56.4635062Z Job is about to start running on the runner: kr2 (organization)
2022-12-27T11:07:02.0140740Z Current runner version: '2.300.2'
2022-12-27T11:07:02.0148590Z Runner name: 'kr2'
2022-12-27T11:07:02.0148990Z Runner group name: 'Default'
2022-12-27T11:07:02.0149900Z Machine name: 'kr2'
2022-12-27T11:07:02.0152520Z ##[group]GITHUB_TOKEN Permissions
2022-12-27T11:07:02.0153230Z Actions: write
2022-12-27T11:07:02.0153500Z Checks: write
2022-12-27T11:07:02.0153760Z Contents: write
2022-12-27T11:07:02.0154020Z Deployments: write
2022-12-27T11:07:02.0154290Z Discussions: write
2022-12-27T11:07:02.0154550Z Issues: write
2022-12-27T11:07:02.0154790Z Metadata: read
2022-12-27T11:07:02.0155040Z Packages: write
2022-12-27T11:07:02.0155310Z Pages: write
2022-12-27T11:07:02.0155560Z PullRequests: write
2022-12-27T11:07:02.0155870Z RepositoryProjects: write
2022-12-27T11:07:02.0156170Z SecurityEvents: write
2022-12-27T11:07:02.0156440Z Statuses: write
2022-12-27T11:07:02.0156690Z ##[endgroup]
2022-12-27T11:07:02.0160700Z Secret source: Actions
2022-12-27T11:07:02.0161210Z Prepare workflow directory
2022-12-27T11:07:02.1300350Z Prepare all required actions
2022-12-27T11:07:02.1507830Z Getting action download info
2022-12-27T11:07:02.6304020Z Download action repository 'actions/setup-python@v4' (SHA:5ccb29d8773c3f3f653e1705f474dfaa8a06a912)
2022-12-27T11:07:04.5308400Z Download action repository 'actions/upload-artifact@v3' (SHA:83fd05a356d7e2593de66fc9913b3002723633cb)
2022-12-27T11:07:06.0014160Z ##[group]Run echo '{
2022-12-27T11:07:06.0014650Z [36;1mecho '{[0m
2022-12-27T11:07:06.0014850Z [36;1m  "package_name": "lxml",[0m
2022-12-27T11:07:06.0015230Z [36;1m  "package_url": "https://files.pythonhosted.org/packages/3a/0c/f9d8bffa9b1091be500bf4be5a562cd4356a9ec169c3a06e69873cdcce2e/lxml-2.0.10.tar.gz",[0m
2022-12-27T11:07:06.0015580Z [36;1m  "package_version": "2.0.10",[0m
2022-12-27T11:07:06.0015790Z [36;1m  "python_version": "3.11",[0m
2022-12-27T11:07:06.0015990Z [36;1m  "use_ccache": "true"[0m
2022-12-27T11:07:06.0016160Z [36;1m}'[0m
2022-12-27T11:07:06.0042520Z shell: /bin/bash -e {0}
2022-12-27T11:07:06.0042810Z ##[endgroup]
2022-12-27T11:07:06.0448320Z {
2022-12-27T11:07:06.0450840Z   "package_name": "lxml",
2022-12-27T11:07:06.0451990Z   "package_url": "https://files.pythonhosted.org/packages/3a/0c/f9d8bffa9b1091be500bf4be5a562cd4356a9ec169c3a06e69873cdcce2e/lxml-2.0.10.tar.gz",
2022-12-27T11:07:06.0452610Z   "package_version": "2.0.10",
2022-12-27T11:07:06.0453070Z   "python_version": "3.11",
2022-12-27T11:07:06.0453370Z   "use_ccache": "true"
2022-12-27T11:07:06.0453680Z }
2022-12-27T11:07:06.0804820Z ##[group]Run actions/setup-python@v4
2022-12-27T11:07:06.0805180Z with:
2022-12-27T11:07:06.0805490Z   python-version: 3.11
2022-12-27T11:07:06.0805810Z   check-latest: false
2022-12-27T11:07:06.0806270Z   token: ***
2022-12-27T11:07:06.0806680Z   update-environment: true
2022-12-27T11:07:06.0807030Z ##[endgroup]
2022-12-27T11:07:06.2918780Z ##[group]Installed versions
2022-12-27T11:07:06.2980620Z Successfully set up CPython (3.11.1)
2022-12-27T11:07:06.2983220Z ##[endgroup]
2022-12-27T11:07:06.3215910Z ##[group]Run if [ "true" == "true" ]
2022-12-27T11:07:06.3216630Z [36;1mif [ "true" == "true" ][0m
2022-12-27T11:07:06.3216980Z [36;1mthen[0m
2022-12-27T11:07:06.3217490Z [36;1m  echo "CCACHE_PATH_PREPEND=/usr/local/opt/ccache/libexec" >> $GITHUB_OUTPUT[0m
2022-12-27T11:07:06.3217830Z [36;1melse[0m
2022-12-27T11:07:06.3218190Z [36;1m  echo "CCACHE_PATH_PREPEND=" >> $GITHUB_OUTPUT[0m
2022-12-27T11:07:06.3218550Z [36;1mfi[0m
2022-12-27T11:07:06.3249090Z shell: /bin/bash -e {0}
2022-12-27T11:07:06.3249490Z env:
2022-12-27T11:07:06.3249910Z   pythonLocation: /Users/runner/hostedtoolcache/Python/3.11.1/x64
2022-12-27T11:07:06.3250320Z   PKG_CONFIG_PATH: /Users/runner/hostedtoolcache/Python/3.11.1/x64/lib/pkgconfig
2022-12-27T11:07:06.3250900Z   Python_ROOT_DIR: /Users/runner/hostedtoolcache/Python/3.11.1/x64
2022-12-27T11:07:06.3251350Z   Python2_ROOT_DIR: /Users/runner/hostedtoolcache/Python/3.11.1/x64
2022-12-27T11:07:06.3251820Z   Python3_ROOT_DIR: /Users/runner/hostedtoolcache/Python/3.11.1/x64
2022-12-27T11:07:06.3252750Z ##[endgroup]
2022-12-27T11:07:06.3535520Z ##[group]Run echo "BUILD_NAME=$(echo lxml_2.0.10_3.11 | tr -dc '[:alnum:]\n\r' | tr '[:upper:]' '[:lower:]')" >> $GITHUB_OUTPUT
2022-12-27T11:07:06.3536210Z [36;1mecho "BUILD_NAME=$(echo lxml_2.0.10_3.11 | tr -dc '[:alnum:]\n\r' | tr '[:upper:]' '[:lower:]')" >> $GITHUB_OUTPUT[0m
2022-12-27T11:07:06.3564930Z shell: /bin/bash -e {0}
2022-12-27T11:07:06.3565260Z env:
2022-12-27T11:07:06.3565570Z   pythonLocation: /Users/runner/hostedtoolcache/Python/3.11.1/x64
2022-12-27T11:07:06.3566060Z   PKG_CONFIG_PATH: /Users/runner/hostedtoolcache/Python/3.11.1/x64/lib/pkgconfig
2022-12-27T11:07:06.3566530Z   Python_ROOT_DIR: /Users/runner/hostedtoolcache/Python/3.11.1/x64
2022-12-27T11:07:06.3566980Z   Python2_ROOT_DIR: /Users/runner/hostedtoolcache/Python/3.11.1/x64
2022-12-27T11:07:06.3567430Z   Python3_ROOT_DIR: /Users/runner/hostedtoolcache/Python/3.11.1/x64
2022-12-27T11:07:06.3567810Z ##[endgroup]
2022-12-27T11:07:06.3829650Z ##[group]Run echo "PYTHON_NO_DOTS=$(echo 3.11 | tr -dc '[:alnum:]\n\r' | tr '[:upper:]' '[:lower:]')" >> $GITHUB_OUTPUT
2022-12-27T11:07:06.3830450Z [36;1mecho "PYTHON_NO_DOTS=$(echo 3.11 | tr -dc '[:alnum:]\n\r' | tr '[:upper:]' '[:lower:]')" >> $GITHUB_OUTPUT[0m
2022-12-27T11:07:06.3859200Z shell: /bin/bash -e {0}
2022-12-27T11:07:06.3859620Z env:
2022-12-27T11:07:06.3859930Z   pythonLocation: /Users/runner/hostedtoolcache/Python/3.11.1/x64
2022-12-27T11:07:06.3861700Z   PKG_CONFIG_PATH: /Users/runner/hostedtoolcache/Python/3.11.1/x64/lib/pkgconfig
2022-12-27T11:07:06.3862160Z   Python_ROOT_DIR: /Users/runner/hostedtoolcache/Python/3.11.1/x64
2022-12-27T11:07:06.3862600Z   Python2_ROOT_DIR: /Users/runner/hostedtoolcache/Python/3.11.1/x64
2022-12-27T11:07:06.3863070Z   Python3_ROOT_DIR: /Users/runner/hostedtoolcache/Python/3.11.1/x64
2022-12-27T11:07:06.3863440Z ##[endgroup]
2022-12-27T11:07:06.4150540Z ##[group]Run rm -rf build_lxml2010311
2022-12-27T11:07:06.4151230Z [36;1mrm -rf build_lxml2010311[0m
2022-12-27T11:07:06.4151710Z [36;1mmkdir build_lxml2010311[0m
2022-12-27T11:07:06.4151970Z [36;1mcd build_lxml2010311[0m
2022-12-27T11:07:06.4152480Z [36;1m/usr/local/bin/wget --quiet https://files.pythonhosted.org/packages/3a/0c/f9d8bffa9b1091be500bf4be5a562cd4356a9ec169c3a06e69873cdcce2e/lxml-2.0.10.tar.gz[0m
2022-12-27T11:07:06.4153040Z [36;1mtar xf *.tar.gz[0m
2022-12-27T11:07:06.4153350Z [36;1mcd *[0m
2022-12-27T11:07:06.4153620Z [36;1mpython -m pip install cibuildwheel==2.11.3[0m
2022-12-27T11:07:06.4154020Z [36;1mpython -m cibuildwheel --output-dir ../wheelsout[0m
2022-12-27T11:07:06.4182970Z shell: /bin/bash -e {0}
2022-12-27T11:07:06.4183230Z env:
2022-12-27T11:07:06.4183600Z   pythonLocation: /Users/runner/hostedtoolcache/Python/3.11.1/x64
2022-12-27T11:07:06.4184270Z   PKG_CONFIG_PATH: /Users/runner/hostedtoolcache/Python/3.11.1/x64/lib/pkgconfig
2022-12-27T11:07:06.4184760Z   Python_ROOT_DIR: /Users/runner/hostedtoolcache/Python/3.11.1/x64
2022-12-27T11:07:06.4185190Z   Python2_ROOT_DIR: /Users/runner/hostedtoolcache/Python/3.11.1/x64
2022-12-27T11:07:06.4185640Z   Python3_ROOT_DIR: /Users/runner/hostedtoolcache/Python/3.11.1/x64
2022-12-27T11:07:06.4186080Z   CIBW_ARCHS_MACOS: arm64
2022-12-27T11:07:06.4186350Z   CIBW_TEST_SKIP: *_arm64
2022-12-27T11:07:06.4186680Z   CIBW_BUILD: cp311-macosx_arm64
2022-12-27T11:07:06.4187020Z   CIBW_BUILD_FRONTEND: pip
2022-12-27T11:07:06.4187300Z   CIBW_BUILD_VERBOSITY: 3
2022-12-27T11:07:06.4187990Z   CIBW_ENVIRONMENT_MACOS:  CFLAGS="-I/usr/local/opt/openssl@3/include" LDFLAGS="-L/usr/local/opt/openssl@3/lib" CPPFLAGS="-I/usr/local/opt/openssl@3/include" MAKEFLAGS="-j$(sysctl -n hw.logicalcpu)" PATH=/usr/local/opt/ccache/libexec:$PATH
2022-12-27T11:07:06.4188660Z   CIBW_BEFORE_BUILD: pip install Cython; if [[ -f requirements.txt ]]; then pip install -r requirements.txt; fi
2022-12-27T11:07:06.4189110Z   MAKEFLAGS: -j$(sysctl -n hw.logicalcpu)
2022-12-27T11:07:06.4189390Z ##[endgroup]
2022-12-27T11:07:07.0943900Z Requirement already satisfied: cibuildwheel==2.11.3 in /Library/Frameworks/Python.framework/Versions/3.11/lib/python3.11/site-packages (2.11.3)
2022-12-27T11:07:07.1476100Z Requirement already satisfied: bashlex!=0.13 in /Library/Frameworks/Python.framework/Versions/3.11/lib/python3.11/site-packages (from cibuildwheel==2.11.3) (0.16)
2022-12-27T11:07:07.1487150Z Requirement already satisfied: bracex in /Library/Frameworks/Python.framework/Versions/3.11/lib/python3.11/site-packages (from cibuildwheel==2.11.3) (2.3.post1)
2022-12-27T11:07:07.1496990Z Requirement already satisfied: certifi in /Library/Frameworks/Python.framework/Versions/3.11/lib/python3.11/site-packages (from cibuildwheel==2.11.3) (2022.12.7)
2022-12-27T11:07:07.1506320Z Requirement already satisfied: filelock in /Library/Frameworks/Python.framework/Versions/3.11/lib/python3.11/site-packages (from cibuildwheel==2.11.3) (3.8.2)
2022-12-27T11:07:07.1520850Z Requirement already satisfied: packaging>=20.9 in /Library/Frameworks/Python.framework/Versions/3.11/lib/python3.11/site-packages (from cibuildwheel==2.11.3) (22.0)
2022-12-27T11:07:07.1530970Z Requirement already satisfied: platformdirs in /Library/Frameworks/Python.framework/Versions/3.11/lib/python3.11/site-packages (from cibuildwheel==2.11.3) (2.6.0)
2022-12-27T11:07:07.5387890Z 
2022-12-27T11:07:07.5389740Z      _ _       _ _   _       _           _
2022-12-27T11:07:07.5391390Z  ___|_| |_ _ _|_| |_| |_ _ _| |_ ___ ___| |
2022-12-27T11:07:07.5393450Z |  _| | . | | | | | . | | | |   | -_| -_| |
2022-12-27T11:07:07.5395570Z |___|_|___|___|_|_|___|_____|_|_|___|___|_|
2022-12-27T11:07:07.5396390Z 
2022-12-27T11:07:07.5396570Z cibuildwheel version 2.11.3
2022-12-27T11:07:07.5396710Z 
2022-12-27T11:07:07.5396870Z Build options:
2022-12-27T11:07:07.5397200Z   platform: macos
2022-12-27T11:07:07.5475730Z   architectures: arm64[0m
2022-12-27T11:07:07.5477230Z   build_selector: 
2022-12-27T11:07:07.5479880Z     build_config: cp311-macosx_arm64
2022-12-27T11:07:07.5481880Z     skip_config: 
2022-12-27T11:07:07.5483070Z     requires_python: None
2022-12-27T11:07:07.5483990Z     prerelease_pythons: False[0m
2022-12-27T11:07:07.5485930Z   [38;5;244mcontainer_engine: docker[0m
2022-12-27T11:07:07.5487080Z   output_dir: /Users/runner/actions-runner/_work/python.build/python.build/build_lxml2010311/wheelsout[0m
2022-12-27T11:07:07.5488010Z   package_dir: /Users/runner/actions-runner/_work/python.build/python.build/build_lxml2010311/lxml-2.0.10[0m
2022-12-27T11:07:07.5488630Z   test_selector: 
2022-12-27T11:07:07.5489280Z     skip_config: *_arm64[0m
2022-12-27T11:07:07.5489700Z   [38;5;244mbefore_all: [0m
2022-12-27T11:07:07.5490300Z   before_build: pip install Cython; if [[ -f requirements.txt ]]; then pip install -r requirements.txt; fi[0m
2022-12-27T11:07:07.5490810Z   [38;5;244mbefore_test: [0m
2022-12-27T11:07:07.5491230Z   [38;5;244mbuild_frontend: pip[0m
2022-12-27T11:07:07.5491740Z   build_verbosity: 3[0m
2022-12-27T11:07:07.5492180Z   [38;5;244mconfig_settings: [0m
2022-12-27T11:07:07.5492640Z   [38;5;244mdependency_constraints: pinned[0m
2022-12-27T11:07:07.5492930Z   environment: 
2022-12-27T11:07:07.5493360Z     CFLAGS="-I/usr/local/opt/openssl@3/include"
2022-12-27T11:07:07.5494030Z     LDFLAGS="-L/usr/local/opt/openssl@3/lib"
2022-12-27T11:07:07.5494900Z     CPPFLAGS="-I/usr/local/opt/openssl@3/include"
2022-12-27T11:07:07.5495400Z     MAKEFLAGS="-j$(sysctl -n hw.logicalcpu)"
2022-12-27T11:07:07.5496000Z     PATH=/usr/local/opt/ccache/libexec:$PATH[0m
2022-12-27T11:07:07.5496390Z   [38;5;244mmanylinux_images: None[0m
2022-12-27T11:07:07.5496970Z   [38;5;244mmusllinux_images: None[0m
2022-12-27T11:07:07.5497540Z   [38;5;244mrepair_command: delocate-wheel --require-archs {delocate_archs} -w {dest_dir} -v {wheel}[0m
2022-12-27T11:07:07.5498040Z   [38;5;244mtest_command: [0m
2022-12-27T11:07:07.5498430Z   [38;5;244mtest_extras: [0m
2022-12-27T11:07:07.5498970Z   [38;5;244mtest_requires: [0m
2022-12-27T11:07:07.5499170Z 
2022-12-27T11:07:07.5499360Z Cache folder: /Users/runner/Library/Caches/cibuildwheel
2022-12-27T11:07:07.5499610Z 
2022-12-27T11:07:07.5500050Z Here we go!
2022-12-27T11:07:07.5500240Z 
2022-12-27T11:07:07.5641460Z 
2022-12-27T11:07:07.5642330Z [1m[34mBuilding cp311-macosx_arm64 wheel[0m
2022-12-27T11:07:07.5643150Z CPython 3.11 macOS arm64 - Apple Silicon
2022-12-27T11:07:07.5643390Z 
2022-12-27T11:07:07.5646480Z ##[group]Installing Python cp311...
2022-12-27T11:07:07.5646690Z 
2022-12-27T11:07:07.5647430Z + pkgutil --pkgs
2022-12-27T11:07:07.5847950Z ##[endgroup]
2022-12-27T11:07:07.5850950Z                                                               [32mâœ“ [0m0.02s
2022-12-27T11:07:07.5852400Z ##[group]Setting up build environment...
2022-12-27T11:07:07.5852700Z 
2022-12-27T11:07:07.5881620Z + /Library/Frameworks/Python.framework/Versions/3.11/bin/python -sS /Users/runner/Library/Caches/cibuildwheel/virtualenv-20.17.0.pyz --activators= --no-periodic-update --pip=22.3.1 --setuptools=65.6.3 --wheel=0.38.4 --symlink-app-data --python /Library/Frameworks/Python.framework/Versions/3.11/bin/python3 /private/var/folders/51/hd414ycd67n82196sw51xqtc0000gn/T/cibw-run-q11jl1yx/cp311-macosx_arm64/build/venv
2022-12-27T11:07:07.8895880Z created virtual environment CPython3.11.1.final.0-64 in 79ms
2022-12-27T11:07:07.8897190Z   creator CPython3Posix(dest=/private/var/folders/51/hd414ycd67n82196sw51xqtc0000gn/T/cibw-run-q11jl1yx/cp311-macosx_arm64/build/venv, clear=False, no_vcs_ignore=False, global=False)
2022-12-27T11:07:07.8897960Z   seeder FromAppData(download=False, pip=22.3.1, setuptools=65.6.3, wheel=0.38.4, via=symlink, app_data_dir=/Users/runner/Library/Application Support/virtualenv)
2022-12-27T11:07:07.8898480Z     added seed packages: pip==22.3.1, setuptools==65.6.3, wheel==0.38.4
2022-12-27T11:07:07.9151520Z + python -m pip install --upgrade pip -c /Library/Frameworks/Python.framework/Versions/3.11/lib/python3.11/site-packages/cibuildwheel/resources/constraints-python311.txt
2022-12-27T11:07:08.3484060Z Requirement already satisfied: pip in ./lib/python3.11/site-packages (22.3.1)
2022-12-27T11:07:08.6035590Z + which pip
2022-12-27T11:07:08.6068260Z /private/var/folders/51/hd414ycd67n82196sw51xqtc0000gn/T/cibw-run-q11jl1yx/cp311-macosx_arm64/build/venv/bin/pip
2022-12-27T11:07:08.6075500Z + pip --version
2022-12-27T11:07:08.9213490Z pip 22.3.1 from /private/var/folders/51/hd414ycd67n82196sw51xqtc0000gn/T/cibw-run-q11jl1yx/cp311-macosx_arm64/build/venv/lib/python3.11/site-packages/pip (python 3.11)
2022-12-27T11:07:08.9743550Z + which pip
2022-12-27T11:07:08.9819090Z + which python
2022-12-27T11:07:08.9859180Z /private/var/folders/51/hd414ycd67n82196sw51xqtc0000gn/T/cibw-run-q11jl1yx/cp311-macosx_arm64/build/venv/bin/python
2022-12-27T11:07:08.9867310Z + python --version
2022-12-27T11:07:08.9992770Z Python 3.11.1
2022-12-27T11:07:09.0001320Z + which python
2022-12-27T11:07:09.0100290Z ##[endgroup]
2022-12-27T11:07:09.0104320Z                                                               [32mâœ“ [0m1.43s
2022-12-27T11:07:09.0105690Z ##[group]Installing build tools...
2022-12-27T11:07:09.0106130Z 
2022-12-27T11:07:09.0107270Z + pip install --upgrade setuptools wheel delocate -c /Library/Frameworks/Python.framework/Versions/3.11/lib/python3.11/site-packages/cibuildwheel/resources/constraints-python311.txt
2022-12-27T11:07:09.4542720Z Requirement already satisfied: setuptools in /private/var/folders/51/hd414ycd67n82196sw51xqtc0000gn/T/cibw-run-q11jl1yx/cp311-macosx_arm64/build/venv/lib/python3.11/site-packages (65.6.3)
2022-12-27T11:07:09.7245700Z Requirement already satisfied: wheel in /private/var/folders/51/hd414ycd67n82196sw51xqtc0000gn/T/cibw-run-q11jl1yx/cp311-macosx_arm64/build/venv/lib/python3.11/site-packages (0.38.4)
2022-12-27T11:07:09.7925600Z Collecting delocate
2022-12-27T11:07:09.7964930Z   Using cached delocate-0.10.3-py3-none-any.whl (142 kB)
2022-12-27T11:07:09.8380080Z Collecting packaging>=20.9
2022-12-27T11:07:09.8420790Z   Using cached packaging-21.3-py3-none-any.whl (40 kB)
2022-12-27T11:07:09.8711440Z Collecting typing-extensions
2022-12-27T11:07:09.8753700Z   Using cached typing_extensions-4.4.0-py3-none-any.whl (26 kB)
2022-12-27T11:07:09.9259210Z Collecting pyparsing!=3.0.5,>=2.0.2
2022-12-27T11:07:09.9296140Z   Using cached pyparsing-3.0.9-py3-none-any.whl (98 kB)
2022-12-27T11:07:10.0210570Z Installing collected packages: typing-extensions, pyparsing, packaging, delocate
2022-12-27T11:07:10.2364650Z Successfully installed delocate-0.10.3 packaging-21.3 pyparsing-3.0.9 typing-extensions-4.4.0
2022-12-27T11:07:10.3511840Z ##[endgroup]
2022-12-27T11:07:10.3513260Z                                                               [32mâœ“ [0m1.34s
2022-12-27T11:07:10.3513850Z ##[group]Running before_build...
2022-12-27T11:07:10.3514080Z 
2022-12-27T11:07:10.3523170Z + pip install Cython; if [[ -f requirements.txt ]]; then pip install -r requirements.txt; fi
2022-12-27T11:07:11.2617480Z Collecting Cython
2022-12-27T11:07:11.2688290Z   Using cached Cython-0.29.32-py2.py3-none-any.whl (986 kB)
2022-12-27T11:07:11.3337170Z Installing collected packages: Cython
2022-12-27T11:07:12.0625770Z Successfully installed Cython-0.29.32
2022-12-27T11:07:12.1691400Z ##[endgroup]
2022-12-27T11:07:12.1692380Z                                                               [32mâœ“ [0m1.82s
2022-12-27T11:07:12.1692940Z ##[group]Building wheel...
2022-12-27T11:07:12.1693160Z 
2022-12-27T11:07:12.1701720Z + python -m pip wheel /Users/runner/actions-runner/_work/python.build/python.build/build_lxml2010311/lxml-2.0.10 --wheel-dir=/private/var/folders/51/hd414ycd67n82196sw51xqtc0000gn/T/cibw-run-q11jl1yx/cp311-macosx_arm64/built_wheel --no-deps -vvv
2022-12-27T11:07:12.5550080Z Created temporary directory: /private/var/folders/51/hd414ycd67n82196sw51xqtc0000gn/T/pip-ephem-wheel-cache-546_bk2z
2022-12-27T11:07:12.5555890Z Created temporary directory: /private/var/folders/51/hd414ycd67n82196sw51xqtc0000gn/T/pip-build-tracker-0u9gqik1
2022-12-27T11:07:12.5558200Z Initialized build tracking at /private/var/folders/51/hd414ycd67n82196sw51xqtc0000gn/T/pip-build-tracker-0u9gqik1
2022-12-27T11:07:12.5559990Z Created build tracker: /private/var/folders/51/hd414ycd67n82196sw51xqtc0000gn/T/pip-build-tracker-0u9gqik1
2022-12-27T11:07:12.5561570Z Entered build tracker: /private/var/folders/51/hd414ycd67n82196sw51xqtc0000gn/T/pip-build-tracker-0u9gqik1
2022-12-27T11:07:12.5566380Z Created temporary directory: /private/var/folders/51/hd414ycd67n82196sw51xqtc0000gn/T/pip-wheel-5et6fkim
2022-12-27T11:07:12.5574820Z Created temporary directory: /private/var/folders/51/hd414ycd67n82196sw51xqtc0000gn/T/pip-ephem-wheel-cache-2hgzegvj
2022-12-27T11:07:12.5740790Z Processing /Users/runner/actions-runner/_work/python.build/python.build/build_lxml2010311/lxml-2.0.10
2022-12-27T11:07:12.5746720Z   Added file:///Users/runner/actions-runner/_work/python.build/python.build/build_lxml2010311/lxml-2.0.10 to build tracker '/private/var/folders/51/hd414ycd67n82196sw51xqtc0000gn/T/pip-build-tracker-0u9gqik1'
2022-12-27T11:07:12.5751270Z   Running setup.py (path:/Users/runner/actions-runner/_work/python.build/python.build/build_lxml2010311/lxml-2.0.10/setup.py) egg_info for package from file:///Users/runner/actions-runner/_work/python.build/python.build/build_lxml2010311/lxml-2.0.10
2022-12-27T11:07:12.5755750Z   Created temporary directory: /private/var/folders/51/hd414ycd67n82196sw51xqtc0000gn/T/pip-pip-egg-info-s7l2u2rh
2022-12-27T11:07:12.5757330Z   Preparing metadata (setup.py): started
2022-12-27T11:07:12.5759710Z   Running command python setup.py egg_info
2022-12-27T11:07:13.0375250Z   Traceback (most recent call last):
2022-12-27T11:07:13.0388790Z     File "<string>", line 2, in <module>
2022-12-27T11:07:13.0389700Z     File "<pip-setuptools-caller>", line 34, in <module>
2022-12-27T11:07:13.0390510Z     File "/Users/runner/actions-runner/_work/python.build/python.build/build_lxml2010311/lxml-2.0.10/setup.py", line 104, in <module>
2022-12-27T11:07:13.0390990Z       ext_modules = setupinfo.ext_modules(
2022-12-27T11:07:13.0391430Z                     ^^^^^^^^^^^^^^^^^^^^^^
2022-12-27T11:07:13.0392440Z     File "/Users/runner/actions-runner/_work/python.build/python.build/build_lxml2010311/lxml-2.0.10/setupinfo.py", line 42, in ext_modules
2022-12-27T11:07:13.0393770Z       _include_dirs = include_dirs(static_include_dirs)
2022-12-27T11:07:13.0394140Z                       ^^^^^^^^^^^^^^^^^^^^^^^^^^^^^^^^^
2022-12-27T11:07:13.0394900Z     File "/Users/runner/actions-runner/_work/python.build/python.build/build_lxml2010311/lxml-2.0.10/setupinfo.py", line 120, in include_dirs
2022-12-27T11:07:13.0395720Z       if possible_include_dir.startswith('-I'):
2022-12-27T11:07:13.0398930Z          ^^^^^^^^^^^^^^^^^^^^^^^^^^^^^^^^^^^^^
2022-12-27T11:07:13.0400000Z   TypeError: startswith first arg must be bytes or a tuple of bytes, not str
2022-12-27T11:07:13.0401680Z   Building lxml version 2.0.10.
2022-12-27T11:07:13.0404550Z   Building with Cython 0.29.32.
2022-12-27T11:07:13.0406330Z   Using build configuration of libxslt b'1.1.29'
2022-12-27T11:07:13.1361400Z   error: subprocess-exited-with-error
2022-12-27T11:07:13.1362450Z   
2022-12-27T11:07:13.1363450Z   Ã— python setup.py egg_info did not run successfully.
2022-12-27T11:07:13.1364810Z   â”‚ exit code: 1
2022-12-27T11:07:13.1365650Z   â•°â”€> See above for output.
2022-12-27T11:07:13.1366510Z   
2022-12-27T11:07:13.1367190Z   note: This error originates from a subprocess, and is likely not a problem with pip.
2022-12-27T11:07:13.1372600Z   full command: /private/var/folders/51/hd414ycd67n82196sw51xqtc0000gn/T/cibw-run-q11jl1yx/cp311-macosx_arm64/build/venv/bin/python -c '
2022-12-27T11:07:13.1373450Z   exec(compile('"'"''"'"''"'"'
2022-12-27T11:07:13.1374030Z   # This is <pip-setuptools-caller> -- a caller that pip uses to run setup.py
2022-12-27T11:07:13.1374390Z   #
2022-12-27T11:07:13.1374930Z   # - It imports setuptools before invoking setup.py, to enable projects that directly
2022-12-27T11:07:13.1377390Z   #   import from `distutils.core` to work with newer packaging standards.
2022-12-27T11:07:13.1379160Z   # - It provides a clear error message when setuptools is not installed.
2022-12-27T11:07:13.1379790Z   # - It sets `sys.argv[0]` to the underlying `setup.py`, when invoking `setup.py` so
2022-12-27T11:07:13.1380470Z   #   setuptools doesn'"'"'t think the script is `-c`. This avoids the following warning:
2022-12-27T11:07:13.1381370Z   #     manifest_maker: standard file '"'"'-c'"'"' not found".
2022-12-27T11:07:13.1381960Z   # - It generates a shim setup.py, for handling setup.cfg-only projects.
2022-12-27T11:07:13.1382320Z   import os, sys, tokenize
2022-12-27T11:07:13.1382680Z   
2022-12-27T11:07:13.1383010Z   try:
2022-12-27T11:07:13.1383370Z       import setuptools
2022-12-27T11:07:13.1383760Z   except ImportError as error:
2022-12-27T11:07:13.1384130Z       print(
2022-12-27T11:07:13.1384480Z           "ERROR: Can not execute `setup.py` since setuptools is not available in "
2022-12-27T11:07:13.1384930Z           "the build environment.",
2022-12-27T11:07:13.1385420Z           file=sys.stderr,
2022-12-27T11:07:13.1385700Z       )
2022-12-27T11:07:13.1386120Z       sys.exit(1)
2022-12-27T11:07:13.1386460Z   
2022-12-27T11:07:13.1386710Z   __file__ = %r
2022-12-27T11:07:13.1387170Z   sys.argv[0] = __file__
2022-12-27T11:07:13.1387500Z   
2022-12-27T11:07:13.1387780Z   if os.path.exists(__file__):
2022-12-27T11:07:13.1388140Z       filename = __file__
2022-12-27T11:07:13.1388610Z       with tokenize.open(__file__) as f:
2022-12-27T11:07:13.1388930Z           setup_py_code = f.read()
2022-12-27T11:07:13.1389280Z   else:
2022-12-27T11:07:13.1389770Z       filename = "<auto-generated setuptools caller>"
2022-12-27T11:07:13.1390160Z       setup_py_code = "from setuptools import setup; setup()"
2022-12-27T11:07:13.1390680Z   
2022-12-27T11:07:13.1391070Z   exec(compile(setup_py_code, filename, "exec"))
2022-12-27T11:07:13.1392000Z   '"'"''"'"''"'"' % ('"'"'/Users/runner/actions-runner/_work/python.build/python.build/build_lxml2010311/lxml-2.0.10/setup.py'"'"',), "<pip-setuptools-caller>", "exec"))' egg_info --egg-base /private/var/folders/51/hd414ycd67n82196sw51xqtc0000gn/T/pip-pip-egg-info-s7l2u2rh
2022-12-27T11:07:13.1392810Z   cwd: /Users/runner/actions-runner/_work/python.build/python.build/build_lxml2010311/lxml-2.0.10/
2022-12-27T11:07:13.1393800Z   Preparing metadata (setup.py): finished with status 'error'
2022-12-27T11:07:13.1395080Z error: metadata-generation-failed
2022-12-27T11:07:13.1395850Z 
2022-12-27T11:07:13.1396490Z Ã— Encountered error while generating package metadata.
2022-12-27T11:07:13.1397520Z â•°â”€> See above for output.
2022-12-27T11:07:13.1397990Z 
2022-12-27T11:07:13.1398440Z note: This is an issue with the package mentioned above, not pip.
2022-12-27T11:07:13.1399750Z hint: See above for details.
2022-12-27T11:07:13.1447270Z Exception information:
2022-12-27T11:07:13.1572050Z Traceback (most recent call last):
2022-12-27T11:07:13.1573550Z   File "/private/var/folders/51/hd414ycd67n82196sw51xqtc0000gn/T/cibw-run-q11jl1yx/cp311-macosx_arm64/build/venv/lib/python3.11/site-packages/pip/_internal/operations/build/metadata_legacy.py", line 64, in generate_metadata
2022-12-27T11:07:13.1574160Z     call_subprocess(
2022-12-27T11:07:13.1575030Z   File "/private/var/folders/51/hd414ycd67n82196sw51xqtc0000gn/T/cibw-run-q11jl1yx/cp311-macosx_arm64/build/venv/lib/python3.11/site-packages/pip/_internal/utils/subprocess.py", line 224, in call_subprocess
2022-12-27T11:07:13.1575660Z     raise error
2022-12-27T11:07:13.1576060Z pip._internal.exceptions.InstallationSubprocessError: python setup.py egg_info exited with 1
2022-12-27T11:07:13.1576390Z 
2022-12-27T11:07:13.1576600Z The above exception was the direct cause of the following exception:
2022-12-27T11:07:13.1576800Z 
2022-12-27T11:07:13.1576900Z Traceback (most recent call last):
2022-12-27T11:07:13.1577650Z   File "/private/var/folders/51/hd414ycd67n82196sw51xqtc0000gn/T/cibw-run-q11jl1yx/cp311-macosx_arm64/build/venv/lib/python3.11/site-packages/pip/_internal/cli/base_command.py", line 160, in exc_logging_wrapper
2022-12-27T11:07:13.1578950Z     status = run_func(*args)
2022-12-27T11:07:13.1579280Z              ^^^^^^^^^^^^^^^
2022-12-27T11:07:13.1580090Z   File "/private/var/folders/51/hd414ycd67n82196sw51xqtc0000gn/T/cibw-run-q11jl1yx/cp311-macosx_arm64/build/venv/lib/python3.11/site-packages/pip/_internal/cli/req_command.py", line 247, in wrapper
2022-12-27T11:07:13.1580570Z     return func(self, options, args)
2022-12-27T11:07:13.1580910Z            ^^^^^^^^^^^^^^^^^^^^^^^^^
2022-12-27T11:07:13.1581700Z   File "/private/var/folders/51/hd414ycd67n82196sw51xqtc0000gn/T/cibw-run-q11jl1yx/cp311-macosx_arm64/build/venv/lib/python3.11/site-packages/pip/_internal/commands/wheel.py", line 170, in run
2022-12-27T11:07:13.1582310Z     requirement_set = resolver.resolve(reqs, check_supported_wheels=True)
2022-12-27T11:07:13.1582980Z                       ^^^^^^^^^^^^^^^^^^^^^^^^^^^^^^^^^^^^^^^^^^^^^^^^^^^
2022-12-27T11:07:13.1583800Z   File "/private/var/folders/51/hd414ycd67n82196sw51xqtc0000gn/T/cibw-run-q11jl1yx/cp311-macosx_arm64/build/venv/lib/python3.11/site-packages/pip/_internal/resolution/resolvelib/resolver.py", line 73, in resolve
2022-12-27T11:07:13.1584420Z     collected = self.factory.collect_root_requirements(root_reqs)
2022-12-27T11:07:13.1584830Z                 ^^^^^^^^^^^^^^^^^^^^^^^^^^^^^^^^^^^^^^^^^^^^^^^^^
2022-12-27T11:07:13.1585770Z   File "/private/var/folders/51/hd414ycd67n82196sw51xqtc0000gn/T/cibw-run-q11jl1yx/cp311-macosx_arm64/build/venv/lib/python3.11/site-packages/pip/_internal/resolution/resolvelib/factory.py", line 491, in collect_root_requirements
2022-12-27T11:07:13.1586410Z     req = self._make_requirement_from_install_req(
2022-12-27T11:07:13.1586850Z           ^^^^^^^^^^^^^^^^^^^^^^^^^^^^^^^^^^^^^^^^
2022-12-27T11:07:13.1587710Z   File "/private/var/folders/51/hd414ycd67n82196sw51xqtc0000gn/T/cibw-run-q11jl1yx/cp311-macosx_arm64/build/venv/lib/python3.11/site-packages/pip/_internal/resolution/resolvelib/factory.py", line 453, in _make_requirement_from_install_req
2022-12-27T11:07:13.1588340Z     cand = self._make_candidate_from_link(
2022-12-27T11:07:13.1588710Z            ^^^^^^^^^^^^^^^^^^^^^^^^^^^^^^^
2022-12-27T11:07:13.1589510Z   File "/private/var/folders/51/hd414ycd67n82196sw51xqtc0000gn/T/cibw-run-q11jl1yx/cp311-macosx_arm64/build/venv/lib/python3.11/site-packages/pip/_internal/resolution/resolvelib/factory.py", line 206, in _make_candidate_from_link
2022-12-27T11:07:13.1590380Z     self._link_candidate_cache[link] = LinkCandidate(
2022-12-27T11:07:13.1590750Z                                        ^^^^^^^^^^^^^^
2022-12-27T11:07:13.1591590Z   File "/private/var/folders/51/hd414ycd67n82196sw51xqtc0000gn/T/cibw-run-q11jl1yx/cp311-macosx_arm64/build/venv/lib/python3.11/site-packages/pip/_internal/resolution/resolvelib/candidates.py", line 297, in __init__
2022-12-27T11:07:13.1592130Z     super().__init__(
2022-12-27T11:07:13.1592770Z   File "/private/var/folders/51/hd414ycd67n82196sw51xqtc0000gn/T/cibw-run-q11jl1yx/cp311-macosx_arm64/build/venv/lib/python3.11/site-packages/pip/_internal/resolution/resolvelib/candidates.py", line 162, in __init__
2022-12-27T11:07:13.1593330Z     self.dist = self._prepare()
2022-12-27T11:07:13.1593660Z                 ^^^^^^^^^^^^^^^
2022-12-27T11:07:13.1594450Z   File "/private/var/folders/51/hd414ycd67n82196sw51xqtc0000gn/T/cibw-run-q11jl1yx/cp311-macosx_arm64/build/venv/lib/python3.11/site-packages/pip/_internal/resolution/resolvelib/candidates.py", line 231, in _prepare
2022-12-27T11:07:13.1595020Z     dist = self._prepare_distribution()
2022-12-27T11:07:13.1595300Z            ^^^^^^^^^^^^^^^^^^^^^^^^^^^^
2022-12-27T11:07:13.1596080Z   File "/private/var/folders/51/hd414ycd67n82196sw51xqtc0000gn/T/cibw-run-q11jl1yx/cp311-macosx_arm64/build/venv/lib/python3.11/site-packages/pip/_internal/resolution/resolvelib/candidates.py", line 308, in _prepare_distribution
2022-12-27T11:07:13.1596820Z     return preparer.prepare_linked_requirement(self._ireq, parallel_builds=True)
2022-12-27T11:07:13.1597250Z            ^^^^^^^^^^^^^^^^^^^^^^^^^^^^^^^^^^^^^^^^^^^^^^^^^^^^^^^^^^^^^^^^^^^^^
2022-12-27T11:07:13.1598310Z   File "/private/var/folders/51/hd414ycd67n82196sw51xqtc0000gn/T/cibw-run-q11jl1yx/cp311-macosx_arm64/build/venv/lib/python3.11/site-packages/pip/_internal/operations/prepare.py", line 491, in prepare_linked_requirement
2022-12-27T11:07:13.1598900Z     return self._prepare_linked_requirement(req, parallel_builds)
2022-12-27T11:07:13.1599310Z            ^^^^^^^^^^^^^^^^^^^^^^^^^^^^^^^^^^^^^^^^^^^^^^^^^^^^^^
2022-12-27T11:07:13.1600180Z   File "/private/var/folders/51/hd414ycd67n82196sw51xqtc0000gn/T/cibw-run-q11jl1yx/cp311-macosx_arm64/build/venv/lib/python3.11/site-packages/pip/_internal/operations/prepare.py", line 577, in _prepare_linked_requirement
2022-12-27T11:07:13.1600710Z     dist = _get_prepared_distribution(
2022-12-27T11:07:13.1600980Z            ^^^^^^^^^^^^^^^^^^^^^^^^^^^
2022-12-27T11:07:13.1601710Z   File "/private/var/folders/51/hd414ycd67n82196sw51xqtc0000gn/T/cibw-run-q11jl1yx/cp311-macosx_arm64/build/venv/lib/python3.11/site-packages/pip/_internal/operations/prepare.py", line 69, in _get_prepared_distribution
2022-12-27T11:07:13.1602360Z     abstract_dist.prepare_distribution_metadata(
2022-12-27T11:07:13.1603170Z   File "/private/var/folders/51/hd414ycd67n82196sw51xqtc0000gn/T/cibw-run-q11jl1yx/cp311-macosx_arm64/build/venv/lib/python3.11/site-packages/pip/_internal/distributions/sdist.py", line 61, in prepare_distribution_metadata
2022-12-27T11:07:13.1603710Z     self.req.prepare_metadata()
2022-12-27T11:07:13.1604400Z   File "/private/var/folders/51/hd414ycd67n82196sw51xqtc0000gn/T/cibw-run-q11jl1yx/cp311-macosx_arm64/build/venv/lib/python3.11/site-packages/pip/_internal/req/req_install.py", line 541, in prepare_metadata
2022-12-27T11:07:13.1604970Z     self.metadata_directory = generate_metadata_legacy(
2022-12-27T11:07:13.1605400Z                               ^^^^^^^^^^^^^^^^^^^^^^^^^
2022-12-27T11:07:13.1606230Z   File "/private/var/folders/51/hd414ycd67n82196sw51xqtc0000gn/T/cibw-run-q11jl1yx/cp311-macosx_arm64/build/venv/lib/python3.11/site-packages/pip/_internal/operations/build/metadata_legacy.py", line 71, in generate_metadata
2022-12-27T11:07:13.1606880Z     raise MetadataGenerationFailed(package_details=details) from error
2022-12-27T11:07:13.1607580Z pip._internal.exceptions.MetadataGenerationFailed: metadata generation failed
2022-12-27T11:07:13.1608410Z Removed file:///Users/runner/actions-runner/_work/python.build/python.build/build_lxml2010311/lxml-2.0.10 from build tracker '/private/var/folders/51/hd414ycd67n82196sw51xqtc0000gn/T/pip-build-tracker-0u9gqik1'
2022-12-27T11:07:13.1609150Z Removed build tracker: '/private/var/folders/51/hd414ycd67n82196sw51xqtc0000gn/T/pip-build-tracker-0u9gqik1'
2022-12-27T11:07:13.2539190Z ##[endgroup]
2022-12-27T11:07:13.2540850Z                                                               [31mâœ• [0m1.08s
2022-12-27T11:07:13.2588170Z ##[error]Command ['python', '-m', 'pip', 'wheel', '/Users/runner/actions-runner/_work/python.build/python.build/build_lxml2010311/lxml-2.0.10', '--wheel-dir=/private/var/folders/51/hd414ycd67n82196sw51xqtc0000gn/T/cibw-run-q11jl1yx/cp311-macosx_arm64/built_wheel', '--no-deps', '-vvv'] failed with code 1. None
2022-12-27T11:07:13.2597410Z 
2022-12-27T11:07:13.3508220Z ##[error]Process completed with exit code 1.
2022-12-27T11:07:13.3565650Z ##[group]Run rm -rf build_lxml2010311 wheelsout
2022-12-27T11:07:13.3566140Z [36;1mrm -rf build_lxml2010311 wheelsout[0m
2022-12-27T11:07:13.3595590Z shell: /bin/bash -e {0}
2022-12-27T11:07:13.3595900Z env:
2022-12-27T11:07:13.3596270Z   pythonLocation: /Users/runner/hostedtoolcache/Python/3.11.1/x64
2022-12-27T11:07:13.3596690Z   PKG_CONFIG_PATH: /Users/runner/hostedtoolcache/Python/3.11.1/x64/lib/pkgconfig
2022-12-27T11:07:13.3597160Z   Python_ROOT_DIR: /Users/runner/hostedtoolcache/Python/3.11.1/x64
2022-12-27T11:07:13.3597580Z   Python2_ROOT_DIR: /Users/runner/hostedtoolcache/Python/3.11.1/x64
2022-12-27T11:07:13.3598010Z   Python3_ROOT_DIR: /Users/runner/hostedtoolcache/Python/3.11.1/x64
2022-12-27T11:07:13.3598300Z ##[endgroup]
2022-12-27T11:07:13.4491400Z Cleaning up orphan processes
