2022-12-27T08:58:31.7243766Z Requested labels: self-hosted, macOS, X64
2022-12-27T08:58:31.7243858Z Job defined at: kilnbuild/python.build/.github/workflows/mac_arm_build.yml@refs/heads/main
2022-12-27T08:58:31.7243884Z Waiting for a runner to pick up this job...
2022-12-27T11:44:25.2846617Z Job is about to start running on the runner: k1 (organization)
2022-12-27T11:44:29.7487880Z Current runner version: '2.300.2'
2022-12-27T11:44:29.7493090Z Runner name: 'k1'
2022-12-27T11:44:29.7493340Z Runner group name: 'Default'
2022-12-27T11:44:29.7493780Z Machine name: 'k1'
2022-12-27T11:44:29.7495270Z ##[group]GITHUB_TOKEN Permissions
2022-12-27T11:44:29.7495670Z Actions: write
2022-12-27T11:44:29.7495810Z Checks: write
2022-12-27T11:44:29.7495940Z Contents: write
2022-12-27T11:44:29.7496080Z Deployments: write
2022-12-27T11:44:29.7496210Z Discussions: write
2022-12-27T11:44:29.7496340Z Issues: write
2022-12-27T11:44:29.7496470Z Metadata: read
2022-12-27T11:44:29.7496600Z Packages: write
2022-12-27T11:44:29.7496740Z Pages: write
2022-12-27T11:44:29.7496870Z PullRequests: write
2022-12-27T11:44:29.7497030Z RepositoryProjects: write
2022-12-27T11:44:29.7497190Z SecurityEvents: write
2022-12-27T11:44:29.7497330Z Statuses: write
2022-12-27T11:44:29.7497470Z ##[endgroup]
2022-12-27T11:44:29.7499890Z Secret source: Actions
2022-12-27T11:44:29.7500200Z Prepare workflow directory
2022-12-27T11:44:29.8158350Z Prepare all required actions
2022-12-27T11:44:29.8277040Z Getting action download info
2022-12-27T11:44:30.2692270Z Download action repository 'actions/setup-python@v4' (SHA:5ccb29d8773c3f3f653e1705f474dfaa8a06a912)
2022-12-27T11:44:31.9849380Z Download action repository 'actions/upload-artifact@v3' (SHA:83fd05a356d7e2593de66fc9913b3002723633cb)
2022-12-27T11:44:33.2868480Z ##[group]Run echo '{
2022-12-27T11:44:33.2868760Z [36;1mecho '{[0m
2022-12-27T11:44:33.2868920Z [36;1m  "package_name": "lxml",[0m
2022-12-27T11:44:33.2869200Z [36;1m  "package_url": "https://files.pythonhosted.org/packages/7d/29/174d70f303016c58bd790c6c86e6e86a9d18239fac314d55a9b7be501943/lxml-4.3.3.tar.gz",[0m
2022-12-27T11:44:33.2869420Z [36;1m  "package_version": "4.3.3",[0m
2022-12-27T11:44:33.2869560Z [36;1m  "python_version": "3.10",[0m
2022-12-27T11:44:33.2869680Z [36;1m  "use_ccache": "true"[0m
2022-12-27T11:44:33.2869790Z [36;1m}'[0m
2022-12-27T11:44:33.2885210Z shell: /bin/bash -e {0}
2022-12-27T11:44:33.2885350Z ##[endgroup]
2022-12-27T11:44:33.3097820Z {
2022-12-27T11:44:33.3099070Z   "package_name": "lxml",
2022-12-27T11:44:33.3099730Z   "package_url": "https://files.pythonhosted.org/packages/7d/29/174d70f303016c58bd790c6c86e6e86a9d18239fac314d55a9b7be501943/lxml-4.3.3.tar.gz",
2022-12-27T11:44:33.3099980Z   "package_version": "4.3.3",
2022-12-27T11:44:33.3100250Z   "python_version": "3.10",
2022-12-27T11:44:33.3100440Z   "use_ccache": "true"
2022-12-27T11:44:33.3100570Z }
2022-12-27T11:44:33.3307860Z ##[group]Run actions/setup-python@v4
2022-12-27T11:44:33.3308120Z with:
2022-12-27T11:44:33.3308410Z   python-version: 3.10
2022-12-27T11:44:33.3308580Z   check-latest: false
2022-12-27T11:44:33.3308870Z   token: ***
2022-12-27T11:44:33.3309050Z   update-environment: true
2022-12-27T11:44:33.3309190Z ##[endgroup]
2022-12-27T11:44:33.4538930Z ##[group]Installed versions
2022-12-27T11:44:33.4567770Z Successfully set up CPython (3.10.9)
2022-12-27T11:44:33.4568520Z ##[endgroup]
2022-12-27T11:44:33.4707780Z ##[group]Run if [ "true" == "true" ]
2022-12-27T11:44:33.4708060Z [36;1mif [ "true" == "true" ][0m
2022-12-27T11:44:33.4708390Z [36;1mthen[0m
2022-12-27T11:44:33.4708610Z [36;1m  echo "CCACHE_PATH_PREPEND=/usr/local/opt/ccache/libexec" >> $GITHUB_OUTPUT[0m
2022-12-27T11:44:33.4708830Z [36;1melse[0m
2022-12-27T11:44:33.4709000Z [36;1m  echo "CCACHE_PATH_PREPEND=" >> $GITHUB_OUTPUT[0m
2022-12-27T11:44:33.4709430Z [36;1mfi[0m
2022-12-27T11:44:33.4725930Z shell: /bin/bash -e {0}
2022-12-27T11:44:33.4726100Z env:
2022-12-27T11:44:33.4726340Z   pythonLocation: /Users/runner/hostedtoolcache/Python/3.10.9/x64
2022-12-27T11:44:33.4726690Z   PKG_CONFIG_PATH: /Users/runner/hostedtoolcache/Python/3.10.9/x64/lib/pkgconfig
2022-12-27T11:44:33.4726960Z   Python_ROOT_DIR: /Users/runner/hostedtoolcache/Python/3.10.9/x64
2022-12-27T11:44:33.4727170Z   Python2_ROOT_DIR: /Users/runner/hostedtoolcache/Python/3.10.9/x64
2022-12-27T11:44:33.4727480Z   Python3_ROOT_DIR: /Users/runner/hostedtoolcache/Python/3.10.9/x64
2022-12-27T11:44:33.4728000Z ##[endgroup]
2022-12-27T11:44:33.4833670Z ##[group]Run echo "BUILD_NAME=$(echo lxml_4.3.3_3.10 | tr -dc '[:alnum:]\n\r' | tr '[:upper:]' '[:lower:]')" >> $GITHUB_OUTPUT
2022-12-27T11:44:33.4834130Z [36;1mecho "BUILD_NAME=$(echo lxml_4.3.3_3.10 | tr -dc '[:alnum:]\n\r' | tr '[:upper:]' '[:lower:]')" >> $GITHUB_OUTPUT[0m
2022-12-27T11:44:33.4847490Z shell: /bin/bash -e {0}
2022-12-27T11:44:33.4847690Z env:
2022-12-27T11:44:33.4847990Z   pythonLocation: /Users/runner/hostedtoolcache/Python/3.10.9/x64
2022-12-27T11:44:33.4848230Z   PKG_CONFIG_PATH: /Users/runner/hostedtoolcache/Python/3.10.9/x64/lib/pkgconfig
2022-12-27T11:44:33.4848570Z   Python_ROOT_DIR: /Users/runner/hostedtoolcache/Python/3.10.9/x64
2022-12-27T11:44:33.4848810Z   Python2_ROOT_DIR: /Users/runner/hostedtoolcache/Python/3.10.9/x64
2022-12-27T11:44:33.4849120Z   Python3_ROOT_DIR: /Users/runner/hostedtoolcache/Python/3.10.9/x64
2022-12-27T11:44:33.4849300Z ##[endgroup]
2022-12-27T11:44:33.4992230Z ##[group]Run echo "PYTHON_NO_DOTS=$(echo 3.10 | tr -dc '[:alnum:]\n\r' | tr '[:upper:]' '[:lower:]')" >> $GITHUB_OUTPUT
2022-12-27T11:44:33.4992730Z [36;1mecho "PYTHON_NO_DOTS=$(echo 3.10 | tr -dc '[:alnum:]\n\r' | tr '[:upper:]' '[:lower:]')" >> $GITHUB_OUTPUT[0m
2022-12-27T11:44:33.5006480Z shell: /bin/bash -e {0}
2022-12-27T11:44:33.5006630Z env:
2022-12-27T11:44:33.5006830Z   pythonLocation: /Users/runner/hostedtoolcache/Python/3.10.9/x64
2022-12-27T11:44:33.5007140Z   PKG_CONFIG_PATH: /Users/runner/hostedtoolcache/Python/3.10.9/x64/lib/pkgconfig
2022-12-27T11:44:33.5007370Z   Python_ROOT_DIR: /Users/runner/hostedtoolcache/Python/3.10.9/x64
2022-12-27T11:44:33.5007600Z   Python2_ROOT_DIR: /Users/runner/hostedtoolcache/Python/3.10.9/x64
2022-12-27T11:44:33.5007820Z   Python3_ROOT_DIR: /Users/runner/hostedtoolcache/Python/3.10.9/x64
2022-12-27T11:44:33.5008020Z ##[endgroup]
2022-12-27T11:44:33.5115980Z ##[group]Run rm -rf build_lxml433310
2022-12-27T11:44:33.5116370Z [36;1mrm -rf build_lxml433310[0m
2022-12-27T11:44:33.5116560Z [36;1mmkdir build_lxml433310[0m
2022-12-27T11:44:33.5116730Z [36;1mcd build_lxml433310[0m
2022-12-27T11:44:33.5117050Z [36;1m/usr/local/bin/wget --quiet https://files.pythonhosted.org/packages/7d/29/174d70f303016c58bd790c6c86e6e86a9d18239fac314d55a9b7be501943/lxml-4.3.3.tar.gz[0m
2022-12-27T11:44:33.5117320Z [36;1mtar xf *.tar.gz[0m
2022-12-27T11:44:33.5117480Z [36;1mcd *[0m
2022-12-27T11:44:33.5117640Z [36;1mpython -m pip install cibuildwheel==2.11.3[0m
2022-12-27T11:44:33.5117860Z [36;1mpython -m cibuildwheel --output-dir ../wheelsout[0m
2022-12-27T11:44:33.5131420Z shell: /bin/bash -e {0}
2022-12-27T11:44:33.5131570Z env:
2022-12-27T11:44:33.5131790Z   pythonLocation: /Users/runner/hostedtoolcache/Python/3.10.9/x64
2022-12-27T11:44:33.5132100Z   PKG_CONFIG_PATH: /Users/runner/hostedtoolcache/Python/3.10.9/x64/lib/pkgconfig
2022-12-27T11:44:33.5132390Z   Python_ROOT_DIR: /Users/runner/hostedtoolcache/Python/3.10.9/x64
2022-12-27T11:44:33.5132600Z   Python2_ROOT_DIR: /Users/runner/hostedtoolcache/Python/3.10.9/x64
2022-12-27T11:44:33.5132830Z   Python3_ROOT_DIR: /Users/runner/hostedtoolcache/Python/3.10.9/x64
2022-12-27T11:44:33.5133070Z   CIBW_ARCHS_MACOS: arm64
2022-12-27T11:44:33.5133210Z   CIBW_TEST_SKIP: *_arm64
2022-12-27T11:44:33.5133390Z   CIBW_BUILD: cp310-macosx_arm64
2022-12-27T11:44:33.5133560Z   CIBW_BUILD_FRONTEND: pip
2022-12-27T11:44:33.5133710Z   CIBW_BUILD_VERBOSITY: 3
2022-12-27T11:44:33.5134050Z   CIBW_ENVIRONMENT_MACOS:  CFLAGS="-I/usr/local/opt/openssl@3/include" LDFLAGS="-L/usr/local/opt/openssl@3/lib" CPPFLAGS="-I/usr/local/opt/openssl@3/include" MAKEFLAGS="-j$(sysctl -n hw.logicalcpu)" PATH=/usr/local/opt/ccache/libexec:$PATH
2022-12-27T11:44:33.5134420Z   CIBW_BEFORE_BUILD: pip install Cython; if [[ -f requirements.txt ]]; then pip install -r requirements.txt; fi
2022-12-27T11:44:33.5134660Z   MAKEFLAGS: -j$(sysctl -n hw.logicalcpu)
2022-12-27T11:44:33.5134810Z ##[endgroup]
2022-12-27T11:44:34.0278180Z Requirement already satisfied: cibuildwheel==2.11.3 in /Users/runner/hostedtoolcache/Python/3.10.9/x64/lib/python3.10/site-packages (2.11.3)
2022-12-27T11:44:34.0531940Z Requirement already satisfied: certifi in /Users/runner/hostedtoolcache/Python/3.10.9/x64/lib/python3.10/site-packages (from cibuildwheel==2.11.3) (2022.12.7)
2022-12-27T11:44:34.0541200Z Requirement already satisfied: typing-extensions>=4.1.0 in /Users/runner/hostedtoolcache/Python/3.10.9/x64/lib/python3.10/site-packages (from cibuildwheel==2.11.3) (4.4.0)
2022-12-27T11:44:34.0544790Z Requirement already satisfied: filelock in /Users/runner/hostedtoolcache/Python/3.10.9/x64/lib/python3.10/site-packages (from cibuildwheel==2.11.3) (3.8.2)
2022-12-27T11:44:34.0548200Z Requirement already satisfied: bracex in /Users/runner/hostedtoolcache/Python/3.10.9/x64/lib/python3.10/site-packages (from cibuildwheel==2.11.3) (2.3.post1)
2022-12-27T11:44:34.0553520Z Requirement already satisfied: bashlex!=0.13 in /Users/runner/hostedtoolcache/Python/3.10.9/x64/lib/python3.10/site-packages (from cibuildwheel==2.11.3) (0.16)
2022-12-27T11:44:34.0558260Z Requirement already satisfied: packaging>=20.9 in /Users/runner/hostedtoolcache/Python/3.10.9/x64/lib/python3.10/site-packages (from cibuildwheel==2.11.3) (22.0)
2022-12-27T11:44:34.0561760Z Requirement already satisfied: platformdirs in /Users/runner/hostedtoolcache/Python/3.10.9/x64/lib/python3.10/site-packages (from cibuildwheel==2.11.3) (2.6.0)
2022-12-27T11:44:34.0567710Z Requirement already satisfied: tomli in /Users/runner/hostedtoolcache/Python/3.10.9/x64/lib/python3.10/site-packages (from cibuildwheel==2.11.3) (2.0.1)
2022-12-27T11:44:34.2395930Z 
2022-12-27T11:44:34.2396210Z      _ _       _ _   _       _           _
2022-12-27T11:44:34.2396650Z  ___|_| |_ _ _|_| |_| |_ _ _| |_ ___ ___| |
2022-12-27T11:44:34.2397650Z |  _| | . | | | | | . | | | |   | -_| -_| |
2022-12-27T11:44:34.2398670Z |___|_|___|___|_|_|___|_____|_|_|___|___|_|
2022-12-27T11:44:34.2398810Z 
2022-12-27T11:44:34.2399070Z cibuildwheel version 2.11.3
2022-12-27T11:44:34.2399240Z 
2022-12-27T11:44:34.2399350Z Build options:
2022-12-27T11:44:34.2399650Z   platform: macos
2022-12-27T11:44:34.2510010Z   architectures: arm64[0m
2022-12-27T11:44:34.2510630Z   build_selector: 
2022-12-27T11:44:34.2511300Z     build_config: cp310-macosx_arm64
2022-12-27T11:44:34.2511760Z     skip_config: 
2022-12-27T11:44:34.2512110Z     requires_python: None
2022-12-27T11:44:34.2512600Z     prerelease_pythons: False[0m
2022-12-27T11:44:34.2513460Z   [38;5;244mcontainer_engine: docker[0m
2022-12-27T11:44:34.2514120Z   output_dir: /Users/runner/actions-runner/_work/python.build/python.build/build_lxml433310/wheelsout[0m
2022-12-27T11:44:34.2515120Z   package_dir: /Users/runner/actions-runner/_work/python.build/python.build/build_lxml433310/lxml-4.3.3[0m
2022-12-27T11:44:34.2515770Z   test_selector: 
2022-12-27T11:44:34.2516430Z     skip_config: *_arm64[0m
2022-12-27T11:44:34.2517000Z   [38;5;244mbefore_all: [0m
2022-12-27T11:44:34.2517550Z   before_build: pip install Cython; if [[ -f requirements.txt ]]; then pip install -r requirements.txt; fi[0m
2022-12-27T11:44:34.2518000Z   [38;5;244mbefore_test: [0m
2022-12-27T11:44:34.2518320Z   [38;5;244mbuild_frontend: pip[0m
2022-12-27T11:44:34.2518780Z   build_verbosity: 3[0m
2022-12-27T11:44:34.2519150Z   [38;5;244mconfig_settings: [0m
2022-12-27T11:44:34.2519460Z   [38;5;244mdependency_constraints: pinned[0m
2022-12-27T11:44:34.2519650Z   environment: 
2022-12-27T11:44:34.2519970Z     CFLAGS="-I/usr/local/opt/openssl@3/include"
2022-12-27T11:44:34.2520200Z     LDFLAGS="-L/usr/local/opt/openssl@3/lib"
2022-12-27T11:44:34.2520470Z     CPPFLAGS="-I/usr/local/opt/openssl@3/include"
2022-12-27T11:44:34.2520790Z     MAKEFLAGS="-j$(sysctl -n hw.logicalcpu)"
2022-12-27T11:44:34.2521050Z     PATH=/usr/local/opt/ccache/libexec:$PATH[0m
2022-12-27T11:44:34.2521330Z   [38;5;244mmanylinux_images: None[0m
2022-12-27T11:44:34.2521570Z   [38;5;244mmusllinux_images: None[0m
2022-12-27T11:44:34.2521870Z   [38;5;244mrepair_command: delocate-wheel --require-archs {delocate_archs} -w {dest_dir} -v {wheel}[0m
2022-12-27T11:44:34.2522410Z   [38;5;244mtest_command: [0m
2022-12-27T11:44:34.2522630Z   [38;5;244mtest_extras: [0m
2022-12-27T11:44:34.2522950Z   [38;5;244mtest_requires: [0m
2022-12-27T11:44:34.2523060Z 
2022-12-27T11:44:34.2523130Z Cache folder: /Users/runner/Library/Caches/cibuildwheel
2022-12-27T11:44:34.2529930Z 
2022-12-27T11:44:34.2530080Z Here we go!
2022-12-27T11:44:34.2530210Z 
2022-12-27T11:44:34.2656790Z 
2022-12-27T11:44:34.2657460Z [1m[34mBuilding cp310-macosx_arm64 wheel[0m
2022-12-27T11:44:34.2658260Z CPython 3.10 macOS arm64 - Apple Silicon
2022-12-27T11:44:34.2658530Z 
2022-12-27T11:44:34.2660600Z ##[group]Installing Python cp310...
2022-12-27T11:44:34.2660910Z 
2022-12-27T11:44:34.2661350Z + pkgutil --pkgs
2022-12-27T11:44:34.2763900Z ##[endgroup]
2022-12-27T11:44:34.2764880Z                                                               [32m✓ [0m0.01s
2022-12-27T11:44:34.2765420Z ##[group]Setting up build environment...
2022-12-27T11:44:34.2765600Z 
2022-12-27T11:44:34.2784180Z + /Users/runner/hostedtoolcache/Python/3.10.9/x64/bin/python -sS /Users/runner/Library/Caches/cibuildwheel/virtualenv-20.17.0.pyz --activators= --no-periodic-update --pip=22.3.1 --setuptools=65.6.3 --wheel=0.38.4 --symlink-app-data --python /Library/Frameworks/Python.framework/Versions/3.10/bin/python3 /private/var/folders/51/hd414ycd67n82196sw51xqtc0000gn/T/cibw-run-7l9w3tza/cp310-macosx_arm64/build/venv
2022-12-27T11:44:34.4681470Z created virtual environment CPython3.10.8.final.0-64 in 53ms
2022-12-27T11:44:34.4681940Z   creator CPython3Posix(dest=/private/var/folders/51/hd414ycd67n82196sw51xqtc0000gn/T/cibw-run-7l9w3tza/cp310-macosx_arm64/build/venv, clear=False, no_vcs_ignore=False, global=False)
2022-12-27T11:44:34.4682670Z   seeder FromAppData(download=False, pip=22.3.1, setuptools=65.6.3, wheel=0.38.4, via=symlink, app_data_dir=/Users/runner/Library/Application Support/virtualenv)
2022-12-27T11:44:34.4683040Z     added seed packages: pip==22.3.1, setuptools==65.6.3, wheel==0.38.4
2022-12-27T11:44:34.4812630Z + python -m pip install --upgrade pip -c /Users/runner/hostedtoolcache/Python/3.10.9/x64/lib/python3.10/site-packages/cibuildwheel/resources/constraints-python310.txt
2022-12-27T11:44:34.7518740Z Requirement already satisfied: pip in ./lib/python3.10/site-packages (22.3.1)
2022-12-27T11:44:34.8825090Z + which pip
2022-12-27T11:44:34.8844450Z /private/var/folders/51/hd414ycd67n82196sw51xqtc0000gn/T/cibw-run-7l9w3tza/cp310-macosx_arm64/build/venv/bin/pip
2022-12-27T11:44:34.8846750Z + pip --version
2022-12-27T11:44:35.0789090Z pip 22.3.1 from /private/var/folders/51/hd414ycd67n82196sw51xqtc0000gn/T/cibw-run-7l9w3tza/cp310-macosx_arm64/build/venv/lib/python3.10/site-packages/pip (python 3.10)
2022-12-27T11:44:35.1021640Z + which pip
2022-12-27T11:44:35.1052050Z + which python
2022-12-27T11:44:35.1071120Z /private/var/folders/51/hd414ycd67n82196sw51xqtc0000gn/T/cibw-run-7l9w3tza/cp310-macosx_arm64/build/venv/bin/python
2022-12-27T11:44:35.1073620Z + python --version
2022-12-27T11:44:35.1122250Z Python 3.10.8
2022-12-27T11:44:35.1126000Z + which python
2022-12-27T11:44:35.1178960Z ##[endgroup]
2022-12-27T11:44:35.1179480Z                                                               [32m✓ [0m0.84s
2022-12-27T11:44:35.1180180Z ##[group]Installing build tools...
2022-12-27T11:44:35.1180370Z 
2022-12-27T11:44:35.1180920Z + pip install --upgrade setuptools wheel delocate -c /Users/runner/hostedtoolcache/Python/3.10.9/x64/lib/python3.10/site-packages/cibuildwheel/resources/constraints-python310.txt
2022-12-27T11:44:35.3928240Z Requirement already satisfied: setuptools in /private/var/folders/51/hd414ycd67n82196sw51xqtc0000gn/T/cibw-run-7l9w3tza/cp310-macosx_arm64/build/venv/lib/python3.10/site-packages (65.6.3)
2022-12-27T11:44:35.5845170Z Requirement already satisfied: wheel in /private/var/folders/51/hd414ycd67n82196sw51xqtc0000gn/T/cibw-run-7l9w3tza/cp310-macosx_arm64/build/venv/lib/python3.10/site-packages (0.38.4)
2022-12-27T11:44:35.6323680Z Collecting delocate
2022-12-27T11:44:35.6346740Z   Using cached delocate-0.10.3-py3-none-any.whl (142 kB)
2022-12-27T11:44:35.6620430Z Collecting packaging>=20.9
2022-12-27T11:44:35.6637860Z   Using cached packaging-21.3-py3-none-any.whl (40 kB)
2022-12-27T11:44:35.6800270Z Collecting typing-extensions
2022-12-27T11:44:35.6816810Z   Using cached typing_extensions-4.4.0-py3-none-any.whl (26 kB)
2022-12-27T11:44:35.7133550Z Collecting pyparsing!=3.0.5,>=2.0.2
2022-12-27T11:44:35.7151170Z   Using cached pyparsing-3.0.9-py3-none-any.whl (98 kB)
2022-12-27T11:44:35.7482980Z Installing collected packages: typing-extensions, pyparsing, packaging, delocate
2022-12-27T11:44:35.8722390Z Successfully installed delocate-0.10.3 packaging-21.3 pyparsing-3.0.9 typing-extensions-4.4.0
2022-12-27T11:44:35.9175020Z ##[endgroup]
2022-12-27T11:44:35.9175660Z                                                               [32m✓ [0m0.80s
2022-12-27T11:44:35.9176280Z ##[group]Running before_build...
2022-12-27T11:44:35.9176470Z 
2022-12-27T11:44:35.9182360Z + pip install Cython; if [[ -f requirements.txt ]]; then pip install -r requirements.txt; fi
2022-12-27T11:44:36.5030730Z Collecting Cython
2022-12-27T11:44:36.5072230Z   Using cached Cython-0.29.32-py2.py3-none-any.whl (986 kB)
2022-12-27T11:44:36.5514620Z Installing collected packages: Cython
2022-12-27T11:44:36.9344740Z Successfully installed Cython-0.29.32
2022-12-27T11:44:37.2461260Z Requirement already satisfied: Cython>=0.29.1 in /private/var/folders/51/hd414ycd67n82196sw51xqtc0000gn/T/cibw-run-7l9w3tza/cp310-macosx_arm64/build/venv/lib/python3.10/site-packages (from -r requirements.txt (line 1)) (0.29.32)
2022-12-27T11:44:37.3028850Z ##[endgroup]
2022-12-27T11:44:37.3029520Z                                                               [32m✓ [0m1.39s
2022-12-27T11:44:37.3030000Z ##[group]Building wheel...
2022-12-27T11:44:37.3030170Z 
2022-12-27T11:44:37.3035240Z + python -m pip wheel /Users/runner/actions-runner/_work/python.build/python.build/build_lxml433310/lxml-4.3.3 --wheel-dir=/private/var/folders/51/hd414ycd67n82196sw51xqtc0000gn/T/cibw-run-7l9w3tza/cp310-macosx_arm64/built_wheel --no-deps -vvv
2022-12-27T11:44:37.5536950Z Created temporary directory: /private/var/folders/51/hd414ycd67n82196sw51xqtc0000gn/T/pip-ephem-wheel-cache-9yl39vwl
2022-12-27T11:44:37.5542320Z Created temporary directory: /private/var/folders/51/hd414ycd67n82196sw51xqtc0000gn/T/pip-build-tracker-4r50rwuz
2022-12-27T11:44:37.5543820Z Initialized build tracking at /private/var/folders/51/hd414ycd67n82196sw51xqtc0000gn/T/pip-build-tracker-4r50rwuz
2022-12-27T11:44:37.5545410Z Created build tracker: /private/var/folders/51/hd414ycd67n82196sw51xqtc0000gn/T/pip-build-tracker-4r50rwuz
2022-12-27T11:44:37.5547360Z Entered build tracker: /private/var/folders/51/hd414ycd67n82196sw51xqtc0000gn/T/pip-build-tracker-4r50rwuz
2022-12-27T11:44:37.5550590Z Created temporary directory: /private/var/folders/51/hd414ycd67n82196sw51xqtc0000gn/T/pip-wheel-hi0l7h_r
2022-12-27T11:44:37.5556420Z Created temporary directory: /private/var/folders/51/hd414ycd67n82196sw51xqtc0000gn/T/pip-ephem-wheel-cache-8m6eulh3
2022-12-27T11:44:37.5708290Z Processing /Users/runner/actions-runner/_work/python.build/python.build/build_lxml433310/lxml-4.3.3
2022-12-27T11:44:37.5713440Z   Added file:///Users/runner/actions-runner/_work/python.build/python.build/build_lxml433310/lxml-4.3.3 to build tracker '/private/var/folders/51/hd414ycd67n82196sw51xqtc0000gn/T/pip-build-tracker-4r50rwuz'
2022-12-27T11:44:37.5716820Z   Running setup.py (path:/Users/runner/actions-runner/_work/python.build/python.build/build_lxml433310/lxml-4.3.3/setup.py) egg_info for package from file:///Users/runner/actions-runner/_work/python.build/python.build/build_lxml433310/lxml-4.3.3
2022-12-27T11:44:37.5719780Z   Created temporary directory: /private/var/folders/51/hd414ycd67n82196sw51xqtc0000gn/T/pip-pip-egg-info-iupis0nu
2022-12-27T11:44:37.5721060Z   Preparing metadata (setup.py): started
2022-12-27T11:44:37.5722810Z   Running command python setup.py egg_info
2022-12-27T11:44:37.8581680Z   Building lxml version 4.3.3.
2022-12-27T11:44:37.8582650Z   Building without Cython.
2022-12-27T11:44:37.8584540Z   Using build configuration of libxslt 1.1.29
2022-12-27T11:44:37.8586960Z   Building against libxml2/libxslt in the following directory: /Library/Developer/CommandLineTools/SDKs/MacOSX12.1.sdk/usr/lib
2022-12-27T11:44:37.8588160Z   running egg_info
2022-12-27T11:44:37.8590410Z   creating /private/var/folders/51/hd414ycd67n82196sw51xqtc0000gn/T/pip-pip-egg-info-iupis0nu/lxml.egg-info
2022-12-27T11:44:37.8591600Z   writing /private/var/folders/51/hd414ycd67n82196sw51xqtc0000gn/T/pip-pip-egg-info-iupis0nu/lxml.egg-info/PKG-INFO
2022-12-27T11:44:37.8593220Z   writing dependency_links to /private/var/folders/51/hd414ycd67n82196sw51xqtc0000gn/T/pip-pip-egg-info-iupis0nu/lxml.egg-info/dependency_links.txt
2022-12-27T11:44:37.8594460Z   writing requirements to /private/var/folders/51/hd414ycd67n82196sw51xqtc0000gn/T/pip-pip-egg-info-iupis0nu/lxml.egg-info/requires.txt
2022-12-27T11:44:37.8595940Z   writing top-level names to /private/var/folders/51/hd414ycd67n82196sw51xqtc0000gn/T/pip-pip-egg-info-iupis0nu/lxml.egg-info/top_level.txt
2022-12-27T11:44:37.8598750Z   writing manifest file '/private/var/folders/51/hd414ycd67n82196sw51xqtc0000gn/T/pip-pip-egg-info-iupis0nu/lxml.egg-info/SOURCES.txt'
2022-12-27T11:44:37.8688190Z   reading manifest file '/private/var/folders/51/hd414ycd67n82196sw51xqtc0000gn/T/pip-pip-egg-info-iupis0nu/lxml.egg-info/SOURCES.txt'
2022-12-27T11:44:37.8690970Z   reading manifest template 'MANIFEST.in'
2022-12-27T11:44:37.9681810Z   adding license file 'LICENSES.txt'
2022-12-27T11:44:37.9748040Z   writing manifest file '/private/var/folders/51/hd414ycd67n82196sw51xqtc0000gn/T/pip-pip-egg-info-iupis0nu/lxml.egg-info/SOURCES.txt'
2022-12-27T11:44:38.0004120Z   Preparing metadata (setup.py): finished with status 'done'
2022-12-27T11:44:38.0027600Z   Source in /Users/runner/actions-runner/_work/python.build/python.build/build_lxml433310/lxml-4.3.3 has version 4.3.3, which satisfies requirement lxml==4.3.3 from file:///Users/runner/actions-runner/_work/python.build/python.build/build_lxml433310/lxml-4.3.3
2022-12-27T11:44:38.0030680Z   Removed lxml==4.3.3 from file:///Users/runner/actions-runner/_work/python.build/python.build/build_lxml433310/lxml-4.3.3 from build tracker '/private/var/folders/51/hd414ycd67n82196sw51xqtc0000gn/T/pip-build-tracker-4r50rwuz'
2022-12-27T11:44:38.0046910Z Created temporary directory: /private/var/folders/51/hd414ycd67n82196sw51xqtc0000gn/T/pip-unpack-qt4al2vh
2022-12-27T11:44:38.0049400Z Building wheels for collected packages: lxml
2022-12-27T11:44:38.0056600Z   Created temporary directory: /private/var/folders/51/hd414ycd67n82196sw51xqtc0000gn/T/pip-wheel-y7k85puw
2022-12-27T11:44:38.0058480Z   Building wheel for lxml (setup.py): started
2022-12-27T11:44:38.0060630Z   Destination directory: /private/var/folders/51/hd414ycd67n82196sw51xqtc0000gn/T/pip-wheel-y7k85puw
2022-12-27T11:44:38.0062500Z   Running command python setup.py bdist_wheel
2022-12-27T11:44:38.1512190Z   Building lxml version 4.3.3.
2022-12-27T11:44:38.1514500Z   Building without Cython.
2022-12-27T11:44:38.1650640Z   Using build configuration of libxslt 1.1.29
2022-12-27T11:44:38.2703850Z   Building against libxml2/libxslt in the following directory: /Library/Developer/CommandLineTools/SDKs/MacOSX12.1.sdk/usr/lib
2022-12-27T11:44:38.2952250Z   running bdist_wheel
2022-12-27T11:44:38.2988420Z   running build
2022-12-27T11:44:38.2990830Z   running build_py
2022-12-27T11:44:38.3008740Z   creating build
2022-12-27T11:44:38.3011040Z   creating build/lib.macosx-11.0-arm64-cpython-310
2022-12-27T11:44:38.3013070Z   creating build/lib.macosx-11.0-arm64-cpython-310/lxml
2022-12-27T11:44:38.3015510Z   copying src/lxml/_elementpath.py -> build/lib.macosx-11.0-arm64-cpython-310/lxml
2022-12-27T11:44:38.3017760Z   copying src/lxml/sax.py -> build/lib.macosx-11.0-arm64-cpython-310/lxml
2022-12-27T11:44:38.3019720Z   copying src/lxml/pyclasslookup.py -> build/lib.macosx-11.0-arm64-cpython-310/lxml
2022-12-27T11:44:38.3021440Z   copying src/lxml/__init__.py -> build/lib.macosx-11.0-arm64-cpython-310/lxml
2022-12-27T11:44:38.3023460Z   copying src/lxml/builder.py -> build/lib.macosx-11.0-arm64-cpython-310/lxml
2022-12-27T11:44:38.3026930Z   copying src/lxml/doctestcompare.py -> build/lib.macosx-11.0-arm64-cpython-310/lxml
2022-12-27T11:44:38.3028930Z   copying src/lxml/usedoctest.py -> build/lib.macosx-11.0-arm64-cpython-310/lxml
2022-12-27T11:44:38.3032350Z   copying src/lxml/cssselect.py -> build/lib.macosx-11.0-arm64-cpython-310/lxml
2022-12-27T11:44:38.3035600Z   copying src/lxml/ElementInclude.py -> build/lib.macosx-11.0-arm64-cpython-310/lxml
2022-12-27T11:44:38.3038070Z   creating build/lib.macosx-11.0-arm64-cpython-310/lxml/includes
2022-12-27T11:44:38.3040140Z   copying src/lxml/includes/__init__.py -> build/lib.macosx-11.0-arm64-cpython-310/lxml/includes
2022-12-27T11:44:38.3045740Z   creating build/lib.macosx-11.0-arm64-cpython-310/lxml/html
2022-12-27T11:44:38.3047590Z   copying src/lxml/html/soupparser.py -> build/lib.macosx-11.0-arm64-cpython-310/lxml/html
2022-12-27T11:44:38.3049230Z   copying src/lxml/html/defs.py -> build/lib.macosx-11.0-arm64-cpython-310/lxml/html
2022-12-27T11:44:38.3051890Z   copying src/lxml/html/_setmixin.py -> build/lib.macosx-11.0-arm64-cpython-310/lxml/html
2022-12-27T11:44:38.3053730Z   copying src/lxml/html/clean.py -> build/lib.macosx-11.0-arm64-cpython-310/lxml/html
2022-12-27T11:44:38.3056520Z   copying src/lxml/html/_diffcommand.py -> build/lib.macosx-11.0-arm64-cpython-310/lxml/html
2022-12-27T11:44:38.3059150Z   copying src/lxml/html/html5parser.py -> build/lib.macosx-11.0-arm64-cpython-310/lxml/html
2022-12-27T11:44:38.3062450Z   copying src/lxml/html/__init__.py -> build/lib.macosx-11.0-arm64-cpython-310/lxml/html
2022-12-27T11:44:38.3064870Z   copying src/lxml/html/formfill.py -> build/lib.macosx-11.0-arm64-cpython-310/lxml/html
2022-12-27T11:44:38.3067710Z   copying src/lxml/html/builder.py -> build/lib.macosx-11.0-arm64-cpython-310/lxml/html
2022-12-27T11:44:38.3069880Z   copying src/lxml/html/ElementSoup.py -> build/lib.macosx-11.0-arm64-cpython-310/lxml/html
2022-12-27T11:44:38.3071970Z   copying src/lxml/html/_html5builder.py -> build/lib.macosx-11.0-arm64-cpython-310/lxml/html
2022-12-27T11:44:38.3074560Z   copying src/lxml/html/usedoctest.py -> build/lib.macosx-11.0-arm64-cpython-310/lxml/html
2022-12-27T11:44:38.3077680Z   copying src/lxml/html/diff.py -> build/lib.macosx-11.0-arm64-cpython-310/lxml/html
2022-12-27T11:44:38.3082010Z   creating build/lib.macosx-11.0-arm64-cpython-310/lxml/isoschematron
2022-12-27T11:44:38.3084580Z   copying src/lxml/isoschematron/__init__.py -> build/lib.macosx-11.0-arm64-cpython-310/lxml/isoschematron
2022-12-27T11:44:38.3106910Z   copying src/lxml/etree.h -> build/lib.macosx-11.0-arm64-cpython-310/lxml
2022-12-27T11:44:38.3110330Z   copying src/lxml/etree_api.h -> build/lib.macosx-11.0-arm64-cpython-310/lxml
2022-12-27T11:44:38.3113520Z   copying src/lxml/lxml.etree.h -> build/lib.macosx-11.0-arm64-cpython-310/lxml
2022-12-27T11:44:38.3116260Z   copying src/lxml/lxml.etree_api.h -> build/lib.macosx-11.0-arm64-cpython-310/lxml
2022-12-27T11:44:38.3119410Z   copying src/lxml/includes/xmlerror.pxd -> build/lib.macosx-11.0-arm64-cpython-310/lxml/includes
2022-12-27T11:44:38.3122240Z   copying src/lxml/includes/c14n.pxd -> build/lib.macosx-11.0-arm64-cpython-310/lxml/includes
2022-12-27T11:44:38.3124930Z   copying src/lxml/includes/xmlschema.pxd -> build/lib.macosx-11.0-arm64-cpython-310/lxml/includes
2022-12-27T11:44:38.3127520Z   copying src/lxml/includes/__init__.pxd -> build/lib.macosx-11.0-arm64-cpython-310/lxml/includes
2022-12-27T11:44:38.3129380Z   copying src/lxml/includes/schematron.pxd -> build/lib.macosx-11.0-arm64-cpython-310/lxml/includes
2022-12-27T11:44:38.3132070Z   copying src/lxml/includes/tree.pxd -> build/lib.macosx-11.0-arm64-cpython-310/lxml/includes
2022-12-27T11:44:38.3134880Z   copying src/lxml/includes/uri.pxd -> build/lib.macosx-11.0-arm64-cpython-310/lxml/includes
2022-12-27T11:44:38.3137570Z   copying src/lxml/includes/etreepublic.pxd -> build/lib.macosx-11.0-arm64-cpython-310/lxml/includes
2022-12-27T11:44:38.3139880Z   copying src/lxml/includes/xpath.pxd -> build/lib.macosx-11.0-arm64-cpython-310/lxml/includes
2022-12-27T11:44:38.3143140Z   copying src/lxml/includes/htmlparser.pxd -> build/lib.macosx-11.0-arm64-cpython-310/lxml/includes
2022-12-27T11:44:38.3145550Z   copying src/lxml/includes/xslt.pxd -> build/lib.macosx-11.0-arm64-cpython-310/lxml/includes
2022-12-27T11:44:38.3148410Z   copying src/lxml/includes/config.pxd -> build/lib.macosx-11.0-arm64-cpython-310/lxml/includes
2022-12-27T11:44:38.3150720Z   copying src/lxml/includes/xmlparser.pxd -> build/lib.macosx-11.0-arm64-cpython-310/lxml/includes
2022-12-27T11:44:38.3153750Z   copying src/lxml/includes/xinclude.pxd -> build/lib.macosx-11.0-arm64-cpython-310/lxml/includes
2022-12-27T11:44:38.3156310Z   copying src/lxml/includes/dtdvalid.pxd -> build/lib.macosx-11.0-arm64-cpython-310/lxml/includes
2022-12-27T11:44:38.3159140Z   copying src/lxml/includes/relaxng.pxd -> build/lib.macosx-11.0-arm64-cpython-310/lxml/includes
2022-12-27T11:44:38.3161780Z   copying src/lxml/includes/lxml-version.h -> build/lib.macosx-11.0-arm64-cpython-310/lxml/includes
2022-12-27T11:44:38.3164220Z   copying src/lxml/includes/etree_defs.h -> build/lib.macosx-11.0-arm64-cpython-310/lxml/includes
2022-12-27T11:44:38.3167140Z   creating build/lib.macosx-11.0-arm64-cpython-310/lxml/isoschematron/resources
2022-12-27T11:44:38.3168700Z   creating build/lib.macosx-11.0-arm64-cpython-310/lxml/isoschematron/resources/rng
2022-12-27T11:44:38.3170510Z   copying src/lxml/isoschematron/resources/rng/iso-schematron.rng -> build/lib.macosx-11.0-arm64-cpython-310/lxml/isoschematron/resources/rng
2022-12-27T11:44:38.3172940Z   creating build/lib.macosx-11.0-arm64-cpython-310/lxml/isoschematron/resources/xsl
2022-12-27T11:44:38.3175290Z   copying src/lxml/isoschematron/resources/xsl/XSD2Schtrn.xsl -> build/lib.macosx-11.0-arm64-cpython-310/lxml/isoschematron/resources/xsl
2022-12-27T11:44:38.3177320Z   copying src/lxml/isoschematron/resources/xsl/RNG2Schtrn.xsl -> build/lib.macosx-11.0-arm64-cpython-310/lxml/isoschematron/resources/xsl
2022-12-27T11:44:38.3179780Z   creating build/lib.macosx-11.0-arm64-cpython-310/lxml/isoschematron/resources/xsl/iso-schematron-xslt1
2022-12-27T11:44:38.3181610Z   copying src/lxml/isoschematron/resources/xsl/iso-schematron-xslt1/iso_abstract_expand.xsl -> build/lib.macosx-11.0-arm64-cpython-310/lxml/isoschematron/resources/xsl/iso-schematron-xslt1
2022-12-27T11:44:38.3183910Z   copying src/lxml/isoschematron/resources/xsl/iso-schematron-xslt1/iso_dsdl_include.xsl -> build/lib.macosx-11.0-arm64-cpython-310/lxml/isoschematron/resources/xsl/iso-schematron-xslt1
2022-12-27T11:44:38.3187050Z   copying src/lxml/isoschematron/resources/xsl/iso-schematron-xslt1/iso_schematron_skeleton_for_xslt1.xsl -> build/lib.macosx-11.0-arm64-cpython-310/lxml/isoschematron/resources/xsl/iso-schematron-xslt1
2022-12-27T11:44:38.3190730Z   copying src/lxml/isoschematron/resources/xsl/iso-schematron-xslt1/iso_svrl_for_xslt1.xsl -> build/lib.macosx-11.0-arm64-cpython-310/lxml/isoschematron/resources/xsl/iso-schematron-xslt1
2022-12-27T11:44:38.3193500Z   copying src/lxml/isoschematron/resources/xsl/iso-schematron-xslt1/iso_schematron_message.xsl -> build/lib.macosx-11.0-arm64-cpython-310/lxml/isoschematron/resources/xsl/iso-schematron-xslt1
2022-12-27T11:44:38.3196040Z   copying src/lxml/isoschematron/resources/xsl/iso-schematron-xslt1/readme.txt -> build/lib.macosx-11.0-arm64-cpython-310/lxml/isoschematron/resources/xsl/iso-schematron-xslt1
2022-12-27T11:44:38.3208340Z   running build_ext
2022-12-27T11:44:38.3239220Z   building 'lxml.etree' extension
2022-12-27T11:44:38.3241210Z   creating build/temp.macosx-11.0-arm64-cpython-310
2022-12-27T11:44:38.3243110Z   creating build/temp.macosx-11.0-arm64-cpython-310/src
2022-12-27T11:44:38.3244800Z   creating build/temp.macosx-11.0-arm64-cpython-310/src/lxml
2022-12-27T11:44:38.3248210Z   clang -Wno-unused-result -Wsign-compare -Wunreachable-code -fno-common -dynamic -DNDEBUG -g -fwrapv -O3 -Wall -g -I/usr/local/opt/openssl@3/include -I/usr/local/opt/openssl@3/include -arch arm64 -DCYTHON_CLINE_IN_TRACEBACK=0 -I/Library/Developer/CommandLineTools/SDKs/MacOSX12.1.sdk/usr/include -Isrc -Isrc/lxml/includes -I/private/var/folders/51/hd414ycd67n82196sw51xqtc0000gn/T/cibw-run-7l9w3tza/cp310-macosx_arm64/build/venv/include -I/Library/Frameworks/Python.framework/Versions/3.10/include/python3.10 -c src/lxml/etree.c -o build/temp.macosx-11.0-arm64-cpython-310/src/lxml/etree.o -w -flat_namespace
2022-12-27T11:44:39.0499340Z   src/lxml/etree.c:209272:5: error: expression is not assignable
2022-12-27T11:44:39.0500340Z       ++Py_REFCNT(o);
2022-12-27T11:44:39.0502420Z       ^ ~~~~~~~~~~~~
2022-12-27T11:44:39.0504720Z   src/lxml/etree.c:209274:5: error: expression is not assignable
2022-12-27T11:44:39.0506740Z       --Py_REFCNT(o);
2022-12-27T11:44:39.0508490Z       ^ ~~~~~~~~~~~~
2022-12-27T11:44:39.0533130Z   src/lxml/etree.c:210247:5: error: expression is not assignable
2022-12-27T11:44:39.0535180Z       ++Py_REFCNT(o);
2022-12-27T11:44:39.0537150Z       ^ ~~~~~~~~~~~~
2022-12-27T11:44:39.0539200Z   src/lxml/etree.c:210249:5: error: expression is not assignable
2022-12-27T11:44:39.0540790Z       --Py_REFCNT(o);
2022-12-27T11:44:39.0542490Z       ^ ~~~~~~~~~~~~
2022-12-27T11:44:39.0546090Z   src/lxml/etree.c:210558:5: error: expression is not assignable
2022-12-27T11:44:39.0547670Z       ++Py_REFCNT(o);
2022-12-27T11:44:39.0548960Z       ^ ~~~~~~~~~~~~
2022-12-27T11:44:39.0550380Z   src/lxml/etree.c:210560:5: error: expression is not assignable
2022-12-27T11:44:39.0551780Z       --Py_REFCNT(o);
2022-12-27T11:44:39.0553200Z       ^ ~~~~~~~~~~~~
2022-12-27T11:44:39.0603550Z   src/lxml/etree.c:212124:5: error: expression is not assignable
2022-12-27T11:44:39.0605200Z       ++Py_REFCNT(o);
2022-12-27T11:44:39.0606810Z       ^ ~~~~~~~~~~~~
2022-12-27T11:44:39.0609110Z   src/lxml/etree.c:212126:5: error: expression is not assignable
2022-12-27T11:44:39.0610240Z       --Py_REFCNT(o);
2022-12-27T11:44:39.0611330Z       ^ ~~~~~~~~~~~~
2022-12-27T11:44:39.0736250Z   src/lxml/etree.c:216224:5: error: expression is not assignable
2022-12-27T11:44:39.0737920Z       ++Py_REFCNT(o);
2022-12-27T11:44:39.0739550Z       ^ ~~~~~~~~~~~~
2022-12-27T11:44:39.0741450Z   src/lxml/etree.c:216226:5: error: expression is not assignable
2022-12-27T11:44:39.0743250Z       --Py_REFCNT(o);
2022-12-27T11:44:39.0744940Z       ^ ~~~~~~~~~~~~
2022-12-27T11:44:39.0748700Z   src/lxml/etree.c:216467:5: error: expression is not assignable
2022-12-27T11:44:39.0750020Z       ++Py_REFCNT(o);
2022-12-27T11:44:39.0751280Z       ^ ~~~~~~~~~~~~
2022-12-27T11:44:39.0752650Z   src/lxml/etree.c:216469:5: error: expression is not assignable
2022-12-27T11:44:39.0753990Z       --Py_REFCNT(o);
2022-12-27T11:44:39.0755200Z       ^ ~~~~~~~~~~~~
2022-12-27T11:44:39.0826350Z   src/lxml/etree.c:218265:5: error: expression is not assignable
2022-12-27T11:44:39.0828000Z       ++Py_REFCNT(o);
2022-12-27T11:44:39.0829720Z       ^ ~~~~~~~~~~~~
2022-12-27T11:44:39.0831520Z   src/lxml/etree.c:218267:5: error: expression is not assignable
2022-12-27T11:44:39.0833370Z       --Py_REFCNT(o);
2022-12-27T11:44:39.0835400Z       ^ ~~~~~~~~~~~~
2022-12-27T11:44:39.0921040Z   src/lxml/etree.c:220377:5: error: expression is not assignable
2022-12-27T11:44:39.0922730Z       ++Py_REFCNT(o);
2022-12-27T11:44:39.0924290Z       ^ ~~~~~~~~~~~~
2022-12-27T11:44:39.0926110Z   src/lxml/etree.c:220379:5: error: expression is not assignable
2022-12-27T11:44:39.0927890Z       --Py_REFCNT(o);
2022-12-27T11:44:39.0929340Z       ^ ~~~~~~~~~~~~
2022-12-27T11:44:39.0933800Z   src/lxml/etree.c:220681:5: error: expression is not assignable
2022-12-27T11:44:39.0935260Z       ++Py_REFCNT(o);
2022-12-27T11:44:39.0936370Z       ^ ~~~~~~~~~~~~
2022-12-27T11:44:39.0937690Z   src/lxml/etree.c:220683:5: error: expression is not assignable
2022-12-27T11:44:39.0939030Z       --Py_REFCNT(o);
2022-12-27T11:44:39.0940250Z       ^ ~~~~~~~~~~~~
2022-12-27T11:44:39.0949180Z   src/lxml/etree.c:221236:5: error: expression is not assignable
2022-12-27T11:44:39.0950330Z       ++Py_REFCNT(o);
2022-12-27T11:44:39.0951720Z       ^ ~~~~~~~~~~~~
2022-12-27T11:44:39.0953220Z   fatal error: too many errors emitted, stopping now [-ferror-limit=]
2022-12-27T11:44:39.2535920Z   20 errors generated.
2022-12-27T11:44:39.2582620Z   Compile failed: command '/usr/bin/clang' failed with exit code 1
2022-12-27T11:44:39.3324490Z   creating var
2022-12-27T11:44:39.3325700Z   creating var/folders
2022-12-27T11:44:39.3327180Z   creating var/folders/51
2022-12-27T11:44:39.3328590Z   creating var/folders/51/hd414ycd67n82196sw51xqtc0000gn
2022-12-27T11:44:39.3329990Z   creating var/folders/51/hd414ycd67n82196sw51xqtc0000gn/T
2022-12-27T11:44:39.3332250Z   cc -arch arm64 -I/Library/Developer/CommandLineTools/SDKs/MacOSX12.1.sdk/usr/include -I/usr/include/libxml2 -c /var/folders/51/hd414ycd67n82196sw51xqtc0000gn/T/xmlXPathInit6in83cq5.c -o var/folders/51/hd414ycd67n82196sw51xqtc0000gn/T/xmlXPathInit6in83cq5.o
2022-12-27T11:44:39.3762290Z   cc -arch arm64 var/folders/51/hd414ycd67n82196sw51xqtc0000gn/T/xmlXPathInit6in83cq5.o -L/Library/Developer/CommandLineTools/SDKs/MacOSX12.1.sdk/usr/lib -lxml2 -o a.out
2022-12-27T11:44:39.4179150Z   error: command '/usr/bin/clang' failed with exit code 1
2022-12-27T11:44:39.4521140Z   error: subprocess-exited-with-error
2022-12-27T11:44:39.4521590Z   
2022-12-27T11:44:39.4522030Z   × python setup.py bdist_wheel did not run successfully.
2022-12-27T11:44:39.4522330Z   │ exit code: 1
2022-12-27T11:44:39.4522580Z   ╰─> See above for output.
2022-12-27T11:44:39.4522830Z   
2022-12-27T11:44:39.4523110Z   note: This error originates from a subprocess, and is likely not a problem with pip.
2022-12-27T11:44:39.4530320Z   full command: /private/var/folders/51/hd414ycd67n82196sw51xqtc0000gn/T/cibw-run-7l9w3tza/cp310-macosx_arm64/build/venv/bin/python -u -c '
2022-12-27T11:44:39.4531770Z   exec(compile('"'"''"'"''"'"'
2022-12-27T11:44:39.4532220Z   # This is <pip-setuptools-caller> -- a caller that pip uses to run setup.py
2022-12-27T11:44:39.4532490Z   #
2022-12-27T11:44:39.4533150Z   # - It imports setuptools before invoking setup.py, to enable projects that directly
2022-12-27T11:44:39.4533720Z   #   import from `distutils.core` to work with newer packaging standards.
2022-12-27T11:44:39.4534700Z   # - It provides a clear error message when setuptools is not installed.
2022-12-27T11:44:39.4535690Z   # - It sets `sys.argv[0]` to the underlying `setup.py`, when invoking `setup.py` so
2022-12-27T11:44:39.4536630Z   #   setuptools doesn'"'"'t think the script is `-c`. This avoids the following warning:
2022-12-27T11:44:39.4537310Z   #     manifest_maker: standard file '"'"'-c'"'"' not found".
2022-12-27T11:44:39.4537960Z   # - It generates a shim setup.py, for handling setup.cfg-only projects.
2022-12-27T11:44:39.4538290Z   import os, sys, tokenize
2022-12-27T11:44:39.4538520Z   
2022-12-27T11:44:39.4538710Z   try:
2022-12-27T11:44:39.4538880Z       import setuptools
2022-12-27T11:44:39.4539120Z   except ImportError as error:
2022-12-27T11:44:39.4539360Z       print(
2022-12-27T11:44:39.4539610Z           "ERROR: Can not execute `setup.py` since setuptools is not available in "
2022-12-27T11:44:39.4539910Z           "the build environment.",
2022-12-27T11:44:39.4540140Z           file=sys.stderr,
2022-12-27T11:44:39.4540330Z       )
2022-12-27T11:44:39.4540550Z       sys.exit(1)
2022-12-27T11:44:39.4540800Z   
2022-12-27T11:44:39.4540970Z   __file__ = %r
2022-12-27T11:44:39.4541180Z   sys.argv[0] = __file__
2022-12-27T11:44:39.4541390Z   
2022-12-27T11:44:39.4541580Z   if os.path.exists(__file__):
2022-12-27T11:44:39.4541820Z       filename = __file__
2022-12-27T11:44:39.4542060Z       with tokenize.open(__file__) as f:
2022-12-27T11:44:39.4542290Z           setup_py_code = f.read()
2022-12-27T11:44:39.4542520Z   else:
2022-12-27T11:44:39.4543010Z       filename = "<auto-generated setuptools caller>"
2022-12-27T11:44:39.4543280Z       setup_py_code = "from setuptools import setup; setup()"
2022-12-27T11:44:39.4543530Z   
2022-12-27T11:44:39.4544090Z   exec(compile(setup_py_code, filename, "exec"))
2022-12-27T11:44:39.4544810Z   '"'"''"'"''"'"' % ('"'"'/Users/runner/actions-runner/_work/python.build/python.build/build_lxml433310/lxml-4.3.3/setup.py'"'"',), "<pip-setuptools-caller>", "exec"))' bdist_wheel -d /private/var/folders/51/hd414ycd67n82196sw51xqtc0000gn/T/pip-wheel-y7k85puw
2022-12-27T11:44:39.4545440Z   cwd: /Users/runner/actions-runner/_work/python.build/python.build/build_lxml433310/lxml-4.3.3/
2022-12-27T11:44:39.4545890Z   Building wheel for lxml (setup.py): finished with status 'error'
2022-12-27T11:44:39.4546200Z   ERROR: Failed building wheel for lxml
2022-12-27T11:44:39.4546430Z   Running command python setup.py clean
2022-12-27T11:44:39.4546670Z   Running setup.py clean for lxml
2022-12-27T11:44:39.5986510Z   Building lxml version 4.3.3.
2022-12-27T11:44:39.5988310Z   Building without Cython.
2022-12-27T11:44:39.6118720Z   Using build configuration of libxslt 1.1.29
2022-12-27T11:44:39.7163290Z   Building against libxml2/libxslt in the following directory: /Library/Developer/CommandLineTools/SDKs/MacOSX12.1.sdk/usr/lib
2022-12-27T11:44:39.7314160Z   running clean
2022-12-27T11:44:39.7339310Z   removing 'build/temp.macosx-11.0-arm64-cpython-310' (and everything under it)
2022-12-27T11:44:39.7342710Z   removing 'build/lib.macosx-11.0-arm64-cpython-310' (and everything under it)
2022-12-27T11:44:39.7392580Z   'build/bdist.macosx-11.0-arm64' does not exist -- can't clean it
2022-12-27T11:44:39.7394000Z   'build/scripts-3.10' does not exist -- can't clean it
2022-12-27T11:44:39.7395430Z   removing 'build'
2022-12-27T11:44:39.7642990Z Failed to build lxml
2022-12-27T11:44:39.7647660Z ERROR: Failed to build one or more wheels
2022-12-27T11:44:39.7657220Z Exception information:
2022-12-27T11:44:39.7657570Z Traceback (most recent call last):
2022-12-27T11:44:39.7667220Z   File "/private/var/folders/51/hd414ycd67n82196sw51xqtc0000gn/T/cibw-run-7l9w3tza/cp310-macosx_arm64/build/venv/lib/python3.10/site-packages/pip/_internal/cli/base_command.py", line 160, in exc_logging_wrapper
2022-12-27T11:44:39.7667780Z     status = run_func(*args)
2022-12-27T11:44:39.7668430Z   File "/private/var/folders/51/hd414ycd67n82196sw51xqtc0000gn/T/cibw-run-7l9w3tza/cp310-macosx_arm64/build/venv/lib/python3.10/site-packages/pip/_internal/cli/req_command.py", line 247, in wrapper
2022-12-27T11:44:39.7668750Z     return func(self, options, args)
2022-12-27T11:44:39.7669270Z   File "/private/var/folders/51/hd414ycd67n82196sw51xqtc0000gn/T/cibw-run-7l9w3tza/cp310-macosx_arm64/build/venv/lib/python3.10/site-packages/pip/_internal/commands/wheel.py", line 201, in run
2022-12-27T11:44:39.7669760Z     raise CommandError("Failed to build one or more wheels")
2022-12-27T11:44:39.7670030Z pip._internal.exceptions.CommandError: Failed to build one or more wheels
2022-12-27T11:44:39.7670510Z Removed build tracker: '/private/var/folders/51/hd414ycd67n82196sw51xqtc0000gn/T/pip-build-tracker-4r50rwuz'
2022-12-27T11:44:39.8074730Z ##[endgroup]
2022-12-27T11:44:39.8099860Z ##[error]Command ['python', '-m', 'pip', 'wheel', '/Users/runner/actions-runner/_work/python.build/python.build/build_lxml433310/lxml-4.3.3', '--wheel-dir=/private/var/folders/51/hd414ycd67n82196sw51xqtc0000gn/T/cibw-run-7l9w3tza/cp310-macosx_arm64/built_wheel', '--no-deps', '-vvv'] failed with code 1. None
2022-12-27T11:44:39.8105950Z 
2022-12-27T11:44:39.8106310Z                                                               [31m✕ [0m2.50s
2022-12-27T11:44:39.8539070Z ##[error]Process completed with exit code 1.
2022-12-27T11:44:39.8571150Z ##[group]Run rm -rf build_lxml433310 wheelsout
2022-12-27T11:44:39.8571340Z [36;1mrm -rf build_lxml433310 wheelsout[0m
2022-12-27T11:44:39.8586960Z shell: /bin/bash -e {0}
2022-12-27T11:44:39.8587070Z env:
2022-12-27T11:44:39.8587220Z   pythonLocation: /Users/runner/hostedtoolcache/Python/3.10.9/x64
2022-12-27T11:44:39.8587420Z   PKG_CONFIG_PATH: /Users/runner/hostedtoolcache/Python/3.10.9/x64/lib/pkgconfig
2022-12-27T11:44:39.8587610Z   Python_ROOT_DIR: /Users/runner/hostedtoolcache/Python/3.10.9/x64
2022-12-27T11:44:39.8587960Z   Python2_ROOT_DIR: /Users/runner/hostedtoolcache/Python/3.10.9/x64
2022-12-27T11:44:39.8588140Z   Python3_ROOT_DIR: /Users/runner/hostedtoolcache/Python/3.10.9/x64
2022-12-27T11:44:39.8588280Z ##[endgroup]
2022-12-27T11:44:39.9146090Z Cleaning up orphan processes
