2022-12-27T08:55:28.3302692Z Requested labels: self-hosted, macOS, X64
2022-12-27T08:55:28.3302785Z Job defined at: kilnbuild/python.build/.github/workflows/mac_arm_build.yml@refs/heads/main
2022-12-27T08:55:28.3302811Z Waiting for a runner to pick up this job...
2022-12-27T11:33:32.8876374Z Job is about to start running on the runner: kr2 (organization)
2022-12-27T11:33:38.9113860Z Current runner version: '2.300.2'
2022-12-27T11:33:38.9121170Z Runner name: 'kr2'
2022-12-27T11:33:38.9121570Z Runner group name: 'Default'
2022-12-27T11:33:38.9122330Z Machine name: 'kr2'
2022-12-27T11:33:38.9124870Z ##[group]GITHUB_TOKEN Permissions
2022-12-27T11:33:38.9125540Z Actions: write
2022-12-27T11:33:38.9125800Z Checks: write
2022-12-27T11:33:38.9126040Z Contents: write
2022-12-27T11:33:38.9126290Z Deployments: write
2022-12-27T11:33:38.9126620Z Discussions: write
2022-12-27T11:33:38.9126930Z Issues: write
2022-12-27T11:33:38.9127160Z Metadata: read
2022-12-27T11:33:38.9127410Z Packages: write
2022-12-27T11:33:38.9127680Z Pages: write
2022-12-27T11:33:38.9127990Z PullRequests: write
2022-12-27T11:33:38.9128330Z RepositoryProjects: write
2022-12-27T11:33:38.9128660Z SecurityEvents: write
2022-12-27T11:33:38.9128910Z Statuses: write
2022-12-27T11:33:38.9129160Z ##[endgroup]
2022-12-27T11:33:38.9132710Z Secret source: Actions
2022-12-27T11:33:38.9133180Z Prepare workflow directory
2022-12-27T11:33:39.0205880Z Prepare all required actions
2022-12-27T11:33:39.0427360Z Getting action download info
2022-12-27T11:33:39.4860230Z Download action repository 'actions/setup-python@v4' (SHA:5ccb29d8773c3f3f653e1705f474dfaa8a06a912)
2022-12-27T11:33:41.3398950Z Download action repository 'actions/upload-artifact@v3' (SHA:83fd05a356d7e2593de66fc9913b3002723633cb)
2022-12-27T11:33:42.8539040Z ##[group]Run echo '{
2022-12-27T11:33:42.8539640Z [36;1mecho '{[0m
2022-12-27T11:33:42.8540010Z [36;1m  "package_name": "lxml",[0m
2022-12-27T11:33:42.8540490Z [36;1m  "package_url": "https://files.pythonhosted.org/packages/ea/f8/c62f5857ca8274d89932696cb0876dab40385e2293a709a359f92793141e/lxml-2.3.tar.gz",[0m
2022-12-27T11:33:42.8540850Z [36;1m  "package_version": "2.3",[0m
2022-12-27T11:33:42.8541160Z [36;1m  "python_version": "3.8",[0m
2022-12-27T11:33:42.8541450Z [36;1m  "use_ccache": "true"[0m
2022-12-27T11:33:42.8541740Z [36;1m}'[0m
2022-12-27T11:33:42.8571460Z shell: /bin/bash -e {0}
2022-12-27T11:33:42.8571780Z ##[endgroup]
2022-12-27T11:33:42.8949220Z {
2022-12-27T11:33:42.8952080Z   "package_name": "lxml",
2022-12-27T11:33:42.8953260Z   "package_url": "https://files.pythonhosted.org/packages/ea/f8/c62f5857ca8274d89932696cb0876dab40385e2293a709a359f92793141e/lxml-2.3.tar.gz",
2022-12-27T11:33:42.8953930Z   "package_version": "2.3",
2022-12-27T11:33:42.8954430Z   "python_version": "3.8",
2022-12-27T11:33:42.8954730Z   "use_ccache": "true"
2022-12-27T11:33:42.8955030Z }
2022-12-27T11:33:42.9307800Z ##[group]Run actions/setup-python@v4
2022-12-27T11:33:42.9308210Z with:
2022-12-27T11:33:42.9308470Z   python-version: 3.8
2022-12-27T11:33:42.9308790Z   check-latest: false
2022-12-27T11:33:42.9309360Z   token: ***
2022-12-27T11:33:42.9309770Z   update-environment: true
2022-12-27T11:33:42.9310040Z ##[endgroup]
2022-12-27T11:33:43.1466650Z ##[group]Installed versions
2022-12-27T11:33:43.1556010Z Successfully set up CPython (3.8.15)
2022-12-27T11:33:43.1557130Z ##[endgroup]
2022-12-27T11:33:43.1786870Z ##[group]Run if [ "true" == "true" ]
2022-12-27T11:33:43.1787460Z [36;1mif [ "true" == "true" ][0m
2022-12-27T11:33:43.1787730Z [36;1mthen[0m
2022-12-27T11:33:43.1788130Z [36;1m  echo "CCACHE_PATH_PREPEND=/usr/local/opt/ccache/libexec" >> $GITHUB_OUTPUT[0m
2022-12-27T11:33:43.1788520Z [36;1melse[0m
2022-12-27T11:33:43.1788890Z [36;1m  echo "CCACHE_PATH_PREPEND=" >> $GITHUB_OUTPUT[0m
2022-12-27T11:33:43.1789320Z [36;1mfi[0m
2022-12-27T11:33:43.1817020Z shell: /bin/bash -e {0}
2022-12-27T11:33:43.1817290Z env:
2022-12-27T11:33:43.1817790Z   pythonLocation: /Users/runner/hostedtoolcache/Python/3.8.15/x64
2022-12-27T11:33:43.1818250Z   PKG_CONFIG_PATH: /Users/runner/hostedtoolcache/Python/3.8.15/x64/lib/pkgconfig
2022-12-27T11:33:43.1818710Z   Python_ROOT_DIR: /Users/runner/hostedtoolcache/Python/3.8.15/x64
2022-12-27T11:33:43.1819080Z   Python2_ROOT_DIR: /Users/runner/hostedtoolcache/Python/3.8.15/x64
2022-12-27T11:33:43.1819760Z   Python3_ROOT_DIR: /Users/runner/hostedtoolcache/Python/3.8.15/x64
2022-12-27T11:33:43.1820690Z ##[endgroup]
2022-12-27T11:33:43.2101540Z ##[group]Run echo "BUILD_NAME=$(echo lxml_2.3_3.8 | tr -dc '[:alnum:]\n\r' | tr '[:upper:]' '[:lower:]')" >> $GITHUB_OUTPUT
2022-12-27T11:33:43.2102200Z [36;1mecho "BUILD_NAME=$(echo lxml_2.3_3.8 | tr -dc '[:alnum:]\n\r' | tr '[:upper:]' '[:lower:]')" >> $GITHUB_OUTPUT[0m
2022-12-27T11:33:43.2130020Z shell: /bin/bash -e {0}
2022-12-27T11:33:43.2130360Z env:
2022-12-27T11:33:43.2130670Z   pythonLocation: /Users/runner/hostedtoolcache/Python/3.8.15/x64
2022-12-27T11:33:43.2131150Z   PKG_CONFIG_PATH: /Users/runner/hostedtoolcache/Python/3.8.15/x64/lib/pkgconfig
2022-12-27T11:33:43.2131630Z   Python_ROOT_DIR: /Users/runner/hostedtoolcache/Python/3.8.15/x64
2022-12-27T11:33:43.2132140Z   Python2_ROOT_DIR: /Users/runner/hostedtoolcache/Python/3.8.15/x64
2022-12-27T11:33:43.2132590Z   Python3_ROOT_DIR: /Users/runner/hostedtoolcache/Python/3.8.15/x64
2022-12-27T11:33:43.2132980Z ##[endgroup]
2022-12-27T11:33:43.2370440Z ##[group]Run echo "PYTHON_NO_DOTS=$(echo 3.8 | tr -dc '[:alnum:]\n\r' | tr '[:upper:]' '[:lower:]')" >> $GITHUB_OUTPUT
2022-12-27T11:33:43.2371090Z [36;1mecho "PYTHON_NO_DOTS=$(echo 3.8 | tr -dc '[:alnum:]\n\r' | tr '[:upper:]' '[:lower:]')" >> $GITHUB_OUTPUT[0m
2022-12-27T11:33:43.2398210Z shell: /bin/bash -e {0}
2022-12-27T11:33:43.2398520Z env:
2022-12-27T11:33:43.2398810Z   pythonLocation: /Users/runner/hostedtoolcache/Python/3.8.15/x64
2022-12-27T11:33:43.2399250Z   PKG_CONFIG_PATH: /Users/runner/hostedtoolcache/Python/3.8.15/x64/lib/pkgconfig
2022-12-27T11:33:43.2399680Z   Python_ROOT_DIR: /Users/runner/hostedtoolcache/Python/3.8.15/x64
2022-12-27T11:33:43.2400150Z   Python2_ROOT_DIR: /Users/runner/hostedtoolcache/Python/3.8.15/x64
2022-12-27T11:33:43.2400510Z   Python3_ROOT_DIR: /Users/runner/hostedtoolcache/Python/3.8.15/x64
2022-12-27T11:33:43.2400850Z ##[endgroup]
2022-12-27T11:33:43.2628010Z ##[group]Run rm -rf build_lxml2338
2022-12-27T11:33:43.2628660Z [36;1mrm -rf build_lxml2338[0m
2022-12-27T11:33:43.2629100Z [36;1mmkdir build_lxml2338[0m
2022-12-27T11:33:43.2629440Z [36;1mcd build_lxml2338[0m
2022-12-27T11:33:43.2629940Z [36;1m/usr/local/bin/wget --quiet https://files.pythonhosted.org/packages/ea/f8/c62f5857ca8274d89932696cb0876dab40385e2293a709a359f92793141e/lxml-2.3.tar.gz[0m
2022-12-27T11:33:43.2630420Z [36;1mtar xf *.tar.gz[0m
2022-12-27T11:33:43.2630800Z [36;1mcd *[0m
2022-12-27T11:33:43.2631080Z [36;1mpython -m pip install cibuildwheel==2.11.3[0m
2022-12-27T11:33:43.2631500Z [36;1mpython -m cibuildwheel --output-dir ../wheelsout[0m
2022-12-27T11:33:43.2657530Z shell: /bin/bash -e {0}
2022-12-27T11:33:43.2657780Z env:
2022-12-27T11:33:43.2658150Z   pythonLocation: /Users/runner/hostedtoolcache/Python/3.8.15/x64
2022-12-27T11:33:43.2658620Z   PKG_CONFIG_PATH: /Users/runner/hostedtoolcache/Python/3.8.15/x64/lib/pkgconfig
2022-12-27T11:33:43.2660130Z   Python_ROOT_DIR: /Users/runner/hostedtoolcache/Python/3.8.15/x64
2022-12-27T11:33:43.2660520Z   Python2_ROOT_DIR: /Users/runner/hostedtoolcache/Python/3.8.15/x64
2022-12-27T11:33:43.2660980Z   Python3_ROOT_DIR: /Users/runner/hostedtoolcache/Python/3.8.15/x64
2022-12-27T11:33:43.2661370Z   CIBW_ARCHS_MACOS: arm64
2022-12-27T11:33:43.2661640Z   CIBW_TEST_SKIP: *_arm64
2022-12-27T11:33:43.2662030Z   CIBW_BUILD: cp38-macosx_arm64
2022-12-27T11:33:43.2662370Z   CIBW_BUILD_FRONTEND: pip
2022-12-27T11:33:43.2662640Z   CIBW_BUILD_VERBOSITY: 3
2022-12-27T11:33:43.2663380Z   CIBW_ENVIRONMENT_MACOS:  CFLAGS="-I/usr/local/opt/openssl@3/include" LDFLAGS="-L/usr/local/opt/openssl@3/lib" CPPFLAGS="-I/usr/local/opt/openssl@3/include" MAKEFLAGS="-j$(sysctl -n hw.logicalcpu)" PATH=/usr/local/opt/ccache/libexec:$PATH
2022-12-27T11:33:43.2664070Z   CIBW_BEFORE_BUILD: pip install Cython; if [[ -f requirements.txt ]]; then pip install -r requirements.txt; fi
2022-12-27T11:33:43.2664610Z   MAKEFLAGS: -j$(sysctl -n hw.logicalcpu)
2022-12-27T11:33:43.2664900Z ##[endgroup]
2022-12-27T11:33:44.0857960Z Requirement already satisfied: cibuildwheel==2.11.3 in /Users/runner/hostedtoolcache/Python/3.8.15/x64/lib/python3.8/site-packages (2.11.3)
2022-12-27T11:33:44.1467300Z Requirement already satisfied: typing-extensions>=4.1.0 in /Users/runner/hostedtoolcache/Python/3.8.15/x64/lib/python3.8/site-packages (from cibuildwheel==2.11.3) (4.4.0)
2022-12-27T11:33:44.1471420Z Requirement already satisfied: filelock in /Users/runner/hostedtoolcache/Python/3.8.15/x64/lib/python3.8/site-packages (from cibuildwheel==2.11.3) (3.8.2)
2022-12-27T11:33:44.1479410Z Requirement already satisfied: bashlex!=0.13 in /Users/runner/hostedtoolcache/Python/3.8.15/x64/lib/python3.8/site-packages (from cibuildwheel==2.11.3) (0.16)
2022-12-27T11:33:44.1484650Z Requirement already satisfied: platformdirs in /Users/runner/hostedtoolcache/Python/3.8.15/x64/lib/python3.8/site-packages (from cibuildwheel==2.11.3) (2.6.0)
2022-12-27T11:33:44.1490780Z Requirement already satisfied: bracex in /Users/runner/hostedtoolcache/Python/3.8.15/x64/lib/python3.8/site-packages (from cibuildwheel==2.11.3) (2.3.post1)
2022-12-27T11:33:44.1503440Z Requirement already satisfied: tomli in /Users/runner/hostedtoolcache/Python/3.8.15/x64/lib/python3.8/site-packages (from cibuildwheel==2.11.3) (2.0.1)
2022-12-27T11:33:44.1508880Z Requirement already satisfied: certifi in /Users/runner/hostedtoolcache/Python/3.8.15/x64/lib/python3.8/site-packages (from cibuildwheel==2.11.3) (2022.12.7)
2022-12-27T11:33:44.1518150Z Requirement already satisfied: packaging>=20.9 in /Users/runner/hostedtoolcache/Python/3.8.15/x64/lib/python3.8/site-packages (from cibuildwheel==2.11.3) (22.0)
2022-12-27T11:33:44.4522160Z 
2022-12-27T11:33:44.4523990Z      _ _       _ _   _       _           _
2022-12-27T11:33:44.4525860Z  ___|_| |_ _ _|_| |_| |_ _ _| |_ ___ ___| |
2022-12-27T11:33:44.4528250Z |  _| | . | | | | | . | | | |   | -_| -_| |
2022-12-27T11:33:44.4529230Z |___|_|___|___|_|_|___|_____|_|_|___|___|_|
2022-12-27T11:33:44.4531250Z 
2022-12-27T11:33:44.4531630Z cibuildwheel version 2.11.3
2022-12-27T11:33:44.4531920Z 
2022-12-27T11:33:44.4532080Z Build options:
2022-12-27T11:33:44.4532550Z   platform: macos
2022-12-27T11:33:44.4694220Z   architectures: arm64[0m
2022-12-27T11:33:44.4695100Z   build_selector: 
2022-12-27T11:33:44.4697230Z     build_config: cp38-macosx_arm64
2022-12-27T11:33:44.4698050Z     skip_config: 
2022-12-27T11:33:44.4699730Z     requires_python: None
2022-12-27T11:33:44.4700120Z     prerelease_pythons: False[0m
2022-12-27T11:33:44.4700580Z   [38;5;244mcontainer_engine: docker[0m
2022-12-27T11:33:44.4701160Z   output_dir: /Users/runner/actions-runner/_work/python.build/python.build/build_lxml2338/wheelsout[0m
2022-12-27T11:33:44.4703250Z   package_dir: /Users/runner/actions-runner/_work/python.build/python.build/build_lxml2338/lxml-2.3[0m
2022-12-27T11:33:44.4704330Z   test_selector: 
2022-12-27T11:33:44.4705130Z     skip_config: *_arm64[0m
2022-12-27T11:33:44.4705620Z   [38;5;244mbefore_all: [0m
2022-12-27T11:33:44.4706170Z   before_build: pip install Cython; if [[ -f requirements.txt ]]; then pip install -r requirements.txt; fi[0m
2022-12-27T11:33:44.4707090Z   [38;5;244mbefore_test: [0m
2022-12-27T11:33:44.4707580Z   [38;5;244mbuild_frontend: pip[0m
2022-12-27T11:33:44.4708060Z   build_verbosity: 3[0m
2022-12-27T11:33:44.4708520Z   [38;5;244mconfig_settings: [0m
2022-12-27T11:33:44.4709040Z   [38;5;244mdependency_constraints: pinned[0m
2022-12-27T11:33:44.4709600Z   environment: 
2022-12-27T11:33:44.4710280Z     CFLAGS="-I/usr/local/opt/openssl@3/include"
2022-12-27T11:33:44.4710830Z     LDFLAGS="-L/usr/local/opt/openssl@3/lib"
2022-12-27T11:33:44.4711350Z     CPPFLAGS="-I/usr/local/opt/openssl@3/include"
2022-12-27T11:33:44.4711790Z     MAKEFLAGS="-j$(sysctl -n hw.logicalcpu)"
2022-12-27T11:33:44.4712500Z     PATH=/usr/local/opt/ccache/libexec:$PATH[0m
2022-12-27T11:33:44.4713050Z   [38;5;244mmanylinux_images: None[0m
2022-12-27T11:33:44.4713470Z   [38;5;244mmusllinux_images: None[0m
2022-12-27T11:33:44.4714090Z   [38;5;244mrepair_command: delocate-wheel --require-archs {delocate_archs} -w {dest_dir} -v {wheel}[0m
2022-12-27T11:33:44.4714780Z   [38;5;244mtest_command: [0m
2022-12-27T11:33:44.4716030Z   [38;5;244mtest_extras: [0m
2022-12-27T11:33:44.4716500Z   [38;5;244mtest_requires: [0m
2022-12-27T11:33:44.4716720Z 
2022-12-27T11:33:44.4716940Z Cache folder: /Users/runner/Library/Caches/cibuildwheel
2022-12-27T11:33:44.4724360Z 
2022-12-27T11:33:44.4725090Z Here we go!
2022-12-27T11:33:44.4725590Z 
2022-12-27T11:33:44.4826090Z 
2022-12-27T11:33:44.4827350Z [1m[34mBuilding cp38-macosx_arm64 wheel[0m
2022-12-27T11:33:44.4828300Z CPython 3.8 macOS arm64 - Apple Silicon
2022-12-27T11:33:44.4828580Z 
2022-12-27T11:33:44.4833840Z ##[group]Installing Python cp38...
2022-12-27T11:33:44.4834410Z 
2022-12-27T11:33:44.4835140Z + pkgutil --pkgs
2022-12-27T11:33:44.5036440Z ##[endgroup]
2022-12-27T11:33:44.5039780Z                                                               [32mâœ“ [0m0.02s
2022-12-27T11:33:44.5040510Z ##[group]Setting up build environment...
2022-12-27T11:33:44.5040740Z 
2022-12-27T11:33:44.5070890Z + /Users/runner/hostedtoolcache/Python/3.8.15/x64/bin/python -sS /Users/runner/Library/Caches/cibuildwheel/virtualenv-20.17.0.pyz --activators= --no-periodic-update --pip=22.3.1 --setuptools=65.6.3 --wheel=0.38.4 --symlink-app-data --python /Library/Frameworks/Python.framework/Versions/3.8/bin/python3 /private/var/folders/51/hd414ycd67n82196sw51xqtc0000gn/T/cibw-run-6shtqmjg/cp38-macosx_arm64/build/venv
2022-12-27T11:33:44.8087060Z created virtual environment CPython3.8.10.final.0-64 in 73ms
2022-12-27T11:33:44.8088020Z   creator CPython3Posix(dest=/private/var/folders/51/hd414ycd67n82196sw51xqtc0000gn/T/cibw-run-6shtqmjg/cp38-macosx_arm64/build/venv, clear=False, no_vcs_ignore=False, global=False)
2022-12-27T11:33:44.8089220Z   seeder FromAppData(download=False, pip=22.3.1, setuptools=65.6.3, wheel=0.38.4, via=symlink, app_data_dir=/Users/runner/Library/Application Support/virtualenv)
2022-12-27T11:33:44.8089900Z     added seed packages: pip==22.3.1, setuptools==65.6.3, wheel==0.38.4
2022-12-27T11:33:44.8298920Z + python -m pip install --upgrade pip -c /Users/runner/hostedtoolcache/Python/3.8.15/x64/lib/python3.8/site-packages/cibuildwheel/resources/constraints-python38.txt
2022-12-27T11:33:45.3645590Z Requirement already satisfied: pip in ./lib/python3.8/site-packages (22.3.1)
2022-12-27T11:33:45.6381550Z + which pip
2022-12-27T11:33:45.6419850Z /private/var/folders/51/hd414ycd67n82196sw51xqtc0000gn/T/cibw-run-6shtqmjg/cp38-macosx_arm64/build/venv/bin/pip
2022-12-27T11:33:45.6427220Z + pip --version
2022-12-27T11:33:46.0266790Z pip 22.3.1 from /private/var/folders/51/hd414ycd67n82196sw51xqtc0000gn/T/cibw-run-6shtqmjg/cp38-macosx_arm64/build/venv/lib/python3.8/site-packages/pip (python 3.8)
2022-12-27T11:33:46.0758090Z + which pip
2022-12-27T11:33:46.0810750Z + which python
2022-12-27T11:33:46.0848980Z /private/var/folders/51/hd414ycd67n82196sw51xqtc0000gn/T/cibw-run-6shtqmjg/cp38-macosx_arm64/build/venv/bin/python
2022-12-27T11:33:46.0852910Z + python --version
2022-12-27T11:33:46.0938930Z Python 3.8.10
2022-12-27T11:33:46.0947430Z + which python
2022-12-27T11:33:46.1075750Z ##[endgroup]
2022-12-27T11:33:46.1078430Z                                                               [32mâœ“ [0m1.60s
2022-12-27T11:33:46.1080120Z ##[group]Installing build tools...
2022-12-27T11:33:46.1080550Z 
2022-12-27T11:33:46.1081630Z + pip install --upgrade setuptools wheel delocate -c /Users/runner/hostedtoolcache/Python/3.8.15/x64/lib/python3.8/site-packages/cibuildwheel/resources/constraints-python38.txt
2022-12-27T11:33:46.6211230Z Requirement already satisfied: setuptools in /private/var/folders/51/hd414ycd67n82196sw51xqtc0000gn/T/cibw-run-6shtqmjg/cp38-macosx_arm64/build/venv/lib/python3.8/site-packages (65.6.3)
2022-12-27T11:33:47.0140950Z Requirement already satisfied: wheel in /private/var/folders/51/hd414ycd67n82196sw51xqtc0000gn/T/cibw-run-6shtqmjg/cp38-macosx_arm64/build/venv/lib/python3.8/site-packages (0.38.4)
2022-12-27T11:33:47.0964400Z Collecting delocate
2022-12-27T11:33:47.1013610Z   Using cached delocate-0.10.3-py3-none-any.whl (142 kB)
2022-12-27T11:33:47.1590740Z Collecting packaging>=20.9
2022-12-27T11:33:47.1644210Z   Using cached packaging-21.3-py3-none-any.whl (40 kB)
2022-12-27T11:33:47.1972080Z Collecting typing-extensions
2022-12-27T11:33:47.2027200Z   Using cached typing_extensions-4.4.0-py3-none-any.whl (26 kB)
2022-12-27T11:33:47.2736710Z Collecting pyparsing!=3.0.5,>=2.0.2
2022-12-27T11:33:47.2778990Z   Using cached pyparsing-3.0.9-py3-none-any.whl (98 kB)
2022-12-27T11:33:47.3490380Z Installing collected packages: typing-extensions, pyparsing, packaging, delocate
2022-12-27T11:33:47.5743170Z Successfully installed delocate-0.10.3 packaging-21.3 pyparsing-3.0.9 typing-extensions-4.4.0
2022-12-27T11:33:47.6732320Z ##[endgroup]
2022-12-27T11:33:47.6733380Z                                                               [32mâœ“ [0m1.57s
2022-12-27T11:33:47.6734440Z ##[group]Running before_build...
2022-12-27T11:33:47.6734730Z 
2022-12-27T11:33:47.6745460Z + pip install Cython; if [[ -f requirements.txt ]]; then pip install -r requirements.txt; fi
2022-12-27T11:33:48.8883340Z Collecting Cython
2022-12-27T11:33:48.8972400Z   Using cached Cython-0.29.32-py2.py3-none-any.whl (986 kB)
2022-12-27T11:33:48.9844640Z Installing collected packages: Cython
2022-12-27T11:33:49.7576800Z Successfully installed Cython-0.29.32
2022-12-27T11:33:49.8615760Z ##[endgroup]
2022-12-27T11:33:49.8616990Z                                                               [32mâœ“ [0m2.19s
2022-12-27T11:33:49.8618450Z ##[group]Building wheel...
2022-12-27T11:33:49.8618810Z 
2022-12-27T11:33:49.8625390Z + python -m pip wheel /Users/runner/actions-runner/_work/python.build/python.build/build_lxml2338/lxml-2.3 --wheel-dir=/private/var/folders/51/hd414ycd67n82196sw51xqtc0000gn/T/cibw-run-6shtqmjg/cp38-macosx_arm64/built_wheel --no-deps -vvv
2022-12-27T11:33:50.3667930Z Created temporary directory: /private/var/folders/51/hd414ycd67n82196sw51xqtc0000gn/T/pip-ephem-wheel-cache-oik5g0f6
2022-12-27T11:33:50.3673230Z Created temporary directory: /private/var/folders/51/hd414ycd67n82196sw51xqtc0000gn/T/pip-build-tracker-42kqy6h7
2022-12-27T11:33:50.3675070Z Initialized build tracking at /private/var/folders/51/hd414ycd67n82196sw51xqtc0000gn/T/pip-build-tracker-42kqy6h7
2022-12-27T11:33:50.3678220Z Created build tracker: /private/var/folders/51/hd414ycd67n82196sw51xqtc0000gn/T/pip-build-tracker-42kqy6h7
2022-12-27T11:33:50.3680750Z Entered build tracker: /private/var/folders/51/hd414ycd67n82196sw51xqtc0000gn/T/pip-build-tracker-42kqy6h7
2022-12-27T11:33:50.3687410Z Created temporary directory: /private/var/folders/51/hd414ycd67n82196sw51xqtc0000gn/T/pip-wheel-l98pqvyk
2022-12-27T11:33:50.3700630Z Created temporary directory: /private/var/folders/51/hd414ycd67n82196sw51xqtc0000gn/T/pip-ephem-wheel-cache-_gberc12
2022-12-27T11:33:50.3858040Z Processing /Users/runner/actions-runner/_work/python.build/python.build/build_lxml2338/lxml-2.3
2022-12-27T11:33:50.3865510Z   Added file:///Users/runner/actions-runner/_work/python.build/python.build/build_lxml2338/lxml-2.3 to build tracker '/private/var/folders/51/hd414ycd67n82196sw51xqtc0000gn/T/pip-build-tracker-42kqy6h7'
2022-12-27T11:33:50.3873110Z   Running setup.py (path:/Users/runner/actions-runner/_work/python.build/python.build/build_lxml2338/lxml-2.3/setup.py) egg_info for package from file:///Users/runner/actions-runner/_work/python.build/python.build/build_lxml2338/lxml-2.3
2022-12-27T11:33:50.3879070Z   Created temporary directory: /private/var/folders/51/hd414ycd67n82196sw51xqtc0000gn/T/pip-pip-egg-info-g2l6xbdu
2022-12-27T11:33:50.3882350Z   Preparing metadata (setup.py): started
2022-12-27T11:33:50.3885970Z   Running command python setup.py egg_info
2022-12-27T11:33:51.1046590Z   Building lxml version 2.3.
2022-12-27T11:33:51.1047700Z   Building with Cython 0.29.32.
2022-12-27T11:33:51.1049900Z   Using build configuration of libxslt 1.1.29
2022-12-27T11:33:51.1051950Z   Building against libxml2/libxslt in the following directory: /Library/Developer/CommandLineTools/SDKs/MacOSX12.1.sdk/usr/lib
2022-12-27T11:33:51.1054600Z   running egg_info
2022-12-27T11:33:51.1059120Z   creating /private/var/folders/51/hd414ycd67n82196sw51xqtc0000gn/T/pip-pip-egg-info-g2l6xbdu/lxml.egg-info
2022-12-27T11:33:51.1061610Z   writing /private/var/folders/51/hd414ycd67n82196sw51xqtc0000gn/T/pip-pip-egg-info-g2l6xbdu/lxml.egg-info/PKG-INFO
2022-12-27T11:33:51.1070240Z   writing dependency_links to /private/var/folders/51/hd414ycd67n82196sw51xqtc0000gn/T/pip-pip-egg-info-g2l6xbdu/lxml.egg-info/dependency_links.txt
2022-12-27T11:33:51.1077330Z   writing top-level names to /private/var/folders/51/hd414ycd67n82196sw51xqtc0000gn/T/pip-pip-egg-info-g2l6xbdu/lxml.egg-info/top_level.txt
2022-12-27T11:33:51.1085620Z   writing manifest file '/private/var/folders/51/hd414ycd67n82196sw51xqtc0000gn/T/pip-pip-egg-info-g2l6xbdu/lxml.egg-info/SOURCES.txt'
2022-12-27T11:33:51.1219000Z   reading manifest file '/private/var/folders/51/hd414ycd67n82196sw51xqtc0000gn/T/pip-pip-egg-info-g2l6xbdu/lxml.egg-info/SOURCES.txt'
2022-12-27T11:33:51.1225270Z   reading manifest template 'MANIFEST.in'
2022-12-27T11:33:51.3317070Z   adding license file 'LICENSES.txt'
2022-12-27T11:33:51.3464500Z   writing manifest file '/private/var/folders/51/hd414ycd67n82196sw51xqtc0000gn/T/pip-pip-egg-info-g2l6xbdu/lxml.egg-info/SOURCES.txt'
2022-12-27T11:33:51.4002730Z   Preparing metadata (setup.py): finished with status 'done'
2022-12-27T11:33:51.4050480Z   Source in /Users/runner/actions-runner/_work/python.build/python.build/build_lxml2338/lxml-2.3 has version 2.3, which satisfies requirement lxml==2.3 from file:///Users/runner/actions-runner/_work/python.build/python.build/build_lxml2338/lxml-2.3
2022-12-27T11:33:51.4053730Z   Removed lxml==2.3 from file:///Users/runner/actions-runner/_work/python.build/python.build/build_lxml2338/lxml-2.3 from build tracker '/private/var/folders/51/hd414ycd67n82196sw51xqtc0000gn/T/pip-build-tracker-42kqy6h7'
2022-12-27T11:33:51.4304980Z Created temporary directory: /private/var/folders/51/hd414ycd67n82196sw51xqtc0000gn/T/pip-unpack-tk3c7hv_
2022-12-27T11:33:51.4306680Z Building wheels for collected packages: lxml
2022-12-27T11:33:51.4319130Z   Created temporary directory: /private/var/folders/51/hd414ycd67n82196sw51xqtc0000gn/T/pip-wheel-43vzusfw
2022-12-27T11:33:51.4320850Z   Building wheel for lxml (setup.py): started
2022-12-27T11:33:51.4324280Z   Destination directory: /private/var/folders/51/hd414ycd67n82196sw51xqtc0000gn/T/pip-wheel-43vzusfw
2022-12-27T11:33:51.4327240Z   Running command python setup.py bdist_wheel
2022-12-27T11:33:51.9078810Z   Building lxml version 2.3.
2022-12-27T11:33:51.9080860Z   Building with Cython 0.29.32.
2022-12-27T11:33:51.9325120Z   Using build configuration of libxslt 1.1.29
2022-12-27T11:33:52.1181110Z   Building against libxml2/libxslt in the following directory: /Library/Developer/CommandLineTools/SDKs/MacOSX12.1.sdk/usr/lib
2022-12-27T11:33:52.1628270Z   running bdist_wheel
2022-12-27T11:33:52.1700860Z   running build
2022-12-27T11:33:52.1703370Z   running build_py
2022-12-27T11:33:52.1740520Z   creating build
2022-12-27T11:33:52.1743640Z   creating build/lib.macosx-11.0-arm64-cpython-38
2022-12-27T11:33:52.1747550Z   creating build/lib.macosx-11.0-arm64-cpython-38/lxml
2022-12-27T11:33:52.1750540Z   copying src/lxml/_elementpath.py -> build/lib.macosx-11.0-arm64-cpython-38/lxml
2022-12-27T11:33:52.1752520Z   copying src/lxml/sax.py -> build/lib.macosx-11.0-arm64-cpython-38/lxml
2022-12-27T11:33:52.1755930Z   copying src/lxml/pyclasslookup.py -> build/lib.macosx-11.0-arm64-cpython-38/lxml
2022-12-27T11:33:52.1758330Z   copying src/lxml/__init__.py -> build/lib.macosx-11.0-arm64-cpython-38/lxml
2022-12-27T11:33:52.1764250Z   copying src/lxml/builder.py -> build/lib.macosx-11.0-arm64-cpython-38/lxml
2022-12-27T11:33:52.1772970Z   copying src/lxml/doctestcompare.py -> build/lib.macosx-11.0-arm64-cpython-38/lxml
2022-12-27T11:33:52.1776470Z   copying src/lxml/usedoctest.py -> build/lib.macosx-11.0-arm64-cpython-38/lxml
2022-12-27T11:33:52.1779830Z   copying src/lxml/cssselect.py -> build/lib.macosx-11.0-arm64-cpython-38/lxml
2022-12-27T11:33:52.1783200Z   copying src/lxml/ElementInclude.py -> build/lib.macosx-11.0-arm64-cpython-38/lxml
2022-12-27T11:33:52.1799560Z   creating build/lib.macosx-11.0-arm64-cpython-38/lxml/html
2022-12-27T11:33:52.1803590Z   copying src/lxml/html/soupparser.py -> build/lib.macosx-11.0-arm64-cpython-38/lxml/html
2022-12-27T11:33:52.1808050Z   copying src/lxml/html/defs.py -> build/lib.macosx-11.0-arm64-cpython-38/lxml/html
2022-12-27T11:33:52.1812380Z   copying src/lxml/html/_setmixin.py -> build/lib.macosx-11.0-arm64-cpython-38/lxml/html
2022-12-27T11:33:52.1814380Z   copying src/lxml/html/clean.py -> build/lib.macosx-11.0-arm64-cpython-38/lxml/html
2022-12-27T11:33:52.1817970Z   copying src/lxml/html/_diffcommand.py -> build/lib.macosx-11.0-arm64-cpython-38/lxml/html
2022-12-27T11:33:52.1828990Z   copying src/lxml/html/html5parser.py -> build/lib.macosx-11.0-arm64-cpython-38/lxml/html
2022-12-27T11:33:52.1832810Z   copying src/lxml/html/__init__.py -> build/lib.macosx-11.0-arm64-cpython-38/lxml/html
2022-12-27T11:33:52.1837190Z   copying src/lxml/html/formfill.py -> build/lib.macosx-11.0-arm64-cpython-38/lxml/html
2022-12-27T11:33:52.1841200Z   copying src/lxml/html/builder.py -> build/lib.macosx-11.0-arm64-cpython-38/lxml/html
2022-12-27T11:33:52.1847230Z   copying src/lxml/html/ElementSoup.py -> build/lib.macosx-11.0-arm64-cpython-38/lxml/html
2022-12-27T11:33:52.1850480Z   copying src/lxml/html/_html5builder.py -> build/lib.macosx-11.0-arm64-cpython-38/lxml/html
2022-12-27T11:33:52.1855210Z   copying src/lxml/html/usedoctest.py -> build/lib.macosx-11.0-arm64-cpython-38/lxml/html
2022-12-27T11:33:52.1992150Z   copying src/lxml/html/diff.py -> build/lib.macosx-11.0-arm64-cpython-38/lxml/html
2022-12-27T11:33:52.1993560Z   copying src/lxml/html/_dictmixin.py -> build/lib.macosx-11.0-arm64-cpython-38/lxml/html
2022-12-27T11:33:52.1994870Z   creating build/lib.macosx-11.0-arm64-cpython-38/lxml/isoschematron
2022-12-27T11:33:52.1995820Z   copying src/lxml/isoschematron/__init__.py -> build/lib.macosx-11.0-arm64-cpython-38/lxml/isoschematron
2022-12-27T11:33:52.1996470Z   creating build/lib.macosx-11.0-arm64-cpython-38/lxml/isoschematron/resources
2022-12-27T11:33:52.1997370Z   creating build/lib.macosx-11.0-arm64-cpython-38/lxml/isoschematron/resources/rng
2022-12-27T11:33:52.1998200Z   copying src/lxml/isoschematron/resources/rng/iso-schematron.rng -> build/lib.macosx-11.0-arm64-cpython-38/lxml/isoschematron/resources/rng
2022-12-27T11:33:52.1998980Z   creating build/lib.macosx-11.0-arm64-cpython-38/lxml/isoschematron/resources/xsl
2022-12-27T11:33:52.1999760Z   copying src/lxml/isoschematron/resources/xsl/XSD2Schtrn.xsl -> build/lib.macosx-11.0-arm64-cpython-38/lxml/isoschematron/resources/xsl
2022-12-27T11:33:52.2000690Z   copying src/lxml/isoschematron/resources/xsl/RNG2Schtrn.xsl -> build/lib.macosx-11.0-arm64-cpython-38/lxml/isoschematron/resources/xsl
2022-12-27T11:33:52.2001900Z   creating build/lib.macosx-11.0-arm64-cpython-38/lxml/isoschematron/resources/xsl/iso-schematron-xslt1
2022-12-27T11:33:52.2002800Z   copying src/lxml/isoschematron/resources/xsl/iso-schematron-xslt1/iso_abstract_expand.xsl -> build/lib.macosx-11.0-arm64-cpython-38/lxml/isoschematron/resources/xsl/iso-schematron-xslt1
2022-12-27T11:33:52.2003780Z   copying src/lxml/isoschematron/resources/xsl/iso-schematron-xslt1/iso_dsdl_include.xsl -> build/lib.macosx-11.0-arm64-cpython-38/lxml/isoschematron/resources/xsl/iso-schematron-xslt1
2022-12-27T11:33:52.2004700Z   copying src/lxml/isoschematron/resources/xsl/iso-schematron-xslt1/iso_schematron_skeleton_for_xslt1.xsl -> build/lib.macosx-11.0-arm64-cpython-38/lxml/isoschematron/resources/xsl/iso-schematron-xslt1
2022-12-27T11:33:52.2005690Z   copying src/lxml/isoschematron/resources/xsl/iso-schematron-xslt1/iso_svrl_for_xslt1.xsl -> build/lib.macosx-11.0-arm64-cpython-38/lxml/isoschematron/resources/xsl/iso-schematron-xslt1
2022-12-27T11:33:52.2006670Z   copying src/lxml/isoschematron/resources/xsl/iso-schematron-xslt1/iso_schematron_message.xsl -> build/lib.macosx-11.0-arm64-cpython-38/lxml/isoschematron/resources/xsl/iso-schematron-xslt1
2022-12-27T11:33:52.2008390Z   copying src/lxml/isoschematron/resources/xsl/iso-schematron-xslt1/readme.txt -> build/lib.macosx-11.0-arm64-cpython-38/lxml/isoschematron/resources/xsl/iso-schematron-xslt1
2022-12-27T11:33:52.2008870Z   running build_ext
2022-12-27T11:33:52.2792240Z   skipping 'src/lxml/lxml.etree.c' Cython extension (up-to-date)
2022-12-27T11:33:52.2793440Z   skipping 'src/lxml/lxml.objectify.c' Cython extension (up-to-date)
2022-12-27T11:33:52.2794160Z   building 'lxml.etree' extension
2022-12-27T11:33:52.2796030Z   creating build/temp.macosx-11.0-arm64-cpython-38
2022-12-27T11:33:52.2800000Z   creating build/temp.macosx-11.0-arm64-cpython-38/src
2022-12-27T11:33:52.2802390Z   creating build/temp.macosx-11.0-arm64-cpython-38/src/lxml
2022-12-27T11:33:52.2806870Z   gcc -Wno-unused-result -Wsign-compare -Wunreachable-code -fno-common -dynamic -DNDEBUG -g -fwrapv -O3 -Wall -g -I/usr/local/opt/openssl@3/include -I/usr/local/opt/openssl@3/include -arch arm64 -I/Library/Developer/CommandLineTools/SDKs/MacOSX12.1.sdk/usr/include -I/private/var/folders/51/hd414ycd67n82196sw51xqtc0000gn/T/cibw-run-6shtqmjg/cp38-macosx_arm64/build/venv/include -I/Library/Frameworks/Python.framework/Versions/3.8/include/python3.8 -c src/lxml/lxml.etree.c -o build/temp.macosx-11.0-arm64-cpython-38/src/lxml/lxml.etree.o -w -flat_namespace
2022-12-27T11:33:53.5266990Z   src/lxml/lxml.etree.c:160383:24: error: no member named 'exc_type' in 'struct _ts'
2022-12-27T11:33:53.5268760Z       tmp_type = tstate->exc_type;
2022-12-27T11:33:53.5269970Z                  ~~~~~~  ^
2022-12-27T11:33:53.5274920Z   src/lxml/lxml.etree.c:160384:25: error: no member named 'exc_value' in 'struct _ts'; did you mean 'curexc_value'?
2022-12-27T11:33:53.5276770Z       tmp_value = tstate->exc_value;
2022-12-27T11:33:53.5281590Z                           ^~~~~~~~~
2022-12-27T11:33:53.5282880Z                           curexc_value
2022-12-27T11:33:53.5287840Z   /Library/Frameworks/Python.framework/Versions/3.8/include/python3.8/cpython/pystate.h:80:15: note: 'curexc_value' declared here
2022-12-27T11:33:53.5289740Z       PyObject *curexc_value;
2022-12-27T11:33:53.5293600Z                 ^
2022-12-27T11:33:53.5297960Z   src/lxml/lxml.etree.c:160385:22: error: no member named 'exc_traceback' in 'struct _ts'; did you mean 'curexc_traceback'?
2022-12-27T11:33:53.5300480Z       tmp_tb = tstate->exc_traceback;
2022-12-27T11:33:53.5304290Z                        ^~~~~~~~~~~~~
2022-12-27T11:33:53.5307170Z                        curexc_traceback
2022-12-27T11:33:53.5310690Z   /Library/Frameworks/Python.framework/Versions/3.8/include/python3.8/cpython/pystate.h:81:15: note: 'curexc_traceback' declared here
2022-12-27T11:33:53.5314500Z       PyObject *curexc_traceback;
2022-12-27T11:33:53.5317320Z                 ^
2022-12-27T11:33:53.5320850Z   src/lxml/lxml.etree.c:160386:13: error: no member named 'exc_type' in 'struct _ts'
2022-12-27T11:33:53.5324860Z       tstate->exc_type = local_type;
2022-12-27T11:33:53.5327560Z       ~~~~~~  ^
2022-12-27T11:33:53.5331270Z   src/lxml/lxml.etree.c:160387:13: error: no member named 'exc_value' in 'struct _ts'; did you mean 'curexc_value'?
2022-12-27T11:33:53.5335140Z       tstate->exc_value = local_value;
2022-12-27T11:33:53.5338060Z               ^~~~~~~~~
2022-12-27T11:33:53.5341090Z               curexc_value
2022-12-27T11:33:53.5345890Z   /Library/Frameworks/Python.framework/Versions/3.8/include/python3.8/cpython/pystate.h:80:15: note: 'curexc_value' declared here
2022-12-27T11:33:53.5347490Z       PyObject *curexc_value;
2022-12-27T11:33:53.5351170Z                 ^
2022-12-27T11:33:53.5353970Z   src/lxml/lxml.etree.c:160388:13: error: no member named 'exc_traceback' in 'struct _ts'; did you mean 'curexc_traceback'?
2022-12-27T11:33:53.5356790Z       tstate->exc_traceback = local_tb;
2022-12-27T11:33:53.5358800Z               ^~~~~~~~~~~~~
2022-12-27T11:33:53.5362370Z               curexc_traceback
2022-12-27T11:33:53.5365390Z   /Library/Frameworks/Python.framework/Versions/3.8/include/python3.8/cpython/pystate.h:81:15: note: 'curexc_traceback' declared here
2022-12-27T11:33:53.5367640Z       PyObject *curexc_traceback;
2022-12-27T11:33:53.5370470Z                 ^
2022-12-27T11:33:53.5373780Z   src/lxml/lxml.etree.c:160552:21: error: no member named 'exc_type' in 'struct _ts'
2022-12-27T11:33:53.5376310Z       *type = tstate->exc_type;
2022-12-27T11:33:53.5378790Z               ~~~~~~  ^
2022-12-27T11:33:53.5381920Z   src/lxml/lxml.etree.c:160553:22: error: no member named 'exc_value' in 'struct _ts'; did you mean 'curexc_value'?
2022-12-27T11:33:53.5384540Z       *value = tstate->exc_value;
2022-12-27T11:33:53.5387420Z                        ^~~~~~~~~
2022-12-27T11:33:53.5390000Z                        curexc_value
2022-12-27T11:33:53.5393490Z   /Library/Frameworks/Python.framework/Versions/3.8/include/python3.8/cpython/pystate.h:80:15: note: 'curexc_value' declared here
2022-12-27T11:33:53.5396050Z       PyObject *curexc_value;
2022-12-27T11:33:53.5398810Z                 ^
2022-12-27T11:33:53.5401910Z   src/lxml/lxml.etree.c:160554:19: error: no member named 'exc_traceback' in 'struct _ts'; did you mean 'curexc_traceback'?
2022-12-27T11:33:53.5404550Z       *tb = tstate->exc_traceback;
2022-12-27T11:33:53.5407150Z                     ^~~~~~~~~~~~~
2022-12-27T11:33:53.5409950Z                     curexc_traceback
2022-12-27T11:33:53.5413460Z   /Library/Frameworks/Python.framework/Versions/3.8/include/python3.8/cpython/pystate.h:81:15: note: 'curexc_traceback' declared here
2022-12-27T11:33:53.5415910Z       PyObject *curexc_traceback;
2022-12-27T11:33:53.5418610Z                 ^
2022-12-27T11:33:53.5421740Z   src/lxml/lxml.etree.c:160563:24: error: no member named 'exc_type' in 'struct _ts'
2022-12-27T11:33:53.5424360Z       tmp_type = tstate->exc_type;
2022-12-27T11:33:53.5427290Z                  ~~~~~~  ^
2022-12-27T11:33:53.5431150Z   src/lxml/lxml.etree.c:160564:25: error: no member named 'exc_value' in 'struct _ts'; did you mean 'curexc_value'?
2022-12-27T11:33:53.5434700Z       tmp_value = tstate->exc_value;
2022-12-27T11:33:53.5436210Z                           ^~~~~~~~~
2022-12-27T11:33:53.5440290Z                           curexc_value
2022-12-27T11:33:53.5444650Z   /Library/Frameworks/Python.framework/Versions/3.8/include/python3.8/cpython/pystate.h:80:15: note: 'curexc_value' declared here
2022-12-27T11:33:53.5446390Z       PyObject *curexc_value;
2022-12-27T11:33:53.5449450Z                 ^
2022-12-27T11:33:53.5452870Z   src/lxml/lxml.etree.c:160565:22: error: no member named 'exc_traceback' in 'struct _ts'; did you mean 'curexc_traceback'?
2022-12-27T11:33:53.5455820Z       tmp_tb = tstate->exc_traceback;
2022-12-27T11:33:53.5458730Z                        ^~~~~~~~~~~~~
2022-12-27T11:33:53.5462020Z                        curexc_traceback
2022-12-27T11:33:53.5465830Z   /Library/Frameworks/Python.framework/Versions/3.8/include/python3.8/cpython/pystate.h:81:15: note: 'curexc_traceback' declared here
2022-12-27T11:33:53.5469260Z       PyObject *curexc_traceback;
2022-12-27T11:33:53.5471890Z                 ^
2022-12-27T11:33:53.5475460Z   src/lxml/lxml.etree.c:160566:13: error: no member named 'exc_type' in 'struct _ts'
2022-12-27T11:33:53.5478620Z       tstate->exc_type = type;
2022-12-27T11:33:53.5482130Z       ~~~~~~  ^
2022-12-27T11:33:53.5486960Z   src/lxml/lxml.etree.c:160567:13: error: no member named 'exc_value' in 'struct _ts'; did you mean 'curexc_value'?
2022-12-27T11:33:53.5489450Z       tstate->exc_value = value;
2022-12-27T11:33:53.5493360Z               ^~~~~~~~~
2022-12-27T11:33:53.5497550Z               curexc_value
2022-12-27T11:33:53.5502200Z   /Library/Frameworks/Python.framework/Versions/3.8/include/python3.8/cpython/pystate.h:80:15: note: 'curexc_value' declared here
2022-12-27T11:33:53.5506660Z       PyObject *curexc_value;
2022-12-27T11:33:53.5510390Z                 ^
2022-12-27T11:33:53.5513820Z   src/lxml/lxml.etree.c:160568:13: error: no member named 'exc_traceback' in 'struct _ts'; did you mean 'curexc_traceback'?
2022-12-27T11:33:53.5516820Z       tstate->exc_traceback = tb;
2022-12-27T11:33:53.5519790Z               ^~~~~~~~~~~~~
2022-12-27T11:33:53.5523820Z               curexc_traceback
2022-12-27T11:33:53.5527290Z   /Library/Frameworks/Python.framework/Versions/3.8/include/python3.8/cpython/pystate.h:81:15: note: 'curexc_traceback' declared here
2022-12-27T11:33:53.5530570Z       PyObject *curexc_traceback;
2022-12-27T11:33:53.5534350Z                 ^
2022-12-27T11:33:53.5537440Z   15 errors generated.
2022-12-27T11:33:53.5540860Z   error: command '/usr/bin/gcc' failed with exit code 1
2022-12-27T11:33:53.6325000Z   error: subprocess-exited-with-error
2022-12-27T11:33:53.6325960Z   
2022-12-27T11:33:53.6327320Z   Ã— python setup.py bdist_wheel did not run successfully.
2022-12-27T11:33:53.6328210Z   â”‚ exit code: 1
2022-12-27T11:33:53.6329020Z   â•°â”€> See above for output.
2022-12-27T11:33:53.6329570Z   
2022-12-27T11:33:53.6330350Z   note: This error originates from a subprocess, and is likely not a problem with pip.
2022-12-27T11:33:53.6341560Z   full command: /private/var/folders/51/hd414ycd67n82196sw51xqtc0000gn/T/cibw-run-6shtqmjg/cp38-macosx_arm64/build/venv/bin/python -u -c '
2022-12-27T11:33:53.6343420Z   exec(compile('"'"''"'"''"'"'
2022-12-27T11:33:53.6344730Z   # This is <pip-setuptools-caller> -- a caller that pip uses to run setup.py
2022-12-27T11:33:53.6345700Z   #
2022-12-27T11:33:53.6347970Z   # - It imports setuptools before invoking setup.py, to enable projects that directly
2022-12-27T11:33:53.6349260Z   #   import from `distutils.core` to work with newer packaging standards.
2022-12-27T11:33:53.6350800Z   # - It provides a clear error message when setuptools is not installed.
2022-12-27T11:33:53.6352070Z   # - It sets `sys.argv[0]` to the underlying `setup.py`, when invoking `setup.py` so
2022-12-27T11:33:53.6354360Z   #   setuptools doesn'"'"'t think the script is `-c`. This avoids the following warning:
2022-12-27T11:33:53.6354940Z   #     manifest_maker: standard file '"'"'-c'"'"' not found".
2022-12-27T11:33:53.6355470Z   # - It generates a shim setup.py, for handling setup.cfg-only projects.
2022-12-27T11:33:53.6355890Z   import os, sys, tokenize
2022-12-27T11:33:53.6356140Z   
2022-12-27T11:33:53.6356430Z   try:
2022-12-27T11:33:53.6356700Z       import setuptools
2022-12-27T11:33:53.6357020Z   except ImportError as error:
2022-12-27T11:33:53.6357350Z       print(
2022-12-27T11:33:53.6357750Z           "ERROR: Can not execute `setup.py` since setuptools is not available in "
2022-12-27T11:33:53.6358130Z           "the build environment.",
2022-12-27T11:33:53.6358370Z           file=sys.stderr,
2022-12-27T11:33:53.6358640Z       )
2022-12-27T11:33:53.6358930Z       sys.exit(1)
2022-12-27T11:33:53.6359170Z   
2022-12-27T11:33:53.6359530Z   __file__ = %r
2022-12-27T11:33:53.6359860Z   sys.argv[0] = __file__
2022-12-27T11:33:53.6360100Z   
2022-12-27T11:33:53.6360400Z   if os.path.exists(__file__):
2022-12-27T11:33:53.6360730Z       filename = __file__
2022-12-27T11:33:53.6360990Z       with tokenize.open(__file__) as f:
2022-12-27T11:33:53.6361510Z           setup_py_code = f.read()
2022-12-27T11:33:53.6361800Z   else:
2022-12-27T11:33:53.6362160Z       filename = "<auto-generated setuptools caller>"
2022-12-27T11:33:53.6362500Z       setup_py_code = "from setuptools import setup; setup()"
2022-12-27T11:33:53.6362790Z   
2022-12-27T11:33:53.6363000Z   exec(compile(setup_py_code, filename, "exec"))
2022-12-27T11:33:53.6363700Z   '"'"''"'"''"'"' % ('"'"'/Users/runner/actions-runner/_work/python.build/python.build/build_lxml2338/lxml-2.3/setup.py'"'"',), "<pip-setuptools-caller>", "exec"))' bdist_wheel -d /private/var/folders/51/hd414ycd67n82196sw51xqtc0000gn/T/pip-wheel-43vzusfw
2022-12-27T11:33:53.6364500Z   cwd: /Users/runner/actions-runner/_work/python.build/python.build/build_lxml2338/lxml-2.3/
2022-12-27T11:33:53.6364920Z   ERROR: Failed building wheel for lxml
2022-12-27T11:33:53.6365360Z   Building wheel for lxml (setup.py): finished with status 'error'
2022-12-27T11:33:53.6365740Z   Running setup.py clean for lxml
2022-12-27T11:33:53.6366120Z   Running command python setup.py clean
2022-12-27T11:33:54.1068580Z   Building lxml version 2.3.
2022-12-27T11:33:54.1069820Z   Building with Cython 0.29.32.
2022-12-27T11:33:54.1307720Z   Using build configuration of libxslt 1.1.29
2022-12-27T11:33:54.3109870Z   Building against libxml2/libxslt in the following directory: /Library/Developer/CommandLineTools/SDKs/MacOSX12.1.sdk/usr/lib
2022-12-27T11:33:54.3349830Z   running clean
2022-12-27T11:33:54.3394030Z   removing 'build/temp.macosx-11.0-arm64-cpython-38' (and everything under it)
2022-12-27T11:33:54.3398650Z   removing 'build/lib.macosx-11.0-arm64-cpython-38' (and everything under it)
2022-12-27T11:33:54.3461990Z   'build/bdist.macosx-11.0-arm64' does not exist -- can't clean it
2022-12-27T11:33:54.3464640Z   'build/scripts-3.8' does not exist -- can't clean it
2022-12-27T11:33:54.3466500Z   removing 'build'
2022-12-27T11:33:54.4025230Z Failed to build lxml
2022-12-27T11:33:54.4031830Z ERROR: Failed to build one or more wheels
2022-12-27T11:33:54.4052000Z Exception information:
2022-12-27T11:33:54.4053110Z Traceback (most recent call last):
2022-12-27T11:33:54.4065840Z   File "/private/var/folders/51/hd414ycd67n82196sw51xqtc0000gn/T/cibw-run-6shtqmjg/cp38-macosx_arm64/build/venv/lib/python3.8/site-packages/pip/_internal/cli/base_command.py", line 160, in exc_logging_wrapper
2022-12-27T11:33:54.4066490Z     status = run_func(*args)
2022-12-27T11:33:54.4067360Z   File "/private/var/folders/51/hd414ycd67n82196sw51xqtc0000gn/T/cibw-run-6shtqmjg/cp38-macosx_arm64/build/venv/lib/python3.8/site-packages/pip/_internal/cli/req_command.py", line 247, in wrapper
2022-12-27T11:33:54.4067940Z     return func(self, options, args)
2022-12-27T11:33:54.4069070Z   File "/private/var/folders/51/hd414ycd67n82196sw51xqtc0000gn/T/cibw-run-6shtqmjg/cp38-macosx_arm64/build/venv/lib/python3.8/site-packages/pip/_internal/commands/wheel.py", line 201, in run
2022-12-27T11:33:54.4069650Z     raise CommandError("Failed to build one or more wheels")
2022-12-27T11:33:54.4070090Z pip._internal.exceptions.CommandError: Failed to build one or more wheels
2022-12-27T11:33:54.4070780Z Removed build tracker: '/private/var/folders/51/hd414ycd67n82196sw51xqtc0000gn/T/pip-build-tracker-42kqy6h7'
2022-12-27T11:33:54.4827790Z ##[endgroup]
2022-12-27T11:33:54.4828800Z                                                               [31mâœ• [0m4.62s
2022-12-27T11:33:54.5462730Z ##[error]Command ['python', '-m', 'pip', 'wheel', '/Users/runner/actions-runner/_work/python.build/python.build/build_lxml2338/lxml-2.3', '--wheel-dir=/private/var/folders/51/hd414ycd67n82196sw51xqtc0000gn/T/cibw-run-6shtqmjg/cp38-macosx_arm64/built_wheel', '--no-deps', '-vvv'] failed with code 1. None
2022-12-27T11:33:54.5472880Z 
2022-12-27T11:33:54.5668000Z ##[error]Process completed with exit code 1.
2022-12-27T11:33:54.5720190Z ##[group]Run rm -rf build_lxml2338 wheelsout
2022-12-27T11:33:54.5720480Z [36;1mrm -rf build_lxml2338 wheelsout[0m
2022-12-27T11:33:54.5748340Z shell: /bin/bash -e {0}
2022-12-27T11:33:54.5748530Z env:
2022-12-27T11:33:54.5748780Z   pythonLocation: /Users/runner/hostedtoolcache/Python/3.8.15/x64
2022-12-27T11:33:54.5749120Z   PKG_CONFIG_PATH: /Users/runner/hostedtoolcache/Python/3.8.15/x64/lib/pkgconfig
2022-12-27T11:33:54.5749440Z   Python_ROOT_DIR: /Users/runner/hostedtoolcache/Python/3.8.15/x64
2022-12-27T11:33:54.5749750Z   Python2_ROOT_DIR: /Users/runner/hostedtoolcache/Python/3.8.15/x64
2022-12-27T11:33:54.5750060Z   Python3_ROOT_DIR: /Users/runner/hostedtoolcache/Python/3.8.15/x64
2022-12-27T11:33:54.5750290Z ##[endgroup]
2022-12-27T11:33:54.6750630Z Cleaning up orphan processes
