2022-12-27T01:57:09.5206348Z Requested labels: self-hosted, macOS, X64
2022-12-27T01:57:09.5206422Z Job defined at: kilnbuild/python.build/.github/workflows/mac_arm_build.yml@refs/heads/main
2022-12-27T01:57:09.5206447Z Waiting for a runner to pick up this job...
2022-12-27T02:54:38.2775690Z Job is about to start running on the runner: kr2 (organization)
2022-12-27T02:54:44.1857880Z Current runner version: '2.300.2'
2022-12-27T02:54:44.1865390Z Runner name: 'kr2'
2022-12-27T02:54:44.1865790Z Runner group name: 'Default'
2022-12-27T02:54:44.1866570Z Machine name: 'kr2'
2022-12-27T02:54:44.1869140Z ##[group]GITHUB_TOKEN Permissions
2022-12-27T02:54:44.1869800Z Actions: write
2022-12-27T02:54:44.1870060Z Checks: write
2022-12-27T02:54:44.1870310Z Contents: write
2022-12-27T02:54:44.1870560Z Deployments: write
2022-12-27T02:54:44.1870830Z Discussions: write
2022-12-27T02:54:44.1871090Z Issues: write
2022-12-27T02:54:44.1871330Z Metadata: read
2022-12-27T02:54:44.1871590Z Packages: write
2022-12-27T02:54:44.1871850Z Pages: write
2022-12-27T02:54:44.1872100Z PullRequests: write
2022-12-27T02:54:44.1872410Z RepositoryProjects: write
2022-12-27T02:54:44.1872710Z SecurityEvents: write
2022-12-27T02:54:44.1873050Z Statuses: write
2022-12-27T02:54:44.1873310Z ##[endgroup]
2022-12-27T02:54:44.1876860Z Secret source: Actions
2022-12-27T02:54:44.1877350Z Prepare workflow directory
2022-12-27T02:54:44.3000590Z Prepare all required actions
2022-12-27T02:54:44.3224990Z Getting action download info
2022-12-27T02:54:44.7583080Z Download action repository 'actions/setup-python@v4' (SHA:5ccb29d8773c3f3f653e1705f474dfaa8a06a912)
2022-12-27T02:54:46.6949460Z Download action repository 'actions/upload-artifact@v3' (SHA:83fd05a356d7e2593de66fc9913b3002723633cb)
2022-12-27T02:54:48.1200120Z ##[group]Run echo '{
2022-12-27T02:54:48.1200630Z [36;1mecho '{[0m
2022-12-27T02:54:48.1201030Z [36;1m  "environment_variables": "GRPC_PYTHON_BUILD_WITH_CYTHON=1 GRPC_BUILD_WITH_BORING_SSL_ASM='' GRPC_PYTHON_BUILD_SYSTEM_OPENSSL=TRUE",[0m
2022-12-27T02:54:48.1201460Z [36;1m  "package_name": "grpcio",[0m
2022-12-27T02:54:48.1201930Z [36;1m  "package_url": "https://files.pythonhosted.org/packages/d1/d7/9bf18818763e0f7debe6706705f61ce89aa5636d93083776a6167320d573/grpcio-0.15.0.tar.gz",[0m
2022-12-27T02:54:48.1202280Z [36;1m  "package_version": "0.15.0",[0m
2022-12-27T02:54:48.1202510Z [36;1m  "python_version": "3.9",[0m
2022-12-27T02:54:48.1202730Z [36;1m  "use_ccache": "true"[0m
2022-12-27T02:54:48.1202960Z [36;1m}'[0m
2022-12-27T02:54:48.1230380Z shell: /bin/bash -e {0}
2022-12-27T02:54:48.1230600Z ##[endgroup]
2022-12-27T02:54:48.1634830Z {
2022-12-27T02:54:48.1637740Z   "environment_variables": "GRPC_PYTHON_BUILD_WITH_CYTHON=1 GRPC_BUILD_WITH_BORING_SSL_ASM= GRPC_PYTHON_BUILD_SYSTEM_OPENSSL=TRUE",
2022-12-27T02:54:48.1638170Z   "package_name": "grpcio",
2022-12-27T02:54:48.1639280Z   "package_url": "https://files.pythonhosted.org/packages/d1/d7/9bf18818763e0f7debe6706705f61ce89aa5636d93083776a6167320d573/grpcio-0.15.0.tar.gz",
2022-12-27T02:54:48.1639860Z   "package_version": "0.15.0",
2022-12-27T02:54:48.1640210Z   "python_version": "3.9",
2022-12-27T02:54:48.1640490Z   "use_ccache": "true"
2022-12-27T02:54:48.1640840Z }
2022-12-27T02:54:48.1986500Z ##[group]Run actions/setup-python@v4
2022-12-27T02:54:48.1986840Z with:
2022-12-27T02:54:48.1987250Z   python-version: 3.9
2022-12-27T02:54:48.1987560Z   check-latest: false
2022-12-27T02:54:48.1988070Z   token: ***
2022-12-27T02:54:48.1988380Z   update-environment: true
2022-12-27T02:54:48.1988770Z ##[endgroup]
2022-12-27T02:54:48.4313220Z ##[group]Installed versions
2022-12-27T02:54:48.4377310Z Successfully set up CPython (3.9.16)
2022-12-27T02:54:48.4378790Z ##[endgroup]
2022-12-27T02:54:48.4635830Z ##[group]Run if [ "true" == "true" ]
2022-12-27T02:54:48.4636420Z [36;1mif [ "true" == "true" ][0m
2022-12-27T02:54:48.4636770Z [36;1mthen[0m
2022-12-27T02:54:48.4637100Z [36;1m  echo "CCACHE_PATH_PREPEND=/usr/local/opt/ccache/libexec" >> $GITHUB_OUTPUT[0m
2022-12-27T02:54:48.4637510Z [36;1melse[0m
2022-12-27T02:54:48.4637880Z [36;1m  echo "CCACHE_PATH_PREPEND=" >> $GITHUB_OUTPUT[0m
2022-12-27T02:54:48.4638330Z [36;1mfi[0m
2022-12-27T02:54:48.4668620Z shell: /bin/bash -e {0}
2022-12-27T02:54:48.4669000Z env:
2022-12-27T02:54:48.4669530Z   pythonLocation: /Users/runner/hostedtoolcache/Python/3.9.16/x64
2022-12-27T02:54:48.4669950Z   PKG_CONFIG_PATH: /Users/runner/hostedtoolcache/Python/3.9.16/x64/lib/pkgconfig
2022-12-27T02:54:48.4671220Z   Python_ROOT_DIR: /Users/runner/hostedtoolcache/Python/3.9.16/x64
2022-12-27T02:54:48.4671680Z   Python2_ROOT_DIR: /Users/runner/hostedtoolcache/Python/3.9.16/x64
2022-12-27T02:54:48.4672160Z   Python3_ROOT_DIR: /Users/runner/hostedtoolcache/Python/3.9.16/x64
2022-12-27T02:54:48.4672750Z ##[endgroup]
2022-12-27T02:54:48.4995840Z ##[group]Run echo "BUILD_NAME=$(echo grpcio_0.15.0_3.9 | tr -dc '[:alnum:]\n\r' | tr '[:upper:]' '[:lower:]')" >> $GITHUB_OUTPUT
2022-12-27T02:54:48.4996510Z [36;1mecho "BUILD_NAME=$(echo grpcio_0.15.0_3.9 | tr -dc '[:alnum:]\n\r' | tr '[:upper:]' '[:lower:]')" >> $GITHUB_OUTPUT[0m
2022-12-27T02:54:48.5024660Z shell: /bin/bash -e {0}
2022-12-27T02:54:48.5024980Z env:
2022-12-27T02:54:48.5025330Z   pythonLocation: /Users/runner/hostedtoolcache/Python/3.9.16/x64
2022-12-27T02:54:48.5025810Z   PKG_CONFIG_PATH: /Users/runner/hostedtoolcache/Python/3.9.16/x64/lib/pkgconfig
2022-12-27T02:54:48.5026280Z   Python_ROOT_DIR: /Users/runner/hostedtoolcache/Python/3.9.16/x64
2022-12-27T02:54:48.5026730Z   Python2_ROOT_DIR: /Users/runner/hostedtoolcache/Python/3.9.16/x64
2022-12-27T02:54:48.5027160Z   Python3_ROOT_DIR: /Users/runner/hostedtoolcache/Python/3.9.16/x64
2022-12-27T02:54:48.5027540Z ##[endgroup]
2022-12-27T02:54:48.5274400Z ##[group]Run echo "PYTHON_NO_DOTS=$(echo 3.9 | tr -dc '[:alnum:]\n\r' | tr '[:upper:]' '[:lower:]')" >> $GITHUB_OUTPUT
2022-12-27T02:54:48.5275040Z [36;1mecho "PYTHON_NO_DOTS=$(echo 3.9 | tr -dc '[:alnum:]\n\r' | tr '[:upper:]' '[:lower:]')" >> $GITHUB_OUTPUT[0m
2022-12-27T02:54:48.5303400Z shell: /bin/bash -e {0}
2022-12-27T02:54:48.5303710Z env:
2022-12-27T02:54:48.5304080Z   pythonLocation: /Users/runner/hostedtoolcache/Python/3.9.16/x64
2022-12-27T02:54:48.5305650Z   PKG_CONFIG_PATH: /Users/runner/hostedtoolcache/Python/3.9.16/x64/lib/pkgconfig
2022-12-27T02:54:48.5306100Z   Python_ROOT_DIR: /Users/runner/hostedtoolcache/Python/3.9.16/x64
2022-12-27T02:54:48.5306540Z   Python2_ROOT_DIR: /Users/runner/hostedtoolcache/Python/3.9.16/x64
2022-12-27T02:54:48.5307040Z   Python3_ROOT_DIR: /Users/runner/hostedtoolcache/Python/3.9.16/x64
2022-12-27T02:54:48.5307340Z ##[endgroup]
2022-12-27T02:54:48.5566960Z ##[group]Run rm -rf build_grpcio015039
2022-12-27T02:54:48.5567570Z [36;1mrm -rf build_grpcio015039[0m
2022-12-27T02:54:48.5567920Z [36;1mmkdir build_grpcio015039[0m
2022-12-27T02:54:48.5568340Z [36;1mcd build_grpcio015039[0m
2022-12-27T02:54:48.5568780Z [36;1m/usr/local/bin/wget --quiet https://files.pythonhosted.org/packages/d1/d7/9bf18818763e0f7debe6706705f61ce89aa5636d93083776a6167320d573/grpcio-0.15.0.tar.gz[0m
2022-12-27T02:54:48.5569260Z [36;1mtar xf *.tar.gz[0m
2022-12-27T02:54:48.5569600Z [36;1mcd grpcio-*/[0m
2022-12-27T02:54:48.5569890Z [36;1mpython -m pip install cibuildwheel==2.11.3[0m
2022-12-27T02:54:48.5570410Z [36;1mpython -m cibuildwheel --output-dir ../wheelsout[0m
2022-12-27T02:54:48.5597560Z shell: /bin/bash -e {0}
2022-12-27T02:54:48.5597880Z env:
2022-12-27T02:54:48.5598240Z   pythonLocation: /Users/runner/hostedtoolcache/Python/3.9.16/x64
2022-12-27T02:54:48.5598850Z   PKG_CONFIG_PATH: /Users/runner/hostedtoolcache/Python/3.9.16/x64/lib/pkgconfig
2022-12-27T02:54:48.5599300Z   Python_ROOT_DIR: /Users/runner/hostedtoolcache/Python/3.9.16/x64
2022-12-27T02:54:48.5599730Z   Python2_ROOT_DIR: /Users/runner/hostedtoolcache/Python/3.9.16/x64
2022-12-27T02:54:48.5600530Z   Python3_ROOT_DIR: /Users/runner/hostedtoolcache/Python/3.9.16/x64
2022-12-27T02:54:48.5600850Z   CIBW_ARCHS_MACOS: arm64
2022-12-27T02:54:48.5601170Z   CIBW_TEST_SKIP: *_arm64
2022-12-27T02:54:48.5601510Z   CIBW_BUILD: cp39-macosx_arm64
2022-12-27T02:54:48.5601780Z   CIBW_BUILD_FRONTEND: pip
2022-12-27T02:54:48.5602180Z   CIBW_BUILD_VERBOSITY: 3
2022-12-27T02:54:48.5602850Z   CIBW_ENVIRONMENT_MACOS: GRPC_PYTHON_BUILD_WITH_CYTHON=1 GRPC_BUILD_WITH_BORING_SSL_ASM='' GRPC_PYTHON_BUILD_SYSTEM_OPENSSL=TRUE CFLAGS="-I/usr/local/opt/openssl@3/include" LDFLAGS="-L/usr/local/opt/openssl@3/lib" CPPFLAGS="-I/usr/local/opt/openssl@3/include" MAKEFLAGS="-j$(sysctl -n hw.logicalcpu)" PATH=/usr/local/opt/ccache/libexec:$PATH
2022-12-27T02:54:48.5603930Z   CIBW_BEFORE_BUILD: pip install Cython; if [[ -f requirements.txt ]]; then pip install -r requirements.txt; fi
2022-12-27T02:54:48.5604310Z   MAKEFLAGS: -j$(sysctl -n hw.logicalcpu)
2022-12-27T02:54:48.5604630Z ##[endgroup]
2022-12-27T02:54:49.9327820Z Requirement already satisfied: cibuildwheel==2.11.3 in /Users/runner/hostedtoolcache/Python/3.9.16/x64/lib/python3.9/site-packages (2.11.3)
2022-12-27T02:54:49.9788970Z Requirement already satisfied: packaging>=20.9 in /Users/runner/hostedtoolcache/Python/3.9.16/x64/lib/python3.9/site-packages (from cibuildwheel==2.11.3) (22.0)
2022-12-27T02:54:49.9794070Z Requirement already satisfied: platformdirs in /Users/runner/hostedtoolcache/Python/3.9.16/x64/lib/python3.9/site-packages (from cibuildwheel==2.11.3) (2.6.0)
2022-12-27T02:54:49.9799070Z Requirement already satisfied: certifi in /Users/runner/hostedtoolcache/Python/3.9.16/x64/lib/python3.9/site-packages (from cibuildwheel==2.11.3) (2022.12.7)
2022-12-27T02:54:49.9804940Z Requirement already satisfied: filelock in /Users/runner/hostedtoolcache/Python/3.9.16/x64/lib/python3.9/site-packages (from cibuildwheel==2.11.3) (3.8.2)
2022-12-27T02:54:49.9812220Z Requirement already satisfied: bashlex!=0.13 in /Users/runner/hostedtoolcache/Python/3.9.16/x64/lib/python3.9/site-packages (from cibuildwheel==2.11.3) (0.16)
2022-12-27T02:54:49.9824110Z Requirement already satisfied: tomli in /Users/runner/hostedtoolcache/Python/3.9.16/x64/lib/python3.9/site-packages (from cibuildwheel==2.11.3) (2.0.1)
2022-12-27T02:54:49.9827350Z Requirement already satisfied: bracex in /Users/runner/hostedtoolcache/Python/3.9.16/x64/lib/python3.9/site-packages (from cibuildwheel==2.11.3) (2.3.post1)
2022-12-27T02:54:49.9841820Z Requirement already satisfied: typing-extensions>=4.1.0 in /Users/runner/hostedtoolcache/Python/3.9.16/x64/lib/python3.9/site-packages (from cibuildwheel==2.11.3) (4.4.0)
2022-12-27T02:54:50.3020580Z 
2022-12-27T02:54:50.3021380Z      _ _       _ _   _       _           _
2022-12-27T02:54:50.3022410Z  ___|_| |_ _ _|_| |_| |_ _ _| |_ ___ ___| |
2022-12-27T02:54:50.3025850Z |  _| | . | | | | | . | | | |   | -_| -_| |
2022-12-27T02:54:50.3026690Z |___|_|___|___|_|_|___|_____|_|_|___|___|_|
2022-12-27T02:54:50.3027550Z 
2022-12-27T02:54:50.3027770Z cibuildwheel version 2.11.3
2022-12-27T02:54:50.3028000Z 
2022-12-27T02:54:50.3028150Z Build options:
2022-12-27T02:54:50.3028490Z   platform: macos
2022-12-27T02:54:50.3200330Z   architectures: arm64[0m
2022-12-27T02:54:50.3201710Z   build_selector: 
2022-12-27T02:54:50.3203030Z     build_config: cp39-macosx_arm64
2022-12-27T02:54:50.3203850Z     skip_config: 
2022-12-27T02:54:50.3204680Z     requires_python: None
2022-12-27T02:54:50.3205420Z     prerelease_pythons: False[0m
2022-12-27T02:54:50.3206690Z   [38;5;244mcontainer_engine: docker[0m
2022-12-27T02:54:50.3207890Z   output_dir: /Users/runner/actions-runner/_work/python.build/python.build/build_grpcio015039/wheelsout[0m
2022-12-27T02:54:50.3209460Z   package_dir: /Users/runner/actions-runner/_work/python.build/python.build/build_grpcio015039/grpcio-0.15.0[0m
2022-12-27T02:54:50.3210360Z   test_selector: 
2022-12-27T02:54:50.3211920Z     skip_config: *_arm64[0m
2022-12-27T02:54:50.3212710Z   [38;5;244mbefore_all: [0m
2022-12-27T02:54:50.3213740Z   before_build: pip install Cython; if [[ -f requirements.txt ]]; then pip install -r requirements.txt; fi[0m
2022-12-27T02:54:50.3214870Z   [38;5;244mbefore_test: [0m
2022-12-27T02:54:50.3215890Z   [38;5;244mbuild_frontend: pip[0m
2022-12-27T02:54:50.3216580Z   build_verbosity: 3[0m
2022-12-27T02:54:50.3217410Z   [38;5;244mconfig_settings: [0m
2022-12-27T02:54:50.3218320Z   [38;5;244mdependency_constraints: pinned[0m
2022-12-27T02:54:50.3219000Z   environment: 
2022-12-27T02:54:50.3219660Z     GRPC_PYTHON_BUILD_WITH_CYTHON=1
2022-12-27T02:54:50.3220460Z     GRPC_BUILD_WITH_BORING_SSL_ASM=''
2022-12-27T02:54:50.3221190Z     GRPC_PYTHON_BUILD_SYSTEM_OPENSSL=TRUE
2022-12-27T02:54:50.3222950Z     CFLAGS="-I/usr/local/opt/openssl@3/include"
2022-12-27T02:54:50.3223860Z     LDFLAGS="-L/usr/local/opt/openssl@3/lib"
2022-12-27T02:54:50.3224940Z     CPPFLAGS="-I/usr/local/opt/openssl@3/include"
2022-12-27T02:54:50.3225730Z     MAKEFLAGS="-j$(sysctl -n hw.logicalcpu)"
2022-12-27T02:54:50.3226650Z     PATH=/usr/local/opt/ccache/libexec:$PATH[0m
2022-12-27T02:54:50.3227530Z   [38;5;244mmanylinux_images: None[0m
2022-12-27T02:54:50.3228240Z   [38;5;244mmusllinux_images: None[0m
2022-12-27T02:54:50.3229470Z   [38;5;244mrepair_command: delocate-wheel --require-archs {delocate_archs} -w {dest_dir} -v {wheel}[0m
2022-12-27T02:54:50.3230430Z   [38;5;244mtest_command: [0m
2022-12-27T02:54:50.3231210Z   [38;5;244mtest_extras: [0m
2022-12-27T02:54:50.3231880Z   [38;5;244mtest_requires: [0m
2022-12-27T02:54:50.3232270Z 
2022-12-27T02:54:50.3232800Z Cache folder: /Users/runner/Library/Caches/cibuildwheel
2022-12-27T02:54:50.3234580Z 
2022-12-27T02:54:50.3235270Z Here we go!
2022-12-27T02:54:50.3235640Z 
2022-12-27T02:54:50.3340660Z 
2022-12-27T02:54:50.3341550Z [1m[34mBuilding cp39-macosx_arm64 wheel[0m
2022-12-27T02:54:50.3342370Z CPython 3.9 macOS arm64 - Apple Silicon
2022-12-27T02:54:50.3342790Z 
2022-12-27T02:54:50.3347500Z ##[group]Installing Python cp39...
2022-12-27T02:54:50.3348010Z 
2022-12-27T02:54:50.3348770Z + pkgutil --pkgs
2022-12-27T02:54:50.3540820Z ##[endgroup]
2022-12-27T02:54:50.3542900Z                                                               [32m✓ [0m0.02s
2022-12-27T02:54:50.3544390Z ##[group]Setting up build environment...
2022-12-27T02:54:50.3544830Z 
2022-12-27T02:54:50.3575000Z + /Users/runner/hostedtoolcache/Python/3.9.16/x64/bin/python -sS /Users/runner/Library/Caches/cibuildwheel/virtualenv-20.17.0.pyz --activators= --no-periodic-update --pip=22.3.1 --setuptools=65.6.3 --wheel=0.38.4 --symlink-app-data --python /Library/Frameworks/Python.framework/Versions/3.9/bin/python3 /private/var/folders/51/hd414ycd67n82196sw51xqtc0000gn/T/cibw-run-opjuodni/cp39-macosx_arm64/build/venv
2022-12-27T02:54:50.6605580Z created virtual environment CPython3.9.13.final.0-64 in 81ms
2022-12-27T02:54:50.6607760Z   creator CPython3Posix(dest=/private/var/folders/51/hd414ycd67n82196sw51xqtc0000gn/T/cibw-run-opjuodni/cp39-macosx_arm64/build/venv, clear=False, no_vcs_ignore=False, global=False)
2022-12-27T02:54:50.6609340Z   seeder FromAppData(download=False, pip=22.3.1, setuptools=65.6.3, wheel=0.38.4, via=symlink, app_data_dir=/Users/runner/Library/Application Support/virtualenv)
2022-12-27T02:54:50.6610370Z     added seed packages: pip==22.3.1, setuptools==65.6.3, wheel==0.38.4
2022-12-27T02:54:50.6842150Z + python -m pip install --upgrade pip -c /Users/runner/hostedtoolcache/Python/3.9.16/x64/lib/python3.9/site-packages/cibuildwheel/resources/constraints-python39.txt
2022-12-27T02:54:51.1932620Z Requirement already satisfied: pip in ./lib/python3.9/site-packages (22.3.1)
2022-12-27T02:54:51.4866430Z + which pip
2022-12-27T02:54:51.4906450Z /private/var/folders/51/hd414ycd67n82196sw51xqtc0000gn/T/cibw-run-opjuodni/cp39-macosx_arm64/build/venv/bin/pip
2022-12-27T02:54:51.4912690Z + pip --version
2022-12-27T02:54:51.8753680Z pip 22.3.1 from /private/var/folders/51/hd414ycd67n82196sw51xqtc0000gn/T/cibw-run-opjuodni/cp39-macosx_arm64/build/venv/lib/python3.9/site-packages/pip (python 3.9)
2022-12-27T02:54:51.9228830Z + which pip
2022-12-27T02:54:51.9299810Z + which python
2022-12-27T02:54:51.9339730Z /private/var/folders/51/hd414ycd67n82196sw51xqtc0000gn/T/cibw-run-opjuodni/cp39-macosx_arm64/build/venv/bin/python
2022-12-27T02:54:51.9345480Z + python --version
2022-12-27T02:54:51.9440460Z Python 3.9.13
2022-12-27T02:54:51.9449620Z + which python
2022-12-27T02:54:51.9557940Z ##[endgroup]
2022-12-27T02:54:51.9559690Z                                                               [32m✓ [0m1.60s
2022-12-27T02:54:51.9560860Z ##[group]Installing build tools...
2022-12-27T02:54:51.9561320Z 
2022-12-27T02:54:51.9562120Z + pip install --upgrade setuptools wheel delocate -c /Users/runner/hostedtoolcache/Python/3.9.16/x64/lib/python3.9/site-packages/cibuildwheel/resources/constraints-python39.txt
2022-12-27T02:54:52.4649760Z Requirement already satisfied: setuptools in /private/var/folders/51/hd414ycd67n82196sw51xqtc0000gn/T/cibw-run-opjuodni/cp39-macosx_arm64/build/venv/lib/python3.9/site-packages (65.6.3)
2022-12-27T02:54:52.8755170Z Requirement already satisfied: wheel in /private/var/folders/51/hd414ycd67n82196sw51xqtc0000gn/T/cibw-run-opjuodni/cp39-macosx_arm64/build/venv/lib/python3.9/site-packages (0.38.4)
2022-12-27T02:54:52.9659600Z Collecting delocate
2022-12-27T02:54:52.9713850Z   Using cached delocate-0.10.3-py3-none-any.whl (142 kB)
2022-12-27T02:54:53.0405440Z Collecting packaging>=20.9
2022-12-27T02:54:53.0453990Z   Using cached packaging-21.3-py3-none-any.whl (40 kB)
2022-12-27T02:54:53.0850400Z Collecting typing-extensions
2022-12-27T02:54:53.0899160Z   Using cached typing_extensions-4.4.0-py3-none-any.whl (26 kB)
2022-12-27T02:54:53.1620310Z Collecting pyparsing!=3.0.5,>=2.0.2
2022-12-27T02:54:53.1666470Z   Using cached pyparsing-3.0.9-py3-none-any.whl (98 kB)
2022-12-27T02:54:53.2342690Z Installing collected packages: typing-extensions, pyparsing, packaging, delocate
2022-12-27T02:54:53.4812480Z Successfully installed delocate-0.10.3 packaging-21.3 pyparsing-3.0.9 typing-extensions-4.4.0
2022-12-27T02:54:53.6160940Z ##[endgroup]
2022-12-27T02:54:53.6162400Z                                                               [32m✓ [0m1.66s
2022-12-27T02:54:53.6163430Z ##[group]Running before_build...
2022-12-27T02:54:53.6163820Z 
2022-12-27T02:54:53.6171520Z + pip install Cython; if [[ -f requirements.txt ]]; then pip install -r requirements.txt; fi
2022-12-27T02:54:54.9133600Z Collecting Cython
2022-12-27T02:54:54.9223900Z   Using cached Cython-0.29.32-py2.py3-none-any.whl (986 kB)
2022-12-27T02:54:55.0012690Z Installing collected packages: Cython
2022-12-27T02:54:55.8472890Z Successfully installed Cython-0.29.32
2022-12-27T02:54:57.3357930Z Collecting coverage>=4.0
2022-12-27T02:54:57.3451590Z   Using cached coverage-7.0.1-cp39-cp39-macosx_10_9_x86_64.whl (188 kB)
2022-12-27T02:54:57.3514640Z Requirement already satisfied: cython>=0.23 in /private/var/folders/51/hd414ycd67n82196sw51xqtc0000gn/T/cibw-run-opjuodni/cp39-macosx_arm64/build/venv/lib/python3.9/site-packages (from -r requirements.txt (line 3)) (0.29.32)
2022-12-27T02:54:57.3804120Z Collecting enum34>=1.0.4
2022-12-27T02:54:57.3856510Z   Using cached enum34-1.1.10-py3-none-any.whl (11 kB)
2022-12-27T02:54:57.4192590Z Collecting futures>=2.2.0
2022-12-27T02:54:57.4200110Z   Using cached futures-3.0.5-py3-none-any.whl
2022-12-27T02:54:58.0530380Z Collecting protobuf>=3.0.0a3
2022-12-27T02:54:58.0613530Z   Using cached protobuf-4.21.12-cp37-abi3-macosx_10_9_universal2.whl (486 kB)
2022-12-27T02:54:58.0967710Z Collecting six>=1.10
2022-12-27T02:54:58.1012720Z   Using cached six-1.16.0-py2.py3-none-any.whl (11 kB)
2022-12-27T02:54:58.1048410Z Requirement already satisfied: wheel>=0.29 in /private/var/folders/51/hd414ycd67n82196sw51xqtc0000gn/T/cibw-run-opjuodni/cp39-macosx_arm64/build/venv/lib/python3.9/site-packages (from -r requirements.txt (line 8)) (0.38.4)
2022-12-27T02:54:58.1780510Z Installing collected packages: futures, enum34, six, protobuf, coverage
2022-12-27T02:54:58.6448740Z Successfully installed coverage-7.0.1 enum34-1.1.10 futures-3.0.5 protobuf-4.21.12 six-1.16.0
2022-12-27T02:54:58.7979230Z ##[endgroup]
2022-12-27T02:54:58.7980690Z                                                               [32m✓ [0m5.18s
2022-12-27T02:54:58.7981970Z ##[group]Building wheel...
2022-12-27T02:54:58.7983030Z 
2022-12-27T02:54:58.7988670Z + python -m pip wheel /Users/runner/actions-runner/_work/python.build/python.build/build_grpcio015039/grpcio-0.15.0 --wheel-dir=/private/var/folders/51/hd414ycd67n82196sw51xqtc0000gn/T/cibw-run-opjuodni/cp39-macosx_arm64/built_wheel --no-deps -vvv
2022-12-27T02:54:59.2672310Z Created temporary directory: /private/var/folders/51/hd414ycd67n82196sw51xqtc0000gn/T/pip-ephem-wheel-cache-hb1a7xok
2022-12-27T02:54:59.2680410Z Created temporary directory: /private/var/folders/51/hd414ycd67n82196sw51xqtc0000gn/T/pip-build-tracker-n7qv57c9
2022-12-27T02:54:59.2683700Z Initialized build tracking at /private/var/folders/51/hd414ycd67n82196sw51xqtc0000gn/T/pip-build-tracker-n7qv57c9
2022-12-27T02:54:59.2687170Z Created build tracker: /private/var/folders/51/hd414ycd67n82196sw51xqtc0000gn/T/pip-build-tracker-n7qv57c9
2022-12-27T02:54:59.2690210Z Entered build tracker: /private/var/folders/51/hd414ycd67n82196sw51xqtc0000gn/T/pip-build-tracker-n7qv57c9
2022-12-27T02:54:59.2696770Z Created temporary directory: /private/var/folders/51/hd414ycd67n82196sw51xqtc0000gn/T/pip-wheel-esv26zmr
2022-12-27T02:54:59.2709970Z Created temporary directory: /private/var/folders/51/hd414ycd67n82196sw51xqtc0000gn/T/pip-ephem-wheel-cache-_gckmmfa
2022-12-27T02:54:59.3004880Z Processing /Users/runner/actions-runner/_work/python.build/python.build/build_grpcio015039/grpcio-0.15.0
2022-12-27T02:54:59.3012890Z   Added file:///Users/runner/actions-runner/_work/python.build/python.build/build_grpcio015039/grpcio-0.15.0 to build tracker '/private/var/folders/51/hd414ycd67n82196sw51xqtc0000gn/T/pip-build-tracker-n7qv57c9'
2022-12-27T02:54:59.3018230Z   Running setup.py (path:/Users/runner/actions-runner/_work/python.build/python.build/build_grpcio015039/grpcio-0.15.0/setup.py) egg_info for package from file:///Users/runner/actions-runner/_work/python.build/python.build/build_grpcio015039/grpcio-0.15.0
2022-12-27T02:54:59.3023320Z   Created temporary directory: /private/var/folders/51/hd414ycd67n82196sw51xqtc0000gn/T/pip-pip-egg-info-e_1tm4dn
2022-12-27T02:54:59.3026140Z   Preparing metadata (setup.py): started
2022-12-27T02:54:59.3029670Z   Running command python setup.py egg_info
2022-12-27T02:55:00.1162060Z   /private/var/folders/51/hd414ycd67n82196sw51xqtc0000gn/T/cibw-run-opjuodni/cp39-macosx_arm64/build/venv/lib/python3.9/site-packages/Cython/Compiler/Main.py:369: FutureWarning: Cython directive 'language_level' not set, using 2 for now (Py2). This will change in a later release! File: /Users/runner/actions-runner/_work/python.build/python.build/build_grpcio015039/grpcio-0.15.0/src/python/grpcio/grpc/_cython/cygrpc.pxd
2022-12-27T02:55:00.1164750Z     tree = Parsing.p_module(s, pxd, full_module_name)
2022-12-27T02:55:00.2240850Z   warning: ./src/python/grpcio/grpc/_cython/_cygrpc/grpc.pxi:146:13: 'GRPC_ARG_PRIMARY_USER_AGENT_STRING' redeclared
2022-12-27T02:55:01.9372260Z   Compiling ./src/python/grpcio/grpc/_cython/cygrpc.pyx because it depends on /private/var/folders/51/hd414ycd67n82196sw51xqtc0000gn/T/cibw-run-opjuodni/cp39-macosx_arm64/build/venv/lib/python3.9/site-packages/Cython/Includes/libc/time.pxd.
2022-12-27T02:55:01.9375580Z   [1/1] Cythonizing ./src/python/grpcio/grpc/_cython/cygrpc.pyx
2022-12-27T02:55:01.9703640Z   /private/var/folders/51/hd414ycd67n82196sw51xqtc0000gn/T/cibw-run-opjuodni/cp39-macosx_arm64/build/venv/lib/python3.9/site-packages/setuptools/installer.py:27: SetuptoolsDeprecationWarning: setuptools.installer is deprecated. Requirements should be satisfied by a PEP 517 installer.
2022-12-27T02:55:01.9705250Z     warnings.warn(
2022-12-27T02:55:21.3461850Z   running egg_info
2022-12-27T02:55:21.3473020Z   creating /private/var/folders/51/hd414ycd67n82196sw51xqtc0000gn/T/pip-pip-egg-info-e_1tm4dn/grpcio.egg-info
2022-12-27T02:55:21.3670830Z   writing /private/var/folders/51/hd414ycd67n82196sw51xqtc0000gn/T/pip-pip-egg-info-e_1tm4dn/grpcio.egg-info/PKG-INFO
2022-12-27T02:55:21.3682480Z   writing dependency_links to /private/var/folders/51/hd414ycd67n82196sw51xqtc0000gn/T/pip-pip-egg-info-e_1tm4dn/grpcio.egg-info/dependency_links.txt
2022-12-27T02:55:21.3685210Z   writing requirements to /private/var/folders/51/hd414ycd67n82196sw51xqtc0000gn/T/pip-pip-egg-info-e_1tm4dn/grpcio.egg-info/requires.txt
2022-12-27T02:55:21.3687750Z   writing top-level names to /private/var/folders/51/hd414ycd67n82196sw51xqtc0000gn/T/pip-pip-egg-info-e_1tm4dn/grpcio.egg-info/top_level.txt
2022-12-27T02:55:21.3690370Z   writing manifest file '/private/var/folders/51/hd414ycd67n82196sw51xqtc0000gn/T/pip-pip-egg-info-e_1tm4dn/grpcio.egg-info/SOURCES.txt'
2022-12-27T02:55:21.4269250Z   reading manifest file '/private/var/folders/51/hd414ycd67n82196sw51xqtc0000gn/T/pip-pip-egg-info-e_1tm4dn/grpcio.egg-info/SOURCES.txt'
2022-12-27T02:55:21.4274140Z   reading manifest template 'PYTHON-MANIFEST.in'
2022-12-27T02:55:21.4603890Z   warning: no files found matching '*.python' under directory 'src/python/grpcio/grpc'
2022-12-27T02:55:21.4652620Z   warning: no previously-included files matching '*.so' found under directory 'src/python/grpcio/grpc/_cython'
2022-12-27T02:55:21.4657440Z   warning: no previously-included files matching '*.pyd' found under directory 'src/python/grpcio/grpc/_cython'
2022-12-27T02:55:21.5458080Z   warning: no files found matching 'src/python/grpcio/precompiled.py'
2022-12-27T02:55:21.5979150Z   writing manifest file '/private/var/folders/51/hd414ycd67n82196sw51xqtc0000gn/T/pip-pip-egg-info-e_1tm4dn/grpcio.egg-info/SOURCES.txt'
2022-12-27T02:55:21.7524060Z   Preparing metadata (setup.py): finished with status 'done'
2022-12-27T02:55:21.7598950Z   Source in /Users/runner/actions-runner/_work/python.build/python.build/build_grpcio015039/grpcio-0.15.0 has version 0.15.0, which satisfies requirement grpcio==0.15.0 from file:///Users/runner/actions-runner/_work/python.build/python.build/build_grpcio015039/grpcio-0.15.0
2022-12-27T02:55:21.7607290Z   Removed grpcio==0.15.0 from file:///Users/runner/actions-runner/_work/python.build/python.build/build_grpcio015039/grpcio-0.15.0 from build tracker '/private/var/folders/51/hd414ycd67n82196sw51xqtc0000gn/T/pip-build-tracker-n7qv57c9'
2022-12-27T02:55:21.7636440Z Created temporary directory: /private/var/folders/51/hd414ycd67n82196sw51xqtc0000gn/T/pip-unpack-y6uyycjp
2022-12-27T02:55:21.7639170Z Building wheels for collected packages: grpcio
2022-12-27T02:55:21.7652430Z   Created temporary directory: /private/var/folders/51/hd414ycd67n82196sw51xqtc0000gn/T/pip-wheel-5h2rjh9v
2022-12-27T02:55:21.7653760Z   Building wheel for grpcio (setup.py): started
2022-12-27T02:55:21.7658370Z   Destination directory: /private/var/folders/51/hd414ycd67n82196sw51xqtc0000gn/T/pip-wheel-5h2rjh9v
2022-12-27T02:55:21.7660040Z   Running command python setup.py bdist_wheel
2022-12-27T02:55:22.4980960Z   /private/var/folders/51/hd414ycd67n82196sw51xqtc0000gn/T/cibw-run-opjuodni/cp39-macosx_arm64/build/venv/lib/python3.9/site-packages/setuptools/installer.py:27: SetuptoolsDeprecationWarning: setuptools.installer is deprecated. Requirements should be satisfied by a PEP 517 installer.
2022-12-27T02:55:22.5129680Z     warnings.warn(
2022-12-27T02:55:22.9301340Z   running bdist_wheel
2022-12-27T02:55:22.9820130Z   running build
2022-12-27T02:55:22.9822310Z   running build_py
2022-12-27T02:55:22.9825580Z   running build_proto_modules
2022-12-27T02:55:22.9826950Z   Traceback (most recent call last):
2022-12-27T02:55:22.9849360Z     File "/Users/runner/actions-runner/_work/python.build/python.build/build_grpcio015039/grpcio-0.15.0/src/python/grpcio/commands.py", line 229, in run
2022-12-27T02:55:22.9850090Z       self.run_command('build_proto_modules')
2022-12-27T02:55:22.9850900Z     File "/private/var/folders/51/hd414ycd67n82196sw51xqtc0000gn/T/cibw-run-opjuodni/cp39-macosx_arm64/build/venv/lib/python3.9/site-packages/setuptools/_distutils/cmd.py", line 318, in run_command
2022-12-27T02:55:22.9851340Z       self.distribution.run_command(command)
2022-12-27T02:55:22.9852090Z     File "/private/var/folders/51/hd414ycd67n82196sw51xqtc0000gn/T/cibw-run-opjuodni/cp39-macosx_arm64/build/venv/lib/python3.9/site-packages/setuptools/dist.py", line 1208, in run_command
2022-12-27T02:55:22.9871050Z       super().run_command(command)
2022-12-27T02:55:22.9875350Z     File "/private/var/folders/51/hd414ycd67n82196sw51xqtc0000gn/T/cibw-run-opjuodni/cp39-macosx_arm64/build/venv/lib/python3.9/site-packages/setuptools/_distutils/dist.py", line 988, in run_command
2022-12-27T02:55:22.9885890Z       cmd_obj.run()
2022-12-27T02:55:22.9892600Z     File "/Users/runner/actions-runner/_work/python.build/python.build/build_grpcio015039/grpcio-0.15.0/src/python/grpcio/commands.py", line 159, in run
2022-12-27T02:55:22.9960120Z ##[error]      raise CommandError('could not find protoc')
2022-12-27T02:55:22.9969320Z   commands.CommandError: could not find protoc
2022-12-27T02:55:22.9969540Z 
2022-12-27T02:55:22.9969710Z   During handling of the above exception, another exception occurred:
2022-12-27T02:55:22.9969950Z 
2022-12-27T02:55:22.9970050Z   Traceback (most recent call last):
2022-12-27T02:55:22.9970420Z     File "<string>", line 2, in <module>
2022-12-27T02:55:22.9971200Z     File "<pip-setuptools-caller>", line 34, in <module>
2022-12-27T02:55:22.9971900Z     File "/Users/runner/actions-runner/_work/python.build/python.build/build_grpcio015039/grpcio-0.15.0/setup.py", line 244, in <module>
2022-12-27T02:55:22.9972510Z       setuptools.setup(
2022-12-27T02:55:22.9973360Z     File "/private/var/folders/51/hd414ycd67n82196sw51xqtc0000gn/T/cibw-run-opjuodni/cp39-macosx_arm64/build/venv/lib/python3.9/site-packages/setuptools/__init__.py", line 87, in setup
2022-12-27T02:55:22.9973970Z       return distutils.core.setup(**attrs)
2022-12-27T02:55:22.9974870Z     File "/private/var/folders/51/hd414ycd67n82196sw51xqtc0000gn/T/cibw-run-opjuodni/cp39-macosx_arm64/build/venv/lib/python3.9/site-packages/setuptools/_distutils/core.py", line 185, in setup
2022-12-27T02:55:22.9975430Z       return run_commands(dist)
2022-12-27T02:55:22.9976340Z     File "/private/var/folders/51/hd414ycd67n82196sw51xqtc0000gn/T/cibw-run-opjuodni/cp39-macosx_arm64/build/venv/lib/python3.9/site-packages/setuptools/_distutils/core.py", line 201, in run_commands
2022-12-27T02:55:22.9976860Z       dist.run_commands()
2022-12-27T02:55:22.9977720Z     File "/private/var/folders/51/hd414ycd67n82196sw51xqtc0000gn/T/cibw-run-opjuodni/cp39-macosx_arm64/build/venv/lib/python3.9/site-packages/setuptools/_distutils/dist.py", line 969, in run_commands
2022-12-27T02:55:22.9978290Z       self.run_command(cmd)
2022-12-27T02:55:22.9979810Z     File "/private/var/folders/51/hd414ycd67n82196sw51xqtc0000gn/T/cibw-run-opjuodni/cp39-macosx_arm64/build/venv/lib/python3.9/site-packages/setuptools/dist.py", line 1208, in run_command
2022-12-27T02:55:22.9980410Z       super().run_command(command)
2022-12-27T02:55:22.9981190Z     File "/private/var/folders/51/hd414ycd67n82196sw51xqtc0000gn/T/cibw-run-opjuodni/cp39-macosx_arm64/build/venv/lib/python3.9/site-packages/setuptools/_distutils/dist.py", line 988, in run_command
2022-12-27T02:55:22.9981750Z       cmd_obj.run()
2022-12-27T02:55:22.9982680Z     File "/private/var/folders/51/hd414ycd67n82196sw51xqtc0000gn/T/cibw-run-opjuodni/cp39-macosx_arm64/build/venv/lib/python3.9/site-packages/wheel/bdist_wheel.py", line 325, in run
2022-12-27T02:55:22.9983250Z       self.run_command("build")
2022-12-27T02:55:22.9984170Z     File "/private/var/folders/51/hd414ycd67n82196sw51xqtc0000gn/T/cibw-run-opjuodni/cp39-macosx_arm64/build/venv/lib/python3.9/site-packages/setuptools/_distutils/cmd.py", line 318, in run_command
2022-12-27T02:55:22.9984690Z       self.distribution.run_command(command)
2022-12-27T02:55:22.9985490Z     File "/private/var/folders/51/hd414ycd67n82196sw51xqtc0000gn/T/cibw-run-opjuodni/cp39-macosx_arm64/build/venv/lib/python3.9/site-packages/setuptools/dist.py", line 1208, in run_command
2022-12-27T02:55:22.9986090Z       super().run_command(command)
2022-12-27T02:55:22.9986930Z     File "/private/var/folders/51/hd414ycd67n82196sw51xqtc0000gn/T/cibw-run-opjuodni/cp39-macosx_arm64/build/venv/lib/python3.9/site-packages/setuptools/_distutils/dist.py", line 988, in run_command
2022-12-27T02:55:22.9987520Z       cmd_obj.run()
2022-12-27T02:55:22.9988540Z     File "/private/var/folders/51/hd414ycd67n82196sw51xqtc0000gn/T/cibw-run-opjuodni/cp39-macosx_arm64/build/venv/lib/python3.9/site-packages/setuptools/_distutils/command/build.py", line 132, in run
2022-12-27T02:55:22.9989210Z       self.run_command(cmd_name)
2022-12-27T02:55:22.9990200Z     File "/private/var/folders/51/hd414ycd67n82196sw51xqtc0000gn/T/cibw-run-opjuodni/cp39-macosx_arm64/build/venv/lib/python3.9/site-packages/setuptools/_distutils/cmd.py", line 318, in run_command
2022-12-27T02:55:22.9991360Z       self.distribution.run_command(command)
2022-12-27T02:55:22.9992300Z     File "/private/var/folders/51/hd414ycd67n82196sw51xqtc0000gn/T/cibw-run-opjuodni/cp39-macosx_arm64/build/venv/lib/python3.9/site-packages/setuptools/dist.py", line 1208, in run_command
2022-12-27T02:55:22.9993620Z       super().run_command(command)
2022-12-27T02:55:22.9998380Z     File "/private/var/folders/51/hd414ycd67n82196sw51xqtc0000gn/T/cibw-run-opjuodni/cp39-macosx_arm64/build/venv/lib/python3.9/site-packages/setuptools/_distutils/dist.py", line 988, in run_command
2022-12-27T02:55:22.9999150Z       cmd_obj.run()
2022-12-27T02:55:23.0003720Z     File "/Users/runner/actions-runner/_work/python.build/python.build/build_grpcio015039/grpcio-0.15.0/src/python/grpcio/commands.py", line 231, in run
2022-12-27T02:55:23.0005370Z       sys.stderr.write('warning: %s\n' % error.message)
2022-12-27T02:55:23.0008510Z   AttributeError: 'CommandError' object has no attribute 'message'
2022-12-27T02:55:23.0701060Z   error: subprocess-exited-with-error
2022-12-27T02:55:23.0701950Z   
2022-12-27T02:55:23.0703360Z   × python setup.py bdist_wheel did not run successfully.
2022-12-27T02:55:23.0704940Z   │ exit code: 1
2022-12-27T02:55:23.0705880Z   ╰─> See above for output.
2022-12-27T02:55:23.0706380Z   
2022-12-27T02:55:23.0707210Z   note: This error originates from a subprocess, and is likely not a problem with pip.
2022-12-27T02:55:23.0719100Z   full command: /private/var/folders/51/hd414ycd67n82196sw51xqtc0000gn/T/cibw-run-opjuodni/cp39-macosx_arm64/build/venv/bin/python -u -c '
2022-12-27T02:55:23.0719730Z   exec(compile('"'"''"'"''"'"'
2022-12-27T02:55:23.0720380Z   # This is <pip-setuptools-caller> -- a caller that pip uses to run setup.py
2022-12-27T02:55:23.0720800Z   #
2022-12-27T02:55:23.0721250Z   # - It imports setuptools before invoking setup.py, to enable projects that directly
2022-12-27T02:55:23.0721760Z   #   import from `distutils.core` to work with newer packaging standards.
2022-12-27T02:55:23.0722930Z   # - It provides a clear error message when setuptools is not installed.
2022-12-27T02:55:23.0723780Z   # - It sets `sys.argv[0]` to the underlying `setup.py`, when invoking `setup.py` so
2022-12-27T02:55:23.0724410Z   #   setuptools doesn'"'"'t think the script is `-c`. This avoids the following warning:
2022-12-27T02:55:23.0724970Z   #     manifest_maker: standard file '"'"'-c'"'"' not found".
2022-12-27T02:55:23.0725490Z   # - It generates a shim setup.py, for handling setup.cfg-only projects.
2022-12-27T02:55:23.0725870Z   import os, sys, tokenize
2022-12-27T02:55:23.0726200Z   
2022-12-27T02:55:23.0726500Z   try:
2022-12-27T02:55:23.0726930Z   Building wheel for grpcio (setup.py): finished with status 'error'
2022-12-27T02:55:23.0732740Z       import setuptools
2022-12-27T02:55:23.0733160Z   except ImportError as error:
2022-12-27T02:55:23.0733530Z       print(
2022-12-27T02:55:23.0733920Z           "ERROR: Can not execute `setup.py` since setuptools is not available in "
2022-12-27T02:55:23.0734260Z           "the build environment.",
2022-12-27T02:55:23.0734470Z           file=sys.stderr,
2022-12-27T02:55:23.0734730Z       )
2022-12-27T02:55:23.0734900Z       sys.exit(1)
2022-12-27T02:55:23.0735190Z   
2022-12-27T02:55:23.0735450Z   __file__ = %r
2022-12-27T02:55:23.0735710Z   sys.argv[0] = __file__
2022-12-27T02:55:23.0736000Z   
2022-12-27T02:55:23.0736320Z   if os.path.exists(__file__):
2022-12-27T02:55:23.0736580Z       filename = __file__
2022-12-27T02:55:23.0736950Z       with tokenize.open(__file__) as f:
2022-12-27T02:55:23.0737790Z           setup_py_code = f.read()
2022-12-27T02:55:23.0738100Z   Running setup.py clean for grpcio
2022-12-27T02:55:23.0742870Z   else:
2022-12-27T02:55:23.0744490Z       filename = "<auto-generated setuptools caller>"
2022-12-27T02:55:23.0745370Z       setup_py_code = "from setuptools import setup; setup()"
2022-12-27T02:55:23.0746810Z   
2022-12-27T02:55:23.0747490Z   exec(compile(setup_py_code, filename, "exec"))
2022-12-27T02:55:23.0748840Z   '"'"''"'"''"'"' % ('"'"'/Users/runner/actions-runner/_work/python.build/python.build/build_grpcio015039/grpcio-0.15.0/setup.py'"'"',), "<pip-setuptools-caller>", "exec"))' bdist_wheel -d /private/var/folders/51/hd414ycd67n82196sw51xqtc0000gn/T/pip-wheel-5h2rjh9v
2022-12-27T02:55:23.0749730Z   cwd: /Users/runner/actions-runner/_work/python.build/python.build/build_grpcio015039/grpcio-0.15.0/
2022-12-27T02:55:23.0750220Z   ERROR: Failed building wheel for grpcio
2022-12-27T02:55:23.0750540Z   Running command python setup.py clean
2022-12-27T02:55:23.8141290Z   /private/var/folders/51/hd414ycd67n82196sw51xqtc0000gn/T/cibw-run-opjuodni/cp39-macosx_arm64/build/venv/lib/python3.9/site-packages/setuptools/installer.py:27: SetuptoolsDeprecationWarning: setuptools.installer is deprecated. Requirements should be satisfied by a PEP 517 installer.
2022-12-27T02:55:23.8145770Z     warnings.warn(
2022-12-27T02:55:24.2603940Z   running clean
2022-12-27T02:55:24.2974310Z   'python_build/lib.macosx-11.0-arm64-cpython-39' does not exist -- can't clean it
2022-12-27T02:55:24.2978600Z   'python_build/bdist.macosx-11.0-arm64' does not exist -- can't clean it
2022-12-27T02:55:24.2983570Z   'python_build/scripts-3.9' does not exist -- can't clean it
2022-12-27T02:55:24.3620090Z Failed to build grpcio
2022-12-27T02:55:24.3625800Z ERROR: Failed to build one or more wheels
2022-12-27T02:55:24.3643410Z Exception information:
2022-12-27T02:55:24.3643790Z Traceback (most recent call last):
2022-12-27T02:55:24.3644910Z   File "/private/var/folders/51/hd414ycd67n82196sw51xqtc0000gn/T/cibw-run-opjuodni/cp39-macosx_arm64/build/venv/lib/python3.9/site-packages/pip/_internal/cli/base_command.py", line 160, in exc_logging_wrapper
2022-12-27T02:55:24.3645490Z     status = run_func(*args)
2022-12-27T02:55:24.3647520Z   File "/private/var/folders/51/hd414ycd67n82196sw51xqtc0000gn/T/cibw-run-opjuodni/cp39-macosx_arm64/build/venv/lib/python3.9/site-packages/pip/_internal/cli/req_command.py", line 247, in wrapper
2022-12-27T02:55:24.3648410Z     return func(self, options, args)
2022-12-27T02:55:24.3650590Z   File "/private/var/folders/51/hd414ycd67n82196sw51xqtc0000gn/T/cibw-run-opjuodni/cp39-macosx_arm64/build/venv/lib/python3.9/site-packages/pip/_internal/commands/wheel.py", line 201, in run
2022-12-27T02:55:24.3651830Z     raise CommandError("Failed to build one or more wheels")
2022-12-27T02:55:24.3652720Z pip._internal.exceptions.CommandError: Failed to build one or more wheels
2022-12-27T02:55:24.3654110Z Removed build tracker: '/private/var/folders/51/hd414ycd67n82196sw51xqtc0000gn/T/pip-build-tracker-n7qv57c9'
2022-12-27T02:55:24.4498770Z ##[endgroup]
2022-12-27T02:55:24.4524150Z ##[error]Command ['python', '-m', 'pip', 'wheel', '/Users/runner/actions-runner/_work/python.build/python.build/build_grpcio015039/grpcio-0.15.0', '--wheel-dir=/private/var/folders/51/hd414ycd67n82196sw51xqtc0000gn/T/cibw-run-opjuodni/cp39-macosx_arm64/built_wheel', '--no-deps', '-vvv'] failed with code 1. None
2022-12-27T02:55:24.4525300Z 
2022-12-27T02:55:24.4525750Z                                                              [31m✕ [0m25.65s
2022-12-27T02:55:24.5779680Z ##[error]Process completed with exit code 1.
2022-12-27T02:55:24.5834620Z ##[group]Run rm -rf build_grpcio015039 wheelsout
2022-12-27T02:55:24.5834980Z [36;1mrm -rf build_grpcio015039 wheelsout[0m
2022-12-27T02:55:24.5861900Z shell: /bin/bash -e {0}
2022-12-27T02:55:24.5862200Z env:
2022-12-27T02:55:24.5862550Z   pythonLocation: /Users/runner/hostedtoolcache/Python/3.9.16/x64
2022-12-27T02:55:24.5862930Z   PKG_CONFIG_PATH: /Users/runner/hostedtoolcache/Python/3.9.16/x64/lib/pkgconfig
2022-12-27T02:55:24.5863340Z   Python_ROOT_DIR: /Users/runner/hostedtoolcache/Python/3.9.16/x64
2022-12-27T02:55:24.5863750Z   Python2_ROOT_DIR: /Users/runner/hostedtoolcache/Python/3.9.16/x64
2022-12-27T02:55:24.5864100Z   Python3_ROOT_DIR: /Users/runner/hostedtoolcache/Python/3.9.16/x64
2022-12-27T02:55:24.5864800Z ##[endgroup]
2022-12-27T02:55:25.2692910Z Cleaning up orphan processes
