2022-12-27T08:50:23.4890553Z Requested labels: self-hosted, macOS, X64
2022-12-27T08:50:23.4890657Z Job defined at: kilnbuild/python.build/.github/workflows/mac_arm_build.yml@refs/heads/main
2022-12-27T08:50:23.4890689Z Waiting for a runner to pick up this job...
2022-12-27T11:19:50.7722366Z Job is about to start running on the runner: kr1 (organization)
2022-12-27T11:19:54.7859900Z Current runner version: '2.300.2'
2022-12-27T11:19:54.7867360Z Runner name: 'kr1'
2022-12-27T11:19:54.7867750Z Runner group name: 'Default'
2022-12-27T11:19:54.7868600Z Machine name: 'kr1'
2022-12-27T11:19:54.7871160Z ##[group]GITHUB_TOKEN Permissions
2022-12-27T11:19:54.7871830Z Actions: write
2022-12-27T11:19:54.7872170Z Checks: write
2022-12-27T11:19:54.7872410Z Contents: write
2022-12-27T11:19:54.7872670Z Deployments: write
2022-12-27T11:19:54.7873040Z Discussions: write
2022-12-27T11:19:54.7873290Z Issues: write
2022-12-27T11:19:54.7873530Z Metadata: read
2022-12-27T11:19:54.7873770Z Packages: write
2022-12-27T11:19:54.7874020Z Pages: write
2022-12-27T11:19:54.7874280Z PullRequests: write
2022-12-27T11:19:54.7874560Z RepositoryProjects: write
2022-12-27T11:19:54.7874950Z SecurityEvents: write
2022-12-27T11:19:54.7875210Z Statuses: write
2022-12-27T11:19:54.7875460Z ##[endgroup]
2022-12-27T11:19:54.7879220Z Secret source: Actions
2022-12-27T11:19:54.7879720Z Prepare workflow directory
2022-12-27T11:19:54.8970640Z Prepare all required actions
2022-12-27T11:19:54.9173080Z Getting action download info
2022-12-27T11:19:55.4037260Z Download action repository 'actions/setup-python@v4' (SHA:5ccb29d8773c3f3f653e1705f474dfaa8a06a912)
2022-12-27T11:19:58.3383540Z Download action repository 'actions/upload-artifact@v3' (SHA:83fd05a356d7e2593de66fc9913b3002723633cb)
2022-12-27T11:19:59.8036400Z ##[group]Run echo '{
2022-12-27T11:19:59.8036880Z [36;1mecho '{[0m
2022-12-27T11:19:59.8037510Z [36;1m  "package_name": "lxml",[0m
2022-12-27T11:19:59.8038060Z [36;1m  "package_url": "https://files.pythonhosted.org/packages/62/56/5d182812ae16666c15deb6f2eed62c1fbf4dc62944c434cc06fb15b402c5/lxml-1.0.4.tar.gz",[0m
2022-12-27T11:19:59.8038510Z [36;1m  "package_version": "1.0.4",[0m
2022-12-27T11:19:59.8038860Z [36;1m  "python_version": "3.10",[0m
2022-12-27T11:19:59.8039140Z [36;1m  "use_ccache": "true"[0m
2022-12-27T11:19:59.8039370Z [36;1m}'[0m
2022-12-27T11:19:59.8068940Z shell: /bin/bash -e {0}
2022-12-27T11:19:59.8069170Z ##[endgroup]
2022-12-27T11:19:59.8485980Z {
2022-12-27T11:19:59.8489110Z   "package_name": "lxml",
2022-12-27T11:19:59.8490250Z   "package_url": "https://files.pythonhosted.org/packages/62/56/5d182812ae16666c15deb6f2eed62c1fbf4dc62944c434cc06fb15b402c5/lxml-1.0.4.tar.gz",
2022-12-27T11:19:59.8490810Z   "package_version": "1.0.4",
2022-12-27T11:19:59.8491430Z   "python_version": "3.10",
2022-12-27T11:19:59.8491750Z   "use_ccache": "true"
2022-12-27T11:19:59.8492080Z }
2022-12-27T11:19:59.8881550Z ##[group]Run actions/setup-python@v4
2022-12-27T11:19:59.8881980Z with:
2022-12-27T11:19:59.8882440Z   python-version: 3.10
2022-12-27T11:19:59.8882830Z   check-latest: false
2022-12-27T11:19:59.8883450Z   token: ***
2022-12-27T11:19:59.8883860Z   update-environment: true
2022-12-27T11:19:59.8884320Z ##[endgroup]
2022-12-27T11:20:00.1177730Z ##[group]Installed versions
2022-12-27T11:20:00.1243970Z Successfully set up CPython (3.10.9)
2022-12-27T11:20:00.1244730Z ##[endgroup]
2022-12-27T11:20:00.1474920Z ##[group]Run if [ "true" == "true" ]
2022-12-27T11:20:00.1475560Z [36;1mif [ "true" == "true" ][0m
2022-12-27T11:20:00.1475930Z [36;1mthen[0m
2022-12-27T11:20:00.1476260Z [36;1m  echo "CCACHE_PATH_PREPEND=/usr/local/opt/ccache/libexec" >> $GITHUB_OUTPUT[0m
2022-12-27T11:20:00.1476780Z [36;1melse[0m
2022-12-27T11:20:00.1477160Z [36;1m  echo "CCACHE_PATH_PREPEND=" >> $GITHUB_OUTPUT[0m
2022-12-27T11:20:00.1477450Z [36;1mfi[0m
2022-12-27T11:20:00.1507250Z shell: /bin/bash -e {0}
2022-12-27T11:20:00.1507590Z env:
2022-12-27T11:20:00.1507980Z   pythonLocation: /Users/runner/hostedtoolcache/Python/3.10.9/x64
2022-12-27T11:20:00.1508380Z   PKG_CONFIG_PATH: /Users/runner/hostedtoolcache/Python/3.10.9/x64/lib/pkgconfig
2022-12-27T11:20:00.1508930Z   Python_ROOT_DIR: /Users/runner/hostedtoolcache/Python/3.10.9/x64
2022-12-27T11:20:00.1509490Z   Python2_ROOT_DIR: /Users/runner/hostedtoolcache/Python/3.10.9/x64
2022-12-27T11:20:00.1510070Z   Python3_ROOT_DIR: /Users/runner/hostedtoolcache/Python/3.10.9/x64
2022-12-27T11:20:00.1510910Z ##[endgroup]
2022-12-27T11:20:00.1814250Z ##[group]Run echo "BUILD_NAME=$(echo lxml_1.0.4_3.10 | tr -dc '[:alnum:]\n\r' | tr '[:upper:]' '[:lower:]')" >> $GITHUB_OUTPUT
2022-12-27T11:20:00.1814770Z [36;1mecho "BUILD_NAME=$(echo lxml_1.0.4_3.10 | tr -dc '[:alnum:]\n\r' | tr '[:upper:]' '[:lower:]')" >> $GITHUB_OUTPUT[0m
2022-12-27T11:20:00.1841850Z shell: /bin/bash -e {0}
2022-12-27T11:20:00.1842040Z env:
2022-12-27T11:20:00.1842270Z   pythonLocation: /Users/runner/hostedtoolcache/Python/3.10.9/x64
2022-12-27T11:20:00.1842590Z   PKG_CONFIG_PATH: /Users/runner/hostedtoolcache/Python/3.10.9/x64/lib/pkgconfig
2022-12-27T11:20:00.1842910Z   Python_ROOT_DIR: /Users/runner/hostedtoolcache/Python/3.10.9/x64
2022-12-27T11:20:00.1843270Z   Python2_ROOT_DIR: /Users/runner/hostedtoolcache/Python/3.10.9/x64
2022-12-27T11:20:00.1843610Z   Python3_ROOT_DIR: /Users/runner/hostedtoolcache/Python/3.10.9/x64
2022-12-27T11:20:00.1843900Z ##[endgroup]
2022-12-27T11:20:00.2092440Z ##[group]Run echo "PYTHON_NO_DOTS=$(echo 3.10 | tr -dc '[:alnum:]\n\r' | tr '[:upper:]' '[:lower:]')" >> $GITHUB_OUTPUT
2022-12-27T11:20:00.2093210Z [36;1mecho "PYTHON_NO_DOTS=$(echo 3.10 | tr -dc '[:alnum:]\n\r' | tr '[:upper:]' '[:lower:]')" >> $GITHUB_OUTPUT[0m
2022-12-27T11:20:00.2119800Z shell: /bin/bash -e {0}
2022-12-27T11:20:00.2120110Z env:
2022-12-27T11:20:00.2120660Z   pythonLocation: /Users/runner/hostedtoolcache/Python/3.10.9/x64
2022-12-27T11:20:00.2121040Z   PKG_CONFIG_PATH: /Users/runner/hostedtoolcache/Python/3.10.9/x64/lib/pkgconfig
2022-12-27T11:20:00.2121490Z   Python_ROOT_DIR: /Users/runner/hostedtoolcache/Python/3.10.9/x64
2022-12-27T11:20:00.2121910Z   Python2_ROOT_DIR: /Users/runner/hostedtoolcache/Python/3.10.9/x64
2022-12-27T11:20:00.2122440Z   Python3_ROOT_DIR: /Users/runner/hostedtoolcache/Python/3.10.9/x64
2022-12-27T11:20:00.2122730Z ##[endgroup]
2022-12-27T11:20:00.2393590Z ##[group]Run rm -rf build_lxml104310
2022-12-27T11:20:00.2394090Z [36;1mrm -rf build_lxml104310[0m
2022-12-27T11:20:00.2394430Z [36;1mmkdir build_lxml104310[0m
2022-12-27T11:20:00.2394860Z [36;1mcd build_lxml104310[0m
2022-12-27T11:20:00.2395370Z [36;1m/usr/local/bin/wget --quiet https://files.pythonhosted.org/packages/62/56/5d182812ae16666c15deb6f2eed62c1fbf4dc62944c434cc06fb15b402c5/lxml-1.0.4.tar.gz[0m
2022-12-27T11:20:00.2395850Z [36;1mtar xf *.tar.gz[0m
2022-12-27T11:20:00.2396160Z [36;1mcd *[0m
2022-12-27T11:20:00.2396440Z [36;1mpython -m pip install cibuildwheel==2.11.3[0m
2022-12-27T11:20:00.2396910Z [36;1mpython -m cibuildwheel --output-dir ../wheelsout[0m
2022-12-27T11:20:00.2424120Z shell: /bin/bash -e {0}
2022-12-27T11:20:00.2424370Z env:
2022-12-27T11:20:00.2424820Z   pythonLocation: /Users/runner/hostedtoolcache/Python/3.10.9/x64
2022-12-27T11:20:00.2425280Z   PKG_CONFIG_PATH: /Users/runner/hostedtoolcache/Python/3.10.9/x64/lib/pkgconfig
2022-12-27T11:20:00.2426920Z   Python_ROOT_DIR: /Users/runner/hostedtoolcache/Python/3.10.9/x64
2022-12-27T11:20:00.2427300Z   Python2_ROOT_DIR: /Users/runner/hostedtoolcache/Python/3.10.9/x64
2022-12-27T11:20:00.2427790Z   Python3_ROOT_DIR: /Users/runner/hostedtoolcache/Python/3.10.9/x64
2022-12-27T11:20:00.2428160Z   CIBW_ARCHS_MACOS: arm64
2022-12-27T11:20:00.2428420Z   CIBW_TEST_SKIP: *_arm64
2022-12-27T11:20:00.2428740Z   CIBW_BUILD: cp310-macosx_arm64
2022-12-27T11:20:00.2429060Z   CIBW_BUILD_FRONTEND: pip
2022-12-27T11:20:00.2429470Z   CIBW_BUILD_VERBOSITY: 3
2022-12-27T11:20:00.2429960Z   CIBW_ENVIRONMENT_MACOS:  CFLAGS="-I/usr/local/opt/openssl@3/include" LDFLAGS="-L/usr/local/opt/openssl@3/lib" CPPFLAGS="-I/usr/local/opt/openssl@3/include" MAKEFLAGS="-j$(sysctl -n hw.logicalcpu)" PATH=/usr/local/opt/ccache/libexec:$PATH
2022-12-27T11:20:00.2430600Z   CIBW_BEFORE_BUILD: pip install Cython; if [[ -f requirements.txt ]]; then pip install -r requirements.txt; fi
2022-12-27T11:20:00.2431040Z   MAKEFLAGS: -j$(sysctl -n hw.logicalcpu)
2022-12-27T11:20:00.2431430Z ##[endgroup]
2022-12-27T11:20:00.8228450Z Requirement already satisfied: cibuildwheel==2.11.3 in /Users/runner/hostedtoolcache/Python/3.10.9/x64/lib/python3.10/site-packages (2.11.3)
2022-12-27T11:20:00.8638370Z Requirement already satisfied: typing-extensions>=4.1.0 in /Users/runner/hostedtoolcache/Python/3.10.9/x64/lib/python3.10/site-packages (from cibuildwheel==2.11.3) (4.4.0)
2022-12-27T11:20:00.8643750Z Requirement already satisfied: filelock in /Users/runner/hostedtoolcache/Python/3.10.9/x64/lib/python3.10/site-packages (from cibuildwheel==2.11.3) (3.8.2)
2022-12-27T11:20:00.8648050Z Requirement already satisfied: certifi in /Users/runner/hostedtoolcache/Python/3.10.9/x64/lib/python3.10/site-packages (from cibuildwheel==2.11.3) (2022.12.7)
2022-12-27T11:20:00.8653060Z Requirement already satisfied: bracex in /Users/runner/hostedtoolcache/Python/3.10.9/x64/lib/python3.10/site-packages (from cibuildwheel==2.11.3) (2.3.post1)
2022-12-27T11:20:00.8657860Z Requirement already satisfied: platformdirs in /Users/runner/hostedtoolcache/Python/3.10.9/x64/lib/python3.10/site-packages (from cibuildwheel==2.11.3) (2.6.0)
2022-12-27T11:20:00.8665420Z Requirement already satisfied: packaging>=20.9 in /Users/runner/hostedtoolcache/Python/3.10.9/x64/lib/python3.10/site-packages (from cibuildwheel==2.11.3) (22.0)
2022-12-27T11:20:00.8674890Z Requirement already satisfied: tomli in /Users/runner/hostedtoolcache/Python/3.10.9/x64/lib/python3.10/site-packages (from cibuildwheel==2.11.3) (2.0.1)
2022-12-27T11:20:00.8682060Z Requirement already satisfied: bashlex!=0.13 in /Users/runner/hostedtoolcache/Python/3.10.9/x64/lib/python3.10/site-packages (from cibuildwheel==2.11.3) (0.16)
2022-12-27T11:20:01.2051260Z 
2022-12-27T11:20:01.2052000Z      _ _       _ _   _       _           _
2022-12-27T11:20:01.2053320Z  ___|_| |_ _ _|_| |_| |_ _ _| |_ ___ ___| |
2022-12-27T11:20:01.2054720Z |  _| | . | | | | | . | | | |   | -_| -_| |
2022-12-27T11:20:01.2057680Z |___|_|___|___|_|_|___|_____|_|_|___|___|_|
2022-12-27T11:20:01.2058100Z 
2022-12-27T11:20:01.2058620Z cibuildwheel version 2.11.3
2022-12-27T11:20:01.2059650Z 
2022-12-27T11:20:01.2060070Z Build options:
2022-12-27T11:20:01.2060820Z   platform: macos
2022-12-27T11:20:01.2116870Z   architectures: arm64[0m
2022-12-27T11:20:01.2117790Z   build_selector: 
2022-12-27T11:20:01.2119060Z     build_config: cp310-macosx_arm64
2022-12-27T11:20:01.2119930Z     skip_config: 
2022-12-27T11:20:01.2120600Z     requires_python: None
2022-12-27T11:20:01.2121360Z     prerelease_pythons: False[0m
2022-12-27T11:20:01.2123490Z   [38;5;244mcontainer_engine: docker[0m
2022-12-27T11:20:01.2124160Z   output_dir: /Users/runner/actions-runner/_work/python.build/python.build/build_lxml104310/wheelsout[0m
2022-12-27T11:20:01.2124900Z   package_dir: /Users/runner/actions-runner/_work/python.build/python.build/build_lxml104310/lxml-1.0.4[0m
2022-12-27T11:20:01.2125350Z   test_selector: 
2022-12-27T11:20:01.2126120Z     skip_config: *_arm64[0m
2022-12-27T11:20:01.2126510Z   [38;5;244mbefore_all: [0m
2022-12-27T11:20:01.2127100Z   before_build: pip install Cython; if [[ -f requirements.txt ]]; then pip install -r requirements.txt; fi[0m
2022-12-27T11:20:01.2127640Z   [38;5;244mbefore_test: [0m
2022-12-27T11:20:01.2128000Z   [38;5;244mbuild_frontend: pip[0m
2022-12-27T11:20:01.2128760Z   build_verbosity: 3[0m
2022-12-27T11:20:01.2129210Z   [38;5;244mconfig_settings: [0m
2022-12-27T11:20:01.2129720Z   [38;5;244mdependency_constraints: pinned[0m
2022-12-27T11:20:01.2130120Z   environment: 
2022-12-27T11:20:01.2130580Z     CFLAGS="-I/usr/local/opt/openssl@3/include"
2022-12-27T11:20:01.2131190Z     LDFLAGS="-L/usr/local/opt/openssl@3/lib"
2022-12-27T11:20:01.2131700Z     CPPFLAGS="-I/usr/local/opt/openssl@3/include"
2022-12-27T11:20:01.2132180Z     MAKEFLAGS="-j$(sysctl -n hw.logicalcpu)"
2022-12-27T11:20:01.2132700Z     PATH=/usr/local/opt/ccache/libexec:$PATH[0m
2022-12-27T11:20:01.2133180Z   [38;5;244mmanylinux_images: None[0m
2022-12-27T11:20:01.2133830Z   [38;5;244mmusllinux_images: None[0m
2022-12-27T11:20:01.2134430Z   [38;5;244mrepair_command: delocate-wheel --require-archs {delocate_archs} -w {dest_dir} -v {wheel}[0m
2022-12-27T11:20:01.2135870Z   [38;5;244mtest_command: [0m
2022-12-27T11:20:01.2136320Z   [38;5;244mtest_extras: [0m
2022-12-27T11:20:01.2136910Z   [38;5;244mtest_requires: [0m
2022-12-27T11:20:01.2137120Z 
2022-12-27T11:20:01.2137320Z Cache folder: /Users/runner/Library/Caches/cibuildwheel
2022-12-27T11:20:01.2145920Z 
2022-12-27T11:20:01.2147060Z Here we go!
2022-12-27T11:20:01.2147680Z 
2022-12-27T11:20:01.2264420Z 
2022-12-27T11:20:01.2265180Z [1m[34mBuilding cp310-macosx_arm64 wheel[0m
2022-12-27T11:20:01.2266140Z CPython 3.10 macOS arm64 - Apple Silicon
2022-12-27T11:20:01.2266950Z 
2022-12-27T11:20:01.2270980Z ##[group]Installing Python cp310...
2022-12-27T11:20:01.2271500Z 
2022-12-27T11:20:01.2272050Z + pkgutil --pkgs
2022-12-27T11:20:01.2469530Z ##[endgroup]
2022-12-27T11:20:01.2471880Z                                                               [32mâœ“ [0m0.02s
2022-12-27T11:20:01.2472860Z ##[group]Setting up build environment...
2022-12-27T11:20:01.2473120Z 
2022-12-27T11:20:01.2506640Z + /Users/runner/hostedtoolcache/Python/3.10.9/x64/bin/python -sS /Users/runner/Library/Caches/cibuildwheel/virtualenv-20.17.0.pyz --activators= --no-periodic-update --pip=22.3.1 --setuptools=65.6.3 --wheel=0.38.4 --symlink-app-data --python /Library/Frameworks/Python.framework/Versions/3.10/bin/python3 /private/var/folders/51/hd414ycd67n82196sw51xqtc0000gn/T/cibw-run-gmxa7omc/cp310-macosx_arm64/build/venv
2022-12-27T11:20:01.5648380Z created virtual environment CPython3.10.8.final.0-64 in 84ms
2022-12-27T11:20:01.5649260Z   creator CPython3Posix(dest=/private/var/folders/51/hd414ycd67n82196sw51xqtc0000gn/T/cibw-run-gmxa7omc/cp310-macosx_arm64/build/venv, clear=False, no_vcs_ignore=False, global=False)
2022-12-27T11:20:01.5650380Z   seeder FromAppData(download=False, pip=22.3.1, setuptools=65.6.3, wheel=0.38.4, via=symlink, app_data_dir=/Users/runner/Library/Application Support/virtualenv)
2022-12-27T11:20:01.5650990Z     added seed packages: pip==22.3.1, setuptools==65.6.3, wheel==0.38.4
2022-12-27T11:20:01.5938630Z + python -m pip install --upgrade pip -c /Users/runner/hostedtoolcache/Python/3.10.9/x64/lib/python3.10/site-packages/cibuildwheel/resources/constraints-python310.txt
2022-12-27T11:20:02.0726350Z Requirement already satisfied: pip in ./lib/python3.10/site-packages (22.3.1)
2022-12-27T11:20:02.3069060Z + which pip
2022-12-27T11:20:02.3111910Z /private/var/folders/51/hd414ycd67n82196sw51xqtc0000gn/T/cibw-run-gmxa7omc/cp310-macosx_arm64/build/venv/bin/pip
2022-12-27T11:20:02.3118180Z + pip --version
2022-12-27T11:20:02.6473420Z pip 22.3.1 from /private/var/folders/51/hd414ycd67n82196sw51xqtc0000gn/T/cibw-run-gmxa7omc/cp310-macosx_arm64/build/venv/lib/python3.10/site-packages/pip (python 3.10)
2022-12-27T11:20:02.6957690Z + which pip
2022-12-27T11:20:02.7011840Z + which python
2022-12-27T11:20:02.7053870Z /private/var/folders/51/hd414ycd67n82196sw51xqtc0000gn/T/cibw-run-gmxa7omc/cp310-macosx_arm64/build/venv/bin/python
2022-12-27T11:20:02.7058630Z + python --version
2022-12-27T11:20:02.7154420Z Python 3.10.8
2022-12-27T11:20:02.7162270Z + which python
2022-12-27T11:20:02.7261980Z ##[endgroup]
2022-12-27T11:20:02.7263540Z                                                               [32mâœ“ [0m1.48s
2022-12-27T11:20:02.7265610Z ##[group]Installing build tools...
2022-12-27T11:20:02.7265910Z 
2022-12-27T11:20:02.7267020Z + pip install --upgrade setuptools wheel delocate -c /Users/runner/hostedtoolcache/Python/3.10.9/x64/lib/python3.10/site-packages/cibuildwheel/resources/constraints-python310.txt
2022-12-27T11:20:03.1767700Z Requirement already satisfied: setuptools in /private/var/folders/51/hd414ycd67n82196sw51xqtc0000gn/T/cibw-run-gmxa7omc/cp310-macosx_arm64/build/venv/lib/python3.10/site-packages (65.6.3)
2022-12-27T11:20:03.4905010Z Requirement already satisfied: wheel in /private/var/folders/51/hd414ycd67n82196sw51xqtc0000gn/T/cibw-run-gmxa7omc/cp310-macosx_arm64/build/venv/lib/python3.10/site-packages (0.38.4)
2022-12-27T11:20:03.5600570Z Collecting delocate
2022-12-27T11:20:03.5642760Z   Using cached delocate-0.10.3-py3-none-any.whl (142 kB)
2022-12-27T11:20:03.6103350Z Collecting packaging>=20.9
2022-12-27T11:20:03.6140680Z   Using cached packaging-21.3-py3-none-any.whl (40 kB)
2022-12-27T11:20:03.6416020Z Collecting typing-extensions
2022-12-27T11:20:03.6454360Z   Using cached typing_extensions-4.4.0-py3-none-any.whl (26 kB)
2022-12-27T11:20:03.7029140Z Collecting pyparsing!=3.0.5,>=2.0.2
2022-12-27T11:20:03.7071660Z   Using cached pyparsing-3.0.9-py3-none-any.whl (98 kB)
2022-12-27T11:20:03.7584220Z Installing collected packages: typing-extensions, pyparsing, packaging, delocate
2022-12-27T11:20:03.9677120Z Successfully installed delocate-0.10.3 packaging-21.3 pyparsing-3.0.9 typing-extensions-4.4.0
2022-12-27T11:20:04.0879990Z ##[endgroup]
2022-12-27T11:20:04.0881640Z                                                               [32mâœ“ [0m1.36s
2022-12-27T11:20:04.0883250Z ##[group]Running before_build...
2022-12-27T11:20:04.0884180Z 
2022-12-27T11:20:04.0890800Z + pip install Cython; if [[ -f requirements.txt ]]; then pip install -r requirements.txt; fi
2022-12-27T11:20:05.0682060Z Collecting Cython
2022-12-27T11:20:05.0766500Z   Using cached Cython-0.29.32-py2.py3-none-any.whl (986 kB)
2022-12-27T11:20:05.1455550Z Installing collected packages: Cython
2022-12-27T11:20:05.8264060Z Successfully installed Cython-0.29.32
2022-12-27T11:20:05.9336280Z ##[endgroup]
2022-12-27T11:20:05.9338750Z                                                               [32mâœ“ [0m1.85s
2022-12-27T11:20:05.9339610Z ##[group]Building wheel...
2022-12-27T11:20:05.9339830Z 
2022-12-27T11:20:05.9348380Z + python -m pip wheel /Users/runner/actions-runner/_work/python.build/python.build/build_lxml104310/lxml-1.0.4 --wheel-dir=/private/var/folders/51/hd414ycd67n82196sw51xqtc0000gn/T/cibw-run-gmxa7omc/cp310-macosx_arm64/built_wheel --no-deps -vvv
2022-12-27T11:20:06.3428020Z Created temporary directory: /private/var/folders/51/hd414ycd67n82196sw51xqtc0000gn/T/pip-ephem-wheel-cache-r4a3o3q2
2022-12-27T11:20:06.3434150Z Created temporary directory: /private/var/folders/51/hd414ycd67n82196sw51xqtc0000gn/T/pip-build-tracker-j74nnvyv
2022-12-27T11:20:06.3437950Z Initialized build tracking at /private/var/folders/51/hd414ycd67n82196sw51xqtc0000gn/T/pip-build-tracker-j74nnvyv
2022-12-27T11:20:06.3439760Z Created build tracker: /private/var/folders/51/hd414ycd67n82196sw51xqtc0000gn/T/pip-build-tracker-j74nnvyv
2022-12-27T11:20:06.3441710Z Entered build tracker: /private/var/folders/51/hd414ycd67n82196sw51xqtc0000gn/T/pip-build-tracker-j74nnvyv
2022-12-27T11:20:06.3446660Z Created temporary directory: /private/var/folders/51/hd414ycd67n82196sw51xqtc0000gn/T/pip-wheel-uimdg5px
2022-12-27T11:20:06.3458000Z Created temporary directory: /private/var/folders/51/hd414ycd67n82196sw51xqtc0000gn/T/pip-ephem-wheel-cache-_mwbu6wl
2022-12-27T11:20:06.3736270Z Processing /Users/runner/actions-runner/_work/python.build/python.build/build_lxml104310/lxml-1.0.4
2022-12-27T11:20:06.3743890Z   Added file:///Users/runner/actions-runner/_work/python.build/python.build/build_lxml104310/lxml-1.0.4 to build tracker '/private/var/folders/51/hd414ycd67n82196sw51xqtc0000gn/T/pip-build-tracker-j74nnvyv'
2022-12-27T11:20:06.3749430Z   Running setup.py (path:/Users/runner/actions-runner/_work/python.build/python.build/build_lxml104310/lxml-1.0.4/setup.py) egg_info for package from file:///Users/runner/actions-runner/_work/python.build/python.build/build_lxml104310/lxml-1.0.4
2022-12-27T11:20:06.3755280Z   Created temporary directory: /private/var/folders/51/hd414ycd67n82196sw51xqtc0000gn/T/pip-pip-egg-info-zy5ygm7b
2022-12-27T11:20:06.3756230Z   Preparing metadata (setup.py): started
2022-12-27T11:20:06.3759310Z   Running command python setup.py egg_info
2022-12-27T11:20:06.6119730Z   Traceback (most recent call last):
2022-12-27T11:20:06.6133150Z     File "<string>", line 2, in <module>
2022-12-27T11:20:06.6134140Z     File "<pip-setuptools-caller>", line 34, in <module>
2022-12-27T11:20:06.6134980Z     File "/Users/runner/actions-runner/_work/python.build/python.build/build_lxml104310/lxml-1.0.4/setup.py", line 22
2022-12-27T11:20:06.6137050Z       raise NotImplementedError, \
2022-12-27T11:20:06.6137410Z                                ^
2022-12-27T11:20:06.6137760Z   SyntaxError: invalid syntax
2022-12-27T11:20:06.6547430Z   error: subprocess-exited-with-error
2022-12-27T11:20:06.6549340Z   
2022-12-27T11:20:06.6550560Z   Ã— python setup.py egg_info did not run successfully.
2022-12-27T11:20:06.6551450Z   â”‚ exit code: 1
2022-12-27T11:20:06.6552160Z   â•°â”€> See above for output.
2022-12-27T11:20:06.6553250Z   
2022-12-27T11:20:06.6554070Z   note: This error originates from a subprocess, and is likely not a problem with pip.
2022-12-27T11:20:06.6559390Z   full command: /private/var/folders/51/hd414ycd67n82196sw51xqtc0000gn/T/cibw-run-gmxa7omc/cp310-macosx_arm64/build/venv/bin/python -c '
2022-12-27T11:20:06.6560690Z   exec(compile('"'"''"'"''"'"'
2022-12-27T11:20:06.6561980Z   # This is <pip-setuptools-caller> -- a caller that pip uses to run setup.py
2022-12-27T11:20:06.6563530Z   #
2022-12-27T11:20:06.6564560Z   # - It imports setuptools before invoking setup.py, to enable projects that directly
2022-12-27T11:20:06.6565330Z   #   import from `distutils.core` to work with newer packaging standards.
2022-12-27T11:20:06.6566470Z   # - It provides a clear error message when setuptools is not installed.
2022-12-27T11:20:06.6569450Z   # - It sets `sys.argv[0]` to the underlying `setup.py`, when invoking `setup.py` so
2022-12-27T11:20:06.6571320Z   #   setuptools doesn'"'"'t think the script is `-c`. This avoids the following warning:
2022-12-27T11:20:06.6571940Z   #     manifest_maker: standard file '"'"'-c'"'"' not found".
2022-12-27T11:20:06.6572810Z   # - It generates a shim setup.py, for handling setup.cfg-only projects.
2022-12-27T11:20:06.6573850Z   import os, sys, tokenize
2022-12-27T11:20:06.6574490Z   
2022-12-27T11:20:06.6575410Z   try:
2022-12-27T11:20:06.6575890Z       import setuptools
2022-12-27T11:20:06.6576320Z   except ImportError as error:
2022-12-27T11:20:06.6576660Z       print(
2022-12-27T11:20:06.6577230Z           "ERROR: Can not execute `setup.py` since setuptools is not available in "
2022-12-27T11:20:06.6577680Z           "the build environment.",
2022-12-27T11:20:06.6577980Z           file=sys.stderr,
2022-12-27T11:20:06.6578330Z       )
2022-12-27T11:20:06.6578750Z       sys.exit(1)
2022-12-27T11:20:06.6579010Z   
2022-12-27T11:20:06.6579330Z   __file__ = %r
2022-12-27T11:20:06.6579690Z   sys.argv[0] = __file__
2022-12-27T11:20:06.6580000Z   
2022-12-27T11:20:06.6580510Z   if os.path.exists(__file__):
2022-12-27T11:20:06.6580890Z       filename = __file__
2022-12-27T11:20:06.6581200Z       with tokenize.open(__file__) as f:
2022-12-27T11:20:06.6581670Z           setup_py_code = f.read()
2022-12-27T11:20:06.6582060Z   else:
2022-12-27T11:20:06.6582650Z       filename = "<auto-generated setuptools caller>"
2022-12-27T11:20:06.6583200Z       setup_py_code = "from setuptools import setup; setup()"
2022-12-27T11:20:06.6583620Z   
2022-12-27T11:20:06.6584030Z   exec(compile(setup_py_code, filename, "exec"))
2022-12-27T11:20:06.6585010Z   '"'"''"'"''"'"' % ('"'"'/Users/runner/actions-runner/_work/python.build/python.build/build_lxml104310/lxml-1.0.4/setup.py'"'"',), "<pip-setuptools-caller>", "exec"))' egg_info --egg-base /private/var/folders/51/hd414ycd67n82196sw51xqtc0000gn/T/pip-pip-egg-info-zy5ygm7b
2022-12-27T11:20:06.6585980Z   cwd: /Users/runner/actions-runner/_work/python.build/python.build/build_lxml104310/lxml-1.0.4/
2022-12-27T11:20:06.6586640Z   Preparing metadata (setup.py): finished with status 'error'
2022-12-27T11:20:06.6587720Z error: metadata-generation-failed
2022-12-27T11:20:06.6588420Z 
2022-12-27T11:20:06.6589420Z Ã— Encountered error while generating package metadata.
2022-12-27T11:20:06.6590450Z â•°â”€> See above for output.
2022-12-27T11:20:06.6590690Z 
2022-12-27T11:20:06.6590950Z note: This is an issue with the package mentioned above, not pip.
2022-12-27T11:20:06.6591330Z hint: See above for details.
2022-12-27T11:20:06.6631590Z Exception information:
2022-12-27T11:20:06.6633730Z Traceback (most recent call last):
2022-12-27T11:20:06.6636220Z   File "/private/var/folders/51/hd414ycd67n82196sw51xqtc0000gn/T/cibw-run-gmxa7omc/cp310-macosx_arm64/build/venv/lib/python3.10/site-packages/pip/_internal/operations/build/metadata_legacy.py", line 64, in generate_metadata
2022-12-27T11:20:06.6637640Z     call_subprocess(
2022-12-27T11:20:06.6640130Z   File "/private/var/folders/51/hd414ycd67n82196sw51xqtc0000gn/T/cibw-run-gmxa7omc/cp310-macosx_arm64/build/venv/lib/python3.10/site-packages/pip/_internal/utils/subprocess.py", line 224, in call_subprocess
2022-12-27T11:20:06.6645410Z     raise error
2022-12-27T11:20:06.6647490Z pip._internal.exceptions.InstallationSubprocessError: python setup.py egg_info exited with 1
2022-12-27T11:20:06.6648560Z 
2022-12-27T11:20:06.6649350Z The above exception was the direct cause of the following exception:
2022-12-27T11:20:06.6651390Z 
2022-12-27T11:20:06.6652020Z Traceback (most recent call last):
2022-12-27T11:20:06.6656070Z   File "/private/var/folders/51/hd414ycd67n82196sw51xqtc0000gn/T/cibw-run-gmxa7omc/cp310-macosx_arm64/build/venv/lib/python3.10/site-packages/pip/_internal/cli/base_command.py", line 160, in exc_logging_wrapper
2022-12-27T11:20:06.6657250Z     status = run_func(*args)
2022-12-27T11:20:06.6659160Z   File "/private/var/folders/51/hd414ycd67n82196sw51xqtc0000gn/T/cibw-run-gmxa7omc/cp310-macosx_arm64/build/venv/lib/python3.10/site-packages/pip/_internal/cli/req_command.py", line 247, in wrapper
2022-12-27T11:20:06.6777070Z     return func(self, options, args)
2022-12-27T11:20:06.6778460Z   File "/private/var/folders/51/hd414ycd67n82196sw51xqtc0000gn/T/cibw-run-gmxa7omc/cp310-macosx_arm64/build/venv/lib/python3.10/site-packages/pip/_internal/commands/wheel.py", line 170, in run
2022-12-27T11:20:06.6779830Z     requirement_set = resolver.resolve(reqs, check_supported_wheels=True)
2022-12-27T11:20:06.6780920Z   File "/private/var/folders/51/hd414ycd67n82196sw51xqtc0000gn/T/cibw-run-gmxa7omc/cp310-macosx_arm64/build/venv/lib/python3.10/site-packages/pip/_internal/resolution/resolvelib/resolver.py", line 73, in resolve
2022-12-27T11:20:06.6781550Z     collected = self.factory.collect_root_requirements(root_reqs)
2022-12-27T11:20:06.6782400Z   File "/private/var/folders/51/hd414ycd67n82196sw51xqtc0000gn/T/cibw-run-gmxa7omc/cp310-macosx_arm64/build/venv/lib/python3.10/site-packages/pip/_internal/resolution/resolvelib/factory.py", line 491, in collect_root_requirements
2022-12-27T11:20:06.6783130Z     req = self._make_requirement_from_install_req(
2022-12-27T11:20:06.6784040Z   File "/private/var/folders/51/hd414ycd67n82196sw51xqtc0000gn/T/cibw-run-gmxa7omc/cp310-macosx_arm64/build/venv/lib/python3.10/site-packages/pip/_internal/resolution/resolvelib/factory.py", line 453, in _make_requirement_from_install_req
2022-12-27T11:20:06.6784570Z     cand = self._make_candidate_from_link(
2022-12-27T11:20:06.6785370Z   File "/private/var/folders/51/hd414ycd67n82196sw51xqtc0000gn/T/cibw-run-gmxa7omc/cp310-macosx_arm64/build/venv/lib/python3.10/site-packages/pip/_internal/resolution/resolvelib/factory.py", line 206, in _make_candidate_from_link
2022-12-27T11:20:06.6785970Z     self._link_candidate_cache[link] = LinkCandidate(
2022-12-27T11:20:06.6786770Z   File "/private/var/folders/51/hd414ycd67n82196sw51xqtc0000gn/T/cibw-run-gmxa7omc/cp310-macosx_arm64/build/venv/lib/python3.10/site-packages/pip/_internal/resolution/resolvelib/candidates.py", line 297, in __init__
2022-12-27T11:20:06.6787240Z     super().__init__(
2022-12-27T11:20:06.6787910Z   File "/private/var/folders/51/hd414ycd67n82196sw51xqtc0000gn/T/cibw-run-gmxa7omc/cp310-macosx_arm64/build/venv/lib/python3.10/site-packages/pip/_internal/resolution/resolvelib/candidates.py", line 162, in __init__
2022-12-27T11:20:06.6788470Z     self.dist = self._prepare()
2022-12-27T11:20:06.6789280Z   File "/private/var/folders/51/hd414ycd67n82196sw51xqtc0000gn/T/cibw-run-gmxa7omc/cp310-macosx_arm64/build/venv/lib/python3.10/site-packages/pip/_internal/resolution/resolvelib/candidates.py", line 231, in _prepare
2022-12-27T11:20:06.6790230Z     dist = self._prepare_distribution()
2022-12-27T11:20:06.6791090Z   File "/private/var/folders/51/hd414ycd67n82196sw51xqtc0000gn/T/cibw-run-gmxa7omc/cp310-macosx_arm64/build/venv/lib/python3.10/site-packages/pip/_internal/resolution/resolvelib/candidates.py", line 308, in _prepare_distribution
2022-12-27T11:20:06.6791740Z     return preparer.prepare_linked_requirement(self._ireq, parallel_builds=True)
2022-12-27T11:20:06.6792520Z   File "/private/var/folders/51/hd414ycd67n82196sw51xqtc0000gn/T/cibw-run-gmxa7omc/cp310-macosx_arm64/build/venv/lib/python3.10/site-packages/pip/_internal/operations/prepare.py", line 491, in prepare_linked_requirement
2022-12-27T11:20:06.6793290Z     return self._prepare_linked_requirement(req, parallel_builds)
2022-12-27T11:20:06.6794180Z   File "/private/var/folders/51/hd414ycd67n82196sw51xqtc0000gn/T/cibw-run-gmxa7omc/cp310-macosx_arm64/build/venv/lib/python3.10/site-packages/pip/_internal/operations/prepare.py", line 577, in _prepare_linked_requirement
2022-12-27T11:20:06.6794790Z     dist = _get_prepared_distribution(
2022-12-27T11:20:06.6795610Z   File "/private/var/folders/51/hd414ycd67n82196sw51xqtc0000gn/T/cibw-run-gmxa7omc/cp310-macosx_arm64/build/venv/lib/python3.10/site-packages/pip/_internal/operations/prepare.py", line 69, in _get_prepared_distribution
2022-12-27T11:20:06.6796230Z     abstract_dist.prepare_distribution_metadata(
2022-12-27T11:20:06.6797030Z   File "/private/var/folders/51/hd414ycd67n82196sw51xqtc0000gn/T/cibw-run-gmxa7omc/cp310-macosx_arm64/build/venv/lib/python3.10/site-packages/pip/_internal/distributions/sdist.py", line 61, in prepare_distribution_metadata
2022-12-27T11:20:06.6797570Z     self.req.prepare_metadata()
2022-12-27T11:20:06.6798620Z   File "/private/var/folders/51/hd414ycd67n82196sw51xqtc0000gn/T/cibw-run-gmxa7omc/cp310-macosx_arm64/build/venv/lib/python3.10/site-packages/pip/_internal/req/req_install.py", line 541, in prepare_metadata
2022-12-27T11:20:06.6799260Z     self.metadata_directory = generate_metadata_legacy(
2022-12-27T11:20:06.6800100Z   File "/private/var/folders/51/hd414ycd67n82196sw51xqtc0000gn/T/cibw-run-gmxa7omc/cp310-macosx_arm64/build/venv/lib/python3.10/site-packages/pip/_internal/operations/build/metadata_legacy.py", line 71, in generate_metadata
2022-12-27T11:20:06.6800680Z     raise MetadataGenerationFailed(package_details=details) from error
2022-12-27T11:20:06.6801170Z pip._internal.exceptions.MetadataGenerationFailed: metadata generation failed
2022-12-27T11:20:06.6802030Z Removed file:///Users/runner/actions-runner/_work/python.build/python.build/build_lxml104310/lxml-1.0.4 from build tracker '/private/var/folders/51/hd414ycd67n82196sw51xqtc0000gn/T/pip-build-tracker-j74nnvyv'
2022-12-27T11:20:06.6802850Z Removed build tracker: '/private/var/folders/51/hd414ycd67n82196sw51xqtc0000gn/T/pip-build-tracker-j74nnvyv'
2022-12-27T11:20:06.7633600Z ##[endgroup]
2022-12-27T11:20:06.7669770Z ##[error]Command ['python', '-m', 'pip', 'wheel', '/Users/runner/actions-runner/_work/python.build/python.build/build_lxml104310/lxml-1.0.4', '--wheel-dir=/private/var/folders/51/hd414ycd67n82196sw51xqtc0000gn/T/cibw-run-gmxa7omc/cp310-macosx_arm64/built_wheel', '--no-deps', '-vvv'] failed with code 1. None
2022-12-27T11:20:06.7679940Z                                                               [31mâœ• [0m0.83s
2022-12-27T11:20:06.7680180Z 
2022-12-27T11:20:06.8464200Z ##[error]Process completed with exit code 1.
2022-12-27T11:20:06.8531650Z ##[group]Run rm -rf build_lxml104310 wheelsout
2022-12-27T11:20:06.8532050Z [36;1mrm -rf build_lxml104310 wheelsout[0m
2022-12-27T11:20:06.8560900Z shell: /bin/bash -e {0}
2022-12-27T11:20:06.8561220Z env:
2022-12-27T11:20:06.8561620Z   pythonLocation: /Users/runner/hostedtoolcache/Python/3.10.9/x64
2022-12-27T11:20:06.8562020Z   PKG_CONFIG_PATH: /Users/runner/hostedtoolcache/Python/3.10.9/x64/lib/pkgconfig
2022-12-27T11:20:06.8562490Z   Python_ROOT_DIR: /Users/runner/hostedtoolcache/Python/3.10.9/x64
2022-12-27T11:20:06.8562920Z   Python2_ROOT_DIR: /Users/runner/hostedtoolcache/Python/3.10.9/x64
2022-12-27T11:20:06.8563590Z   Python3_ROOT_DIR: /Users/runner/hostedtoolcache/Python/3.10.9/x64
2022-12-27T11:20:06.8563950Z ##[endgroup]
2022-12-27T11:20:06.9062380Z Cleaning up orphan processes
