2022-12-27T01:56:01.1023603Z Requested labels: self-hosted, macOS, X64
2022-12-27T01:56:01.1023672Z Job defined at: kilnbuild/python.build/.github/workflows/mac_arm_build.yml@refs/heads/main
2022-12-27T01:56:01.1023702Z Waiting for a runner to pick up this job...
2022-12-27T02:26:25.7706400Z Job is about to start running on the runner: k2 (organization)
2022-12-27T02:26:28.4003710Z Current runner version: '2.300.2'
2022-12-27T02:26:28.4008800Z Runner name: 'k2'
2022-12-27T02:26:28.4009050Z Runner group name: 'Default'
2022-12-27T02:26:28.4009560Z Machine name: 'k2'
2022-12-27T02:26:28.4011470Z ##[group]GITHUB_TOKEN Permissions
2022-12-27T02:26:28.4011910Z Actions: write
2022-12-27T02:26:28.4012040Z Checks: write
2022-12-27T02:26:28.4012170Z Contents: write
2022-12-27T02:26:28.4012300Z Deployments: write
2022-12-27T02:26:28.4012450Z Discussions: write
2022-12-27T02:26:28.4012570Z Issues: write
2022-12-27T02:26:28.4012700Z Metadata: read
2022-12-27T02:26:28.4012830Z Packages: write
2022-12-27T02:26:28.4012960Z Pages: write
2022-12-27T02:26:28.4013090Z PullRequests: write
2022-12-27T02:26:28.4013250Z RepositoryProjects: write
2022-12-27T02:26:28.4013410Z SecurityEvents: write
2022-12-27T02:26:28.4013550Z Statuses: write
2022-12-27T02:26:28.4013680Z ##[endgroup]
2022-12-27T02:26:28.4016230Z Secret source: Actions
2022-12-27T02:26:28.4016530Z Prepare workflow directory
2022-12-27T02:26:28.4665790Z Prepare all required actions
2022-12-27T02:26:28.4784430Z Getting action download info
2022-12-27T02:26:28.8941890Z Download action repository 'actions/setup-python@v4' (SHA:5ccb29d8773c3f3f653e1705f474dfaa8a06a912)
2022-12-27T02:26:30.5773400Z Download action repository 'actions/upload-artifact@v3' (SHA:83fd05a356d7e2593de66fc9913b3002723633cb)
2022-12-27T02:26:33.9377810Z ##[group]Run echo '{
2022-12-27T02:26:33.9378060Z [36;1mecho '{[0m
2022-12-27T02:26:33.9378310Z [36;1m  "environment_variables": "GRPC_PYTHON_BUILD_WITH_CYTHON=1 GRPC_BUILD_WITH_BORING_SSL_ASM='' GRPC_PYTHON_BUILD_SYSTEM_OPENSSL=TRUE",[0m
2022-12-27T02:26:33.9378560Z [36;1m  "package_name": "grpcio",[0m
2022-12-27T02:26:33.9378870Z [36;1m  "package_url": "https://files.pythonhosted.org/packages/b7/ad/4a12e6533615396d45d8f278a25743f431c85b3c58cb07168d3a5d35b6f4/grpcio-1.8.1.tar.gz",[0m
2022-12-27T02:26:33.9379070Z [36;1m  "package_version": "1.8.1",[0m
2022-12-27T02:26:33.9379190Z [36;1m  "python_version": "3.8",[0m
2022-12-27T02:26:33.9379350Z [36;1m  "use_ccache": "true"[0m
2022-12-27T02:26:33.9379490Z [36;1m}'[0m
2022-12-27T02:26:33.9402600Z shell: /bin/bash -e {0}
2022-12-27T02:26:33.9402910Z ##[endgroup]
2022-12-27T02:26:33.9674960Z {
2022-12-27T02:26:33.9676530Z   "environment_variables": "GRPC_PYTHON_BUILD_WITH_CYTHON=1 GRPC_BUILD_WITH_BORING_SSL_ASM= GRPC_PYTHON_BUILD_SYSTEM_OPENSSL=TRUE",
2022-12-27T02:26:33.9676860Z   "package_name": "grpcio",
2022-12-27T02:26:33.9677530Z   "package_url": "https://files.pythonhosted.org/packages/b7/ad/4a12e6533615396d45d8f278a25743f431c85b3c58cb07168d3a5d35b6f4/grpcio-1.8.1.tar.gz",
2022-12-27T02:26:33.9677810Z   "package_version": "1.8.1",
2022-12-27T02:26:33.9677960Z   "python_version": "3.8",
2022-12-27T02:26:33.9678130Z   "use_ccache": "true"
2022-12-27T02:26:33.9678340Z }
2022-12-27T02:26:33.9893940Z ##[group]Run actions/setup-python@v4
2022-12-27T02:26:33.9894200Z with:
2022-12-27T02:26:33.9894350Z   python-version: 3.8
2022-12-27T02:26:33.9894530Z   check-latest: false
2022-12-27T02:26:33.9894910Z   token: ***
2022-12-27T02:26:33.9895100Z   update-environment: true
2022-12-27T02:26:33.9895250Z ##[endgroup]
2022-12-27T02:26:34.1142710Z ##[group]Installed versions
2022-12-27T02:26:34.1179340Z Successfully set up CPython (3.8.15)
2022-12-27T02:26:34.1180240Z ##[endgroup]
2022-12-27T02:26:34.1331680Z ##[group]Run if [ "true" == "true" ]
2022-12-27T02:26:34.1331950Z [36;1mif [ "true" == "true" ][0m
2022-12-27T02:26:34.1332210Z [36;1mthen[0m
2022-12-27T02:26:34.1332410Z [36;1m  echo "CCACHE_PATH_PREPEND=/usr/local/opt/ccache/libexec" >> $GITHUB_OUTPUT[0m
2022-12-27T02:26:34.1332620Z [36;1melse[0m
2022-12-27T02:26:34.1332810Z [36;1m  echo "CCACHE_PATH_PREPEND=" >> $GITHUB_OUTPUT[0m
2022-12-27T02:26:34.1333010Z [36;1mfi[0m
2022-12-27T02:26:34.1349950Z shell: /bin/bash -e {0}
2022-12-27T02:26:34.1350190Z env:
2022-12-27T02:26:34.1350430Z   pythonLocation: /Users/runner/hostedtoolcache/Python/3.8.15/x64
2022-12-27T02:26:34.1350690Z   PKG_CONFIG_PATH: /Users/runner/hostedtoolcache/Python/3.8.15/x64/lib/pkgconfig
2022-12-27T02:26:34.1351520Z   Python_ROOT_DIR: /Users/runner/hostedtoolcache/Python/3.8.15/x64
2022-12-27T02:26:34.1351770Z   Python2_ROOT_DIR: /Users/runner/hostedtoolcache/Python/3.8.15/x64
2022-12-27T02:26:34.1352030Z   Python3_ROOT_DIR: /Users/runner/hostedtoolcache/Python/3.8.15/x64
2022-12-27T02:26:34.1352490Z ##[endgroup]
2022-12-27T02:26:34.1481190Z ##[group]Run echo "BUILD_NAME=$(echo grpcio_1.8.1_3.8 | tr -dc '[:alnum:]\n\r' | tr '[:upper:]' '[:lower:]')" >> $GITHUB_OUTPUT
2022-12-27T02:26:34.1481650Z [36;1mecho "BUILD_NAME=$(echo grpcio_1.8.1_3.8 | tr -dc '[:alnum:]\n\r' | tr '[:upper:]' '[:lower:]')" >> $GITHUB_OUTPUT[0m
2022-12-27T02:26:34.1496380Z shell: /bin/bash -e {0}
2022-12-27T02:26:34.1496580Z env:
2022-12-27T02:26:34.1496760Z   pythonLocation: /Users/runner/hostedtoolcache/Python/3.8.15/x64
2022-12-27T02:26:34.1497120Z   PKG_CONFIG_PATH: /Users/runner/hostedtoolcache/Python/3.8.15/x64/lib/pkgconfig
2022-12-27T02:26:34.1497390Z   Python_ROOT_DIR: /Users/runner/hostedtoolcache/Python/3.8.15/x64
2022-12-27T02:26:34.1497690Z   Python2_ROOT_DIR: /Users/runner/hostedtoolcache/Python/3.8.15/x64
2022-12-27T02:26:34.1497900Z   Python3_ROOT_DIR: /Users/runner/hostedtoolcache/Python/3.8.15/x64
2022-12-27T02:26:34.1498160Z ##[endgroup]
2022-12-27T02:26:34.1666580Z ##[group]Run echo "PYTHON_NO_DOTS=$(echo 3.8 | tr -dc '[:alnum:]\n\r' | tr '[:upper:]' '[:lower:]')" >> $GITHUB_OUTPUT
2022-12-27T02:26:34.1666940Z [36;1mecho "PYTHON_NO_DOTS=$(echo 3.8 | tr -dc '[:alnum:]\n\r' | tr '[:upper:]' '[:lower:]')" >> $GITHUB_OUTPUT[0m
2022-12-27T02:26:34.1682270Z shell: /bin/bash -e {0}
2022-12-27T02:26:34.1682420Z env:
2022-12-27T02:26:34.1682640Z   pythonLocation: /Users/runner/hostedtoolcache/Python/3.8.15/x64
2022-12-27T02:26:34.1683480Z   PKG_CONFIG_PATH: /Users/runner/hostedtoolcache/Python/3.8.15/x64/lib/pkgconfig
2022-12-27T02:26:34.1683780Z   Python_ROOT_DIR: /Users/runner/hostedtoolcache/Python/3.8.15/x64
2022-12-27T02:26:34.1683990Z   Python2_ROOT_DIR: /Users/runner/hostedtoolcache/Python/3.8.15/x64
2022-12-27T02:26:34.1684300Z   Python3_ROOT_DIR: /Users/runner/hostedtoolcache/Python/3.8.15/x64
2022-12-27T02:26:34.1684500Z ##[endgroup]
2022-12-27T02:26:34.1817500Z ##[group]Run rm -rf build_grpcio18138
2022-12-27T02:26:34.1817860Z [36;1mrm -rf build_grpcio18138[0m
2022-12-27T02:26:34.1818030Z [36;1mmkdir build_grpcio18138[0m
2022-12-27T02:26:34.1818210Z [36;1mcd build_grpcio18138[0m
2022-12-27T02:26:34.1818540Z [36;1m/usr/local/bin/wget --quiet https://files.pythonhosted.org/packages/b7/ad/4a12e6533615396d45d8f278a25743f431c85b3c58cb07168d3a5d35b6f4/grpcio-1.8.1.tar.gz[0m
2022-12-27T02:26:34.1818820Z [36;1mtar xf *.tar.gz[0m
2022-12-27T02:26:34.1819000Z [36;1mcd grpcio-*/[0m
2022-12-27T02:26:34.1819200Z [36;1mpython -m pip install cibuildwheel==2.11.3[0m
2022-12-27T02:26:34.1819420Z [36;1mpython -m cibuildwheel --output-dir ../wheelsout[0m
2022-12-27T02:26:34.1834350Z shell: /bin/bash -e {0}
2022-12-27T02:26:34.1834550Z env:
2022-12-27T02:26:34.1834810Z   pythonLocation: /Users/runner/hostedtoolcache/Python/3.8.15/x64
2022-12-27T02:26:34.1835170Z   PKG_CONFIG_PATH: /Users/runner/hostedtoolcache/Python/3.8.15/x64/lib/pkgconfig
2022-12-27T02:26:34.1835430Z   Python_ROOT_DIR: /Users/runner/hostedtoolcache/Python/3.8.15/x64
2022-12-27T02:26:34.1835640Z   Python2_ROOT_DIR: /Users/runner/hostedtoolcache/Python/3.8.15/x64
2022-12-27T02:26:34.1835870Z   Python3_ROOT_DIR: /Users/runner/hostedtoolcache/Python/3.8.15/x64
2022-12-27T02:26:34.1836080Z   CIBW_ARCHS_MACOS: arm64
2022-12-27T02:26:34.1836280Z   CIBW_TEST_SKIP: *_arm64
2022-12-27T02:26:34.1836460Z   CIBW_BUILD: cp38-macosx_arm64
2022-12-27T02:26:34.1836650Z   CIBW_BUILD_FRONTEND: pip
2022-12-27T02:26:34.1836790Z   CIBW_BUILD_VERBOSITY: 3
2022-12-27T02:26:34.1837170Z   CIBW_ENVIRONMENT_MACOS: GRPC_PYTHON_BUILD_WITH_CYTHON=1 GRPC_BUILD_WITH_BORING_SSL_ASM='' GRPC_PYTHON_BUILD_SYSTEM_OPENSSL=TRUE CFLAGS="-I/usr/local/opt/openssl@3/include" LDFLAGS="-L/usr/local/opt/openssl@3/lib" CPPFLAGS="-I/usr/local/opt/openssl@3/include" MAKEFLAGS="-j$(sysctl -n hw.logicalcpu)" PATH=/usr/local/opt/ccache/libexec:$PATH
2022-12-27T02:26:34.1837860Z   CIBW_BEFORE_BUILD: pip install Cython; if [[ -f requirements.txt ]]; then pip install -r requirements.txt; fi
2022-12-27T02:26:34.1838120Z   MAKEFLAGS: -j$(sysctl -n hw.logicalcpu)
2022-12-27T02:26:34.1838300Z ##[endgroup]
2022-12-27T02:26:35.6007290Z Requirement already satisfied: cibuildwheel==2.11.3 in /Users/runner/hostedtoolcache/Python/3.8.15/x64/lib/python3.8/site-packages (2.11.3)
2022-12-27T02:26:35.6387600Z Requirement already satisfied: typing-extensions>=4.1.0 in /Users/runner/hostedtoolcache/Python/3.8.15/x64/lib/python3.8/site-packages (from cibuildwheel==2.11.3) (4.4.0)
2022-12-27T02:26:35.6390580Z Requirement already satisfied: bracex in /Users/runner/hostedtoolcache/Python/3.8.15/x64/lib/python3.8/site-packages (from cibuildwheel==2.11.3) (2.3.post1)
2022-12-27T02:26:35.6395910Z Requirement already satisfied: packaging>=20.9 in /Users/runner/hostedtoolcache/Python/3.8.15/x64/lib/python3.8/site-packages (from cibuildwheel==2.11.3) (22.0)
2022-12-27T02:26:35.6399490Z Requirement already satisfied: filelock in /Users/runner/hostedtoolcache/Python/3.8.15/x64/lib/python3.8/site-packages (from cibuildwheel==2.11.3) (3.8.2)
2022-12-27T02:26:35.6402680Z Requirement already satisfied: platformdirs in /Users/runner/hostedtoolcache/Python/3.8.15/x64/lib/python3.8/site-packages (from cibuildwheel==2.11.3) (2.6.0)
2022-12-27T02:26:35.6409890Z Requirement already satisfied: tomli in /Users/runner/hostedtoolcache/Python/3.8.15/x64/lib/python3.8/site-packages (from cibuildwheel==2.11.3) (2.0.1)
2022-12-27T02:26:35.6415580Z Requirement already satisfied: bashlex!=0.13 in /Users/runner/hostedtoolcache/Python/3.8.15/x64/lib/python3.8/site-packages (from cibuildwheel==2.11.3) (0.16)
2022-12-27T02:26:35.6418280Z Requirement already satisfied: certifi in /Users/runner/hostedtoolcache/Python/3.8.15/x64/lib/python3.8/site-packages (from cibuildwheel==2.11.3) (2022.12.7)
2022-12-27T02:26:35.8259570Z 
2022-12-27T02:26:35.8260430Z      _ _       _ _   _       _           _
2022-12-27T02:26:35.8260860Z  ___|_| |_ _ _|_| |_| |_ _ _| |_ ___ ___| |
2022-12-27T02:26:35.8262060Z |  _| | . | | | | | . | | | |   | -_| -_| |
2022-12-27T02:26:35.8262450Z |___|_|___|___|_|_|___|_____|_|_|___|___|_|
2022-12-27T02:26:35.8262620Z 
2022-12-27T02:26:35.8262770Z cibuildwheel version 2.11.3
2022-12-27T02:26:35.8263020Z 
2022-12-27T02:26:35.8263120Z Build options:
2022-12-27T02:26:35.8263390Z   platform: macos
2022-12-27T02:26:35.8447340Z   architectures: arm64[0m
2022-12-27T02:26:35.8448360Z   build_selector: 
2022-12-27T02:26:35.8449310Z     build_config: cp38-macosx_arm64
2022-12-27T02:26:35.8449690Z     skip_config: 
2022-12-27T02:26:35.8450000Z     requires_python: None
2022-12-27T02:26:35.8450710Z     prerelease_pythons: False[0m
2022-12-27T02:26:35.8451100Z   [38;5;244mcontainer_engine: docker[0m
2022-12-27T02:26:35.8451620Z   output_dir: /Users/runner/actions-runner/_work/python.build/python.build/build_grpcio18138/wheelsout[0m
2022-12-27T02:26:35.8452300Z   package_dir: /Users/runner/actions-runner/_work/python.build/python.build/build_grpcio18138/grpcio-1.8.1[0m
2022-12-27T02:26:35.8452770Z   test_selector: 
2022-12-27T02:26:35.8453130Z     skip_config: *_arm64[0m
2022-12-27T02:26:35.8453450Z   [38;5;244mbefore_all: [0m
2022-12-27T02:26:35.8453990Z   before_build: pip install Cython; if [[ -f requirements.txt ]]; then pip install -r requirements.txt; fi[0m
2022-12-27T02:26:35.8454460Z   [38;5;244mbefore_test: [0m
2022-12-27T02:26:35.8454860Z   [38;5;244mbuild_frontend: pip[0m
2022-12-27T02:26:35.8455220Z   build_verbosity: 3[0m
2022-12-27T02:26:35.8455560Z   [38;5;244mconfig_settings: [0m
2022-12-27T02:26:35.8455870Z   [38;5;244mdependency_constraints: pinned[0m
2022-12-27T02:26:35.8456120Z   environment: 
2022-12-27T02:26:35.8456410Z     GRPC_PYTHON_BUILD_WITH_CYTHON=1
2022-12-27T02:26:35.8456650Z     GRPC_BUILD_WITH_BORING_SSL_ASM=''
2022-12-27T02:26:35.8456890Z     GRPC_PYTHON_BUILD_SYSTEM_OPENSSL=TRUE
2022-12-27T02:26:35.8457580Z     CFLAGS="-I/usr/local/opt/openssl@3/include"
2022-12-27T02:26:35.8457870Z     LDFLAGS="-L/usr/local/opt/openssl@3/lib"
2022-12-27T02:26:35.8458240Z     CPPFLAGS="-I/usr/local/opt/openssl@3/include"
2022-12-27T02:26:35.8458560Z     MAKEFLAGS="-j$(sysctl -n hw.logicalcpu)"
2022-12-27T02:26:35.8458870Z     PATH=/usr/local/opt/ccache/libexec:$PATH[0m
2022-12-27T02:26:35.8459140Z   [38;5;244mmanylinux_images: None[0m
2022-12-27T02:26:35.8459480Z   [38;5;244mmusllinux_images: None[0m
2022-12-27T02:26:35.8459880Z   [38;5;244mrepair_command: delocate-wheel --require-archs {delocate_archs} -w {dest_dir} -v {wheel}[0m
2022-12-27T02:26:35.8460190Z   [38;5;244mtest_command: [0m
2022-12-27T02:26:35.8460450Z   [38;5;244mtest_extras: [0m
2022-12-27T02:26:35.8460720Z   [38;5;244mtest_requires: [0m
2022-12-27T02:26:35.8460890Z 
2022-12-27T02:26:35.8460990Z Cache folder: /Users/runner/Library/Caches/cibuildwheel
2022-12-27T02:26:35.8469450Z 
2022-12-27T02:26:35.8469560Z Here we go!
2022-12-27T02:26:35.8469680Z 
2022-12-27T02:26:35.8532950Z 
2022-12-27T02:26:35.8533620Z [1m[34mBuilding cp38-macosx_arm64 wheel[0m
2022-12-27T02:26:35.8534080Z CPython 3.8 macOS arm64 - Apple Silicon
2022-12-27T02:26:35.8534270Z 
2022-12-27T02:26:35.8536710Z ##[group]Installing Python cp38...
2022-12-27T02:26:35.8536920Z 
2022-12-27T02:26:35.8537540Z + pkgutil --pkgs
2022-12-27T02:26:35.8647290Z ##[endgroup]
2022-12-27T02:26:35.8648210Z                                                               [32m✓ [0m0.01s
2022-12-27T02:26:35.8648700Z ##[group]Setting up build environment...
2022-12-27T02:26:35.8648860Z 
2022-12-27T02:26:35.8669180Z + /Users/runner/hostedtoolcache/Python/3.8.15/x64/bin/python -sS /Users/runner/Library/Caches/cibuildwheel/virtualenv-20.17.0.pyz --activators= --no-periodic-update --pip=22.3.1 --setuptools=65.6.3 --wheel=0.38.4 --symlink-app-data --python /Library/Frameworks/Python.framework/Versions/3.8/bin/python3 /private/var/folders/51/hd414ycd67n82196sw51xqtc0000gn/T/cibw-run-hbp3vmch/cp38-macosx_arm64/build/venv
2022-12-27T02:26:36.1153620Z created virtual environment CPython3.8.10.final.0-64 in 78ms
2022-12-27T02:26:36.1155040Z   creator CPython3Posix(dest=/private/var/folders/51/hd414ycd67n82196sw51xqtc0000gn/T/cibw-run-hbp3vmch/cp38-macosx_arm64/build/venv, clear=False, no_vcs_ignore=False, global=False)
2022-12-27T02:26:36.1155690Z   seeder FromAppData(download=False, pip=22.3.1, setuptools=65.6.3, wheel=0.38.4, via=symlink, app_data_dir=/Users/runner/Library/Application Support/virtualenv)
2022-12-27T02:26:36.1156410Z     added seed packages: pip==22.3.1, setuptools==65.6.3, wheel==0.38.4
2022-12-27T02:26:36.1346560Z + python -m pip install --upgrade pip -c /Users/runner/hostedtoolcache/Python/3.8.15/x64/lib/python3.8/site-packages/cibuildwheel/resources/constraints-python38.txt
2022-12-27T02:26:36.4442240Z Requirement already satisfied: pip in ./lib/python3.8/site-packages (22.3.1)
2022-12-27T02:26:36.5893460Z + which pip
2022-12-27T02:26:36.5912090Z /private/var/folders/51/hd414ycd67n82196sw51xqtc0000gn/T/cibw-run-hbp3vmch/cp38-macosx_arm64/build/venv/bin/pip
2022-12-27T02:26:36.5914630Z + pip --version
2022-12-27T02:26:36.8140240Z pip 22.3.1 from /private/var/folders/51/hd414ycd67n82196sw51xqtc0000gn/T/cibw-run-hbp3vmch/cp38-macosx_arm64/build/venv/lib/python3.8/site-packages/pip (python 3.8)
2022-12-27T02:26:36.8371540Z + which pip
2022-12-27T02:26:36.8400600Z + which python
2022-12-27T02:26:36.8420490Z /private/var/folders/51/hd414ycd67n82196sw51xqtc0000gn/T/cibw-run-hbp3vmch/cp38-macosx_arm64/build/venv/bin/python
2022-12-27T02:26:36.8422810Z + python --version
2022-12-27T02:26:36.8472060Z Python 3.8.10
2022-12-27T02:26:36.8474920Z + which python
2022-12-27T02:26:36.8531200Z ##[endgroup]
2022-12-27T02:26:36.8531940Z                                                               [32m✓ [0m0.99s
2022-12-27T02:26:36.8532520Z ##[group]Installing build tools...
2022-12-27T02:26:36.8532680Z 
2022-12-27T02:26:36.8533170Z + pip install --upgrade setuptools wheel delocate -c /Users/runner/hostedtoolcache/Python/3.8.15/x64/lib/python3.8/site-packages/cibuildwheel/resources/constraints-python38.txt
2022-12-27T02:26:37.1645310Z Requirement already satisfied: setuptools in /private/var/folders/51/hd414ycd67n82196sw51xqtc0000gn/T/cibw-run-hbp3vmch/cp38-macosx_arm64/build/venv/lib/python3.8/site-packages (65.6.3)
2022-12-27T02:26:37.4108290Z Requirement already satisfied: wheel in /private/var/folders/51/hd414ycd67n82196sw51xqtc0000gn/T/cibw-run-hbp3vmch/cp38-macosx_arm64/build/venv/lib/python3.8/site-packages (0.38.4)
2022-12-27T02:26:37.5663290Z Collecting delocate
2022-12-27T02:26:37.5690600Z   Using cached delocate-0.10.3-py3-none-any.whl (142 kB)
2022-12-27T02:26:37.5917400Z Collecting typing-extensions
2022-12-27T02:26:37.5937750Z   Using cached typing_extensions-4.4.0-py3-none-any.whl (26 kB)
2022-12-27T02:26:37.8571070Z Collecting packaging>=20.9
2022-12-27T02:26:37.8593970Z   Using cached packaging-21.3-py3-none-any.whl (40 kB)
2022-12-27T02:26:37.8950200Z Collecting pyparsing!=3.0.5,>=2.0.2
2022-12-27T02:26:37.8972540Z   Using cached pyparsing-3.0.9-py3-none-any.whl (98 kB)
2022-12-27T02:26:37.9347750Z Installing collected packages: typing-extensions, pyparsing, packaging, delocate
2022-12-27T02:26:38.0677420Z Successfully installed delocate-0.10.3 packaging-21.3 pyparsing-3.0.9 typing-extensions-4.4.0
2022-12-27T02:26:38.1115350Z ##[endgroup]
2022-12-27T02:26:38.1116140Z                                                               [32m✓ [0m1.26s
2022-12-27T02:26:38.1116690Z ##[group]Running before_build...
2022-12-27T02:26:38.1116850Z 
2022-12-27T02:26:38.1123400Z + pip install Cython; if [[ -f requirements.txt ]]; then pip install -r requirements.txt; fi
2022-12-27T02:26:38.7907200Z Collecting Cython
2022-12-27T02:26:38.7955660Z   Using cached Cython-0.29.32-py2.py3-none-any.whl (986 kB)
2022-12-27T02:26:38.8443510Z Installing collected packages: Cython
2022-12-27T02:26:39.2699180Z Successfully installed Cython-0.29.32
2022-12-27T02:26:40.0093800Z Collecting coverage>=4.0
2022-12-27T02:26:40.0129570Z   Using cached coverage-7.0.1-cp38-cp38-macosx_10_9_x86_64.whl (187 kB)
2022-12-27T02:26:40.0231990Z Requirement already satisfied: cython>=0.23 in /private/var/folders/51/hd414ycd67n82196sw51xqtc0000gn/T/cibw-run-hbp3vmch/cp38-macosx_arm64/build/venv/lib/python3.8/site-packages (from -r requirements.txt (line 3)) (0.29.32)
2022-12-27T02:26:40.5046310Z Collecting enum34>=1.0.4
2022-12-27T02:26:40.5068230Z   Using cached enum34-1.1.10-py3-none-any.whl (11 kB)
2022-12-27T02:26:40.6258840Z Collecting futures>=2.2.0
2022-12-27T02:26:40.6260480Z   Using cached futures-3.0.5-py3-none-any.whl
2022-12-27T02:26:40.9469450Z Collecting protobuf>=3.5.0.post1
2022-12-27T02:26:40.9502010Z   Using cached protobuf-4.21.12-cp37-abi3-macosx_10_9_universal2.whl (486 kB)
2022-12-27T02:26:40.9853200Z Collecting six>=1.10
2022-12-27T02:26:40.9875230Z   Using cached six-1.16.0-py2.py3-none-any.whl (11 kB)
2022-12-27T02:26:40.9891470Z Requirement already satisfied: wheel>=0.29 in /private/var/folders/51/hd414ycd67n82196sw51xqtc0000gn/T/cibw-run-hbp3vmch/cp38-macosx_arm64/build/venv/lib/python3.8/site-packages (from -r requirements.txt (line 8)) (0.38.4)
2022-12-27T02:26:41.0291120Z Installing collected packages: futures, enum34, six, protobuf, coverage
2022-12-27T02:26:41.2746810Z Successfully installed coverage-7.0.1 enum34-1.1.10 futures-3.0.5 protobuf-4.21.12 six-1.16.0
2022-12-27T02:26:41.3281600Z ##[endgroup]
2022-12-27T02:26:41.3282130Z                                                               [32m✓ [0m3.22s
2022-12-27T02:26:41.3282690Z ##[group]Building wheel...
2022-12-27T02:26:41.3282880Z 
2022-12-27T02:26:41.3288750Z + python -m pip wheel /Users/runner/actions-runner/_work/python.build/python.build/build_grpcio18138/grpcio-1.8.1 --wheel-dir=/private/var/folders/51/hd414ycd67n82196sw51xqtc0000gn/T/cibw-run-hbp3vmch/cp38-macosx_arm64/built_wheel --no-deps -vvv
2022-12-27T02:26:41.6132760Z Created temporary directory: /private/var/folders/51/hd414ycd67n82196sw51xqtc0000gn/T/pip-ephem-wheel-cache-gs7nm0us
2022-12-27T02:26:41.6138000Z Created temporary directory: /private/var/folders/51/hd414ycd67n82196sw51xqtc0000gn/T/pip-build-tracker-nn3pnqpu
2022-12-27T02:26:41.6139910Z Initialized build tracking at /private/var/folders/51/hd414ycd67n82196sw51xqtc0000gn/T/pip-build-tracker-nn3pnqpu
2022-12-27T02:26:41.6141380Z Created build tracker: /private/var/folders/51/hd414ycd67n82196sw51xqtc0000gn/T/pip-build-tracker-nn3pnqpu
2022-12-27T02:26:41.6143430Z Entered build tracker: /private/var/folders/51/hd414ycd67n82196sw51xqtc0000gn/T/pip-build-tracker-nn3pnqpu
2022-12-27T02:26:41.6146460Z Created temporary directory: /private/var/folders/51/hd414ycd67n82196sw51xqtc0000gn/T/pip-wheel-x7swfjj1
2022-12-27T02:26:41.6152570Z Created temporary directory: /private/var/folders/51/hd414ycd67n82196sw51xqtc0000gn/T/pip-ephem-wheel-cache-yezh1jm4
2022-12-27T02:26:41.6233770Z Processing /Users/runner/actions-runner/_work/python.build/python.build/build_grpcio18138/grpcio-1.8.1
2022-12-27T02:26:41.6238440Z   Added file:///Users/runner/actions-runner/_work/python.build/python.build/build_grpcio18138/grpcio-1.8.1 to build tracker '/private/var/folders/51/hd414ycd67n82196sw51xqtc0000gn/T/pip-build-tracker-nn3pnqpu'
2022-12-27T02:26:41.6242610Z   Running setup.py (path:/Users/runner/actions-runner/_work/python.build/python.build/build_grpcio18138/grpcio-1.8.1/setup.py) egg_info for package from file:///Users/runner/actions-runner/_work/python.build/python.build/build_grpcio18138/grpcio-1.8.1
2022-12-27T02:26:41.6245590Z   Created temporary directory: /private/var/folders/51/hd414ycd67n82196sw51xqtc0000gn/T/pip-pip-egg-info-es_g29nk
2022-12-27T02:26:41.6247090Z   Preparing metadata (setup.py): started
2022-12-27T02:26:41.6249020Z   Running command python setup.py egg_info
2022-12-27T02:26:43.0953060Z   Compiling src/python/grpcio/grpc/_cython/cygrpc.pyx because it depends on /private/var/folders/51/hd414ycd67n82196sw51xqtc0000gn/T/cibw-run-hbp3vmch/cp38-macosx_arm64/build/venv/lib/python3.8/site-packages/Cython/Includes/libc/time.pxd.
2022-12-27T02:26:43.0953900Z   [1/1] Cythonizing src/python/grpcio/grpc/_cython/cygrpc.pyx
2022-12-27T02:26:43.1139600Z   running egg_info
2022-12-27T02:26:43.1144860Z   creating /private/var/folders/51/hd414ycd67n82196sw51xqtc0000gn/T/pip-pip-egg-info-es_g29nk/grpcio.egg-info
2022-12-27T02:26:43.1157230Z   writing /private/var/folders/51/hd414ycd67n82196sw51xqtc0000gn/T/pip-pip-egg-info-es_g29nk/grpcio.egg-info/PKG-INFO
2022-12-27T02:26:43.1160070Z   writing dependency_links to /private/var/folders/51/hd414ycd67n82196sw51xqtc0000gn/T/pip-pip-egg-info-es_g29nk/grpcio.egg-info/dependency_links.txt
2022-12-27T02:26:43.1163890Z   writing requirements to /private/var/folders/51/hd414ycd67n82196sw51xqtc0000gn/T/pip-pip-egg-info-es_g29nk/grpcio.egg-info/requires.txt
2022-12-27T02:26:43.1165740Z   writing top-level names to /private/var/folders/51/hd414ycd67n82196sw51xqtc0000gn/T/pip-pip-egg-info-es_g29nk/grpcio.egg-info/top_level.txt
2022-12-27T02:26:43.1167520Z   writing manifest file '/private/var/folders/51/hd414ycd67n82196sw51xqtc0000gn/T/pip-pip-egg-info-es_g29nk/grpcio.egg-info/SOURCES.txt'
2022-12-27T02:26:43.1225700Z   reading manifest file '/private/var/folders/51/hd414ycd67n82196sw51xqtc0000gn/T/pip-pip-egg-info-es_g29nk/grpcio.egg-info/SOURCES.txt'
2022-12-27T02:26:43.1227630Z   reading manifest template 'PYTHON-MANIFEST.in'
2022-12-27T02:26:43.1256400Z   /private/var/folders/51/hd414ycd67n82196sw51xqtc0000gn/T/cibw-run-hbp3vmch/cp38-macosx_arm64/build/venv/lib/python3.8/site-packages/Cython/Compiler/Main.py:369: FutureWarning: Cython directive 'language_level' not set, using 2 for now (Py2). This will change in a later release! File: /Users/runner/actions-runner/_work/python.build/python.build/build_grpcio18138/grpcio-1.8.1/src/python/grpcio/grpc/_cython/cygrpc.pxd
2022-12-27T02:26:43.1257510Z     tree = Parsing.p_module(s, pxd, full_module_name)
2022-12-27T02:26:43.1260060Z   warning: src/python/grpcio/grpc/_cython/_cygrpc/grpc.pxi:136:13: 'GRPC_ARG_PRIMARY_USER_AGENT_STRING' redeclared
2022-12-27T02:26:43.1261410Z   warning: no files found matching '*.h' under directory 'src/python/grpcio/grpc'
2022-12-27T02:26:43.1326490Z   warning: no files found matching '*.python' under directory 'src/python/grpcio/grpc'
2022-12-27T02:26:43.1341390Z   warning: no previously-included files matching '*.so' found under directory 'src/python/grpcio/grpc/_cython'
2022-12-27T02:26:43.1342920Z   warning: no previously-included files matching '*.pyd' found under directory 'src/python/grpcio/grpc/_cython'
2022-12-27T02:26:43.2120340Z   warning: no files found matching 'src/python/grpcio/precompiled.py'
2022-12-27T02:26:43.2624030Z   writing manifest file '/private/var/folders/51/hd414ycd67n82196sw51xqtc0000gn/T/pip-pip-egg-info-es_g29nk/grpcio.egg-info/SOURCES.txt'
2022-12-27T02:26:43.3313960Z   Preparing metadata (setup.py): finished with status 'done'
2022-12-27T02:26:43.3340900Z   Source in /Users/runner/actions-runner/_work/python.build/python.build/build_grpcio18138/grpcio-1.8.1 has version 1.8.1, which satisfies requirement grpcio==1.8.1 from file:///Users/runner/actions-runner/_work/python.build/python.build/build_grpcio18138/grpcio-1.8.1
2022-12-27T02:26:43.3344510Z   Removed grpcio==1.8.1 from file:///Users/runner/actions-runner/_work/python.build/python.build/build_grpcio18138/grpcio-1.8.1 from build tracker '/private/var/folders/51/hd414ycd67n82196sw51xqtc0000gn/T/pip-build-tracker-nn3pnqpu'
2022-12-27T02:26:43.3460620Z Created temporary directory: /private/var/folders/51/hd414ycd67n82196sw51xqtc0000gn/T/pip-unpack-x8muobqs
2022-12-27T02:26:43.3462660Z Building wheels for collected packages: grpcio
2022-12-27T02:26:43.3467980Z   Created temporary directory: /private/var/folders/51/hd414ycd67n82196sw51xqtc0000gn/T/pip-wheel-yybdseug
2022-12-27T02:26:43.3469920Z   Building wheel for grpcio (setup.py): started
2022-12-27T02:26:43.3472070Z   Destination directory: /private/var/folders/51/hd414ycd67n82196sw51xqtc0000gn/T/pip-wheel-yybdseug
2022-12-27T02:26:43.3473340Z   Running command python setup.py bdist_wheel
2022-12-27T02:26:43.7875690Z   running bdist_wheel
2022-12-27T02:26:43.7907770Z   running build
2022-12-27T02:26:43.7909660Z   running build_py
2022-12-27T02:26:43.7912010Z   running build_project_metadata
2022-12-27T02:26:43.7916060Z   creating python_build
2022-12-27T02:26:43.7918070Z   creating python_build/lib.macosx-11.0-arm64-cpython-38
2022-12-27T02:26:43.7919460Z   creating python_build/lib.macosx-11.0-arm64-cpython-38/grpc
2022-12-27T02:26:43.7921300Z   copying src/python/grpcio/grpc/_channel.py -> python_build/lib.macosx-11.0-arm64-cpython-38/grpc
2022-12-27T02:26:43.7924410Z   copying src/python/grpcio/grpc/_common.py -> python_build/lib.macosx-11.0-arm64-cpython-38/grpc
2022-12-27T02:26:43.7928170Z   copying src/python/grpcio/grpc/__init__.py -> python_build/lib.macosx-11.0-arm64-cpython-38/grpc
2022-12-27T02:26:43.7930680Z   copying src/python/grpcio/grpc/_utilities.py -> python_build/lib.macosx-11.0-arm64-cpython-38/grpc
2022-12-27T02:26:43.7933870Z   copying src/python/grpcio/grpc/_plugin_wrapping.py -> python_build/lib.macosx-11.0-arm64-cpython-38/grpc
2022-12-27T02:26:43.7936400Z   copying src/python/grpcio/grpc/_interceptor.py -> python_build/lib.macosx-11.0-arm64-cpython-38/grpc
2022-12-27T02:26:43.7940600Z   copying src/python/grpcio/grpc/_grpcio_metadata.py -> python_build/lib.macosx-11.0-arm64-cpython-38/grpc
2022-12-27T02:26:43.7943560Z   copying src/python/grpcio/grpc/_server.py -> python_build/lib.macosx-11.0-arm64-cpython-38/grpc
2022-12-27T02:26:43.7946460Z   copying src/python/grpcio/grpc/_auth.py -> python_build/lib.macosx-11.0-arm64-cpython-38/grpc
2022-12-27T02:26:43.7951200Z   creating python_build/lib.macosx-11.0-arm64-cpython-38/grpc/beta
2022-12-27T02:26:43.7953620Z   copying src/python/grpcio/grpc/beta/_server_adaptations.py -> python_build/lib.macosx-11.0-arm64-cpython-38/grpc/beta
2022-12-27T02:26:43.7957840Z   copying src/python/grpcio/grpc/beta/interfaces.py -> python_build/lib.macosx-11.0-arm64-cpython-38/grpc/beta
2022-12-27T02:26:43.7959670Z   copying src/python/grpcio/grpc/beta/_metadata.py -> python_build/lib.macosx-11.0-arm64-cpython-38/grpc/beta
2022-12-27T02:26:43.7961400Z   copying src/python/grpcio/grpc/beta/__init__.py -> python_build/lib.macosx-11.0-arm64-cpython-38/grpc/beta
2022-12-27T02:26:43.7964370Z   copying src/python/grpcio/grpc/beta/utilities.py -> python_build/lib.macosx-11.0-arm64-cpython-38/grpc/beta
2022-12-27T02:26:43.7966570Z   copying src/python/grpcio/grpc/beta/implementations.py -> python_build/lib.macosx-11.0-arm64-cpython-38/grpc/beta
2022-12-27T02:26:43.7969830Z   copying src/python/grpcio/grpc/beta/_client_adaptations.py -> python_build/lib.macosx-11.0-arm64-cpython-38/grpc/beta
2022-12-27T02:26:43.7973990Z   creating python_build/lib.macosx-11.0-arm64-cpython-38/grpc/framework
2022-12-27T02:26:43.7975920Z   copying src/python/grpcio/grpc/framework/__init__.py -> python_build/lib.macosx-11.0-arm64-cpython-38/grpc/framework
2022-12-27T02:26:43.7979620Z   creating python_build/lib.macosx-11.0-arm64-cpython-38/grpc/_cython
2022-12-27T02:26:43.7981350Z   copying src/python/grpcio/grpc/_cython/__init__.py -> python_build/lib.macosx-11.0-arm64-cpython-38/grpc/_cython
2022-12-27T02:26:43.7986940Z   creating python_build/lib.macosx-11.0-arm64-cpython-38/grpc/framework/foundation
2022-12-27T02:26:43.7988400Z   copying src/python/grpcio/grpc/framework/foundation/callable_util.py -> python_build/lib.macosx-11.0-arm64-cpython-38/grpc/framework/foundation
2022-12-27T02:26:43.7991810Z   copying src/python/grpcio/grpc/framework/foundation/abandonment.py -> python_build/lib.macosx-11.0-arm64-cpython-38/grpc/framework/foundation
2022-12-27T02:26:43.7994360Z   copying src/python/grpcio/grpc/framework/foundation/__init__.py -> python_build/lib.macosx-11.0-arm64-cpython-38/grpc/framework/foundation
2022-12-27T02:26:43.7996880Z   copying src/python/grpcio/grpc/framework/foundation/stream.py -> python_build/lib.macosx-11.0-arm64-cpython-38/grpc/framework/foundation
2022-12-27T02:26:43.7999860Z   copying src/python/grpcio/grpc/framework/foundation/stream_util.py -> python_build/lib.macosx-11.0-arm64-cpython-38/grpc/framework/foundation
2022-12-27T02:26:43.8002560Z   copying src/python/grpcio/grpc/framework/foundation/future.py -> python_build/lib.macosx-11.0-arm64-cpython-38/grpc/framework/foundation
2022-12-27T02:26:43.8005000Z   copying src/python/grpcio/grpc/framework/foundation/logging_pool.py -> python_build/lib.macosx-11.0-arm64-cpython-38/grpc/framework/foundation
2022-12-27T02:26:43.8009470Z   creating python_build/lib.macosx-11.0-arm64-cpython-38/grpc/framework/common
2022-12-27T02:26:43.8011450Z   copying src/python/grpcio/grpc/framework/common/style.py -> python_build/lib.macosx-11.0-arm64-cpython-38/grpc/framework/common
2022-12-27T02:26:43.8014790Z   copying src/python/grpcio/grpc/framework/common/cardinality.py -> python_build/lib.macosx-11.0-arm64-cpython-38/grpc/framework/common
2022-12-27T02:26:43.8016440Z   copying src/python/grpcio/grpc/framework/common/__init__.py -> python_build/lib.macosx-11.0-arm64-cpython-38/grpc/framework/common
2022-12-27T02:26:43.8020750Z   creating python_build/lib.macosx-11.0-arm64-cpython-38/grpc/framework/interfaces
2022-12-27T02:26:43.8022500Z   copying src/python/grpcio/grpc/framework/interfaces/__init__.py -> python_build/lib.macosx-11.0-arm64-cpython-38/grpc/framework/interfaces
2022-12-27T02:26:43.8026820Z   creating python_build/lib.macosx-11.0-arm64-cpython-38/grpc/framework/interfaces/face
2022-12-27T02:26:43.8028430Z   copying src/python/grpcio/grpc/framework/interfaces/face/__init__.py -> python_build/lib.macosx-11.0-arm64-cpython-38/grpc/framework/interfaces/face
2022-12-27T02:26:43.8031740Z   copying src/python/grpcio/grpc/framework/interfaces/face/utilities.py -> python_build/lib.macosx-11.0-arm64-cpython-38/grpc/framework/interfaces/face
2022-12-27T02:26:43.8034590Z   copying src/python/grpcio/grpc/framework/interfaces/face/face.py -> python_build/lib.macosx-11.0-arm64-cpython-38/grpc/framework/interfaces/face
2022-12-27T02:26:43.8039620Z   creating python_build/lib.macosx-11.0-arm64-cpython-38/grpc/framework/interfaces/base
2022-12-27T02:26:43.8041080Z   copying src/python/grpcio/grpc/framework/interfaces/base/__init__.py -> python_build/lib.macosx-11.0-arm64-cpython-38/grpc/framework/interfaces/base
2022-12-27T02:26:43.8043460Z   copying src/python/grpcio/grpc/framework/interfaces/base/utilities.py -> python_build/lib.macosx-11.0-arm64-cpython-38/grpc/framework/interfaces/base
2022-12-27T02:26:43.8046570Z   copying src/python/grpcio/grpc/framework/interfaces/base/base.py -> python_build/lib.macosx-11.0-arm64-cpython-38/grpc/framework/interfaces/base
2022-12-27T02:26:43.8050730Z   creating python_build/lib.macosx-11.0-arm64-cpython-38/grpc/_cython/_cygrpc
2022-12-27T02:26:43.8052220Z   copying src/python/grpcio/grpc/_cython/_cygrpc/__init__.py -> python_build/lib.macosx-11.0-arm64-cpython-38/grpc/_cython/_cygrpc
2022-12-27T02:26:43.8057740Z   creating python_build/lib.macosx-11.0-arm64-cpython-38/grpc/_cython/_credentials
2022-12-27T02:26:43.8059490Z   copying src/python/grpcio/grpc/_cython/_credentials/roots.pem -> python_build/lib.macosx-11.0-arm64-cpython-38/grpc/_cython/_credentials
2022-12-27T02:26:43.8083870Z   running build_ext
2022-12-27T02:26:47.9217590Z   b'[C]       Compiling third_party/cares/cares/ares__close_sockets.c\n[C]       Compiling third_party/cares/cares/ares__get_hostent.c\n[C]       Compiling third_party/cares/cares/ares__read_line.c\n[C]       Compiling third_party/cares/cares/ares__timeval.c\n[C]       Compiling third_party/cares/cares/ares_cancel.c\n[C]       Compiling third_party/cares/cares/ares_create_query.c\n[C]       Compiling third_party/cares/cares/ares_data.c\n[C]       Compiling third_party/cares/cares/ares_destroy.c\n[C]       Compiling third_party/cares/cares/ares_expand_name.c\n[C]       Compiling third_party/cares/cares/ares_expand_string.c\n[C]       Compiling third_party/cares/cares/ares_fds.c\n[C]       Compiling third_party/cares/cares/ares_free_hostent.c\n[C]       Compiling third_party/cares/cares/ares_free_string.c\n[C]       Compiling third_party/cares/cares/ares_getenv.c\n[C]       Compiling third_party/cares/cares/ares_gethostbyaddr.c\n[C]       Compiling third_party/cares/cares/ares_gethostbyname.c\n[C]       Compiling third_party/cares/cares/ares_getnameinfo.c\n[C]       Compiling third_party/cares/cares/ares_getopt.c\n[C]       Compiling third_party/cares/cares/ares_getsock.c\n[C]       Compiling third_party/cares/cares/ares_init.c\n[C]       Compiling third_party/cares/cares/ares_library_init.c\n[C]       Compiling third_party/cares/cares/ares_llist.c\n[C]       Compiling third_party/cares/cares/ares_mkquery.c\n[C]       Compiling third_party/cares/cares/ares_nowarn.c\n[C]       Compiling third_party/cares/cares/ares_options.c\n[C]       Compiling third_party/cares/cares/ares_parse_a_reply.c\n[C]       Compiling third_party/cares/cares/ares_parse_aaaa_reply.c\n[C]       Compiling third_party/cares/cares/ares_parse_mx_reply.c\n[C]       Compiling third_party/cares/cares/ares_parse_naptr_reply.c\n[C]       Compiling third_party/cares/cares/ares_parse_ns_reply.c\n[C]       Compiling third_party/cares/cares/ares_parse_ptr_reply.c\n[C]       Compiling third_party/cares/cares/ares_parse_soa_reply.c\n[C]       Compiling third_party/cares/cares/ares_parse_srv_reply.c\n[C]       Compiling third_party/cares/cares/ares_parse_txt_reply.c\n[C]       Compiling third_party/cares/cares/ares_platform.c\n[C]       Compiling third_party/cares/cares/ares_process.c\n[C]       Compiling third_party/cares/cares/ares_query.c\n[C]       Compiling third_party/cares/cares/ares_search.c\n[C]       Compiling third_party/cares/cares/ares_send.c\n[C]       Compiling third_party/cares/cares/ares_strcasecmp.c\n[C]       Compiling third_party/cares/cares/ares_strdup.c\n[C]       Compiling third_party/cares/cares/ares_strerror.c\n[C]       Compiling third_party/cares/cares/ares_timeout.c\n[C]       Compiling third_party/cares/cares/ares_version.c\n[C]       Compiling third_party/cares/cares/ares_writev.c\n[C]       Compiling third_party/cares/cares/bitncmp.c\n[C]       Compiling third_party/cares/cares/inet_net_pton.c\n[C]       Compiling third_party/cares/cares/inet_ntop.c\n[C]       Compiling third_party/cares/cares/windows_port.c\n[C]       Compiling third_party/zlib/compress.c\n[C]       Compiling third_party/zlib/crc32.c\n[C]       Compiling third_party/zlib/adler32.c\n[C]       Compiling third_party/zlib/deflate.c\n[C]       Compiling third_party/zlib/gzclose.c\n[C]       Compiling third_party/zlib/gzlib.c\n[C]       Compiling third_party/zlib/gzread.c\n[C]       Compiling third_party/zlib/gzwrite.c\n[C]       Compiling third_party/zlib/infback.c\n[C]       Compiling third_party/zlib/inffast.c\n[C]       Compiling third_party/zlib/inflate.c\n[C]       Compiling third_party/zlib/inftrees.c\n[C]       Compiling third_party/zlib/trees.c\n[C]       Compiling third_party/zlib/uncompr.c\n[C]       Compiling third_party/zlib/zutil.c\n[C]       Compiling src/boringssl/err_data.c\n[C]       Compiling third_party/boringssl/crypto/aes/aes.c\n[C]       Compiling third_party/boringssl/crypto/aes/key_wrap.c\n[C]       Compiling third_party/boringssl/crypto/aes/mode_wrappers.c\n[C]       Compiling third_party/boringssl/crypto/asn1/a_bitstr.c\n[C]       Compiling third_party/boringssl/crypto/asn1/a_bool.c\n[C]       Compiling third_party/boringssl/crypto/asn1/a_d2i_fp.c\n[C]       Compiling third_party/boringssl/crypto/asn1/a_dup.c\n'
2022-12-27T02:26:47.9350440Z   b"make: Circular /Users/runner/actions-runner/_work/python.build/python.build/build_grpcio18138/grpcio-1.8.1/libs/opt/libares.a <- /Users/runner/actions-runner/_work/python.build/python.build/build_grpcio18138/grpcio-1.8.1/libs/opt/libz.a dependency dropped.\nIn file included from src/boringssl/err_data.c:17:\nthird_party/boringssl/include/openssl/base.h:133:9: error: 'OPENSSL_VERSION_NUMBER' macro redefined [-Werror,-Wmacro-redefined]\n#define OPENSSL_VERSION_NUMBER 0x100020af\n        ^\n/usr/local/opt/openssl@3/include/openssl/opensslv.h:99:10: note: previous definition is here\n# define OPENSSL_VERSION_NUMBER          \\\n         ^\nIn file included from src/boringssl/err_data.c:18:\nIn file included from /usr/local/opt/openssl@3/include/openssl/err.h:21:\n/usr/local/opt/openssl@3/include/openssl/e_os2.h:183:11: error: 'OPENSSL_EXPORT' macro redefined [-Werror,-Wmacro-redefined]\n#  define OPENSSL_EXPORT extern\n          ^\nthird_party/boringssl/include/openssl/base.h:168:9: note: previous definition is here\n#define OPENSSL_EXPORT\n        ^\nIn file included from third_party/boringssl/crypto/aes/key_wrap.c:54:\nIn file included from third_party/boringssl/include/openssl/mem.h:60:\nthird_party/boringssl/include/openssl/base.h:133:9: error: 'OPENSSL_VERSION_NUMBER' macro redefined [-Werror,-Wmacro-redefined]\n#define OPENSSL_VERSION_NUMBER 0x100020af\n        ^\n/usr/local/opt/openssl@3/include/openssl/opensslv.h:99:10: note: previous definition is here\n# define OPENSSL_VERSION_NUMBER          \\\n         ^\nIn file included from third_party/boringssl/crypto/aes/aes.c:54:\nIn file included from third_party/boringssl/include/openssl/cpu.h:64:\nthird_party/boringssl/include/openssl/base.h:133:9: error: 'OPENSSL_VERSION_NUMBER' macro redefined [-Werror,-Wmacro-redefined]\n#define OPENSSL_VERSION_NUMBER 0x100020af\n        ^\n/usr/local/opt/openssl@3/include/openssl/opensslv.h:99:10: note: previous definition is here\n# define OPENSSL_VERSION_NUMBER          \\\n         ^\nIn file included from src/boringssl/err_data.c:18:\nIn file included from /usr/local/opt/openssl@3/include/openssl/err.h:28:\nIn file included from /usr/local/opt/openssl@3/include/openssl/types.h:21:\n/usr/local/opt/openssl@3/include/openssl/safestack.h:264:15: error: redefinition of typedef 'OPENSSL_BLOCK' is a C11 feature [-Werror,-Wtypedef-redefinition]\ntypedef void *OPENSSL_BLOCK;\n              ^\nthird_party/boringssl/include/openssl/base.h:322:15: note: previous definition is here\ntypedef void *OPENSSL_BLOCK;\n              ^\nIn file included from src/boringssl/err_data.c:18:\nIn file included from /usr/local/opt/openssl@3/include/openssl/err.h:28:\n/usr/local/opt/openssl@3/include/openssl/types.h:45:31: error: redefinition of typedef 'ASN1_INTEGER' is a C11 feature [-Werror,-Wtypedef-redefinition]\ntypedef struct asn1_string_st ASN1_INTEGER;\n                              ^\nthird_party/boringssl/include/openssl/base.h:215:31: note: previous definition is here\nthird_party/boringssl/crypto/aes/aes.c:typedef struct asn1_string_st ASN1_INTEGER;\n                              ^\nIn file included from src/boringssl/err_data.c:18:\nIn file included from /usr/local/opt/openssl@3/include/openssl/err.h:28:\n/usr/local/opt/openssl@3/include/openssl/types.h:46:31: error: redefinition of typedef 'ASN1_ENUMERATED' is a C11 feature [-Werror,-Wtypedef-redefinition]\n537typedef struct asn1_string_st ASN1_ENUMERATED;\n                              ^\n:third_party/boringssl/include/openssl/base.h5::211 :error31: :conflicting types for 'AES_set_encrypt_key'\n noteint AES_set_encrypt_key(const uint8_t *key, unsigned bits, AES_KEY *aeskey) {\n: previous definition is here\n    ^\ntypedef struct asn1_string_st ASN1_ENUMERATED;\n                              ^\n/usr/local/opt/openssl@3/include/openssl/aes.h:51:5:In file included from  src/boringssl/err_data.cnote:: 18previous declaration is here:\n\nIn file included from /usr/local/opt/openssl@3/include/openssl/err.h:28:\n/usr/local/opt/openssl@3/include/openssl/types.h:47:31: error: redefinition of typedef 'ASN1_BIT_STRING' is a C11 feature [-Werror,-Wtypedef-redefinition]\nint AES_set_encrypt_key(const unsigned char *userKey, const int bits,\n    ^\ntypedef struct asn1_string_st ASN1_BIT_STRING;\n                              ^\nthird_party/boringssl/include/openssl/base.h:209:31: note: previous definition is here\ntypedef struct asn1_string_st ASN1_BIT_STRING;\n                              ^\nIn file included from src/boringssl/err_data.c:18:\nIn file included from /usr/local/opt/openssl@3/include/openssl/err.h:28:\n/usr/local/opt/openssl@3/include/openssl/types.h:48:31: error: redefinition of typedef 'ASN1_OCTET_STRING' is a C11 feature [-Werror,-Wtypedef-redefinition]\ntypedef struct asn1_string_st ASN1_OCTET_STRING;\n                              ^\nthird_party/boringssl/include/openssl/base.h:216:31: note: previous definition is here\ntypedef struct asn1_string_st ASN1_OCTET_STRING;\n                              ^\nIn file included from src/boringssl/err_data.c:18:\nIn file included from /usr/local/opt/openssl@3/include/openssl/err.h:28:\n/usr/local/opt/openssl@3/include/openssl/types.h:49:31: error: redefinition of typedef 'ASN1_PRINTABLESTRING' is a C11 feature [-Werror,-Wtypedef-redefinition]\ntypedef struct asn1_string_st ASN1_PRINTABLESTRING;\n                              ^\nthird_party/boringssl/include/openssl/base.h:217:31: note: previous definition is here\ntypedef struct asn1_string_st ASN1_PRINTABLESTRING;\n                              ^\nIn file included from src/boringssl/err_data.c:18:\nIn file included from /usr/local/opt/openssl@3/include/openssl/err.h:28:\n/usr/local/opt/openssl@3/include/openssl/types.h:50:31: error: redefinition of typedef 'ASN1_T61STRING' is a C11 feature [-Werror,-Wtypedef-redefinition]\ntypedef struct asn1_string_st ASN1_T61STRING;\n                              ^\nthird_party/boringssl/include/openssl/base.h:219:31: note: previous definition is here\ntypedef struct asn1_string_st ASN1_T61STRING;\n                              ^\nIn file included from src/boringssl/err_data.c:18:\nIn file included from /usr/local/opt/openssl@3/include/openssl/err.h:28:\n/usr/local/opt/openssl@3/include/openssl/types.h:51:31: error: redefinition of typedef 'ASN1_IA5STRING' is a C11 feature [-Werror,-Wtypedef-redefinition]\ntypedef struct asn1_string_st ASN1_IA5STRING;\n                              ^\nthird_party/boringssl/include/openssl/base.h:214:31: note: previous definition is here\ntypedef struct asn1_string_st ASN1_IA5STRING;\n                              ^\nIn file included from src/boringssl/err_data.c:18:\nIn file included from /usr/local/opt/openssl@3/include/openssl/err.h:28:\n/usr/local/opt/openssl@3/include/openssl/types.h:52:31: error: redefinition of typedef 'ASN1_GENERALSTRING' is a C11 feature [-Werror,-Wtypedef-redefinition]\ntypedef struct asn1_string_st ASN1_GENERALSTRING;\n                              ^\nthird_party/boringssl/include/openssl/base.h:213:31: note: previous definition is here\ntypedef struct asn1_string_st ASN1_GENERALSTRING;\n                              ^\nIn file included from src/boringssl/err_data.c:18:\nIn file included from /usr/local/opt/openssl@3/include/openssl/err.h:28:\n/usr/local/opt/openssl@3/include/openssl/types.h:53:31: error: redefinition of typedef 'ASN1_UNIVERSALSTRING' is a C11 feature [-Werror,-Wtypedef-redefinition]\ntypedef struct asn1_string_st ASN1_UNIVERSALSTRING;\n                              ^\nthird_party/boringssl/include/openssl/base.h:221:31: note: previous definition is here\ntypedef struct asn1_string_st ASN1_UNIVERSALSTRING;\n                              ^\nIn file included from src/boringssl/err_data.c:18:\nIn file included from /usr/local/opt/openssl@3/include/openssl/err.h:28:\n/usr/local/opt/openssl@3/include/openssl/types.h:54:31: error: redefinition of typedef 'ASN1_BMPSTRING' is a C11 feature [-Werror,-Wtypedef-redefinition]\ntypedef struct asn1_string_st ASN1_BMPSTRING;\n                              ^\nthird_party/boringssl/include/openssl/base.h:210:31: note: previous definition is here\ntypedef struct asn1_string_st ASN1_BMPSTRING;\n                              ^\nIn file included from src/boringssl/err_data.c:18:\nIn file included from /usr/local/opt/openssl@3/include/openssl/err.h:28:\n/usr/local/opt/openssl@3/include/openssl/types.h:55:third_party/boringssl/crypto/aes/aes.c:632:5: error: conflicting types for 'AES_set_decrypt_key'\n31: error: redefinition of typedef 'ASN1_UTCTIME' is a C11 feature [-Werror,-Wtypedef-redefinition]\nint AES_set_decrypt_key(const uint8_t *key, unsigned bits, AES_KEY *aeskey) {\n    ^\n/usr/local/opt/openssl@3/include/openssl/aes.h:54:5: note: previous declaration is here\ntypedef struct asn1_string_st ASN1_UTCTIME;\n                              ^\nthird_party/boringssl/include/openssl/base.h:222int AES_set_decrypt_key(const unsigned char *userKey, const int bits,:\n31    ^\n: note: previous definition is here\nthird_party/boringssl/crypto/aes/aes.c:638:12: error: 'AES_set_encrypt_key' is deprecated [-Werror,-Wdeprecated-declarations]\n  status = AES_set_encrypt_key(key, bits, aeskey);\n           ^\n/usr/local/opt/openssl@3/include/openssl/aes.h:50:1: note: 'AES_set_encrypt_key' has been explicitly marked deprecated heretypedef struct asn1_string_st ASN1_UTCTIME;\n\n                              ^\nOSSL_DEPRECATEDIN_3_0\n^\n/usr/local/opt/openssl@3/include/openssl/macros.h:182:49:In file included from src/boringssl/err_data.c:18:\nIn file included from /usr/local/opt/openssl@3/include/openssl/err.h:28:\n/usr/local/opt/openssl@3/include/openssl/types.h:56:31: error: redefinition of typedef 'ASN1_TIME' is a C11 feature [-Werror,-Wtypedef-redefinition]\ntypedef struct asn1_string_st ASN1_TIME;\n                              ^\nthird_party/boringssl/include/openssl/base.h note: expanded from macro 'OSSL_DEPRECATEDIN_3_0'\n:#   define OSSL_DEPRECATEDIN_3_0                OSSL_DEPRECATED(3.0)\n220                                                ^:\n31:/usr/local/opt/openssl@3/include/openssl/macros.h note: previous definition is here\n:62:52: note: typedef struct asn1_string_st ASN1_TIME;\n                              ^\nexpanded from macro 'OSSL_DEPRECATED'\nIn file included from src/boringssl/err_data.c:18#     define OSSL_DEPRECATED(since) __attribute__((deprecated)):\n\nIn file included from                                                    ^/usr/local/opt/openssl@3/include/openssl/err.h\n:28:\n/usr/local/opt/openssl@3/include/openssl/types.h:57:31: error: redefinition of typedef 'ASN1_GENERALIZEDTIME' is a C11 feature [-Werror,-Wtypedef-redefinition]\ntypedef struct asn1_string_st ASN1_GENERALIZEDTIME;\n                              ^\nthird_party/boringssl/include/openssl/base.h:212:31: note: previous definition is here\ntypedef struct asn1_string_st ASN1_GENERALIZEDTIME;\n                              ^\nIn file included from src/boringssl/err_data.c:18:\nIn file included from /usr/local/opt/openssl@3/include/openssl/err.h:28:\n/usr/local/opt/openssl@3/include/openssl/types.h:58:31: error: redefinition of typedef 'ASN1_VISIBLESTRING' is a C11 feature [-Werror,-Wtypedef-redefinition]\ntypedef struct asn1_string_st ASN1_VISIBLESTRING;\n                              ^\nthird_party/boringssl/include/openssl/base.h:224:31: note: previous definition is here\ntypedef struct asn1_string_st ASN1_VISIBLESTRING;\n                              ^\nIn file included from src/boringssl/err_data.c:18:\nIn file included from /usr/local/opt/openssl@3/include/openssl/err.h:28:\n/usr/local/opt/openssl@3/include/openssl/types.h:59:31: error: redefinition of typedef 'ASN1_UTF8STRING' is a C11 feature [-Werror,-Wtypedef-redefinition]\ntypedef struct asn1_string_st ASN1_UTF8STRING;\n                              ^\nthird_party/boringssl/include/openssl/base.h:223:31: note: previous definition is here\ntypedef struct asn1_string_st ASN1_UTF8STRING;\n                              ^\nIn file included from src/boringssl/err_data.c:18:\nIn file included from /usr/local/opt/openssl@3/include/openssl/err.h:28:\n/usr/local/opt/openssl@3/include/openssl/types.h:60:31: error: redefinition of typedef 'ASN1_STRING' is a C11 feature [-Werror,-Wtypedef-redefinition]\ntypedef struct asn1_string_st ASN1_STRING;\n                              ^\nthird_party/boringssl/include/openssl/base.h:218:31: note: previous definition is here\ntypedef struct asn1_string_st ASN1_STRING;\n                              ^\nfatal error: too many errors emitted, stopping now [-ferror-limit=]\nIn file included from third_party/boringssl/crypto/aes/mode_wrappers.c:53:\nIn file included from third_party/boringssl/crypto/aes/../modes/internal.h:52:\nthird_party/boringssl/include/openssl/base.h:133:9: error: 'OPENSSL_VERSION_NUMBER' macro redefined [-Werror,-Wmacro-redefined]\n#define OPENSSL_VERSION_NUMBER 0x100020af\n        ^\n/usr/local/opt/openssl@3/include/openssl/opensslv.h:99:10: note: previous definition is here\n# define OPENSSL_VERSION_NUMBER          \\\n         ^\nIn file included from third_party/boringssl/crypto/aes/key_wrap.c:56:\nIn file included from third_party/boringssl/crypto/aes/../internal.h:112:\nthird_party/boringssl/include/openssl/ex_data.h:205:3: error: type name requires a specifier or qualifier\n  STACK_OF(void) *sk;\n  ^\nthird_party/boringssl/include/openssl/ex_data.h:205:17: error: expected ';' at end of declaration list\n  STACK_OF(void) *sk;\n                ^\n                ;\n4 errors generated.\nIn file included from third_party/boringssl/crypto/aes/mode_wrappers.c:53:\nIn file included from third_party/boringssl/crypto/aes/../modes/internal.h:56:\nIn file included from third_party/boringssl/crypto/aes/../modes/../internal.h:112:\nthird_party/boringssl/include/openssl/ex_data.h:205:3: error: type name requires a specifier or qualifier\n  STACK_OF(void) *sk;\n  ^\nthird_party/boringssl/include/openssl/ex_data.h:205:17: error: expected ';' at end of declaration list\n  STACK_OF(void) *sk;\n                ^\n                ;\nmake: *** [/Users/runner/actions-runner/_work/python.build/python.build/build_grpcio18138/grpcio-1.8.1/objs/opt/third_party/boringssl/crypto/aes/aes.o] Error 1\nmake: *** Waiting for unfinished jobs....\nIn file included from third_party/boringssl/crypto/aes/key_wrap.c:56:\nthird_party/boringssl/crypto/aes/../internal.h:481:3: error: type name requires a specifier or qualifier\n  STACK_OF(CRYPTO_EX_DATA_FUNCS) *meth;\n  ^\nthird_party/boringssl/crypto/aes/../internal.h:481:33: error: expected ';' at end of declaration list\n  STACK_OF(CRYPTO_EX_DATA_FUNCS) *meth;\n                                ^\n                                ;\nthird_party/boringssl/crypto/aes/key_wrap.c:66:5: error: conflicting types for 'AES_wrap_key'\nint AES_wrap_key(const AES_KEY *key, const uint8_t *iv, uint8_t *out,\n    ^\n/usr/local/opt/openssl@3/include/openssl/aes.h:97:5: note: previous declaration is here\nint AES_wrap_key(AES_KEY *key, const unsigned char *iv,\n    ^\nthird_party/boringssl/crypto/aes/key_wrap.c:87:7: error: 'AES_encrypt' is deprecated [-Werror,-Wdeprecated-declarations]\n      AES_encrypt(A, A, key);\n      ^\n/usr/local/opt/openssl@3/include/openssl/aes.h:56:1: note: 'AES_encrypt' has been explicitly marked deprecated here\nOSSL_DEPRECATEDIN_3_0\n^\n/usr/local/opt/openssl@3/include/openssl/macros.h:182:49: note: expanded from macro 'OSSL_DEPRECATEDIN_3_0'\n#   define OSSL_DEPRECATEDIN_3_0                OSSL_DEPRECATED(3.0)\n                                                ^\n/usr/local/opt/openssl@3/include/openssl/macros.h:62:52: note: expanded from macro 'OSSL_DEPRECATED'\n#     define OSSL_DEPRECATED(since) __attribute__((deprecated))\n                                                   ^\nthird_party/boringssl/crypto/aes/key_wrap.c:102:5: error: conflicting types for 'AES_unwrap_key'\nint AES_unwrap_key(const AES_KEY *key, const uint8_t *iv, uint8_t *out,\n    ^\n/usr/local/opt/openssl@3/include/openssl/aes.h:101:5: note: previous declaration is here\nint AES_unwrap_key(AES_KEY *key, const unsigned char *iv,\n    ^\nthird_party/boringssl/crypto/aes/key_wrap.c:128:7: error: 'AES_decrypt' is deprecated [-Werror,-Wdeprecated-declarations]\n      AES_decrypt(A, A, key);\n      ^\n/usr/local/opt/openssl@3/include/openssl/aes.h:59:1: note: 'AES_decrypt' has been explicitly marked deprecated here\nOSSL_DEPRECATEDIN_3_0\n^\n/usr/local/opt/openssl@3/include/openssl/macros.h:182:49: note: expanded from macro 'OSSL_DEPRECATEDIN_3_0'\n#   define OSSL_DEPRECATEDIN_3_0                OSSL_DEPRECATED(3.0)\n                                                ^\n/usr/local/opt/openssl@3/include/openssl/macros.h:62:52: note: expanded from macro 'OSSL_DEPRECATED'\n#     define OSSL_DEPRECATED(since) __attribute__((deprecated))\n                                                   ^\nIn file included from 9third_party/boringssl/crypto/aes/mode_wrappers.c error:s53 generated:\n.\nIn file included from third_party/boringssl/crypto/aes/../modes/internal.h:56:\nthird_party/boringssl/crypto/aes/../modes/../internal.h:481:3: error: type name requires a specifier or qualifier\n  STACK_OF(CRYPTO_EX_DATA_FUNCS) *meth;\n  ^\nthird_party/boringssl/crypto/aes/../modes/../internal.h:481:33: error: expected ';' at end of declaration list\n  STACK_OF(CRYPTO_EX_DATA_FUNCS) *meth;\n                                ^\n                                ;\nthird_party/boringssl/crypto/aes/mode_wrappers.c:60:37: error: 'AES_encrypt' is deprecated [-Werror,-Wdeprecated-declarations]\n                        (block128_f)AES_encrypt);\n                                    ^\n/usr/local/opt/openssl@3/include/openssl/aes.h:56:1: note: 'AES_encrypt' has been explicitly marked deprecated here\nOSSL_DEPRECATEDIN_3_0\n^\n/usr/local/opt/openssl@3/include/openssl/macros.h:182:49: note: expanded from macro 'OSSL_DEPRECATEDIN_3_0'\n#   define OSSL_DEPRECATEDIN_3_0                OSSL_DEPRECATED(3.0)\n                                                ^\n/usr/local/opt/openssl@3/include/openssl/macros.h:62:52: note: expanded from macro 'OSSL_DEPRECATED'\n#     define OSSL_DEPRECATED(since) __attribute__((deprecated))\n                                                   ^\n6 errors generated.\nmake: *** [/Users/runner/actions-runner/_work/python.build/python.build/build_grpcio18138/grpcio-1.8.1/objs/opt/third_party/boringssl/crypto/aes/key_wrap.o] Error 1\nmake: *** [/Users/runner/actions-runner/_work/python.build/python.build/build_grpcio18138/grpcio-1.8.1/objs/opt/third_party/boringssl/crypto/aes/mode_wrappers.o] Error 1\n20 errors generated.\nmake: *** [/Users/runner/actions-runner/_work/python.build/python.build/build_grpcio18138/grpcio-1.8.1/objs/opt/src/boringssl/err_data.o] Error 1\nIn file included from third_party/boringssl/crypto/asn1/a_bool.c:60:\nIn file included from third_party/boringssl/include/openssl/mem.h:60:\nthird_party/boringssl/include/openssl/base.h:133:9: error: 'OPENSSL_VERSION_NUMBER' macro redefined [-Werror,-Wmacro-redefined]\n#define OPENSSL_VERSION_NUMBER 0x100020af\n        ^\n/usr/local/opt/openssl@3/include/openssl/opensslv.h:99:10: note: previous definition is here\n# define OPENSSL_VERSION_NUMBER          \\\n         ^\nIn file included from third_party/boringssl/crypto/asn1/a_bool.c:60:\nIn file included from third_party/boringssl/include/openssl/mem.h:60:\nthird_party/boringssl/include/openssl/base.h:168:9: error: 'OPENSSL_EXPORT' macro redefined [-Werror,-Wmacro-redefined]\n#define OPENSSL_EXPORT\n        ^\n/usr/local/opt/openssl@3/include/openssl/e_os2.h:183:11: note: previous definition is here\n#  define OPENSSL_EXPORT extern\n          ^\nIn file included from third_party/boringssl/crypto/asn1/a_bool.c:60:\nIn file included from third_party/boringssl/include/openssl/mem.h:60:\nthird_party/boringssl/include/openssl/base.h:202:13: error: typedef redefinition with different types ('int' vs 'struct crypto_threadid_st')\ntypedef int CRYPTO_THREADID;\n            ^\n/usr/local/opt/openssl@3/include/openssl/crypto.h:308:3: note: previous definition is here\n} CRYPTO_THREADID;\n  ^\nIn file included from third_party/boringssl/crypto/asn1/a_bool.c:60:\nIn file included from third_party/boringssl/include/openssl/mem.h:60:\nthird_party/boringssl/include/openssl/base.h:204:13: error: redefinition of typedef 'ASN1_BOOLEAN' is a C11 feature [-Werror,-Wtypedef-redefinition]\ntypedef int ASN1_BOOLEAN;\n            ^\n/usr/local/opt/openssl@3/include/openssl/types.h:61:13: note: previous definition is here\ntypedef int ASN1_BOOLEAN;\n            ^\nIn file included from third_party/boringssl/crypto/asn1/a_bool.c:60:\nIn file included from third_party/boringssl/include/openssl/mem.h:60:\nthird_party/boringssl/include/openssl/base.h:205:13: error: redefinition of typedef 'ASN1_NULL' is a C11 feature [-Werror,-Wtypedef-redefinition]\ntypedef int ASN1_NULL;\n            ^\n/usr/local/opt/openssl@3/include/openssl/types.h:62:13: note: previous definition is here\ntypedef int ASN1_NULL;\n            ^\nIn file included from third_party/boringssl/crypto/asn1/a_bool.c:60:\nIn file included from third_party/boringssl/include/openssl/mem.h:60:\nthird_party/boringssl/include/openssl/base.h:206:29: error: redefinition of typedef 'ASN1_ITEM' is a C11 feature [-Werror,-Wtypedef-redefinition]\ntypedef struct ASN1_ITEM_st ASN1_ITEM;\n                            ^\n/usr/local/opt/openssl@3/include/openssl/types.h:69:29: note: previous definition is here\ntypedef struct ASN1_ITEM_st ASN1_ITEM;\n                            ^\nIn file included from third_party/boringssl/crypto/asn1/a_bool.c:60:\nIn file included from third_party/boringssl/include/openssl/mem.h:60:\nthird_party/boringssl/include/openssl/base.h:207:31: error: redefinition of typedef 'ASN1_OBJECT' is a C11 feature [-Werror,-Wtypedef-redefinition]\ntypedef struct asn1_object_st ASN1_OBJECT;\n                              ^\n/usr/local/opt/openssl@3/include/openssl/types.h:66:31: note: previous definition is here\ntypedef struct asn1_object_st ASN1_OBJECT;\n                              ^\nIn file included from third_party/boringssl/crypto/asn1/a_bool.c:60:\nIn file included from third_party/boringssl/include/openssl/mem.h:60:\nthird_party/boringssl/include/openssl/base.h:208:29: error: redefinition of typedef 'ASN1_PCTX' is a C11 feature [-Werror,-Wtypedef-redefinition]\ntypedef struct asn1_pctx_st ASN1_PCTX;\n                            ^\n/usr/local/opt/openssl@3/include/openssl/types.h:70:29: note: previous definition is here\ntypedef struct asn1_pctx_st ASN1_PCTX;\n                            ^\nIn file included from third_party/boringssl/crypto/asn1/a_bool.c:60:\nIn file included from third_party/boringssl/include/openssl/mem.h:60:\nthird_party/boringssl/include/openssl/base.h:209:31: error: redefinition of typedef 'ASN1_BIT_STRING' is a C11 feature [-Werror,-Wtypedef-redefinition]\ntypedef struct asn1_string_st ASN1_BIT_STRING;\n                              ^\n/usr/local/opt/openssl@3/include/openssl/types.h:47:31: note: previous definition is here\ntypedef struct asn1_string_st ASN1_BIT_STRING;\n                              ^\nIn file included from third_party/boringssl/crypto/asn1/a_bool.c:60:\nIn file included from third_party/boringssl/include/openssl/mem.h:60:\nthird_party/boringssl/include/openssl/base.h:210:31: error: redefinition of typedef 'ASN1_BMPSTRING' is a C11 feature [-Werror,-Wtypedef-redefinition]\ntypedef struct asn1_string_st ASN1_BMPSTRING;\n                              ^\n/usr/local/opt/openssl@3/include/openssl/types.h:54:31: note: previous definition is here\ntypedef struct asn1_string_st ASN1_BMPSTRING;\n                              ^\nIn file included from third_party/boringssl/crypto/asn1/a_bool.c:60:\nIn file included from third_party/boringssl/include/openssl/mem.h:60:\nthird_party/boringssl/include/openssl/base.h:211:31: error: redefinition of typedef 'ASN1_ENUMERATED' is a C11 feature [-Werror,-Wtypedef-redefinition]\ntypedef struct asn1_string_st ASN1_ENUMERATED;\n                              ^\n/usr/local/opt/openssl@3/include/openssl/types.h:46:31: note: previous definition is here\ntypedef struct asn1_string_st ASN1_ENUMERATED;\n                              ^\nIn file included from third_party/boringssl/crypto/asn1/a_bool.c:60:\nIn file included from third_party/boringssl/include/openssl/mem.h:60:\nthird_party/boringssl/include/openssl/base.h:212:31: error: redefinition of typedef 'ASN1_GENERALIZEDTIME' is a C11 feature [-Werror,-Wtypedef-redefinition]\ntypedef struct asn1_string_st ASN1_GENERALIZEDTIME;\n                              ^\n/usr/local/opt/openssl@3/include/openssl/types.h:57:31: note: previous definition is here\ntypedef struct asn1_string_st ASN1_GENERALIZEDTIME;\n                              ^\nIn file included from third_party/boringssl/crypto/asn1/a_bool.c:60:\nIn file included from third_party/boringssl/include/openssl/mem.h:60:\nthird_party/boringssl/include/openssl/base.h:213:31: error: redefinition of typedef 'ASN1_GENERALSTRING' is a C11 feature [-Werror,-Wtypedef-redefinition]\ntypedef struct asn1_string_st ASN1_GENERALSTRING;\n                              ^\n/usr/local/opt/openssl@3/include/openssl/types.h:52:31: note: previous definition is here\ntypedef struct asn1_string_st ASN1_GENERALSTRING;\n                              ^\nIn file included from third_party/boringssl/crypto/asn1/a_bool.c:60:\nIn file included from third_party/boringssl/include/openssl/mem.h:60:\nthird_party/boringssl/include/openssl/base.h:214:31: error: redefinition of typedef 'ASN1_IA5STRING' is a C11 feature [-Werror,-Wtypedef-redefinition]\ntypedef struct asn1_string_st ASN1_IA5STRING;\n                              ^\n/usr/local/opt/openssl@3/include/openssl/types.h:51:31: note: previous definition is here\ntypedef struct asn1_string_st ASN1_IA5STRING;\n                              ^\nIn file included from third_party/boringssl/crypto/asn1/a_bool.c:60:\nIn file included from third_party/boringssl/include/openssl/mem.h:60:\nthird_party/boringssl/include/openssl/base.h:215:31: error: redefinition of typedef 'ASN1_INTEGER' is a C11 feature [-Werror,-Wtypedef-redefinition]\ntypedef struct asn1_string_st ASN1_INTEGER;\n                              ^\n/usr/local/opt/openssl@3/include/openssl/types.h:45:31: note: previous definition is here\ntypedef struct asn1_string_st ASN1_INTEGER;\n                              ^\nIn file included from third_party/boringssl/crypto/asn1/a_bool.c:60:\nIn file included from third_party/boringssl/include/openssl/mem.h:60:\nthird_party/boringssl/include/openssl/base.h:216:31: error: redefinition of typedef 'ASN1_OCTET_STRING' is a C11 feature [-Werror,-Wtypedef-redefinition]\ntypedef struct asn1_string_st ASN1_OCTET_STRING;\n                              ^\n/usr/local/opt/openssl@3/include/openssl/types.h:48:31: note: previous definition is here\ntypedef struct asn1_string_st ASN1_OCTET_STRING;\n                              ^\nIn file included from third_party/boringssl/crypto/asn1/a_bool.c:60:\nIn file included from third_party/boringssl/include/openssl/mem.h:60:\nthird_party/boringssl/include/openssl/base.h:217:31: error: redefinition of typedef 'ASN1_PRINTABLESTRING' is a C11 feature [-Werror,-Wtypedef-redefinition]\ntypedef struct asn1_string_st ASN1_PRINTABLESTRING;\n                              ^\n/usr/local/opt/openssl@3/include/openssl/types.h:49:31: note: previous definition is here\ntypedef struct asn1_string_st ASN1_PRINTABLESTRING;\n                              ^\nIn file included from third_party/boringssl/crypto/asn1/a_bool.c:60:\nIn file included from third_party/boringssl/include/openssl/mem.h:60:\nthird_party/boringssl/include/openssl/base.h:218:31: error: redefinition of typedef 'ASN1_STRING' is a C11 feature [-Werror,-Wtypedef-redefinition]\ntypedef struct asn1_string_st ASN1_STRING;\n                              ^\n/usr/local/opt/openssl@3/include/openssl/types.h:60:31: note: previous definition is here\ntypedef struct asn1_string_st ASN1_STRING;\n                              ^\nIn file included from third_party/boringssl/crypto/asn1/a_bool.c:60:\nIn file included from third_party/boringssl/include/openssl/mem.h:60:\nthird_party/boringssl/include/openssl/base.h:219:31: error: redefinition of typedef 'ASN1_T61STRING' is a C11 feature [-Werror,-Wtypedef-redefinition]\ntypedef struct asn1_string_st ASN1_T61STRING;\n                              ^\n/usr/local/opt/openssl@3/include/openssl/types.h:50:31: note: previous definition is here\ntypedef struct asn1_string_st ASN1_T61STRING;\n                              ^\nfatal error: too many errors emitted, stopping now [-ferror-limit=]\n20 errors generated.\nIn file included from third_party/boringssl/crypto/asn1/a_bitstr.c:62:\nIn file included from third_party/boringssl/include/openssl/mem.h:60:\nthird_party/boringssl/include/openssl/base.h:133:9: error: 'OPENSSL_VERSION_NUMBER' macro redefined [-Werror,-Wmacro-redefined]\n#define OPENSSL_VERSION_NUMBER 0x100020af\n        ^\n/usr/local/opt/openssl@3/include/openssl/opensslv.h:99:10: note: previous definition is here\n# define OPENSSL_VERSION_NUMBER          \\\n         ^\nIn file included from third_party/boringssl/crypto/asn1/a_bitstr.c:62:\nIn file included from third_party/boringssl/include/openssl/mem.h:60:\nthird_party/boringssl/include/openssl/base.h:168:9: error: 'OPENSSL_EXPORT' macro redefined [-Werror,-Wmacro-redefined]\n#define OPENSSL_EXPORT\n        ^\n/usr/local/opt/openssl@3/include/openssl/e_os2.h:183:11: note: previous definition is here\n#  define OPENSSL_EXPORT extern\n          ^\nIn file included from third_party/boringssl/crypto/asn1/a_bitstr.c:62:\nIn file included from third_party/boringssl/include/openssl/mem.h:60:\nthird_party/boringssl/include/openssl/base.h:202:13: error: typedef redefinition with different types ('int' vs 'struct crypto_threadid_st')\ntypedef int CRYPTO_THREADID;\n            ^\nIn file included from third_party/boringssl/crypto/asn1/a_dup.c:60:\nIn file included from third_party/boringssl/include/openssl/mem.h:60:\nthird_party/boringssl/include/openssl/base.h:133:9: error: 'OPENSSL_VERSION_NUMBER' macro redefined [-Werror,-Wmacro-redefined]\n/usr/local/opt/openssl@3/include/openssl/crypto.h:308:3: note: #define OPENSSL_VERSION_NUMBER 0x100020af\n        ^\nprevious definition is here\n/usr/local/opt/openssl@3/include/openssl/opensslv.h:99:10: note: previous definition is here\n} CRYPTO_THREADID;\n  ^\n# define OPENSSL_VERSION_NUMBER          \\\n         ^\nIn file included from third_party/boringssl/crypto/asn1/a_dup.c:60:\nIn file included from In file included from third_party/boringssl/crypto/asn1/a_bitstr.cthird_party/boringssl/include/openssl/mem.h::6260:\n:\nIn file included from third_party/boringssl/include/openssl/mem.h:60:\nthird_party/boringssl/include/openssl/base.h:204:13: errorthird_party/boringssl/include/openssl/base.h: redefinition of typedef 'ASN1_BOOLEAN' is a C11 feature [-Werror,-Wtypedef-redefinition]:\n168:9: error: 'OPENSSL_EXPORT' macro redefined [-Werror,-Wmacro-redefined]\n#define OPENSSL_EXPORT\n        ^\n/usr/local/opt/openssl@3/include/openssl/e_os2.h:183:11:typedef int ASN1_BOOLEAN; \nnote: previous definition is here\n#  define OPENSSL_EXPORT extern            ^\n          ^\n\n/usr/local/opt/openssl@3/include/openssl/types.h:61:13: note: previous definition is here\ntypedef int ASN1_BOOLEAN;\n            ^In file included from third_party/boringssl/crypto/asn1/a_dup.c:60:\nIn file included from third_party/boringssl/include/openssl/mem.h:60\n:\nthird_party/boringssl/include/openssl/base.h:202:13: error: typedef redefinition with different types ('int' vs 'struct crypto_threadid_st')\nIn file included from third_party/boringssl/crypto/asn1/a_bitstr.c:62:\nIn file included from third_party/boringssl/include/openssl/mem.htypedef int CRYPTO_THREADID;:\n60            ^:\n\nthird_party/boringssl/include/openssl/base.h:205:13: error: redefinition of typedef 'ASN1_NULL' is a C11 feature [-Werror,-Wtypedef-redefinition]\ntypedef int ASN1_NULL;\n            ^\n/usr/local/opt/openssl@3/include/openssl/types.h:62:13: note: previous definition is here\n/usr/local/opt/openssl@3/include/openssl/crypto.h:typedef int ASN1_NULL;308\n            ^\n:3: note: previous definition is here\n} CRYPTO_THREADID;\n  ^\nIn file included from third_party/boringssl/crypto/asn1/a_bitstr.c:62:\nIn file included from third_party/boringssl/include/openssl/mem.h:60:\nthird_party/boringssl/include/openssl/base.h:206:29:In file included from  errorthird_party/boringssl/crypto/asn1/a_dup.c:60:\nIn file included from third_party/boringssl/include/openssl/mem.h:60:\nthird_party/boringssl/include/openssl/base.h:204:13: : redefinition of typedef 'ASN1_ITEM' is a C11 feature [-Werror,-Wtypedef-redefinition]error\n: redefinition of typedef 'ASN1_BOOLEAN' is a C11 feature [-Werror,-Wtypedef-redefinition]\ntypedef struct ASN1_ITEM_st ASN1_ITEM;\n                            ^\ntypedef int ASN1_BOOLEAN;/usr/local/opt/openssl@3/include/openssl/types.h\n:69            ^:29\n: note: previous definition is here\ntypedef struct ASN1_ITEM_st ASN1_ITEM;\n                            ^\n/usr/local/opt/openssl@3/include/openssl/types.hIn file included from :61:13: note: previous definition is here\nthird_party/boringssl/crypto/asn1/a_bitstr.c:62:\ntypedef int ASN1_BOOLEAN;In file included from \nthird_party/boringssl/include/openssl/mem.h            ^\nIn file included from third_party/boringssl/crypto/asn1/a_dup.c::60:\nthird_party/boringssl/include/openssl/base.h:207:31: error: 60redefinition of typedef 'ASN1_OBJECT' is a C11 feature [-Werror,-Wtypedef-redefinition]\n:\nIn file included from third_party/boringssl/include/openssl/mem.h:60:\nthird_party/boringssl/include/openssl/base.h:205:13: error: redefinition of typedef 'ASN1_NULL' is a C11 feature [-Werror,-Wtypedef-redefinition]\ntypedef int ASN1_NULL;\n            ^\n/usr/local/opt/openssl@3/include/openssl/types.h:62:13: note: previous definition is here\ntypedef struct asn1_object_st ASN1_OBJECT;\n                              ^\n/usr/local/opt/openssl@3/include/openssl/types.h:66:31: note: previous definition is here\ntypedef int ASN1_NULL;\n            ^\ntypedef struct asn1_object_st ASN1_OBJECT;\n                              ^\nIn file included from third_party/boringssl/crypto/asn1/a_bitstr.c:62:\nIn file included from third_party/boringssl/include/openssl/mem.h:60:\nthird_party/boringssl/include/openssl/base.h:In file included from 208third_party/boringssl/crypto/asn1/a_dup.c::2960::\n In file included from third_party/boringssl/include/openssl/mem.h:60:\nthird_party/boringssl/include/openssl/base.h:206:29:error error: : redefinition of typedef 'ASN1_ITEM' is a C11 feature [-Werror,-Wtypedef-redefinition]redefinition of typedef 'ASN1_PCTX' is a C11 feature [-Werror,-Wtypedef-redefinition]\n\ntypedef struct ASN1_ITEM_st ASN1_ITEM;typedef struct asn1_pctx_st ASN1_PCTX;\n\n                            ^                            ^\n\n/usr/local/opt/openssl@3/include/openssl/types.h:70:29: note: previous definition is here\n/usr/local/opt/openssl@3/include/openssl/types.h:69:29: note: previous definition is here\ntypedef struct asn1_pctx_st ASN1_PCTX;\n                            ^\ntypedef struct ASN1_ITEM_st ASN1_ITEM;\n                            ^\nIn file included from third_party/boringssl/crypto/asn1/a_bitstr.c:62:\nIn file included from In file included from third_party/boringssl/include/openssl/mem.hthird_party/boringssl/crypto/asn1/a_dup.c::60:\nthird_party/boringssl/include/openssl/base.h:20960::\n31In file included from :third_party/boringssl/include/openssl/mem.h: 60error: redefinition of typedef 'ASN1_BIT_STRING' is a C11 feature [-Werror,-Wtypedef-redefinition]\n:\nthird_party/boringssl/include/openssl/base.h:207:31: error: redefinition of typedef 'ASN1_OBJECT' is a C11 feature [-Werror,-Wtypedef-redefinition]\ntypedef struct asn1_string_st ASN1_BIT_STRING;\n                              ^\n/usr/local/opt/openssl@3/include/openssl/types.htypedef struct asn1_object_st ASN1_OBJECT;:47:31: note: previous definition is here\n\n                              ^\n/usr/local/opt/openssl@3/include/openssl/types.h:66:31: notetypedef struct asn1_string_st ASN1_BIT_STRING;\n                              ^\n: previous definition is here\nIn file included from third_party/boringssl/crypto/asn1/a_bitstr.ctypedef struct asn1_object_st ASN1_OBJECT;:\n62                              ^\n:\nIn file included from third_party/boringssl/include/openssl/mem.h:60:\nthird_party/boringssl/include/openssl/base.h:210:31: error: redefinition of typedef 'ASN1_BMPSTRING' is a C11 feature [-Werror,-Wtypedef-redefinition]\nIn file included from third_party/boringssl/crypto/asn1/a_dup.c:60:\nIn file included from third_party/boringssl/include/openssl/mem.h:60:\nthird_party/boringssl/include/openssl/base.h:typedef struct asn1_string_st ASN1_BMPSTRING;208\n:29                              ^:\n/usr/local/opt/openssl@3/include/openssl/types.h:54:31 : note: previous definition is hereerror\n: redefinition of typedef 'ASN1_PCTX' is a C11 feature [-Werror,-Wtypedef-redefinition]\ntypedef struct asn1_string_st ASN1_BMPSTRING;typedef struct asn1_pctx_st ASN1_PCTX;\n                              ^\n\n                            ^\n/usr/local/opt/openssl@3/include/openssl/types.h:70:29:In file included from  third_party/boringssl/crypto/asn1/a_bitstr.c:62:\nnoteIn file included from : third_party/boringssl/include/openssl/mem.hprevious definition is here:\n60:\nthird_party/boringssl/include/openssl/base.h:211:31:typedef struct asn1_pctx_st ASN1_PCTX; \nerror: redefinition of typedef 'ASN1_ENUMERATED' is a C11 feature [-Werror,-Wtypedef-redefinition]\n                            ^\ntypedef struct asn1_string_st ASN1_ENUMERATED;\n                              ^\nIn file included from third_party/boringssl/crypto/asn1/a_dup.c:60/usr/local/opt/openssl@3/include/openssl/types.h:46:31: note:\n: previous definition is here\nIn file included from third_party/boringssl/include/openssl/mem.h:60:\nthird_party/boringssl/include/openssl/base.h:209typedef struct asn1_string_st ASN1_ENUMERATED;:31: error: redefinition of typedef 'ASN1_BIT_STRING' is a C11 feature [-Werror,-Wtypedef-redefinition]\n\n                              ^\ntypedef struct asn1_string_st ASN1_BIT_STRING;\n                              ^\nIn file included from third_party/boringssl/crypto/asn1/a_bitstr.c/usr/local/opt/openssl@3/include/openssl/types.h:47:31: note: previous definition is here\nmake: *** [/Users/runner/actions-runner/_work/python.build/python.build/build_grpcio18138/grpcio-1.8.1/objs/opt/third_party/boringssl/crypto/asn1/a_bool.o] Error 1\n:62:\ntypedef struct asn1_string_st ASN1_BIT_STRING;In file included from third_party/boringssl/include/openssl/mem.h:60:\nthird_party/boringssl/include/openssl/base.h:\n                              ^\n212:31: error: redefinition of typedef 'ASN1_GENERALIZEDTIME' is a C11 feature [-Werror,-Wtypedef-redefinition]\nIn file included from third_party/boringssl/crypto/asn1/a_dup.ctypedef struct asn1_string_st ASN1_GENERALIZEDTIME;:\n60                              ^:\n\nIn file included from third_party/boringssl/include/openssl/mem.h:60/usr/local/opt/openssl@3/include/openssl/types.h:\n:third_party/boringssl/include/openssl/base.h:210:31: error: redefinition of typedef 'ASN1_BMPSTRING' is a C11 feature [-Werror,-Wtypedef-redefinition]57\n:31: note: previous definition is here\ntypedef struct asn1_string_st ASN1_BMPSTRING;\n                              ^\n/usr/local/opt/openssl@3/include/openssl/types.h:54:31typedef struct asn1_string_st ASN1_GENERALIZEDTIME;:\n                              ^\n note: previous definition is here\nIn file included from third_party/boringssl/crypto/asn1/a_bitstr.c:62:\nIn file included from typedef struct asn1_string_st ASN1_BMPSTRING;third_party/boringssl/include/openssl/mem.h\n:                              ^60\n:\nIn file included from third_party/boringssl/crypto/asn1/a_dup.cthird_party/boringssl/include/openssl/base.h:213:60:\nIn file included from third_party/boringssl/include/openssl/mem.h::60:\n31third_party/boringssl/include/openssl/base.h: error: redefinition of typedef 'ASN1_GENERALSTRING' is a C11 feature [-Werror,-Wtypedef-redefinition]\n:211:31: error: redefinition of typedef 'ASN1_ENUMERATED' is a C11 feature [-Werror,-Wtypedef-redefinition]\ntypedef struct asn1_string_st ASN1_GENERALSTRING;\n                              ^\n/usr/local/opt/openssl@3/include/openssl/types.h:typedef struct asn1_string_st ASN1_ENUMERATED;52\n:31:                               ^note\n: previous definition is here/usr/local/opt/openssl@3/include/openssl/types.h\n:46:31: note: previous definition is here\ntypedef struct asn1_string_st ASN1_GENERALSTRING;\n                              ^\ntypedef struct asn1_string_st ASN1_ENUMERATED;\n                              ^\nIn file included from In file included from third_party/boringssl/crypto/asn1/a_dup.cthird_party/boringssl/crypto/asn1/a_bitstr.c::6062:\n:\nIn file included from In file included from third_party/boringssl/include/openssl/mem.hthird_party/boringssl/include/openssl/mem.h::6060:\nthird_party/boringssl/include/openssl/base.h::\n214:31: third_party/boringssl/include/openssl/base.herror:: 212:31: error: redefinition of typedef 'ASN1_GENERALIZEDTIME' is a C11 feature [-Werror,-Wtypedef-redefinition]\nredefinition of typedef 'ASN1_IA5STRING' is a C11 feature [-Werror,-Wtypedef-redefinition]\ntypedef struct asn1_string_st ASN1_GENERALIZEDTIME;\n                              ^\ntypedef struct asn1_string_st ASN1_IA5STRING;/usr/local/opt/openssl@3/include/openssl/types.h\n:57                              ^:\n31: note/usr/local/opt/openssl@3/include/openssl/types.h: :previous definition is here51\n:31: note: previous definition is here\ntypedef struct asn1_string_st ASN1_GENERALIZEDTIME;\n                              ^\ntypedef struct asn1_string_st ASN1_IA5STRING;\n                              ^\nIn file included from third_party/boringssl/crypto/asn1/a_dup.c:In file included from 60third_party/boringssl/crypto/asn1/a_bitstr.c:\n:In file included from 62third_party/boringssl/include/openssl/mem.h:\n:In file included from third_party/boringssl/include/openssl/mem.h:60:\n60third_party/boringssl/include/openssl/base.h:\n:third_party/boringssl/include/openssl/base.h215:213:31: error: redefinition of typedef 'ASN1_GENERALSTRING' is a C11 feature [-Werror,-Wtypedef-redefinition]\n:31: error: redefinition of typedef 'ASN1_INTEGER' is a C11 feature [-Werror,-Wtypedef-redefinition]\ntypedef struct asn1_string_st ASN1_GENERALSTRING;\n                              ^\n/usr/local/opt/openssl@3/include/openssl/types.h:typedef struct asn1_string_st ASN1_INTEGER;52\n                              ^\n:31/usr/local/opt/openssl@3/include/openssl/types.h::45:31 :note note: previous definition is here: \nprevious definition is here\ntypedef struct asn1_string_st ASN1_GENERALSTRING;typedef struct asn1_string_st ASN1_INTEGER;\n\n                              ^                              ^\n\nIn file included from In file included from third_party/boringssl/crypto/asn1/a_dup.cthird_party/boringssl/crypto/asn1/a_bitstr.c:62:\n:In file included from 60third_party/boringssl/include/openssl/mem.h:\n:In file included from 60:\nthird_party/boringssl/include/openssl/base.h:third_party/boringssl/include/openssl/mem.h216::31: error60: :\nredefinition of typedef 'ASN1_OCTET_STRING' is a C11 feature [-Werror,-Wtypedef-redefinition]third_party/boringssl/include/openssl/base.h:214:31: error: \nredefinition of typedef 'ASN1_IA5STRING' is a C11 feature [-Werror,-Wtypedef-redefinition]\ntypedef struct asn1_string_st ASN1_IA5STRING;typedef struct asn1_string_st ASN1_OCTET_STRING;\n\n                              ^                              ^\n\n/usr/local/opt/openssl@3/include/openssl/types.h:51:31: note/usr/local/opt/openssl@3/include/openssl/types.h: previous definition is here:\n48:31typedef struct asn1_string_st ASN1_IA5STRING;: note\n:                               ^\nprevious definition is here\nIn file included from third_party/boringssl/crypto/asn1/a_dup.c:60:\ntypedef struct asn1_string_st ASN1_OCTET_STRING;In file included from \nthird_party/boringssl/include/openssl/mem.h                              ^\n:60:\nthird_party/boringssl/include/openssl/base.h:215:31In file included from :third_party/boringssl/crypto/asn1/a_bitstr.c:62:\nIn file included from third_party/boringssl/include/openssl/mem.h:60:\nthird_party/boringssl/include/openssl/base.h: error: redefinition of typedef 'ASN1_INTEGER' is a C11 feature [-Werror,-Wtypedef-redefinition]\n217:31: error: redefinition of typedef 'ASN1_PRINTABLESTRING' is a C11 feature [-Werror,-Wtypedef-redefinition]\ntypedef struct asn1_string_st ASN1_INTEGER;\n                              ^\n/usr/local/opt/openssl@3/include/openssl/types.h:45:31: note: previous definition is here\ntypedef struct asn1_string_st ASN1_PRINTABLESTRING;typedef struct asn1_string_st ASN1_INTEGER;\n\n                              ^                              ^\n\n/usr/local/opt/openssl@3/include/openssl/types.h:49:31In file included from :third_party/boringssl/crypto/asn1/a_dup.c: 60:\nIn file included from third_party/boringssl/include/openssl/mem.h:60:\nthird_party/boringssl/include/openssl/base.h:216note: previous definition is here:\n31: error: redefinition of typedef 'ASN1_OCTET_STRING' is a C11 feature [-Werror,-Wtypedef-redefinition]\ntypedef struct asn1_string_st ASN1_PRINTABLESTRING;typedef struct asn1_string_st ASN1_OCTET_STRING;\n                              ^\n/usr/local/opt/openssl@3/include/openssl/types.h:48:\n31:                              ^\n note: previous definition is here\nIn file included from third_party/boringssl/crypto/asn1/a_bitstr.c:62:\ntypedef struct asn1_string_st ASN1_OCTET_STRING;\nIn file included from                               ^third_party/boringssl/include/openssl/mem.h\n:60:\nthird_party/boringssl/include/openssl/base.h:In file included from 218third_party/boringssl/crypto/asn1/a_dup.c:31: :error: 60redefinition of typedef 'ASN1_STRING' is a C11 feature [-Werror,-Wtypedef-redefinition]\n:\nIn file included from third_party/boringssl/include/openssl/mem.h:60:\nthird_party/boringssl/include/openssl/base.h:217:31: errortypedef struct asn1_string_st ASN1_STRING;: \n                              ^\nredefinition of typedef 'ASN1_PRINTABLESTRING' is a C11 feature [-Werror,-Wtypedef-redefinition]\n/usr/local/opt/openssl@3/include/openssl/types.h:60:31: notetypedef struct asn1_string_st ASN1_PRINTABLESTRING;: \nprevious definition is here\n                              ^\n/usr/local/opt/openssl@3/include/openssl/types.h:49:31: note: previous definition is here\ntypedef struct asn1_string_st ASN1_STRING;typedef struct asn1_string_st ASN1_PRINTABLESTRING;\n                              ^\n\n                              ^\nIn file included from third_party/boringssl/crypto/asn1/a_dup.c:60In file included from third_party/boringssl/crypto/asn1/a_bitstr.c:62:\nIn file included from :\nthird_party/boringssl/include/openssl/mem.hIn file included from :60third_party/boringssl/include/openssl/mem.h:\n:60:\nthird_party/boringssl/include/openssl/base.hthird_party/boringssl/include/openssl/base.h::219218::3131:: error:  error: redefinition of typedef 'ASN1_STRING' is a C11 feature [-Werror,-Wtypedef-redefinition]\nredefinition of typedef 'ASN1_T61STRING' is a C11 feature [-Werror,-Wtypedef-redefinition]\ntypedef struct asn1_string_st ASN1_STRING;\n                              ^\n/usr/local/opt/openssl@3/include/openssl/types.h:60:31: notetypedef struct asn1_string_st ASN1_T61STRING;\n                              ^\n/usr/local/opt/openssl@3/include/openssl/types.h: :previous definition is here50:31:\n note: previous definition is here\ntypedef struct asn1_string_st ASN1_STRING;\n                              ^\nIn file included from typedef struct asn1_string_st ASN1_T61STRING;\n                              ^\nthird_party/boringssl/crypto/asn1/a_dup.c:60:\nfatal errorIn file included from : too many errors emitted, stopping now [-ferror-limit=]\nthird_party/boringssl/include/openssl/mem.h:60:\nthird_party/boringssl/include/openssl/base.h:219:31: error: redefinition of typedef 'ASN1_T61STRING' is a C11 feature [-Werror,-Wtypedef-redefinition]\ntypedef struct asn1_string_st ASN1_T61STRING;\n                              ^\n/usr/local/opt/openssl@3/include/openssl/types.h:50:31: note: previous definition is here\ntypedef struct asn1_string_st ASN1_T61STRING;\n                              ^\nfatal error: too many errors emitted, stopping now [-ferror-limit=]\n20 errors generated.\nmake: *** [/Users/runner/actions-runner/_work/python.build/python.build/build_grpcio18138/grpcio-1.8.1/objs/opt/third_party/boringssl/crypto/asn1/a_dup.o] Error 1\n20 errors generated.\nmake: *** [/Users/runner/actions-runner/_work/python.build/python.build/build_grpcio18138/grpcio-1.8.1/objs/opt/third_party/boringssl/crypto/asn1/a_bitstr.o] Error 1\nIn file included from third_party/boringssl/crypto/asn1/a_d2i_fp.c:61:\nIn file included from third_party/boringssl/include/openssl/buf.h:60:\nthird_party/boringssl/include/openssl/base.h:133:9: error: 'OPENSSL_VERSION_NUMBER' macro redefined [-Werror,-Wmacro-redefined]\n#define OPENSSL_VERSION_NUMBER 0x100020af\n        ^\n/usr/local/opt/openssl@3/include/openssl/opensslv.h:99:10: note: previous definition is here\n# define OPENSSL_VERSION_NUMBER          \\\n         ^\nIn file included from third_party/boringssl/crypto/asn1/a_d2i_fp.c:61:\nIn file included from third_party/boringssl/include/openssl/buf.h:60:\nthird_party/boringssl/include/openssl/base.h:168:9: error: 'OPENSSL_EXPORT' macro redefined [-Werror,-Wmacro-redefined]\n#define OPENSSL_EXPORT\n        ^\n/usr/local/opt/openssl@3/include/openssl/e_os2.h:183:11: note: previous definition is here\n#  define OPENSSL_EXPORT extern\n          ^\nIn file included from third_party/boringssl/crypto/asn1/a_d2i_fp.c:61:\nIn file included from third_party/boringssl/include/openssl/buf.h:60:\nthird_party/boringssl/include/openssl/base.h:202:13: error: typedef redefinition with different types ('int' vs 'struct crypto_threadid_st')\ntypedef int CRYPTO_THREADID;\n            ^\n/usr/local/opt/openssl@3/include/openssl/crypto.h:308:3: note: previous definition is here\n} CRYPTO_THREADID;\n  ^\nIn file included from third_party/boringssl/crypto/asn1/a_d2i_fp.c:61:\nIn file included from third_party/boringssl/include/openssl/buf.h:60:\nthird_party/boringssl/include/openssl/base.h:204:13: error: redefinition of typedef 'ASN1_BOOLEAN' is a C11 feature [-Werror,-Wtypedef-redefinition]\ntypedef int ASN1_BOOLEAN;\n            ^\n/usr/local/opt/openssl@3/include/openssl/types.h:61:13: note: previous definition is here\ntypedef int ASN1_BOOLEAN;\n            ^\nIn file included from third_party/boringssl/crypto/asn1/a_d2i_fp.c:61:\nIn file included from third_party/boringssl/include/openssl/buf.h:60:\nthird_party/boringssl/include/openssl/base.h:205:13: error: redefinition of typedef 'ASN1_NULL' is a C11 feature [-Werror,-Wtypedef-redefinition]\ntypedef int ASN1_NULL;\n            ^\n/usr/local/opt/openssl@3/include/openssl/types.h:62:13: note: previous definition is here\ntypedef int ASN1_NULL;\n            ^\nIn file included from third_party/boringssl/crypto/asn1/a_d2i_fp.c:61:\nIn file included from third_party/boringssl/include/openssl/buf.h:60:\nthird_party/boringssl/include/openssl/base.h:206:29: error: redefinition of typedef 'ASN1_ITEM' is a C11 feature [-Werror,-Wtypedef-redefinition]\ntypedef struct ASN1_ITEM_st ASN1_ITEM;\n                            ^\n/usr/local/opt/openssl@3/include/openssl/types.h:69:29: note: previous definition is here\ntypedef struct ASN1_ITEM_st ASN1_ITEM;\n                            ^\nIn file included from third_party/boringssl/crypto/asn1/a_d2i_fp.c:61:\nIn file included from third_party/boringssl/include/openssl/buf.h:60:\nthird_party/boringssl/include/openssl/base.h:207:31: error: redefinition of typedef 'ASN1_OBJECT' is a C11 feature [-Werror,-Wtypedef-redefinition]\ntypedef struct asn1_object_st ASN1_OBJECT;\n                              ^\n/usr/local/opt/openssl@3/include/openssl/types.h:66:31: note: previous definition is here\ntypedef struct asn1_object_st ASN1_OBJECT;\n                              ^\nIn file included from third_party/boringssl/crypto/asn1/a_d2i_fp.c:61:\nIn file included from third_party/boringssl/include/openssl/buf.h:60:\nthird_party/boringssl/include/openssl/base.h:208:29: error: redefinition of typedef 'ASN1_PCTX' is a C11 feature [-Werror,-Wtypedef-redefinition]\ntypedef struct asn1_pctx_st ASN1_PCTX;\n                            ^\n/usr/local/opt/openssl@3/include/openssl/types.h:70:29: note: previous definition is here\ntypedef struct asn1_pctx_st ASN1_PCTX;\n                            ^\nIn file included from third_party/boringssl/crypto/asn1/a_d2i_fp.c:61:\nIn file included from third_party/boringssl/include/openssl/buf.h:60:\nthird_party/boringssl/include/openssl/base.h:209:31: error: redefinition of typedef 'ASN1_BIT_STRING' is a C11 feature [-Werror,-Wtypedef-redefinition]\ntypedef struct asn1_string_st ASN1_BIT_STRING;\n                              ^\n/usr/local/opt/openssl@3/include/openssl/types.h:47:31: note: previous definition is here\ntypedef struct asn1_string_st ASN1_BIT_STRING;\n                              ^\nIn file included from third_party/boringssl/crypto/asn1/a_d2i_fp.c:61:\nIn file included from third_party/boringssl/include/openssl/buf.h:60:\nthird_party/boringssl/include/openssl/base.h:210:31: error: redefinition of typedef 'ASN1_BMPSTRING' is a C11 feature [-Werror,-Wtypedef-redefinition]\ntypedef struct asn1_string_st ASN1_BMPSTRING;\n                              ^\n/usr/local/opt/openssl@3/include/openssl/types.h:54:31: note: previous definition is here\ntypedef struct asn1_string_st ASN1_BMPSTRING;\n                              ^\nIn file included from third_party/boringssl/crypto/asn1/a_d2i_fp.c:61:\nIn file included from third_party/boringssl/include/openssl/buf.h:60:\nthird_party/boringssl/include/openssl/base.h:211:31: error: redefinition of typedef 'ASN1_ENUMERATED' is a C11 feature [-Werror,-Wtypedef-redefinition]\ntypedef struct asn1_string_st ASN1_ENUMERATED;\n                              ^\n/usr/local/opt/openssl@3/include/openssl/types.h:46:31: note: previous definition is here\ntypedef struct asn1_string_st ASN1_ENUMERATED;\n                              ^\nIn file included from third_party/boringssl/crypto/asn1/a_d2i_fp.c:61:\nIn file included from third_party/boringssl/include/openssl/buf.h:60:\nthird_party/boringssl/include/openssl/base.h:212:31: error: redefinition of typedef 'ASN1_GENERALIZEDTIME' is a C11 feature [-Werror,-Wtypedef-redefinition]\ntypedef struct asn1_string_st ASN1_GENERALIZEDTIME;\n                              ^\n/usr/local/opt/openssl@3/include/openssl/types.h:57:31: note: previous definition is here\ntypedef struct asn1_string_st ASN1_GENERALIZEDTIME;\n                              ^\nIn file included from third_party/boringssl/crypto/asn1/a_d2i_fp.c:61:\nIn file included from third_party/boringssl/include/openssl/buf.h:60:\nthird_party/boringssl/include/openssl/base.h:213:31: error: redefinition of typedef 'ASN1_GENERALSTRING' is a C11 feature [-Werror,-Wtypedef-redefinition]\ntypedef struct asn1_string_st ASN1_GENERALSTRING;\n                              ^\n/usr/local/opt/openssl@3/include/openssl/types.h:52:31: note: previous definition is here\ntypedef struct asn1_string_st ASN1_GENERALSTRING;\n                              ^\nIn file included from third_party/boringssl/crypto/asn1/a_d2i_fp.c:61:\nIn file included from third_party/boringssl/include/openssl/buf.h:60:\nthird_party/boringssl/include/openssl/base.h:214:31: error: redefinition of typedef 'ASN1_IA5STRING' is a C11 feature [-Werror,-Wtypedef-redefinition]\ntypedef struct asn1_string_st ASN1_IA5STRING;\n                              ^\n/usr/local/opt/openssl@3/include/openssl/types.h:51:31: note: previous definition is here\ntypedef struct asn1_string_st ASN1_IA5STRING;\n                              ^\nIn file included from third_party/boringssl/crypto/asn1/a_d2i_fp.c:61:\nIn file included from third_party/boringssl/include/openssl/buf.h:60:\nthird_party/boringssl/include/openssl/base.h:215:31: error: redefinition of typedef 'ASN1_INTEGER' is a C11 feature [-Werror,-Wtypedef-redefinition]\ntypedef struct asn1_string_st ASN1_INTEGER;\n                              ^\n/usr/local/opt/openssl@3/include/openssl/types.h:45:31: note: previous definition is here\ntypedef struct asn1_string_st ASN1_INTEGER;\n                              ^\nIn file included from third_party/boringssl/crypto/asn1/a_d2i_fp.c:61:\nIn file included from third_party/boringssl/include/openssl/buf.h:60:\nthird_party/boringssl/include/openssl/base.h:216:31: error: redefinition of typedef 'ASN1_OCTET_STRING' is a C11 feature [-Werror,-Wtypedef-redefinition]\ntypedef struct asn1_string_st ASN1_OCTET_STRING;\n                              ^\n/usr/local/opt/openssl@3/include/openssl/types.h:48:31: note: previous definition is here\ntypedef struct asn1_string_st ASN1_OCTET_STRING;\n                              ^\nIn file included from third_party/boringssl/crypto/asn1/a_d2i_fp.c:61:\nIn file included from third_party/boringssl/include/openssl/buf.h:60:\nthird_party/boringssl/include/openssl/base.h:217:31: error: redefinition of typedef 'ASN1_PRINTABLESTRING' is a C11 feature [-Werror,-Wtypedef-redefinition]\ntypedef struct asn1_string_st ASN1_PRINTABLESTRING;\n                              ^\n/usr/local/opt/openssl@3/include/openssl/types.h:49:31: note: previous definition is here\ntypedef struct asn1_string_st ASN1_PRINTABLESTRING;\n                              ^\nIn file included from third_party/boringssl/crypto/asn1/a_d2i_fp.c:61:\nIn file included from third_party/boringssl/include/openssl/buf.h:60:\nthird_party/boringssl/include/openssl/base.h:218:31: error: redefinition of typedef 'ASN1_STRING' is a C11 feature [-Werror,-Wtypedef-redefinition]\ntypedef struct asn1_string_st ASN1_STRING;\n                              ^\n/usr/local/opt/openssl@3/include/openssl/types.h:60:31: note: previous definition is here\ntypedef struct asn1_string_st ASN1_STRING;\n                              ^\nIn file included from third_party/boringssl/crypto/asn1/a_d2i_fp.c:61:\nIn file included from third_party/boringssl/include/openssl/buf.h:60:\nthird_party/boringssl/include/openssl/base.h:219:31: error: redefinition of typedef 'ASN1_T61STRING' is a C11 feature [-Werror,-Wtypedef-redefinition]\ntypedef struct asn1_string_st ASN1_T61STRING;\n                              ^\n/usr/local/opt/openssl@3/include/openssl/types.h:50:31: note: previous definition is here\ntypedef struct asn1_string_st ASN1_T61STRING;\n                              ^\nfatal error: too many errors emitted, stopping now [-ferror-limit=]\n20 errors generated.\nmake: *** [/Users/runner/actions-runner/_work/python.build/python.build/build_grpcio18138/grpcio-1.8.1/objs/opt/third_party/boringssl/crypto/asn1/a_d2i_fp.o] Error 1\n"
2022-12-27T02:26:47.9385230Z   Traceback (most recent call last):
2022-12-27T02:26:47.9390450Z     File "<string>", line 2, in <module>
2022-12-27T02:26:47.9390970Z     File "<pip-setuptools-caller>", line 34, in <module>
2022-12-27T02:26:47.9391420Z     File "/Users/runner/actions-runner/_work/python.build/python.build/build_grpcio18138/grpcio-1.8.1/setup.py", line 293, in <module>
2022-12-27T02:26:47.9391680Z       setuptools.setup(
2022-12-27T02:26:47.9392100Z     File "/private/var/folders/51/hd414ycd67n82196sw51xqtc0000gn/T/cibw-run-hbp3vmch/cp38-macosx_arm64/build/venv/lib/python3.8/site-packages/setuptools/__init__.py", line 87, in setup
2022-12-27T02:26:47.9392880Z       return distutils.core.setup(**attrs)
2022-12-27T02:26:47.9393340Z     File "/private/var/folders/51/hd414ycd67n82196sw51xqtc0000gn/T/cibw-run-hbp3vmch/cp38-macosx_arm64/build/venv/lib/python3.8/site-packages/setuptools/_distutils/core.py", line 185, in setup
2022-12-27T02:26:47.9393630Z       return run_commands(dist)
2022-12-27T02:26:47.9394030Z     File "/private/var/folders/51/hd414ycd67n82196sw51xqtc0000gn/T/cibw-run-hbp3vmch/cp38-macosx_arm64/build/venv/lib/python3.8/site-packages/setuptools/_distutils/core.py", line 201, in run_commands
2022-12-27T02:26:47.9394310Z       dist.run_commands()
2022-12-27T02:26:47.9394700Z     File "/private/var/folders/51/hd414ycd67n82196sw51xqtc0000gn/T/cibw-run-hbp3vmch/cp38-macosx_arm64/build/venv/lib/python3.8/site-packages/setuptools/_distutils/dist.py", line 969, in run_commands
2022-12-27T02:26:47.9394960Z       self.run_command(cmd)
2022-12-27T02:26:47.9395360Z     File "/private/var/folders/51/hd414ycd67n82196sw51xqtc0000gn/T/cibw-run-hbp3vmch/cp38-macosx_arm64/build/venv/lib/python3.8/site-packages/setuptools/dist.py", line 1208, in run_command
2022-12-27T02:26:47.9395650Z       super().run_command(command)
2022-12-27T02:26:47.9396050Z     File "/private/var/folders/51/hd414ycd67n82196sw51xqtc0000gn/T/cibw-run-hbp3vmch/cp38-macosx_arm64/build/venv/lib/python3.8/site-packages/setuptools/_distutils/dist.py", line 988, in run_command
2022-12-27T02:26:47.9396370Z       cmd_obj.run()
2022-12-27T02:26:47.9396760Z     File "/private/var/folders/51/hd414ycd67n82196sw51xqtc0000gn/T/cibw-run-hbp3vmch/cp38-macosx_arm64/build/venv/lib/python3.8/site-packages/wheel/bdist_wheel.py", line 325, in run
2022-12-27T02:26:47.9397030Z       self.run_command("build")
2022-12-27T02:26:47.9397430Z     File "/private/var/folders/51/hd414ycd67n82196sw51xqtc0000gn/T/cibw-run-hbp3vmch/cp38-macosx_arm64/build/venv/lib/python3.8/site-packages/setuptools/_distutils/cmd.py", line 318, in run_command
2022-12-27T02:26:47.9397720Z       self.distribution.run_command(command)
2022-12-27T02:26:47.9398250Z     File "/private/var/folders/51/hd414ycd67n82196sw51xqtc0000gn/T/cibw-run-hbp3vmch/cp38-macosx_arm64/build/venv/lib/python3.8/site-packages/setuptools/dist.py", line 1208, in run_command
2022-12-27T02:26:47.9398520Z       super().run_command(command)
2022-12-27T02:26:47.9398890Z     File "/private/var/folders/51/hd414ycd67n82196sw51xqtc0000gn/T/cibw-run-hbp3vmch/cp38-macosx_arm64/build/venv/lib/python3.8/site-packages/setuptools/_distutils/dist.py", line 988, in run_command
2022-12-27T02:26:47.9399150Z       cmd_obj.run()
2022-12-27T02:26:47.9399570Z     File "/private/var/folders/51/hd414ycd67n82196sw51xqtc0000gn/T/cibw-run-hbp3vmch/cp38-macosx_arm64/build/venv/lib/python3.8/site-packages/setuptools/_distutils/command/build.py", line 132, in run
2022-12-27T02:26:47.9399820Z       self.run_command(cmd_name)
2022-12-27T02:26:47.9400220Z     File "/private/var/folders/51/hd414ycd67n82196sw51xqtc0000gn/T/cibw-run-hbp3vmch/cp38-macosx_arm64/build/venv/lib/python3.8/site-packages/setuptools/_distutils/cmd.py", line 318, in run_command
2022-12-27T02:26:47.9400480Z       self.distribution.run_command(command)
2022-12-27T02:26:47.9400890Z     File "/private/var/folders/51/hd414ycd67n82196sw51xqtc0000gn/T/cibw-run-hbp3vmch/cp38-macosx_arm64/build/venv/lib/python3.8/site-packages/setuptools/dist.py", line 1208, in run_command
2022-12-27T02:26:47.9401170Z       super().run_command(command)
2022-12-27T02:26:47.9401580Z     File "/private/var/folders/51/hd414ycd67n82196sw51xqtc0000gn/T/cibw-run-hbp3vmch/cp38-macosx_arm64/build/venv/lib/python3.8/site-packages/setuptools/_distutils/dist.py", line 988, in run_command
2022-12-27T02:26:47.9401810Z       cmd_obj.run()
2022-12-27T02:26:47.9402190Z     File "/private/var/folders/51/hd414ycd67n82196sw51xqtc0000gn/T/cibw-run-hbp3vmch/cp38-macosx_arm64/build/venv/lib/python3.8/site-packages/setuptools/command/build_ext.py", line 84, in run
2022-12-27T02:26:47.9402450Z       _build_ext.run(self)
2022-12-27T02:26:47.9402940Z     File "/private/var/folders/51/hd414ycd67n82196sw51xqtc0000gn/T/cibw-run-hbp3vmch/cp38-macosx_arm64/build/venv/lib/python3.8/site-packages/Cython/Distutils/old_build_ext.py", line 186, in run
2022-12-27T02:26:47.9403210Z       _build_ext.build_ext.run(self)
2022-12-27T02:26:47.9403660Z     File "/private/var/folders/51/hd414ycd67n82196sw51xqtc0000gn/T/cibw-run-hbp3vmch/cp38-macosx_arm64/build/venv/lib/python3.8/site-packages/setuptools/_distutils/command/build_ext.py", line 346, in run
2022-12-27T02:26:47.9403900Z       self.build_extensions()
2022-12-27T02:26:47.9404240Z     File "/Users/runner/actions-runner/_work/python.build/python.build/build_grpcio18138/grpcio-1.8.1/src/python/grpcio/commands.py", line 276, in build_extensions
2022-12-27T02:26:47.9404490Z       raise Exception("make command failed!")
2022-12-27T02:26:47.9404660Z   Exception: make command failed!
2022-12-27T02:26:47.9689150Z   error: subprocess-exited-with-error
2022-12-27T02:26:47.9689480Z   
2022-12-27T02:26:47.9689860Z   × python setup.py bdist_wheel did not run successfully.
2022-12-27T02:26:47.9690160Z   │ exit code: 1
2022-12-27T02:26:47.9690450Z   ╰─> See above for output.
2022-12-27T02:26:47.9690680Z   
2022-12-27T02:26:47.9690960Z   note: This error originates from a subprocess, and is likely not a problem with pip.
2022-12-27T02:26:47.9698170Z   full command: /private/var/folders/51/hd414ycd67n82196sw51xqtc0000gn/T/cibw-run-hbp3vmch/cp38-macosx_arm64/build/venv/bin/python -u -c '
2022-12-27T02:26:47.9698610Z   exec(compile('"'"''"'"''"'"'
2022-12-27T02:26:47.9699800Z   # This is <pip-setuptools-caller> -- a caller that pip uses to run setup.py
2022-12-27T02:26:47.9700830Z   #
2022-12-27T02:26:47.9701360Z   # - It imports setuptools before invoking setup.py, to enable projects that directly
2022-12-27T02:26:47.9701760Z   #   import from `distutils.core` to work with newer packaging standards.
2022-12-27T02:26:47.9702240Z   # - It provides a clear error message when setuptools is not installed.
2022-12-27T02:26:47.9702670Z   # - It sets `sys.argv[0]` to the underlying `setup.py`, when invoking `setup.py` so
2022-12-27T02:26:47.9703530Z   #   setuptools doesn'"'"'t think the script is `-c`. This avoids the following warning:
2022-12-27T02:26:47.9703980Z   #     manifest_maker: standard file '"'"'-c'"'"' not found".
2022-12-27T02:26:47.9704340Z   # - It generates a shim setup.py, for handling setup.cfg-only projects.
2022-12-27T02:26:47.9704630Z   import os, sys, tokenize
2022-12-27T02:26:47.9704840Z   
2022-12-27T02:26:47.9704970Z   try:
2022-12-27T02:26:47.9705620Z       import setuptools
2022-12-27T02:26:47.9705820Z   except ImportError as error:
2022-12-27T02:26:47.9706020Z       print(
2022-12-27T02:26:47.9706340Z           "ERROR: Can not execute `setup.py` since setuptools is not available in "
2022-12-27T02:26:47.9706620Z           "the build environment.",
2022-12-27T02:26:47.9706850Z           file=sys.stderr,
2022-12-27T02:26:47.9707040Z       )
2022-12-27T02:26:47.9707190Z       sys.exit(1)
2022-12-27T02:26:47.9707390Z   
2022-12-27T02:26:47.9707590Z   __file__ = %r
2022-12-27T02:26:47.9707930Z   Building wheel for grpcio (setup.py): finished with status 'error'
2022-12-27T02:26:47.9708220Z   sys.argv[0] = __file__
2022-12-27T02:26:47.9708400Z   
2022-12-27T02:26:47.9708580Z   if os.path.exists(__file__):
2022-12-27T02:26:47.9708820Z       filename = __file__
2022-12-27T02:26:47.9709040Z       with tokenize.open(__file__) as f:
2022-12-27T02:26:47.9709280Z           setup_py_code = f.read()
2022-12-27T02:26:47.9709470Z   else:
2022-12-27T02:26:47.9709780Z       filename = "<auto-generated setuptools caller>"
2022-12-27T02:26:47.9710470Z       setup_py_code = "from setuptools import setup; setup()"
2022-12-27T02:26:47.9710690Z   
2022-12-27T02:26:47.9710940Z   exec(compile(setup_py_code, filename, "exec"))
2022-12-27T02:26:47.9711650Z   '"'"''"'"''"'"' % ('"'"'/Users/runner/actions-runner/_work/python.build/python.build/build_grpcio18138/grpcio-1.8.1/setup.py'"'"',), "<pip-setuptools-caller>", "exec"))' bdist_wheel -d /private/var/folders/51/hd414ycd67n82196sw51xqtc0000gn/T/pip-wheel-yybdseug
2022-12-27T02:26:47.9712440Z   cwd: /Users/runner/actions-runner/_work/python.build/python.build/build_grpcio18138/grpcio-1.8.1/
2022-12-27T02:26:47.9712750Z   ERROR: Failed building wheel for grpcio
2022-12-27T02:26:47.9713030Z   Running command python setup.py clean
2022-12-27T02:26:47.9713320Z   Running setup.py clean for grpcio
2022-12-27T02:26:48.4108090Z   running clean
2022-12-27T02:26:48.4120460Z   removing 'python_build/lib.macosx-11.0-arm64-cpython-38' (and everything under it)
2022-12-27T02:26:48.4159810Z   'python_build/bdist.macosx-11.0-arm64' does not exist -- can't clean it
2022-12-27T02:26:48.4162450Z   'python_build/scripts-3.8' does not exist -- can't clean it
2022-12-27T02:26:48.4164120Z   removing 'python_build'
2022-12-27T02:26:48.4465630Z Failed to build grpcio
2022-12-27T02:26:48.4470180Z ERROR: Failed to build one or more wheels
2022-12-27T02:26:48.4480510Z Exception information:
2022-12-27T02:26:48.4480820Z Traceback (most recent call last):
2022-12-27T02:26:48.4481670Z   File "/private/var/folders/51/hd414ycd67n82196sw51xqtc0000gn/T/cibw-run-hbp3vmch/cp38-macosx_arm64/build/venv/lib/python3.8/site-packages/pip/_internal/cli/base_command.py", line 160, in exc_logging_wrapper
2022-12-27T02:26:48.4482090Z     status = run_func(*args)
2022-12-27T02:26:48.4482790Z   File "/private/var/folders/51/hd414ycd67n82196sw51xqtc0000gn/T/cibw-run-hbp3vmch/cp38-macosx_arm64/build/venv/lib/python3.8/site-packages/pip/_internal/cli/req_command.py", line 247, in wrapper
2022-12-27T02:26:48.4483200Z     return func(self, options, args)
2022-12-27T02:26:48.4483830Z   File "/private/var/folders/51/hd414ycd67n82196sw51xqtc0000gn/T/cibw-run-hbp3vmch/cp38-macosx_arm64/build/venv/lib/python3.8/site-packages/pip/_internal/commands/wheel.py", line 201, in run
2022-12-27T02:26:48.4484370Z     raise CommandError("Failed to build one or more wheels")
2022-12-27T02:26:48.4484910Z pip._internal.exceptions.CommandError: Failed to build one or more wheels
2022-12-27T02:26:48.4486000Z Removed build tracker: '/private/var/folders/51/hd414ycd67n82196sw51xqtc0000gn/T/pip-build-tracker-nn3pnqpu'
2022-12-27T02:26:48.4883790Z ##[endgroup]
2022-12-27T02:26:48.4884360Z                                                               [31m✕ [0m7.16s
2022-12-27T02:26:48.5388600Z ##[error]Command ['python', '-m', 'pip', 'wheel', '/Users/runner/actions-runner/_work/python.build/python.build/build_grpcio18138/grpcio-1.8.1', '--wheel-dir=/private/var/folders/51/hd414ycd67n82196sw51xqtc0000gn/T/cibw-run-hbp3vmch/cp38-macosx_arm64/built_wheel', '--no-deps', '-vvv'] failed with code 1. None
2022-12-27T02:26:48.5394320Z 
2022-12-27T02:26:48.5514450Z ##[error]Process completed with exit code 1.
2022-12-27T02:26:48.5545480Z ##[group]Run rm -rf build_grpcio18138 wheelsout
2022-12-27T02:26:48.5545670Z [36;1mrm -rf build_grpcio18138 wheelsout[0m
2022-12-27T02:26:48.5560350Z shell: /bin/bash -e {0}
2022-12-27T02:26:48.5560480Z env:
2022-12-27T02:26:48.5560660Z   pythonLocation: /Users/runner/hostedtoolcache/Python/3.8.15/x64
2022-12-27T02:26:48.5560880Z   PKG_CONFIG_PATH: /Users/runner/hostedtoolcache/Python/3.8.15/x64/lib/pkgconfig
2022-12-27T02:26:48.5561080Z   Python_ROOT_DIR: /Users/runner/hostedtoolcache/Python/3.8.15/x64
2022-12-27T02:26:48.5561270Z   Python2_ROOT_DIR: /Users/runner/hostedtoolcache/Python/3.8.15/x64
2022-12-27T02:26:48.5561450Z   Python3_ROOT_DIR: /Users/runner/hostedtoolcache/Python/3.8.15/x64
2022-12-27T02:26:48.5561590Z ##[endgroup]
2022-12-27T02:26:48.8401430Z Cleaning up orphan processes
