2022-12-27T08:47:22.9124526Z Requested labels: self-hosted, macOS, X64
2022-12-27T08:47:22.9124662Z Job defined at: kilnbuild/python.build/.github/workflows/mac_arm_build.yml@refs/heads/main
2022-12-27T08:47:22.9124691Z Waiting for a runner to pick up this job...
2022-12-27T11:11:52.0904367Z Job is about to start running on the runner: k2 (organization)
2022-12-27T11:11:54.1320490Z Current runner version: '2.300.2'
2022-12-27T11:11:54.1325600Z Runner name: 'k2'
2022-12-27T11:11:54.1325850Z Runner group name: 'Default'
2022-12-27T11:11:54.1326280Z Machine name: 'k2'
2022-12-27T11:11:54.1327780Z ##[group]GITHUB_TOKEN Permissions
2022-12-27T11:11:54.1328220Z Actions: write
2022-12-27T11:11:54.1328350Z Checks: write
2022-12-27T11:11:54.1328480Z Contents: write
2022-12-27T11:11:54.1328620Z Deployments: write
2022-12-27T11:11:54.1328750Z Discussions: write
2022-12-27T11:11:54.1328870Z Issues: write
2022-12-27T11:11:54.1329000Z Metadata: read
2022-12-27T11:11:54.1329130Z Packages: write
2022-12-27T11:11:54.1329260Z Pages: write
2022-12-27T11:11:54.1329400Z PullRequests: write
2022-12-27T11:11:54.1329560Z RepositoryProjects: write
2022-12-27T11:11:54.1329710Z SecurityEvents: write
2022-12-27T11:11:54.1329850Z Statuses: write
2022-12-27T11:11:54.1329980Z ##[endgroup]
2022-12-27T11:11:54.1332970Z Secret source: Actions
2022-12-27T11:11:54.1333310Z Prepare workflow directory
2022-12-27T11:11:54.1984770Z Prepare all required actions
2022-12-27T11:11:54.2103350Z Getting action download info
2022-12-27T11:11:54.6655450Z Download action repository 'actions/setup-python@v4' (SHA:5ccb29d8773c3f3f653e1705f474dfaa8a06a912)
2022-12-27T11:11:56.4049830Z Download action repository 'actions/upload-artifact@v3' (SHA:83fd05a356d7e2593de66fc9913b3002723633cb)
2022-12-27T11:11:57.7081950Z ##[group]Run echo '{
2022-12-27T11:11:57.7082280Z [36;1mecho '{[0m
2022-12-27T11:11:57.7082440Z [36;1m  "package_name": "lxml",[0m
2022-12-27T11:11:57.7082780Z [36;1m  "package_url": "https://files.pythonhosted.org/packages/89/dc/ec07a5adf6afb02ad4f5f7e1f7e1a2fc0e3d88ce4fe233ed4b3dabd07cbd/lxml-4.1.0.tar.gz",[0m
2022-12-27T11:11:57.7083070Z [36;1m  "package_version": "4.1.0",[0m
2022-12-27T11:11:57.7083230Z [36;1m  "python_version": "3.10",[0m
2022-12-27T11:11:57.7083370Z [36;1m  "use_ccache": "true"[0m
2022-12-27T11:11:57.7083510Z [36;1m}'[0m
2022-12-27T11:11:57.7099650Z shell: /bin/bash -e {0}
2022-12-27T11:11:57.7099800Z ##[endgroup]
2022-12-27T11:11:57.7335200Z {
2022-12-27T11:11:57.7336820Z   "package_name": "lxml",
2022-12-27T11:11:57.7337550Z   "package_url": "https://files.pythonhosted.org/packages/89/dc/ec07a5adf6afb02ad4f5f7e1f7e1a2fc0e3d88ce4fe233ed4b3dabd07cbd/lxml-4.1.0.tar.gz",
2022-12-27T11:11:57.7337850Z   "package_version": "4.1.0",
2022-12-27T11:11:57.7338160Z   "python_version": "3.10",
2022-12-27T11:11:57.7338330Z   "use_ccache": "true"
2022-12-27T11:11:57.7338490Z }
2022-12-27T11:11:57.7561100Z ##[group]Run actions/setup-python@v4
2022-12-27T11:11:57.7561430Z with:
2022-12-27T11:11:57.7561620Z   python-version: 3.10
2022-12-27T11:11:57.7561770Z   check-latest: false
2022-12-27T11:11:57.7562070Z   token: ***
2022-12-27T11:11:57.7562270Z   update-environment: true
2022-12-27T11:11:57.7562500Z ##[endgroup]
2022-12-27T11:11:57.8866750Z ##[group]Installed versions
2022-12-27T11:11:57.8906670Z Successfully set up CPython (3.10.9)
2022-12-27T11:11:57.8907380Z ##[endgroup]
2022-12-27T11:11:57.9053680Z ##[group]Run if [ "true" == "true" ]
2022-12-27T11:11:57.9054030Z [36;1mif [ "true" == "true" ][0m
2022-12-27T11:11:57.9054300Z [36;1mthen[0m
2022-12-27T11:11:57.9054530Z [36;1m  echo "CCACHE_PATH_PREPEND=/usr/local/opt/ccache/libexec" >> $GITHUB_OUTPUT[0m
2022-12-27T11:11:57.9054710Z [36;1melse[0m
2022-12-27T11:11:57.9054980Z [36;1m  echo "CCACHE_PATH_PREPEND=" >> $GITHUB_OUTPUT[0m
2022-12-27T11:11:57.9055450Z [36;1mfi[0m
2022-12-27T11:11:57.9072890Z shell: /bin/bash -e {0}
2022-12-27T11:11:57.9073080Z env:
2022-12-27T11:11:57.9073410Z   pythonLocation: /Users/runner/hostedtoolcache/Python/3.10.9/x64
2022-12-27T11:11:57.9073680Z   PKG_CONFIG_PATH: /Users/runner/hostedtoolcache/Python/3.10.9/x64/lib/pkgconfig
2022-12-27T11:11:57.9073940Z   Python_ROOT_DIR: /Users/runner/hostedtoolcache/Python/3.10.9/x64
2022-12-27T11:11:57.9074160Z   Python2_ROOT_DIR: /Users/runner/hostedtoolcache/Python/3.10.9/x64
2022-12-27T11:11:57.9074510Z   Python3_ROOT_DIR: /Users/runner/hostedtoolcache/Python/3.10.9/x64
2022-12-27T11:11:57.9075090Z ##[endgroup]
2022-12-27T11:11:57.9191890Z ##[group]Run echo "BUILD_NAME=$(echo lxml_4.1.0_3.10 | tr -dc '[:alnum:]\n\r' | tr '[:upper:]' '[:lower:]')" >> $GITHUB_OUTPUT
2022-12-27T11:11:57.9192320Z [36;1mecho "BUILD_NAME=$(echo lxml_4.1.0_3.10 | tr -dc '[:alnum:]\n\r' | tr '[:upper:]' '[:lower:]')" >> $GITHUB_OUTPUT[0m
2022-12-27T11:11:57.9206180Z shell: /bin/bash -e {0}
2022-12-27T11:11:57.9206480Z env:
2022-12-27T11:11:57.9206700Z   pythonLocation: /Users/runner/hostedtoolcache/Python/3.10.9/x64
2022-12-27T11:11:57.9206930Z   PKG_CONFIG_PATH: /Users/runner/hostedtoolcache/Python/3.10.9/x64/lib/pkgconfig
2022-12-27T11:11:57.9207180Z   Python_ROOT_DIR: /Users/runner/hostedtoolcache/Python/3.10.9/x64
2022-12-27T11:11:57.9207470Z   Python2_ROOT_DIR: /Users/runner/hostedtoolcache/Python/3.10.9/x64
2022-12-27T11:11:57.9207710Z   Python3_ROOT_DIR: /Users/runner/hostedtoolcache/Python/3.10.9/x64
2022-12-27T11:11:57.9207870Z ##[endgroup]
2022-12-27T11:11:57.9364840Z ##[group]Run echo "PYTHON_NO_DOTS=$(echo 3.10 | tr -dc '[:alnum:]\n\r' | tr '[:upper:]' '[:lower:]')" >> $GITHUB_OUTPUT
2022-12-27T11:11:57.9365270Z [36;1mecho "PYTHON_NO_DOTS=$(echo 3.10 | tr -dc '[:alnum:]\n\r' | tr '[:upper:]' '[:lower:]')" >> $GITHUB_OUTPUT[0m
2022-12-27T11:11:57.9378890Z shell: /bin/bash -e {0}
2022-12-27T11:11:57.9379040Z env:
2022-12-27T11:11:57.9379240Z   pythonLocation: /Users/runner/hostedtoolcache/Python/3.10.9/x64
2022-12-27T11:11:57.9379500Z   PKG_CONFIG_PATH: /Users/runner/hostedtoolcache/Python/3.10.9/x64/lib/pkgconfig
2022-12-27T11:11:57.9379710Z   Python_ROOT_DIR: /Users/runner/hostedtoolcache/Python/3.10.9/x64
2022-12-27T11:11:57.9379980Z   Python2_ROOT_DIR: /Users/runner/hostedtoolcache/Python/3.10.9/x64
2022-12-27T11:11:57.9380210Z   Python3_ROOT_DIR: /Users/runner/hostedtoolcache/Python/3.10.9/x64
2022-12-27T11:11:57.9380400Z ##[endgroup]
2022-12-27T11:11:57.9495290Z ##[group]Run rm -rf build_lxml410310
2022-12-27T11:11:57.9495580Z [36;1mrm -rf build_lxml410310[0m
2022-12-27T11:11:57.9495730Z [36;1mmkdir build_lxml410310[0m
2022-12-27T11:11:57.9495950Z [36;1mcd build_lxml410310[0m
2022-12-27T11:11:57.9496340Z [36;1m/usr/local/bin/wget --quiet https://files.pythonhosted.org/packages/89/dc/ec07a5adf6afb02ad4f5f7e1f7e1a2fc0e3d88ce4fe233ed4b3dabd07cbd/lxml-4.1.0.tar.gz[0m
2022-12-27T11:11:57.9496610Z [36;1mtar xf *.tar.gz[0m
2022-12-27T11:11:57.9496750Z [36;1mcd *[0m
2022-12-27T11:11:57.9496930Z [36;1mpython -m pip install cibuildwheel==2.11.3[0m
2022-12-27T11:11:57.9497200Z [36;1mpython -m cibuildwheel --output-dir ../wheelsout[0m
2022-12-27T11:11:57.9511690Z shell: /bin/bash -e {0}
2022-12-27T11:11:57.9511880Z env:
2022-12-27T11:11:57.9512090Z   pythonLocation: /Users/runner/hostedtoolcache/Python/3.10.9/x64
2022-12-27T11:11:57.9512370Z   PKG_CONFIG_PATH: /Users/runner/hostedtoolcache/Python/3.10.9/x64/lib/pkgconfig
2022-12-27T11:11:57.9512690Z   Python_ROOT_DIR: /Users/runner/hostedtoolcache/Python/3.10.9/x64
2022-12-27T11:11:57.9512880Z   Python2_ROOT_DIR: /Users/runner/hostedtoolcache/Python/3.10.9/x64
2022-12-27T11:11:57.9513110Z   Python3_ROOT_DIR: /Users/runner/hostedtoolcache/Python/3.10.9/x64
2022-12-27T11:11:57.9513350Z   CIBW_ARCHS_MACOS: arm64
2022-12-27T11:11:57.9513500Z   CIBW_TEST_SKIP: *_arm64
2022-12-27T11:11:57.9513680Z   CIBW_BUILD: cp310-macosx_arm64
2022-12-27T11:11:57.9513880Z   CIBW_BUILD_FRONTEND: pip
2022-12-27T11:11:57.9514020Z   CIBW_BUILD_VERBOSITY: 3
2022-12-27T11:11:57.9514390Z   CIBW_ENVIRONMENT_MACOS:  CFLAGS="-I/usr/local/opt/openssl@3/include" LDFLAGS="-L/usr/local/opt/openssl@3/lib" CPPFLAGS="-I/usr/local/opt/openssl@3/include" MAKEFLAGS="-j$(sysctl -n hw.logicalcpu)" PATH=/usr/local/opt/ccache/libexec:$PATH
2022-12-27T11:11:57.9514760Z   CIBW_BEFORE_BUILD: pip install Cython; if [[ -f requirements.txt ]]; then pip install -r requirements.txt; fi
2022-12-27T11:11:57.9515020Z   MAKEFLAGS: -j$(sysctl -n hw.logicalcpu)
2022-12-27T11:11:57.9515180Z ##[endgroup]
2022-12-27T11:11:58.4803050Z Requirement already satisfied: cibuildwheel==2.11.3 in /Users/runner/hostedtoolcache/Python/3.10.9/x64/lib/python3.10/site-packages (2.11.3)
2022-12-27T11:11:58.5059030Z Requirement already satisfied: typing-extensions>=4.1.0 in /Users/runner/hostedtoolcache/Python/3.10.9/x64/lib/python3.10/site-packages (from cibuildwheel==2.11.3) (4.4.0)
2022-12-27T11:11:58.5064190Z Requirement already satisfied: bashlex!=0.13 in /Users/runner/hostedtoolcache/Python/3.10.9/x64/lib/python3.10/site-packages (from cibuildwheel==2.11.3) (0.16)
2022-12-27T11:11:58.5067470Z Requirement already satisfied: certifi in /Users/runner/hostedtoolcache/Python/3.10.9/x64/lib/python3.10/site-packages (from cibuildwheel==2.11.3) (2022.12.7)
2022-12-27T11:11:58.5070600Z Requirement already satisfied: platformdirs in /Users/runner/hostedtoolcache/Python/3.10.9/x64/lib/python3.10/site-packages (from cibuildwheel==2.11.3) (2.6.0)
2022-12-27T11:11:58.5076000Z Requirement already satisfied: packaging>=20.9 in /Users/runner/hostedtoolcache/Python/3.10.9/x64/lib/python3.10/site-packages (from cibuildwheel==2.11.3) (22.0)
2022-12-27T11:11:58.5078860Z Requirement already satisfied: filelock in /Users/runner/hostedtoolcache/Python/3.10.9/x64/lib/python3.10/site-packages (from cibuildwheel==2.11.3) (3.8.2)
2022-12-27T11:11:58.5082200Z Requirement already satisfied: bracex in /Users/runner/hostedtoolcache/Python/3.10.9/x64/lib/python3.10/site-packages (from cibuildwheel==2.11.3) (2.3.post1)
2022-12-27T11:11:58.5088020Z Requirement already satisfied: tomli in /Users/runner/hostedtoolcache/Python/3.10.9/x64/lib/python3.10/site-packages (from cibuildwheel==2.11.3) (2.0.1)
2022-12-27T11:11:58.6934640Z 
2022-12-27T11:11:58.6934980Z      _ _       _ _   _       _           _
2022-12-27T11:11:58.6935780Z  ___|_| |_ _ _|_| |_| |_ _ _| |_ ___ ___| |
2022-12-27T11:11:58.6936710Z |  _| | . | | | | | . | | | |   | -_| -_| |
2022-12-27T11:11:58.6937770Z |___|_|___|___|_|_|___|_____|_|_|___|___|_|
2022-12-27T11:11:58.6937920Z 
2022-12-27T11:11:58.6938080Z cibuildwheel version 2.11.3
2022-12-27T11:11:58.6938250Z 
2022-12-27T11:11:58.6938370Z Build options:
2022-12-27T11:11:58.6938640Z   platform: macos
2022-12-27T11:11:58.7046550Z   architectures: arm64[0m
2022-12-27T11:11:58.7047040Z   build_selector: 
2022-12-27T11:11:58.7047820Z     build_config: cp310-macosx_arm64
2022-12-27T11:11:58.7048410Z     skip_config: 
2022-12-27T11:11:58.7048900Z     requires_python: None
2022-12-27T11:11:58.7049520Z     prerelease_pythons: False[0m
2022-12-27T11:11:58.7049930Z   [38;5;244mcontainer_engine: docker[0m
2022-12-27T11:11:58.7050410Z   output_dir: /Users/runner/actions-runner/_work/python.build/python.build/build_lxml410310/wheelsout[0m
2022-12-27T11:11:58.7051010Z   package_dir: /Users/runner/actions-runner/_work/python.build/python.build/build_lxml410310/lxml-4.1.0[0m
2022-12-27T11:11:58.7051480Z   test_selector: 
2022-12-27T11:11:58.7051800Z     skip_config: *_arm64[0m
2022-12-27T11:11:58.7052150Z   [38;5;244mbefore_all: [0m
2022-12-27T11:11:58.7052660Z   before_build: pip install Cython; if [[ -f requirements.txt ]]; then pip install -r requirements.txt; fi[0m
2022-12-27T11:11:58.7053100Z   [38;5;244mbefore_test: [0m
2022-12-27T11:11:58.7053470Z   [38;5;244mbuild_frontend: pip[0m
2022-12-27T11:11:58.7053780Z   build_verbosity: 3[0m
2022-12-27T11:11:58.7054230Z   [38;5;244mconfig_settings: [0m
2022-12-27T11:11:58.7054510Z   [38;5;244mdependency_constraints: pinned[0m
2022-12-27T11:11:58.7054740Z   environment: 
2022-12-27T11:11:58.7055100Z     CFLAGS="-I/usr/local/opt/openssl@3/include"
2022-12-27T11:11:58.7055380Z     LDFLAGS="-L/usr/local/opt/openssl@3/lib"
2022-12-27T11:11:58.7055700Z     CPPFLAGS="-I/usr/local/opt/openssl@3/include"
2022-12-27T11:11:58.7056010Z     MAKEFLAGS="-j$(sysctl -n hw.logicalcpu)"
2022-12-27T11:11:58.7056310Z     PATH=/usr/local/opt/ccache/libexec:$PATH[0m
2022-12-27T11:11:58.7056660Z   [38;5;244mmanylinux_images: None[0m
2022-12-27T11:11:58.7056940Z   [38;5;244mmusllinux_images: None[0m
2022-12-27T11:11:58.7057340Z   [38;5;244mrepair_command: delocate-wheel --require-archs {delocate_archs} -w {dest_dir} -v {wheel}[0m
2022-12-27T11:11:58.7057930Z   [38;5;244mtest_command: [0m
2022-12-27T11:11:58.7058250Z   [38;5;244mtest_extras: [0m
2022-12-27T11:11:58.7058590Z   [38;5;244mtest_requires: [0m
2022-12-27T11:11:58.7058780Z 
2022-12-27T11:11:58.7058930Z Cache folder: /Users/runner/Library/Caches/cibuildwheel
2022-12-27T11:11:58.7066440Z 
2022-12-27T11:11:58.7066760Z Here we go!
2022-12-27T11:11:58.7066980Z 
2022-12-27T11:11:58.7220270Z 
2022-12-27T11:11:58.7220980Z [1m[34mBuilding cp310-macosx_arm64 wheel[0m
2022-12-27T11:11:58.7221370Z CPython 3.10 macOS arm64 - Apple Silicon
2022-12-27T11:11:58.7221500Z 
2022-12-27T11:11:58.7225630Z ##[group]Installing Python cp310...
2022-12-27T11:11:58.7225810Z 
2022-12-27T11:11:58.7227000Z + pkgutil --pkgs
2022-12-27T11:11:58.7356490Z ##[endgroup]
2022-12-27T11:11:58.7357300Z                                                               [32mâœ“ [0m0.01s
2022-12-27T11:11:58.7376910Z ##[group]Setting up build environment...
2022-12-27T11:11:58.7377090Z 
2022-12-27T11:11:58.7378300Z + /Users/runner/hostedtoolcache/Python/3.10.9/x64/bin/python -sS /Users/runner/Library/Caches/cibuildwheel/virtualenv-20.17.0.pyz --activators= --no-periodic-update --pip=22.3.1 --setuptools=65.6.3 --wheel=0.38.4 --symlink-app-data --python /Library/Frameworks/Python.framework/Versions/3.10/bin/python3 /private/var/folders/51/hd414ycd67n82196sw51xqtc0000gn/T/cibw-run-ciz70w2v/cp310-macosx_arm64/build/venv
2022-12-27T11:11:58.9397120Z created virtual environment CPython3.10.8.final.0-64 in 51ms
2022-12-27T11:11:58.9397710Z   creator CPython3Posix(dest=/private/var/folders/51/hd414ycd67n82196sw51xqtc0000gn/T/cibw-run-ciz70w2v/cp310-macosx_arm64/build/venv, clear=False, no_vcs_ignore=False, global=False)
2022-12-27T11:11:58.9398450Z   seeder FromAppData(download=False, pip=22.3.1, setuptools=65.6.3, wheel=0.38.4, via=symlink, app_data_dir=/Users/runner/Library/Application Support/virtualenv)
2022-12-27T11:11:58.9398900Z     added seed packages: pip==22.3.1, setuptools==65.6.3, wheel==0.38.4
2022-12-27T11:11:58.9530670Z + python -m pip install --upgrade pip -c /Users/runner/hostedtoolcache/Python/3.10.9/x64/lib/python3.10/site-packages/cibuildwheel/resources/constraints-python310.txt
2022-12-27T11:11:59.2283920Z Requirement already satisfied: pip in ./lib/python3.10/site-packages (22.3.1)
2022-12-27T11:11:59.3866030Z + which pip
2022-12-27T11:11:59.3886260Z /private/var/folders/51/hd414ycd67n82196sw51xqtc0000gn/T/cibw-run-ciz70w2v/cp310-macosx_arm64/build/venv/bin/pip
2022-12-27T11:11:59.3888570Z + pip --version
2022-12-27T11:11:59.5887810Z pip 22.3.1 from /private/var/folders/51/hd414ycd67n82196sw51xqtc0000gn/T/cibw-run-ciz70w2v/cp310-macosx_arm64/build/venv/lib/python3.10/site-packages/pip (python 3.10)
2022-12-27T11:11:59.6127290Z + which pip
2022-12-27T11:11:59.6157360Z + which python
2022-12-27T11:11:59.6179700Z /private/var/folders/51/hd414ycd67n82196sw51xqtc0000gn/T/cibw-run-ciz70w2v/cp310-macosx_arm64/build/venv/bin/python
2022-12-27T11:11:59.6182460Z + python --version
2022-12-27T11:11:59.6235110Z Python 3.10.8
2022-12-27T11:11:59.6238410Z + which python
2022-12-27T11:11:59.6292760Z ##[endgroup]
2022-12-27T11:11:59.6293400Z                                                               [32mâœ“ [0m0.89s
2022-12-27T11:11:59.6293960Z ##[group]Installing build tools...
2022-12-27T11:11:59.6294210Z 
2022-12-27T11:11:59.6294790Z + pip install --upgrade setuptools wheel delocate -c /Users/runner/hostedtoolcache/Python/3.10.9/x64/lib/python3.10/site-packages/cibuildwheel/resources/constraints-python310.txt
2022-12-27T11:11:59.9056880Z Requirement already satisfied: setuptools in /private/var/folders/51/hd414ycd67n82196sw51xqtc0000gn/T/cibw-run-ciz70w2v/cp310-macosx_arm64/build/venv/lib/python3.10/site-packages (65.6.3)
2022-12-27T11:12:00.0858980Z Requirement already satisfied: wheel in /private/var/folders/51/hd414ycd67n82196sw51xqtc0000gn/T/cibw-run-ciz70w2v/cp310-macosx_arm64/build/venv/lib/python3.10/site-packages (0.38.4)
2022-12-27T11:12:00.1351660Z Collecting delocate
2022-12-27T11:12:00.1374960Z   Using cached delocate-0.10.3-py3-none-any.whl (142 kB)
2022-12-27T11:12:00.1672850Z Collecting packaging>=20.9
2022-12-27T11:12:00.1692420Z   Using cached packaging-21.3-py3-none-any.whl (40 kB)
2022-12-27T11:12:00.1847690Z Collecting typing-extensions
2022-12-27T11:12:00.1865160Z   Using cached typing_extensions-4.4.0-py3-none-any.whl (26 kB)
2022-12-27T11:12:00.2206410Z Collecting pyparsing!=3.0.5,>=2.0.2
2022-12-27T11:12:00.2225870Z   Using cached pyparsing-3.0.9-py3-none-any.whl (98 kB)
2022-12-27T11:12:00.2548520Z Installing collected packages: typing-extensions, pyparsing, packaging, delocate
2022-12-27T11:12:00.3878220Z Successfully installed delocate-0.10.3 packaging-21.3 pyparsing-3.0.9 typing-extensions-4.4.0
2022-12-27T11:12:00.4386640Z ##[endgroup]
2022-12-27T11:12:00.4387380Z                                                               [32mâœ“ [0m0.81s
2022-12-27T11:12:00.4387860Z ##[group]Running before_build...
2022-12-27T11:12:00.4388020Z 
2022-12-27T11:12:00.4394640Z + pip install Cython; if [[ -f requirements.txt ]]; then pip install -r requirements.txt; fi
2022-12-27T11:12:01.0372750Z Collecting Cython
2022-12-27T11:12:01.0416840Z   Using cached Cython-0.29.32-py2.py3-none-any.whl (986 kB)
2022-12-27T11:12:01.0847240Z Installing collected packages: Cython
2022-12-27T11:12:01.4891720Z Successfully installed Cython-0.29.32
2022-12-27T11:12:01.7925940Z Requirement already satisfied: Cython>=0.26.1 in /private/var/folders/51/hd414ycd67n82196sw51xqtc0000gn/T/cibw-run-ciz70w2v/cp310-macosx_arm64/build/venv/lib/python3.10/site-packages (from -r requirements.txt (line 1)) (0.29.32)
2022-12-27T11:12:01.8495870Z ##[endgroup]
2022-12-27T11:12:01.8496490Z                                                               [32mâœ“ [0m1.41s
2022-12-27T11:12:01.8497070Z ##[group]Building wheel...
2022-12-27T11:12:01.8497240Z 
2022-12-27T11:12:01.8502500Z + python -m pip wheel /Users/runner/actions-runner/_work/python.build/python.build/build_lxml410310/lxml-4.1.0 --wheel-dir=/private/var/folders/51/hd414ycd67n82196sw51xqtc0000gn/T/cibw-run-ciz70w2v/cp310-macosx_arm64/built_wheel --no-deps -vvv
2022-12-27T11:12:02.0995410Z Created temporary directory: /private/var/folders/51/hd414ycd67n82196sw51xqtc0000gn/T/pip-ephem-wheel-cache-jy2ez6zr
2022-12-27T11:12:02.1000760Z Created temporary directory: /private/var/folders/51/hd414ycd67n82196sw51xqtc0000gn/T/pip-build-tracker-nu37f6qv
2022-12-27T11:12:02.1002750Z Initialized build tracking at /private/var/folders/51/hd414ycd67n82196sw51xqtc0000gn/T/pip-build-tracker-nu37f6qv
2022-12-27T11:12:02.1004230Z Created build tracker: /private/var/folders/51/hd414ycd67n82196sw51xqtc0000gn/T/pip-build-tracker-nu37f6qv
2022-12-27T11:12:02.1005610Z Entered build tracker: /private/var/folders/51/hd414ycd67n82196sw51xqtc0000gn/T/pip-build-tracker-nu37f6qv
2022-12-27T11:12:02.1009150Z Created temporary directory: /private/var/folders/51/hd414ycd67n82196sw51xqtc0000gn/T/pip-wheel-r47pksx1
2022-12-27T11:12:02.1014830Z Created temporary directory: /private/var/folders/51/hd414ycd67n82196sw51xqtc0000gn/T/pip-ephem-wheel-cache-0vssyi1i
2022-12-27T11:12:02.1170380Z Processing /Users/runner/actions-runner/_work/python.build/python.build/build_lxml410310/lxml-4.1.0
2022-12-27T11:12:02.1175330Z   Added file:///Users/runner/actions-runner/_work/python.build/python.build/build_lxml410310/lxml-4.1.0 to build tracker '/private/var/folders/51/hd414ycd67n82196sw51xqtc0000gn/T/pip-build-tracker-nu37f6qv'
2022-12-27T11:12:02.1178830Z   Running setup.py (path:/Users/runner/actions-runner/_work/python.build/python.build/build_lxml410310/lxml-4.1.0/setup.py) egg_info for package from file:///Users/runner/actions-runner/_work/python.build/python.build/build_lxml410310/lxml-4.1.0
2022-12-27T11:12:02.1181980Z   Created temporary directory: /private/var/folders/51/hd414ycd67n82196sw51xqtc0000gn/T/pip-pip-egg-info-4z4c13p7
2022-12-27T11:12:02.1183040Z   Preparing metadata (setup.py): started
2022-12-27T11:12:02.1185050Z   Running command python setup.py egg_info
2022-12-27T11:12:02.3941540Z   Building lxml version 4.1.0.
2022-12-27T11:12:02.3942670Z   Building without Cython.
2022-12-27T11:12:02.3943920Z   Using build configuration of libxslt 1.1.29
2022-12-27T11:12:02.3945850Z   Building against libxml2/libxslt in the following directory: /Library/Developer/CommandLineTools/SDKs/MacOSX12.1.sdk/usr/lib
2022-12-27T11:12:02.3946810Z   running egg_info
2022-12-27T11:12:02.3948910Z   creating /private/var/folders/51/hd414ycd67n82196sw51xqtc0000gn/T/pip-pip-egg-info-4z4c13p7/lxml.egg-info
2022-12-27T11:12:02.3950130Z   writing /private/var/folders/51/hd414ycd67n82196sw51xqtc0000gn/T/pip-pip-egg-info-4z4c13p7/lxml.egg-info/PKG-INFO
2022-12-27T11:12:02.3951730Z   writing dependency_links to /private/var/folders/51/hd414ycd67n82196sw51xqtc0000gn/T/pip-pip-egg-info-4z4c13p7/lxml.egg-info/dependency_links.txt
2022-12-27T11:12:02.3955900Z   writing requirements to /private/var/folders/51/hd414ycd67n82196sw51xqtc0000gn/T/pip-pip-egg-info-4z4c13p7/lxml.egg-info/requires.txt
2022-12-27T11:12:02.3957370Z   writing top-level names to /private/var/folders/51/hd414ycd67n82196sw51xqtc0000gn/T/pip-pip-egg-info-4z4c13p7/lxml.egg-info/top_level.txt
2022-12-27T11:12:02.3959250Z   writing manifest file '/private/var/folders/51/hd414ycd67n82196sw51xqtc0000gn/T/pip-pip-egg-info-4z4c13p7/lxml.egg-info/SOURCES.txt'
2022-12-27T11:12:02.4049370Z   reading manifest file '/private/var/folders/51/hd414ycd67n82196sw51xqtc0000gn/T/pip-pip-egg-info-4z4c13p7/lxml.egg-info/SOURCES.txt'
2022-12-27T11:12:02.4051990Z   reading manifest template 'MANIFEST.in'
2022-12-27T11:12:02.5026730Z   adding license file 'LICENSES.txt'
2022-12-27T11:12:02.5094890Z   writing manifest file '/private/var/folders/51/hd414ycd67n82196sw51xqtc0000gn/T/pip-pip-egg-info-4z4c13p7/lxml.egg-info/SOURCES.txt'
2022-12-27T11:12:02.5354000Z   Preparing metadata (setup.py): finished with status 'done'
2022-12-27T11:12:02.5378330Z   Source in /Users/runner/actions-runner/_work/python.build/python.build/build_lxml410310/lxml-4.1.0 has version 4.1.0, which satisfies requirement lxml==4.1.0 from file:///Users/runner/actions-runner/_work/python.build/python.build/build_lxml410310/lxml-4.1.0
2022-12-27T11:12:02.5381450Z   Removed lxml==4.1.0 from file:///Users/runner/actions-runner/_work/python.build/python.build/build_lxml410310/lxml-4.1.0 from build tracker '/private/var/folders/51/hd414ycd67n82196sw51xqtc0000gn/T/pip-build-tracker-nu37f6qv'
2022-12-27T11:12:02.5398320Z Created temporary directory: /private/var/folders/51/hd414ycd67n82196sw51xqtc0000gn/T/pip-unpack-v7ysw86i
2022-12-27T11:12:02.5400400Z Building wheels for collected packages: lxml
2022-12-27T11:12:02.5407510Z   Created temporary directory: /private/var/folders/51/hd414ycd67n82196sw51xqtc0000gn/T/pip-wheel-2f9jhca2
2022-12-27T11:12:02.5409070Z   Building wheel for lxml (setup.py): started
2022-12-27T11:12:02.5410820Z   Destination directory: /private/var/folders/51/hd414ycd67n82196sw51xqtc0000gn/T/pip-wheel-2f9jhca2
2022-12-27T11:12:02.5411940Z   Running command python setup.py bdist_wheel
2022-12-27T11:12:02.6877240Z   Building lxml version 4.1.0.
2022-12-27T11:12:02.6879180Z   Building without Cython.
2022-12-27T11:12:02.7016310Z   Using build configuration of libxslt 1.1.29
2022-12-27T11:12:02.7980960Z   Building against libxml2/libxslt in the following directory: /Library/Developer/CommandLineTools/SDKs/MacOSX12.1.sdk/usr/lib
2022-12-27T11:12:02.8229720Z   running bdist_wheel
2022-12-27T11:12:02.8266640Z   running build
2022-12-27T11:12:02.8268630Z   running build_py
2022-12-27T11:12:02.8287220Z   creating build
2022-12-27T11:12:02.8289280Z   creating build/lib.macosx-11.0-arm64-cpython-310
2022-12-27T11:12:02.8290940Z   creating build/lib.macosx-11.0-arm64-cpython-310/lxml
2022-12-27T11:12:02.8292610Z   copying src/lxml/_elementpath.py -> build/lib.macosx-11.0-arm64-cpython-310/lxml
2022-12-27T11:12:02.8294380Z   copying src/lxml/sax.py -> build/lib.macosx-11.0-arm64-cpython-310/lxml
2022-12-27T11:12:02.8296490Z   copying src/lxml/pyclasslookup.py -> build/lib.macosx-11.0-arm64-cpython-310/lxml
2022-12-27T11:12:02.8300320Z   copying src/lxml/__init__.py -> build/lib.macosx-11.0-arm64-cpython-310/lxml
2022-12-27T11:12:02.8302100Z   copying src/lxml/builder.py -> build/lib.macosx-11.0-arm64-cpython-310/lxml
2022-12-27T11:12:02.8303770Z   copying src/lxml/doctestcompare.py -> build/lib.macosx-11.0-arm64-cpython-310/lxml
2022-12-27T11:12:02.8306550Z   copying src/lxml/usedoctest.py -> build/lib.macosx-11.0-arm64-cpython-310/lxml
2022-12-27T11:12:02.8308700Z   copying src/lxml/cssselect.py -> build/lib.macosx-11.0-arm64-cpython-310/lxml
2022-12-27T11:12:02.8311120Z   copying src/lxml/ElementInclude.py -> build/lib.macosx-11.0-arm64-cpython-310/lxml
2022-12-27T11:12:02.8314820Z   creating build/lib.macosx-11.0-arm64-cpython-310/lxml/includes
2022-12-27T11:12:02.8316370Z   copying src/lxml/includes/__init__.py -> build/lib.macosx-11.0-arm64-cpython-310/lxml/includes
2022-12-27T11:12:02.8322660Z   creating build/lib.macosx-11.0-arm64-cpython-310/lxml/html
2022-12-27T11:12:02.8324190Z   copying src/lxml/html/soupparser.py -> build/lib.macosx-11.0-arm64-cpython-310/lxml/html
2022-12-27T11:12:02.8327300Z   copying src/lxml/html/defs.py -> build/lib.macosx-11.0-arm64-cpython-310/lxml/html
2022-12-27T11:12:02.8329290Z   copying src/lxml/html/_setmixin.py -> build/lib.macosx-11.0-arm64-cpython-310/lxml/html
2022-12-27T11:12:02.8331830Z   copying src/lxml/html/clean.py -> build/lib.macosx-11.0-arm64-cpython-310/lxml/html
2022-12-27T11:12:02.8333940Z   copying src/lxml/html/_diffcommand.py -> build/lib.macosx-11.0-arm64-cpython-310/lxml/html
2022-12-27T11:12:02.8336850Z   copying src/lxml/html/html5parser.py -> build/lib.macosx-11.0-arm64-cpython-310/lxml/html
2022-12-27T11:12:02.8339090Z   copying src/lxml/html/__init__.py -> build/lib.macosx-11.0-arm64-cpython-310/lxml/html
2022-12-27T11:12:02.8342040Z   copying src/lxml/html/formfill.py -> build/lib.macosx-11.0-arm64-cpython-310/lxml/html
2022-12-27T11:12:02.8344660Z   copying src/lxml/html/builder.py -> build/lib.macosx-11.0-arm64-cpython-310/lxml/html
2022-12-27T11:12:02.8346440Z   copying src/lxml/html/ElementSoup.py -> build/lib.macosx-11.0-arm64-cpython-310/lxml/html
2022-12-27T11:12:02.8348920Z   copying src/lxml/html/_html5builder.py -> build/lib.macosx-11.0-arm64-cpython-310/lxml/html
2022-12-27T11:12:02.8352420Z   copying src/lxml/html/usedoctest.py -> build/lib.macosx-11.0-arm64-cpython-310/lxml/html
2022-12-27T11:12:02.8354330Z   copying src/lxml/html/diff.py -> build/lib.macosx-11.0-arm64-cpython-310/lxml/html
2022-12-27T11:12:02.8358110Z   creating build/lib.macosx-11.0-arm64-cpython-310/lxml/isoschematron
2022-12-27T11:12:02.8359440Z   copying src/lxml/isoschematron/__init__.py -> build/lib.macosx-11.0-arm64-cpython-310/lxml/isoschematron
2022-12-27T11:12:02.8385250Z   copying src/lxml/etree.h -> build/lib.macosx-11.0-arm64-cpython-310/lxml
2022-12-27T11:12:02.8388670Z   copying src/lxml/etree_api.h -> build/lib.macosx-11.0-arm64-cpython-310/lxml
2022-12-27T11:12:02.8392240Z   copying src/lxml/lxml.etree.h -> build/lib.macosx-11.0-arm64-cpython-310/lxml
2022-12-27T11:12:02.8394620Z   copying src/lxml/lxml.etree_api.h -> build/lib.macosx-11.0-arm64-cpython-310/lxml
2022-12-27T11:12:02.8397030Z   copying src/lxml/includes/xmlerror.pxd -> build/lib.macosx-11.0-arm64-cpython-310/lxml/includes
2022-12-27T11:12:02.8400520Z   copying src/lxml/includes/c14n.pxd -> build/lib.macosx-11.0-arm64-cpython-310/lxml/includes
2022-12-27T11:12:02.8403260Z   copying src/lxml/includes/xmlschema.pxd -> build/lib.macosx-11.0-arm64-cpython-310/lxml/includes
2022-12-27T11:12:02.8405400Z   copying src/lxml/includes/__init__.pxd -> build/lib.macosx-11.0-arm64-cpython-310/lxml/includes
2022-12-27T11:12:02.8407180Z   copying src/lxml/includes/schematron.pxd -> build/lib.macosx-11.0-arm64-cpython-310/lxml/includes
2022-12-27T11:12:02.8410170Z   copying src/lxml/includes/tree.pxd -> build/lib.macosx-11.0-arm64-cpython-310/lxml/includes
2022-12-27T11:12:02.8412970Z   copying src/lxml/includes/uri.pxd -> build/lib.macosx-11.0-arm64-cpython-310/lxml/includes
2022-12-27T11:12:02.8415460Z   copying src/lxml/includes/etreepublic.pxd -> build/lib.macosx-11.0-arm64-cpython-310/lxml/includes
2022-12-27T11:12:02.8418760Z   copying src/lxml/includes/xpath.pxd -> build/lib.macosx-11.0-arm64-cpython-310/lxml/includes
2022-12-27T11:12:02.8421070Z   copying src/lxml/includes/htmlparser.pxd -> build/lib.macosx-11.0-arm64-cpython-310/lxml/includes
2022-12-27T11:12:02.8423650Z   copying src/lxml/includes/xslt.pxd -> build/lib.macosx-11.0-arm64-cpython-310/lxml/includes
2022-12-27T11:12:02.8426830Z   copying src/lxml/includes/config.pxd -> build/lib.macosx-11.0-arm64-cpython-310/lxml/includes
2022-12-27T11:12:02.8428990Z   copying src/lxml/includes/xmlparser.pxd -> build/lib.macosx-11.0-arm64-cpython-310/lxml/includes
2022-12-27T11:12:02.8432410Z   copying src/lxml/includes/xinclude.pxd -> build/lib.macosx-11.0-arm64-cpython-310/lxml/includes
2022-12-27T11:12:02.8434320Z   copying src/lxml/includes/dtdvalid.pxd -> build/lib.macosx-11.0-arm64-cpython-310/lxml/includes
2022-12-27T11:12:02.8437650Z   copying src/lxml/includes/relaxng.pxd -> build/lib.macosx-11.0-arm64-cpython-310/lxml/includes
2022-12-27T11:12:02.8440100Z   copying src/lxml/includes/lxml-version.h -> build/lib.macosx-11.0-arm64-cpython-310/lxml/includes
2022-12-27T11:12:02.8442730Z   copying src/lxml/includes/etree_defs.h -> build/lib.macosx-11.0-arm64-cpython-310/lxml/includes
2022-12-27T11:12:02.8446040Z   creating build/lib.macosx-11.0-arm64-cpython-310/lxml/isoschematron/resources
2022-12-27T11:12:02.8447500Z   creating build/lib.macosx-11.0-arm64-cpython-310/lxml/isoschematron/resources/rng
2022-12-27T11:12:02.8448720Z   copying src/lxml/isoschematron/resources/rng/iso-schematron.rng -> build/lib.macosx-11.0-arm64-cpython-310/lxml/isoschematron/resources/rng
2022-12-27T11:12:02.8451210Z   creating build/lib.macosx-11.0-arm64-cpython-310/lxml/isoschematron/resources/xsl
2022-12-27T11:12:02.8453320Z   copying src/lxml/isoschematron/resources/xsl/XSD2Schtrn.xsl -> build/lib.macosx-11.0-arm64-cpython-310/lxml/isoschematron/resources/xsl
2022-12-27T11:12:02.8455000Z   copying src/lxml/isoschematron/resources/xsl/RNG2Schtrn.xsl -> build/lib.macosx-11.0-arm64-cpython-310/lxml/isoschematron/resources/xsl
2022-12-27T11:12:02.8457600Z   creating build/lib.macosx-11.0-arm64-cpython-310/lxml/isoschematron/resources/xsl/iso-schematron-xslt1
2022-12-27T11:12:02.8459430Z   copying src/lxml/isoschematron/resources/xsl/iso-schematron-xslt1/iso_abstract_expand.xsl -> build/lib.macosx-11.0-arm64-cpython-310/lxml/isoschematron/resources/xsl/iso-schematron-xslt1
2022-12-27T11:12:02.8462640Z   copying src/lxml/isoschematron/resources/xsl/iso-schematron-xslt1/iso_dsdl_include.xsl -> build/lib.macosx-11.0-arm64-cpython-310/lxml/isoschematron/resources/xsl/iso-schematron-xslt1
2022-12-27T11:12:02.8465160Z   copying src/lxml/isoschematron/resources/xsl/iso-schematron-xslt1/iso_schematron_skeleton_for_xslt1.xsl -> build/lib.macosx-11.0-arm64-cpython-310/lxml/isoschematron/resources/xsl/iso-schematron-xslt1
2022-12-27T11:12:02.8468890Z   copying src/lxml/isoschematron/resources/xsl/iso-schematron-xslt1/iso_svrl_for_xslt1.xsl -> build/lib.macosx-11.0-arm64-cpython-310/lxml/isoschematron/resources/xsl/iso-schematron-xslt1
2022-12-27T11:12:02.8471130Z   copying src/lxml/isoschematron/resources/xsl/iso-schematron-xslt1/iso_schematron_message.xsl -> build/lib.macosx-11.0-arm64-cpython-310/lxml/isoschematron/resources/xsl/iso-schematron-xslt1
2022-12-27T11:12:02.8474440Z   copying src/lxml/isoschematron/resources/xsl/iso-schematron-xslt1/readme.txt -> build/lib.macosx-11.0-arm64-cpython-310/lxml/isoschematron/resources/xsl/iso-schematron-xslt1
2022-12-27T11:12:02.8485990Z   running build_ext
2022-12-27T11:12:02.8515970Z   building 'lxml.etree' extension
2022-12-27T11:12:02.8518320Z   creating build/temp.macosx-11.0-arm64-cpython-310
2022-12-27T11:12:02.8519810Z   creating build/temp.macosx-11.0-arm64-cpython-310/src
2022-12-27T11:12:02.8521600Z   creating build/temp.macosx-11.0-arm64-cpython-310/src/lxml
2022-12-27T11:12:02.8524550Z   clang -Wno-unused-result -Wsign-compare -Wunreachable-code -fno-common -dynamic -DNDEBUG -g -fwrapv -O3 -Wall -g -I/usr/local/opt/openssl@3/include -I/usr/local/opt/openssl@3/include -arch arm64 -DCYTHON_CLINE_IN_TRACEBACK=1 -I/Library/Developer/CommandLineTools/SDKs/MacOSX12.1.sdk/usr/include -Isrc -Isrc/lxml/includes -I/private/var/folders/51/hd414ycd67n82196sw51xqtc0000gn/T/cibw-run-ciz70w2v/cp310-macosx_arm64/build/venv/include -I/Library/Frameworks/Python.framework/Versions/3.10/include/python3.10 -c src/lxml/etree.c -o build/temp.macosx-11.0-arm64-cpython-310/src/lxml/etree.o -w -flat_namespace
2022-12-27T11:12:03.5792690Z   src/lxml/etree.c:210538:5: error: expression is not assignable
2022-12-27T11:12:03.5856860Z       ++Py_REFCNT(o);
2022-12-27T11:12:03.5857480Z       ^ ~~~~~~~~~~~~
2022-12-27T11:12:03.5857740Z   src/lxml/etree.c:210540:5: error: expression is not assignable
2022-12-27T11:12:03.5858220Z       --Py_REFCNT(o);
2022-12-27T11:12:03.5858490Z       ^ ~~~~~~~~~~~~
2022-12-27T11:12:03.5858760Z   src/lxml/etree.c:211490:5: error: expression is not assignable
2022-12-27T11:12:03.5859000Z       ++Py_REFCNT(o);
2022-12-27T11:12:03.5859160Z       ^ ~~~~~~~~~~~~
2022-12-27T11:12:03.5859370Z   src/lxml/etree.c:211492:5: error: expression is not assignable
2022-12-27T11:12:03.5859650Z       --Py_REFCNT(o);
2022-12-27T11:12:03.5859860Z       ^ ~~~~~~~~~~~~
2022-12-27T11:12:03.5860090Z   src/lxml/etree.c:211801:5: error: expression is not assignable
2022-12-27T11:12:03.5860340Z       ++Py_REFCNT(o);
2022-12-27T11:12:03.5860540Z       ^ ~~~~~~~~~~~~
2022-12-27T11:12:03.5860940Z   src/lxml/etree.c:211803:5: error: expression is not assignable
2022-12-27T11:12:03.5861310Z       --Py_REFCNT(o);
2022-12-27T11:12:03.5861530Z       ^ ~~~~~~~~~~~~
2022-12-27T11:12:03.5896780Z   src/lxml/etree.c:213363:5: error: expression is not assignable
2022-12-27T11:12:03.5897700Z       ++Py_REFCNT(o);
2022-12-27T11:12:03.5899110Z       ^ ~~~~~~~~~~~~
2022-12-27T11:12:03.5901370Z   src/lxml/etree.c:213365:5: error: expression is not assignable
2022-12-27T11:12:03.5902040Z       --Py_REFCNT(o);
2022-12-27T11:12:03.5903160Z       ^ ~~~~~~~~~~~~
2022-12-27T11:12:03.6032780Z   src/lxml/etree.c:217394:5: error: expression is not assignable
2022-12-27T11:12:03.6033890Z       ++Py_REFCNT(o);
2022-12-27T11:12:03.6035740Z       ^ ~~~~~~~~~~~~
2022-12-27T11:12:03.6037400Z   src/lxml/etree.c:217396:5: error: expression is not assignable
2022-12-27T11:12:03.6038860Z       --Py_REFCNT(o);
2022-12-27T11:12:03.6040340Z       ^ ~~~~~~~~~~~~
2022-12-27T11:12:03.6048760Z   src/lxml/etree.c:217752:5: error: expression is not assignable
2022-12-27T11:12:03.6049850Z       ++Py_REFCNT(o);
2022-12-27T11:12:03.6051330Z       ^ ~~~~~~~~~~~~
2022-12-27T11:12:03.6052320Z   src/lxml/etree.c:217754:5: error: expression is not assignable
2022-12-27T11:12:03.6053820Z       --Py_REFCNT(o);
2022-12-27T11:12:03.6054790Z       ^ ~~~~~~~~~~~~
2022-12-27T11:12:03.6058610Z   src/lxml/etree.c:217985:5: error: expression is not assignable
2022-12-27T11:12:03.6059430Z       ++Py_REFCNT(o);
2022-12-27T11:12:03.6060800Z       ^ ~~~~~~~~~~~~
2022-12-27T11:12:03.6062170Z   src/lxml/etree.c:217987:5: error: expression is not assignable
2022-12-27T11:12:03.6063380Z       --Py_REFCNT(o);
2022-12-27T11:12:03.6064490Z       ^ ~~~~~~~~~~~~
2022-12-27T11:12:03.6065830Z   src/lxml/etree.c:218165:5: error: expression is not assignable
2022-12-27T11:12:03.6066940Z       ++Py_REFCNT(o);
2022-12-27T11:12:03.6068170Z       ^ ~~~~~~~~~~~~
2022-12-27T11:12:03.6069530Z   src/lxml/etree.c:218167:5: error: expression is not assignable
2022-12-27T11:12:03.6070650Z       --Py_REFCNT(o);
2022-12-27T11:12:03.6071760Z       ^ ~~~~~~~~~~~~
2022-12-27T11:12:03.6138120Z   src/lxml/etree.c:219869:5: error: expression is not assignable
2022-12-27T11:12:03.6139630Z       ++Py_REFCNT(o);
2022-12-27T11:12:03.6141100Z       ^ ~~~~~~~~~~~~
2022-12-27T11:12:03.6142850Z   src/lxml/etree.c:219871:5: error: expression is not assignable
2022-12-27T11:12:03.6144280Z       --Py_REFCNT(o);
2022-12-27T11:12:03.6145250Z       ^ ~~~~~~~~~~~~
2022-12-27T11:12:03.6233430Z   src/lxml/etree.c:221977:5: error: expression is not assignable
2022-12-27T11:12:03.6235010Z       ++Py_REFCNT(o);
2022-12-27T11:12:03.6236690Z       ^ ~~~~~~~~~~~~
2022-12-27T11:12:03.6238330Z   fatal error: too many errors emitted, stopping now [-ferror-limit=]
2022-12-27T11:12:03.7750410Z   20 errors generated.
2022-12-27T11:12:03.7796570Z   Compile failed: command '/usr/bin/clang' failed with exit code 1
2022-12-27T11:12:03.8526230Z   creating var
2022-12-27T11:12:03.8528020Z   creating var/folders
2022-12-27T11:12:03.8529910Z   creating var/folders/51
2022-12-27T11:12:03.8531600Z   creating var/folders/51/hd414ycd67n82196sw51xqtc0000gn
2022-12-27T11:12:03.8533070Z   creating var/folders/51/hd414ycd67n82196sw51xqtc0000gn/T
2022-12-27T11:12:03.8535380Z   cc -arch arm64 -I/Library/Developer/CommandLineTools/SDKs/MacOSX12.1.sdk/usr/include -I/usr/include/libxml2 -c /var/folders/51/hd414ycd67n82196sw51xqtc0000gn/T/xmlXPathInito5aj_vpt.c -o var/folders/51/hd414ycd67n82196sw51xqtc0000gn/T/xmlXPathInito5aj_vpt.o
2022-12-27T11:12:03.8964060Z   cc -arch arm64 var/folders/51/hd414ycd67n82196sw51xqtc0000gn/T/xmlXPathInito5aj_vpt.o -L/Library/Developer/CommandLineTools/SDKs/MacOSX12.1.sdk/usr/lib -lxml2 -o a.out
2022-12-27T11:12:03.9364430Z   error: command '/usr/bin/clang' failed with exit code 1
2022-12-27T11:12:03.9739380Z   error: subprocess-exited-with-error
2022-12-27T11:12:03.9739890Z   
2022-12-27T11:12:03.9740460Z   Ã— python setup.py bdist_wheel did not run successfully.
2022-12-27T11:12:03.9741010Z   â”‚ exit code: 1
2022-12-27T11:12:03.9741430Z   â•°â”€> See above for output.
2022-12-27T11:12:03.9741730Z   
2022-12-27T11:12:03.9742070Z   note: This error originates from a subprocess, and is likely not a problem with pip.
2022-12-27T11:12:03.9748290Z   full command: /private/var/folders/51/hd414ycd67n82196sw51xqtc0000gn/T/cibw-run-ciz70w2v/cp310-macosx_arm64/build/venv/bin/python -u -c '
2022-12-27T11:12:03.9749190Z   exec(compile('"'"''"'"''"'"'
2022-12-27T11:12:03.9749720Z   # This is <pip-setuptools-caller> -- a caller that pip uses to run setup.py
2022-12-27T11:12:03.9750010Z   #
2022-12-27T11:12:03.9750460Z   # - It imports setuptools before invoking setup.py, to enable projects that directly
2022-12-27T11:12:03.9750910Z   #   import from `distutils.core` to work with newer packaging standards.
2022-12-27T11:12:03.9751450Z   # - It provides a clear error message when setuptools is not installed.
2022-12-27T11:12:03.9752010Z   # - It sets `sys.argv[0]` to the underlying `setup.py`, when invoking `setup.py` so
2022-12-27T11:12:03.9752660Z   #   setuptools doesn'"'"'t think the script is `-c`. This avoids the following warning:
2022-12-27T11:12:03.9753480Z   #     manifest_maker: standard file '"'"'-c'"'"' not found".
2022-12-27T11:12:03.9754020Z   # - It generates a shim setup.py, for handling setup.cfg-only projects.
2022-12-27T11:12:03.9754370Z   import os, sys, tokenize
2022-12-27T11:12:03.9754570Z   
2022-12-27T11:12:03.9754760Z   try:
2022-12-27T11:12:03.9754920Z       import setuptools
2022-12-27T11:12:03.9755140Z   except ImportError as error:
2022-12-27T11:12:03.9755340Z       print(
2022-12-27T11:12:03.9755570Z           "ERROR: Can not execute `setup.py` since setuptools is not available in "
2022-12-27T11:12:03.9755990Z           "the build environment.",
2022-12-27T11:12:03.9756200Z           file=sys.stderr,
2022-12-27T11:12:03.9756360Z       )
2022-12-27T11:12:03.9756530Z       sys.exit(1)
2022-12-27T11:12:03.9756710Z   
2022-12-27T11:12:03.9756840Z   __file__ = %r
2022-12-27T11:12:03.9757010Z   sys.argv[0] = __file__
2022-12-27T11:12:03.9757190Z   
2022-12-27T11:12:03.9757350Z   if os.path.exists(__file__):
2022-12-27T11:12:03.9757520Z       filename = __file__
2022-12-27T11:12:03.9757860Z   Building wheel for lxml (setup.py): finished with status 'error'
2022-12-27T11:12:03.9758080Z   Running setup.py clean for lxml
2022-12-27T11:12:03.9758320Z       with tokenize.open(__file__) as f:
2022-12-27T11:12:03.9758550Z           setup_py_code = f.read()
2022-12-27T11:12:03.9758730Z   else:
2022-12-27T11:12:03.9758940Z       filename = "<auto-generated setuptools caller>"
2022-12-27T11:12:03.9759420Z       setup_py_code = "from setuptools import setup; setup()"
2022-12-27T11:12:03.9759640Z   
2022-12-27T11:12:03.9759820Z   exec(compile(setup_py_code, filename, "exec"))
2022-12-27T11:12:03.9760430Z   '"'"''"'"''"'"' % ('"'"'/Users/runner/actions-runner/_work/python.build/python.build/build_lxml410310/lxml-4.1.0/setup.py'"'"',), "<pip-setuptools-caller>", "exec"))' bdist_wheel -d /private/var/folders/51/hd414ycd67n82196sw51xqtc0000gn/T/pip-wheel-2f9jhca2
2022-12-27T11:12:03.9761030Z   cwd: /Users/runner/actions-runner/_work/python.build/python.build/build_lxml410310/lxml-4.1.0/
2022-12-27T11:12:03.9761320Z   ERROR: Failed building wheel for lxml
2022-12-27T11:12:03.9761520Z   Running command python setup.py clean
2022-12-27T11:12:04.1199010Z   Building lxml version 4.1.0.
2022-12-27T11:12:04.1201400Z   Building without Cython.
2022-12-27T11:12:04.1336350Z   Using build configuration of libxslt 1.1.29
2022-12-27T11:12:04.2284910Z   Building against libxml2/libxslt in the following directory: /Library/Developer/CommandLineTools/SDKs/MacOSX12.1.sdk/usr/lib
2022-12-27T11:12:04.2441550Z   running clean
2022-12-27T11:12:04.2466100Z   removing 'build/temp.macosx-11.0-arm64-cpython-310' (and everything under it)
2022-12-27T11:12:04.2470880Z   removing 'build/lib.macosx-11.0-arm64-cpython-310' (and everything under it)
2022-12-27T11:12:04.2519450Z   'build/bdist.macosx-11.0-arm64' does not exist -- can't clean it
2022-12-27T11:12:04.2521220Z   'build/scripts-3.10' does not exist -- can't clean it
2022-12-27T11:12:04.2522950Z   removing 'build'
2022-12-27T11:12:04.2769160Z Failed to build lxml
2022-12-27T11:12:04.2773320Z ERROR: Failed to build one or more wheels
2022-12-27T11:12:04.2782100Z Exception information:
2022-12-27T11:12:04.2782370Z Traceback (most recent call last):
2022-12-27T11:12:04.2790940Z   File "/private/var/folders/51/hd414ycd67n82196sw51xqtc0000gn/T/cibw-run-ciz70w2v/cp310-macosx_arm64/build/venv/lib/python3.10/site-packages/pip/_internal/cli/base_command.py", line 160, in exc_logging_wrapper
2022-12-27T11:12:04.2791500Z     status = run_func(*args)
2022-12-27T11:12:04.2792330Z   File "/private/var/folders/51/hd414ycd67n82196sw51xqtc0000gn/T/cibw-run-ciz70w2v/cp310-macosx_arm64/build/venv/lib/python3.10/site-packages/pip/_internal/cli/req_command.py", line 247, in wrapper
2022-12-27T11:12:04.2792740Z     return func(self, options, args)
2022-12-27T11:12:04.2793380Z   File "/private/var/folders/51/hd414ycd67n82196sw51xqtc0000gn/T/cibw-run-ciz70w2v/cp310-macosx_arm64/build/venv/lib/python3.10/site-packages/pip/_internal/commands/wheel.py", line 201, in run
2022-12-27T11:12:04.2793860Z     raise CommandError("Failed to build one or more wheels")
2022-12-27T11:12:04.2794250Z pip._internal.exceptions.CommandError: Failed to build one or more wheels
2022-12-27T11:12:04.2794810Z Removed build tracker: '/private/var/folders/51/hd414ycd67n82196sw51xqtc0000gn/T/pip-build-tracker-nu37f6qv'
2022-12-27T11:12:04.3204230Z ##[endgroup]
2022-12-27T11:12:04.3228580Z ##[error]Command ['python', '-m', 'pip', 'wheel', '/Users/runner/actions-runner/_work/python.build/python.build/build_lxml410310/lxml-4.1.0', '--wheel-dir=/private/var/folders/51/hd414ycd67n82196sw51xqtc0000gn/T/cibw-run-ciz70w2v/cp310-macosx_arm64/built_wheel', '--no-deps', '-vvv'] failed with code 1. None
2022-12-27T11:12:04.3234360Z 
2022-12-27T11:12:04.3234670Z                                                               [31mâœ• [0m2.47s
2022-12-27T11:12:04.3679740Z ##[error]Process completed with exit code 1.
2022-12-27T11:12:04.3710320Z ##[group]Run rm -rf build_lxml410310 wheelsout
2022-12-27T11:12:04.3710490Z [36;1mrm -rf build_lxml410310 wheelsout[0m
2022-12-27T11:12:04.3725460Z shell: /bin/bash -e {0}
2022-12-27T11:12:04.3725570Z env:
2022-12-27T11:12:04.3725720Z   pythonLocation: /Users/runner/hostedtoolcache/Python/3.10.9/x64
2022-12-27T11:12:04.3725910Z   PKG_CONFIG_PATH: /Users/runner/hostedtoolcache/Python/3.10.9/x64/lib/pkgconfig
2022-12-27T11:12:04.3726090Z   Python_ROOT_DIR: /Users/runner/hostedtoolcache/Python/3.10.9/x64
2022-12-27T11:12:04.3726430Z   Python2_ROOT_DIR: /Users/runner/hostedtoolcache/Python/3.10.9/x64
2022-12-27T11:12:04.3726590Z   Python3_ROOT_DIR: /Users/runner/hostedtoolcache/Python/3.10.9/x64
2022-12-27T11:12:04.3726720Z ##[endgroup]
2022-12-27T11:12:04.4295500Z Cleaning up orphan processes
